<?xml version="1.0" encoding="UTF-8" ?>
<testsuite errors="0" failures="0" hostname="travis-job-333ea9d2-7cf9-464d-98fe-591009b3dfec" name="ptolemy.domains.de.test.junit.JUnitTclTest" skipped="0" tests="101" time="133.976" timestamp="2019-08-05T20:06:05">
  <properties>
    <property name="npm.executable" value="npm" />
    <property name="env.TRAVIS_ROOT" value="/" />
    <property name="ptII.mk.exists" value="true" />
    <property name="env.TRAVIS_APP_HOST" value="build.travis-ci.org" />
    <property name="env.rvm_bin_path" value="/home/travis/.rvm/bin" />
    <property name="java.home" value="/usr/local/lib/jvm/openjdk11" />
    <property name="env.TRAVIS_JOB_NUMBER" value="1287.9" />
    <property name="env.TRAVIS_HOME" value="/home/travis" />
    <property name="env.DISPLAY" value=":99.0" />
    <property name="env.TRAVIS_INIT" value="systemd" />
    <property name="env.SSH_TTY" value="/dev/pts/0" />
    <property name="java.net.preferIPv4Stack" value="true" />
    <property name="env.RUN_TESTS" value="true" />
    <property name="timeout.short" value="1000000" />
    <property name="junit.formatter" value="xml" />
    <property name="env.TRAVIS_SUDO" value="true" />
    <property name="env.TRAVIS_JOB_NAME" value="" />
    <property name="env.TRAVIS_STACK_NODE_ATTRIBUTES" value="/.node-attributes.yml" />
    <property name="env.LOGNAME" value="travis" />
    <property name="jsdoc.home" value="node_modules/@terraswarm/jsdoc" />
    <property name="debuglevel" value="source,lines,vars" />
    <property name="checkstyle.formatter" value="xml" />
    <property name="env._system_version" value="16.04" />
    <property name="bin.vergil.makeable" value="true" />
    <property name="sun.os.patch.level" value="unknown" />
    <property name="java.vendor.url" value="http://java.oracle.com/" />
    <property name="env.TRAVIS_BUILD_WEB_URL" value="https://travis-ci.org/icyphy/ptII/builds/567997127" />
    <property name="java.version" value="11.0.2" />
    <property name="env.TZ" value="UTC" />
    <property name="env.TRAVIS_PULL_REQUEST_SHA" value="" />
    <property name="env.PT_NO_NET" value="true" />
    <property name="env.TRAVIS_SECURE_ENV_VARS" value="true" />
    <property name="env._system_type" value="Linux" />
    <property name="java.vendor.url.bug" value="http://bugreport.java.com/bugreport/" />
    <property name="npmjs-org-is-up" value="true" />
    <property name="env.LANGUAGE" value="en_US.UTF-8" />
    <property name="env.SSH_CLIENT" value="10.24.12.12 36622 22" />
    <property name="env.GEM_HOME" value="/home/travis/.rvm/gems/ruby-2.5.3" />
    <property name="env.HAS_ANTARES_THREE_LITTLE_FRONZIES_BADGE" value="true" />
    <property name="java.version.date" value="2019-01-15" />
    <property name="env.PS4" value="+" />
    <property name="ant.project.invoked-targets" value="build,test.core2.xml" />
    <property name="env.TRAVIS_PULL_REQUEST_BRANCH" value="" />
    <property name="env.TRAVIS_REPO_SLUG" value="icyphy/ptII" />
    <property name="env.XDG_DATA_DIRS" value="/usr/local/share:/usr/share:/var/lib/snapd/desktop" />
    <property name="jdk.debug" value="release" />
    <property name="env.TRAVIS_APT_PROXY" value="http://apt.cache.travis-ci.com" />
    <property name="node.in.path" value="true" />
    <property name="user.name" value="travis" />
    <property name="java.maxmemory" value="1400m" />
    <property name="env.RUBY_VERSION" value="ruby-2.5.3" />
    <property name="env.LANG" value="en_US.UTF-8" />
    <property name="sun.io.unicode.encoding" value="UnicodeLittle" />
    <property name="sun.jnu.encoding" value="UTF-8" />
    <property name="java.runtime.name" value="OpenJDK Runtime Environment" />
    <property name="usefile" value="false" />
    <property name="return.code" value="0" />
    <property name="junit.single.formatter" value="plain" />
    <property name="env.DYLD_LIBRARY_PATH" value="/home/travis/pthla/certi-tools/lib:" />
    <property name="env.DEBIAN_FRONTEND" value="noninteractive" />
    <property name="env.SSH_CONNECTION" value="10.24.12.12 36622 10.20.2.73 22" />
    <property name="env.MYSQL_UNIX_PORT" value="/var/run/mysqld/mysqld.sock" />
    <property name="env.LC_ALL" value="en_US.UTF-8" />
    <property name="env.TRAVIS_ALLOW_FAILURE" value="false" />
    <property name="env.TRAVIS_JOB_WEB_URL" value="https://travis-ci.org/icyphy/ptII/jobs/567997136" />
    <property name="java.specification.name" value="Java Platform API Specification" />
    <property name="node.works" value="true" />
    <property name="user.timezone" value="" />
    <property name="path.separator" value=":" />
    <property name="env.TRAVIS_ENABLE_INFRA_DETECTION" value="true" />
    <property name="env.PYTHON_CFLAGS" value="-g -fstack-protector --param=ssp-buffer-size=4 -Wformat -Werror=format-security" />
    <property name="timeout.long" value="4000000" />
    <property name="env.CERTI_HOME" value="/home/travis/pthla/certi-tools" />
    <property name="ant.file.ptII" value="/home/travis/build/icyphy/ptII/build.xml" />
    <property name="javadoc.packagenames" value="com.*,diva.*,lbnl.*,org.hlacerti.*,org.json.*,org.ptolemy.*,org.terraswarm.*,ptolemy.*,ptserver.*" />
    <property name="file.encoding" value="UTF-8" />
    <property name="env.TRAVIS_PULL_REQUEST_SLUG" value="" />
    <property name="ant.project.default-target" value="build" />
    <property name="env.GIT_ASKPASS" value="echo" />
    <property name="env.HOME" value="/home/travis" />
    <property name="sun.java.command" value="org.apache.tools.ant.taskdefs.optional.junit.JUnitTestRunner ptolemy.domains.de.test.junit.JUnitTclTest skipNonTests=false filtertrace=true haltOnError=false haltOnFailure=false formatter=org.apache.tools.ant.taskdefs.optional.junit.OutErrSummaryJUnitResultFormatter showoutput=true outputtoformatters=true logfailedtests=true threadid=0 logtestlistenerevents=false formatter=org.apache.tools.ant.taskdefs.optional.junit.XMLJUnitResultFormatter,/home/travis/build/icyphy/ptII/reports/junit/TEST-ptolemy.domains.de.test.junit.JUnitTclTest.xml crashfile=/home/travis/build/icyphy/ptII/junitvmwatcher15418696697041234900.properties propsfile=/home/travis/build/icyphy/ptII/junit15079284508952931067.properties" />
    <property name="env.COMPOSER_NO_INTERACTION" value="1" />
    <property name="env.MANPATH" value="/home/travis/.nvm/versions/node/v7.10.1/share/man:/home/travis/.rvm/rubies/ruby-2.5.3/share/man:/usr/local/cmake-3.12.4/man:/usr/local/clang-7.0.0/share/man:/usr/local/man:/usr/local/share/man:/usr/share/man:/home/travis/.rvm/man" />
    <property name="env.TRAVIS_TIMER_ID" value="0c028596" />
    <property name="ant.file" value="/home/travis/build/icyphy/ptII/build.xml" />
    <property name="env.TRAVIS_COMMIT_RANGE" value="5ce035d1dd58...f9c12c6b2ccb" />
    <property name="env._system_name" value="Ubuntu" />
    <property name="ptII.classpath.optional.property" value="/home/travis/build/icyphy/ptII/lib/bsh-2.0b4.jar:/home/travis/build/icyphy/ptII/lib/ptCal.jar:/home/travis/build/icyphy/ptII/lib/java_cup.jar:/home/travis/build/icyphy/ptII/lib/saxon8.jar:/home/travis/build/icyphy/ptII/lib/saxon8-dom.jar:/home/travis/build/icyphy/ptII/lib/chic.jar:/home/travis/build/icyphy/ptII/lib/ptcolt.jar:/home/travis/build/icyphy/ptII/vendors/misc/itext/iText.jar:/home/travis/build/icyphy/ptII/lib/g4ltl.jar:/home/travis/build/icyphy/ptII/lib/StructuralCoder.jar:/home/travis/build/icyphy/ptII/lib/jcerti.jar:/home/travis/build/icyphy/ptII/lib/javax.mail.jar:/home/travis/build/icyphy/ptII/vendors/JMF-2.1.1e/lib/jmf.jar:/home/travis/build/icyphy/ptII/lib/jna-4.0.0-variadic.jar:/home/travis/build/icyphy/ptII/vendors/misc/joystick/Joystick.jar:/home/travis/build/icyphy/ptII/lib/ptjacl.jar:/home/travis/build/icyphy/ptII/lib/jsoup-1.8.2.jar:/home/travis/build/icyphy/ptII/lib/junit-4.8.2.jar:/home/travis/build/icyphy/ptII/lib/JUnitParams-0.4.0.jar:/home/travis/build/icyphy/ptII/ptolemy/actor/lib/excel/jxl.jar:/home/travis/build/icyphy/ptII/lib/jython.jar:/home/travis/build/icyphy/ptII/lib/kieler.jar:/home/travis/build/icyphy/ptII/vendors/opencv/share/OpenCV/java/opencv-341.jar:/home/travis/build/icyphy/ptII/lib/oscP5.jar:/home/travis/build/icyphy/ptII/lib/nrjavaserial-3.11.0.devel.jar:/home/travis/build/icyphy/ptII/vendors/j3d/lib/Linux/j3dcore.jar:/home/travis/build/icyphy/ptII/vendors/j3d/lib/Linux/j3dutils.jar:/home/travis/build/icyphy/ptII/vendors/j3d/lib/Linux/vecmath.jar:/home/travis/build/icyphy/ptII/vendors/jogl/lib/Linux/gluegen-rt-natives-linux-amd64.jar:/home/travis/build/icyphy/ptII/vendors/jogl/lib/Linux/gluegen-rt.jar:/home/travis/build/icyphy/ptII/vendors/jogl/lib/Linux/jogl-all-natives-linux-amd64.jar:/home/travis/build/icyphy/ptII/vendors/jogl/lib/Linux/jogl-all.jar:/home/travis/build/icyphy/ptII/ptolemy/distributed/jini/jar/jini-core.jar:/home/travis/build/icyphy/ptII/ptolemy/distributed/jini/jar/jini-ext.jar:/home/travis/build/icyphy/ptII/ptolemy/distributed/jini/jar/sun-util.jar:/home/travis/build/icyphy/ptII/lib/protobuf-java-2.4.1.jar:/home/travis/build/icyphy/ptII/lib/org.eclipse.paho.client.mqttv3.jar:/home/travis/build/icyphy/ptII/lib/mapss.jar:/home/travis/build/icyphy/ptII/ptolemy/actor/ptalon/antlr/antlr.jar:/home/travis/build/icyphy/ptII/lib/JRI.jar:/home/travis/build/icyphy/ptII/lib/commons-lang-2.6.jar:/home/travis/build/icyphy/ptII/lib/commons-logging-1.1.1.jar:/home/travis/build/icyphy/ptII/lib/sootclasses.jar:/home/travis/build/icyphy/ptII/ptolemy/actor/lib/database/mysql-connector-java-5.1.6-bin.jar:/home/travis/build/icyphy/ptII/vendors/misc/sphinx4/sphinx4-data-5prealpha.jar:/home/travis/build/icyphy/ptII/vendors/misc/sphinx4/sphinx4-core-5prealpha.jar:/home/travis/build/icyphy/ptII/lib/PDFRenderer.jar:/home/travis/build/icyphy/ptII/lib/svgSalamander.jar:/home/travis/build/icyphy/ptII/lib/rsyntaxtextarea-2.6.0-SNAPSHOT.jar:/home/travis/build/icyphy/ptII/lib/hazelcast-3.8.2.jar:/home/travis/build/icyphy/ptII/lib/jackson-annotations-2.9.0.jar:/home/travis/build/icyphy/ptII/lib/jackson-core-2.9.3.jar:/home/travis/build/icyphy/ptII/lib/jackson-databind-2.9.3.jar:/home/travis/build/icyphy/ptII/lib/netty-buffer-4.1.19.Final.jar:/home/travis/build/icyphy/ptII/lib/netty-codec-4.1.19.Final.jar:/home/travis/build/icyphy/ptII/lib/netty-codec-dns-4.1.19.Final.jar:/home/travis/build/icyphy/ptII/lib/netty-codec-http-4.1.19.Final.jar:/home/travis/build/icyphy/ptII/lib/netty-codec-http2-4.1.19.Final.jar:/home/travis/build/icyphy/ptII/lib/netty-common-4.1.19.Final.jar:/home/travis/build/icyphy/ptII/lib/netty-handler-4.1.19.Final.jar:/home/travis/build/icyphy/ptII/lib/netty-resolver-4.1.19.Final.jar:/home/travis/build/icyphy/ptII/lib/netty-resolver-dns-4.1.19.Final.jar:/home/travis/build/icyphy/ptII/lib/netty-transport-4.1.19.Final.jar:/home/travis/build/icyphy/ptII/lib/vertx-codegen-3.5.1.jar:/home/travis/build/icyphy/ptII/lib/vertx-core-3.5.2-SNAPSHOT.jar:/home/travis/build/icyphy/ptII/lib/vertx-hazelcast-3.5.1.jar:/home/travis/build/icyphy/ptII/lib/vertx-lang-js-3.5.1.jar:/home/travis/build/icyphy/ptII/lib/vertx-service-proxy-3.5.1.jar:/home/travis/build/icyphy/ptII/lib/vertx-web-3.5.1.jar:/home/travis/build/icyphy/ptII/lib/slf4j-api-1.7.13.jar:/home/travis/build/icyphy/ptII/lib/slf4j-simple-1.7.13.jar:/home/travis/build/icyphy/ptII/lib/webcam-capture-0.3.12.jar:/home/travis/build/icyphy/ptII/lib/bridj-0.7.0.jar:/home/travis/build/icyphy/ptII/lib/xbjlib-1.1.0.nrjavaserial.jar" />
    <property name="timeout" value="2400000" />
    <property name="test.batch" value="**/junit/*.java" />
    <property name="env._" value="/usr/bin/timeout" />
    <property name="java.io.tmpdir" value="/tmp" />
    <property name="user.language" value="en" />
    <property name="env.TRAVIS_INTERNAL_RUBY_REGEX" value="^ruby-(2\.[0-4]\.[0-9]|1\.9\.3)" />
    <property name="env.HISTCONTROL" value="ignoredups:ignorespace" />
    <property name="env.GOROOT" value="/home/travis/.gimme/versions/go1.11.1.linux.amd64" />
    <property name="line.separator" value="&#xa;" />
    <property name="target" value="11" />
    <property name="env.TRAVIS_BUILD_DIR" value="/home/travis/build/icyphy/ptII" />
    <property name="env.ANT_OPTS" value="-Xmx2048m" />
    <property name="ant.file.type" value="file" />
    <property name="ptolemy.ptII.batchMode" value="true" />
    <property name="env.HISTSIZE" value="1000" />
    <property name="env.MERB_ENV" value="test" />
    <property name="java.vm.info" value="mixed mode" />
    <property name="source" value="11" />
    <property name="java.vm.specification.name" value="Java Virtual Machine Specification" />
    <property name="env.TRAVIS_TEST_RESULT" value="0" />
    <property name="jsdoc.command" value="node_modules/@terraswarm/jsdoc/jsdoc.js" />
    <property name="npm.works" value="true" />
    <property name="cobertura.dir" value="/home/travis/build/icyphy/ptII/vendors/cobertura-2.0.3" />
    <property name="jsdoc.command.exists" value="true" />
    <property name="env.rvm_path" value="/home/travis/.rvm" />
    <property name="env.GEM_PATH" value="/home/travis/.rvm/gems/ruby-2.5.3:/home/travis/.rvm/gems/ruby-2.5.3@global" />
    <property name="env.LC_CTYPE" value="en_US.UTF-8" />
    <property name="env.TRAVIS_CMD" value="$PTII/bin/ptIITravisBuild.sh $SECONDS" />
    <property name="java.awt.printerjob" value="sun.print.PSPrinterJob" />
    <property name="env.TRAVIS_STACK_NAME" value="sardonyx" />
    <property name="env.TRAVIS_TIMER_START_TIME" value="1565035314023003092" />
    <property name="ant.version" value="Apache Ant(TM) version 1.10.1 compiled on February 2 2017" />
    <property name="ptII.reports" value="/home/travis/build/icyphy/ptII/reports" />
    <property name="env.TRAVIS_STACK_TIMESTAMP" value="2019-03-25 16:16:56 UTC" />
    <property name="ant.file.type.ptII" value="file" />
    <property name="env.RBENV_SHELL" value="bash" />
    <property name="os.name" value="Linux" />
    <property name="java.specification.vendor" value="Oracle Corporation" />
    <property name="env.rvm_version" value="1.29.7 (latest)" />
    <property name="env.TRAVIS_INFRA" value="gce" />
    <property name="env.TERM" value="xterm" />
    <property name="java.vm.name" value="OpenJDK 64-Bit Server VM" />
    <property name="env.TRAVIS_BUILD_NUMBER" value="1287" />
    <property name="env.CI" value="true" />
    <property name="java.library.path" value="/home/travis/pthla/certi-tools/lib:/usr/lib/jni:/usr/local/share/OpenCV/java/:/usr/share/OpenCV/java::/usr/java/packages/lib:/usr/lib64:/lib64:/lib:/usr/lib" />
    <property name="jdk.module.path" value="/home/travis/build/icyphy/ptII/vendors/javafx/javafx-sdk-11.0.2/lib:" />
    <property name="env.rvm_prefix" value="/home/travis" />
    <property name="env.PATH" value="/home/travis/pthla/certi-tools/share/scripts:/home/travis/.rvm/gems/ruby-2.5.3/bin:/home/travis/.rvm/gems/ruby-2.5.3@global/bin:/home/travis/.rvm/rubies/ruby-2.5.3/bin:/home/travis/.rvm/bin:/home/travis/.nvm/versions/node/v7.10.1/bin:./node_modules/.bin:/home/travis/build/icyphy/ptII/bin:/home/travis/pthla/certi-tools/bin:/home/travis/bin:/home/travis/.local/bin:/usr/local/lib/jvm/openjdk11/bin:/opt/pyenv/shims:/home/travis/.phpenv/shims:/home/travis/perl5/perlbrew/bin:/home/travis/gopath/bin:/home/travis/.gimme/versions/go1.11.1.linux.amd64/bin:/usr/local/maven-3.6.0/bin:/usr/local/cmake-3.12.4/bin:/usr/local/clang-7.0.0/bin:/usr/local/sbin:/usr/local/bin:/usr/sbin:/usr/bin:/sbin:/bin:/snap/bin:/home/travis/.phpenv/bin:/opt/pyenv/bin:/home/travis/.yarn/bin" />
    <property name="env.TRAVIS_OS_NAME" value="linux" />
    <property name="ant.java.version" value="9" />
    <property name="basedir" value="/home/travis/build/icyphy/ptII" />
    <property name="java.class.version" value="55.0" />
    <property name="env.SHLVL" value="3" />
    <property name="env.LD_LIBRARY_PATH" value="/home/travis/pthla/certi-tools/lib:/usr/lib/jni:/usr/local/share/OpenCV/java/:/usr/share/OpenCV/java:" />
    <property name="env.RACK_ENV" value="test" />
    <property name="ant.home" value="/home/travis/build/icyphy/ptII/ant" />
    <property name="env.NVM_DIR" value="/home/travis/.nvm" />
    <property name="env.CERTI_FOM_PATH" value="/home/travis/pthla/certi-tools/share/federations" />
    <property name="env.TRAVIS_BUILD_ID" value="567997127" />
    <property name="env.PYENV_ROOT" value="/opt/pyenv" />
    <property name="env.TRAVIS_UID" value="2000" />
    <property name="prism.verbose" value="true" />
    <property name="env.NVM_BIN" value="/home/travis/.nvm/versions/node/v7.10.1/bin" />
    <property name="env.TRAVIS_COMMIT" value="f9c12c6b2ccbd758ceec4e9ffc44e2f31da246f0" />
    <property name="env._system_arch" value="x86_64" />
    <property name="node.executable" value="node" />
    <property name="sun.boot.library.path" value="/usr/local/lib/jvm/openjdk11/lib" />
    <property name="sun.management.compiler" value="HotSpot 64-Bit Tiered Compilers" />
    <property name="java.awt.graphicsenv" value="sun.awt.X11GraphicsEnvironment" />
    <property name="env.GOPATH" value="/home/travis/gopath" />
    <property name="ptolemy.ptII.dir" value="/home/travis/build/icyphy/ptII" />
    <property name="env.USER" value="travis" />
    <property name="env.HISTFILESIZE" value="2000" />
    <property name="timeout.longest" value="19000000" />
    <property name="env.PERLBREW_SHELLRC_VERSION" value="0.86" />
    <property name="env.TRAVIS_STACK_FEATURES" value="basic couchdb disabled-ipv6 docker docker-compose elasticsearch firefox go-toolchain google-chrome jdk memcached mongodb mysql nodejs_interpreter perl_interpreter perlbrew phantomjs postgresql python_interpreter redis ruby_interpreter sqlite xserver" />
    <property name="env.TRAVIS_PULL_REQUEST" value="false" />
    <property name="env.PYENV_SHELL" value="bash" />
    <property name="ant.project.name" value="ptII" />
    <property name="env.ANSI_RESET" value="\033[0m" />
    <property name="java.vm.specification.version" value="11" />
    <property name="env.TRAVIS_DIST" value="xenial" />
    <property name="env.CERTI_VERSION" value="4.0.0" />
    <property name="env.CERTI_HOST" value="localhost" />
    <property name="awt.toolkit" value="sun.awt.X11.XToolkit" />
    <property name="env.MY_RUBY_HOME" value="/home/travis/.rvm/rubies/ruby-2.5.3" />
    <property name="sun.cpu.isalist" value="" />
    <property name="env.TRAVIS_TMPDIR" value="/tmp/tmp.kBaSKgGznc" />
    <property name="java.vm.compressedOopsMode" value="Zero based" />
    <property name="os.version" value="4.15.0-1028-gcp" />
    <property name="user.home" value="/home/travis" />
    <property name="java.vm.vendor" value="Oracle Corporation" />
    <property name="env.TRAVIS_TAG" value="nightly" />
    <property name="env.ANSI_YELLOW" value="\033[33;1m" />
    <property name="env.TRAVIS_FILTERED" value="redirect_io" />
    <property name="env.ANSI_GREEN" value="\033[32;1m" />
    <property name="env.JAVA_HOME" value="/usr/local/lib/jvm/openjdk11" />
    <property name="javadoc.excludepackagenames" value="adm.cvs2svn.*,build.*,config.*,doc.coding.templates.*,jni.test.jni.meaningOfLife.*,jni.test.jni.testDeux.*,jni.test.jni.testTrois.*,org.terraswarm.accessor.accessors.web.node_modules.*,org.terraswarm.accessor.accessors.web.hosts.cordova.demo.*,org.terraswarm.accessor.accessors.web.hosts.cordova.plugins.*,org.terraswarm.accessor.accessors-svn.*,pt-modules.*,ptolemy.apps.agilent.*,ptolemy.apps.anytimecontrol.*,ptolemy.apps.apes.*,ptolemy.apps.charon.*,ptolemy.apps.crazyboard.*,ptolemy.apps.eclipse.*,ptolemy.apps.etherealSting.*,ptolemy.apps.fullscreen.*,ptolemy.apps.giotto.*,ptolemy.apps.ia.*,ptolemy.apps.interfaces.*,ptolemy.apps.jmf.*,ptolemy.apps.kurt.*,ptolemy.apps.kvm.*,ptolemy.apps.lego.*,ptolemy.apps.lejos.*,ptolemy.apps.midp.*,ptolemy.apps.mobileCoding.*,ptolemy.apps.pendulum.*,ptolemy.apps.rijndael.*,ptolemy.apps.robot.*,ptolemy.apps.security.*,ptolemy.apps.sobel.*,ptolemy.apps.soot.*,ptolemy.apps.throttle.*,ptolemy.apps.tini.*,ptolemy.apps.transmission.*,ptolemy.apps.vergil.*,ptolemy.apps.waba.*,ptolemy.apps.websensor.*,ptolemy.apps.webstart.*,ptolemy.apps.xsl.*,ptolemy.apps.zaurus.*,ptolemy.codegen.c.actor.lib.oldJavaFiles.*,ptolemy.codegen.dsp.lib.*,ptolemy.codegen.kernel.newInterfaces.*,ptolemy.codegen.lib.*,ptolemy.copernicus.kernel.fragment.*,ptolemy.copernicus.shallow.cg.*,ptolemy.domains.giotto.demo.Hierarchy.Hierarchy.*,ptolemy.domains.giotto.demo.Multimode.Multimode.*,ptolemy.domains.giotto.demo.Simple.Simple.*,ptolemy.domains.gr.lib.experimental.*,ptolemy.domains.gro.*,ptolemy.domains.pdf.*,ptolemy.domains.ptinyos.demo.Surge.output.*,ptolemy.moml.test.NoPackageActor.java*,ptolemy.plot.adm.*,ptolemy.plot.servlet.*,reports.*,signed.*,src.*,target.*,vendors.*,ptolemy.copernicus.applet.*,ptolemy.media.viewer.*,ptolemy.actor.corba.*,doc.doclets.*,ptolemy.apps.eclipse.awt.*,ptolemy.backtrack.*,ptolemy.backtrack.ast.*,ptolemy.cg.adapter.generic.program.procedural.c.mbed*,ptolemy.homer.*,ptolemy.actor.lib.jai.*,org.ptolemy.scala.*,diva.util.java2d.svg.*,ptolemy.domains.ptinyos.*,ptolemy.actor.lib.fmi.fmipp.*,,org.terraswarm.accessor.accessors.web.node_modules.*,org.terraswarm.accessor.accessors-svn,ptolemy.apps.*,ptolemy.actor.ptalon.demo.ptinyos.SendAndReceiveCnt.output,ptolemy.actor.ptalon.demo.ptinyos.SenseToLeds.output,ptolemy.domains.ptinyos.demo.CntToLedsAndRfm.output,ptolemy.domains.ptinyos.demo.RfmToLeds.output,ptolemy.domains.ptinyos.demo.SendAndReceiveCnt.output,ptolemy.domains.ptinyos.demo.SenseToLeds.output,ptolemy.actor.lib.jjs.modules.udpSocket.*" />
    <property name="env.PTII" value="/home/travis/build/icyphy/ptII" />
    <property name="env.XDG_SESSION_ID" value="2" />
    <property name="keystore" value="ptKeystore" />
    <property name="env.TRAVIS_COMMIT_MESSAGE" value="Removed mention of svn." />
    <property name="junit.output.dir" value="/home/travis/build/icyphy/ptII/reports/junit" />
    <property name="npm.return.code" value="0" />
    <property name="user.dir" value="/home/travis/build/icyphy/ptII/ptolemy/domains/de/test" />
    <property name="env.TRAVIS_NODE_VERSION" value="7" />
    <property name="env.TRAVIS_EVENT_TYPE" value="push" />
    <property name="env.MAIL" value="/var/mail/travis" />
    <property name="env.PERLBREW_ROOT" value="/home/travis/perl5/perlbrew" />
    <property name="env.PWD" value="/home/travis/build/icyphy/ptII" />
    <property name="timeout.npm" value="45000" />
    <property name="env.PT_TRAVIS_TEST_CORE2_XML" value="true" />
    <property name="env.TRAVIS_ARCH" value="amd64" />
    <property name="sun.cpu.endian" value="little" />
    <property name="env.PAGER" value="cat" />
    <property name="env.TRAVIS_BUILD_STAGE_NAME" value="Test" />
    <property name="env.PERLBREW_HOME" value="/home/travis/.perlbrew" />
    <property name="java.vm.version" value="11.0.2+9" />
    <property name="env.RAILS_ENV" value="test" />
    <property name="java.class.path" value="/home/travis/build/icyphy/ptII:/home/travis/build/icyphy/ptII/lib/bsh-2.0b4.jar:/home/travis/build/icyphy/ptII/lib/ptCal.jar:/home/travis/build/icyphy/ptII/lib/java_cup.jar:/home/travis/build/icyphy/ptII/lib/saxon8.jar:/home/travis/build/icyphy/ptII/lib/saxon8-dom.jar:/home/travis/build/icyphy/ptII/lib/chic.jar:/home/travis/build/icyphy/ptII/lib/ptcolt.jar:/home/travis/build/icyphy/ptII/vendors/misc/itext/iText.jar:/home/travis/build/icyphy/ptII/lib/g4ltl.jar:/home/travis/build/icyphy/ptII/lib/StructuralCoder.jar:/home/travis/build/icyphy/ptII/lib/jcerti.jar:/home/travis/build/icyphy/ptII/lib/javax.mail.jar:/home/travis/build/icyphy/ptII/vendors/JMF-2.1.1e/lib/jmf.jar:/home/travis/build/icyphy/ptII/lib/jna-4.0.0-variadic.jar:/home/travis/build/icyphy/ptII/vendors/misc/joystick/Joystick.jar:/home/travis/build/icyphy/ptII/lib/ptjacl.jar:/home/travis/build/icyphy/ptII/lib/jsoup-1.8.2.jar:/home/travis/build/icyphy/ptII/lib/junit-4.8.2.jar:/home/travis/build/icyphy/ptII/lib/JUnitParams-0.4.0.jar:/home/travis/build/icyphy/ptII/ptolemy/actor/lib/excel/jxl.jar:/home/travis/build/icyphy/ptII/lib/jython.jar:/home/travis/build/icyphy/ptII/lib/kieler.jar:/home/travis/build/icyphy/ptII/vendors/opencv/share/OpenCV/java/opencv-341.jar:/home/travis/build/icyphy/ptII/lib/oscP5.jar:/home/travis/build/icyphy/ptII/lib/nrjavaserial-3.11.0.devel.jar:/home/travis/build/icyphy/ptII/vendors/j3d/lib/Linux/j3dcore.jar:/home/travis/build/icyphy/ptII/vendors/j3d/lib/Linux/j3dutils.jar:/home/travis/build/icyphy/ptII/vendors/j3d/lib/Linux/vecmath.jar:/home/travis/build/icyphy/ptII/vendors/jogl/lib/Linux/gluegen-rt-natives-linux-amd64.jar:/home/travis/build/icyphy/ptII/vendors/jogl/lib/Linux/gluegen-rt.jar:/home/travis/build/icyphy/ptII/vendors/jogl/lib/Linux/jogl-all-natives-linux-amd64.jar:/home/travis/build/icyphy/ptII/vendors/jogl/lib/Linux/jogl-all.jar:/home/travis/build/icyphy/ptII/ptolemy/distributed/jini/jar/jini-core.jar:/home/travis/build/icyphy/ptII/ptolemy/distributed/jini/jar/jini-ext.jar:/home/travis/build/icyphy/ptII/ptolemy/distributed/jini/jar/sun-util.jar:/home/travis/build/icyphy/ptII/lib/protobuf-java-2.4.1.jar:/home/travis/build/icyphy/ptII/lib/org.eclipse.paho.client.mqttv3.jar:/home/travis/build/icyphy/ptII/lib/mapss.jar:/home/travis/build/icyphy/ptII/ptolemy/actor/ptalon/antlr/antlr.jar:/home/travis/build/icyphy/ptII/lib/JRI.jar:/home/travis/build/icyphy/ptII/lib/commons-lang-2.6.jar:/home/travis/build/icyphy/ptII/lib/commons-logging-1.1.1.jar:/home/travis/build/icyphy/ptII/lib/sootclasses.jar:/home/travis/build/icyphy/ptII/ptolemy/actor/lib/database/mysql-connector-java-5.1.6-bin.jar:/home/travis/build/icyphy/ptII/vendors/misc/sphinx4/sphinx4-data-5prealpha.jar:/home/travis/build/icyphy/ptII/vendors/misc/sphinx4/sphinx4-core-5prealpha.jar:/home/travis/build/icyphy/ptII/lib/PDFRenderer.jar:/home/travis/build/icyphy/ptII/lib/svgSalamander.jar:/home/travis/build/icyphy/ptII/lib/rsyntaxtextarea-2.6.0-SNAPSHOT.jar:/home/travis/build/icyphy/ptII/lib/hazelcast-3.8.2.jar:/home/travis/build/icyphy/ptII/lib/jackson-annotations-2.9.0.jar:/home/travis/build/icyphy/ptII/lib/jackson-core-2.9.3.jar:/home/travis/build/icyphy/ptII/lib/jackson-databind-2.9.3.jar:/home/travis/build/icyphy/ptII/lib/netty-buffer-4.1.19.Final.jar:/home/travis/build/icyphy/ptII/lib/netty-codec-4.1.19.Final.jar:/home/travis/build/icyphy/ptII/lib/netty-codec-dns-4.1.19.Final.jar:/home/travis/build/icyphy/ptII/lib/netty-codec-http-4.1.19.Final.jar:/home/travis/build/icyphy/ptII/lib/netty-codec-http2-4.1.19.Final.jar:/home/travis/build/icyphy/ptII/lib/netty-common-4.1.19.Final.jar:/home/travis/build/icyphy/ptII/lib/netty-handler-4.1.19.Final.jar:/home/travis/build/icyphy/ptII/lib/netty-resolver-4.1.19.Final.jar:/home/travis/build/icyphy/ptII/lib/netty-resolver-dns-4.1.19.Final.jar:/home/travis/build/icyphy/ptII/lib/netty-transport-4.1.19.Final.jar:/home/travis/build/icyphy/ptII/lib/vertx-codegen-3.5.1.jar:/home/travis/build/icyphy/ptII/lib/vertx-core-3.5.2-SNAPSHOT.jar:/home/travis/build/icyphy/ptII/lib/vertx-hazelcast-3.5.1.jar:/home/travis/build/icyphy/ptII/lib/vertx-lang-js-3.5.1.jar:/home/travis/build/icyphy/ptII/lib/vertx-service-proxy-3.5.1.jar:/home/travis/build/icyphy/ptII/lib/vertx-web-3.5.1.jar:/home/travis/build/icyphy/ptII/lib/slf4j-api-1.7.13.jar:/home/travis/build/icyphy/ptII/lib/slf4j-simple-1.7.13.jar:/home/travis/build/icyphy/ptII/lib/webcam-capture-0.3.12.jar:/home/travis/build/icyphy/ptII/lib/bridj-0.7.0.jar:/home/travis/build/icyphy/ptII/lib/xbjlib-1.1.0.nrjavaserial.jar:/home/travis/build/icyphy/ptII/ptolemy/moml/test:/home/travis/build/icyphy/ptII/ant/lib/ant-launcher.jar:/home/travis/build/icyphy/ptII/ant/lib/ant.jar:/home/travis/build/icyphy/ptII/ant/lib/ant-junit.jar:/home/travis/build/icyphy/ptII/ant/lib/ant-junit4.jar" />
    <property name="ant.library.dir" value="/home/travis/build/icyphy/ptII/ant/lib" />
    <property name="os.arch" value="amd64" />
    <property name="env.CONTINUOUS_INTEGRATION" value="true" />
    <property name="env.TRAVIS_LANGUAGE" value="node_js" />
    <property name="env.TRAVIS_STACK_LANGUAGES" value="__sardonyx__ c c++ clojure cplusplus cpp default generic go groovy java node_js php pure_java python ruby scala" />
    <property name="test.name" value="ptolemy.actor.lib.test.junit.JUnitTclTest" />
    <property name="env.APT_KEY_DONT_WARN_ON_DANGEROUS_USAGE" value="1" />
    <property name="sun.java.launcher" value="SUN_STANDARD" />
    <property name="env.PYTHON_CONFIGURE_OPTS" value="--enable-unicode=ucs4 --with-wide-unicode --enable-shared --enable-ipv6 --enable-loadable-sqlite-extensions --with-computed-gotos" />
    <property name="ant.core.lib" value="/home/travis/build/icyphy/ptII/ant/lib/ant.jar" />
    <property name="java.vm.specification.vendor" value="Oracle Corporation" />
    <property name="env.BCVTB_HOME" value="/home/travis/build/icyphy/ptII/lbnl" />
    <property name="file.separator" value="/" />
    <property name="spotbugs.home" value="/home/travis/build/icyphy/ptII/vendors/spotbugs-3.1.1" />
    <property name="java.runtime.version" value="11.0.2+9" />
    <property name="env.ANSI_CLEAR" value="\033[0K" />
    <property name="javafx.verbose" value="true" />
    <property name="env.HAS_JOSH_K_SEAL_OF_APPROVAL" value="true" />
    <property name="env.XDG_RUNTIME_DIR" value="/run/user/2000" />
    <property name="env.TRAVIS_OSX_IMAGE" value="" />
    <property name="env.TRAVIS_JOB_ID" value="567997136" />
    <property name="env.TRAVIS_BRANCH" value="master" />
    <property name="user.country" value="US" />
    <property name="env.CERTI_HOME_TRAVIS" value="/home/travis/pthla/certi-tools" />
    <property name="env.SHELL" value="/bin/bash" />
    <property name="java.maxmemory.large" value="3200m" />
    <property name="model" value="" />
    <property name="env.CASHER_DIR" value="/home/travis/.casher" />
    <property name="env.NVM_CD_FLAGS" value="" />
    <property name="java.vendor.version" value="18.9" />
    <property name="jshint.executable" value="/home/travis/node_modules/jshint/bin/jshint" />
    <property name="env.JRUBY_OPTS" value=" --client -J-XX:+TieredCompilation -J-XX:TieredStopAtLevel=1 -J-Xss2m -Xcompile.invokedynamic=false" />
    <property name="java.vendor" value="Oracle Corporation" />
    <property name="env.TRAVIS_PRE_CHEF_BOOTSTRAP_TIME" value="2019-03-25T16:16:42" />
    <property name="env.TRAVIS_STACK_JOB_BOARD_REGISTER" value="/.job-board-register.yml" />
    <property name="env.ANSI_RED" value="\033[31;1m" />
    <property name="java.specification.version" value="11" />
    <property name="env.IRBRC" value="/home/travis/.rvm/rubies/ruby-2.5.3/.irbrc" />
    <property name="env.TRAVIS" value="true" />
    <property name="sun.arch.data.model" value="64" />
  </properties>
  <testcase classname="ptolemy.util.test.junit.TclTests" name="[0] /home/travis/build/icyphy/ptII/ptolemy/domains/de/test/DependencyLoop.tcl (RunTclFile)" time="1.203" />
  <testcase classname="ptolemy.util.test.junit.TclTests" name="[1] /home/travis/build/icyphy/ptII/ptolemy/domains/de/test/RunDETestsAsQSS.tcl (RunTclFile)" time="91.97" />
  <testcase classname="ptolemy.util.test.junit.AutoKnownFailedTests" name="[0] /home/travis/build/icyphy/ptII/ptolemy/domains/de/test/auto/knownFailedTests/DESDFClockTest.xml (RunModel)" time="2.039" />
  <testcase classname="ptolemy.util.test.junit.AutoKnownFailedTests" name="[1] /home/travis/build/icyphy/ptII/ptolemy/domains/de/test/auto/knownFailedTests/DirectFeedback.xml (RunModel)" time="0.017" />
  <testcase classname="ptolemy.util.test.junit.AutoKnownFailedTests" name="[2] /home/travis/build/icyphy/ptII/ptolemy/domains/de/test/auto/knownFailedTests/FSMSource.xml (RunModel)" time="0.034" />
  <testcase classname="ptolemy.util.test.junit.AutoKnownFailedTests" name="[3] /home/travis/build/icyphy/ptII/ptolemy/domains/de/test/auto/knownFailedTests/HierarchicalModel.xml (RunModel)" time="0.056" />
  <testcase classname="ptolemy.util.test.junit.AutoKnownFailedTests" name="[4] /home/travis/build/icyphy/ptII/ptolemy/domains/de/test/auto/knownFailedTests/dependencyLoop.xml (RunModel)" time="0.054" />
  <testcase classname="ptolemy.util.test.junit.AutoKnownFailedTests" name="[5] /home/travis/build/icyphy/ptII/ptolemy/domains/de/test/auto/knownFailedTests/dependencyLoop2.xml (RunModel)" time="0.052" />
  <testcase classname="ptolemy.util.test.junit.AutoNameArchTests" name="[0] ThereAreNoAutoArchTests (RunModel)" time="0.002" />
  <testcase classname="ptolemy.util.test.junit.AutoTests" name="[0] /home/travis/build/icyphy/ptII/ptolemy/domains/de/test/auto/ActorDepthCalculation_actorWithoutPorts.xml (RunModel)" time="0.021" />
  <testcase classname="ptolemy.util.test.junit.AutoTests" name="[1] /home/travis/build/icyphy/ptII/ptolemy/domains/de/test/auto/AssemblyLine.xml (RunModel)" time="0.028" />
  <testcase classname="ptolemy.util.test.junit.AutoTests" name="[2] /home/travis/build/icyphy/ptII/ptolemy/domains/de/test/auto/CQBug1.xml (RunModel)" time="0.013" />
  <testcase classname="ptolemy.util.test.junit.AutoTests" name="[3] /home/travis/build/icyphy/ptII/ptolemy/domains/de/test/auto/CancelFireAt.xml (RunModel)" time="0.023" />
  <testcase classname="ptolemy.util.test.junit.AutoTests" name="[4] /home/travis/build/icyphy/ptII/ptolemy/domains/de/test/auto/CausalityAndComposabilityAnalysis.xml (RunModel)" time="0.019" />
  <testcase classname="ptolemy.util.test.junit.AutoTests" name="[5] /home/travis/build/icyphy/ptII/ptolemy/domains/de/test/auto/CausalityInterface1.xml (RunModel)" time="0.016" />
  <testcase classname="ptolemy.util.test.junit.AutoTests" name="[6] /home/travis/build/icyphy/ptII/ptolemy/domains/de/test/auto/CausalityInterface15.xml (RunModel)" time="0.016" />
  <testcase classname="ptolemy.util.test.junit.AutoTests" name="[7] /home/travis/build/icyphy/ptII/ptolemy/domains/de/test/auto/CausalityInterface2.xml (RunModel)" time="0.015" />
  <testcase classname="ptolemy.util.test.junit.AutoTests" name="[8] /home/travis/build/icyphy/ptII/ptolemy/domains/de/test/auto/CausalityInterface3.xml (RunModel)" time="0.013" />
  <testcase classname="ptolemy.util.test.junit.AutoTests" name="[9] /home/travis/build/icyphy/ptII/ptolemy/domains/de/test/auto/ClockDrift.xml (RunModel)" time="0.039" />
  <testcase classname="ptolemy.util.test.junit.AutoTests" name="[10] /home/travis/build/icyphy/ptII/ptolemy/domains/de/test/auto/ClockDriftAndValueChange.xml (RunModel)" time="0.036" />
  <testcase classname="ptolemy.util.test.junit.AutoTests" name="[11] /home/travis/build/icyphy/ptII/ptolemy/domains/de/test/auto/ClockDriftChange.xml (RunModel)" time="0.033" />
  <testcase classname="ptolemy.util.test.junit.AutoTests" name="[12] /home/travis/build/icyphy/ptII/ptolemy/domains/de/test/auto/ComposableCausalityAnalysis.xml (RunModel)" time="0.018" />
  <testcase classname="ptolemy.util.test.junit.AutoTests" name="[13] /home/travis/build/icyphy/ptII/ptolemy/domains/de/test/auto/DEFixedPointLimitation.xml (RunModel)" time="0.016" />
  <testcase classname="ptolemy.util.test.junit.AutoTests" name="[14] /home/travis/build/icyphy/ptII/ptolemy/domains/de/test/auto/DEScheduleTest.xml (RunModel)" time="0.017" />
  <testcase classname="ptolemy.util.test.junit.AutoTests" name="[15] /home/travis/build/icyphy/ptII/ptolemy/domains/de/test/auto/DEinDEwithStartTimes.xml (RunModel)" time="0.018" />
  <testcase classname="ptolemy.util.test.junit.AutoTests" name="[16] /home/travis/build/icyphy/ptII/ptolemy/domains/de/test/auto/DEinDEwithStartTimes2.xml (RunModel)" time="0.02" />
  <testcase classname="ptolemy.util.test.junit.AutoTests" name="[17] /home/travis/build/icyphy/ptII/ptolemy/domains/de/test/auto/DateDemo.xml (RunModel)" time="0.034" />
  <testcase classname="ptolemy.util.test.junit.AutoTests" name="[18] /home/travis/build/icyphy/ptII/ptolemy/domains/de/test/auto/DateToEvent.xml (RunModel)" time="2.041" />
  <testcase classname="ptolemy.util.test.junit.AutoTests" name="[19] /home/travis/build/icyphy/ptII/ptolemy/domains/de/test/auto/DepthTest1.xml (RunModel)" time="0.015" />
  <testcase classname="ptolemy.util.test.junit.AutoTests" name="[20] /home/travis/build/icyphy/ptII/ptolemy/domains/de/test/auto/DepthTest2.xml (RunModel)" time="0.02" />
  <testcase classname="ptolemy.util.test.junit.AutoTests" name="[21] /home/travis/build/icyphy/ptII/ptolemy/domains/de/test/auto/DepthTest3.xml (RunModel)" time="0.011" />
  <testcase classname="ptolemy.util.test.junit.AutoTests" name="[22] /home/travis/build/icyphy/ptII/ptolemy/domains/de/test/auto/DepthTest4.xml (RunModel)" time="0.021" />
  <testcase classname="ptolemy.util.test.junit.AutoTests" name="[23] /home/travis/build/icyphy/ptII/ptolemy/domains/de/test/auto/DepthTest5.xml (RunModel)" time="0.016" />
  <testcase classname="ptolemy.util.test.junit.AutoTests" name="[24] /home/travis/build/icyphy/ptII/ptolemy/domains/de/test/auto/DepthTest6.xml (RunModel)" time="0.013" />
  <testcase classname="ptolemy.util.test.junit.AutoTests" name="[25] /home/travis/build/icyphy/ptII/ptolemy/domains/de/test/auto/DepthTest7.xml (RunModel)" time="0.013" />
  <testcase classname="ptolemy.util.test.junit.AutoTests" name="[26] /home/travis/build/icyphy/ptII/ptolemy/domains/de/test/auto/EventToDate.xml (RunModel)" time="3.041" />
  <testcase classname="ptolemy.util.test.junit.AutoTests" name="[27] /home/travis/build/icyphy/ptII/ptolemy/domains/de/test/auto/FSM1.xml (RunModel)" time="0.049" />
  <testcase classname="ptolemy.util.test.junit.AutoTests" name="[28] /home/travis/build/icyphy/ptII/ptolemy/domains/de/test/auto/FSM7.xml (RunModel)" time="0.042" />
  <testcase classname="ptolemy.util.test.junit.AutoTests" name="[29] /home/travis/build/icyphy/ptII/ptolemy/domains/de/test/auto/Inspection.xml (RunModel)" time="0.046" />
  <testcase classname="ptolemy.util.test.junit.AutoTests" name="[30] /home/travis/build/icyphy/ptII/ptolemy/domains/de/test/auto/Iteration.xml (RunModel)" time="0.023" />
  <testcase classname="ptolemy.util.test.junit.AutoTests" name="[31] /home/travis/build/icyphy/ptII/ptolemy/domains/de/test/auto/LineFault.xml (RunModel)" time="0.65" />
  <testcase classname="ptolemy.util.test.junit.AutoTests" name="[32] /home/travis/build/icyphy/ptII/ptolemy/domains/de/test/auto/MergeModel1Add.xml (RunModel)" time="0.055" />
  <testcase classname="ptolemy.util.test.junit.AutoTests" name="[33] /home/travis/build/icyphy/ptII/ptolemy/domains/de/test/auto/MergeModel2Add.xml (RunModel)" time="0.048" />
  <testcase classname="ptolemy.util.test.junit.AutoTests" name="[34] /home/travis/build/icyphy/ptII/ptolemy/domains/de/test/auto/MergeModel3Add.xml (RunModel)" time="0.043" />
  <testcase classname="ptolemy.util.test.junit.AutoTests" name="[35] /home/travis/build/icyphy/ptII/ptolemy/domains/de/test/auto/MergeWithoutDiscard.xml (RunModel)" time="0.019" />
  <testcase classname="ptolemy.util.test.junit.AutoTests" name="[36] /home/travis/build/icyphy/ptII/ptolemy/domains/de/test/auto/Modal1.xml (RunModel)" time="0.032" />
  <testcase classname="ptolemy.util.test.junit.AutoTests" name="[37] /home/travis/build/icyphy/ptII/ptolemy/domains/de/test/auto/Modal2.xml (RunModel)" time="0.032" />
  <testcase classname="ptolemy.util.test.junit.AutoTests" name="[38] /home/travis/build/icyphy/ptII/ptolemy/domains/de/test/auto/Modal3.xml (RunModel)" time="0.028" />
  <testcase classname="ptolemy.util.test.junit.AutoTests" name="[39] /home/travis/build/icyphy/ptII/ptolemy/domains/de/test/auto/Modal4.xml (RunModel)" time="0.036" />
  <testcase classname="ptolemy.util.test.junit.AutoTests" name="[40] /home/travis/build/icyphy/ptII/ptolemy/domains/de/test/auto/Modal5.xml (RunModel)" time="0.04" />
  <testcase classname="ptolemy.util.test.junit.AutoTests" name="[41] /home/travis/build/icyphy/ptII/ptolemy/domains/de/test/auto/Modal6.xml (RunModel)" time="0.031" />
  <testcase classname="ptolemy.util.test.junit.AutoTests" name="[42] /home/travis/build/icyphy/ptII/ptolemy/domains/de/test/auto/Modal7.xml (RunModel)" time="0.035" />
  <testcase classname="ptolemy.util.test.junit.AutoTests" name="[43] /home/travis/build/icyphy/ptII/ptolemy/domains/de/test/auto/ModalModel.xml (RunModel)" time="0.173" />
  <testcase classname="ptolemy.util.test.junit.AutoTests" name="[44] /home/travis/build/icyphy/ptII/ptolemy/domains/de/test/auto/ModalSource.xml (RunModel)" time="0.026" />
  <testcase classname="ptolemy.util.test.junit.AutoTests" name="[45] /home/travis/build/icyphy/ptII/ptolemy/domains/de/test/auto/NonInterruptibleTimerZeroDelay.xml (RunModel)" time="0.017" />
  <testcase classname="ptolemy.util.test.junit.AutoTests" name="[46] /home/travis/build/icyphy/ptII/ptolemy/domains/de/test/auto/OpenQueueingNetwork.xml (RunModel)" time="2.409" />
  <testcase classname="ptolemy.util.test.junit.AutoTests" name="[47] /home/travis/build/icyphy/ptII/ptolemy/domains/de/test/auto/OpenQueuingNetwork.xml (RunModel)" time="0.308" />
  <testcase classname="ptolemy.util.test.junit.AutoTests" name="[48] /home/travis/build/icyphy/ptII/ptolemy/domains/de/test/auto/PeriodicSampler.xml (RunModel)" time="0.011" />
  <testcase classname="ptolemy.util.test.junit.AutoTests" name="[49] /home/travis/build/icyphy/ptII/ptolemy/domains/de/test/auto/PersistentIO.xml (RunModel)" time="0.024" />
  <testcase classname="ptolemy.util.test.junit.AutoTests" name="[50] /home/travis/build/icyphy/ptII/ptolemy/domains/de/test/auto/PortParameterResetOnInitialize.xml (RunModel)" time="0.011" />
  <testcase classname="ptolemy.util.test.junit.AutoTests" name="[51] /home/travis/build/icyphy/ptII/ptolemy/domains/de/test/auto/PortParameterUpdates.xml (RunModel)" time="0.02" />
  <testcase classname="ptolemy.util.test.junit.AutoTests" name="[52] /home/travis/build/icyphy/ptII/ptolemy/domains/de/test/auto/QueueAndServer.xml (RunModel)" time="0.025" />
  <testcase classname="ptolemy.util.test.junit.AutoTests" name="[53] /home/travis/build/icyphy/ptII/ptolemy/domains/de/test/auto/Records.xml (RunModel)" time="0.017" />
  <testcase classname="ptolemy.util.test.junit.AutoTests" name="[54] /home/travis/build/icyphy/ptII/ptolemy/domains/de/test/auto/ResetTransitionWithStartTime1.xml (RunModel)" time="0.024" />
  <testcase classname="ptolemy.util.test.junit.AutoTests" name="[55] /home/travis/build/icyphy/ptII/ptolemy/domains/de/test/auto/ResetTransitionWithStartTime2.xml (RunModel)" time="0.022" />
  <testcase classname="ptolemy.util.test.junit.AutoTests" name="[56] /home/travis/build/icyphy/ptII/ptolemy/domains/de/test/auto/ResetTransitionWithStartTime3.xml (RunModel)" time="0.017" />
  <testcase classname="ptolemy.util.test.junit.AutoTests" name="[57] /home/travis/build/icyphy/ptII/ptolemy/domains/de/test/auto/ResetTransitionWithStartTime4.xml (RunModel)" time="0.017" />
  <testcase classname="ptolemy.util.test.junit.AutoTests" name="[58] /home/travis/build/icyphy/ptII/ptolemy/domains/de/test/auto/ResettableTimer1.xml (RunModel)" time="0.011" />
  <testcase classname="ptolemy.util.test.junit.AutoTests" name="[59] /home/travis/build/icyphy/ptII/ptolemy/domains/de/test/auto/ResettableTimer2.xml (RunModel)" time="0.012" />
  <testcase classname="ptolemy.util.test.junit.AutoTests" name="[60] /home/travis/build/icyphy/ptII/ptolemy/domains/de/test/auto/ResettableTimer3.xml (RunModel)" time="0.01" />
  <testcase classname="ptolemy.util.test.junit.AutoTests" name="[61] /home/travis/build/icyphy/ptII/ptolemy/domains/de/test/auto/ResettableTimer4.xml (RunModel)" time="0.012" />
  <testcase classname="ptolemy.util.test.junit.AutoTests" name="[62] /home/travis/build/icyphy/ptII/ptolemy/domains/de/test/auto/ResettableTimer5.xml (RunModel)" time="0.012" />
  <testcase classname="ptolemy.util.test.junit.AutoTests" name="[63] /home/travis/build/icyphy/ptII/ptolemy/domains/de/test/auto/ResettableTimer6.xml (RunModel)" time="0.017" />
  <testcase classname="ptolemy.util.test.junit.AutoTests" name="[64] /home/travis/build/icyphy/ptII/ptolemy/domains/de/test/auto/ServerZeroDelay.xml (RunModel)" time="0.01" />
  <testcase classname="ptolemy.util.test.junit.AutoTests" name="[65] /home/travis/build/icyphy/ptII/ptolemy/domains/de/test/auto/SmartSender.xml (RunModel)" time="3.009" />
  <testcase classname="ptolemy.util.test.junit.AutoTests" name="[66] /home/travis/build/icyphy/ptII/ptolemy/domains/de/test/auto/ThreadedComposite.xml (RunModel)" time="0.112" />
  <testcase classname="ptolemy.util.test.junit.AutoTests" name="[67] /home/travis/build/icyphy/ptII/ptolemy/domains/de/test/auto/Time.xml (RunModel)" time="0.432" />
  <testcase classname="ptolemy.util.test.junit.AutoTests" name="[68] /home/travis/build/icyphy/ptII/ptolemy/domains/de/test/auto/TimeDelayZeroDelay.xml (RunModel)" time="0.013" />
  <testcase classname="ptolemy.util.test.junit.AutoTests" name="[69] /home/travis/build/icyphy/ptII/ptolemy/domains/de/test/auto/TimerZeroDelay.xml (RunModel)" time="0.013" />
  <testcase classname="ptolemy.util.test.junit.AutoTests" name="[70] /home/travis/build/icyphy/ptII/ptolemy/domains/de/test/auto/TimingParadox.xml (RunModel)" time="0.352" />
  <testcase classname="ptolemy.util.test.junit.AutoTests" name="[71] /home/travis/build/icyphy/ptII/ptolemy/domains/de/test/auto/TransferInputs.xml (RunModel)" time="0.017" />
  <testcase classname="ptolemy.util.test.junit.AutoTests" name="[72] /home/travis/build/icyphy/ptII/ptolemy/domains/de/test/auto/TransferOutputs2.xml (RunModel)" time="0.018" />
  <testcase classname="ptolemy.util.test.junit.AutoTests" name="[73] /home/travis/build/icyphy/ptII/ptolemy/domains/de/test/auto/Trilateration.xml (RunModel)" time="11.63" />
  <testcase classname="ptolemy.util.test.junit.AutoTests" name="[74] /home/travis/build/icyphy/ptII/ptolemy/domains/de/test/auto/TwoSigmaDelta.xml (RunModel)" time="2.278" />
  <testcase classname="ptolemy.util.test.junit.AutoTests" name="[75] /home/travis/build/icyphy/ptII/ptolemy/domains/de/test/auto/VariableDelay.xml (RunModel)" time="0.02" />
  <testcase classname="ptolemy.util.test.junit.AutoTests" name="[76] /home/travis/build/icyphy/ptII/ptolemy/domains/de/test/auto/VariableDelay2.xml (RunModel)" time="0.011" />
  <testcase classname="ptolemy.util.test.junit.AutoTests" name="[77] /home/travis/build/icyphy/ptII/ptolemy/domains/de/test/auto/VariableDelayZeroDelay.xml (RunModel)" time="0.016" />
  <testcase classname="ptolemy.util.test.junit.AutoTests" name="[78] /home/travis/build/icyphy/ptII/ptolemy/domains/de/test/auto/VariableDelayZeroDelay2.xml (RunModel)" time="0.012" />
  <testcase classname="ptolemy.util.test.junit.AutoTests" name="[79] /home/travis/build/icyphy/ptII/ptolemy/domains/de/test/auto/deInCt.xml (RunModel)" time="0.017" />
  <testcase classname="ptolemy.util.test.junit.AutoTests" name="[80] /home/travis/build/icyphy/ptII/ptolemy/domains/de/test/auto/deInCt2.xml (RunModel)" time="0.03" />
  <testcase classname="ptolemy.util.test.junit.AutoTests" name="[81] /home/travis/build/icyphy/ptII/ptolemy/domains/de/test/auto/dynamicCausalityInterface1.xml (RunModel)" time="0.023" />
  <testcase classname="ptolemy.util.test.junit.AutoTests" name="[82] /home/travis/build/icyphy/ptII/ptolemy/domains/de/test/auto/fsm_de_test.xml (RunModel)" time="0.025" />
  <testcase classname="ptolemy.util.test.junit.AutoTests" name="[83] /home/travis/build/icyphy/ptII/ptolemy/domains/de/test/auto/functionDependencyReconstruction.xml (RunModel)" time="0.033" />
  <testcase classname="ptolemy.util.test.junit.AutoTests" name="[84] /home/travis/build/icyphy/ptII/ptolemy/domains/de/test/auto/multirate.xml (RunModel)" time="0.014" />
  <testcase classname="ptolemy.util.test.junit.AutoTests" name="[85] /home/travis/build/icyphy/ptII/ptolemy/domains/de/test/auto/multirate2.xml (RunModel)" time="0.02" />
  <testcase classname="ptolemy.util.test.junit.AutoTests" name="[86] /home/travis/build/icyphy/ptII/ptolemy/domains/de/test/auto/realtime.xml (RunModel)" time="10.01" />
  <testcase classname="ptolemy.util.test.junit.AutoTests" name="[87] /home/travis/build/icyphy/ptII/ptolemy/domains/de/test/auto/relationGroup.xml (RunModel)" time="0.006" />
  <testcase classname="ptolemy.util.test.junit.AutoTests" name="[88] /home/travis/build/icyphy/ptII/ptolemy/domains/de/test/auto/relationGroup2.xml (RunModel)" time="0.015" />
  <testcase classname="ptolemy.util.test.junit.AutoTests" name="[89] /home/travis/build/icyphy/ptII/ptolemy/domains/de/test/auto/sortWithOpaquePorts.xml (RunModel)" time="0.013" />
  <testcase classname="ptolemy.util.test.junit.AutoTests" name="[90] /home/travis/build/icyphy/ptII/ptolemy/domains/de/test/auto/transferInputsandOutputs.xml (RunModel)" time="0.031" />
  <testcase classname="ptolemy.util.test.junit.AutoTests" name="[91] /home/travis/build/icyphy/ptII/ptolemy/domains/de/test/auto/triggerType.xml (RunModel)" time="0.01" />
  <system-out><![CDATA[/home/travis/build/icyphy/ptII/ptolemy/domains/de/test/DependencyLoop.tcl
testDefs.tcl: setting time out to 9000 seconds at Mon Aug 05 20:06:06 UTC 2019
105 ms. Memory: 120832K Free: 72134K (60%)
24 ms. Memory: 120832K Free: 54711K (45%)
/home/travis/build/icyphy/ptII/ptolemy/domains/de/test/RunDETestsAsQSS.tcl
Run the DE tests using ptolemy.domains.qss.test.QSSDirectorTest, which extends QSSDirector and prints a message in the constructors.
------------------ testing $PTII/ptolemy/domains/de/test/auto/knownFailedTests/DirectFeedback.xml (Known Failure) 
36 ms. Memory: 120832K Free: 48582K (40%)


==== $PTIIhome/travis/build/icyphy/ptII/ptolemy/domains/de/test/../../../../: Auto Automatic test in file $PTII/ptolemy/domains/de/test/auto/knownFailedTests/DirectFeedback.xml
==== Contents of test case:

	    # FIXME: we should use $relativeFilename here, but it
	    # might have backslashes under Windows, which causes no end
	    # of trouble.
	    createAndExecute $file
	    list {}
	
.... Test generated KNOWN error:
    while executing
ptolemy.kernel.util.IllegalActionException: Test fails in iteration 1.
Value was: 1.0. Should have been: 2.0
  in .DirectFeedback.Test
	at ptolemy.actor.lib.Test.fire(Test.java:268)
	at ptolemy.domains.de.kernel.DEDirector._fire(DEDirector.java:1949)
	at ptolemy.domains.de.kernel.DEDirector.fire(DEDirector.java:502)
	at ptolemy.actor.CompositeActor.fire(CompositeActor.java:455)
	at ptolemy.actor.Manager.iterate(Manager.java:851)
	at ptolemy.actor.Manager.execute(Manager.java:369)
	at ptolemy.actor.Manager.run(Manager.java:1263)
	at ptolemy.actor.Manager$PtolemyRunThread.run(Manager.java:1933)

    while executing
ptolemy.kernel.util.IllegalActionException: Test fails in iteration 1.
Value was: 1.0. Should have been: 2.0
  in .DirectFeedback.Test
    while executing
"java::new ptolemy.moml.MoMLSimpleApplication $file
"
    (procedure "createAndExecute" line 2)
    invoked from within
"createAndExecute $file"
    ("uplevel" body line 5)
    invoked from within
"uplevel $contents_of_test"
------------------ testing $PTII/ptolemy/domains/de/test/auto/knownFailedTests/dependencyLoop.xml (Known Failure) 
36 ms. Memory: 120832K Free: 108329K (90%)


==== $PTIIhome/travis/build/icyphy/ptII/ptolemy/domains/de/test/../../../../: Auto Automatic test in file $PTII/ptolemy/domains/de/test/auto/knownFailedTests/dependencyLoop.xml
==== Contents of test case:

	    # FIXME: we should use $relativeFilename here, but it
	    # might have backslashes under Windows, which causes no end
	    # of trouble.
	    createAndExecute $file
	    list {}
	
.... Test generated KNOWN error:
    while executing
ptolemy.kernel.util.IllegalActionException: Found a zero delay loop containing .dependencyLoop.original
  in .dependencyLoop and .dependencyLoop.original
	at ptolemy.actor.util.CausalityInterfaceForComposites._computeOutputPortDepth(CausalityInterfaceForComposites.java:759)
	at ptolemy.actor.util.CausalityInterfaceForComposites._computeInputDepth(CausalityInterfaceForComposites.java:696)
	at ptolemy.actor.util.CausalityInterfaceForComposites._computeOutputPortDepth(CausalityInterfaceForComposites.java:765)
	at ptolemy.actor.util.CausalityInterfaceForComposites._computeInputDepth(CausalityInterfaceForComposites.java:696)
	at ptolemy.actor.util.CausalityInterfaceForComposites._computeOutputPortDepth(CausalityInterfaceForComposites.java:765)
	at ptolemy.actor.util.CausalityInterfaceForComposites._computeInputDepth(CausalityInterfaceForComposites.java:696)
	at ptolemy.actor.util.CausalityInterfaceForComposites._computeActorDepth(CausalityInterfaceForComposites.java:532)
	at ptolemy.actor.util.CausalityInterfaceForComposites.checkForCycles(CausalityInterfaceForComposites.java:96)
	at ptolemy.domains.de.kernel.DEDirector.preinitialize(DEDirector.java:1338)
	at ptolemy.actor.CompositeActor.preinitialize(CompositeActor.java:1828)
	at ptolemy.actor.Manager.preinitializeAndResolveTypes(Manager.java:1040)
	at ptolemy.actor.Manager.initialize(Manager.java:710)
	at ptolemy.actor.Manager.execute(Manager.java:356)
	at ptolemy.actor.Manager.run(Manager.java:1263)
	at ptolemy.actor.Manager$PtolemyRunThread.run(Manager.java:1933)

    while executing
ptolemy.kernel.util.IllegalActionException: Found a zero delay loop containing .dependencyLoop.original
  in .dependencyLoop and .dependencyLoop.original
    while executing
"java::new ptolemy.moml.MoMLSimpleApplication $file
"
    (procedure "createAndExecute" line 2)
    invoked from within
"createAndExecute $file"
    ("uplevel" body line 5)
    invoked from within
"uplevel $contents_of_test"
------------------ testing $PTII/ptolemy/domains/de/test/auto/knownFailedTests/FSMSource.xml (Known Failure) 
85 ms. Memory: 120832K Free: 99197K (82%)
!!!! Auto was marked as failing, but now passes
------------------ testing $PTII/ptolemy/domains/de/test/auto/knownFailedTests/HierarchicalModel.xml (Known Failure) 
14 ms. Memory: 120832K Free: 81758K (68%)


==== $PTIIhome/travis/build/icyphy/ptII/ptolemy/domains/de/test/../../../../: Auto Automatic test in file $PTII/ptolemy/domains/de/test/auto/knownFailedTests/HierarchicalModel.xml
==== Contents of test case:

	    # FIXME: we should use $relativeFilename here, but it
	    # might have backslashes under Windows, which causes no end
	    # of trouble.
	    createAndExecute $file
	    list {}
	
.... Test generated KNOWN error:
    while executing
ptolemy.kernel.util.IllegalActionException: Found a zero delay loop containing .HierarchicalModel.A
  in .HierarchicalModel and .HierarchicalModel.A
	at ptolemy.actor.util.CausalityInterfaceForComposites._computeOutputPortDepth(CausalityInterfaceForComposites.java:759)
	at ptolemy.actor.util.CausalityInterfaceForComposites._computeInputDepth(CausalityInterfaceForComposites.java:696)
	at ptolemy.actor.util.CausalityInterfaceForComposites._computeOutputPortDepth(CausalityInterfaceForComposites.java:765)
	at ptolemy.actor.util.CausalityInterfaceForComposites._computeInputDepth(CausalityInterfaceForComposites.java:696)
	at ptolemy.actor.util.CausalityInterfaceForComposites._computeOutputPortDepth(CausalityInterfaceForComposites.java:765)
	at ptolemy.actor.util.CausalityInterfaceForComposites._computeInputDepth(CausalityInterfaceForComposites.java:696)
	at ptolemy.actor.util.CausalityInterfaceForComposites._computeActorDepth(CausalityInterfaceForComposites.java:532)
	at ptolemy.actor.util.CausalityInterfaceForComposites.checkForCycles(CausalityInterfaceForComposites.java:96)
	at ptolemy.domains.de.kernel.DEDirector.preinitialize(DEDirector.java:1338)
	at ptolemy.actor.CompositeActor.preinitialize(CompositeActor.java:1828)
	at ptolemy.actor.Manager.preinitializeAndResolveTypes(Manager.java:1040)
	at ptolemy.actor.Manager.initialize(Manager.java:710)
	at ptolemy.actor.Manager.execute(Manager.java:356)
	at ptolemy.actor.Manager.run(Manager.java:1263)
	at ptolemy.actor.Manager$PtolemyRunThread.run(Manager.java:1933)

    while executing
ptolemy.kernel.util.IllegalActionException: Found a zero delay loop containing .HierarchicalModel.A
  in .HierarchicalModel and .HierarchicalModel.A
    while executing
"java::new ptolemy.moml.MoMLSimpleApplication $file
"
    (procedure "createAndExecute" line 2)
    invoked from within
"createAndExecute $file"
    ("uplevel" body line 5)
    invoked from within
"uplevel $contents_of_test"
------------------ testing $PTII/ptolemy/domains/de/test/auto/knownFailedTests/dependencyLoop2.xml (Known Failure) 
5 ms. Memory: 120832K Free: 65823K (54%)


==== $PTIIhome/travis/build/icyphy/ptII/ptolemy/domains/de/test/../../../../: Auto Automatic test in file $PTII/ptolemy/domains/de/test/auto/knownFailedTests/dependencyLoop2.xml
==== Contents of test case:

	    # FIXME: we should use $relativeFilename here, but it
	    # might have backslashes under Windows, which causes no end
	    # of trouble.
	    createAndExecute $file
	    list {}
	
.... Test generated KNOWN error:
    while executing
ptolemy.kernel.util.IllegalActionException: Found a zero delay loop containing .dependencyLoop2.original
  in .dependencyLoop2 and .dependencyLoop2.original
	at ptolemy.actor.util.CausalityInterfaceForComposites._computeOutputPortDepth(CausalityInterfaceForComposites.java:759)
	at ptolemy.actor.util.CausalityInterfaceForComposites._computeInputDepth(CausalityInterfaceForComposites.java:696)
	at ptolemy.actor.util.CausalityInterfaceForComposites._computeOutputPortDepth(CausalityInterfaceForComposites.java:765)
	at ptolemy.actor.util.CausalityInterfaceForComposites._computeInputDepth(CausalityInterfaceForComposites.java:696)
	at ptolemy.actor.util.CausalityInterfaceForComposites._computeOutputPortDepth(CausalityInterfaceForComposites.java:765)
	at ptolemy.actor.util.CausalityInterfaceForComposites._computeInputDepth(CausalityInterfaceForComposites.java:696)
	at ptolemy.actor.util.CausalityInterfaceForComposites._computeActorDepth(CausalityInterfaceForComposites.java:532)
	at ptolemy.actor.util.CausalityInterfaceForComposites.checkForCycles(CausalityInterfaceForComposites.java:96)
	at ptolemy.domains.de.kernel.DEDirector.preinitialize(DEDirector.java:1338)
	at ptolemy.actor.CompositeActor.preinitialize(CompositeActor.java:1828)
	at ptolemy.actor.Manager.preinitializeAndResolveTypes(Manager.java:1040)
	at ptolemy.actor.Manager.initialize(Manager.java:710)
	at ptolemy.actor.Manager.execute(Manager.java:356)
	at ptolemy.actor.Manager.run(Manager.java:1263)
	at ptolemy.actor.Manager$PtolemyRunThread.run(Manager.java:1933)

    while executing
ptolemy.kernel.util.IllegalActionException: Found a zero delay loop containing .dependencyLoop2.original
  in .dependencyLoop2 and .dependencyLoop2.original
    while executing
"java::new ptolemy.moml.MoMLSimpleApplication $file
"
    (procedure "createAndExecute" line 2)
    invoked from within
"createAndExecute $file"
    ("uplevel" body line 5)
    invoked from within
"uplevel $contents_of_test"
------------------ testing $PTII/ptolemy/domains/de/test/auto/knownFailedTests/DESDFClockTest.xml (Known Failure) 
2054 ms. Memory: 120832K Free: 94423K (78%)


==== $PTIIhome/travis/build/icyphy/ptII/ptolemy/domains/de/test/../../../../: Auto Automatic test in file $PTII/ptolemy/domains/de/test/auto/knownFailedTests/DESDFClockTest.xml
==== Contents of test case:

	    # FIXME: we should use $relativeFilename here, but it
	    # might have backslashes under Windows, which causes no end
	    # of trouble.
	    createAndExecute $file
	    list {}
	
.... Test generated KNOWN error:
    while executing
ptolemy.kernel.util.IllegalActionException: Actor is not ready to fire.  Perhaps UpSample.prefire() returned false? Try debugging the actor by selecting "Listen to Actor".  Also, for SDF check moml for tokenConsumptionRate on input.
  in .DESDFClockTest.Play Bell.Copy1:SDF Director and .DESDFClockTest.Play Bell.UpSample
	at ptolemy.actor.sched.StaticSchedulingDirector.fire(StaticSchedulingDirector.java:227)
	at ptolemy.domains.sdf.kernel.SDFDirector.fire(SDFDirector.java:500)
	at ptolemy.actor.CompositeActor.fire(CompositeActor.java:455)
	at ptolemy.domains.de.kernel.DEDirector._fire(DEDirector.java:1949)
	at ptolemy.domains.de.kernel.DEDirector.fire(DEDirector.java:502)
	at ptolemy.actor.CompositeActor.fire(CompositeActor.java:455)
	at ptolemy.actor.Manager.iterate(Manager.java:851)
	at ptolemy.actor.Manager.execute(Manager.java:369)
	at ptolemy.actor.Manager.run(Manager.java:1263)
	at ptolemy.actor.Manager$PtolemyRunThread.run(Manager.java:1933)

    while executing
ptolemy.kernel.util.IllegalActionException: Actor is not ready to fire.  Perhaps UpSample.prefire() returned false? Try debugging the actor by selecting "Listen to Actor".  Also, for SDF check moml for tokenConsumptionRate on input.
  in .DESDFClockTest.Play Bell.Copy1:SDF Director and .DESDFClockTest.Play Bell.UpSample
    while executing
"java::new ptolemy.moml.MoMLSimpleApplication $file
"
    (procedure "createAndExecute" line 2)
    invoked from within
"createAndExecute $file"
    ("uplevel" body line 5)
    invoked from within
"uplevel $contents_of_test"
------------------ testing $PTII/ptolemy/domains/de/test/auto/ActorDepthCalculation_actorWithoutPorts.xml
auto.tcl: Setting watchdog for 200 seconds at Mon Aug 05 20:06:10 UTC 2019
5 ms. Memory: 120832K Free: 87225K (72%)
ptolemy.util.test.WatchDog.cancel(): canceling Mon Aug 05 20:06:10 UTC 2019
auto.tcl: Setting watchdog for 200 seconds at Mon Aug 05 20:06:10 UTC 2019
5 ms. Memory: 120832K Free: 85947K (71%)
ptolemy.util.test.WatchDog.cancel(): canceling Mon Aug 05 20:06:10 UTC 2019
------------------ testing $PTII/ptolemy/domains/de/test/auto/AssemblyLine.xml
auto.tcl: Setting watchdog for 200 seconds at Mon Aug 05 20:06:10 UTC 2019
9 ms. Memory: 48128K Free: 25771K (54%)
ptolemy.util.test.WatchDog.cancel(): canceling Mon Aug 05 20:06:10 UTC 2019
auto.tcl: Setting watchdog for 200 seconds at Mon Aug 05 20:06:10 UTC 2019
10 ms. Memory: 48128K Free: 24858K (52%)
ptolemy.util.test.WatchDog.cancel(): canceling Mon Aug 05 20:06:10 UTC 2019
------------------ testing $PTII/ptolemy/domains/de/test/auto/CQBug1.xml
auto.tcl: Setting watchdog for 200 seconds at Mon Aug 05 20:06:10 UTC 2019
3 ms. Memory: 48128K Free: 31462K (65%)
ptolemy.util.test.WatchDog.cancel(): canceling Mon Aug 05 20:06:10 UTC 2019
auto.tcl: Setting watchdog for 200 seconds at Mon Aug 05 20:06:10 UTC 2019
3 ms. Memory: 48128K Free: 31033K (64%)
ptolemy.util.test.WatchDog.cancel(): canceling Mon Aug 05 20:06:10 UTC 2019
------------------ testing $PTII/ptolemy/domains/de/test/auto/CancelFireAt.xml
auto.tcl: Setting watchdog for 200 seconds at Mon Aug 05 20:06:10 UTC 2019
5 ms. Memory: 45056K Free: 29691K (66%)
ptolemy.util.test.WatchDog.cancel(): canceling Mon Aug 05 20:06:10 UTC 2019
auto.tcl: Setting watchdog for 200 seconds at Mon Aug 05 20:06:10 UTC 2019
2 ms. Memory: 45056K Free: 29247K (65%)
ptolemy.util.test.WatchDog.cancel(): canceling Mon Aug 05 20:06:10 UTC 2019
------------------ testing $PTII/ptolemy/domains/de/test/auto/CausalityAndComposabilityAnalysis.xml
auto.tcl: Setting watchdog for 200 seconds at Mon Aug 05 20:06:10 UTC 2019
21 ms. Memory: 45056K Free: 27664K (61%)
ptolemy.util.test.WatchDog.cancel(): canceling Mon Aug 05 20:06:10 UTC 2019
auto.tcl: Setting watchdog for 200 seconds at Mon Aug 05 20:06:10 UTC 2019
12 ms. Memory: 45056K Free: 26891K (60%)
ptolemy.util.test.WatchDog.cancel(): canceling Mon Aug 05 20:06:10 UTC 2019
------------------ testing $PTII/ptolemy/domains/de/test/auto/CausalityInterface1.xml
auto.tcl: Setting watchdog for 200 seconds at Mon Aug 05 20:06:10 UTC 2019
29 ms. Memory: 45056K Free: 26362K (59%)
ptolemy.util.test.WatchDog.cancel(): canceling Mon Aug 05 20:06:11 UTC 2019
auto.tcl: Setting watchdog for 200 seconds at Mon Aug 05 20:06:11 UTC 2019
5 ms. Memory: 45056K Free: 25397K (56%)
ptolemy.util.test.WatchDog.cancel(): canceling Mon Aug 05 20:06:11 UTC 2019
------------------ testing $PTII/ptolemy/domains/de/test/auto/CausalityInterface15.xml
auto.tcl: Setting watchdog for 200 seconds at Mon Aug 05 20:06:11 UTC 2019
15 ms. Memory: 45056K Free: 26047K (58%)
ptolemy.util.test.WatchDog.cancel(): canceling Mon Aug 05 20:06:11 UTC 2019
auto.tcl: Setting watchdog for 200 seconds at Mon Aug 05 20:06:11 UTC 2019
4 ms. Memory: 45056K Free: 25346K (56%)
ptolemy.util.test.WatchDog.cancel(): canceling Mon Aug 05 20:06:11 UTC 2019
------------------ testing $PTII/ptolemy/domains/de/test/auto/CausalityInterface2.xml
auto.tcl: Setting watchdog for 200 seconds at Mon Aug 05 20:06:11 UTC 2019
7 ms. Memory: 45056K Free: 27146K (60%)
ptolemy.util.test.WatchDog.cancel(): canceling Mon Aug 05 20:06:11 UTC 2019
auto.tcl: Setting watchdog for 200 seconds at Mon Aug 05 20:06:11 UTC 2019
4 ms. Memory: 45056K Free: 26231K (58%)
ptolemy.util.test.WatchDog.cancel(): canceling Mon Aug 05 20:06:11 UTC 2019
------------------ testing $PTII/ptolemy/domains/de/test/auto/CausalityInterface3.xml
auto.tcl: Setting watchdog for 200 seconds at Mon Aug 05 20:06:11 UTC 2019
4 ms. Memory: 45056K Free: 26448K (59%)
ptolemy.util.test.WatchDog.cancel(): canceling Mon Aug 05 20:06:11 UTC 2019
auto.tcl: Setting watchdog for 200 seconds at Mon Aug 05 20:06:11 UTC 2019
7 ms. Memory: 45056K Free: 25652K (57%)
ptolemy.util.test.WatchDog.cancel(): canceling Mon Aug 05 20:06:11 UTC 2019
------------------ testing $PTII/ptolemy/domains/de/test/auto/ClockDrift.xml
auto.tcl: Setting watchdog for 200 seconds at Mon Aug 05 20:06:11 UTC 2019
83 ms. Memory: 45056K Free: 19025K (42%)
ptolemy.util.test.WatchDog.cancel(): canceling Mon Aug 05 20:06:11 UTC 2019
auto.tcl: Setting watchdog for 200 seconds at Mon Aug 05 20:06:11 UTC 2019
62 ms. Memory: 45056K Free: 16013K (36%)
ptolemy.util.test.WatchDog.cancel(): canceling Mon Aug 05 20:06:11 UTC 2019
------------------ testing $PTII/ptolemy/domains/de/test/auto/ClockDriftAndValueChange.xml
auto.tcl: Setting watchdog for 200 seconds at Mon Aug 05 20:06:11 UTC 2019
22 ms. Memory: 45056K Free: 19118K (42%)
ptolemy.util.test.WatchDog.cancel(): canceling Mon Aug 05 20:06:11 UTC 2019
auto.tcl: Setting watchdog for 200 seconds at Mon Aug 05 20:06:11 UTC 2019
30 ms. Memory: 45056K Free: 16274K (36%)
ptolemy.util.test.WatchDog.cancel(): canceling Mon Aug 05 20:06:11 UTC 2019
------------------ testing $PTII/ptolemy/domains/de/test/auto/ClockDriftChange.xml
auto.tcl: Setting watchdog for 200 seconds at Mon Aug 05 20:06:11 UTC 2019
22 ms. Memory: 45056K Free: 21167K (47%)
ptolemy.util.test.WatchDog.cancel(): canceling Mon Aug 05 20:06:11 UTC 2019
auto.tcl: Setting watchdog for 200 seconds at Mon Aug 05 20:06:11 UTC 2019
19 ms. Memory: 45056K Free: 18611K (41%)
ptolemy.util.test.WatchDog.cancel(): canceling Mon Aug 05 20:06:11 UTC 2019
------------------ testing $PTII/ptolemy/domains/de/test/auto/ComposableCausalityAnalysis.xml
auto.tcl: Setting watchdog for 200 seconds at Mon Aug 05 20:06:11 UTC 2019
3 ms. Memory: 45056K Free: 25814K (57%)
ptolemy.util.test.WatchDog.cancel(): canceling Mon Aug 05 20:06:11 UTC 2019
auto.tcl: Setting watchdog for 200 seconds at Mon Aug 05 20:06:11 UTC 2019
3 ms. Memory: 45056K Free: 24778K (55%)
ptolemy.util.test.WatchDog.cancel(): canceling Mon Aug 05 20:06:11 UTC 2019
------------------ testing $PTII/ptolemy/domains/de/test/auto/DEFixedPointLimitation.xml
auto.tcl: Setting watchdog for 200 seconds at Mon Aug 05 20:06:12 UTC 2019
4 ms. Memory: 45056K Free: 27161K (60%)
ptolemy.util.test.WatchDog.cancel(): canceling Mon Aug 05 20:06:12 UTC 2019
auto.tcl: Setting watchdog for 200 seconds at Mon Aug 05 20:06:12 UTC 2019
1 ms. Memory: 45056K Free: 26237K (58%)
ptolemy.util.test.WatchDog.cancel(): canceling Mon Aug 05 20:06:12 UTC 2019
------------------ testing $PTII/ptolemy/domains/de/test/auto/DEScheduleTest.xml
auto.tcl: Setting watchdog for 200 seconds at Mon Aug 05 20:06:12 UTC 2019
12 ms. Memory: 45056K Free: 27414K (61%)
ptolemy.util.test.WatchDog.cancel(): canceling Mon Aug 05 20:06:12 UTC 2019
auto.tcl: Setting watchdog for 200 seconds at Mon Aug 05 20:06:12 UTC 2019
3 ms. Memory: 45056K Free: 26668K (59%)
ptolemy.util.test.WatchDog.cancel(): canceling Mon Aug 05 20:06:12 UTC 2019
------------------ testing $PTII/ptolemy/domains/de/test/auto/DEinDEwithStartTimes.xml
auto.tcl: Setting watchdog for 200 seconds at Mon Aug 05 20:06:12 UTC 2019
3 ms. Memory: 45056K Free: 25595K (57%)
ptolemy.util.test.WatchDog.cancel(): canceling Mon Aug 05 20:06:12 UTC 2019
auto.tcl: Setting watchdog for 200 seconds at Mon Aug 05 20:06:12 UTC 2019
3 ms. Memory: 45056K Free: 24571K (55%)
ptolemy.util.test.WatchDog.cancel(): canceling Mon Aug 05 20:06:12 UTC 2019
------------------ testing $PTII/ptolemy/domains/de/test/auto/DEinDEwithStartTimes2.xml
auto.tcl: Setting watchdog for 200 seconds at Mon Aug 05 20:06:12 UTC 2019
5 ms. Memory: 45056K Free: 24832K (55%)
ptolemy.util.test.WatchDog.cancel(): canceling Mon Aug 05 20:06:12 UTC 2019
auto.tcl: Setting watchdog for 200 seconds at Mon Aug 05 20:06:12 UTC 2019
4 ms. Memory: 45056K Free: 23526K (52%)
ptolemy.util.test.WatchDog.cancel(): canceling Mon Aug 05 20:06:12 UTC 2019
------------------ testing $PTII/ptolemy/domains/de/test/auto/DateDemo.xml
auto.tcl: Setting watchdog for 200 seconds at Mon Aug 05 20:06:12 UTC 2019
13 ms. Memory: 45056K Free: 19177K (43%)
ptolemy.util.test.WatchDog.cancel(): canceling Mon Aug 05 20:06:12 UTC 2019
auto.tcl: Setting watchdog for 200 seconds at Mon Aug 05 20:06:12 UTC 2019
11 ms. Memory: 45056K Free: 17623K (39%)
ptolemy.util.test.WatchDog.cancel(): canceling Mon Aug 05 20:06:12 UTC 2019
------------------ testing $PTII/ptolemy/domains/de/test/auto/DateToEvent.xml
auto.tcl: Setting watchdog for 200 seconds at Mon Aug 05 20:06:12 UTC 2019
2021 ms. Memory: 45056K Free: 15087K (33%)
ptolemy.util.test.WatchDog.cancel(): canceling Mon Aug 05 20:06:14 UTC 2019
auto.tcl: Setting watchdog for 200 seconds at Mon Aug 05 20:06:14 UTC 2019
2005 ms. Memory: 45056K Free: 14361K (32%)
ptolemy.util.test.WatchDog.cancel(): canceling Mon Aug 05 20:06:16 UTC 2019
------------------ testing $PTII/ptolemy/domains/de/test/auto/DepthTest1.xml
auto.tcl: Setting watchdog for 200 seconds at Mon Aug 05 20:06:16 UTC 2019
8 ms. Memory: 45056K Free: 28375K (63%)
ptolemy.util.test.WatchDog.cancel(): canceling Mon Aug 05 20:06:16 UTC 2019
auto.tcl: Setting watchdog for 200 seconds at Mon Aug 05 20:06:16 UTC 2019
2 ms. Memory: 45056K Free: 27868K (62%)
ptolemy.util.test.WatchDog.cancel(): canceling Mon Aug 05 20:06:16 UTC 2019
------------------ testing $PTII/ptolemy/domains/de/test/auto/DepthTest2.xml
auto.tcl: Setting watchdog for 200 seconds at Mon Aug 05 20:06:16 UTC 2019
12 ms. Memory: 45056K Free: 25102K (56%)
ptolemy.util.test.WatchDog.cancel(): canceling Mon Aug 05 20:06:16 UTC 2019
auto.tcl: Setting watchdog for 200 seconds at Mon Aug 05 20:06:16 UTC 2019
3 ms. Memory: 45056K Free: 24720K (55%)
ptolemy.util.test.WatchDog.cancel(): canceling Mon Aug 05 20:06:16 UTC 2019
------------------ testing $PTII/ptolemy/domains/de/test/auto/DepthTest3.xml
auto.tcl: Setting watchdog for 200 seconds at Mon Aug 05 20:06:16 UTC 2019
2 ms. Memory: 45056K Free: 28563K (63%)
ptolemy.util.test.WatchDog.cancel(): canceling Mon Aug 05 20:06:16 UTC 2019
auto.tcl: Setting watchdog for 200 seconds at Mon Aug 05 20:06:16 UTC 2019
1 ms. Memory: 45056K Free: 28171K (63%)
ptolemy.util.test.WatchDog.cancel(): canceling Mon Aug 05 20:06:16 UTC 2019
------------------ testing $PTII/ptolemy/domains/de/test/auto/DepthTest4.xml
auto.tcl: Setting watchdog for 200 seconds at Mon Aug 05 20:06:16 UTC 2019
3 ms. Memory: 45056K Free: 26920K (60%)
ptolemy.util.test.WatchDog.cancel(): canceling Mon Aug 05 20:06:16 UTC 2019
auto.tcl: Setting watchdog for 200 seconds at Mon Aug 05 20:06:16 UTC 2019
2 ms. Memory: 45056K Free: 26184K (58%)
ptolemy.util.test.WatchDog.cancel(): canceling Mon Aug 05 20:06:16 UTC 2019
------------------ testing $PTII/ptolemy/domains/de/test/auto/DepthTest5.xml
auto.tcl: Setting watchdog for 200 seconds at Mon Aug 05 20:06:16 UTC 2019
6 ms. Memory: 45056K Free: 26026K (58%)
ptolemy.util.test.WatchDog.cancel(): canceling Mon Aug 05 20:06:16 UTC 2019
auto.tcl: Setting watchdog for 200 seconds at Mon Aug 05 20:06:16 UTC 2019
3 ms. Memory: 45056K Free: 25636K (57%)
ptolemy.util.test.WatchDog.cancel(): canceling Mon Aug 05 20:06:16 UTC 2019
------------------ testing $PTII/ptolemy/domains/de/test/auto/DepthTest6.xml
auto.tcl: Setting watchdog for 200 seconds at Mon Aug 05 20:06:17 UTC 2019
4 ms. Memory: 45056K Free: 26052K (58%)
ptolemy.util.test.WatchDog.cancel(): canceling Mon Aug 05 20:06:17 UTC 2019
auto.tcl: Setting watchdog for 200 seconds at Mon Aug 05 20:06:17 UTC 2019
3 ms. Memory: 45056K Free: 25502K (57%)
ptolemy.util.test.WatchDog.cancel(): canceling Mon Aug 05 20:06:17 UTC 2019
------------------ testing $PTII/ptolemy/domains/de/test/auto/DepthTest7.xml
auto.tcl: Setting watchdog for 200 seconds at Mon Aug 05 20:06:17 UTC 2019
3 ms. Memory: 45056K Free: 26685K (59%)
ptolemy.util.test.WatchDog.cancel(): canceling Mon Aug 05 20:06:17 UTC 2019
auto.tcl: Setting watchdog for 200 seconds at Mon Aug 05 20:06:17 UTC 2019
3 ms. Memory: 45056K Free: 25771K (57%)
ptolemy.util.test.WatchDog.cancel(): canceling Mon Aug 05 20:06:17 UTC 2019
------------------ testing $PTII/ptolemy/domains/de/test/auto/EventToDate.xml
auto.tcl: Setting watchdog for 200 seconds at Mon Aug 05 20:06:17 UTC 2019
3006 ms. Memory: 45056K Free: 17328K (38%)
ptolemy.util.test.WatchDog.cancel(): canceling Mon Aug 05 20:06:20 UTC 2019
auto.tcl: Setting watchdog for 200 seconds at Mon Aug 05 20:06:20 UTC 2019
3004 ms. Memory: 45056K Free: 16562K (37%)
ptolemy.util.test.WatchDog.cancel(): canceling Mon Aug 05 20:06:23 UTC 2019
------------------ testing $PTII/ptolemy/domains/de/test/auto/FSM1.xml
auto.tcl: Setting watchdog for 200 seconds at Mon Aug 05 20:06:23 UTC 2019
25 ms. Memory: 45056K Free: 18357K (41%)
ptolemy.util.test.WatchDog.cancel(): canceling Mon Aug 05 20:06:23 UTC 2019
auto.tcl: Setting watchdog for 200 seconds at Mon Aug 05 20:06:23 UTC 2019
17 ms. Memory: 45056K Free: 15228K (34%)
ptolemy.util.test.WatchDog.cancel(): canceling Mon Aug 05 20:06:23 UTC 2019
------------------ testing $PTII/ptolemy/domains/de/test/auto/FSM7.xml
auto.tcl: Setting watchdog for 200 seconds at Mon Aug 05 20:06:23 UTC 2019
31 ms. Memory: 45056K Free: 18558K (41%)
ptolemy.util.test.WatchDog.cancel(): canceling Mon Aug 05 20:06:23 UTC 2019
auto.tcl: Setting watchdog for 200 seconds at Mon Aug 05 20:06:23 UTC 2019
30 ms. Memory: 45056K Free: 15173K (34%)
ptolemy.util.test.WatchDog.cancel(): canceling Mon Aug 05 20:06:23 UTC 2019
------------------ testing $PTII/ptolemy/domains/de/test/auto/Inspection.xml
auto.tcl: Setting watchdog for 200 seconds at Mon Aug 05 20:06:23 UTC 2019
36 ms. Memory: 45056K Free: 18578K (41%)
ptolemy.util.test.WatchDog.cancel(): canceling Mon Aug 05 20:06:23 UTC 2019
auto.tcl: Setting watchdog for 200 seconds at Mon Aug 05 20:06:23 UTC 2019
34 ms. Memory: 45056K Free: 16839K (37%)
ptolemy.util.test.WatchDog.cancel(): canceling Mon Aug 05 20:06:23 UTC 2019
------------------ testing $PTII/ptolemy/domains/de/test/auto/Iteration.xml
auto.tcl: Setting watchdog for 200 seconds at Mon Aug 05 20:06:23 UTC 2019
9 ms. Memory: 45056K Free: 24349K (54%)
ptolemy.util.test.WatchDog.cancel(): canceling Mon Aug 05 20:06:23 UTC 2019
auto.tcl: Setting watchdog for 200 seconds at Mon Aug 05 20:06:23 UTC 2019
9 ms. Memory: 45056K Free: 22894K (51%)
ptolemy.util.test.WatchDog.cancel(): canceling Mon Aug 05 20:06:23 UTC 2019
------------------ testing $PTII/ptolemy/domains/de/test/auto/LineFault.xml
auto.tcl: Setting watchdog for 200 seconds at Mon Aug 05 20:06:23 UTC 2019
696 ms. Memory: 54272K Free: 34503K (64%)
ptolemy.util.test.WatchDog.cancel(): canceling Mon Aug 05 20:06:24 UTC 2019
auto.tcl: Setting watchdog for 200 seconds at Mon Aug 05 20:06:24 UTC 2019
699 ms. Memory: 54272K Free: 27416K (51%)
ptolemy.util.test.WatchDog.cancel(): canceling Mon Aug 05 20:06:25 UTC 2019
------------------ testing $PTII/ptolemy/domains/de/test/auto/MergeModel1Add.xml
auto.tcl: Setting watchdog for 200 seconds at Mon Aug 05 20:06:25 UTC 2019
19 ms. Memory: 54272K Free: 19194K (35%)
ptolemy.util.test.WatchDog.cancel(): canceling Mon Aug 05 20:06:25 UTC 2019
auto.tcl: Setting watchdog for 200 seconds at Mon Aug 05 20:06:25 UTC 2019
14 ms. Memory: 54272K Free: 17493K (32%)
ptolemy.util.test.WatchDog.cancel(): canceling Mon Aug 05 20:06:25 UTC 2019
------------------ testing $PTII/ptolemy/domains/de/test/auto/MergeModel2Add.xml
auto.tcl: Setting watchdog for 200 seconds at Mon Aug 05 20:06:25 UTC 2019
18 ms. Memory: 48128K Free: 14878K (31%)
ptolemy.util.test.WatchDog.cancel(): canceling Mon Aug 05 20:06:25 UTC 2019
auto.tcl: Setting watchdog for 200 seconds at Mon Aug 05 20:06:25 UTC 2019
10 ms. Memory: 48128K Free: 13125K (27%)
ptolemy.util.test.WatchDog.cancel(): canceling Mon Aug 05 20:06:25 UTC 2019
------------------ testing $PTII/ptolemy/domains/de/test/auto/MergeModel3Add.xml
auto.tcl: Setting watchdog for 200 seconds at Mon Aug 05 20:06:25 UTC 2019
10 ms. Memory: 48128K Free: 15103K (31%)
ptolemy.util.test.WatchDog.cancel(): canceling Mon Aug 05 20:06:25 UTC 2019
auto.tcl: Setting watchdog for 200 seconds at Mon Aug 05 20:06:25 UTC 2019
11 ms. Memory: 48128K Free: 13704K (28%)
ptolemy.util.test.WatchDog.cancel(): canceling Mon Aug 05 20:06:26 UTC 2019
------------------ testing $PTII/ptolemy/domains/de/test/auto/MergeWithoutDiscard.xml
auto.tcl: Setting watchdog for 200 seconds at Mon Aug 05 20:06:26 UTC 2019
4 ms. Memory: 48128K Free: 29445K (61%)
ptolemy.util.test.WatchDog.cancel(): canceling Mon Aug 05 20:06:26 UTC 2019
auto.tcl: Setting watchdog for 200 seconds at Mon Aug 05 20:06:26 UTC 2019
1 ms. Memory: 48128K Free: 29005K (60%)
ptolemy.util.test.WatchDog.cancel(): canceling Mon Aug 05 20:06:26 UTC 2019
------------------ testing $PTII/ptolemy/domains/de/test/auto/Modal1.xml
auto.tcl: Setting watchdog for 200 seconds at Mon Aug 05 20:06:26 UTC 2019
16 ms. Memory: 48128K Free: 21571K (45%)
ptolemy.util.test.WatchDog.cancel(): canceling Mon Aug 05 20:06:26 UTC 2019
auto.tcl: Setting watchdog for 200 seconds at Mon Aug 05 20:06:26 UTC 2019
20 ms. Memory: 48128K Free: 18117K (38%)
ptolemy.util.test.WatchDog.cancel(): canceling Mon Aug 05 20:06:26 UTC 2019
------------------ testing $PTII/ptolemy/domains/de/test/auto/Modal2.xml
auto.tcl: Setting watchdog for 200 seconds at Mon Aug 05 20:06:26 UTC 2019
11 ms. Memory: 48128K Free: 21716K (45%)
ptolemy.util.test.WatchDog.cancel(): canceling Mon Aug 05 20:06:26 UTC 2019
auto.tcl: Setting watchdog for 200 seconds at Mon Aug 05 20:06:26 UTC 2019
12 ms. Memory: 48128K Free: 18474K (38%)
ptolemy.util.test.WatchDog.cancel(): canceling Mon Aug 05 20:06:26 UTC 2019
------------------ testing $PTII/ptolemy/domains/de/test/auto/Modal3.xml
auto.tcl: Setting watchdog for 200 seconds at Mon Aug 05 20:06:26 UTC 2019
16 ms. Memory: 48128K Free: 21454K (45%)
ptolemy.util.test.WatchDog.cancel(): canceling Mon Aug 05 20:06:26 UTC 2019
auto.tcl: Setting watchdog for 200 seconds at Mon Aug 05 20:06:26 UTC 2019
16 ms. Memory: 48128K Free: 18489K (38%)
ptolemy.util.test.WatchDog.cancel(): canceling Mon Aug 05 20:06:26 UTC 2019
------------------ testing $PTII/ptolemy/domains/de/test/auto/Modal4.xml
auto.tcl: Setting watchdog for 200 seconds at Mon Aug 05 20:06:26 UTC 2019
28 ms. Memory: 48128K Free: 20427K (42%)
ptolemy.util.test.WatchDog.cancel(): canceling Mon Aug 05 20:06:26 UTC 2019
auto.tcl: Setting watchdog for 200 seconds at Mon Aug 05 20:06:26 UTC 2019
23 ms. Memory: 48128K Free: 16441K (34%)
ptolemy.util.test.WatchDog.cancel(): canceling Mon Aug 05 20:06:26 UTC 2019
------------------ testing $PTII/ptolemy/domains/de/test/auto/Modal5.xml
auto.tcl: Setting watchdog for 200 seconds at Mon Aug 05 20:06:26 UTC 2019
17 ms. Memory: 48128K Free: 20659K (43%)
ptolemy.util.test.WatchDog.cancel(): canceling Mon Aug 05 20:06:26 UTC 2019
auto.tcl: Setting watchdog for 200 seconds at Mon Aug 05 20:06:26 UTC 2019
17 ms. Memory: 48128K Free: 16825K (35%)
ptolemy.util.test.WatchDog.cancel(): canceling Mon Aug 05 20:06:26 UTC 2019
------------------ testing $PTII/ptolemy/domains/de/test/auto/Modal6.xml
auto.tcl: Setting watchdog for 200 seconds at Mon Aug 05 20:06:26 UTC 2019
13 ms. Memory: 48128K Free: 21420K (45%)
ptolemy.util.test.WatchDog.cancel(): canceling Mon Aug 05 20:06:26 UTC 2019
auto.tcl: Setting watchdog for 200 seconds at Mon Aug 05 20:06:26 UTC 2019
15 ms. Memory: 48128K Free: 17435K (36%)
ptolemy.util.test.WatchDog.cancel(): canceling Mon Aug 05 20:06:26 UTC 2019
------------------ testing $PTII/ptolemy/domains/de/test/auto/Modal7.xml
auto.tcl: Setting watchdog for 200 seconds at Mon Aug 05 20:06:26 UTC 2019
11 ms. Memory: 48128K Free: 20389K (42%)
ptolemy.util.test.WatchDog.cancel(): canceling Mon Aug 05 20:06:26 UTC 2019
auto.tcl: Setting watchdog for 200 seconds at Mon Aug 05 20:06:26 UTC 2019
13 ms. Memory: 48128K Free: 16825K (35%)
ptolemy.util.test.WatchDog.cancel(): canceling Mon Aug 05 20:06:26 UTC 2019
------------------ testing $PTII/ptolemy/domains/de/test/auto/ModalModel.xml
auto.tcl: Setting watchdog for 200 seconds at Mon Aug 05 20:06:26 UTC 2019
212 ms. Memory: 62464K Free: 26101K (42%)
ptolemy.util.test.WatchDog.cancel(): canceling Mon Aug 05 20:06:27 UTC 2019
auto.tcl: Setting watchdog for 200 seconds at Mon Aug 05 20:06:27 UTC 2019
211 ms. Memory: 62464K Free: 25796K (41%)
ptolemy.util.test.WatchDog.cancel(): canceling Mon Aug 05 20:06:27 UTC 2019
------------------ testing $PTII/ptolemy/domains/de/test/auto/ModalSource.xml
auto.tcl: Setting watchdog for 200 seconds at Mon Aug 05 20:06:27 UTC 2019
7 ms. Memory: 51200K Free: 28571K (56%)
ptolemy.util.test.WatchDog.cancel(): canceling Mon Aug 05 20:06:27 UTC 2019
auto.tcl: Setting watchdog for 200 seconds at Mon Aug 05 20:06:27 UTC 2019
7 ms. Memory: 51200K Free: 26523K (52%)
ptolemy.util.test.WatchDog.cancel(): canceling Mon Aug 05 20:06:27 UTC 2019
------------------ testing $PTII/ptolemy/domains/de/test/auto/NonInterruptibleTimerZeroDelay.xml
auto.tcl: Setting watchdog for 200 seconds at Mon Aug 05 20:06:27 UTC 2019
4 ms. Memory: 51200K Free: 33445K (65%)
ptolemy.util.test.WatchDog.cancel(): canceling Mon Aug 05 20:06:27 UTC 2019
auto.tcl: Setting watchdog for 200 seconds at Mon Aug 05 20:06:27 UTC 2019
2 ms. Memory: 51200K Free: 32833K (64%)
ptolemy.util.test.WatchDog.cancel(): canceling Mon Aug 05 20:06:27 UTC 2019
------------------ testing $PTII/ptolemy/domains/de/test/auto/OpenQueueingNetwork.xml
auto.tcl: Setting watchdog for 200 seconds at Mon Aug 05 20:06:27 UTC 2019
3118 ms. Memory: 107520K Free: 88268K (82%)
ptolemy.util.test.WatchDog.cancel(): canceling Mon Aug 05 20:06:30 UTC 2019
auto.tcl: Setting watchdog for 200 seconds at Mon Aug 05 20:06:30 UTC 2019
2849 ms. Memory: 129024K Free: 103825K (80%)
ptolemy.util.test.WatchDog.cancel(): canceling Mon Aug 05 20:06:33 UTC 2019
------------------ testing $PTII/ptolemy/domains/de/test/auto/OpenQueuingNetwork.xml
auto.tcl: Setting watchdog for 200 seconds at Mon Aug 05 20:06:33 UTC 2019
241 ms. Memory: 51200K Free: 18447K (36%)
ptolemy.util.test.WatchDog.cancel(): canceling Mon Aug 05 20:06:34 UTC 2019
auto.tcl: Setting watchdog for 200 seconds at Mon Aug 05 20:06:34 UTC 2019
234 ms. Memory: 51200K Free: 23992K (47%)
ptolemy.util.test.WatchDog.cancel(): canceling Mon Aug 05 20:06:34 UTC 2019
------------------ testing $PTII/ptolemy/domains/de/test/auto/PeriodicSampler.xml
auto.tcl: Setting watchdog for 200 seconds at Mon Aug 05 20:06:34 UTC 2019
3 ms. Memory: 51200K Free: 32707K (64%)
ptolemy.util.test.WatchDog.cancel(): canceling Mon Aug 05 20:06:34 UTC 2019
auto.tcl: Setting watchdog for 200 seconds at Mon Aug 05 20:06:34 UTC 2019
2 ms. Memory: 51200K Free: 31767K (62%)
ptolemy.util.test.WatchDog.cancel(): canceling Mon Aug 05 20:06:34 UTC 2019
------------------ testing $PTII/ptolemy/domains/de/test/auto/PersistentIO.xml
auto.tcl: Setting watchdog for 200 seconds at Mon Aug 05 20:06:34 UTC 2019
13 ms. Memory: 51200K Free: 27646K (54%)
ptolemy.util.test.WatchDog.cancel(): canceling Mon Aug 05 20:06:34 UTC 2019
auto.tcl: Setting watchdog for 200 seconds at Mon Aug 05 20:06:34 UTC 2019
5 ms. Memory: 51200K Free: 26180K (51%)
ptolemy.util.test.WatchDog.cancel(): canceling Mon Aug 05 20:06:34 UTC 2019
------------------ testing $PTII/ptolemy/domains/de/test/auto/PortParameterResetOnInitialize.xml
auto.tcl: Setting watchdog for 200 seconds at Mon Aug 05 20:06:34 UTC 2019
2 ms. Memory: 48128K Free: 29773K (62%)
ptolemy.util.test.WatchDog.cancel(): canceling Mon Aug 05 20:06:34 UTC 2019
auto.tcl: Setting watchdog for 200 seconds at Mon Aug 05 20:06:34 UTC 2019
2 ms. Memory: 48128K Free: 29321K (61%)
ptolemy.util.test.WatchDog.cancel(): canceling Mon Aug 05 20:06:34 UTC 2019
------------------ testing $PTII/ptolemy/domains/de/test/auto/PortParameterUpdates.xml
auto.tcl: Setting watchdog for 200 seconds at Mon Aug 05 20:06:34 UTC 2019
3 ms. Memory: 48128K Free: 27642K (57%)
ptolemy.util.test.WatchDog.cancel(): canceling Mon Aug 05 20:06:34 UTC 2019
auto.tcl: Setting watchdog for 200 seconds at Mon Aug 05 20:06:34 UTC 2019
5 ms. Memory: 48128K Free: 26218K (54%)
ptolemy.util.test.WatchDog.cancel(): canceling Mon Aug 05 20:06:34 UTC 2019
------------------ testing $PTII/ptolemy/domains/de/test/auto/QueueAndServer.xml
auto.tcl: Setting watchdog for 200 seconds at Mon Aug 05 20:06:34 UTC 2019
6 ms. Memory: 48128K Free: 26561K (55%)
ptolemy.util.test.WatchDog.cancel(): canceling Mon Aug 05 20:06:34 UTC 2019
auto.tcl: Setting watchdog for 200 seconds at Mon Aug 05 20:06:34 UTC 2019
6 ms. Memory: 48128K Free: 25142K (52%)
ptolemy.util.test.WatchDog.cancel(): canceling Mon Aug 05 20:06:34 UTC 2019
------------------ testing $PTII/ptolemy/domains/de/test/auto/Records.xml
auto.tcl: Setting watchdog for 200 seconds at Mon Aug 05 20:06:34 UTC 2019
4 ms. Memory: 48128K Free: 29117K (60%)
ptolemy.util.test.WatchDog.cancel(): canceling Mon Aug 05 20:06:35 UTC 2019
auto.tcl: Setting watchdog for 200 seconds at Mon Aug 05 20:06:35 UTC 2019
2 ms. Memory: 48128K Free: 28628K (59%)
ptolemy.util.test.WatchDog.cancel(): canceling Mon Aug 05 20:06:35 UTC 2019
------------------ testing $PTII/ptolemy/domains/de/test/auto/ResetTransitionWithStartTime1.xml
auto.tcl: Setting watchdog for 200 seconds at Mon Aug 05 20:06:35 UTC 2019
12 ms. Memory: 48128K Free: 26205K (54%)
ptolemy.util.test.WatchDog.cancel(): canceling Mon Aug 05 20:06:35 UTC 2019
auto.tcl: Setting watchdog for 200 seconds at Mon Aug 05 20:06:35 UTC 2019
7 ms. Memory: 48128K Free: 23519K (49%)
ptolemy.util.test.WatchDog.cancel(): canceling Mon Aug 05 20:06:35 UTC 2019
------------------ testing $PTII/ptolemy/domains/de/test/auto/ResetTransitionWithStartTime2.xml
auto.tcl: Setting watchdog for 200 seconds at Mon Aug 05 20:06:35 UTC 2019
7 ms. Memory: 48128K Free: 26160K (54%)
ptolemy.util.test.WatchDog.cancel(): canceling Mon Aug 05 20:06:35 UTC 2019
auto.tcl: Setting watchdog for 200 seconds at Mon Aug 05 20:06:35 UTC 2019
8 ms. Memory: 48128K Free: 23951K (50%)
ptolemy.util.test.WatchDog.cancel(): canceling Mon Aug 05 20:06:35 UTC 2019
------------------ testing $PTII/ptolemy/domains/de/test/auto/ResetTransitionWithStartTime3.xml
auto.tcl: Setting watchdog for 200 seconds at Mon Aug 05 20:06:35 UTC 2019
12 ms. Memory: 48128K Free: 25998K (54%)
ptolemy.util.test.WatchDog.cancel(): canceling Mon Aug 05 20:06:35 UTC 2019
auto.tcl: Setting watchdog for 200 seconds at Mon Aug 05 20:06:35 UTC 2019
10 ms. Memory: 48128K Free: 23489K (49%)
ptolemy.util.test.WatchDog.cancel(): canceling Mon Aug 05 20:06:35 UTC 2019
------------------ testing $PTII/ptolemy/domains/de/test/auto/ResetTransitionWithStartTime4.xml
auto.tcl: Setting watchdog for 200 seconds at Mon Aug 05 20:06:35 UTC 2019
12 ms. Memory: 48128K Free: 26486K (55%)
ptolemy.util.test.WatchDog.cancel(): canceling Mon Aug 05 20:06:35 UTC 2019
auto.tcl: Setting watchdog for 200 seconds at Mon Aug 05 20:06:35 UTC 2019
5 ms. Memory: 48128K Free: 25089K (52%)
ptolemy.util.test.WatchDog.cancel(): canceling Mon Aug 05 20:06:35 UTC 2019
------------------ testing $PTII/ptolemy/domains/de/test/auto/ResettableTimer1.xml
auto.tcl: Setting watchdog for 200 seconds at Mon Aug 05 20:06:35 UTC 2019
3 ms. Memory: 48128K Free: 30508K (63%)
ptolemy.util.test.WatchDog.cancel(): canceling Mon Aug 05 20:06:35 UTC 2019
auto.tcl: Setting watchdog for 200 seconds at Mon Aug 05 20:06:35 UTC 2019
3 ms. Memory: 48128K Free: 29625K (62%)
ptolemy.util.test.WatchDog.cancel(): canceling Mon Aug 05 20:06:35 UTC 2019
------------------ testing $PTII/ptolemy/domains/de/test/auto/ResettableTimer2.xml
auto.tcl: Setting watchdog for 200 seconds at Mon Aug 05 20:06:35 UTC 2019
3 ms. Memory: 48128K Free: 30543K (63%)
ptolemy.util.test.WatchDog.cancel(): canceling Mon Aug 05 20:06:35 UTC 2019
auto.tcl: Setting watchdog for 200 seconds at Mon Aug 05 20:06:35 UTC 2019
3 ms. Memory: 48128K Free: 29646K (62%)
ptolemy.util.test.WatchDog.cancel(): canceling Mon Aug 05 20:06:35 UTC 2019
------------------ testing $PTII/ptolemy/domains/de/test/auto/ResettableTimer3.xml
auto.tcl: Setting watchdog for 200 seconds at Mon Aug 05 20:06:35 UTC 2019
1 ms. Memory: 48128K Free: 30610K (64%)
ptolemy.util.test.WatchDog.cancel(): canceling Mon Aug 05 20:06:35 UTC 2019
auto.tcl: Setting watchdog for 200 seconds at Mon Aug 05 20:06:35 UTC 2019
1 ms. Memory: 48128K Free: 30130K (63%)
ptolemy.util.test.WatchDog.cancel(): canceling Mon Aug 05 20:06:35 UTC 2019
------------------ testing $PTII/ptolemy/domains/de/test/auto/ResettableTimer4.xml
auto.tcl: Setting watchdog for 200 seconds at Mon Aug 05 20:06:35 UTC 2019
2 ms. Memory: 48128K Free: 30195K (63%)
ptolemy.util.test.WatchDog.cancel(): canceling Mon Aug 05 20:06:35 UTC 2019
auto.tcl: Setting watchdog for 200 seconds at Mon Aug 05 20:06:35 UTC 2019
2 ms. Memory: 48128K Free: 29697K (62%)
ptolemy.util.test.WatchDog.cancel(): canceling Mon Aug 05 20:06:35 UTC 2019
------------------ testing $PTII/ptolemy/domains/de/test/auto/ResettableTimer5.xml
auto.tcl: Setting watchdog for 200 seconds at Mon Aug 05 20:06:35 UTC 2019
1 ms. Memory: 48128K Free: 29614K (62%)
ptolemy.util.test.WatchDog.cancel(): canceling Mon Aug 05 20:06:35 UTC 2019
auto.tcl: Setting watchdog for 200 seconds at Mon Aug 05 20:06:35 UTC 2019
1 ms. Memory: 48128K Free: 29153K (61%)
ptolemy.util.test.WatchDog.cancel(): canceling Mon Aug 05 20:06:35 UTC 2019
------------------ testing $PTII/ptolemy/domains/de/test/auto/ResettableTimer6.xml
auto.tcl: Setting watchdog for 200 seconds at Mon Aug 05 20:06:35 UTC 2019
1 ms. Memory: 48128K Free: 29605K (62%)
ptolemy.util.test.WatchDog.cancel(): canceling Mon Aug 05 20:06:35 UTC 2019
auto.tcl: Setting watchdog for 200 seconds at Mon Aug 05 20:06:35 UTC 2019
1 ms. Memory: 48128K Free: 29109K (60%)
ptolemy.util.test.WatchDog.cancel(): canceling Mon Aug 05 20:06:35 UTC 2019
------------------ testing $PTII/ptolemy/domains/de/test/auto/ServerZeroDelay.xml
auto.tcl: Setting watchdog for 200 seconds at Mon Aug 05 20:06:35 UTC 2019
2 ms. Memory: 48128K Free: 30124K (63%)
ptolemy.util.test.WatchDog.cancel(): canceling Mon Aug 05 20:06:35 UTC 2019
auto.tcl: Setting watchdog for 200 seconds at Mon Aug 05 20:06:35 UTC 2019
3 ms. Memory: 48128K Free: 29202K (61%)
ptolemy.util.test.WatchDog.cancel(): canceling Mon Aug 05 20:06:35 UTC 2019
------------------ testing $PTII/ptolemy/domains/de/test/auto/SmartSender.xml
auto.tcl: Setting watchdog for 200 seconds at Mon Aug 05 20:06:35 UTC 2019
3001 ms. Memory: 48128K Free: 30146K (63%)
ptolemy.util.test.WatchDog.cancel(): canceling Mon Aug 05 20:06:38 UTC 2019
auto.tcl: Setting watchdog for 200 seconds at Mon Aug 05 20:06:38 UTC 2019
3002 ms. Memory: 48128K Free: 29658K (62%)
ptolemy.util.test.WatchDog.cancel(): canceling Mon Aug 05 20:06:41 UTC 2019
------------------ testing $PTII/ptolemy/domains/de/test/auto/ThreadedComposite.xml
auto.tcl: Setting watchdog for 200 seconds at Mon Aug 05 20:06:41 UTC 2019
229 ms. Memory: 48128K Free: 11186K (23%)
ptolemy.util.test.WatchDog.cancel(): canceling Mon Aug 05 20:06:42 UTC 2019
auto.tcl: Setting watchdog for 200 seconds at Mon Aug 05 20:06:42 UTC 2019
167 ms. Memory: 58368K Free: 32108K (55%)
ptolemy.util.test.WatchDog.cancel(): canceling Mon Aug 05 20:06:42 UTC 2019
------------------ testing $PTII/ptolemy/domains/de/test/auto/Time.xml
auto.tcl: Setting watchdog for 200 seconds at Mon Aug 05 20:06:42 UTC 2019
520 ms. Memory: 48128K Free: 7463K (16%)
ptolemy.util.test.WatchDog.cancel(): canceling Mon Aug 05 20:06:42 UTC 2019
auto.tcl: Setting watchdog for 200 seconds at Mon Aug 05 20:06:42 UTC 2019
501 ms. Memory: 48128K Free: 11689K (24%)
ptolemy.util.test.WatchDog.cancel(): canceling Mon Aug 05 20:06:43 UTC 2019
------------------ testing $PTII/ptolemy/domains/de/test/auto/TimeDelayZeroDelay.xml
auto.tcl: Setting watchdog for 200 seconds at Mon Aug 05 20:06:43 UTC 2019
2 ms. Memory: 48128K Free: 30551K (63%)
ptolemy.util.test.WatchDog.cancel(): canceling Mon Aug 05 20:06:43 UTC 2019
auto.tcl: Setting watchdog for 200 seconds at Mon Aug 05 20:06:43 UTC 2019
3 ms. Memory: 48128K Free: 29651K (62%)
ptolemy.util.test.WatchDog.cancel(): canceling Mon Aug 05 20:06:43 UTC 2019
------------------ testing $PTII/ptolemy/domains/de/test/auto/TimerZeroDelay.xml
auto.tcl: Setting watchdog for 200 seconds at Mon Aug 05 20:06:43 UTC 2019
2 ms. Memory: 48128K Free: 30501K (63%)
ptolemy.util.test.WatchDog.cancel(): canceling Mon Aug 05 20:06:43 UTC 2019
auto.tcl: Setting watchdog for 200 seconds at Mon Aug 05 20:06:43 UTC 2019
2 ms. Memory: 48128K Free: 29678K (62%)
ptolemy.util.test.WatchDog.cancel(): canceling Mon Aug 05 20:06:43 UTC 2019
------------------ testing $PTII/ptolemy/domains/de/test/auto/TimingParadox.xml
auto.tcl: Setting watchdog for 200 seconds at Mon Aug 05 20:06:43 UTC 2019
351 ms. Memory: 48128K Free: 14183K (29%)
ptolemy.util.test.WatchDog.cancel(): canceling Mon Aug 05 20:06:44 UTC 2019
auto.tcl: Setting watchdog for 200 seconds at Mon Aug 05 20:06:44 UTC 2019
354 ms. Memory: 48128K Free: 26489K (55%)
ptolemy.util.test.WatchDog.cancel(): canceling Mon Aug 05 20:06:44 UTC 2019
------------------ testing $PTII/ptolemy/domains/de/test/auto/TransferInputs.xml
auto.tcl: Setting watchdog for 200 seconds at Mon Aug 05 20:06:44 UTC 2019
2 ms. Memory: 48128K Free: 28590K (59%)
ptolemy.util.test.WatchDog.cancel(): canceling Mon Aug 05 20:06:44 UTC 2019
auto.tcl: Setting watchdog for 200 seconds at Mon Aug 05 20:06:44 UTC 2019
2 ms. Memory: 48128K Free: 27732K (58%)
ptolemy.util.test.WatchDog.cancel(): canceling Mon Aug 05 20:06:44 UTC 2019
------------------ testing $PTII/ptolemy/domains/de/test/auto/TransferOutputs2.xml
auto.tcl: Setting watchdog for 200 seconds at Mon Aug 05 20:06:44 UTC 2019
3 ms. Memory: 48128K Free: 25999K (54%)
ptolemy.util.test.WatchDog.cancel(): canceling Mon Aug 05 20:06:44 UTC 2019
auto.tcl: Setting watchdog for 200 seconds at Mon Aug 05 20:06:44 UTC 2019
3 ms. Memory: 48128K Free: 24595K (51%)
ptolemy.util.test.WatchDog.cancel(): canceling Mon Aug 05 20:06:44 UTC 2019
------------------ testing $PTII/ptolemy/domains/de/test/auto/Trilateration.xml
auto.tcl: Setting watchdog for 200 seconds at Mon Aug 05 20:06:44 UTC 2019
15144 ms. Memory: 454656K Free: 188695K (42%)
ptolemy.util.test.WatchDog.cancel(): canceling Mon Aug 05 20:07:01 UTC 2019
auto.tcl: Setting watchdog for 200 seconds at Mon Aug 05 20:07:01 UTC 2019
11677 ms. Memory: 454656K Free: 242339K (53%)
ptolemy.util.test.WatchDog.cancel(): canceling Mon Aug 05 20:07:12 UTC 2019
------------------ testing $PTII/ptolemy/domains/de/test/auto/TwoSigmaDelta.xml
auto.tcl: Setting watchdog for 200 seconds at Mon Aug 05 20:07:12 UTC 2019
2630 ms. Memory: 89088K Free: 33381K (37%)
ptolemy.util.test.WatchDog.cancel(): canceling Mon Aug 05 20:07:15 UTC 2019
auto.tcl: Setting watchdog for 200 seconds at Mon Aug 05 20:07:15 UTC 2019
2228 ms. Memory: 89088K Free: 32846K (37%)
ptolemy.util.test.WatchDog.cancel(): canceling Mon Aug 05 20:07:17 UTC 2019
------------------ testing $PTII/ptolemy/domains/de/test/auto/VariableDelay.xml
auto.tcl: Setting watchdog for 200 seconds at Mon Aug 05 20:07:17 UTC 2019
4 ms. Memory: 55296K Free: 36217K (65%)
ptolemy.util.test.WatchDog.cancel(): canceling Mon Aug 05 20:07:17 UTC 2019
auto.tcl: Setting watchdog for 200 seconds at Mon Aug 05 20:07:17 UTC 2019
3 ms. Memory: 55296K Free: 35201K (64%)
ptolemy.util.test.WatchDog.cancel(): canceling Mon Aug 05 20:07:17 UTC 2019
------------------ testing $PTII/ptolemy/domains/de/test/auto/VariableDelay2.xml
auto.tcl: Setting watchdog for 200 seconds at Mon Aug 05 20:07:17 UTC 2019
2 ms. Memory: 51200K Free: 32429K (63%)
ptolemy.util.test.WatchDog.cancel(): canceling Mon Aug 05 20:07:17 UTC 2019
auto.tcl: Setting watchdog for 200 seconds at Mon Aug 05 20:07:17 UTC 2019
1 ms. Memory: 51200K Free: 31479K (61%)
ptolemy.util.test.WatchDog.cancel(): canceling Mon Aug 05 20:07:17 UTC 2019
------------------ testing $PTII/ptolemy/domains/de/test/auto/VariableDelayZeroDelay.xml
auto.tcl: Setting watchdog for 200 seconds at Mon Aug 05 20:07:17 UTC 2019
2 ms. Memory: 51200K Free: 33047K (65%)
ptolemy.util.test.WatchDog.cancel(): canceling Mon Aug 05 20:07:17 UTC 2019
auto.tcl: Setting watchdog for 200 seconds at Mon Aug 05 20:07:17 UTC 2019
2 ms. Memory: 51200K Free: 32519K (64%)
ptolemy.util.test.WatchDog.cancel(): canceling Mon Aug 05 20:07:17 UTC 2019
------------------ testing $PTII/ptolemy/domains/de/test/auto/VariableDelayZeroDelay2.xml
auto.tcl: Setting watchdog for 200 seconds at Mon Aug 05 20:07:17 UTC 2019
4 ms. Memory: 51200K Free: 33045K (65%)
ptolemy.util.test.WatchDog.cancel(): canceling Mon Aug 05 20:07:17 UTC 2019
auto.tcl: Setting watchdog for 200 seconds at Mon Aug 05 20:07:17 UTC 2019
2 ms. Memory: 51200K Free: 32021K (63%)
ptolemy.util.test.WatchDog.cancel(): canceling Mon Aug 05 20:07:18 UTC 2019
------------------ testing $PTII/ptolemy/domains/de/test/auto/deInCt.xml
auto.tcl: Setting watchdog for 200 seconds at Mon Aug 05 20:07:18 UTC 2019
0
1
1
0
0
0
0
1
1
1
1
0
0
0
0
0
1
1
1
1
0
0
0
0
1
1
1
0
0
0
1
1
1
0
0
0
0
1
1
0
0
0
1
1
1
32 ms. Memory: 51200K Free: 32019K (63%)
ptolemy.util.test.WatchDog.cancel(): canceling Mon Aug 05 20:07:18 UTC 2019
auto.tcl: Setting watchdog for 200 seconds at Mon Aug 05 20:07:18 UTC 2019
0
1
1
1
1
1
0
0
0
1
1
1
0
0
0
0
0
1
1
1
1
0
0
0
1
1
1
0
0
0
0
0
6 ms. Memory: 51200K Free: 30481K (60%)
ptolemy.util.test.WatchDog.cancel(): canceling Mon Aug 05 20:07:18 UTC 2019
------------------ testing $PTII/ptolemy/domains/de/test/auto/deInCt2.xml
auto.tcl: Setting watchdog for 200 seconds at Mon Aug 05 20:07:18 UTC 2019
0
1
1
1
0
0
1
1
1
0
0
1
1
1
0
0
1
1
1
0
0
1
1
1
0
0
1
1
1
0
0
1
1
1
0
0
1
1
1
0
0
0
20 ms. Memory: 51200K Free: 32021K (63%)
ptolemy.util.test.WatchDog.cancel(): canceling Mon Aug 05 20:07:18 UTC 2019
auto.tcl: Setting watchdog for 200 seconds at Mon Aug 05 20:07:18 UTC 2019
0
1
1
1
0
0
1
1
1
0
0
1
1
1
0
0
1
1
1
0
0
1
1
1
0
0
1
1
1
0
0
1
1
1
0
0
1
1
1
0
0
0
8 ms. Memory: 51200K Free: 30469K (60%)
ptolemy.util.test.WatchDog.cancel(): canceling Mon Aug 05 20:07:18 UTC 2019
------------------ testing $PTII/ptolemy/domains/de/test/auto/dynamicCausalityInterface1.xml
auto.tcl: Setting watchdog for 200 seconds at Mon Aug 05 20:07:18 UTC 2019
12 ms. Memory: 51200K Free: 27920K (55%)
ptolemy.util.test.WatchDog.cancel(): canceling Mon Aug 05 20:07:18 UTC 2019
auto.tcl: Setting watchdog for 200 seconds at Mon Aug 05 20:07:18 UTC 2019
1 ms. Memory: 51200K Free: 27406K (54%)
ptolemy.util.test.WatchDog.cancel(): canceling Mon Aug 05 20:07:18 UTC 2019
------------------ testing $PTII/ptolemy/domains/de/test/auto/fsm_de_test.xml
auto.tcl: Setting watchdog for 200 seconds at Mon Aug 05 20:07:18 UTC 2019
9 ms. Memory: 48128K Free: 24746K (51%)
ptolemy.util.test.WatchDog.cancel(): canceling Mon Aug 05 20:07:18 UTC 2019
auto.tcl: Setting watchdog for 200 seconds at Mon Aug 05 20:07:18 UTC 2019
12 ms. Memory: 48128K Free: 22698K (47%)
ptolemy.util.test.WatchDog.cancel(): canceling Mon Aug 05 20:07:18 UTC 2019
------------------ testing $PTII/ptolemy/domains/de/test/auto/functionDependencyReconstruction.xml
auto.tcl: Setting watchdog for 200 seconds at Mon Aug 05 20:07:18 UTC 2019
3 ms. Memory: 48128K Free: 18592K (39%)
ptolemy.util.test.WatchDog.cancel(): canceling Mon Aug 05 20:07:18 UTC 2019
auto.tcl: Setting watchdog for 200 seconds at Mon Aug 05 20:07:18 UTC 2019
3 ms. Memory: 48128K Free: 16612K (35%)
ptolemy.util.test.WatchDog.cancel(): canceling Mon Aug 05 20:07:18 UTC 2019
------------------ testing $PTII/ptolemy/domains/de/test/auto/multirate.xml
auto.tcl: Setting watchdog for 200 seconds at Mon Aug 05 20:07:18 UTC 2019
5 ms. Memory: 48128K Free: 27408K (57%)
ptolemy.util.test.WatchDog.cancel(): canceling Mon Aug 05 20:07:18 UTC 2019
auto.tcl: Setting watchdog for 200 seconds at Mon Aug 05 20:07:18 UTC 2019
4 ms. Memory: 48128K Free: 25707K (53%)
ptolemy.util.test.WatchDog.cancel(): canceling Mon Aug 05 20:07:18 UTC 2019
------------------ testing $PTII/ptolemy/domains/de/test/auto/multirate2.xml
auto.tcl: Setting watchdog for 200 seconds at Mon Aug 05 20:07:18 UTC 2019
3 ms. Memory: 48128K Free: 27572K (57%)
ptolemy.util.test.WatchDog.cancel(): canceling Mon Aug 05 20:07:18 UTC 2019
auto.tcl: Setting watchdog for 200 seconds at Mon Aug 05 20:07:18 UTC 2019
3 ms. Memory: 48128K Free: 25879K (54%)
ptolemy.util.test.WatchDog.cancel(): canceling Mon Aug 05 20:07:18 UTC 2019
------------------ testing $PTII/ptolemy/domains/de/test/auto/realtime.xml
auto.tcl: Setting watchdog for 200 seconds at Mon Aug 05 20:07:18 UTC 2019
10002 ms. Memory: 48128K Free: 29515K (61%)
ptolemy.util.test.WatchDog.cancel(): canceling Mon Aug 05 20:07:28 UTC 2019
auto.tcl: Setting watchdog for 200 seconds at Mon Aug 05 20:07:28 UTC 2019
10001 ms. Memory: 48128K Free: 28773K (60%)
ptolemy.util.test.WatchDog.cancel(): canceling Mon Aug 05 20:07:38 UTC 2019
------------------ testing $PTII/ptolemy/domains/de/test/auto/relationGroup.xml
auto.tcl: Setting watchdog for 200 seconds at Mon Aug 05 20:07:38 UTC 2019
9 ms. Memory: 48128K Free: 30586K (64%)
ptolemy.util.test.WatchDog.cancel(): canceling Mon Aug 05 20:07:38 UTC 2019
auto.tcl: Setting watchdog for 200 seconds at Mon Aug 05 20:07:38 UTC 2019
2 ms. Memory: 48128K Free: 29853K (62%)
ptolemy.util.test.WatchDog.cancel(): canceling Mon Aug 05 20:07:38 UTC 2019
------------------ testing $PTII/ptolemy/domains/de/test/auto/relationGroup2.xml
auto.tcl: Setting watchdog for 200 seconds at Mon Aug 05 20:07:38 UTC 2019
2 ms. Memory: 48128K Free: 30603K (64%)
ptolemy.util.test.WatchDog.cancel(): canceling Mon Aug 05 20:07:38 UTC 2019
auto.tcl: Setting watchdog for 200 seconds at Mon Aug 05 20:07:38 UTC 2019
2 ms. Memory: 48128K Free: 29878K (62%)
ptolemy.util.test.WatchDog.cancel(): canceling Mon Aug 05 20:07:38 UTC 2019
------------------ testing $PTII/ptolemy/domains/de/test/auto/sortWithOpaquePorts.xml
auto.tcl: Setting watchdog for 200 seconds at Mon Aug 05 20:07:38 UTC 2019
1 ms. Memory: 48128K Free: 29351K (61%)
ptolemy.util.test.WatchDog.cancel(): canceling Mon Aug 05 20:07:38 UTC 2019
auto.tcl: Setting watchdog for 200 seconds at Mon Aug 05 20:07:38 UTC 2019
2 ms. Memory: 48128K Free: 28356K (59%)
ptolemy.util.test.WatchDog.cancel(): canceling Mon Aug 05 20:07:38 UTC 2019
------------------ testing $PTII/ptolemy/domains/de/test/auto/transferInputsandOutputs.xml
auto.tcl: Setting watchdog for 200 seconds at Mon Aug 05 20:07:39 UTC 2019
4 ms. Memory: 48128K Free: 26795K (56%)
ptolemy.util.test.WatchDog.cancel(): canceling Mon Aug 05 20:07:39 UTC 2019
auto.tcl: Setting watchdog for 200 seconds at Mon Aug 05 20:07:39 UTC 2019
3 ms. Memory: 48128K Free: 25820K (54%)
ptolemy.util.test.WatchDog.cancel(): canceling Mon Aug 05 20:07:39 UTC 2019
------------------ testing $PTII/ptolemy/domains/de/test/auto/triggerType.xml
auto.tcl: Setting watchdog for 200 seconds at Mon Aug 05 20:07:39 UTC 2019
2 ms. Memory: 48128K Free: 29819K (62%)
ptolemy.util.test.WatchDog.cancel(): canceling Mon Aug 05 20:07:39 UTC 2019
auto.tcl: Setting watchdog for 200 seconds at Mon Aug 05 20:07:39 UTC 2019
2 ms. Memory: 48128K Free: 28844K (60%)
ptolemy.util.test.WatchDog.cancel(): canceling Mon Aug 05 20:07:39 UTC 2019
08/05/19 08:07:39
Failed: 0  Total Tests: 192  ((Passed: 187, Newly Passed: 1)  Known Failed: 5) /home/travis/build/icyphy/ptII/ptolemy/domains/de/test
08/05/19 08:07:39
Failed: 0  Total Tests: 192  ((Passed: 187, Newly Passed: 1)  Known Failed: 5) /home/travis/build/icyphy/ptII/ptolemy/domains/de/test
----------------- testing (KnownFailure) /home/travis/build/icyphy/ptII/ptolemy/domains/de/test/auto/knownFailedTests/DESDFClockTest.xml
2011 ms. Memory: 48128K Free: 23214K (48%)
Known Failure: java.lang.reflect.InvocationTargetException
----------------- testing (KnownFailure) /home/travis/build/icyphy/ptII/ptolemy/domains/de/test/auto/knownFailedTests/DirectFeedback.xml
1 ms. Memory: 48128K Free: 19632K (41%)
Known Failure: java.lang.reflect.InvocationTargetException
----------------- testing (KnownFailure) /home/travis/build/icyphy/ptII/ptolemy/domains/de/test/auto/knownFailedTests/FSMSource.xml
21 ms. Memory: 48128K Free: 11936K (25%)
----------------- testing (KnownFailure) /home/travis/build/icyphy/ptII/ptolemy/domains/de/test/auto/knownFailedTests/HierarchicalModel.xml
4 ms. Memory: 48128K Free: 21913K (46%)
Known Failure: java.lang.reflect.InvocationTargetException
----------------- testing (KnownFailure) /home/travis/build/icyphy/ptII/ptolemy/domains/de/test/auto/knownFailedTests/dependencyLoop.xml
10 ms. Memory: 48128K Free: 32429K (67%)
Known Failure: java.lang.reflect.InvocationTargetException
----------------- testing (KnownFailure) /home/travis/build/icyphy/ptII/ptolemy/domains/de/test/auto/knownFailedTests/dependencyLoop2.xml
4 ms. Memory: 48128K Free: 17223K (36%)
Known Failure: java.lang.reflect.InvocationTargetException
No auto/linux-amd64/*.xml tests in /home/travis/build/icyphy/ptII/ptolemy/domains/de/test
AutoTests.java: About to close Vertx.
AutoTests.java: Vertx closed.

===========================================================================================
----------------- testing Mon Aug 05 20:07:41 UTC 2019 /home/travis/build/icyphy/ptII/ptolemy/domains/de/test/auto/ActorDepthCalculation_actorWithoutPorts.xml
----------------- Instantiating /home/travis/build/icyphy/ptII/ptolemy/domains/de/test/auto/ActorDepthCalculation_actorWithoutPorts.xml
2 ms. Memory: 48128K Free: 11211K (23%)
----------------- Invoking toplevel() on ptolemy.moml.MoMLSimpleApplication@2e168440
----------------- Done invoking toplevel() on ptolemy.moml.MoMLSimpleApplication@2e168440
reloadAllAccessors: .ActorDepthCalculation_actorWithoutPorts

===========================================================================================
----------------- testing Mon Aug 05 20:07:41 UTC 2019 /home/travis/build/icyphy/ptII/ptolemy/domains/de/test/auto/AssemblyLine.xml
----------------- Instantiating /home/travis/build/icyphy/ptII/ptolemy/domains/de/test/auto/AssemblyLine.xml
5 ms. Memory: 48128K Free: 29642K (62%)
----------------- Invoking toplevel() on ptolemy.moml.MoMLSimpleApplication@7e475aa
----------------- Done invoking toplevel() on ptolemy.moml.MoMLSimpleApplication@7e475aa
reloadAllAccessors: .AssemblyLine

===========================================================================================
----------------- testing Mon Aug 05 20:07:41 UTC 2019 /home/travis/build/icyphy/ptII/ptolemy/domains/de/test/auto/CQBug1.xml
----------------- Instantiating /home/travis/build/icyphy/ptII/ptolemy/domains/de/test/auto/CQBug1.xml
2 ms. Memory: 48128K Free: 26731K (56%)
----------------- Invoking toplevel() on ptolemy.moml.MoMLSimpleApplication@4c63384
----------------- Done invoking toplevel() on ptolemy.moml.MoMLSimpleApplication@4c63384
reloadAllAccessors: .CQBug1

===========================================================================================
----------------- testing Mon Aug 05 20:07:41 UTC 2019 /home/travis/build/icyphy/ptII/ptolemy/domains/de/test/auto/CancelFireAt.xml
----------------- Instantiating /home/travis/build/icyphy/ptII/ptolemy/domains/de/test/auto/CancelFireAt.xml
8 ms. Memory: 48128K Free: 24382K (51%)
----------------- Invoking toplevel() on ptolemy.moml.MoMLSimpleApplication@35cf41fa
----------------- Done invoking toplevel() on ptolemy.moml.MoMLSimpleApplication@35cf41fa
reloadAllAccessors: .CancelFireAt

===========================================================================================
----------------- testing Mon Aug 05 20:07:41 UTC 2019 /home/travis/build/icyphy/ptII/ptolemy/domains/de/test/auto/CausalityAndComposabilityAnalysis.xml
----------------- Instantiating /home/travis/build/icyphy/ptII/ptolemy/domains/de/test/auto/CausalityAndComposabilityAnalysis.xml
1 ms. Memory: 48128K Free: 20105K (42%)
----------------- Invoking toplevel() on ptolemy.moml.MoMLSimpleApplication@6b2c84
----------------- Done invoking toplevel() on ptolemy.moml.MoMLSimpleApplication@6b2c84
reloadAllAccessors: .CausalityAndComposabilityAnalysis

===========================================================================================
----------------- testing Mon Aug 05 20:07:41 UTC 2019 /home/travis/build/icyphy/ptII/ptolemy/domains/de/test/auto/CausalityInterface1.xml
----------------- Instantiating /home/travis/build/icyphy/ptII/ptolemy/domains/de/test/auto/CausalityInterface1.xml
5 ms. Memory: 48128K Free: 15222K (32%)
----------------- Invoking toplevel() on ptolemy.moml.MoMLSimpleApplication@15440bff
----------------- Done invoking toplevel() on ptolemy.moml.MoMLSimpleApplication@15440bff
reloadAllAccessors: .CausalityInterface1

===========================================================================================
----------------- testing Mon Aug 05 20:07:41 UTC 2019 /home/travis/build/icyphy/ptII/ptolemy/domains/de/test/auto/CausalityInterface15.xml
----------------- Instantiating /home/travis/build/icyphy/ptII/ptolemy/domains/de/test/auto/CausalityInterface15.xml
1 ms. Memory: 48128K Free: 9665K (20%)
----------------- Invoking toplevel() on ptolemy.moml.MoMLSimpleApplication@4d4aa392
----------------- Done invoking toplevel() on ptolemy.moml.MoMLSimpleApplication@4d4aa392
reloadAllAccessors: .CausalityInterface15

===========================================================================================
----------------- testing Mon Aug 05 20:07:41 UTC 2019 /home/travis/build/icyphy/ptII/ptolemy/domains/de/test/auto/CausalityInterface2.xml
----------------- Instantiating /home/travis/build/icyphy/ptII/ptolemy/domains/de/test/auto/CausalityInterface2.xml
1 ms. Memory: 48128K Free: 30773K (64%)
----------------- Invoking toplevel() on ptolemy.moml.MoMLSimpleApplication@758c93b3
----------------- Done invoking toplevel() on ptolemy.moml.MoMLSimpleApplication@758c93b3
reloadAllAccessors: .CausalityInterface2

===========================================================================================
----------------- testing Mon Aug 05 20:07:41 UTC 2019 /home/travis/build/icyphy/ptII/ptolemy/domains/de/test/auto/CausalityInterface3.xml
----------------- Instantiating /home/travis/build/icyphy/ptII/ptolemy/domains/de/test/auto/CausalityInterface3.xml
2 ms. Memory: 48128K Free: 25880K (54%)
----------------- Invoking toplevel() on ptolemy.moml.MoMLSimpleApplication@75522705
----------------- Done invoking toplevel() on ptolemy.moml.MoMLSimpleApplication@75522705
reloadAllAccessors: .CausalityInterface3

===========================================================================================
----------------- testing Mon Aug 05 20:07:41 UTC 2019 /home/travis/build/icyphy/ptII/ptolemy/domains/de/test/auto/ClockDrift.xml
----------------- Instantiating /home/travis/build/icyphy/ptII/ptolemy/domains/de/test/auto/ClockDrift.xml
15 ms. Memory: 48128K Free: 13980K (29%)
----------------- Invoking toplevel() on ptolemy.moml.MoMLSimpleApplication@51911533
----------------- Done invoking toplevel() on ptolemy.moml.MoMLSimpleApplication@51911533
reloadAllAccessors: .ClockDrift

===========================================================================================
----------------- testing Mon Aug 05 20:07:41 UTC 2019 /home/travis/build/icyphy/ptII/ptolemy/domains/de/test/auto/ClockDriftAndValueChange.xml
----------------- Instantiating /home/travis/build/icyphy/ptII/ptolemy/domains/de/test/auto/ClockDriftAndValueChange.xml
11 ms. Memory: 48128K Free: 27887K (58%)
----------------- Invoking toplevel() on ptolemy.moml.MoMLSimpleApplication@2a2ba84d
----------------- Done invoking toplevel() on ptolemy.moml.MoMLSimpleApplication@2a2ba84d
reloadAllAccessors: .ClockDriftAndValueChange

===========================================================================================
----------------- testing Mon Aug 05 20:07:41 UTC 2019 /home/travis/build/icyphy/ptII/ptolemy/domains/de/test/auto/ClockDriftChange.xml
----------------- Instantiating /home/travis/build/icyphy/ptII/ptolemy/domains/de/test/auto/ClockDriftChange.xml
10 ms. Memory: 48128K Free: 17811K (37%)
----------------- Invoking toplevel() on ptolemy.moml.MoMLSimpleApplication@44b7fc3a
----------------- Done invoking toplevel() on ptolemy.moml.MoMLSimpleApplication@44b7fc3a
reloadAllAccessors: .ClockDriftChange

===========================================================================================
----------------- testing Mon Aug 05 20:07:41 UTC 2019 /home/travis/build/icyphy/ptII/ptolemy/domains/de/test/auto/ComposableCausalityAnalysis.xml
----------------- Instantiating /home/travis/build/icyphy/ptII/ptolemy/domains/de/test/auto/ComposableCausalityAnalysis.xml
1 ms. Memory: 48128K Free: 12073K (25%)
----------------- Invoking toplevel() on ptolemy.moml.MoMLSimpleApplication@33128e88
----------------- Done invoking toplevel() on ptolemy.moml.MoMLSimpleApplication@33128e88
reloadAllAccessors: .ComposableCausalityAnalysis

===========================================================================================
----------------- testing Mon Aug 05 20:07:41 UTC 2019 /home/travis/build/icyphy/ptII/ptolemy/domains/de/test/auto/DEFixedPointLimitation.xml
----------------- Instantiating /home/travis/build/icyphy/ptII/ptolemy/domains/de/test/auto/DEFixedPointLimitation.xml
2 ms. Memory: 48128K Free: 32155K (67%)
----------------- Invoking toplevel() on ptolemy.moml.MoMLSimpleApplication@2e2fb4f0
----------------- Done invoking toplevel() on ptolemy.moml.MoMLSimpleApplication@2e2fb4f0
reloadAllAccessors: .DEFixedPointLimitation

===========================================================================================
----------------- testing Mon Aug 05 20:07:41 UTC 2019 /home/travis/build/icyphy/ptII/ptolemy/domains/de/test/auto/DEScheduleTest.xml
----------------- Instantiating /home/travis/build/icyphy/ptII/ptolemy/domains/de/test/auto/DEScheduleTest.xml
3 ms. Memory: 48128K Free: 28003K (58%)
----------------- Invoking toplevel() on ptolemy.moml.MoMLSimpleApplication@2e1aa49a
----------------- Done invoking toplevel() on ptolemy.moml.MoMLSimpleApplication@2e1aa49a
reloadAllAccessors: .DEScheduleTest

===========================================================================================
----------------- testing Mon Aug 05 20:07:41 UTC 2019 /home/travis/build/icyphy/ptII/ptolemy/domains/de/test/auto/DEinDEwithStartTimes.xml
----------------- Instantiating /home/travis/build/icyphy/ptII/ptolemy/domains/de/test/auto/DEinDEwithStartTimes.xml
2 ms. Memory: 48128K Free: 22367K (46%)
----------------- Invoking toplevel() on ptolemy.moml.MoMLSimpleApplication@14c68af
----------------- Done invoking toplevel() on ptolemy.moml.MoMLSimpleApplication@14c68af
reloadAllAccessors: .DEinDEwithStartTimes

===========================================================================================
----------------- testing Mon Aug 05 20:07:41 UTC 2019 /home/travis/build/icyphy/ptII/ptolemy/domains/de/test/auto/DEinDEwithStartTimes2.xml
----------------- Instantiating /home/travis/build/icyphy/ptII/ptolemy/domains/de/test/auto/DEinDEwithStartTimes2.xml
3 ms. Memory: 48128K Free: 15967K (33%)
----------------- Invoking toplevel() on ptolemy.moml.MoMLSimpleApplication@cbf383c
----------------- Done invoking toplevel() on ptolemy.moml.MoMLSimpleApplication@cbf383c
reloadAllAccessors: .DEinDEwithStartTimes2

===========================================================================================
----------------- testing Mon Aug 05 20:07:41 UTC 2019 /home/travis/build/icyphy/ptII/ptolemy/domains/de/test/auto/DateDemo.xml
----------------- Instantiating /home/travis/build/icyphy/ptII/ptolemy/domains/de/test/auto/DateDemo.xml
7 ms. Memory: 48128K Free: 29216K (61%)
----------------- Invoking toplevel() on ptolemy.moml.MoMLSimpleApplication@4eb2ab9
----------------- Done invoking toplevel() on ptolemy.moml.MoMLSimpleApplication@4eb2ab9
reloadAllAccessors: .DateDemo

===========================================================================================
----------------- testing Mon Aug 05 20:07:41 UTC 2019 /home/travis/build/icyphy/ptII/ptolemy/domains/de/test/auto/DateToEvent.xml
----------------- Instantiating /home/travis/build/icyphy/ptII/ptolemy/domains/de/test/auto/DateToEvent.xml
2004 ms. Memory: 48128K Free: 13624K (28%)
----------------- Invoking toplevel() on ptolemy.moml.MoMLSimpleApplication@18843013
----------------- Done invoking toplevel() on ptolemy.moml.MoMLSimpleApplication@18843013
reloadAllAccessors: .DateToEvent

===========================================================================================
----------------- testing Mon Aug 05 20:07:43 UTC 2019 /home/travis/build/icyphy/ptII/ptolemy/domains/de/test/auto/DepthTest1.xml
----------------- Instantiating /home/travis/build/icyphy/ptII/ptolemy/domains/de/test/auto/DepthTest1.xml
1 ms. Memory: 48128K Free: 10802K (22%)
----------------- Invoking toplevel() on ptolemy.moml.MoMLSimpleApplication@29bef315
----------------- Done invoking toplevel() on ptolemy.moml.MoMLSimpleApplication@29bef315
reloadAllAccessors: .DepthTest1

===========================================================================================
----------------- testing Mon Aug 05 20:07:43 UTC 2019 /home/travis/build/icyphy/ptII/ptolemy/domains/de/test/auto/DepthTest2.xml
----------------- Instantiating /home/travis/build/icyphy/ptII/ptolemy/domains/de/test/auto/DepthTest2.xml
2 ms. Memory: 48128K Free: 29077K (60%)
----------------- Invoking toplevel() on ptolemy.moml.MoMLSimpleApplication@1e41e66c
----------------- Done invoking toplevel() on ptolemy.moml.MoMLSimpleApplication@1e41e66c
reloadAllAccessors: .DepthTest2

===========================================================================================
----------------- testing Mon Aug 05 20:07:43 UTC 2019 /home/travis/build/icyphy/ptII/ptolemy/domains/de/test/auto/DepthTest3.xml
----------------- Instantiating /home/travis/build/icyphy/ptII/ptolemy/domains/de/test/auto/DepthTest3.xml
1 ms. Memory: 48128K Free: 26005K (54%)
----------------- Invoking toplevel() on ptolemy.moml.MoMLSimpleApplication@2ef98ebd
----------------- Done invoking toplevel() on ptolemy.moml.MoMLSimpleApplication@2ef98ebd
reloadAllAccessors: .DepthTest3

===========================================================================================
----------------- testing Mon Aug 05 20:07:43 UTC 2019 /home/travis/build/icyphy/ptII/ptolemy/domains/de/test/auto/DepthTest4.xml
----------------- Instantiating /home/travis/build/icyphy/ptII/ptolemy/domains/de/test/auto/DepthTest4.xml
1 ms. Memory: 48128K Free: 21133K (44%)
----------------- Invoking toplevel() on ptolemy.moml.MoMLSimpleApplication@3340e6aa
----------------- Done invoking toplevel() on ptolemy.moml.MoMLSimpleApplication@3340e6aa
reloadAllAccessors: .DepthTest4

===========================================================================================
----------------- testing Mon Aug 05 20:07:43 UTC 2019 /home/travis/build/icyphy/ptII/ptolemy/domains/de/test/auto/DepthTest5.xml
----------------- Instantiating /home/travis/build/icyphy/ptII/ptolemy/domains/de/test/auto/DepthTest5.xml
2 ms. Memory: 48128K Free: 15779K (33%)
----------------- Invoking toplevel() on ptolemy.moml.MoMLSimpleApplication@5d87e182
----------------- Done invoking toplevel() on ptolemy.moml.MoMLSimpleApplication@5d87e182
reloadAllAccessors: .DepthTest5

===========================================================================================
----------------- testing Mon Aug 05 20:07:43 UTC 2019 /home/travis/build/icyphy/ptII/ptolemy/domains/de/test/auto/DepthTest6.xml
----------------- Instantiating /home/travis/build/icyphy/ptII/ptolemy/domains/de/test/auto/DepthTest6.xml
2 ms. Memory: 48128K Free: 10463K (22%)
----------------- Invoking toplevel() on ptolemy.moml.MoMLSimpleApplication@2fc83cb3
----------------- Done invoking toplevel() on ptolemy.moml.MoMLSimpleApplication@2fc83cb3
reloadAllAccessors: .DepthTest6

===========================================================================================
----------------- testing Mon Aug 05 20:07:43 UTC 2019 /home/travis/build/icyphy/ptII/ptolemy/domains/de/test/auto/DepthTest7.xml
----------------- Instantiating /home/travis/build/icyphy/ptII/ptolemy/domains/de/test/auto/DepthTest7.xml
1 ms. Memory: 48128K Free: 30139K (63%)
----------------- Invoking toplevel() on ptolemy.moml.MoMLSimpleApplication@6cf6fcae
----------------- Done invoking toplevel() on ptolemy.moml.MoMLSimpleApplication@6cf6fcae
reloadAllAccessors: .DepthTest7

===========================================================================================
----------------- testing Mon Aug 05 20:07:44 UTC 2019 /home/travis/build/icyphy/ptII/ptolemy/domains/de/test/auto/EventToDate.xml
----------------- Instantiating /home/travis/build/icyphy/ptII/ptolemy/domains/de/test/auto/EventToDate.xml
3004 ms. Memory: 48128K Free: 16847K (35%)
----------------- Invoking toplevel() on ptolemy.moml.MoMLSimpleApplication@374eb249
----------------- Done invoking toplevel() on ptolemy.moml.MoMLSimpleApplication@374eb249
reloadAllAccessors: .EventToDate

===========================================================================================
----------------- testing Mon Aug 05 20:07:47 UTC 2019 /home/travis/build/icyphy/ptII/ptolemy/domains/de/test/auto/FSM1.xml
----------------- Instantiating /home/travis/build/icyphy/ptII/ptolemy/domains/de/test/auto/FSM1.xml
23 ms. Memory: 48128K Free: 29237K (61%)
----------------- Invoking toplevel() on ptolemy.moml.MoMLSimpleApplication@26d329dc
----------------- Done invoking toplevel() on ptolemy.moml.MoMLSimpleApplication@26d329dc
reloadAllAccessors: .FSM1

===========================================================================================
----------------- testing Mon Aug 05 20:07:47 UTC 2019 /home/travis/build/icyphy/ptII/ptolemy/domains/de/test/auto/FSM7.xml
----------------- Instantiating /home/travis/build/icyphy/ptII/ptolemy/domains/de/test/auto/FSM7.xml
16 ms. Memory: 48128K Free: 16949K (35%)
----------------- Invoking toplevel() on ptolemy.moml.MoMLSimpleApplication@3469b3c4
----------------- Done invoking toplevel() on ptolemy.moml.MoMLSimpleApplication@3469b3c4
reloadAllAccessors: .FSM7

===========================================================================================
----------------- testing Mon Aug 05 20:07:47 UTC 2019 /home/travis/build/icyphy/ptII/ptolemy/domains/de/test/auto/Inspection.xml
----------------- Instantiating /home/travis/build/icyphy/ptII/ptolemy/domains/de/test/auto/Inspection.xml
17 ms. Memory: 48128K Free: 29182K (61%)
----------------- Invoking toplevel() on ptolemy.moml.MoMLSimpleApplication@4bcc4a41
----------------- Done invoking toplevel() on ptolemy.moml.MoMLSimpleApplication@4bcc4a41
reloadAllAccessors: .Inspection

===========================================================================================
----------------- testing Mon Aug 05 20:07:47 UTC 2019 /home/travis/build/icyphy/ptII/ptolemy/domains/de/test/auto/Iteration.xml
----------------- Instantiating /home/travis/build/icyphy/ptII/ptolemy/domains/de/test/auto/Iteration.xml
9 ms. Memory: 48128K Free: 22312K (46%)
----------------- Invoking toplevel() on ptolemy.moml.MoMLSimpleApplication@20cea15
----------------- Done invoking toplevel() on ptolemy.moml.MoMLSimpleApplication@20cea15
reloadAllAccessors: .Iteration

===========================================================================================
----------------- testing Mon Aug 05 20:07:47 UTC 2019 /home/travis/build/icyphy/ptII/ptolemy/domains/de/test/auto/LineFault.xml
----------------- Instantiating /home/travis/build/icyphy/ptII/ptolemy/domains/de/test/auto/LineFault.xml
519 ms. Memory: 48128K Free: 23632K (49%)
----------------- Invoking toplevel() on ptolemy.moml.MoMLSimpleApplication@653db29e
----------------- Done invoking toplevel() on ptolemy.moml.MoMLSimpleApplication@653db29e
reloadAllAccessors: .LineFault

===========================================================================================
----------------- testing Mon Aug 05 20:07:47 UTC 2019 /home/travis/build/icyphy/ptII/ptolemy/domains/de/test/auto/MergeModel1Add.xml
----------------- Instantiating /home/travis/build/icyphy/ptII/ptolemy/domains/de/test/auto/MergeModel1Add.xml
10 ms. Memory: 48128K Free: 26464K (55%)
----------------- Invoking toplevel() on ptolemy.moml.MoMLSimpleApplication@3b0d76f9
----------------- Done invoking toplevel() on ptolemy.moml.MoMLSimpleApplication@3b0d76f9
reloadAllAccessors: .MergeModel1Add

===========================================================================================
----------------- testing Mon Aug 05 20:07:47 UTC 2019 /home/travis/build/icyphy/ptII/ptolemy/domains/de/test/auto/MergeModel2Add.xml
----------------- Instantiating /home/travis/build/icyphy/ptII/ptolemy/domains/de/test/auto/MergeModel2Add.xml
6 ms. Memory: 48128K Free: 29293K (61%)
----------------- Invoking toplevel() on ptolemy.moml.MoMLSimpleApplication@2242646e
----------------- Done invoking toplevel() on ptolemy.moml.MoMLSimpleApplication@2242646e
reloadAllAccessors: .MergeModel2Add

===========================================================================================
----------------- testing Mon Aug 05 20:07:47 UTC 2019 /home/travis/build/icyphy/ptII/ptolemy/domains/de/test/auto/MergeModel3Add.xml
----------------- Instantiating /home/travis/build/icyphy/ptII/ptolemy/domains/de/test/auto/MergeModel3Add.xml
6 ms. Memory: 48128K Free: 11492K (24%)
----------------- Invoking toplevel() on ptolemy.moml.MoMLSimpleApplication@234418af
----------------- Done invoking toplevel() on ptolemy.moml.MoMLSimpleApplication@234418af
reloadAllAccessors: .MergeModel3Add

===========================================================================================
----------------- testing Mon Aug 05 20:07:48 UTC 2019 /home/travis/build/icyphy/ptII/ptolemy/domains/de/test/auto/MergeWithoutDiscard.xml
----------------- Instantiating /home/travis/build/icyphy/ptII/ptolemy/domains/de/test/auto/MergeWithoutDiscard.xml
1 ms. Memory: 48128K Free: 28195K (59%)
----------------- Invoking toplevel() on ptolemy.moml.MoMLSimpleApplication@1deb5a53
----------------- Done invoking toplevel() on ptolemy.moml.MoMLSimpleApplication@1deb5a53
reloadAllAccessors: .MergeWithoutDiscard

===========================================================================================
----------------- testing Mon Aug 05 20:07:48 UTC 2019 /home/travis/build/icyphy/ptII/ptolemy/domains/de/test/auto/Modal1.xml
----------------- Instantiating /home/travis/build/icyphy/ptII/ptolemy/domains/de/test/auto/Modal1.xml
13 ms. Memory: 48128K Free: 16154K (34%)
----------------- Invoking toplevel() on ptolemy.moml.MoMLSimpleApplication@788979d6
----------------- Done invoking toplevel() on ptolemy.moml.MoMLSimpleApplication@788979d6
reloadAllAccessors: .Modal1

===========================================================================================
----------------- testing Mon Aug 05 20:07:48 UTC 2019 /home/travis/build/icyphy/ptII/ptolemy/domains/de/test/auto/Modal2.xml
----------------- Instantiating /home/travis/build/icyphy/ptII/ptolemy/domains/de/test/auto/Modal2.xml
9 ms. Memory: 48128K Free: 25536K (53%)
----------------- Invoking toplevel() on ptolemy.moml.MoMLSimpleApplication@53018785
----------------- Done invoking toplevel() on ptolemy.moml.MoMLSimpleApplication@53018785
reloadAllAccessors: .Modal2

===========================================================================================
----------------- testing Mon Aug 05 20:07:48 UTC 2019 /home/travis/build/icyphy/ptII/ptolemy/domains/de/test/auto/Modal3.xml
----------------- Instantiating /home/travis/build/icyphy/ptII/ptolemy/domains/de/test/auto/Modal3.xml
8 ms. Memory: 48128K Free: 13262K (28%)
----------------- Invoking toplevel() on ptolemy.moml.MoMLSimpleApplication@3d360bc
----------------- Done invoking toplevel() on ptolemy.moml.MoMLSimpleApplication@3d360bc
reloadAllAccessors: .Modal3

===========================================================================================
----------------- testing Mon Aug 05 20:07:48 UTC 2019 /home/travis/build/icyphy/ptII/ptolemy/domains/de/test/auto/Modal4.xml
----------------- Instantiating /home/travis/build/icyphy/ptII/ptolemy/domains/de/test/auto/Modal4.xml
12 ms. Memory: 48128K Free: 21663K (45%)
----------------- Invoking toplevel() on ptolemy.moml.MoMLSimpleApplication@6a05ab0a
----------------- Done invoking toplevel() on ptolemy.moml.MoMLSimpleApplication@6a05ab0a
reloadAllAccessors: .Modal4

===========================================================================================
----------------- testing Mon Aug 05 20:07:48 UTC 2019 /home/travis/build/icyphy/ptII/ptolemy/domains/de/test/auto/Modal5.xml
----------------- Instantiating /home/travis/build/icyphy/ptII/ptolemy/domains/de/test/auto/Modal5.xml
17 ms. Memory: 58368K Free: 40368K (69%)
----------------- Invoking toplevel() on ptolemy.moml.MoMLSimpleApplication@6b55c963
----------------- Done invoking toplevel() on ptolemy.moml.MoMLSimpleApplication@6b55c963
reloadAllAccessors: .Modal5

===========================================================================================
----------------- testing Mon Aug 05 20:07:48 UTC 2019 /home/travis/build/icyphy/ptII/ptolemy/domains/de/test/auto/Modal6.xml
----------------- Instantiating /home/travis/build/icyphy/ptII/ptolemy/domains/de/test/auto/Modal6.xml
9 ms. Memory: 58368K Free: 27709K (47%)
----------------- Invoking toplevel() on ptolemy.moml.MoMLSimpleApplication@56ea0766
----------------- Done invoking toplevel() on ptolemy.moml.MoMLSimpleApplication@56ea0766
reloadAllAccessors: .Modal6

===========================================================================================
----------------- testing Mon Aug 05 20:07:48 UTC 2019 /home/travis/build/icyphy/ptII/ptolemy/domains/de/test/auto/Modal7.xml
----------------- Instantiating /home/travis/build/icyphy/ptII/ptolemy/domains/de/test/auto/Modal7.xml
14 ms. Memory: 58368K Free: 40289K (69%)
----------------- Invoking toplevel() on ptolemy.moml.MoMLSimpleApplication@597f0c1a
----------------- Done invoking toplevel() on ptolemy.moml.MoMLSimpleApplication@597f0c1a
reloadAllAccessors: .Modal7

===========================================================================================
----------------- testing Mon Aug 05 20:07:48 UTC 2019 /home/travis/build/icyphy/ptII/ptolemy/domains/de/test/auto/ModalModel.xml
----------------- Instantiating /home/travis/build/icyphy/ptII/ptolemy/domains/de/test/auto/ModalModel.xml
128 ms. Memory: 58368K Free: 23785K (41%)
----------------- Invoking toplevel() on ptolemy.moml.MoMLSimpleApplication@1dd44716
----------------- Done invoking toplevel() on ptolemy.moml.MoMLSimpleApplication@1dd44716
reloadAllAccessors: .ModalModel

===========================================================================================
----------------- testing Mon Aug 05 20:07:48 UTC 2019 /home/travis/build/icyphy/ptII/ptolemy/domains/de/test/auto/ModalSource.xml
----------------- Instantiating /home/travis/build/icyphy/ptII/ptolemy/domains/de/test/auto/ModalSource.xml
5 ms. Memory: 58368K Free: 15593K (27%)
----------------- Invoking toplevel() on ptolemy.moml.MoMLSimpleApplication@58c94200
----------------- Done invoking toplevel() on ptolemy.moml.MoMLSimpleApplication@58c94200
reloadAllAccessors: .ModalSource

===========================================================================================
----------------- testing Mon Aug 05 20:07:48 UTC 2019 /home/travis/build/icyphy/ptII/ptolemy/domains/de/test/auto/NonInterruptibleTimerZeroDelay.xml
----------------- Instantiating /home/travis/build/icyphy/ptII/ptolemy/domains/de/test/auto/NonInterruptibleTimerZeroDelay.xml
2 ms. Memory: 90112K Free: 70833K (79%)
----------------- Invoking toplevel() on ptolemy.moml.MoMLSimpleApplication@51d21f8
----------------- Done invoking toplevel() on ptolemy.moml.MoMLSimpleApplication@51d21f8
reloadAllAccessors: .NonInterruptibleTimerZeroDelay

===========================================================================================
----------------- testing Mon Aug 05 20:07:48 UTC 2019 /home/travis/build/icyphy/ptII/ptolemy/domains/de/test/auto/OpenQueueingNetwork.xml
----------------- Instantiating /home/travis/build/icyphy/ptII/ptolemy/domains/de/test/auto/OpenQueueingNetwork.xml
2302 ms. Memory: 180224K Free: 104232K (58%)
----------------- Invoking toplevel() on ptolemy.moml.MoMLSimpleApplication@55ccfe15
----------------- Done invoking toplevel() on ptolemy.moml.MoMLSimpleApplication@55ccfe15
reloadAllAccessors: .OpenQueueingNetwork

===========================================================================================
----------------- testing Mon Aug 05 20:07:50 UTC 2019 /home/travis/build/icyphy/ptII/ptolemy/domains/de/test/auto/OpenQueuingNetwork.xml
----------------- Instantiating /home/travis/build/icyphy/ptII/ptolemy/domains/de/test/auto/OpenQueuingNetwork.xml
253 ms. Memory: 261120K Free: 207000K (79%)
----------------- Invoking toplevel() on ptolemy.moml.MoMLSimpleApplication@58867710
----------------- Done invoking toplevel() on ptolemy.moml.MoMLSimpleApplication@58867710
reloadAllAccessors: .OpenQueuingNetwork

===========================================================================================
----------------- testing Mon Aug 05 20:07:51 UTC 2019 /home/travis/build/icyphy/ptII/ptolemy/domains/de/test/auto/PeriodicSampler.xml
----------------- Instantiating /home/travis/build/icyphy/ptII/ptolemy/domains/de/test/auto/PeriodicSampler.xml
3 ms. Memory: 261120K Free: 202390K (78%)
----------------- Invoking toplevel() on ptolemy.moml.MoMLSimpleApplication@7c2b8128
----------------- Done invoking toplevel() on ptolemy.moml.MoMLSimpleApplication@7c2b8128
reloadAllAccessors: .PeriodicSampler

===========================================================================================
----------------- testing Mon Aug 05 20:07:51 UTC 2019 /home/travis/build/icyphy/ptII/ptolemy/domains/de/test/auto/PersistentIO.xml
----------------- Instantiating /home/travis/build/icyphy/ptII/ptolemy/domains/de/test/auto/PersistentIO.xml
4 ms. Memory: 261120K Free: 192664K (74%)
----------------- Invoking toplevel() on ptolemy.moml.MoMLSimpleApplication@1f0c1561
----------------- Done invoking toplevel() on ptolemy.moml.MoMLSimpleApplication@1f0c1561
reloadAllAccessors: .PersistentIO

===========================================================================================
----------------- testing Mon Aug 05 20:07:51 UTC 2019 /home/travis/build/icyphy/ptII/ptolemy/domains/de/test/auto/PortParameterResetOnInitialize.xml
----------------- Instantiating /home/travis/build/icyphy/ptII/ptolemy/domains/de/test/auto/PortParameterResetOnInitialize.xml
3 ms. Memory: 261120K Free: 188048K (72%)
----------------- Invoking toplevel() on ptolemy.moml.MoMLSimpleApplication@62e42f57
----------------- Done invoking toplevel() on ptolemy.moml.MoMLSimpleApplication@62e42f57
reloadAllAccessors: .PortParameterResetOnInitialize

===========================================================================================
----------------- testing Mon Aug 05 20:07:51 UTC 2019 /home/travis/build/icyphy/ptII/ptolemy/domains/de/test/auto/PortParameterUpdates.xml
----------------- Instantiating /home/travis/build/icyphy/ptII/ptolemy/domains/de/test/auto/PortParameterUpdates.xml
7 ms. Memory: 261120K Free: 181400K (69%)
----------------- Invoking toplevel() on ptolemy.moml.MoMLSimpleApplication@2bce9595
----------------- Done invoking toplevel() on ptolemy.moml.MoMLSimpleApplication@2bce9595
reloadAllAccessors: .PortParameterUpdates

===========================================================================================
----------------- testing Mon Aug 05 20:07:51 UTC 2019 /home/travis/build/icyphy/ptII/ptolemy/domains/de/test/auto/QueueAndServer.xml
----------------- Instantiating /home/travis/build/icyphy/ptII/ptolemy/domains/de/test/auto/QueueAndServer.xml
5 ms. Memory: 261120K Free: 173718K (67%)
----------------- Invoking toplevel() on ptolemy.moml.MoMLSimpleApplication@5be484cf
----------------- Done invoking toplevel() on ptolemy.moml.MoMLSimpleApplication@5be484cf
reloadAllAccessors: .QueueAndServer

===========================================================================================
----------------- testing Mon Aug 05 20:07:51 UTC 2019 /home/travis/build/icyphy/ptII/ptolemy/domains/de/test/auto/Records.xml
----------------- Instantiating /home/travis/build/icyphy/ptII/ptolemy/domains/de/test/auto/Records.xml
4 ms. Memory: 261120K Free: 168088K (64%)
----------------- Invoking toplevel() on ptolemy.moml.MoMLSimpleApplication@150bbae1
----------------- Done invoking toplevel() on ptolemy.moml.MoMLSimpleApplication@150bbae1
reloadAllAccessors: .Records

===========================================================================================
----------------- testing Mon Aug 05 20:07:51 UTC 2019 /home/travis/build/icyphy/ptII/ptolemy/domains/de/test/auto/ResetTransitionWithStartTime1.xml
----------------- Instantiating /home/travis/build/icyphy/ptII/ptolemy/domains/de/test/auto/ResetTransitionWithStartTime1.xml
5 ms. Memory: 261120K Free: 159896K (61%)
----------------- Invoking toplevel() on ptolemy.moml.MoMLSimpleApplication@53632163
----------------- Done invoking toplevel() on ptolemy.moml.MoMLSimpleApplication@53632163
reloadAllAccessors: .ResetTransitionWithStartTime1

===========================================================================================
----------------- testing Mon Aug 05 20:07:51 UTC 2019 /home/travis/build/icyphy/ptII/ptolemy/domains/de/test/auto/ResetTransitionWithStartTime2.xml
----------------- Instantiating /home/travis/build/icyphy/ptII/ptolemy/domains/de/test/auto/ResetTransitionWithStartTime2.xml
8 ms. Memory: 261120K Free: 151704K (58%)
----------------- Invoking toplevel() on ptolemy.moml.MoMLSimpleApplication@74df6854
----------------- Done invoking toplevel() on ptolemy.moml.MoMLSimpleApplication@74df6854
reloadAllAccessors: .ResetTransitionWithStartTime2

===========================================================================================
----------------- testing Mon Aug 05 20:07:51 UTC 2019 /home/travis/build/icyphy/ptII/ptolemy/domains/de/test/auto/ResetTransitionWithStartTime3.xml
----------------- Instantiating /home/travis/build/icyphy/ptII/ptolemy/domains/de/test/auto/ResetTransitionWithStartTime3.xml
4 ms. Memory: 261120K Free: 143512K (55%)
----------------- Invoking toplevel() on ptolemy.moml.MoMLSimpleApplication@70f77339
----------------- Done invoking toplevel() on ptolemy.moml.MoMLSimpleApplication@70f77339
reloadAllAccessors: .ResetTransitionWithStartTime3

===========================================================================================
----------------- testing Mon Aug 05 20:07:51 UTC 2019 /home/travis/build/icyphy/ptII/ptolemy/domains/de/test/auto/ResetTransitionWithStartTime4.xml
----------------- Instantiating /home/travis/build/icyphy/ptII/ptolemy/domains/de/test/auto/ResetTransitionWithStartTime4.xml
3 ms. Memory: 261120K Free: 135824K (52%)
----------------- Invoking toplevel() on ptolemy.moml.MoMLSimpleApplication@240a252
----------------- Done invoking toplevel() on ptolemy.moml.MoMLSimpleApplication@240a252
reloadAllAccessors: .ResetTransitionWithStartTime4

===========================================================================================
----------------- testing Mon Aug 05 20:07:51 UTC 2019 /home/travis/build/icyphy/ptII/ptolemy/domains/de/test/auto/ResettableTimer1.xml
----------------- Instantiating /home/travis/build/icyphy/ptII/ptolemy/domains/de/test/auto/ResettableTimer1.xml
2 ms. Memory: 261120K Free: 131704K (50%)
----------------- Invoking toplevel() on ptolemy.moml.MoMLSimpleApplication@7af57c48
----------------- Done invoking toplevel() on ptolemy.moml.MoMLSimpleApplication@7af57c48
reloadAllAccessors: .ResettableTimer1

===========================================================================================
----------------- testing Mon Aug 05 20:07:51 UTC 2019 /home/travis/build/icyphy/ptII/ptolemy/domains/de/test/auto/ResettableTimer2.xml
----------------- Instantiating /home/travis/build/icyphy/ptII/ptolemy/domains/de/test/auto/ResettableTimer2.xml
2 ms. Memory: 261120K Free: 127624K (49%)
----------------- Invoking toplevel() on ptolemy.moml.MoMLSimpleApplication@32dbc530
----------------- Done invoking toplevel() on ptolemy.moml.MoMLSimpleApplication@32dbc530
reloadAllAccessors: .ResettableTimer2

===========================================================================================
----------------- testing Mon Aug 05 20:07:51 UTC 2019 /home/travis/build/icyphy/ptII/ptolemy/domains/de/test/auto/ResettableTimer3.xml
----------------- Instantiating /home/travis/build/icyphy/ptII/ptolemy/domains/de/test/auto/ResettableTimer3.xml
2 ms. Memory: 261120K Free: 123542K (47%)
----------------- Invoking toplevel() on ptolemy.moml.MoMLSimpleApplication@65c3dbe7
----------------- Done invoking toplevel() on ptolemy.moml.MoMLSimpleApplication@65c3dbe7
reloadAllAccessors: .ResettableTimer3

===========================================================================================
----------------- testing Mon Aug 05 20:07:51 UTC 2019 /home/travis/build/icyphy/ptII/ptolemy/domains/de/test/auto/ResettableTimer4.xml
----------------- Instantiating /home/travis/build/icyphy/ptII/ptolemy/domains/de/test/auto/ResettableTimer4.xml
1 ms. Memory: 261120K Free: 119446K (46%)
----------------- Invoking toplevel() on ptolemy.moml.MoMLSimpleApplication@6f074aa5
----------------- Done invoking toplevel() on ptolemy.moml.MoMLSimpleApplication@6f074aa5
reloadAllAccessors: .ResettableTimer4

===========================================================================================
----------------- testing Mon Aug 05 20:07:51 UTC 2019 /home/travis/build/icyphy/ptII/ptolemy/domains/de/test/auto/ResettableTimer5.xml
----------------- Instantiating /home/travis/build/icyphy/ptII/ptolemy/domains/de/test/auto/ResettableTimer5.xml
3 ms. Memory: 261120K Free: 115350K (44%)
----------------- Invoking toplevel() on ptolemy.moml.MoMLSimpleApplication@a22ec9d
----------------- Done invoking toplevel() on ptolemy.moml.MoMLSimpleApplication@a22ec9d
reloadAllAccessors: .ResettableTimer5

===========================================================================================
----------------- testing Mon Aug 05 20:07:51 UTC 2019 /home/travis/build/icyphy/ptII/ptolemy/domains/de/test/auto/ResettableTimer6.xml
----------------- Instantiating /home/travis/build/icyphy/ptII/ptolemy/domains/de/test/auto/ResettableTimer6.xml
7 ms. Memory: 261120K Free: 110744K (42%)
----------------- Invoking toplevel() on ptolemy.moml.MoMLSimpleApplication@464f4834
----------------- Done invoking toplevel() on ptolemy.moml.MoMLSimpleApplication@464f4834
reloadAllAccessors: .ResettableTimer6

===========================================================================================
----------------- testing Mon Aug 05 20:07:51 UTC 2019 /home/travis/build/icyphy/ptII/ptolemy/domains/de/test/auto/ServerZeroDelay.xml
----------------- Instantiating /home/travis/build/icyphy/ptII/ptolemy/domains/de/test/auto/ServerZeroDelay.xml
2 ms. Memory: 261120K Free: 106648K (41%)
----------------- Invoking toplevel() on ptolemy.moml.MoMLSimpleApplication@b73cd6c
----------------- Done invoking toplevel() on ptolemy.moml.MoMLSimpleApplication@b73cd6c
reloadAllAccessors: .ServerZeroDelay

===========================================================================================
----------------- testing Mon Aug 05 20:07:51 UTC 2019 /home/travis/build/icyphy/ptII/ptolemy/domains/de/test/auto/SmartSender.xml
----------------- Instantiating /home/travis/build/icyphy/ptII/ptolemy/domains/de/test/auto/SmartSender.xml
3001 ms. Memory: 261120K Free: 241508K (92%)
----------------- Invoking toplevel() on ptolemy.moml.MoMLSimpleApplication@31ed3042
----------------- Done invoking toplevel() on ptolemy.moml.MoMLSimpleApplication@31ed3042
reloadAllAccessors: .SmartSender

===========================================================================================
----------------- testing Mon Aug 05 20:07:54 UTC 2019 /home/travis/build/icyphy/ptII/ptolemy/domains/de/test/auto/ThreadedComposite.xml
----------------- Instantiating /home/travis/build/icyphy/ptII/ptolemy/domains/de/test/auto/ThreadedComposite.xml
90 ms. Memory: 261120K Free: 221835K (85%)
----------------- Invoking toplevel() on ptolemy.moml.MoMLSimpleApplication@13cff216
----------------- Done invoking toplevel() on ptolemy.moml.MoMLSimpleApplication@13cff216
reloadAllAccessors: .ThreadedComposite

===========================================================================================
----------------- testing Mon Aug 05 20:07:54 UTC 2019 /home/travis/build/icyphy/ptII/ptolemy/domains/de/test/auto/Time.xml
----------------- Instantiating /home/travis/build/icyphy/ptII/ptolemy/domains/de/test/auto/Time.xml
419 ms. Memory: 261120K Free: 169611K (65%)
----------------- Invoking toplevel() on ptolemy.moml.MoMLSimpleApplication@1abc5369
----------------- Done invoking toplevel() on ptolemy.moml.MoMLSimpleApplication@1abc5369
reloadAllAccessors: .Time

===========================================================================================
----------------- testing Mon Aug 05 20:07:55 UTC 2019 /home/travis/build/icyphy/ptII/ptolemy/domains/de/test/auto/TimeDelayZeroDelay.xml
----------------- Instantiating /home/travis/build/icyphy/ptII/ptolemy/domains/de/test/auto/TimeDelayZeroDelay.xml
2 ms. Memory: 261120K Free: 165515K (63%)
----------------- Invoking toplevel() on ptolemy.moml.MoMLSimpleApplication@7131734c
----------------- Done invoking toplevel() on ptolemy.moml.MoMLSimpleApplication@7131734c
reloadAllAccessors: .TimeDelayZeroDelay

===========================================================================================
----------------- testing Mon Aug 05 20:07:55 UTC 2019 /home/travis/build/icyphy/ptII/ptolemy/domains/de/test/auto/TimerZeroDelay.xml
----------------- Instantiating /home/travis/build/icyphy/ptII/ptolemy/domains/de/test/auto/TimerZeroDelay.xml
2 ms. Memory: 261120K Free: 161419K (62%)
----------------- Invoking toplevel() on ptolemy.moml.MoMLSimpleApplication@4e6df0d1
----------------- Done invoking toplevel() on ptolemy.moml.MoMLSimpleApplication@4e6df0d1
reloadAllAccessors: .TimerZeroDelay

===========================================================================================
----------------- testing Mon Aug 05 20:07:55 UTC 2019 /home/travis/build/icyphy/ptII/ptolemy/domains/de/test/auto/TimingParadox.xml
----------------- Instantiating /home/travis/build/icyphy/ptII/ptolemy/domains/de/test/auto/TimingParadox.xml
281 ms. Memory: 261120K Free: 238864K (91%)
----------------- Invoking toplevel() on ptolemy.moml.MoMLSimpleApplication@63139abc
----------------- Done invoking toplevel() on ptolemy.moml.MoMLSimpleApplication@63139abc
reloadAllAccessors: .TimingParadox

===========================================================================================
----------------- testing Mon Aug 05 20:07:55 UTC 2019 /home/travis/build/icyphy/ptII/ptolemy/domains/de/test/auto/TransferInputs.xml
----------------- Instantiating /home/travis/build/icyphy/ptII/ptolemy/domains/de/test/auto/TransferInputs.xml
1 ms. Memory: 261120K Free: 233730K (90%)
----------------- Invoking toplevel() on ptolemy.moml.MoMLSimpleApplication@16078faa
----------------- Done invoking toplevel() on ptolemy.moml.MoMLSimpleApplication@16078faa
reloadAllAccessors: .TransferInputs

===========================================================================================
----------------- testing Mon Aug 05 20:07:55 UTC 2019 /home/travis/build/icyphy/ptII/ptolemy/domains/de/test/auto/TransferOutputs2.xml
----------------- Instantiating /home/travis/build/icyphy/ptII/ptolemy/domains/de/test/auto/TransferOutputs2.xml
3 ms. Memory: 261120K Free: 225552K (86%)
----------------- Invoking toplevel() on ptolemy.moml.MoMLSimpleApplication@65092def
----------------- Done invoking toplevel() on ptolemy.moml.MoMLSimpleApplication@65092def
reloadAllAccessors: .TransferOutputs2

===========================================================================================
----------------- testing Mon Aug 05 20:07:55 UTC 2019 /home/travis/build/icyphy/ptII/ptolemy/domains/de/test/auto/Trilateration.xml
----------------- Instantiating /home/travis/build/icyphy/ptII/ptolemy/domains/de/test/auto/Trilateration.xml
10971 ms. Memory: 376832K Free: 132883K (35%)
----------------- Invoking toplevel() on ptolemy.moml.MoMLSimpleApplication@787735f3
----------------- Done invoking toplevel() on ptolemy.moml.MoMLSimpleApplication@787735f3
reloadAllAccessors: .Trilateration

===========================================================================================
----------------- testing Mon Aug 05 20:08:07 UTC 2019 /home/travis/build/icyphy/ptII/ptolemy/domains/de/test/auto/TwoSigmaDelta.xml
----------------- Instantiating /home/travis/build/icyphy/ptII/ptolemy/domains/de/test/auto/TwoSigmaDelta.xml
2195 ms. Memory: 376832K Free: 154014K (41%)
----------------- Invoking toplevel() on ptolemy.moml.MoMLSimpleApplication@3ea9b393
----------------- Done invoking toplevel() on ptolemy.moml.MoMLSimpleApplication@3ea9b393
reloadAllAccessors: .TwoSigmaDelta

===========================================================================================
----------------- testing Mon Aug 05 20:08:09 UTC 2019 /home/travis/build/icyphy/ptII/ptolemy/domains/de/test/auto/VariableDelay.xml
----------------- Instantiating /home/travis/build/icyphy/ptII/ptolemy/domains/de/test/auto/VariableDelay.xml
2 ms. Memory: 376832K Free: 149408K (40%)
----------------- Invoking toplevel() on ptolemy.moml.MoMLSimpleApplication@316d1357
----------------- Done invoking toplevel() on ptolemy.moml.MoMLSimpleApplication@316d1357
reloadAllAccessors: .VariableDelay

===========================================================================================
----------------- testing Mon Aug 05 20:08:09 UTC 2019 /home/travis/build/icyphy/ptII/ptolemy/domains/de/test/auto/VariableDelay2.xml
----------------- Instantiating /home/travis/build/icyphy/ptII/ptolemy/domains/de/test/auto/VariableDelay2.xml
2 ms. Memory: 376832K Free: 144768K (38%)
----------------- Invoking toplevel() on ptolemy.moml.MoMLSimpleApplication@4c397ff7
----------------- Done invoking toplevel() on ptolemy.moml.MoMLSimpleApplication@4c397ff7
reloadAllAccessors: .VariableDelay2

===========================================================================================
----------------- testing Mon Aug 05 20:08:09 UTC 2019 /home/travis/build/icyphy/ptII/ptolemy/domains/de/test/auto/VariableDelayZeroDelay.xml
----------------- Instantiating /home/travis/build/icyphy/ptII/ptolemy/domains/de/test/auto/VariableDelayZeroDelay.xml
5 ms. Memory: 376832K Free: 140702K (37%)
----------------- Invoking toplevel() on ptolemy.moml.MoMLSimpleApplication@2b418916
----------------- Done invoking toplevel() on ptolemy.moml.MoMLSimpleApplication@2b418916
reloadAllAccessors: .VariableDelayZeroDelay

===========================================================================================
----------------- testing Mon Aug 05 20:08:09 UTC 2019 /home/travis/build/icyphy/ptII/ptolemy/domains/de/test/auto/VariableDelayZeroDelay2.xml
----------------- Instantiating /home/travis/build/icyphy/ptII/ptolemy/domains/de/test/auto/VariableDelayZeroDelay2.xml
5 ms. Memory: 376832K Free: 136606K (36%)
----------------- Invoking toplevel() on ptolemy.moml.MoMLSimpleApplication@55187b25
----------------- Done invoking toplevel() on ptolemy.moml.MoMLSimpleApplication@55187b25
reloadAllAccessors: .VariableDelayZeroDelay2

===========================================================================================
----------------- testing Mon Aug 05 20:08:09 UTC 2019 /home/travis/build/icyphy/ptII/ptolemy/domains/de/test/auto/deInCt.xml
----------------- Instantiating /home/travis/build/icyphy/ptII/ptolemy/domains/de/test/auto/deInCt.xml
0
1
1
1
1
1
0
0
0
0
0
0
1
1
1
1
0
0
0
1
1
1
0
0
0
1
1
1
1
8 ms. Memory: 376832K Free: 131486K (35%)
----------------- Invoking toplevel() on ptolemy.moml.MoMLSimpleApplication@2c4a7c70
----------------- Done invoking toplevel() on ptolemy.moml.MoMLSimpleApplication@2c4a7c70
reloadAllAccessors: .deInCt

===========================================================================================
----------------- testing Mon Aug 05 20:08:09 UTC 2019 /home/travis/build/icyphy/ptII/ptolemy/domains/de/test/auto/deInCt2.xml
----------------- Instantiating /home/travis/build/icyphy/ptII/ptolemy/domains/de/test/auto/deInCt2.xml
0
1
1
1
0
0
1
1
1
0
0
1
1
1
0
0
1
1
1
0
0
1
1
1
0
0
1
1
1
0
0
1
1
1
0
0
1
1
1
0
0
0
22 ms. Memory: 376832K Free: 346658K (92%)
----------------- Invoking toplevel() on ptolemy.moml.MoMLSimpleApplication@5bff85a6
----------------- Done invoking toplevel() on ptolemy.moml.MoMLSimpleApplication@5bff85a6
reloadAllAccessors: .deInCt2

===========================================================================================
----------------- testing Mon Aug 05 20:08:09 UTC 2019 /home/travis/build/icyphy/ptII/ptolemy/domains/de/test/auto/dynamicCausalityInterface1.xml
----------------- Instantiating /home/travis/build/icyphy/ptII/ptolemy/domains/de/test/auto/dynamicCausalityInterface1.xml
0 ms. Memory: 376832K Free: 336938K (89%)
----------------- Invoking toplevel() on ptolemy.moml.MoMLSimpleApplication@221e3b4c
----------------- Done invoking toplevel() on ptolemy.moml.MoMLSimpleApplication@221e3b4c
reloadAllAccessors: .dynamicCausalityInterface1

===========================================================================================
----------------- testing Mon Aug 05 20:08:09 UTC 2019 /home/travis/build/icyphy/ptII/ptolemy/domains/de/test/auto/fsm_de_test.xml
----------------- Instantiating /home/travis/build/icyphy/ptII/ptolemy/domains/de/test/auto/fsm_de_test.xml
5 ms. Memory: 376832K Free: 327722K (87%)
----------------- Invoking toplevel() on ptolemy.moml.MoMLSimpleApplication@790a9310
----------------- Done invoking toplevel() on ptolemy.moml.MoMLSimpleApplication@790a9310
reloadAllAccessors: .fsm_de_test

===========================================================================================
----------------- testing Mon Aug 05 20:08:09 UTC 2019 /home/travis/build/icyphy/ptII/ptolemy/domains/de/test/auto/functionDependencyReconstruction.xml
----------------- Instantiating /home/travis/build/icyphy/ptII/ptolemy/domains/de/test/auto/functionDependencyReconstruction.xml
2 ms. Memory: 376832K Free: 312866K (83%)
----------------- Invoking toplevel() on ptolemy.moml.MoMLSimpleApplication@7757560
----------------- Done invoking toplevel() on ptolemy.moml.MoMLSimpleApplication@7757560
reloadAllAccessors: .functionDependencyReconstruction

===========================================================================================
----------------- testing Mon Aug 05 20:08:09 UTC 2019 /home/travis/build/icyphy/ptII/ptolemy/domains/de/test/auto/multirate.xml
----------------- Instantiating /home/travis/build/icyphy/ptII/ptolemy/domains/de/test/auto/multirate.xml
3 ms. Memory: 376832K Free: 306218K (81%)
----------------- Invoking toplevel() on ptolemy.moml.MoMLSimpleApplication@2639bcd3
----------------- Done invoking toplevel() on ptolemy.moml.MoMLSimpleApplication@2639bcd3
reloadAllAccessors: .multirate

===========================================================================================
----------------- testing Mon Aug 05 20:08:09 UTC 2019 /home/travis/build/icyphy/ptII/ptolemy/domains/de/test/auto/multirate2.xml
----------------- Instantiating /home/travis/build/icyphy/ptII/ptolemy/domains/de/test/auto/multirate2.xml
2 ms. Memory: 376832K Free: 299546K (79%)
----------------- Invoking toplevel() on ptolemy.moml.MoMLSimpleApplication@753d0a40
----------------- Done invoking toplevel() on ptolemy.moml.MoMLSimpleApplication@753d0a40
reloadAllAccessors: .multirate2

===========================================================================================
----------------- testing Mon Aug 05 20:08:09 UTC 2019 /home/travis/build/icyphy/ptII/ptolemy/domains/de/test/auto/realtime.xml
----------------- Instantiating /home/travis/build/icyphy/ptII/ptolemy/domains/de/test/auto/realtime.xml
10001 ms. Memory: 376832K Free: 294954K (78%)
----------------- Invoking toplevel() on ptolemy.moml.MoMLSimpleApplication@46b42a93
----------------- Done invoking toplevel() on ptolemy.moml.MoMLSimpleApplication@46b42a93
reloadAllAccessors: .realtime

===========================================================================================
----------------- testing Mon Aug 05 20:08:19 UTC 2019 /home/travis/build/icyphy/ptII/ptolemy/domains/de/test/auto/relationGroup.xml
----------------- Instantiating /home/travis/build/icyphy/ptII/ptolemy/domains/de/test/auto/relationGroup.xml
2 ms. Memory: 376832K Free: 291368K (77%)
----------------- Invoking toplevel() on ptolemy.moml.MoMLSimpleApplication@2431b77d
----------------- Done invoking toplevel() on ptolemy.moml.MoMLSimpleApplication@2431b77d
reloadAllAccessors: .relationGroup

===========================================================================================
----------------- testing Mon Aug 05 20:08:19 UTC 2019 /home/travis/build/icyphy/ptII/ptolemy/domains/de/test/auto/relationGroup2.xml
----------------- Instantiating /home/travis/build/icyphy/ptII/ptolemy/domains/de/test/auto/relationGroup2.xml
1 ms. Memory: 376832K Free: 287786K (76%)
----------------- Invoking toplevel() on ptolemy.moml.MoMLSimpleApplication@af4a16a
----------------- Done invoking toplevel() on ptolemy.moml.MoMLSimpleApplication@af4a16a
reloadAllAccessors: .relationGroup2

===========================================================================================
----------------- testing Mon Aug 05 20:08:19 UTC 2019 /home/travis/build/icyphy/ptII/ptolemy/domains/de/test/auto/sortWithOpaquePorts.xml
----------------- Instantiating /home/travis/build/icyphy/ptII/ptolemy/domains/de/test/auto/sortWithOpaquePorts.xml
1 ms. Memory: 376832K Free: 283162K (75%)
----------------- Invoking toplevel() on ptolemy.moml.MoMLSimpleApplication@469a4ff7
----------------- Done invoking toplevel() on ptolemy.moml.MoMLSimpleApplication@469a4ff7
reloadAllAccessors: .sortWithOpaquePorts

===========================================================================================
----------------- testing Mon Aug 05 20:08:19 UTC 2019 /home/travis/build/icyphy/ptII/ptolemy/domains/de/test/auto/transferInputsandOutputs.xml
----------------- Instantiating /home/travis/build/icyphy/ptII/ptolemy/domains/de/test/auto/transferInputsandOutputs.xml
3 ms. Memory: 376832K Free: 276008K (73%)
----------------- Invoking toplevel() on ptolemy.moml.MoMLSimpleApplication@50110d6a
----------------- Done invoking toplevel() on ptolemy.moml.MoMLSimpleApplication@50110d6a
reloadAllAccessors: .transferInputsandOutputs

===========================================================================================
----------------- testing Mon Aug 05 20:08:19 UTC 2019 /home/travis/build/icyphy/ptII/ptolemy/domains/de/test/auto/triggerType.xml
----------------- Instantiating /home/travis/build/icyphy/ptII/ptolemy/domains/de/test/auto/triggerType.xml
1 ms. Memory: 376832K Free: 271898K (72%)
----------------- Invoking toplevel() on ptolemy.moml.MoMLSimpleApplication@5227a6eb
----------------- Done invoking toplevel() on ptolemy.moml.MoMLSimpleApplication@5227a6eb
reloadAllAccessors: .triggerType
AutoTests.java: About to close Vertx.
AutoTests.java: Vertx closed.
]]></system-out>
  <system-err><![CDATA[java.lang.RuntimeException: Execution failed
	at ptolemy.moml.MoMLSimpleApplication$UnloadThread.run(MoMLSimpleApplication.java:402)
Caused by: ptolemy.kernel.util.IllegalActionException: Found a zero delay loop containing .dependencyLoop.original
  in .dependencyLoop and .dependencyLoop.original
	at ptolemy.actor.util.CausalityInterfaceForComposites._computeOutputPortDepth(CausalityInterfaceForComposites.java:759)
	at ptolemy.actor.util.CausalityInterfaceForComposites._computeInputDepth(CausalityInterfaceForComposites.java:696)
	at ptolemy.actor.util.CausalityInterfaceForComposites._computeOutputPortDepth(CausalityInterfaceForComposites.java:765)
	at ptolemy.actor.util.CausalityInterfaceForComposites._computeInputDepth(CausalityInterfaceForComposites.java:696)
	at ptolemy.actor.util.CausalityInterfaceForComposites._computeOutputPortDepth(CausalityInterfaceForComposites.java:765)
	at ptolemy.actor.util.CausalityInterfaceForComposites._computeInputDepth(CausalityInterfaceForComposites.java:696)
	at ptolemy.actor.util.CausalityInterfaceForComposites._computeActorDepth(CausalityInterfaceForComposites.java:532)
	at ptolemy.actor.util.CausalityInterfaceForComposites.checkForCycles(CausalityInterfaceForComposites.java:96)
	at ptolemy.domains.de.kernel.DEDirector.preinitialize(DEDirector.java:1338)
	at ptolemy.actor.CompositeActor.preinitialize(CompositeActor.java:1828)
	at ptolemy.actor.Manager.preinitializeAndResolveTypes(Manager.java:1040)
	at ptolemy.actor.Manager.initialize(Manager.java:710)
	at ptolemy.actor.Manager.execute(Manager.java:356)
	at ptolemy.actor.Manager.run(Manager.java:1263)
	at ptolemy.actor.Manager$PtolemyRunThread.run(Manager.java:1933)
java.lang.RuntimeException: Execution failed
	at ptolemy.moml.MoMLSimpleApplication$UnloadThread.run(MoMLSimpleApplication.java:402)
Caused by: ptolemy.kernel.util.IllegalActionException: Found a zero delay loop containing .dependencyLoop2.original
  in .dependencyLoop2 and .dependencyLoop2.original
	at ptolemy.actor.util.CausalityInterfaceForComposites._computeOutputPortDepth(CausalityInterfaceForComposites.java:759)
	at ptolemy.actor.util.CausalityInterfaceForComposites._computeInputDepth(CausalityInterfaceForComposites.java:696)
	at ptolemy.actor.util.CausalityInterfaceForComposites._computeOutputPortDepth(CausalityInterfaceForComposites.java:765)
	at ptolemy.actor.util.CausalityInterfaceForComposites._computeInputDepth(CausalityInterfaceForComposites.java:696)
	at ptolemy.actor.util.CausalityInterfaceForComposites._computeOutputPortDepth(CausalityInterfaceForComposites.java:765)
	at ptolemy.actor.util.CausalityInterfaceForComposites._computeInputDepth(CausalityInterfaceForComposites.java:696)
	at ptolemy.actor.util.CausalityInterfaceForComposites._computeActorDepth(CausalityInterfaceForComposites.java:532)
	at ptolemy.actor.util.CausalityInterfaceForComposites.checkForCycles(CausalityInterfaceForComposites.java:96)
	at ptolemy.domains.de.kernel.DEDirector.preinitialize(DEDirector.java:1338)
	at ptolemy.actor.CompositeActor.preinitialize(CompositeActor.java:1828)
	at ptolemy.actor.Manager.preinitializeAndResolveTypes(Manager.java:1040)
	at ptolemy.actor.Manager.initialize(Manager.java:710)
	at ptolemy.actor.Manager.execute(Manager.java:356)
	at ptolemy.actor.Manager.run(Manager.java:1263)
	at ptolemy.actor.Manager$PtolemyRunThread.run(Manager.java:1933)
java.lang.RuntimeException: Execution failed
	at ptolemy.moml.MoMLSimpleApplication$UnloadThread.run(MoMLSimpleApplication.java:402)
Caused by: ptolemy.kernel.util.IllegalActionException: Test fails in iteration 1.
Value was: 1.0. Should have been: 2.0
  in .DirectFeedback.Test
	at ptolemy.actor.lib.Test.fire(Test.java:268)
	at ptolemy.domains.de.kernel.DEDirector._fire(DEDirector.java:1949)
	at ptolemy.domains.de.kernel.DEDirector.fire(DEDirector.java:502)
	at ptolemy.actor.CompositeActor.fire(CompositeActor.java:455)
	at ptolemy.actor.Manager.iterate(Manager.java:851)
	at ptolemy.actor.Manager.execute(Manager.java:369)
	at ptolemy.actor.Manager.run(Manager.java:1263)
	at ptolemy.actor.Manager$PtolemyRunThread.run(Manager.java:1933)
java.lang.RuntimeException: Execution failed
	at ptolemy.moml.MoMLSimpleApplication$UnloadThread.run(MoMLSimpleApplication.java:402)
Caused by: ptolemy.kernel.util.IllegalActionException: Found a zero delay loop containing .dependencyLoop.original
  in .dependencyLoop and .dependencyLoop.original
	at ptolemy.actor.util.CausalityInterfaceForComposites._computeOutputPortDepth(CausalityInterfaceForComposites.java:759)
	at ptolemy.actor.util.CausalityInterfaceForComposites._computeInputDepth(CausalityInterfaceForComposites.java:696)
	at ptolemy.actor.util.CausalityInterfaceForComposites._computeOutputPortDepth(CausalityInterfaceForComposites.java:765)
	at ptolemy.actor.util.CausalityInterfaceForComposites._computeInputDepth(CausalityInterfaceForComposites.java:696)
	at ptolemy.actor.util.CausalityInterfaceForComposites._computeOutputPortDepth(CausalityInterfaceForComposites.java:765)
	at ptolemy.actor.util.CausalityInterfaceForComposites._computeInputDepth(CausalityInterfaceForComposites.java:696)
	at ptolemy.actor.util.CausalityInterfaceForComposites._computeActorDepth(CausalityInterfaceForComposites.java:532)
	at ptolemy.actor.util.CausalityInterfaceForComposites.checkForCycles(CausalityInterfaceForComposites.java:96)
	at ptolemy.domains.de.kernel.DEDirector.preinitialize(DEDirector.java:1338)
	at ptolemy.actor.CompositeActor.preinitialize(CompositeActor.java:1828)
	at ptolemy.actor.Manager.preinitializeAndResolveTypes(Manager.java:1040)
	at ptolemy.actor.Manager.initialize(Manager.java:710)
	at ptolemy.actor.Manager.execute(Manager.java:356)
	at ptolemy.actor.Manager.run(Manager.java:1263)
	at ptolemy.actor.Manager$PtolemyRunThread.run(Manager.java:1933)
java.lang.RuntimeException: Execution failed
	at ptolemy.moml.MoMLSimpleApplication$UnloadThread.run(MoMLSimpleApplication.java:402)
Caused by: ptolemy.kernel.util.IllegalActionException: Found a zero delay loop containing .HierarchicalModel.A
  in .HierarchicalModel and .HierarchicalModel.A
	at ptolemy.actor.util.CausalityInterfaceForComposites._computeOutputPortDepth(CausalityInterfaceForComposites.java:759)
	at ptolemy.actor.util.CausalityInterfaceForComposites._computeInputDepth(CausalityInterfaceForComposites.java:696)
	at ptolemy.actor.util.CausalityInterfaceForComposites._computeOutputPortDepth(CausalityInterfaceForComposites.java:765)
	at ptolemy.actor.util.CausalityInterfaceForComposites._computeInputDepth(CausalityInterfaceForComposites.java:696)
	at ptolemy.actor.util.CausalityInterfaceForComposites._computeOutputPortDepth(CausalityInterfaceForComposites.java:765)
	at ptolemy.actor.util.CausalityInterfaceForComposites._computeInputDepth(CausalityInterfaceForComposites.java:696)
	at ptolemy.actor.util.CausalityInterfaceForComposites._computeActorDepth(CausalityInterfaceForComposites.java:532)
	at ptolemy.actor.util.CausalityInterfaceForComposites.checkForCycles(CausalityInterfaceForComposites.java:96)
	at ptolemy.domains.de.kernel.DEDirector.preinitialize(DEDirector.java:1338)
	at ptolemy.actor.CompositeActor.preinitialize(CompositeActor.java:1828)
	at ptolemy.actor.Manager.preinitializeAndResolveTypes(Manager.java:1040)
	at ptolemy.actor.Manager.initialize(Manager.java:710)
	at ptolemy.actor.Manager.execute(Manager.java:356)
	at ptolemy.actor.Manager.run(Manager.java:1263)
	at ptolemy.actor.Manager$PtolemyRunThread.run(Manager.java:1933)
java.lang.RuntimeException: Execution failed
	at ptolemy.moml.MoMLSimpleApplication$UnloadThread.run(MoMLSimpleApplication.java:402)
Caused by: ptolemy.kernel.util.IllegalActionException: Found a zero delay loop containing .dependencyLoop2.original
  in .dependencyLoop2 and .dependencyLoop2.original
	at ptolemy.actor.util.CausalityInterfaceForComposites._computeOutputPortDepth(CausalityInterfaceForComposites.java:759)
	at ptolemy.actor.util.CausalityInterfaceForComposites._computeInputDepth(CausalityInterfaceForComposites.java:696)
	at ptolemy.actor.util.CausalityInterfaceForComposites._computeOutputPortDepth(CausalityInterfaceForComposites.java:765)
	at ptolemy.actor.util.CausalityInterfaceForComposites._computeInputDepth(CausalityInterfaceForComposites.java:696)
	at ptolemy.actor.util.CausalityInterfaceForComposites._computeOutputPortDepth(CausalityInterfaceForComposites.java:765)
	at ptolemy.actor.util.CausalityInterfaceForComposites._computeInputDepth(CausalityInterfaceForComposites.java:696)
	at ptolemy.actor.util.CausalityInterfaceForComposites._computeActorDepth(CausalityInterfaceForComposites.java:532)
	at ptolemy.actor.util.CausalityInterfaceForComposites.checkForCycles(CausalityInterfaceForComposites.java:96)
	at ptolemy.domains.de.kernel.DEDirector.preinitialize(DEDirector.java:1338)
	at ptolemy.actor.CompositeActor.preinitialize(CompositeActor.java:1828)
	at ptolemy.actor.Manager.preinitializeAndResolveTypes(Manager.java:1040)
	at ptolemy.actor.Manager.initialize(Manager.java:710)
	at ptolemy.actor.Manager.execute(Manager.java:356)
	at ptolemy.actor.Manager.run(Manager.java:1263)
	at ptolemy.actor.Manager$PtolemyRunThread.run(Manager.java:1933)
java.lang.RuntimeException: Execution failed
	at ptolemy.moml.MoMLSimpleApplication$UnloadThread.run(MoMLSimpleApplication.java:402)
Caused by: ptolemy.kernel.util.IllegalActionException: Actor is not ready to fire.  Perhaps UpSample.prefire() returned false? Try debugging the actor by selecting "Listen to Actor".  Also, for SDF check moml for tokenConsumptionRate on input.
  in .DESDFClockTest.Play Bell.Copy1:SDF Director and .DESDFClockTest.Play Bell.UpSample
	at ptolemy.actor.sched.StaticSchedulingDirector.fire(StaticSchedulingDirector.java:227)
	at ptolemy.domains.sdf.kernel.SDFDirector.fire(SDFDirector.java:500)
	at ptolemy.actor.CompositeActor.fire(CompositeActor.java:455)
	at ptolemy.domains.de.kernel.DEDirector._fire(DEDirector.java:1949)
	at ptolemy.domains.de.kernel.DEDirector.fire(DEDirector.java:502)
	at ptolemy.actor.CompositeActor.fire(CompositeActor.java:455)
	at ptolemy.actor.Manager.iterate(Manager.java:851)
	at ptolemy.actor.Manager.execute(Manager.java:369)
	at ptolemy.actor.Manager.run(Manager.java:1263)
	at ptolemy.actor.Manager$PtolemyRunThread.run(Manager.java:1933)
java.lang.RuntimeException: Execution failed
	at ptolemy.moml.MoMLSimpleApplication$UnloadThread.run(MoMLSimpleApplication.java:402)
Caused by: ptolemy.kernel.util.IllegalActionException: Actor is not ready to fire.  Perhaps UpSample.prefire() returned false? Try debugging the actor by selecting "Listen to Actor".  Also, for SDF check moml for tokenConsumptionRate on input.
  in .DESDFClockTest.Play Bell.Copy1:SDF Director and .DESDFClockTest.Play Bell.UpSample
	at ptolemy.actor.sched.StaticSchedulingDirector.fire(StaticSchedulingDirector.java:227)
	at ptolemy.domains.sdf.kernel.SDFDirector.fire(SDFDirector.java:500)
	at ptolemy.actor.CompositeActor.fire(CompositeActor.java:455)
	at ptolemy.domains.de.kernel.DEDirector._fire(DEDirector.java:1949)
	at ptolemy.domains.de.kernel.DEDirector.fire(DEDirector.java:502)
	at ptolemy.actor.CompositeActor.fire(CompositeActor.java:455)
	at ptolemy.actor.Manager.iterate(Manager.java:851)
	at ptolemy.actor.Manager.execute(Manager.java:369)
	at ptolemy.actor.Manager.run(Manager.java:1263)
	at ptolemy.actor.Manager$PtolemyRunThread.run(Manager.java:1933)
java.lang.reflect.InvocationTargetException
	at java.base/jdk.internal.reflect.NativeConstructorAccessorImpl.newInstance0(Native Method)
	at java.base/jdk.internal.reflect.NativeConstructorAccessorImpl.newInstance(NativeConstructorAccessorImpl.java:62)
	at java.base/jdk.internal.reflect.DelegatingConstructorAccessorImpl.newInstance(DelegatingConstructorAccessorImpl.java:45)
	at java.base/java.lang.reflect.Constructor.newInstance(Constructor.java:490)
	at ptolemy.util.test.junit.AutoKnownFailedTests.RunModel(AutoKnownFailedTests.java:105)
	at java.base/jdk.internal.reflect.NativeMethodAccessorImpl.invoke0(Native Method)
	at java.base/jdk.internal.reflect.NativeMethodAccessorImpl.invoke(NativeMethodAccessorImpl.java:62)
	at java.base/jdk.internal.reflect.DelegatingMethodAccessorImpl.invoke(DelegatingMethodAccessorImpl.java:43)
	at java.base/java.lang.reflect.Method.invoke(Method.java:566)
	at org.junit.runners.model.FrameworkMethod$1.runReflectiveCall(FrameworkMethod.java:44)
	at org.junit.internal.runners.model.ReflectiveCallable.run(ReflectiveCallable.java:15)
	at org.junit.runners.model.FrameworkMethod.invokeExplosively(FrameworkMethod.java:41)
	at junitparams.internal.InvokeParameterisedMethod.evaluate(InvokeParameterisedMethod.java:102)
	at org.junit.internal.runners.statements.FailOnTimeout$1.run(FailOnTimeout.java:28)
Caused by: ptolemy.kernel.util.IllegalActionException: Actor is not ready to fire.  Perhaps UpSample.prefire() returned false? Try debugging the actor by selecting "Listen to Actor".  Also, for SDF check moml for tokenConsumptionRate on input.
  in .DESDFClockTest.Play Bell.Copy1:SDF Director and .DESDFClockTest.Play Bell.UpSample
	at ptolemy.actor.sched.StaticSchedulingDirector.fire(StaticSchedulingDirector.java:227)
	at ptolemy.domains.sdf.kernel.SDFDirector.fire(SDFDirector.java:500)
	at ptolemy.actor.CompositeActor.fire(CompositeActor.java:455)
	at ptolemy.domains.de.kernel.DEDirector._fire(DEDirector.java:1949)
	at ptolemy.domains.de.kernel.DEDirector.fire(DEDirector.java:502)
	at ptolemy.actor.CompositeActor.fire(CompositeActor.java:455)
	at ptolemy.actor.Manager.iterate(Manager.java:851)
	at ptolemy.actor.Manager.execute(Manager.java:369)
	at ptolemy.actor.Manager.run(Manager.java:1263)
	at ptolemy.actor.Manager$PtolemyRunThread.run(Manager.java:1933)
java.lang.RuntimeException: Execution failed
	at ptolemy.moml.MoMLSimpleApplication$UnloadThread.run(MoMLSimpleApplication.java:402)
Caused by: ptolemy.kernel.util.IllegalActionException: Test fails in iteration 1.
Value was: 1.0. Should have been: 2.0
  in .DirectFeedback.Test
	at ptolemy.actor.lib.Test.fire(Test.java:268)
	at ptolemy.domains.de.kernel.DEDirector._fire(DEDirector.java:1949)
	at ptolemy.domains.de.kernel.DEDirector.fire(DEDirector.java:502)
	at ptolemy.actor.CompositeActor.fire(CompositeActor.java:455)
	at ptolemy.actor.Manager.iterate(Manager.java:851)
	at ptolemy.actor.Manager.execute(Manager.java:369)
	at ptolemy.actor.Manager.run(Manager.java:1263)
	at ptolemy.actor.Manager$PtolemyRunThread.run(Manager.java:1933)
java.lang.reflect.InvocationTargetException
	at java.base/jdk.internal.reflect.NativeConstructorAccessorImpl.newInstance0(Native Method)
	at java.base/jdk.internal.reflect.NativeConstructorAccessorImpl.newInstance(NativeConstructorAccessorImpl.java:62)
	at java.base/jdk.internal.reflect.DelegatingConstructorAccessorImpl.newInstance(DelegatingConstructorAccessorImpl.java:45)
	at java.base/java.lang.reflect.Constructor.newInstance(Constructor.java:490)
	at ptolemy.util.test.junit.AutoKnownFailedTests.RunModel(AutoKnownFailedTests.java:105)
	at java.base/jdk.internal.reflect.NativeMethodAccessorImpl.invoke0(Native Method)
	at java.base/jdk.internal.reflect.NativeMethodAccessorImpl.invoke(NativeMethodAccessorImpl.java:62)
	at java.base/jdk.internal.reflect.DelegatingMethodAccessorImpl.invoke(DelegatingMethodAccessorImpl.java:43)
	at java.base/java.lang.reflect.Method.invoke(Method.java:566)
	at org.junit.runners.model.FrameworkMethod$1.runReflectiveCall(FrameworkMethod.java:44)
	at org.junit.internal.runners.model.ReflectiveCallable.run(ReflectiveCallable.java:15)
	at org.junit.runners.model.FrameworkMethod.invokeExplosively(FrameworkMethod.java:41)
	at junitparams.internal.InvokeParameterisedMethod.evaluate(InvokeParameterisedMethod.java:102)
	at org.junit.internal.runners.statements.FailOnTimeout$1.run(FailOnTimeout.java:28)
Caused by: ptolemy.kernel.util.IllegalActionException: Test fails in iteration 1.
Value was: 1.0. Should have been: 2.0
  in .DirectFeedback.Test
	at ptolemy.actor.lib.Test.fire(Test.java:268)
	at ptolemy.domains.de.kernel.DEDirector._fire(DEDirector.java:1949)
	at ptolemy.domains.de.kernel.DEDirector.fire(DEDirector.java:502)
	at ptolemy.actor.CompositeActor.fire(CompositeActor.java:455)
	at ptolemy.actor.Manager.iterate(Manager.java:851)
	at ptolemy.actor.Manager.execute(Manager.java:369)
	at ptolemy.actor.Manager.run(Manager.java:1263)
	at ptolemy.actor.Manager$PtolemyRunThread.run(Manager.java:1933)
java.lang.RuntimeException: Execution failed
	at ptolemy.moml.MoMLSimpleApplication$UnloadThread.run(MoMLSimpleApplication.java:402)
Caused by: ptolemy.kernel.util.IllegalActionException: Found a zero delay loop containing .HierarchicalModel.A
  in .HierarchicalModel and .HierarchicalModel.A
	at ptolemy.actor.util.CausalityInterfaceForComposites._computeOutputPortDepth(CausalityInterfaceForComposites.java:759)
	at ptolemy.actor.util.CausalityInterfaceForComposites._computeInputDepth(CausalityInterfaceForComposites.java:696)
	at ptolemy.actor.util.CausalityInterfaceForComposites._computeOutputPortDepth(CausalityInterfaceForComposites.java:765)
	at ptolemy.actor.util.CausalityInterfaceForComposites._computeInputDepth(CausalityInterfaceForComposites.java:696)
	at ptolemy.actor.util.CausalityInterfaceForComposites._computeOutputPortDepth(CausalityInterfaceForComposites.java:765)
	at ptolemy.actor.util.CausalityInterfaceForComposites._computeInputDepth(CausalityInterfaceForComposites.java:696)
	at ptolemy.actor.util.CausalityInterfaceForComposites._computeActorDepth(CausalityInterfaceForComposites.java:532)
	at ptolemy.actor.util.CausalityInterfaceForComposites.checkForCycles(CausalityInterfaceForComposites.java:96)
	at ptolemy.domains.de.kernel.DEDirector.preinitialize(DEDirector.java:1338)
	at ptolemy.actor.CompositeActor.preinitialize(CompositeActor.java:1828)
	at ptolemy.actor.Manager.preinitializeAndResolveTypes(Manager.java:1040)
	at ptolemy.actor.Manager.initialize(Manager.java:710)
	at ptolemy.actor.Manager.execute(Manager.java:356)
	at ptolemy.actor.Manager.run(Manager.java:1263)
	at ptolemy.actor.Manager$PtolemyRunThread.run(Manager.java:1933)
java.lang.reflect.InvocationTargetException
	at java.base/jdk.internal.reflect.NativeConstructorAccessorImpl.newInstance0(Native Method)
	at java.base/jdk.internal.reflect.NativeConstructorAccessorImpl.newInstance(NativeConstructorAccessorImpl.java:62)
	at java.base/jdk.internal.reflect.DelegatingConstructorAccessorImpl.newInstance(DelegatingConstructorAccessorImpl.java:45)
	at java.base/java.lang.reflect.Constructor.newInstance(Constructor.java:490)
	at ptolemy.util.test.junit.AutoKnownFailedTests.RunModel(AutoKnownFailedTests.java:105)
	at java.base/jdk.internal.reflect.NativeMethodAccessorImpl.invoke0(Native Method)
	at java.base/jdk.internal.reflect.NativeMethodAccessorImpl.invoke(NativeMethodAccessorImpl.java:62)
	at java.base/jdk.internal.reflect.DelegatingMethodAccessorImpl.invoke(DelegatingMethodAccessorImpl.java:43)
	at java.base/java.lang.reflect.Method.invoke(Method.java:566)
	at org.junit.runners.model.FrameworkMethod$1.runReflectiveCall(FrameworkMethod.java:44)
	at org.junit.internal.runners.model.ReflectiveCallable.run(ReflectiveCallable.java:15)
	at org.junit.runners.model.FrameworkMethod.invokeExplosively(FrameworkMethod.java:41)
	at junitparams.internal.InvokeParameterisedMethod.evaluate(InvokeParameterisedMethod.java:102)
	at org.junit.internal.runners.statements.FailOnTimeout$1.run(FailOnTimeout.java:28)
Caused by: ptolemy.kernel.util.IllegalActionException: Found a zero delay loop containing .HierarchicalModel.A
  in .HierarchicalModel and .HierarchicalModel.A
	at ptolemy.actor.util.CausalityInterfaceForComposites._computeOutputPortDepth(CausalityInterfaceForComposites.java:759)
	at ptolemy.actor.util.CausalityInterfaceForComposites._computeInputDepth(CausalityInterfaceForComposites.java:696)
	at ptolemy.actor.util.CausalityInterfaceForComposites._computeOutputPortDepth(CausalityInterfaceForComposites.java:765)
	at ptolemy.actor.util.CausalityInterfaceForComposites._computeInputDepth(CausalityInterfaceForComposites.java:696)
	at ptolemy.actor.util.CausalityInterfaceForComposites._computeOutputPortDepth(CausalityInterfaceForComposites.java:765)
	at ptolemy.actor.util.CausalityInterfaceForComposites._computeInputDepth(CausalityInterfaceForComposites.java:696)
	at ptolemy.actor.util.CausalityInterfaceForComposites._computeActorDepth(CausalityInterfaceForComposites.java:532)
	at ptolemy.actor.util.CausalityInterfaceForComposites.checkForCycles(CausalityInterfaceForComposites.java:96)
	at ptolemy.domains.de.kernel.DEDirector.preinitialize(DEDirector.java:1338)
	at ptolemy.actor.CompositeActor.preinitialize(CompositeActor.java:1828)
	at ptolemy.actor.Manager.preinitializeAndResolveTypes(Manager.java:1040)
	at ptolemy.actor.Manager.initialize(Manager.java:710)
	at ptolemy.actor.Manager.execute(Manager.java:356)
	at ptolemy.actor.Manager.run(Manager.java:1263)
	at ptolemy.actor.Manager$PtolemyRunThread.run(Manager.java:1933)
java.lang.RuntimeException: Execution failed
	at ptolemy.moml.MoMLSimpleApplication$UnloadThread.run(MoMLSimpleApplication.java:402)
Caused by: ptolemy.kernel.util.IllegalActionException: Found a zero delay loop containing .dependencyLoop.original
  in .dependencyLoop and .dependencyLoop.original
	at ptolemy.actor.util.CausalityInterfaceForComposites._computeOutputPortDepth(CausalityInterfaceForComposites.java:759)
	at ptolemy.actor.util.CausalityInterfaceForComposites._computeInputDepth(CausalityInterfaceForComposites.java:696)
	at ptolemy.actor.util.CausalityInterfaceForComposites._computeOutputPortDepth(CausalityInterfaceForComposites.java:765)
	at ptolemy.actor.util.CausalityInterfaceForComposites._computeInputDepth(CausalityInterfaceForComposites.java:696)
	at ptolemy.actor.util.CausalityInterfaceForComposites._computeOutputPortDepth(CausalityInterfaceForComposites.java:765)
	at ptolemy.actor.util.CausalityInterfaceForComposites._computeInputDepth(CausalityInterfaceForComposites.java:696)
	at ptolemy.actor.util.CausalityInterfaceForComposites._computeActorDepth(CausalityInterfaceForComposites.java:532)
	at ptolemy.actor.util.CausalityInterfaceForComposites.checkForCycles(CausalityInterfaceForComposites.java:96)
	at ptolemy.domains.de.kernel.DEDirector.preinitialize(DEDirector.java:1338)
	at ptolemy.actor.CompositeActor.preinitialize(CompositeActor.java:1828)
	at ptolemy.actor.Manager.preinitializeAndResolveTypes(Manager.java:1040)
	at ptolemy.actor.Manager.initialize(Manager.java:710)
	at ptolemy.actor.Manager.execute(Manager.java:356)
	at ptolemy.actor.Manager.run(Manager.java:1263)
	at ptolemy.actor.Manager$PtolemyRunThread.run(Manager.java:1933)
java.lang.reflect.InvocationTargetException
	at java.base/jdk.internal.reflect.NativeConstructorAccessorImpl.newInstance0(Native Method)
	at java.base/jdk.internal.reflect.NativeConstructorAccessorImpl.newInstance(NativeConstructorAccessorImpl.java:62)
	at java.base/jdk.internal.reflect.DelegatingConstructorAccessorImpl.newInstance(DelegatingConstructorAccessorImpl.java:45)
	at java.base/java.lang.reflect.Constructor.newInstance(Constructor.java:490)
	at ptolemy.util.test.junit.AutoKnownFailedTests.RunModel(AutoKnownFailedTests.java:105)
	at java.base/jdk.internal.reflect.NativeMethodAccessorImpl.invoke0(Native Method)
	at java.base/jdk.internal.reflect.NativeMethodAccessorImpl.invoke(NativeMethodAccessorImpl.java:62)
	at java.base/jdk.internal.reflect.DelegatingMethodAccessorImpl.invoke(DelegatingMethodAccessorImpl.java:43)
	at java.base/java.lang.reflect.Method.invoke(Method.java:566)
	at org.junit.runners.model.FrameworkMethod$1.runReflectiveCall(FrameworkMethod.java:44)
	at org.junit.internal.runners.model.ReflectiveCallable.run(ReflectiveCallable.java:15)
	at org.junit.runners.model.FrameworkMethod.invokeExplosively(FrameworkMethod.java:41)
	at junitparams.internal.InvokeParameterisedMethod.evaluate(InvokeParameterisedMethod.java:102)
	at org.junit.internal.runners.statements.FailOnTimeout$1.run(FailOnTimeout.java:28)
Caused by: ptolemy.kernel.util.IllegalActionException: Found a zero delay loop containing .dependencyLoop.original
  in .dependencyLoop and .dependencyLoop.original
	at ptolemy.actor.util.CausalityInterfaceForComposites._computeOutputPortDepth(CausalityInterfaceForComposites.java:759)
	at ptolemy.actor.util.CausalityInterfaceForComposites._computeInputDepth(CausalityInterfaceForComposites.java:696)
	at ptolemy.actor.util.CausalityInterfaceForComposites._computeOutputPortDepth(CausalityInterfaceForComposites.java:765)
	at ptolemy.actor.util.CausalityInterfaceForComposites._computeInputDepth(CausalityInterfaceForComposites.java:696)
	at ptolemy.actor.util.CausalityInterfaceForComposites._computeOutputPortDepth(CausalityInterfaceForComposites.java:765)
	at ptolemy.actor.util.CausalityInterfaceForComposites._computeInputDepth(CausalityInterfaceForComposites.java:696)
	at ptolemy.actor.util.CausalityInterfaceForComposites._computeActorDepth(CausalityInterfaceForComposites.java:532)
	at ptolemy.actor.util.CausalityInterfaceForComposites.checkForCycles(CausalityInterfaceForComposites.java:96)
	at ptolemy.domains.de.kernel.DEDirector.preinitialize(DEDirector.java:1338)
	at ptolemy.actor.CompositeActor.preinitialize(CompositeActor.java:1828)
	at ptolemy.actor.Manager.preinitializeAndResolveTypes(Manager.java:1040)
	at ptolemy.actor.Manager.initialize(Manager.java:710)
	at ptolemy.actor.Manager.execute(Manager.java:356)
	at ptolemy.actor.Manager.run(Manager.java:1263)
	at ptolemy.actor.Manager$PtolemyRunThread.run(Manager.java:1933)
java.lang.RuntimeException: Execution failed
	at ptolemy.moml.MoMLSimpleApplication$UnloadThread.run(MoMLSimpleApplication.java:402)
Caused by: ptolemy.kernel.util.IllegalActionException: Found a zero delay loop containing .dependencyLoop2.original
  in .dependencyLoop2 and .dependencyLoop2.original
	at ptolemy.actor.util.CausalityInterfaceForComposites._computeOutputPortDepth(CausalityInterfaceForComposites.java:759)
	at ptolemy.actor.util.CausalityInterfaceForComposites._computeInputDepth(CausalityInterfaceForComposites.java:696)
	at ptolemy.actor.util.CausalityInterfaceForComposites._computeOutputPortDepth(CausalityInterfaceForComposites.java:765)
	at ptolemy.actor.util.CausalityInterfaceForComposites._computeInputDepth(CausalityInterfaceForComposites.java:696)
	at ptolemy.actor.util.CausalityInterfaceForComposites._computeOutputPortDepth(CausalityInterfaceForComposites.java:765)
	at ptolemy.actor.util.CausalityInterfaceForComposites._computeInputDepth(CausalityInterfaceForComposites.java:696)
	at ptolemy.actor.util.CausalityInterfaceForComposites._computeActorDepth(CausalityInterfaceForComposites.java:532)
	at ptolemy.actor.util.CausalityInterfaceForComposites.checkForCycles(CausalityInterfaceForComposites.java:96)
	at ptolemy.domains.de.kernel.DEDirector.preinitialize(DEDirector.java:1338)
	at ptolemy.actor.CompositeActor.preinitialize(CompositeActor.java:1828)
	at ptolemy.actor.Manager.preinitializeAndResolveTypes(Manager.java:1040)
	at ptolemy.actor.Manager.initialize(Manager.java:710)
	at ptolemy.actor.Manager.execute(Manager.java:356)
	at ptolemy.actor.Manager.run(Manager.java:1263)
	at ptolemy.actor.Manager$PtolemyRunThread.run(Manager.java:1933)
java.lang.reflect.InvocationTargetException
	at java.base/jdk.internal.reflect.NativeConstructorAccessorImpl.newInstance0(Native Method)
	at java.base/jdk.internal.reflect.NativeConstructorAccessorImpl.newInstance(NativeConstructorAccessorImpl.java:62)
	at java.base/jdk.internal.reflect.DelegatingConstructorAccessorImpl.newInstance(DelegatingConstructorAccessorImpl.java:45)
	at java.base/java.lang.reflect.Constructor.newInstance(Constructor.java:490)
	at ptolemy.util.test.junit.AutoKnownFailedTests.RunModel(AutoKnownFailedTests.java:105)
	at java.base/jdk.internal.reflect.NativeMethodAccessorImpl.invoke0(Native Method)
	at java.base/jdk.internal.reflect.NativeMethodAccessorImpl.invoke(NativeMethodAccessorImpl.java:62)
	at java.base/jdk.internal.reflect.DelegatingMethodAccessorImpl.invoke(DelegatingMethodAccessorImpl.java:43)
	at java.base/java.lang.reflect.Method.invoke(Method.java:566)
	at org.junit.runners.model.FrameworkMethod$1.runReflectiveCall(FrameworkMethod.java:44)
	at org.junit.internal.runners.model.ReflectiveCallable.run(ReflectiveCallable.java:15)
	at org.junit.runners.model.FrameworkMethod.invokeExplosively(FrameworkMethod.java:41)
	at junitparams.internal.InvokeParameterisedMethod.evaluate(InvokeParameterisedMethod.java:102)
	at org.junit.internal.runners.statements.FailOnTimeout$1.run(FailOnTimeout.java:28)
Caused by: ptolemy.kernel.util.IllegalActionException: Found a zero delay loop containing .dependencyLoop2.original
  in .dependencyLoop2 and .dependencyLoop2.original
	at ptolemy.actor.util.CausalityInterfaceForComposites._computeOutputPortDepth(CausalityInterfaceForComposites.java:759)
	at ptolemy.actor.util.CausalityInterfaceForComposites._computeInputDepth(CausalityInterfaceForComposites.java:696)
	at ptolemy.actor.util.CausalityInterfaceForComposites._computeOutputPortDepth(CausalityInterfaceForComposites.java:765)
	at ptolemy.actor.util.CausalityInterfaceForComposites._computeInputDepth(CausalityInterfaceForComposites.java:696)
	at ptolemy.actor.util.CausalityInterfaceForComposites._computeOutputPortDepth(CausalityInterfaceForComposites.java:765)
	at ptolemy.actor.util.CausalityInterfaceForComposites._computeInputDepth(CausalityInterfaceForComposites.java:696)
	at ptolemy.actor.util.CausalityInterfaceForComposites._computeActorDepth(CausalityInterfaceForComposites.java:532)
	at ptolemy.actor.util.CausalityInterfaceForComposites.checkForCycles(CausalityInterfaceForComposites.java:96)
	at ptolemy.domains.de.kernel.DEDirector.preinitialize(DEDirector.java:1338)
	at ptolemy.actor.CompositeActor.preinitialize(CompositeActor.java:1828)
	at ptolemy.actor.Manager.preinitializeAndResolveTypes(Manager.java:1040)
	at ptolemy.actor.Manager.initialize(Manager.java:710)
	at ptolemy.actor.Manager.execute(Manager.java:356)
	at ptolemy.actor.Manager.run(Manager.java:1263)
	at ptolemy.actor.Manager$PtolemyRunThread.run(Manager.java:1933)
]]></system-err>
</testsuite>
