<?xml version="1.0" encoding="UTF-8" ?>
<testsuite errors="0" failures="1" hostname="travis-job-4511e24d-9b96-4003-a422-c79c5882aa5b" name="ptolemy.actor.lib.test.junit.JUnitTclTest" skipped="0" tests="517" time="66.528" timestamp="2019-07-18T04:51:46">
  <properties>
    <property name="npm.executable" value="npm" />
    <property name="env.TRAVIS_ROOT" value="/" />
    <property name="ptII.mk.exists" value="true" />
    <property name="env.TRAVIS_APP_HOST" value="build.travis-ci.org" />
    <property name="env.rvm_bin_path" value="/home/travis/.rvm/bin" />
    <property name="java.home" value="/usr/local/lib/jvm/openjdk11" />
    <property name="env.TRAVIS_JOB_NUMBER" value="1249.8" />
    <property name="env.TRAVIS_HOME" value="/home/travis" />
    <property name="env.DISPLAY" value=":99.0" />
    <property name="env.TRAVIS_INIT" value="systemd" />
    <property name="env.SSH_TTY" value="/dev/pts/0" />
    <property name="java.net.preferIPv4Stack" value="true" />
    <property name="env.RUN_TESTS" value="true" />
    <property name="timeout.short" value="1000000" />
    <property name="junit.formatter" value="xml" />
    <property name="env.TRAVIS_SUDO" value="true" />
    <property name="env.TRAVIS_JOB_NAME" value="" />
    <property name="env.TRAVIS_STACK_NODE_ATTRIBUTES" value="/.node-attributes.yml" />
    <property name="env.LOGNAME" value="travis" />
    <property name="env.PT_TRAVIS_TEST_CORE1_XML" value="true" />
    <property name="jsdoc.home" value="node_modules/@terraswarm/jsdoc" />
    <property name="debuglevel" value="source,lines,vars" />
    <property name="checkstyle.formatter" value="xml" />
    <property name="env._system_version" value="16.04" />
    <property name="bin.vergil.makeable" value="true" />
    <property name="sun.os.patch.level" value="unknown" />
    <property name="java.vendor.url" value="http://java.oracle.com/" />
    <property name="env.TRAVIS_BUILD_WEB_URL" value="https://travis-ci.org/icyphy/ptII/builds/560306410" />
    <property name="java.version" value="11.0.2" />
    <property name="env.TZ" value="UTC" />
    <property name="env.TRAVIS_PULL_REQUEST_SHA" value="" />
    <property name="env.PT_NO_NET" value="true" />
    <property name="env.TRAVIS_SECURE_ENV_VARS" value="true" />
    <property name="env._system_type" value="Linux" />
    <property name="java.vendor.url.bug" value="http://bugreport.java.com/bugreport/" />
    <property name="npmjs-org-is-up" value="true" />
    <property name="env.LANGUAGE" value="en_US.UTF-8" />
    <property name="env.SSH_CLIENT" value="10.10.16.78 57282 22" />
    <property name="env.GEM_HOME" value="/home/travis/.rvm/gems/ruby-2.5.3" />
    <property name="env.HAS_ANTARES_THREE_LITTLE_FRONZIES_BADGE" value="true" />
    <property name="java.version.date" value="2019-01-15" />
    <property name="env.PS4" value="+" />
    <property name="ant.project.invoked-targets" value="build,test.core1.xml" />
    <property name="env.TRAVIS_PULL_REQUEST_BRANCH" value="" />
    <property name="env.TRAVIS_REPO_SLUG" value="icyphy/ptII" />
    <property name="env.XDG_DATA_DIRS" value="/usr/local/share:/usr/share:/var/lib/snapd/desktop" />
    <property name="jdk.debug" value="release" />
    <property name="env.TRAVIS_APT_PROXY" value="http://apt.cache.travis-ci.com" />
    <property name="node.in.path" value="true" />
    <property name="user.name" value="travis" />
    <property name="java.maxmemory" value="1400m" />
    <property name="env.RUBY_VERSION" value="ruby-2.5.3" />
    <property name="env.LANG" value="en_US.UTF-8" />
    <property name="sun.io.unicode.encoding" value="UnicodeLittle" />
    <property name="sun.jnu.encoding" value="UTF-8" />
    <property name="java.runtime.name" value="OpenJDK Runtime Environment" />
    <property name="usefile" value="false" />
    <property name="return.code" value="0" />
    <property name="junit.single.formatter" value="plain" />
    <property name="env.DYLD_LIBRARY_PATH" value="/home/travis/pthla/certi-tools/lib:" />
    <property name="env.DEBIAN_FRONTEND" value="noninteractive" />
    <property name="env.SSH_CONNECTION" value="10.10.16.78 57282 10.20.2.40 22" />
    <property name="env.MYSQL_UNIX_PORT" value="/var/run/mysqld/mysqld.sock" />
    <property name="env.LC_ALL" value="en_US.UTF-8" />
    <property name="env.TRAVIS_ALLOW_FAILURE" value="false" />
    <property name="env.TRAVIS_JOB_WEB_URL" value="https://travis-ci.org/icyphy/ptII/jobs/560306418" />
    <property name="java.specification.name" value="Java Platform API Specification" />
    <property name="node.works" value="true" />
    <property name="user.timezone" value="" />
    <property name="path.separator" value=":" />
    <property name="env.TRAVIS_ENABLE_INFRA_DETECTION" value="true" />
    <property name="env.PYTHON_CFLAGS" value="-g -fstack-protector --param=ssp-buffer-size=4 -Wformat -Werror=format-security" />
    <property name="timeout.long" value="4000000" />
    <property name="env.CERTI_HOME" value="/home/travis/pthla/certi-tools" />
    <property name="ant.file.ptII" value="/home/travis/build/icyphy/ptII/build.xml" />
    <property name="javadoc.packagenames" value="com.*,diva.*,lbnl.*,org.hlacerti.*,org.json.*,org.ptolemy.*,org.terraswarm.*,ptolemy.*,ptserver.*" />
    <property name="file.encoding" value="UTF-8" />
    <property name="env.TRAVIS_PULL_REQUEST_SLUG" value="" />
    <property name="ant.project.default-target" value="build" />
    <property name="env.GIT_ASKPASS" value="echo" />
    <property name="env.HOME" value="/home/travis" />
    <property name="sun.java.command" value="org.apache.tools.ant.taskdefs.optional.junit.JUnitTestRunner ptolemy.actor.lib.test.junit.JUnitTclTest skipNonTests=false filtertrace=true haltOnError=false haltOnFailure=false formatter=org.apache.tools.ant.taskdefs.optional.junit.OutErrSummaryJUnitResultFormatter showoutput=true outputtoformatters=true logfailedtests=true threadid=0 logtestlistenerevents=false formatter=org.apache.tools.ant.taskdefs.optional.junit.XMLJUnitResultFormatter,/home/travis/build/icyphy/ptII/reports/junit/TEST-ptolemy.actor.lib.test.junit.JUnitTclTest.xml crashfile=/home/travis/build/icyphy/ptII/junitvmwatcher2187054566019319270.properties propsfile=/home/travis/build/icyphy/ptII/junit13321765731615177183.properties" />
    <property name="env.COMPOSER_NO_INTERACTION" value="1" />
    <property name="env.MANPATH" value="/home/travis/.nvm/versions/node/v7.10.1/share/man:/home/travis/.rvm/rubies/ruby-2.5.3/share/man:/usr/local/cmake-3.12.4/man:/usr/local/clang-7.0.0/share/man:/usr/local/man:/usr/local/share/man:/usr/share/man:/home/travis/.rvm/man" />
    <property name="env.TRAVIS_TIMER_ID" value="34805633" />
    <property name="ant.file" value="/home/travis/build/icyphy/ptII/build.xml" />
    <property name="env.TRAVIS_COMMIT_RANGE" value="1a29db67b9998cc87f934d515fa967328640abbc...418482d7012911227c9d3127325a526e4abc6f4d" />
    <property name="env._system_name" value="Ubuntu" />
    <property name="ptII.classpath.optional.property" value="/home/travis/build/icyphy/ptII/lib/bsh-2.0b4.jar:/home/travis/build/icyphy/ptII/lib/ptCal.jar:/home/travis/build/icyphy/ptII/lib/java_cup.jar:/home/travis/build/icyphy/ptII/lib/saxon8.jar:/home/travis/build/icyphy/ptII/lib/saxon8-dom.jar:/home/travis/build/icyphy/ptII/lib/chic.jar:/home/travis/build/icyphy/ptII/lib/ptcolt.jar:/home/travis/build/icyphy/ptII/vendors/misc/itext/iText.jar:/home/travis/build/icyphy/ptII/lib/g4ltl.jar:/home/travis/build/icyphy/ptII/lib/StructuralCoder.jar:/home/travis/build/icyphy/ptII/lib/jcerti.jar:/home/travis/build/icyphy/ptII/lib/javax.mail.jar:/home/travis/build/icyphy/ptII/vendors/JMF-2.1.1e/lib/jmf.jar:/home/travis/build/icyphy/ptII/lib/jna-4.0.0-variadic.jar:/home/travis/build/icyphy/ptII/vendors/misc/joystick/Joystick.jar:/home/travis/build/icyphy/ptII/lib/ptjacl.jar:/home/travis/build/icyphy/ptII/lib/jsoup-1.8.2.jar:/home/travis/build/icyphy/ptII/lib/junit-4.8.2.jar:/home/travis/build/icyphy/ptII/lib/JUnitParams-0.4.0.jar:/home/travis/build/icyphy/ptII/ptolemy/actor/lib/excel/jxl.jar:/home/travis/build/icyphy/ptII/lib/jython.jar:/home/travis/build/icyphy/ptII/lib/kieler.jar:/home/travis/build/icyphy/ptII/vendors/opencv/share/OpenCV/java/opencv-341.jar:/home/travis/build/icyphy/ptII/lib/oscP5.jar:/home/travis/build/icyphy/ptII/lib/nrjavaserial-3.11.0.devel.jar:/home/travis/build/icyphy/ptII/vendors/j3d/lib/Linux/j3dcore.jar:/home/travis/build/icyphy/ptII/vendors/j3d/lib/Linux/j3dutils.jar:/home/travis/build/icyphy/ptII/vendors/j3d/lib/Linux/vecmath.jar:/home/travis/build/icyphy/ptII/vendors/jogl/lib/Linux/gluegen-rt-natives-linux-amd64.jar:/home/travis/build/icyphy/ptII/vendors/jogl/lib/Linux/gluegen-rt.jar:/home/travis/build/icyphy/ptII/vendors/jogl/lib/Linux/jogl-all-natives-linux-amd64.jar:/home/travis/build/icyphy/ptII/vendors/jogl/lib/Linux/jogl-all.jar:/home/travis/build/icyphy/ptII/ptolemy/distributed/jini/jar/jini-core.jar:/home/travis/build/icyphy/ptII/ptolemy/distributed/jini/jar/jini-ext.jar:/home/travis/build/icyphy/ptII/ptolemy/distributed/jini/jar/sun-util.jar:/home/travis/build/icyphy/ptII/lib/protobuf-java-2.4.1.jar:/home/travis/build/icyphy/ptII/lib/org.eclipse.paho.client.mqttv3.jar:/home/travis/build/icyphy/ptII/lib/mapss.jar:/home/travis/build/icyphy/ptII/ptolemy/actor/ptalon/antlr/antlr.jar:/home/travis/build/icyphy/ptII/lib/JRI.jar:/home/travis/build/icyphy/ptII/lib/commons-lang-2.6.jar:/home/travis/build/icyphy/ptII/lib/commons-logging-1.1.1.jar:/home/travis/build/icyphy/ptII/lib/sootclasses.jar:/home/travis/build/icyphy/ptII/ptolemy/actor/lib/database/mysql-connector-java-5.1.6-bin.jar:/home/travis/build/icyphy/ptII/vendors/misc/sphinx4/sphinx4-data-5prealpha.jar:/home/travis/build/icyphy/ptII/vendors/misc/sphinx4/sphinx4-core-5prealpha.jar:/home/travis/build/icyphy/ptII/lib/PDFRenderer.jar:/home/travis/build/icyphy/ptII/lib/svgSalamander.jar:/home/travis/build/icyphy/ptII/lib/rsyntaxtextarea-2.6.0-SNAPSHOT.jar:/home/travis/build/icyphy/ptII/lib/hazelcast-3.8.2.jar:/home/travis/build/icyphy/ptII/lib/jackson-annotations-2.9.0.jar:/home/travis/build/icyphy/ptII/lib/jackson-core-2.9.3.jar:/home/travis/build/icyphy/ptII/lib/jackson-databind-2.9.3.jar:/home/travis/build/icyphy/ptII/lib/netty-buffer-4.1.19.Final.jar:/home/travis/build/icyphy/ptII/lib/netty-codec-4.1.19.Final.jar:/home/travis/build/icyphy/ptII/lib/netty-codec-dns-4.1.19.Final.jar:/home/travis/build/icyphy/ptII/lib/netty-codec-http-4.1.19.Final.jar:/home/travis/build/icyphy/ptII/lib/netty-codec-http2-4.1.19.Final.jar:/home/travis/build/icyphy/ptII/lib/netty-common-4.1.19.Final.jar:/home/travis/build/icyphy/ptII/lib/netty-handler-4.1.19.Final.jar:/home/travis/build/icyphy/ptII/lib/netty-resolver-4.1.19.Final.jar:/home/travis/build/icyphy/ptII/lib/netty-resolver-dns-4.1.19.Final.jar:/home/travis/build/icyphy/ptII/lib/netty-transport-4.1.19.Final.jar:/home/travis/build/icyphy/ptII/lib/vertx-codegen-3.5.1.jar:/home/travis/build/icyphy/ptII/lib/vertx-core-3.5.2-SNAPSHOT.jar:/home/travis/build/icyphy/ptII/lib/vertx-hazelcast-3.5.1.jar:/home/travis/build/icyphy/ptII/lib/vertx-lang-js-3.5.1.jar:/home/travis/build/icyphy/ptII/lib/vertx-service-proxy-3.5.1.jar:/home/travis/build/icyphy/ptII/lib/vertx-web-3.5.1.jar:/home/travis/build/icyphy/ptII/lib/slf4j-api-1.7.13.jar:/home/travis/build/icyphy/ptII/lib/slf4j-simple-1.7.13.jar:/home/travis/build/icyphy/ptII/lib/webcam-capture-0.3.12.jar:/home/travis/build/icyphy/ptII/lib/bridj-0.7.0.jar:/home/travis/build/icyphy/ptII/lib/xbjlib-1.1.0.nrjavaserial.jar" />
    <property name="timeout" value="2400000" />
    <property name="test.batch" value="**/junit/*.java" />
    <property name="env._" value="/usr/bin/timeout" />
    <property name="java.io.tmpdir" value="/tmp" />
    <property name="user.language" value="en" />
    <property name="env.TRAVIS_INTERNAL_RUBY_REGEX" value="^ruby-(2\.[0-4]\.[0-9]|1\.9\.3)" />
    <property name="env.HISTCONTROL" value="ignoredups:ignorespace" />
    <property name="env.GOROOT" value="/home/travis/.gimme/versions/go1.11.1.linux.amd64" />
    <property name="line.separator" value="&#xa;" />
    <property name="target" value="11" />
    <property name="env.TRAVIS_BUILD_DIR" value="/home/travis/build/icyphy/ptII" />
    <property name="env.ANT_OPTS" value="-Xmx2048m" />
    <property name="ant.file.type" value="file" />
    <property name="ptolemy.ptII.batchMode" value="true" />
    <property name="env.HISTSIZE" value="1000" />
    <property name="env.MERB_ENV" value="test" />
    <property name="java.vm.info" value="mixed mode" />
    <property name="source" value="11" />
    <property name="java.vm.specification.name" value="Java Virtual Machine Specification" />
    <property name="env.TRAVIS_TEST_RESULT" value="0" />
    <property name="jsdoc.command" value="node_modules/@terraswarm/jsdoc/jsdoc.js" />
    <property name="npm.works" value="true" />
    <property name="cobertura.dir" value="/home/travis/build/icyphy/ptII/vendors/cobertura-2.0.3" />
    <property name="jsdoc.command.exists" value="true" />
    <property name="env.rvm_path" value="/home/travis/.rvm" />
    <property name="env.GEM_PATH" value="/home/travis/.rvm/gems/ruby-2.5.3:/home/travis/.rvm/gems/ruby-2.5.3@global" />
    <property name="env.LC_CTYPE" value="en_US.UTF-8" />
    <property name="env.TRAVIS_CMD" value="$PTII/bin/ptIITravisBuild.sh $SECONDS" />
    <property name="java.awt.printerjob" value="sun.print.PSPrinterJob" />
    <property name="env.TRAVIS_STACK_NAME" value="sardonyx" />
    <property name="env.TRAVIS_TIMER_START_TIME" value="1563424745920024845" />
    <property name="ant.version" value="Apache Ant(TM) version 1.10.1 compiled on February 2 2017" />
    <property name="ptII.reports" value="/home/travis/build/icyphy/ptII/reports" />
    <property name="env.TRAVIS_STACK_TIMESTAMP" value="2019-03-25 16:16:56 UTC" />
    <property name="ant.file.type.ptII" value="file" />
    <property name="env.RBENV_SHELL" value="bash" />
    <property name="os.name" value="Linux" />
    <property name="java.specification.vendor" value="Oracle Corporation" />
    <property name="env.rvm_version" value="1.29.7 (latest)" />
    <property name="env.TRAVIS_INFRA" value="gce" />
    <property name="env.TERM" value="xterm" />
    <property name="java.vm.name" value="OpenJDK 64-Bit Server VM" />
    <property name="env.TRAVIS_BUILD_NUMBER" value="1249" />
    <property name="env.CI" value="true" />
    <property name="java.library.path" value="/home/travis/pthla/certi-tools/lib:/usr/lib/jni:/usr/local/share/OpenCV/java/:/usr/share/OpenCV/java::/usr/java/packages/lib:/usr/lib64:/lib64:/lib:/usr/lib" />
    <property name="jdk.module.path" value="/home/travis/build/icyphy/ptII/vendors/javafx/javafx-sdk-11.0.2/lib:" />
    <property name="env.rvm_prefix" value="/home/travis" />
    <property name="env.PATH" value="/home/travis/pthla/certi-tools/share/scripts:/home/travis/.rvm/gems/ruby-2.5.3/bin:/home/travis/.rvm/gems/ruby-2.5.3@global/bin:/home/travis/.rvm/rubies/ruby-2.5.3/bin:/home/travis/.rvm/bin:/home/travis/.nvm/versions/node/v7.10.1/bin:./node_modules/.bin:/home/travis/build/icyphy/ptII/bin:/home/travis/pthla/certi-tools/bin:/home/travis/bin:/home/travis/.local/bin:/usr/local/lib/jvm/openjdk11/bin:/opt/pyenv/shims:/home/travis/.phpenv/shims:/home/travis/perl5/perlbrew/bin:/home/travis/gopath/bin:/home/travis/.gimme/versions/go1.11.1.linux.amd64/bin:/usr/local/maven-3.6.0/bin:/usr/local/cmake-3.12.4/bin:/usr/local/clang-7.0.0/bin:/usr/local/sbin:/usr/local/bin:/usr/sbin:/usr/bin:/sbin:/bin:/snap/bin:/home/travis/.phpenv/bin:/opt/pyenv/bin:/home/travis/.yarn/bin" />
    <property name="env.TRAVIS_OS_NAME" value="linux" />
    <property name="ant.java.version" value="9" />
    <property name="basedir" value="/home/travis/build/icyphy/ptII" />
    <property name="java.class.version" value="55.0" />
    <property name="env.SHLVL" value="3" />
    <property name="env.LD_LIBRARY_PATH" value="/home/travis/pthla/certi-tools/lib:/usr/lib/jni:/usr/local/share/OpenCV/java/:/usr/share/OpenCV/java:" />
    <property name="env.RACK_ENV" value="test" />
    <property name="ant.home" value="/home/travis/build/icyphy/ptII/ant" />
    <property name="env.NVM_DIR" value="/home/travis/.nvm" />
    <property name="env.CERTI_FOM_PATH" value="/home/travis/pthla/certi-tools/share/federations" />
    <property name="env.TRAVIS_BUILD_ID" value="560306410" />
    <property name="env.PYENV_ROOT" value="/opt/pyenv" />
    <property name="env.TRAVIS_UID" value="2000" />
    <property name="prism.verbose" value="true" />
    <property name="env.NVM_BIN" value="/home/travis/.nvm/versions/node/v7.10.1/bin" />
    <property name="env.TRAVIS_COMMIT" value="418482d7012911227c9d3127325a526e4abc6f4d" />
    <property name="env._system_arch" value="x86_64" />
    <property name="node.executable" value="node" />
    <property name="sun.boot.library.path" value="/usr/local/lib/jvm/openjdk11/lib" />
    <property name="sun.management.compiler" value="HotSpot 64-Bit Tiered Compilers" />
    <property name="java.awt.graphicsenv" value="sun.awt.X11GraphicsEnvironment" />
    <property name="env.GOPATH" value="/home/travis/gopath" />
    <property name="ptolemy.ptII.dir" value="/home/travis/build/icyphy/ptII" />
    <property name="env.USER" value="travis" />
    <property name="env.HISTFILESIZE" value="2000" />
    <property name="timeout.longest" value="19000000" />
    <property name="env.PERLBREW_SHELLRC_VERSION" value="0.86" />
    <property name="env.TRAVIS_STACK_FEATURES" value="basic couchdb disabled-ipv6 docker docker-compose elasticsearch firefox go-toolchain google-chrome jdk memcached mongodb mysql nodejs_interpreter perl_interpreter perlbrew phantomjs postgresql python_interpreter redis ruby_interpreter sqlite xserver" />
    <property name="env.TRAVIS_PULL_REQUEST" value="false" />
    <property name="env.PYENV_SHELL" value="bash" />
    <property name="ant.project.name" value="ptII" />
    <property name="env.ANSI_RESET" value="\033[0m" />
    <property name="java.vm.specification.version" value="11" />
    <property name="env.TRAVIS_DIST" value="xenial" />
    <property name="env.CERTI_VERSION" value="4.0.0" />
    <property name="env.CERTI_HOST" value="localhost" />
    <property name="awt.toolkit" value="sun.awt.X11.XToolkit" />
    <property name="env.MY_RUBY_HOME" value="/home/travis/.rvm/rubies/ruby-2.5.3" />
    <property name="sun.cpu.isalist" value="" />
    <property name="env.TRAVIS_TMPDIR" value="/tmp/tmp.H1dLyUluLf" />
    <property name="java.vm.compressedOopsMode" value="Zero based" />
    <property name="os.version" value="4.15.0-1028-gcp" />
    <property name="user.home" value="/home/travis" />
    <property name="java.vm.vendor" value="Oracle Corporation" />
    <property name="env.TRAVIS_TAG" value="nightly" />
    <property name="env.ANSI_YELLOW" value="\033[33;1m" />
    <property name="env.TRAVIS_FILTERED" value="redirect_io" />
    <property name="env.ANSI_GREEN" value="\033[32;1m" />
    <property name="env.JAVA_HOME" value="/usr/local/lib/jvm/openjdk11" />
    <property name="javadoc.excludepackagenames" value="adm.cvs2svn.*,build.*,config.*,doc.coding.templates.*,jni.test.jni.meaningOfLife.*,jni.test.jni.testDeux.*,jni.test.jni.testTrois.*,org.terraswarm.accessor.accessors.web.node_modules.*,org.terraswarm.accessor.accessors.web.hosts.cordova.demo.*,org.terraswarm.accessor.accessors.web.hosts.cordova.plugins.*,org.terraswarm.accessor.accessors-svn.*,pt-modules.*,ptolemy.apps.agilent.*,ptolemy.apps.anytimecontrol.*,ptolemy.apps.apes.*,ptolemy.apps.charon.*,ptolemy.apps.crazyboard.*,ptolemy.apps.eclipse.*,ptolemy.apps.etherealSting.*,ptolemy.apps.fullscreen.*,ptolemy.apps.giotto.*,ptolemy.apps.ia.*,ptolemy.apps.interfaces.*,ptolemy.apps.jmf.*,ptolemy.apps.kurt.*,ptolemy.apps.kvm.*,ptolemy.apps.lego.*,ptolemy.apps.lejos.*,ptolemy.apps.midp.*,ptolemy.apps.mobileCoding.*,ptolemy.apps.pendulum.*,ptolemy.apps.rijndael.*,ptolemy.apps.robot.*,ptolemy.apps.security.*,ptolemy.apps.sobel.*,ptolemy.apps.soot.*,ptolemy.apps.throttle.*,ptolemy.apps.tini.*,ptolemy.apps.transmission.*,ptolemy.apps.vergil.*,ptolemy.apps.waba.*,ptolemy.apps.websensor.*,ptolemy.apps.webstart.*,ptolemy.apps.xsl.*,ptolemy.apps.zaurus.*,ptolemy.codegen.c.actor.lib.oldJavaFiles.*,ptolemy.codegen.dsp.lib.*,ptolemy.codegen.kernel.newInterfaces.*,ptolemy.codegen.lib.*,ptolemy.copernicus.kernel.fragment.*,ptolemy.copernicus.shallow.cg.*,ptolemy.domains.giotto.demo.Hierarchy.Hierarchy.*,ptolemy.domains.giotto.demo.Multimode.Multimode.*,ptolemy.domains.giotto.demo.Simple.Simple.*,ptolemy.domains.gr.lib.experimental.*,ptolemy.domains.gro.*,ptolemy.domains.pdf.*,ptolemy.domains.ptinyos.demo.Surge.output.*,ptolemy.moml.test.NoPackageActor.java*,ptolemy.plot.adm.*,ptolemy.plot.servlet.*,reports.*,signed.*,src.*,target.*,vendors.*,ptolemy.copernicus.applet.*,ptolemy.media.viewer.*,ptolemy.actor.corba.*,doc.doclets.*,ptolemy.apps.eclipse.awt.*,ptolemy.backtrack.*,ptolemy.backtrack.ast.*,ptolemy.cg.adapter.generic.program.procedural.c.mbed*,ptolemy.homer.*,ptolemy.actor.lib.jai.*,org.ptolemy.scala.*,diva.util.java2d.svg.*,ptolemy.domains.ptinyos.*,ptolemy.actor.lib.fmi.fmipp.*,,org.terraswarm.accessor.accessors.web.node_modules.*,org.terraswarm.accessor.accessors-svn,ptolemy.apps.*,ptolemy.actor.ptalon.demo.ptinyos.SendAndReceiveCnt.output,ptolemy.actor.ptalon.demo.ptinyos.SenseToLeds.output,ptolemy.domains.ptinyos.demo.CntToLedsAndRfm.output,ptolemy.domains.ptinyos.demo.RfmToLeds.output,ptolemy.domains.ptinyos.demo.SendAndReceiveCnt.output,ptolemy.domains.ptinyos.demo.SenseToLeds.output,ptolemy.actor.lib.jjs.modules.udpSocket.*" />
    <property name="env.PTII" value="/home/travis/build/icyphy/ptII" />
    <property name="env.XDG_SESSION_ID" value="2" />
    <property name="keystore" value="ptKeystore" />
    <property name="env.TRAVIS_COMMIT_MESSAGE" value="Use --quiet with wget, not -quiet." />
    <property name="junit.output.dir" value="/home/travis/build/icyphy/ptII/reports/junit" />
    <property name="npm.return.code" value="0" />
    <property name="user.dir" value="/home/travis/build/icyphy/ptII/ptolemy/actor/lib/test" />
    <property name="env.TRAVIS_NODE_VERSION" value="7" />
    <property name="env.TRAVIS_EVENT_TYPE" value="cron" />
    <property name="env.MAIL" value="/var/mail/travis" />
    <property name="env.PERLBREW_ROOT" value="/home/travis/perl5/perlbrew" />
    <property name="env.PWD" value="/home/travis/build/icyphy/ptII" />
    <property name="timeout.npm" value="45000" />
    <property name="env.TRAVIS_ARCH" value="amd64" />
    <property name="sun.cpu.endian" value="little" />
    <property name="env.PAGER" value="cat" />
    <property name="env.TRAVIS_BUILD_STAGE_NAME" value="Test" />
    <property name="env.PERLBREW_HOME" value="/home/travis/.perlbrew" />
    <property name="java.vm.version" value="11.0.2+9" />
    <property name="env.RAILS_ENV" value="test" />
    <property name="java.class.path" value="/home/travis/.ptolemyII:/home/travis/.ptolemyII/*:/home/travis/build/icyphy/ptII:/home/travis/build/icyphy/ptII/lib/bsh-2.0b4.jar:/home/travis/build/icyphy/ptII/lib/ptCal.jar:/home/travis/build/icyphy/ptII/lib/java_cup.jar:/home/travis/build/icyphy/ptII/lib/saxon8.jar:/home/travis/build/icyphy/ptII/lib/saxon8-dom.jar:/home/travis/build/icyphy/ptII/lib/chic.jar:/home/travis/build/icyphy/ptII/lib/ptcolt.jar:/home/travis/build/icyphy/ptII/vendors/misc/itext/iText.jar:/home/travis/build/icyphy/ptII/lib/g4ltl.jar:/home/travis/build/icyphy/ptII/lib/StructuralCoder.jar:/home/travis/build/icyphy/ptII/lib/jcerti.jar:/home/travis/build/icyphy/ptII/lib/javax.mail.jar:/home/travis/build/icyphy/ptII/vendors/JMF-2.1.1e/lib/jmf.jar:/home/travis/build/icyphy/ptII/lib/jna-4.0.0-variadic.jar:/home/travis/build/icyphy/ptII/vendors/misc/joystick/Joystick.jar:/home/travis/build/icyphy/ptII/lib/ptjacl.jar:/home/travis/build/icyphy/ptII/lib/jsoup-1.8.2.jar:/home/travis/build/icyphy/ptII/lib/junit-4.8.2.jar:/home/travis/build/icyphy/ptII/lib/JUnitParams-0.4.0.jar:/home/travis/build/icyphy/ptII/ptolemy/actor/lib/excel/jxl.jar:/home/travis/build/icyphy/ptII/lib/jython.jar:/home/travis/build/icyphy/ptII/lib/kieler.jar:/home/travis/build/icyphy/ptII/vendors/opencv/share/OpenCV/java/opencv-341.jar:/home/travis/build/icyphy/ptII/lib/oscP5.jar:/home/travis/build/icyphy/ptII/lib/nrjavaserial-3.11.0.devel.jar:/home/travis/build/icyphy/ptII/vendors/j3d/lib/Linux/j3dcore.jar:/home/travis/build/icyphy/ptII/vendors/j3d/lib/Linux/j3dutils.jar:/home/travis/build/icyphy/ptII/vendors/j3d/lib/Linux/vecmath.jar:/home/travis/build/icyphy/ptII/vendors/jogl/lib/Linux/gluegen-rt-natives-linux-amd64.jar:/home/travis/build/icyphy/ptII/vendors/jogl/lib/Linux/gluegen-rt.jar:/home/travis/build/icyphy/ptII/vendors/jogl/lib/Linux/jogl-all-natives-linux-amd64.jar:/home/travis/build/icyphy/ptII/vendors/jogl/lib/Linux/jogl-all.jar:/home/travis/build/icyphy/ptII/ptolemy/distributed/jini/jar/jini-core.jar:/home/travis/build/icyphy/ptII/ptolemy/distributed/jini/jar/jini-ext.jar:/home/travis/build/icyphy/ptII/ptolemy/distributed/jini/jar/sun-util.jar:/home/travis/build/icyphy/ptII/lib/protobuf-java-2.4.1.jar:/home/travis/build/icyphy/ptII/lib/org.eclipse.paho.client.mqttv3.jar:/home/travis/build/icyphy/ptII/lib/mapss.jar:/home/travis/build/icyphy/ptII/ptolemy/actor/ptalon/antlr/antlr.jar:/home/travis/build/icyphy/ptII/lib/JRI.jar:/home/travis/build/icyphy/ptII/lib/commons-lang-2.6.jar:/home/travis/build/icyphy/ptII/lib/commons-logging-1.1.1.jar:/home/travis/build/icyphy/ptII/lib/sootclasses.jar:/home/travis/build/icyphy/ptII/ptolemy/actor/lib/database/mysql-connector-java-5.1.6-bin.jar:/home/travis/build/icyphy/ptII/vendors/misc/sphinx4/sphinx4-data-5prealpha.jar:/home/travis/build/icyphy/ptII/vendors/misc/sphinx4/sphinx4-core-5prealpha.jar:/home/travis/build/icyphy/ptII/lib/PDFRenderer.jar:/home/travis/build/icyphy/ptII/lib/svgSalamander.jar:/home/travis/build/icyphy/ptII/lib/rsyntaxtextarea-2.6.0-SNAPSHOT.jar:/home/travis/build/icyphy/ptII/lib/hazelcast-3.8.2.jar:/home/travis/build/icyphy/ptII/lib/jackson-annotations-2.9.0.jar:/home/travis/build/icyphy/ptII/lib/jackson-core-2.9.3.jar:/home/travis/build/icyphy/ptII/lib/jackson-databind-2.9.3.jar:/home/travis/build/icyphy/ptII/lib/netty-buffer-4.1.19.Final.jar:/home/travis/build/icyphy/ptII/lib/netty-codec-4.1.19.Final.jar:/home/travis/build/icyphy/ptII/lib/netty-codec-dns-4.1.19.Final.jar:/home/travis/build/icyphy/ptII/lib/netty-codec-http-4.1.19.Final.jar:/home/travis/build/icyphy/ptII/lib/netty-codec-http2-4.1.19.Final.jar:/home/travis/build/icyphy/ptII/lib/netty-common-4.1.19.Final.jar:/home/travis/build/icyphy/ptII/lib/netty-handler-4.1.19.Final.jar:/home/travis/build/icyphy/ptII/lib/netty-resolver-4.1.19.Final.jar:/home/travis/build/icyphy/ptII/lib/netty-resolver-dns-4.1.19.Final.jar:/home/travis/build/icyphy/ptII/lib/netty-transport-4.1.19.Final.jar:/home/travis/build/icyphy/ptII/lib/vertx-codegen-3.5.1.jar:/home/travis/build/icyphy/ptII/lib/vertx-core-3.5.2-SNAPSHOT.jar:/home/travis/build/icyphy/ptII/lib/vertx-hazelcast-3.5.1.jar:/home/travis/build/icyphy/ptII/lib/vertx-lang-js-3.5.1.jar:/home/travis/build/icyphy/ptII/lib/vertx-service-proxy-3.5.1.jar:/home/travis/build/icyphy/ptII/lib/vertx-web-3.5.1.jar:/home/travis/build/icyphy/ptII/lib/slf4j-api-1.7.13.jar:/home/travis/build/icyphy/ptII/lib/slf4j-simple-1.7.13.jar:/home/travis/build/icyphy/ptII/lib/webcam-capture-0.3.12.jar:/home/travis/build/icyphy/ptII/lib/bridj-0.7.0.jar:/home/travis/build/icyphy/ptII/lib/xbjlib-1.1.0.nrjavaserial.jar:/home/travis/build/icyphy/ptII/ptolemy/moml/test:/home/travis/build/icyphy/ptII/ant/lib/ant-launcher.jar:/home/travis/build/icyphy/ptII/ant/lib/ant.jar:/home/travis/build/icyphy/ptII/ant/lib/ant-junit.jar:/home/travis/build/icyphy/ptII/ant/lib/ant-junit4.jar" />
    <property name="ant.library.dir" value="/home/travis/build/icyphy/ptII/ant/lib" />
    <property name="os.arch" value="amd64" />
    <property name="env.CONTINUOUS_INTEGRATION" value="true" />
    <property name="env.TRAVIS_LANGUAGE" value="node_js" />
    <property name="env.TRAVIS_STACK_LANGUAGES" value="__sardonyx__ c c++ clojure cplusplus cpp default generic go groovy java node_js php pure_java python ruby scala" />
    <property name="test.name" value="ptolemy.actor.lib.test.junit.JUnitTclTest" />
    <property name="env.APT_KEY_DONT_WARN_ON_DANGEROUS_USAGE" value="1" />
    <property name="sun.java.launcher" value="SUN_STANDARD" />
    <property name="env.PYTHON_CONFIGURE_OPTS" value="--enable-unicode=ucs4 --with-wide-unicode --enable-shared --enable-ipv6 --enable-loadable-sqlite-extensions --with-computed-gotos" />
    <property name="ant.core.lib" value="/home/travis/build/icyphy/ptII/ant/lib/ant.jar" />
    <property name="java.vm.specification.vendor" value="Oracle Corporation" />
    <property name="env.BCVTB_HOME" value="/home/travis/build/icyphy/ptII/lbnl" />
    <property name="file.separator" value="/" />
    <property name="spotbugs.home" value="/home/travis/build/icyphy/ptII/vendors/spotbugs-3.1.1" />
    <property name="java.runtime.version" value="11.0.2+9" />
    <property name="env.ANSI_CLEAR" value="\033[0K" />
    <property name="javafx.verbose" value="true" />
    <property name="env.HAS_JOSH_K_SEAL_OF_APPROVAL" value="true" />
    <property name="env.XDG_RUNTIME_DIR" value="/run/user/2000" />
    <property name="env.TRAVIS_OSX_IMAGE" value="" />
    <property name="env.TRAVIS_JOB_ID" value="560306418" />
    <property name="env.TRAVIS_BRANCH" value="master" />
    <property name="user.country" value="US" />
    <property name="env.CERTI_HOME_TRAVIS" value="/home/travis/pthla/certi-tools" />
    <property name="env.SHELL" value="/bin/bash" />
    <property name="java.maxmemory.large" value="6000m" />
    <property name="model" value="" />
    <property name="env.CASHER_DIR" value="/home/travis/.casher" />
    <property name="env.NVM_CD_FLAGS" value="" />
    <property name="java.vendor.version" value="18.9" />
    <property name="jshint.executable" value="/home/travis/node_modules/jshint/bin/jshint" />
    <property name="env.JRUBY_OPTS" value=" --client -J-XX:+TieredCompilation -J-XX:TieredStopAtLevel=1 -J-Xss2m -Xcompile.invokedynamic=false" />
    <property name="java.vendor" value="Oracle Corporation" />
    <property name="env.TRAVIS_PRE_CHEF_BOOTSTRAP_TIME" value="2019-03-25T16:16:42" />
    <property name="env.TRAVIS_STACK_JOB_BOARD_REGISTER" value="/.job-board-register.yml" />
    <property name="env.ANSI_RED" value="\033[31;1m" />
    <property name="java.specification.version" value="11" />
    <property name="env.IRBRC" value="/home/travis/.rvm/rubies/ruby-2.5.3/.irbrc" />
    <property name="env.TRAVIS" value="true" />
    <property name="sun.arch.data.model" value="64" />
  </properties>
  <testcase classname="ptolemy.util.test.junit.TclTests" name="[0] /home/travis/build/icyphy/ptII/ptolemy/actor/lib/test/AbsoluteValue.tcl (RunTclFile)" time="0.589" />
  <testcase classname="ptolemy.util.test.junit.TclTests" name="[1] /home/travis/build/icyphy/ptII/ptolemy/actor/lib/test/AddSubtract.tcl (RunTclFile)" time="0.213" />
  <testcase classname="ptolemy.util.test.junit.TclTests" name="[2] /home/travis/build/icyphy/ptII/ptolemy/actor/lib/test/Average.tcl (RunTclFile)" time="0.079" />
  <testcase classname="ptolemy.util.test.junit.TclTests" name="[3] /home/travis/build/icyphy/ptII/ptolemy/actor/lib/test/Bernoulli.tcl (RunTclFile)" time="0.055" />
  <testcase classname="ptolemy.util.test.junit.TclTests" name="[4] /home/travis/build/icyphy/ptII/ptolemy/actor/lib/test/Clock.tcl (RunTclFile)" time="0.148" />
  <testcase classname="ptolemy.util.test.junit.TclTests" name="[5] /home/travis/build/icyphy/ptII/ptolemy/actor/lib/test/Commutator.tcl (RunTclFile)" time="0.22" />
  <testcase classname="ptolemy.util.test.junit.TclTests" name="[6] /home/travis/build/icyphy/ptII/ptolemy/actor/lib/test/Const.tcl (RunTclFile)" time="0.153" />
  <testcase classname="ptolemy.util.test.junit.TclTests" name="[7] /home/travis/build/icyphy/ptII/ptolemy/actor/lib/test/CurrentTime.tcl (RunTclFile)" time="0.053" />
  <testcase classname="ptolemy.util.test.junit.TclTests" name="[8] /home/travis/build/icyphy/ptII/ptolemy/actor/lib/test/DB.tcl (RunTclFile)" time="0.061" />
  <testcase classname="ptolemy.util.test.junit.TclTests" name="[9] /home/travis/build/icyphy/ptII/ptolemy/actor/lib/test/DiscreteRandomSource.tcl (RunTclFile)" time="0.08" />
  <testcase classname="ptolemy.util.test.junit.TclTests" name="[10] /home/travis/build/icyphy/ptII/ptolemy/actor/lib/test/Distributor.tcl (RunTclFile)" time="0.089" />
  <testcase classname="ptolemy.util.test.junit.TclTests" name="[11] /home/travis/build/icyphy/ptII/ptolemy/actor/lib/test/Exit.tcl (RunTclFile)" time="0.1" />
  <testcase classname="ptolemy.util.test.junit.TclTests" name="[12] /home/travis/build/icyphy/ptII/ptolemy/actor/lib/test/Expression.tcl (RunTclFile)" time="0.146" />
  <testcase classname="ptolemy.util.test.junit.TclTests" name="[13] /home/travis/build/icyphy/ptII/ptolemy/actor/lib/test/Gaussian.tcl (RunTclFile)" time="0.284" />
  <testcase classname="ptolemy.util.test.junit.TclTests" name="[14] /home/travis/build/icyphy/ptII/ptolemy/actor/lib/test/IIR.tcl (RunTclFile)" time="0.053" />
  <testcase classname="ptolemy.util.test.junit.TclTests" name="[15] /home/travis/build/icyphy/ptII/ptolemy/actor/lib/test/Interpolator.tcl (RunTclFile)" time="0.125" />
  <testcase classname="ptolemy.util.test.junit.TclTests" name="[16] /home/travis/build/icyphy/ptII/ptolemy/actor/lib/test/MathFunction.tcl (RunTclFile)" time="0.094" />
  <testcase classname="ptolemy.util.test.junit.TclTests" name="[17] /home/travis/build/icyphy/ptII/ptolemy/actor/lib/test/Maximum.tcl (RunTclFile)" time="0.051" />
  <testcase classname="ptolemy.util.test.junit.TclTests" name="[18] /home/travis/build/icyphy/ptII/ptolemy/actor/lib/test/Minimum.tcl (RunTclFile)" time="0.038" />
  <testcase classname="ptolemy.util.test.junit.TclTests" name="[19] /home/travis/build/icyphy/ptII/ptolemy/actor/lib/test/MultiplyDivide.tcl (RunTclFile)" time="0.043" />
  <testcase classname="ptolemy.util.test.junit.TclTests" name="[20] /home/travis/build/icyphy/ptII/ptolemy/actor/lib/test/OrderedMerge.tcl (RunTclFile)" time="0.143" />
  <testcase classname="ptolemy.util.test.junit.TclTests" name="[21] /home/travis/build/icyphy/ptII/ptolemy/actor/lib/test/Publisher.tcl (RunTclFile)" time="1.122" />
  <testcase classname="ptolemy.util.test.junit.TclTests" name="[22] /home/travis/build/icyphy/ptII/ptolemy/actor/lib/test/Pulse.tcl (RunTclFile)" time="0.083" />
  <testcase classname="ptolemy.util.test.junit.TclTests" name="[23] /home/travis/build/icyphy/ptII/ptolemy/actor/lib/test/Ramp.tcl (RunTclFile)" time="2.502" />
  <testcase classname="ptolemy.util.test.junit.TclTests" name="[24] /home/travis/build/icyphy/ptII/ptolemy/actor/lib/test/RampContinuous.tcl (RunTclFile)" time="0.019" />
  <testcase classname="ptolemy.util.test.junit.TclTests" name="[25] /home/travis/build/icyphy/ptII/ptolemy/actor/lib/test/RecordAssembler.tcl (RunTclFile)" time="0.02" />
  <testcase classname="ptolemy.util.test.junit.TclTests" name="[26] /home/travis/build/icyphy/ptII/ptolemy/actor/lib/test/RecordDisassembler.tcl (RunTclFile)" time="0.038" />
  <testcase classname="ptolemy.util.test.junit.TclTests" name="[27] /home/travis/build/icyphy/ptII/ptolemy/actor/lib/test/Scale.tcl (RunTclFile)" time="0.027" />
  <testcase classname="ptolemy.util.test.junit.TclTests" name="[28] /home/travis/build/icyphy/ptII/ptolemy/actor/lib/test/SequentialClock.tcl (RunTclFile)" time="0.019" />
  <testcase classname="ptolemy.util.test.junit.TclTests" name="[29] /home/travis/build/icyphy/ptII/ptolemy/actor/lib/test/SetVariable.tcl (RunTclFile)" time="0.03">
    <failure message="Number of failed tests is has increased. expected:&lt;0&gt; but was:&lt;1&gt;" type="junit.framework.AssertionFailedError">junit.framework.AssertionFailedError: Number of failed tests is has increased. expected:&lt;0&gt; but was:&lt;1&gt;
	at ptolemy.util.test.junit.TclTests.RunTclFile(TclTests.java:286)
	at jdk.internal.reflect.GeneratedMethodAccessor19.invoke(Unknown Source)
	at java.base/jdk.internal.reflect.DelegatingMethodAccessorImpl.invoke(DelegatingMethodAccessorImpl.java:43)
	at junitparams.internal.InvokeParameterisedMethod.evaluate(InvokeParameterisedMethod.java:102)
	at junitparams.internal.ParameterisedTestMethodRunner.runMethodInvoker(ParameterisedTestMethodRunner.java:47)
	at junitparams.internal.ParameterisedTestMethodRunner.runTestMethod(ParameterisedTestMethodRunner.java:41)
	at junitparams.internal.ParameterisedTestClassRunner.runParameterisedTest(ParameterisedTestClassRunner.java:143)
	at junitparams.JUnitParamsRunner.runChild(JUnitParamsRunner.java:237)
	at junitparams.JUnitParamsRunner.runChild(JUnitParamsRunner.java:215)
</failure>
  </testcase>
  <testcase classname="ptolemy.util.test.junit.TclTests" name="[30] /home/travis/build/icyphy/ptII/ptolemy/actor/lib/test/Sinewave.tcl (RunTclFile)" time="0.057" />
  <testcase classname="ptolemy.util.test.junit.TclTests" name="[31] /home/travis/build/icyphy/ptII/ptolemy/actor/lib/test/SubscriptionAggregator.tcl (RunTclFile)" time="2.292" />
  <testcase classname="ptolemy.util.test.junit.TclTests" name="[32] /home/travis/build/icyphy/ptII/ptolemy/actor/lib/test/Test.tcl (RunTclFile)" time="0.121" />
  <testcase classname="ptolemy.util.test.junit.TclTests" name="[33] /home/travis/build/icyphy/ptII/ptolemy/actor/lib/test/TestExceptionHandler.tcl (RunTclFile)" time="0.016" />
  <testcase classname="ptolemy.util.test.junit.TclTests" name="[34] /home/travis/build/icyphy/ptII/ptolemy/actor/lib/test/UnionDisassembler.tcl (RunTclFile)" time="0.083" />
  <testcase classname="ptolemy.util.test.junit.TclTests" name="[35] /home/travis/build/icyphy/ptII/ptolemy/actor/lib/test/VariableClock.tcl (RunTclFile)" time="0.024" />
  <testcase classname="ptolemy.util.test.junit.AutoKnownFailedTests" name="[0] /home/travis/build/icyphy/ptII/ptolemy/actor/lib/test/auto/knownFailedTests/PublisherPortToplevelSubscriber.xml (RunModel)" time="0.029" />
  <testcase classname="ptolemy.util.test.junit.AutoKnownFailedTests" name="[1] /home/travis/build/icyphy/ptII/ptolemy/actor/lib/test/auto/knownFailedTests/PublisherSubscriberPortToplevel.xml (RunModel)" time="0.023" />
  <testcase classname="ptolemy.util.test.junit.AutoKnownFailedTests" name="[2] /home/travis/build/icyphy/ptII/ptolemy/actor/lib/test/auto/knownFailedTests/PublisherSubscriptionAggregatorPort.xml (RunModel)" time="0.029" />
  <testcase classname="ptolemy.util.test.junit.AutoKnownFailedTests" name="[3] /home/travis/build/icyphy/ptII/ptolemy/actor/lib/test/auto/knownFailedTests/sizedarray3.xml (RunModel)" time="0.103" />
  <testcase classname="ptolemy.util.test.junit.AutoNameArchTests" name="[0] ThereAreNoAutoArchTests (RunModel)" time="0.002" />
  <testcase classname="ptolemy.util.test.junit.AutoTests" name="[0] /home/travis/build/icyphy/ptII/ptolemy/actor/lib/test/auto/AbsoluteValue.xml (RunModel)" time="0.092" />
  <testcase classname="ptolemy.util.test.junit.AutoTests" name="[1] /home/travis/build/icyphy/ptII/ptolemy/actor/lib/test/auto/AbsoluteValue2.xml (RunModel)" time="0.08" />
  <testcase classname="ptolemy.util.test.junit.AutoTests" name="[2] /home/travis/build/icyphy/ptII/ptolemy/actor/lib/test/auto/Accumulator.xml (RunModel)" time="0.075" />
  <testcase classname="ptolemy.util.test.junit.AutoTests" name="[3] /home/travis/build/icyphy/ptII/ptolemy/actor/lib/test/auto/Accumulator2.xml (RunModel)" time="0.058" />
  <testcase classname="ptolemy.util.test.junit.AutoTests" name="[4] /home/travis/build/icyphy/ptII/ptolemy/actor/lib/test/auto/Accumulator3.xml (RunModel)" time="0.05" />
  <testcase classname="ptolemy.util.test.junit.AutoTests" name="[5] /home/travis/build/icyphy/ptII/ptolemy/actor/lib/test/auto/ArrayAppend.xml (RunModel)" time="0.05" />
  <testcase classname="ptolemy.util.test.junit.AutoTests" name="[6] /home/travis/build/icyphy/ptII/ptolemy/actor/lib/test/auto/ArrayAppend2.xml (RunModel)" time="0.408" />
  <testcase classname="ptolemy.util.test.junit.AutoTests" name="[7] /home/travis/build/icyphy/ptII/ptolemy/actor/lib/test/auto/ArrayAppend3.xml (RunModel)" time="0.045" />
  <testcase classname="ptolemy.util.test.junit.AutoTests" name="[8] /home/travis/build/icyphy/ptII/ptolemy/actor/lib/test/auto/ArrayAppend4.xml (RunModel)" time="0.024" />
  <testcase classname="ptolemy.util.test.junit.AutoTests" name="[9] /home/travis/build/icyphy/ptII/ptolemy/actor/lib/test/auto/ArrayAppend5.xml (RunModel)" time="0.028" />
  <testcase classname="ptolemy.util.test.junit.AutoTests" name="[10] /home/travis/build/icyphy/ptII/ptolemy/actor/lib/test/auto/ArrayAppend6.xml (RunModel)" time="0.077" />
  <testcase classname="ptolemy.util.test.junit.AutoTests" name="[11] /home/travis/build/icyphy/ptII/ptolemy/actor/lib/test/auto/ArrayAppendPerformanceTest.xml (RunModel)" time="0.07" />
  <testcase classname="ptolemy.util.test.junit.AutoTests" name="[12] /home/travis/build/icyphy/ptII/ptolemy/actor/lib/test/auto/ArrayAppendWithEmptyInput.xml (RunModel)" time="0.048" />
  <testcase classname="ptolemy.util.test.junit.AutoTests" name="[13] /home/travis/build/icyphy/ptII/ptolemy/actor/lib/test/auto/ArrayAverage.xml (RunModel)" time="0.06" />
  <testcase classname="ptolemy.util.test.junit.AutoTests" name="[14] /home/travis/build/icyphy/ptII/ptolemy/actor/lib/test/auto/ArrayContains.xml (RunModel)" time="0.055" />
  <testcase classname="ptolemy.util.test.junit.AutoTests" name="[15] /home/travis/build/icyphy/ptII/ptolemy/actor/lib/test/auto/ArrayElement.xml (RunModel)" time="0.026" />
  <testcase classname="ptolemy.util.test.junit.AutoTests" name="[16] /home/travis/build/icyphy/ptII/ptolemy/actor/lib/test/auto/ArrayElementAsMatrix.xml (RunModel)" time="0.071" />
  <testcase classname="ptolemy.util.test.junit.AutoTests" name="[17] /home/travis/build/icyphy/ptII/ptolemy/actor/lib/test/auto/ArrayElementI.xml (RunModel)" time="0.018" />
  <testcase classname="ptolemy.util.test.junit.AutoTests" name="[18] /home/travis/build/icyphy/ptII/ptolemy/actor/lib/test/auto/ArrayExtract.xml (RunModel)" time="0.031" />
  <testcase classname="ptolemy.util.test.junit.AutoTests" name="[19] /home/travis/build/icyphy/ptII/ptolemy/actor/lib/test/auto/ArrayExtract2.xml (RunModel)" time="0.019" />
  <testcase classname="ptolemy.util.test.junit.AutoTests" name="[20] /home/travis/build/icyphy/ptII/ptolemy/actor/lib/test/auto/ArrayLength.xml (RunModel)" time="0.024" />
  <testcase classname="ptolemy.util.test.junit.AutoTests" name="[21] /home/travis/build/icyphy/ptII/ptolemy/actor/lib/test/auto/ArrayLevelCrossing.xml (RunModel)" time="0.036" />
  <testcase classname="ptolemy.util.test.junit.AutoTests" name="[22] /home/travis/build/icyphy/ptII/ptolemy/actor/lib/test/auto/ArrayLevelCrossing2.xml (RunModel)" time="0.028" />
  <testcase classname="ptolemy.util.test.junit.AutoTests" name="[23] /home/travis/build/icyphy/ptII/ptolemy/actor/lib/test/auto/ArrayPeakSearch.xml (RunModel)" time="0.045" />
  <testcase classname="ptolemy.util.test.junit.AutoTests" name="[24] /home/travis/build/icyphy/ptII/ptolemy/actor/lib/test/auto/ArrayPeakSearch2.xml (RunModel)" time="0.043" />
  <testcase classname="ptolemy.util.test.junit.AutoTests" name="[25] /home/travis/build/icyphy/ptII/ptolemy/actor/lib/test/auto/ArrayPeakSearch3.xml (RunModel)" time="0.041" />
  <testcase classname="ptolemy.util.test.junit.AutoTests" name="[26] /home/travis/build/icyphy/ptII/ptolemy/actor/lib/test/auto/ArrayRemoveElement.xml (RunModel)" time="0.032" />
  <testcase classname="ptolemy.util.test.junit.AutoTests" name="[27] /home/travis/build/icyphy/ptII/ptolemy/actor/lib/test/auto/ArraySort.xml (RunModel)" time="0.037" />
  <testcase classname="ptolemy.util.test.junit.AutoTests" name="[28] /home/travis/build/icyphy/ptII/ptolemy/actor/lib/test/auto/ArraySum.xml (RunModel)" time="0.022" />
  <testcase classname="ptolemy.util.test.junit.AutoTests" name="[29] /home/travis/build/icyphy/ptII/ptolemy/actor/lib/test/auto/ArrayToElements.xml (RunModel)" time="0.032" />
  <testcase classname="ptolemy.util.test.junit.AutoTests" name="[30] /home/travis/build/icyphy/ptII/ptolemy/actor/lib/test/auto/ArrayToMatrix.xml (RunModel)" time="0.083" />
  <testcase classname="ptolemy.util.test.junit.AutoTests" name="[31] /home/travis/build/icyphy/ptII/ptolemy/actor/lib/test/auto/ArrayUpdate1.xml (RunModel)" time="0.032" />
  <testcase classname="ptolemy.util.test.junit.AutoTests" name="[32] /home/travis/build/icyphy/ptII/ptolemy/actor/lib/test/auto/ArrayUpdate2.xml (RunModel)" time="0.027" />
  <testcase classname="ptolemy.util.test.junit.AutoTests" name="[33] /home/travis/build/icyphy/ptII/ptolemy/actor/lib/test/auto/ArrayUpdate3.xml (RunModel)" time="0.018" />
  <testcase classname="ptolemy.util.test.junit.AutoTests" name="[34] /home/travis/build/icyphy/ptII/ptolemy/actor/lib/test/auto/Assert1.xml (RunModel)" time="0.032" />
  <testcase classname="ptolemy.util.test.junit.AutoTests" name="[35] /home/travis/build/icyphy/ptII/ptolemy/actor/lib/test/auto/Assert2.xml (RunModel)" time="0.016" />
  <testcase classname="ptolemy.util.test.junit.AutoTests" name="[36] /home/travis/build/icyphy/ptII/ptolemy/actor/lib/test/auto/BooleanMultiplexor.xml (RunModel)" time="0.022" />
  <testcase classname="ptolemy.util.test.junit.AutoTests" name="[37] /home/travis/build/icyphy/ptII/ptolemy/actor/lib/test/auto/BooleanMultiplexor2.xml (RunModel)" time="0.028" />
  <testcase classname="ptolemy.util.test.junit.AutoTests" name="[38] /home/travis/build/icyphy/ptII/ptolemy/actor/lib/test/auto/BooleanMultiplexor3.xml (RunModel)" time="0.032" />
  <testcase classname="ptolemy.util.test.junit.AutoTests" name="[39] /home/travis/build/icyphy/ptII/ptolemy/actor/lib/test/auto/BooleanSelect.xml (RunModel)" time="0.032" />
  <testcase classname="ptolemy.util.test.junit.AutoTests" name="[40] /home/travis/build/icyphy/ptII/ptolemy/actor/lib/test/auto/BooleanSelect2.xml (RunModel)" time="0.021" />
  <testcase classname="ptolemy.util.test.junit.AutoTests" name="[41] /home/travis/build/icyphy/ptII/ptolemy/actor/lib/test/auto/BooleanSwitch.xml (RunModel)" time="0.029" />
  <testcase classname="ptolemy.util.test.junit.AutoTests" name="[42] /home/travis/build/icyphy/ptII/ptolemy/actor/lib/test/auto/BooleanSwitch2.xml (RunModel)" time="0.023" />
  <testcase classname="ptolemy.util.test.junit.AutoTests" name="[43] /home/travis/build/icyphy/ptII/ptolemy/actor/lib/test/auto/BooleanSwitchCloningBugWithClassRelationGroup.xml (RunModel)" time="0.053" />
  <testcase classname="ptolemy.util.test.junit.AutoTests" name="[44] /home/travis/build/icyphy/ptII/ptolemy/actor/lib/test/auto/BusActors.xml (RunModel)" time="0.057" />
  <testcase classname="ptolemy.util.test.junit.AutoTests" name="[45] /home/travis/build/icyphy/ptII/ptolemy/actor/lib/test/auto/ClassWrapper.xml (RunModel)" time="0.029" />
  <testcase classname="ptolemy.util.test.junit.AutoTests" name="[46] /home/travis/build/icyphy/ptII/ptolemy/actor/lib/test/auto/Clock.xml (RunModel)" time="0.017" />
  <testcase classname="ptolemy.util.test.junit.AutoTests" name="[47] /home/travis/build/icyphy/ptII/ptolemy/actor/lib/test/auto/Clock10.xml (RunModel)" time="0.024" />
  <testcase classname="ptolemy.util.test.junit.AutoTests" name="[48] /home/travis/build/icyphy/ptII/ptolemy/actor/lib/test/auto/Clock11.xml (RunModel)" time="0.023" />
  <testcase classname="ptolemy.util.test.junit.AutoTests" name="[49] /home/travis/build/icyphy/ptII/ptolemy/actor/lib/test/auto/Clock12.xml (RunModel)" time="0.029" />
  <testcase classname="ptolemy.util.test.junit.AutoTests" name="[50] /home/travis/build/icyphy/ptII/ptolemy/actor/lib/test/auto/Clock13.xml (RunModel)" time="0.023" />
  <testcase classname="ptolemy.util.test.junit.AutoTests" name="[51] /home/travis/build/icyphy/ptII/ptolemy/actor/lib/test/auto/Clock14.xml (RunModel)" time="0.023" />
  <testcase classname="ptolemy.util.test.junit.AutoTests" name="[52] /home/travis/build/icyphy/ptII/ptolemy/actor/lib/test/auto/Clock15.xml (RunModel)" time="0.02" />
  <testcase classname="ptolemy.util.test.junit.AutoTests" name="[53] /home/travis/build/icyphy/ptII/ptolemy/actor/lib/test/auto/Clock16.xml (RunModel)" time="0.112" />
  <testcase classname="ptolemy.util.test.junit.AutoTests" name="[54] /home/travis/build/icyphy/ptII/ptolemy/actor/lib/test/auto/Clock17.xml (RunModel)" time="0.065" />
  <testcase classname="ptolemy.util.test.junit.AutoTests" name="[55] /home/travis/build/icyphy/ptII/ptolemy/actor/lib/test/auto/Clock18.xml (RunModel)" time="0.069" />
  <testcase classname="ptolemy.util.test.junit.AutoTests" name="[56] /home/travis/build/icyphy/ptII/ptolemy/actor/lib/test/auto/Clock19.xml (RunModel)" time="0.051" />
  <testcase classname="ptolemy.util.test.junit.AutoTests" name="[57] /home/travis/build/icyphy/ptII/ptolemy/actor/lib/test/auto/Clock2.xml (RunModel)" time="0.016" />
  <testcase classname="ptolemy.util.test.junit.AutoTests" name="[58] /home/travis/build/icyphy/ptII/ptolemy/actor/lib/test/auto/Clock20.xml (RunModel)" time="0.029" />
  <testcase classname="ptolemy.util.test.junit.AutoTests" name="[59] /home/travis/build/icyphy/ptII/ptolemy/actor/lib/test/auto/Clock21.xml (RunModel)" time="0.018" />
  <testcase classname="ptolemy.util.test.junit.AutoTests" name="[60] /home/travis/build/icyphy/ptII/ptolemy/actor/lib/test/auto/Clock22.xml (RunModel)" time="0.025" />
  <testcase classname="ptolemy.util.test.junit.AutoTests" name="[61] /home/travis/build/icyphy/ptII/ptolemy/actor/lib/test/auto/Clock23.xml (RunModel)" time="0.021" />
  <testcase classname="ptolemy.util.test.junit.AutoTests" name="[62] /home/travis/build/icyphy/ptII/ptolemy/actor/lib/test/auto/Clock24.xml (RunModel)" time="0.014" />
  <testcase classname="ptolemy.util.test.junit.AutoTests" name="[63] /home/travis/build/icyphy/ptII/ptolemy/actor/lib/test/auto/Clock4.xml (RunModel)" time="0.014" />
  <testcase classname="ptolemy.util.test.junit.AutoTests" name="[64] /home/travis/build/icyphy/ptII/ptolemy/actor/lib/test/auto/Clock5.xml (RunModel)" time="0.013" />
  <testcase classname="ptolemy.util.test.junit.AutoTests" name="[65] /home/travis/build/icyphy/ptII/ptolemy/actor/lib/test/auto/Clock6.xml (RunModel)" time="0.016" />
  <testcase classname="ptolemy.util.test.junit.AutoTests" name="[66] /home/travis/build/icyphy/ptII/ptolemy/actor/lib/test/auto/Clock7.xml (RunModel)" time="0.013" />
  <testcase classname="ptolemy.util.test.junit.AutoTests" name="[67] /home/travis/build/icyphy/ptII/ptolemy/actor/lib/test/auto/Clock8.xml (RunModel)" time="0.016" />
  <testcase classname="ptolemy.util.test.junit.AutoTests" name="[68] /home/travis/build/icyphy/ptII/ptolemy/actor/lib/test/auto/Clock9.xml (RunModel)" time="0.017" />
  <testcase classname="ptolemy.util.test.junit.AutoTests" name="[69] /home/travis/build/icyphy/ptII/ptolemy/actor/lib/test/auto/CommDistDiscard.xml (RunModel)" time="0.033" />
  <testcase classname="ptolemy.util.test.junit.AutoTests" name="[70] /home/travis/build/icyphy/ptII/ptolemy/actor/lib/test/auto/Commutator.xml (RunModel)" time="0.017" />
  <testcase classname="ptolemy.util.test.junit.AutoTests" name="[71] /home/travis/build/icyphy/ptII/ptolemy/actor/lib/test/auto/Commutator2.xml (RunModel)" time="0.012" />
  <testcase classname="ptolemy.util.test.junit.AutoTests" name="[72] /home/travis/build/icyphy/ptII/ptolemy/actor/lib/test/auto/Commutator3.xml (RunModel)" time="0.024" />
  <testcase classname="ptolemy.util.test.junit.AutoTests" name="[73] /home/travis/build/icyphy/ptII/ptolemy/actor/lib/test/auto/Compare.xml (RunModel)" time="0.03" />
  <testcase classname="ptolemy.util.test.junit.AutoTests" name="[74] /home/travis/build/icyphy/ptII/ptolemy/actor/lib/test/auto/CompareDE.xml (RunModel)" time="0.021" />
  <testcase classname="ptolemy.util.test.junit.AutoTests" name="[75] /home/travis/build/icyphy/ptII/ptolemy/actor/lib/test/auto/ComplexDivide.xml (RunModel)" time="0.011" />
  <testcase classname="ptolemy.util.test.junit.AutoTests" name="[76] /home/travis/build/icyphy/ptII/ptolemy/actor/lib/test/auto/ComputeHistogram.xml (RunModel)" time="0.087" />
  <testcase classname="ptolemy.util.test.junit.AutoTests" name="[77] /home/travis/build/icyphy/ptII/ptolemy/actor/lib/test/auto/ConfigurationSelect.xml (RunModel)" time="0.03" />
  <testcase classname="ptolemy.util.test.junit.AutoTests" name="[78] /home/travis/build/icyphy/ptII/ptolemy/actor/lib/test/auto/ConfigurationSelect2.xml (RunModel)" time="0.017" />
  <testcase classname="ptolemy.util.test.junit.AutoTests" name="[79] /home/travis/build/icyphy/ptII/ptolemy/actor/lib/test/auto/ConfigurationSwitch.xml (RunModel)" time="0.031" />
  <testcase classname="ptolemy.util.test.junit.AutoTests" name="[80] /home/travis/build/icyphy/ptII/ptolemy/actor/lib/test/auto/ConfigurationSwitch2.xml (RunModel)" time="0.022" />
  <testcase classname="ptolemy.util.test.junit.AutoTests" name="[81] /home/travis/build/icyphy/ptII/ptolemy/actor/lib/test/auto/ConfigurationSwitchCloningBugWithClassRelationGroup.xml (RunModel)" time="0.027" />
  <testcase classname="ptolemy.util.test.junit.AutoTests" name="[82] /home/travis/build/icyphy/ptII/ptolemy/actor/lib/test/auto/ConfigurationSwitchSelectSDF.xml (RunModel)" time="0.015" />
  <testcase classname="ptolemy.util.test.junit.AutoTests" name="[83] /home/travis/build/icyphy/ptII/ptolemy/actor/lib/test/auto/ConfigurationSwitchSelectSDF2.xml (RunModel)" time="0.015" />
  <testcase classname="ptolemy.util.test.junit.AutoTests" name="[84] /home/travis/build/icyphy/ptII/ptolemy/actor/lib/test/auto/Const.xml (RunModel)" time="0.008" />
  <testcase classname="ptolemy.util.test.junit.AutoTests" name="[85] /home/travis/build/icyphy/ptII/ptolemy/actor/lib/test/auto/Const2.xml (RunModel)" time="0.018" />
  <testcase classname="ptolemy.util.test.junit.AutoTests" name="[86] /home/travis/build/icyphy/ptII/ptolemy/actor/lib/test/auto/Const3.xml (RunModel)" time="0.007" />
  <testcase classname="ptolemy.util.test.junit.AutoTests" name="[87] /home/travis/build/icyphy/ptII/ptolemy/actor/lib/test/auto/ConstantPublisherPort1.xml (RunModel)" time="0.023" />
  <testcase classname="ptolemy.util.test.junit.AutoTests" name="[88] /home/travis/build/icyphy/ptII/ptolemy/actor/lib/test/auto/ConstantPublisherPort2.xml (RunModel)" time="0.021" />
  <testcase classname="ptolemy.util.test.junit.AutoTests" name="[89] /home/travis/build/icyphy/ptII/ptolemy/actor/lib/test/auto/ConstantPublisherPort3.xml (RunModel)" time="0.032" />
  <testcase classname="ptolemy.util.test.junit.AutoTests" name="[90] /home/travis/build/icyphy/ptII/ptolemy/actor/lib/test/auto/ConstantPublisherPort4.xml (RunModel)" time="0.025" />
  <testcase classname="ptolemy.util.test.junit.AutoTests" name="[91] /home/travis/build/icyphy/ptII/ptolemy/actor/lib/test/auto/ConstantPublisherPort5.xml (RunModel)" time="0.053" />
  <testcase classname="ptolemy.util.test.junit.AutoTests" name="[92] /home/travis/build/icyphy/ptII/ptolemy/actor/lib/test/auto/ConstantPublisherPort6.xml (RunModel)" time="0.046" />
  <testcase classname="ptolemy.util.test.junit.AutoTests" name="[93] /home/travis/build/icyphy/ptII/ptolemy/actor/lib/test/auto/ConstantPublisherPort7.xml (RunModel)" time="0.037" />
  <testcase classname="ptolemy.util.test.junit.AutoTests" name="[94] /home/travis/build/icyphy/ptII/ptolemy/actor/lib/test/auto/ConstraintMonitor1.xml (RunModel)" time="0.04" />
  <testcase classname="ptolemy.util.test.junit.AutoTests" name="[95] /home/travis/build/icyphy/ptII/ptolemy/actor/lib/test/auto/ConstraintMonitor2.xml (RunModel)" time="0.011" />
  <testcase classname="ptolemy.util.test.junit.AutoTests" name="[96] /home/travis/build/icyphy/ptII/ptolemy/actor/lib/test/auto/ConstraintMonitor3.xml (RunModel)" time="0.019" />
  <testcase classname="ptolemy.util.test.junit.AutoTests" name="[97] /home/travis/build/icyphy/ptII/ptolemy/actor/lib/test/auto/ConstraintMonitor4.xml (RunModel)" time="0.018" />
  <testcase classname="ptolemy.util.test.junit.AutoTests" name="[98] /home/travis/build/icyphy/ptII/ptolemy/actor/lib/test/auto/ConstraintMonitor5.xml (RunModel)" time="0.013" />
  <testcase classname="ptolemy.util.test.junit.AutoTests" name="[99] /home/travis/build/icyphy/ptII/ptolemy/actor/lib/test/auto/ConstraintMonitor6.xml (RunModel)" time="0.016" />
  <testcase classname="ptolemy.util.test.junit.AutoTests" name="[100] /home/travis/build/icyphy/ptII/ptolemy/actor/lib/test/auto/ConstraintMonitor7.xml (RunModel)" time="0.029" />
  <testcase classname="ptolemy.util.test.junit.AutoTests" name="[101] /home/travis/build/icyphy/ptII/ptolemy/actor/lib/test/auto/ConstraintMonitor8.xml (RunModel)" time="0.02" />
  <testcase classname="ptolemy.util.test.junit.AutoTests" name="[102] /home/travis/build/icyphy/ptII/ptolemy/actor/lib/test/auto/Counter.xml (RunModel)" time="0.018" />
  <testcase classname="ptolemy.util.test.junit.AutoTests" name="[103] /home/travis/build/icyphy/ptII/ptolemy/actor/lib/test/auto/CurrentTimeSDF.xml (RunModel)" time="0.01" />
  <testcase classname="ptolemy.util.test.junit.AutoTests" name="[104] /home/travis/build/icyphy/ptII/ptolemy/actor/lib/test/auto/DB.xml (RunModel)" time="0.017" />
  <testcase classname="ptolemy.util.test.junit.AutoTests" name="[105] /home/travis/build/icyphy/ptII/ptolemy/actor/lib/test/auto/DBDE.xml (RunModel)" time="0.03" />
  <testcase classname="ptolemy.util.test.junit.AutoTests" name="[106] /home/travis/build/icyphy/ptII/ptolemy/actor/lib/test/auto/DateConstructor.xml (RunModel)" time="0.084" />
  <testcase classname="ptolemy.util.test.junit.AutoTests" name="[107] /home/travis/build/icyphy/ptII/ptolemy/actor/lib/test/auto/DelayTime.xml (RunModel)" time="0.024" />
  <testcase classname="ptolemy.util.test.junit.AutoTests" name="[108] /home/travis/build/icyphy/ptII/ptolemy/actor/lib/test/auto/Dictionary1.xml (RunModel)" time="0.023" />
  <testcase classname="ptolemy.util.test.junit.AutoTests" name="[109] /home/travis/build/icyphy/ptII/ptolemy/actor/lib/test/auto/Dictionary2.xml (RunModel)" time="0.031" />
  <testcase classname="ptolemy.util.test.junit.AutoTests" name="[110] /home/travis/build/icyphy/ptII/ptolemy/actor/lib/test/auto/Dictionary3.xml (RunModel)" time="0.024" />
  <testcase classname="ptolemy.util.test.junit.AutoTests" name="[111] /home/travis/build/icyphy/ptII/ptolemy/actor/lib/test/auto/Dictionary4.xml (RunModel)" time="0.023" />
  <testcase classname="ptolemy.util.test.junit.AutoTests" name="[112] /home/travis/build/icyphy/ptII/ptolemy/actor/lib/test/auto/Differential.xml (RunModel)" time="0.022" />
  <testcase classname="ptolemy.util.test.junit.AutoTests" name="[113] /home/travis/build/icyphy/ptII/ptolemy/actor/lib/test/auto/Director.xml (RunModel)" time="0.014" />
  <testcase classname="ptolemy.util.test.junit.AutoTests" name="[114] /home/travis/build/icyphy/ptII/ptolemy/actor/lib/test/auto/DiscreteClock.xml (RunModel)" time="0.012" />
  <testcase classname="ptolemy.util.test.junit.AutoTests" name="[115] /home/travis/build/icyphy/ptII/ptolemy/actor/lib/test/auto/DiscreteClock10.xml (RunModel)" time="0.014" />
  <testcase classname="ptolemy.util.test.junit.AutoTests" name="[116] /home/travis/build/icyphy/ptII/ptolemy/actor/lib/test/auto/DiscreteClock11.xml (RunModel)" time="0.02" />
  <testcase classname="ptolemy.util.test.junit.AutoTests" name="[117] /home/travis/build/icyphy/ptII/ptolemy/actor/lib/test/auto/DiscreteClock12.xml (RunModel)" time="0.016" />
  <testcase classname="ptolemy.util.test.junit.AutoTests" name="[118] /home/travis/build/icyphy/ptII/ptolemy/actor/lib/test/auto/DiscreteClock13.xml (RunModel)" time="0.017" />
  <testcase classname="ptolemy.util.test.junit.AutoTests" name="[119] /home/travis/build/icyphy/ptII/ptolemy/actor/lib/test/auto/DiscreteClock14.xml (RunModel)" time="0.016" />
  <testcase classname="ptolemy.util.test.junit.AutoTests" name="[120] /home/travis/build/icyphy/ptII/ptolemy/actor/lib/test/auto/DiscreteClock15.xml (RunModel)" time="0.016" />
  <testcase classname="ptolemy.util.test.junit.AutoTests" name="[121] /home/travis/build/icyphy/ptII/ptolemy/actor/lib/test/auto/DiscreteClock16.xml (RunModel)" time="0.047" />
  <testcase classname="ptolemy.util.test.junit.AutoTests" name="[122] /home/travis/build/icyphy/ptII/ptolemy/actor/lib/test/auto/DiscreteClock17.xml (RunModel)" time="0.044" />
  <testcase classname="ptolemy.util.test.junit.AutoTests" name="[123] /home/travis/build/icyphy/ptII/ptolemy/actor/lib/test/auto/DiscreteClock18.xml (RunModel)" time="0.046" />
  <testcase classname="ptolemy.util.test.junit.AutoTests" name="[124] /home/travis/build/icyphy/ptII/ptolemy/actor/lib/test/auto/DiscreteClock19.xml (RunModel)" time="0.057" />
  <testcase classname="ptolemy.util.test.junit.AutoTests" name="[125] /home/travis/build/icyphy/ptII/ptolemy/actor/lib/test/auto/DiscreteClock2.xml (RunModel)" time="0.017" />
  <testcase classname="ptolemy.util.test.junit.AutoTests" name="[126] /home/travis/build/icyphy/ptII/ptolemy/actor/lib/test/auto/DiscreteClock20.xml (RunModel)" time="0.023" />
  <testcase classname="ptolemy.util.test.junit.AutoTests" name="[127] /home/travis/build/icyphy/ptII/ptolemy/actor/lib/test/auto/DiscreteClock21.xml (RunModel)" time="0.02" />
  <testcase classname="ptolemy.util.test.junit.AutoTests" name="[128] /home/travis/build/icyphy/ptII/ptolemy/actor/lib/test/auto/DiscreteClock22.xml (RunModel)" time="0.018" />
  <testcase classname="ptolemy.util.test.junit.AutoTests" name="[129] /home/travis/build/icyphy/ptII/ptolemy/actor/lib/test/auto/DiscreteClock23.xml (RunModel)" time="0.02" />
  <testcase classname="ptolemy.util.test.junit.AutoTests" name="[130] /home/travis/build/icyphy/ptII/ptolemy/actor/lib/test/auto/DiscreteClock24.xml (RunModel)" time="0.018" />
  <testcase classname="ptolemy.util.test.junit.AutoTests" name="[131] /home/travis/build/icyphy/ptII/ptolemy/actor/lib/test/auto/DiscreteClock4.xml (RunModel)" time="0.017" />
  <testcase classname="ptolemy.util.test.junit.AutoTests" name="[132] /home/travis/build/icyphy/ptII/ptolemy/actor/lib/test/auto/DiscreteClock5.xml (RunModel)" time="0.014" />
  <testcase classname="ptolemy.util.test.junit.AutoTests" name="[133] /home/travis/build/icyphy/ptII/ptolemy/actor/lib/test/auto/DiscreteClock6.xml (RunModel)" time="0.014" />
  <testcase classname="ptolemy.util.test.junit.AutoTests" name="[134] /home/travis/build/icyphy/ptII/ptolemy/actor/lib/test/auto/DiscreteClock7.xml (RunModel)" time="0.014" />
  <testcase classname="ptolemy.util.test.junit.AutoTests" name="[135] /home/travis/build/icyphy/ptII/ptolemy/actor/lib/test/auto/DiscreteClock8.xml (RunModel)" time="0.033" />
  <testcase classname="ptolemy.util.test.junit.AutoTests" name="[136] /home/travis/build/icyphy/ptII/ptolemy/actor/lib/test/auto/DiscreteClock9.xml (RunModel)" time="0.017" />
  <testcase classname="ptolemy.util.test.junit.AutoTests" name="[137] /home/travis/build/icyphy/ptII/ptolemy/actor/lib/test/auto/DisplayArray.xml (RunModel)" time="0.014" />
  <testcase classname="ptolemy.util.test.junit.AutoTests" name="[138] /home/travis/build/icyphy/ptII/ptolemy/actor/lib/test/auto/Distributor.xml (RunModel)" time="0.012" />
  <testcase classname="ptolemy.util.test.junit.AutoTests" name="[139] /home/travis/build/icyphy/ptII/ptolemy/actor/lib/test/auto/Distributor2.xml (RunModel)" time="0.016" />
  <testcase classname="ptolemy.util.test.junit.AutoTests" name="[140] /home/travis/build/icyphy/ptII/ptolemy/actor/lib/test/auto/DownSample.xml (RunModel)" time="0.037" />
  <testcase classname="ptolemy.util.test.junit.AutoTests" name="[141] /home/travis/build/icyphy/ptII/ptolemy/actor/lib/test/auto/ElectronicUnitBase1.xml (RunModel)" time="0.088" />
  <testcase classname="ptolemy.util.test.junit.AutoTests" name="[142] /home/travis/build/icyphy/ptII/ptolemy/actor/lib/test/auto/ElementsToArray.xml (RunModel)" time="0.013" />
  <testcase classname="ptolemy.util.test.junit.AutoTests" name="[143] /home/travis/build/icyphy/ptII/ptolemy/actor/lib/test/auto/Equals.xml (RunModel)" time="0.021" />
  <testcase classname="ptolemy.util.test.junit.AutoTests" name="[144] /home/travis/build/icyphy/ptII/ptolemy/actor/lib/test/auto/Exec.xml (RunModel)" time="0.035" />
  <testcase classname="ptolemy.util.test.junit.AutoTests" name="[145] /home/travis/build/icyphy/ptII/ptolemy/actor/lib/test/auto/ExecEnvironment.xml (RunModel)" time="0.043" />
  <testcase classname="ptolemy.util.test.junit.AutoTests" name="[146] /home/travis/build/icyphy/ptII/ptolemy/actor/lib/test/auto/ExecNonZeroReturnOutput.xml (RunModel)" time="0.216" />
  <testcase classname="ptolemy.util.test.junit.AutoTests" name="[147] /home/travis/build/icyphy/ptII/ptolemy/actor/lib/test/auto/ExecRunDemos.xml (RunModel)" time="11.585" />
  <testcase classname="ptolemy.util.test.junit.AutoTests" name="[148] /home/travis/build/icyphy/ptII/ptolemy/actor/lib/test/auto/ExecStop.xml (RunModel)" time="5.046" />
  <testcase classname="ptolemy.util.test.junit.AutoTests" name="[149] /home/travis/build/icyphy/ptII/ptolemy/actor/lib/test/auto/ExecutionTimeSDF.xml (RunModel)" time="6.043" />
  <testcase classname="ptolemy.util.test.junit.AutoTests" name="[150] /home/travis/build/icyphy/ptII/ptolemy/actor/lib/test/auto/Expression1.xml (RunModel)" time="0.018" />
  <testcase classname="ptolemy.util.test.junit.AutoTests" name="[151] /home/travis/build/icyphy/ptII/ptolemy/actor/lib/test/auto/Expression10.xml (RunModel)" time="0.023" />
  <testcase classname="ptolemy.util.test.junit.AutoTests" name="[152] /home/travis/build/icyphy/ptII/ptolemy/actor/lib/test/auto/Expression11.xml (RunModel)" time="0.014" />
  <testcase classname="ptolemy.util.test.junit.AutoTests" name="[153] /home/travis/build/icyphy/ptII/ptolemy/actor/lib/test/auto/Expression12.xml (RunModel)" time="0.024" />
  <testcase classname="ptolemy.util.test.junit.AutoTests" name="[154] /home/travis/build/icyphy/ptII/ptolemy/actor/lib/test/auto/Expression13.xml (RunModel)" time="0.015" />
  <testcase classname="ptolemy.util.test.junit.AutoTests" name="[155] /home/travis/build/icyphy/ptII/ptolemy/actor/lib/test/auto/Expression14.xml (RunModel)" time="0.026" />
  <testcase classname="ptolemy.util.test.junit.AutoTests" name="[156] /home/travis/build/icyphy/ptII/ptolemy/actor/lib/test/auto/Expression15.xml (RunModel)" time="0.012" />
  <testcase classname="ptolemy.util.test.junit.AutoTests" name="[157] /home/travis/build/icyphy/ptII/ptolemy/actor/lib/test/auto/Expression16.xml (RunModel)" time="0.016" />
  <testcase classname="ptolemy.util.test.junit.AutoTests" name="[158] /home/travis/build/icyphy/ptII/ptolemy/actor/lib/test/auto/Expression17.xml (RunModel)" time="0.014" />
  <testcase classname="ptolemy.util.test.junit.AutoTests" name="[159] /home/travis/build/icyphy/ptII/ptolemy/actor/lib/test/auto/Expression18.xml (RunModel)" time="0.014" />
  <testcase classname="ptolemy.util.test.junit.AutoTests" name="[160] /home/travis/build/icyphy/ptII/ptolemy/actor/lib/test/auto/Expression2.xml (RunModel)" time="0.016" />
  <testcase classname="ptolemy.util.test.junit.AutoTests" name="[161] /home/travis/build/icyphy/ptII/ptolemy/actor/lib/test/auto/Expression3.xml (RunModel)" time="0.018" />
  <testcase classname="ptolemy.util.test.junit.AutoTests" name="[162] /home/travis/build/icyphy/ptII/ptolemy/actor/lib/test/auto/Expression4.xml (RunModel)" time="0.025" />
  <testcase classname="ptolemy.util.test.junit.AutoTests" name="[163] /home/travis/build/icyphy/ptII/ptolemy/actor/lib/test/auto/Expression5.xml (RunModel)" time="0.015" />
  <testcase classname="ptolemy.util.test.junit.AutoTests" name="[164] /home/travis/build/icyphy/ptII/ptolemy/actor/lib/test/auto/Expression6.xml (RunModel)" time="0.011" />
  <testcase classname="ptolemy.util.test.junit.AutoTests" name="[165] /home/travis/build/icyphy/ptII/ptolemy/actor/lib/test/auto/Expression7.xml (RunModel)" time="0.016" />
  <testcase classname="ptolemy.util.test.junit.AutoTests" name="[166] /home/travis/build/icyphy/ptII/ptolemy/actor/lib/test/auto/Expression8.xml (RunModel)" time="0.019" />
  <testcase classname="ptolemy.util.test.junit.AutoTests" name="[167] /home/travis/build/icyphy/ptII/ptolemy/actor/lib/test/auto/Expression9.xml (RunModel)" time="0.01" />
  <testcase classname="ptolemy.util.test.junit.AutoTests" name="[168] /home/travis/build/icyphy/ptII/ptolemy/actor/lib/test/auto/ExpressionConcatenateArrayType.xml (RunModel)" time="0.035" />
  <testcase classname="ptolemy.util.test.junit.AutoTests" name="[169] /home/travis/build/icyphy/ptII/ptolemy/actor/lib/test/auto/ExpressionConcatenateArrayType2.xml (RunModel)" time="0.025" />
  <testcase classname="ptolemy.util.test.junit.AutoTests" name="[170] /home/travis/build/icyphy/ptII/ptolemy/actor/lib/test/auto/ExpressionFix.xml (RunModel)" time="0.048" />
  <testcase classname="ptolemy.util.test.junit.AutoTests" name="[171] /home/travis/build/icyphy/ptII/ptolemy/actor/lib/test/auto/ExpressionFix2.xml (RunModel)" time="0.016" />
  <testcase classname="ptolemy.util.test.junit.AutoTests" name="[172] /home/travis/build/icyphy/ptII/ptolemy/actor/lib/test/auto/ExpressionFix3.xml (RunModel)" time="0.015" />
  <testcase classname="ptolemy.util.test.junit.AutoTests" name="[173] /home/travis/build/icyphy/ptII/ptolemy/actor/lib/test/auto/FileWriter1.xml (RunModel)" time="0.011" />
  <testcase classname="ptolemy.util.test.junit.AutoTests" name="[174] /home/travis/build/icyphy/ptII/ptolemy/actor/lib/test/auto/FileWriter2.xml (RunModel)" time="0.017" />
  <testcase classname="ptolemy.util.test.junit.AutoTests" name="[175] /home/travis/build/icyphy/ptII/ptolemy/actor/lib/test/auto/FileWriter3.xml (RunModel)" time="0.016" />
  <testcase classname="ptolemy.util.test.junit.AutoTests" name="[176] /home/travis/build/icyphy/ptII/ptolemy/actor/lib/test/auto/Gaussian.xml (RunModel)" time="0.02" />
  <testcase classname="ptolemy.util.test.junit.AutoTests" name="[177] /home/travis/build/icyphy/ptII/ptolemy/actor/lib/test/auto/Gaussian1.xml (RunModel)" time="0.026" />
  <testcase classname="ptolemy.util.test.junit.AutoTests" name="[178] /home/travis/build/icyphy/ptII/ptolemy/actor/lib/test/auto/Gaussian2.xml (RunModel)" time="0.024" />
  <testcase classname="ptolemy.util.test.junit.AutoTests" name="[179] /home/travis/build/icyphy/ptII/ptolemy/actor/lib/test/auto/GradientAdaptiveLattice.xml (RunModel)" time="0.022" />
  <testcase classname="ptolemy.util.test.junit.AutoTests" name="[180] /home/travis/build/icyphy/ptII/ptolemy/actor/lib/test/auto/IIR.xml (RunModel)" time="0.013" />
  <testcase classname="ptolemy.util.test.junit.AutoTests" name="[181] /home/travis/build/icyphy/ptII/ptolemy/actor/lib/test/auto/InputOutputTransparentPorts.xml (RunModel)" time="0.021" />
  <testcase classname="ptolemy.util.test.junit.AutoTests" name="[182] /home/travis/build/icyphy/ptII/ptolemy/actor/lib/test/auto/Interpolator.xml (RunModel)" time="0.032" />
  <testcase classname="ptolemy.util.test.junit.AutoTests" name="[183] /home/travis/build/icyphy/ptII/ptolemy/actor/lib/test/auto/InterpolatorFiringLimitDE.xml (RunModel)" time="0.016" />
  <testcase classname="ptolemy.util.test.junit.AutoTests" name="[184] /home/travis/build/icyphy/ptII/ptolemy/actor/lib/test/auto/Lattice.xml (RunModel)" time="0.011" />
  <testcase classname="ptolemy.util.test.junit.AutoTests" name="[185] /home/travis/build/icyphy/ptII/ptolemy/actor/lib/test/auto/LazyAOCTestLazy.xml (RunModel)" time="0.046" />
  <testcase classname="ptolemy.util.test.junit.AutoTests" name="[186] /home/travis/build/icyphy/ptII/ptolemy/actor/lib/test/auto/LazyAOCTestNonLazy.xml (RunModel)" time="0.042" />
  <testcase classname="ptolemy.util.test.junit.AutoTests" name="[187] /home/travis/build/icyphy/ptII/ptolemy/actor/lib/test/auto/LazyInnerClass.xml (RunModel)" time="0.066" />
  <testcase classname="ptolemy.util.test.junit.AutoTests" name="[188] /home/travis/build/icyphy/ptII/ptolemy/actor/lib/test/auto/LazyPubSub.xml (RunModel)" time="0.08" />
  <testcase classname="ptolemy.util.test.junit.AutoTests" name="[189] /home/travis/build/icyphy/ptII/ptolemy/actor/lib/test/auto/LazyPubSub2.xml (RunModel)" time="0.046" />
  <testcase classname="ptolemy.util.test.junit.AutoTests" name="[190] /home/travis/build/icyphy/ptII/ptolemy/actor/lib/test/auto/LazyPubSub3.xml (RunModel)" time="0.036" />
  <testcase classname="ptolemy.util.test.junit.AutoTests" name="[191] /home/travis/build/icyphy/ptII/ptolemy/actor/lib/test/auto/LazySubClassModel.xml (RunModel)" time="0.027" />
  <testcase classname="ptolemy.util.test.junit.AutoTests" name="[192] /home/travis/build/icyphy/ptII/ptolemy/actor/lib/test/auto/LevelCrossTest1.xml (RunModel)" time="0.014" />
  <testcase classname="ptolemy.util.test.junit.AutoTests" name="[193] /home/travis/build/icyphy/ptII/ptolemy/actor/lib/test/auto/LevelCrossTest10.xml (RunModel)" time="0.019" />
  <testcase classname="ptolemy.util.test.junit.AutoTests" name="[194] /home/travis/build/icyphy/ptII/ptolemy/actor/lib/test/auto/LevelCrossTest11.xml (RunModel)" time="0.024" />
  <testcase classname="ptolemy.util.test.junit.AutoTests" name="[195] /home/travis/build/icyphy/ptII/ptolemy/actor/lib/test/auto/LevelCrossTest12.xml (RunModel)" time="0.024" />
  <testcase classname="ptolemy.util.test.junit.AutoTests" name="[196] /home/travis/build/icyphy/ptII/ptolemy/actor/lib/test/auto/LevelCrossTest13.xml (RunModel)" time="0.017" />
  <testcase classname="ptolemy.util.test.junit.AutoTests" name="[197] /home/travis/build/icyphy/ptII/ptolemy/actor/lib/test/auto/LevelCrossTest2.xml (RunModel)" time="0.013" />
  <testcase classname="ptolemy.util.test.junit.AutoTests" name="[198] /home/travis/build/icyphy/ptII/ptolemy/actor/lib/test/auto/LevelCrossTest3.xml (RunModel)" time="0.017" />
  <testcase classname="ptolemy.util.test.junit.AutoTests" name="[199] /home/travis/build/icyphy/ptII/ptolemy/actor/lib/test/auto/LevelCrossTest4.xml (RunModel)" time="0.014" />
  <testcase classname="ptolemy.util.test.junit.AutoTests" name="[200] /home/travis/build/icyphy/ptII/ptolemy/actor/lib/test/auto/LevelCrossTest5.xml (RunModel)" time="0.016" />
  <testcase classname="ptolemy.util.test.junit.AutoTests" name="[201] /home/travis/build/icyphy/ptII/ptolemy/actor/lib/test/auto/LevelCrossTest6.xml (RunModel)" time="0.018" />
  <testcase classname="ptolemy.util.test.junit.AutoTests" name="[202] /home/travis/build/icyphy/ptII/ptolemy/actor/lib/test/auto/LevelCrossTest7.xml (RunModel)" time="0.025" />
  <testcase classname="ptolemy.util.test.junit.AutoTests" name="[203] /home/travis/build/icyphy/ptII/ptolemy/actor/lib/test/auto/LevelCrossTest8.xml (RunModel)" time="0.018" />
  <testcase classname="ptolemy.util.test.junit.AutoTests" name="[204] /home/travis/build/icyphy/ptII/ptolemy/actor/lib/test/auto/LevelCrossTest9.xml (RunModel)" time="0.019" />
  <testcase classname="ptolemy.util.test.junit.AutoTests" name="[205] /home/travis/build/icyphy/ptII/ptolemy/actor/lib/test/auto/LevinsonDurbin.xml (RunModel)" time="0.014" />
  <testcase classname="ptolemy.util.test.junit.AutoTests" name="[206] /home/travis/build/icyphy/ptII/ptolemy/actor/lib/test/auto/LevinsonDurbin2.xml (RunModel)" time="0.013" />
  <testcase classname="ptolemy.util.test.junit.AutoTests" name="[207] /home/travis/build/icyphy/ptII/ptolemy/actor/lib/test/auto/LevinsonDurbin3.xml (RunModel)" time="0.017" />
  <testcase classname="ptolemy.util.test.junit.AutoTests" name="[208] /home/travis/build/icyphy/ptII/ptolemy/actor/lib/test/auto/Limiter.xml (RunModel)" time="0.043" />
  <testcase classname="ptolemy.util.test.junit.AutoTests" name="[209] /home/travis/build/icyphy/ptII/ptolemy/actor/lib/test/auto/LinearDifferenceEquationSystem.xml (RunModel)" time="0.035" />
  <testcase classname="ptolemy.util.test.junit.AutoTests" name="[210] /home/travis/build/icyphy/ptII/ptolemy/actor/lib/test/auto/LookupTable.xml (RunModel)" time="0.03" />
  <testcase classname="ptolemy.util.test.junit.AutoTests" name="[211] /home/travis/build/icyphy/ptII/ptolemy/actor/lib/test/auto/MathFunction.xml (RunModel)" time="0.022" />
  <testcase classname="ptolemy.util.test.junit.AutoTests" name="[212] /home/travis/build/icyphy/ptII/ptolemy/actor/lib/test/auto/MathFunction2.xml (RunModel)" time="0.018" />
  <testcase classname="ptolemy.util.test.junit.AutoTests" name="[213] /home/travis/build/icyphy/ptII/ptolemy/actor/lib/test/auto/MathFunction3.xml (RunModel)" time="0.022" />
  <testcase classname="ptolemy.util.test.junit.AutoTests" name="[214] /home/travis/build/icyphy/ptII/ptolemy/actor/lib/test/auto/MatrixCropBoolean.xml (RunModel)" time="0.017" />
  <testcase classname="ptolemy.util.test.junit.AutoTests" name="[215] /home/travis/build/icyphy/ptII/ptolemy/actor/lib/test/auto/MatrixCropComplex.xml (RunModel)" time="0.012" />
  <testcase classname="ptolemy.util.test.junit.AutoTests" name="[216] /home/travis/build/icyphy/ptII/ptolemy/actor/lib/test/auto/MatrixCropDouble.xml (RunModel)" time="0.015" />
  <testcase classname="ptolemy.util.test.junit.AutoTests" name="[217] /home/travis/build/icyphy/ptII/ptolemy/actor/lib/test/auto/MatrixCropFix.xml (RunModel)" time="0.017" />
  <testcase classname="ptolemy.util.test.junit.AutoTests" name="[218] /home/travis/build/icyphy/ptII/ptolemy/actor/lib/test/auto/MatrixCropInt.xml (RunModel)" time="0.013" />
  <testcase classname="ptolemy.util.test.junit.AutoTests" name="[219] /home/travis/build/icyphy/ptII/ptolemy/actor/lib/test/auto/MatrixCropLong.xml (RunModel)" time="0.011" />
  <testcase classname="ptolemy.util.test.junit.AutoTests" name="[220] /home/travis/build/icyphy/ptII/ptolemy/actor/lib/test/auto/MatrixToArray.xml (RunModel)" time="0.063" />
  <testcase classname="ptolemy.util.test.junit.AutoTests" name="[221] /home/travis/build/icyphy/ptII/ptolemy/actor/lib/test/auto/MaxIndex.xml (RunModel)" time="0.019" />
  <testcase classname="ptolemy.util.test.junit.AutoTests" name="[222] /home/travis/build/icyphy/ptII/ptolemy/actor/lib/test/auto/Maximum.xml (RunModel)" time="0.03" />
  <testcase classname="ptolemy.util.test.junit.AutoTests" name="[223] /home/travis/build/icyphy/ptII/ptolemy/actor/lib/test/auto/MaximumComplex.xml (RunModel)" time="0.021" />
  <testcase classname="ptolemy.util.test.junit.AutoTests" name="[224] /home/travis/build/icyphy/ptII/ptolemy/actor/lib/test/auto/MethodCallTest.xml (RunModel)" time="0.024" />
  <testcase classname="ptolemy.util.test.junit.AutoTests" name="[225] /home/travis/build/icyphy/ptII/ptolemy/actor/lib/test/auto/Minimum.xml (RunModel)" time="0.016" />
  <testcase classname="ptolemy.util.test.junit.AutoTests" name="[226] /home/travis/build/icyphy/ptII/ptolemy/actor/lib/test/auto/MinimumComplex.xml (RunModel)" time="0.03" />
  <testcase classname="ptolemy.util.test.junit.AutoTests" name="[227] /home/travis/build/icyphy/ptII/ptolemy/actor/lib/test/auto/MinimumMultiports.xml (RunModel)" time="0.026" />
  <testcase classname="ptolemy.util.test.junit.AutoTests" name="[228] /home/travis/build/icyphy/ptII/ptolemy/actor/lib/test/auto/ModifyDate.xml (RunModel)" time="0.049" />
  <testcase classname="ptolemy.util.test.junit.AutoTests" name="[229] /home/travis/build/icyphy/ptII/ptolemy/actor/lib/test/auto/ModifyDate2.xml (RunModel)" time="0.03" />
  <testcase classname="ptolemy.util.test.junit.AutoTests" name="[230] /home/travis/build/icyphy/ptII/ptolemy/actor/lib/test/auto/MovingAverage.xml (RunModel)" time="0.016" />
  <testcase classname="ptolemy.util.test.junit.AutoTests" name="[231] /home/travis/build/icyphy/ptII/ptolemy/actor/lib/test/auto/MovingMaximum.xml (RunModel)" time="0.013" />
  <testcase classname="ptolemy.util.test.junit.AutoTests" name="[232] /home/travis/build/icyphy/ptII/ptolemy/actor/lib/test/auto/MultipleLinksToSameRelation.xml (RunModel)" time="0.017" />
  <testcase classname="ptolemy.util.test.junit.AutoTests" name="[233] /home/travis/build/icyphy/ptII/ptolemy/actor/lib/test/auto/MultipleLinksToSameRelationDE.xml (RunModel)" time="0.02" />
  <testcase classname="ptolemy.util.test.junit.AutoTests" name="[234] /home/travis/build/icyphy/ptII/ptolemy/actor/lib/test/auto/Multiplexor.xml (RunModel)" time="0.014" />
  <testcase classname="ptolemy.util.test.junit.AutoTests" name="[235] /home/travis/build/icyphy/ptII/ptolemy/actor/lib/test/auto/Multiplexor1.xml (RunModel)" time="0.017" />
  <testcase classname="ptolemy.util.test.junit.AutoTests" name="[236] /home/travis/build/icyphy/ptII/ptolemy/actor/lib/test/auto/Multiplexor2.xml (RunModel)" time="0.018" />
  <testcase classname="ptolemy.util.test.junit.AutoTests" name="[237] /home/travis/build/icyphy/ptII/ptolemy/actor/lib/test/auto/Multiplexor3.xml (RunModel)" time="0.011" />
  <testcase classname="ptolemy.util.test.junit.AutoTests" name="[238] /home/travis/build/icyphy/ptII/ptolemy/actor/lib/test/auto/MultiplexorDE.xml (RunModel)" time="0.017" />
  <testcase classname="ptolemy.util.test.junit.AutoTests" name="[239] /home/travis/build/icyphy/ptII/ptolemy/actor/lib/test/auto/MultiportBroadcastTest.xml (RunModel)" time="0.11" />
  <testcase classname="ptolemy.util.test.junit.AutoTests" name="[240] /home/travis/build/icyphy/ptII/ptolemy/actor/lib/test/auto/MultiportOutHangDuringGetWidth.xml (RunModel)" time="0.046" />
  <testcase classname="ptolemy.util.test.junit.AutoTests" name="[241] /home/travis/build/icyphy/ptII/ptolemy/actor/lib/test/auto/NilToken.xml (RunModel)" time="0.012" />
  <testcase classname="ptolemy.util.test.junit.AutoTests" name="[242] /home/travis/build/icyphy/ptII/ptolemy/actor/lib/test/auto/NilTokenNonStrictTest.xml (RunModel)" time="0.019" />
  <testcase classname="ptolemy.util.test.junit.AutoTests" name="[243] /home/travis/build/icyphy/ptII/ptolemy/actor/lib/test/auto/NilTokenRecord.xml (RunModel)" time="0.028" />
  <testcase classname="ptolemy.util.test.junit.AutoTests" name="[244] /home/travis/build/icyphy/ptII/ptolemy/actor/lib/test/auto/NilTokenTypeTest.xml (RunModel)" time="0.029" />
  <testcase classname="ptolemy.util.test.junit.AutoTests" name="[245] /home/travis/build/icyphy/ptII/ptolemy/actor/lib/test/auto/ObjectToken1.xml (RunModel)" time="0.009" />
  <testcase classname="ptolemy.util.test.junit.AutoTests" name="[246] /home/travis/build/icyphy/ptII/ptolemy/actor/lib/test/auto/OrderedMerge.xml (RunModel)" time="0.019" />
  <testcase classname="ptolemy.util.test.junit.AutoTests" name="[247] /home/travis/build/icyphy/ptII/ptolemy/actor/lib/test/auto/OrderedRecordDisassembler.xml (RunModel)" time="0.035" />
  <testcase classname="ptolemy.util.test.junit.AutoTests" name="[248] /home/travis/build/icyphy/ptII/ptolemy/actor/lib/test/auto/OrderedRecordDisassembler2.xml (RunModel)" time="0.026" />
  <testcase classname="ptolemy.util.test.junit.AutoTests" name="[249] /home/travis/build/icyphy/ptII/ptolemy/actor/lib/test/auto/OrderedRecordUpdater.xml (RunModel)" time="0.013" />
  <testcase classname="ptolemy.util.test.junit.AutoTests" name="[250] /home/travis/build/icyphy/ptII/ptolemy/actor/lib/test/auto/OrderedRecordUpdater2.xml (RunModel)" time="0.024" />
  <testcase classname="ptolemy.util.test.junit.AutoTests" name="[251] /home/travis/build/icyphy/ptII/ptolemy/actor/lib/test/auto/PhaseUnwrap.xml (RunModel)" time="0.016" />
  <testcase classname="ptolemy.util.test.junit.AutoTests" name="[252] /home/travis/build/icyphy/ptII/ptolemy/actor/lib/test/auto/PoissonClock.xml (RunModel)" time="0.014" />
  <testcase classname="ptolemy.util.test.junit.AutoTests" name="[253] /home/travis/build/icyphy/ptII/ptolemy/actor/lib/test/auto/PoissonClock2.xml (RunModel)" time="0.009" />
  <testcase classname="ptolemy.util.test.junit.AutoTests" name="[254] /home/travis/build/icyphy/ptII/ptolemy/actor/lib/test/auto/PoissonClock3.xml (RunModel)" time="0.019" />
  <testcase classname="ptolemy.util.test.junit.AutoTests" name="[255] /home/travis/build/icyphy/ptII/ptolemy/actor/lib/test/auto/PubSubWithInitialTokens.xml (RunModel)" time="0.015" />
  <testcase classname="ptolemy.util.test.junit.AutoTests" name="[256] /home/travis/build/icyphy/ptII/ptolemy/actor/lib/test/auto/PubSubWithInitialTokens2.xml (RunModel)" time="0.012" />
  <testcase classname="ptolemy.util.test.junit.AutoTests" name="[257] /home/travis/build/icyphy/ptII/ptolemy/actor/lib/test/auto/PublisherClassNoParameter.xml (RunModel)" time="0.021" />
  <testcase classname="ptolemy.util.test.junit.AutoTests" name="[258] /home/travis/build/icyphy/ptII/ptolemy/actor/lib/test/auto/PublisherClassParameter.xml (RunModel)" time="0.021" />
  <testcase classname="ptolemy.util.test.junit.AutoTests" name="[259] /home/travis/build/icyphy/ptII/ptolemy/actor/lib/test/auto/PublisherNonStrictTest.xml (RunModel)" time="0.019" />
  <testcase classname="ptolemy.util.test.junit.AutoTests" name="[260] /home/travis/build/icyphy/ptII/ptolemy/actor/lib/test/auto/PublisherPort1.xml (RunModel)" time="0.012" />
  <testcase classname="ptolemy.util.test.junit.AutoTests" name="[261] /home/travis/build/icyphy/ptII/ptolemy/actor/lib/test/auto/PublisherPort2.xml (RunModel)" time="0.01" />
  <testcase classname="ptolemy.util.test.junit.AutoTests" name="[262] /home/travis/build/icyphy/ptII/ptolemy/actor/lib/test/auto/PublisherPort3.xml (RunModel)" time="0.025" />
  <testcase classname="ptolemy.util.test.junit.AutoTests" name="[263] /home/travis/build/icyphy/ptII/ptolemy/actor/lib/test/auto/PublisherPort4.xml (RunModel)" time="0.016" />
  <testcase classname="ptolemy.util.test.junit.AutoTests" name="[264] /home/travis/build/icyphy/ptII/ptolemy/actor/lib/test/auto/PublisherPort5.xml (RunModel)" time="0.019" />
  <testcase classname="ptolemy.util.test.junit.AutoTests" name="[265] /home/travis/build/icyphy/ptII/ptolemy/actor/lib/test/auto/PublisherPort5LookAlike.xml (RunModel)" time="0.022" />
  <testcase classname="ptolemy.util.test.junit.AutoTests" name="[266] /home/travis/build/icyphy/ptII/ptolemy/actor/lib/test/auto/PublisherPort6.xml (RunModel)" time="0.014" />
  <testcase classname="ptolemy.util.test.junit.AutoTests" name="[267] /home/travis/build/icyphy/ptII/ptolemy/actor/lib/test/auto/PublisherPort7.xml (RunModel)" time="0.018" />
  <testcase classname="ptolemy.util.test.junit.AutoTests" name="[268] /home/travis/build/icyphy/ptII/ptolemy/actor/lib/test/auto/PublisherPort8.xml (RunModel)" time="0.019" />
  <testcase classname="ptolemy.util.test.junit.AutoTests" name="[269] /home/travis/build/icyphy/ptII/ptolemy/actor/lib/test/auto/PublisherPortSubscriberChannelVariablesAOC2.xml (RunModel)" time="0.047" />
  <testcase classname="ptolemy.util.test.junit.AutoTests" name="[270] /home/travis/build/icyphy/ptII/ptolemy/actor/lib/test/auto/PublisherPortSubscriberOpaqueWidthInference.xml (RunModel)" time="0.018" />
  <testcase classname="ptolemy.util.test.junit.AutoTests" name="[271] /home/travis/build/icyphy/ptII/ptolemy/actor/lib/test/auto/PublisherPortSubscriberPortAdjacent.xml (RunModel)" time="0.024" />
  <testcase classname="ptolemy.util.test.junit.AutoTests" name="[272] /home/travis/build/icyphy/ptII/ptolemy/actor/lib/test/auto/PublisherPortSubscriberPortExpression.xml (RunModel)" time="0.019" />
  <testcase classname="ptolemy.util.test.junit.AutoTests" name="[273] /home/travis/build/icyphy/ptII/ptolemy/actor/lib/test/auto/PublisherPortSubscriberPortOpaqueD3Reverse.xml (RunModel)" time="0.022" />
  <testcase classname="ptolemy.util.test.junit.AutoTests" name="[274] /home/travis/build/icyphy/ptII/ptolemy/actor/lib/test/auto/PublisherPortSubscriberPortOpaqueWidthInference.xml (RunModel)" time="0.02" />
  <testcase classname="ptolemy.util.test.junit.AutoTests" name="[275] /home/travis/build/icyphy/ptII/ptolemy/actor/lib/test/auto/PublisherPortToplevelSubscriberPortAOC.xml (RunModel)" time="0.011" />
  <testcase classname="ptolemy.util.test.junit.AutoTests" name="[276] /home/travis/build/icyphy/ptII/ptolemy/actor/lib/test/auto/PublisherSubscriber.xml (RunModel)" time="0.015" />
  <testcase classname="ptolemy.util.test.junit.AutoTests" name="[277] /home/travis/build/icyphy/ptII/ptolemy/actor/lib/test/auto/PublisherSubscriber10.xml (RunModel)" time="0.023" />
  <testcase classname="ptolemy.util.test.junit.AutoTests" name="[278] /home/travis/build/icyphy/ptII/ptolemy/actor/lib/test/auto/PublisherSubscriber10InitialOutputs.xml (RunModel)" time="0.037" />
  <testcase classname="ptolemy.util.test.junit.AutoTests" name="[279] /home/travis/build/icyphy/ptII/ptolemy/actor/lib/test/auto/PublisherSubscriber11.xml (RunModel)" time="0.023" />
  <testcase classname="ptolemy.util.test.junit.AutoTests" name="[280] /home/travis/build/icyphy/ptII/ptolemy/actor/lib/test/auto/PublisherSubscriber12.xml (RunModel)" time="0.023" />
  <testcase classname="ptolemy.util.test.junit.AutoTests" name="[281] /home/travis/build/icyphy/ptII/ptolemy/actor/lib/test/auto/PublisherSubscriber13.xml (RunModel)" time="0.011" />
  <testcase classname="ptolemy.util.test.junit.AutoTests" name="[282] /home/travis/build/icyphy/ptII/ptolemy/actor/lib/test/auto/PublisherSubscriber14.xml (RunModel)" time="0.023" />
  <testcase classname="ptolemy.util.test.junit.AutoTests" name="[283] /home/travis/build/icyphy/ptII/ptolemy/actor/lib/test/auto/PublisherSubscriber2.xml (RunModel)" time="0.011" />
  <testcase classname="ptolemy.util.test.junit.AutoTests" name="[284] /home/travis/build/icyphy/ptII/ptolemy/actor/lib/test/auto/PublisherSubscriber3.xml (RunModel)" time="0.011" />
  <testcase classname="ptolemy.util.test.junit.AutoTests" name="[285] /home/travis/build/icyphy/ptII/ptolemy/actor/lib/test/auto/PublisherSubscriber4.xml (RunModel)" time="0.01" />
  <testcase classname="ptolemy.util.test.junit.AutoTests" name="[286] /home/travis/build/icyphy/ptII/ptolemy/actor/lib/test/auto/PublisherSubscriber5.xml (RunModel)" time="0.014" />
  <testcase classname="ptolemy.util.test.junit.AutoTests" name="[287] /home/travis/build/icyphy/ptII/ptolemy/actor/lib/test/auto/PublisherSubscriber6.xml (RunModel)" time="0.019" />
  <testcase classname="ptolemy.util.test.junit.AutoTests" name="[288] /home/travis/build/icyphy/ptII/ptolemy/actor/lib/test/auto/PublisherSubscriber7.xml (RunModel)" time="0.023" />
  <testcase classname="ptolemy.util.test.junit.AutoTests" name="[289] /home/travis/build/icyphy/ptII/ptolemy/actor/lib/test/auto/PublisherSubscriber8.xml (RunModel)" time="0.046" />
  <testcase classname="ptolemy.util.test.junit.AutoTests" name="[290] /home/travis/build/icyphy/ptII/ptolemy/actor/lib/test/auto/PublisherSubscriber9.xml (RunModel)" time="0.021" />
  <testcase classname="ptolemy.util.test.junit.AutoTests" name="[291] /home/travis/build/icyphy/ptII/ptolemy/actor/lib/test/auto/PublisherSubscriberAdjacent.xml (RunModel)" time="0.018" />
  <testcase classname="ptolemy.util.test.junit.AutoTests" name="[292] /home/travis/build/icyphy/ptII/ptolemy/actor/lib/test/auto/PublisherSubscriberChannelVariablesAOC2.xml (RunModel)" time="0.034" />
  <testcase classname="ptolemy.util.test.junit.AutoTests" name="[293] /home/travis/build/icyphy/ptII/ptolemy/actor/lib/test/auto/PublisherSubscriberD3.xml (RunModel)" time="0.014" />
  <testcase classname="ptolemy.util.test.junit.AutoTests" name="[294] /home/travis/build/icyphy/ptII/ptolemy/actor/lib/test/auto/PublisherSubscriberD3Reverse.xml (RunModel)" time="0.013" />
  <testcase classname="ptolemy.util.test.junit.AutoTests" name="[295] /home/travis/build/icyphy/ptII/ptolemy/actor/lib/test/auto/PublisherSubscriberExpression.xml (RunModel)" time="0.019" />
  <testcase classname="ptolemy.util.test.junit.AutoTests" name="[296] /home/travis/build/icyphy/ptII/ptolemy/actor/lib/test/auto/PublisherSubscriberOpaque.xml (RunModel)" time="0.035" />
  <testcase classname="ptolemy.util.test.junit.AutoTests" name="[297] /home/travis/build/icyphy/ptII/ptolemy/actor/lib/test/auto/PublisherSubscriberOpaqueD3.xml (RunModel)" time="0.026" />
  <testcase classname="ptolemy.util.test.junit.AutoTests" name="[298] /home/travis/build/icyphy/ptII/ptolemy/actor/lib/test/auto/PublisherSubscriberOpaqueD3Reverse.xml (RunModel)" time="0.031" />
  <testcase classname="ptolemy.util.test.junit.AutoTests" name="[299] /home/travis/build/icyphy/ptII/ptolemy/actor/lib/test/auto/PublisherSubscriberOpaqueWidthInference.xml (RunModel)" time="0.027" />
  <testcase classname="ptolemy.util.test.junit.AutoTests" name="[300] /home/travis/build/icyphy/ptII/ptolemy/actor/lib/test/auto/PublisherTestSubscriber.xml (RunModel)" time="0.018" />
  <testcase classname="ptolemy.util.test.junit.AutoTests" name="[301] /home/travis/build/icyphy/ptII/ptolemy/actor/lib/test/auto/PublisherToplevelSubscriberPortAOC.xml (RunModel)" time="0.013" />
  <testcase classname="ptolemy.util.test.junit.AutoTests" name="[302] /home/travis/build/icyphy/ptII/ptolemy/actor/lib/test/auto/PulseFiringLimitDE.xml (RunModel)" time="0.016" />
  <testcase classname="ptolemy.util.test.junit.AutoTests" name="[303] /home/travis/build/icyphy/ptII/ptolemy/actor/lib/test/auto/Ramp1.xml (RunModel)" time="0.009" />
  <testcase classname="ptolemy.util.test.junit.AutoTests" name="[304] /home/travis/build/icyphy/ptII/ptolemy/actor/lib/test/auto/RampFiringLimitDE.xml (RunModel)" time="0.014" />
  <testcase classname="ptolemy.util.test.junit.AutoTests" name="[305] /home/travis/build/icyphy/ptII/ptolemy/actor/lib/test/auto/RampFiringLimitSDF.xml (RunModel)" time="0.013" />
  <testcase classname="ptolemy.util.test.junit.AutoTests" name="[306] /home/travis/build/icyphy/ptII/ptolemy/actor/lib/test/auto/RandomInteger.xml (RunModel)" time="0.011" />
  <testcase classname="ptolemy.util.test.junit.AutoTests" name="[307] /home/travis/build/icyphy/ptII/ptolemy/actor/lib/test/auto/ReadFile1.xml (RunModel)" time="0.01" />
  <testcase classname="ptolemy.util.test.junit.AutoTests" name="[308] /home/travis/build/icyphy/ptII/ptolemy/actor/lib/test/auto/ReadFile2.xml (RunModel)" time="0.01" />
  <testcase classname="ptolemy.util.test.junit.AutoTests" name="[309] /home/travis/build/icyphy/ptII/ptolemy/actor/lib/test/auto/Reader.xml (RunModel)" time="0.014" />
  <testcase classname="ptolemy.util.test.junit.AutoTests" name="[310] /home/travis/build/icyphy/ptII/ptolemy/actor/lib/test/auto/RecordAssemblerDisplayNameTest.xml (RunModel)" time="3.646" />
  <testcase classname="ptolemy.util.test.junit.AutoTests" name="[311] /home/travis/build/icyphy/ptII/ptolemy/actor/lib/test/auto/RecordAssemblerTypeError.xml (RunModel)" time="0.048" />
  <testcase classname="ptolemy.util.test.junit.AutoTests" name="[312] /home/travis/build/icyphy/ptII/ptolemy/actor/lib/test/auto/RecordDisassember.xml (RunModel)" time="0.013" />
  <testcase classname="ptolemy.util.test.junit.AutoTests" name="[313] /home/travis/build/icyphy/ptII/ptolemy/actor/lib/test/auto/RecordDisassemberDisplayNameTest.xml (RunModel)" time="0.021" />
  <testcase classname="ptolemy.util.test.junit.AutoTests" name="[314] /home/travis/build/icyphy/ptII/ptolemy/actor/lib/test/auto/RecordDisassembler.xml (RunModel)" time="0.014" />
  <testcase classname="ptolemy.util.test.junit.AutoTests" name="[315] /home/travis/build/icyphy/ptII/ptolemy/actor/lib/test/auto/RecordDisassembler2.xml (RunModel)" time="0.012" />
  <testcase classname="ptolemy.util.test.junit.AutoTests" name="[316] /home/travis/build/icyphy/ptII/ptolemy/actor/lib/test/auto/RecordUpdater.xml (RunModel)" time="0.035" />
  <testcase classname="ptolemy.util.test.junit.AutoTests" name="[317] /home/travis/build/icyphy/ptII/ptolemy/actor/lib/test/auto/RecordUpdater2.xml (RunModel)" time="0.01" />
  <testcase classname="ptolemy.util.test.junit.AutoTests" name="[318] /home/travis/build/icyphy/ptII/ptolemy/actor/lib/test/auto/RecursiveLattice.xml (RunModel)" time="0.01" />
  <testcase classname="ptolemy.util.test.junit.AutoTests" name="[319] /home/travis/build/icyphy/ptII/ptolemy/actor/lib/test/auto/Router.xml (RunModel)" time="3.03" />
  <testcase classname="ptolemy.util.test.junit.AutoTests" name="[320] /home/travis/build/icyphy/ptII/ptolemy/actor/lib/test/auto/Router2.xml (RunModel)" time="3.031" />
  <testcase classname="ptolemy.util.test.junit.AutoTests" name="[321] /home/travis/build/icyphy/ptII/ptolemy/actor/lib/test/auto/RunningMaximum.xml (RunModel)" time="0.023" />
  <testcase classname="ptolemy.util.test.junit.AutoTests" name="[322] /home/travis/build/icyphy/ptII/ptolemy/actor/lib/test/auto/RunningMinimum.xml (RunModel)" time="0.029" />
  <testcase classname="ptolemy.util.test.junit.AutoTests" name="[323] /home/travis/build/icyphy/ptII/ptolemy/actor/lib/test/auto/Scale.xml (RunModel)" time="0.01" />
  <testcase classname="ptolemy.util.test.junit.AutoTests" name="[324] /home/travis/build/icyphy/ptII/ptolemy/actor/lib/test/auto/Scale2.xml (RunModel)" time="0.012" />
  <testcase classname="ptolemy.util.test.junit.AutoTests" name="[325] /home/travis/build/icyphy/ptII/ptolemy/actor/lib/test/auto/Scale3.xml (RunModel)" time="0.017" />
  <testcase classname="ptolemy.util.test.junit.AutoTests" name="[326] /home/travis/build/icyphy/ptII/ptolemy/actor/lib/test/auto/ScaleArray.xml (RunModel)" time="0.01" />
  <testcase classname="ptolemy.util.test.junit.AutoTests" name="[327] /home/travis/build/icyphy/ptII/ptolemy/actor/lib/test/auto/ScaleArray2.xml (RunModel)" time="0.01" />
  <testcase classname="ptolemy.util.test.junit.AutoTests" name="[328] /home/travis/build/icyphy/ptII/ptolemy/actor/lib/test/auto/ScaleMatrix.xml (RunModel)" time="0.156" />
  <testcase classname="ptolemy.util.test.junit.AutoTests" name="[329] /home/travis/build/icyphy/ptII/ptolemy/actor/lib/test/auto/Select.xml (RunModel)" time="0.027" />
  <testcase classname="ptolemy.util.test.junit.AutoTests" name="[330] /home/travis/build/icyphy/ptII/ptolemy/actor/lib/test/auto/Select2.xml (RunModel)" time="0.012" />
  <testcase classname="ptolemy.util.test.junit.AutoTests" name="[331] /home/travis/build/icyphy/ptII/ptolemy/actor/lib/test/auto/SequenceToArray2.xml (RunModel)" time="0.156" />
  <testcase classname="ptolemy.util.test.junit.AutoTests" name="[332] /home/travis/build/icyphy/ptII/ptolemy/actor/lib/test/auto/SequentialClock.xml (RunModel)" time="0.013" />
  <testcase classname="ptolemy.util.test.junit.AutoTests" name="[333] /home/travis/build/icyphy/ptII/ptolemy/actor/lib/test/auto/SetVariable.xml (RunModel)" time="0.012" />
  <testcase classname="ptolemy.util.test.junit.AutoTests" name="[334] /home/travis/build/icyphy/ptII/ptolemy/actor/lib/test/auto/SetVariable2.xml (RunModel)" time="0.012" />
  <testcase classname="ptolemy.util.test.junit.AutoTests" name="[335] /home/travis/build/icyphy/ptII/ptolemy/actor/lib/test/auto/SetVariable3.xml (RunModel)" time="0.017" />
  <testcase classname="ptolemy.util.test.junit.AutoTests" name="[336] /home/travis/build/icyphy/ptII/ptolemy/actor/lib/test/auto/SetVariable4.xml (RunModel)" time="0.037" />
  <testcase classname="ptolemy.util.test.junit.AutoTests" name="[337] /home/travis/build/icyphy/ptII/ptolemy/actor/lib/test/auto/SetVariable5.xml (RunModel)" time="0.046" />
  <testcase classname="ptolemy.util.test.junit.AutoTests" name="[338] /home/travis/build/icyphy/ptII/ptolemy/actor/lib/test/auto/Sinewave.xml (RunModel)" time="0.033" />
  <testcase classname="ptolemy.util.test.junit.AutoTests" name="[339] /home/travis/build/icyphy/ptII/ptolemy/actor/lib/test/auto/Sinewave2.xml (RunModel)" time="0.018" />
  <testcase classname="ptolemy.util.test.junit.AutoTests" name="[340] /home/travis/build/icyphy/ptII/ptolemy/actor/lib/test/auto/Sinewave3.xml (RunModel)" time="0.03" />
  <testcase classname="ptolemy.util.test.junit.AutoTests" name="[341] /home/travis/build/icyphy/ptII/ptolemy/actor/lib/test/auto/SingleEvent.xml (RunModel)" time="0.009" />
  <testcase classname="ptolemy.util.test.junit.AutoTests" name="[342] /home/travis/build/icyphy/ptII/ptolemy/actor/lib/test/auto/Sleep.xml (RunModel)" time="6.019" />
  <testcase classname="ptolemy.util.test.junit.AutoTests" name="[343] /home/travis/build/icyphy/ptII/ptolemy/actor/lib/test/auto/SleepMultipleFire.xml (RunModel)" time="1.036" />
  <testcase classname="ptolemy.util.test.junit.AutoTests" name="[344] /home/travis/build/icyphy/ptII/ptolemy/actor/lib/test/auto/StopDE.xml (RunModel)" time="0.017" />
  <testcase classname="ptolemy.util.test.junit.AutoTests" name="[345] /home/travis/build/icyphy/ptII/ptolemy/actor/lib/test/auto/StopSDF.xml (RunModel)" time="0.014" />
  <testcase classname="ptolemy.util.test.junit.AutoTests" name="[346] /home/travis/build/icyphy/ptII/ptolemy/actor/lib/test/auto/StringConstant.xml (RunModel)" time="0.018" />
  <testcase classname="ptolemy.util.test.junit.AutoTests" name="[347] /home/travis/build/icyphy/ptII/ptolemy/actor/lib/test/auto/SubscriberPortInitialValues1.xml (RunModel)" time="0.026" />
  <testcase classname="ptolemy.util.test.junit.AutoTests" name="[348] /home/travis/build/icyphy/ptII/ptolemy/actor/lib/test/auto/SubscriberPortInitialValues13.xml (RunModel)" time="0.027" />
  <testcase classname="ptolemy.util.test.junit.AutoTests" name="[349] /home/travis/build/icyphy/ptII/ptolemy/actor/lib/test/auto/SubscriberPortInitialValues14.xml (RunModel)" time="0.017" />
  <testcase classname="ptolemy.util.test.junit.AutoTests" name="[350] /home/travis/build/icyphy/ptII/ptolemy/actor/lib/test/auto/SubscriberPortInitialValues2.xml (RunModel)" time="0.02" />
  <testcase classname="ptolemy.util.test.junit.AutoTests" name="[351] /home/travis/build/icyphy/ptII/ptolemy/actor/lib/test/auto/SubscriberPortInitialValues3.xml (RunModel)" time="0.051" />
  <testcase classname="ptolemy.util.test.junit.AutoTests" name="[352] /home/travis/build/icyphy/ptII/ptolemy/actor/lib/test/auto/SubscriptionAggregator.xml (RunModel)" time="0.015" />
  <testcase classname="ptolemy.util.test.junit.AutoTests" name="[353] /home/travis/build/icyphy/ptII/ptolemy/actor/lib/test/auto/SubscriptionAggregator2.xml (RunModel)" time="0.014" />
  <testcase classname="ptolemy.util.test.junit.AutoTests" name="[354] /home/travis/build/icyphy/ptII/ptolemy/actor/lib/test/auto/SubscriptionAggregator3.xml (RunModel)" time="0.018" />
  <testcase classname="ptolemy.util.test.junit.AutoTests" name="[355] /home/travis/build/icyphy/ptII/ptolemy/actor/lib/test/auto/SubscriptionAggregatorMultiply.xml (RunModel)" time="0.025" />
  <testcase classname="ptolemy.util.test.junit.AutoTests" name="[356] /home/travis/build/icyphy/ptII/ptolemy/actor/lib/test/auto/SubscriptionAggregatorPortMultiply1.xml (RunModel)" time="0.017" />
  <testcase classname="ptolemy.util.test.junit.AutoTests" name="[357] /home/travis/build/icyphy/ptII/ptolemy/actor/lib/test/auto/Switch.xml (RunModel)" time="0.021" />
  <testcase classname="ptolemy.util.test.junit.AutoTests" name="[358] /home/travis/build/icyphy/ptII/ptolemy/actor/lib/test/auto/Switch2.xml (RunModel)" time="0.012" />
  <testcase classname="ptolemy.util.test.junit.AutoTests" name="[359] /home/travis/build/icyphy/ptII/ptolemy/actor/lib/test/auto/SwitchDE.xml (RunModel)" time="0.016" />
  <testcase classname="ptolemy.util.test.junit.AutoTests" name="[360] /home/travis/build/icyphy/ptII/ptolemy/actor/lib/test/auto/SynchronizerDE.xml (RunModel)" time="0.023" />
  <testcase classname="ptolemy.util.test.junit.AutoTests" name="[361] /home/travis/build/icyphy/ptII/ptolemy/actor/lib/test/auto/Test.xml (RunModel)" time="0.017" />
  <testcase classname="ptolemy.util.test.junit.AutoTests" name="[362] /home/travis/build/icyphy/ptII/ptolemy/actor/lib/test/auto/TestExceptionAttribute1.xml (RunModel)" time="0.014" />
  <testcase classname="ptolemy.util.test.junit.AutoTests" name="[363] /home/travis/build/icyphy/ptII/ptolemy/actor/lib/test/auto/TestExceptionAttribute2.xml (RunModel)" time="0.012" />
  <testcase classname="ptolemy.util.test.junit.AutoTests" name="[364] /home/travis/build/icyphy/ptII/ptolemy/actor/lib/test/auto/TestExceptionAttribute3.xml (RunModel)" time="0.013" />
  <testcase classname="ptolemy.util.test.junit.AutoTests" name="[365] /home/travis/build/icyphy/ptII/ptolemy/actor/lib/test/auto/TestExceptionAttribute4.xml (RunModel)" time="0.009" />
  <testcase classname="ptolemy.util.test.junit.AutoTests" name="[366] /home/travis/build/icyphy/ptII/ptolemy/actor/lib/test/auto/TestExceptionHandler1.xml (RunModel)" time="0.01" />
  <testcase classname="ptolemy.util.test.junit.AutoTests" name="[367] /home/travis/build/icyphy/ptII/ptolemy/actor/lib/test/auto/TestExceptionHandler2.xml (RunModel)" time="0.008" />
  <testcase classname="ptolemy.util.test.junit.AutoTests" name="[368] /home/travis/build/icyphy/ptII/ptolemy/actor/lib/test/auto/TestExceptionHandler3.xml (RunModel)" time="0.008" />
  <testcase classname="ptolemy.util.test.junit.AutoTests" name="[369] /home/travis/build/icyphy/ptII/ptolemy/actor/lib/test/auto/TestExceptionHandler4.xml (RunModel)" time="0.01" />
  <testcase classname="ptolemy.util.test.junit.AutoTests" name="[370] /home/travis/build/icyphy/ptII/ptolemy/actor/lib/test/auto/TestRequireCorrectOrder.xml (RunModel)" time="0.018" />
  <testcase classname="ptolemy.util.test.junit.AutoTests" name="[371] /home/travis/build/icyphy/ptII/ptolemy/actor/lib/test/auto/TestSimple.xml (RunModel)" time="0.008" />
  <testcase classname="ptolemy.util.test.junit.AutoTests" name="[372] /home/travis/build/icyphy/ptII/ptolemy/actor/lib/test/auto/ThrowModelError.xml (RunModel)" time="0.012" />
  <testcase classname="ptolemy.util.test.junit.AutoTests" name="[373] /home/travis/build/icyphy/ptII/ptolemy/actor/lib/test/auto/TimeDelayMicrosteps.xml (RunModel)" time="0.016" />
  <testcase classname="ptolemy.util.test.junit.AutoTests" name="[374] /home/travis/build/icyphy/ptII/ptolemy/actor/lib/test/auto/TimeDelayMicrosteps2.xml (RunModel)" time="0.015" />
  <testcase classname="ptolemy.util.test.junit.AutoTests" name="[375] /home/travis/build/icyphy/ptII/ptolemy/actor/lib/test/auto/TimeDelayMicrosteps3.xml (RunModel)" time="0.014" />
  <testcase classname="ptolemy.util.test.junit.AutoTests" name="[376] /home/travis/build/icyphy/ptII/ptolemy/actor/lib/test/auto/TimeDelayVariableMicrosteps.xml (RunModel)" time="0.014" />
  <testcase classname="ptolemy.util.test.junit.AutoTests" name="[377] /home/travis/build/icyphy/ptII/ptolemy/actor/lib/test/auto/TimeGap.xml (RunModel)" time="0.017" />
  <testcase classname="ptolemy.util.test.junit.AutoTests" name="[378] /home/travis/build/icyphy/ptII/ptolemy/actor/lib/test/auto/TimeGap2.xml (RunModel)" time="0.012" />
  <testcase classname="ptolemy.util.test.junit.AutoTests" name="[379] /home/travis/build/icyphy/ptII/ptolemy/actor/lib/test/auto/TimedSinewave.xml (RunModel)" time="0.072" />
  <testcase classname="ptolemy.util.test.junit.AutoTests" name="[380] /home/travis/build/icyphy/ptII/ptolemy/actor/lib/test/auto/TimedSinewavePhase.xml (RunModel)" time="0.041" />
  <testcase classname="ptolemy.util.test.junit.AutoTests" name="[381] /home/travis/build/icyphy/ptII/ptolemy/actor/lib/test/auto/Timer.xml (RunModel)" time="0.015" />
  <testcase classname="ptolemy.util.test.junit.AutoTests" name="[382] /home/travis/build/icyphy/ptII/ptolemy/actor/lib/test/auto/TriangularDistTestModel.xml (RunModel)" time="0.024" />
  <testcase classname="ptolemy.util.test.junit.AutoTests" name="[383] /home/travis/build/icyphy/ptII/ptolemy/actor/lib/test/auto/TrigFunction.xml (RunModel)" time="0.013" />
  <testcase classname="ptolemy.util.test.junit.AutoTests" name="[384] /home/travis/build/icyphy/ptII/ptolemy/actor/lib/test/auto/TrigFunctionDE.xml (RunModel)" time="0.014" />
  <testcase classname="ptolemy.util.test.junit.AutoTests" name="[385] /home/travis/build/icyphy/ptII/ptolemy/actor/lib/test/auto/TrigFunctionInverse.xml (RunModel)" time="0.012" />
  <testcase classname="ptolemy.util.test.junit.AutoTests" name="[386] /home/travis/build/icyphy/ptII/ptolemy/actor/lib/test/auto/TrigFunctionTan.xml (RunModel)" time="0.013" />
  <testcase classname="ptolemy.util.test.junit.AutoTests" name="[387] /home/travis/build/icyphy/ptII/ptolemy/actor/lib/test/auto/TriggeredClock.xml (RunModel)" time="0.014" />
  <testcase classname="ptolemy.util.test.junit.AutoTests" name="[388] /home/travis/build/icyphy/ptII/ptolemy/actor/lib/test/auto/URLDirectoryReader.xml (RunModel)" time="0.144" />
  <testcase classname="ptolemy.util.test.junit.AutoTests" name="[389] /home/travis/build/icyphy/ptII/ptolemy/actor/lib/test/auto/URLDirectoryReader3.xml (RunModel)" time="1.467" />
  <testcase classname="ptolemy.util.test.junit.AutoTests" name="[390] /home/travis/build/icyphy/ptII/ptolemy/actor/lib/test/auto/UnaryMathFunction.xml (RunModel)" time="0.031" />
  <testcase classname="ptolemy.util.test.junit.AutoTests" name="[391] /home/travis/build/icyphy/ptII/ptolemy/actor/lib/test/auto/Uniform.xml (RunModel)" time="0.012" />
  <testcase classname="ptolemy.util.test.junit.AutoTests" name="[392] /home/travis/build/icyphy/ptII/ptolemy/actor/lib/test/auto/UnionDisassemblerTest.xml (RunModel)" time="0.009" />
  <testcase classname="ptolemy.util.test.junit.AutoTests" name="[393] /home/travis/build/icyphy/ptII/ptolemy/actor/lib/test/auto/UtilityFunctions.xml (RunModel)" time="0.008" />
  <testcase classname="ptolemy.util.test.junit.AutoTests" name="[394] /home/travis/build/icyphy/ptII/ptolemy/actor/lib/test/auto/VariableSleep.xml (RunModel)" time="0.514" />
  <testcase classname="ptolemy.util.test.junit.AutoTests" name="[395] /home/travis/build/icyphy/ptII/ptolemy/actor/lib/test/auto/VectorAssemblerDisassemblerCT.xml (RunModel)" time="0.13" />
  <testcase classname="ptolemy.util.test.junit.AutoTests" name="[396] /home/travis/build/icyphy/ptII/ptolemy/actor/lib/test/auto/VectorAssemblerDisassemblerDE.xml (RunModel)" time="0.026" />
  <testcase classname="ptolemy.util.test.junit.AutoTests" name="[397] /home/travis/build/icyphy/ptII/ptolemy/actor/lib/test/auto/VectorAssemblerDisassemblerSDF.xml (RunModel)" time="0.015" />
  <testcase classname="ptolemy.util.test.junit.AutoTests" name="[398] /home/travis/build/icyphy/ptII/ptolemy/actor/lib/test/auto/WallClockTime.xml (RunModel)" time="1.014" />
  <testcase classname="ptolemy.util.test.junit.AutoTests" name="[399] /home/travis/build/icyphy/ptII/ptolemy/actor/lib/test/auto/WidthTestWithSubscriberPublisher.xml (RunModel)" time="0.064" />
  <testcase classname="ptolemy.util.test.junit.AutoTests" name="[400] /home/travis/build/icyphy/ptII/ptolemy/actor/lib/test/auto/WidthTestWithSubscriberPublisher2.xml (RunModel)" time="0.017" />
  <testcase classname="ptolemy.util.test.junit.AutoTests" name="[401] /home/travis/build/icyphy/ptII/ptolemy/actor/lib/test/auto/WidthTestWithSubscriberPublisher3.xml (RunModel)" time="0.011" />
  <testcase classname="ptolemy.util.test.junit.AutoTests" name="[402] /home/travis/build/icyphy/ptII/ptolemy/actor/lib/test/auto/Writer.xml (RunModel)" time="0.009" />
  <testcase classname="ptolemy.util.test.junit.AutoTests" name="[403] /home/travis/build/icyphy/ptII/ptolemy/actor/lib/test/auto/array.xml (RunModel)" time="0.03" />
  <testcase classname="ptolemy.util.test.junit.AutoTests" name="[404] /home/travis/build/icyphy/ptII/ptolemy/actor/lib/test/auto/array2.xml (RunModel)" time="0.018" />
  <testcase classname="ptolemy.util.test.junit.AutoTests" name="[405] /home/travis/build/icyphy/ptII/ptolemy/actor/lib/test/auto/arrayType.xml (RunModel)" time="0.013" />
  <testcase classname="ptolemy.util.test.junit.AutoTests" name="[406] /home/travis/build/icyphy/ptII/ptolemy/actor/lib/test/auto/arrayType10.xml (RunModel)" time="0.011" />
  <testcase classname="ptolemy.util.test.junit.AutoTests" name="[407] /home/travis/build/icyphy/ptII/ptolemy/actor/lib/test/auto/arrayType11.xml (RunModel)" time="0.011" />
  <testcase classname="ptolemy.util.test.junit.AutoTests" name="[408] /home/travis/build/icyphy/ptII/ptolemy/actor/lib/test/auto/arrayType12.xml (RunModel)" time="0.01" />
  <testcase classname="ptolemy.util.test.junit.AutoTests" name="[409] /home/travis/build/icyphy/ptII/ptolemy/actor/lib/test/auto/arrayType13.xml (RunModel)" time="0.011" />
  <testcase classname="ptolemy.util.test.junit.AutoTests" name="[410] /home/travis/build/icyphy/ptII/ptolemy/actor/lib/test/auto/arrayType14.xml (RunModel)" time="0.011" />
  <testcase classname="ptolemy.util.test.junit.AutoTests" name="[411] /home/travis/build/icyphy/ptII/ptolemy/actor/lib/test/auto/arrayType15.xml (RunModel)" time="0.012" />
  <testcase classname="ptolemy.util.test.junit.AutoTests" name="[412] /home/travis/build/icyphy/ptII/ptolemy/actor/lib/test/auto/arrayType16.xml (RunModel)" time="0.011" />
  <testcase classname="ptolemy.util.test.junit.AutoTests" name="[413] /home/travis/build/icyphy/ptII/ptolemy/actor/lib/test/auto/arrayType17.xml (RunModel)" time="0.013" />
  <testcase classname="ptolemy.util.test.junit.AutoTests" name="[414] /home/travis/build/icyphy/ptII/ptolemy/actor/lib/test/auto/arrayType18.xml (RunModel)" time="0.01" />
  <testcase classname="ptolemy.util.test.junit.AutoTests" name="[415] /home/travis/build/icyphy/ptII/ptolemy/actor/lib/test/auto/arrayType19.xml (RunModel)" time="0.011" />
  <testcase classname="ptolemy.util.test.junit.AutoTests" name="[416] /home/travis/build/icyphy/ptII/ptolemy/actor/lib/test/auto/arrayType2.xml (RunModel)" time="0.014" />
  <testcase classname="ptolemy.util.test.junit.AutoTests" name="[417] /home/travis/build/icyphy/ptII/ptolemy/actor/lib/test/auto/arrayType20.xml (RunModel)" time="0.009" />
  <testcase classname="ptolemy.util.test.junit.AutoTests" name="[418] /home/travis/build/icyphy/ptII/ptolemy/actor/lib/test/auto/arrayType21.xml (RunModel)" time="0.017" />
  <testcase classname="ptolemy.util.test.junit.AutoTests" name="[419] /home/travis/build/icyphy/ptII/ptolemy/actor/lib/test/auto/arrayType22.xml (RunModel)" time="0.009" />
  <testcase classname="ptolemy.util.test.junit.AutoTests" name="[420] /home/travis/build/icyphy/ptII/ptolemy/actor/lib/test/auto/arrayType23.xml (RunModel)" time="0.009" />
  <testcase classname="ptolemy.util.test.junit.AutoTests" name="[421] /home/travis/build/icyphy/ptII/ptolemy/actor/lib/test/auto/arrayType24.xml (RunModel)" time="0.014" />
  <testcase classname="ptolemy.util.test.junit.AutoTests" name="[422] /home/travis/build/icyphy/ptII/ptolemy/actor/lib/test/auto/arrayType25.xml (RunModel)" time="0.016" />
  <testcase classname="ptolemy.util.test.junit.AutoTests" name="[423] /home/travis/build/icyphy/ptII/ptolemy/actor/lib/test/auto/arrayType26.xml (RunModel)" time="0.011" />
  <testcase classname="ptolemy.util.test.junit.AutoTests" name="[424] /home/travis/build/icyphy/ptII/ptolemy/actor/lib/test/auto/arrayType27.xml (RunModel)" time="0.009" />
  <testcase classname="ptolemy.util.test.junit.AutoTests" name="[425] /home/travis/build/icyphy/ptII/ptolemy/actor/lib/test/auto/arrayType28.xml (RunModel)" time="0.011" />
  <testcase classname="ptolemy.util.test.junit.AutoTests" name="[426] /home/travis/build/icyphy/ptII/ptolemy/actor/lib/test/auto/arrayType3.xml (RunModel)" time="0.01" />
  <testcase classname="ptolemy.util.test.junit.AutoTests" name="[427] /home/travis/build/icyphy/ptII/ptolemy/actor/lib/test/auto/arrayType4.xml (RunModel)" time="0.009" />
  <testcase classname="ptolemy.util.test.junit.AutoTests" name="[428] /home/travis/build/icyphy/ptII/ptolemy/actor/lib/test/auto/arrayType5.xml (RunModel)" time="0.009" />
  <testcase classname="ptolemy.util.test.junit.AutoTests" name="[429] /home/travis/build/icyphy/ptII/ptolemy/actor/lib/test/auto/arrayType6.xml (RunModel)" time="0.011" />
  <testcase classname="ptolemy.util.test.junit.AutoTests" name="[430] /home/travis/build/icyphy/ptII/ptolemy/actor/lib/test/auto/arrayType7.xml (RunModel)" time="0.021" />
  <testcase classname="ptolemy.util.test.junit.AutoTests" name="[431] /home/travis/build/icyphy/ptII/ptolemy/actor/lib/test/auto/arrayType8.xml (RunModel)" time="0.01" />
  <testcase classname="ptolemy.util.test.junit.AutoTests" name="[432] /home/travis/build/icyphy/ptII/ptolemy/actor/lib/test/auto/arrayType9.xml (RunModel)" time="0.015" />
  <testcase classname="ptolemy.util.test.junit.AutoTests" name="[433] /home/travis/build/icyphy/ptII/ptolemy/actor/lib/test/auto/cast.xml (RunModel)" time="0.01" />
  <testcase classname="ptolemy.util.test.junit.AutoTests" name="[434] /home/travis/build/icyphy/ptII/ptolemy/actor/lib/test/auto/compositeMultiPort.xml (RunModel)" time="0.024" />
  <testcase classname="ptolemy.util.test.junit.AutoTests" name="[435] /home/travis/build/icyphy/ptII/ptolemy/actor/lib/test/auto/expressionCastInference.xml (RunModel)" time="0.03" />
  <testcase classname="ptolemy.util.test.junit.AutoTests" name="[436] /home/travis/build/icyphy/ptII/ptolemy/actor/lib/test/auto/expressionCastInference2.xml (RunModel)" time="0.037" />
  <testcase classname="ptolemy.util.test.junit.AutoTests" name="[437] /home/travis/build/icyphy/ptII/ptolemy/actor/lib/test/auto/expressionInference.xml (RunModel)" time="0.037" />
  <testcase classname="ptolemy.util.test.junit.AutoTests" name="[438] /home/travis/build/icyphy/ptII/ptolemy/actor/lib/test/auto/expression_bug.xml (RunModel)" time="0.068" />
  <testcase classname="ptolemy.util.test.junit.AutoTests" name="[439] /home/travis/build/icyphy/ptII/ptolemy/actor/lib/test/auto/factorial.xml (RunModel)" time="0.085" />
  <testcase classname="ptolemy.util.test.junit.AutoTests" name="[440] /home/travis/build/icyphy/ptII/ptolemy/actor/lib/test/auto/filterTest1.xml (RunModel)" time="0.014" />
  <testcase classname="ptolemy.util.test.junit.AutoTests" name="[441] /home/travis/build/icyphy/ptII/ptolemy/actor/lib/test/auto/funcApplyInConst.xml (RunModel)" time="0.008" />
  <testcase classname="ptolemy.util.test.junit.AutoTests" name="[442] /home/travis/build/icyphy/ptII/ptolemy/actor/lib/test/auto/funcApplyInExpr.xml (RunModel)" time="0.007" />
  <testcase classname="ptolemy.util.test.junit.AutoTests" name="[443] /home/travis/build/icyphy/ptII/ptolemy/actor/lib/test/auto/function.xml (RunModel)" time="0.018" />
  <testcase classname="ptolemy.util.test.junit.AutoTests" name="[444] /home/travis/build/icyphy/ptII/ptolemy/actor/lib/test/auto/function2.xml (RunModel)" time="0.01" />
  <testcase classname="ptolemy.util.test.junit.AutoTests" name="[445] /home/travis/build/icyphy/ptII/ptolemy/actor/lib/test/auto/function3.xml (RunModel)" time="0.008" />
  <testcase classname="ptolemy.util.test.junit.AutoTests" name="[446] /home/travis/build/icyphy/ptII/ptolemy/actor/lib/test/auto/functionClosureTest1.xml (RunModel)" time="0.012" />
  <testcase classname="ptolemy.util.test.junit.AutoTests" name="[447] /home/travis/build/icyphy/ptII/ptolemy/actor/lib/test/auto/functionClosureTest2.xml (RunModel)" time="0.009" />
  <testcase classname="ptolemy.util.test.junit.AutoTests" name="[448] /home/travis/build/icyphy/ptII/ptolemy/actor/lib/test/auto/functionClosureTest3.xml (RunModel)" time="0.01" />
  <testcase classname="ptolemy.util.test.junit.AutoTests" name="[449] /home/travis/build/icyphy/ptII/ptolemy/actor/lib/test/auto/functionClosureTest4.xml (RunModel)" time="0.017" />
  <testcase classname="ptolemy.util.test.junit.AutoTests" name="[450] /home/travis/build/icyphy/ptII/ptolemy/actor/lib/test/auto/functionClosureTest5.xml (RunModel)" time="0.014" />
  <testcase classname="ptolemy.util.test.junit.AutoTests" name="[451] /home/travis/build/icyphy/ptII/ptolemy/actor/lib/test/auto/functionClosureTest6.xml (RunModel)" time="0.009" />
  <testcase classname="ptolemy.util.test.junit.AutoTests" name="[452] /home/travis/build/icyphy/ptII/ptolemy/actor/lib/test/auto/functionsOnArcs.xml (RunModel)" time="0.011" />
  <testcase classname="ptolemy.util.test.junit.AutoTests" name="[453] /home/travis/build/icyphy/ptII/ptolemy/actor/lib/test/auto/functionsOnArcsHOF.xml (RunModel)" time="0.014" />
  <testcase classname="ptolemy.util.test.junit.AutoTests" name="[454] /home/travis/build/icyphy/ptII/ptolemy/actor/lib/test/auto/logic.xml (RunModel)" time="0.02" />
  <testcase classname="ptolemy.util.test.junit.AutoTests" name="[455] /home/travis/build/icyphy/ptII/ptolemy/actor/lib/test/auto/matrixType.xml (RunModel)" time="0.01" />
  <testcase classname="ptolemy.util.test.junit.AutoTests" name="[456] /home/travis/build/icyphy/ptII/ptolemy/actor/lib/test/auto/matrixType10.xml (RunModel)" time="0.009" />
  <testcase classname="ptolemy.util.test.junit.AutoTests" name="[457] /home/travis/build/icyphy/ptII/ptolemy/actor/lib/test/auto/matrixType11.xml (RunModel)" time="0.009" />
  <testcase classname="ptolemy.util.test.junit.AutoTests" name="[458] /home/travis/build/icyphy/ptII/ptolemy/actor/lib/test/auto/matrixType12.xml (RunModel)" time="0.012" />
  <testcase classname="ptolemy.util.test.junit.AutoTests" name="[459] /home/travis/build/icyphy/ptII/ptolemy/actor/lib/test/auto/matrixType13.xml (RunModel)" time="0.009" />
  <testcase classname="ptolemy.util.test.junit.AutoTests" name="[460] /home/travis/build/icyphy/ptII/ptolemy/actor/lib/test/auto/matrixType14.xml (RunModel)" time="0.011" />
  <testcase classname="ptolemy.util.test.junit.AutoTests" name="[461] /home/travis/build/icyphy/ptII/ptolemy/actor/lib/test/auto/matrixType2.xml (RunModel)" time="0.01" />
  <testcase classname="ptolemy.util.test.junit.AutoTests" name="[462] /home/travis/build/icyphy/ptII/ptolemy/actor/lib/test/auto/matrixType3.xml (RunModel)" time="0.012" />
  <testcase classname="ptolemy.util.test.junit.AutoTests" name="[463] /home/travis/build/icyphy/ptII/ptolemy/actor/lib/test/auto/matrixType4.xml (RunModel)" time="0.009" />
  <testcase classname="ptolemy.util.test.junit.AutoTests" name="[464] /home/travis/build/icyphy/ptII/ptolemy/actor/lib/test/auto/matrixType5.xml (RunModel)" time="0.01" />
  <testcase classname="ptolemy.util.test.junit.AutoTests" name="[465] /home/travis/build/icyphy/ptII/ptolemy/actor/lib/test/auto/matrixType6.xml (RunModel)" time="0.01" />
  <testcase classname="ptolemy.util.test.junit.AutoTests" name="[466] /home/travis/build/icyphy/ptII/ptolemy/actor/lib/test/auto/matrixType7.xml (RunModel)" time="0.01" />
  <testcase classname="ptolemy.util.test.junit.AutoTests" name="[467] /home/travis/build/icyphy/ptII/ptolemy/actor/lib/test/auto/matrixType8.xml (RunModel)" time="0.016" />
  <testcase classname="ptolemy.util.test.junit.AutoTests" name="[468] /home/travis/build/icyphy/ptII/ptolemy/actor/lib/test/auto/matrixType9.xml (RunModel)" time="0.01" />
  <testcase classname="ptolemy.util.test.junit.AutoTests" name="[469] /home/travis/build/icyphy/ptII/ptolemy/actor/lib/test/auto/paraFunctest.xml (RunModel)" time="0.01" />
  <testcase classname="ptolemy.util.test.junit.AutoTests" name="[470] /home/travis/build/icyphy/ptII/ptolemy/actor/lib/test/auto/paraFunctest2.xml (RunModel)" time="0.015" />
  <testcase classname="ptolemy.util.test.junit.AutoTests" name="[471] /home/travis/build/icyphy/ptII/ptolemy/actor/lib/test/auto/parameterPassing.xml (RunModel)" time="0.009" />
  <testcase classname="ptolemy.util.test.junit.AutoTests" name="[472] /home/travis/build/icyphy/ptII/ptolemy/actor/lib/test/auto/record.xml (RunModel)" time="0.012" />
  <testcase classname="ptolemy.util.test.junit.AutoTests" name="[473] /home/travis/build/icyphy/ptII/ptolemy/actor/lib/test/auto/sizedarray1.xml (RunModel)" time="0.012" />
  <testcase classname="ptolemy.util.test.junit.AutoTests" name="[474] /home/travis/build/icyphy/ptII/ptolemy/actor/lib/test/auto/sizedarray2.xml (RunModel)" time="0.011" />
  <testcase classname="ptolemy.util.test.junit.AutoTests" name="[475] /home/travis/build/icyphy/ptII/ptolemy/actor/lib/test/auto/twoPublishers.xml (RunModel)" time="0.028" />
  <system-out><![CDATA[/home/travis/build/icyphy/ptII/ptolemy/actor/lib/test/AbsoluteValue.tcl
testDefs.tcl: setting time out to 9000 seconds at Thu Jul 18 04:51:46 UTC 2019
105 ms. Memory: 120832K Free: 85957K (71%)
5 ms. Memory: 120832K Free: 84389K (70%)
21 ms. Memory: 120832K Free: 83395K (69%)
6 ms. Memory: 120832K Free: 82885K (69%)
/home/travis/build/icyphy/ptII/ptolemy/actor/lib/test/AddSubtract.tcl
14 ms. Memory: 120832K Free: 80837K (67%)
17 ms. Memory: 120832K Free: 79813K (66%)
18 ms. Memory: 120832K Free: 79285K (66%)
15 ms. Memory: 120832K Free: 78245K (65%)
80 ms. Memory: 120832K Free: 75717K (63%)
8 ms. Memory: 120832K Free: 74693K (62%)
/home/travis/build/icyphy/ptII/ptolemy/actor/lib/test/Average.tcl
17 ms. Memory: 120832K Free: 73155K (61%)
14 ms. Memory: 120832K Free: 72117K (60%)
/home/travis/build/icyphy/ptII/ptolemy/actor/lib/test/Bernoulli.tcl
12 ms. Memory: 120832K Free: 70083K (58%)
6 ms. Memory: 120832K Free: 70083K (58%)
/home/travis/build/icyphy/ptII/ptolemy/actor/lib/test/Clock.tcl
preinitializing
resolving types
initializing
executing number 1
wrapping up
idle
46 ms. Memory: 120832K Free: 67011K (55%)
Completed execution with 5 iterations
preinitializing
resolving types
initializing
executing number 1
wrapping up
idle
12 ms. Memory: 120832K Free: 66501K (55%)
Completed execution with 5 iterations
preinitializing
resolving types
initializing
executing number 1
wrapping up
idle
12 ms. Memory: 120832K Free: 65981K (55%)
Completed execution with 5 iterations
/home/travis/build/icyphy/ptII/ptolemy/actor/lib/test/Commutator.tcl
11 ms. Memory: 120832K Free: 63939K (53%)
20 ms. Memory: 120832K Free: 62901K (52%)
23 ms. Memory: 120832K Free: 57285K (47%)
/home/travis/build/icyphy/ptII/ptolemy/actor/lib/test/Const.tcl
5 ms. Memory: 120832K Free: 55733K (46%)
3 ms. Memory: 120832K Free: 55237K (46%)
4 ms. Memory: 120832K Free: 54723K (45%)
2 ms. Memory: 120832K Free: 54213K (45%)
2 ms. Memory: 120832K Free: 53189K (44%)
21 ms. Memory: 120832K Free: 51651K (43%)
6 ms. Memory: 120832K Free: 50627K (42%)
16 ms. Memory: 120832K Free: 49603K (41%)
/home/travis/build/icyphy/ptII/ptolemy/actor/lib/test/CurrentTime.tcl
preinitializing
resolving types
initializing
executing number 1
wrapping up
idle
17 ms. Memory: 120832K Free: 48069K (40%)
Completed execution with 11 iterations
/home/travis/build/icyphy/ptII/ptolemy/actor/lib/test/DB.tcl
3 ms. Memory: 120832K Free: 46021K (38%)
5 ms. Memory: 120832K Free: 107096K (89%)
7 ms. Memory: 120832K Free: 106586K (88%)
/home/travis/build/icyphy/ptII/ptolemy/actor/lib/test/DiscreteRandomSource.tcl
preinitializing
resolving types
initializing
executing number 1
wrapping up
idle
12 ms. Memory: 120832K Free: 104848K (87%)
Completed execution with 4 iterations
preinitializing
resolving types
initializing
executing number 1
wrapping up
idle
3 ms. Memory: 120832K Free: 104538K (87%)
Completed execution with 4 iterations
preinitializing
29 ms. Memory: 120832K Free: 106067K (88%)
2 ms. Memory: 120832K Free: 105731K (88%)
12 ms. Memory: 120832K Free: 105298K (87%)
/home/travis/build/icyphy/ptII/ptolemy/actor/lib/test/Distributor.tcl
13 ms. Memory: 120832K Free: 103683K (86%)
11 ms. Memory: 120832K Free: 102965K (85%)
StreamChangeRequest.changeExecuted(): <deleteEntity name="rec2"/> succeeded
StreamChangeRequest.changeExecuted(): <deleteRelation name="r2"/> succeeded
StreamChangeRequest.changeExecuted(): Record firings per iteration succeeded
14 ms. Memory: 120832K Free: 100611K (83%)
/home/travis/build/icyphy/ptII/ptolemy/actor/lib/test/Exit.tcl
Exit.tcl: this will print a message about Manager.exitAfterWrapup, which can be ignored.
8 ms. Memory: 120832K Free: 97391K (81%)
/home/travis/build/icyphy/ptII/ptolemy/actor/lib/test/Expression.tcl
22 ms. Memory: 120832K Free: 94092K (78%)
10 ms. Memory: 120832K Free: 93443K (77%)
6 ms. Memory: 120832K Free: 92725K (77%)
preinitializing
resolving types
initializing
executing number 1
wrapping up
idle
14 ms. Memory: 120832K Free: 91395K (76%)
Completed execution with 6 iterations
12 ms. Memory: 120832K Free: 90371K (75%)
4 ms. Memory: 120832K Free: 89667K (74%)
18 ms. Memory: 120832K Free: 105783K (88%)
4 ms. Memory: 120832K Free: 104759K (87%)
6 ms. Memory: 120832K Free: 103207K (85%)
/home/travis/build/icyphy/ptII/ptolemy/actor/lib/test/Gaussian.tcl
6 ms. Memory: 120832K Free: 101687K (84%)
sleeping 1 seconds: ........................................................................................................................................................................................................................................................................................................................................................................................................................................................................................................................................................................................................................................................................................................................................................................................................................................................................................................................................................................................................................................................................................................................................................................................................................................................................................................................................................................................................................................................................................................................................................................................................................................................................................................................................................................................................................................................................................................................................................................................................................................................................................................................................................................................................................................................................................................................................................................................................................................................................................................................................................................................................................................................................................................................................................................................................................................................................................................................................................................................................................................................................................................................................................................................................................................................................................................................................................................................................................................................................................................................................................................................................................................................................................................................................................................................................................................................................................................................................................................................................................................................................................................................................................................................................................................................................................................................................................................................................................................................................................................................................................................................................................................................................................................................................................................................................................................................................................................................................................................................................................................................................................................................................................................................................................................................................................................................................................................................................................................................................................................................................................................................................................................................................................................................................................................................................................................................................................................................................................................................................................................................................................................................................................................................................................................................................................................................................................................................................................................................................................................................................................................................................................................................................................................................................................................................................................................................................................................................................................................................................................................................................................................................................................................................................................................................................................................................................................................................................................................................................................................................................................................................................................................................................................................................................................................................................................................................................................................................................................................................................................................................................................................................................................................................................................................................................................................................................................................................................................................................................................................................................................................................................................................................................................................................................................................................................................................................................................................................................................................................................................................................................................................................................................................................................................................................................................................................................................................................................................................................................................................................................................................................................................................................................................................................................................................................................................................................................................................................................................................................................................................................................................................................................................................................................................................................................................................................................................................................................................................................................................................................................................................................................................................................................................................................................................................................................................................................................................................................................................................................................................................................................................................................................................................................................................................................................................................................................................................................................................................................................................................................................................................................................................4 ms. Memory: 145408K Free: 111369K (77%)
4 ms. Memory: 145408K Free: 110345K (76%)
2 ms. Memory: 145408K Free: 109849K (76%)
4 ms. Memory: 145408K Free: 109240K (75%)
9 ms. Memory: 145408K Free: 108825K (75%)
/home/travis/build/icyphy/ptII/ptolemy/actor/lib/test/IIR.tcl
/home/travis/build/icyphy/ptII/ptolemy/actor/lib/test/Interpolator.tcl
7 ms. Memory: 145408K Free: 104729K (72%)
2 ms. Memory: 145408K Free: 104201K (72%)
2 ms. Memory: 145408K Free: 103705K (71%)
4 ms. Memory: 145408K Free: 103177K (71%)
6 ms. Memory: 145408K Free: 102153K (70%)
4 ms. Memory: 145408K Free: 101657K (70%)
2 ms. Memory: 145408K Free: 100633K (69%)
4 ms. Memory: 145408K Free: 99609K (69%)
6 ms. Memory: 145408K Free: 99081K (68%)
4 ms. Memory: 145408K Free: 98057K (67%)
/home/travis/build/icyphy/ptII/ptolemy/actor/lib/test/MathFunction.tcl
12 ms. Memory: 145408K Free: 96009K (66%)
11 ms. Memory: 145408K Free: 94993K (65%)
2 ms. Memory: 145408K Free: 93961K (65%)
5 ms. Memory: 145408K Free: 92921K (64%)
4 ms. Memory: 145408K Free: 91417K (63%)
7 ms. Memory: 145408K Free: 89865K (62%)
/home/travis/build/icyphy/ptII/ptolemy/actor/lib/test/Maximum.tcl
5 ms. Memory: 145408K Free: 87817K (60%)
4 ms. Memory: 145408K Free: 87321K (60%)
6 ms. Memory: 145408K Free: 86297K (59%)
9 ms. Memory: 145408K Free: 130256K (90%)
/home/travis/build/icyphy/ptII/ptolemy/actor/lib/test/Minimum.tcl
6 ms. Memory: 145408K Free: 128736K (89%)
4 ms. Memory: 145408K Free: 127710K (88%)
3 ms. Memory: 145408K Free: 127198K (87%)
7 ms. Memory: 145408K Free: 126688K (87%)
/home/travis/build/icyphy/ptII/ptolemy/actor/lib/test/MultiplyDivide.tcl
9 ms. Memory: 145408K Free: 124640K (86%)
9 ms. Memory: 145408K Free: 124120K (85%)
2 ms. Memory: 145408K Free: 123102K (85%)
4 ms. Memory: 145408K Free: 122592K (84%)
4 ms. Memory: 145408K Free: 121568K (84%)
/home/travis/build/icyphy/ptII/ptolemy/actor/lib/test/OrderedMerge.tcl
Connections changed on port: inputA
Connections changed on port: inputB
Connections changed on port: output
Connections changed on port: output
Connections changed on port: output
Connections changed on port: input
.top. Preinitializing ...
Invoking preinitialize():  .top.OrderedMerge
Called preinitialize()
Invoking preinitialize():  .top.Ramp
Called preinitialize()
Invoking preinitialize():  .top.Ramp2
Called preinitialize()
Invoking preinitialize():  .top.Test
Called preinitialize()
Connections changed on port: inputA
Connections changed on port: output
Connections changed on port: output
Connections changed on port: input
Connections changed on port: inputB
Connections changed on port: output
.top. Finished preinitialize().
Called initialize().
Invoking initialize():  .top.OrderedMerge
Initializing actor: .top.OrderedMerge
Adding a thread: .top.OrderedMerge
Invoking initialize():  .top.Ramp
Initializing actor: .top.Ramp
Adding a thread: .top.Ramp
Invoking initialize():  .top.Ramp2
Initializing actor: .top.Ramp2
Adding a thread: .top.Ramp2
Invoking initialize():  .top.Test
Initializing actor: .top.Test
Adding a thread: .top.Test
Called fire().
Checking for deadlock:
-- Starting thread.
Called initialize()
Called prefire()
Called fire()
-- Starting thread.
Called initialize()
Called prefire()
Called fire()
-- Starting thread.
Called initialize()
Called prefire()
Called fire()
-- Starting thread.
Called initialize()
Called prefire()
Called fire()
There are 0 Blocked actors, 0 Stopped actors, and 4 active threads.
Waiting for actors to stop.
Called postfire()
Called prefire()
Called fire()
Called postfire()
Called prefire()
Called fire()
Read input token from inputA with value 0.0
Next port to read input from is inputB
Called postfire()
Called prefire()
Called fire()
Read input token from inputB with value 0.0
Sent output token with value 0.0
Next port to read input from is inputA
Called postfire()
Called prefire()
Called fire()
Checking for deadlock:
There are 1 Blocked actors, 0 Stopped actors, and 4 active threads.
Waiting for actors to stop.
Called postfire()
Called prefire()
Called fire()
Called postfire()
Called prefire()
Called fire()
-- Read input: 0.0, which is expected to match: 0.0
Called prefire()
Called fire()
Checking for deadlock:
There are 3 Blocked actors, 0 Stopped actors, and 4 active threads.
Waiting for actors to stop.
Called postfire()
Called prefire()
Called fire()
Read input token from inputA with value 1.0
Sent output token with value 0.0
Next port to read input from is inputB
Called postfire()
Called prefire()
Called fire()
Read input token from inputB with value 1.5
Checking for deadlock:
There are 2 Blocked actors, 0 Stopped actors, and 4 active threads.
Waiting for actors to stop.
Called postfire()
Called prefire()
Called fire()
-- Read input: 0.0, which is expected to match: 0.0
Called prefire()
Called fire()
Checking for deadlock:
There are 3 Blocked actors, 0 Stopped actors, and 4 active threads.
Waiting for actors to stop.
-- Read input: 1.0, which is expected to match: 1.0
Called prefire()
Called fire()
Sent output token with value 1.0
Next port to read input from is inputA
Called postfire()
Called prefire()
Called fire()
Read input token from inputA with value 2.0
Sent output token with value 1.5
Next port to read input from is inputB
Called postfire()
Called prefire()
Called fire()
Read input token from inputB with value 3.0
Checking for deadlock:
There are 1 Blocked actors, 0 Stopped actors, and 4 active threads.
Waiting for actors to stop.
Called postfire()
Called prefire()
Called fire()
Called postfire()
Called prefire()
Called fire()
-- Read input: 1.5, which is expected to match: 1.5
Called prefire()
Called fire()
Checking for deadlock:
There are 3 Blocked actors, 0 Stopped actors, and 4 active threads.
Waiting for actors to stop.
-- Read input: 2.0, which is expected to match: 2.0
Called prefire()
Called fire()
Sent output token with value 2.0
Next port to read input from is inputA
Called postfire()
Called prefire()
Called fire()
Read input token from inputA with value 3.0
Sent output token with value 3.0
Next port to read input from is inputB
Called postfire()
Called prefire()
Called fire()
Read input token from inputB with value 4.5
Checking for deadlock:
There are 1 Blocked actors, 0 Stopped actors, and 4 active threads.
Waiting for actors to stop.
Called postfire()
Called prefire()
Called fire()
Called postfire()
Called prefire()
Called fire()
-- Read input: 3.0, which is expected to match: 3.0
Called prefire()
Called fire()
Checking for deadlock:
There are 3 Blocked actors, 0 Stopped actors, and 4 active threads.
Waiting for actors to stop.
-- Read input: 3.0, which is expected to match: 3.0
Called prefire()
Called fire()
Checking for deadlock:
There are 3 Blocked actors, 0 Stopped actors, and 4 active threads.
Waiting for actors to stop.
Sent output token with value 3.0
Next port to read input from is inputA
Called postfire()
Called prefire()
Called fire()
Called postfire()
Called prefire()
Called fire()
Checking for deadlock:
There are 3 Blocked actors, 0 Stopped actors, and 4 active threads.
Waiting for actors to stop.
Read input token from inputA with value 4.0
-- Read input: 4.0, which is expected to match: 4.0
Called prefire()
Called fire()
Past the end of training data. Read and discard all inputs.
Checking for deadlock:
There are 3 Blocked actors, 0 Stopped actors, and 4 active threads.
Waiting for actors to stop.
Sent output token with value 4.0
Next port to read input from is inputA
Called postfire()
Called prefire()
Called fire()
Called postfire()
Called prefire()
Called fire()
Checking for deadlock:
There are 3 Blocked actors, 0 Stopped actors, and 4 active threads.
Waiting for actors to stop.
Read input token from inputA with value 5.0
Called prefire()
Called fire()
Past the end of training data. Read and discard all inputs.
Checking for deadlock:
There are 3 Blocked actors, 0 Stopped actors, and 4 active threads.
Waiting for actors to stop.
Sent output token with value 4.5
Next port to read input from is inputB
Called postfire()
Called prefire()
Called fire()
Checking for deadlock:
There are 2 Blocked actors, 0 Stopped actors, and 4 active threads.
Waiting for actors to stop.
Called postfire()
Called prefire()
Called fire()
Checking for deadlock:
There are 3 Blocked actors, 0 Stopped actors, and 4 active threads.
Waiting for actors to stop.
Read input token from inputB with value 6.0
Checking for deadlock:
There are 2 Blocked actors, 0 Stopped actors, and 4 active threads.
Waiting for actors to stop.
Called prefire()
Called fire()
Past the end of training data. Read and discard all inputs.
Checking for deadlock:
There are 3 Blocked actors, 0 Stopped actors, and 4 active threads.
Waiting for actors to stop.
Sent output token with value 5.0
Next port to read input from is inputA
Called postfire()
Called prefire()
Called fire()
Called postfire()
Called prefire()
Called fire()
Checking for deadlock:
There are 3 Blocked actors, 0 Stopped actors, and 4 active threads.
Waiting for actors to stop.
Read input token from inputA with value 6.0
Called prefire()
Called fire()
Past the end of training data. Read and discard all inputs.
Checking for deadlock:
There are 3 Blocked actors, 0 Stopped actors, and 4 active threads.
Waiting for actors to stop.
Sent output token with value 6.0
Next port to read input from is inputB
Called postfire()
Called prefire()
Called fire()
Checking for deadlock:
There are 2 Blocked actors, 0 Stopped actors, and 4 active threads.
Waiting for actors to stop.
Called postfire()
Called prefire()
Called fire()
Checking for deadlock:
There are 3 Blocked actors, 0 Stopped actors, and 4 active threads.
Waiting for actors to stop.
Read input token from inputB with value 7.5
Checking for deadlock:
There are 2 Blocked actors, 0 Stopped actors, and 4 active threads.
Waiting for actors to stop.
Called prefire()
Called fire()
Past the end of training data. Read and discard all inputs.
Checking for deadlock:
There are 3 Blocked actors, 0 Stopped actors, and 4 active threads.
Waiting for actors to stop.
Sent output token with value 6.0
Next port to read input from is inputA
Called postfire()
Called prefire()
Called fire()
Called postfire()
Called prefire()
Called fire()
Checking for deadlock:
There are 3 Blocked actors, 0 Stopped actors, and 4 active threads.
Waiting for actors to stop.
Read input token from inputA with value 7.0
Called prefire()
Called fire()
Past the end of training data. Read and discard all inputs.
Checking for deadlock:
There are 3 Blocked actors, 0 Stopped actors, and 4 active threads.
Waiting for actors to stop.
Sent output token with value 7.0
Next port to read input from is inputA
Called postfire()
Called prefire()
Called fire()
-- Thread wrapup() called.
Called wrapup()
Thread .top.Ramp is exiting.
-- Thread stopped.
Checking for deadlock:
There are 2 Blocked actors, 0 Stopped actors, and 3 active threads.
Waiting for actors to stop.
Read input token from inputA with value 8.0
Sent output token with value 7.5
Next port to read input from is inputB
Called postfire()
Called prefire()
Called fire()
Read input token from inputB with value 9.0
Checking for deadlock:
There are 1 Blocked actors, 0 Stopped actors, and 3 active threads.
Waiting for actors to stop.
Called prefire()
Called fire()
Past the end of training data. Read and discard all inputs.
Called postfire()
Called prefire()
Called fire()
Checking for deadlock:
There are 2 Blocked actors, 0 Stopped actors, and 3 active threads.
Waiting for actors to stop.
Called prefire()
Called fire()
Past the end of training data. Read and discard all inputs.
Checking for deadlock:
There are 2 Blocked actors, 0 Stopped actors, and 3 active threads.
Waiting for actors to stop.
Sent output token with value 8.0
Next port to read input from is inputA
Called postfire()
Called prefire()
Called fire()
Read input token from inputA with value 9.0
Called prefire()
Called fire()
Past the end of training data. Read and discard all inputs.
Checking for deadlock:
There are 2 Blocked actors, 0 Stopped actors, and 3 active threads.
Waiting for actors to stop.
Sent output token with value 9.0
Next port to read input from is inputB
Called postfire()
Called prefire()
Called fire()
Checking for deadlock:
There are 1 Blocked actors, 0 Stopped actors, and 3 active threads.
Waiting for actors to stop.
Called postfire()
Called prefire()
Called fire()
Checking for deadlock:
There are 2 Blocked actors, 0 Stopped actors, and 3 active threads.
Waiting for actors to stop.
Read input token from inputB with value 10.5
Checking for deadlock:
There are 1 Blocked actors, 0 Stopped actors, and 3 active threads.
Waiting for actors to stop.
Called prefire()
Called fire()
Past the end of training data. Read and discard all inputs.
Checking for deadlock:
There are 2 Blocked actors, 0 Stopped actors, and 3 active threads.
Waiting for actors to stop.
Sent output token with value 9.0
Next port to read input from is inputA
Called postfire()
Called prefire()
Called fire()
Checking for deadlock:
There are 3 Blocked actors, 0 Stopped actors, and 3 active threads.
Actors have stopped.
Checking for deadlock:
There are 3 Blocked actors, 0 Stopped actors, and 3 active threads.
Deadlock detected.
Resolving Deadlock
Checking for deadlock:
There are 3 Blocked actors, 0 Stopped actors, and 3 active threads.
Artificial Deadlock - increasing queue capacity.
increasing the capacity of receiver ptolemy.actor.TypedIOPort {.top.OrderedMerge.inputB} to 2
-- Thread wrapup() called.
Called wrapup()
Thread .top.Ramp2 is exiting.
-- Thread stopped.
Director: Called postfire().
Called postfire().
_stopRequested = false
_stopFireRequested = false
Returning from postfire(): true
Called fire().
Checking for deadlock:
There are 2 Blocked actors, 0 Stopped actors, and 2 active threads.
Actors have stopped.
Checking for deadlock:
There are 2 Blocked actors, 0 Stopped actors, and 2 active threads.
Deadlock detected.
Resolving Deadlock
Checking for deadlock:
There are 2 Blocked actors, 0 Stopped actors, and 2 active threads.
Deadlock detected: no processes blocked on write, but some are blocked on read.
Called postfire().
_stopRequested = false
_stopFireRequested = false
Returning from postfire(): false
Finished deactivating branches.
Called wrapup().
-- Thread wrapup() called.
-- Thread wrapup() called.
Called wrapup()
Called wrapup()
Thread .top.OrderedMerge is exiting.
-- Thread stopped.
-- Blocked Receiver call threw TerminateProcessException.
Thread .top.Test is exiting.
-- Thread stopped.
-- Blocked Receiver call threw TerminateProcessException.
81 ms. Memory: 145408K Free: 117607K (81%)
.top. Preinitializing ...
Invoking preinitialize():  .top.OrderedMerge
Called preinitialize()
Invoking preinitialize():  .top.Ramp
Called preinitialize()
Invoking preinitialize():  .top.Ramp2
Called preinitialize()
Invoking preinitialize():  .top.Test
Called preinitialize()
.top. Finished preinitialize().
Called initialize().
Invoking initialize():  .top.OrderedMerge
Initializing actor: .top.OrderedMerge
Adding a thread: .top.OrderedMerge
Invoking initialize():  .top.Ramp
Initializing actor: .top.Ramp
Adding a thread: .top.Ramp
Invoking initialize():  .top.Ramp2
Initializing actor: .top.Ramp2
Adding a thread: .top.Ramp2
Invoking initialize():  .top.Test
Initializing actor: .top.Test
Adding a thread: .top.Test
-- Starting thread.
Called initialize()
Called prefire()
Called fire()
-- Starting thread.
Called initialize()
Called prefire()
Called fire()
Called postfire()
Called prefire()
Called fire()
-- Starting thread.
Called initialize()
Called prefire()
Called fire()
Called postfire()
Called prefire()
Called fire()
Called fire().
Checking for deadlock:
There are 3 Blocked actors, 0 Stopped actors, and 4 active threads.
Waiting for actors to stop.
-- Starting thread.
Called initialize()
Called prefire()
Called fire()
Checking for deadlock:
There are 2 Blocked actors, 0 Stopped actors, and 4 active threads.
Waiting for actors to stop.
Called postfire()
Called prefire()
Called fire()
Checking for deadlock:
There are 3 Blocked actors, 0 Stopped actors, and 4 active threads.
Waiting for actors to stop.
Read input token from inputA with value 0.0
Next port to read input from is inputB
Called postfire()
Called prefire()
Called fire()
Called postfire()
Called prefire()
Called fire()
Checking for deadlock:
There are 3 Blocked actors, 0 Stopped actors, and 4 active threads.
Waiting for actors to stop.
Read input token from inputB with value 0.0
-- Read input: 0.0, which is expected to match: 0.0
Called prefire()
Called fire()
Checking for deadlock:
There are 3 Blocked actors, 0 Stopped actors, and 4 active threads.
Waiting for actors to stop.
Sent output token with value 0.0
Next port to read input from is inputA
Called postfire()
Called prefire()
Called fire()
Checking for deadlock:
There are 2 Blocked actors, 0 Stopped actors, and 4 active threads.
Waiting for actors to stop.
Called postfire()
Called prefire()
Called fire()
Checking for deadlock:
There are 3 Blocked actors, 0 Stopped actors, and 4 active threads.
Waiting for actors to stop.
Read input token from inputA with value 1.0
Checking for deadlock:
There are 2 Blocked actors, 0 Stopped actors, and 4 active threads.
Waiting for actors to stop.
-- Read input: 0.0, which is expected to match: 0.0
Called prefire()
Called fire()
Checking for deadlock:
There are 3 Blocked actors, 0 Stopped actors, and 4 active threads.
Waiting for actors to stop.
Sent output token with value 0.0
Next port to read input from is inputB
Called postfire()
Called prefire()
Called fire()
Checking for deadlock:
There are 2 Blocked actors, 0 Stopped actors, and 4 active threads.
Waiting for actors to stop.
Called postfire()
Called prefire()
Called fire()
Checking for deadlock:
There are 3 Blocked actors, 0 Stopped actors, and 4 active threads.
Waiting for actors to stop.
Read input token from inputB with value 1.5
Checking for deadlock:
There are 2 Blocked actors, 0 Stopped actors, and 4 active threads.
Waiting for actors to stop.
-- Read input: 1.0, which is expected to match: 1.0
Called prefire()
Called fire()
Checking for deadlock:
There are 3 Blocked actors, 0 Stopped actors, and 4 active threads.
Waiting for actors to stop.
Sent output token with value 1.0
Next port to read input from is inputA
Called postfire()
Called prefire()
Called fire()
Checking for deadlock:
There are 2 Blocked actors, 0 Stopped actors, and 4 active threads.
Waiting for actors to stop.
Called postfire()
Called prefire()
Called fire()
Checking for deadlock:
There are 3 Blocked actors, 0 Stopped actors, and 4 active threads.
Waiting for actors to stop.
Read input token from inputA with value 2.0
Checking for deadlock:
There are 2 Blocked actors, 0 Stopped actors, and 4 active threads.
Waiting for actors to stop.
-- Read input: 1.5, which is expected to match: 1.5
Called prefire()
Called fire()
Checking for deadlock:
There are 3 Blocked actors, 0 Stopped actors, and 4 active threads.
Waiting for actors to stop.
Sent output token with value 1.5
Next port to read input from is inputB
Called postfire()
Called prefire()
Called fire()
Called postfire()
Called prefire()
Called fire()
Checking for deadlock:
There are 3 Blocked actors, 0 Stopped actors, and 4 active threads.
Waiting for actors to stop.
Read input token from inputB with value 3.0
-- Read input: 2.0, which is expected to match: 2.0
Called prefire()
Called fire()
Checking for deadlock:
There are 3 Blocked actors, 0 Stopped actors, and 4 active threads.
Waiting for actors to stop.
Sent output token with value 2.0
Next port to read input from is inputA
Called postfire()
Called prefire()
Called fire()
Checking for deadlock:
There are 2 Blocked actors, 0 Stopped actors, and 4 active threads.
Waiting for actors to stop.
Called postfire()
Called prefire()
Called fire()
Checking for deadlock:
There are 3 Blocked actors, 0 Stopped actors, and 4 active threads.
Waiting for actors to stop.
Read input token from inputA with value 3.0
Checking for deadlock:
There are 2 Blocked actors, 0 Stopped actors, and 4 active threads.
Waiting for actors to stop.
-- Read input: 3.0, which is expected to match: 3.0
Called prefire()
Called fire()
Checking for deadlock:
There are 3 Blocked actors, 0 Stopped actors, and 4 active threads.
Waiting for actors to stop.
Sent output token with value 3.0
Next port to read input from is inputB
Called postfire()
Called prefire()
Called fire()
Checking for deadlock:
There are 2 Blocked actors, 0 Stopped actors, and 4 active threads.
Waiting for actors to stop.
Called postfire()
Called prefire()
Called fire()
Checking for deadlock:
There are 3 Blocked actors, 0 Stopped actors, and 4 active threads.
Waiting for actors to stop.
Read input token from inputB with value 4.5
Checking for deadlock:
There are 2 Blocked actors, 0 Stopped actors, and 4 active threads.
Waiting for actors to stop.
-- Read input: 3.0, which is expected to match: 3.0
Called prefire()
Called fire()
Checking for deadlock:
There are 3 Blocked actors, 0 Stopped actors, and 4 active threads.
Waiting for actors to stop.
Sent output token with value 3.0
Next port to read input from is inputA
Called postfire()
Called prefire()
Called fire()
Checking for deadlock:
There are 2 Blocked actors, 0 Stopped actors, and 4 active threads.
Waiting for actors to stop.
Called postfire()
Called prefire()
Called fire()
Checking for deadlock:
There are 3 Blocked actors, 0 Stopped actors, and 4 active threads.
Waiting for actors to stop.
Read input token from inputA with value 4.0
Checking for deadlock:
There are 2 Blocked actors, 0 Stopped actors, and 4 active threads.
Waiting for actors to stop.
-- Read input: 4.0, which is expected to match: 4.0
Called prefire()
Called fire()
Past the end of training data. Read and discard all inputs.
Checking for deadlock:
There are 3 Blocked actors, 0 Stopped actors, and 4 active threads.
Waiting for actors to stop.
Sent output token with value 4.0
Next port to read input from is inputA
Called postfire()
Called prefire()
Called fire()
Checking for deadlock:
There are 2 Blocked actors, 0 Stopped actors, and 4 active threads.
Waiting for actors to stop.
Called postfire()
Called prefire()
Called fire()
Checking for deadlock:
There are 3 Blocked actors, 0 Stopped actors, and 4 active threads.
Waiting for actors to stop.
Read input token from inputA with value 5.0
Checking for deadlock:
There are 2 Blocked actors, 0 Stopped actors, and 4 active threads.
Waiting for actors to stop.
Called prefire()
Called fire()
Past the end of training data. Read and discard all inputs.
Checking for deadlock:
There are 3 Blocked actors, 0 Stopped actors, and 4 active threads.
Waiting for actors to stop.
Sent output token with value 4.5
Next port to read input from is inputB
Called postfire()
Called prefire()
Called fire()
Checking for deadlock:
There are 2 Blocked actors, 0 Stopped actors, and 4 active threads.
Waiting for actors to stop.
Called postfire()
Called prefire()
Called fire()
Checking for deadlock:
There are 3 Blocked actors, 0 Stopped actors, and 4 active threads.
Waiting for actors to stop.
Read input token from inputB with value 6.0
Checking for deadlock:
There are 2 Blocked actors, 0 Stopped actors, and 4 active threads.
Waiting for actors to stop.
Called prefire()
Called fire()
Past the end of training data. Read and discard all inputs.
Checking for deadlock:
There are 3 Blocked actors, 0 Stopped actors, and 4 active threads.
Waiting for actors to stop.
Sent output token with value 5.0
Next port to read input from is inputA
Called postfire()
Called prefire()
Called fire()
Checking for deadlock:
There are 2 Blocked actors, 0 Stopped actors, and 4 active threads.
Waiting for actors to stop.
Called postfire()
Called prefire()
Called fire()
Checking for deadlock:
There are 3 Blocked actors, 0 Stopped actors, and 4 active threads.
Waiting for actors to stop.
Read input token from inputA with value 6.0
Checking for deadlock:
There are 2 Blocked actors, 0 Stopped actors, and 4 active threads.
Waiting for actors to stop.
Called prefire()
Called fire()
Past the end of training data. Read and discard all inputs.
Checking for deadlock:
There are 3 Blocked actors, 0 Stopped actors, and 4 active threads.
Waiting for actors to stop.
Sent output token with value 6.0
Next port to read input from is inputB
Called postfire()
Called prefire()
Called fire()
Called postfire()
Called prefire()
Called fire()
Checking for deadlock:
There are 3 Blocked actors, 0 Stopped actors, and 4 active threads.
Waiting for actors to stop.
Read input token from inputB with value 7.5
Called prefire()
Called fire()
Past the end of training data. Read and discard all inputs.
Checking for deadlock:
There are 3 Blocked actors, 0 Stopped actors, and 4 active threads.
Waiting for actors to stop.
Sent output token with value 6.0
Next port to read input from is inputA
Called postfire()
Called prefire()
Called fire()
Checking for deadlock:
There are 2 Blocked actors, 0 Stopped actors, and 4 active threads.
Waiting for actors to stop.
Called postfire()
Called prefire()
Called fire()
Checking for deadlock:
There are 3 Blocked actors, 0 Stopped actors, and 4 active threads.
Waiting for actors to stop.
Read input token from inputA with value 7.0
Checking for deadlock:
There are 2 Blocked actors, 0 Stopped actors, and 4 active threads.
Waiting for actors to stop.
Called prefire()
Called fire()
Past the end of training data. Read and discard all inputs.
Checking for deadlock:
There are 3 Blocked actors, 0 Stopped actors, and 4 active threads.
Waiting for actors to stop.
Sent output token with value 7.0
Next port to read input from is inputA
Called postfire()
Called prefire()
Called fire()
Checking for deadlock:
There are 2 Blocked actors, 0 Stopped actors, and 4 active threads.
Waiting for actors to stop.
-- Thread wrapup() called.
Called wrapup()
Thread .top.Ramp is exiting.
-- Thread stopped.
Checking for deadlock:
There are 2 Blocked actors, 0 Stopped actors, and 3 active threads.
Waiting for actors to stop.
Read input token from inputA with value 8.0
Called prefire()
Called fire()
Past the end of training data. Read and discard all inputs.
Checking for deadlock:
There are 2 Blocked actors, 0 Stopped actors, and 3 active threads.
Waiting for actors to stop.
Sent output token with value 7.5
Next port to read input from is inputB
Called postfire()
Called prefire()
Called fire()
Checking for deadlock:
There are 1 Blocked actors, 0 Stopped actors, and 3 active threads.
Waiting for actors to stop.
Called postfire()
Called prefire()
Called fire()
Checking for deadlock:
There are 2 Blocked actors, 0 Stopped actors, and 3 active threads.
Waiting for actors to stop.
Read input token from inputB with value 9.0
Checking for deadlock:
There are 1 Blocked actors, 0 Stopped actors, and 3 active threads.
Waiting for actors to stop.
Called prefire()
Called fire()
Past the end of training data. Read and discard all inputs.
Checking for deadlock:
There are 2 Blocked actors, 0 Stopped actors, and 3 active threads.
Waiting for actors to stop.
Sent output token with value 8.0
Next port to read input from is inputA
Called postfire()
Called prefire()
Called fire()
Read input token from inputA with value 9.0
Called prefire()
Called fire()
Past the end of training data. Read and discard all inputs.
Checking for deadlock:
There are 2 Blocked actors, 0 Stopped actors, and 3 active threads.
Waiting for actors to stop.
Sent output token with value 9.0
Next port to read input from is inputB
Called postfire()
Called prefire()
Called fire()
Called postfire()
Called prefire()
Called fire()
Checking for deadlock:
There are 2 Blocked actors, 0 Stopped actors, and 3 active threads.
Waiting for actors to stop.
Read input token from inputB with value 10.5
Called prefire()
Called fire()
Past the end of training data. Read and discard all inputs.
Checking for deadlock:
There are 2 Blocked actors, 0 Stopped actors, and 3 active threads.
Waiting for actors to stop.
Sent output token with value 9.0
Next port to read input from is inputA
Called postfire()
Called prefire()
Called fire()
Checking for deadlock:
There are 3 Blocked actors, 0 Stopped actors, and 3 active threads.
Actors have stopped.
Checking for deadlock:
There are 3 Blocked actors, 0 Stopped actors, and 3 active threads.
Deadlock detected.
Resolving Deadlock
Checking for deadlock:
There are 3 Blocked actors, 0 Stopped actors, and 3 active threads.
Artificial Deadlock - increasing queue capacity.
increasing the capacity of receiver ptolemy.actor.TypedIOPort {.top.OrderedMerge.inputB} to 2
Director: Called postfire().
Called postfire().
_stopRequested = false
_stopFireRequested = false
Returning from postfire(): true
Called fire().
Checking for deadlock:
There are 2 Blocked actors, 0 Stopped actors, and 3 active threads.
Waiting for actors to stop.
-- Thread wrapup() called.
Called wrapup()
Thread .top.Ramp2 is exiting.
-- Thread stopped.
Checking for deadlock:
There are 2 Blocked actors, 0 Stopped actors, and 2 active threads.
Actors have stopped.
Checking for deadlock:
There are 2 Blocked actors, 0 Stopped actors, and 2 active threads.
Deadlock detected.
Resolving Deadlock
Checking for deadlock:
There are 2 Blocked actors, 0 Stopped actors, and 2 active threads.
Deadlock detected: no processes blocked on write, but some are blocked on read.
Called postfire().
_stopRequested = false
_stopFireRequested = false
Returning from postfire(): false
Finished deactivating branches.
Called wrapup().
-- Thread wrapup() called.
Called wrapup()
-- Thread wrapup() called.
Thread .top.OrderedMerge is exiting.
-- Thread stopped.
-- Blocked Receiver call threw TerminateProcessException.
Called wrapup()
Thread .top.Test is exiting.
-- Thread stopped.
-- Blocked Receiver call threw TerminateProcessException.
36 ms. Memory: 145408K Free: 115695K (80%)
/home/travis/build/icyphy/ptII/ptolemy/actor/lib/test/Publisher.tcl
7 ms. Memory: 145408K Free: 109776K (75%)
11 ms. Memory: 145408K Free: 124949K (86%)
3 ms. Memory: 145408K Free: 121332K (83%)
10 ms. Memory: 145408K Free: 120339K (83%)
4 ms. Memory: 145408K Free: 119829K (82%)
9 ms. Memory: 145408K Free: 118805K (82%)
4 ms. Memory: 145408K Free: 118260K (81%)
4 ms. Memory: 145408K Free: 117267K (81%)
39 ms. Memory: 145408K Free: 107027K (74%)
4 ms. Memory: 145408K Free: 103445K (71%)
3 ms. Memory: 145408K Free: 102916K (71%)
7 ms. Memory: 145408K Free: 100373K (69%)
16 ms. Memory: 145408K Free: 93205K (64%)
8 ms. Memory: 145408K Free: 83460K (57%)
6 ms. Memory: 145408K Free: 72725K (50%)
/home/travis/build/icyphy/ptII/ptolemy/actor/lib/test/Pulse.tcl
5 ms. Memory: 145408K Free: 98025K (67%)
11 ms. Memory: 145408K Free: 97015K (67%)
2 ms. Memory: 145408K Free: 96505K (66%)
1 ms. Memory: 145408K Free: 95991K (66%)
1 ms. Memory: 145408K Free: 95481K (66%)
14 ms. Memory: 145408K Free: 94457K (65%)
3 ms. Memory: 145408K Free: 93433K (64%)
10 ms. Memory: 145408K Free: 92905K (64%)
1 ms. Memory: 145408K Free: 91895K (63%)
/home/travis/build/icyphy/ptII/ptolemy/actor/lib/test/Ramp.tcl
3 ms. Memory: 145408K Free: 90361K (62%)
4 ms. Memory: 145408K Free: 89337K (61%)
3 ms. Memory: 145408K Free: 88809K (61%)
2 ms. Memory: 145408K Free: 87799K (60%)
4 ms. Memory: 145408K Free: 87289K (60%)
7 ms. Memory: 145408K Free: 86265K (59%)
6 ms. Memory: 145408K Free: 85241K (59%)
5 actors
4000 microseconds per iteration to create
10 ms. Memory: 145408K Free: 82665K (57%)
4 ms. Memory: 145408K Free: 82169K (57%)
4 ms. Memory: 145408K Free: 81641K (56%)
2 ms. Memory: 145408K Free: 80601K (55%)
50 actors
51000 microseconds per iteration to create
41 ms. Memory: 145408K Free: 65271K (45%)
14 ms. Memory: 145408K Free: 64247K (44%)
14 ms. Memory: 145408K Free: 63223K (43%)
14 ms. Memory: 145408K Free: 62199K (43%)
500 actors
1843000 microseconds per iteration to create
294 ms. Memory: 175104K Free: 135627K (77%)
50 ms. Memory: 175104K Free: 129997K (74%)
48 ms. Memory: 175104K Free: 124877K (71%)
44 ms. Memory: 175104K Free: 119757K (68%)
/home/travis/build/icyphy/ptII/ptolemy/actor/lib/test/RampContinuous.tcl
7 ms. Memory: 175104K Free: 118204K (68%)
/home/travis/build/icyphy/ptII/ptolemy/actor/lib/test/RecordAssembler.tcl
6 ms. Memory: 175104K Free: 116685K (67%)
4 ms. Memory: 175104K Free: 115661K (66%)
/home/travis/build/icyphy/ptII/ptolemy/actor/lib/test/RecordDisassembler.tcl
15 ms. Memory: 175104K Free: 113613K (65%)
2 ms. Memory: 175104K Free: 113099K (65%)
6 ms. Memory: 175104K Free: 112060K (64%)
/home/travis/build/icyphy/ptII/ptolemy/actor/lib/test/Scale.tcl
3 ms. Memory: 175104K Free: 110027K (63%)
2 ms. Memory: 175104K Free: 109517K (63%)
1 ms. Memory: 175104K Free: 108493K (62%)
2 ms. Memory: 175104K Free: 107964K (62%)
4 ms. Memory: 175104K Free: 106924K (61%)
/home/travis/build/icyphy/ptII/ptolemy/actor/lib/test/SequentialClock.tcl
preinitializing
resolving types
initializing
executing number 1
wrapping up
idle
5 ms. Memory: 175104K Free: 105421K (60%)
Completed execution with 5 iterations
preinitializing
resolving types
initializing
executing number 1
wrapping up
idle
2 ms. Memory: 175104K Free: 104907K (60%)
Completed execution with 5 iterations
preinitializing
resolving types
initializing
executing number 1
wrapping up
idle
1 ms. Memory: 175104K Free: 104397K (60%)
Completed execution with 5 iterations
/home/travis/build/icyphy/ptII/ptolemy/actor/lib/test/SetVariable.tcl
6 ms. Memory: 175104K Free: 102844K (59%)


==== $PTII/ptolemy/actor/lib/test/SetVariable.tcl: SetVariable-3.1 changeFailed
==== Contents of test case:

    #Uses 2.1 above
    jdkCaptureErr {
        # This test was failing if we ran Exit.tcl and then this test.
        # MessageHandler.error() now actually throws the Exception.
	catch {$setVariable changeFailed [java::null]  [java::new Exception {Test exception for SetVariable.changeFailed()}]} errMsg
    } results
    list [string range $results 0 89] "\n" $errMsg

==== Result was:
{java.lang.Exception: Test exception for SetVariable.changeFailed()
	at java.base/jdk.inter} {
} {java.lang.RuntimeException: java.lang.Exception: Test exception for SetVariable.changeFailed()}
---- Result should have been:
{Failed to set variable.
java.lang.Exception: Test exception for SetVariable.changeFailed()} {
} {java.lang.RuntimeException: java.lang.Exception: Test exception for SetVariable.changeFailed()}
---- SetVariable-3.1 FAILED
/home/travis/build/icyphy/ptII/ptolemy/actor/lib/test/Sinewave.tcl
/home/travis/build/icyphy/ptII/ptolemy/actor/lib/test/SubscriptionAggregator.tcl
5 ms. Memory: 175104K Free: 90571K (52%)
2 ms. Memory: 175104K Free: 90061K (51%)
0 ms. Memory: 175104K Free: 89532K (51%)
1 ms. Memory: 175104K Free: 89037K (51%)
2 ms. Memory: 175104K Free: 85965K (49%)
9 ms. Memory: 175104K Free: 83403K (48%)
...............................................................1112 ms. Memory: 247808K Free: 122858K (50%)
/home/travis/build/icyphy/ptII/ptolemy/actor/lib/test/Test.tcl
 The next command will produce a warning about training mode,
   which may be ignored.
6 ms. Memory: 247808K Free: 120812K (49%)
6 ms. Memory: 247808K Free: 119788K (48%)
1 ms. Memory: 247808K Free: 119267K (48%)
1 ms. Memory: 247808K Free: 118764K (48%)
3 ms. Memory: 247808K Free: 118235K (48%)
3 ms. Memory: 247808K Free: 116716K (47%)
3 ms. Memory: 247808K Free: 115692K (47%)
 The next command will produce a warning about training mode,
   which may be ignored.
4 ms. Memory: 247808K Free: 113130K (46%)
 The next command will produce a warning about training mode,
   which may be ignored.
7 ms. Memory: 247808K Free: 112106K (45%)
1 ms. Memory: 247808K Free: 111596K (45%)
1 ms. Memory: 247808K Free: 111067K (45%)
2 ms. Memory: 247808K Free: 110572K (45%)
8 ms. Memory: 247808K Free: 109548K (44%)
5 ms. Memory: 247808K Free: 105452K (43%)
/home/travis/build/icyphy/ptII/ptolemy/actor/lib/test/TestExceptionHandler.tcl
 The next command will produce a warning about training mode,
   which may be ignored.
3 ms. Memory: 247808K Free: 104428K (42%)
1 ms. Memory: 247808K Free: 103899K (42%)
1 ms. Memory: 247808K Free: 103404K (42%)
/home/travis/build/icyphy/ptII/ptolemy/actor/lib/test/UnionDisassembler.tcl
34 ms. Memory: 247808K Free: 96236K (39%)
/home/travis/build/icyphy/ptII/ptolemy/actor/lib/test/VariableClock.tcl
preinitializing
resolving types
initializing
executing number 1
wrapping up
idle
3 ms. Memory: 247808K Free: 94188K (38%)
Completed execution with 11 iterations
preinitializing
resolving types
initializing
executing number 1
wrapping up
idle
5 ms. Memory: 247808K Free: 92635K (37%)
Completed execution with 10 iterations
07/18/19 04:51:56
Failed: 1  Total Tests: 234  ((Passed: 233, Newly Passed: 0)  Known Failed: 0) /home/travis/build/icyphy/ptII/ptolemy/actor/lib/test
----------------- testing (KnownFailure) /home/travis/build/icyphy/ptII/ptolemy/actor/lib/test/auto/knownFailedTests/PublisherPortToplevelSubscriber.xml
1 ms. Memory: 247808K Free: 89578K (36%)
Known Failure: java.lang.reflect.InvocationTargetException
----------------- testing (KnownFailure) /home/travis/build/icyphy/ptII/ptolemy/actor/lib/test/auto/knownFailedTests/PublisherSubscriberPortToplevel.xml
0 ms. Memory: 247808K Free: 85482K (34%)
Known Failure: java.lang.reflect.InvocationTargetException
----------------- testing (KnownFailure) /home/travis/build/icyphy/ptII/ptolemy/actor/lib/test/auto/knownFailedTests/PublisherSubscriptionAggregatorPort.xml
1 ms. Memory: 247808K Free: 81386K (33%)
Known Failure: java.lang.reflect.InvocationTargetException
----------------- testing (KnownFailure) /home/travis/build/icyphy/ptII/ptolemy/actor/lib/test/auto/knownFailedTests/sizedarray3.xml
4 ms. Memory: 247808K Free: 76780K (31%)
Known Failure: java.lang.reflect.InvocationTargetException
No auto/linux-amd64/*.xml tests in /home/travis/build/icyphy/ptII/ptolemy/actor/lib/test
AutoTests.java: About to close Vertx.
AutoTests.java: Vertx closed.

===========================================================================================
----------------- testing Thu Jul 18 04:51:56 UTC 2019 /home/travis/build/icyphy/ptII/ptolemy/actor/lib/test/auto/AbsoluteValue.xml
----------------- Instantiating /home/travis/build/icyphy/ptII/ptolemy/actor/lib/test/auto/AbsoluteValue.xml
5 ms. Memory: 247808K Free: 179597K (72%)
----------------- Invoking toplevel() on ptolemy.moml.MoMLSimpleApplication@41bd703a
----------------- Done invoking toplevel() on ptolemy.moml.MoMLSimpleApplication@41bd703a
reloadAllAccessors: .AbsoluteValue

===========================================================================================
----------------- testing Thu Jul 18 04:51:56 UTC 2019 /home/travis/build/icyphy/ptII/ptolemy/actor/lib/test/auto/AbsoluteValue2.xml
----------------- Instantiating /home/travis/build/icyphy/ptII/ptolemy/actor/lib/test/auto/AbsoluteValue2.xml
6 ms. Memory: 247808K Free: 172939K (70%)
----------------- Invoking toplevel() on ptolemy.moml.MoMLSimpleApplication@914567c
----------------- Done invoking toplevel() on ptolemy.moml.MoMLSimpleApplication@914567c
reloadAllAccessors: .AbsoluteValue2

===========================================================================================
----------------- testing Thu Jul 18 04:51:56 UTC 2019 /home/travis/build/icyphy/ptII/ptolemy/actor/lib/test/auto/Accumulator.xml
----------------- Instantiating /home/travis/build/icyphy/ptII/ptolemy/actor/lib/test/auto/Accumulator.xml
6 ms. Memory: 247808K Free: 166795K (67%)
----------------- Invoking toplevel() on ptolemy.moml.MoMLSimpleApplication@6fef010a
----------------- Done invoking toplevel() on ptolemy.moml.MoMLSimpleApplication@6fef010a
reloadAllAccessors: .Accumulator

===========================================================================================
----------------- testing Thu Jul 18 04:51:56 UTC 2019 /home/travis/build/icyphy/ptII/ptolemy/actor/lib/test/auto/Accumulator2.xml
----------------- Instantiating /home/travis/build/icyphy/ptII/ptolemy/actor/lib/test/auto/Accumulator2.xml
14 ms. Memory: 247808K Free: 161165K (65%)
----------------- Invoking toplevel() on ptolemy.moml.MoMLSimpleApplication@1c3dfcd4
----------------- Done invoking toplevel() on ptolemy.moml.MoMLSimpleApplication@1c3dfcd4
reloadAllAccessors: .Accumulator2

===========================================================================================
----------------- testing Thu Jul 18 04:51:56 UTC 2019 /home/travis/build/icyphy/ptII/ptolemy/actor/lib/test/auto/Accumulator3.xml
----------------- Instantiating /home/travis/build/icyphy/ptII/ptolemy/actor/lib/test/auto/Accumulator3.xml
3 ms. Memory: 247808K Free: 157069K (63%)
----------------- Invoking toplevel() on ptolemy.moml.MoMLSimpleApplication@7a21eab0
----------------- Done invoking toplevel() on ptolemy.moml.MoMLSimpleApplication@7a21eab0
reloadAllAccessors: .Accumulator3

===========================================================================================
----------------- testing Thu Jul 18 04:51:57 UTC 2019 /home/travis/build/icyphy/ptII/ptolemy/actor/lib/test/auto/ArrayAppend.xml
----------------- Instantiating /home/travis/build/icyphy/ptII/ptolemy/actor/lib/test/auto/ArrayAppend.xml
7 ms. Memory: 247808K Free: 150925K (61%)
----------------- Invoking toplevel() on ptolemy.moml.MoMLSimpleApplication@d24d409
----------------- Done invoking toplevel() on ptolemy.moml.MoMLSimpleApplication@d24d409
reloadAllAccessors: .ArrayAppend

===========================================================================================
----------------- testing Thu Jul 18 04:51:57 UTC 2019 /home/travis/build/icyphy/ptII/ptolemy/actor/lib/test/auto/ArrayAppend2.xml
----------------- Instantiating /home/travis/build/icyphy/ptII/ptolemy/actor/lib/test/auto/ArrayAppend2.xml
383 ms. Memory: 247808K Free: 92043K (37%)
----------------- Invoking toplevel() on ptolemy.moml.MoMLSimpleApplication@4e67a850
----------------- Done invoking toplevel() on ptolemy.moml.MoMLSimpleApplication@4e67a850
reloadAllAccessors: .ArrayAppend2

===========================================================================================
----------------- testing Thu Jul 18 04:51:57 UTC 2019 /home/travis/build/icyphy/ptII/ptolemy/actor/lib/test/auto/ArrayAppend3.xml
----------------- Instantiating /home/travis/build/icyphy/ptII/ptolemy/actor/lib/test/auto/ArrayAppend3.xml
5 ms. Memory: 247808K Free: 86923K (35%)
----------------- Invoking toplevel() on ptolemy.moml.MoMLSimpleApplication@662d5c1b
----------------- Done invoking toplevel() on ptolemy.moml.MoMLSimpleApplication@662d5c1b
reloadAllAccessors: .ArrayAppend3

===========================================================================================
----------------- testing Thu Jul 18 04:51:57 UTC 2019 /home/travis/build/icyphy/ptII/ptolemy/actor/lib/test/auto/ArrayAppend4.xml
----------------- Instantiating /home/travis/build/icyphy/ptII/ptolemy/actor/lib/test/auto/ArrayAppend4.xml
3 ms. Memory: 247808K Free: 81803K (33%)
----------------- Invoking toplevel() on ptolemy.moml.MoMLSimpleApplication@4322b3dc
----------------- Done invoking toplevel() on ptolemy.moml.MoMLSimpleApplication@4322b3dc
reloadAllAccessors: .ArrayAppend4

===========================================================================================
----------------- testing Thu Jul 18 04:51:57 UTC 2019 /home/travis/build/icyphy/ptII/ptolemy/actor/lib/test/auto/ArrayAppend5.xml
----------------- Instantiating /home/travis/build/icyphy/ptII/ptolemy/actor/lib/test/auto/ArrayAppend5.xml
7 ms. Memory: 247808K Free: 76683K (31%)
----------------- Invoking toplevel() on ptolemy.moml.MoMLSimpleApplication@255e51a4
----------------- Done invoking toplevel() on ptolemy.moml.MoMLSimpleApplication@255e51a4
reloadAllAccessors: .ArrayAppend5

===========================================================================================
----------------- testing Thu Jul 18 04:51:57 UTC 2019 /home/travis/build/icyphy/ptII/ptolemy/actor/lib/test/auto/ArrayAppend6.xml
----------------- Instantiating /home/travis/build/icyphy/ptII/ptolemy/actor/lib/test/auto/ArrayAppend6.xml
62 ms. Memory: 247808K Free: 199720K (81%)
----------------- Invoking toplevel() on ptolemy.moml.MoMLSimpleApplication@2f4587b2
----------------- Done invoking toplevel() on ptolemy.moml.MoMLSimpleApplication@2f4587b2
reloadAllAccessors: .ArrayAppend6

===========================================================================================
----------------- testing Thu Jul 18 04:51:57 UTC 2019 /home/travis/build/icyphy/ptII/ptolemy/actor/lib/test/auto/ArrayAppendPerformanceTest.xml
----------------- Instantiating /home/travis/build/icyphy/ptII/ptolemy/actor/lib/test/auto/ArrayAppendPerformanceTest.xml
41 ms. Memory: 247808K Free: 187432K (76%)
----------------- Invoking toplevel() on ptolemy.moml.MoMLSimpleApplication@5827a722
----------------- Done invoking toplevel() on ptolemy.moml.MoMLSimpleApplication@5827a722
reloadAllAccessors: .ArrayAppendPerformanceTest

===========================================================================================
----------------- testing Thu Jul 18 04:51:57 UTC 2019 /home/travis/build/icyphy/ptII/ptolemy/actor/lib/test/auto/ArrayAppendWithEmptyInput.xml
----------------- Instantiating /home/travis/build/icyphy/ptII/ptolemy/actor/lib/test/auto/ArrayAppendWithEmptyInput.xml
14 ms. Memory: 247808K Free: 179752K (73%)
----------------- Invoking toplevel() on ptolemy.moml.MoMLSimpleApplication@500bf70a
----------------- Done invoking toplevel() on ptolemy.moml.MoMLSimpleApplication@500bf70a
reloadAllAccessors: .ArrayAppendWithEmptyInput

===========================================================================================
----------------- testing Thu Jul 18 04:51:57 UTC 2019 /home/travis/build/icyphy/ptII/ptolemy/actor/lib/test/auto/ArrayAverage.xml
----------------- Instantiating /home/travis/build/icyphy/ptII/ptolemy/actor/lib/test/auto/ArrayAverage.xml
5 ms. Memory: 247808K Free: 172074K (69%)
----------------- Invoking toplevel() on ptolemy.moml.MoMLSimpleApplication@73edaee
----------------- Done invoking toplevel() on ptolemy.moml.MoMLSimpleApplication@73edaee
reloadAllAccessors: .ArrayAverage

===========================================================================================
----------------- testing Thu Jul 18 04:51:57 UTC 2019 /home/travis/build/icyphy/ptII/ptolemy/actor/lib/test/auto/ArrayContains.xml
----------------- Instantiating /home/travis/build/icyphy/ptII/ptolemy/actor/lib/test/auto/ArrayContains.xml
12 ms. Memory: 247808K Free: 165930K (67%)
----------------- Invoking toplevel() on ptolemy.moml.MoMLSimpleApplication@3f301a06
----------------- Done invoking toplevel() on ptolemy.moml.MoMLSimpleApplication@3f301a06
reloadAllAccessors: .ArrayContains

===========================================================================================
----------------- testing Thu Jul 18 04:51:57 UTC 2019 /home/travis/build/icyphy/ptII/ptolemy/actor/lib/test/auto/ArrayElement.xml
----------------- Instantiating /home/travis/build/icyphy/ptII/ptolemy/actor/lib/test/auto/ArrayElement.xml
5 ms. Memory: 247808K Free: 160296K (65%)
----------------- Invoking toplevel() on ptolemy.moml.MoMLSimpleApplication@76adfa8d
----------------- Done invoking toplevel() on ptolemy.moml.MoMLSimpleApplication@76adfa8d
reloadAllAccessors: .ArrayElement

===========================================================================================
----------------- testing Thu Jul 18 04:51:58 UTC 2019 /home/travis/build/icyphy/ptII/ptolemy/actor/lib/test/auto/ArrayElementAsMatrix.xml
----------------- Instantiating /home/travis/build/icyphy/ptII/ptolemy/actor/lib/test/auto/ArrayElementAsMatrix.xml
28 ms. Memory: 247808K Free: 150056K (61%)
----------------- Invoking toplevel() on ptolemy.moml.MoMLSimpleApplication@70d77eeb
----------------- Done invoking toplevel() on ptolemy.moml.MoMLSimpleApplication@70d77eeb
reloadAllAccessors: .ArrayElementAsMatrix

===========================================================================================
----------------- testing Thu Jul 18 04:51:58 UTC 2019 /home/travis/build/icyphy/ptII/ptolemy/actor/lib/test/auto/ArrayElementI.xml
----------------- Instantiating /home/travis/build/icyphy/ptII/ptolemy/actor/lib/test/auto/ArrayElementI.xml
3 ms. Memory: 247808K Free: 145450K (59%)
----------------- Invoking toplevel() on ptolemy.moml.MoMLSimpleApplication@3f36f64a
----------------- Done invoking toplevel() on ptolemy.moml.MoMLSimpleApplication@3f36f64a
reloadAllAccessors: .ArrayElementI

===========================================================================================
----------------- testing Thu Jul 18 04:51:58 UTC 2019 /home/travis/build/icyphy/ptII/ptolemy/actor/lib/test/auto/ArrayExtract.xml
----------------- Instantiating /home/travis/build/icyphy/ptII/ptolemy/actor/lib/test/auto/ArrayExtract.xml
9 ms. Memory: 247808K Free: 136744K (55%)
----------------- Invoking toplevel() on ptolemy.moml.MoMLSimpleApplication@6ad794f3
----------------- Done invoking toplevel() on ptolemy.moml.MoMLSimpleApplication@6ad794f3
reloadAllAccessors: .ArrayExtract

===========================================================================================
----------------- testing Thu Jul 18 04:51:58 UTC 2019 /home/travis/build/icyphy/ptII/ptolemy/actor/lib/test/auto/ArrayExtract2.xml
----------------- Instantiating /home/travis/build/icyphy/ptII/ptolemy/actor/lib/test/auto/ArrayExtract2.xml
2 ms. Memory: 247808K Free: 131617K (53%)
----------------- Invoking toplevel() on ptolemy.moml.MoMLSimpleApplication@4ca7aed5
----------------- Done invoking toplevel() on ptolemy.moml.MoMLSimpleApplication@4ca7aed5
reloadAllAccessors: .ArrayExtract2

===========================================================================================
----------------- testing Thu Jul 18 04:51:58 UTC 2019 /home/travis/build/icyphy/ptII/ptolemy/actor/lib/test/auto/ArrayLength.xml
----------------- Instantiating /home/travis/build/icyphy/ptII/ptolemy/actor/lib/test/auto/ArrayLength.xml
2 ms. Memory: 247808K Free: 127528K (51%)
----------------- Invoking toplevel() on ptolemy.moml.MoMLSimpleApplication@235db745
----------------- Done invoking toplevel() on ptolemy.moml.MoMLSimpleApplication@235db745
reloadAllAccessors: .ArrayLength

===========================================================================================
----------------- testing Thu Jul 18 04:51:58 UTC 2019 /home/travis/build/icyphy/ptII/ptolemy/actor/lib/test/auto/ArrayLevelCrossing.xml
----------------- Instantiating /home/travis/build/icyphy/ptII/ptolemy/actor/lib/test/auto/ArrayLevelCrossing.xml
5 ms. Memory: 247808K Free: 119336K (48%)
----------------- Invoking toplevel() on ptolemy.moml.MoMLSimpleApplication@75e1848d
----------------- Done invoking toplevel() on ptolemy.moml.MoMLSimpleApplication@75e1848d
reloadAllAccessors: .ArrayLevelCrossing

===========================================================================================
----------------- testing Thu Jul 18 04:51:58 UTC 2019 /home/travis/build/icyphy/ptII/ptolemy/actor/lib/test/auto/ArrayLevelCrossing2.xml
----------------- Instantiating /home/travis/build/icyphy/ptII/ptolemy/actor/lib/test/auto/ArrayLevelCrossing2.xml
3 ms. Memory: 247808K Free: 111658K (45%)
----------------- Invoking toplevel() on ptolemy.moml.MoMLSimpleApplication@c8c03cd
----------------- Done invoking toplevel() on ptolemy.moml.MoMLSimpleApplication@c8c03cd
reloadAllAccessors: .ArrayLevelCrossing2

===========================================================================================
----------------- testing Thu Jul 18 04:51:58 UTC 2019 /home/travis/build/icyphy/ptII/ptolemy/actor/lib/test/auto/ArrayPeakSearch.xml
----------------- Instantiating /home/travis/build/icyphy/ptII/ptolemy/actor/lib/test/auto/ArrayPeakSearch.xml
5 ms. Memory: 247808K Free: 102952K (42%)
----------------- Invoking toplevel() on ptolemy.moml.MoMLSimpleApplication@4d9acbc
----------------- Done invoking toplevel() on ptolemy.moml.MoMLSimpleApplication@4d9acbc
reloadAllAccessors: .ArrayPeakSearch

===========================================================================================
----------------- testing Thu Jul 18 04:51:58 UTC 2019 /home/travis/build/icyphy/ptII/ptolemy/actor/lib/test/auto/ArrayPeakSearch2.xml
----------------- Instantiating /home/travis/build/icyphy/ptII/ptolemy/actor/lib/test/auto/ArrayPeakSearch2.xml
5 ms. Memory: 247808K Free: 92705K (37%)
----------------- Invoking toplevel() on ptolemy.moml.MoMLSimpleApplication@32cb4864
----------------- Done invoking toplevel() on ptolemy.moml.MoMLSimpleApplication@32cb4864
reloadAllAccessors: .ArrayPeakSearch2

===========================================================================================
----------------- testing Thu Jul 18 04:51:58 UTC 2019 /home/travis/build/icyphy/ptII/ptolemy/actor/lib/test/auto/ArrayPeakSearch3.xml
----------------- Instantiating /home/travis/build/icyphy/ptII/ptolemy/actor/lib/test/auto/ArrayPeakSearch3.xml
6 ms. Memory: 247808K Free: 83496K (34%)
----------------- Invoking toplevel() on ptolemy.moml.MoMLSimpleApplication@155dda71
----------------- Done invoking toplevel() on ptolemy.moml.MoMLSimpleApplication@155dda71
reloadAllAccessors: .ArrayPeakSearch3

===========================================================================================
----------------- testing Thu Jul 18 04:51:58 UTC 2019 /home/travis/build/icyphy/ptII/ptolemy/actor/lib/test/auto/ArrayRemoveElement.xml
----------------- Instantiating /home/travis/build/icyphy/ptII/ptolemy/actor/lib/test/auto/ArrayRemoveElement.xml
3 ms. Memory: 247808K Free: 75818K (31%)
----------------- Invoking toplevel() on ptolemy.moml.MoMLSimpleApplication@35973d6c
----------------- Done invoking toplevel() on ptolemy.moml.MoMLSimpleApplication@35973d6c
reloadAllAccessors: .ArrayRemoveElement

===========================================================================================
----------------- testing Thu Jul 18 04:51:58 UTC 2019 /home/travis/build/icyphy/ptII/ptolemy/actor/lib/test/auto/ArraySort.xml
----------------- Instantiating /home/travis/build/icyphy/ptII/ptolemy/actor/lib/test/auto/ArraySort.xml
7 ms. Memory: 247808K Free: 66602K (27%)
----------------- Invoking toplevel() on ptolemy.moml.MoMLSimpleApplication@208da85f
----------------- Done invoking toplevel() on ptolemy.moml.MoMLSimpleApplication@208da85f
reloadAllAccessors: .ArraySort

===========================================================================================
----------------- testing Thu Jul 18 04:51:58 UTC 2019 /home/travis/build/icyphy/ptII/ptolemy/actor/lib/test/auto/ArraySum.xml
----------------- Instantiating /home/travis/build/icyphy/ptII/ptolemy/actor/lib/test/auto/ArraySum.xml
6 ms. Memory: 247808K Free: 61482K (25%)
----------------- Invoking toplevel() on ptolemy.moml.MoMLSimpleApplication@28d4fb76
----------------- Done invoking toplevel() on ptolemy.moml.MoMLSimpleApplication@28d4fb76
reloadAllAccessors: .ArraySum

===========================================================================================
----------------- testing Thu Jul 18 04:51:58 UTC 2019 /home/travis/build/icyphy/ptII/ptolemy/actor/lib/test/auto/ArrayToElements.xml
----------------- Instantiating /home/travis/build/icyphy/ptII/ptolemy/actor/lib/test/auto/ArrayToElements.xml
15 ms. Memory: 247808K Free: 55848K (23%)
----------------- Invoking toplevel() on ptolemy.moml.MoMLSimpleApplication@40caef82
----------------- Done invoking toplevel() on ptolemy.moml.MoMLSimpleApplication@40caef82
reloadAllAccessors: .ArrayToElements

===========================================================================================
----------------- testing Thu Jul 18 04:51:58 UTC 2019 /home/travis/build/icyphy/ptII/ptolemy/actor/lib/test/auto/ArrayToMatrix.xml
----------------- Instantiating /home/travis/build/icyphy/ptII/ptolemy/actor/lib/test/auto/ArrayToMatrix.xml
17 ms. Memory: 449536K Free: 390223K (87%)
----------------- Invoking toplevel() on ptolemy.moml.MoMLSimpleApplication@e947341
----------------- Done invoking toplevel() on ptolemy.moml.MoMLSimpleApplication@e947341
reloadAllAccessors: .ArrayToMatrix

===========================================================================================
----------------- testing Thu Jul 18 04:51:58 UTC 2019 /home/travis/build/icyphy/ptII/ptolemy/actor/lib/test/auto/ArrayUpdate1.xml
----------------- Instantiating /home/travis/build/icyphy/ptII/ptolemy/actor/lib/test/auto/ArrayUpdate1.xml
6 ms. Memory: 449536K Free: 385103K (86%)
----------------- Invoking toplevel() on ptolemy.moml.MoMLSimpleApplication@6004891
----------------- Done invoking toplevel() on ptolemy.moml.MoMLSimpleApplication@6004891
reloadAllAccessors: .ArrayUpdate1

===========================================================================================
----------------- testing Thu Jul 18 04:51:58 UTC 2019 /home/travis/build/icyphy/ptII/ptolemy/actor/lib/test/auto/ArrayUpdate2.xml
----------------- Instantiating /home/travis/build/icyphy/ptII/ptolemy/actor/lib/test/auto/ArrayUpdate2.xml
10 ms. Memory: 449536K Free: 378959K (84%)
----------------- Invoking toplevel() on ptolemy.moml.MoMLSimpleApplication@1231034b
----------------- Done invoking toplevel() on ptolemy.moml.MoMLSimpleApplication@1231034b
reloadAllAccessors: .ArrayUpdate2

===========================================================================================
----------------- testing Thu Jul 18 04:51:58 UTC 2019 /home/travis/build/icyphy/ptII/ptolemy/actor/lib/test/auto/ArrayUpdate3.xml
----------------- Instantiating /home/travis/build/icyphy/ptII/ptolemy/actor/lib/test/auto/ArrayUpdate3.xml
3 ms. Memory: 449536K Free: 373839K (83%)
----------------- Invoking toplevel() on ptolemy.moml.MoMLSimpleApplication@1062a3ac
----------------- Done invoking toplevel() on ptolemy.moml.MoMLSimpleApplication@1062a3ac
reloadAllAccessors: .ArrayUpdate3

===========================================================================================
----------------- testing Thu Jul 18 04:51:58 UTC 2019 /home/travis/build/icyphy/ptII/ptolemy/actor/lib/test/auto/Assert1.xml
----------------- Instantiating /home/travis/build/icyphy/ptII/ptolemy/actor/lib/test/auto/Assert1.xml
6 ms. Memory: 449536K Free: 369743K (82%)
----------------- Invoking toplevel() on ptolemy.moml.MoMLSimpleApplication@3815fc3b
----------------- Done invoking toplevel() on ptolemy.moml.MoMLSimpleApplication@3815fc3b
reloadAllAccessors: .Assert1

===========================================================================================
----------------- testing Thu Jul 18 04:51:58 UTC 2019 /home/travis/build/icyphy/ptII/ptolemy/actor/lib/test/auto/Assert2.xml
----------------- Instantiating /home/travis/build/icyphy/ptII/ptolemy/actor/lib/test/auto/Assert2.xml
3 ms. Memory: 449536K Free: 365133K (81%)
----------------- Invoking toplevel() on ptolemy.moml.MoMLSimpleApplication@7a3433aa
----------------- Done invoking toplevel() on ptolemy.moml.MoMLSimpleApplication@7a3433aa
reloadAllAccessors: .Assert2

===========================================================================================
----------------- testing Thu Jul 18 04:51:58 UTC 2019 /home/travis/build/icyphy/ptII/ptolemy/actor/lib/test/auto/BooleanMultiplexor.xml
----------------- Instantiating /home/travis/build/icyphy/ptII/ptolemy/actor/lib/test/auto/BooleanMultiplexor.xml
3 ms. Memory: 449536K Free: 359983K (80%)
----------------- Invoking toplevel() on ptolemy.moml.MoMLSimpleApplication@7d3bb66d
----------------- Done invoking toplevel() on ptolemy.moml.MoMLSimpleApplication@7d3bb66d
reloadAllAccessors: .BooleanMultiplexor

===========================================================================================
----------------- testing Thu Jul 18 04:51:58 UTC 2019 /home/travis/build/icyphy/ptII/ptolemy/actor/lib/test/auto/BooleanMultiplexor2.xml
----------------- Instantiating /home/travis/build/icyphy/ptII/ptolemy/actor/lib/test/auto/BooleanMultiplexor2.xml
8 ms. Memory: 449536K Free: 353359K (79%)
----------------- Invoking toplevel() on ptolemy.moml.MoMLSimpleApplication@ac3fd76
----------------- Done invoking toplevel() on ptolemy.moml.MoMLSimpleApplication@ac3fd76
reloadAllAccessors: .BooleanMultiplexor2

===========================================================================================
----------------- testing Thu Jul 18 04:51:58 UTC 2019 /home/travis/build/icyphy/ptII/ptolemy/actor/lib/test/auto/BooleanMultiplexor3.xml
----------------- Instantiating /home/travis/build/icyphy/ptII/ptolemy/actor/lib/test/auto/BooleanMultiplexor3.xml
5 ms. Memory: 449536K Free: 349263K (78%)
----------------- Invoking toplevel() on ptolemy.moml.MoMLSimpleApplication@561e9fa2
----------------- Done invoking toplevel() on ptolemy.moml.MoMLSimpleApplication@561e9fa2
reloadAllAccessors: .BooleanMultiplexor3

===========================================================================================
----------------- testing Thu Jul 18 04:51:58 UTC 2019 /home/travis/build/icyphy/ptII/ptolemy/actor/lib/test/auto/BooleanSelect.xml
----------------- Instantiating /home/travis/build/icyphy/ptII/ptolemy/actor/lib/test/auto/BooleanSelect.xml
9 ms. Memory: 449536K Free: 343599K (76%)
----------------- Invoking toplevel() on ptolemy.moml.MoMLSimpleApplication@516cf649
----------------- Done invoking toplevel() on ptolemy.moml.MoMLSimpleApplication@516cf649
reloadAllAccessors: .BooleanSelect

===========================================================================================
----------------- testing Thu Jul 18 04:51:58 UTC 2019 /home/travis/build/icyphy/ptII/ptolemy/actor/lib/test/auto/BooleanSelect2.xml
----------------- Instantiating /home/travis/build/icyphy/ptII/ptolemy/actor/lib/test/auto/BooleanSelect2.xml
2 ms. Memory: 449536K Free: 339023K (75%)
----------------- Invoking toplevel() on ptolemy.moml.MoMLSimpleApplication@6ecb435e
----------------- Done invoking toplevel() on ptolemy.moml.MoMLSimpleApplication@6ecb435e
reloadAllAccessors: .BooleanSelect2

===========================================================================================
----------------- testing Thu Jul 18 04:51:58 UTC 2019 /home/travis/build/icyphy/ptII/ptolemy/actor/lib/test/auto/BooleanSwitch.xml
----------------- Instantiating /home/travis/build/icyphy/ptII/ptolemy/actor/lib/test/auto/BooleanSwitch.xml
8 ms. Memory: 449536K Free: 333389K (74%)
----------------- Invoking toplevel() on ptolemy.moml.MoMLSimpleApplication@6f0cb2b
----------------- Done invoking toplevel() on ptolemy.moml.MoMLSimpleApplication@6f0cb2b
reloadAllAccessors: .BooleanSwitch

===========================================================================================
----------------- testing Thu Jul 18 04:51:59 UTC 2019 /home/travis/build/icyphy/ptII/ptolemy/actor/lib/test/auto/BooleanSwitch2.xml
----------------- Instantiating /home/travis/build/icyphy/ptII/ptolemy/actor/lib/test/auto/BooleanSwitch2.xml
2 ms. Memory: 449536K Free: 328783K (73%)
----------------- Invoking toplevel() on ptolemy.moml.MoMLSimpleApplication@3e99fb93
----------------- Done invoking toplevel() on ptolemy.moml.MoMLSimpleApplication@3e99fb93
reloadAllAccessors: .BooleanSwitch2

===========================================================================================
----------------- testing Thu Jul 18 04:51:59 UTC 2019 /home/travis/build/icyphy/ptII/ptolemy/actor/lib/test/auto/BooleanSwitchCloningBugWithClassRelationGroup.xml
----------------- Instantiating /home/travis/build/icyphy/ptII/ptolemy/actor/lib/test/auto/BooleanSwitchCloningBugWithClassRelationGroup.xml
4 ms. Memory: 449536K Free: 322639K (72%)
----------------- Invoking toplevel() on ptolemy.moml.MoMLSimpleApplication@1f90d537
----------------- Done invoking toplevel() on ptolemy.moml.MoMLSimpleApplication@1f90d537
reloadAllAccessors: .BooleanSwitchCloningBugWithClassRelationGroup

===========================================================================================
----------------- testing Thu Jul 18 04:51:59 UTC 2019 /home/travis/build/icyphy/ptII/ptolemy/actor/lib/test/auto/BusActors.xml
----------------- Instantiating /home/travis/build/icyphy/ptII/ptolemy/actor/lib/test/auto/BusActors.xml
7 ms. Memory: 449536K Free: 314447K (70%)
----------------- Invoking toplevel() on ptolemy.moml.MoMLSimpleApplication@685ea92d
----------------- Done invoking toplevel() on ptolemy.moml.MoMLSimpleApplication@685ea92d
reloadAllAccessors: .BusActors

===========================================================================================
----------------- testing Thu Jul 18 04:51:59 UTC 2019 /home/travis/build/icyphy/ptII/ptolemy/actor/lib/test/auto/ClassWrapper.xml
----------------- Instantiating /home/travis/build/icyphy/ptII/ptolemy/actor/lib/test/auto/ClassWrapper.xml
5 ms. Memory: 449536K Free: 310351K (69%)
----------------- Invoking toplevel() on ptolemy.moml.MoMLSimpleApplication@8fee37
----------------- Done invoking toplevel() on ptolemy.moml.MoMLSimpleApplication@8fee37
reloadAllAccessors: .ClassWrapper

===========================================================================================
----------------- testing Thu Jul 18 04:51:59 UTC 2019 /home/travis/build/icyphy/ptII/ptolemy/actor/lib/test/auto/Clock.xml
----------------- Instantiating /home/travis/build/icyphy/ptII/ptolemy/actor/lib/test/auto/Clock.xml
2 ms. Memory: 449536K Free: 306255K (68%)
----------------- Invoking toplevel() on ptolemy.moml.MoMLSimpleApplication@16519c38
----------------- Done invoking toplevel() on ptolemy.moml.MoMLSimpleApplication@16519c38
reloadAllAccessors: .Clock

===========================================================================================
----------------- testing Thu Jul 18 04:51:59 UTC 2019 /home/travis/build/icyphy/ptII/ptolemy/actor/lib/test/auto/Clock10.xml
----------------- Instantiating /home/travis/build/icyphy/ptII/ptolemy/actor/lib/test/auto/Clock10.xml
5 ms. Memory: 449536K Free: 300621K (67%)
----------------- Invoking toplevel() on ptolemy.moml.MoMLSimpleApplication@3238b4cb
----------------- Done invoking toplevel() on ptolemy.moml.MoMLSimpleApplication@3238b4cb
reloadAllAccessors: .Clock10

===========================================================================================
----------------- testing Thu Jul 18 04:51:59 UTC 2019 /home/travis/build/icyphy/ptII/ptolemy/actor/lib/test/auto/Clock11.xml
----------------- Instantiating /home/travis/build/icyphy/ptII/ptolemy/actor/lib/test/auto/Clock11.xml
6 ms. Memory: 449536K Free: 294477K (66%)
----------------- Invoking toplevel() on ptolemy.moml.MoMLSimpleApplication@5d1aa5b
----------------- Done invoking toplevel() on ptolemy.moml.MoMLSimpleApplication@5d1aa5b
reloadAllAccessors: .Clock11

===========================================================================================
----------------- testing Thu Jul 18 04:51:59 UTC 2019 /home/travis/build/icyphy/ptII/ptolemy/actor/lib/test/auto/Clock12.xml
----------------- Instantiating /home/travis/build/icyphy/ptII/ptolemy/actor/lib/test/auto/Clock12.xml
8 ms. Memory: 449536K Free: 288847K (64%)
----------------- Invoking toplevel() on ptolemy.moml.MoMLSimpleApplication@769d227
----------------- Done invoking toplevel() on ptolemy.moml.MoMLSimpleApplication@769d227
reloadAllAccessors: .Clock12

===========================================================================================
----------------- testing Thu Jul 18 04:51:59 UTC 2019 /home/travis/build/icyphy/ptII/ptolemy/actor/lib/test/auto/Clock13.xml
----------------- Instantiating /home/travis/build/icyphy/ptII/ptolemy/actor/lib/test/auto/Clock13.xml
7 ms. Memory: 449536K Free: 282703K (63%)
----------------- Invoking toplevel() on ptolemy.moml.MoMLSimpleApplication@5d6a0623
----------------- Done invoking toplevel() on ptolemy.moml.MoMLSimpleApplication@5d6a0623
reloadAllAccessors: .Clock13

===========================================================================================
----------------- testing Thu Jul 18 04:51:59 UTC 2019 /home/travis/build/icyphy/ptII/ptolemy/actor/lib/test/auto/Clock14.xml
----------------- Instantiating /home/travis/build/icyphy/ptII/ptolemy/actor/lib/test/auto/Clock14.xml
7 ms. Memory: 449536K Free: 277055K (62%)
----------------- Invoking toplevel() on ptolemy.moml.MoMLSimpleApplication@15337d3a
----------------- Done invoking toplevel() on ptolemy.moml.MoMLSimpleApplication@15337d3a
reloadAllAccessors: .Clock14

===========================================================================================
----------------- testing Thu Jul 18 04:51:59 UTC 2019 /home/travis/build/icyphy/ptII/ptolemy/actor/lib/test/auto/Clock15.xml
----------------- Instantiating /home/travis/build/icyphy/ptII/ptolemy/actor/lib/test/auto/Clock15.xml
7 ms. Memory: 449536K Free: 270911K (60%)
----------------- Invoking toplevel() on ptolemy.moml.MoMLSimpleApplication@c196cf0
----------------- Done invoking toplevel() on ptolemy.moml.MoMLSimpleApplication@c196cf0
reloadAllAccessors: .Clock15

===========================================================================================
----------------- testing Thu Jul 18 04:51:59 UTC 2019 /home/travis/build/icyphy/ptII/ptolemy/actor/lib/test/auto/Clock16.xml
----------------- Instantiating /home/travis/build/icyphy/ptII/ptolemy/actor/lib/test/auto/Clock16.xml
41 ms. Memory: 449536K Free: 256559K (57%)
----------------- Invoking toplevel() on ptolemy.moml.MoMLSimpleApplication@11d4bae3
----------------- Done invoking toplevel() on ptolemy.moml.MoMLSimpleApplication@11d4bae3
reloadAllAccessors: .Clock16

===========================================================================================
----------------- testing Thu Jul 18 04:51:59 UTC 2019 /home/travis/build/icyphy/ptII/ptolemy/actor/lib/test/auto/Clock17.xml
----------------- Instantiating /home/travis/build/icyphy/ptII/ptolemy/actor/lib/test/auto/Clock17.xml
31 ms. Memory: 449536K Free: 242767K (54%)
----------------- Invoking toplevel() on ptolemy.moml.MoMLSimpleApplication@3c2dc058
----------------- Done invoking toplevel() on ptolemy.moml.MoMLSimpleApplication@3c2dc058
reloadAllAccessors: .Clock17

===========================================================================================
----------------- testing Thu Jul 18 04:51:59 UTC 2019 /home/travis/build/icyphy/ptII/ptolemy/actor/lib/test/auto/Clock18.xml
----------------- Instantiating /home/travis/build/icyphy/ptII/ptolemy/actor/lib/test/auto/Clock18.xml
34 ms. Memory: 449536K Free: 228431K (51%)
----------------- Invoking toplevel() on ptolemy.moml.MoMLSimpleApplication@51bd0b82
----------------- Done invoking toplevel() on ptolemy.moml.MoMLSimpleApplication@51bd0b82
reloadAllAccessors: .Clock18

===========================================================================================
----------------- testing Thu Jul 18 04:51:59 UTC 2019 /home/travis/build/icyphy/ptII/ptolemy/actor/lib/test/auto/Clock19.xml
----------------- Instantiating /home/travis/build/icyphy/ptII/ptolemy/actor/lib/test/auto/Clock19.xml
16 ms. Memory: 449536K Free: 215615K (48%)
----------------- Invoking toplevel() on ptolemy.moml.MoMLSimpleApplication@b67e86c
----------------- Done invoking toplevel() on ptolemy.moml.MoMLSimpleApplication@b67e86c
reloadAllAccessors: .Clock19

===========================================================================================
----------------- testing Thu Jul 18 04:51:59 UTC 2019 /home/travis/build/icyphy/ptII/ptolemy/actor/lib/test/auto/Clock2.xml
----------------- Instantiating /home/travis/build/icyphy/ptII/ptolemy/actor/lib/test/auto/Clock2.xml
6 ms. Memory: 449536K Free: 210495K (47%)
----------------- Invoking toplevel() on ptolemy.moml.MoMLSimpleApplication@1a7b167d
----------------- Done invoking toplevel() on ptolemy.moml.MoMLSimpleApplication@1a7b167d
reloadAllAccessors: .Clock2

===========================================================================================
----------------- testing Thu Jul 18 04:51:59 UTC 2019 /home/travis/build/icyphy/ptII/ptolemy/actor/lib/test/auto/Clock20.xml
----------------- Instantiating /home/travis/build/icyphy/ptII/ptolemy/actor/lib/test/auto/Clock20.xml
12 ms. Memory: 449536K Free: 205389K (46%)
----------------- Invoking toplevel() on ptolemy.moml.MoMLSimpleApplication@212988a4
----------------- Done invoking toplevel() on ptolemy.moml.MoMLSimpleApplication@212988a4
reloadAllAccessors: .Clock20

===========================================================================================
----------------- testing Thu Jul 18 04:51:59 UTC 2019 /home/travis/build/icyphy/ptII/ptolemy/actor/lib/test/auto/Clock21.xml
----------------- Instantiating /home/travis/build/icyphy/ptII/ptolemy/actor/lib/test/auto/Clock21.xml
4 ms. Memory: 449536K Free: 199759K (44%)
----------------- Invoking toplevel() on ptolemy.moml.MoMLSimpleApplication@4cd00dbd
----------------- Done invoking toplevel() on ptolemy.moml.MoMLSimpleApplication@4cd00dbd
reloadAllAccessors: .Clock21

===========================================================================================
----------------- testing Thu Jul 18 04:51:59 UTC 2019 /home/travis/build/icyphy/ptII/ptolemy/actor/lib/test/auto/Clock22.xml
----------------- Instantiating /home/travis/build/icyphy/ptII/ptolemy/actor/lib/test/auto/Clock22.xml
13 ms. Memory: 449536K Free: 194125K (43%)
----------------- Invoking toplevel() on ptolemy.moml.MoMLSimpleApplication@2375dc75
----------------- Done invoking toplevel() on ptolemy.moml.MoMLSimpleApplication@2375dc75
reloadAllAccessors: .Clock22

===========================================================================================
----------------- testing Thu Jul 18 04:51:59 UTC 2019 /home/travis/build/icyphy/ptII/ptolemy/actor/lib/test/auto/Clock23.xml
----------------- Instantiating /home/travis/build/icyphy/ptII/ptolemy/actor/lib/test/auto/Clock23.xml
6 ms. Memory: 449536K Free: 189005K (42%)
----------------- Invoking toplevel() on ptolemy.moml.MoMLSimpleApplication@5c09e153
----------------- Done invoking toplevel() on ptolemy.moml.MoMLSimpleApplication@5c09e153
reloadAllAccessors: .Clock23

===========================================================================================
----------------- testing Thu Jul 18 04:51:59 UTC 2019 /home/travis/build/icyphy/ptII/ptolemy/actor/lib/test/auto/Clock24.xml
----------------- Instantiating /home/travis/build/icyphy/ptII/ptolemy/actor/lib/test/auto/Clock24.xml
3 ms. Memory: 449536K Free: 183375K (41%)
----------------- Invoking toplevel() on ptolemy.moml.MoMLSimpleApplication@30f3166f
----------------- Done invoking toplevel() on ptolemy.moml.MoMLSimpleApplication@30f3166f
reloadAllAccessors: .Clock24

===========================================================================================
----------------- testing Thu Jul 18 04:51:59 UTC 2019 /home/travis/build/icyphy/ptII/ptolemy/actor/lib/test/auto/Clock4.xml
----------------- Instantiating /home/travis/build/icyphy/ptII/ptolemy/actor/lib/test/auto/Clock4.xml
1 ms. Memory: 449536K Free: 178735K (40%)
----------------- Invoking toplevel() on ptolemy.moml.MoMLSimpleApplication@18907576
----------------- Done invoking toplevel() on ptolemy.moml.MoMLSimpleApplication@18907576
reloadAllAccessors: .Clock4

===========================================================================================
----------------- testing Thu Jul 18 04:51:59 UTC 2019 /home/travis/build/icyphy/ptII/ptolemy/actor/lib/test/auto/Clock5.xml
----------------- Instantiating /home/travis/build/icyphy/ptII/ptolemy/actor/lib/test/auto/Clock5.xml
2 ms. Memory: 449536K Free: 173135K (39%)
----------------- Invoking toplevel() on ptolemy.moml.MoMLSimpleApplication@2e50232c
----------------- Done invoking toplevel() on ptolemy.moml.MoMLSimpleApplication@2e50232c
reloadAllAccessors: .Clock5

===========================================================================================
----------------- testing Thu Jul 18 04:51:59 UTC 2019 /home/travis/build/icyphy/ptII/ptolemy/actor/lib/test/auto/Clock6.xml
----------------- Instantiating /home/travis/build/icyphy/ptII/ptolemy/actor/lib/test/auto/Clock6.xml
3 ms. Memory: 449536K Free: 168525K (37%)
----------------- Invoking toplevel() on ptolemy.moml.MoMLSimpleApplication@7f1fd44e
----------------- Done invoking toplevel() on ptolemy.moml.MoMLSimpleApplication@7f1fd44e
reloadAllAccessors: .Clock6

===========================================================================================
----------------- testing Thu Jul 18 04:51:59 UTC 2019 /home/travis/build/icyphy/ptII/ptolemy/actor/lib/test/auto/Clock7.xml
----------------- Instantiating /home/travis/build/icyphy/ptII/ptolemy/actor/lib/test/auto/Clock7.xml
3 ms. Memory: 449536K Free: 164429K (37%)
----------------- Invoking toplevel() on ptolemy.moml.MoMLSimpleApplication@13ed41bf
----------------- Done invoking toplevel() on ptolemy.moml.MoMLSimpleApplication@13ed41bf
reloadAllAccessors: .Clock7

===========================================================================================
----------------- testing Thu Jul 18 04:51:59 UTC 2019 /home/travis/build/icyphy/ptII/ptolemy/actor/lib/test/auto/Clock8.xml
----------------- Instantiating /home/travis/build/icyphy/ptII/ptolemy/actor/lib/test/auto/Clock8.xml
3 ms. Memory: 449536K Free: 158799K (35%)
----------------- Invoking toplevel() on ptolemy.moml.MoMLSimpleApplication@5c7deaa6
----------------- Done invoking toplevel() on ptolemy.moml.MoMLSimpleApplication@5c7deaa6
reloadAllAccessors: .Clock8

===========================================================================================
----------------- testing Thu Jul 18 04:51:59 UTC 2019 /home/travis/build/icyphy/ptII/ptolemy/actor/lib/test/auto/Clock9.xml
----------------- Instantiating /home/travis/build/icyphy/ptII/ptolemy/actor/lib/test/auto/Clock9.xml
3 ms. Memory: 449536K Free: 153679K (34%)
----------------- Invoking toplevel() on ptolemy.moml.MoMLSimpleApplication@6b5a4456
----------------- Done invoking toplevel() on ptolemy.moml.MoMLSimpleApplication@6b5a4456
reloadAllAccessors: .Clock9

===========================================================================================
----------------- testing Thu Jul 18 04:51:59 UTC 2019 /home/travis/build/icyphy/ptII/ptolemy/actor/lib/test/auto/CommDistDiscard.xml
----------------- Instantiating /home/travis/build/icyphy/ptII/ptolemy/actor/lib/test/auto/CommDistDiscard.xml
6 ms. Memory: 449536K Free: 148045K (33%)
----------------- Invoking toplevel() on ptolemy.moml.MoMLSimpleApplication@7046530b
----------------- Done invoking toplevel() on ptolemy.moml.MoMLSimpleApplication@7046530b
reloadAllAccessors: .CommDistDiscard

===========================================================================================
----------------- testing Thu Jul 18 04:52:00 UTC 2019 /home/travis/build/icyphy/ptII/ptolemy/actor/lib/test/auto/Commutator.xml
----------------- Instantiating /home/travis/build/icyphy/ptII/ptolemy/actor/lib/test/auto/Commutator.xml
2 ms. Memory: 449536K Free: 143439K (32%)
----------------- Invoking toplevel() on ptolemy.moml.MoMLSimpleApplication@465450a4
----------------- Done invoking toplevel() on ptolemy.moml.MoMLSimpleApplication@465450a4
reloadAllAccessors: .Commutator

===========================================================================================
----------------- testing Thu Jul 18 04:52:00 UTC 2019 /home/travis/build/icyphy/ptII/ptolemy/actor/lib/test/auto/Commutator2.xml
----------------- Instantiating /home/travis/build/icyphy/ptII/ptolemy/actor/lib/test/auto/Commutator2.xml
1 ms. Memory: 449536K Free: 139343K (31%)
----------------- Invoking toplevel() on ptolemy.moml.MoMLSimpleApplication@5e1d31b8
----------------- Done invoking toplevel() on ptolemy.moml.MoMLSimpleApplication@5e1d31b8
reloadAllAccessors: .Commutator2

===========================================================================================
----------------- testing Thu Jul 18 04:52:00 UTC 2019 /home/travis/build/icyphy/ptII/ptolemy/actor/lib/test/auto/Commutator3.xml
----------------- Instantiating /home/travis/build/icyphy/ptII/ptolemy/actor/lib/test/auto/Commutator3.xml
13 ms. Memory: 449536K Free: 402159K (89%)
----------------- Invoking toplevel() on ptolemy.moml.MoMLSimpleApplication@e507555
----------------- Done invoking toplevel() on ptolemy.moml.MoMLSimpleApplication@e507555
reloadAllAccessors: .Commutator3

===========================================================================================
----------------- testing Thu Jul 18 04:52:00 UTC 2019 /home/travis/build/icyphy/ptII/ptolemy/actor/lib/test/auto/Compare.xml
----------------- Instantiating /home/travis/build/icyphy/ptII/ptolemy/actor/lib/test/auto/Compare.xml
3 ms. Memory: 449536K Free: 394991K (88%)
----------------- Invoking toplevel() on ptolemy.moml.MoMLSimpleApplication@210111cc
----------------- Done invoking toplevel() on ptolemy.moml.MoMLSimpleApplication@210111cc
reloadAllAccessors: .Compare

===========================================================================================
----------------- testing Thu Jul 18 04:52:00 UTC 2019 /home/travis/build/icyphy/ptII/ptolemy/actor/lib/test/auto/CompareDE.xml
----------------- Instantiating /home/travis/build/icyphy/ptII/ptolemy/actor/lib/test/auto/CompareDE.xml
4 ms. Memory: 449536K Free: 388337K (86%)
----------------- Invoking toplevel() on ptolemy.moml.MoMLSimpleApplication@5c61f380
----------------- Done invoking toplevel() on ptolemy.moml.MoMLSimpleApplication@5c61f380
reloadAllAccessors: .CompareDE

===========================================================================================
----------------- testing Thu Jul 18 04:52:00 UTC 2019 /home/travis/build/icyphy/ptII/ptolemy/actor/lib/test/auto/ComplexDivide.xml
----------------- Instantiating /home/travis/build/icyphy/ptII/ptolemy/actor/lib/test/auto/ComplexDivide.xml
1 ms. Memory: 449536K Free: 384241K (85%)
----------------- Invoking toplevel() on ptolemy.moml.MoMLSimpleApplication@4499ed16
----------------- Done invoking toplevel() on ptolemy.moml.MoMLSimpleApplication@4499ed16
reloadAllAccessors: .ComplexDivide

===========================================================================================
----------------- testing Thu Jul 18 04:52:00 UTC 2019 /home/travis/build/icyphy/ptII/ptolemy/actor/lib/test/auto/ComputeHistogram.xml
----------------- Instantiating /home/travis/build/icyphy/ptII/ptolemy/actor/lib/test/auto/ComputeHistogram.xml
41 ms. Memory: 449536K Free: 372463K (83%)
----------------- Invoking toplevel() on ptolemy.moml.MoMLSimpleApplication@13a5cfbe
----------------- Done invoking toplevel() on ptolemy.moml.MoMLSimpleApplication@13a5cfbe
reloadAllAccessors: .ComputeHistogram

===========================================================================================
----------------- testing Thu Jul 18 04:52:00 UTC 2019 /home/travis/build/icyphy/ptII/ptolemy/actor/lib/test/auto/ConfigurationSelect.xml
----------------- Instantiating /home/travis/build/icyphy/ptII/ptolemy/actor/lib/test/auto/ConfigurationSelect.xml
12 ms. Memory: 449536K Free: 366833K (82%)
----------------- Invoking toplevel() on ptolemy.moml.MoMLSimpleApplication@2fa4c36f
----------------- Done invoking toplevel() on ptolemy.moml.MoMLSimpleApplication@2fa4c36f
reloadAllAccessors: .ConfigurationSelect

===========================================================================================
----------------- testing Thu Jul 18 04:52:00 UTC 2019 /home/travis/build/icyphy/ptII/ptolemy/actor/lib/test/auto/ConfigurationSelect2.xml
----------------- Instantiating /home/travis/build/icyphy/ptII/ptolemy/actor/lib/test/auto/ConfigurationSelect2.xml
2 ms. Memory: 449536K Free: 362737K (81%)
----------------- Invoking toplevel() on ptolemy.moml.MoMLSimpleApplication@5ee3cdeb
----------------- Done invoking toplevel() on ptolemy.moml.MoMLSimpleApplication@5ee3cdeb
reloadAllAccessors: .ConfigurationSelect2

===========================================================================================
----------------- testing Thu Jul 18 04:52:00 UTC 2019 /home/travis/build/icyphy/ptII/ptolemy/actor/lib/test/auto/ConfigurationSwitch.xml
----------------- Instantiating /home/travis/build/icyphy/ptII/ptolemy/actor/lib/test/auto/ConfigurationSwitch.xml
2 ms. Memory: 449536K Free: 357103K (79%)
----------------- Invoking toplevel() on ptolemy.moml.MoMLSimpleApplication@3bd6140a
----------------- Done invoking toplevel() on ptolemy.moml.MoMLSimpleApplication@3bd6140a
reloadAllAccessors: .ConfigurationSwitch

===========================================================================================
----------------- testing Thu Jul 18 04:52:00 UTC 2019 /home/travis/build/icyphy/ptII/ptolemy/actor/lib/test/auto/ConfigurationSwitch2.xml
----------------- Instantiating /home/travis/build/icyphy/ptII/ptolemy/actor/lib/test/auto/ConfigurationSwitch2.xml
2 ms. Memory: 449536K Free: 351473K (78%)
----------------- Invoking toplevel() on ptolemy.moml.MoMLSimpleApplication@2be59f61
----------------- Done invoking toplevel() on ptolemy.moml.MoMLSimpleApplication@2be59f61
reloadAllAccessors: .ConfigurationSwitch2

===========================================================================================
----------------- testing Thu Jul 18 04:52:00 UTC 2019 /home/travis/build/icyphy/ptII/ptolemy/actor/lib/test/auto/ConfigurationSwitchCloningBugWithClassRelationGroup.xml
----------------- Instantiating /home/travis/build/icyphy/ptII/ptolemy/actor/lib/test/auto/ConfigurationSwitchCloningBugWithClassRelationGroup.xml
1 ms. Memory: 449536K Free: 345329K (77%)
----------------- Invoking toplevel() on ptolemy.moml.MoMLSimpleApplication@5720ab9a
----------------- Done invoking toplevel() on ptolemy.moml.MoMLSimpleApplication@5720ab9a
reloadAllAccessors: .ConfigurationSwitchCloningBugWithClassRelationGroup

===========================================================================================
----------------- testing Thu Jul 18 04:52:00 UTC 2019 /home/travis/build/icyphy/ptII/ptolemy/actor/lib/test/auto/ConfigurationSwitchSelectSDF.xml
----------------- Instantiating /home/travis/build/icyphy/ptII/ptolemy/actor/lib/test/auto/ConfigurationSwitchSelectSDF.xml
3 ms. Memory: 449536K Free: 339695K (76%)
----------------- Invoking toplevel() on ptolemy.moml.MoMLSimpleApplication@144c8066
----------------- Done invoking toplevel() on ptolemy.moml.MoMLSimpleApplication@144c8066
reloadAllAccessors: .ConfigurationSwitchSelectSDF

===========================================================================================
----------------- testing Thu Jul 18 04:52:00 UTC 2019 /home/travis/build/icyphy/ptII/ptolemy/actor/lib/test/auto/ConfigurationSwitchSelectSDF2.xml
----------------- Instantiating /home/travis/build/icyphy/ptII/ptolemy/actor/lib/test/auto/ConfigurationSwitchSelectSDF2.xml
2 ms. Memory: 449536K Free: 334065K (74%)
----------------- Invoking toplevel() on ptolemy.moml.MoMLSimpleApplication@3c2423f9
----------------- Done invoking toplevel() on ptolemy.moml.MoMLSimpleApplication@3c2423f9
reloadAllAccessors: .ConfigurationSwitchSelectSDF2

===========================================================================================
----------------- testing Thu Jul 18 04:52:00 UTC 2019 /home/travis/build/icyphy/ptII/ptolemy/actor/lib/test/auto/Const.xml
----------------- Instantiating /home/travis/build/icyphy/ptII/ptolemy/actor/lib/test/auto/Const.xml
1 ms. Memory: 449536K Free: 330479K (74%)
----------------- Invoking toplevel() on ptolemy.moml.MoMLSimpleApplication@5cf129d1
----------------- Done invoking toplevel() on ptolemy.moml.MoMLSimpleApplication@5cf129d1
reloadAllAccessors: .Const

===========================================================================================
----------------- testing Thu Jul 18 04:52:00 UTC 2019 /home/travis/build/icyphy/ptII/ptolemy/actor/lib/test/auto/Const2.xml
----------------- Instantiating /home/travis/build/icyphy/ptII/ptolemy/actor/lib/test/auto/Const2.xml
2 ms. Memory: 449536K Free: 326383K (73%)
----------------- Invoking toplevel() on ptolemy.moml.MoMLSimpleApplication@6416783b
----------------- Done invoking toplevel() on ptolemy.moml.MoMLSimpleApplication@6416783b
reloadAllAccessors: .Const2

===========================================================================================
----------------- testing Thu Jul 18 04:52:00 UTC 2019 /home/travis/build/icyphy/ptII/ptolemy/actor/lib/test/auto/Const3.xml
----------------- Instantiating /home/travis/build/icyphy/ptII/ptolemy/actor/lib/test/auto/Const3.xml
1 ms. Memory: 449536K Free: 323825K (72%)
----------------- Invoking toplevel() on ptolemy.moml.MoMLSimpleApplication@74487185
----------------- Done invoking toplevel() on ptolemy.moml.MoMLSimpleApplication@74487185
reloadAllAccessors: .Const3

===========================================================================================
----------------- testing Thu Jul 18 04:52:00 UTC 2019 /home/travis/build/icyphy/ptII/ptolemy/actor/lib/test/auto/ConstantPublisherPort1.xml
----------------- Instantiating /home/travis/build/icyphy/ptII/ptolemy/actor/lib/test/auto/ConstantPublisherPort1.xml
7 ms. Memory: 449536K Free: 315119K (70%)
----------------- Invoking toplevel() on ptolemy.moml.MoMLSimpleApplication@3650eac6
----------------- Done invoking toplevel() on ptolemy.moml.MoMLSimpleApplication@3650eac6
reloadAllAccessors: .ConstantPublisherPort1

===========================================================================================
----------------- testing Thu Jul 18 04:52:00 UTC 2019 /home/travis/build/icyphy/ptII/ptolemy/actor/lib/test/auto/ConstantPublisherPort2.xml
----------------- Instantiating /home/travis/build/icyphy/ptII/ptolemy/actor/lib/test/auto/ConstantPublisherPort2.xml
5 ms. Memory: 449536K Free: 307951K (69%)
----------------- Invoking toplevel() on ptolemy.moml.MoMLSimpleApplication@7c90a7f5
----------------- Done invoking toplevel() on ptolemy.moml.MoMLSimpleApplication@7c90a7f5
reloadAllAccessors: .ConstantPublisherPort2

===========================================================================================
----------------- testing Thu Jul 18 04:52:00 UTC 2019 /home/travis/build/icyphy/ptII/ptolemy/actor/lib/test/auto/ConstantPublisherPort3.xml
----------------- Instantiating /home/travis/build/icyphy/ptII/ptolemy/actor/lib/test/auto/ConstantPublisherPort3.xml
8 ms. Memory: 449536K Free: 300273K (67%)
----------------- Invoking toplevel() on ptolemy.moml.MoMLSimpleApplication@5d1375f9
----------------- Done invoking toplevel() on ptolemy.moml.MoMLSimpleApplication@5d1375f9
reloadAllAccessors: .ConstantPublisherPort3

===========================================================================================
----------------- testing Thu Jul 18 04:52:00 UTC 2019 /home/travis/build/icyphy/ptII/ptolemy/actor/lib/test/auto/ConstantPublisherPort4.xml
----------------- Instantiating /home/travis/build/icyphy/ptII/ptolemy/actor/lib/test/auto/ConstantPublisherPort4.xml
3 ms. Memory: 449536K Free: 293105K (65%)
----------------- Invoking toplevel() on ptolemy.moml.MoMLSimpleApplication@44fc1d8a
----------------- Done invoking toplevel() on ptolemy.moml.MoMLSimpleApplication@44fc1d8a
reloadAllAccessors: .ConstantPublisherPort4

===========================================================================================
----------------- testing Thu Jul 18 04:52:00 UTC 2019 /home/travis/build/icyphy/ptII/ptolemy/actor/lib/test/auto/ConstantPublisherPort5.xml
----------------- Instantiating /home/travis/build/icyphy/ptII/ptolemy/actor/lib/test/auto/ConstantPublisherPort5.xml
36 ms. Memory: 449536K Free: 283889K (63%)
----------------- Invoking toplevel() on ptolemy.moml.MoMLSimpleApplication@3b1e8b28
----------------- Done invoking toplevel() on ptolemy.moml.MoMLSimpleApplication@3b1e8b28
reloadAllAccessors: .ConstantPublisherPort5

===========================================================================================
----------------- testing Thu Jul 18 04:52:00 UTC 2019 /home/travis/build/icyphy/ptII/ptolemy/actor/lib/test/auto/ConstantPublisherPort6.xml
----------------- Instantiating /home/travis/build/icyphy/ptII/ptolemy/actor/lib/test/auto/ConstantPublisherPort6.xml
28 ms. Memory: 449536K Free: 274159K (61%)
----------------- Invoking toplevel() on ptolemy.moml.MoMLSimpleApplication@593f981a
----------------- Done invoking toplevel() on ptolemy.moml.MoMLSimpleApplication@593f981a
reloadAllAccessors: .ConstantPublisherPort6

===========================================================================================
----------------- testing Thu Jul 18 04:52:00 UTC 2019 /home/travis/build/icyphy/ptII/ptolemy/actor/lib/test/auto/ConstantPublisherPort7.xml
----------------- Instantiating /home/travis/build/icyphy/ptII/ptolemy/actor/lib/test/auto/ConstantPublisherPort7.xml
21 ms. Memory: 449536K Free: 265457K (59%)
----------------- Invoking toplevel() on ptolemy.moml.MoMLSimpleApplication@72823b1a
----------------- Done invoking toplevel() on ptolemy.moml.MoMLSimpleApplication@72823b1a
reloadAllAccessors: .ConstantPublisherPort7

===========================================================================================
----------------- testing Thu Jul 18 04:52:00 UTC 2019 /home/travis/build/icyphy/ptII/ptolemy/actor/lib/test/auto/ConstraintMonitor1.xml
----------------- Instantiating /home/travis/build/icyphy/ptII/ptolemy/actor/lib/test/auto/ConstraintMonitor1.xml
7 ms. Memory: 449536K Free: 260337K (58%)
----------------- Invoking toplevel() on ptolemy.moml.MoMLSimpleApplication@6d058b25
----------------- Done invoking toplevel() on ptolemy.moml.MoMLSimpleApplication@6d058b25
reloadAllAccessors: .ConstraintMonitor1

===========================================================================================
----------------- testing Thu Jul 18 04:52:00 UTC 2019 /home/travis/build/icyphy/ptII/ptolemy/actor/lib/test/auto/ConstraintMonitor2.xml
----------------- Instantiating /home/travis/build/icyphy/ptII/ptolemy/actor/lib/test/auto/ConstraintMonitor2.xml
2 ms. Memory: 449536K Free: 255727K (57%)
----------------- Invoking toplevel() on ptolemy.moml.MoMLSimpleApplication@62e91167
----------------- Done invoking toplevel() on ptolemy.moml.MoMLSimpleApplication@62e91167
reloadAllAccessors: .ConstraintMonitor2

===========================================================================================
----------------- testing Thu Jul 18 04:52:00 UTC 2019 /home/travis/build/icyphy/ptII/ptolemy/actor/lib/test/auto/ConstraintMonitor3.xml
----------------- Instantiating /home/travis/build/icyphy/ptII/ptolemy/actor/lib/test/auto/ConstraintMonitor3.xml
4 ms. Memory: 449536K Free: 251631K (56%)
----------------- Invoking toplevel() on ptolemy.moml.MoMLSimpleApplication@2ce4f011
----------------- Done invoking toplevel() on ptolemy.moml.MoMLSimpleApplication@2ce4f011
reloadAllAccessors: .ConstraintMonitor3

===========================================================================================
----------------- testing Thu Jul 18 04:52:00 UTC 2019 /home/travis/build/icyphy/ptII/ptolemy/actor/lib/test/auto/ConstraintMonitor4.xml
----------------- Instantiating /home/travis/build/icyphy/ptII/ptolemy/actor/lib/test/auto/ConstraintMonitor4.xml
5 ms. Memory: 449536K Free: 246511K (55%)
----------------- Invoking toplevel() on ptolemy.moml.MoMLSimpleApplication@795a5035
----------------- Done invoking toplevel() on ptolemy.moml.MoMLSimpleApplication@795a5035
reloadAllAccessors: .ConstraintMonitor4

===========================================================================================
----------------- testing Thu Jul 18 04:52:00 UTC 2019 /home/travis/build/icyphy/ptII/ptolemy/actor/lib/test/auto/ConstraintMonitor5.xml
----------------- Instantiating /home/travis/build/icyphy/ptII/ptolemy/actor/lib/test/auto/ConstraintMonitor5.xml
1 ms. Memory: 449536K Free: 241391K (54%)
----------------- Invoking toplevel() on ptolemy.moml.MoMLSimpleApplication@b4edee
----------------- Done invoking toplevel() on ptolemy.moml.MoMLSimpleApplication@b4edee
reloadAllAccessors: .ConstraintMonitor5

===========================================================================================
----------------- testing Thu Jul 18 04:52:00 UTC 2019 /home/travis/build/icyphy/ptII/ptolemy/actor/lib/test/auto/ConstraintMonitor6.xml
----------------- Instantiating /home/travis/build/icyphy/ptII/ptolemy/actor/lib/test/auto/ConstraintMonitor6.xml
3 ms. Memory: 449536K Free: 235241K (52%)
----------------- Invoking toplevel() on ptolemy.moml.MoMLSimpleApplication@32e22d2e
----------------- Done invoking toplevel() on ptolemy.moml.MoMLSimpleApplication@32e22d2e
reloadAllAccessors: .ConstraintMonitor6

===========================================================================================
----------------- testing Thu Jul 18 04:52:00 UTC 2019 /home/travis/build/icyphy/ptII/ptolemy/actor/lib/test/auto/ConstraintMonitor7.xml
----------------- Instantiating /home/travis/build/icyphy/ptII/ptolemy/actor/lib/test/auto/ConstraintMonitor7.xml
7 ms. Memory: 449536K Free: 228593K (51%)
----------------- Invoking toplevel() on ptolemy.moml.MoMLSimpleApplication@1719b6c2
----------------- Done invoking toplevel() on ptolemy.moml.MoMLSimpleApplication@1719b6c2
reloadAllAccessors: .ConstraintMonitor7

===========================================================================================
----------------- testing Thu Jul 18 04:52:00 UTC 2019 /home/travis/build/icyphy/ptII/ptolemy/actor/lib/test/auto/ConstraintMonitor8.xml
----------------- Instantiating /home/travis/build/icyphy/ptII/ptolemy/actor/lib/test/auto/ConstraintMonitor8.xml
8 ms. Memory: 449536K Free: 221425K (49%)
----------------- Invoking toplevel() on ptolemy.moml.MoMLSimpleApplication@4ecdcc1e
----------------- Done invoking toplevel() on ptolemy.moml.MoMLSimpleApplication@4ecdcc1e
reloadAllAccessors: .ConstraintMonitor8

===========================================================================================
----------------- testing Thu Jul 18 04:52:00 UTC 2019 /home/travis/build/icyphy/ptII/ptolemy/actor/lib/test/auto/Counter.xml
----------------- Instantiating /home/travis/build/icyphy/ptII/ptolemy/actor/lib/test/auto/Counter.xml
2 ms. Memory: 449536K Free: 216303K (48%)
----------------- Invoking toplevel() on ptolemy.moml.MoMLSimpleApplication@48b3826a
----------------- Done invoking toplevel() on ptolemy.moml.MoMLSimpleApplication@48b3826a
reloadAllAccessors: .Counter

===========================================================================================
----------------- testing Thu Jul 18 04:52:00 UTC 2019 /home/travis/build/icyphy/ptII/ptolemy/actor/lib/test/auto/CurrentTimeSDF.xml
----------------- Instantiating /home/travis/build/icyphy/ptII/ptolemy/actor/lib/test/auto/CurrentTimeSDF.xml
1 ms. Memory: 449536K Free: 212209K (47%)
----------------- Invoking toplevel() on ptolemy.moml.MoMLSimpleApplication@3b1f2ab7
----------------- Done invoking toplevel() on ptolemy.moml.MoMLSimpleApplication@3b1f2ab7
reloadAllAccessors: .CurrentTimeSDF

===========================================================================================
----------------- testing Thu Jul 18 04:52:00 UTC 2019 /home/travis/build/icyphy/ptII/ptolemy/actor/lib/test/auto/DB.xml
----------------- Instantiating /home/travis/build/icyphy/ptII/ptolemy/actor/lib/test/auto/DB.xml
2 ms. Memory: 449536K Free: 207599K (46%)
----------------- Invoking toplevel() on ptolemy.moml.MoMLSimpleApplication@378c2aa3
----------------- Done invoking toplevel() on ptolemy.moml.MoMLSimpleApplication@378c2aa3
reloadAllAccessors: .DB

===========================================================================================
----------------- testing Thu Jul 18 04:52:00 UTC 2019 /home/travis/build/icyphy/ptII/ptolemy/actor/lib/test/auto/DBDE.xml
----------------- Instantiating /home/travis/build/icyphy/ptII/ptolemy/actor/lib/test/auto/DBDE.xml
2 ms. Memory: 449536K Free: 201441K (45%)
----------------- Invoking toplevel() on ptolemy.moml.MoMLSimpleApplication@12a92512
----------------- Done invoking toplevel() on ptolemy.moml.MoMLSimpleApplication@12a92512
reloadAllAccessors: .DBDE

===========================================================================================
----------------- testing Thu Jul 18 04:52:01 UTC 2019 /home/travis/build/icyphy/ptII/ptolemy/actor/lib/test/auto/DateConstructor.xml
----------------- Instantiating /home/travis/build/icyphy/ptII/ptolemy/actor/lib/test/auto/DateConstructor.xml
29 ms. Memory: 449536K Free: 184047K (41%)
----------------- Invoking toplevel() on ptolemy.moml.MoMLSimpleApplication@57a93623
----------------- Done invoking toplevel() on ptolemy.moml.MoMLSimpleApplication@57a93623
reloadAllAccessors: .DateConstructor

===========================================================================================
----------------- testing Thu Jul 18 04:52:01 UTC 2019 /home/travis/build/icyphy/ptII/ptolemy/actor/lib/test/auto/DelayTime.xml
----------------- Instantiating /home/travis/build/icyphy/ptII/ptolemy/actor/lib/test/auto/DelayTime.xml
6 ms. Memory: 449536K Free: 179441K (40%)
----------------- Invoking toplevel() on ptolemy.moml.MoMLSimpleApplication@3469b1b
----------------- Done invoking toplevel() on ptolemy.moml.MoMLSimpleApplication@3469b1b
reloadAllAccessors: .DelayTime

===========================================================================================
----------------- testing Thu Jul 18 04:52:01 UTC 2019 /home/travis/build/icyphy/ptII/ptolemy/actor/lib/test/auto/Dictionary1.xml
----------------- Instantiating /home/travis/build/icyphy/ptII/ptolemy/actor/lib/test/auto/Dictionary1.xml
2 ms. Memory: 449536K Free: 173807K (39%)
----------------- Invoking toplevel() on ptolemy.moml.MoMLSimpleApplication@2fc7356b
----------------- Done invoking toplevel() on ptolemy.moml.MoMLSimpleApplication@2fc7356b
reloadAllAccessors: .Dictionary1

===========================================================================================
----------------- testing Thu Jul 18 04:52:01 UTC 2019 /home/travis/build/icyphy/ptII/ptolemy/actor/lib/test/auto/Dictionary2.xml
----------------- Instantiating /home/travis/build/icyphy/ptII/ptolemy/actor/lib/test/auto/Dictionary2.xml
11 ms. Memory: 449536K Free: 168177K (37%)
----------------- Invoking toplevel() on ptolemy.moml.MoMLSimpleApplication@484fb6b8
----------------- Done invoking toplevel() on ptolemy.moml.MoMLSimpleApplication@484fb6b8
reloadAllAccessors: .Dictionary2

===========================================================================================
----------------- testing Thu Jul 18 04:52:01 UTC 2019 /home/travis/build/icyphy/ptII/ptolemy/actor/lib/test/auto/Dictionary3.xml
----------------- Instantiating /home/travis/build/icyphy/ptII/ptolemy/actor/lib/test/auto/Dictionary3.xml
2 ms. Memory: 449536K Free: 163057K (36%)
----------------- Invoking toplevel() on ptolemy.moml.MoMLSimpleApplication@6b618384
----------------- Done invoking toplevel() on ptolemy.moml.MoMLSimpleApplication@6b618384
reloadAllAccessors: .Dictionary3

===========================================================================================
----------------- testing Thu Jul 18 04:52:01 UTC 2019 /home/travis/build/icyphy/ptII/ptolemy/actor/lib/test/auto/Dictionary4.xml
----------------- Instantiating /home/travis/build/icyphy/ptII/ptolemy/actor/lib/test/auto/Dictionary4.xml
5 ms. Memory: 449536K Free: 155889K (35%)
----------------- Invoking toplevel() on ptolemy.moml.MoMLSimpleApplication@76fd229f
----------------- Done invoking toplevel() on ptolemy.moml.MoMLSimpleApplication@76fd229f
reloadAllAccessors: .Dictionary4

===========================================================================================
----------------- testing Thu Jul 18 04:52:01 UTC 2019 /home/travis/build/icyphy/ptII/ptolemy/actor/lib/test/auto/Differential.xml
----------------- Instantiating /home/travis/build/icyphy/ptII/ptolemy/actor/lib/test/auto/Differential.xml
3 ms. Memory: 449536K Free: 151279K (34%)
----------------- Invoking toplevel() on ptolemy.moml.MoMLSimpleApplication@4473dc47
----------------- Done invoking toplevel() on ptolemy.moml.MoMLSimpleApplication@4473dc47
reloadAllAccessors: .Differential

===========================================================================================
----------------- testing Thu Jul 18 04:52:01 UTC 2019 /home/travis/build/icyphy/ptII/ptolemy/actor/lib/test/auto/Director.xml
----------------- Instantiating /home/travis/build/icyphy/ptII/ptolemy/actor/lib/test/auto/Director.xml
5 ms. Memory: 449536K Free: 147697K (33%)
----------------- Invoking toplevel() on ptolemy.moml.MoMLSimpleApplication@20f53a02
----------------- Done invoking toplevel() on ptolemy.moml.MoMLSimpleApplication@20f53a02
reloadAllAccessors: .Director

===========================================================================================
----------------- testing Thu Jul 18 04:52:01 UTC 2019 /home/travis/build/icyphy/ptII/ptolemy/actor/lib/test/auto/DiscreteClock.xml
----------------- Instantiating /home/travis/build/icyphy/ptII/ptolemy/actor/lib/test/auto/DiscreteClock.xml
3 ms. Memory: 449536K Free: 144111K (32%)
----------------- Invoking toplevel() on ptolemy.moml.MoMLSimpleApplication@3f65ae95
----------------- Done invoking toplevel() on ptolemy.moml.MoMLSimpleApplication@3f65ae95
reloadAllAccessors: .DiscreteClock

===========================================================================================
----------------- testing Thu Jul 18 04:52:01 UTC 2019 /home/travis/build/icyphy/ptII/ptolemy/actor/lib/test/auto/DiscreteClock10.xml
----------------- Instantiating /home/travis/build/icyphy/ptII/ptolemy/actor/lib/test/auto/DiscreteClock10.xml
2 ms. Memory: 449536K Free: 137967K (31%)
----------------- Invoking toplevel() on ptolemy.moml.MoMLSimpleApplication@600e54ca
----------------- Done invoking toplevel() on ptolemy.moml.MoMLSimpleApplication@600e54ca
reloadAllAccessors: .DiscreteClock10

===========================================================================================
----------------- testing Thu Jul 18 04:52:01 UTC 2019 /home/travis/build/icyphy/ptII/ptolemy/actor/lib/test/auto/DiscreteClock11.xml
----------------- Instantiating /home/travis/build/icyphy/ptII/ptolemy/actor/lib/test/auto/DiscreteClock11.xml
2 ms. Memory: 449536K Free: 398546K (89%)
----------------- Invoking toplevel() on ptolemy.moml.MoMLSimpleApplication@1ea3263e
----------------- Done invoking toplevel() on ptolemy.moml.MoMLSimpleApplication@1ea3263e
reloadAllAccessors: .DiscreteClock11

===========================================================================================
----------------- testing Thu Jul 18 04:52:01 UTC 2019 /home/travis/build/icyphy/ptII/ptolemy/actor/lib/test/auto/DiscreteClock12.xml
----------------- Instantiating /home/travis/build/icyphy/ptII/ptolemy/actor/lib/test/auto/DiscreteClock12.xml
4 ms. Memory: 449536K Free: 392402K (87%)
----------------- Invoking toplevel() on ptolemy.moml.MoMLSimpleApplication@1dbcafd3
----------------- Done invoking toplevel() on ptolemy.moml.MoMLSimpleApplication@1dbcafd3
reloadAllAccessors: .DiscreteClock12

===========================================================================================
----------------- testing Thu Jul 18 04:52:01 UTC 2019 /home/travis/build/icyphy/ptII/ptolemy/actor/lib/test/auto/DiscreteClock13.xml
----------------- Instantiating /home/travis/build/icyphy/ptII/ptolemy/actor/lib/test/auto/DiscreteClock13.xml
5 ms. Memory: 449536K Free: 386228K (86%)
----------------- Invoking toplevel() on ptolemy.moml.MoMLSimpleApplication@57f569be
----------------- Done invoking toplevel() on ptolemy.moml.MoMLSimpleApplication@57f569be
reloadAllAccessors: .DiscreteClock13

===========================================================================================
----------------- testing Thu Jul 18 04:52:01 UTC 2019 /home/travis/build/icyphy/ptII/ptolemy/actor/lib/test/auto/DiscreteClock14.xml
----------------- Instantiating /home/travis/build/icyphy/ptII/ptolemy/actor/lib/test/auto/DiscreteClock14.xml
5 ms. Memory: 449536K Free: 380098K (85%)
----------------- Invoking toplevel() on ptolemy.moml.MoMLSimpleApplication@293f20f9
----------------- Done invoking toplevel() on ptolemy.moml.MoMLSimpleApplication@293f20f9
reloadAllAccessors: .DiscreteClock14

===========================================================================================
----------------- testing Thu Jul 18 04:52:01 UTC 2019 /home/travis/build/icyphy/ptII/ptolemy/actor/lib/test/auto/DiscreteClock15.xml
----------------- Instantiating /home/travis/build/icyphy/ptII/ptolemy/actor/lib/test/auto/DiscreteClock15.xml
5 ms. Memory: 449536K Free: 373956K (83%)
----------------- Invoking toplevel() on ptolemy.moml.MoMLSimpleApplication@24c9d7b4
----------------- Done invoking toplevel() on ptolemy.moml.MoMLSimpleApplication@24c9d7b4
reloadAllAccessors: .DiscreteClock15

===========================================================================================
----------------- testing Thu Jul 18 04:52:01 UTC 2019 /home/travis/build/icyphy/ptII/ptolemy/actor/lib/test/auto/DiscreteClock16.xml
----------------- Instantiating /home/travis/build/icyphy/ptII/ptolemy/actor/lib/test/auto/DiscreteClock16.xml
20 ms. Memory: 449536K Free: 360644K (80%)
----------------- Invoking toplevel() on ptolemy.moml.MoMLSimpleApplication@15278a6c
----------------- Done invoking toplevel() on ptolemy.moml.MoMLSimpleApplication@15278a6c
reloadAllAccessors: .DiscreteClock16

===========================================================================================
----------------- testing Thu Jul 18 04:52:01 UTC 2019 /home/travis/build/icyphy/ptII/ptolemy/actor/lib/test/auto/DiscreteClock17.xml
----------------- Instantiating /home/travis/build/icyphy/ptII/ptolemy/actor/lib/test/auto/DiscreteClock17.xml
19 ms. Memory: 449536K Free: 345812K (77%)
----------------- Invoking toplevel() on ptolemy.moml.MoMLSimpleApplication@4aa97a98
----------------- Done invoking toplevel() on ptolemy.moml.MoMLSimpleApplication@4aa97a98
reloadAllAccessors: .DiscreteClock17

===========================================================================================
----------------- testing Thu Jul 18 04:52:01 UTC 2019 /home/travis/build/icyphy/ptII/ptolemy/actor/lib/test/auto/DiscreteClock18.xml
----------------- Instantiating /home/travis/build/icyphy/ptII/ptolemy/actor/lib/test/auto/DiscreteClock18.xml
14 ms. Memory: 449536K Free: 331986K (74%)
----------------- Invoking toplevel() on ptolemy.moml.MoMLSimpleApplication@503d2924
----------------- Done invoking toplevel() on ptolemy.moml.MoMLSimpleApplication@503d2924
reloadAllAccessors: .DiscreteClock18

===========================================================================================
----------------- testing Thu Jul 18 04:52:01 UTC 2019 /home/travis/build/icyphy/ptII/ptolemy/actor/lib/test/auto/DiscreteClock19.xml
----------------- Instantiating /home/travis/build/icyphy/ptII/ptolemy/actor/lib/test/auto/DiscreteClock19.xml
22 ms. Memory: 449536K Free: 318660K (71%)
----------------- Invoking toplevel() on ptolemy.moml.MoMLSimpleApplication@784982d8
----------------- Done invoking toplevel() on ptolemy.moml.MoMLSimpleApplication@784982d8
reloadAllAccessors: .DiscreteClock19

===========================================================================================
----------------- testing Thu Jul 18 04:52:01 UTC 2019 /home/travis/build/icyphy/ptII/ptolemy/actor/lib/test/auto/DiscreteClock2.xml
----------------- Instantiating /home/travis/build/icyphy/ptII/ptolemy/actor/lib/test/auto/DiscreteClock2.xml
4 ms. Memory: 449536K Free: 313524K (70%)
----------------- Invoking toplevel() on ptolemy.moml.MoMLSimpleApplication@6dfd9c7c
----------------- Done invoking toplevel() on ptolemy.moml.MoMLSimpleApplication@6dfd9c7c
reloadAllAccessors: .DiscreteClock2

===========================================================================================
----------------- testing Thu Jul 18 04:52:01 UTC 2019 /home/travis/build/icyphy/ptII/ptolemy/actor/lib/test/auto/DiscreteClock20.xml
----------------- Instantiating /home/travis/build/icyphy/ptII/ptolemy/actor/lib/test/auto/DiscreteClock20.xml
8 ms. Memory: 449536K Free: 307924K (68%)
----------------- Invoking toplevel() on ptolemy.moml.MoMLSimpleApplication@4b7c0640
----------------- Done invoking toplevel() on ptolemy.moml.MoMLSimpleApplication@4b7c0640
reloadAllAccessors: .DiscreteClock20

===========================================================================================
----------------- testing Thu Jul 18 04:52:01 UTC 2019 /home/travis/build/icyphy/ptII/ptolemy/actor/lib/test/auto/DiscreteClock21.xml
----------------- Instantiating /home/travis/build/icyphy/ptII/ptolemy/actor/lib/test/auto/DiscreteClock21.xml
4 ms. Memory: 449536K Free: 302290K (67%)
----------------- Invoking toplevel() on ptolemy.moml.MoMLSimpleApplication@247cd817
----------------- Done invoking toplevel() on ptolemy.moml.MoMLSimpleApplication@247cd817
reloadAllAccessors: .DiscreteClock21

===========================================================================================
----------------- testing Thu Jul 18 04:52:01 UTC 2019 /home/travis/build/icyphy/ptII/ptolemy/actor/lib/test/auto/DiscreteClock22.xml
----------------- Instantiating /home/travis/build/icyphy/ptII/ptolemy/actor/lib/test/auto/DiscreteClock22.xml
6 ms. Memory: 449536K Free: 296660K (66%)
----------------- Invoking toplevel() on ptolemy.moml.MoMLSimpleApplication@92d9158
----------------- Done invoking toplevel() on ptolemy.moml.MoMLSimpleApplication@92d9158
reloadAllAccessors: .DiscreteClock22

===========================================================================================
----------------- testing Thu Jul 18 04:52:01 UTC 2019 /home/travis/build/icyphy/ptII/ptolemy/actor/lib/test/auto/DiscreteClock23.xml
----------------- Instantiating /home/travis/build/icyphy/ptII/ptolemy/actor/lib/test/auto/DiscreteClock23.xml
7 ms. Memory: 449536K Free: 291540K (65%)
----------------- Invoking toplevel() on ptolemy.moml.MoMLSimpleApplication@716f6811
----------------- Done invoking toplevel() on ptolemy.moml.MoMLSimpleApplication@716f6811
reloadAllAccessors: .DiscreteClock23

===========================================================================================
----------------- testing Thu Jul 18 04:52:01 UTC 2019 /home/travis/build/icyphy/ptII/ptolemy/actor/lib/test/auto/DiscreteClock24.xml
----------------- Instantiating /home/travis/build/icyphy/ptII/ptolemy/actor/lib/test/auto/DiscreteClock24.xml
5 ms. Memory: 449536K Free: 285906K (64%)
----------------- Invoking toplevel() on ptolemy.moml.MoMLSimpleApplication@ffb955d
----------------- Done invoking toplevel() on ptolemy.moml.MoMLSimpleApplication@ffb955d
reloadAllAccessors: .DiscreteClock24

===========================================================================================
----------------- testing Thu Jul 18 04:52:01 UTC 2019 /home/travis/build/icyphy/ptII/ptolemy/actor/lib/test/auto/DiscreteClock4.xml
----------------- Instantiating /home/travis/build/icyphy/ptII/ptolemy/actor/lib/test/auto/DiscreteClock4.xml
5 ms. Memory: 449536K Free: 280276K (62%)
----------------- Invoking toplevel() on ptolemy.moml.MoMLSimpleApplication@2a1680bc
----------------- Done invoking toplevel() on ptolemy.moml.MoMLSimpleApplication@2a1680bc
reloadAllAccessors: .DiscreteClock4

===========================================================================================
----------------- testing Thu Jul 18 04:52:01 UTC 2019 /home/travis/build/icyphy/ptII/ptolemy/actor/lib/test/auto/DiscreteClock5.xml
----------------- Instantiating /home/travis/build/icyphy/ptII/ptolemy/actor/lib/test/auto/DiscreteClock5.xml
1 ms. Memory: 449536K Free: 274636K (61%)
----------------- Invoking toplevel() on ptolemy.moml.MoMLSimpleApplication@31aca353
----------------- Done invoking toplevel() on ptolemy.moml.MoMLSimpleApplication@31aca353
reloadAllAccessors: .DiscreteClock5

===========================================================================================
----------------- testing Thu Jul 18 04:52:01 UTC 2019 /home/travis/build/icyphy/ptII/ptolemy/actor/lib/test/auto/DiscreteClock6.xml
----------------- Instantiating /home/travis/build/icyphy/ptII/ptolemy/actor/lib/test/auto/DiscreteClock6.xml
1 ms. Memory: 449536K Free: 271060K (60%)
----------------- Invoking toplevel() on ptolemy.moml.MoMLSimpleApplication@2fb63af3
----------------- Done invoking toplevel() on ptolemy.moml.MoMLSimpleApplication@2fb63af3
reloadAllAccessors: .DiscreteClock6

===========================================================================================
----------------- testing Thu Jul 18 04:52:01 UTC 2019 /home/travis/build/icyphy/ptII/ptolemy/actor/lib/test/auto/DiscreteClock7.xml
----------------- Instantiating /home/travis/build/icyphy/ptII/ptolemy/actor/lib/test/auto/DiscreteClock7.xml
2 ms. Memory: 449536K Free: 266450K (59%)
----------------- Invoking toplevel() on ptolemy.moml.MoMLSimpleApplication@323dda29
----------------- Done invoking toplevel() on ptolemy.moml.MoMLSimpleApplication@323dda29
reloadAllAccessors: .DiscreteClock7

===========================================================================================
----------------- testing Thu Jul 18 04:52:01 UTC 2019 /home/travis/build/icyphy/ptII/ptolemy/actor/lib/test/auto/DiscreteClock8.xml
----------------- Instantiating /home/travis/build/icyphy/ptII/ptolemy/actor/lib/test/auto/DiscreteClock8.xml
7 ms. Memory: 449536K Free: 260820K (58%)
----------------- Invoking toplevel() on ptolemy.moml.MoMLSimpleApplication@629b5ae7
----------------- Done invoking toplevel() on ptolemy.moml.MoMLSimpleApplication@629b5ae7
reloadAllAccessors: .DiscreteClock8

===========================================================================================
----------------- testing Thu Jul 18 04:52:01 UTC 2019 /home/travis/build/icyphy/ptII/ptolemy/actor/lib/test/auto/DiscreteClock9.xml
----------------- Instantiating /home/travis/build/icyphy/ptII/ptolemy/actor/lib/test/auto/DiscreteClock9.xml
5 ms. Memory: 449536K Free: 254676K (57%)
----------------- Invoking toplevel() on ptolemy.moml.MoMLSimpleApplication@6c2cabbb
----------------- Done invoking toplevel() on ptolemy.moml.MoMLSimpleApplication@6c2cabbb
reloadAllAccessors: .DiscreteClock9

===========================================================================================
----------------- testing Thu Jul 18 04:52:01 UTC 2019 /home/travis/build/icyphy/ptII/ptolemy/actor/lib/test/auto/DisplayArray.xml
----------------- Instantiating /home/travis/build/icyphy/ptII/ptolemy/actor/lib/test/auto/DisplayArray.xml
1 ms. Memory: 449536K Free: 251090K (56%)
----------------- Invoking toplevel() on ptolemy.moml.MoMLSimpleApplication@3218d03a
----------------- Done invoking toplevel() on ptolemy.moml.MoMLSimpleApplication@3218d03a
reloadAllAccessors: .DisplayArray

===========================================================================================
----------------- testing Thu Jul 18 04:52:01 UTC 2019 /home/travis/build/icyphy/ptII/ptolemy/actor/lib/test/auto/Distributor.xml
----------------- Instantiating /home/travis/build/icyphy/ptII/ptolemy/actor/lib/test/auto/Distributor.xml
2 ms. Memory: 449536K Free: 246484K (55%)
----------------- Invoking toplevel() on ptolemy.moml.MoMLSimpleApplication@3e204fa2
----------------- Done invoking toplevel() on ptolemy.moml.MoMLSimpleApplication@3e204fa2
reloadAllAccessors: .Distributor

===========================================================================================
----------------- testing Thu Jul 18 04:52:01 UTC 2019 /home/travis/build/icyphy/ptII/ptolemy/actor/lib/test/auto/Distributor2.xml
----------------- Instantiating /home/travis/build/icyphy/ptII/ptolemy/actor/lib/test/auto/Distributor2.xml
2 ms. Memory: 449536K Free: 241874K (54%)
----------------- Invoking toplevel() on ptolemy.moml.MoMLSimpleApplication@39fe5a40
----------------- Done invoking toplevel() on ptolemy.moml.MoMLSimpleApplication@39fe5a40
reloadAllAccessors: .Distributor2

===========================================================================================
----------------- testing Thu Jul 18 04:52:02 UTC 2019 /home/travis/build/icyphy/ptII/ptolemy/actor/lib/test/auto/DownSample.xml
----------------- Instantiating /home/travis/build/icyphy/ptII/ptolemy/actor/lib/test/auto/DownSample.xml
2 ms. Memory: 449536K Free: 237268K (53%)
----------------- Invoking toplevel() on ptolemy.moml.MoMLSimpleApplication@2695b006
----------------- Done invoking toplevel() on ptolemy.moml.MoMLSimpleApplication@2695b006
reloadAllAccessors: .DownSample

===========================================================================================
----------------- testing Thu Jul 18 04:52:02 UTC 2019 /home/travis/build/icyphy/ptII/ptolemy/actor/lib/test/auto/ElectronicUnitBase1.xml
----------------- Instantiating /home/travis/build/icyphy/ptII/ptolemy/actor/lib/test/auto/ElectronicUnitBase1.xml
19 ms. Memory: 449536K Free: 221394K (49%)
----------------- Invoking toplevel() on ptolemy.moml.MoMLSimpleApplication@63ed113a
----------------- Done invoking toplevel() on ptolemy.moml.MoMLSimpleApplication@63ed113a
reloadAllAccessors: .ElectronicUnitBase1

===========================================================================================
----------------- testing Thu Jul 18 04:52:02 UTC 2019 /home/travis/build/icyphy/ptII/ptolemy/actor/lib/test/auto/ElementsToArray.xml
----------------- Instantiating /home/travis/build/icyphy/ptII/ptolemy/actor/lib/test/auto/ElementsToArray.xml
2 ms. Memory: 449536K Free: 216274K (48%)
----------------- Invoking toplevel() on ptolemy.moml.MoMLSimpleApplication@7b155a6f
----------------- Done invoking toplevel() on ptolemy.moml.MoMLSimpleApplication@7b155a6f
reloadAllAccessors: .ElementsToArray

===========================================================================================
----------------- testing Thu Jul 18 04:52:02 UTC 2019 /home/travis/build/icyphy/ptII/ptolemy/actor/lib/test/auto/Equals.xml
----------------- Instantiating /home/travis/build/icyphy/ptII/ptolemy/actor/lib/test/auto/Equals.xml
4 ms. Memory: 449536K Free: 212178K (47%)
----------------- Invoking toplevel() on ptolemy.moml.MoMLSimpleApplication@14ef4489
----------------- Done invoking toplevel() on ptolemy.moml.MoMLSimpleApplication@14ef4489
reloadAllAccessors: .Equals

===========================================================================================
----------------- testing Thu Jul 18 04:52:02 UTC 2019 /home/travis/build/icyphy/ptII/ptolemy/actor/lib/test/auto/Exec.xml
----------------- Instantiating /home/travis/build/icyphy/ptII/ptolemy/actor/lib/test/auto/Exec.xml
22 ms. Memory: 449536K Free: 206020K (46%)
----------------- Invoking toplevel() on ptolemy.moml.MoMLSimpleApplication@7f8a5aae
----------------- Done invoking toplevel() on ptolemy.moml.MoMLSimpleApplication@7f8a5aae
reloadAllAccessors: .Exec

===========================================================================================
----------------- testing Thu Jul 18 04:52:02 UTC 2019 /home/travis/build/icyphy/ptII/ptolemy/actor/lib/test/auto/ExecEnvironment.xml
----------------- Instantiating /home/travis/build/icyphy/ptII/ptolemy/actor/lib/test/auto/ExecEnvironment.xml
25 ms. Memory: 449536K Free: 200900K (45%)
----------------- Invoking toplevel() on ptolemy.moml.MoMLSimpleApplication@92a0313
----------------- Done invoking toplevel() on ptolemy.moml.MoMLSimpleApplication@92a0313
reloadAllAccessors: .ExecEnvironment

===========================================================================================
----------------- testing Thu Jul 18 04:52:02 UTC 2019 /home/travis/build/icyphy/ptII/ptolemy/actor/lib/test/auto/ExecNonZeroReturnOutput.xml
----------------- Instantiating /home/travis/build/icyphy/ptII/ptolemy/actor/lib/test/auto/ExecNonZeroReturnOutput.xml
193 ms. Memory: 449536K Free: 189650K (42%)
----------------- Invoking toplevel() on ptolemy.moml.MoMLSimpleApplication@5c6e700c
----------------- Done invoking toplevel() on ptolemy.moml.MoMLSimpleApplication@5c6e700c
reloadAllAccessors: .ExecNonZeroReturnOutput

===========================================================================================
----------------- testing Thu Jul 18 04:52:02 UTC 2019 /home/travis/build/icyphy/ptII/ptolemy/actor/lib/test/auto/ExecRunDemos.xml
----------------- Instantiating /home/travis/build/icyphy/ptII/ptolemy/actor/lib/test/auto/ExecRunDemos.xml
Finished: 70 ms. Memory: 120832K Free: 104564K (87%)

Finished: 70 ms. Memory: 120832K Free: 110784K (92%)

Finished: 107 ms. Memory: 120832K Free: 110830K (92%)

Finished: 80 ms. Memory: 120832K Free: 103183K (85%)

Finished: 105 ms. Memory: 120832K Free: 103934K (86%)

11529 ms. Memory: 449536K Free: 168658K (38%)
----------------- Invoking toplevel() on ptolemy.moml.MoMLSimpleApplication@1ae6012b
----------------- Done invoking toplevel() on ptolemy.moml.MoMLSimpleApplication@1ae6012b
reloadAllAccessors: .ExecRunDemos

===========================================================================================
----------------- testing Thu Jul 18 04:52:14 UTC 2019 /home/travis/build/icyphy/ptII/ptolemy/actor/lib/test/auto/ExecStop.xml
----------------- Instantiating /home/travis/build/icyphy/ptII/ptolemy/actor/lib/test/auto/ExecStop.xml
5024 ms. Memory: 449536K Free: 313769K (70%)
----------------- Invoking toplevel() on ptolemy.moml.MoMLSimpleApplication@65cd180d
----------------- Done invoking toplevel() on ptolemy.moml.MoMLSimpleApplication@65cd180d
reloadAllAccessors: .ExecStop

===========================================================================================
----------------- testing Thu Jul 18 04:52:19 UTC 2019 /home/travis/build/icyphy/ptII/ptolemy/actor/lib/test/auto/ExecutionTimeSDF.xml
----------------- Instantiating /home/travis/build/icyphy/ptII/ptolemy/actor/lib/test/auto/ExecutionTimeSDF.xml
Fired ExecutionTime: 1870400000
Fired ExecutionTime: 1070800000
Fired ExecutionTime: -1095367296
6005 ms. Memory: 449536K Free: 301211K (67%)
----------------- Invoking toplevel() on ptolemy.moml.MoMLSimpleApplication@3cdbc7f1
----------------- Done invoking toplevel() on ptolemy.moml.MoMLSimpleApplication@3cdbc7f1
reloadAllAccessors: .ExecutionTimeSDF

===========================================================================================
----------------- testing Thu Jul 18 04:52:25 UTC 2019 /home/travis/build/icyphy/ptII/ptolemy/actor/lib/test/auto/Expression1.xml
----------------- Instantiating /home/travis/build/icyphy/ptII/ptolemy/actor/lib/test/auto/Expression1.xml
2 ms. Memory: 449536K Free: 297643K (66%)
----------------- Invoking toplevel() on ptolemy.moml.MoMLSimpleApplication@7c56fb56
----------------- Done invoking toplevel() on ptolemy.moml.MoMLSimpleApplication@7c56fb56
reloadAllAccessors: .Expression1

===========================================================================================
----------------- testing Thu Jul 18 04:52:25 UTC 2019 /home/travis/build/icyphy/ptII/ptolemy/actor/lib/test/auto/Expression10.xml
----------------- Instantiating /home/travis/build/icyphy/ptII/ptolemy/actor/lib/test/auto/Expression10.xml
7 ms. Memory: 449536K Free: 292009K (65%)
----------------- Invoking toplevel() on ptolemy.moml.MoMLSimpleApplication@46578758
----------------- Done invoking toplevel() on ptolemy.moml.MoMLSimpleApplication@46578758
reloadAllAccessors: .Expression10

===========================================================================================
----------------- testing Thu Jul 18 04:52:25 UTC 2019 /home/travis/build/icyphy/ptII/ptolemy/actor/lib/test/auto/Expression11.xml
----------------- Instantiating /home/travis/build/icyphy/ptII/ptolemy/actor/lib/test/auto/Expression11.xml
2 ms. Memory: 449536K Free: 287403K (64%)
----------------- Invoking toplevel() on ptolemy.moml.MoMLSimpleApplication@33d83c2d
----------------- Done invoking toplevel() on ptolemy.moml.MoMLSimpleApplication@33d83c2d
reloadAllAccessors: .Expression11

===========================================================================================
----------------- testing Thu Jul 18 04:52:25 UTC 2019 /home/travis/build/icyphy/ptII/ptolemy/actor/lib/test/auto/Expression12.xml
----------------- Instantiating /home/travis/build/icyphy/ptII/ptolemy/actor/lib/test/auto/Expression12.xml
3 ms. Memory: 449536K Free: 281769K (63%)
----------------- Invoking toplevel() on ptolemy.moml.MoMLSimpleApplication@5e65c6f1
----------------- Done invoking toplevel() on ptolemy.moml.MoMLSimpleApplication@5e65c6f1
reloadAllAccessors: .Expression12

===========================================================================================
----------------- testing Thu Jul 18 04:52:25 UTC 2019 /home/travis/build/icyphy/ptII/ptolemy/actor/lib/test/auto/Expression13.xml
----------------- Instantiating /home/travis/build/icyphy/ptII/ptolemy/actor/lib/test/auto/Expression13.xml
3 ms. Memory: 449536K Free: 277163K (62%)
----------------- Invoking toplevel() on ptolemy.moml.MoMLSimpleApplication@3852c091
----------------- Done invoking toplevel() on ptolemy.moml.MoMLSimpleApplication@3852c091
reloadAllAccessors: .Expression13

===========================================================================================
----------------- testing Thu Jul 18 04:52:25 UTC 2019 /home/travis/build/icyphy/ptII/ptolemy/actor/lib/test/auto/Expression14.xml
----------------- Instantiating /home/travis/build/icyphy/ptII/ptolemy/actor/lib/test/auto/Expression14.xml
9 ms. Memory: 449536K Free: 271019K (60%)
----------------- Invoking toplevel() on ptolemy.moml.MoMLSimpleApplication@780daab9
----------------- Done invoking toplevel() on ptolemy.moml.MoMLSimpleApplication@780daab9
reloadAllAccessors: .Expression14

===========================================================================================
----------------- testing Thu Jul 18 04:52:25 UTC 2019 /home/travis/build/icyphy/ptII/ptolemy/actor/lib/test/auto/Expression15.xml
----------------- Instantiating /home/travis/build/icyphy/ptII/ptolemy/actor/lib/test/auto/Expression15.xml
1 ms. Memory: 449536K Free: 266923K (59%)
----------------- Invoking toplevel() on ptolemy.moml.MoMLSimpleApplication@75af12ad
----------------- Done invoking toplevel() on ptolemy.moml.MoMLSimpleApplication@75af12ad
reloadAllAccessors: .Expression15

===========================================================================================
----------------- testing Thu Jul 18 04:52:25 UTC 2019 /home/travis/build/icyphy/ptII/ptolemy/actor/lib/test/auto/Expression16.xml
----------------- Instantiating /home/travis/build/icyphy/ptII/ptolemy/actor/lib/test/auto/Expression16.xml
5 ms. Memory: 449536K Free: 261803K (58%)
----------------- Invoking toplevel() on ptolemy.moml.MoMLSimpleApplication@6e09f5c
----------------- Done invoking toplevel() on ptolemy.moml.MoMLSimpleApplication@6e09f5c
reloadAllAccessors: .Expression16

===========================================================================================
----------------- testing Thu Jul 18 04:52:25 UTC 2019 /home/travis/build/icyphy/ptII/ptolemy/actor/lib/test/auto/Expression17.xml
----------------- Instantiating /home/travis/build/icyphy/ptII/ptolemy/actor/lib/test/auto/Expression17.xml
4 ms. Memory: 449536K Free: 257193K (57%)
----------------- Invoking toplevel() on ptolemy.moml.MoMLSimpleApplication@45ae65b6
----------------- Done invoking toplevel() on ptolemy.moml.MoMLSimpleApplication@45ae65b6
reloadAllAccessors: .Expression17

===========================================================================================
----------------- testing Thu Jul 18 04:52:25 UTC 2019 /home/travis/build/icyphy/ptII/ptolemy/actor/lib/test/auto/Expression18.xml
----------------- Instantiating /home/travis/build/icyphy/ptII/ptolemy/actor/lib/test/auto/Expression18.xml
3 ms. Memory: 449536K Free: 252073K (56%)
----------------- Invoking toplevel() on ptolemy.moml.MoMLSimpleApplication@6afbb0f9
----------------- Done invoking toplevel() on ptolemy.moml.MoMLSimpleApplication@6afbb0f9
reloadAllAccessors: .Expression18

===========================================================================================
----------------- testing Thu Jul 18 04:52:25 UTC 2019 /home/travis/build/icyphy/ptII/ptolemy/actor/lib/test/auto/Expression2.xml
----------------- Instantiating /home/travis/build/icyphy/ptII/ptolemy/actor/lib/test/auto/Expression2.xml
3 ms. Memory: 449536K Free: 246953K (55%)
----------------- Invoking toplevel() on ptolemy.moml.MoMLSimpleApplication@561878d7
----------------- Done invoking toplevel() on ptolemy.moml.MoMLSimpleApplication@561878d7
reloadAllAccessors: .Expression2

===========================================================================================
----------------- testing Thu Jul 18 04:52:25 UTC 2019 /home/travis/build/icyphy/ptII/ptolemy/actor/lib/test/auto/Expression3.xml
----------------- Instantiating /home/travis/build/icyphy/ptII/ptolemy/actor/lib/test/auto/Expression3.xml
9 ms. Memory: 449536K Free: 241833K (54%)
----------------- Invoking toplevel() on ptolemy.moml.MoMLSimpleApplication@59907e86
----------------- Done invoking toplevel() on ptolemy.moml.MoMLSimpleApplication@59907e86
reloadAllAccessors: .Expression3

===========================================================================================
----------------- testing Thu Jul 18 04:52:25 UTC 2019 /home/travis/build/icyphy/ptII/ptolemy/actor/lib/test/auto/Expression4.xml
----------------- Instantiating /home/travis/build/icyphy/ptII/ptolemy/actor/lib/test/auto/Expression4.xml
4 ms. Memory: 449536K Free: 234155K (52%)
----------------- Invoking toplevel() on ptolemy.moml.MoMLSimpleApplication@57c3ee08
----------------- Done invoking toplevel() on ptolemy.moml.MoMLSimpleApplication@57c3ee08
reloadAllAccessors: .Expression4

===========================================================================================
----------------- testing Thu Jul 18 04:52:25 UTC 2019 /home/travis/build/icyphy/ptII/ptolemy/actor/lib/test/auto/Expression5.xml
----------------- Instantiating /home/travis/build/icyphy/ptII/ptolemy/actor/lib/test/auto/Expression5.xml
4 ms. Memory: 449536K Free: 229035K (51%)
----------------- Invoking toplevel() on ptolemy.moml.MoMLSimpleApplication@3b7702e3
----------------- Done invoking toplevel() on ptolemy.moml.MoMLSimpleApplication@3b7702e3
reloadAllAccessors: .Expression5

===========================================================================================
----------------- testing Thu Jul 18 04:52:25 UTC 2019 /home/travis/build/icyphy/ptII/ptolemy/actor/lib/test/auto/Expression6.xml
----------------- Instantiating /home/travis/build/icyphy/ptII/ptolemy/actor/lib/test/auto/Expression6.xml
3 ms. Memory: 449536K Free: 224939K (50%)
----------------- Invoking toplevel() on ptolemy.moml.MoMLSimpleApplication@260ccb7
----------------- Done invoking toplevel() on ptolemy.moml.MoMLSimpleApplication@260ccb7
reloadAllAccessors: .Expression6

===========================================================================================
----------------- testing Thu Jul 18 04:52:25 UTC 2019 /home/travis/build/icyphy/ptII/ptolemy/actor/lib/test/auto/Expression7.xml
----------------- Instantiating /home/travis/build/icyphy/ptII/ptolemy/actor/lib/test/auto/Expression7.xml
2 ms. Memory: 449536K Free: 219819K (49%)
----------------- Invoking toplevel() on ptolemy.moml.MoMLSimpleApplication@7f71368e
----------------- Done invoking toplevel() on ptolemy.moml.MoMLSimpleApplication@7f71368e
reloadAllAccessors: .Expression7

===========================================================================================
----------------- testing Thu Jul 18 04:52:25 UTC 2019 /home/travis/build/icyphy/ptII/ptolemy/actor/lib/test/auto/Expression8.xml
----------------- Instantiating /home/travis/build/icyphy/ptII/ptolemy/actor/lib/test/auto/Expression8.xml
8 ms. Memory: 449536K Free: 214699K (48%)
----------------- Invoking toplevel() on ptolemy.moml.MoMLSimpleApplication@509eef1d
----------------- Done invoking toplevel() on ptolemy.moml.MoMLSimpleApplication@509eef1d
reloadAllAccessors: .Expression8

===========================================================================================
----------------- testing Thu Jul 18 04:52:25 UTC 2019 /home/travis/build/icyphy/ptII/ptolemy/actor/lib/test/auto/Expression9.xml
----------------- Instantiating /home/travis/build/icyphy/ptII/ptolemy/actor/lib/test/auto/Expression9.xml
1 ms. Memory: 449536K Free: 210603K (47%)
----------------- Invoking toplevel() on ptolemy.moml.MoMLSimpleApplication@293014e
----------------- Done invoking toplevel() on ptolemy.moml.MoMLSimpleApplication@293014e
reloadAllAccessors: .Expression9

===========================================================================================
----------------- testing Thu Jul 18 04:52:25 UTC 2019 /home/travis/build/icyphy/ptII/ptolemy/actor/lib/test/auto/ExpressionConcatenateArrayType.xml
----------------- Instantiating /home/travis/build/icyphy/ptII/ptolemy/actor/lib/test/auto/ExpressionConcatenateArrayType.xml
4 ms. Memory: 449536K Free: 203945K (45%)
----------------- Invoking toplevel() on ptolemy.moml.MoMLSimpleApplication@11a2a44c
----------------- Done invoking toplevel() on ptolemy.moml.MoMLSimpleApplication@11a2a44c
reloadAllAccessors: .ExpressionConcatenateArrayType

===========================================================================================
----------------- testing Thu Jul 18 04:52:25 UTC 2019 /home/travis/build/icyphy/ptII/ptolemy/actor/lib/test/auto/ExpressionConcatenateArrayType2.xml
----------------- Instantiating /home/travis/build/icyphy/ptII/ptolemy/actor/lib/test/auto/ExpressionConcatenateArrayType2.xml
3 ms. Memory: 449536K Free: 198315K (44%)
----------------- Invoking toplevel() on ptolemy.moml.MoMLSimpleApplication@638042d7
----------------- Done invoking toplevel() on ptolemy.moml.MoMLSimpleApplication@638042d7
reloadAllAccessors: .ExpressionConcatenateArrayType2

===========================================================================================
----------------- testing Thu Jul 18 04:52:25 UTC 2019 /home/travis/build/icyphy/ptII/ptolemy/actor/lib/test/auto/ExpressionFix.xml
----------------- Instantiating /home/travis/build/icyphy/ptII/ptolemy/actor/lib/test/auto/ExpressionFix.xml
23 ms. Memory: 449536K Free: 192171K (43%)
----------------- Invoking toplevel() on ptolemy.moml.MoMLSimpleApplication@359eb362
----------------- Done invoking toplevel() on ptolemy.moml.MoMLSimpleApplication@359eb362
reloadAllAccessors: .ExpressionFix

===========================================================================================
----------------- testing Thu Jul 18 04:52:25 UTC 2019 /home/travis/build/icyphy/ptII/ptolemy/actor/lib/test/auto/ExpressionFix2.xml
----------------- Instantiating /home/travis/build/icyphy/ptII/ptolemy/actor/lib/test/auto/ExpressionFix2.xml
5 ms. Memory: 449536K Free: 188075K (42%)
----------------- Invoking toplevel() on ptolemy.moml.MoMLSimpleApplication@327660a5
----------------- Done invoking toplevel() on ptolemy.moml.MoMLSimpleApplication@327660a5
reloadAllAccessors: .ExpressionFix2

===========================================================================================
----------------- testing Thu Jul 18 04:52:25 UTC 2019 /home/travis/build/icyphy/ptII/ptolemy/actor/lib/test/auto/ExpressionFix3.xml
----------------- Instantiating /home/travis/build/icyphy/ptII/ptolemy/actor/lib/test/auto/ExpressionFix3.xml
4 ms. Memory: 449536K Free: 183465K (41%)
----------------- Invoking toplevel() on ptolemy.moml.MoMLSimpleApplication@74f6f83c
----------------- Done invoking toplevel() on ptolemy.moml.MoMLSimpleApplication@74f6f83c
reloadAllAccessors: .ExpressionFix3

===========================================================================================
----------------- testing Thu Jul 18 04:52:25 UTC 2019 /home/travis/build/icyphy/ptII/ptolemy/actor/lib/test/auto/FileWriter1.xml
----------------- Instantiating /home/travis/build/icyphy/ptII/ptolemy/actor/lib/test/auto/FileWriter1.xml
2 ms. Memory: 449536K Free: 179369K (40%)
----------------- Invoking toplevel() on ptolemy.moml.MoMLSimpleApplication@4eb27798
----------------- Done invoking toplevel() on ptolemy.moml.MoMLSimpleApplication@4eb27798
reloadAllAccessors: .FileWriter1

===========================================================================================
----------------- testing Thu Jul 18 04:52:25 UTC 2019 /home/travis/build/icyphy/ptII/ptolemy/actor/lib/test/auto/FileWriter2.xml
----------------- Instantiating /home/travis/build/icyphy/ptII/ptolemy/actor/lib/test/auto/FileWriter2.xml
7 ms. Memory: 449536K Free: 174763K (39%)
----------------- Invoking toplevel() on ptolemy.moml.MoMLSimpleApplication@285535bd
----------------- Done invoking toplevel() on ptolemy.moml.MoMLSimpleApplication@285535bd
reloadAllAccessors: .FileWriter2

===========================================================================================
----------------- testing Thu Jul 18 04:52:25 UTC 2019 /home/travis/build/icyphy/ptII/ptolemy/actor/lib/test/auto/FileWriter3.xml
----------------- Instantiating /home/travis/build/icyphy/ptII/ptolemy/actor/lib/test/auto/FileWriter3.xml
5 ms. Memory: 449536K Free: 170667K (38%)
----------------- Invoking toplevel() on ptolemy.moml.MoMLSimpleApplication@535ee529
----------------- Done invoking toplevel() on ptolemy.moml.MoMLSimpleApplication@535ee529
reloadAllAccessors: .FileWriter3

===========================================================================================
----------------- testing Thu Jul 18 04:52:25 UTC 2019 /home/travis/build/icyphy/ptII/ptolemy/actor/lib/test/auto/Gaussian.xml
----------------- Instantiating /home/travis/build/icyphy/ptII/ptolemy/actor/lib/test/auto/Gaussian.xml
4 ms. Memory: 449536K Free: 166571K (37%)
----------------- Invoking toplevel() on ptolemy.moml.MoMLSimpleApplication@2ec204cf
----------------- Done invoking toplevel() on ptolemy.moml.MoMLSimpleApplication@2ec204cf
reloadAllAccessors: .Gaussian

===========================================================================================
----------------- testing Thu Jul 18 04:52:25 UTC 2019 /home/travis/build/icyphy/ptII/ptolemy/actor/lib/test/auto/Gaussian1.xml
----------------- Instantiating /home/travis/build/icyphy/ptII/ptolemy/actor/lib/test/auto/Gaussian1.xml
9 ms. Memory: 449536K Free: 161451K (36%)
----------------- Invoking toplevel() on ptolemy.moml.MoMLSimpleApplication@1dfc5aa6
----------------- Done invoking toplevel() on ptolemy.moml.MoMLSimpleApplication@1dfc5aa6
reloadAllAccessors: .Gaussian1

===========================================================================================
----------------- testing Thu Jul 18 04:52:25 UTC 2019 /home/travis/build/icyphy/ptII/ptolemy/actor/lib/test/auto/Gaussian2.xml
----------------- Instantiating /home/travis/build/icyphy/ptII/ptolemy/actor/lib/test/auto/Gaussian2.xml
2 ms. Memory: 449536K Free: 155787K (35%)
----------------- Invoking toplevel() on ptolemy.moml.MoMLSimpleApplication@1cafc65e
----------------- Done invoking toplevel() on ptolemy.moml.MoMLSimpleApplication@1cafc65e
reloadAllAccessors: .Gaussian2

===========================================================================================
----------------- testing Thu Jul 18 04:52:25 UTC 2019 /home/travis/build/icyphy/ptII/ptolemy/actor/lib/test/auto/GradientAdaptiveLattice.xml
----------------- Instantiating /home/travis/build/icyphy/ptII/ptolemy/actor/lib/test/auto/GradientAdaptiveLattice.xml
3 ms. Memory: 449536K Free: 150697K (34%)
----------------- Invoking toplevel() on ptolemy.moml.MoMLSimpleApplication@7bb2ff28
----------------- Done invoking toplevel() on ptolemy.moml.MoMLSimpleApplication@7bb2ff28
reloadAllAccessors: .GradientAdaptiveLattice

===========================================================================================
----------------- testing Thu Jul 18 04:52:25 UTC 2019 /home/travis/build/icyphy/ptII/ptolemy/actor/lib/test/auto/IIR.xml
----------------- Instantiating /home/travis/build/icyphy/ptII/ptolemy/actor/lib/test/auto/IIR.xml
2 ms. Memory: 449536K Free: 146091K (32%)
----------------- Invoking toplevel() on ptolemy.moml.MoMLSimpleApplication@1b4b771e
----------------- Done invoking toplevel() on ptolemy.moml.MoMLSimpleApplication@1b4b771e
reloadAllAccessors: .IIR

===========================================================================================
----------------- testing Thu Jul 18 04:52:25 UTC 2019 /home/travis/build/icyphy/ptII/ptolemy/actor/lib/test/auto/InputOutputTransparentPorts.xml
----------------- Instantiating /home/travis/build/icyphy/ptII/ptolemy/actor/lib/test/auto/InputOutputTransparentPorts.xml
2 ms. Memory: 449536K Free: 138409K (31%)
----------------- Invoking toplevel() on ptolemy.moml.MoMLSimpleApplication@3a7cf9e4
----------------- Done invoking toplevel() on ptolemy.moml.MoMLSimpleApplication@3a7cf9e4
reloadAllAccessors: .InputOutputTransparentPorts

===========================================================================================
----------------- testing Thu Jul 18 04:52:25 UTC 2019 /home/travis/build/icyphy/ptII/ptolemy/actor/lib/test/auto/Interpolator.xml
----------------- Instantiating /home/travis/build/icyphy/ptII/ptolemy/actor/lib/test/auto/Interpolator.xml
4 ms. Memory: 449536K Free: 400237K (89%)
----------------- Invoking toplevel() on ptolemy.moml.MoMLSimpleApplication@16ed3808
----------------- Done invoking toplevel() on ptolemy.moml.MoMLSimpleApplication@16ed3808
reloadAllAccessors: .Interpolator

===========================================================================================
----------------- testing Thu Jul 18 04:52:25 UTC 2019 /home/travis/build/icyphy/ptII/ptolemy/actor/lib/test/auto/InterpolatorFiringLimitDE.xml
----------------- Instantiating /home/travis/build/icyphy/ptII/ptolemy/actor/lib/test/auto/InterpolatorFiringLimitDE.xml
2 ms. Memory: 449536K Free: 394093K (88%)
----------------- Invoking toplevel() on ptolemy.moml.MoMLSimpleApplication@3183b9ef
----------------- Done invoking toplevel() on ptolemy.moml.MoMLSimpleApplication@3183b9ef
reloadAllAccessors: .InterpolatorFiringLimitDE

===========================================================================================
----------------- testing Thu Jul 18 04:52:25 UTC 2019 /home/travis/build/icyphy/ptII/ptolemy/actor/lib/test/auto/Lattice.xml
----------------- Instantiating /home/travis/build/icyphy/ptII/ptolemy/actor/lib/test/auto/Lattice.xml
1 ms. Memory: 449536K Free: 389997K (87%)
----------------- Invoking toplevel() on ptolemy.moml.MoMLSimpleApplication@76ab1e0a
----------------- Done invoking toplevel() on ptolemy.moml.MoMLSimpleApplication@76ab1e0a
reloadAllAccessors: .Lattice

===========================================================================================
----------------- testing Thu Jul 18 04:52:25 UTC 2019 /home/travis/build/icyphy/ptII/ptolemy/actor/lib/test/auto/LazyAOCTestLazy.xml
----------------- Instantiating /home/travis/build/icyphy/ptII/ptolemy/actor/lib/test/auto/LazyAOCTestLazy.xml
18 ms. Memory: 449536K Free: 383839K (85%)
----------------- Invoking toplevel() on ptolemy.moml.MoMLSimpleApplication@199b550
----------------- Done invoking toplevel() on ptolemy.moml.MoMLSimpleApplication@199b550
reloadAllAccessors: .LazyAOCTestLazy

===========================================================================================
----------------- testing Thu Jul 18 04:52:26 UTC 2019 /home/travis/build/icyphy/ptII/ptolemy/actor/lib/test/auto/LazyAOCTestNonLazy.xml
----------------- Instantiating /home/travis/build/icyphy/ptII/ptolemy/actor/lib/test/auto/LazyAOCTestNonLazy.xml
4 ms. Memory: 449536K Free: 377199K (84%)
----------------- Invoking toplevel() on ptolemy.moml.MoMLSimpleApplication@4f32572d
----------------- Done invoking toplevel() on ptolemy.moml.MoMLSimpleApplication@4f32572d
reloadAllAccessors: .LazyAOCTestNonLazy

===========================================================================================
----------------- testing Thu Jul 18 04:52:26 UTC 2019 /home/travis/build/icyphy/ptII/ptolemy/actor/lib/test/auto/LazyInnerClass.xml
----------------- Instantiating /home/travis/build/icyphy/ptII/ptolemy/actor/lib/test/auto/LazyInnerClass.xml
21 ms. Memory: 449536K Free: 368479K (82%)
----------------- Invoking toplevel() on ptolemy.moml.MoMLSimpleApplication@57917cd2
----------------- Done invoking toplevel() on ptolemy.moml.MoMLSimpleApplication@57917cd2
reloadAllAccessors: .LazyInnerClass

===========================================================================================
----------------- testing Thu Jul 18 04:52:26 UTC 2019 /home/travis/build/icyphy/ptII/ptolemy/actor/lib/test/auto/LazyPubSub.xml
----------------- Instantiating /home/travis/build/icyphy/ptII/ptolemy/actor/lib/test/auto/LazyPubSub.xml
41 ms. Memory: 449536K Free: 358253K (80%)
----------------- Invoking toplevel() on ptolemy.moml.MoMLSimpleApplication@45f41598
----------------- Done invoking toplevel() on ptolemy.moml.MoMLSimpleApplication@45f41598
reloadAllAccessors: .LazyPubSub

===========================================================================================
----------------- testing Thu Jul 18 04:52:26 UTC 2019 /home/travis/build/icyphy/ptII/ptolemy/actor/lib/test/auto/LazyPubSub2.xml
----------------- Instantiating /home/travis/build/icyphy/ptII/ptolemy/actor/lib/test/auto/LazyPubSub2.xml
24 ms. Memory: 449536K Free: 348013K (77%)
----------------- Invoking toplevel() on ptolemy.moml.MoMLSimpleApplication@4b27ae76
----------------- Done invoking toplevel() on ptolemy.moml.MoMLSimpleApplication@4b27ae76
reloadAllAccessors: .LazyPubSub2

===========================================================================================
----------------- testing Thu Jul 18 04:52:26 UTC 2019 /home/travis/build/icyphy/ptII/ptolemy/actor/lib/test/auto/LazyPubSub3.xml
----------------- Instantiating /home/travis/build/icyphy/ptII/ptolemy/actor/lib/test/auto/LazyPubSub3.xml
17 ms. Memory: 449536K Free: 337773K (75%)
----------------- Invoking toplevel() on ptolemy.moml.MoMLSimpleApplication@9729234
----------------- Done invoking toplevel() on ptolemy.moml.MoMLSimpleApplication@9729234
reloadAllAccessors: .LazyPubSub3

===========================================================================================
----------------- testing Thu Jul 18 04:52:26 UTC 2019 /home/travis/build/icyphy/ptII/ptolemy/actor/lib/test/auto/LazySubClassModel.xml
----------------- Instantiating /home/travis/build/icyphy/ptII/ptolemy/actor/lib/test/auto/LazySubClassModel.xml
2 ms. Memory: 449536K Free: 328557K (73%)
----------------- Invoking toplevel() on ptolemy.moml.MoMLSimpleApplication@358de92d
----------------- Done invoking toplevel() on ptolemy.moml.MoMLSimpleApplication@358de92d
reloadAllAccessors: .LazySubClassModel

===========================================================================================
----------------- testing Thu Jul 18 04:52:26 UTC 2019 /home/travis/build/icyphy/ptII/ptolemy/actor/lib/test/auto/LevelCrossTest1.xml
----------------- Instantiating /home/travis/build/icyphy/ptII/ptolemy/actor/lib/test/auto/LevelCrossTest1.xml
2 ms. Memory: 449536K Free: 323437K (72%)
----------------- Invoking toplevel() on ptolemy.moml.MoMLSimpleApplication@352e8aea
----------------- Done invoking toplevel() on ptolemy.moml.MoMLSimpleApplication@352e8aea
reloadAllAccessors: .broken

===========================================================================================
----------------- testing Thu Jul 18 04:52:26 UTC 2019 /home/travis/build/icyphy/ptII/ptolemy/actor/lib/test/auto/LevelCrossTest10.xml
----------------- Instantiating /home/travis/build/icyphy/ptII/ptolemy/actor/lib/test/auto/LevelCrossTest10.xml
1 ms. Memory: 449536K Free: 316269K (70%)
----------------- Invoking toplevel() on ptolemy.moml.MoMLSimpleApplication@2cd5a040
----------------- Done invoking toplevel() on ptolemy.moml.MoMLSimpleApplication@2cd5a040
reloadAllAccessors: .LevelCrossTest10

===========================================================================================
----------------- testing Thu Jul 18 04:52:26 UTC 2019 /home/travis/build/icyphy/ptII/ptolemy/actor/lib/test/auto/LevelCrossTest11.xml
----------------- Instantiating /home/travis/build/icyphy/ptII/ptolemy/actor/lib/test/auto/LevelCrossTest11.xml
1 ms. Memory: 449536K Free: 308591K (69%)
----------------- Invoking toplevel() on ptolemy.moml.MoMLSimpleApplication@25d018d5
----------------- Done invoking toplevel() on ptolemy.moml.MoMLSimpleApplication@25d018d5
reloadAllAccessors: .LevelCrossTest11

===========================================================================================
----------------- testing Thu Jul 18 04:52:26 UTC 2019 /home/travis/build/icyphy/ptII/ptolemy/actor/lib/test/auto/LevelCrossTest12.xml
----------------- Instantiating /home/travis/build/icyphy/ptII/ptolemy/actor/lib/test/auto/LevelCrossTest12.xml
1 ms. Memory: 449536K Free: 301423K (67%)
----------------- Invoking toplevel() on ptolemy.moml.MoMLSimpleApplication@6b751b05
----------------- Done invoking toplevel() on ptolemy.moml.MoMLSimpleApplication@6b751b05
reloadAllAccessors: .LevelCrossTest12

===========================================================================================
----------------- testing Thu Jul 18 04:52:26 UTC 2019 /home/travis/build/icyphy/ptII/ptolemy/actor/lib/test/auto/LevelCrossTest13.xml
----------------- Instantiating /home/travis/build/icyphy/ptII/ptolemy/actor/lib/test/auto/LevelCrossTest13.xml
2 ms. Memory: 449536K Free: 294255K (65%)
----------------- Invoking toplevel() on ptolemy.moml.MoMLSimpleApplication@d9521c0
----------------- Done invoking toplevel() on ptolemy.moml.MoMLSimpleApplication@d9521c0
reloadAllAccessors: .LevelCrossTest13

===========================================================================================
----------------- testing Thu Jul 18 04:52:26 UTC 2019 /home/travis/build/icyphy/ptII/ptolemy/actor/lib/test/auto/LevelCrossTest2.xml
----------------- Instantiating /home/travis/build/icyphy/ptII/ptolemy/actor/lib/test/auto/LevelCrossTest2.xml
1 ms. Memory: 449536K Free: 288621K (64%)
----------------- Invoking toplevel() on ptolemy.moml.MoMLSimpleApplication@2cbc8a1f
----------------- Done invoking toplevel() on ptolemy.moml.MoMLSimpleApplication@2cbc8a1f
reloadAllAccessors: .broken

===========================================================================================
----------------- testing Thu Jul 18 04:52:26 UTC 2019 /home/travis/build/icyphy/ptII/ptolemy/actor/lib/test/auto/LevelCrossTest3.xml
----------------- Instantiating /home/travis/build/icyphy/ptII/ptolemy/actor/lib/test/auto/LevelCrossTest3.xml
2 ms. Memory: 449536K Free: 282477K (63%)
----------------- Invoking toplevel() on ptolemy.moml.MoMLSimpleApplication@1b28fdb
----------------- Done invoking toplevel() on ptolemy.moml.MoMLSimpleApplication@1b28fdb
reloadAllAccessors: .LevelCrossTest3

===========================================================================================
----------------- testing Thu Jul 18 04:52:26 UTC 2019 /home/travis/build/icyphy/ptII/ptolemy/actor/lib/test/auto/LevelCrossTest4.xml
----------------- Instantiating /home/travis/build/icyphy/ptII/ptolemy/actor/lib/test/auto/LevelCrossTest4.xml
2 ms. Memory: 449536K Free: 276847K (62%)
----------------- Invoking toplevel() on ptolemy.moml.MoMLSimpleApplication@54f71399
----------------- Done invoking toplevel() on ptolemy.moml.MoMLSimpleApplication@54f71399
reloadAllAccessors: .broken

===========================================================================================
----------------- testing Thu Jul 18 04:52:26 UTC 2019 /home/travis/build/icyphy/ptII/ptolemy/actor/lib/test/auto/LevelCrossTest5.xml
----------------- Instantiating /home/travis/build/icyphy/ptII/ptolemy/actor/lib/test/auto/LevelCrossTest5.xml
1 ms. Memory: 449536K Free: 270189K (60%)
----------------- Invoking toplevel() on ptolemy.moml.MoMLSimpleApplication@18fc6751
----------------- Done invoking toplevel() on ptolemy.moml.MoMLSimpleApplication@18fc6751
reloadAllAccessors: .LevelCrossTest5

===========================================================================================
----------------- testing Thu Jul 18 04:52:26 UTC 2019 /home/travis/build/icyphy/ptII/ptolemy/actor/lib/test/auto/LevelCrossTest6.xml
----------------- Instantiating /home/travis/build/icyphy/ptII/ptolemy/actor/lib/test/auto/LevelCrossTest6.xml
1 ms. Memory: 449536K Free: 263021K (59%)
----------------- Invoking toplevel() on ptolemy.moml.MoMLSimpleApplication@817c9ae
----------------- Done invoking toplevel() on ptolemy.moml.MoMLSimpleApplication@817c9ae
reloadAllAccessors: .LevelCrossTest6

===========================================================================================
----------------- testing Thu Jul 18 04:52:26 UTC 2019 /home/travis/build/icyphy/ptII/ptolemy/actor/lib/test/auto/LevelCrossTest7.xml
----------------- Instantiating /home/travis/build/icyphy/ptII/ptolemy/actor/lib/test/auto/LevelCrossTest7.xml
2 ms. Memory: 449536K Free: 254829K (57%)
----------------- Invoking toplevel() on ptolemy.moml.MoMLSimpleApplication@7dc9b206
----------------- Done invoking toplevel() on ptolemy.moml.MoMLSimpleApplication@7dc9b206
reloadAllAccessors: .LevelCrossTest7

===========================================================================================
----------------- testing Thu Jul 18 04:52:26 UTC 2019 /home/travis/build/icyphy/ptII/ptolemy/actor/lib/test/auto/LevelCrossTest8.xml
----------------- Instantiating /home/travis/build/icyphy/ptII/ptolemy/actor/lib/test/auto/LevelCrossTest8.xml
2 ms. Memory: 449536K Free: 247151K (55%)
----------------- Invoking toplevel() on ptolemy.moml.MoMLSimpleApplication@1630e629
----------------- Done invoking toplevel() on ptolemy.moml.MoMLSimpleApplication@1630e629
reloadAllAccessors: .LevelCrossTest8

===========================================================================================
----------------- testing Thu Jul 18 04:52:26 UTC 2019 /home/travis/build/icyphy/ptII/ptolemy/actor/lib/test/auto/LevelCrossTest9.xml
----------------- Instantiating /home/travis/build/icyphy/ptII/ptolemy/actor/lib/test/auto/LevelCrossTest9.xml
3 ms. Memory: 449536K Free: 240493K (53%)
----------------- Invoking toplevel() on ptolemy.moml.MoMLSimpleApplication@60ac7ff9
----------------- Done invoking toplevel() on ptolemy.moml.MoMLSimpleApplication@60ac7ff9
reloadAllAccessors: .LevelCrossTest9

===========================================================================================
----------------- testing Thu Jul 18 04:52:26 UTC 2019 /home/travis/build/icyphy/ptII/ptolemy/actor/lib/test/auto/LevinsonDurbin.xml
----------------- Instantiating /home/travis/build/icyphy/ptII/ptolemy/actor/lib/test/auto/LevinsonDurbin.xml
2 ms. Memory: 449536K Free: 236397K (53%)
----------------- Invoking toplevel() on ptolemy.moml.MoMLSimpleApplication@2a783d98
----------------- Done invoking toplevel() on ptolemy.moml.MoMLSimpleApplication@2a783d98
reloadAllAccessors: .LevinsonDurbin

===========================================================================================
----------------- testing Thu Jul 18 04:52:26 UTC 2019 /home/travis/build/icyphy/ptII/ptolemy/actor/lib/test/auto/LevinsonDurbin2.xml
----------------- Instantiating /home/travis/build/icyphy/ptII/ptolemy/actor/lib/test/auto/LevinsonDurbin2.xml
1 ms. Memory: 449536K Free: 232815K (52%)
----------------- Invoking toplevel() on ptolemy.moml.MoMLSimpleApplication@13204825
----------------- Done invoking toplevel() on ptolemy.moml.MoMLSimpleApplication@13204825
reloadAllAccessors: .LevinsonDurbin2

===========================================================================================
----------------- testing Thu Jul 18 04:52:26 UTC 2019 /home/travis/build/icyphy/ptII/ptolemy/actor/lib/test/auto/LevinsonDurbin3.xml
----------------- Instantiating /home/travis/build/icyphy/ptII/ptolemy/actor/lib/test/auto/LevinsonDurbin3.xml
2 ms. Memory: 449536K Free: 228719K (51%)
----------------- Invoking toplevel() on ptolemy.moml.MoMLSimpleApplication@4d02e60f
----------------- Done invoking toplevel() on ptolemy.moml.MoMLSimpleApplication@4d02e60f
reloadAllAccessors: .LevinsonDurbin3

===========================================================================================
----------------- testing Thu Jul 18 04:52:26 UTC 2019 /home/travis/build/icyphy/ptII/ptolemy/actor/lib/test/auto/Limiter.xml
----------------- Instantiating /home/travis/build/icyphy/ptII/ptolemy/actor/lib/test/auto/Limiter.xml
5 ms. Memory: 449536K Free: 219503K (49%)
----------------- Invoking toplevel() on ptolemy.moml.MoMLSimpleApplication@1ef86b72
----------------- Done invoking toplevel() on ptolemy.moml.MoMLSimpleApplication@1ef86b72
reloadAllAccessors: .Limiter

===========================================================================================
----------------- testing Thu Jul 18 04:52:26 UTC 2019 /home/travis/build/icyphy/ptII/ptolemy/actor/lib/test/auto/LinearDifferenceEquationSystem.xml
----------------- Instantiating /home/travis/build/icyphy/ptII/ptolemy/actor/lib/test/auto/LinearDifferenceEquationSystem.xml
10 ms. Memory: 449536K Free: 212335K (47%)
----------------- Invoking toplevel() on ptolemy.moml.MoMLSimpleApplication@61b6f615
----------------- Done invoking toplevel() on ptolemy.moml.MoMLSimpleApplication@61b6f615
reloadAllAccessors: .LinearDifferenceEquationSystem

===========================================================================================
----------------- testing Thu Jul 18 04:52:26 UTC 2019 /home/travis/build/icyphy/ptII/ptolemy/actor/lib/test/auto/LookupTable.xml
----------------- Instantiating /home/travis/build/icyphy/ptII/ptolemy/actor/lib/test/auto/LookupTable.xml
5 ms. Memory: 449536K Free: 207725K (46%)
----------------- Invoking toplevel() on ptolemy.moml.MoMLSimpleApplication@49c615f9
----------------- Done invoking toplevel() on ptolemy.moml.MoMLSimpleApplication@49c615f9
reloadAllAccessors: .LookupTable

===========================================================================================
----------------- testing Thu Jul 18 04:52:26 UTC 2019 /home/travis/build/icyphy/ptII/ptolemy/actor/lib/test/auto/MathFunction.xml
----------------- Instantiating /home/travis/build/icyphy/ptII/ptolemy/actor/lib/test/auto/MathFunction.xml
3 ms. Memory: 449536K Free: 199533K (44%)
----------------- Invoking toplevel() on ptolemy.moml.MoMLSimpleApplication@719b13bb
----------------- Done invoking toplevel() on ptolemy.moml.MoMLSimpleApplication@719b13bb
reloadAllAccessors: .MathFunction

===========================================================================================
----------------- testing Thu Jul 18 04:52:26 UTC 2019 /home/travis/build/icyphy/ptII/ptolemy/actor/lib/test/auto/MathFunction2.xml
----------------- Instantiating /home/travis/build/icyphy/ptII/ptolemy/actor/lib/test/auto/MathFunction2.xml
5 ms. Memory: 449536K Free: 195437K (43%)
----------------- Invoking toplevel() on ptolemy.moml.MoMLSimpleApplication@77cf52cb
----------------- Done invoking toplevel() on ptolemy.moml.MoMLSimpleApplication@77cf52cb
reloadAllAccessors: .MathFunction2

===========================================================================================
----------------- testing Thu Jul 18 04:52:26 UTC 2019 /home/travis/build/icyphy/ptII/ptolemy/actor/lib/test/auto/MathFunction3.xml
----------------- Instantiating /home/travis/build/icyphy/ptII/ptolemy/actor/lib/test/auto/MathFunction3.xml
2 ms. Memory: 449536K Free: 188269K (42%)
----------------- Invoking toplevel() on ptolemy.moml.MoMLSimpleApplication@12e2d03a
----------------- Done invoking toplevel() on ptolemy.moml.MoMLSimpleApplication@12e2d03a
reloadAllAccessors: .MathFunction3

===========================================================================================
----------------- testing Thu Jul 18 04:52:26 UTC 2019 /home/travis/build/icyphy/ptII/ptolemy/actor/lib/test/auto/MatrixCropBoolean.xml
----------------- Instantiating /home/travis/build/icyphy/ptII/ptolemy/actor/lib/test/auto/MatrixCropBoolean.xml
2 ms. Memory: 449536K Free: 183663K (41%)
----------------- Invoking toplevel() on ptolemy.moml.MoMLSimpleApplication@6ddc0c56
----------------- Done invoking toplevel() on ptolemy.moml.MoMLSimpleApplication@6ddc0c56
reloadAllAccessors: .MatrixCropBoolean

===========================================================================================
----------------- testing Thu Jul 18 04:52:26 UTC 2019 /home/travis/build/icyphy/ptII/ptolemy/actor/lib/test/auto/MatrixCropComplex.xml
----------------- Instantiating /home/travis/build/icyphy/ptII/ptolemy/actor/lib/test/auto/MatrixCropComplex.xml
2 ms. Memory: 449536K Free: 178543K (40%)
----------------- Invoking toplevel() on ptolemy.moml.MoMLSimpleApplication@c0ea41c
----------------- Done invoking toplevel() on ptolemy.moml.MoMLSimpleApplication@c0ea41c
reloadAllAccessors: .MatrixCropComplex

===========================================================================================
----------------- testing Thu Jul 18 04:52:26 UTC 2019 /home/travis/build/icyphy/ptII/ptolemy/actor/lib/test/auto/MatrixCropDouble.xml
----------------- Instantiating /home/travis/build/icyphy/ptII/ptolemy/actor/lib/test/auto/MatrixCropDouble.xml
2 ms. Memory: 449536K Free: 173423K (39%)
----------------- Invoking toplevel() on ptolemy.moml.MoMLSimpleApplication@203066dd
----------------- Done invoking toplevel() on ptolemy.moml.MoMLSimpleApplication@203066dd
reloadAllAccessors: .MatrixCropDouble

===========================================================================================
----------------- testing Thu Jul 18 04:52:26 UTC 2019 /home/travis/build/icyphy/ptII/ptolemy/actor/lib/test/auto/MatrixCropFix.xml
----------------- Instantiating /home/travis/build/icyphy/ptII/ptolemy/actor/lib/test/auto/MatrixCropFix.xml
2 ms. Memory: 449536K Free: 168303K (37%)
----------------- Invoking toplevel() on ptolemy.moml.MoMLSimpleApplication@4fc94c45
----------------- Done invoking toplevel() on ptolemy.moml.MoMLSimpleApplication@4fc94c45
reloadAllAccessors: .MatrixCropFix

===========================================================================================
----------------- testing Thu Jul 18 04:52:26 UTC 2019 /home/travis/build/icyphy/ptII/ptolemy/actor/lib/test/auto/MatrixCropInt.xml
----------------- Instantiating /home/travis/build/icyphy/ptII/ptolemy/actor/lib/test/auto/MatrixCropInt.xml
2 ms. Memory: 449536K Free: 163183K (36%)
----------------- Invoking toplevel() on ptolemy.moml.MoMLSimpleApplication@7758e3c2
----------------- Done invoking toplevel() on ptolemy.moml.MoMLSimpleApplication@7758e3c2
reloadAllAccessors: .MatrixCropInt

===========================================================================================
----------------- testing Thu Jul 18 04:52:27 UTC 2019 /home/travis/build/icyphy/ptII/ptolemy/actor/lib/test/auto/MatrixCropLong.xml
----------------- Instantiating /home/travis/build/icyphy/ptII/ptolemy/actor/lib/test/auto/MatrixCropLong.xml
1 ms. Memory: 449536K Free: 158559K (35%)
----------------- Invoking toplevel() on ptolemy.moml.MoMLSimpleApplication@3d524481
----------------- Done invoking toplevel() on ptolemy.moml.MoMLSimpleApplication@3d524481
reloadAllAccessors: .MatrixCropLong

===========================================================================================
----------------- testing Thu Jul 18 04:52:27 UTC 2019 /home/travis/build/icyphy/ptII/ptolemy/actor/lib/test/auto/MatrixToArray.xml
----------------- Instantiating /home/travis/build/icyphy/ptII/ptolemy/actor/lib/test/auto/MatrixToArray.xml
6 ms. Memory: 449536K Free: 143727K (32%)
----------------- Invoking toplevel() on ptolemy.moml.MoMLSimpleApplication@380e4f48
----------------- Done invoking toplevel() on ptolemy.moml.MoMLSimpleApplication@380e4f48
reloadAllAccessors: .MatrixToArray

===========================================================================================
----------------- testing Thu Jul 18 04:52:27 UTC 2019 /home/travis/build/icyphy/ptII/ptolemy/actor/lib/test/auto/MaxIndex.xml
----------------- Instantiating /home/travis/build/icyphy/ptII/ptolemy/actor/lib/test/auto/MaxIndex.xml
3 ms. Memory: 449536K Free: 138607K (31%)
----------------- Invoking toplevel() on ptolemy.moml.MoMLSimpleApplication@51834d3b
----------------- Done invoking toplevel() on ptolemy.moml.MoMLSimpleApplication@51834d3b
reloadAllAccessors: .MaxIndex

===========================================================================================
----------------- testing Thu Jul 18 04:52:27 UTC 2019 /home/travis/build/icyphy/ptII/ptolemy/actor/lib/test/auto/Maximum.xml
----------------- Instantiating /home/travis/build/icyphy/ptII/ptolemy/actor/lib/test/auto/Maximum.xml
3 ms. Memory: 449536K Free: 398378K (89%)
----------------- Invoking toplevel() on ptolemy.moml.MoMLSimpleApplication@4674d194
----------------- Done invoking toplevel() on ptolemy.moml.MoMLSimpleApplication@4674d194
reloadAllAccessors: .Maximum

===========================================================================================
----------------- testing Thu Jul 18 04:52:27 UTC 2019 /home/travis/build/icyphy/ptII/ptolemy/actor/lib/test/auto/MaximumComplex.xml
----------------- Instantiating /home/travis/build/icyphy/ptII/ptolemy/actor/lib/test/auto/MaximumComplex.xml
5 ms. Memory: 449536K Free: 392234K (87%)
----------------- Invoking toplevel() on ptolemy.moml.MoMLSimpleApplication@548d67e8
----------------- Done invoking toplevel() on ptolemy.moml.MoMLSimpleApplication@548d67e8
reloadAllAccessors: .MaximumComplex

===========================================================================================
----------------- testing Thu Jul 18 04:52:27 UTC 2019 /home/travis/build/icyphy/ptII/ptolemy/actor/lib/test/auto/MethodCallTest.xml
----------------- Instantiating /home/travis/build/icyphy/ptII/ptolemy/actor/lib/test/auto/MethodCallTest.xml
3 ms. Memory: 449536K Free: 385576K (86%)
----------------- Invoking toplevel() on ptolemy.moml.MoMLSimpleApplication@73058eae
----------------- Done invoking toplevel() on ptolemy.moml.MoMLSimpleApplication@73058eae
reloadAllAccessors: .MethodCallTest

===========================================================================================
----------------- testing Thu Jul 18 04:52:27 UTC 2019 /home/travis/build/icyphy/ptII/ptolemy/actor/lib/test/auto/Minimum.xml
----------------- Instantiating /home/travis/build/icyphy/ptII/ptolemy/actor/lib/test/auto/Minimum.xml
3 ms. Memory: 449536K Free: 378922K (84%)
----------------- Invoking toplevel() on ptolemy.moml.MoMLSimpleApplication@7fea74b5
----------------- Done invoking toplevel() on ptolemy.moml.MoMLSimpleApplication@7fea74b5
reloadAllAccessors: .Minimum

===========================================================================================
----------------- testing Thu Jul 18 04:52:27 UTC 2019 /home/travis/build/icyphy/ptII/ptolemy/actor/lib/test/auto/MinimumComplex.xml
----------------- Instantiating /home/travis/build/icyphy/ptII/ptolemy/actor/lib/test/auto/MinimumComplex.xml
4 ms. Memory: 449536K Free: 372778K (83%)
----------------- Invoking toplevel() on ptolemy.moml.MoMLSimpleApplication@1490cc16
----------------- Done invoking toplevel() on ptolemy.moml.MoMLSimpleApplication@1490cc16
reloadAllAccessors: .MinimumComplex

===========================================================================================
----------------- testing Thu Jul 18 04:52:27 UTC 2019 /home/travis/build/icyphy/ptII/ptolemy/actor/lib/test/auto/MinimumMultiports.xml
----------------- Instantiating /home/travis/build/icyphy/ptII/ptolemy/actor/lib/test/auto/MinimumMultiports.xml
4 ms. Memory: 449536K Free: 364057K (81%)
----------------- Invoking toplevel() on ptolemy.moml.MoMLSimpleApplication@5e5aecdd
----------------- Done invoking toplevel() on ptolemy.moml.MoMLSimpleApplication@5e5aecdd
reloadAllAccessors: .MinimumMultiports

===========================================================================================
----------------- testing Thu Jul 18 04:52:27 UTC 2019 /home/travis/build/icyphy/ptII/ptolemy/actor/lib/test/auto/ModifyDate.xml
----------------- Instantiating /home/travis/build/icyphy/ptII/ptolemy/actor/lib/test/auto/ModifyDate.xml
9 ms. Memory: 449536K Free: 350760K (78%)
----------------- Invoking toplevel() on ptolemy.moml.MoMLSimpleApplication@5467b7f7
----------------- Done invoking toplevel() on ptolemy.moml.MoMLSimpleApplication@5467b7f7
reloadAllAccessors: .ModifyDate

===========================================================================================
----------------- testing Thu Jul 18 04:52:27 UTC 2019 /home/travis/build/icyphy/ptII/ptolemy/actor/lib/test/auto/ModifyDate2.xml
----------------- Instantiating /home/travis/build/icyphy/ptII/ptolemy/actor/lib/test/auto/ModifyDate2.xml
4 ms. Memory: 449536K Free: 342058K (76%)
----------------- Invoking toplevel() on ptolemy.moml.MoMLSimpleApplication@61b2eaf3
----------------- Done invoking toplevel() on ptolemy.moml.MoMLSimpleApplication@61b2eaf3
reloadAllAccessors: .ModifyDate2

===========================================================================================
----------------- testing Thu Jul 18 04:52:27 UTC 2019 /home/travis/build/icyphy/ptII/ptolemy/actor/lib/test/auto/MovingAverage.xml
----------------- Instantiating /home/travis/build/icyphy/ptII/ptolemy/actor/lib/test/auto/MovingAverage.xml
4 ms. Memory: 449536K Free: 336938K (75%)
----------------- Invoking toplevel() on ptolemy.moml.MoMLSimpleApplication@4b57287f
----------------- Done invoking toplevel() on ptolemy.moml.MoMLSimpleApplication@4b57287f
reloadAllAccessors: .MovingAverage

===========================================================================================
----------------- testing Thu Jul 18 04:52:27 UTC 2019 /home/travis/build/icyphy/ptII/ptolemy/actor/lib/test/auto/MovingMaximum.xml
----------------- Instantiating /home/travis/build/icyphy/ptII/ptolemy/actor/lib/test/auto/MovingMaximum.xml
1 ms. Memory: 449536K Free: 332328K (74%)
----------------- Invoking toplevel() on ptolemy.moml.MoMLSimpleApplication@36205e9d
----------------- Done invoking toplevel() on ptolemy.moml.MoMLSimpleApplication@36205e9d
reloadAllAccessors: .MovingMaximum

===========================================================================================
----------------- testing Thu Jul 18 04:52:27 UTC 2019 /home/travis/build/icyphy/ptII/ptolemy/actor/lib/test/auto/MultipleLinksToSameRelation.xml
----------------- Instantiating /home/travis/build/icyphy/ptII/ptolemy/actor/lib/test/auto/MultipleLinksToSameRelation.xml
5 ms. Memory: 449536K Free: 328232K (73%)
----------------- Invoking toplevel() on ptolemy.moml.MoMLSimpleApplication@2b8e4ba1
----------------- Done invoking toplevel() on ptolemy.moml.MoMLSimpleApplication@2b8e4ba1
reloadAllAccessors: .MultipleLinksToSameRelation

===========================================================================================
----------------- testing Thu Jul 18 04:52:27 UTC 2019 /home/travis/build/icyphy/ptII/ptolemy/actor/lib/test/auto/MultipleLinksToSameRelationDE.xml
----------------- Instantiating /home/travis/build/icyphy/ptII/ptolemy/actor/lib/test/auto/MultipleLinksToSameRelationDE.xml
11 ms. Memory: 449536K Free: 323626K (72%)
----------------- Invoking toplevel() on ptolemy.moml.MoMLSimpleApplication@77f17555
----------------- Done invoking toplevel() on ptolemy.moml.MoMLSimpleApplication@77f17555
reloadAllAccessors: .MultipleLinksToSameRelationDE

===========================================================================================
----------------- testing Thu Jul 18 04:52:27 UTC 2019 /home/travis/build/icyphy/ptII/ptolemy/actor/lib/test/auto/Multiplexor.xml
----------------- Instantiating /home/travis/build/icyphy/ptII/ptolemy/actor/lib/test/auto/Multiplexor.xml
2 ms. Memory: 449536K Free: 317992K (71%)
----------------- Invoking toplevel() on ptolemy.moml.MoMLSimpleApplication@2870eaf2
----------------- Done invoking toplevel() on ptolemy.moml.MoMLSimpleApplication@2870eaf2
reloadAllAccessors: .Multiplexor

===========================================================================================
----------------- testing Thu Jul 18 04:52:27 UTC 2019 /home/travis/build/icyphy/ptII/ptolemy/actor/lib/test/auto/Multiplexor1.xml
----------------- Instantiating /home/travis/build/icyphy/ptII/ptolemy/actor/lib/test/auto/Multiplexor1.xml
3 ms. Memory: 449536K Free: 312362K (69%)
----------------- Invoking toplevel() on ptolemy.moml.MoMLSimpleApplication@46e5d577
----------------- Done invoking toplevel() on ptolemy.moml.MoMLSimpleApplication@46e5d577
reloadAllAccessors: .Multiplexor1

===========================================================================================
----------------- testing Thu Jul 18 04:52:27 UTC 2019 /home/travis/build/icyphy/ptII/ptolemy/actor/lib/test/auto/Multiplexor2.xml
----------------- Instantiating /home/travis/build/icyphy/ptII/ptolemy/actor/lib/test/auto/Multiplexor2.xml
7 ms. Memory: 449536K Free: 305704K (68%)
----------------- Invoking toplevel() on ptolemy.moml.MoMLSimpleApplication@2322f792
----------------- Done invoking toplevel() on ptolemy.moml.MoMLSimpleApplication@2322f792
reloadAllAccessors: .Multiplexor2

===========================================================================================
----------------- testing Thu Jul 18 04:52:27 UTC 2019 /home/travis/build/icyphy/ptII/ptolemy/actor/lib/test/auto/Multiplexor3.xml
----------------- Instantiating /home/travis/build/icyphy/ptII/ptolemy/actor/lib/test/auto/Multiplexor3.xml
2 ms. Memory: 449536K Free: 301608K (67%)
----------------- Invoking toplevel() on ptolemy.moml.MoMLSimpleApplication@3e0e9ea9
----------------- Done invoking toplevel() on ptolemy.moml.MoMLSimpleApplication@3e0e9ea9
reloadAllAccessors: .Multiplexor3

===========================================================================================
----------------- testing Thu Jul 18 04:52:27 UTC 2019 /home/travis/build/icyphy/ptII/ptolemy/actor/lib/test/auto/MultiplexorDE.xml
----------------- Instantiating /home/travis/build/icyphy/ptII/ptolemy/actor/lib/test/auto/MultiplexorDE.xml
2 ms. Memory: 449536K Free: 293930K (65%)
----------------- Invoking toplevel() on ptolemy.moml.MoMLSimpleApplication@53542359
----------------- Done invoking toplevel() on ptolemy.moml.MoMLSimpleApplication@53542359
reloadAllAccessors: .MultiplexorDE

===========================================================================================
----------------- testing Thu Jul 18 04:52:27 UTC 2019 /home/travis/build/icyphy/ptII/ptolemy/actor/lib/test/auto/MultiportBroadcastTest.xml
----------------- Instantiating /home/travis/build/icyphy/ptII/ptolemy/actor/lib/test/auto/MultiportBroadcastTest.xml
99 ms. Memory: 449536K Free: 287786K (64%)
----------------- Invoking toplevel() on ptolemy.moml.MoMLSimpleApplication@595af397
----------------- Done invoking toplevel() on ptolemy.moml.MoMLSimpleApplication@595af397
reloadAllAccessors: .MultiportBroadcastTest

===========================================================================================
----------------- testing Thu Jul 18 04:52:27 UTC 2019 /home/travis/build/icyphy/ptII/ptolemy/actor/lib/test/auto/MultiportOutHangDuringGetWidth.xml
----------------- Instantiating /home/travis/build/icyphy/ptII/ptolemy/actor/lib/test/auto/MultiportOutHangDuringGetWidth.xml
7 ms. Memory: 449536K Free: 275993K (61%)
----------------- Invoking toplevel() on ptolemy.moml.MoMLSimpleApplication@67112937
----------------- Done invoking toplevel() on ptolemy.moml.MoMLSimpleApplication@67112937
reloadAllAccessors: .MultiportOutHangDuringGetWidth

===========================================================================================
----------------- testing Thu Jul 18 04:52:27 UTC 2019 /home/travis/build/icyphy/ptII/ptolemy/actor/lib/test/auto/NilToken.xml
----------------- Instantiating /home/travis/build/icyphy/ptII/ptolemy/actor/lib/test/auto/NilToken.xml
1 ms. Memory: 449536K Free: 271912K (60%)
----------------- Invoking toplevel() on ptolemy.moml.MoMLSimpleApplication@4d043f58
----------------- Done invoking toplevel() on ptolemy.moml.MoMLSimpleApplication@4d043f58
reloadAllAccessors: .NilToken

===========================================================================================
----------------- testing Thu Jul 18 04:52:27 UTC 2019 /home/travis/build/icyphy/ptII/ptolemy/actor/lib/test/auto/NilTokenNonStrictTest.xml
----------------- Instantiating /home/travis/build/icyphy/ptII/ptolemy/actor/lib/test/auto/NilTokenNonStrictTest.xml
8 ms. Memory: 449536K Free: 266792K (59%)
----------------- Invoking toplevel() on ptolemy.moml.MoMLSimpleApplication@3fea60a1
----------------- Done invoking toplevel() on ptolemy.moml.MoMLSimpleApplication@3fea60a1
reloadAllAccessors: .NilTokenNonStrictTest

===========================================================================================
----------------- testing Thu Jul 18 04:52:27 UTC 2019 /home/travis/build/icyphy/ptII/ptolemy/actor/lib/test/auto/NilTokenRecord.xml
----------------- Instantiating /home/travis/build/icyphy/ptII/ptolemy/actor/lib/test/auto/NilTokenRecord.xml
6 ms. Memory: 449536K Free: 260138K (58%)
----------------- Invoking toplevel() on ptolemy.moml.MoMLSimpleApplication@22b60ec3
----------------- Done invoking toplevel() on ptolemy.moml.MoMLSimpleApplication@22b60ec3
reloadAllAccessors: .NilTokenRecord

===========================================================================================
----------------- testing Thu Jul 18 04:52:27 UTC 2019 /home/travis/build/icyphy/ptII/ptolemy/actor/lib/test/auto/NilTokenTypeTest.xml
----------------- Instantiating /home/travis/build/icyphy/ptII/ptolemy/actor/lib/test/auto/NilTokenTypeTest.xml
3 ms. Memory: 449536K Free: 250408K (56%)
----------------- Invoking toplevel() on ptolemy.moml.MoMLSimpleApplication@52e8532a
----------------- Done invoking toplevel() on ptolemy.moml.MoMLSimpleApplication@52e8532a
reloadAllAccessors: .NilTokenTypeTest

===========================================================================================
----------------- testing Thu Jul 18 04:52:27 UTC 2019 /home/travis/build/icyphy/ptII/ptolemy/actor/lib/test/auto/ObjectToken1.xml
----------------- Instantiating /home/travis/build/icyphy/ptII/ptolemy/actor/lib/test/auto/ObjectToken1.xml
2 ms. Memory: 449536K Free: 246312K (55%)
----------------- Invoking toplevel() on ptolemy.moml.MoMLSimpleApplication@736e2bb1
----------------- Done invoking toplevel() on ptolemy.moml.MoMLSimpleApplication@736e2bb1
reloadAllAccessors: .ObjectToken1

===========================================================================================
----------------- testing Thu Jul 18 04:52:27 UTC 2019 /home/travis/build/icyphy/ptII/ptolemy/actor/lib/test/auto/OrderedMerge.xml
----------------- Instantiating /home/travis/build/icyphy/ptII/ptolemy/actor/lib/test/auto/OrderedMerge.xml
8 ms. Memory: 449536K Free: 240682K (54%)
----------------- Invoking toplevel() on ptolemy.moml.MoMLSimpleApplication@43944a7e
----------------- Done invoking toplevel() on ptolemy.moml.MoMLSimpleApplication@43944a7e
reloadAllAccessors: .OrderedMerge

===========================================================================================
----------------- testing Thu Jul 18 04:52:27 UTC 2019 /home/travis/build/icyphy/ptII/ptolemy/actor/lib/test/auto/OrderedRecordDisassembler.xml
----------------- Instantiating /home/travis/build/icyphy/ptII/ptolemy/actor/lib/test/auto/OrderedRecordDisassembler.xml
10 ms. Memory: 449536K Free: 235562K (52%)
----------------- Invoking toplevel() on ptolemy.moml.MoMLSimpleApplication@25917ebd
----------------- Done invoking toplevel() on ptolemy.moml.MoMLSimpleApplication@25917ebd
reloadAllAccessors: .OrderedRecordDisassembler

===========================================================================================
----------------- testing Thu Jul 18 04:52:27 UTC 2019 /home/travis/build/icyphy/ptII/ptolemy/actor/lib/test/auto/OrderedRecordDisassembler2.xml
----------------- Instantiating /home/travis/build/icyphy/ptII/ptolemy/actor/lib/test/auto/OrderedRecordDisassembler2.xml
5 ms. Memory: 449536K Free: 227865K (51%)
----------------- Invoking toplevel() on ptolemy.moml.MoMLSimpleApplication@68a794d5
----------------- Done invoking toplevel() on ptolemy.moml.MoMLSimpleApplication@68a794d5
reloadAllAccessors: .OrderedRecordDisassembler2

===========================================================================================
----------------- testing Thu Jul 18 04:52:27 UTC 2019 /home/travis/build/icyphy/ptII/ptolemy/actor/lib/test/auto/OrderedRecordUpdater.xml
----------------- Instantiating /home/travis/build/icyphy/ptII/ptolemy/actor/lib/test/auto/OrderedRecordUpdater.xml
2 ms. Memory: 449536K Free: 222760K (50%)
----------------- Invoking toplevel() on ptolemy.moml.MoMLSimpleApplication@6a2fb158
----------------- Done invoking toplevel() on ptolemy.moml.MoMLSimpleApplication@6a2fb158
reloadAllAccessors: .RecordUpdater

===========================================================================================
----------------- testing Thu Jul 18 04:52:27 UTC 2019 /home/travis/build/icyphy/ptII/ptolemy/actor/lib/test/auto/OrderedRecordUpdater2.xml
----------------- Instantiating /home/travis/build/icyphy/ptII/ptolemy/actor/lib/test/auto/OrderedRecordUpdater2.xml
3 ms. Memory: 449536K Free: 217640K (48%)
----------------- Invoking toplevel() on ptolemy.moml.MoMLSimpleApplication@227b9042
----------------- Done invoking toplevel() on ptolemy.moml.MoMLSimpleApplication@227b9042
reloadAllAccessors: .RecordUpdater2

===========================================================================================
----------------- testing Thu Jul 18 04:52:27 UTC 2019 /home/travis/build/icyphy/ptII/ptolemy/actor/lib/test/auto/PhaseUnwrap.xml
----------------- Instantiating /home/travis/build/icyphy/ptII/ptolemy/actor/lib/test/auto/PhaseUnwrap.xml
2 ms. Memory: 449536K Free: 212520K (47%)
----------------- Invoking toplevel() on ptolemy.moml.MoMLSimpleApplication@e30af27
----------------- Done invoking toplevel() on ptolemy.moml.MoMLSimpleApplication@e30af27
reloadAllAccessors: .PhaseUnwrap

===========================================================================================
----------------- testing Thu Jul 18 04:52:27 UTC 2019 /home/travis/build/icyphy/ptII/ptolemy/actor/lib/test/auto/PoissonClock.xml
----------------- Instantiating /home/travis/build/icyphy/ptII/ptolemy/actor/lib/test/auto/PoissonClock.xml
1 ms. Memory: 449536K Free: 208424K (46%)
----------------- Invoking toplevel() on ptolemy.moml.MoMLSimpleApplication@38e7dd8a
----------------- Done invoking toplevel() on ptolemy.moml.MoMLSimpleApplication@38e7dd8a
reloadAllAccessors: .PoissonClock

===========================================================================================
----------------- testing Thu Jul 18 04:52:27 UTC 2019 /home/travis/build/icyphy/ptII/ptolemy/actor/lib/test/auto/PoissonClock2.xml
----------------- Instantiating /home/travis/build/icyphy/ptII/ptolemy/actor/lib/test/auto/PoissonClock2.xml
2 ms. Memory: 449536K Free: 203818K (45%)
----------------- Invoking toplevel() on ptolemy.moml.MoMLSimpleApplication@460edb64
----------------- Done invoking toplevel() on ptolemy.moml.MoMLSimpleApplication@460edb64
reloadAllAccessors: .PoissonClock2

===========================================================================================
----------------- testing Thu Jul 18 04:52:28 UTC 2019 /home/travis/build/icyphy/ptII/ptolemy/actor/lib/test/auto/PoissonClock3.xml
----------------- Instantiating /home/travis/build/icyphy/ptII/ptolemy/actor/lib/test/auto/PoissonClock3.xml
2 ms. Memory: 449536K Free: 199208K (44%)
----------------- Invoking toplevel() on ptolemy.moml.MoMLSimpleApplication@77909cb7
----------------- Done invoking toplevel() on ptolemy.moml.MoMLSimpleApplication@77909cb7
reloadAllAccessors: .PoissonClock3

===========================================================================================
----------------- testing Thu Jul 18 04:52:28 UTC 2019 /home/travis/build/icyphy/ptII/ptolemy/actor/lib/test/auto/PubSubWithInitialTokens.xml
----------------- Instantiating /home/travis/build/icyphy/ptII/ptolemy/actor/lib/test/auto/PubSubWithInitialTokens.xml
3 ms. Memory: 449536K Free: 193578K (43%)
----------------- Invoking toplevel() on ptolemy.moml.MoMLSimpleApplication@3468aecb
----------------- Done invoking toplevel() on ptolemy.moml.MoMLSimpleApplication@3468aecb
reloadAllAccessors: .PubSubWithInitialTokens

===========================================================================================
----------------- testing Thu Jul 18 04:52:28 UTC 2019 /home/travis/build/icyphy/ptII/ptolemy/actor/lib/test/auto/PubSubWithInitialTokens2.xml
----------------- Instantiating /home/travis/build/icyphy/ptII/ptolemy/actor/lib/test/auto/PubSubWithInitialTokens2.xml
2 ms. Memory: 449536K Free: 187434K (42%)
----------------- Invoking toplevel() on ptolemy.moml.MoMLSimpleApplication@280dc993
----------------- Done invoking toplevel() on ptolemy.moml.MoMLSimpleApplication@280dc993
reloadAllAccessors: .PubSubWithInitialTokens2

===========================================================================================
----------------- testing Thu Jul 18 04:52:28 UTC 2019 /home/travis/build/icyphy/ptII/ptolemy/actor/lib/test/auto/PublisherClassNoParameter.xml
----------------- Instantiating /home/travis/build/icyphy/ptII/ptolemy/actor/lib/test/auto/PublisherClassNoParameter.xml
2 ms. Memory: 449536K Free: 177689K (40%)
----------------- Invoking toplevel() on ptolemy.moml.MoMLSimpleApplication@2d242cde
----------------- Done invoking toplevel() on ptolemy.moml.MoMLSimpleApplication@2d242cde
reloadAllAccessors: .PublisherClassNoParameter

===========================================================================================
----------------- testing Thu Jul 18 04:52:28 UTC 2019 /home/travis/build/icyphy/ptII/ptolemy/actor/lib/test/auto/PublisherClassParameter.xml
----------------- Instantiating /home/travis/build/icyphy/ptII/ptolemy/actor/lib/test/auto/PublisherClassParameter.xml
3 ms. Memory: 449536K Free: 167449K (37%)
----------------- Invoking toplevel() on ptolemy.moml.MoMLSimpleApplication@1e86def5
----------------- Done invoking toplevel() on ptolemy.moml.MoMLSimpleApplication@1e86def5
reloadAllAccessors: .PublisherClassParameter

===========================================================================================
----------------- testing Thu Jul 18 04:52:28 UTC 2019 /home/travis/build/icyphy/ptII/ptolemy/actor/lib/test/auto/PublisherNonStrictTest.xml
----------------- Instantiating /home/travis/build/icyphy/ptII/ptolemy/actor/lib/test/auto/PublisherNonStrictTest.xml
6 ms. Memory: 449536K Free: 159786K (36%)
----------------- Invoking toplevel() on ptolemy.moml.MoMLSimpleApplication@6df48f11
----------------- Done invoking toplevel() on ptolemy.moml.MoMLSimpleApplication@6df48f11
reloadAllAccessors: .PublisherNonStrictTest

===========================================================================================
----------------- testing Thu Jul 18 04:52:28 UTC 2019 /home/travis/build/icyphy/ptII/ptolemy/actor/lib/test/auto/PublisherPort1.xml
----------------- Instantiating /home/travis/build/icyphy/ptII/ptolemy/actor/lib/test/auto/PublisherPort1.xml
2 ms. Memory: 449536K Free: 154137K (34%)
----------------- Invoking toplevel() on ptolemy.moml.MoMLSimpleApplication@1ceb1d90
----------------- Done invoking toplevel() on ptolemy.moml.MoMLSimpleApplication@1ceb1d90
reloadAllAccessors: .PublisherPort1

===========================================================================================
----------------- testing Thu Jul 18 04:52:28 UTC 2019 /home/travis/build/icyphy/ptII/ptolemy/actor/lib/test/auto/PublisherPort2.xml
----------------- Instantiating /home/travis/build/icyphy/ptII/ptolemy/actor/lib/test/auto/PublisherPort2.xml
2 ms. Memory: 449536K Free: 148522K (33%)
----------------- Invoking toplevel() on ptolemy.moml.MoMLSimpleApplication@5cdef918
----------------- Done invoking toplevel() on ptolemy.moml.MoMLSimpleApplication@5cdef918
reloadAllAccessors: .PublisherPort2

===========================================================================================
----------------- testing Thu Jul 18 04:52:28 UTC 2019 /home/travis/build/icyphy/ptII/ptolemy/actor/lib/test/auto/PublisherPort3.xml
----------------- Instantiating /home/travis/build/icyphy/ptII/ptolemy/actor/lib/test/auto/PublisherPort3.xml
15 ms. Memory: 449536K Free: 141833K (32%)
----------------- Invoking toplevel() on ptolemy.moml.MoMLSimpleApplication@2593cf2b
----------------- Done invoking toplevel() on ptolemy.moml.MoMLSimpleApplication@2593cf2b
reloadAllAccessors: .PublisherPort3

===========================================================================================
----------------- testing Thu Jul 18 04:52:28 UTC 2019 /home/travis/build/icyphy/ptII/ptolemy/actor/lib/test/auto/PublisherPort4.xml
----------------- Instantiating /home/travis/build/icyphy/ptII/ptolemy/actor/lib/test/auto/PublisherPort4.xml
2 ms. Memory: 449536K Free: 136234K (30%)
----------------- Invoking toplevel() on ptolemy.moml.MoMLSimpleApplication@6f07ca84
----------------- Done invoking toplevel() on ptolemy.moml.MoMLSimpleApplication@6f07ca84
reloadAllAccessors: .PublisherPort4

===========================================================================================
----------------- testing Thu Jul 18 04:52:28 UTC 2019 /home/travis/build/icyphy/ptII/ptolemy/actor/lib/test/auto/PublisherPort5.xml
----------------- Instantiating /home/travis/build/icyphy/ptII/ptolemy/actor/lib/test/auto/PublisherPort5.xml
3 ms. Memory: 449536K Free: 394813K (88%)
----------------- Invoking toplevel() on ptolemy.moml.MoMLSimpleApplication@3feeb9e7
----------------- Done invoking toplevel() on ptolemy.moml.MoMLSimpleApplication@3feeb9e7
reloadAllAccessors: .PublisherPort5

===========================================================================================
----------------- testing Thu Jul 18 04:52:28 UTC 2019 /home/travis/build/icyphy/ptII/ptolemy/actor/lib/test/auto/PublisherPort5LookAlike.xml
----------------- Instantiating /home/travis/build/icyphy/ptII/ptolemy/actor/lib/test/auto/PublisherPort5LookAlike.xml
9 ms. Memory: 449536K Free: 387135K (86%)
----------------- Invoking toplevel() on ptolemy.moml.MoMLSimpleApplication@7a8415a7
----------------- Done invoking toplevel() on ptolemy.moml.MoMLSimpleApplication@7a8415a7
reloadAllAccessors: .PublisherPort5LookAlike

===========================================================================================
----------------- testing Thu Jul 18 04:52:28 UTC 2019 /home/travis/build/icyphy/ptII/ptolemy/actor/lib/test/auto/PublisherPort6.xml
----------------- Instantiating /home/travis/build/icyphy/ptII/ptolemy/actor/lib/test/auto/PublisherPort6.xml
2 ms. Memory: 449536K Free: 380471K (85%)
----------------- Invoking toplevel() on ptolemy.moml.MoMLSimpleApplication@3047ee0e
----------------- Done invoking toplevel() on ptolemy.moml.MoMLSimpleApplication@3047ee0e
reloadAllAccessors: .PublisherPort6

===========================================================================================
----------------- testing Thu Jul 18 04:52:28 UTC 2019 /home/travis/build/icyphy/ptII/ptolemy/actor/lib/test/auto/PublisherPort7.xml
----------------- Instantiating /home/travis/build/icyphy/ptII/ptolemy/actor/lib/test/auto/PublisherPort7.xml
4 ms. Memory: 449536K Free: 372799K (83%)
----------------- Invoking toplevel() on ptolemy.moml.MoMLSimpleApplication@5b85f446
----------------- Done invoking toplevel() on ptolemy.moml.MoMLSimpleApplication@5b85f446
reloadAllAccessors: .PublisherPort7

===========================================================================================
----------------- testing Thu Jul 18 04:52:28 UTC 2019 /home/travis/build/icyphy/ptII/ptolemy/actor/lib/test/auto/PublisherPort8.xml
----------------- Instantiating /home/travis/build/icyphy/ptII/ptolemy/actor/lib/test/auto/PublisherPort8.xml
4 ms. Memory: 449536K Free: 364093K (81%)
----------------- Invoking toplevel() on ptolemy.moml.MoMLSimpleApplication@6cfbc201
----------------- Done invoking toplevel() on ptolemy.moml.MoMLSimpleApplication@6cfbc201
reloadAllAccessors: .PublisherPort8

===========================================================================================
----------------- testing Thu Jul 18 04:52:28 UTC 2019 /home/travis/build/icyphy/ptII/ptolemy/actor/lib/test/auto/PublisherPortSubscriberChannelVariablesAOC2.xml
----------------- Instantiating /home/travis/build/icyphy/ptII/ptolemy/actor/lib/test/auto/PublisherPortSubscriberChannelVariablesAOC2.xml
3 ms. Memory: 449536K Free: 346175K (77%)
----------------- Invoking toplevel() on ptolemy.moml.MoMLSimpleApplication@28a08a8b
----------------- Done invoking toplevel() on ptolemy.moml.MoMLSimpleApplication@28a08a8b
reloadAllAccessors: .PublisherPortSubscriberChannelVariablesAOC2

===========================================================================================
----------------- testing Thu Jul 18 04:52:28 UTC 2019 /home/travis/build/icyphy/ptII/ptolemy/actor/lib/test/auto/PublisherPortSubscriberOpaqueWidthInference.xml
----------------- Instantiating /home/travis/build/icyphy/ptII/ptolemy/actor/lib/test/auto/PublisherPortSubscriberOpaqueWidthInference.xml
4 ms. Memory: 449536K Free: 338479K (75%)
----------------- Invoking toplevel() on ptolemy.moml.MoMLSimpleApplication@11e3f51f
----------------- Done invoking toplevel() on ptolemy.moml.MoMLSimpleApplication@11e3f51f
reloadAllAccessors: .PublisherPortSubscriberOpaqueWidthInference

===========================================================================================
----------------- testing Thu Jul 18 04:52:28 UTC 2019 /home/travis/build/icyphy/ptII/ptolemy/actor/lib/test/auto/PublisherPortSubscriberPortAdjacent.xml
----------------- Instantiating /home/travis/build/icyphy/ptII/ptolemy/actor/lib/test/auto/PublisherPortSubscriberPortAdjacent.xml
3 ms. Memory: 449536K Free: 330301K (73%)
----------------- Invoking toplevel() on ptolemy.moml.MoMLSimpleApplication@4bc17771
----------------- Done invoking toplevel() on ptolemy.moml.MoMLSimpleApplication@4bc17771
reloadAllAccessors: .PublisherPortSubscriberPortAdjacent

===========================================================================================
----------------- testing Thu Jul 18 04:52:28 UTC 2019 /home/travis/build/icyphy/ptII/ptolemy/actor/lib/test/auto/PublisherPortSubscriberPortExpression.xml
----------------- Instantiating /home/travis/build/icyphy/ptII/ptolemy/actor/lib/test/auto/PublisherPortSubscriberPortExpression.xml
4 ms. Memory: 449536K Free: 322623K (72%)
----------------- Invoking toplevel() on ptolemy.moml.MoMLSimpleApplication@4664b6a2
----------------- Done invoking toplevel() on ptolemy.moml.MoMLSimpleApplication@4664b6a2
reloadAllAccessors: .PublisherPortSubscriberPortExpression

===========================================================================================
----------------- testing Thu Jul 18 04:52:28 UTC 2019 /home/travis/build/icyphy/ptII/ptolemy/actor/lib/test/auto/PublisherPortSubscriberPortOpaqueD3Reverse.xml
----------------- Instantiating /home/travis/build/icyphy/ptII/ptolemy/actor/lib/test/auto/PublisherPortSubscriberPortOpaqueD3Reverse.xml
7 ms. Memory: 449536K Free: 312383K (69%)
----------------- Invoking toplevel() on ptolemy.moml.MoMLSimpleApplication@39ad4eef
----------------- Done invoking toplevel() on ptolemy.moml.MoMLSimpleApplication@39ad4eef
reloadAllAccessors: .PublisherPortSubscriberPortOpaqueD3Reverse

===========================================================================================
----------------- testing Thu Jul 18 04:52:28 UTC 2019 /home/travis/build/icyphy/ptII/ptolemy/actor/lib/test/auto/PublisherPortSubscriberPortOpaqueWidthInference.xml
----------------- Instantiating /home/travis/build/icyphy/ptII/ptolemy/actor/lib/test/auto/PublisherPortSubscriberPortOpaqueWidthInference.xml
4 ms. Memory: 449536K Free: 304687K (68%)
----------------- Invoking toplevel() on ptolemy.moml.MoMLSimpleApplication@5629c3e5
----------------- Done invoking toplevel() on ptolemy.moml.MoMLSimpleApplication@5629c3e5
reloadAllAccessors: .PublisherPortSubscriberPortOpaqueWidthInference

===========================================================================================
----------------- testing Thu Jul 18 04:52:28 UTC 2019 /home/travis/build/icyphy/ptII/ptolemy/actor/lib/test/auto/PublisherPortToplevelSubscriberPortAOC.xml
----------------- Instantiating /home/travis/build/icyphy/ptII/ptolemy/actor/lib/test/auto/PublisherPortToplevelSubscriberPortAOC.xml
.PublisherPortToplevelSubscriberPortAOC.TestExceptionAttribute: initialize() was not invoked, but wrapup() was.  This is unusual, but not always a problem.  For example, exporting JNLP will do this.
1 ms. Memory: 449536K Free: 299071K (67%)
----------------- Invoking toplevel() on ptolemy.moml.MoMLSimpleApplication@9f11468
----------------- Done invoking toplevel() on ptolemy.moml.MoMLSimpleApplication@9f11468
reloadAllAccessors: .PublisherPortToplevelSubscriberPortAOC

===========================================================================================
----------------- testing Thu Jul 18 04:52:28 UTC 2019 /home/travis/build/icyphy/ptII/ptolemy/actor/lib/test/auto/PublisherSubscriber.xml
----------------- Instantiating /home/travis/build/icyphy/ptII/ptolemy/actor/lib/test/auto/PublisherSubscriber.xml
3 ms. Memory: 449536K Free: 290879K (65%)
----------------- Invoking toplevel() on ptolemy.moml.MoMLSimpleApplication@6617208f
----------------- Done invoking toplevel() on ptolemy.moml.MoMLSimpleApplication@6617208f
reloadAllAccessors: .PublisherSubscriber

===========================================================================================
----------------- testing Thu Jul 18 04:52:28 UTC 2019 /home/travis/build/icyphy/ptII/ptolemy/actor/lib/test/auto/PublisherSubscriber10.xml
----------------- Instantiating /home/travis/build/icyphy/ptII/ptolemy/actor/lib/test/auto/PublisherSubscriber10.xml
6 ms. Memory: 449536K Free: 281149K (63%)
----------------- Invoking toplevel() on ptolemy.moml.MoMLSimpleApplication@5bd634c4
----------------- Done invoking toplevel() on ptolemy.moml.MoMLSimpleApplication@5bd634c4
reloadAllAccessors: .PublisherSubscriber10

===========================================================================================
----------------- testing Thu Jul 18 04:52:28 UTC 2019 /home/travis/build/icyphy/ptII/ptolemy/actor/lib/test/auto/PublisherSubscriber10InitialOutputs.xml
----------------- Instantiating /home/travis/build/icyphy/ptII/ptolemy/actor/lib/test/auto/PublisherSubscriber10InitialOutputs.xml
17 ms. Memory: 449536K Free: 271933K (60%)
----------------- Invoking toplevel() on ptolemy.moml.MoMLSimpleApplication@63ebe094
----------------- Done invoking toplevel() on ptolemy.moml.MoMLSimpleApplication@63ebe094
reloadAllAccessors: .PublisherSubscriber10InitialOutputs

===========================================================================================
----------------- testing Thu Jul 18 04:52:28 UTC 2019 /home/travis/build/icyphy/ptII/ptolemy/actor/lib/test/auto/PublisherSubscriber11.xml
----------------- Instantiating /home/travis/build/icyphy/ptII/ptolemy/actor/lib/test/auto/PublisherSubscriber11.xml
7 ms. Memory: 449536K Free: 265759K (59%)
----------------- Invoking toplevel() on ptolemy.moml.MoMLSimpleApplication@50225f18
----------------- Done invoking toplevel() on ptolemy.moml.MoMLSimpleApplication@50225f18
reloadAllAccessors: .PublisherSubscriber11

===========================================================================================
----------------- testing Thu Jul 18 04:52:28 UTC 2019 /home/travis/build/icyphy/ptII/ptolemy/actor/lib/test/auto/PublisherSubscriber12.xml
----------------- Instantiating /home/travis/build/icyphy/ptII/ptolemy/actor/lib/test/auto/PublisherSubscriber12.xml
3 ms. Memory: 449536K Free: 259135K (58%)
----------------- Invoking toplevel() on ptolemy.moml.MoMLSimpleApplication@6b62f81d
----------------- Done invoking toplevel() on ptolemy.moml.MoMLSimpleApplication@6b62f81d
reloadAllAccessors: .PublisherSubscriber12

===========================================================================================
----------------- testing Thu Jul 18 04:52:28 UTC 2019 /home/travis/build/icyphy/ptII/ptolemy/actor/lib/test/auto/PublisherSubscriber13.xml
----------------- Instantiating /home/travis/build/icyphy/ptII/ptolemy/actor/lib/test/auto/PublisherSubscriber13.xml
2 ms. Memory: 449536K Free: 253471K (56%)
----------------- Invoking toplevel() on ptolemy.moml.MoMLSimpleApplication@12f7b0e7
----------------- Done invoking toplevel() on ptolemy.moml.MoMLSimpleApplication@12f7b0e7
reloadAllAccessors: .PublisherSubscriber13

===========================================================================================
----------------- testing Thu Jul 18 04:52:28 UTC 2019 /home/travis/build/icyphy/ptII/ptolemy/actor/lib/test/auto/PublisherSubscriber14.xml
----------------- Instantiating /home/travis/build/icyphy/ptII/ptolemy/actor/lib/test/auto/PublisherSubscriber14.xml
2 ms. Memory: 449536K Free: 244255K (54%)
----------------- Invoking toplevel() on ptolemy.moml.MoMLSimpleApplication@19489f14
----------------- Done invoking toplevel() on ptolemy.moml.MoMLSimpleApplication@19489f14
reloadAllAccessors: .PublisherSubscriber14

===========================================================================================
----------------- testing Thu Jul 18 04:52:28 UTC 2019 /home/travis/build/icyphy/ptII/ptolemy/actor/lib/test/auto/PublisherSubscriber2.xml
----------------- Instantiating /home/travis/build/icyphy/ptII/ptolemy/actor/lib/test/auto/PublisherSubscriber2.xml
3 ms. Memory: 449536K Free: 238655K (53%)
----------------- Invoking toplevel() on ptolemy.moml.MoMLSimpleApplication@74465482
----------------- Done invoking toplevel() on ptolemy.moml.MoMLSimpleApplication@74465482
reloadAllAccessors: .PublisherSubscriber2

===========================================================================================
----------------- testing Thu Jul 18 04:52:28 UTC 2019 /home/travis/build/icyphy/ptII/ptolemy/actor/lib/test/auto/PublisherSubscriber3.xml
----------------- Instantiating /home/travis/build/icyphy/ptII/ptolemy/actor/lib/test/auto/PublisherSubscriber3.xml
1 ms. Memory: 449536K Free: 233007K (52%)
----------------- Invoking toplevel() on ptolemy.moml.MoMLSimpleApplication@40f78b88
----------------- Done invoking toplevel() on ptolemy.moml.MoMLSimpleApplication@40f78b88
reloadAllAccessors: .PublisherSubscriber3

===========================================================================================
----------------- testing Thu Jul 18 04:52:28 UTC 2019 /home/travis/build/icyphy/ptII/ptolemy/actor/lib/test/auto/PublisherSubscriber4.xml
----------------- Instantiating /home/travis/build/icyphy/ptII/ptolemy/actor/lib/test/auto/PublisherSubscriber4.xml
1 ms. Memory: 449536K Free: 227901K (51%)
----------------- Invoking toplevel() on ptolemy.moml.MoMLSimpleApplication@6b98dda1
----------------- Done invoking toplevel() on ptolemy.moml.MoMLSimpleApplication@6b98dda1
reloadAllAccessors: .PublisherSubscriber4

===========================================================================================
----------------- testing Thu Jul 18 04:52:28 UTC 2019 /home/travis/build/icyphy/ptII/ptolemy/actor/lib/test/auto/PublisherSubscriber5.xml
----------------- Instantiating /home/travis/build/icyphy/ptII/ptolemy/actor/lib/test/auto/PublisherSubscriber5.xml
2 ms. Memory: 449536K Free: 221247K (49%)
----------------- Invoking toplevel() on ptolemy.moml.MoMLSimpleApplication@55530078
----------------- Done invoking toplevel() on ptolemy.moml.MoMLSimpleApplication@55530078
reloadAllAccessors: .PublisherSubscriber5

===========================================================================================
----------------- testing Thu Jul 18 04:52:28 UTC 2019 /home/travis/build/icyphy/ptII/ptolemy/actor/lib/test/auto/PublisherSubscriber6.xml
----------------- Instantiating /home/travis/build/icyphy/ptII/ptolemy/actor/lib/test/auto/PublisherSubscriber6.xml
6 ms. Memory: 449536K Free: 214589K (48%)
----------------- Invoking toplevel() on ptolemy.moml.MoMLSimpleApplication@37f737f4
----------------- Done invoking toplevel() on ptolemy.moml.MoMLSimpleApplication@37f737f4
reloadAllAccessors: .PublisherSubscriber6

===========================================================================================
----------------- testing Thu Jul 18 04:52:28 UTC 2019 /home/travis/build/icyphy/ptII/ptolemy/actor/lib/test/auto/PublisherSubscriber7.xml
----------------- Instantiating /home/travis/build/icyphy/ptII/ptolemy/actor/lib/test/auto/PublisherSubscriber7.xml
8 ms. Memory: 449536K Free: 207415K (46%)
----------------- Invoking toplevel() on ptolemy.moml.MoMLSimpleApplication@4ce70420
----------------- Done invoking toplevel() on ptolemy.moml.MoMLSimpleApplication@4ce70420
reloadAllAccessors: .PublisherSubscriber7

===========================================================================================
----------------- testing Thu Jul 18 04:52:28 UTC 2019 /home/travis/build/icyphy/ptII/ptolemy/actor/lib/test/auto/PublisherSubscriber8.xml
----------------- Instantiating /home/travis/build/icyphy/ptII/ptolemy/actor/lib/test/auto/PublisherSubscriber8.xml
28 ms. Memory: 449536K Free: 195647K (44%)
----------------- Invoking toplevel() on ptolemy.moml.MoMLSimpleApplication@6b4486f1
----------------- Done invoking toplevel() on ptolemy.moml.MoMLSimpleApplication@6b4486f1
reloadAllAccessors: .PublisherSubscriber8

===========================================================================================
----------------- testing Thu Jul 18 04:52:28 UTC 2019 /home/travis/build/icyphy/ptII/ptolemy/actor/lib/test/auto/PublisherSubscriber9.xml
----------------- Instantiating /home/travis/build/icyphy/ptII/ptolemy/actor/lib/test/auto/PublisherSubscriber9.xml
3 ms. Memory: 449536K Free: 188479K (42%)
----------------- Invoking toplevel() on ptolemy.moml.MoMLSimpleApplication@9a8e210
----------------- Done invoking toplevel() on ptolemy.moml.MoMLSimpleApplication@9a8e210
reloadAllAccessors: .PublisherSubscriber9

===========================================================================================
----------------- testing Thu Jul 18 04:52:28 UTC 2019 /home/travis/build/icyphy/ptII/ptolemy/actor/lib/test/auto/PublisherSubscriberAdjacent.xml
----------------- Instantiating /home/travis/build/icyphy/ptII/ptolemy/actor/lib/test/auto/PublisherSubscriberAdjacent.xml
3 ms. Memory: 449536K Free: 180287K (40%)
----------------- Invoking toplevel() on ptolemy.moml.MoMLSimpleApplication@2b762fbd
----------------- Done invoking toplevel() on ptolemy.moml.MoMLSimpleApplication@2b762fbd
reloadAllAccessors: .PublisherSubscriberAdjacent

===========================================================================================
----------------- testing Thu Jul 18 04:52:28 UTC 2019 /home/travis/build/icyphy/ptII/ptolemy/actor/lib/test/auto/PublisherSubscriberChannelVariablesAOC2.xml
----------------- Instantiating /home/travis/build/icyphy/ptII/ptolemy/actor/lib/test/auto/PublisherSubscriberChannelVariablesAOC2.xml
3 ms. Memory: 449536K Free: 165437K (37%)
----------------- Invoking toplevel() on ptolemy.moml.MoMLSimpleApplication@dff55de
----------------- Done invoking toplevel() on ptolemy.moml.MoMLSimpleApplication@dff55de
reloadAllAccessors: .PublisherSubscriberChannelVariablesAOC2

===========================================================================================
----------------- testing Thu Jul 18 04:52:28 UTC 2019 /home/travis/build/icyphy/ptII/ptolemy/actor/lib/test/auto/PublisherSubscriberD3.xml
----------------- Instantiating /home/travis/build/icyphy/ptII/ptolemy/actor/lib/test/auto/PublisherSubscriberD3.xml
2 ms. Memory: 449536K Free: 157759K (35%)
----------------- Invoking toplevel() on ptolemy.moml.MoMLSimpleApplication@340beba5
----------------- Done invoking toplevel() on ptolemy.moml.MoMLSimpleApplication@340beba5
reloadAllAccessors: .PublisherSubscriberD3

===========================================================================================
----------------- testing Thu Jul 18 04:52:28 UTC 2019 /home/travis/build/icyphy/ptII/ptolemy/actor/lib/test/auto/PublisherSubscriberD3Reverse.xml
----------------- Instantiating /home/travis/build/icyphy/ptII/ptolemy/actor/lib/test/auto/PublisherSubscriberD3Reverse.xml
2 ms. Memory: 449536K Free: 151615K (34%)
----------------- Invoking toplevel() on ptolemy.moml.MoMLSimpleApplication@3bd74f0d
----------------- Done invoking toplevel() on ptolemy.moml.MoMLSimpleApplication@3bd74f0d
reloadAllAccessors: .PublisherSubscriberD3Reverse

===========================================================================================
----------------- testing Thu Jul 18 04:52:28 UTC 2019 /home/travis/build/icyphy/ptII/ptolemy/actor/lib/test/auto/PublisherSubscriberExpression.xml
----------------- Instantiating /home/travis/build/icyphy/ptII/ptolemy/actor/lib/test/auto/PublisherSubscriberExpression.xml
4 ms. Memory: 449536K Free: 142879K (32%)
----------------- Invoking toplevel() on ptolemy.moml.MoMLSimpleApplication@1a46f4b2
----------------- Done invoking toplevel() on ptolemy.moml.MoMLSimpleApplication@1a46f4b2
reloadAllAccessors: .PublisherSubscriberExpression

===========================================================================================
----------------- testing Thu Jul 18 04:52:29 UTC 2019 /home/travis/build/icyphy/ptII/ptolemy/actor/lib/test/auto/PublisherSubscriberOpaque.xml
----------------- Instantiating /home/travis/build/icyphy/ptII/ptolemy/actor/lib/test/auto/PublisherSubscriberOpaque.xml
23 ms. Memory: 449536K Free: 400915K (89%)
----------------- Invoking toplevel() on ptolemy.moml.MoMLSimpleApplication@4947ea13
----------------- Done invoking toplevel() on ptolemy.moml.MoMLSimpleApplication@4947ea13
reloadAllAccessors: .PublisherSubscriberOpaque

===========================================================================================
----------------- testing Thu Jul 18 04:52:29 UTC 2019 /home/travis/build/icyphy/ptII/ptolemy/actor/lib/test/auto/PublisherSubscriberOpaqueD3.xml
----------------- Instantiating /home/travis/build/icyphy/ptII/ptolemy/actor/lib/test/auto/PublisherSubscriberOpaqueD3.xml
5 ms. Memory: 449536K Free: 389162K (87%)
----------------- Invoking toplevel() on ptolemy.moml.MoMLSimpleApplication@6dc1b8c4
----------------- Done invoking toplevel() on ptolemy.moml.MoMLSimpleApplication@6dc1b8c4
reloadAllAccessors: .PublisherSubscriberOpaqueD3

===========================================================================================
----------------- testing Thu Jul 18 04:52:29 UTC 2019 /home/travis/build/icyphy/ptII/ptolemy/actor/lib/test/auto/PublisherSubscriberOpaqueD3Reverse.xml
----------------- Instantiating /home/travis/build/icyphy/ptII/ptolemy/actor/lib/test/auto/PublisherSubscriberOpaqueD3Reverse.xml
15 ms. Memory: 449536K Free: 377898K (84%)
----------------- Invoking toplevel() on ptolemy.moml.MoMLSimpleApplication@4e90aebc
----------------- Done invoking toplevel() on ptolemy.moml.MoMLSimpleApplication@4e90aebc
reloadAllAccessors: .PublisherSubscriberOpaqueD3Reverse

===========================================================================================
----------------- testing Thu Jul 18 04:52:29 UTC 2019 /home/travis/build/icyphy/ptII/ptolemy/actor/lib/test/auto/PublisherSubscriberOpaqueWidthInference.xml
----------------- Instantiating /home/travis/build/icyphy/ptII/ptolemy/actor/lib/test/auto/PublisherSubscriberOpaqueWidthInference.xml
12 ms. Memory: 449536K Free: 369706K (82%)
----------------- Invoking toplevel() on ptolemy.moml.MoMLSimpleApplication@6bc238c6
----------------- Done invoking toplevel() on ptolemy.moml.MoMLSimpleApplication@6bc238c6
reloadAllAccessors: .PublisherSubscriberOpaqueWidthInference

===========================================================================================
----------------- testing Thu Jul 18 04:52:29 UTC 2019 /home/travis/build/icyphy/ptII/ptolemy/actor/lib/test/auto/PublisherTestSubscriber.xml
----------------- Instantiating /home/travis/build/icyphy/ptII/ptolemy/actor/lib/test/auto/PublisherTestSubscriber.xml
3 ms. Memory: 449536K Free: 362017K (81%)
----------------- Invoking toplevel() on ptolemy.moml.MoMLSimpleApplication@1176e6e5
----------------- Done invoking toplevel() on ptolemy.moml.MoMLSimpleApplication@1176e6e5
reloadAllAccessors: .PublisherTestSubscriber

===========================================================================================
----------------- testing Thu Jul 18 04:52:29 UTC 2019 /home/travis/build/icyphy/ptII/ptolemy/actor/lib/test/auto/PublisherToplevelSubscriberPortAOC.xml
----------------- Instantiating /home/travis/build/icyphy/ptII/ptolemy/actor/lib/test/auto/PublisherToplevelSubscriberPortAOC.xml
2 ms. Memory: 449536K Free: 355370K (79%)
----------------- Invoking toplevel() on ptolemy.moml.MoMLSimpleApplication@4eec0b5c
----------------- Done invoking toplevel() on ptolemy.moml.MoMLSimpleApplication@4eec0b5c
reloadAllAccessors: .PublisherToplevelSubscriberPortAOC

===========================================================================================
----------------- testing Thu Jul 18 04:52:29 UTC 2019 /home/travis/build/icyphy/ptII/ptolemy/actor/lib/test/auto/PulseFiringLimitDE.xml
----------------- Instantiating /home/travis/build/icyphy/ptII/ptolemy/actor/lib/test/auto/PulseFiringLimitDE.xml
2 ms. Memory: 449536K Free: 349226K (78%)
----------------- Invoking toplevel() on ptolemy.moml.MoMLSimpleApplication@5cd4062
----------------- Done invoking toplevel() on ptolemy.moml.MoMLSimpleApplication@5cd4062
reloadAllAccessors: .PulseFiringLimitDE

===========================================================================================
----------------- testing Thu Jul 18 04:52:29 UTC 2019 /home/travis/build/icyphy/ptII/ptolemy/actor/lib/test/auto/Ramp1.xml
----------------- Instantiating /home/travis/build/icyphy/ptII/ptolemy/actor/lib/test/auto/Ramp1.xml
2 ms. Memory: 449536K Free: 344601K (77%)
----------------- Invoking toplevel() on ptolemy.moml.MoMLSimpleApplication@3c64e6b4
----------------- Done invoking toplevel() on ptolemy.moml.MoMLSimpleApplication@3c64e6b4
reloadAllAccessors: .Ramp1

===========================================================================================
----------------- testing Thu Jul 18 04:52:29 UTC 2019 /home/travis/build/icyphy/ptII/ptolemy/actor/lib/test/auto/RampFiringLimitDE.xml
----------------- Instantiating /home/travis/build/icyphy/ptII/ptolemy/actor/lib/test/auto/RampFiringLimitDE.xml
3 ms. Memory: 449536K Free: 338457K (75%)
----------------- Invoking toplevel() on ptolemy.moml.MoMLSimpleApplication@6afe1b3a
----------------- Done invoking toplevel() on ptolemy.moml.MoMLSimpleApplication@6afe1b3a
reloadAllAccessors: .RampFiringLimitDE

===========================================================================================
----------------- testing Thu Jul 18 04:52:29 UTC 2019 /home/travis/build/icyphy/ptII/ptolemy/actor/lib/test/auto/RampFiringLimitSDF.xml
----------------- Instantiating /home/travis/build/icyphy/ptII/ptolemy/actor/lib/test/auto/RampFiringLimitSDF.xml
2 ms. Memory: 449536K Free: 333321K (74%)
----------------- Invoking toplevel() on ptolemy.moml.MoMLSimpleApplication@386a7e88
----------------- Done invoking toplevel() on ptolemy.moml.MoMLSimpleApplication@386a7e88
reloadAllAccessors: .RampFiringLimitSDF

===========================================================================================
----------------- testing Thu Jul 18 04:52:29 UTC 2019 /home/travis/build/icyphy/ptII/ptolemy/actor/lib/test/auto/RandomInteger.xml
----------------- Instantiating /home/travis/build/icyphy/ptII/ptolemy/actor/lib/test/auto/RandomInteger.xml
2 ms. Memory: 449536K Free: 329256K (73%)
----------------- Invoking toplevel() on ptolemy.moml.MoMLSimpleApplication@e827b07
----------------- Done invoking toplevel() on ptolemy.moml.MoMLSimpleApplication@e827b07
reloadAllAccessors: .RandomInteger

===========================================================================================
----------------- testing Thu Jul 18 04:52:29 UTC 2019 /home/travis/build/icyphy/ptII/ptolemy/actor/lib/test/auto/ReadFile1.xml
----------------- Instantiating /home/travis/build/icyphy/ptII/ptolemy/actor/lib/test/auto/ReadFile1.xml
1 ms. Memory: 449536K Free: 324121K (72%)
----------------- Invoking toplevel() on ptolemy.moml.MoMLSimpleApplication@7cadf373
----------------- Done invoking toplevel() on ptolemy.moml.MoMLSimpleApplication@7cadf373
reloadAllAccessors: .ReadFile1

===========================================================================================
----------------- testing Thu Jul 18 04:52:29 UTC 2019 /home/travis/build/icyphy/ptII/ptolemy/actor/lib/test/auto/ReadFile2.xml
----------------- Instantiating /home/travis/build/icyphy/ptII/ptolemy/actor/lib/test/auto/ReadFile2.xml
1 ms. Memory: 449536K Free: 320040K (71%)
----------------- Invoking toplevel() on ptolemy.moml.MoMLSimpleApplication@7891c441
----------------- Done invoking toplevel() on ptolemy.moml.MoMLSimpleApplication@7891c441
reloadAllAccessors: .ReadFile2

===========================================================================================
----------------- testing Thu Jul 18 04:52:29 UTC 2019 /home/travis/build/icyphy/ptII/ptolemy/actor/lib/test/auto/Reader.xml
----------------- Instantiating /home/travis/build/icyphy/ptII/ptolemy/actor/lib/test/auto/Reader.xml
actor.lib.Reader is obsolete, use actor.lib.io.ExpressionReader instead
4 ms. Memory: 449536K Free: 315944K (70%)
----------------- Invoking toplevel() on ptolemy.moml.MoMLSimpleApplication@761b4dc
----------------- Done invoking toplevel() on ptolemy.moml.MoMLSimpleApplication@761b4dc
reloadAllAccessors: .Reader

===========================================================================================
----------------- testing Thu Jul 18 04:52:29 UTC 2019 /home/travis/build/icyphy/ptII/ptolemy/actor/lib/test/auto/RecordAssemblerDisplayNameTest.xml
----------------- Instantiating /home/travis/build/icyphy/ptII/ptolemy/actor/lib/test/auto/RecordAssemblerDisplayNameTest.xml
3630 ms. Memory: 449536K Free: 171299K (38%)
----------------- Invoking toplevel() on ptolemy.moml.MoMLSimpleApplication@4c365d80
----------------- Done invoking toplevel() on ptolemy.moml.MoMLSimpleApplication@4c365d80
reloadAllAccessors: .RecordAssemblerDisplayNameTest

===========================================================================================
----------------- testing Thu Jul 18 04:52:32 UTC 2019 /home/travis/build/icyphy/ptII/ptolemy/actor/lib/test/auto/RecordAssemblerTypeError.xml
----------------- Instantiating /home/travis/build/icyphy/ptII/ptolemy/actor/lib/test/auto/RecordAssemblerTypeError.xml
19 ms. Memory: 449536K Free: 161573K (36%)
----------------- Invoking toplevel() on ptolemy.moml.MoMLSimpleApplication@5197e24b
----------------- Done invoking toplevel() on ptolemy.moml.MoMLSimpleApplication@5197e24b
reloadAllAccessors: .RecordAssemblerTypeError

===========================================================================================
----------------- testing Thu Jul 18 04:52:33 UTC 2019 /home/travis/build/icyphy/ptII/ptolemy/actor/lib/test/auto/RecordDisassember.xml
----------------- Instantiating /home/travis/build/icyphy/ptII/ptolemy/actor/lib/test/auto/RecordDisassember.xml
4 ms. Memory: 449536K Free: 156453K (35%)
----------------- Invoking toplevel() on ptolemy.moml.MoMLSimpleApplication@77f0acab
----------------- Done invoking toplevel() on ptolemy.moml.MoMLSimpleApplication@77f0acab
reloadAllAccessors: .RecordDisassember

===========================================================================================
----------------- testing Thu Jul 18 04:52:33 UTC 2019 /home/travis/build/icyphy/ptII/ptolemy/actor/lib/test/auto/RecordDisassemberDisplayNameTest.xml
----------------- Instantiating /home/travis/build/icyphy/ptII/ptolemy/actor/lib/test/auto/RecordDisassemberDisplayNameTest.xml
5 ms. Memory: 449536K Free: 148771K (33%)
----------------- Invoking toplevel() on ptolemy.moml.MoMLSimpleApplication@63617e5
----------------- Done invoking toplevel() on ptolemy.moml.MoMLSimpleApplication@63617e5
reloadAllAccessors: .RecordDisassemberDisplayNameTest

===========================================================================================
----------------- testing Thu Jul 18 04:52:33 UTC 2019 /home/travis/build/icyphy/ptII/ptolemy/actor/lib/test/auto/RecordDisassembler.xml
----------------- Instantiating /home/travis/build/icyphy/ptII/ptolemy/actor/lib/test/auto/RecordDisassembler.xml
3 ms. Memory: 449536K Free: 143621K (32%)
----------------- Invoking toplevel() on ptolemy.moml.MoMLSimpleApplication@7971478
----------------- Done invoking toplevel() on ptolemy.moml.MoMLSimpleApplication@7971478
reloadAllAccessors: .RecordDisassembler

===========================================================================================
----------------- testing Thu Jul 18 04:52:33 UTC 2019 /home/travis/build/icyphy/ptII/ptolemy/actor/lib/test/auto/RecordDisassembler2.xml
----------------- Instantiating /home/travis/build/icyphy/ptII/ptolemy/actor/lib/test/auto/RecordDisassembler2.xml
2 ms. Memory: 449536K Free: 138501K (31%)
----------------- Invoking toplevel() on ptolemy.moml.MoMLSimpleApplication@3ef65aff
----------------- Done invoking toplevel() on ptolemy.moml.MoMLSimpleApplication@3ef65aff
reloadAllAccessors: .RecordDisassembler2

===========================================================================================
----------------- testing Thu Jul 18 04:52:33 UTC 2019 /home/travis/build/icyphy/ptII/ptolemy/actor/lib/test/auto/RecordUpdater.xml
----------------- Instantiating /home/travis/build/icyphy/ptII/ptolemy/actor/lib/test/auto/RecordUpdater.xml
2 ms. Memory: 449536K Free: 398857K (89%)
----------------- Invoking toplevel() on ptolemy.moml.MoMLSimpleApplication@42a8ff5b
----------------- Done invoking toplevel() on ptolemy.moml.MoMLSimpleApplication@42a8ff5b
reloadAllAccessors: .RecordUpdater

===========================================================================================
----------------- testing Thu Jul 18 04:52:33 UTC 2019 /home/travis/build/icyphy/ptII/ptolemy/actor/lib/test/auto/RecordUpdater2.xml
----------------- Instantiating /home/travis/build/icyphy/ptII/ptolemy/actor/lib/test/auto/RecordUpdater2.xml
2 ms. Memory: 449536K Free: 393768K (88%)
----------------- Invoking toplevel() on ptolemy.moml.MoMLSimpleApplication@144b109
----------------- Done invoking toplevel() on ptolemy.moml.MoMLSimpleApplication@144b109
reloadAllAccessors: .RecordUpdater2

===========================================================================================
----------------- testing Thu Jul 18 04:52:33 UTC 2019 /home/travis/build/icyphy/ptII/ptolemy/actor/lib/test/auto/RecursiveLattice.xml
----------------- Instantiating /home/travis/build/icyphy/ptII/ptolemy/actor/lib/test/auto/RecursiveLattice.xml
1 ms. Memory: 449536K Free: 389162K (87%)
----------------- Invoking toplevel() on ptolemy.moml.MoMLSimpleApplication@24c79d4d
----------------- Done invoking toplevel() on ptolemy.moml.MoMLSimpleApplication@24c79d4d
reloadAllAccessors: .RecursiveLattice

===========================================================================================
----------------- testing Thu Jul 18 04:52:33 UTC 2019 /home/travis/build/icyphy/ptII/ptolemy/actor/lib/test/auto/Router.xml
----------------- Instantiating /home/travis/build/icyphy/ptII/ptolemy/actor/lib/test/auto/Router.xml
3003 ms. Memory: 449536K Free: 377384K (84%)
----------------- Invoking toplevel() on ptolemy.moml.MoMLSimpleApplication@62c6ecd0
----------------- Done invoking toplevel() on ptolemy.moml.MoMLSimpleApplication@62c6ecd0
reloadAllAccessors: .Router

===========================================================================================
----------------- testing Thu Jul 18 04:52:36 UTC 2019 /home/travis/build/icyphy/ptII/ptolemy/actor/lib/test/auto/Router2.xml
----------------- Instantiating /home/travis/build/icyphy/ptII/ptolemy/actor/lib/test/auto/Router2.xml
3005 ms. Memory: 449536K Free: 365096K (81%)
----------------- Invoking toplevel() on ptolemy.moml.MoMLSimpleApplication@7eca6aa6
----------------- Done invoking toplevel() on ptolemy.moml.MoMLSimpleApplication@7eca6aa6
reloadAllAccessors: .Router2

===========================================================================================
----------------- testing Thu Jul 18 04:52:39 UTC 2019 /home/travis/build/icyphy/ptII/ptolemy/actor/lib/test/auto/RunningMaximum.xml
----------------- Instantiating /home/travis/build/icyphy/ptII/ptolemy/actor/lib/test/auto/RunningMaximum.xml
3 ms. Memory: 449536K Free: 360490K (80%)
----------------- Invoking toplevel() on ptolemy.moml.MoMLSimpleApplication@1393b25d
----------------- Done invoking toplevel() on ptolemy.moml.MoMLSimpleApplication@1393b25d
reloadAllAccessors: .RunningMaximum

===========================================================================================
----------------- testing Thu Jul 18 04:52:39 UTC 2019 /home/travis/build/icyphy/ptII/ptolemy/actor/lib/test/auto/RunningMinimum.xml
----------------- Instantiating /home/travis/build/icyphy/ptII/ptolemy/actor/lib/test/auto/RunningMinimum.xml
11 ms. Memory: 449536K Free: 355880K (79%)
----------------- Invoking toplevel() on ptolemy.moml.MoMLSimpleApplication@57bb9f71
----------------- Done invoking toplevel() on ptolemy.moml.MoMLSimpleApplication@57bb9f71
reloadAllAccessors: .RunningMinimum

===========================================================================================
----------------- testing Thu Jul 18 04:52:39 UTC 2019 /home/travis/build/icyphy/ptII/ptolemy/actor/lib/test/auto/Scale.xml
----------------- Instantiating /home/travis/build/icyphy/ptII/ptolemy/actor/lib/test/auto/Scale.xml
2 ms. Memory: 449536K Free: 351274K (78%)
----------------- Invoking toplevel() on ptolemy.moml.MoMLSimpleApplication@447bb36d
----------------- Done invoking toplevel() on ptolemy.moml.MoMLSimpleApplication@447bb36d
reloadAllAccessors: .Scale

===========================================================================================
----------------- testing Thu Jul 18 04:52:39 UTC 2019 /home/travis/build/icyphy/ptII/ptolemy/actor/lib/test/auto/Scale2.xml
----------------- Instantiating /home/travis/build/icyphy/ptII/ptolemy/actor/lib/test/auto/Scale2.xml
2 ms. Memory: 449536K Free: 346154K (77%)
----------------- Invoking toplevel() on ptolemy.moml.MoMLSimpleApplication@43f0f5b1
----------------- Done invoking toplevel() on ptolemy.moml.MoMLSimpleApplication@43f0f5b1
reloadAllAccessors: .Scale2

===========================================================================================
----------------- testing Thu Jul 18 04:52:39 UTC 2019 /home/travis/build/icyphy/ptII/ptolemy/actor/lib/test/auto/Scale3.xml
----------------- Instantiating /home/travis/build/icyphy/ptII/ptolemy/actor/lib/test/auto/Scale3.xml
3 ms. Memory: 449536K Free: 340010K (76%)
----------------- Invoking toplevel() on ptolemy.moml.MoMLSimpleApplication@2181f3eb
----------------- Done invoking toplevel() on ptolemy.moml.MoMLSimpleApplication@2181f3eb
reloadAllAccessors: .Scale3

===========================================================================================
----------------- testing Thu Jul 18 04:52:39 UTC 2019 /home/travis/build/icyphy/ptII/ptolemy/actor/lib/test/auto/ScaleArray.xml
----------------- Instantiating /home/travis/build/icyphy/ptII/ptolemy/actor/lib/test/auto/ScaleArray.xml
1 ms. Memory: 449536K Free: 335400K (75%)
----------------- Invoking toplevel() on ptolemy.moml.MoMLSimpleApplication@3956a8b2
----------------- Done invoking toplevel() on ptolemy.moml.MoMLSimpleApplication@3956a8b2
reloadAllAccessors: .ScaleArray

===========================================================================================
----------------- testing Thu Jul 18 04:52:39 UTC 2019 /home/travis/build/icyphy/ptII/ptolemy/actor/lib/test/auto/ScaleArray2.xml
----------------- Instantiating /home/travis/build/icyphy/ptII/ptolemy/actor/lib/test/auto/ScaleArray2.xml
1 ms. Memory: 449536K Free: 330280K (73%)
----------------- Invoking toplevel() on ptolemy.moml.MoMLSimpleApplication@7f6a23a9
----------------- Done invoking toplevel() on ptolemy.moml.MoMLSimpleApplication@7f6a23a9
reloadAllAccessors: .ScaleArray2

===========================================================================================
----------------- testing Thu Jul 18 04:52:39 UTC 2019 /home/travis/build/icyphy/ptII/ptolemy/actor/lib/test/auto/ScaleMatrix.xml
----------------- Instantiating /home/travis/build/icyphy/ptII/ptolemy/actor/lib/test/auto/ScaleMatrix.xml
148 ms. Memory: 449536K Free: 315944K (70%)
----------------- Invoking toplevel() on ptolemy.moml.MoMLSimpleApplication@204bfd1e
----------------- Done invoking toplevel() on ptolemy.moml.MoMLSimpleApplication@204bfd1e
reloadAllAccessors: .ScaleMatrix

===========================================================================================
----------------- testing Thu Jul 18 04:52:39 UTC 2019 /home/travis/build/icyphy/ptII/ptolemy/actor/lib/test/auto/Select.xml
----------------- Instantiating /home/travis/build/icyphy/ptII/ptolemy/actor/lib/test/auto/Select.xml
3 ms. Memory: 449536K Free: 309769K (69%)
----------------- Invoking toplevel() on ptolemy.moml.MoMLSimpleApplication@7e907ab1
----------------- Done invoking toplevel() on ptolemy.moml.MoMLSimpleApplication@7e907ab1
reloadAllAccessors: .Select

===========================================================================================
----------------- testing Thu Jul 18 04:52:39 UTC 2019 /home/travis/build/icyphy/ptII/ptolemy/actor/lib/test/auto/Select2.xml
----------------- Instantiating /home/travis/build/icyphy/ptII/ptolemy/actor/lib/test/auto/Select2.xml
1 ms. Memory: 449536K Free: 305194K (68%)
----------------- Invoking toplevel() on ptolemy.moml.MoMLSimpleApplication@2c3c1dfa
----------------- Done invoking toplevel() on ptolemy.moml.MoMLSimpleApplication@2c3c1dfa
reloadAllAccessors: .Select2

===========================================================================================
----------------- testing Thu Jul 18 04:52:39 UTC 2019 /home/travis/build/icyphy/ptII/ptolemy/actor/lib/test/auto/SequenceToArray2.xml
----------------- Instantiating /home/travis/build/icyphy/ptII/ptolemy/actor/lib/test/auto/SequenceToArray2.xml
108 ms. Memory: 449536K Free: 280618K (62%)
----------------- Invoking toplevel() on ptolemy.moml.MoMLSimpleApplication@270a15da
----------------- Done invoking toplevel() on ptolemy.moml.MoMLSimpleApplication@270a15da
reloadAllAccessors: .SequenceToArray2

===========================================================================================
----------------- testing Thu Jul 18 04:52:39 UTC 2019 /home/travis/build/icyphy/ptII/ptolemy/actor/lib/test/auto/SequentialClock.xml
----------------- Instantiating /home/travis/build/icyphy/ptII/ptolemy/actor/lib/test/auto/SequentialClock.xml
1 ms. Memory: 449536K Free: 276522K (62%)
----------------- Invoking toplevel() on ptolemy.moml.MoMLSimpleApplication@7972aaae
----------------- Done invoking toplevel() on ptolemy.moml.MoMLSimpleApplication@7972aaae
reloadAllAccessors: .SequentialClock

===========================================================================================
----------------- testing Thu Jul 18 04:52:39 UTC 2019 /home/travis/build/icyphy/ptII/ptolemy/actor/lib/test/auto/SetVariable.xml
----------------- Instantiating /home/travis/build/icyphy/ptII/ptolemy/actor/lib/test/auto/SetVariable.xml
3 ms. Memory: 449536K Free: 271912K (60%)
----------------- Invoking toplevel() on ptolemy.moml.MoMLSimpleApplication@680a3651
----------------- Done invoking toplevel() on ptolemy.moml.MoMLSimpleApplication@680a3651
reloadAllAccessors: .SetVariable

===========================================================================================
----------------- testing Thu Jul 18 04:52:39 UTC 2019 /home/travis/build/icyphy/ptII/ptolemy/actor/lib/test/auto/SetVariable2.xml
----------------- Instantiating /home/travis/build/icyphy/ptII/ptolemy/actor/lib/test/auto/SetVariable2.xml
3 ms. Memory: 449536K Free: 266282K (59%)
----------------- Invoking toplevel() on ptolemy.moml.MoMLSimpleApplication@11177369
----------------- Done invoking toplevel() on ptolemy.moml.MoMLSimpleApplication@11177369
reloadAllAccessors: .SetVariable2

===========================================================================================
----------------- testing Thu Jul 18 04:52:39 UTC 2019 /home/travis/build/icyphy/ptII/ptolemy/actor/lib/test/auto/SetVariable3.xml
----------------- Instantiating /home/travis/build/icyphy/ptII/ptolemy/actor/lib/test/auto/SetVariable3.xml
6 ms. Memory: 449536K Free: 261162K (58%)
----------------- Invoking toplevel() on ptolemy.moml.MoMLSimpleApplication@5790c259
----------------- Done invoking toplevel() on ptolemy.moml.MoMLSimpleApplication@5790c259
reloadAllAccessors: .SetVariable3

===========================================================================================
----------------- testing Thu Jul 18 04:52:39 UTC 2019 /home/travis/build/icyphy/ptII/ptolemy/actor/lib/test/auto/SetVariable4.xml
----------------- Instantiating /home/travis/build/icyphy/ptII/ptolemy/actor/lib/test/auto/SetVariable4.xml
23 ms. Memory: 449536K Free: 250922K (56%)
----------------- Invoking toplevel() on ptolemy.moml.MoMLSimpleApplication@2f0a4bd2
----------------- Done invoking toplevel() on ptolemy.moml.MoMLSimpleApplication@2f0a4bd2
reloadAllAccessors: .SetVariable4

===========================================================================================
----------------- testing Thu Jul 18 04:52:39 UTC 2019 /home/travis/build/icyphy/ptII/ptolemy/actor/lib/test/auto/SetVariable5.xml
----------------- Instantiating /home/travis/build/icyphy/ptII/ptolemy/actor/lib/test/auto/SetVariable5.xml
21 ms. Memory: 449536K Free: 241192K (54%)
----------------- Invoking toplevel() on ptolemy.moml.MoMLSimpleApplication@7f6facc5
----------------- Done invoking toplevel() on ptolemy.moml.MoMLSimpleApplication@7f6facc5
reloadAllAccessors: .SetVariable5

===========================================================================================
----------------- testing Thu Jul 18 04:52:39 UTC 2019 /home/travis/build/icyphy/ptII/ptolemy/actor/lib/test/auto/Sinewave.xml
----------------- Instantiating /home/travis/build/icyphy/ptII/ptolemy/actor/lib/test/auto/Sinewave.xml
4 ms. Memory: 449536K Free: 230952K (51%)
----------------- Invoking toplevel() on ptolemy.moml.MoMLSimpleApplication@8a06705
----------------- Done invoking toplevel() on ptolemy.moml.MoMLSimpleApplication@8a06705
reloadAllAccessors: .Sinewave

===========================================================================================
----------------- testing Thu Jul 18 04:52:39 UTC 2019 /home/travis/build/icyphy/ptII/ptolemy/actor/lib/test/auto/Sinewave2.xml
----------------- Instantiating /home/travis/build/icyphy/ptII/ptolemy/actor/lib/test/auto/Sinewave2.xml
6 ms. Memory: 449536K Free: 222745K (50%)
----------------- Invoking toplevel() on ptolemy.moml.MoMLSimpleApplication@726bba3e
----------------- Done invoking toplevel() on ptolemy.moml.MoMLSimpleApplication@726bba3e
reloadAllAccessors: .Sinewave2

===========================================================================================
----------------- testing Thu Jul 18 04:52:39 UTC 2019 /home/travis/build/icyphy/ptII/ptolemy/actor/lib/test/auto/Sinewave3.xml
----------------- Instantiating /home/travis/build/icyphy/ptII/ptolemy/actor/lib/test/auto/Sinewave3.xml
15 ms. Memory: 449536K Free: 214058K (48%)
----------------- Invoking toplevel() on ptolemy.moml.MoMLSimpleApplication@1672df51
----------------- Done invoking toplevel() on ptolemy.moml.MoMLSimpleApplication@1672df51
reloadAllAccessors: .Sinewave3

===========================================================================================
----------------- testing Thu Jul 18 04:52:39 UTC 2019 /home/travis/build/icyphy/ptII/ptolemy/actor/lib/test/auto/SingleEvent.xml
----------------- Instantiating /home/travis/build/icyphy/ptII/ptolemy/actor/lib/test/auto/SingleEvent.xml
2 ms. Memory: 449536K Free: 209962K (47%)
----------------- Invoking toplevel() on ptolemy.moml.MoMLSimpleApplication@311f490e
----------------- Done invoking toplevel() on ptolemy.moml.MoMLSimpleApplication@311f490e
reloadAllAccessors: .SingleEvent

===========================================================================================
----------------- testing Thu Jul 18 04:52:40 UTC 2019 /home/travis/build/icyphy/ptII/ptolemy/actor/lib/test/auto/Sleep.xml
----------------- Instantiating /home/travis/build/icyphy/ptII/ptolemy/actor/lib/test/auto/Sleep.xml
6004 ms. Memory: 449536K Free: 204328K (45%)
----------------- Invoking toplevel() on ptolemy.moml.MoMLSimpleApplication@590519fa
----------------- Done invoking toplevel() on ptolemy.moml.MoMLSimpleApplication@590519fa
reloadAllAccessors: .Sleep

===========================================================================================
----------------- testing Thu Jul 18 04:52:46 UTC 2019 /home/travis/build/icyphy/ptII/ptolemy/actor/lib/test/auto/SleepMultipleFire.xml
----------------- Instantiating /home/travis/build/icyphy/ptII/ptolemy/actor/lib/test/auto/SleepMultipleFire.xml
1006 ms. Memory: 449536K Free: 198184K (44%)
----------------- Invoking toplevel() on ptolemy.moml.MoMLSimpleApplication@3d33eb6d
----------------- Done invoking toplevel() on ptolemy.moml.MoMLSimpleApplication@3d33eb6d
reloadAllAccessors: .SleepMultipleFire

===========================================================================================
----------------- testing Thu Jul 18 04:52:47 UTC 2019 /home/travis/build/icyphy/ptII/ptolemy/actor/lib/test/auto/StopDE.xml
----------------- Instantiating /home/travis/build/icyphy/ptII/ptolemy/actor/lib/test/auto/StopDE.xml
4 ms. Memory: 449536K Free: 192554K (43%)
----------------- Invoking toplevel() on ptolemy.moml.MoMLSimpleApplication@72a28500
----------------- Done invoking toplevel() on ptolemy.moml.MoMLSimpleApplication@72a28500
reloadAllAccessors: .StopDE

===========================================================================================
----------------- testing Thu Jul 18 04:52:47 UTC 2019 /home/travis/build/icyphy/ptII/ptolemy/actor/lib/test/auto/StopSDF.xml
----------------- Instantiating /home/travis/build/icyphy/ptII/ptolemy/actor/lib/test/auto/StopSDF.xml
3 ms. Memory: 449536K Free: 187434K (42%)
----------------- Invoking toplevel() on ptolemy.moml.MoMLSimpleApplication@4bea3fde
----------------- Done invoking toplevel() on ptolemy.moml.MoMLSimpleApplication@4bea3fde
reloadAllAccessors: .StopSDF

===========================================================================================
----------------- testing Thu Jul 18 04:52:47 UTC 2019 /home/travis/build/icyphy/ptII/ptolemy/actor/lib/test/auto/StringConstant.xml
----------------- Instantiating /home/travis/build/icyphy/ptII/ptolemy/actor/lib/test/auto/StringConstant.xml
10 ms. Memory: 449536K Free: 182824K (41%)
----------------- Invoking toplevel() on ptolemy.moml.MoMLSimpleApplication@723b26ab
----------------- Done invoking toplevel() on ptolemy.moml.MoMLSimpleApplication@723b26ab
reloadAllAccessors: .StringConstant

===========================================================================================
----------------- testing Thu Jul 18 04:52:47 UTC 2019 /home/travis/build/icyphy/ptII/ptolemy/actor/lib/test/auto/SubscriberPortInitialValues1.xml
----------------- Instantiating /home/travis/build/icyphy/ptII/ptolemy/actor/lib/test/auto/SubscriberPortInitialValues1.xml
12 ms. Memory: 449536K Free: 174122K (39%)
----------------- Invoking toplevel() on ptolemy.moml.MoMLSimpleApplication@4035043f
----------------- Done invoking toplevel() on ptolemy.moml.MoMLSimpleApplication@4035043f
reloadAllAccessors: .SubscriberPortInitialValues1

===========================================================================================
----------------- testing Thu Jul 18 04:52:47 UTC 2019 /home/travis/build/icyphy/ptII/ptolemy/actor/lib/test/auto/SubscriberPortInitialValues13.xml
----------------- Instantiating /home/travis/build/icyphy/ptII/ptolemy/actor/lib/test/auto/SubscriberPortInitialValues13.xml
6 ms. Memory: 449536K Free: 161320K (36%)
----------------- Invoking toplevel() on ptolemy.moml.MoMLSimpleApplication@d470eee
----------------- Done invoking toplevel() on ptolemy.moml.MoMLSimpleApplication@d470eee
reloadAllAccessors: .SubscriberPortInitialValues13

===========================================================================================
----------------- testing Thu Jul 18 04:52:47 UTC 2019 /home/travis/build/icyphy/ptII/ptolemy/actor/lib/test/auto/SubscriberPortInitialValues14.xml
----------------- Instantiating /home/travis/build/icyphy/ptII/ptolemy/actor/lib/test/auto/SubscriberPortInitialValues14.xml
5 ms. Memory: 449536K Free: 153128K (34%)
----------------- Invoking toplevel() on ptolemy.moml.MoMLSimpleApplication@367f06cf
----------------- Done invoking toplevel() on ptolemy.moml.MoMLSimpleApplication@367f06cf
reloadAllAccessors: .SubscriberPortInitialValues14

===========================================================================================
----------------- testing Thu Jul 18 04:52:47 UTC 2019 /home/travis/build/icyphy/ptII/ptolemy/actor/lib/test/auto/SubscriberPortInitialValues2.xml
----------------- Instantiating /home/travis/build/icyphy/ptII/ptolemy/actor/lib/test/auto/SubscriberPortInitialValues2.xml
4 ms. Memory: 449536K Free: 145450K (32%)
----------------- Invoking toplevel() on ptolemy.moml.MoMLSimpleApplication@48d7976e
----------------- Done invoking toplevel() on ptolemy.moml.MoMLSimpleApplication@48d7976e
reloadAllAccessors: .SubscriberPortInitialValues2

===========================================================================================
----------------- testing Thu Jul 18 04:52:47 UTC 2019 /home/travis/build/icyphy/ptII/ptolemy/actor/lib/test/auto/SubscriberPortInitialValues3.xml
----------------- Instantiating /home/travis/build/icyphy/ptII/ptolemy/actor/lib/test/auto/SubscriberPortInitialValues3.xml
26 ms. Memory: 449536K Free: 400104K (89%)
----------------- Invoking toplevel() on ptolemy.moml.MoMLSimpleApplication@5e130b29
----------------- Done invoking toplevel() on ptolemy.moml.MoMLSimpleApplication@5e130b29
reloadAllAccessors: .SubscriberPortInitialValues3

===========================================================================================
----------------- testing Thu Jul 18 04:52:47 UTC 2019 /home/travis/build/icyphy/ptII/ptolemy/actor/lib/test/auto/SubscriptionAggregator.xml
----------------- Instantiating /home/travis/build/icyphy/ptII/ptolemy/actor/lib/test/auto/SubscriptionAggregator.xml
2 ms. Memory: 449536K Free: 392454K (87%)
----------------- Invoking toplevel() on ptolemy.moml.MoMLSimpleApplication@a175cbc
----------------- Done invoking toplevel() on ptolemy.moml.MoMLSimpleApplication@a175cbc
reloadAllAccessors: .SubscriptionAggregator

===========================================================================================
----------------- testing Thu Jul 18 04:52:47 UTC 2019 /home/travis/build/icyphy/ptII/ptolemy/actor/lib/test/auto/SubscriptionAggregator2.xml
----------------- Instantiating /home/travis/build/icyphy/ptII/ptolemy/actor/lib/test/auto/SubscriptionAggregator2.xml
2 ms. Memory: 449536K Free: 385286K (86%)
----------------- Invoking toplevel() on ptolemy.moml.MoMLSimpleApplication@5adbe69
----------------- Done invoking toplevel() on ptolemy.moml.MoMLSimpleApplication@5adbe69
reloadAllAccessors: .SubscriptionAggregator2

===========================================================================================
----------------- testing Thu Jul 18 04:52:47 UTC 2019 /home/travis/build/icyphy/ptII/ptolemy/actor/lib/test/auto/SubscriptionAggregator3.xml
----------------- Instantiating /home/travis/build/icyphy/ptII/ptolemy/actor/lib/test/auto/SubscriptionAggregator3.xml
4 ms. Memory: 449536K Free: 376580K (84%)
----------------- Invoking toplevel() on ptolemy.moml.MoMLSimpleApplication@38318f15
----------------- Done invoking toplevel() on ptolemy.moml.MoMLSimpleApplication@38318f15
reloadAllAccessors: .SubscriptionAggregator3

===========================================================================================
----------------- testing Thu Jul 18 04:52:47 UTC 2019 /home/travis/build/icyphy/ptII/ptolemy/actor/lib/test/auto/SubscriptionAggregatorMultiply.xml
----------------- Instantiating /home/travis/build/icyphy/ptII/ptolemy/actor/lib/test/auto/SubscriptionAggregatorMultiply.xml
13 ms. Memory: 449536K Free: 367878K (82%)
----------------- Invoking toplevel() on ptolemy.moml.MoMLSimpleApplication@1cbb92ed
----------------- Done invoking toplevel() on ptolemy.moml.MoMLSimpleApplication@1cbb92ed
reloadAllAccessors: .SubscriptionAggregatorMultiply

===========================================================================================
----------------- testing Thu Jul 18 04:52:47 UTC 2019 /home/travis/build/icyphy/ptII/ptolemy/actor/lib/test/auto/SubscriptionAggregatorPortMultiply1.xml
----------------- Instantiating /home/travis/build/icyphy/ptII/ptolemy/actor/lib/test/auto/SubscriptionAggregatorPortMultiply1.xml
3 ms. Memory: 449536K Free: 360196K (80%)
----------------- Invoking toplevel() on ptolemy.moml.MoMLSimpleApplication@2935df67
----------------- Done invoking toplevel() on ptolemy.moml.MoMLSimpleApplication@2935df67
reloadAllAccessors: .SubscriptionAggregatorPortMultiply1

===========================================================================================
----------------- testing Thu Jul 18 04:52:47 UTC 2019 /home/travis/build/icyphy/ptII/ptolemy/actor/lib/test/auto/Switch.xml
----------------- Instantiating /home/travis/build/icyphy/ptII/ptolemy/actor/lib/test/auto/Switch.xml
9 ms. Memory: 449536K Free: 352004K (78%)
----------------- Invoking toplevel() on ptolemy.moml.MoMLSimpleApplication@7940cce4
----------------- Done invoking toplevel() on ptolemy.moml.MoMLSimpleApplication@7940cce4
reloadAllAccessors: .Switch

===========================================================================================
----------------- testing Thu Jul 18 04:52:47 UTC 2019 /home/travis/build/icyphy/ptII/ptolemy/actor/lib/test/auto/Switch2.xml
----------------- Instantiating /home/travis/build/icyphy/ptII/ptolemy/actor/lib/test/auto/Switch2.xml
1 ms. Memory: 449536K Free: 346884K (77%)
----------------- Invoking toplevel() on ptolemy.moml.MoMLSimpleApplication@14ddeaca
----------------- Done invoking toplevel() on ptolemy.moml.MoMLSimpleApplication@14ddeaca
reloadAllAccessors: .Switch2

===========================================================================================
----------------- testing Thu Jul 18 04:52:47 UTC 2019 /home/travis/build/icyphy/ptII/ptolemy/actor/lib/test/auto/SwitchDE.xml
----------------- Instantiating /home/travis/build/icyphy/ptII/ptolemy/actor/lib/test/auto/SwitchDE.xml
5 ms. Memory: 449536K Free: 340726K (76%)
----------------- Invoking toplevel() on ptolemy.moml.MoMLSimpleApplication@4f0a20b6
----------------- Done invoking toplevel() on ptolemy.moml.MoMLSimpleApplication@4f0a20b6
reloadAllAccessors: .SwitchDE

===========================================================================================
----------------- testing Thu Jul 18 04:52:47 UTC 2019 /home/travis/build/icyphy/ptII/ptolemy/actor/lib/test/auto/SynchronizerDE.xml
----------------- Instantiating /home/travis/build/icyphy/ptII/ptolemy/actor/lib/test/auto/SynchronizerDE.xml
8 ms. Memory: 449536K Free: 332038K (74%)
----------------- Invoking toplevel() on ptolemy.moml.MoMLSimpleApplication@12a89e98
----------------- Done invoking toplevel() on ptolemy.moml.MoMLSimpleApplication@12a89e98
reloadAllAccessors: .SynchronizerDE

===========================================================================================
----------------- testing Thu Jul 18 04:52:47 UTC 2019 /home/travis/build/icyphy/ptII/ptolemy/actor/lib/test/auto/Test.xml
----------------- Instantiating /home/travis/build/icyphy/ptII/ptolemy/actor/lib/test/auto/Test.xml
10 ms. Memory: 449536K Free: 326918K (73%)
----------------- Invoking toplevel() on ptolemy.moml.MoMLSimpleApplication@39b3d09
----------------- Done invoking toplevel() on ptolemy.moml.MoMLSimpleApplication@39b3d09
reloadAllAccessors: .Test

===========================================================================================
----------------- testing Thu Jul 18 04:52:47 UTC 2019 /home/travis/build/icyphy/ptII/ptolemy/actor/lib/test/auto/TestExceptionAttribute1.xml
----------------- Instantiating /home/travis/build/icyphy/ptII/ptolemy/actor/lib/test/auto/TestExceptionAttribute1.xml
1 ms. Memory: 449536K Free: 323332K (72%)
----------------- Invoking toplevel() on ptolemy.moml.MoMLSimpleApplication@46127dc5
----------------- Done invoking toplevel() on ptolemy.moml.MoMLSimpleApplication@46127dc5
reloadAllAccessors: .TestExceptionAttribute1

===========================================================================================
----------------- testing Thu Jul 18 04:52:47 UTC 2019 /home/travis/build/icyphy/ptII/ptolemy/actor/lib/test/auto/TestExceptionAttribute2.xml
----------------- Instantiating /home/travis/build/icyphy/ptII/ptolemy/actor/lib/test/auto/TestExceptionAttribute2.xml
2 ms. Memory: 449536K Free: 319236K (71%)
----------------- Invoking toplevel() on ptolemy.moml.MoMLSimpleApplication@65ddabd4
----------------- Done invoking toplevel() on ptolemy.moml.MoMLSimpleApplication@65ddabd4
reloadAllAccessors: .TestExceptionAttribute2

===========================================================================================
----------------- testing Thu Jul 18 04:52:47 UTC 2019 /home/travis/build/icyphy/ptII/ptolemy/actor/lib/test/auto/TestExceptionAttribute3.xml
----------------- Instantiating /home/travis/build/icyphy/ptII/ptolemy/actor/lib/test/auto/TestExceptionAttribute3.xml
.TestExceptionAttribute3.TestExceptionAttribute: initialize() was not invoked, but wrapup() was.  This is unusual, but not always a problem.  For example, exporting JNLP will do this.
1 ms. Memory: 449536K Free: 315654K (70%)
----------------- Invoking toplevel() on ptolemy.moml.MoMLSimpleApplication@3d47346
----------------- Done invoking toplevel() on ptolemy.moml.MoMLSimpleApplication@3d47346
reloadAllAccessors: .TestExceptionAttribute3

===========================================================================================
----------------- testing Thu Jul 18 04:52:47 UTC 2019 /home/travis/build/icyphy/ptII/ptolemy/actor/lib/test/auto/TestExceptionAttribute4.xml
----------------- Instantiating /home/travis/build/icyphy/ptII/ptolemy/actor/lib/test/auto/TestExceptionAttribute4.xml
.TestExceptionAttribute4.TestExceptionAttribute: initialize() was not invoked, but wrapup() was.  This is unusual, but not always a problem.  For example, exporting JNLP will do this.
.TestExceptionAttribute4.TestExceptionAttribute2: initialize() was not invoked, but wrapup() was.  This is unusual, but not always a problem.  For example, exporting JNLP will do this.
1 ms. Memory: 449536K Free: 311558K (69%)
----------------- Invoking toplevel() on ptolemy.moml.MoMLSimpleApplication@d7a90bd
----------------- Done invoking toplevel() on ptolemy.moml.MoMLSimpleApplication@d7a90bd
reloadAllAccessors: .TestExceptionAttribute4

===========================================================================================
----------------- testing Thu Jul 18 04:52:47 UTC 2019 /home/travis/build/icyphy/ptII/ptolemy/actor/lib/test/auto/TestExceptionHandler1.xml
----------------- Instantiating /home/travis/build/icyphy/ptII/ptolemy/actor/lib/test/auto/TestExceptionHandler1.xml
1 ms. Memory: 449536K Free: 307462K (68%)
----------------- Invoking toplevel() on ptolemy.moml.MoMLSimpleApplication@4b88339d
----------------- Done invoking toplevel() on ptolemy.moml.MoMLSimpleApplication@4b88339d
reloadAllAccessors: .TestExceptionHandler1

===========================================================================================
----------------- testing Thu Jul 18 04:52:47 UTC 2019 /home/travis/build/icyphy/ptII/ptolemy/actor/lib/test/auto/TestExceptionHandler2.xml
----------------- Instantiating /home/travis/build/icyphy/ptII/ptolemy/actor/lib/test/auto/TestExceptionHandler2.xml
2 ms. Memory: 449536K Free: 303876K (68%)
----------------- Invoking toplevel() on ptolemy.moml.MoMLSimpleApplication@4ccee778
----------------- Done invoking toplevel() on ptolemy.moml.MoMLSimpleApplication@4ccee778
reloadAllAccessors: .TestExceptionHandler2

===========================================================================================
----------------- testing Thu Jul 18 04:52:47 UTC 2019 /home/travis/build/icyphy/ptII/ptolemy/actor/lib/test/auto/TestExceptionHandler3.xml
----------------- Instantiating /home/travis/build/icyphy/ptII/ptolemy/actor/lib/test/auto/TestExceptionHandler3.xml
0 ms. Memory: 449536K Free: 299780K (67%)
----------------- Invoking toplevel() on ptolemy.moml.MoMLSimpleApplication@e586cba
----------------- Done invoking toplevel() on ptolemy.moml.MoMLSimpleApplication@e586cba
reloadAllAccessors: .TestExceptionHandler3

===========================================================================================
----------------- testing Thu Jul 18 04:52:47 UTC 2019 /home/travis/build/icyphy/ptII/ptolemy/actor/lib/test/auto/TestExceptionHandler4.xml
----------------- Instantiating /home/travis/build/icyphy/ptII/ptolemy/actor/lib/test/auto/TestExceptionHandler4.xml
1 ms. Memory: 449536K Free: 295684K (66%)
----------------- Invoking toplevel() on ptolemy.moml.MoMLSimpleApplication@6935d136
----------------- Done invoking toplevel() on ptolemy.moml.MoMLSimpleApplication@6935d136
reloadAllAccessors: .TestExceptionHandler4

===========================================================================================
----------------- testing Thu Jul 18 04:52:47 UTC 2019 /home/travis/build/icyphy/ptII/ptolemy/actor/lib/test/auto/TestRequireCorrectOrder.xml
----------------- Instantiating /home/travis/build/icyphy/ptII/ptolemy/actor/lib/test/auto/TestRequireCorrectOrder.xml
7 ms. Memory: 449536K Free: 290550K (65%)
----------------- Invoking toplevel() on ptolemy.moml.MoMLSimpleApplication@6fb9b9ee
----------------- Done invoking toplevel() on ptolemy.moml.MoMLSimpleApplication@6fb9b9ee
reloadAllAccessors: .TestRequireCorrectOrder

===========================================================================================
----------------- testing Thu Jul 18 04:52:47 UTC 2019 /home/travis/build/icyphy/ptII/ptolemy/actor/lib/test/auto/TestSimple.xml
----------------- Instantiating /home/travis/build/icyphy/ptII/ptolemy/actor/lib/test/auto/TestSimple.xml
1 ms. Memory: 449536K Free: 285438K (63%)
----------------- Invoking toplevel() on ptolemy.moml.MoMLSimpleApplication@9eb8b1d
----------------- Done invoking toplevel() on ptolemy.moml.MoMLSimpleApplication@9eb8b1d
reloadAllAccessors: .TestSimple

===========================================================================================
----------------- testing Thu Jul 18 04:52:47 UTC 2019 /home/travis/build/icyphy/ptII/ptolemy/actor/lib/test/auto/ThrowModelError.xml
----------------- Instantiating /home/travis/build/icyphy/ptII/ptolemy/actor/lib/test/auto/ThrowModelError.xml
1 ms. Memory: 449536K Free: 280838K (62%)
----------------- Invoking toplevel() on ptolemy.moml.MoMLSimpleApplication@38810737
----------------- Done invoking toplevel() on ptolemy.moml.MoMLSimpleApplication@38810737
reloadAllAccessors: .ThrowModelError

===========================================================================================
----------------- testing Thu Jul 18 04:52:47 UTC 2019 /home/travis/build/icyphy/ptII/ptolemy/actor/lib/test/auto/TimeDelayMicrosteps.xml
----------------- Instantiating /home/travis/build/icyphy/ptII/ptolemy/actor/lib/test/auto/TimeDelayMicrosteps.xml
4 ms. Memory: 449536K Free: 273670K (61%)
----------------- Invoking toplevel() on ptolemy.moml.MoMLSimpleApplication@5a1fa741
----------------- Done invoking toplevel() on ptolemy.moml.MoMLSimpleApplication@5a1fa741
reloadAllAccessors: .TimeDelayMicrosteps

===========================================================================================
----------------- testing Thu Jul 18 04:52:47 UTC 2019 /home/travis/build/icyphy/ptII/ptolemy/actor/lib/test/auto/TimeDelayMicrosteps2.xml
----------------- Instantiating /home/travis/build/icyphy/ptII/ptolemy/actor/lib/test/auto/TimeDelayMicrosteps2.xml
3 ms. Memory: 449536K Free: 266502K (59%)
----------------- Invoking toplevel() on ptolemy.moml.MoMLSimpleApplication@4a06f899
----------------- Done invoking toplevel() on ptolemy.moml.MoMLSimpleApplication@4a06f899
reloadAllAccessors: .TimeDelayMicrosteps2

===========================================================================================
----------------- testing Thu Jul 18 04:52:47 UTC 2019 /home/travis/build/icyphy/ptII/ptolemy/actor/lib/test/auto/TimeDelayMicrosteps3.xml
----------------- Instantiating /home/travis/build/icyphy/ptII/ptolemy/actor/lib/test/auto/TimeDelayMicrosteps3.xml
3 ms. Memory: 449536K Free: 259334K (58%)
----------------- Invoking toplevel() on ptolemy.moml.MoMLSimpleApplication@45e7382e
----------------- Done invoking toplevel() on ptolemy.moml.MoMLSimpleApplication@45e7382e
reloadAllAccessors: .TimeDelayMicrosteps3

===========================================================================================
----------------- testing Thu Jul 18 04:52:47 UTC 2019 /home/travis/build/icyphy/ptII/ptolemy/actor/lib/test/auto/TimeDelayVariableMicrosteps.xml
----------------- Instantiating /home/travis/build/icyphy/ptII/ptolemy/actor/lib/test/auto/TimeDelayVariableMicrosteps.xml
4 ms. Memory: 449536K Free: 252676K (56%)
----------------- Invoking toplevel() on ptolemy.moml.MoMLSimpleApplication@580164fc
----------------- Done invoking toplevel() on ptolemy.moml.MoMLSimpleApplication@580164fc
reloadAllAccessors: .TimeDelayVariableMicrosteps

===========================================================================================
----------------- testing Thu Jul 18 04:52:47 UTC 2019 /home/travis/build/icyphy/ptII/ptolemy/actor/lib/test/auto/TimeGap.xml
----------------- Instantiating /home/travis/build/icyphy/ptII/ptolemy/actor/lib/test/auto/TimeGap.xml
5 ms. Memory: 449536K Free: 247550K (55%)
----------------- Invoking toplevel() on ptolemy.moml.MoMLSimpleApplication@388ae949
----------------- Done invoking toplevel() on ptolemy.moml.MoMLSimpleApplication@388ae949
reloadAllAccessors: .TimeGap

===========================================================================================
----------------- testing Thu Jul 18 04:52:47 UTC 2019 /home/travis/build/icyphy/ptII/ptolemy/actor/lib/test/auto/TimeGap2.xml
----------------- Instantiating /home/travis/build/icyphy/ptII/ptolemy/actor/lib/test/auto/TimeGap2.xml
2 ms. Memory: 449536K Free: 241382K (54%)
----------------- Invoking toplevel() on ptolemy.moml.MoMLSimpleApplication@3de90168
----------------- Done invoking toplevel() on ptolemy.moml.MoMLSimpleApplication@3de90168
reloadAllAccessors: .TimeGap2

===========================================================================================
----------------- testing Thu Jul 18 04:52:47 UTC 2019 /home/travis/build/icyphy/ptII/ptolemy/actor/lib/test/auto/TimedSinewave.xml
----------------- Instantiating /home/travis/build/icyphy/ptII/ptolemy/actor/lib/test/auto/TimedSinewave.xml
32 ms. Memory: 449536K Free: 227590K (51%)
----------------- Invoking toplevel() on ptolemy.moml.MoMLSimpleApplication@67f38585
----------------- Done invoking toplevel() on ptolemy.moml.MoMLSimpleApplication@67f38585
reloadAllAccessors: .TimedSinewave

===========================================================================================
----------------- testing Thu Jul 18 04:52:47 UTC 2019 /home/travis/build/icyphy/ptII/ptolemy/actor/lib/test/auto/TimedSinewavePhase.xml
----------------- Instantiating /home/travis/build/icyphy/ptII/ptolemy/actor/lib/test/auto/TimedSinewavePhase.xml
11 ms. Memory: 449536K Free: 217350K (48%)
----------------- Invoking toplevel() on ptolemy.moml.MoMLSimpleApplication@7557e92d
----------------- Done invoking toplevel() on ptolemy.moml.MoMLSimpleApplication@7557e92d
reloadAllAccessors: .TimedSinewavePhase

===========================================================================================
----------------- testing Thu Jul 18 04:52:47 UTC 2019 /home/travis/build/icyphy/ptII/ptolemy/actor/lib/test/auto/Timer.xml
----------------- Instantiating /home/travis/build/icyphy/ptII/ptolemy/actor/lib/test/auto/Timer.xml
2 ms. Memory: 449536K Free: 211686K (47%)
----------------- Invoking toplevel() on ptolemy.moml.MoMLSimpleApplication@7e5d1876
----------------- Done invoking toplevel() on ptolemy.moml.MoMLSimpleApplication@7e5d1876
reloadAllAccessors: .Timer

===========================================================================================
----------------- testing Thu Jul 18 04:52:47 UTC 2019 /home/travis/build/icyphy/ptII/ptolemy/actor/lib/test/auto/TriangularDistTestModel.xml
----------------- Instantiating /home/travis/build/icyphy/ptII/ptolemy/actor/lib/test/auto/TriangularDistTestModel.xml
2 ms. Memory: 449536K Free: 205566K (46%)
----------------- Invoking toplevel() on ptolemy.moml.MoMLSimpleApplication@773e64fb
----------------- Done invoking toplevel() on ptolemy.moml.MoMLSimpleApplication@773e64fb
reloadAllAccessors: .TriangularDistTestModel

===========================================================================================
----------------- testing Thu Jul 18 04:52:47 UTC 2019 /home/travis/build/icyphy/ptII/ptolemy/actor/lib/test/auto/TrigFunction.xml
----------------- Instantiating /home/travis/build/icyphy/ptII/ptolemy/actor/lib/test/auto/TrigFunction.xml
2 ms. Memory: 449536K Free: 200966K (45%)
----------------- Invoking toplevel() on ptolemy.moml.MoMLSimpleApplication@45787781
----------------- Done invoking toplevel() on ptolemy.moml.MoMLSimpleApplication@45787781
reloadAllAccessors: .TrigFunction

===========================================================================================
----------------- testing Thu Jul 18 04:52:47 UTC 2019 /home/travis/build/icyphy/ptII/ptolemy/actor/lib/test/auto/TrigFunctionDE.xml
----------------- Instantiating /home/travis/build/icyphy/ptII/ptolemy/actor/lib/test/auto/TrigFunctionDE.xml
1 ms. Memory: 449536K Free: 194822K (43%)
----------------- Invoking toplevel() on ptolemy.moml.MoMLSimpleApplication@382ad173
----------------- Done invoking toplevel() on ptolemy.moml.MoMLSimpleApplication@382ad173
reloadAllAccessors: .TrigFunctionDE

===========================================================================================
----------------- testing Thu Jul 18 04:52:48 UTC 2019 /home/travis/build/icyphy/ptII/ptolemy/actor/lib/test/auto/TrigFunctionInverse.xml
----------------- Instantiating /home/travis/build/icyphy/ptII/ptolemy/actor/lib/test/auto/TrigFunctionInverse.xml
3 ms. Memory: 449536K Free: 189702K (42%)
----------------- Invoking toplevel() on ptolemy.moml.MoMLSimpleApplication@524caab6
----------------- Done invoking toplevel() on ptolemy.moml.MoMLSimpleApplication@524caab6
reloadAllAccessors: .TrigFunctionInverse

===========================================================================================
----------------- testing Thu Jul 18 04:52:48 UTC 2019 /home/travis/build/icyphy/ptII/ptolemy/actor/lib/test/auto/TrigFunctionTan.xml
----------------- Instantiating /home/travis/build/icyphy/ptII/ptolemy/actor/lib/test/auto/TrigFunctionTan.xml
3 ms. Memory: 449536K Free: 185092K (41%)
----------------- Invoking toplevel() on ptolemy.moml.MoMLSimpleApplication@74a2fc9
----------------- Done invoking toplevel() on ptolemy.moml.MoMLSimpleApplication@74a2fc9
reloadAllAccessors: .TrigFunctionTan

===========================================================================================
----------------- testing Thu Jul 18 04:52:48 UTC 2019 /home/travis/build/icyphy/ptII/ptolemy/actor/lib/test/auto/TriggeredClock.xml
----------------- Instantiating /home/travis/build/icyphy/ptII/ptolemy/actor/lib/test/auto/TriggeredClock.xml
2 ms. Memory: 449536K Free: 179462K (40%)
----------------- Invoking toplevel() on ptolemy.moml.MoMLSimpleApplication@58aac331
----------------- Done invoking toplevel() on ptolemy.moml.MoMLSimpleApplication@58aac331
reloadAllAccessors: .TriggeredClock

===========================================================================================
----------------- testing Thu Jul 18 04:52:48 UTC 2019 /home/travis/build/icyphy/ptII/ptolemy/actor/lib/test/auto/URLDirectoryReader.xml
----------------- Instantiating /home/travis/build/icyphy/ptII/ptolemy/actor/lib/test/auto/URLDirectoryReader.xml
47 ms. Memory: 449536K Free: 170246K (38%)
----------------- Invoking toplevel() on ptolemy.moml.MoMLSimpleApplication@4cbf3ba7
----------------- Done invoking toplevel() on ptolemy.moml.MoMLSimpleApplication@4cbf3ba7
reloadAllAccessors: .URLDirectoryReader

===========================================================================================
----------------- testing Thu Jul 18 04:52:48 UTC 2019 /home/travis/build/icyphy/ptII/ptolemy/actor/lib/test/auto/URLDirectoryReader3.xml
----------------- Instantiating /home/travis/build/icyphy/ptII/ptolemy/actor/lib/test/auto/URLDirectoryReader3.xml
1240 ms. Memory: 449536K Free: 390718K (87%)
----------------- Invoking toplevel() on ptolemy.moml.MoMLSimpleApplication@3992ef57
----------------- Done invoking toplevel() on ptolemy.moml.MoMLSimpleApplication@3992ef57
reloadAllAccessors: .URLDirectoryReader3

===========================================================================================
----------------- testing Thu Jul 18 04:52:49 UTC 2019 /home/travis/build/icyphy/ptII/ptolemy/actor/lib/test/auto/UnaryMathFunction.xml
----------------- Instantiating /home/travis/build/icyphy/ptII/ptolemy/actor/lib/test/auto/UnaryMathFunction.xml
3 ms. Memory: 449536K Free: 382526K (85%)
----------------- Invoking toplevel() on ptolemy.moml.MoMLSimpleApplication@6acf5686
----------------- Done invoking toplevel() on ptolemy.moml.MoMLSimpleApplication@6acf5686
reloadAllAccessors: .UnaryMathFunction

===========================================================================================
----------------- testing Thu Jul 18 04:52:49 UTC 2019 /home/travis/build/icyphy/ptII/ptolemy/actor/lib/test/auto/Uniform.xml
----------------- Instantiating /home/travis/build/icyphy/ptII/ptolemy/actor/lib/test/auto/Uniform.xml
2 ms. Memory: 449536K Free: 377910K (84%)
----------------- Invoking toplevel() on ptolemy.moml.MoMLSimpleApplication@3be264d0
----------------- Done invoking toplevel() on ptolemy.moml.MoMLSimpleApplication@3be264d0
reloadAllAccessors: .Uniform

===========================================================================================
----------------- testing Thu Jul 18 04:52:49 UTC 2019 /home/travis/build/icyphy/ptII/ptolemy/actor/lib/test/auto/UnionDisassemblerTest.xml
----------------- Instantiating /home/travis/build/icyphy/ptII/ptolemy/actor/lib/test/auto/UnionDisassemblerTest.xml
8 ms. Memory: 449536K Free: 374334K (83%)
----------------- Invoking toplevel() on ptolemy.moml.MoMLSimpleApplication@1b426faf
----------------- Done invoking toplevel() on ptolemy.moml.MoMLSimpleApplication@1b426faf
reloadAllAccessors: .UnionDisassemblerTest

===========================================================================================
----------------- testing Thu Jul 18 04:52:49 UTC 2019 /home/travis/build/icyphy/ptII/ptolemy/actor/lib/test/auto/UtilityFunctions.xml
----------------- Instantiating /home/travis/build/icyphy/ptII/ptolemy/actor/lib/test/auto/UtilityFunctions.xml
2 ms. Memory: 449536K Free: 370238K (82%)
----------------- Invoking toplevel() on ptolemy.moml.MoMLSimpleApplication@3a252121
----------------- Done invoking toplevel() on ptolemy.moml.MoMLSimpleApplication@3a252121
reloadAllAccessors: .UtilityFunctions

===========================================================================================
----------------- testing Thu Jul 18 04:52:49 UTC 2019 /home/travis/build/icyphy/ptII/ptolemy/actor/lib/test/auto/VariableSleep.xml
----------------- Instantiating /home/travis/build/icyphy/ptII/ptolemy/actor/lib/test/auto/VariableSleep.xml
503 ms. Memory: 449536K Free: 365118K (81%)
----------------- Invoking toplevel() on ptolemy.moml.MoMLSimpleApplication@d799c67
----------------- Done invoking toplevel() on ptolemy.moml.MoMLSimpleApplication@d799c67
reloadAllAccessors: .VariableSleep

===========================================================================================
----------------- testing Thu Jul 18 04:52:50 UTC 2019 /home/travis/build/icyphy/ptII/ptolemy/actor/lib/test/auto/VectorAssemblerDisassemblerCT.xml
----------------- Instantiating /home/travis/build/icyphy/ptII/ptolemy/actor/lib/test/auto/VectorAssemblerDisassemblerCT.xml
84 ms. Memory: 449536K Free: 344638K (77%)
----------------- Invoking toplevel() on ptolemy.moml.MoMLSimpleApplication@3fec7f77
----------------- Done invoking toplevel() on ptolemy.moml.MoMLSimpleApplication@3fec7f77
reloadAllAccessors: .VectorAssemblerDisassemblerCT

===========================================================================================
----------------- testing Thu Jul 18 04:52:50 UTC 2019 /home/travis/build/icyphy/ptII/ptolemy/actor/lib/test/auto/VectorAssemblerDisassemblerDE.xml
----------------- Instantiating /home/travis/build/icyphy/ptII/ptolemy/actor/lib/test/auto/VectorAssemblerDisassemblerDE.xml
12 ms. Memory: 449536K Free: 337470K (75%)
----------------- Invoking toplevel() on ptolemy.moml.MoMLSimpleApplication@3e8a2651
----------------- Done invoking toplevel() on ptolemy.moml.MoMLSimpleApplication@3e8a2651
reloadAllAccessors: .VectorAssemblerDisassemblerDE

===========================================================================================
----------------- testing Thu Jul 18 04:52:50 UTC 2019 /home/travis/build/icyphy/ptII/ptolemy/actor/lib/test/auto/VectorAssemblerDisassemblerSDF.xml
----------------- Instantiating /home/travis/build/icyphy/ptII/ptolemy/actor/lib/test/auto/VectorAssemblerDisassemblerSDF.xml
3 ms. Memory: 449536K Free: 331326K (74%)
----------------- Invoking toplevel() on ptolemy.moml.MoMLSimpleApplication@5d3ece1a
----------------- Done invoking toplevel() on ptolemy.moml.MoMLSimpleApplication@5d3ece1a
reloadAllAccessors: .VectorAssemblerDisassemblerSDF

===========================================================================================
----------------- testing Thu Jul 18 04:52:50 UTC 2019 /home/travis/build/icyphy/ptII/ptolemy/actor/lib/test/auto/WallClockTime.xml
----------------- Instantiating /home/travis/build/icyphy/ptII/ptolemy/actor/lib/test/auto/WallClockTime.xml
1005 ms. Memory: 449536K Free: 324668K (72%)
----------------- Invoking toplevel() on ptolemy.moml.MoMLSimpleApplication@76c5c509
----------------- Done invoking toplevel() on ptolemy.moml.MoMLSimpleApplication@76c5c509
reloadAllAccessors: .WallClockTime

===========================================================================================
----------------- testing Thu Jul 18 04:52:51 UTC 2019 /home/travis/build/icyphy/ptII/ptolemy/actor/lib/test/auto/WidthTestWithSubscriberPublisher.xml
----------------- Instantiating /home/travis/build/icyphy/ptII/ptolemy/actor/lib/test/auto/WidthTestWithSubscriberPublisher.xml
8 ms. Memory: 449536K Free: 307260K (68%)
----------------- Invoking toplevel() on ptolemy.moml.MoMLSimpleApplication@5af59471
----------------- Done invoking toplevel() on ptolemy.moml.MoMLSimpleApplication@5af59471
reloadAllAccessors: .WidthTestWithSubscriberPublisher

===========================================================================================
----------------- testing Thu Jul 18 04:52:51 UTC 2019 /home/travis/build/icyphy/ptII/ptolemy/actor/lib/test/auto/WidthTestWithSubscriberPublisher2.xml
----------------- Instantiating /home/travis/build/icyphy/ptII/ptolemy/actor/lib/test/auto/WidthTestWithSubscriberPublisher2.xml
3 ms. Memory: 449536K Free: 301116K (67%)
----------------- Invoking toplevel() on ptolemy.moml.MoMLSimpleApplication@42db126d
----------------- Done invoking toplevel() on ptolemy.moml.MoMLSimpleApplication@42db126d
reloadAllAccessors: .WidthTestWithSubscriberPublisher2

===========================================================================================
----------------- testing Thu Jul 18 04:52:51 UTC 2019 /home/travis/build/icyphy/ptII/ptolemy/actor/lib/test/auto/WidthTestWithSubscriberPublisher3.xml
----------------- Instantiating /home/travis/build/icyphy/ptII/ptolemy/actor/lib/test/auto/WidthTestWithSubscriberPublisher3.xml
2 ms. Memory: 449536K Free: 294972K (66%)
----------------- Invoking toplevel() on ptolemy.moml.MoMLSimpleApplication@5cb7e236
----------------- Done invoking toplevel() on ptolemy.moml.MoMLSimpleApplication@5cb7e236
reloadAllAccessors: .WidthTestWithSubscriberPublisher3

===========================================================================================
----------------- testing Thu Jul 18 04:52:51 UTC 2019 /home/travis/build/icyphy/ptII/ptolemy/actor/lib/test/auto/Writer.xml
----------------- Instantiating /home/travis/build/icyphy/ptII/ptolemy/actor/lib/test/auto/Writer.xml
0
1
2
3
4
1 ms. Memory: 449536K Free: 290870K (65%)
----------------- Invoking toplevel() on ptolemy.moml.MoMLSimpleApplication@64fea398
----------------- Done invoking toplevel() on ptolemy.moml.MoMLSimpleApplication@64fea398
reloadAllAccessors: .Writer

===========================================================================================
----------------- testing Thu Jul 18 04:52:51 UTC 2019 /home/travis/build/icyphy/ptII/ptolemy/actor/lib/test/auto/array.xml
----------------- Instantiating /home/travis/build/icyphy/ptII/ptolemy/actor/lib/test/auto/array.xml
3 ms. Memory: 449536K Free: 286270K (64%)
----------------- Invoking toplevel() on ptolemy.moml.MoMLSimpleApplication@60329d49
----------------- Done invoking toplevel() on ptolemy.moml.MoMLSimpleApplication@60329d49
reloadAllAccessors: .array

===========================================================================================
----------------- testing Thu Jul 18 04:52:51 UTC 2019 /home/travis/build/icyphy/ptII/ptolemy/actor/lib/test/auto/array2.xml
----------------- Instantiating /home/travis/build/icyphy/ptII/ptolemy/actor/lib/test/auto/array2.xml
7 ms. Memory: 449536K Free: 281150K (63%)
----------------- Invoking toplevel() on ptolemy.moml.MoMLSimpleApplication@6ae98e0e
----------------- Done invoking toplevel() on ptolemy.moml.MoMLSimpleApplication@6ae98e0e
reloadAllAccessors: .array2

===========================================================================================
----------------- testing Thu Jul 18 04:52:51 UTC 2019 /home/travis/build/icyphy/ptII/ptolemy/actor/lib/test/auto/arrayType.xml
----------------- Instantiating /home/travis/build/icyphy/ptII/ptolemy/actor/lib/test/auto/arrayType.xml
1 ms. Memory: 449536K Free: 276030K (61%)
----------------- Invoking toplevel() on ptolemy.moml.MoMLSimpleApplication@4a313f40
----------------- Done invoking toplevel() on ptolemy.moml.MoMLSimpleApplication@4a313f40
reloadAllAccessors: .arrayType

===========================================================================================
----------------- testing Thu Jul 18 04:52:51 UTC 2019 /home/travis/build/icyphy/ptII/ptolemy/actor/lib/test/auto/arrayType10.xml
----------------- Instantiating /home/travis/build/icyphy/ptII/ptolemy/actor/lib/test/auto/arrayType10.xml
1 ms. Memory: 449536K Free: 271420K (60%)
----------------- Invoking toplevel() on ptolemy.moml.MoMLSimpleApplication@7aadcdcc
----------------- Done invoking toplevel() on ptolemy.moml.MoMLSimpleApplication@7aadcdcc
reloadAllAccessors: .arrayType10

===========================================================================================
----------------- testing Thu Jul 18 04:52:51 UTC 2019 /home/travis/build/icyphy/ptII/ptolemy/actor/lib/test/auto/arrayType11.xml
----------------- Instantiating /home/travis/build/icyphy/ptII/ptolemy/actor/lib/test/auto/arrayType11.xml
3 ms. Memory: 449536K Free: 266300K (59%)
----------------- Invoking toplevel() on ptolemy.moml.MoMLSimpleApplication@502bfa5e
----------------- Done invoking toplevel() on ptolemy.moml.MoMLSimpleApplication@502bfa5e
reloadAllAccessors: .arrayType11

===========================================================================================
----------------- testing Thu Jul 18 04:52:51 UTC 2019 /home/travis/build/icyphy/ptII/ptolemy/actor/lib/test/auto/arrayType12.xml
----------------- Instantiating /home/travis/build/icyphy/ptII/ptolemy/actor/lib/test/auto/arrayType12.xml
2 ms. Memory: 449536K Free: 261180K (58%)
----------------- Invoking toplevel() on ptolemy.moml.MoMLSimpleApplication@5d3c842a
----------------- Done invoking toplevel() on ptolemy.moml.MoMLSimpleApplication@5d3c842a
reloadAllAccessors: .arrayType12

===========================================================================================
----------------- testing Thu Jul 18 04:52:51 UTC 2019 /home/travis/build/icyphy/ptII/ptolemy/actor/lib/test/auto/arrayType13.xml
----------------- Instantiating /home/travis/build/icyphy/ptII/ptolemy/actor/lib/test/auto/arrayType13.xml
2 ms. Memory: 449536K Free: 255550K (57%)
----------------- Invoking toplevel() on ptolemy.moml.MoMLSimpleApplication@7a4a1b20
----------------- Done invoking toplevel() on ptolemy.moml.MoMLSimpleApplication@7a4a1b20
reloadAllAccessors: .arrayType13

===========================================================================================
----------------- testing Thu Jul 18 04:52:51 UTC 2019 /home/travis/build/icyphy/ptII/ptolemy/actor/lib/test/auto/arrayType14.xml
----------------- Instantiating /home/travis/build/icyphy/ptII/ptolemy/actor/lib/test/auto/arrayType14.xml
1 ms. Memory: 449536K Free: 250430K (56%)
----------------- Invoking toplevel() on ptolemy.moml.MoMLSimpleApplication@1a39d1db
----------------- Done invoking toplevel() on ptolemy.moml.MoMLSimpleApplication@1a39d1db
reloadAllAccessors: .arrayType14

===========================================================================================
----------------- testing Thu Jul 18 04:52:51 UTC 2019 /home/travis/build/icyphy/ptII/ptolemy/actor/lib/test/auto/arrayType15.xml
----------------- Instantiating /home/travis/build/icyphy/ptII/ptolemy/actor/lib/test/auto/arrayType15.xml
3 ms. Memory: 449536K Free: 245310K (55%)
----------------- Invoking toplevel() on ptolemy.moml.MoMLSimpleApplication@411ceb90
----------------- Done invoking toplevel() on ptolemy.moml.MoMLSimpleApplication@411ceb90
reloadAllAccessors: .arrayType15

===========================================================================================
----------------- testing Thu Jul 18 04:52:51 UTC 2019 /home/travis/build/icyphy/ptII/ptolemy/actor/lib/test/auto/arrayType16.xml
----------------- Instantiating /home/travis/build/icyphy/ptII/ptolemy/actor/lib/test/auto/arrayType16.xml
1 ms. Memory: 449536K Free: 239676K (53%)
----------------- Invoking toplevel() on ptolemy.moml.MoMLSimpleApplication@43eae03c
----------------- Done invoking toplevel() on ptolemy.moml.MoMLSimpleApplication@43eae03c
reloadAllAccessors: .arrayType16

===========================================================================================
----------------- testing Thu Jul 18 04:52:51 UTC 2019 /home/travis/build/icyphy/ptII/ptolemy/actor/lib/test/auto/arrayType17.xml
----------------- Instantiating /home/travis/build/icyphy/ptII/ptolemy/actor/lib/test/auto/arrayType17.xml
2 ms. Memory: 449536K Free: 234556K (52%)
----------------- Invoking toplevel() on ptolemy.moml.MoMLSimpleApplication@2ca31349
----------------- Done invoking toplevel() on ptolemy.moml.MoMLSimpleApplication@2ca31349
reloadAllAccessors: .arrayType17

===========================================================================================
----------------- testing Thu Jul 18 04:52:51 UTC 2019 /home/travis/build/icyphy/ptII/ptolemy/actor/lib/test/auto/arrayType18.xml
----------------- Instantiating /home/travis/build/icyphy/ptII/ptolemy/actor/lib/test/auto/arrayType18.xml
1 ms. Memory: 449536K Free: 229950K (51%)
----------------- Invoking toplevel() on ptolemy.moml.MoMLSimpleApplication@672f6b51
----------------- Done invoking toplevel() on ptolemy.moml.MoMLSimpleApplication@672f6b51
reloadAllAccessors: .arrayType18

===========================================================================================
----------------- testing Thu Jul 18 04:52:51 UTC 2019 /home/travis/build/icyphy/ptII/ptolemy/actor/lib/test/auto/arrayType19.xml
----------------- Instantiating /home/travis/build/icyphy/ptII/ptolemy/actor/lib/test/auto/arrayType19.xml
2 ms. Memory: 449536K Free: 224830K (50%)
----------------- Invoking toplevel() on ptolemy.moml.MoMLSimpleApplication@7b73c8b2
----------------- Done invoking toplevel() on ptolemy.moml.MoMLSimpleApplication@7b73c8b2
reloadAllAccessors: .arrayType19

===========================================================================================
----------------- testing Thu Jul 18 04:52:51 UTC 2019 /home/travis/build/icyphy/ptII/ptolemy/actor/lib/test/auto/arrayType2.xml
----------------- Instantiating /home/travis/build/icyphy/ptII/ptolemy/actor/lib/test/auto/arrayType2.xml
2 ms. Memory: 449536K Free: 219710K (49%)
----------------- Invoking toplevel() on ptolemy.moml.MoMLSimpleApplication@67e1973e
----------------- Done invoking toplevel() on ptolemy.moml.MoMLSimpleApplication@67e1973e
reloadAllAccessors: .arrayType2

===========================================================================================
----------------- testing Thu Jul 18 04:52:51 UTC 2019 /home/travis/build/icyphy/ptII/ptolemy/actor/lib/test/auto/arrayType20.xml
----------------- Instantiating /home/travis/build/icyphy/ptII/ptolemy/actor/lib/test/auto/arrayType20.xml
2 ms. Memory: 449536K Free: 214590K (48%)
----------------- Invoking toplevel() on ptolemy.moml.MoMLSimpleApplication@72e44fd0
----------------- Done invoking toplevel() on ptolemy.moml.MoMLSimpleApplication@72e44fd0
reloadAllAccessors: .arrayType20

===========================================================================================
----------------- testing Thu Jul 18 04:52:51 UTC 2019 /home/travis/build/icyphy/ptII/ptolemy/actor/lib/test/auto/arrayType21.xml
----------------- Instantiating /home/travis/build/icyphy/ptII/ptolemy/actor/lib/test/auto/arrayType21.xml
2 ms. Memory: 449536K Free: 209980K (47%)
----------------- Invoking toplevel() on ptolemy.moml.MoMLSimpleApplication@3c3fd140
----------------- Done invoking toplevel() on ptolemy.moml.MoMLSimpleApplication@3c3fd140
reloadAllAccessors: .arrayType21

===========================================================================================
----------------- testing Thu Jul 18 04:52:51 UTC 2019 /home/travis/build/icyphy/ptII/ptolemy/actor/lib/test/auto/arrayType22.xml
----------------- Instantiating /home/travis/build/icyphy/ptII/ptolemy/actor/lib/test/auto/arrayType22.xml
2 ms. Memory: 449536K Free: 205374K (46%)
----------------- Invoking toplevel() on ptolemy.moml.MoMLSimpleApplication@eb88d71
----------------- Done invoking toplevel() on ptolemy.moml.MoMLSimpleApplication@eb88d71
reloadAllAccessors: .arrayType22

===========================================================================================
----------------- testing Thu Jul 18 04:52:51 UTC 2019 /home/travis/build/icyphy/ptII/ptolemy/actor/lib/test/auto/arrayType23.xml
----------------- Instantiating /home/travis/build/icyphy/ptII/ptolemy/actor/lib/test/auto/arrayType23.xml
1 ms. Memory: 449536K Free: 200254K (45%)
----------------- Invoking toplevel() on ptolemy.moml.MoMLSimpleApplication@2c382b9d
----------------- Done invoking toplevel() on ptolemy.moml.MoMLSimpleApplication@2c382b9d
reloadAllAccessors: .arrayType23

===========================================================================================
----------------- testing Thu Jul 18 04:52:51 UTC 2019 /home/travis/build/icyphy/ptII/ptolemy/actor/lib/test/auto/arrayType24.xml
----------------- Instantiating /home/travis/build/icyphy/ptII/ptolemy/actor/lib/test/auto/arrayType24.xml
1 ms. Memory: 449536K Free: 195644K (44%)
----------------- Invoking toplevel() on ptolemy.moml.MoMLSimpleApplication@44399be3
----------------- Done invoking toplevel() on ptolemy.moml.MoMLSimpleApplication@44399be3
reloadAllAccessors: .arrayType24

===========================================================================================
----------------- testing Thu Jul 18 04:52:51 UTC 2019 /home/travis/build/icyphy/ptII/ptolemy/actor/lib/test/auto/arrayType25.xml
----------------- Instantiating /home/travis/build/icyphy/ptII/ptolemy/actor/lib/test/auto/arrayType25.xml
1 ms. Memory: 449536K Free: 190524K (42%)
----------------- Invoking toplevel() on ptolemy.moml.MoMLSimpleApplication@2ada5d3c
----------------- Done invoking toplevel() on ptolemy.moml.MoMLSimpleApplication@2ada5d3c
reloadAllAccessors: .arrayType25

===========================================================================================
----------------- testing Thu Jul 18 04:52:51 UTC 2019 /home/travis/build/icyphy/ptII/ptolemy/actor/lib/test/auto/arrayType26.xml
----------------- Instantiating /home/travis/build/icyphy/ptII/ptolemy/actor/lib/test/auto/arrayType26.xml
2 ms. Memory: 449536K Free: 184894K (41%)
----------------- Invoking toplevel() on ptolemy.moml.MoMLSimpleApplication@54852cf6
----------------- Done invoking toplevel() on ptolemy.moml.MoMLSimpleApplication@54852cf6
reloadAllAccessors: .arrayType26

===========================================================================================
----------------- testing Thu Jul 18 04:52:51 UTC 2019 /home/travis/build/icyphy/ptII/ptolemy/actor/lib/test/auto/arrayType27.xml
----------------- Instantiating /home/travis/build/icyphy/ptII/ptolemy/actor/lib/test/auto/arrayType27.xml
2 ms. Memory: 449536K Free: 179774K (40%)
----------------- Invoking toplevel() on ptolemy.moml.MoMLSimpleApplication@22d43945
----------------- Done invoking toplevel() on ptolemy.moml.MoMLSimpleApplication@22d43945
reloadAllAccessors: .arrayType27

===========================================================================================
----------------- testing Thu Jul 18 04:52:51 UTC 2019 /home/travis/build/icyphy/ptII/ptolemy/actor/lib/test/auto/arrayType28.xml
----------------- Instantiating /home/travis/build/icyphy/ptII/ptolemy/actor/lib/test/auto/arrayType28.xml
2 ms. Memory: 449536K Free: 174140K (39%)
----------------- Invoking toplevel() on ptolemy.moml.MoMLSimpleApplication@646c10df
----------------- Done invoking toplevel() on ptolemy.moml.MoMLSimpleApplication@646c10df
reloadAllAccessors: .arrayType28

===========================================================================================
----------------- testing Thu Jul 18 04:52:51 UTC 2019 /home/travis/build/icyphy/ptII/ptolemy/actor/lib/test/auto/arrayType3.xml
----------------- Instantiating /home/travis/build/icyphy/ptII/ptolemy/actor/lib/test/auto/arrayType3.xml
1 ms. Memory: 449536K Free: 169020K (38%)
----------------- Invoking toplevel() on ptolemy.moml.MoMLSimpleApplication@71776a6a
----------------- Done invoking toplevel() on ptolemy.moml.MoMLSimpleApplication@71776a6a
reloadAllAccessors: .arrayType3

===========================================================================================
----------------- testing Thu Jul 18 04:52:52 UTC 2019 /home/travis/build/icyphy/ptII/ptolemy/actor/lib/test/auto/arrayType4.xml
----------------- Instantiating /home/travis/build/icyphy/ptII/ptolemy/actor/lib/test/auto/arrayType4.xml
2 ms. Memory: 449536K Free: 163886K (36%)
----------------- Invoking toplevel() on ptolemy.moml.MoMLSimpleApplication@284804e3
----------------- Done invoking toplevel() on ptolemy.moml.MoMLSimpleApplication@284804e3
reloadAllAccessors: .arrayType4

===========================================================================================
----------------- testing Thu Jul 18 04:52:52 UTC 2019 /home/travis/build/icyphy/ptII/ptolemy/actor/lib/test/auto/arrayType5.xml
----------------- Instantiating /home/travis/build/icyphy/ptII/ptolemy/actor/lib/test/auto/arrayType5.xml
1 ms. Memory: 449536K Free: 158270K (35%)
----------------- Invoking toplevel() on ptolemy.moml.MoMLSimpleApplication@4a068a4b
----------------- Done invoking toplevel() on ptolemy.moml.MoMLSimpleApplication@4a068a4b
reloadAllAccessors: .arrayType5

===========================================================================================
----------------- testing Thu Jul 18 04:52:52 UTC 2019 /home/travis/build/icyphy/ptII/ptolemy/actor/lib/test/auto/arrayType6.xml
----------------- Instantiating /home/travis/build/icyphy/ptII/ptolemy/actor/lib/test/auto/arrayType6.xml
1 ms. Memory: 449536K Free: 153660K (34%)
----------------- Invoking toplevel() on ptolemy.moml.MoMLSimpleApplication@68ba9da5
----------------- Done invoking toplevel() on ptolemy.moml.MoMLSimpleApplication@68ba9da5
reloadAllAccessors: .arrayType6

===========================================================================================
----------------- testing Thu Jul 18 04:52:52 UTC 2019 /home/travis/build/icyphy/ptII/ptolemy/actor/lib/test/auto/arrayType7.xml
----------------- Instantiating /home/travis/build/icyphy/ptII/ptolemy/actor/lib/test/auto/arrayType7.xml
1 ms. Memory: 449536K Free: 148540K (33%)
----------------- Invoking toplevel() on ptolemy.moml.MoMLSimpleApplication@5a308cd8
----------------- Done invoking toplevel() on ptolemy.moml.MoMLSimpleApplication@5a308cd8
reloadAllAccessors: .arrayType7

===========================================================================================
----------------- testing Thu Jul 18 04:52:52 UTC 2019 /home/travis/build/icyphy/ptII/ptolemy/actor/lib/test/auto/arrayType8.xml
----------------- Instantiating /home/travis/build/icyphy/ptII/ptolemy/actor/lib/test/auto/arrayType8.xml
1 ms. Memory: 449536K Free: 143934K (32%)
----------------- Invoking toplevel() on ptolemy.moml.MoMLSimpleApplication@6b674832
----------------- Done invoking toplevel() on ptolemy.moml.MoMLSimpleApplication@6b674832
reloadAllAccessors: .arrayType8

===========================================================================================
----------------- testing Thu Jul 18 04:52:52 UTC 2019 /home/travis/build/icyphy/ptII/ptolemy/actor/lib/test/auto/arrayType9.xml
----------------- Instantiating /home/travis/build/icyphy/ptII/ptolemy/actor/lib/test/auto/arrayType9.xml
7 ms. Memory: 449536K Free: 138814K (31%)
----------------- Invoking toplevel() on ptolemy.moml.MoMLSimpleApplication@728322b7
----------------- Done invoking toplevel() on ptolemy.moml.MoMLSimpleApplication@728322b7
reloadAllAccessors: .arrayType9

===========================================================================================
----------------- testing Thu Jul 18 04:52:52 UTC 2019 /home/travis/build/icyphy/ptII/ptolemy/actor/lib/test/auto/cast.xml
----------------- Instantiating /home/travis/build/icyphy/ptII/ptolemy/actor/lib/test/auto/cast.xml
2 ms. Memory: 449536K Free: 134204K (30%)
----------------- Invoking toplevel() on ptolemy.moml.MoMLSimpleApplication@2fd1d004
----------------- Done invoking toplevel() on ptolemy.moml.MoMLSimpleApplication@2fd1d004
reloadAllAccessors: .cast

===========================================================================================
----------------- testing Thu Jul 18 04:52:52 UTC 2019 /home/travis/build/icyphy/ptII/ptolemy/actor/lib/test/auto/compositeMultiPort.xml
----------------- Instantiating /home/travis/build/icyphy/ptII/ptolemy/actor/lib/test/auto/compositeMultiPort.xml
3 ms. Memory: 449536K Free: 389263K (87%)
----------------- Invoking toplevel() on ptolemy.moml.MoMLSimpleApplication@7d1d629
----------------- Done invoking toplevel() on ptolemy.moml.MoMLSimpleApplication@7d1d629
reloadAllAccessors: .compositeMultiPort

===========================================================================================
----------------- testing Thu Jul 18 04:52:52 UTC 2019 /home/travis/build/icyphy/ptII/ptolemy/actor/lib/test/auto/expressionCastInference.xml
----------------- Instantiating /home/travis/build/icyphy/ptII/ptolemy/actor/lib/test/auto/expressionCastInference.xml
3 ms. Memory: 449536K Free: 384143K (85%)
----------------- Invoking toplevel() on ptolemy.moml.MoMLSimpleApplication@5f657b60
----------------- Done invoking toplevel() on ptolemy.moml.MoMLSimpleApplication@5f657b60
reloadAllAccessors: .expressionCastInference

===========================================================================================
----------------- testing Thu Jul 18 04:52:52 UTC 2019 /home/travis/build/icyphy/ptII/ptolemy/actor/lib/test/auto/expressionCastInference2.xml
----------------- Instantiating /home/travis/build/icyphy/ptII/ptolemy/actor/lib/test/auto/expressionCastInference2.xml
3 ms. Memory: 449536K Free: 379533K (84%)
----------------- Invoking toplevel() on ptolemy.moml.MoMLSimpleApplication@27d02b9b
----------------- Done invoking toplevel() on ptolemy.moml.MoMLSimpleApplication@27d02b9b
reloadAllAccessors: .expressionCastInference2

===========================================================================================
----------------- testing Thu Jul 18 04:52:52 UTC 2019 /home/travis/build/icyphy/ptII/ptolemy/actor/lib/test/auto/expressionInference.xml
----------------- Instantiating /home/travis/build/icyphy/ptII/ptolemy/actor/lib/test/auto/expressionInference.xml
2 ms. Memory: 449536K Free: 374927K (83%)
----------------- Invoking toplevel() on ptolemy.moml.MoMLSimpleApplication@7e8bd46e
----------------- Done invoking toplevel() on ptolemy.moml.MoMLSimpleApplication@7e8bd46e
reloadAllAccessors: .expressionInference

===========================================================================================
----------------- testing Thu Jul 18 04:52:52 UTC 2019 /home/travis/build/icyphy/ptII/ptolemy/actor/lib/test/auto/expression_bug.xml
----------------- Instantiating /home/travis/build/icyphy/ptII/ptolemy/actor/lib/test/auto/expression_bug.xml
2 ms. Memory: 449536K Free: 370831K (82%)
----------------- Invoking toplevel() on ptolemy.moml.MoMLSimpleApplication@75fc5609
----------------- Done invoking toplevel() on ptolemy.moml.MoMLSimpleApplication@75fc5609
reloadAllAccessors: .expression_bug

===========================================================================================
----------------- testing Thu Jul 18 04:52:52 UTC 2019 /home/travis/build/icyphy/ptII/ptolemy/actor/lib/test/auto/factorial.xml
----------------- Instantiating /home/travis/build/icyphy/ptII/ptolemy/actor/lib/test/auto/factorial.xml
42 ms. Memory: 449536K Free: 362125K (81%)
----------------- Invoking toplevel() on ptolemy.moml.MoMLSimpleApplication@7d0ade2b
----------------- Done invoking toplevel() on ptolemy.moml.MoMLSimpleApplication@7d0ade2b
reloadAllAccessors: .factorial

===========================================================================================
----------------- testing Thu Jul 18 04:52:52 UTC 2019 /home/travis/build/icyphy/ptII/ptolemy/actor/lib/test/auto/filterTest1.xml
----------------- Instantiating /home/travis/build/icyphy/ptII/ptolemy/actor/lib/test/auto/filterTest1.xml
3 ms. Memory: 449536K Free: 356495K (79%)
----------------- Invoking toplevel() on ptolemy.moml.MoMLSimpleApplication@5b5ab26b
----------------- Done invoking toplevel() on ptolemy.moml.MoMLSimpleApplication@5b5ab26b
reloadAllAccessors: .filterTest1

===========================================================================================
----------------- testing Thu Jul 18 04:52:52 UTC 2019 /home/travis/build/icyphy/ptII/ptolemy/actor/lib/test/auto/funcApplyInConst.xml
----------------- Instantiating /home/travis/build/icyphy/ptII/ptolemy/actor/lib/test/auto/funcApplyInConst.xml
1 ms. Memory: 449536K Free: 352399K (78%)
----------------- Invoking toplevel() on ptolemy.moml.MoMLSimpleApplication@32c85a53
----------------- Done invoking toplevel() on ptolemy.moml.MoMLSimpleApplication@32c85a53
reloadAllAccessors: .funcApplyInConst

===========================================================================================
----------------- testing Thu Jul 18 04:52:52 UTC 2019 /home/travis/build/icyphy/ptII/ptolemy/actor/lib/test/auto/funcApplyInExpr.xml
----------------- Instantiating /home/travis/build/icyphy/ptII/ptolemy/actor/lib/test/auto/funcApplyInExpr.xml
1 ms. Memory: 449536K Free: 348813K (78%)
----------------- Invoking toplevel() on ptolemy.moml.MoMLSimpleApplication@37da7d6d
----------------- Done invoking toplevel() on ptolemy.moml.MoMLSimpleApplication@37da7d6d
reloadAllAccessors: .funcApplyInExpr

===========================================================================================
----------------- testing Thu Jul 18 04:52:52 UTC 2019 /home/travis/build/icyphy/ptII/ptolemy/actor/lib/test/auto/function.xml
----------------- Instantiating /home/travis/build/icyphy/ptII/ptolemy/actor/lib/test/auto/function.xml
2 ms. Memory: 449536K Free: 344207K (77%)
----------------- Invoking toplevel() on ptolemy.moml.MoMLSimpleApplication@5e58605
----------------- Done invoking toplevel() on ptolemy.moml.MoMLSimpleApplication@5e58605
reloadAllAccessors: .function

===========================================================================================
----------------- testing Thu Jul 18 04:52:52 UTC 2019 /home/travis/build/icyphy/ptII/ptolemy/actor/lib/test/auto/function2.xml
----------------- Instantiating /home/travis/build/icyphy/ptII/ptolemy/actor/lib/test/auto/function2.xml
2 ms. Memory: 449536K Free: 339087K (75%)
----------------- Invoking toplevel() on ptolemy.moml.MoMLSimpleApplication@6d0f55bc
----------------- Done invoking toplevel() on ptolemy.moml.MoMLSimpleApplication@6d0f55bc
reloadAllAccessors: .function2

===========================================================================================
----------------- testing Thu Jul 18 04:52:52 UTC 2019 /home/travis/build/icyphy/ptII/ptolemy/actor/lib/test/auto/function3.xml
----------------- Instantiating /home/travis/build/icyphy/ptII/ptolemy/actor/lib/test/auto/function3.xml
2 ms. Memory: 449536K Free: 335501K (75%)
----------------- Invoking toplevel() on ptolemy.moml.MoMLSimpleApplication@13ae4d29
----------------- Done invoking toplevel() on ptolemy.moml.MoMLSimpleApplication@13ae4d29
reloadAllAccessors: .function3

===========================================================================================
----------------- testing Thu Jul 18 04:52:52 UTC 2019 /home/travis/build/icyphy/ptII/ptolemy/actor/lib/test/auto/functionClosureTest1.xml
----------------- Instantiating /home/travis/build/icyphy/ptII/ptolemy/actor/lib/test/auto/functionClosureTest1.xml
2 ms. Memory: 449536K Free: 329327K (73%)
----------------- Invoking toplevel() on ptolemy.moml.MoMLSimpleApplication@6050b88a
----------------- Done invoking toplevel() on ptolemy.moml.MoMLSimpleApplication@6050b88a
reloadAllAccessors: .functionClosureTest1

===========================================================================================
----------------- testing Thu Jul 18 04:52:52 UTC 2019 /home/travis/build/icyphy/ptII/ptolemy/actor/lib/test/auto/functionClosureTest2.xml
----------------- Instantiating /home/travis/build/icyphy/ptII/ptolemy/actor/lib/test/auto/functionClosureTest2.xml
2 ms. Memory: 449536K Free: 325775K (72%)
----------------- Invoking toplevel() on ptolemy.moml.MoMLSimpleApplication@48efa421
----------------- Done invoking toplevel() on ptolemy.moml.MoMLSimpleApplication@48efa421
reloadAllAccessors: .functionClosureTest2

===========================================================================================
----------------- testing Thu Jul 18 04:52:52 UTC 2019 /home/travis/build/icyphy/ptII/ptolemy/actor/lib/test/auto/functionClosureTest3.xml
----------------- Instantiating /home/travis/build/icyphy/ptII/ptolemy/actor/lib/test/auto/functionClosureTest3.xml
1 ms. Memory: 449536K Free: 320127K (71%)
----------------- Invoking toplevel() on ptolemy.moml.MoMLSimpleApplication@1a9d1c72
----------------- Done invoking toplevel() on ptolemy.moml.MoMLSimpleApplication@1a9d1c72
reloadAllAccessors: .functionClosureTest3

===========================================================================================
----------------- testing Thu Jul 18 04:52:52 UTC 2019 /home/travis/build/icyphy/ptII/ptolemy/actor/lib/test/auto/functionClosureTest4.xml
----------------- Instantiating /home/travis/build/icyphy/ptII/ptolemy/actor/lib/test/auto/functionClosureTest4.xml
4 ms. Memory: 449536K Free: 313997K (70%)
----------------- Invoking toplevel() on ptolemy.moml.MoMLSimpleApplication@5c479bb9
----------------- Done invoking toplevel() on ptolemy.moml.MoMLSimpleApplication@5c479bb9
reloadAllAccessors: .functionClosureTest4

===========================================================================================
----------------- testing Thu Jul 18 04:52:52 UTC 2019 /home/travis/build/icyphy/ptII/ptolemy/actor/lib/test/auto/functionClosureTest5.xml
----------------- Instantiating /home/travis/build/icyphy/ptII/ptolemy/actor/lib/test/auto/functionClosureTest5.xml
3 ms. Memory: 449536K Free: 308367K (69%)
----------------- Invoking toplevel() on ptolemy.moml.MoMLSimpleApplication@e79c8e3
----------------- Done invoking toplevel() on ptolemy.moml.MoMLSimpleApplication@e79c8e3
reloadAllAccessors: .functionClosureTest5

===========================================================================================
----------------- testing Thu Jul 18 04:52:52 UTC 2019 /home/travis/build/icyphy/ptII/ptolemy/actor/lib/test/auto/functionClosureTest6.xml
----------------- Instantiating /home/travis/build/icyphy/ptII/ptolemy/actor/lib/test/auto/functionClosureTest6.xml
1 ms. Memory: 449536K Free: 303757K (68%)
----------------- Invoking toplevel() on ptolemy.moml.MoMLSimpleApplication@51b26b59
----------------- Done invoking toplevel() on ptolemy.moml.MoMLSimpleApplication@51b26b59
reloadAllAccessors: .functionClosureTest6

===========================================================================================
----------------- testing Thu Jul 18 04:52:52 UTC 2019 /home/travis/build/icyphy/ptII/ptolemy/actor/lib/test/auto/functionsOnArcs.xml
----------------- Instantiating /home/travis/build/icyphy/ptII/ptolemy/actor/lib/test/auto/functionsOnArcs.xml
2 ms. Memory: 449536K Free: 298127K (66%)
----------------- Invoking toplevel() on ptolemy.moml.MoMLSimpleApplication@26964818
----------------- Done invoking toplevel() on ptolemy.moml.MoMLSimpleApplication@26964818
reloadAllAccessors: .functionsOnArcs

===========================================================================================
----------------- testing Thu Jul 18 04:52:52 UTC 2019 /home/travis/build/icyphy/ptII/ptolemy/actor/lib/test/auto/functionsOnArcsHOF.xml
----------------- Instantiating /home/travis/build/icyphy/ptII/ptolemy/actor/lib/test/auto/functionsOnArcsHOF.xml
4 ms. Memory: 449536K Free: 292493K (65%)
----------------- Invoking toplevel() on ptolemy.moml.MoMLSimpleApplication@7e2ebfd6
----------------- Done invoking toplevel() on ptolemy.moml.MoMLSimpleApplication@7e2ebfd6
reloadAllAccessors: .functionsOnArcsHOF

===========================================================================================
----------------- testing Thu Jul 18 04:52:52 UTC 2019 /home/travis/build/icyphy/ptII/ptolemy/actor/lib/test/auto/logic.xml
----------------- Instantiating /home/travis/build/icyphy/ptII/ptolemy/actor/lib/test/auto/logic.xml
2 ms. Memory: 449536K Free: 284815K (63%)
----------------- Invoking toplevel() on ptolemy.moml.MoMLSimpleApplication@736de0c2
----------------- Done invoking toplevel() on ptolemy.moml.MoMLSimpleApplication@736de0c2
reloadAllAccessors: .logic

===========================================================================================
----------------- testing Thu Jul 18 04:52:52 UTC 2019 /home/travis/build/icyphy/ptII/ptolemy/actor/lib/test/auto/matrixType.xml
----------------- Instantiating /home/travis/build/icyphy/ptII/ptolemy/actor/lib/test/auto/matrixType.xml
2 ms. Memory: 449536K Free: 280205K (62%)
----------------- Invoking toplevel() on ptolemy.moml.MoMLSimpleApplication@3a57f6a4
----------------- Done invoking toplevel() on ptolemy.moml.MoMLSimpleApplication@3a57f6a4
reloadAllAccessors: .matrixType

===========================================================================================
----------------- testing Thu Jul 18 04:52:52 UTC 2019 /home/travis/build/icyphy/ptII/ptolemy/actor/lib/test/auto/matrixType10.xml
----------------- Instantiating /home/travis/build/icyphy/ptII/ptolemy/actor/lib/test/auto/matrixType10.xml
2 ms. Memory: 449536K Free: 275085K (61%)
----------------- Invoking toplevel() on ptolemy.moml.MoMLSimpleApplication@2a0ab595
----------------- Done invoking toplevel() on ptolemy.moml.MoMLSimpleApplication@2a0ab595
reloadAllAccessors: .matrixType10

===========================================================================================
----------------- testing Thu Jul 18 04:52:52 UTC 2019 /home/travis/build/icyphy/ptII/ptolemy/actor/lib/test/auto/matrixType11.xml
----------------- Instantiating /home/travis/build/icyphy/ptII/ptolemy/actor/lib/test/auto/matrixType11.xml
2 ms. Memory: 449536K Free: 270479K (60%)
----------------- Invoking toplevel() on ptolemy.moml.MoMLSimpleApplication@5c2f4ab1
----------------- Done invoking toplevel() on ptolemy.moml.MoMLSimpleApplication@5c2f4ab1
reloadAllAccessors: .matrixType11

===========================================================================================
----------------- testing Thu Jul 18 04:52:52 UTC 2019 /home/travis/build/icyphy/ptII/ptolemy/actor/lib/test/auto/matrixType12.xml
----------------- Instantiating /home/travis/build/icyphy/ptII/ptolemy/actor/lib/test/auto/matrixType12.xml
2 ms. Memory: 449536K Free: 265359K (59%)
----------------- Invoking toplevel() on ptolemy.moml.MoMLSimpleApplication@3cb4bf18
----------------- Done invoking toplevel() on ptolemy.moml.MoMLSimpleApplication@3cb4bf18
reloadAllAccessors: .matrixType12

===========================================================================================
----------------- testing Thu Jul 18 04:52:52 UTC 2019 /home/travis/build/icyphy/ptII/ptolemy/actor/lib/test/auto/matrixType13.xml
----------------- Instantiating /home/travis/build/icyphy/ptII/ptolemy/actor/lib/test/auto/matrixType13.xml
1 ms. Memory: 449536K Free: 260749K (58%)
----------------- Invoking toplevel() on ptolemy.moml.MoMLSimpleApplication@9503ca0
----------------- Done invoking toplevel() on ptolemy.moml.MoMLSimpleApplication@9503ca0
reloadAllAccessors: .matrixType13

===========================================================================================
----------------- testing Thu Jul 18 04:52:52 UTC 2019 /home/travis/build/icyphy/ptII/ptolemy/actor/lib/test/auto/matrixType14.xml
----------------- Instantiating /home/travis/build/icyphy/ptII/ptolemy/actor/lib/test/auto/matrixType14.xml
1 ms. Memory: 449536K Free: 255629K (57%)
----------------- Invoking toplevel() on ptolemy.moml.MoMLSimpleApplication@61099005
----------------- Done invoking toplevel() on ptolemy.moml.MoMLSimpleApplication@61099005
reloadAllAccessors: .matrixType14

===========================================================================================
----------------- testing Thu Jul 18 04:52:52 UTC 2019 /home/travis/build/icyphy/ptII/ptolemy/actor/lib/test/auto/matrixType2.xml
----------------- Instantiating /home/travis/build/icyphy/ptII/ptolemy/actor/lib/test/auto/matrixType2.xml
2 ms. Memory: 449536K Free: 250509K (56%)
----------------- Invoking toplevel() on ptolemy.moml.MoMLSimpleApplication@47c7b69
----------------- Done invoking toplevel() on ptolemy.moml.MoMLSimpleApplication@47c7b69
reloadAllAccessors: .matrixType2

===========================================================================================
----------------- testing Thu Jul 18 04:52:52 UTC 2019 /home/travis/build/icyphy/ptII/ptolemy/actor/lib/test/auto/matrixType3.xml
----------------- Instantiating /home/travis/build/icyphy/ptII/ptolemy/actor/lib/test/auto/matrixType3.xml
4 ms. Memory: 449536K Free: 245389K (55%)
----------------- Invoking toplevel() on ptolemy.moml.MoMLSimpleApplication@23118272
----------------- Done invoking toplevel() on ptolemy.moml.MoMLSimpleApplication@23118272
reloadAllAccessors: .matrixType3

===========================================================================================
----------------- testing Thu Jul 18 04:52:52 UTC 2019 /home/travis/build/icyphy/ptII/ptolemy/actor/lib/test/auto/matrixType4.xml
----------------- Instantiating /home/travis/build/icyphy/ptII/ptolemy/actor/lib/test/auto/matrixType4.xml
2 ms. Memory: 449536K Free: 240783K (54%)
----------------- Invoking toplevel() on ptolemy.moml.MoMLSimpleApplication@42569da1
----------------- Done invoking toplevel() on ptolemy.moml.MoMLSimpleApplication@42569da1
reloadAllAccessors: .matrixType4

===========================================================================================
----------------- testing Thu Jul 18 04:52:52 UTC 2019 /home/travis/build/icyphy/ptII/ptolemy/actor/lib/test/auto/matrixType5.xml
----------------- Instantiating /home/travis/build/icyphy/ptII/ptolemy/actor/lib/test/auto/matrixType5.xml
1 ms. Memory: 449536K Free: 235663K (52%)
----------------- Invoking toplevel() on ptolemy.moml.MoMLSimpleApplication@59115953
----------------- Done invoking toplevel() on ptolemy.moml.MoMLSimpleApplication@59115953
reloadAllAccessors: .matrixType5

===========================================================================================
----------------- testing Thu Jul 18 04:52:52 UTC 2019 /home/travis/build/icyphy/ptII/ptolemy/actor/lib/test/auto/matrixType6.xml
----------------- Instantiating /home/travis/build/icyphy/ptII/ptolemy/actor/lib/test/auto/matrixType6.xml
1 ms. Memory: 449536K Free: 231053K (51%)
----------------- Invoking toplevel() on ptolemy.moml.MoMLSimpleApplication@16b2b2dd
----------------- Done invoking toplevel() on ptolemy.moml.MoMLSimpleApplication@16b2b2dd
reloadAllAccessors: .matrixType6

===========================================================================================
----------------- testing Thu Jul 18 04:52:52 UTC 2019 /home/travis/build/icyphy/ptII/ptolemy/actor/lib/test/auto/matrixType7.xml
----------------- Instantiating /home/travis/build/icyphy/ptII/ptolemy/actor/lib/test/auto/matrixType7.xml
2 ms. Memory: 449536K Free: 225933K (50%)
----------------- Invoking toplevel() on ptolemy.moml.MoMLSimpleApplication@68e19d28
----------------- Done invoking toplevel() on ptolemy.moml.MoMLSimpleApplication@68e19d28
reloadAllAccessors: .matrixType7

===========================================================================================
----------------- testing Thu Jul 18 04:52:52 UTC 2019 /home/travis/build/icyphy/ptII/ptolemy/actor/lib/test/auto/matrixType8.xml
----------------- Instantiating /home/travis/build/icyphy/ptII/ptolemy/actor/lib/test/auto/matrixType8.xml
1 ms. Memory: 449536K Free: 221325K (49%)
----------------- Invoking toplevel() on ptolemy.moml.MoMLSimpleApplication@239ed6bf
----------------- Done invoking toplevel() on ptolemy.moml.MoMLSimpleApplication@239ed6bf
reloadAllAccessors: .matrixType8

===========================================================================================
----------------- testing Thu Jul 18 04:52:52 UTC 2019 /home/travis/build/icyphy/ptII/ptolemy/actor/lib/test/auto/matrixType9.xml
----------------- Instantiating /home/travis/build/icyphy/ptII/ptolemy/actor/lib/test/auto/matrixType9.xml
1 ms. Memory: 449536K Free: 216207K (48%)
----------------- Invoking toplevel() on ptolemy.moml.MoMLSimpleApplication@150c136c
----------------- Done invoking toplevel() on ptolemy.moml.MoMLSimpleApplication@150c136c
reloadAllAccessors: .matrixType9

===========================================================================================
----------------- testing Thu Jul 18 04:52:52 UTC 2019 /home/travis/build/icyphy/ptII/ptolemy/actor/lib/test/auto/paraFunctest.xml
----------------- Instantiating /home/travis/build/icyphy/ptII/ptolemy/actor/lib/test/auto/paraFunctest.xml
2 ms. Memory: 449536K Free: 212111K (47%)
----------------- Invoking toplevel() on ptolemy.moml.MoMLSimpleApplication@1a1cf5cb
----------------- Done invoking toplevel() on ptolemy.moml.MoMLSimpleApplication@1a1cf5cb
reloadAllAccessors: .paraFunctest

===========================================================================================
----------------- testing Thu Jul 18 04:52:52 UTC 2019 /home/travis/build/icyphy/ptII/ptolemy/actor/lib/test/auto/paraFunctest2.xml
----------------- Instantiating /home/travis/build/icyphy/ptII/ptolemy/actor/lib/test/auto/paraFunctest2.xml
2 ms. Memory: 449536K Free: 207501K (46%)
----------------- Invoking toplevel() on ptolemy.moml.MoMLSimpleApplication@689acfd0
----------------- Done invoking toplevel() on ptolemy.moml.MoMLSimpleApplication@689acfd0
reloadAllAccessors: .paraFunctest2

===========================================================================================
----------------- testing Thu Jul 18 04:52:52 UTC 2019 /home/travis/build/icyphy/ptII/ptolemy/actor/lib/test/auto/parameterPassing.xml
----------------- Instantiating /home/travis/build/icyphy/ptII/ptolemy/actor/lib/test/auto/parameterPassing.xml
1 ms. Memory: 449536K Free: 203405K (45%)
----------------- Invoking toplevel() on ptolemy.moml.MoMLSimpleApplication@348a87f6
----------------- Done invoking toplevel() on ptolemy.moml.MoMLSimpleApplication@348a87f6
reloadAllAccessors: .parameterPassing

===========================================================================================
----------------- testing Thu Jul 18 04:52:52 UTC 2019 /home/travis/build/icyphy/ptII/ptolemy/actor/lib/test/auto/record.xml
----------------- Instantiating /home/travis/build/icyphy/ptII/ptolemy/actor/lib/test/auto/record.xml
3 ms. Memory: 449536K Free: 198285K (44%)
----------------- Invoking toplevel() on ptolemy.moml.MoMLSimpleApplication@31b6f87d
----------------- Done invoking toplevel() on ptolemy.moml.MoMLSimpleApplication@31b6f87d
reloadAllAccessors: .record

===========================================================================================
----------------- testing Thu Jul 18 04:52:52 UTC 2019 /home/travis/build/icyphy/ptII/ptolemy/actor/lib/test/auto/sizedarray1.xml
----------------- Instantiating /home/travis/build/icyphy/ptII/ptolemy/actor/lib/test/auto/sizedarray1.xml
2 ms. Memory: 449536K Free: 192655K (43%)
----------------- Invoking toplevel() on ptolemy.moml.MoMLSimpleApplication@6f369dbc
----------------- Done invoking toplevel() on ptolemy.moml.MoMLSimpleApplication@6f369dbc
reloadAllAccessors: .sizedarray1

===========================================================================================
----------------- testing Thu Jul 18 04:52:52 UTC 2019 /home/travis/build/icyphy/ptII/ptolemy/actor/lib/test/auto/sizedarray2.xml
----------------- Instantiating /home/travis/build/icyphy/ptII/ptolemy/actor/lib/test/auto/sizedarray2.xml
2 ms. Memory: 449536K Free: 187535K (42%)
----------------- Invoking toplevel() on ptolemy.moml.MoMLSimpleApplication@2a8f2231
----------------- Done invoking toplevel() on ptolemy.moml.MoMLSimpleApplication@2a8f2231
reloadAllAccessors: .sizedarray2

===========================================================================================
----------------- testing Thu Jul 18 04:52:52 UTC 2019 /home/travis/build/icyphy/ptII/ptolemy/actor/lib/test/auto/twoPublishers.xml
----------------- Instantiating /home/travis/build/icyphy/ptII/ptolemy/actor/lib/test/auto/twoPublishers.xml
7 ms. Memory: 449536K Free: 176775K (39%)
----------------- Invoking toplevel() on ptolemy.moml.MoMLSimpleApplication@66365e15
----------------- Done invoking toplevel() on ptolemy.moml.MoMLSimpleApplication@66365e15
reloadAllAccessors: .twoPublishers
AutoTests.java: About to close Vertx.
AutoTests.java: Vertx closed.
]]></system-out>
  <system-err><![CDATA[java.lang.RuntimeException: Execution failed
	at ptolemy.moml.MoMLSimpleApplication$UnloadThread.run(MoMLSimpleApplication.java:402)
Caused by: java.lang.RuntimeException: StringUtilities.exit() was called. Normally, we would exit here because Manager.exitAfterWrapup() was called.  However, because the ptolemy.ptII.exitAfterWrapup property is set, we throw this exception instead.
	at ptolemy.util.StringUtilities.exit(StringUtilities.java:363)
	at ptolemy.actor.Manager.wrapup(Manager.java:1549)
	at ptolemy.actor.Manager.execute(Manager.java:407)
	at ptolemy.actor.Manager.run(Manager.java:1263)
	at ptolemy.actor.Manager$PtolemyRunThread.run(Manager.java:1933)
Warning: '.top.test' is in training mode, set the trainingMode parameter to false before checking in
Warning: '.top.test' is in training mode, set the trainingMode parameter to false before checking in
Warning: '.top.test' is in training mode, set the trainingMode parameter to false before checking in
Warning: '.BooleanSwitch_RegressionTest_WrongTrainingValues.Test' is in training mode, set the trainingMode parameter to false before checking in
Warning: '.BooleanSwitch_RegressionTest_WrongTrainingValues.Test2' is in training mode, set the trainingMode parameter to false before checking in
Warning: '.BooleanSwitch_RegressionTest_WrongTrainingValues.Test2' The test produced 0 tokens.
Warning: '.top.testExceptionHandler' is in training mode, set the trainingMode parameter to false before checking in
java.lang.RuntimeException: Execution failed
	at ptolemy.moml.MoMLSimpleApplication$UnloadThread.run(MoMLSimpleApplication.java:402)
Caused by: ptolemy.kernel.util.IllegalActionException: PublisherPorts cannot be used at the top level, use a Publisher actor instead.
  in .PublisherPortToplevelSubscriber.PublisherPort
	at ptolemy.actor.PublisherPort.preinitialize(PublisherPort.java:403)
	at ptolemy.actor.CompositeActor.preinitialize(CompositeActor.java:1769)
	at ptolemy.actor.Manager.preinitializeAndResolveTypes(Manager.java:1040)
	at ptolemy.actor.Manager.initialize(Manager.java:710)
	at ptolemy.actor.Manager.execute(Manager.java:356)
	at ptolemy.actor.Manager.run(Manager.java:1263)
	at ptolemy.actor.Manager$PtolemyRunThread.run(Manager.java:1933)
java.lang.reflect.InvocationTargetException
	at java.base/jdk.internal.reflect.NativeConstructorAccessorImpl.newInstance0(Native Method)
	at java.base/jdk.internal.reflect.NativeConstructorAccessorImpl.newInstance(NativeConstructorAccessorImpl.java:62)
	at java.base/jdk.internal.reflect.DelegatingConstructorAccessorImpl.newInstance(DelegatingConstructorAccessorImpl.java:45)
	at java.base/java.lang.reflect.Constructor.newInstance(Constructor.java:490)
	at ptolemy.util.test.junit.AutoKnownFailedTests.RunModel(AutoKnownFailedTests.java:105)
	at java.base/jdk.internal.reflect.NativeMethodAccessorImpl.invoke0(Native Method)
	at java.base/jdk.internal.reflect.NativeMethodAccessorImpl.invoke(NativeMethodAccessorImpl.java:62)
	at java.base/jdk.internal.reflect.DelegatingMethodAccessorImpl.invoke(DelegatingMethodAccessorImpl.java:43)
	at java.base/java.lang.reflect.Method.invoke(Method.java:566)
	at org.junit.runners.model.FrameworkMethod$1.runReflectiveCall(FrameworkMethod.java:44)
	at org.junit.internal.runners.model.ReflectiveCallable.run(ReflectiveCallable.java:15)
	at org.junit.runners.model.FrameworkMethod.invokeExplosively(FrameworkMethod.java:41)
	at junitparams.internal.InvokeParameterisedMethod.evaluate(InvokeParameterisedMethod.java:102)
	at org.junit.internal.runners.statements.FailOnTimeout$1.run(FailOnTimeout.java:28)
Caused by: ptolemy.kernel.util.IllegalActionException: PublisherPorts cannot be used at the top level, use a Publisher actor instead.
  in .PublisherPortToplevelSubscriber.PublisherPort
	at ptolemy.actor.PublisherPort.preinitialize(PublisherPort.java:403)
	at ptolemy.actor.CompositeActor.preinitialize(CompositeActor.java:1769)
	at ptolemy.actor.Manager.preinitializeAndResolveTypes(Manager.java:1040)
	at ptolemy.actor.Manager.initialize(Manager.java:710)
	at ptolemy.actor.Manager.execute(Manager.java:356)
	at ptolemy.actor.Manager.run(Manager.java:1263)
	at ptolemy.actor.Manager$PtolemyRunThread.run(Manager.java:1933)
java.lang.RuntimeException: Execution failed
	at ptolemy.moml.MoMLSimpleApplication$UnloadThread.run(MoMLSimpleApplication.java:402)
Caused by: ptolemy.kernel.util.IllegalActionException: SubscriberPorts cannot be used at the top level, use a Subscriber actor instead.
  in .PublisherSubscriberPortToplevel.SubscriberPort
	at ptolemy.actor.SubscriberPort.preinitialize(SubscriberPort.java:328)
	at ptolemy.actor.CompositeActor.preinitialize(CompositeActor.java:1769)
	at ptolemy.actor.Manager.preinitializeAndResolveTypes(Manager.java:1040)
	at ptolemy.actor.Manager.initialize(Manager.java:710)
	at ptolemy.actor.Manager.execute(Manager.java:356)
	at ptolemy.actor.Manager.run(Manager.java:1263)
	at ptolemy.actor.Manager$PtolemyRunThread.run(Manager.java:1933)
java.lang.reflect.InvocationTargetException
	at java.base/jdk.internal.reflect.NativeConstructorAccessorImpl.newInstance0(Native Method)
	at java.base/jdk.internal.reflect.NativeConstructorAccessorImpl.newInstance(NativeConstructorAccessorImpl.java:62)
	at java.base/jdk.internal.reflect.DelegatingConstructorAccessorImpl.newInstance(DelegatingConstructorAccessorImpl.java:45)
	at java.base/java.lang.reflect.Constructor.newInstance(Constructor.java:490)
	at ptolemy.util.test.junit.AutoKnownFailedTests.RunModel(AutoKnownFailedTests.java:105)
	at java.base/jdk.internal.reflect.NativeMethodAccessorImpl.invoke0(Native Method)
	at java.base/jdk.internal.reflect.NativeMethodAccessorImpl.invoke(NativeMethodAccessorImpl.java:62)
	at java.base/jdk.internal.reflect.DelegatingMethodAccessorImpl.invoke(DelegatingMethodAccessorImpl.java:43)
	at java.base/java.lang.reflect.Method.invoke(Method.java:566)
	at org.junit.runners.model.FrameworkMethod$1.runReflectiveCall(FrameworkMethod.java:44)
	at org.junit.internal.runners.model.ReflectiveCallable.run(ReflectiveCallable.java:15)
	at org.junit.runners.model.FrameworkMethod.invokeExplosively(FrameworkMethod.java:41)
	at junitparams.internal.InvokeParameterisedMethod.evaluate(InvokeParameterisedMethod.java:102)
	at org.junit.internal.runners.statements.FailOnTimeout$1.run(FailOnTimeout.java:28)
Caused by: ptolemy.kernel.util.IllegalActionException: SubscriberPorts cannot be used at the top level, use a Subscriber actor instead.
  in .PublisherSubscriberPortToplevel.SubscriberPort
	at ptolemy.actor.SubscriberPort.preinitialize(SubscriberPort.java:328)
	at ptolemy.actor.CompositeActor.preinitialize(CompositeActor.java:1769)
	at ptolemy.actor.Manager.preinitializeAndResolveTypes(Manager.java:1040)
	at ptolemy.actor.Manager.initialize(Manager.java:710)
	at ptolemy.actor.Manager.execute(Manager.java:356)
	at ptolemy.actor.Manager.run(Manager.java:1263)
	at ptolemy.actor.Manager$PtolemyRunThread.run(Manager.java:1933)
java.lang.RuntimeException: Execution failed
	at ptolemy.moml.MoMLSimpleApplication$UnloadThread.run(MoMLSimpleApplication.java:402)
Caused by: ptolemy.kernel.util.IllegalActionException: SubscriptionAggregatorPorts cannot be used at the top level, use a SubscriptionAggregator actor instead.
  in .PublisherSubscriptionAggregatorPort.SubscriptionAggregatorPort
	at ptolemy.actor.SubscriptionAggregatorPort.preinitialize(SubscriptionAggregatorPort.java:353)
	at ptolemy.actor.CompositeActor.preinitialize(CompositeActor.java:1769)
	at ptolemy.actor.Manager.preinitializeAndResolveTypes(Manager.java:1040)
	at ptolemy.actor.Manager.initialize(Manager.java:710)
	at ptolemy.actor.Manager.execute(Manager.java:356)
	at ptolemy.actor.Manager.run(Manager.java:1263)
	at ptolemy.actor.Manager$PtolemyRunThread.run(Manager.java:1933)
java.lang.reflect.InvocationTargetException
	at java.base/jdk.internal.reflect.NativeConstructorAccessorImpl.newInstance0(Native Method)
	at java.base/jdk.internal.reflect.NativeConstructorAccessorImpl.newInstance(NativeConstructorAccessorImpl.java:62)
	at java.base/jdk.internal.reflect.DelegatingConstructorAccessorImpl.newInstance(DelegatingConstructorAccessorImpl.java:45)
	at java.base/java.lang.reflect.Constructor.newInstance(Constructor.java:490)
	at ptolemy.util.test.junit.AutoKnownFailedTests.RunModel(AutoKnownFailedTests.java:105)
	at java.base/jdk.internal.reflect.NativeMethodAccessorImpl.invoke0(Native Method)
	at java.base/jdk.internal.reflect.NativeMethodAccessorImpl.invoke(NativeMethodAccessorImpl.java:62)
	at java.base/jdk.internal.reflect.DelegatingMethodAccessorImpl.invoke(DelegatingMethodAccessorImpl.java:43)
	at java.base/java.lang.reflect.Method.invoke(Method.java:566)
	at org.junit.runners.model.FrameworkMethod$1.runReflectiveCall(FrameworkMethod.java:44)
	at org.junit.internal.runners.model.ReflectiveCallable.run(ReflectiveCallable.java:15)
	at org.junit.runners.model.FrameworkMethod.invokeExplosively(FrameworkMethod.java:41)
	at junitparams.internal.InvokeParameterisedMethod.evaluate(InvokeParameterisedMethod.java:102)
	at org.junit.internal.runners.statements.FailOnTimeout$1.run(FailOnTimeout.java:28)
Caused by: ptolemy.kernel.util.IllegalActionException: SubscriptionAggregatorPorts cannot be used at the top level, use a SubscriptionAggregator actor instead.
  in .PublisherSubscriptionAggregatorPort.SubscriptionAggregatorPort
	at ptolemy.actor.SubscriptionAggregatorPort.preinitialize(SubscriptionAggregatorPort.java:353)
	at ptolemy.actor.CompositeActor.preinitialize(CompositeActor.java:1769)
	at ptolemy.actor.Manager.preinitializeAndResolveTypes(Manager.java:1040)
	at ptolemy.actor.Manager.initialize(Manager.java:710)
	at ptolemy.actor.Manager.execute(Manager.java:356)
	at ptolemy.actor.Manager.run(Manager.java:1263)
	at ptolemy.actor.Manager$PtolemyRunThread.run(Manager.java:1933)
java.lang.RuntimeException: Execution failed
	at ptolemy.moml.MoMLSimpleApplication$UnloadThread.run(MoMLSimpleApplication.java:402)
Caused by: ptolemy.kernel.util.IllegalActionException: TypeTest actor has no training data.
  in .sizedarray3.TypeTest
	at ptolemy.actor.lib.TypeTest.initialize(TypeTest.java:250)
	at ptolemy.actor.Director.initialize(Director.java:938)
	at ptolemy.actor.Director.initialize(Director.java:907)
	at ptolemy.actor.sched.StaticSchedulingDirector.initialize(StaticSchedulingDirector.java:159)
	at ptolemy.domains.sdf.kernel.SDFDirector.initialize(SDFDirector.java:544)
	at ptolemy.actor.CompositeActor.initialize(CompositeActor.java:935)
	at ptolemy.actor.Manager.initialize(Manager.java:724)
	at ptolemy.actor.Manager.execute(Manager.java:356)
	at ptolemy.actor.Manager.run(Manager.java:1263)
	at ptolemy.actor.Manager$PtolemyRunThread.run(Manager.java:1933)
java.lang.reflect.InvocationTargetException
	at java.base/jdk.internal.reflect.NativeConstructorAccessorImpl.newInstance0(Native Method)
	at java.base/jdk.internal.reflect.NativeConstructorAccessorImpl.newInstance(NativeConstructorAccessorImpl.java:62)
	at java.base/jdk.internal.reflect.DelegatingConstructorAccessorImpl.newInstance(DelegatingConstructorAccessorImpl.java:45)
	at java.base/java.lang.reflect.Constructor.newInstance(Constructor.java:490)
	at ptolemy.util.test.junit.AutoKnownFailedTests.RunModel(AutoKnownFailedTests.java:105)
	at java.base/jdk.internal.reflect.NativeMethodAccessorImpl.invoke0(Native Method)
	at java.base/jdk.internal.reflect.NativeMethodAccessorImpl.invoke(NativeMethodAccessorImpl.java:62)
	at java.base/jdk.internal.reflect.DelegatingMethodAccessorImpl.invoke(DelegatingMethodAccessorImpl.java:43)
	at java.base/java.lang.reflect.Method.invoke(Method.java:566)
	at org.junit.runners.model.FrameworkMethod$1.runReflectiveCall(FrameworkMethod.java:44)
	at org.junit.internal.runners.model.ReflectiveCallable.run(ReflectiveCallable.java:15)
	at org.junit.runners.model.FrameworkMethod.invokeExplosively(FrameworkMethod.java:41)
	at junitparams.internal.InvokeParameterisedMethod.evaluate(InvokeParameterisedMethod.java:102)
	at org.junit.internal.runners.statements.FailOnTimeout$1.run(FailOnTimeout.java:28)
Caused by: ptolemy.kernel.util.IllegalActionException: TypeTest actor has no training data.
  in .sizedarray3.TypeTest
	at ptolemy.actor.lib.TypeTest.initialize(TypeTest.java:250)
	at ptolemy.actor.Director.initialize(Director.java:938)
	at ptolemy.actor.Director.initialize(Director.java:907)
	at ptolemy.actor.sched.StaticSchedulingDirector.initialize(StaticSchedulingDirector.java:159)
	at ptolemy.domains.sdf.kernel.SDFDirector.initialize(SDFDirector.java:544)
	at ptolemy.actor.CompositeActor.initialize(CompositeActor.java:935)
	at ptolemy.actor.Manager.initialize(Manager.java:724)
	at ptolemy.actor.Manager.execute(Manager.java:356)
	at ptolemy.actor.Manager.run(Manager.java:1263)
	at ptolemy.actor.Manager$PtolemyRunThread.run(Manager.java:1933)
]]></system-err>
</testsuite>
