<?xml version="1.0" encoding="UTF-8" ?>
<testsuite errors="0" failures="0" hostname="travis-job-de5b7e55-5302-4865-8ae8-fb9ae3e1a8b6" name="ptolemy.domains.de.test.junit.JUnitTclTest" skipped="0" tests="101" time="129.857" timestamp="2018-07-01T01:34:55">
  <properties>
    <property name="npm.executable" value="npm" />
    <property name="file.encoding.pkg" value="sun.io" />
    <property name="ptII.mk.exists" value="true" />
    <property name="env.rvm_bin_path" value="/home/travis/.rvm/bin" />
    <property name="java.home" value="/usr/lib/jvm/java-8-oracle/jre" />
    <property name="env.TRAVIS_JOB_NUMBER" value="638.9" />
    <property name="env.DISPLAY" value=":99.0" />
    <property name="java.net.preferIPv4Stack" value="true" />
    <property name="env.TRAVIS_INIT" value="upstart" />
    <property name="env.SSH_TTY" value="/dev/pts/0" />
    <property name="env.RUN_TESTS" value="false" />
    <property name="timeout.short" value="1000000" />
    <property name="env.TRAVIS_STACK_NODE_ATTRIBUTES" value="/.node-attributes.yml" />
    <property name="junit.formatter" value="xml" />
    <property name="java.endorsed.dirs" value="/usr/lib/jvm/java-8-oracle/jre/lib/endorsed" />
    <property name="env.TRAVIS_SUDO" value="true" />
    <property name="env.LOGNAME" value="travis" />
    <property name="jsdoc.home" value="node_modules/@terraswarm/jsdoc" />
    <property name="debuglevel" value="source,lines,vars" />
    <property name="checkstyle.formatter" value="xml" />
    <property name="bin.vergil.makeable" value="true" />
    <property name="env._system_version" value="14.04" />
    <property name="sun.os.patch.level" value="unknown" />
    <property name="java.vendor.url" value="http://java.oracle.com/" />
    <property name="java.version" value="1.8.0_151" />
    <property name="env.TZ" value="UTC" />
    <property name="env.PT_NO_NET" value="true" />
    <property name="env.TRAVIS_PULL_REQUEST_SHA" value="" />
    <property name="env.TRAVIS_SECURE_ENV_VARS" value="true" />
    <property name="env._system_type" value="Linux" />
    <property name="java.vendor.url.bug" value="http://bugreport.sun.com/bugreport/" />
    <property name="env.SSH_CLIENT" value="10.10.4.37 37652 22" />
    <property name="npmjs-org-is-up" value="true" />
    <property name="env.GEM_HOME" value="/home/travis/.rvm/gems/ruby-2.4.1" />
    <property name="env.HAS_ANTARES_THREE_LITTLE_FRONZIES_BADGE" value="true" />
    <property name="env.PS4" value="+" />
    <property name="ant.project.invoked-targets" value="build,test.core2.xml" />
    <property name="env.TRAVIS_PULL_REQUEST_BRANCH" value="" />
    <property name="env.TRAVIS_REPO_SLUG" value="icyphy/ptII" />
    <property name="node.in.path" value="true" />
    <property name="java.maxmemory" value="1400m" />
    <property name="env.RUBY_VERSION" value="ruby-2.4.1" />
    <property name="user.name" value="travis" />
    <property name="env.LANG" value="en_US.UTF-8" />
    <property name="sun.io.unicode.encoding" value="UnicodeLittle" />
    <property name="sun.jnu.encoding" value="UTF-8" />
    <property name="java.runtime.name" value="Java(TM) SE Runtime Environment" />
    <property name="usefile" value="false" />
    <property name="return.code" value="0" />
    <property name="junit.single.formatter" value="plain" />
    <property name="env.DYLD_LIBRARY_PATH" value="/home/travis/pthla/certi-tools/lib:" />
    <property name="env.DEBIAN_FRONTEND" value="noninteractive" />
    <property name="env.SSH_CONNECTION" value="10.10.4.37 37652 10.20.0.5 22" />
    <property name="env.MYSQL_UNIX_PORT" value="/var/run/mysqld/mysqld.sock" />
    <property name="env.TRAVIS_ALLOW_FAILURE" value="false" />
    <property name="env.LC_ALL" value="en_US.UTF-8" />
    <property name="java.specification.name" value="Java Platform API Specification" />
    <property name="node.works" value="true" />
    <property name="user.timezone" value="" />
    <property name="path.separator" value=":" />
    <property name="env.PYTHON_CFLAGS" value="-g -fstack-protector --param=ssp-buffer-size=4 -Wformat -Werror=format-security" />
    <property name="timeout.long" value="4000000" />
    <property name="env.CERTI_HOME" value="/home/travis/pthla/certi-tools" />
    <property name="file.encoding" value="UTF-8" />
    <property name="ant.file.ptII" value="/home/travis/build/icyphy/ptII/build.xml" />
    <property name="javadoc.packagenames" value="com.*,diva.*,lbnl.*,org.hlacerti.*,org.json.*,org.ptolemy.*,org.terraswarm.*,ptolemy.*,ptserver.*" />
    <property name="env.TRAVIS_PULL_REQUEST_SLUG" value="" />
    <property name="ant.project.default-target" value="build" />
    <property name="env.GIT_ASKPASS" value="echo" />
    <property name="env.HOME" value="/home/travis" />
    <property name="sun.java.command" value="org.apache.tools.ant.taskdefs.optional.junit.JUnitTestRunner ptolemy.domains.de.test.junit.JUnitTclTest skipNonTests=false filtertrace=true haltOnError=false haltOnFailure=false formatter=org.apache.tools.ant.taskdefs.optional.junit.OutErrSummaryJUnitResultFormatter showoutput=true outputtoformatters=true logfailedtests=true threadid=0 logtestlistenerevents=false formatter=org.apache.tools.ant.taskdefs.optional.junit.XMLJUnitResultFormatter,/home/travis/build/icyphy/ptII/reports/junit/TEST-ptolemy.domains.de.test.junit.JUnitTclTest.xml crashfile=/home/travis/build/icyphy/ptII/junitvmwatcher8329817266613610026.properties propsfile=/home/travis/build/icyphy/ptII/junit1548358147817436201.properties" />
    <property name="env.MANPATH" value="/home/travis/.nvm/versions/node/v7.10.1/share/man:/home/travis/.kiex/elixirs/elixir-1.4.5/man:/home/travis/.rvm/rubies/ruby-2.4.1/share/man:/usr/local/man:/usr/local/cmake-3.9.2/man:/usr/local/clang-5.0.0/share/man:/usr/local/share/man:/usr/share/man:/home/travis/.rvm/man" />
    <property name="env.COMPOSER_NO_INTERACTION" value="1" />
    <property name="env.JDK_SWITCHER_DEFAULT" value="oraclejdk8" />
    <property name="ant.file" value="/home/travis/build/icyphy/ptII/build.xml" />
    <property name="env.TRAVIS_COMMIT_RANGE" value="ccc6dcdeb986a88bd7adfc64f07cce96eb7c62d4...def9f10e04089c14f8ba284dbed157d0d1f7f1a8" />
    <property name="env._system_name" value="Ubuntu" />
    <property name="timeout" value="2400000" />
    <property name="ptII.classpath.optional.property" value="/home/travis/build/icyphy/ptII/lib/bsh-2.0b4.jar:/home/travis/build/icyphy/ptII/lib/ptCal.jar:/home/travis/build/icyphy/ptII/lib/java_cup.jar:/home/travis/build/icyphy/ptII/lib/saxon8.jar:/home/travis/build/icyphy/ptII/lib/saxon8-dom.jar:/home/travis/build/icyphy/ptII/lib/chic.jar:/home/travis/build/icyphy/ptII/lib/ptcolt.jar:/usr/lib/jvm/java-8-oracle/lib/tools.jar:/usr/lib/eclipse/plugins/org.eclipse.jdt.core_3.8.2.dist.jar:/usr/lib/eclipse/plugins/org.eclipse.core.runtime_3.8.0.dist.jar:/usr/lib/eclipse/plugins/org.eclipse.osgi_3.8.1.dist.jar:/usr/lib/eclipse/plugins/org.eclipse.core.resources_3.8.1.dist.jar:/usr/lib/eclipse/plugins/org.eclipse.equinox.common_3.6.100.dist.jar:/usr/lib/eclipse/plugins/org.eclipse.core.jobs_3.5.200.dist.jar:/usr/lib/eclipse/plugins/org.eclipse.core.contenttype_3.4.200.dist.jar:/usr/lib/eclipse/plugins/org.eclipse.equinox.preferences_3.5.0.dist.jar:/usr/lib/eclipse/plugins/org.eclipse.text_3.5.200.dist.jar:/usr/lib/eclipse/plugins/org.eclipse.ui.workbench_3.8.1.dist.jar:/usr/lib/eclipse/plugins/org.eclipse.jface_3.8.0.dist.jar:/usr/lib/eclipse/plugins/org.eclipse.swt_3.8.2.jar:/usr/lib/eclipse/plugins/org.eclipse.jface.text_3.8.1.dist.jar:/usr/lib/eclipse/plugins/org.eclipse.ui.workbench.texteditor_3.8.0.dist.jar:/usr/lib/eclipse/plugins/org.eclipse.ui.editors_3.8.0.dist.jar:/usr/lib/eclipse/plugins/org.eclipse.core.commands_3.6.1.dist.jar:/usr/lib/eclipse/plugins/org.eclipse.equinox.registry_3.5.200.dist.jar:/usr/lib/eclipse/plugins/org.eclipse.ui.console_3.5.100.dist.jar:/usr/lib/eclipse/plugins/org.eclipse.ui.forms_3.5.200.dist.jar:/usr/lib/eclipse/plugins/org.eclipse.ui.ide_3.8.1.dist.jar:/home/travis/build/icyphy/ptII/vendors/oracle/dbxml.jar:/home/travis/build/icyphy/ptII/vendors/oracle/db.jar:/home/travis/build/icyphy/ptII/vendors/misc/itext/iText.jar:/home/travis/build/icyphy/ptII/lib/g4ltl.jar:/home/travis/build/icyphy/ptII/lib/StructuralCoder.jar:/home/travis/build/icyphy/ptII/lib/org-openide-util.jar:/home/travis/build/icyphy/ptII/lib/org-openide-util-lookup.jar:/home/travis/build/icyphy/ptII/lib/org-netbeans-api-visual.jar:/home/travis/build/icyphy/ptII/vendors/jai-1_1_2_01/lib/jai_core.jar:/home/travis/build/icyphy/ptII/vendors/jai-1_1_2_01/lib/jai_codec.jar:/home/travis/build/icyphy/ptII/lib/jcerti.jar:/home/travis/build/icyphy/ptII/lib/smack.jar:/home/travis/build/icyphy/ptII/lib/smackx.jar:/home/travis/build/icyphy/ptII/lib/jetty-all-8.1.5-v20120716.jar:/home/travis/build/icyphy/ptII/lib/javax.servlet-api-3.0.1.jar:/home/travis/build/icyphy/ptII/lib/javax.mail.jar:/home/travis/build/icyphy/ptII/vendors/JMF-2.1.1e/lib/jmf.jar:/home/travis/build/icyphy/ptII/lib/jna-4.0.0-variadic.jar:/home/travis/build/icyphy/ptII/vendors/misc/joystick/Joystick.jar:/home/travis/build/icyphy/ptII/lib/ptjacl.jar:/home/travis/build/icyphy/ptII/lib/jsoup-1.8.2.jar:/home/travis/build/icyphy/ptII/lib/junit-4.8.2.jar:/home/travis/build/icyphy/ptII/lib/JUnitParams-0.4.0.jar:/home/travis/build/icyphy/ptII/ptolemy/actor/lib/excel/jxl.jar:/home/travis/build/icyphy/ptII/lib/jython.jar:/home/travis/build/icyphy/ptII/lib/kieler.jar:/home/travis/build/icyphy/ptII/vendors/opencv/share/OpenCV/java/opencv-341.jar:/home/travis/build/icyphy/ptII/lib/oscP5.jar:/home/travis/build/icyphy/ptII/lib/nrjavaserial-3.11.0.devel.jar:/home/travis/build/icyphy/ptII/vendors/j3d/lib/j3dcore.jar:/home/travis/build/icyphy/ptII/vendors/j3d/lib/j3dutils.jar:/home/travis/build/icyphy/ptII/vendors/j3d/lib/vecmath.jar:/home/travis/build/icyphy/ptII/ptolemy/distributed/jini/jar/jini-core.jar:/home/travis/build/icyphy/ptII/ptolemy/distributed/jini/jar/jini-ext.jar:/home/travis/build/icyphy/ptII/ptolemy/distributed/jini/jar/sun-util.jar:/home/travis/build/icyphy/ptII/lib/protobuf-java-2.4.1.jar:/home/travis/build/icyphy/ptII/lib/org.eclipse.paho.client.mqttv3.jar:/home/travis/build/icyphy/ptII/ptserver/lib/hessian-4.0.7.jar:/home/travis/build/icyphy/ptII/ptserver/lib/wmqtt.jar:/home/travis/build/icyphy/ptII/lib/mapss.jar:/home/travis/build/icyphy/ptII/ptolemy/actor/ptalon/antlr/antlr.jar:/home/travis/build/icyphy/ptII/lib/JRI.jar:/home/travis/build/icyphy/ptII/lib/commons-lang-2.6.jar:/home/travis/build/icyphy/ptII/lib/commons-logging-1.1.1.jar:/home/travis/build/icyphy/ptII/lib/sootclasses.jar:/home/travis/build/icyphy/ptII/ptolemy/actor/lib/database/mysql-connector-java-5.1.6-bin.jar:/home/travis/build/icyphy/ptII/vendors/misc/sphinx4/sphinx4-data-5prealpha.jar:/home/travis/build/icyphy/ptII/vendors/misc/sphinx4/sphinx4-core-5prealpha.jar:/home/travis/build/icyphy/ptII/lib/PDFRenderer.jar:/home/travis/build/icyphy/ptII/lib/svgSalamander.jar:/home/travis/build/icyphy/ptII/lib/rsyntaxtextarea-2.6.0-SNAPSHOT.jar:/home/travis/build/icyphy/ptII/lib/hazelcast-3.8.2.jar:/home/travis/build/icyphy/ptII/lib/jackson-annotations-2.9.0.jar:/home/travis/build/icyphy/ptII/lib/jackson-core-2.9.3.jar:/home/travis/build/icyphy/ptII/lib/jackson-databind-2.9.3.jar:/home/travis/build/icyphy/ptII/lib/netty-buffer-4.1.19.Final.jar:/home/travis/build/icyphy/ptII/lib/netty-codec-4.1.19.Final.jar:/home/travis/build/icyphy/ptII/lib/netty-codec-dns-4.1.19.Final.jar:/home/travis/build/icyphy/ptII/lib/netty-codec-http-4.1.19.Final.jar:/home/travis/build/icyphy/ptII/lib/netty-codec-http2-4.1.19.Final.jar:/home/travis/build/icyphy/ptII/lib/netty-common-4.1.19.Final.jar:/home/travis/build/icyphy/ptII/lib/netty-handler-4.1.19.Final.jar:/home/travis/build/icyphy/ptII/lib/netty-resolver-4.1.19.Final.jar:/home/travis/build/icyphy/ptII/lib/netty-resolver-dns-4.1.19.Final.jar:/home/travis/build/icyphy/ptII/lib/netty-transport-4.1.19.Final.jar:/home/travis/build/icyphy/ptII/lib/vertx-codegen-3.5.1.jar:/home/travis/build/icyphy/ptII/lib/vertx-core-3.5.2-SNAPSHOT.jar:/home/travis/build/icyphy/ptII/lib/vertx-hazelcast-3.5.1.jar:/home/travis/build/icyphy/ptII/lib/vertx-lang-js-3.5.1.jar:/home/travis/build/icyphy/ptII/lib/vertx-service-proxy-3.5.1.jar:/home/travis/build/icyphy/ptII/lib/vertx-web-3.5.1.jar:/home/travis/build/icyphy/ptII/lib/slf4j-api-1.7.13.jar:/home/travis/build/icyphy/ptII/lib/slf4j-simple-1.7.13.jar:/home/travis/build/icyphy/ptII/lib/webcam-capture-0.3.12.jar:/home/travis/build/icyphy/ptII/lib/bridj-0.7.0.jar:/home/travis/build/icyphy/ptII/lib/xbjlib-1.1.0.nrjavaserial.jar" />
    <property name="test.batch" value="**/junit/*.java" />
    <property name="env._" value="/usr/bin/timeout" />
    <property name="java.io.tmpdir" value="/tmp" />
    <property name="user.language" value="en" />
    <property name="env.HISTCONTROL" value="ignoredups:ignorespace" />
    <property name="env.GOROOT" value="/home/travis/.gimme/versions/go1.7.4.linux.amd64" />
    <property name="line.separator" value="&#xa;" />
    <property name="target" value="1.8" />
    <property name="env.TRAVIS_BUILD_DIR" value="/home/travis/build/icyphy/ptII" />
    <property name="env.ANT_OPTS" value="-Xmx2048m" />
    <property name="ant.file.type" value="file" />
    <property name="ptolemy.ptII.batchMode" value="true" />
    <property name="env.HISTSIZE" value="1000" />
    <property name="env.MERB_ENV" value="test" />
    <property name="java.vm.info" value="mixed mode" />
    <property name="source" value="1.8" />
    <property name="java.vm.specification.name" value="Java Virtual Machine Specification" />
    <property name="env.TRAVIS_TEST_RESULT" value="0" />
    <property name="jsdoc.command" value="node_modules/@terraswarm/jsdoc/jsdoc.js" />
    <property name="npm.works" value="true" />
    <property name="cobertura.dir" value="/home/travis/build/icyphy/ptII/vendors/cobertura-2.0.3" />
    <property name="env.rvm_path" value="/home/travis/.rvm" />
    <property name="env.GEM_PATH" value="/home/travis/.rvm/gems/ruby-2.4.1:/home/travis/.rvm/gems/ruby-2.4.1@global" />
    <property name="env.LC_CTYPE" value="en_US.UTF-8" />
    <property name="java.awt.printerjob" value="sun.print.PSPrinterJob" />
    <property name="env.TRAVIS_STACK_NAME" value="garnet" />
    <property name="ant.version" value="Apache Ant(TM) version 1.10.1 compiled on February 2 2017" />
    <property name="ptII.reports" value="/home/travis/build/icyphy/ptII/reports" />
    <property name="env.TRAVIS_STACK_TIMESTAMP" value="2017-12-05 19:33:09 UTC" />
    <property name="ant.file.type.ptII" value="file" />
    <property name="env.RBENV_SHELL" value="bash" />
    <property name="os.name" value="Linux" />
    <property name="java.specification.vendor" value="Oracle Corporation" />
    <property name="env.rvm_version" value="1.29.3 (latest)" />
    <property name="env.TERM" value="xterm" />
    <property name="java.vm.name" value="Java HotSpot(TM) 64-Bit Server VM" />
    <property name="env.TRAVIS_BUILD_NUMBER" value="638" />
    <property name="env.CI" value="true" />
    <property name="java.library.path" value="/home/travis/pthla/certi-tools/lib:/usr/lib/jni:/usr/local/share/OpenCV/java/:/usr/share/OpenCV/java::/usr/java/packages/lib/amd64:/usr/lib64:/lib64:/lib:/usr/lib" />
    <property name="env.rvm_prefix" value="/home/travis" />
    <property name="env.PATH" value="/home/travis/pthla/certi-tools/share/scripts:/home/travis/.rvm/gems/ruby-2.4.1/bin:/home/travis/.rvm/gems/ruby-2.4.1@global/bin:/home/travis/.rvm/rubies/ruby-2.4.1/bin:/home/travis/.rvm/bin:/home/travis/.nvm/versions/node/v7.10.1/bin:./node_modules/.bin:/home/travis/build/icyphy/ptII/bin:/home/travis/pthla/certi-tools/bin:/home/travis/bin:/home/travis/.local/bin:/opt/pyenv/shims:/home/travis/.phpenv/shims:/home/travis/perl5/perlbrew/bin:/home/travis/.kiex/elixirs/elixir-1.4.5/bin:/home/travis/.kiex/bin:/home/travis/gopath/bin:/home/travis/.gimme/versions/go1.7.4.linux.amd64/bin:/usr/local/phantomjs/bin:/usr/local/phantomjs:/usr/local/neo4j-3.2.7/bin:/usr/local/maven-3.5.2/bin:/usr/local/cmake-3.9.2/bin:/usr/local/clang-5.0.0/bin:/usr/local/sbin:/usr/local/bin:/usr/sbin:/usr/bin:/sbin:/bin:/home/travis/.phpenv/bin:/opt/pyenv/bin:/home/travis/.yarn/bin" />
    <property name="env.TRAVIS_OS_NAME" value="linux" />
    <property name="ant.java.version" value="1.8" />
    <property name="basedir" value="/home/travis/build/icyphy/ptII" />
    <property name="java.class.version" value="52.0" />
    <property name="env.SHLVL" value="3" />
    <property name="env.LD_LIBRARY_PATH" value="/home/travis/pthla/certi-tools/lib:/usr/lib/jni:/usr/local/share/OpenCV/java/:/usr/share/OpenCV/java:" />
    <property name="env.RACK_ENV" value="test" />
    <property name="ant.home" value="/home/travis/build/icyphy/ptII/ant" />
    <property name="env.NVM_DIR" value="/home/travis/.nvm" />
    <property name="env.PERLBREW_BASHRC_VERSION" value="0.80" />
    <property name="env.CERTI_FOM_PATH" value="/home/travis/pthla/certi-tools/share/federations" />
    <property name="env.TRAVIS_BUILD_ID" value="398709338" />
    <property name="env.PYENV_ROOT" value="/opt/pyenv" />
    <property name="env.TRAVIS_UID" value="2000" />
    <property name="env.rvm_pretty_print_flag" value="auto" />
    <property name="env.NVM_BIN" value="/home/travis/.nvm/versions/node/v7.10.1/bin" />
    <property name="env.TRAVIS_COMMIT" value="def9f10e04089c14f8ba284dbed157d0d1f7f1a8" />
    <property name="env._system_arch" value="x86_64" />
    <property name="node.executable" value="node" />
    <property name="sun.boot.library.path" value="/usr/lib/jvm/java-8-oracle/jre/lib/amd64" />
    <property name="sun.management.compiler" value="HotSpot 64-Bit Tiered Compilers" />
    <property name="env.GOPATH" value="/home/travis/gopath" />
    <property name="java.awt.graphicsenv" value="sun.awt.X11GraphicsEnvironment" />
    <property name="ptolemy.ptII.dir" value="/home/travis/build/icyphy/ptII" />
    <property name="env.USER" value="travis" />
    <property name="env.HISTFILESIZE" value="2000" />
    <property name="timeout.longest" value="19000000" />
    <property name="env.TRAVIS_STACK_FEATURES" value="basic cassandra chromium couchdb disabled-ipv6 docker docker-compose elasticsearch firefox go-toolchain google-chrome jdk memcached mongodb mysql neo4j nodejs_interpreter perl_interpreter perlbrew phantomjs postgresql python_interpreter rabbitmq redis riak ruby_interpreter sqlite xserver" />
    <property name="env.TRAVIS_PULL_REQUEST" value="false" />
    <property name="env.PYENV_SHELL" value="bash" />
    <property name="ant.project.name" value="ptII" />
    <property name="java.vm.specification.version" value="1.8" />
    <property name="env.TRAVIS_DIST" value="trusty" />
    <property name="env.CERTI_VERSION" value="4.0.0" />
    <property name="env.NLSPATH" value="/usr/dt/lib/nls/msg/%L/%N.cat" />
    <property name="awt.toolkit" value="sun.awt.X11.XToolkit" />
    <property name="env.CERTI_HOST" value="localhost" />
    <property name="env.MY_RUBY_HOME" value="/home/travis/.rvm/rubies/ruby-2.4.1" />
    <property name="sun.cpu.isalist" value="" />
    <property name="java.ext.dirs" value="/usr/lib/jvm/java-8-oracle/jre/lib/ext:/usr/java/packages/lib/ext" />
    <property name="os.version" value="4.4.0-101-generic" />
    <property name="user.home" value="/home/travis" />
    <property name="env.MIX_ARCHIVES" value="/home/travis/.kiex/mix/elixir-1.4.5" />
    <property name="java.vm.vendor" value="Oracle Corporation" />
    <property name="env.TRAVIS_TAG" value="nightly" />
    <property name="env.TRAVIS_FILTERED" value="redirect_io" />
    <property name="env.JAVA_HOME" value="/usr/lib/jvm/java-8-oracle" />
    <property name="env.PTII" value="/home/travis/build/icyphy/ptII" />
    <property name="javadoc.excludepackagenames" value="adm.cvs2svn.*,build.*,config.*,doc.coding.templates.*,jni.test.jni.meaningOfLife.*,jni.test.jni.testDeux.*,jni.test.jni.testTrois.*,org.terraswarm.accessor.accessors.web.node_modules.*,org.terraswarm.accessor.accessors.web.hosts.cordova.demo.*,org.terraswarm.accessor.accessors.web.hosts.cordova.plugins.*,org.terraswarm.accessor.accessors-svn.*,pt-modules.*,ptolemy.apps.agilent.*,ptolemy.apps.anytimecontrol.*,ptolemy.apps.apes.*,ptolemy.apps.charon.*,ptolemy.apps.crazyboard.*,ptolemy.apps.eclipse.*,ptolemy.apps.etherealSting.*,ptolemy.apps.fullscreen.*,ptolemy.apps.giotto.*,ptolemy.apps.ia.*,ptolemy.apps.interfaces.*,ptolemy.apps.jmf.*,ptolemy.apps.kurt.*,ptolemy.apps.kvm.*,ptolemy.apps.lego.*,ptolemy.apps.lejos.*,ptolemy.apps.midp.*,ptolemy.apps.mobileCoding.*,ptolemy.apps.pendulum.*,ptolemy.apps.rijndael.*,ptolemy.apps.robot.*,ptolemy.apps.security.*,ptolemy.apps.sobel.*,ptolemy.apps.soot.*,ptolemy.apps.throttle.*,ptolemy.apps.tini.*,ptolemy.apps.transmission.*,ptolemy.apps.vergil.*,ptolemy.apps.waba.*,ptolemy.apps.websensor.*,ptolemy.apps.webstart.*,ptolemy.apps.xsl.*,ptolemy.apps.zaurus.*,ptolemy.backtrack.eclipse.plugin.*,ptolemy.backtrack.test.*,ptolemy.codegen.c.actor.lib.oldJavaFiles.*,ptolemy.codegen.dsp.lib.*,ptolemy.codegen.kernel.newInterfaces.*,ptolemy.codegen.lib.*,ptolemy.copernicus.kernel.fragment.*,ptolemy.copernicus.shallow.cg.*,ptolemy.domains.giotto.demo.Hierarchy.Hierarchy.*,ptolemy.domains.giotto.demo.Multimode.Multimode.*,ptolemy.domains.giotto.demo.Simple.Simple.*,ptolemy.domains.gr.lib.experimental.*,ptolemy.domains.gro.*,ptolemy.domains.pdf.*,ptolemy.domains.ptinyos.demo.Surge.output.*,ptolemy.moml.test.NoPackageActor.java*,ptolemy.plot.adm.*,ptolemy.plot.servlet.*,reports.*,signed.*,src.*,target.*,vendors.*,ptolemy.cg.adapter.generic.program.procedural.c.mbed*,ptolemy.actor.lib.fmi.fmus.omc*,ptolemy.domains.openmodelica*,ptdb.kernel.bl.save.test.*,ptdb.kernel.bl.load.test.*,ptdb.kernel.bl.search.test.*,ptdb.kernel.bl.migration.test.*,ptdb.kernel.database.test.*,ptdb.test.*,ptdb.gui.test.*,org.ptolemy.scala.*,diva.util.java2d.svg.*,ptolemy.domains.ptinyos.*,ptolemy.actor.lib.fmi.fmipp.*,,org.terraswarm.accessor.accessors.web.node_modules.*,org.terraswarm.accessor.accessors-svn,ptolemy.apps.*,ptolemy.actor.ptalon.demo.ptinyos.SendAndReceiveCnt.output,ptolemy.actor.ptalon.demo.ptinyos.SenseToLeds.output,ptolemy.domains.ptinyos.demo.CntToLedsAndRfm.output,ptolemy.domains.ptinyos.demo.RfmToLeds.output,ptolemy.domains.ptinyos.demo.SendAndReceiveCnt.output,ptolemy.domains.ptinyos.demo.SenseToLeds.output,ptolemy.actor.lib.jjs.modules.udpSocket.*" />
    <property name="env.TRAVIS_COMMIT_MESSAGE" value="Monitor MQTT Errors on stdout" />
    <property name="keystore" value="ptKeystore" />
    <property name="env.XDG_SESSION_ID" value="2" />
    <property name="junit.output.dir" value="/home/travis/build/icyphy/ptII/reports/junit" />
    <property name="npm.return.code" value="0" />
    <property name="user.dir" value="/home/travis/build/icyphy/ptII/ptolemy/domains/de/test" />
    <property name="env.TRAVIS_NODE_VERSION" value="7" />
    <property name="env.XFILESEARCHPATH" value="/usr/dt/app-defaults/%L/Dt" />
    <property name="env.TRAVIS_EVENT_TYPE" value="cron" />
    <property name="env.MAIL" value="/var/mail/travis" />
    <property name="env.PERLBREW_ROOT" value="/home/travis/perl5/perlbrew" />
    <property name="env.PWD" value="/home/travis/build/icyphy/ptII" />
    <property name="timeout.npm" value="45000" />
    <property name="env.PT_TRAVIS_TEST_CORE2_XML" value="true" />
    <property name="env.PAGER" value="cat" />
    <property name="sun.cpu.endian" value="little" />
    <property name="env.TRAVIS_BUILD_STAGE_NAME" value="Test" />
    <property name="env.PERLBREW_HOME" value="/home/travis/.perlbrew" />
    <property name="env.RAILS_ENV" value="test" />
    <property name="java.vm.version" value="25.151-b12" />
    <property name="java.class.path" value="/home/travis/build/icyphy/ptII:/home/travis/build/icyphy/ptII/lib/bsh-2.0b4.jar:/home/travis/build/icyphy/ptII/lib/ptCal.jar:/home/travis/build/icyphy/ptII/lib/java_cup.jar:/home/travis/build/icyphy/ptII/lib/saxon8.jar:/home/travis/build/icyphy/ptII/lib/saxon8-dom.jar:/home/travis/build/icyphy/ptII/lib/chic.jar:/home/travis/build/icyphy/ptII/lib/ptcolt.jar:/usr/lib/jvm/java-8-oracle/lib/tools.jar:/usr/lib/eclipse/plugins/org.eclipse.jdt.core_3.8.2.dist.jar:/usr/lib/eclipse/plugins/org.eclipse.core.runtime_3.8.0.dist.jar:/usr/lib/eclipse/plugins/org.eclipse.osgi_3.8.1.dist.jar:/usr/lib/eclipse/plugins/org.eclipse.core.resources_3.8.1.dist.jar:/usr/lib/eclipse/plugins/org.eclipse.equinox.common_3.6.100.dist.jar:/usr/lib/eclipse/plugins/org.eclipse.core.jobs_3.5.200.dist.jar:/usr/lib/eclipse/plugins/org.eclipse.core.contenttype_3.4.200.dist.jar:/usr/lib/eclipse/plugins/org.eclipse.equinox.preferences_3.5.0.dist.jar:/usr/lib/eclipse/plugins/org.eclipse.text_3.5.200.dist.jar:/usr/lib/eclipse/plugins/org.eclipse.ui.workbench_3.8.1.dist.jar:/usr/lib/eclipse/plugins/org.eclipse.jface_3.8.0.dist.jar:/usr/lib/eclipse/plugins/org.eclipse.swt_3.8.2.jar:/usr/lib/eclipse/plugins/org.eclipse.jface.text_3.8.1.dist.jar:/usr/lib/eclipse/plugins/org.eclipse.ui.workbench.texteditor_3.8.0.dist.jar:/usr/lib/eclipse/plugins/org.eclipse.ui.editors_3.8.0.dist.jar:/usr/lib/eclipse/plugins/org.eclipse.core.commands_3.6.1.dist.jar:/usr/lib/eclipse/plugins/org.eclipse.equinox.registry_3.5.200.dist.jar:/usr/lib/eclipse/plugins/org.eclipse.ui.console_3.5.100.dist.jar:/usr/lib/eclipse/plugins/org.eclipse.ui.forms_3.5.200.dist.jar:/usr/lib/eclipse/plugins/org.eclipse.ui.ide_3.8.1.dist.jar:/home/travis/build/icyphy/ptII/vendors/oracle/dbxml.jar:/home/travis/build/icyphy/ptII/vendors/oracle/db.jar:/home/travis/build/icyphy/ptII/vendors/misc/itext/iText.jar:/home/travis/build/icyphy/ptII/lib/g4ltl.jar:/home/travis/build/icyphy/ptII/lib/StructuralCoder.jar:/home/travis/build/icyphy/ptII/lib/org-openide-util.jar:/home/travis/build/icyphy/ptII/lib/org-openide-util-lookup.jar:/home/travis/build/icyphy/ptII/lib/org-netbeans-api-visual.jar:/home/travis/build/icyphy/ptII/vendors/jai-1_1_2_01/lib/jai_core.jar:/home/travis/build/icyphy/ptII/vendors/jai-1_1_2_01/lib/jai_codec.jar:/home/travis/build/icyphy/ptII/lib/jcerti.jar:/home/travis/build/icyphy/ptII/lib/smack.jar:/home/travis/build/icyphy/ptII/lib/smackx.jar:/home/travis/build/icyphy/ptII/lib/jetty-all-8.1.5-v20120716.jar:/home/travis/build/icyphy/ptII/lib/javax.servlet-api-3.0.1.jar:/home/travis/build/icyphy/ptII/lib/javax.mail.jar:/home/travis/build/icyphy/ptII/vendors/JMF-2.1.1e/lib/jmf.jar:/home/travis/build/icyphy/ptII/lib/jna-4.0.0-variadic.jar:/home/travis/build/icyphy/ptII/vendors/misc/joystick/Joystick.jar:/home/travis/build/icyphy/ptII/lib/ptjacl.jar:/home/travis/build/icyphy/ptII/lib/jsoup-1.8.2.jar:/home/travis/build/icyphy/ptII/lib/junit-4.8.2.jar:/home/travis/build/icyphy/ptII/lib/JUnitParams-0.4.0.jar:/home/travis/build/icyphy/ptII/ptolemy/actor/lib/excel/jxl.jar:/home/travis/build/icyphy/ptII/lib/jython.jar:/home/travis/build/icyphy/ptII/lib/kieler.jar:/home/travis/build/icyphy/ptII/vendors/opencv/share/OpenCV/java/opencv-341.jar:/home/travis/build/icyphy/ptII/lib/oscP5.jar:/home/travis/build/icyphy/ptII/lib/nrjavaserial-3.11.0.devel.jar:/home/travis/build/icyphy/ptII/vendors/j3d/lib/j3dcore.jar:/home/travis/build/icyphy/ptII/vendors/j3d/lib/j3dutils.jar:/home/travis/build/icyphy/ptII/vendors/j3d/lib/vecmath.jar:/home/travis/build/icyphy/ptII/ptolemy/distributed/jini/jar/jini-core.jar:/home/travis/build/icyphy/ptII/ptolemy/distributed/jini/jar/jini-ext.jar:/home/travis/build/icyphy/ptII/ptolemy/distributed/jini/jar/sun-util.jar:/home/travis/build/icyphy/ptII/lib/protobuf-java-2.4.1.jar:/home/travis/build/icyphy/ptII/lib/org.eclipse.paho.client.mqttv3.jar:/home/travis/build/icyphy/ptII/ptserver/lib/hessian-4.0.7.jar:/home/travis/build/icyphy/ptII/ptserver/lib/wmqtt.jar:/home/travis/build/icyphy/ptII/lib/mapss.jar:/home/travis/build/icyphy/ptII/ptolemy/actor/ptalon/antlr/antlr.jar:/home/travis/build/icyphy/ptII/lib/JRI.jar:/home/travis/build/icyphy/ptII/lib/commons-lang-2.6.jar:/home/travis/build/icyphy/ptII/lib/commons-logging-1.1.1.jar:/home/travis/build/icyphy/ptII/lib/sootclasses.jar:/home/travis/build/icyphy/ptII/ptolemy/actor/lib/database/mysql-connector-java-5.1.6-bin.jar:/home/travis/build/icyphy/ptII/vendors/misc/sphinx4/sphinx4-data-5prealpha.jar:/home/travis/build/icyphy/ptII/vendors/misc/sphinx4/sphinx4-core-5prealpha.jar:/home/travis/build/icyphy/ptII/lib/PDFRenderer.jar:/home/travis/build/icyphy/ptII/lib/svgSalamander.jar:/home/travis/build/icyphy/ptII/lib/rsyntaxtextarea-2.6.0-SNAPSHOT.jar:/home/travis/build/icyphy/ptII/lib/hazelcast-3.8.2.jar:/home/travis/build/icyphy/ptII/lib/jackson-annotations-2.9.0.jar:/home/travis/build/icyphy/ptII/lib/jackson-core-2.9.3.jar:/home/travis/build/icyphy/ptII/lib/jackson-databind-2.9.3.jar:/home/travis/build/icyphy/ptII/lib/netty-buffer-4.1.19.Final.jar:/home/travis/build/icyphy/ptII/lib/netty-codec-4.1.19.Final.jar:/home/travis/build/icyphy/ptII/lib/netty-codec-dns-4.1.19.Final.jar:/home/travis/build/icyphy/ptII/lib/netty-codec-http-4.1.19.Final.jar:/home/travis/build/icyphy/ptII/lib/netty-codec-http2-4.1.19.Final.jar:/home/travis/build/icyphy/ptII/lib/netty-common-4.1.19.Final.jar:/home/travis/build/icyphy/ptII/lib/netty-handler-4.1.19.Final.jar:/home/travis/build/icyphy/ptII/lib/netty-resolver-4.1.19.Final.jar:/home/travis/build/icyphy/ptII/lib/netty-resolver-dns-4.1.19.Final.jar:/home/travis/build/icyphy/ptII/lib/netty-transport-4.1.19.Final.jar:/home/travis/build/icyphy/ptII/lib/vertx-codegen-3.5.1.jar:/home/travis/build/icyphy/ptII/lib/vertx-core-3.5.2-SNAPSHOT.jar:/home/travis/build/icyphy/ptII/lib/vertx-hazelcast-3.5.1.jar:/home/travis/build/icyphy/ptII/lib/vertx-lang-js-3.5.1.jar:/home/travis/build/icyphy/ptII/lib/vertx-service-proxy-3.5.1.jar:/home/travis/build/icyphy/ptII/lib/vertx-web-3.5.1.jar:/home/travis/build/icyphy/ptII/lib/slf4j-api-1.7.13.jar:/home/travis/build/icyphy/ptII/lib/slf4j-simple-1.7.13.jar:/home/travis/build/icyphy/ptII/lib/webcam-capture-0.3.12.jar:/home/travis/build/icyphy/ptII/lib/bridj-0.7.0.jar:/home/travis/build/icyphy/ptII/lib/xbjlib-1.1.0.nrjavaserial.jar:/home/travis/build/icyphy/ptII/ptolemy/moml/test:/home/travis/build/icyphy/ptII/ant/lib/ant-launcher.jar:/home/travis/build/icyphy/ptII/ant/lib/ant.jar:/home/travis/build/icyphy/ptII/ant/lib/ant-junit.jar:/home/travis/build/icyphy/ptII/ant/lib/ant-junit4.jar" />
    <property name="ant.library.dir" value="/home/travis/build/icyphy/ptII/ant/lib" />
    <property name="os.arch" value="amd64" />
    <property name="env.TRAVIS_LANGUAGE" value="node_js" />
    <property name="env.CONTINUOUS_INTEGRATION" value="true" />
    <property name="env.TRAVIS_STACK_LANGUAGES" value="__garnet__ c c++ clojure cplusplus cpp default go groovy java node_js php pure_java python ruby scala" />
    <property name="test.name" value="ptolemy.actor.lib.test.junit.JUnitTclTest" />
    <property name="sun.java.launcher" value="SUN_STANDARD" />
    <property name="env.PYTHON_CONFIGURE_OPTS" value="--enable-unicode=ucs4 --with-wide-unicode --enable-shared --enable-ipv6 --enable-loadable-sqlite-extensions --with-computed-gotos" />
    <property name="ant.core.lib" value="/home/travis/build/icyphy/ptII/ant/lib/ant.jar" />
    <property name="java.vm.specification.vendor" value="Oracle Corporation" />
    <property name="env.BCVTB_HOME" value="/home/travis/build/icyphy/ptII/lbnl" />
    <property name="file.separator" value="/" />
    <property name="java.runtime.version" value="1.8.0_151-b12" />
    <property name="spotbugs.home" value="/home/travis/build/icyphy/ptII/vendors/spotbugs-3.1.1" />
    <property name="sun.boot.class.path" value="/usr/lib/jvm/java-8-oracle/jre/lib/resources.jar:/usr/lib/jvm/java-8-oracle/jre/lib/rt.jar:/usr/lib/jvm/java-8-oracle/jre/lib/sunrsasign.jar:/usr/lib/jvm/java-8-oracle/jre/lib/jsse.jar:/usr/lib/jvm/java-8-oracle/jre/lib/jce.jar:/usr/lib/jvm/java-8-oracle/jre/lib/charsets.jar:/usr/lib/jvm/java-8-oracle/jre/lib/jfr.jar:/usr/lib/jvm/java-8-oracle/jre/classes" />
    <property name="env.HAS_JOSH_K_SEAL_OF_APPROVAL" value="true" />
    <property name="env.XDG_RUNTIME_DIR" value="/run/user/2000" />
    <property name="env.TRAVIS_OSX_IMAGE" value="" />
    <property name="env.TRAVIS_BRANCH" value="master" />
    <property name="env.TRAVIS_JOB_ID" value="398709347" />
    <property name="user.country" value="US" />
    <property name="env.CERTI_HOME_TRAVIS" value="/home/travis/pthla/certi-tools" />
    <property name="env.SHELL" value="/bin/bash" />
    <property name="java.maxmemory.large" value="5000m" />
    <property name="model" value="" />
    <property name="env.CASHER_DIR" value="/home/travis/.casher" />
    <property name="env.NVM_CD_FLAGS" value="" />
    <property name="jshint.executable" value="/home/travis/node_modules/jshint/bin/jshint" />
    <property name="java.vendor" value="Oracle Corporation" />
    <property name="env.JRUBY_OPTS" value=" --client -J-XX:+TieredCompilation -J-XX:TieredStopAtLevel=1 -J-Xss2m -Xcompile.invokedynamic=false" />
    <property name="env.TRAVIS_PRE_CHEF_BOOTSTRAP_TIME" value="2017-12-05T19:32:55" />
    <property name="env.ELIXIR_VERSION" value="1.4.5" />
    <property name="env.TRAVIS_STACK_JOB_BOARD_REGISTER" value="/.job-board-register.yml" />
    <property name="java.specification.version" value="1.8" />
    <property name="env.TRAVIS" value="true" />
    <property name="env.IRBRC" value="/home/travis/.rvm/rubies/ruby-2.4.1/.irbrc" />
    <property name="sun.arch.data.model" value="64" />
  </properties>
  <testcase classname="ptolemy.util.test.junit.TclTests" name="[0] /home/travis/build/icyphy/ptII/ptolemy/domains/de/test/DependencyLoop.tcl (RunTclFile)" time="0.729" />
  <testcase classname="ptolemy.util.test.junit.TclTests" name="[1] /home/travis/build/icyphy/ptII/ptolemy/domains/de/test/RunDETestsAsQSS.tcl (RunTclFile)" time="89.345" />
  <testcase classname="ptolemy.util.test.junit.AutoKnownFailedTests" name="[0] /home/travis/build/icyphy/ptII/ptolemy/domains/de/test/auto/knownFailedTests/DESDFClockTest.xml (RunModel)" time="2.023" />
  <testcase classname="ptolemy.util.test.junit.AutoKnownFailedTests" name="[1] /home/travis/build/icyphy/ptII/ptolemy/domains/de/test/auto/knownFailedTests/DirectFeedback.xml (RunModel)" time="0.014" />
  <testcase classname="ptolemy.util.test.junit.AutoKnownFailedTests" name="[2] /home/travis/build/icyphy/ptII/ptolemy/domains/de/test/auto/knownFailedTests/FSMSource.xml (RunModel)" time="0.021" />
  <testcase classname="ptolemy.util.test.junit.AutoKnownFailedTests" name="[3] /home/travis/build/icyphy/ptII/ptolemy/domains/de/test/auto/knownFailedTests/HierarchicalModel.xml (RunModel)" time="0.029" />
  <testcase classname="ptolemy.util.test.junit.AutoKnownFailedTests" name="[4] /home/travis/build/icyphy/ptII/ptolemy/domains/de/test/auto/knownFailedTests/dependencyLoop.xml (RunModel)" time="0.023" />
  <testcase classname="ptolemy.util.test.junit.AutoKnownFailedTests" name="[5] /home/travis/build/icyphy/ptII/ptolemy/domains/de/test/auto/knownFailedTests/dependencyLoop2.xml (RunModel)" time="0.023" />
  <testcase classname="ptolemy.util.test.junit.AutoNameArchTests" name="[0] ThereAreNoAutoArchTests (RunModel)" time="0.0" />
  <testcase classname="ptolemy.util.test.junit.AutoTests" name="[0] /home/travis/build/icyphy/ptII/ptolemy/domains/de/test/auto/ActorDepthCalculation_actorWithoutPorts.xml (RunModel)" time="0.012" />
  <testcase classname="ptolemy.util.test.junit.AutoTests" name="[1] /home/travis/build/icyphy/ptII/ptolemy/domains/de/test/auto/AssemblyLine.xml (RunModel)" time="0.019" />
  <testcase classname="ptolemy.util.test.junit.AutoTests" name="[2] /home/travis/build/icyphy/ptII/ptolemy/domains/de/test/auto/CQBug1.xml (RunModel)" time="0.005" />
  <testcase classname="ptolemy.util.test.junit.AutoTests" name="[3] /home/travis/build/icyphy/ptII/ptolemy/domains/de/test/auto/CancelFireAt.xml (RunModel)" time="0.005" />
  <testcase classname="ptolemy.util.test.junit.AutoTests" name="[4] /home/travis/build/icyphy/ptII/ptolemy/domains/de/test/auto/CausalityAndComposabilityAnalysis.xml (RunModel)" time="0.008" />
  <testcase classname="ptolemy.util.test.junit.AutoTests" name="[5] /home/travis/build/icyphy/ptII/ptolemy/domains/de/test/auto/CausalityInterface1.xml (RunModel)" time="0.009" />
  <testcase classname="ptolemy.util.test.junit.AutoTests" name="[6] /home/travis/build/icyphy/ptII/ptolemy/domains/de/test/auto/CausalityInterface15.xml (RunModel)" time="0.022" />
  <testcase classname="ptolemy.util.test.junit.AutoTests" name="[7] /home/travis/build/icyphy/ptII/ptolemy/domains/de/test/auto/CausalityInterface2.xml (RunModel)" time="0.009" />
  <testcase classname="ptolemy.util.test.junit.AutoTests" name="[8] /home/travis/build/icyphy/ptII/ptolemy/domains/de/test/auto/CausalityInterface3.xml (RunModel)" time="0.008" />
  <testcase classname="ptolemy.util.test.junit.AutoTests" name="[9] /home/travis/build/icyphy/ptII/ptolemy/domains/de/test/auto/ClockDrift.xml (RunModel)" time="0.035" />
  <testcase classname="ptolemy.util.test.junit.AutoTests" name="[10] /home/travis/build/icyphy/ptII/ptolemy/domains/de/test/auto/ClockDriftAndValueChange.xml (RunModel)" time="0.024" />
  <testcase classname="ptolemy.util.test.junit.AutoTests" name="[11] /home/travis/build/icyphy/ptII/ptolemy/domains/de/test/auto/ClockDriftChange.xml (RunModel)" time="0.027" />
  <testcase classname="ptolemy.util.test.junit.AutoTests" name="[12] /home/travis/build/icyphy/ptII/ptolemy/domains/de/test/auto/ComposableCausalityAnalysis.xml (RunModel)" time="0.013" />
  <testcase classname="ptolemy.util.test.junit.AutoTests" name="[13] /home/travis/build/icyphy/ptII/ptolemy/domains/de/test/auto/DEFixedPointLimitation.xml (RunModel)" time="0.007" />
  <testcase classname="ptolemy.util.test.junit.AutoTests" name="[14] /home/travis/build/icyphy/ptII/ptolemy/domains/de/test/auto/DEScheduleTest.xml (RunModel)" time="0.035" />
  <testcase classname="ptolemy.util.test.junit.AutoTests" name="[15] /home/travis/build/icyphy/ptII/ptolemy/domains/de/test/auto/DEinDEwithStartTimes.xml (RunModel)" time="0.016" />
  <testcase classname="ptolemy.util.test.junit.AutoTests" name="[16] /home/travis/build/icyphy/ptII/ptolemy/domains/de/test/auto/DEinDEwithStartTimes2.xml (RunModel)" time="0.014" />
  <testcase classname="ptolemy.util.test.junit.AutoTests" name="[17] /home/travis/build/icyphy/ptII/ptolemy/domains/de/test/auto/DateDemo.xml (RunModel)" time="0.027" />
  <testcase classname="ptolemy.util.test.junit.AutoTests" name="[18] /home/travis/build/icyphy/ptII/ptolemy/domains/de/test/auto/DateToEvent.xml (RunModel)" time="2.035" />
  <testcase classname="ptolemy.util.test.junit.AutoTests" name="[19] /home/travis/build/icyphy/ptII/ptolemy/domains/de/test/auto/DepthTest1.xml (RunModel)" time="0.024" />
  <testcase classname="ptolemy.util.test.junit.AutoTests" name="[20] /home/travis/build/icyphy/ptII/ptolemy/domains/de/test/auto/DepthTest2.xml (RunModel)" time="0.018" />
  <testcase classname="ptolemy.util.test.junit.AutoTests" name="[21] /home/travis/build/icyphy/ptII/ptolemy/domains/de/test/auto/DepthTest3.xml (RunModel)" time="0.007" />
  <testcase classname="ptolemy.util.test.junit.AutoTests" name="[22] /home/travis/build/icyphy/ptII/ptolemy/domains/de/test/auto/DepthTest4.xml (RunModel)" time="0.012" />
  <testcase classname="ptolemy.util.test.junit.AutoTests" name="[23] /home/travis/build/icyphy/ptII/ptolemy/domains/de/test/auto/DepthTest5.xml (RunModel)" time="0.014" />
  <testcase classname="ptolemy.util.test.junit.AutoTests" name="[24] /home/travis/build/icyphy/ptII/ptolemy/domains/de/test/auto/DepthTest6.xml (RunModel)" time="0.012" />
  <testcase classname="ptolemy.util.test.junit.AutoTests" name="[25] /home/travis/build/icyphy/ptII/ptolemy/domains/de/test/auto/DepthTest7.xml (RunModel)" time="0.011" />
  <testcase classname="ptolemy.util.test.junit.AutoTests" name="[26] /home/travis/build/icyphy/ptII/ptolemy/domains/de/test/auto/EventToDate.xml (RunModel)" time="3.037" />
  <testcase classname="ptolemy.util.test.junit.AutoTests" name="[27] /home/travis/build/icyphy/ptII/ptolemy/domains/de/test/auto/FSM1.xml (RunModel)" time="0.033" />
  <testcase classname="ptolemy.util.test.junit.AutoTests" name="[28] /home/travis/build/icyphy/ptII/ptolemy/domains/de/test/auto/FSM7.xml (RunModel)" time="0.036" />
  <testcase classname="ptolemy.util.test.junit.AutoTests" name="[29] /home/travis/build/icyphy/ptII/ptolemy/domains/de/test/auto/Inspection.xml (RunModel)" time="0.039" />
  <testcase classname="ptolemy.util.test.junit.AutoTests" name="[30] /home/travis/build/icyphy/ptII/ptolemy/domains/de/test/auto/Iteration.xml (RunModel)" time="0.018" />
  <testcase classname="ptolemy.util.test.junit.AutoTests" name="[31] /home/travis/build/icyphy/ptII/ptolemy/domains/de/test/auto/LineFault.xml (RunModel)" time="0.537" />
  <testcase classname="ptolemy.util.test.junit.AutoTests" name="[32] /home/travis/build/icyphy/ptII/ptolemy/domains/de/test/auto/MergeModel1Add.xml (RunModel)" time="0.037" />
  <testcase classname="ptolemy.util.test.junit.AutoTests" name="[33] /home/travis/build/icyphy/ptII/ptolemy/domains/de/test/auto/MergeModel2Add.xml (RunModel)" time="0.039" />
  <testcase classname="ptolemy.util.test.junit.AutoTests" name="[34] /home/travis/build/icyphy/ptII/ptolemy/domains/de/test/auto/MergeModel3Add.xml (RunModel)" time="0.043" />
  <testcase classname="ptolemy.util.test.junit.AutoTests" name="[35] /home/travis/build/icyphy/ptII/ptolemy/domains/de/test/auto/MergeWithoutDiscard.xml (RunModel)" time="0.011" />
  <testcase classname="ptolemy.util.test.junit.AutoTests" name="[36] /home/travis/build/icyphy/ptII/ptolemy/domains/de/test/auto/Modal1.xml (RunModel)" time="0.025" />
  <testcase classname="ptolemy.util.test.junit.AutoTests" name="[37] /home/travis/build/icyphy/ptII/ptolemy/domains/de/test/auto/Modal2.xml (RunModel)" time="0.03" />
  <testcase classname="ptolemy.util.test.junit.AutoTests" name="[38] /home/travis/build/icyphy/ptII/ptolemy/domains/de/test/auto/Modal3.xml (RunModel)" time="0.027" />
  <testcase classname="ptolemy.util.test.junit.AutoTests" name="[39] /home/travis/build/icyphy/ptII/ptolemy/domains/de/test/auto/Modal4.xml (RunModel)" time="0.032" />
  <testcase classname="ptolemy.util.test.junit.AutoTests" name="[40] /home/travis/build/icyphy/ptII/ptolemy/domains/de/test/auto/Modal5.xml (RunModel)" time="0.025" />
  <testcase classname="ptolemy.util.test.junit.AutoTests" name="[41] /home/travis/build/icyphy/ptII/ptolemy/domains/de/test/auto/Modal6.xml (RunModel)" time="0.026" />
  <testcase classname="ptolemy.util.test.junit.AutoTests" name="[42] /home/travis/build/icyphy/ptII/ptolemy/domains/de/test/auto/Modal7.xml (RunModel)" time="0.026" />
  <testcase classname="ptolemy.util.test.junit.AutoTests" name="[43] /home/travis/build/icyphy/ptII/ptolemy/domains/de/test/auto/ModalModel.xml (RunModel)" time="0.166" />
  <testcase classname="ptolemy.util.test.junit.AutoTests" name="[44] /home/travis/build/icyphy/ptII/ptolemy/domains/de/test/auto/ModalSource.xml (RunModel)" time="0.02" />
  <testcase classname="ptolemy.util.test.junit.AutoTests" name="[45] /home/travis/build/icyphy/ptII/ptolemy/domains/de/test/auto/NonInterruptibleTimerZeroDelay.xml (RunModel)" time="0.012" />
  <testcase classname="ptolemy.util.test.junit.AutoTests" name="[46] /home/travis/build/icyphy/ptII/ptolemy/domains/de/test/auto/OpenQueueingNetwork.xml (RunModel)" time="2.141" />
  <testcase classname="ptolemy.util.test.junit.AutoTests" name="[47] /home/travis/build/icyphy/ptII/ptolemy/domains/de/test/auto/OpenQueuingNetwork.xml (RunModel)" time="0.269" />
  <testcase classname="ptolemy.util.test.junit.AutoTests" name="[48] /home/travis/build/icyphy/ptII/ptolemy/domains/de/test/auto/PeriodicSampler.xml (RunModel)" time="0.009" />
  <testcase classname="ptolemy.util.test.junit.AutoTests" name="[49] /home/travis/build/icyphy/ptII/ptolemy/domains/de/test/auto/PersistentIO.xml (RunModel)" time="0.024" />
  <testcase classname="ptolemy.util.test.junit.AutoTests" name="[50] /home/travis/build/icyphy/ptII/ptolemy/domains/de/test/auto/PortParameterResetOnInitialize.xml (RunModel)" time="0.011" />
  <testcase classname="ptolemy.util.test.junit.AutoTests" name="[51] /home/travis/build/icyphy/ptII/ptolemy/domains/de/test/auto/PortParameterUpdates.xml (RunModel)" time="0.014" />
  <testcase classname="ptolemy.util.test.junit.AutoTests" name="[52] /home/travis/build/icyphy/ptII/ptolemy/domains/de/test/auto/QueueAndServer.xml (RunModel)" time="0.02" />
  <testcase classname="ptolemy.util.test.junit.AutoTests" name="[53] /home/travis/build/icyphy/ptII/ptolemy/domains/de/test/auto/Records.xml (RunModel)" time="0.02" />
  <testcase classname="ptolemy.util.test.junit.AutoTests" name="[54] /home/travis/build/icyphy/ptII/ptolemy/domains/de/test/auto/ResetTransitionWithStartTime1.xml (RunModel)" time="0.017" />
  <testcase classname="ptolemy.util.test.junit.AutoTests" name="[55] /home/travis/build/icyphy/ptII/ptolemy/domains/de/test/auto/ResetTransitionWithStartTime2.xml (RunModel)" time="0.023" />
  <testcase classname="ptolemy.util.test.junit.AutoTests" name="[56] /home/travis/build/icyphy/ptII/ptolemy/domains/de/test/auto/ResetTransitionWithStartTime3.xml (RunModel)" time="0.023" />
  <testcase classname="ptolemy.util.test.junit.AutoTests" name="[57] /home/travis/build/icyphy/ptII/ptolemy/domains/de/test/auto/ResetTransitionWithStartTime4.xml (RunModel)" time="0.017" />
  <testcase classname="ptolemy.util.test.junit.AutoTests" name="[58] /home/travis/build/icyphy/ptII/ptolemy/domains/de/test/auto/ResettableTimer1.xml (RunModel)" time="0.011" />
  <testcase classname="ptolemy.util.test.junit.AutoTests" name="[59] /home/travis/build/icyphy/ptII/ptolemy/domains/de/test/auto/ResettableTimer2.xml (RunModel)" time="0.011" />
  <testcase classname="ptolemy.util.test.junit.AutoTests" name="[60] /home/travis/build/icyphy/ptII/ptolemy/domains/de/test/auto/ResettableTimer3.xml (RunModel)" time="0.009" />
  <testcase classname="ptolemy.util.test.junit.AutoTests" name="[61] /home/travis/build/icyphy/ptII/ptolemy/domains/de/test/auto/ResettableTimer4.xml (RunModel)" time="0.009" />
  <testcase classname="ptolemy.util.test.junit.AutoTests" name="[62] /home/travis/build/icyphy/ptII/ptolemy/domains/de/test/auto/ResettableTimer5.xml (RunModel)" time="0.013" />
  <testcase classname="ptolemy.util.test.junit.AutoTests" name="[63] /home/travis/build/icyphy/ptII/ptolemy/domains/de/test/auto/ResettableTimer6.xml (RunModel)" time="0.017" />
  <testcase classname="ptolemy.util.test.junit.AutoTests" name="[64] /home/travis/build/icyphy/ptII/ptolemy/domains/de/test/auto/ServerZeroDelay.xml (RunModel)" time="0.011" />
  <testcase classname="ptolemy.util.test.junit.AutoTests" name="[65] /home/travis/build/icyphy/ptII/ptolemy/domains/de/test/auto/SmartSender.xml (RunModel)" time="3.009" />
  <testcase classname="ptolemy.util.test.junit.AutoTests" name="[66] /home/travis/build/icyphy/ptII/ptolemy/domains/de/test/auto/ThreadedComposite.xml (RunModel)" time="0.16" />
  <testcase classname="ptolemy.util.test.junit.AutoTests" name="[67] /home/travis/build/icyphy/ptII/ptolemy/domains/de/test/auto/Time.xml (RunModel)" time="0.403" />
  <testcase classname="ptolemy.util.test.junit.AutoTests" name="[68] /home/travis/build/icyphy/ptII/ptolemy/domains/de/test/auto/TimeDelayZeroDelay.xml (RunModel)" time="0.01" />
  <testcase classname="ptolemy.util.test.junit.AutoTests" name="[69] /home/travis/build/icyphy/ptII/ptolemy/domains/de/test/auto/TimerZeroDelay.xml (RunModel)" time="0.01" />
  <testcase classname="ptolemy.util.test.junit.AutoTests" name="[70] /home/travis/build/icyphy/ptII/ptolemy/domains/de/test/auto/TimingParadox.xml (RunModel)" time="0.329" />
  <testcase classname="ptolemy.util.test.junit.AutoTests" name="[71] /home/travis/build/icyphy/ptII/ptolemy/domains/de/test/auto/TransferInputs.xml (RunModel)" time="0.015" />
  <testcase classname="ptolemy.util.test.junit.AutoTests" name="[72] /home/travis/build/icyphy/ptII/ptolemy/domains/de/test/auto/TransferOutputs2.xml (RunModel)" time="0.015" />
  <testcase classname="ptolemy.util.test.junit.AutoTests" name="[73] /home/travis/build/icyphy/ptII/ptolemy/domains/de/test/auto/Trilateration.xml (RunModel)" time="11.688" />
  <testcase classname="ptolemy.util.test.junit.AutoTests" name="[74] /home/travis/build/icyphy/ptII/ptolemy/domains/de/test/auto/TwoSigmaDelta.xml (RunModel)" time="2.192" />
  <testcase classname="ptolemy.util.test.junit.AutoTests" name="[75] /home/travis/build/icyphy/ptII/ptolemy/domains/de/test/auto/VariableDelay.xml (RunModel)" time="0.016" />
  <testcase classname="ptolemy.util.test.junit.AutoTests" name="[76] /home/travis/build/icyphy/ptII/ptolemy/domains/de/test/auto/VariableDelay2.xml (RunModel)" time="0.009" />
  <testcase classname="ptolemy.util.test.junit.AutoTests" name="[77] /home/travis/build/icyphy/ptII/ptolemy/domains/de/test/auto/VariableDelayZeroDelay.xml (RunModel)" time="0.014" />
  <testcase classname="ptolemy.util.test.junit.AutoTests" name="[78] /home/travis/build/icyphy/ptII/ptolemy/domains/de/test/auto/VariableDelayZeroDelay2.xml (RunModel)" time="0.012" />
  <testcase classname="ptolemy.util.test.junit.AutoTests" name="[79] /home/travis/build/icyphy/ptII/ptolemy/domains/de/test/auto/deInCt.xml (RunModel)" time="0.015" />
  <testcase classname="ptolemy.util.test.junit.AutoTests" name="[80] /home/travis/build/icyphy/ptII/ptolemy/domains/de/test/auto/deInCt2.xml (RunModel)" time="0.021" />
  <testcase classname="ptolemy.util.test.junit.AutoTests" name="[81] /home/travis/build/icyphy/ptII/ptolemy/domains/de/test/auto/dynamicCausalityInterface1.xml (RunModel)" time="0.018" />
  <testcase classname="ptolemy.util.test.junit.AutoTests" name="[82] /home/travis/build/icyphy/ptII/ptolemy/domains/de/test/auto/fsm_de_test.xml (RunModel)" time="0.026" />
  <testcase classname="ptolemy.util.test.junit.AutoTests" name="[83] /home/travis/build/icyphy/ptII/ptolemy/domains/de/test/auto/functionDependencyReconstruction.xml (RunModel)" time="0.031" />
  <testcase classname="ptolemy.util.test.junit.AutoTests" name="[84] /home/travis/build/icyphy/ptII/ptolemy/domains/de/test/auto/multirate.xml (RunModel)" time="0.015" />
  <testcase classname="ptolemy.util.test.junit.AutoTests" name="[85] /home/travis/build/icyphy/ptII/ptolemy/domains/de/test/auto/multirate2.xml (RunModel)" time="0.015" />
  <testcase classname="ptolemy.util.test.junit.AutoTests" name="[86] /home/travis/build/icyphy/ptII/ptolemy/domains/de/test/auto/realtime.xml (RunModel)" time="10.012" />
  <testcase classname="ptolemy.util.test.junit.AutoTests" name="[87] /home/travis/build/icyphy/ptII/ptolemy/domains/de/test/auto/relationGroup.xml (RunModel)" time="0.008" />
  <testcase classname="ptolemy.util.test.junit.AutoTests" name="[88] /home/travis/build/icyphy/ptII/ptolemy/domains/de/test/auto/relationGroup2.xml (RunModel)" time="0.007" />
  <testcase classname="ptolemy.util.test.junit.AutoTests" name="[89] /home/travis/build/icyphy/ptII/ptolemy/domains/de/test/auto/sortWithOpaquePorts.xml (RunModel)" time="0.008" />
  <testcase classname="ptolemy.util.test.junit.AutoTests" name="[90] /home/travis/build/icyphy/ptII/ptolemy/domains/de/test/auto/transferInputsandOutputs.xml (RunModel)" time="0.016" />
  <testcase classname="ptolemy.util.test.junit.AutoTests" name="[91] /home/travis/build/icyphy/ptII/ptolemy/domains/de/test/auto/triggerType.xml (RunModel)" time="0.009" />
  <system-out><![CDATA[/home/travis/build/icyphy/ptII/ptolemy/domains/de/test/DependencyLoop.tcl
testDefs.tcl: setting time out to 9000 seconds at Sun Jul 01 01:34:55 UTC 2018
14 ms. Memory: 116224K Free: 93842K (81%)
5 ms. Memory: 146944K Free: 135513K (92%)
/home/travis/build/icyphy/ptII/ptolemy/domains/de/test/RunDETestsAsQSS.tcl
Run the DE tests using ptolemy.domains.qss.test.QSSDirectorTest, which extends QSSDirector and prints a message in the constructors.
------------------ testing $PTII/ptolemy/domains/de/test/auto/knownFailedTests/dependencyLoop.xml (Known Failure) 
11 ms. Memory: 146944K Free: 132401K (90%)


==== $PTIIhome/travis/build/icyphy/ptII/ptolemy/domains/de/test/../../../../: Auto Automatic test in file $PTII/ptolemy/domains/de/test/auto/knownFailedTests/dependencyLoop.xml
==== Contents of test case:

	    # FIXME: we should use $relativeFilename here, but it
	    # might have backslashes under Windows, which causes no end
	    # of trouble.
	    createAndExecute $file
	    list {}
	
.... Test generated KNOWN error:
    while executing
ptolemy.kernel.util.IllegalActionException: Found a zero delay loop containing .dependencyLoop.original
  in .dependencyLoop and .dependencyLoop.original
	at ptolemy.actor.util.CausalityInterfaceForComposites._computeOutputPortDepth(CausalityInterfaceForComposites.java:759)
	at ptolemy.actor.util.CausalityInterfaceForComposites._computeInputDepth(CausalityInterfaceForComposites.java:696)
	at ptolemy.actor.util.CausalityInterfaceForComposites._computeOutputPortDepth(CausalityInterfaceForComposites.java:765)
	at ptolemy.actor.util.CausalityInterfaceForComposites._computeInputDepth(CausalityInterfaceForComposites.java:696)
	at ptolemy.actor.util.CausalityInterfaceForComposites._computeOutputPortDepth(CausalityInterfaceForComposites.java:765)
	at ptolemy.actor.util.CausalityInterfaceForComposites._computeInputDepth(CausalityInterfaceForComposites.java:696)
	at ptolemy.actor.util.CausalityInterfaceForComposites._computeActorDepth(CausalityInterfaceForComposites.java:532)
	at ptolemy.actor.util.CausalityInterfaceForComposites.checkForCycles(CausalityInterfaceForComposites.java:96)
	at ptolemy.domains.de.kernel.DEDirector.preinitialize(DEDirector.java:1338)
	at ptolemy.actor.CompositeActor.preinitialize(CompositeActor.java:1828)
	at ptolemy.actor.Manager.preinitializeAndResolveTypes(Manager.java:1040)
	at ptolemy.actor.Manager.initialize(Manager.java:710)
	at ptolemy.actor.Manager.execute(Manager.java:356)
	at ptolemy.actor.Manager.run(Manager.java:1263)
	at ptolemy.actor.Manager$PtolemyRunThread.run(Manager.java:1915)

    while executing
ptolemy.kernel.util.IllegalActionException: Found a zero delay loop containing .dependencyLoop.original
  in .dependencyLoop and .dependencyLoop.original
    while executing
"java::new ptolemy.moml.MoMLSimpleApplication $file
"
    (procedure "createAndExecute" line 2)
    invoked from within
"createAndExecute $file"
    ("uplevel" body line 5)
    invoked from within
"uplevel $contents_of_test"
------------------ testing $PTII/ptolemy/domains/de/test/auto/knownFailedTests/DESDFClockTest.xml (Known Failure) 
2084 ms. Memory: 146944K Free: 116533K (79%)


==== $PTIIhome/travis/build/icyphy/ptII/ptolemy/domains/de/test/../../../../: Auto Automatic test in file $PTII/ptolemy/domains/de/test/auto/knownFailedTests/DESDFClockTest.xml
==== Contents of test case:

	    # FIXME: we should use $relativeFilename here, but it
	    # might have backslashes under Windows, which causes no end
	    # of trouble.
	    createAndExecute $file
	    list {}
	
.... Test generated KNOWN error:
    while executing
ptolemy.kernel.util.IllegalActionException: Actor is not ready to fire.  Perhaps UpSample.prefire() returned false? Try debugging the actor by selecting "Listen to Actor".  Also, for SDF check moml for tokenConsumptionRate on input.
  in .DESDFClockTest.Play Bell.Copy1:SDF Director and .DESDFClockTest.Play Bell.UpSample
	at ptolemy.actor.sched.StaticSchedulingDirector.fire(StaticSchedulingDirector.java:227)
	at ptolemy.domains.sdf.kernel.SDFDirector.fire(SDFDirector.java:500)
	at ptolemy.actor.CompositeActor.fire(CompositeActor.java:455)
	at ptolemy.domains.de.kernel.DEDirector._fire(DEDirector.java:1949)
	at ptolemy.domains.de.kernel.DEDirector.fire(DEDirector.java:502)
	at ptolemy.actor.CompositeActor.fire(CompositeActor.java:455)
	at ptolemy.actor.Manager.iterate(Manager.java:851)
	at ptolemy.actor.Manager.execute(Manager.java:369)
	at ptolemy.actor.Manager.run(Manager.java:1263)
	at ptolemy.actor.Manager$PtolemyRunThread.run(Manager.java:1915)

    while executing
ptolemy.kernel.util.IllegalActionException: Actor is not ready to fire.  Perhaps UpSample.prefire() returned false? Try debugging the actor by selecting "Listen to Actor".  Also, for SDF check moml for tokenConsumptionRate on input.
  in .DESDFClockTest.Play Bell.Copy1:SDF Director and .DESDFClockTest.Play Bell.UpSample
    while executing
"java::new ptolemy.moml.MoMLSimpleApplication $file
"
    (procedure "createAndExecute" line 2)
    invoked from within
"createAndExecute $file"
    ("uplevel" body line 5)
    invoked from within
"uplevel $contents_of_test"
------------------ testing $PTII/ptolemy/domains/de/test/auto/knownFailedTests/FSMSource.xml (Known Failure) 
21 ms. Memory: 146944K Free: 107485K (73%)
!!!! Auto was marked as failing, but now passes
------------------ testing $PTII/ptolemy/domains/de/test/auto/knownFailedTests/dependencyLoop2.xml (Known Failure) 
7 ms. Memory: 146944K Free: 105602K (72%)


==== $PTIIhome/travis/build/icyphy/ptII/ptolemy/domains/de/test/../../../../: Auto Automatic test in file $PTII/ptolemy/domains/de/test/auto/knownFailedTests/dependencyLoop2.xml
==== Contents of test case:

	    # FIXME: we should use $relativeFilename here, but it
	    # might have backslashes under Windows, which causes no end
	    # of trouble.
	    createAndExecute $file
	    list {}
	
.... Test generated KNOWN error:
    while executing
ptolemy.kernel.util.IllegalActionException: Found a zero delay loop containing .dependencyLoop2.original
  in .dependencyLoop2 and .dependencyLoop2.original
	at ptolemy.actor.util.CausalityInterfaceForComposites._computeOutputPortDepth(CausalityInterfaceForComposites.java:759)
	at ptolemy.actor.util.CausalityInterfaceForComposites._computeInputDepth(CausalityInterfaceForComposites.java:696)
	at ptolemy.actor.util.CausalityInterfaceForComposites._computeOutputPortDepth(CausalityInterfaceForComposites.java:765)
	at ptolemy.actor.util.CausalityInterfaceForComposites._computeInputDepth(CausalityInterfaceForComposites.java:696)
	at ptolemy.actor.util.CausalityInterfaceForComposites._computeOutputPortDepth(CausalityInterfaceForComposites.java:765)
	at ptolemy.actor.util.CausalityInterfaceForComposites._computeInputDepth(CausalityInterfaceForComposites.java:696)
	at ptolemy.actor.util.CausalityInterfaceForComposites._computeActorDepth(CausalityInterfaceForComposites.java:532)
	at ptolemy.actor.util.CausalityInterfaceForComposites.checkForCycles(CausalityInterfaceForComposites.java:96)
	at ptolemy.domains.de.kernel.DEDirector.preinitialize(DEDirector.java:1338)
	at ptolemy.actor.CompositeActor.preinitialize(CompositeActor.java:1828)
	at ptolemy.actor.Manager.preinitializeAndResolveTypes(Manager.java:1040)
	at ptolemy.actor.Manager.initialize(Manager.java:710)
	at ptolemy.actor.Manager.execute(Manager.java:356)
	at ptolemy.actor.Manager.run(Manager.java:1263)
	at ptolemy.actor.Manager$PtolemyRunThread.run(Manager.java:1915)

    while executing
ptolemy.kernel.util.IllegalActionException: Found a zero delay loop containing .dependencyLoop2.original
  in .dependencyLoop2 and .dependencyLoop2.original
    while executing
"java::new ptolemy.moml.MoMLSimpleApplication $file
"
    (procedure "createAndExecute" line 2)
    invoked from within
"createAndExecute $file"
    ("uplevel" body line 5)
    invoked from within
"uplevel $contents_of_test"
------------------ testing $PTII/ptolemy/domains/de/test/auto/knownFailedTests/HierarchicalModel.xml (Known Failure) 
8 ms. Memory: 146944K Free: 85028K (58%)


==== $PTIIhome/travis/build/icyphy/ptII/ptolemy/domains/de/test/../../../../: Auto Automatic test in file $PTII/ptolemy/domains/de/test/auto/knownFailedTests/HierarchicalModel.xml
==== Contents of test case:

	    # FIXME: we should use $relativeFilename here, but it
	    # might have backslashes under Windows, which causes no end
	    # of trouble.
	    createAndExecute $file
	    list {}
	
.... Test generated KNOWN error:
    while executing
ptolemy.kernel.util.IllegalActionException: Found a zero delay loop containing .HierarchicalModel.A
  in .HierarchicalModel and .HierarchicalModel.A
	at ptolemy.actor.util.CausalityInterfaceForComposites._computeOutputPortDepth(CausalityInterfaceForComposites.java:759)
	at ptolemy.actor.util.CausalityInterfaceForComposites._computeInputDepth(CausalityInterfaceForComposites.java:696)
	at ptolemy.actor.util.CausalityInterfaceForComposites._computeOutputPortDepth(CausalityInterfaceForComposites.java:765)
	at ptolemy.actor.util.CausalityInterfaceForComposites._computeInputDepth(CausalityInterfaceForComposites.java:696)
	at ptolemy.actor.util.CausalityInterfaceForComposites._computeOutputPortDepth(CausalityInterfaceForComposites.java:765)
	at ptolemy.actor.util.CausalityInterfaceForComposites._computeInputDepth(CausalityInterfaceForComposites.java:696)
	at ptolemy.actor.util.CausalityInterfaceForComposites._computeActorDepth(CausalityInterfaceForComposites.java:532)
	at ptolemy.actor.util.CausalityInterfaceForComposites.checkForCycles(CausalityInterfaceForComposites.java:96)
	at ptolemy.domains.de.kernel.DEDirector.preinitialize(DEDirector.java:1338)
	at ptolemy.actor.CompositeActor.preinitialize(CompositeActor.java:1828)
	at ptolemy.actor.Manager.preinitializeAndResolveTypes(Manager.java:1040)
	at ptolemy.actor.Manager.initialize(Manager.java:710)
	at ptolemy.actor.Manager.execute(Manager.java:356)
	at ptolemy.actor.Manager.run(Manager.java:1263)
	at ptolemy.actor.Manager$PtolemyRunThread.run(Manager.java:1915)

    while executing
ptolemy.kernel.util.IllegalActionException: Found a zero delay loop containing .HierarchicalModel.A
  in .HierarchicalModel and .HierarchicalModel.A
    while executing
"java::new ptolemy.moml.MoMLSimpleApplication $file
"
    (procedure "createAndExecute" line 2)
    invoked from within
"createAndExecute $file"
    ("uplevel" body line 5)
    invoked from within
"uplevel $contents_of_test"
------------------ testing $PTII/ptolemy/domains/de/test/auto/knownFailedTests/DirectFeedback.xml (Known Failure) 
4 ms. Memory: 146944K Free: 141395K (96%)


==== $PTIIhome/travis/build/icyphy/ptII/ptolemy/domains/de/test/../../../../: Auto Automatic test in file $PTII/ptolemy/domains/de/test/auto/knownFailedTests/DirectFeedback.xml
==== Contents of test case:

	    # FIXME: we should use $relativeFilename here, but it
	    # might have backslashes under Windows, which causes no end
	    # of trouble.
	    createAndExecute $file
	    list {}
	
.... Test generated KNOWN error:
    while executing
ptolemy.kernel.util.IllegalActionException: Test fails in iteration 1.
Value was: 1.0. Should have been: 2.0
  in .DirectFeedback.Test
	at ptolemy.actor.lib.Test.fire(Test.java:268)
	at ptolemy.domains.de.kernel.DEDirector._fire(DEDirector.java:1949)
	at ptolemy.domains.de.kernel.DEDirector.fire(DEDirector.java:502)
	at ptolemy.actor.CompositeActor.fire(CompositeActor.java:455)
	at ptolemy.actor.Manager.iterate(Manager.java:851)
	at ptolemy.actor.Manager.execute(Manager.java:369)
	at ptolemy.actor.Manager.run(Manager.java:1263)
	at ptolemy.actor.Manager$PtolemyRunThread.run(Manager.java:1915)

    while executing
ptolemy.kernel.util.IllegalActionException: Test fails in iteration 1.
Value was: 1.0. Should have been: 2.0
  in .DirectFeedback.Test
    while executing
"java::new ptolemy.moml.MoMLSimpleApplication $file
"
    (procedure "createAndExecute" line 2)
    invoked from within
"createAndExecute $file"
    ("uplevel" body line 5)
    invoked from within
"uplevel $contents_of_test"
------------------ testing $PTII/ptolemy/domains/de/test/auto/ActorDepthCalculation_actorWithoutPorts.xml
auto.tcl: Setting watchdog for 200 seconds at Sun Jul 01 01:34:58 UTC 2018
7 ms. Memory: 146944K Free: 133446K (91%)
ptolemy.util.test.WatchDog.cancel(): canceling Sun Jul 01 01:34:58 UTC 2018
auto.tcl: Setting watchdog for 200 seconds at Sun Jul 01 01:34:58 UTC 2018
4 ms. Memory: 146944K Free: 131353K (89%)
ptolemy.util.test.WatchDog.cancel(): canceling Sun Jul 01 01:34:58 UTC 2018
------------------ testing $PTII/ptolemy/domains/de/test/auto/AssemblyLine.xml
auto.tcl: Setting watchdog for 200 seconds at Sun Jul 01 01:34:59 UTC 2018
20 ms. Memory: 208384K Free: 182815K (88%)
ptolemy.util.test.WatchDog.cancel(): canceling Sun Jul 01 01:34:59 UTC 2018
auto.tcl: Setting watchdog for 200 seconds at Sun Jul 01 01:34:59 UTC 2018
8 ms. Memory: 208384K Free: 182815K (88%)
ptolemy.util.test.WatchDog.cancel(): canceling Sun Jul 01 01:34:59 UTC 2018
------------------ testing $PTII/ptolemy/domains/de/test/auto/CQBug1.xml
auto.tcl: Setting watchdog for 200 seconds at Sun Jul 01 01:34:59 UTC 2018
13 ms. Memory: 208384K Free: 197704K (95%)
ptolemy.util.test.WatchDog.cancel(): canceling Sun Jul 01 01:34:59 UTC 2018
auto.tcl: Setting watchdog for 200 seconds at Sun Jul 01 01:34:59 UTC 2018
2 ms. Memory: 208384K Free: 197704K (95%)
ptolemy.util.test.WatchDog.cancel(): canceling Sun Jul 01 01:34:59 UTC 2018
------------------ testing $PTII/ptolemy/domains/de/test/auto/CancelFireAt.xml
auto.tcl: Setting watchdog for 200 seconds at Sun Jul 01 01:34:59 UTC 2018
4 ms. Memory: 208384K Free: 201432K (97%)
ptolemy.util.test.WatchDog.cancel(): canceling Sun Jul 01 01:34:59 UTC 2018
auto.tcl: Setting watchdog for 200 seconds at Sun Jul 01 01:34:59 UTC 2018
16 ms. Memory: 208384K Free: 199325K (96%)
ptolemy.util.test.WatchDog.cancel(): canceling Sun Jul 01 01:34:59 UTC 2018
------------------ testing $PTII/ptolemy/domains/de/test/auto/CausalityAndComposabilityAnalysis.xml
auto.tcl: Setting watchdog for 200 seconds at Sun Jul 01 01:34:59 UTC 2018
14 ms. Memory: 208384K Free: 196460K (94%)
ptolemy.util.test.WatchDog.cancel(): canceling Sun Jul 01 01:34:59 UTC 2018
auto.tcl: Setting watchdog for 200 seconds at Sun Jul 01 01:34:59 UTC 2018
6 ms. Memory: 208384K Free: 196460K (94%)
ptolemy.util.test.WatchDog.cancel(): canceling Sun Jul 01 01:34:59 UTC 2018
------------------ testing $PTII/ptolemy/domains/de/test/auto/CausalityInterface1.xml
auto.tcl: Setting watchdog for 200 seconds at Sun Jul 01 01:34:59 UTC 2018
10 ms. Memory: 208384K Free: 196414K (94%)
ptolemy.util.test.WatchDog.cancel(): canceling Sun Jul 01 01:34:59 UTC 2018
auto.tcl: Setting watchdog for 200 seconds at Sun Jul 01 01:34:59 UTC 2018
3 ms. Memory: 208384K Free: 196414K (94%)
ptolemy.util.test.WatchDog.cancel(): canceling Sun Jul 01 01:34:59 UTC 2018
------------------ testing $PTII/ptolemy/domains/de/test/auto/CausalityInterface15.xml
auto.tcl: Setting watchdog for 200 seconds at Sun Jul 01 01:34:59 UTC 2018
8 ms. Memory: 208384K Free: 196397K (94%)
ptolemy.util.test.WatchDog.cancel(): canceling Sun Jul 01 01:34:59 UTC 2018
auto.tcl: Setting watchdog for 200 seconds at Sun Jul 01 01:34:59 UTC 2018
4 ms. Memory: 208384K Free: 196397K (94%)
ptolemy.util.test.WatchDog.cancel(): canceling Sun Jul 01 01:35:00 UTC 2018
------------------ testing $PTII/ptolemy/domains/de/test/auto/CausalityInterface2.xml
auto.tcl: Setting watchdog for 200 seconds at Sun Jul 01 01:35:00 UTC 2018
4 ms. Memory: 208384K Free: 196381K (94%)
ptolemy.util.test.WatchDog.cancel(): canceling Sun Jul 01 01:35:00 UTC 2018
auto.tcl: Setting watchdog for 200 seconds at Sun Jul 01 01:35:00 UTC 2018
3 ms. Memory: 208384K Free: 196381K (94%)
ptolemy.util.test.WatchDog.cancel(): canceling Sun Jul 01 01:35:00 UTC 2018
------------------ testing $PTII/ptolemy/domains/de/test/auto/CausalityInterface3.xml
auto.tcl: Setting watchdog for 200 seconds at Sun Jul 01 01:35:00 UTC 2018
11 ms. Memory: 208384K Free: 196394K (94%)
ptolemy.util.test.WatchDog.cancel(): canceling Sun Jul 01 01:35:00 UTC 2018
auto.tcl: Setting watchdog for 200 seconds at Sun Jul 01 01:35:00 UTC 2018
3 ms. Memory: 208384K Free: 196394K (94%)
ptolemy.util.test.WatchDog.cancel(): canceling Sun Jul 01 01:35:00 UTC 2018
------------------ testing $PTII/ptolemy/domains/de/test/auto/ClockDrift.xml
auto.tcl: Setting watchdog for 200 seconds at Sun Jul 01 01:35:00 UTC 2018
89 ms. Memory: 208384K Free: 187563K (90%)
ptolemy.util.test.WatchDog.cancel(): canceling Sun Jul 01 01:35:00 UTC 2018
auto.tcl: Setting watchdog for 200 seconds at Sun Jul 01 01:35:00 UTC 2018
65 ms. Memory: 208384K Free: 185456K (89%)
ptolemy.util.test.WatchDog.cancel(): canceling Sun Jul 01 01:35:00 UTC 2018
------------------ testing $PTII/ptolemy/domains/de/test/auto/ClockDriftAndValueChange.xml
auto.tcl: Setting watchdog for 200 seconds at Sun Jul 01 01:35:00 UTC 2018
51 ms. Memory: 208384K Free: 187412K (90%)
ptolemy.util.test.WatchDog.cancel(): canceling Sun Jul 01 01:35:00 UTC 2018
auto.tcl: Setting watchdog for 200 seconds at Sun Jul 01 01:35:00 UTC 2018
29 ms. Memory: 208384K Free: 185297K (89%)
ptolemy.util.test.WatchDog.cancel(): canceling Sun Jul 01 01:35:00 UTC 2018
------------------ testing $PTII/ptolemy/domains/de/test/auto/ClockDriftChange.xml
auto.tcl: Setting watchdog for 200 seconds at Sun Jul 01 01:35:00 UTC 2018
27 ms. Memory: 208384K Free: 190748K (92%)
ptolemy.util.test.WatchDog.cancel(): canceling Sun Jul 01 01:35:00 UTC 2018
auto.tcl: Setting watchdog for 200 seconds at Sun Jul 01 01:35:00 UTC 2018
24 ms. Memory: 208384K Free: 188640K (91%)
ptolemy.util.test.WatchDog.cancel(): canceling Sun Jul 01 01:35:00 UTC 2018
------------------ testing $PTII/ptolemy/domains/de/test/auto/ComposableCausalityAnalysis.xml
auto.tcl: Setting watchdog for 200 seconds at Sun Jul 01 01:35:00 UTC 2018
2 ms. Memory: 208384K Free: 196584K (94%)
ptolemy.util.test.WatchDog.cancel(): canceling Sun Jul 01 01:35:00 UTC 2018
auto.tcl: Setting watchdog for 200 seconds at Sun Jul 01 01:35:00 UTC 2018
2 ms. Memory: 208384K Free: 194477K (93%)
ptolemy.util.test.WatchDog.cancel(): canceling Sun Jul 01 01:35:00 UTC 2018
------------------ testing $PTII/ptolemy/domains/de/test/auto/DEFixedPointLimitation.xml
auto.tcl: Setting watchdog for 200 seconds at Sun Jul 01 01:35:00 UTC 2018
5 ms. Memory: 208384K Free: 198427K (95%)
ptolemy.util.test.WatchDog.cancel(): canceling Sun Jul 01 01:35:00 UTC 2018
auto.tcl: Setting watchdog for 200 seconds at Sun Jul 01 01:35:00 UTC 2018
1 ms. Memory: 208384K Free: 196320K (94%)
ptolemy.util.test.WatchDog.cancel(): canceling Sun Jul 01 01:35:00 UTC 2018
------------------ testing $PTII/ptolemy/domains/de/test/auto/DEScheduleTest.xml
auto.tcl: Setting watchdog for 200 seconds at Sun Jul 01 01:35:01 UTC 2018
4 ms. Memory: 208384K Free: 198463K (95%)
ptolemy.util.test.WatchDog.cancel(): canceling Sun Jul 01 01:35:01 UTC 2018
auto.tcl: Setting watchdog for 200 seconds at Sun Jul 01 01:35:01 UTC 2018
4 ms. Memory: 208384K Free: 196355K (94%)
ptolemy.util.test.WatchDog.cancel(): canceling Sun Jul 01 01:35:01 UTC 2018
------------------ testing $PTII/ptolemy/domains/de/test/auto/DEinDEwithStartTimes.xml
auto.tcl: Setting watchdog for 200 seconds at Sun Jul 01 01:35:01 UTC 2018
11 ms. Memory: 208384K Free: 196325K (94%)
ptolemy.util.test.WatchDog.cancel(): canceling Sun Jul 01 01:35:01 UTC 2018
auto.tcl: Setting watchdog for 200 seconds at Sun Jul 01 01:35:01 UTC 2018
4 ms. Memory: 208384K Free: 194210K (93%)
ptolemy.util.test.WatchDog.cancel(): canceling Sun Jul 01 01:35:01 UTC 2018
------------------ testing $PTII/ptolemy/domains/de/test/auto/DEinDEwithStartTimes2.xml
auto.tcl: Setting watchdog for 200 seconds at Sun Jul 01 01:35:01 UTC 2018
4 ms. Memory: 208384K Free: 196642K (94%)
ptolemy.util.test.WatchDog.cancel(): canceling Sun Jul 01 01:35:01 UTC 2018
auto.tcl: Setting watchdog for 200 seconds at Sun Jul 01 01:35:01 UTC 2018
6 ms. Memory: 208384K Free: 194197K (93%)
ptolemy.util.test.WatchDog.cancel(): canceling Sun Jul 01 01:35:01 UTC 2018
------------------ testing $PTII/ptolemy/domains/de/test/auto/DateDemo.xml
auto.tcl: Setting watchdog for 200 seconds at Sun Jul 01 01:35:01 UTC 2018
14 ms. Memory: 208384K Free: 188711K (91%)
ptolemy.util.test.WatchDog.cancel(): canceling Sun Jul 01 01:35:01 UTC 2018
auto.tcl: Setting watchdog for 200 seconds at Sun Jul 01 01:35:01 UTC 2018
10 ms. Memory: 208384K Free: 186604K (90%)
ptolemy.util.test.WatchDog.cancel(): canceling Sun Jul 01 01:35:01 UTC 2018
------------------ testing $PTII/ptolemy/domains/de/test/auto/DateToEvent.xml
auto.tcl: Setting watchdog for 200 seconds at Sun Jul 01 01:35:01 UTC 2018
2017 ms. Memory: 208384K Free: 183354K (88%)
ptolemy.util.test.WatchDog.cancel(): canceling Sun Jul 01 01:35:03 UTC 2018
auto.tcl: Setting watchdog for 200 seconds at Sun Jul 01 01:35:03 UTC 2018
2005 ms. Memory: 208384K Free: 180897K (87%)
ptolemy.util.test.WatchDog.cancel(): canceling Sun Jul 01 01:35:05 UTC 2018
------------------ testing $PTII/ptolemy/domains/de/test/auto/DepthTest1.xml
auto.tcl: Setting watchdog for 200 seconds at Sun Jul 01 01:35:05 UTC 2018
3 ms. Memory: 208384K Free: 197665K (95%)
ptolemy.util.test.WatchDog.cancel(): canceling Sun Jul 01 01:35:05 UTC 2018
auto.tcl: Setting watchdog for 200 seconds at Sun Jul 01 01:35:05 UTC 2018
1 ms. Memory: 208384K Free: 197665K (95%)
ptolemy.util.test.WatchDog.cancel(): canceling Sun Jul 01 01:35:05 UTC 2018
------------------ testing $PTII/ptolemy/domains/de/test/auto/DepthTest2.xml
auto.tcl: Setting watchdog for 200 seconds at Sun Jul 01 01:35:05 UTC 2018
8 ms. Memory: 208384K Free: 193833K (93%)
ptolemy.util.test.WatchDog.cancel(): canceling Sun Jul 01 01:35:05 UTC 2018
auto.tcl: Setting watchdog for 200 seconds at Sun Jul 01 01:35:05 UTC 2018
3 ms. Memory: 208384K Free: 193833K (93%)
ptolemy.util.test.WatchDog.cancel(): canceling Sun Jul 01 01:35:05 UTC 2018
------------------ testing $PTII/ptolemy/domains/de/test/auto/DepthTest3.xml
auto.tcl: Setting watchdog for 200 seconds at Sun Jul 01 01:35:05 UTC 2018
2 ms. Memory: 208384K Free: 198014K (95%)
ptolemy.util.test.WatchDog.cancel(): canceling Sun Jul 01 01:35:05 UTC 2018
auto.tcl: Setting watchdog for 200 seconds at Sun Jul 01 01:35:05 UTC 2018
2 ms. Memory: 208384K Free: 198014K (95%)
ptolemy.util.test.WatchDog.cancel(): canceling Sun Jul 01 01:35:05 UTC 2018
------------------ testing $PTII/ptolemy/domains/de/test/auto/DepthTest4.xml
auto.tcl: Setting watchdog for 200 seconds at Sun Jul 01 01:35:05 UTC 2018
12 ms. Memory: 208384K Free: 195986K (94%)
ptolemy.util.test.WatchDog.cancel(): canceling Sun Jul 01 01:35:05 UTC 2018
auto.tcl: Setting watchdog for 200 seconds at Sun Jul 01 01:35:05 UTC 2018
2 ms. Memory: 208384K Free: 195986K (94%)
ptolemy.util.test.WatchDog.cancel(): canceling Sun Jul 01 01:35:05 UTC 2018
------------------ testing $PTII/ptolemy/domains/de/test/auto/DepthTest5.xml
auto.tcl: Setting watchdog for 200 seconds at Sun Jul 01 01:35:05 UTC 2018
5 ms. Memory: 208384K Free: 195925K (94%)
ptolemy.util.test.WatchDog.cancel(): canceling Sun Jul 01 01:35:05 UTC 2018
auto.tcl: Setting watchdog for 200 seconds at Sun Jul 01 01:35:05 UTC 2018
2 ms. Memory: 208384K Free: 195925K (94%)
ptolemy.util.test.WatchDog.cancel(): canceling Sun Jul 01 01:35:05 UTC 2018
------------------ testing $PTII/ptolemy/domains/de/test/auto/DepthTest6.xml
auto.tcl: Setting watchdog for 200 seconds at Sun Jul 01 01:35:06 UTC 2018
8 ms. Memory: 208384K Free: 195909K (94%)
ptolemy.util.test.WatchDog.cancel(): canceling Sun Jul 01 01:35:06 UTC 2018
auto.tcl: Setting watchdog for 200 seconds at Sun Jul 01 01:35:06 UTC 2018
2 ms. Memory: 208384K Free: 195909K (94%)
ptolemy.util.test.WatchDog.cancel(): canceling Sun Jul 01 01:35:06 UTC 2018
------------------ testing $PTII/ptolemy/domains/de/test/auto/DepthTest7.xml
auto.tcl: Setting watchdog for 200 seconds at Sun Jul 01 01:35:06 UTC 2018
3 ms. Memory: 208384K Free: 195890K (94%)
ptolemy.util.test.WatchDog.cancel(): canceling Sun Jul 01 01:35:06 UTC 2018
auto.tcl: Setting watchdog for 200 seconds at Sun Jul 01 01:35:06 UTC 2018
2 ms. Memory: 208384K Free: 195890K (94%)
ptolemy.util.test.WatchDog.cancel(): canceling Sun Jul 01 01:35:06 UTC 2018
------------------ testing $PTII/ptolemy/domains/de/test/auto/EventToDate.xml
auto.tcl: Setting watchdog for 200 seconds at Sun Jul 01 01:35:06 UTC 2018
3005 ms. Memory: 208384K Free: 185350K (89%)
ptolemy.util.test.WatchDog.cancel(): canceling Sun Jul 01 01:35:09 UTC 2018
auto.tcl: Setting watchdog for 200 seconds at Sun Jul 01 01:35:09 UTC 2018
3004 ms. Memory: 208384K Free: 185350K (89%)
ptolemy.util.test.WatchDog.cancel(): canceling Sun Jul 01 01:35:12 UTC 2018
------------------ testing $PTII/ptolemy/domains/de/test/auto/FSM1.xml
auto.tcl: Setting watchdog for 200 seconds at Sun Jul 01 01:35:12 UTC 2018
30 ms. Memory: 208384K Free: 188879K (91%)
ptolemy.util.test.WatchDog.cancel(): canceling Sun Jul 01 01:35:12 UTC 2018
auto.tcl: Setting watchdog for 200 seconds at Sun Jul 01 01:35:12 UTC 2018
23 ms. Memory: 208384K Free: 184632K (89%)
ptolemy.util.test.WatchDog.cancel(): canceling Sun Jul 01 01:35:12 UTC 2018
------------------ testing $PTII/ptolemy/domains/de/test/auto/FSM7.xml
auto.tcl: Setting watchdog for 200 seconds at Sun Jul 01 01:35:12 UTC 2018
25 ms. Memory: 208384K Free: 186967K (90%)
ptolemy.util.test.WatchDog.cancel(): canceling Sun Jul 01 01:35:12 UTC 2018
auto.tcl: Setting watchdog for 200 seconds at Sun Jul 01 01:35:12 UTC 2018
18 ms. Memory: 208384K Free: 184843K (89%)
ptolemy.util.test.WatchDog.cancel(): canceling Sun Jul 01 01:35:12 UTC 2018
------------------ testing $PTII/ptolemy/domains/de/test/auto/Inspection.xml
auto.tcl: Setting watchdog for 200 seconds at Sun Jul 01 01:35:12 UTC 2018
28 ms. Memory: 208384K Free: 188205K (90%)
ptolemy.util.test.WatchDog.cancel(): canceling Sun Jul 01 01:35:12 UTC 2018
auto.tcl: Setting watchdog for 200 seconds at Sun Jul 01 01:35:12 UTC 2018
27 ms. Memory: 208384K Free: 186089K (89%)
ptolemy.util.test.WatchDog.cancel(): canceling Sun Jul 01 01:35:12 UTC 2018
------------------ testing $PTII/ptolemy/domains/de/test/auto/Iteration.xml
auto.tcl: Setting watchdog for 200 seconds at Sun Jul 01 01:35:12 UTC 2018
10 ms. Memory: 208384K Free: 196043K (94%)
ptolemy.util.test.WatchDog.cancel(): canceling Sun Jul 01 01:35:12 UTC 2018
auto.tcl: Setting watchdog for 200 seconds at Sun Jul 01 01:35:12 UTC 2018
6 ms. Memory: 208384K Free: 193919K (93%)
ptolemy.util.test.WatchDog.cancel(): canceling Sun Jul 01 01:35:12 UTC 2018
------------------ testing $PTII/ptolemy/domains/de/test/auto/LineFault.xml
auto.tcl: Setting watchdog for 200 seconds at Sun Jul 01 01:35:12 UTC 2018
740 ms. Memory: 208384K Free: 194876K (94%)
ptolemy.util.test.WatchDog.cancel(): canceling Sun Jul 01 01:35:13 UTC 2018
auto.tcl: Setting watchdog for 200 seconds at Sun Jul 01 01:35:13 UTC 2018
592 ms. Memory: 208384K Free: 137274K (66%)
ptolemy.util.test.WatchDog.cancel(): canceling Sun Jul 01 01:35:14 UTC 2018
------------------ testing $PTII/ptolemy/domains/de/test/auto/MergeModel1Add.xml
auto.tcl: Setting watchdog for 200 seconds at Sun Jul 01 01:35:14 UTC 2018
14 ms. Memory: 331264K Free: 298667K (90%)
ptolemy.util.test.WatchDog.cancel(): canceling Sun Jul 01 01:35:14 UTC 2018
auto.tcl: Setting watchdog for 200 seconds at Sun Jul 01 01:35:14 UTC 2018
9 ms. Memory: 331264K Free: 298667K (90%)
ptolemy.util.test.WatchDog.cancel(): canceling Sun Jul 01 01:35:14 UTC 2018
------------------ testing $PTII/ptolemy/domains/de/test/auto/MergeModel2Add.xml
auto.tcl: Setting watchdog for 200 seconds at Sun Jul 01 01:35:14 UTC 2018
10 ms. Memory: 331264K Free: 303942K (92%)
ptolemy.util.test.WatchDog.cancel(): canceling Sun Jul 01 01:35:14 UTC 2018
auto.tcl: Setting watchdog for 200 seconds at Sun Jul 01 01:35:14 UTC 2018
10 ms. Memory: 331264K Free: 300021K (91%)
ptolemy.util.test.WatchDog.cancel(): canceling Sun Jul 01 01:35:14 UTC 2018
------------------ testing $PTII/ptolemy/domains/de/test/auto/MergeModel3Add.xml
auto.tcl: Setting watchdog for 200 seconds at Sun Jul 01 01:35:14 UTC 2018
12 ms. Memory: 331264K Free: 303952K (92%)
ptolemy.util.test.WatchDog.cancel(): canceling Sun Jul 01 01:35:14 UTC 2018
auto.tcl: Setting watchdog for 200 seconds at Sun Jul 01 01:35:14 UTC 2018
9 ms. Memory: 331264K Free: 300031K (91%)
ptolemy.util.test.WatchDog.cancel(): canceling Sun Jul 01 01:35:14 UTC 2018
------------------ testing $PTII/ptolemy/domains/de/test/auto/MergeWithoutDiscard.xml
auto.tcl: Setting watchdog for 200 seconds at Sun Jul 01 01:35:14 UTC 2018
4 ms. Memory: 331264K Free: 319650K (96%)
ptolemy.util.test.WatchDog.cancel(): canceling Sun Jul 01 01:35:14 UTC 2018
auto.tcl: Setting watchdog for 200 seconds at Sun Jul 01 01:35:14 UTC 2018
1 ms. Memory: 331264K Free: 315729K (95%)
ptolemy.util.test.WatchDog.cancel(): canceling Sun Jul 01 01:35:14 UTC 2018
------------------ testing $PTII/ptolemy/domains/de/test/auto/Modal1.xml
auto.tcl: Setting watchdog for 200 seconds at Sun Jul 01 01:35:15 UTC 2018
15 ms. Memory: 331264K Free: 309640K (93%)
ptolemy.util.test.WatchDog.cancel(): canceling Sun Jul 01 01:35:15 UTC 2018
auto.tcl: Setting watchdog for 200 seconds at Sun Jul 01 01:35:15 UTC 2018
23 ms. Memory: 331264K Free: 305703K (92%)
ptolemy.util.test.WatchDog.cancel(): canceling Sun Jul 01 01:35:15 UTC 2018
------------------ testing $PTII/ptolemy/domains/de/test/auto/Modal2.xml
auto.tcl: Setting watchdog for 200 seconds at Sun Jul 01 01:35:15 UTC 2018
21 ms. Memory: 331264K Free: 304598K (92%)
ptolemy.util.test.WatchDog.cancel(): canceling Sun Jul 01 01:35:15 UTC 2018
auto.tcl: Setting watchdog for 200 seconds at Sun Jul 01 01:35:15 UTC 2018
10 ms. Memory: 331264K Free: 300677K (91%)
ptolemy.util.test.WatchDog.cancel(): canceling Sun Jul 01 01:35:15 UTC 2018
------------------ testing $PTII/ptolemy/domains/de/test/auto/Modal3.xml
auto.tcl: Setting watchdog for 200 seconds at Sun Jul 01 01:35:15 UTC 2018
15 ms. Memory: 331264K Free: 309797K (94%)
ptolemy.util.test.WatchDog.cancel(): canceling Sun Jul 01 01:35:15 UTC 2018
auto.tcl: Setting watchdog for 200 seconds at Sun Jul 01 01:35:15 UTC 2018
14 ms. Memory: 331264K Free: 305590K (92%)
ptolemy.util.test.WatchDog.cancel(): canceling Sun Jul 01 01:35:15 UTC 2018
------------------ testing $PTII/ptolemy/domains/de/test/auto/Modal4.xml
auto.tcl: Setting watchdog for 200 seconds at Sun Jul 01 01:35:15 UTC 2018
12 ms. Memory: 331264K Free: 309517K (93%)
ptolemy.util.test.WatchDog.cancel(): canceling Sun Jul 01 01:35:15 UTC 2018
auto.tcl: Setting watchdog for 200 seconds at Sun Jul 01 01:35:15 UTC 2018
13 ms. Memory: 331264K Free: 305579K (92%)
ptolemy.util.test.WatchDog.cancel(): canceling Sun Jul 01 01:35:15 UTC 2018
------------------ testing $PTII/ptolemy/domains/de/test/auto/Modal5.xml
auto.tcl: Setting watchdog for 200 seconds at Sun Jul 01 01:35:15 UTC 2018
17 ms. Memory: 331264K Free: 309512K (93%)
ptolemy.util.test.WatchDog.cancel(): canceling Sun Jul 01 01:35:15 UTC 2018
auto.tcl: Setting watchdog for 200 seconds at Sun Jul 01 01:35:15 UTC 2018
11 ms. Memory: 331264K Free: 305575K (92%)
ptolemy.util.test.WatchDog.cancel(): canceling Sun Jul 01 01:35:15 UTC 2018
------------------ testing $PTII/ptolemy/domains/de/test/auto/Modal6.xml
auto.tcl: Setting watchdog for 200 seconds at Sun Jul 01 01:35:15 UTC 2018
10 ms. Memory: 331264K Free: 309510K (93%)
ptolemy.util.test.WatchDog.cancel(): canceling Sun Jul 01 01:35:15 UTC 2018
auto.tcl: Setting watchdog for 200 seconds at Sun Jul 01 01:35:15 UTC 2018
12 ms. Memory: 331264K Free: 305572K (92%)
ptolemy.util.test.WatchDog.cancel(): canceling Sun Jul 01 01:35:15 UTC 2018
------------------ testing $PTII/ptolemy/domains/de/test/auto/Modal7.xml
auto.tcl: Setting watchdog for 200 seconds at Sun Jul 01 01:35:15 UTC 2018
9 ms. Memory: 331264K Free: 305564K (92%)
ptolemy.util.test.WatchDog.cancel(): canceling Sun Jul 01 01:35:15 UTC 2018
auto.tcl: Setting watchdog for 200 seconds at Sun Jul 01 01:35:15 UTC 2018
10 ms. Memory: 331264K Free: 305564K (92%)
ptolemy.util.test.WatchDog.cancel(): canceling Sun Jul 01 01:35:15 UTC 2018
------------------ testing $PTII/ptolemy/domains/de/test/auto/ModalModel.xml
auto.tcl: Setting watchdog for 200 seconds at Sun Jul 01 01:35:15 UTC 2018
204 ms. Memory: 331264K Free: 245847K (74%)
ptolemy.util.test.WatchDog.cancel(): canceling Sun Jul 01 01:35:16 UTC 2018
auto.tcl: Setting watchdog for 200 seconds at Sun Jul 01 01:35:16 UTC 2018
176 ms. Memory: 331264K Free: 190803K (58%)
ptolemy.util.test.WatchDog.cancel(): canceling Sun Jul 01 01:35:16 UTC 2018
------------------ testing $PTII/ptolemy/domains/de/test/auto/ModalSource.xml
auto.tcl: Setting watchdog for 200 seconds at Sun Jul 01 01:35:16 UTC 2018
9 ms. Memory: 331264K Free: 316265K (95%)
ptolemy.util.test.WatchDog.cancel(): canceling Sun Jul 01 01:35:16 UTC 2018
auto.tcl: Setting watchdog for 200 seconds at Sun Jul 01 01:35:16 UTC 2018
6 ms. Memory: 331264K Free: 312754K (94%)
ptolemy.util.test.WatchDog.cancel(): canceling Sun Jul 01 01:35:16 UTC 2018
------------------ testing $PTII/ptolemy/domains/de/test/auto/NonInterruptibleTimerZeroDelay.xml
auto.tcl: Setting watchdog for 200 seconds at Sun Jul 01 01:35:16 UTC 2018
4 ms. Memory: 331264K Free: 320599K (97%)
ptolemy.util.test.WatchDog.cancel(): canceling Sun Jul 01 01:35:16 UTC 2018
auto.tcl: Setting watchdog for 200 seconds at Sun Jul 01 01:35:16 UTC 2018
2 ms. Memory: 331264K Free: 317103K (96%)
ptolemy.util.test.WatchDog.cancel(): canceling Sun Jul 01 01:35:16 UTC 2018
------------------ testing $PTII/ptolemy/domains/de/test/auto/OpenQueueingNetwork.xml
auto.tcl: Setting watchdog for 200 seconds at Sun Jul 01 01:35:16 UTC 2018
2782 ms. Memory: 573952K Free: 421024K (73%)
ptolemy.util.test.WatchDog.cancel(): canceling Sun Jul 01 01:35:19 UTC 2018
auto.tcl: Setting watchdog for 200 seconds at Sun Jul 01 01:35:19 UTC 2018
2281 ms. Memory: 550912K Free: 326546K (59%)
ptolemy.util.test.WatchDog.cancel(): canceling Sun Jul 01 01:35:21 UTC 2018
------------------ testing $PTII/ptolemy/domains/de/test/auto/OpenQueuingNetwork.xml
auto.tcl: Setting watchdog for 200 seconds at Sun Jul 01 01:35:21 UTC 2018
226 ms. Memory: 549888K Free: 445250K (81%)
ptolemy.util.test.WatchDog.cancel(): canceling Sun Jul 01 01:35:21 UTC 2018
auto.tcl: Setting watchdog for 200 seconds at Sun Jul 01 01:35:21 UTC 2018
214 ms. Memory: 549888K Free: 385355K (70%)
ptolemy.util.test.WatchDog.cancel(): canceling Sun Jul 01 01:35:22 UTC 2018
------------------ testing $PTII/ptolemy/domains/de/test/auto/PeriodicSampler.xml
auto.tcl: Setting watchdog for 200 seconds at Sun Jul 01 01:35:22 UTC 2018
3 ms. Memory: 551936K Free: 531802K (96%)
ptolemy.util.test.WatchDog.cancel(): canceling Sun Jul 01 01:35:22 UTC 2018
auto.tcl: Setting watchdog for 200 seconds at Sun Jul 01 01:35:22 UTC 2018
1 ms. Memory: 551936K Free: 531802K (96%)
ptolemy.util.test.WatchDog.cancel(): canceling Sun Jul 01 01:35:22 UTC 2018
------------------ testing $PTII/ptolemy/domains/de/test/auto/PersistentIO.xml
auto.tcl: Setting watchdog for 200 seconds at Sun Jul 01 01:35:22 UTC 2018
17 ms. Memory: 549376K Free: 524380K (95%)
ptolemy.util.test.WatchDog.cancel(): canceling Sun Jul 01 01:35:22 UTC 2018
auto.tcl: Setting watchdog for 200 seconds at Sun Jul 01 01:35:22 UTC 2018
5 ms. Memory: 549376K Free: 524380K (95%)
ptolemy.util.test.WatchDog.cancel(): canceling Sun Jul 01 01:35:22 UTC 2018
------------------ testing $PTII/ptolemy/domains/de/test/auto/PortParameterResetOnInitialize.xml
auto.tcl: Setting watchdog for 200 seconds at Sun Jul 01 01:35:22 UTC 2018
7 ms. Memory: 551424K Free: 531521K (96%)
ptolemy.util.test.WatchDog.cancel(): canceling Sun Jul 01 01:35:22 UTC 2018
auto.tcl: Setting watchdog for 200 seconds at Sun Jul 01 01:35:22 UTC 2018
2 ms. Memory: 551424K Free: 531521K (96%)
ptolemy.util.test.WatchDog.cancel(): canceling Sun Jul 01 01:35:22 UTC 2018
------------------ testing $PTII/ptolemy/domains/de/test/auto/PortParameterUpdates.xml
auto.tcl: Setting watchdog for 200 seconds at Sun Jul 01 01:35:22 UTC 2018
4 ms. Memory: 549376K Free: 529606K (96%)
ptolemy.util.test.WatchDog.cancel(): canceling Sun Jul 01 01:35:22 UTC 2018
auto.tcl: Setting watchdog for 200 seconds at Sun Jul 01 01:35:22 UTC 2018
3 ms. Memory: 549376K Free: 524161K (95%)
ptolemy.util.test.WatchDog.cancel(): canceling Sun Jul 01 01:35:22 UTC 2018
------------------ testing $PTII/ptolemy/domains/de/test/auto/QueueAndServer.xml
auto.tcl: Setting watchdog for 200 seconds at Sun Jul 01 01:35:22 UTC 2018
6 ms. Memory: 551424K Free: 530844K (96%)
ptolemy.util.test.WatchDog.cancel(): canceling Sun Jul 01 01:35:22 UTC 2018
auto.tcl: Setting watchdog for 200 seconds at Sun Jul 01 01:35:22 UTC 2018
5 ms. Memory: 551424K Free: 530844K (96%)
ptolemy.util.test.WatchDog.cancel(): canceling Sun Jul 01 01:35:22 UTC 2018
------------------ testing $PTII/ptolemy/domains/de/test/auto/Records.xml
auto.tcl: Setting watchdog for 200 seconds at Sun Jul 01 01:35:22 UTC 2018
5 ms. Memory: 549376K Free: 534192K (97%)
ptolemy.util.test.WatchDog.cancel(): canceling Sun Jul 01 01:35:22 UTC 2018
auto.tcl: Setting watchdog for 200 seconds at Sun Jul 01 01:35:22 UTC 2018
1 ms. Memory: 549376K Free: 528747K (96%)
ptolemy.util.test.WatchDog.cancel(): canceling Sun Jul 01 01:35:22 UTC 2018
------------------ testing $PTII/ptolemy/domains/de/test/auto/ResetTransitionWithStartTime1.xml
auto.tcl: Setting watchdog for 200 seconds at Sun Jul 01 01:35:22 UTC 2018
6 ms. Memory: 551424K Free: 530813K (96%)
ptolemy.util.test.WatchDog.cancel(): canceling Sun Jul 01 01:35:22 UTC 2018
auto.tcl: Setting watchdog for 200 seconds at Sun Jul 01 01:35:22 UTC 2018
5 ms. Memory: 551424K Free: 530813K (96%)
ptolemy.util.test.WatchDog.cancel(): canceling Sun Jul 01 01:35:22 UTC 2018
------------------ testing $PTII/ptolemy/domains/de/test/auto/ResetTransitionWithStartTime2.xml
auto.tcl: Setting watchdog for 200 seconds at Sun Jul 01 01:35:22 UTC 2018
6 ms. Memory: 549376K Free: 528985K (96%)
ptolemy.util.test.WatchDog.cancel(): canceling Sun Jul 01 01:35:22 UTC 2018
auto.tcl: Setting watchdog for 200 seconds at Sun Jul 01 01:35:22 UTC 2018
6 ms. Memory: 549376K Free: 528985K (96%)
ptolemy.util.test.WatchDog.cancel(): canceling Sun Jul 01 01:35:22 UTC 2018
------------------ testing $PTII/ptolemy/domains/de/test/auto/ResetTransitionWithStartTime3.xml
auto.tcl: Setting watchdog for 200 seconds at Sun Jul 01 01:35:22 UTC 2018
7 ms. Memory: 550912K Free: 530291K (96%)
ptolemy.util.test.WatchDog.cancel(): canceling Sun Jul 01 01:35:22 UTC 2018
auto.tcl: Setting watchdog for 200 seconds at Sun Jul 01 01:35:22 UTC 2018
8 ms. Memory: 550912K Free: 530291K (96%)
ptolemy.util.test.WatchDog.cancel(): canceling Sun Jul 01 01:35:22 UTC 2018
------------------ testing $PTII/ptolemy/domains/de/test/auto/ResetTransitionWithStartTime4.xml
auto.tcl: Setting watchdog for 200 seconds at Sun Jul 01 01:35:22 UTC 2018
5 ms. Memory: 549376K Free: 528745K (96%)
ptolemy.util.test.WatchDog.cancel(): canceling Sun Jul 01 01:35:22 UTC 2018
auto.tcl: Setting watchdog for 200 seconds at Sun Jul 01 01:35:22 UTC 2018
4 ms. Memory: 549376K Free: 528745K (96%)
ptolemy.util.test.WatchDog.cancel(): canceling Sun Jul 01 01:35:22 UTC 2018
------------------ testing $PTII/ptolemy/domains/de/test/auto/ResettableTimer1.xml
auto.tcl: Setting watchdog for 200 seconds at Sun Jul 01 01:35:22 UTC 2018
6 ms. Memory: 550912K Free: 535737K (97%)
ptolemy.util.test.WatchDog.cancel(): canceling Sun Jul 01 01:35:23 UTC 2018
auto.tcl: Setting watchdog for 200 seconds at Sun Jul 01 01:35:23 UTC 2018
2 ms. Memory: 550912K Free: 535737K (97%)
ptolemy.util.test.WatchDog.cancel(): canceling Sun Jul 01 01:35:23 UTC 2018
------------------ testing $PTII/ptolemy/domains/de/test/auto/ResettableTimer2.xml
auto.tcl: Setting watchdog for 200 seconds at Sun Jul 01 01:35:23 UTC 2018
2 ms. Memory: 549376K Free: 534488K (97%)
ptolemy.util.test.WatchDog.cancel(): canceling Sun Jul 01 01:35:23 UTC 2018
auto.tcl: Setting watchdog for 200 seconds at Sun Jul 01 01:35:23 UTC 2018
3 ms. Memory: 549376K Free: 534488K (97%)
ptolemy.util.test.WatchDog.cancel(): canceling Sun Jul 01 01:35:23 UTC 2018
------------------ testing $PTII/ptolemy/domains/de/test/auto/ResettableTimer3.xml
auto.tcl: Setting watchdog for 200 seconds at Sun Jul 01 01:35:23 UTC 2018
2 ms. Memory: 550912K Free: 535794K (97%)
ptolemy.util.test.WatchDog.cancel(): canceling Sun Jul 01 01:35:23 UTC 2018
auto.tcl: Setting watchdog for 200 seconds at Sun Jul 01 01:35:23 UTC 2018
1 ms. Memory: 550912K Free: 535794K (97%)
ptolemy.util.test.WatchDog.cancel(): canceling Sun Jul 01 01:35:23 UTC 2018
------------------ testing $PTII/ptolemy/domains/de/test/auto/ResettableTimer4.xml
auto.tcl: Setting watchdog for 200 seconds at Sun Jul 01 01:35:23 UTC 2018
1 ms. Memory: 549376K Free: 534501K (97%)
ptolemy.util.test.WatchDog.cancel(): canceling Sun Jul 01 01:35:23 UTC 2018
auto.tcl: Setting watchdog for 200 seconds at Sun Jul 01 01:35:23 UTC 2018
1 ms. Memory: 549376K Free: 534501K (97%)
ptolemy.util.test.WatchDog.cancel(): canceling Sun Jul 01 01:35:23 UTC 2018
------------------ testing $PTII/ptolemy/domains/de/test/auto/ResettableTimer5.xml
auto.tcl: Setting watchdog for 200 seconds at Sun Jul 01 01:35:23 UTC 2018
1 ms. Memory: 550400K Free: 530844K (96%)
ptolemy.util.test.WatchDog.cancel(): canceling Sun Jul 01 01:35:23 UTC 2018
auto.tcl: Setting watchdog for 200 seconds at Sun Jul 01 01:35:23 UTC 2018
1 ms. Memory: 550400K Free: 530844K (96%)
ptolemy.util.test.WatchDog.cancel(): canceling Sun Jul 01 01:35:23 UTC 2018
------------------ testing $PTII/ptolemy/domains/de/test/auto/ResettableTimer6.xml
auto.tcl: Setting watchdog for 200 seconds at Sun Jul 01 01:35:23 UTC 2018
2 ms. Memory: 549376K Free: 529539K (96%)
ptolemy.util.test.WatchDog.cancel(): canceling Sun Jul 01 01:35:23 UTC 2018
auto.tcl: Setting watchdog for 200 seconds at Sun Jul 01 01:35:23 UTC 2018
1 ms. Memory: 549376K Free: 529539K (96%)
ptolemy.util.test.WatchDog.cancel(): canceling Sun Jul 01 01:35:23 UTC 2018
------------------ testing $PTII/ptolemy/domains/de/test/auto/ServerZeroDelay.xml
auto.tcl: Setting watchdog for 200 seconds at Sun Jul 01 01:35:23 UTC 2018
3 ms. Memory: 550400K Free: 535463K (97%)
ptolemy.util.test.WatchDog.cancel(): canceling Sun Jul 01 01:35:23 UTC 2018
auto.tcl: Setting watchdog for 200 seconds at Sun Jul 01 01:35:23 UTC 2018
2 ms. Memory: 550400K Free: 535463K (97%)
ptolemy.util.test.WatchDog.cancel(): canceling Sun Jul 01 01:35:23 UTC 2018
------------------ testing $PTII/ptolemy/domains/de/test/auto/SmartSender.xml
auto.tcl: Setting watchdog for 200 seconds at Sun Jul 01 01:35:23 UTC 2018
3002 ms. Memory: 549376K Free: 529755K (96%)
ptolemy.util.test.WatchDog.cancel(): canceling Sun Jul 01 01:35:26 UTC 2018
auto.tcl: Setting watchdog for 200 seconds at Sun Jul 01 01:35:26 UTC 2018
3001 ms. Memory: 549376K Free: 529755K (96%)
ptolemy.util.test.WatchDog.cancel(): canceling Sun Jul 01 01:35:29 UTC 2018
------------------ testing $PTII/ptolemy/domains/de/test/auto/ThreadedComposite.xml
auto.tcl: Setting watchdog for 200 seconds at Sun Jul 01 01:35:29 UTC 2018
167 ms. Memory: 550400K Free: 510282K (93%)
ptolemy.util.test.WatchDog.cancel(): canceling Sun Jul 01 01:35:29 UTC 2018
auto.tcl: Setting watchdog for 200 seconds at Sun Jul 01 01:35:29 UTC 2018
113 ms. Memory: 550400K Free: 495477K (90%)
ptolemy.util.test.WatchDog.cancel(): canceling Sun Jul 01 01:35:29 UTC 2018
------------------ testing $PTII/ptolemy/domains/de/test/auto/Time.xml
auto.tcl: Setting watchdog for 200 seconds at Sun Jul 01 01:35:29 UTC 2018
503 ms. Memory: 549376K Free: 482454K (88%)
ptolemy.util.test.WatchDog.cancel(): canceling Sun Jul 01 01:35:30 UTC 2018
auto.tcl: Setting watchdog for 200 seconds at Sun Jul 01 01:35:30 UTC 2018
488 ms. Memory: 549376K Free: 428004K (78%)
ptolemy.util.test.WatchDog.cancel(): canceling Sun Jul 01 01:35:30 UTC 2018
------------------ testing $PTII/ptolemy/domains/de/test/auto/TimeDelayZeroDelay.xml
auto.tcl: Setting watchdog for 200 seconds at Sun Jul 01 01:35:30 UTC 2018
2 ms. Memory: 550400K Free: 535151K (97%)
ptolemy.util.test.WatchDog.cancel(): canceling Sun Jul 01 01:35:30 UTC 2018
auto.tcl: Setting watchdog for 200 seconds at Sun Jul 01 01:35:30 UTC 2018
2 ms. Memory: 550400K Free: 535151K (97%)
ptolemy.util.test.WatchDog.cancel(): canceling Sun Jul 01 01:35:30 UTC 2018
------------------ testing $PTII/ptolemy/domains/de/test/auto/TimerZeroDelay.xml
auto.tcl: Setting watchdog for 200 seconds at Sun Jul 01 01:35:30 UTC 2018
4 ms. Memory: 549376K Free: 534401K (97%)
ptolemy.util.test.WatchDog.cancel(): canceling Sun Jul 01 01:35:30 UTC 2018
auto.tcl: Setting watchdog for 200 seconds at Sun Jul 01 01:35:30 UTC 2018
2 ms. Memory: 549376K Free: 534401K (97%)
ptolemy.util.test.WatchDog.cancel(): canceling Sun Jul 01 01:35:30 UTC 2018
------------------ testing $PTII/ptolemy/domains/de/test/auto/TimingParadox.xml
auto.tcl: Setting watchdog for 200 seconds at Sun Jul 01 01:35:31 UTC 2018
371 ms. Memory: 549888K Free: 469236K (85%)
ptolemy.util.test.WatchDog.cancel(): canceling Sun Jul 01 01:35:31 UTC 2018
auto.tcl: Setting watchdog for 200 seconds at Sun Jul 01 01:35:31 UTC 2018
351 ms. Memory: 549888K Free: 436566K (79%)
ptolemy.util.test.WatchDog.cancel(): canceling Sun Jul 01 01:35:31 UTC 2018
------------------ testing $PTII/ptolemy/domains/de/test/auto/TransferInputs.xml
auto.tcl: Setting watchdog for 200 seconds at Sun Jul 01 01:35:31 UTC 2018
2 ms. Memory: 549888K Free: 533817K (97%)
ptolemy.util.test.WatchDog.cancel(): canceling Sun Jul 01 01:35:31 UTC 2018
auto.tcl: Setting watchdog for 200 seconds at Sun Jul 01 01:35:31 UTC 2018
1 ms. Memory: 549888K Free: 533817K (97%)
ptolemy.util.test.WatchDog.cancel(): canceling Sun Jul 01 01:35:31 UTC 2018
------------------ testing $PTII/ptolemy/domains/de/test/auto/TransferOutputs2.xml
auto.tcl: Setting watchdog for 200 seconds at Sun Jul 01 01:35:31 UTC 2018
4 ms. Memory: 549376K Free: 524267K (95%)
ptolemy.util.test.WatchDog.cancel(): canceling Sun Jul 01 01:35:32 UTC 2018
auto.tcl: Setting watchdog for 200 seconds at Sun Jul 01 01:35:32 UTC 2018
3 ms. Memory: 549376K Free: 524267K (95%)
ptolemy.util.test.WatchDog.cancel(): canceling Sun Jul 01 01:35:32 UTC 2018
------------------ testing $PTII/ptolemy/domains/de/test/auto/Trilateration.xml
auto.tcl: Setting watchdog for 200 seconds at Sun Jul 01 01:35:32 UTC 2018
14507 ms. Memory: 453632K Free: 138558K (31%)
ptolemy.util.test.WatchDog.cancel(): canceling Sun Jul 01 01:35:47 UTC 2018
auto.tcl: Setting watchdog for 200 seconds at Sun Jul 01 01:35:47 UTC 2018
11610 ms. Memory: 331264K Free: 260048K (79%)
ptolemy.util.test.WatchDog.cancel(): canceling Sun Jul 01 01:35:59 UTC 2018
------------------ testing $PTII/ptolemy/domains/de/test/auto/TwoSigmaDelta.xml
auto.tcl: Setting watchdog for 200 seconds at Sun Jul 01 01:35:59 UTC 2018
2659 ms. Memory: 320000K Free: 257535K (80%)
ptolemy.util.test.WatchDog.cancel(): canceling Sun Jul 01 01:36:02 UTC 2018
auto.tcl: Setting watchdog for 200 seconds at Sun Jul 01 01:36:02 UTC 2018
2165 ms. Memory: 307712K Free: 244630K (79%)
ptolemy.util.test.WatchDog.cancel(): canceling Sun Jul 01 01:36:04 UTC 2018
------------------ testing $PTII/ptolemy/domains/de/test/auto/VariableDelay.xml
auto.tcl: Setting watchdog for 200 seconds at Sun Jul 01 01:36:04 UTC 2018
3 ms. Memory: 309760K Free: 293319K (95%)
ptolemy.util.test.WatchDog.cancel(): canceling Sun Jul 01 01:36:04 UTC 2018
auto.tcl: Setting watchdog for 200 seconds at Sun Jul 01 01:36:04 UTC 2018
1 ms. Memory: 309760K Free: 293319K (95%)
ptolemy.util.test.WatchDog.cancel(): canceling Sun Jul 01 01:36:04 UTC 2018
------------------ testing $PTII/ptolemy/domains/de/test/auto/VariableDelay2.xml
auto.tcl: Setting watchdog for 200 seconds at Sun Jul 01 01:36:04 UTC 2018
5 ms. Memory: 307712K Free: 293940K (96%)
ptolemy.util.test.WatchDog.cancel(): canceling Sun Jul 01 01:36:04 UTC 2018
auto.tcl: Setting watchdog for 200 seconds at Sun Jul 01 01:36:04 UTC 2018
2 ms. Memory: 307712K Free: 293940K (96%)
ptolemy.util.test.WatchDog.cancel(): canceling Sun Jul 01 01:36:04 UTC 2018
------------------ testing $PTII/ptolemy/domains/de/test/auto/VariableDelayZeroDelay.xml
auto.tcl: Setting watchdog for 200 seconds at Sun Jul 01 01:36:04 UTC 2018
1 ms. Memory: 309248K Free: 296485K (96%)
ptolemy.util.test.WatchDog.cancel(): canceling Sun Jul 01 01:36:04 UTC 2018
auto.tcl: Setting watchdog for 200 seconds at Sun Jul 01 01:36:04 UTC 2018
2 ms. Memory: 309248K Free: 293220K (95%)
ptolemy.util.test.WatchDog.cancel(): canceling Sun Jul 01 01:36:04 UTC 2018
------------------ testing $PTII/ptolemy/domains/de/test/auto/VariableDelayZeroDelay2.xml
auto.tcl: Setting watchdog for 200 seconds at Sun Jul 01 01:36:04 UTC 2018
2 ms. Memory: 307712K Free: 291674K (95%)
ptolemy.util.test.WatchDog.cancel(): canceling Sun Jul 01 01:36:04 UTC 2018
auto.tcl: Setting watchdog for 200 seconds at Sun Jul 01 01:36:04 UTC 2018
2 ms. Memory: 307712K Free: 291674K (95%)
ptolemy.util.test.WatchDog.cancel(): canceling Sun Jul 01 01:36:04 UTC 2018
------------------ testing $PTII/ptolemy/domains/de/test/auto/deInCt.xml
auto.tcl: Setting watchdog for 200 seconds at Sun Jul 01 01:36:04 UTC 2018
0
1
1
1
1
0
0
0
0
1
1
1
1
0
0
0
1
1
1
0
0
1
1
1
0
0
1
1
1
0
0
0
1
1
1
1
1
10 ms. Memory: 309248K Free: 293207K (95%)
ptolemy.util.test.WatchDog.cancel(): canceling Sun Jul 01 01:36:04 UTC 2018
auto.tcl: Setting watchdog for 200 seconds at Sun Jul 01 01:36:04 UTC 2018
0
1
1
1
0
0
0
0
1
1
1
1
1
1
1
0
0
1
1
1
0
0
1
1
1
0
0
0
1
1
1
0
0
0
0
6 ms. Memory: 309248K Free: 293207K (95%)
ptolemy.util.test.WatchDog.cancel(): canceling Sun Jul 01 01:36:04 UTC 2018
------------------ testing $PTII/ptolemy/domains/de/test/auto/deInCt2.xml
auto.tcl: Setting watchdog for 200 seconds at Sun Jul 01 01:36:04 UTC 2018
0
1
1
1
0
0
1
1
1
0
0
1
1
1
0
0
1
1
1
0
0
1
1
1
0
0
1
1
1
0
0
1
1
1
0
0
1
1
1
0
0
0
19 ms. Memory: 307712K Free: 291663K (95%)
ptolemy.util.test.WatchDog.cancel(): canceling Sun Jul 01 01:36:04 UTC 2018
auto.tcl: Setting watchdog for 200 seconds at Sun Jul 01 01:36:04 UTC 2018
0
1
1
1
0
0
1
1
1
0
0
1
1
1
0
0
1
1
1
0
0
1
1
1
0
0
1
1
1
0
0
1
1
1
0
0
1
1
1
0
0
0
4 ms. Memory: 307712K Free: 291663K (95%)
ptolemy.util.test.WatchDog.cancel(): canceling Sun Jul 01 01:36:04 UTC 2018
------------------ testing $PTII/ptolemy/domains/de/test/auto/dynamicCausalityInterface1.xml
auto.tcl: Setting watchdog for 200 seconds at Sun Jul 01 01:36:04 UTC 2018
2 ms. Memory: 308736K Free: 291713K (94%)
ptolemy.util.test.WatchDog.cancel(): canceling Sun Jul 01 01:36:04 UTC 2018
auto.tcl: Setting watchdog for 200 seconds at Sun Jul 01 01:36:04 UTC 2018
1 ms. Memory: 308736K Free: 288448K (93%)
ptolemy.util.test.WatchDog.cancel(): canceling Sun Jul 01 01:36:04 UTC 2018
------------------ testing $PTII/ptolemy/domains/de/test/auto/fsm_de_test.xml
auto.tcl: Setting watchdog for 200 seconds at Sun Jul 01 01:36:04 UTC 2018
7 ms. Memory: 307712K Free: 288321K (94%)
ptolemy.util.test.WatchDog.cancel(): canceling Sun Jul 01 01:36:04 UTC 2018
auto.tcl: Setting watchdog for 200 seconds at Sun Jul 01 01:36:04 UTC 2018
4 ms. Memory: 307712K Free: 285048K (93%)
ptolemy.util.test.WatchDog.cancel(): canceling Sun Jul 01 01:36:04 UTC 2018
------------------ testing $PTII/ptolemy/domains/de/test/auto/functionDependencyReconstruction.xml
auto.tcl: Setting watchdog for 200 seconds at Sun Jul 01 01:36:04 UTC 2018
2 ms. Memory: 308736K Free: 282790K (92%)
ptolemy.util.test.WatchDog.cancel(): canceling Sun Jul 01 01:36:04 UTC 2018
auto.tcl: Setting watchdog for 200 seconds at Sun Jul 01 01:36:04 UTC 2018
2 ms. Memory: 308736K Free: 279532K (91%)
ptolemy.util.test.WatchDog.cancel(): canceling Sun Jul 01 01:36:04 UTC 2018
------------------ testing $PTII/ptolemy/domains/de/test/auto/multirate.xml
auto.tcl: Setting watchdog for 200 seconds at Sun Jul 01 01:36:04 UTC 2018
5 ms. Memory: 307712K Free: 293684K (95%)
ptolemy.util.test.WatchDog.cancel(): canceling Sun Jul 01 01:36:05 UTC 2018
auto.tcl: Setting watchdog for 200 seconds at Sun Jul 01 01:36:05 UTC 2018
3 ms. Memory: 307712K Free: 290411K (94%)
ptolemy.util.test.WatchDog.cancel(): canceling Sun Jul 01 01:36:05 UTC 2018
------------------ testing $PTII/ptolemy/domains/de/test/auto/multirate2.xml
auto.tcl: Setting watchdog for 200 seconds at Sun Jul 01 01:36:05 UTC 2018
8 ms. Memory: 308736K Free: 294903K (96%)
ptolemy.util.test.WatchDog.cancel(): canceling Sun Jul 01 01:36:05 UTC 2018
auto.tcl: Setting watchdog for 200 seconds at Sun Jul 01 01:36:05 UTC 2018
3 ms. Memory: 308736K Free: 291630K (94%)
ptolemy.util.test.WatchDog.cancel(): canceling Sun Jul 01 01:36:05 UTC 2018
------------------ testing $PTII/ptolemy/domains/de/test/auto/realtime.xml
auto.tcl: Setting watchdog for 200 seconds at Sun Jul 01 01:36:05 UTC 2018
10001 ms. Memory: 307712K Free: 291622K (95%)
ptolemy.util.test.WatchDog.cancel(): canceling Sun Jul 01 01:36:15 UTC 2018
auto.tcl: Setting watchdog for 200 seconds at Sun Jul 01 01:36:15 UTC 2018
10002 ms. Memory: 307712K Free: 291622K (95%)
ptolemy.util.test.WatchDog.cancel(): canceling Sun Jul 01 01:36:25 UTC 2018
------------------ testing $PTII/ptolemy/domains/de/test/auto/relationGroup.xml
auto.tcl: Setting watchdog for 200 seconds at Sun Jul 01 01:36:25 UTC 2018
1 ms. Memory: 308224K Free: 297688K (97%)
ptolemy.util.test.WatchDog.cancel(): canceling Sun Jul 01 01:36:25 UTC 2018
auto.tcl: Setting watchdog for 200 seconds at Sun Jul 01 01:36:25 UTC 2018
1 ms. Memory: 308224K Free: 294431K (96%)
ptolemy.util.test.WatchDog.cancel(): canceling Sun Jul 01 01:36:25 UTC 2018
------------------ testing $PTII/ptolemy/domains/de/test/auto/relationGroup2.xml
auto.tcl: Setting watchdog for 200 seconds at Sun Jul 01 01:36:25 UTC 2018
3 ms. Memory: 307712K Free: 294940K (96%)
ptolemy.util.test.WatchDog.cancel(): canceling Sun Jul 01 01:36:25 UTC 2018
auto.tcl: Setting watchdog for 200 seconds at Sun Jul 01 01:36:25 UTC 2018
1 ms. Memory: 307712K Free: 294940K (96%)
ptolemy.util.test.WatchDog.cancel(): canceling Sun Jul 01 01:36:25 UTC 2018
------------------ testing $PTII/ptolemy/domains/de/test/auto/sortWithOpaquePorts.xml
auto.tcl: Setting watchdog for 200 seconds at Sun Jul 01 01:36:25 UTC 2018
2 ms. Memory: 308224K Free: 292196K (95%)
ptolemy.util.test.WatchDog.cancel(): canceling Sun Jul 01 01:36:25 UTC 2018
auto.tcl: Setting watchdog for 200 seconds at Sun Jul 01 01:36:25 UTC 2018
2 ms. Memory: 308224K Free: 292196K (95%)
ptolemy.util.test.WatchDog.cancel(): canceling Sun Jul 01 01:36:25 UTC 2018
------------------ testing $PTII/ptolemy/domains/de/test/auto/transferInputsandOutputs.xml
auto.tcl: Setting watchdog for 200 seconds at Sun Jul 01 01:36:25 UTC 2018
1 ms. Memory: 307712K Free: 291655K (95%)
ptolemy.util.test.WatchDog.cancel(): canceling Sun Jul 01 01:36:25 UTC 2018
auto.tcl: Setting watchdog for 200 seconds at Sun Jul 01 01:36:25 UTC 2018
1 ms. Memory: 307712K Free: 288398K (94%)
ptolemy.util.test.WatchDog.cancel(): canceling Sun Jul 01 01:36:25 UTC 2018
------------------ testing $PTII/ptolemy/domains/de/test/auto/triggerType.xml
auto.tcl: Setting watchdog for 200 seconds at Sun Jul 01 01:36:25 UTC 2018
2 ms. Memory: 308224K Free: 292116K (95%)
ptolemy.util.test.WatchDog.cancel(): canceling Sun Jul 01 01:36:25 UTC 2018
auto.tcl: Setting watchdog for 200 seconds at Sun Jul 01 01:36:25 UTC 2018
1 ms. Memory: 308224K Free: 292116K (95%)
ptolemy.util.test.WatchDog.cancel(): canceling Sun Jul 01 01:36:25 UTC 2018
07/01/18 01:36:25
Failed: 0  Total Tests: 192  ((Passed: 187, Newly Passed: 1)  Known Failed: 5) /home/travis/build/icyphy/ptII/ptolemy/domains/de/test
07/01/18 01:36:25
Failed: 0  Total Tests: 192  ((Passed: 187, Newly Passed: 1)  Known Failed: 5) /home/travis/build/icyphy/ptII/ptolemy/domains/de/test
----------------- testing (KnownFailure) /home/travis/build/icyphy/ptII/ptolemy/domains/de/test/auto/knownFailedTests/DESDFClockTest.xml
2007 ms. Memory: 307712K Free: 285862K (93%)
Known Failure: java.lang.reflect.InvocationTargetException
----------------- testing (KnownFailure) /home/travis/build/icyphy/ptII/ptolemy/domains/de/test/auto/knownFailedTests/DirectFeedback.xml
1 ms. Memory: 307712K Free: 267757K (87%)
Known Failure: java.lang.reflect.InvocationTargetException
----------------- testing (KnownFailure) /home/travis/build/icyphy/ptII/ptolemy/domains/de/test/auto/knownFailedTests/FSMSource.xml
10 ms. Memory: 307712K Free: 245110K (80%)
----------------- testing (KnownFailure) /home/travis/build/icyphy/ptII/ptolemy/domains/de/test/auto/knownFailedTests/HierarchicalModel.xml
2 ms. Memory: 307712K Free: 222464K (72%)
Known Failure: java.lang.reflect.InvocationTargetException
----------------- testing (KnownFailure) /home/travis/build/icyphy/ptII/ptolemy/domains/de/test/auto/knownFailedTests/dependencyLoop.xml
2 ms. Memory: 307712K Free: 190765K (62%)
Known Failure: java.lang.reflect.InvocationTargetException
----------------- testing (KnownFailure) /home/travis/build/icyphy/ptII/ptolemy/domains/de/test/auto/knownFailedTests/dependencyLoop2.xml
1 ms. Memory: 307712K Free: 159066K (52%)
Known Failure: java.lang.reflect.InvocationTargetException
No auto/linux-amd64/*.xml tests in /home/travis/build/icyphy/ptII/ptolemy/domains/de/test
AutoTests.java: About to close Vertx.
AutoTests.java: Vertx closed.

===========================================================================================
----------------- testing Sun Jul 01 01:36:27 UTC 2018 /home/travis/build/icyphy/ptII/ptolemy/domains/de/test/auto/ActorDepthCalculation_actorWithoutPorts.xml
----------------- Instantiating /home/travis/build/icyphy/ptII/ptolemy/domains/de/test/auto/ActorDepthCalculation_actorWithoutPorts.xml
3 ms. Memory: 307712K Free: 131893K (43%)
----------------- Invoking toplevel() on ptolemy.moml.MoMLSimpleApplication@24dcb703
----------------- Done invoking toplevel() on ptolemy.moml.MoMLSimpleApplication@24dcb703
reloadAllAccessors: .ActorDepthCalculation_actorWithoutPorts

===========================================================================================
----------------- testing Sun Jul 01 01:36:27 UTC 2018 /home/travis/build/icyphy/ptII/ptolemy/domains/de/test/auto/AssemblyLine.xml
----------------- Instantiating /home/travis/build/icyphy/ptII/ptolemy/domains/de/test/auto/AssemblyLine.xml
1 ms. Memory: 307712K Free: 118299K (38%)
----------------- Invoking toplevel() on ptolemy.moml.MoMLSimpleApplication@51a1a5d1
----------------- Done invoking toplevel() on ptolemy.moml.MoMLSimpleApplication@51a1a5d1
reloadAllAccessors: .AssemblyLine

===========================================================================================
----------------- testing Sun Jul 01 01:36:27 UTC 2018 /home/travis/build/icyphy/ptII/ptolemy/domains/de/test/auto/CQBug1.xml
----------------- Instantiating /home/travis/build/icyphy/ptII/ptolemy/domains/de/test/auto/CQBug1.xml
1 ms. Memory: 307712K Free: 109247K (36%)
----------------- Invoking toplevel() on ptolemy.moml.MoMLSimpleApplication@5cbe2b86
----------------- Done invoking toplevel() on ptolemy.moml.MoMLSimpleApplication@5cbe2b86
reloadAllAccessors: .CQBug1

===========================================================================================
----------------- testing Sun Jul 01 01:36:27 UTC 2018 /home/travis/build/icyphy/ptII/ptolemy/domains/de/test/auto/CancelFireAt.xml
----------------- Instantiating /home/travis/build/icyphy/ptII/ptolemy/domains/de/test/auto/CancelFireAt.xml
0 ms. Memory: 307712K Free: 100194K (33%)
----------------- Invoking toplevel() on ptolemy.moml.MoMLSimpleApplication@54c2043d
----------------- Done invoking toplevel() on ptolemy.moml.MoMLSimpleApplication@54c2043d
reloadAllAccessors: .CancelFireAt

===========================================================================================
----------------- testing Sun Jul 01 01:36:27 UTC 2018 /home/travis/build/icyphy/ptII/ptolemy/domains/de/test/auto/CausalityAndComposabilityAnalysis.xml
----------------- Instantiating /home/travis/build/icyphy/ptII/ptolemy/domains/de/test/auto/CausalityAndComposabilityAnalysis.xml
1 ms. Memory: 307712K Free: 91134K (30%)
----------------- Invoking toplevel() on ptolemy.moml.MoMLSimpleApplication@3d2328f4
----------------- Done invoking toplevel() on ptolemy.moml.MoMLSimpleApplication@3d2328f4
reloadAllAccessors: .CausalityAndComposabilityAnalysis

===========================================================================================
----------------- testing Sun Jul 01 01:36:27 UTC 2018 /home/travis/build/icyphy/ptII/ptolemy/domains/de/test/auto/CausalityInterface1.xml
----------------- Instantiating /home/travis/build/icyphy/ptII/ptolemy/domains/de/test/auto/CausalityInterface1.xml
3 ms. Memory: 307712K Free: 78824K (26%)
----------------- Invoking toplevel() on ptolemy.moml.MoMLSimpleApplication@5adb0097
----------------- Done invoking toplevel() on ptolemy.moml.MoMLSimpleApplication@5adb0097
reloadAllAccessors: .CausalityInterface1

===========================================================================================
----------------- testing Sun Jul 01 01:36:27 UTC 2018 /home/travis/build/icyphy/ptII/ptolemy/domains/de/test/auto/CausalityInterface15.xml
----------------- Instantiating /home/travis/build/icyphy/ptII/ptolemy/domains/de/test/auto/CausalityInterface15.xml
1 ms. Memory: 298496K Free: 286488K (96%)
----------------- Invoking toplevel() on ptolemy.moml.MoMLSimpleApplication@3c6d5984
----------------- Done invoking toplevel() on ptolemy.moml.MoMLSimpleApplication@3c6d5984
reloadAllAccessors: .CausalityInterface15

===========================================================================================
----------------- testing Sun Jul 01 01:36:27 UTC 2018 /home/travis/build/icyphy/ptII/ptolemy/domains/de/test/auto/CausalityInterface2.xml
----------------- Instantiating /home/travis/build/icyphy/ptII/ptolemy/domains/de/test/auto/CausalityInterface2.xml
1 ms. Memory: 298496K Free: 277943K (93%)
----------------- Invoking toplevel() on ptolemy.moml.MoMLSimpleApplication@37d91074
----------------- Done invoking toplevel() on ptolemy.moml.MoMLSimpleApplication@37d91074
reloadAllAccessors: .CausalityInterface2

===========================================================================================
----------------- testing Sun Jul 01 01:36:27 UTC 2018 /home/travis/build/icyphy/ptII/ptolemy/domains/de/test/auto/CausalityInterface3.xml
----------------- Instantiating /home/travis/build/icyphy/ptII/ptolemy/domains/de/test/auto/CausalityInterface3.xml
1 ms. Memory: 298496K Free: 269264K (90%)
----------------- Invoking toplevel() on ptolemy.moml.MoMLSimpleApplication@76f76610
----------------- Done invoking toplevel() on ptolemy.moml.MoMLSimpleApplication@76f76610
reloadAllAccessors: .CausalityInterface3

===========================================================================================
----------------- testing Sun Jul 01 01:36:27 UTC 2018 /home/travis/build/icyphy/ptII/ptolemy/domains/de/test/auto/ClockDrift.xml
----------------- Instantiating /home/travis/build/icyphy/ptII/ptolemy/domains/de/test/auto/ClockDrift.xml
13 ms. Memory: 298496K Free: 254079K (85%)
----------------- Invoking toplevel() on ptolemy.moml.MoMLSimpleApplication@4f634aa9
----------------- Done invoking toplevel() on ptolemy.moml.MoMLSimpleApplication@4f634aa9
reloadAllAccessors: .ClockDrift

===========================================================================================
----------------- testing Sun Jul 01 01:36:27 UTC 2018 /home/travis/build/icyphy/ptII/ptolemy/domains/de/test/auto/ClockDriftAndValueChange.xml
----------------- Instantiating /home/travis/build/icyphy/ptII/ptolemy/domains/de/test/auto/ClockDriftAndValueChange.xml
8 ms. Memory: 298496K Free: 238895K (80%)
----------------- Invoking toplevel() on ptolemy.moml.MoMLSimpleApplication@54f4e705
----------------- Done invoking toplevel() on ptolemy.moml.MoMLSimpleApplication@54f4e705
reloadAllAccessors: .ClockDriftAndValueChange

===========================================================================================
----------------- testing Sun Jul 01 01:36:27 UTC 2018 /home/travis/build/icyphy/ptII/ptolemy/domains/de/test/auto/ClockDriftChange.xml
----------------- Instantiating /home/travis/build/icyphy/ptII/ptolemy/domains/de/test/auto/ClockDriftChange.xml
7 ms. Memory: 298496K Free: 223836K (75%)
----------------- Invoking toplevel() on ptolemy.moml.MoMLSimpleApplication@6c99d724
----------------- Done invoking toplevel() on ptolemy.moml.MoMLSimpleApplication@6c99d724
reloadAllAccessors: .ClockDriftChange

===========================================================================================
----------------- testing Sun Jul 01 01:36:27 UTC 2018 /home/travis/build/icyphy/ptII/ptolemy/domains/de/test/auto/ComposableCausalityAnalysis.xml
----------------- Instantiating /home/travis/build/icyphy/ptII/ptolemy/domains/de/test/auto/ComposableCausalityAnalysis.xml
1 ms. Memory: 298496K Free: 215156K (72%)
----------------- Invoking toplevel() on ptolemy.moml.MoMLSimpleApplication@3783ee6c
----------------- Done invoking toplevel() on ptolemy.moml.MoMLSimpleApplication@3783ee6c
reloadAllAccessors: .ComposableCausalityAnalysis

===========================================================================================
----------------- testing Sun Jul 01 01:36:27 UTC 2018 /home/travis/build/icyphy/ptII/ptolemy/domains/de/test/auto/DEFixedPointLimitation.xml
----------------- Instantiating /home/travis/build/icyphy/ptII/ptolemy/domains/de/test/auto/DEFixedPointLimitation.xml
1 ms. Memory: 298496K Free: 208646K (70%)
----------------- Invoking toplevel() on ptolemy.moml.MoMLSimpleApplication@605a6cf7
----------------- Done invoking toplevel() on ptolemy.moml.MoMLSimpleApplication@605a6cf7
reloadAllAccessors: .DEFixedPointLimitation

===========================================================================================
----------------- testing Sun Jul 01 01:36:27 UTC 2018 /home/travis/build/icyphy/ptII/ptolemy/domains/de/test/auto/DEScheduleTest.xml
----------------- Instantiating /home/travis/build/icyphy/ptII/ptolemy/domains/de/test/auto/DEScheduleTest.xml
3 ms. Memory: 298496K Free: 202148K (68%)
----------------- Invoking toplevel() on ptolemy.moml.MoMLSimpleApplication@21692489
----------------- Done invoking toplevel() on ptolemy.moml.MoMLSimpleApplication@21692489
reloadAllAccessors: .DEScheduleTest

===========================================================================================
----------------- testing Sun Jul 01 01:36:27 UTC 2018 /home/travis/build/icyphy/ptII/ptolemy/domains/de/test/auto/DEinDEwithStartTimes.xml
----------------- Instantiating /home/travis/build/icyphy/ptII/ptolemy/domains/de/test/auto/DEinDEwithStartTimes.xml
2 ms. Memory: 298496K Free: 193469K (65%)
----------------- Invoking toplevel() on ptolemy.moml.MoMLSimpleApplication@558f3bb0
----------------- Done invoking toplevel() on ptolemy.moml.MoMLSimpleApplication@558f3bb0
reloadAllAccessors: .DEinDEwithStartTimes

===========================================================================================
----------------- testing Sun Jul 01 01:36:27 UTC 2018 /home/travis/build/icyphy/ptII/ptolemy/domains/de/test/auto/DEinDEwithStartTimes2.xml
----------------- Instantiating /home/travis/build/icyphy/ptII/ptolemy/domains/de/test/auto/DEinDEwithStartTimes2.xml
2 ms. Memory: 298496K Free: 182750K (61%)
----------------- Invoking toplevel() on ptolemy.moml.MoMLSimpleApplication@23ff0447
----------------- Done invoking toplevel() on ptolemy.moml.MoMLSimpleApplication@23ff0447
reloadAllAccessors: .DEinDEwithStartTimes2

===========================================================================================
----------------- testing Sun Jul 01 01:36:28 UTC 2018 /home/travis/build/icyphy/ptII/ptolemy/domains/de/test/auto/DateDemo.xml
----------------- Instantiating /home/travis/build/icyphy/ptII/ptolemy/domains/de/test/auto/DateDemo.xml
5 ms. Memory: 298496K Free: 169723K (57%)
----------------- Invoking toplevel() on ptolemy.moml.MoMLSimpleApplication@47b77caa
----------------- Done invoking toplevel() on ptolemy.moml.MoMLSimpleApplication@47b77caa
reloadAllAccessors: .DateDemo

===========================================================================================
----------------- testing Sun Jul 01 01:36:28 UTC 2018 /home/travis/build/icyphy/ptII/ptolemy/domains/de/test/auto/DateToEvent.xml
----------------- Instantiating /home/travis/build/icyphy/ptII/ptolemy/domains/de/test/auto/DateToEvent.xml
2004 ms. Memory: 298496K Free: 150191K (50%)
----------------- Invoking toplevel() on ptolemy.moml.MoMLSimpleApplication@cd80514
----------------- Done invoking toplevel() on ptolemy.moml.MoMLSimpleApplication@cd80514
reloadAllAccessors: .DateToEvent

===========================================================================================
----------------- testing Sun Jul 01 01:36:30 UTC 2018 /home/travis/build/icyphy/ptII/ptolemy/domains/de/test/auto/DepthTest1.xml
----------------- Instantiating /home/travis/build/icyphy/ptII/ptolemy/domains/de/test/auto/DepthTest1.xml
1 ms. Memory: 298496K Free: 143677K (48%)
----------------- Invoking toplevel() on ptolemy.moml.MoMLSimpleApplication@393b20ce
----------------- Done invoking toplevel() on ptolemy.moml.MoMLSimpleApplication@393b20ce
reloadAllAccessors: .DepthTest1

===========================================================================================
----------------- testing Sun Jul 01 01:36:30 UTC 2018 /home/travis/build/icyphy/ptII/ptolemy/domains/de/test/auto/DepthTest2.xml
----------------- Instantiating /home/travis/build/icyphy/ptII/ptolemy/domains/de/test/auto/DepthTest2.xml
2 ms. Memory: 298496K Free: 132966K (45%)
----------------- Invoking toplevel() on ptolemy.moml.MoMLSimpleApplication@27ae98fb
----------------- Done invoking toplevel() on ptolemy.moml.MoMLSimpleApplication@27ae98fb
reloadAllAccessors: .DepthTest2

===========================================================================================
----------------- testing Sun Jul 01 01:36:30 UTC 2018 /home/travis/build/icyphy/ptII/ptolemy/domains/de/test/auto/DepthTest3.xml
----------------- Instantiating /home/travis/build/icyphy/ptII/ptolemy/domains/de/test/auto/DepthTest3.xml
0 ms. Memory: 298496K Free: 126453K (42%)
----------------- Invoking toplevel() on ptolemy.moml.MoMLSimpleApplication@13a810ca
----------------- Done invoking toplevel() on ptolemy.moml.MoMLSimpleApplication@13a810ca
reloadAllAccessors: .DepthTest3

===========================================================================================
----------------- testing Sun Jul 01 01:36:30 UTC 2018 /home/travis/build/icyphy/ptII/ptolemy/domains/de/test/auto/DepthTest4.xml
----------------- Instantiating /home/travis/build/icyphy/ptII/ptolemy/domains/de/test/auto/DepthTest4.xml
1 ms. Memory: 298496K Free: 117757K (39%)
----------------- Invoking toplevel() on ptolemy.moml.MoMLSimpleApplication@2a7520f3
----------------- Done invoking toplevel() on ptolemy.moml.MoMLSimpleApplication@2a7520f3
reloadAllAccessors: .DepthTest4

===========================================================================================
----------------- testing Sun Jul 01 01:36:30 UTC 2018 /home/travis/build/icyphy/ptII/ptolemy/domains/de/test/auto/DepthTest5.xml
----------------- Instantiating /home/travis/build/icyphy/ptII/ptolemy/domains/de/test/auto/DepthTest5.xml
2 ms. Memory: 298496K Free: 109078K (37%)
----------------- Invoking toplevel() on ptolemy.moml.MoMLSimpleApplication@7143f119
----------------- Done invoking toplevel() on ptolemy.moml.MoMLSimpleApplication@7143f119
reloadAllAccessors: .DepthTest5

===========================================================================================
----------------- testing Sun Jul 01 01:36:30 UTC 2018 /home/travis/build/icyphy/ptII/ptolemy/domains/de/test/auto/DepthTest6.xml
----------------- Instantiating /home/travis/build/icyphy/ptII/ptolemy/domains/de/test/auto/DepthTest6.xml
2 ms. Memory: 298496K Free: 98343K (33%)
----------------- Invoking toplevel() on ptolemy.moml.MoMLSimpleApplication@5c8e2177
----------------- Done invoking toplevel() on ptolemy.moml.MoMLSimpleApplication@5c8e2177
reloadAllAccessors: .DepthTest6

===========================================================================================
----------------- testing Sun Jul 01 01:36:30 UTC 2018 /home/travis/build/icyphy/ptII/ptolemy/domains/de/test/auto/DepthTest7.xml
----------------- Instantiating /home/travis/build/icyphy/ptII/ptolemy/domains/de/test/auto/DepthTest7.xml
1 ms. Memory: 298496K Free: 89664K (30%)
----------------- Invoking toplevel() on ptolemy.moml.MoMLSimpleApplication@39c29899
----------------- Done invoking toplevel() on ptolemy.moml.MoMLSimpleApplication@39c29899
reloadAllAccessors: .DepthTest7

===========================================================================================
----------------- testing Sun Jul 01 01:36:30 UTC 2018 /home/travis/build/icyphy/ptII/ptolemy/domains/de/test/auto/EventToDate.xml
----------------- Instantiating /home/travis/build/icyphy/ptII/ptolemy/domains/de/test/auto/EventToDate.xml
3003 ms. Memory: 289280K Free: 280028K (97%)
----------------- Invoking toplevel() on ptolemy.moml.MoMLSimpleApplication@6bdbed32
----------------- Done invoking toplevel() on ptolemy.moml.MoMLSimpleApplication@6bdbed32
reloadAllAccessors: .EventToDate

===========================================================================================
----------------- testing Sun Jul 01 01:36:33 UTC 2018 /home/travis/build/icyphy/ptII/ptolemy/domains/de/test/auto/FSM1.xml
----------------- Instantiating /home/travis/build/icyphy/ptII/ptolemy/domains/de/test/auto/FSM1.xml
9 ms. Memory: 289280K Free: 262979K (91%)
----------------- Invoking toplevel() on ptolemy.moml.MoMLSimpleApplication@d9a672a
----------------- Done invoking toplevel() on ptolemy.moml.MoMLSimpleApplication@d9a672a
reloadAllAccessors: .FSM1

===========================================================================================
----------------- testing Sun Jul 01 01:36:33 UTC 2018 /home/travis/build/icyphy/ptII/ptolemy/domains/de/test/auto/FSM7.xml
----------------- Instantiating /home/travis/build/icyphy/ptII/ptolemy/domains/de/test/auto/FSM7.xml
9 ms. Memory: 289280K Free: 248456K (86%)
----------------- Invoking toplevel() on ptolemy.moml.MoMLSimpleApplication@4d2caccf
----------------- Done invoking toplevel() on ptolemy.moml.MoMLSimpleApplication@4d2caccf
reloadAllAccessors: .FSM7

===========================================================================================
----------------- testing Sun Jul 01 01:36:33 UTC 2018 /home/travis/build/icyphy/ptII/ptolemy/domains/de/test/auto/Inspection.xml
----------------- Instantiating /home/travis/build/icyphy/ptII/ptolemy/domains/de/test/auto/Inspection.xml
12 ms. Memory: 289280K Free: 232557K (80%)
----------------- Invoking toplevel() on ptolemy.moml.MoMLSimpleApplication@4127132e
----------------- Done invoking toplevel() on ptolemy.moml.MoMLSimpleApplication@4127132e
reloadAllAccessors: .Inspection

===========================================================================================
----------------- testing Sun Jul 01 01:36:33 UTC 2018 /home/travis/build/icyphy/ptII/ptolemy/domains/de/test/auto/Iteration.xml
----------------- Instantiating /home/travis/build/icyphy/ptII/ptolemy/domains/de/test/auto/Iteration.xml
5 ms. Memory: 289280K Free: 224247K (78%)
----------------- Invoking toplevel() on ptolemy.moml.MoMLSimpleApplication@221c93e2
----------------- Done invoking toplevel() on ptolemy.moml.MoMLSimpleApplication@221c93e2
reloadAllAccessors: .Iteration

===========================================================================================
----------------- testing Sun Jul 01 01:36:33 UTC 2018 /home/travis/build/icyphy/ptII/ptolemy/domains/de/test/auto/LineFault.xml
----------------- Instantiating /home/travis/build/icyphy/ptII/ptolemy/domains/de/test/auto/LineFault.xml
412 ms. Memory: 289280K Free: 103736K (36%)
----------------- Invoking toplevel() on ptolemy.moml.MoMLSimpleApplication@74b1100c
----------------- Done invoking toplevel() on ptolemy.moml.MoMLSimpleApplication@74b1100c
reloadAllAccessors: .LineFault

===========================================================================================
----------------- testing Sun Jul 01 01:36:33 UTC 2018 /home/travis/build/icyphy/ptII/ptolemy/domains/de/test/auto/MergeModel1Add.xml
----------------- Instantiating /home/travis/build/icyphy/ptII/ptolemy/domains/de/test/auto/MergeModel1Add.xml
6 ms. Memory: 289280K Free: 81592K (28%)
----------------- Invoking toplevel() on ptolemy.moml.MoMLSimpleApplication@539b1c92
----------------- Done invoking toplevel() on ptolemy.moml.MoMLSimpleApplication@539b1c92
reloadAllAccessors: .MergeModel1Add

===========================================================================================
----------------- testing Sun Jul 01 01:36:33 UTC 2018 /home/travis/build/icyphy/ptII/ptolemy/domains/de/test/auto/MergeModel2Add.xml
----------------- Instantiating /home/travis/build/icyphy/ptII/ptolemy/domains/de/test/auto/MergeModel2Add.xml
5 ms. Memory: 280576K Free: 259502K (92%)
----------------- Invoking toplevel() on ptolemy.moml.MoMLSimpleApplication@7e4d87fd
----------------- Done invoking toplevel() on ptolemy.moml.MoMLSimpleApplication@7e4d87fd
reloadAllAccessors: .MergeModel2Add

===========================================================================================
----------------- testing Sun Jul 01 01:36:33 UTC 2018 /home/travis/build/icyphy/ptII/ptolemy/domains/de/test/auto/MergeModel3Add.xml
----------------- Instantiating /home/travis/build/icyphy/ptII/ptolemy/domains/de/test/auto/MergeModel3Add.xml
7 ms. Memory: 280576K Free: 238747K (85%)
----------------- Invoking toplevel() on ptolemy.moml.MoMLSimpleApplication@7cbb40a7
----------------- Done invoking toplevel() on ptolemy.moml.MoMLSimpleApplication@7cbb40a7
reloadAllAccessors: .MergeModel3Add

===========================================================================================
----------------- testing Sun Jul 01 01:36:34 UTC 2018 /home/travis/build/icyphy/ptII/ptolemy/domains/de/test/auto/MergeWithoutDiscard.xml
----------------- Instantiating /home/travis/build/icyphy/ptII/ptolemy/domains/de/test/auto/MergeWithoutDiscard.xml
1 ms. Memory: 280576K Free: 231916K (83%)
----------------- Invoking toplevel() on ptolemy.moml.MoMLSimpleApplication@76774c14
----------------- Done invoking toplevel() on ptolemy.moml.MoMLSimpleApplication@76774c14
reloadAllAccessors: .MergeWithoutDiscard

===========================================================================================
----------------- testing Sun Jul 01 01:36:34 UTC 2018 /home/travis/build/icyphy/ptII/ptolemy/domains/de/test/auto/Modal1.xml
----------------- Instantiating /home/travis/build/icyphy/ptII/ptolemy/domains/de/test/auto/Modal1.xml
6 ms. Memory: 280576K Free: 217961K (78%)
----------------- Invoking toplevel() on ptolemy.moml.MoMLSimpleApplication@19ba2525
----------------- Done invoking toplevel() on ptolemy.moml.MoMLSimpleApplication@19ba2525
reloadAllAccessors: .Modal1

===========================================================================================
----------------- testing Sun Jul 01 01:36:34 UTC 2018 /home/travis/build/icyphy/ptII/ptolemy/domains/de/test/auto/Modal2.xml
----------------- Instantiating /home/travis/build/icyphy/ptII/ptolemy/domains/de/test/auto/Modal2.xml
10 ms. Memory: 280576K Free: 203159K (72%)
----------------- Invoking toplevel() on ptolemy.moml.MoMLSimpleApplication@24253c17
----------------- Done invoking toplevel() on ptolemy.moml.MoMLSimpleApplication@24253c17
reloadAllAccessors: .Modal2

===========================================================================================
----------------- testing Sun Jul 01 01:36:34 UTC 2018 /home/travis/build/icyphy/ptII/ptolemy/domains/de/test/auto/Modal3.xml
----------------- Instantiating /home/travis/build/icyphy/ptII/ptolemy/domains/de/test/auto/Modal3.xml
6 ms. Memory: 280576K Free: 187210K (67%)
----------------- Invoking toplevel() on ptolemy.moml.MoMLSimpleApplication@366133f0
----------------- Done invoking toplevel() on ptolemy.moml.MoMLSimpleApplication@366133f0
reloadAllAccessors: .Modal3

===========================================================================================
----------------- testing Sun Jul 01 01:36:34 UTC 2018 /home/travis/build/icyphy/ptII/ptolemy/domains/de/test/auto/Modal4.xml
----------------- Instantiating /home/travis/build/icyphy/ptII/ptolemy/domains/de/test/auto/Modal4.xml
9 ms. Memory: 280576K Free: 170413K (61%)
----------------- Invoking toplevel() on ptolemy.moml.MoMLSimpleApplication@184c6aee
----------------- Done invoking toplevel() on ptolemy.moml.MoMLSimpleApplication@184c6aee
reloadAllAccessors: .Modal4

===========================================================================================
----------------- testing Sun Jul 01 01:36:34 UTC 2018 /home/travis/build/icyphy/ptII/ptolemy/domains/de/test/auto/Modal5.xml
----------------- Instantiating /home/travis/build/icyphy/ptII/ptolemy/domains/de/test/auto/Modal5.xml
7 ms. Memory: 280576K Free: 154472K (55%)
----------------- Invoking toplevel() on ptolemy.moml.MoMLSimpleApplication@4663b430
----------------- Done invoking toplevel() on ptolemy.moml.MoMLSimpleApplication@4663b430
reloadAllAccessors: .Modal5

===========================================================================================
----------------- testing Sun Jul 01 01:36:34 UTC 2018 /home/travis/build/icyphy/ptII/ptolemy/domains/de/test/auto/Modal6.xml
----------------- Instantiating /home/travis/build/icyphy/ptII/ptolemy/domains/de/test/auto/Modal6.xml
7 ms. Memory: 280576K Free: 139678K (50%)
----------------- Invoking toplevel() on ptolemy.moml.MoMLSimpleApplication@4c92c6f3
----------------- Done invoking toplevel() on ptolemy.moml.MoMLSimpleApplication@4c92c6f3
reloadAllAccessors: .Modal6

===========================================================================================
----------------- testing Sun Jul 01 01:36:34 UTC 2018 /home/travis/build/icyphy/ptII/ptolemy/domains/de/test/auto/Modal7.xml
----------------- Instantiating /home/travis/build/icyphy/ptII/ptolemy/domains/de/test/auto/Modal7.xml
6 ms. Memory: 280576K Free: 122880K (44%)
----------------- Invoking toplevel() on ptolemy.moml.MoMLSimpleApplication@34541988
----------------- Done invoking toplevel() on ptolemy.moml.MoMLSimpleApplication@34541988
reloadAllAccessors: .Modal7

===========================================================================================
----------------- testing Sun Jul 01 01:36:34 UTC 2018 /home/travis/build/icyphy/ptII/ptolemy/domains/de/test/auto/ModalModel.xml
----------------- Instantiating /home/travis/build/icyphy/ptII/ptolemy/domains/de/test/auto/ModalModel.xml
124 ms. Memory: 271872K Free: 239215K (88%)
----------------- Invoking toplevel() on ptolemy.moml.MoMLSimpleApplication@72e35488
----------------- Done invoking toplevel() on ptolemy.moml.MoMLSimpleApplication@72e35488
reloadAllAccessors: .ModalModel

===========================================================================================
----------------- testing Sun Jul 01 01:36:34 UTC 2018 /home/travis/build/icyphy/ptII/ptolemy/domains/de/test/auto/ModalSource.xml
----------------- Instantiating /home/travis/build/icyphy/ptII/ptolemy/domains/de/test/auto/ModalSource.xml
4 ms. Memory: 271872K Free: 228604K (84%)
----------------- Invoking toplevel() on ptolemy.moml.MoMLSimpleApplication@5dc08f51
----------------- Done invoking toplevel() on ptolemy.moml.MoMLSimpleApplication@5dc08f51
reloadAllAccessors: .ModalSource

===========================================================================================
----------------- testing Sun Jul 01 01:36:34 UTC 2018 /home/travis/build/icyphy/ptII/ptolemy/domains/de/test/auto/NonInterruptibleTimerZeroDelay.xml
----------------- Instantiating /home/travis/build/icyphy/ptII/ptolemy/domains/de/test/auto/NonInterruptibleTimerZeroDelay.xml
2 ms. Memory: 271872K Free: 222940K (82%)
----------------- Invoking toplevel() on ptolemy.moml.MoMLSimpleApplication@2b9fc0fa
----------------- Done invoking toplevel() on ptolemy.moml.MoMLSimpleApplication@2b9fc0fa
reloadAllAccessors: .NonInterruptibleTimerZeroDelay

===========================================================================================
----------------- testing Sun Jul 01 01:36:34 UTC 2018 /home/travis/build/icyphy/ptII/ptolemy/domains/de/test/auto/OpenQueueingNetwork.xml
----------------- Instantiating /home/travis/build/icyphy/ptII/ptolemy/domains/de/test/auto/OpenQueueingNetwork.xml
2049 ms. Memory: 250880K Free: 141578K (56%)
----------------- Invoking toplevel() on ptolemy.moml.MoMLSimpleApplication@20029f2c
----------------- Done invoking toplevel() on ptolemy.moml.MoMLSimpleApplication@20029f2c
reloadAllAccessors: .OpenQueueingNetwork

===========================================================================================
----------------- testing Sun Jul 01 01:36:36 UTC 2018 /home/travis/build/icyphy/ptII/ptolemy/domains/de/test/auto/OpenQueuingNetwork.xml
----------------- Instantiating /home/travis/build/icyphy/ptII/ptolemy/domains/de/test/auto/OpenQueuingNetwork.xml
225 ms. Memory: 242688K Free: 209170K (86%)
----------------- Invoking toplevel() on ptolemy.moml.MoMLSimpleApplication@33d1f143
----------------- Done invoking toplevel() on ptolemy.moml.MoMLSimpleApplication@33d1f143
reloadAllAccessors: .OpenQueuingNetwork

===========================================================================================
----------------- testing Sun Jul 01 01:36:36 UTC 2018 /home/travis/build/icyphy/ptII/ptolemy/domains/de/test/auto/PeriodicSampler.xml
----------------- Instantiating /home/travis/build/icyphy/ptII/ptolemy/domains/de/test/auto/PeriodicSampler.xml
1 ms. Memory: 242688K Free: 202668K (84%)
----------------- Invoking toplevel() on ptolemy.moml.MoMLSimpleApplication@20d09011
----------------- Done invoking toplevel() on ptolemy.moml.MoMLSimpleApplication@20d09011
reloadAllAccessors: .PeriodicSampler

===========================================================================================
----------------- testing Sun Jul 01 01:36:36 UTC 2018 /home/travis/build/icyphy/ptII/ptolemy/domains/de/test/auto/PersistentIO.xml
----------------- Instantiating /home/travis/build/icyphy/ptII/ptolemy/domains/de/test/auto/PersistentIO.xml
4 ms. Memory: 242688K Free: 190942K (79%)
----------------- Invoking toplevel() on ptolemy.moml.MoMLSimpleApplication@53155736
----------------- Done invoking toplevel() on ptolemy.moml.MoMLSimpleApplication@53155736
reloadAllAccessors: .PersistentIO

===========================================================================================
----------------- testing Sun Jul 01 01:36:36 UTC 2018 /home/travis/build/icyphy/ptII/ptolemy/domains/de/test/auto/PortParameterResetOnInitialize.xml
----------------- Instantiating /home/travis/build/icyphy/ptII/ptolemy/domains/de/test/auto/PortParameterResetOnInitialize.xml
3 ms. Memory: 242688K Free: 183845K (76%)
----------------- Invoking toplevel() on ptolemy.moml.MoMLSimpleApplication@665e0b4f
----------------- Done invoking toplevel() on ptolemy.moml.MoMLSimpleApplication@665e0b4f
reloadAllAccessors: .PortParameterResetOnInitialize

===========================================================================================
----------------- testing Sun Jul 01 01:36:36 UTC 2018 /home/travis/build/icyphy/ptII/ptolemy/domains/de/test/auto/PortParameterUpdates.xml
----------------- Instantiating /home/travis/build/icyphy/ptII/ptolemy/domains/de/test/auto/PortParameterUpdates.xml
2 ms. Memory: 242688K Free: 175368K (72%)
----------------- Invoking toplevel() on ptolemy.moml.MoMLSimpleApplication@64241a9
----------------- Done invoking toplevel() on ptolemy.moml.MoMLSimpleApplication@64241a9
reloadAllAccessors: .PortParameterUpdates

===========================================================================================
----------------- testing Sun Jul 01 01:36:36 UTC 2018 /home/travis/build/icyphy/ptII/ptolemy/domains/de/test/auto/QueueAndServer.xml
----------------- Instantiating /home/travis/build/icyphy/ptII/ptolemy/domains/de/test/auto/QueueAndServer.xml
5 ms. Memory: 242688K Free: 166891K (69%)
----------------- Invoking toplevel() on ptolemy.moml.MoMLSimpleApplication@93a0977
----------------- Done invoking toplevel() on ptolemy.moml.MoMLSimpleApplication@93a0977
reloadAllAccessors: .QueueAndServer

===========================================================================================
----------------- testing Sun Jul 01 01:36:36 UTC 2018 /home/travis/build/icyphy/ptII/ptolemy/domains/de/test/auto/Records.xml
----------------- Instantiating /home/travis/build/icyphy/ptII/ptolemy/domains/de/test/auto/Records.xml
6 ms. Memory: 242688K Free: 159818K (66%)
----------------- Invoking toplevel() on ptolemy.moml.MoMLSimpleApplication@6fe81d21
----------------- Done invoking toplevel() on ptolemy.moml.MoMLSimpleApplication@6fe81d21
reloadAllAccessors: .Records

===========================================================================================
----------------- testing Sun Jul 01 01:36:36 UTC 2018 /home/travis/build/icyphy/ptII/ptolemy/domains/de/test/auto/ResetTransitionWithStartTime1.xml
----------------- Instantiating /home/travis/build/icyphy/ptII/ptolemy/domains/de/test/auto/ResetTransitionWithStartTime1.xml
4 ms. Memory: 242688K Free: 149717K (62%)
----------------- Invoking toplevel() on ptolemy.moml.MoMLSimpleApplication@59601186
----------------- Done invoking toplevel() on ptolemy.moml.MoMLSimpleApplication@59601186
reloadAllAccessors: .ResetTransitionWithStartTime1

===========================================================================================
----------------- testing Sun Jul 01 01:36:36 UTC 2018 /home/travis/build/icyphy/ptII/ptolemy/domains/de/test/auto/ResetTransitionWithStartTime2.xml
----------------- Instantiating /home/travis/build/icyphy/ptII/ptolemy/domains/de/test/auto/ResetTransitionWithStartTime2.xml
5 ms. Memory: 242688K Free: 139397K (57%)
----------------- Invoking toplevel() on ptolemy.moml.MoMLSimpleApplication@30a2948e
----------------- Done invoking toplevel() on ptolemy.moml.MoMLSimpleApplication@30a2948e
reloadAllAccessors: .ResetTransitionWithStartTime2

===========================================================================================
----------------- testing Sun Jul 01 01:36:37 UTC 2018 /home/travis/build/icyphy/ptII/ptolemy/domains/de/test/auto/ResetTransitionWithStartTime3.xml
----------------- Instantiating /home/travis/build/icyphy/ptII/ptolemy/domains/de/test/auto/ResetTransitionWithStartTime3.xml
5 ms. Memory: 242688K Free: 129296K (53%)
----------------- Invoking toplevel() on ptolemy.moml.MoMLSimpleApplication@72b31b3b
----------------- Done invoking toplevel() on ptolemy.moml.MoMLSimpleApplication@72b31b3b
reloadAllAccessors: .ResetTransitionWithStartTime3

===========================================================================================
----------------- testing Sun Jul 01 01:36:37 UTC 2018 /home/travis/build/icyphy/ptII/ptolemy/domains/de/test/auto/ResetTransitionWithStartTime4.xml
----------------- Instantiating /home/travis/build/icyphy/ptII/ptolemy/domains/de/test/auto/ResetTransitionWithStartTime4.xml
2 ms. Memory: 242688K Free: 120600K (50%)
----------------- Invoking toplevel() on ptolemy.moml.MoMLSimpleApplication@69b4fc46
----------------- Done invoking toplevel() on ptolemy.moml.MoMLSimpleApplication@69b4fc46
reloadAllAccessors: .ResetTransitionWithStartTime4

===========================================================================================
----------------- testing Sun Jul 01 01:36:37 UTC 2018 /home/travis/build/icyphy/ptII/ptolemy/domains/de/test/auto/ResettableTimer1.xml
----------------- Instantiating /home/travis/build/icyphy/ptII/ptolemy/domains/de/test/auto/ResettableTimer1.xml
2 ms. Memory: 242688K Free: 113731K (47%)
----------------- Invoking toplevel() on ptolemy.moml.MoMLSimpleApplication@630199fa
----------------- Done invoking toplevel() on ptolemy.moml.MoMLSimpleApplication@630199fa
reloadAllAccessors: .ResettableTimer1

===========================================================================================
----------------- testing Sun Jul 01 01:36:37 UTC 2018 /home/travis/build/icyphy/ptII/ptolemy/domains/de/test/auto/ResettableTimer2.xml
----------------- Instantiating /home/travis/build/icyphy/ptII/ptolemy/domains/de/test/auto/ResettableTimer2.xml
2 ms. Memory: 242688K Free: 108274K (45%)
----------------- Invoking toplevel() on ptolemy.moml.MoMLSimpleApplication@645d6fbd
----------------- Done invoking toplevel() on ptolemy.moml.MoMLSimpleApplication@645d6fbd
reloadAllAccessors: .ResettableTimer2

===========================================================================================
----------------- testing Sun Jul 01 01:36:37 UTC 2018 /home/travis/build/icyphy/ptII/ptolemy/domains/de/test/auto/ResettableTimer3.xml
----------------- Instantiating /home/travis/build/icyphy/ptII/ptolemy/domains/de/test/auto/ResettableTimer3.xml
2 ms. Memory: 242688K Free: 103012K (42%)
----------------- Invoking toplevel() on ptolemy.moml.MoMLSimpleApplication@13ee43e4
----------------- Done invoking toplevel() on ptolemy.moml.MoMLSimpleApplication@13ee43e4
reloadAllAccessors: .ResettableTimer3

===========================================================================================
----------------- testing Sun Jul 01 01:36:37 UTC 2018 /home/travis/build/icyphy/ptII/ptolemy/domains/de/test/auto/ResettableTimer4.xml
----------------- Instantiating /home/travis/build/icyphy/ptII/ptolemy/domains/de/test/auto/ResettableTimer4.xml
1 ms. Memory: 242688K Free: 96143K (40%)
----------------- Invoking toplevel() on ptolemy.moml.MoMLSimpleApplication@3d8fdece
----------------- Done invoking toplevel() on ptolemy.moml.MoMLSimpleApplication@3d8fdece
reloadAllAccessors: .ResettableTimer4

===========================================================================================
----------------- testing Sun Jul 01 01:36:37 UTC 2018 /home/travis/build/icyphy/ptII/ptolemy/domains/de/test/auto/ResettableTimer5.xml
----------------- Instantiating /home/travis/build/icyphy/ptII/ptolemy/domains/de/test/auto/ResettableTimer5.xml
1 ms. Memory: 242688K Free: 89079K (37%)
----------------- Invoking toplevel() on ptolemy.moml.MoMLSimpleApplication@787dfdd
----------------- Done invoking toplevel() on ptolemy.moml.MoMLSimpleApplication@787dfdd
reloadAllAccessors: .ResettableTimer5

===========================================================================================
----------------- testing Sun Jul 01 01:36:37 UTC 2018 /home/travis/build/icyphy/ptII/ptolemy/domains/de/test/auto/ResettableTimer6.xml
----------------- Instantiating /home/travis/build/icyphy/ptII/ptolemy/domains/de/test/auto/ResettableTimer6.xml
4 ms. Memory: 242688K Free: 82209K (34%)
----------------- Invoking toplevel() on ptolemy.moml.MoMLSimpleApplication@46315c7c
----------------- Done invoking toplevel() on ptolemy.moml.MoMLSimpleApplication@46315c7c
reloadAllAccessors: .ResettableTimer6

===========================================================================================
----------------- testing Sun Jul 01 01:36:37 UTC 2018 /home/travis/build/icyphy/ptII/ptolemy/domains/de/test/auto/ServerZeroDelay.xml
----------------- Instantiating /home/travis/build/icyphy/ptII/ptolemy/domains/de/test/auto/ServerZeroDelay.xml
2 ms. Memory: 242688K Free: 76736K (32%)
----------------- Invoking toplevel() on ptolemy.moml.MoMLSimpleApplication@16794f06
----------------- Done invoking toplevel() on ptolemy.moml.MoMLSimpleApplication@16794f06
reloadAllAccessors: .ServerZeroDelay

===========================================================================================
----------------- testing Sun Jul 01 01:36:37 UTC 2018 /home/travis/build/icyphy/ptII/ptolemy/domains/de/test/auto/SmartSender.xml
----------------- Instantiating /home/travis/build/icyphy/ptII/ptolemy/domains/de/test/auto/SmartSender.xml
3001 ms. Memory: 242688K Free: 69945K (29%)
----------------- Invoking toplevel() on ptolemy.moml.MoMLSimpleApplication@597a8666
----------------- Done invoking toplevel() on ptolemy.moml.MoMLSimpleApplication@597a8666
reloadAllAccessors: .SmartSender

===========================================================================================
----------------- testing Sun Jul 01 01:36:40 UTC 2018 /home/travis/build/icyphy/ptII/ptolemy/domains/de/test/auto/ThreadedComposite.xml
----------------- Instantiating /home/travis/build/icyphy/ptII/ptolemy/domains/de/test/auto/ThreadedComposite.xml
131 ms. Memory: 235520K Free: 196664K (84%)
----------------- Invoking toplevel() on ptolemy.moml.MoMLSimpleApplication@5eedb373
----------------- Done invoking toplevel() on ptolemy.moml.MoMLSimpleApplication@5eedb373
reloadAllAccessors: .ThreadedComposite

===========================================================================================
----------------- testing Sun Jul 01 01:36:40 UTC 2018 /home/travis/build/icyphy/ptII/ptolemy/domains/de/test/auto/Time.xml
----------------- Instantiating /home/travis/build/icyphy/ptII/ptolemy/domains/de/test/auto/Time.xml
393 ms. Memory: 235520K Free: 140582K (60%)
----------------- Invoking toplevel() on ptolemy.moml.MoMLSimpleApplication@240f55ac
----------------- Done invoking toplevel() on ptolemy.moml.MoMLSimpleApplication@240f55ac
reloadAllAccessors: .Time

===========================================================================================
----------------- testing Sun Jul 01 01:36:40 UTC 2018 /home/travis/build/icyphy/ptII/ptolemy/domains/de/test/auto/TimeDelayZeroDelay.xml
----------------- Instantiating /home/travis/build/icyphy/ptII/ptolemy/domains/de/test/auto/TimeDelayZeroDelay.xml
2 ms. Memory: 235520K Free: 135568K (58%)
----------------- Invoking toplevel() on ptolemy.moml.MoMLSimpleApplication@7cdc5dc9
----------------- Done invoking toplevel() on ptolemy.moml.MoMLSimpleApplication@7cdc5dc9
reloadAllAccessors: .TimeDelayZeroDelay

===========================================================================================
----------------- testing Sun Jul 01 01:36:40 UTC 2018 /home/travis/build/icyphy/ptII/ptolemy/domains/de/test/auto/TimerZeroDelay.xml
----------------- Instantiating /home/travis/build/icyphy/ptII/ptolemy/domains/de/test/auto/TimerZeroDelay.xml
2 ms. Memory: 235520K Free: 130343K (55%)
----------------- Invoking toplevel() on ptolemy.moml.MoMLSimpleApplication@78e896f
----------------- Done invoking toplevel() on ptolemy.moml.MoMLSimpleApplication@78e896f
reloadAllAccessors: .TimerZeroDelay

===========================================================================================
----------------- testing Sun Jul 01 01:36:40 UTC 2018 /home/travis/build/icyphy/ptII/ptolemy/domains/de/test/auto/TimingParadox.xml
----------------- Instantiating /home/travis/build/icyphy/ptII/ptolemy/domains/de/test/auto/TimingParadox.xml
271 ms. Memory: 230400K Free: 209178K (91%)
----------------- Invoking toplevel() on ptolemy.moml.MoMLSimpleApplication@5862ae0d
----------------- Done invoking toplevel() on ptolemy.moml.MoMLSimpleApplication@5862ae0d
reloadAllAccessors: .TimingParadox

===========================================================================================
----------------- testing Sun Jul 01 01:36:41 UTC 2018 /home/travis/build/icyphy/ptII/ptolemy/domains/de/test/auto/TransferInputs.xml
----------------- Instantiating /home/travis/build/icyphy/ptII/ptolemy/domains/de/test/auto/TransferInputs.xml
1 ms. Memory: 230400K Free: 202615K (88%)
----------------- Invoking toplevel() on ptolemy.moml.MoMLSimpleApplication@7041b47c
----------------- Done invoking toplevel() on ptolemy.moml.MoMLSimpleApplication@7041b47c
reloadAllAccessors: .TransferInputs

===========================================================================================
----------------- testing Sun Jul 01 01:36:41 UTC 2018 /home/travis/build/icyphy/ptII/ptolemy/domains/de/test/auto/TransferOutputs2.xml
----------------- Instantiating /home/travis/build/icyphy/ptII/ptolemy/domains/de/test/auto/TransferOutputs2.xml
2 ms. Memory: 230400K Free: 193124K (84%)
----------------- Invoking toplevel() on ptolemy.moml.MoMLSimpleApplication@3aa9560a
----------------- Done invoking toplevel() on ptolemy.moml.MoMLSimpleApplication@3aa9560a
reloadAllAccessors: .TransferOutputs2

===========================================================================================
----------------- testing Sun Jul 01 01:36:41 UTC 2018 /home/travis/build/icyphy/ptII/ptolemy/domains/de/test/auto/Trilateration.xml
----------------- Instantiating /home/travis/build/icyphy/ptII/ptolemy/domains/de/test/auto/Trilateration.xml
10952 ms. Memory: 779776K Free: 94825K (12%)
----------------- Invoking toplevel() on ptolemy.moml.MoMLSimpleApplication@3659dd87
----------------- Done invoking toplevel() on ptolemy.moml.MoMLSimpleApplication@3659dd87
reloadAllAccessors: .Trilateration

===========================================================================================
----------------- testing Sun Jul 01 01:36:52 UTC 2018 /home/travis/build/icyphy/ptII/ptolemy/domains/de/test/auto/TwoSigmaDelta.xml
----------------- Instantiating /home/travis/build/icyphy/ptII/ptolemy/domains/de/test/auto/TwoSigmaDelta.xml
2135 ms. Memory: 741888K Free: 451188K (61%)
----------------- Invoking toplevel() on ptolemy.moml.MoMLSimpleApplication@a606a80
----------------- Done invoking toplevel() on ptolemy.moml.MoMLSimpleApplication@a606a80
reloadAllAccessors: .TwoSigmaDelta

===========================================================================================
----------------- testing Sun Jul 01 01:36:55 UTC 2018 /home/travis/build/icyphy/ptII/ptolemy/domains/de/test/auto/VariableDelay.xml
----------------- Instantiating /home/travis/build/icyphy/ptII/ptolemy/domains/de/test/auto/VariableDelay.xml
2 ms. Memory: 741888K Free: 430663K (58%)
----------------- Invoking toplevel() on ptolemy.moml.MoMLSimpleApplication@32525ff8
----------------- Done invoking toplevel() on ptolemy.moml.MoMLSimpleApplication@32525ff8
reloadAllAccessors: .VariableDelay

===========================================================================================
----------------- testing Sun Jul 01 01:36:55 UTC 2018 /home/travis/build/icyphy/ptII/ptolemy/domains/de/test/auto/VariableDelay2.xml
----------------- Instantiating /home/travis/build/icyphy/ptII/ptolemy/domains/de/test/auto/VariableDelay2.xml
1 ms. Memory: 741888K Free: 416868K (56%)
----------------- Invoking toplevel() on ptolemy.moml.MoMLSimpleApplication@748cfd38
----------------- Done invoking toplevel() on ptolemy.moml.MoMLSimpleApplication@748cfd38
reloadAllAccessors: .VariableDelay2

===========================================================================================
----------------- testing Sun Jul 01 01:36:55 UTC 2018 /home/travis/build/icyphy/ptII/ptolemy/domains/de/test/auto/VariableDelayZeroDelay.xml
----------------- Instantiating /home/travis/build/icyphy/ptII/ptolemy/domains/de/test/auto/VariableDelayZeroDelay.xml
4 ms. Memory: 741888K Free: 403074K (54%)
----------------- Invoking toplevel() on ptolemy.moml.MoMLSimpleApplication@4df42747
----------------- Done invoking toplevel() on ptolemy.moml.MoMLSimpleApplication@4df42747
reloadAllAccessors: .VariableDelayZeroDelay

===========================================================================================
----------------- testing Sun Jul 01 01:36:55 UTC 2018 /home/travis/build/icyphy/ptII/ptolemy/domains/de/test/auto/VariableDelayZeroDelay2.xml
----------------- Instantiating /home/travis/build/icyphy/ptII/ptolemy/domains/de/test/auto/VariableDelayZeroDelay2.xml
2 ms. Memory: 741888K Free: 389280K (52%)
----------------- Invoking toplevel() on ptolemy.moml.MoMLSimpleApplication@74873631
----------------- Done invoking toplevel() on ptolemy.moml.MoMLSimpleApplication@74873631
reloadAllAccessors: .VariableDelayZeroDelay2

===========================================================================================
----------------- testing Sun Jul 01 01:36:55 UTC 2018 /home/travis/build/icyphy/ptII/ptolemy/domains/de/test/auto/deInCt.xml
----------------- Instantiating /home/travis/build/icyphy/ptII/ptolemy/domains/de/test/auto/deInCt.xml
0
1
1
1
0
0
0
1
1
1
1
1
0
0
0
1
1
1
0
0
0
1
1
1
1
0
0
0
0
1
1
1
1
0
0
0
0
0
5 ms. Memory: 741888K Free: 375486K (51%)
----------------- Invoking toplevel() on ptolemy.moml.MoMLSimpleApplication@27171d36
----------------- Done invoking toplevel() on ptolemy.moml.MoMLSimpleApplication@27171d36
reloadAllAccessors: .deInCt

===========================================================================================
----------------- testing Sun Jul 01 01:36:55 UTC 2018 /home/travis/build/icyphy/ptII/ptolemy/domains/de/test/auto/deInCt2.xml
----------------- Instantiating /home/travis/build/icyphy/ptII/ptolemy/domains/de/test/auto/deInCt2.xml
0
1
1
1
0
0
1
1
1
0
0
1
1
1
0
0
1
1
1
0
0
1
1
1
0
0
1
1
1
0
0
1
1
1
0
0
1
1
1
0
0
0
6 ms. Memory: 741888K Free: 361989K (49%)
----------------- Invoking toplevel() on ptolemy.moml.MoMLSimpleApplication@28a04257
----------------- Done invoking toplevel() on ptolemy.moml.MoMLSimpleApplication@28a04257
reloadAllAccessors: .deInCt2

===========================================================================================
----------------- testing Sun Jul 01 01:36:55 UTC 2018 /home/travis/build/icyphy/ptII/ptolemy/domains/de/test/auto/dynamicCausalityInterface1.xml
----------------- Instantiating /home/travis/build/icyphy/ptII/ptolemy/domains/de/test/auto/dynamicCausalityInterface1.xml
1 ms. Memory: 741888K Free: 341579K (46%)
----------------- Invoking toplevel() on ptolemy.moml.MoMLSimpleApplication@1ee0d091
----------------- Done invoking toplevel() on ptolemy.moml.MoMLSimpleApplication@1ee0d091
reloadAllAccessors: .dynamicCausalityInterface1

===========================================================================================
----------------- testing Sun Jul 01 01:36:55 UTC 2018 /home/travis/build/icyphy/ptII/ptolemy/domains/de/test/auto/fsm_de_test.xml
----------------- Instantiating /home/travis/build/icyphy/ptII/ptolemy/domains/de/test/auto/fsm_de_test.xml
7 ms. Memory: 741888K Free: 321167K (43%)
----------------- Invoking toplevel() on ptolemy.moml.MoMLSimpleApplication@2ea372e8
----------------- Done invoking toplevel() on ptolemy.moml.MoMLSimpleApplication@2ea372e8
reloadAllAccessors: .fsm_de_test

===========================================================================================
----------------- testing Sun Jul 01 01:36:55 UTC 2018 /home/travis/build/icyphy/ptII/ptolemy/domains/de/test/auto/functionDependencyReconstruction.xml
----------------- Instantiating /home/travis/build/icyphy/ptII/ptolemy/domains/de/test/auto/functionDependencyReconstruction.xml
2 ms. Memory: 741888K Free: 294157K (40%)
----------------- Invoking toplevel() on ptolemy.moml.MoMLSimpleApplication@48cf8ed5
----------------- Done invoking toplevel() on ptolemy.moml.MoMLSimpleApplication@48cf8ed5
reloadAllAccessors: .functionDependencyReconstruction

===========================================================================================
----------------- testing Sun Jul 01 01:36:55 UTC 2018 /home/travis/build/icyphy/ptII/ptolemy/domains/de/test/auto/multirate.xml
----------------- Instantiating /home/travis/build/icyphy/ptII/ptolemy/domains/de/test/auto/multirate.xml
2 ms. Memory: 741888K Free: 280363K (38%)
----------------- Invoking toplevel() on ptolemy.moml.MoMLSimpleApplication@2d930ac9
----------------- Done invoking toplevel() on ptolemy.moml.MoMLSimpleApplication@2d930ac9
reloadAllAccessors: .multirate

===========================================================================================
----------------- testing Sun Jul 01 01:36:55 UTC 2018 /home/travis/build/icyphy/ptII/ptolemy/domains/de/test/auto/multirate2.xml
----------------- Instantiating /home/travis/build/icyphy/ptII/ptolemy/domains/de/test/auto/multirate2.xml
2 ms. Memory: 741888K Free: 266569K (36%)
----------------- Invoking toplevel() on ptolemy.moml.MoMLSimpleApplication@5ef02852
----------------- Done invoking toplevel() on ptolemy.moml.MoMLSimpleApplication@5ef02852
reloadAllAccessors: .multirate2

===========================================================================================
----------------- testing Sun Jul 01 01:36:55 UTC 2018 /home/travis/build/icyphy/ptII/ptolemy/domains/de/test/auto/realtime.xml
----------------- Instantiating /home/travis/build/icyphy/ptII/ptolemy/domains/de/test/auto/realtime.xml
10002 ms. Memory: 741888K Free: 252775K (34%)
----------------- Invoking toplevel() on ptolemy.moml.MoMLSimpleApplication@15a9cdf9
----------------- Done invoking toplevel() on ptolemy.moml.MoMLSimpleApplication@15a9cdf9
reloadAllAccessors: .realtime

===========================================================================================
----------------- testing Sun Jul 01 01:37:05 UTC 2018 /home/travis/build/icyphy/ptII/ptolemy/domains/de/test/auto/relationGroup.xml
----------------- Instantiating /home/travis/build/icyphy/ptII/ptolemy/domains/de/test/auto/relationGroup.xml
1 ms. Memory: 741888K Free: 239278K (32%)
----------------- Invoking toplevel() on ptolemy.moml.MoMLSimpleApplication@442132ef
----------------- Done invoking toplevel() on ptolemy.moml.MoMLSimpleApplication@442132ef
reloadAllAccessors: .relationGroup

===========================================================================================
----------------- testing Sun Jul 01 01:37:05 UTC 2018 /home/travis/build/icyphy/ptII/ptolemy/domains/de/test/auto/relationGroup2.xml
----------------- Instantiating /home/travis/build/icyphy/ptII/ptolemy/domains/de/test/auto/relationGroup2.xml
2 ms. Memory: 741888K Free: 225483K (30%)
----------------- Invoking toplevel() on ptolemy.moml.MoMLSimpleApplication@537ea7fb
----------------- Done invoking toplevel() on ptolemy.moml.MoMLSimpleApplication@537ea7fb
reloadAllAccessors: .relationGroup2

===========================================================================================
----------------- testing Sun Jul 01 01:37:05 UTC 2018 /home/travis/build/icyphy/ptII/ptolemy/domains/de/test/auto/sortWithOpaquePorts.xml
----------------- Instantiating /home/travis/build/icyphy/ptII/ptolemy/domains/de/test/auto/sortWithOpaquePorts.xml
1 ms. Memory: 741888K Free: 211688K (29%)
----------------- Invoking toplevel() on ptolemy.moml.MoMLSimpleApplication@407d9d28
----------------- Done invoking toplevel() on ptolemy.moml.MoMLSimpleApplication@407d9d28
reloadAllAccessors: .sortWithOpaquePorts

===========================================================================================
----------------- testing Sun Jul 01 01:37:05 UTC 2018 /home/travis/build/icyphy/ptII/ptolemy/domains/de/test/auto/transferInputsandOutputs.xml
----------------- Instantiating /home/travis/build/icyphy/ptII/ptolemy/domains/de/test/auto/transferInputsandOutputs.xml
3 ms. Memory: 741888K Free: 197894K (27%)
----------------- Invoking toplevel() on ptolemy.moml.MoMLSimpleApplication@45b758ae
----------------- Done invoking toplevel() on ptolemy.moml.MoMLSimpleApplication@45b758ae
reloadAllAccessors: .transferInputsandOutputs

===========================================================================================
----------------- testing Sun Jul 01 01:37:05 UTC 2018 /home/travis/build/icyphy/ptII/ptolemy/domains/de/test/auto/triggerType.xml
----------------- Instantiating /home/travis/build/icyphy/ptII/ptolemy/domains/de/test/auto/triggerType.xml
1 ms. Memory: 741888K Free: 184100K (25%)
----------------- Invoking toplevel() on ptolemy.moml.MoMLSimpleApplication@59fdf494
----------------- Done invoking toplevel() on ptolemy.moml.MoMLSimpleApplication@59fdf494
reloadAllAccessors: .triggerType
AutoTests.java: About to close Vertx.
AutoTests.java: Vertx closed.
]]></system-out>
  <system-err><![CDATA[java.lang.RuntimeException: Execution failed
	at ptolemy.moml.MoMLSimpleApplication$UnloadThread.run(MoMLSimpleApplication.java:402)
Caused by: ptolemy.kernel.util.IllegalActionException: Found a zero delay loop containing .dependencyLoop.original
  in .dependencyLoop and .dependencyLoop.original
	at ptolemy.actor.util.CausalityInterfaceForComposites._computeOutputPortDepth(CausalityInterfaceForComposites.java:759)
	at ptolemy.actor.util.CausalityInterfaceForComposites._computeInputDepth(CausalityInterfaceForComposites.java:696)
	at ptolemy.actor.util.CausalityInterfaceForComposites._computeOutputPortDepth(CausalityInterfaceForComposites.java:765)
	at ptolemy.actor.util.CausalityInterfaceForComposites._computeInputDepth(CausalityInterfaceForComposites.java:696)
	at ptolemy.actor.util.CausalityInterfaceForComposites._computeOutputPortDepth(CausalityInterfaceForComposites.java:765)
	at ptolemy.actor.util.CausalityInterfaceForComposites._computeInputDepth(CausalityInterfaceForComposites.java:696)
	at ptolemy.actor.util.CausalityInterfaceForComposites._computeActorDepth(CausalityInterfaceForComposites.java:532)
	at ptolemy.actor.util.CausalityInterfaceForComposites.checkForCycles(CausalityInterfaceForComposites.java:96)
	at ptolemy.domains.de.kernel.DEDirector.preinitialize(DEDirector.java:1338)
	at ptolemy.actor.CompositeActor.preinitialize(CompositeActor.java:1828)
	at ptolemy.actor.Manager.preinitializeAndResolveTypes(Manager.java:1040)
	at ptolemy.actor.Manager.initialize(Manager.java:710)
	at ptolemy.actor.Manager.execute(Manager.java:356)
	at ptolemy.actor.Manager.run(Manager.java:1263)
	at ptolemy.actor.Manager$PtolemyRunThread.run(Manager.java:1915)
java.lang.RuntimeException: Execution failed
	at ptolemy.moml.MoMLSimpleApplication$UnloadThread.run(MoMLSimpleApplication.java:402)
Caused by: ptolemy.kernel.util.IllegalActionException: Found a zero delay loop containing .dependencyLoop2.original
  in .dependencyLoop2 and .dependencyLoop2.original
	at ptolemy.actor.util.CausalityInterfaceForComposites._computeOutputPortDepth(CausalityInterfaceForComposites.java:759)
	at ptolemy.actor.util.CausalityInterfaceForComposites._computeInputDepth(CausalityInterfaceForComposites.java:696)
	at ptolemy.actor.util.CausalityInterfaceForComposites._computeOutputPortDepth(CausalityInterfaceForComposites.java:765)
	at ptolemy.actor.util.CausalityInterfaceForComposites._computeInputDepth(CausalityInterfaceForComposites.java:696)
	at ptolemy.actor.util.CausalityInterfaceForComposites._computeOutputPortDepth(CausalityInterfaceForComposites.java:765)
	at ptolemy.actor.util.CausalityInterfaceForComposites._computeInputDepth(CausalityInterfaceForComposites.java:696)
	at ptolemy.actor.util.CausalityInterfaceForComposites._computeActorDepth(CausalityInterfaceForComposites.java:532)
	at ptolemy.actor.util.CausalityInterfaceForComposites.checkForCycles(CausalityInterfaceForComposites.java:96)
	at ptolemy.domains.de.kernel.DEDirector.preinitialize(DEDirector.java:1338)
	at ptolemy.actor.CompositeActor.preinitialize(CompositeActor.java:1828)
	at ptolemy.actor.Manager.preinitializeAndResolveTypes(Manager.java:1040)
	at ptolemy.actor.Manager.initialize(Manager.java:710)
	at ptolemy.actor.Manager.execute(Manager.java:356)
	at ptolemy.actor.Manager.run(Manager.java:1263)
	at ptolemy.actor.Manager$PtolemyRunThread.run(Manager.java:1915)
java.lang.RuntimeException: Execution failed
	at ptolemy.moml.MoMLSimpleApplication$UnloadThread.run(MoMLSimpleApplication.java:402)
Caused by: ptolemy.kernel.util.IllegalActionException: Found a zero delay loop containing .dependencyLoop.original
  in .dependencyLoop and .dependencyLoop.original
	at ptolemy.actor.util.CausalityInterfaceForComposites._computeOutputPortDepth(CausalityInterfaceForComposites.java:759)
	at ptolemy.actor.util.CausalityInterfaceForComposites._computeInputDepth(CausalityInterfaceForComposites.java:696)
	at ptolemy.actor.util.CausalityInterfaceForComposites._computeOutputPortDepth(CausalityInterfaceForComposites.java:765)
	at ptolemy.actor.util.CausalityInterfaceForComposites._computeInputDepth(CausalityInterfaceForComposites.java:696)
	at ptolemy.actor.util.CausalityInterfaceForComposites._computeOutputPortDepth(CausalityInterfaceForComposites.java:765)
	at ptolemy.actor.util.CausalityInterfaceForComposites._computeInputDepth(CausalityInterfaceForComposites.java:696)
	at ptolemy.actor.util.CausalityInterfaceForComposites._computeActorDepth(CausalityInterfaceForComposites.java:532)
	at ptolemy.actor.util.CausalityInterfaceForComposites.checkForCycles(CausalityInterfaceForComposites.java:96)
	at ptolemy.domains.de.kernel.DEDirector.preinitialize(DEDirector.java:1338)
	at ptolemy.actor.CompositeActor.preinitialize(CompositeActor.java:1828)
	at ptolemy.actor.Manager.preinitializeAndResolveTypes(Manager.java:1040)
	at ptolemy.actor.Manager.initialize(Manager.java:710)
	at ptolemy.actor.Manager.execute(Manager.java:356)
	at ptolemy.actor.Manager.run(Manager.java:1263)
	at ptolemy.actor.Manager$PtolemyRunThread.run(Manager.java:1915)
java.lang.RuntimeException: Execution failed
	at ptolemy.moml.MoMLSimpleApplication$UnloadThread.run(MoMLSimpleApplication.java:402)
Caused by: ptolemy.kernel.util.IllegalActionException: Actor is not ready to fire.  Perhaps UpSample.prefire() returned false? Try debugging the actor by selecting "Listen to Actor".  Also, for SDF check moml for tokenConsumptionRate on input.
  in .DESDFClockTest.Play Bell.Copy1:SDF Director and .DESDFClockTest.Play Bell.UpSample
	at ptolemy.actor.sched.StaticSchedulingDirector.fire(StaticSchedulingDirector.java:227)
	at ptolemy.domains.sdf.kernel.SDFDirector.fire(SDFDirector.java:500)
	at ptolemy.actor.CompositeActor.fire(CompositeActor.java:455)
	at ptolemy.domains.de.kernel.DEDirector._fire(DEDirector.java:1949)
	at ptolemy.domains.de.kernel.DEDirector.fire(DEDirector.java:502)
	at ptolemy.actor.CompositeActor.fire(CompositeActor.java:455)
	at ptolemy.actor.Manager.iterate(Manager.java:851)
	at ptolemy.actor.Manager.execute(Manager.java:369)
	at ptolemy.actor.Manager.run(Manager.java:1263)
	at ptolemy.actor.Manager$PtolemyRunThread.run(Manager.java:1915)
java.lang.RuntimeException: Execution failed
	at ptolemy.moml.MoMLSimpleApplication$UnloadThread.run(MoMLSimpleApplication.java:402)
Caused by: ptolemy.kernel.util.IllegalActionException: Found a zero delay loop containing .dependencyLoop2.original
  in .dependencyLoop2 and .dependencyLoop2.original
	at ptolemy.actor.util.CausalityInterfaceForComposites._computeOutputPortDepth(CausalityInterfaceForComposites.java:759)
	at ptolemy.actor.util.CausalityInterfaceForComposites._computeInputDepth(CausalityInterfaceForComposites.java:696)
	at ptolemy.actor.util.CausalityInterfaceForComposites._computeOutputPortDepth(CausalityInterfaceForComposites.java:765)
	at ptolemy.actor.util.CausalityInterfaceForComposites._computeInputDepth(CausalityInterfaceForComposites.java:696)
	at ptolemy.actor.util.CausalityInterfaceForComposites._computeOutputPortDepth(CausalityInterfaceForComposites.java:765)
	at ptolemy.actor.util.CausalityInterfaceForComposites._computeInputDepth(CausalityInterfaceForComposites.java:696)
	at ptolemy.actor.util.CausalityInterfaceForComposites._computeActorDepth(CausalityInterfaceForComposites.java:532)
	at ptolemy.actor.util.CausalityInterfaceForComposites.checkForCycles(CausalityInterfaceForComposites.java:96)
	at ptolemy.domains.de.kernel.DEDirector.preinitialize(DEDirector.java:1338)
	at ptolemy.actor.CompositeActor.preinitialize(CompositeActor.java:1828)
	at ptolemy.actor.Manager.preinitializeAndResolveTypes(Manager.java:1040)
	at ptolemy.actor.Manager.initialize(Manager.java:710)
	at ptolemy.actor.Manager.execute(Manager.java:356)
	at ptolemy.actor.Manager.run(Manager.java:1263)
	at ptolemy.actor.Manager$PtolemyRunThread.run(Manager.java:1915)
java.lang.RuntimeException: Execution failed
	at ptolemy.moml.MoMLSimpleApplication$UnloadThread.run(MoMLSimpleApplication.java:402)
Caused by: ptolemy.kernel.util.IllegalActionException: Found a zero delay loop containing .HierarchicalModel.A
  in .HierarchicalModel and .HierarchicalModel.A
	at ptolemy.actor.util.CausalityInterfaceForComposites._computeOutputPortDepth(CausalityInterfaceForComposites.java:759)
	at ptolemy.actor.util.CausalityInterfaceForComposites._computeInputDepth(CausalityInterfaceForComposites.java:696)
	at ptolemy.actor.util.CausalityInterfaceForComposites._computeOutputPortDepth(CausalityInterfaceForComposites.java:765)
	at ptolemy.actor.util.CausalityInterfaceForComposites._computeInputDepth(CausalityInterfaceForComposites.java:696)
	at ptolemy.actor.util.CausalityInterfaceForComposites._computeOutputPortDepth(CausalityInterfaceForComposites.java:765)
	at ptolemy.actor.util.CausalityInterfaceForComposites._computeInputDepth(CausalityInterfaceForComposites.java:696)
	at ptolemy.actor.util.CausalityInterfaceForComposites._computeActorDepth(CausalityInterfaceForComposites.java:532)
	at ptolemy.actor.util.CausalityInterfaceForComposites.checkForCycles(CausalityInterfaceForComposites.java:96)
	at ptolemy.domains.de.kernel.DEDirector.preinitialize(DEDirector.java:1338)
	at ptolemy.actor.CompositeActor.preinitialize(CompositeActor.java:1828)
	at ptolemy.actor.Manager.preinitializeAndResolveTypes(Manager.java:1040)
	at ptolemy.actor.Manager.initialize(Manager.java:710)
	at ptolemy.actor.Manager.execute(Manager.java:356)
	at ptolemy.actor.Manager.run(Manager.java:1263)
	at ptolemy.actor.Manager$PtolemyRunThread.run(Manager.java:1915)
java.lang.RuntimeException: Execution failed
	at ptolemy.moml.MoMLSimpleApplication$UnloadThread.run(MoMLSimpleApplication.java:402)
Caused by: ptolemy.kernel.util.IllegalActionException: Test fails in iteration 1.
Value was: 1.0. Should have been: 2.0
  in .DirectFeedback.Test
	at ptolemy.actor.lib.Test.fire(Test.java:268)
	at ptolemy.domains.de.kernel.DEDirector._fire(DEDirector.java:1949)
	at ptolemy.domains.de.kernel.DEDirector.fire(DEDirector.java:502)
	at ptolemy.actor.CompositeActor.fire(CompositeActor.java:455)
	at ptolemy.actor.Manager.iterate(Manager.java:851)
	at ptolemy.actor.Manager.execute(Manager.java:369)
	at ptolemy.actor.Manager.run(Manager.java:1263)
	at ptolemy.actor.Manager$PtolemyRunThread.run(Manager.java:1915)
java.lang.RuntimeException: Execution failed
	at ptolemy.moml.MoMLSimpleApplication$UnloadThread.run(MoMLSimpleApplication.java:402)
Caused by: ptolemy.kernel.util.IllegalActionException: Actor is not ready to fire.  Perhaps UpSample.prefire() returned false? Try debugging the actor by selecting "Listen to Actor".  Also, for SDF check moml for tokenConsumptionRate on input.
  in .DESDFClockTest.Play Bell.Copy1:SDF Director and .DESDFClockTest.Play Bell.UpSample
	at ptolemy.actor.sched.StaticSchedulingDirector.fire(StaticSchedulingDirector.java:227)
	at ptolemy.domains.sdf.kernel.SDFDirector.fire(SDFDirector.java:500)
	at ptolemy.actor.CompositeActor.fire(CompositeActor.java:455)
	at ptolemy.domains.de.kernel.DEDirector._fire(DEDirector.java:1949)
	at ptolemy.domains.de.kernel.DEDirector.fire(DEDirector.java:502)
	at ptolemy.actor.CompositeActor.fire(CompositeActor.java:455)
	at ptolemy.actor.Manager.iterate(Manager.java:851)
	at ptolemy.actor.Manager.execute(Manager.java:369)
	at ptolemy.actor.Manager.run(Manager.java:1263)
	at ptolemy.actor.Manager$PtolemyRunThread.run(Manager.java:1915)
java.lang.reflect.InvocationTargetException
	at sun.reflect.NativeConstructorAccessorImpl.newInstance0(Native Method)
	at sun.reflect.NativeConstructorAccessorImpl.newInstance(NativeConstructorAccessorImpl.java:62)
	at sun.reflect.DelegatingConstructorAccessorImpl.newInstance(DelegatingConstructorAccessorImpl.java:45)
	at java.lang.reflect.Constructor.newInstance(Constructor.java:423)
	at ptolemy.util.test.junit.AutoKnownFailedTests.RunModel(AutoKnownFailedTests.java:107)
	at sun.reflect.NativeMethodAccessorImpl.invoke0(Native Method)
	at sun.reflect.NativeMethodAccessorImpl.invoke(NativeMethodAccessorImpl.java:62)
	at sun.reflect.DelegatingMethodAccessorImpl.invoke(DelegatingMethodAccessorImpl.java:43)
	at java.lang.reflect.Method.invoke(Method.java:498)
	at org.junit.runners.model.FrameworkMethod$1.runReflectiveCall(FrameworkMethod.java:44)
	at org.junit.internal.runners.model.ReflectiveCallable.run(ReflectiveCallable.java:15)
	at org.junit.runners.model.FrameworkMethod.invokeExplosively(FrameworkMethod.java:41)
	at junitparams.internal.InvokeParameterisedMethod.evaluate(InvokeParameterisedMethod.java:102)
	at org.junit.internal.runners.statements.FailOnTimeout$1.run(FailOnTimeout.java:28)
Caused by: ptolemy.kernel.util.IllegalActionException: Actor is not ready to fire.  Perhaps UpSample.prefire() returned false? Try debugging the actor by selecting "Listen to Actor".  Also, for SDF check moml for tokenConsumptionRate on input.
  in .DESDFClockTest.Play Bell.Copy1:SDF Director and .DESDFClockTest.Play Bell.UpSample
	at ptolemy.actor.sched.StaticSchedulingDirector.fire(StaticSchedulingDirector.java:227)
	at ptolemy.domains.sdf.kernel.SDFDirector.fire(SDFDirector.java:500)
	at ptolemy.actor.CompositeActor.fire(CompositeActor.java:455)
	at ptolemy.domains.de.kernel.DEDirector._fire(DEDirector.java:1949)
	at ptolemy.domains.de.kernel.DEDirector.fire(DEDirector.java:502)
	at ptolemy.actor.CompositeActor.fire(CompositeActor.java:455)
	at ptolemy.actor.Manager.iterate(Manager.java:851)
	at ptolemy.actor.Manager.execute(Manager.java:369)
	at ptolemy.actor.Manager.run(Manager.java:1263)
	at ptolemy.actor.Manager$PtolemyRunThread.run(Manager.java:1915)
java.lang.RuntimeException: Execution failed
	at ptolemy.moml.MoMLSimpleApplication$UnloadThread.run(MoMLSimpleApplication.java:402)
Caused by: ptolemy.kernel.util.IllegalActionException: Test fails in iteration 1.
Value was: 1.0. Should have been: 2.0
  in .DirectFeedback.Test
	at ptolemy.actor.lib.Test.fire(Test.java:268)
	at ptolemy.domains.de.kernel.DEDirector._fire(DEDirector.java:1949)
	at ptolemy.domains.de.kernel.DEDirector.fire(DEDirector.java:502)
	at ptolemy.actor.CompositeActor.fire(CompositeActor.java:455)
	at ptolemy.actor.Manager.iterate(Manager.java:851)
	at ptolemy.actor.Manager.execute(Manager.java:369)
	at ptolemy.actor.Manager.run(Manager.java:1263)
	at ptolemy.actor.Manager$PtolemyRunThread.run(Manager.java:1915)
java.lang.reflect.InvocationTargetException
	at sun.reflect.NativeConstructorAccessorImpl.newInstance0(Native Method)
	at sun.reflect.NativeConstructorAccessorImpl.newInstance(NativeConstructorAccessorImpl.java:62)
	at sun.reflect.DelegatingConstructorAccessorImpl.newInstance(DelegatingConstructorAccessorImpl.java:45)
	at java.lang.reflect.Constructor.newInstance(Constructor.java:423)
	at ptolemy.util.test.junit.AutoKnownFailedTests.RunModel(AutoKnownFailedTests.java:107)
	at sun.reflect.NativeMethodAccessorImpl.invoke0(Native Method)
	at sun.reflect.NativeMethodAccessorImpl.invoke(NativeMethodAccessorImpl.java:62)
	at sun.reflect.DelegatingMethodAccessorImpl.invoke(DelegatingMethodAccessorImpl.java:43)
	at java.lang.reflect.Method.invoke(Method.java:498)
	at org.junit.runners.model.FrameworkMethod$1.runReflectiveCall(FrameworkMethod.java:44)
	at org.junit.internal.runners.model.ReflectiveCallable.run(ReflectiveCallable.java:15)
	at org.junit.runners.model.FrameworkMethod.invokeExplosively(FrameworkMethod.java:41)
	at junitparams.internal.InvokeParameterisedMethod.evaluate(InvokeParameterisedMethod.java:102)
	at org.junit.internal.runners.statements.FailOnTimeout$1.run(FailOnTimeout.java:28)
Caused by: ptolemy.kernel.util.IllegalActionException: Test fails in iteration 1.
Value was: 1.0. Should have been: 2.0
  in .DirectFeedback.Test
	at ptolemy.actor.lib.Test.fire(Test.java:268)
	at ptolemy.domains.de.kernel.DEDirector._fire(DEDirector.java:1949)
	at ptolemy.domains.de.kernel.DEDirector.fire(DEDirector.java:502)
	at ptolemy.actor.CompositeActor.fire(CompositeActor.java:455)
	at ptolemy.actor.Manager.iterate(Manager.java:851)
	at ptolemy.actor.Manager.execute(Manager.java:369)
	at ptolemy.actor.Manager.run(Manager.java:1263)
	at ptolemy.actor.Manager$PtolemyRunThread.run(Manager.java:1915)
java.lang.RuntimeException: Execution failed
	at ptolemy.moml.MoMLSimpleApplication$UnloadThread.run(MoMLSimpleApplication.java:402)
Caused by: ptolemy.kernel.util.IllegalActionException: Found a zero delay loop containing .HierarchicalModel.A
  in .HierarchicalModel and .HierarchicalModel.A
	at ptolemy.actor.util.CausalityInterfaceForComposites._computeOutputPortDepth(CausalityInterfaceForComposites.java:759)
	at ptolemy.actor.util.CausalityInterfaceForComposites._computeInputDepth(CausalityInterfaceForComposites.java:696)
	at ptolemy.actor.util.CausalityInterfaceForComposites._computeOutputPortDepth(CausalityInterfaceForComposites.java:765)
	at ptolemy.actor.util.CausalityInterfaceForComposites._computeInputDepth(CausalityInterfaceForComposites.java:696)
	at ptolemy.actor.util.CausalityInterfaceForComposites._computeOutputPortDepth(CausalityInterfaceForComposites.java:765)
	at ptolemy.actor.util.CausalityInterfaceForComposites._computeInputDepth(CausalityInterfaceForComposites.java:696)
	at ptolemy.actor.util.CausalityInterfaceForComposites._computeActorDepth(CausalityInterfaceForComposites.java:532)
	at ptolemy.actor.util.CausalityInterfaceForComposites.checkForCycles(CausalityInterfaceForComposites.java:96)
	at ptolemy.domains.de.kernel.DEDirector.preinitialize(DEDirector.java:1338)
	at ptolemy.actor.CompositeActor.preinitialize(CompositeActor.java:1828)
	at ptolemy.actor.Manager.preinitializeAndResolveTypes(Manager.java:1040)
	at ptolemy.actor.Manager.initialize(Manager.java:710)
	at ptolemy.actor.Manager.execute(Manager.java:356)
	at ptolemy.actor.Manager.run(Manager.java:1263)
	at ptolemy.actor.Manager$PtolemyRunThread.run(Manager.java:1915)
java.lang.reflect.InvocationTargetException
	at sun.reflect.NativeConstructorAccessorImpl.newInstance0(Native Method)
	at sun.reflect.NativeConstructorAccessorImpl.newInstance(NativeConstructorAccessorImpl.java:62)
	at sun.reflect.DelegatingConstructorAccessorImpl.newInstance(DelegatingConstructorAccessorImpl.java:45)
	at java.lang.reflect.Constructor.newInstance(Constructor.java:423)
	at ptolemy.util.test.junit.AutoKnownFailedTests.RunModel(AutoKnownFailedTests.java:107)
	at sun.reflect.NativeMethodAccessorImpl.invoke0(Native Method)
	at sun.reflect.NativeMethodAccessorImpl.invoke(NativeMethodAccessorImpl.java:62)
	at sun.reflect.DelegatingMethodAccessorImpl.invoke(DelegatingMethodAccessorImpl.java:43)
	at java.lang.reflect.Method.invoke(Method.java:498)
	at org.junit.runners.model.FrameworkMethod$1.runReflectiveCall(FrameworkMethod.java:44)
	at org.junit.internal.runners.model.ReflectiveCallable.run(ReflectiveCallable.java:15)
	at org.junit.runners.model.FrameworkMethod.invokeExplosively(FrameworkMethod.java:41)
	at junitparams.internal.InvokeParameterisedMethod.evaluate(InvokeParameterisedMethod.java:102)
	at org.junit.internal.runners.statements.FailOnTimeout$1.run(FailOnTimeout.java:28)
Caused by: ptolemy.kernel.util.IllegalActionException: Found a zero delay loop containing .HierarchicalModel.A
  in .HierarchicalModel and .HierarchicalModel.A
	at ptolemy.actor.util.CausalityInterfaceForComposites._computeOutputPortDepth(CausalityInterfaceForComposites.java:759)
	at ptolemy.actor.util.CausalityInterfaceForComposites._computeInputDepth(CausalityInterfaceForComposites.java:696)
	at ptolemy.actor.util.CausalityInterfaceForComposites._computeOutputPortDepth(CausalityInterfaceForComposites.java:765)
	at ptolemy.actor.util.CausalityInterfaceForComposites._computeInputDepth(CausalityInterfaceForComposites.java:696)
	at ptolemy.actor.util.CausalityInterfaceForComposites._computeOutputPortDepth(CausalityInterfaceForComposites.java:765)
	at ptolemy.actor.util.CausalityInterfaceForComposites._computeInputDepth(CausalityInterfaceForComposites.java:696)
	at ptolemy.actor.util.CausalityInterfaceForComposites._computeActorDepth(CausalityInterfaceForComposites.java:532)
	at ptolemy.actor.util.CausalityInterfaceForComposites.checkForCycles(CausalityInterfaceForComposites.java:96)
	at ptolemy.domains.de.kernel.DEDirector.preinitialize(DEDirector.java:1338)
	at ptolemy.actor.CompositeActor.preinitialize(CompositeActor.java:1828)
	at ptolemy.actor.Manager.preinitializeAndResolveTypes(Manager.java:1040)
	at ptolemy.actor.Manager.initialize(Manager.java:710)
	at ptolemy.actor.Manager.execute(Manager.java:356)
	at ptolemy.actor.Manager.run(Manager.java:1263)
	at ptolemy.actor.Manager$PtolemyRunThread.run(Manager.java:1915)
java.lang.RuntimeException: Execution failed
	at ptolemy.moml.MoMLSimpleApplication$UnloadThread.run(MoMLSimpleApplication.java:402)
Caused by: ptolemy.kernel.util.IllegalActionException: Found a zero delay loop containing .dependencyLoop.original
  in .dependencyLoop and .dependencyLoop.original
	at ptolemy.actor.util.CausalityInterfaceForComposites._computeOutputPortDepth(CausalityInterfaceForComposites.java:759)
	at ptolemy.actor.util.CausalityInterfaceForComposites._computeInputDepth(CausalityInterfaceForComposites.java:696)
	at ptolemy.actor.util.CausalityInterfaceForComposites._computeOutputPortDepth(CausalityInterfaceForComposites.java:765)
	at ptolemy.actor.util.CausalityInterfaceForComposites._computeInputDepth(CausalityInterfaceForComposites.java:696)
	at ptolemy.actor.util.CausalityInterfaceForComposites._computeOutputPortDepth(CausalityInterfaceForComposites.java:765)
	at ptolemy.actor.util.CausalityInterfaceForComposites._computeInputDepth(CausalityInterfaceForComposites.java:696)
	at ptolemy.actor.util.CausalityInterfaceForComposites._computeActorDepth(CausalityInterfaceForComposites.java:532)
	at ptolemy.actor.util.CausalityInterfaceForComposites.checkForCycles(CausalityInterfaceForComposites.java:96)
	at ptolemy.domains.de.kernel.DEDirector.preinitialize(DEDirector.java:1338)
	at ptolemy.actor.CompositeActor.preinitialize(CompositeActor.java:1828)
	at ptolemy.actor.Manager.preinitializeAndResolveTypes(Manager.java:1040)
	at ptolemy.actor.Manager.initialize(Manager.java:710)
	at ptolemy.actor.Manager.execute(Manager.java:356)
	at ptolemy.actor.Manager.run(Manager.java:1263)
	at ptolemy.actor.Manager$PtolemyRunThread.run(Manager.java:1915)
java.lang.reflect.InvocationTargetException
	at sun.reflect.NativeConstructorAccessorImpl.newInstance0(Native Method)
	at sun.reflect.NativeConstructorAccessorImpl.newInstance(NativeConstructorAccessorImpl.java:62)
	at sun.reflect.DelegatingConstructorAccessorImpl.newInstance(DelegatingConstructorAccessorImpl.java:45)
	at java.lang.reflect.Constructor.newInstance(Constructor.java:423)
	at ptolemy.util.test.junit.AutoKnownFailedTests.RunModel(AutoKnownFailedTests.java:107)
	at sun.reflect.NativeMethodAccessorImpl.invoke0(Native Method)
	at sun.reflect.NativeMethodAccessorImpl.invoke(NativeMethodAccessorImpl.java:62)
	at sun.reflect.DelegatingMethodAccessorImpl.invoke(DelegatingMethodAccessorImpl.java:43)
	at java.lang.reflect.Method.invoke(Method.java:498)
	at org.junit.runners.model.FrameworkMethod$1.runReflectiveCall(FrameworkMethod.java:44)
	at org.junit.internal.runners.model.ReflectiveCallable.run(ReflectiveCallable.java:15)
	at org.junit.runners.model.FrameworkMethod.invokeExplosively(FrameworkMethod.java:41)
	at junitparams.internal.InvokeParameterisedMethod.evaluate(InvokeParameterisedMethod.java:102)
	at org.junit.internal.runners.statements.FailOnTimeout$1.run(FailOnTimeout.java:28)
Caused by: ptolemy.kernel.util.IllegalActionException: Found a zero delay loop containing .dependencyLoop.original
  in .dependencyLoop and .dependencyLoop.original
	at ptolemy.actor.util.CausalityInterfaceForComposites._computeOutputPortDepth(CausalityInterfaceForComposites.java:759)
	at ptolemy.actor.util.CausalityInterfaceForComposites._computeInputDepth(CausalityInterfaceForComposites.java:696)
	at ptolemy.actor.util.CausalityInterfaceForComposites._computeOutputPortDepth(CausalityInterfaceForComposites.java:765)
	at ptolemy.actor.util.CausalityInterfaceForComposites._computeInputDepth(CausalityInterfaceForComposites.java:696)
	at ptolemy.actor.util.CausalityInterfaceForComposites._computeOutputPortDepth(CausalityInterfaceForComposites.java:765)
	at ptolemy.actor.util.CausalityInterfaceForComposites._computeInputDepth(CausalityInterfaceForComposites.java:696)
	at ptolemy.actor.util.CausalityInterfaceForComposites._computeActorDepth(CausalityInterfaceForComposites.java:532)
	at ptolemy.actor.util.CausalityInterfaceForComposites.checkForCycles(CausalityInterfaceForComposites.java:96)
	at ptolemy.domains.de.kernel.DEDirector.preinitialize(DEDirector.java:1338)
	at ptolemy.actor.CompositeActor.preinitialize(CompositeActor.java:1828)
	at ptolemy.actor.Manager.preinitializeAndResolveTypes(Manager.java:1040)
	at ptolemy.actor.Manager.initialize(Manager.java:710)
	at ptolemy.actor.Manager.execute(Manager.java:356)
	at ptolemy.actor.Manager.run(Manager.java:1263)
	at ptolemy.actor.Manager$PtolemyRunThread.run(Manager.java:1915)
java.lang.RuntimeException: Execution failed
	at ptolemy.moml.MoMLSimpleApplication$UnloadThread.run(MoMLSimpleApplication.java:402)
Caused by: ptolemy.kernel.util.IllegalActionException: Found a zero delay loop containing .dependencyLoop2.original
  in .dependencyLoop2 and .dependencyLoop2.original
	at ptolemy.actor.util.CausalityInterfaceForComposites._computeOutputPortDepth(CausalityInterfaceForComposites.java:759)
	at ptolemy.actor.util.CausalityInterfaceForComposites._computeInputDepth(CausalityInterfaceForComposites.java:696)
	at ptolemy.actor.util.CausalityInterfaceForComposites._computeOutputPortDepth(CausalityInterfaceForComposites.java:765)
	at ptolemy.actor.util.CausalityInterfaceForComposites._computeInputDepth(CausalityInterfaceForComposites.java:696)
	at ptolemy.actor.util.CausalityInterfaceForComposites._computeOutputPortDepth(CausalityInterfaceForComposites.java:765)
	at ptolemy.actor.util.CausalityInterfaceForComposites._computeInputDepth(CausalityInterfaceForComposites.java:696)
	at ptolemy.actor.util.CausalityInterfaceForComposites._computeActorDepth(CausalityInterfaceForComposites.java:532)
	at ptolemy.actor.util.CausalityInterfaceForComposites.checkForCycles(CausalityInterfaceForComposites.java:96)
	at ptolemy.domains.de.kernel.DEDirector.preinitialize(DEDirector.java:1338)
	at ptolemy.actor.CompositeActor.preinitialize(CompositeActor.java:1828)
	at ptolemy.actor.Manager.preinitializeAndResolveTypes(Manager.java:1040)
	at ptolemy.actor.Manager.initialize(Manager.java:710)
	at ptolemy.actor.Manager.execute(Manager.java:356)
	at ptolemy.actor.Manager.run(Manager.java:1263)
	at ptolemy.actor.Manager$PtolemyRunThread.run(Manager.java:1915)
java.lang.reflect.InvocationTargetException
	at sun.reflect.NativeConstructorAccessorImpl.newInstance0(Native Method)
	at sun.reflect.NativeConstructorAccessorImpl.newInstance(NativeConstructorAccessorImpl.java:62)
	at sun.reflect.DelegatingConstructorAccessorImpl.newInstance(DelegatingConstructorAccessorImpl.java:45)
	at java.lang.reflect.Constructor.newInstance(Constructor.java:423)
	at ptolemy.util.test.junit.AutoKnownFailedTests.RunModel(AutoKnownFailedTests.java:107)
	at sun.reflect.NativeMethodAccessorImpl.invoke0(Native Method)
	at sun.reflect.NativeMethodAccessorImpl.invoke(NativeMethodAccessorImpl.java:62)
	at sun.reflect.DelegatingMethodAccessorImpl.invoke(DelegatingMethodAccessorImpl.java:43)
	at java.lang.reflect.Method.invoke(Method.java:498)
	at org.junit.runners.model.FrameworkMethod$1.runReflectiveCall(FrameworkMethod.java:44)
	at org.junit.internal.runners.model.ReflectiveCallable.run(ReflectiveCallable.java:15)
	at org.junit.runners.model.FrameworkMethod.invokeExplosively(FrameworkMethod.java:41)
	at junitparams.internal.InvokeParameterisedMethod.evaluate(InvokeParameterisedMethod.java:102)
	at org.junit.internal.runners.statements.FailOnTimeout$1.run(FailOnTimeout.java:28)
Caused by: ptolemy.kernel.util.IllegalActionException: Found a zero delay loop containing .dependencyLoop2.original
  in .dependencyLoop2 and .dependencyLoop2.original
	at ptolemy.actor.util.CausalityInterfaceForComposites._computeOutputPortDepth(CausalityInterfaceForComposites.java:759)
	at ptolemy.actor.util.CausalityInterfaceForComposites._computeInputDepth(CausalityInterfaceForComposites.java:696)
	at ptolemy.actor.util.CausalityInterfaceForComposites._computeOutputPortDepth(CausalityInterfaceForComposites.java:765)
	at ptolemy.actor.util.CausalityInterfaceForComposites._computeInputDepth(CausalityInterfaceForComposites.java:696)
	at ptolemy.actor.util.CausalityInterfaceForComposites._computeOutputPortDepth(CausalityInterfaceForComposites.java:765)
	at ptolemy.actor.util.CausalityInterfaceForComposites._computeInputDepth(CausalityInterfaceForComposites.java:696)
	at ptolemy.actor.util.CausalityInterfaceForComposites._computeActorDepth(CausalityInterfaceForComposites.java:532)
	at ptolemy.actor.util.CausalityInterfaceForComposites.checkForCycles(CausalityInterfaceForComposites.java:96)
	at ptolemy.domains.de.kernel.DEDirector.preinitialize(DEDirector.java:1338)
	at ptolemy.actor.CompositeActor.preinitialize(CompositeActor.java:1828)
	at ptolemy.actor.Manager.preinitializeAndResolveTypes(Manager.java:1040)
	at ptolemy.actor.Manager.initialize(Manager.java:710)
	at ptolemy.actor.Manager.execute(Manager.java:356)
	at ptolemy.actor.Manager.run(Manager.java:1263)
	at ptolemy.actor.Manager$PtolemyRunThread.run(Manager.java:1915)
]]></system-err>
</testsuite>
