<?xml version="1.0" encoding="UTF-8" ?>
<testsuite errors="0" failures="0" hostname="travis-job-ca0fdf7e-970f-40b2-b2ae-e18ff84afc81" name="ptolemy.actor.lib.test.junit.JUnitTclTest" skipped="0" tests="517" time="60.527" timestamp="2019-05-10T04:14:48">
  <properties>
    <property name="npm.executable" value="npm" />
    <property name="file.encoding.pkg" value="sun.io" />
    <property name="env.TRAVIS_ROOT" value="/" />
    <property name="ptII.mk.exists" value="true" />
    <property name="env.TRAVIS_APP_HOST" value="build.travis-ci.org" />
    <property name="env.rvm_bin_path" value="/home/travis/.rvm/bin" />
    <property name="java.home" value="/usr/lib/jvm/java-8-oracle/jre" />
    <property name="env.TRAVIS_JOB_NUMBER" value="1126.8" />
    <property name="env.TRAVIS_HOME" value="/home/travis" />
    <property name="env.DISPLAY" value=":99.0" />
    <property name="java.net.preferIPv4Stack" value="true" />
    <property name="env.TRAVIS_INIT" value="upstart" />
    <property name="env.SSH_TTY" value="/dev/pts/0" />
    <property name="env.RUN_TESTS" value="true" />
    <property name="timeout.short" value="1000000" />
    <property name="env.TRAVIS_JOB_NAME" value="" />
    <property name="env.TRAVIS_STACK_NODE_ATTRIBUTES" value="/.node-attributes.yml" />
    <property name="junit.formatter" value="xml" />
    <property name="java.endorsed.dirs" value="/usr/lib/jvm/java-8-oracle/jre/lib/endorsed" />
    <property name="env.TRAVIS_SUDO" value="true" />
    <property name="env.LOGNAME" value="travis" />
    <property name="env.PT_TRAVIS_TEST_CORE1_XML" value="true" />
    <property name="jsdoc.home" value="node_modules/@terraswarm/jsdoc" />
    <property name="debuglevel" value="source,lines,vars" />
    <property name="checkstyle.formatter" value="xml" />
    <property name="bin.vergil.makeable" value="true" />
    <property name="env._system_version" value="14.04" />
    <property name="sun.os.patch.level" value="unknown" />
    <property name="java.vendor.url" value="http://java.oracle.com/" />
    <property name="env.TRAVIS_BUILD_WEB_URL" value="https://travis-ci.org/icyphy/ptII/builds/530577249" />
    <property name="java.version" value="1.8.0_151" />
    <property name="env.TZ" value="UTC" />
    <property name="env.PT_NO_NET" value="true" />
    <property name="env.TRAVIS_PULL_REQUEST_SHA" value="" />
    <property name="env.TRAVIS_SECURE_ENV_VARS" value="true" />
    <property name="env._system_type" value="Linux" />
    <property name="java.vendor.url.bug" value="http://bugreport.sun.com/bugreport/" />
    <property name="env.SSH_CLIENT" value="10.10.4.87 36166 22" />
    <property name="npmjs-org-is-up" value="true" />
    <property name="env.GEM_HOME" value="/home/travis/.rvm/gems/ruby-2.4.1" />
    <property name="env.HAS_ANTARES_THREE_LITTLE_FRONZIES_BADGE" value="true" />
    <property name="env.PS4" value="+" />
    <property name="ant.project.invoked-targets" value="build,test.core1.xml" />
    <property name="env.TRAVIS_PULL_REQUEST_BRANCH" value="" />
    <property name="env.TRAVIS_REPO_SLUG" value="icyphy/ptII" />
    <property name="env.TRAVIS_APT_PROXY" value="http://build-cache.travisci.net" />
    <property name="node.in.path" value="true" />
    <property name="java.maxmemory" value="1400m" />
    <property name="env.RUBY_VERSION" value="ruby-2.4.1" />
    <property name="user.name" value="travis" />
    <property name="env.LANG" value="en_US.UTF-8" />
    <property name="sun.io.unicode.encoding" value="UnicodeLittle" />
    <property name="sun.jnu.encoding" value="UTF-8" />
    <property name="java.runtime.name" value="Java(TM) SE Runtime Environment" />
    <property name="usefile" value="false" />
    <property name="return.code" value="0" />
    <property name="junit.single.formatter" value="plain" />
    <property name="env.DYLD_LIBRARY_PATH" value="/home/travis/pthla/certi-tools/lib:" />
    <property name="env.DEBIAN_FRONTEND" value="noninteractive" />
    <property name="env.SSH_CONNECTION" value="10.10.4.87 36166 10.20.1.25 22" />
    <property name="env.MYSQL_UNIX_PORT" value="/var/run/mysqld/mysqld.sock" />
    <property name="env.TRAVIS_ALLOW_FAILURE" value="false" />
    <property name="env.LC_ALL" value="en_US.UTF-8" />
    <property name="env.TRAVIS_JOB_WEB_URL" value="https://travis-ci.org/icyphy/ptII/jobs/530577260" />
    <property name="java.specification.name" value="Java Platform API Specification" />
    <property name="node.works" value="true" />
    <property name="user.timezone" value="" />
    <property name="path.separator" value=":" />
    <property name="env.TRAVIS_ENABLE_INFRA_DETECTION" value="true" />
    <property name="env.PYTHON_CFLAGS" value="-g -fstack-protector --param=ssp-buffer-size=4 -Wformat -Werror=format-security" />
    <property name="timeout.long" value="4000000" />
    <property name="env.CERTI_HOME" value="/home/travis/pthla/certi-tools" />
    <property name="file.encoding" value="UTF-8" />
    <property name="ant.file.ptII" value="/home/travis/build/icyphy/ptII/build.xml" />
    <property name="javadoc.packagenames" value="com.*,diva.*,lbnl.*,org.hlacerti.*,org.json.*,org.ptolemy.*,org.terraswarm.*,ptolemy.*,ptserver.*" />
    <property name="env.TRAVIS_PULL_REQUEST_SLUG" value="" />
    <property name="ant.project.default-target" value="build" />
    <property name="env.GIT_ASKPASS" value="echo" />
    <property name="env.HOME" value="/home/travis" />
    <property name="sun.java.command" value="org.apache.tools.ant.taskdefs.optional.junit.JUnitTestRunner ptolemy.actor.lib.test.junit.JUnitTclTest skipNonTests=false filtertrace=true haltOnError=false haltOnFailure=false formatter=org.apache.tools.ant.taskdefs.optional.junit.OutErrSummaryJUnitResultFormatter showoutput=true outputtoformatters=true logfailedtests=true threadid=0 logtestlistenerevents=false formatter=org.apache.tools.ant.taskdefs.optional.junit.XMLJUnitResultFormatter,/home/travis/build/icyphy/ptII/reports/junit/TEST-ptolemy.actor.lib.test.junit.JUnitTclTest.xml crashfile=/home/travis/build/icyphy/ptII/junitvmwatcher4259814781388437067.properties propsfile=/home/travis/build/icyphy/ptII/junit4266372507883174576.properties" />
    <property name="env.MANPATH" value="/home/travis/.nvm/versions/node/v7.10.1/share/man:/home/travis/.kiex/elixirs/elixir-1.4.5/man:/home/travis/.rvm/rubies/ruby-2.4.1/share/man:/usr/local/man:/usr/local/cmake-3.9.2/man:/usr/local/clang-5.0.0/share/man:/usr/local/share/man:/usr/share/man:/home/travis/.rvm/man" />
    <property name="env.COMPOSER_NO_INTERACTION" value="1" />
    <property name="env.JDK_SWITCHER_DEFAULT" value="oraclejdk8" />
    <property name="env.TRAVIS_TIMER_ID" value="0744481c" />
    <property name="ant.file" value="/home/travis/build/icyphy/ptII/build.xml" />
    <property name="env.TRAVIS_COMMIT_RANGE" value="1588380d5a0cb681557566111709d60c983d08cd...25358e19e906f8e9155807d44808777cd5710b63" />
    <property name="env._system_name" value="Ubuntu" />
    <property name="timeout" value="2400000" />
    <property name="ptII.classpath.optional.property" value="/home/travis/build/icyphy/ptII/lib/bsh-2.0b4.jar:/home/travis/build/icyphy/ptII/lib/ptCal.jar:/home/travis/build/icyphy/ptII/lib/java_cup.jar:/home/travis/build/icyphy/ptII/lib/saxon8.jar:/home/travis/build/icyphy/ptII/lib/saxon8-dom.jar:/home/travis/build/icyphy/ptII/lib/chic.jar:/home/travis/build/icyphy/ptII/lib/ptcolt.jar:/usr/lib/jvm/java-8-oracle/lib/tools.jar:/home/travis/build/icyphy/ptII/vendors/misc/itext/iText.jar:/home/travis/build/icyphy/ptII/lib/g4ltl.jar:/home/travis/build/icyphy/ptII/lib/StructuralCoder.jar:/home/travis/build/icyphy/ptII/vendors/jai-1_1_2_01/lib/jai_core.jar:/home/travis/build/icyphy/ptII/vendors/jai-1_1_2_01/lib/jai_codec.jar:/home/travis/build/icyphy/ptII/lib/jcerti.jar:/home/travis/build/icyphy/ptII/lib/javax.mail.jar:/home/travis/build/icyphy/ptII/vendors/JMF-2.1.1e/lib/jmf.jar:/home/travis/build/icyphy/ptII/lib/jna-4.0.0-variadic.jar:/home/travis/build/icyphy/ptII/vendors/misc/joystick/Joystick.jar:/home/travis/build/icyphy/ptII/lib/ptjacl.jar:/home/travis/build/icyphy/ptII/lib/jsoup-1.8.2.jar:/home/travis/build/icyphy/ptII/lib/junit-4.8.2.jar:/home/travis/build/icyphy/ptII/lib/JUnitParams-0.4.0.jar:/home/travis/build/icyphy/ptII/ptolemy/actor/lib/excel/jxl.jar:/home/travis/build/icyphy/ptII/lib/jython.jar:/home/travis/build/icyphy/ptII/lib/kieler.jar:/home/travis/build/icyphy/ptII/vendors/opencv/share/OpenCV/java/opencv-341.jar:/home/travis/build/icyphy/ptII/lib/oscP5.jar:/home/travis/build/icyphy/ptII/lib/nrjavaserial-3.11.0.devel.jar:/home/travis/build/icyphy/ptII/vendors/j3d/lib/j3dcore.jar:/home/travis/build/icyphy/ptII/vendors/j3d/lib/j3dutils.jar:/home/travis/build/icyphy/ptII/vendors/j3d/lib/vecmath.jar:/home/travis/build/icyphy/ptII/ptolemy/distributed/jini/jar/jini-core.jar:/home/travis/build/icyphy/ptII/ptolemy/distributed/jini/jar/jini-ext.jar:/home/travis/build/icyphy/ptII/ptolemy/distributed/jini/jar/sun-util.jar:/home/travis/build/icyphy/ptII/lib/protobuf-java-2.4.1.jar:/home/travis/build/icyphy/ptII/lib/org.eclipse.paho.client.mqttv3.jar:/home/travis/build/icyphy/ptII/lib/mapss.jar:/home/travis/build/icyphy/ptII/ptolemy/actor/ptalon/antlr/antlr.jar:/home/travis/build/icyphy/ptII/lib/JRI.jar:/home/travis/build/icyphy/ptII/lib/commons-lang-2.6.jar:/home/travis/build/icyphy/ptII/lib/commons-logging-1.1.1.jar:/home/travis/build/icyphy/ptII/lib/sootclasses.jar:/home/travis/build/icyphy/ptII/ptolemy/actor/lib/database/mysql-connector-java-5.1.6-bin.jar:/home/travis/build/icyphy/ptII/vendors/misc/sphinx4/sphinx4-data-5prealpha.jar:/home/travis/build/icyphy/ptII/vendors/misc/sphinx4/sphinx4-core-5prealpha.jar:/home/travis/build/icyphy/ptII/lib/PDFRenderer.jar:/home/travis/build/icyphy/ptII/lib/svgSalamander.jar:/home/travis/build/icyphy/ptII/lib/rsyntaxtextarea-2.6.0-SNAPSHOT.jar:/home/travis/build/icyphy/ptII/lib/hazelcast-3.8.2.jar:/home/travis/build/icyphy/ptII/lib/jackson-annotations-2.9.0.jar:/home/travis/build/icyphy/ptII/lib/jackson-core-2.9.3.jar:/home/travis/build/icyphy/ptII/lib/jackson-databind-2.9.3.jar:/home/travis/build/icyphy/ptII/lib/netty-buffer-4.1.19.Final.jar:/home/travis/build/icyphy/ptII/lib/netty-codec-4.1.19.Final.jar:/home/travis/build/icyphy/ptII/lib/netty-codec-dns-4.1.19.Final.jar:/home/travis/build/icyphy/ptII/lib/netty-codec-http-4.1.19.Final.jar:/home/travis/build/icyphy/ptII/lib/netty-codec-http2-4.1.19.Final.jar:/home/travis/build/icyphy/ptII/lib/netty-common-4.1.19.Final.jar:/home/travis/build/icyphy/ptII/lib/netty-handler-4.1.19.Final.jar:/home/travis/build/icyphy/ptII/lib/netty-resolver-4.1.19.Final.jar:/home/travis/build/icyphy/ptII/lib/netty-resolver-dns-4.1.19.Final.jar:/home/travis/build/icyphy/ptII/lib/netty-transport-4.1.19.Final.jar:/home/travis/build/icyphy/ptII/lib/vertx-codegen-3.5.1.jar:/home/travis/build/icyphy/ptII/lib/vertx-core-3.5.2-SNAPSHOT.jar:/home/travis/build/icyphy/ptII/lib/vertx-hazelcast-3.5.1.jar:/home/travis/build/icyphy/ptII/lib/vertx-lang-js-3.5.1.jar:/home/travis/build/icyphy/ptII/lib/vertx-service-proxy-3.5.1.jar:/home/travis/build/icyphy/ptII/lib/vertx-web-3.5.1.jar:/home/travis/build/icyphy/ptII/lib/slf4j-api-1.7.13.jar:/home/travis/build/icyphy/ptII/lib/slf4j-simple-1.7.13.jar:/home/travis/build/icyphy/ptII/lib/webcam-capture-0.3.12.jar:/home/travis/build/icyphy/ptII/lib/bridj-0.7.0.jar:/home/travis/build/icyphy/ptII/lib/xbjlib-1.1.0.nrjavaserial.jar" />
    <property name="test.batch" value="**/junit/*.java" />
    <property name="env._" value="/usr/bin/timeout" />
    <property name="java.io.tmpdir" value="/tmp" />
    <property name="env.TRAVIS_INTERNAL_RUBY_REGEX" value="^ruby-(2\.[0-4]\.[0-9]|1\.9\.3)" />
    <property name="user.language" value="en" />
    <property name="env.HISTCONTROL" value="ignoredups:ignorespace" />
    <property name="env.GOROOT" value="/home/travis/.gimme/versions/go1.7.4.linux.amd64" />
    <property name="line.separator" value="&#xa;" />
    <property name="target" value="1.8" />
    <property name="env.TRAVIS_BUILD_DIR" value="/home/travis/build/icyphy/ptII" />
    <property name="env.ANT_OPTS" value="-Xmx2048m" />
    <property name="ant.file.type" value="file" />
    <property name="ptolemy.ptII.batchMode" value="true" />
    <property name="env.HISTSIZE" value="1000" />
    <property name="env.MERB_ENV" value="test" />
    <property name="java.vm.info" value="mixed mode" />
    <property name="source" value="1.8" />
    <property name="java.vm.specification.name" value="Java Virtual Machine Specification" />
    <property name="env.TRAVIS_TEST_RESULT" value="0" />
    <property name="jsdoc.command" value="node_modules/@terraswarm/jsdoc/jsdoc.js" />
    <property name="npm.works" value="true" />
    <property name="cobertura.dir" value="/home/travis/build/icyphy/ptII/vendors/cobertura-2.0.3" />
    <property name="env.rvm_path" value="/home/travis/.rvm" />
    <property name="env.GEM_PATH" value="/home/travis/.rvm/gems/ruby-2.4.1:/home/travis/.rvm/gems/ruby-2.4.1@global" />
    <property name="env.LC_CTYPE" value="en_US.UTF-8" />
    <property name="java.awt.printerjob" value="sun.print.PSPrinterJob" />
    <property name="env.TRAVIS_CMD" value="$PTII/bin/ptIITravisBuild.sh $SECONDS" />
    <property name="env.TRAVIS_STACK_NAME" value="garnet" />
    <property name="env.TRAVIS_TIMER_START_TIME" value="1557461307547391539" />
    <property name="ant.version" value="Apache Ant(TM) version 1.10.1 compiled on February 2 2017" />
    <property name="ptII.reports" value="/home/travis/build/icyphy/ptII/reports" />
    <property name="env.TRAVIS_STACK_TIMESTAMP" value="2017-12-05 19:33:09 UTC" />
    <property name="ant.file.type.ptII" value="file" />
    <property name="env.RBENV_SHELL" value="bash" />
    <property name="os.name" value="Linux" />
    <property name="java.specification.vendor" value="Oracle Corporation" />
    <property name="env.rvm_version" value="1.29.3 (latest)" />
    <property name="env.TRAVIS_INFRA" value="gce" />
    <property name="env.TERM" value="xterm" />
    <property name="java.vm.name" value="Java HotSpot(TM) 64-Bit Server VM" />
    <property name="env.TRAVIS_BUILD_NUMBER" value="1126" />
    <property name="env.CI" value="true" />
    <property name="java.library.path" value="/home/travis/pthla/certi-tools/lib:/usr/lib/jni:/usr/local/share/OpenCV/java/:/usr/share/OpenCV/java::/usr/java/packages/lib/amd64:/usr/lib64:/lib64:/lib:/usr/lib" />
    <property name="env.rvm_prefix" value="/home/travis" />
    <property name="env.PATH" value="/home/travis/pthla/certi-tools/share/scripts:/home/travis/.rvm/gems/ruby-2.4.1/bin:/home/travis/.rvm/gems/ruby-2.4.1@global/bin:/home/travis/.rvm/rubies/ruby-2.4.1/bin:/home/travis/.rvm/bin:/home/travis/.nvm/versions/node/v7.10.1/bin:./node_modules/.bin:/home/travis/build/icyphy/ptII/bin:/home/travis/pthla/certi-tools/bin:/home/travis/bin:/home/travis/.local/bin:/opt/pyenv/shims:/home/travis/.phpenv/shims:/home/travis/perl5/perlbrew/bin:/home/travis/.kiex/elixirs/elixir-1.4.5/bin:/home/travis/.kiex/bin:/home/travis/gopath/bin:/home/travis/.gimme/versions/go1.7.4.linux.amd64/bin:/usr/local/phantomjs/bin:/usr/local/phantomjs:/usr/local/neo4j-3.2.7/bin:/usr/local/maven-3.5.2/bin:/usr/local/cmake-3.9.2/bin:/usr/local/clang-5.0.0/bin:/usr/local/sbin:/usr/local/bin:/usr/sbin:/usr/bin:/sbin:/bin:/home/travis/.phpenv/bin:/opt/pyenv/bin:/home/travis/.yarn/bin" />
    <property name="env.TRAVIS_OS_NAME" value="linux" />
    <property name="ant.java.version" value="1.8" />
    <property name="basedir" value="/home/travis/build/icyphy/ptII" />
    <property name="java.class.version" value="52.0" />
    <property name="env.SHLVL" value="3" />
    <property name="env.LD_LIBRARY_PATH" value="/home/travis/pthla/certi-tools/lib:/usr/lib/jni:/usr/local/share/OpenCV/java/:/usr/share/OpenCV/java:" />
    <property name="env.RACK_ENV" value="test" />
    <property name="ant.home" value="/home/travis/build/icyphy/ptII/ant" />
    <property name="env.PERLBREW_BASHRC_VERSION" value="0.80" />
    <property name="env.NVM_DIR" value="/home/travis/.nvm" />
    <property name="env.TRAVIS_BUILD_ID" value="530577249" />
    <property name="env.CERTI_FOM_PATH" value="/home/travis/pthla/certi-tools/share/federations" />
    <property name="env.PYENV_ROOT" value="/opt/pyenv" />
    <property name="env.TRAVIS_UID" value="2000" />
    <property name="env.rvm_pretty_print_flag" value="auto" />
    <property name="env.NVM_BIN" value="/home/travis/.nvm/versions/node/v7.10.1/bin" />
    <property name="env.TRAVIS_COMMIT" value="25358e19e906f8e9155807d44808777cd5710b63" />
    <property name="env._system_arch" value="x86_64" />
    <property name="node.executable" value="node" />
    <property name="sun.boot.library.path" value="/usr/lib/jvm/java-8-oracle/jre/lib/amd64" />
    <property name="sun.management.compiler" value="HotSpot 64-Bit Tiered Compilers" />
    <property name="env.GOPATH" value="/home/travis/gopath" />
    <property name="java.awt.graphicsenv" value="sun.awt.X11GraphicsEnvironment" />
    <property name="ptolemy.ptII.dir" value="/home/travis/build/icyphy/ptII" />
    <property name="env.USER" value="travis" />
    <property name="env.HISTFILESIZE" value="2000" />
    <property name="timeout.longest" value="19000000" />
    <property name="env.TRAVIS_STACK_FEATURES" value="basic cassandra chromium couchdb disabled-ipv6 docker docker-compose elasticsearch firefox go-toolchain google-chrome jdk memcached mongodb mysql neo4j nodejs_interpreter perl_interpreter perlbrew phantomjs postgresql python_interpreter rabbitmq redis riak ruby_interpreter sqlite xserver" />
    <property name="env.TRAVIS_PULL_REQUEST" value="false" />
    <property name="env.PYENV_SHELL" value="bash" />
    <property name="ant.project.name" value="ptII" />
    <property name="java.vm.specification.version" value="1.8" />
    <property name="env.ANSI_RESET" value="\033[0m" />
    <property name="env.TRAVIS_DIST" value="trusty" />
    <property name="env.CERTI_VERSION" value="4.0.0" />
    <property name="env.NLSPATH" value="/usr/dt/lib/nls/msg/%L/%N.cat" />
    <property name="awt.toolkit" value="sun.awt.X11.XToolkit" />
    <property name="env.CERTI_HOST" value="localhost" />
    <property name="env.MY_RUBY_HOME" value="/home/travis/.rvm/rubies/ruby-2.4.1" />
    <property name="sun.cpu.isalist" value="" />
    <property name="env.TRAVIS_TMPDIR" value="/tmp/tmp.urO5dJj1qp" />
    <property name="java.ext.dirs" value="/usr/lib/jvm/java-8-oracle/jre/lib/ext:/usr/java/packages/lib/ext" />
    <property name="os.version" value="4.4.0-101-generic" />
    <property name="user.home" value="/home/travis" />
    <property name="env.MIX_ARCHIVES" value="/home/travis/.kiex/mix/elixir-1.4.5" />
    <property name="java.vm.vendor" value="Oracle Corporation" />
    <property name="env.TRAVIS_TAG" value="nightly" />
    <property name="env.ANSI_YELLOW" value="\033[33;1m" />
    <property name="env.TRAVIS_FILTERED" value="redirect_io" />
    <property name="env.ANSI_GREEN" value="\033[32;1m" />
    <property name="env.JAVA_HOME" value="/usr/lib/jvm/java-8-oracle" />
    <property name="env.PTII" value="/home/travis/build/icyphy/ptII" />
    <property name="javadoc.excludepackagenames" value="adm.cvs2svn.*,build.*,config.*,doc.coding.templates.*,jni.test.jni.meaningOfLife.*,jni.test.jni.testDeux.*,jni.test.jni.testTrois.*,org.terraswarm.accessor.accessors.web.node_modules.*,org.terraswarm.accessor.accessors.web.hosts.cordova.demo.*,org.terraswarm.accessor.accessors.web.hosts.cordova.plugins.*,org.terraswarm.accessor.accessors-svn.*,pt-modules.*,ptolemy.apps.agilent.*,ptolemy.apps.anytimecontrol.*,ptolemy.apps.apes.*,ptolemy.apps.charon.*,ptolemy.apps.crazyboard.*,ptolemy.apps.eclipse.*,ptolemy.apps.etherealSting.*,ptolemy.apps.fullscreen.*,ptolemy.apps.giotto.*,ptolemy.apps.ia.*,ptolemy.apps.interfaces.*,ptolemy.apps.jmf.*,ptolemy.apps.kurt.*,ptolemy.apps.kvm.*,ptolemy.apps.lego.*,ptolemy.apps.lejos.*,ptolemy.apps.midp.*,ptolemy.apps.mobileCoding.*,ptolemy.apps.pendulum.*,ptolemy.apps.rijndael.*,ptolemy.apps.robot.*,ptolemy.apps.security.*,ptolemy.apps.sobel.*,ptolemy.apps.soot.*,ptolemy.apps.throttle.*,ptolemy.apps.tini.*,ptolemy.apps.transmission.*,ptolemy.apps.vergil.*,ptolemy.apps.waba.*,ptolemy.apps.websensor.*,ptolemy.apps.webstart.*,ptolemy.apps.xsl.*,ptolemy.apps.zaurus.*,ptolemy.codegen.c.actor.lib.oldJavaFiles.*,ptolemy.codegen.dsp.lib.*,ptolemy.codegen.kernel.newInterfaces.*,ptolemy.codegen.lib.*,ptolemy.copernicus.kernel.fragment.*,ptolemy.copernicus.shallow.cg.*,ptolemy.domains.giotto.demo.Hierarchy.Hierarchy.*,ptolemy.domains.giotto.demo.Multimode.Multimode.*,ptolemy.domains.giotto.demo.Simple.Simple.*,ptolemy.domains.gr.lib.experimental.*,ptolemy.domains.gro.*,ptolemy.domains.pdf.*,ptolemy.domains.ptinyos.demo.Surge.output.*,ptolemy.moml.test.NoPackageActor.java*,ptolemy.plot.adm.*,ptolemy.plot.servlet.*,reports.*,signed.*,src.*,target.*,vendors.*,ptolemy.apps.eclipse.awt.*,ptolemy.backtrack.*,ptolemy.backtrack.ast.*,ptolemy.cg.adapter.generic.program.procedural.c.mbed*,ptolemy.homer.*,org.ptolemy.scala.*,diva.util.java2d.svg.*,ptolemy.domains.ptinyos.*,ptolemy.actor.lib.fmi.fmipp.*,,org.terraswarm.accessor.accessors.web.node_modules.*,org.terraswarm.accessor.accessors-svn,ptolemy.apps.*,ptolemy.actor.ptalon.demo.ptinyos.SendAndReceiveCnt.output,ptolemy.actor.ptalon.demo.ptinyos.SenseToLeds.output,ptolemy.domains.ptinyos.demo.CntToLedsAndRfm.output,ptolemy.domains.ptinyos.demo.RfmToLeds.output,ptolemy.domains.ptinyos.demo.SendAndReceiveCnt.output,ptolemy.domains.ptinyos.demo.SenseToLeds.output,ptolemy.actor.lib.jjs.modules.udpSocket.*" />
    <property name="env.TRAVIS_COMMIT_MESSAGE" value="Used undocumented tick(min, max) function" />
    <property name="keystore" value="ptKeystore" />
    <property name="env.XDG_SESSION_ID" value="2" />
    <property name="junit.output.dir" value="/home/travis/build/icyphy/ptII/reports/junit" />
    <property name="npm.return.code" value="0" />
    <property name="user.dir" value="/home/travis/build/icyphy/ptII/ptolemy/actor/lib/test" />
    <property name="env.TRAVIS_NODE_VERSION" value="7" />
    <property name="env.XFILESEARCHPATH" value="/usr/dt/app-defaults/%L/Dt" />
    <property name="env.TRAVIS_EVENT_TYPE" value="cron" />
    <property name="env.MAIL" value="/var/mail/travis" />
    <property name="env.PWD" value="/home/travis/build/icyphy/ptII" />
    <property name="env.PERLBREW_ROOT" value="/home/travis/perl5/perlbrew" />
    <property name="timeout.npm" value="45000" />
    <property name="env.TRAVIS_ARCH" value="amd64" />
    <property name="env.PAGER" value="cat" />
    <property name="sun.cpu.endian" value="little" />
    <property name="env.TRAVIS_BUILD_STAGE_NAME" value="Test" />
    <property name="env.PERLBREW_HOME" value="/home/travis/.perlbrew" />
    <property name="env.RAILS_ENV" value="test" />
    <property name="java.vm.version" value="25.151-b12" />
    <property name="java.class.path" value="/home/travis/.ptolemyII:/home/travis/.ptolemyII/*:/home/travis/build/icyphy/ptII:/home/travis/build/icyphy/ptII/lib/bsh-2.0b4.jar:/home/travis/build/icyphy/ptII/lib/ptCal.jar:/home/travis/build/icyphy/ptII/lib/java_cup.jar:/home/travis/build/icyphy/ptII/lib/saxon8.jar:/home/travis/build/icyphy/ptII/lib/saxon8-dom.jar:/home/travis/build/icyphy/ptII/lib/chic.jar:/home/travis/build/icyphy/ptII/lib/ptcolt.jar:/usr/lib/jvm/java-8-oracle/lib/tools.jar:/home/travis/build/icyphy/ptII/vendors/misc/itext/iText.jar:/home/travis/build/icyphy/ptII/lib/g4ltl.jar:/home/travis/build/icyphy/ptII/lib/StructuralCoder.jar:/home/travis/build/icyphy/ptII/vendors/jai-1_1_2_01/lib/jai_core.jar:/home/travis/build/icyphy/ptII/vendors/jai-1_1_2_01/lib/jai_codec.jar:/home/travis/build/icyphy/ptII/lib/jcerti.jar:/home/travis/build/icyphy/ptII/lib/javax.mail.jar:/home/travis/build/icyphy/ptII/vendors/JMF-2.1.1e/lib/jmf.jar:/home/travis/build/icyphy/ptII/lib/jna-4.0.0-variadic.jar:/home/travis/build/icyphy/ptII/vendors/misc/joystick/Joystick.jar:/home/travis/build/icyphy/ptII/lib/ptjacl.jar:/home/travis/build/icyphy/ptII/lib/jsoup-1.8.2.jar:/home/travis/build/icyphy/ptII/lib/junit-4.8.2.jar:/home/travis/build/icyphy/ptII/lib/JUnitParams-0.4.0.jar:/home/travis/build/icyphy/ptII/ptolemy/actor/lib/excel/jxl.jar:/home/travis/build/icyphy/ptII/lib/jython.jar:/home/travis/build/icyphy/ptII/lib/kieler.jar:/home/travis/build/icyphy/ptII/vendors/opencv/share/OpenCV/java/opencv-341.jar:/home/travis/build/icyphy/ptII/lib/oscP5.jar:/home/travis/build/icyphy/ptII/lib/nrjavaserial-3.11.0.devel.jar:/home/travis/build/icyphy/ptII/vendors/j3d/lib/j3dcore.jar:/home/travis/build/icyphy/ptII/vendors/j3d/lib/j3dutils.jar:/home/travis/build/icyphy/ptII/vendors/j3d/lib/vecmath.jar:/home/travis/build/icyphy/ptII/ptolemy/distributed/jini/jar/jini-core.jar:/home/travis/build/icyphy/ptII/ptolemy/distributed/jini/jar/jini-ext.jar:/home/travis/build/icyphy/ptII/ptolemy/distributed/jini/jar/sun-util.jar:/home/travis/build/icyphy/ptII/lib/protobuf-java-2.4.1.jar:/home/travis/build/icyphy/ptII/lib/org.eclipse.paho.client.mqttv3.jar:/home/travis/build/icyphy/ptII/lib/mapss.jar:/home/travis/build/icyphy/ptII/ptolemy/actor/ptalon/antlr/antlr.jar:/home/travis/build/icyphy/ptII/lib/JRI.jar:/home/travis/build/icyphy/ptII/lib/commons-lang-2.6.jar:/home/travis/build/icyphy/ptII/lib/commons-logging-1.1.1.jar:/home/travis/build/icyphy/ptII/lib/sootclasses.jar:/home/travis/build/icyphy/ptII/ptolemy/actor/lib/database/mysql-connector-java-5.1.6-bin.jar:/home/travis/build/icyphy/ptII/vendors/misc/sphinx4/sphinx4-data-5prealpha.jar:/home/travis/build/icyphy/ptII/vendors/misc/sphinx4/sphinx4-core-5prealpha.jar:/home/travis/build/icyphy/ptII/lib/PDFRenderer.jar:/home/travis/build/icyphy/ptII/lib/svgSalamander.jar:/home/travis/build/icyphy/ptII/lib/rsyntaxtextarea-2.6.0-SNAPSHOT.jar:/home/travis/build/icyphy/ptII/lib/hazelcast-3.8.2.jar:/home/travis/build/icyphy/ptII/lib/jackson-annotations-2.9.0.jar:/home/travis/build/icyphy/ptII/lib/jackson-core-2.9.3.jar:/home/travis/build/icyphy/ptII/lib/jackson-databind-2.9.3.jar:/home/travis/build/icyphy/ptII/lib/netty-buffer-4.1.19.Final.jar:/home/travis/build/icyphy/ptII/lib/netty-codec-4.1.19.Final.jar:/home/travis/build/icyphy/ptII/lib/netty-codec-dns-4.1.19.Final.jar:/home/travis/build/icyphy/ptII/lib/netty-codec-http-4.1.19.Final.jar:/home/travis/build/icyphy/ptII/lib/netty-codec-http2-4.1.19.Final.jar:/home/travis/build/icyphy/ptII/lib/netty-common-4.1.19.Final.jar:/home/travis/build/icyphy/ptII/lib/netty-handler-4.1.19.Final.jar:/home/travis/build/icyphy/ptII/lib/netty-resolver-4.1.19.Final.jar:/home/travis/build/icyphy/ptII/lib/netty-resolver-dns-4.1.19.Final.jar:/home/travis/build/icyphy/ptII/lib/netty-transport-4.1.19.Final.jar:/home/travis/build/icyphy/ptII/lib/vertx-codegen-3.5.1.jar:/home/travis/build/icyphy/ptII/lib/vertx-core-3.5.2-SNAPSHOT.jar:/home/travis/build/icyphy/ptII/lib/vertx-hazelcast-3.5.1.jar:/home/travis/build/icyphy/ptII/lib/vertx-lang-js-3.5.1.jar:/home/travis/build/icyphy/ptII/lib/vertx-service-proxy-3.5.1.jar:/home/travis/build/icyphy/ptII/lib/vertx-web-3.5.1.jar:/home/travis/build/icyphy/ptII/lib/slf4j-api-1.7.13.jar:/home/travis/build/icyphy/ptII/lib/slf4j-simple-1.7.13.jar:/home/travis/build/icyphy/ptII/lib/webcam-capture-0.3.12.jar:/home/travis/build/icyphy/ptII/lib/bridj-0.7.0.jar:/home/travis/build/icyphy/ptII/lib/xbjlib-1.1.0.nrjavaserial.jar:/home/travis/build/icyphy/ptII/ptolemy/moml/test:/home/travis/build/icyphy/ptII/ant/lib/ant-launcher.jar:/home/travis/build/icyphy/ptII/ant/lib/ant.jar:/home/travis/build/icyphy/ptII/ant/lib/ant-junit.jar:/home/travis/build/icyphy/ptII/ant/lib/ant-junit4.jar" />
    <property name="ant.library.dir" value="/home/travis/build/icyphy/ptII/ant/lib" />
    <property name="os.arch" value="amd64" />
    <property name="env.TRAVIS_LANGUAGE" value="node_js" />
    <property name="env.CONTINUOUS_INTEGRATION" value="true" />
    <property name="env.TRAVIS_STACK_LANGUAGES" value="__garnet__ c c++ clojure cplusplus cpp default go groovy java node_js php pure_java python ruby scala" />
    <property name="test.name" value="ptolemy.actor.lib.test.junit.JUnitTclTest" />
    <property name="sun.java.launcher" value="SUN_STANDARD" />
    <property name="env.PYTHON_CONFIGURE_OPTS" value="--enable-unicode=ucs4 --with-wide-unicode --enable-shared --enable-ipv6 --enable-loadable-sqlite-extensions --with-computed-gotos" />
    <property name="ant.core.lib" value="/home/travis/build/icyphy/ptII/ant/lib/ant.jar" />
    <property name="java.vm.specification.vendor" value="Oracle Corporation" />
    <property name="env.BCVTB_HOME" value="/home/travis/build/icyphy/ptII/lbnl" />
    <property name="file.separator" value="/" />
    <property name="spotbugs.home" value="/home/travis/build/icyphy/ptII/vendors/spotbugs-3.1.1" />
    <property name="java.runtime.version" value="1.8.0_151-b12" />
    <property name="sun.boot.class.path" value="/usr/lib/jvm/java-8-oracle/jre/lib/resources.jar:/usr/lib/jvm/java-8-oracle/jre/lib/rt.jar:/usr/lib/jvm/java-8-oracle/jre/lib/sunrsasign.jar:/usr/lib/jvm/java-8-oracle/jre/lib/jsse.jar:/usr/lib/jvm/java-8-oracle/jre/lib/jce.jar:/usr/lib/jvm/java-8-oracle/jre/lib/charsets.jar:/usr/lib/jvm/java-8-oracle/jre/lib/jfr.jar:/usr/lib/jvm/java-8-oracle/jre/classes" />
    <property name="env.ANSI_CLEAR" value="\033[0K" />
    <property name="env.HAS_JOSH_K_SEAL_OF_APPROVAL" value="true" />
    <property name="env.XDG_RUNTIME_DIR" value="/run/user/2000" />
    <property name="env.TRAVIS_OSX_IMAGE" value="" />
    <property name="env.TRAVIS_BRANCH" value="master" />
    <property name="env.TRAVIS_JOB_ID" value="530577260" />
    <property name="user.country" value="US" />
    <property name="env.CERTI_HOME_TRAVIS" value="/home/travis/pthla/certi-tools" />
    <property name="env.SHELL" value="/bin/bash" />
    <property name="java.maxmemory.large" value="5000m" />
    <property name="model" value="" />
    <property name="env.CASHER_DIR" value="/home/travis/.casher" />
    <property name="env.NVM_CD_FLAGS" value="" />
    <property name="jshint.executable" value="/home/travis/node_modules/jshint/bin/jshint" />
    <property name="java.vendor" value="Oracle Corporation" />
    <property name="env.JRUBY_OPTS" value=" --client -J-XX:+TieredCompilation -J-XX:TieredStopAtLevel=1 -J-Xss2m -Xcompile.invokedynamic=false" />
    <property name="env.TRAVIS_PRE_CHEF_BOOTSTRAP_TIME" value="2017-12-05T19:32:55" />
    <property name="env.TRAVIS_STACK_JOB_BOARD_REGISTER" value="/.job-board-register.yml" />
    <property name="env.ELIXIR_VERSION" value="1.4.5" />
    <property name="env.ANSI_RED" value="\033[31;1m" />
    <property name="java.specification.version" value="1.8" />
    <property name="env.TRAVIS" value="true" />
    <property name="env.IRBRC" value="/home/travis/.rvm/rubies/ruby-2.4.1/.irbrc" />
    <property name="sun.arch.data.model" value="64" />
  </properties>
  <testcase classname="ptolemy.util.test.junit.TclTests" name="[0] /home/travis/build/icyphy/ptII/ptolemy/actor/lib/test/AbsoluteValue.tcl (RunTclFile)" time="0.592" />
  <testcase classname="ptolemy.util.test.junit.TclTests" name="[1] /home/travis/build/icyphy/ptII/ptolemy/actor/lib/test/AddSubtract.tcl (RunTclFile)" time="0.06" />
  <testcase classname="ptolemy.util.test.junit.TclTests" name="[2] /home/travis/build/icyphy/ptII/ptolemy/actor/lib/test/Average.tcl (RunTclFile)" time="0.031" />
  <testcase classname="ptolemy.util.test.junit.TclTests" name="[3] /home/travis/build/icyphy/ptII/ptolemy/actor/lib/test/Bernoulli.tcl (RunTclFile)" time="0.041" />
  <testcase classname="ptolemy.util.test.junit.TclTests" name="[4] /home/travis/build/icyphy/ptII/ptolemy/actor/lib/test/Clock.tcl (RunTclFile)" time="0.098" />
  <testcase classname="ptolemy.util.test.junit.TclTests" name="[5] /home/travis/build/icyphy/ptII/ptolemy/actor/lib/test/Commutator.tcl (RunTclFile)" time="0.128" />
  <testcase classname="ptolemy.util.test.junit.TclTests" name="[6] /home/travis/build/icyphy/ptII/ptolemy/actor/lib/test/Const.tcl (RunTclFile)" time="0.158" />
  <testcase classname="ptolemy.util.test.junit.TclTests" name="[7] /home/travis/build/icyphy/ptII/ptolemy/actor/lib/test/CurrentTime.tcl (RunTclFile)" time="0.042" />
  <testcase classname="ptolemy.util.test.junit.TclTests" name="[8] /home/travis/build/icyphy/ptII/ptolemy/actor/lib/test/DB.tcl (RunTclFile)" time="0.044" />
  <testcase classname="ptolemy.util.test.junit.TclTests" name="[9] /home/travis/build/icyphy/ptII/ptolemy/actor/lib/test/DiscreteRandomSource.tcl (RunTclFile)" time="0.056" />
  <testcase classname="ptolemy.util.test.junit.TclTests" name="[10] /home/travis/build/icyphy/ptII/ptolemy/actor/lib/test/Distributor.tcl (RunTclFile)" time="0.075" />
  <testcase classname="ptolemy.util.test.junit.TclTests" name="[11] /home/travis/build/icyphy/ptII/ptolemy/actor/lib/test/Exit.tcl (RunTclFile)" time="0.059" />
  <testcase classname="ptolemy.util.test.junit.TclTests" name="[12] /home/travis/build/icyphy/ptII/ptolemy/actor/lib/test/Expression.tcl (RunTclFile)" time="0.109" />
  <testcase classname="ptolemy.util.test.junit.TclTests" name="[13] /home/travis/build/icyphy/ptII/ptolemy/actor/lib/test/Gaussian.tcl (RunTclFile)" time="0.311" />
  <testcase classname="ptolemy.util.test.junit.TclTests" name="[14] /home/travis/build/icyphy/ptII/ptolemy/actor/lib/test/IIR.tcl (RunTclFile)" time="0.048" />
  <testcase classname="ptolemy.util.test.junit.TclTests" name="[15] /home/travis/build/icyphy/ptII/ptolemy/actor/lib/test/Interpolator.tcl (RunTclFile)" time="0.106" />
  <testcase classname="ptolemy.util.test.junit.TclTests" name="[16] /home/travis/build/icyphy/ptII/ptolemy/actor/lib/test/MathFunction.tcl (RunTclFile)" time="0.059" />
  <testcase classname="ptolemy.util.test.junit.TclTests" name="[17] /home/travis/build/icyphy/ptII/ptolemy/actor/lib/test/Maximum.tcl (RunTclFile)" time="0.037" />
  <testcase classname="ptolemy.util.test.junit.TclTests" name="[18] /home/travis/build/icyphy/ptII/ptolemy/actor/lib/test/Minimum.tcl (RunTclFile)" time="0.036" />
  <testcase classname="ptolemy.util.test.junit.TclTests" name="[19] /home/travis/build/icyphy/ptII/ptolemy/actor/lib/test/MultiplyDivide.tcl (RunTclFile)" time="0.05" />
  <testcase classname="ptolemy.util.test.junit.TclTests" name="[20] /home/travis/build/icyphy/ptII/ptolemy/actor/lib/test/OrderedMerge.tcl (RunTclFile)" time="0.086" />
  <testcase classname="ptolemy.util.test.junit.TclTests" name="[21] /home/travis/build/icyphy/ptII/ptolemy/actor/lib/test/Publisher.tcl (RunTclFile)" time="0.642" />
  <testcase classname="ptolemy.util.test.junit.TclTests" name="[22] /home/travis/build/icyphy/ptII/ptolemy/actor/lib/test/Pulse.tcl (RunTclFile)" time="0.034" />
  <testcase classname="ptolemy.util.test.junit.TclTests" name="[23] /home/travis/build/icyphy/ptII/ptolemy/actor/lib/test/Ramp.tcl (RunTclFile)" time="1.872" />
  <testcase classname="ptolemy.util.test.junit.TclTests" name="[24] /home/travis/build/icyphy/ptII/ptolemy/actor/lib/test/RampContinuous.tcl (RunTclFile)" time="0.02" />
  <testcase classname="ptolemy.util.test.junit.TclTests" name="[25] /home/travis/build/icyphy/ptII/ptolemy/actor/lib/test/RecordAssembler.tcl (RunTclFile)" time="0.018" />
  <testcase classname="ptolemy.util.test.junit.TclTests" name="[26] /home/travis/build/icyphy/ptII/ptolemy/actor/lib/test/RecordDisassembler.tcl (RunTclFile)" time="0.024" />
  <testcase classname="ptolemy.util.test.junit.TclTests" name="[27] /home/travis/build/icyphy/ptII/ptolemy/actor/lib/test/Scale.tcl (RunTclFile)" time="0.032" />
  <testcase classname="ptolemy.util.test.junit.TclTests" name="[28] /home/travis/build/icyphy/ptII/ptolemy/actor/lib/test/SequentialClock.tcl (RunTclFile)" time="0.013" />
  <testcase classname="ptolemy.util.test.junit.TclTests" name="[29] /home/travis/build/icyphy/ptII/ptolemy/actor/lib/test/SetVariable.tcl (RunTclFile)" time="0.02" />
  <testcase classname="ptolemy.util.test.junit.TclTests" name="[30] /home/travis/build/icyphy/ptII/ptolemy/actor/lib/test/Sinewave.tcl (RunTclFile)" time="0.062" />
  <testcase classname="ptolemy.util.test.junit.TclTests" name="[31] /home/travis/build/icyphy/ptII/ptolemy/actor/lib/test/SubscriptionAggregator.tcl (RunTclFile)" time="2.007" />
  <testcase classname="ptolemy.util.test.junit.TclTests" name="[32] /home/travis/build/icyphy/ptII/ptolemy/actor/lib/test/Test.tcl (RunTclFile)" time="0.099" />
  <testcase classname="ptolemy.util.test.junit.TclTests" name="[33] /home/travis/build/icyphy/ptII/ptolemy/actor/lib/test/TestExceptionHandler.tcl (RunTclFile)" time="0.013" />
  <testcase classname="ptolemy.util.test.junit.TclTests" name="[34] /home/travis/build/icyphy/ptII/ptolemy/actor/lib/test/UnionDisassembler.tcl (RunTclFile)" time="0.071" />
  <testcase classname="ptolemy.util.test.junit.TclTests" name="[35] /home/travis/build/icyphy/ptII/ptolemy/actor/lib/test/VariableClock.tcl (RunTclFile)" time="0.03" />
  <testcase classname="ptolemy.util.test.junit.AutoKnownFailedTests" name="[0] /home/travis/build/icyphy/ptII/ptolemy/actor/lib/test/auto/knownFailedTests/PublisherPortToplevelSubscriber.xml (RunModel)" time="0.023" />
  <testcase classname="ptolemy.util.test.junit.AutoKnownFailedTests" name="[1] /home/travis/build/icyphy/ptII/ptolemy/actor/lib/test/auto/knownFailedTests/PublisherSubscriberPortToplevel.xml (RunModel)" time="0.023" />
  <testcase classname="ptolemy.util.test.junit.AutoKnownFailedTests" name="[2] /home/travis/build/icyphy/ptII/ptolemy/actor/lib/test/auto/knownFailedTests/PublisherSubscriptionAggregatorPort.xml (RunModel)" time="0.019" />
  <testcase classname="ptolemy.util.test.junit.AutoKnownFailedTests" name="[3] /home/travis/build/icyphy/ptII/ptolemy/actor/lib/test/auto/knownFailedTests/sizedarray3.xml (RunModel)" time="0.025" />
  <testcase classname="ptolemy.util.test.junit.AutoNameArchTests" name="[0] ThereAreNoAutoArchTests (RunModel)" time="0.001" />
  <testcase classname="ptolemy.util.test.junit.AutoTests" name="[0] /home/travis/build/icyphy/ptII/ptolemy/actor/lib/test/auto/AbsoluteValue.xml (RunModel)" time="0.104" />
  <testcase classname="ptolemy.util.test.junit.AutoTests" name="[1] /home/travis/build/icyphy/ptII/ptolemy/actor/lib/test/auto/AbsoluteValue2.xml (RunModel)" time="0.038" />
  <testcase classname="ptolemy.util.test.junit.AutoTests" name="[2] /home/travis/build/icyphy/ptII/ptolemy/actor/lib/test/auto/Accumulator.xml (RunModel)" time="0.076" />
  <testcase classname="ptolemy.util.test.junit.AutoTests" name="[3] /home/travis/build/icyphy/ptII/ptolemy/actor/lib/test/auto/Accumulator2.xml (RunModel)" time="0.056" />
  <testcase classname="ptolemy.util.test.junit.AutoTests" name="[4] /home/travis/build/icyphy/ptII/ptolemy/actor/lib/test/auto/Accumulator3.xml (RunModel)" time="0.034" />
  <testcase classname="ptolemy.util.test.junit.AutoTests" name="[5] /home/travis/build/icyphy/ptII/ptolemy/actor/lib/test/auto/ArrayAppend.xml (RunModel)" time="0.036" />
  <testcase classname="ptolemy.util.test.junit.AutoTests" name="[6] /home/travis/build/icyphy/ptII/ptolemy/actor/lib/test/auto/ArrayAppend2.xml (RunModel)" time="0.73" />
  <testcase classname="ptolemy.util.test.junit.AutoTests" name="[7] /home/travis/build/icyphy/ptII/ptolemy/actor/lib/test/auto/ArrayAppend3.xml (RunModel)" time="0.04" />
  <testcase classname="ptolemy.util.test.junit.AutoTests" name="[8] /home/travis/build/icyphy/ptII/ptolemy/actor/lib/test/auto/ArrayAppend4.xml (RunModel)" time="0.027" />
  <testcase classname="ptolemy.util.test.junit.AutoTests" name="[9] /home/travis/build/icyphy/ptII/ptolemy/actor/lib/test/auto/ArrayAppend5.xml (RunModel)" time="0.022" />
  <testcase classname="ptolemy.util.test.junit.AutoTests" name="[10] /home/travis/build/icyphy/ptII/ptolemy/actor/lib/test/auto/ArrayAppend6.xml (RunModel)" time="0.026" />
  <testcase classname="ptolemy.util.test.junit.AutoTests" name="[11] /home/travis/build/icyphy/ptII/ptolemy/actor/lib/test/auto/ArrayAppendPerformanceTest.xml (RunModel)" time="0.041" />
  <testcase classname="ptolemy.util.test.junit.AutoTests" name="[12] /home/travis/build/icyphy/ptII/ptolemy/actor/lib/test/auto/ArrayAppendWithEmptyInput.xml (RunModel)" time="0.039" />
  <testcase classname="ptolemy.util.test.junit.AutoTests" name="[13] /home/travis/build/icyphy/ptII/ptolemy/actor/lib/test/auto/ArrayAverage.xml (RunModel)" time="0.057" />
  <testcase classname="ptolemy.util.test.junit.AutoTests" name="[14] /home/travis/build/icyphy/ptII/ptolemy/actor/lib/test/auto/ArrayContains.xml (RunModel)" time="0.052" />
  <testcase classname="ptolemy.util.test.junit.AutoTests" name="[15] /home/travis/build/icyphy/ptII/ptolemy/actor/lib/test/auto/ArrayElement.xml (RunModel)" time="0.032" />
  <testcase classname="ptolemy.util.test.junit.AutoTests" name="[16] /home/travis/build/icyphy/ptII/ptolemy/actor/lib/test/auto/ArrayElementAsMatrix.xml (RunModel)" time="0.06" />
  <testcase classname="ptolemy.util.test.junit.AutoTests" name="[17] /home/travis/build/icyphy/ptII/ptolemy/actor/lib/test/auto/ArrayElementI.xml (RunModel)" time="0.027" />
  <testcase classname="ptolemy.util.test.junit.AutoTests" name="[18] /home/travis/build/icyphy/ptII/ptolemy/actor/lib/test/auto/ArrayExtract.xml (RunModel)" time="0.059" />
  <testcase classname="ptolemy.util.test.junit.AutoTests" name="[19] /home/travis/build/icyphy/ptII/ptolemy/actor/lib/test/auto/ArrayExtract2.xml (RunModel)" time="0.025" />
  <testcase classname="ptolemy.util.test.junit.AutoTests" name="[20] /home/travis/build/icyphy/ptII/ptolemy/actor/lib/test/auto/ArrayLength.xml (RunModel)" time="0.027" />
  <testcase classname="ptolemy.util.test.junit.AutoTests" name="[21] /home/travis/build/icyphy/ptII/ptolemy/actor/lib/test/auto/ArrayLevelCrossing.xml (RunModel)" time="0.035" />
  <testcase classname="ptolemy.util.test.junit.AutoTests" name="[22] /home/travis/build/icyphy/ptII/ptolemy/actor/lib/test/auto/ArrayLevelCrossing2.xml (RunModel)" time="0.034" />
  <testcase classname="ptolemy.util.test.junit.AutoTests" name="[23] /home/travis/build/icyphy/ptII/ptolemy/actor/lib/test/auto/ArrayPeakSearch.xml (RunModel)" time="0.061" />
  <testcase classname="ptolemy.util.test.junit.AutoTests" name="[24] /home/travis/build/icyphy/ptII/ptolemy/actor/lib/test/auto/ArrayPeakSearch2.xml (RunModel)" time="0.058" />
  <testcase classname="ptolemy.util.test.junit.AutoTests" name="[25] /home/travis/build/icyphy/ptII/ptolemy/actor/lib/test/auto/ArrayPeakSearch3.xml (RunModel)" time="0.041" />
  <testcase classname="ptolemy.util.test.junit.AutoTests" name="[26] /home/travis/build/icyphy/ptII/ptolemy/actor/lib/test/auto/ArrayRemoveElement.xml (RunModel)" time="0.038" />
  <testcase classname="ptolemy.util.test.junit.AutoTests" name="[27] /home/travis/build/icyphy/ptII/ptolemy/actor/lib/test/auto/ArraySort.xml (RunModel)" time="0.039" />
  <testcase classname="ptolemy.util.test.junit.AutoTests" name="[28] /home/travis/build/icyphy/ptII/ptolemy/actor/lib/test/auto/ArraySum.xml (RunModel)" time="0.021" />
  <testcase classname="ptolemy.util.test.junit.AutoTests" name="[29] /home/travis/build/icyphy/ptII/ptolemy/actor/lib/test/auto/ArrayToElements.xml (RunModel)" time="0.024" />
  <testcase classname="ptolemy.util.test.junit.AutoTests" name="[30] /home/travis/build/icyphy/ptII/ptolemy/actor/lib/test/auto/ArrayToMatrix.xml (RunModel)" time="0.058" />
  <testcase classname="ptolemy.util.test.junit.AutoTests" name="[31] /home/travis/build/icyphy/ptII/ptolemy/actor/lib/test/auto/ArrayUpdate1.xml (RunModel)" time="0.016" />
  <testcase classname="ptolemy.util.test.junit.AutoTests" name="[32] /home/travis/build/icyphy/ptII/ptolemy/actor/lib/test/auto/ArrayUpdate2.xml (RunModel)" time="0.069" />
  <testcase classname="ptolemy.util.test.junit.AutoTests" name="[33] /home/travis/build/icyphy/ptII/ptolemy/actor/lib/test/auto/ArrayUpdate3.xml (RunModel)" time="0.023" />
  <testcase classname="ptolemy.util.test.junit.AutoTests" name="[34] /home/travis/build/icyphy/ptII/ptolemy/actor/lib/test/auto/Assert1.xml (RunModel)" time="0.043" />
  <testcase classname="ptolemy.util.test.junit.AutoTests" name="[35] /home/travis/build/icyphy/ptII/ptolemy/actor/lib/test/auto/Assert2.xml (RunModel)" time="0.018" />
  <testcase classname="ptolemy.util.test.junit.AutoTests" name="[36] /home/travis/build/icyphy/ptII/ptolemy/actor/lib/test/auto/BooleanMultiplexor.xml (RunModel)" time="0.015" />
  <testcase classname="ptolemy.util.test.junit.AutoTests" name="[37] /home/travis/build/icyphy/ptII/ptolemy/actor/lib/test/auto/BooleanMultiplexor2.xml (RunModel)" time="0.029" />
  <testcase classname="ptolemy.util.test.junit.AutoTests" name="[38] /home/travis/build/icyphy/ptII/ptolemy/actor/lib/test/auto/BooleanMultiplexor3.xml (RunModel)" time="0.029" />
  <testcase classname="ptolemy.util.test.junit.AutoTests" name="[39] /home/travis/build/icyphy/ptII/ptolemy/actor/lib/test/auto/BooleanSelect.xml (RunModel)" time="0.03" />
  <testcase classname="ptolemy.util.test.junit.AutoTests" name="[40] /home/travis/build/icyphy/ptII/ptolemy/actor/lib/test/auto/BooleanSelect2.xml (RunModel)" time="0.016" />
  <testcase classname="ptolemy.util.test.junit.AutoTests" name="[41] /home/travis/build/icyphy/ptII/ptolemy/actor/lib/test/auto/BooleanSwitch.xml (RunModel)" time="0.019" />
  <testcase classname="ptolemy.util.test.junit.AutoTests" name="[42] /home/travis/build/icyphy/ptII/ptolemy/actor/lib/test/auto/BooleanSwitch2.xml (RunModel)" time="0.015" />
  <testcase classname="ptolemy.util.test.junit.AutoTests" name="[43] /home/travis/build/icyphy/ptII/ptolemy/actor/lib/test/auto/BooleanSwitchCloningBugWithClassRelationGroup.xml (RunModel)" time="0.033" />
  <testcase classname="ptolemy.util.test.junit.AutoTests" name="[44] /home/travis/build/icyphy/ptII/ptolemy/actor/lib/test/auto/BusActors.xml (RunModel)" time="0.043" />
  <testcase classname="ptolemy.util.test.junit.AutoTests" name="[45] /home/travis/build/icyphy/ptII/ptolemy/actor/lib/test/auto/ClassWrapper.xml (RunModel)" time="0.011" />
  <testcase classname="ptolemy.util.test.junit.AutoTests" name="[46] /home/travis/build/icyphy/ptII/ptolemy/actor/lib/test/auto/Clock.xml (RunModel)" time="0.016" />
  <testcase classname="ptolemy.util.test.junit.AutoTests" name="[47] /home/travis/build/icyphy/ptII/ptolemy/actor/lib/test/auto/Clock10.xml (RunModel)" time="0.021" />
  <testcase classname="ptolemy.util.test.junit.AutoTests" name="[48] /home/travis/build/icyphy/ptII/ptolemy/actor/lib/test/auto/Clock11.xml (RunModel)" time="0.019" />
  <testcase classname="ptolemy.util.test.junit.AutoTests" name="[49] /home/travis/build/icyphy/ptII/ptolemy/actor/lib/test/auto/Clock12.xml (RunModel)" time="0.019" />
  <testcase classname="ptolemy.util.test.junit.AutoTests" name="[50] /home/travis/build/icyphy/ptII/ptolemy/actor/lib/test/auto/Clock13.xml (RunModel)" time="0.016" />
  <testcase classname="ptolemy.util.test.junit.AutoTests" name="[51] /home/travis/build/icyphy/ptII/ptolemy/actor/lib/test/auto/Clock14.xml (RunModel)" time="0.016" />
  <testcase classname="ptolemy.util.test.junit.AutoTests" name="[52] /home/travis/build/icyphy/ptII/ptolemy/actor/lib/test/auto/Clock15.xml (RunModel)" time="0.016" />
  <testcase classname="ptolemy.util.test.junit.AutoTests" name="[53] /home/travis/build/icyphy/ptII/ptolemy/actor/lib/test/auto/Clock16.xml (RunModel)" time="0.091" />
  <testcase classname="ptolemy.util.test.junit.AutoTests" name="[54] /home/travis/build/icyphy/ptII/ptolemy/actor/lib/test/auto/Clock17.xml (RunModel)" time="0.076" />
  <testcase classname="ptolemy.util.test.junit.AutoTests" name="[55] /home/travis/build/icyphy/ptII/ptolemy/actor/lib/test/auto/Clock18.xml (RunModel)" time="0.059" />
  <testcase classname="ptolemy.util.test.junit.AutoTests" name="[56] /home/travis/build/icyphy/ptII/ptolemy/actor/lib/test/auto/Clock19.xml (RunModel)" time="0.05" />
  <testcase classname="ptolemy.util.test.junit.AutoTests" name="[57] /home/travis/build/icyphy/ptII/ptolemy/actor/lib/test/auto/Clock2.xml (RunModel)" time="0.018" />
  <testcase classname="ptolemy.util.test.junit.AutoTests" name="[58] /home/travis/build/icyphy/ptII/ptolemy/actor/lib/test/auto/Clock20.xml (RunModel)" time="0.022" />
  <testcase classname="ptolemy.util.test.junit.AutoTests" name="[59] /home/travis/build/icyphy/ptII/ptolemy/actor/lib/test/auto/Clock21.xml (RunModel)" time="0.013" />
  <testcase classname="ptolemy.util.test.junit.AutoTests" name="[60] /home/travis/build/icyphy/ptII/ptolemy/actor/lib/test/auto/Clock22.xml (RunModel)" time="0.013" />
  <testcase classname="ptolemy.util.test.junit.AutoTests" name="[61] /home/travis/build/icyphy/ptII/ptolemy/actor/lib/test/auto/Clock23.xml (RunModel)" time="0.014" />
  <testcase classname="ptolemy.util.test.junit.AutoTests" name="[62] /home/travis/build/icyphy/ptII/ptolemy/actor/lib/test/auto/Clock24.xml (RunModel)" time="0.014" />
  <testcase classname="ptolemy.util.test.junit.AutoTests" name="[63] /home/travis/build/icyphy/ptII/ptolemy/actor/lib/test/auto/Clock4.xml (RunModel)" time="0.013" />
  <testcase classname="ptolemy.util.test.junit.AutoTests" name="[64] /home/travis/build/icyphy/ptII/ptolemy/actor/lib/test/auto/Clock5.xml (RunModel)" time="0.015" />
  <testcase classname="ptolemy.util.test.junit.AutoTests" name="[65] /home/travis/build/icyphy/ptII/ptolemy/actor/lib/test/auto/Clock6.xml (RunModel)" time="0.015" />
  <testcase classname="ptolemy.util.test.junit.AutoTests" name="[66] /home/travis/build/icyphy/ptII/ptolemy/actor/lib/test/auto/Clock7.xml (RunModel)" time="0.01" />
  <testcase classname="ptolemy.util.test.junit.AutoTests" name="[67] /home/travis/build/icyphy/ptII/ptolemy/actor/lib/test/auto/Clock8.xml (RunModel)" time="0.011" />
  <testcase classname="ptolemy.util.test.junit.AutoTests" name="[68] /home/travis/build/icyphy/ptII/ptolemy/actor/lib/test/auto/Clock9.xml (RunModel)" time="0.012" />
  <testcase classname="ptolemy.util.test.junit.AutoTests" name="[69] /home/travis/build/icyphy/ptII/ptolemy/actor/lib/test/auto/CommDistDiscard.xml (RunModel)" time="0.023" />
  <testcase classname="ptolemy.util.test.junit.AutoTests" name="[70] /home/travis/build/icyphy/ptII/ptolemy/actor/lib/test/auto/Commutator.xml (RunModel)" time="0.021" />
  <testcase classname="ptolemy.util.test.junit.AutoTests" name="[71] /home/travis/build/icyphy/ptII/ptolemy/actor/lib/test/auto/Commutator2.xml (RunModel)" time="0.013" />
  <testcase classname="ptolemy.util.test.junit.AutoTests" name="[72] /home/travis/build/icyphy/ptII/ptolemy/actor/lib/test/auto/Commutator3.xml (RunModel)" time="0.014" />
  <testcase classname="ptolemy.util.test.junit.AutoTests" name="[73] /home/travis/build/icyphy/ptII/ptolemy/actor/lib/test/auto/Compare.xml (RunModel)" time="0.022" />
  <testcase classname="ptolemy.util.test.junit.AutoTests" name="[74] /home/travis/build/icyphy/ptII/ptolemy/actor/lib/test/auto/CompareDE.xml (RunModel)" time="0.021" />
  <testcase classname="ptolemy.util.test.junit.AutoTests" name="[75] /home/travis/build/icyphy/ptII/ptolemy/actor/lib/test/auto/ComplexDivide.xml (RunModel)" time="0.012" />
  <testcase classname="ptolemy.util.test.junit.AutoTests" name="[76] /home/travis/build/icyphy/ptII/ptolemy/actor/lib/test/auto/ComputeHistogram.xml (RunModel)" time="0.073" />
  <testcase classname="ptolemy.util.test.junit.AutoTests" name="[77] /home/travis/build/icyphy/ptII/ptolemy/actor/lib/test/auto/ConfigurationSelect.xml (RunModel)" time="0.02" />
  <testcase classname="ptolemy.util.test.junit.AutoTests" name="[78] /home/travis/build/icyphy/ptII/ptolemy/actor/lib/test/auto/ConfigurationSelect2.xml (RunModel)" time="0.016" />
  <testcase classname="ptolemy.util.test.junit.AutoTests" name="[79] /home/travis/build/icyphy/ptII/ptolemy/actor/lib/test/auto/ConfigurationSwitch.xml (RunModel)" time="0.028" />
  <testcase classname="ptolemy.util.test.junit.AutoTests" name="[80] /home/travis/build/icyphy/ptII/ptolemy/actor/lib/test/auto/ConfigurationSwitch2.xml (RunModel)" time="0.02" />
  <testcase classname="ptolemy.util.test.junit.AutoTests" name="[81] /home/travis/build/icyphy/ptII/ptolemy/actor/lib/test/auto/ConfigurationSwitchCloningBugWithClassRelationGroup.xml (RunModel)" time="0.026" />
  <testcase classname="ptolemy.util.test.junit.AutoTests" name="[82] /home/travis/build/icyphy/ptII/ptolemy/actor/lib/test/auto/ConfigurationSwitchSelectSDF.xml (RunModel)" time="0.021" />
  <testcase classname="ptolemy.util.test.junit.AutoTests" name="[83] /home/travis/build/icyphy/ptII/ptolemy/actor/lib/test/auto/ConfigurationSwitchSelectSDF2.xml (RunModel)" time="0.016" />
  <testcase classname="ptolemy.util.test.junit.AutoTests" name="[84] /home/travis/build/icyphy/ptII/ptolemy/actor/lib/test/auto/Const.xml (RunModel)" time="0.008" />
  <testcase classname="ptolemy.util.test.junit.AutoTests" name="[85] /home/travis/build/icyphy/ptII/ptolemy/actor/lib/test/auto/Const2.xml (RunModel)" time="0.022" />
  <testcase classname="ptolemy.util.test.junit.AutoTests" name="[86] /home/travis/build/icyphy/ptII/ptolemy/actor/lib/test/auto/Const3.xml (RunModel)" time="0.008" />
  <testcase classname="ptolemy.util.test.junit.AutoTests" name="[87] /home/travis/build/icyphy/ptII/ptolemy/actor/lib/test/auto/ConstantPublisherPort1.xml (RunModel)" time="0.028" />
  <testcase classname="ptolemy.util.test.junit.AutoTests" name="[88] /home/travis/build/icyphy/ptII/ptolemy/actor/lib/test/auto/ConstantPublisherPort2.xml (RunModel)" time="0.027" />
  <testcase classname="ptolemy.util.test.junit.AutoTests" name="[89] /home/travis/build/icyphy/ptII/ptolemy/actor/lib/test/auto/ConstantPublisherPort3.xml (RunModel)" time="0.051" />
  <testcase classname="ptolemy.util.test.junit.AutoTests" name="[90] /home/travis/build/icyphy/ptII/ptolemy/actor/lib/test/auto/ConstantPublisherPort4.xml (RunModel)" time="0.021" />
  <testcase classname="ptolemy.util.test.junit.AutoTests" name="[91] /home/travis/build/icyphy/ptII/ptolemy/actor/lib/test/auto/ConstantPublisherPort5.xml (RunModel)" time="0.056" />
  <testcase classname="ptolemy.util.test.junit.AutoTests" name="[92] /home/travis/build/icyphy/ptII/ptolemy/actor/lib/test/auto/ConstantPublisherPort6.xml (RunModel)" time="0.029" />
  <testcase classname="ptolemy.util.test.junit.AutoTests" name="[93] /home/travis/build/icyphy/ptII/ptolemy/actor/lib/test/auto/ConstantPublisherPort7.xml (RunModel)" time="0.027" />
  <testcase classname="ptolemy.util.test.junit.AutoTests" name="[94] /home/travis/build/icyphy/ptII/ptolemy/actor/lib/test/auto/ConstraintMonitor1.xml (RunModel)" time="0.037" />
  <testcase classname="ptolemy.util.test.junit.AutoTests" name="[95] /home/travis/build/icyphy/ptII/ptolemy/actor/lib/test/auto/ConstraintMonitor2.xml (RunModel)" time="0.013" />
  <testcase classname="ptolemy.util.test.junit.AutoTests" name="[96] /home/travis/build/icyphy/ptII/ptolemy/actor/lib/test/auto/ConstraintMonitor3.xml (RunModel)" time="0.018" />
  <testcase classname="ptolemy.util.test.junit.AutoTests" name="[97] /home/travis/build/icyphy/ptII/ptolemy/actor/lib/test/auto/ConstraintMonitor4.xml (RunModel)" time="0.011" />
  <testcase classname="ptolemy.util.test.junit.AutoTests" name="[98] /home/travis/build/icyphy/ptII/ptolemy/actor/lib/test/auto/ConstraintMonitor5.xml (RunModel)" time="0.013" />
  <testcase classname="ptolemy.util.test.junit.AutoTests" name="[99] /home/travis/build/icyphy/ptII/ptolemy/actor/lib/test/auto/ConstraintMonitor6.xml (RunModel)" time="0.013" />
  <testcase classname="ptolemy.util.test.junit.AutoTests" name="[100] /home/travis/build/icyphy/ptII/ptolemy/actor/lib/test/auto/ConstraintMonitor7.xml (RunModel)" time="0.02" />
  <testcase classname="ptolemy.util.test.junit.AutoTests" name="[101] /home/travis/build/icyphy/ptII/ptolemy/actor/lib/test/auto/ConstraintMonitor8.xml (RunModel)" time="0.017" />
  <testcase classname="ptolemy.util.test.junit.AutoTests" name="[102] /home/travis/build/icyphy/ptII/ptolemy/actor/lib/test/auto/Counter.xml (RunModel)" time="0.014" />
  <testcase classname="ptolemy.util.test.junit.AutoTests" name="[103] /home/travis/build/icyphy/ptII/ptolemy/actor/lib/test/auto/CurrentTimeSDF.xml (RunModel)" time="0.009" />
  <testcase classname="ptolemy.util.test.junit.AutoTests" name="[104] /home/travis/build/icyphy/ptII/ptolemy/actor/lib/test/auto/DB.xml (RunModel)" time="0.019" />
  <testcase classname="ptolemy.util.test.junit.AutoTests" name="[105] /home/travis/build/icyphy/ptII/ptolemy/actor/lib/test/auto/DBDE.xml (RunModel)" time="0.013" />
  <testcase classname="ptolemy.util.test.junit.AutoTests" name="[106] /home/travis/build/icyphy/ptII/ptolemy/actor/lib/test/auto/DateConstructor.xml (RunModel)" time="0.064" />
  <testcase classname="ptolemy.util.test.junit.AutoTests" name="[107] /home/travis/build/icyphy/ptII/ptolemy/actor/lib/test/auto/DelayTime.xml (RunModel)" time="0.018" />
  <testcase classname="ptolemy.util.test.junit.AutoTests" name="[108] /home/travis/build/icyphy/ptII/ptolemy/actor/lib/test/auto/Dictionary1.xml (RunModel)" time="0.018" />
  <testcase classname="ptolemy.util.test.junit.AutoTests" name="[109] /home/travis/build/icyphy/ptII/ptolemy/actor/lib/test/auto/Dictionary2.xml (RunModel)" time="0.014" />
  <testcase classname="ptolemy.util.test.junit.AutoTests" name="[110] /home/travis/build/icyphy/ptII/ptolemy/actor/lib/test/auto/Dictionary3.xml (RunModel)" time="0.013" />
  <testcase classname="ptolemy.util.test.junit.AutoTests" name="[111] /home/travis/build/icyphy/ptII/ptolemy/actor/lib/test/auto/Dictionary4.xml (RunModel)" time="0.017" />
  <testcase classname="ptolemy.util.test.junit.AutoTests" name="[112] /home/travis/build/icyphy/ptII/ptolemy/actor/lib/test/auto/Differential.xml (RunModel)" time="0.011" />
  <testcase classname="ptolemy.util.test.junit.AutoTests" name="[113] /home/travis/build/icyphy/ptII/ptolemy/actor/lib/test/auto/Director.xml (RunModel)" time="0.009" />
  <testcase classname="ptolemy.util.test.junit.AutoTests" name="[114] /home/travis/build/icyphy/ptII/ptolemy/actor/lib/test/auto/DiscreteClock.xml (RunModel)" time="0.008" />
  <testcase classname="ptolemy.util.test.junit.AutoTests" name="[115] /home/travis/build/icyphy/ptII/ptolemy/actor/lib/test/auto/DiscreteClock10.xml (RunModel)" time="0.012" />
  <testcase classname="ptolemy.util.test.junit.AutoTests" name="[116] /home/travis/build/icyphy/ptII/ptolemy/actor/lib/test/auto/DiscreteClock11.xml (RunModel)" time="0.012" />
  <testcase classname="ptolemy.util.test.junit.AutoTests" name="[117] /home/travis/build/icyphy/ptII/ptolemy/actor/lib/test/auto/DiscreteClock12.xml (RunModel)" time="0.013" />
  <testcase classname="ptolemy.util.test.junit.AutoTests" name="[118] /home/travis/build/icyphy/ptII/ptolemy/actor/lib/test/auto/DiscreteClock13.xml (RunModel)" time="0.017" />
  <testcase classname="ptolemy.util.test.junit.AutoTests" name="[119] /home/travis/build/icyphy/ptII/ptolemy/actor/lib/test/auto/DiscreteClock14.xml (RunModel)" time="0.017" />
  <testcase classname="ptolemy.util.test.junit.AutoTests" name="[120] /home/travis/build/icyphy/ptII/ptolemy/actor/lib/test/auto/DiscreteClock15.xml (RunModel)" time="0.012" />
  <testcase classname="ptolemy.util.test.junit.AutoTests" name="[121] /home/travis/build/icyphy/ptII/ptolemy/actor/lib/test/auto/DiscreteClock16.xml (RunModel)" time="0.035" />
  <testcase classname="ptolemy.util.test.junit.AutoTests" name="[122] /home/travis/build/icyphy/ptII/ptolemy/actor/lib/test/auto/DiscreteClock17.xml (RunModel)" time="0.038" />
  <testcase classname="ptolemy.util.test.junit.AutoTests" name="[123] /home/travis/build/icyphy/ptII/ptolemy/actor/lib/test/auto/DiscreteClock18.xml (RunModel)" time="0.463" />
  <testcase classname="ptolemy.util.test.junit.AutoTests" name="[124] /home/travis/build/icyphy/ptII/ptolemy/actor/lib/test/auto/DiscreteClock19.xml (RunModel)" time="0.063" />
  <testcase classname="ptolemy.util.test.junit.AutoTests" name="[125] /home/travis/build/icyphy/ptII/ptolemy/actor/lib/test/auto/DiscreteClock2.xml (RunModel)" time="0.01" />
  <testcase classname="ptolemy.util.test.junit.AutoTests" name="[126] /home/travis/build/icyphy/ptII/ptolemy/actor/lib/test/auto/DiscreteClock20.xml (RunModel)" time="0.022" />
  <testcase classname="ptolemy.util.test.junit.AutoTests" name="[127] /home/travis/build/icyphy/ptII/ptolemy/actor/lib/test/auto/DiscreteClock21.xml (RunModel)" time="0.021" />
  <testcase classname="ptolemy.util.test.junit.AutoTests" name="[128] /home/travis/build/icyphy/ptII/ptolemy/actor/lib/test/auto/DiscreteClock22.xml (RunModel)" time="0.014" />
  <testcase classname="ptolemy.util.test.junit.AutoTests" name="[129] /home/travis/build/icyphy/ptII/ptolemy/actor/lib/test/auto/DiscreteClock23.xml (RunModel)" time="0.017" />
  <testcase classname="ptolemy.util.test.junit.AutoTests" name="[130] /home/travis/build/icyphy/ptII/ptolemy/actor/lib/test/auto/DiscreteClock24.xml (RunModel)" time="0.014" />
  <testcase classname="ptolemy.util.test.junit.AutoTests" name="[131] /home/travis/build/icyphy/ptII/ptolemy/actor/lib/test/auto/DiscreteClock4.xml (RunModel)" time="0.019" />
  <testcase classname="ptolemy.util.test.junit.AutoTests" name="[132] /home/travis/build/icyphy/ptII/ptolemy/actor/lib/test/auto/DiscreteClock5.xml (RunModel)" time="0.011" />
  <testcase classname="ptolemy.util.test.junit.AutoTests" name="[133] /home/travis/build/icyphy/ptII/ptolemy/actor/lib/test/auto/DiscreteClock6.xml (RunModel)" time="0.009" />
  <testcase classname="ptolemy.util.test.junit.AutoTests" name="[134] /home/travis/build/icyphy/ptII/ptolemy/actor/lib/test/auto/DiscreteClock7.xml (RunModel)" time="0.012" />
  <testcase classname="ptolemy.util.test.junit.AutoTests" name="[135] /home/travis/build/icyphy/ptII/ptolemy/actor/lib/test/auto/DiscreteClock8.xml (RunModel)" time="0.01" />
  <testcase classname="ptolemy.util.test.junit.AutoTests" name="[136] /home/travis/build/icyphy/ptII/ptolemy/actor/lib/test/auto/DiscreteClock9.xml (RunModel)" time="0.01" />
  <testcase classname="ptolemy.util.test.junit.AutoTests" name="[137] /home/travis/build/icyphy/ptII/ptolemy/actor/lib/test/auto/DisplayArray.xml (RunModel)" time="0.02" />
  <testcase classname="ptolemy.util.test.junit.AutoTests" name="[138] /home/travis/build/icyphy/ptII/ptolemy/actor/lib/test/auto/Distributor.xml (RunModel)" time="0.009" />
  <testcase classname="ptolemy.util.test.junit.AutoTests" name="[139] /home/travis/build/icyphy/ptII/ptolemy/actor/lib/test/auto/Distributor2.xml (RunModel)" time="0.01" />
  <testcase classname="ptolemy.util.test.junit.AutoTests" name="[140] /home/travis/build/icyphy/ptII/ptolemy/actor/lib/test/auto/DownSample.xml (RunModel)" time="0.009" />
  <testcase classname="ptolemy.util.test.junit.AutoTests" name="[141] /home/travis/build/icyphy/ptII/ptolemy/actor/lib/test/auto/ElectronicUnitBase1.xml (RunModel)" time="0.062" />
  <testcase classname="ptolemy.util.test.junit.AutoTests" name="[142] /home/travis/build/icyphy/ptII/ptolemy/actor/lib/test/auto/ElementsToArray.xml (RunModel)" time="0.01" />
  <testcase classname="ptolemy.util.test.junit.AutoTests" name="[143] /home/travis/build/icyphy/ptII/ptolemy/actor/lib/test/auto/Equals.xml (RunModel)" time="0.011" />
  <testcase classname="ptolemy.util.test.junit.AutoTests" name="[144] /home/travis/build/icyphy/ptII/ptolemy/actor/lib/test/auto/Exec.xml (RunModel)" time="0.022" />
  <testcase classname="ptolemy.util.test.junit.AutoTests" name="[145] /home/travis/build/icyphy/ptII/ptolemy/actor/lib/test/auto/ExecEnvironment.xml (RunModel)" time="0.038" />
  <testcase classname="ptolemy.util.test.junit.AutoTests" name="[146] /home/travis/build/icyphy/ptII/ptolemy/actor/lib/test/auto/ExecNonZeroReturnOutput.xml (RunModel)" time="0.128" />
  <testcase classname="ptolemy.util.test.junit.AutoTests" name="[147] /home/travis/build/icyphy/ptII/ptolemy/actor/lib/test/auto/ExecRunDemos.xml (RunModel)" time="9.181" />
  <testcase classname="ptolemy.util.test.junit.AutoTests" name="[148] /home/travis/build/icyphy/ptII/ptolemy/actor/lib/test/auto/ExecStop.xml (RunModel)" time="5.033" />
  <testcase classname="ptolemy.util.test.junit.AutoTests" name="[149] /home/travis/build/icyphy/ptII/ptolemy/actor/lib/test/auto/ExecutionTimeSDF.xml (RunModel)" time="6.029" />
  <testcase classname="ptolemy.util.test.junit.AutoTests" name="[150] /home/travis/build/icyphy/ptII/ptolemy/actor/lib/test/auto/Expression1.xml (RunModel)" time="0.014" />
  <testcase classname="ptolemy.util.test.junit.AutoTests" name="[151] /home/travis/build/icyphy/ptII/ptolemy/actor/lib/test/auto/Expression10.xml (RunModel)" time="0.016" />
  <testcase classname="ptolemy.util.test.junit.AutoTests" name="[152] /home/travis/build/icyphy/ptII/ptolemy/actor/lib/test/auto/Expression11.xml (RunModel)" time="0.013" />
  <testcase classname="ptolemy.util.test.junit.AutoTests" name="[153] /home/travis/build/icyphy/ptII/ptolemy/actor/lib/test/auto/Expression12.xml (RunModel)" time="0.012" />
  <testcase classname="ptolemy.util.test.junit.AutoTests" name="[154] /home/travis/build/icyphy/ptII/ptolemy/actor/lib/test/auto/Expression13.xml (RunModel)" time="0.013" />
  <testcase classname="ptolemy.util.test.junit.AutoTests" name="[155] /home/travis/build/icyphy/ptII/ptolemy/actor/lib/test/auto/Expression14.xml (RunModel)" time="0.016" />
  <testcase classname="ptolemy.util.test.junit.AutoTests" name="[156] /home/travis/build/icyphy/ptII/ptolemy/actor/lib/test/auto/Expression15.xml (RunModel)" time="0.009" />
  <testcase classname="ptolemy.util.test.junit.AutoTests" name="[157] /home/travis/build/icyphy/ptII/ptolemy/actor/lib/test/auto/Expression16.xml (RunModel)" time="0.013" />
  <testcase classname="ptolemy.util.test.junit.AutoTests" name="[158] /home/travis/build/icyphy/ptII/ptolemy/actor/lib/test/auto/Expression17.xml (RunModel)" time="0.013" />
  <testcase classname="ptolemy.util.test.junit.AutoTests" name="[159] /home/travis/build/icyphy/ptII/ptolemy/actor/lib/test/auto/Expression18.xml (RunModel)" time="0.013" />
  <testcase classname="ptolemy.util.test.junit.AutoTests" name="[160] /home/travis/build/icyphy/ptII/ptolemy/actor/lib/test/auto/Expression2.xml (RunModel)" time="0.012" />
  <testcase classname="ptolemy.util.test.junit.AutoTests" name="[161] /home/travis/build/icyphy/ptII/ptolemy/actor/lib/test/auto/Expression3.xml (RunModel)" time="0.011" />
  <testcase classname="ptolemy.util.test.junit.AutoTests" name="[162] /home/travis/build/icyphy/ptII/ptolemy/actor/lib/test/auto/Expression4.xml (RunModel)" time="0.019" />
  <testcase classname="ptolemy.util.test.junit.AutoTests" name="[163] /home/travis/build/icyphy/ptII/ptolemy/actor/lib/test/auto/Expression5.xml (RunModel)" time="0.012" />
  <testcase classname="ptolemy.util.test.junit.AutoTests" name="[164] /home/travis/build/icyphy/ptII/ptolemy/actor/lib/test/auto/Expression6.xml (RunModel)" time="0.011" />
  <testcase classname="ptolemy.util.test.junit.AutoTests" name="[165] /home/travis/build/icyphy/ptII/ptolemy/actor/lib/test/auto/Expression7.xml (RunModel)" time="0.012" />
  <testcase classname="ptolemy.util.test.junit.AutoTests" name="[166] /home/travis/build/icyphy/ptII/ptolemy/actor/lib/test/auto/Expression8.xml (RunModel)" time="0.013" />
  <testcase classname="ptolemy.util.test.junit.AutoTests" name="[167] /home/travis/build/icyphy/ptII/ptolemy/actor/lib/test/auto/Expression9.xml (RunModel)" time="0.01" />
  <testcase classname="ptolemy.util.test.junit.AutoTests" name="[168] /home/travis/build/icyphy/ptII/ptolemy/actor/lib/test/auto/ExpressionConcatenateArrayType.xml (RunModel)" time="0.024" />
  <testcase classname="ptolemy.util.test.junit.AutoTests" name="[169] /home/travis/build/icyphy/ptII/ptolemy/actor/lib/test/auto/ExpressionConcatenateArrayType2.xml (RunModel)" time="0.015" />
  <testcase classname="ptolemy.util.test.junit.AutoTests" name="[170] /home/travis/build/icyphy/ptII/ptolemy/actor/lib/test/auto/ExpressionFix.xml (RunModel)" time="0.027" />
  <testcase classname="ptolemy.util.test.junit.AutoTests" name="[171] /home/travis/build/icyphy/ptII/ptolemy/actor/lib/test/auto/ExpressionFix2.xml (RunModel)" time="0.01" />
  <testcase classname="ptolemy.util.test.junit.AutoTests" name="[172] /home/travis/build/icyphy/ptII/ptolemy/actor/lib/test/auto/ExpressionFix3.xml (RunModel)" time="0.011" />
  <testcase classname="ptolemy.util.test.junit.AutoTests" name="[173] /home/travis/build/icyphy/ptII/ptolemy/actor/lib/test/auto/FileWriter1.xml (RunModel)" time="0.01" />
  <testcase classname="ptolemy.util.test.junit.AutoTests" name="[174] /home/travis/build/icyphy/ptII/ptolemy/actor/lib/test/auto/FileWriter2.xml (RunModel)" time="0.012" />
  <testcase classname="ptolemy.util.test.junit.AutoTests" name="[175] /home/travis/build/icyphy/ptII/ptolemy/actor/lib/test/auto/FileWriter3.xml (RunModel)" time="0.016" />
  <testcase classname="ptolemy.util.test.junit.AutoTests" name="[176] /home/travis/build/icyphy/ptII/ptolemy/actor/lib/test/auto/Gaussian.xml (RunModel)" time="0.011" />
  <testcase classname="ptolemy.util.test.junit.AutoTests" name="[177] /home/travis/build/icyphy/ptII/ptolemy/actor/lib/test/auto/Gaussian1.xml (RunModel)" time="0.015" />
  <testcase classname="ptolemy.util.test.junit.AutoTests" name="[178] /home/travis/build/icyphy/ptII/ptolemy/actor/lib/test/auto/Gaussian2.xml (RunModel)" time="0.017" />
  <testcase classname="ptolemy.util.test.junit.AutoTests" name="[179] /home/travis/build/icyphy/ptII/ptolemy/actor/lib/test/auto/GradientAdaptiveLattice.xml (RunModel)" time="0.017" />
  <testcase classname="ptolemy.util.test.junit.AutoTests" name="[180] /home/travis/build/icyphy/ptII/ptolemy/actor/lib/test/auto/IIR.xml (RunModel)" time="0.015" />
  <testcase classname="ptolemy.util.test.junit.AutoTests" name="[181] /home/travis/build/icyphy/ptII/ptolemy/actor/lib/test/auto/InputOutputTransparentPorts.xml (RunModel)" time="0.019" />
  <testcase classname="ptolemy.util.test.junit.AutoTests" name="[182] /home/travis/build/icyphy/ptII/ptolemy/actor/lib/test/auto/Interpolator.xml (RunModel)" time="0.01" />
  <testcase classname="ptolemy.util.test.junit.AutoTests" name="[183] /home/travis/build/icyphy/ptII/ptolemy/actor/lib/test/auto/InterpolatorFiringLimitDE.xml (RunModel)" time="0.013" />
  <testcase classname="ptolemy.util.test.junit.AutoTests" name="[184] /home/travis/build/icyphy/ptII/ptolemy/actor/lib/test/auto/Lattice.xml (RunModel)" time="0.008" />
  <testcase classname="ptolemy.util.test.junit.AutoTests" name="[185] /home/travis/build/icyphy/ptII/ptolemy/actor/lib/test/auto/LazyAOCTestLazy.xml (RunModel)" time="0.02" />
  <testcase classname="ptolemy.util.test.junit.AutoTests" name="[186] /home/travis/build/icyphy/ptII/ptolemy/actor/lib/test/auto/LazyAOCTestNonLazy.xml (RunModel)" time="0.015" />
  <testcase classname="ptolemy.util.test.junit.AutoTests" name="[187] /home/travis/build/icyphy/ptII/ptolemy/actor/lib/test/auto/LazyInnerClass.xml (RunModel)" time="0.018" />
  <testcase classname="ptolemy.util.test.junit.AutoTests" name="[188] /home/travis/build/icyphy/ptII/ptolemy/actor/lib/test/auto/LazyPubSub.xml (RunModel)" time="0.031" />
  <testcase classname="ptolemy.util.test.junit.AutoTests" name="[189] /home/travis/build/icyphy/ptII/ptolemy/actor/lib/test/auto/LazyPubSub2.xml (RunModel)" time="0.042" />
  <testcase classname="ptolemy.util.test.junit.AutoTests" name="[190] /home/travis/build/icyphy/ptII/ptolemy/actor/lib/test/auto/LazyPubSub3.xml (RunModel)" time="0.059" />
  <testcase classname="ptolemy.util.test.junit.AutoTests" name="[191] /home/travis/build/icyphy/ptII/ptolemy/actor/lib/test/auto/LazySubClassModel.xml (RunModel)" time="0.042" />
  <testcase classname="ptolemy.util.test.junit.AutoTests" name="[192] /home/travis/build/icyphy/ptII/ptolemy/actor/lib/test/auto/LevelCrossTest1.xml (RunModel)" time="0.01" />
  <testcase classname="ptolemy.util.test.junit.AutoTests" name="[193] /home/travis/build/icyphy/ptII/ptolemy/actor/lib/test/auto/LevelCrossTest10.xml (RunModel)" time="0.019" />
  <testcase classname="ptolemy.util.test.junit.AutoTests" name="[194] /home/travis/build/icyphy/ptII/ptolemy/actor/lib/test/auto/LevelCrossTest11.xml (RunModel)" time="0.012" />
  <testcase classname="ptolemy.util.test.junit.AutoTests" name="[195] /home/travis/build/icyphy/ptII/ptolemy/actor/lib/test/auto/LevelCrossTest12.xml (RunModel)" time="0.017" />
  <testcase classname="ptolemy.util.test.junit.AutoTests" name="[196] /home/travis/build/icyphy/ptII/ptolemy/actor/lib/test/auto/LevelCrossTest13.xml (RunModel)" time="0.012" />
  <testcase classname="ptolemy.util.test.junit.AutoTests" name="[197] /home/travis/build/icyphy/ptII/ptolemy/actor/lib/test/auto/LevelCrossTest2.xml (RunModel)" time="0.011" />
  <testcase classname="ptolemy.util.test.junit.AutoTests" name="[198] /home/travis/build/icyphy/ptII/ptolemy/actor/lib/test/auto/LevelCrossTest3.xml (RunModel)" time="0.014" />
  <testcase classname="ptolemy.util.test.junit.AutoTests" name="[199] /home/travis/build/icyphy/ptII/ptolemy/actor/lib/test/auto/LevelCrossTest4.xml (RunModel)" time="0.011" />
  <testcase classname="ptolemy.util.test.junit.AutoTests" name="[200] /home/travis/build/icyphy/ptII/ptolemy/actor/lib/test/auto/LevelCrossTest5.xml (RunModel)" time="0.015" />
  <testcase classname="ptolemy.util.test.junit.AutoTests" name="[201] /home/travis/build/icyphy/ptII/ptolemy/actor/lib/test/auto/LevelCrossTest6.xml (RunModel)" time="0.013" />
  <testcase classname="ptolemy.util.test.junit.AutoTests" name="[202] /home/travis/build/icyphy/ptII/ptolemy/actor/lib/test/auto/LevelCrossTest7.xml (RunModel)" time="0.022" />
  <testcase classname="ptolemy.util.test.junit.AutoTests" name="[203] /home/travis/build/icyphy/ptII/ptolemy/actor/lib/test/auto/LevelCrossTest8.xml (RunModel)" time="0.014" />
  <testcase classname="ptolemy.util.test.junit.AutoTests" name="[204] /home/travis/build/icyphy/ptII/ptolemy/actor/lib/test/auto/LevelCrossTest9.xml (RunModel)" time="0.013" />
  <testcase classname="ptolemy.util.test.junit.AutoTests" name="[205] /home/travis/build/icyphy/ptII/ptolemy/actor/lib/test/auto/LevinsonDurbin.xml (RunModel)" time="0.015" />
  <testcase classname="ptolemy.util.test.junit.AutoTests" name="[206] /home/travis/build/icyphy/ptII/ptolemy/actor/lib/test/auto/LevinsonDurbin2.xml (RunModel)" time="0.01" />
  <testcase classname="ptolemy.util.test.junit.AutoTests" name="[207] /home/travis/build/icyphy/ptII/ptolemy/actor/lib/test/auto/LevinsonDurbin3.xml (RunModel)" time="0.009" />
  <testcase classname="ptolemy.util.test.junit.AutoTests" name="[208] /home/travis/build/icyphy/ptII/ptolemy/actor/lib/test/auto/Limiter.xml (RunModel)" time="0.032" />
  <testcase classname="ptolemy.util.test.junit.AutoTests" name="[209] /home/travis/build/icyphy/ptII/ptolemy/actor/lib/test/auto/LinearDifferenceEquationSystem.xml (RunModel)" time="0.024" />
  <testcase classname="ptolemy.util.test.junit.AutoTests" name="[210] /home/travis/build/icyphy/ptII/ptolemy/actor/lib/test/auto/LookupTable.xml (RunModel)" time="0.01" />
  <testcase classname="ptolemy.util.test.junit.AutoTests" name="[211] /home/travis/build/icyphy/ptII/ptolemy/actor/lib/test/auto/MathFunction.xml (RunModel)" time="0.028" />
  <testcase classname="ptolemy.util.test.junit.AutoTests" name="[212] /home/travis/build/icyphy/ptII/ptolemy/actor/lib/test/auto/MathFunction2.xml (RunModel)" time="0.015" />
  <testcase classname="ptolemy.util.test.junit.AutoTests" name="[213] /home/travis/build/icyphy/ptII/ptolemy/actor/lib/test/auto/MathFunction3.xml (RunModel)" time="0.016" />
  <testcase classname="ptolemy.util.test.junit.AutoTests" name="[214] /home/travis/build/icyphy/ptII/ptolemy/actor/lib/test/auto/MatrixCropBoolean.xml (RunModel)" time="0.01" />
  <testcase classname="ptolemy.util.test.junit.AutoTests" name="[215] /home/travis/build/icyphy/ptII/ptolemy/actor/lib/test/auto/MatrixCropComplex.xml (RunModel)" time="0.01" />
  <testcase classname="ptolemy.util.test.junit.AutoTests" name="[216] /home/travis/build/icyphy/ptII/ptolemy/actor/lib/test/auto/MatrixCropDouble.xml (RunModel)" time="0.009" />
  <testcase classname="ptolemy.util.test.junit.AutoTests" name="[217] /home/travis/build/icyphy/ptII/ptolemy/actor/lib/test/auto/MatrixCropFix.xml (RunModel)" time="0.012" />
  <testcase classname="ptolemy.util.test.junit.AutoTests" name="[218] /home/travis/build/icyphy/ptII/ptolemy/actor/lib/test/auto/MatrixCropInt.xml (RunModel)" time="0.013" />
  <testcase classname="ptolemy.util.test.junit.AutoTests" name="[219] /home/travis/build/icyphy/ptII/ptolemy/actor/lib/test/auto/MatrixCropLong.xml (RunModel)" time="0.009" />
  <testcase classname="ptolemy.util.test.junit.AutoTests" name="[220] /home/travis/build/icyphy/ptII/ptolemy/actor/lib/test/auto/MatrixToArray.xml (RunModel)" time="0.048" />
  <testcase classname="ptolemy.util.test.junit.AutoTests" name="[221] /home/travis/build/icyphy/ptII/ptolemy/actor/lib/test/auto/MaxIndex.xml (RunModel)" time="0.018" />
  <testcase classname="ptolemy.util.test.junit.AutoTests" name="[222] /home/travis/build/icyphy/ptII/ptolemy/actor/lib/test/auto/Maximum.xml (RunModel)" time="0.01" />
  <testcase classname="ptolemy.util.test.junit.AutoTests" name="[223] /home/travis/build/icyphy/ptII/ptolemy/actor/lib/test/auto/MaximumComplex.xml (RunModel)" time="0.011" />
  <testcase classname="ptolemy.util.test.junit.AutoTests" name="[224] /home/travis/build/icyphy/ptII/ptolemy/actor/lib/test/auto/MethodCallTest.xml (RunModel)" time="0.021" />
  <testcase classname="ptolemy.util.test.junit.AutoTests" name="[225] /home/travis/build/icyphy/ptII/ptolemy/actor/lib/test/auto/Minimum.xml (RunModel)" time="0.012" />
  <testcase classname="ptolemy.util.test.junit.AutoTests" name="[226] /home/travis/build/icyphy/ptII/ptolemy/actor/lib/test/auto/MinimumComplex.xml (RunModel)" time="0.012" />
  <testcase classname="ptolemy.util.test.junit.AutoTests" name="[227] /home/travis/build/icyphy/ptII/ptolemy/actor/lib/test/auto/MinimumMultiports.xml (RunModel)" time="0.019" />
  <testcase classname="ptolemy.util.test.junit.AutoTests" name="[228] /home/travis/build/icyphy/ptII/ptolemy/actor/lib/test/auto/ModifyDate.xml (RunModel)" time="0.038" />
  <testcase classname="ptolemy.util.test.junit.AutoTests" name="[229] /home/travis/build/icyphy/ptII/ptolemy/actor/lib/test/auto/ModifyDate2.xml (RunModel)" time="0.025" />
  <testcase classname="ptolemy.util.test.junit.AutoTests" name="[230] /home/travis/build/icyphy/ptII/ptolemy/actor/lib/test/auto/MovingAverage.xml (RunModel)" time="0.012" />
  <testcase classname="ptolemy.util.test.junit.AutoTests" name="[231] /home/travis/build/icyphy/ptII/ptolemy/actor/lib/test/auto/MovingMaximum.xml (RunModel)" time="0.016" />
  <testcase classname="ptolemy.util.test.junit.AutoTests" name="[232] /home/travis/build/icyphy/ptII/ptolemy/actor/lib/test/auto/MultipleLinksToSameRelation.xml (RunModel)" time="0.008" />
  <testcase classname="ptolemy.util.test.junit.AutoTests" name="[233] /home/travis/build/icyphy/ptII/ptolemy/actor/lib/test/auto/MultipleLinksToSameRelationDE.xml (RunModel)" time="0.007" />
  <testcase classname="ptolemy.util.test.junit.AutoTests" name="[234] /home/travis/build/icyphy/ptII/ptolemy/actor/lib/test/auto/Multiplexor.xml (RunModel)" time="0.013" />
  <testcase classname="ptolemy.util.test.junit.AutoTests" name="[235] /home/travis/build/icyphy/ptII/ptolemy/actor/lib/test/auto/Multiplexor1.xml (RunModel)" time="0.02" />
  <testcase classname="ptolemy.util.test.junit.AutoTests" name="[236] /home/travis/build/icyphy/ptII/ptolemy/actor/lib/test/auto/Multiplexor2.xml (RunModel)" time="0.015" />
  <testcase classname="ptolemy.util.test.junit.AutoTests" name="[237] /home/travis/build/icyphy/ptII/ptolemy/actor/lib/test/auto/Multiplexor3.xml (RunModel)" time="0.008" />
  <testcase classname="ptolemy.util.test.junit.AutoTests" name="[238] /home/travis/build/icyphy/ptII/ptolemy/actor/lib/test/auto/MultiplexorDE.xml (RunModel)" time="0.018" />
  <testcase classname="ptolemy.util.test.junit.AutoTests" name="[239] /home/travis/build/icyphy/ptII/ptolemy/actor/lib/test/auto/MultiportBroadcastTest.xml (RunModel)" time="0.096" />
  <testcase classname="ptolemy.util.test.junit.AutoTests" name="[240] /home/travis/build/icyphy/ptII/ptolemy/actor/lib/test/auto/MultiportOutHangDuringGetWidth.xml (RunModel)" time="0.03" />
  <testcase classname="ptolemy.util.test.junit.AutoTests" name="[241] /home/travis/build/icyphy/ptII/ptolemy/actor/lib/test/auto/NilToken.xml (RunModel)" time="0.008" />
  <testcase classname="ptolemy.util.test.junit.AutoTests" name="[242] /home/travis/build/icyphy/ptII/ptolemy/actor/lib/test/auto/NilTokenNonStrictTest.xml (RunModel)" time="0.012" />
  <testcase classname="ptolemy.util.test.junit.AutoTests" name="[243] /home/travis/build/icyphy/ptII/ptolemy/actor/lib/test/auto/NilTokenRecord.xml (RunModel)" time="0.019" />
  <testcase classname="ptolemy.util.test.junit.AutoTests" name="[244] /home/travis/build/icyphy/ptII/ptolemy/actor/lib/test/auto/NilTokenTypeTest.xml (RunModel)" time="0.035" />
  <testcase classname="ptolemy.util.test.junit.AutoTests" name="[245] /home/travis/build/icyphy/ptII/ptolemy/actor/lib/test/auto/ObjectToken1.xml (RunModel)" time="0.009" />
  <testcase classname="ptolemy.util.test.junit.AutoTests" name="[246] /home/travis/build/icyphy/ptII/ptolemy/actor/lib/test/auto/OrderedMerge.xml (RunModel)" time="0.015" />
  <testcase classname="ptolemy.util.test.junit.AutoTests" name="[247] /home/travis/build/icyphy/ptII/ptolemy/actor/lib/test/auto/OrderedRecordDisassembler.xml (RunModel)" time="0.015" />
  <testcase classname="ptolemy.util.test.junit.AutoTests" name="[248] /home/travis/build/icyphy/ptII/ptolemy/actor/lib/test/auto/OrderedRecordDisassembler2.xml (RunModel)" time="0.019" />
  <testcase classname="ptolemy.util.test.junit.AutoTests" name="[249] /home/travis/build/icyphy/ptII/ptolemy/actor/lib/test/auto/OrderedRecordUpdater.xml (RunModel)" time="0.011" />
  <testcase classname="ptolemy.util.test.junit.AutoTests" name="[250] /home/travis/build/icyphy/ptII/ptolemy/actor/lib/test/auto/OrderedRecordUpdater2.xml (RunModel)" time="0.024" />
  <testcase classname="ptolemy.util.test.junit.AutoTests" name="[251] /home/travis/build/icyphy/ptII/ptolemy/actor/lib/test/auto/PhaseUnwrap.xml (RunModel)" time="0.013" />
  <testcase classname="ptolemy.util.test.junit.AutoTests" name="[252] /home/travis/build/icyphy/ptII/ptolemy/actor/lib/test/auto/PoissonClock.xml (RunModel)" time="0.011" />
  <testcase classname="ptolemy.util.test.junit.AutoTests" name="[253] /home/travis/build/icyphy/ptII/ptolemy/actor/lib/test/auto/PoissonClock2.xml (RunModel)" time="0.008" />
  <testcase classname="ptolemy.util.test.junit.AutoTests" name="[254] /home/travis/build/icyphy/ptII/ptolemy/actor/lib/test/auto/PoissonClock3.xml (RunModel)" time="0.016" />
  <testcase classname="ptolemy.util.test.junit.AutoTests" name="[255] /home/travis/build/icyphy/ptII/ptolemy/actor/lib/test/auto/PubSubWithInitialTokens.xml (RunModel)" time="0.018" />
  <testcase classname="ptolemy.util.test.junit.AutoTests" name="[256] /home/travis/build/icyphy/ptII/ptolemy/actor/lib/test/auto/PubSubWithInitialTokens2.xml (RunModel)" time="0.011" />
  <testcase classname="ptolemy.util.test.junit.AutoTests" name="[257] /home/travis/build/icyphy/ptII/ptolemy/actor/lib/test/auto/PublisherClassNoParameter.xml (RunModel)" time="0.022" />
  <testcase classname="ptolemy.util.test.junit.AutoTests" name="[258] /home/travis/build/icyphy/ptII/ptolemy/actor/lib/test/auto/PublisherClassParameter.xml (RunModel)" time="0.023" />
  <testcase classname="ptolemy.util.test.junit.AutoTests" name="[259] /home/travis/build/icyphy/ptII/ptolemy/actor/lib/test/auto/PublisherNonStrictTest.xml (RunModel)" time="0.015" />
  <testcase classname="ptolemy.util.test.junit.AutoTests" name="[260] /home/travis/build/icyphy/ptII/ptolemy/actor/lib/test/auto/PublisherPort1.xml (RunModel)" time="0.01" />
  <testcase classname="ptolemy.util.test.junit.AutoTests" name="[261] /home/travis/build/icyphy/ptII/ptolemy/actor/lib/test/auto/PublisherPort2.xml (RunModel)" time="0.017" />
  <testcase classname="ptolemy.util.test.junit.AutoTests" name="[262] /home/travis/build/icyphy/ptII/ptolemy/actor/lib/test/auto/PublisherPort3.xml (RunModel)" time="0.017" />
  <testcase classname="ptolemy.util.test.junit.AutoTests" name="[263] /home/travis/build/icyphy/ptII/ptolemy/actor/lib/test/auto/PublisherPort4.xml (RunModel)" time="0.016" />
  <testcase classname="ptolemy.util.test.junit.AutoTests" name="[264] /home/travis/build/icyphy/ptII/ptolemy/actor/lib/test/auto/PublisherPort5.xml (RunModel)" time="0.015" />
  <testcase classname="ptolemy.util.test.junit.AutoTests" name="[265] /home/travis/build/icyphy/ptII/ptolemy/actor/lib/test/auto/PublisherPort5LookAlike.xml (RunModel)" time="0.018" />
  <testcase classname="ptolemy.util.test.junit.AutoTests" name="[266] /home/travis/build/icyphy/ptII/ptolemy/actor/lib/test/auto/PublisherPort6.xml (RunModel)" time="0.013" />
  <testcase classname="ptolemy.util.test.junit.AutoTests" name="[267] /home/travis/build/icyphy/ptII/ptolemy/actor/lib/test/auto/PublisherPort7.xml (RunModel)" time="0.015" />
  <testcase classname="ptolemy.util.test.junit.AutoTests" name="[268] /home/travis/build/icyphy/ptII/ptolemy/actor/lib/test/auto/PublisherPort8.xml (RunModel)" time="0.017" />
  <testcase classname="ptolemy.util.test.junit.AutoTests" name="[269] /home/travis/build/icyphy/ptII/ptolemy/actor/lib/test/auto/PublisherPortSubscriberChannelVariablesAOC2.xml (RunModel)" time="0.03" />
  <testcase classname="ptolemy.util.test.junit.AutoTests" name="[270] /home/travis/build/icyphy/ptII/ptolemy/actor/lib/test/auto/PublisherPortSubscriberOpaqueWidthInference.xml (RunModel)" time="0.015" />
  <testcase classname="ptolemy.util.test.junit.AutoTests" name="[271] /home/travis/build/icyphy/ptII/ptolemy/actor/lib/test/auto/PublisherPortSubscriberPortAdjacent.xml (RunModel)" time="0.019" />
  <testcase classname="ptolemy.util.test.junit.AutoTests" name="[272] /home/travis/build/icyphy/ptII/ptolemy/actor/lib/test/auto/PublisherPortSubscriberPortExpression.xml (RunModel)" time="0.016" />
  <testcase classname="ptolemy.util.test.junit.AutoTests" name="[273] /home/travis/build/icyphy/ptII/ptolemy/actor/lib/test/auto/PublisherPortSubscriberPortOpaqueD3Reverse.xml (RunModel)" time="0.037" />
  <testcase classname="ptolemy.util.test.junit.AutoTests" name="[274] /home/travis/build/icyphy/ptII/ptolemy/actor/lib/test/auto/PublisherPortSubscriberPortOpaqueWidthInference.xml (RunModel)" time="0.014" />
  <testcase classname="ptolemy.util.test.junit.AutoTests" name="[275] /home/travis/build/icyphy/ptII/ptolemy/actor/lib/test/auto/PublisherPortToplevelSubscriberPortAOC.xml (RunModel)" time="0.01" />
  <testcase classname="ptolemy.util.test.junit.AutoTests" name="[276] /home/travis/build/icyphy/ptII/ptolemy/actor/lib/test/auto/PublisherSubscriber.xml (RunModel)" time="0.025" />
  <testcase classname="ptolemy.util.test.junit.AutoTests" name="[277] /home/travis/build/icyphy/ptII/ptolemy/actor/lib/test/auto/PublisherSubscriber10.xml (RunModel)" time="0.018" />
  <testcase classname="ptolemy.util.test.junit.AutoTests" name="[278] /home/travis/build/icyphy/ptII/ptolemy/actor/lib/test/auto/PublisherSubscriber10InitialOutputs.xml (RunModel)" time="0.029" />
  <testcase classname="ptolemy.util.test.junit.AutoTests" name="[279] /home/travis/build/icyphy/ptII/ptolemy/actor/lib/test/auto/PublisherSubscriber11.xml (RunModel)" time="0.014" />
  <testcase classname="ptolemy.util.test.junit.AutoTests" name="[280] /home/travis/build/icyphy/ptII/ptolemy/actor/lib/test/auto/PublisherSubscriber12.xml (RunModel)" time="0.014" />
  <testcase classname="ptolemy.util.test.junit.AutoTests" name="[281] /home/travis/build/icyphy/ptII/ptolemy/actor/lib/test/auto/PublisherSubscriber13.xml (RunModel)" time="0.02" />
  <testcase classname="ptolemy.util.test.junit.AutoTests" name="[282] /home/travis/build/icyphy/ptII/ptolemy/actor/lib/test/auto/PublisherSubscriber14.xml (RunModel)" time="0.018" />
  <testcase classname="ptolemy.util.test.junit.AutoTests" name="[283] /home/travis/build/icyphy/ptII/ptolemy/actor/lib/test/auto/PublisherSubscriber2.xml (RunModel)" time="0.009" />
  <testcase classname="ptolemy.util.test.junit.AutoTests" name="[284] /home/travis/build/icyphy/ptII/ptolemy/actor/lib/test/auto/PublisherSubscriber3.xml (RunModel)" time="0.009" />
  <testcase classname="ptolemy.util.test.junit.AutoTests" name="[285] /home/travis/build/icyphy/ptII/ptolemy/actor/lib/test/auto/PublisherSubscriber4.xml (RunModel)" time="0.008" />
  <testcase classname="ptolemy.util.test.junit.AutoTests" name="[286] /home/travis/build/icyphy/ptII/ptolemy/actor/lib/test/auto/PublisherSubscriber5.xml (RunModel)" time="0.011" />
  <testcase classname="ptolemy.util.test.junit.AutoTests" name="[287] /home/travis/build/icyphy/ptII/ptolemy/actor/lib/test/auto/PublisherSubscriber6.xml (RunModel)" time="0.015" />
  <testcase classname="ptolemy.util.test.junit.AutoTests" name="[288] /home/travis/build/icyphy/ptII/ptolemy/actor/lib/test/auto/PublisherSubscriber7.xml (RunModel)" time="0.016" />
  <testcase classname="ptolemy.util.test.junit.AutoTests" name="[289] /home/travis/build/icyphy/ptII/ptolemy/actor/lib/test/auto/PublisherSubscriber8.xml (RunModel)" time="0.028" />
  <testcase classname="ptolemy.util.test.junit.AutoTests" name="[290] /home/travis/build/icyphy/ptII/ptolemy/actor/lib/test/auto/PublisherSubscriber9.xml (RunModel)" time="0.016" />
  <testcase classname="ptolemy.util.test.junit.AutoTests" name="[291] /home/travis/build/icyphy/ptII/ptolemy/actor/lib/test/auto/PublisherSubscriberAdjacent.xml (RunModel)" time="0.016" />
  <testcase classname="ptolemy.util.test.junit.AutoTests" name="[292] /home/travis/build/icyphy/ptII/ptolemy/actor/lib/test/auto/PublisherSubscriberChannelVariablesAOC2.xml (RunModel)" time="0.022" />
  <testcase classname="ptolemy.util.test.junit.AutoTests" name="[293] /home/travis/build/icyphy/ptII/ptolemy/actor/lib/test/auto/PublisherSubscriberD3.xml (RunModel)" time="0.012" />
  <testcase classname="ptolemy.util.test.junit.AutoTests" name="[294] /home/travis/build/icyphy/ptII/ptolemy/actor/lib/test/auto/PublisherSubscriberD3Reverse.xml (RunModel)" time="0.011" />
  <testcase classname="ptolemy.util.test.junit.AutoTests" name="[295] /home/travis/build/icyphy/ptII/ptolemy/actor/lib/test/auto/PublisherSubscriberExpression.xml (RunModel)" time="0.016" />
  <testcase classname="ptolemy.util.test.junit.AutoTests" name="[296] /home/travis/build/icyphy/ptII/ptolemy/actor/lib/test/auto/PublisherSubscriberOpaque.xml (RunModel)" time="0.014" />
  <testcase classname="ptolemy.util.test.junit.AutoTests" name="[297] /home/travis/build/icyphy/ptII/ptolemy/actor/lib/test/auto/PublisherSubscriberOpaqueD3.xml (RunModel)" time="0.023" />
  <testcase classname="ptolemy.util.test.junit.AutoTests" name="[298] /home/travis/build/icyphy/ptII/ptolemy/actor/lib/test/auto/PublisherSubscriberOpaqueD3Reverse.xml (RunModel)" time="0.021" />
  <testcase classname="ptolemy.util.test.junit.AutoTests" name="[299] /home/travis/build/icyphy/ptII/ptolemy/actor/lib/test/auto/PublisherSubscriberOpaqueWidthInference.xml (RunModel)" time="0.022" />
  <testcase classname="ptolemy.util.test.junit.AutoTests" name="[300] /home/travis/build/icyphy/ptII/ptolemy/actor/lib/test/auto/PublisherTestSubscriber.xml (RunModel)" time="0.014" />
  <testcase classname="ptolemy.util.test.junit.AutoTests" name="[301] /home/travis/build/icyphy/ptII/ptolemy/actor/lib/test/auto/PublisherToplevelSubscriberPortAOC.xml (RunModel)" time="0.01" />
  <testcase classname="ptolemy.util.test.junit.AutoTests" name="[302] /home/travis/build/icyphy/ptII/ptolemy/actor/lib/test/auto/PulseFiringLimitDE.xml (RunModel)" time="0.014" />
  <testcase classname="ptolemy.util.test.junit.AutoTests" name="[303] /home/travis/build/icyphy/ptII/ptolemy/actor/lib/test/auto/Ramp1.xml (RunModel)" time="0.006" />
  <testcase classname="ptolemy.util.test.junit.AutoTests" name="[304] /home/travis/build/icyphy/ptII/ptolemy/actor/lib/test/auto/RampFiringLimitDE.xml (RunModel)" time="0.01" />
  <testcase classname="ptolemy.util.test.junit.AutoTests" name="[305] /home/travis/build/icyphy/ptII/ptolemy/actor/lib/test/auto/RampFiringLimitSDF.xml (RunModel)" time="0.01" />
  <testcase classname="ptolemy.util.test.junit.AutoTests" name="[306] /home/travis/build/icyphy/ptII/ptolemy/actor/lib/test/auto/RandomInteger.xml (RunModel)" time="0.009" />
  <testcase classname="ptolemy.util.test.junit.AutoTests" name="[307] /home/travis/build/icyphy/ptII/ptolemy/actor/lib/test/auto/ReadFile1.xml (RunModel)" time="0.009" />
  <testcase classname="ptolemy.util.test.junit.AutoTests" name="[308] /home/travis/build/icyphy/ptII/ptolemy/actor/lib/test/auto/ReadFile2.xml (RunModel)" time="0.007" />
  <testcase classname="ptolemy.util.test.junit.AutoTests" name="[309] /home/travis/build/icyphy/ptII/ptolemy/actor/lib/test/auto/Reader.xml (RunModel)" time="0.009" />
  <testcase classname="ptolemy.util.test.junit.AutoTests" name="[310] /home/travis/build/icyphy/ptII/ptolemy/actor/lib/test/auto/RecordAssemblerDisplayNameTest.xml (RunModel)" time="3.078" />
  <testcase classname="ptolemy.util.test.junit.AutoTests" name="[311] /home/travis/build/icyphy/ptII/ptolemy/actor/lib/test/auto/RecordAssemblerTypeError.xml (RunModel)" time="0.037" />
  <testcase classname="ptolemy.util.test.junit.AutoTests" name="[312] /home/travis/build/icyphy/ptII/ptolemy/actor/lib/test/auto/RecordDisassember.xml (RunModel)" time="0.011" />
  <testcase classname="ptolemy.util.test.junit.AutoTests" name="[313] /home/travis/build/icyphy/ptII/ptolemy/actor/lib/test/auto/RecordDisassemberDisplayNameTest.xml (RunModel)" time="0.018" />
  <testcase classname="ptolemy.util.test.junit.AutoTests" name="[314] /home/travis/build/icyphy/ptII/ptolemy/actor/lib/test/auto/RecordDisassembler.xml (RunModel)" time="0.009" />
  <testcase classname="ptolemy.util.test.junit.AutoTests" name="[315] /home/travis/build/icyphy/ptII/ptolemy/actor/lib/test/auto/RecordDisassembler2.xml (RunModel)" time="0.013" />
  <testcase classname="ptolemy.util.test.junit.AutoTests" name="[316] /home/travis/build/icyphy/ptII/ptolemy/actor/lib/test/auto/RecordUpdater.xml (RunModel)" time="0.01" />
  <testcase classname="ptolemy.util.test.junit.AutoTests" name="[317] /home/travis/build/icyphy/ptII/ptolemy/actor/lib/test/auto/RecordUpdater2.xml (RunModel)" time="0.008" />
  <testcase classname="ptolemy.util.test.junit.AutoTests" name="[318] /home/travis/build/icyphy/ptII/ptolemy/actor/lib/test/auto/RecursiveLattice.xml (RunModel)" time="0.008" />
  <testcase classname="ptolemy.util.test.junit.AutoTests" name="[319] /home/travis/build/icyphy/ptII/ptolemy/actor/lib/test/auto/Router.xml (RunModel)" time="3.024" />
  <testcase classname="ptolemy.util.test.junit.AutoTests" name="[320] /home/travis/build/icyphy/ptII/ptolemy/actor/lib/test/auto/Router2.xml (RunModel)" time="3.02" />
  <testcase classname="ptolemy.util.test.junit.AutoTests" name="[321] /home/travis/build/icyphy/ptII/ptolemy/actor/lib/test/auto/RunningMaximum.xml (RunModel)" time="0.031" />
  <testcase classname="ptolemy.util.test.junit.AutoTests" name="[322] /home/travis/build/icyphy/ptII/ptolemy/actor/lib/test/auto/RunningMinimum.xml (RunModel)" time="0.038" />
  <testcase classname="ptolemy.util.test.junit.AutoTests" name="[323] /home/travis/build/icyphy/ptII/ptolemy/actor/lib/test/auto/Scale.xml (RunModel)" time="0.031" />
  <testcase classname="ptolemy.util.test.junit.AutoTests" name="[324] /home/travis/build/icyphy/ptII/ptolemy/actor/lib/test/auto/Scale2.xml (RunModel)" time="0.033" />
  <testcase classname="ptolemy.util.test.junit.AutoTests" name="[325] /home/travis/build/icyphy/ptII/ptolemy/actor/lib/test/auto/Scale3.xml (RunModel)" time="0.034" />
  <testcase classname="ptolemy.util.test.junit.AutoTests" name="[326] /home/travis/build/icyphy/ptII/ptolemy/actor/lib/test/auto/ScaleArray.xml (RunModel)" time="0.034" />
  <testcase classname="ptolemy.util.test.junit.AutoTests" name="[327] /home/travis/build/icyphy/ptII/ptolemy/actor/lib/test/auto/ScaleArray2.xml (RunModel)" time="0.024" />
  <testcase classname="ptolemy.util.test.junit.AutoTests" name="[328] /home/travis/build/icyphy/ptII/ptolemy/actor/lib/test/auto/ScaleMatrix.xml (RunModel)" time="0.163" />
  <testcase classname="ptolemy.util.test.junit.AutoTests" name="[329] /home/travis/build/icyphy/ptII/ptolemy/actor/lib/test/auto/Select.xml (RunModel)" time="0.015" />
  <testcase classname="ptolemy.util.test.junit.AutoTests" name="[330] /home/travis/build/icyphy/ptII/ptolemy/actor/lib/test/auto/Select2.xml (RunModel)" time="0.01" />
  <testcase classname="ptolemy.util.test.junit.AutoTests" name="[331] /home/travis/build/icyphy/ptII/ptolemy/actor/lib/test/auto/SequenceToArray2.xml (RunModel)" time="0.13" />
  <testcase classname="ptolemy.util.test.junit.AutoTests" name="[332] /home/travis/build/icyphy/ptII/ptolemy/actor/lib/test/auto/SequentialClock.xml (RunModel)" time="0.009" />
  <testcase classname="ptolemy.util.test.junit.AutoTests" name="[333] /home/travis/build/icyphy/ptII/ptolemy/actor/lib/test/auto/SetVariable.xml (RunModel)" time="0.012" />
  <testcase classname="ptolemy.util.test.junit.AutoTests" name="[334] /home/travis/build/icyphy/ptII/ptolemy/actor/lib/test/auto/SetVariable2.xml (RunModel)" time="0.01" />
  <testcase classname="ptolemy.util.test.junit.AutoTests" name="[335] /home/travis/build/icyphy/ptII/ptolemy/actor/lib/test/auto/SetVariable3.xml (RunModel)" time="0.015" />
  <testcase classname="ptolemy.util.test.junit.AutoTests" name="[336] /home/travis/build/icyphy/ptII/ptolemy/actor/lib/test/auto/SetVariable4.xml (RunModel)" time="0.024" />
  <testcase classname="ptolemy.util.test.junit.AutoTests" name="[337] /home/travis/build/icyphy/ptII/ptolemy/actor/lib/test/auto/SetVariable5.xml (RunModel)" time="0.032" />
  <testcase classname="ptolemy.util.test.junit.AutoTests" name="[338] /home/travis/build/icyphy/ptII/ptolemy/actor/lib/test/auto/Sinewave.xml (RunModel)" time="0.026" />
  <testcase classname="ptolemy.util.test.junit.AutoTests" name="[339] /home/travis/build/icyphy/ptII/ptolemy/actor/lib/test/auto/Sinewave2.xml (RunModel)" time="0.016" />
  <testcase classname="ptolemy.util.test.junit.AutoTests" name="[340] /home/travis/build/icyphy/ptII/ptolemy/actor/lib/test/auto/Sinewave3.xml (RunModel)" time="0.02" />
  <testcase classname="ptolemy.util.test.junit.AutoTests" name="[341] /home/travis/build/icyphy/ptII/ptolemy/actor/lib/test/auto/SingleEvent.xml (RunModel)" time="0.007" />
  <testcase classname="ptolemy.util.test.junit.AutoTests" name="[342] /home/travis/build/icyphy/ptII/ptolemy/actor/lib/test/auto/Sleep.xml (RunModel)" time="6.02" />
  <testcase classname="ptolemy.util.test.junit.AutoTests" name="[343] /home/travis/build/icyphy/ptII/ptolemy/actor/lib/test/auto/SleepMultipleFire.xml (RunModel)" time="1.021" />
  <testcase classname="ptolemy.util.test.junit.AutoTests" name="[344] /home/travis/build/icyphy/ptII/ptolemy/actor/lib/test/auto/StopDE.xml (RunModel)" time="0.015" />
  <testcase classname="ptolemy.util.test.junit.AutoTests" name="[345] /home/travis/build/icyphy/ptII/ptolemy/actor/lib/test/auto/StopSDF.xml (RunModel)" time="0.014" />
  <testcase classname="ptolemy.util.test.junit.AutoTests" name="[346] /home/travis/build/icyphy/ptII/ptolemy/actor/lib/test/auto/StringConstant.xml (RunModel)" time="0.015" />
  <testcase classname="ptolemy.util.test.junit.AutoTests" name="[347] /home/travis/build/icyphy/ptII/ptolemy/actor/lib/test/auto/SubscriberPortInitialValues1.xml (RunModel)" time="0.028" />
  <testcase classname="ptolemy.util.test.junit.AutoTests" name="[348] /home/travis/build/icyphy/ptII/ptolemy/actor/lib/test/auto/SubscriberPortInitialValues13.xml (RunModel)" time="0.023" />
  <testcase classname="ptolemy.util.test.junit.AutoTests" name="[349] /home/travis/build/icyphy/ptII/ptolemy/actor/lib/test/auto/SubscriberPortInitialValues14.xml (RunModel)" time="0.026" />
  <testcase classname="ptolemy.util.test.junit.AutoTests" name="[350] /home/travis/build/icyphy/ptII/ptolemy/actor/lib/test/auto/SubscriberPortInitialValues2.xml (RunModel)" time="0.017" />
  <testcase classname="ptolemy.util.test.junit.AutoTests" name="[351] /home/travis/build/icyphy/ptII/ptolemy/actor/lib/test/auto/SubscriberPortInitialValues3.xml (RunModel)" time="0.021" />
  <testcase classname="ptolemy.util.test.junit.AutoTests" name="[352] /home/travis/build/icyphy/ptII/ptolemy/actor/lib/test/auto/SubscriptionAggregator.xml (RunModel)" time="0.012" />
  <testcase classname="ptolemy.util.test.junit.AutoTests" name="[353] /home/travis/build/icyphy/ptII/ptolemy/actor/lib/test/auto/SubscriptionAggregator2.xml (RunModel)" time="0.012" />
  <testcase classname="ptolemy.util.test.junit.AutoTests" name="[354] /home/travis/build/icyphy/ptII/ptolemy/actor/lib/test/auto/SubscriptionAggregator3.xml (RunModel)" time="0.016" />
  <testcase classname="ptolemy.util.test.junit.AutoTests" name="[355] /home/travis/build/icyphy/ptII/ptolemy/actor/lib/test/auto/SubscriptionAggregatorMultiply.xml (RunModel)" time="0.018" />
  <testcase classname="ptolemy.util.test.junit.AutoTests" name="[356] /home/travis/build/icyphy/ptII/ptolemy/actor/lib/test/auto/SubscriptionAggregatorPortMultiply1.xml (RunModel)" time="0.014" />
  <testcase classname="ptolemy.util.test.junit.AutoTests" name="[357] /home/travis/build/icyphy/ptII/ptolemy/actor/lib/test/auto/Switch.xml (RunModel)" time="0.017" />
  <testcase classname="ptolemy.util.test.junit.AutoTests" name="[358] /home/travis/build/icyphy/ptII/ptolemy/actor/lib/test/auto/Switch2.xml (RunModel)" time="0.015" />
  <testcase classname="ptolemy.util.test.junit.AutoTests" name="[359] /home/travis/build/icyphy/ptII/ptolemy/actor/lib/test/auto/SwitchDE.xml (RunModel)" time="0.02" />
  <testcase classname="ptolemy.util.test.junit.AutoTests" name="[360] /home/travis/build/icyphy/ptII/ptolemy/actor/lib/test/auto/SynchronizerDE.xml (RunModel)" time="0.022" />
  <testcase classname="ptolemy.util.test.junit.AutoTests" name="[361] /home/travis/build/icyphy/ptII/ptolemy/actor/lib/test/auto/Test.xml (RunModel)" time="0.018" />
  <testcase classname="ptolemy.util.test.junit.AutoTests" name="[362] /home/travis/build/icyphy/ptII/ptolemy/actor/lib/test/auto/TestExceptionAttribute1.xml (RunModel)" time="0.009" />
  <testcase classname="ptolemy.util.test.junit.AutoTests" name="[363] /home/travis/build/icyphy/ptII/ptolemy/actor/lib/test/auto/TestExceptionAttribute2.xml (RunModel)" time="0.007" />
  <testcase classname="ptolemy.util.test.junit.AutoTests" name="[364] /home/travis/build/icyphy/ptII/ptolemy/actor/lib/test/auto/TestExceptionAttribute3.xml (RunModel)" time="0.006" />
  <testcase classname="ptolemy.util.test.junit.AutoTests" name="[365] /home/travis/build/icyphy/ptII/ptolemy/actor/lib/test/auto/TestExceptionAttribute4.xml (RunModel)" time="0.006" />
  <testcase classname="ptolemy.util.test.junit.AutoTests" name="[366] /home/travis/build/icyphy/ptII/ptolemy/actor/lib/test/auto/TestExceptionHandler1.xml (RunModel)" time="0.007" />
  <testcase classname="ptolemy.util.test.junit.AutoTests" name="[367] /home/travis/build/icyphy/ptII/ptolemy/actor/lib/test/auto/TestExceptionHandler2.xml (RunModel)" time="0.008" />
  <testcase classname="ptolemy.util.test.junit.AutoTests" name="[368] /home/travis/build/icyphy/ptII/ptolemy/actor/lib/test/auto/TestExceptionHandler3.xml (RunModel)" time="0.011" />
  <testcase classname="ptolemy.util.test.junit.AutoTests" name="[369] /home/travis/build/icyphy/ptII/ptolemy/actor/lib/test/auto/TestExceptionHandler4.xml (RunModel)" time="0.006" />
  <testcase classname="ptolemy.util.test.junit.AutoTests" name="[370] /home/travis/build/icyphy/ptII/ptolemy/actor/lib/test/auto/TestRequireCorrectOrder.xml (RunModel)" time="0.012" />
  <testcase classname="ptolemy.util.test.junit.AutoTests" name="[371] /home/travis/build/icyphy/ptII/ptolemy/actor/lib/test/auto/TestSimple.xml (RunModel)" time="0.007" />
  <testcase classname="ptolemy.util.test.junit.AutoTests" name="[372] /home/travis/build/icyphy/ptII/ptolemy/actor/lib/test/auto/ThrowModelError.xml (RunModel)" time="0.01" />
  <testcase classname="ptolemy.util.test.junit.AutoTests" name="[373] /home/travis/build/icyphy/ptII/ptolemy/actor/lib/test/auto/TimeDelayMicrosteps.xml (RunModel)" time="0.012" />
  <testcase classname="ptolemy.util.test.junit.AutoTests" name="[374] /home/travis/build/icyphy/ptII/ptolemy/actor/lib/test/auto/TimeDelayMicrosteps2.xml (RunModel)" time="0.012" />
  <testcase classname="ptolemy.util.test.junit.AutoTests" name="[375] /home/travis/build/icyphy/ptII/ptolemy/actor/lib/test/auto/TimeDelayMicrosteps3.xml (RunModel)" time="0.011" />
  <testcase classname="ptolemy.util.test.junit.AutoTests" name="[376] /home/travis/build/icyphy/ptII/ptolemy/actor/lib/test/auto/TimeDelayVariableMicrosteps.xml (RunModel)" time="0.016" />
  <testcase classname="ptolemy.util.test.junit.AutoTests" name="[377] /home/travis/build/icyphy/ptII/ptolemy/actor/lib/test/auto/TimeGap.xml (RunModel)" time="0.014" />
  <testcase classname="ptolemy.util.test.junit.AutoTests" name="[378] /home/travis/build/icyphy/ptII/ptolemy/actor/lib/test/auto/TimeGap2.xml (RunModel)" time="0.012" />
  <testcase classname="ptolemy.util.test.junit.AutoTests" name="[379] /home/travis/build/icyphy/ptII/ptolemy/actor/lib/test/auto/TimedSinewave.xml (RunModel)" time="0.063" />
  <testcase classname="ptolemy.util.test.junit.AutoTests" name="[380] /home/travis/build/icyphy/ptII/ptolemy/actor/lib/test/auto/TimedSinewavePhase.xml (RunModel)" time="0.034" />
  <testcase classname="ptolemy.util.test.junit.AutoTests" name="[381] /home/travis/build/icyphy/ptII/ptolemy/actor/lib/test/auto/Timer.xml (RunModel)" time="0.017" />
  <testcase classname="ptolemy.util.test.junit.AutoTests" name="[382] /home/travis/build/icyphy/ptII/ptolemy/actor/lib/test/auto/TriangularDistTestModel.xml (RunModel)" time="0.016" />
  <testcase classname="ptolemy.util.test.junit.AutoTests" name="[383] /home/travis/build/icyphy/ptII/ptolemy/actor/lib/test/auto/TrigFunction.xml (RunModel)" time="0.009" />
  <testcase classname="ptolemy.util.test.junit.AutoTests" name="[384] /home/travis/build/icyphy/ptII/ptolemy/actor/lib/test/auto/TrigFunctionDE.xml (RunModel)" time="0.011" />
  <testcase classname="ptolemy.util.test.junit.AutoTests" name="[385] /home/travis/build/icyphy/ptII/ptolemy/actor/lib/test/auto/TrigFunctionInverse.xml (RunModel)" time="0.009" />
  <testcase classname="ptolemy.util.test.junit.AutoTests" name="[386] /home/travis/build/icyphy/ptII/ptolemy/actor/lib/test/auto/TrigFunctionTan.xml (RunModel)" time="0.008" />
  <testcase classname="ptolemy.util.test.junit.AutoTests" name="[387] /home/travis/build/icyphy/ptII/ptolemy/actor/lib/test/auto/TriggeredClock.xml (RunModel)" time="0.008" />
  <testcase classname="ptolemy.util.test.junit.AutoTests" name="[388] /home/travis/build/icyphy/ptII/ptolemy/actor/lib/test/auto/URLDirectoryReader.xml (RunModel)" time="0.113" />
  <testcase classname="ptolemy.util.test.junit.AutoTests" name="[389] /home/travis/build/icyphy/ptII/ptolemy/actor/lib/test/auto/URLDirectoryReader3.xml (RunModel)" time="1.36" />
  <testcase classname="ptolemy.util.test.junit.AutoTests" name="[390] /home/travis/build/icyphy/ptII/ptolemy/actor/lib/test/auto/UnaryMathFunction.xml (RunModel)" time="0.035" />
  <testcase classname="ptolemy.util.test.junit.AutoTests" name="[391] /home/travis/build/icyphy/ptII/ptolemy/actor/lib/test/auto/Uniform.xml (RunModel)" time="0.034" />
  <testcase classname="ptolemy.util.test.junit.AutoTests" name="[392] /home/travis/build/icyphy/ptII/ptolemy/actor/lib/test/auto/UnionDisassemblerTest.xml (RunModel)" time="0.022" />
  <testcase classname="ptolemy.util.test.junit.AutoTests" name="[393] /home/travis/build/icyphy/ptII/ptolemy/actor/lib/test/auto/UtilityFunctions.xml (RunModel)" time="0.035" />
  <testcase classname="ptolemy.util.test.junit.AutoTests" name="[394] /home/travis/build/icyphy/ptII/ptolemy/actor/lib/test/auto/VariableSleep.xml (RunModel)" time="0.536" />
  <testcase classname="ptolemy.util.test.junit.AutoTests" name="[395] /home/travis/build/icyphy/ptII/ptolemy/actor/lib/test/auto/VectorAssemblerDisassemblerCT.xml (RunModel)" time="0.121" />
  <testcase classname="ptolemy.util.test.junit.AutoTests" name="[396] /home/travis/build/icyphy/ptII/ptolemy/actor/lib/test/auto/VectorAssemblerDisassemblerDE.xml (RunModel)" time="0.016" />
  <testcase classname="ptolemy.util.test.junit.AutoTests" name="[397] /home/travis/build/icyphy/ptII/ptolemy/actor/lib/test/auto/VectorAssemblerDisassemblerSDF.xml (RunModel)" time="0.014" />
  <testcase classname="ptolemy.util.test.junit.AutoTests" name="[398] /home/travis/build/icyphy/ptII/ptolemy/actor/lib/test/auto/WallClockTime.xml (RunModel)" time="1.016" />
  <testcase classname="ptolemy.util.test.junit.AutoTests" name="[399] /home/travis/build/icyphy/ptII/ptolemy/actor/lib/test/auto/WidthTestWithSubscriberPublisher.xml (RunModel)" time="0.041" />
  <testcase classname="ptolemy.util.test.junit.AutoTests" name="[400] /home/travis/build/icyphy/ptII/ptolemy/actor/lib/test/auto/WidthTestWithSubscriberPublisher2.xml (RunModel)" time="0.021" />
  <testcase classname="ptolemy.util.test.junit.AutoTests" name="[401] /home/travis/build/icyphy/ptII/ptolemy/actor/lib/test/auto/WidthTestWithSubscriberPublisher3.xml (RunModel)" time="0.026" />
  <testcase classname="ptolemy.util.test.junit.AutoTests" name="[402] /home/travis/build/icyphy/ptII/ptolemy/actor/lib/test/auto/Writer.xml (RunModel)" time="0.008" />
  <testcase classname="ptolemy.util.test.junit.AutoTests" name="[403] /home/travis/build/icyphy/ptII/ptolemy/actor/lib/test/auto/array.xml (RunModel)" time="0.009" />
  <testcase classname="ptolemy.util.test.junit.AutoTests" name="[404] /home/travis/build/icyphy/ptII/ptolemy/actor/lib/test/auto/array2.xml (RunModel)" time="0.015" />
  <testcase classname="ptolemy.util.test.junit.AutoTests" name="[405] /home/travis/build/icyphy/ptII/ptolemy/actor/lib/test/auto/arrayType.xml (RunModel)" time="0.017" />
  <testcase classname="ptolemy.util.test.junit.AutoTests" name="[406] /home/travis/build/icyphy/ptII/ptolemy/actor/lib/test/auto/arrayType10.xml (RunModel)" time="0.011" />
  <testcase classname="ptolemy.util.test.junit.AutoTests" name="[407] /home/travis/build/icyphy/ptII/ptolemy/actor/lib/test/auto/arrayType11.xml (RunModel)" time="0.013" />
  <testcase classname="ptolemy.util.test.junit.AutoTests" name="[408] /home/travis/build/icyphy/ptII/ptolemy/actor/lib/test/auto/arrayType12.xml (RunModel)" time="0.011" />
  <testcase classname="ptolemy.util.test.junit.AutoTests" name="[409] /home/travis/build/icyphy/ptII/ptolemy/actor/lib/test/auto/arrayType13.xml (RunModel)" time="0.009" />
  <testcase classname="ptolemy.util.test.junit.AutoTests" name="[410] /home/travis/build/icyphy/ptII/ptolemy/actor/lib/test/auto/arrayType14.xml (RunModel)" time="0.02" />
  <testcase classname="ptolemy.util.test.junit.AutoTests" name="[411] /home/travis/build/icyphy/ptII/ptolemy/actor/lib/test/auto/arrayType15.xml (RunModel)" time="0.01" />
  <testcase classname="ptolemy.util.test.junit.AutoTests" name="[412] /home/travis/build/icyphy/ptII/ptolemy/actor/lib/test/auto/arrayType16.xml (RunModel)" time="0.011" />
  <testcase classname="ptolemy.util.test.junit.AutoTests" name="[413] /home/travis/build/icyphy/ptII/ptolemy/actor/lib/test/auto/arrayType17.xml (RunModel)" time="0.009" />
  <testcase classname="ptolemy.util.test.junit.AutoTests" name="[414] /home/travis/build/icyphy/ptII/ptolemy/actor/lib/test/auto/arrayType18.xml (RunModel)" time="0.009" />
  <testcase classname="ptolemy.util.test.junit.AutoTests" name="[415] /home/travis/build/icyphy/ptII/ptolemy/actor/lib/test/auto/arrayType19.xml (RunModel)" time="0.008" />
  <testcase classname="ptolemy.util.test.junit.AutoTests" name="[416] /home/travis/build/icyphy/ptII/ptolemy/actor/lib/test/auto/arrayType2.xml (RunModel)" time="0.015" />
  <testcase classname="ptolemy.util.test.junit.AutoTests" name="[417] /home/travis/build/icyphy/ptII/ptolemy/actor/lib/test/auto/arrayType20.xml (RunModel)" time="0.011" />
  <testcase classname="ptolemy.util.test.junit.AutoTests" name="[418] /home/travis/build/icyphy/ptII/ptolemy/actor/lib/test/auto/arrayType21.xml (RunModel)" time="0.009" />
  <testcase classname="ptolemy.util.test.junit.AutoTests" name="[419] /home/travis/build/icyphy/ptII/ptolemy/actor/lib/test/auto/arrayType22.xml (RunModel)" time="0.008" />
  <testcase classname="ptolemy.util.test.junit.AutoTests" name="[420] /home/travis/build/icyphy/ptII/ptolemy/actor/lib/test/auto/arrayType23.xml (RunModel)" time="0.009" />
  <testcase classname="ptolemy.util.test.junit.AutoTests" name="[421] /home/travis/build/icyphy/ptII/ptolemy/actor/lib/test/auto/arrayType24.xml (RunModel)" time="0.01" />
  <testcase classname="ptolemy.util.test.junit.AutoTests" name="[422] /home/travis/build/icyphy/ptII/ptolemy/actor/lib/test/auto/arrayType25.xml (RunModel)" time="0.01" />
  <testcase classname="ptolemy.util.test.junit.AutoTests" name="[423] /home/travis/build/icyphy/ptII/ptolemy/actor/lib/test/auto/arrayType26.xml (RunModel)" time="0.011" />
  <testcase classname="ptolemy.util.test.junit.AutoTests" name="[424] /home/travis/build/icyphy/ptII/ptolemy/actor/lib/test/auto/arrayType27.xml (RunModel)" time="0.01" />
  <testcase classname="ptolemy.util.test.junit.AutoTests" name="[425] /home/travis/build/icyphy/ptII/ptolemy/actor/lib/test/auto/arrayType28.xml (RunModel)" time="0.012" />
  <testcase classname="ptolemy.util.test.junit.AutoTests" name="[426] /home/travis/build/icyphy/ptII/ptolemy/actor/lib/test/auto/arrayType3.xml (RunModel)" time="0.013" />
  <testcase classname="ptolemy.util.test.junit.AutoTests" name="[427] /home/travis/build/icyphy/ptII/ptolemy/actor/lib/test/auto/arrayType4.xml (RunModel)" time="0.011" />
  <testcase classname="ptolemy.util.test.junit.AutoTests" name="[428] /home/travis/build/icyphy/ptII/ptolemy/actor/lib/test/auto/arrayType5.xml (RunModel)" time="0.012" />
  <testcase classname="ptolemy.util.test.junit.AutoTests" name="[429] /home/travis/build/icyphy/ptII/ptolemy/actor/lib/test/auto/arrayType6.xml (RunModel)" time="0.011" />
  <testcase classname="ptolemy.util.test.junit.AutoTests" name="[430] /home/travis/build/icyphy/ptII/ptolemy/actor/lib/test/auto/arrayType7.xml (RunModel)" time="0.011" />
  <testcase classname="ptolemy.util.test.junit.AutoTests" name="[431] /home/travis/build/icyphy/ptII/ptolemy/actor/lib/test/auto/arrayType8.xml (RunModel)" time="0.012" />
  <testcase classname="ptolemy.util.test.junit.AutoTests" name="[432] /home/travis/build/icyphy/ptII/ptolemy/actor/lib/test/auto/arrayType9.xml (RunModel)" time="0.011" />
  <testcase classname="ptolemy.util.test.junit.AutoTests" name="[433] /home/travis/build/icyphy/ptII/ptolemy/actor/lib/test/auto/cast.xml (RunModel)" time="0.01" />
  <testcase classname="ptolemy.util.test.junit.AutoTests" name="[434] /home/travis/build/icyphy/ptII/ptolemy/actor/lib/test/auto/compositeMultiPort.xml (RunModel)" time="0.02" />
  <testcase classname="ptolemy.util.test.junit.AutoTests" name="[435] /home/travis/build/icyphy/ptII/ptolemy/actor/lib/test/auto/expressionCastInference.xml (RunModel)" time="0.024" />
  <testcase classname="ptolemy.util.test.junit.AutoTests" name="[436] /home/travis/build/icyphy/ptII/ptolemy/actor/lib/test/auto/expressionCastInference2.xml (RunModel)" time="0.018" />
  <testcase classname="ptolemy.util.test.junit.AutoTests" name="[437] /home/travis/build/icyphy/ptII/ptolemy/actor/lib/test/auto/expressionInference.xml (RunModel)" time="0.015" />
  <testcase classname="ptolemy.util.test.junit.AutoTests" name="[438] /home/travis/build/icyphy/ptII/ptolemy/actor/lib/test/auto/expression_bug.xml (RunModel)" time="0.007" />
  <testcase classname="ptolemy.util.test.junit.AutoTests" name="[439] /home/travis/build/icyphy/ptII/ptolemy/actor/lib/test/auto/factorial.xml (RunModel)" time="0.05" />
  <testcase classname="ptolemy.util.test.junit.AutoTests" name="[440] /home/travis/build/icyphy/ptII/ptolemy/actor/lib/test/auto/filterTest1.xml (RunModel)" time="0.013" />
  <testcase classname="ptolemy.util.test.junit.AutoTests" name="[441] /home/travis/build/icyphy/ptII/ptolemy/actor/lib/test/auto/funcApplyInConst.xml (RunModel)" time="0.007" />
  <testcase classname="ptolemy.util.test.junit.AutoTests" name="[442] /home/travis/build/icyphy/ptII/ptolemy/actor/lib/test/auto/funcApplyInExpr.xml (RunModel)" time="0.006" />
  <testcase classname="ptolemy.util.test.junit.AutoTests" name="[443] /home/travis/build/icyphy/ptII/ptolemy/actor/lib/test/auto/function.xml (RunModel)" time="0.01" />
  <testcase classname="ptolemy.util.test.junit.AutoTests" name="[444] /home/travis/build/icyphy/ptII/ptolemy/actor/lib/test/auto/function2.xml (RunModel)" time="0.008" />
  <testcase classname="ptolemy.util.test.junit.AutoTests" name="[445] /home/travis/build/icyphy/ptII/ptolemy/actor/lib/test/auto/function3.xml (RunModel)" time="0.011" />
  <testcase classname="ptolemy.util.test.junit.AutoTests" name="[446] /home/travis/build/icyphy/ptII/ptolemy/actor/lib/test/auto/functionClosureTest1.xml (RunModel)" time="0.01" />
  <testcase classname="ptolemy.util.test.junit.AutoTests" name="[447] /home/travis/build/icyphy/ptII/ptolemy/actor/lib/test/auto/functionClosureTest2.xml (RunModel)" time="0.008" />
  <testcase classname="ptolemy.util.test.junit.AutoTests" name="[448] /home/travis/build/icyphy/ptII/ptolemy/actor/lib/test/auto/functionClosureTest3.xml (RunModel)" time="0.009" />
  <testcase classname="ptolemy.util.test.junit.AutoTests" name="[449] /home/travis/build/icyphy/ptII/ptolemy/actor/lib/test/auto/functionClosureTest4.xml (RunModel)" time="0.018" />
  <testcase classname="ptolemy.util.test.junit.AutoTests" name="[450] /home/travis/build/icyphy/ptII/ptolemy/actor/lib/test/auto/functionClosureTest5.xml (RunModel)" time="0.012" />
  <testcase classname="ptolemy.util.test.junit.AutoTests" name="[451] /home/travis/build/icyphy/ptII/ptolemy/actor/lib/test/auto/functionClosureTest6.xml (RunModel)" time="0.012" />
  <testcase classname="ptolemy.util.test.junit.AutoTests" name="[452] /home/travis/build/icyphy/ptII/ptolemy/actor/lib/test/auto/functionsOnArcs.xml (RunModel)" time="0.009" />
  <testcase classname="ptolemy.util.test.junit.AutoTests" name="[453] /home/travis/build/icyphy/ptII/ptolemy/actor/lib/test/auto/functionsOnArcsHOF.xml (RunModel)" time="0.013" />
  <testcase classname="ptolemy.util.test.junit.AutoTests" name="[454] /home/travis/build/icyphy/ptII/ptolemy/actor/lib/test/auto/logic.xml (RunModel)" time="0.015" />
  <testcase classname="ptolemy.util.test.junit.AutoTests" name="[455] /home/travis/build/icyphy/ptII/ptolemy/actor/lib/test/auto/matrixType.xml (RunModel)" time="0.009" />
  <testcase classname="ptolemy.util.test.junit.AutoTests" name="[456] /home/travis/build/icyphy/ptII/ptolemy/actor/lib/test/auto/matrixType10.xml (RunModel)" time="0.008" />
  <testcase classname="ptolemy.util.test.junit.AutoTests" name="[457] /home/travis/build/icyphy/ptII/ptolemy/actor/lib/test/auto/matrixType11.xml (RunModel)" time="0.01" />
  <testcase classname="ptolemy.util.test.junit.AutoTests" name="[458] /home/travis/build/icyphy/ptII/ptolemy/actor/lib/test/auto/matrixType12.xml (RunModel)" time="0.011" />
  <testcase classname="ptolemy.util.test.junit.AutoTests" name="[459] /home/travis/build/icyphy/ptII/ptolemy/actor/lib/test/auto/matrixType13.xml (RunModel)" time="0.013" />
  <testcase classname="ptolemy.util.test.junit.AutoTests" name="[460] /home/travis/build/icyphy/ptII/ptolemy/actor/lib/test/auto/matrixType14.xml (RunModel)" time="0.009" />
  <testcase classname="ptolemy.util.test.junit.AutoTests" name="[461] /home/travis/build/icyphy/ptII/ptolemy/actor/lib/test/auto/matrixType2.xml (RunModel)" time="0.008" />
  <testcase classname="ptolemy.util.test.junit.AutoTests" name="[462] /home/travis/build/icyphy/ptII/ptolemy/actor/lib/test/auto/matrixType3.xml (RunModel)" time="0.01" />
  <testcase classname="ptolemy.util.test.junit.AutoTests" name="[463] /home/travis/build/icyphy/ptII/ptolemy/actor/lib/test/auto/matrixType4.xml (RunModel)" time="0.008" />
  <testcase classname="ptolemy.util.test.junit.AutoTests" name="[464] /home/travis/build/icyphy/ptII/ptolemy/actor/lib/test/auto/matrixType5.xml (RunModel)" time="0.008" />
  <testcase classname="ptolemy.util.test.junit.AutoTests" name="[465] /home/travis/build/icyphy/ptII/ptolemy/actor/lib/test/auto/matrixType6.xml (RunModel)" time="0.008" />
  <testcase classname="ptolemy.util.test.junit.AutoTests" name="[466] /home/travis/build/icyphy/ptII/ptolemy/actor/lib/test/auto/matrixType7.xml (RunModel)" time="0.01" />
  <testcase classname="ptolemy.util.test.junit.AutoTests" name="[467] /home/travis/build/icyphy/ptII/ptolemy/actor/lib/test/auto/matrixType8.xml (RunModel)" time="0.008" />
  <testcase classname="ptolemy.util.test.junit.AutoTests" name="[468] /home/travis/build/icyphy/ptII/ptolemy/actor/lib/test/auto/matrixType9.xml (RunModel)" time="0.008" />
  <testcase classname="ptolemy.util.test.junit.AutoTests" name="[469] /home/travis/build/icyphy/ptII/ptolemy/actor/lib/test/auto/paraFunctest.xml (RunModel)" time="0.007" />
  <testcase classname="ptolemy.util.test.junit.AutoTests" name="[470] /home/travis/build/icyphy/ptII/ptolemy/actor/lib/test/auto/paraFunctest2.xml (RunModel)" time="0.008" />
  <testcase classname="ptolemy.util.test.junit.AutoTests" name="[471] /home/travis/build/icyphy/ptII/ptolemy/actor/lib/test/auto/parameterPassing.xml (RunModel)" time="0.01" />
  <testcase classname="ptolemy.util.test.junit.AutoTests" name="[472] /home/travis/build/icyphy/ptII/ptolemy/actor/lib/test/auto/record.xml (RunModel)" time="0.01" />
  <testcase classname="ptolemy.util.test.junit.AutoTests" name="[473] /home/travis/build/icyphy/ptII/ptolemy/actor/lib/test/auto/sizedarray1.xml (RunModel)" time="0.01" />
  <testcase classname="ptolemy.util.test.junit.AutoTests" name="[474] /home/travis/build/icyphy/ptII/ptolemy/actor/lib/test/auto/sizedarray2.xml (RunModel)" time="0.012" />
  <testcase classname="ptolemy.util.test.junit.AutoTests" name="[475] /home/travis/build/icyphy/ptII/ptolemy/actor/lib/test/auto/twoPublishers.xml (RunModel)" time="0.023" />
  <system-out><![CDATA[/home/travis/build/icyphy/ptII/ptolemy/actor/lib/test/AbsoluteValue.tcl
testDefs.tcl: setting time out to 9000 seconds at Fri May 10 04:14:48 UTC 2019
98 ms. Memory: 116224K Free: 109626K (94%)
10 ms. Memory: 116224K Free: 108438K (93%)
4 ms. Memory: 116224K Free: 107836K (93%)
4 ms. Memory: 116224K Free: 106641K (92%)
/home/travis/build/icyphy/ptII/ptolemy/actor/lib/test/AddSubtract.tcl
7 ms. Memory: 116224K Free: 104821K (90%)
5 ms. Memory: 116224K Free: 104187K (90%)
5 ms. Memory: 116224K Free: 102992K (89%)
6 ms. Memory: 116224K Free: 102391K (88%)
6 ms. Memory: 116224K Free: 101782K (88%)
4 ms. Memory: 116224K Free: 101164K (87%)
/home/travis/build/icyphy/ptII/ptolemy/actor/lib/test/Average.tcl
7 ms. Memory: 116224K Free: 99344K (85%)
6 ms. Memory: 116224K Free: 98117K (84%)
/home/travis/build/icyphy/ptII/ptolemy/actor/lib/test/Bernoulli.tcl
4 ms. Memory: 116224K Free: 96320K (83%)
2 ms. Memory: 116224K Free: 95726K (82%)
/home/travis/build/icyphy/ptII/ptolemy/actor/lib/test/Clock.tcl
preinitializing
resolving types
initializing
executing number 1
wrapping up
idle
26 ms. Memory: 116224K Free: 93914K (81%)
Completed execution with 5 iterations
preinitializing
resolving types
initializing
executing number 1
wrapping up
idle
3 ms. Memory: 116224K Free: 92711K (80%)
Completed execution with 5 iterations
preinitializing
resolving types
initializing
executing number 1
wrapping up
idle
3 ms. Memory: 116224K Free: 91487K (79%)
Completed execution with 5 iterations
/home/travis/build/icyphy/ptII/ptolemy/actor/lib/test/Commutator.tcl
10 ms. Memory: 116224K Free: 89690K (77%)
12 ms. Memory: 116224K Free: 88487K (76%)
8 ms. Memory: 116224K Free: 84277K (73%)
/home/travis/build/icyphy/ptII/ptolemy/actor/lib/test/Const.tcl
3 ms. Memory: 116224K Free: 82461K (71%)
2 ms. Memory: 116224K Free: 81867K (70%)
6 ms. Memory: 116224K Free: 81274K (70%)
18 ms. Memory: 146944K Free: 141629K (96%)
2 ms. Memory: 146944K Free: 141629K (96%)
24 ms. Memory: 146944K Free: 140030K (95%)
13 ms. Memory: 146944K Free: 138846K (94%)
3 ms. Memory: 146944K Free: 137663K (94%)
/home/travis/build/icyphy/ptII/ptolemy/actor/lib/test/CurrentTime.tcl
preinitializing
resolving types
initializing
executing number 1
wrapping up
idle
16 ms. Memory: 146944K Free: 135287K (92%)
Completed execution with 11 iterations
/home/travis/build/icyphy/ptII/ptolemy/actor/lib/test/DB.tcl
4 ms. Memory: 146944K Free: 134103K (91%)
2 ms. Memory: 146944K Free: 132919K (90%)
2 ms. Memory: 146944K Free: 132919K (90%)
/home/travis/build/icyphy/ptII/ptolemy/actor/lib/test/DiscreteRandomSource.tcl
preinitializing
resolving types
initializing
executing number 1
wrapping up
idle
9 ms. Memory: 146944K Free: 131736K (90%)
Completed execution with 4 iterations
preinitializing
resolving types
initializing
executing number 1
wrapping up
idle
10 ms. Memory: 146944K Free: 130552K (89%)
Completed execution with 4 iterations
preinitializing
resolving types
initializing
executing number 1
wrapping up
idle
2 ms. Memory: 146944K Free: 130552K (89%)
Completed execution with 4 iterations
preinitializing
resolving types
initializing
executing number 1
wrapping up
idle
3 ms. Memory: 146944K Free: 129368K (88%)
Completed execution with 4 iterations
preinitializing
resolving types
initializing
executing number 1
wrapping up
idle
14 ms. Memory: 146944K Free: 129368K (88%)
Completed execution with 4 iterations
/home/travis/build/icyphy/ptII/ptolemy/actor/lib/test/Distributor.tcl
9 ms. Memory: 146944K Free: 128184K (87%)
9 ms. Memory: 146944K Free: 127001K (86%)
StreamChangeRequest.changeExecuted(): <deleteEntity name="rec2"/> succeeded
StreamChangeRequest.changeExecuted(): <deleteRelation name="r2"/> succeeded
StreamChangeRequest.changeExecuted(): Record firings per iteration succeeded
10 ms. Memory: 146944K Free: 124633K (85%)
/home/travis/build/icyphy/ptII/ptolemy/actor/lib/test/Exit.tcl
Exit.tcl: this will print a message about Manager.exitAfterWrapup, which can be ignored.
6 ms. Memory: 146944K Free: 121651K (83%)
/home/travis/build/icyphy/ptII/ptolemy/actor/lib/test/Expression.tcl
7 ms. Memory: 146944K Free: 118055K (80%)
7 ms. Memory: 146944K Free: 118055K (80%)
3 ms. Memory: 146944K Free: 116871K (80%)
preinitializing
resolving types
initializing
executing number 1
wrapping up
idle
11 ms. Memory: 146944K Free: 115687K (79%)
Completed execution with 6 iterations
9 ms. Memory: 146944K Free: 114504K (78%)
3 ms. Memory: 146944K Free: 113320K (77%)
5 ms. Memory: 146944K Free: 112136K (76%)
3 ms. Memory: 146944K Free: 110952K (76%)
3 ms. Memory: 146944K Free: 109769K (75%)
/home/travis/build/icyphy/ptII/ptolemy/actor/lib/test/Gaussian.tcl
3 ms. Memory: 146944K Free: 108585K (74%)
sleeping 1 seconds: .................................................................................................................................................................................................................................................................................................................................................................................................................................................................................................................................................................................................................................................................................................................................................................................................................................................................................................................................................................................................................................................................................................................................................................................................................................................................................................................................................................................................................................................................................................................................................................................................................................................................................................................................................................................................................................................................................................................................................................................................................................................................................................................................................................................................................................................................................................................................................................................................................................................................................................................................................................................................................................................................................................................................................................................................................................................................................................................................................................................................................................................................................................................................................................................................................................................................................................................................................................................................................................................................................................................................................................................................................................................................................................................................................................................................................................................................................................................................................................................................................................................................................................................................................................................................................................................................................................................................................................................................................................................................................................................................................................................................................................................................................................................................................................................................................................................................................................................................................................................................................................................................................................................................................................................................................................................................................................................................................................................................................................................................................................................................................................................................................................................................................................................................................................................................................................................................................................................................................................................................................................................................................................................................................................................................................................................................................................................................................................................................................................................................................................................................................................................................................................................................................................................................................................................................................................................................................................................................................................................................................................................................................................................................................................................................................................................................................................................................................................................................................................................................................................................................................................................................................................................................................................................................................................................................................................................................................................................................................................................................................................................................................................................................................................................................................................................................................................................................................................................................................................................................................................................................................................................................................................................................................................................................................................................................................................................................................................................................................................................................................................................................................................................................................................................................................................................................................................................................................................................................................................................................................................................................................................................................................................................................................................................................................................................................................................................................................................................................................................................................................................................................................................................................................................................................................................................................................................................................................................................................................................................................................................................................................................................................................................................................................................................................................................................................................................................................................................................................................................................................................................................................................................................................................................................................................................................................................................................................................................................................................................................................................................................................................................................................................................................................................................................................................................................................................................................................................................................................................................................................................................................................................................................................................................................................................................................................................................................................................................................................................................................................................................................................................................................................................................................................................................................................................................................................................................................................................................................................................................................................................................................................................................................................................................................................................................................................................................................................................................................................................................................................................................................................................................................................................................................................................................................................................................................................................................................................................................................................................................................................................................................................................................................................................................................................................................................................................................................................................................................................................................................................................................................................................................................................................................................................................................................................................................................................................................................................................................................................................................................................................................................................................................................................................................................................................................................................................................................................................................................................................................................................................................................................................................................................................................................................................................................................................................................................................................................................................................................................................................................................................................................................................................................................................................................................................................................................................................................................................................................................................................................................................................................................................................................................................................................................................................................................................................................................................................................................................................................................................................................................................................................................................................................................................................................................................................................................................................................................................................................................................................................................................................................................................................................................................................................................................................................................................................................................................................................................................................................................................................................................................................................................................................................................................................................................................................................................................................................................................................................................................................................................................................................................................................................................................................................................................................................................................................................................................................................................................................................................................................................................................................................................................................................................................................................................................................................................................................................................................................................................................................................................................................................................................................................................................................................................................................................................................................................................................................................................................................................................................................................................................................................................................................................................................................................................................................................................................................................................2 ms. Memory: 146944K Free: 85086K (58%)
2 ms. Memory: 146944K Free: 85086K (58%)
1 ms. Memory: 146944K Free: 83642K (57%)
2 ms. Memory: 146944K Free: 83642K (57%)
2 ms. Memory: 146944K Free: 82457K (56%)
/home/travis/build/icyphy/ptII/ptolemy/actor/lib/test/IIR.tcl
/home/travis/build/icyphy/ptII/ptolemy/actor/lib/test/Interpolator.tcl
5 ms. Memory: 208384K Free: 200491K (96%)
4 ms. Memory: 208384K Free: 200491K (96%)
4 ms. Memory: 208384K Free: 198091K (95%)
2 ms. Memory: 208384K Free: 198091K (95%)
6 ms. Memory: 208384K Free: 198091K (95%)
6 ms. Memory: 208384K Free: 198091K (95%)
10 ms. Memory: 208384K Free: 195690K (94%)
2 ms. Memory: 208384K Free: 195690K (94%)
1 ms. Memory: 208384K Free: 193290K (93%)
2 ms. Memory: 208384K Free: 193290K (93%)
/home/travis/build/icyphy/ptII/ptolemy/actor/lib/test/MathFunction.tcl
5 ms. Memory: 208384K Free: 190890K (92%)
2 ms. Memory: 208384K Free: 190890K (92%)
10 ms. Memory: 208384K Free: 188489K (90%)
3 ms. Memory: 208384K Free: 188489K (90%)
3 ms. Memory: 208384K Free: 186088K (89%)
5 ms. Memory: 208384K Free: 186088K (89%)
/home/travis/build/icyphy/ptII/ptolemy/actor/lib/test/Maximum.tcl
4 ms. Memory: 208384K Free: 183688K (88%)
6 ms. Memory: 208384K Free: 181288K (87%)
5 ms. Memory: 208384K Free: 181288K (87%)
3 ms. Memory: 208384K Free: 181288K (87%)
/home/travis/build/icyphy/ptII/ptolemy/actor/lib/test/Minimum.tcl
6 ms. Memory: 208384K Free: 178887K (86%)
2 ms. Memory: 208384K Free: 178887K (86%)
4 ms. Memory: 208384K Free: 178887K (86%)
4 ms. Memory: 208384K Free: 176487K (85%)
/home/travis/build/icyphy/ptII/ptolemy/actor/lib/test/MultiplyDivide.tcl
11 ms. Memory: 208384K Free: 174086K (84%)
11 ms. Memory: 208384K Free: 174086K (84%)
3 ms. Memory: 208384K Free: 174086K (84%)
5 ms. Memory: 208384K Free: 174086K (84%)
4 ms. Memory: 208384K Free: 171686K (82%)
/home/travis/build/icyphy/ptII/ptolemy/actor/lib/test/OrderedMerge.tcl
Connections changed on port: inputA
Connections changed on port: inputB
Connections changed on port: output
Connections changed on port: output
Connections changed on port: output
Connections changed on port: input
.top. Preinitializing ...
Invoking preinitialize():  .top.OrderedMerge
Called preinitialize()
Invoking preinitialize():  .top.Ramp
Called preinitialize()
Invoking preinitialize():  .top.Ramp2
Called preinitialize()
Invoking preinitialize():  .top.Test
Called preinitialize()
Connections changed on port: inputA
Connections changed on port: output
Connections changed on port: inputB
Connections changed on port: output
Connections changed on port: output
Connections changed on port: input
.top. Finished preinitialize().
Called initialize().
Invoking initialize():  .top.OrderedMerge
Initializing actor: .top.OrderedMerge
Adding a thread: .top.OrderedMerge
Invoking initialize():  .top.Ramp
Initializing actor: .top.Ramp
Adding a thread: .top.Ramp
Invoking initialize():  .top.Ramp2
Initializing actor: .top.Ramp2
Adding a thread: .top.Ramp2
Invoking initialize():  .top.Test
Initializing actor: .top.Test
Adding a thread: .top.Test
-- Starting thread.
Called initialize()
Called prefire()
Called fire()
-- Starting thread.
Called initialize()
Called prefire()
Called fire()
Called postfire()
Called prefire()
Called fire()
-- Starting thread.
Called initialize()
Called prefire()
Called fire()
Called postfire()
Called prefire()
Called fire()
Called fire().
Checking for deadlock:
There are 3 Blocked actors, 0 Stopped actors, and 4 active threads.
Waiting for actors to stop.
-- Starting thread.
Called initialize()
Called prefire()
Called fire()
Checking for deadlock:
There are 2 Blocked actors, 0 Stopped actors, and 4 active threads.
Waiting for actors to stop.
Called postfire()
Called prefire()
Called fire()
Checking for deadlock:
There are 3 Blocked actors, 0 Stopped actors, and 4 active threads.
Waiting for actors to stop.
Read input token from inputA with value 0.0
Next port to read input from is inputB
Called postfire()
Called prefire()
Called fire()
Checking for deadlock:
There are 2 Blocked actors, 0 Stopped actors, and 4 active threads.
Waiting for actors to stop.
Called postfire()
Called prefire()
Called fire()
Checking for deadlock:
There are 3 Blocked actors, 0 Stopped actors, and 4 active threads.
Waiting for actors to stop.
Read input token from inputB with value 0.0
Checking for deadlock:
There are 2 Blocked actors, 0 Stopped actors, and 4 active threads.
Waiting for actors to stop.
-- Read input: 0.0, which is expected to match: 0.0
Called prefire()
Called fire()
Checking for deadlock:
There are 3 Blocked actors, 0 Stopped actors, and 4 active threads.
Waiting for actors to stop.
Sent output token with value 0.0
Next port to read input from is inputA
Called postfire()
Called prefire()
Called fire()
Checking for deadlock:
There are 2 Blocked actors, 0 Stopped actors, and 4 active threads.
Waiting for actors to stop.
Called postfire()
Called prefire()
Called fire()
Checking for deadlock:
There are 3 Blocked actors, 0 Stopped actors, and 4 active threads.
Waiting for actors to stop.
Read input token from inputA with value 1.0
Checking for deadlock:
There are 2 Blocked actors, 0 Stopped actors, and 4 active threads.
Waiting for actors to stop.
-- Read input: 0.0, which is expected to match: 0.0
Called prefire()
Called fire()
Checking for deadlock:
There are 3 Blocked actors, 0 Stopped actors, and 4 active threads.
Waiting for actors to stop.
Sent output token with value 0.0
Next port to read input from is inputB
Called postfire()
Called prefire()
Called fire()
Checking for deadlock:
There are 2 Blocked actors, 0 Stopped actors, and 4 active threads.
Waiting for actors to stop.
Called postfire()
Called prefire()
Called fire()
Checking for deadlock:
There are 3 Blocked actors, 0 Stopped actors, and 4 active threads.
Waiting for actors to stop.
Read input token from inputB with value 1.5
Checking for deadlock:
There are 2 Blocked actors, 0 Stopped actors, and 4 active threads.
Waiting for actors to stop.
-- Read input: 1.0, which is expected to match: 1.0
Called prefire()
Called fire()
Checking for deadlock:
There are 3 Blocked actors, 0 Stopped actors, and 4 active threads.
Waiting for actors to stop.
Sent output token with value 1.0
Next port to read input from is inputA
Called postfire()
Called prefire()
Called fire()
Checking for deadlock:
There are 2 Blocked actors, 0 Stopped actors, and 4 active threads.
Waiting for actors to stop.
Called postfire()
Called prefire()
Called fire()
Checking for deadlock:
There are 3 Blocked actors, 0 Stopped actors, and 4 active threads.
Waiting for actors to stop.
Read input token from inputA with value 2.0
Checking for deadlock:
There are 2 Blocked actors, 0 Stopped actors, and 4 active threads.
Waiting for actors to stop.
-- Read input: 1.5, which is expected to match: 1.5
Called prefire()
Called fire()
Checking for deadlock:
There are 3 Blocked actors, 0 Stopped actors, and 4 active threads.
Waiting for actors to stop.
Sent output token with value 1.5
Next port to read input from is inputB
Called postfire()
Called prefire()
Called fire()
Checking for deadlock:
There are 2 Blocked actors, 0 Stopped actors, and 4 active threads.
Waiting for actors to stop.
Called postfire()
Called prefire()
Called fire()
Checking for deadlock:
There are 3 Blocked actors, 0 Stopped actors, and 4 active threads.
Waiting for actors to stop.
Read input token from inputB with value 3.0
Checking for deadlock:
There are 2 Blocked actors, 0 Stopped actors, and 4 active threads.
Waiting for actors to stop.
-- Read input: 2.0, which is expected to match: 2.0
Called prefire()
Called fire()
Checking for deadlock:
There are 3 Blocked actors, 0 Stopped actors, and 4 active threads.
Waiting for actors to stop.
Sent output token with value 2.0
Next port to read input from is inputA
Called postfire()
Called prefire()
Called fire()
Checking for deadlock:
There are 2 Blocked actors, 0 Stopped actors, and 4 active threads.
Waiting for actors to stop.
Called postfire()
Called prefire()
Called fire()
Checking for deadlock:
There are 3 Blocked actors, 0 Stopped actors, and 4 active threads.
Waiting for actors to stop.
Read input token from inputA with value 3.0
Checking for deadlock:
There are 2 Blocked actors, 0 Stopped actors, and 4 active threads.
Waiting for actors to stop.
-- Read input: 3.0, which is expected to match: 3.0
Called prefire()
Called fire()
Checking for deadlock:
There are 3 Blocked actors, 0 Stopped actors, and 4 active threads.
Waiting for actors to stop.
Sent output token with value 3.0
Next port to read input from is inputB
Called postfire()
Called prefire()
Called fire()
Checking for deadlock:
There are 2 Blocked actors, 0 Stopped actors, and 4 active threads.
Waiting for actors to stop.
Called postfire()
Called prefire()
Called fire()
Checking for deadlock:
There are 3 Blocked actors, 0 Stopped actors, and 4 active threads.
Waiting for actors to stop.
Read input token from inputB with value 4.5
Checking for deadlock:
There are 2 Blocked actors, 0 Stopped actors, and 4 active threads.
Waiting for actors to stop.
-- Read input: 3.0, which is expected to match: 3.0
Called prefire()
Called fire()
Checking for deadlock:
There are 3 Blocked actors, 0 Stopped actors, and 4 active threads.
Waiting for actors to stop.
Sent output token with value 3.0
Next port to read input from is inputA
Called postfire()
Called prefire()
Called fire()
Checking for deadlock:
There are 2 Blocked actors, 0 Stopped actors, and 4 active threads.
Waiting for actors to stop.
Called postfire()
Called prefire()
Called fire()
Checking for deadlock:
There are 3 Blocked actors, 0 Stopped actors, and 4 active threads.
Waiting for actors to stop.
Read input token from inputA with value 4.0
Checking for deadlock:
There are 2 Blocked actors, 0 Stopped actors, and 4 active threads.
Waiting for actors to stop.
-- Read input: 4.0, which is expected to match: 4.0
Called prefire()
Called fire()
Past the end of training data. Read and discard all inputs.
Checking for deadlock:
There are 3 Blocked actors, 0 Stopped actors, and 4 active threads.
Waiting for actors to stop.
Sent output token with value 4.0
Next port to read input from is inputA
Called postfire()
Called prefire()
Called fire()
Checking for deadlock:
There are 2 Blocked actors, 0 Stopped actors, and 4 active threads.
Waiting for actors to stop.
Called postfire()
Called prefire()
Called fire()
Checking for deadlock:
There are 3 Blocked actors, 0 Stopped actors, and 4 active threads.
Waiting for actors to stop.
Read input token from inputA with value 5.0
Checking for deadlock:
There are 2 Blocked actors, 0 Stopped actors, and 4 active threads.
Waiting for actors to stop.
Called prefire()
Called fire()
Past the end of training data. Read and discard all inputs.
Checking for deadlock:
There are 3 Blocked actors, 0 Stopped actors, and 4 active threads.
Waiting for actors to stop.
Sent output token with value 4.5
Next port to read input from is inputB
Called postfire()
Called prefire()
Called fire()
Checking for deadlock:
There are 2 Blocked actors, 0 Stopped actors, and 4 active threads.
Waiting for actors to stop.
Called postfire()
Called prefire()
Called fire()
Checking for deadlock:
There are 3 Blocked actors, 0 Stopped actors, and 4 active threads.
Waiting for actors to stop.
Read input token from inputB with value 6.0
Checking for deadlock:
There are 2 Blocked actors, 0 Stopped actors, and 4 active threads.
Waiting for actors to stop.
Called prefire()
Called fire()
Past the end of training data. Read and discard all inputs.
Checking for deadlock:
There are 3 Blocked actors, 0 Stopped actors, and 4 active threads.
Waiting for actors to stop.
Sent output token with value 5.0
Next port to read input from is inputA
Called postfire()
Called prefire()
Called fire()
Checking for deadlock:
There are 2 Blocked actors, 0 Stopped actors, and 4 active threads.
Waiting for actors to stop.
Called postfire()
Called prefire()
Called fire()
Checking for deadlock:
There are 3 Blocked actors, 0 Stopped actors, and 4 active threads.
Waiting for actors to stop.
Read input token from inputA with value 6.0
Checking for deadlock:
There are 2 Blocked actors, 0 Stopped actors, and 4 active threads.
Waiting for actors to stop.
Called prefire()
Called fire()
Past the end of training data. Read and discard all inputs.
Checking for deadlock:
There are 3 Blocked actors, 0 Stopped actors, and 4 active threads.
Waiting for actors to stop.
Sent output token with value 6.0
Next port to read input from is inputB
Called postfire()
Called prefire()
Called fire()
Checking for deadlock:
There are 2 Blocked actors, 0 Stopped actors, and 4 active threads.
Waiting for actors to stop.
Called postfire()
Called prefire()
Called fire()
Checking for deadlock:
There are 3 Blocked actors, 0 Stopped actors, and 4 active threads.
Waiting for actors to stop.
Read input token from inputB with value 7.5
Checking for deadlock:
There are 2 Blocked actors, 0 Stopped actors, and 4 active threads.
Waiting for actors to stop.
Called prefire()
Called fire()
Past the end of training data. Read and discard all inputs.
Checking for deadlock:
There are 3 Blocked actors, 0 Stopped actors, and 4 active threads.
Waiting for actors to stop.
Sent output token with value 6.0
Next port to read input from is inputA
Called postfire()
Called prefire()
Called fire()
Checking for deadlock:
There are 2 Blocked actors, 0 Stopped actors, and 4 active threads.
Waiting for actors to stop.
Called postfire()
Called prefire()
Called fire()
Checking for deadlock:
There are 3 Blocked actors, 0 Stopped actors, and 4 active threads.
Waiting for actors to stop.
Read input token from inputA with value 7.0
Checking for deadlock:
There are 2 Blocked actors, 0 Stopped actors, and 4 active threads.
Waiting for actors to stop.
Called prefire()
Called fire()
Past the end of training data. Read and discard all inputs.
Checking for deadlock:
There are 3 Blocked actors, 0 Stopped actors, and 4 active threads.
Waiting for actors to stop.
Sent output token with value 7.0
Next port to read input from is inputA
Called postfire()
Called prefire()
Called fire()
Checking for deadlock:
There are 2 Blocked actors, 0 Stopped actors, and 4 active threads.
Waiting for actors to stop.
-- Thread wrapup() called.
Called wrapup()
Thread .top.Ramp is exiting.
-- Thread stopped.
Checking for deadlock:
There are 2 Blocked actors, 0 Stopped actors, and 3 active threads.
Waiting for actors to stop.
Read input token from inputA with value 8.0
Checking for deadlock:
There are 1 Blocked actors, 0 Stopped actors, and 3 active threads.
Waiting for actors to stop.
Called prefire()
Called fire()
Past the end of training data. Read and discard all inputs.
Checking for deadlock:
There are 2 Blocked actors, 0 Stopped actors, and 3 active threads.
Waiting for actors to stop.
Sent output token with value 7.5
Next port to read input from is inputB
Called postfire()
Called prefire()
Called fire()
Checking for deadlock:
There are 1 Blocked actors, 0 Stopped actors, and 3 active threads.
Waiting for actors to stop.
Called postfire()
Called prefire()
Called fire()
Checking for deadlock:
There are 2 Blocked actors, 0 Stopped actors, and 3 active threads.
Waiting for actors to stop.
Read input token from inputB with value 9.0
Checking for deadlock:
There are 1 Blocked actors, 0 Stopped actors, and 3 active threads.
Waiting for actors to stop.
Called prefire()
Called fire()
Past the end of training data. Read and discard all inputs.
Checking for deadlock:
There are 2 Blocked actors, 0 Stopped actors, and 3 active threads.
Waiting for actors to stop.
Sent output token with value 8.0
Next port to read input from is inputA
Called postfire()
Called prefire()
Called fire()
Read input token from inputA with value 9.0
Checking for deadlock:
There are 1 Blocked actors, 0 Stopped actors, and 3 active threads.
Waiting for actors to stop.
Called prefire()
Called fire()
Past the end of training data. Read and discard all inputs.
Checking for deadlock:
There are 2 Blocked actors, 0 Stopped actors, and 3 active threads.
Waiting for actors to stop.
Sent output token with value 9.0
Next port to read input from is inputB
Called postfire()
Called prefire()
Called fire()
Checking for deadlock:
There are 1 Blocked actors, 0 Stopped actors, and 3 active threads.
Waiting for actors to stop.
Called postfire()
Called prefire()
Called fire()
Checking for deadlock:
There are 2 Blocked actors, 0 Stopped actors, and 3 active threads.
Waiting for actors to stop.
Read input token from inputB with value 10.5
Checking for deadlock:
There are 1 Blocked actors, 0 Stopped actors, and 3 active threads.
Waiting for actors to stop.
Called prefire()
Called fire()
Past the end of training data. Read and discard all inputs.
Checking for deadlock:
There are 2 Blocked actors, 0 Stopped actors, and 3 active threads.
Waiting for actors to stop.
Sent output token with value 9.0
Next port to read input from is inputA
Called postfire()
Called prefire()
Called fire()
Checking for deadlock:
There are 3 Blocked actors, 0 Stopped actors, and 3 active threads.
Actors have stopped.
Checking for deadlock:
There are 3 Blocked actors, 0 Stopped actors, and 3 active threads.
Deadlock detected.
Resolving Deadlock
Checking for deadlock:
There are 3 Blocked actors, 0 Stopped actors, and 3 active threads.
Artificial Deadlock - increasing queue capacity.
increasing the capacity of receiver ptolemy.actor.TypedIOPort {.top.OrderedMerge.inputB} to 2
Director: Called postfire().
Called postfire().
_stopRequested = false
_stopFireRequested = false
Returning from postfire(): true
Called fire().
Checking for deadlock:
There are 2 Blocked actors, 0 Stopped actors, and 3 active threads.
Waiting for actors to stop.
-- Thread wrapup() called.
Called wrapup()
Thread .top.Ramp2 is exiting.
-- Thread stopped.
Checking for deadlock:
There are 2 Blocked actors, 0 Stopped actors, and 2 active threads.
Actors have stopped.
Checking for deadlock:
There are 2 Blocked actors, 0 Stopped actors, and 2 active threads.
Deadlock detected.
Resolving Deadlock
Checking for deadlock:
There are 2 Blocked actors, 0 Stopped actors, and 2 active threads.
Deadlock detected: no processes blocked on write, but some are blocked on read.
Called postfire().
_stopRequested = false
_stopFireRequested = false
Returning from postfire(): false
Finished deactivating branches.
Called wrapup().
-- Thread wrapup() called.
Called wrapup()
Thread .top.Test is exiting.
-- Thread stopped.
-- Blocked Receiver call threw TerminateProcessException.
-- Thread wrapup() called.
Called wrapup()
Thread .top.OrderedMerge is exiting.
35 ms. Memory: 208384K Free: 164370K (79%)
.top. Preinitializing ...
Invoking preinitialize():  .top.OrderedMerge
Called preinitialize()
Invoking preinitialize():  .top.Ramp
Called preinitialize()
Invoking preinitialize():  .top.Ramp2
Called preinitialize()
Invoking preinitialize():  .top.Test
Called preinitialize()
.top. Finished preinitialize().
Called initialize().
Invoking initialize():  .top.OrderedMerge
Initializing actor: .top.OrderedMerge
Adding a thread: .top.OrderedMerge
Invoking initialize():  .top.Ramp
Initializing actor: .top.Ramp
Adding a thread: .top.Ramp
Invoking initialize():  .top.Ramp2
Initializing actor: .top.Ramp2
Adding a thread: .top.Ramp2
Invoking initialize():  .top.Test
Initializing actor: .top.Test
Adding a thread: .top.Test
-- Thread stopped.
-- Blocked Receiver call threw TerminateProcessException.
-- Starting thread.
Called initialize()
Called prefire()
Called fire()
-- Starting thread.
Called initialize()
Called prefire()
Called fire()
Called postfire()
Called prefire()
Called fire()
-- Starting thread.
Called initialize()
Called prefire()
Called fire()
Called postfire()
Called prefire()
Called fire()
Called fire().
Checking for deadlock:
There are 3 Blocked actors, 0 Stopped actors, and 4 active threads.
Waiting for actors to stop.
-- Starting thread.
Called initialize()
Called prefire()
Called fire()
Checking for deadlock:
There are 2 Blocked actors, 0 Stopped actors, and 4 active threads.
Waiting for actors to stop.
Called postfire()
Called prefire()
Called fire()
Checking for deadlock:
There are 3 Blocked actors, 0 Stopped actors, and 4 active threads.
Waiting for actors to stop.
Read input token from inputA with value 0.0
Next port to read input from is inputB
Called postfire()
Called prefire()
Called fire()
Checking for deadlock:
There are 2 Blocked actors, 0 Stopped actors, and 4 active threads.
Waiting for actors to stop.
Called postfire()
Called prefire()
Called fire()
Checking for deadlock:
There are 3 Blocked actors, 0 Stopped actors, and 4 active threads.
Waiting for actors to stop.
Read input token from inputB with value 0.0
Checking for deadlock:
There are 2 Blocked actors, 0 Stopped actors, and 4 active threads.
Waiting for actors to stop.
-- Read input: 0.0, which is expected to match: 0.0
Called prefire()
Called fire()
Checking for deadlock:
There are 3 Blocked actors, 0 Stopped actors, and 4 active threads.
Waiting for actors to stop.
Sent output token with value 0.0
Next port to read input from is inputA
Called postfire()
Called prefire()
Called fire()
Checking for deadlock:
There are 2 Blocked actors, 0 Stopped actors, and 4 active threads.
Waiting for actors to stop.
Called postfire()
Called prefire()
Called fire()
Checking for deadlock:
There are 3 Blocked actors, 0 Stopped actors, and 4 active threads.
Waiting for actors to stop.
Read input token from inputA with value 1.0
Checking for deadlock:
There are 2 Blocked actors, 0 Stopped actors, and 4 active threads.
Waiting for actors to stop.
-- Read input: 0.0, which is expected to match: 0.0
Called prefire()
Called fire()
Checking for deadlock:
There are 3 Blocked actors, 0 Stopped actors, and 4 active threads.
Waiting for actors to stop.
Sent output token with value 0.0
Next port to read input from is inputB
Called postfire()
Called prefire()
Called fire()
Checking for deadlock:
There are 2 Blocked actors, 0 Stopped actors, and 4 active threads.
Waiting for actors to stop.
Called postfire()
Called prefire()
Called fire()
Checking for deadlock:
There are 3 Blocked actors, 0 Stopped actors, and 4 active threads.
Waiting for actors to stop.
Read input token from inputB with value 1.5
Checking for deadlock:
There are 2 Blocked actors, 0 Stopped actors, and 4 active threads.
Waiting for actors to stop.
-- Read input: 1.0, which is expected to match: 1.0
Called prefire()
Called fire()
Checking for deadlock:
There are 3 Blocked actors, 0 Stopped actors, and 4 active threads.
Waiting for actors to stop.
Sent output token with value 1.0
Next port to read input from is inputA
Called postfire()
Called prefire()
Called fire()
Checking for deadlock:
There are 2 Blocked actors, 0 Stopped actors, and 4 active threads.
Waiting for actors to stop.
Called postfire()
Called prefire()
Called fire()
Checking for deadlock:
There are 3 Blocked actors, 0 Stopped actors, and 4 active threads.
Waiting for actors to stop.
Read input token from inputA with value 2.0
Checking for deadlock:
There are 2 Blocked actors, 0 Stopped actors, and 4 active threads.
Waiting for actors to stop.
-- Read input: 1.5, which is expected to match: 1.5
Called prefire()
Called fire()
Checking for deadlock:
There are 3 Blocked actors, 0 Stopped actors, and 4 active threads.
Waiting for actors to stop.
Sent output token with value 1.5
Next port to read input from is inputB
Called postfire()
Called prefire()
Called fire()
Checking for deadlock:
There are 2 Blocked actors, 0 Stopped actors, and 4 active threads.
Waiting for actors to stop.
Called postfire()
Called prefire()
Called fire()
Checking for deadlock:
There are 3 Blocked actors, 0 Stopped actors, and 4 active threads.
Waiting for actors to stop.
Read input token from inputB with value 3.0
Checking for deadlock:
There are 2 Blocked actors, 0 Stopped actors, and 4 active threads.
Waiting for actors to stop.
-- Read input: 2.0, which is expected to match: 2.0
Called prefire()
Called fire()
Checking for deadlock:
There are 3 Blocked actors, 0 Stopped actors, and 4 active threads.
Waiting for actors to stop.
Sent output token with value 2.0
Next port to read input from is inputA
Called postfire()
Called prefire()
Called fire()
Checking for deadlock:
There are 2 Blocked actors, 0 Stopped actors, and 4 active threads.
Waiting for actors to stop.
Called postfire()
Called prefire()
Called fire()
Checking for deadlock:
There are 3 Blocked actors, 0 Stopped actors, and 4 active threads.
Waiting for actors to stop.
Read input token from inputA with value 3.0
Checking for deadlock:
There are 2 Blocked actors, 0 Stopped actors, and 4 active threads.
Waiting for actors to stop.
-- Read input: 3.0, which is expected to match: 3.0
Called prefire()
Called fire()
Checking for deadlock:
There are 3 Blocked actors, 0 Stopped actors, and 4 active threads.
Waiting for actors to stop.
Sent output token with value 3.0
Next port to read input from is inputB
Called postfire()
Called prefire()
Called fire()
Checking for deadlock:
There are 2 Blocked actors, 0 Stopped actors, and 4 active threads.
Waiting for actors to stop.
Called postfire()
Called prefire()
Called fire()
Checking for deadlock:
There are 3 Blocked actors, 0 Stopped actors, and 4 active threads.
Waiting for actors to stop.
Read input token from inputB with value 4.5
Checking for deadlock:
There are 2 Blocked actors, 0 Stopped actors, and 4 active threads.
Waiting for actors to stop.
-- Read input: 3.0, which is expected to match: 3.0
Called prefire()
Called fire()
Checking for deadlock:
There are 3 Blocked actors, 0 Stopped actors, and 4 active threads.
Waiting for actors to stop.
Sent output token with value 3.0
Next port to read input from is inputA
Called postfire()
Called prefire()
Called fire()
Checking for deadlock:
There are 2 Blocked actors, 0 Stopped actors, and 4 active threads.
Waiting for actors to stop.
Called postfire()
Called prefire()
Called fire()
Checking for deadlock:
There are 3 Blocked actors, 0 Stopped actors, and 4 active threads.
Waiting for actors to stop.
Read input token from inputA with value 4.0
Checking for deadlock:
There are 2 Blocked actors, 0 Stopped actors, and 4 active threads.
Waiting for actors to stop.
-- Read input: 4.0, which is expected to match: 4.0
Called prefire()
Called fire()
Past the end of training data. Read and discard all inputs.
Checking for deadlock:
There are 3 Blocked actors, 0 Stopped actors, and 4 active threads.
Waiting for actors to stop.
Sent output token with value 4.0
Next port to read input from is inputA
Called postfire()
Called prefire()
Called fire()
Checking for deadlock:
There are 2 Blocked actors, 0 Stopped actors, and 4 active threads.
Waiting for actors to stop.
Called postfire()
Called prefire()
Called fire()
Checking for deadlock:
There are 3 Blocked actors, 0 Stopped actors, and 4 active threads.
Waiting for actors to stop.
Read input token from inputA with value 5.0
Checking for deadlock:
There are 2 Blocked actors, 0 Stopped actors, and 4 active threads.
Waiting for actors to stop.
Called prefire()
Called fire()
Past the end of training data. Read and discard all inputs.
Checking for deadlock:
There are 3 Blocked actors, 0 Stopped actors, and 4 active threads.
Waiting for actors to stop.
Sent output token with value 4.5
Next port to read input from is inputB
Called postfire()
Called prefire()
Called fire()
Checking for deadlock:
There are 2 Blocked actors, 0 Stopped actors, and 4 active threads.
Waiting for actors to stop.
Called postfire()
Called prefire()
Called fire()
Checking for deadlock:
There are 3 Blocked actors, 0 Stopped actors, and 4 active threads.
Waiting for actors to stop.
Read input token from inputB with value 6.0
Checking for deadlock:
There are 2 Blocked actors, 0 Stopped actors, and 4 active threads.
Waiting for actors to stop.
Called prefire()
Called fire()
Past the end of training data. Read and discard all inputs.
Checking for deadlock:
There are 3 Blocked actors, 0 Stopped actors, and 4 active threads.
Waiting for actors to stop.
Sent output token with value 5.0
Next port to read input from is inputA
Called postfire()
Called prefire()
Called fire()
Checking for deadlock:
There are 2 Blocked actors, 0 Stopped actors, and 4 active threads.
Waiting for actors to stop.
Called postfire()
Called prefire()
Called fire()
Checking for deadlock:
There are 3 Blocked actors, 0 Stopped actors, and 4 active threads.
Waiting for actors to stop.
Read input token from inputA with value 6.0
Checking for deadlock:
There are 2 Blocked actors, 0 Stopped actors, and 4 active threads.
Waiting for actors to stop.
Called prefire()
Called fire()
Past the end of training data. Read and discard all inputs.
Checking for deadlock:
There are 3 Blocked actors, 0 Stopped actors, and 4 active threads.
Waiting for actors to stop.
Sent output token with value 6.0
Next port to read input from is inputB
Called postfire()
Called prefire()
Called fire()
Checking for deadlock:
There are 2 Blocked actors, 0 Stopped actors, and 4 active threads.
Waiting for actors to stop.
Called postfire()
Called prefire()
Called fire()
Checking for deadlock:
There are 3 Blocked actors, 0 Stopped actors, and 4 active threads.
Waiting for actors to stop.
Read input token from inputB with value 7.5
Checking for deadlock:
There are 2 Blocked actors, 0 Stopped actors, and 4 active threads.
Waiting for actors to stop.
Called prefire()
Called fire()
Past the end of training data. Read and discard all inputs.
Checking for deadlock:
There are 3 Blocked actors, 0 Stopped actors, and 4 active threads.
Waiting for actors to stop.
Sent output token with value 6.0
Next port to read input from is inputA
Called postfire()
Called prefire()
Called fire()
Checking for deadlock:
There are 2 Blocked actors, 0 Stopped actors, and 4 active threads.
Waiting for actors to stop.
Called postfire()
Called prefire()
Called fire()
Checking for deadlock:
There are 3 Blocked actors, 0 Stopped actors, and 4 active threads.
Waiting for actors to stop.
Read input token from inputA with value 7.0
Checking for deadlock:
There are 2 Blocked actors, 0 Stopped actors, and 4 active threads.
Waiting for actors to stop.
Called prefire()
Called fire()
Past the end of training data. Read and discard all inputs.
Checking for deadlock:
There are 3 Blocked actors, 0 Stopped actors, and 4 active threads.
Waiting for actors to stop.
Sent output token with value 7.0
Next port to read input from is inputA
Called postfire()
Called prefire()
Called fire()
Checking for deadlock:
There are 2 Blocked actors, 0 Stopped actors, and 4 active threads.
Waiting for actors to stop.
-- Thread wrapup() called.
Called wrapup()
Thread .top.Ramp is exiting.
Checking for deadlock:
There are 2 Blocked actors, 0 Stopped actors, and 3 active threads.
Waiting for actors to stop.
-- Thread stopped.
Read input token from inputA with value 8.0
Checking for deadlock:
There are 1 Blocked actors, 0 Stopped actors, and 3 active threads.
Waiting for actors to stop.
Called prefire()
Called fire()
Past the end of training data. Read and discard all inputs.
Checking for deadlock:
There are 2 Blocked actors, 0 Stopped actors, and 3 active threads.
Waiting for actors to stop.
Sent output token with value 7.5
Next port to read input from is inputB
Called postfire()
Called prefire()
Called fire()
Checking for deadlock:
There are 1 Blocked actors, 0 Stopped actors, and 3 active threads.
Waiting for actors to stop.
Called postfire()
Called prefire()
Called fire()
Checking for deadlock:
There are 2 Blocked actors, 0 Stopped actors, and 3 active threads.
Waiting for actors to stop.
Read input token from inputB with value 9.0
Checking for deadlock:
There are 1 Blocked actors, 0 Stopped actors, and 3 active threads.
Waiting for actors to stop.
Called prefire()
Called fire()
Past the end of training data. Read and discard all inputs.
Checking for deadlock:
There are 2 Blocked actors, 0 Stopped actors, and 3 active threads.
Waiting for actors to stop.
Sent output token with value 8.0
Next port to read input from is inputA
Called postfire()
Called prefire()
Called fire()
Read input token from inputA with value 9.0
Checking for deadlock:
There are 1 Blocked actors, 0 Stopped actors, and 3 active threads.
Waiting for actors to stop.
Called prefire()
Called fire()
Past the end of training data. Read and discard all inputs.
Checking for deadlock:
There are 2 Blocked actors, 0 Stopped actors, and 3 active threads.
Waiting for actors to stop.
Sent output token with value 9.0
Next port to read input from is inputB
Called postfire()
Called prefire()
Called fire()
Checking for deadlock:
There are 1 Blocked actors, 0 Stopped actors, and 3 active threads.
Waiting for actors to stop.
Called postfire()
Called prefire()
Called fire()
Checking for deadlock:
There are 2 Blocked actors, 0 Stopped actors, and 3 active threads.
Waiting for actors to stop.
Read input token from inputB with value 10.5
Checking for deadlock:
There are 1 Blocked actors, 0 Stopped actors, and 3 active threads.
Waiting for actors to stop.
Called prefire()
Called fire()
Past the end of training data. Read and discard all inputs.
Checking for deadlock:
There are 2 Blocked actors, 0 Stopped actors, and 3 active threads.
Waiting for actors to stop.
Sent output token with value 9.0
Next port to read input from is inputA
Called postfire()
Called prefire()
Called fire()
Checking for deadlock:
There are 3 Blocked actors, 0 Stopped actors, and 3 active threads.
Actors have stopped.
Checking for deadlock:
There are 3 Blocked actors, 0 Stopped actors, and 3 active threads.
Deadlock detected.
Resolving Deadlock
Checking for deadlock:
There are 3 Blocked actors, 0 Stopped actors, and 3 active threads.
Artificial Deadlock - increasing queue capacity.
increasing the capacity of receiver ptolemy.actor.TypedIOPort {.top.OrderedMerge.inputB} to 2
Director: Called postfire().
Called postfire().
_stopRequested = false
_stopFireRequested = false
Returning from postfire(): true
Called fire().
Checking for deadlock:
There are 2 Blocked actors, 0 Stopped actors, and 3 active threads.
Waiting for actors to stop.
-- Thread wrapup() called.
Called wrapup()
Thread .top.Ramp2 is exiting.
-- Thread stopped.
Checking for deadlock:
There are 2 Blocked actors, 0 Stopped actors, and 2 active threads.
Actors have stopped.
Checking for deadlock:
There are 2 Blocked actors, 0 Stopped actors, and 2 active threads.
Deadlock detected.
Resolving Deadlock
Checking for deadlock:
There are 2 Blocked actors, 0 Stopped actors, and 2 active threads.
Deadlock detected: no processes blocked on write, but some are blocked on read.
Called postfire().
_stopRequested = false
_stopFireRequested = false
Returning from postfire(): false
Finished deactivating branches.
Called wrapup().
-- Thread wrapup() called.
Called wrapup()
Thread .top.Test is exiting.
-- Thread stopped.
-- Blocked Receiver call threw TerminateProcessException.
-- Thread wrapup() called.
Called wrapup()
Thread .top.OrderedMerge is exiting.
28 ms. Memory: 208384K Free: 159455K (77%)
/home/travis/build/icyphy/ptII/ptolemy/actor/lib/test/Publisher.tcl
-- Thread stopped.
-- Blocked Receiver call threw TerminateProcessException.
22 ms. Memory: 208384K Free: 152253K (73%)
6 ms. Memory: 208384K Free: 147428K (71%)
5 ms. Memory: 208384K Free: 145020K (70%)
5 ms. Memory: 208384K Free: 142603K (68%)
3 ms. Memory: 208384K Free: 142603K (68%)
4 ms. Memory: 208384K Free: 142603K (68%)
2 ms. Memory: 208384K Free: 140187K (67%)
5 ms. Memory: 208384K Free: 140187K (67%)
1 ms. Memory: 208384K Free: 130577K (63%)
4 ms. Memory: 208384K Free: 125760K (60%)
2 ms. Memory: 208384K Free: 125760K (60%)
2 ms. Memory: 208384K Free: 123343K (59%)
10 ms. Memory: 208384K Free: 116126K (56%)
6 ms. Memory: 208384K Free: 106500K (51%)
6 ms. Memory: 208384K Free: 94433K (45%)
/home/travis/build/icyphy/ptII/ptolemy/actor/lib/test/Pulse.tcl
6 ms. Memory: 208384K Free: 175487K (84%)
1 ms. Memory: 208384K Free: 175487K (84%)
1 ms. Memory: 208384K Free: 173139K (83%)
1 ms. Memory: 208384K Free: 173139K (83%)
1 ms. Memory: 208384K Free: 172919K (83%)
1 ms. Memory: 208384K Free: 172919K (83%)
2 ms. Memory: 208384K Free: 170572K (82%)
1 ms. Memory: 208384K Free: 170572K (82%)
1 ms. Memory: 208384K Free: 168224K (81%)
/home/travis/build/icyphy/ptII/ptolemy/actor/lib/test/Ramp.tcl
6 ms. Memory: 208384K Free: 168224K (81%)
2 ms. Memory: 208384K Free: 165868K (80%)
2 ms. Memory: 208384K Free: 165868K (80%)
2 ms. Memory: 208384K Free: 165868K (80%)
5 ms. Memory: 208384K Free: 163505K (78%)
9 ms. Memory: 208384K Free: 163505K (78%)
6 ms. Memory: 208384K Free: 163505K (78%)
5 actors
7000 microseconds per iteration to create
10 ms. Memory: 208384K Free: 158793K (76%)
2 ms. Memory: 208384K Free: 158793K (76%)
4 ms. Memory: 208384K Free: 158793K (76%)
4 ms. Memory: 208384K Free: 158793K (76%)
50 actors
46000 microseconds per iteration to create
48 ms. Memory: 208384K Free: 142318K (68%)
5 ms. Memory: 208384K Free: 142318K (68%)
5 ms. Memory: 208384K Free: 139954K (67%)
5 ms. Memory: 208384K Free: 139954K (67%)
500 actors
1269000 microseconds per iteration to create
258 ms. Memory: 331776K Free: 211310K (64%)
57 ms. Memory: 331776K Free: 206567K (62%)
45 ms. Memory: 331776K Free: 201818K (61%)
47 ms. Memory: 331776K Free: 197076K (59%)
/home/travis/build/icyphy/ptII/ptolemy/actor/lib/test/RampContinuous.tcl
8 ms. Memory: 331776K Free: 192333K (58%)
/home/travis/build/icyphy/ptII/ptolemy/actor/lib/test/RecordAssembler.tcl
6 ms. Memory: 331776K Free: 192333K (58%)
3 ms. Memory: 331776K Free: 192333K (58%)
/home/travis/build/icyphy/ptII/ptolemy/actor/lib/test/RecordDisassembler.tcl
6 ms. Memory: 331776K Free: 187591K (57%)
3 ms. Memory: 331776K Free: 187591K (57%)
3 ms. Memory: 331776K Free: 187591K (57%)
/home/travis/build/icyphy/ptII/ptolemy/actor/lib/test/Scale.tcl
3 ms. Memory: 331776K Free: 182832K (55%)
2 ms. Memory: 331776K Free: 182832K (55%)
1 ms. Memory: 331776K Free: 182832K (55%)
3 ms. Memory: 331776K Free: 182832K (55%)
2 ms. Memory: 331776K Free: 182832K (55%)
/home/travis/build/icyphy/ptII/ptolemy/actor/lib/test/SequentialClock.tcl
preinitializing
resolving types
initializing
executing number 1
wrapping up
idle
3 ms. Memory: 331776K Free: 178082K (54%)
Completed execution with 5 iterations
preinitializing
resolving types
initializing
executing number 1
wrapping up
idle
1 ms. Memory: 331776K Free: 178082K (54%)
Completed execution with 5 iterations
preinitializing
resolving types
initializing
executing number 1
wrapping up
idle
1 ms. Memory: 331776K Free: 178082K (54%)
Completed execution with 5 iterations
/home/travis/build/icyphy/ptII/ptolemy/actor/lib/test/SetVariable.tcl
6 ms. Memory: 331776K Free: 178082K (54%)
/home/travis/build/icyphy/ptII/ptolemy/actor/lib/test/Sinewave.tcl
/home/travis/build/icyphy/ptII/ptolemy/actor/lib/test/SubscriptionAggregator.tcl
4 ms. Memory: 331776K Free: 163838K (49%)
3 ms. Memory: 331776K Free: 163838K (49%)
1 ms. Memory: 331776K Free: 163838K (49%)
1 ms. Memory: 331776K Free: 163838K (49%)
1 ms. Memory: 331776K Free: 159095K (48%)
3 ms. Memory: 331776K Free: 159095K (48%)
...............................................................961 ms. Memory: 579072K Free: 288148K (50%)
/home/travis/build/icyphy/ptII/ptolemy/actor/lib/test/Test.tcl
 The next command will produce a warning about training mode,
   which may be ignored.
4 ms. Memory: 579072K Free: 288148K (50%)
3 ms. Memory: 579072K Free: 278534K (48%)
1 ms. Memory: 579072K Free: 278534K (48%)
1 ms. Memory: 579072K Free: 278534K (48%)
3 ms. Memory: 579072K Free: 278534K (48%)
2 ms. Memory: 579072K Free: 278534K (48%)
3 ms. Memory: 579072K Free: 278534K (48%)
 The next command will produce a warning about training mode,
   which may be ignored.
8 ms. Memory: 579072K Free: 278534K (48%)
 The next command will produce a warning about training mode,
   which may be ignored.
2 ms. Memory: 579072K Free: 278534K (48%)
1 ms. Memory: 579072K Free: 278534K (48%)
1 ms. Memory: 579072K Free: 278534K (48%)
2 ms. Memory: 579072K Free: 268928K (46%)
5 ms. Memory: 579072K Free: 268928K (46%)
5 ms. Memory: 579072K Free: 268928K (46%)
/home/travis/build/icyphy/ptII/ptolemy/actor/lib/test/TestExceptionHandler.tcl
 The next command will produce a warning about training mode,
   which may be ignored.
2 ms. Memory: 579072K Free: 268928K (46%)
1 ms. Memory: 579072K Free: 268928K (46%)
1 ms. Memory: 579072K Free: 268928K (46%)
/home/travis/build/icyphy/ptII/ptolemy/actor/lib/test/UnionDisassembler.tcl
23 ms. Memory: 579072K Free: 259330K (45%)
/home/travis/build/icyphy/ptII/ptolemy/actor/lib/test/VariableClock.tcl
preinitializing
resolving types
initializing
executing number 1
wrapping up
idle
9 ms. Memory: 579072K Free: 259330K (45%)
Completed execution with 11 iterations
preinitializing
resolving types
initializing
executing number 1
wrapping up
idle
9 ms. Memory: 579072K Free: 259330K (45%)
Completed execution with 10 iterations
05/10/19 04:14:55
Failed: 0  Total Tests: 234  ((Passed: 234, Newly Passed: 0)  Known Failed: 0) /home/travis/build/icyphy/ptII/ptolemy/actor/lib/test
----------------- testing (KnownFailure) /home/travis/build/icyphy/ptII/ptolemy/actor/lib/test/auto/knownFailedTests/PublisherPortToplevelSubscriber.xml
1 ms. Memory: 579072K Free: 249602K (43%)
Known Failure: java.lang.reflect.InvocationTargetException
----------------- testing (KnownFailure) /home/travis/build/icyphy/ptII/ptolemy/actor/lib/test/auto/knownFailedTests/PublisherSubscriberPortToplevel.xml
1 ms. Memory: 579072K Free: 230146K (40%)
Known Failure: java.lang.reflect.InvocationTargetException
----------------- testing (KnownFailure) /home/travis/build/icyphy/ptII/ptolemy/actor/lib/test/auto/knownFailedTests/PublisherSubscriptionAggregatorPort.xml
2 ms. Memory: 579072K Free: 210689K (36%)
Known Failure: java.lang.reflect.InvocationTargetException
----------------- testing (KnownFailure) /home/travis/build/icyphy/ptII/ptolemy/actor/lib/test/auto/knownFailedTests/sizedarray3.xml
5 ms. Memory: 579072K Free: 191233K (33%)
Known Failure: java.lang.reflect.InvocationTargetException
No auto/linux-amd64/*.xml tests in /home/travis/build/icyphy/ptII/ptolemy/actor/lib/test
AutoTests.java: About to close Vertx.
AutoTests.java: Vertx closed.

===========================================================================================
----------------- testing Fri May 10 04:14:55 UTC 2019 /home/travis/build/icyphy/ptII/ptolemy/actor/lib/test/auto/AbsoluteValue.xml
----------------- Instantiating /home/travis/build/icyphy/ptII/ptolemy/actor/lib/test/auto/AbsoluteValue.xml
5 ms. Memory: 579072K Free: 104062K (18%)
----------------- Invoking toplevel() on ptolemy.moml.MoMLSimpleApplication@7a654033
----------------- Done invoking toplevel() on ptolemy.moml.MoMLSimpleApplication@7a654033
reloadAllAccessors: .AbsoluteValue

===========================================================================================
----------------- testing Fri May 10 04:14:56 UTC 2019 /home/travis/build/icyphy/ptII/ptolemy/actor/lib/test/auto/AbsoluteValue2.xml
----------------- Instantiating /home/travis/build/icyphy/ptII/ptolemy/actor/lib/test/auto/AbsoluteValue2.xml
12 ms. Memory: 579072K Free: 89454K (15%)
----------------- Invoking toplevel() on ptolemy.moml.MoMLSimpleApplication@182965e8
----------------- Done invoking toplevel() on ptolemy.moml.MoMLSimpleApplication@182965e8
reloadAllAccessors: .AbsoluteValue2

===========================================================================================
----------------- testing Fri May 10 04:14:56 UTC 2019 /home/travis/build/icyphy/ptII/ptolemy/actor/lib/test/auto/Accumulator.xml
----------------- Instantiating /home/travis/build/icyphy/ptII/ptolemy/actor/lib/test/auto/Accumulator.xml
9 ms. Memory: 579072K Free: 79726K (14%)
----------------- Invoking toplevel() on ptolemy.moml.MoMLSimpleApplication@162437a1
----------------- Done invoking toplevel() on ptolemy.moml.MoMLSimpleApplication@162437a1
reloadAllAccessors: .Accumulator

===========================================================================================
----------------- testing Fri May 10 04:14:56 UTC 2019 /home/travis/build/icyphy/ptII/ptolemy/actor/lib/test/auto/Accumulator2.xml
----------------- Instantiating /home/travis/build/icyphy/ptII/ptolemy/actor/lib/test/auto/Accumulator2.xml
7 ms. Memory: 579072K Free: 70814K (12%)
----------------- Invoking toplevel() on ptolemy.moml.MoMLSimpleApplication@13978cae
----------------- Done invoking toplevel() on ptolemy.moml.MoMLSimpleApplication@13978cae
reloadAllAccessors: .Accumulator2

===========================================================================================
----------------- testing Fri May 10 04:14:56 UTC 2019 /home/travis/build/icyphy/ptII/ptolemy/actor/lib/test/auto/Accumulator3.xml
----------------- Instantiating /home/travis/build/icyphy/ptII/ptolemy/actor/lib/test/auto/Accumulator3.xml
2 ms. Memory: 581120K Free: 514567K (89%)
----------------- Invoking toplevel() on ptolemy.moml.MoMLSimpleApplication@78e9c47b
----------------- Done invoking toplevel() on ptolemy.moml.MoMLSimpleApplication@78e9c47b
reloadAllAccessors: .Accumulator3

===========================================================================================
----------------- testing Fri May 10 04:14:56 UTC 2019 /home/travis/build/icyphy/ptII/ptolemy/actor/lib/test/auto/ArrayAppend.xml
----------------- Instantiating /home/travis/build/icyphy/ptII/ptolemy/actor/lib/test/auto/ArrayAppend.xml
4 ms. Memory: 581120K Free: 504683K (87%)
----------------- Invoking toplevel() on ptolemy.moml.MoMLSimpleApplication@60052c5a
----------------- Done invoking toplevel() on ptolemy.moml.MoMLSimpleApplication@60052c5a
reloadAllAccessors: .ArrayAppend

===========================================================================================
----------------- testing Fri May 10 04:14:56 UTC 2019 /home/travis/build/icyphy/ptII/ptolemy/actor/lib/test/auto/ArrayAppend2.xml
----------------- Instantiating /home/travis/build/icyphy/ptII/ptolemy/actor/lib/test/auto/ArrayAppend2.xml
710 ms. Memory: 581120K Free: 417131K (72%)
----------------- Invoking toplevel() on ptolemy.moml.MoMLSimpleApplication@6d381f34
----------------- Done invoking toplevel() on ptolemy.moml.MoMLSimpleApplication@6d381f34
reloadAllAccessors: .ArrayAppend2

===========================================================================================
----------------- testing Fri May 10 04:14:57 UTC 2019 /home/travis/build/icyphy/ptII/ptolemy/actor/lib/test/auto/ArrayAppend3.xml
----------------- Instantiating /home/travis/build/icyphy/ptII/ptolemy/actor/lib/test/auto/ArrayAppend3.xml
4 ms. Memory: 581120K Free: 398879K (69%)
----------------- Invoking toplevel() on ptolemy.moml.MoMLSimpleApplication@5ccd9802
----------------- Done invoking toplevel() on ptolemy.moml.MoMLSimpleApplication@5ccd9802
reloadAllAccessors: .ArrayAppend3

===========================================================================================
----------------- testing Fri May 10 04:14:57 UTC 2019 /home/travis/build/icyphy/ptII/ptolemy/actor/lib/test/auto/ArrayAppend4.xml
----------------- Instantiating /home/travis/build/icyphy/ptII/ptolemy/actor/lib/test/auto/ArrayAppend4.xml
2 ms. Memory: 581120K Free: 389151K (67%)
----------------- Invoking toplevel() on ptolemy.moml.MoMLSimpleApplication@a478e27
----------------- Done invoking toplevel() on ptolemy.moml.MoMLSimpleApplication@a478e27
reloadAllAccessors: .ArrayAppend4

===========================================================================================
----------------- testing Fri May 10 04:14:57 UTC 2019 /home/travis/build/icyphy/ptII/ptolemy/actor/lib/test/auto/ArrayAppend5.xml
----------------- Instantiating /home/travis/build/icyphy/ptII/ptolemy/actor/lib/test/auto/ArrayAppend5.xml
6 ms. Memory: 581120K Free: 379423K (65%)
----------------- Invoking toplevel() on ptolemy.moml.MoMLSimpleApplication@59abf214
----------------- Done invoking toplevel() on ptolemy.moml.MoMLSimpleApplication@59abf214
reloadAllAccessors: .ArrayAppend5

===========================================================================================
----------------- testing Fri May 10 04:14:57 UTC 2019 /home/travis/build/icyphy/ptII/ptolemy/actor/lib/test/auto/ArrayAppend6.xml
----------------- Instantiating /home/travis/build/icyphy/ptII/ptolemy/actor/lib/test/auto/ArrayAppend6.xml
5 ms. Memory: 581120K Free: 369695K (64%)
----------------- Invoking toplevel() on ptolemy.moml.MoMLSimpleApplication@1fcdff66
----------------- Done invoking toplevel() on ptolemy.moml.MoMLSimpleApplication@1fcdff66
reloadAllAccessors: .ArrayAppend6

===========================================================================================
----------------- testing Fri May 10 04:14:57 UTC 2019 /home/travis/build/icyphy/ptII/ptolemy/actor/lib/test/auto/ArrayAppendPerformanceTest.xml
----------------- Instantiating /home/travis/build/icyphy/ptII/ptolemy/actor/lib/test/auto/ArrayAppendPerformanceTest.xml
15 ms. Memory: 581120K Free: 346563K (60%)
----------------- Invoking toplevel() on ptolemy.moml.MoMLSimpleApplication@15ef2ba2
----------------- Done invoking toplevel() on ptolemy.moml.MoMLSimpleApplication@15ef2ba2
reloadAllAccessors: .ArrayAppendPerformanceTest

===========================================================================================
----------------- testing Fri May 10 04:14:57 UTC 2019 /home/travis/build/icyphy/ptII/ptolemy/actor/lib/test/auto/ArrayAppendWithEmptyInput.xml
----------------- Instantiating /home/travis/build/icyphy/ptII/ptolemy/actor/lib/test/auto/ArrayAppendWithEmptyInput.xml
12 ms. Memory: 581120K Free: 331963K (57%)
----------------- Invoking toplevel() on ptolemy.moml.MoMLSimpleApplication@8f57117
----------------- Done invoking toplevel() on ptolemy.moml.MoMLSimpleApplication@8f57117
reloadAllAccessors: .ArrayAppendWithEmptyInput

===========================================================================================
----------------- testing Fri May 10 04:14:57 UTC 2019 /home/travis/build/icyphy/ptII/ptolemy/actor/lib/test/auto/ArrayAverage.xml
----------------- Instantiating /home/travis/build/icyphy/ptII/ptolemy/actor/lib/test/auto/ArrayAverage.xml
12 ms. Memory: 581120K Free: 317355K (55%)
----------------- Invoking toplevel() on ptolemy.moml.MoMLSimpleApplication@1ad138bf
----------------- Done invoking toplevel() on ptolemy.moml.MoMLSimpleApplication@1ad138bf
reloadAllAccessors: .ArrayAverage

===========================================================================================
----------------- testing Fri May 10 04:14:57 UTC 2019 /home/travis/build/icyphy/ptII/ptolemy/actor/lib/test/auto/ArrayContains.xml
----------------- Instantiating /home/travis/build/icyphy/ptII/ptolemy/actor/lib/test/auto/ArrayContains.xml
10 ms. Memory: 581120K Free: 307627K (53%)
----------------- Invoking toplevel() on ptolemy.moml.MoMLSimpleApplication@1f1b9799
----------------- Done invoking toplevel() on ptolemy.moml.MoMLSimpleApplication@1f1b9799
reloadAllAccessors: .ArrayContains

===========================================================================================
----------------- testing Fri May 10 04:14:57 UTC 2019 /home/travis/build/icyphy/ptII/ptolemy/actor/lib/test/auto/ArrayElement.xml
----------------- Instantiating /home/travis/build/icyphy/ptII/ptolemy/actor/lib/test/auto/ArrayElement.xml
3 ms. Memory: 581120K Free: 289376K (50%)
----------------- Invoking toplevel() on ptolemy.moml.MoMLSimpleApplication@2501d0f0
----------------- Done invoking toplevel() on ptolemy.moml.MoMLSimpleApplication@2501d0f0
reloadAllAccessors: .ArrayElement

===========================================================================================
----------------- testing Fri May 10 04:14:57 UTC 2019 /home/travis/build/icyphy/ptII/ptolemy/actor/lib/test/auto/ArrayElementAsMatrix.xml
----------------- Instantiating /home/travis/build/icyphy/ptII/ptolemy/actor/lib/test/auto/ArrayElementAsMatrix.xml
19 ms. Memory: 581120K Free: 274783K (47%)
----------------- Invoking toplevel() on ptolemy.moml.MoMLSimpleApplication@64317831
----------------- Done invoking toplevel() on ptolemy.moml.MoMLSimpleApplication@64317831
reloadAllAccessors: .ArrayElementAsMatrix

===========================================================================================
----------------- testing Fri May 10 04:14:57 UTC 2019 /home/travis/build/icyphy/ptII/ptolemy/actor/lib/test/auto/ArrayElementI.xml
----------------- Instantiating /home/travis/build/icyphy/ptII/ptolemy/actor/lib/test/auto/ArrayElementI.xml
3 ms. Memory: 581120K Free: 265055K (46%)
----------------- Invoking toplevel() on ptolemy.moml.MoMLSimpleApplication@4cbc3f6f
----------------- Done invoking toplevel() on ptolemy.moml.MoMLSimpleApplication@4cbc3f6f
reloadAllAccessors: .ArrayElementI

===========================================================================================
----------------- testing Fri May 10 04:14:57 UTC 2019 /home/travis/build/icyphy/ptII/ptolemy/actor/lib/test/auto/ArrayExtract.xml
----------------- Instantiating /home/travis/build/icyphy/ptII/ptolemy/actor/lib/test/auto/ArrayExtract.xml
9 ms. Memory: 581120K Free: 255327K (44%)
----------------- Invoking toplevel() on ptolemy.moml.MoMLSimpleApplication@204514b3
----------------- Done invoking toplevel() on ptolemy.moml.MoMLSimpleApplication@204514b3
reloadAllAccessors: .ArrayExtract

===========================================================================================
----------------- testing Fri May 10 04:14:57 UTC 2019 /home/travis/build/icyphy/ptII/ptolemy/actor/lib/test/auto/ArrayExtract2.xml
----------------- Instantiating /home/travis/build/icyphy/ptII/ptolemy/actor/lib/test/auto/ArrayExtract2.xml
2 ms. Memory: 581120K Free: 237076K (41%)
----------------- Invoking toplevel() on ptolemy.moml.MoMLSimpleApplication@55b6ed65
----------------- Done invoking toplevel() on ptolemy.moml.MoMLSimpleApplication@55b6ed65
reloadAllAccessors: .ArrayExtract2

===========================================================================================
----------------- testing Fri May 10 04:14:57 UTC 2019 /home/travis/build/icyphy/ptII/ptolemy/actor/lib/test/auto/ArrayLength.xml
----------------- Instantiating /home/travis/build/icyphy/ptII/ptolemy/actor/lib/test/auto/ArrayLength.xml
2 ms. Memory: 581120K Free: 227348K (39%)
----------------- Invoking toplevel() on ptolemy.moml.MoMLSimpleApplication@4c668e24
----------------- Done invoking toplevel() on ptolemy.moml.MoMLSimpleApplication@4c668e24
reloadAllAccessors: .ArrayLength

===========================================================================================
----------------- testing Fri May 10 04:14:57 UTC 2019 /home/travis/build/icyphy/ptII/ptolemy/actor/lib/test/auto/ArrayLevelCrossing.xml
----------------- Instantiating /home/travis/build/icyphy/ptII/ptolemy/actor/lib/test/auto/ArrayLevelCrossing.xml
4 ms. Memory: 581120K Free: 212740K (37%)
----------------- Invoking toplevel() on ptolemy.moml.MoMLSimpleApplication@1f4973ad
----------------- Done invoking toplevel() on ptolemy.moml.MoMLSimpleApplication@1f4973ad
reloadAllAccessors: .ArrayLevelCrossing

===========================================================================================
----------------- testing Fri May 10 04:14:57 UTC 2019 /home/travis/build/icyphy/ptII/ptolemy/actor/lib/test/auto/ArrayLevelCrossing2.xml
----------------- Instantiating /home/travis/build/icyphy/ptII/ptolemy/actor/lib/test/auto/ArrayLevelCrossing2.xml
9 ms. Memory: 581120K Free: 203012K (35%)
----------------- Invoking toplevel() on ptolemy.moml.MoMLSimpleApplication@8ba0c85
----------------- Done invoking toplevel() on ptolemy.moml.MoMLSimpleApplication@8ba0c85
reloadAllAccessors: .ArrayLevelCrossing2

===========================================================================================
----------------- testing Fri May 10 04:14:57 UTC 2019 /home/travis/build/icyphy/ptII/ptolemy/actor/lib/test/auto/ArrayPeakSearch.xml
----------------- Instantiating /home/travis/build/icyphy/ptII/ptolemy/actor/lib/test/auto/ArrayPeakSearch.xml
9 ms. Memory: 581120K Free: 179896K (31%)
----------------- Invoking toplevel() on ptolemy.moml.MoMLSimpleApplication@2237e07c
----------------- Done invoking toplevel() on ptolemy.moml.MoMLSimpleApplication@2237e07c
reloadAllAccessors: .ArrayPeakSearch

===========================================================================================
----------------- testing Fri May 10 04:14:57 UTC 2019 /home/travis/build/icyphy/ptII/ptolemy/actor/lib/test/auto/ArrayPeakSearch2.xml
----------------- Instantiating /home/travis/build/icyphy/ptII/ptolemy/actor/lib/test/auto/ArrayPeakSearch2.xml
15 ms. Memory: 581120K Free: 165288K (28%)
----------------- Invoking toplevel() on ptolemy.moml.MoMLSimpleApplication@29a1cf7a
----------------- Done invoking toplevel() on ptolemy.moml.MoMLSimpleApplication@29a1cf7a
reloadAllAccessors: .ArrayPeakSearch2

===========================================================================================
----------------- testing Fri May 10 04:14:57 UTC 2019 /home/travis/build/icyphy/ptII/ptolemy/actor/lib/test/auto/ArrayPeakSearch3.xml
----------------- Instantiating /home/travis/build/icyphy/ptII/ptolemy/actor/lib/test/auto/ArrayPeakSearch3.xml
6 ms. Memory: 581120K Free: 150680K (26%)
----------------- Invoking toplevel() on ptolemy.moml.MoMLSimpleApplication@1931922d
----------------- Done invoking toplevel() on ptolemy.moml.MoMLSimpleApplication@1931922d
reloadAllAccessors: .ArrayPeakSearch3

===========================================================================================
----------------- testing Fri May 10 04:14:57 UTC 2019 /home/travis/build/icyphy/ptII/ptolemy/actor/lib/test/auto/ArrayRemoveElement.xml
----------------- Instantiating /home/travis/build/icyphy/ptII/ptolemy/actor/lib/test/auto/ArrayRemoveElement.xml
8 ms. Memory: 581120K Free: 136088K (23%)
----------------- Invoking toplevel() on ptolemy.moml.MoMLSimpleApplication@db146a1
----------------- Done invoking toplevel() on ptolemy.moml.MoMLSimpleApplication@db146a1
reloadAllAccessors: .ArrayRemoveElement

===========================================================================================
----------------- testing Fri May 10 04:14:58 UTC 2019 /home/travis/build/icyphy/ptII/ptolemy/actor/lib/test/auto/ArraySort.xml
----------------- Instantiating /home/travis/build/icyphy/ptII/ptolemy/actor/lib/test/auto/ArraySort.xml
4 ms. Memory: 581120K Free: 112964K (19%)
----------------- Invoking toplevel() on ptolemy.moml.MoMLSimpleApplication@22abf69b
----------------- Done invoking toplevel() on ptolemy.moml.MoMLSimpleApplication@22abf69b
reloadAllAccessors: .ArraySort

===========================================================================================
----------------- testing Fri May 10 04:14:58 UTC 2019 /home/travis/build/icyphy/ptII/ptolemy/actor/lib/test/auto/ArraySum.xml
----------------- Instantiating /home/travis/build/icyphy/ptII/ptolemy/actor/lib/test/auto/ArraySum.xml
3 ms. Memory: 581120K Free: 103236K (18%)
----------------- Invoking toplevel() on ptolemy.moml.MoMLSimpleApplication@566275b2
----------------- Done invoking toplevel() on ptolemy.moml.MoMLSimpleApplication@566275b2
reloadAllAccessors: .ArraySum

===========================================================================================
----------------- testing Fri May 10 04:14:58 UTC 2019 /home/travis/build/icyphy/ptII/ptolemy/actor/lib/test/auto/ArrayToElements.xml
----------------- Instantiating /home/travis/build/icyphy/ptII/ptolemy/actor/lib/test/auto/ArrayToElements.xml
6 ms. Memory: 581120K Free: 93508K (16%)
----------------- Invoking toplevel() on ptolemy.moml.MoMLSimpleApplication@365e6add
----------------- Done invoking toplevel() on ptolemy.moml.MoMLSimpleApplication@365e6add
reloadAllAccessors: .ArrayToElements

===========================================================================================
----------------- testing Fri May 10 04:14:58 UTC 2019 /home/travis/build/icyphy/ptII/ptolemy/actor/lib/test/auto/ArrayToMatrix.xml
----------------- Instantiating /home/travis/build/icyphy/ptII/ptolemy/actor/lib/test/auto/ArrayToMatrix.xml
8 ms. Memory: 581120K Free: 74020K (13%)
----------------- Invoking toplevel() on ptolemy.moml.MoMLSimpleApplication@af7eac1
----------------- Done invoking toplevel() on ptolemy.moml.MoMLSimpleApplication@af7eac1
reloadAllAccessors: .ArrayToMatrix

===========================================================================================
----------------- testing Fri May 10 04:14:58 UTC 2019 /home/travis/build/icyphy/ptII/ptolemy/actor/lib/test/auto/ArrayUpdate1.xml
----------------- Instantiating /home/travis/build/icyphy/ptII/ptolemy/actor/lib/test/auto/ArrayUpdate1.xml
2 ms. Memory: 581120K Free: 56147K (10%)
----------------- Invoking toplevel() on ptolemy.moml.MoMLSimpleApplication@34359932
----------------- Done invoking toplevel() on ptolemy.moml.MoMLSimpleApplication@34359932
reloadAllAccessors: .ArrayUpdate1

===========================================================================================
----------------- testing Fri May 10 04:14:58 UTC 2019 /home/travis/build/icyphy/ptII/ptolemy/actor/lib/test/auto/ArrayUpdate2.xml
----------------- Instantiating /home/travis/build/icyphy/ptII/ptolemy/actor/lib/test/auto/ArrayUpdate2.xml
6 ms. Memory: 879616K Free: 826932K (94%)
----------------- Invoking toplevel() on ptolemy.moml.MoMLSimpleApplication@350a0d8c
----------------- Done invoking toplevel() on ptolemy.moml.MoMLSimpleApplication@350a0d8c
reloadAllAccessors: .ArrayUpdate2

===========================================================================================
----------------- testing Fri May 10 04:14:58 UTC 2019 /home/travis/build/icyphy/ptII/ptolemy/actor/lib/test/auto/ArrayUpdate3.xml
----------------- Instantiating /home/travis/build/icyphy/ptII/ptolemy/actor/lib/test/auto/ArrayUpdate3.xml
10 ms. Memory: 879616K Free: 807023K (92%)
----------------- Invoking toplevel() on ptolemy.moml.MoMLSimpleApplication@66ee37b0
----------------- Done invoking toplevel() on ptolemy.moml.MoMLSimpleApplication@66ee37b0
reloadAllAccessors: .ArrayUpdate3

===========================================================================================
----------------- testing Fri May 10 04:14:58 UTC 2019 /home/travis/build/icyphy/ptII/ptolemy/actor/lib/test/auto/Assert1.xml
----------------- Instantiating /home/travis/build/icyphy/ptII/ptolemy/actor/lib/test/auto/Assert1.xml
4 ms. Memory: 879616K Free: 796647K (91%)
----------------- Invoking toplevel() on ptolemy.moml.MoMLSimpleApplication@71fecf6e
----------------- Done invoking toplevel() on ptolemy.moml.MoMLSimpleApplication@71fecf6e
reloadAllAccessors: .Assert1

===========================================================================================
----------------- testing Fri May 10 04:14:58 UTC 2019 /home/travis/build/icyphy/ptII/ptolemy/actor/lib/test/auto/Assert2.xml
----------------- Instantiating /home/travis/build/icyphy/ptII/ptolemy/actor/lib/test/auto/Assert2.xml
7 ms. Memory: 879616K Free: 786270K (89%)
----------------- Invoking toplevel() on ptolemy.moml.MoMLSimpleApplication@16813a1a
----------------- Done invoking toplevel() on ptolemy.moml.MoMLSimpleApplication@16813a1a
reloadAllAccessors: .Assert2

===========================================================================================
----------------- testing Fri May 10 04:14:58 UTC 2019 /home/travis/build/icyphy/ptII/ptolemy/actor/lib/test/auto/BooleanMultiplexor.xml
----------------- Instantiating /home/travis/build/icyphy/ptII/ptolemy/actor/lib/test/auto/BooleanMultiplexor.xml
2 ms. Memory: 879616K Free: 775893K (88%)
----------------- Invoking toplevel() on ptolemy.moml.MoMLSimpleApplication@2babf319
----------------- Done invoking toplevel() on ptolemy.moml.MoMLSimpleApplication@2babf319
reloadAllAccessors: .BooleanMultiplexor

===========================================================================================
----------------- testing Fri May 10 04:14:58 UTC 2019 /home/travis/build/icyphy/ptII/ptolemy/actor/lib/test/auto/BooleanMultiplexor2.xml
----------------- Instantiating /home/travis/build/icyphy/ptII/ptolemy/actor/lib/test/auto/BooleanMultiplexor2.xml
12 ms. Memory: 879616K Free: 755984K (86%)
----------------- Invoking toplevel() on ptolemy.moml.MoMLSimpleApplication@3202a58
----------------- Done invoking toplevel() on ptolemy.moml.MoMLSimpleApplication@3202a58
reloadAllAccessors: .BooleanMultiplexor2

===========================================================================================
----------------- testing Fri May 10 04:14:58 UTC 2019 /home/travis/build/icyphy/ptII/ptolemy/actor/lib/test/auto/BooleanMultiplexor3.xml
----------------- Instantiating /home/travis/build/icyphy/ptII/ptolemy/actor/lib/test/auto/BooleanMultiplexor3.xml
7 ms. Memory: 879616K Free: 745608K (85%)
----------------- Invoking toplevel() on ptolemy.moml.MoMLSimpleApplication@69f8d22
----------------- Done invoking toplevel() on ptolemy.moml.MoMLSimpleApplication@69f8d22
reloadAllAccessors: .BooleanMultiplexor3

===========================================================================================
----------------- testing Fri May 10 04:14:58 UTC 2019 /home/travis/build/icyphy/ptII/ptolemy/actor/lib/test/auto/BooleanSelect.xml
----------------- Instantiating /home/travis/build/icyphy/ptII/ptolemy/actor/lib/test/auto/BooleanSelect.xml
7 ms. Memory: 879616K Free: 735231K (84%)
----------------- Invoking toplevel() on ptolemy.moml.MoMLSimpleApplication@3b73e43a
----------------- Done invoking toplevel() on ptolemy.moml.MoMLSimpleApplication@3b73e43a
reloadAllAccessors: .BooleanSelect

===========================================================================================
----------------- testing Fri May 10 04:14:58 UTC 2019 /home/travis/build/icyphy/ptII/ptolemy/actor/lib/test/auto/BooleanSelect2.xml
----------------- Instantiating /home/travis/build/icyphy/ptII/ptolemy/actor/lib/test/auto/BooleanSelect2.xml
1 ms. Memory: 879616K Free: 724854K (82%)
----------------- Invoking toplevel() on ptolemy.moml.MoMLSimpleApplication@6fde3b64
----------------- Done invoking toplevel() on ptolemy.moml.MoMLSimpleApplication@6fde3b64
reloadAllAccessors: .BooleanSelect2

===========================================================================================
----------------- testing Fri May 10 04:14:58 UTC 2019 /home/travis/build/icyphy/ptII/ptolemy/actor/lib/test/auto/BooleanSwitch.xml
----------------- Instantiating /home/travis/build/icyphy/ptII/ptolemy/actor/lib/test/auto/BooleanSwitch.xml
5 ms. Memory: 879616K Free: 704945K (80%)
----------------- Invoking toplevel() on ptolemy.moml.MoMLSimpleApplication@3cbc1410
----------------- Done invoking toplevel() on ptolemy.moml.MoMLSimpleApplication@3cbc1410
reloadAllAccessors: .BooleanSwitch

===========================================================================================
----------------- testing Fri May 10 04:14:58 UTC 2019 /home/travis/build/icyphy/ptII/ptolemy/actor/lib/test/auto/BooleanSwitch2.xml
----------------- Instantiating /home/travis/build/icyphy/ptII/ptolemy/actor/lib/test/auto/BooleanSwitch2.xml
2 ms. Memory: 879616K Free: 694568K (79%)
----------------- Invoking toplevel() on ptolemy.moml.MoMLSimpleApplication@21391e72
----------------- Done invoking toplevel() on ptolemy.moml.MoMLSimpleApplication@21391e72
reloadAllAccessors: .BooleanSwitch2

===========================================================================================
----------------- testing Fri May 10 04:14:58 UTC 2019 /home/travis/build/icyphy/ptII/ptolemy/actor/lib/test/auto/BooleanSwitchCloningBugWithClassRelationGroup.xml
----------------- Instantiating /home/travis/build/icyphy/ptII/ptolemy/actor/lib/test/auto/BooleanSwitchCloningBugWithClassRelationGroup.xml
3 ms. Memory: 879616K Free: 684192K (78%)
----------------- Invoking toplevel() on ptolemy.moml.MoMLSimpleApplication@67cdc76f
----------------- Done invoking toplevel() on ptolemy.moml.MoMLSimpleApplication@67cdc76f
reloadAllAccessors: .BooleanSwitchCloningBugWithClassRelationGroup

===========================================================================================
----------------- testing Fri May 10 04:14:58 UTC 2019 /home/travis/build/icyphy/ptII/ptolemy/actor/lib/test/auto/BusActors.xml
----------------- Instantiating /home/travis/build/icyphy/ptII/ptolemy/actor/lib/test/auto/BusActors.xml
4 ms. Memory: 879616K Free: 668627K (76%)
----------------- Invoking toplevel() on ptolemy.moml.MoMLSimpleApplication@1ba558c6
----------------- Done invoking toplevel() on ptolemy.moml.MoMLSimpleApplication@1ba558c6
reloadAllAccessors: .BusActors

===========================================================================================
----------------- testing Fri May 10 04:14:58 UTC 2019 /home/travis/build/icyphy/ptII/ptolemy/actor/lib/test/auto/ClassWrapper.xml
----------------- Instantiating /home/travis/build/icyphy/ptII/ptolemy/actor/lib/test/auto/ClassWrapper.xml
2 ms. Memory: 879616K Free: 648717K (74%)
----------------- Invoking toplevel() on ptolemy.moml.MoMLSimpleApplication@6bfb2327
----------------- Done invoking toplevel() on ptolemy.moml.MoMLSimpleApplication@6bfb2327
reloadAllAccessors: .ClassWrapper

===========================================================================================
----------------- testing Fri May 10 04:14:58 UTC 2019 /home/travis/build/icyphy/ptII/ptolemy/actor/lib/test/auto/Clock.xml
----------------- Instantiating /home/travis/build/icyphy/ptII/ptolemy/actor/lib/test/auto/Clock.xml
1 ms. Memory: 879616K Free: 638341K (73%)
----------------- Invoking toplevel() on ptolemy.moml.MoMLSimpleApplication@6766e426
----------------- Done invoking toplevel() on ptolemy.moml.MoMLSimpleApplication@6766e426
reloadAllAccessors: .Clock

===========================================================================================
----------------- testing Fri May 10 04:14:58 UTC 2019 /home/travis/build/icyphy/ptII/ptolemy/actor/lib/test/auto/Clock10.xml
----------------- Instantiating /home/travis/build/icyphy/ptII/ptolemy/actor/lib/test/auto/Clock10.xml
5 ms. Memory: 879616K Free: 627964K (71%)
----------------- Invoking toplevel() on ptolemy.moml.MoMLSimpleApplication@f373ce3
----------------- Done invoking toplevel() on ptolemy.moml.MoMLSimpleApplication@f373ce3
reloadAllAccessors: .Clock10

===========================================================================================
----------------- testing Fri May 10 04:14:58 UTC 2019 /home/travis/build/icyphy/ptII/ptolemy/actor/lib/test/auto/Clock11.xml
----------------- Instantiating /home/travis/build/icyphy/ptII/ptolemy/actor/lib/test/auto/Clock11.xml
5 ms. Memory: 879616K Free: 617588K (70%)
----------------- Invoking toplevel() on ptolemy.moml.MoMLSimpleApplication@5c96c572
----------------- Done invoking toplevel() on ptolemy.moml.MoMLSimpleApplication@5c96c572
reloadAllAccessors: .Clock11

===========================================================================================
----------------- testing Fri May 10 04:14:58 UTC 2019 /home/travis/build/icyphy/ptII/ptolemy/actor/lib/test/auto/Clock12.xml
----------------- Instantiating /home/travis/build/icyphy/ptII/ptolemy/actor/lib/test/auto/Clock12.xml
4 ms. Memory: 879616K Free: 607211K (69%)
----------------- Invoking toplevel() on ptolemy.moml.MoMLSimpleApplication@4abcdfe2
----------------- Done invoking toplevel() on ptolemy.moml.MoMLSimpleApplication@4abcdfe2
reloadAllAccessors: .Clock12

===========================================================================================
----------------- testing Fri May 10 04:14:58 UTC 2019 /home/travis/build/icyphy/ptII/ptolemy/actor/lib/test/auto/Clock13.xml
----------------- Instantiating /home/travis/build/icyphy/ptII/ptolemy/actor/lib/test/auto/Clock13.xml
2 ms. Memory: 879616K Free: 587302K (67%)
----------------- Invoking toplevel() on ptolemy.moml.MoMLSimpleApplication@7ea4a66c
----------------- Done invoking toplevel() on ptolemy.moml.MoMLSimpleApplication@7ea4a66c
reloadAllAccessors: .Clock13

===========================================================================================
----------------- testing Fri May 10 04:14:58 UTC 2019 /home/travis/build/icyphy/ptII/ptolemy/actor/lib/test/auto/Clock14.xml
----------------- Instantiating /home/travis/build/icyphy/ptII/ptolemy/actor/lib/test/auto/Clock14.xml
3 ms. Memory: 879616K Free: 576925K (66%)
----------------- Invoking toplevel() on ptolemy.moml.MoMLSimpleApplication@557e1afb
----------------- Done invoking toplevel() on ptolemy.moml.MoMLSimpleApplication@557e1afb
reloadAllAccessors: .Clock14

===========================================================================================
----------------- testing Fri May 10 04:14:58 UTC 2019 /home/travis/build/icyphy/ptII/ptolemy/actor/lib/test/auto/Clock15.xml
----------------- Instantiating /home/travis/build/icyphy/ptII/ptolemy/actor/lib/test/auto/Clock15.xml
7 ms. Memory: 879616K Free: 566549K (64%)
----------------- Invoking toplevel() on ptolemy.moml.MoMLSimpleApplication@30b1a20b
----------------- Done invoking toplevel() on ptolemy.moml.MoMLSimpleApplication@30b1a20b
reloadAllAccessors: .Clock15

===========================================================================================
----------------- testing Fri May 10 04:14:58 UTC 2019 /home/travis/build/icyphy/ptII/ptolemy/actor/lib/test/auto/Clock16.xml
----------------- Instantiating /home/travis/build/icyphy/ptII/ptolemy/actor/lib/test/auto/Clock16.xml
27 ms. Memory: 879616K Free: 550968K (63%)
----------------- Invoking toplevel() on ptolemy.moml.MoMLSimpleApplication@293211e4
----------------- Done invoking toplevel() on ptolemy.moml.MoMLSimpleApplication@293211e4
reloadAllAccessors: .Clock16

===========================================================================================
----------------- testing Fri May 10 04:14:58 UTC 2019 /home/travis/build/icyphy/ptII/ptolemy/actor/lib/test/auto/Clock17.xml
----------------- Instantiating /home/travis/build/icyphy/ptII/ptolemy/actor/lib/test/auto/Clock17.xml
25 ms. Memory: 879616K Free: 525854K (60%)
----------------- Invoking toplevel() on ptolemy.moml.MoMLSimpleApplication@5e03acb
----------------- Done invoking toplevel() on ptolemy.moml.MoMLSimpleApplication@5e03acb
reloadAllAccessors: .Clock17

===========================================================================================
----------------- testing Fri May 10 04:14:59 UTC 2019 /home/travis/build/icyphy/ptII/ptolemy/actor/lib/test/auto/Clock18.xml
----------------- Instantiating /home/travis/build/icyphy/ptII/ptolemy/actor/lib/test/auto/Clock18.xml
26 ms. Memory: 879616K Free: 510273K (58%)
----------------- Invoking toplevel() on ptolemy.moml.MoMLSimpleApplication@2724dc2a
----------------- Done invoking toplevel() on ptolemy.moml.MoMLSimpleApplication@2724dc2a
reloadAllAccessors: .Clock18

===========================================================================================
----------------- testing Fri May 10 04:14:59 UTC 2019 /home/travis/build/icyphy/ptII/ptolemy/actor/lib/test/auto/Clock19.xml
----------------- Instantiating /home/travis/build/icyphy/ptII/ptolemy/actor/lib/test/auto/Clock19.xml
15 ms. Memory: 879616K Free: 494708K (56%)
----------------- Invoking toplevel() on ptolemy.moml.MoMLSimpleApplication@270926c1
----------------- Done invoking toplevel() on ptolemy.moml.MoMLSimpleApplication@270926c1
reloadAllAccessors: .Clock19

===========================================================================================
----------------- testing Fri May 10 04:14:59 UTC 2019 /home/travis/build/icyphy/ptII/ptolemy/actor/lib/test/auto/Clock2.xml
----------------- Instantiating /home/travis/build/icyphy/ptII/ptolemy/actor/lib/test/auto/Clock2.xml
10 ms. Memory: 879616K Free: 484332K (55%)
----------------- Invoking toplevel() on ptolemy.moml.MoMLSimpleApplication@3d8f7d66
----------------- Done invoking toplevel() on ptolemy.moml.MoMLSimpleApplication@3d8f7d66
reloadAllAccessors: .Clock2

===========================================================================================
----------------- testing Fri May 10 04:14:59 UTC 2019 /home/travis/build/icyphy/ptII/ptolemy/actor/lib/test/auto/Clock20.xml
----------------- Instantiating /home/travis/build/icyphy/ptII/ptolemy/actor/lib/test/auto/Clock20.xml
7 ms. Memory: 879616K Free: 464422K (53%)
----------------- Invoking toplevel() on ptolemy.moml.MoMLSimpleApplication@1fa044b2
----------------- Done invoking toplevel() on ptolemy.moml.MoMLSimpleApplication@1fa044b2
reloadAllAccessors: .Clock20

===========================================================================================
----------------- testing Fri May 10 04:14:59 UTC 2019 /home/travis/build/icyphy/ptII/ptolemy/actor/lib/test/auto/Clock21.xml
----------------- Instantiating /home/travis/build/icyphy/ptII/ptolemy/actor/lib/test/auto/Clock21.xml
2 ms. Memory: 879616K Free: 454046K (52%)
----------------- Invoking toplevel() on ptolemy.moml.MoMLSimpleApplication@4094bce9
----------------- Done invoking toplevel() on ptolemy.moml.MoMLSimpleApplication@4094bce9
reloadAllAccessors: .Clock21

===========================================================================================
----------------- testing Fri May 10 04:14:59 UTC 2019 /home/travis/build/icyphy/ptII/ptolemy/actor/lib/test/auto/Clock22.xml
----------------- Instantiating /home/travis/build/icyphy/ptII/ptolemy/actor/lib/test/auto/Clock22.xml
2 ms. Memory: 879616K Free: 443669K (50%)
----------------- Invoking toplevel() on ptolemy.moml.MoMLSimpleApplication@d6232a3
----------------- Done invoking toplevel() on ptolemy.moml.MoMLSimpleApplication@d6232a3
reloadAllAccessors: .Clock22

===========================================================================================
----------------- testing Fri May 10 04:14:59 UTC 2019 /home/travis/build/icyphy/ptII/ptolemy/actor/lib/test/auto/Clock23.xml
----------------- Instantiating /home/travis/build/icyphy/ptII/ptolemy/actor/lib/test/auto/Clock23.xml
2 ms. Memory: 879616K Free: 433293K (49%)
----------------- Invoking toplevel() on ptolemy.moml.MoMLSimpleApplication@5bcd1ec2
----------------- Done invoking toplevel() on ptolemy.moml.MoMLSimpleApplication@5bcd1ec2
reloadAllAccessors: .Clock23

===========================================================================================
----------------- testing Fri May 10 04:14:59 UTC 2019 /home/travis/build/icyphy/ptII/ptolemy/actor/lib/test/auto/Clock24.xml
----------------- Instantiating /home/travis/build/icyphy/ptII/ptolemy/actor/lib/test/auto/Clock24.xml
3 ms. Memory: 879616K Free: 413383K (47%)
----------------- Invoking toplevel() on ptolemy.moml.MoMLSimpleApplication@3395f715
----------------- Done invoking toplevel() on ptolemy.moml.MoMLSimpleApplication@3395f715
reloadAllAccessors: .Clock24

===========================================================================================
----------------- testing Fri May 10 04:14:59 UTC 2019 /home/travis/build/icyphy/ptII/ptolemy/actor/lib/test/auto/Clock4.xml
----------------- Instantiating /home/travis/build/icyphy/ptII/ptolemy/actor/lib/test/auto/Clock4.xml
2 ms. Memory: 879616K Free: 403007K (46%)
----------------- Invoking toplevel() on ptolemy.moml.MoMLSimpleApplication@155639ca
----------------- Done invoking toplevel() on ptolemy.moml.MoMLSimpleApplication@155639ca
reloadAllAccessors: .Clock4

===========================================================================================
----------------- testing Fri May 10 04:14:59 UTC 2019 /home/travis/build/icyphy/ptII/ptolemy/actor/lib/test/auto/Clock5.xml
----------------- Instantiating /home/travis/build/icyphy/ptII/ptolemy/actor/lib/test/auto/Clock5.xml
2 ms. Memory: 879616K Free: 392630K (45%)
----------------- Invoking toplevel() on ptolemy.moml.MoMLSimpleApplication@2b309640
----------------- Done invoking toplevel() on ptolemy.moml.MoMLSimpleApplication@2b309640
reloadAllAccessors: .Clock5

===========================================================================================
----------------- testing Fri May 10 04:14:59 UTC 2019 /home/travis/build/icyphy/ptII/ptolemy/actor/lib/test/auto/Clock6.xml
----------------- Instantiating /home/travis/build/icyphy/ptII/ptolemy/actor/lib/test/auto/Clock6.xml
1 ms. Memory: 879616K Free: 382253K (43%)
----------------- Invoking toplevel() on ptolemy.moml.MoMLSimpleApplication@75ae8e5
----------------- Done invoking toplevel() on ptolemy.moml.MoMLSimpleApplication@75ae8e5
reloadAllAccessors: .Clock6

===========================================================================================
----------------- testing Fri May 10 04:14:59 UTC 2019 /home/travis/build/icyphy/ptII/ptolemy/actor/lib/test/auto/Clock7.xml
----------------- Instantiating /home/travis/build/icyphy/ptII/ptolemy/actor/lib/test/auto/Clock7.xml
2 ms. Memory: 879616K Free: 371877K (42%)
----------------- Invoking toplevel() on ptolemy.moml.MoMLSimpleApplication@7a7b02d
----------------- Done invoking toplevel() on ptolemy.moml.MoMLSimpleApplication@7a7b02d
reloadAllAccessors: .Clock7

===========================================================================================
----------------- testing Fri May 10 04:14:59 UTC 2019 /home/travis/build/icyphy/ptII/ptolemy/actor/lib/test/auto/Clock8.xml
----------------- Instantiating /home/travis/build/icyphy/ptII/ptolemy/actor/lib/test/auto/Clock8.xml
1 ms. Memory: 879616K Free: 351967K (40%)
----------------- Invoking toplevel() on ptolemy.moml.MoMLSimpleApplication@455b4b12
----------------- Done invoking toplevel() on ptolemy.moml.MoMLSimpleApplication@455b4b12
reloadAllAccessors: .Clock8

===========================================================================================
----------------- testing Fri May 10 04:14:59 UTC 2019 /home/travis/build/icyphy/ptII/ptolemy/actor/lib/test/auto/Clock9.xml
----------------- Instantiating /home/travis/build/icyphy/ptII/ptolemy/actor/lib/test/auto/Clock9.xml
2 ms. Memory: 879616K Free: 341591K (39%)
----------------- Invoking toplevel() on ptolemy.moml.MoMLSimpleApplication@50b28ff9
----------------- Done invoking toplevel() on ptolemy.moml.MoMLSimpleApplication@50b28ff9
reloadAllAccessors: .Clock9

===========================================================================================
----------------- testing Fri May 10 04:14:59 UTC 2019 /home/travis/build/icyphy/ptII/ptolemy/actor/lib/test/auto/CommDistDiscard.xml
----------------- Instantiating /home/travis/build/icyphy/ptII/ptolemy/actor/lib/test/auto/CommDistDiscard.xml
3 ms. Memory: 879616K Free: 331214K (38%)
----------------- Invoking toplevel() on ptolemy.moml.MoMLSimpleApplication@62b528da
----------------- Done invoking toplevel() on ptolemy.moml.MoMLSimpleApplication@62b528da
reloadAllAccessors: .CommDistDiscard

===========================================================================================
----------------- testing Fri May 10 04:14:59 UTC 2019 /home/travis/build/icyphy/ptII/ptolemy/actor/lib/test/auto/Commutator.xml
----------------- Instantiating /home/travis/build/icyphy/ptII/ptolemy/actor/lib/test/auto/Commutator.xml
2 ms. Memory: 879616K Free: 320838K (36%)
----------------- Invoking toplevel() on ptolemy.moml.MoMLSimpleApplication@e89716e
----------------- Done invoking toplevel() on ptolemy.moml.MoMLSimpleApplication@e89716e
reloadAllAccessors: .Commutator

===========================================================================================
----------------- testing Fri May 10 04:14:59 UTC 2019 /home/travis/build/icyphy/ptII/ptolemy/actor/lib/test/auto/Commutator2.xml
----------------- Instantiating /home/travis/build/icyphy/ptII/ptolemy/actor/lib/test/auto/Commutator2.xml
1 ms. Memory: 879616K Free: 300928K (34%)
----------------- Invoking toplevel() on ptolemy.moml.MoMLSimpleApplication@11624696
----------------- Done invoking toplevel() on ptolemy.moml.MoMLSimpleApplication@11624696
reloadAllAccessors: .Commutator2

===========================================================================================
----------------- testing Fri May 10 04:14:59 UTC 2019 /home/travis/build/icyphy/ptII/ptolemy/actor/lib/test/auto/Commutator3.xml
----------------- Instantiating /home/travis/build/icyphy/ptII/ptolemy/actor/lib/test/auto/Commutator3.xml
4 ms. Memory: 879616K Free: 290552K (33%)
----------------- Invoking toplevel() on ptolemy.moml.MoMLSimpleApplication@2d1acf8a
----------------- Done invoking toplevel() on ptolemy.moml.MoMLSimpleApplication@2d1acf8a
reloadAllAccessors: .Commutator3

===========================================================================================
----------------- testing Fri May 10 04:14:59 UTC 2019 /home/travis/build/icyphy/ptII/ptolemy/actor/lib/test/auto/Compare.xml
----------------- Instantiating /home/travis/build/icyphy/ptII/ptolemy/actor/lib/test/auto/Compare.xml
3 ms. Memory: 879616K Free: 280175K (32%)
----------------- Invoking toplevel() on ptolemy.moml.MoMLSimpleApplication@5de33989
----------------- Done invoking toplevel() on ptolemy.moml.MoMLSimpleApplication@5de33989
reloadAllAccessors: .Compare

===========================================================================================
----------------- testing Fri May 10 04:14:59 UTC 2019 /home/travis/build/icyphy/ptII/ptolemy/actor/lib/test/auto/CompareDE.xml
----------------- Instantiating /home/travis/build/icyphy/ptII/ptolemy/actor/lib/test/auto/CompareDE.xml
6 ms. Memory: 879616K Free: 269799K (31%)
----------------- Invoking toplevel() on ptolemy.moml.MoMLSimpleApplication@5eeb9cd3
----------------- Done invoking toplevel() on ptolemy.moml.MoMLSimpleApplication@5eeb9cd3
reloadAllAccessors: .CompareDE

===========================================================================================
----------------- testing Fri May 10 04:14:59 UTC 2019 /home/travis/build/icyphy/ptII/ptolemy/actor/lib/test/auto/ComplexDivide.xml
----------------- Instantiating /home/travis/build/icyphy/ptII/ptolemy/actor/lib/test/auto/ComplexDivide.xml
2 ms. Memory: 879616K Free: 249889K (28%)
----------------- Invoking toplevel() on ptolemy.moml.MoMLSimpleApplication@6fd56e48
----------------- Done invoking toplevel() on ptolemy.moml.MoMLSimpleApplication@6fd56e48
reloadAllAccessors: .ComplexDivide

===========================================================================================
----------------- testing Fri May 10 04:14:59 UTC 2019 /home/travis/build/icyphy/ptII/ptolemy/actor/lib/test/auto/ComputeHistogram.xml
----------------- Instantiating /home/travis/build/icyphy/ptII/ptolemy/actor/lib/test/auto/ComputeHistogram.xml
37 ms. Memory: 879616K Free: 234316K (27%)
----------------- Invoking toplevel() on ptolemy.moml.MoMLSimpleApplication@596c6121
----------------- Done invoking toplevel() on ptolemy.moml.MoMLSimpleApplication@596c6121
reloadAllAccessors: .ComputeHistogram

===========================================================================================
----------------- testing Fri May 10 04:14:59 UTC 2019 /home/travis/build/icyphy/ptII/ptolemy/actor/lib/test/auto/ConfigurationSelect.xml
----------------- Instantiating /home/travis/build/icyphy/ptII/ptolemy/actor/lib/test/auto/ConfigurationSelect.xml
3 ms. Memory: 879616K Free: 223940K (25%)
----------------- Invoking toplevel() on ptolemy.moml.MoMLSimpleApplication@3fea9d94
----------------- Done invoking toplevel() on ptolemy.moml.MoMLSimpleApplication@3fea9d94
reloadAllAccessors: .ConfigurationSelect

===========================================================================================
----------------- testing Fri May 10 04:14:59 UTC 2019 /home/travis/build/icyphy/ptII/ptolemy/actor/lib/test/auto/ConfigurationSelect2.xml
----------------- Instantiating /home/travis/build/icyphy/ptII/ptolemy/actor/lib/test/auto/ConfigurationSelect2.xml
2 ms. Memory: 879616K Free: 205781K (23%)
----------------- Invoking toplevel() on ptolemy.moml.MoMLSimpleApplication@5ad05235
----------------- Done invoking toplevel() on ptolemy.moml.MoMLSimpleApplication@5ad05235
reloadAllAccessors: .ConfigurationSelect2

===========================================================================================
----------------- testing Fri May 10 04:14:59 UTC 2019 /home/travis/build/icyphy/ptII/ptolemy/actor/lib/test/auto/ConfigurationSwitch.xml
----------------- Instantiating /home/travis/build/icyphy/ptII/ptolemy/actor/lib/test/auto/ConfigurationSwitch.xml
3 ms. Memory: 879616K Free: 185872K (21%)
----------------- Invoking toplevel() on ptolemy.moml.MoMLSimpleApplication@1889c785
----------------- Done invoking toplevel() on ptolemy.moml.MoMLSimpleApplication@1889c785
reloadAllAccessors: .ConfigurationSwitch

===========================================================================================
----------------- testing Fri May 10 04:14:59 UTC 2019 /home/travis/build/icyphy/ptII/ptolemy/actor/lib/test/auto/ConfigurationSwitch2.xml
----------------- Instantiating /home/travis/build/icyphy/ptII/ptolemy/actor/lib/test/auto/ConfigurationSwitch2.xml
4 ms. Memory: 879616K Free: 175495K (20%)
----------------- Invoking toplevel() on ptolemy.moml.MoMLSimpleApplication@630f0e4
----------------- Done invoking toplevel() on ptolemy.moml.MoMLSimpleApplication@630f0e4
reloadAllAccessors: .ConfigurationSwitch2

===========================================================================================
----------------- testing Fri May 10 04:14:59 UTC 2019 /home/travis/build/icyphy/ptII/ptolemy/actor/lib/test/auto/ConfigurationSwitchCloningBugWithClassRelationGroup.xml
----------------- Instantiating /home/travis/build/icyphy/ptII/ptolemy/actor/lib/test/auto/ConfigurationSwitchCloningBugWithClassRelationGroup.xml
1 ms. Memory: 879616K Free: 165119K (19%)
----------------- Invoking toplevel() on ptolemy.moml.MoMLSimpleApplication@5f7c4e4e
----------------- Done invoking toplevel() on ptolemy.moml.MoMLSimpleApplication@5f7c4e4e
reloadAllAccessors: .ConfigurationSwitchCloningBugWithClassRelationGroup

===========================================================================================
----------------- testing Fri May 10 04:14:59 UTC 2019 /home/travis/build/icyphy/ptII/ptolemy/actor/lib/test/auto/ConfigurationSwitchSelectSDF.xml
----------------- Instantiating /home/travis/build/icyphy/ptII/ptolemy/actor/lib/test/auto/ConfigurationSwitchSelectSDF.xml
6 ms. Memory: 879616K Free: 154742K (18%)
----------------- Invoking toplevel() on ptolemy.moml.MoMLSimpleApplication@7f7be7df
----------------- Done invoking toplevel() on ptolemy.moml.MoMLSimpleApplication@7f7be7df
reloadAllAccessors: .ConfigurationSwitchSelectSDF

===========================================================================================
----------------- testing Fri May 10 04:14:59 UTC 2019 /home/travis/build/icyphy/ptII/ptolemy/actor/lib/test/auto/ConfigurationSwitchSelectSDF2.xml
----------------- Instantiating /home/travis/build/icyphy/ptII/ptolemy/actor/lib/test/auto/ConfigurationSwitchSelectSDF2.xml
4 ms. Memory: 879616K Free: 134833K (15%)
----------------- Invoking toplevel() on ptolemy.moml.MoMLSimpleApplication@71b48fba
----------------- Done invoking toplevel() on ptolemy.moml.MoMLSimpleApplication@71b48fba
reloadAllAccessors: .ConfigurationSwitchSelectSDF2

===========================================================================================
----------------- testing Fri May 10 04:14:59 UTC 2019 /home/travis/build/icyphy/ptII/ptolemy/actor/lib/test/auto/Const.xml
----------------- Instantiating /home/travis/build/icyphy/ptII/ptolemy/actor/lib/test/auto/Const.xml
2 ms. Memory: 879616K Free: 124456K (14%)
----------------- Invoking toplevel() on ptolemy.moml.MoMLSimpleApplication@14a47822
----------------- Done invoking toplevel() on ptolemy.moml.MoMLSimpleApplication@14a47822
reloadAllAccessors: .Const

===========================================================================================
----------------- testing Fri May 10 04:14:59 UTC 2019 /home/travis/build/icyphy/ptII/ptolemy/actor/lib/test/auto/Const2.xml
----------------- Instantiating /home/travis/build/icyphy/ptII/ptolemy/actor/lib/test/auto/Const2.xml
1 ms. Memory: 879616K Free: 114080K (13%)
----------------- Invoking toplevel() on ptolemy.moml.MoMLSimpleApplication@5b8844a7
----------------- Done invoking toplevel() on ptolemy.moml.MoMLSimpleApplication@5b8844a7
reloadAllAccessors: .Const2

===========================================================================================
----------------- testing Fri May 10 04:14:59 UTC 2019 /home/travis/build/icyphy/ptII/ptolemy/actor/lib/test/auto/Const3.xml
----------------- Instantiating /home/travis/build/icyphy/ptII/ptolemy/actor/lib/test/auto/Const3.xml
2 ms. Memory: 879616K Free: 103703K (12%)
----------------- Invoking toplevel() on ptolemy.moml.MoMLSimpleApplication@18a66f1e
----------------- Done invoking toplevel() on ptolemy.moml.MoMLSimpleApplication@18a66f1e
reloadAllAccessors: .Const3

===========================================================================================
----------------- testing Fri May 10 04:14:59 UTC 2019 /home/travis/build/icyphy/ptII/ptolemy/actor/lib/test/auto/ConstantPublisherPort1.xml
----------------- Instantiating /home/travis/build/icyphy/ptII/ptolemy/actor/lib/test/auto/ConstantPublisherPort1.xml
7 ms. Memory: 879616K Free: 88122K (10%)
----------------- Invoking toplevel() on ptolemy.moml.MoMLSimpleApplication@31940545
----------------- Done invoking toplevel() on ptolemy.moml.MoMLSimpleApplication@31940545
reloadAllAccessors: .ConstantPublisherPort1

===========================================================================================
----------------- testing Fri May 10 04:14:59 UTC 2019 /home/travis/build/icyphy/ptII/ptolemy/actor/lib/test/auto/ConstantPublisherPort2.xml
----------------- Instantiating /home/travis/build/icyphy/ptII/ptolemy/actor/lib/test/auto/ConstantPublisherPort2.xml
12 ms. Memory: 879616K Free: 68213K (8%)
----------------- Invoking toplevel() on ptolemy.moml.MoMLSimpleApplication@5c31d56a
----------------- Done invoking toplevel() on ptolemy.moml.MoMLSimpleApplication@5c31d56a
reloadAllAccessors: .ConstantPublisherPort2

===========================================================================================
----------------- testing Fri May 10 04:15:00 UTC 2019 /home/travis/build/icyphy/ptII/ptolemy/actor/lib/test/auto/ConstantPublisherPort3.xml
----------------- Instantiating /home/travis/build/icyphy/ptII/ptolemy/actor/lib/test/auto/ConstantPublisherPort3.xml
28 ms. Memory: 880128K Free: 837457K (95%)
----------------- Invoking toplevel() on ptolemy.moml.MoMLSimpleApplication@371f338a
----------------- Done invoking toplevel() on ptolemy.moml.MoMLSimpleApplication@371f338a
reloadAllAccessors: .ConstantPublisherPort3

===========================================================================================
----------------- testing Fri May 10 04:15:00 UTC 2019 /home/travis/build/icyphy/ptII/ptolemy/actor/lib/test/auto/ConstantPublisherPort4.xml
----------------- Instantiating /home/travis/build/icyphy/ptII/ptolemy/actor/lib/test/auto/ConstantPublisherPort4.xml
5 ms. Memory: 880128K Free: 817396K (93%)
----------------- Invoking toplevel() on ptolemy.moml.MoMLSimpleApplication@3277959f
----------------- Done invoking toplevel() on ptolemy.moml.MoMLSimpleApplication@3277959f
reloadAllAccessors: .ConstantPublisherPort4

===========================================================================================
----------------- testing Fri May 10 04:15:00 UTC 2019 /home/travis/build/icyphy/ptII/ptolemy/actor/lib/test/auto/ConstantPublisherPort5.xml
----------------- Instantiating /home/travis/build/icyphy/ptII/ptolemy/actor/lib/test/auto/ConstantPublisherPort5.xml
30 ms. Memory: 880128K Free: 791333K (90%)
----------------- Invoking toplevel() on ptolemy.moml.MoMLSimpleApplication@5b8e1c7d
----------------- Done invoking toplevel() on ptolemy.moml.MoMLSimpleApplication@5b8e1c7d
reloadAllAccessors: .ConstantPublisherPort5

===========================================================================================
----------------- testing Fri May 10 04:15:00 UTC 2019 /home/travis/build/icyphy/ptII/ptolemy/actor/lib/test/auto/ConstantPublisherPort6.xml
----------------- Instantiating /home/travis/build/icyphy/ptII/ptolemy/actor/lib/test/auto/ConstantPublisherPort6.xml
13 ms. Memory: 880128K Free: 765391K (87%)
----------------- Invoking toplevel() on ptolemy.moml.MoMLSimpleApplication@1c4c2752
----------------- Done invoking toplevel() on ptolemy.moml.MoMLSimpleApplication@1c4c2752
reloadAllAccessors: .ConstantPublisherPort6

===========================================================================================
----------------- testing Fri May 10 04:15:00 UTC 2019 /home/travis/build/icyphy/ptII/ptolemy/actor/lib/test/auto/ConstantPublisherPort7.xml
----------------- Instantiating /home/travis/build/icyphy/ptII/ptolemy/actor/lib/test/auto/ConstantPublisherPort7.xml
13 ms. Memory: 880128K Free: 732359K (83%)
----------------- Invoking toplevel() on ptolemy.moml.MoMLSimpleApplication@5e92a865
----------------- Done invoking toplevel() on ptolemy.moml.MoMLSimpleApplication@5e92a865
reloadAllAccessors: .ConstantPublisherPort7

===========================================================================================
----------------- testing Fri May 10 04:15:00 UTC 2019 /home/travis/build/icyphy/ptII/ptolemy/actor/lib/test/auto/ConstraintMonitor1.xml
----------------- Instantiating /home/travis/build/icyphy/ptII/ptolemy/actor/lib/test/auto/ConstraintMonitor1.xml
1 ms. Memory: 880128K Free: 721983K (82%)
----------------- Invoking toplevel() on ptolemy.moml.MoMLSimpleApplication@3eea080
----------------- Done invoking toplevel() on ptolemy.moml.MoMLSimpleApplication@3eea080
reloadAllAccessors: .ConstraintMonitor1

===========================================================================================
----------------- testing Fri May 10 04:15:00 UTC 2019 /home/travis/build/icyphy/ptII/ptolemy/actor/lib/test/auto/ConstraintMonitor2.xml
----------------- Instantiating /home/travis/build/icyphy/ptII/ptolemy/actor/lib/test/auto/ConstraintMonitor2.xml
2 ms. Memory: 880128K Free: 711606K (81%)
----------------- Invoking toplevel() on ptolemy.moml.MoMLSimpleApplication@578f86fd
----------------- Done invoking toplevel() on ptolemy.moml.MoMLSimpleApplication@578f86fd
reloadAllAccessors: .ConstraintMonitor2

===========================================================================================
----------------- testing Fri May 10 04:15:00 UTC 2019 /home/travis/build/icyphy/ptII/ptolemy/actor/lib/test/auto/ConstraintMonitor3.xml
----------------- Instantiating /home/travis/build/icyphy/ptII/ptolemy/actor/lib/test/auto/ConstraintMonitor3.xml
6 ms. Memory: 880128K Free: 694139K (79%)
----------------- Invoking toplevel() on ptolemy.moml.MoMLSimpleApplication@22fb1904
----------------- Done invoking toplevel() on ptolemy.moml.MoMLSimpleApplication@22fb1904
reloadAllAccessors: .ConstraintMonitor3

===========================================================================================
----------------- testing Fri May 10 04:15:00 UTC 2019 /home/travis/build/icyphy/ptII/ptolemy/actor/lib/test/auto/ConstraintMonitor4.xml
----------------- Instantiating /home/travis/build/icyphy/ptII/ptolemy/actor/lib/test/auto/ConstraintMonitor4.xml
2 ms. Memory: 880128K Free: 683762K (78%)
----------------- Invoking toplevel() on ptolemy.moml.MoMLSimpleApplication@1d68e12c
----------------- Done invoking toplevel() on ptolemy.moml.MoMLSimpleApplication@1d68e12c
reloadAllAccessors: .ConstraintMonitor4

===========================================================================================
----------------- testing Fri May 10 04:15:00 UTC 2019 /home/travis/build/icyphy/ptII/ptolemy/actor/lib/test/auto/ConstraintMonitor5.xml
----------------- Instantiating /home/travis/build/icyphy/ptII/ptolemy/actor/lib/test/auto/ConstraintMonitor5.xml
3 ms. Memory: 880128K Free: 673385K (77%)
----------------- Invoking toplevel() on ptolemy.moml.MoMLSimpleApplication@6a3cce29
----------------- Done invoking toplevel() on ptolemy.moml.MoMLSimpleApplication@6a3cce29
reloadAllAccessors: .ConstraintMonitor5

===========================================================================================
----------------- testing Fri May 10 04:15:00 UTC 2019 /home/travis/build/icyphy/ptII/ptolemy/actor/lib/test/auto/ConstraintMonitor6.xml
----------------- Instantiating /home/travis/build/icyphy/ptII/ptolemy/actor/lib/test/auto/ConstraintMonitor6.xml
2 ms. Memory: 880128K Free: 655918K (75%)
----------------- Invoking toplevel() on ptolemy.moml.MoMLSimpleApplication@5b71bebf
----------------- Done invoking toplevel() on ptolemy.moml.MoMLSimpleApplication@5b71bebf
reloadAllAccessors: .ConstraintMonitor6

===========================================================================================
----------------- testing Fri May 10 04:15:00 UTC 2019 /home/travis/build/icyphy/ptII/ptolemy/actor/lib/test/auto/ConstraintMonitor7.xml
----------------- Instantiating /home/travis/build/icyphy/ptII/ptolemy/actor/lib/test/auto/ConstraintMonitor7.xml
7 ms. Memory: 880128K Free: 645542K (73%)
----------------- Invoking toplevel() on ptolemy.moml.MoMLSimpleApplication@4ef98208
----------------- Done invoking toplevel() on ptolemy.moml.MoMLSimpleApplication@4ef98208
reloadAllAccessors: .ConstraintMonitor7

===========================================================================================
----------------- testing Fri May 10 04:15:00 UTC 2019 /home/travis/build/icyphy/ptII/ptolemy/actor/lib/test/auto/ConstraintMonitor8.xml
----------------- Instantiating /home/travis/build/icyphy/ptII/ptolemy/actor/lib/test/auto/ConstraintMonitor8.xml
3 ms. Memory: 880128K Free: 635165K (72%)
----------------- Invoking toplevel() on ptolemy.moml.MoMLSimpleApplication@2170b48
----------------- Done invoking toplevel() on ptolemy.moml.MoMLSimpleApplication@2170b48
reloadAllAccessors: .ConstraintMonitor8

===========================================================================================
----------------- testing Fri May 10 04:15:00 UTC 2019 /home/travis/build/icyphy/ptII/ptolemy/actor/lib/test/auto/Counter.xml
----------------- Instantiating /home/travis/build/icyphy/ptII/ptolemy/actor/lib/test/auto/Counter.xml
3 ms. Memory: 880128K Free: 617698K (70%)
----------------- Invoking toplevel() on ptolemy.moml.MoMLSimpleApplication@47f53c3
----------------- Done invoking toplevel() on ptolemy.moml.MoMLSimpleApplication@47f53c3
reloadAllAccessors: .Counter

===========================================================================================
----------------- testing Fri May 10 04:15:00 UTC 2019 /home/travis/build/icyphy/ptII/ptolemy/actor/lib/test/auto/CurrentTimeSDF.xml
----------------- Instantiating /home/travis/build/icyphy/ptII/ptolemy/actor/lib/test/auto/CurrentTimeSDF.xml
1 ms. Memory: 880128K Free: 607321K (69%)
----------------- Invoking toplevel() on ptolemy.moml.MoMLSimpleApplication@3a215a59
----------------- Done invoking toplevel() on ptolemy.moml.MoMLSimpleApplication@3a215a59
reloadAllAccessors: .CurrentTimeSDF

===========================================================================================
----------------- testing Fri May 10 04:15:00 UTC 2019 /home/travis/build/icyphy/ptII/ptolemy/actor/lib/test/auto/DB.xml
----------------- Instantiating /home/travis/build/icyphy/ptII/ptolemy/actor/lib/test/auto/DB.xml
3 ms. Memory: 880128K Free: 596945K (68%)
----------------- Invoking toplevel() on ptolemy.moml.MoMLSimpleApplication@40409c08
----------------- Done invoking toplevel() on ptolemy.moml.MoMLSimpleApplication@40409c08
reloadAllAccessors: .DB

===========================================================================================
----------------- testing Fri May 10 04:15:00 UTC 2019 /home/travis/build/icyphy/ptII/ptolemy/actor/lib/test/auto/DBDE.xml
----------------- Instantiating /home/travis/build/icyphy/ptII/ptolemy/actor/lib/test/auto/DBDE.xml
2 ms. Memory: 880128K Free: 579477K (66%)
----------------- Invoking toplevel() on ptolemy.moml.MoMLSimpleApplication@6268b93f
----------------- Done invoking toplevel() on ptolemy.moml.MoMLSimpleApplication@6268b93f
reloadAllAccessors: .DBDE

===========================================================================================
----------------- testing Fri May 10 04:15:00 UTC 2019 /home/travis/build/icyphy/ptII/ptolemy/actor/lib/test/auto/DateConstructor.xml
----------------- Instantiating /home/travis/build/icyphy/ptII/ptolemy/actor/lib/test/auto/DateConstructor.xml
16 ms. Memory: 880128K Free: 558708K (63%)
----------------- Invoking toplevel() on ptolemy.moml.MoMLSimpleApplication@2d143b2
----------------- Done invoking toplevel() on ptolemy.moml.MoMLSimpleApplication@2d143b2
reloadAllAccessors: .DateConstructor

===========================================================================================
----------------- testing Fri May 10 04:15:00 UTC 2019 /home/travis/build/icyphy/ptII/ptolemy/actor/lib/test/auto/DelayTime.xml
----------------- Instantiating /home/travis/build/icyphy/ptII/ptolemy/actor/lib/test/auto/DelayTime.xml
3 ms. Memory: 880128K Free: 548332K (62%)
----------------- Invoking toplevel() on ptolemy.moml.MoMLSimpleApplication@51120f62
----------------- Done invoking toplevel() on ptolemy.moml.MoMLSimpleApplication@51120f62
reloadAllAccessors: .DelayTime

===========================================================================================
----------------- testing Fri May 10 04:15:00 UTC 2019 /home/travis/build/icyphy/ptII/ptolemy/actor/lib/test/auto/Dictionary1.xml
----------------- Instantiating /home/travis/build/icyphy/ptII/ptolemy/actor/lib/test/auto/Dictionary1.xml
2 ms. Memory: 880128K Free: 530864K (60%)
----------------- Invoking toplevel() on ptolemy.moml.MoMLSimpleApplication@1225c3df
----------------- Done invoking toplevel() on ptolemy.moml.MoMLSimpleApplication@1225c3df
reloadAllAccessors: .Dictionary1

===========================================================================================
----------------- testing Fri May 10 04:15:00 UTC 2019 /home/travis/build/icyphy/ptII/ptolemy/actor/lib/test/auto/Dictionary2.xml
----------------- Instantiating /home/travis/build/icyphy/ptII/ptolemy/actor/lib/test/auto/Dictionary2.xml
1 ms. Memory: 880128K Free: 520488K (59%)
----------------- Invoking toplevel() on ptolemy.moml.MoMLSimpleApplication@61c37fbe
----------------- Done invoking toplevel() on ptolemy.moml.MoMLSimpleApplication@61c37fbe
reloadAllAccessors: .Dictionary2

===========================================================================================
----------------- testing Fri May 10 04:15:00 UTC 2019 /home/travis/build/icyphy/ptII/ptolemy/actor/lib/test/auto/Dictionary3.xml
----------------- Instantiating /home/travis/build/icyphy/ptII/ptolemy/actor/lib/test/auto/Dictionary3.xml
2 ms. Memory: 880128K Free: 510111K (58%)
----------------- Invoking toplevel() on ptolemy.moml.MoMLSimpleApplication@1b6609c8
----------------- Done invoking toplevel() on ptolemy.moml.MoMLSimpleApplication@1b6609c8
reloadAllAccessors: .Dictionary3

===========================================================================================
----------------- testing Fri May 10 04:15:00 UTC 2019 /home/travis/build/icyphy/ptII/ptolemy/actor/lib/test/auto/Dictionary4.xml
----------------- Instantiating /home/travis/build/icyphy/ptII/ptolemy/actor/lib/test/auto/Dictionary4.xml
3 ms. Memory: 880128K Free: 492644K (56%)
----------------- Invoking toplevel() on ptolemy.moml.MoMLSimpleApplication@6fef6630
----------------- Done invoking toplevel() on ptolemy.moml.MoMLSimpleApplication@6fef6630
reloadAllAccessors: .Dictionary4

===========================================================================================
----------------- testing Fri May 10 04:15:00 UTC 2019 /home/travis/build/icyphy/ptII/ptolemy/actor/lib/test/auto/Differential.xml
----------------- Instantiating /home/travis/build/icyphy/ptII/ptolemy/actor/lib/test/auto/Differential.xml
1 ms. Memory: 880128K Free: 482267K (55%)
----------------- Invoking toplevel() on ptolemy.moml.MoMLSimpleApplication@78c84868
----------------- Done invoking toplevel() on ptolemy.moml.MoMLSimpleApplication@78c84868
reloadAllAccessors: .Differential

===========================================================================================
----------------- testing Fri May 10 04:15:00 UTC 2019 /home/travis/build/icyphy/ptII/ptolemy/actor/lib/test/auto/Director.xml
----------------- Instantiating /home/travis/build/icyphy/ptII/ptolemy/actor/lib/test/auto/Director.xml
2 ms. Memory: 880128K Free: 471890K (54%)
----------------- Invoking toplevel() on ptolemy.moml.MoMLSimpleApplication@eb0f728
----------------- Done invoking toplevel() on ptolemy.moml.MoMLSimpleApplication@eb0f728
reloadAllAccessors: .Director

===========================================================================================
----------------- testing Fri May 10 04:15:00 UTC 2019 /home/travis/build/icyphy/ptII/ptolemy/actor/lib/test/auto/DiscreteClock.xml
----------------- Instantiating /home/travis/build/icyphy/ptII/ptolemy/actor/lib/test/auto/DiscreteClock.xml
1 ms. Memory: 880128K Free: 454423K (52%)
----------------- Invoking toplevel() on ptolemy.moml.MoMLSimpleApplication@c81766f
----------------- Done invoking toplevel() on ptolemy.moml.MoMLSimpleApplication@c81766f
reloadAllAccessors: .DiscreteClock

===========================================================================================
----------------- testing Fri May 10 04:15:00 UTC 2019 /home/travis/build/icyphy/ptII/ptolemy/actor/lib/test/auto/DiscreteClock10.xml
----------------- Instantiating /home/travis/build/icyphy/ptII/ptolemy/actor/lib/test/auto/DiscreteClock10.xml
2 ms. Memory: 880128K Free: 444047K (50%)
----------------- Invoking toplevel() on ptolemy.moml.MoMLSimpleApplication@3098f32b
----------------- Done invoking toplevel() on ptolemy.moml.MoMLSimpleApplication@3098f32b
reloadAllAccessors: .DiscreteClock10

===========================================================================================
----------------- testing Fri May 10 04:15:00 UTC 2019 /home/travis/build/icyphy/ptII/ptolemy/actor/lib/test/auto/DiscreteClock11.xml
----------------- Instantiating /home/travis/build/icyphy/ptII/ptolemy/actor/lib/test/auto/DiscreteClock11.xml
2 ms. Memory: 880128K Free: 433670K (49%)
----------------- Invoking toplevel() on ptolemy.moml.MoMLSimpleApplication@69437d2
----------------- Done invoking toplevel() on ptolemy.moml.MoMLSimpleApplication@69437d2
reloadAllAccessors: .DiscreteClock11

===========================================================================================
----------------- testing Fri May 10 04:15:00 UTC 2019 /home/travis/build/icyphy/ptII/ptolemy/actor/lib/test/auto/DiscreteClock12.xml
----------------- Instantiating /home/travis/build/icyphy/ptII/ptolemy/actor/lib/test/auto/DiscreteClock12.xml
2 ms. Memory: 880128K Free: 416203K (47%)
----------------- Invoking toplevel() on ptolemy.moml.MoMLSimpleApplication@517fb2b9
----------------- Done invoking toplevel() on ptolemy.moml.MoMLSimpleApplication@517fb2b9
reloadAllAccessors: .DiscreteClock12

===========================================================================================
----------------- testing Fri May 10 04:15:00 UTC 2019 /home/travis/build/icyphy/ptII/ptolemy/actor/lib/test/auto/DiscreteClock13.xml
----------------- Instantiating /home/travis/build/icyphy/ptII/ptolemy/actor/lib/test/auto/DiscreteClock13.xml
6 ms. Memory: 880128K Free: 405826K (46%)
----------------- Invoking toplevel() on ptolemy.moml.MoMLSimpleApplication@24e1b4ab
----------------- Done invoking toplevel() on ptolemy.moml.MoMLSimpleApplication@24e1b4ab
reloadAllAccessors: .DiscreteClock13

===========================================================================================
----------------- testing Fri May 10 04:15:00 UTC 2019 /home/travis/build/icyphy/ptII/ptolemy/actor/lib/test/auto/DiscreteClock14.xml
----------------- Instantiating /home/travis/build/icyphy/ptII/ptolemy/actor/lib/test/auto/DiscreteClock14.xml
5 ms. Memory: 880128K Free: 395450K (45%)
----------------- Invoking toplevel() on ptolemy.moml.MoMLSimpleApplication@4f03d2b2
----------------- Done invoking toplevel() on ptolemy.moml.MoMLSimpleApplication@4f03d2b2
reloadAllAccessors: .DiscreteClock14

===========================================================================================
----------------- testing Fri May 10 04:15:00 UTC 2019 /home/travis/build/icyphy/ptII/ptolemy/actor/lib/test/auto/DiscreteClock15.xml
----------------- Instantiating /home/travis/build/icyphy/ptII/ptolemy/actor/lib/test/auto/DiscreteClock15.xml
2 ms. Memory: 880128K Free: 377983K (43%)
----------------- Invoking toplevel() on ptolemy.moml.MoMLSimpleApplication@6549985
----------------- Done invoking toplevel() on ptolemy.moml.MoMLSimpleApplication@6549985
reloadAllAccessors: .DiscreteClock15

===========================================================================================
----------------- testing Fri May 10 04:15:00 UTC 2019 /home/travis/build/icyphy/ptII/ptolemy/actor/lib/test/auto/DiscreteClock16.xml
----------------- Instantiating /home/travis/build/icyphy/ptII/ptolemy/actor/lib/test/auto/DiscreteClock16.xml
10 ms. Memory: 880128K Free: 362402K (41%)
----------------- Invoking toplevel() on ptolemy.moml.MoMLSimpleApplication@4df29ede
----------------- Done invoking toplevel() on ptolemy.moml.MoMLSimpleApplication@4df29ede
reloadAllAccessors: .DiscreteClock16

===========================================================================================
----------------- testing Fri May 10 04:15:00 UTC 2019 /home/travis/build/icyphy/ptII/ptolemy/actor/lib/test/auto/DiscreteClock17.xml
----------------- Instantiating /home/travis/build/icyphy/ptII/ptolemy/actor/lib/test/auto/DiscreteClock17.xml
13 ms. Memory: 880128K Free: 346837K (39%)
----------------- Invoking toplevel() on ptolemy.moml.MoMLSimpleApplication@5a04745e
----------------- Done invoking toplevel() on ptolemy.moml.MoMLSimpleApplication@5a04745e
reloadAllAccessors: .DiscreteClock17

===========================================================================================
----------------- testing Fri May 10 04:15:00 UTC 2019 /home/travis/build/icyphy/ptII/ptolemy/actor/lib/test/auto/DiscreteClock18.xml
----------------- Instantiating /home/travis/build/icyphy/ptII/ptolemy/actor/lib/test/auto/DiscreteClock18.xml
436 ms. Memory: 1362432K Free: 1308666K (96%)
----------------- Invoking toplevel() on ptolemy.moml.MoMLSimpleApplication@b6f5d88
----------------- Done invoking toplevel() on ptolemy.moml.MoMLSimpleApplication@b6f5d88
reloadAllAccessors: .DiscreteClock18

===========================================================================================
----------------- testing Fri May 10 04:15:01 UTC 2019 /home/travis/build/icyphy/ptII/ptolemy/actor/lib/test/auto/DiscreteClock19.xml
----------------- Instantiating /home/travis/build/icyphy/ptII/ptolemy/actor/lib/test/auto/DiscreteClock19.xml
22 ms. Memory: 1362432K Free: 1276941K (94%)
----------------- Invoking toplevel() on ptolemy.moml.MoMLSimpleApplication@13f0a5cb
----------------- Done invoking toplevel() on ptolemy.moml.MoMLSimpleApplication@13f0a5cb
reloadAllAccessors: .DiscreteClock19

===========================================================================================
----------------- testing Fri May 10 04:15:01 UTC 2019 /home/travis/build/icyphy/ptII/ptolemy/actor/lib/test/auto/DiscreteClock2.xml
----------------- Instantiating /home/travis/build/icyphy/ptII/ptolemy/actor/lib/test/auto/DiscreteClock2.xml
2 ms. Memory: 1362432K Free: 1264494K (93%)
----------------- Invoking toplevel() on ptolemy.moml.MoMLSimpleApplication@4229e11b
----------------- Done invoking toplevel() on ptolemy.moml.MoMLSimpleApplication@4229e11b
reloadAllAccessors: .DiscreteClock2

===========================================================================================
----------------- testing Fri May 10 04:15:01 UTC 2019 /home/travis/build/icyphy/ptII/ptolemy/actor/lib/test/auto/DiscreteClock20.xml
----------------- Instantiating /home/travis/build/icyphy/ptII/ptolemy/actor/lib/test/auto/DiscreteClock20.xml
5 ms. Memory: 1362432K Free: 1252048K (92%)
----------------- Invoking toplevel() on ptolemy.moml.MoMLSimpleApplication@76177bed
----------------- Done invoking toplevel() on ptolemy.moml.MoMLSimpleApplication@76177bed
reloadAllAccessors: .DiscreteClock20

===========================================================================================
----------------- testing Fri May 10 04:15:01 UTC 2019 /home/travis/build/icyphy/ptII/ptolemy/actor/lib/test/auto/DiscreteClock21.xml
----------------- Instantiating /home/travis/build/icyphy/ptII/ptolemy/actor/lib/test/auto/DiscreteClock21.xml
4 ms. Memory: 1362432K Free: 1230837K (90%)
----------------- Invoking toplevel() on ptolemy.moml.MoMLSimpleApplication@1911c391
----------------- Done invoking toplevel() on ptolemy.moml.MoMLSimpleApplication@1911c391
reloadAllAccessors: .DiscreteClock21

===========================================================================================
----------------- testing Fri May 10 04:15:01 UTC 2019 /home/travis/build/icyphy/ptII/ptolemy/actor/lib/test/auto/DiscreteClock22.xml
----------------- Instantiating /home/travis/build/icyphy/ptII/ptolemy/actor/lib/test/auto/DiscreteClock22.xml
3 ms. Memory: 1362432K Free: 1218390K (89%)
----------------- Invoking toplevel() on ptolemy.moml.MoMLSimpleApplication@69c83361
----------------- Done invoking toplevel() on ptolemy.moml.MoMLSimpleApplication@69c83361
reloadAllAccessors: .DiscreteClock22

===========================================================================================
----------------- testing Fri May 10 04:15:01 UTC 2019 /home/travis/build/icyphy/ptII/ptolemy/actor/lib/test/auto/DiscreteClock23.xml
----------------- Instantiating /home/travis/build/icyphy/ptII/ptolemy/actor/lib/test/auto/DiscreteClock23.xml
7 ms. Memory: 1362432K Free: 1205943K (89%)
----------------- Invoking toplevel() on ptolemy.moml.MoMLSimpleApplication@3161ea7b
----------------- Done invoking toplevel() on ptolemy.moml.MoMLSimpleApplication@3161ea7b
reloadAllAccessors: .DiscreteClock23

===========================================================================================
----------------- testing Fri May 10 04:15:01 UTC 2019 /home/travis/build/icyphy/ptII/ptolemy/actor/lib/test/auto/DiscreteClock24.xml
----------------- Instantiating /home/travis/build/icyphy/ptII/ptolemy/actor/lib/test/auto/DiscreteClock24.xml
2 ms. Memory: 1362432K Free: 1193497K (88%)
----------------- Invoking toplevel() on ptolemy.moml.MoMLSimpleApplication@78ffc525
----------------- Done invoking toplevel() on ptolemy.moml.MoMLSimpleApplication@78ffc525
reloadAllAccessors: .DiscreteClock24

===========================================================================================
----------------- testing Fri May 10 04:15:01 UTC 2019 /home/travis/build/icyphy/ptII/ptolemy/actor/lib/test/auto/DiscreteClock4.xml
----------------- Instantiating /home/travis/build/icyphy/ptII/ptolemy/actor/lib/test/auto/DiscreteClock4.xml
3 ms. Memory: 1362432K Free: 1172286K (86%)
----------------- Invoking toplevel() on ptolemy.moml.MoMLSimpleApplication@3713fe56
----------------- Done invoking toplevel() on ptolemy.moml.MoMLSimpleApplication@3713fe56
reloadAllAccessors: .DiscreteClock4

===========================================================================================
----------------- testing Fri May 10 04:15:01 UTC 2019 /home/travis/build/icyphy/ptII/ptolemy/actor/lib/test/auto/DiscreteClock5.xml
----------------- Instantiating /home/travis/build/icyphy/ptII/ptolemy/actor/lib/test/auto/DiscreteClock5.xml
2 ms. Memory: 1362432K Free: 1159839K (85%)
----------------- Invoking toplevel() on ptolemy.moml.MoMLSimpleApplication@6166cf64
----------------- Done invoking toplevel() on ptolemy.moml.MoMLSimpleApplication@6166cf64
reloadAllAccessors: .DiscreteClock5

===========================================================================================
----------------- testing Fri May 10 04:15:01 UTC 2019 /home/travis/build/icyphy/ptII/ptolemy/actor/lib/test/auto/DiscreteClock6.xml
----------------- Instantiating /home/travis/build/icyphy/ptII/ptolemy/actor/lib/test/auto/DiscreteClock6.xml
1 ms. Memory: 1362432K Free: 1147392K (84%)
----------------- Invoking toplevel() on ptolemy.moml.MoMLSimpleApplication@de7b19f
----------------- Done invoking toplevel() on ptolemy.moml.MoMLSimpleApplication@de7b19f
reloadAllAccessors: .DiscreteClock6

===========================================================================================
----------------- testing Fri May 10 04:15:01 UTC 2019 /home/travis/build/icyphy/ptII/ptolemy/actor/lib/test/auto/DiscreteClock7.xml
----------------- Instantiating /home/travis/build/icyphy/ptII/ptolemy/actor/lib/test/auto/DiscreteClock7.xml
1 ms. Memory: 1362432K Free: 1134945K (83%)
----------------- Invoking toplevel() on ptolemy.moml.MoMLSimpleApplication@2e0e78e
----------------- Done invoking toplevel() on ptolemy.moml.MoMLSimpleApplication@2e0e78e
reloadAllAccessors: .DiscreteClock7

===========================================================================================
----------------- testing Fri May 10 04:15:01 UTC 2019 /home/travis/build/icyphy/ptII/ptolemy/actor/lib/test/auto/DiscreteClock8.xml
----------------- Instantiating /home/travis/build/icyphy/ptII/ptolemy/actor/lib/test/auto/DiscreteClock8.xml
2 ms. Memory: 1362432K Free: 1113735K (82%)
----------------- Invoking toplevel() on ptolemy.moml.MoMLSimpleApplication@716b9ad9
----------------- Done invoking toplevel() on ptolemy.moml.MoMLSimpleApplication@716b9ad9
reloadAllAccessors: .DiscreteClock8

===========================================================================================
----------------- testing Fri May 10 04:15:01 UTC 2019 /home/travis/build/icyphy/ptII/ptolemy/actor/lib/test/auto/DiscreteClock9.xml
----------------- Instantiating /home/travis/build/icyphy/ptII/ptolemy/actor/lib/test/auto/DiscreteClock9.xml
2 ms. Memory: 1362432K Free: 1101288K (81%)
----------------- Invoking toplevel() on ptolemy.moml.MoMLSimpleApplication@24249f01
----------------- Done invoking toplevel() on ptolemy.moml.MoMLSimpleApplication@24249f01
reloadAllAccessors: .DiscreteClock9

===========================================================================================
----------------- testing Fri May 10 04:15:01 UTC 2019 /home/travis/build/icyphy/ptII/ptolemy/actor/lib/test/auto/DisplayArray.xml
----------------- Instantiating /home/travis/build/icyphy/ptII/ptolemy/actor/lib/test/auto/DisplayArray.xml
2 ms. Memory: 1362432K Free: 1088841K (80%)
----------------- Invoking toplevel() on ptolemy.moml.MoMLSimpleApplication@162dad60
----------------- Done invoking toplevel() on ptolemy.moml.MoMLSimpleApplication@162dad60
reloadAllAccessors: .DisplayArray

===========================================================================================
----------------- testing Fri May 10 04:15:01 UTC 2019 /home/travis/build/icyphy/ptII/ptolemy/actor/lib/test/auto/Distributor.xml
----------------- Instantiating /home/travis/build/icyphy/ptII/ptolemy/actor/lib/test/auto/Distributor.xml
2 ms. Memory: 1362432K Free: 1067630K (78%)
----------------- Invoking toplevel() on ptolemy.moml.MoMLSimpleApplication@2bc1b8a4
----------------- Done invoking toplevel() on ptolemy.moml.MoMLSimpleApplication@2bc1b8a4
reloadAllAccessors: .Distributor

===========================================================================================
----------------- testing Fri May 10 04:15:01 UTC 2019 /home/travis/build/icyphy/ptII/ptolemy/actor/lib/test/auto/Distributor2.xml
----------------- Instantiating /home/travis/build/icyphy/ptII/ptolemy/actor/lib/test/auto/Distributor2.xml
1 ms. Memory: 1362432K Free: 1055183K (77%)
----------------- Invoking toplevel() on ptolemy.moml.MoMLSimpleApplication@98f6aea
----------------- Done invoking toplevel() on ptolemy.moml.MoMLSimpleApplication@98f6aea
reloadAllAccessors: .Distributor2

===========================================================================================
----------------- testing Fri May 10 04:15:01 UTC 2019 /home/travis/build/icyphy/ptII/ptolemy/actor/lib/test/auto/DownSample.xml
----------------- Instantiating /home/travis/build/icyphy/ptII/ptolemy/actor/lib/test/auto/DownSample.xml
2 ms. Memory: 1362432K Free: 1042737K (77%)
----------------- Invoking toplevel() on ptolemy.moml.MoMLSimpleApplication@467077a0
----------------- Done invoking toplevel() on ptolemy.moml.MoMLSimpleApplication@467077a0
reloadAllAccessors: .DownSample

===========================================================================================
----------------- testing Fri May 10 04:15:01 UTC 2019 /home/travis/build/icyphy/ptII/ptolemy/actor/lib/test/auto/ElectronicUnitBase1.xml
----------------- Instantiating /home/travis/build/icyphy/ptII/ptolemy/actor/lib/test/auto/ElectronicUnitBase1.xml
19 ms. Memory: 1362432K Free: 1017819K (75%)
----------------- Invoking toplevel() on ptolemy.moml.MoMLSimpleApplication@26b620b7
----------------- Done invoking toplevel() on ptolemy.moml.MoMLSimpleApplication@26b620b7
reloadAllAccessors: .ElectronicUnitBase1

===========================================================================================
----------------- testing Fri May 10 04:15:01 UTC 2019 /home/travis/build/icyphy/ptII/ptolemy/actor/lib/test/auto/ElementsToArray.xml
----------------- Instantiating /home/travis/build/icyphy/ptII/ptolemy/actor/lib/test/auto/ElementsToArray.xml
2 ms. Memory: 1362432K Free: 996608K (73%)
----------------- Invoking toplevel() on ptolemy.moml.MoMLSimpleApplication@4b2b4bef
----------------- Done invoking toplevel() on ptolemy.moml.MoMLSimpleApplication@4b2b4bef
reloadAllAccessors: .ElementsToArray

===========================================================================================
----------------- testing Fri May 10 04:15:01 UTC 2019 /home/travis/build/icyphy/ptII/ptolemy/actor/lib/test/auto/Equals.xml
----------------- Instantiating /home/travis/build/icyphy/ptII/ptolemy/actor/lib/test/auto/Equals.xml
1 ms. Memory: 1362432K Free: 984162K (72%)
----------------- Invoking toplevel() on ptolemy.moml.MoMLSimpleApplication@2c026d9b
----------------- Done invoking toplevel() on ptolemy.moml.MoMLSimpleApplication@2c026d9b
reloadAllAccessors: .Equals

===========================================================================================
----------------- testing Fri May 10 04:15:01 UTC 2019 /home/travis/build/icyphy/ptII/ptolemy/actor/lib/test/auto/Exec.xml
----------------- Instantiating /home/travis/build/icyphy/ptII/ptolemy/actor/lib/test/auto/Exec.xml
13 ms. Memory: 1362432K Free: 953045K (70%)
----------------- Invoking toplevel() on ptolemy.moml.MoMLSimpleApplication@4dbc932e
----------------- Done invoking toplevel() on ptolemy.moml.MoMLSimpleApplication@4dbc932e
reloadAllAccessors: .Exec

===========================================================================================
----------------- testing Fri May 10 04:15:01 UTC 2019 /home/travis/build/icyphy/ptII/ptolemy/actor/lib/test/auto/ExecEnvironment.xml
----------------- Instantiating /home/travis/build/icyphy/ptII/ptolemy/actor/lib/test/auto/ExecEnvironment.xml
28 ms. Memory: 1362432K Free: 940598K (69%)
----------------- Invoking toplevel() on ptolemy.moml.MoMLSimpleApplication@16536100
----------------- Done invoking toplevel() on ptolemy.moml.MoMLSimpleApplication@16536100
reloadAllAccessors: .ExecEnvironment

===========================================================================================
----------------- testing Fri May 10 04:15:01 UTC 2019 /home/travis/build/icyphy/ptII/ptolemy/actor/lib/test/auto/ExecNonZeroReturnOutput.xml
----------------- Instantiating /home/travis/build/icyphy/ptII/ptolemy/actor/lib/test/auto/ExecNonZeroReturnOutput.xml
113 ms. Memory: 1362432K Free: 838482K (62%)
----------------- Invoking toplevel() on ptolemy.moml.MoMLSimpleApplication@64abd57
----------------- Done invoking toplevel() on ptolemy.moml.MoMLSimpleApplication@64abd57
reloadAllAccessors: .ExecNonZeroReturnOutput

===========================================================================================
----------------- testing Fri May 10 04:15:02 UTC 2019 /home/travis/build/icyphy/ptII/ptolemy/actor/lib/test/auto/ExecRunDemos.xml
----------------- Instantiating /home/travis/build/icyphy/ptII/ptolemy/actor/lib/test/auto/ExecRunDemos.xml
Finished: 46 ms. Memory: 116224K Free: 100672K (87%)

Finished: 49 ms. Memory: 116224K Free: 97676K (84%)

Finished: 42 ms. Memory: 116224K Free: 98218K (85%)

Finished: 48 ms. Memory: 116224K Free: 99544K (86%)

Finished: 33 ms. Memory: 116224K Free: 100576K (87%)

9135 ms. Memory: 1362432K Free: 751327K (55%)
----------------- Invoking toplevel() on ptolemy.moml.MoMLSimpleApplication@70ec768
----------------- Done invoking toplevel() on ptolemy.moml.MoMLSimpleApplication@70ec768
reloadAllAccessors: .ExecRunDemos

===========================================================================================
----------------- testing Fri May 10 04:15:11 UTC 2019 /home/travis/build/icyphy/ptII/ptolemy/actor/lib/test/auto/ExecStop.xml
----------------- Instantiating /home/travis/build/icyphy/ptII/ptolemy/actor/lib/test/auto/ExecStop.xml
5014 ms. Memory: 1362432K Free: 545955K (40%)
----------------- Invoking toplevel() on ptolemy.moml.MoMLSimpleApplication@6fc0278a
----------------- Done invoking toplevel() on ptolemy.moml.MoMLSimpleApplication@6fc0278a
reloadAllAccessors: .ExecStop

===========================================================================================
----------------- testing Fri May 10 04:15:16 UTC 2019 /home/travis/build/icyphy/ptII/ptolemy/actor/lib/test/auto/ExecutionTimeSDF.xml
----------------- Instantiating /home/travis/build/icyphy/ptII/ptolemy/actor/lib/test/auto/ExecutionTimeSDF.xml
Fired ExecutionTime: -1955367296
Fired ExecutionTime: 978800000
Fired ExecutionTime: -789767296
6005 ms. Memory: 1362432K Free: 527284K (39%)
----------------- Invoking toplevel() on ptolemy.moml.MoMLSimpleApplication@49d0983c
----------------- Done invoking toplevel() on ptolemy.moml.MoMLSimpleApplication@49d0983c
reloadAllAccessors: .ExecutionTimeSDF

===========================================================================================
----------------- testing Fri May 10 04:15:22 UTC 2019 /home/travis/build/icyphy/ptII/ptolemy/actor/lib/test/auto/Expression1.xml
----------------- Instantiating /home/travis/build/icyphy/ptII/ptolemy/actor/lib/test/auto/Expression1.xml
2 ms. Memory: 1362432K Free: 506073K (37%)
----------------- Invoking toplevel() on ptolemy.moml.MoMLSimpleApplication@24f0d17
----------------- Done invoking toplevel() on ptolemy.moml.MoMLSimpleApplication@24f0d17
reloadAllAccessors: .Expression1

===========================================================================================
----------------- testing Fri May 10 04:15:22 UTC 2019 /home/travis/build/icyphy/ptII/ptolemy/actor/lib/test/auto/Expression10.xml
----------------- Instantiating /home/travis/build/icyphy/ptII/ptolemy/actor/lib/test/auto/Expression10.xml
5 ms. Memory: 1362432K Free: 493626K (36%)
----------------- Invoking toplevel() on ptolemy.moml.MoMLSimpleApplication@7207b12
----------------- Done invoking toplevel() on ptolemy.moml.MoMLSimpleApplication@7207b12
reloadAllAccessors: .Expression10

===========================================================================================
----------------- testing Fri May 10 04:15:22 UTC 2019 /home/travis/build/icyphy/ptII/ptolemy/actor/lib/test/auto/Expression11.xml
----------------- Instantiating /home/travis/build/icyphy/ptII/ptolemy/actor/lib/test/auto/Expression11.xml
3 ms. Memory: 1362432K Free: 481179K (35%)
----------------- Invoking toplevel() on ptolemy.moml.MoMLSimpleApplication@385a3ff5
----------------- Done invoking toplevel() on ptolemy.moml.MoMLSimpleApplication@385a3ff5
reloadAllAccessors: .Expression11

===========================================================================================
----------------- testing Fri May 10 04:15:22 UTC 2019 /home/travis/build/icyphy/ptII/ptolemy/actor/lib/test/auto/Expression12.xml
----------------- Instantiating /home/travis/build/icyphy/ptII/ptolemy/actor/lib/test/auto/Expression12.xml
3 ms. Memory: 1362432K Free: 459968K (34%)
----------------- Invoking toplevel() on ptolemy.moml.MoMLSimpleApplication@4afd288a
----------------- Done invoking toplevel() on ptolemy.moml.MoMLSimpleApplication@4afd288a
reloadAllAccessors: .Expression12

===========================================================================================
----------------- testing Fri May 10 04:15:22 UTC 2019 /home/travis/build/icyphy/ptII/ptolemy/actor/lib/test/auto/Expression13.xml
----------------- Instantiating /home/travis/build/icyphy/ptII/ptolemy/actor/lib/test/auto/Expression13.xml
4 ms. Memory: 1362432K Free: 447521K (33%)
----------------- Invoking toplevel() on ptolemy.moml.MoMLSimpleApplication@740df75d
----------------- Done invoking toplevel() on ptolemy.moml.MoMLSimpleApplication@740df75d
reloadAllAccessors: .Expression13

===========================================================================================
----------------- testing Fri May 10 04:15:22 UTC 2019 /home/travis/build/icyphy/ptII/ptolemy/actor/lib/test/auto/Expression14.xml
----------------- Instantiating /home/travis/build/icyphy/ptII/ptolemy/actor/lib/test/auto/Expression14.xml
4 ms. Memory: 1362432K Free: 435075K (32%)
----------------- Invoking toplevel() on ptolemy.moml.MoMLSimpleApplication@434e2435
----------------- Done invoking toplevel() on ptolemy.moml.MoMLSimpleApplication@434e2435
reloadAllAccessors: .Expression14

===========================================================================================
----------------- testing Fri May 10 04:15:22 UTC 2019 /home/travis/build/icyphy/ptII/ptolemy/actor/lib/test/auto/Expression15.xml
----------------- Instantiating /home/travis/build/icyphy/ptII/ptolemy/actor/lib/test/auto/Expression15.xml
2 ms. Memory: 1362432K Free: 422628K (31%)
----------------- Invoking toplevel() on ptolemy.moml.MoMLSimpleApplication@60d1ade4
----------------- Done invoking toplevel() on ptolemy.moml.MoMLSimpleApplication@60d1ade4
reloadAllAccessors: .Expression15

===========================================================================================
----------------- testing Fri May 10 04:15:22 UTC 2019 /home/travis/build/icyphy/ptII/ptolemy/actor/lib/test/auto/Expression16.xml
----------------- Instantiating /home/travis/build/icyphy/ptII/ptolemy/actor/lib/test/auto/Expression16.xml
3 ms. Memory: 1362432K Free: 401417K (29%)
----------------- Invoking toplevel() on ptolemy.moml.MoMLSimpleApplication@5cdfb4e8
----------------- Done invoking toplevel() on ptolemy.moml.MoMLSimpleApplication@5cdfb4e8
reloadAllAccessors: .Expression16

===========================================================================================
----------------- testing Fri May 10 04:15:22 UTC 2019 /home/travis/build/icyphy/ptII/ptolemy/actor/lib/test/auto/Expression17.xml
----------------- Instantiating /home/travis/build/icyphy/ptII/ptolemy/actor/lib/test/auto/Expression17.xml
3 ms. Memory: 1362432K Free: 388970K (29%)
----------------- Invoking toplevel() on ptolemy.moml.MoMLSimpleApplication@24fc4aa0
----------------- Done invoking toplevel() on ptolemy.moml.MoMLSimpleApplication@24fc4aa0
reloadAllAccessors: .Expression17

===========================================================================================
----------------- testing Fri May 10 04:15:22 UTC 2019 /home/travis/build/icyphy/ptII/ptolemy/actor/lib/test/auto/Expression18.xml
----------------- Instantiating /home/travis/build/icyphy/ptII/ptolemy/actor/lib/test/auto/Expression18.xml
2 ms. Memory: 1362432K Free: 376523K (28%)
----------------- Invoking toplevel() on ptolemy.moml.MoMLSimpleApplication@1b9e9828
----------------- Done invoking toplevel() on ptolemy.moml.MoMLSimpleApplication@1b9e9828
reloadAllAccessors: .Expression18

===========================================================================================
----------------- testing Fri May 10 04:15:22 UTC 2019 /home/travis/build/icyphy/ptII/ptolemy/actor/lib/test/auto/Expression2.xml
----------------- Instantiating /home/travis/build/icyphy/ptII/ptolemy/actor/lib/test/auto/Expression2.xml
3 ms. Memory: 1362432K Free: 364076K (27%)
----------------- Invoking toplevel() on ptolemy.moml.MoMLSimpleApplication@150af369
----------------- Done invoking toplevel() on ptolemy.moml.MoMLSimpleApplication@150af369
reloadAllAccessors: .Expression2

===========================================================================================
----------------- testing Fri May 10 04:15:22 UTC 2019 /home/travis/build/icyphy/ptII/ptolemy/actor/lib/test/auto/Expression3.xml
----------------- Instantiating /home/travis/build/icyphy/ptII/ptolemy/actor/lib/test/auto/Expression3.xml
2 ms. Memory: 1362432K Free: 342866K (25%)
----------------- Invoking toplevel() on ptolemy.moml.MoMLSimpleApplication@bab7dd1
----------------- Done invoking toplevel() on ptolemy.moml.MoMLSimpleApplication@bab7dd1
reloadAllAccessors: .Expression3

===========================================================================================
----------------- testing Fri May 10 04:15:22 UTC 2019 /home/travis/build/icyphy/ptII/ptolemy/actor/lib/test/auto/Expression4.xml
----------------- Instantiating /home/travis/build/icyphy/ptII/ptolemy/actor/lib/test/auto/Expression4.xml
4 ms. Memory: 1362432K Free: 330419K (24%)
----------------- Invoking toplevel() on ptolemy.moml.MoMLSimpleApplication@50a44501
----------------- Done invoking toplevel() on ptolemy.moml.MoMLSimpleApplication@50a44501
reloadAllAccessors: .Expression4

===========================================================================================
----------------- testing Fri May 10 04:15:22 UTC 2019 /home/travis/build/icyphy/ptII/ptolemy/actor/lib/test/auto/Expression5.xml
----------------- Instantiating /home/travis/build/icyphy/ptII/ptolemy/actor/lib/test/auto/Expression5.xml
4 ms. Memory: 1362432K Free: 317972K (23%)
----------------- Invoking toplevel() on ptolemy.moml.MoMLSimpleApplication@1b639f75
----------------- Done invoking toplevel() on ptolemy.moml.MoMLSimpleApplication@1b639f75
reloadAllAccessors: .Expression5

===========================================================================================
----------------- testing Fri May 10 04:15:22 UTC 2019 /home/travis/build/icyphy/ptII/ptolemy/actor/lib/test/auto/Expression6.xml
----------------- Instantiating /home/travis/build/icyphy/ptII/ptolemy/actor/lib/test/auto/Expression6.xml
3 ms. Memory: 1362432K Free: 305525K (22%)
----------------- Invoking toplevel() on ptolemy.moml.MoMLSimpleApplication@35fb3e26
----------------- Done invoking toplevel() on ptolemy.moml.MoMLSimpleApplication@35fb3e26
reloadAllAccessors: .Expression6

===========================================================================================
----------------- testing Fri May 10 04:15:22 UTC 2019 /home/travis/build/icyphy/ptII/ptolemy/actor/lib/test/auto/Expression7.xml
----------------- Instantiating /home/travis/build/icyphy/ptII/ptolemy/actor/lib/test/auto/Expression7.xml
3 ms. Memory: 1362432K Free: 284315K (21%)
----------------- Invoking toplevel() on ptolemy.moml.MoMLSimpleApplication@7ae99e0a
----------------- Done invoking toplevel() on ptolemy.moml.MoMLSimpleApplication@7ae99e0a
reloadAllAccessors: .Expression7

===========================================================================================
----------------- testing Fri May 10 04:15:22 UTC 2019 /home/travis/build/icyphy/ptII/ptolemy/actor/lib/test/auto/Expression8.xml
----------------- Instantiating /home/travis/build/icyphy/ptII/ptolemy/actor/lib/test/auto/Expression8.xml
4 ms. Memory: 1362432K Free: 271868K (20%)
----------------- Invoking toplevel() on ptolemy.moml.MoMLSimpleApplication@6aea16d5
----------------- Done invoking toplevel() on ptolemy.moml.MoMLSimpleApplication@6aea16d5
reloadAllAccessors: .Expression8

===========================================================================================
----------------- testing Fri May 10 04:15:22 UTC 2019 /home/travis/build/icyphy/ptII/ptolemy/actor/lib/test/auto/Expression9.xml
----------------- Instantiating /home/travis/build/icyphy/ptII/ptolemy/actor/lib/test/auto/Expression9.xml
2 ms. Memory: 1362432K Free: 259421K (19%)
----------------- Invoking toplevel() on ptolemy.moml.MoMLSimpleApplication@52608686
----------------- Done invoking toplevel() on ptolemy.moml.MoMLSimpleApplication@52608686
reloadAllAccessors: .Expression9

===========================================================================================
----------------- testing Fri May 10 04:15:22 UTC 2019 /home/travis/build/icyphy/ptII/ptolemy/actor/lib/test/auto/ExpressionConcatenateArrayType.xml
----------------- Instantiating /home/travis/build/icyphy/ptII/ptolemy/actor/lib/test/auto/ExpressionConcatenateArrayType.xml
3 ms. Memory: 1362432K Free: 246974K (18%)
----------------- Invoking toplevel() on ptolemy.moml.MoMLSimpleApplication@48edae00
----------------- Done invoking toplevel() on ptolemy.moml.MoMLSimpleApplication@48edae00
reloadAllAccessors: .ExpressionConcatenateArrayType

===========================================================================================
----------------- testing Fri May 10 04:15:22 UTC 2019 /home/travis/build/icyphy/ptII/ptolemy/actor/lib/test/auto/ExpressionConcatenateArrayType2.xml
----------------- Instantiating /home/travis/build/icyphy/ptII/ptolemy/actor/lib/test/auto/ExpressionConcatenateArrayType2.xml
3 ms. Memory: 1362432K Free: 225763K (17%)
----------------- Invoking toplevel() on ptolemy.moml.MoMLSimpleApplication@5be75c9e
----------------- Done invoking toplevel() on ptolemy.moml.MoMLSimpleApplication@5be75c9e
reloadAllAccessors: .ExpressionConcatenateArrayType2

===========================================================================================
----------------- testing Fri May 10 04:15:22 UTC 2019 /home/travis/build/icyphy/ptII/ptolemy/actor/lib/test/auto/ExpressionFix.xml
----------------- Instantiating /home/travis/build/icyphy/ptII/ptolemy/actor/lib/test/auto/ExpressionFix.xml
9 ms. Memory: 1362432K Free: 213316K (16%)
----------------- Invoking toplevel() on ptolemy.moml.MoMLSimpleApplication@50d54543
----------------- Done invoking toplevel() on ptolemy.moml.MoMLSimpleApplication@50d54543
reloadAllAccessors: .ExpressionFix

===========================================================================================
----------------- testing Fri May 10 04:15:22 UTC 2019 /home/travis/build/icyphy/ptII/ptolemy/actor/lib/test/auto/ExpressionFix2.xml
----------------- Instantiating /home/travis/build/icyphy/ptII/ptolemy/actor/lib/test/auto/ExpressionFix2.xml
3 ms. Memory: 1362432K Free: 200870K (15%)
----------------- Invoking toplevel() on ptolemy.moml.MoMLSimpleApplication@6016246c
----------------- Done invoking toplevel() on ptolemy.moml.MoMLSimpleApplication@6016246c
reloadAllAccessors: .ExpressionFix2

===========================================================================================
----------------- testing Fri May 10 04:15:22 UTC 2019 /home/travis/build/icyphy/ptII/ptolemy/actor/lib/test/auto/ExpressionFix3.xml
----------------- Instantiating /home/travis/build/icyphy/ptII/ptolemy/actor/lib/test/auto/ExpressionFix3.xml
3 ms. Memory: 1362432K Free: 188423K (14%)
----------------- Invoking toplevel() on ptolemy.moml.MoMLSimpleApplication@43e486bf
----------------- Done invoking toplevel() on ptolemy.moml.MoMLSimpleApplication@43e486bf
reloadAllAccessors: .ExpressionFix3

===========================================================================================
----------------- testing Fri May 10 04:15:22 UTC 2019 /home/travis/build/icyphy/ptII/ptolemy/actor/lib/test/auto/FileWriter1.xml
----------------- Instantiating /home/travis/build/icyphy/ptII/ptolemy/actor/lib/test/auto/FileWriter1.xml
2 ms. Memory: 1362432K Free: 167212K (12%)
----------------- Invoking toplevel() on ptolemy.moml.MoMLSimpleApplication@45fac7e
----------------- Done invoking toplevel() on ptolemy.moml.MoMLSimpleApplication@45fac7e
reloadAllAccessors: .FileWriter1

===========================================================================================
----------------- testing Fri May 10 04:15:22 UTC 2019 /home/travis/build/icyphy/ptII/ptolemy/actor/lib/test/auto/FileWriter2.xml
----------------- Instantiating /home/travis/build/icyphy/ptII/ptolemy/actor/lib/test/auto/FileWriter2.xml
2 ms. Memory: 1362432K Free: 154765K (11%)
----------------- Invoking toplevel() on ptolemy.moml.MoMLSimpleApplication@3980cc32
----------------- Done invoking toplevel() on ptolemy.moml.MoMLSimpleApplication@3980cc32
reloadAllAccessors: .FileWriter2

===========================================================================================
----------------- testing Fri May 10 04:15:22 UTC 2019 /home/travis/build/icyphy/ptII/ptolemy/actor/lib/test/auto/FileWriter3.xml
----------------- Instantiating /home/travis/build/icyphy/ptII/ptolemy/actor/lib/test/auto/FileWriter3.xml
2 ms. Memory: 1362432K Free: 142318K (10%)
----------------- Invoking toplevel() on ptolemy.moml.MoMLSimpleApplication@43361711
----------------- Done invoking toplevel() on ptolemy.moml.MoMLSimpleApplication@43361711
reloadAllAccessors: .FileWriter3

===========================================================================================
----------------- testing Fri May 10 04:15:22 UTC 2019 /home/travis/build/icyphy/ptII/ptolemy/actor/lib/test/auto/Gaussian.xml
----------------- Instantiating /home/travis/build/icyphy/ptII/ptolemy/actor/lib/test/auto/Gaussian.xml
2 ms. Memory: 1362432K Free: 129871K (10%)
----------------- Invoking toplevel() on ptolemy.moml.MoMLSimpleApplication@70d55b50
----------------- Done invoking toplevel() on ptolemy.moml.MoMLSimpleApplication@70d55b50
reloadAllAccessors: .Gaussian

===========================================================================================
----------------- testing Fri May 10 04:15:22 UTC 2019 /home/travis/build/icyphy/ptII/ptolemy/actor/lib/test/auto/Gaussian1.xml
----------------- Instantiating /home/travis/build/icyphy/ptII/ptolemy/actor/lib/test/auto/Gaussian1.xml
3 ms. Memory: 1362432K Free: 108660K (8%)
----------------- Invoking toplevel() on ptolemy.moml.MoMLSimpleApplication@455ad856
----------------- Done invoking toplevel() on ptolemy.moml.MoMLSimpleApplication@455ad856
reloadAllAccessors: .Gaussian1

===========================================================================================
----------------- testing Fri May 10 04:15:22 UTC 2019 /home/travis/build/icyphy/ptII/ptolemy/actor/lib/test/auto/Gaussian2.xml
----------------- Instantiating /home/travis/build/icyphy/ptII/ptolemy/actor/lib/test/auto/Gaussian2.xml
2 ms. Memory: 1362432K Free: 96214K (7%)
----------------- Invoking toplevel() on ptolemy.moml.MoMLSimpleApplication@5820e094
----------------- Done invoking toplevel() on ptolemy.moml.MoMLSimpleApplication@5820e094
reloadAllAccessors: .Gaussian2

===========================================================================================
----------------- testing Fri May 10 04:15:22 UTC 2019 /home/travis/build/icyphy/ptII/ptolemy/actor/lib/test/auto/GradientAdaptiveLattice.xml
----------------- Instantiating /home/travis/build/icyphy/ptII/ptolemy/actor/lib/test/auto/GradientAdaptiveLattice.xml
4 ms. Memory: 1362432K Free: 83767K (6%)
----------------- Invoking toplevel() on ptolemy.moml.MoMLSimpleApplication@453748ca
----------------- Done invoking toplevel() on ptolemy.moml.MoMLSimpleApplication@453748ca
reloadAllAccessors: .GradientAdaptiveLattice

===========================================================================================
----------------- testing Fri May 10 04:15:22 UTC 2019 /home/travis/build/icyphy/ptII/ptolemy/actor/lib/test/auto/IIR.xml
----------------- Instantiating /home/travis/build/icyphy/ptII/ptolemy/actor/lib/test/auto/IIR.xml
6 ms. Memory: 1362944K Free: 1318519K (97%)
----------------- Invoking toplevel() on ptolemy.moml.MoMLSimpleApplication@3a540d81
----------------- Done invoking toplevel() on ptolemy.moml.MoMLSimpleApplication@3a540d81
reloadAllAccessors: .IIR

===========================================================================================
----------------- testing Fri May 10 04:15:22 UTC 2019 /home/travis/build/icyphy/ptII/ptolemy/actor/lib/test/auto/InputOutputTransparentPorts.xml
----------------- Instantiating /home/travis/build/icyphy/ptII/ptolemy/actor/lib/test/auto/InputOutputTransparentPorts.xml
2 ms. Memory: 1362944K Free: 1296405K (95%)
----------------- Invoking toplevel() on ptolemy.moml.MoMLSimpleApplication@6de589ae
----------------- Done invoking toplevel() on ptolemy.moml.MoMLSimpleApplication@6de589ae
reloadAllAccessors: .InputOutputTransparentPorts

===========================================================================================
----------------- testing Fri May 10 04:15:22 UTC 2019 /home/travis/build/icyphy/ptII/ptolemy/actor/lib/test/auto/Interpolator.xml
----------------- Instantiating /home/travis/build/icyphy/ptII/ptolemy/actor/lib/test/auto/Interpolator.xml
3 ms. Memory: 1362944K Free: 1283958K (94%)
----------------- Invoking toplevel() on ptolemy.moml.MoMLSimpleApplication@4c69c66d
----------------- Done invoking toplevel() on ptolemy.moml.MoMLSimpleApplication@4c69c66d
reloadAllAccessors: .Interpolator

===========================================================================================
----------------- testing Fri May 10 04:15:22 UTC 2019 /home/travis/build/icyphy/ptII/ptolemy/actor/lib/test/auto/InterpolatorFiringLimitDE.xml
----------------- Instantiating /home/travis/build/icyphy/ptII/ptolemy/actor/lib/test/auto/InterpolatorFiringLimitDE.xml
2 ms. Memory: 1362944K Free: 1264956K (93%)
----------------- Invoking toplevel() on ptolemy.moml.MoMLSimpleApplication@426ba28d
----------------- Done invoking toplevel() on ptolemy.moml.MoMLSimpleApplication@426ba28d
reloadAllAccessors: .InterpolatorFiringLimitDE

===========================================================================================
----------------- testing Fri May 10 04:15:23 UTC 2019 /home/travis/build/icyphy/ptII/ptolemy/actor/lib/test/auto/Lattice.xml
----------------- Instantiating /home/travis/build/icyphy/ptII/ptolemy/actor/lib/test/auto/Lattice.xml
2 ms. Memory: 1362944K Free: 1252509K (92%)
----------------- Invoking toplevel() on ptolemy.moml.MoMLSimpleApplication@33999221
----------------- Done invoking toplevel() on ptolemy.moml.MoMLSimpleApplication@33999221
reloadAllAccessors: .Lattice

===========================================================================================
----------------- testing Fri May 10 04:15:23 UTC 2019 /home/travis/build/icyphy/ptII/ptolemy/actor/lib/test/auto/LazyAOCTestLazy.xml
----------------- Instantiating /home/travis/build/icyphy/ptII/ptolemy/actor/lib/test/auto/LazyAOCTestLazy.xml
6 ms. Memory: 1362944K Free: 1240062K (91%)
----------------- Invoking toplevel() on ptolemy.moml.MoMLSimpleApplication@7d24752c
----------------- Done invoking toplevel() on ptolemy.moml.MoMLSimpleApplication@7d24752c
reloadAllAccessors: .LazyAOCTestLazy

===========================================================================================
----------------- testing Fri May 10 04:15:23 UTC 2019 /home/travis/build/icyphy/ptII/ptolemy/actor/lib/test/auto/LazyAOCTestNonLazy.xml
----------------- Instantiating /home/travis/build/icyphy/ptII/ptolemy/actor/lib/test/auto/LazyAOCTestNonLazy.xml
1 ms. Memory: 1362944K Free: 1221060K (90%)
----------------- Invoking toplevel() on ptolemy.moml.MoMLSimpleApplication@592ac36c
----------------- Done invoking toplevel() on ptolemy.moml.MoMLSimpleApplication@592ac36c
reloadAllAccessors: .LazyAOCTestNonLazy

===========================================================================================
----------------- testing Fri May 10 04:15:23 UTC 2019 /home/travis/build/icyphy/ptII/ptolemy/actor/lib/test/auto/LazyInnerClass.xml
----------------- Instantiating /home/travis/build/icyphy/ptII/ptolemy/actor/lib/test/auto/LazyInnerClass.xml
10 ms. Memory: 1362944K Free: 1208613K (89%)
----------------- Invoking toplevel() on ptolemy.moml.MoMLSimpleApplication@5512ad9e
----------------- Done invoking toplevel() on ptolemy.moml.MoMLSimpleApplication@5512ad9e
reloadAllAccessors: .LazyInnerClass

===========================================================================================
----------------- testing Fri May 10 04:15:23 UTC 2019 /home/travis/build/icyphy/ptII/ptolemy/actor/lib/test/auto/LazyPubSub.xml
----------------- Instantiating /home/travis/build/icyphy/ptII/ptolemy/actor/lib/test/auto/LazyPubSub.xml
20 ms. Memory: 1362944K Free: 1196166K (88%)
----------------- Invoking toplevel() on ptolemy.moml.MoMLSimpleApplication@56e56c92
----------------- Done invoking toplevel() on ptolemy.moml.MoMLSimpleApplication@56e56c92
reloadAllAccessors: .LazyPubSub

===========================================================================================
----------------- testing Fri May 10 04:15:23 UTC 2019 /home/travis/build/icyphy/ptII/ptolemy/actor/lib/test/auto/LazyPubSub2.xml
----------------- Instantiating /home/travis/build/icyphy/ptII/ptolemy/actor/lib/test/auto/LazyPubSub2.xml
14 ms. Memory: 1362944K Free: 1177164K (86%)
----------------- Invoking toplevel() on ptolemy.moml.MoMLSimpleApplication@1f717003
----------------- Done invoking toplevel() on ptolemy.moml.MoMLSimpleApplication@1f717003
reloadAllAccessors: .LazyPubSub2

===========================================================================================
----------------- testing Fri May 10 04:15:23 UTC 2019 /home/travis/build/icyphy/ptII/ptolemy/actor/lib/test/auto/LazyPubSub3.xml
----------------- Instantiating /home/travis/build/icyphy/ptII/ptolemy/actor/lib/test/auto/LazyPubSub3.xml
25 ms. Memory: 1362944K Free: 1164717K (85%)
----------------- Invoking toplevel() on ptolemy.moml.MoMLSimpleApplication@16509e
----------------- Done invoking toplevel() on ptolemy.moml.MoMLSimpleApplication@16509e
reloadAllAccessors: .LazyPubSub3

===========================================================================================
----------------- testing Fri May 10 04:15:23 UTC 2019 /home/travis/build/icyphy/ptII/ptolemy/actor/lib/test/auto/LazySubClassModel.xml
----------------- Instantiating /home/travis/build/icyphy/ptII/ptolemy/actor/lib/test/auto/LazySubClassModel.xml
2 ms. Memory: 1362944K Free: 1145960K (84%)
----------------- Invoking toplevel() on ptolemy.moml.MoMLSimpleApplication@c439c8e
----------------- Done invoking toplevel() on ptolemy.moml.MoMLSimpleApplication@c439c8e
reloadAllAccessors: .LazySubClassModel

===========================================================================================
----------------- testing Fri May 10 04:15:23 UTC 2019 /home/travis/build/icyphy/ptII/ptolemy/actor/lib/test/auto/LevelCrossTest1.xml
----------------- Instantiating /home/travis/build/icyphy/ptII/ptolemy/actor/lib/test/auto/LevelCrossTest1.xml
1 ms. Memory: 1362944K Free: 1126957K (83%)
----------------- Invoking toplevel() on ptolemy.moml.MoMLSimpleApplication@3ff88590
----------------- Done invoking toplevel() on ptolemy.moml.MoMLSimpleApplication@3ff88590
reloadAllAccessors: .broken

===========================================================================================
----------------- testing Fri May 10 04:15:23 UTC 2019 /home/travis/build/icyphy/ptII/ptolemy/actor/lib/test/auto/LevelCrossTest10.xml
----------------- Instantiating /home/travis/build/icyphy/ptII/ptolemy/actor/lib/test/auto/LevelCrossTest10.xml
1 ms. Memory: 1362944K Free: 1114511K (82%)
----------------- Invoking toplevel() on ptolemy.moml.MoMLSimpleApplication@2797836c
----------------- Done invoking toplevel() on ptolemy.moml.MoMLSimpleApplication@2797836c
reloadAllAccessors: .LevelCrossTest10

===========================================================================================
----------------- testing Fri May 10 04:15:23 UTC 2019 /home/travis/build/icyphy/ptII/ptolemy/actor/lib/test/auto/LevelCrossTest11.xml
----------------- Instantiating /home/travis/build/icyphy/ptII/ptolemy/actor/lib/test/auto/LevelCrossTest11.xml
1 ms. Memory: 1362944K Free: 1102064K (81%)
----------------- Invoking toplevel() on ptolemy.moml.MoMLSimpleApplication@47462ead
----------------- Done invoking toplevel() on ptolemy.moml.MoMLSimpleApplication@47462ead
reloadAllAccessors: .LevelCrossTest11

===========================================================================================
----------------- testing Fri May 10 04:15:23 UTC 2019 /home/travis/build/icyphy/ptII/ptolemy/actor/lib/test/auto/LevelCrossTest12.xml
----------------- Instantiating /home/travis/build/icyphy/ptII/ptolemy/actor/lib/test/auto/LevelCrossTest12.xml
1 ms. Memory: 1362944K Free: 1083061K (79%)
----------------- Invoking toplevel() on ptolemy.moml.MoMLSimpleApplication@7aa06080
----------------- Done invoking toplevel() on ptolemy.moml.MoMLSimpleApplication@7aa06080
reloadAllAccessors: .LevelCrossTest12

===========================================================================================
----------------- testing Fri May 10 04:15:23 UTC 2019 /home/travis/build/icyphy/ptII/ptolemy/actor/lib/test/auto/LevelCrossTest13.xml
----------------- Instantiating /home/travis/build/icyphy/ptII/ptolemy/actor/lib/test/auto/LevelCrossTest13.xml
1 ms. Memory: 1362944K Free: 1070614K (79%)
----------------- Invoking toplevel() on ptolemy.moml.MoMLSimpleApplication@2d25586f
----------------- Done invoking toplevel() on ptolemy.moml.MoMLSimpleApplication@2d25586f
reloadAllAccessors: .LevelCrossTest13

===========================================================================================
----------------- testing Fri May 10 04:15:23 UTC 2019 /home/travis/build/icyphy/ptII/ptolemy/actor/lib/test/auto/LevelCrossTest2.xml
----------------- Instantiating /home/travis/build/icyphy/ptII/ptolemy/actor/lib/test/auto/LevelCrossTest2.xml
2 ms. Memory: 1362944K Free: 1058168K (78%)
----------------- Invoking toplevel() on ptolemy.moml.MoMLSimpleApplication@197de2be
----------------- Done invoking toplevel() on ptolemy.moml.MoMLSimpleApplication@197de2be
reloadAllAccessors: .broken

===========================================================================================
----------------- testing Fri May 10 04:15:23 UTC 2019 /home/travis/build/icyphy/ptII/ptolemy/actor/lib/test/auto/LevelCrossTest3.xml
----------------- Instantiating /home/travis/build/icyphy/ptII/ptolemy/actor/lib/test/auto/LevelCrossTest3.xml
2 ms. Memory: 1362944K Free: 1039165K (76%)
----------------- Invoking toplevel() on ptolemy.moml.MoMLSimpleApplication@13ae6a12
----------------- Done invoking toplevel() on ptolemy.moml.MoMLSimpleApplication@13ae6a12
reloadAllAccessors: .LevelCrossTest3

===========================================================================================
----------------- testing Fri May 10 04:15:23 UTC 2019 /home/travis/build/icyphy/ptII/ptolemy/actor/lib/test/auto/LevelCrossTest4.xml
----------------- Instantiating /home/travis/build/icyphy/ptII/ptolemy/actor/lib/test/auto/LevelCrossTest4.xml
1 ms. Memory: 1362944K Free: 1026719K (75%)
----------------- Invoking toplevel() on ptolemy.moml.MoMLSimpleApplication@5b74dcbf
----------------- Done invoking toplevel() on ptolemy.moml.MoMLSimpleApplication@5b74dcbf
reloadAllAccessors: .broken

===========================================================================================
----------------- testing Fri May 10 04:15:23 UTC 2019 /home/travis/build/icyphy/ptII/ptolemy/actor/lib/test/auto/LevelCrossTest5.xml
----------------- Instantiating /home/travis/build/icyphy/ptII/ptolemy/actor/lib/test/auto/LevelCrossTest5.xml
4 ms. Memory: 1362944K Free: 1007716K (74%)
----------------- Invoking toplevel() on ptolemy.moml.MoMLSimpleApplication@75a5878f
----------------- Done invoking toplevel() on ptolemy.moml.MoMLSimpleApplication@75a5878f
reloadAllAccessors: .LevelCrossTest5

===========================================================================================
----------------- testing Fri May 10 04:15:23 UTC 2019 /home/travis/build/icyphy/ptII/ptolemy/actor/lib/test/auto/LevelCrossTest6.xml
----------------- Instantiating /home/travis/build/icyphy/ptII/ptolemy/actor/lib/test/auto/LevelCrossTest6.xml
2 ms. Memory: 1362944K Free: 995270K (73%)
----------------- Invoking toplevel() on ptolemy.moml.MoMLSimpleApplication@613cdc9f
----------------- Done invoking toplevel() on ptolemy.moml.MoMLSimpleApplication@613cdc9f
reloadAllAccessors: .LevelCrossTest6

===========================================================================================
----------------- testing Fri May 10 04:15:23 UTC 2019 /home/travis/build/icyphy/ptII/ptolemy/actor/lib/test/auto/LevelCrossTest7.xml
----------------- Instantiating /home/travis/build/icyphy/ptII/ptolemy/actor/lib/test/auto/LevelCrossTest7.xml
2 ms. Memory: 1362944K Free: 982823K (72%)
----------------- Invoking toplevel() on ptolemy.moml.MoMLSimpleApplication@cac8656
----------------- Done invoking toplevel() on ptolemy.moml.MoMLSimpleApplication@cac8656
reloadAllAccessors: .LevelCrossTest7

===========================================================================================
----------------- testing Fri May 10 04:15:23 UTC 2019 /home/travis/build/icyphy/ptII/ptolemy/actor/lib/test/auto/LevelCrossTest8.xml
----------------- Instantiating /home/travis/build/icyphy/ptII/ptolemy/actor/lib/test/auto/LevelCrossTest8.xml
1 ms. Memory: 1362944K Free: 963820K (71%)
----------------- Invoking toplevel() on ptolemy.moml.MoMLSimpleApplication@2526d68f
----------------- Done invoking toplevel() on ptolemy.moml.MoMLSimpleApplication@2526d68f
reloadAllAccessors: .LevelCrossTest8

===========================================================================================
----------------- testing Fri May 10 04:15:23 UTC 2019 /home/travis/build/icyphy/ptII/ptolemy/actor/lib/test/auto/LevelCrossTest9.xml
----------------- Instantiating /home/travis/build/icyphy/ptII/ptolemy/actor/lib/test/auto/LevelCrossTest9.xml
1 ms. Memory: 1362944K Free: 951374K (70%)
----------------- Invoking toplevel() on ptolemy.moml.MoMLSimpleApplication@7dbb249f
----------------- Done invoking toplevel() on ptolemy.moml.MoMLSimpleApplication@7dbb249f
reloadAllAccessors: .LevelCrossTest9

===========================================================================================
----------------- testing Fri May 10 04:15:23 UTC 2019 /home/travis/build/icyphy/ptII/ptolemy/actor/lib/test/auto/LevinsonDurbin.xml
----------------- Instantiating /home/travis/build/icyphy/ptII/ptolemy/actor/lib/test/auto/LevinsonDurbin.xml
6 ms. Memory: 1362944K Free: 938927K (69%)
----------------- Invoking toplevel() on ptolemy.moml.MoMLSimpleApplication@940d92b
----------------- Done invoking toplevel() on ptolemy.moml.MoMLSimpleApplication@940d92b
reloadAllAccessors: .LevinsonDurbin

===========================================================================================
----------------- testing Fri May 10 04:15:23 UTC 2019 /home/travis/build/icyphy/ptII/ptolemy/actor/lib/test/auto/LevinsonDurbin2.xml
----------------- Instantiating /home/travis/build/icyphy/ptII/ptolemy/actor/lib/test/auto/LevinsonDurbin2.xml
1 ms. Memory: 1362944K Free: 919924K (67%)
----------------- Invoking toplevel() on ptolemy.moml.MoMLSimpleApplication@26526e15
----------------- Done invoking toplevel() on ptolemy.moml.MoMLSimpleApplication@26526e15
reloadAllAccessors: .LevinsonDurbin2

===========================================================================================
----------------- testing Fri May 10 04:15:23 UTC 2019 /home/travis/build/icyphy/ptII/ptolemy/actor/lib/test/auto/LevinsonDurbin3.xml
----------------- Instantiating /home/travis/build/icyphy/ptII/ptolemy/actor/lib/test/auto/LevinsonDurbin3.xml
2 ms. Memory: 1362944K Free: 907477K (67%)
----------------- Invoking toplevel() on ptolemy.moml.MoMLSimpleApplication@7f667f70
----------------- Done invoking toplevel() on ptolemy.moml.MoMLSimpleApplication@7f667f70
reloadAllAccessors: .LevinsonDurbin3

===========================================================================================
----------------- testing Fri May 10 04:15:23 UTC 2019 /home/travis/build/icyphy/ptII/ptolemy/actor/lib/test/auto/Limiter.xml
----------------- Instantiating /home/travis/build/icyphy/ptII/ptolemy/actor/lib/test/auto/Limiter.xml
4 ms. Memory: 1362944K Free: 895031K (66%)
----------------- Invoking toplevel() on ptolemy.moml.MoMLSimpleApplication@555407f1
----------------- Done invoking toplevel() on ptolemy.moml.MoMLSimpleApplication@555407f1
reloadAllAccessors: .Limiter

===========================================================================================
----------------- testing Fri May 10 04:15:23 UTC 2019 /home/travis/build/icyphy/ptII/ptolemy/actor/lib/test/auto/LinearDifferenceEquationSystem.xml
----------------- Instantiating /home/travis/build/icyphy/ptII/ptolemy/actor/lib/test/auto/LinearDifferenceEquationSystem.xml
4 ms. Memory: 1362944K Free: 876028K (64%)
----------------- Invoking toplevel() on ptolemy.moml.MoMLSimpleApplication@2e70f5c5
----------------- Done invoking toplevel() on ptolemy.moml.MoMLSimpleApplication@2e70f5c5
reloadAllAccessors: .LinearDifferenceEquationSystem

===========================================================================================
----------------- testing Fri May 10 04:15:23 UTC 2019 /home/travis/build/icyphy/ptII/ptolemy/actor/lib/test/auto/LookupTable.xml
----------------- Instantiating /home/travis/build/icyphy/ptII/ptolemy/actor/lib/test/auto/LookupTable.xml
2 ms. Memory: 1362944K Free: 863582K (63%)
----------------- Invoking toplevel() on ptolemy.moml.MoMLSimpleApplication@a48e9fc
----------------- Done invoking toplevel() on ptolemy.moml.MoMLSimpleApplication@a48e9fc
reloadAllAccessors: .LookupTable

===========================================================================================
----------------- testing Fri May 10 04:15:23 UTC 2019 /home/travis/build/icyphy/ptII/ptolemy/actor/lib/test/auto/MathFunction.xml
----------------- Instantiating /home/travis/build/icyphy/ptII/ptolemy/actor/lib/test/auto/MathFunction.xml
9 ms. Memory: 1362944K Free: 851135K (62%)
----------------- Invoking toplevel() on ptolemy.moml.MoMLSimpleApplication@72dad30b
----------------- Done invoking toplevel() on ptolemy.moml.MoMLSimpleApplication@72dad30b
reloadAllAccessors: .MathFunction

===========================================================================================
----------------- testing Fri May 10 04:15:23 UTC 2019 /home/travis/build/icyphy/ptII/ptolemy/actor/lib/test/auto/MathFunction2.xml
----------------- Instantiating /home/travis/build/icyphy/ptII/ptolemy/actor/lib/test/auto/MathFunction2.xml
1 ms. Memory: 1362944K Free: 832132K (61%)
----------------- Invoking toplevel() on ptolemy.moml.MoMLSimpleApplication@4a3428bf
----------------- Done invoking toplevel() on ptolemy.moml.MoMLSimpleApplication@4a3428bf
reloadAllAccessors: .MathFunction2

===========================================================================================
----------------- testing Fri May 10 04:15:23 UTC 2019 /home/travis/build/icyphy/ptII/ptolemy/actor/lib/test/auto/MathFunction3.xml
----------------- Instantiating /home/travis/build/icyphy/ptII/ptolemy/actor/lib/test/auto/MathFunction3.xml
2 ms. Memory: 1362944K Free: 819686K (60%)
----------------- Invoking toplevel() on ptolemy.moml.MoMLSimpleApplication@1e53d3fb
----------------- Done invoking toplevel() on ptolemy.moml.MoMLSimpleApplication@1e53d3fb
reloadAllAccessors: .MathFunction3

===========================================================================================
----------------- testing Fri May 10 04:15:23 UTC 2019 /home/travis/build/icyphy/ptII/ptolemy/actor/lib/test/auto/MatrixCropBoolean.xml
----------------- Instantiating /home/travis/build/icyphy/ptII/ptolemy/actor/lib/test/auto/MatrixCropBoolean.xml
2 ms. Memory: 1362944K Free: 807239K (59%)
----------------- Invoking toplevel() on ptolemy.moml.MoMLSimpleApplication@a9988d9
----------------- Done invoking toplevel() on ptolemy.moml.MoMLSimpleApplication@a9988d9
reloadAllAccessors: .MatrixCropBoolean

===========================================================================================
----------------- testing Fri May 10 04:15:23 UTC 2019 /home/travis/build/icyphy/ptII/ptolemy/actor/lib/test/auto/MatrixCropComplex.xml
----------------- Instantiating /home/travis/build/icyphy/ptII/ptolemy/actor/lib/test/auto/MatrixCropComplex.xml
1 ms. Memory: 1362944K Free: 788237K (58%)
----------------- Invoking toplevel() on ptolemy.moml.MoMLSimpleApplication@f475c13
----------------- Done invoking toplevel() on ptolemy.moml.MoMLSimpleApplication@f475c13
reloadAllAccessors: .MatrixCropComplex

===========================================================================================
----------------- testing Fri May 10 04:15:23 UTC 2019 /home/travis/build/icyphy/ptII/ptolemy/actor/lib/test/auto/MatrixCropDouble.xml
----------------- Instantiating /home/travis/build/icyphy/ptII/ptolemy/actor/lib/test/auto/MatrixCropDouble.xml
2 ms. Memory: 1362944K Free: 775790K (57%)
----------------- Invoking toplevel() on ptolemy.moml.MoMLSimpleApplication@66807809
----------------- Done invoking toplevel() on ptolemy.moml.MoMLSimpleApplication@66807809
reloadAllAccessors: .MatrixCropDouble

===========================================================================================
----------------- testing Fri May 10 04:15:23 UTC 2019 /home/travis/build/icyphy/ptII/ptolemy/actor/lib/test/auto/MatrixCropFix.xml
----------------- Instantiating /home/travis/build/icyphy/ptII/ptolemy/actor/lib/test/auto/MatrixCropFix.xml
2 ms. Memory: 1362944K Free: 756787K (56%)
----------------- Invoking toplevel() on ptolemy.moml.MoMLSimpleApplication@da0d74b
----------------- Done invoking toplevel() on ptolemy.moml.MoMLSimpleApplication@da0d74b
reloadAllAccessors: .MatrixCropFix

===========================================================================================
----------------- testing Fri May 10 04:15:23 UTC 2019 /home/travis/build/icyphy/ptII/ptolemy/actor/lib/test/auto/MatrixCropInt.xml
----------------- Instantiating /home/travis/build/icyphy/ptII/ptolemy/actor/lib/test/auto/MatrixCropInt.xml
2 ms. Memory: 1362944K Free: 744341K (55%)
----------------- Invoking toplevel() on ptolemy.moml.MoMLSimpleApplication@70573f69
----------------- Done invoking toplevel() on ptolemy.moml.MoMLSimpleApplication@70573f69
reloadAllAccessors: .MatrixCropInt

===========================================================================================
----------------- testing Fri May 10 04:15:23 UTC 2019 /home/travis/build/icyphy/ptII/ptolemy/actor/lib/test/auto/MatrixCropLong.xml
----------------- Instantiating /home/travis/build/icyphy/ptII/ptolemy/actor/lib/test/auto/MatrixCropLong.xml
1 ms. Memory: 1362944K Free: 731894K (54%)
----------------- Invoking toplevel() on ptolemy.moml.MoMLSimpleApplication@896505f
----------------- Done invoking toplevel() on ptolemy.moml.MoMLSimpleApplication@896505f
reloadAllAccessors: .MatrixCropLong

===========================================================================================
----------------- testing Fri May 10 04:15:23 UTC 2019 /home/travis/build/icyphy/ptII/ptolemy/actor/lib/test/auto/MatrixToArray.xml
----------------- Instantiating /home/travis/build/icyphy/ptII/ptolemy/actor/lib/test/auto/MatrixToArray.xml
7 ms. Memory: 1362944K Free: 700429K (51%)
----------------- Invoking toplevel() on ptolemy.moml.MoMLSimpleApplication@5a5b761d
----------------- Done invoking toplevel() on ptolemy.moml.MoMLSimpleApplication@5a5b761d
reloadAllAccessors: .MatrixToArray

===========================================================================================
----------------- testing Fri May 10 04:15:23 UTC 2019 /home/travis/build/icyphy/ptII/ptolemy/actor/lib/test/auto/MaxIndex.xml
----------------- Instantiating /home/travis/build/icyphy/ptII/ptolemy/actor/lib/test/auto/MaxIndex.xml
4 ms. Memory: 1362944K Free: 687982K (50%)
----------------- Invoking toplevel() on ptolemy.moml.MoMLSimpleApplication@67dca819
----------------- Done invoking toplevel() on ptolemy.moml.MoMLSimpleApplication@67dca819
reloadAllAccessors: .MaxIndex

===========================================================================================
----------------- testing Fri May 10 04:15:23 UTC 2019 /home/travis/build/icyphy/ptII/ptolemy/actor/lib/test/auto/Maximum.xml
----------------- Instantiating /home/travis/build/icyphy/ptII/ptolemy/actor/lib/test/auto/Maximum.xml
2 ms. Memory: 1362944K Free: 675535K (50%)
----------------- Invoking toplevel() on ptolemy.moml.MoMLSimpleApplication@31d436d8
----------------- Done invoking toplevel() on ptolemy.moml.MoMLSimpleApplication@31d436d8
reloadAllAccessors: .Maximum

===========================================================================================
----------------- testing Fri May 10 04:15:23 UTC 2019 /home/travis/build/icyphy/ptII/ptolemy/actor/lib/test/auto/MaximumComplex.xml
----------------- Instantiating /home/travis/build/icyphy/ptII/ptolemy/actor/lib/test/auto/MaximumComplex.xml
3 ms. Memory: 1362944K Free: 656532K (48%)
----------------- Invoking toplevel() on ptolemy.moml.MoMLSimpleApplication@4fb2f6fa
----------------- Done invoking toplevel() on ptolemy.moml.MoMLSimpleApplication@4fb2f6fa
reloadAllAccessors: .MaximumComplex

===========================================================================================
----------------- testing Fri May 10 04:15:23 UTC 2019 /home/travis/build/icyphy/ptII/ptolemy/actor/lib/test/auto/MethodCallTest.xml
----------------- Instantiating /home/travis/build/icyphy/ptII/ptolemy/actor/lib/test/auto/MethodCallTest.xml
6 ms. Memory: 1362944K Free: 644086K (47%)
----------------- Invoking toplevel() on ptolemy.moml.MoMLSimpleApplication@39edc22
----------------- Done invoking toplevel() on ptolemy.moml.MoMLSimpleApplication@39edc22
reloadAllAccessors: .MethodCallTest

===========================================================================================
----------------- testing Fri May 10 04:15:23 UTC 2019 /home/travis/build/icyphy/ptII/ptolemy/actor/lib/test/auto/Minimum.xml
----------------- Instantiating /home/travis/build/icyphy/ptII/ptolemy/actor/lib/test/auto/Minimum.xml
2 ms. Memory: 1362944K Free: 631639K (46%)
----------------- Invoking toplevel() on ptolemy.moml.MoMLSimpleApplication@53a1d2b2
----------------- Done invoking toplevel() on ptolemy.moml.MoMLSimpleApplication@53a1d2b2
reloadAllAccessors: .Minimum

===========================================================================================
----------------- testing Fri May 10 04:15:23 UTC 2019 /home/travis/build/icyphy/ptII/ptolemy/actor/lib/test/auto/MinimumComplex.xml
----------------- Instantiating /home/travis/build/icyphy/ptII/ptolemy/actor/lib/test/auto/MinimumComplex.xml
3 ms. Memory: 1362944K Free: 612636K (45%)
----------------- Invoking toplevel() on ptolemy.moml.MoMLSimpleApplication@214546db
----------------- Done invoking toplevel() on ptolemy.moml.MoMLSimpleApplication@214546db
reloadAllAccessors: .MinimumComplex

===========================================================================================
----------------- testing Fri May 10 04:15:23 UTC 2019 /home/travis/build/icyphy/ptII/ptolemy/actor/lib/test/auto/MinimumMultiports.xml
----------------- Instantiating /home/travis/build/icyphy/ptII/ptolemy/actor/lib/test/auto/MinimumMultiports.xml
3 ms. Memory: 1362944K Free: 600190K (44%)
----------------- Invoking toplevel() on ptolemy.moml.MoMLSimpleApplication@7fa50bad
----------------- Done invoking toplevel() on ptolemy.moml.MoMLSimpleApplication@7fa50bad
reloadAllAccessors: .MinimumMultiports

===========================================================================================
----------------- testing Fri May 10 04:15:24 UTC 2019 /home/travis/build/icyphy/ptII/ptolemy/actor/lib/test/auto/ModifyDate.xml
----------------- Instantiating /home/travis/build/icyphy/ptII/ptolemy/actor/lib/test/auto/ModifyDate.xml
9 ms. Memory: 1362944K Free: 581519K (43%)
----------------- Invoking toplevel() on ptolemy.moml.MoMLSimpleApplication@66ec2479
----------------- Done invoking toplevel() on ptolemy.moml.MoMLSimpleApplication@66ec2479
reloadAllAccessors: .ModifyDate

===========================================================================================
----------------- testing Fri May 10 04:15:24 UTC 2019 /home/travis/build/icyphy/ptII/ptolemy/actor/lib/test/auto/ModifyDate2.xml
----------------- Instantiating /home/travis/build/icyphy/ptII/ptolemy/actor/lib/test/auto/ModifyDate2.xml
3 ms. Memory: 1362944K Free: 556278K (41%)
----------------- Invoking toplevel() on ptolemy.moml.MoMLSimpleApplication@2ca9da04
----------------- Done invoking toplevel() on ptolemy.moml.MoMLSimpleApplication@2ca9da04
reloadAllAccessors: .ModifyDate2

===========================================================================================
----------------- testing Fri May 10 04:15:24 UTC 2019 /home/travis/build/icyphy/ptII/ptolemy/actor/lib/test/auto/MovingAverage.xml
----------------- Instantiating /home/travis/build/icyphy/ptII/ptolemy/actor/lib/test/auto/MovingAverage.xml
2 ms. Memory: 1362944K Free: 543831K (40%)
----------------- Invoking toplevel() on ptolemy.moml.MoMLSimpleApplication@1a751538
----------------- Done invoking toplevel() on ptolemy.moml.MoMLSimpleApplication@1a751538
reloadAllAccessors: .MovingAverage

===========================================================================================
----------------- testing Fri May 10 04:15:24 UTC 2019 /home/travis/build/icyphy/ptII/ptolemy/actor/lib/test/auto/MovingMaximum.xml
----------------- Instantiating /home/travis/build/icyphy/ptII/ptolemy/actor/lib/test/auto/MovingMaximum.xml
5 ms. Memory: 1362944K Free: 524829K (39%)
----------------- Invoking toplevel() on ptolemy.moml.MoMLSimpleApplication@7c80e6b7
----------------- Done invoking toplevel() on ptolemy.moml.MoMLSimpleApplication@7c80e6b7
reloadAllAccessors: .MovingMaximum

===========================================================================================
----------------- testing Fri May 10 04:15:24 UTC 2019 /home/travis/build/icyphy/ptII/ptolemy/actor/lib/test/auto/MultipleLinksToSameRelation.xml
----------------- Instantiating /home/travis/build/icyphy/ptII/ptolemy/actor/lib/test/auto/MultipleLinksToSameRelation.xml
2 ms. Memory: 1362944K Free: 512382K (38%)
----------------- Invoking toplevel() on ptolemy.moml.MoMLSimpleApplication@66e8080a
----------------- Done invoking toplevel() on ptolemy.moml.MoMLSimpleApplication@66e8080a
reloadAllAccessors: .MultipleLinksToSameRelation

===========================================================================================
----------------- testing Fri May 10 04:15:24 UTC 2019 /home/travis/build/icyphy/ptII/ptolemy/actor/lib/test/auto/MultipleLinksToSameRelationDE.xml
----------------- Instantiating /home/travis/build/icyphy/ptII/ptolemy/actor/lib/test/auto/MultipleLinksToSameRelationDE.xml
1 ms. Memory: 1362944K Free: 499935K (37%)
----------------- Invoking toplevel() on ptolemy.moml.MoMLSimpleApplication@54efa99a
----------------- Done invoking toplevel() on ptolemy.moml.MoMLSimpleApplication@54efa99a
reloadAllAccessors: .MultipleLinksToSameRelationDE

===========================================================================================
----------------- testing Fri May 10 04:15:24 UTC 2019 /home/travis/build/icyphy/ptII/ptolemy/actor/lib/test/auto/Multiplexor.xml
----------------- Instantiating /home/travis/build/icyphy/ptII/ptolemy/actor/lib/test/auto/Multiplexor.xml
2 ms. Memory: 1362944K Free: 480933K (35%)
----------------- Invoking toplevel() on ptolemy.moml.MoMLSimpleApplication@88dfb59
----------------- Done invoking toplevel() on ptolemy.moml.MoMLSimpleApplication@88dfb59
reloadAllAccessors: .Multiplexor

===========================================================================================
----------------- testing Fri May 10 04:15:24 UTC 2019 /home/travis/build/icyphy/ptII/ptolemy/actor/lib/test/auto/Multiplexor1.xml
----------------- Instantiating /home/travis/build/icyphy/ptII/ptolemy/actor/lib/test/auto/Multiplexor1.xml
2 ms. Memory: 1362944K Free: 468486K (34%)
----------------- Invoking toplevel() on ptolemy.moml.MoMLSimpleApplication@7d0486f7
----------------- Done invoking toplevel() on ptolemy.moml.MoMLSimpleApplication@7d0486f7
reloadAllAccessors: .Multiplexor1

===========================================================================================
----------------- testing Fri May 10 04:15:24 UTC 2019 /home/travis/build/icyphy/ptII/ptolemy/actor/lib/test/auto/Multiplexor2.xml
----------------- Instantiating /home/travis/build/icyphy/ptII/ptolemy/actor/lib/test/auto/Multiplexor2.xml
5 ms. Memory: 1362944K Free: 456039K (33%)
----------------- Invoking toplevel() on ptolemy.moml.MoMLSimpleApplication@58ff8938
----------------- Done invoking toplevel() on ptolemy.moml.MoMLSimpleApplication@58ff8938
reloadAllAccessors: .Multiplexor2

===========================================================================================
----------------- testing Fri May 10 04:15:24 UTC 2019 /home/travis/build/icyphy/ptII/ptolemy/actor/lib/test/auto/Multiplexor3.xml
----------------- Instantiating /home/travis/build/icyphy/ptII/ptolemy/actor/lib/test/auto/Multiplexor3.xml
1 ms. Memory: 1362944K Free: 437037K (32%)
----------------- Invoking toplevel() on ptolemy.moml.MoMLSimpleApplication@141ef481
----------------- Done invoking toplevel() on ptolemy.moml.MoMLSimpleApplication@141ef481
reloadAllAccessors: .Multiplexor3

===========================================================================================
----------------- testing Fri May 10 04:15:24 UTC 2019 /home/travis/build/icyphy/ptII/ptolemy/actor/lib/test/auto/MultiplexorDE.xml
----------------- Instantiating /home/travis/build/icyphy/ptII/ptolemy/actor/lib/test/auto/MultiplexorDE.xml
3 ms. Memory: 1362944K Free: 424590K (31%)
----------------- Invoking toplevel() on ptolemy.moml.MoMLSimpleApplication@66f76555
----------------- Done invoking toplevel() on ptolemy.moml.MoMLSimpleApplication@66f76555
reloadAllAccessors: .MultiplexorDE

===========================================================================================
----------------- testing Fri May 10 04:15:24 UTC 2019 /home/travis/build/icyphy/ptII/ptolemy/actor/lib/test/auto/MultiportBroadcastTest.xml
----------------- Instantiating /home/travis/build/icyphy/ptII/ptolemy/actor/lib/test/auto/MultiportBroadcastTest.xml
87 ms. Memory: 1362944K Free: 412144K (30%)
----------------- Invoking toplevel() on ptolemy.moml.MoMLSimpleApplication@6f5e16d3
----------------- Done invoking toplevel() on ptolemy.moml.MoMLSimpleApplication@6f5e16d3
reloadAllAccessors: .MultiportBroadcastTest

===========================================================================================
----------------- testing Fri May 10 04:15:24 UTC 2019 /home/travis/build/icyphy/ptII/ptolemy/actor/lib/test/auto/MultiportOutHangDuringGetWidth.xml
----------------- Instantiating /home/travis/build/icyphy/ptII/ptolemy/actor/lib/test/auto/MultiportOutHangDuringGetWidth.xml
5 ms. Memory: 1362944K Free: 386918K (28%)
----------------- Invoking toplevel() on ptolemy.moml.MoMLSimpleApplication@12116a1a
----------------- Done invoking toplevel() on ptolemy.moml.MoMLSimpleApplication@12116a1a
reloadAllAccessors: .MultiportOutHangDuringGetWidth

===========================================================================================
----------------- testing Fri May 10 04:15:24 UTC 2019 /home/travis/build/icyphy/ptII/ptolemy/actor/lib/test/auto/NilToken.xml
----------------- Instantiating /home/travis/build/icyphy/ptII/ptolemy/actor/lib/test/auto/NilToken.xml
2 ms. Memory: 1362944K Free: 374471K (27%)
----------------- Invoking toplevel() on ptolemy.moml.MoMLSimpleApplication@7fc5ffcb
----------------- Done invoking toplevel() on ptolemy.moml.MoMLSimpleApplication@7fc5ffcb
reloadAllAccessors: .NilToken

===========================================================================================
----------------- testing Fri May 10 04:15:24 UTC 2019 /home/travis/build/icyphy/ptII/ptolemy/actor/lib/test/auto/NilTokenNonStrictTest.xml
----------------- Instantiating /home/travis/build/icyphy/ptII/ptolemy/actor/lib/test/auto/NilTokenNonStrictTest.xml
2 ms. Memory: 1362944K Free: 355469K (26%)
----------------- Invoking toplevel() on ptolemy.moml.MoMLSimpleApplication@53f9173c
----------------- Done invoking toplevel() on ptolemy.moml.MoMLSimpleApplication@53f9173c
reloadAllAccessors: .NilTokenNonStrictTest

===========================================================================================
----------------- testing Fri May 10 04:15:24 UTC 2019 /home/travis/build/icyphy/ptII/ptolemy/actor/lib/test/auto/NilTokenRecord.xml
----------------- Instantiating /home/travis/build/icyphy/ptII/ptolemy/actor/lib/test/auto/NilTokenRecord.xml
4 ms. Memory: 1362944K Free: 343022K (25%)
----------------- Invoking toplevel() on ptolemy.moml.MoMLSimpleApplication@ef1ceec
----------------- Done invoking toplevel() on ptolemy.moml.MoMLSimpleApplication@ef1ceec
reloadAllAccessors: .NilTokenRecord

===========================================================================================
----------------- testing Fri May 10 04:15:24 UTC 2019 /home/travis/build/icyphy/ptII/ptolemy/actor/lib/test/auto/NilTokenTypeTest.xml
----------------- Instantiating /home/travis/build/icyphy/ptII/ptolemy/actor/lib/test/auto/NilTokenTypeTest.xml
14 ms. Memory: 1362944K Free: 324352K (24%)
----------------- Invoking toplevel() on ptolemy.moml.MoMLSimpleApplication@1d1a733c
----------------- Done invoking toplevel() on ptolemy.moml.MoMLSimpleApplication@1d1a733c
reloadAllAccessors: .NilTokenTypeTest

===========================================================================================
----------------- testing Fri May 10 04:15:24 UTC 2019 /home/travis/build/icyphy/ptII/ptolemy/actor/lib/test/auto/ObjectToken1.xml
----------------- Instantiating /home/travis/build/icyphy/ptII/ptolemy/actor/lib/test/auto/ObjectToken1.xml
2 ms. Memory: 1362944K Free: 305349K (22%)
----------------- Invoking toplevel() on ptolemy.moml.MoMLSimpleApplication@2a16ede1
----------------- Done invoking toplevel() on ptolemy.moml.MoMLSimpleApplication@2a16ede1
reloadAllAccessors: .ObjectToken1

===========================================================================================
----------------- testing Fri May 10 04:15:24 UTC 2019 /home/travis/build/icyphy/ptII/ptolemy/actor/lib/test/auto/OrderedMerge.xml
----------------- Instantiating /home/travis/build/icyphy/ptII/ptolemy/actor/lib/test/auto/OrderedMerge.xml
6 ms. Memory: 1362944K Free: 268009K (20%)
----------------- Invoking toplevel() on ptolemy.moml.MoMLSimpleApplication@64190738
----------------- Done invoking toplevel() on ptolemy.moml.MoMLSimpleApplication@64190738
reloadAllAccessors: .OrderedMerge

===========================================================================================
----------------- testing Fri May 10 04:15:24 UTC 2019 /home/travis/build/icyphy/ptII/ptolemy/actor/lib/test/auto/OrderedRecordDisassembler.xml
----------------- Instantiating /home/travis/build/icyphy/ptII/ptolemy/actor/lib/test/auto/OrderedRecordDisassembler.xml
4 ms. Memory: 1362944K Free: 255562K (19%)
----------------- Invoking toplevel() on ptolemy.moml.MoMLSimpleApplication@24d7c9a5
----------------- Done invoking toplevel() on ptolemy.moml.MoMLSimpleApplication@24d7c9a5
reloadAllAccessors: .OrderedRecordDisassembler

===========================================================================================
----------------- testing Fri May 10 04:15:24 UTC 2019 /home/travis/build/icyphy/ptII/ptolemy/actor/lib/test/auto/OrderedRecordDisassembler2.xml
----------------- Instantiating /home/travis/build/icyphy/ptII/ptolemy/actor/lib/test/auto/OrderedRecordDisassembler2.xml
3 ms. Memory: 1362944K Free: 236560K (17%)
----------------- Invoking toplevel() on ptolemy.moml.MoMLSimpleApplication@79d22a77
----------------- Done invoking toplevel() on ptolemy.moml.MoMLSimpleApplication@79d22a77
reloadAllAccessors: .OrderedRecordDisassembler2

===========================================================================================
----------------- testing Fri May 10 04:15:24 UTC 2019 /home/travis/build/icyphy/ptII/ptolemy/actor/lib/test/auto/OrderedRecordUpdater.xml
----------------- Instantiating /home/travis/build/icyphy/ptII/ptolemy/actor/lib/test/auto/OrderedRecordUpdater.xml
2 ms. Memory: 1362944K Free: 224113K (16%)
----------------- Invoking toplevel() on ptolemy.moml.MoMLSimpleApplication@6a2b8493
----------------- Done invoking toplevel() on ptolemy.moml.MoMLSimpleApplication@6a2b8493
reloadAllAccessors: .RecordUpdater

===========================================================================================
----------------- testing Fri May 10 04:15:24 UTC 2019 /home/travis/build/icyphy/ptII/ptolemy/actor/lib/test/auto/OrderedRecordUpdater2.xml
----------------- Instantiating /home/travis/build/icyphy/ptII/ptolemy/actor/lib/test/auto/OrderedRecordUpdater2.xml
3 ms. Memory: 1362944K Free: 211667K (16%)
----------------- Invoking toplevel() on ptolemy.moml.MoMLSimpleApplication@49d138e3
----------------- Done invoking toplevel() on ptolemy.moml.MoMLSimpleApplication@49d138e3
reloadAllAccessors: .RecordUpdater2

===========================================================================================
----------------- testing Fri May 10 04:15:24 UTC 2019 /home/travis/build/icyphy/ptII/ptolemy/actor/lib/test/auto/PhaseUnwrap.xml
----------------- Instantiating /home/travis/build/icyphy/ptII/ptolemy/actor/lib/test/auto/PhaseUnwrap.xml
2 ms. Memory: 1362944K Free: 192664K (14%)
----------------- Invoking toplevel() on ptolemy.moml.MoMLSimpleApplication@7b3a3c32
----------------- Done invoking toplevel() on ptolemy.moml.MoMLSimpleApplication@7b3a3c32
reloadAllAccessors: .PhaseUnwrap

===========================================================================================
----------------- testing Fri May 10 04:15:24 UTC 2019 /home/travis/build/icyphy/ptII/ptolemy/actor/lib/test/auto/PoissonClock.xml
----------------- Instantiating /home/travis/build/icyphy/ptII/ptolemy/actor/lib/test/auto/PoissonClock.xml
2 ms. Memory: 1362944K Free: 180217K (13%)
----------------- Invoking toplevel() on ptolemy.moml.MoMLSimpleApplication@6eb0509b
----------------- Done invoking toplevel() on ptolemy.moml.MoMLSimpleApplication@6eb0509b
reloadAllAccessors: .PoissonClock

===========================================================================================
----------------- testing Fri May 10 04:15:24 UTC 2019 /home/travis/build/icyphy/ptII/ptolemy/actor/lib/test/auto/PoissonClock2.xml
----------------- Instantiating /home/travis/build/icyphy/ptII/ptolemy/actor/lib/test/auto/PoissonClock2.xml
2 ms. Memory: 1362944K Free: 167771K (12%)
----------------- Invoking toplevel() on ptolemy.moml.MoMLSimpleApplication@66270742
----------------- Done invoking toplevel() on ptolemy.moml.MoMLSimpleApplication@66270742
reloadAllAccessors: .PoissonClock2

===========================================================================================
----------------- testing Fri May 10 04:15:24 UTC 2019 /home/travis/build/icyphy/ptII/ptolemy/actor/lib/test/auto/PoissonClock3.xml
----------------- Instantiating /home/travis/build/icyphy/ptII/ptolemy/actor/lib/test/auto/PoissonClock3.xml
2 ms. Memory: 1362944K Free: 148768K (11%)
----------------- Invoking toplevel() on ptolemy.moml.MoMLSimpleApplication@6b923171
----------------- Done invoking toplevel() on ptolemy.moml.MoMLSimpleApplication@6b923171
reloadAllAccessors: .PoissonClock3

===========================================================================================
----------------- testing Fri May 10 04:15:24 UTC 2019 /home/travis/build/icyphy/ptII/ptolemy/actor/lib/test/auto/PubSubWithInitialTokens.xml
----------------- Instantiating /home/travis/build/icyphy/ptII/ptolemy/actor/lib/test/auto/PubSubWithInitialTokens.xml
3 ms. Memory: 1362944K Free: 136322K (10%)
----------------- Invoking toplevel() on ptolemy.moml.MoMLSimpleApplication@3808cc86
----------------- Done invoking toplevel() on ptolemy.moml.MoMLSimpleApplication@3808cc86
reloadAllAccessors: .PubSubWithInitialTokens

===========================================================================================
----------------- testing Fri May 10 04:15:24 UTC 2019 /home/travis/build/icyphy/ptII/ptolemy/actor/lib/test/auto/PubSubWithInitialTokens2.xml
----------------- Instantiating /home/travis/build/icyphy/ptII/ptolemy/actor/lib/test/auto/PubSubWithInitialTokens2.xml
2 ms. Memory: 1362944K Free: 117319K (9%)
----------------- Invoking toplevel() on ptolemy.moml.MoMLSimpleApplication@394cbf44
----------------- Done invoking toplevel() on ptolemy.moml.MoMLSimpleApplication@394cbf44
reloadAllAccessors: .PubSubWithInitialTokens2

===========================================================================================
----------------- testing Fri May 10 04:15:24 UTC 2019 /home/travis/build/icyphy/ptII/ptolemy/actor/lib/test/auto/PublisherClassNoParameter.xml
----------------- Instantiating /home/travis/build/icyphy/ptII/ptolemy/actor/lib/test/auto/PublisherClassNoParameter.xml
2 ms. Memory: 1362944K Free: 98649K (7%)
----------------- Invoking toplevel() on ptolemy.moml.MoMLSimpleApplication@f320f7a
----------------- Done invoking toplevel() on ptolemy.moml.MoMLSimpleApplication@f320f7a
reloadAllAccessors: .PublisherClassNoParameter

===========================================================================================
----------------- testing Fri May 10 04:15:24 UTC 2019 /home/travis/build/icyphy/ptII/ptolemy/actor/lib/test/auto/PublisherClassParameter.xml
----------------- Instantiating /home/travis/build/icyphy/ptII/ptolemy/actor/lib/test/auto/PublisherClassParameter.xml
2 ms. Memory: 1362944K Free: 80071K (6%)
----------------- Invoking toplevel() on ptolemy.moml.MoMLSimpleApplication@ae65ef
----------------- Done invoking toplevel() on ptolemy.moml.MoMLSimpleApplication@ae65ef
reloadAllAccessors: .PublisherClassParameter

===========================================================================================
----------------- testing Fri May 10 04:15:24 UTC 2019 /home/travis/build/icyphy/ptII/ptolemy/actor/lib/test/auto/PublisherNonStrictTest.xml
----------------- Instantiating /home/travis/build/icyphy/ptII/ptolemy/actor/lib/test/auto/PublisherNonStrictTest.xml
2 ms. Memory: 1564672K Free: 1499771K (96%)
----------------- Invoking toplevel() on ptolemy.moml.MoMLSimpleApplication@3e212ad6
----------------- Done invoking toplevel() on ptolemy.moml.MoMLSimpleApplication@3e212ad6
reloadAllAccessors: .PublisherNonStrictTest

===========================================================================================
----------------- testing Fri May 10 04:15:24 UTC 2019 /home/travis/build/icyphy/ptII/ptolemy/actor/lib/test/auto/PublisherPort1.xml
----------------- Instantiating /home/travis/build/icyphy/ptII/ptolemy/actor/lib/test/auto/PublisherPort1.xml
2 ms. Memory: 1564672K Free: 1480226K (95%)
----------------- Invoking toplevel() on ptolemy.moml.MoMLSimpleApplication@19eae2a4
----------------- Done invoking toplevel() on ptolemy.moml.MoMLSimpleApplication@19eae2a4
reloadAllAccessors: .PublisherPort1

===========================================================================================
----------------- testing Fri May 10 04:15:24 UTC 2019 /home/travis/build/icyphy/ptII/ptolemy/actor/lib/test/auto/PublisherPort2.xml
----------------- Instantiating /home/travis/build/icyphy/ptII/ptolemy/actor/lib/test/auto/PublisherPort2.xml
6 ms. Memory: 1564672K Free: 1460681K (93%)
----------------- Invoking toplevel() on ptolemy.moml.MoMLSimpleApplication@68cfc000
----------------- Done invoking toplevel() on ptolemy.moml.MoMLSimpleApplication@68cfc000
reloadAllAccessors: .PublisherPort2

===========================================================================================
----------------- testing Fri May 10 04:15:24 UTC 2019 /home/travis/build/icyphy/ptII/ptolemy/actor/lib/test/auto/PublisherPort3.xml
----------------- Instantiating /home/travis/build/icyphy/ptII/ptolemy/actor/lib/test/auto/PublisherPort3.xml
3 ms. Memory: 1564672K Free: 1434533K (92%)
----------------- Invoking toplevel() on ptolemy.moml.MoMLSimpleApplication@2211cc09
----------------- Done invoking toplevel() on ptolemy.moml.MoMLSimpleApplication@2211cc09
reloadAllAccessors: .PublisherPort3

===========================================================================================
----------------- testing Fri May 10 04:15:24 UTC 2019 /home/travis/build/icyphy/ptII/ptolemy/actor/lib/test/auto/PublisherPort4.xml
----------------- Instantiating /home/travis/build/icyphy/ptII/ptolemy/actor/lib/test/auto/PublisherPort4.xml
2 ms. Memory: 1564672K Free: 1414988K (90%)
----------------- Invoking toplevel() on ptolemy.moml.MoMLSimpleApplication@43417f18
----------------- Done invoking toplevel() on ptolemy.moml.MoMLSimpleApplication@43417f18
reloadAllAccessors: .PublisherPort4

===========================================================================================
----------------- testing Fri May 10 04:15:24 UTC 2019 /home/travis/build/icyphy/ptII/ptolemy/actor/lib/test/auto/PublisherPort5.xml
----------------- Instantiating /home/travis/build/icyphy/ptII/ptolemy/actor/lib/test/auto/PublisherPort5.xml
3 ms. Memory: 1564672K Free: 1395443K (89%)
----------------- Invoking toplevel() on ptolemy.moml.MoMLSimpleApplication@57229230
----------------- Done invoking toplevel() on ptolemy.moml.MoMLSimpleApplication@57229230
reloadAllAccessors: .PublisherPort5

===========================================================================================
----------------- testing Fri May 10 04:15:24 UTC 2019 /home/travis/build/icyphy/ptII/ptolemy/actor/lib/test/auto/PublisherPort5LookAlike.xml
----------------- Instantiating /home/travis/build/icyphy/ptII/ptolemy/actor/lib/test/auto/PublisherPort5LookAlike.xml
7 ms. Memory: 1564672K Free: 1369241K (88%)
----------------- Invoking toplevel() on ptolemy.moml.MoMLSimpleApplication@7bcae2bb
----------------- Done invoking toplevel() on ptolemy.moml.MoMLSimpleApplication@7bcae2bb
reloadAllAccessors: .PublisherPort5LookAlike

===========================================================================================
----------------- testing Fri May 10 04:15:24 UTC 2019 /home/travis/build/icyphy/ptII/ptolemy/actor/lib/test/auto/PublisherPort6.xml
----------------- Instantiating /home/travis/build/icyphy/ptII/ptolemy/actor/lib/test/auto/PublisherPort6.xml
2 ms. Memory: 1564672K Free: 1349696K (86%)
----------------- Invoking toplevel() on ptolemy.moml.MoMLSimpleApplication@448f404e
----------------- Done invoking toplevel() on ptolemy.moml.MoMLSimpleApplication@448f404e
reloadAllAccessors: .PublisherPort6

===========================================================================================
----------------- testing Fri May 10 04:15:24 UTC 2019 /home/travis/build/icyphy/ptII/ptolemy/actor/lib/test/auto/PublisherPort7.xml
----------------- Instantiating /home/travis/build/icyphy/ptII/ptolemy/actor/lib/test/auto/PublisherPort7.xml
3 ms. Memory: 1564672K Free: 1323548K (85%)
----------------- Invoking toplevel() on ptolemy.moml.MoMLSimpleApplication@719171d8
----------------- Done invoking toplevel() on ptolemy.moml.MoMLSimpleApplication@719171d8
reloadAllAccessors: .PublisherPort7

===========================================================================================
----------------- testing Fri May 10 04:15:24 UTC 2019 /home/travis/build/icyphy/ptII/ptolemy/actor/lib/test/auto/PublisherPort8.xml
----------------- Instantiating /home/travis/build/icyphy/ptII/ptolemy/actor/lib/test/auto/PublisherPort8.xml
4 ms. Memory: 1564672K Free: 1304003K (83%)
----------------- Invoking toplevel() on ptolemy.moml.MoMLSimpleApplication@1124eaa8
----------------- Done invoking toplevel() on ptolemy.moml.MoMLSimpleApplication@1124eaa8
reloadAllAccessors: .PublisherPort8

===========================================================================================
----------------- testing Fri May 10 04:15:24 UTC 2019 /home/travis/build/icyphy/ptII/ptolemy/actor/lib/test/auto/PublisherPortSubscriberChannelVariablesAOC2.xml
----------------- Instantiating /home/travis/build/icyphy/ptII/ptolemy/actor/lib/test/auto/PublisherPortSubscriberChannelVariablesAOC2.xml
3 ms. Memory: 1564672K Free: 1274670K (81%)
----------------- Invoking toplevel() on ptolemy.moml.MoMLSimpleApplication@6db9b681
----------------- Done invoking toplevel() on ptolemy.moml.MoMLSimpleApplication@6db9b681
reloadAllAccessors: .PublisherPortSubscriberChannelVariablesAOC2

===========================================================================================
----------------- testing Fri May 10 04:15:25 UTC 2019 /home/travis/build/icyphy/ptII/ptolemy/actor/lib/test/auto/PublisherPortSubscriberOpaqueWidthInference.xml
----------------- Instantiating /home/travis/build/icyphy/ptII/ptolemy/actor/lib/test/auto/PublisherPortSubscriberOpaqueWidthInference.xml
4 ms. Memory: 1564672K Free: 1248522K (80%)
----------------- Invoking toplevel() on ptolemy.moml.MoMLSimpleApplication@5d408483
----------------- Done invoking toplevel() on ptolemy.moml.MoMLSimpleApplication@5d408483
reloadAllAccessors: .PublisherPortSubscriberOpaqueWidthInference

===========================================================================================
----------------- testing Fri May 10 04:15:25 UTC 2019 /home/travis/build/icyphy/ptII/ptolemy/actor/lib/test/auto/PublisherPortSubscriberPortAdjacent.xml
----------------- Instantiating /home/travis/build/icyphy/ptII/ptolemy/actor/lib/test/auto/PublisherPortSubscriberPortAdjacent.xml
2 ms. Memory: 1564672K Free: 1228977K (79%)
----------------- Invoking toplevel() on ptolemy.moml.MoMLSimpleApplication@5a5e25c6
----------------- Done invoking toplevel() on ptolemy.moml.MoMLSimpleApplication@5a5e25c6
reloadAllAccessors: .PublisherPortSubscriberPortAdjacent

===========================================================================================
----------------- testing Fri May 10 04:15:25 UTC 2019 /home/travis/build/icyphy/ptII/ptolemy/actor/lib/test/auto/PublisherPortSubscriberPortExpression.xml
----------------- Instantiating /home/travis/build/icyphy/ptII/ptolemy/actor/lib/test/auto/PublisherPortSubscriberPortExpression.xml
3 ms. Memory: 1564672K Free: 1209433K (77%)
----------------- Invoking toplevel() on ptolemy.moml.MoMLSimpleApplication@1326ea6c
----------------- Done invoking toplevel() on ptolemy.moml.MoMLSimpleApplication@1326ea6c
reloadAllAccessors: .PublisherPortSubscriberPortExpression

===========================================================================================
----------------- testing Fri May 10 04:15:25 UTC 2019 /home/travis/build/icyphy/ptII/ptolemy/actor/lib/test/auto/PublisherPortSubscriberPortOpaqueD3Reverse.xml
----------------- Instantiating /home/travis/build/icyphy/ptII/ptolemy/actor/lib/test/auto/PublisherPortSubscriberPortOpaqueD3Reverse.xml
5 ms. Memory: 1564672K Free: 1183285K (76%)
----------------- Invoking toplevel() on ptolemy.moml.MoMLSimpleApplication@775ab894
----------------- Done invoking toplevel() on ptolemy.moml.MoMLSimpleApplication@775ab894
reloadAllAccessors: .PublisherPortSubscriberPortOpaqueD3Reverse

===========================================================================================
----------------- testing Fri May 10 04:15:25 UTC 2019 /home/travis/build/icyphy/ptII/ptolemy/actor/lib/test/auto/PublisherPortSubscriberPortOpaqueWidthInference.xml
----------------- Instantiating /home/travis/build/icyphy/ptII/ptolemy/actor/lib/test/auto/PublisherPortSubscriberPortOpaqueWidthInference.xml
3 ms. Memory: 1564672K Free: 1163740K (74%)
----------------- Invoking toplevel() on ptolemy.moml.MoMLSimpleApplication@20f1610
----------------- Done invoking toplevel() on ptolemy.moml.MoMLSimpleApplication@20f1610
reloadAllAccessors: .PublisherPortSubscriberPortOpaqueWidthInference

===========================================================================================
----------------- testing Fri May 10 04:15:25 UTC 2019 /home/travis/build/icyphy/ptII/ptolemy/actor/lib/test/auto/PublisherPortToplevelSubscriberPortAOC.xml
----------------- Instantiating /home/travis/build/icyphy/ptII/ptolemy/actor/lib/test/auto/PublisherPortToplevelSubscriberPortAOC.xml
.PublisherPortToplevelSubscriberPortAOC.TestExceptionAttribute: initialize() was not invoked, but wrapup() was.  This is unusual, but not always a problem.  For example, exporting JNLP will do this.
1 ms. Memory: 1564672K Free: 1137592K (73%)
----------------- Invoking toplevel() on ptolemy.moml.MoMLSimpleApplication@becb545
----------------- Done invoking toplevel() on ptolemy.moml.MoMLSimpleApplication@becb545
reloadAllAccessors: .PublisherPortToplevelSubscriberPortAOC

===========================================================================================
----------------- testing Fri May 10 04:15:25 UTC 2019 /home/travis/build/icyphy/ptII/ptolemy/actor/lib/test/auto/PublisherSubscriber.xml
----------------- Instantiating /home/travis/build/icyphy/ptII/ptolemy/actor/lib/test/auto/PublisherSubscriber.xml
5 ms. Memory: 1564672K Free: 1118047K (71%)
----------------- Invoking toplevel() on ptolemy.moml.MoMLSimpleApplication@40aa1c80
----------------- Done invoking toplevel() on ptolemy.moml.MoMLSimpleApplication@40aa1c80
reloadAllAccessors: .PublisherSubscriber

===========================================================================================
----------------- testing Fri May 10 04:15:25 UTC 2019 /home/travis/build/icyphy/ptII/ptolemy/actor/lib/test/auto/PublisherSubscriber10.xml
----------------- Instantiating /home/travis/build/icyphy/ptII/ptolemy/actor/lib/test/auto/PublisherSubscriber10.xml
4 ms. Memory: 1564672K Free: 1098502K (70%)
----------------- Invoking toplevel() on ptolemy.moml.MoMLSimpleApplication@b664d41
----------------- Done invoking toplevel() on ptolemy.moml.MoMLSimpleApplication@b664d41
reloadAllAccessors: .PublisherSubscriber10

===========================================================================================
----------------- testing Fri May 10 04:15:25 UTC 2019 /home/travis/build/icyphy/ptII/ptolemy/actor/lib/test/auto/PublisherSubscriber10InitialOutputs.xml
----------------- Instantiating /home/travis/build/icyphy/ptII/ptolemy/actor/lib/test/auto/PublisherSubscriber10InitialOutputs.xml
11 ms. Memory: 1564672K Free: 1072354K (69%)
----------------- Invoking toplevel() on ptolemy.moml.MoMLSimpleApplication@23bc429f
----------------- Done invoking toplevel() on ptolemy.moml.MoMLSimpleApplication@23bc429f
reloadAllAccessors: .PublisherSubscriber10InitialOutputs

===========================================================================================
----------------- testing Fri May 10 04:15:25 UTC 2019 /home/travis/build/icyphy/ptII/ptolemy/actor/lib/test/auto/PublisherSubscriber11.xml
----------------- Instantiating /home/travis/build/icyphy/ptII/ptolemy/actor/lib/test/auto/PublisherSubscriber11.xml
4 ms. Memory: 1564672K Free: 1052809K (67%)
----------------- Invoking toplevel() on ptolemy.moml.MoMLSimpleApplication@3b474c13
----------------- Done invoking toplevel() on ptolemy.moml.MoMLSimpleApplication@3b474c13
reloadAllAccessors: .PublisherSubscriber11

===========================================================================================
----------------- testing Fri May 10 04:15:25 UTC 2019 /home/travis/build/icyphy/ptII/ptolemy/actor/lib/test/auto/PublisherSubscriber12.xml
----------------- Instantiating /home/travis/build/icyphy/ptII/ptolemy/actor/lib/test/auto/PublisherSubscriber12.xml
5 ms. Memory: 1564672K Free: 1033265K (66%)
----------------- Invoking toplevel() on ptolemy.moml.MoMLSimpleApplication@77cad9b0
----------------- Done invoking toplevel() on ptolemy.moml.MoMLSimpleApplication@77cad9b0
reloadAllAccessors: .PublisherSubscriber12

===========================================================================================
----------------- testing Fri May 10 04:15:25 UTC 2019 /home/travis/build/icyphy/ptII/ptolemy/actor/lib/test/auto/PublisherSubscriber13.xml
----------------- Instantiating /home/travis/build/icyphy/ptII/ptolemy/actor/lib/test/auto/PublisherSubscriber13.xml
2 ms. Memory: 1564672K Free: 1007116K (64%)
----------------- Invoking toplevel() on ptolemy.moml.MoMLSimpleApplication@5bf1d392
----------------- Done invoking toplevel() on ptolemy.moml.MoMLSimpleApplication@5bf1d392
reloadAllAccessors: .PublisherSubscriber13

===========================================================================================
----------------- testing Fri May 10 04:15:25 UTC 2019 /home/travis/build/icyphy/ptII/ptolemy/actor/lib/test/auto/PublisherSubscriber14.xml
----------------- Instantiating /home/travis/build/icyphy/ptII/ptolemy/actor/lib/test/auto/PublisherSubscriber14.xml
2 ms. Memory: 1564672K Free: 987572K (63%)
----------------- Invoking toplevel() on ptolemy.moml.MoMLSimpleApplication@333b15d3
----------------- Done invoking toplevel() on ptolemy.moml.MoMLSimpleApplication@333b15d3
reloadAllAccessors: .PublisherSubscriber14

===========================================================================================
----------------- testing Fri May 10 04:15:25 UTC 2019 /home/travis/build/icyphy/ptII/ptolemy/actor/lib/test/auto/PublisherSubscriber2.xml
----------------- Instantiating /home/travis/build/icyphy/ptII/ptolemy/actor/lib/test/auto/PublisherSubscriber2.xml
3 ms. Memory: 1564672K Free: 968027K (62%)
----------------- Invoking toplevel() on ptolemy.moml.MoMLSimpleApplication@39551986
----------------- Done invoking toplevel() on ptolemy.moml.MoMLSimpleApplication@39551986
reloadAllAccessors: .PublisherSubscriber2

===========================================================================================
----------------- testing Fri May 10 04:15:25 UTC 2019 /home/travis/build/icyphy/ptII/ptolemy/actor/lib/test/auto/PublisherSubscriber3.xml
----------------- Instantiating /home/travis/build/icyphy/ptII/ptolemy/actor/lib/test/auto/PublisherSubscriber3.xml
2 ms. Memory: 1564672K Free: 941879K (60%)
----------------- Invoking toplevel() on ptolemy.moml.MoMLSimpleApplication@13fcd7a4
----------------- Done invoking toplevel() on ptolemy.moml.MoMLSimpleApplication@13fcd7a4
reloadAllAccessors: .PublisherSubscriber3

===========================================================================================
----------------- testing Fri May 10 04:15:25 UTC 2019 /home/travis/build/icyphy/ptII/ptolemy/actor/lib/test/auto/PublisherSubscriber4.xml
----------------- Instantiating /home/travis/build/icyphy/ptII/ptolemy/actor/lib/test/auto/PublisherSubscriber4.xml
1 ms. Memory: 1564672K Free: 922334K (59%)
----------------- Invoking toplevel() on ptolemy.moml.MoMLSimpleApplication@63c7096b
----------------- Done invoking toplevel() on ptolemy.moml.MoMLSimpleApplication@63c7096b
reloadAllAccessors: .PublisherSubscriber4

===========================================================================================
----------------- testing Fri May 10 04:15:25 UTC 2019 /home/travis/build/icyphy/ptII/ptolemy/actor/lib/test/auto/PublisherSubscriber5.xml
----------------- Instantiating /home/travis/build/icyphy/ptII/ptolemy/actor/lib/test/auto/PublisherSubscriber5.xml
2 ms. Memory: 1564672K Free: 896186K (57%)
----------------- Invoking toplevel() on ptolemy.moml.MoMLSimpleApplication@1efc345d
----------------- Done invoking toplevel() on ptolemy.moml.MoMLSimpleApplication@1efc345d
reloadAllAccessors: .PublisherSubscriber5

===========================================================================================
----------------- testing Fri May 10 04:15:25 UTC 2019 /home/travis/build/icyphy/ptII/ptolemy/actor/lib/test/auto/PublisherSubscriber6.xml
----------------- Instantiating /home/travis/build/icyphy/ptII/ptolemy/actor/lib/test/auto/PublisherSubscriber6.xml
3 ms. Memory: 1564672K Free: 876641K (56%)
----------------- Invoking toplevel() on ptolemy.moml.MoMLSimpleApplication@7ede8e65
----------------- Done invoking toplevel() on ptolemy.moml.MoMLSimpleApplication@7ede8e65
reloadAllAccessors: .PublisherSubscriber6

===========================================================================================
----------------- testing Fri May 10 04:15:25 UTC 2019 /home/travis/build/icyphy/ptII/ptolemy/actor/lib/test/auto/PublisherSubscriber7.xml
----------------- Instantiating /home/travis/build/icyphy/ptII/ptolemy/actor/lib/test/auto/PublisherSubscriber7.xml
5 ms. Memory: 1564672K Free: 857096K (55%)
----------------- Invoking toplevel() on ptolemy.moml.MoMLSimpleApplication@588d4e74
----------------- Done invoking toplevel() on ptolemy.moml.MoMLSimpleApplication@588d4e74
reloadAllAccessors: .PublisherSubscriber7

===========================================================================================
----------------- testing Fri May 10 04:15:25 UTC 2019 /home/travis/build/icyphy/ptII/ptolemy/actor/lib/test/auto/PublisherSubscriber8.xml
----------------- Instantiating /home/travis/build/icyphy/ptII/ptolemy/actor/lib/test/auto/PublisherSubscriber8.xml
16 ms. Memory: 1564672K Free: 733224K (47%)
----------------- Invoking toplevel() on ptolemy.moml.MoMLSimpleApplication@7ed38154
----------------- Done invoking toplevel() on ptolemy.moml.MoMLSimpleApplication@7ed38154
reloadAllAccessors: .PublisherSubscriber8

===========================================================================================
----------------- testing Fri May 10 04:15:25 UTC 2019 /home/travis/build/icyphy/ptII/ptolemy/actor/lib/test/auto/PublisherSubscriber9.xml
----------------- Instantiating /home/travis/build/icyphy/ptII/ptolemy/actor/lib/test/auto/PublisherSubscriber9.xml
3 ms. Memory: 1564672K Free: 713679K (46%)
----------------- Invoking toplevel() on ptolemy.moml.MoMLSimpleApplication@443241b5
----------------- Done invoking toplevel() on ptolemy.moml.MoMLSimpleApplication@443241b5
reloadAllAccessors: .PublisherSubscriber9

===========================================================================================
----------------- testing Fri May 10 04:15:25 UTC 2019 /home/travis/build/icyphy/ptII/ptolemy/actor/lib/test/auto/PublisherSubscriberAdjacent.xml
----------------- Instantiating /home/travis/build/icyphy/ptII/ptolemy/actor/lib/test/auto/PublisherSubscriberAdjacent.xml
1 ms. Memory: 1564672K Free: 694135K (44%)
----------------- Invoking toplevel() on ptolemy.moml.MoMLSimpleApplication@432c5a57
----------------- Done invoking toplevel() on ptolemy.moml.MoMLSimpleApplication@432c5a57
reloadAllAccessors: .PublisherSubscriberAdjacent

===========================================================================================
----------------- testing Fri May 10 04:15:25 UTC 2019 /home/travis/build/icyphy/ptII/ptolemy/actor/lib/test/auto/PublisherSubscriberChannelVariablesAOC2.xml
----------------- Instantiating /home/travis/build/icyphy/ptII/ptolemy/actor/lib/test/auto/PublisherSubscriberChannelVariablesAOC2.xml
2 ms. Memory: 1564672K Free: 658198K (42%)
----------------- Invoking toplevel() on ptolemy.moml.MoMLSimpleApplication@24cbf42e
----------------- Done invoking toplevel() on ptolemy.moml.MoMLSimpleApplication@24cbf42e
reloadAllAccessors: .PublisherSubscriberChannelVariablesAOC2

===========================================================================================
----------------- testing Fri May 10 04:15:25 UTC 2019 /home/travis/build/icyphy/ptII/ptolemy/actor/lib/test/auto/PublisherSubscriberD3.xml
----------------- Instantiating /home/travis/build/icyphy/ptII/ptolemy/actor/lib/test/auto/PublisherSubscriberD3.xml
2 ms. Memory: 1564672K Free: 638653K (41%)
----------------- Invoking toplevel() on ptolemy.moml.MoMLSimpleApplication@436d89f4
----------------- Done invoking toplevel() on ptolemy.moml.MoMLSimpleApplication@436d89f4
reloadAllAccessors: .PublisherSubscriberD3

===========================================================================================
----------------- testing Fri May 10 04:15:25 UTC 2019 /home/travis/build/icyphy/ptII/ptolemy/actor/lib/test/auto/PublisherSubscriberD3Reverse.xml
----------------- Instantiating /home/travis/build/icyphy/ptII/ptolemy/actor/lib/test/auto/PublisherSubscriberD3Reverse.xml
2 ms. Memory: 1564672K Free: 619108K (40%)
----------------- Invoking toplevel() on ptolemy.moml.MoMLSimpleApplication@383494f5
----------------- Done invoking toplevel() on ptolemy.moml.MoMLSimpleApplication@383494f5
reloadAllAccessors: .PublisherSubscriberD3Reverse

===========================================================================================
----------------- testing Fri May 10 04:15:25 UTC 2019 /home/travis/build/icyphy/ptII/ptolemy/actor/lib/test/auto/PublisherSubscriberExpression.xml
----------------- Instantiating /home/travis/build/icyphy/ptII/ptolemy/actor/lib/test/auto/PublisherSubscriberExpression.xml
4 ms. Memory: 1564672K Free: 592960K (38%)
----------------- Invoking toplevel() on ptolemy.moml.MoMLSimpleApplication@46abb9ed
----------------- Done invoking toplevel() on ptolemy.moml.MoMLSimpleApplication@46abb9ed
reloadAllAccessors: .PublisherSubscriberExpression

===========================================================================================
----------------- testing Fri May 10 04:15:25 UTC 2019 /home/travis/build/icyphy/ptII/ptolemy/actor/lib/test/auto/PublisherSubscriberOpaque.xml
----------------- Instantiating /home/travis/build/icyphy/ptII/ptolemy/actor/lib/test/auto/PublisherSubscriberOpaque.xml
3 ms. Memory: 1564672K Free: 573415K (37%)
----------------- Invoking toplevel() on ptolemy.moml.MoMLSimpleApplication@20497c48
----------------- Done invoking toplevel() on ptolemy.moml.MoMLSimpleApplication@20497c48
reloadAllAccessors: .PublisherSubscriberOpaque

===========================================================================================
----------------- testing Fri May 10 04:15:25 UTC 2019 /home/travis/build/icyphy/ptII/ptolemy/actor/lib/test/auto/PublisherSubscriberOpaqueD3.xml
----------------- Instantiating /home/travis/build/icyphy/ptII/ptolemy/actor/lib/test/auto/PublisherSubscriberOpaqueD3.xml
7 ms. Memory: 1564672K Free: 547267K (35%)
----------------- Invoking toplevel() on ptolemy.moml.MoMLSimpleApplication@3ddadf71
----------------- Done invoking toplevel() on ptolemy.moml.MoMLSimpleApplication@3ddadf71
reloadAllAccessors: .PublisherSubscriberOpaqueD3

===========================================================================================
----------------- testing Fri May 10 04:15:25 UTC 2019 /home/travis/build/icyphy/ptII/ptolemy/actor/lib/test/auto/PublisherSubscriberOpaqueD3Reverse.xml
----------------- Instantiating /home/travis/build/icyphy/ptII/ptolemy/actor/lib/test/auto/PublisherSubscriberOpaqueD3Reverse.xml
5 ms. Memory: 1564672K Free: 527723K (34%)
----------------- Invoking toplevel() on ptolemy.moml.MoMLSimpleApplication@2b55f2c8
----------------- Done invoking toplevel() on ptolemy.moml.MoMLSimpleApplication@2b55f2c8
reloadAllAccessors: .PublisherSubscriberOpaqueD3Reverse

===========================================================================================
----------------- testing Fri May 10 04:15:25 UTC 2019 /home/travis/build/icyphy/ptII/ptolemy/actor/lib/test/auto/PublisherSubscriberOpaqueWidthInference.xml
----------------- Instantiating /home/travis/build/icyphy/ptII/ptolemy/actor/lib/test/auto/PublisherSubscriberOpaqueWidthInference.xml
5 ms. Memory: 1564672K Free: 508178K (32%)
----------------- Invoking toplevel() on ptolemy.moml.MoMLSimpleApplication@6e7c9a05
----------------- Done invoking toplevel() on ptolemy.moml.MoMLSimpleApplication@6e7c9a05
reloadAllAccessors: .PublisherSubscriberOpaqueWidthInference

===========================================================================================
----------------- testing Fri May 10 04:15:25 UTC 2019 /home/travis/build/icyphy/ptII/ptolemy/actor/lib/test/auto/PublisherTestSubscriber.xml
----------------- Instantiating /home/travis/build/icyphy/ptII/ptolemy/actor/lib/test/auto/PublisherTestSubscriber.xml
3 ms. Memory: 1564672K Free: 482030K (31%)
----------------- Invoking toplevel() on ptolemy.moml.MoMLSimpleApplication@7e49946a
----------------- Done invoking toplevel() on ptolemy.moml.MoMLSimpleApplication@7e49946a
reloadAllAccessors: .PublisherTestSubscriber

===========================================================================================
----------------- testing Fri May 10 04:15:25 UTC 2019 /home/travis/build/icyphy/ptII/ptolemy/actor/lib/test/auto/PublisherToplevelSubscriberPortAOC.xml
----------------- Instantiating /home/travis/build/icyphy/ptII/ptolemy/actor/lib/test/auto/PublisherToplevelSubscriberPortAOC.xml
2 ms. Memory: 1564672K Free: 462485K (30%)
----------------- Invoking toplevel() on ptolemy.moml.MoMLSimpleApplication@7e1218da
----------------- Done invoking toplevel() on ptolemy.moml.MoMLSimpleApplication@7e1218da
reloadAllAccessors: .PublisherToplevelSubscriberPortAOC

===========================================================================================
----------------- testing Fri May 10 04:15:25 UTC 2019 /home/travis/build/icyphy/ptII/ptolemy/actor/lib/test/auto/PulseFiringLimitDE.xml
----------------- Instantiating /home/travis/build/icyphy/ptII/ptolemy/actor/lib/test/auto/PulseFiringLimitDE.xml
1 ms. Memory: 1564672K Free: 442940K (28%)
----------------- Invoking toplevel() on ptolemy.moml.MoMLSimpleApplication@2f9931d7
----------------- Done invoking toplevel() on ptolemy.moml.MoMLSimpleApplication@2f9931d7
reloadAllAccessors: .PulseFiringLimitDE

===========================================================================================
----------------- testing Fri May 10 04:15:25 UTC 2019 /home/travis/build/icyphy/ptII/ptolemy/actor/lib/test/auto/Ramp1.xml
----------------- Instantiating /home/travis/build/icyphy/ptII/ptolemy/actor/lib/test/auto/Ramp1.xml
1 ms. Memory: 1564672K Free: 416792K (27%)
----------------- Invoking toplevel() on ptolemy.moml.MoMLSimpleApplication@40b8568e
----------------- Done invoking toplevel() on ptolemy.moml.MoMLSimpleApplication@40b8568e
reloadAllAccessors: .Ramp1

===========================================================================================
----------------- testing Fri May 10 04:15:25 UTC 2019 /home/travis/build/icyphy/ptII/ptolemy/actor/lib/test/auto/RampFiringLimitDE.xml
----------------- Instantiating /home/travis/build/icyphy/ptII/ptolemy/actor/lib/test/auto/RampFiringLimitDE.xml
2 ms. Memory: 1564672K Free: 397247K (25%)
----------------- Invoking toplevel() on ptolemy.moml.MoMLSimpleApplication@12f80508
----------------- Done invoking toplevel() on ptolemy.moml.MoMLSimpleApplication@12f80508
reloadAllAccessors: .RampFiringLimitDE

===========================================================================================
----------------- testing Fri May 10 04:15:25 UTC 2019 /home/travis/build/icyphy/ptII/ptolemy/actor/lib/test/auto/RampFiringLimitSDF.xml
----------------- Instantiating /home/travis/build/icyphy/ptII/ptolemy/actor/lib/test/auto/RampFiringLimitSDF.xml
2 ms. Memory: 1564672K Free: 371099K (24%)
----------------- Invoking toplevel() on ptolemy.moml.MoMLSimpleApplication@1f7a6d78
----------------- Done invoking toplevel() on ptolemy.moml.MoMLSimpleApplication@1f7a6d78
reloadAllAccessors: .RampFiringLimitSDF

===========================================================================================
----------------- testing Fri May 10 04:15:25 UTC 2019 /home/travis/build/icyphy/ptII/ptolemy/actor/lib/test/auto/RandomInteger.xml
----------------- Instantiating /home/travis/build/icyphy/ptII/ptolemy/actor/lib/test/auto/RandomInteger.xml
2 ms. Memory: 1564672K Free: 351555K (22%)
----------------- Invoking toplevel() on ptolemy.moml.MoMLSimpleApplication@af13d03
----------------- Done invoking toplevel() on ptolemy.moml.MoMLSimpleApplication@af13d03
reloadAllAccessors: .RandomInteger

===========================================================================================
----------------- testing Fri May 10 04:15:25 UTC 2019 /home/travis/build/icyphy/ptII/ptolemy/actor/lib/test/auto/ReadFile1.xml
----------------- Instantiating /home/travis/build/icyphy/ptII/ptolemy/actor/lib/test/auto/ReadFile1.xml
2 ms. Memory: 1564672K Free: 332010K (21%)
----------------- Invoking toplevel() on ptolemy.moml.MoMLSimpleApplication@1ee2da56
----------------- Done invoking toplevel() on ptolemy.moml.MoMLSimpleApplication@1ee2da56
reloadAllAccessors: .ReadFile1

===========================================================================================
----------------- testing Fri May 10 04:15:25 UTC 2019 /home/travis/build/icyphy/ptII/ptolemy/actor/lib/test/auto/ReadFile2.xml
----------------- Instantiating /home/travis/build/icyphy/ptII/ptolemy/actor/lib/test/auto/ReadFile2.xml
1 ms. Memory: 1564672K Free: 305862K (20%)
----------------- Invoking toplevel() on ptolemy.moml.MoMLSimpleApplication@493e9ab0
----------------- Done invoking toplevel() on ptolemy.moml.MoMLSimpleApplication@493e9ab0
reloadAllAccessors: .ReadFile2

===========================================================================================
----------------- testing Fri May 10 04:15:25 UTC 2019 /home/travis/build/icyphy/ptII/ptolemy/actor/lib/test/auto/Reader.xml
----------------- Instantiating /home/travis/build/icyphy/ptII/ptolemy/actor/lib/test/auto/Reader.xml
actor.lib.Reader is obsolete, use actor.lib.io.ExpressionReader instead
1 ms. Memory: 1564672K Free: 286317K (18%)
----------------- Invoking toplevel() on ptolemy.moml.MoMLSimpleApplication@9a2be0a
----------------- Done invoking toplevel() on ptolemy.moml.MoMLSimpleApplication@9a2be0a
reloadAllAccessors: .Reader

===========================================================================================
----------------- testing Fri May 10 04:15:25 UTC 2019 /home/travis/build/icyphy/ptII/ptolemy/actor/lib/test/auto/RecordAssemblerDisplayNameTest.xml
----------------- Instantiating /home/travis/build/icyphy/ptII/ptolemy/actor/lib/test/auto/RecordAssemblerDisplayNameTest.xml
3070 ms. Memory: 1595392K Free: 515934K (32%)
----------------- Invoking toplevel() on ptolemy.moml.MoMLSimpleApplication@115d251
----------------- Done invoking toplevel() on ptolemy.moml.MoMLSimpleApplication@115d251
reloadAllAccessors: .RecordAssemblerDisplayNameTest

===========================================================================================
----------------- testing Fri May 10 04:15:28 UTC 2019 /home/travis/build/icyphy/ptII/ptolemy/actor/lib/test/auto/RecordAssemblerTypeError.xml
----------------- Instantiating /home/travis/build/icyphy/ptII/ptolemy/actor/lib/test/auto/RecordAssemblerTypeError.xml
12 ms. Memory: 1595392K Free: 483631K (30%)
----------------- Invoking toplevel() on ptolemy.moml.MoMLSimpleApplication@25e293da
----------------- Done invoking toplevel() on ptolemy.moml.MoMLSimpleApplication@25e293da
reloadAllAccessors: .RecordAssemblerTypeError

===========================================================================================
----------------- testing Fri May 10 04:15:28 UTC 2019 /home/travis/build/icyphy/ptII/ptolemy/actor/lib/test/auto/RecordDisassember.xml
----------------- Instantiating /home/travis/build/icyphy/ptII/ptolemy/actor/lib/test/auto/RecordDisassember.xml
3 ms. Memory: 1595392K Free: 468850K (29%)
----------------- Invoking toplevel() on ptolemy.moml.MoMLSimpleApplication@5b0c6488
----------------- Done invoking toplevel() on ptolemy.moml.MoMLSimpleApplication@5b0c6488
reloadAllAccessors: .RecordDisassember

===========================================================================================
----------------- testing Fri May 10 04:15:28 UTC 2019 /home/travis/build/icyphy/ptII/ptolemy/actor/lib/test/auto/RecordDisassemberDisplayNameTest.xml
----------------- Instantiating /home/travis/build/icyphy/ptII/ptolemy/actor/lib/test/auto/RecordDisassemberDisplayNameTest.xml
4 ms. Memory: 1595392K Free: 448901K (28%)
----------------- Invoking toplevel() on ptolemy.moml.MoMLSimpleApplication@56bb7842
----------------- Done invoking toplevel() on ptolemy.moml.MoMLSimpleApplication@56bb7842
reloadAllAccessors: .RecordDisassemberDisplayNameTest

===========================================================================================
----------------- testing Fri May 10 04:15:28 UTC 2019 /home/travis/build/icyphy/ptII/ptolemy/actor/lib/test/auto/RecordDisassembler.xml
----------------- Instantiating /home/travis/build/icyphy/ptII/ptolemy/actor/lib/test/auto/RecordDisassembler.xml
2 ms. Memory: 1595392K Free: 434120K (27%)
----------------- Invoking toplevel() on ptolemy.moml.MoMLSimpleApplication@4f8c2833
----------------- Done invoking toplevel() on ptolemy.moml.MoMLSimpleApplication@4f8c2833
reloadAllAccessors: .RecordDisassembler

===========================================================================================
----------------- testing Fri May 10 04:15:28 UTC 2019 /home/travis/build/icyphy/ptII/ptolemy/actor/lib/test/auto/RecordDisassembler2.xml
----------------- Instantiating /home/travis/build/icyphy/ptII/ptolemy/actor/lib/test/auto/RecordDisassembler2.xml
2 ms. Memory: 1595392K Free: 414171K (26%)
----------------- Invoking toplevel() on ptolemy.moml.MoMLSimpleApplication@45619db5
----------------- Done invoking toplevel() on ptolemy.moml.MoMLSimpleApplication@45619db5
reloadAllAccessors: .RecordDisassembler2

===========================================================================================
----------------- testing Fri May 10 04:15:29 UTC 2019 /home/travis/build/icyphy/ptII/ptolemy/actor/lib/test/auto/RecordUpdater.xml
----------------- Instantiating /home/travis/build/icyphy/ptII/ptolemy/actor/lib/test/auto/RecordUpdater.xml
1 ms. Memory: 1595392K Free: 399389K (25%)
----------------- Invoking toplevel() on ptolemy.moml.MoMLSimpleApplication@6091643b
----------------- Done invoking toplevel() on ptolemy.moml.MoMLSimpleApplication@6091643b
reloadAllAccessors: .RecordUpdater

===========================================================================================
----------------- testing Fri May 10 04:15:29 UTC 2019 /home/travis/build/icyphy/ptII/ptolemy/actor/lib/test/auto/RecordUpdater2.xml
----------------- Instantiating /home/travis/build/icyphy/ptII/ptolemy/actor/lib/test/auto/RecordUpdater2.xml
1 ms. Memory: 1595392K Free: 379441K (24%)
----------------- Invoking toplevel() on ptolemy.moml.MoMLSimpleApplication@1d904698
----------------- Done invoking toplevel() on ptolemy.moml.MoMLSimpleApplication@1d904698
reloadAllAccessors: .RecordUpdater2

===========================================================================================
----------------- testing Fri May 10 04:15:29 UTC 2019 /home/travis/build/icyphy/ptII/ptolemy/actor/lib/test/auto/RecursiveLattice.xml
----------------- Instantiating /home/travis/build/icyphy/ptII/ptolemy/actor/lib/test/auto/RecursiveLattice.xml
1 ms. Memory: 1595392K Free: 364659K (23%)
----------------- Invoking toplevel() on ptolemy.moml.MoMLSimpleApplication@4bcd10c6
----------------- Done invoking toplevel() on ptolemy.moml.MoMLSimpleApplication@4bcd10c6
reloadAllAccessors: .RecursiveLattice

===========================================================================================
----------------- testing Fri May 10 04:15:29 UTC 2019 /home/travis/build/icyphy/ptII/ptolemy/actor/lib/test/auto/Router.xml
----------------- Instantiating /home/travis/build/icyphy/ptII/ptolemy/actor/lib/test/auto/Router.xml
3004 ms. Memory: 1595392K Free: 344710K (22%)
----------------- Invoking toplevel() on ptolemy.moml.MoMLSimpleApplication@2764ce14
----------------- Done invoking toplevel() on ptolemy.moml.MoMLSimpleApplication@2764ce14
reloadAllAccessors: .Router

===========================================================================================
----------------- testing Fri May 10 04:15:32 UTC 2019 /home/travis/build/icyphy/ptII/ptolemy/actor/lib/test/auto/Router2.xml
----------------- Instantiating /home/travis/build/icyphy/ptII/ptolemy/actor/lib/test/auto/Router2.xml
3002 ms. Memory: 1595392K Free: 329929K (21%)
----------------- Invoking toplevel() on ptolemy.moml.MoMLSimpleApplication@2a863ea7
----------------- Done invoking toplevel() on ptolemy.moml.MoMLSimpleApplication@2a863ea7
reloadAllAccessors: .Router2

===========================================================================================
----------------- testing Fri May 10 04:15:35 UTC 2019 /home/travis/build/icyphy/ptII/ptolemy/actor/lib/test/auto/RunningMaximum.xml
----------------- Instantiating /home/travis/build/icyphy/ptII/ptolemy/actor/lib/test/auto/RunningMaximum.xml
12 ms. Memory: 1595392K Free: 309980K (19%)
----------------- Invoking toplevel() on ptolemy.moml.MoMLSimpleApplication@5deffa89
----------------- Done invoking toplevel() on ptolemy.moml.MoMLSimpleApplication@5deffa89
reloadAllAccessors: .RunningMaximum

===========================================================================================
----------------- testing Fri May 10 04:15:35 UTC 2019 /home/travis/build/icyphy/ptII/ptolemy/actor/lib/test/auto/RunningMinimum.xml
----------------- Instantiating /home/travis/build/icyphy/ptII/ptolemy/actor/lib/test/auto/RunningMinimum.xml
7 ms. Memory: 1595392K Free: 295199K (19%)
----------------- Invoking toplevel() on ptolemy.moml.MoMLSimpleApplication@25e33edf
----------------- Done invoking toplevel() on ptolemy.moml.MoMLSimpleApplication@25e33edf
reloadAllAccessors: .RunningMinimum

===========================================================================================
----------------- testing Fri May 10 04:15:35 UTC 2019 /home/travis/build/icyphy/ptII/ptolemy/actor/lib/test/auto/Scale.xml
----------------- Instantiating /home/travis/build/icyphy/ptII/ptolemy/actor/lib/test/auto/Scale.xml
9 ms. Memory: 1595392K Free: 275250K (17%)
----------------- Invoking toplevel() on ptolemy.moml.MoMLSimpleApplication@263f2e3b
----------------- Done invoking toplevel() on ptolemy.moml.MoMLSimpleApplication@263f2e3b
reloadAllAccessors: .Scale

===========================================================================================
----------------- testing Fri May 10 04:15:35 UTC 2019 /home/travis/build/icyphy/ptII/ptolemy/actor/lib/test/auto/Scale2.xml
----------------- Instantiating /home/travis/build/icyphy/ptII/ptolemy/actor/lib/test/auto/Scale2.xml
7 ms. Memory: 1595392K Free: 260469K (16%)
----------------- Invoking toplevel() on ptolemy.moml.MoMLSimpleApplication@1f6737c5
----------------- Done invoking toplevel() on ptolemy.moml.MoMLSimpleApplication@1f6737c5
reloadAllAccessors: .Scale2

===========================================================================================
----------------- testing Fri May 10 04:15:35 UTC 2019 /home/travis/build/icyphy/ptII/ptolemy/actor/lib/test/auto/Scale3.xml
----------------- Instantiating /home/travis/build/icyphy/ptII/ptolemy/actor/lib/test/auto/Scale3.xml
11 ms. Memory: 1595392K Free: 240520K (15%)
----------------- Invoking toplevel() on ptolemy.moml.MoMLSimpleApplication@7f2de054
----------------- Done invoking toplevel() on ptolemy.moml.MoMLSimpleApplication@7f2de054
reloadAllAccessors: .Scale3

===========================================================================================
----------------- testing Fri May 10 04:15:35 UTC 2019 /home/travis/build/icyphy/ptII/ptolemy/actor/lib/test/auto/ScaleArray.xml
----------------- Instantiating /home/travis/build/icyphy/ptII/ptolemy/actor/lib/test/auto/ScaleArray.xml
10 ms. Memory: 1595392K Free: 225739K (14%)
----------------- Invoking toplevel() on ptolemy.moml.MoMLSimpleApplication@628ee744
----------------- Done invoking toplevel() on ptolemy.moml.MoMLSimpleApplication@628ee744
reloadAllAccessors: .ScaleArray

===========================================================================================
----------------- testing Fri May 10 04:15:35 UTC 2019 /home/travis/build/icyphy/ptII/ptolemy/actor/lib/test/auto/ScaleArray2.xml
----------------- Instantiating /home/travis/build/icyphy/ptII/ptolemy/actor/lib/test/auto/ScaleArray2.xml
2 ms. Memory: 1595392K Free: 205790K (13%)
----------------- Invoking toplevel() on ptolemy.moml.MoMLSimpleApplication@35f8d78f
----------------- Done invoking toplevel() on ptolemy.moml.MoMLSimpleApplication@35f8d78f
reloadAllAccessors: .ScaleArray2

===========================================================================================
----------------- testing Fri May 10 04:15:35 UTC 2019 /home/travis/build/icyphy/ptII/ptolemy/actor/lib/test/auto/ScaleMatrix.xml
----------------- Instantiating /home/travis/build/icyphy/ptII/ptolemy/actor/lib/test/auto/ScaleMatrix.xml
135 ms. Memory: 1595392K Free: 183618K (12%)
----------------- Invoking toplevel() on ptolemy.moml.MoMLSimpleApplication@1ea0ce8c
----------------- Done invoking toplevel() on ptolemy.moml.MoMLSimpleApplication@1ea0ce8c
reloadAllAccessors: .ScaleMatrix

===========================================================================================
----------------- testing Fri May 10 04:15:35 UTC 2019 /home/travis/build/icyphy/ptII/ptolemy/actor/lib/test/auto/Select.xml
----------------- Instantiating /home/travis/build/icyphy/ptII/ptolemy/actor/lib/test/auto/Select.xml
2 ms. Memory: 1595392K Free: 163669K (10%)
----------------- Invoking toplevel() on ptolemy.moml.MoMLSimpleApplication@689dc5e4
----------------- Done invoking toplevel() on ptolemy.moml.MoMLSimpleApplication@689dc5e4
reloadAllAccessors: .Select

===========================================================================================
----------------- testing Fri May 10 04:15:35 UTC 2019 /home/travis/build/icyphy/ptII/ptolemy/actor/lib/test/auto/Select2.xml
----------------- Instantiating /home/travis/build/icyphy/ptII/ptolemy/actor/lib/test/auto/Select2.xml
1 ms. Memory: 1595392K Free: 148888K (9%)
----------------- Invoking toplevel() on ptolemy.moml.MoMLSimpleApplication@39c74b5e
----------------- Done invoking toplevel() on ptolemy.moml.MoMLSimpleApplication@39c74b5e
reloadAllAccessors: .Select2

===========================================================================================
----------------- testing Fri May 10 04:15:35 UTC 2019 /home/travis/build/icyphy/ptII/ptolemy/actor/lib/test/auto/SequenceToArray2.xml
----------------- Instantiating /home/travis/build/icyphy/ptII/ptolemy/actor/lib/test/auto/SequenceToArray2.xml
92 ms. Memory: 1781248K Free: 1687718K (95%)
----------------- Invoking toplevel() on ptolemy.moml.MoMLSimpleApplication@6604dfc4
----------------- Done invoking toplevel() on ptolemy.moml.MoMLSimpleApplication@6604dfc4
reloadAllAccessors: .SequenceToArray2

===========================================================================================
----------------- testing Fri May 10 04:15:35 UTC 2019 /home/travis/build/icyphy/ptII/ptolemy/actor/lib/test/auto/SequentialClock.xml
----------------- Instantiating /home/travis/build/icyphy/ptII/ptolemy/actor/lib/test/auto/SequentialClock.xml
1 ms. Memory: 1781248K Free: 1668121K (94%)
----------------- Invoking toplevel() on ptolemy.moml.MoMLSimpleApplication@6704ab5a
----------------- Done invoking toplevel() on ptolemy.moml.MoMLSimpleApplication@6704ab5a
reloadAllAccessors: .SequentialClock

===========================================================================================
----------------- testing Fri May 10 04:15:35 UTC 2019 /home/travis/build/icyphy/ptII/ptolemy/actor/lib/test/auto/SetVariable.xml
----------------- Instantiating /home/travis/build/icyphy/ptII/ptolemy/actor/lib/test/auto/SetVariable.xml
2 ms. Memory: 1781248K Free: 1652772K (93%)
----------------- Invoking toplevel() on ptolemy.moml.MoMLSimpleApplication@19c95144
----------------- Done invoking toplevel() on ptolemy.moml.MoMLSimpleApplication@19c95144
reloadAllAccessors: .SetVariable

===========================================================================================
----------------- testing Fri May 10 04:15:35 UTC 2019 /home/travis/build/icyphy/ptII/ptolemy/actor/lib/test/auto/SetVariable2.xml
----------------- Instantiating /home/travis/build/icyphy/ptII/ptolemy/actor/lib/test/auto/SetVariable2.xml
2 ms. Memory: 1781248K Free: 1641665K (92%)
----------------- Invoking toplevel() on ptolemy.moml.MoMLSimpleApplication@2bdb16e7
----------------- Done invoking toplevel() on ptolemy.moml.MoMLSimpleApplication@2bdb16e7
reloadAllAccessors: .SetVariable2

===========================================================================================
----------------- testing Fri May 10 04:15:35 UTC 2019 /home/travis/build/icyphy/ptII/ptolemy/actor/lib/test/auto/SetVariable3.xml
----------------- Instantiating /home/travis/build/icyphy/ptII/ptolemy/actor/lib/test/auto/SetVariable3.xml
3 ms. Memory: 1781248K Free: 1626317K (91%)
----------------- Invoking toplevel() on ptolemy.moml.MoMLSimpleApplication@31271cbe
----------------- Done invoking toplevel() on ptolemy.moml.MoMLSimpleApplication@31271cbe
reloadAllAccessors: .SetVariable3

===========================================================================================
----------------- testing Fri May 10 04:15:35 UTC 2019 /home/travis/build/icyphy/ptII/ptolemy/actor/lib/test/auto/SetVariable4.xml
----------------- Instantiating /home/travis/build/icyphy/ptII/ptolemy/actor/lib/test/auto/SetVariable4.xml
10 ms. Memory: 1781248K Free: 1576335K (88%)
----------------- Invoking toplevel() on ptolemy.moml.MoMLSimpleApplication@6c427bce
----------------- Done invoking toplevel() on ptolemy.moml.MoMLSimpleApplication@6c427bce
reloadAllAccessors: .SetVariable4

===========================================================================================
----------------- testing Fri May 10 04:15:35 UTC 2019 /home/travis/build/icyphy/ptII/ptolemy/actor/lib/test/auto/SetVariable5.xml
----------------- Instantiating /home/travis/build/icyphy/ptII/ptolemy/actor/lib/test/auto/SetVariable5.xml
12 ms. Memory: 1781248K Free: 1555433K (87%)
----------------- Invoking toplevel() on ptolemy.moml.MoMLSimpleApplication@2a456a7e
----------------- Done invoking toplevel() on ptolemy.moml.MoMLSimpleApplication@2a456a7e
reloadAllAccessors: .SetVariable5

===========================================================================================
----------------- testing Fri May 10 04:15:35 UTC 2019 /home/travis/build/icyphy/ptII/ptolemy/actor/lib/test/auto/Sinewave.xml
----------------- Instantiating /home/travis/build/icyphy/ptII/ptolemy/actor/lib/test/auto/Sinewave.xml
6 ms. Memory: 1781248K Free: 1534531K (86%)
----------------- Invoking toplevel() on ptolemy.moml.MoMLSimpleApplication@4050ef69
----------------- Done invoking toplevel() on ptolemy.moml.MoMLSimpleApplication@4050ef69
reloadAllAccessors: .Sinewave

===========================================================================================
----------------- testing Fri May 10 04:15:35 UTC 2019 /home/travis/build/icyphy/ptII/ptolemy/actor/lib/test/auto/Sinewave2.xml
----------------- Instantiating /home/travis/build/icyphy/ptII/ptolemy/actor/lib/test/auto/Sinewave2.xml
6 ms. Memory: 1781248K Free: 1523424K (86%)
----------------- Invoking toplevel() on ptolemy.moml.MoMLSimpleApplication@53adba81
----------------- Done invoking toplevel() on ptolemy.moml.MoMLSimpleApplication@53adba81
reloadAllAccessors: .Sinewave2

===========================================================================================
----------------- testing Fri May 10 04:15:35 UTC 2019 /home/travis/build/icyphy/ptII/ptolemy/actor/lib/test/auto/Sinewave3.xml
----------------- Instantiating /home/travis/build/icyphy/ptII/ptolemy/actor/lib/test/auto/Sinewave3.xml
7 ms. Memory: 1781248K Free: 1508076K (85%)
----------------- Invoking toplevel() on ptolemy.moml.MoMLSimpleApplication@60ebd1a3
----------------- Done invoking toplevel() on ptolemy.moml.MoMLSimpleApplication@60ebd1a3
reloadAllAccessors: .Sinewave3

===========================================================================================
----------------- testing Fri May 10 04:15:35 UTC 2019 /home/travis/build/icyphy/ptII/ptolemy/actor/lib/test/auto/SingleEvent.xml
----------------- Instantiating /home/travis/build/icyphy/ptII/ptolemy/actor/lib/test/auto/SingleEvent.xml
1 ms. Memory: 1781248K Free: 1496969K (84%)
----------------- Invoking toplevel() on ptolemy.moml.MoMLSimpleApplication@1dd33f35
----------------- Done invoking toplevel() on ptolemy.moml.MoMLSimpleApplication@1dd33f35
reloadAllAccessors: .SingleEvent

===========================================================================================
----------------- testing Fri May 10 04:15:35 UTC 2019 /home/travis/build/icyphy/ptII/ptolemy/actor/lib/test/auto/Sleep.xml
----------------- Instantiating /home/travis/build/icyphy/ptII/ptolemy/actor/lib/test/auto/Sleep.xml
6003 ms. Memory: 1781248K Free: 1481620K (83%)
----------------- Invoking toplevel() on ptolemy.moml.MoMLSimpleApplication@2ab8171e
----------------- Done invoking toplevel() on ptolemy.moml.MoMLSimpleApplication@2ab8171e
reloadAllAccessors: .Sleep

===========================================================================================
----------------- testing Fri May 10 04:15:41 UTC 2019 /home/travis/build/icyphy/ptII/ptolemy/actor/lib/test/auto/SleepMultipleFire.xml
----------------- Instantiating /home/travis/build/icyphy/ptII/ptolemy/actor/lib/test/auto/SleepMultipleFire.xml
1005 ms. Memory: 1781248K Free: 1466272K (82%)
----------------- Invoking toplevel() on ptolemy.moml.MoMLSimpleApplication@698b1a59
----------------- Done invoking toplevel() on ptolemy.moml.MoMLSimpleApplication@698b1a59
reloadAllAccessors: .SleepMultipleFire

===========================================================================================
----------------- testing Fri May 10 04:15:42 UTC 2019 /home/travis/build/icyphy/ptII/ptolemy/actor/lib/test/auto/StopDE.xml
----------------- Instantiating /home/travis/build/icyphy/ptII/ptolemy/actor/lib/test/auto/StopDE.xml
3 ms. Memory: 1781248K Free: 1455165K (82%)
----------------- Invoking toplevel() on ptolemy.moml.MoMLSimpleApplication@54b47ee0
----------------- Done invoking toplevel() on ptolemy.moml.MoMLSimpleApplication@54b47ee0
reloadAllAccessors: .StopDE

===========================================================================================
----------------- testing Fri May 10 04:15:43 UTC 2019 /home/travis/build/icyphy/ptII/ptolemy/actor/lib/test/auto/StopSDF.xml
----------------- Instantiating /home/travis/build/icyphy/ptII/ptolemy/actor/lib/test/auto/StopSDF.xml
4 ms. Memory: 1781248K Free: 1439816K (81%)
----------------- Invoking toplevel() on ptolemy.moml.MoMLSimpleApplication@7b0adb56
----------------- Done invoking toplevel() on ptolemy.moml.MoMLSimpleApplication@7b0adb56
reloadAllAccessors: .StopSDF

===========================================================================================
----------------- testing Fri May 10 04:15:43 UTC 2019 /home/travis/build/icyphy/ptII/ptolemy/actor/lib/test/auto/StringConstant.xml
----------------- Instantiating /home/travis/build/icyphy/ptII/ptolemy/actor/lib/test/auto/StringConstant.xml
5 ms. Memory: 1781248K Free: 1428709K (80%)
----------------- Invoking toplevel() on ptolemy.moml.MoMLSimpleApplication@1926b27a
----------------- Done invoking toplevel() on ptolemy.moml.MoMLSimpleApplication@1926b27a
reloadAllAccessors: .StringConstant

===========================================================================================
----------------- testing Fri May 10 04:15:43 UTC 2019 /home/travis/build/icyphy/ptII/ptolemy/actor/lib/test/auto/SubscriberPortInitialValues1.xml
----------------- Instantiating /home/travis/build/icyphy/ptII/ptolemy/actor/lib/test/auto/SubscriberPortInitialValues1.xml
10 ms. Memory: 1781248K Free: 1413360K (79%)
----------------- Invoking toplevel() on ptolemy.moml.MoMLSimpleApplication@7ad5559d
----------------- Done invoking toplevel() on ptolemy.moml.MoMLSimpleApplication@7ad5559d
reloadAllAccessors: .SubscriberPortInitialValues1

===========================================================================================
----------------- testing Fri May 10 04:15:43 UTC 2019 /home/travis/build/icyphy/ptII/ptolemy/actor/lib/test/auto/SubscriberPortInitialValues13.xml
----------------- Instantiating /home/travis/build/icyphy/ptII/ptolemy/actor/lib/test/auto/SubscriberPortInitialValues13.xml
4 ms. Memory: 1781248K Free: 1392458K (78%)
----------------- Invoking toplevel() on ptolemy.moml.MoMLSimpleApplication@3c686a83
----------------- Done invoking toplevel() on ptolemy.moml.MoMLSimpleApplication@3c686a83
reloadAllAccessors: .SubscriberPortInitialValues13

===========================================================================================
----------------- testing Fri May 10 04:15:43 UTC 2019 /home/travis/build/icyphy/ptII/ptolemy/actor/lib/test/auto/SubscriberPortInitialValues14.xml
----------------- Instantiating /home/travis/build/icyphy/ptII/ptolemy/actor/lib/test/auto/SubscriberPortInitialValues14.xml
8 ms. Memory: 1781248K Free: 1381351K (78%)
----------------- Invoking toplevel() on ptolemy.moml.MoMLSimpleApplication@180ffceb
----------------- Done invoking toplevel() on ptolemy.moml.MoMLSimpleApplication@180ffceb
reloadAllAccessors: .SubscriberPortInitialValues14

===========================================================================================
----------------- testing Fri May 10 04:15:43 UTC 2019 /home/travis/build/icyphy/ptII/ptolemy/actor/lib/test/auto/SubscriberPortInitialValues2.xml
----------------- Instantiating /home/travis/build/icyphy/ptII/ptolemy/actor/lib/test/auto/SubscriberPortInitialValues2.xml
3 ms. Memory: 1781248K Free: 1366003K (77%)
----------------- Invoking toplevel() on ptolemy.moml.MoMLSimpleApplication@6b1e591d
----------------- Done invoking toplevel() on ptolemy.moml.MoMLSimpleApplication@6b1e591d
reloadAllAccessors: .SubscriberPortInitialValues2

===========================================================================================
----------------- testing Fri May 10 04:15:43 UTC 2019 /home/travis/build/icyphy/ptII/ptolemy/actor/lib/test/auto/SubscriberPortInitialValues3.xml
----------------- Instantiating /home/travis/build/icyphy/ptII/ptolemy/actor/lib/test/auto/SubscriberPortInitialValues3.xml
3 ms. Memory: 1781248K Free: 1349326K (76%)
----------------- Invoking toplevel() on ptolemy.moml.MoMLSimpleApplication@64e2ac4f
----------------- Done invoking toplevel() on ptolemy.moml.MoMLSimpleApplication@64e2ac4f
reloadAllAccessors: .SubscriberPortInitialValues3

===========================================================================================
----------------- testing Fri May 10 04:15:43 UTC 2019 /home/travis/build/icyphy/ptII/ptolemy/actor/lib/test/auto/SubscriptionAggregator.xml
----------------- Instantiating /home/travis/build/icyphy/ptII/ptolemy/actor/lib/test/auto/SubscriptionAggregator.xml
2 ms. Memory: 1781248K Free: 1333978K (75%)
----------------- Invoking toplevel() on ptolemy.moml.MoMLSimpleApplication@f6ae9b7
----------------- Done invoking toplevel() on ptolemy.moml.MoMLSimpleApplication@f6ae9b7
reloadAllAccessors: .SubscriptionAggregator

===========================================================================================
----------------- testing Fri May 10 04:15:43 UTC 2019 /home/travis/build/icyphy/ptII/ptolemy/actor/lib/test/auto/SubscriptionAggregator2.xml
----------------- Instantiating /home/travis/build/icyphy/ptII/ptolemy/actor/lib/test/auto/SubscriptionAggregator2.xml
2 ms. Memory: 1781248K Free: 1322871K (74%)
----------------- Invoking toplevel() on ptolemy.moml.MoMLSimpleApplication@5a2000c4
----------------- Done invoking toplevel() on ptolemy.moml.MoMLSimpleApplication@5a2000c4
reloadAllAccessors: .SubscriptionAggregator2

===========================================================================================
----------------- testing Fri May 10 04:15:43 UTC 2019 /home/travis/build/icyphy/ptII/ptolemy/actor/lib/test/auto/SubscriptionAggregator3.xml
----------------- Instantiating /home/travis/build/icyphy/ptII/ptolemy/actor/lib/test/auto/SubscriptionAggregator3.xml
4 ms. Memory: 1781248K Free: 1301969K (73%)
----------------- Invoking toplevel() on ptolemy.moml.MoMLSimpleApplication@2c7ac44f
----------------- Done invoking toplevel() on ptolemy.moml.MoMLSimpleApplication@2c7ac44f
reloadAllAccessors: .SubscriptionAggregator3

===========================================================================================
----------------- testing Fri May 10 04:15:43 UTC 2019 /home/travis/build/icyphy/ptII/ptolemy/actor/lib/test/auto/SubscriptionAggregatorMultiply.xml
----------------- Instantiating /home/travis/build/icyphy/ptII/ptolemy/actor/lib/test/auto/SubscriptionAggregatorMultiply.xml
6 ms. Memory: 1781248K Free: 1286620K (72%)
----------------- Invoking toplevel() on ptolemy.moml.MoMLSimpleApplication@49fc521c
----------------- Done invoking toplevel() on ptolemy.moml.MoMLSimpleApplication@49fc521c
reloadAllAccessors: .SubscriptionAggregatorMultiply

===========================================================================================
----------------- testing Fri May 10 04:15:43 UTC 2019 /home/travis/build/icyphy/ptII/ptolemy/actor/lib/test/auto/SubscriptionAggregatorPortMultiply1.xml
----------------- Instantiating /home/travis/build/icyphy/ptII/ptolemy/actor/lib/test/auto/SubscriptionAggregatorPortMultiply1.xml
4 ms. Memory: 1781248K Free: 1275513K (72%)
----------------- Invoking toplevel() on ptolemy.moml.MoMLSimpleApplication@25e4393
----------------- Done invoking toplevel() on ptolemy.moml.MoMLSimpleApplication@25e4393
reloadAllAccessors: .SubscriptionAggregatorPortMultiply1

===========================================================================================
----------------- testing Fri May 10 04:15:43 UTC 2019 /home/travis/build/icyphy/ptII/ptolemy/actor/lib/test/auto/Switch.xml
----------------- Instantiating /home/travis/build/icyphy/ptII/ptolemy/actor/lib/test/auto/Switch.xml
6 ms. Memory: 1781248K Free: 1226817K (69%)
----------------- Invoking toplevel() on ptolemy.moml.MoMLSimpleApplication@61f7ff2c
----------------- Done invoking toplevel() on ptolemy.moml.MoMLSimpleApplication@61f7ff2c
reloadAllAccessors: .Switch

===========================================================================================
----------------- testing Fri May 10 04:15:43 UTC 2019 /home/travis/build/icyphy/ptII/ptolemy/actor/lib/test/auto/Switch2.xml
----------------- Instantiating /home/travis/build/icyphy/ptII/ptolemy/actor/lib/test/auto/Switch2.xml
1 ms. Memory: 1781248K Free: 1215710K (68%)
----------------- Invoking toplevel() on ptolemy.moml.MoMLSimpleApplication@5613354f
----------------- Done invoking toplevel() on ptolemy.moml.MoMLSimpleApplication@5613354f
reloadAllAccessors: .Switch2

===========================================================================================
----------------- testing Fri May 10 04:15:43 UTC 2019 /home/travis/build/icyphy/ptII/ptolemy/actor/lib/test/auto/SwitchDE.xml
----------------- Instantiating /home/travis/build/icyphy/ptII/ptolemy/actor/lib/test/auto/SwitchDE.xml
7 ms. Memory: 1781248K Free: 1200362K (67%)
----------------- Invoking toplevel() on ptolemy.moml.MoMLSimpleApplication@65256180
----------------- Done invoking toplevel() on ptolemy.moml.MoMLSimpleApplication@65256180
reloadAllAccessors: .SwitchDE

===========================================================================================
----------------- testing Fri May 10 04:15:43 UTC 2019 /home/travis/build/icyphy/ptII/ptolemy/actor/lib/test/auto/SynchronizerDE.xml
----------------- Instantiating /home/travis/build/icyphy/ptII/ptolemy/actor/lib/test/auto/SynchronizerDE.xml
7 ms. Memory: 1781248K Free: 1179444K (66%)
----------------- Invoking toplevel() on ptolemy.moml.MoMLSimpleApplication@5e25d6c0
----------------- Done invoking toplevel() on ptolemy.moml.MoMLSimpleApplication@5e25d6c0
reloadAllAccessors: .SynchronizerDE

===========================================================================================
----------------- testing Fri May 10 04:15:43 UTC 2019 /home/travis/build/icyphy/ptII/ptolemy/actor/lib/test/auto/Test.xml
----------------- Instantiating /home/travis/build/icyphy/ptII/ptolemy/actor/lib/test/auto/Test.xml
8 ms. Memory: 1781248K Free: 1168337K (66%)
----------------- Invoking toplevel() on ptolemy.moml.MoMLSimpleApplication@3b938292
----------------- Done invoking toplevel() on ptolemy.moml.MoMLSimpleApplication@3b938292
reloadAllAccessors: .Test

===========================================================================================
----------------- testing Fri May 10 04:15:43 UTC 2019 /home/travis/build/icyphy/ptII/ptolemy/actor/lib/test/auto/TestExceptionAttribute1.xml
----------------- Instantiating /home/travis/build/icyphy/ptII/ptolemy/actor/lib/test/auto/TestExceptionAttribute1.xml
1 ms. Memory: 1781248K Free: 1152988K (65%)
----------------- Invoking toplevel() on ptolemy.moml.MoMLSimpleApplication@527c9673
----------------- Done invoking toplevel() on ptolemy.moml.MoMLSimpleApplication@527c9673
reloadAllAccessors: .TestExceptionAttribute1

===========================================================================================
----------------- testing Fri May 10 04:15:43 UTC 2019 /home/travis/build/icyphy/ptII/ptolemy/actor/lib/test/auto/TestExceptionAttribute2.xml
----------------- Instantiating /home/travis/build/icyphy/ptII/ptolemy/actor/lib/test/auto/TestExceptionAttribute2.xml
1 ms. Memory: 1781248K Free: 1141881K (64%)
----------------- Invoking toplevel() on ptolemy.moml.MoMLSimpleApplication@41de09b4
----------------- Done invoking toplevel() on ptolemy.moml.MoMLSimpleApplication@41de09b4
reloadAllAccessors: .TestExceptionAttribute2

===========================================================================================
----------------- testing Fri May 10 04:15:43 UTC 2019 /home/travis/build/icyphy/ptII/ptolemy/actor/lib/test/auto/TestExceptionAttribute3.xml
----------------- Instantiating /home/travis/build/icyphy/ptII/ptolemy/actor/lib/test/auto/TestExceptionAttribute3.xml
.TestExceptionAttribute3.TestExceptionAttribute: initialize() was not invoked, but wrapup() was.  This is unusual, but not always a problem.  For example, exporting JNLP will do this.
1 ms. Memory: 1781248K Free: 1126533K (63%)
----------------- Invoking toplevel() on ptolemy.moml.MoMLSimpleApplication@c81b204
----------------- Done invoking toplevel() on ptolemy.moml.MoMLSimpleApplication@c81b204
reloadAllAccessors: .TestExceptionAttribute3

===========================================================================================
----------------- testing Fri May 10 04:15:43 UTC 2019 /home/travis/build/icyphy/ptII/ptolemy/actor/lib/test/auto/TestExceptionAttribute4.xml
----------------- Instantiating /home/travis/build/icyphy/ptII/ptolemy/actor/lib/test/auto/TestExceptionAttribute4.xml
.TestExceptionAttribute4.TestExceptionAttribute: initialize() was not invoked, but wrapup() was.  This is unusual, but not always a problem.  For example, exporting JNLP will do this.
.TestExceptionAttribute4.TestExceptionAttribute2: initialize() was not invoked, but wrapup() was.  This is unusual, but not always a problem.  For example, exporting JNLP will do this.
1 ms. Memory: 1781248K Free: 1115426K (63%)
----------------- Invoking toplevel() on ptolemy.moml.MoMLSimpleApplication@1faf3d18
----------------- Done invoking toplevel() on ptolemy.moml.MoMLSimpleApplication@1faf3d18
reloadAllAccessors: .TestExceptionAttribute4

===========================================================================================
----------------- testing Fri May 10 04:15:43 UTC 2019 /home/travis/build/icyphy/ptII/ptolemy/actor/lib/test/auto/TestExceptionHandler1.xml
----------------- Instantiating /home/travis/build/icyphy/ptII/ptolemy/actor/lib/test/auto/TestExceptionHandler1.xml
1 ms. Memory: 1781248K Free: 1100077K (62%)
----------------- Invoking toplevel() on ptolemy.moml.MoMLSimpleApplication@54dbba25
----------------- Done invoking toplevel() on ptolemy.moml.MoMLSimpleApplication@54dbba25
reloadAllAccessors: .TestExceptionHandler1

===========================================================================================
----------------- testing Fri May 10 04:15:43 UTC 2019 /home/travis/build/icyphy/ptII/ptolemy/actor/lib/test/auto/TestExceptionHandler2.xml
----------------- Instantiating /home/travis/build/icyphy/ptII/ptolemy/actor/lib/test/auto/TestExceptionHandler2.xml
2 ms. Memory: 1781248K Free: 1084729K (61%)
----------------- Invoking toplevel() on ptolemy.moml.MoMLSimpleApplication@7517a693
----------------- Done invoking toplevel() on ptolemy.moml.MoMLSimpleApplication@7517a693
reloadAllAccessors: .TestExceptionHandler2

===========================================================================================
----------------- testing Fri May 10 04:15:43 UTC 2019 /home/travis/build/icyphy/ptII/ptolemy/actor/lib/test/auto/TestExceptionHandler3.xml
----------------- Instantiating /home/travis/build/icyphy/ptII/ptolemy/actor/lib/test/auto/TestExceptionHandler3.xml
0 ms. Memory: 1781248K Free: 1073622K (60%)
----------------- Invoking toplevel() on ptolemy.moml.MoMLSimpleApplication@37bc22b
----------------- Done invoking toplevel() on ptolemy.moml.MoMLSimpleApplication@37bc22b
reloadAllAccessors: .TestExceptionHandler3

===========================================================================================
----------------- testing Fri May 10 04:15:43 UTC 2019 /home/travis/build/icyphy/ptII/ptolemy/actor/lib/test/auto/TestExceptionHandler4.xml
----------------- Instantiating /home/travis/build/icyphy/ptII/ptolemy/actor/lib/test/auto/TestExceptionHandler4.xml
1 ms. Memory: 1781248K Free: 1058273K (59%)
----------------- Invoking toplevel() on ptolemy.moml.MoMLSimpleApplication@22be9249
----------------- Done invoking toplevel() on ptolemy.moml.MoMLSimpleApplication@22be9249
reloadAllAccessors: .TestExceptionHandler4

===========================================================================================
----------------- testing Fri May 10 04:15:43 UTC 2019 /home/travis/build/icyphy/ptII/ptolemy/actor/lib/test/auto/TestRequireCorrectOrder.xml
----------------- Instantiating /home/travis/build/icyphy/ptII/ptolemy/actor/lib/test/auto/TestRequireCorrectOrder.xml
3 ms. Memory: 1781248K Free: 1047166K (59%)
----------------- Invoking toplevel() on ptolemy.moml.MoMLSimpleApplication@1721a970
----------------- Done invoking toplevel() on ptolemy.moml.MoMLSimpleApplication@1721a970
reloadAllAccessors: .TestRequireCorrectOrder

===========================================================================================
----------------- testing Fri May 10 04:15:43 UTC 2019 /home/travis/build/icyphy/ptII/ptolemy/actor/lib/test/auto/TestSimple.xml
----------------- Instantiating /home/travis/build/icyphy/ptII/ptolemy/actor/lib/test/auto/TestSimple.xml
2 ms. Memory: 1781248K Free: 1031818K (58%)
----------------- Invoking toplevel() on ptolemy.moml.MoMLSimpleApplication@1cecd537
----------------- Done invoking toplevel() on ptolemy.moml.MoMLSimpleApplication@1cecd537
reloadAllAccessors: .TestSimple

===========================================================================================
----------------- testing Fri May 10 04:15:43 UTC 2019 /home/travis/build/icyphy/ptII/ptolemy/actor/lib/test/auto/ThrowModelError.xml
----------------- Instantiating /home/travis/build/icyphy/ptII/ptolemy/actor/lib/test/auto/ThrowModelError.xml
2 ms. Memory: 1781248K Free: 1016469K (57%)
----------------- Invoking toplevel() on ptolemy.moml.MoMLSimpleApplication@4baaa5e9
----------------- Done invoking toplevel() on ptolemy.moml.MoMLSimpleApplication@4baaa5e9
reloadAllAccessors: .ThrowModelError

===========================================================================================
----------------- testing Fri May 10 04:15:43 UTC 2019 /home/travis/build/icyphy/ptII/ptolemy/actor/lib/test/auto/TimeDelayMicrosteps.xml
----------------- Instantiating /home/travis/build/icyphy/ptII/ptolemy/actor/lib/test/auto/TimeDelayMicrosteps.xml
2 ms. Memory: 1781248K Free: 1005362K (56%)
----------------- Invoking toplevel() on ptolemy.moml.MoMLSimpleApplication@51dba2d9
----------------- Done invoking toplevel() on ptolemy.moml.MoMLSimpleApplication@51dba2d9
reloadAllAccessors: .TimeDelayMicrosteps

===========================================================================================
----------------- testing Fri May 10 04:15:43 UTC 2019 /home/travis/build/icyphy/ptII/ptolemy/actor/lib/test/auto/TimeDelayMicrosteps2.xml
----------------- Instantiating /home/travis/build/icyphy/ptII/ptolemy/actor/lib/test/auto/TimeDelayMicrosteps2.xml
3 ms. Memory: 1781248K Free: 990014K (56%)
----------------- Invoking toplevel() on ptolemy.moml.MoMLSimpleApplication@c051373
----------------- Done invoking toplevel() on ptolemy.moml.MoMLSimpleApplication@c051373
reloadAllAccessors: .TimeDelayMicrosteps2

===========================================================================================
----------------- testing Fri May 10 04:15:43 UTC 2019 /home/travis/build/icyphy/ptII/ptolemy/actor/lib/test/auto/TimeDelayMicrosteps3.xml
----------------- Instantiating /home/travis/build/icyphy/ptII/ptolemy/actor/lib/test/auto/TimeDelayMicrosteps3.xml
2 ms. Memory: 1781248K Free: 978907K (55%)
----------------- Invoking toplevel() on ptolemy.moml.MoMLSimpleApplication@38761292
----------------- Done invoking toplevel() on ptolemy.moml.MoMLSimpleApplication@38761292
reloadAllAccessors: .TimeDelayMicrosteps3

===========================================================================================
----------------- testing Fri May 10 04:15:43 UTC 2019 /home/travis/build/icyphy/ptII/ptolemy/actor/lib/test/auto/TimeDelayVariableMicrosteps.xml
----------------- Instantiating /home/travis/build/icyphy/ptII/ptolemy/actor/lib/test/auto/TimeDelayVariableMicrosteps.xml
3 ms. Memory: 1781248K Free: 963558K (54%)
----------------- Invoking toplevel() on ptolemy.moml.MoMLSimpleApplication@43685fcd
----------------- Done invoking toplevel() on ptolemy.moml.MoMLSimpleApplication@43685fcd
reloadAllAccessors: .TimeDelayVariableMicrosteps

===========================================================================================
----------------- testing Fri May 10 04:15:43 UTC 2019 /home/travis/build/icyphy/ptII/ptolemy/actor/lib/test/auto/TimeGap.xml
----------------- Instantiating /home/travis/build/icyphy/ptII/ptolemy/actor/lib/test/auto/TimeGap.xml
3 ms. Memory: 1781248K Free: 948210K (53%)
----------------- Invoking toplevel() on ptolemy.moml.MoMLSimpleApplication@49409ca6
----------------- Done invoking toplevel() on ptolemy.moml.MoMLSimpleApplication@49409ca6
reloadAllAccessors: .TimeGap

===========================================================================================
----------------- testing Fri May 10 04:15:43 UTC 2019 /home/travis/build/icyphy/ptII/ptolemy/actor/lib/test/auto/TimeGap2.xml
----------------- Instantiating /home/travis/build/icyphy/ptII/ptolemy/actor/lib/test/auto/TimeGap2.xml
2 ms. Memory: 1781248K Free: 937103K (53%)
----------------- Invoking toplevel() on ptolemy.moml.MoMLSimpleApplication@347544f5
----------------- Done invoking toplevel() on ptolemy.moml.MoMLSimpleApplication@347544f5
reloadAllAccessors: .TimeGap2

===========================================================================================
----------------- testing Fri May 10 04:15:43 UTC 2019 /home/travis/build/icyphy/ptII/ptolemy/actor/lib/test/auto/TimedSinewave.xml
----------------- Instantiating /home/travis/build/icyphy/ptII/ptolemy/actor/lib/test/auto/TimedSinewave.xml
22 ms. Memory: 1781248K Free: 910647K (51%)
----------------- Invoking toplevel() on ptolemy.moml.MoMLSimpleApplication@76652a84
----------------- Done invoking toplevel() on ptolemy.moml.MoMLSimpleApplication@76652a84
reloadAllAccessors: .TimedSinewave

===========================================================================================
----------------- testing Fri May 10 04:15:43 UTC 2019 /home/travis/build/icyphy/ptII/ptolemy/actor/lib/test/auto/TimedSinewavePhase.xml
----------------- Instantiating /home/travis/build/icyphy/ptII/ptolemy/actor/lib/test/auto/TimedSinewavePhase.xml
9 ms. Memory: 1781248K Free: 893987K (50%)
----------------- Invoking toplevel() on ptolemy.moml.MoMLSimpleApplication@5f0a725e
----------------- Done invoking toplevel() on ptolemy.moml.MoMLSimpleApplication@5f0a725e
reloadAllAccessors: .TimedSinewavePhase

===========================================================================================
----------------- testing Fri May 10 04:15:43 UTC 2019 /home/travis/build/icyphy/ptII/ptolemy/actor/lib/test/auto/Timer.xml
----------------- Instantiating /home/travis/build/icyphy/ptII/ptolemy/actor/lib/test/auto/Timer.xml
2 ms. Memory: 1781248K Free: 878639K (49%)
----------------- Invoking toplevel() on ptolemy.moml.MoMLSimpleApplication@568cf175
----------------- Done invoking toplevel() on ptolemy.moml.MoMLSimpleApplication@568cf175
reloadAllAccessors: .Timer

===========================================================================================
----------------- testing Fri May 10 04:15:43 UTC 2019 /home/travis/build/icyphy/ptII/ptolemy/actor/lib/test/auto/TriangularDistTestModel.xml
----------------- Instantiating /home/travis/build/icyphy/ptII/ptolemy/actor/lib/test/auto/TriangularDistTestModel.xml
2 ms. Memory: 1781248K Free: 867532K (49%)
----------------- Invoking toplevel() on ptolemy.moml.MoMLSimpleApplication@2b258f3
----------------- Done invoking toplevel() on ptolemy.moml.MoMLSimpleApplication@2b258f3
reloadAllAccessors: .TriangularDistTestModel

===========================================================================================
----------------- testing Fri May 10 04:15:43 UTC 2019 /home/travis/build/icyphy/ptII/ptolemy/actor/lib/test/auto/TrigFunction.xml
----------------- Instantiating /home/travis/build/icyphy/ptII/ptolemy/actor/lib/test/auto/TrigFunction.xml
1 ms. Memory: 1781248K Free: 852183K (48%)
----------------- Invoking toplevel() on ptolemy.moml.MoMLSimpleApplication@7cdb93d4
----------------- Done invoking toplevel() on ptolemy.moml.MoMLSimpleApplication@7cdb93d4
reloadAllAccessors: .TrigFunction

===========================================================================================
----------------- testing Fri May 10 04:15:43 UTC 2019 /home/travis/build/icyphy/ptII/ptolemy/actor/lib/test/auto/TrigFunctionDE.xml
----------------- Instantiating /home/travis/build/icyphy/ptII/ptolemy/actor/lib/test/auto/TrigFunctionDE.xml
2 ms. Memory: 1781248K Free: 836834K (47%)
----------------- Invoking toplevel() on ptolemy.moml.MoMLSimpleApplication@f9b639d
----------------- Done invoking toplevel() on ptolemy.moml.MoMLSimpleApplication@f9b639d
reloadAllAccessors: .TrigFunctionDE

===========================================================================================
----------------- testing Fri May 10 04:15:43 UTC 2019 /home/travis/build/icyphy/ptII/ptolemy/actor/lib/test/auto/TrigFunctionInverse.xml
----------------- Instantiating /home/travis/build/icyphy/ptII/ptolemy/actor/lib/test/auto/TrigFunctionInverse.xml
2 ms. Memory: 1781248K Free: 825727K (46%)
----------------- Invoking toplevel() on ptolemy.moml.MoMLSimpleApplication@6281358
----------------- Done invoking toplevel() on ptolemy.moml.MoMLSimpleApplication@6281358
reloadAllAccessors: .TrigFunctionInverse

===========================================================================================
----------------- testing Fri May 10 04:15:43 UTC 2019 /home/travis/build/icyphy/ptII/ptolemy/actor/lib/test/auto/TrigFunctionTan.xml
----------------- Instantiating /home/travis/build/icyphy/ptII/ptolemy/actor/lib/test/auto/TrigFunctionTan.xml
1 ms. Memory: 1781248K Free: 810379K (45%)
----------------- Invoking toplevel() on ptolemy.moml.MoMLSimpleApplication@5008b1d
----------------- Done invoking toplevel() on ptolemy.moml.MoMLSimpleApplication@5008b1d
reloadAllAccessors: .TrigFunctionTan

===========================================================================================
----------------- testing Fri May 10 04:15:43 UTC 2019 /home/travis/build/icyphy/ptII/ptolemy/actor/lib/test/auto/TriggeredClock.xml
----------------- Instantiating /home/travis/build/icyphy/ptII/ptolemy/actor/lib/test/auto/TriggeredClock.xml
1 ms. Memory: 1781248K Free: 799272K (45%)
----------------- Invoking toplevel() on ptolemy.moml.MoMLSimpleApplication@126de33
----------------- Done invoking toplevel() on ptolemy.moml.MoMLSimpleApplication@126de33
reloadAllAccessors: .TriggeredClock

===========================================================================================
----------------- testing Fri May 10 04:15:43 UTC 2019 /home/travis/build/icyphy/ptII/ptolemy/actor/lib/test/auto/URLDirectoryReader.xml
----------------- Instantiating /home/travis/build/icyphy/ptII/ptolemy/actor/lib/test/auto/URLDirectoryReader.xml
38 ms. Memory: 1781248K Free: 778370K (44%)
----------------- Invoking toplevel() on ptolemy.moml.MoMLSimpleApplication@4c68b36e
----------------- Done invoking toplevel() on ptolemy.moml.MoMLSimpleApplication@4c68b36e
reloadAllAccessors: .URLDirectoryReader

===========================================================================================
----------------- testing Fri May 10 04:15:43 UTC 2019 /home/travis/build/icyphy/ptII/ptolemy/actor/lib/test/auto/URLDirectoryReader3.xml
----------------- Instantiating /home/travis/build/icyphy/ptII/ptolemy/actor/lib/test/auto/URLDirectoryReader3.xml
1146 ms. Memory: 1781248K Free: 729698K (41%)
----------------- Invoking toplevel() on ptolemy.moml.MoMLSimpleApplication@54a84268
----------------- Done invoking toplevel() on ptolemy.moml.MoMLSimpleApplication@54a84268
reloadAllAccessors: .URLDirectoryReader3

===========================================================================================
----------------- testing Fri May 10 04:15:45 UTC 2019 /home/travis/build/icyphy/ptII/ptolemy/actor/lib/test/auto/UnaryMathFunction.xml
----------------- Instantiating /home/travis/build/icyphy/ptII/ptolemy/actor/lib/test/auto/UnaryMathFunction.xml
2 ms. Memory: 1781248K Free: 718591K (40%)
----------------- Invoking toplevel() on ptolemy.moml.MoMLSimpleApplication@524681f9
----------------- Done invoking toplevel() on ptolemy.moml.MoMLSimpleApplication@524681f9
reloadAllAccessors: .UnaryMathFunction

===========================================================================================
----------------- testing Fri May 10 04:15:45 UTC 2019 /home/travis/build/icyphy/ptII/ptolemy/actor/lib/test/auto/Uniform.xml
----------------- Instantiating /home/travis/build/icyphy/ptII/ptolemy/actor/lib/test/auto/Uniform.xml
2 ms. Memory: 1781248K Free: 703242K (39%)
----------------- Invoking toplevel() on ptolemy.moml.MoMLSimpleApplication@553a5fe3
----------------- Done invoking toplevel() on ptolemy.moml.MoMLSimpleApplication@553a5fe3
reloadAllAccessors: .Uniform

===========================================================================================
----------------- testing Fri May 10 04:15:45 UTC 2019 /home/travis/build/icyphy/ptII/ptolemy/actor/lib/test/auto/UnionDisassemblerTest.xml
----------------- Instantiating /home/travis/build/icyphy/ptII/ptolemy/actor/lib/test/auto/UnionDisassemblerTest.xml
6 ms. Memory: 1781248K Free: 692135K (39%)
----------------- Invoking toplevel() on ptolemy.moml.MoMLSimpleApplication@5311636f
----------------- Done invoking toplevel() on ptolemy.moml.MoMLSimpleApplication@5311636f
reloadAllAccessors: .UnionDisassemblerTest

===========================================================================================
----------------- testing Fri May 10 04:15:45 UTC 2019 /home/travis/build/icyphy/ptII/ptolemy/actor/lib/test/auto/UtilityFunctions.xml
----------------- Instantiating /home/travis/build/icyphy/ptII/ptolemy/actor/lib/test/auto/UtilityFunctions.xml
9 ms. Memory: 1781248K Free: 676787K (38%)
----------------- Invoking toplevel() on ptolemy.moml.MoMLSimpleApplication@228f5b31
----------------- Done invoking toplevel() on ptolemy.moml.MoMLSimpleApplication@228f5b31
reloadAllAccessors: .UtilityFunctions

===========================================================================================
----------------- testing Fri May 10 04:15:45 UTC 2019 /home/travis/build/icyphy/ptII/ptolemy/actor/lib/test/auto/VariableSleep.xml
----------------- Instantiating /home/travis/build/icyphy/ptII/ptolemy/actor/lib/test/auto/VariableSleep.xml
507 ms. Memory: 1781248K Free: 661438K (37%)
----------------- Invoking toplevel() on ptolemy.moml.MoMLSimpleApplication@52488cef
----------------- Done invoking toplevel() on ptolemy.moml.MoMLSimpleApplication@52488cef
reloadAllAccessors: .VariableSleep

===========================================================================================
----------------- testing Fri May 10 04:15:46 UTC 2019 /home/travis/build/icyphy/ptII/ptolemy/actor/lib/test/auto/VectorAssemblerDisassemblerCT.xml
----------------- Instantiating /home/travis/build/icyphy/ptII/ptolemy/actor/lib/test/auto/VectorAssemblerDisassemblerCT.xml
72 ms. Memory: 1781248K Free: 633654K (36%)
----------------- Invoking toplevel() on ptolemy.moml.MoMLSimpleApplication@2bf7a482
----------------- Done invoking toplevel() on ptolemy.moml.MoMLSimpleApplication@2bf7a482
reloadAllAccessors: .VectorAssemblerDisassemblerCT

===========================================================================================
----------------- testing Fri May 10 04:15:46 UTC 2019 /home/travis/build/icyphy/ptII/ptolemy/actor/lib/test/auto/VectorAssemblerDisassemblerDE.xml
----------------- Instantiating /home/travis/build/icyphy/ptII/ptolemy/actor/lib/test/auto/VectorAssemblerDisassemblerDE.xml
2 ms. Memory: 1781248K Free: 618305K (35%)
----------------- Invoking toplevel() on ptolemy.moml.MoMLSimpleApplication@11a2ef88
----------------- Done invoking toplevel() on ptolemy.moml.MoMLSimpleApplication@11a2ef88
reloadAllAccessors: .VectorAssemblerDisassemblerDE

===========================================================================================
----------------- testing Fri May 10 04:15:46 UTC 2019 /home/travis/build/icyphy/ptII/ptolemy/actor/lib/test/auto/VectorAssemblerDisassemblerSDF.xml
----------------- Instantiating /home/travis/build/icyphy/ptII/ptolemy/actor/lib/test/auto/VectorAssemblerDisassemblerSDF.xml
2 ms. Memory: 1781248K Free: 607198K (34%)
----------------- Invoking toplevel() on ptolemy.moml.MoMLSimpleApplication@24016c0a
----------------- Done invoking toplevel() on ptolemy.moml.MoMLSimpleApplication@24016c0a
reloadAllAccessors: .VectorAssemblerDisassemblerSDF

===========================================================================================
----------------- testing Fri May 10 04:15:46 UTC 2019 /home/travis/build/icyphy/ptII/ptolemy/actor/lib/test/auto/WallClockTime.xml
----------------- Instantiating /home/travis/build/icyphy/ptII/ptolemy/actor/lib/test/auto/WallClockTime.xml
1005 ms. Memory: 1781248K Free: 591850K (33%)
----------------- Invoking toplevel() on ptolemy.moml.MoMLSimpleApplication@44e2b56d
----------------- Done invoking toplevel() on ptolemy.moml.MoMLSimpleApplication@44e2b56d
reloadAllAccessors: .WallClockTime

===========================================================================================
----------------- testing Fri May 10 04:15:47 UTC 2019 /home/travis/build/icyphy/ptII/ptolemy/actor/lib/test/auto/WidthTestWithSubscriberPublisher.xml
----------------- Instantiating /home/travis/build/icyphy/ptII/ptolemy/actor/lib/test/auto/WidthTestWithSubscriberPublisher.xml
7 ms. Memory: 1781248K Free: 565378K (32%)
----------------- Invoking toplevel() on ptolemy.moml.MoMLSimpleApplication@6e8fc693
----------------- Done invoking toplevel() on ptolemy.moml.MoMLSimpleApplication@6e8fc693
reloadAllAccessors: .WidthTestWithSubscriberPublisher

===========================================================================================
----------------- testing Fri May 10 04:15:47 UTC 2019 /home/travis/build/icyphy/ptII/ptolemy/actor/lib/test/auto/WidthTestWithSubscriberPublisher2.xml
----------------- Instantiating /home/travis/build/icyphy/ptII/ptolemy/actor/lib/test/auto/WidthTestWithSubscriberPublisher2.xml
3 ms. Memory: 1781248K Free: 554271K (31%)
----------------- Invoking toplevel() on ptolemy.moml.MoMLSimpleApplication@46752e1e
----------------- Done invoking toplevel() on ptolemy.moml.MoMLSimpleApplication@46752e1e
reloadAllAccessors: .WidthTestWithSubscriberPublisher2

===========================================================================================
----------------- testing Fri May 10 04:15:47 UTC 2019 /home/travis/build/icyphy/ptII/ptolemy/actor/lib/test/auto/WidthTestWithSubscriberPublisher3.xml
----------------- Instantiating /home/travis/build/icyphy/ptII/ptolemy/actor/lib/test/auto/WidthTestWithSubscriberPublisher3.xml
2 ms. Memory: 1781248K Free: 538923K (30%)
----------------- Invoking toplevel() on ptolemy.moml.MoMLSimpleApplication@e6f2e4d
----------------- Done invoking toplevel() on ptolemy.moml.MoMLSimpleApplication@e6f2e4d
reloadAllAccessors: .WidthTestWithSubscriberPublisher3

===========================================================================================
----------------- testing Fri May 10 04:15:47 UTC 2019 /home/travis/build/icyphy/ptII/ptolemy/actor/lib/test/auto/Writer.xml
----------------- Instantiating /home/travis/build/icyphy/ptII/ptolemy/actor/lib/test/auto/Writer.xml
0
1
2
3
4
1 ms. Memory: 1781248K Free: 527816K (30%)
----------------- Invoking toplevel() on ptolemy.moml.MoMLSimpleApplication@7698b1c0
----------------- Done invoking toplevel() on ptolemy.moml.MoMLSimpleApplication@7698b1c0
reloadAllAccessors: .Writer

===========================================================================================
----------------- testing Fri May 10 04:15:47 UTC 2019 /home/travis/build/icyphy/ptII/ptolemy/actor/lib/test/auto/array.xml
----------------- Instantiating /home/travis/build/icyphy/ptII/ptolemy/actor/lib/test/auto/array.xml
2 ms. Memory: 1781248K Free: 512467K (29%)
----------------- Invoking toplevel() on ptolemy.moml.MoMLSimpleApplication@2cd3467c
----------------- Done invoking toplevel() on ptolemy.moml.MoMLSimpleApplication@2cd3467c
reloadAllAccessors: .array

===========================================================================================
----------------- testing Fri May 10 04:15:47 UTC 2019 /home/travis/build/icyphy/ptII/ptolemy/actor/lib/test/auto/array2.xml
----------------- Instantiating /home/travis/build/icyphy/ptII/ptolemy/actor/lib/test/auto/array2.xml
7 ms. Memory: 1781248K Free: 497119K (28%)
----------------- Invoking toplevel() on ptolemy.moml.MoMLSimpleApplication@489b5f91
----------------- Done invoking toplevel() on ptolemy.moml.MoMLSimpleApplication@489b5f91
reloadAllAccessors: .array2

===========================================================================================
----------------- testing Fri May 10 04:15:47 UTC 2019 /home/travis/build/icyphy/ptII/ptolemy/actor/lib/test/auto/arrayType.xml
----------------- Instantiating /home/travis/build/icyphy/ptII/ptolemy/actor/lib/test/auto/arrayType.xml
5 ms. Memory: 1781248K Free: 486012K (27%)
----------------- Invoking toplevel() on ptolemy.moml.MoMLSimpleApplication@20174ce3
----------------- Done invoking toplevel() on ptolemy.moml.MoMLSimpleApplication@20174ce3
reloadAllAccessors: .arrayType

===========================================================================================
----------------- testing Fri May 10 04:15:47 UTC 2019 /home/travis/build/icyphy/ptII/ptolemy/actor/lib/test/auto/arrayType10.xml
----------------- Instantiating /home/travis/build/icyphy/ptII/ptolemy/actor/lib/test/auto/arrayType10.xml
1 ms. Memory: 1781248K Free: 470663K (26%)
----------------- Invoking toplevel() on ptolemy.moml.MoMLSimpleApplication@247b6383
----------------- Done invoking toplevel() on ptolemy.moml.MoMLSimpleApplication@247b6383
reloadAllAccessors: .arrayType10

===========================================================================================
----------------- testing Fri May 10 04:15:47 UTC 2019 /home/travis/build/icyphy/ptII/ptolemy/actor/lib/test/auto/arrayType11.xml
----------------- Instantiating /home/travis/build/icyphy/ptII/ptolemy/actor/lib/test/auto/arrayType11.xml
1 ms. Memory: 1781248K Free: 459556K (26%)
----------------- Invoking toplevel() on ptolemy.moml.MoMLSimpleApplication@66089833
----------------- Done invoking toplevel() on ptolemy.moml.MoMLSimpleApplication@66089833
reloadAllAccessors: .arrayType11

===========================================================================================
----------------- testing Fri May 10 04:15:47 UTC 2019 /home/travis/build/icyphy/ptII/ptolemy/actor/lib/test/auto/arrayType12.xml
----------------- Instantiating /home/travis/build/icyphy/ptII/ptolemy/actor/lib/test/auto/arrayType12.xml
2 ms. Memory: 1781248K Free: 444208K (25%)
----------------- Invoking toplevel() on ptolemy.moml.MoMLSimpleApplication@425da5c3
----------------- Done invoking toplevel() on ptolemy.moml.MoMLSimpleApplication@425da5c3
reloadAllAccessors: .arrayType12

===========================================================================================
----------------- testing Fri May 10 04:15:47 UTC 2019 /home/travis/build/icyphy/ptII/ptolemy/actor/lib/test/auto/arrayType13.xml
----------------- Instantiating /home/travis/build/icyphy/ptII/ptolemy/actor/lib/test/auto/arrayType13.xml
1 ms. Memory: 1781248K Free: 428859K (24%)
----------------- Invoking toplevel() on ptolemy.moml.MoMLSimpleApplication@441bbaaf
----------------- Done invoking toplevel() on ptolemy.moml.MoMLSimpleApplication@441bbaaf
reloadAllAccessors: .arrayType13

===========================================================================================
----------------- testing Fri May 10 04:15:47 UTC 2019 /home/travis/build/icyphy/ptII/ptolemy/actor/lib/test/auto/arrayType14.xml
----------------- Instantiating /home/travis/build/icyphy/ptII/ptolemy/actor/lib/test/auto/arrayType14.xml
3 ms. Memory: 1781248K Free: 417752K (23%)
----------------- Invoking toplevel() on ptolemy.moml.MoMLSimpleApplication@53bd46ae
----------------- Done invoking toplevel() on ptolemy.moml.MoMLSimpleApplication@53bd46ae
reloadAllAccessors: .arrayType14

===========================================================================================
----------------- testing Fri May 10 04:15:47 UTC 2019 /home/travis/build/icyphy/ptII/ptolemy/actor/lib/test/auto/arrayType15.xml
----------------- Instantiating /home/travis/build/icyphy/ptII/ptolemy/actor/lib/test/auto/arrayType15.xml
2 ms. Memory: 1781248K Free: 402404K (23%)
----------------- Invoking toplevel() on ptolemy.moml.MoMLSimpleApplication@68276932
----------------- Done invoking toplevel() on ptolemy.moml.MoMLSimpleApplication@68276932
reloadAllAccessors: .arrayType15

===========================================================================================
----------------- testing Fri May 10 04:15:47 UTC 2019 /home/travis/build/icyphy/ptII/ptolemy/actor/lib/test/auto/arrayType16.xml
----------------- Instantiating /home/travis/build/icyphy/ptII/ptolemy/actor/lib/test/auto/arrayType16.xml
1 ms. Memory: 1781248K Free: 391297K (22%)
----------------- Invoking toplevel() on ptolemy.moml.MoMLSimpleApplication@5a2bc648
----------------- Done invoking toplevel() on ptolemy.moml.MoMLSimpleApplication@5a2bc648
reloadAllAccessors: .arrayType16

===========================================================================================
----------------- testing Fri May 10 04:15:47 UTC 2019 /home/travis/build/icyphy/ptII/ptolemy/actor/lib/test/auto/arrayType17.xml
----------------- Instantiating /home/travis/build/icyphy/ptII/ptolemy/actor/lib/test/auto/arrayType17.xml
1 ms. Memory: 1781248K Free: 375948K (21%)
----------------- Invoking toplevel() on ptolemy.moml.MoMLSimpleApplication@5690649d
----------------- Done invoking toplevel() on ptolemy.moml.MoMLSimpleApplication@5690649d
reloadAllAccessors: .arrayType17

===========================================================================================
----------------- testing Fri May 10 04:15:47 UTC 2019 /home/travis/build/icyphy/ptII/ptolemy/actor/lib/test/auto/arrayType18.xml
----------------- Instantiating /home/travis/build/icyphy/ptII/ptolemy/actor/lib/test/auto/arrayType18.xml
1 ms. Memory: 1781248K Free: 360600K (20%)
----------------- Invoking toplevel() on ptolemy.moml.MoMLSimpleApplication@185bdb1
----------------- Done invoking toplevel() on ptolemy.moml.MoMLSimpleApplication@185bdb1
reloadAllAccessors: .arrayType18

===========================================================================================
----------------- testing Fri May 10 04:15:47 UTC 2019 /home/travis/build/icyphy/ptII/ptolemy/actor/lib/test/auto/arrayType19.xml
----------------- Instantiating /home/travis/build/icyphy/ptII/ptolemy/actor/lib/test/auto/arrayType19.xml
2 ms. Memory: 1781248K Free: 349493K (20%)
----------------- Invoking toplevel() on ptolemy.moml.MoMLSimpleApplication@3e6f30dc
----------------- Done invoking toplevel() on ptolemy.moml.MoMLSimpleApplication@3e6f30dc
reloadAllAccessors: .arrayType19

===========================================================================================
----------------- testing Fri May 10 04:15:47 UTC 2019 /home/travis/build/icyphy/ptII/ptolemy/actor/lib/test/auto/arrayType2.xml
----------------- Instantiating /home/travis/build/icyphy/ptII/ptolemy/actor/lib/test/auto/arrayType2.xml
2 ms. Memory: 1781248K Free: 334144K (19%)
----------------- Invoking toplevel() on ptolemy.moml.MoMLSimpleApplication@792ee066
----------------- Done invoking toplevel() on ptolemy.moml.MoMLSimpleApplication@792ee066
reloadAllAccessors: .arrayType2

===========================================================================================
----------------- testing Fri May 10 04:15:47 UTC 2019 /home/travis/build/icyphy/ptII/ptolemy/actor/lib/test/auto/arrayType20.xml
----------------- Instantiating /home/travis/build/icyphy/ptII/ptolemy/actor/lib/test/auto/arrayType20.xml
1 ms. Memory: 1781248K Free: 323037K (18%)
----------------- Invoking toplevel() on ptolemy.moml.MoMLSimpleApplication@2c6d720c
----------------- Done invoking toplevel() on ptolemy.moml.MoMLSimpleApplication@2c6d720c
reloadAllAccessors: .arrayType20

===========================================================================================
----------------- testing Fri May 10 04:15:47 UTC 2019 /home/travis/build/icyphy/ptII/ptolemy/actor/lib/test/auto/arrayType21.xml
----------------- Instantiating /home/travis/build/icyphy/ptII/ptolemy/actor/lib/test/auto/arrayType21.xml
1 ms. Memory: 1781248K Free: 307688K (17%)
----------------- Invoking toplevel() on ptolemy.moml.MoMLSimpleApplication@1b41fe31
----------------- Done invoking toplevel() on ptolemy.moml.MoMLSimpleApplication@1b41fe31
reloadAllAccessors: .arrayType21

===========================================================================================
----------------- testing Fri May 10 04:15:47 UTC 2019 /home/travis/build/icyphy/ptII/ptolemy/actor/lib/test/auto/arrayType22.xml
----------------- Instantiating /home/travis/build/icyphy/ptII/ptolemy/actor/lib/test/auto/arrayType22.xml
1 ms. Memory: 1781248K Free: 292340K (16%)
----------------- Invoking toplevel() on ptolemy.moml.MoMLSimpleApplication@52b8501f
----------------- Done invoking toplevel() on ptolemy.moml.MoMLSimpleApplication@52b8501f
reloadAllAccessors: .arrayType22

===========================================================================================
----------------- testing Fri May 10 04:15:47 UTC 2019 /home/travis/build/icyphy/ptII/ptolemy/actor/lib/test/auto/arrayType23.xml
----------------- Instantiating /home/travis/build/icyphy/ptII/ptolemy/actor/lib/test/auto/arrayType23.xml
1 ms. Memory: 1781248K Free: 281233K (16%)
----------------- Invoking toplevel() on ptolemy.moml.MoMLSimpleApplication@41193a9f
----------------- Done invoking toplevel() on ptolemy.moml.MoMLSimpleApplication@41193a9f
reloadAllAccessors: .arrayType23

===========================================================================================
----------------- testing Fri May 10 04:15:47 UTC 2019 /home/travis/build/icyphy/ptII/ptolemy/actor/lib/test/auto/arrayType24.xml
----------------- Instantiating /home/travis/build/icyphy/ptII/ptolemy/actor/lib/test/auto/arrayType24.xml
1 ms. Memory: 1781248K Free: 265884K (15%)
----------------- Invoking toplevel() on ptolemy.moml.MoMLSimpleApplication@22f9c154
----------------- Done invoking toplevel() on ptolemy.moml.MoMLSimpleApplication@22f9c154
reloadAllAccessors: .arrayType24

===========================================================================================
----------------- testing Fri May 10 04:15:47 UTC 2019 /home/travis/build/icyphy/ptII/ptolemy/actor/lib/test/auto/arrayType25.xml
----------------- Instantiating /home/travis/build/icyphy/ptII/ptolemy/actor/lib/test/auto/arrayType25.xml
2 ms. Memory: 1781248K Free: 254777K (14%)
----------------- Invoking toplevel() on ptolemy.moml.MoMLSimpleApplication@79da5674
----------------- Done invoking toplevel() on ptolemy.moml.MoMLSimpleApplication@79da5674
reloadAllAccessors: .arrayType25

===========================================================================================
----------------- testing Fri May 10 04:15:47 UTC 2019 /home/travis/build/icyphy/ptII/ptolemy/actor/lib/test/auto/arrayType26.xml
----------------- Instantiating /home/travis/build/icyphy/ptII/ptolemy/actor/lib/test/auto/arrayType26.xml
2 ms. Memory: 1781248K Free: 239428K (13%)
----------------- Invoking toplevel() on ptolemy.moml.MoMLSimpleApplication@4f7048a0
----------------- Done invoking toplevel() on ptolemy.moml.MoMLSimpleApplication@4f7048a0
reloadAllAccessors: .arrayType26

===========================================================================================
----------------- testing Fri May 10 04:15:47 UTC 2019 /home/travis/build/icyphy/ptII/ptolemy/actor/lib/test/auto/arrayType27.xml
----------------- Instantiating /home/travis/build/icyphy/ptII/ptolemy/actor/lib/test/auto/arrayType27.xml
2 ms. Memory: 1781248K Free: 224079K (13%)
----------------- Invoking toplevel() on ptolemy.moml.MoMLSimpleApplication@29ae82bc
----------------- Done invoking toplevel() on ptolemy.moml.MoMLSimpleApplication@29ae82bc
reloadAllAccessors: .arrayType27

===========================================================================================
----------------- testing Fri May 10 04:15:47 UTC 2019 /home/travis/build/icyphy/ptII/ptolemy/actor/lib/test/auto/arrayType28.xml
----------------- Instantiating /home/travis/build/icyphy/ptII/ptolemy/actor/lib/test/auto/arrayType28.xml
2 ms. Memory: 1781248K Free: 212972K (12%)
----------------- Invoking toplevel() on ptolemy.moml.MoMLSimpleApplication@5869c7ac
----------------- Done invoking toplevel() on ptolemy.moml.MoMLSimpleApplication@5869c7ac
reloadAllAccessors: .arrayType28

===========================================================================================
----------------- testing Fri May 10 04:15:47 UTC 2019 /home/travis/build/icyphy/ptII/ptolemy/actor/lib/test/auto/arrayType3.xml
----------------- Instantiating /home/travis/build/icyphy/ptII/ptolemy/actor/lib/test/auto/arrayType3.xml
3 ms. Memory: 1781248K Free: 197624K (11%)
----------------- Invoking toplevel() on ptolemy.moml.MoMLSimpleApplication@42f98c82
----------------- Done invoking toplevel() on ptolemy.moml.MoMLSimpleApplication@42f98c82
reloadAllAccessors: .arrayType3

===========================================================================================
----------------- testing Fri May 10 04:15:47 UTC 2019 /home/travis/build/icyphy/ptII/ptolemy/actor/lib/test/auto/arrayType4.xml
----------------- Instantiating /home/travis/build/icyphy/ptII/ptolemy/actor/lib/test/auto/arrayType4.xml
2 ms. Memory: 1781248K Free: 186517K (10%)
----------------- Invoking toplevel() on ptolemy.moml.MoMLSimpleApplication@27b4186a
----------------- Done invoking toplevel() on ptolemy.moml.MoMLSimpleApplication@27b4186a
reloadAllAccessors: .arrayType4

===========================================================================================
----------------- testing Fri May 10 04:15:47 UTC 2019 /home/travis/build/icyphy/ptII/ptolemy/actor/lib/test/auto/arrayType5.xml
----------------- Instantiating /home/travis/build/icyphy/ptII/ptolemy/actor/lib/test/auto/arrayType5.xml
2 ms. Memory: 1781248K Free: 171169K (10%)
----------------- Invoking toplevel() on ptolemy.moml.MoMLSimpleApplication@5d13fe41
----------------- Done invoking toplevel() on ptolemy.moml.MoMLSimpleApplication@5d13fe41
reloadAllAccessors: .arrayType5

===========================================================================================
----------------- testing Fri May 10 04:15:47 UTC 2019 /home/travis/build/icyphy/ptII/ptolemy/actor/lib/test/auto/arrayType6.xml
----------------- Instantiating /home/travis/build/icyphy/ptII/ptolemy/actor/lib/test/auto/arrayType6.xml
2 ms. Memory: 1781248K Free: 155820K (9%)
----------------- Invoking toplevel() on ptolemy.moml.MoMLSimpleApplication@28cffe34
----------------- Done invoking toplevel() on ptolemy.moml.MoMLSimpleApplication@28cffe34
reloadAllAccessors: .arrayType6

===========================================================================================
----------------- testing Fri May 10 04:15:47 UTC 2019 /home/travis/build/icyphy/ptII/ptolemy/actor/lib/test/auto/arrayType7.xml
----------------- Instantiating /home/travis/build/icyphy/ptII/ptolemy/actor/lib/test/auto/arrayType7.xml
2 ms. Memory: 1781248K Free: 144713K (8%)
----------------- Invoking toplevel() on ptolemy.moml.MoMLSimpleApplication@7e699921
----------------- Done invoking toplevel() on ptolemy.moml.MoMLSimpleApplication@7e699921
reloadAllAccessors: .arrayType7

===========================================================================================
----------------- testing Fri May 10 04:15:47 UTC 2019 /home/travis/build/icyphy/ptII/ptolemy/actor/lib/test/auto/arrayType8.xml
----------------- Instantiating /home/travis/build/icyphy/ptII/ptolemy/actor/lib/test/auto/arrayType8.xml
2 ms. Memory: 1781248K Free: 129364K (7%)
----------------- Invoking toplevel() on ptolemy.moml.MoMLSimpleApplication@c8fe2a7
----------------- Done invoking toplevel() on ptolemy.moml.MoMLSimpleApplication@c8fe2a7
reloadAllAccessors: .arrayType8

===========================================================================================
----------------- testing Fri May 10 04:15:47 UTC 2019 /home/travis/build/icyphy/ptII/ptolemy/actor/lib/test/auto/arrayType9.xml
----------------- Instantiating /home/travis/build/icyphy/ptII/ptolemy/actor/lib/test/auto/arrayType9.xml
2 ms. Memory: 1781248K Free: 114016K (6%)
----------------- Invoking toplevel() on ptolemy.moml.MoMLSimpleApplication@5aea5e7d
----------------- Done invoking toplevel() on ptolemy.moml.MoMLSimpleApplication@5aea5e7d
reloadAllAccessors: .arrayType9

===========================================================================================
----------------- testing Fri May 10 04:15:47 UTC 2019 /home/travis/build/icyphy/ptII/ptolemy/actor/lib/test/auto/cast.xml
----------------- Instantiating /home/travis/build/icyphy/ptII/ptolemy/actor/lib/test/auto/cast.xml
3 ms. Memory: 1781248K Free: 102909K (6%)
----------------- Invoking toplevel() on ptolemy.moml.MoMLSimpleApplication@77e3a108
----------------- Done invoking toplevel() on ptolemy.moml.MoMLSimpleApplication@77e3a108
reloadAllAccessors: .cast

===========================================================================================
----------------- testing Fri May 10 04:15:47 UTC 2019 /home/travis/build/icyphy/ptII/ptolemy/actor/lib/test/auto/compositeMultiPort.xml
----------------- Instantiating /home/travis/build/icyphy/ptII/ptolemy/actor/lib/test/auto/compositeMultiPort.xml
4 ms. Memory: 1781248K Free: 81999K (5%)
----------------- Invoking toplevel() on ptolemy.moml.MoMLSimpleApplication@2f824d5d
----------------- Done invoking toplevel() on ptolemy.moml.MoMLSimpleApplication@2f824d5d
reloadAllAccessors: .compositeMultiPort

===========================================================================================
----------------- testing Fri May 10 04:15:47 UTC 2019 /home/travis/build/icyphy/ptII/ptolemy/actor/lib/test/auto/expressionCastInference.xml
----------------- Instantiating /home/travis/build/icyphy/ptII/ptolemy/actor/lib/test/auto/expressionCastInference.xml
16 ms. Memory: 1782272K Free: 1735711K (97%)
----------------- Invoking toplevel() on ptolemy.moml.MoMLSimpleApplication@3f0b2f2d
----------------- Done invoking toplevel() on ptolemy.moml.MoMLSimpleApplication@3f0b2f2d
reloadAllAccessors: .expressionCastInference

===========================================================================================
----------------- testing Fri May 10 04:15:47 UTC 2019 /home/travis/build/icyphy/ptII/ptolemy/actor/lib/test/auto/expressionCastInference2.xml
----------------- Instantiating /home/travis/build/icyphy/ptII/ptolemy/actor/lib/test/auto/expressionCastInference2.xml
8 ms. Memory: 1782272K Free: 1706428K (96%)
----------------- Invoking toplevel() on ptolemy.moml.MoMLSimpleApplication@49b72067
----------------- Done invoking toplevel() on ptolemy.moml.MoMLSimpleApplication@49b72067
reloadAllAccessors: .expressionCastInference2

===========================================================================================
----------------- testing Fri May 10 04:15:47 UTC 2019 /home/travis/build/icyphy/ptII/ptolemy/actor/lib/test/auto/expressionInference.xml
----------------- Instantiating /home/travis/build/icyphy/ptII/ptolemy/actor/lib/test/auto/expressionInference.xml
1 ms. Memory: 1782272K Free: 1690750K (95%)
----------------- Invoking toplevel() on ptolemy.moml.MoMLSimpleApplication@43e1c9b1
----------------- Done invoking toplevel() on ptolemy.moml.MoMLSimpleApplication@43e1c9b1
reloadAllAccessors: .expressionInference

===========================================================================================
----------------- testing Fri May 10 04:15:47 UTC 2019 /home/travis/build/icyphy/ptII/ptolemy/actor/lib/test/auto/expression_bug.xml
----------------- Instantiating /home/travis/build/icyphy/ptII/ptolemy/actor/lib/test/auto/expression_bug.xml
1 ms. Memory: 1782272K Free: 1679643K (94%)
----------------- Invoking toplevel() on ptolemy.moml.MoMLSimpleApplication@566aa763
----------------- Done invoking toplevel() on ptolemy.moml.MoMLSimpleApplication@566aa763
reloadAllAccessors: .expression_bug

===========================================================================================
----------------- testing Fri May 10 04:15:47 UTC 2019 /home/travis/build/icyphy/ptII/ptolemy/actor/lib/test/auto/factorial.xml
----------------- Instantiating /home/travis/build/icyphy/ptII/ptolemy/actor/lib/test/auto/factorial.xml
36 ms. Memory: 1782272K Free: 1663949K (93%)
----------------- Invoking toplevel() on ptolemy.moml.MoMLSimpleApplication@780e5f35
----------------- Done invoking toplevel() on ptolemy.moml.MoMLSimpleApplication@780e5f35
reloadAllAccessors: .factorial

===========================================================================================
----------------- testing Fri May 10 04:15:48 UTC 2019 /home/travis/build/icyphy/ptII/ptolemy/actor/lib/test/auto/filterTest1.xml
----------------- Instantiating /home/travis/build/icyphy/ptII/ptolemy/actor/lib/test/auto/filterTest1.xml
3 ms. Memory: 1782272K Free: 1652842K (93%)
----------------- Invoking toplevel() on ptolemy.moml.MoMLSimpleApplication@7a55e6c7
----------------- Done invoking toplevel() on ptolemy.moml.MoMLSimpleApplication@7a55e6c7
reloadAllAccessors: .filterTest1

===========================================================================================
----------------- testing Fri May 10 04:15:48 UTC 2019 /home/travis/build/icyphy/ptII/ptolemy/actor/lib/test/auto/funcApplyInConst.xml
----------------- Instantiating /home/travis/build/icyphy/ptII/ptolemy/actor/lib/test/auto/funcApplyInConst.xml
0 ms. Memory: 1782272K Free: 1637165K (92%)
----------------- Invoking toplevel() on ptolemy.moml.MoMLSimpleApplication@5052b379
----------------- Done invoking toplevel() on ptolemy.moml.MoMLSimpleApplication@5052b379
reloadAllAccessors: .funcApplyInConst

===========================================================================================
----------------- testing Fri May 10 04:15:48 UTC 2019 /home/travis/build/icyphy/ptII/ptolemy/actor/lib/test/auto/funcApplyInExpr.xml
----------------- Instantiating /home/travis/build/icyphy/ptII/ptolemy/actor/lib/test/auto/funcApplyInExpr.xml
1 ms. Memory: 1782272K Free: 1626058K (91%)
----------------- Invoking toplevel() on ptolemy.moml.MoMLSimpleApplication@4a7e1e27
----------------- Done invoking toplevel() on ptolemy.moml.MoMLSimpleApplication@4a7e1e27
reloadAllAccessors: .funcApplyInExpr

===========================================================================================
----------------- testing Fri May 10 04:15:48 UTC 2019 /home/travis/build/icyphy/ptII/ptolemy/actor/lib/test/auto/function.xml
----------------- Instantiating /home/travis/build/icyphy/ptII/ptolemy/actor/lib/test/auto/function.xml
2 ms. Memory: 1782272K Free: 1610381K (90%)
----------------- Invoking toplevel() on ptolemy.moml.MoMLSimpleApplication@194f36ca
----------------- Done invoking toplevel() on ptolemy.moml.MoMLSimpleApplication@194f36ca
reloadAllAccessors: .function

===========================================================================================
----------------- testing Fri May 10 04:15:48 UTC 2019 /home/travis/build/icyphy/ptII/ptolemy/actor/lib/test/auto/function2.xml
----------------- Instantiating /home/travis/build/icyphy/ptII/ptolemy/actor/lib/test/auto/function2.xml
1 ms. Memory: 1782272K Free: 1594704K (89%)
----------------- Invoking toplevel() on ptolemy.moml.MoMLSimpleApplication@7d7dd4fb
----------------- Done invoking toplevel() on ptolemy.moml.MoMLSimpleApplication@7d7dd4fb
reloadAllAccessors: .function2

===========================================================================================
----------------- testing Fri May 10 04:15:48 UTC 2019 /home/travis/build/icyphy/ptII/ptolemy/actor/lib/test/auto/function3.xml
----------------- Instantiating /home/travis/build/icyphy/ptII/ptolemy/actor/lib/test/auto/function3.xml
1 ms. Memory: 1782272K Free: 1583597K (89%)
----------------- Invoking toplevel() on ptolemy.moml.MoMLSimpleApplication@6bc4df0c
----------------- Done invoking toplevel() on ptolemy.moml.MoMLSimpleApplication@6bc4df0c
reloadAllAccessors: .function3

===========================================================================================
----------------- testing Fri May 10 04:15:48 UTC 2019 /home/travis/build/icyphy/ptII/ptolemy/actor/lib/test/auto/functionClosureTest1.xml
----------------- Instantiating /home/travis/build/icyphy/ptII/ptolemy/actor/lib/test/auto/functionClosureTest1.xml
2 ms. Memory: 1782272K Free: 1567919K (88%)
----------------- Invoking toplevel() on ptolemy.moml.MoMLSimpleApplication@6d34386c
----------------- Done invoking toplevel() on ptolemy.moml.MoMLSimpleApplication@6d34386c
reloadAllAccessors: .functionClosureTest1

===========================================================================================
----------------- testing Fri May 10 04:15:48 UTC 2019 /home/travis/build/icyphy/ptII/ptolemy/actor/lib/test/auto/functionClosureTest2.xml
----------------- Instantiating /home/travis/build/icyphy/ptII/ptolemy/actor/lib/test/auto/functionClosureTest2.xml
1 ms. Memory: 1782272K Free: 1556812K (87%)
----------------- Invoking toplevel() on ptolemy.moml.MoMLSimpleApplication@3f6196d8
----------------- Done invoking toplevel() on ptolemy.moml.MoMLSimpleApplication@3f6196d8
reloadAllAccessors: .functionClosureTest2

===========================================================================================
----------------- testing Fri May 10 04:15:48 UTC 2019 /home/travis/build/icyphy/ptII/ptolemy/actor/lib/test/auto/functionClosureTest3.xml
----------------- Instantiating /home/travis/build/icyphy/ptII/ptolemy/actor/lib/test/auto/functionClosureTest3.xml
2 ms. Memory: 1782272K Free: 1541135K (86%)
----------------- Invoking toplevel() on ptolemy.moml.MoMLSimpleApplication@391f3e6a
----------------- Done invoking toplevel() on ptolemy.moml.MoMLSimpleApplication@391f3e6a
reloadAllAccessors: .functionClosureTest3

===========================================================================================
----------------- testing Fri May 10 04:15:48 UTC 2019 /home/travis/build/icyphy/ptII/ptolemy/actor/lib/test/auto/functionClosureTest4.xml
----------------- Instantiating /home/travis/build/icyphy/ptII/ptolemy/actor/lib/test/auto/functionClosureTest4.xml
4 ms. Memory: 1782272K Free: 1530028K (86%)
----------------- Invoking toplevel() on ptolemy.moml.MoMLSimpleApplication@597e319d
----------------- Done invoking toplevel() on ptolemy.moml.MoMLSimpleApplication@597e319d
reloadAllAccessors: .functionClosureTest4

===========================================================================================
----------------- testing Fri May 10 04:15:48 UTC 2019 /home/travis/build/icyphy/ptII/ptolemy/actor/lib/test/auto/functionClosureTest5.xml
----------------- Instantiating /home/travis/build/icyphy/ptII/ptolemy/actor/lib/test/auto/functionClosureTest5.xml
4 ms. Memory: 1782272K Free: 1514351K (85%)
----------------- Invoking toplevel() on ptolemy.moml.MoMLSimpleApplication@427235cc
----------------- Done invoking toplevel() on ptolemy.moml.MoMLSimpleApplication@427235cc
reloadAllAccessors: .functionClosureTest5

===========================================================================================
----------------- testing Fri May 10 04:15:48 UTC 2019 /home/travis/build/icyphy/ptII/ptolemy/actor/lib/test/auto/functionClosureTest6.xml
----------------- Instantiating /home/travis/build/icyphy/ptII/ptolemy/actor/lib/test/auto/functionClosureTest6.xml
3 ms. Memory: 1782272K Free: 1498674K (84%)
----------------- Invoking toplevel() on ptolemy.moml.MoMLSimpleApplication@7e61efe6
----------------- Done invoking toplevel() on ptolemy.moml.MoMLSimpleApplication@7e61efe6
reloadAllAccessors: .functionClosureTest6

===========================================================================================
----------------- testing Fri May 10 04:15:48 UTC 2019 /home/travis/build/icyphy/ptII/ptolemy/actor/lib/test/auto/functionsOnArcs.xml
----------------- Instantiating /home/travis/build/icyphy/ptII/ptolemy/actor/lib/test/auto/functionsOnArcs.xml
1 ms. Memory: 1782272K Free: 1487567K (83%)
----------------- Invoking toplevel() on ptolemy.moml.MoMLSimpleApplication@1930ff4f
----------------- Done invoking toplevel() on ptolemy.moml.MoMLSimpleApplication@1930ff4f
reloadAllAccessors: .functionsOnArcs

===========================================================================================
----------------- testing Fri May 10 04:15:48 UTC 2019 /home/travis/build/icyphy/ptII/ptolemy/actor/lib/test/auto/functionsOnArcsHOF.xml
----------------- Instantiating /home/travis/build/icyphy/ptII/ptolemy/actor/lib/test/auto/functionsOnArcsHOF.xml
4 ms. Memory: 1782272K Free: 1471890K (83%)
----------------- Invoking toplevel() on ptolemy.moml.MoMLSimpleApplication@45261785
----------------- Done invoking toplevel() on ptolemy.moml.MoMLSimpleApplication@45261785
reloadAllAccessors: .functionsOnArcsHOF

===========================================================================================
----------------- testing Fri May 10 04:15:48 UTC 2019 /home/travis/build/icyphy/ptII/ptolemy/actor/lib/test/auto/logic.xml
----------------- Instantiating /home/travis/build/icyphy/ptII/ptolemy/actor/lib/test/auto/logic.xml
2 ms. Memory: 1782272K Free: 1460783K (82%)
----------------- Invoking toplevel() on ptolemy.moml.MoMLSimpleApplication@62ffbca6
----------------- Done invoking toplevel() on ptolemy.moml.MoMLSimpleApplication@62ffbca6
reloadAllAccessors: .logic

===========================================================================================
----------------- testing Fri May 10 04:15:48 UTC 2019 /home/travis/build/icyphy/ptII/ptolemy/actor/lib/test/auto/matrixType.xml
----------------- Instantiating /home/travis/build/icyphy/ptII/ptolemy/actor/lib/test/auto/matrixType.xml
1 ms. Memory: 1782272K Free: 1445105K (81%)
----------------- Invoking toplevel() on ptolemy.moml.MoMLSimpleApplication@34d27f71
----------------- Done invoking toplevel() on ptolemy.moml.MoMLSimpleApplication@34d27f71
reloadAllAccessors: .matrixType

===========================================================================================
----------------- testing Fri May 10 04:15:48 UTC 2019 /home/travis/build/icyphy/ptII/ptolemy/actor/lib/test/auto/matrixType10.xml
----------------- Instantiating /home/travis/build/icyphy/ptII/ptolemy/actor/lib/test/auto/matrixType10.xml
2 ms. Memory: 1782272K Free: 1433998K (80%)
----------------- Invoking toplevel() on ptolemy.moml.MoMLSimpleApplication@64ca6939
----------------- Done invoking toplevel() on ptolemy.moml.MoMLSimpleApplication@64ca6939
reloadAllAccessors: .matrixType10

===========================================================================================
----------------- testing Fri May 10 04:15:48 UTC 2019 /home/travis/build/icyphy/ptII/ptolemy/actor/lib/test/auto/matrixType11.xml
----------------- Instantiating /home/travis/build/icyphy/ptII/ptolemy/actor/lib/test/auto/matrixType11.xml
1 ms. Memory: 1782272K Free: 1418321K (80%)
----------------- Invoking toplevel() on ptolemy.moml.MoMLSimpleApplication@15010e25
----------------- Done invoking toplevel() on ptolemy.moml.MoMLSimpleApplication@15010e25
reloadAllAccessors: .matrixType11

===========================================================================================
----------------- testing Fri May 10 04:15:48 UTC 2019 /home/travis/build/icyphy/ptII/ptolemy/actor/lib/test/auto/matrixType12.xml
----------------- Instantiating /home/travis/build/icyphy/ptII/ptolemy/actor/lib/test/auto/matrixType12.xml
1 ms. Memory: 1782272K Free: 1402644K (79%)
----------------- Invoking toplevel() on ptolemy.moml.MoMLSimpleApplication@69172156
----------------- Done invoking toplevel() on ptolemy.moml.MoMLSimpleApplication@69172156
reloadAllAccessors: .matrixType12

===========================================================================================
----------------- testing Fri May 10 04:15:48 UTC 2019 /home/travis/build/icyphy/ptII/ptolemy/actor/lib/test/auto/matrixType13.xml
----------------- Instantiating /home/travis/build/icyphy/ptII/ptolemy/actor/lib/test/auto/matrixType13.xml
1 ms. Memory: 1782272K Free: 1391537K (78%)
----------------- Invoking toplevel() on ptolemy.moml.MoMLSimpleApplication@4f5e393
----------------- Done invoking toplevel() on ptolemy.moml.MoMLSimpleApplication@4f5e393
reloadAllAccessors: .matrixType13

===========================================================================================
----------------- testing Fri May 10 04:15:48 UTC 2019 /home/travis/build/icyphy/ptII/ptolemy/actor/lib/test/auto/matrixType14.xml
----------------- Instantiating /home/travis/build/icyphy/ptII/ptolemy/actor/lib/test/auto/matrixType14.xml
1 ms. Memory: 1782272K Free: 1375860K (77%)
----------------- Invoking toplevel() on ptolemy.moml.MoMLSimpleApplication@4c71c4e0
----------------- Done invoking toplevel() on ptolemy.moml.MoMLSimpleApplication@4c71c4e0
reloadAllAccessors: .matrixType14

===========================================================================================
----------------- testing Fri May 10 04:15:48 UTC 2019 /home/travis/build/icyphy/ptII/ptolemy/actor/lib/test/auto/matrixType2.xml
----------------- Instantiating /home/travis/build/icyphy/ptII/ptolemy/actor/lib/test/auto/matrixType2.xml
1 ms. Memory: 1782272K Free: 1364753K (77%)
----------------- Invoking toplevel() on ptolemy.moml.MoMLSimpleApplication@40054787
----------------- Done invoking toplevel() on ptolemy.moml.MoMLSimpleApplication@40054787
reloadAllAccessors: .matrixType2

===========================================================================================
----------------- testing Fri May 10 04:15:48 UTC 2019 /home/travis/build/icyphy/ptII/ptolemy/actor/lib/test/auto/matrixType3.xml
----------------- Instantiating /home/travis/build/icyphy/ptII/ptolemy/actor/lib/test/auto/matrixType3.xml
3 ms. Memory: 1782272K Free: 1349075K (76%)
----------------- Invoking toplevel() on ptolemy.moml.MoMLSimpleApplication@762c4f55
----------------- Done invoking toplevel() on ptolemy.moml.MoMLSimpleApplication@762c4f55
reloadAllAccessors: .matrixType3

===========================================================================================
----------------- testing Fri May 10 04:15:48 UTC 2019 /home/travis/build/icyphy/ptII/ptolemy/actor/lib/test/auto/matrixType4.xml
----------------- Instantiating /home/travis/build/icyphy/ptII/ptolemy/actor/lib/test/auto/matrixType4.xml
1 ms. Memory: 1782272K Free: 1337968K (75%)
----------------- Invoking toplevel() on ptolemy.moml.MoMLSimpleApplication@4dae93c0
----------------- Done invoking toplevel() on ptolemy.moml.MoMLSimpleApplication@4dae93c0
reloadAllAccessors: .matrixType4

===========================================================================================
----------------- testing Fri May 10 04:15:48 UTC 2019 /home/travis/build/icyphy/ptII/ptolemy/actor/lib/test/auto/matrixType5.xml
----------------- Instantiating /home/travis/build/icyphy/ptII/ptolemy/actor/lib/test/auto/matrixType5.xml
1 ms. Memory: 1782272K Free: 1322291K (74%)
----------------- Invoking toplevel() on ptolemy.moml.MoMLSimpleApplication@20bd2fa5
----------------- Done invoking toplevel() on ptolemy.moml.MoMLSimpleApplication@20bd2fa5
reloadAllAccessors: .matrixType5

===========================================================================================
----------------- testing Fri May 10 04:15:48 UTC 2019 /home/travis/build/icyphy/ptII/ptolemy/actor/lib/test/auto/matrixType6.xml
----------------- Instantiating /home/travis/build/icyphy/ptII/ptolemy/actor/lib/test/auto/matrixType6.xml
1 ms. Memory: 1782272K Free: 1306614K (73%)
----------------- Invoking toplevel() on ptolemy.moml.MoMLSimpleApplication@5e2e1ce5
----------------- Done invoking toplevel() on ptolemy.moml.MoMLSimpleApplication@5e2e1ce5
reloadAllAccessors: .matrixType6

===========================================================================================
----------------- testing Fri May 10 04:15:48 UTC 2019 /home/travis/build/icyphy/ptII/ptolemy/actor/lib/test/auto/matrixType7.xml
----------------- Instantiating /home/travis/build/icyphy/ptII/ptolemy/actor/lib/test/auto/matrixType7.xml
1 ms. Memory: 1782272K Free: 1295507K (73%)
----------------- Invoking toplevel() on ptolemy.moml.MoMLSimpleApplication@d4fe59f
----------------- Done invoking toplevel() on ptolemy.moml.MoMLSimpleApplication@d4fe59f
reloadAllAccessors: .matrixType7

===========================================================================================
----------------- testing Fri May 10 04:15:48 UTC 2019 /home/travis/build/icyphy/ptII/ptolemy/actor/lib/test/auto/matrixType8.xml
----------------- Instantiating /home/travis/build/icyphy/ptII/ptolemy/actor/lib/test/auto/matrixType8.xml
2 ms. Memory: 1782272K Free: 1279830K (72%)
----------------- Invoking toplevel() on ptolemy.moml.MoMLSimpleApplication@8c537be
----------------- Done invoking toplevel() on ptolemy.moml.MoMLSimpleApplication@8c537be
reloadAllAccessors: .matrixType8

===========================================================================================
----------------- testing Fri May 10 04:15:48 UTC 2019 /home/travis/build/icyphy/ptII/ptolemy/actor/lib/test/auto/matrixType9.xml
----------------- Instantiating /home/travis/build/icyphy/ptII/ptolemy/actor/lib/test/auto/matrixType9.xml
1 ms. Memory: 1782272K Free: 1268723K (71%)
----------------- Invoking toplevel() on ptolemy.moml.MoMLSimpleApplication@570a451e
----------------- Done invoking toplevel() on ptolemy.moml.MoMLSimpleApplication@570a451e
reloadAllAccessors: .matrixType9

===========================================================================================
----------------- testing Fri May 10 04:15:48 UTC 2019 /home/travis/build/icyphy/ptII/ptolemy/actor/lib/test/auto/paraFunctest.xml
----------------- Instantiating /home/travis/build/icyphy/ptII/ptolemy/actor/lib/test/auto/paraFunctest.xml
1 ms. Memory: 1782272K Free: 1253046K (70%)
----------------- Invoking toplevel() on ptolemy.moml.MoMLSimpleApplication@32ea836f
----------------- Done invoking toplevel() on ptolemy.moml.MoMLSimpleApplication@32ea836f
reloadAllAccessors: .paraFunctest

===========================================================================================
----------------- testing Fri May 10 04:15:48 UTC 2019 /home/travis/build/icyphy/ptII/ptolemy/actor/lib/test/auto/paraFunctest2.xml
----------------- Instantiating /home/travis/build/icyphy/ptII/ptolemy/actor/lib/test/auto/paraFunctest2.xml
2 ms. Memory: 1782272K Free: 1241939K (70%)
----------------- Invoking toplevel() on ptolemy.moml.MoMLSimpleApplication@5961a6b3
----------------- Done invoking toplevel() on ptolemy.moml.MoMLSimpleApplication@5961a6b3
reloadAllAccessors: .paraFunctest2

===========================================================================================
----------------- testing Fri May 10 04:15:48 UTC 2019 /home/travis/build/icyphy/ptII/ptolemy/actor/lib/test/auto/parameterPassing.xml
----------------- Instantiating /home/travis/build/icyphy/ptII/ptolemy/actor/lib/test/auto/parameterPassing.xml
1 ms. Memory: 1782272K Free: 1226262K (69%)
----------------- Invoking toplevel() on ptolemy.moml.MoMLSimpleApplication@39442b71
----------------- Done invoking toplevel() on ptolemy.moml.MoMLSimpleApplication@39442b71
reloadAllAccessors: .parameterPassing

===========================================================================================
----------------- testing Fri May 10 04:15:48 UTC 2019 /home/travis/build/icyphy/ptII/ptolemy/actor/lib/test/auto/record.xml
----------------- Instantiating /home/travis/build/icyphy/ptII/ptolemy/actor/lib/test/auto/record.xml
2 ms. Memory: 1782272K Free: 1210584K (68%)
----------------- Invoking toplevel() on ptolemy.moml.MoMLSimpleApplication@36f43676
----------------- Done invoking toplevel() on ptolemy.moml.MoMLSimpleApplication@36f43676
reloadAllAccessors: .record

===========================================================================================
----------------- testing Fri May 10 04:15:48 UTC 2019 /home/travis/build/icyphy/ptII/ptolemy/actor/lib/test/auto/sizedarray1.xml
----------------- Instantiating /home/travis/build/icyphy/ptII/ptolemy/actor/lib/test/auto/sizedarray1.xml
1 ms. Memory: 1782272K Free: 1199477K (67%)
----------------- Invoking toplevel() on ptolemy.moml.MoMLSimpleApplication@f3b88cc
----------------- Done invoking toplevel() on ptolemy.moml.MoMLSimpleApplication@f3b88cc
reloadAllAccessors: .sizedarray1

===========================================================================================
----------------- testing Fri May 10 04:15:48 UTC 2019 /home/travis/build/icyphy/ptII/ptolemy/actor/lib/test/auto/sizedarray2.xml
----------------- Instantiating /home/travis/build/icyphy/ptII/ptolemy/actor/lib/test/auto/sizedarray2.xml
3 ms. Memory: 1782272K Free: 1183800K (66%)
----------------- Invoking toplevel() on ptolemy.moml.MoMLSimpleApplication@56a57ac3
----------------- Done invoking toplevel() on ptolemy.moml.MoMLSimpleApplication@56a57ac3
reloadAllAccessors: .sizedarray2

===========================================================================================
----------------- testing Fri May 10 04:15:48 UTC 2019 /home/travis/build/icyphy/ptII/ptolemy/actor/lib/test/auto/twoPublishers.xml
----------------- Instantiating /home/travis/build/icyphy/ptII/ptolemy/actor/lib/test/auto/twoPublishers.xml
5 ms. Memory: 1782272K Free: 1167124K (65%)
----------------- Invoking toplevel() on ptolemy.moml.MoMLSimpleApplication@d503cac
----------------- Done invoking toplevel() on ptolemy.moml.MoMLSimpleApplication@d503cac
reloadAllAccessors: .twoPublishers
AutoTests.java: About to close Vertx.
AutoTests.java: Vertx closed.
]]></system-out>
  <system-err><![CDATA[java.lang.RuntimeException: Execution failed
	at ptolemy.moml.MoMLSimpleApplication$UnloadThread.run(MoMLSimpleApplication.java:402)
Caused by: java.lang.RuntimeException: StringUtilities.exit() was called. Normally, we would exit here because Manager.exitAfterWrapup() was called.  However, because the ptolemy.ptII.exitAfterWrapup property is set, we throw this exception instead.
	at ptolemy.util.StringUtilities.exit(StringUtilities.java:363)
	at ptolemy.actor.Manager.wrapup(Manager.java:1531)
	at ptolemy.actor.Manager.execute(Manager.java:407)
	at ptolemy.actor.Manager.run(Manager.java:1263)
	at ptolemy.actor.Manager$PtolemyRunThread.run(Manager.java:1915)
Warning: '.top.test' is in training mode, set the trainingMode parameter to false before checking in
Warning: '.top.test' is in training mode, set the trainingMode parameter to false before checking in
Warning: '.top.test' is in training mode, set the trainingMode parameter to false before checking in
Warning: '.BooleanSwitch_RegressionTest_WrongTrainingValues.Test' is in training mode, set the trainingMode parameter to false before checking in
Warning: '.BooleanSwitch_RegressionTest_WrongTrainingValues.Test2' is in training mode, set the trainingMode parameter to false before checking in
Warning: '.BooleanSwitch_RegressionTest_WrongTrainingValues.Test2' The test produced 0 tokens.
Warning: '.top.testExceptionHandler' is in training mode, set the trainingMode parameter to false before checking in
java.lang.RuntimeException: Execution failed
	at ptolemy.moml.MoMLSimpleApplication$UnloadThread.run(MoMLSimpleApplication.java:402)
Caused by: ptolemy.kernel.util.IllegalActionException: PublisherPorts cannot be used at the top level, use a Publisher actor instead.
  in .PublisherPortToplevelSubscriber.PublisherPort
	at ptolemy.actor.PublisherPort.preinitialize(PublisherPort.java:403)
	at ptolemy.actor.CompositeActor.preinitialize(CompositeActor.java:1769)
	at ptolemy.actor.Manager.preinitializeAndResolveTypes(Manager.java:1040)
	at ptolemy.actor.Manager.initialize(Manager.java:710)
	at ptolemy.actor.Manager.execute(Manager.java:356)
	at ptolemy.actor.Manager.run(Manager.java:1263)
	at ptolemy.actor.Manager$PtolemyRunThread.run(Manager.java:1915)
java.lang.reflect.InvocationTargetException
	at sun.reflect.NativeConstructorAccessorImpl.newInstance0(Native Method)
	at sun.reflect.NativeConstructorAccessorImpl.newInstance(NativeConstructorAccessorImpl.java:62)
	at sun.reflect.DelegatingConstructorAccessorImpl.newInstance(DelegatingConstructorAccessorImpl.java:45)
	at java.lang.reflect.Constructor.newInstance(Constructor.java:423)
	at ptolemy.util.test.junit.AutoKnownFailedTests.RunModel(AutoKnownFailedTests.java:105)
	at sun.reflect.NativeMethodAccessorImpl.invoke0(Native Method)
	at sun.reflect.NativeMethodAccessorImpl.invoke(NativeMethodAccessorImpl.java:62)
	at sun.reflect.DelegatingMethodAccessorImpl.invoke(DelegatingMethodAccessorImpl.java:43)
	at java.lang.reflect.Method.invoke(Method.java:498)
	at org.junit.runners.model.FrameworkMethod$1.runReflectiveCall(FrameworkMethod.java:44)
	at org.junit.internal.runners.model.ReflectiveCallable.run(ReflectiveCallable.java:15)
	at org.junit.runners.model.FrameworkMethod.invokeExplosively(FrameworkMethod.java:41)
	at junitparams.internal.InvokeParameterisedMethod.evaluate(InvokeParameterisedMethod.java:102)
	at org.junit.internal.runners.statements.FailOnTimeout$1.run(FailOnTimeout.java:28)
Caused by: ptolemy.kernel.util.IllegalActionException: PublisherPorts cannot be used at the top level, use a Publisher actor instead.
  in .PublisherPortToplevelSubscriber.PublisherPort
	at ptolemy.actor.PublisherPort.preinitialize(PublisherPort.java:403)
	at ptolemy.actor.CompositeActor.preinitialize(CompositeActor.java:1769)
	at ptolemy.actor.Manager.preinitializeAndResolveTypes(Manager.java:1040)
	at ptolemy.actor.Manager.initialize(Manager.java:710)
	at ptolemy.actor.Manager.execute(Manager.java:356)
	at ptolemy.actor.Manager.run(Manager.java:1263)
	at ptolemy.actor.Manager$PtolemyRunThread.run(Manager.java:1915)
java.lang.RuntimeException: Execution failed
	at ptolemy.moml.MoMLSimpleApplication$UnloadThread.run(MoMLSimpleApplication.java:402)
Caused by: ptolemy.kernel.util.IllegalActionException: SubscriberPorts cannot be used at the top level, use a Subscriber actor instead.
  in .PublisherSubscriberPortToplevel.SubscriberPort
	at ptolemy.actor.SubscriberPort.preinitialize(SubscriberPort.java:328)
	at ptolemy.actor.CompositeActor.preinitialize(CompositeActor.java:1769)
	at ptolemy.actor.Manager.preinitializeAndResolveTypes(Manager.java:1040)
	at ptolemy.actor.Manager.initialize(Manager.java:710)
	at ptolemy.actor.Manager.execute(Manager.java:356)
	at ptolemy.actor.Manager.run(Manager.java:1263)
	at ptolemy.actor.Manager$PtolemyRunThread.run(Manager.java:1915)
java.lang.reflect.InvocationTargetException
	at sun.reflect.NativeConstructorAccessorImpl.newInstance0(Native Method)
	at sun.reflect.NativeConstructorAccessorImpl.newInstance(NativeConstructorAccessorImpl.java:62)
	at sun.reflect.DelegatingConstructorAccessorImpl.newInstance(DelegatingConstructorAccessorImpl.java:45)
	at java.lang.reflect.Constructor.newInstance(Constructor.java:423)
	at ptolemy.util.test.junit.AutoKnownFailedTests.RunModel(AutoKnownFailedTests.java:105)
	at sun.reflect.NativeMethodAccessorImpl.invoke0(Native Method)
	at sun.reflect.NativeMethodAccessorImpl.invoke(NativeMethodAccessorImpl.java:62)
	at sun.reflect.DelegatingMethodAccessorImpl.invoke(DelegatingMethodAccessorImpl.java:43)
	at java.lang.reflect.Method.invoke(Method.java:498)
	at org.junit.runners.model.FrameworkMethod$1.runReflectiveCall(FrameworkMethod.java:44)
	at org.junit.internal.runners.model.ReflectiveCallable.run(ReflectiveCallable.java:15)
	at org.junit.runners.model.FrameworkMethod.invokeExplosively(FrameworkMethod.java:41)
	at junitparams.internal.InvokeParameterisedMethod.evaluate(InvokeParameterisedMethod.java:102)
	at org.junit.internal.runners.statements.FailOnTimeout$1.run(FailOnTimeout.java:28)
Caused by: ptolemy.kernel.util.IllegalActionException: SubscriberPorts cannot be used at the top level, use a Subscriber actor instead.
  in .PublisherSubscriberPortToplevel.SubscriberPort
	at ptolemy.actor.SubscriberPort.preinitialize(SubscriberPort.java:328)
	at ptolemy.actor.CompositeActor.preinitialize(CompositeActor.java:1769)
	at ptolemy.actor.Manager.preinitializeAndResolveTypes(Manager.java:1040)
	at ptolemy.actor.Manager.initialize(Manager.java:710)
	at ptolemy.actor.Manager.execute(Manager.java:356)
	at ptolemy.actor.Manager.run(Manager.java:1263)
	at ptolemy.actor.Manager$PtolemyRunThread.run(Manager.java:1915)
java.lang.RuntimeException: Execution failed
	at ptolemy.moml.MoMLSimpleApplication$UnloadThread.run(MoMLSimpleApplication.java:402)
Caused by: ptolemy.kernel.util.IllegalActionException: SubscriptionAggregatorPorts cannot be used at the top level, use a SubscriptionAggregator actor instead.
  in .PublisherSubscriptionAggregatorPort.SubscriptionAggregatorPort
	at ptolemy.actor.SubscriptionAggregatorPort.preinitialize(SubscriptionAggregatorPort.java:353)
	at ptolemy.actor.CompositeActor.preinitialize(CompositeActor.java:1769)
	at ptolemy.actor.Manager.preinitializeAndResolveTypes(Manager.java:1040)
	at ptolemy.actor.Manager.initialize(Manager.java:710)
	at ptolemy.actor.Manager.execute(Manager.java:356)
	at ptolemy.actor.Manager.run(Manager.java:1263)
	at ptolemy.actor.Manager$PtolemyRunThread.run(Manager.java:1915)
java.lang.reflect.InvocationTargetException
	at sun.reflect.NativeConstructorAccessorImpl.newInstance0(Native Method)
	at sun.reflect.NativeConstructorAccessorImpl.newInstance(NativeConstructorAccessorImpl.java:62)
	at sun.reflect.DelegatingConstructorAccessorImpl.newInstance(DelegatingConstructorAccessorImpl.java:45)
	at java.lang.reflect.Constructor.newInstance(Constructor.java:423)
	at ptolemy.util.test.junit.AutoKnownFailedTests.RunModel(AutoKnownFailedTests.java:105)
	at sun.reflect.NativeMethodAccessorImpl.invoke0(Native Method)
	at sun.reflect.NativeMethodAccessorImpl.invoke(NativeMethodAccessorImpl.java:62)
	at sun.reflect.DelegatingMethodAccessorImpl.invoke(DelegatingMethodAccessorImpl.java:43)
	at java.lang.reflect.Method.invoke(Method.java:498)
	at org.junit.runners.model.FrameworkMethod$1.runReflectiveCall(FrameworkMethod.java:44)
	at org.junit.internal.runners.model.ReflectiveCallable.run(ReflectiveCallable.java:15)
	at org.junit.runners.model.FrameworkMethod.invokeExplosively(FrameworkMethod.java:41)
	at junitparams.internal.InvokeParameterisedMethod.evaluate(InvokeParameterisedMethod.java:102)
	at org.junit.internal.runners.statements.FailOnTimeout$1.run(FailOnTimeout.java:28)
Caused by: ptolemy.kernel.util.IllegalActionException: SubscriptionAggregatorPorts cannot be used at the top level, use a SubscriptionAggregator actor instead.
  in .PublisherSubscriptionAggregatorPort.SubscriptionAggregatorPort
	at ptolemy.actor.SubscriptionAggregatorPort.preinitialize(SubscriptionAggregatorPort.java:353)
	at ptolemy.actor.CompositeActor.preinitialize(CompositeActor.java:1769)
	at ptolemy.actor.Manager.preinitializeAndResolveTypes(Manager.java:1040)
	at ptolemy.actor.Manager.initialize(Manager.java:710)
	at ptolemy.actor.Manager.execute(Manager.java:356)
	at ptolemy.actor.Manager.run(Manager.java:1263)
	at ptolemy.actor.Manager$PtolemyRunThread.run(Manager.java:1915)
java.lang.RuntimeException: Execution failed
	at ptolemy.moml.MoMLSimpleApplication$UnloadThread.run(MoMLSimpleApplication.java:402)
Caused by: ptolemy.kernel.util.IllegalActionException: TypeTest actor has no training data.
  in .sizedarray3.TypeTest
	at ptolemy.actor.lib.TypeTest.initialize(TypeTest.java:250)
	at ptolemy.actor.Director.initialize(Director.java:938)
	at ptolemy.actor.Director.initialize(Director.java:907)
	at ptolemy.actor.sched.StaticSchedulingDirector.initialize(StaticSchedulingDirector.java:159)
	at ptolemy.domains.sdf.kernel.SDFDirector.initialize(SDFDirector.java:544)
	at ptolemy.actor.CompositeActor.initialize(CompositeActor.java:935)
	at ptolemy.actor.Manager.initialize(Manager.java:724)
	at ptolemy.actor.Manager.execute(Manager.java:356)
	at ptolemy.actor.Manager.run(Manager.java:1263)
	at ptolemy.actor.Manager$PtolemyRunThread.run(Manager.java:1915)
java.lang.reflect.InvocationTargetException
	at sun.reflect.NativeConstructorAccessorImpl.newInstance0(Native Method)
	at sun.reflect.NativeConstructorAccessorImpl.newInstance(NativeConstructorAccessorImpl.java:62)
	at sun.reflect.DelegatingConstructorAccessorImpl.newInstance(DelegatingConstructorAccessorImpl.java:45)
	at java.lang.reflect.Constructor.newInstance(Constructor.java:423)
	at ptolemy.util.test.junit.AutoKnownFailedTests.RunModel(AutoKnownFailedTests.java:105)
	at sun.reflect.NativeMethodAccessorImpl.invoke0(Native Method)
	at sun.reflect.NativeMethodAccessorImpl.invoke(NativeMethodAccessorImpl.java:62)
	at sun.reflect.DelegatingMethodAccessorImpl.invoke(DelegatingMethodAccessorImpl.java:43)
	at java.lang.reflect.Method.invoke(Method.java:498)
	at org.junit.runners.model.FrameworkMethod$1.runReflectiveCall(FrameworkMethod.java:44)
	at org.junit.internal.runners.model.ReflectiveCallable.run(ReflectiveCallable.java:15)
	at org.junit.runners.model.FrameworkMethod.invokeExplosively(FrameworkMethod.java:41)
	at junitparams.internal.InvokeParameterisedMethod.evaluate(InvokeParameterisedMethod.java:102)
	at org.junit.internal.runners.statements.FailOnTimeout$1.run(FailOnTimeout.java:28)
Caused by: ptolemy.kernel.util.IllegalActionException: TypeTest actor has no training data.
  in .sizedarray3.TypeTest
	at ptolemy.actor.lib.TypeTest.initialize(TypeTest.java:250)
	at ptolemy.actor.Director.initialize(Director.java:938)
	at ptolemy.actor.Director.initialize(Director.java:907)
	at ptolemy.actor.sched.StaticSchedulingDirector.initialize(StaticSchedulingDirector.java:159)
	at ptolemy.domains.sdf.kernel.SDFDirector.initialize(SDFDirector.java:544)
	at ptolemy.actor.CompositeActor.initialize(CompositeActor.java:935)
	at ptolemy.actor.Manager.initialize(Manager.java:724)
	at ptolemy.actor.Manager.execute(Manager.java:356)
	at ptolemy.actor.Manager.run(Manager.java:1263)
	at ptolemy.actor.Manager$PtolemyRunThread.run(Manager.java:1915)
]]></system-err>
</testsuite>
