<?xml version="1.0" encoding="UTF-8" ?>
<testsuite errors="0" failures="0" hostname="travis-job-fef60b8f-191d-4a72-b49f-5584fe84db42" name="ptolemy.actor.lib.test.junit.JUnitTclTest" skipped="0" tests="517" time="61.201" timestamp="2019-03-14T14:24:12">
  <properties>
    <property name="npm.executable" value="npm" />
    <property name="file.encoding.pkg" value="sun.io" />
    <property name="env.TRAVIS_ROOT" value="/" />
    <property name="ptII.mk.exists" value="true" />
    <property name="env.TRAVIS_APP_HOST" value="build.travis-ci.org" />
    <property name="env.rvm_bin_path" value="/home/travis/.rvm/bin" />
    <property name="java.home" value="/usr/lib/jvm/java-8-oracle/jre" />
    <property name="env.TRAVIS_JOB_NUMBER" value="1045.8" />
    <property name="env.TRAVIS_HOME" value="/home/travis" />
    <property name="env.DISPLAY" value=":99.0" />
    <property name="java.net.preferIPv4Stack" value="true" />
    <property name="env.TRAVIS_INIT" value="upstart" />
    <property name="env.SSH_TTY" value="/dev/pts/0" />
    <property name="env.RUN_TESTS" value="true" />
    <property name="timeout.short" value="1000000" />
    <property name="env.TRAVIS_JOB_NAME" value="" />
    <property name="env.TRAVIS_STACK_NODE_ATTRIBUTES" value="/.node-attributes.yml" />
    <property name="junit.formatter" value="xml" />
    <property name="java.endorsed.dirs" value="/usr/lib/jvm/java-8-oracle/jre/lib/endorsed" />
    <property name="env.TRAVIS_SUDO" value="true" />
    <property name="env.LOGNAME" value="travis" />
    <property name="env.PT_TRAVIS_TEST_CORE1_XML" value="true" />
    <property name="jsdoc.home" value="node_modules/@terraswarm/jsdoc" />
    <property name="debuglevel" value="source,lines,vars" />
    <property name="checkstyle.formatter" value="xml" />
    <property name="bin.vergil.makeable" value="true" />
    <property name="env._system_version" value="14.04" />
    <property name="sun.os.patch.level" value="unknown" />
    <property name="java.vendor.url" value="http://java.oracle.com/" />
    <property name="env.TRAVIS_BUILD_WEB_URL" value="https://travis-ci.org/icyphy/ptII/builds/506295775" />
    <property name="java.version" value="1.8.0_151" />
    <property name="env.TZ" value="UTC" />
    <property name="env.PT_NO_NET" value="true" />
    <property name="env.TRAVIS_PULL_REQUEST_SHA" value="" />
    <property name="env.TRAVIS_SECURE_ENV_VARS" value="true" />
    <property name="env._system_type" value="Linux" />
    <property name="java.vendor.url.bug" value="http://bugreport.sun.com/bugreport/" />
    <property name="env.SSH_CLIENT" value="10.10.4.119 36450 22" />
    <property name="npmjs-org-is-up" value="true" />
    <property name="env.GEM_HOME" value="/home/travis/.rvm/gems/ruby-2.4.1" />
    <property name="env.HAS_ANTARES_THREE_LITTLE_FRONZIES_BADGE" value="true" />
    <property name="env.PS4" value="+" />
    <property name="ant.project.invoked-targets" value="build,test.core1.xml" />
    <property name="env.TRAVIS_PULL_REQUEST_BRANCH" value="" />
    <property name="env.TRAVIS_REPO_SLUG" value="icyphy/ptII" />
    <property name="env.TRAVIS_APT_PROXY" value="http://build-cache.travisci.net" />
    <property name="node.in.path" value="true" />
    <property name="java.maxmemory" value="1400m" />
    <property name="env.RUBY_VERSION" value="ruby-2.4.1" />
    <property name="user.name" value="travis" />
    <property name="env.LANG" value="en_US.UTF-8" />
    <property name="sun.io.unicode.encoding" value="UnicodeLittle" />
    <property name="sun.jnu.encoding" value="UTF-8" />
    <property name="java.runtime.name" value="Java(TM) SE Runtime Environment" />
    <property name="usefile" value="false" />
    <property name="return.code" value="0" />
    <property name="junit.single.formatter" value="plain" />
    <property name="env.DYLD_LIBRARY_PATH" value="/home/travis/pthla/certi-tools/lib:" />
    <property name="env.DEBIAN_FRONTEND" value="noninteractive" />
    <property name="env.SSH_CONNECTION" value="10.10.4.119 36450 10.20.3.205 22" />
    <property name="env.MYSQL_UNIX_PORT" value="/var/run/mysqld/mysqld.sock" />
    <property name="env.TRAVIS_ALLOW_FAILURE" value="false" />
    <property name="env.LC_ALL" value="en_US.UTF-8" />
    <property name="env.TRAVIS_JOB_WEB_URL" value="https://travis-ci.org/icyphy/ptII/jobs/506295783" />
    <property name="java.specification.name" value="Java Platform API Specification" />
    <property name="node.works" value="true" />
    <property name="user.timezone" value="" />
    <property name="path.separator" value=":" />
    <property name="env.TRAVIS_ENABLE_INFRA_DETECTION" value="true" />
    <property name="env.PYTHON_CFLAGS" value="-g -fstack-protector --param=ssp-buffer-size=4 -Wformat -Werror=format-security" />
    <property name="timeout.long" value="4000000" />
    <property name="env.CERTI_HOME" value="/home/travis/pthla/certi-tools" />
    <property name="file.encoding" value="UTF-8" />
    <property name="ant.file.ptII" value="/home/travis/build/icyphy/ptII/build.xml" />
    <property name="javadoc.packagenames" value="com.*,diva.*,lbnl.*,org.hlacerti.*,org.json.*,org.ptolemy.*,org.terraswarm.*,ptolemy.*,ptserver.*" />
    <property name="env.TRAVIS_PULL_REQUEST_SLUG" value="" />
    <property name="ant.project.default-target" value="build" />
    <property name="env.GIT_ASKPASS" value="echo" />
    <property name="env.HOME" value="/home/travis" />
    <property name="sun.java.command" value="org.apache.tools.ant.taskdefs.optional.junit.JUnitTestRunner ptolemy.actor.lib.test.junit.JUnitTclTest skipNonTests=false filtertrace=true haltOnError=false haltOnFailure=false formatter=org.apache.tools.ant.taskdefs.optional.junit.OutErrSummaryJUnitResultFormatter showoutput=true outputtoformatters=true logfailedtests=true threadid=0 logtestlistenerevents=false formatter=org.apache.tools.ant.taskdefs.optional.junit.XMLJUnitResultFormatter,/home/travis/build/icyphy/ptII/reports/junit/TEST-ptolemy.actor.lib.test.junit.JUnitTclTest.xml crashfile=/home/travis/build/icyphy/ptII/junitvmwatcher5917786634536935412.properties propsfile=/home/travis/build/icyphy/ptII/junit4237818384284994119.properties" />
    <property name="env.MANPATH" value="/home/travis/.nvm/versions/node/v7.10.1/share/man:/home/travis/.kiex/elixirs/elixir-1.4.5/man:/home/travis/.rvm/rubies/ruby-2.4.1/share/man:/usr/local/man:/usr/local/cmake-3.9.2/man:/usr/local/clang-5.0.0/share/man:/usr/local/share/man:/usr/share/man:/home/travis/.rvm/man" />
    <property name="env.COMPOSER_NO_INTERACTION" value="1" />
    <property name="env.JDK_SWITCHER_DEFAULT" value="oraclejdk8" />
    <property name="env.TRAVIS_TIMER_ID" value="1aae7781" />
    <property name="ant.file" value="/home/travis/build/icyphy/ptII/build.xml" />
    <property name="env.TRAVIS_COMMIT_RANGE" value="245ca7617a79...cd4ff6d44980" />
    <property name="env._system_name" value="Ubuntu" />
    <property name="timeout" value="2400000" />
    <property name="ptII.classpath.optional.property" value="/home/travis/build/icyphy/ptII/lib/bsh-2.0b4.jar:/home/travis/build/icyphy/ptII/lib/ptCal.jar:/home/travis/build/icyphy/ptII/lib/java_cup.jar:/home/travis/build/icyphy/ptII/lib/saxon8.jar:/home/travis/build/icyphy/ptII/lib/saxon8-dom.jar:/home/travis/build/icyphy/ptII/lib/chic.jar:/home/travis/build/icyphy/ptII/lib/ptcolt.jar:/usr/lib/jvm/java-8-oracle/lib/tools.jar:/home/travis/build/icyphy/ptII/vendors/misc/itext/iText.jar:/home/travis/build/icyphy/ptII/lib/g4ltl.jar:/home/travis/build/icyphy/ptII/lib/StructuralCoder.jar:/home/travis/build/icyphy/ptII/vendors/jai-1_1_2_01/lib/jai_core.jar:/home/travis/build/icyphy/ptII/vendors/jai-1_1_2_01/lib/jai_codec.jar:/home/travis/build/icyphy/ptII/lib/jcerti.jar:/home/travis/build/icyphy/ptII/lib/javax.mail.jar:/home/travis/build/icyphy/ptII/vendors/JMF-2.1.1e/lib/jmf.jar:/home/travis/build/icyphy/ptII/lib/jna-4.0.0-variadic.jar:/home/travis/build/icyphy/ptII/vendors/misc/joystick/Joystick.jar:/home/travis/build/icyphy/ptII/lib/ptjacl.jar:/home/travis/build/icyphy/ptII/lib/jsoup-1.8.2.jar:/home/travis/build/icyphy/ptII/lib/junit-4.8.2.jar:/home/travis/build/icyphy/ptII/lib/JUnitParams-0.4.0.jar:/home/travis/build/icyphy/ptII/ptolemy/actor/lib/excel/jxl.jar:/home/travis/build/icyphy/ptII/lib/jython.jar:/home/travis/build/icyphy/ptII/lib/kieler.jar:/home/travis/build/icyphy/ptII/vendors/opencv/share/OpenCV/java/opencv-341.jar:/home/travis/build/icyphy/ptII/lib/oscP5.jar:/home/travis/build/icyphy/ptII/lib/nrjavaserial-3.11.0.devel.jar:/home/travis/build/icyphy/ptII/vendors/j3d/lib/j3dcore.jar:/home/travis/build/icyphy/ptII/vendors/j3d/lib/j3dutils.jar:/home/travis/build/icyphy/ptII/vendors/j3d/lib/vecmath.jar:/home/travis/build/icyphy/ptII/ptolemy/distributed/jini/jar/jini-core.jar:/home/travis/build/icyphy/ptII/ptolemy/distributed/jini/jar/jini-ext.jar:/home/travis/build/icyphy/ptII/ptolemy/distributed/jini/jar/sun-util.jar:/home/travis/build/icyphy/ptII/lib/protobuf-java-2.4.1.jar:/home/travis/build/icyphy/ptII/lib/org.eclipse.paho.client.mqttv3.jar:/home/travis/build/icyphy/ptII/lib/mapss.jar:/home/travis/build/icyphy/ptII/ptolemy/actor/ptalon/antlr/antlr.jar:/home/travis/build/icyphy/ptII/lib/JRI.jar:/home/travis/build/icyphy/ptII/lib/commons-lang-2.6.jar:/home/travis/build/icyphy/ptII/lib/commons-logging-1.1.1.jar:/home/travis/build/icyphy/ptII/lib/sootclasses.jar:/home/travis/build/icyphy/ptII/ptolemy/actor/lib/database/mysql-connector-java-5.1.6-bin.jar:/home/travis/build/icyphy/ptII/vendors/misc/sphinx4/sphinx4-data-5prealpha.jar:/home/travis/build/icyphy/ptII/vendors/misc/sphinx4/sphinx4-core-5prealpha.jar:/home/travis/build/icyphy/ptII/lib/PDFRenderer.jar:/home/travis/build/icyphy/ptII/lib/svgSalamander.jar:/home/travis/build/icyphy/ptII/lib/rsyntaxtextarea-2.6.0-SNAPSHOT.jar:/home/travis/build/icyphy/ptII/lib/hazelcast-3.8.2.jar:/home/travis/build/icyphy/ptII/lib/jackson-annotations-2.9.0.jar:/home/travis/build/icyphy/ptII/lib/jackson-core-2.9.3.jar:/home/travis/build/icyphy/ptII/lib/jackson-databind-2.9.3.jar:/home/travis/build/icyphy/ptII/lib/netty-buffer-4.1.19.Final.jar:/home/travis/build/icyphy/ptII/lib/netty-codec-4.1.19.Final.jar:/home/travis/build/icyphy/ptII/lib/netty-codec-dns-4.1.19.Final.jar:/home/travis/build/icyphy/ptII/lib/netty-codec-http-4.1.19.Final.jar:/home/travis/build/icyphy/ptII/lib/netty-codec-http2-4.1.19.Final.jar:/home/travis/build/icyphy/ptII/lib/netty-common-4.1.19.Final.jar:/home/travis/build/icyphy/ptII/lib/netty-handler-4.1.19.Final.jar:/home/travis/build/icyphy/ptII/lib/netty-resolver-4.1.19.Final.jar:/home/travis/build/icyphy/ptII/lib/netty-resolver-dns-4.1.19.Final.jar:/home/travis/build/icyphy/ptII/lib/netty-transport-4.1.19.Final.jar:/home/travis/build/icyphy/ptII/lib/vertx-codegen-3.5.1.jar:/home/travis/build/icyphy/ptII/lib/vertx-core-3.5.2-SNAPSHOT.jar:/home/travis/build/icyphy/ptII/lib/vertx-hazelcast-3.5.1.jar:/home/travis/build/icyphy/ptII/lib/vertx-lang-js-3.5.1.jar:/home/travis/build/icyphy/ptII/lib/vertx-service-proxy-3.5.1.jar:/home/travis/build/icyphy/ptII/lib/vertx-web-3.5.1.jar:/home/travis/build/icyphy/ptII/lib/slf4j-api-1.7.13.jar:/home/travis/build/icyphy/ptII/lib/slf4j-simple-1.7.13.jar:/home/travis/build/icyphy/ptII/lib/webcam-capture-0.3.12.jar:/home/travis/build/icyphy/ptII/lib/bridj-0.7.0.jar:/home/travis/build/icyphy/ptII/lib/xbjlib-1.1.0.nrjavaserial.jar" />
    <property name="test.batch" value="**/junit/*.java" />
    <property name="env._" value="/usr/bin/timeout" />
    <property name="java.io.tmpdir" value="/tmp" />
    <property name="env.TRAVIS_INTERNAL_RUBY_REGEX" value="^ruby-(2\.[0-4]\.[0-9]|1\.9\.3)" />
    <property name="user.language" value="en" />
    <property name="env.HISTCONTROL" value="ignoredups:ignorespace" />
    <property name="env.GOROOT" value="/home/travis/.gimme/versions/go1.7.4.linux.amd64" />
    <property name="line.separator" value="&#xa;" />
    <property name="target" value="1.8" />
    <property name="env.TRAVIS_BUILD_DIR" value="/home/travis/build/icyphy/ptII" />
    <property name="env.ANT_OPTS" value="-Xmx2048m" />
    <property name="ant.file.type" value="file" />
    <property name="ptolemy.ptII.batchMode" value="true" />
    <property name="env.HISTSIZE" value="1000" />
    <property name="env.MERB_ENV" value="test" />
    <property name="java.vm.info" value="mixed mode" />
    <property name="source" value="1.8" />
    <property name="java.vm.specification.name" value="Java Virtual Machine Specification" />
    <property name="env.TRAVIS_TEST_RESULT" value="0" />
    <property name="jsdoc.command" value="node_modules/@terraswarm/jsdoc/jsdoc.js" />
    <property name="npm.works" value="true" />
    <property name="cobertura.dir" value="/home/travis/build/icyphy/ptII/vendors/cobertura-2.0.3" />
    <property name="env.rvm_path" value="/home/travis/.rvm" />
    <property name="env.GEM_PATH" value="/home/travis/.rvm/gems/ruby-2.4.1:/home/travis/.rvm/gems/ruby-2.4.1@global" />
    <property name="env.LC_CTYPE" value="en_US.UTF-8" />
    <property name="java.awt.printerjob" value="sun.print.PSPrinterJob" />
    <property name="env.TRAVIS_CMD" value="$PTII/bin/ptIITravisBuild.sh $SECONDS" />
    <property name="env.TRAVIS_STACK_NAME" value="garnet" />
    <property name="env.TRAVIS_TIMER_START_TIME" value="1552573067159149684" />
    <property name="ant.version" value="Apache Ant(TM) version 1.10.1 compiled on February 2 2017" />
    <property name="ptII.reports" value="/home/travis/build/icyphy/ptII/reports" />
    <property name="env.TRAVIS_STACK_TIMESTAMP" value="2017-12-05 19:33:09 UTC" />
    <property name="ant.file.type.ptII" value="file" />
    <property name="env.RBENV_SHELL" value="bash" />
    <property name="os.name" value="Linux" />
    <property name="java.specification.vendor" value="Oracle Corporation" />
    <property name="env.rvm_version" value="1.29.3 (latest)" />
    <property name="env.TRAVIS_INFRA" value="gce" />
    <property name="env.TERM" value="xterm" />
    <property name="java.vm.name" value="Java HotSpot(TM) 64-Bit Server VM" />
    <property name="env.TRAVIS_BUILD_NUMBER" value="1045" />
    <property name="env.CI" value="true" />
    <property name="java.library.path" value="/home/travis/pthla/certi-tools/lib:/usr/lib/jni:/usr/local/share/OpenCV/java/:/usr/share/OpenCV/java::/usr/java/packages/lib/amd64:/usr/lib64:/lib64:/lib:/usr/lib" />
    <property name="env.rvm_prefix" value="/home/travis" />
    <property name="env.PATH" value="/home/travis/pthla/certi-tools/share/scripts:/home/travis/.rvm/gems/ruby-2.4.1/bin:/home/travis/.rvm/gems/ruby-2.4.1@global/bin:/home/travis/.rvm/rubies/ruby-2.4.1/bin:/home/travis/.rvm/bin:/home/travis/.nvm/versions/node/v7.10.1/bin:./node_modules/.bin:/home/travis/build/icyphy/ptII/bin:/home/travis/pthla/certi-tools/bin:/home/travis/bin:/home/travis/.local/bin:/opt/pyenv/shims:/home/travis/.phpenv/shims:/home/travis/perl5/perlbrew/bin:/home/travis/.kiex/elixirs/elixir-1.4.5/bin:/home/travis/.kiex/bin:/home/travis/gopath/bin:/home/travis/.gimme/versions/go1.7.4.linux.amd64/bin:/usr/local/phantomjs/bin:/usr/local/phantomjs:/usr/local/neo4j-3.2.7/bin:/usr/local/maven-3.5.2/bin:/usr/local/cmake-3.9.2/bin:/usr/local/clang-5.0.0/bin:/usr/local/sbin:/usr/local/bin:/usr/sbin:/usr/bin:/sbin:/bin:/home/travis/.phpenv/bin:/opt/pyenv/bin:/home/travis/.yarn/bin" />
    <property name="env.TRAVIS_OS_NAME" value="linux" />
    <property name="ant.java.version" value="1.8" />
    <property name="basedir" value="/home/travis/build/icyphy/ptII" />
    <property name="java.class.version" value="52.0" />
    <property name="env.SHLVL" value="3" />
    <property name="env.LD_LIBRARY_PATH" value="/home/travis/pthla/certi-tools/lib:/usr/lib/jni:/usr/local/share/OpenCV/java/:/usr/share/OpenCV/java:" />
    <property name="env.RACK_ENV" value="test" />
    <property name="ant.home" value="/home/travis/build/icyphy/ptII/ant" />
    <property name="env.PERLBREW_BASHRC_VERSION" value="0.80" />
    <property name="env.NVM_DIR" value="/home/travis/.nvm" />
    <property name="env.TRAVIS_BUILD_ID" value="506295775" />
    <property name="env.CERTI_FOM_PATH" value="/home/travis/pthla/certi-tools/share/federations" />
    <property name="env.PYENV_ROOT" value="/opt/pyenv" />
    <property name="env.TRAVIS_UID" value="2000" />
    <property name="env.rvm_pretty_print_flag" value="auto" />
    <property name="env.NVM_BIN" value="/home/travis/.nvm/versions/node/v7.10.1/bin" />
    <property name="env.TRAVIS_COMMIT" value="cd4ff6d449800182dfc80854051f8b0a72cade14" />
    <property name="env._system_arch" value="x86_64" />
    <property name="node.executable" value="node" />
    <property name="sun.boot.library.path" value="/usr/lib/jvm/java-8-oracle/jre/lib/amd64" />
    <property name="sun.management.compiler" value="HotSpot 64-Bit Tiered Compilers" />
    <property name="env.GOPATH" value="/home/travis/gopath" />
    <property name="java.awt.graphicsenv" value="sun.awt.X11GraphicsEnvironment" />
    <property name="ptolemy.ptII.dir" value="/home/travis/build/icyphy/ptII" />
    <property name="env.USER" value="travis" />
    <property name="env.HISTFILESIZE" value="2000" />
    <property name="timeout.longest" value="19000000" />
    <property name="env.TRAVIS_STACK_FEATURES" value="basic cassandra chromium couchdb disabled-ipv6 docker docker-compose elasticsearch firefox go-toolchain google-chrome jdk memcached mongodb mysql neo4j nodejs_interpreter perl_interpreter perlbrew phantomjs postgresql python_interpreter rabbitmq redis riak ruby_interpreter sqlite xserver" />
    <property name="env.TRAVIS_PULL_REQUEST" value="false" />
    <property name="env.PYENV_SHELL" value="bash" />
    <property name="ant.project.name" value="ptII" />
    <property name="java.vm.specification.version" value="1.8" />
    <property name="env.ANSI_RESET" value="\033[0m" />
    <property name="env.TRAVIS_DIST" value="trusty" />
    <property name="env.CERTI_VERSION" value="4.0.0" />
    <property name="env.NLSPATH" value="/usr/dt/lib/nls/msg/%L/%N.cat" />
    <property name="awt.toolkit" value="sun.awt.X11.XToolkit" />
    <property name="env.CERTI_HOST" value="localhost" />
    <property name="env.MY_RUBY_HOME" value="/home/travis/.rvm/rubies/ruby-2.4.1" />
    <property name="sun.cpu.isalist" value="" />
    <property name="env.TRAVIS_TMPDIR" value="/tmp/tmp.VJFr5ZQW3g" />
    <property name="java.ext.dirs" value="/usr/lib/jvm/java-8-oracle/jre/lib/ext:/usr/java/packages/lib/ext" />
    <property name="os.version" value="4.4.0-101-generic" />
    <property name="user.home" value="/home/travis" />
    <property name="env.MIX_ARCHIVES" value="/home/travis/.kiex/mix/elixir-1.4.5" />
    <property name="java.vm.vendor" value="Oracle Corporation" />
    <property name="env.TRAVIS_TAG" value="nightly" />
    <property name="env.ANSI_YELLOW" value="\033[33;1m" />
    <property name="env.TRAVIS_FILTERED" value="redirect_io" />
    <property name="env.ANSI_GREEN" value="\033[32;1m" />
    <property name="env.JAVA_HOME" value="/usr/lib/jvm/java-8-oracle" />
    <property name="env.PTII" value="/home/travis/build/icyphy/ptII" />
    <property name="javadoc.excludepackagenames" value="adm.cvs2svn.*,build.*,config.*,doc.coding.templates.*,jni.test.jni.meaningOfLife.*,jni.test.jni.testDeux.*,jni.test.jni.testTrois.*,org.terraswarm.accessor.accessors.web.node_modules.*,org.terraswarm.accessor.accessors.web.hosts.cordova.demo.*,org.terraswarm.accessor.accessors.web.hosts.cordova.plugins.*,org.terraswarm.accessor.accessors-svn.*,pt-modules.*,ptolemy.apps.agilent.*,ptolemy.apps.anytimecontrol.*,ptolemy.apps.apes.*,ptolemy.apps.charon.*,ptolemy.apps.crazyboard.*,ptolemy.apps.eclipse.*,ptolemy.apps.etherealSting.*,ptolemy.apps.fullscreen.*,ptolemy.apps.giotto.*,ptolemy.apps.ia.*,ptolemy.apps.interfaces.*,ptolemy.apps.jmf.*,ptolemy.apps.kurt.*,ptolemy.apps.kvm.*,ptolemy.apps.lego.*,ptolemy.apps.lejos.*,ptolemy.apps.midp.*,ptolemy.apps.mobileCoding.*,ptolemy.apps.pendulum.*,ptolemy.apps.rijndael.*,ptolemy.apps.robot.*,ptolemy.apps.security.*,ptolemy.apps.sobel.*,ptolemy.apps.soot.*,ptolemy.apps.throttle.*,ptolemy.apps.tini.*,ptolemy.apps.transmission.*,ptolemy.apps.vergil.*,ptolemy.apps.waba.*,ptolemy.apps.websensor.*,ptolemy.apps.webstart.*,ptolemy.apps.xsl.*,ptolemy.apps.zaurus.*,ptolemy.codegen.c.actor.lib.oldJavaFiles.*,ptolemy.codegen.dsp.lib.*,ptolemy.codegen.kernel.newInterfaces.*,ptolemy.codegen.lib.*,ptolemy.copernicus.kernel.fragment.*,ptolemy.copernicus.shallow.cg.*,ptolemy.domains.giotto.demo.Hierarchy.Hierarchy.*,ptolemy.domains.giotto.demo.Multimode.Multimode.*,ptolemy.domains.giotto.demo.Simple.Simple.*,ptolemy.domains.gr.lib.experimental.*,ptolemy.domains.gro.*,ptolemy.domains.pdf.*,ptolemy.domains.ptinyos.demo.Surge.output.*,ptolemy.moml.test.NoPackageActor.java*,ptolemy.plot.adm.*,ptolemy.plot.servlet.*,reports.*,signed.*,src.*,target.*,vendors.*,ptolemy.apps.eclipse.awt.*,ptolemy.backtrack.*,ptolemy.backtrack.ast.*,ptolemy.cg.adapter.generic.program.procedural.c.mbed*,ptolemy.homer.*,org.ptolemy.scala.*,diva.util.java2d.svg.*,ptolemy.domains.ptinyos.*,ptolemy.actor.lib.fmi.fmipp.*,,org.terraswarm.accessor.accessors.web.node_modules.*,org.terraswarm.accessor.accessors-svn,ptolemy.apps.*,ptolemy.actor.ptalon.demo.ptinyos.SendAndReceiveCnt.output,ptolemy.actor.ptalon.demo.ptinyos.SenseToLeds.output,ptolemy.domains.ptinyos.demo.CntToLedsAndRfm.output,ptolemy.domains.ptinyos.demo.RfmToLeds.output,ptolemy.domains.ptinyos.demo.SendAndReceiveCnt.output,ptolemy.domains.ptinyos.demo.SenseToLeds.output,ptolemy.actor.lib.jjs.modules.udpSocket.*" />
    <property name="env.TRAVIS_COMMIT_MESSAGE" value=" Updating models with new HlaManager icon in models/StaticMultiInstanceJoker." />
    <property name="keystore" value="ptKeystore" />
    <property name="env.XDG_SESSION_ID" value="2" />
    <property name="junit.output.dir" value="/home/travis/build/icyphy/ptII/reports/junit" />
    <property name="npm.return.code" value="0" />
    <property name="user.dir" value="/home/travis/build/icyphy/ptII/ptolemy/actor/lib/test" />
    <property name="env.TRAVIS_NODE_VERSION" value="7" />
    <property name="env.XFILESEARCHPATH" value="/usr/dt/app-defaults/%L/Dt" />
    <property name="env.TRAVIS_EVENT_TYPE" value="push" />
    <property name="env.MAIL" value="/var/mail/travis" />
    <property name="env.PWD" value="/home/travis/build/icyphy/ptII" />
    <property name="env.PERLBREW_ROOT" value="/home/travis/perl5/perlbrew" />
    <property name="timeout.npm" value="45000" />
    <property name="env.TRAVIS_ARCH" value="amd64" />
    <property name="env.PAGER" value="cat" />
    <property name="sun.cpu.endian" value="little" />
    <property name="env.TRAVIS_BUILD_STAGE_NAME" value="Test" />
    <property name="env.PERLBREW_HOME" value="/home/travis/.perlbrew" />
    <property name="env.RAILS_ENV" value="test" />
    <property name="java.vm.version" value="25.151-b12" />
    <property name="java.class.path" value="/home/travis/.ptolemyII:/home/travis/.ptolemyII/*:/home/travis/build/icyphy/ptII:/home/travis/build/icyphy/ptII/lib/bsh-2.0b4.jar:/home/travis/build/icyphy/ptII/lib/ptCal.jar:/home/travis/build/icyphy/ptII/lib/java_cup.jar:/home/travis/build/icyphy/ptII/lib/saxon8.jar:/home/travis/build/icyphy/ptII/lib/saxon8-dom.jar:/home/travis/build/icyphy/ptII/lib/chic.jar:/home/travis/build/icyphy/ptII/lib/ptcolt.jar:/usr/lib/jvm/java-8-oracle/lib/tools.jar:/home/travis/build/icyphy/ptII/vendors/misc/itext/iText.jar:/home/travis/build/icyphy/ptII/lib/g4ltl.jar:/home/travis/build/icyphy/ptII/lib/StructuralCoder.jar:/home/travis/build/icyphy/ptII/vendors/jai-1_1_2_01/lib/jai_core.jar:/home/travis/build/icyphy/ptII/vendors/jai-1_1_2_01/lib/jai_codec.jar:/home/travis/build/icyphy/ptII/lib/jcerti.jar:/home/travis/build/icyphy/ptII/lib/javax.mail.jar:/home/travis/build/icyphy/ptII/vendors/JMF-2.1.1e/lib/jmf.jar:/home/travis/build/icyphy/ptII/lib/jna-4.0.0-variadic.jar:/home/travis/build/icyphy/ptII/vendors/misc/joystick/Joystick.jar:/home/travis/build/icyphy/ptII/lib/ptjacl.jar:/home/travis/build/icyphy/ptII/lib/jsoup-1.8.2.jar:/home/travis/build/icyphy/ptII/lib/junit-4.8.2.jar:/home/travis/build/icyphy/ptII/lib/JUnitParams-0.4.0.jar:/home/travis/build/icyphy/ptII/ptolemy/actor/lib/excel/jxl.jar:/home/travis/build/icyphy/ptII/lib/jython.jar:/home/travis/build/icyphy/ptII/lib/kieler.jar:/home/travis/build/icyphy/ptII/vendors/opencv/share/OpenCV/java/opencv-341.jar:/home/travis/build/icyphy/ptII/lib/oscP5.jar:/home/travis/build/icyphy/ptII/lib/nrjavaserial-3.11.0.devel.jar:/home/travis/build/icyphy/ptII/vendors/j3d/lib/j3dcore.jar:/home/travis/build/icyphy/ptII/vendors/j3d/lib/j3dutils.jar:/home/travis/build/icyphy/ptII/vendors/j3d/lib/vecmath.jar:/home/travis/build/icyphy/ptII/ptolemy/distributed/jini/jar/jini-core.jar:/home/travis/build/icyphy/ptII/ptolemy/distributed/jini/jar/jini-ext.jar:/home/travis/build/icyphy/ptII/ptolemy/distributed/jini/jar/sun-util.jar:/home/travis/build/icyphy/ptII/lib/protobuf-java-2.4.1.jar:/home/travis/build/icyphy/ptII/lib/org.eclipse.paho.client.mqttv3.jar:/home/travis/build/icyphy/ptII/lib/mapss.jar:/home/travis/build/icyphy/ptII/ptolemy/actor/ptalon/antlr/antlr.jar:/home/travis/build/icyphy/ptII/lib/JRI.jar:/home/travis/build/icyphy/ptII/lib/commons-lang-2.6.jar:/home/travis/build/icyphy/ptII/lib/commons-logging-1.1.1.jar:/home/travis/build/icyphy/ptII/lib/sootclasses.jar:/home/travis/build/icyphy/ptII/ptolemy/actor/lib/database/mysql-connector-java-5.1.6-bin.jar:/home/travis/build/icyphy/ptII/vendors/misc/sphinx4/sphinx4-data-5prealpha.jar:/home/travis/build/icyphy/ptII/vendors/misc/sphinx4/sphinx4-core-5prealpha.jar:/home/travis/build/icyphy/ptII/lib/PDFRenderer.jar:/home/travis/build/icyphy/ptII/lib/svgSalamander.jar:/home/travis/build/icyphy/ptII/lib/rsyntaxtextarea-2.6.0-SNAPSHOT.jar:/home/travis/build/icyphy/ptII/lib/hazelcast-3.8.2.jar:/home/travis/build/icyphy/ptII/lib/jackson-annotations-2.9.0.jar:/home/travis/build/icyphy/ptII/lib/jackson-core-2.9.3.jar:/home/travis/build/icyphy/ptII/lib/jackson-databind-2.9.3.jar:/home/travis/build/icyphy/ptII/lib/netty-buffer-4.1.19.Final.jar:/home/travis/build/icyphy/ptII/lib/netty-codec-4.1.19.Final.jar:/home/travis/build/icyphy/ptII/lib/netty-codec-dns-4.1.19.Final.jar:/home/travis/build/icyphy/ptII/lib/netty-codec-http-4.1.19.Final.jar:/home/travis/build/icyphy/ptII/lib/netty-codec-http2-4.1.19.Final.jar:/home/travis/build/icyphy/ptII/lib/netty-common-4.1.19.Final.jar:/home/travis/build/icyphy/ptII/lib/netty-handler-4.1.19.Final.jar:/home/travis/build/icyphy/ptII/lib/netty-resolver-4.1.19.Final.jar:/home/travis/build/icyphy/ptII/lib/netty-resolver-dns-4.1.19.Final.jar:/home/travis/build/icyphy/ptII/lib/netty-transport-4.1.19.Final.jar:/home/travis/build/icyphy/ptII/lib/vertx-codegen-3.5.1.jar:/home/travis/build/icyphy/ptII/lib/vertx-core-3.5.2-SNAPSHOT.jar:/home/travis/build/icyphy/ptII/lib/vertx-hazelcast-3.5.1.jar:/home/travis/build/icyphy/ptII/lib/vertx-lang-js-3.5.1.jar:/home/travis/build/icyphy/ptII/lib/vertx-service-proxy-3.5.1.jar:/home/travis/build/icyphy/ptII/lib/vertx-web-3.5.1.jar:/home/travis/build/icyphy/ptII/lib/slf4j-api-1.7.13.jar:/home/travis/build/icyphy/ptII/lib/slf4j-simple-1.7.13.jar:/home/travis/build/icyphy/ptII/lib/webcam-capture-0.3.12.jar:/home/travis/build/icyphy/ptII/lib/bridj-0.7.0.jar:/home/travis/build/icyphy/ptII/lib/xbjlib-1.1.0.nrjavaserial.jar:/home/travis/build/icyphy/ptII/ptolemy/moml/test:/home/travis/build/icyphy/ptII/ant/lib/ant-launcher.jar:/home/travis/build/icyphy/ptII/ant/lib/ant.jar:/home/travis/build/icyphy/ptII/ant/lib/ant-junit.jar:/home/travis/build/icyphy/ptII/ant/lib/ant-junit4.jar" />
    <property name="ant.library.dir" value="/home/travis/build/icyphy/ptII/ant/lib" />
    <property name="os.arch" value="amd64" />
    <property name="env.TRAVIS_LANGUAGE" value="node_js" />
    <property name="env.CONTINUOUS_INTEGRATION" value="true" />
    <property name="env.TRAVIS_STACK_LANGUAGES" value="__garnet__ c c++ clojure cplusplus cpp default go groovy java node_js php pure_java python ruby scala" />
    <property name="test.name" value="ptolemy.actor.lib.test.junit.JUnitTclTest" />
    <property name="sun.java.launcher" value="SUN_STANDARD" />
    <property name="env.PYTHON_CONFIGURE_OPTS" value="--enable-unicode=ucs4 --with-wide-unicode --enable-shared --enable-ipv6 --enable-loadable-sqlite-extensions --with-computed-gotos" />
    <property name="ant.core.lib" value="/home/travis/build/icyphy/ptII/ant/lib/ant.jar" />
    <property name="java.vm.specification.vendor" value="Oracle Corporation" />
    <property name="env.BCVTB_HOME" value="/home/travis/build/icyphy/ptII/lbnl" />
    <property name="file.separator" value="/" />
    <property name="spotbugs.home" value="/home/travis/build/icyphy/ptII/vendors/spotbugs-3.1.1" />
    <property name="java.runtime.version" value="1.8.0_151-b12" />
    <property name="sun.boot.class.path" value="/usr/lib/jvm/java-8-oracle/jre/lib/resources.jar:/usr/lib/jvm/java-8-oracle/jre/lib/rt.jar:/usr/lib/jvm/java-8-oracle/jre/lib/sunrsasign.jar:/usr/lib/jvm/java-8-oracle/jre/lib/jsse.jar:/usr/lib/jvm/java-8-oracle/jre/lib/jce.jar:/usr/lib/jvm/java-8-oracle/jre/lib/charsets.jar:/usr/lib/jvm/java-8-oracle/jre/lib/jfr.jar:/usr/lib/jvm/java-8-oracle/jre/classes" />
    <property name="env.ANSI_CLEAR" value="\033[0K" />
    <property name="env.HAS_JOSH_K_SEAL_OF_APPROVAL" value="true" />
    <property name="env.XDG_RUNTIME_DIR" value="/run/user/2000" />
    <property name="env.TRAVIS_OSX_IMAGE" value="" />
    <property name="env.TRAVIS_BRANCH" value="master" />
    <property name="env.TRAVIS_JOB_ID" value="506295783" />
    <property name="user.country" value="US" />
    <property name="env.CERTI_HOME_TRAVIS" value="/home/travis/pthla/certi-tools" />
    <property name="env.SHELL" value="/bin/bash" />
    <property name="java.maxmemory.large" value="5000m" />
    <property name="model" value="" />
    <property name="env.CASHER_DIR" value="/home/travis/.casher" />
    <property name="env.NVM_CD_FLAGS" value="" />
    <property name="jshint.executable" value="/home/travis/node_modules/jshint/bin/jshint" />
    <property name="java.vendor" value="Oracle Corporation" />
    <property name="env.JRUBY_OPTS" value=" --client -J-XX:+TieredCompilation -J-XX:TieredStopAtLevel=1 -J-Xss2m -Xcompile.invokedynamic=false" />
    <property name="env.TRAVIS_PRE_CHEF_BOOTSTRAP_TIME" value="2017-12-05T19:32:55" />
    <property name="env.TRAVIS_STACK_JOB_BOARD_REGISTER" value="/.job-board-register.yml" />
    <property name="env.ELIXIR_VERSION" value="1.4.5" />
    <property name="env.ANSI_RED" value="\033[31;1m" />
    <property name="java.specification.version" value="1.8" />
    <property name="env.TRAVIS" value="true" />
    <property name="env.IRBRC" value="/home/travis/.rvm/rubies/ruby-2.4.1/.irbrc" />
    <property name="sun.arch.data.model" value="64" />
  </properties>
  <testcase classname="ptolemy.util.test.junit.TclTests" name="[0] /home/travis/build/icyphy/ptII/ptolemy/actor/lib/test/AbsoluteValue.tcl (RunTclFile)" time="0.48" />
  <testcase classname="ptolemy.util.test.junit.TclTests" name="[1] /home/travis/build/icyphy/ptII/ptolemy/actor/lib/test/AddSubtract.tcl (RunTclFile)" time="0.089" />
  <testcase classname="ptolemy.util.test.junit.TclTests" name="[2] /home/travis/build/icyphy/ptII/ptolemy/actor/lib/test/Average.tcl (RunTclFile)" time="0.05" />
  <testcase classname="ptolemy.util.test.junit.TclTests" name="[3] /home/travis/build/icyphy/ptII/ptolemy/actor/lib/test/Bernoulli.tcl (RunTclFile)" time="0.036" />
  <testcase classname="ptolemy.util.test.junit.TclTests" name="[4] /home/travis/build/icyphy/ptII/ptolemy/actor/lib/test/Clock.tcl (RunTclFile)" time="0.119" />
  <testcase classname="ptolemy.util.test.junit.TclTests" name="[5] /home/travis/build/icyphy/ptII/ptolemy/actor/lib/test/Commutator.tcl (RunTclFile)" time="0.122" />
  <testcase classname="ptolemy.util.test.junit.TclTests" name="[6] /home/travis/build/icyphy/ptII/ptolemy/actor/lib/test/Const.tcl (RunTclFile)" time="0.136" />
  <testcase classname="ptolemy.util.test.junit.TclTests" name="[7] /home/travis/build/icyphy/ptII/ptolemy/actor/lib/test/CurrentTime.tcl (RunTclFile)" time="0.039" />
  <testcase classname="ptolemy.util.test.junit.TclTests" name="[8] /home/travis/build/icyphy/ptII/ptolemy/actor/lib/test/DB.tcl (RunTclFile)" time="0.035" />
  <testcase classname="ptolemy.util.test.junit.TclTests" name="[9] /home/travis/build/icyphy/ptII/ptolemy/actor/lib/test/DiscreteRandomSource.tcl (RunTclFile)" time="0.057" />
  <testcase classname="ptolemy.util.test.junit.TclTests" name="[10] /home/travis/build/icyphy/ptII/ptolemy/actor/lib/test/Distributor.tcl (RunTclFile)" time="0.077" />
  <testcase classname="ptolemy.util.test.junit.TclTests" name="[11] /home/travis/build/icyphy/ptII/ptolemy/actor/lib/test/Exit.tcl (RunTclFile)" time="0.06" />
  <testcase classname="ptolemy.util.test.junit.TclTests" name="[12] /home/travis/build/icyphy/ptII/ptolemy/actor/lib/test/Expression.tcl (RunTclFile)" time="0.094" />
  <testcase classname="ptolemy.util.test.junit.TclTests" name="[13] /home/travis/build/icyphy/ptII/ptolemy/actor/lib/test/Gaussian.tcl (RunTclFile)" time="1.038" />
  <testcase classname="ptolemy.util.test.junit.TclTests" name="[14] /home/travis/build/icyphy/ptII/ptolemy/actor/lib/test/IIR.tcl (RunTclFile)" time="0.059" />
  <testcase classname="ptolemy.util.test.junit.TclTests" name="[15] /home/travis/build/icyphy/ptII/ptolemy/actor/lib/test/Interpolator.tcl (RunTclFile)" time="0.111" />
  <testcase classname="ptolemy.util.test.junit.TclTests" name="[16] /home/travis/build/icyphy/ptII/ptolemy/actor/lib/test/MathFunction.tcl (RunTclFile)" time="0.08" />
  <testcase classname="ptolemy.util.test.junit.TclTests" name="[17] /home/travis/build/icyphy/ptII/ptolemy/actor/lib/test/Maximum.tcl (RunTclFile)" time="0.046" />
  <testcase classname="ptolemy.util.test.junit.TclTests" name="[18] /home/travis/build/icyphy/ptII/ptolemy/actor/lib/test/Minimum.tcl (RunTclFile)" time="0.03" />
  <testcase classname="ptolemy.util.test.junit.TclTests" name="[19] /home/travis/build/icyphy/ptII/ptolemy/actor/lib/test/MultiplyDivide.tcl (RunTclFile)" time="0.044" />
  <testcase classname="ptolemy.util.test.junit.TclTests" name="[20] /home/travis/build/icyphy/ptII/ptolemy/actor/lib/test/OrderedMerge.tcl (RunTclFile)" time="0.093" />
  <testcase classname="ptolemy.util.test.junit.TclTests" name="[21] /home/travis/build/icyphy/ptII/ptolemy/actor/lib/test/Publisher.tcl (RunTclFile)" time="0.724" />
  <testcase classname="ptolemy.util.test.junit.TclTests" name="[22] /home/travis/build/icyphy/ptII/ptolemy/actor/lib/test/Pulse.tcl (RunTclFile)" time="0.067" />
  <testcase classname="ptolemy.util.test.junit.TclTests" name="[23] /home/travis/build/icyphy/ptII/ptolemy/actor/lib/test/Ramp.tcl (RunTclFile)" time="1.786" />
  <testcase classname="ptolemy.util.test.junit.TclTests" name="[24] /home/travis/build/icyphy/ptII/ptolemy/actor/lib/test/RampContinuous.tcl (RunTclFile)" time="0.018" />
  <testcase classname="ptolemy.util.test.junit.TclTests" name="[25] /home/travis/build/icyphy/ptII/ptolemy/actor/lib/test/RecordAssembler.tcl (RunTclFile)" time="0.018" />
  <testcase classname="ptolemy.util.test.junit.TclTests" name="[26] /home/travis/build/icyphy/ptII/ptolemy/actor/lib/test/RecordDisassembler.tcl (RunTclFile)" time="0.023" />
  <testcase classname="ptolemy.util.test.junit.TclTests" name="[27] /home/travis/build/icyphy/ptII/ptolemy/actor/lib/test/Scale.tcl (RunTclFile)" time="0.035" />
  <testcase classname="ptolemy.util.test.junit.TclTests" name="[28] /home/travis/build/icyphy/ptII/ptolemy/actor/lib/test/SequentialClock.tcl (RunTclFile)" time="0.016" />
  <testcase classname="ptolemy.util.test.junit.TclTests" name="[29] /home/travis/build/icyphy/ptII/ptolemy/actor/lib/test/SetVariable.tcl (RunTclFile)" time="0.015" />
  <testcase classname="ptolemy.util.test.junit.TclTests" name="[30] /home/travis/build/icyphy/ptII/ptolemy/actor/lib/test/Sinewave.tcl (RunTclFile)" time="0.05" />
  <testcase classname="ptolemy.util.test.junit.TclTests" name="[31] /home/travis/build/icyphy/ptII/ptolemy/actor/lib/test/SubscriptionAggregator.tcl (RunTclFile)" time="1.97" />
  <testcase classname="ptolemy.util.test.junit.TclTests" name="[32] /home/travis/build/icyphy/ptII/ptolemy/actor/lib/test/Test.tcl (RunTclFile)" time="0.113" />
  <testcase classname="ptolemy.util.test.junit.TclTests" name="[33] /home/travis/build/icyphy/ptII/ptolemy/actor/lib/test/TestExceptionHandler.tcl (RunTclFile)" time="0.013" />
  <testcase classname="ptolemy.util.test.junit.TclTests" name="[34] /home/travis/build/icyphy/ptII/ptolemy/actor/lib/test/UnionDisassembler.tcl (RunTclFile)" time="0.149" />
  <testcase classname="ptolemy.util.test.junit.TclTests" name="[35] /home/travis/build/icyphy/ptII/ptolemy/actor/lib/test/VariableClock.tcl (RunTclFile)" time="0.031" />
  <testcase classname="ptolemy.util.test.junit.AutoKnownFailedTests" name="[0] /home/travis/build/icyphy/ptII/ptolemy/actor/lib/test/auto/knownFailedTests/PublisherPortToplevelSubscriber.xml (RunModel)" time="0.022" />
  <testcase classname="ptolemy.util.test.junit.AutoKnownFailedTests" name="[1] /home/travis/build/icyphy/ptII/ptolemy/actor/lib/test/auto/knownFailedTests/PublisherSubscriberPortToplevel.xml (RunModel)" time="0.018" />
  <testcase classname="ptolemy.util.test.junit.AutoKnownFailedTests" name="[2] /home/travis/build/icyphy/ptII/ptolemy/actor/lib/test/auto/knownFailedTests/PublisherSubscriptionAggregatorPort.xml (RunModel)" time="0.02" />
  <testcase classname="ptolemy.util.test.junit.AutoKnownFailedTests" name="[3] /home/travis/build/icyphy/ptII/ptolemy/actor/lib/test/auto/knownFailedTests/sizedarray3.xml (RunModel)" time="0.024" />
  <testcase classname="ptolemy.util.test.junit.AutoNameArchTests" name="[0] ThereAreNoAutoArchTests (RunModel)" time="0.001" />
  <testcase classname="ptolemy.util.test.junit.AutoTests" name="[0] /home/travis/build/icyphy/ptII/ptolemy/actor/lib/test/auto/AbsoluteValue.xml (RunModel)" time="0.107" />
  <testcase classname="ptolemy.util.test.junit.AutoTests" name="[1] /home/travis/build/icyphy/ptII/ptolemy/actor/lib/test/auto/AbsoluteValue2.xml (RunModel)" time="0.063" />
  <testcase classname="ptolemy.util.test.junit.AutoTests" name="[2] /home/travis/build/icyphy/ptII/ptolemy/actor/lib/test/auto/Accumulator.xml (RunModel)" time="0.081" />
  <testcase classname="ptolemy.util.test.junit.AutoTests" name="[3] /home/travis/build/icyphy/ptII/ptolemy/actor/lib/test/auto/Accumulator2.xml (RunModel)" time="0.043" />
  <testcase classname="ptolemy.util.test.junit.AutoTests" name="[4] /home/travis/build/icyphy/ptII/ptolemy/actor/lib/test/auto/Accumulator3.xml (RunModel)" time="0.038" />
  <testcase classname="ptolemy.util.test.junit.AutoTests" name="[5] /home/travis/build/icyphy/ptII/ptolemy/actor/lib/test/auto/ArrayAppend.xml (RunModel)" time="0.038" />
  <testcase classname="ptolemy.util.test.junit.AutoTests" name="[6] /home/travis/build/icyphy/ptII/ptolemy/actor/lib/test/auto/ArrayAppend2.xml (RunModel)" time="0.481" />
  <testcase classname="ptolemy.util.test.junit.AutoTests" name="[7] /home/travis/build/icyphy/ptII/ptolemy/actor/lib/test/auto/ArrayAppend3.xml (RunModel)" time="0.02" />
  <testcase classname="ptolemy.util.test.junit.AutoTests" name="[8] /home/travis/build/icyphy/ptII/ptolemy/actor/lib/test/auto/ArrayAppend4.xml (RunModel)" time="0.018" />
  <testcase classname="ptolemy.util.test.junit.AutoTests" name="[9] /home/travis/build/icyphy/ptII/ptolemy/actor/lib/test/auto/ArrayAppend5.xml (RunModel)" time="0.03" />
  <testcase classname="ptolemy.util.test.junit.AutoTests" name="[10] /home/travis/build/icyphy/ptII/ptolemy/actor/lib/test/auto/ArrayAppend6.xml (RunModel)" time="0.021" />
  <testcase classname="ptolemy.util.test.junit.AutoTests" name="[11] /home/travis/build/icyphy/ptII/ptolemy/actor/lib/test/auto/ArrayAppendPerformanceTest.xml (RunModel)" time="0.05" />
  <testcase classname="ptolemy.util.test.junit.AutoTests" name="[12] /home/travis/build/icyphy/ptII/ptolemy/actor/lib/test/auto/ArrayAppendWithEmptyInput.xml (RunModel)" time="0.036" />
  <testcase classname="ptolemy.util.test.junit.AutoTests" name="[13] /home/travis/build/icyphy/ptII/ptolemy/actor/lib/test/auto/ArrayAverage.xml (RunModel)" time="0.064" />
  <testcase classname="ptolemy.util.test.junit.AutoTests" name="[14] /home/travis/build/icyphy/ptII/ptolemy/actor/lib/test/auto/ArrayContains.xml (RunModel)" time="0.029" />
  <testcase classname="ptolemy.util.test.junit.AutoTests" name="[15] /home/travis/build/icyphy/ptII/ptolemy/actor/lib/test/auto/ArrayElement.xml (RunModel)" time="0.032" />
  <testcase classname="ptolemy.util.test.junit.AutoTests" name="[16] /home/travis/build/icyphy/ptII/ptolemy/actor/lib/test/auto/ArrayElementAsMatrix.xml (RunModel)" time="0.068" />
  <testcase classname="ptolemy.util.test.junit.AutoTests" name="[17] /home/travis/build/icyphy/ptII/ptolemy/actor/lib/test/auto/ArrayElementI.xml (RunModel)" time="0.043" />
  <testcase classname="ptolemy.util.test.junit.AutoTests" name="[18] /home/travis/build/icyphy/ptII/ptolemy/actor/lib/test/auto/ArrayExtract.xml (RunModel)" time="0.043" />
  <testcase classname="ptolemy.util.test.junit.AutoTests" name="[19] /home/travis/build/icyphy/ptII/ptolemy/actor/lib/test/auto/ArrayExtract2.xml (RunModel)" time="0.064" />
  <testcase classname="ptolemy.util.test.junit.AutoTests" name="[20] /home/travis/build/icyphy/ptII/ptolemy/actor/lib/test/auto/ArrayLength.xml (RunModel)" time="0.035" />
  <testcase classname="ptolemy.util.test.junit.AutoTests" name="[21] /home/travis/build/icyphy/ptII/ptolemy/actor/lib/test/auto/ArrayLevelCrossing.xml (RunModel)" time="0.045" />
  <testcase classname="ptolemy.util.test.junit.AutoTests" name="[22] /home/travis/build/icyphy/ptII/ptolemy/actor/lib/test/auto/ArrayLevelCrossing2.xml (RunModel)" time="0.025" />
  <testcase classname="ptolemy.util.test.junit.AutoTests" name="[23] /home/travis/build/icyphy/ptII/ptolemy/actor/lib/test/auto/ArrayPeakSearch.xml (RunModel)" time="0.044" />
  <testcase classname="ptolemy.util.test.junit.AutoTests" name="[24] /home/travis/build/icyphy/ptII/ptolemy/actor/lib/test/auto/ArrayPeakSearch2.xml (RunModel)" time="0.037" />
  <testcase classname="ptolemy.util.test.junit.AutoTests" name="[25] /home/travis/build/icyphy/ptII/ptolemy/actor/lib/test/auto/ArrayPeakSearch3.xml (RunModel)" time="0.036" />
  <testcase classname="ptolemy.util.test.junit.AutoTests" name="[26] /home/travis/build/icyphy/ptII/ptolemy/actor/lib/test/auto/ArrayRemoveElement.xml (RunModel)" time="0.037" />
  <testcase classname="ptolemy.util.test.junit.AutoTests" name="[27] /home/travis/build/icyphy/ptII/ptolemy/actor/lib/test/auto/ArraySort.xml (RunModel)" time="0.035" />
  <testcase classname="ptolemy.util.test.junit.AutoTests" name="[28] /home/travis/build/icyphy/ptII/ptolemy/actor/lib/test/auto/ArraySum.xml (RunModel)" time="0.027" />
  <testcase classname="ptolemy.util.test.junit.AutoTests" name="[29] /home/travis/build/icyphy/ptII/ptolemy/actor/lib/test/auto/ArrayToElements.xml (RunModel)" time="0.025" />
  <testcase classname="ptolemy.util.test.junit.AutoTests" name="[30] /home/travis/build/icyphy/ptII/ptolemy/actor/lib/test/auto/ArrayToMatrix.xml (RunModel)" time="0.067" />
  <testcase classname="ptolemy.util.test.junit.AutoTests" name="[31] /home/travis/build/icyphy/ptII/ptolemy/actor/lib/test/auto/ArrayUpdate1.xml (RunModel)" time="0.031" />
  <testcase classname="ptolemy.util.test.junit.AutoTests" name="[32] /home/travis/build/icyphy/ptII/ptolemy/actor/lib/test/auto/ArrayUpdate2.xml (RunModel)" time="0.024" />
  <testcase classname="ptolemy.util.test.junit.AutoTests" name="[33] /home/travis/build/icyphy/ptII/ptolemy/actor/lib/test/auto/ArrayUpdate3.xml (RunModel)" time="0.017" />
  <testcase classname="ptolemy.util.test.junit.AutoTests" name="[34] /home/travis/build/icyphy/ptII/ptolemy/actor/lib/test/auto/Assert1.xml (RunModel)" time="0.024" />
  <testcase classname="ptolemy.util.test.junit.AutoTests" name="[35] /home/travis/build/icyphy/ptII/ptolemy/actor/lib/test/auto/Assert2.xml (RunModel)" time="0.018" />
  <testcase classname="ptolemy.util.test.junit.AutoTests" name="[36] /home/travis/build/icyphy/ptII/ptolemy/actor/lib/test/auto/BooleanMultiplexor.xml (RunModel)" time="0.016" />
  <testcase classname="ptolemy.util.test.junit.AutoTests" name="[37] /home/travis/build/icyphy/ptII/ptolemy/actor/lib/test/auto/BooleanMultiplexor2.xml (RunModel)" time="0.025" />
  <testcase classname="ptolemy.util.test.junit.AutoTests" name="[38] /home/travis/build/icyphy/ptII/ptolemy/actor/lib/test/auto/BooleanMultiplexor3.xml (RunModel)" time="0.025" />
  <testcase classname="ptolemy.util.test.junit.AutoTests" name="[39] /home/travis/build/icyphy/ptII/ptolemy/actor/lib/test/auto/BooleanSelect.xml (RunModel)" time="0.018" />
  <testcase classname="ptolemy.util.test.junit.AutoTests" name="[40] /home/travis/build/icyphy/ptII/ptolemy/actor/lib/test/auto/BooleanSelect2.xml (RunModel)" time="0.014" />
  <testcase classname="ptolemy.util.test.junit.AutoTests" name="[41] /home/travis/build/icyphy/ptII/ptolemy/actor/lib/test/auto/BooleanSwitch.xml (RunModel)" time="0.016" />
  <testcase classname="ptolemy.util.test.junit.AutoTests" name="[42] /home/travis/build/icyphy/ptII/ptolemy/actor/lib/test/auto/BooleanSwitch2.xml (RunModel)" time="0.012" />
  <testcase classname="ptolemy.util.test.junit.AutoTests" name="[43] /home/travis/build/icyphy/ptII/ptolemy/actor/lib/test/auto/BooleanSwitchCloningBugWithClassRelationGroup.xml (RunModel)" time="0.023" />
  <testcase classname="ptolemy.util.test.junit.AutoTests" name="[44] /home/travis/build/icyphy/ptII/ptolemy/actor/lib/test/auto/BusActors.xml (RunModel)" time="0.026" />
  <testcase classname="ptolemy.util.test.junit.AutoTests" name="[45] /home/travis/build/icyphy/ptII/ptolemy/actor/lib/test/auto/ClassWrapper.xml (RunModel)" time="0.012" />
  <testcase classname="ptolemy.util.test.junit.AutoTests" name="[46] /home/travis/build/icyphy/ptII/ptolemy/actor/lib/test/auto/Clock.xml (RunModel)" time="0.011" />
  <testcase classname="ptolemy.util.test.junit.AutoTests" name="[47] /home/travis/build/icyphy/ptII/ptolemy/actor/lib/test/auto/Clock10.xml (RunModel)" time="0.016" />
  <testcase classname="ptolemy.util.test.junit.AutoTests" name="[48] /home/travis/build/icyphy/ptII/ptolemy/actor/lib/test/auto/Clock11.xml (RunModel)" time="0.015" />
  <testcase classname="ptolemy.util.test.junit.AutoTests" name="[49] /home/travis/build/icyphy/ptII/ptolemy/actor/lib/test/auto/Clock12.xml (RunModel)" time="0.033" />
  <testcase classname="ptolemy.util.test.junit.AutoTests" name="[50] /home/travis/build/icyphy/ptII/ptolemy/actor/lib/test/auto/Clock13.xml (RunModel)" time="0.019" />
  <testcase classname="ptolemy.util.test.junit.AutoTests" name="[51] /home/travis/build/icyphy/ptII/ptolemy/actor/lib/test/auto/Clock14.xml (RunModel)" time="0.023" />
  <testcase classname="ptolemy.util.test.junit.AutoTests" name="[52] /home/travis/build/icyphy/ptII/ptolemy/actor/lib/test/auto/Clock15.xml (RunModel)" time="0.017" />
  <testcase classname="ptolemy.util.test.junit.AutoTests" name="[53] /home/travis/build/icyphy/ptII/ptolemy/actor/lib/test/auto/Clock16.xml (RunModel)" time="0.088" />
  <testcase classname="ptolemy.util.test.junit.AutoTests" name="[54] /home/travis/build/icyphy/ptII/ptolemy/actor/lib/test/auto/Clock17.xml (RunModel)" time="0.059" />
  <testcase classname="ptolemy.util.test.junit.AutoTests" name="[55] /home/travis/build/icyphy/ptII/ptolemy/actor/lib/test/auto/Clock18.xml (RunModel)" time="0.061" />
  <testcase classname="ptolemy.util.test.junit.AutoTests" name="[56] /home/travis/build/icyphy/ptII/ptolemy/actor/lib/test/auto/Clock19.xml (RunModel)" time="0.048" />
  <testcase classname="ptolemy.util.test.junit.AutoTests" name="[57] /home/travis/build/icyphy/ptII/ptolemy/actor/lib/test/auto/Clock2.xml (RunModel)" time="0.019" />
  <testcase classname="ptolemy.util.test.junit.AutoTests" name="[58] /home/travis/build/icyphy/ptII/ptolemy/actor/lib/test/auto/Clock20.xml (RunModel)" time="0.027" />
  <testcase classname="ptolemy.util.test.junit.AutoTests" name="[59] /home/travis/build/icyphy/ptII/ptolemy/actor/lib/test/auto/Clock21.xml (RunModel)" time="0.019" />
  <testcase classname="ptolemy.util.test.junit.AutoTests" name="[60] /home/travis/build/icyphy/ptII/ptolemy/actor/lib/test/auto/Clock22.xml (RunModel)" time="0.018" />
  <testcase classname="ptolemy.util.test.junit.AutoTests" name="[61] /home/travis/build/icyphy/ptII/ptolemy/actor/lib/test/auto/Clock23.xml (RunModel)" time="0.02" />
  <testcase classname="ptolemy.util.test.junit.AutoTests" name="[62] /home/travis/build/icyphy/ptII/ptolemy/actor/lib/test/auto/Clock24.xml (RunModel)" time="0.019" />
  <testcase classname="ptolemy.util.test.junit.AutoTests" name="[63] /home/travis/build/icyphy/ptII/ptolemy/actor/lib/test/auto/Clock4.xml (RunModel)" time="0.018" />
  <testcase classname="ptolemy.util.test.junit.AutoTests" name="[64] /home/travis/build/icyphy/ptII/ptolemy/actor/lib/test/auto/Clock5.xml (RunModel)" time="0.017" />
  <testcase classname="ptolemy.util.test.junit.AutoTests" name="[65] /home/travis/build/icyphy/ptII/ptolemy/actor/lib/test/auto/Clock6.xml (RunModel)" time="0.018" />
  <testcase classname="ptolemy.util.test.junit.AutoTests" name="[66] /home/travis/build/icyphy/ptII/ptolemy/actor/lib/test/auto/Clock7.xml (RunModel)" time="0.011" />
  <testcase classname="ptolemy.util.test.junit.AutoTests" name="[67] /home/travis/build/icyphy/ptII/ptolemy/actor/lib/test/auto/Clock8.xml (RunModel)" time="0.013" />
  <testcase classname="ptolemy.util.test.junit.AutoTests" name="[68] /home/travis/build/icyphy/ptII/ptolemy/actor/lib/test/auto/Clock9.xml (RunModel)" time="0.019" />
  <testcase classname="ptolemy.util.test.junit.AutoTests" name="[69] /home/travis/build/icyphy/ptII/ptolemy/actor/lib/test/auto/CommDistDiscard.xml (RunModel)" time="0.025" />
  <testcase classname="ptolemy.util.test.junit.AutoTests" name="[70] /home/travis/build/icyphy/ptII/ptolemy/actor/lib/test/auto/Commutator.xml (RunModel)" time="0.017" />
  <testcase classname="ptolemy.util.test.junit.AutoTests" name="[71] /home/travis/build/icyphy/ptII/ptolemy/actor/lib/test/auto/Commutator2.xml (RunModel)" time="0.013" />
  <testcase classname="ptolemy.util.test.junit.AutoTests" name="[72] /home/travis/build/icyphy/ptII/ptolemy/actor/lib/test/auto/Commutator3.xml (RunModel)" time="0.014" />
  <testcase classname="ptolemy.util.test.junit.AutoTests" name="[73] /home/travis/build/icyphy/ptII/ptolemy/actor/lib/test/auto/Compare.xml (RunModel)" time="0.021" />
  <testcase classname="ptolemy.util.test.junit.AutoTests" name="[74] /home/travis/build/icyphy/ptII/ptolemy/actor/lib/test/auto/CompareDE.xml (RunModel)" time="0.053" />
  <testcase classname="ptolemy.util.test.junit.AutoTests" name="[75] /home/travis/build/icyphy/ptII/ptolemy/actor/lib/test/auto/ComplexDivide.xml (RunModel)" time="0.01" />
  <testcase classname="ptolemy.util.test.junit.AutoTests" name="[76] /home/travis/build/icyphy/ptII/ptolemy/actor/lib/test/auto/ComputeHistogram.xml (RunModel)" time="0.071" />
  <testcase classname="ptolemy.util.test.junit.AutoTests" name="[77] /home/travis/build/icyphy/ptII/ptolemy/actor/lib/test/auto/ConfigurationSelect.xml (RunModel)" time="0.021" />
  <testcase classname="ptolemy.util.test.junit.AutoTests" name="[78] /home/travis/build/icyphy/ptII/ptolemy/actor/lib/test/auto/ConfigurationSelect2.xml (RunModel)" time="0.014" />
  <testcase classname="ptolemy.util.test.junit.AutoTests" name="[79] /home/travis/build/icyphy/ptII/ptolemy/actor/lib/test/auto/ConfigurationSwitch.xml (RunModel)" time="0.024" />
  <testcase classname="ptolemy.util.test.junit.AutoTests" name="[80] /home/travis/build/icyphy/ptII/ptolemy/actor/lib/test/auto/ConfigurationSwitch2.xml (RunModel)" time="0.023" />
  <testcase classname="ptolemy.util.test.junit.AutoTests" name="[81] /home/travis/build/icyphy/ptII/ptolemy/actor/lib/test/auto/ConfigurationSwitchCloningBugWithClassRelationGroup.xml (RunModel)" time="0.019" />
  <testcase classname="ptolemy.util.test.junit.AutoTests" name="[82] /home/travis/build/icyphy/ptII/ptolemy/actor/lib/test/auto/ConfigurationSwitchSelectSDF.xml (RunModel)" time="0.017" />
  <testcase classname="ptolemy.util.test.junit.AutoTests" name="[83] /home/travis/build/icyphy/ptII/ptolemy/actor/lib/test/auto/ConfigurationSwitchSelectSDF2.xml (RunModel)" time="0.014" />
  <testcase classname="ptolemy.util.test.junit.AutoTests" name="[84] /home/travis/build/icyphy/ptII/ptolemy/actor/lib/test/auto/Const.xml (RunModel)" time="0.007" />
  <testcase classname="ptolemy.util.test.junit.AutoTests" name="[85] /home/travis/build/icyphy/ptII/ptolemy/actor/lib/test/auto/Const2.xml (RunModel)" time="0.011" />
  <testcase classname="ptolemy.util.test.junit.AutoTests" name="[86] /home/travis/build/icyphy/ptII/ptolemy/actor/lib/test/auto/Const3.xml (RunModel)" time="0.007" />
  <testcase classname="ptolemy.util.test.junit.AutoTests" name="[87] /home/travis/build/icyphy/ptII/ptolemy/actor/lib/test/auto/ConstantPublisherPort1.xml (RunModel)" time="0.026" />
  <testcase classname="ptolemy.util.test.junit.AutoTests" name="[88] /home/travis/build/icyphy/ptII/ptolemy/actor/lib/test/auto/ConstantPublisherPort2.xml (RunModel)" time="0.023" />
  <testcase classname="ptolemy.util.test.junit.AutoTests" name="[89] /home/travis/build/icyphy/ptII/ptolemy/actor/lib/test/auto/ConstantPublisherPort3.xml (RunModel)" time="0.029" />
  <testcase classname="ptolemy.util.test.junit.AutoTests" name="[90] /home/travis/build/icyphy/ptII/ptolemy/actor/lib/test/auto/ConstantPublisherPort4.xml (RunModel)" time="0.016" />
  <testcase classname="ptolemy.util.test.junit.AutoTests" name="[91] /home/travis/build/icyphy/ptII/ptolemy/actor/lib/test/auto/ConstantPublisherPort5.xml (RunModel)" time="0.062" />
  <testcase classname="ptolemy.util.test.junit.AutoTests" name="[92] /home/travis/build/icyphy/ptII/ptolemy/actor/lib/test/auto/ConstantPublisherPort6.xml (RunModel)" time="0.035" />
  <testcase classname="ptolemy.util.test.junit.AutoTests" name="[93] /home/travis/build/icyphy/ptII/ptolemy/actor/lib/test/auto/ConstantPublisherPort7.xml (RunModel)" time="0.032" />
  <testcase classname="ptolemy.util.test.junit.AutoTests" name="[94] /home/travis/build/icyphy/ptII/ptolemy/actor/lib/test/auto/ConstraintMonitor1.xml (RunModel)" time="0.04" />
  <testcase classname="ptolemy.util.test.junit.AutoTests" name="[95] /home/travis/build/icyphy/ptII/ptolemy/actor/lib/test/auto/ConstraintMonitor2.xml (RunModel)" time="0.016" />
  <testcase classname="ptolemy.util.test.junit.AutoTests" name="[96] /home/travis/build/icyphy/ptII/ptolemy/actor/lib/test/auto/ConstraintMonitor3.xml (RunModel)" time="0.013" />
  <testcase classname="ptolemy.util.test.junit.AutoTests" name="[97] /home/travis/build/icyphy/ptII/ptolemy/actor/lib/test/auto/ConstraintMonitor4.xml (RunModel)" time="0.011" />
  <testcase classname="ptolemy.util.test.junit.AutoTests" name="[98] /home/travis/build/icyphy/ptII/ptolemy/actor/lib/test/auto/ConstraintMonitor5.xml (RunModel)" time="0.016" />
  <testcase classname="ptolemy.util.test.junit.AutoTests" name="[99] /home/travis/build/icyphy/ptII/ptolemy/actor/lib/test/auto/ConstraintMonitor6.xml (RunModel)" time="0.019" />
  <testcase classname="ptolemy.util.test.junit.AutoTests" name="[100] /home/travis/build/icyphy/ptII/ptolemy/actor/lib/test/auto/ConstraintMonitor7.xml (RunModel)" time="0.023" />
  <testcase classname="ptolemy.util.test.junit.AutoTests" name="[101] /home/travis/build/icyphy/ptII/ptolemy/actor/lib/test/auto/ConstraintMonitor8.xml (RunModel)" time="0.025" />
  <testcase classname="ptolemy.util.test.junit.AutoTests" name="[102] /home/travis/build/icyphy/ptII/ptolemy/actor/lib/test/auto/Counter.xml (RunModel)" time="0.014" />
  <testcase classname="ptolemy.util.test.junit.AutoTests" name="[103] /home/travis/build/icyphy/ptII/ptolemy/actor/lib/test/auto/CurrentTimeSDF.xml (RunModel)" time="0.012" />
  <testcase classname="ptolemy.util.test.junit.AutoTests" name="[104] /home/travis/build/icyphy/ptII/ptolemy/actor/lib/test/auto/DB.xml (RunModel)" time="0.015" />
  <testcase classname="ptolemy.util.test.junit.AutoTests" name="[105] /home/travis/build/icyphy/ptII/ptolemy/actor/lib/test/auto/DBDE.xml (RunModel)" time="0.024" />
  <testcase classname="ptolemy.util.test.junit.AutoTests" name="[106] /home/travis/build/icyphy/ptII/ptolemy/actor/lib/test/auto/DateConstructor.xml (RunModel)" time="0.064" />
  <testcase classname="ptolemy.util.test.junit.AutoTests" name="[107] /home/travis/build/icyphy/ptII/ptolemy/actor/lib/test/auto/DelayTime.xml (RunModel)" time="0.017" />
  <testcase classname="ptolemy.util.test.junit.AutoTests" name="[108] /home/travis/build/icyphy/ptII/ptolemy/actor/lib/test/auto/Dictionary1.xml (RunModel)" time="0.021" />
  <testcase classname="ptolemy.util.test.junit.AutoTests" name="[109] /home/travis/build/icyphy/ptII/ptolemy/actor/lib/test/auto/Dictionary2.xml (RunModel)" time="0.014" />
  <testcase classname="ptolemy.util.test.junit.AutoTests" name="[110] /home/travis/build/icyphy/ptII/ptolemy/actor/lib/test/auto/Dictionary3.xml (RunModel)" time="0.013" />
  <testcase classname="ptolemy.util.test.junit.AutoTests" name="[111] /home/travis/build/icyphy/ptII/ptolemy/actor/lib/test/auto/Dictionary4.xml (RunModel)" time="0.017" />
  <testcase classname="ptolemy.util.test.junit.AutoTests" name="[112] /home/travis/build/icyphy/ptII/ptolemy/actor/lib/test/auto/Differential.xml (RunModel)" time="0.011" />
  <testcase classname="ptolemy.util.test.junit.AutoTests" name="[113] /home/travis/build/icyphy/ptII/ptolemy/actor/lib/test/auto/Director.xml (RunModel)" time="0.013" />
  <testcase classname="ptolemy.util.test.junit.AutoTests" name="[114] /home/travis/build/icyphy/ptII/ptolemy/actor/lib/test/auto/DiscreteClock.xml (RunModel)" time="0.009" />
  <testcase classname="ptolemy.util.test.junit.AutoTests" name="[115] /home/travis/build/icyphy/ptII/ptolemy/actor/lib/test/auto/DiscreteClock10.xml (RunModel)" time="0.013" />
  <testcase classname="ptolemy.util.test.junit.AutoTests" name="[116] /home/travis/build/icyphy/ptII/ptolemy/actor/lib/test/auto/DiscreteClock11.xml (RunModel)" time="0.013" />
  <testcase classname="ptolemy.util.test.junit.AutoTests" name="[117] /home/travis/build/icyphy/ptII/ptolemy/actor/lib/test/auto/DiscreteClock12.xml (RunModel)" time="0.013" />
  <testcase classname="ptolemy.util.test.junit.AutoTests" name="[118] /home/travis/build/icyphy/ptII/ptolemy/actor/lib/test/auto/DiscreteClock13.xml (RunModel)" time="0.015" />
  <testcase classname="ptolemy.util.test.junit.AutoTests" name="[119] /home/travis/build/icyphy/ptII/ptolemy/actor/lib/test/auto/DiscreteClock14.xml (RunModel)" time="0.012" />
  <testcase classname="ptolemy.util.test.junit.AutoTests" name="[120] /home/travis/build/icyphy/ptII/ptolemy/actor/lib/test/auto/DiscreteClock15.xml (RunModel)" time="0.014" />
  <testcase classname="ptolemy.util.test.junit.AutoTests" name="[121] /home/travis/build/icyphy/ptII/ptolemy/actor/lib/test/auto/DiscreteClock16.xml (RunModel)" time="0.043" />
  <testcase classname="ptolemy.util.test.junit.AutoTests" name="[122] /home/travis/build/icyphy/ptII/ptolemy/actor/lib/test/auto/DiscreteClock17.xml (RunModel)" time="0.041" />
  <testcase classname="ptolemy.util.test.junit.AutoTests" name="[123] /home/travis/build/icyphy/ptII/ptolemy/actor/lib/test/auto/DiscreteClock18.xml (RunModel)" time="0.035" />
  <testcase classname="ptolemy.util.test.junit.AutoTests" name="[124] /home/travis/build/icyphy/ptII/ptolemy/actor/lib/test/auto/DiscreteClock19.xml (RunModel)" time="0.04" />
  <testcase classname="ptolemy.util.test.junit.AutoTests" name="[125] /home/travis/build/icyphy/ptII/ptolemy/actor/lib/test/auto/DiscreteClock2.xml (RunModel)" time="0.013" />
  <testcase classname="ptolemy.util.test.junit.AutoTests" name="[126] /home/travis/build/icyphy/ptII/ptolemy/actor/lib/test/auto/DiscreteClock20.xml (RunModel)" time="0.024" />
  <testcase classname="ptolemy.util.test.junit.AutoTests" name="[127] /home/travis/build/icyphy/ptII/ptolemy/actor/lib/test/auto/DiscreteClock21.xml (RunModel)" time="0.024" />
  <testcase classname="ptolemy.util.test.junit.AutoTests" name="[128] /home/travis/build/icyphy/ptII/ptolemy/actor/lib/test/auto/DiscreteClock22.xml (RunModel)" time="0.013" />
  <testcase classname="ptolemy.util.test.junit.AutoTests" name="[129] /home/travis/build/icyphy/ptII/ptolemy/actor/lib/test/auto/DiscreteClock23.xml (RunModel)" time="0.474" />
  <testcase classname="ptolemy.util.test.junit.AutoTests" name="[130] /home/travis/build/icyphy/ptII/ptolemy/actor/lib/test/auto/DiscreteClock24.xml (RunModel)" time="0.013" />
  <testcase classname="ptolemy.util.test.junit.AutoTests" name="[131] /home/travis/build/icyphy/ptII/ptolemy/actor/lib/test/auto/DiscreteClock4.xml (RunModel)" time="0.019" />
  <testcase classname="ptolemy.util.test.junit.AutoTests" name="[132] /home/travis/build/icyphy/ptII/ptolemy/actor/lib/test/auto/DiscreteClock5.xml (RunModel)" time="0.014" />
  <testcase classname="ptolemy.util.test.junit.AutoTests" name="[133] /home/travis/build/icyphy/ptII/ptolemy/actor/lib/test/auto/DiscreteClock6.xml (RunModel)" time="0.01" />
  <testcase classname="ptolemy.util.test.junit.AutoTests" name="[134] /home/travis/build/icyphy/ptII/ptolemy/actor/lib/test/auto/DiscreteClock7.xml (RunModel)" time="0.012" />
  <testcase classname="ptolemy.util.test.junit.AutoTests" name="[135] /home/travis/build/icyphy/ptII/ptolemy/actor/lib/test/auto/DiscreteClock8.xml (RunModel)" time="0.011" />
  <testcase classname="ptolemy.util.test.junit.AutoTests" name="[136] /home/travis/build/icyphy/ptII/ptolemy/actor/lib/test/auto/DiscreteClock9.xml (RunModel)" time="0.016" />
  <testcase classname="ptolemy.util.test.junit.AutoTests" name="[137] /home/travis/build/icyphy/ptII/ptolemy/actor/lib/test/auto/DisplayArray.xml (RunModel)" time="0.011" />
  <testcase classname="ptolemy.util.test.junit.AutoTests" name="[138] /home/travis/build/icyphy/ptII/ptolemy/actor/lib/test/auto/Distributor.xml (RunModel)" time="0.015" />
  <testcase classname="ptolemy.util.test.junit.AutoTests" name="[139] /home/travis/build/icyphy/ptII/ptolemy/actor/lib/test/auto/Distributor2.xml (RunModel)" time="0.01" />
  <testcase classname="ptolemy.util.test.junit.AutoTests" name="[140] /home/travis/build/icyphy/ptII/ptolemy/actor/lib/test/auto/DownSample.xml (RunModel)" time="0.013" />
  <testcase classname="ptolemy.util.test.junit.AutoTests" name="[141] /home/travis/build/icyphy/ptII/ptolemy/actor/lib/test/auto/ElectronicUnitBase1.xml (RunModel)" time="0.055" />
  <testcase classname="ptolemy.util.test.junit.AutoTests" name="[142] /home/travis/build/icyphy/ptII/ptolemy/actor/lib/test/auto/ElementsToArray.xml (RunModel)" time="0.012" />
  <testcase classname="ptolemy.util.test.junit.AutoTests" name="[143] /home/travis/build/icyphy/ptII/ptolemy/actor/lib/test/auto/Equals.xml (RunModel)" time="0.012" />
  <testcase classname="ptolemy.util.test.junit.AutoTests" name="[144] /home/travis/build/icyphy/ptII/ptolemy/actor/lib/test/auto/Exec.xml (RunModel)" time="0.024" />
  <testcase classname="ptolemy.util.test.junit.AutoTests" name="[145] /home/travis/build/icyphy/ptII/ptolemy/actor/lib/test/auto/ExecEnvironment.xml (RunModel)" time="0.04" />
  <testcase classname="ptolemy.util.test.junit.AutoTests" name="[146] /home/travis/build/icyphy/ptII/ptolemy/actor/lib/test/auto/ExecNonZeroReturnOutput.xml (RunModel)" time="0.149" />
  <testcase classname="ptolemy.util.test.junit.AutoTests" name="[147] /home/travis/build/icyphy/ptII/ptolemy/actor/lib/test/auto/ExecRunDemos.xml (RunModel)" time="9.441" />
  <testcase classname="ptolemy.util.test.junit.AutoTests" name="[148] /home/travis/build/icyphy/ptII/ptolemy/actor/lib/test/auto/ExecStop.xml (RunModel)" time="5.028" />
  <testcase classname="ptolemy.util.test.junit.AutoTests" name="[149] /home/travis/build/icyphy/ptII/ptolemy/actor/lib/test/auto/ExecutionTimeSDF.xml (RunModel)" time="6.032" />
  <testcase classname="ptolemy.util.test.junit.AutoTests" name="[150] /home/travis/build/icyphy/ptII/ptolemy/actor/lib/test/auto/Expression1.xml (RunModel)" time="0.01" />
  <testcase classname="ptolemy.util.test.junit.AutoTests" name="[151] /home/travis/build/icyphy/ptII/ptolemy/actor/lib/test/auto/Expression10.xml (RunModel)" time="0.015" />
  <testcase classname="ptolemy.util.test.junit.AutoTests" name="[152] /home/travis/build/icyphy/ptII/ptolemy/actor/lib/test/auto/Expression11.xml (RunModel)" time="0.013" />
  <testcase classname="ptolemy.util.test.junit.AutoTests" name="[153] /home/travis/build/icyphy/ptII/ptolemy/actor/lib/test/auto/Expression12.xml (RunModel)" time="0.014" />
  <testcase classname="ptolemy.util.test.junit.AutoTests" name="[154] /home/travis/build/icyphy/ptII/ptolemy/actor/lib/test/auto/Expression13.xml (RunModel)" time="0.017" />
  <testcase classname="ptolemy.util.test.junit.AutoTests" name="[155] /home/travis/build/icyphy/ptII/ptolemy/actor/lib/test/auto/Expression14.xml (RunModel)" time="0.018" />
  <testcase classname="ptolemy.util.test.junit.AutoTests" name="[156] /home/travis/build/icyphy/ptII/ptolemy/actor/lib/test/auto/Expression15.xml (RunModel)" time="0.009" />
  <testcase classname="ptolemy.util.test.junit.AutoTests" name="[157] /home/travis/build/icyphy/ptII/ptolemy/actor/lib/test/auto/Expression16.xml (RunModel)" time="0.015" />
  <testcase classname="ptolemy.util.test.junit.AutoTests" name="[158] /home/travis/build/icyphy/ptII/ptolemy/actor/lib/test/auto/Expression17.xml (RunModel)" time="0.013" />
  <testcase classname="ptolemy.util.test.junit.AutoTests" name="[159] /home/travis/build/icyphy/ptII/ptolemy/actor/lib/test/auto/Expression18.xml (RunModel)" time="0.015" />
  <testcase classname="ptolemy.util.test.junit.AutoTests" name="[160] /home/travis/build/icyphy/ptII/ptolemy/actor/lib/test/auto/Expression2.xml (RunModel)" time="0.013" />
  <testcase classname="ptolemy.util.test.junit.AutoTests" name="[161] /home/travis/build/icyphy/ptII/ptolemy/actor/lib/test/auto/Expression3.xml (RunModel)" time="0.012" />
  <testcase classname="ptolemy.util.test.junit.AutoTests" name="[162] /home/travis/build/icyphy/ptII/ptolemy/actor/lib/test/auto/Expression4.xml (RunModel)" time="0.021" />
  <testcase classname="ptolemy.util.test.junit.AutoTests" name="[163] /home/travis/build/icyphy/ptII/ptolemy/actor/lib/test/auto/Expression5.xml (RunModel)" time="0.014" />
  <testcase classname="ptolemy.util.test.junit.AutoTests" name="[164] /home/travis/build/icyphy/ptII/ptolemy/actor/lib/test/auto/Expression6.xml (RunModel)" time="0.013" />
  <testcase classname="ptolemy.util.test.junit.AutoTests" name="[165] /home/travis/build/icyphy/ptII/ptolemy/actor/lib/test/auto/Expression7.xml (RunModel)" time="0.016" />
  <testcase classname="ptolemy.util.test.junit.AutoTests" name="[166] /home/travis/build/icyphy/ptII/ptolemy/actor/lib/test/auto/Expression8.xml (RunModel)" time="0.014" />
  <testcase classname="ptolemy.util.test.junit.AutoTests" name="[167] /home/travis/build/icyphy/ptII/ptolemy/actor/lib/test/auto/Expression9.xml (RunModel)" time="0.012" />
  <testcase classname="ptolemy.util.test.junit.AutoTests" name="[168] /home/travis/build/icyphy/ptII/ptolemy/actor/lib/test/auto/ExpressionConcatenateArrayType.xml (RunModel)" time="0.026" />
  <testcase classname="ptolemy.util.test.junit.AutoTests" name="[169] /home/travis/build/icyphy/ptII/ptolemy/actor/lib/test/auto/ExpressionConcatenateArrayType2.xml (RunModel)" time="0.018" />
  <testcase classname="ptolemy.util.test.junit.AutoTests" name="[170] /home/travis/build/icyphy/ptII/ptolemy/actor/lib/test/auto/ExpressionFix.xml (RunModel)" time="0.028" />
  <testcase classname="ptolemy.util.test.junit.AutoTests" name="[171] /home/travis/build/icyphy/ptII/ptolemy/actor/lib/test/auto/ExpressionFix2.xml (RunModel)" time="0.02" />
  <testcase classname="ptolemy.util.test.junit.AutoTests" name="[172] /home/travis/build/icyphy/ptII/ptolemy/actor/lib/test/auto/ExpressionFix3.xml (RunModel)" time="0.01" />
  <testcase classname="ptolemy.util.test.junit.AutoTests" name="[173] /home/travis/build/icyphy/ptII/ptolemy/actor/lib/test/auto/FileWriter1.xml (RunModel)" time="0.009" />
  <testcase classname="ptolemy.util.test.junit.AutoTests" name="[174] /home/travis/build/icyphy/ptII/ptolemy/actor/lib/test/auto/FileWriter2.xml (RunModel)" time="0.011" />
  <testcase classname="ptolemy.util.test.junit.AutoTests" name="[175] /home/travis/build/icyphy/ptII/ptolemy/actor/lib/test/auto/FileWriter3.xml (RunModel)" time="0.016" />
  <testcase classname="ptolemy.util.test.junit.AutoTests" name="[176] /home/travis/build/icyphy/ptII/ptolemy/actor/lib/test/auto/Gaussian.xml (RunModel)" time="0.011" />
  <testcase classname="ptolemy.util.test.junit.AutoTests" name="[177] /home/travis/build/icyphy/ptII/ptolemy/actor/lib/test/auto/Gaussian1.xml (RunModel)" time="0.013" />
  <testcase classname="ptolemy.util.test.junit.AutoTests" name="[178] /home/travis/build/icyphy/ptII/ptolemy/actor/lib/test/auto/Gaussian2.xml (RunModel)" time="0.015" />
  <testcase classname="ptolemy.util.test.junit.AutoTests" name="[179] /home/travis/build/icyphy/ptII/ptolemy/actor/lib/test/auto/GradientAdaptiveLattice.xml (RunModel)" time="0.015" />
  <testcase classname="ptolemy.util.test.junit.AutoTests" name="[180] /home/travis/build/icyphy/ptII/ptolemy/actor/lib/test/auto/IIR.xml (RunModel)" time="0.011" />
  <testcase classname="ptolemy.util.test.junit.AutoTests" name="[181] /home/travis/build/icyphy/ptII/ptolemy/actor/lib/test/auto/InputOutputTransparentPorts.xml (RunModel)" time="0.018" />
  <testcase classname="ptolemy.util.test.junit.AutoTests" name="[182] /home/travis/build/icyphy/ptII/ptolemy/actor/lib/test/auto/Interpolator.xml (RunModel)" time="0.018" />
  <testcase classname="ptolemy.util.test.junit.AutoTests" name="[183] /home/travis/build/icyphy/ptII/ptolemy/actor/lib/test/auto/InterpolatorFiringLimitDE.xml (RunModel)" time="0.015" />
  <testcase classname="ptolemy.util.test.junit.AutoTests" name="[184] /home/travis/build/icyphy/ptII/ptolemy/actor/lib/test/auto/Lattice.xml (RunModel)" time="0.009" />
  <testcase classname="ptolemy.util.test.junit.AutoTests" name="[185] /home/travis/build/icyphy/ptII/ptolemy/actor/lib/test/auto/LazyAOCTestLazy.xml (RunModel)" time="0.022" />
  <testcase classname="ptolemy.util.test.junit.AutoTests" name="[186] /home/travis/build/icyphy/ptII/ptolemy/actor/lib/test/auto/LazyAOCTestNonLazy.xml (RunModel)" time="0.016" />
  <testcase classname="ptolemy.util.test.junit.AutoTests" name="[187] /home/travis/build/icyphy/ptII/ptolemy/actor/lib/test/auto/LazyInnerClass.xml (RunModel)" time="0.042" />
  <testcase classname="ptolemy.util.test.junit.AutoTests" name="[188] /home/travis/build/icyphy/ptII/ptolemy/actor/lib/test/auto/LazyPubSub.xml (RunModel)" time="0.061" />
  <testcase classname="ptolemy.util.test.junit.AutoTests" name="[189] /home/travis/build/icyphy/ptII/ptolemy/actor/lib/test/auto/LazyPubSub2.xml (RunModel)" time="0.061" />
  <testcase classname="ptolemy.util.test.junit.AutoTests" name="[190] /home/travis/build/icyphy/ptII/ptolemy/actor/lib/test/auto/LazyPubSub3.xml (RunModel)" time="0.029" />
  <testcase classname="ptolemy.util.test.junit.AutoTests" name="[191] /home/travis/build/icyphy/ptII/ptolemy/actor/lib/test/auto/LazySubClassModel.xml (RunModel)" time="0.023" />
  <testcase classname="ptolemy.util.test.junit.AutoTests" name="[192] /home/travis/build/icyphy/ptII/ptolemy/actor/lib/test/auto/LevelCrossTest1.xml (RunModel)" time="0.011" />
  <testcase classname="ptolemy.util.test.junit.AutoTests" name="[193] /home/travis/build/icyphy/ptII/ptolemy/actor/lib/test/auto/LevelCrossTest10.xml (RunModel)" time="0.016" />
  <testcase classname="ptolemy.util.test.junit.AutoTests" name="[194] /home/travis/build/icyphy/ptII/ptolemy/actor/lib/test/auto/LevelCrossTest11.xml (RunModel)" time="0.014" />
  <testcase classname="ptolemy.util.test.junit.AutoTests" name="[195] /home/travis/build/icyphy/ptII/ptolemy/actor/lib/test/auto/LevelCrossTest12.xml (RunModel)" time="0.014" />
  <testcase classname="ptolemy.util.test.junit.AutoTests" name="[196] /home/travis/build/icyphy/ptII/ptolemy/actor/lib/test/auto/LevelCrossTest13.xml (RunModel)" time="0.015" />
  <testcase classname="ptolemy.util.test.junit.AutoTests" name="[197] /home/travis/build/icyphy/ptII/ptolemy/actor/lib/test/auto/LevelCrossTest2.xml (RunModel)" time="0.011" />
  <testcase classname="ptolemy.util.test.junit.AutoTests" name="[198] /home/travis/build/icyphy/ptII/ptolemy/actor/lib/test/auto/LevelCrossTest3.xml (RunModel)" time="0.012" />
  <testcase classname="ptolemy.util.test.junit.AutoTests" name="[199] /home/travis/build/icyphy/ptII/ptolemy/actor/lib/test/auto/LevelCrossTest4.xml (RunModel)" time="0.01" />
  <testcase classname="ptolemy.util.test.junit.AutoTests" name="[200] /home/travis/build/icyphy/ptII/ptolemy/actor/lib/test/auto/LevelCrossTest5.xml (RunModel)" time="0.014" />
  <testcase classname="ptolemy.util.test.junit.AutoTests" name="[201] /home/travis/build/icyphy/ptII/ptolemy/actor/lib/test/auto/LevelCrossTest6.xml (RunModel)" time="0.014" />
  <testcase classname="ptolemy.util.test.junit.AutoTests" name="[202] /home/travis/build/icyphy/ptII/ptolemy/actor/lib/test/auto/LevelCrossTest7.xml (RunModel)" time="0.015" />
  <testcase classname="ptolemy.util.test.junit.AutoTests" name="[203] /home/travis/build/icyphy/ptII/ptolemy/actor/lib/test/auto/LevelCrossTest8.xml (RunModel)" time="0.019" />
  <testcase classname="ptolemy.util.test.junit.AutoTests" name="[204] /home/travis/build/icyphy/ptII/ptolemy/actor/lib/test/auto/LevelCrossTest9.xml (RunModel)" time="0.014" />
  <testcase classname="ptolemy.util.test.junit.AutoTests" name="[205] /home/travis/build/icyphy/ptII/ptolemy/actor/lib/test/auto/LevinsonDurbin.xml (RunModel)" time="0.009" />
  <testcase classname="ptolemy.util.test.junit.AutoTests" name="[206] /home/travis/build/icyphy/ptII/ptolemy/actor/lib/test/auto/LevinsonDurbin2.xml (RunModel)" time="0.01" />
  <testcase classname="ptolemy.util.test.junit.AutoTests" name="[207] /home/travis/build/icyphy/ptII/ptolemy/actor/lib/test/auto/LevinsonDurbin3.xml (RunModel)" time="0.01" />
  <testcase classname="ptolemy.util.test.junit.AutoTests" name="[208] /home/travis/build/icyphy/ptII/ptolemy/actor/lib/test/auto/Limiter.xml (RunModel)" time="0.035" />
  <testcase classname="ptolemy.util.test.junit.AutoTests" name="[209] /home/travis/build/icyphy/ptII/ptolemy/actor/lib/test/auto/LinearDifferenceEquationSystem.xml (RunModel)" time="0.021" />
  <testcase classname="ptolemy.util.test.junit.AutoTests" name="[210] /home/travis/build/icyphy/ptII/ptolemy/actor/lib/test/auto/LookupTable.xml (RunModel)" time="0.012" />
  <testcase classname="ptolemy.util.test.junit.AutoTests" name="[211] /home/travis/build/icyphy/ptII/ptolemy/actor/lib/test/auto/MathFunction.xml (RunModel)" time="0.019" />
  <testcase classname="ptolemy.util.test.junit.AutoTests" name="[212] /home/travis/build/icyphy/ptII/ptolemy/actor/lib/test/auto/MathFunction2.xml (RunModel)" time="0.015" />
  <testcase classname="ptolemy.util.test.junit.AutoTests" name="[213] /home/travis/build/icyphy/ptII/ptolemy/actor/lib/test/auto/MathFunction3.xml (RunModel)" time="0.021" />
  <testcase classname="ptolemy.util.test.junit.AutoTests" name="[214] /home/travis/build/icyphy/ptII/ptolemy/actor/lib/test/auto/MatrixCropBoolean.xml (RunModel)" time="0.012" />
  <testcase classname="ptolemy.util.test.junit.AutoTests" name="[215] /home/travis/build/icyphy/ptII/ptolemy/actor/lib/test/auto/MatrixCropComplex.xml (RunModel)" time="0.014" />
  <testcase classname="ptolemy.util.test.junit.AutoTests" name="[216] /home/travis/build/icyphy/ptII/ptolemy/actor/lib/test/auto/MatrixCropDouble.xml (RunModel)" time="0.009" />
  <testcase classname="ptolemy.util.test.junit.AutoTests" name="[217] /home/travis/build/icyphy/ptII/ptolemy/actor/lib/test/auto/MatrixCropFix.xml (RunModel)" time="0.011" />
  <testcase classname="ptolemy.util.test.junit.AutoTests" name="[218] /home/travis/build/icyphy/ptII/ptolemy/actor/lib/test/auto/MatrixCropInt.xml (RunModel)" time="0.012" />
  <testcase classname="ptolemy.util.test.junit.AutoTests" name="[219] /home/travis/build/icyphy/ptII/ptolemy/actor/lib/test/auto/MatrixCropLong.xml (RunModel)" time="0.009" />
  <testcase classname="ptolemy.util.test.junit.AutoTests" name="[220] /home/travis/build/icyphy/ptII/ptolemy/actor/lib/test/auto/MatrixToArray.xml (RunModel)" time="0.059" />
  <testcase classname="ptolemy.util.test.junit.AutoTests" name="[221] /home/travis/build/icyphy/ptII/ptolemy/actor/lib/test/auto/MaxIndex.xml (RunModel)" time="0.013" />
  <testcase classname="ptolemy.util.test.junit.AutoTests" name="[222] /home/travis/build/icyphy/ptII/ptolemy/actor/lib/test/auto/Maximum.xml (RunModel)" time="0.022" />
  <testcase classname="ptolemy.util.test.junit.AutoTests" name="[223] /home/travis/build/icyphy/ptII/ptolemy/actor/lib/test/auto/MaximumComplex.xml (RunModel)" time="0.028" />
  <testcase classname="ptolemy.util.test.junit.AutoTests" name="[224] /home/travis/build/icyphy/ptII/ptolemy/actor/lib/test/auto/MethodCallTest.xml (RunModel)" time="0.024" />
  <testcase classname="ptolemy.util.test.junit.AutoTests" name="[225] /home/travis/build/icyphy/ptII/ptolemy/actor/lib/test/auto/Minimum.xml (RunModel)" time="0.014" />
  <testcase classname="ptolemy.util.test.junit.AutoTests" name="[226] /home/travis/build/icyphy/ptII/ptolemy/actor/lib/test/auto/MinimumComplex.xml (RunModel)" time="0.02" />
  <testcase classname="ptolemy.util.test.junit.AutoTests" name="[227] /home/travis/build/icyphy/ptII/ptolemy/actor/lib/test/auto/MinimumMultiports.xml (RunModel)" time="0.023" />
  <testcase classname="ptolemy.util.test.junit.AutoTests" name="[228] /home/travis/build/icyphy/ptII/ptolemy/actor/lib/test/auto/ModifyDate.xml (RunModel)" time="0.049" />
  <testcase classname="ptolemy.util.test.junit.AutoTests" name="[229] /home/travis/build/icyphy/ptII/ptolemy/actor/lib/test/auto/ModifyDate2.xml (RunModel)" time="0.043" />
  <testcase classname="ptolemy.util.test.junit.AutoTests" name="[230] /home/travis/build/icyphy/ptII/ptolemy/actor/lib/test/auto/MovingAverage.xml (RunModel)" time="0.012" />
  <testcase classname="ptolemy.util.test.junit.AutoTests" name="[231] /home/travis/build/icyphy/ptII/ptolemy/actor/lib/test/auto/MovingMaximum.xml (RunModel)" time="0.012" />
  <testcase classname="ptolemy.util.test.junit.AutoTests" name="[232] /home/travis/build/icyphy/ptII/ptolemy/actor/lib/test/auto/MultipleLinksToSameRelation.xml (RunModel)" time="0.007" />
  <testcase classname="ptolemy.util.test.junit.AutoTests" name="[233] /home/travis/build/icyphy/ptII/ptolemy/actor/lib/test/auto/MultipleLinksToSameRelationDE.xml (RunModel)" time="0.013" />
  <testcase classname="ptolemy.util.test.junit.AutoTests" name="[234] /home/travis/build/icyphy/ptII/ptolemy/actor/lib/test/auto/Multiplexor.xml (RunModel)" time="0.019" />
  <testcase classname="ptolemy.util.test.junit.AutoTests" name="[235] /home/travis/build/icyphy/ptII/ptolemy/actor/lib/test/auto/Multiplexor1.xml (RunModel)" time="0.011" />
  <testcase classname="ptolemy.util.test.junit.AutoTests" name="[236] /home/travis/build/icyphy/ptII/ptolemy/actor/lib/test/auto/Multiplexor2.xml (RunModel)" time="0.014" />
  <testcase classname="ptolemy.util.test.junit.AutoTests" name="[237] /home/travis/build/icyphy/ptII/ptolemy/actor/lib/test/auto/Multiplexor3.xml (RunModel)" time="0.009" />
  <testcase classname="ptolemy.util.test.junit.AutoTests" name="[238] /home/travis/build/icyphy/ptII/ptolemy/actor/lib/test/auto/MultiplexorDE.xml (RunModel)" time="0.018" />
  <testcase classname="ptolemy.util.test.junit.AutoTests" name="[239] /home/travis/build/icyphy/ptII/ptolemy/actor/lib/test/auto/MultiportBroadcastTest.xml (RunModel)" time="0.107" />
  <testcase classname="ptolemy.util.test.junit.AutoTests" name="[240] /home/travis/build/icyphy/ptII/ptolemy/actor/lib/test/auto/MultiportOutHangDuringGetWidth.xml (RunModel)" time="0.038" />
  <testcase classname="ptolemy.util.test.junit.AutoTests" name="[241] /home/travis/build/icyphy/ptII/ptolemy/actor/lib/test/auto/NilToken.xml (RunModel)" time="0.014" />
  <testcase classname="ptolemy.util.test.junit.AutoTests" name="[242] /home/travis/build/icyphy/ptII/ptolemy/actor/lib/test/auto/NilTokenNonStrictTest.xml (RunModel)" time="0.017" />
  <testcase classname="ptolemy.util.test.junit.AutoTests" name="[243] /home/travis/build/icyphy/ptII/ptolemy/actor/lib/test/auto/NilTokenRecord.xml (RunModel)" time="0.022" />
  <testcase classname="ptolemy.util.test.junit.AutoTests" name="[244] /home/travis/build/icyphy/ptII/ptolemy/actor/lib/test/auto/NilTokenTypeTest.xml (RunModel)" time="0.04" />
  <testcase classname="ptolemy.util.test.junit.AutoTests" name="[245] /home/travis/build/icyphy/ptII/ptolemy/actor/lib/test/auto/ObjectToken1.xml (RunModel)" time="0.008" />
  <testcase classname="ptolemy.util.test.junit.AutoTests" name="[246] /home/travis/build/icyphy/ptII/ptolemy/actor/lib/test/auto/OrderedMerge.xml (RunModel)" time="0.016" />
  <testcase classname="ptolemy.util.test.junit.AutoTests" name="[247] /home/travis/build/icyphy/ptII/ptolemy/actor/lib/test/auto/OrderedRecordDisassembler.xml (RunModel)" time="0.019" />
  <testcase classname="ptolemy.util.test.junit.AutoTests" name="[248] /home/travis/build/icyphy/ptII/ptolemy/actor/lib/test/auto/OrderedRecordDisassembler2.xml (RunModel)" time="0.025" />
  <testcase classname="ptolemy.util.test.junit.AutoTests" name="[249] /home/travis/build/icyphy/ptII/ptolemy/actor/lib/test/auto/OrderedRecordUpdater.xml (RunModel)" time="0.014" />
  <testcase classname="ptolemy.util.test.junit.AutoTests" name="[250] /home/travis/build/icyphy/ptII/ptolemy/actor/lib/test/auto/OrderedRecordUpdater2.xml (RunModel)" time="0.034" />
  <testcase classname="ptolemy.util.test.junit.AutoTests" name="[251] /home/travis/build/icyphy/ptII/ptolemy/actor/lib/test/auto/PhaseUnwrap.xml (RunModel)" time="0.014" />
  <testcase classname="ptolemy.util.test.junit.AutoTests" name="[252] /home/travis/build/icyphy/ptII/ptolemy/actor/lib/test/auto/PoissonClock.xml (RunModel)" time="0.01" />
  <testcase classname="ptolemy.util.test.junit.AutoTests" name="[253] /home/travis/build/icyphy/ptII/ptolemy/actor/lib/test/auto/PoissonClock2.xml (RunModel)" time="0.008" />
  <testcase classname="ptolemy.util.test.junit.AutoTests" name="[254] /home/travis/build/icyphy/ptII/ptolemy/actor/lib/test/auto/PoissonClock3.xml (RunModel)" time="0.017" />
  <testcase classname="ptolemy.util.test.junit.AutoTests" name="[255] /home/travis/build/icyphy/ptII/ptolemy/actor/lib/test/auto/PubSubWithInitialTokens.xml (RunModel)" time="0.017" />
  <testcase classname="ptolemy.util.test.junit.AutoTests" name="[256] /home/travis/build/icyphy/ptII/ptolemy/actor/lib/test/auto/PubSubWithInitialTokens2.xml (RunModel)" time="0.013" />
  <testcase classname="ptolemy.util.test.junit.AutoTests" name="[257] /home/travis/build/icyphy/ptII/ptolemy/actor/lib/test/auto/PublisherClassNoParameter.xml (RunModel)" time="0.024" />
  <testcase classname="ptolemy.util.test.junit.AutoTests" name="[258] /home/travis/build/icyphy/ptII/ptolemy/actor/lib/test/auto/PublisherClassParameter.xml (RunModel)" time="0.023" />
  <testcase classname="ptolemy.util.test.junit.AutoTests" name="[259] /home/travis/build/icyphy/ptII/ptolemy/actor/lib/test/auto/PublisherNonStrictTest.xml (RunModel)" time="0.015" />
  <testcase classname="ptolemy.util.test.junit.AutoTests" name="[260] /home/travis/build/icyphy/ptII/ptolemy/actor/lib/test/auto/PublisherPort1.xml (RunModel)" time="0.013" />
  <testcase classname="ptolemy.util.test.junit.AutoTests" name="[261] /home/travis/build/icyphy/ptII/ptolemy/actor/lib/test/auto/PublisherPort2.xml (RunModel)" time="0.01" />
  <testcase classname="ptolemy.util.test.junit.AutoTests" name="[262] /home/travis/build/icyphy/ptII/ptolemy/actor/lib/test/auto/PublisherPort3.xml (RunModel)" time="0.023" />
  <testcase classname="ptolemy.util.test.junit.AutoTests" name="[263] /home/travis/build/icyphy/ptII/ptolemy/actor/lib/test/auto/PublisherPort4.xml (RunModel)" time="0.021" />
  <testcase classname="ptolemy.util.test.junit.AutoTests" name="[264] /home/travis/build/icyphy/ptII/ptolemy/actor/lib/test/auto/PublisherPort5.xml (RunModel)" time="0.015" />
  <testcase classname="ptolemy.util.test.junit.AutoTests" name="[265] /home/travis/build/icyphy/ptII/ptolemy/actor/lib/test/auto/PublisherPort5LookAlike.xml (RunModel)" time="0.019" />
  <testcase classname="ptolemy.util.test.junit.AutoTests" name="[266] /home/travis/build/icyphy/ptII/ptolemy/actor/lib/test/auto/PublisherPort6.xml (RunModel)" time="0.016" />
  <testcase classname="ptolemy.util.test.junit.AutoTests" name="[267] /home/travis/build/icyphy/ptII/ptolemy/actor/lib/test/auto/PublisherPort7.xml (RunModel)" time="0.016" />
  <testcase classname="ptolemy.util.test.junit.AutoTests" name="[268] /home/travis/build/icyphy/ptII/ptolemy/actor/lib/test/auto/PublisherPort8.xml (RunModel)" time="0.017" />
  <testcase classname="ptolemy.util.test.junit.AutoTests" name="[269] /home/travis/build/icyphy/ptII/ptolemy/actor/lib/test/auto/PublisherPortSubscriberChannelVariablesAOC2.xml (RunModel)" time="0.032" />
  <testcase classname="ptolemy.util.test.junit.AutoTests" name="[270] /home/travis/build/icyphy/ptII/ptolemy/actor/lib/test/auto/PublisherPortSubscriberOpaqueWidthInference.xml (RunModel)" time="0.016" />
  <testcase classname="ptolemy.util.test.junit.AutoTests" name="[271] /home/travis/build/icyphy/ptII/ptolemy/actor/lib/test/auto/PublisherPortSubscriberPortAdjacent.xml (RunModel)" time="0.016" />
  <testcase classname="ptolemy.util.test.junit.AutoTests" name="[272] /home/travis/build/icyphy/ptII/ptolemy/actor/lib/test/auto/PublisherPortSubscriberPortExpression.xml (RunModel)" time="0.016" />
  <testcase classname="ptolemy.util.test.junit.AutoTests" name="[273] /home/travis/build/icyphy/ptII/ptolemy/actor/lib/test/auto/PublisherPortSubscriberPortOpaqueD3Reverse.xml (RunModel)" time="0.028" />
  <testcase classname="ptolemy.util.test.junit.AutoTests" name="[274] /home/travis/build/icyphy/ptII/ptolemy/actor/lib/test/auto/PublisherPortSubscriberPortOpaqueWidthInference.xml (RunModel)" time="0.033" />
  <testcase classname="ptolemy.util.test.junit.AutoTests" name="[275] /home/travis/build/icyphy/ptII/ptolemy/actor/lib/test/auto/PublisherPortToplevelSubscriberPortAOC.xml (RunModel)" time="0.011" />
  <testcase classname="ptolemy.util.test.junit.AutoTests" name="[276] /home/travis/build/icyphy/ptII/ptolemy/actor/lib/test/auto/PublisherSubscriber.xml (RunModel)" time="0.014" />
  <testcase classname="ptolemy.util.test.junit.AutoTests" name="[277] /home/travis/build/icyphy/ptII/ptolemy/actor/lib/test/auto/PublisherSubscriber10.xml (RunModel)" time="0.021" />
  <testcase classname="ptolemy.util.test.junit.AutoTests" name="[278] /home/travis/build/icyphy/ptII/ptolemy/actor/lib/test/auto/PublisherSubscriber10InitialOutputs.xml (RunModel)" time="0.035" />
  <testcase classname="ptolemy.util.test.junit.AutoTests" name="[279] /home/travis/build/icyphy/ptII/ptolemy/actor/lib/test/auto/PublisherSubscriber11.xml (RunModel)" time="0.016" />
  <testcase classname="ptolemy.util.test.junit.AutoTests" name="[280] /home/travis/build/icyphy/ptII/ptolemy/actor/lib/test/auto/PublisherSubscriber12.xml (RunModel)" time="0.019" />
  <testcase classname="ptolemy.util.test.junit.AutoTests" name="[281] /home/travis/build/icyphy/ptII/ptolemy/actor/lib/test/auto/PublisherSubscriber13.xml (RunModel)" time="0.011" />
  <testcase classname="ptolemy.util.test.junit.AutoTests" name="[282] /home/travis/build/icyphy/ptII/ptolemy/actor/lib/test/auto/PublisherSubscriber14.xml (RunModel)" time="0.034" />
  <testcase classname="ptolemy.util.test.junit.AutoTests" name="[283] /home/travis/build/icyphy/ptII/ptolemy/actor/lib/test/auto/PublisherSubscriber2.xml (RunModel)" time="0.012" />
  <testcase classname="ptolemy.util.test.junit.AutoTests" name="[284] /home/travis/build/icyphy/ptII/ptolemy/actor/lib/test/auto/PublisherSubscriber3.xml (RunModel)" time="0.011" />
  <testcase classname="ptolemy.util.test.junit.AutoTests" name="[285] /home/travis/build/icyphy/ptII/ptolemy/actor/lib/test/auto/PublisherSubscriber4.xml (RunModel)" time="0.01" />
  <testcase classname="ptolemy.util.test.junit.AutoTests" name="[286] /home/travis/build/icyphy/ptII/ptolemy/actor/lib/test/auto/PublisherSubscriber5.xml (RunModel)" time="0.013" />
  <testcase classname="ptolemy.util.test.junit.AutoTests" name="[287] /home/travis/build/icyphy/ptII/ptolemy/actor/lib/test/auto/PublisherSubscriber6.xml (RunModel)" time="0.026" />
  <testcase classname="ptolemy.util.test.junit.AutoTests" name="[288] /home/travis/build/icyphy/ptII/ptolemy/actor/lib/test/auto/PublisherSubscriber7.xml (RunModel)" time="0.019" />
  <testcase classname="ptolemy.util.test.junit.AutoTests" name="[289] /home/travis/build/icyphy/ptII/ptolemy/actor/lib/test/auto/PublisherSubscriber8.xml (RunModel)" time="0.054" />
  <testcase classname="ptolemy.util.test.junit.AutoTests" name="[290] /home/travis/build/icyphy/ptII/ptolemy/actor/lib/test/auto/PublisherSubscriber9.xml (RunModel)" time="0.018" />
  <testcase classname="ptolemy.util.test.junit.AutoTests" name="[291] /home/travis/build/icyphy/ptII/ptolemy/actor/lib/test/auto/PublisherSubscriberAdjacent.xml (RunModel)" time="0.016" />
  <testcase classname="ptolemy.util.test.junit.AutoTests" name="[292] /home/travis/build/icyphy/ptII/ptolemy/actor/lib/test/auto/PublisherSubscriberChannelVariablesAOC2.xml (RunModel)" time="0.027" />
  <testcase classname="ptolemy.util.test.junit.AutoTests" name="[293] /home/travis/build/icyphy/ptII/ptolemy/actor/lib/test/auto/PublisherSubscriberD3.xml (RunModel)" time="0.019" />
  <testcase classname="ptolemy.util.test.junit.AutoTests" name="[294] /home/travis/build/icyphy/ptII/ptolemy/actor/lib/test/auto/PublisherSubscriberD3Reverse.xml (RunModel)" time="0.014" />
  <testcase classname="ptolemy.util.test.junit.AutoTests" name="[295] /home/travis/build/icyphy/ptII/ptolemy/actor/lib/test/auto/PublisherSubscriberExpression.xml (RunModel)" time="0.021" />
  <testcase classname="ptolemy.util.test.junit.AutoTests" name="[296] /home/travis/build/icyphy/ptII/ptolemy/actor/lib/test/auto/PublisherSubscriberOpaque.xml (RunModel)" time="0.02" />
  <testcase classname="ptolemy.util.test.junit.AutoTests" name="[297] /home/travis/build/icyphy/ptII/ptolemy/actor/lib/test/auto/PublisherSubscriberOpaqueD3.xml (RunModel)" time="0.03" />
  <testcase classname="ptolemy.util.test.junit.AutoTests" name="[298] /home/travis/build/icyphy/ptII/ptolemy/actor/lib/test/auto/PublisherSubscriberOpaqueD3Reverse.xml (RunModel)" time="0.019" />
  <testcase classname="ptolemy.util.test.junit.AutoTests" name="[299] /home/travis/build/icyphy/ptII/ptolemy/actor/lib/test/auto/PublisherSubscriberOpaqueWidthInference.xml (RunModel)" time="0.015" />
  <testcase classname="ptolemy.util.test.junit.AutoTests" name="[300] /home/travis/build/icyphy/ptII/ptolemy/actor/lib/test/auto/PublisherTestSubscriber.xml (RunModel)" time="0.017" />
  <testcase classname="ptolemy.util.test.junit.AutoTests" name="[301] /home/travis/build/icyphy/ptII/ptolemy/actor/lib/test/auto/PublisherToplevelSubscriberPortAOC.xml (RunModel)" time="0.012" />
  <testcase classname="ptolemy.util.test.junit.AutoTests" name="[302] /home/travis/build/icyphy/ptII/ptolemy/actor/lib/test/auto/PulseFiringLimitDE.xml (RunModel)" time="0.013" />
  <testcase classname="ptolemy.util.test.junit.AutoTests" name="[303] /home/travis/build/icyphy/ptII/ptolemy/actor/lib/test/auto/Ramp1.xml (RunModel)" time="0.009" />
  <testcase classname="ptolemy.util.test.junit.AutoTests" name="[304] /home/travis/build/icyphy/ptII/ptolemy/actor/lib/test/auto/RampFiringLimitDE.xml (RunModel)" time="0.012" />
  <testcase classname="ptolemy.util.test.junit.AutoTests" name="[305] /home/travis/build/icyphy/ptII/ptolemy/actor/lib/test/auto/RampFiringLimitSDF.xml (RunModel)" time="0.01" />
  <testcase classname="ptolemy.util.test.junit.AutoTests" name="[306] /home/travis/build/icyphy/ptII/ptolemy/actor/lib/test/auto/RandomInteger.xml (RunModel)" time="0.009" />
  <testcase classname="ptolemy.util.test.junit.AutoTests" name="[307] /home/travis/build/icyphy/ptII/ptolemy/actor/lib/test/auto/ReadFile1.xml (RunModel)" time="0.01" />
  <testcase classname="ptolemy.util.test.junit.AutoTests" name="[308] /home/travis/build/icyphy/ptII/ptolemy/actor/lib/test/auto/ReadFile2.xml (RunModel)" time="0.008" />
  <testcase classname="ptolemy.util.test.junit.AutoTests" name="[309] /home/travis/build/icyphy/ptII/ptolemy/actor/lib/test/auto/Reader.xml (RunModel)" time="0.012" />
  <testcase classname="ptolemy.util.test.junit.AutoTests" name="[310] /home/travis/build/icyphy/ptII/ptolemy/actor/lib/test/auto/RecordAssemblerDisplayNameTest.xml (RunModel)" time="3.017" />
  <testcase classname="ptolemy.util.test.junit.AutoTests" name="[311] /home/travis/build/icyphy/ptII/ptolemy/actor/lib/test/auto/RecordAssemblerTypeError.xml (RunModel)" time="0.032" />
  <testcase classname="ptolemy.util.test.junit.AutoTests" name="[312] /home/travis/build/icyphy/ptII/ptolemy/actor/lib/test/auto/RecordDisassember.xml (RunModel)" time="0.011" />
  <testcase classname="ptolemy.util.test.junit.AutoTests" name="[313] /home/travis/build/icyphy/ptII/ptolemy/actor/lib/test/auto/RecordDisassemberDisplayNameTest.xml (RunModel)" time="0.023" />
  <testcase classname="ptolemy.util.test.junit.AutoTests" name="[314] /home/travis/build/icyphy/ptII/ptolemy/actor/lib/test/auto/RecordDisassembler.xml (RunModel)" time="0.009" />
  <testcase classname="ptolemy.util.test.junit.AutoTests" name="[315] /home/travis/build/icyphy/ptII/ptolemy/actor/lib/test/auto/RecordDisassembler2.xml (RunModel)" time="0.01" />
  <testcase classname="ptolemy.util.test.junit.AutoTests" name="[316] /home/travis/build/icyphy/ptII/ptolemy/actor/lib/test/auto/RecordUpdater.xml (RunModel)" time="0.01" />
  <testcase classname="ptolemy.util.test.junit.AutoTests" name="[317] /home/travis/build/icyphy/ptII/ptolemy/actor/lib/test/auto/RecordUpdater2.xml (RunModel)" time="0.011" />
  <testcase classname="ptolemy.util.test.junit.AutoTests" name="[318] /home/travis/build/icyphy/ptII/ptolemy/actor/lib/test/auto/RecursiveLattice.xml (RunModel)" time="0.01" />
  <testcase classname="ptolemy.util.test.junit.AutoTests" name="[319] /home/travis/build/icyphy/ptII/ptolemy/actor/lib/test/auto/Router.xml (RunModel)" time="3.024" />
  <testcase classname="ptolemy.util.test.junit.AutoTests" name="[320] /home/travis/build/icyphy/ptII/ptolemy/actor/lib/test/auto/Router2.xml (RunModel)" time="3.022" />
  <testcase classname="ptolemy.util.test.junit.AutoTests" name="[321] /home/travis/build/icyphy/ptII/ptolemy/actor/lib/test/auto/RunningMaximum.xml (RunModel)" time="0.012" />
  <testcase classname="ptolemy.util.test.junit.AutoTests" name="[322] /home/travis/build/icyphy/ptII/ptolemy/actor/lib/test/auto/RunningMinimum.xml (RunModel)" time="0.011" />
  <testcase classname="ptolemy.util.test.junit.AutoTests" name="[323] /home/travis/build/icyphy/ptII/ptolemy/actor/lib/test/auto/Scale.xml (RunModel)" time="0.008" />
  <testcase classname="ptolemy.util.test.junit.AutoTests" name="[324] /home/travis/build/icyphy/ptII/ptolemy/actor/lib/test/auto/Scale2.xml (RunModel)" time="0.01" />
  <testcase classname="ptolemy.util.test.junit.AutoTests" name="[325] /home/travis/build/icyphy/ptII/ptolemy/actor/lib/test/auto/Scale3.xml (RunModel)" time="0.015" />
  <testcase classname="ptolemy.util.test.junit.AutoTests" name="[326] /home/travis/build/icyphy/ptII/ptolemy/actor/lib/test/auto/ScaleArray.xml (RunModel)" time="0.008" />
  <testcase classname="ptolemy.util.test.junit.AutoTests" name="[327] /home/travis/build/icyphy/ptII/ptolemy/actor/lib/test/auto/ScaleArray2.xml (RunModel)" time="0.009" />
  <testcase classname="ptolemy.util.test.junit.AutoTests" name="[328] /home/travis/build/icyphy/ptII/ptolemy/actor/lib/test/auto/ScaleMatrix.xml (RunModel)" time="0.106" />
  <testcase classname="ptolemy.util.test.junit.AutoTests" name="[329] /home/travis/build/icyphy/ptII/ptolemy/actor/lib/test/auto/Select.xml (RunModel)" time="0.014" />
  <testcase classname="ptolemy.util.test.junit.AutoTests" name="[330] /home/travis/build/icyphy/ptII/ptolemy/actor/lib/test/auto/Select2.xml (RunModel)" time="0.009" />
  <testcase classname="ptolemy.util.test.junit.AutoTests" name="[331] /home/travis/build/icyphy/ptII/ptolemy/actor/lib/test/auto/SequenceToArray2.xml (RunModel)" time="0.137" />
  <testcase classname="ptolemy.util.test.junit.AutoTests" name="[332] /home/travis/build/icyphy/ptII/ptolemy/actor/lib/test/auto/SequentialClock.xml (RunModel)" time="0.012" />
  <testcase classname="ptolemy.util.test.junit.AutoTests" name="[333] /home/travis/build/icyphy/ptII/ptolemy/actor/lib/test/auto/SetVariable.xml (RunModel)" time="0.011" />
  <testcase classname="ptolemy.util.test.junit.AutoTests" name="[334] /home/travis/build/icyphy/ptII/ptolemy/actor/lib/test/auto/SetVariable2.xml (RunModel)" time="0.012" />
  <testcase classname="ptolemy.util.test.junit.AutoTests" name="[335] /home/travis/build/icyphy/ptII/ptolemy/actor/lib/test/auto/SetVariable3.xml (RunModel)" time="0.018" />
  <testcase classname="ptolemy.util.test.junit.AutoTests" name="[336] /home/travis/build/icyphy/ptII/ptolemy/actor/lib/test/auto/SetVariable4.xml (RunModel)" time="0.042" />
  <testcase classname="ptolemy.util.test.junit.AutoTests" name="[337] /home/travis/build/icyphy/ptII/ptolemy/actor/lib/test/auto/SetVariable5.xml (RunModel)" time="0.042" />
  <testcase classname="ptolemy.util.test.junit.AutoTests" name="[338] /home/travis/build/icyphy/ptII/ptolemy/actor/lib/test/auto/Sinewave.xml (RunModel)" time="0.034" />
  <testcase classname="ptolemy.util.test.junit.AutoTests" name="[339] /home/travis/build/icyphy/ptII/ptolemy/actor/lib/test/auto/Sinewave2.xml (RunModel)" time="0.019" />
  <testcase classname="ptolemy.util.test.junit.AutoTests" name="[340] /home/travis/build/icyphy/ptII/ptolemy/actor/lib/test/auto/Sinewave3.xml (RunModel)" time="0.023" />
  <testcase classname="ptolemy.util.test.junit.AutoTests" name="[341] /home/travis/build/icyphy/ptII/ptolemy/actor/lib/test/auto/SingleEvent.xml (RunModel)" time="0.007" />
  <testcase classname="ptolemy.util.test.junit.AutoTests" name="[342] /home/travis/build/icyphy/ptII/ptolemy/actor/lib/test/auto/Sleep.xml (RunModel)" time="6.018" />
  <testcase classname="ptolemy.util.test.junit.AutoTests" name="[343] /home/travis/build/icyphy/ptII/ptolemy/actor/lib/test/auto/SleepMultipleFire.xml (RunModel)" time="1.025" />
  <testcase classname="ptolemy.util.test.junit.AutoTests" name="[344] /home/travis/build/icyphy/ptII/ptolemy/actor/lib/test/auto/StopDE.xml (RunModel)" time="0.012" />
  <testcase classname="ptolemy.util.test.junit.AutoTests" name="[345] /home/travis/build/icyphy/ptII/ptolemy/actor/lib/test/auto/StopSDF.xml (RunModel)" time="0.012" />
  <testcase classname="ptolemy.util.test.junit.AutoTests" name="[346] /home/travis/build/icyphy/ptII/ptolemy/actor/lib/test/auto/StringConstant.xml (RunModel)" time="0.009" />
  <testcase classname="ptolemy.util.test.junit.AutoTests" name="[347] /home/travis/build/icyphy/ptII/ptolemy/actor/lib/test/auto/SubscriberPortInitialValues1.xml (RunModel)" time="0.017" />
  <testcase classname="ptolemy.util.test.junit.AutoTests" name="[348] /home/travis/build/icyphy/ptII/ptolemy/actor/lib/test/auto/SubscriberPortInitialValues13.xml (RunModel)" time="0.022" />
  <testcase classname="ptolemy.util.test.junit.AutoTests" name="[349] /home/travis/build/icyphy/ptII/ptolemy/actor/lib/test/auto/SubscriberPortInitialValues14.xml (RunModel)" time="0.015" />
  <testcase classname="ptolemy.util.test.junit.AutoTests" name="[350] /home/travis/build/icyphy/ptII/ptolemy/actor/lib/test/auto/SubscriberPortInitialValues2.xml (RunModel)" time="0.016" />
  <testcase classname="ptolemy.util.test.junit.AutoTests" name="[351] /home/travis/build/icyphy/ptII/ptolemy/actor/lib/test/auto/SubscriberPortInitialValues3.xml (RunModel)" time="0.02" />
  <testcase classname="ptolemy.util.test.junit.AutoTests" name="[352] /home/travis/build/icyphy/ptII/ptolemy/actor/lib/test/auto/SubscriptionAggregator.xml (RunModel)" time="0.013" />
  <testcase classname="ptolemy.util.test.junit.AutoTests" name="[353] /home/travis/build/icyphy/ptII/ptolemy/actor/lib/test/auto/SubscriptionAggregator2.xml (RunModel)" time="0.013" />
  <testcase classname="ptolemy.util.test.junit.AutoTests" name="[354] /home/travis/build/icyphy/ptII/ptolemy/actor/lib/test/auto/SubscriptionAggregator3.xml (RunModel)" time="0.016" />
  <testcase classname="ptolemy.util.test.junit.AutoTests" name="[355] /home/travis/build/icyphy/ptII/ptolemy/actor/lib/test/auto/SubscriptionAggregatorMultiply.xml (RunModel)" time="0.015" />
  <testcase classname="ptolemy.util.test.junit.AutoTests" name="[356] /home/travis/build/icyphy/ptII/ptolemy/actor/lib/test/auto/SubscriptionAggregatorPortMultiply1.xml (RunModel)" time="0.015" />
  <testcase classname="ptolemy.util.test.junit.AutoTests" name="[357] /home/travis/build/icyphy/ptII/ptolemy/actor/lib/test/auto/Switch.xml (RunModel)" time="0.015" />
  <testcase classname="ptolemy.util.test.junit.AutoTests" name="[358] /home/travis/build/icyphy/ptII/ptolemy/actor/lib/test/auto/Switch2.xml (RunModel)" time="0.014" />
  <testcase classname="ptolemy.util.test.junit.AutoTests" name="[359] /home/travis/build/icyphy/ptII/ptolemy/actor/lib/test/auto/SwitchDE.xml (RunModel)" time="0.013" />
  <testcase classname="ptolemy.util.test.junit.AutoTests" name="[360] /home/travis/build/icyphy/ptII/ptolemy/actor/lib/test/auto/SynchronizerDE.xml (RunModel)" time="0.019" />
  <testcase classname="ptolemy.util.test.junit.AutoTests" name="[361] /home/travis/build/icyphy/ptII/ptolemy/actor/lib/test/auto/Test.xml (RunModel)" time="0.01" />
  <testcase classname="ptolemy.util.test.junit.AutoTests" name="[362] /home/travis/build/icyphy/ptII/ptolemy/actor/lib/test/auto/TestExceptionAttribute1.xml (RunModel)" time="0.009" />
  <testcase classname="ptolemy.util.test.junit.AutoTests" name="[363] /home/travis/build/icyphy/ptII/ptolemy/actor/lib/test/auto/TestExceptionAttribute2.xml (RunModel)" time="0.007" />
  <testcase classname="ptolemy.util.test.junit.AutoTests" name="[364] /home/travis/build/icyphy/ptII/ptolemy/actor/lib/test/auto/TestExceptionAttribute3.xml (RunModel)" time="0.007" />
  <testcase classname="ptolemy.util.test.junit.AutoTests" name="[365] /home/travis/build/icyphy/ptII/ptolemy/actor/lib/test/auto/TestExceptionAttribute4.xml (RunModel)" time="0.007" />
  <testcase classname="ptolemy.util.test.junit.AutoTests" name="[366] /home/travis/build/icyphy/ptII/ptolemy/actor/lib/test/auto/TestExceptionHandler1.xml (RunModel)" time="0.006" />
  <testcase classname="ptolemy.util.test.junit.AutoTests" name="[367] /home/travis/build/icyphy/ptII/ptolemy/actor/lib/test/auto/TestExceptionHandler2.xml (RunModel)" time="0.007" />
  <testcase classname="ptolemy.util.test.junit.AutoTests" name="[368] /home/travis/build/icyphy/ptII/ptolemy/actor/lib/test/auto/TestExceptionHandler3.xml (RunModel)" time="0.006" />
  <testcase classname="ptolemy.util.test.junit.AutoTests" name="[369] /home/travis/build/icyphy/ptII/ptolemy/actor/lib/test/auto/TestExceptionHandler4.xml (RunModel)" time="0.008" />
  <testcase classname="ptolemy.util.test.junit.AutoTests" name="[370] /home/travis/build/icyphy/ptII/ptolemy/actor/lib/test/auto/TestRequireCorrectOrder.xml (RunModel)" time="0.011" />
  <testcase classname="ptolemy.util.test.junit.AutoTests" name="[371] /home/travis/build/icyphy/ptII/ptolemy/actor/lib/test/auto/TestSimple.xml (RunModel)" time="0.007" />
  <testcase classname="ptolemy.util.test.junit.AutoTests" name="[372] /home/travis/build/icyphy/ptII/ptolemy/actor/lib/test/auto/ThrowModelError.xml (RunModel)" time="0.012" />
  <testcase classname="ptolemy.util.test.junit.AutoTests" name="[373] /home/travis/build/icyphy/ptII/ptolemy/actor/lib/test/auto/TimeDelayMicrosteps.xml (RunModel)" time="0.014" />
  <testcase classname="ptolemy.util.test.junit.AutoTests" name="[374] /home/travis/build/icyphy/ptII/ptolemy/actor/lib/test/auto/TimeDelayMicrosteps2.xml (RunModel)" time="0.017" />
  <testcase classname="ptolemy.util.test.junit.AutoTests" name="[375] /home/travis/build/icyphy/ptII/ptolemy/actor/lib/test/auto/TimeDelayMicrosteps3.xml (RunModel)" time="0.013" />
  <testcase classname="ptolemy.util.test.junit.AutoTests" name="[376] /home/travis/build/icyphy/ptII/ptolemy/actor/lib/test/auto/TimeDelayVariableMicrosteps.xml (RunModel)" time="0.013" />
  <testcase classname="ptolemy.util.test.junit.AutoTests" name="[377] /home/travis/build/icyphy/ptII/ptolemy/actor/lib/test/auto/TimeGap.xml (RunModel)" time="0.013" />
  <testcase classname="ptolemy.util.test.junit.AutoTests" name="[378] /home/travis/build/icyphy/ptII/ptolemy/actor/lib/test/auto/TimeGap2.xml (RunModel)" time="0.012" />
  <testcase classname="ptolemy.util.test.junit.AutoTests" name="[379] /home/travis/build/icyphy/ptII/ptolemy/actor/lib/test/auto/TimedSinewave.xml (RunModel)" time="0.043" />
  <testcase classname="ptolemy.util.test.junit.AutoTests" name="[380] /home/travis/build/icyphy/ptII/ptolemy/actor/lib/test/auto/TimedSinewavePhase.xml (RunModel)" time="0.048" />
  <testcase classname="ptolemy.util.test.junit.AutoTests" name="[381] /home/travis/build/icyphy/ptII/ptolemy/actor/lib/test/auto/Timer.xml (RunModel)" time="0.018" />
  <testcase classname="ptolemy.util.test.junit.AutoTests" name="[382] /home/travis/build/icyphy/ptII/ptolemy/actor/lib/test/auto/TriangularDistTestModel.xml (RunModel)" time="0.018" />
  <testcase classname="ptolemy.util.test.junit.AutoTests" name="[383] /home/travis/build/icyphy/ptII/ptolemy/actor/lib/test/auto/TrigFunction.xml (RunModel)" time="0.009" />
  <testcase classname="ptolemy.util.test.junit.AutoTests" name="[384] /home/travis/build/icyphy/ptII/ptolemy/actor/lib/test/auto/TrigFunctionDE.xml (RunModel)" time="0.017" />
  <testcase classname="ptolemy.util.test.junit.AutoTests" name="[385] /home/travis/build/icyphy/ptII/ptolemy/actor/lib/test/auto/TrigFunctionInverse.xml (RunModel)" time="0.01" />
  <testcase classname="ptolemy.util.test.junit.AutoTests" name="[386] /home/travis/build/icyphy/ptII/ptolemy/actor/lib/test/auto/TrigFunctionTan.xml (RunModel)" time="0.008" />
  <testcase classname="ptolemy.util.test.junit.AutoTests" name="[387] /home/travis/build/icyphy/ptII/ptolemy/actor/lib/test/auto/TriggeredClock.xml (RunModel)" time="0.011" />
  <testcase classname="ptolemy.util.test.junit.AutoTests" name="[388] /home/travis/build/icyphy/ptII/ptolemy/actor/lib/test/auto/URLDirectoryReader.xml (RunModel)" time="0.109" />
  <testcase classname="ptolemy.util.test.junit.AutoTests" name="[389] /home/travis/build/icyphy/ptII/ptolemy/actor/lib/test/auto/URLDirectoryReader3.xml (RunModel)" time="1.326" />
  <testcase classname="ptolemy.util.test.junit.AutoTests" name="[390] /home/travis/build/icyphy/ptII/ptolemy/actor/lib/test/auto/UnaryMathFunction.xml (RunModel)" time="0.048" />
  <testcase classname="ptolemy.util.test.junit.AutoTests" name="[391] /home/travis/build/icyphy/ptII/ptolemy/actor/lib/test/auto/Uniform.xml (RunModel)" time="0.033" />
  <testcase classname="ptolemy.util.test.junit.AutoTests" name="[392] /home/travis/build/icyphy/ptII/ptolemy/actor/lib/test/auto/UnionDisassemblerTest.xml (RunModel)" time="0.029" />
  <testcase classname="ptolemy.util.test.junit.AutoTests" name="[393] /home/travis/build/icyphy/ptII/ptolemy/actor/lib/test/auto/UtilityFunctions.xml (RunModel)" time="0.029" />
  <testcase classname="ptolemy.util.test.junit.AutoTests" name="[394] /home/travis/build/icyphy/ptII/ptolemy/actor/lib/test/auto/VariableSleep.xml (RunModel)" time="0.533" />
  <testcase classname="ptolemy.util.test.junit.AutoTests" name="[395] /home/travis/build/icyphy/ptII/ptolemy/actor/lib/test/auto/VectorAssemblerDisassemblerCT.xml (RunModel)" time="0.107" />
  <testcase classname="ptolemy.util.test.junit.AutoTests" name="[396] /home/travis/build/icyphy/ptII/ptolemy/actor/lib/test/auto/VectorAssemblerDisassemblerDE.xml (RunModel)" time="0.022" />
  <testcase classname="ptolemy.util.test.junit.AutoTests" name="[397] /home/travis/build/icyphy/ptII/ptolemy/actor/lib/test/auto/VectorAssemblerDisassemblerSDF.xml (RunModel)" time="0.014" />
  <testcase classname="ptolemy.util.test.junit.AutoTests" name="[398] /home/travis/build/icyphy/ptII/ptolemy/actor/lib/test/auto/WallClockTime.xml (RunModel)" time="1.015" />
  <testcase classname="ptolemy.util.test.junit.AutoTests" name="[399] /home/travis/build/icyphy/ptII/ptolemy/actor/lib/test/auto/WidthTestWithSubscriberPublisher.xml (RunModel)" time="0.052" />
  <testcase classname="ptolemy.util.test.junit.AutoTests" name="[400] /home/travis/build/icyphy/ptII/ptolemy/actor/lib/test/auto/WidthTestWithSubscriberPublisher2.xml (RunModel)" time="0.015" />
  <testcase classname="ptolemy.util.test.junit.AutoTests" name="[401] /home/travis/build/icyphy/ptII/ptolemy/actor/lib/test/auto/WidthTestWithSubscriberPublisher3.xml (RunModel)" time="0.024" />
  <testcase classname="ptolemy.util.test.junit.AutoTests" name="[402] /home/travis/build/icyphy/ptII/ptolemy/actor/lib/test/auto/Writer.xml (RunModel)" time="0.008" />
  <testcase classname="ptolemy.util.test.junit.AutoTests" name="[403] /home/travis/build/icyphy/ptII/ptolemy/actor/lib/test/auto/array.xml (RunModel)" time="0.009" />
  <testcase classname="ptolemy.util.test.junit.AutoTests" name="[404] /home/travis/build/icyphy/ptII/ptolemy/actor/lib/test/auto/array2.xml (RunModel)" time="0.01" />
  <testcase classname="ptolemy.util.test.junit.AutoTests" name="[405] /home/travis/build/icyphy/ptII/ptolemy/actor/lib/test/auto/arrayType.xml (RunModel)" time="0.01" />
  <testcase classname="ptolemy.util.test.junit.AutoTests" name="[406] /home/travis/build/icyphy/ptII/ptolemy/actor/lib/test/auto/arrayType10.xml (RunModel)" time="0.01" />
  <testcase classname="ptolemy.util.test.junit.AutoTests" name="[407] /home/travis/build/icyphy/ptII/ptolemy/actor/lib/test/auto/arrayType11.xml (RunModel)" time="0.01" />
  <testcase classname="ptolemy.util.test.junit.AutoTests" name="[408] /home/travis/build/icyphy/ptII/ptolemy/actor/lib/test/auto/arrayType12.xml (RunModel)" time="0.01" />
  <testcase classname="ptolemy.util.test.junit.AutoTests" name="[409] /home/travis/build/icyphy/ptII/ptolemy/actor/lib/test/auto/arrayType13.xml (RunModel)" time="0.01" />
  <testcase classname="ptolemy.util.test.junit.AutoTests" name="[410] /home/travis/build/icyphy/ptII/ptolemy/actor/lib/test/auto/arrayType14.xml (RunModel)" time="0.009" />
  <testcase classname="ptolemy.util.test.junit.AutoTests" name="[411] /home/travis/build/icyphy/ptII/ptolemy/actor/lib/test/auto/arrayType15.xml (RunModel)" time="0.009" />
  <testcase classname="ptolemy.util.test.junit.AutoTests" name="[412] /home/travis/build/icyphy/ptII/ptolemy/actor/lib/test/auto/arrayType16.xml (RunModel)" time="0.009" />
  <testcase classname="ptolemy.util.test.junit.AutoTests" name="[413] /home/travis/build/icyphy/ptII/ptolemy/actor/lib/test/auto/arrayType17.xml (RunModel)" time="0.009" />
  <testcase classname="ptolemy.util.test.junit.AutoTests" name="[414] /home/travis/build/icyphy/ptII/ptolemy/actor/lib/test/auto/arrayType18.xml (RunModel)" time="0.009" />
  <testcase classname="ptolemy.util.test.junit.AutoTests" name="[415] /home/travis/build/icyphy/ptII/ptolemy/actor/lib/test/auto/arrayType19.xml (RunModel)" time="0.009" />
  <testcase classname="ptolemy.util.test.junit.AutoTests" name="[416] /home/travis/build/icyphy/ptII/ptolemy/actor/lib/test/auto/arrayType2.xml (RunModel)" time="0.01" />
  <testcase classname="ptolemy.util.test.junit.AutoTests" name="[417] /home/travis/build/icyphy/ptII/ptolemy/actor/lib/test/auto/arrayType20.xml (RunModel)" time="0.01" />
  <testcase classname="ptolemy.util.test.junit.AutoTests" name="[418] /home/travis/build/icyphy/ptII/ptolemy/actor/lib/test/auto/arrayType21.xml (RunModel)" time="0.009" />
  <testcase classname="ptolemy.util.test.junit.AutoTests" name="[419] /home/travis/build/icyphy/ptII/ptolemy/actor/lib/test/auto/arrayType22.xml (RunModel)" time="0.016" />
  <testcase classname="ptolemy.util.test.junit.AutoTests" name="[420] /home/travis/build/icyphy/ptII/ptolemy/actor/lib/test/auto/arrayType23.xml (RunModel)" time="0.008" />
  <testcase classname="ptolemy.util.test.junit.AutoTests" name="[421] /home/travis/build/icyphy/ptII/ptolemy/actor/lib/test/auto/arrayType24.xml (RunModel)" time="0.01" />
  <testcase classname="ptolemy.util.test.junit.AutoTests" name="[422] /home/travis/build/icyphy/ptII/ptolemy/actor/lib/test/auto/arrayType25.xml (RunModel)" time="0.009" />
  <testcase classname="ptolemy.util.test.junit.AutoTests" name="[423] /home/travis/build/icyphy/ptII/ptolemy/actor/lib/test/auto/arrayType26.xml (RunModel)" time="0.01" />
  <testcase classname="ptolemy.util.test.junit.AutoTests" name="[424] /home/travis/build/icyphy/ptII/ptolemy/actor/lib/test/auto/arrayType27.xml (RunModel)" time="0.013" />
  <testcase classname="ptolemy.util.test.junit.AutoTests" name="[425] /home/travis/build/icyphy/ptII/ptolemy/actor/lib/test/auto/arrayType28.xml (RunModel)" time="0.009" />
  <testcase classname="ptolemy.util.test.junit.AutoTests" name="[426] /home/travis/build/icyphy/ptII/ptolemy/actor/lib/test/auto/arrayType3.xml (RunModel)" time="0.009" />
  <testcase classname="ptolemy.util.test.junit.AutoTests" name="[427] /home/travis/build/icyphy/ptII/ptolemy/actor/lib/test/auto/arrayType4.xml (RunModel)" time="0.008" />
  <testcase classname="ptolemy.util.test.junit.AutoTests" name="[428] /home/travis/build/icyphy/ptII/ptolemy/actor/lib/test/auto/arrayType5.xml (RunModel)" time="0.008" />
  <testcase classname="ptolemy.util.test.junit.AutoTests" name="[429] /home/travis/build/icyphy/ptII/ptolemy/actor/lib/test/auto/arrayType6.xml (RunModel)" time="0.008" />
  <testcase classname="ptolemy.util.test.junit.AutoTests" name="[430] /home/travis/build/icyphy/ptII/ptolemy/actor/lib/test/auto/arrayType7.xml (RunModel)" time="0.008" />
  <testcase classname="ptolemy.util.test.junit.AutoTests" name="[431] /home/travis/build/icyphy/ptII/ptolemy/actor/lib/test/auto/arrayType8.xml (RunModel)" time="0.009" />
  <testcase classname="ptolemy.util.test.junit.AutoTests" name="[432] /home/travis/build/icyphy/ptII/ptolemy/actor/lib/test/auto/arrayType9.xml (RunModel)" time="0.01" />
  <testcase classname="ptolemy.util.test.junit.AutoTests" name="[433] /home/travis/build/icyphy/ptII/ptolemy/actor/lib/test/auto/cast.xml (RunModel)" time="0.01" />
  <testcase classname="ptolemy.util.test.junit.AutoTests" name="[434] /home/travis/build/icyphy/ptII/ptolemy/actor/lib/test/auto/compositeMultiPort.xml (RunModel)" time="0.018" />
  <testcase classname="ptolemy.util.test.junit.AutoTests" name="[435] /home/travis/build/icyphy/ptII/ptolemy/actor/lib/test/auto/expressionCastInference.xml (RunModel)" time="0.014" />
  <testcase classname="ptolemy.util.test.junit.AutoTests" name="[436] /home/travis/build/icyphy/ptII/ptolemy/actor/lib/test/auto/expressionCastInference2.xml (RunModel)" time="0.009" />
  <testcase classname="ptolemy.util.test.junit.AutoTests" name="[437] /home/travis/build/icyphy/ptII/ptolemy/actor/lib/test/auto/expressionInference.xml (RunModel)" time="0.008" />
  <testcase classname="ptolemy.util.test.junit.AutoTests" name="[438] /home/travis/build/icyphy/ptII/ptolemy/actor/lib/test/auto/expression_bug.xml (RunModel)" time="0.009" />
  <testcase classname="ptolemy.util.test.junit.AutoTests" name="[439] /home/travis/build/icyphy/ptII/ptolemy/actor/lib/test/auto/factorial.xml (RunModel)" time="0.039" />
  <testcase classname="ptolemy.util.test.junit.AutoTests" name="[440] /home/travis/build/icyphy/ptII/ptolemy/actor/lib/test/auto/filterTest1.xml (RunModel)" time="0.014" />
  <testcase classname="ptolemy.util.test.junit.AutoTests" name="[441] /home/travis/build/icyphy/ptII/ptolemy/actor/lib/test/auto/funcApplyInConst.xml (RunModel)" time="0.007" />
  <testcase classname="ptolemy.util.test.junit.AutoTests" name="[442] /home/travis/build/icyphy/ptII/ptolemy/actor/lib/test/auto/funcApplyInExpr.xml (RunModel)" time="0.007" />
  <testcase classname="ptolemy.util.test.junit.AutoTests" name="[443] /home/travis/build/icyphy/ptII/ptolemy/actor/lib/test/auto/function.xml (RunModel)" time="0.01" />
  <testcase classname="ptolemy.util.test.junit.AutoTests" name="[444] /home/travis/build/icyphy/ptII/ptolemy/actor/lib/test/auto/function2.xml (RunModel)" time="0.009" />
  <testcase classname="ptolemy.util.test.junit.AutoTests" name="[445] /home/travis/build/icyphy/ptII/ptolemy/actor/lib/test/auto/function3.xml (RunModel)" time="0.034" />
  <testcase classname="ptolemy.util.test.junit.AutoTests" name="[446] /home/travis/build/icyphy/ptII/ptolemy/actor/lib/test/auto/functionClosureTest1.xml (RunModel)" time="0.016" />
  <testcase classname="ptolemy.util.test.junit.AutoTests" name="[447] /home/travis/build/icyphy/ptII/ptolemy/actor/lib/test/auto/functionClosureTest2.xml (RunModel)" time="0.006" />
  <testcase classname="ptolemy.util.test.junit.AutoTests" name="[448] /home/travis/build/icyphy/ptII/ptolemy/actor/lib/test/auto/functionClosureTest3.xml (RunModel)" time="0.009" />
  <testcase classname="ptolemy.util.test.junit.AutoTests" name="[449] /home/travis/build/icyphy/ptII/ptolemy/actor/lib/test/auto/functionClosureTest4.xml (RunModel)" time="0.018" />
  <testcase classname="ptolemy.util.test.junit.AutoTests" name="[450] /home/travis/build/icyphy/ptII/ptolemy/actor/lib/test/auto/functionClosureTest5.xml (RunModel)" time="0.012" />
  <testcase classname="ptolemy.util.test.junit.AutoTests" name="[451] /home/travis/build/icyphy/ptII/ptolemy/actor/lib/test/auto/functionClosureTest6.xml (RunModel)" time="0.007" />
  <testcase classname="ptolemy.util.test.junit.AutoTests" name="[452] /home/travis/build/icyphy/ptII/ptolemy/actor/lib/test/auto/functionsOnArcs.xml (RunModel)" time="0.009" />
  <testcase classname="ptolemy.util.test.junit.AutoTests" name="[453] /home/travis/build/icyphy/ptII/ptolemy/actor/lib/test/auto/functionsOnArcsHOF.xml (RunModel)" time="0.012" />
  <testcase classname="ptolemy.util.test.junit.AutoTests" name="[454] /home/travis/build/icyphy/ptII/ptolemy/actor/lib/test/auto/logic.xml (RunModel)" time="0.015" />
  <testcase classname="ptolemy.util.test.junit.AutoTests" name="[455] /home/travis/build/icyphy/ptII/ptolemy/actor/lib/test/auto/matrixType.xml (RunModel)" time="0.009" />
  <testcase classname="ptolemy.util.test.junit.AutoTests" name="[456] /home/travis/build/icyphy/ptII/ptolemy/actor/lib/test/auto/matrixType10.xml (RunModel)" time="0.01" />
  <testcase classname="ptolemy.util.test.junit.AutoTests" name="[457] /home/travis/build/icyphy/ptII/ptolemy/actor/lib/test/auto/matrixType11.xml (RunModel)" time="0.008" />
  <testcase classname="ptolemy.util.test.junit.AutoTests" name="[458] /home/travis/build/icyphy/ptII/ptolemy/actor/lib/test/auto/matrixType12.xml (RunModel)" time="0.011" />
  <testcase classname="ptolemy.util.test.junit.AutoTests" name="[459] /home/travis/build/icyphy/ptII/ptolemy/actor/lib/test/auto/matrixType13.xml (RunModel)" time="0.008" />
  <testcase classname="ptolemy.util.test.junit.AutoTests" name="[460] /home/travis/build/icyphy/ptII/ptolemy/actor/lib/test/auto/matrixType14.xml (RunModel)" time="0.011" />
  <testcase classname="ptolemy.util.test.junit.AutoTests" name="[461] /home/travis/build/icyphy/ptII/ptolemy/actor/lib/test/auto/matrixType2.xml (RunModel)" time="0.008" />
  <testcase classname="ptolemy.util.test.junit.AutoTests" name="[462] /home/travis/build/icyphy/ptII/ptolemy/actor/lib/test/auto/matrixType3.xml (RunModel)" time="0.01" />
  <testcase classname="ptolemy.util.test.junit.AutoTests" name="[463] /home/travis/build/icyphy/ptII/ptolemy/actor/lib/test/auto/matrixType4.xml (RunModel)" time="0.008" />
  <testcase classname="ptolemy.util.test.junit.AutoTests" name="[464] /home/travis/build/icyphy/ptII/ptolemy/actor/lib/test/auto/matrixType5.xml (RunModel)" time="0.008" />
  <testcase classname="ptolemy.util.test.junit.AutoTests" name="[465] /home/travis/build/icyphy/ptII/ptolemy/actor/lib/test/auto/matrixType6.xml (RunModel)" time="0.011" />
  <testcase classname="ptolemy.util.test.junit.AutoTests" name="[466] /home/travis/build/icyphy/ptII/ptolemy/actor/lib/test/auto/matrixType7.xml (RunModel)" time="0.009" />
  <testcase classname="ptolemy.util.test.junit.AutoTests" name="[467] /home/travis/build/icyphy/ptII/ptolemy/actor/lib/test/auto/matrixType8.xml (RunModel)" time="0.01" />
  <testcase classname="ptolemy.util.test.junit.AutoTests" name="[468] /home/travis/build/icyphy/ptII/ptolemy/actor/lib/test/auto/matrixType9.xml (RunModel)" time="0.007" />
  <testcase classname="ptolemy.util.test.junit.AutoTests" name="[469] /home/travis/build/icyphy/ptII/ptolemy/actor/lib/test/auto/paraFunctest.xml (RunModel)" time="0.008" />
  <testcase classname="ptolemy.util.test.junit.AutoTests" name="[470] /home/travis/build/icyphy/ptII/ptolemy/actor/lib/test/auto/paraFunctest2.xml (RunModel)" time="0.011" />
  <testcase classname="ptolemy.util.test.junit.AutoTests" name="[471] /home/travis/build/icyphy/ptII/ptolemy/actor/lib/test/auto/parameterPassing.xml (RunModel)" time="0.008" />
  <testcase classname="ptolemy.util.test.junit.AutoTests" name="[472] /home/travis/build/icyphy/ptII/ptolemy/actor/lib/test/auto/record.xml (RunModel)" time="0.009" />
  <testcase classname="ptolemy.util.test.junit.AutoTests" name="[473] /home/travis/build/icyphy/ptII/ptolemy/actor/lib/test/auto/sizedarray1.xml (RunModel)" time="0.009" />
  <testcase classname="ptolemy.util.test.junit.AutoTests" name="[474] /home/travis/build/icyphy/ptII/ptolemy/actor/lib/test/auto/sizedarray2.xml (RunModel)" time="0.008" />
  <testcase classname="ptolemy.util.test.junit.AutoTests" name="[475] /home/travis/build/icyphy/ptII/ptolemy/actor/lib/test/auto/twoPublishers.xml (RunModel)" time="0.019" />
  <system-out><![CDATA[/home/travis/build/icyphy/ptII/ptolemy/actor/lib/test/AbsoluteValue.tcl
testDefs.tcl: setting time out to 9000 seconds at Thu Mar 14 14:24:12 UTC 2019
85 ms. Memory: 116224K Free: 109641K (94%)
4 ms. Memory: 116224K Free: 108446K (93%)
4 ms. Memory: 116224K Free: 107857K (93%)
4 ms. Memory: 116224K Free: 106677K (92%)
/home/travis/build/icyphy/ptII/ptolemy/actor/lib/test/AddSubtract.tcl
8 ms. Memory: 116224K Free: 104877K (90%)
6 ms. Memory: 116224K Free: 104247K (90%)
14 ms. Memory: 116224K Free: 103069K (89%)
14 ms. Memory: 116224K Free: 102463K (88%)
14 ms. Memory: 116224K Free: 101874K (88%)
7 ms. Memory: 116224K Free: 100687K (87%)
/home/travis/build/icyphy/ptII/ptolemy/actor/lib/test/Average.tcl
7 ms. Memory: 116224K Free: 99500K (86%)
13 ms. Memory: 116224K Free: 97692K (84%)
/home/travis/build/icyphy/ptII/ptolemy/actor/lib/test/Bernoulli.tcl
14 ms. Memory: 116224K Free: 96490K (83%)
1 ms. Memory: 116224K Free: 95884K (82%)
/home/travis/build/icyphy/ptII/ptolemy/actor/lib/test/Clock.tcl
preinitializing
resolving types
initializing
executing number 1
wrapping up
idle
27 ms. Memory: 116224K Free: 93479K (80%)
Completed execution with 5 iterations
preinitializing
resolving types
initializing
executing number 1
wrapping up
idle
4 ms. Memory: 116224K Free: 92874K (80%)
Completed execution with 5 iterations
preinitializing
resolving types
initializing
executing number 1
wrapping up
idle
12 ms. Memory: 116224K Free: 92268K (79%)
Completed execution with 5 iterations
/home/travis/build/icyphy/ptII/ptolemy/actor/lib/test/Commutator.tcl
6 ms. Memory: 116224K Free: 90467K (78%)
6 ms. Memory: 116224K Free: 89273K (77%)
9 ms. Memory: 116224K Free: 84918K (73%)
/home/travis/build/icyphy/ptII/ptolemy/actor/lib/test/Const.tcl
3 ms. Memory: 116224K Free: 81915K (70%)
8 ms. Memory: 116224K Free: 81915K (70%)
7 ms. Memory: 116224K Free: 81325K (70%)
23 ms. Memory: 146944K Free: 140423K (96%)
2 ms. Memory: 146944K Free: 140023K (95%)
12 ms. Memory: 146944K Free: 138829K (94%)
5 ms. Memory: 146944K Free: 137652K (94%)
8 ms. Memory: 146944K Free: 136474K (93%)
/home/travis/build/icyphy/ptII/ptolemy/actor/lib/test/CurrentTime.tcl
preinitializing
resolving types
initializing
executing number 1
wrapping up
idle
20 ms. Memory: 146944K Free: 134103K (91%)
Completed execution with 11 iterations
/home/travis/build/icyphy/ptII/ptolemy/actor/lib/test/DB.tcl
4 ms. Memory: 146944K Free: 132925K (90%)
2 ms. Memory: 146944K Free: 131731K (90%)
2 ms. Memory: 146944K Free: 131731K (90%)
/home/travis/build/icyphy/ptII/ptolemy/actor/lib/test/DiscreteRandomSource.tcl
preinitializing
resolving types
initializing
executing number 1
wrapping up
idle
12 ms. Memory: 146944K Free: 130554K (89%)
Completed execution with 4 iterations
preinitializing
resolving types
initializing
executing number 1
wrapping up
idle
11 ms. Memory: 146944K Free: 129376K (88%)
Completed execution with 4 iterations
preinitializing
resolving types
initializing
executing number 1
wrapping up
idle
3 ms. Memory: 146944K Free: 129376K (88%)
Completed execution with 4 iterations
preinitializing
resolving types
initializing
executing number 1
wrapping up
idle
3 ms. Memory: 146944K Free: 128198K (87%)
Completed execution with 4 iterations
preinitializing
resolving types
initializing
executing number 1
wrapping up
idle
8 ms. Memory: 146944K Free: 128198K (87%)
Completed execution with 4 iterations
/home/travis/build/icyphy/ptII/ptolemy/actor/lib/test/Distributor.tcl
5 ms. Memory: 146944K Free: 127020K (86%)
11 ms. Memory: 146944K Free: 125843K (86%)
StreamChangeRequest.changeExecuted(): <deleteEntity name="rec2"/> succeeded
StreamChangeRequest.changeExecuted(): <deleteRelation name="r2"/> succeeded
StreamChangeRequest.changeExecuted(): Record firings per iteration succeeded
9 ms. Memory: 146944K Free: 123487K (84%)
/home/travis/build/icyphy/ptII/ptolemy/actor/lib/test/Exit.tcl
Exit.tcl: this will print a message about Manager.exitAfterWrapup, which can be ignored.
6 ms. Memory: 146944K Free: 120518K (82%)
/home/travis/build/icyphy/ptII/ptolemy/actor/lib/test/Expression.tcl
8 ms. Memory: 146944K Free: 116933K (80%)
10 ms. Memory: 146944K Free: 116933K (80%)
4 ms. Memory: 146944K Free: 115756K (79%)
preinitializing
resolving types
initializing
executing number 1
wrapping up
idle
6 ms. Memory: 146944K Free: 114578K (78%)
Completed execution with 6 iterations
4 ms. Memory: 146944K Free: 113400K (77%)
3 ms. Memory: 146944K Free: 112223K (76%)
4 ms. Memory: 146944K Free: 111045K (76%)
4 ms. Memory: 146944K Free: 109867K (75%)
5 ms. Memory: 146944K Free: 108689K (74%)
/home/travis/build/icyphy/ptII/ptolemy/actor/lib/test/Gaussian.tcl
10 ms. Memory: 146944K Free: 107512K (73%)
sleeping 1 seconds: ...........................................................................................................................................................................................................................................................................................................................................................................................................................................................................................................................................................................................................................................................................................................................................................................................................................................................................................................................................................................................................................................................................................................................................................................................................................................................................................................................................................................................................................................................................................................................................................................................................................................................................................................................................................................................................................................................................................................................................................................................................................................................................................................................................................................................................................................................................................................................................................................................................................................................................................................................................................................................................................................................................................................................................................................................................................................................................................................................................................................................................................................................................................................................................................................................................................................................................................................................................................................................................................................................................................................................................................................................................................................................................................................................................................................................................................................................................................................................................................................................................................................................................................................................................................................................................................................................................................................................................................................................................................................................................................................................................................................................................................................................................................................................................................................................................................................................................................................................................................................................................................................................................................................................................................................................................................................................................................................................................................................................................................................................................................................................................................................................................................................................................................................................................................................................................................................................................................................................................................................................................................................................................................................................................................................................................................................................................................................................................................................................................................................................................................................................................................................................................................................................................................................................................................................................................................................................................................................................................................................................................................................................................................................................................................................................................................................................................................................................................................................................................................................................................................................................................................................................................................................................................................................................................................................................................................................................................................................................................................................................................................................................................................................................................................................................................................................................................................................................................................................................................................................................................................................................................................................................................................................................................................................................................................................................................................................................................................................................................................................................................................................................................................................................................................................................................................................................................................................................................................................................................................................................................................................................................................................................................................................................................................................................................................................................................................................................................................................................................................................................................................................................................................................................................................................................................................................................................................................................................................................................................................................................................................................................................................................................................................................................................................................................................................................................................................................................................................................................................................................................................................................................................................................................................................................................................................................................................................................................................................................................................................................................................................................................................................................................................................................................................................................................................................................................................................................................................................................................................................................................................................................................................................................................................................................................................................................................................................................................................................................................................................................................................................................................................................................................................................................................................................................................................................................................................................................................................................................................................................................................................................................................................................................................................................................................................................................................................................................................................................................................................................................................................................................................................................................................................................................................................................................................................................................................................................................................................................................................................................................................................................................................................................................................................................................................................................................................................................................................................................................................................................................................................................................................................................................................................................................................................................................................................................................................................................................................................................................................................................................................................................................................................................................................................................................................................................................................................................................................................................................................................................................................................................................................................................................................................................................................................................................................................................................................................................................................................................................................................................................................................................................................................................................................................................................................................................................................................................................................................................................................................................................................................................................................................................................................................................................................................................................................................................................................................................................................................................................................................................................................................................................................................................................................................................................................................................................................................................................................................................................................................................................................................................................................................................................................................................................................................................................................................................................................................................................................................................................................................................................................................................................................................................................................................................................................................................................................................................................................................................................................................................................................................................................................................................................................................................................................................................................................................................................................................................................................................................................................................................................................................................................................................................................................................................................................................................................................................................................................................................................................................................................................................................................................................................................................................................................................................................................................................................................................................................................................................................................................................................................................................................................................................................................................................................................................................................................................................................................................................................................................................................................................................................................................................................................................................................................................................................................................................................................................................................................................................................................................................................................................................................................................................................................................................................................................................................................................................................................................................................................................................................................................................................................................................................................................................................................................................................................................................................................................................................................................................................................................................................................................................................................................................................................................................................................................................................................................................................................................................................................................................................................................................................................................................................................................................................................................................................................................................................................................................................................................................................................................................................................................................................................................................................................................................................................................................................................................................................................................................................................................................................................................................................................................................................................................................................................................................................................................................................................................................................................................................................................................................................................................................................................................................................................................................................................................................................................................................................................................................................................................................................................................................................................................................................................................................................................................................................................................................................................................................................................................................................................................................................................................................................................................................................................................................................................................................................................................................................................................................................................................................................................................................................................................................................................................................................................................................................................................................................................................................................................................................................................................................................................................................................................................................................................................................................................................................................................................................................................................................................................................................................................................................................................................................................................................................................................................................................................................................................................................................................................................................................................................................................................................................................................................................................................................................................................................................................................................................................................................................................................................................................................................................................................................................................................................................................................................................................................................................................................................................................................................................................................................................................................................................................................................................................................................................................................................................................................................................................................................................................................................................................................................................................................................................................................................................................................................................................................................................................................................................................................................................................................................................................................................................................................................................................................................................................................................................................................................................................................................................................................................................................................................................................................................................................................................................................................................................................................................................................................................................................................................................................................................................................................................................................................................................................................................................................................................................................................................................................................................................................................................................................................................................................................................................................................................................................................................................................................................................................................................................................................................................................................................................................................................................................................................................................................................................................................................................................................................................................................................................................................................................................................................................................................................................................................................................................................................................................................................................................................................................................................................................................................................................................................................................................................................................................................................................................................................................................................................................................................................................................................................................................................................................................................................................................................................................................................................................................................................................................................................................................................................................................................................................................................................................................................................................................................................................................................................................................................................................................................................................................................................................................................................................................................................................................................................................................................................................................................................................................................................................................................................................................................................................................................................................................................................................................................................................................................................................................................................................................................................................................................................................................................................................................................................................................................................................................................................................................................................................................................................................................................................................................................................................................................................................................................................................................................................................................................................................................................................................................................................................................................................................................................................................................................................................................................................................................................................................................................................................................................................................................................................................................................................................................................................................................................................................................................................................................................................................................................................................................................................................................................................................................................................................................................................................................................................................................................................................................................................................................................................................................................................................................................................................................................................................................................................................................................................................................................................................................................................................................................................................................................................................................................................................................................................................................................................................................................................................................................................................................................................................................................................................................................................................................................................................................................................................................................................................................................................................................................................................................................................................................................................................................................................................................................................................................................................................................................................................................................................................................................................................................................................................................................................................................................................................................................................................................................................................................................................................................................................................................................................................................................................................................................................................................................................................................................................................................................................................................................................................................................................................................................................................................................................................................................................................................................................................................................................................................................................................................................................................................................................................................................................................................................................................................................................................................................................................................................................................................................................................................................................................................................................................................................................................................................................................................................................................................................................................................................................................................................................................................................................................................................................................................................................................................................................................................................................................................................................................................................................................................................................................................................................................................................................................................................................................................................................................................................................................................................................................................................................................................................................................................................................................................................................................................................................................................................................................................................................................................................................................................................................................................................................................................................................................................................................................................................................................................................................................................................................................................................................................................................................................................................................................................................................................................................................................................................................................................................................................................................................................................................................................................................................................................................................................................................................................................................................................................................................................................................................................................................................................................................................................................................................................................................................................................................................................................................................................................................................................................................................................................................................................................................................................................................................................................................................................................................................................................................................................................................................................................................................................................................................................................................................................................................................................................................................................................................................................................................................................................................................................................................................................................................................................................................................................................................................................................................................................................................................................................................................................................................................................................................................................................................................................................................................................................................................................................................................................................................................................................................................................................................................................................................................................................................................................................................................................................................................................................................................................................................................................................................................................................................................................................................................................................................................................................................................................................................................................................................................................................................................................................................................................................................................................................................................................................................................................................................................................................................................................................................................................................................................................................................................................................................................................................................................................................................................................................................................................................................................................................................................................................................................................................................................................................................................................................................................................................................................................................................................................................................................................................................................................................................................................................................................................................................................................................................................................................................................................................................................................................................................................................................................................................................................................................................................................................................................................................................................................................................................................................................................................................................................................................................................................................................................................................................................................................................................................................................................................................................................................................................................................................................................................................................................................................................................................................................................................................................................................................................................................................................................................................................................................................................................................................................................................................................................................................................................................................................................................................................................................................................................................................................................................................................................................................................................................................................................................................................................................................................................................................................................................................................................................................................................................................................................................................................................................................................................................................................................................................................................................................................................................................................................................................................................................................................................................................................................................................................................................................................................................................................................................................................................................................................................................................................................................................................................................................................................................................................................................................................................................................................................................................................................................................................................................................................................................................................................................................................................................................................................................................................................................................................................................................................................................................................................................................................................................................................................................................................................................................................................................................................................................................................................................................................................................................................................................................................................................................................................................................................................................................................................................................................................................................................................................................................................................................................................................................................................................................................................................................................................................................................................................................................................................................................................................................................................................................................................................................................................................................................................................................................................................................................................................................................................................................................................................................................................................................................................................................................................................................................................................................................................................................................................................................................................................................................................................................................................................................................................................................................................................................................................................................................................................................................................................................................................................................................................................................................................................................................................................................................................................................................................................................................................................................................................................................................................................................................................................................................................................................................................................................................................................................................................................................................................................................................................................................................................................................................................................................................................................................................................................................................................................................................................................................................................................................................................................................................................................................................................................................................................................................................................................................................................................................................................................................................................................................................................................................................................................................................................................................................................................................................................................................................................................................................................................................................................................................................................................................................................................................................................................................................................................................................................................................................................................................................................................................................................................................................................................................................................................................................................................................................................................................................................................................................................................................................................................................................................................................................................................................................................................................................................................................................................................................................................................................................................................................................................................................................................................................................................................................................................................................................................................................................................................................................................................................................................................................................................................................................................................................................................................................................................................................................................................................................................................................................................................................................................................................................................................................................................................................................................................................................................................................................................................................................................................................................................................................................................................................................................................................................................................................................................................................................................................................................................................................................................................................................................................................................................................................................................................................................................................................................................................................................................................................................................................................................................................................................................................................................................................................................................................................................................................................................................................................................................................................................................................................................................................................................................................................................................................................................................................................................................................................................................................................................................................................................................................................................................................................................................................................................................................................................................................................................................................................................................................................................................................................................................................................................................................................................................................................................................................................................................................................................................................................................................................................................................................................................................................................................................................................................................................................................................................................................................................................................................................................................................................................................................................................................................................................................................................................................................................................................................................................................................................................................................................................................................................................................................................................................................................................................................................................................................................................................................................................................................................................................................................................................................................................................................................................................................................................................................................................................................................................................................................................................................................................................................................................................................................................................................................................................................................................................................................................................................................................................................................................................................................................................................................................................................................................................................................................................................................................................................................................................................................................................................................................................................................................................................................................................................................................................................................................................................................................................................................................................................................................................................................................................................................................................................................................................................................................................................................................................................................................................................................................................................................................................................................................................................................................................................................................................................................................................................................................................................................................................................................................................................................................................................................................................................................................................................................................................................................................................................................................................................................................................................................................................................................................................................................................................................................................................................................................................................................................................................................................................................................................................................................................................................................................................................................................................................................................................................................................................................................................................................................................................................................................................................................................................................................................................................................................................................................................................................................................................................................................................................................................................................................................................................................................................................................................................................................................................................................................................................................................................................................................................................................................................................................................................................................................................................................................................................................................................................................................................................................................................................................................................................................................................................................................................................................................................................................................................................................................................................................................................................................................................................................................................................................................................................................................................................................................................................................................................................................................................................................................................................................................................................................................................................................................................................................................................................................................................................................................................................................................................................................................................................................................................................................................................................................................................................................................................................................................................................................................................................................................................................................................................................................................................................................................................................................................................................................................................................................................................................................................................................................................................................................................................................................................................................................................................................................................................................................................................................................................................................................................................................................................................................................................................................................................................................................................................................................................................................................................................................................................................................................................................................................................................................................................................................................................................................................................................................................................................................................................................................................................................................................................................................................................................................................................................................................................................................................................................................................................................................................................................................................................................................................................................................................................................................................................................................................................................................................................................................................................................................................................................................................................................................................................................................................................................................................................................................................................................................................................................................................................................................................................................................................................................................................................................................................................................................................................................................................................................................................................................................................................................................................................................................................................................................................................................................................................................................................................................................................................................................................................................................................................................................................................................................................................................................................................................................................................................................................................................................................................................................................................................................................................................................................................................................................................................................................................................................................................................................................................................................................................................................................................................................................................................................................................................................................................................................................................................................................................................................................................................................................................................................................................................................................................................................................................................................................................................................................................................................................................................................................................................................................................................................................................................................................................................................................................................................................................................................................................................................................................................................................................................................................................................................................................................................................................................................................................................................................................................................................................................................................................................................................................................................................................................................................................................................................................................................................................................................................................................................................................................................................................................................................................................................................................................................................................................................................................................................................................................................................................................................................................................................................................................................................................................................................................................................................................................................................................................................................................................................................................................................................................................................................................................................................................................................................................................................................................................................................................................................................................................................................................................................................................................................................................................................................................................................................................................................................................................................................................................................................................................................................................................................................................................................................................................................................................................................................................................................................................................................................................................................................................................................................................................................................................................................................................................................................................................................................................................................................................................................................................................................................................................................................................................................................................................................................................2 ms. Memory: 331776K Free: 312120K (94%)
2 ms. Memory: 331776K Free: 312120K (94%)
1 ms. Memory: 331776K Free: 311445K (94%)
2 ms. Memory: 331776K Free: 306607K (92%)
2 ms. Memory: 331776K Free: 306607K (92%)
/home/travis/build/icyphy/ptII/ptolemy/actor/lib/test/IIR.tcl
/home/travis/build/icyphy/ptII/ptolemy/actor/lib/test/Interpolator.tcl
4 ms. Memory: 331776K Free: 301768K (91%)
5 ms. Memory: 331776K Free: 301768K (91%)
3 ms. Memory: 331776K Free: 301768K (91%)
2 ms. Memory: 331776K Free: 301768K (91%)
8 ms. Memory: 331776K Free: 301768K (91%)
6 ms. Memory: 331776K Free: 301768K (91%)
2 ms. Memory: 331776K Free: 301768K (91%)
2 ms. Memory: 331776K Free: 296930K (89%)
2 ms. Memory: 331776K Free: 296930K (89%)
6 ms. Memory: 331776K Free: 296930K (89%)
/home/travis/build/icyphy/ptII/ptolemy/actor/lib/test/MathFunction.tcl
5 ms. Memory: 331776K Free: 296930K (89%)
2 ms. Memory: 331776K Free: 292092K (88%)
2 ms. Memory: 331776K Free: 292092K (88%)
3 ms. Memory: 331776K Free: 292092K (88%)
8 ms. Memory: 331776K Free: 292092K (88%)
11 ms. Memory: 331776K Free: 287253K (87%)
/home/travis/build/icyphy/ptII/ptolemy/actor/lib/test/Maximum.tcl
4 ms. Memory: 331776K Free: 287253K (87%)
8 ms. Memory: 331776K Free: 287253K (87%)
2 ms. Memory: 331776K Free: 287253K (87%)
11 ms. Memory: 331776K Free: 282415K (85%)
/home/travis/build/icyphy/ptII/ptolemy/actor/lib/test/Minimum.tcl
6 ms. Memory: 331776K Free: 282415K (85%)
3 ms. Memory: 331776K Free: 282415K (85%)
2 ms. Memory: 331776K Free: 282415K (85%)
3 ms. Memory: 331776K Free: 282415K (85%)
/home/travis/build/icyphy/ptII/ptolemy/actor/lib/test/MultiplyDivide.tcl
9 ms. Memory: 331776K Free: 277576K (84%)
8 ms. Memory: 331776K Free: 277576K (84%)
3 ms. Memory: 331776K Free: 277576K (84%)
3 ms. Memory: 331776K Free: 277576K (84%)
7 ms. Memory: 331776K Free: 277576K (84%)
/home/travis/build/icyphy/ptII/ptolemy/actor/lib/test/OrderedMerge.tcl
Connections changed on port: inputA
Connections changed on port: inputB
Connections changed on port: output
Connections changed on port: output
Connections changed on port: output
Connections changed on port: input
.top. Preinitializing ...
Invoking preinitialize():  .top.OrderedMerge
Called preinitialize()
Invoking preinitialize():  .top.Ramp
Called preinitialize()
Invoking preinitialize():  .top.Ramp2
Called preinitialize()
Invoking preinitialize():  .top.Test
Called preinitialize()
Connections changed on port: inputA
Connections changed on port: output
Connections changed on port: inputB
Connections changed on port: output
Connections changed on port: output
Connections changed on port: input
.top. Finished preinitialize().
Called initialize().
Invoking initialize():  .top.OrderedMerge
Initializing actor: .top.OrderedMerge
Adding a thread: .top.OrderedMerge
Invoking initialize():  .top.Ramp
Initializing actor: .top.Ramp
Adding a thread: .top.Ramp
Invoking initialize():  .top.Ramp2
Initializing actor: .top.Ramp2
Adding a thread: .top.Ramp2
Invoking initialize():  .top.Test
Initializing actor: .top.Test
Adding a thread: .top.Test
-- Starting thread.
Called initialize()
Called prefire()
Called fire()
-- Starting thread.
Called initialize()
Called prefire()
Called fire()
Called postfire()
Called prefire()
Called fire()
-- Starting thread.
Called initialize()
Called prefire()
Called fire()
Called postfire()
Called prefire()
Called fire()
Called fire().
Checking for deadlock:
There are 3 Blocked actors, 0 Stopped actors, and 4 active threads.
Waiting for actors to stop.
-- Starting thread.
Called initialize()
Called prefire()
Called fire()
Checking for deadlock:
There are 2 Blocked actors, 0 Stopped actors, and 4 active threads.
Waiting for actors to stop.
Called postfire()
Called prefire()
Called fire()
Checking for deadlock:
There are 3 Blocked actors, 0 Stopped actors, and 4 active threads.
Waiting for actors to stop.
Read input token from inputA with value 0.0
Next port to read input from is inputB
Called postfire()
Called prefire()
Called fire()
Checking for deadlock:
There are 2 Blocked actors, 0 Stopped actors, and 4 active threads.
Waiting for actors to stop.
Called postfire()
Called prefire()
Called fire()
Checking for deadlock:
There are 3 Blocked actors, 0 Stopped actors, and 4 active threads.
Waiting for actors to stop.
Read input token from inputB with value 0.0
Checking for deadlock:
There are 2 Blocked actors, 0 Stopped actors, and 4 active threads.
Waiting for actors to stop.
-- Read input: 0.0, which is expected to match: 0.0
Called prefire()
Called fire()
Checking for deadlock:
There are 3 Blocked actors, 0 Stopped actors, and 4 active threads.
Waiting for actors to stop.
Sent output token with value 0.0
Next port to read input from is inputA
Called postfire()
Called prefire()
Called fire()
Checking for deadlock:
There are 2 Blocked actors, 0 Stopped actors, and 4 active threads.
Waiting for actors to stop.
Called postfire()
Called prefire()
Called fire()
Checking for deadlock:
There are 3 Blocked actors, 0 Stopped actors, and 4 active threads.
Waiting for actors to stop.
Read input token from inputA with value 1.0
Checking for deadlock:
There are 2 Blocked actors, 0 Stopped actors, and 4 active threads.
Waiting for actors to stop.
-- Read input: 0.0, which is expected to match: 0.0
Called prefire()
Called fire()
Checking for deadlock:
There are 3 Blocked actors, 0 Stopped actors, and 4 active threads.
Waiting for actors to stop.
Sent output token with value 0.0
Next port to read input from is inputB
Called postfire()
Called prefire()
Called fire()
Checking for deadlock:
There are 2 Blocked actors, 0 Stopped actors, and 4 active threads.
Waiting for actors to stop.
Called postfire()
Called prefire()
Called fire()
Checking for deadlock:
There are 3 Blocked actors, 0 Stopped actors, and 4 active threads.
Waiting for actors to stop.
Read input token from inputB with value 1.5
Checking for deadlock:
There are 2 Blocked actors, 0 Stopped actors, and 4 active threads.
Waiting for actors to stop.
-- Read input: 1.0, which is expected to match: 1.0
Called prefire()
Called fire()
Checking for deadlock:
There are 3 Blocked actors, 0 Stopped actors, and 4 active threads.
Waiting for actors to stop.
Sent output token with value 1.0
Next port to read input from is inputA
Called postfire()
Called prefire()
Called fire()
Checking for deadlock:
There are 2 Blocked actors, 0 Stopped actors, and 4 active threads.
Waiting for actors to stop.
Called postfire()
Called prefire()
Called fire()
Checking for deadlock:
There are 3 Blocked actors, 0 Stopped actors, and 4 active threads.
Waiting for actors to stop.
Read input token from inputA with value 2.0
Checking for deadlock:
There are 2 Blocked actors, 0 Stopped actors, and 4 active threads.
Waiting for actors to stop.
-- Read input: 1.5, which is expected to match: 1.5
Called prefire()
Called fire()
Checking for deadlock:
There are 3 Blocked actors, 0 Stopped actors, and 4 active threads.
Waiting for actors to stop.
Sent output token with value 1.5
Next port to read input from is inputB
Called postfire()
Called prefire()
Called fire()
Checking for deadlock:
There are 2 Blocked actors, 0 Stopped actors, and 4 active threads.
Waiting for actors to stop.
Called postfire()
Called prefire()
Called fire()
Checking for deadlock:
There are 3 Blocked actors, 0 Stopped actors, and 4 active threads.
Waiting for actors to stop.
Read input token from inputB with value 3.0
Checking for deadlock:
There are 2 Blocked actors, 0 Stopped actors, and 4 active threads.
Waiting for actors to stop.
-- Read input: 2.0, which is expected to match: 2.0
Called prefire()
Called fire()
Checking for deadlock:
There are 3 Blocked actors, 0 Stopped actors, and 4 active threads.
Waiting for actors to stop.
Sent output token with value 2.0
Next port to read input from is inputA
Called postfire()
Called prefire()
Called fire()
Checking for deadlock:
There are 2 Blocked actors, 0 Stopped actors, and 4 active threads.
Waiting for actors to stop.
Called postfire()
Called prefire()
Called fire()
Checking for deadlock:
There are 3 Blocked actors, 0 Stopped actors, and 4 active threads.
Waiting for actors to stop.
Read input token from inputA with value 3.0
Checking for deadlock:
There are 2 Blocked actors, 0 Stopped actors, and 4 active threads.
Waiting for actors to stop.
-- Read input: 3.0, which is expected to match: 3.0
Called prefire()
Called fire()
Checking for deadlock:
There are 3 Blocked actors, 0 Stopped actors, and 4 active threads.
Waiting for actors to stop.
Sent output token with value 3.0
Next port to read input from is inputB
Called postfire()
Called prefire()
Called fire()
Checking for deadlock:
There are 2 Blocked actors, 0 Stopped actors, and 4 active threads.
Waiting for actors to stop.
Called postfire()
Called prefire()
Called fire()
Checking for deadlock:
There are 3 Blocked actors, 0 Stopped actors, and 4 active threads.
Waiting for actors to stop.
Read input token from inputB with value 4.5
Checking for deadlock:
There are 2 Blocked actors, 0 Stopped actors, and 4 active threads.
Waiting for actors to stop.
-- Read input: 3.0, which is expected to match: 3.0
Called prefire()
Called fire()
Checking for deadlock:
There are 3 Blocked actors, 0 Stopped actors, and 4 active threads.
Waiting for actors to stop.
Sent output token with value 3.0
Next port to read input from is inputA
Called postfire()
Called prefire()
Called fire()
Checking for deadlock:
There are 2 Blocked actors, 0 Stopped actors, and 4 active threads.
Waiting for actors to stop.
Called postfire()
Called prefire()
Called fire()
Checking for deadlock:
There are 3 Blocked actors, 0 Stopped actors, and 4 active threads.
Waiting for actors to stop.
Read input token from inputA with value 4.0
Checking for deadlock:
There are 2 Blocked actors, 0 Stopped actors, and 4 active threads.
Waiting for actors to stop.
-- Read input: 4.0, which is expected to match: 4.0
Called prefire()
Called fire()
Past the end of training data. Read and discard all inputs.
Checking for deadlock:
There are 3 Blocked actors, 0 Stopped actors, and 4 active threads.
Waiting for actors to stop.
Sent output token with value 4.0
Next port to read input from is inputA
Called postfire()
Called prefire()
Called fire()
Checking for deadlock:
There are 2 Blocked actors, 0 Stopped actors, and 4 active threads.
Waiting for actors to stop.
Called postfire()
Called prefire()
Called fire()
Checking for deadlock:
There are 3 Blocked actors, 0 Stopped actors, and 4 active threads.
Waiting for actors to stop.
Read input token from inputA with value 5.0
Checking for deadlock:
There are 2 Blocked actors, 0 Stopped actors, and 4 active threads.
Waiting for actors to stop.
Called prefire()
Called fire()
Past the end of training data. Read and discard all inputs.
Checking for deadlock:
There are 3 Blocked actors, 0 Stopped actors, and 4 active threads.
Waiting for actors to stop.
Sent output token with value 4.5
Next port to read input from is inputB
Called postfire()
Called prefire()
Called fire()
Checking for deadlock:
There are 2 Blocked actors, 0 Stopped actors, and 4 active threads.
Waiting for actors to stop.
Called postfire()
Called prefire()
Called fire()
Checking for deadlock:
There are 3 Blocked actors, 0 Stopped actors, and 4 active threads.
Waiting for actors to stop.
Read input token from inputB with value 6.0
Checking for deadlock:
There are 2 Blocked actors, 0 Stopped actors, and 4 active threads.
Waiting for actors to stop.
Called prefire()
Called fire()
Past the end of training data. Read and discard all inputs.
Checking for deadlock:
There are 3 Blocked actors, 0 Stopped actors, and 4 active threads.
Waiting for actors to stop.
Sent output token with value 5.0
Next port to read input from is inputA
Called postfire()
Called prefire()
Called fire()
Checking for deadlock:
There are 2 Blocked actors, 0 Stopped actors, and 4 active threads.
Waiting for actors to stop.
Called postfire()
Called prefire()
Called fire()
Checking for deadlock:
There are 3 Blocked actors, 0 Stopped actors, and 4 active threads.
Waiting for actors to stop.
Read input token from inputA with value 6.0
Checking for deadlock:
There are 2 Blocked actors, 0 Stopped actors, and 4 active threads.
Waiting for actors to stop.
Called prefire()
Called fire()
Past the end of training data. Read and discard all inputs.
Checking for deadlock:
There are 3 Blocked actors, 0 Stopped actors, and 4 active threads.
Waiting for actors to stop.
Sent output token with value 6.0
Next port to read input from is inputB
Called postfire()
Called prefire()
Called fire()
Checking for deadlock:
There are 2 Blocked actors, 0 Stopped actors, and 4 active threads.
Waiting for actors to stop.
Called postfire()
Called prefire()
Called fire()
Checking for deadlock:
There are 3 Blocked actors, 0 Stopped actors, and 4 active threads.
Waiting for actors to stop.
Read input token from inputB with value 7.5
Checking for deadlock:
There are 2 Blocked actors, 0 Stopped actors, and 4 active threads.
Waiting for actors to stop.
Called prefire()
Called fire()
Past the end of training data. Read and discard all inputs.
Checking for deadlock:
There are 3 Blocked actors, 0 Stopped actors, and 4 active threads.
Waiting for actors to stop.
Sent output token with value 6.0
Next port to read input from is inputA
Called postfire()
Called prefire()
Called fire()
Checking for deadlock:
There are 2 Blocked actors, 0 Stopped actors, and 4 active threads.
Waiting for actors to stop.
Called postfire()
Called prefire()
Called fire()
Checking for deadlock:
There are 3 Blocked actors, 0 Stopped actors, and 4 active threads.
Waiting for actors to stop.
Read input token from inputA with value 7.0
Checking for deadlock:
There are 2 Blocked actors, 0 Stopped actors, and 4 active threads.
Waiting for actors to stop.
Called prefire()
Called fire()
Past the end of training data. Read and discard all inputs.
Checking for deadlock:
There are 3 Blocked actors, 0 Stopped actors, and 4 active threads.
Waiting for actors to stop.
Sent output token with value 7.0
Next port to read input from is inputA
Called postfire()
Called prefire()
Called fire()
Checking for deadlock:
There are 2 Blocked actors, 0 Stopped actors, and 4 active threads.
Waiting for actors to stop.
-- Thread wrapup() called.
Called wrapup()
Thread .top.Ramp is exiting.
-- Thread stopped.
Checking for deadlock:
There are 2 Blocked actors, 0 Stopped actors, and 3 active threads.
Waiting for actors to stop.
Read input token from inputA with value 8.0
Checking for deadlock:
There are 1 Blocked actors, 0 Stopped actors, and 3 active threads.
Waiting for actors to stop.
Called prefire()
Called fire()
Past the end of training data. Read and discard all inputs.
Checking for deadlock:
There are 2 Blocked actors, 0 Stopped actors, and 3 active threads.
Waiting for actors to stop.
Sent output token with value 7.5
Next port to read input from is inputB
Called postfire()
Called prefire()
Called fire()
Checking for deadlock:
There are 1 Blocked actors, 0 Stopped actors, and 3 active threads.
Waiting for actors to stop.
Called postfire()
Called prefire()
Called fire()
Checking for deadlock:
There are 2 Blocked actors, 0 Stopped actors, and 3 active threads.
Waiting for actors to stop.
Read input token from inputB with value 9.0
Checking for deadlock:
There are 1 Blocked actors, 0 Stopped actors, and 3 active threads.
Waiting for actors to stop.
Called prefire()
Called fire()
Past the end of training data. Read and discard all inputs.
Checking for deadlock:
There are 2 Blocked actors, 0 Stopped actors, and 3 active threads.
Waiting for actors to stop.
Sent output token with value 8.0
Next port to read input from is inputA
Called postfire()
Called prefire()
Called fire()
Read input token from inputA with value 9.0
Checking for deadlock:
There are 1 Blocked actors, 0 Stopped actors, and 3 active threads.
Waiting for actors to stop.
Called prefire()
Called fire()
Past the end of training data. Read and discard all inputs.
Checking for deadlock:
There are 2 Blocked actors, 0 Stopped actors, and 3 active threads.
Waiting for actors to stop.
Sent output token with value 9.0
Next port to read input from is inputB
Called postfire()
Called prefire()
Called fire()
Checking for deadlock:
There are 1 Blocked actors, 0 Stopped actors, and 3 active threads.
Waiting for actors to stop.
Called postfire()
Called prefire()
Called fire()
Checking for deadlock:
There are 2 Blocked actors, 0 Stopped actors, and 3 active threads.
Waiting for actors to stop.
Read input token from inputB with value 10.5
Checking for deadlock:
There are 1 Blocked actors, 0 Stopped actors, and 3 active threads.
Waiting for actors to stop.
Called prefire()
Called fire()
Past the end of training data. Read and discard all inputs.
Checking for deadlock:
There are 2 Blocked actors, 0 Stopped actors, and 3 active threads.
Waiting for actors to stop.
Sent output token with value 9.0
Next port to read input from is inputA
Called postfire()
Called prefire()
Called fire()
Checking for deadlock:
There are 3 Blocked actors, 0 Stopped actors, and 3 active threads.
Actors have stopped.
Checking for deadlock:
There are 3 Blocked actors, 0 Stopped actors, and 3 active threads.
Deadlock detected.
Resolving Deadlock
Checking for deadlock:
There are 3 Blocked actors, 0 Stopped actors, and 3 active threads.
Artificial Deadlock - increasing queue capacity.
increasing the capacity of receiver ptolemy.actor.TypedIOPort {.top.OrderedMerge.inputB} to 2
Director: Called postfire().
Called postfire().
_stopRequested = false
_stopFireRequested = false
Returning from postfire(): true
Called fire().
Checking for deadlock:
There are 2 Blocked actors, 0 Stopped actors, and 3 active threads.
Waiting for actors to stop.
-- Thread wrapup() called.
Called wrapup()
Thread .top.Ramp2 is exiting.
-- Thread stopped.
Checking for deadlock:
There are 2 Blocked actors, 0 Stopped actors, and 2 active threads.
Actors have stopped.
Checking for deadlock:
There are 2 Blocked actors, 0 Stopped actors, and 2 active threads.
Deadlock detected.
Resolving Deadlock
Checking for deadlock:
There are 2 Blocked actors, 0 Stopped actors, and 2 active threads.
Deadlock detected: no processes blocked on write, but some are blocked on read.
Called postfire().
_stopRequested = false
_stopFireRequested = false
Returning from postfire(): false
Finished deactivating branches.
Called wrapup().
-- Thread wrapup() called.
Called wrapup()
Thread .top.Test is exiting.
-- Thread stopped.
-- Blocked Receiver call threw TerminateProcessException.
-- Thread wrapup() called.
Called wrapup()
Thread .top.OrderedMerge is exiting.
34 ms. Memory: 331776K Free: 262907K (79%)
.top. Preinitializing ...
Invoking preinitialize():  .top.OrderedMerge
Called preinitialize()
Invoking preinitialize():  .top.Ramp
Called preinitialize()
Invoking preinitialize():  .top.Ramp2
Called preinitialize()
Invoking preinitialize():  .top.Test
Called preinitialize()
.top. Finished preinitialize().
Called initialize().
Invoking initialize():  .top.OrderedMerge
Initializing actor: .top.OrderedMerge
Adding a thread: .top.OrderedMerge
Invoking initialize():  .top.Ramp
Initializing actor: .top.Ramp
Adding a thread: .top.Ramp
Invoking initialize():  .top.Ramp2
Initializing actor: .top.Ramp2
Adding a thread: .top.Ramp2
Invoking initialize():  .top.Test
Initializing actor: .top.Test
Adding a thread: .top.Test
-- Thread stopped.
-- Blocked Receiver call threw TerminateProcessException.
-- Starting thread.
Called initialize()
Called prefire()
Called fire()
-- Starting thread.
Called initialize()
Called prefire()
Called fire()
Called postfire()
Called prefire()
Called fire()
-- Starting thread.
Called initialize()
Called prefire()
Called fire()
Called postfire()
Called prefire()
Called fire()
Called fire().
Checking for deadlock:
There are 3 Blocked actors, 0 Stopped actors, and 4 active threads.
Waiting for actors to stop.
-- Starting thread.
Called initialize()
Called prefire()
Called fire()
Checking for deadlock:
There are 2 Blocked actors, 0 Stopped actors, and 4 active threads.
Waiting for actors to stop.
Called postfire()
Called prefire()
Called fire()
Checking for deadlock:
There are 3 Blocked actors, 0 Stopped actors, and 4 active threads.
Waiting for actors to stop.
Read input token from inputA with value 0.0
Next port to read input from is inputB
Called postfire()
Called prefire()
Called fire()
Checking for deadlock:
There are 2 Blocked actors, 0 Stopped actors, and 4 active threads.
Waiting for actors to stop.
Called postfire()
Called prefire()
Called fire()
Checking for deadlock:
There are 3 Blocked actors, 0 Stopped actors, and 4 active threads.
Waiting for actors to stop.
Read input token from inputB with value 0.0
Checking for deadlock:
There are 2 Blocked actors, 0 Stopped actors, and 4 active threads.
Waiting for actors to stop.
-- Read input: 0.0, which is expected to match: 0.0
Called prefire()
Called fire()
Checking for deadlock:
There are 3 Blocked actors, 0 Stopped actors, and 4 active threads.
Waiting for actors to stop.
Sent output token with value 0.0
Next port to read input from is inputA
Called postfire()
Called prefire()
Called fire()
Checking for deadlock:
There are 2 Blocked actors, 0 Stopped actors, and 4 active threads.
Waiting for actors to stop.
Called postfire()
Called prefire()
Called fire()
Checking for deadlock:
There are 3 Blocked actors, 0 Stopped actors, and 4 active threads.
Waiting for actors to stop.
Read input token from inputA with value 1.0
Checking for deadlock:
There are 2 Blocked actors, 0 Stopped actors, and 4 active threads.
Waiting for actors to stop.
-- Read input: 0.0, which is expected to match: 0.0
Called prefire()
Called fire()
Checking for deadlock:
There are 3 Blocked actors, 0 Stopped actors, and 4 active threads.
Waiting for actors to stop.
Sent output token with value 0.0
Next port to read input from is inputB
Called postfire()
Called prefire()
Called fire()
Checking for deadlock:
There are 2 Blocked actors, 0 Stopped actors, and 4 active threads.
Waiting for actors to stop.
Called postfire()
Called prefire()
Called fire()
Checking for deadlock:
There are 3 Blocked actors, 0 Stopped actors, and 4 active threads.
Waiting for actors to stop.
Read input token from inputB with value 1.5
Checking for deadlock:
There are 2 Blocked actors, 0 Stopped actors, and 4 active threads.
Waiting for actors to stop.
-- Read input: 1.0, which is expected to match: 1.0
Called prefire()
Called fire()
Checking for deadlock:
There are 3 Blocked actors, 0 Stopped actors, and 4 active threads.
Waiting for actors to stop.
Sent output token with value 1.0
Next port to read input from is inputA
Called postfire()
Called prefire()
Called fire()
Checking for deadlock:
There are 2 Blocked actors, 0 Stopped actors, and 4 active threads.
Waiting for actors to stop.
Called postfire()
Called prefire()
Called fire()
Checking for deadlock:
There are 3 Blocked actors, 0 Stopped actors, and 4 active threads.
Waiting for actors to stop.
Read input token from inputA with value 2.0
Checking for deadlock:
There are 2 Blocked actors, 0 Stopped actors, and 4 active threads.
Waiting for actors to stop.
-- Read input: 1.5, which is expected to match: 1.5
Called prefire()
Called fire()
Checking for deadlock:
There are 3 Blocked actors, 0 Stopped actors, and 4 active threads.
Waiting for actors to stop.
Sent output token with value 1.5
Next port to read input from is inputB
Called postfire()
Called prefire()
Called fire()
Checking for deadlock:
There are 2 Blocked actors, 0 Stopped actors, and 4 active threads.
Waiting for actors to stop.
Called postfire()
Called prefire()
Called fire()
Checking for deadlock:
There are 3 Blocked actors, 0 Stopped actors, and 4 active threads.
Waiting for actors to stop.
Read input token from inputB with value 3.0
Checking for deadlock:
There are 2 Blocked actors, 0 Stopped actors, and 4 active threads.
Waiting for actors to stop.
-- Read input: 2.0, which is expected to match: 2.0
Called prefire()
Called fire()
Checking for deadlock:
There are 3 Blocked actors, 0 Stopped actors, and 4 active threads.
Waiting for actors to stop.
Sent output token with value 2.0
Next port to read input from is inputA
Called postfire()
Called prefire()
Called fire()
Called postfire()
Called prefire()
Called fire()
Checking for deadlock:
There are 3 Blocked actors, 0 Stopped actors, and 4 active threads.
Waiting for actors to stop.
Read input token from inputA with value 3.0
-- Read input: 3.0, which is expected to match: 3.0
Called prefire()
Called fire()
Checking for deadlock:
There are 3 Blocked actors, 0 Stopped actors, and 4 active threads.
Waiting for actors to stop.
Sent output token with value 3.0
Next port to read input from is inputB
Called postfire()
Called prefire()
Called fire()
Checking for deadlock:
There are 2 Blocked actors, 0 Stopped actors, and 4 active threads.
Waiting for actors to stop.
Called postfire()
Called prefire()
Called fire()
Checking for deadlock:
There are 3 Blocked actors, 0 Stopped actors, and 4 active threads.
Waiting for actors to stop.
Read input token from inputB with value 4.5
Checking for deadlock:
There are 2 Blocked actors, 0 Stopped actors, and 4 active threads.
Waiting for actors to stop.
-- Read input: 3.0, which is expected to match: 3.0
Called prefire()
Called fire()
Checking for deadlock:
There are 3 Blocked actors, 0 Stopped actors, and 4 active threads.
Waiting for actors to stop.
Sent output token with value 3.0
Next port to read input from is inputA
Called postfire()
Called prefire()
Called fire()
Called postfire()
Called prefire()
Called fire()
Checking for deadlock:
There are 3 Blocked actors, 0 Stopped actors, and 4 active threads.
Waiting for actors to stop.
Read input token from inputA with value 4.0
-- Read input: 4.0, which is expected to match: 4.0
Called prefire()
Called fire()
Past the end of training data. Read and discard all inputs.
Checking for deadlock:
There are 3 Blocked actors, 0 Stopped actors, and 4 active threads.
Waiting for actors to stop.
Sent output token with value 4.0
Next port to read input from is inputA
Called postfire()
Called prefire()
Called fire()
Called postfire()
Called prefire()
Called fire()
Checking for deadlock:
There are 3 Blocked actors, 0 Stopped actors, and 4 active threads.
Waiting for actors to stop.
Read input token from inputA with value 5.0
Called prefire()
Called fire()
Past the end of training data. Read and discard all inputs.
Checking for deadlock:
There are 3 Blocked actors, 0 Stopped actors, and 4 active threads.
Waiting for actors to stop.
Sent output token with value 4.5
Next port to read input from is inputB
Called postfire()
Called prefire()
Called fire()
Checking for deadlock:
There are 2 Blocked actors, 0 Stopped actors, and 4 active threads.
Waiting for actors to stop.
Called postfire()
Called prefire()
Called fire()
Checking for deadlock:
There are 3 Blocked actors, 0 Stopped actors, and 4 active threads.
Waiting for actors to stop.
Read input token from inputB with value 6.0
Checking for deadlock:
There are 2 Blocked actors, 0 Stopped actors, and 4 active threads.
Waiting for actors to stop.
Called prefire()
Called fire()
Past the end of training data. Read and discard all inputs.
Checking for deadlock:
There are 3 Blocked actors, 0 Stopped actors, and 4 active threads.
Waiting for actors to stop.
Sent output token with value 5.0
Next port to read input from is inputA
Called postfire()
Called prefire()
Called fire()
Called postfire()
Called prefire()
Called fire()
Checking for deadlock:
There are 3 Blocked actors, 0 Stopped actors, and 4 active threads.
Waiting for actors to stop.
Read input token from inputA with value 6.0
Called prefire()
Called fire()
Past the end of training data. Read and discard all inputs.
Checking for deadlock:
There are 3 Blocked actors, 0 Stopped actors, and 4 active threads.
Waiting for actors to stop.
Sent output token with value 6.0
Next port to read input from is inputB
Called postfire()
Called prefire()
Called fire()
Checking for deadlock:
There are 2 Blocked actors, 0 Stopped actors, and 4 active threads.
Waiting for actors to stop.
Called postfire()
Called prefire()
Called fire()
Checking for deadlock:
There are 3 Blocked actors, 0 Stopped actors, and 4 active threads.
Waiting for actors to stop.
Read input token from inputB with value 7.5
Checking for deadlock:
There are 2 Blocked actors, 0 Stopped actors, and 4 active threads.
Waiting for actors to stop.
Called prefire()
Called fire()
Past the end of training data. Read and discard all inputs.
Checking for deadlock:
There are 3 Blocked actors, 0 Stopped actors, and 4 active threads.
Waiting for actors to stop.
Sent output token with value 6.0
Next port to read input from is inputA
Called postfire()
Called prefire()
Called fire()
Called postfire()
Called prefire()
Called fire()
Checking for deadlock:
There are 3 Blocked actors, 0 Stopped actors, and 4 active threads.
Waiting for actors to stop.
Read input token from inputA with value 7.0
Called prefire()
Called fire()
Past the end of training data. Read and discard all inputs.
Checking for deadlock:
There are 3 Blocked actors, 0 Stopped actors, and 4 active threads.
Waiting for actors to stop.
Sent output token with value 7.0
Next port to read input from is inputA
Called postfire()
Called prefire()
Called fire()
-- Thread wrapup() called.
Called wrapup()
Thread .top.Ramp is exiting.
-- Thread stopped.
Checking for deadlock:
There are 2 Blocked actors, 0 Stopped actors, and 3 active threads.
Waiting for actors to stop.
Read input token from inputA with value 8.0
Called prefire()
Called fire()
Past the end of training data. Read and discard all inputs.
Checking for deadlock:
There are 2 Blocked actors, 0 Stopped actors, and 3 active threads.
Waiting for actors to stop.
Sent output token with value 7.5
Next port to read input from is inputB
Called postfire()
Called prefire()
Called fire()
Checking for deadlock:
There are 1 Blocked actors, 0 Stopped actors, and 3 active threads.
Waiting for actors to stop.
Called postfire()
Called prefire()
Called fire()
Checking for deadlock:
There are 2 Blocked actors, 0 Stopped actors, and 3 active threads.
Waiting for actors to stop.
Read input token from inputB with value 9.0
Checking for deadlock:
There are 1 Blocked actors, 0 Stopped actors, and 3 active threads.
Waiting for actors to stop.
Called prefire()
Called fire()
Past the end of training data. Read and discard all inputs.
Checking for deadlock:
There are 2 Blocked actors, 0 Stopped actors, and 3 active threads.
Waiting for actors to stop.
Sent output token with value 8.0
Next port to read input from is inputA
Called postfire()
Called prefire()
Called fire()
Read input token from inputA with value 9.0
Checking for deadlock:
There are 1 Blocked actors, 0 Stopped actors, and 3 active threads.
Waiting for actors to stop.
Called prefire()
Called fire()
Past the end of training data. Read and discard all inputs.
Checking for deadlock:
There are 2 Blocked actors, 0 Stopped actors, and 3 active threads.
Waiting for actors to stop.
Sent output token with value 9.0
Next port to read input from is inputB
Called postfire()
Called prefire()
Called fire()
Checking for deadlock:
There are 1 Blocked actors, 0 Stopped actors, and 3 active threads.
Waiting for actors to stop.
Called postfire()
Called prefire()
Called fire()
Checking for deadlock:
There are 2 Blocked actors, 0 Stopped actors, and 3 active threads.
Waiting for actors to stop.
Read input token from inputB with value 10.5
Checking for deadlock:
There are 1 Blocked actors, 0 Stopped actors, and 3 active threads.
Waiting for actors to stop.
Called prefire()
Called fire()
Past the end of training data. Read and discard all inputs.
Checking for deadlock:
There are 2 Blocked actors, 0 Stopped actors, and 3 active threads.
Waiting for actors to stop.
Sent output token with value 9.0
Next port to read input from is inputA
Called postfire()
Called prefire()
Called fire()
Checking for deadlock:
There are 3 Blocked actors, 0 Stopped actors, and 3 active threads.
Actors have stopped.
Checking for deadlock:
There are 3 Blocked actors, 0 Stopped actors, and 3 active threads.
Deadlock detected.
Resolving Deadlock
Checking for deadlock:
There are 3 Blocked actors, 0 Stopped actors, and 3 active threads.
Artificial Deadlock - increasing queue capacity.
increasing the capacity of receiver ptolemy.actor.TypedIOPort {.top.OrderedMerge.inputB} to 2
Director: Called postfire().
Called postfire().
_stopRequested = false
_stopFireRequested = false
Returning from postfire(): true
Called fire().
Checking for deadlock:
There are 2 Blocked actors, 0 Stopped actors, and 3 active threads.
Waiting for actors to stop.
-- Thread wrapup() called.
Called wrapup()
Thread .top.Ramp2 is exiting.
-- Thread stopped.
Checking for deadlock:
There are 2 Blocked actors, 0 Stopped actors, and 2 active threads.
Actors have stopped.
Checking for deadlock:
There are 2 Blocked actors, 0 Stopped actors, and 2 active threads.
Deadlock detected.
Resolving Deadlock
Checking for deadlock:
There are 2 Blocked actors, 0 Stopped actors, and 2 active threads.
Deadlock detected: no processes blocked on write, but some are blocked on read.
Called postfire().
_stopRequested = false
_stopFireRequested = false
Returning from postfire(): false
Finished deactivating branches.
Called wrapup().
-- Thread wrapup() called.
Called wrapup()
Thread .top.OrderedMerge is exiting.
-- Thread stopped.
-- Blocked Receiver call threw TerminateProcessException.
-- Thread wrapup() called.
Called wrapup()
Thread .top.Test is exiting.
-- Thread stopped.
-- Blocked Receiver call threw TerminateProcessException.
29 ms. Memory: 331776K Free: 253077K (76%)
/home/travis/build/icyphy/ptII/ptolemy/actor/lib/test/Publisher.tcl
13 ms. Memory: 331776K Free: 248239K (75%)
4 ms. Memory: 331776K Free: 243400K (73%)
8 ms. Memory: 331776K Free: 238562K (72%)
9 ms. Memory: 331776K Free: 238562K (72%)
5 ms. Memory: 331776K Free: 238562K (72%)
8 ms. Memory: 331776K Free: 233724K (70%)
2 ms. Memory: 331776K Free: 233724K (70%)
5 ms. Memory: 331776K Free: 233724K (70%)
1 ms. Memory: 331776K Free: 224047K (68%)
5 ms. Memory: 331776K Free: 219209K (66%)
3 ms. Memory: 331776K Free: 219209K (66%)
1 ms. Memory: 331776K Free: 219209K (66%)
11 ms. Memory: 331776K Free: 209532K (63%)
15 ms. Memory: 331776K Free: 199856K (60%)
7 ms. Memory: 331776K Free: 190179K (57%)
/home/travis/build/icyphy/ptII/ptolemy/actor/lib/test/Pulse.tcl
3 ms. Memory: 331776K Free: 146585K (44%)
9 ms. Memory: 331776K Free: 146585K (44%)
2 ms. Memory: 331776K Free: 146585K (44%)
1 ms. Memory: 331776K Free: 146585K (44%)
2 ms. Memory: 331776K Free: 146585K (44%)
2 ms. Memory: 331776K Free: 146585K (44%)
6 ms. Memory: 331776K Free: 141746K (43%)
4 ms. Memory: 331776K Free: 141746K (43%)
2 ms. Memory: 331776K Free: 141746K (43%)
/home/travis/build/icyphy/ptII/ptolemy/actor/lib/test/Ramp.tcl
5 ms. Memory: 331776K Free: 141746K (43%)
4 ms. Memory: 331776K Free: 141746K (43%)
3 ms. Memory: 331776K Free: 136900K (41%)
3 ms. Memory: 331776K Free: 136900K (41%)
5 ms. Memory: 331776K Free: 136900K (41%)
8 ms. Memory: 331776K Free: 136900K (41%)
5 ms. Memory: 331776K Free: 136900K (41%)
5 actors
3000 microseconds per iteration to create
7 ms. Memory: 331776K Free: 132061K (40%)
2 ms. Memory: 331776K Free: 132061K (40%)
1 ms. Memory: 331776K Free: 132061K (40%)
3 ms. Memory: 331776K Free: 132061K (40%)
50 actors
49000 microseconds per iteration to create
49 ms. Memory: 331776K Free: 117522K (35%)
5 ms. Memory: 331776K Free: 112667K (34%)
12 ms. Memory: 331776K Free: 112667K (34%)
8 ms. Memory: 331776K Free: 112667K (34%)
500 actors
1267000 microseconds per iteration to create
197 ms. Memory: 331776K Free: 182861K (55%)
40 ms. Memory: 331776K Free: 178086K (54%)
38 ms. Memory: 331776K Free: 168520K (51%)
35 ms. Memory: 331776K Free: 163745K (49%)
/home/travis/build/icyphy/ptII/ptolemy/actor/lib/test/RampContinuous.tcl
7 ms. Memory: 331776K Free: 163745K (49%)
/home/travis/build/icyphy/ptII/ptolemy/actor/lib/test/RecordAssembler.tcl
6 ms. Memory: 331776K Free: 163745K (49%)
4 ms. Memory: 331776K Free: 158970K (48%)
/home/travis/build/icyphy/ptII/ptolemy/actor/lib/test/RecordDisassembler.tcl
6 ms. Memory: 331776K Free: 158970K (48%)
4 ms. Memory: 331776K Free: 158970K (48%)
3 ms. Memory: 331776K Free: 158970K (48%)
/home/travis/build/icyphy/ptII/ptolemy/actor/lib/test/Scale.tcl
2 ms. Memory: 331776K Free: 154193K (46%)
1 ms. Memory: 331776K Free: 154193K (46%)
2 ms. Memory: 331776K Free: 154193K (46%)
7 ms. Memory: 331776K Free: 154193K (46%)
3 ms. Memory: 331776K Free: 154193K (46%)
/home/travis/build/icyphy/ptII/ptolemy/actor/lib/test/SequentialClock.tcl
preinitializing
resolving types
initializing
executing number 1
wrapping up
idle
5 ms. Memory: 331776K Free: 149418K (45%)
Completed execution with 5 iterations
preinitializing
resolving types
initializing
executing number 1
wrapping up
idle
3 ms. Memory: 331776K Free: 149418K (45%)
Completed execution with 5 iterations
preinitializing
resolving types
initializing
executing number 1
wrapping up
idle
2 ms. Memory: 331776K Free: 149418K (45%)
Completed execution with 5 iterations
/home/travis/build/icyphy/ptII/ptolemy/actor/lib/test/SetVariable.tcl
5 ms. Memory: 331776K Free: 149418K (45%)
/home/travis/build/icyphy/ptII/ptolemy/actor/lib/test/Sinewave.tcl
/home/travis/build/icyphy/ptII/ptolemy/actor/lib/test/SubscriptionAggregator.tcl
4 ms. Memory: 331776K Free: 135069K (41%)
4 ms. Memory: 331776K Free: 135069K (41%)
1 ms. Memory: 331776K Free: 135069K (41%)
0 ms. Memory: 331776K Free: 135069K (41%)
1 ms. Memory: 331776K Free: 130294K (39%)
3 ms. Memory: 331776K Free: 125502K (38%)
...............................................................894 ms. Memory: 578048K Free: 90706K (16%)
/home/travis/build/icyphy/ptII/ptolemy/actor/lib/test/Test.tcl
 The next command will produce a warning about training mode,
   which may be ignored.
3 ms. Memory: 578048K Free: 90706K (16%)
2 ms. Memory: 578048K Free: 90706K (16%)
1 ms. Memory: 578048K Free: 90706K (16%)
2 ms. Memory: 578048K Free: 81082K (14%)
3 ms. Memory: 578048K Free: 81082K (14%)
3 ms. Memory: 578048K Free: 81082K (14%)
3 ms. Memory: 578048K Free: 81082K (14%)
 The next command will produce a warning about training mode,
   which may be ignored.
3 ms. Memory: 578048K Free: 81082K (14%)
 The next command will produce a warning about training mode,
   which may be ignored.
13 ms. Memory: 578048K Free: 81082K (14%)
1 ms. Memory: 578048K Free: 81082K (14%)
1 ms. Memory: 578048K Free: 81082K (14%)
3 ms. Memory: 578048K Free: 81082K (14%)
5 ms. Memory: 578048K Free: 81082K (14%)
3 ms. Memory: 578048K Free: 72969K (13%)
/home/travis/build/icyphy/ptII/ptolemy/actor/lib/test/TestExceptionHandler.tcl
 The next command will produce a warning about training mode,
   which may be ignored.
3 ms. Memory: 578048K Free: 72969K (13%)
1 ms. Memory: 578048K Free: 72969K (13%)
1 ms. Memory: 578048K Free: 72969K (13%)
/home/travis/build/icyphy/ptII/ptolemy/actor/lib/test/UnionDisassembler.tcl
24 ms. Memory: 580096K Free: 534275K (92%)
/home/travis/build/icyphy/ptII/ptolemy/actor/lib/test/VariableClock.tcl
preinitializing
resolving types
initializing
executing number 1
wrapping up
idle
9 ms. Memory: 580096K Free: 534275K (92%)
Completed execution with 11 iterations
preinitializing
resolving types
initializing
executing number 1
wrapping up
idle
3 ms. Memory: 580096K Free: 534275K (92%)
Completed execution with 10 iterations
03/14/19 02:24:20
Failed: 0  Total Tests: 234  ((Passed: 234, Newly Passed: 0)  Known Failed: 0) /home/travis/build/icyphy/ptII/ptolemy/actor/lib/test
----------------- testing (KnownFailure) /home/travis/build/icyphy/ptII/ptolemy/actor/lib/test/auto/knownFailedTests/PublisherPortToplevelSubscriber.xml
0 ms. Memory: 580096K Free: 524486K (90%)
Known Failure: java.lang.reflect.InvocationTargetException
----------------- testing (KnownFailure) /home/travis/build/icyphy/ptII/ptolemy/actor/lib/test/auto/knownFailedTests/PublisherSubscriberPortToplevel.xml
1 ms. Memory: 580096K Free: 504907K (87%)
Known Failure: java.lang.reflect.InvocationTargetException
----------------- testing (KnownFailure) /home/travis/build/icyphy/ptII/ptolemy/actor/lib/test/auto/knownFailedTests/PublisherSubscriptionAggregatorPort.xml
2 ms. Memory: 580096K Free: 485327K (84%)
Known Failure: java.lang.reflect.InvocationTargetException
----------------- testing (KnownFailure) /home/travis/build/icyphy/ptII/ptolemy/actor/lib/test/auto/knownFailedTests/sizedarray3.xml
4 ms. Memory: 580096K Free: 465748K (80%)
Known Failure: java.lang.reflect.InvocationTargetException
No auto/linux-amd64/*.xml tests in /home/travis/build/icyphy/ptII/ptolemy/actor/lib/test
AutoTests.java: About to close Vertx.
AutoTests.java: Vertx closed.

===========================================================================================
----------------- testing Thu Mar 14 14:24:21 UTC 2019 /home/travis/build/icyphy/ptII/ptolemy/actor/lib/test/auto/AbsoluteValue.xml
----------------- Instantiating /home/travis/build/icyphy/ptII/ptolemy/actor/lib/test/auto/AbsoluteValue.xml
5 ms. Memory: 580096K Free: 378010K (65%)
----------------- Invoking toplevel() on ptolemy.moml.MoMLSimpleApplication@7197f412
----------------- Done invoking toplevel() on ptolemy.moml.MoMLSimpleApplication@7197f412
reloadAllAccessors: .AbsoluteValue

===========================================================================================
----------------- testing Thu Mar 14 14:24:21 UTC 2019 /home/travis/build/icyphy/ptII/ptolemy/actor/lib/test/auto/AbsoluteValue2.xml
----------------- Instantiating /home/travis/build/icyphy/ptII/ptolemy/actor/lib/test/auto/AbsoluteValue2.xml
4 ms. Memory: 580096K Free: 363325K (63%)
----------------- Invoking toplevel() on ptolemy.moml.MoMLSimpleApplication@54e271f3
----------------- Done invoking toplevel() on ptolemy.moml.MoMLSimpleApplication@54e271f3
reloadAllAccessors: .AbsoluteValue2

===========================================================================================
----------------- testing Thu Mar 14 14:24:21 UTC 2019 /home/travis/build/icyphy/ptII/ptolemy/actor/lib/test/auto/Accumulator.xml
----------------- Instantiating /home/travis/build/icyphy/ptII/ptolemy/actor/lib/test/auto/Accumulator.xml
23 ms. Memory: 580096K Free: 353536K (61%)
----------------- Invoking toplevel() on ptolemy.moml.MoMLSimpleApplication@3197bf85
----------------- Done invoking toplevel() on ptolemy.moml.MoMLSimpleApplication@3197bf85
reloadAllAccessors: .Accumulator

===========================================================================================
----------------- testing Thu Mar 14 14:24:21 UTC 2019 /home/travis/build/icyphy/ptII/ptolemy/actor/lib/test/auto/Accumulator2.xml
----------------- Instantiating /home/travis/build/icyphy/ptII/ptolemy/actor/lib/test/auto/Accumulator2.xml
3 ms. Memory: 580096K Free: 343746K (59%)
----------------- Invoking toplevel() on ptolemy.moml.MoMLSimpleApplication@253cc8b8
----------------- Done invoking toplevel() on ptolemy.moml.MoMLSimpleApplication@253cc8b8
reloadAllAccessors: .Accumulator2

===========================================================================================
----------------- testing Thu Mar 14 14:24:21 UTC 2019 /home/travis/build/icyphy/ptII/ptolemy/actor/lib/test/auto/Accumulator3.xml
----------------- Instantiating /home/travis/build/icyphy/ptII/ptolemy/actor/lib/test/auto/Accumulator3.xml
3 ms. Memory: 580096K Free: 324290K (56%)
----------------- Invoking toplevel() on ptolemy.moml.MoMLSimpleApplication@77f5d2a4
----------------- Done invoking toplevel() on ptolemy.moml.MoMLSimpleApplication@77f5d2a4
reloadAllAccessors: .Accumulator3

===========================================================================================
----------------- testing Thu Mar 14 14:24:21 UTC 2019 /home/travis/build/icyphy/ptII/ptolemy/actor/lib/test/auto/ArrayAppend.xml
----------------- Instantiating /home/travis/build/icyphy/ptII/ptolemy/actor/lib/test/auto/ArrayAppend.xml
6 ms. Memory: 580096K Free: 314501K (54%)
----------------- Invoking toplevel() on ptolemy.moml.MoMLSimpleApplication@57261105
----------------- Done invoking toplevel() on ptolemy.moml.MoMLSimpleApplication@57261105
reloadAllAccessors: .ArrayAppend

===========================================================================================
----------------- testing Thu Mar 14 14:24:21 UTC 2019 /home/travis/build/icyphy/ptII/ptolemy/actor/lib/test/auto/ArrayAppend2.xml
----------------- Instantiating /home/travis/build/icyphy/ptII/ptolemy/actor/lib/test/auto/ArrayAppend2.xml
453 ms. Memory: 580096K Free: 226396K (39%)
----------------- Invoking toplevel() on ptolemy.moml.MoMLSimpleApplication@25a524d1
----------------- Done invoking toplevel() on ptolemy.moml.MoMLSimpleApplication@25a524d1
reloadAllAccessors: .ArrayAppend2

===========================================================================================
----------------- testing Thu Mar 14 14:24:21 UTC 2019 /home/travis/build/icyphy/ptII/ptolemy/actor/lib/test/auto/ArrayAppend3.xml
----------------- Instantiating /home/travis/build/icyphy/ptII/ptolemy/actor/lib/test/auto/ArrayAppend3.xml
3 ms. Memory: 580096K Free: 216606K (37%)
----------------- Invoking toplevel() on ptolemy.moml.MoMLSimpleApplication@5a3f434
----------------- Done invoking toplevel() on ptolemy.moml.MoMLSimpleApplication@5a3f434
reloadAllAccessors: .ArrayAppend3

===========================================================================================
----------------- testing Thu Mar 14 14:24:21 UTC 2019 /home/travis/build/icyphy/ptII/ptolemy/actor/lib/test/auto/ArrayAppend4.xml
----------------- Instantiating /home/travis/build/icyphy/ptII/ptolemy/actor/lib/test/auto/ArrayAppend4.xml
2 ms. Memory: 580096K Free: 197150K (34%)
----------------- Invoking toplevel() on ptolemy.moml.MoMLSimpleApplication@2915de56
----------------- Done invoking toplevel() on ptolemy.moml.MoMLSimpleApplication@2915de56
reloadAllAccessors: .ArrayAppend4

===========================================================================================
----------------- testing Thu Mar 14 14:24:21 UTC 2019 /home/travis/build/icyphy/ptII/ptolemy/actor/lib/test/auto/ArrayAppend5.xml
----------------- Instantiating /home/travis/build/icyphy/ptII/ptolemy/actor/lib/test/auto/ArrayAppend5.xml
3 ms. Memory: 580096K Free: 187360K (32%)
----------------- Invoking toplevel() on ptolemy.moml.MoMLSimpleApplication@36654fde
----------------- Done invoking toplevel() on ptolemy.moml.MoMLSimpleApplication@36654fde
reloadAllAccessors: .ArrayAppend5

===========================================================================================
----------------- testing Thu Mar 14 14:24:21 UTC 2019 /home/travis/build/icyphy/ptII/ptolemy/actor/lib/test/auto/ArrayAppend6.xml
----------------- Instantiating /home/travis/build/icyphy/ptII/ptolemy/actor/lib/test/auto/ArrayAppend6.xml
3 ms. Memory: 580096K Free: 177571K (31%)
----------------- Invoking toplevel() on ptolemy.moml.MoMLSimpleApplication@e253e1d
----------------- Done invoking toplevel() on ptolemy.moml.MoMLSimpleApplication@e253e1d
reloadAllAccessors: .ArrayAppend6

===========================================================================================
----------------- testing Thu Mar 14 14:24:22 UTC 2019 /home/travis/build/icyphy/ptII/ptolemy/actor/lib/test/auto/ArrayAppendPerformanceTest.xml
----------------- Instantiating /home/travis/build/icyphy/ptII/ptolemy/actor/lib/test/auto/ArrayAppendPerformanceTest.xml
24 ms. Memory: 580096K Free: 162886K (28%)
----------------- Invoking toplevel() on ptolemy.moml.MoMLSimpleApplication@4c1fb5e9
----------------- Done invoking toplevel() on ptolemy.moml.MoMLSimpleApplication@4c1fb5e9
reloadAllAccessors: .ArrayAppendPerformanceTest

===========================================================================================
----------------- testing Thu Mar 14 14:24:22 UTC 2019 /home/travis/build/icyphy/ptII/ptolemy/actor/lib/test/auto/ArrayAppendWithEmptyInput.xml
----------------- Instantiating /home/travis/build/icyphy/ptII/ptolemy/actor/lib/test/auto/ArrayAppendWithEmptyInput.xml
15 ms. Memory: 580096K Free: 148202K (26%)
----------------- Invoking toplevel() on ptolemy.moml.MoMLSimpleApplication@e14d8ea
----------------- Done invoking toplevel() on ptolemy.moml.MoMLSimpleApplication@e14d8ea
reloadAllAccessors: .ArrayAppendWithEmptyInput

===========================================================================================
----------------- testing Thu Mar 14 14:24:22 UTC 2019 /home/travis/build/icyphy/ptII/ptolemy/actor/lib/test/auto/ArrayAverage.xml
----------------- Instantiating /home/travis/build/icyphy/ptII/ptolemy/actor/lib/test/auto/ArrayAverage.xml
6 ms. Memory: 580096K Free: 123835K (21%)
----------------- Invoking toplevel() on ptolemy.moml.MoMLSimpleApplication@48146ed
----------------- Done invoking toplevel() on ptolemy.moml.MoMLSimpleApplication@48146ed
reloadAllAccessors: .ArrayAverage

===========================================================================================
----------------- testing Thu Mar 14 14:24:22 UTC 2019 /home/travis/build/icyphy/ptII/ptolemy/actor/lib/test/auto/ArrayContains.xml
----------------- Instantiating /home/travis/build/icyphy/ptII/ptolemy/actor/lib/test/auto/ArrayContains.xml
2 ms. Memory: 580096K Free: 114046K (20%)
----------------- Invoking toplevel() on ptolemy.moml.MoMLSimpleApplication@eadf475
----------------- Done invoking toplevel() on ptolemy.moml.MoMLSimpleApplication@eadf475
reloadAllAccessors: .ArrayContains

===========================================================================================
----------------- testing Thu Mar 14 14:24:22 UTC 2019 /home/travis/build/icyphy/ptII/ptolemy/actor/lib/test/auto/ArrayElement.xml
----------------- Instantiating /home/travis/build/icyphy/ptII/ptolemy/actor/lib/test/auto/ArrayElement.xml
6 ms. Memory: 580096K Free: 104256K (18%)
----------------- Invoking toplevel() on ptolemy.moml.MoMLSimpleApplication@2f3d7e3
----------------- Done invoking toplevel() on ptolemy.moml.MoMLSimpleApplication@2f3d7e3
reloadAllAccessors: .ArrayElement

===========================================================================================
----------------- testing Thu Mar 14 14:24:22 UTC 2019 /home/travis/build/icyphy/ptII/ptolemy/actor/lib/test/auto/ArrayElementAsMatrix.xml
----------------- Instantiating /home/travis/build/icyphy/ptII/ptolemy/actor/lib/test/auto/ArrayElementAsMatrix.xml
24 ms. Memory: 580096K Free: 89556K (15%)
----------------- Invoking toplevel() on ptolemy.moml.MoMLSimpleApplication@40aafd17
----------------- Done invoking toplevel() on ptolemy.moml.MoMLSimpleApplication@40aafd17
reloadAllAccessors: .ArrayElementAsMatrix

===========================================================================================
----------------- testing Thu Mar 14 14:24:22 UTC 2019 /home/travis/build/icyphy/ptII/ptolemy/actor/lib/test/auto/ArrayElementI.xml
----------------- Instantiating /home/travis/build/icyphy/ptII/ptolemy/actor/lib/test/auto/ArrayElementI.xml
7 ms. Memory: 580096K Free: 70100K (12%)
----------------- Invoking toplevel() on ptolemy.moml.MoMLSimpleApplication@65a9df3a
----------------- Done invoking toplevel() on ptolemy.moml.MoMLSimpleApplication@65a9df3a
reloadAllAccessors: .ArrayElementI

===========================================================================================
----------------- testing Thu Mar 14 14:24:22 UTC 2019 /home/travis/build/icyphy/ptII/ptolemy/actor/lib/test/auto/ArrayExtract.xml
----------------- Instantiating /home/travis/build/icyphy/ptII/ptolemy/actor/lib/test/auto/ArrayExtract.xml
13 ms. Memory: 580096K Free: 60310K (10%)
----------------- Invoking toplevel() on ptolemy.moml.MoMLSimpleApplication@59856acc
----------------- Done invoking toplevel() on ptolemy.moml.MoMLSimpleApplication@59856acc
reloadAllAccessors: .ArrayExtract

===========================================================================================
----------------- testing Thu Mar 14 14:24:22 UTC 2019 /home/travis/build/icyphy/ptII/ptolemy/actor/lib/test/auto/ArrayExtract2.xml
----------------- Instantiating /home/travis/build/icyphy/ptII/ptolemy/actor/lib/test/auto/ArrayExtract2.xml
41 ms. Memory: 882688K Free: 839741K (95%)
----------------- Invoking toplevel() on ptolemy.moml.MoMLSimpleApplication@31fff43a
----------------- Done invoking toplevel() on ptolemy.moml.MoMLSimpleApplication@31fff43a
reloadAllAccessors: .ArrayExtract2

===========================================================================================
----------------- testing Thu Mar 14 14:24:22 UTC 2019 /home/travis/build/icyphy/ptII/ptolemy/actor/lib/test/auto/ArrayLength.xml
----------------- Instantiating /home/travis/build/icyphy/ptII/ptolemy/actor/lib/test/auto/ArrayLength.xml
2 ms. Memory: 882688K Free: 801640K (91%)
----------------- Invoking toplevel() on ptolemy.moml.MoMLSimpleApplication@2de82041
----------------- Done invoking toplevel() on ptolemy.moml.MoMLSimpleApplication@2de82041
reloadAllAccessors: .ArrayLength

===========================================================================================
----------------- testing Thu Mar 14 14:24:22 UTC 2019 /home/travis/build/icyphy/ptII/ptolemy/actor/lib/test/auto/ArrayLevelCrossing.xml
----------------- Instantiating /home/travis/build/icyphy/ptII/ptolemy/actor/lib/test/auto/ArrayLevelCrossing.xml
13 ms. Memory: 882688K Free: 785973K (89%)
----------------- Invoking toplevel() on ptolemy.moml.MoMLSimpleApplication@a4047fe
----------------- Done invoking toplevel() on ptolemy.moml.MoMLSimpleApplication@a4047fe
reloadAllAccessors: .ArrayLevelCrossing

===========================================================================================
----------------- testing Thu Mar 14 14:24:22 UTC 2019 /home/travis/build/icyphy/ptII/ptolemy/actor/lib/test/auto/ArrayLevelCrossing2.xml
----------------- Instantiating /home/travis/build/icyphy/ptII/ptolemy/actor/lib/test/auto/ArrayLevelCrossing2.xml
2 ms. Memory: 882688K Free: 775143K (88%)
----------------- Invoking toplevel() on ptolemy.moml.MoMLSimpleApplication@5fff97bc
----------------- Done invoking toplevel() on ptolemy.moml.MoMLSimpleApplication@5fff97bc
reloadAllAccessors: .ArrayLevelCrossing2

===========================================================================================
----------------- testing Thu Mar 14 14:24:22 UTC 2019 /home/travis/build/icyphy/ptII/ptolemy/actor/lib/test/auto/ArrayPeakSearch.xml
----------------- Instantiating /home/travis/build/icyphy/ptII/ptolemy/actor/lib/test/auto/ArrayPeakSearch.xml
6 ms. Memory: 882688K Free: 759468K (86%)
----------------- Invoking toplevel() on ptolemy.moml.MoMLSimpleApplication@569666d7
----------------- Done invoking toplevel() on ptolemy.moml.MoMLSimpleApplication@569666d7
reloadAllAccessors: .ArrayPeakSearch

===========================================================================================
----------------- testing Thu Mar 14 14:24:22 UTC 2019 /home/travis/build/icyphy/ptII/ptolemy/actor/lib/test/auto/ArrayPeakSearch2.xml
----------------- Instantiating /home/travis/build/icyphy/ptII/ptolemy/actor/lib/test/auto/ArrayPeakSearch2.xml
8 ms. Memory: 882688K Free: 732971K (83%)
----------------- Invoking toplevel() on ptolemy.moml.MoMLSimpleApplication@1ea02de1
----------------- Done invoking toplevel() on ptolemy.moml.MoMLSimpleApplication@1ea02de1
reloadAllAccessors: .ArrayPeakSearch2

===========================================================================================
----------------- testing Thu Mar 14 14:24:22 UTC 2019 /home/travis/build/icyphy/ptII/ptolemy/actor/lib/test/auto/ArrayPeakSearch3.xml
----------------- Instantiating /home/travis/build/icyphy/ptII/ptolemy/actor/lib/test/auto/ArrayPeakSearch3.xml
6 ms. Memory: 882688K Free: 717288K (81%)
----------------- Invoking toplevel() on ptolemy.moml.MoMLSimpleApplication@1e4c8dc2
----------------- Done invoking toplevel() on ptolemy.moml.MoMLSimpleApplication@1e4c8dc2
reloadAllAccessors: .ArrayPeakSearch3

===========================================================================================
----------------- testing Thu Mar 14 14:24:22 UTC 2019 /home/travis/build/icyphy/ptII/ptolemy/actor/lib/test/auto/ArrayRemoveElement.xml
----------------- Instantiating /home/travis/build/icyphy/ptII/ptolemy/actor/lib/test/auto/ArrayRemoveElement.xml
4 ms. Memory: 882688K Free: 701604K (79%)
----------------- Invoking toplevel() on ptolemy.moml.MoMLSimpleApplication@4e942f4
----------------- Done invoking toplevel() on ptolemy.moml.MoMLSimpleApplication@4e942f4
reloadAllAccessors: .ArrayRemoveElement

===========================================================================================
----------------- testing Thu Mar 14 14:24:22 UTC 2019 /home/travis/build/icyphy/ptII/ptolemy/actor/lib/test/auto/ArraySort.xml
----------------- Instantiating /home/travis/build/icyphy/ptII/ptolemy/actor/lib/test/auto/ArraySort.xml
8 ms. Memory: 882688K Free: 685929K (78%)
----------------- Invoking toplevel() on ptolemy.moml.MoMLSimpleApplication@5644c520
----------------- Done invoking toplevel() on ptolemy.moml.MoMLSimpleApplication@5644c520
reloadAllAccessors: .ArraySort

===========================================================================================
----------------- testing Thu Mar 14 14:24:22 UTC 2019 /home/travis/build/icyphy/ptII/ptolemy/actor/lib/test/auto/ArraySum.xml
----------------- Instantiating /home/travis/build/icyphy/ptII/ptolemy/actor/lib/test/auto/ArraySum.xml
8 ms. Memory: 882688K Free: 675484K (77%)
----------------- Invoking toplevel() on ptolemy.moml.MoMLSimpleApplication@73b8a97c
----------------- Done invoking toplevel() on ptolemy.moml.MoMLSimpleApplication@73b8a97c
reloadAllAccessors: .ArraySum

===========================================================================================
----------------- testing Thu Mar 14 14:24:22 UTC 2019 /home/travis/build/icyphy/ptII/ptolemy/actor/lib/test/auto/ArrayToElements.xml
----------------- Instantiating /home/travis/build/icyphy/ptII/ptolemy/actor/lib/test/auto/ArrayToElements.xml
6 ms. Memory: 882688K Free: 654226K (74%)
----------------- Invoking toplevel() on ptolemy.moml.MoMLSimpleApplication@386eedc7
----------------- Done invoking toplevel() on ptolemy.moml.MoMLSimpleApplication@386eedc7
reloadAllAccessors: .ArrayToElements

===========================================================================================
----------------- testing Thu Mar 14 14:24:22 UTC 2019 /home/travis/build/icyphy/ptII/ptolemy/actor/lib/test/auto/ArrayToMatrix.xml
----------------- Instantiating /home/travis/build/icyphy/ptII/ptolemy/actor/lib/test/auto/ArrayToMatrix.xml
14 ms. Memory: 882688K Free: 633312K (72%)
----------------- Invoking toplevel() on ptolemy.moml.MoMLSimpleApplication@2b218b72
----------------- Done invoking toplevel() on ptolemy.moml.MoMLSimpleApplication@2b218b72
reloadAllAccessors: .ArrayToMatrix

===========================================================================================
----------------- testing Thu Mar 14 14:24:22 UTC 2019 /home/travis/build/icyphy/ptII/ptolemy/actor/lib/test/auto/ArrayUpdate1.xml
----------------- Instantiating /home/travis/build/icyphy/ptII/ptolemy/actor/lib/test/auto/ArrayUpdate1.xml
2 ms. Memory: 882688K Free: 622867K (71%)
----------------- Invoking toplevel() on ptolemy.moml.MoMLSimpleApplication@4f99a08d
----------------- Done invoking toplevel() on ptolemy.moml.MoMLSimpleApplication@4f99a08d
reloadAllAccessors: .ArrayUpdate1

===========================================================================================
----------------- testing Thu Mar 14 14:24:23 UTC 2019 /home/travis/build/icyphy/ptII/ptolemy/actor/lib/test/auto/ArrayUpdate2.xml
----------------- Instantiating /home/travis/build/icyphy/ptII/ptolemy/actor/lib/test/auto/ArrayUpdate2.xml
5 ms. Memory: 882688K Free: 612422K (69%)
----------------- Invoking toplevel() on ptolemy.moml.MoMLSimpleApplication@181ab2cd
----------------- Done invoking toplevel() on ptolemy.moml.MoMLSimpleApplication@181ab2cd
reloadAllAccessors: .ArrayUpdate2

===========================================================================================
----------------- testing Thu Mar 14 14:24:23 UTC 2019 /home/travis/build/icyphy/ptII/ptolemy/actor/lib/test/auto/ArrayUpdate3.xml
----------------- Instantiating /home/travis/build/icyphy/ptII/ptolemy/actor/lib/test/auto/ArrayUpdate3.xml
6 ms. Memory: 882688K Free: 601977K (68%)
----------------- Invoking toplevel() on ptolemy.moml.MoMLSimpleApplication@7dbd94d7
----------------- Done invoking toplevel() on ptolemy.moml.MoMLSimpleApplication@7dbd94d7
reloadAllAccessors: .ArrayUpdate3

===========================================================================================
----------------- testing Thu Mar 14 14:24:23 UTC 2019 /home/travis/build/icyphy/ptII/ptolemy/actor/lib/test/auto/Assert1.xml
----------------- Instantiating /home/travis/build/icyphy/ptII/ptolemy/actor/lib/test/auto/Assert1.xml
8 ms. Memory: 882688K Free: 580718K (66%)
----------------- Invoking toplevel() on ptolemy.moml.MoMLSimpleApplication@73132f2d
----------------- Done invoking toplevel() on ptolemy.moml.MoMLSimpleApplication@73132f2d
reloadAllAccessors: .Assert1

===========================================================================================
----------------- testing Thu Mar 14 14:24:23 UTC 2019 /home/travis/build/icyphy/ptII/ptolemy/actor/lib/test/auto/Assert2.xml
----------------- Instantiating /home/travis/build/icyphy/ptII/ptolemy/actor/lib/test/auto/Assert2.xml
7 ms. Memory: 882688K Free: 570274K (65%)
----------------- Invoking toplevel() on ptolemy.moml.MoMLSimpleApplication@46a5ca86
----------------- Done invoking toplevel() on ptolemy.moml.MoMLSimpleApplication@46a5ca86
reloadAllAccessors: .Assert2

===========================================================================================
----------------- testing Thu Mar 14 14:24:23 UTC 2019 /home/travis/build/icyphy/ptII/ptolemy/actor/lib/test/auto/BooleanMultiplexor.xml
----------------- Instantiating /home/travis/build/icyphy/ptII/ptolemy/actor/lib/test/auto/BooleanMultiplexor.xml
2 ms. Memory: 882688K Free: 559829K (63%)
----------------- Invoking toplevel() on ptolemy.moml.MoMLSimpleApplication@6a6d8467
----------------- Done invoking toplevel() on ptolemy.moml.MoMLSimpleApplication@6a6d8467
reloadAllAccessors: .BooleanMultiplexor

===========================================================================================
----------------- testing Thu Mar 14 14:24:23 UTC 2019 /home/travis/build/icyphy/ptII/ptolemy/actor/lib/test/auto/BooleanMultiplexor2.xml
----------------- Instantiating /home/travis/build/icyphy/ptII/ptolemy/actor/lib/test/auto/BooleanMultiplexor2.xml
10 ms. Memory: 882688K Free: 549384K (62%)
----------------- Invoking toplevel() on ptolemy.moml.MoMLSimpleApplication@730d23c8
----------------- Done invoking toplevel() on ptolemy.moml.MoMLSimpleApplication@730d23c8
reloadAllAccessors: .BooleanMultiplexor2

===========================================================================================
----------------- testing Thu Mar 14 14:24:23 UTC 2019 /home/travis/build/icyphy/ptII/ptolemy/actor/lib/test/auto/BooleanMultiplexor3.xml
----------------- Instantiating /home/travis/build/icyphy/ptII/ptolemy/actor/lib/test/auto/BooleanMultiplexor3.xml
3 ms. Memory: 882688K Free: 538939K (61%)
----------------- Invoking toplevel() on ptolemy.moml.MoMLSimpleApplication@2357afa0
----------------- Done invoking toplevel() on ptolemy.moml.MoMLSimpleApplication@2357afa0
reloadAllAccessors: .BooleanMultiplexor3

===========================================================================================
----------------- testing Thu Mar 14 14:24:23 UTC 2019 /home/travis/build/icyphy/ptII/ptolemy/actor/lib/test/auto/BooleanSelect.xml
----------------- Instantiating /home/travis/build/icyphy/ptII/ptolemy/actor/lib/test/auto/BooleanSelect.xml
3 ms. Memory: 882688K Free: 517680K (59%)
----------------- Invoking toplevel() on ptolemy.moml.MoMLSimpleApplication@4df7e968
----------------- Done invoking toplevel() on ptolemy.moml.MoMLSimpleApplication@4df7e968
reloadAllAccessors: .BooleanSelect

===========================================================================================
----------------- testing Thu Mar 14 14:24:23 UTC 2019 /home/travis/build/icyphy/ptII/ptolemy/actor/lib/test/auto/BooleanSelect2.xml
----------------- Instantiating /home/travis/build/icyphy/ptII/ptolemy/actor/lib/test/auto/BooleanSelect2.xml
2 ms. Memory: 882688K Free: 507235K (57%)
----------------- Invoking toplevel() on ptolemy.moml.MoMLSimpleApplication@176b2b2c
----------------- Done invoking toplevel() on ptolemy.moml.MoMLSimpleApplication@176b2b2c
reloadAllAccessors: .BooleanSelect2

===========================================================================================
----------------- testing Thu Mar 14 14:24:23 UTC 2019 /home/travis/build/icyphy/ptII/ptolemy/actor/lib/test/auto/BooleanSwitch.xml
----------------- Instantiating /home/travis/build/icyphy/ptII/ptolemy/actor/lib/test/auto/BooleanSwitch.xml
2 ms. Memory: 882688K Free: 496790K (56%)
----------------- Invoking toplevel() on ptolemy.moml.MoMLSimpleApplication@51915986
----------------- Done invoking toplevel() on ptolemy.moml.MoMLSimpleApplication@51915986
reloadAllAccessors: .BooleanSwitch

===========================================================================================
----------------- testing Thu Mar 14 14:24:23 UTC 2019 /home/travis/build/icyphy/ptII/ptolemy/actor/lib/test/auto/BooleanSwitch2.xml
----------------- Instantiating /home/travis/build/icyphy/ptII/ptolemy/actor/lib/test/auto/BooleanSwitch2.xml
1 ms. Memory: 882688K Free: 486345K (55%)
----------------- Invoking toplevel() on ptolemy.moml.MoMLSimpleApplication@371c3d1a
----------------- Done invoking toplevel() on ptolemy.moml.MoMLSimpleApplication@371c3d1a
reloadAllAccessors: .BooleanSwitch2

===========================================================================================
----------------- testing Thu Mar 14 14:24:23 UTC 2019 /home/travis/build/icyphy/ptII/ptolemy/actor/lib/test/auto/BooleanSwitchCloningBugWithClassRelationGroup.xml
----------------- Instantiating /home/travis/build/icyphy/ptII/ptolemy/actor/lib/test/auto/BooleanSwitchCloningBugWithClassRelationGroup.xml
2 ms. Memory: 882688K Free: 475901K (54%)
----------------- Invoking toplevel() on ptolemy.moml.MoMLSimpleApplication@1606766
----------------- Done invoking toplevel() on ptolemy.moml.MoMLSimpleApplication@1606766
reloadAllAccessors: .BooleanSwitchCloningBugWithClassRelationGroup

===========================================================================================
----------------- testing Thu Mar 14 14:24:23 UTC 2019 /home/travis/build/icyphy/ptII/ptolemy/actor/lib/test/auto/BusActors.xml
----------------- Instantiating /home/travis/build/icyphy/ptII/ptolemy/actor/lib/test/auto/BusActors.xml
4 ms. Memory: 882688K Free: 449403K (51%)
----------------- Invoking toplevel() on ptolemy.moml.MoMLSimpleApplication@1f315ba9
----------------- Done invoking toplevel() on ptolemy.moml.MoMLSimpleApplication@1f315ba9
reloadAllAccessors: .BusActors

===========================================================================================
----------------- testing Thu Mar 14 14:24:23 UTC 2019 /home/travis/build/icyphy/ptII/ptolemy/actor/lib/test/auto/ClassWrapper.xml
----------------- Instantiating /home/travis/build/icyphy/ptII/ptolemy/actor/lib/test/auto/ClassWrapper.xml
2 ms. Memory: 882688K Free: 438958K (50%)
----------------- Invoking toplevel() on ptolemy.moml.MoMLSimpleApplication@7f06a78
----------------- Done invoking toplevel() on ptolemy.moml.MoMLSimpleApplication@7f06a78
reloadAllAccessors: .ClassWrapper

===========================================================================================
----------------- testing Thu Mar 14 14:24:23 UTC 2019 /home/travis/build/icyphy/ptII/ptolemy/actor/lib/test/auto/Clock.xml
----------------- Instantiating /home/travis/build/icyphy/ptII/ptolemy/actor/lib/test/auto/Clock.xml
1 ms. Memory: 882688K Free: 428513K (49%)
----------------- Invoking toplevel() on ptolemy.moml.MoMLSimpleApplication@1c74c0d0
----------------- Done invoking toplevel() on ptolemy.moml.MoMLSimpleApplication@1c74c0d0
reloadAllAccessors: .Clock

===========================================================================================
----------------- testing Thu Mar 14 14:24:23 UTC 2019 /home/travis/build/icyphy/ptII/ptolemy/actor/lib/test/auto/Clock10.xml
----------------- Instantiating /home/travis/build/icyphy/ptII/ptolemy/actor/lib/test/auto/Clock10.xml
3 ms. Memory: 882688K Free: 418069K (47%)
----------------- Invoking toplevel() on ptolemy.moml.MoMLSimpleApplication@69d06774
----------------- Done invoking toplevel() on ptolemy.moml.MoMLSimpleApplication@69d06774
reloadAllAccessors: .Clock10

===========================================================================================
----------------- testing Thu Mar 14 14:24:23 UTC 2019 /home/travis/build/icyphy/ptII/ptolemy/actor/lib/test/auto/Clock11.xml
----------------- Instantiating /home/travis/build/icyphy/ptII/ptolemy/actor/lib/test/auto/Clock11.xml
2 ms. Memory: 882688K Free: 407624K (46%)
----------------- Invoking toplevel() on ptolemy.moml.MoMLSimpleApplication@2c39798a
----------------- Done invoking toplevel() on ptolemy.moml.MoMLSimpleApplication@2c39798a
reloadAllAccessors: .Clock11

===========================================================================================
----------------- testing Thu Mar 14 14:24:23 UTC 2019 /home/travis/build/icyphy/ptII/ptolemy/actor/lib/test/auto/Clock12.xml
----------------- Instantiating /home/travis/build/icyphy/ptII/ptolemy/actor/lib/test/auto/Clock12.xml
5 ms. Memory: 882688K Free: 386365K (44%)
----------------- Invoking toplevel() on ptolemy.moml.MoMLSimpleApplication@1c1ea31f
----------------- Done invoking toplevel() on ptolemy.moml.MoMLSimpleApplication@1c1ea31f
reloadAllAccessors: .Clock12

===========================================================================================
----------------- testing Thu Mar 14 14:24:23 UTC 2019 /home/travis/build/icyphy/ptII/ptolemy/actor/lib/test/auto/Clock13.xml
----------------- Instantiating /home/travis/build/icyphy/ptII/ptolemy/actor/lib/test/auto/Clock13.xml
5 ms. Memory: 882688K Free: 375920K (43%)
----------------- Invoking toplevel() on ptolemy.moml.MoMLSimpleApplication@65929f2f
----------------- Done invoking toplevel() on ptolemy.moml.MoMLSimpleApplication@65929f2f
reloadAllAccessors: .Clock13

===========================================================================================
----------------- testing Thu Mar 14 14:24:23 UTC 2019 /home/travis/build/icyphy/ptII/ptolemy/actor/lib/test/auto/Clock14.xml
----------------- Instantiating /home/travis/build/icyphy/ptII/ptolemy/actor/lib/test/auto/Clock14.xml
9 ms. Memory: 882688K Free: 365475K (41%)
----------------- Invoking toplevel() on ptolemy.moml.MoMLSimpleApplication@1911c251
----------------- Done invoking toplevel() on ptolemy.moml.MoMLSimpleApplication@1911c251
reloadAllAccessors: .Clock14

===========================================================================================
----------------- testing Thu Mar 14 14:24:23 UTC 2019 /home/travis/build/icyphy/ptII/ptolemy/actor/lib/test/auto/Clock15.xml
----------------- Instantiating /home/travis/build/icyphy/ptII/ptolemy/actor/lib/test/auto/Clock15.xml
6 ms. Memory: 882688K Free: 355031K (40%)
----------------- Invoking toplevel() on ptolemy.moml.MoMLSimpleApplication@331ef216
----------------- Done invoking toplevel() on ptolemy.moml.MoMLSimpleApplication@331ef216
reloadAllAccessors: .Clock15

===========================================================================================
----------------- testing Thu Mar 14 14:24:23 UTC 2019 /home/travis/build/icyphy/ptII/ptolemy/actor/lib/test/auto/Clock16.xml
----------------- Instantiating /home/travis/build/icyphy/ptII/ptolemy/actor/lib/test/auto/Clock16.xml
28 ms. Memory: 882688K Free: 339347K (38%)
----------------- Invoking toplevel() on ptolemy.moml.MoMLSimpleApplication@652095e2
----------------- Done invoking toplevel() on ptolemy.moml.MoMLSimpleApplication@652095e2
reloadAllAccessors: .Clock16

===========================================================================================
----------------- testing Thu Mar 14 14:24:23 UTC 2019 /home/travis/build/icyphy/ptII/ptolemy/actor/lib/test/auto/Clock17.xml
----------------- Instantiating /home/travis/build/icyphy/ptII/ptolemy/actor/lib/test/auto/Clock17.xml
17 ms. Memory: 882688K Free: 312850K (35%)
----------------- Invoking toplevel() on ptolemy.moml.MoMLSimpleApplication@3b3998c9
----------------- Done invoking toplevel() on ptolemy.moml.MoMLSimpleApplication@3b3998c9
reloadAllAccessors: .Clock17

===========================================================================================
----------------- testing Thu Mar 14 14:24:23 UTC 2019 /home/travis/build/icyphy/ptII/ptolemy/actor/lib/test/auto/Clock18.xml
----------------- Instantiating /home/travis/build/icyphy/ptII/ptolemy/actor/lib/test/auto/Clock18.xml
26 ms. Memory: 882688K Free: 297167K (34%)
----------------- Invoking toplevel() on ptolemy.moml.MoMLSimpleApplication@6e60d3f1
----------------- Done invoking toplevel() on ptolemy.moml.MoMLSimpleApplication@6e60d3f1
reloadAllAccessors: .Clock18

===========================================================================================
----------------- testing Thu Mar 14 14:24:23 UTC 2019 /home/travis/build/icyphy/ptII/ptolemy/actor/lib/test/auto/Clock19.xml
----------------- Instantiating /home/travis/build/icyphy/ptII/ptolemy/actor/lib/test/auto/Clock19.xml
16 ms. Memory: 882688K Free: 281484K (32%)
----------------- Invoking toplevel() on ptolemy.moml.MoMLSimpleApplication@36e5cda5
----------------- Done invoking toplevel() on ptolemy.moml.MoMLSimpleApplication@36e5cda5
reloadAllAccessors: .Clock19

===========================================================================================
----------------- testing Thu Mar 14 14:24:23 UTC 2019 /home/travis/build/icyphy/ptII/ptolemy/actor/lib/test/auto/Clock2.xml
----------------- Instantiating /home/travis/build/icyphy/ptII/ptolemy/actor/lib/test/auto/Clock2.xml
10 ms. Memory: 882688K Free: 271039K (31%)
----------------- Invoking toplevel() on ptolemy.moml.MoMLSimpleApplication@6c3281de
----------------- Done invoking toplevel() on ptolemy.moml.MoMLSimpleApplication@6c3281de
reloadAllAccessors: .Clock2

===========================================================================================
----------------- testing Thu Mar 14 14:24:23 UTC 2019 /home/travis/build/icyphy/ptII/ptolemy/actor/lib/test/auto/Clock20.xml
----------------- Instantiating /home/travis/build/icyphy/ptII/ptolemy/actor/lib/test/auto/Clock20.xml
13 ms. Memory: 882688K Free: 249780K (28%)
----------------- Invoking toplevel() on ptolemy.moml.MoMLSimpleApplication@6475c01d
----------------- Done invoking toplevel() on ptolemy.moml.MoMLSimpleApplication@6475c01d
reloadAllAccessors: .Clock20

===========================================================================================
----------------- testing Thu Mar 14 14:24:23 UTC 2019 /home/travis/build/icyphy/ptII/ptolemy/actor/lib/test/auto/Clock21.xml
----------------- Instantiating /home/travis/build/icyphy/ptII/ptolemy/actor/lib/test/auto/Clock21.xml
8 ms. Memory: 882688K Free: 239335K (27%)
----------------- Invoking toplevel() on ptolemy.moml.MoMLSimpleApplication@297ab96f
----------------- Done invoking toplevel() on ptolemy.moml.MoMLSimpleApplication@297ab96f
reloadAllAccessors: .Clock21

===========================================================================================
----------------- testing Thu Mar 14 14:24:23 UTC 2019 /home/travis/build/icyphy/ptII/ptolemy/actor/lib/test/auto/Clock22.xml
----------------- Instantiating /home/travis/build/icyphy/ptII/ptolemy/actor/lib/test/auto/Clock22.xml
8 ms. Memory: 882688K Free: 228890K (26%)
----------------- Invoking toplevel() on ptolemy.moml.MoMLSimpleApplication@18326478
----------------- Done invoking toplevel() on ptolemy.moml.MoMLSimpleApplication@18326478
reloadAllAccessors: .Clock22

===========================================================================================
----------------- testing Thu Mar 14 14:24:23 UTC 2019 /home/travis/build/icyphy/ptII/ptolemy/actor/lib/test/auto/Clock23.xml
----------------- Instantiating /home/travis/build/icyphy/ptII/ptolemy/actor/lib/test/auto/Clock23.xml
8 ms. Memory: 882688K Free: 218445K (25%)
----------------- Invoking toplevel() on ptolemy.moml.MoMLSimpleApplication@4d5bb2f0
----------------- Done invoking toplevel() on ptolemy.moml.MoMLSimpleApplication@4d5bb2f0
reloadAllAccessors: .Clock23

===========================================================================================
----------------- testing Thu Mar 14 14:24:23 UTC 2019 /home/travis/build/icyphy/ptII/ptolemy/actor/lib/test/auto/Clock24.xml
----------------- Instantiating /home/travis/build/icyphy/ptII/ptolemy/actor/lib/test/auto/Clock24.xml
8 ms. Memory: 882688K Free: 208001K (24%)
----------------- Invoking toplevel() on ptolemy.moml.MoMLSimpleApplication@433e9658
----------------- Done invoking toplevel() on ptolemy.moml.MoMLSimpleApplication@433e9658
reloadAllAccessors: .Clock24

===========================================================================================
----------------- testing Thu Mar 14 14:24:24 UTC 2019 /home/travis/build/icyphy/ptII/ptolemy/actor/lib/test/auto/Clock4.xml
----------------- Instantiating /home/travis/build/icyphy/ptII/ptolemy/actor/lib/test/auto/Clock4.xml
6 ms. Memory: 882688K Free: 186742K (21%)
----------------- Invoking toplevel() on ptolemy.moml.MoMLSimpleApplication@369c8a35
----------------- Done invoking toplevel() on ptolemy.moml.MoMLSimpleApplication@369c8a35
reloadAllAccessors: .Clock4

===========================================================================================
----------------- testing Thu Mar 14 14:24:24 UTC 2019 /home/travis/build/icyphy/ptII/ptolemy/actor/lib/test/auto/Clock5.xml
----------------- Instantiating /home/travis/build/icyphy/ptII/ptolemy/actor/lib/test/auto/Clock5.xml
1 ms. Memory: 882688K Free: 176297K (20%)
----------------- Invoking toplevel() on ptolemy.moml.MoMLSimpleApplication@792e5300
----------------- Done invoking toplevel() on ptolemy.moml.MoMLSimpleApplication@792e5300
reloadAllAccessors: .Clock5

===========================================================================================
----------------- testing Thu Mar 14 14:24:24 UTC 2019 /home/travis/build/icyphy/ptII/ptolemy/actor/lib/test/auto/Clock6.xml
----------------- Instantiating /home/travis/build/icyphy/ptII/ptolemy/actor/lib/test/auto/Clock6.xml
2 ms. Memory: 882688K Free: 165852K (19%)
----------------- Invoking toplevel() on ptolemy.moml.MoMLSimpleApplication@3ff8665c
----------------- Done invoking toplevel() on ptolemy.moml.MoMLSimpleApplication@3ff8665c
reloadAllAccessors: .Clock6

===========================================================================================
----------------- testing Thu Mar 14 14:24:24 UTC 2019 /home/travis/build/icyphy/ptII/ptolemy/actor/lib/test/auto/Clock7.xml
----------------- Instantiating /home/travis/build/icyphy/ptII/ptolemy/actor/lib/test/auto/Clock7.xml
3 ms. Memory: 882688K Free: 155407K (18%)
----------------- Invoking toplevel() on ptolemy.moml.MoMLSimpleApplication@7e53ae19
----------------- Done invoking toplevel() on ptolemy.moml.MoMLSimpleApplication@7e53ae19
reloadAllAccessors: .Clock7

===========================================================================================
----------------- testing Thu Mar 14 14:24:24 UTC 2019 /home/travis/build/icyphy/ptII/ptolemy/actor/lib/test/auto/Clock8.xml
----------------- Instantiating /home/travis/build/icyphy/ptII/ptolemy/actor/lib/test/auto/Clock8.xml
3 ms. Memory: 882688K Free: 144962K (16%)
----------------- Invoking toplevel() on ptolemy.moml.MoMLSimpleApplication@75e94125
----------------- Done invoking toplevel() on ptolemy.moml.MoMLSimpleApplication@75e94125
reloadAllAccessors: .Clock8

===========================================================================================
----------------- testing Thu Mar 14 14:24:24 UTC 2019 /home/travis/build/icyphy/ptII/ptolemy/actor/lib/test/auto/Clock9.xml
----------------- Instantiating /home/travis/build/icyphy/ptII/ptolemy/actor/lib/test/auto/Clock9.xml
7 ms. Memory: 882688K Free: 123704K (14%)
----------------- Invoking toplevel() on ptolemy.moml.MoMLSimpleApplication@7eec7ab1
----------------- Done invoking toplevel() on ptolemy.moml.MoMLSimpleApplication@7eec7ab1
reloadAllAccessors: .Clock9

===========================================================================================
----------------- testing Thu Mar 14 14:24:24 UTC 2019 /home/travis/build/icyphy/ptII/ptolemy/actor/lib/test/auto/CommDistDiscard.xml
----------------- Instantiating /home/travis/build/icyphy/ptII/ptolemy/actor/lib/test/auto/CommDistDiscard.xml
5 ms. Memory: 882688K Free: 113259K (13%)
----------------- Invoking toplevel() on ptolemy.moml.MoMLSimpleApplication@3154ff1e
----------------- Done invoking toplevel() on ptolemy.moml.MoMLSimpleApplication@3154ff1e
reloadAllAccessors: .CommDistDiscard

===========================================================================================
----------------- testing Thu Mar 14 14:24:24 UTC 2019 /home/travis/build/icyphy/ptII/ptolemy/actor/lib/test/auto/Commutator.xml
----------------- Instantiating /home/travis/build/icyphy/ptII/ptolemy/actor/lib/test/auto/Commutator.xml
2 ms. Memory: 882688K Free: 102814K (12%)
----------------- Invoking toplevel() on ptolemy.moml.MoMLSimpleApplication@31336901
----------------- Done invoking toplevel() on ptolemy.moml.MoMLSimpleApplication@31336901
reloadAllAccessors: .Commutator

===========================================================================================
----------------- testing Thu Mar 14 14:24:24 UTC 2019 /home/travis/build/icyphy/ptII/ptolemy/actor/lib/test/auto/Commutator2.xml
----------------- Instantiating /home/travis/build/icyphy/ptII/ptolemy/actor/lib/test/auto/Commutator2.xml
2 ms. Memory: 882688K Free: 92369K (10%)
----------------- Invoking toplevel() on ptolemy.moml.MoMLSimpleApplication@7adca303
----------------- Done invoking toplevel() on ptolemy.moml.MoMLSimpleApplication@7adca303
reloadAllAccessors: .Commutator2

===========================================================================================
----------------- testing Thu Mar 14 14:24:24 UTC 2019 /home/travis/build/icyphy/ptII/ptolemy/actor/lib/test/auto/Commutator3.xml
----------------- Instantiating /home/travis/build/icyphy/ptII/ptolemy/actor/lib/test/auto/Commutator3.xml
2 ms. Memory: 882688K Free: 81924K (9%)
----------------- Invoking toplevel() on ptolemy.moml.MoMLSimpleApplication@1069c587
----------------- Done invoking toplevel() on ptolemy.moml.MoMLSimpleApplication@1069c587
reloadAllAccessors: .Commutator3

===========================================================================================
----------------- testing Thu Mar 14 14:24:24 UTC 2019 /home/travis/build/icyphy/ptII/ptolemy/actor/lib/test/auto/Compare.xml
----------------- Instantiating /home/travis/build/icyphy/ptII/ptolemy/actor/lib/test/auto/Compare.xml
2 ms. Memory: 882688K Free: 60665K (7%)
----------------- Invoking toplevel() on ptolemy.moml.MoMLSimpleApplication@4b9b78d1
----------------- Done invoking toplevel() on ptolemy.moml.MoMLSimpleApplication@4b9b78d1
reloadAllAccessors: .Compare

===========================================================================================
----------------- testing Thu Mar 14 14:24:24 UTC 2019 /home/travis/build/icyphy/ptII/ptolemy/actor/lib/test/auto/CompareDE.xml
----------------- Instantiating /home/travis/build/icyphy/ptII/ptolemy/actor/lib/test/auto/CompareDE.xml
4 ms. Memory: 882688K Free: 835485K (95%)
----------------- Invoking toplevel() on ptolemy.moml.MoMLSimpleApplication@54956650
----------------- Done invoking toplevel() on ptolemy.moml.MoMLSimpleApplication@54956650
reloadAllAccessors: .CompareDE

===========================================================================================
----------------- testing Thu Mar 14 14:24:24 UTC 2019 /home/travis/build/icyphy/ptII/ptolemy/actor/lib/test/auto/ComplexDivide.xml
----------------- Instantiating /home/travis/build/icyphy/ptII/ptolemy/actor/lib/test/auto/ComplexDivide.xml
1 ms. Memory: 882688K Free: 819751K (93%)
----------------- Invoking toplevel() on ptolemy.moml.MoMLSimpleApplication@32f2e8c4
----------------- Done invoking toplevel() on ptolemy.moml.MoMLSimpleApplication@32f2e8c4
reloadAllAccessors: .ComplexDivide

===========================================================================================
----------------- testing Thu Mar 14 14:24:24 UTC 2019 /home/travis/build/icyphy/ptII/ptolemy/actor/lib/test/auto/ComputeHistogram.xml
----------------- Instantiating /home/travis/build/icyphy/ptII/ptolemy/actor/lib/test/auto/ComputeHistogram.xml
35 ms. Memory: 882688K Free: 803802K (91%)
----------------- Invoking toplevel() on ptolemy.moml.MoMLSimpleApplication@2195a5af
----------------- Done invoking toplevel() on ptolemy.moml.MoMLSimpleApplication@2195a5af
reloadAllAccessors: .ComputeHistogram

===========================================================================================
----------------- testing Thu Mar 14 14:24:24 UTC 2019 /home/travis/build/icyphy/ptII/ptolemy/actor/lib/test/auto/ConfigurationSelect.xml
----------------- Instantiating /home/travis/build/icyphy/ptII/ptolemy/actor/lib/test/auto/ConfigurationSelect.xml
5 ms. Memory: 882688K Free: 795968K (90%)
----------------- Invoking toplevel() on ptolemy.moml.MoMLSimpleApplication@1e667f99
----------------- Done invoking toplevel() on ptolemy.moml.MoMLSimpleApplication@1e667f99
reloadAllAccessors: .ConfigurationSelect

===========================================================================================
----------------- testing Thu Mar 14 14:24:24 UTC 2019 /home/travis/build/icyphy/ptII/ptolemy/actor/lib/test/auto/ConfigurationSelect2.xml
----------------- Instantiating /home/travis/build/icyphy/ptII/ptolemy/actor/lib/test/auto/ConfigurationSelect2.xml
2 ms. Memory: 882688K Free: 780234K (88%)
----------------- Invoking toplevel() on ptolemy.moml.MoMLSimpleApplication@6a3474fe
----------------- Done invoking toplevel() on ptolemy.moml.MoMLSimpleApplication@6a3474fe
reloadAllAccessors: .ConfigurationSelect2

===========================================================================================
----------------- testing Thu Mar 14 14:24:24 UTC 2019 /home/travis/build/icyphy/ptII/ptolemy/actor/lib/test/auto/ConfigurationSwitch.xml
----------------- Instantiating /home/travis/build/icyphy/ptII/ptolemy/actor/lib/test/auto/ConfigurationSwitch.xml
2 ms. Memory: 882688K Free: 772400K (88%)
----------------- Invoking toplevel() on ptolemy.moml.MoMLSimpleApplication@7498cee9
----------------- Done invoking toplevel() on ptolemy.moml.MoMLSimpleApplication@7498cee9
reloadAllAccessors: .ConfigurationSwitch

===========================================================================================
----------------- testing Thu Mar 14 14:24:24 UTC 2019 /home/travis/build/icyphy/ptII/ptolemy/actor/lib/test/auto/ConfigurationSwitch2.xml
----------------- Instantiating /home/travis/build/icyphy/ptII/ptolemy/actor/lib/test/auto/ConfigurationSwitch2.xml
3 ms. Memory: 882688K Free: 764567K (87%)
----------------- Invoking toplevel() on ptolemy.moml.MoMLSimpleApplication@59c4d056
----------------- Done invoking toplevel() on ptolemy.moml.MoMLSimpleApplication@59c4d056
reloadAllAccessors: .ConfigurationSwitch2

===========================================================================================
----------------- testing Thu Mar 14 14:24:24 UTC 2019 /home/travis/build/icyphy/ptII/ptolemy/actor/lib/test/auto/ConfigurationSwitchCloningBugWithClassRelationGroup.xml
----------------- Instantiating /home/travis/build/icyphy/ptII/ptolemy/actor/lib/test/auto/ConfigurationSwitchCloningBugWithClassRelationGroup.xml
1 ms. Memory: 882688K Free: 744900K (84%)
----------------- Invoking toplevel() on ptolemy.moml.MoMLSimpleApplication@11ab7c7d
----------------- Done invoking toplevel() on ptolemy.moml.MoMLSimpleApplication@11ab7c7d
reloadAllAccessors: .ConfigurationSwitchCloningBugWithClassRelationGroup

===========================================================================================
----------------- testing Thu Mar 14 14:24:24 UTC 2019 /home/travis/build/icyphy/ptII/ptolemy/actor/lib/test/auto/ConfigurationSwitchSelectSDF.xml
----------------- Instantiating /home/travis/build/icyphy/ptII/ptolemy/actor/lib/test/auto/ConfigurationSwitchSelectSDF.xml
2 ms. Memory: 882688K Free: 737066K (84%)
----------------- Invoking toplevel() on ptolemy.moml.MoMLSimpleApplication@dbd2163
----------------- Done invoking toplevel() on ptolemy.moml.MoMLSimpleApplication@dbd2163
reloadAllAccessors: .ConfigurationSwitchSelectSDF

===========================================================================================
----------------- testing Thu Mar 14 14:24:24 UTC 2019 /home/travis/build/icyphy/ptII/ptolemy/actor/lib/test/auto/ConfigurationSwitchSelectSDF2.xml
----------------- Instantiating /home/travis/build/icyphy/ptII/ptolemy/actor/lib/test/auto/ConfigurationSwitchSelectSDF2.xml
2 ms. Memory: 882688K Free: 729233K (83%)
----------------- Invoking toplevel() on ptolemy.moml.MoMLSimpleApplication@79060f41
----------------- Done invoking toplevel() on ptolemy.moml.MoMLSimpleApplication@79060f41
reloadAllAccessors: .ConfigurationSwitchSelectSDF2

===========================================================================================
----------------- testing Thu Mar 14 14:24:24 UTC 2019 /home/travis/build/icyphy/ptII/ptolemy/actor/lib/test/auto/Const.xml
----------------- Instantiating /home/travis/build/icyphy/ptII/ptolemy/actor/lib/test/auto/Const.xml
1 ms. Memory: 882688K Free: 721399K (82%)
----------------- Invoking toplevel() on ptolemy.moml.MoMLSimpleApplication@bd0108
----------------- Done invoking toplevel() on ptolemy.moml.MoMLSimpleApplication@bd0108
reloadAllAccessors: .Const

===========================================================================================
----------------- testing Thu Mar 14 14:24:24 UTC 2019 /home/travis/build/icyphy/ptII/ptolemy/actor/lib/test/auto/Const2.xml
----------------- Instantiating /home/travis/build/icyphy/ptII/ptolemy/actor/lib/test/auto/Const2.xml
1 ms. Memory: 882688K Free: 705665K (80%)
----------------- Invoking toplevel() on ptolemy.moml.MoMLSimpleApplication@69ea2347
----------------- Done invoking toplevel() on ptolemy.moml.MoMLSimpleApplication@69ea2347
reloadAllAccessors: .Const2

===========================================================================================
----------------- testing Thu Mar 14 14:24:24 UTC 2019 /home/travis/build/icyphy/ptII/ptolemy/actor/lib/test/auto/Const3.xml
----------------- Instantiating /home/travis/build/icyphy/ptII/ptolemy/actor/lib/test/auto/Const3.xml
0 ms. Memory: 882688K Free: 697832K (79%)
----------------- Invoking toplevel() on ptolemy.moml.MoMLSimpleApplication@931f964
----------------- Done invoking toplevel() on ptolemy.moml.MoMLSimpleApplication@931f964
reloadAllAccessors: .Const3

===========================================================================================
----------------- testing Thu Mar 14 14:24:24 UTC 2019 /home/travis/build/icyphy/ptII/ptolemy/actor/lib/test/auto/ConstantPublisherPort1.xml
----------------- Instantiating /home/travis/build/icyphy/ptII/ptolemy/actor/lib/test/auto/ConstantPublisherPort1.xml
8 ms. Memory: 882688K Free: 686065K (78%)
----------------- Invoking toplevel() on ptolemy.moml.MoMLSimpleApplication@21448387
----------------- Done invoking toplevel() on ptolemy.moml.MoMLSimpleApplication@21448387
reloadAllAccessors: .ConstantPublisherPort1

===========================================================================================
----------------- testing Thu Mar 14 14:24:24 UTC 2019 /home/travis/build/icyphy/ptII/ptolemy/actor/lib/test/auto/ConstantPublisherPort2.xml
----------------- Instantiating /home/travis/build/icyphy/ptII/ptolemy/actor/lib/test/auto/ConstantPublisherPort2.xml
8 ms. Memory: 882688K Free: 666398K (75%)
----------------- Invoking toplevel() on ptolemy.moml.MoMLSimpleApplication@41d00cfb
----------------- Done invoking toplevel() on ptolemy.moml.MoMLSimpleApplication@41d00cfb
reloadAllAccessors: .ConstantPublisherPort2

===========================================================================================
----------------- testing Thu Mar 14 14:24:24 UTC 2019 /home/travis/build/icyphy/ptII/ptolemy/actor/lib/test/auto/ConstantPublisherPort3.xml
----------------- Instantiating /home/travis/build/icyphy/ptII/ptolemy/actor/lib/test/auto/ConstantPublisherPort3.xml
5 ms. Memory: 882688K Free: 654632K (74%)
----------------- Invoking toplevel() on ptolemy.moml.MoMLSimpleApplication@4df3dc2c
----------------- Done invoking toplevel() on ptolemy.moml.MoMLSimpleApplication@4df3dc2c
reloadAllAccessors: .ConstantPublisherPort3

===========================================================================================
----------------- testing Thu Mar 14 14:24:24 UTC 2019 /home/travis/build/icyphy/ptII/ptolemy/actor/lib/test/auto/ConstantPublisherPort4.xml
----------------- Instantiating /home/travis/build/icyphy/ptII/ptolemy/actor/lib/test/auto/ConstantPublisherPort4.xml
2 ms. Memory: 882688K Free: 642865K (73%)
----------------- Invoking toplevel() on ptolemy.moml.MoMLSimpleApplication@30eb95a4
----------------- Done invoking toplevel() on ptolemy.moml.MoMLSimpleApplication@30eb95a4
reloadAllAccessors: .ConstantPublisherPort4

===========================================================================================
----------------- testing Thu Mar 14 14:24:24 UTC 2019 /home/travis/build/icyphy/ptII/ptolemy/actor/lib/test/auto/ConstantPublisherPort5.xml
----------------- Instantiating /home/travis/build/icyphy/ptII/ptolemy/actor/lib/test/auto/ConstantPublisherPort5.xml
48 ms. Memory: 882688K Free: 623265K (71%)
----------------- Invoking toplevel() on ptolemy.moml.MoMLSimpleApplication@55782eb0
----------------- Done invoking toplevel() on ptolemy.moml.MoMLSimpleApplication@55782eb0
reloadAllAccessors: .ConstantPublisherPort5

===========================================================================================
----------------- testing Thu Mar 14 14:24:24 UTC 2019 /home/travis/build/icyphy/ptII/ptolemy/actor/lib/test/auto/ConstantPublisherPort6.xml
----------------- Instantiating /home/travis/build/icyphy/ptII/ptolemy/actor/lib/test/auto/ConstantPublisherPort6.xml
17 ms. Memory: 882688K Free: 591848K (67%)
----------------- Invoking toplevel() on ptolemy.moml.MoMLSimpleApplication@5e92a865
----------------- Done invoking toplevel() on ptolemy.moml.MoMLSimpleApplication@5e92a865
reloadAllAccessors: .ConstantPublisherPort6

===========================================================================================
----------------- testing Thu Mar 14 14:24:24 UTC 2019 /home/travis/build/icyphy/ptII/ptolemy/actor/lib/test/auto/ConstantPublisherPort7.xml
----------------- Instantiating /home/travis/build/icyphy/ptII/ptolemy/actor/lib/test/auto/ConstantPublisherPort7.xml
14 ms. Memory: 882688K Free: 568331K (64%)
----------------- Invoking toplevel() on ptolemy.moml.MoMLSimpleApplication@6008c42a
----------------- Done invoking toplevel() on ptolemy.moml.MoMLSimpleApplication@6008c42a
reloadAllAccessors: .ConstantPublisherPort7

===========================================================================================
----------------- testing Thu Mar 14 14:24:24 UTC 2019 /home/travis/build/icyphy/ptII/ptolemy/actor/lib/test/auto/ConstraintMonitor1.xml
----------------- Instantiating /home/travis/build/icyphy/ptII/ptolemy/actor/lib/test/auto/ConstraintMonitor1.xml
9 ms. Memory: 882688K Free: 560497K (63%)
----------------- Invoking toplevel() on ptolemy.moml.MoMLSimpleApplication@613e1355
----------------- Done invoking toplevel() on ptolemy.moml.MoMLSimpleApplication@613e1355
reloadAllAccessors: .ConstraintMonitor1

===========================================================================================
----------------- testing Thu Mar 14 14:24:24 UTC 2019 /home/travis/build/icyphy/ptII/ptolemy/actor/lib/test/auto/ConstraintMonitor2.xml
----------------- Instantiating /home/travis/build/icyphy/ptII/ptolemy/actor/lib/test/auto/ConstraintMonitor2.xml
6 ms. Memory: 882688K Free: 544763K (62%)
----------------- Invoking toplevel() on ptolemy.moml.MoMLSimpleApplication@62c1c15e
----------------- Done invoking toplevel() on ptolemy.moml.MoMLSimpleApplication@62c1c15e
reloadAllAccessors: .ConstraintMonitor2

===========================================================================================
----------------- testing Thu Mar 14 14:24:24 UTC 2019 /home/travis/build/icyphy/ptII/ptolemy/actor/lib/test/auto/ConstraintMonitor3.xml
----------------- Instantiating /home/travis/build/icyphy/ptII/ptolemy/actor/lib/test/auto/ConstraintMonitor3.xml
3 ms. Memory: 882688K Free: 536930K (61%)
----------------- Invoking toplevel() on ptolemy.moml.MoMLSimpleApplication@672d4399
----------------- Done invoking toplevel() on ptolemy.moml.MoMLSimpleApplication@672d4399
reloadAllAccessors: .ConstraintMonitor3

===========================================================================================
----------------- testing Thu Mar 14 14:24:25 UTC 2019 /home/travis/build/icyphy/ptII/ptolemy/actor/lib/test/auto/ConstraintMonitor4.xml
----------------- Instantiating /home/travis/build/icyphy/ptII/ptolemy/actor/lib/test/auto/ConstraintMonitor4.xml
1 ms. Memory: 882688K Free: 529096K (60%)
----------------- Invoking toplevel() on ptolemy.moml.MoMLSimpleApplication@541335ca
----------------- Done invoking toplevel() on ptolemy.moml.MoMLSimpleApplication@541335ca
reloadAllAccessors: .ConstraintMonitor4

===========================================================================================
----------------- testing Thu Mar 14 14:24:25 UTC 2019 /home/travis/build/icyphy/ptII/ptolemy/actor/lib/test/auto/ConstraintMonitor5.xml
----------------- Instantiating /home/travis/build/icyphy/ptII/ptolemy/actor/lib/test/auto/ConstraintMonitor5.xml
5 ms. Memory: 882688K Free: 521262K (59%)
----------------- Invoking toplevel() on ptolemy.moml.MoMLSimpleApplication@1bc32ed9
----------------- Done invoking toplevel() on ptolemy.moml.MoMLSimpleApplication@1bc32ed9
reloadAllAccessors: .ConstraintMonitor5

===========================================================================================
----------------- testing Thu Mar 14 14:24:25 UTC 2019 /home/travis/build/icyphy/ptII/ptolemy/actor/lib/test/auto/ConstraintMonitor6.xml
----------------- Instantiating /home/travis/build/icyphy/ptII/ptolemy/actor/lib/test/auto/ConstraintMonitor6.xml
7 ms. Memory: 882688K Free: 501611K (57%)
----------------- Invoking toplevel() on ptolemy.moml.MoMLSimpleApplication@5041057f
----------------- Done invoking toplevel() on ptolemy.moml.MoMLSimpleApplication@5041057f
reloadAllAccessors: .ConstraintMonitor6

===========================================================================================
----------------- testing Thu Mar 14 14:24:25 UTC 2019 /home/travis/build/icyphy/ptII/ptolemy/actor/lib/test/auto/ConstraintMonitor7.xml
----------------- Instantiating /home/travis/build/icyphy/ptII/ptolemy/actor/lib/test/auto/ConstraintMonitor7.xml
7 ms. Memory: 882688K Free: 489861K (55%)
----------------- Invoking toplevel() on ptolemy.moml.MoMLSimpleApplication@215f96d7
----------------- Done invoking toplevel() on ptolemy.moml.MoMLSimpleApplication@215f96d7
reloadAllAccessors: .ConstraintMonitor7

===========================================================================================
----------------- testing Thu Mar 14 14:24:25 UTC 2019 /home/travis/build/icyphy/ptII/ptolemy/actor/lib/test/auto/ConstraintMonitor8.xml
----------------- Instantiating /home/travis/build/icyphy/ptII/ptolemy/actor/lib/test/auto/ConstraintMonitor8.xml
10 ms. Memory: 882688K Free: 478094K (54%)
----------------- Invoking toplevel() on ptolemy.moml.MoMLSimpleApplication@614113cc
----------------- Done invoking toplevel() on ptolemy.moml.MoMLSimpleApplication@614113cc
reloadAllAccessors: .ConstraintMonitor8

===========================================================================================
----------------- testing Thu Mar 14 14:24:25 UTC 2019 /home/travis/build/icyphy/ptII/ptolemy/actor/lib/test/auto/Counter.xml
----------------- Instantiating /home/travis/build/icyphy/ptII/ptolemy/actor/lib/test/auto/Counter.xml
3 ms. Memory: 882688K Free: 462360K (52%)
----------------- Invoking toplevel() on ptolemy.moml.MoMLSimpleApplication@7476b5ab
----------------- Done invoking toplevel() on ptolemy.moml.MoMLSimpleApplication@7476b5ab
reloadAllAccessors: .Counter

===========================================================================================
----------------- testing Thu Mar 14 14:24:25 UTC 2019 /home/travis/build/icyphy/ptII/ptolemy/actor/lib/test/auto/CurrentTimeSDF.xml
----------------- Instantiating /home/travis/build/icyphy/ptII/ptolemy/actor/lib/test/auto/CurrentTimeSDF.xml
2 ms. Memory: 882688K Free: 454527K (51%)
----------------- Invoking toplevel() on ptolemy.moml.MoMLSimpleApplication@54d9ae27
----------------- Done invoking toplevel() on ptolemy.moml.MoMLSimpleApplication@54d9ae27
reloadAllAccessors: .CurrentTimeSDF

===========================================================================================
----------------- testing Thu Mar 14 14:24:25 UTC 2019 /home/travis/build/icyphy/ptII/ptolemy/actor/lib/test/auto/DB.xml
----------------- Instantiating /home/travis/build/icyphy/ptII/ptolemy/actor/lib/test/auto/DB.xml
2 ms. Memory: 882688K Free: 446693K (51%)
----------------- Invoking toplevel() on ptolemy.moml.MoMLSimpleApplication@37616424
----------------- Done invoking toplevel() on ptolemy.moml.MoMLSimpleApplication@37616424
reloadAllAccessors: .DB

===========================================================================================
----------------- testing Thu Mar 14 14:24:25 UTC 2019 /home/travis/build/icyphy/ptII/ptolemy/actor/lib/test/auto/DBDE.xml
----------------- Instantiating /home/travis/build/icyphy/ptII/ptolemy/actor/lib/test/auto/DBDE.xml
2 ms. Memory: 882688K Free: 438859K (50%)
----------------- Invoking toplevel() on ptolemy.moml.MoMLSimpleApplication@246ea3d6
----------------- Done invoking toplevel() on ptolemy.moml.MoMLSimpleApplication@246ea3d6
reloadAllAccessors: .DBDE

===========================================================================================
----------------- testing Thu Mar 14 14:24:25 UTC 2019 /home/travis/build/icyphy/ptII/ptolemy/actor/lib/test/auto/DateConstructor.xml
----------------- Instantiating /home/travis/build/icyphy/ptII/ptolemy/actor/lib/test/auto/DateConstructor.xml
15 ms. Memory: 882688K Free: 411327K (47%)
----------------- Invoking toplevel() on ptolemy.moml.MoMLSimpleApplication@5aff483f
----------------- Done invoking toplevel() on ptolemy.moml.MoMLSimpleApplication@5aff483f
reloadAllAccessors: .DateConstructor

===========================================================================================
----------------- testing Thu Mar 14 14:24:25 UTC 2019 /home/travis/build/icyphy/ptII/ptolemy/actor/lib/test/auto/DelayTime.xml
----------------- Instantiating /home/travis/build/icyphy/ptII/ptolemy/actor/lib/test/auto/DelayTime.xml
3 ms. Memory: 882688K Free: 403494K (46%)
----------------- Invoking toplevel() on ptolemy.moml.MoMLSimpleApplication@9f94864
----------------- Done invoking toplevel() on ptolemy.moml.MoMLSimpleApplication@9f94864
reloadAllAccessors: .DelayTime

===========================================================================================
----------------- testing Thu Mar 14 14:24:25 UTC 2019 /home/travis/build/icyphy/ptII/ptolemy/actor/lib/test/auto/Dictionary1.xml
----------------- Instantiating /home/travis/build/icyphy/ptII/ptolemy/actor/lib/test/auto/Dictionary1.xml
1 ms. Memory: 882688K Free: 395660K (45%)
----------------- Invoking toplevel() on ptolemy.moml.MoMLSimpleApplication@608612fa
----------------- Done invoking toplevel() on ptolemy.moml.MoMLSimpleApplication@608612fa
reloadAllAccessors: .Dictionary1

===========================================================================================
----------------- testing Thu Mar 14 14:24:25 UTC 2019 /home/travis/build/icyphy/ptII/ptolemy/actor/lib/test/auto/Dictionary2.xml
----------------- Instantiating /home/travis/build/icyphy/ptII/ptolemy/actor/lib/test/auto/Dictionary2.xml
2 ms. Memory: 882688K Free: 379926K (43%)
----------------- Invoking toplevel() on ptolemy.moml.MoMLSimpleApplication@5e1c8126
----------------- Done invoking toplevel() on ptolemy.moml.MoMLSimpleApplication@5e1c8126
reloadAllAccessors: .Dictionary2

===========================================================================================
----------------- testing Thu Mar 14 14:24:25 UTC 2019 /home/travis/build/icyphy/ptII/ptolemy/actor/lib/test/auto/Dictionary3.xml
----------------- Instantiating /home/travis/build/icyphy/ptII/ptolemy/actor/lib/test/auto/Dictionary3.xml
2 ms. Memory: 882688K Free: 372092K (42%)
----------------- Invoking toplevel() on ptolemy.moml.MoMLSimpleApplication@a4748aa
----------------- Done invoking toplevel() on ptolemy.moml.MoMLSimpleApplication@a4748aa
reloadAllAccessors: .Dictionary3

===========================================================================================
----------------- testing Thu Mar 14 14:24:25 UTC 2019 /home/travis/build/icyphy/ptII/ptolemy/actor/lib/test/auto/Dictionary4.xml
----------------- Instantiating /home/travis/build/icyphy/ptII/ptolemy/actor/lib/test/auto/Dictionary4.xml
3 ms. Memory: 882688K Free: 360326K (41%)
----------------- Invoking toplevel() on ptolemy.moml.MoMLSimpleApplication@5d368fc
----------------- Done invoking toplevel() on ptolemy.moml.MoMLSimpleApplication@5d368fc
reloadAllAccessors: .Dictionary4

===========================================================================================
----------------- testing Thu Mar 14 14:24:25 UTC 2019 /home/travis/build/icyphy/ptII/ptolemy/actor/lib/test/auto/Differential.xml
----------------- Instantiating /home/travis/build/icyphy/ptII/ptolemy/actor/lib/test/auto/Differential.xml
2 ms. Memory: 882688K Free: 344592K (39%)
----------------- Invoking toplevel() on ptolemy.moml.MoMLSimpleApplication@5986b955
----------------- Done invoking toplevel() on ptolemy.moml.MoMLSimpleApplication@5986b955
reloadAllAccessors: .Differential

===========================================================================================
----------------- testing Thu Mar 14 14:24:25 UTC 2019 /home/travis/build/icyphy/ptII/ptolemy/actor/lib/test/auto/Director.xml
----------------- Instantiating /home/travis/build/icyphy/ptII/ptolemy/actor/lib/test/auto/Director.xml
2 ms. Memory: 882688K Free: 336758K (38%)
----------------- Invoking toplevel() on ptolemy.moml.MoMLSimpleApplication@657cabf3
----------------- Done invoking toplevel() on ptolemy.moml.MoMLSimpleApplication@657cabf3
reloadAllAccessors: .Director

===========================================================================================
----------------- testing Thu Mar 14 14:24:25 UTC 2019 /home/travis/build/icyphy/ptII/ptolemy/actor/lib/test/auto/DiscreteClock.xml
----------------- Instantiating /home/travis/build/icyphy/ptII/ptolemy/actor/lib/test/auto/DiscreteClock.xml
2 ms. Memory: 882688K Free: 328925K (37%)
----------------- Invoking toplevel() on ptolemy.moml.MoMLSimpleApplication@59c3d446
----------------- Done invoking toplevel() on ptolemy.moml.MoMLSimpleApplication@59c3d446
reloadAllAccessors: .DiscreteClock

===========================================================================================
----------------- testing Thu Mar 14 14:24:25 UTC 2019 /home/travis/build/icyphy/ptII/ptolemy/actor/lib/test/auto/DiscreteClock10.xml
----------------- Instantiating /home/travis/build/icyphy/ptII/ptolemy/actor/lib/test/auto/DiscreteClock10.xml
3 ms. Memory: 882688K Free: 321091K (36%)
----------------- Invoking toplevel() on ptolemy.moml.MoMLSimpleApplication@75b5e72f
----------------- Done invoking toplevel() on ptolemy.moml.MoMLSimpleApplication@75b5e72f
reloadAllAccessors: .DiscreteClock10

===========================================================================================
----------------- testing Thu Mar 14 14:24:25 UTC 2019 /home/travis/build/icyphy/ptII/ptolemy/actor/lib/test/auto/DiscreteClock11.xml
----------------- Instantiating /home/travis/build/icyphy/ptII/ptolemy/actor/lib/test/auto/DiscreteClock11.xml
3 ms. Memory: 882688K Free: 305357K (35%)
----------------- Invoking toplevel() on ptolemy.moml.MoMLSimpleApplication@2af1682a
----------------- Done invoking toplevel() on ptolemy.moml.MoMLSimpleApplication@2af1682a
reloadAllAccessors: .DiscreteClock11

===========================================================================================
----------------- testing Thu Mar 14 14:24:25 UTC 2019 /home/travis/build/icyphy/ptII/ptolemy/actor/lib/test/auto/DiscreteClock12.xml
----------------- Instantiating /home/travis/build/icyphy/ptII/ptolemy/actor/lib/test/auto/DiscreteClock12.xml
2 ms. Memory: 882688K Free: 297523K (34%)
----------------- Invoking toplevel() on ptolemy.moml.MoMLSimpleApplication@5de9c42b
----------------- Done invoking toplevel() on ptolemy.moml.MoMLSimpleApplication@5de9c42b
reloadAllAccessors: .DiscreteClock12

===========================================================================================
----------------- testing Thu Mar 14 14:24:25 UTC 2019 /home/travis/build/icyphy/ptII/ptolemy/actor/lib/test/auto/DiscreteClock13.xml
----------------- Instantiating /home/travis/build/icyphy/ptII/ptolemy/actor/lib/test/auto/DiscreteClock13.xml
2 ms. Memory: 882688K Free: 289690K (33%)
----------------- Invoking toplevel() on ptolemy.moml.MoMLSimpleApplication@2586f7d1
----------------- Done invoking toplevel() on ptolemy.moml.MoMLSimpleApplication@2586f7d1
reloadAllAccessors: .DiscreteClock13

===========================================================================================
----------------- testing Thu Mar 14 14:24:25 UTC 2019 /home/travis/build/icyphy/ptII/ptolemy/actor/lib/test/auto/DiscreteClock14.xml
----------------- Instantiating /home/travis/build/icyphy/ptII/ptolemy/actor/lib/test/auto/DiscreteClock14.xml
1 ms. Memory: 882688K Free: 273956K (31%)
----------------- Invoking toplevel() on ptolemy.moml.MoMLSimpleApplication@6f2d5333
----------------- Done invoking toplevel() on ptolemy.moml.MoMLSimpleApplication@6f2d5333
reloadAllAccessors: .DiscreteClock14

===========================================================================================
----------------- testing Thu Mar 14 14:24:25 UTC 2019 /home/travis/build/icyphy/ptII/ptolemy/actor/lib/test/auto/DiscreteClock15.xml
----------------- Instantiating /home/travis/build/icyphy/ptII/ptolemy/actor/lib/test/auto/DiscreteClock15.xml
2 ms. Memory: 882688K Free: 266122K (30%)
----------------- Invoking toplevel() on ptolemy.moml.MoMLSimpleApplication@2523d209
----------------- Done invoking toplevel() on ptolemy.moml.MoMLSimpleApplication@2523d209
reloadAllAccessors: .DiscreteClock15

===========================================================================================
----------------- testing Thu Mar 14 14:24:25 UTC 2019 /home/travis/build/icyphy/ptII/ptolemy/actor/lib/test/auto/DiscreteClock16.xml
----------------- Instantiating /home/travis/build/icyphy/ptII/ptolemy/actor/lib/test/auto/DiscreteClock16.xml
11 ms. Memory: 882688K Free: 250447K (28%)
----------------- Invoking toplevel() on ptolemy.moml.MoMLSimpleApplication@554fd9f
----------------- Done invoking toplevel() on ptolemy.moml.MoMLSimpleApplication@554fd9f
reloadAllAccessors: .DiscreteClock16

===========================================================================================
----------------- testing Thu Mar 14 14:24:25 UTC 2019 /home/travis/build/icyphy/ptII/ptolemy/actor/lib/test/auto/DiscreteClock17.xml
----------------- Instantiating /home/travis/build/icyphy/ptII/ptolemy/actor/lib/test/auto/DiscreteClock17.xml
10 ms. Memory: 882688K Free: 234756K (27%)
----------------- Invoking toplevel() on ptolemy.moml.MoMLSimpleApplication@7cb0532a
----------------- Done invoking toplevel() on ptolemy.moml.MoMLSimpleApplication@7cb0532a
reloadAllAccessors: .DiscreteClock17

===========================================================================================
----------------- testing Thu Mar 14 14:24:25 UTC 2019 /home/travis/build/icyphy/ptII/ptolemy/actor/lib/test/auto/DiscreteClock18.xml
----------------- Instantiating /home/travis/build/icyphy/ptII/ptolemy/actor/lib/test/auto/DiscreteClock18.xml
11 ms. Memory: 882688K Free: 211164K (24%)
----------------- Invoking toplevel() on ptolemy.moml.MoMLSimpleApplication@69195ab0
----------------- Done invoking toplevel() on ptolemy.moml.MoMLSimpleApplication@69195ab0
reloadAllAccessors: .DiscreteClock18

===========================================================================================
----------------- testing Thu Mar 14 14:24:25 UTC 2019 /home/travis/build/icyphy/ptII/ptolemy/actor/lib/test/auto/DiscreteClock19.xml
----------------- Instantiating /home/travis/build/icyphy/ptII/ptolemy/actor/lib/test/auto/DiscreteClock19.xml
12 ms. Memory: 882688K Free: 195473K (22%)
----------------- Invoking toplevel() on ptolemy.moml.MoMLSimpleApplication@3e635f0
----------------- Done invoking toplevel() on ptolemy.moml.MoMLSimpleApplication@3e635f0
reloadAllAccessors: .DiscreteClock19

===========================================================================================
----------------- testing Thu Mar 14 14:24:25 UTC 2019 /home/travis/build/icyphy/ptII/ptolemy/actor/lib/test/auto/DiscreteClock2.xml
----------------- Instantiating /home/travis/build/icyphy/ptII/ptolemy/actor/lib/test/auto/DiscreteClock2.xml
7 ms. Memory: 882688K Free: 187639K (21%)
----------------- Invoking toplevel() on ptolemy.moml.MoMLSimpleApplication@71ab94d4
----------------- Done invoking toplevel() on ptolemy.moml.MoMLSimpleApplication@71ab94d4
reloadAllAccessors: .DiscreteClock2

===========================================================================================
----------------- testing Thu Mar 14 14:24:25 UTC 2019 /home/travis/build/icyphy/ptII/ptolemy/actor/lib/test/auto/DiscreteClock20.xml
----------------- Instantiating /home/travis/build/icyphy/ptII/ptolemy/actor/lib/test/auto/DiscreteClock20.xml
10 ms. Memory: 882688K Free: 171905K (19%)
----------------- Invoking toplevel() on ptolemy.moml.MoMLSimpleApplication@173c858f
----------------- Done invoking toplevel() on ptolemy.moml.MoMLSimpleApplication@173c858f
reloadAllAccessors: .DiscreteClock20

===========================================================================================
----------------- testing Thu Mar 14 14:24:25 UTC 2019 /home/travis/build/icyphy/ptII/ptolemy/actor/lib/test/auto/DiscreteClock21.xml
----------------- Instantiating /home/travis/build/icyphy/ptII/ptolemy/actor/lib/test/auto/DiscreteClock21.xml
2 ms. Memory: 882688K Free: 164072K (19%)
----------------- Invoking toplevel() on ptolemy.moml.MoMLSimpleApplication@cbec1f1
----------------- Done invoking toplevel() on ptolemy.moml.MoMLSimpleApplication@cbec1f1
reloadAllAccessors: .DiscreteClock21

===========================================================================================
----------------- testing Thu Mar 14 14:24:25 UTC 2019 /home/travis/build/icyphy/ptII/ptolemy/actor/lib/test/auto/DiscreteClock22.xml
----------------- Instantiating /home/travis/build/icyphy/ptII/ptolemy/actor/lib/test/auto/DiscreteClock22.xml
2 ms. Memory: 882688K Free: 156238K (18%)
----------------- Invoking toplevel() on ptolemy.moml.MoMLSimpleApplication@1e019b42
----------------- Done invoking toplevel() on ptolemy.moml.MoMLSimpleApplication@1e019b42
reloadAllAccessors: .DiscreteClock22

===========================================================================================
----------------- testing Thu Mar 14 14:24:25 UTC 2019 /home/travis/build/icyphy/ptII/ptolemy/actor/lib/test/auto/DiscreteClock23.xml
----------------- Instantiating /home/travis/build/icyphy/ptII/ptolemy/actor/lib/test/auto/DiscreteClock23.xml
2 ms. Memory: 1369600K Free: 1312817K (96%)
----------------- Invoking toplevel() on ptolemy.moml.MoMLSimpleApplication@789602a7
----------------- Done invoking toplevel() on ptolemy.moml.MoMLSimpleApplication@789602a7
reloadAllAccessors: .DiscreteClock23

===========================================================================================
----------------- testing Thu Mar 14 14:24:26 UTC 2019 /home/travis/build/icyphy/ptII/ptolemy/actor/lib/test/auto/DiscreteClock24.xml
----------------- Instantiating /home/travis/build/icyphy/ptII/ptolemy/actor/lib/test/auto/DiscreteClock24.xml
2 ms. Memory: 1369600K Free: 1285995K (94%)
----------------- Invoking toplevel() on ptolemy.moml.MoMLSimpleApplication@59807d8
----------------- Done invoking toplevel() on ptolemy.moml.MoMLSimpleApplication@59807d8
reloadAllAccessors: .DiscreteClock24

===========================================================================================
----------------- testing Thu Mar 14 14:24:26 UTC 2019 /home/travis/build/icyphy/ptII/ptolemy/actor/lib/test/auto/DiscreteClock4.xml
----------------- Instantiating /home/travis/build/icyphy/ptII/ptolemy/actor/lib/test/auto/DiscreteClock4.xml
1 ms. Memory: 1369600K Free: 1269284K (93%)
----------------- Invoking toplevel() on ptolemy.moml.MoMLSimpleApplication@3bbeb302
----------------- Done invoking toplevel() on ptolemy.moml.MoMLSimpleApplication@3bbeb302
reloadAllAccessors: .DiscreteClock4

===========================================================================================
----------------- testing Thu Mar 14 14:24:26 UTC 2019 /home/travis/build/icyphy/ptII/ptolemy/actor/lib/test/auto/DiscreteClock5.xml
----------------- Instantiating /home/travis/build/icyphy/ptII/ptolemy/actor/lib/test/auto/DiscreteClock5.xml
1 ms. Memory: 1369600K Free: 1252572K (91%)
----------------- Invoking toplevel() on ptolemy.moml.MoMLSimpleApplication@390e4de1
----------------- Done invoking toplevel() on ptolemy.moml.MoMLSimpleApplication@390e4de1
reloadAllAccessors: .DiscreteClock5

===========================================================================================
----------------- testing Thu Mar 14 14:24:26 UTC 2019 /home/travis/build/icyphy/ptII/ptolemy/actor/lib/test/auto/DiscreteClock6.xml
----------------- Instantiating /home/travis/build/icyphy/ptII/ptolemy/actor/lib/test/auto/DiscreteClock6.xml
1 ms. Memory: 1369600K Free: 1235860K (90%)
----------------- Invoking toplevel() on ptolemy.moml.MoMLSimpleApplication@3e5ff268
----------------- Done invoking toplevel() on ptolemy.moml.MoMLSimpleApplication@3e5ff268
reloadAllAccessors: .DiscreteClock6

===========================================================================================
----------------- testing Thu Mar 14 14:24:26 UTC 2019 /home/travis/build/icyphy/ptII/ptolemy/actor/lib/test/auto/DiscreteClock7.xml
----------------- Instantiating /home/travis/build/icyphy/ptII/ptolemy/actor/lib/test/auto/DiscreteClock7.xml
1 ms. Memory: 1369600K Free: 1209299K (88%)
----------------- Invoking toplevel() on ptolemy.moml.MoMLSimpleApplication@650de235
----------------- Done invoking toplevel() on ptolemy.moml.MoMLSimpleApplication@650de235
reloadAllAccessors: .DiscreteClock7

===========================================================================================
----------------- testing Thu Mar 14 14:24:26 UTC 2019 /home/travis/build/icyphy/ptII/ptolemy/actor/lib/test/auto/DiscreteClock8.xml
----------------- Instantiating /home/travis/build/icyphy/ptII/ptolemy/actor/lib/test/auto/DiscreteClock8.xml
2 ms. Memory: 1369600K Free: 1192588K (87%)
----------------- Invoking toplevel() on ptolemy.moml.MoMLSimpleApplication@6dd2ed44
----------------- Done invoking toplevel() on ptolemy.moml.MoMLSimpleApplication@6dd2ed44
reloadAllAccessors: .DiscreteClock8

===========================================================================================
----------------- testing Thu Mar 14 14:24:26 UTC 2019 /home/travis/build/icyphy/ptII/ptolemy/actor/lib/test/auto/DiscreteClock9.xml
----------------- Instantiating /home/travis/build/icyphy/ptII/ptolemy/actor/lib/test/auto/DiscreteClock9.xml
6 ms. Memory: 1369600K Free: 1175876K (86%)
----------------- Invoking toplevel() on ptolemy.moml.MoMLSimpleApplication@70ccb9b5
----------------- Done invoking toplevel() on ptolemy.moml.MoMLSimpleApplication@70ccb9b5
reloadAllAccessors: .DiscreteClock9

===========================================================================================
----------------- testing Thu Mar 14 14:24:26 UTC 2019 /home/travis/build/icyphy/ptII/ptolemy/actor/lib/test/auto/DisplayArray.xml
----------------- Instantiating /home/travis/build/icyphy/ptII/ptolemy/actor/lib/test/auto/DisplayArray.xml
1 ms. Memory: 1369600K Free: 1159164K (85%)
----------------- Invoking toplevel() on ptolemy.moml.MoMLSimpleApplication@58d0ad8c
----------------- Done invoking toplevel() on ptolemy.moml.MoMLSimpleApplication@58d0ad8c
reloadAllAccessors: .DisplayArray

===========================================================================================
----------------- testing Thu Mar 14 14:24:26 UTC 2019 /home/travis/build/icyphy/ptII/ptolemy/actor/lib/test/auto/Distributor.xml
----------------- Instantiating /home/travis/build/icyphy/ptII/ptolemy/actor/lib/test/auto/Distributor.xml
1 ms. Memory: 1369600K Free: 1132603K (83%)
----------------- Invoking toplevel() on ptolemy.moml.MoMLSimpleApplication@5bc9211c
----------------- Done invoking toplevel() on ptolemy.moml.MoMLSimpleApplication@5bc9211c
reloadAllAccessors: .Distributor

===========================================================================================
----------------- testing Thu Mar 14 14:24:26 UTC 2019 /home/travis/build/icyphy/ptII/ptolemy/actor/lib/test/auto/Distributor2.xml
----------------- Instantiating /home/travis/build/icyphy/ptII/ptolemy/actor/lib/test/auto/Distributor2.xml
1 ms. Memory: 1369600K Free: 1115891K (81%)
----------------- Invoking toplevel() on ptolemy.moml.MoMLSimpleApplication@51282acf
----------------- Done invoking toplevel() on ptolemy.moml.MoMLSimpleApplication@51282acf
reloadAllAccessors: .Distributor2

===========================================================================================
----------------- testing Thu Mar 14 14:24:26 UTC 2019 /home/travis/build/icyphy/ptII/ptolemy/actor/lib/test/auto/DownSample.xml
----------------- Instantiating /home/travis/build/icyphy/ptII/ptolemy/actor/lib/test/auto/DownSample.xml
2 ms. Memory: 1369600K Free: 1099180K (80%)
----------------- Invoking toplevel() on ptolemy.moml.MoMLSimpleApplication@767e70bf
----------------- Done invoking toplevel() on ptolemy.moml.MoMLSimpleApplication@767e70bf
reloadAllAccessors: .DownSample

===========================================================================================
----------------- testing Thu Mar 14 14:24:26 UTC 2019 /home/travis/build/icyphy/ptII/ptolemy/actor/lib/test/auto/ElectronicUnitBase1.xml
----------------- Instantiating /home/travis/build/icyphy/ptII/ptolemy/actor/lib/test/auto/ElectronicUnitBase1.xml
19 ms. Memory: 1369600K Free: 1074096K (78%)
----------------- Invoking toplevel() on ptolemy.moml.MoMLSimpleApplication@22a4bb61
----------------- Done invoking toplevel() on ptolemy.moml.MoMLSimpleApplication@22a4bb61
reloadAllAccessors: .ElectronicUnitBase1

===========================================================================================
----------------- testing Thu Mar 14 14:24:26 UTC 2019 /home/travis/build/icyphy/ptII/ptolemy/actor/lib/test/auto/ElementsToArray.xml
----------------- Instantiating /home/travis/build/icyphy/ptII/ptolemy/actor/lib/test/auto/ElementsToArray.xml
2 ms. Memory: 1369600K Free: 1047535K (76%)
----------------- Invoking toplevel() on ptolemy.moml.MoMLSimpleApplication@6b7ad406
----------------- Done invoking toplevel() on ptolemy.moml.MoMLSimpleApplication@6b7ad406
reloadAllAccessors: .ElementsToArray

===========================================================================================
----------------- testing Thu Mar 14 14:24:26 UTC 2019 /home/travis/build/icyphy/ptII/ptolemy/actor/lib/test/auto/Equals.xml
----------------- Instantiating /home/travis/build/icyphy/ptII/ptolemy/actor/lib/test/auto/Equals.xml
2 ms. Memory: 1369600K Free: 1030824K (75%)
----------------- Invoking toplevel() on ptolemy.moml.MoMLSimpleApplication@246c4cd7
----------------- Done invoking toplevel() on ptolemy.moml.MoMLSimpleApplication@246c4cd7
reloadAllAccessors: .Equals

===========================================================================================
----------------- testing Thu Mar 14 14:24:26 UTC 2019 /home/travis/build/icyphy/ptII/ptolemy/actor/lib/test/auto/Exec.xml
----------------- Instantiating /home/travis/build/icyphy/ptII/ptolemy/actor/lib/test/auto/Exec.xml
15 ms. Memory: 1369600K Free: 993222K (73%)
----------------- Invoking toplevel() on ptolemy.moml.MoMLSimpleApplication@63aade1d
----------------- Done invoking toplevel() on ptolemy.moml.MoMLSimpleApplication@63aade1d
reloadAllAccessors: .Exec

===========================================================================================
----------------- testing Thu Mar 14 14:24:26 UTC 2019 /home/travis/build/icyphy/ptII/ptolemy/actor/lib/test/auto/ExecEnvironment.xml
----------------- Instantiating /home/travis/build/icyphy/ptII/ptolemy/actor/lib/test/auto/ExecEnvironment.xml
24 ms. Memory: 1369600K Free: 976510K (71%)
----------------- Invoking toplevel() on ptolemy.moml.MoMLSimpleApplication@782a1eb6
----------------- Done invoking toplevel() on ptolemy.moml.MoMLSimpleApplication@782a1eb6
reloadAllAccessors: .ExecEnvironment

===========================================================================================
----------------- testing Thu Mar 14 14:24:26 UTC 2019 /home/travis/build/icyphy/ptII/ptolemy/actor/lib/test/auto/ExecNonZeroReturnOutput.xml
----------------- Instantiating /home/travis/build/icyphy/ptII/ptolemy/actor/lib/test/auto/ExecNonZeroReturnOutput.xml
129 ms. Memory: 1369600K Free: 841323K (61%)
----------------- Invoking toplevel() on ptolemy.moml.MoMLSimpleApplication@1b48ab13
----------------- Done invoking toplevel() on ptolemy.moml.MoMLSimpleApplication@1b48ab13
reloadAllAccessors: .ExecNonZeroReturnOutput

===========================================================================================
----------------- testing Thu Mar 14 14:24:26 UTC 2019 /home/travis/build/icyphy/ptII/ptolemy/actor/lib/test/auto/ExecRunDemos.xml
----------------- Instantiating /home/travis/build/icyphy/ptII/ptolemy/actor/lib/test/auto/ExecRunDemos.xml
Finished: 95 ms. Memory: 116224K Free: 100672K (87%)

Finished: 47 ms. Memory: 116224K Free: 97676K (84%)

Finished: 42 ms. Memory: 116224K Free: 98219K (85%)

Finished: 54 ms. Memory: 116224K Free: 99544K (86%)

Finished: 48 ms. Memory: 116224K Free: 100576K (87%)

9393 ms. Memory: 1369600K Free: 732687K (53%)
----------------- Invoking toplevel() on ptolemy.moml.MoMLSimpleApplication@6314f751
----------------- Done invoking toplevel() on ptolemy.moml.MoMLSimpleApplication@6314f751
reloadAllAccessors: .ExecRunDemos

===========================================================================================
----------------- testing Thu Mar 14 14:24:36 UTC 2019 /home/travis/build/icyphy/ptII/ptolemy/actor/lib/test/auto/ExecStop.xml
----------------- Instantiating /home/travis/build/icyphy/ptII/ptolemy/actor/lib/test/auto/ExecStop.xml
5009 ms. Memory: 1369600K Free: 498722K (36%)
----------------- Invoking toplevel() on ptolemy.moml.MoMLSimpleApplication@6582802b
----------------- Done invoking toplevel() on ptolemy.moml.MoMLSimpleApplication@6582802b
reloadAllAccessors: .ExecStop

===========================================================================================
----------------- testing Thu Mar 14 14:24:41 UTC 2019 /home/travis/build/icyphy/ptII/ptolemy/actor/lib/test/auto/ExecutionTimeSDF.xml
----------------- Instantiating /home/travis/build/icyphy/ptII/ptolemy/actor/lib/test/auto/ExecutionTimeSDF.xml
Fired ExecutionTime: -596967296
Fired ExecutionTime: 983200000
Fired ExecutionTime: -1668167296
6005 ms. Memory: 1369600K Free: 473639K (35%)
----------------- Invoking toplevel() on ptolemy.moml.MoMLSimpleApplication@4087bbef
----------------- Done invoking toplevel() on ptolemy.moml.MoMLSimpleApplication@4087bbef
reloadAllAccessors: .ExecutionTimeSDF

===========================================================================================
----------------- testing Thu Mar 14 14:24:47 UTC 2019 /home/travis/build/icyphy/ptII/ptolemy/actor/lib/test/auto/Expression1.xml
----------------- Instantiating /home/travis/build/icyphy/ptII/ptolemy/actor/lib/test/auto/Expression1.xml
2 ms. Memory: 1369600K Free: 447078K (33%)
----------------- Invoking toplevel() on ptolemy.moml.MoMLSimpleApplication@6e0f7d8c
----------------- Done invoking toplevel() on ptolemy.moml.MoMLSimpleApplication@6e0f7d8c
reloadAllAccessors: .Expression1

===========================================================================================
----------------- testing Thu Mar 14 14:24:47 UTC 2019 /home/travis/build/icyphy/ptII/ptolemy/actor/lib/test/auto/Expression10.xml
----------------- Instantiating /home/travis/build/icyphy/ptII/ptolemy/actor/lib/test/auto/Expression10.xml
5 ms. Memory: 1369600K Free: 430366K (31%)
----------------- Invoking toplevel() on ptolemy.moml.MoMLSimpleApplication@1fb76522
----------------- Done invoking toplevel() on ptolemy.moml.MoMLSimpleApplication@1fb76522
reloadAllAccessors: .Expression10

===========================================================================================
----------------- testing Thu Mar 14 14:24:47 UTC 2019 /home/travis/build/icyphy/ptII/ptolemy/actor/lib/test/auto/Expression11.xml
----------------- Instantiating /home/travis/build/icyphy/ptII/ptolemy/actor/lib/test/auto/Expression11.xml
2 ms. Memory: 1369600K Free: 413654K (30%)
----------------- Invoking toplevel() on ptolemy.moml.MoMLSimpleApplication@bc70a7e
----------------- Done invoking toplevel() on ptolemy.moml.MoMLSimpleApplication@bc70a7e
reloadAllAccessors: .Expression11

===========================================================================================
----------------- testing Thu Mar 14 14:24:47 UTC 2019 /home/travis/build/icyphy/ptII/ptolemy/actor/lib/test/auto/Expression12.xml
----------------- Instantiating /home/travis/build/icyphy/ptII/ptolemy/actor/lib/test/auto/Expression12.xml
3 ms. Memory: 1369600K Free: 396943K (29%)
----------------- Invoking toplevel() on ptolemy.moml.MoMLSimpleApplication@660b6f01
----------------- Done invoking toplevel() on ptolemy.moml.MoMLSimpleApplication@660b6f01
reloadAllAccessors: .Expression12

===========================================================================================
----------------- testing Thu Mar 14 14:24:47 UTC 2019 /home/travis/build/icyphy/ptII/ptolemy/actor/lib/test/auto/Expression13.xml
----------------- Instantiating /home/travis/build/icyphy/ptII/ptolemy/actor/lib/test/auto/Expression13.xml
4 ms. Memory: 1369600K Free: 380231K (28%)
----------------- Invoking toplevel() on ptolemy.moml.MoMLSimpleApplication@6acbf2e7
----------------- Done invoking toplevel() on ptolemy.moml.MoMLSimpleApplication@6acbf2e7
reloadAllAccessors: .Expression13

===========================================================================================
----------------- testing Thu Mar 14 14:24:47 UTC 2019 /home/travis/build/icyphy/ptII/ptolemy/actor/lib/test/auto/Expression14.xml
----------------- Instantiating /home/travis/build/icyphy/ptII/ptolemy/actor/lib/test/auto/Expression14.xml
5 ms. Memory: 1369600K Free: 353670K (26%)
----------------- Invoking toplevel() on ptolemy.moml.MoMLSimpleApplication@4baa76e8
----------------- Done invoking toplevel() on ptolemy.moml.MoMLSimpleApplication@4baa76e8
reloadAllAccessors: .Expression14

===========================================================================================
----------------- testing Thu Mar 14 14:24:47 UTC 2019 /home/travis/build/icyphy/ptII/ptolemy/actor/lib/test/auto/Expression15.xml
----------------- Instantiating /home/travis/build/icyphy/ptII/ptolemy/actor/lib/test/auto/Expression15.xml
2 ms. Memory: 1369600K Free: 336958K (25%)
----------------- Invoking toplevel() on ptolemy.moml.MoMLSimpleApplication@5bb11562
----------------- Done invoking toplevel() on ptolemy.moml.MoMLSimpleApplication@5bb11562
reloadAllAccessors: .Expression15

===========================================================================================
----------------- testing Thu Mar 14 14:24:47 UTC 2019 /home/travis/build/icyphy/ptII/ptolemy/actor/lib/test/auto/Expression16.xml
----------------- Instantiating /home/travis/build/icyphy/ptII/ptolemy/actor/lib/test/auto/Expression16.xml
3 ms. Memory: 1369600K Free: 320246K (23%)
----------------- Invoking toplevel() on ptolemy.moml.MoMLSimpleApplication@657c7758
----------------- Done invoking toplevel() on ptolemy.moml.MoMLSimpleApplication@657c7758
reloadAllAccessors: .Expression16

===========================================================================================
----------------- testing Thu Mar 14 14:24:47 UTC 2019 /home/travis/build/icyphy/ptII/ptolemy/actor/lib/test/auto/Expression17.xml
----------------- Instantiating /home/travis/build/icyphy/ptII/ptolemy/actor/lib/test/auto/Expression17.xml
2 ms. Memory: 1369600K Free: 303534K (22%)
----------------- Invoking toplevel() on ptolemy.moml.MoMLSimpleApplication@23050dba
----------------- Done invoking toplevel() on ptolemy.moml.MoMLSimpleApplication@23050dba
reloadAllAccessors: .Expression17

===========================================================================================
----------------- testing Thu Mar 14 14:24:47 UTC 2019 /home/travis/build/icyphy/ptII/ptolemy/actor/lib/test/auto/Expression18.xml
----------------- Instantiating /home/travis/build/icyphy/ptII/ptolemy/actor/lib/test/auto/Expression18.xml
2 ms. Memory: 1369600K Free: 276973K (20%)
----------------- Invoking toplevel() on ptolemy.moml.MoMLSimpleApplication@12022b22
----------------- Done invoking toplevel() on ptolemy.moml.MoMLSimpleApplication@12022b22
reloadAllAccessors: .Expression18

===========================================================================================
----------------- testing Thu Mar 14 14:24:47 UTC 2019 /home/travis/build/icyphy/ptII/ptolemy/actor/lib/test/auto/Expression2.xml
----------------- Instantiating /home/travis/build/icyphy/ptII/ptolemy/actor/lib/test/auto/Expression2.xml
3 ms. Memory: 1369600K Free: 260262K (19%)
----------------- Invoking toplevel() on ptolemy.moml.MoMLSimpleApplication@2517c4be
----------------- Done invoking toplevel() on ptolemy.moml.MoMLSimpleApplication@2517c4be
reloadAllAccessors: .Expression2

===========================================================================================
----------------- testing Thu Mar 14 14:24:47 UTC 2019 /home/travis/build/icyphy/ptII/ptolemy/actor/lib/test/auto/Expression3.xml
----------------- Instantiating /home/travis/build/icyphy/ptII/ptolemy/actor/lib/test/auto/Expression3.xml
2 ms. Memory: 1369600K Free: 243550K (18%)
----------------- Invoking toplevel() on ptolemy.moml.MoMLSimpleApplication@7e0494f5
----------------- Done invoking toplevel() on ptolemy.moml.MoMLSimpleApplication@7e0494f5
reloadAllAccessors: .Expression3

===========================================================================================
----------------- testing Thu Mar 14 14:24:47 UTC 2019 /home/travis/build/icyphy/ptII/ptolemy/actor/lib/test/auto/Expression4.xml
----------------- Instantiating /home/travis/build/icyphy/ptII/ptolemy/actor/lib/test/auto/Expression4.xml
4 ms. Memory: 1369600K Free: 226838K (17%)
----------------- Invoking toplevel() on ptolemy.moml.MoMLSimpleApplication@1ba9ca40
----------------- Done invoking toplevel() on ptolemy.moml.MoMLSimpleApplication@1ba9ca40
reloadAllAccessors: .Expression4

===========================================================================================
----------------- testing Thu Mar 14 14:24:47 UTC 2019 /home/travis/build/icyphy/ptII/ptolemy/actor/lib/test/auto/Expression5.xml
----------------- Instantiating /home/travis/build/icyphy/ptII/ptolemy/actor/lib/test/auto/Expression5.xml
3 ms. Memory: 1369600K Free: 210126K (15%)
----------------- Invoking toplevel() on ptolemy.moml.MoMLSimpleApplication@169383ed
----------------- Done invoking toplevel() on ptolemy.moml.MoMLSimpleApplication@169383ed
reloadAllAccessors: .Expression5

===========================================================================================
----------------- testing Thu Mar 14 14:24:47 UTC 2019 /home/travis/build/icyphy/ptII/ptolemy/actor/lib/test/auto/Expression6.xml
----------------- Instantiating /home/travis/build/icyphy/ptII/ptolemy/actor/lib/test/auto/Expression6.xml
3 ms. Memory: 1369600K Free: 183565K (13%)
----------------- Invoking toplevel() on ptolemy.moml.MoMLSimpleApplication@7ef2da61
----------------- Done invoking toplevel() on ptolemy.moml.MoMLSimpleApplication@7ef2da61
reloadAllAccessors: .Expression6

===========================================================================================
----------------- testing Thu Mar 14 14:24:47 UTC 2019 /home/travis/build/icyphy/ptII/ptolemy/actor/lib/test/auto/Expression7.xml
----------------- Instantiating /home/travis/build/icyphy/ptII/ptolemy/actor/lib/test/auto/Expression7.xml
3 ms. Memory: 1369600K Free: 166854K (12%)
----------------- Invoking toplevel() on ptolemy.moml.MoMLSimpleApplication@46f21dc5
----------------- Done invoking toplevel() on ptolemy.moml.MoMLSimpleApplication@46f21dc5
reloadAllAccessors: .Expression7

===========================================================================================
----------------- testing Thu Mar 14 14:24:47 UTC 2019 /home/travis/build/icyphy/ptII/ptolemy/actor/lib/test/auto/Expression8.xml
----------------- Instantiating /home/travis/build/icyphy/ptII/ptolemy/actor/lib/test/auto/Expression8.xml
4 ms. Memory: 1369600K Free: 150142K (11%)
----------------- Invoking toplevel() on ptolemy.moml.MoMLSimpleApplication@23388db5
----------------- Done invoking toplevel() on ptolemy.moml.MoMLSimpleApplication@23388db5
reloadAllAccessors: .Expression8

===========================================================================================
----------------- testing Thu Mar 14 14:24:47 UTC 2019 /home/travis/build/icyphy/ptII/ptolemy/actor/lib/test/auto/Expression9.xml
----------------- Instantiating /home/travis/build/icyphy/ptII/ptolemy/actor/lib/test/auto/Expression9.xml
2 ms. Memory: 1369600K Free: 133430K (10%)
----------------- Invoking toplevel() on ptolemy.moml.MoMLSimpleApplication@41b9fd65
----------------- Done invoking toplevel() on ptolemy.moml.MoMLSimpleApplication@41b9fd65
reloadAllAccessors: .Expression9

===========================================================================================
----------------- testing Thu Mar 14 14:24:47 UTC 2019 /home/travis/build/icyphy/ptII/ptolemy/actor/lib/test/auto/ExpressionConcatenateArrayType.xml
----------------- Instantiating /home/travis/build/icyphy/ptII/ptolemy/actor/lib/test/auto/ExpressionConcatenateArrayType.xml
3 ms. Memory: 1369600K Free: 106869K (8%)
----------------- Invoking toplevel() on ptolemy.moml.MoMLSimpleApplication@75a30e5a
----------------- Done invoking toplevel() on ptolemy.moml.MoMLSimpleApplication@75a30e5a
reloadAllAccessors: .ExpressionConcatenateArrayType

===========================================================================================
----------------- testing Thu Mar 14 14:24:47 UTC 2019 /home/travis/build/icyphy/ptII/ptolemy/actor/lib/test/auto/ExpressionConcatenateArrayType2.xml
----------------- Instantiating /home/travis/build/icyphy/ptII/ptolemy/actor/lib/test/auto/ExpressionConcatenateArrayType2.xml
2 ms. Memory: 1369600K Free: 90157K (7%)
----------------- Invoking toplevel() on ptolemy.moml.MoMLSimpleApplication@6008f1c7
----------------- Done invoking toplevel() on ptolemy.moml.MoMLSimpleApplication@6008f1c7
reloadAllAccessors: .ExpressionConcatenateArrayType2

===========================================================================================
----------------- testing Thu Mar 14 14:24:47 UTC 2019 /home/travis/build/icyphy/ptII/ptolemy/actor/lib/test/auto/ExpressionFix.xml
----------------- Instantiating /home/travis/build/icyphy/ptII/ptolemy/actor/lib/test/auto/ExpressionFix.xml
10 ms. Memory: 1369600K Free: 79077K (6%)
----------------- Invoking toplevel() on ptolemy.moml.MoMLSimpleApplication@2506505e
----------------- Done invoking toplevel() on ptolemy.moml.MoMLSimpleApplication@2506505e
reloadAllAccessors: .ExpressionFix

===========================================================================================
----------------- testing Thu Mar 14 14:24:47 UTC 2019 /home/travis/build/icyphy/ptII/ptolemy/actor/lib/test/auto/ExpressionFix2.xml
----------------- Instantiating /home/travis/build/icyphy/ptII/ptolemy/actor/lib/test/auto/ExpressionFix2.xml
2 ms. Memory: 1369600K Free: 1317038K (96%)
----------------- Invoking toplevel() on ptolemy.moml.MoMLSimpleApplication@4678ceeb
----------------- Done invoking toplevel() on ptolemy.moml.MoMLSimpleApplication@4678ceeb
reloadAllAccessors: .ExpressionFix2

===========================================================================================
----------------- testing Thu Mar 14 14:24:47 UTC 2019 /home/travis/build/icyphy/ptII/ptolemy/actor/lib/test/auto/ExpressionFix3.xml
----------------- Instantiating /home/travis/build/icyphy/ptII/ptolemy/actor/lib/test/auto/ExpressionFix3.xml
2 ms. Memory: 1369600K Free: 1297313K (95%)
----------------- Invoking toplevel() on ptolemy.moml.MoMLSimpleApplication@2831368
----------------- Done invoking toplevel() on ptolemy.moml.MoMLSimpleApplication@2831368
reloadAllAccessors: .ExpressionFix3

===========================================================================================
----------------- testing Thu Mar 14 14:24:47 UTC 2019 /home/travis/build/icyphy/ptII/ptolemy/actor/lib/test/auto/FileWriter1.xml
----------------- Instantiating /home/travis/build/icyphy/ptII/ptolemy/actor/lib/test/auto/FileWriter1.xml
2 ms. Memory: 1369600K Free: 1284779K (94%)
----------------- Invoking toplevel() on ptolemy.moml.MoMLSimpleApplication@37c97785
----------------- Done invoking toplevel() on ptolemy.moml.MoMLSimpleApplication@37c97785
reloadAllAccessors: .FileWriter1

===========================================================================================
----------------- testing Thu Mar 14 14:24:47 UTC 2019 /home/travis/build/icyphy/ptII/ptolemy/actor/lib/test/auto/FileWriter2.xml
----------------- Instantiating /home/travis/build/icyphy/ptII/ptolemy/actor/lib/test/auto/FileWriter2.xml
3 ms. Memory: 1369600K Free: 1272245K (93%)
----------------- Invoking toplevel() on ptolemy.moml.MoMLSimpleApplication@1045b6b5
----------------- Done invoking toplevel() on ptolemy.moml.MoMLSimpleApplication@1045b6b5
reloadAllAccessors: .FileWriter2

===========================================================================================
----------------- testing Thu Mar 14 14:24:47 UTC 2019 /home/travis/build/icyphy/ptII/ptolemy/actor/lib/test/auto/FileWriter3.xml
----------------- Instantiating /home/travis/build/icyphy/ptII/ptolemy/actor/lib/test/auto/FileWriter3.xml
6 ms. Memory: 1369600K Free: 1252689K (91%)
----------------- Invoking toplevel() on ptolemy.moml.MoMLSimpleApplication@746424a3
----------------- Done invoking toplevel() on ptolemy.moml.MoMLSimpleApplication@746424a3
reloadAllAccessors: .FileWriter3

===========================================================================================
----------------- testing Thu Mar 14 14:24:47 UTC 2019 /home/travis/build/icyphy/ptII/ptolemy/actor/lib/test/auto/Gaussian.xml
----------------- Instantiating /home/travis/build/icyphy/ptII/ptolemy/actor/lib/test/auto/Gaussian.xml
2 ms. Memory: 1369600K Free: 1240155K (91%)
----------------- Invoking toplevel() on ptolemy.moml.MoMLSimpleApplication@762ca1f2
----------------- Done invoking toplevel() on ptolemy.moml.MoMLSimpleApplication@762ca1f2
reloadAllAccessors: .Gaussian

===========================================================================================
----------------- testing Thu Mar 14 14:24:47 UTC 2019 /home/travis/build/icyphy/ptII/ptolemy/actor/lib/test/auto/Gaussian1.xml
----------------- Instantiating /home/travis/build/icyphy/ptII/ptolemy/actor/lib/test/auto/Gaussian1.xml
1 ms. Memory: 1369600K Free: 1227621K (90%)
----------------- Invoking toplevel() on ptolemy.moml.MoMLSimpleApplication@4db8cc58
----------------- Done invoking toplevel() on ptolemy.moml.MoMLSimpleApplication@4db8cc58
reloadAllAccessors: .Gaussian1

===========================================================================================
----------------- testing Thu Mar 14 14:24:47 UTC 2019 /home/travis/build/icyphy/ptII/ptolemy/actor/lib/test/auto/Gaussian2.xml
----------------- Instantiating /home/travis/build/icyphy/ptII/ptolemy/actor/lib/test/auto/Gaussian2.xml
2 ms. Memory: 1369600K Free: 1208065K (88%)
----------------- Invoking toplevel() on ptolemy.moml.MoMLSimpleApplication@2b5bfe7
----------------- Done invoking toplevel() on ptolemy.moml.MoMLSimpleApplication@2b5bfe7
reloadAllAccessors: .Gaussian2

===========================================================================================
----------------- testing Thu Mar 14 14:24:47 UTC 2019 /home/travis/build/icyphy/ptII/ptolemy/actor/lib/test/auto/GradientAdaptiveLattice.xml
----------------- Instantiating /home/travis/build/icyphy/ptII/ptolemy/actor/lib/test/auto/GradientAdaptiveLattice.xml
2 ms. Memory: 1369600K Free: 1195531K (87%)
----------------- Invoking toplevel() on ptolemy.moml.MoMLSimpleApplication@5c626342
----------------- Done invoking toplevel() on ptolemy.moml.MoMLSimpleApplication@5c626342
reloadAllAccessors: .GradientAdaptiveLattice

===========================================================================================
----------------- testing Thu Mar 14 14:24:48 UTC 2019 /home/travis/build/icyphy/ptII/ptolemy/actor/lib/test/auto/IIR.xml
----------------- Instantiating /home/travis/build/icyphy/ptII/ptolemy/actor/lib/test/auto/IIR.xml
1 ms. Memory: 1369600K Free: 1182997K (86%)
----------------- Invoking toplevel() on ptolemy.moml.MoMLSimpleApplication@6f3e753c
----------------- Done invoking toplevel() on ptolemy.moml.MoMLSimpleApplication@6f3e753c
reloadAllAccessors: .IIR

===========================================================================================
----------------- testing Thu Mar 14 14:24:48 UTC 2019 /home/travis/build/icyphy/ptII/ptolemy/actor/lib/test/auto/InputOutputTransparentPorts.xml
----------------- Instantiating /home/travis/build/icyphy/ptII/ptolemy/actor/lib/test/auto/InputOutputTransparentPorts.xml
2 ms. Memory: 1369600K Free: 1163440K (85%)
----------------- Invoking toplevel() on ptolemy.moml.MoMLSimpleApplication@2c930d05
----------------- Done invoking toplevel() on ptolemy.moml.MoMLSimpleApplication@2c930d05
reloadAllAccessors: .InputOutputTransparentPorts

===========================================================================================
----------------- testing Thu Mar 14 14:24:48 UTC 2019 /home/travis/build/icyphy/ptII/ptolemy/actor/lib/test/auto/Interpolator.xml
----------------- Instantiating /home/travis/build/icyphy/ptII/ptolemy/actor/lib/test/auto/Interpolator.xml
6 ms. Memory: 1369600K Free: 1150907K (84%)
----------------- Invoking toplevel() on ptolemy.moml.MoMLSimpleApplication@48e3d7c3
----------------- Done invoking toplevel() on ptolemy.moml.MoMLSimpleApplication@48e3d7c3
reloadAllAccessors: .Interpolator

===========================================================================================
----------------- testing Thu Mar 14 14:24:48 UTC 2019 /home/travis/build/icyphy/ptII/ptolemy/actor/lib/test/auto/InterpolatorFiringLimitDE.xml
----------------- Instantiating /home/travis/build/icyphy/ptII/ptolemy/actor/lib/test/auto/InterpolatorFiringLimitDE.xml
3 ms. Memory: 1369600K Free: 1138373K (83%)
----------------- Invoking toplevel() on ptolemy.moml.MoMLSimpleApplication@1f173c03
----------------- Done invoking toplevel() on ptolemy.moml.MoMLSimpleApplication@1f173c03
reloadAllAccessors: .InterpolatorFiringLimitDE

===========================================================================================
----------------- testing Thu Mar 14 14:24:48 UTC 2019 /home/travis/build/icyphy/ptII/ptolemy/actor/lib/test/auto/Lattice.xml
----------------- Instantiating /home/travis/build/icyphy/ptII/ptolemy/actor/lib/test/auto/Lattice.xml
1 ms. Memory: 1369600K Free: 1118816K (82%)
----------------- Invoking toplevel() on ptolemy.moml.MoMLSimpleApplication@16c8d01c
----------------- Done invoking toplevel() on ptolemy.moml.MoMLSimpleApplication@16c8d01c
reloadAllAccessors: .Lattice

===========================================================================================
----------------- testing Thu Mar 14 14:24:48 UTC 2019 /home/travis/build/icyphy/ptII/ptolemy/actor/lib/test/auto/LazyAOCTestLazy.xml
----------------- Instantiating /home/travis/build/icyphy/ptII/ptolemy/actor/lib/test/auto/LazyAOCTestLazy.xml
7 ms. Memory: 1369600K Free: 1106282K (81%)
----------------- Invoking toplevel() on ptolemy.moml.MoMLSimpleApplication@21a25027
----------------- Done invoking toplevel() on ptolemy.moml.MoMLSimpleApplication@21a25027
reloadAllAccessors: .LazyAOCTestLazy

===========================================================================================
----------------- testing Thu Mar 14 14:24:48 UTC 2019 /home/travis/build/icyphy/ptII/ptolemy/actor/lib/test/auto/LazyAOCTestNonLazy.xml
----------------- Instantiating /home/travis/build/icyphy/ptII/ptolemy/actor/lib/test/auto/LazyAOCTestNonLazy.xml
1 ms. Memory: 1369600K Free: 1093749K (80%)
----------------- Invoking toplevel() on ptolemy.moml.MoMLSimpleApplication@1bcf7ee8
----------------- Done invoking toplevel() on ptolemy.moml.MoMLSimpleApplication@1bcf7ee8
reloadAllAccessors: .LazyAOCTestNonLazy

===========================================================================================
----------------- testing Thu Mar 14 14:24:48 UTC 2019 /home/travis/build/icyphy/ptII/ptolemy/actor/lib/test/auto/LazyInnerClass.xml
----------------- Instantiating /home/travis/build/icyphy/ptII/ptolemy/actor/lib/test/auto/LazyInnerClass.xml
19 ms. Memory: 1369600K Free: 1074192K (78%)
----------------- Invoking toplevel() on ptolemy.moml.MoMLSimpleApplication@4f6e1c05
----------------- Done invoking toplevel() on ptolemy.moml.MoMLSimpleApplication@4f6e1c05
reloadAllAccessors: .LazyInnerClass

===========================================================================================
----------------- testing Thu Mar 14 14:24:48 UTC 2019 /home/travis/build/icyphy/ptII/ptolemy/actor/lib/test/auto/LazyPubSub.xml
----------------- Instantiating /home/travis/build/icyphy/ptII/ptolemy/actor/lib/test/auto/LazyPubSub.xml
28 ms. Memory: 1369600K Free: 1061658K (78%)
----------------- Invoking toplevel() on ptolemy.moml.MoMLSimpleApplication@393c340
----------------- Done invoking toplevel() on ptolemy.moml.MoMLSimpleApplication@393c340
reloadAllAccessors: .LazyPubSub

===========================================================================================
----------------- testing Thu Mar 14 14:24:48 UTC 2019 /home/travis/build/icyphy/ptII/ptolemy/actor/lib/test/auto/LazyPubSub2.xml
----------------- Instantiating /home/travis/build/icyphy/ptII/ptolemy/actor/lib/test/auto/LazyPubSub2.xml
18 ms. Memory: 1369600K Free: 1049125K (77%)
----------------- Invoking toplevel() on ptolemy.moml.MoMLSimpleApplication@3ce42b37
----------------- Done invoking toplevel() on ptolemy.moml.MoMLSimpleApplication@3ce42b37
reloadAllAccessors: .LazyPubSub2

===========================================================================================
----------------- testing Thu Mar 14 14:24:48 UTC 2019 /home/travis/build/icyphy/ptII/ptolemy/actor/lib/test/auto/LazyPubSub3.xml
----------------- Instantiating /home/travis/build/icyphy/ptII/ptolemy/actor/lib/test/auto/LazyPubSub3.xml
13 ms. Memory: 1369600K Free: 1029568K (75%)
----------------- Invoking toplevel() on ptolemy.moml.MoMLSimpleApplication@21fedcd
----------------- Done invoking toplevel() on ptolemy.moml.MoMLSimpleApplication@21fedcd
reloadAllAccessors: .LazyPubSub3

===========================================================================================
----------------- testing Thu Mar 14 14:24:48 UTC 2019 /home/travis/build/icyphy/ptII/ptolemy/actor/lib/test/auto/LazySubClassModel.xml
----------------- Instantiating /home/travis/build/icyphy/ptII/ptolemy/actor/lib/test/auto/LazySubClassModel.xml
2 ms. Memory: 1369600K Free: 1010751K (74%)
----------------- Invoking toplevel() on ptolemy.moml.MoMLSimpleApplication@4e0569bc
----------------- Done invoking toplevel() on ptolemy.moml.MoMLSimpleApplication@4e0569bc
reloadAllAccessors: .LazySubClassModel

===========================================================================================
----------------- testing Thu Mar 14 14:24:48 UTC 2019 /home/travis/build/icyphy/ptII/ptolemy/actor/lib/test/auto/LevelCrossTest1.xml
----------------- Instantiating /home/travis/build/icyphy/ptII/ptolemy/actor/lib/test/auto/LevelCrossTest1.xml
2 ms. Memory: 1369600K Free: 998217K (73%)
----------------- Invoking toplevel() on ptolemy.moml.MoMLSimpleApplication@20948634
----------------- Done invoking toplevel() on ptolemy.moml.MoMLSimpleApplication@20948634
reloadAllAccessors: .broken

===========================================================================================
----------------- testing Thu Mar 14 14:24:48 UTC 2019 /home/travis/build/icyphy/ptII/ptolemy/actor/lib/test/auto/LevelCrossTest10.xml
----------------- Instantiating /home/travis/build/icyphy/ptII/ptolemy/actor/lib/test/auto/LevelCrossTest10.xml
1 ms. Memory: 1369600K Free: 978661K (71%)
----------------- Invoking toplevel() on ptolemy.moml.MoMLSimpleApplication@a880c93
----------------- Done invoking toplevel() on ptolemy.moml.MoMLSimpleApplication@a880c93
reloadAllAccessors: .LevelCrossTest10

===========================================================================================
----------------- testing Thu Mar 14 14:24:48 UTC 2019 /home/travis/build/icyphy/ptII/ptolemy/actor/lib/test/auto/LevelCrossTest11.xml
----------------- Instantiating /home/travis/build/icyphy/ptII/ptolemy/actor/lib/test/auto/LevelCrossTest11.xml
1 ms. Memory: 1369600K Free: 966127K (71%)
----------------- Invoking toplevel() on ptolemy.moml.MoMLSimpleApplication@76b3f062
----------------- Done invoking toplevel() on ptolemy.moml.MoMLSimpleApplication@76b3f062
reloadAllAccessors: .LevelCrossTest11

===========================================================================================
----------------- testing Thu Mar 14 14:24:48 UTC 2019 /home/travis/build/icyphy/ptII/ptolemy/actor/lib/test/auto/LevelCrossTest12.xml
----------------- Instantiating /home/travis/build/icyphy/ptII/ptolemy/actor/lib/test/auto/LevelCrossTest12.xml
2 ms. Memory: 1369600K Free: 953593K (70%)
----------------- Invoking toplevel() on ptolemy.moml.MoMLSimpleApplication@647cab2
----------------- Done invoking toplevel() on ptolemy.moml.MoMLSimpleApplication@647cab2
reloadAllAccessors: .LevelCrossTest12

===========================================================================================
----------------- testing Thu Mar 14 14:24:48 UTC 2019 /home/travis/build/icyphy/ptII/ptolemy/actor/lib/test/auto/LevelCrossTest13.xml
----------------- Instantiating /home/travis/build/icyphy/ptII/ptolemy/actor/lib/test/auto/LevelCrossTest13.xml
1 ms. Memory: 1369600K Free: 934037K (68%)
----------------- Invoking toplevel() on ptolemy.moml.MoMLSimpleApplication@7dbb249f
----------------- Done invoking toplevel() on ptolemy.moml.MoMLSimpleApplication@7dbb249f
reloadAllAccessors: .LevelCrossTest13

===========================================================================================
----------------- testing Thu Mar 14 14:24:48 UTC 2019 /home/travis/build/icyphy/ptII/ptolemy/actor/lib/test/auto/LevelCrossTest2.xml
----------------- Instantiating /home/travis/build/icyphy/ptII/ptolemy/actor/lib/test/auto/LevelCrossTest2.xml
1 ms. Memory: 1369600K Free: 921503K (67%)
----------------- Invoking toplevel() on ptolemy.moml.MoMLSimpleApplication@717d2dd
----------------- Done invoking toplevel() on ptolemy.moml.MoMLSimpleApplication@717d2dd
reloadAllAccessors: .broken

===========================================================================================
----------------- testing Thu Mar 14 14:24:48 UTC 2019 /home/travis/build/icyphy/ptII/ptolemy/actor/lib/test/auto/LevelCrossTest3.xml
----------------- Instantiating /home/travis/build/icyphy/ptII/ptolemy/actor/lib/test/auto/LevelCrossTest3.xml
2 ms. Memory: 1369600K Free: 908969K (66%)
----------------- Invoking toplevel() on ptolemy.moml.MoMLSimpleApplication@1911a0b5
----------------- Done invoking toplevel() on ptolemy.moml.MoMLSimpleApplication@1911a0b5
reloadAllAccessors: .LevelCrossTest3

===========================================================================================
----------------- testing Thu Mar 14 14:24:48 UTC 2019 /home/travis/build/icyphy/ptII/ptolemy/actor/lib/test/auto/LevelCrossTest4.xml
----------------- Instantiating /home/travis/build/icyphy/ptII/ptolemy/actor/lib/test/auto/LevelCrossTest4.xml
1 ms. Memory: 1369600K Free: 889413K (65%)
----------------- Invoking toplevel() on ptolemy.moml.MoMLSimpleApplication@614cdfc
----------------- Done invoking toplevel() on ptolemy.moml.MoMLSimpleApplication@614cdfc
reloadAllAccessors: .broken

===========================================================================================
----------------- testing Thu Mar 14 14:24:48 UTC 2019 /home/travis/build/icyphy/ptII/ptolemy/actor/lib/test/auto/LevelCrossTest5.xml
----------------- Instantiating /home/travis/build/icyphy/ptII/ptolemy/actor/lib/test/auto/LevelCrossTest5.xml
1 ms. Memory: 1369600K Free: 876879K (64%)
----------------- Invoking toplevel() on ptolemy.moml.MoMLSimpleApplication@2537082
----------------- Done invoking toplevel() on ptolemy.moml.MoMLSimpleApplication@2537082
reloadAllAccessors: .LevelCrossTest5

===========================================================================================
----------------- testing Thu Mar 14 14:24:48 UTC 2019 /home/travis/build/icyphy/ptII/ptolemy/actor/lib/test/auto/LevelCrossTest6.xml
----------------- Instantiating /home/travis/build/icyphy/ptII/ptolemy/actor/lib/test/auto/LevelCrossTest6.xml
2 ms. Memory: 1369600K Free: 864345K (63%)
----------------- Invoking toplevel() on ptolemy.moml.MoMLSimpleApplication@51787f70
----------------- Done invoking toplevel() on ptolemy.moml.MoMLSimpleApplication@51787f70
reloadAllAccessors: .LevelCrossTest6

===========================================================================================
----------------- testing Thu Mar 14 14:24:48 UTC 2019 /home/travis/build/icyphy/ptII/ptolemy/actor/lib/test/auto/LevelCrossTest7.xml
----------------- Instantiating /home/travis/build/icyphy/ptII/ptolemy/actor/lib/test/auto/LevelCrossTest7.xml
2 ms. Memory: 1369600K Free: 844789K (62%)
----------------- Invoking toplevel() on ptolemy.moml.MoMLSimpleApplication@5aaa3edb
----------------- Done invoking toplevel() on ptolemy.moml.MoMLSimpleApplication@5aaa3edb
reloadAllAccessors: .LevelCrossTest7

===========================================================================================
----------------- testing Thu Mar 14 14:24:48 UTC 2019 /home/travis/build/icyphy/ptII/ptolemy/actor/lib/test/auto/LevelCrossTest8.xml
----------------- Instantiating /home/travis/build/icyphy/ptII/ptolemy/actor/lib/test/auto/LevelCrossTest8.xml
1 ms. Memory: 1369600K Free: 832255K (61%)
----------------- Invoking toplevel() on ptolemy.moml.MoMLSimpleApplication@58f47ce4
----------------- Done invoking toplevel() on ptolemy.moml.MoMLSimpleApplication@58f47ce4
reloadAllAccessors: .LevelCrossTest8

===========================================================================================
----------------- testing Thu Mar 14 14:24:48 UTC 2019 /home/travis/build/icyphy/ptII/ptolemy/actor/lib/test/auto/LevelCrossTest9.xml
----------------- Instantiating /home/travis/build/icyphy/ptII/ptolemy/actor/lib/test/auto/LevelCrossTest9.xml
1 ms. Memory: 1369600K Free: 814426K (59%)
----------------- Invoking toplevel() on ptolemy.moml.MoMLSimpleApplication@3d631702
----------------- Done invoking toplevel() on ptolemy.moml.MoMLSimpleApplication@3d631702
reloadAllAccessors: .LevelCrossTest9

===========================================================================================
----------------- testing Thu Mar 14 14:24:48 UTC 2019 /home/travis/build/icyphy/ptII/ptolemy/actor/lib/test/auto/LevinsonDurbin.xml
----------------- Instantiating /home/travis/build/icyphy/ptII/ptolemy/actor/lib/test/auto/LevinsonDurbin.xml
2 ms. Memory: 1369600K Free: 794869K (58%)
----------------- Invoking toplevel() on ptolemy.moml.MoMLSimpleApplication@7c33dbb7
----------------- Done invoking toplevel() on ptolemy.moml.MoMLSimpleApplication@7c33dbb7
reloadAllAccessors: .LevinsonDurbin

===========================================================================================
----------------- testing Thu Mar 14 14:24:48 UTC 2019 /home/travis/build/icyphy/ptII/ptolemy/actor/lib/test/auto/LevinsonDurbin2.xml
----------------- Instantiating /home/travis/build/icyphy/ptII/ptolemy/actor/lib/test/auto/LevinsonDurbin2.xml
2 ms. Memory: 1369600K Free: 782335K (57%)
----------------- Invoking toplevel() on ptolemy.moml.MoMLSimpleApplication@5de49b3e
----------------- Done invoking toplevel() on ptolemy.moml.MoMLSimpleApplication@5de49b3e
reloadAllAccessors: .LevinsonDurbin2

===========================================================================================
----------------- testing Thu Mar 14 14:24:48 UTC 2019 /home/travis/build/icyphy/ptII/ptolemy/actor/lib/test/auto/LevinsonDurbin3.xml
----------------- Instantiating /home/travis/build/icyphy/ptII/ptolemy/actor/lib/test/auto/LevinsonDurbin3.xml
2 ms. Memory: 1369600K Free: 769801K (56%)
----------------- Invoking toplevel() on ptolemy.moml.MoMLSimpleApplication@5e57a0ec
----------------- Done invoking toplevel() on ptolemy.moml.MoMLSimpleApplication@5e57a0ec
reloadAllAccessors: .LevinsonDurbin3

===========================================================================================
----------------- testing Thu Mar 14 14:24:48 UTC 2019 /home/travis/build/icyphy/ptII/ptolemy/actor/lib/test/auto/Limiter.xml
----------------- Instantiating /home/travis/build/icyphy/ptII/ptolemy/actor/lib/test/auto/Limiter.xml
4 ms. Memory: 1369600K Free: 750245K (55%)
----------------- Invoking toplevel() on ptolemy.moml.MoMLSimpleApplication@26fcab2e
----------------- Done invoking toplevel() on ptolemy.moml.MoMLSimpleApplication@26fcab2e
reloadAllAccessors: .Limiter

===========================================================================================
----------------- testing Thu Mar 14 14:24:48 UTC 2019 /home/travis/build/icyphy/ptII/ptolemy/actor/lib/test/auto/LinearDifferenceEquationSystem.xml
----------------- Instantiating /home/travis/build/icyphy/ptII/ptolemy/actor/lib/test/auto/LinearDifferenceEquationSystem.xml
4 ms. Memory: 1369600K Free: 737711K (54%)
----------------- Invoking toplevel() on ptolemy.moml.MoMLSimpleApplication@640f6ddf
----------------- Done invoking toplevel() on ptolemy.moml.MoMLSimpleApplication@640f6ddf
reloadAllAccessors: .LinearDifferenceEquationSystem

===========================================================================================
----------------- testing Thu Mar 14 14:24:48 UTC 2019 /home/travis/build/icyphy/ptII/ptolemy/actor/lib/test/auto/LookupTable.xml
----------------- Instantiating /home/travis/build/icyphy/ptII/ptolemy/actor/lib/test/auto/LookupTable.xml
2 ms. Memory: 1369600K Free: 725177K (53%)
----------------- Invoking toplevel() on ptolemy.moml.MoMLSimpleApplication@2d5203fc
----------------- Done invoking toplevel() on ptolemy.moml.MoMLSimpleApplication@2d5203fc
reloadAllAccessors: .LookupTable

===========================================================================================
----------------- testing Thu Mar 14 14:24:48 UTC 2019 /home/travis/build/icyphy/ptII/ptolemy/actor/lib/test/auto/MathFunction.xml
----------------- Instantiating /home/travis/build/icyphy/ptII/ptolemy/actor/lib/test/auto/MathFunction.xml
2 ms. Memory: 1369600K Free: 705621K (52%)
----------------- Invoking toplevel() on ptolemy.moml.MoMLSimpleApplication@625d66f9
----------------- Done invoking toplevel() on ptolemy.moml.MoMLSimpleApplication@625d66f9
reloadAllAccessors: .MathFunction

===========================================================================================
----------------- testing Thu Mar 14 14:24:48 UTC 2019 /home/travis/build/icyphy/ptII/ptolemy/actor/lib/test/auto/MathFunction2.xml
----------------- Instantiating /home/travis/build/icyphy/ptII/ptolemy/actor/lib/test/auto/MathFunction2.xml
1 ms. Memory: 1369600K Free: 693087K (51%)
----------------- Invoking toplevel() on ptolemy.moml.MoMLSimpleApplication@122e8f81
----------------- Done invoking toplevel() on ptolemy.moml.MoMLSimpleApplication@122e8f81
reloadAllAccessors: .MathFunction2

===========================================================================================
----------------- testing Thu Mar 14 14:24:48 UTC 2019 /home/travis/build/icyphy/ptII/ptolemy/actor/lib/test/auto/MathFunction3.xml
----------------- Instantiating /home/travis/build/icyphy/ptII/ptolemy/actor/lib/test/auto/MathFunction3.xml
6 ms. Memory: 1369600K Free: 680553K (50%)
----------------- Invoking toplevel() on ptolemy.moml.MoMLSimpleApplication@6b726d66
----------------- Done invoking toplevel() on ptolemy.moml.MoMLSimpleApplication@6b726d66
reloadAllAccessors: .MathFunction3

===========================================================================================
----------------- testing Thu Mar 14 14:24:48 UTC 2019 /home/travis/build/icyphy/ptII/ptolemy/actor/lib/test/auto/MatrixCropBoolean.xml
----------------- Instantiating /home/travis/build/icyphy/ptII/ptolemy/actor/lib/test/auto/MatrixCropBoolean.xml
2 ms. Memory: 1369600K Free: 660997K (48%)
----------------- Invoking toplevel() on ptolemy.moml.MoMLSimpleApplication@97e27c7
----------------- Done invoking toplevel() on ptolemy.moml.MoMLSimpleApplication@97e27c7
reloadAllAccessors: .MatrixCropBoolean

===========================================================================================
----------------- testing Thu Mar 14 14:24:48 UTC 2019 /home/travis/build/icyphy/ptII/ptolemy/actor/lib/test/auto/MatrixCropComplex.xml
----------------- Instantiating /home/travis/build/icyphy/ptII/ptolemy/actor/lib/test/auto/MatrixCropComplex.xml
2 ms. Memory: 1369600K Free: 648463K (47%)
----------------- Invoking toplevel() on ptolemy.moml.MoMLSimpleApplication@52a9f87b
----------------- Done invoking toplevel() on ptolemy.moml.MoMLSimpleApplication@52a9f87b
reloadAllAccessors: .MatrixCropComplex

===========================================================================================
----------------- testing Thu Mar 14 14:24:48 UTC 2019 /home/travis/build/icyphy/ptII/ptolemy/actor/lib/test/auto/MatrixCropDouble.xml
----------------- Instantiating /home/travis/build/icyphy/ptII/ptolemy/actor/lib/test/auto/MatrixCropDouble.xml
2 ms. Memory: 1369600K Free: 635930K (46%)
----------------- Invoking toplevel() on ptolemy.moml.MoMLSimpleApplication@4c7a3a7c
----------------- Done invoking toplevel() on ptolemy.moml.MoMLSimpleApplication@4c7a3a7c
reloadAllAccessors: .MatrixCropDouble

===========================================================================================
----------------- testing Thu Mar 14 14:24:48 UTC 2019 /home/travis/build/icyphy/ptII/ptolemy/actor/lib/test/auto/MatrixCropFix.xml
----------------- Instantiating /home/travis/build/icyphy/ptII/ptolemy/actor/lib/test/auto/MatrixCropFix.xml
2 ms. Memory: 1369600K Free: 616373K (45%)
----------------- Invoking toplevel() on ptolemy.moml.MoMLSimpleApplication@7b4d4195
----------------- Done invoking toplevel() on ptolemy.moml.MoMLSimpleApplication@7b4d4195
reloadAllAccessors: .MatrixCropFix

===========================================================================================
----------------- testing Thu Mar 14 14:24:48 UTC 2019 /home/travis/build/icyphy/ptII/ptolemy/actor/lib/test/auto/MatrixCropInt.xml
----------------- Instantiating /home/travis/build/icyphy/ptII/ptolemy/actor/lib/test/auto/MatrixCropInt.xml
2 ms. Memory: 1369600K Free: 603840K (44%)
----------------- Invoking toplevel() on ptolemy.moml.MoMLSimpleApplication@31c3101f
----------------- Done invoking toplevel() on ptolemy.moml.MoMLSimpleApplication@31c3101f
reloadAllAccessors: .MatrixCropInt

===========================================================================================
----------------- testing Thu Mar 14 14:24:48 UTC 2019 /home/travis/build/icyphy/ptII/ptolemy/actor/lib/test/auto/MatrixCropLong.xml
----------------- Instantiating /home/travis/build/icyphy/ptII/ptolemy/actor/lib/test/auto/MatrixCropLong.xml
2 ms. Memory: 1369600K Free: 591306K (43%)
----------------- Invoking toplevel() on ptolemy.moml.MoMLSimpleApplication@5d4c73b5
----------------- Done invoking toplevel() on ptolemy.moml.MoMLSimpleApplication@5d4c73b5
reloadAllAccessors: .MatrixCropLong

===========================================================================================
----------------- testing Thu Mar 14 14:24:48 UTC 2019 /home/travis/build/icyphy/ptII/ptolemy/actor/lib/test/auto/MatrixToArray.xml
----------------- Instantiating /home/travis/build/icyphy/ptII/ptolemy/actor/lib/test/auto/MatrixToArray.xml
6 ms. Memory: 1369600K Free: 559184K (41%)
----------------- Invoking toplevel() on ptolemy.moml.MoMLSimpleApplication@219c6d6d
----------------- Done invoking toplevel() on ptolemy.moml.MoMLSimpleApplication@219c6d6d
reloadAllAccessors: .MatrixToArray

===========================================================================================
----------------- testing Thu Mar 14 14:24:49 UTC 2019 /home/travis/build/icyphy/ptII/ptolemy/actor/lib/test/auto/MaxIndex.xml
----------------- Instantiating /home/travis/build/icyphy/ptII/ptolemy/actor/lib/test/auto/MaxIndex.xml
2 ms. Memory: 1369600K Free: 546650K (40%)
----------------- Invoking toplevel() on ptolemy.moml.MoMLSimpleApplication@269b2aad
----------------- Done invoking toplevel() on ptolemy.moml.MoMLSimpleApplication@269b2aad
reloadAllAccessors: .MaxIndex

===========================================================================================
----------------- testing Thu Mar 14 14:24:49 UTC 2019 /home/travis/build/icyphy/ptII/ptolemy/actor/lib/test/auto/Maximum.xml
----------------- Instantiating /home/travis/build/icyphy/ptII/ptolemy/actor/lib/test/auto/Maximum.xml
8 ms. Memory: 1369600K Free: 534116K (39%)
----------------- Invoking toplevel() on ptolemy.moml.MoMLSimpleApplication@5d95b61c
----------------- Done invoking toplevel() on ptolemy.moml.MoMLSimpleApplication@5d95b61c
reloadAllAccessors: .Maximum

===========================================================================================
----------------- testing Thu Mar 14 14:24:49 UTC 2019 /home/travis/build/icyphy/ptII/ptolemy/actor/lib/test/auto/MaximumComplex.xml
----------------- Instantiating /home/travis/build/icyphy/ptII/ptolemy/actor/lib/test/auto/MaximumComplex.xml
5 ms. Memory: 1369600K Free: 514560K (38%)
----------------- Invoking toplevel() on ptolemy.moml.MoMLSimpleApplication@7b91c1a7
----------------- Done invoking toplevel() on ptolemy.moml.MoMLSimpleApplication@7b91c1a7
reloadAllAccessors: .MaximumComplex

===========================================================================================
----------------- testing Thu Mar 14 14:24:49 UTC 2019 /home/travis/build/icyphy/ptII/ptolemy/actor/lib/test/auto/MethodCallTest.xml
----------------- Instantiating /home/travis/build/icyphy/ptII/ptolemy/actor/lib/test/auto/MethodCallTest.xml
2 ms. Memory: 1369600K Free: 502026K (37%)
----------------- Invoking toplevel() on ptolemy.moml.MoMLSimpleApplication@4100adc3
----------------- Done invoking toplevel() on ptolemy.moml.MoMLSimpleApplication@4100adc3
reloadAllAccessors: .MethodCallTest

===========================================================================================
----------------- testing Thu Mar 14 14:24:49 UTC 2019 /home/travis/build/icyphy/ptII/ptolemy/actor/lib/test/auto/Minimum.xml
----------------- Instantiating /home/travis/build/icyphy/ptII/ptolemy/actor/lib/test/auto/Minimum.xml
2 ms. Memory: 1369600K Free: 489492K (36%)
----------------- Invoking toplevel() on ptolemy.moml.MoMLSimpleApplication@26de5edc
----------------- Done invoking toplevel() on ptolemy.moml.MoMLSimpleApplication@26de5edc
reloadAllAccessors: .Minimum

===========================================================================================
----------------- testing Thu Mar 14 14:24:49 UTC 2019 /home/travis/build/icyphy/ptII/ptolemy/actor/lib/test/auto/MinimumComplex.xml
----------------- Instantiating /home/travis/build/icyphy/ptII/ptolemy/actor/lib/test/auto/MinimumComplex.xml
4 ms. Memory: 1369600K Free: 469936K (34%)
----------------- Invoking toplevel() on ptolemy.moml.MoMLSimpleApplication@41634a03
----------------- Done invoking toplevel() on ptolemy.moml.MoMLSimpleApplication@41634a03
reloadAllAccessors: .MinimumComplex

===========================================================================================
----------------- testing Thu Mar 14 14:24:49 UTC 2019 /home/travis/build/icyphy/ptII/ptolemy/actor/lib/test/auto/MinimumMultiports.xml
----------------- Instantiating /home/travis/build/icyphy/ptII/ptolemy/actor/lib/test/auto/MinimumMultiports.xml
4 ms. Memory: 1369600K Free: 457402K (33%)
----------------- Invoking toplevel() on ptolemy.moml.MoMLSimpleApplication@2302e4ea
----------------- Done invoking toplevel() on ptolemy.moml.MoMLSimpleApplication@2302e4ea
reloadAllAccessors: .MinimumMultiports

===========================================================================================
----------------- testing Thu Mar 14 14:24:49 UTC 2019 /home/travis/build/icyphy/ptII/ptolemy/actor/lib/test/auto/ModifyDate.xml
----------------- Instantiating /home/travis/build/icyphy/ptII/ptolemy/actor/lib/test/auto/ModifyDate.xml
7 ms. Memory: 1369600K Free: 438602K (32%)
----------------- Invoking toplevel() on ptolemy.moml.MoMLSimpleApplication@49dae21e
----------------- Done invoking toplevel() on ptolemy.moml.MoMLSimpleApplication@49dae21e
reloadAllAccessors: .ModifyDate

===========================================================================================
----------------- testing Thu Mar 14 14:24:49 UTC 2019 /home/travis/build/icyphy/ptII/ptolemy/actor/lib/test/auto/ModifyDate2.xml
----------------- Instantiating /home/travis/build/icyphy/ptII/ptolemy/actor/lib/test/auto/ModifyDate2.xml
5 ms. Memory: 1369600K Free: 412762K (30%)
----------------- Invoking toplevel() on ptolemy.moml.MoMLSimpleApplication@716cbc93
----------------- Done invoking toplevel() on ptolemy.moml.MoMLSimpleApplication@716cbc93
reloadAllAccessors: .ModifyDate2

===========================================================================================
----------------- testing Thu Mar 14 14:24:49 UTC 2019 /home/travis/build/icyphy/ptII/ptolemy/actor/lib/test/auto/MovingAverage.xml
----------------- Instantiating /home/travis/build/icyphy/ptII/ptolemy/actor/lib/test/auto/MovingAverage.xml
2 ms. Memory: 1369600K Free: 400229K (29%)
----------------- Invoking toplevel() on ptolemy.moml.MoMLSimpleApplication@62b00fa2
----------------- Done invoking toplevel() on ptolemy.moml.MoMLSimpleApplication@62b00fa2
reloadAllAccessors: .MovingAverage

===========================================================================================
----------------- testing Thu Mar 14 14:24:49 UTC 2019 /home/travis/build/icyphy/ptII/ptolemy/actor/lib/test/auto/MovingMaximum.xml
----------------- Instantiating /home/travis/build/icyphy/ptII/ptolemy/actor/lib/test/auto/MovingMaximum.xml
2 ms. Memory: 1369600K Free: 387695K (28%)
----------------- Invoking toplevel() on ptolemy.moml.MoMLSimpleApplication@6e07fe99
----------------- Done invoking toplevel() on ptolemy.moml.MoMLSimpleApplication@6e07fe99
reloadAllAccessors: .MovingMaximum

===========================================================================================
----------------- testing Thu Mar 14 14:24:49 UTC 2019 /home/travis/build/icyphy/ptII/ptolemy/actor/lib/test/auto/MultipleLinksToSameRelation.xml
----------------- Instantiating /home/travis/build/icyphy/ptII/ptolemy/actor/lib/test/auto/MultipleLinksToSameRelation.xml
2 ms. Memory: 1369600K Free: 368138K (27%)
----------------- Invoking toplevel() on ptolemy.moml.MoMLSimpleApplication@6fa42834
----------------- Done invoking toplevel() on ptolemy.moml.MoMLSimpleApplication@6fa42834
reloadAllAccessors: .MultipleLinksToSameRelation

===========================================================================================
----------------- testing Thu Mar 14 14:24:49 UTC 2019 /home/travis/build/icyphy/ptII/ptolemy/actor/lib/test/auto/MultipleLinksToSameRelationDE.xml
----------------- Instantiating /home/travis/build/icyphy/ptII/ptolemy/actor/lib/test/auto/MultipleLinksToSameRelationDE.xml
4 ms. Memory: 1369600K Free: 355605K (26%)
----------------- Invoking toplevel() on ptolemy.moml.MoMLSimpleApplication@64bca2e1
----------------- Done invoking toplevel() on ptolemy.moml.MoMLSimpleApplication@64bca2e1
reloadAllAccessors: .MultipleLinksToSameRelationDE

===========================================================================================
----------------- testing Thu Mar 14 14:24:49 UTC 2019 /home/travis/build/icyphy/ptII/ptolemy/actor/lib/test/auto/Multiplexor.xml
----------------- Instantiating /home/travis/build/icyphy/ptII/ptolemy/actor/lib/test/auto/Multiplexor.xml
2 ms. Memory: 1369600K Free: 343071K (25%)
----------------- Invoking toplevel() on ptolemy.moml.MoMLSimpleApplication@1428a39b
----------------- Done invoking toplevel() on ptolemy.moml.MoMLSimpleApplication@1428a39b
reloadAllAccessors: .Multiplexor

===========================================================================================
----------------- testing Thu Mar 14 14:24:49 UTC 2019 /home/travis/build/icyphy/ptII/ptolemy/actor/lib/test/auto/Multiplexor1.xml
----------------- Instantiating /home/travis/build/icyphy/ptII/ptolemy/actor/lib/test/auto/Multiplexor1.xml
3 ms. Memory: 1369600K Free: 323514K (24%)
----------------- Invoking toplevel() on ptolemy.moml.MoMLSimpleApplication@67189409
----------------- Done invoking toplevel() on ptolemy.moml.MoMLSimpleApplication@67189409
reloadAllAccessors: .Multiplexor1

===========================================================================================
----------------- testing Thu Mar 14 14:24:49 UTC 2019 /home/travis/build/icyphy/ptII/ptolemy/actor/lib/test/auto/Multiplexor2.xml
----------------- Instantiating /home/travis/build/icyphy/ptII/ptolemy/actor/lib/test/auto/Multiplexor2.xml
3 ms. Memory: 1369600K Free: 310981K (23%)
----------------- Invoking toplevel() on ptolemy.moml.MoMLSimpleApplication@4c420607
----------------- Done invoking toplevel() on ptolemy.moml.MoMLSimpleApplication@4c420607
reloadAllAccessors: .Multiplexor2

===========================================================================================
----------------- testing Thu Mar 14 14:24:49 UTC 2019 /home/travis/build/icyphy/ptII/ptolemy/actor/lib/test/auto/Multiplexor3.xml
----------------- Instantiating /home/travis/build/icyphy/ptII/ptolemy/actor/lib/test/auto/Multiplexor3.xml
2 ms. Memory: 1369600K Free: 298447K (22%)
----------------- Invoking toplevel() on ptolemy.moml.MoMLSimpleApplication@6e72cb8
----------------- Done invoking toplevel() on ptolemy.moml.MoMLSimpleApplication@6e72cb8
reloadAllAccessors: .Multiplexor3

===========================================================================================
----------------- testing Thu Mar 14 14:24:49 UTC 2019 /home/travis/build/icyphy/ptII/ptolemy/actor/lib/test/auto/MultiplexorDE.xml
----------------- Instantiating /home/travis/build/icyphy/ptII/ptolemy/actor/lib/test/auto/MultiplexorDE.xml
2 ms. Memory: 1369600K Free: 278890K (20%)
----------------- Invoking toplevel() on ptolemy.moml.MoMLSimpleApplication@3e32dcf2
----------------- Done invoking toplevel() on ptolemy.moml.MoMLSimpleApplication@3e32dcf2
reloadAllAccessors: .MultiplexorDE

===========================================================================================
----------------- testing Thu Mar 14 14:24:49 UTC 2019 /home/travis/build/icyphy/ptII/ptolemy/actor/lib/test/auto/MultiportBroadcastTest.xml
----------------- Instantiating /home/travis/build/icyphy/ptII/ptolemy/actor/lib/test/auto/MultiportBroadcastTest.xml
93 ms. Memory: 1369600K Free: 266357K (19%)
----------------- Invoking toplevel() on ptolemy.moml.MoMLSimpleApplication@76ac90a
----------------- Done invoking toplevel() on ptolemy.moml.MoMLSimpleApplication@76ac90a
reloadAllAccessors: .MultiportBroadcastTest

===========================================================================================
----------------- testing Thu Mar 14 14:24:49 UTC 2019 /home/travis/build/icyphy/ptII/ptolemy/actor/lib/test/auto/MultiportOutHangDuringGetWidth.xml
----------------- Instantiating /home/travis/build/icyphy/ptII/ptolemy/actor/lib/test/auto/MultiportOutHangDuringGetWidth.xml
6 ms. Memory: 1369600K Free: 247556K (18%)
----------------- Invoking toplevel() on ptolemy.moml.MoMLSimpleApplication@5864d290
----------------- Done invoking toplevel() on ptolemy.moml.MoMLSimpleApplication@5864d290
reloadAllAccessors: .MultiportOutHangDuringGetWidth

===========================================================================================
----------------- testing Thu Mar 14 14:24:49 UTC 2019 /home/travis/build/icyphy/ptII/ptolemy/actor/lib/test/auto/NilToken.xml
----------------- Instantiating /home/travis/build/icyphy/ptII/ptolemy/actor/lib/test/auto/NilToken.xml
1 ms. Memory: 1369600K Free: 228000K (17%)
----------------- Invoking toplevel() on ptolemy.moml.MoMLSimpleApplication@6a96f7c8
----------------- Done invoking toplevel() on ptolemy.moml.MoMLSimpleApplication@6a96f7c8
reloadAllAccessors: .NilToken

===========================================================================================
----------------- testing Thu Mar 14 14:24:49 UTC 2019 /home/travis/build/icyphy/ptII/ptolemy/actor/lib/test/auto/NilTokenNonStrictTest.xml
----------------- Instantiating /home/travis/build/icyphy/ptII/ptolemy/actor/lib/test/auto/NilTokenNonStrictTest.xml
2 ms. Memory: 1369600K Free: 215466K (16%)
----------------- Invoking toplevel() on ptolemy.moml.MoMLSimpleApplication@4c5ba243
----------------- Done invoking toplevel() on ptolemy.moml.MoMLSimpleApplication@4c5ba243
reloadAllAccessors: .NilTokenNonStrictTest

===========================================================================================
----------------- testing Thu Mar 14 14:24:49 UTC 2019 /home/travis/build/icyphy/ptII/ptolemy/actor/lib/test/auto/NilTokenRecord.xml
----------------- Instantiating /home/travis/build/icyphy/ptII/ptolemy/actor/lib/test/auto/NilTokenRecord.xml
5 ms. Memory: 1369600K Free: 202932K (15%)
----------------- Invoking toplevel() on ptolemy.moml.MoMLSimpleApplication@328cf3cb
----------------- Done invoking toplevel() on ptolemy.moml.MoMLSimpleApplication@328cf3cb
reloadAllAccessors: .NilTokenRecord

===========================================================================================
----------------- testing Thu Mar 14 14:24:49 UTC 2019 /home/travis/build/icyphy/ptII/ptolemy/actor/lib/test/auto/NilTokenTypeTest.xml
----------------- Instantiating /home/travis/build/icyphy/ptII/ptolemy/actor/lib/test/auto/NilTokenTypeTest.xml
12 ms. Memory: 1369600K Free: 177093K (13%)
----------------- Invoking toplevel() on ptolemy.moml.MoMLSimpleApplication@5e17320
----------------- Done invoking toplevel() on ptolemy.moml.MoMLSimpleApplication@5e17320
reloadAllAccessors: .NilTokenTypeTest

===========================================================================================
----------------- testing Thu Mar 14 14:24:49 UTC 2019 /home/travis/build/icyphy/ptII/ptolemy/actor/lib/test/auto/ObjectToken1.xml
----------------- Instantiating /home/travis/build/icyphy/ptII/ptolemy/actor/lib/test/auto/ObjectToken1.xml
2 ms. Memory: 1369600K Free: 164559K (12%)
----------------- Invoking toplevel() on ptolemy.moml.MoMLSimpleApplication@16b414f1
----------------- Done invoking toplevel() on ptolemy.moml.MoMLSimpleApplication@16b414f1
reloadAllAccessors: .ObjectToken1

===========================================================================================
----------------- testing Thu Mar 14 14:24:49 UTC 2019 /home/travis/build/icyphy/ptII/ptolemy/actor/lib/test/auto/OrderedMerge.xml
----------------- Instantiating /home/travis/build/icyphy/ptII/ptolemy/actor/lib/test/auto/OrderedMerge.xml
6 ms. Memory: 1369600K Free: 126958K (9%)
----------------- Invoking toplevel() on ptolemy.moml.MoMLSimpleApplication@26fc7dc5
----------------- Done invoking toplevel() on ptolemy.moml.MoMLSimpleApplication@26fc7dc5
reloadAllAccessors: .OrderedMerge

===========================================================================================
----------------- testing Thu Mar 14 14:24:49 UTC 2019 /home/travis/build/icyphy/ptII/ptolemy/actor/lib/test/auto/OrderedRecordDisassembler.xml
----------------- Instantiating /home/travis/build/icyphy/ptII/ptolemy/actor/lib/test/auto/OrderedRecordDisassembler.xml
3 ms. Memory: 1369600K Free: 107402K (8%)
----------------- Invoking toplevel() on ptolemy.moml.MoMLSimpleApplication@6ab7056e
----------------- Done invoking toplevel() on ptolemy.moml.MoMLSimpleApplication@6ab7056e
reloadAllAccessors: .OrderedRecordDisassembler

===========================================================================================
----------------- testing Thu Mar 14 14:24:49 UTC 2019 /home/travis/build/icyphy/ptII/ptolemy/actor/lib/test/auto/OrderedRecordDisassembler2.xml
----------------- Instantiating /home/travis/build/icyphy/ptII/ptolemy/actor/lib/test/auto/OrderedRecordDisassembler2.xml
4 ms. Memory: 1369600K Free: 94868K (7%)
----------------- Invoking toplevel() on ptolemy.moml.MoMLSimpleApplication@6c8b2cfb
----------------- Done invoking toplevel() on ptolemy.moml.MoMLSimpleApplication@6c8b2cfb
reloadAllAccessors: .OrderedRecordDisassembler2

===========================================================================================
----------------- testing Thu Mar 14 14:24:49 UTC 2019 /home/travis/build/icyphy/ptII/ptolemy/actor/lib/test/auto/OrderedRecordUpdater.xml
----------------- Instantiating /home/travis/build/icyphy/ptII/ptolemy/actor/lib/test/auto/OrderedRecordUpdater.xml
2 ms. Memory: 1369600K Free: 82334K (6%)
----------------- Invoking toplevel() on ptolemy.moml.MoMLSimpleApplication@2a6d3f59
----------------- Done invoking toplevel() on ptolemy.moml.MoMLSimpleApplication@2a6d3f59
reloadAllAccessors: .RecordUpdater

===========================================================================================
----------------- testing Thu Mar 14 14:24:49 UTC 2019 /home/travis/build/icyphy/ptII/ptolemy/actor/lib/test/auto/OrderedRecordUpdater2.xml
----------------- Instantiating /home/travis/build/icyphy/ptII/ptolemy/actor/lib/test/auto/OrderedRecordUpdater2.xml
5 ms. Memory: 1570816K Free: 1521317K (97%)
----------------- Invoking toplevel() on ptolemy.moml.MoMLSimpleApplication@5a4d20d1
----------------- Done invoking toplevel() on ptolemy.moml.MoMLSimpleApplication@5a4d20d1
reloadAllAccessors: .RecordUpdater2

===========================================================================================
----------------- testing Thu Mar 14 14:24:49 UTC 2019 /home/travis/build/icyphy/ptII/ptolemy/actor/lib/test/auto/PhaseUnwrap.xml
----------------- Instantiating /home/travis/build/icyphy/ptII/ptolemy/actor/lib/test/auto/PhaseUnwrap.xml
2 ms. Memory: 1570816K Free: 1499668K (95%)
----------------- Invoking toplevel() on ptolemy.moml.MoMLSimpleApplication@2d901ef0
----------------- Done invoking toplevel() on ptolemy.moml.MoMLSimpleApplication@2d901ef0
reloadAllAccessors: .PhaseUnwrap

===========================================================================================
----------------- testing Thu Mar 14 14:24:49 UTC 2019 /home/travis/build/icyphy/ptII/ptolemy/actor/lib/test/auto/PoissonClock.xml
----------------- Instantiating /home/travis/build/icyphy/ptII/ptolemy/actor/lib/test/auto/PoissonClock.xml
2 ms. Memory: 1570816K Free: 1484948K (95%)
----------------- Invoking toplevel() on ptolemy.moml.MoMLSimpleApplication@2a42b644
----------------- Done invoking toplevel() on ptolemy.moml.MoMLSimpleApplication@2a42b644
reloadAllAccessors: .PoissonClock

===========================================================================================
----------------- testing Thu Mar 14 14:24:49 UTC 2019 /home/travis/build/icyphy/ptII/ptolemy/actor/lib/test/auto/PoissonClock2.xml
----------------- Instantiating /home/travis/build/icyphy/ptII/ptolemy/actor/lib/test/auto/PoissonClock2.xml
1 ms. Memory: 1570816K Free: 1463298K (93%)
----------------- Invoking toplevel() on ptolemy.moml.MoMLSimpleApplication@3452c11a
----------------- Done invoking toplevel() on ptolemy.moml.MoMLSimpleApplication@3452c11a
reloadAllAccessors: .PoissonClock2

===========================================================================================
----------------- testing Thu Mar 14 14:24:49 UTC 2019 /home/travis/build/icyphy/ptII/ptolemy/actor/lib/test/auto/PoissonClock3.xml
----------------- Instantiating /home/travis/build/icyphy/ptII/ptolemy/actor/lib/test/auto/PoissonClock3.xml
1 ms. Memory: 1570816K Free: 1448449K (92%)
----------------- Invoking toplevel() on ptolemy.moml.MoMLSimpleApplication@4258c60c
----------------- Done invoking toplevel() on ptolemy.moml.MoMLSimpleApplication@4258c60c
reloadAllAccessors: .PoissonClock3

===========================================================================================
----------------- testing Thu Mar 14 14:24:49 UTC 2019 /home/travis/build/icyphy/ptII/ptolemy/actor/lib/test/auto/PubSubWithInitialTokens.xml
----------------- Instantiating /home/travis/build/icyphy/ptII/ptolemy/actor/lib/test/auto/PubSubWithInitialTokens.xml
2 ms. Memory: 1570816K Free: 1433729K (91%)
----------------- Invoking toplevel() on ptolemy.moml.MoMLSimpleApplication@b1a5eb5
----------------- Done invoking toplevel() on ptolemy.moml.MoMLSimpleApplication@b1a5eb5
reloadAllAccessors: .PubSubWithInitialTokens

===========================================================================================
----------------- testing Thu Mar 14 14:24:49 UTC 2019 /home/travis/build/icyphy/ptII/ptolemy/actor/lib/test/auto/PubSubWithInitialTokens2.xml
----------------- Instantiating /home/travis/build/icyphy/ptII/ptolemy/actor/lib/test/auto/PubSubWithInitialTokens2.xml
2 ms. Memory: 1570816K Free: 1412080K (90%)
----------------- Invoking toplevel() on ptolemy.moml.MoMLSimpleApplication@4d9882ac
----------------- Done invoking toplevel() on ptolemy.moml.MoMLSimpleApplication@4d9882ac
reloadAllAccessors: .PubSubWithInitialTokens2

===========================================================================================
----------------- testing Thu Mar 14 14:24:49 UTC 2019 /home/travis/build/icyphy/ptII/ptolemy/actor/lib/test/auto/PublisherClassNoParameter.xml
----------------- Instantiating /home/travis/build/icyphy/ptII/ptolemy/actor/lib/test/auto/PublisherClassNoParameter.xml
2 ms. Memory: 1570816K Free: 1390000K (88%)
----------------- Invoking toplevel() on ptolemy.moml.MoMLSimpleApplication@665256bc
----------------- Done invoking toplevel() on ptolemy.moml.MoMLSimpleApplication@665256bc
reloadAllAccessors: .PublisherClassNoParameter

===========================================================================================
----------------- testing Thu Mar 14 14:24:50 UTC 2019 /home/travis/build/icyphy/ptII/ptolemy/actor/lib/test/auto/PublisherClassParameter.xml
----------------- Instantiating /home/travis/build/icyphy/ptII/ptolemy/actor/lib/test/auto/PublisherClassParameter.xml
2 ms. Memory: 1570816K Free: 1367904K (87%)
----------------- Invoking toplevel() on ptolemy.moml.MoMLSimpleApplication@3caab33f
----------------- Done invoking toplevel() on ptolemy.moml.MoMLSimpleApplication@3caab33f
reloadAllAccessors: .PublisherClassParameter

===========================================================================================
----------------- testing Thu Mar 14 14:24:50 UTC 2019 /home/travis/build/icyphy/ptII/ptolemy/actor/lib/test/auto/PublisherNonStrictTest.xml
----------------- Instantiating /home/travis/build/icyphy/ptII/ptolemy/actor/lib/test/auto/PublisherNonStrictTest.xml
3 ms. Memory: 1570816K Free: 1346254K (86%)
----------------- Invoking toplevel() on ptolemy.moml.MoMLSimpleApplication@7bc33140
----------------- Done invoking toplevel() on ptolemy.moml.MoMLSimpleApplication@7bc33140
reloadAllAccessors: .PublisherNonStrictTest

===========================================================================================
----------------- testing Thu Mar 14 14:24:50 UTC 2019 /home/travis/build/icyphy/ptII/ptolemy/actor/lib/test/auto/PublisherPort1.xml
----------------- Instantiating /home/travis/build/icyphy/ptII/ptolemy/actor/lib/test/auto/PublisherPort1.xml
3 ms. Memory: 1570816K Free: 1331534K (85%)
----------------- Invoking toplevel() on ptolemy.moml.MoMLSimpleApplication@7a9ec7e2
----------------- Done invoking toplevel() on ptolemy.moml.MoMLSimpleApplication@7a9ec7e2
reloadAllAccessors: .PublisherPort1

===========================================================================================
----------------- testing Thu Mar 14 14:24:50 UTC 2019 /home/travis/build/icyphy/ptII/ptolemy/actor/lib/test/auto/PublisherPort2.xml
----------------- Instantiating /home/travis/build/icyphy/ptII/ptolemy/actor/lib/test/auto/PublisherPort2.xml
1 ms. Memory: 1570816K Free: 1316814K (84%)
----------------- Invoking toplevel() on ptolemy.moml.MoMLSimpleApplication@7a1c9e64
----------------- Done invoking toplevel() on ptolemy.moml.MoMLSimpleApplication@7a1c9e64
reloadAllAccessors: .PublisherPort2

===========================================================================================
----------------- testing Thu Mar 14 14:24:50 UTC 2019 /home/travis/build/icyphy/ptII/ptolemy/actor/lib/test/auto/PublisherPort3.xml
----------------- Instantiating /home/travis/build/icyphy/ptII/ptolemy/actor/lib/test/auto/PublisherPort3.xml
9 ms. Memory: 1570816K Free: 1295165K (82%)
----------------- Invoking toplevel() on ptolemy.moml.MoMLSimpleApplication@5e82dfd3
----------------- Done invoking toplevel() on ptolemy.moml.MoMLSimpleApplication@5e82dfd3
reloadAllAccessors: .PublisherPort3

===========================================================================================
----------------- testing Thu Mar 14 14:24:50 UTC 2019 /home/travis/build/icyphy/ptII/ptolemy/actor/lib/test/auto/PublisherPort4.xml
----------------- Instantiating /home/travis/build/icyphy/ptII/ptolemy/actor/lib/test/auto/PublisherPort4.xml
2 ms. Memory: 1570816K Free: 1280445K (82%)
----------------- Invoking toplevel() on ptolemy.moml.MoMLSimpleApplication@3af6b97
----------------- Done invoking toplevel() on ptolemy.moml.MoMLSimpleApplication@3af6b97
reloadAllAccessors: .PublisherPort4

===========================================================================================
----------------- testing Thu Mar 14 14:24:50 UTC 2019 /home/travis/build/icyphy/ptII/ptolemy/actor/lib/test/auto/PublisherPort5.xml
----------------- Instantiating /home/travis/build/icyphy/ptII/ptolemy/actor/lib/test/auto/PublisherPort5.xml
4 ms. Memory: 1570816K Free: 1265725K (81%)
----------------- Invoking toplevel() on ptolemy.moml.MoMLSimpleApplication@37932d4f
----------------- Done invoking toplevel() on ptolemy.moml.MoMLSimpleApplication@37932d4f
reloadAllAccessors: .PublisherPort5

===========================================================================================
----------------- testing Thu Mar 14 14:24:50 UTC 2019 /home/travis/build/icyphy/ptII/ptolemy/actor/lib/test/auto/PublisherPort5LookAlike.xml
----------------- Instantiating /home/travis/build/icyphy/ptII/ptolemy/actor/lib/test/auto/PublisherPort5LookAlike.xml
7 ms. Memory: 1570816K Free: 1244075K (79%)
----------------- Invoking toplevel() on ptolemy.moml.MoMLSimpleApplication@3ee2ccfa
----------------- Done invoking toplevel() on ptolemy.moml.MoMLSimpleApplication@3ee2ccfa
reloadAllAccessors: .PublisherPort5LookAlike

===========================================================================================
----------------- testing Thu Mar 14 14:24:50 UTC 2019 /home/travis/build/icyphy/ptII/ptolemy/actor/lib/test/auto/PublisherPort6.xml
----------------- Instantiating /home/travis/build/icyphy/ptII/ptolemy/actor/lib/test/auto/PublisherPort6.xml
2 ms. Memory: 1570816K Free: 1229355K (78%)
----------------- Invoking toplevel() on ptolemy.moml.MoMLSimpleApplication@63a44845
----------------- Done invoking toplevel() on ptolemy.moml.MoMLSimpleApplication@63a44845
reloadAllAccessors: .PublisherPort6

===========================================================================================
----------------- testing Thu Mar 14 14:24:50 UTC 2019 /home/travis/build/icyphy/ptII/ptolemy/actor/lib/test/auto/PublisherPort7.xml
----------------- Instantiating /home/travis/build/icyphy/ptII/ptolemy/actor/lib/test/auto/PublisherPort7.xml
3 ms. Memory: 1570816K Free: 1214635K (77%)
----------------- Invoking toplevel() on ptolemy.moml.MoMLSimpleApplication@7c5e38cc
----------------- Done invoking toplevel() on ptolemy.moml.MoMLSimpleApplication@7c5e38cc
reloadAllAccessors: .PublisherPort7

===========================================================================================
----------------- testing Thu Mar 14 14:24:50 UTC 2019 /home/travis/build/icyphy/ptII/ptolemy/actor/lib/test/auto/PublisherPort8.xml
----------------- Instantiating /home/travis/build/icyphy/ptII/ptolemy/actor/lib/test/auto/PublisherPort8.xml
3 ms. Memory: 1570816K Free: 1192986K (76%)
----------------- Invoking toplevel() on ptolemy.moml.MoMLSimpleApplication@48d040f5
----------------- Done invoking toplevel() on ptolemy.moml.MoMLSimpleApplication@48d040f5
reloadAllAccessors: .PublisherPort8

===========================================================================================
----------------- testing Thu Mar 14 14:24:50 UTC 2019 /home/travis/build/icyphy/ptII/ptolemy/actor/lib/test/auto/PublisherPortSubscriberChannelVariablesAOC2.xml
----------------- Instantiating /home/travis/build/icyphy/ptII/ptolemy/actor/lib/test/auto/PublisherPortSubscriberChannelVariablesAOC2.xml
3 ms. Memory: 1570816K Free: 1170906K (75%)
----------------- Invoking toplevel() on ptolemy.moml.MoMLSimpleApplication@27f332fa
----------------- Done invoking toplevel() on ptolemy.moml.MoMLSimpleApplication@27f332fa
reloadAllAccessors: .PublisherPortSubscriberChannelVariablesAOC2

===========================================================================================
----------------- testing Thu Mar 14 14:24:50 UTC 2019 /home/travis/build/icyphy/ptII/ptolemy/actor/lib/test/auto/PublisherPortSubscriberOpaqueWidthInference.xml
----------------- Instantiating /home/travis/build/icyphy/ptII/ptolemy/actor/lib/test/auto/PublisherPortSubscriberOpaqueWidthInference.xml
3 ms. Memory: 1570816K Free: 1156186K (74%)
----------------- Invoking toplevel() on ptolemy.moml.MoMLSimpleApplication@3d0f8c34
----------------- Done invoking toplevel() on ptolemy.moml.MoMLSimpleApplication@3d0f8c34
reloadAllAccessors: .PublisherPortSubscriberOpaqueWidthInference

===========================================================================================
----------------- testing Thu Mar 14 14:24:50 UTC 2019 /home/travis/build/icyphy/ptII/ptolemy/actor/lib/test/auto/PublisherPortSubscriberPortAdjacent.xml
----------------- Instantiating /home/travis/build/icyphy/ptII/ptolemy/actor/lib/test/auto/PublisherPortSubscriberPortAdjacent.xml
2 ms. Memory: 1570816K Free: 1134537K (72%)
----------------- Invoking toplevel() on ptolemy.moml.MoMLSimpleApplication@2de15302
----------------- Done invoking toplevel() on ptolemy.moml.MoMLSimpleApplication@2de15302
reloadAllAccessors: .PublisherPortSubscriberPortAdjacent

===========================================================================================
----------------- testing Thu Mar 14 14:24:50 UTC 2019 /home/travis/build/icyphy/ptII/ptolemy/actor/lib/test/auto/PublisherPortSubscriberPortExpression.xml
----------------- Instantiating /home/travis/build/icyphy/ptII/ptolemy/actor/lib/test/auto/PublisherPortSubscriberPortExpression.xml
3 ms. Memory: 1570816K Free: 1119817K (71%)
----------------- Invoking toplevel() on ptolemy.moml.MoMLSimpleApplication@696a5023
----------------- Done invoking toplevel() on ptolemy.moml.MoMLSimpleApplication@696a5023
reloadAllAccessors: .PublisherPortSubscriberPortExpression

===========================================================================================
----------------- testing Thu Mar 14 14:24:50 UTC 2019 /home/travis/build/icyphy/ptII/ptolemy/actor/lib/test/auto/PublisherPortSubscriberPortOpaqueD3Reverse.xml
----------------- Instantiating /home/travis/build/icyphy/ptII/ptolemy/actor/lib/test/auto/PublisherPortSubscriberPortOpaqueD3Reverse.xml
7 ms. Memory: 1570816K Free: 1105097K (70%)
----------------- Invoking toplevel() on ptolemy.moml.MoMLSimpleApplication@5c845683
----------------- Done invoking toplevel() on ptolemy.moml.MoMLSimpleApplication@5c845683
reloadAllAccessors: .PublisherPortSubscriberPortOpaqueD3Reverse

===========================================================================================
----------------- testing Thu Mar 14 14:24:50 UTC 2019 /home/travis/build/icyphy/ptII/ptolemy/actor/lib/test/auto/PublisherPortSubscriberPortOpaqueWidthInference.xml
----------------- Instantiating /home/travis/build/icyphy/ptII/ptolemy/actor/lib/test/auto/PublisherPortSubscriberPortOpaqueWidthInference.xml
3 ms. Memory: 1570816K Free: 1083447K (69%)
----------------- Invoking toplevel() on ptolemy.moml.MoMLSimpleApplication@519008ea
----------------- Done invoking toplevel() on ptolemy.moml.MoMLSimpleApplication@519008ea
reloadAllAccessors: .PublisherPortSubscriberPortOpaqueWidthInference

===========================================================================================
----------------- testing Thu Mar 14 14:24:50 UTC 2019 /home/travis/build/icyphy/ptII/ptolemy/actor/lib/test/auto/PublisherPortToplevelSubscriberPortAOC.xml
----------------- Instantiating /home/travis/build/icyphy/ptII/ptolemy/actor/lib/test/auto/PublisherPortToplevelSubscriberPortAOC.xml
.PublisherPortToplevelSubscriberPortAOC.TestExceptionAttribute: initialize() was not invoked, but wrapup() was.  This is unusual, but not always a problem.  For example, exporting JNLP will do this.
0 ms. Memory: 1570816K Free: 1068727K (68%)
----------------- Invoking toplevel() on ptolemy.moml.MoMLSimpleApplication@5ac76ae4
----------------- Done invoking toplevel() on ptolemy.moml.MoMLSimpleApplication@5ac76ae4
reloadAllAccessors: .PublisherPortToplevelSubscriberPortAOC

===========================================================================================
----------------- testing Thu Mar 14 14:24:50 UTC 2019 /home/travis/build/icyphy/ptII/ptolemy/actor/lib/test/auto/PublisherSubscriber.xml
----------------- Instantiating /home/travis/build/icyphy/ptII/ptolemy/actor/lib/test/auto/PublisherSubscriber.xml
3 ms. Memory: 1570816K Free: 1054007K (67%)
----------------- Invoking toplevel() on ptolemy.moml.MoMLSimpleApplication@1ba2210e
----------------- Done invoking toplevel() on ptolemy.moml.MoMLSimpleApplication@1ba2210e
reloadAllAccessors: .PublisherSubscriber

===========================================================================================
----------------- testing Thu Mar 14 14:24:50 UTC 2019 /home/travis/build/icyphy/ptII/ptolemy/actor/lib/test/auto/PublisherSubscriber10.xml
----------------- Instantiating /home/travis/build/icyphy/ptII/ptolemy/actor/lib/test/auto/PublisherSubscriber10.xml
6 ms. Memory: 1570816K Free: 1032358K (66%)
----------------- Invoking toplevel() on ptolemy.moml.MoMLSimpleApplication@6dce5a68
----------------- Done invoking toplevel() on ptolemy.moml.MoMLSimpleApplication@6dce5a68
reloadAllAccessors: .PublisherSubscriber10

===========================================================================================
----------------- testing Thu Mar 14 14:24:50 UTC 2019 /home/travis/build/icyphy/ptII/ptolemy/actor/lib/test/auto/PublisherSubscriber10InitialOutputs.xml
----------------- Instantiating /home/travis/build/icyphy/ptII/ptolemy/actor/lib/test/auto/PublisherSubscriber10InitialOutputs.xml
14 ms. Memory: 1570816K Free: 1017638K (65%)
----------------- Invoking toplevel() on ptolemy.moml.MoMLSimpleApplication@66807d70
----------------- Done invoking toplevel() on ptolemy.moml.MoMLSimpleApplication@66807d70
reloadAllAccessors: .PublisherSubscriber10InitialOutputs

===========================================================================================
----------------- testing Thu Mar 14 14:24:50 UTC 2019 /home/travis/build/icyphy/ptII/ptolemy/actor/lib/test/auto/PublisherSubscriber11.xml
----------------- Instantiating /home/travis/build/icyphy/ptII/ptolemy/actor/lib/test/auto/PublisherSubscriber11.xml
3 ms. Memory: 1570816K Free: 995989K (63%)
----------------- Invoking toplevel() on ptolemy.moml.MoMLSimpleApplication@3a0392e5
----------------- Done invoking toplevel() on ptolemy.moml.MoMLSimpleApplication@3a0392e5
reloadAllAccessors: .PublisherSubscriber11

===========================================================================================
----------------- testing Thu Mar 14 14:24:50 UTC 2019 /home/travis/build/icyphy/ptII/ptolemy/actor/lib/test/auto/PublisherSubscriber12.xml
----------------- Instantiating /home/travis/build/icyphy/ptII/ptolemy/actor/lib/test/auto/PublisherSubscriber12.xml
6 ms. Memory: 1570816K Free: 981269K (62%)
----------------- Invoking toplevel() on ptolemy.moml.MoMLSimpleApplication@30f027c8
----------------- Done invoking toplevel() on ptolemy.moml.MoMLSimpleApplication@30f027c8
reloadAllAccessors: .PublisherSubscriber12

===========================================================================================
----------------- testing Thu Mar 14 14:24:50 UTC 2019 /home/travis/build/icyphy/ptII/ptolemy/actor/lib/test/auto/PublisherSubscriber13.xml
----------------- Instantiating /home/travis/build/icyphy/ptII/ptolemy/actor/lib/test/auto/PublisherSubscriber13.xml
2 ms. Memory: 1570816K Free: 966549K (62%)
----------------- Invoking toplevel() on ptolemy.moml.MoMLSimpleApplication@4e4d10a2
----------------- Done invoking toplevel() on ptolemy.moml.MoMLSimpleApplication@4e4d10a2
reloadAllAccessors: .PublisherSubscriber13

===========================================================================================
----------------- testing Thu Mar 14 14:24:50 UTC 2019 /home/travis/build/icyphy/ptII/ptolemy/actor/lib/test/auto/PublisherSubscriber14.xml
----------------- Instantiating /home/travis/build/icyphy/ptII/ptolemy/actor/lib/test/auto/PublisherSubscriber14.xml
2 ms. Memory: 1570816K Free: 944900K (60%)
----------------- Invoking toplevel() on ptolemy.moml.MoMLSimpleApplication@25a474c8
----------------- Done invoking toplevel() on ptolemy.moml.MoMLSimpleApplication@25a474c8
reloadAllAccessors: .PublisherSubscriber14

===========================================================================================
----------------- testing Thu Mar 14 14:24:50 UTC 2019 /home/travis/build/icyphy/ptII/ptolemy/actor/lib/test/auto/PublisherSubscriber2.xml
----------------- Instantiating /home/travis/build/icyphy/ptII/ptolemy/actor/lib/test/auto/PublisherSubscriber2.xml
4 ms. Memory: 1570816K Free: 930180K (59%)
----------------- Invoking toplevel() on ptolemy.moml.MoMLSimpleApplication@47c4597
----------------- Done invoking toplevel() on ptolemy.moml.MoMLSimpleApplication@47c4597
reloadAllAccessors: .PublisherSubscriber2

===========================================================================================
----------------- testing Thu Mar 14 14:24:50 UTC 2019 /home/travis/build/icyphy/ptII/ptolemy/actor/lib/test/auto/PublisherSubscriber3.xml
----------------- Instantiating /home/travis/build/icyphy/ptII/ptolemy/actor/lib/test/auto/PublisherSubscriber3.xml
2 ms. Memory: 1570816K Free: 915460K (58%)
----------------- Invoking toplevel() on ptolemy.moml.MoMLSimpleApplication@7fa95074
----------------- Done invoking toplevel() on ptolemy.moml.MoMLSimpleApplication@7fa95074
reloadAllAccessors: .PublisherSubscriber3

===========================================================================================
----------------- testing Thu Mar 14 14:24:50 UTC 2019 /home/travis/build/icyphy/ptII/ptolemy/actor/lib/test/auto/PublisherSubscriber4.xml
----------------- Instantiating /home/travis/build/icyphy/ptII/ptolemy/actor/lib/test/auto/PublisherSubscriber4.xml
1 ms. Memory: 1570816K Free: 893810K (57%)
----------------- Invoking toplevel() on ptolemy.moml.MoMLSimpleApplication@39753018
----------------- Done invoking toplevel() on ptolemy.moml.MoMLSimpleApplication@39753018
reloadAllAccessors: .PublisherSubscriber4

===========================================================================================
----------------- testing Thu Mar 14 14:24:50 UTC 2019 /home/travis/build/icyphy/ptII/ptolemy/actor/lib/test/auto/PublisherSubscriber5.xml
----------------- Instantiating /home/travis/build/icyphy/ptII/ptolemy/actor/lib/test/auto/PublisherSubscriber5.xml
2 ms. Memory: 1570816K Free: 879090K (56%)
----------------- Invoking toplevel() on ptolemy.moml.MoMLSimpleApplication@2662c8dc
----------------- Done invoking toplevel() on ptolemy.moml.MoMLSimpleApplication@2662c8dc
reloadAllAccessors: .PublisherSubscriber5

===========================================================================================
----------------- testing Thu Mar 14 14:24:50 UTC 2019 /home/travis/build/icyphy/ptII/ptolemy/actor/lib/test/auto/PublisherSubscriber6.xml
----------------- Instantiating /home/travis/build/icyphy/ptII/ptolemy/actor/lib/test/auto/PublisherSubscriber6.xml
4 ms. Memory: 1570816K Free: 864370K (55%)
----------------- Invoking toplevel() on ptolemy.moml.MoMLSimpleApplication@64b8f5f0
----------------- Done invoking toplevel() on ptolemy.moml.MoMLSimpleApplication@64b8f5f0
reloadAllAccessors: .PublisherSubscriber6

===========================================================================================
----------------- testing Thu Mar 14 14:24:50 UTC 2019 /home/travis/build/icyphy/ptII/ptolemy/actor/lib/test/auto/PublisherSubscriber7.xml
----------------- Instantiating /home/travis/build/icyphy/ptII/ptolemy/actor/lib/test/auto/PublisherSubscriber7.xml
6 ms. Memory: 1570816K Free: 842721K (54%)
----------------- Invoking toplevel() on ptolemy.moml.MoMLSimpleApplication@4b0e1557
----------------- Done invoking toplevel() on ptolemy.moml.MoMLSimpleApplication@4b0e1557
reloadAllAccessors: .PublisherSubscriber7

===========================================================================================
----------------- testing Thu Mar 14 14:24:50 UTC 2019 /home/travis/build/icyphy/ptII/ptolemy/actor/lib/test/auto/PublisherSubscriber8.xml
----------------- Instantiating /home/travis/build/icyphy/ptII/ptolemy/actor/lib/test/auto/PublisherSubscriber8.xml
36 ms. Memory: 1570816K Free: 754400K (48%)
----------------- Invoking toplevel() on ptolemy.moml.MoMLSimpleApplication@473206b4
----------------- Done invoking toplevel() on ptolemy.moml.MoMLSimpleApplication@473206b4
reloadAllAccessors: .PublisherSubscriber8

===========================================================================================
----------------- testing Thu Mar 14 14:24:50 UTC 2019 /home/travis/build/icyphy/ptII/ptolemy/actor/lib/test/auto/PublisherSubscriber9.xml
----------------- Instantiating /home/travis/build/icyphy/ptII/ptolemy/actor/lib/test/auto/PublisherSubscriber9.xml
2 ms. Memory: 1570816K Free: 739680K (47%)
----------------- Invoking toplevel() on ptolemy.moml.MoMLSimpleApplication@57f237b
----------------- Done invoking toplevel() on ptolemy.moml.MoMLSimpleApplication@57f237b
reloadAllAccessors: .PublisherSubscriber9

===========================================================================================
----------------- testing Thu Mar 14 14:24:50 UTC 2019 /home/travis/build/icyphy/ptII/ptolemy/actor/lib/test/auto/PublisherSubscriberAdjacent.xml
----------------- Instantiating /home/travis/build/icyphy/ptII/ptolemy/actor/lib/test/auto/PublisherSubscriberAdjacent.xml
2 ms. Memory: 1570816K Free: 718031K (46%)
----------------- Invoking toplevel() on ptolemy.moml.MoMLSimpleApplication@3cde552d
----------------- Done invoking toplevel() on ptolemy.moml.MoMLSimpleApplication@3cde552d
reloadAllAccessors: .PublisherSubscriberAdjacent

===========================================================================================
----------------- testing Thu Mar 14 14:24:50 UTC 2019 /home/travis/build/icyphy/ptII/ptolemy/actor/lib/test/auto/PublisherSubscriberChannelVariablesAOC2.xml
----------------- Instantiating /home/travis/build/icyphy/ptII/ptolemy/actor/lib/test/auto/PublisherSubscriberChannelVariablesAOC2.xml
3 ms. Memory: 1570816K Free: 695935K (44%)
----------------- Invoking toplevel() on ptolemy.moml.MoMLSimpleApplication@4cad9c11
----------------- Done invoking toplevel() on ptolemy.moml.MoMLSimpleApplication@4cad9c11
reloadAllAccessors: .PublisherSubscriberChannelVariablesAOC2

===========================================================================================
----------------- testing Thu Mar 14 14:24:50 UTC 2019 /home/travis/build/icyphy/ptII/ptolemy/actor/lib/test/auto/PublisherSubscriberD3.xml
----------------- Instantiating /home/travis/build/icyphy/ptII/ptolemy/actor/lib/test/auto/PublisherSubscriberD3.xml
2 ms. Memory: 1570816K Free: 681215K (43%)
----------------- Invoking toplevel() on ptolemy.moml.MoMLSimpleApplication@43d28826
----------------- Done invoking toplevel() on ptolemy.moml.MoMLSimpleApplication@43d28826
reloadAllAccessors: .PublisherSubscriberD3

===========================================================================================
----------------- testing Thu Mar 14 14:24:50 UTC 2019 /home/travis/build/icyphy/ptII/ptolemy/actor/lib/test/auto/PublisherSubscriberD3Reverse.xml
----------------- Instantiating /home/travis/build/icyphy/ptII/ptolemy/actor/lib/test/auto/PublisherSubscriberD3Reverse.xml
2 ms. Memory: 1570816K Free: 659565K (42%)
----------------- Invoking toplevel() on ptolemy.moml.MoMLSimpleApplication@5eb02d19
----------------- Done invoking toplevel() on ptolemy.moml.MoMLSimpleApplication@5eb02d19
reloadAllAccessors: .PublisherSubscriberD3Reverse

===========================================================================================
----------------- testing Thu Mar 14 14:24:50 UTC 2019 /home/travis/build/icyphy/ptII/ptolemy/actor/lib/test/auto/PublisherSubscriberExpression.xml
----------------- Instantiating /home/travis/build/icyphy/ptII/ptolemy/actor/lib/test/auto/PublisherSubscriberExpression.xml
4 ms. Memory: 1570816K Free: 644845K (41%)
----------------- Invoking toplevel() on ptolemy.moml.MoMLSimpleApplication@127a1975
----------------- Done invoking toplevel() on ptolemy.moml.MoMLSimpleApplication@127a1975
reloadAllAccessors: .PublisherSubscriberExpression

===========================================================================================
----------------- testing Thu Mar 14 14:24:50 UTC 2019 /home/travis/build/icyphy/ptII/ptolemy/actor/lib/test/auto/PublisherSubscriberOpaque.xml
----------------- Instantiating /home/travis/build/icyphy/ptII/ptolemy/actor/lib/test/auto/PublisherSubscriberOpaque.xml
4 ms. Memory: 1570816K Free: 623196K (40%)
----------------- Invoking toplevel() on ptolemy.moml.MoMLSimpleApplication@5e95750d
----------------- Done invoking toplevel() on ptolemy.moml.MoMLSimpleApplication@5e95750d
reloadAllAccessors: .PublisherSubscriberOpaque

===========================================================================================
----------------- testing Thu Mar 14 14:24:50 UTC 2019 /home/travis/build/icyphy/ptII/ptolemy/actor/lib/test/auto/PublisherSubscriberOpaqueD3.xml
----------------- Instantiating /home/travis/build/icyphy/ptII/ptolemy/actor/lib/test/auto/PublisherSubscriberOpaqueD3.xml
6 ms. Memory: 1570816K Free: 601100K (38%)
----------------- Invoking toplevel() on ptolemy.moml.MoMLSimpleApplication@295b4b1c
----------------- Done invoking toplevel() on ptolemy.moml.MoMLSimpleApplication@295b4b1c
reloadAllAccessors: .PublisherSubscriberOpaqueD3

===========================================================================================
----------------- testing Thu Mar 14 14:24:51 UTC 2019 /home/travis/build/icyphy/ptII/ptolemy/actor/lib/test/auto/PublisherSubscriberOpaqueD3Reverse.xml
----------------- Instantiating /home/travis/build/icyphy/ptII/ptolemy/actor/lib/test/auto/PublisherSubscriberOpaqueD3Reverse.xml
6 ms. Memory: 1570816K Free: 586380K (37%)
----------------- Invoking toplevel() on ptolemy.moml.MoMLSimpleApplication@6d7257be
----------------- Done invoking toplevel() on ptolemy.moml.MoMLSimpleApplication@6d7257be
reloadAllAccessors: .PublisherSubscriberOpaqueD3Reverse

===========================================================================================
----------------- testing Thu Mar 14 14:24:51 UTC 2019 /home/travis/build/icyphy/ptII/ptolemy/actor/lib/test/auto/PublisherSubscriberOpaqueWidthInference.xml
----------------- Instantiating /home/travis/build/icyphy/ptII/ptolemy/actor/lib/test/auto/PublisherSubscriberOpaqueWidthInference.xml
4 ms. Memory: 1570816K Free: 564731K (36%)
----------------- Invoking toplevel() on ptolemy.moml.MoMLSimpleApplication@2070c796
----------------- Done invoking toplevel() on ptolemy.moml.MoMLSimpleApplication@2070c796
reloadAllAccessors: .PublisherSubscriberOpaqueWidthInference

===========================================================================================
----------------- testing Thu Mar 14 14:24:51 UTC 2019 /home/travis/build/icyphy/ptII/ptolemy/actor/lib/test/auto/PublisherTestSubscriber.xml
----------------- Instantiating /home/travis/build/icyphy/ptII/ptolemy/actor/lib/test/auto/PublisherTestSubscriber.xml
4 ms. Memory: 1570816K Free: 550011K (35%)
----------------- Invoking toplevel() on ptolemy.moml.MoMLSimpleApplication@16b14c1e
----------------- Done invoking toplevel() on ptolemy.moml.MoMLSimpleApplication@16b14c1e
reloadAllAccessors: .PublisherTestSubscriber

===========================================================================================
----------------- testing Thu Mar 14 14:24:51 UTC 2019 /home/travis/build/icyphy/ptII/ptolemy/actor/lib/test/auto/PublisherToplevelSubscriberPortAOC.xml
----------------- Instantiating /home/travis/build/icyphy/ptII/ptolemy/actor/lib/test/auto/PublisherToplevelSubscriberPortAOC.xml
1 ms. Memory: 1570816K Free: 535291K (34%)
----------------- Invoking toplevel() on ptolemy.moml.MoMLSimpleApplication@645dad81
----------------- Done invoking toplevel() on ptolemy.moml.MoMLSimpleApplication@645dad81
reloadAllAccessors: .PublisherToplevelSubscriberPortAOC

===========================================================================================
----------------- testing Thu Mar 14 14:24:51 UTC 2019 /home/travis/build/icyphy/ptII/ptolemy/actor/lib/test/auto/PulseFiringLimitDE.xml
----------------- Instantiating /home/travis/build/icyphy/ptII/ptolemy/actor/lib/test/auto/PulseFiringLimitDE.xml
2 ms. Memory: 1570816K Free: 513642K (33%)
----------------- Invoking toplevel() on ptolemy.moml.MoMLSimpleApplication@1e83dfd7
----------------- Done invoking toplevel() on ptolemy.moml.MoMLSimpleApplication@1e83dfd7
reloadAllAccessors: .PulseFiringLimitDE

===========================================================================================
----------------- testing Thu Mar 14 14:24:51 UTC 2019 /home/travis/build/icyphy/ptII/ptolemy/actor/lib/test/auto/Ramp1.xml
----------------- Instantiating /home/travis/build/icyphy/ptII/ptolemy/actor/lib/test/auto/Ramp1.xml
2 ms. Memory: 1570816K Free: 498922K (32%)
----------------- Invoking toplevel() on ptolemy.moml.MoMLSimpleApplication@6e9d6cdd
----------------- Done invoking toplevel() on ptolemy.moml.MoMLSimpleApplication@6e9d6cdd
reloadAllAccessors: .Ramp1

===========================================================================================
----------------- testing Thu Mar 14 14:24:51 UTC 2019 /home/travis/build/icyphy/ptII/ptolemy/actor/lib/test/auto/RampFiringLimitDE.xml
----------------- Instantiating /home/travis/build/icyphy/ptII/ptolemy/actor/lib/test/auto/RampFiringLimitDE.xml
2 ms. Memory: 1570816K Free: 484202K (31%)
----------------- Invoking toplevel() on ptolemy.moml.MoMLSimpleApplication@cba6ea7
----------------- Done invoking toplevel() on ptolemy.moml.MoMLSimpleApplication@cba6ea7
reloadAllAccessors: .RampFiringLimitDE

===========================================================================================
----------------- testing Thu Mar 14 14:24:51 UTC 2019 /home/travis/build/icyphy/ptII/ptolemy/actor/lib/test/auto/RampFiringLimitSDF.xml
----------------- Instantiating /home/travis/build/icyphy/ptII/ptolemy/actor/lib/test/auto/RampFiringLimitSDF.xml
2 ms. Memory: 1570816K Free: 462553K (29%)
----------------- Invoking toplevel() on ptolemy.moml.MoMLSimpleApplication@5d580e22
----------------- Done invoking toplevel() on ptolemy.moml.MoMLSimpleApplication@5d580e22
reloadAllAccessors: .RampFiringLimitSDF

===========================================================================================
----------------- testing Thu Mar 14 14:24:51 UTC 2019 /home/travis/build/icyphy/ptII/ptolemy/actor/lib/test/auto/RandomInteger.xml
----------------- Instantiating /home/travis/build/icyphy/ptII/ptolemy/actor/lib/test/auto/RandomInteger.xml
2 ms. Memory: 1570816K Free: 447833K (29%)
----------------- Invoking toplevel() on ptolemy.moml.MoMLSimpleApplication@5062f6c4
----------------- Done invoking toplevel() on ptolemy.moml.MoMLSimpleApplication@5062f6c4
reloadAllAccessors: .RandomInteger

===========================================================================================
----------------- testing Thu Mar 14 14:24:51 UTC 2019 /home/travis/build/icyphy/ptII/ptolemy/actor/lib/test/auto/ReadFile1.xml
----------------- Instantiating /home/travis/build/icyphy/ptII/ptolemy/actor/lib/test/auto/ReadFile1.xml
2 ms. Memory: 1570816K Free: 433113K (28%)
----------------- Invoking toplevel() on ptolemy.moml.MoMLSimpleApplication@1b6bb8a7
----------------- Done invoking toplevel() on ptolemy.moml.MoMLSimpleApplication@1b6bb8a7
reloadAllAccessors: .ReadFile1

===========================================================================================
----------------- testing Thu Mar 14 14:24:51 UTC 2019 /home/travis/build/icyphy/ptII/ptolemy/actor/lib/test/auto/ReadFile2.xml
----------------- Instantiating /home/travis/build/icyphy/ptII/ptolemy/actor/lib/test/auto/ReadFile2.xml
1 ms. Memory: 1570816K Free: 411464K (26%)
----------------- Invoking toplevel() on ptolemy.moml.MoMLSimpleApplication@7604201c
----------------- Done invoking toplevel() on ptolemy.moml.MoMLSimpleApplication@7604201c
reloadAllAccessors: .ReadFile2

===========================================================================================
----------------- testing Thu Mar 14 14:24:51 UTC 2019 /home/travis/build/icyphy/ptII/ptolemy/actor/lib/test/auto/Reader.xml
----------------- Instantiating /home/travis/build/icyphy/ptII/ptolemy/actor/lib/test/auto/Reader.xml
actor.lib.Reader is obsolete, use actor.lib.io.ExpressionReader instead
1 ms. Memory: 1570816K Free: 396744K (25%)
----------------- Invoking toplevel() on ptolemy.moml.MoMLSimpleApplication@6dfb8c3f
----------------- Done invoking toplevel() on ptolemy.moml.MoMLSimpleApplication@6dfb8c3f
reloadAllAccessors: .Reader

===========================================================================================
----------------- testing Thu Mar 14 14:24:51 UTC 2019 /home/travis/build/icyphy/ptII/ptolemy/actor/lib/test/auto/RecordAssemblerDisplayNameTest.xml
----------------- Instantiating /home/travis/build/icyphy/ptII/ptolemy/actor/lib/test/auto/RecordAssemblerDisplayNameTest.xml
3007 ms. Memory: 1610752K Free: 665701K (41%)
----------------- Invoking toplevel() on ptolemy.moml.MoMLSimpleApplication@4a94fa58
----------------- Done invoking toplevel() on ptolemy.moml.MoMLSimpleApplication@4a94fa58
reloadAllAccessors: .RecordAssemblerDisplayNameTest

===========================================================================================
----------------- testing Thu Mar 14 14:24:54 UTC 2019 /home/travis/build/icyphy/ptII/ptolemy/actor/lib/test/auto/RecordAssemblerTypeError.xml
----------------- Instantiating /home/travis/build/icyphy/ptII/ptolemy/actor/lib/test/auto/RecordAssemblerTypeError.xml
4 ms. Memory: 1610752K Free: 633869K (39%)
----------------- Invoking toplevel() on ptolemy.moml.MoMLSimpleApplication@6c449623
----------------- Done invoking toplevel() on ptolemy.moml.MoMLSimpleApplication@6c449623
reloadAllAccessors: .RecordAssemblerTypeError

===========================================================================================
----------------- testing Thu Mar 14 14:24:54 UTC 2019 /home/travis/build/icyphy/ptII/ptolemy/actor/lib/test/auto/RecordDisassember.xml
----------------- Instantiating /home/travis/build/icyphy/ptII/ptolemy/actor/lib/test/auto/RecordDisassember.xml
2 ms. Memory: 1610752K Free: 618918K (38%)
----------------- Invoking toplevel() on ptolemy.moml.MoMLSimpleApplication@6e8f1dff
----------------- Done invoking toplevel() on ptolemy.moml.MoMLSimpleApplication@6e8f1dff
reloadAllAccessors: .RecordDisassember

===========================================================================================
----------------- testing Thu Mar 14 14:24:54 UTC 2019 /home/travis/build/icyphy/ptII/ptolemy/actor/lib/test/auto/RecordDisassemberDisplayNameTest.xml
----------------- Instantiating /home/travis/build/icyphy/ptII/ptolemy/actor/lib/test/auto/RecordDisassemberDisplayNameTest.xml
5 ms. Memory: 1610752K Free: 598399K (37%)
----------------- Invoking toplevel() on ptolemy.moml.MoMLSimpleApplication@551e5d3c
----------------- Done invoking toplevel() on ptolemy.moml.MoMLSimpleApplication@551e5d3c
reloadAllAccessors: .RecordDisassemberDisplayNameTest

===========================================================================================
----------------- testing Thu Mar 14 14:24:54 UTC 2019 /home/travis/build/icyphy/ptII/ptolemy/actor/lib/test/auto/RecordDisassembler.xml
----------------- Instantiating /home/travis/build/icyphy/ptII/ptolemy/actor/lib/test/auto/RecordDisassembler.xml
3 ms. Memory: 1610752K Free: 583449K (36%)
----------------- Invoking toplevel() on ptolemy.moml.MoMLSimpleApplication@4e8710e8
----------------- Done invoking toplevel() on ptolemy.moml.MoMLSimpleApplication@4e8710e8
reloadAllAccessors: .RecordDisassembler

===========================================================================================
----------------- testing Thu Mar 14 14:24:54 UTC 2019 /home/travis/build/icyphy/ptII/ptolemy/actor/lib/test/auto/RecordDisassembler2.xml
----------------- Instantiating /home/travis/build/icyphy/ptII/ptolemy/actor/lib/test/auto/RecordDisassembler2.xml
2 ms. Memory: 1610752K Free: 562930K (35%)
----------------- Invoking toplevel() on ptolemy.moml.MoMLSimpleApplication@5233ecc7
----------------- Done invoking toplevel() on ptolemy.moml.MoMLSimpleApplication@5233ecc7
reloadAllAccessors: .RecordDisassembler2

===========================================================================================
----------------- testing Thu Mar 14 14:24:54 UTC 2019 /home/travis/build/icyphy/ptII/ptolemy/actor/lib/test/auto/RecordUpdater.xml
----------------- Instantiating /home/travis/build/icyphy/ptII/ptolemy/actor/lib/test/auto/RecordUpdater.xml
2 ms. Memory: 1610752K Free: 547980K (34%)
----------------- Invoking toplevel() on ptolemy.moml.MoMLSimpleApplication@75736475
----------------- Done invoking toplevel() on ptolemy.moml.MoMLSimpleApplication@75736475
reloadAllAccessors: .RecordUpdater

===========================================================================================
----------------- testing Thu Mar 14 14:24:54 UTC 2019 /home/travis/build/icyphy/ptII/ptolemy/actor/lib/test/auto/RecordUpdater2.xml
----------------- Instantiating /home/travis/build/icyphy/ptII/ptolemy/actor/lib/test/auto/RecordUpdater2.xml
2 ms. Memory: 1610752K Free: 527461K (33%)
----------------- Invoking toplevel() on ptolemy.moml.MoMLSimpleApplication@17dfcabf
----------------- Done invoking toplevel() on ptolemy.moml.MoMLSimpleApplication@17dfcabf
reloadAllAccessors: .RecordUpdater2

===========================================================================================
----------------- testing Thu Mar 14 14:24:54 UTC 2019 /home/travis/build/icyphy/ptII/ptolemy/actor/lib/test/auto/RecursiveLattice.xml
----------------- Instantiating /home/travis/build/icyphy/ptII/ptolemy/actor/lib/test/auto/RecursiveLattice.xml
1 ms. Memory: 1610752K Free: 512511K (32%)
----------------- Invoking toplevel() on ptolemy.moml.MoMLSimpleApplication@36243c96
----------------- Done invoking toplevel() on ptolemy.moml.MoMLSimpleApplication@36243c96
reloadAllAccessors: .RecursiveLattice

===========================================================================================
----------------- testing Thu Mar 14 14:24:54 UTC 2019 /home/travis/build/icyphy/ptII/ptolemy/actor/lib/test/auto/Router.xml
----------------- Instantiating /home/travis/build/icyphy/ptII/ptolemy/actor/lib/test/auto/Router.xml
3004 ms. Memory: 1610752K Free: 497560K (31%)
----------------- Invoking toplevel() on ptolemy.moml.MoMLSimpleApplication@12925fa2
----------------- Done invoking toplevel() on ptolemy.moml.MoMLSimpleApplication@12925fa2
reloadAllAccessors: .Router

===========================================================================================
----------------- testing Thu Mar 14 14:24:57 UTC 2019 /home/travis/build/icyphy/ptII/ptolemy/actor/lib/test/auto/Router2.xml
----------------- Instantiating /home/travis/build/icyphy/ptII/ptolemy/actor/lib/test/auto/Router2.xml
3003 ms. Memory: 1610752K Free: 477041K (30%)
----------------- Invoking toplevel() on ptolemy.moml.MoMLSimpleApplication@fcba415
----------------- Done invoking toplevel() on ptolemy.moml.MoMLSimpleApplication@fcba415
reloadAllAccessors: .Router2

===========================================================================================
----------------- testing Thu Mar 14 14:25:00 UTC 2019 /home/travis/build/icyphy/ptII/ptolemy/actor/lib/test/auto/RunningMaximum.xml
----------------- Instantiating /home/travis/build/icyphy/ptII/ptolemy/actor/lib/test/auto/RunningMaximum.xml
2 ms. Memory: 1610752K Free: 462091K (29%)
----------------- Invoking toplevel() on ptolemy.moml.MoMLSimpleApplication@303d683c
----------------- Done invoking toplevel() on ptolemy.moml.MoMLSimpleApplication@303d683c
reloadAllAccessors: .RunningMaximum

===========================================================================================
----------------- testing Thu Mar 14 14:25:00 UTC 2019 /home/travis/build/icyphy/ptII/ptolemy/actor/lib/test/auto/RunningMinimum.xml
----------------- Instantiating /home/travis/build/icyphy/ptII/ptolemy/actor/lib/test/auto/RunningMinimum.xml
2 ms. Memory: 1610752K Free: 441572K (27%)
----------------- Invoking toplevel() on ptolemy.moml.MoMLSimpleApplication@1b29c397
----------------- Done invoking toplevel() on ptolemy.moml.MoMLSimpleApplication@1b29c397
reloadAllAccessors: .RunningMinimum

===========================================================================================
----------------- testing Thu Mar 14 14:25:00 UTC 2019 /home/travis/build/icyphy/ptII/ptolemy/actor/lib/test/auto/Scale.xml
----------------- Instantiating /home/travis/build/icyphy/ptII/ptolemy/actor/lib/test/auto/Scale.xml
2 ms. Memory: 1610752K Free: 426621K (26%)
----------------- Invoking toplevel() on ptolemy.moml.MoMLSimpleApplication@d765d76
----------------- Done invoking toplevel() on ptolemy.moml.MoMLSimpleApplication@d765d76
reloadAllAccessors: .Scale

===========================================================================================
----------------- testing Thu Mar 14 14:25:00 UTC 2019 /home/travis/build/icyphy/ptII/ptolemy/actor/lib/test/auto/Scale2.xml
----------------- Instantiating /home/travis/build/icyphy/ptII/ptolemy/actor/lib/test/auto/Scale2.xml
2 ms. Memory: 1610752K Free: 406103K (25%)
----------------- Invoking toplevel() on ptolemy.moml.MoMLSimpleApplication@6ad431af
----------------- Done invoking toplevel() on ptolemy.moml.MoMLSimpleApplication@6ad431af
reloadAllAccessors: .Scale2

===========================================================================================
----------------- testing Thu Mar 14 14:25:00 UTC 2019 /home/travis/build/icyphy/ptII/ptolemy/actor/lib/test/auto/Scale3.xml
----------------- Instantiating /home/travis/build/icyphy/ptII/ptolemy/actor/lib/test/auto/Scale3.xml
4 ms. Memory: 1610752K Free: 391152K (24%)
----------------- Invoking toplevel() on ptolemy.moml.MoMLSimpleApplication@a31aedf
----------------- Done invoking toplevel() on ptolemy.moml.MoMLSimpleApplication@a31aedf
reloadAllAccessors: .Scale3

===========================================================================================
----------------- testing Thu Mar 14 14:25:00 UTC 2019 /home/travis/build/icyphy/ptII/ptolemy/actor/lib/test/auto/ScaleArray.xml
----------------- Instantiating /home/travis/build/icyphy/ptII/ptolemy/actor/lib/test/auto/ScaleArray.xml
2 ms. Memory: 1610752K Free: 370633K (23%)
----------------- Invoking toplevel() on ptolemy.moml.MoMLSimpleApplication@60d72766
----------------- Done invoking toplevel() on ptolemy.moml.MoMLSimpleApplication@60d72766
reloadAllAccessors: .ScaleArray

===========================================================================================
----------------- testing Thu Mar 14 14:25:00 UTC 2019 /home/travis/build/icyphy/ptII/ptolemy/actor/lib/test/auto/ScaleArray2.xml
----------------- Instantiating /home/travis/build/icyphy/ptII/ptolemy/actor/lib/test/auto/ScaleArray2.xml
2 ms. Memory: 1610752K Free: 355683K (22%)
----------------- Invoking toplevel() on ptolemy.moml.MoMLSimpleApplication@146f312d
----------------- Done invoking toplevel() on ptolemy.moml.MoMLSimpleApplication@146f312d
reloadAllAccessors: .ScaleArray2

===========================================================================================
----------------- testing Thu Mar 14 14:25:00 UTC 2019 /home/travis/build/icyphy/ptII/ptolemy/actor/lib/test/auto/ScaleMatrix.xml
----------------- Instantiating /home/travis/build/icyphy/ptII/ptolemy/actor/lib/test/auto/ScaleMatrix.xml
99 ms. Memory: 1610752K Free: 333257K (21%)
----------------- Invoking toplevel() on ptolemy.moml.MoMLSimpleApplication@195b19ab
----------------- Done invoking toplevel() on ptolemy.moml.MoMLSimpleApplication@195b19ab
reloadAllAccessors: .ScaleMatrix

===========================================================================================
----------------- testing Thu Mar 14 14:25:00 UTC 2019 /home/travis/build/icyphy/ptII/ptolemy/actor/lib/test/auto/Select.xml
----------------- Instantiating /home/travis/build/icyphy/ptII/ptolemy/actor/lib/test/auto/Select.xml
2 ms. Memory: 1610752K Free: 312739K (19%)
----------------- Invoking toplevel() on ptolemy.moml.MoMLSimpleApplication@17aa2f1a
----------------- Done invoking toplevel() on ptolemy.moml.MoMLSimpleApplication@17aa2f1a
reloadAllAccessors: .Select

===========================================================================================
----------------- testing Thu Mar 14 14:25:00 UTC 2019 /home/travis/build/icyphy/ptII/ptolemy/actor/lib/test/auto/Select2.xml
----------------- Instantiating /home/travis/build/icyphy/ptII/ptolemy/actor/lib/test/auto/Select2.xml
1 ms. Memory: 1610752K Free: 297788K (18%)
----------------- Invoking toplevel() on ptolemy.moml.MoMLSimpleApplication@5158eb70
----------------- Done invoking toplevel() on ptolemy.moml.MoMLSimpleApplication@5158eb70
reloadAllAccessors: .Select2

===========================================================================================
----------------- testing Thu Mar 14 14:25:00 UTC 2019 /home/travis/build/icyphy/ptII/ptolemy/actor/lib/test/auto/SequenceToArray2.xml
----------------- Instantiating /home/travis/build/icyphy/ptII/ptolemy/actor/lib/test/auto/SequenceToArray2.xml
96 ms. Memory: 1610752K Free: 202517K (13%)
----------------- Invoking toplevel() on ptolemy.moml.MoMLSimpleApplication@1fc1ee11
----------------- Done invoking toplevel() on ptolemy.moml.MoMLSimpleApplication@1fc1ee11
reloadAllAccessors: .SequenceToArray2

===========================================================================================
----------------- testing Thu Mar 14 14:25:00 UTC 2019 /home/travis/build/icyphy/ptII/ptolemy/actor/lib/test/auto/SequentialClock.xml
----------------- Instantiating /home/travis/build/icyphy/ptII/ptolemy/actor/lib/test/auto/SequentialClock.xml
1 ms. Memory: 1610752K Free: 187566K (12%)
----------------- Invoking toplevel() on ptolemy.moml.MoMLSimpleApplication@62f27b6b
----------------- Done invoking toplevel() on ptolemy.moml.MoMLSimpleApplication@62f27b6b
reloadAllAccessors: .SequentialClock

===========================================================================================
----------------- testing Thu Mar 14 14:25:00 UTC 2019 /home/travis/build/icyphy/ptII/ptolemy/actor/lib/test/auto/SetVariable.xml
----------------- Instantiating /home/travis/build/icyphy/ptII/ptolemy/actor/lib/test/auto/SetVariable.xml
3 ms. Memory: 1610752K Free: 167047K (10%)
----------------- Invoking toplevel() on ptolemy.moml.MoMLSimpleApplication@572d586b
----------------- Done invoking toplevel() on ptolemy.moml.MoMLSimpleApplication@572d586b
reloadAllAccessors: .SetVariable

===========================================================================================
----------------- testing Thu Mar 14 14:25:00 UTC 2019 /home/travis/build/icyphy/ptII/ptolemy/actor/lib/test/auto/SetVariable2.xml
----------------- Instantiating /home/travis/build/icyphy/ptII/ptolemy/actor/lib/test/auto/SetVariable2.xml
3 ms. Memory: 1610752K Free: 152097K (9%)
----------------- Invoking toplevel() on ptolemy.moml.MoMLSimpleApplication@721cab19
----------------- Done invoking toplevel() on ptolemy.moml.MoMLSimpleApplication@721cab19
reloadAllAccessors: .SetVariable2

===========================================================================================
----------------- testing Thu Mar 14 14:25:00 UTC 2019 /home/travis/build/icyphy/ptII/ptolemy/actor/lib/test/auto/SetVariable3.xml
----------------- Instantiating /home/travis/build/icyphy/ptII/ptolemy/actor/lib/test/auto/SetVariable3.xml
9 ms. Memory: 1610752K Free: 131578K (8%)
----------------- Invoking toplevel() on ptolemy.moml.MoMLSimpleApplication@331d4d4e
----------------- Done invoking toplevel() on ptolemy.moml.MoMLSimpleApplication@331d4d4e
reloadAllAccessors: .SetVariable3

===========================================================================================
----------------- testing Thu Mar 14 14:25:00 UTC 2019 /home/travis/build/icyphy/ptII/ptolemy/actor/lib/test/auto/SetVariable4.xml
----------------- Instantiating /home/travis/build/icyphy/ptII/ptolemy/actor/lib/test/auto/SetVariable4.xml
31 ms. Memory: 1783808K Free: 1710820K (96%)
----------------- Invoking toplevel() on ptolemy.moml.MoMLSimpleApplication@62f61e7c
----------------- Done invoking toplevel() on ptolemy.moml.MoMLSimpleApplication@62f61e7c
reloadAllAccessors: .SetVariable4

===========================================================================================
----------------- testing Thu Mar 14 14:25:00 UTC 2019 /home/travis/build/icyphy/ptII/ptolemy/actor/lib/test/auto/SetVariable5.xml
----------------- Instantiating /home/travis/build/icyphy/ptII/ptolemy/actor/lib/test/auto/SetVariable5.xml
15 ms. Memory: 1783808K Free: 1685361K (94%)
----------------- Invoking toplevel() on ptolemy.moml.MoMLSimpleApplication@68b1b589
----------------- Done invoking toplevel() on ptolemy.moml.MoMLSimpleApplication@68b1b589
reloadAllAccessors: .SetVariable5

===========================================================================================
----------------- testing Thu Mar 14 14:25:01 UTC 2019 /home/travis/build/icyphy/ptII/ptolemy/actor/lib/test/auto/Sinewave.xml
----------------- Instantiating /home/travis/build/icyphy/ptII/ptolemy/actor/lib/test/auto/Sinewave.xml
8 ms. Memory: 1783808K Free: 1664085K (93%)
----------------- Invoking toplevel() on ptolemy.moml.MoMLSimpleApplication@e6084eb
----------------- Done invoking toplevel() on ptolemy.moml.MoMLSimpleApplication@e6084eb
reloadAllAccessors: .Sinewave

===========================================================================================
----------------- testing Thu Mar 14 14:25:01 UTC 2019 /home/travis/build/icyphy/ptII/ptolemy/actor/lib/test/auto/Sinewave2.xml
----------------- Instantiating /home/travis/build/icyphy/ptII/ptolemy/actor/lib/test/auto/Sinewave2.xml
6 ms. Memory: 1783808K Free: 1652951K (93%)
----------------- Invoking toplevel() on ptolemy.moml.MoMLSimpleApplication@7e3ac08a
----------------- Done invoking toplevel() on ptolemy.moml.MoMLSimpleApplication@7e3ac08a
reloadAllAccessors: .Sinewave2

===========================================================================================
----------------- testing Thu Mar 14 14:25:01 UTC 2019 /home/travis/build/icyphy/ptII/ptolemy/actor/lib/test/auto/Sinewave3.xml
----------------- Instantiating /home/travis/build/icyphy/ptII/ptolemy/actor/lib/test/auto/Sinewave3.xml
9 ms. Memory: 1783808K Free: 1637242K (92%)
----------------- Invoking toplevel() on ptolemy.moml.MoMLSimpleApplication@48f8316f
----------------- Done invoking toplevel() on ptolemy.moml.MoMLSimpleApplication@48f8316f
reloadAllAccessors: .Sinewave3

===========================================================================================
----------------- testing Thu Mar 14 14:25:01 UTC 2019 /home/travis/build/icyphy/ptII/ptolemy/actor/lib/test/auto/SingleEvent.xml
----------------- Instantiating /home/travis/build/icyphy/ptII/ptolemy/actor/lib/test/auto/SingleEvent.xml
1 ms. Memory: 1783808K Free: 1626108K (91%)
----------------- Invoking toplevel() on ptolemy.moml.MoMLSimpleApplication@629c747f
----------------- Done invoking toplevel() on ptolemy.moml.MoMLSimpleApplication@629c747f
reloadAllAccessors: .SingleEvent

===========================================================================================
----------------- testing Thu Mar 14 14:25:01 UTC 2019 /home/travis/build/icyphy/ptII/ptolemy/actor/lib/test/auto/Sleep.xml
----------------- Instantiating /home/travis/build/icyphy/ptII/ptolemy/actor/lib/test/auto/Sleep.xml
6003 ms. Memory: 1783808K Free: 1610399K (90%)
----------------- Invoking toplevel() on ptolemy.moml.MoMLSimpleApplication@104c9f5e
----------------- Done invoking toplevel() on ptolemy.moml.MoMLSimpleApplication@104c9f5e
reloadAllAccessors: .Sleep

===========================================================================================
----------------- testing Thu Mar 14 14:25:07 UTC 2019 /home/travis/build/icyphy/ptII/ptolemy/actor/lib/test/auto/SleepMultipleFire.xml
----------------- Instantiating /home/travis/build/icyphy/ptII/ptolemy/actor/lib/test/auto/SleepMultipleFire.xml
1005 ms. Memory: 1783808K Free: 1599265K (90%)
----------------- Invoking toplevel() on ptolemy.moml.MoMLSimpleApplication@5e1b30a2
----------------- Done invoking toplevel() on ptolemy.moml.MoMLSimpleApplication@5e1b30a2
reloadAllAccessors: .SleepMultipleFire

===========================================================================================
----------------- testing Thu Mar 14 14:25:08 UTC 2019 /home/travis/build/icyphy/ptII/ptolemy/actor/lib/test/auto/StopDE.xml
----------------- Instantiating /home/travis/build/icyphy/ptII/ptolemy/actor/lib/test/auto/StopDE.xml
2 ms. Memory: 1783808K Free: 1583556K (89%)
----------------- Invoking toplevel() on ptolemy.moml.MoMLSimpleApplication@7f96140
----------------- Done invoking toplevel() on ptolemy.moml.MoMLSimpleApplication@7f96140
reloadAllAccessors: .StopDE

===========================================================================================
----------------- testing Thu Mar 14 14:25:08 UTC 2019 /home/travis/build/icyphy/ptII/ptolemy/actor/lib/test/auto/StopSDF.xml
----------------- Instantiating /home/travis/build/icyphy/ptII/ptolemy/actor/lib/test/auto/StopSDF.xml
2 ms. Memory: 1783808K Free: 1572422K (88%)
----------------- Invoking toplevel() on ptolemy.moml.MoMLSimpleApplication@76bae2b6
----------------- Done invoking toplevel() on ptolemy.moml.MoMLSimpleApplication@76bae2b6
reloadAllAccessors: .StopSDF

===========================================================================================
----------------- testing Thu Mar 14 14:25:08 UTC 2019 /home/travis/build/icyphy/ptII/ptolemy/actor/lib/test/auto/StringConstant.xml
----------------- Instantiating /home/travis/build/icyphy/ptII/ptolemy/actor/lib/test/auto/StringConstant.xml
1 ms. Memory: 1783808K Free: 1556713K (87%)
----------------- Invoking toplevel() on ptolemy.moml.MoMLSimpleApplication@556cd683
----------------- Done invoking toplevel() on ptolemy.moml.MoMLSimpleApplication@556cd683
reloadAllAccessors: .StringConstant

===========================================================================================
----------------- testing Thu Mar 14 14:25:08 UTC 2019 /home/travis/build/icyphy/ptII/ptolemy/actor/lib/test/auto/SubscriberPortInitialValues1.xml
----------------- Instantiating /home/travis/build/icyphy/ptII/ptolemy/actor/lib/test/auto/SubscriberPortInitialValues1.xml
5 ms. Memory: 1783808K Free: 1541004K (86%)
----------------- Invoking toplevel() on ptolemy.moml.MoMLSimpleApplication@3a1d439e
----------------- Done invoking toplevel() on ptolemy.moml.MoMLSimpleApplication@3a1d439e
reloadAllAccessors: .SubscriberPortInitialValues1

===========================================================================================
----------------- testing Thu Mar 14 14:25:08 UTC 2019 /home/travis/build/icyphy/ptII/ptolemy/actor/lib/test/auto/SubscriberPortInitialValues13.xml
----------------- Instantiating /home/travis/build/icyphy/ptII/ptolemy/actor/lib/test/auto/SubscriberPortInitialValues13.xml
5 ms. Memory: 1783808K Free: 1524287K (85%)
----------------- Invoking toplevel() on ptolemy.moml.MoMLSimpleApplication@1b5de1d9
----------------- Done invoking toplevel() on ptolemy.moml.MoMLSimpleApplication@1b5de1d9
reloadAllAccessors: .SubscriberPortInitialValues13

===========================================================================================
----------------- testing Thu Mar 14 14:25:08 UTC 2019 /home/travis/build/icyphy/ptII/ptolemy/actor/lib/test/auto/SubscriberPortInitialValues14.xml
----------------- Instantiating /home/travis/build/icyphy/ptII/ptolemy/actor/lib/test/auto/SubscriberPortInitialValues14.xml
4 ms. Memory: 1783808K Free: 1508578K (85%)
----------------- Invoking toplevel() on ptolemy.moml.MoMLSimpleApplication@71abcdfd
----------------- Done invoking toplevel() on ptolemy.moml.MoMLSimpleApplication@71abcdfd
reloadAllAccessors: .SubscriberPortInitialValues14

===========================================================================================
----------------- testing Thu Mar 14 14:25:08 UTC 2019 /home/travis/build/icyphy/ptII/ptolemy/actor/lib/test/auto/SubscriberPortInitialValues2.xml
----------------- Instantiating /home/travis/build/icyphy/ptII/ptolemy/actor/lib/test/auto/SubscriberPortInitialValues2.xml
4 ms. Memory: 1783808K Free: 1497444K (84%)
----------------- Invoking toplevel() on ptolemy.moml.MoMLSimpleApplication@23558215
----------------- Done invoking toplevel() on ptolemy.moml.MoMLSimpleApplication@23558215
reloadAllAccessors: .SubscriberPortInitialValues2

===========================================================================================
----------------- testing Thu Mar 14 14:25:08 UTC 2019 /home/travis/build/icyphy/ptII/ptolemy/actor/lib/test/auto/SubscriberPortInitialValues3.xml
----------------- Instantiating /home/travis/build/icyphy/ptII/ptolemy/actor/lib/test/auto/SubscriberPortInitialValues3.xml
3 ms. Memory: 1783808K Free: 1476168K (83%)
----------------- Invoking toplevel() on ptolemy.moml.MoMLSimpleApplication@79cd9191
----------------- Done invoking toplevel() on ptolemy.moml.MoMLSimpleApplication@79cd9191
reloadAllAccessors: .SubscriberPortInitialValues3

===========================================================================================
----------------- testing Thu Mar 14 14:25:08 UTC 2019 /home/travis/build/icyphy/ptII/ptolemy/actor/lib/test/auto/SubscriptionAggregator.xml
----------------- Instantiating /home/travis/build/icyphy/ptII/ptolemy/actor/lib/test/auto/SubscriptionAggregator.xml
2 ms. Memory: 1783808K Free: 1465034K (82%)
----------------- Invoking toplevel() on ptolemy.moml.MoMLSimpleApplication@12dc6317
----------------- Done invoking toplevel() on ptolemy.moml.MoMLSimpleApplication@12dc6317
reloadAllAccessors: .SubscriptionAggregator

===========================================================================================
----------------- testing Thu Mar 14 14:25:08 UTC 2019 /home/travis/build/icyphy/ptII/ptolemy/actor/lib/test/auto/SubscriptionAggregator2.xml
----------------- Instantiating /home/travis/build/icyphy/ptII/ptolemy/actor/lib/test/auto/SubscriptionAggregator2.xml
3 ms. Memory: 1783808K Free: 1449325K (81%)
----------------- Invoking toplevel() on ptolemy.moml.MoMLSimpleApplication@5e5079d1
----------------- Done invoking toplevel() on ptolemy.moml.MoMLSimpleApplication@5e5079d1
reloadAllAccessors: .SubscriptionAggregator2

===========================================================================================
----------------- testing Thu Mar 14 14:25:08 UTC 2019 /home/travis/build/icyphy/ptII/ptolemy/actor/lib/test/auto/SubscriptionAggregator3.xml
----------------- Instantiating /home/travis/build/icyphy/ptII/ptolemy/actor/lib/test/auto/SubscriptionAggregator3.xml
3 ms. Memory: 1783808K Free: 1432608K (80%)
----------------- Invoking toplevel() on ptolemy.moml.MoMLSimpleApplication@75789a7d
----------------- Done invoking toplevel() on ptolemy.moml.MoMLSimpleApplication@75789a7d
reloadAllAccessors: .SubscriptionAggregator3

===========================================================================================
----------------- testing Thu Mar 14 14:25:08 UTC 2019 /home/travis/build/icyphy/ptII/ptolemy/actor/lib/test/auto/SubscriptionAggregatorMultiply.xml
----------------- Instantiating /home/travis/build/icyphy/ptII/ptolemy/actor/lib/test/auto/SubscriptionAggregatorMultiply.xml
3 ms. Memory: 1783808K Free: 1411324K (79%)
----------------- Invoking toplevel() on ptolemy.moml.MoMLSimpleApplication@16b892d2
----------------- Done invoking toplevel() on ptolemy.moml.MoMLSimpleApplication@16b892d2
reloadAllAccessors: .SubscriptionAggregatorMultiply

===========================================================================================
----------------- testing Thu Mar 14 14:25:08 UTC 2019 /home/travis/build/icyphy/ptII/ptolemy/actor/lib/test/auto/SubscriptionAggregatorPortMultiply1.xml
----------------- Instantiating /home/travis/build/icyphy/ptII/ptolemy/actor/lib/test/auto/SubscriptionAggregatorPortMultiply1.xml
4 ms. Memory: 1783808K Free: 1400189K (78%)
----------------- Invoking toplevel() on ptolemy.moml.MoMLSimpleApplication@7595e130
----------------- Done invoking toplevel() on ptolemy.moml.MoMLSimpleApplication@7595e130
reloadAllAccessors: .SubscriptionAggregatorPortMultiply1

===========================================================================================
----------------- testing Thu Mar 14 14:25:08 UTC 2019 /home/travis/build/icyphy/ptII/ptolemy/actor/lib/test/auto/Switch.xml
----------------- Instantiating /home/travis/build/icyphy/ptII/ptolemy/actor/lib/test/auto/Switch.xml
3 ms. Memory: 1783808K Free: 1351015K (76%)
----------------- Invoking toplevel() on ptolemy.moml.MoMLSimpleApplication@616fac00
----------------- Done invoking toplevel() on ptolemy.moml.MoMLSimpleApplication@616fac00
reloadAllAccessors: .Switch

===========================================================================================
----------------- testing Thu Mar 14 14:25:08 UTC 2019 /home/travis/build/icyphy/ptII/ptolemy/actor/lib/test/auto/Switch2.xml
----------------- Instantiating /home/travis/build/icyphy/ptII/ptolemy/actor/lib/test/auto/Switch2.xml
1 ms. Memory: 1783808K Free: 1339881K (75%)
----------------- Invoking toplevel() on ptolemy.moml.MoMLSimpleApplication@57ab2f47
----------------- Done invoking toplevel() on ptolemy.moml.MoMLSimpleApplication@57ab2f47
reloadAllAccessors: .Switch2

===========================================================================================
----------------- testing Thu Mar 14 14:25:08 UTC 2019 /home/travis/build/icyphy/ptII/ptolemy/actor/lib/test/auto/SwitchDE.xml
----------------- Instantiating /home/travis/build/icyphy/ptII/ptolemy/actor/lib/test/auto/SwitchDE.xml
2 ms. Memory: 1783808K Free: 1324172K (74%)
----------------- Invoking toplevel() on ptolemy.moml.MoMLSimpleApplication@5b4004
----------------- Done invoking toplevel() on ptolemy.moml.MoMLSimpleApplication@5b4004
reloadAllAccessors: .SwitchDE

===========================================================================================
----------------- testing Thu Mar 14 14:25:08 UTC 2019 /home/travis/build/icyphy/ptII/ptolemy/actor/lib/test/auto/SynchronizerDE.xml
----------------- Instantiating /home/travis/build/icyphy/ptII/ptolemy/actor/lib/test/auto/SynchronizerDE.xml
3 ms. Memory: 1783808K Free: 1302880K (73%)
----------------- Invoking toplevel() on ptolemy.moml.MoMLSimpleApplication@48e12275
----------------- Done invoking toplevel() on ptolemy.moml.MoMLSimpleApplication@48e12275
reloadAllAccessors: .SynchronizerDE

===========================================================================================
----------------- testing Thu Mar 14 14:25:08 UTC 2019 /home/travis/build/icyphy/ptII/ptolemy/actor/lib/test/auto/Test.xml
----------------- Instantiating /home/travis/build/icyphy/ptII/ptolemy/actor/lib/test/auto/Test.xml
2 ms. Memory: 1783808K Free: 1291746K (72%)
----------------- Invoking toplevel() on ptolemy.moml.MoMLSimpleApplication@2fe84bdb
----------------- Done invoking toplevel() on ptolemy.moml.MoMLSimpleApplication@2fe84bdb
reloadAllAccessors: .Test

===========================================================================================
----------------- testing Thu Mar 14 14:25:08 UTC 2019 /home/travis/build/icyphy/ptII/ptolemy/actor/lib/test/auto/TestExceptionAttribute1.xml
----------------- Instantiating /home/travis/build/icyphy/ptII/ptolemy/actor/lib/test/auto/TestExceptionAttribute1.xml
1 ms. Memory: 1783808K Free: 1276037K (72%)
----------------- Invoking toplevel() on ptolemy.moml.MoMLSimpleApplication@64f640c
----------------- Done invoking toplevel() on ptolemy.moml.MoMLSimpleApplication@64f640c
reloadAllAccessors: .TestExceptionAttribute1

===========================================================================================
----------------- testing Thu Mar 14 14:25:08 UTC 2019 /home/travis/build/icyphy/ptII/ptolemy/actor/lib/test/auto/TestExceptionAttribute2.xml
----------------- Instantiating /home/travis/build/icyphy/ptII/ptolemy/actor/lib/test/auto/TestExceptionAttribute2.xml
1 ms. Memory: 1783808K Free: 1264903K (71%)
----------------- Invoking toplevel() on ptolemy.moml.MoMLSimpleApplication@2e709462
----------------- Done invoking toplevel() on ptolemy.moml.MoMLSimpleApplication@2e709462
reloadAllAccessors: .TestExceptionAttribute2

===========================================================================================
----------------- testing Thu Mar 14 14:25:08 UTC 2019 /home/travis/build/icyphy/ptII/ptolemy/actor/lib/test/auto/TestExceptionAttribute3.xml
----------------- Instantiating /home/travis/build/icyphy/ptII/ptolemy/actor/lib/test/auto/TestExceptionAttribute3.xml
.TestExceptionAttribute3.TestExceptionAttribute: initialize() was not invoked, but wrapup() was.  This is unusual, but not always a problem.  For example, exporting JNLP will do this.
1 ms. Memory: 1783808K Free: 1249194K (70%)
----------------- Invoking toplevel() on ptolemy.moml.MoMLSimpleApplication@7f5b38da
----------------- Done invoking toplevel() on ptolemy.moml.MoMLSimpleApplication@7f5b38da
reloadAllAccessors: .TestExceptionAttribute3

===========================================================================================
----------------- testing Thu Mar 14 14:25:08 UTC 2019 /home/travis/build/icyphy/ptII/ptolemy/actor/lib/test/auto/TestExceptionAttribute4.xml
----------------- Instantiating /home/travis/build/icyphy/ptII/ptolemy/actor/lib/test/auto/TestExceptionAttribute4.xml
.TestExceptionAttribute4.TestExceptionAttribute: initialize() was not invoked, but wrapup() was.  This is unusual, but not always a problem.  For example, exporting JNLP will do this.
.TestExceptionAttribute4.TestExceptionAttribute2: initialize() was not invoked, but wrapup() was.  This is unusual, but not always a problem.  For example, exporting JNLP will do this.
1 ms. Memory: 1783808K Free: 1238060K (69%)
----------------- Invoking toplevel() on ptolemy.moml.MoMLSimpleApplication@6f6270a8
----------------- Done invoking toplevel() on ptolemy.moml.MoMLSimpleApplication@6f6270a8
reloadAllAccessors: .TestExceptionAttribute4

===========================================================================================
----------------- testing Thu Mar 14 14:25:08 UTC 2019 /home/travis/build/icyphy/ptII/ptolemy/actor/lib/test/auto/TestExceptionHandler1.xml
----------------- Instantiating /home/travis/build/icyphy/ptII/ptolemy/actor/lib/test/auto/TestExceptionHandler1.xml
1 ms. Memory: 1783808K Free: 1222351K (69%)
----------------- Invoking toplevel() on ptolemy.moml.MoMLSimpleApplication@2bb4a661
----------------- Done invoking toplevel() on ptolemy.moml.MoMLSimpleApplication@2bb4a661
reloadAllAccessors: .TestExceptionHandler1

===========================================================================================
----------------- testing Thu Mar 14 14:25:08 UTC 2019 /home/travis/build/icyphy/ptII/ptolemy/actor/lib/test/auto/TestExceptionHandler2.xml
----------------- Instantiating /home/travis/build/icyphy/ptII/ptolemy/actor/lib/test/auto/TestExceptionHandler2.xml
1 ms. Memory: 1783808K Free: 1211217K (68%)
----------------- Invoking toplevel() on ptolemy.moml.MoMLSimpleApplication@312e2946
----------------- Done invoking toplevel() on ptolemy.moml.MoMLSimpleApplication@312e2946
reloadAllAccessors: .TestExceptionHandler2

===========================================================================================
----------------- testing Thu Mar 14 14:25:08 UTC 2019 /home/travis/build/icyphy/ptII/ptolemy/actor/lib/test/auto/TestExceptionHandler3.xml
----------------- Instantiating /home/travis/build/icyphy/ptII/ptolemy/actor/lib/test/auto/TestExceptionHandler3.xml
1 ms. Memory: 1783808K Free: 1195508K (67%)
----------------- Invoking toplevel() on ptolemy.moml.MoMLSimpleApplication@5991fbf5
----------------- Done invoking toplevel() on ptolemy.moml.MoMLSimpleApplication@5991fbf5
reloadAllAccessors: .TestExceptionHandler3

===========================================================================================
----------------- testing Thu Mar 14 14:25:08 UTC 2019 /home/travis/build/icyphy/ptII/ptolemy/actor/lib/test/auto/TestExceptionHandler4.xml
----------------- Instantiating /home/travis/build/icyphy/ptII/ptolemy/actor/lib/test/auto/TestExceptionHandler4.xml
1 ms. Memory: 1783808K Free: 1184374K (66%)
----------------- Invoking toplevel() on ptolemy.moml.MoMLSimpleApplication@353a7
----------------- Done invoking toplevel() on ptolemy.moml.MoMLSimpleApplication@353a7
reloadAllAccessors: .TestExceptionHandler4

===========================================================================================
----------------- testing Thu Mar 14 14:25:08 UTC 2019 /home/travis/build/icyphy/ptII/ptolemy/actor/lib/test/auto/TestRequireCorrectOrder.xml
----------------- Instantiating /home/travis/build/icyphy/ptII/ptolemy/actor/lib/test/auto/TestRequireCorrectOrder.xml
2 ms. Memory: 1783808K Free: 1168665K (66%)
----------------- Invoking toplevel() on ptolemy.moml.MoMLSimpleApplication@56a805e8
----------------- Done invoking toplevel() on ptolemy.moml.MoMLSimpleApplication@56a805e8
reloadAllAccessors: .TestRequireCorrectOrder

===========================================================================================
----------------- testing Thu Mar 14 14:25:08 UTC 2019 /home/travis/build/icyphy/ptII/ptolemy/actor/lib/test/auto/TestSimple.xml
----------------- Instantiating /home/travis/build/icyphy/ptII/ptolemy/actor/lib/test/auto/TestSimple.xml
2 ms. Memory: 1783808K Free: 1152957K (65%)
----------------- Invoking toplevel() on ptolemy.moml.MoMLSimpleApplication@446aeaac
----------------- Done invoking toplevel() on ptolemy.moml.MoMLSimpleApplication@446aeaac
reloadAllAccessors: .TestSimple

===========================================================================================
----------------- testing Thu Mar 14 14:25:08 UTC 2019 /home/travis/build/icyphy/ptII/ptolemy/actor/lib/test/auto/ThrowModelError.xml
----------------- Instantiating /home/travis/build/icyphy/ptII/ptolemy/actor/lib/test/auto/ThrowModelError.xml
1 ms. Memory: 1783808K Free: 1141822K (64%)
----------------- Invoking toplevel() on ptolemy.moml.MoMLSimpleApplication@7794fad4
----------------- Done invoking toplevel() on ptolemy.moml.MoMLSimpleApplication@7794fad4
reloadAllAccessors: .ThrowModelError

===========================================================================================
----------------- testing Thu Mar 14 14:25:08 UTC 2019 /home/travis/build/icyphy/ptII/ptolemy/actor/lib/test/auto/TimeDelayMicrosteps.xml
----------------- Instantiating /home/travis/build/icyphy/ptII/ptolemy/actor/lib/test/auto/TimeDelayMicrosteps.xml
3 ms. Memory: 1783808K Free: 1126114K (63%)
----------------- Invoking toplevel() on ptolemy.moml.MoMLSimpleApplication@72ffaf6c
----------------- Done invoking toplevel() on ptolemy.moml.MoMLSimpleApplication@72ffaf6c
reloadAllAccessors: .TimeDelayMicrosteps

===========================================================================================
----------------- testing Thu Mar 14 14:25:08 UTC 2019 /home/travis/build/icyphy/ptII/ptolemy/actor/lib/test/auto/TimeDelayMicrosteps2.xml
----------------- Instantiating /home/travis/build/icyphy/ptII/ptolemy/actor/lib/test/auto/TimeDelayMicrosteps2.xml
3 ms. Memory: 1783808K Free: 1114979K (63%)
----------------- Invoking toplevel() on ptolemy.moml.MoMLSimpleApplication@1e36e7d0
----------------- Done invoking toplevel() on ptolemy.moml.MoMLSimpleApplication@1e36e7d0
reloadAllAccessors: .TimeDelayMicrosteps2

===========================================================================================
----------------- testing Thu Mar 14 14:25:08 UTC 2019 /home/travis/build/icyphy/ptII/ptolemy/actor/lib/test/auto/TimeDelayMicrosteps3.xml
----------------- Instantiating /home/travis/build/icyphy/ptII/ptolemy/actor/lib/test/auto/TimeDelayMicrosteps3.xml
2 ms. Memory: 1783808K Free: 1099270K (62%)
----------------- Invoking toplevel() on ptolemy.moml.MoMLSimpleApplication@27915a19
----------------- Done invoking toplevel() on ptolemy.moml.MoMLSimpleApplication@27915a19
reloadAllAccessors: .TimeDelayMicrosteps3

===========================================================================================
----------------- testing Thu Mar 14 14:25:08 UTC 2019 /home/travis/build/icyphy/ptII/ptolemy/actor/lib/test/auto/TimeDelayVariableMicrosteps.xml
----------------- Instantiating /home/travis/build/icyphy/ptII/ptolemy/actor/lib/test/auto/TimeDelayVariableMicrosteps.xml
2 ms. Memory: 1783808K Free: 1088136K (61%)
----------------- Invoking toplevel() on ptolemy.moml.MoMLSimpleApplication@6e0a7b9b
----------------- Done invoking toplevel() on ptolemy.moml.MoMLSimpleApplication@6e0a7b9b
reloadAllAccessors: .TimeDelayVariableMicrosteps

===========================================================================================
----------------- testing Thu Mar 14 14:25:08 UTC 2019 /home/travis/build/icyphy/ptII/ptolemy/actor/lib/test/auto/TimeGap.xml
----------------- Instantiating /home/travis/build/icyphy/ptII/ptolemy/actor/lib/test/auto/TimeGap.xml
2 ms. Memory: 1783808K Free: 1072427K (60%)
----------------- Invoking toplevel() on ptolemy.moml.MoMLSimpleApplication@359385e3
----------------- Done invoking toplevel() on ptolemy.moml.MoMLSimpleApplication@359385e3
reloadAllAccessors: .TimeGap

===========================================================================================
----------------- testing Thu Mar 14 14:25:08 UTC 2019 /home/travis/build/icyphy/ptII/ptolemy/actor/lib/test/auto/TimeGap2.xml
----------------- Instantiating /home/travis/build/icyphy/ptII/ptolemy/actor/lib/test/auto/TimeGap2.xml
1 ms. Memory: 1783808K Free: 1061293K (59%)
----------------- Invoking toplevel() on ptolemy.moml.MoMLSimpleApplication@15d772e5
----------------- Done invoking toplevel() on ptolemy.moml.MoMLSimpleApplication@15d772e5
reloadAllAccessors: .TimeGap2

===========================================================================================
----------------- testing Thu Mar 14 14:25:08 UTC 2019 /home/travis/build/icyphy/ptII/ptolemy/actor/lib/test/auto/TimedSinewave.xml
----------------- Instantiating /home/travis/build/icyphy/ptII/ptolemy/actor/lib/test/auto/TimedSinewave.xml
13 ms. Memory: 1783808K Free: 1040017K (58%)
----------------- Invoking toplevel() on ptolemy.moml.MoMLSimpleApplication@4b70c85b
----------------- Done invoking toplevel() on ptolemy.moml.MoMLSimpleApplication@4b70c85b
reloadAllAccessors: .TimedSinewave

===========================================================================================
----------------- testing Thu Mar 14 14:25:08 UTC 2019 /home/travis/build/icyphy/ptII/ptolemy/actor/lib/test/auto/TimedSinewavePhase.xml
----------------- Instantiating /home/travis/build/icyphy/ptII/ptolemy/actor/lib/test/auto/TimedSinewavePhase.xml
9 ms. Memory: 1783808K Free: 1023315K (57%)
----------------- Invoking toplevel() on ptolemy.moml.MoMLSimpleApplication@58653034
----------------- Done invoking toplevel() on ptolemy.moml.MoMLSimpleApplication@58653034
reloadAllAccessors: .TimedSinewavePhase

===========================================================================================
----------------- testing Thu Mar 14 14:25:08 UTC 2019 /home/travis/build/icyphy/ptII/ptolemy/actor/lib/test/auto/Timer.xml
----------------- Instantiating /home/travis/build/icyphy/ptII/ptolemy/actor/lib/test/auto/Timer.xml
2 ms. Memory: 1783808K Free: 1007607K (56%)
----------------- Invoking toplevel() on ptolemy.moml.MoMLSimpleApplication@29730fed
----------------- Done invoking toplevel() on ptolemy.moml.MoMLSimpleApplication@29730fed
reloadAllAccessors: .Timer

===========================================================================================
----------------- testing Thu Mar 14 14:25:08 UTC 2019 /home/travis/build/icyphy/ptII/ptolemy/actor/lib/test/auto/TriangularDistTestModel.xml
----------------- Instantiating /home/travis/build/icyphy/ptII/ptolemy/actor/lib/test/auto/TriangularDistTestModel.xml
2 ms. Memory: 1783808K Free: 991898K (56%)
----------------- Invoking toplevel() on ptolemy.moml.MoMLSimpleApplication@450340a4
----------------- Done invoking toplevel() on ptolemy.moml.MoMLSimpleApplication@450340a4
reloadAllAccessors: .TriangularDistTestModel

===========================================================================================
----------------- testing Thu Mar 14 14:25:08 UTC 2019 /home/travis/build/icyphy/ptII/ptolemy/actor/lib/test/auto/TrigFunction.xml
----------------- Instantiating /home/travis/build/icyphy/ptII/ptolemy/actor/lib/test/auto/TrigFunction.xml
2 ms. Memory: 1783808K Free: 980764K (55%)
----------------- Invoking toplevel() on ptolemy.moml.MoMLSimpleApplication@4b894c31
----------------- Done invoking toplevel() on ptolemy.moml.MoMLSimpleApplication@4b894c31
reloadAllAccessors: .TrigFunction

===========================================================================================
----------------- testing Thu Mar 14 14:25:08 UTC 2019 /home/travis/build/icyphy/ptII/ptolemy/actor/lib/test/auto/TrigFunctionDE.xml
----------------- Instantiating /home/travis/build/icyphy/ptII/ptolemy/actor/lib/test/auto/TrigFunctionDE.xml
2 ms. Memory: 1783808K Free: 965055K (54%)
----------------- Invoking toplevel() on ptolemy.moml.MoMLSimpleApplication@29c092eb
----------------- Done invoking toplevel() on ptolemy.moml.MoMLSimpleApplication@29c092eb
reloadAllAccessors: .TrigFunctionDE

===========================================================================================
----------------- testing Thu Mar 14 14:25:08 UTC 2019 /home/travis/build/icyphy/ptII/ptolemy/actor/lib/test/auto/TrigFunctionInverse.xml
----------------- Instantiating /home/travis/build/icyphy/ptII/ptolemy/actor/lib/test/auto/TrigFunctionInverse.xml
2 ms. Memory: 1783808K Free: 953921K (53%)
----------------- Invoking toplevel() on ptolemy.moml.MoMLSimpleApplication@295721f3
----------------- Done invoking toplevel() on ptolemy.moml.MoMLSimpleApplication@295721f3
reloadAllAccessors: .TrigFunctionInverse

===========================================================================================
----------------- testing Thu Mar 14 14:25:08 UTC 2019 /home/travis/build/icyphy/ptII/ptolemy/actor/lib/test/auto/TrigFunctionTan.xml
----------------- Instantiating /home/travis/build/icyphy/ptII/ptolemy/actor/lib/test/auto/TrigFunctionTan.xml
2 ms. Memory: 1783808K Free: 938212K (53%)
----------------- Invoking toplevel() on ptolemy.moml.MoMLSimpleApplication@6878d7d0
----------------- Done invoking toplevel() on ptolemy.moml.MoMLSimpleApplication@6878d7d0
reloadAllAccessors: .TrigFunctionTan

===========================================================================================
----------------- testing Thu Mar 14 14:25:08 UTC 2019 /home/travis/build/icyphy/ptII/ptolemy/actor/lib/test/auto/TriggeredClock.xml
----------------- Instantiating /home/travis/build/icyphy/ptII/ptolemy/actor/lib/test/auto/TriggeredClock.xml
1 ms. Memory: 1783808K Free: 927077K (52%)
----------------- Invoking toplevel() on ptolemy.moml.MoMLSimpleApplication@bac366
----------------- Done invoking toplevel() on ptolemy.moml.MoMLSimpleApplication@bac366
reloadAllAccessors: .TriggeredClock

===========================================================================================
----------------- testing Thu Mar 14 14:25:09 UTC 2019 /home/travis/build/icyphy/ptII/ptolemy/actor/lib/test/auto/URLDirectoryReader.xml
----------------- Instantiating /home/travis/build/icyphy/ptII/ptolemy/actor/lib/test/auto/URLDirectoryReader.xml
38 ms. Memory: 1783808K Free: 911368K (51%)
----------------- Invoking toplevel() on ptolemy.moml.MoMLSimpleApplication@40768f81
----------------- Done invoking toplevel() on ptolemy.moml.MoMLSimpleApplication@40768f81
reloadAllAccessors: .URLDirectoryReader

===========================================================================================
----------------- testing Thu Mar 14 14:25:09 UTC 2019 /home/travis/build/icyphy/ptII/ptolemy/actor/lib/test/auto/URLDirectoryReader3.xml
----------------- Instantiating /home/travis/build/icyphy/ptII/ptolemy/actor/lib/test/auto/URLDirectoryReader3.xml
1099 ms. Memory: 1783808K Free: 866831K (49%)
----------------- Invoking toplevel() on ptolemy.moml.MoMLSimpleApplication@16c41e89
----------------- Done invoking toplevel() on ptolemy.moml.MoMLSimpleApplication@16c41e89
reloadAllAccessors: .URLDirectoryReader3

===========================================================================================
----------------- testing Thu Mar 14 14:25:10 UTC 2019 /home/travis/build/icyphy/ptII/ptolemy/actor/lib/test/auto/UnaryMathFunction.xml
----------------- Instantiating /home/travis/build/icyphy/ptII/ptolemy/actor/lib/test/auto/UnaryMathFunction.xml
10 ms. Memory: 1783808K Free: 851122K (48%)
----------------- Invoking toplevel() on ptolemy.moml.MoMLSimpleApplication@6fb9ce6f
----------------- Done invoking toplevel() on ptolemy.moml.MoMLSimpleApplication@6fb9ce6f
reloadAllAccessors: .UnaryMathFunction

===========================================================================================
----------------- testing Thu Mar 14 14:25:10 UTC 2019 /home/travis/build/icyphy/ptII/ptolemy/actor/lib/test/auto/Uniform.xml
----------------- Instantiating /home/travis/build/icyphy/ptII/ptolemy/actor/lib/test/auto/Uniform.xml
2 ms. Memory: 1783808K Free: 835414K (47%)
----------------- Invoking toplevel() on ptolemy.moml.MoMLSimpleApplication@2a0e441c
----------------- Done invoking toplevel() on ptolemy.moml.MoMLSimpleApplication@2a0e441c
reloadAllAccessors: .Uniform

===========================================================================================
----------------- testing Thu Mar 14 14:25:10 UTC 2019 /home/travis/build/icyphy/ptII/ptolemy/actor/lib/test/auto/UnionDisassemblerTest.xml
----------------- Instantiating /home/travis/build/icyphy/ptII/ptolemy/actor/lib/test/auto/UnionDisassemblerTest.xml
10 ms. Memory: 1783808K Free: 824279K (46%)
----------------- Invoking toplevel() on ptolemy.moml.MoMLSimpleApplication@33c6e2ed
----------------- Done invoking toplevel() on ptolemy.moml.MoMLSimpleApplication@33c6e2ed
reloadAllAccessors: .UnionDisassemblerTest

===========================================================================================
----------------- testing Thu Mar 14 14:25:10 UTC 2019 /home/travis/build/icyphy/ptII/ptolemy/actor/lib/test/auto/UtilityFunctions.xml
----------------- Instantiating /home/travis/build/icyphy/ptII/ptolemy/actor/lib/test/auto/UtilityFunctions.xml
9 ms. Memory: 1783808K Free: 808570K (45%)
----------------- Invoking toplevel() on ptolemy.moml.MoMLSimpleApplication@16a6194d
----------------- Done invoking toplevel() on ptolemy.moml.MoMLSimpleApplication@16a6194d
reloadAllAccessors: .UtilityFunctions

===========================================================================================
----------------- testing Thu Mar 14 14:25:10 UTC 2019 /home/travis/build/icyphy/ptII/ptolemy/actor/lib/test/auto/VariableSleep.xml
----------------- Instantiating /home/travis/build/icyphy/ptII/ptolemy/actor/lib/test/auto/VariableSleep.xml
503 ms. Memory: 1783808K Free: 797436K (45%)
----------------- Invoking toplevel() on ptolemy.moml.MoMLSimpleApplication@5cec2e4
----------------- Done invoking toplevel() on ptolemy.moml.MoMLSimpleApplication@5cec2e4
reloadAllAccessors: .VariableSleep

===========================================================================================
----------------- testing Thu Mar 14 14:25:11 UTC 2019 /home/travis/build/icyphy/ptII/ptolemy/actor/lib/test/auto/VectorAssemblerDisassemblerCT.xml
----------------- Instantiating /home/travis/build/icyphy/ptII/ptolemy/actor/lib/test/auto/VectorAssemblerDisassemblerCT.xml
63 ms. Memory: 1783808K Free: 764994K (43%)
----------------- Invoking toplevel() on ptolemy.moml.MoMLSimpleApplication@588214ad
----------------- Done invoking toplevel() on ptolemy.moml.MoMLSimpleApplication@588214ad
reloadAllAccessors: .VectorAssemblerDisassemblerCT

===========================================================================================
----------------- testing Thu Mar 14 14:25:11 UTC 2019 /home/travis/build/icyphy/ptII/ptolemy/actor/lib/test/auto/VectorAssemblerDisassemblerDE.xml
----------------- Instantiating /home/travis/build/icyphy/ptII/ptolemy/actor/lib/test/auto/VectorAssemblerDisassemblerDE.xml
2 ms. Memory: 1783808K Free: 753860K (42%)
----------------- Invoking toplevel() on ptolemy.moml.MoMLSimpleApplication@c1aa7e5
----------------- Done invoking toplevel() on ptolemy.moml.MoMLSimpleApplication@c1aa7e5
reloadAllAccessors: .VectorAssemblerDisassemblerDE

===========================================================================================
----------------- testing Thu Mar 14 14:25:11 UTC 2019 /home/travis/build/icyphy/ptII/ptolemy/actor/lib/test/auto/VectorAssemblerDisassemblerSDF.xml
----------------- Instantiating /home/travis/build/icyphy/ptII/ptolemy/actor/lib/test/auto/VectorAssemblerDisassemblerSDF.xml
2 ms. Memory: 1783808K Free: 738151K (41%)
----------------- Invoking toplevel() on ptolemy.moml.MoMLSimpleApplication@4c0027b4
----------------- Done invoking toplevel() on ptolemy.moml.MoMLSimpleApplication@4c0027b4
reloadAllAccessors: .VectorAssemblerDisassemblerSDF

===========================================================================================
----------------- testing Thu Mar 14 14:25:11 UTC 2019 /home/travis/build/icyphy/ptII/ptolemy/actor/lib/test/auto/WallClockTime.xml
----------------- Instantiating /home/travis/build/icyphy/ptII/ptolemy/actor/lib/test/auto/WallClockTime.xml
1004 ms. Memory: 1783808K Free: 727017K (41%)
----------------- Invoking toplevel() on ptolemy.moml.MoMLSimpleApplication@6fc54395
----------------- Done invoking toplevel() on ptolemy.moml.MoMLSimpleApplication@6fc54395
reloadAllAccessors: .WallClockTime

===========================================================================================
----------------- testing Thu Mar 14 14:25:12 UTC 2019 /home/travis/build/icyphy/ptII/ptolemy/actor/lib/test/auto/WidthTestWithSubscriberPublisher.xml
----------------- Instantiating /home/travis/build/icyphy/ptII/ptolemy/actor/lib/test/auto/WidthTestWithSubscriberPublisher.xml
7 ms. Memory: 1783808K Free: 700142K (39%)
----------------- Invoking toplevel() on ptolemy.moml.MoMLSimpleApplication@33231030
----------------- Done invoking toplevel() on ptolemy.moml.MoMLSimpleApplication@33231030
reloadAllAccessors: .WidthTestWithSubscriberPublisher

===========================================================================================
----------------- testing Thu Mar 14 14:25:12 UTC 2019 /home/travis/build/icyphy/ptII/ptolemy/actor/lib/test/auto/WidthTestWithSubscriberPublisher2.xml
----------------- Instantiating /home/travis/build/icyphy/ptII/ptolemy/actor/lib/test/auto/WidthTestWithSubscriberPublisher2.xml
2 ms. Memory: 1783808K Free: 684433K (38%)
----------------- Invoking toplevel() on ptolemy.moml.MoMLSimpleApplication@6ce500ab
----------------- Done invoking toplevel() on ptolemy.moml.MoMLSimpleApplication@6ce500ab
reloadAllAccessors: .WidthTestWithSubscriberPublisher2

===========================================================================================
----------------- testing Thu Mar 14 14:25:12 UTC 2019 /home/travis/build/icyphy/ptII/ptolemy/actor/lib/test/auto/WidthTestWithSubscriberPublisher3.xml
----------------- Instantiating /home/travis/build/icyphy/ptII/ptolemy/actor/lib/test/auto/WidthTestWithSubscriberPublisher3.xml
2 ms. Memory: 1783808K Free: 673299K (38%)
----------------- Invoking toplevel() on ptolemy.moml.MoMLSimpleApplication@6afc799d
----------------- Done invoking toplevel() on ptolemy.moml.MoMLSimpleApplication@6afc799d
reloadAllAccessors: .WidthTestWithSubscriberPublisher3

===========================================================================================
----------------- testing Thu Mar 14 14:25:12 UTC 2019 /home/travis/build/icyphy/ptII/ptolemy/actor/lib/test/auto/Writer.xml
----------------- Instantiating /home/travis/build/icyphy/ptII/ptolemy/actor/lib/test/auto/Writer.xml
0
1
2
3
4
2 ms. Memory: 1783808K Free: 657590K (37%)
----------------- Invoking toplevel() on ptolemy.moml.MoMLSimpleApplication@6ef12b7a
----------------- Done invoking toplevel() on ptolemy.moml.MoMLSimpleApplication@6ef12b7a
reloadAllAccessors: .Writer

===========================================================================================
----------------- testing Thu Mar 14 14:25:12 UTC 2019 /home/travis/build/icyphy/ptII/ptolemy/actor/lib/test/auto/array.xml
----------------- Instantiating /home/travis/build/icyphy/ptII/ptolemy/actor/lib/test/auto/array.xml
2 ms. Memory: 1783808K Free: 646455K (36%)
----------------- Invoking toplevel() on ptolemy.moml.MoMLSimpleApplication@3412ad9
----------------- Done invoking toplevel() on ptolemy.moml.MoMLSimpleApplication@3412ad9
reloadAllAccessors: .array

===========================================================================================
----------------- testing Thu Mar 14 14:25:12 UTC 2019 /home/travis/build/icyphy/ptII/ptolemy/actor/lib/test/auto/array2.xml
----------------- Instantiating /home/travis/build/icyphy/ptII/ptolemy/actor/lib/test/auto/array2.xml
2 ms. Memory: 1783808K Free: 630747K (35%)
----------------- Invoking toplevel() on ptolemy.moml.MoMLSimpleApplication@7a36025a
----------------- Done invoking toplevel() on ptolemy.moml.MoMLSimpleApplication@7a36025a
reloadAllAccessors: .array2

===========================================================================================
----------------- testing Thu Mar 14 14:25:12 UTC 2019 /home/travis/build/icyphy/ptII/ptolemy/actor/lib/test/auto/arrayType.xml
----------------- Instantiating /home/travis/build/icyphy/ptII/ptolemy/actor/lib/test/auto/arrayType.xml
2 ms. Memory: 1783808K Free: 619612K (35%)
----------------- Invoking toplevel() on ptolemy.moml.MoMLSimpleApplication@445a3701
----------------- Done invoking toplevel() on ptolemy.moml.MoMLSimpleApplication@445a3701
reloadAllAccessors: .arrayType

===========================================================================================
----------------- testing Thu Mar 14 14:25:12 UTC 2019 /home/travis/build/icyphy/ptII/ptolemy/actor/lib/test/auto/arrayType10.xml
----------------- Instantiating /home/travis/build/icyphy/ptII/ptolemy/actor/lib/test/auto/arrayType10.xml
1 ms. Memory: 1783808K Free: 603904K (34%)
----------------- Invoking toplevel() on ptolemy.moml.MoMLSimpleApplication@6baab0ee
----------------- Done invoking toplevel() on ptolemy.moml.MoMLSimpleApplication@6baab0ee
reloadAllAccessors: .arrayType10

===========================================================================================
----------------- testing Thu Mar 14 14:25:12 UTC 2019 /home/travis/build/icyphy/ptII/ptolemy/actor/lib/test/auto/arrayType11.xml
----------------- Instantiating /home/travis/build/icyphy/ptII/ptolemy/actor/lib/test/auto/arrayType11.xml
1 ms. Memory: 1783808K Free: 592769K (33%)
----------------- Invoking toplevel() on ptolemy.moml.MoMLSimpleApplication@52b27de7
----------------- Done invoking toplevel() on ptolemy.moml.MoMLSimpleApplication@52b27de7
reloadAllAccessors: .arrayType11

===========================================================================================
----------------- testing Thu Mar 14 14:25:12 UTC 2019 /home/travis/build/icyphy/ptII/ptolemy/actor/lib/test/auto/arrayType12.xml
----------------- Instantiating /home/travis/build/icyphy/ptII/ptolemy/actor/lib/test/auto/arrayType12.xml
2 ms. Memory: 1783808K Free: 577060K (32%)
----------------- Invoking toplevel() on ptolemy.moml.MoMLSimpleApplication@5022a983
----------------- Done invoking toplevel() on ptolemy.moml.MoMLSimpleApplication@5022a983
reloadAllAccessors: .arrayType12

===========================================================================================
----------------- testing Thu Mar 14 14:25:12 UTC 2019 /home/travis/build/icyphy/ptII/ptolemy/actor/lib/test/auto/arrayType13.xml
----------------- Instantiating /home/travis/build/icyphy/ptII/ptolemy/actor/lib/test/auto/arrayType13.xml
2 ms. Memory: 1783808K Free: 561352K (31%)
----------------- Invoking toplevel() on ptolemy.moml.MoMLSimpleApplication@7e378e9e
----------------- Done invoking toplevel() on ptolemy.moml.MoMLSimpleApplication@7e378e9e
reloadAllAccessors: .arrayType13

===========================================================================================
----------------- testing Thu Mar 14 14:25:12 UTC 2019 /home/travis/build/icyphy/ptII/ptolemy/actor/lib/test/auto/arrayType14.xml
----------------- Instantiating /home/travis/build/icyphy/ptII/ptolemy/actor/lib/test/auto/arrayType14.xml
1 ms. Memory: 1783808K Free: 550217K (31%)
----------------- Invoking toplevel() on ptolemy.moml.MoMLSimpleApplication@321f5fd2
----------------- Done invoking toplevel() on ptolemy.moml.MoMLSimpleApplication@321f5fd2
reloadAllAccessors: .arrayType14

===========================================================================================
----------------- testing Thu Mar 14 14:25:12 UTC 2019 /home/travis/build/icyphy/ptII/ptolemy/actor/lib/test/auto/arrayType15.xml
----------------- Instantiating /home/travis/build/icyphy/ptII/ptolemy/actor/lib/test/auto/arrayType15.xml
2 ms. Memory: 1783808K Free: 534509K (30%)
----------------- Invoking toplevel() on ptolemy.moml.MoMLSimpleApplication@7f9f7133
----------------- Done invoking toplevel() on ptolemy.moml.MoMLSimpleApplication@7f9f7133
reloadAllAccessors: .arrayType15

===========================================================================================
----------------- testing Thu Mar 14 14:25:12 UTC 2019 /home/travis/build/icyphy/ptII/ptolemy/actor/lib/test/auto/arrayType16.xml
----------------- Instantiating /home/travis/build/icyphy/ptII/ptolemy/actor/lib/test/auto/arrayType16.xml
2 ms. Memory: 1783808K Free: 523374K (29%)
----------------- Invoking toplevel() on ptolemy.moml.MoMLSimpleApplication@65fd9244
----------------- Done invoking toplevel() on ptolemy.moml.MoMLSimpleApplication@65fd9244
reloadAllAccessors: .arrayType16

===========================================================================================
----------------- testing Thu Mar 14 14:25:12 UTC 2019 /home/travis/build/icyphy/ptII/ptolemy/actor/lib/test/auto/arrayType17.xml
----------------- Instantiating /home/travis/build/icyphy/ptII/ptolemy/actor/lib/test/auto/arrayType17.xml
2 ms. Memory: 1783808K Free: 507666K (28%)
----------------- Invoking toplevel() on ptolemy.moml.MoMLSimpleApplication@180a7c00
----------------- Done invoking toplevel() on ptolemy.moml.MoMLSimpleApplication@180a7c00
reloadAllAccessors: .arrayType17

===========================================================================================
----------------- testing Thu Mar 14 14:25:12 UTC 2019 /home/travis/build/icyphy/ptII/ptolemy/actor/lib/test/auto/arrayType18.xml
----------------- Instantiating /home/travis/build/icyphy/ptII/ptolemy/actor/lib/test/auto/arrayType18.xml
2 ms. Memory: 1783808K Free: 496531K (28%)
----------------- Invoking toplevel() on ptolemy.moml.MoMLSimpleApplication@22e60cd3
----------------- Done invoking toplevel() on ptolemy.moml.MoMLSimpleApplication@22e60cd3
reloadAllAccessors: .arrayType18

===========================================================================================
----------------- testing Thu Mar 14 14:25:12 UTC 2019 /home/travis/build/icyphy/ptII/ptolemy/actor/lib/test/auto/arrayType19.xml
----------------- Instantiating /home/travis/build/icyphy/ptII/ptolemy/actor/lib/test/auto/arrayType19.xml
2 ms. Memory: 1783808K Free: 480823K (27%)
----------------- Invoking toplevel() on ptolemy.moml.MoMLSimpleApplication@3a48c296
----------------- Done invoking toplevel() on ptolemy.moml.MoMLSimpleApplication@3a48c296
reloadAllAccessors: .arrayType19

===========================================================================================
----------------- testing Thu Mar 14 14:25:12 UTC 2019 /home/travis/build/icyphy/ptII/ptolemy/actor/lib/test/auto/arrayType2.xml
----------------- Instantiating /home/travis/build/icyphy/ptII/ptolemy/actor/lib/test/auto/arrayType2.xml
1 ms. Memory: 1783808K Free: 469689K (26%)
----------------- Invoking toplevel() on ptolemy.moml.MoMLSimpleApplication@67c963f
----------------- Done invoking toplevel() on ptolemy.moml.MoMLSimpleApplication@67c963f
reloadAllAccessors: .arrayType2

===========================================================================================
----------------- testing Thu Mar 14 14:25:12 UTC 2019 /home/travis/build/icyphy/ptII/ptolemy/actor/lib/test/auto/arrayType20.xml
----------------- Instantiating /home/travis/build/icyphy/ptII/ptolemy/actor/lib/test/auto/arrayType20.xml
2 ms. Memory: 1783808K Free: 453980K (25%)
----------------- Invoking toplevel() on ptolemy.moml.MoMLSimpleApplication@591963c
----------------- Done invoking toplevel() on ptolemy.moml.MoMLSimpleApplication@591963c
reloadAllAccessors: .arrayType20

===========================================================================================
----------------- testing Thu Mar 14 14:25:12 UTC 2019 /home/travis/build/icyphy/ptII/ptolemy/actor/lib/test/auto/arrayType21.xml
----------------- Instantiating /home/travis/build/icyphy/ptII/ptolemy/actor/lib/test/auto/arrayType21.xml
2 ms. Memory: 1783808K Free: 438271K (25%)
----------------- Invoking toplevel() on ptolemy.moml.MoMLSimpleApplication@687080fc
----------------- Done invoking toplevel() on ptolemy.moml.MoMLSimpleApplication@687080fc
reloadAllAccessors: .arrayType21

===========================================================================================
----------------- testing Thu Mar 14 14:25:12 UTC 2019 /home/travis/build/icyphy/ptII/ptolemy/actor/lib/test/auto/arrayType22.xml
----------------- Instantiating /home/travis/build/icyphy/ptII/ptolemy/actor/lib/test/auto/arrayType22.xml
1 ms. Memory: 1783808K Free: 427137K (24%)
----------------- Invoking toplevel() on ptolemy.moml.MoMLSimpleApplication@18cbad49
----------------- Done invoking toplevel() on ptolemy.moml.MoMLSimpleApplication@18cbad49
reloadAllAccessors: .arrayType22

===========================================================================================
----------------- testing Thu Mar 14 14:25:12 UTC 2019 /home/travis/build/icyphy/ptII/ptolemy/actor/lib/test/auto/arrayType23.xml
----------------- Instantiating /home/travis/build/icyphy/ptII/ptolemy/actor/lib/test/auto/arrayType23.xml
1 ms. Memory: 1783808K Free: 411428K (23%)
----------------- Invoking toplevel() on ptolemy.moml.MoMLSimpleApplication@57bb918c
----------------- Done invoking toplevel() on ptolemy.moml.MoMLSimpleApplication@57bb918c
reloadAllAccessors: .arrayType23

===========================================================================================
----------------- testing Thu Mar 14 14:25:12 UTC 2019 /home/travis/build/icyphy/ptII/ptolemy/actor/lib/test/auto/arrayType24.xml
----------------- Instantiating /home/travis/build/icyphy/ptII/ptolemy/actor/lib/test/auto/arrayType24.xml
2 ms. Memory: 1783808K Free: 400294K (22%)
----------------- Invoking toplevel() on ptolemy.moml.MoMLSimpleApplication@32dd5430
----------------- Done invoking toplevel() on ptolemy.moml.MoMLSimpleApplication@32dd5430
reloadAllAccessors: .arrayType24

===========================================================================================
----------------- testing Thu Mar 14 14:25:12 UTC 2019 /home/travis/build/icyphy/ptII/ptolemy/actor/lib/test/auto/arrayType25.xml
----------------- Instantiating /home/travis/build/icyphy/ptII/ptolemy/actor/lib/test/auto/arrayType25.xml
2 ms. Memory: 1783808K Free: 384585K (22%)
----------------- Invoking toplevel() on ptolemy.moml.MoMLSimpleApplication@dbd44b7
----------------- Done invoking toplevel() on ptolemy.moml.MoMLSimpleApplication@dbd44b7
reloadAllAccessors: .arrayType25

===========================================================================================
----------------- testing Thu Mar 14 14:25:12 UTC 2019 /home/travis/build/icyphy/ptII/ptolemy/actor/lib/test/auto/arrayType26.xml
----------------- Instantiating /home/travis/build/icyphy/ptII/ptolemy/actor/lib/test/auto/arrayType26.xml
2 ms. Memory: 1783808K Free: 373451K (21%)
----------------- Invoking toplevel() on ptolemy.moml.MoMLSimpleApplication@401ff0dc
----------------- Done invoking toplevel() on ptolemy.moml.MoMLSimpleApplication@401ff0dc
reloadAllAccessors: .arrayType26

===========================================================================================
----------------- testing Thu Mar 14 14:25:12 UTC 2019 /home/travis/build/icyphy/ptII/ptolemy/actor/lib/test/auto/arrayType27.xml
----------------- Instantiating /home/travis/build/icyphy/ptII/ptolemy/actor/lib/test/auto/arrayType27.xml
1 ms. Memory: 1783808K Free: 357742K (20%)
----------------- Invoking toplevel() on ptolemy.moml.MoMLSimpleApplication@2730014a
----------------- Done invoking toplevel() on ptolemy.moml.MoMLSimpleApplication@2730014a
reloadAllAccessors: .arrayType27

===========================================================================================
----------------- testing Thu Mar 14 14:25:12 UTC 2019 /home/travis/build/icyphy/ptII/ptolemy/actor/lib/test/auto/arrayType28.xml
----------------- Instantiating /home/travis/build/icyphy/ptII/ptolemy/actor/lib/test/auto/arrayType28.xml
2 ms. Memory: 1783808K Free: 346608K (19%)
----------------- Invoking toplevel() on ptolemy.moml.MoMLSimpleApplication@66561f32
----------------- Done invoking toplevel() on ptolemy.moml.MoMLSimpleApplication@66561f32
reloadAllAccessors: .arrayType28

===========================================================================================
----------------- testing Thu Mar 14 14:25:12 UTC 2019 /home/travis/build/icyphy/ptII/ptolemy/actor/lib/test/auto/arrayType3.xml
----------------- Instantiating /home/travis/build/icyphy/ptII/ptolemy/actor/lib/test/auto/arrayType3.xml
1 ms. Memory: 1783808K Free: 330899K (19%)
----------------- Invoking toplevel() on ptolemy.moml.MoMLSimpleApplication@4f7ab8a8
----------------- Done invoking toplevel() on ptolemy.moml.MoMLSimpleApplication@4f7ab8a8
reloadAllAccessors: .arrayType3

===========================================================================================
----------------- testing Thu Mar 14 14:25:12 UTC 2019 /home/travis/build/icyphy/ptII/ptolemy/actor/lib/test/auto/arrayType4.xml
----------------- Instantiating /home/travis/build/icyphy/ptII/ptolemy/actor/lib/test/auto/arrayType4.xml
1 ms. Memory: 1783808K Free: 315190K (18%)
----------------- Invoking toplevel() on ptolemy.moml.MoMLSimpleApplication@bf40a58
----------------- Done invoking toplevel() on ptolemy.moml.MoMLSimpleApplication@bf40a58
reloadAllAccessors: .arrayType4

===========================================================================================
----------------- testing Thu Mar 14 14:25:12 UTC 2019 /home/travis/build/icyphy/ptII/ptolemy/actor/lib/test/auto/arrayType5.xml
----------------- Instantiating /home/travis/build/icyphy/ptII/ptolemy/actor/lib/test/auto/arrayType5.xml
2 ms. Memory: 1783808K Free: 304056K (17%)
----------------- Invoking toplevel() on ptolemy.moml.MoMLSimpleApplication@70a6ca54
----------------- Done invoking toplevel() on ptolemy.moml.MoMLSimpleApplication@70a6ca54
reloadAllAccessors: .arrayType5

===========================================================================================
----------------- testing Thu Mar 14 14:25:12 UTC 2019 /home/travis/build/icyphy/ptII/ptolemy/actor/lib/test/auto/arrayType6.xml
----------------- Instantiating /home/travis/build/icyphy/ptII/ptolemy/actor/lib/test/auto/arrayType6.xml
1 ms. Memory: 1783808K Free: 288347K (16%)
----------------- Invoking toplevel() on ptolemy.moml.MoMLSimpleApplication@75f7deb7
----------------- Done invoking toplevel() on ptolemy.moml.MoMLSimpleApplication@75f7deb7
reloadAllAccessors: .arrayType6

===========================================================================================
----------------- testing Thu Mar 14 14:25:12 UTC 2019 /home/travis/build/icyphy/ptII/ptolemy/actor/lib/test/auto/arrayType7.xml
----------------- Instantiating /home/travis/build/icyphy/ptII/ptolemy/actor/lib/test/auto/arrayType7.xml
2 ms. Memory: 1783808K Free: 277213K (16%)
----------------- Invoking toplevel() on ptolemy.moml.MoMLSimpleApplication@655690b6
----------------- Done invoking toplevel() on ptolemy.moml.MoMLSimpleApplication@655690b6
reloadAllAccessors: .arrayType7

===========================================================================================
----------------- testing Thu Mar 14 14:25:12 UTC 2019 /home/travis/build/icyphy/ptII/ptolemy/actor/lib/test/auto/arrayType8.xml
----------------- Instantiating /home/travis/build/icyphy/ptII/ptolemy/actor/lib/test/auto/arrayType8.xml
1 ms. Memory: 1783808K Free: 261504K (15%)
----------------- Invoking toplevel() on ptolemy.moml.MoMLSimpleApplication@3599709a
----------------- Done invoking toplevel() on ptolemy.moml.MoMLSimpleApplication@3599709a
reloadAllAccessors: .arrayType8

===========================================================================================
----------------- testing Thu Mar 14 14:25:12 UTC 2019 /home/travis/build/icyphy/ptII/ptolemy/actor/lib/test/auto/arrayType9.xml
----------------- Instantiating /home/travis/build/icyphy/ptII/ptolemy/actor/lib/test/auto/arrayType9.xml
1 ms. Memory: 1783808K Free: 250370K (14%)
----------------- Invoking toplevel() on ptolemy.moml.MoMLSimpleApplication@46d2bdc8
----------------- Done invoking toplevel() on ptolemy.moml.MoMLSimpleApplication@46d2bdc8
reloadAllAccessors: .arrayType9

===========================================================================================
----------------- testing Thu Mar 14 14:25:12 UTC 2019 /home/travis/build/icyphy/ptII/ptolemy/actor/lib/test/auto/cast.xml
----------------- Instantiating /home/travis/build/icyphy/ptII/ptolemy/actor/lib/test/auto/cast.xml
3 ms. Memory: 1783808K Free: 234661K (13%)
----------------- Invoking toplevel() on ptolemy.moml.MoMLSimpleApplication@4d86e7ea
----------------- Done invoking toplevel() on ptolemy.moml.MoMLSimpleApplication@4d86e7ea
reloadAllAccessors: .cast

===========================================================================================
----------------- testing Thu Mar 14 14:25:12 UTC 2019 /home/travis/build/icyphy/ptII/ptolemy/actor/lib/test/auto/compositeMultiPort.xml
----------------- Instantiating /home/travis/build/icyphy/ptII/ptolemy/actor/lib/test/auto/compositeMultiPort.xml
4 ms. Memory: 1783808K Free: 213377K (12%)
----------------- Invoking toplevel() on ptolemy.moml.MoMLSimpleApplication@79b5e195
----------------- Done invoking toplevel() on ptolemy.moml.MoMLSimpleApplication@79b5e195
reloadAllAccessors: .compositeMultiPort

===========================================================================================
----------------- testing Thu Mar 14 14:25:12 UTC 2019 /home/travis/build/icyphy/ptII/ptolemy/actor/lib/test/auto/expressionCastInference.xml
----------------- Instantiating /home/travis/build/icyphy/ptII/ptolemy/actor/lib/test/auto/expressionCastInference.xml
3 ms. Memory: 1783808K Free: 202243K (11%)
----------------- Invoking toplevel() on ptolemy.moml.MoMLSimpleApplication@b9b4cc6
----------------- Done invoking toplevel() on ptolemy.moml.MoMLSimpleApplication@b9b4cc6
reloadAllAccessors: .expressionCastInference

===========================================================================================
----------------- testing Thu Mar 14 14:25:12 UTC 2019 /home/travis/build/icyphy/ptII/ptolemy/actor/lib/test/auto/expressionCastInference2.xml
----------------- Instantiating /home/travis/build/icyphy/ptII/ptolemy/actor/lib/test/auto/expressionCastInference2.xml
2 ms. Memory: 1783808K Free: 186534K (10%)
----------------- Invoking toplevel() on ptolemy.moml.MoMLSimpleApplication@7b0ca92c
----------------- Done invoking toplevel() on ptolemy.moml.MoMLSimpleApplication@7b0ca92c
reloadAllAccessors: .expressionCastInference2

===========================================================================================
----------------- testing Thu Mar 14 14:25:12 UTC 2019 /home/travis/build/icyphy/ptII/ptolemy/actor/lib/test/auto/expressionInference.xml
----------------- Instantiating /home/travis/build/icyphy/ptII/ptolemy/actor/lib/test/auto/expressionInference.xml
2 ms. Memory: 1783808K Free: 175399K (10%)
----------------- Invoking toplevel() on ptolemy.moml.MoMLSimpleApplication@507b2361
----------------- Done invoking toplevel() on ptolemy.moml.MoMLSimpleApplication@507b2361
reloadAllAccessors: .expressionInference

===========================================================================================
----------------- testing Thu Mar 14 14:25:13 UTC 2019 /home/travis/build/icyphy/ptII/ptolemy/actor/lib/test/auto/expression_bug.xml
----------------- Instantiating /home/travis/build/icyphy/ptII/ptolemy/actor/lib/test/auto/expression_bug.xml
2 ms. Memory: 1783808K Free: 159690K (9%)
----------------- Invoking toplevel() on ptolemy.moml.MoMLSimpleApplication@36822474
----------------- Done invoking toplevel() on ptolemy.moml.MoMLSimpleApplication@36822474
reloadAllAccessors: .expression_bug

===========================================================================================
----------------- testing Thu Mar 14 14:25:13 UTC 2019 /home/travis/build/icyphy/ptII/ptolemy/actor/lib/test/auto/factorial.xml
----------------- Instantiating /home/travis/build/icyphy/ptII/ptolemy/actor/lib/test/auto/factorial.xml
26 ms. Memory: 1783808K Free: 148556K (8%)
----------------- Invoking toplevel() on ptolemy.moml.MoMLSimpleApplication@2ce2952c
----------------- Done invoking toplevel() on ptolemy.moml.MoMLSimpleApplication@2ce2952c
reloadAllAccessors: .factorial

===========================================================================================
----------------- testing Thu Mar 14 14:25:13 UTC 2019 /home/travis/build/icyphy/ptII/ptolemy/actor/lib/test/auto/filterTest1.xml
----------------- Instantiating /home/travis/build/icyphy/ptII/ptolemy/actor/lib/test/auto/filterTest1.xml
4 ms. Memory: 1783808K Free: 132847K (7%)
----------------- Invoking toplevel() on ptolemy.moml.MoMLSimpleApplication@2e600149
----------------- Done invoking toplevel() on ptolemy.moml.MoMLSimpleApplication@2e600149
reloadAllAccessors: .filterTest1

===========================================================================================
----------------- testing Thu Mar 14 14:25:13 UTC 2019 /home/travis/build/icyphy/ptII/ptolemy/actor/lib/test/auto/funcApplyInConst.xml
----------------- Instantiating /home/travis/build/icyphy/ptII/ptolemy/actor/lib/test/auto/funcApplyInConst.xml
2 ms. Memory: 1783808K Free: 117139K (7%)
----------------- Invoking toplevel() on ptolemy.moml.MoMLSimpleApplication@198d35dd
----------------- Done invoking toplevel() on ptolemy.moml.MoMLSimpleApplication@198d35dd
reloadAllAccessors: .funcApplyInConst

===========================================================================================
----------------- testing Thu Mar 14 14:25:13 UTC 2019 /home/travis/build/icyphy/ptII/ptolemy/actor/lib/test/auto/funcApplyInExpr.xml
----------------- Instantiating /home/travis/build/icyphy/ptII/ptolemy/actor/lib/test/auto/funcApplyInExpr.xml
2 ms. Memory: 1783808K Free: 106004K (6%)
----------------- Invoking toplevel() on ptolemy.moml.MoMLSimpleApplication@3e34bc3c
----------------- Done invoking toplevel() on ptolemy.moml.MoMLSimpleApplication@3e34bc3c
reloadAllAccessors: .funcApplyInExpr

===========================================================================================
----------------- testing Thu Mar 14 14:25:13 UTC 2019 /home/travis/build/icyphy/ptII/ptolemy/actor/lib/test/auto/function.xml
----------------- Instantiating /home/travis/build/icyphy/ptII/ptolemy/actor/lib/test/auto/function.xml
2 ms. Memory: 1783808K Free: 90295K (5%)
----------------- Invoking toplevel() on ptolemy.moml.MoMLSimpleApplication@2544f232
----------------- Done invoking toplevel() on ptolemy.moml.MoMLSimpleApplication@2544f232
reloadAllAccessors: .function

===========================================================================================
----------------- testing Thu Mar 14 14:25:13 UTC 2019 /home/travis/build/icyphy/ptII/ptolemy/actor/lib/test/auto/function2.xml
----------------- Instantiating /home/travis/build/icyphy/ptII/ptolemy/actor/lib/test/auto/function2.xml
2 ms. Memory: 1783808K Free: 79161K (4%)
----------------- Invoking toplevel() on ptolemy.moml.MoMLSimpleApplication@44834009
----------------- Done invoking toplevel() on ptolemy.moml.MoMLSimpleApplication@44834009
reloadAllAccessors: .function2

===========================================================================================
----------------- testing Thu Mar 14 14:25:13 UTC 2019 /home/travis/build/icyphy/ptII/ptolemy/actor/lib/test/auto/function3.xml
----------------- Instantiating /home/travis/build/icyphy/ptII/ptolemy/actor/lib/test/auto/function3.xml
5 ms. Memory: 1784832K Free: 1724266K (97%)
----------------- Invoking toplevel() on ptolemy.moml.MoMLSimpleApplication@5ace1730
----------------- Done invoking toplevel() on ptolemy.moml.MoMLSimpleApplication@5ace1730
reloadAllAccessors: .function3

===========================================================================================
----------------- testing Thu Mar 14 14:25:13 UTC 2019 /home/travis/build/icyphy/ptII/ptolemy/actor/lib/test/auto/functionClosureTest1.xml
----------------- Instantiating /home/travis/build/icyphy/ptII/ptolemy/actor/lib/test/auto/functionClosureTest1.xml
2 ms. Memory: 1784832K Free: 1705988K (96%)
----------------- Invoking toplevel() on ptolemy.moml.MoMLSimpleApplication@5c0bd727
----------------- Done invoking toplevel() on ptolemy.moml.MoMLSimpleApplication@5c0bd727
reloadAllAccessors: .functionClosureTest1

===========================================================================================
----------------- testing Thu Mar 14 14:25:13 UTC 2019 /home/travis/build/icyphy/ptII/ptolemy/actor/lib/test/auto/functionClosureTest2.xml
----------------- Instantiating /home/travis/build/icyphy/ptII/ptolemy/actor/lib/test/auto/functionClosureTest2.xml
1 ms. Memory: 1784832K Free: 1687710K (95%)
----------------- Invoking toplevel() on ptolemy.moml.MoMLSimpleApplication@51d13930
----------------- Done invoking toplevel() on ptolemy.moml.MoMLSimpleApplication@51d13930
reloadAllAccessors: .functionClosureTest2

===========================================================================================
----------------- testing Thu Mar 14 14:25:13 UTC 2019 /home/travis/build/icyphy/ptII/ptolemy/actor/lib/test/auto/functionClosureTest3.xml
----------------- Instantiating /home/travis/build/icyphy/ptII/ptolemy/actor/lib/test/auto/functionClosureTest3.xml
3 ms. Memory: 1784832K Free: 1674348K (94%)
----------------- Invoking toplevel() on ptolemy.moml.MoMLSimpleApplication@6058fa71
----------------- Done invoking toplevel() on ptolemy.moml.MoMLSimpleApplication@6058fa71
reloadAllAccessors: .functionClosureTest3

===========================================================================================
----------------- testing Thu Mar 14 14:25:13 UTC 2019 /home/travis/build/icyphy/ptII/ptolemy/actor/lib/test/auto/functionClosureTest4.xml
----------------- Instantiating /home/travis/build/icyphy/ptII/ptolemy/actor/lib/test/auto/functionClosureTest4.xml
4 ms. Memory: 1784832K Free: 1656070K (93%)
----------------- Invoking toplevel() on ptolemy.moml.MoMLSimpleApplication@2f0d6e3e
----------------- Done invoking toplevel() on ptolemy.moml.MoMLSimpleApplication@2f0d6e3e
reloadAllAccessors: .functionClosureTest4

===========================================================================================
----------------- testing Thu Mar 14 14:25:13 UTC 2019 /home/travis/build/icyphy/ptII/ptolemy/actor/lib/test/auto/functionClosureTest5.xml
----------------- Instantiating /home/travis/build/icyphy/ptII/ptolemy/actor/lib/test/auto/functionClosureTest5.xml
5 ms. Memory: 1784832K Free: 1642709K (92%)
----------------- Invoking toplevel() on ptolemy.moml.MoMLSimpleApplication@47d709e7
----------------- Done invoking toplevel() on ptolemy.moml.MoMLSimpleApplication@47d709e7
reloadAllAccessors: .functionClosureTest5

===========================================================================================
----------------- testing Thu Mar 14 14:25:13 UTC 2019 /home/travis/build/icyphy/ptII/ptolemy/actor/lib/test/auto/functionClosureTest6.xml
----------------- Instantiating /home/travis/build/icyphy/ptII/ptolemy/actor/lib/test/auto/functionClosureTest6.xml
2 ms. Memory: 1784832K Free: 1624431K (91%)
----------------- Invoking toplevel() on ptolemy.moml.MoMLSimpleApplication@6258c78f
----------------- Done invoking toplevel() on ptolemy.moml.MoMLSimpleApplication@6258c78f
reloadAllAccessors: .functionClosureTest6

===========================================================================================
----------------- testing Thu Mar 14 14:25:13 UTC 2019 /home/travis/build/icyphy/ptII/ptolemy/actor/lib/test/auto/functionsOnArcs.xml
----------------- Instantiating /home/travis/build/icyphy/ptII/ptolemy/actor/lib/test/auto/functionsOnArcs.xml
2 ms. Memory: 1784832K Free: 1611070K (90%)
----------------- Invoking toplevel() on ptolemy.moml.MoMLSimpleApplication@29983ea6
----------------- Done invoking toplevel() on ptolemy.moml.MoMLSimpleApplication@29983ea6
reloadAllAccessors: .functionsOnArcs

===========================================================================================
----------------- testing Thu Mar 14 14:25:13 UTC 2019 /home/travis/build/icyphy/ptII/ptolemy/actor/lib/test/auto/functionsOnArcsHOF.xml
----------------- Instantiating /home/travis/build/icyphy/ptII/ptolemy/actor/lib/test/auto/functionsOnArcsHOF.xml
3 ms. Memory: 1784832K Free: 1592792K (89%)
----------------- Invoking toplevel() on ptolemy.moml.MoMLSimpleApplication@55c98b07
----------------- Done invoking toplevel() on ptolemy.moml.MoMLSimpleApplication@55c98b07
reloadAllAccessors: .functionsOnArcsHOF

===========================================================================================
----------------- testing Thu Mar 14 14:25:13 UTC 2019 /home/travis/build/icyphy/ptII/ptolemy/actor/lib/test/auto/logic.xml
----------------- Instantiating /home/travis/build/icyphy/ptII/ptolemy/actor/lib/test/auto/logic.xml
2 ms. Memory: 1784832K Free: 1579431K (88%)
----------------- Invoking toplevel() on ptolemy.moml.MoMLSimpleApplication@69fb686b
----------------- Done invoking toplevel() on ptolemy.moml.MoMLSimpleApplication@69fb686b
reloadAllAccessors: .logic

===========================================================================================
----------------- testing Thu Mar 14 14:25:13 UTC 2019 /home/travis/build/icyphy/ptII/ptolemy/actor/lib/test/auto/matrixType.xml
----------------- Instantiating /home/travis/build/icyphy/ptII/ptolemy/actor/lib/test/auto/matrixType.xml
2 ms. Memory: 1784832K Free: 1561153K (87%)
----------------- Invoking toplevel() on ptolemy.moml.MoMLSimpleApplication@360820a5
----------------- Done invoking toplevel() on ptolemy.moml.MoMLSimpleApplication@360820a5
reloadAllAccessors: .matrixType

===========================================================================================
----------------- testing Thu Mar 14 14:25:13 UTC 2019 /home/travis/build/icyphy/ptII/ptolemy/actor/lib/test/auto/matrixType10.xml
----------------- Instantiating /home/travis/build/icyphy/ptII/ptolemy/actor/lib/test/auto/matrixType10.xml
2 ms. Memory: 1784832K Free: 1547792K (87%)
----------------- Invoking toplevel() on ptolemy.moml.MoMLSimpleApplication@2ac54fba
----------------- Done invoking toplevel() on ptolemy.moml.MoMLSimpleApplication@2ac54fba
reloadAllAccessors: .matrixType10

===========================================================================================
----------------- testing Thu Mar 14 14:25:13 UTC 2019 /home/travis/build/icyphy/ptII/ptolemy/actor/lib/test/auto/matrixType11.xml
----------------- Instantiating /home/travis/build/icyphy/ptII/ptolemy/actor/lib/test/auto/matrixType11.xml
1 ms. Memory: 1784832K Free: 1529514K (86%)
----------------- Invoking toplevel() on ptolemy.moml.MoMLSimpleApplication@4cf26ed8
----------------- Done invoking toplevel() on ptolemy.moml.MoMLSimpleApplication@4cf26ed8
reloadAllAccessors: .matrixType11

===========================================================================================
----------------- testing Thu Mar 14 14:25:13 UTC 2019 /home/travis/build/icyphy/ptII/ptolemy/actor/lib/test/auto/matrixType12.xml
----------------- Instantiating /home/travis/build/icyphy/ptII/ptolemy/actor/lib/test/auto/matrixType12.xml
1 ms. Memory: 1784832K Free: 1516152K (85%)
----------------- Invoking toplevel() on ptolemy.moml.MoMLSimpleApplication@6d2e156c
----------------- Done invoking toplevel() on ptolemy.moml.MoMLSimpleApplication@6d2e156c
reloadAllAccessors: .matrixType12

===========================================================================================
----------------- testing Thu Mar 14 14:25:13 UTC 2019 /home/travis/build/icyphy/ptII/ptolemy/actor/lib/test/auto/matrixType13.xml
----------------- Instantiating /home/travis/build/icyphy/ptII/ptolemy/actor/lib/test/auto/matrixType13.xml
1 ms. Memory: 1784832K Free: 1497875K (84%)
----------------- Invoking toplevel() on ptolemy.moml.MoMLSimpleApplication@299f501d
----------------- Done invoking toplevel() on ptolemy.moml.MoMLSimpleApplication@299f501d
reloadAllAccessors: .matrixType13

===========================================================================================
----------------- testing Thu Mar 14 14:25:13 UTC 2019 /home/travis/build/icyphy/ptII/ptolemy/actor/lib/test/auto/matrixType14.xml
----------------- Instantiating /home/travis/build/icyphy/ptII/ptolemy/actor/lib/test/auto/matrixType14.xml
1 ms. Memory: 1784832K Free: 1484513K (83%)
----------------- Invoking toplevel() on ptolemy.moml.MoMLSimpleApplication@3423d83
----------------- Done invoking toplevel() on ptolemy.moml.MoMLSimpleApplication@3423d83
reloadAllAccessors: .matrixType14

===========================================================================================
----------------- testing Thu Mar 14 14:25:13 UTC 2019 /home/travis/build/icyphy/ptII/ptolemy/actor/lib/test/auto/matrixType2.xml
----------------- Instantiating /home/travis/build/icyphy/ptII/ptolemy/actor/lib/test/auto/matrixType2.xml
2 ms. Memory: 1784832K Free: 1466235K (82%)
----------------- Invoking toplevel() on ptolemy.moml.MoMLSimpleApplication@53e47d05
----------------- Done invoking toplevel() on ptolemy.moml.MoMLSimpleApplication@53e47d05
reloadAllAccessors: .matrixType2

===========================================================================================
----------------- testing Thu Mar 14 14:25:13 UTC 2019 /home/travis/build/icyphy/ptII/ptolemy/actor/lib/test/auto/matrixType3.xml
----------------- Instantiating /home/travis/build/icyphy/ptII/ptolemy/actor/lib/test/auto/matrixType3.xml
4 ms. Memory: 1784832K Free: 1447957K (81%)
----------------- Invoking toplevel() on ptolemy.moml.MoMLSimpleApplication@fd930d8
----------------- Done invoking toplevel() on ptolemy.moml.MoMLSimpleApplication@fd930d8
reloadAllAccessors: .matrixType3

===========================================================================================
----------------- testing Thu Mar 14 14:25:13 UTC 2019 /home/travis/build/icyphy/ptII/ptolemy/actor/lib/test/auto/matrixType4.xml
----------------- Instantiating /home/travis/build/icyphy/ptII/ptolemy/actor/lib/test/auto/matrixType4.xml
2 ms. Memory: 1784832K Free: 1434596K (80%)
----------------- Invoking toplevel() on ptolemy.moml.MoMLSimpleApplication@4b2f4e4c
----------------- Done invoking toplevel() on ptolemy.moml.MoMLSimpleApplication@4b2f4e4c
reloadAllAccessors: .matrixType4

===========================================================================================
----------------- testing Thu Mar 14 14:25:13 UTC 2019 /home/travis/build/icyphy/ptII/ptolemy/actor/lib/test/auto/matrixType5.xml
----------------- Instantiating /home/travis/build/icyphy/ptII/ptolemy/actor/lib/test/auto/matrixType5.xml
1 ms. Memory: 1784832K Free: 1416318K (79%)
----------------- Invoking toplevel() on ptolemy.moml.MoMLSimpleApplication@55466319
----------------- Done invoking toplevel() on ptolemy.moml.MoMLSimpleApplication@55466319
reloadAllAccessors: .matrixType5

===========================================================================================
----------------- testing Thu Mar 14 14:25:13 UTC 2019 /home/travis/build/icyphy/ptII/ptolemy/actor/lib/test/auto/matrixType6.xml
----------------- Instantiating /home/travis/build/icyphy/ptII/ptolemy/actor/lib/test/auto/matrixType6.xml
1 ms. Memory: 1784832K Free: 1402957K (79%)
----------------- Invoking toplevel() on ptolemy.moml.MoMLSimpleApplication@3dbb7642
----------------- Done invoking toplevel() on ptolemy.moml.MoMLSimpleApplication@3dbb7642
reloadAllAccessors: .matrixType6

===========================================================================================
----------------- testing Thu Mar 14 14:25:13 UTC 2019 /home/travis/build/icyphy/ptII/ptolemy/actor/lib/test/auto/matrixType7.xml
----------------- Instantiating /home/travis/build/icyphy/ptII/ptolemy/actor/lib/test/auto/matrixType7.xml
1 ms. Memory: 1784832K Free: 1384679K (78%)
----------------- Invoking toplevel() on ptolemy.moml.MoMLSimpleApplication@5bef27
----------------- Done invoking toplevel() on ptolemy.moml.MoMLSimpleApplication@5bef27
reloadAllAccessors: .matrixType7

===========================================================================================
----------------- testing Thu Mar 14 14:25:13 UTC 2019 /home/travis/build/icyphy/ptII/ptolemy/actor/lib/test/auto/matrixType8.xml
----------------- Instantiating /home/travis/build/icyphy/ptII/ptolemy/actor/lib/test/auto/matrixType8.xml
2 ms. Memory: 1784832K Free: 1371318K (77%)
----------------- Invoking toplevel() on ptolemy.moml.MoMLSimpleApplication@16b3a907
----------------- Done invoking toplevel() on ptolemy.moml.MoMLSimpleApplication@16b3a907
reloadAllAccessors: .matrixType8

===========================================================================================
----------------- testing Thu Mar 14 14:25:13 UTC 2019 /home/travis/build/icyphy/ptII/ptolemy/actor/lib/test/auto/matrixType9.xml
----------------- Instantiating /home/travis/build/icyphy/ptII/ptolemy/actor/lib/test/auto/matrixType9.xml
1 ms. Memory: 1784832K Free: 1353040K (76%)
----------------- Invoking toplevel() on ptolemy.moml.MoMLSimpleApplication@5232f33
----------------- Done invoking toplevel() on ptolemy.moml.MoMLSimpleApplication@5232f33
reloadAllAccessors: .matrixType9

===========================================================================================
----------------- testing Thu Mar 14 14:25:13 UTC 2019 /home/travis/build/icyphy/ptII/ptolemy/actor/lib/test/auto/paraFunctest.xml
----------------- Instantiating /home/travis/build/icyphy/ptII/ptolemy/actor/lib/test/auto/paraFunctest.xml
1 ms. Memory: 1784832K Free: 1339679K (75%)
----------------- Invoking toplevel() on ptolemy.moml.MoMLSimpleApplication@22bbefa4
----------------- Done invoking toplevel() on ptolemy.moml.MoMLSimpleApplication@22bbefa4
reloadAllAccessors: .paraFunctest

===========================================================================================
----------------- testing Thu Mar 14 14:25:13 UTC 2019 /home/travis/build/icyphy/ptII/ptolemy/actor/lib/test/auto/paraFunctest2.xml
----------------- Instantiating /home/travis/build/icyphy/ptII/ptolemy/actor/lib/test/auto/paraFunctest2.xml
1 ms. Memory: 1784832K Free: 1321401K (74%)
----------------- Invoking toplevel() on ptolemy.moml.MoMLSimpleApplication@fb192d7
----------------- Done invoking toplevel() on ptolemy.moml.MoMLSimpleApplication@fb192d7
reloadAllAccessors: .paraFunctest2

===========================================================================================
----------------- testing Thu Mar 14 14:25:13 UTC 2019 /home/travis/build/icyphy/ptII/ptolemy/actor/lib/test/auto/parameterPassing.xml
----------------- Instantiating /home/travis/build/icyphy/ptII/ptolemy/actor/lib/test/auto/parameterPassing.xml
1 ms. Memory: 1784832K Free: 1308040K (73%)
----------------- Invoking toplevel() on ptolemy.moml.MoMLSimpleApplication@10c1d9af
----------------- Done invoking toplevel() on ptolemy.moml.MoMLSimpleApplication@10c1d9af
reloadAllAccessors: .parameterPassing

===========================================================================================
----------------- testing Thu Mar 14 14:25:13 UTC 2019 /home/travis/build/icyphy/ptII/ptolemy/actor/lib/test/auto/record.xml
----------------- Instantiating /home/travis/build/icyphy/ptII/ptolemy/actor/lib/test/auto/record.xml
1 ms. Memory: 1784832K Free: 1289762K (72%)
----------------- Invoking toplevel() on ptolemy.moml.MoMLSimpleApplication@180d5c90
----------------- Done invoking toplevel() on ptolemy.moml.MoMLSimpleApplication@180d5c90
reloadAllAccessors: .record

===========================================================================================
----------------- testing Thu Mar 14 14:25:13 UTC 2019 /home/travis/build/icyphy/ptII/ptolemy/actor/lib/test/auto/sizedarray1.xml
----------------- Instantiating /home/travis/build/icyphy/ptII/ptolemy/actor/lib/test/auto/sizedarray1.xml
2 ms. Memory: 1784832K Free: 1276400K (72%)
----------------- Invoking toplevel() on ptolemy.moml.MoMLSimpleApplication@70d1d1fc
----------------- Done invoking toplevel() on ptolemy.moml.MoMLSimpleApplication@70d1d1fc
reloadAllAccessors: .sizedarray1

===========================================================================================
----------------- testing Thu Mar 14 14:25:13 UTC 2019 /home/travis/build/icyphy/ptII/ptolemy/actor/lib/test/auto/sizedarray2.xml
----------------- Instantiating /home/travis/build/icyphy/ptII/ptolemy/actor/lib/test/auto/sizedarray2.xml
1 ms. Memory: 1784832K Free: 1258122K (70%)
----------------- Invoking toplevel() on ptolemy.moml.MoMLSimpleApplication@597be632
----------------- Done invoking toplevel() on ptolemy.moml.MoMLSimpleApplication@597be632
reloadAllAccessors: .sizedarray2

===========================================================================================
----------------- testing Thu Mar 14 14:25:13 UTC 2019 /home/travis/build/icyphy/ptII/ptolemy/actor/lib/test/auto/twoPublishers.xml
----------------- Instantiating /home/travis/build/icyphy/ptII/ptolemy/actor/lib/test/auto/twoPublishers.xml
3 ms. Memory: 1784832K Free: 1238080K (69%)
----------------- Invoking toplevel() on ptolemy.moml.MoMLSimpleApplication@4702a31
----------------- Done invoking toplevel() on ptolemy.moml.MoMLSimpleApplication@4702a31
reloadAllAccessors: .twoPublishers
AutoTests.java: About to close Vertx.
AutoTests.java: Vertx closed.
]]></system-out>
  <system-err><![CDATA[java.lang.RuntimeException: Execution failed
	at ptolemy.moml.MoMLSimpleApplication$UnloadThread.run(MoMLSimpleApplication.java:402)
Caused by: java.lang.RuntimeException: StringUtilities.exit() was called. Normally, we would exit here because Manager.exitAfterWrapup() was called.  However, because the ptolemy.ptII.exitAfterWrapup property is set, we throw this exception instead.
	at ptolemy.util.StringUtilities.exit(StringUtilities.java:363)
	at ptolemy.actor.Manager.wrapup(Manager.java:1531)
	at ptolemy.actor.Manager.execute(Manager.java:407)
	at ptolemy.actor.Manager.run(Manager.java:1263)
	at ptolemy.actor.Manager$PtolemyRunThread.run(Manager.java:1915)
Warning: '.top.test' is in training mode, set the trainingMode parameter to false before checking in
Warning: '.top.test' is in training mode, set the trainingMode parameter to false before checking in
Warning: '.top.test' is in training mode, set the trainingMode parameter to false before checking in
Warning: '.BooleanSwitch_RegressionTest_WrongTrainingValues.Test' is in training mode, set the trainingMode parameter to false before checking in
Warning: '.BooleanSwitch_RegressionTest_WrongTrainingValues.Test2' is in training mode, set the trainingMode parameter to false before checking in
Warning: '.BooleanSwitch_RegressionTest_WrongTrainingValues.Test2' The test produced 0 tokens.
Warning: '.top.testExceptionHandler' is in training mode, set the trainingMode parameter to false before checking in
java.lang.RuntimeException: Execution failed
	at ptolemy.moml.MoMLSimpleApplication$UnloadThread.run(MoMLSimpleApplication.java:402)
Caused by: ptolemy.kernel.util.IllegalActionException: PublisherPorts cannot be used at the top level, use a Publisher actor instead.
  in .PublisherPortToplevelSubscriber.PublisherPort
	at ptolemy.actor.PublisherPort.preinitialize(PublisherPort.java:403)
	at ptolemy.actor.CompositeActor.preinitialize(CompositeActor.java:1769)
	at ptolemy.actor.Manager.preinitializeAndResolveTypes(Manager.java:1040)
	at ptolemy.actor.Manager.initialize(Manager.java:710)
	at ptolemy.actor.Manager.execute(Manager.java:356)
	at ptolemy.actor.Manager.run(Manager.java:1263)
	at ptolemy.actor.Manager$PtolemyRunThread.run(Manager.java:1915)
java.lang.reflect.InvocationTargetException
	at sun.reflect.NativeConstructorAccessorImpl.newInstance0(Native Method)
	at sun.reflect.NativeConstructorAccessorImpl.newInstance(NativeConstructorAccessorImpl.java:62)
	at sun.reflect.DelegatingConstructorAccessorImpl.newInstance(DelegatingConstructorAccessorImpl.java:45)
	at java.lang.reflect.Constructor.newInstance(Constructor.java:423)
	at ptolemy.util.test.junit.AutoKnownFailedTests.RunModel(AutoKnownFailedTests.java:105)
	at sun.reflect.NativeMethodAccessorImpl.invoke0(Native Method)
	at sun.reflect.NativeMethodAccessorImpl.invoke(NativeMethodAccessorImpl.java:62)
	at sun.reflect.DelegatingMethodAccessorImpl.invoke(DelegatingMethodAccessorImpl.java:43)
	at java.lang.reflect.Method.invoke(Method.java:498)
	at org.junit.runners.model.FrameworkMethod$1.runReflectiveCall(FrameworkMethod.java:44)
	at org.junit.internal.runners.model.ReflectiveCallable.run(ReflectiveCallable.java:15)
	at org.junit.runners.model.FrameworkMethod.invokeExplosively(FrameworkMethod.java:41)
	at junitparams.internal.InvokeParameterisedMethod.evaluate(InvokeParameterisedMethod.java:102)
	at org.junit.internal.runners.statements.FailOnTimeout$1.run(FailOnTimeout.java:28)
Caused by: ptolemy.kernel.util.IllegalActionException: PublisherPorts cannot be used at the top level, use a Publisher actor instead.
  in .PublisherPortToplevelSubscriber.PublisherPort
	at ptolemy.actor.PublisherPort.preinitialize(PublisherPort.java:403)
	at ptolemy.actor.CompositeActor.preinitialize(CompositeActor.java:1769)
	at ptolemy.actor.Manager.preinitializeAndResolveTypes(Manager.java:1040)
	at ptolemy.actor.Manager.initialize(Manager.java:710)
	at ptolemy.actor.Manager.execute(Manager.java:356)
	at ptolemy.actor.Manager.run(Manager.java:1263)
	at ptolemy.actor.Manager$PtolemyRunThread.run(Manager.java:1915)
java.lang.RuntimeException: Execution failed
	at ptolemy.moml.MoMLSimpleApplication$UnloadThread.run(MoMLSimpleApplication.java:402)
Caused by: ptolemy.kernel.util.IllegalActionException: SubscriberPorts cannot be used at the top level, use a Subscriber actor instead.
  in .PublisherSubscriberPortToplevel.SubscriberPort
	at ptolemy.actor.SubscriberPort.preinitialize(SubscriberPort.java:328)
	at ptolemy.actor.CompositeActor.preinitialize(CompositeActor.java:1769)
	at ptolemy.actor.Manager.preinitializeAndResolveTypes(Manager.java:1040)
	at ptolemy.actor.Manager.initialize(Manager.java:710)
	at ptolemy.actor.Manager.execute(Manager.java:356)
	at ptolemy.actor.Manager.run(Manager.java:1263)
	at ptolemy.actor.Manager$PtolemyRunThread.run(Manager.java:1915)
java.lang.reflect.InvocationTargetException
	at sun.reflect.NativeConstructorAccessorImpl.newInstance0(Native Method)
	at sun.reflect.NativeConstructorAccessorImpl.newInstance(NativeConstructorAccessorImpl.java:62)
	at sun.reflect.DelegatingConstructorAccessorImpl.newInstance(DelegatingConstructorAccessorImpl.java:45)
	at java.lang.reflect.Constructor.newInstance(Constructor.java:423)
	at ptolemy.util.test.junit.AutoKnownFailedTests.RunModel(AutoKnownFailedTests.java:105)
	at sun.reflect.NativeMethodAccessorImpl.invoke0(Native Method)
	at sun.reflect.NativeMethodAccessorImpl.invoke(NativeMethodAccessorImpl.java:62)
	at sun.reflect.DelegatingMethodAccessorImpl.invoke(DelegatingMethodAccessorImpl.java:43)
	at java.lang.reflect.Method.invoke(Method.java:498)
	at org.junit.runners.model.FrameworkMethod$1.runReflectiveCall(FrameworkMethod.java:44)
	at org.junit.internal.runners.model.ReflectiveCallable.run(ReflectiveCallable.java:15)
	at org.junit.runners.model.FrameworkMethod.invokeExplosively(FrameworkMethod.java:41)
	at junitparams.internal.InvokeParameterisedMethod.evaluate(InvokeParameterisedMethod.java:102)
	at org.junit.internal.runners.statements.FailOnTimeout$1.run(FailOnTimeout.java:28)
Caused by: ptolemy.kernel.util.IllegalActionException: SubscriberPorts cannot be used at the top level, use a Subscriber actor instead.
  in .PublisherSubscriberPortToplevel.SubscriberPort
	at ptolemy.actor.SubscriberPort.preinitialize(SubscriberPort.java:328)
	at ptolemy.actor.CompositeActor.preinitialize(CompositeActor.java:1769)
	at ptolemy.actor.Manager.preinitializeAndResolveTypes(Manager.java:1040)
	at ptolemy.actor.Manager.initialize(Manager.java:710)
	at ptolemy.actor.Manager.execute(Manager.java:356)
	at ptolemy.actor.Manager.run(Manager.java:1263)
	at ptolemy.actor.Manager$PtolemyRunThread.run(Manager.java:1915)
java.lang.RuntimeException: Execution failed
	at ptolemy.moml.MoMLSimpleApplication$UnloadThread.run(MoMLSimpleApplication.java:402)
Caused by: ptolemy.kernel.util.IllegalActionException: SubscriptionAggregatorPorts cannot be used at the top level, use a SubscriptionAggregator actor instead.
  in .PublisherSubscriptionAggregatorPort.SubscriptionAggregatorPort
	at ptolemy.actor.SubscriptionAggregatorPort.preinitialize(SubscriptionAggregatorPort.java:353)
	at ptolemy.actor.CompositeActor.preinitialize(CompositeActor.java:1769)
	at ptolemy.actor.Manager.preinitializeAndResolveTypes(Manager.java:1040)
	at ptolemy.actor.Manager.initialize(Manager.java:710)
	at ptolemy.actor.Manager.execute(Manager.java:356)
	at ptolemy.actor.Manager.run(Manager.java:1263)
	at ptolemy.actor.Manager$PtolemyRunThread.run(Manager.java:1915)
java.lang.reflect.InvocationTargetException
	at sun.reflect.NativeConstructorAccessorImpl.newInstance0(Native Method)
	at sun.reflect.NativeConstructorAccessorImpl.newInstance(NativeConstructorAccessorImpl.java:62)
	at sun.reflect.DelegatingConstructorAccessorImpl.newInstance(DelegatingConstructorAccessorImpl.java:45)
	at java.lang.reflect.Constructor.newInstance(Constructor.java:423)
	at ptolemy.util.test.junit.AutoKnownFailedTests.RunModel(AutoKnownFailedTests.java:105)
	at sun.reflect.NativeMethodAccessorImpl.invoke0(Native Method)
	at sun.reflect.NativeMethodAccessorImpl.invoke(NativeMethodAccessorImpl.java:62)
	at sun.reflect.DelegatingMethodAccessorImpl.invoke(DelegatingMethodAccessorImpl.java:43)
	at java.lang.reflect.Method.invoke(Method.java:498)
	at org.junit.runners.model.FrameworkMethod$1.runReflectiveCall(FrameworkMethod.java:44)
	at org.junit.internal.runners.model.ReflectiveCallable.run(ReflectiveCallable.java:15)
	at org.junit.runners.model.FrameworkMethod.invokeExplosively(FrameworkMethod.java:41)
	at junitparams.internal.InvokeParameterisedMethod.evaluate(InvokeParameterisedMethod.java:102)
	at org.junit.internal.runners.statements.FailOnTimeout$1.run(FailOnTimeout.java:28)
Caused by: ptolemy.kernel.util.IllegalActionException: SubscriptionAggregatorPorts cannot be used at the top level, use a SubscriptionAggregator actor instead.
  in .PublisherSubscriptionAggregatorPort.SubscriptionAggregatorPort
	at ptolemy.actor.SubscriptionAggregatorPort.preinitialize(SubscriptionAggregatorPort.java:353)
	at ptolemy.actor.CompositeActor.preinitialize(CompositeActor.java:1769)
	at ptolemy.actor.Manager.preinitializeAndResolveTypes(Manager.java:1040)
	at ptolemy.actor.Manager.initialize(Manager.java:710)
	at ptolemy.actor.Manager.execute(Manager.java:356)
	at ptolemy.actor.Manager.run(Manager.java:1263)
	at ptolemy.actor.Manager$PtolemyRunThread.run(Manager.java:1915)
java.lang.RuntimeException: Execution failed
	at ptolemy.moml.MoMLSimpleApplication$UnloadThread.run(MoMLSimpleApplication.java:402)
Caused by: ptolemy.kernel.util.IllegalActionException: TypeTest actor has no training data.
  in .sizedarray3.TypeTest
	at ptolemy.actor.lib.TypeTest.initialize(TypeTest.java:250)
	at ptolemy.actor.Director.initialize(Director.java:938)
	at ptolemy.actor.Director.initialize(Director.java:907)
	at ptolemy.actor.sched.StaticSchedulingDirector.initialize(StaticSchedulingDirector.java:159)
	at ptolemy.domains.sdf.kernel.SDFDirector.initialize(SDFDirector.java:544)
	at ptolemy.actor.CompositeActor.initialize(CompositeActor.java:935)
	at ptolemy.actor.Manager.initialize(Manager.java:724)
	at ptolemy.actor.Manager.execute(Manager.java:356)
	at ptolemy.actor.Manager.run(Manager.java:1263)
	at ptolemy.actor.Manager$PtolemyRunThread.run(Manager.java:1915)
java.lang.reflect.InvocationTargetException
	at sun.reflect.NativeConstructorAccessorImpl.newInstance0(Native Method)
	at sun.reflect.NativeConstructorAccessorImpl.newInstance(NativeConstructorAccessorImpl.java:62)
	at sun.reflect.DelegatingConstructorAccessorImpl.newInstance(DelegatingConstructorAccessorImpl.java:45)
	at java.lang.reflect.Constructor.newInstance(Constructor.java:423)
	at ptolemy.util.test.junit.AutoKnownFailedTests.RunModel(AutoKnownFailedTests.java:105)
	at sun.reflect.NativeMethodAccessorImpl.invoke0(Native Method)
	at sun.reflect.NativeMethodAccessorImpl.invoke(NativeMethodAccessorImpl.java:62)
	at sun.reflect.DelegatingMethodAccessorImpl.invoke(DelegatingMethodAccessorImpl.java:43)
	at java.lang.reflect.Method.invoke(Method.java:498)
	at org.junit.runners.model.FrameworkMethod$1.runReflectiveCall(FrameworkMethod.java:44)
	at org.junit.internal.runners.model.ReflectiveCallable.run(ReflectiveCallable.java:15)
	at org.junit.runners.model.FrameworkMethod.invokeExplosively(FrameworkMethod.java:41)
	at junitparams.internal.InvokeParameterisedMethod.evaluate(InvokeParameterisedMethod.java:102)
	at org.junit.internal.runners.statements.FailOnTimeout$1.run(FailOnTimeout.java:28)
Caused by: ptolemy.kernel.util.IllegalActionException: TypeTest actor has no training data.
  in .sizedarray3.TypeTest
	at ptolemy.actor.lib.TypeTest.initialize(TypeTest.java:250)
	at ptolemy.actor.Director.initialize(Director.java:938)
	at ptolemy.actor.Director.initialize(Director.java:907)
	at ptolemy.actor.sched.StaticSchedulingDirector.initialize(StaticSchedulingDirector.java:159)
	at ptolemy.domains.sdf.kernel.SDFDirector.initialize(SDFDirector.java:544)
	at ptolemy.actor.CompositeActor.initialize(CompositeActor.java:935)
	at ptolemy.actor.Manager.initialize(Manager.java:724)
	at ptolemy.actor.Manager.execute(Manager.java:356)
	at ptolemy.actor.Manager.run(Manager.java:1263)
	at ptolemy.actor.Manager$PtolemyRunThread.run(Manager.java:1915)
]]></system-err>
</testsuite>
