<?xml version="1.0" encoding="UTF-8" ?>
<testsuite errors="0" failures="0" hostname="travis-job-9f024158-42e8-4270-b288-7fce0ed6527a" name="ptolemy.domains.de.test.junit.JUnitTclTest" skipped="0" tests="101" time="120.66" timestamp="2020-01-03T07:20:29">
  <properties>
    <property name="npm.executable" value="npm" />
    <property name="env.TRAVIS_ROOT" value="/" />
    <property name="ptII.mk.exists" value="true" />
    <property name="env.TRAVIS_APP_HOST" value="build.travis-ci.org" />
    <property name="env.rvm_bin_path" value="/home/travis/.rvm/bin" />
    <property name="java.home" value="/usr/local/lib/jvm/openjdk11" />
    <property name="env.TRAVIS_JOB_NUMBER" value="1453.9" />
    <property name="env.TRAVIS_HOME" value="/home/travis" />
    <property name="env.DISPLAY" value=":99.0" />
    <property name="env.TRAVIS_INIT" value="systemd" />
    <property name="env.SSH_TTY" value="/dev/pts/0" />
    <property name="java.net.preferIPv4Stack" value="true" />
    <property name="env.RUN_TESTS" value="true" />
    <property name="timeout.short" value="1000000" />
    <property name="junit.formatter" value="xml" />
    <property name="env.TRAVIS_SUDO" value="true" />
    <property name="env.TRAVIS_JOB_NAME" value="" />
    <property name="env.TRAVIS_STACK_NODE_ATTRIBUTES" value="/.node-attributes.yml" />
    <property name="env.LOGNAME" value="travis" />
    <property name="jsdoc.home" value="node_modules/@terraswarm/jsdoc" />
    <property name="debuglevel" value="source,lines,vars" />
    <property name="checkstyle.formatter" value="xml" />
    <property name="env._system_version" value="16.04" />
    <property name="bin.vergil.makeable" value="true" />
    <property name="sun.os.patch.level" value="unknown" />
    <property name="java.vendor.url" value="http://java.oracle.com/" />
    <property name="env.TRAVIS_BUILD_WEB_URL" value="https://travis-ci.org/icyphy/ptII/builds/632168645" />
    <property name="java.version" value="11.0.2" />
    <property name="env.TZ" value="UTC" />
    <property name="env.TRAVIS_PULL_REQUEST_SHA" value="" />
    <property name="env.PT_NO_NET" value="true" />
    <property name="env.TRAVIS_SECURE_ENV_VARS" value="true" />
    <property name="env._system_type" value="Linux" />
    <property name="java.vendor.url.bug" value="http://bugreport.java.com/bugreport/" />
    <property name="npmjs-org-is-up" value="true" />
    <property name="env.LANGUAGE" value="en_US.UTF-8" />
    <property name="env.SSH_CLIENT" value="10.52.2.77 39658 22" />
    <property name="env.GEM_HOME" value="/home/travis/.rvm/gems/ruby-2.5.3" />
    <property name="env.HAS_ANTARES_THREE_LITTLE_FRONZIES_BADGE" value="true" />
    <property name="java.version.date" value="2019-01-15" />
    <property name="env.PS4" value="+" />
    <property name="ant.project.invoked-targets" value="build,test.core2.xml" />
    <property name="env.TRAVIS_PULL_REQUEST_BRANCH" value="" />
    <property name="env.TRAVIS_REPO_SLUG" value="icyphy/ptII" />
    <property name="env.XDG_DATA_DIRS" value="/usr/local/share:/usr/share:/var/lib/snapd/desktop" />
    <property name="jdk.debug" value="release" />
    <property name="env.TRAVIS_APT_PROXY" value="http://build-cache.travisci.net" />
    <property name="env.TRAVIS_CPU_ARCH" value="amd64" />
    <property name="node.in.path" value="true" />
    <property name="user.name" value="travis" />
    <property name="java.maxmemory" value="1400m" />
    <property name="env.RUBY_VERSION" value="ruby-2.5.3" />
    <property name="env.LANG" value="en_US.UTF-8" />
    <property name="sun.io.unicode.encoding" value="UnicodeLittle" />
    <property name="sun.jnu.encoding" value="UTF-8" />
    <property name="java.runtime.name" value="OpenJDK Runtime Environment" />
    <property name="usefile" value="false" />
    <property name="return.code" value="0" />
    <property name="junit.single.formatter" value="plain" />
    <property name="env.DYLD_LIBRARY_PATH" value="/home/travis/pthla/certi-tools/lib:" />
    <property name="env.DEBIAN_FRONTEND" value="noninteractive" />
    <property name="env.SSH_CONNECTION" value="10.52.2.77 39658 10.20.0.160 22" />
    <property name="env.MYSQL_UNIX_PORT" value="/var/run/mysqld/mysqld.sock" />
    <property name="env.LC_ALL" value="en_US.UTF-8" />
    <property name="env.TRAVIS_ALLOW_FAILURE" value="false" />
    <property name="env.TRAVIS_JOB_WEB_URL" value="https://travis-ci.org/icyphy/ptII/jobs/632168658" />
    <property name="java.specification.name" value="Java Platform API Specification" />
    <property name="node.works" value="true" />
    <property name="user.timezone" value="" />
    <property name="path.separator" value=":" />
    <property name="env.TRAVIS_ENABLE_INFRA_DETECTION" value="true" />
    <property name="env.PYTHON_CFLAGS" value="-g -fstack-protector --param=ssp-buffer-size=4 -Wformat -Werror=format-security" />
    <property name="timeout.long" value="4000000" />
    <property name="env.CERTI_HOME" value="/home/travis/pthla/certi-tools" />
    <property name="ant.file.ptII" value="/home/travis/build/icyphy/ptII/build.xml" />
    <property name="javadoc.packagenames" value="com.*,diva.*,lbnl.*,org.hlacerti.*,org.json.*,org.ptolemy.*,org.terraswarm.*,ptolemy.*,ptserver.*" />
    <property name="file.encoding" value="UTF-8" />
    <property name="env.TRAVIS_PULL_REQUEST_SLUG" value="" />
    <property name="ant.project.default-target" value="build" />
    <property name="env.GIT_ASKPASS" value="echo" />
    <property name="env.HOME" value="/home/travis" />
    <property name="sun.java.command" value="org.apache.tools.ant.taskdefs.optional.junit.JUnitTestRunner ptolemy.domains.de.test.junit.JUnitTclTest skipNonTests=false filtertrace=true haltOnError=false haltOnFailure=false formatter=org.apache.tools.ant.taskdefs.optional.junit.OutErrSummaryJUnitResultFormatter showoutput=true outputtoformatters=true logfailedtests=true threadid=0 logtestlistenerevents=false formatter=org.apache.tools.ant.taskdefs.optional.junit.XMLJUnitResultFormatter,/home/travis/build/icyphy/ptII/reports/junit/TEST-ptolemy.domains.de.test.junit.JUnitTclTest.xml crashfile=/home/travis/build/icyphy/ptII/junitvmwatcher13717660896698820306.properties propsfile=/home/travis/build/icyphy/ptII/junit13063229068146937822.properties" />
    <property name="env.COMPOSER_NO_INTERACTION" value="1" />
    <property name="env.MANPATH" value="/home/travis/.nvm/versions/node/v7.10.1/share/man:/home/travis/.rvm/rubies/ruby-2.5.3/share/man:/usr/local/cmake-3.12.4/man:/usr/local/clang-7.0.0/share/man:/usr/local/man:/usr/local/share/man:/usr/share/man:/home/travis/.rvm/man" />
    <property name="env.TRAVIS_TIMER_ID" value="22e41550" />
    <property name="ant.file" value="/home/travis/build/icyphy/ptII/build.xml" />
    <property name="env.TRAVIS_COMMIT_RANGE" value="0619398bc9405e520a52f9d30e925162cd662256...890f7d9fe666e9a42bb4871dc1f4ff818d808b09" />
    <property name="env._system_name" value="Ubuntu" />
    <property name="ptII.classpath.optional.property" value="/home/travis/build/icyphy/ptII/lib/bsh-2.0b4.jar:/home/travis/build/icyphy/ptII/lib/ptCal.jar:/home/travis/build/icyphy/ptII/lib/java_cup.jar:/home/travis/build/icyphy/ptII/lib/saxon8.jar:/home/travis/build/icyphy/ptII/lib/saxon8-dom.jar:/home/travis/build/icyphy/ptII/lib/chic.jar:/home/travis/build/icyphy/ptII/lib/ptcolt.jar:/home/travis/build/icyphy/ptII/vendors/misc/itext/iText.jar:/home/travis/build/icyphy/ptII/lib/g4ltl.jar:/home/travis/build/icyphy/ptII/lib/StructuralCoder.jar:/home/travis/build/icyphy/ptII/lib/jcerti.jar:/home/travis/build/icyphy/ptII/lib/javax.mail.jar:/home/travis/build/icyphy/ptII/vendors/JMF-2.1.1e/lib/jmf.jar:/home/travis/build/icyphy/ptII/lib/jna-4.0.0-variadic.jar:/home/travis/build/icyphy/ptII/vendors/misc/joystick/Joystick.jar:/home/travis/build/icyphy/ptII/lib/ptjacl.jar:/home/travis/build/icyphy/ptII/lib/jsoup-1.8.2.jar:/home/travis/build/icyphy/ptII/lib/junit-4.8.2.jar:/home/travis/build/icyphy/ptII/lib/JUnitParams-0.4.0.jar:/home/travis/build/icyphy/ptII/ptolemy/actor/lib/excel/jxl.jar:/home/travis/build/icyphy/ptII/lib/jython.jar:/home/travis/build/icyphy/ptII/lib/kieler.jar:/home/travis/build/icyphy/ptII/vendors/opencv/share/OpenCV/java/opencv-341.jar:/home/travis/build/icyphy/ptII/lib/oscP5.jar:/home/travis/build/icyphy/ptII/lib/nrjavaserial-3.11.0.devel.jar:/home/travis/build/icyphy/ptII/vendors/j3d/lib/Linux/j3dcore.jar:/home/travis/build/icyphy/ptII/vendors/j3d/lib/Linux/j3dutils.jar:/home/travis/build/icyphy/ptII/vendors/j3d/lib/Linux/vecmath.jar:/home/travis/build/icyphy/ptII/vendors/jogl/lib/Linux/gluegen-rt-natives-linux-amd64.jar:/home/travis/build/icyphy/ptII/vendors/jogl/lib/Linux/gluegen-rt.jar:/home/travis/build/icyphy/ptII/vendors/jogl/lib/Linux/jogl-all-natives-linux-amd64.jar:/home/travis/build/icyphy/ptII/vendors/jogl/lib/Linux/jogl-all.jar:/home/travis/build/icyphy/ptII/ptolemy/distributed/jini/jar/jini-core.jar:/home/travis/build/icyphy/ptII/ptolemy/distributed/jini/jar/jini-ext.jar:/home/travis/build/icyphy/ptII/ptolemy/distributed/jini/jar/sun-util.jar:/home/travis/build/icyphy/ptII/lib/protobuf-java-2.4.1.jar:/home/travis/build/icyphy/ptII/lib/org.eclipse.paho.client.mqttv3.jar:/home/travis/build/icyphy/ptII/lib/mapss.jar:/home/travis/build/icyphy/ptII/ptolemy/actor/ptalon/antlr/antlr.jar:/home/travis/build/icyphy/ptII/lib/JRI.jar:/home/travis/build/icyphy/ptII/lib/commons-lang-2.6.jar:/home/travis/build/icyphy/ptII/lib/commons-logging-1.1.1.jar:/home/travis/build/icyphy/ptII/lib/sootclasses.jar:/home/travis/build/icyphy/ptII/ptolemy/actor/lib/database/mysql-connector-java-5.1.6-bin.jar:/home/travis/build/icyphy/ptII/vendors/misc/sphinx4/sphinx4-data-5prealpha.jar:/home/travis/build/icyphy/ptII/vendors/misc/sphinx4/sphinx4-core-5prealpha.jar:/home/travis/build/icyphy/ptII/lib/PDFRenderer.jar:/home/travis/build/icyphy/ptII/lib/svgSalamander.jar:/home/travis/build/icyphy/ptII/lib/rsyntaxtextarea-2.6.0-SNAPSHOT.jar:/home/travis/build/icyphy/ptII/lib/hazelcast-3.8.2.jar:/home/travis/build/icyphy/ptII/lib/jackson-annotations-2.9.0.jar:/home/travis/build/icyphy/ptII/lib/jackson-core-2.9.3.jar:/home/travis/build/icyphy/ptII/lib/jackson-databind-2.9.3.jar:/home/travis/build/icyphy/ptII/lib/netty-buffer-4.1.19.Final.jar:/home/travis/build/icyphy/ptII/lib/netty-codec-4.1.19.Final.jar:/home/travis/build/icyphy/ptII/lib/netty-codec-dns-4.1.19.Final.jar:/home/travis/build/icyphy/ptII/lib/netty-codec-http-4.1.19.Final.jar:/home/travis/build/icyphy/ptII/lib/netty-codec-http2-4.1.19.Final.jar:/home/travis/build/icyphy/ptII/lib/netty-common-4.1.19.Final.jar:/home/travis/build/icyphy/ptII/lib/netty-handler-4.1.19.Final.jar:/home/travis/build/icyphy/ptII/lib/netty-resolver-4.1.19.Final.jar:/home/travis/build/icyphy/ptII/lib/netty-resolver-dns-4.1.19.Final.jar:/home/travis/build/icyphy/ptII/lib/netty-transport-4.1.19.Final.jar:/home/travis/build/icyphy/ptII/lib/vertx-codegen-3.5.1.jar:/home/travis/build/icyphy/ptII/lib/vertx-core-3.5.2-SNAPSHOT.jar:/home/travis/build/icyphy/ptII/lib/vertx-hazelcast-3.5.1.jar:/home/travis/build/icyphy/ptII/lib/vertx-lang-js-3.5.1.jar:/home/travis/build/icyphy/ptII/lib/vertx-service-proxy-3.5.1.jar:/home/travis/build/icyphy/ptII/lib/vertx-web-3.5.1.jar:/home/travis/build/icyphy/ptII/lib/slf4j-api-1.7.13.jar:/home/travis/build/icyphy/ptII/lib/slf4j-simple-1.7.13.jar:/home/travis/build/icyphy/ptII/lib/webcam-capture-0.3.12.jar:/home/travis/build/icyphy/ptII/lib/bridj-0.7.0.jar:/home/travis/build/icyphy/ptII/lib/xbjlib-1.1.0.nrjavaserial.jar" />
    <property name="timeout" value="2400000" />
    <property name="test.batch" value="**/junit/*.java" />
    <property name="env._" value="/usr/bin/timeout" />
    <property name="java.io.tmpdir" value="/tmp" />
    <property name="user.language" value="en" />
    <property name="env.TRAVIS_INTERNAL_RUBY_REGEX" value="^ruby-(2\.[0-4]\.[0-9]|1\.9\.3)" />
    <property name="env.HISTCONTROL" value="ignoredups:ignorespace" />
    <property name="env.GOROOT" value="/home/travis/.gimme/versions/go1.11.1.linux.amd64" />
    <property name="line.separator" value="&#xa;" />
    <property name="target" value="11" />
    <property name="env.TRAVIS_BUILD_DIR" value="/home/travis/build/icyphy/ptII" />
    <property name="env.ANT_OPTS" value="-Xmx2048m" />
    <property name="ant.file.type" value="file" />
    <property name="ptolemy.ptII.batchMode" value="true" />
    <property name="env.HISTSIZE" value="1000" />
    <property name="env.MERB_ENV" value="test" />
    <property name="java.vm.info" value="mixed mode" />
    <property name="source" value="11" />
    <property name="java.vm.specification.name" value="Java Virtual Machine Specification" />
    <property name="env.TRAVIS_TEST_RESULT" value="0" />
    <property name="jsdoc.command" value="node_modules/@terraswarm/jsdoc/jsdoc.js" />
    <property name="npm.works" value="true" />
    <property name="cobertura.dir" value="/home/travis/build/icyphy/ptII/vendors/cobertura-2.0.3" />
    <property name="jsdoc.command.exists" value="true" />
    <property name="env.rvm_path" value="/home/travis/.rvm" />
    <property name="env.GEM_PATH" value="/home/travis/.rvm/gems/ruby-2.5.3:/home/travis/.rvm/gems/ruby-2.5.3@global" />
    <property name="env.LC_CTYPE" value="en_US.UTF-8" />
    <property name="env.TRAVIS_CMD" value="$PTII/bin/ptIITravisBuild.sh $SECONDS" />
    <property name="java.awt.printerjob" value="sun.print.PSPrinterJob" />
    <property name="env.TRAVIS_STACK_NAME" value="sardonyx" />
    <property name="env.TRAVIS_TIMER_START_TIME" value="1578035836268424437" />
    <property name="ant.version" value="Apache Ant(TM) version 1.10.1 compiled on February 2 2017" />
    <property name="ptII.reports" value="/home/travis/build/icyphy/ptII/reports" />
    <property name="env.TRAVIS_STACK_TIMESTAMP" value="2019-03-25 16:16:56 UTC" />
    <property name="ant.file.type.ptII" value="file" />
    <property name="env.RBENV_SHELL" value="bash" />
    <property name="os.name" value="Linux" />
    <property name="java.specification.vendor" value="Oracle Corporation" />
    <property name="env.rvm_version" value="1.29.7 (latest)" />
    <property name="env.TRAVIS_INFRA" value="unknown" />
    <property name="env.TERM" value="xterm" />
    <property name="java.vm.name" value="OpenJDK 64-Bit Server VM" />
    <property name="env.TRAVIS_BUILD_NUMBER" value="1453" />
    <property name="env.CI" value="true" />
    <property name="java.library.path" value="/home/travis/pthla/certi-tools/lib:/usr/lib/jni:/usr/local/share/OpenCV/java/:/usr/share/OpenCV/java::/usr/java/packages/lib:/usr/lib64:/lib64:/lib:/usr/lib" />
    <property name="jdk.module.path" value="/home/travis/build/icyphy/ptII/vendors/javafx/javafx-sdk-11.0.2/lib:" />
    <property name="env.rvm_prefix" value="/home/travis" />
    <property name="env.PATH" value="/home/travis/pthla/certi-tools/share/scripts:/home/travis/.rvm/gems/ruby-2.5.3/bin:/home/travis/.rvm/gems/ruby-2.5.3@global/bin:/home/travis/.rvm/rubies/ruby-2.5.3/bin:/home/travis/.rvm/bin:/home/travis/.nvm/versions/node/v7.10.1/bin:./node_modules/.bin:/home/travis/build/icyphy/ptII/bin:/home/travis/pthla/certi-tools/bin:/home/travis/bin:/home/travis/.local/bin:/usr/local/lib/jvm/openjdk11/bin:/opt/pyenv/shims:/home/travis/.phpenv/shims:/home/travis/perl5/perlbrew/bin:/home/travis/gopath/bin:/home/travis/.gimme/versions/go1.11.1.linux.amd64/bin:/usr/local/maven-3.6.0/bin:/usr/local/cmake-3.12.4/bin:/usr/local/clang-7.0.0/bin:/usr/local/sbin:/usr/local/bin:/usr/sbin:/usr/bin:/sbin:/bin:/snap/bin:/home/travis/.phpenv/bin:/opt/pyenv/bin:/home/travis/.yarn/bin" />
    <property name="env.TRAVIS_OS_NAME" value="linux" />
    <property name="ant.java.version" value="9" />
    <property name="basedir" value="/home/travis/build/icyphy/ptII" />
    <property name="java.class.version" value="55.0" />
    <property name="env.SHLVL" value="3" />
    <property name="env.LD_LIBRARY_PATH" value="/home/travis/pthla/certi-tools/lib:/usr/lib/jni:/usr/local/share/OpenCV/java/:/usr/share/OpenCV/java:" />
    <property name="env.RACK_ENV" value="test" />
    <property name="ant.home" value="/home/travis/build/icyphy/ptII/ant" />
    <property name="env.NVM_DIR" value="/home/travis/.nvm" />
    <property name="env.CERTI_FOM_PATH" value="/home/travis/pthla/certi-tools/share/federations" />
    <property name="env.TRAVIS_BUILD_ID" value="632168645" />
    <property name="env.PYENV_ROOT" value="/opt/pyenv" />
    <property name="env.TRAVIS_UID" value="2000" />
    <property name="prism.verbose" value="true" />
    <property name="env.NVM_BIN" value="/home/travis/.nvm/versions/node/v7.10.1/bin" />
    <property name="env.TRAVIS_COMMIT" value="890f7d9fe666e9a42bb4871dc1f4ff818d808b09" />
    <property name="env._system_arch" value="x86_64" />
    <property name="node.executable" value="node" />
    <property name="sun.boot.library.path" value="/usr/local/lib/jvm/openjdk11/lib" />
    <property name="sun.management.compiler" value="HotSpot 64-Bit Tiered Compilers" />
    <property name="java.awt.graphicsenv" value="sun.awt.X11GraphicsEnvironment" />
    <property name="env.GOPATH" value="/home/travis/gopath" />
    <property name="ptolemy.ptII.dir" value="/home/travis/build/icyphy/ptII" />
    <property name="env.USER" value="travis" />
    <property name="env.HISTFILESIZE" value="2000" />
    <property name="timeout.longest" value="19000000" />
    <property name="env.PERLBREW_SHELLRC_VERSION" value="0.86" />
    <property name="env.TRAVIS_STACK_FEATURES" value="basic couchdb disabled-ipv6 docker docker-compose elasticsearch firefox go-toolchain google-chrome jdk memcached mongodb mysql nodejs_interpreter perl_interpreter perlbrew phantomjs postgresql python_interpreter redis ruby_interpreter sqlite xserver" />
    <property name="env.TRAVIS_PULL_REQUEST" value="false" />
    <property name="env.PYENV_SHELL" value="bash" />
    <property name="ant.project.name" value="ptII" />
    <property name="env.ANSI_RESET" value="\033[0m" />
    <property name="java.vm.specification.version" value="11" />
    <property name="env.TRAVIS_DIST" value="xenial" />
    <property name="env.CERTI_VERSION" value="4.0.0" />
    <property name="env.CERTI_HOST" value="localhost" />
    <property name="awt.toolkit" value="sun.awt.X11.XToolkit" />
    <property name="env.MY_RUBY_HOME" value="/home/travis/.rvm/rubies/ruby-2.5.3" />
    <property name="sun.cpu.isalist" value="" />
    <property name="env.TRAVIS_TMPDIR" value="/tmp/tmp.iElCXneL7Q" />
    <property name="java.vm.compressedOopsMode" value="Zero based" />
    <property name="os.version" value="4.15.0-1028-gcp" />
    <property name="user.home" value="/home/travis" />
    <property name="java.vm.vendor" value="Oracle Corporation" />
    <property name="env.TRAVIS_TAG" value="nightly" />
    <property name="env.ANSI_YELLOW" value="\033[33;1m" />
    <property name="env.TRAVIS_FILTERED" value="redirect_io" />
    <property name="env.ANSI_GREEN" value="\033[32;1m" />
    <property name="env.JAVA_HOME" value="/usr/local/lib/jvm/openjdk11" />
    <property name="javadoc.excludepackagenames" value="adm.cvs2svn.*,build.*,config.*,doc.coding.templates.*,jni.test.jni.meaningOfLife.*,jni.test.jni.testDeux.*,jni.test.jni.testTrois.*,org.terraswarm.accessor.accessors.web.node_modules.*,org.terraswarm.accessor.accessors.web.hosts.cordova.demo.*,org.terraswarm.accessor.accessors.web.hosts.cordova.plugins.*,org.terraswarm.accessor.accessors-svn.*,pt-modules.*,ptolemy.apps.agilent.*,ptolemy.apps.anytimecontrol.*,ptolemy.apps.apes.*,ptolemy.apps.charon.*,ptolemy.apps.crazyboard.*,ptolemy.apps.eclipse.*,ptolemy.apps.etherealSting.*,ptolemy.apps.fullscreen.*,ptolemy.apps.giotto.*,ptolemy.apps.ia.*,ptolemy.apps.interfaces.*,ptolemy.apps.jmf.*,ptolemy.apps.kurt.*,ptolemy.apps.kvm.*,ptolemy.apps.lego.*,ptolemy.apps.lejos.*,ptolemy.apps.midp.*,ptolemy.apps.mobileCoding.*,ptolemy.apps.pendulum.*,ptolemy.apps.rijndael.*,ptolemy.apps.robot.*,ptolemy.apps.security.*,ptolemy.apps.sobel.*,ptolemy.apps.soot.*,ptolemy.apps.throttle.*,ptolemy.apps.tini.*,ptolemy.apps.transmission.*,ptolemy.apps.vergil.*,ptolemy.apps.waba.*,ptolemy.apps.websensor.*,ptolemy.apps.webstart.*,ptolemy.apps.xsl.*,ptolemy.apps.zaurus.*,ptolemy.codegen.c.actor.lib.oldJavaFiles.*,ptolemy.codegen.dsp.lib.*,ptolemy.codegen.kernel.newInterfaces.*,ptolemy.codegen.lib.*,ptolemy.copernicus.kernel.fragment.*,ptolemy.copernicus.shallow.cg.*,ptolemy.domains.giotto.demo.Hierarchy.Hierarchy.*,ptolemy.domains.giotto.demo.Multimode.Multimode.*,ptolemy.domains.giotto.demo.Simple.Simple.*,ptolemy.domains.gr.lib.experimental.*,ptolemy.domains.gro.*,ptolemy.domains.pdf.*,ptolemy.domains.ptinyos.demo.Surge.output.*,ptolemy.moml.test.NoPackageActor.java*,ptolemy.plot.adm.*,ptolemy.plot.servlet.*,reports.*,signed.*,src.*,target.*,vendors.*,ptolemy.copernicus.applet.*,ptolemy.media.viewer.*,ptolemy.actor.corba.*,doc.doclets.*,ptolemy.apps.eclipse.awt.*,ptolemy.backtrack.*,ptolemy.backtrack.ast.*,ptolemy.cg.adapter.generic.program.procedural.c.mbed*,ptolemy.homer.*,ptolemy.actor.lib.jai.*,org.ptolemy.scala.*,diva.util.java2d.svg.*,ptolemy.domains.ptinyos.*,ptolemy.actor.lib.fmi.fmipp.*,,org.terraswarm.accessor.accessors.web.node_modules.*,org.terraswarm.accessor.accessors-svn,ptolemy.apps.*,ptolemy.actor.ptalon.demo.ptinyos.SendAndReceiveCnt.output,ptolemy.actor.ptalon.demo.ptinyos.SenseToLeds.output,ptolemy.domains.ptinyos.demo.CntToLedsAndRfm.output,ptolemy.domains.ptinyos.demo.RfmToLeds.output,ptolemy.domains.ptinyos.demo.SendAndReceiveCnt.output,ptolemy.domains.ptinyos.demo.SenseToLeds.output,ptolemy.actor.lib.jjs.modules.udpSocket.*" />
    <property name="env.PTII" value="/home/travis/build/icyphy/ptII" />
    <property name="env.XDG_SESSION_ID" value="2" />
    <property name="keystore" value="ptKeystore" />
    <property name="env.TRAVIS_COMMIT_MESSAGE" value="Updated to jython2.7.2.b2 so that Eclipse 2019-12 with JDK-13 will work, thus avoiding problems with &apos;import org.w3c.dom.Document;&apos; failing with &apos;The package org.w3c.dom is accessible from more than one module: &lt;unnamed&gt;,  java.xml&apos;." />
    <property name="junit.output.dir" value="/home/travis/build/icyphy/ptII/reports/junit" />
    <property name="npm.return.code" value="0" />
    <property name="user.dir" value="/home/travis/build/icyphy/ptII/ptolemy/domains/de/test" />
    <property name="env.TRAVIS_NODE_VERSION" value="7" />
    <property name="env.TRAVIS_EVENT_TYPE" value="cron" />
    <property name="env.MAIL" value="/var/mail/travis" />
    <property name="env.PERLBREW_ROOT" value="/home/travis/perl5/perlbrew" />
    <property name="env.PWD" value="/home/travis/build/icyphy/ptII" />
    <property name="timeout.npm" value="45000" />
    <property name="env.PT_TRAVIS_TEST_CORE2_XML" value="true" />
    <property name="env.TRAVIS_ARCH" value="amd64" />
    <property name="sun.cpu.endian" value="little" />
    <property name="env.PAGER" value="cat" />
    <property name="env.TRAVIS_BUILD_STAGE_NAME" value="Test" />
    <property name="env.PERLBREW_HOME" value="/home/travis/.perlbrew" />
    <property name="java.vm.version" value="11.0.2+9" />
    <property name="env.RAILS_ENV" value="test" />
    <property name="java.class.path" value="/home/travis/build/icyphy/ptII:/home/travis/build/icyphy/ptII/lib/bsh-2.0b4.jar:/home/travis/build/icyphy/ptII/lib/ptCal.jar:/home/travis/build/icyphy/ptII/lib/java_cup.jar:/home/travis/build/icyphy/ptII/lib/saxon8.jar:/home/travis/build/icyphy/ptII/lib/saxon8-dom.jar:/home/travis/build/icyphy/ptII/lib/chic.jar:/home/travis/build/icyphy/ptII/lib/ptcolt.jar:/home/travis/build/icyphy/ptII/vendors/misc/itext/iText.jar:/home/travis/build/icyphy/ptII/lib/g4ltl.jar:/home/travis/build/icyphy/ptII/lib/StructuralCoder.jar:/home/travis/build/icyphy/ptII/lib/jcerti.jar:/home/travis/build/icyphy/ptII/lib/javax.mail.jar:/home/travis/build/icyphy/ptII/vendors/JMF-2.1.1e/lib/jmf.jar:/home/travis/build/icyphy/ptII/lib/jna-4.0.0-variadic.jar:/home/travis/build/icyphy/ptII/vendors/misc/joystick/Joystick.jar:/home/travis/build/icyphy/ptII/lib/ptjacl.jar:/home/travis/build/icyphy/ptII/lib/jsoup-1.8.2.jar:/home/travis/build/icyphy/ptII/lib/junit-4.8.2.jar:/home/travis/build/icyphy/ptII/lib/JUnitParams-0.4.0.jar:/home/travis/build/icyphy/ptII/ptolemy/actor/lib/excel/jxl.jar:/home/travis/build/icyphy/ptII/lib/jython.jar:/home/travis/build/icyphy/ptII/lib/kieler.jar:/home/travis/build/icyphy/ptII/vendors/opencv/share/OpenCV/java/opencv-341.jar:/home/travis/build/icyphy/ptII/lib/oscP5.jar:/home/travis/build/icyphy/ptII/lib/nrjavaserial-3.11.0.devel.jar:/home/travis/build/icyphy/ptII/vendors/j3d/lib/Linux/j3dcore.jar:/home/travis/build/icyphy/ptII/vendors/j3d/lib/Linux/j3dutils.jar:/home/travis/build/icyphy/ptII/vendors/j3d/lib/Linux/vecmath.jar:/home/travis/build/icyphy/ptII/vendors/jogl/lib/Linux/gluegen-rt-natives-linux-amd64.jar:/home/travis/build/icyphy/ptII/vendors/jogl/lib/Linux/gluegen-rt.jar:/home/travis/build/icyphy/ptII/vendors/jogl/lib/Linux/jogl-all-natives-linux-amd64.jar:/home/travis/build/icyphy/ptII/vendors/jogl/lib/Linux/jogl-all.jar:/home/travis/build/icyphy/ptII/ptolemy/distributed/jini/jar/jini-core.jar:/home/travis/build/icyphy/ptII/ptolemy/distributed/jini/jar/jini-ext.jar:/home/travis/build/icyphy/ptII/ptolemy/distributed/jini/jar/sun-util.jar:/home/travis/build/icyphy/ptII/lib/protobuf-java-2.4.1.jar:/home/travis/build/icyphy/ptII/lib/org.eclipse.paho.client.mqttv3.jar:/home/travis/build/icyphy/ptII/lib/mapss.jar:/home/travis/build/icyphy/ptII/ptolemy/actor/ptalon/antlr/antlr.jar:/home/travis/build/icyphy/ptII/lib/JRI.jar:/home/travis/build/icyphy/ptII/lib/commons-lang-2.6.jar:/home/travis/build/icyphy/ptII/lib/commons-logging-1.1.1.jar:/home/travis/build/icyphy/ptII/lib/sootclasses.jar:/home/travis/build/icyphy/ptII/ptolemy/actor/lib/database/mysql-connector-java-5.1.6-bin.jar:/home/travis/build/icyphy/ptII/vendors/misc/sphinx4/sphinx4-data-5prealpha.jar:/home/travis/build/icyphy/ptII/vendors/misc/sphinx4/sphinx4-core-5prealpha.jar:/home/travis/build/icyphy/ptII/lib/PDFRenderer.jar:/home/travis/build/icyphy/ptII/lib/svgSalamander.jar:/home/travis/build/icyphy/ptII/lib/rsyntaxtextarea-2.6.0-SNAPSHOT.jar:/home/travis/build/icyphy/ptII/lib/hazelcast-3.8.2.jar:/home/travis/build/icyphy/ptII/lib/jackson-annotations-2.9.0.jar:/home/travis/build/icyphy/ptII/lib/jackson-core-2.9.3.jar:/home/travis/build/icyphy/ptII/lib/jackson-databind-2.9.3.jar:/home/travis/build/icyphy/ptII/lib/netty-buffer-4.1.19.Final.jar:/home/travis/build/icyphy/ptII/lib/netty-codec-4.1.19.Final.jar:/home/travis/build/icyphy/ptII/lib/netty-codec-dns-4.1.19.Final.jar:/home/travis/build/icyphy/ptII/lib/netty-codec-http-4.1.19.Final.jar:/home/travis/build/icyphy/ptII/lib/netty-codec-http2-4.1.19.Final.jar:/home/travis/build/icyphy/ptII/lib/netty-common-4.1.19.Final.jar:/home/travis/build/icyphy/ptII/lib/netty-handler-4.1.19.Final.jar:/home/travis/build/icyphy/ptII/lib/netty-resolver-4.1.19.Final.jar:/home/travis/build/icyphy/ptII/lib/netty-resolver-dns-4.1.19.Final.jar:/home/travis/build/icyphy/ptII/lib/netty-transport-4.1.19.Final.jar:/home/travis/build/icyphy/ptII/lib/vertx-codegen-3.5.1.jar:/home/travis/build/icyphy/ptII/lib/vertx-core-3.5.2-SNAPSHOT.jar:/home/travis/build/icyphy/ptII/lib/vertx-hazelcast-3.5.1.jar:/home/travis/build/icyphy/ptII/lib/vertx-lang-js-3.5.1.jar:/home/travis/build/icyphy/ptII/lib/vertx-service-proxy-3.5.1.jar:/home/travis/build/icyphy/ptII/lib/vertx-web-3.5.1.jar:/home/travis/build/icyphy/ptII/lib/slf4j-api-1.7.13.jar:/home/travis/build/icyphy/ptII/lib/slf4j-simple-1.7.13.jar:/home/travis/build/icyphy/ptII/lib/webcam-capture-0.3.12.jar:/home/travis/build/icyphy/ptII/lib/bridj-0.7.0.jar:/home/travis/build/icyphy/ptII/lib/xbjlib-1.1.0.nrjavaserial.jar:/home/travis/build/icyphy/ptII/ptolemy/moml/test:/home/travis/build/icyphy/ptII/ant/lib/ant-launcher.jar:/home/travis/build/icyphy/ptII/ant/lib/ant.jar:/home/travis/build/icyphy/ptII/ant/lib/ant-junit.jar:/home/travis/build/icyphy/ptII/ant/lib/ant-junit4.jar" />
    <property name="ant.library.dir" value="/home/travis/build/icyphy/ptII/ant/lib" />
    <property name="os.arch" value="amd64" />
    <property name="env.CONTINUOUS_INTEGRATION" value="true" />
    <property name="env.TRAVIS_LANGUAGE" value="node_js" />
    <property name="env.TRAVIS_STACK_LANGUAGES" value="__sardonyx__ c c++ clojure cplusplus cpp default generic go groovy java node_js php pure_java python ruby scala" />
    <property name="test.name" value="ptolemy.actor.lib.test.junit.JUnitTclTest" />
    <property name="env.APT_KEY_DONT_WARN_ON_DANGEROUS_USAGE" value="1" />
    <property name="sun.java.launcher" value="SUN_STANDARD" />
    <property name="env.PYTHON_CONFIGURE_OPTS" value="--enable-unicode=ucs4 --with-wide-unicode --enable-shared --enable-ipv6 --enable-loadable-sqlite-extensions --with-computed-gotos" />
    <property name="ant.core.lib" value="/home/travis/build/icyphy/ptII/ant/lib/ant.jar" />
    <property name="java.vm.specification.vendor" value="Oracle Corporation" />
    <property name="env.BCVTB_HOME" value="/home/travis/build/icyphy/ptII/lbnl" />
    <property name="file.separator" value="/" />
    <property name="spotbugs.home" value="/home/travis/build/icyphy/ptII/vendors/spotbugs-3.1.1" />
    <property name="java.runtime.version" value="11.0.2+9" />
    <property name="env.ANSI_CLEAR" value="\033[0K" />
    <property name="javafx.verbose" value="true" />
    <property name="env.HAS_JOSH_K_SEAL_OF_APPROVAL" value="true" />
    <property name="env.XDG_RUNTIME_DIR" value="/run/user/2000" />
    <property name="env.TRAVIS_OSX_IMAGE" value="" />
    <property name="env.TRAVIS_JOB_ID" value="632168658" />
    <property name="env.TRAVIS_BRANCH" value="master" />
    <property name="user.country" value="US" />
    <property name="env.CERTI_HOME_TRAVIS" value="/home/travis/pthla/certi-tools" />
    <property name="env.SHELL" value="/bin/bash" />
    <property name="java.maxmemory.large" value="3200m" />
    <property name="model" value="" />
    <property name="env.CASHER_DIR" value="/home/travis/.casher" />
    <property name="env.NVM_CD_FLAGS" value="" />
    <property name="java.vendor.version" value="18.9" />
    <property name="jshint.executable" value="/home/travis/node_modules/jshint/bin/jshint" />
    <property name="env.JRUBY_OPTS" value=" --client -J-XX:+TieredCompilation -J-XX:TieredStopAtLevel=1 -J-Xss2m -Xcompile.invokedynamic=false" />
    <property name="java.vendor" value="Oracle Corporation" />
    <property name="env.TRAVIS_PRE_CHEF_BOOTSTRAP_TIME" value="2019-03-25T16:16:42" />
    <property name="env.TRAVIS_STACK_JOB_BOARD_REGISTER" value="/.job-board-register.yml" />
    <property name="env.ANSI_RED" value="\033[31;1m" />
    <property name="java.specification.version" value="11" />
    <property name="env.IRBRC" value="/home/travis/.rvm/rubies/ruby-2.5.3/.irbrc" />
    <property name="env.TRAVIS" value="true" />
    <property name="sun.arch.data.model" value="64" />
  </properties>
  <testcase classname="ptolemy.util.test.junit.TclTests" name="[0] /home/travis/build/icyphy/ptII/ptolemy/domains/de/test/DependencyLoop.tcl (RunTclFile)" time="0.955" />
  <testcase classname="ptolemy.util.test.junit.TclTests" name="[1] /home/travis/build/icyphy/ptII/ptolemy/domains/de/test/RunDETestsAsQSS.tcl (RunTclFile)" time="81.895" />
  <testcase classname="ptolemy.util.test.junit.AutoKnownFailedTests" name="[0] /home/travis/build/icyphy/ptII/ptolemy/domains/de/test/auto/knownFailedTests/DESDFClockTest.xml (RunModel)" time="2.043" />
  <testcase classname="ptolemy.util.test.junit.AutoKnownFailedTests" name="[1] /home/travis/build/icyphy/ptII/ptolemy/domains/de/test/auto/knownFailedTests/DirectFeedback.xml (RunModel)" time="0.018" />
  <testcase classname="ptolemy.util.test.junit.AutoKnownFailedTests" name="[2] /home/travis/build/icyphy/ptII/ptolemy/domains/de/test/auto/knownFailedTests/FSMSource.xml (RunModel)" time="0.03" />
  <testcase classname="ptolemy.util.test.junit.AutoKnownFailedTests" name="[3] /home/travis/build/icyphy/ptII/ptolemy/domains/de/test/auto/knownFailedTests/HierarchicalModel.xml (RunModel)" time="0.04" />
  <testcase classname="ptolemy.util.test.junit.AutoKnownFailedTests" name="[4] /home/travis/build/icyphy/ptII/ptolemy/domains/de/test/auto/knownFailedTests/dependencyLoop.xml (RunModel)" time="0.064" />
  <testcase classname="ptolemy.util.test.junit.AutoKnownFailedTests" name="[5] /home/travis/build/icyphy/ptII/ptolemy/domains/de/test/auto/knownFailedTests/dependencyLoop2.xml (RunModel)" time="0.047" />
  <testcase classname="ptolemy.util.test.junit.AutoNameArchTests" name="[0] ThereAreNoAutoArchTests (RunModel)" time="0.001" />
  <testcase classname="ptolemy.util.test.junit.AutoTests" name="[0] /home/travis/build/icyphy/ptII/ptolemy/domains/de/test/auto/ActorDepthCalculation_actorWithoutPorts.xml (RunModel)" time="0.021" />
  <testcase classname="ptolemy.util.test.junit.AutoTests" name="[1] /home/travis/build/icyphy/ptII/ptolemy/domains/de/test/auto/AssemblyLine.xml (RunModel)" time="0.022" />
  <testcase classname="ptolemy.util.test.junit.AutoTests" name="[2] /home/travis/build/icyphy/ptII/ptolemy/domains/de/test/auto/CQBug1.xml (RunModel)" time="0.011" />
  <testcase classname="ptolemy.util.test.junit.AutoTests" name="[3] /home/travis/build/icyphy/ptII/ptolemy/domains/de/test/auto/CancelFireAt.xml (RunModel)" time="0.009" />
  <testcase classname="ptolemy.util.test.junit.AutoTests" name="[4] /home/travis/build/icyphy/ptII/ptolemy/domains/de/test/auto/CausalityAndComposabilityAnalysis.xml (RunModel)" time="0.012" />
  <testcase classname="ptolemy.util.test.junit.AutoTests" name="[5] /home/travis/build/icyphy/ptII/ptolemy/domains/de/test/auto/CausalityInterface1.xml (RunModel)" time="0.015" />
  <testcase classname="ptolemy.util.test.junit.AutoTests" name="[6] /home/travis/build/icyphy/ptII/ptolemy/domains/de/test/auto/CausalityInterface15.xml (RunModel)" time="0.014" />
  <testcase classname="ptolemy.util.test.junit.AutoTests" name="[7] /home/travis/build/icyphy/ptII/ptolemy/domains/de/test/auto/CausalityInterface2.xml (RunModel)" time="0.013" />
  <testcase classname="ptolemy.util.test.junit.AutoTests" name="[8] /home/travis/build/icyphy/ptII/ptolemy/domains/de/test/auto/CausalityInterface3.xml (RunModel)" time="0.011" />
  <testcase classname="ptolemy.util.test.junit.AutoTests" name="[9] /home/travis/build/icyphy/ptII/ptolemy/domains/de/test/auto/ClockDrift.xml (RunModel)" time="0.036" />
  <testcase classname="ptolemy.util.test.junit.AutoTests" name="[10] /home/travis/build/icyphy/ptII/ptolemy/domains/de/test/auto/ClockDriftAndValueChange.xml (RunModel)" time="0.028" />
  <testcase classname="ptolemy.util.test.junit.AutoTests" name="[11] /home/travis/build/icyphy/ptII/ptolemy/domains/de/test/auto/ClockDriftChange.xml (RunModel)" time="0.032" />
  <testcase classname="ptolemy.util.test.junit.AutoTests" name="[12] /home/travis/build/icyphy/ptII/ptolemy/domains/de/test/auto/ComposableCausalityAnalysis.xml (RunModel)" time="0.013" />
  <testcase classname="ptolemy.util.test.junit.AutoTests" name="[13] /home/travis/build/icyphy/ptII/ptolemy/domains/de/test/auto/DEFixedPointLimitation.xml (RunModel)" time="0.012" />
  <testcase classname="ptolemy.util.test.junit.AutoTests" name="[14] /home/travis/build/icyphy/ptII/ptolemy/domains/de/test/auto/DEScheduleTest.xml (RunModel)" time="0.013" />
  <testcase classname="ptolemy.util.test.junit.AutoTests" name="[15] /home/travis/build/icyphy/ptII/ptolemy/domains/de/test/auto/DEinDEwithStartTimes.xml (RunModel)" time="0.014" />
  <testcase classname="ptolemy.util.test.junit.AutoTests" name="[16] /home/travis/build/icyphy/ptII/ptolemy/domains/de/test/auto/DEinDEwithStartTimes2.xml (RunModel)" time="0.018" />
  <testcase classname="ptolemy.util.test.junit.AutoTests" name="[17] /home/travis/build/icyphy/ptII/ptolemy/domains/de/test/auto/DateDemo.xml (RunModel)" time="0.035" />
  <testcase classname="ptolemy.util.test.junit.AutoTests" name="[18] /home/travis/build/icyphy/ptII/ptolemy/domains/de/test/auto/DateToEvent.xml (RunModel)" time="2.037" />
  <testcase classname="ptolemy.util.test.junit.AutoTests" name="[19] /home/travis/build/icyphy/ptII/ptolemy/domains/de/test/auto/DepthTest1.xml (RunModel)" time="0.014" />
  <testcase classname="ptolemy.util.test.junit.AutoTests" name="[20] /home/travis/build/icyphy/ptII/ptolemy/domains/de/test/auto/DepthTest2.xml (RunModel)" time="0.016" />
  <testcase classname="ptolemy.util.test.junit.AutoTests" name="[21] /home/travis/build/icyphy/ptII/ptolemy/domains/de/test/auto/DepthTest3.xml (RunModel)" time="0.009" />
  <testcase classname="ptolemy.util.test.junit.AutoTests" name="[22] /home/travis/build/icyphy/ptII/ptolemy/domains/de/test/auto/DepthTest4.xml (RunModel)" time="0.021" />
  <testcase classname="ptolemy.util.test.junit.AutoTests" name="[23] /home/travis/build/icyphy/ptII/ptolemy/domains/de/test/auto/DepthTest5.xml (RunModel)" time="0.011" />
  <testcase classname="ptolemy.util.test.junit.AutoTests" name="[24] /home/travis/build/icyphy/ptII/ptolemy/domains/de/test/auto/DepthTest6.xml (RunModel)" time="0.014" />
  <testcase classname="ptolemy.util.test.junit.AutoTests" name="[25] /home/travis/build/icyphy/ptII/ptolemy/domains/de/test/auto/DepthTest7.xml (RunModel)" time="0.009" />
  <testcase classname="ptolemy.util.test.junit.AutoTests" name="[26] /home/travis/build/icyphy/ptII/ptolemy/domains/de/test/auto/EventToDate.xml (RunModel)" time="3.042" />
  <testcase classname="ptolemy.util.test.junit.AutoTests" name="[27] /home/travis/build/icyphy/ptII/ptolemy/domains/de/test/auto/FSM1.xml (RunModel)" time="0.038" />
  <testcase classname="ptolemy.util.test.junit.AutoTests" name="[28] /home/travis/build/icyphy/ptII/ptolemy/domains/de/test/auto/FSM7.xml (RunModel)" time="0.046" />
  <testcase classname="ptolemy.util.test.junit.AutoTests" name="[29] /home/travis/build/icyphy/ptII/ptolemy/domains/de/test/auto/Inspection.xml (RunModel)" time="0.043" />
  <testcase classname="ptolemy.util.test.junit.AutoTests" name="[30] /home/travis/build/icyphy/ptII/ptolemy/domains/de/test/auto/Iteration.xml (RunModel)" time="0.024" />
  <testcase classname="ptolemy.util.test.junit.AutoTests" name="[31] /home/travis/build/icyphy/ptII/ptolemy/domains/de/test/auto/LineFault.xml (RunModel)" time="0.515" />
  <testcase classname="ptolemy.util.test.junit.AutoTests" name="[32] /home/travis/build/icyphy/ptII/ptolemy/domains/de/test/auto/MergeModel1Add.xml (RunModel)" time="0.045" />
  <testcase classname="ptolemy.util.test.junit.AutoTests" name="[33] /home/travis/build/icyphy/ptII/ptolemy/domains/de/test/auto/MergeModel2Add.xml (RunModel)" time="0.031" />
  <testcase classname="ptolemy.util.test.junit.AutoTests" name="[34] /home/travis/build/icyphy/ptII/ptolemy/domains/de/test/auto/MergeModel3Add.xml (RunModel)" time="0.049" />
  <testcase classname="ptolemy.util.test.junit.AutoTests" name="[35] /home/travis/build/icyphy/ptII/ptolemy/domains/de/test/auto/MergeWithoutDiscard.xml (RunModel)" time="0.012" />
  <testcase classname="ptolemy.util.test.junit.AutoTests" name="[36] /home/travis/build/icyphy/ptII/ptolemy/domains/de/test/auto/Modal1.xml (RunModel)" time="0.031" />
  <testcase classname="ptolemy.util.test.junit.AutoTests" name="[37] /home/travis/build/icyphy/ptII/ptolemy/domains/de/test/auto/Modal2.xml (RunModel)" time="0.023" />
  <testcase classname="ptolemy.util.test.junit.AutoTests" name="[38] /home/travis/build/icyphy/ptII/ptolemy/domains/de/test/auto/Modal3.xml (RunModel)" time="0.026" />
  <testcase classname="ptolemy.util.test.junit.AutoTests" name="[39] /home/travis/build/icyphy/ptII/ptolemy/domains/de/test/auto/Modal4.xml (RunModel)" time="0.029" />
  <testcase classname="ptolemy.util.test.junit.AutoTests" name="[40] /home/travis/build/icyphy/ptII/ptolemy/domains/de/test/auto/Modal5.xml (RunModel)" time="0.027" />
  <testcase classname="ptolemy.util.test.junit.AutoTests" name="[41] /home/travis/build/icyphy/ptII/ptolemy/domains/de/test/auto/Modal6.xml (RunModel)" time="0.029" />
  <testcase classname="ptolemy.util.test.junit.AutoTests" name="[42] /home/travis/build/icyphy/ptII/ptolemy/domains/de/test/auto/Modal7.xml (RunModel)" time="0.03" />
  <testcase classname="ptolemy.util.test.junit.AutoTests" name="[43] /home/travis/build/icyphy/ptII/ptolemy/domains/de/test/auto/ModalModel.xml (RunModel)" time="0.162" />
  <testcase classname="ptolemy.util.test.junit.AutoTests" name="[44] /home/travis/build/icyphy/ptII/ptolemy/domains/de/test/auto/ModalSource.xml (RunModel)" time="0.022" />
  <testcase classname="ptolemy.util.test.junit.AutoTests" name="[45] /home/travis/build/icyphy/ptII/ptolemy/domains/de/test/auto/NonInterruptibleTimerZeroDelay.xml (RunModel)" time="0.008" />
  <testcase classname="ptolemy.util.test.junit.AutoTests" name="[46] /home/travis/build/icyphy/ptII/ptolemy/domains/de/test/auto/OpenQueueingNetwork.xml (RunModel)" time="2.262" />
  <testcase classname="ptolemy.util.test.junit.AutoTests" name="[47] /home/travis/build/icyphy/ptII/ptolemy/domains/de/test/auto/OpenQueuingNetwork.xml (RunModel)" time="0.259" />
  <testcase classname="ptolemy.util.test.junit.AutoTests" name="[48] /home/travis/build/icyphy/ptII/ptolemy/domains/de/test/auto/PeriodicSampler.xml (RunModel)" time="0.007" />
  <testcase classname="ptolemy.util.test.junit.AutoTests" name="[49] /home/travis/build/icyphy/ptII/ptolemy/domains/de/test/auto/PersistentIO.xml (RunModel)" time="0.018" />
  <testcase classname="ptolemy.util.test.junit.AutoTests" name="[50] /home/travis/build/icyphy/ptII/ptolemy/domains/de/test/auto/PortParameterResetOnInitialize.xml (RunModel)" time="0.009" />
  <testcase classname="ptolemy.util.test.junit.AutoTests" name="[51] /home/travis/build/icyphy/ptII/ptolemy/domains/de/test/auto/PortParameterUpdates.xml (RunModel)" time="0.013" />
  <testcase classname="ptolemy.util.test.junit.AutoTests" name="[52] /home/travis/build/icyphy/ptII/ptolemy/domains/de/test/auto/QueueAndServer.xml (RunModel)" time="0.019" />
  <testcase classname="ptolemy.util.test.junit.AutoTests" name="[53] /home/travis/build/icyphy/ptII/ptolemy/domains/de/test/auto/Records.xml (RunModel)" time="0.012" />
  <testcase classname="ptolemy.util.test.junit.AutoTests" name="[54] /home/travis/build/icyphy/ptII/ptolemy/domains/de/test/auto/ResetTransitionWithStartTime1.xml (RunModel)" time="0.015" />
  <testcase classname="ptolemy.util.test.junit.AutoTests" name="[55] /home/travis/build/icyphy/ptII/ptolemy/domains/de/test/auto/ResetTransitionWithStartTime2.xml (RunModel)" time="0.02" />
  <testcase classname="ptolemy.util.test.junit.AutoTests" name="[56] /home/travis/build/icyphy/ptII/ptolemy/domains/de/test/auto/ResetTransitionWithStartTime3.xml (RunModel)" time="0.016" />
  <testcase classname="ptolemy.util.test.junit.AutoTests" name="[57] /home/travis/build/icyphy/ptII/ptolemy/domains/de/test/auto/ResetTransitionWithStartTime4.xml (RunModel)" time="0.016" />
  <testcase classname="ptolemy.util.test.junit.AutoTests" name="[58] /home/travis/build/icyphy/ptII/ptolemy/domains/de/test/auto/ResettableTimer1.xml (RunModel)" time="0.009" />
  <testcase classname="ptolemy.util.test.junit.AutoTests" name="[59] /home/travis/build/icyphy/ptII/ptolemy/domains/de/test/auto/ResettableTimer2.xml (RunModel)" time="0.008" />
  <testcase classname="ptolemy.util.test.junit.AutoTests" name="[60] /home/travis/build/icyphy/ptII/ptolemy/domains/de/test/auto/ResettableTimer3.xml (RunModel)" time="0.007" />
  <testcase classname="ptolemy.util.test.junit.AutoTests" name="[61] /home/travis/build/icyphy/ptII/ptolemy/domains/de/test/auto/ResettableTimer4.xml (RunModel)" time="0.009" />
  <testcase classname="ptolemy.util.test.junit.AutoTests" name="[62] /home/travis/build/icyphy/ptII/ptolemy/domains/de/test/auto/ResettableTimer5.xml (RunModel)" time="0.008" />
  <testcase classname="ptolemy.util.test.junit.AutoTests" name="[63] /home/travis/build/icyphy/ptII/ptolemy/domains/de/test/auto/ResettableTimer6.xml (RunModel)" time="0.02" />
  <testcase classname="ptolemy.util.test.junit.AutoTests" name="[64] /home/travis/build/icyphy/ptII/ptolemy/domains/de/test/auto/ServerZeroDelay.xml (RunModel)" time="0.01" />
  <testcase classname="ptolemy.util.test.junit.AutoTests" name="[65] /home/travis/build/icyphy/ptII/ptolemy/domains/de/test/auto/SmartSender.xml (RunModel)" time="3.008" />
  <testcase classname="ptolemy.util.test.junit.AutoTests" name="[66] /home/travis/build/icyphy/ptII/ptolemy/domains/de/test/auto/ThreadedComposite.xml (RunModel)" time="0.113" />
  <testcase classname="ptolemy.util.test.junit.AutoTests" name="[67] /home/travis/build/icyphy/ptII/ptolemy/domains/de/test/auto/Time.xml (RunModel)" time="0.337" />
  <testcase classname="ptolemy.util.test.junit.AutoTests" name="[68] /home/travis/build/icyphy/ptII/ptolemy/domains/de/test/auto/TimeDelayZeroDelay.xml (RunModel)" time="0.01" />
  <testcase classname="ptolemy.util.test.junit.AutoTests" name="[69] /home/travis/build/icyphy/ptII/ptolemy/domains/de/test/auto/TimerZeroDelay.xml (RunModel)" time="0.01" />
  <testcase classname="ptolemy.util.test.junit.AutoTests" name="[70] /home/travis/build/icyphy/ptII/ptolemy/domains/de/test/auto/TimingParadox.xml (RunModel)" time="0.28" />
  <testcase classname="ptolemy.util.test.junit.AutoTests" name="[71] /home/travis/build/icyphy/ptII/ptolemy/domains/de/test/auto/TransferInputs.xml (RunModel)" time="0.017" />
  <testcase classname="ptolemy.util.test.junit.AutoTests" name="[72] /home/travis/build/icyphy/ptII/ptolemy/domains/de/test/auto/TransferOutputs2.xml (RunModel)" time="0.017" />
  <testcase classname="ptolemy.util.test.junit.AutoTests" name="[73] /home/travis/build/icyphy/ptII/ptolemy/domains/de/test/auto/Trilateration.xml (RunModel)" time="10.142" />
  <testcase classname="ptolemy.util.test.junit.AutoTests" name="[74] /home/travis/build/icyphy/ptII/ptolemy/domains/de/test/auto/TwoSigmaDelta.xml (RunModel)" time="1.708" />
  <testcase classname="ptolemy.util.test.junit.AutoTests" name="[75] /home/travis/build/icyphy/ptII/ptolemy/domains/de/test/auto/VariableDelay.xml (RunModel)" time="0.014" />
  <testcase classname="ptolemy.util.test.junit.AutoTests" name="[76] /home/travis/build/icyphy/ptII/ptolemy/domains/de/test/auto/VariableDelay2.xml (RunModel)" time="0.009" />
  <testcase classname="ptolemy.util.test.junit.AutoTests" name="[77] /home/travis/build/icyphy/ptII/ptolemy/domains/de/test/auto/VariableDelayZeroDelay.xml (RunModel)" time="0.008" />
  <testcase classname="ptolemy.util.test.junit.AutoTests" name="[78] /home/travis/build/icyphy/ptII/ptolemy/domains/de/test/auto/VariableDelayZeroDelay2.xml (RunModel)" time="0.015" />
  <testcase classname="ptolemy.util.test.junit.AutoTests" name="[79] /home/travis/build/icyphy/ptII/ptolemy/domains/de/test/auto/deInCt.xml (RunModel)" time="0.015" />
  <testcase classname="ptolemy.util.test.junit.AutoTests" name="[80] /home/travis/build/icyphy/ptII/ptolemy/domains/de/test/auto/deInCt2.xml (RunModel)" time="0.012" />
  <testcase classname="ptolemy.util.test.junit.AutoTests" name="[81] /home/travis/build/icyphy/ptII/ptolemy/domains/de/test/auto/dynamicCausalityInterface1.xml (RunModel)" time="0.015" />
  <testcase classname="ptolemy.util.test.junit.AutoTests" name="[82] /home/travis/build/icyphy/ptII/ptolemy/domains/de/test/auto/fsm_de_test.xml (RunModel)" time="0.017" />
  <testcase classname="ptolemy.util.test.junit.AutoTests" name="[83] /home/travis/build/icyphy/ptII/ptolemy/domains/de/test/auto/functionDependencyReconstruction.xml (RunModel)" time="0.029" />
  <testcase classname="ptolemy.util.test.junit.AutoTests" name="[84] /home/travis/build/icyphy/ptII/ptolemy/domains/de/test/auto/multirate.xml (RunModel)" time="0.013" />
  <testcase classname="ptolemy.util.test.junit.AutoTests" name="[85] /home/travis/build/icyphy/ptII/ptolemy/domains/de/test/auto/multirate2.xml (RunModel)" time="0.012" />
  <testcase classname="ptolemy.util.test.junit.AutoTests" name="[86] /home/travis/build/icyphy/ptII/ptolemy/domains/de/test/auto/realtime.xml (RunModel)" time="10.009" />
  <testcase classname="ptolemy.util.test.junit.AutoTests" name="[87] /home/travis/build/icyphy/ptII/ptolemy/domains/de/test/auto/relationGroup.xml (RunModel)" time="0.009" />
  <testcase classname="ptolemy.util.test.junit.AutoTests" name="[88] /home/travis/build/icyphy/ptII/ptolemy/domains/de/test/auto/relationGroup2.xml (RunModel)" time="0.012" />
  <testcase classname="ptolemy.util.test.junit.AutoTests" name="[89] /home/travis/build/icyphy/ptII/ptolemy/domains/de/test/auto/sortWithOpaquePorts.xml (RunModel)" time="0.01" />
  <testcase classname="ptolemy.util.test.junit.AutoTests" name="[90] /home/travis/build/icyphy/ptII/ptolemy/domains/de/test/auto/transferInputsandOutputs.xml (RunModel)" time="0.009" />
  <testcase classname="ptolemy.util.test.junit.AutoTests" name="[91] /home/travis/build/icyphy/ptII/ptolemy/domains/de/test/auto/triggerType.xml (RunModel)" time="0.005" />
  <system-out><![CDATA[/home/travis/build/icyphy/ptII/ptolemy/domains/de/test/DependencyLoop.tcl
testDefs.tcl: setting time out to 9000 seconds at Fri Jan 03 07:20:29 UTC 2020
58 ms. Memory: 129024K Free: 79302K (61%)
15 ms. Memory: 129024K Free: 61887K (48%)
/home/travis/build/icyphy/ptII/ptolemy/domains/de/test/RunDETestsAsQSS.tcl
Run the DE tests using ptolemy.domains.qss.test.QSSDirectorTest, which extends QSSDirector and prints a message in the constructors.
------------------ testing $PTII/ptolemy/domains/de/test/auto/knownFailedTests/DirectFeedback.xml (Known Failure) 
49 ms. Memory: 129024K Free: 55750K (43%)


==== $PTIIhome/travis/build/icyphy/ptII/ptolemy/domains/de/test/../../../../: Auto Automatic test in file $PTII/ptolemy/domains/de/test/auto/knownFailedTests/DirectFeedback.xml
==== Contents of test case:

	    # FIXME: we should use $relativeFilename here, but it
	    # might have backslashes under Windows, which causes no end
	    # of trouble.
	    createAndExecute $file
	    list {}
	
.... Test generated KNOWN error:
    while executing
ptolemy.kernel.util.IllegalActionException: Test fails in iteration 1.
Value was: 1.0. Should have been: 2.0
  in .DirectFeedback.Test
	at ptolemy.actor.lib.Test.fire(Test.java:268)
	at ptolemy.domains.de.kernel.DEDirector._fire(DEDirector.java:1949)
	at ptolemy.domains.de.kernel.DEDirector.fire(DEDirector.java:502)
	at ptolemy.actor.CompositeActor.fire(CompositeActor.java:455)
	at ptolemy.actor.Manager.iterate(Manager.java:851)
	at ptolemy.actor.Manager.execute(Manager.java:369)
	at ptolemy.actor.Manager.run(Manager.java:1263)
	at ptolemy.actor.Manager$PtolemyRunThread.run(Manager.java:1933)

    while executing
ptolemy.kernel.util.IllegalActionException: Test fails in iteration 1.
Value was: 1.0. Should have been: 2.0
  in .DirectFeedback.Test
    while executing
"java::new ptolemy.moml.MoMLSimpleApplication $file
"
    (procedure "createAndExecute" line 2)
    invoked from within
"createAndExecute $file"
    ("uplevel" body line 5)
    invoked from within
"uplevel $contents_of_test"
------------------ testing $PTII/ptolemy/domains/de/test/auto/knownFailedTests/dependencyLoop.xml (Known Failure) 
19 ms. Memory: 129024K Free: 52678K (41%)


==== $PTIIhome/travis/build/icyphy/ptII/ptolemy/domains/de/test/../../../../: Auto Automatic test in file $PTII/ptolemy/domains/de/test/auto/knownFailedTests/dependencyLoop.xml
==== Contents of test case:

	    # FIXME: we should use $relativeFilename here, but it
	    # might have backslashes under Windows, which causes no end
	    # of trouble.
	    createAndExecute $file
	    list {}
	
.... Test generated KNOWN error:
    while executing
ptolemy.kernel.util.IllegalActionException: Found a zero delay loop containing .dependencyLoop.original
  in .dependencyLoop and .dependencyLoop.original
	at ptolemy.actor.util.CausalityInterfaceForComposites._computeOutputPortDepth(CausalityInterfaceForComposites.java:759)
	at ptolemy.actor.util.CausalityInterfaceForComposites._computeInputDepth(CausalityInterfaceForComposites.java:696)
	at ptolemy.actor.util.CausalityInterfaceForComposites._computeOutputPortDepth(CausalityInterfaceForComposites.java:765)
	at ptolemy.actor.util.CausalityInterfaceForComposites._computeInputDepth(CausalityInterfaceForComposites.java:696)
	at ptolemy.actor.util.CausalityInterfaceForComposites._computeOutputPortDepth(CausalityInterfaceForComposites.java:765)
	at ptolemy.actor.util.CausalityInterfaceForComposites._computeInputDepth(CausalityInterfaceForComposites.java:696)
	at ptolemy.actor.util.CausalityInterfaceForComposites._computeActorDepth(CausalityInterfaceForComposites.java:532)
	at ptolemy.actor.util.CausalityInterfaceForComposites.checkForCycles(CausalityInterfaceForComposites.java:96)
	at ptolemy.domains.de.kernel.DEDirector.preinitialize(DEDirector.java:1338)
	at ptolemy.actor.CompositeActor.preinitialize(CompositeActor.java:1828)
	at ptolemy.actor.Manager.preinitializeAndResolveTypes(Manager.java:1040)
	at ptolemy.actor.Manager.initialize(Manager.java:710)
	at ptolemy.actor.Manager.execute(Manager.java:356)
	at ptolemy.actor.Manager.run(Manager.java:1263)
	at ptolemy.actor.Manager$PtolemyRunThread.run(Manager.java:1933)

    while executing
ptolemy.kernel.util.IllegalActionException: Found a zero delay loop containing .dependencyLoop.original
  in .dependencyLoop and .dependencyLoop.original
    while executing
"java::new ptolemy.moml.MoMLSimpleApplication $file
"
    (procedure "createAndExecute" line 2)
    invoked from within
"createAndExecute $file"
    ("uplevel" body line 5)
    invoked from within
"uplevel $contents_of_test"
------------------ testing $PTII/ptolemy/domains/de/test/auto/knownFailedTests/FSMSource.xml (Known Failure) 
69 ms. Memory: 129024K Free: 110324K (86%)
!!!! Auto was marked as failing, but now passes
------------------ testing $PTII/ptolemy/domains/de/test/auto/knownFailedTests/HierarchicalModel.xml (Known Failure) 
8 ms. Memory: 129024K Free: 92884K (72%)


==== $PTIIhome/travis/build/icyphy/ptII/ptolemy/domains/de/test/../../../../: Auto Automatic test in file $PTII/ptolemy/domains/de/test/auto/knownFailedTests/HierarchicalModel.xml
==== Contents of test case:

	    # FIXME: we should use $relativeFilename here, but it
	    # might have backslashes under Windows, which causes no end
	    # of trouble.
	    createAndExecute $file
	    list {}
	
.... Test generated KNOWN error:
    while executing
ptolemy.kernel.util.IllegalActionException: Found a zero delay loop containing .HierarchicalModel.A
  in .HierarchicalModel and .HierarchicalModel.A
	at ptolemy.actor.util.CausalityInterfaceForComposites._computeOutputPortDepth(CausalityInterfaceForComposites.java:759)
	at ptolemy.actor.util.CausalityInterfaceForComposites._computeInputDepth(CausalityInterfaceForComposites.java:696)
	at ptolemy.actor.util.CausalityInterfaceForComposites._computeOutputPortDepth(CausalityInterfaceForComposites.java:765)
	at ptolemy.actor.util.CausalityInterfaceForComposites._computeInputDepth(CausalityInterfaceForComposites.java:696)
	at ptolemy.actor.util.CausalityInterfaceForComposites._computeOutputPortDepth(CausalityInterfaceForComposites.java:765)
	at ptolemy.actor.util.CausalityInterfaceForComposites._computeInputDepth(CausalityInterfaceForComposites.java:696)
	at ptolemy.actor.util.CausalityInterfaceForComposites._computeActorDepth(CausalityInterfaceForComposites.java:532)
	at ptolemy.actor.util.CausalityInterfaceForComposites.checkForCycles(CausalityInterfaceForComposites.java:96)
	at ptolemy.domains.de.kernel.DEDirector.preinitialize(DEDirector.java:1338)
	at ptolemy.actor.CompositeActor.preinitialize(CompositeActor.java:1828)
	at ptolemy.actor.Manager.preinitializeAndResolveTypes(Manager.java:1040)
	at ptolemy.actor.Manager.initialize(Manager.java:710)
	at ptolemy.actor.Manager.execute(Manager.java:356)
	at ptolemy.actor.Manager.run(Manager.java:1263)
	at ptolemy.actor.Manager$PtolemyRunThread.run(Manager.java:1933)

    while executing
ptolemy.kernel.util.IllegalActionException: Found a zero delay loop containing .HierarchicalModel.A
  in .HierarchicalModel and .HierarchicalModel.A
    while executing
"java::new ptolemy.moml.MoMLSimpleApplication $file
"
    (procedure "createAndExecute" line 2)
    invoked from within
"createAndExecute $file"
    ("uplevel" body line 5)
    invoked from within
"uplevel $contents_of_test"
------------------ testing $PTII/ptolemy/domains/de/test/auto/knownFailedTests/dependencyLoop2.xml (Known Failure) 
5 ms. Memory: 129024K Free: 76554K (59%)


==== $PTIIhome/travis/build/icyphy/ptII/ptolemy/domains/de/test/../../../../: Auto Automatic test in file $PTII/ptolemy/domains/de/test/auto/knownFailedTests/dependencyLoop2.xml
==== Contents of test case:

	    # FIXME: we should use $relativeFilename here, but it
	    # might have backslashes under Windows, which causes no end
	    # of trouble.
	    createAndExecute $file
	    list {}
	
.... Test generated KNOWN error:
    while executing
ptolemy.kernel.util.IllegalActionException: Found a zero delay loop containing .dependencyLoop2.original
  in .dependencyLoop2 and .dependencyLoop2.original
	at ptolemy.actor.util.CausalityInterfaceForComposites._computeOutputPortDepth(CausalityInterfaceForComposites.java:759)
	at ptolemy.actor.util.CausalityInterfaceForComposites._computeInputDepth(CausalityInterfaceForComposites.java:696)
	at ptolemy.actor.util.CausalityInterfaceForComposites._computeOutputPortDepth(CausalityInterfaceForComposites.java:765)
	at ptolemy.actor.util.CausalityInterfaceForComposites._computeInputDepth(CausalityInterfaceForComposites.java:696)
	at ptolemy.actor.util.CausalityInterfaceForComposites._computeOutputPortDepth(CausalityInterfaceForComposites.java:765)
	at ptolemy.actor.util.CausalityInterfaceForComposites._computeInputDepth(CausalityInterfaceForComposites.java:696)
	at ptolemy.actor.util.CausalityInterfaceForComposites._computeActorDepth(CausalityInterfaceForComposites.java:532)
	at ptolemy.actor.util.CausalityInterfaceForComposites.checkForCycles(CausalityInterfaceForComposites.java:96)
	at ptolemy.domains.de.kernel.DEDirector.preinitialize(DEDirector.java:1338)
	at ptolemy.actor.CompositeActor.preinitialize(CompositeActor.java:1828)
	at ptolemy.actor.Manager.preinitializeAndResolveTypes(Manager.java:1040)
	at ptolemy.actor.Manager.initialize(Manager.java:710)
	at ptolemy.actor.Manager.execute(Manager.java:356)
	at ptolemy.actor.Manager.run(Manager.java:1263)
	at ptolemy.actor.Manager$PtolemyRunThread.run(Manager.java:1933)

    while executing
ptolemy.kernel.util.IllegalActionException: Found a zero delay loop containing .dependencyLoop2.original
  in .dependencyLoop2 and .dependencyLoop2.original
    while executing
"java::new ptolemy.moml.MoMLSimpleApplication $file
"
    (procedure "createAndExecute" line 2)
    invoked from within
"createAndExecute $file"
    ("uplevel" body line 5)
    invoked from within
"uplevel $contents_of_test"
------------------ testing $PTII/ptolemy/domains/de/test/auto/knownFailedTests/DESDFClockTest.xml (Known Failure) 
2060 ms. Memory: 129024K Free: 107567K (83%)


==== $PTIIhome/travis/build/icyphy/ptII/ptolemy/domains/de/test/../../../../: Auto Automatic test in file $PTII/ptolemy/domains/de/test/auto/knownFailedTests/DESDFClockTest.xml
==== Contents of test case:

	    # FIXME: we should use $relativeFilename here, but it
	    # might have backslashes under Windows, which causes no end
	    # of trouble.
	    createAndExecute $file
	    list {}
	
.... Test generated KNOWN error:
    while executing
ptolemy.kernel.util.IllegalActionException: Actor is not ready to fire.  Perhaps UpSample.prefire() returned false? Try debugging the actor by selecting "Listen to Actor".  Also, for SDF check moml for tokenConsumptionRate on input.
  in .DESDFClockTest.Play Bell.Copy1:SDF Director and .DESDFClockTest.Play Bell.UpSample
	at ptolemy.actor.sched.StaticSchedulingDirector.fire(StaticSchedulingDirector.java:227)
	at ptolemy.domains.sdf.kernel.SDFDirector.fire(SDFDirector.java:500)
	at ptolemy.actor.CompositeActor.fire(CompositeActor.java:455)
	at ptolemy.domains.de.kernel.DEDirector._fire(DEDirector.java:1949)
	at ptolemy.domains.de.kernel.DEDirector.fire(DEDirector.java:502)
	at ptolemy.actor.CompositeActor.fire(CompositeActor.java:455)
	at ptolemy.actor.Manager.iterate(Manager.java:851)
	at ptolemy.actor.Manager.execute(Manager.java:369)
	at ptolemy.actor.Manager.run(Manager.java:1263)
	at ptolemy.actor.Manager$PtolemyRunThread.run(Manager.java:1933)

    while executing
ptolemy.kernel.util.IllegalActionException: Actor is not ready to fire.  Perhaps UpSample.prefire() returned false? Try debugging the actor by selecting "Listen to Actor".  Also, for SDF check moml for tokenConsumptionRate on input.
  in .DESDFClockTest.Play Bell.Copy1:SDF Director and .DESDFClockTest.Play Bell.UpSample
    while executing
"java::new ptolemy.moml.MoMLSimpleApplication $file
"
    (procedure "createAndExecute" line 2)
    invoked from within
"createAndExecute $file"
    ("uplevel" body line 5)
    invoked from within
"uplevel $contents_of_test"
------------------ testing $PTII/ptolemy/domains/de/test/auto/ActorDepthCalculation_actorWithoutPorts.xml
auto.tcl: Setting watchdog for 200 seconds at Fri Jan 03 07:20:33 UTC 2020
9 ms. Memory: 129024K Free: 99889K (77%)
ptolemy.util.test.WatchDog.cancel(): canceling Fri Jan 03 07:20:33 UTC 2020
auto.tcl: Setting watchdog for 200 seconds at Fri Jan 03 07:20:33 UTC 2020
4 ms. Memory: 129024K Free: 98345K (76%)
ptolemy.util.test.WatchDog.cancel(): canceling Fri Jan 03 07:20:33 UTC 2020
------------------ testing $PTII/ptolemy/domains/de/test/auto/AssemblyLine.xml
auto.tcl: Setting watchdog for 200 seconds at Fri Jan 03 07:20:33 UTC 2020
7 ms. Memory: 55296K Free: 31584K (57%)
ptolemy.util.test.WatchDog.cancel(): canceling Fri Jan 03 07:20:33 UTC 2020
auto.tcl: Setting watchdog for 200 seconds at Fri Jan 03 07:20:33 UTC 2020
6 ms. Memory: 55296K Free: 31072K (56%)
ptolemy.util.test.WatchDog.cancel(): canceling Fri Jan 03 07:20:33 UTC 2020
------------------ testing $PTII/ptolemy/domains/de/test/auto/CQBug1.xml
auto.tcl: Setting watchdog for 200 seconds at Fri Jan 03 07:20:33 UTC 2020
3 ms. Memory: 55296K Free: 37328K (68%)
ptolemy.util.test.WatchDog.cancel(): canceling Fri Jan 03 07:20:34 UTC 2020
auto.tcl: Setting watchdog for 200 seconds at Fri Jan 03 07:20:34 UTC 2020
2 ms. Memory: 55296K Free: 37207K (67%)
ptolemy.util.test.WatchDog.cancel(): canceling Fri Jan 03 07:20:34 UTC 2020
------------------ testing $PTII/ptolemy/domains/de/test/auto/CancelFireAt.xml
auto.tcl: Setting watchdog for 200 seconds at Fri Jan 03 07:20:34 UTC 2020
2 ms. Memory: 51200K Free: 34490K (67%)
ptolemy.util.test.WatchDog.cancel(): canceling Fri Jan 03 07:20:34 UTC 2020
auto.tcl: Setting watchdog for 200 seconds at Fri Jan 03 07:20:34 UTC 2020
2 ms. Memory: 51200K Free: 34022K (66%)
ptolemy.util.test.WatchDog.cancel(): canceling Fri Jan 03 07:20:34 UTC 2020
------------------ testing $PTII/ptolemy/domains/de/test/auto/CausalityAndComposabilityAnalysis.xml
auto.tcl: Setting watchdog for 200 seconds at Fri Jan 03 07:20:34 UTC 2020
11 ms. Memory: 51200K Free: 32376K (63%)
ptolemy.util.test.WatchDog.cancel(): canceling Fri Jan 03 07:20:34 UTC 2020
auto.tcl: Setting watchdog for 200 seconds at Fri Jan 03 07:20:34 UTC 2020
5 ms. Memory: 51200K Free: 31981K (62%)
ptolemy.util.test.WatchDog.cancel(): canceling Fri Jan 03 07:20:34 UTC 2020
------------------ testing $PTII/ptolemy/domains/de/test/auto/CausalityInterface1.xml
auto.tcl: Setting watchdog for 200 seconds at Fri Jan 03 07:20:34 UTC 2020
26 ms. Memory: 51200K Free: 31386K (61%)
ptolemy.util.test.WatchDog.cancel(): canceling Fri Jan 03 07:20:34 UTC 2020
auto.tcl: Setting watchdog for 200 seconds at Fri Jan 03 07:20:34 UTC 2020
3 ms. Memory: 51200K Free: 30412K (59%)
ptolemy.util.test.WatchDog.cancel(): canceling Fri Jan 03 07:20:34 UTC 2020
------------------ testing $PTII/ptolemy/domains/de/test/auto/CausalityInterface15.xml
auto.tcl: Setting watchdog for 200 seconds at Fri Jan 03 07:20:34 UTC 2020
7 ms. Memory: 51200K Free: 31326K (61%)
ptolemy.util.test.WatchDog.cancel(): canceling Fri Jan 03 07:20:34 UTC 2020
auto.tcl: Setting watchdog for 200 seconds at Fri Jan 03 07:20:34 UTC 2020
3 ms. Memory: 51200K Free: 30380K (59%)
ptolemy.util.test.WatchDog.cancel(): canceling Fri Jan 03 07:20:34 UTC 2020
------------------ testing $PTII/ptolemy/domains/de/test/auto/CausalityInterface2.xml
auto.tcl: Setting watchdog for 200 seconds at Fri Jan 03 07:20:34 UTC 2020
4 ms. Memory: 51200K Free: 32063K (63%)
ptolemy.util.test.WatchDog.cancel(): canceling Fri Jan 03 07:20:34 UTC 2020
auto.tcl: Setting watchdog for 200 seconds at Fri Jan 03 07:20:34 UTC 2020
5 ms. Memory: 51200K Free: 31365K (61%)
ptolemy.util.test.WatchDog.cancel(): canceling Fri Jan 03 07:20:34 UTC 2020
------------------ testing $PTII/ptolemy/domains/de/test/auto/CausalityInterface3.xml
auto.tcl: Setting watchdog for 200 seconds at Fri Jan 03 07:20:34 UTC 2020
3 ms. Memory: 51200K Free: 31568K (62%)
ptolemy.util.test.WatchDog.cancel(): canceling Fri Jan 03 07:20:34 UTC 2020
auto.tcl: Setting watchdog for 200 seconds at Fri Jan 03 07:20:34 UTC 2020
3 ms. Memory: 51200K Free: 31084K (61%)
ptolemy.util.test.WatchDog.cancel(): canceling Fri Jan 03 07:20:34 UTC 2020
------------------ testing $PTII/ptolemy/domains/de/test/auto/ClockDrift.xml
auto.tcl: Setting watchdog for 200 seconds at Fri Jan 03 07:20:34 UTC 2020
72 ms. Memory: 51200K Free: 23884K (47%)
ptolemy.util.test.WatchDog.cancel(): canceling Fri Jan 03 07:20:34 UTC 2020
auto.tcl: Setting watchdog for 200 seconds at Fri Jan 03 07:20:34 UTC 2020
42 ms. Memory: 51200K Free: 20674K (40%)
ptolemy.util.test.WatchDog.cancel(): canceling Fri Jan 03 07:20:34 UTC 2020
------------------ testing $PTII/ptolemy/domains/de/test/auto/ClockDriftAndValueChange.xml
auto.tcl: Setting watchdog for 200 seconds at Fri Jan 03 07:20:34 UTC 2020
21 ms. Memory: 51200K Free: 24272K (47%)
ptolemy.util.test.WatchDog.cancel(): canceling Fri Jan 03 07:20:34 UTC 2020
auto.tcl: Setting watchdog for 200 seconds at Fri Jan 03 07:20:34 UTC 2020
15 ms. Memory: 51200K Free: 21458K (42%)
ptolemy.util.test.WatchDog.cancel(): canceling Fri Jan 03 07:20:34 UTC 2020
------------------ testing $PTII/ptolemy/domains/de/test/auto/ClockDriftChange.xml
auto.tcl: Setting watchdog for 200 seconds at Fri Jan 03 07:20:34 UTC 2020
20 ms. Memory: 51200K Free: 26061K (51%)
ptolemy.util.test.WatchDog.cancel(): canceling Fri Jan 03 07:20:34 UTC 2020
auto.tcl: Setting watchdog for 200 seconds at Fri Jan 03 07:20:34 UTC 2020
24 ms. Memory: 51200K Free: 23503K (46%)
ptolemy.util.test.WatchDog.cancel(): canceling Fri Jan 03 07:20:34 UTC 2020
------------------ testing $PTII/ptolemy/domains/de/test/auto/ComposableCausalityAnalysis.xml
auto.tcl: Setting watchdog for 200 seconds at Fri Jan 03 07:20:34 UTC 2020
2 ms. Memory: 51200K Free: 30856K (60%)
ptolemy.util.test.WatchDog.cancel(): canceling Fri Jan 03 07:20:35 UTC 2020
auto.tcl: Setting watchdog for 200 seconds at Fri Jan 03 07:20:35 UTC 2020
4 ms. Memory: 51200K Free: 29832K (58%)
ptolemy.util.test.WatchDog.cancel(): canceling Fri Jan 03 07:20:35 UTC 2020
------------------ testing $PTII/ptolemy/domains/de/test/auto/DEFixedPointLimitation.xml
auto.tcl: Setting watchdog for 200 seconds at Fri Jan 03 07:20:35 UTC 2020
2 ms. Memory: 51200K Free: 32053K (63%)
ptolemy.util.test.WatchDog.cancel(): canceling Fri Jan 03 07:20:35 UTC 2020
auto.tcl: Setting watchdog for 200 seconds at Fri Jan 03 07:20:35 UTC 2020
1 ms. Memory: 51200K Free: 31188K (61%)
ptolemy.util.test.WatchDog.cancel(): canceling Fri Jan 03 07:20:35 UTC 2020
------------------ testing $PTII/ptolemy/domains/de/test/auto/DEScheduleTest.xml
auto.tcl: Setting watchdog for 200 seconds at Fri Jan 03 07:20:35 UTC 2020
3 ms. Memory: 51200K Free: 32400K (63%)
ptolemy.util.test.WatchDog.cancel(): canceling Fri Jan 03 07:20:35 UTC 2020
auto.tcl: Setting watchdog for 200 seconds at Fri Jan 03 07:20:35 UTC 2020
3 ms. Memory: 51200K Free: 31645K (62%)
ptolemy.util.test.WatchDog.cancel(): canceling Fri Jan 03 07:20:35 UTC 2020
------------------ testing $PTII/ptolemy/domains/de/test/auto/DEinDEwithStartTimes.xml
auto.tcl: Setting watchdog for 200 seconds at Fri Jan 03 07:20:35 UTC 2020
2 ms. Memory: 51200K Free: 30572K (60%)
ptolemy.util.test.WatchDog.cancel(): canceling Fri Jan 03 07:20:35 UTC 2020
auto.tcl: Setting watchdog for 200 seconds at Fri Jan 03 07:20:35 UTC 2020
3 ms. Memory: 51200K Free: 29548K (58%)
ptolemy.util.test.WatchDog.cancel(): canceling Fri Jan 03 07:20:35 UTC 2020
------------------ testing $PTII/ptolemy/domains/de/test/auto/DEinDEwithStartTimes2.xml
auto.tcl: Setting watchdog for 200 seconds at Fri Jan 03 07:20:35 UTC 2020
6 ms. Memory: 51200K Free: 29681K (58%)
ptolemy.util.test.WatchDog.cancel(): canceling Fri Jan 03 07:20:35 UTC 2020
auto.tcl: Setting watchdog for 200 seconds at Fri Jan 03 07:20:35 UTC 2020
4 ms. Memory: 51200K Free: 28503K (56%)
ptolemy.util.test.WatchDog.cancel(): canceling Fri Jan 03 07:20:35 UTC 2020
------------------ testing $PTII/ptolemy/domains/de/test/auto/DateDemo.xml
auto.tcl: Setting watchdog for 200 seconds at Fri Jan 03 07:20:35 UTC 2020
20 ms. Memory: 51200K Free: 24114K (47%)
ptolemy.util.test.WatchDog.cancel(): canceling Fri Jan 03 07:20:35 UTC 2020
auto.tcl: Setting watchdog for 200 seconds at Fri Jan 03 07:20:35 UTC 2020
10 ms. Memory: 51200K Free: 22462K (44%)
ptolemy.util.test.WatchDog.cancel(): canceling Fri Jan 03 07:20:35 UTC 2020
------------------ testing $PTII/ptolemy/domains/de/test/auto/DateToEvent.xml
auto.tcl: Setting watchdog for 200 seconds at Fri Jan 03 07:20:35 UTC 2020
2010 ms. Memory: 51200K Free: 20066K (39%)
ptolemy.util.test.WatchDog.cancel(): canceling Fri Jan 03 07:20:37 UTC 2020
auto.tcl: Setting watchdog for 200 seconds at Fri Jan 03 07:20:37 UTC 2020
2006 ms. Memory: 51200K Free: 19221K (38%)
ptolemy.util.test.WatchDog.cancel(): canceling Fri Jan 03 07:20:39 UTC 2020
------------------ testing $PTII/ptolemy/domains/de/test/auto/DepthTest1.xml
auto.tcl: Setting watchdog for 200 seconds at Fri Jan 03 07:20:39 UTC 2020
2 ms. Memory: 51200K Free: 32895K (64%)
ptolemy.util.test.WatchDog.cancel(): canceling Fri Jan 03 07:20:39 UTC 2020
auto.tcl: Setting watchdog for 200 seconds at Fri Jan 03 07:20:39 UTC 2020
1 ms. Memory: 51200K Free: 32434K (63%)
ptolemy.util.test.WatchDog.cancel(): canceling Fri Jan 03 07:20:39 UTC 2020
------------------ testing $PTII/ptolemy/domains/de/test/auto/DepthTest2.xml
auto.tcl: Setting watchdog for 200 seconds at Fri Jan 03 07:20:39 UTC 2020
7 ms. Memory: 51200K Free: 29678K (58%)
ptolemy.util.test.WatchDog.cancel(): canceling Fri Jan 03 07:20:39 UTC 2020
auto.tcl: Setting watchdog for 200 seconds at Fri Jan 03 07:20:39 UTC 2020
3 ms. Memory: 51200K Free: 29233K (57%)
ptolemy.util.test.WatchDog.cancel(): canceling Fri Jan 03 07:20:39 UTC 2020
------------------ testing $PTII/ptolemy/domains/de/test/auto/DepthTest3.xml
auto.tcl: Setting watchdog for 200 seconds at Fri Jan 03 07:20:39 UTC 2020
4 ms. Memory: 51200K Free: 33239K (65%)
ptolemy.util.test.WatchDog.cancel(): canceling Fri Jan 03 07:20:39 UTC 2020
auto.tcl: Setting watchdog for 200 seconds at Fri Jan 03 07:20:39 UTC 2020
1 ms. Memory: 51200K Free: 32752K (64%)
ptolemy.util.test.WatchDog.cancel(): canceling Fri Jan 03 07:20:39 UTC 2020
------------------ testing $PTII/ptolemy/domains/de/test/auto/DepthTest4.xml
auto.tcl: Setting watchdog for 200 seconds at Fri Jan 03 07:20:39 UTC 2020
8 ms. Memory: 51200K Free: 31450K (61%)
ptolemy.util.test.WatchDog.cancel(): canceling Fri Jan 03 07:20:39 UTC 2020
auto.tcl: Setting watchdog for 200 seconds at Fri Jan 03 07:20:39 UTC 2020
2 ms. Memory: 51200K Free: 30791K (60%)
ptolemy.util.test.WatchDog.cancel(): canceling Fri Jan 03 07:20:39 UTC 2020
------------------ testing $PTII/ptolemy/domains/de/test/auto/DepthTest5.xml
auto.tcl: Setting watchdog for 200 seconds at Fri Jan 03 07:20:39 UTC 2020
4 ms. Memory: 51200K Free: 30918K (60%)
ptolemy.util.test.WatchDog.cancel(): canceling Fri Jan 03 07:20:39 UTC 2020
auto.tcl: Setting watchdog for 200 seconds at Fri Jan 03 07:20:39 UTC 2020
2 ms. Memory: 51200K Free: 30182K (59%)
ptolemy.util.test.WatchDog.cancel(): canceling Fri Jan 03 07:20:39 UTC 2020
------------------ testing $PTII/ptolemy/domains/de/test/auto/DepthTest6.xml
auto.tcl: Setting watchdog for 200 seconds at Fri Jan 03 07:20:39 UTC 2020
4 ms. Memory: 51200K Free: 30647K (60%)
ptolemy.util.test.WatchDog.cancel(): canceling Fri Jan 03 07:20:40 UTC 2020
auto.tcl: Setting watchdog for 200 seconds at Fri Jan 03 07:20:40 UTC 2020
2 ms. Memory: 51200K Free: 30194K (59%)
ptolemy.util.test.WatchDog.cancel(): canceling Fri Jan 03 07:20:40 UTC 2020
------------------ testing $PTII/ptolemy/domains/de/test/auto/DepthTest7.xml
auto.tcl: Setting watchdog for 200 seconds at Fri Jan 03 07:20:40 UTC 2020
3 ms. Memory: 51200K Free: 31387K (61%)
ptolemy.util.test.WatchDog.cancel(): canceling Fri Jan 03 07:20:40 UTC 2020
auto.tcl: Setting watchdog for 200 seconds at Fri Jan 03 07:20:40 UTC 2020
2 ms. Memory: 51200K Free: 30724K (60%)
ptolemy.util.test.WatchDog.cancel(): canceling Fri Jan 03 07:20:40 UTC 2020
------------------ testing $PTII/ptolemy/domains/de/test/auto/EventToDate.xml
auto.tcl: Setting watchdog for 200 seconds at Fri Jan 03 07:20:40 UTC 2020
3005 ms. Memory: 51200K Free: 21985K (43%)
ptolemy.util.test.WatchDog.cancel(): canceling Fri Jan 03 07:20:43 UTC 2020
auto.tcl: Setting watchdog for 200 seconds at Fri Jan 03 07:20:43 UTC 2020
3004 ms. Memory: 51200K Free: 21546K (42%)
ptolemy.util.test.WatchDog.cancel(): canceling Fri Jan 03 07:20:46 UTC 2020
------------------ testing $PTII/ptolemy/domains/de/test/auto/FSM1.xml
auto.tcl: Setting watchdog for 200 seconds at Fri Jan 03 07:20:46 UTC 2020
35 ms. Memory: 51200K Free: 22883K (45%)
ptolemy.util.test.WatchDog.cancel(): canceling Fri Jan 03 07:20:46 UTC 2020
auto.tcl: Setting watchdog for 200 seconds at Fri Jan 03 07:20:46 UTC 2020
23 ms. Memory: 51200K Free: 19718K (39%)
ptolemy.util.test.WatchDog.cancel(): canceling Fri Jan 03 07:20:46 UTC 2020
------------------ testing $PTII/ptolemy/domains/de/test/auto/FSM7.xml
auto.tcl: Setting watchdog for 200 seconds at Fri Jan 03 07:20:46 UTC 2020
24 ms. Memory: 51200K Free: 23148K (45%)
ptolemy.util.test.WatchDog.cancel(): canceling Fri Jan 03 07:20:46 UTC 2020
auto.tcl: Setting watchdog for 200 seconds at Fri Jan 03 07:20:46 UTC 2020
22 ms. Memory: 51200K Free: 19980K (39%)
ptolemy.util.test.WatchDog.cancel(): canceling Fri Jan 03 07:20:46 UTC 2020
------------------ testing $PTII/ptolemy/domains/de/test/auto/Inspection.xml
auto.tcl: Setting watchdog for 200 seconds at Fri Jan 03 07:20:46 UTC 2020
48 ms. Memory: 51200K Free: 23140K (45%)
ptolemy.util.test.WatchDog.cancel(): canceling Fri Jan 03 07:20:46 UTC 2020
auto.tcl: Setting watchdog for 200 seconds at Fri Jan 03 07:20:46 UTC 2020
15 ms. Memory: 51200K Free: 21442K (42%)
ptolemy.util.test.WatchDog.cancel(): canceling Fri Jan 03 07:20:46 UTC 2020
------------------ testing $PTII/ptolemy/domains/de/test/auto/Iteration.xml
auto.tcl: Setting watchdog for 200 seconds at Fri Jan 03 07:20:46 UTC 2020
6 ms. Memory: 51200K Free: 28687K (56%)
ptolemy.util.test.WatchDog.cancel(): canceling Fri Jan 03 07:20:46 UTC 2020
auto.tcl: Setting watchdog for 200 seconds at Fri Jan 03 07:20:46 UTC 2020
6 ms. Memory: 51200K Free: 27499K (54%)
ptolemy.util.test.WatchDog.cancel(): canceling Fri Jan 03 07:20:46 UTC 2020
------------------ testing $PTII/ptolemy/domains/de/test/auto/LineFault.xml
auto.tcl: Setting watchdog for 200 seconds at Fri Jan 03 07:20:46 UTC 2020
643 ms. Memory: 51200K Free: 12760K (25%)
ptolemy.util.test.WatchDog.cancel(): canceling Fri Jan 03 07:20:47 UTC 2020
auto.tcl: Setting watchdog for 200 seconds at Fri Jan 03 07:20:47 UTC 2020
530 ms. Memory: 61440K Free: 17546K (29%)
ptolemy.util.test.WatchDog.cancel(): canceling Fri Jan 03 07:20:48 UTC 2020
------------------ testing $PTII/ptolemy/domains/de/test/auto/MergeModel1Add.xml
auto.tcl: Setting watchdog for 200 seconds at Fri Jan 03 07:20:48 UTC 2020
29 ms. Memory: 58368K Free: 22081K (38%)
ptolemy.util.test.WatchDog.cancel(): canceling Fri Jan 03 07:20:48 UTC 2020
auto.tcl: Setting watchdog for 200 seconds at Fri Jan 03 07:20:48 UTC 2020
11 ms. Memory: 58368K Free: 20452K (35%)
ptolemy.util.test.WatchDog.cancel(): canceling Fri Jan 03 07:20:48 UTC 2020
------------------ testing $PTII/ptolemy/domains/de/test/auto/MergeModel2Add.xml
auto.tcl: Setting watchdog for 200 seconds at Fri Jan 03 07:20:48 UTC 2020
9 ms. Memory: 55296K Free: 20787K (38%)
ptolemy.util.test.WatchDog.cancel(): canceling Fri Jan 03 07:20:48 UTC 2020
auto.tcl: Setting watchdog for 200 seconds at Fri Jan 03 07:20:48 UTC 2020
8 ms. Memory: 55296K Free: 19116K (35%)
ptolemy.util.test.WatchDog.cancel(): canceling Fri Jan 03 07:20:48 UTC 2020
------------------ testing $PTII/ptolemy/domains/de/test/auto/MergeModel3Add.xml
auto.tcl: Setting watchdog for 200 seconds at Fri Jan 03 07:20:48 UTC 2020
9 ms. Memory: 55296K Free: 21041K (38%)
ptolemy.util.test.WatchDog.cancel(): canceling Fri Jan 03 07:20:48 UTC 2020
auto.tcl: Setting watchdog for 200 seconds at Fri Jan 03 07:20:48 UTC 2020
9 ms. Memory: 55296K Free: 19565K (35%)
ptolemy.util.test.WatchDog.cancel(): canceling Fri Jan 03 07:20:48 UTC 2020
------------------ testing $PTII/ptolemy/domains/de/test/auto/MergeWithoutDiscard.xml
auto.tcl: Setting watchdog for 200 seconds at Fri Jan 03 07:20:48 UTC 2020
1 ms. Memory: 55296K Free: 35952K (65%)
ptolemy.util.test.WatchDog.cancel(): canceling Fri Jan 03 07:20:48 UTC 2020
auto.tcl: Setting watchdog for 200 seconds at Fri Jan 03 07:20:48 UTC 2020
1 ms. Memory: 55296K Free: 35036K (63%)
ptolemy.util.test.WatchDog.cancel(): canceling Fri Jan 03 07:20:48 UTC 2020
------------------ testing $PTII/ptolemy/domains/de/test/auto/Modal1.xml
auto.tcl: Setting watchdog for 200 seconds at Fri Jan 03 07:20:48 UTC 2020
15 ms. Memory: 55296K Free: 27551K (50%)
ptolemy.util.test.WatchDog.cancel(): canceling Fri Jan 03 07:20:48 UTC 2020
auto.tcl: Setting watchdog for 200 seconds at Fri Jan 03 07:20:48 UTC 2020
16 ms. Memory: 55296K Free: 24068K (44%)
ptolemy.util.test.WatchDog.cancel(): canceling Fri Jan 03 07:20:48 UTC 2020
------------------ testing $PTII/ptolemy/domains/de/test/auto/Modal2.xml
auto.tcl: Setting watchdog for 200 seconds at Fri Jan 03 07:20:48 UTC 2020
15 ms. Memory: 55296K Free: 27942K (51%)
ptolemy.util.test.WatchDog.cancel(): canceling Fri Jan 03 07:20:48 UTC 2020
auto.tcl: Setting watchdog for 200 seconds at Fri Jan 03 07:20:48 UTC 2020
19 ms. Memory: 55296K Free: 24433K (44%)
ptolemy.util.test.WatchDog.cancel(): canceling Fri Jan 03 07:20:48 UTC 2020
------------------ testing $PTII/ptolemy/domains/de/test/auto/Modal3.xml
auto.tcl: Setting watchdog for 200 seconds at Fri Jan 03 07:20:48 UTC 2020
10 ms. Memory: 55296K Free: 27635K (50%)
ptolemy.util.test.WatchDog.cancel(): canceling Fri Jan 03 07:20:48 UTC 2020
auto.tcl: Setting watchdog for 200 seconds at Fri Jan 03 07:20:48 UTC 2020
11 ms. Memory: 55296K Free: 24000K (43%)
ptolemy.util.test.WatchDog.cancel(): canceling Fri Jan 03 07:20:48 UTC 2020
------------------ testing $PTII/ptolemy/domains/de/test/auto/Modal4.xml
auto.tcl: Setting watchdog for 200 seconds at Fri Jan 03 07:20:48 UTC 2020
21 ms. Memory: 55296K Free: 26645K (48%)
ptolemy.util.test.WatchDog.cancel(): canceling Fri Jan 03 07:20:48 UTC 2020
auto.tcl: Setting watchdog for 200 seconds at Fri Jan 03 07:20:48 UTC 2020
12 ms. Memory: 55296K Free: 22818K (41%)
ptolemy.util.test.WatchDog.cancel(): canceling Fri Jan 03 07:20:48 UTC 2020
------------------ testing $PTII/ptolemy/domains/de/test/auto/Modal5.xml
auto.tcl: Setting watchdog for 200 seconds at Fri Jan 03 07:20:49 UTC 2020
14 ms. Memory: 55296K Free: 26610K (48%)
ptolemy.util.test.WatchDog.cancel(): canceling Fri Jan 03 07:20:49 UTC 2020
auto.tcl: Setting watchdog for 200 seconds at Fri Jan 03 07:20:49 UTC 2020
13 ms. Memory: 55296K Free: 22967K (42%)
ptolemy.util.test.WatchDog.cancel(): canceling Fri Jan 03 07:20:49 UTC 2020
------------------ testing $PTII/ptolemy/domains/de/test/auto/Modal6.xml
auto.tcl: Setting watchdog for 200 seconds at Fri Jan 03 07:20:49 UTC 2020
16 ms. Memory: 55296K Free: 27356K (49%)
ptolemy.util.test.WatchDog.cancel(): canceling Fri Jan 03 07:20:49 UTC 2020
auto.tcl: Setting watchdog for 200 seconds at Fri Jan 03 07:20:49 UTC 2020
15 ms. Memory: 55296K Free: 23416K (42%)
ptolemy.util.test.WatchDog.cancel(): canceling Fri Jan 03 07:20:49 UTC 2020
------------------ testing $PTII/ptolemy/domains/de/test/auto/Modal7.xml
auto.tcl: Setting watchdog for 200 seconds at Fri Jan 03 07:20:49 UTC 2020
16 ms. Memory: 55296K Free: 26609K (48%)
ptolemy.util.test.WatchDog.cancel(): canceling Fri Jan 03 07:20:49 UTC 2020
auto.tcl: Setting watchdog for 200 seconds at Fri Jan 03 07:20:49 UTC 2020
11 ms. Memory: 55296K Free: 22990K (42%)
ptolemy.util.test.WatchDog.cancel(): canceling Fri Jan 03 07:20:49 UTC 2020
------------------ testing $PTII/ptolemy/domains/de/test/auto/ModalModel.xml
auto.tcl: Setting watchdog for 200 seconds at Fri Jan 03 07:20:49 UTC 2020
198 ms. Memory: 70656K Free: 38285K (54%)
ptolemy.util.test.WatchDog.cancel(): canceling Fri Jan 03 07:20:49 UTC 2020
auto.tcl: Setting watchdog for 200 seconds at Fri Jan 03 07:20:49 UTC 2020
175 ms. Memory: 70656K Free: 47029K (67%)
ptolemy.util.test.WatchDog.cancel(): canceling Fri Jan 03 07:20:49 UTC 2020
------------------ testing $PTII/ptolemy/domains/de/test/auto/ModalSource.xml
auto.tcl: Setting watchdog for 200 seconds at Fri Jan 03 07:20:49 UTC 2020
6 ms. Memory: 55296K Free: 31477K (57%)
ptolemy.util.test.WatchDog.cancel(): canceling Fri Jan 03 07:20:49 UTC 2020
auto.tcl: Setting watchdog for 200 seconds at Fri Jan 03 07:20:49 UTC 2020
6 ms. Memory: 55296K Free: 29429K (53%)
ptolemy.util.test.WatchDog.cancel(): canceling Fri Jan 03 07:20:49 UTC 2020
------------------ testing $PTII/ptolemy/domains/de/test/auto/NonInterruptibleTimerZeroDelay.xml
auto.tcl: Setting watchdog for 200 seconds at Fri Jan 03 07:20:49 UTC 2020
3 ms. Memory: 55296K Free: 36360K (66%)
ptolemy.util.test.WatchDog.cancel(): canceling Fri Jan 03 07:20:49 UTC 2020
auto.tcl: Setting watchdog for 200 seconds at Fri Jan 03 07:20:49 UTC 2020
2 ms. Memory: 55296K Free: 35751K (65%)
ptolemy.util.test.WatchDog.cancel(): canceling Fri Jan 03 07:20:49 UTC 2020
------------------ testing $PTII/ptolemy/domains/de/test/auto/OpenQueueingNetwork.xml
auto.tcl: Setting watchdog for 200 seconds at Fri Jan 03 07:20:49 UTC 2020
2749 ms. Memory: 113664K Free: 46259K (41%)
ptolemy.util.test.WatchDog.cancel(): canceling Fri Jan 03 07:20:52 UTC 2020
auto.tcl: Setting watchdog for 200 seconds at Fri Jan 03 07:20:52 UTC 2020
2333 ms. Memory: 137216K Free: 107702K (78%)
ptolemy.util.test.WatchDog.cancel(): canceling Fri Jan 03 07:20:55 UTC 2020
------------------ testing $PTII/ptolemy/domains/de/test/auto/OpenQueuingNetwork.xml
auto.tcl: Setting watchdog for 200 seconds at Fri Jan 03 07:20:55 UTC 2020
261 ms. Memory: 61440K Free: 39056K (64%)
ptolemy.util.test.WatchDog.cancel(): canceling Fri Jan 03 07:20:55 UTC 2020
auto.tcl: Setting watchdog for 200 seconds at Fri Jan 03 07:20:55 UTC 2020
268 ms. Memory: 61440K Free: 22673K (37%)
ptolemy.util.test.WatchDog.cancel(): canceling Fri Jan 03 07:20:55 UTC 2020
------------------ testing $PTII/ptolemy/domains/de/test/auto/PeriodicSampler.xml
auto.tcl: Setting watchdog for 200 seconds at Fri Jan 03 07:20:55 UTC 2020
2 ms. Memory: 55296K Free: 35611K (64%)
ptolemy.util.test.WatchDog.cancel(): canceling Fri Jan 03 07:20:55 UTC 2020
auto.tcl: Setting watchdog for 200 seconds at Fri Jan 03 07:20:55 UTC 2020
2 ms. Memory: 55296K Free: 35091K (63%)
ptolemy.util.test.WatchDog.cancel(): canceling Fri Jan 03 07:20:55 UTC 2020
------------------ testing $PTII/ptolemy/domains/de/test/auto/PersistentIO.xml
auto.tcl: Setting watchdog for 200 seconds at Fri Jan 03 07:20:55 UTC 2020
4 ms. Memory: 55296K Free: 30535K (55%)
ptolemy.util.test.WatchDog.cancel(): canceling Fri Jan 03 07:20:55 UTC 2020
auto.tcl: Setting watchdog for 200 seconds at Fri Jan 03 07:20:55 UTC 2020
4 ms. Memory: 55296K Free: 29015K (52%)
ptolemy.util.test.WatchDog.cancel(): canceling Fri Jan 03 07:20:55 UTC 2020
------------------ testing $PTII/ptolemy/domains/de/test/auto/PortParameterResetOnInitialize.xml
auto.tcl: Setting watchdog for 200 seconds at Fri Jan 03 07:20:55 UTC 2020
1 ms. Memory: 55296K Free: 35533K (64%)
ptolemy.util.test.WatchDog.cancel(): canceling Fri Jan 03 07:20:55 UTC 2020
auto.tcl: Setting watchdog for 200 seconds at Fri Jan 03 07:20:55 UTC 2020
2 ms. Memory: 55296K Free: 35023K (63%)
ptolemy.util.test.WatchDog.cancel(): canceling Fri Jan 03 07:20:55 UTC 2020
------------------ testing $PTII/ptolemy/domains/de/test/auto/PortParameterUpdates.xml
auto.tcl: Setting watchdog for 200 seconds at Fri Jan 03 07:20:55 UTC 2020
8 ms. Memory: 55296K Free: 33603K (61%)
ptolemy.util.test.WatchDog.cancel(): canceling Fri Jan 03 07:20:56 UTC 2020
auto.tcl: Setting watchdog for 200 seconds at Fri Jan 03 07:20:56 UTC 2020
3 ms. Memory: 55296K Free: 32579K (59%)
ptolemy.util.test.WatchDog.cancel(): canceling Fri Jan 03 07:20:56 UTC 2020
------------------ testing $PTII/ptolemy/domains/de/test/auto/QueueAndServer.xml
auto.tcl: Setting watchdog for 200 seconds at Fri Jan 03 07:20:56 UTC 2020
11 ms. Memory: 55296K Free: 32751K (59%)
ptolemy.util.test.WatchDog.cancel(): canceling Fri Jan 03 07:20:56 UTC 2020
auto.tcl: Setting watchdog for 200 seconds at Fri Jan 03 07:20:56 UTC 2020
6 ms. Memory: 55296K Free: 31023K (56%)
ptolemy.util.test.WatchDog.cancel(): canceling Fri Jan 03 07:20:56 UTC 2020
------------------ testing $PTII/ptolemy/domains/de/test/auto/Records.xml
auto.tcl: Setting watchdog for 200 seconds at Fri Jan 03 07:20:56 UTC 2020
9 ms. Memory: 55296K Free: 34741K (63%)
ptolemy.util.test.WatchDog.cancel(): canceling Fri Jan 03 07:20:56 UTC 2020
auto.tcl: Setting watchdog for 200 seconds at Fri Jan 03 07:20:56 UTC 2020
2 ms. Memory: 55296K Free: 34229K (62%)
ptolemy.util.test.WatchDog.cancel(): canceling Fri Jan 03 07:20:56 UTC 2020
------------------ testing $PTII/ptolemy/domains/de/test/auto/ResetTransitionWithStartTime1.xml
auto.tcl: Setting watchdog for 200 seconds at Fri Jan 03 07:20:56 UTC 2020
11 ms. Memory: 55296K Free: 32017K (58%)
ptolemy.util.test.WatchDog.cancel(): canceling Fri Jan 03 07:20:56 UTC 2020
auto.tcl: Setting watchdog for 200 seconds at Fri Jan 03 07:20:56 UTC 2020
9 ms. Memory: 55296K Free: 29969K (54%)
ptolemy.util.test.WatchDog.cancel(): canceling Fri Jan 03 07:20:56 UTC 2020
------------------ testing $PTII/ptolemy/domains/de/test/auto/ResetTransitionWithStartTime2.xml
auto.tcl: Setting watchdog for 200 seconds at Fri Jan 03 07:20:56 UTC 2020
7 ms. Memory: 55296K Free: 32005K (58%)
ptolemy.util.test.WatchDog.cancel(): canceling Fri Jan 03 07:20:56 UTC 2020
auto.tcl: Setting watchdog for 200 seconds at Fri Jan 03 07:20:56 UTC 2020
6 ms. Memory: 55296K Free: 29925K (54%)
ptolemy.util.test.WatchDog.cancel(): canceling Fri Jan 03 07:20:56 UTC 2020
------------------ testing $PTII/ptolemy/domains/de/test/auto/ResetTransitionWithStartTime3.xml
auto.tcl: Setting watchdog for 200 seconds at Fri Jan 03 07:20:56 UTC 2020
9 ms. Memory: 55296K Free: 32004K (58%)
ptolemy.util.test.WatchDog.cancel(): canceling Fri Jan 03 07:20:56 UTC 2020
auto.tcl: Setting watchdog for 200 seconds at Fri Jan 03 07:20:56 UTC 2020
6 ms. Memory: 55296K Free: 29924K (54%)
ptolemy.util.test.WatchDog.cancel(): canceling Fri Jan 03 07:20:56 UTC 2020
------------------ testing $PTII/ptolemy/domains/de/test/auto/ResetTransitionWithStartTime4.xml
auto.tcl: Setting watchdog for 200 seconds at Fri Jan 03 07:20:56 UTC 2020
8 ms. Memory: 55296K Free: 32358K (59%)
ptolemy.util.test.WatchDog.cancel(): canceling Fri Jan 03 07:20:56 UTC 2020
auto.tcl: Setting watchdog for 200 seconds at Fri Jan 03 07:20:56 UTC 2020
4 ms. Memory: 55296K Free: 30947K (56%)
ptolemy.util.test.WatchDog.cancel(): canceling Fri Jan 03 07:20:56 UTC 2020
------------------ testing $PTII/ptolemy/domains/de/test/auto/ResettableTimer1.xml
auto.tcl: Setting watchdog for 200 seconds at Fri Jan 03 07:20:56 UTC 2020
3 ms. Memory: 55296K Free: 36103K (65%)
ptolemy.util.test.WatchDog.cancel(): canceling Fri Jan 03 07:20:56 UTC 2020
auto.tcl: Setting watchdog for 200 seconds at Fri Jan 03 07:20:56 UTC 2020
2 ms. Memory: 55296K Free: 35521K (64%)
ptolemy.util.test.WatchDog.cancel(): canceling Fri Jan 03 07:20:56 UTC 2020
------------------ testing $PTII/ptolemy/domains/de/test/auto/ResettableTimer2.xml
auto.tcl: Setting watchdog for 200 seconds at Fri Jan 03 07:20:56 UTC 2020
3 ms. Memory: 55296K Free: 36159K (65%)
ptolemy.util.test.WatchDog.cancel(): canceling Fri Jan 03 07:20:56 UTC 2020
auto.tcl: Setting watchdog for 200 seconds at Fri Jan 03 07:20:56 UTC 2020
3 ms. Memory: 55296K Free: 35082K (63%)
ptolemy.util.test.WatchDog.cancel(): canceling Fri Jan 03 07:20:56 UTC 2020
------------------ testing $PTII/ptolemy/domains/de/test/auto/ResettableTimer3.xml
auto.tcl: Setting watchdog for 200 seconds at Fri Jan 03 07:20:56 UTC 2020
1 ms. Memory: 55296K Free: 36105K (65%)
ptolemy.util.test.WatchDog.cancel(): canceling Fri Jan 03 07:20:56 UTC 2020
auto.tcl: Setting watchdog for 200 seconds at Fri Jan 03 07:20:56 UTC 2020
1 ms. Memory: 55296K Free: 36105K (65%)
ptolemy.util.test.WatchDog.cancel(): canceling Fri Jan 03 07:20:56 UTC 2020
------------------ testing $PTII/ptolemy/domains/de/test/auto/ResettableTimer4.xml
auto.tcl: Setting watchdog for 200 seconds at Fri Jan 03 07:20:56 UTC 2020
1 ms. Memory: 55296K Free: 36118K (65%)
ptolemy.util.test.WatchDog.cancel(): canceling Fri Jan 03 07:20:56 UTC 2020
auto.tcl: Setting watchdog for 200 seconds at Fri Jan 03 07:20:56 UTC 2020
2 ms. Memory: 55296K Free: 35604K (64%)
ptolemy.util.test.WatchDog.cancel(): canceling Fri Jan 03 07:20:56 UTC 2020
------------------ testing $PTII/ptolemy/domains/de/test/auto/ResettableTimer5.xml
auto.tcl: Setting watchdog for 200 seconds at Fri Jan 03 07:20:56 UTC 2020
2 ms. Memory: 55296K Free: 35602K (64%)
ptolemy.util.test.WatchDog.cancel(): canceling Fri Jan 03 07:20:56 UTC 2020
auto.tcl: Setting watchdog for 200 seconds at Fri Jan 03 07:20:56 UTC 2020
1 ms. Memory: 55296K Free: 35092K (63%)
ptolemy.util.test.WatchDog.cancel(): canceling Fri Jan 03 07:20:56 UTC 2020
------------------ testing $PTII/ptolemy/domains/de/test/auto/ResettableTimer6.xml
auto.tcl: Setting watchdog for 200 seconds at Fri Jan 03 07:20:56 UTC 2020
1 ms. Memory: 55296K Free: 35593K (64%)
ptolemy.util.test.WatchDog.cancel(): canceling Fri Jan 03 07:20:56 UTC 2020
auto.tcl: Setting watchdog for 200 seconds at Fri Jan 03 07:20:56 UTC 2020
1 ms. Memory: 55296K Free: 35083K (63%)
ptolemy.util.test.WatchDog.cancel(): canceling Fri Jan 03 07:20:56 UTC 2020
------------------ testing $PTII/ptolemy/domains/de/test/auto/ServerZeroDelay.xml
auto.tcl: Setting watchdog for 200 seconds at Fri Jan 03 07:20:56 UTC 2020
5 ms. Memory: 55296K Free: 36098K (65%)
ptolemy.util.test.WatchDog.cancel(): canceling Fri Jan 03 07:20:56 UTC 2020
auto.tcl: Setting watchdog for 200 seconds at Fri Jan 03 07:20:56 UTC 2020
2 ms. Memory: 55296K Free: 35074K (63%)
ptolemy.util.test.WatchDog.cancel(): canceling Fri Jan 03 07:20:56 UTC 2020
------------------ testing $PTII/ptolemy/domains/de/test/auto/SmartSender.xml
auto.tcl: Setting watchdog for 200 seconds at Fri Jan 03 07:20:56 UTC 2020
3001 ms. Memory: 55296K Free: 35579K (64%)
ptolemy.util.test.WatchDog.cancel(): canceling Fri Jan 03 07:20:59 UTC 2020
auto.tcl: Setting watchdog for 200 seconds at Fri Jan 03 07:20:59 UTC 2020
3001 ms. Memory: 55296K Free: 35069K (63%)
ptolemy.util.test.WatchDog.cancel(): canceling Fri Jan 03 07:21:02 UTC 2020
------------------ testing $PTII/ptolemy/domains/de/test/auto/ThreadedComposite.xml
auto.tcl: Setting watchdog for 200 seconds at Fri Jan 03 07:21:02 UTC 2020
276 ms. Memory: 55296K Free: 16651K (30%)
ptolemy.util.test.WatchDog.cancel(): canceling Fri Jan 03 07:21:03 UTC 2020
auto.tcl: Setting watchdog for 200 seconds at Fri Jan 03 07:21:03 UTC 2020
208 ms. Memory: 55296K Free: 34387K (62%)
ptolemy.util.test.WatchDog.cancel(): canceling Fri Jan 03 07:21:03 UTC 2020
------------------ testing $PTII/ptolemy/domains/de/test/auto/Time.xml
auto.tcl: Setting watchdog for 200 seconds at Fri Jan 03 07:21:03 UTC 2020
589 ms. Memory: 55296K Free: 15367K (28%)
ptolemy.util.test.WatchDog.cancel(): canceling Fri Jan 03 07:21:04 UTC 2020
auto.tcl: Setting watchdog for 200 seconds at Fri Jan 03 07:21:04 UTC 2020
540 ms. Memory: 72704K Free: 44385K (61%)
ptolemy.util.test.WatchDog.cancel(): canceling Fri Jan 03 07:21:04 UTC 2020
------------------ testing $PTII/ptolemy/domains/de/test/auto/TimeDelayZeroDelay.xml
auto.tcl: Setting watchdog for 200 seconds at Fri Jan 03 07:21:04 UTC 2020
2 ms. Memory: 55296K Free: 36520K (66%)
ptolemy.util.test.WatchDog.cancel(): canceling Fri Jan 03 07:21:04 UTC 2020
auto.tcl: Setting watchdog for 200 seconds at Fri Jan 03 07:21:04 UTC 2020
2 ms. Memory: 55296K Free: 35629K (64%)
ptolemy.util.test.WatchDog.cancel(): canceling Fri Jan 03 07:21:04 UTC 2020
------------------ testing $PTII/ptolemy/domains/de/test/auto/TimerZeroDelay.xml
auto.tcl: Setting watchdog for 200 seconds at Fri Jan 03 07:21:04 UTC 2020
2 ms. Memory: 55296K Free: 36375K (66%)
ptolemy.util.test.WatchDog.cancel(): canceling Fri Jan 03 07:21:04 UTC 2020
auto.tcl: Setting watchdog for 200 seconds at Fri Jan 03 07:21:04 UTC 2020
2 ms. Memory: 55296K Free: 35672K (65%)
ptolemy.util.test.WatchDog.cancel(): canceling Fri Jan 03 07:21:04 UTC 2020
------------------ testing $PTII/ptolemy/domains/de/test/auto/TimingParadox.xml
auto.tcl: Setting watchdog for 200 seconds at Fri Jan 03 07:21:04 UTC 2020
393 ms. Memory: 55296K Free: 30279K (55%)
ptolemy.util.test.WatchDog.cancel(): canceling Fri Jan 03 07:21:05 UTC 2020
auto.tcl: Setting watchdog for 200 seconds at Fri Jan 03 07:21:05 UTC 2020
392 ms. Memory: 55296K Free: 24271K (44%)
ptolemy.util.test.WatchDog.cancel(): canceling Fri Jan 03 07:21:05 UTC 2020
------------------ testing $PTII/ptolemy/domains/de/test/auto/TransferInputs.xml
auto.tcl: Setting watchdog for 200 seconds at Fri Jan 03 07:21:05 UTC 2020
2 ms. Memory: 55296K Free: 34542K (62%)
ptolemy.util.test.WatchDog.cancel(): canceling Fri Jan 03 07:21:05 UTC 2020
auto.tcl: Setting watchdog for 200 seconds at Fri Jan 03 07:21:05 UTC 2020
1 ms. Memory: 55296K Free: 33615K (61%)
ptolemy.util.test.WatchDog.cancel(): canceling Fri Jan 03 07:21:05 UTC 2020
------------------ testing $PTII/ptolemy/domains/de/test/auto/TransferOutputs2.xml
auto.tcl: Setting watchdog for 200 seconds at Fri Jan 03 07:21:05 UTC 2020
8 ms. Memory: 55296K Free: 31977K (58%)
ptolemy.util.test.WatchDog.cancel(): canceling Fri Jan 03 07:21:05 UTC 2020
auto.tcl: Setting watchdog for 200 seconds at Fri Jan 03 07:21:05 UTC 2020
3 ms. Memory: 55296K Free: 30515K (55%)
ptolemy.util.test.WatchDog.cancel(): canceling Fri Jan 03 07:21:05 UTC 2020
------------------ testing $PTII/ptolemy/domains/de/test/auto/Trilateration.xml
auto.tcl: Setting watchdog for 200 seconds at Fri Jan 03 07:21:05 UTC 2020
11551 ms. Memory: 403456K Free: 213117K (53%)
ptolemy.util.test.WatchDog.cancel(): canceling Fri Jan 03 07:21:18 UTC 2020
auto.tcl: Setting watchdog for 200 seconds at Fri Jan 03 07:21:18 UTC 2020
8748 ms. Memory: 403456K Free: 225630K (56%)
ptolemy.util.test.WatchDog.cancel(): canceling Fri Jan 03 07:21:27 UTC 2020
------------------ testing $PTII/ptolemy/domains/de/test/auto/TwoSigmaDelta.xml
auto.tcl: Setting watchdog for 200 seconds at Fri Jan 03 07:21:27 UTC 2020
2200 ms. Memory: 96256K Free: 48057K (50%)
ptolemy.util.test.WatchDog.cancel(): canceling Fri Jan 03 07:21:29 UTC 2020
auto.tcl: Setting watchdog for 200 seconds at Fri Jan 03 07:21:29 UTC 2020
1708 ms. Memory: 96256K Free: 59872K (62%)
ptolemy.util.test.WatchDog.cancel(): canceling Fri Jan 03 07:21:31 UTC 2020
------------------ testing $PTII/ptolemy/domains/de/test/auto/VariableDelay.xml
auto.tcl: Setting watchdog for 200 seconds at Fri Jan 03 07:21:31 UTC 2020
3 ms. Memory: 58368K Free: 38101K (65%)
ptolemy.util.test.WatchDog.cancel(): canceling Fri Jan 03 07:21:31 UTC 2020
auto.tcl: Setting watchdog for 200 seconds at Fri Jan 03 07:21:31 UTC 2020
2 ms. Memory: 58368K Free: 37085K (64%)
ptolemy.util.test.WatchDog.cancel(): canceling Fri Jan 03 07:21:31 UTC 2020
------------------ testing $PTII/ptolemy/domains/de/test/auto/VariableDelay2.xml
auto.tcl: Setting watchdog for 200 seconds at Fri Jan 03 07:21:31 UTC 2020
3 ms. Memory: 55296K Free: 35435K (64%)
ptolemy.util.test.WatchDog.cancel(): canceling Fri Jan 03 07:21:31 UTC 2020
auto.tcl: Setting watchdog for 200 seconds at Fri Jan 03 07:21:31 UTC 2020
2 ms. Memory: 55296K Free: 34931K (63%)
ptolemy.util.test.WatchDog.cancel(): canceling Fri Jan 03 07:21:31 UTC 2020
------------------ testing $PTII/ptolemy/domains/de/test/auto/VariableDelayZeroDelay.xml
auto.tcl: Setting watchdog for 200 seconds at Fri Jan 03 07:21:31 UTC 2020
2 ms. Memory: 55296K Free: 35955K (65%)
ptolemy.util.test.WatchDog.cancel(): canceling Fri Jan 03 07:21:31 UTC 2020
auto.tcl: Setting watchdog for 200 seconds at Fri Jan 03 07:21:31 UTC 2020
2 ms. Memory: 55296K Free: 35427K (64%)
ptolemy.util.test.WatchDog.cancel(): canceling Fri Jan 03 07:21:31 UTC 2020
------------------ testing $PTII/ptolemy/domains/de/test/auto/VariableDelayZeroDelay2.xml
auto.tcl: Setting watchdog for 200 seconds at Fri Jan 03 07:21:31 UTC 2020
5 ms. Memory: 55296K Free: 35953K (65%)
ptolemy.util.test.WatchDog.cancel(): canceling Fri Jan 03 07:21:31 UTC 2020
auto.tcl: Setting watchdog for 200 seconds at Fri Jan 03 07:21:31 UTC 2020
2 ms. Memory: 55296K Free: 34929K (63%)
ptolemy.util.test.WatchDog.cancel(): canceling Fri Jan 03 07:21:31 UTC 2020
------------------ testing $PTII/ptolemy/domains/de/test/auto/deInCt.xml
auto.tcl: Setting watchdog for 200 seconds at Fri Jan 03 07:21:31 UTC 2020
0
1
1
1
0
0
0
1
1
1
0
0
0
0
1
1
1
1
0
0
0
1
1
1
0
0
0
1
1
1
0
0
0
1
1
1
1
0
0
0
0
10 ms. Memory: 55296K Free: 34927K (63%)
ptolemy.util.test.WatchDog.cancel(): canceling Fri Jan 03 07:21:31 UTC 2020
auto.tcl: Setting watchdog for 200 seconds at Fri Jan 03 07:21:31 UTC 2020
0
1
1
1
1
0
0
1
1
1
0
0
0
1
1
1
1
0
0
1
1
1
1
0
0
0
0
0
1
1
1
1
1
4 ms. Memory: 55296K Free: 33389K (60%)
ptolemy.util.test.WatchDog.cancel(): canceling Fri Jan 03 07:21:31 UTC 2020
------------------ testing $PTII/ptolemy/domains/de/test/auto/deInCt2.xml
auto.tcl: Setting watchdog for 200 seconds at Fri Jan 03 07:21:31 UTC 2020
0
1
1
1
0
0
1
1
1
0
0
1
1
1
0
0
1
1
1
0
0
1
1
1
0
0
1
1
1
0
0
1
1
1
0
0
1
1
1
0
0
0
12 ms. Memory: 55296K Free: 34927K (63%)
ptolemy.util.test.WatchDog.cancel(): canceling Fri Jan 03 07:21:31 UTC 2020
auto.tcl: Setting watchdog for 200 seconds at Fri Jan 03 07:21:31 UTC 2020
0
1
1
1
0
0
1
1
1
0
0
1
1
1
0
0
1
1
1
0
0
1
1
1
0
0
1
1
1
0
0
1
1
1
0
0
1
1
1
0
0
0
5 ms. Memory: 55296K Free: 33375K (60%)
ptolemy.util.test.WatchDog.cancel(): canceling Fri Jan 03 07:21:31 UTC 2020
------------------ testing $PTII/ptolemy/domains/de/test/auto/dynamicCausalityInterface1.xml
auto.tcl: Setting watchdog for 200 seconds at Fri Jan 03 07:21:31 UTC 2020
2 ms. Memory: 55296K Free: 30826K (56%)
ptolemy.util.test.WatchDog.cancel(): canceling Fri Jan 03 07:21:31 UTC 2020
auto.tcl: Setting watchdog for 200 seconds at Fri Jan 03 07:21:31 UTC 2020
1 ms. Memory: 55296K Free: 30312K (55%)
ptolemy.util.test.WatchDog.cancel(): canceling Fri Jan 03 07:21:31 UTC 2020
------------------ testing $PTII/ptolemy/domains/de/test/auto/fsm_de_test.xml
auto.tcl: Setting watchdog for 200 seconds at Fri Jan 03 07:21:31 UTC 2020
8 ms. Memory: 55296K Free: 30724K (56%)
ptolemy.util.test.WatchDog.cancel(): canceling Fri Jan 03 07:21:31 UTC 2020
auto.tcl: Setting watchdog for 200 seconds at Fri Jan 03 07:21:31 UTC 2020
7 ms. Memory: 55296K Free: 28676K (52%)
ptolemy.util.test.WatchDog.cancel(): canceling Fri Jan 03 07:21:31 UTC 2020
------------------ testing $PTII/ptolemy/domains/de/test/auto/functionDependencyReconstruction.xml
auto.tcl: Setting watchdog for 200 seconds at Fri Jan 03 07:21:31 UTC 2020
3 ms. Memory: 55296K Free: 24622K (45%)
ptolemy.util.test.WatchDog.cancel(): canceling Fri Jan 03 07:21:31 UTC 2020
auto.tcl: Setting watchdog for 200 seconds at Fri Jan 03 07:21:31 UTC 2020
2 ms. Memory: 55296K Free: 22522K (41%)
ptolemy.util.test.WatchDog.cancel(): canceling Fri Jan 03 07:21:31 UTC 2020
------------------ testing $PTII/ptolemy/domains/de/test/auto/multirate.xml
auto.tcl: Setting watchdog for 200 seconds at Fri Jan 03 07:21:32 UTC 2020
6 ms. Memory: 55296K Free: 33345K (60%)
ptolemy.util.test.WatchDog.cancel(): canceling Fri Jan 03 07:21:32 UTC 2020
auto.tcl: Setting watchdog for 200 seconds at Fri Jan 03 07:21:32 UTC 2020
3 ms. Memory: 55296K Free: 31620K (57%)
ptolemy.util.test.WatchDog.cancel(): canceling Fri Jan 03 07:21:32 UTC 2020
------------------ testing $PTII/ptolemy/domains/de/test/auto/multirate2.xml
auto.tcl: Setting watchdog for 200 seconds at Fri Jan 03 07:21:32 UTC 2020
7 ms. Memory: 55296K Free: 33499K (61%)
ptolemy.util.test.WatchDog.cancel(): canceling Fri Jan 03 07:21:32 UTC 2020
auto.tcl: Setting watchdog for 200 seconds at Fri Jan 03 07:21:32 UTC 2020
2 ms. Memory: 55296K Free: 31801K (58%)
ptolemy.util.test.WatchDog.cancel(): canceling Fri Jan 03 07:21:32 UTC 2020
------------------ testing $PTII/ptolemy/domains/de/test/auto/realtime.xml
auto.tcl: Setting watchdog for 200 seconds at Fri Jan 03 07:21:32 UTC 2020
10001 ms. Memory: 55296K Free: 35576K (64%)
ptolemy.util.test.WatchDog.cancel(): canceling Fri Jan 03 07:21:42 UTC 2020
auto.tcl: Setting watchdog for 200 seconds at Fri Jan 03 07:21:42 UTC 2020
10001 ms. Memory: 55296K Free: 35032K (63%)
ptolemy.util.test.WatchDog.cancel(): canceling Fri Jan 03 07:21:52 UTC 2020
------------------ testing $PTII/ptolemy/domains/de/test/auto/relationGroup.xml
auto.tcl: Setting watchdog for 200 seconds at Fri Jan 03 07:21:52 UTC 2020
1 ms. Memory: 55296K Free: 36626K (66%)
ptolemy.util.test.WatchDog.cancel(): canceling Fri Jan 03 07:21:52 UTC 2020
auto.tcl: Setting watchdog for 200 seconds at Fri Jan 03 07:21:52 UTC 2020
2 ms. Memory: 55296K Free: 36114K (65%)
ptolemy.util.test.WatchDog.cancel(): canceling Fri Jan 03 07:21:52 UTC 2020
------------------ testing $PTII/ptolemy/domains/de/test/auto/relationGroup2.xml
auto.tcl: Setting watchdog for 200 seconds at Fri Jan 03 07:21:52 UTC 2020
2 ms. Memory: 55296K Free: 36693K (66%)
ptolemy.util.test.WatchDog.cancel(): canceling Fri Jan 03 07:21:52 UTC 2020
auto.tcl: Setting watchdog for 200 seconds at Fri Jan 03 07:21:52 UTC 2020
2 ms. Memory: 55296K Free: 36181K (65%)
ptolemy.util.test.WatchDog.cancel(): canceling Fri Jan 03 07:21:52 UTC 2020
------------------ testing $PTII/ptolemy/domains/de/test/auto/sortWithOpaquePorts.xml
auto.tcl: Setting watchdog for 200 seconds at Fri Jan 03 07:21:52 UTC 2020
2 ms. Memory: 55296K Free: 35451K (64%)
ptolemy.util.test.WatchDog.cancel(): canceling Fri Jan 03 07:21:52 UTC 2020
auto.tcl: Setting watchdog for 200 seconds at Fri Jan 03 07:21:52 UTC 2020
2 ms. Memory: 55296K Free: 34427K (62%)
ptolemy.util.test.WatchDog.cancel(): canceling Fri Jan 03 07:21:52 UTC 2020
------------------ testing $PTII/ptolemy/domains/de/test/auto/transferInputsandOutputs.xml
auto.tcl: Setting watchdog for 200 seconds at Fri Jan 03 07:21:52 UTC 2020
3 ms. Memory: 55296K Free: 32894K (59%)
ptolemy.util.test.WatchDog.cancel(): canceling Fri Jan 03 07:21:52 UTC 2020
auto.tcl: Setting watchdog for 200 seconds at Fri Jan 03 07:21:52 UTC 2020
2 ms. Memory: 55296K Free: 31870K (58%)
ptolemy.util.test.WatchDog.cancel(): canceling Fri Jan 03 07:21:52 UTC 2020
------------------ testing $PTII/ptolemy/domains/de/test/auto/triggerType.xml
auto.tcl: Setting watchdog for 200 seconds at Fri Jan 03 07:21:52 UTC 2020
1 ms. Memory: 55296K Free: 35919K (65%)
ptolemy.util.test.WatchDog.cancel(): canceling Fri Jan 03 07:21:52 UTC 2020
auto.tcl: Setting watchdog for 200 seconds at Fri Jan 03 07:21:52 UTC 2020
2 ms. Memory: 55296K Free: 34895K (63%)
ptolemy.util.test.WatchDog.cancel(): canceling Fri Jan 03 07:21:52 UTC 2020
01/03/20 07:21:52
Failed: 0  Total Tests: 192  ((Passed: 187, Newly Passed: 1)  Known Failed: 5) /home/travis/build/icyphy/ptII/ptolemy/domains/de/test
01/03/20 07:21:52
Failed: 0  Total Tests: 192  ((Passed: 187, Newly Passed: 1)  Known Failed: 5) /home/travis/build/icyphy/ptII/ptolemy/domains/de/test
----------------- testing (KnownFailure) /home/travis/build/icyphy/ptII/ptolemy/domains/de/test/auto/knownFailedTests/DESDFClockTest.xml
2011 ms. Memory: 55296K Free: 29314K (53%)
Known Failure: java.lang.reflect.InvocationTargetException
----------------- testing (KnownFailure) /home/travis/build/icyphy/ptII/ptolemy/domains/de/test/auto/knownFailedTests/DirectFeedback.xml
3 ms. Memory: 55296K Free: 24708K (45%)
Known Failure: java.lang.reflect.InvocationTargetException
----------------- testing (KnownFailure) /home/travis/build/icyphy/ptII/ptolemy/domains/de/test/auto/knownFailedTests/FSMSource.xml
9 ms. Memory: 55296K Free: 17540K (32%)
----------------- testing (KnownFailure) /home/travis/build/icyphy/ptII/ptolemy/domains/de/test/auto/knownFailedTests/HierarchicalModel.xml
3 ms. Memory: 55296K Free: 32769K (59%)
Known Failure: java.lang.reflect.InvocationTargetException
----------------- testing (KnownFailure) /home/travis/build/icyphy/ptII/ptolemy/domains/de/test/auto/knownFailedTests/dependencyLoop.xml
2 ms. Memory: 55296K Free: 17409K (31%)
Known Failure: java.lang.reflect.InvocationTargetException
----------------- testing (KnownFailure) /home/travis/build/icyphy/ptII/ptolemy/domains/de/test/auto/knownFailedTests/dependencyLoop2.xml
6 ms. Memory: 55296K Free: 33442K (60%)
Known Failure: java.lang.reflect.InvocationTargetException
No auto/linux-amd64/*.xml tests in /home/travis/build/icyphy/ptII/ptolemy/domains/de/test
AutoTests.java: About to close Vertx.
AutoTests.java: Vertx closed.

===========================================================================================
----------------- testing Fri Jan 03 07:21:54 UTC 2020 /home/travis/build/icyphy/ptII/ptolemy/domains/de/test/auto/ActorDepthCalculation_actorWithoutPorts.xml
----------------- Instantiating /home/travis/build/icyphy/ptII/ptolemy/domains/de/test/auto/ActorDepthCalculation_actorWithoutPorts.xml
3 ms. Memory: 55296K Free: 26581K (48%)
----------------- Invoking toplevel() on ptolemy.moml.MoMLSimpleApplication@1de96384
----------------- Done invoking toplevel() on ptolemy.moml.MoMLSimpleApplication@1de96384
reloadAllAccessors: .ActorDepthCalculation_actorWithoutPorts

===========================================================================================
----------------- testing Fri Jan 03 07:21:54 UTC 2020 /home/travis/build/icyphy/ptII/ptolemy/domains/de/test/auto/AssemblyLine.xml
----------------- Instantiating /home/travis/build/icyphy/ptII/ptolemy/domains/de/test/auto/AssemblyLine.xml
3 ms. Memory: 55296K Free: 19462K (35%)
----------------- Invoking toplevel() on ptolemy.moml.MoMLSimpleApplication@2876e056
----------------- Done invoking toplevel() on ptolemy.moml.MoMLSimpleApplication@2876e056
reloadAllAccessors: .AssemblyLine

===========================================================================================
----------------- testing Fri Jan 03 07:21:54 UTC 2020 /home/travis/build/icyphy/ptII/ptolemy/domains/de/test/auto/CQBug1.xml
----------------- Instantiating /home/travis/build/icyphy/ptII/ptolemy/domains/de/test/auto/CQBug1.xml
1 ms. Memory: 55296K Free: 16350K (30%)
----------------- Invoking toplevel() on ptolemy.moml.MoMLSimpleApplication@29a4da2b
----------------- Done invoking toplevel() on ptolemy.moml.MoMLSimpleApplication@29a4da2b
reloadAllAccessors: .CQBug1

===========================================================================================
----------------- testing Fri Jan 03 07:21:54 UTC 2020 /home/travis/build/icyphy/ptII/ptolemy/domains/de/test/auto/CancelFireAt.xml
----------------- Instantiating /home/travis/build/icyphy/ptII/ptolemy/domains/de/test/auto/CancelFireAt.xml
2 ms. Memory: 55296K Free: 13964K (25%)
----------------- Invoking toplevel() on ptolemy.moml.MoMLSimpleApplication@79a3c6fa
----------------- Done invoking toplevel() on ptolemy.moml.MoMLSimpleApplication@79a3c6fa
reloadAllAccessors: .CancelFireAt

===========================================================================================
----------------- testing Fri Jan 03 07:21:54 UTC 2020 /home/travis/build/icyphy/ptII/ptolemy/domains/de/test/auto/CausalityAndComposabilityAnalysis.xml
----------------- Instantiating /home/travis/build/icyphy/ptII/ptolemy/domains/de/test/auto/CausalityAndComposabilityAnalysis.xml
2 ms. Memory: 55296K Free: 9543K (17%)
----------------- Invoking toplevel() on ptolemy.moml.MoMLSimpleApplication@267a6359
----------------- Done invoking toplevel() on ptolemy.moml.MoMLSimpleApplication@267a6359
reloadAllAccessors: .CausalityAndComposabilityAnalysis

===========================================================================================
----------------- testing Fri Jan 03 07:21:54 UTC 2020 /home/travis/build/icyphy/ptII/ptolemy/domains/de/test/auto/CausalityInterface1.xml
----------------- Instantiating /home/travis/build/icyphy/ptII/ptolemy/domains/de/test/auto/CausalityInterface1.xml
4 ms. Memory: 55296K Free: 35689K (65%)
----------------- Invoking toplevel() on ptolemy.moml.MoMLSimpleApplication@15440bff
----------------- Done invoking toplevel() on ptolemy.moml.MoMLSimpleApplication@15440bff
reloadAllAccessors: .CausalityInterface1

===========================================================================================
----------------- testing Fri Jan 03 07:21:54 UTC 2020 /home/travis/build/icyphy/ptII/ptolemy/domains/de/test/auto/CausalityInterface15.xml
----------------- Instantiating /home/travis/build/icyphy/ptII/ptolemy/domains/de/test/auto/CausalityInterface15.xml
1 ms. Memory: 55296K Free: 30178K (55%)
----------------- Invoking toplevel() on ptolemy.moml.MoMLSimpleApplication@4d4aa392
----------------- Done invoking toplevel() on ptolemy.moml.MoMLSimpleApplication@4d4aa392
reloadAllAccessors: .CausalityInterface15

===========================================================================================
----------------- testing Fri Jan 03 07:21:54 UTC 2020 /home/travis/build/icyphy/ptII/ptolemy/domains/de/test/auto/CausalityInterface2.xml
----------------- Instantiating /home/travis/build/icyphy/ptII/ptolemy/domains/de/test/auto/CausalityInterface2.xml
1 ms. Memory: 55296K Free: 25742K (47%)
----------------- Invoking toplevel() on ptolemy.moml.MoMLSimpleApplication@758c93b3
----------------- Done invoking toplevel() on ptolemy.moml.MoMLSimpleApplication@758c93b3
reloadAllAccessors: .CausalityInterface2

===========================================================================================
----------------- testing Fri Jan 03 07:21:54 UTC 2020 /home/travis/build/icyphy/ptII/ptolemy/domains/de/test/auto/CausalityInterface3.xml
----------------- Instantiating /home/travis/build/icyphy/ptII/ptolemy/domains/de/test/auto/CausalityInterface3.xml
1 ms. Memory: 55296K Free: 20922K (38%)
----------------- Invoking toplevel() on ptolemy.moml.MoMLSimpleApplication@75522705
----------------- Done invoking toplevel() on ptolemy.moml.MoMLSimpleApplication@75522705
reloadAllAccessors: .CausalityInterface3

===========================================================================================
----------------- testing Fri Jan 03 07:21:54 UTC 2020 /home/travis/build/icyphy/ptII/ptolemy/domains/de/test/auto/ClockDrift.xml
----------------- Instantiating /home/travis/build/icyphy/ptII/ptolemy/domains/de/test/auto/ClockDrift.xml
16 ms. Memory: 55296K Free: 39502K (71%)
----------------- Invoking toplevel() on ptolemy.moml.MoMLSimpleApplication@402777d3
----------------- Done invoking toplevel() on ptolemy.moml.MoMLSimpleApplication@402777d3
reloadAllAccessors: .ClockDrift

===========================================================================================
----------------- testing Fri Jan 03 07:21:54 UTC 2020 /home/travis/build/icyphy/ptII/ptolemy/domains/de/test/auto/ClockDriftAndValueChange.xml
----------------- Instantiating /home/travis/build/icyphy/ptII/ptolemy/domains/de/test/auto/ClockDriftAndValueChange.xml
10 ms. Memory: 55296K Free: 27621K (50%)
----------------- Invoking toplevel() on ptolemy.moml.MoMLSimpleApplication@694dc756
----------------- Done invoking toplevel() on ptolemy.moml.MoMLSimpleApplication@694dc756
reloadAllAccessors: .ClockDriftAndValueChange

===========================================================================================
----------------- testing Fri Jan 03 07:21:54 UTC 2020 /home/travis/build/icyphy/ptII/ptolemy/domains/de/test/auto/ClockDriftChange.xml
----------------- Instantiating /home/travis/build/icyphy/ptII/ptolemy/domains/de/test/auto/ClockDriftChange.xml
10 ms. Memory: 55296K Free: 17777K (32%)
----------------- Invoking toplevel() on ptolemy.moml.MoMLSimpleApplication@5fb2ed39
----------------- Done invoking toplevel() on ptolemy.moml.MoMLSimpleApplication@5fb2ed39
reloadAllAccessors: .ClockDriftChange

===========================================================================================
----------------- testing Fri Jan 03 07:21:55 UTC 2020 /home/travis/build/icyphy/ptII/ptolemy/domains/de/test/auto/ComposableCausalityAnalysis.xml
----------------- Instantiating /home/travis/build/icyphy/ptII/ptolemy/domains/de/test/auto/ComposableCausalityAnalysis.xml
1 ms. Memory: 55296K Free: 12140K (22%)
----------------- Invoking toplevel() on ptolemy.moml.MoMLSimpleApplication@2bb077e6
----------------- Done invoking toplevel() on ptolemy.moml.MoMLSimpleApplication@2bb077e6
reloadAllAccessors: .ComposableCausalityAnalysis

===========================================================================================
----------------- testing Fri Jan 03 07:21:55 UTC 2020 /home/travis/build/icyphy/ptII/ptolemy/domains/de/test/auto/DEFixedPointLimitation.xml
----------------- Instantiating /home/travis/build/icyphy/ptII/ptolemy/domains/de/test/auto/DEFixedPointLimitation.xml
1 ms. Memory: 55296K Free: 37426K (68%)
----------------- Invoking toplevel() on ptolemy.moml.MoMLSimpleApplication@202c797e
----------------- Done invoking toplevel() on ptolemy.moml.MoMLSimpleApplication@202c797e
reloadAllAccessors: .DEFixedPointLimitation

===========================================================================================
----------------- testing Fri Jan 03 07:21:55 UTC 2020 /home/travis/build/icyphy/ptII/ptolemy/domains/de/test/auto/DEScheduleTest.xml
----------------- Instantiating /home/travis/build/icyphy/ptII/ptolemy/domains/de/test/auto/DEScheduleTest.xml
2 ms. Memory: 55296K Free: 33124K (60%)
----------------- Invoking toplevel() on ptolemy.moml.MoMLSimpleApplication@15faf4e1
----------------- Done invoking toplevel() on ptolemy.moml.MoMLSimpleApplication@15faf4e1
reloadAllAccessors: .DEScheduleTest

===========================================================================================
----------------- testing Fri Jan 03 07:21:55 UTC 2020 /home/travis/build/icyphy/ptII/ptolemy/domains/de/test/auto/DEinDEwithStartTimes.xml
----------------- Instantiating /home/travis/build/icyphy/ptII/ptolemy/domains/de/test/auto/DEinDEwithStartTimes.xml
2 ms. Memory: 55296K Free: 27440K (50%)
----------------- Invoking toplevel() on ptolemy.moml.MoMLSimpleApplication@1215075f
----------------- Done invoking toplevel() on ptolemy.moml.MoMLSimpleApplication@1215075f
reloadAllAccessors: .DEinDEwithStartTimes

===========================================================================================
----------------- testing Fri Jan 03 07:21:55 UTC 2020 /home/travis/build/icyphy/ptII/ptolemy/domains/de/test/auto/DEinDEwithStartTimes2.xml
----------------- Instantiating /home/travis/build/icyphy/ptII/ptolemy/domains/de/test/auto/DEinDEwithStartTimes2.xml
4 ms. Memory: 55296K Free: 21057K (38%)
----------------- Invoking toplevel() on ptolemy.moml.MoMLSimpleApplication@4a7323cc
----------------- Done invoking toplevel() on ptolemy.moml.MoMLSimpleApplication@4a7323cc
reloadAllAccessors: .DEinDEwithStartTimes2

===========================================================================================
----------------- testing Fri Jan 03 07:21:55 UTC 2020 /home/travis/build/icyphy/ptII/ptolemy/domains/de/test/auto/DateDemo.xml
----------------- Instantiating /home/travis/build/icyphy/ptII/ptolemy/domains/de/test/auto/DateDemo.xml
14 ms. Memory: 55296K Free: 38999K (71%)
----------------- Invoking toplevel() on ptolemy.moml.MoMLSimpleApplication@2faabbf8
----------------- Done invoking toplevel() on ptolemy.moml.MoMLSimpleApplication@2faabbf8
reloadAllAccessors: .DateDemo

===========================================================================================
----------------- testing Fri Jan 03 07:21:55 UTC 2020 /home/travis/build/icyphy/ptII/ptolemy/domains/de/test/auto/DateToEvent.xml
----------------- Instantiating /home/travis/build/icyphy/ptII/ptolemy/domains/de/test/auto/DateToEvent.xml
2005 ms. Memory: 55296K Free: 23059K (42%)
----------------- Invoking toplevel() on ptolemy.moml.MoMLSimpleApplication@24685e5a
----------------- Done invoking toplevel() on ptolemy.moml.MoMLSimpleApplication@24685e5a
reloadAllAccessors: .DateToEvent

===========================================================================================
----------------- testing Fri Jan 03 07:21:57 UTC 2020 /home/travis/build/icyphy/ptII/ptolemy/domains/de/test/auto/DepthTest1.xml
----------------- Instantiating /home/travis/build/icyphy/ptII/ptolemy/domains/de/test/auto/DepthTest1.xml
2 ms. Memory: 55296K Free: 20136K (36%)
----------------- Invoking toplevel() on ptolemy.moml.MoMLSimpleApplication@5e5b0439
----------------- Done invoking toplevel() on ptolemy.moml.MoMLSimpleApplication@5e5b0439
reloadAllAccessors: .DepthTest1

===========================================================================================
----------------- testing Fri Jan 03 07:21:57 UTC 2020 /home/travis/build/icyphy/ptII/ptolemy/domains/de/test/auto/DepthTest2.xml
----------------- Instantiating /home/travis/build/icyphy/ptII/ptolemy/domains/de/test/auto/DepthTest2.xml
2 ms. Memory: 55296K Free: 13643K (25%)
----------------- Invoking toplevel() on ptolemy.moml.MoMLSimpleApplication@42702751
----------------- Done invoking toplevel() on ptolemy.moml.MoMLSimpleApplication@42702751
reloadAllAccessors: .DepthTest2

===========================================================================================
----------------- testing Fri Jan 03 07:21:57 UTC 2020 /home/travis/build/icyphy/ptII/ptolemy/domains/de/test/auto/DepthTest3.xml
----------------- Instantiating /home/travis/build/icyphy/ptII/ptolemy/domains/de/test/auto/DepthTest3.xml
1 ms. Memory: 55296K Free: 10557K (19%)
----------------- Invoking toplevel() on ptolemy.moml.MoMLSimpleApplication@226f7711
----------------- Done invoking toplevel() on ptolemy.moml.MoMLSimpleApplication@226f7711
reloadAllAccessors: .DepthTest3

===========================================================================================
----------------- testing Fri Jan 03 07:21:57 UTC 2020 /home/travis/build/icyphy/ptII/ptolemy/domains/de/test/auto/DepthTest4.xml
----------------- Instantiating /home/travis/build/icyphy/ptII/ptolemy/domains/de/test/auto/DepthTest4.xml
1 ms. Memory: 55296K Free: 35685K (65%)
----------------- Invoking toplevel() on ptolemy.moml.MoMLSimpleApplication@7658075
----------------- Done invoking toplevel() on ptolemy.moml.MoMLSimpleApplication@7658075
reloadAllAccessors: .DepthTest4

===========================================================================================
----------------- testing Fri Jan 03 07:21:57 UTC 2020 /home/travis/build/icyphy/ptII/ptolemy/domains/de/test/auto/DepthTest5.xml
----------------- Instantiating /home/travis/build/icyphy/ptII/ptolemy/domains/de/test/auto/DepthTest5.xml
2 ms. Memory: 55296K Free: 30352K (55%)
----------------- Invoking toplevel() on ptolemy.moml.MoMLSimpleApplication@4a4deb8a
----------------- Done invoking toplevel() on ptolemy.moml.MoMLSimpleApplication@4a4deb8a
reloadAllAccessors: .DepthTest5

===========================================================================================
----------------- testing Fri Jan 03 07:21:57 UTC 2020 /home/travis/build/icyphy/ptII/ptolemy/domains/de/test/auto/DepthTest6.xml
----------------- Instantiating /home/travis/build/icyphy/ptII/ptolemy/domains/de/test/auto/DepthTest6.xml
2 ms. Memory: 55296K Free: 25018K (45%)
----------------- Invoking toplevel() on ptolemy.moml.MoMLSimpleApplication@9ac02c5
----------------- Done invoking toplevel() on ptolemy.moml.MoMLSimpleApplication@9ac02c5
reloadAllAccessors: .DepthTest6

===========================================================================================
----------------- testing Fri Jan 03 07:21:57 UTC 2020 /home/travis/build/icyphy/ptII/ptolemy/domains/de/test/auto/DepthTest7.xml
----------------- Instantiating /home/travis/build/icyphy/ptII/ptolemy/domains/de/test/auto/DepthTest7.xml
1 ms. Memory: 55296K Free: 20279K (37%)
----------------- Invoking toplevel() on ptolemy.moml.MoMLSimpleApplication@32445bbf
----------------- Done invoking toplevel() on ptolemy.moml.MoMLSimpleApplication@32445bbf
reloadAllAccessors: .DepthTest7

===========================================================================================
----------------- testing Fri Jan 03 07:21:57 UTC 2020 /home/travis/build/icyphy/ptII/ptolemy/domains/de/test/auto/EventToDate.xml
----------------- Instantiating /home/travis/build/icyphy/ptII/ptolemy/domains/de/test/auto/EventToDate.xml
3006 ms. Memory: 55296K Free: 36207K (65%)
----------------- Invoking toplevel() on ptolemy.moml.MoMLSimpleApplication@15587e69
----------------- Done invoking toplevel() on ptolemy.moml.MoMLSimpleApplication@15587e69
reloadAllAccessors: .EventToDate

===========================================================================================
----------------- testing Fri Jan 03 07:22:00 UTC 2020 /home/travis/build/icyphy/ptII/ptolemy/domains/de/test/auto/FSM1.xml
----------------- Instantiating /home/travis/build/icyphy/ptII/ptolemy/domains/de/test/auto/FSM1.xml
15 ms. Memory: 55296K Free: 24253K (44%)
----------------- Invoking toplevel() on ptolemy.moml.MoMLSimpleApplication@33a63b74
----------------- Done invoking toplevel() on ptolemy.moml.MoMLSimpleApplication@33a63b74
reloadAllAccessors: .FSM1

===========================================================================================
----------------- testing Fri Jan 03 07:22:00 UTC 2020 /home/travis/build/icyphy/ptII/ptolemy/domains/de/test/auto/FSM7.xml
----------------- Instantiating /home/travis/build/icyphy/ptII/ptolemy/domains/de/test/auto/FSM7.xml
18 ms. Memory: 55296K Free: 11979K (22%)
----------------- Invoking toplevel() on ptolemy.moml.MoMLSimpleApplication@7082ee55
----------------- Done invoking toplevel() on ptolemy.moml.MoMLSimpleApplication@7082ee55
reloadAllAccessors: .FSM7

===========================================================================================
----------------- testing Fri Jan 03 07:22:00 UTC 2020 /home/travis/build/icyphy/ptII/ptolemy/domains/de/test/auto/Inspection.xml
----------------- Instantiating /home/travis/build/icyphy/ptII/ptolemy/domains/de/test/auto/Inspection.xml
13 ms. Memory: 55296K Free: 29594K (54%)
----------------- Invoking toplevel() on ptolemy.moml.MoMLSimpleApplication@696b5c88
----------------- Done invoking toplevel() on ptolemy.moml.MoMLSimpleApplication@696b5c88
reloadAllAccessors: .Inspection

===========================================================================================
----------------- testing Fri Jan 03 07:22:00 UTC 2020 /home/travis/build/icyphy/ptII/ptolemy/domains/de/test/auto/Iteration.xml
----------------- Instantiating /home/travis/build/icyphy/ptII/ptolemy/domains/de/test/auto/Iteration.xml
10 ms. Memory: 55296K Free: 22616K (41%)
----------------- Invoking toplevel() on ptolemy.moml.MoMLSimpleApplication@2d7c76ca
----------------- Done invoking toplevel() on ptolemy.moml.MoMLSimpleApplication@2d7c76ca
reloadAllAccessors: .Iteration

===========================================================================================
----------------- testing Fri Jan 03 07:22:00 UTC 2020 /home/travis/build/icyphy/ptII/ptolemy/domains/de/test/auto/LineFault.xml
----------------- Instantiating /home/travis/build/icyphy/ptII/ptolemy/domains/de/test/auto/LineFault.xml
400 ms. Memory: 55296K Free: 25497K (46%)
----------------- Invoking toplevel() on ptolemy.moml.MoMLSimpleApplication@231ddd45
----------------- Done invoking toplevel() on ptolemy.moml.MoMLSimpleApplication@231ddd45
reloadAllAccessors: .LineFault

===========================================================================================
----------------- testing Fri Jan 03 07:22:00 UTC 2020 /home/travis/build/icyphy/ptII/ptolemy/domains/de/test/auto/MergeModel1Add.xml
----------------- Instantiating /home/travis/build/icyphy/ptII/ptolemy/domains/de/test/auto/MergeModel1Add.xml
5 ms. Memory: 55296K Free: 35051K (63%)
----------------- Invoking toplevel() on ptolemy.moml.MoMLSimpleApplication@11a628ad
----------------- Done invoking toplevel() on ptolemy.moml.MoMLSimpleApplication@11a628ad
reloadAllAccessors: .MergeModel1Add

===========================================================================================
----------------- testing Fri Jan 03 07:22:01 UTC 2020 /home/travis/build/icyphy/ptII/ptolemy/domains/de/test/auto/MergeModel2Add.xml
----------------- Instantiating /home/travis/build/icyphy/ptII/ptolemy/domains/de/test/auto/MergeModel2Add.xml
6 ms. Memory: 55296K Free: 17643K (32%)
----------------- Invoking toplevel() on ptolemy.moml.MoMLSimpleApplication@1598461e
----------------- Done invoking toplevel() on ptolemy.moml.MoMLSimpleApplication@1598461e
reloadAllAccessors: .MergeModel2Add

===========================================================================================
----------------- testing Fri Jan 03 07:22:01 UTC 2020 /home/travis/build/icyphy/ptII/ptolemy/domains/de/test/auto/MergeModel3Add.xml
----------------- Instantiating /home/travis/build/icyphy/ptII/ptolemy/domains/de/test/auto/MergeModel3Add.xml
5 ms. Memory: 55296K Free: 27281K (49%)
----------------- Invoking toplevel() on ptolemy.moml.MoMLSimpleApplication@c1e364d
----------------- Done invoking toplevel() on ptolemy.moml.MoMLSimpleApplication@c1e364d
reloadAllAccessors: .MergeModel3Add

===========================================================================================
----------------- testing Fri Jan 03 07:22:01 UTC 2020 /home/travis/build/icyphy/ptII/ptolemy/domains/de/test/auto/MergeWithoutDiscard.xml
----------------- Instantiating /home/travis/build/icyphy/ptII/ptolemy/domains/de/test/auto/MergeWithoutDiscard.xml
2 ms. Memory: 55296K Free: 23159K (42%)
----------------- Invoking toplevel() on ptolemy.moml.MoMLSimpleApplication@2016fcab
----------------- Done invoking toplevel() on ptolemy.moml.MoMLSimpleApplication@2016fcab
reloadAllAccessors: .MergeWithoutDiscard

===========================================================================================
----------------- testing Fri Jan 03 07:22:01 UTC 2020 /home/travis/build/icyphy/ptII/ptolemy/domains/de/test/auto/Modal1.xml
----------------- Instantiating /home/travis/build/icyphy/ptII/ptolemy/domains/de/test/auto/Modal1.xml
13 ms. Memory: 55296K Free: 38976K (70%)
----------------- Invoking toplevel() on ptolemy.moml.MoMLSimpleApplication@53018785
----------------- Done invoking toplevel() on ptolemy.moml.MoMLSimpleApplication@53018785
reloadAllAccessors: .Modal1

===========================================================================================
----------------- testing Fri Jan 03 07:22:01 UTC 2020 /home/travis/build/icyphy/ptII/ptolemy/domains/de/test/auto/Modal2.xml
----------------- Instantiating /home/travis/build/icyphy/ptII/ptolemy/domains/de/test/auto/Modal2.xml
7 ms. Memory: 55296K Free: 26655K (48%)
----------------- Invoking toplevel() on ptolemy.moml.MoMLSimpleApplication@70d5208c
----------------- Done invoking toplevel() on ptolemy.moml.MoMLSimpleApplication@70d5208c
reloadAllAccessors: .Modal2

===========================================================================================
----------------- testing Fri Jan 03 07:22:01 UTC 2020 /home/travis/build/icyphy/ptII/ptolemy/domains/de/test/auto/Modal3.xml
----------------- Instantiating /home/travis/build/icyphy/ptII/ptolemy/domains/de/test/auto/Modal3.xml
9 ms. Memory: 55296K Free: 14568K (26%)
----------------- Invoking toplevel() on ptolemy.moml.MoMLSimpleApplication@200f4a11
----------------- Done invoking toplevel() on ptolemy.moml.MoMLSimpleApplication@200f4a11
reloadAllAccessors: .Modal3

===========================================================================================
----------------- testing Fri Jan 03 07:22:01 UTC 2020 /home/travis/build/icyphy/ptII/ptolemy/domains/de/test/auto/Modal4.xml
----------------- Instantiating /home/travis/build/icyphy/ptII/ptolemy/domains/de/test/auto/Modal4.xml
11 ms. Memory: 55296K Free: 29191K (53%)
----------------- Invoking toplevel() on ptolemy.moml.MoMLSimpleApplication@66e600e8
----------------- Done invoking toplevel() on ptolemy.moml.MoMLSimpleApplication@66e600e8
reloadAllAccessors: .Modal4

===========================================================================================
----------------- testing Fri Jan 03 07:22:01 UTC 2020 /home/travis/build/icyphy/ptII/ptolemy/domains/de/test/auto/Modal5.xml
----------------- Instantiating /home/travis/build/icyphy/ptII/ptolemy/domains/de/test/auto/Modal5.xml
9 ms. Memory: 55296K Free: 16186K (29%)
----------------- Invoking toplevel() on ptolemy.moml.MoMLSimpleApplication@74171cbc
----------------- Done invoking toplevel() on ptolemy.moml.MoMLSimpleApplication@74171cbc
reloadAllAccessors: .Modal5

===========================================================================================
----------------- testing Fri Jan 03 07:22:01 UTC 2020 /home/travis/build/icyphy/ptII/ptolemy/domains/de/test/auto/Modal6.xml
----------------- Instantiating /home/travis/build/icyphy/ptII/ptolemy/domains/de/test/auto/Modal6.xml
8 ms. Memory: 55296K Free: 31524K (57%)
----------------- Invoking toplevel() on ptolemy.moml.MoMLSimpleApplication@56ea0766
----------------- Done invoking toplevel() on ptolemy.moml.MoMLSimpleApplication@56ea0766
reloadAllAccessors: .Modal6

===========================================================================================
----------------- testing Fri Jan 03 07:22:01 UTC 2020 /home/travis/build/icyphy/ptII/ptolemy/domains/de/test/auto/Modal7.xml
----------------- Instantiating /home/travis/build/icyphy/ptII/ptolemy/domains/de/test/auto/Modal7.xml
7 ms. Memory: 55296K Free: 18188K (33%)
----------------- Invoking toplevel() on ptolemy.moml.MoMLSimpleApplication@34139132
----------------- Done invoking toplevel() on ptolemy.moml.MoMLSimpleApplication@34139132
reloadAllAccessors: .Modal7

===========================================================================================
----------------- testing Fri Jan 03 07:22:01 UTC 2020 /home/travis/build/icyphy/ptII/ptolemy/domains/de/test/auto/ModalModel.xml
----------------- Instantiating /home/travis/build/icyphy/ptII/ptolemy/domains/de/test/auto/ModalModel.xml
118 ms. Memory: 66560K Free: 44486K (67%)
----------------- Invoking toplevel() on ptolemy.moml.MoMLSimpleApplication@6b8535c6
----------------- Done invoking toplevel() on ptolemy.moml.MoMLSimpleApplication@6b8535c6
reloadAllAccessors: .ModalModel

===========================================================================================
----------------- testing Fri Jan 03 07:22:01 UTC 2020 /home/travis/build/icyphy/ptII/ptolemy/domains/de/test/auto/ModalSource.xml
----------------- Instantiating /home/travis/build/icyphy/ptII/ptolemy/domains/de/test/auto/ModalSource.xml
4 ms. Memory: 66560K Free: 36128K (54%)
----------------- Invoking toplevel() on ptolemy.moml.MoMLSimpleApplication@58c94200
----------------- Done invoking toplevel() on ptolemy.moml.MoMLSimpleApplication@58c94200
reloadAllAccessors: .ModalSource

===========================================================================================
----------------- testing Fri Jan 03 07:22:01 UTC 2020 /home/travis/build/icyphy/ptII/ptolemy/domains/de/test/auto/NonInterruptibleTimerZeroDelay.xml
----------------- Instantiating /home/travis/build/icyphy/ptII/ptolemy/domains/de/test/auto/NonInterruptibleTimerZeroDelay.xml
1 ms. Memory: 66560K Free: 32336K (49%)
----------------- Invoking toplevel() on ptolemy.moml.MoMLSimpleApplication@51d21f8
----------------- Done invoking toplevel() on ptolemy.moml.MoMLSimpleApplication@51d21f8
reloadAllAccessors: .NonInterruptibleTimerZeroDelay

===========================================================================================
----------------- testing Fri Jan 03 07:22:01 UTC 2020 /home/travis/build/icyphy/ptII/ptolemy/domains/de/test/auto/OpenQueueingNetwork.xml
----------------- Instantiating /home/travis/build/icyphy/ptII/ptolemy/domains/de/test/auto/OpenQueueingNetwork.xml
2172 ms. Memory: 168960K Free: 140310K (83%)
----------------- Invoking toplevel() on ptolemy.moml.MoMLSimpleApplication@55ccfe15
----------------- Done invoking toplevel() on ptolemy.moml.MoMLSimpleApplication@55ccfe15
reloadAllAccessors: .OpenQueueingNetwork

===========================================================================================
----------------- testing Fri Jan 03 07:22:03 UTC 2020 /home/travis/build/icyphy/ptII/ptolemy/domains/de/test/auto/OpenQueuingNetwork.xml
----------------- Instantiating /home/travis/build/icyphy/ptII/ptolemy/domains/de/test/auto/OpenQueuingNetwork.xml
213 ms. Memory: 168960K Free: 151894K (90%)
----------------- Invoking toplevel() on ptolemy.moml.MoMLSimpleApplication@20b9ba57
----------------- Done invoking toplevel() on ptolemy.moml.MoMLSimpleApplication@20b9ba57
reloadAllAccessors: .OpenQueuingNetwork

===========================================================================================
----------------- testing Fri Jan 03 07:22:04 UTC 2020 /home/travis/build/icyphy/ptII/ptolemy/domains/de/test/auto/PeriodicSampler.xml
----------------- Instantiating /home/travis/build/icyphy/ptII/ptolemy/domains/de/test/auto/PeriodicSampler.xml
2 ms. Memory: 168960K Free: 147288K (87%)
----------------- Invoking toplevel() on ptolemy.moml.MoMLSimpleApplication@48c95c60
----------------- Done invoking toplevel() on ptolemy.moml.MoMLSimpleApplication@48c95c60
reloadAllAccessors: .PeriodicSampler

===========================================================================================
----------------- testing Fri Jan 03 07:22:04 UTC 2020 /home/travis/build/icyphy/ptII/ptolemy/domains/de/test/auto/PersistentIO.xml
----------------- Instantiating /home/travis/build/icyphy/ptII/ptolemy/domains/de/test/auto/PersistentIO.xml
4 ms. Memory: 168960K Free: 138072K (82%)
----------------- Invoking toplevel() on ptolemy.moml.MoMLSimpleApplication@322381dc
----------------- Done invoking toplevel() on ptolemy.moml.MoMLSimpleApplication@322381dc
reloadAllAccessors: .PersistentIO

===========================================================================================
----------------- testing Fri Jan 03 07:22:04 UTC 2020 /home/travis/build/icyphy/ptII/ptolemy/domains/de/test/auto/PortParameterResetOnInitialize.xml
----------------- Instantiating /home/travis/build/icyphy/ptII/ptolemy/domains/de/test/auto/PortParameterResetOnInitialize.xml
3 ms. Memory: 168960K Free: 133448K (79%)
----------------- Invoking toplevel() on ptolemy.moml.MoMLSimpleApplication@552f1ffd
----------------- Done invoking toplevel() on ptolemy.moml.MoMLSimpleApplication@552f1ffd
reloadAllAccessors: .PortParameterResetOnInitialize

===========================================================================================
----------------- testing Fri Jan 03 07:22:04 UTC 2020 /home/travis/build/icyphy/ptII/ptolemy/domains/de/test/auto/PortParameterUpdates.xml
----------------- Instantiating /home/travis/build/icyphy/ptII/ptolemy/domains/de/test/auto/PortParameterUpdates.xml
5 ms. Memory: 168960K Free: 126808K (75%)
----------------- Invoking toplevel() on ptolemy.moml.MoMLSimpleApplication@1b978fcc
----------------- Done invoking toplevel() on ptolemy.moml.MoMLSimpleApplication@1b978fcc
reloadAllAccessors: .PortParameterUpdates

===========================================================================================
----------------- testing Fri Jan 03 07:22:04 UTC 2020 /home/travis/build/icyphy/ptII/ptolemy/domains/de/test/auto/QueueAndServer.xml
----------------- Instantiating /home/travis/build/icyphy/ptII/ptolemy/domains/de/test/auto/QueueAndServer.xml
4 ms. Memory: 168960K Free: 119126K (71%)
----------------- Invoking toplevel() on ptolemy.moml.MoMLSimpleApplication@4d53e236
----------------- Done invoking toplevel() on ptolemy.moml.MoMLSimpleApplication@4d53e236
reloadAllAccessors: .QueueAndServer

===========================================================================================
----------------- testing Fri Jan 03 07:22:04 UTC 2020 /home/travis/build/icyphy/ptII/ptolemy/domains/de/test/auto/Records.xml
----------------- Instantiating /home/travis/build/icyphy/ptII/ptolemy/domains/de/test/auto/Records.xml
3 ms. Memory: 168960K Free: 113496K (67%)
----------------- Invoking toplevel() on ptolemy.moml.MoMLSimpleApplication@4117180a
----------------- Done invoking toplevel() on ptolemy.moml.MoMLSimpleApplication@4117180a
reloadAllAccessors: .Records

===========================================================================================
----------------- testing Fri Jan 03 07:22:04 UTC 2020 /home/travis/build/icyphy/ptII/ptolemy/domains/de/test/auto/ResetTransitionWithStartTime1.xml
----------------- Instantiating /home/travis/build/icyphy/ptII/ptolemy/domains/de/test/auto/ResetTransitionWithStartTime1.xml
4 ms. Memory: 168960K Free: 105304K (62%)
----------------- Invoking toplevel() on ptolemy.moml.MoMLSimpleApplication@46cd3162
----------------- Done invoking toplevel() on ptolemy.moml.MoMLSimpleApplication@46cd3162
reloadAllAccessors: .ResetTransitionWithStartTime1

===========================================================================================
----------------- testing Fri Jan 03 07:22:04 UTC 2020 /home/travis/build/icyphy/ptII/ptolemy/domains/de/test/auto/ResetTransitionWithStartTime2.xml
----------------- Instantiating /home/travis/build/icyphy/ptII/ptolemy/domains/de/test/auto/ResetTransitionWithStartTime2.xml
5 ms. Memory: 168960K Free: 97112K (57%)
----------------- Invoking toplevel() on ptolemy.moml.MoMLSimpleApplication@98f029a
----------------- Done invoking toplevel() on ptolemy.moml.MoMLSimpleApplication@98f029a
reloadAllAccessors: .ResetTransitionWithStartTime2

===========================================================================================
----------------- testing Fri Jan 03 07:22:04 UTC 2020 /home/travis/build/icyphy/ptII/ptolemy/domains/de/test/auto/ResetTransitionWithStartTime3.xml
----------------- Instantiating /home/travis/build/icyphy/ptII/ptolemy/domains/de/test/auto/ResetTransitionWithStartTime3.xml
4 ms. Memory: 168960K Free: 88920K (53%)
----------------- Invoking toplevel() on ptolemy.moml.MoMLSimpleApplication@39636b96
----------------- Done invoking toplevel() on ptolemy.moml.MoMLSimpleApplication@39636b96
reloadAllAccessors: .ResetTransitionWithStartTime3

===========================================================================================
----------------- testing Fri Jan 03 07:22:04 UTC 2020 /home/travis/build/icyphy/ptII/ptolemy/domains/de/test/auto/ResetTransitionWithStartTime4.xml
----------------- Instantiating /home/travis/build/icyphy/ptII/ptolemy/domains/de/test/auto/ResetTransitionWithStartTime4.xml
3 ms. Memory: 168960K Free: 81232K (48%)
----------------- Invoking toplevel() on ptolemy.moml.MoMLSimpleApplication@d9f6fac
----------------- Done invoking toplevel() on ptolemy.moml.MoMLSimpleApplication@d9f6fac
reloadAllAccessors: .ResetTransitionWithStartTime4

===========================================================================================
----------------- testing Fri Jan 03 07:22:04 UTC 2020 /home/travis/build/icyphy/ptII/ptolemy/domains/de/test/auto/ResettableTimer1.xml
----------------- Instantiating /home/travis/build/icyphy/ptII/ptolemy/domains/de/test/auto/ResettableTimer1.xml
1 ms. Memory: 168960K Free: 77142K (46%)
----------------- Invoking toplevel() on ptolemy.moml.MoMLSimpleApplication@2606af9
----------------- Done invoking toplevel() on ptolemy.moml.MoMLSimpleApplication@2606af9
reloadAllAccessors: .ResettableTimer1

===========================================================================================
----------------- testing Fri Jan 03 07:22:04 UTC 2020 /home/travis/build/icyphy/ptII/ptolemy/domains/de/test/auto/ResettableTimer2.xml
----------------- Instantiating /home/travis/build/icyphy/ptII/ptolemy/domains/de/test/auto/ResettableTimer2.xml
2 ms. Memory: 168960K Free: 73046K (43%)
----------------- Invoking toplevel() on ptolemy.moml.MoMLSimpleApplication@250a09c1
----------------- Done invoking toplevel() on ptolemy.moml.MoMLSimpleApplication@250a09c1
reloadAllAccessors: .ResettableTimer2

===========================================================================================
----------------- testing Fri Jan 03 07:22:04 UTC 2020 /home/travis/build/icyphy/ptII/ptolemy/domains/de/test/auto/ResettableTimer3.xml
----------------- Instantiating /home/travis/build/icyphy/ptII/ptolemy/domains/de/test/auto/ResettableTimer3.xml
1 ms. Memory: 168960K Free: 68950K (41%)
----------------- Invoking toplevel() on ptolemy.moml.MoMLSimpleApplication@6f074aa5
----------------- Done invoking toplevel() on ptolemy.moml.MoMLSimpleApplication@6f074aa5
reloadAllAccessors: .ResettableTimer3

===========================================================================================
----------------- testing Fri Jan 03 07:22:04 UTC 2020 /home/travis/build/icyphy/ptII/ptolemy/domains/de/test/auto/ResettableTimer4.xml
----------------- Instantiating /home/travis/build/icyphy/ptII/ptolemy/domains/de/test/auto/ResettableTimer4.xml
1 ms. Memory: 168960K Free: 64854K (38%)
----------------- Invoking toplevel() on ptolemy.moml.MoMLSimpleApplication@77b10cba
----------------- Done invoking toplevel() on ptolemy.moml.MoMLSimpleApplication@77b10cba
reloadAllAccessors: .ResettableTimer4

===========================================================================================
----------------- testing Fri Jan 03 07:22:04 UTC 2020 /home/travis/build/icyphy/ptII/ptolemy/domains/de/test/auto/ResettableTimer5.xml
----------------- Instantiating /home/travis/build/icyphy/ptII/ptolemy/domains/de/test/auto/ResettableTimer5.xml
1 ms. Memory: 168960K Free: 60758K (36%)
----------------- Invoking toplevel() on ptolemy.moml.MoMLSimpleApplication@1ce790d8
----------------- Done invoking toplevel() on ptolemy.moml.MoMLSimpleApplication@1ce790d8
reloadAllAccessors: .ResettableTimer5

===========================================================================================
----------------- testing Fri Jan 03 07:22:04 UTC 2020 /home/travis/build/icyphy/ptII/ptolemy/domains/de/test/auto/ResettableTimer6.xml
----------------- Instantiating /home/travis/build/icyphy/ptII/ptolemy/domains/de/test/auto/ResettableTimer6.xml
7 ms. Memory: 202752K Free: 182789K (90%)
----------------- Invoking toplevel() on ptolemy.moml.MoMLSimpleApplication@5342ab49
----------------- Done invoking toplevel() on ptolemy.moml.MoMLSimpleApplication@5342ab49
reloadAllAccessors: .ResettableTimer6

===========================================================================================
----------------- testing Fri Jan 03 07:22:04 UTC 2020 /home/travis/build/icyphy/ptII/ptolemy/domains/de/test/auto/ServerZeroDelay.xml
----------------- Instantiating /home/travis/build/icyphy/ptII/ptolemy/domains/de/test/auto/ServerZeroDelay.xml
2 ms. Memory: 202752K Free: 178544K (88%)
----------------- Invoking toplevel() on ptolemy.moml.MoMLSimpleApplication@18b0a58b
----------------- Done invoking toplevel() on ptolemy.moml.MoMLSimpleApplication@18b0a58b
reloadAllAccessors: .ServerZeroDelay

===========================================================================================
----------------- testing Fri Jan 03 07:22:04 UTC 2020 /home/travis/build/icyphy/ptII/ptolemy/domains/de/test/auto/SmartSender.xml
----------------- Instantiating /home/travis/build/icyphy/ptII/ptolemy/domains/de/test/auto/SmartSender.xml
3001 ms. Memory: 202752K Free: 173934K (86%)
----------------- Invoking toplevel() on ptolemy.moml.MoMLSimpleApplication@4de62409
----------------- Done invoking toplevel() on ptolemy.moml.MoMLSimpleApplication@4de62409
reloadAllAccessors: .SmartSender

===========================================================================================
----------------- testing Fri Jan 03 07:22:07 UTC 2020 /home/travis/build/icyphy/ptII/ptolemy/domains/de/test/auto/ThreadedComposite.xml
----------------- Instantiating /home/travis/build/icyphy/ptII/ptolemy/domains/de/test/auto/ThreadedComposite.xml
88 ms. Memory: 202752K Free: 154478K (76%)
----------------- Invoking toplevel() on ptolemy.moml.MoMLSimpleApplication@1e96a8e4
----------------- Done invoking toplevel() on ptolemy.moml.MoMLSimpleApplication@1e96a8e4
reloadAllAccessors: .ThreadedComposite

===========================================================================================
----------------- testing Fri Jan 03 07:22:07 UTC 2020 /home/travis/build/icyphy/ptII/ptolemy/domains/de/test/auto/Time.xml
----------------- Instantiating /home/travis/build/icyphy/ptII/ptolemy/domains/de/test/auto/Time.xml
328 ms. Memory: 202752K Free: 102768K (51%)
----------------- Invoking toplevel() on ptolemy.moml.MoMLSimpleApplication@66760efe
----------------- Done invoking toplevel() on ptolemy.moml.MoMLSimpleApplication@66760efe
reloadAllAccessors: .Time

===========================================================================================
----------------- testing Fri Jan 03 07:22:07 UTC 2020 /home/travis/build/icyphy/ptII/ptolemy/domains/de/test/auto/TimeDelayZeroDelay.xml
----------------- Instantiating /home/travis/build/icyphy/ptII/ptolemy/domains/de/test/auto/TimeDelayZeroDelay.xml
2 ms. Memory: 202752K Free: 98672K (49%)
----------------- Invoking toplevel() on ptolemy.moml.MoMLSimpleApplication@b4622ce
----------------- Done invoking toplevel() on ptolemy.moml.MoMLSimpleApplication@b4622ce
reloadAllAccessors: .TimeDelayZeroDelay

===========================================================================================
----------------- testing Fri Jan 03 07:22:07 UTC 2020 /home/travis/build/icyphy/ptII/ptolemy/domains/de/test/auto/TimerZeroDelay.xml
----------------- Instantiating /home/travis/build/icyphy/ptII/ptolemy/domains/de/test/auto/TimerZeroDelay.xml
2 ms. Memory: 202752K Free: 94576K (47%)
----------------- Invoking toplevel() on ptolemy.moml.MoMLSimpleApplication@4ce90525
----------------- Done invoking toplevel() on ptolemy.moml.MoMLSimpleApplication@4ce90525
reloadAllAccessors: .TimerZeroDelay

===========================================================================================
----------------- testing Fri Jan 03 07:22:07 UTC 2020 /home/travis/build/icyphy/ptII/ptolemy/domains/de/test/auto/TimingParadox.xml
----------------- Instantiating /home/travis/build/icyphy/ptII/ptolemy/domains/de/test/auto/TimingParadox.xml
219 ms. Memory: 202752K Free: 139005K (69%)
----------------- Invoking toplevel() on ptolemy.moml.MoMLSimpleApplication@21252c42
----------------- Done invoking toplevel() on ptolemy.moml.MoMLSimpleApplication@21252c42
reloadAllAccessors: .TimingParadox

===========================================================================================
----------------- testing Fri Jan 03 07:22:08 UTC 2020 /home/travis/build/icyphy/ptII/ptolemy/domains/de/test/auto/TransferInputs.xml
----------------- Instantiating /home/travis/build/icyphy/ptII/ptolemy/domains/de/test/auto/TransferInputs.xml
2 ms. Memory: 202752K Free: 134365K (66%)
----------------- Invoking toplevel() on ptolemy.moml.MoMLSimpleApplication@1eb23d3a
----------------- Done invoking toplevel() on ptolemy.moml.MoMLSimpleApplication@1eb23d3a
reloadAllAccessors: .TransferInputs

===========================================================================================
----------------- testing Fri Jan 03 07:22:08 UTC 2020 /home/travis/build/icyphy/ptII/ptolemy/domains/de/test/auto/TransferOutputs2.xml
----------------- Instantiating /home/travis/build/icyphy/ptII/ptolemy/domains/de/test/auto/TransferOutputs2.xml
3 ms. Memory: 202752K Free: 126717K (62%)
----------------- Invoking toplevel() on ptolemy.moml.MoMLSimpleApplication@48776682
----------------- Done invoking toplevel() on ptolemy.moml.MoMLSimpleApplication@48776682
reloadAllAccessors: .TransferOutputs2

===========================================================================================
----------------- testing Fri Jan 03 07:22:08 UTC 2020 /home/travis/build/icyphy/ptII/ptolemy/domains/de/test/auto/Trilateration.xml
----------------- Instantiating /home/travis/build/icyphy/ptII/ptolemy/domains/de/test/auto/Trilateration.xml
9453 ms. Memory: 454656K Free: 318739K (70%)
----------------- Invoking toplevel() on ptolemy.moml.MoMLSimpleApplication@593b0864
----------------- Done invoking toplevel() on ptolemy.moml.MoMLSimpleApplication@593b0864
reloadAllAccessors: .Trilateration

===========================================================================================
----------------- testing Fri Jan 03 07:22:18 UTC 2020 /home/travis/build/icyphy/ptII/ptolemy/domains/de/test/auto/TwoSigmaDelta.xml
----------------- Instantiating /home/travis/build/icyphy/ptII/ptolemy/domains/de/test/auto/TwoSigmaDelta.xml
1665 ms. Memory: 454656K Free: 387519K (85%)
----------------- Invoking toplevel() on ptolemy.moml.MoMLSimpleApplication@6897663d
----------------- Done invoking toplevel() on ptolemy.moml.MoMLSimpleApplication@6897663d
reloadAllAccessors: .TwoSigmaDelta

===========================================================================================
----------------- testing Fri Jan 03 07:22:19 UTC 2020 /home/travis/build/icyphy/ptII/ptolemy/domains/de/test/auto/VariableDelay.xml
----------------- Instantiating /home/travis/build/icyphy/ptII/ptolemy/domains/de/test/auto/VariableDelay.xml
2 ms. Memory: 454656K Free: 382399K (84%)
----------------- Invoking toplevel() on ptolemy.moml.MoMLSimpleApplication@1246f2ed
----------------- Done invoking toplevel() on ptolemy.moml.MoMLSimpleApplication@1246f2ed
reloadAllAccessors: .VariableDelay

===========================================================================================
----------------- testing Fri Jan 03 07:22:19 UTC 2020 /home/travis/build/icyphy/ptII/ptolemy/domains/de/test/auto/VariableDelay2.xml
----------------- Instantiating /home/travis/build/icyphy/ptII/ptolemy/domains/de/test/auto/VariableDelay2.xml
1 ms. Memory: 454656K Free: 377775K (83%)
----------------- Invoking toplevel() on ptolemy.moml.MoMLSimpleApplication@4c397ff7
----------------- Done invoking toplevel() on ptolemy.moml.MoMLSimpleApplication@4c397ff7
reloadAllAccessors: .VariableDelay2

===========================================================================================
----------------- testing Fri Jan 03 07:22:19 UTC 2020 /home/travis/build/icyphy/ptII/ptolemy/domains/de/test/auto/VariableDelayZeroDelay.xml
----------------- Instantiating /home/travis/build/icyphy/ptII/ptolemy/domains/de/test/auto/VariableDelayZeroDelay.xml
2 ms. Memory: 454656K Free: 373693K (82%)
----------------- Invoking toplevel() on ptolemy.moml.MoMLSimpleApplication@74ace13c
----------------- Done invoking toplevel() on ptolemy.moml.MoMLSimpleApplication@74ace13c
reloadAllAccessors: .VariableDelayZeroDelay

===========================================================================================
----------------- testing Fri Jan 03 07:22:19 UTC 2020 /home/travis/build/icyphy/ptII/ptolemy/domains/de/test/auto/VariableDelayZeroDelay2.xml
----------------- Instantiating /home/travis/build/icyphy/ptII/ptolemy/domains/de/test/auto/VariableDelayZeroDelay2.xml
1 ms. Memory: 454656K Free: 369087K (81%)
----------------- Invoking toplevel() on ptolemy.moml.MoMLSimpleApplication@f244398
----------------- Done invoking toplevel() on ptolemy.moml.MoMLSimpleApplication@f244398
reloadAllAccessors: .VariableDelayZeroDelay2

===========================================================================================
----------------- testing Fri Jan 03 07:22:20 UTC 2020 /home/travis/build/icyphy/ptII/ptolemy/domains/de/test/auto/deInCt.xml
----------------- Instantiating /home/travis/build/icyphy/ptII/ptolemy/domains/de/test/auto/deInCt.xml
0
1
1
1
0
0
0
1
1
1
0
0
0
1
1
1
0
0
0
1
1
1
1
1
1
0
0
0
1
1
1
0
0
0
1
1
1
0
0
0
0
0
0
7 ms. Memory: 454656K Free: 363967K (80%)
----------------- Invoking toplevel() on ptolemy.moml.MoMLSimpleApplication@479d4d3f
----------------- Done invoking toplevel() on ptolemy.moml.MoMLSimpleApplication@479d4d3f
reloadAllAccessors: .deInCt

===========================================================================================
----------------- testing Fri Jan 03 07:22:20 UTC 2020 /home/travis/build/icyphy/ptII/ptolemy/domains/de/test/auto/deInCt2.xml
----------------- Instantiating /home/travis/build/icyphy/ptII/ptolemy/domains/de/test/auto/deInCt2.xml
0
1
1
1
0
0
1
1
1
0
0
1
1
1
0
0
1
1
1
0
0
1
1
1
0
0
1
1
1
0
0
1
1
1
0
0
1
1
1
0
0
0
5 ms. Memory: 454656K Free: 358847K (79%)
----------------- Invoking toplevel() on ptolemy.moml.MoMLSimpleApplication@6d3e42ba
----------------- Done invoking toplevel() on ptolemy.moml.MoMLSimpleApplication@6d3e42ba
reloadAllAccessors: .deInCt2

===========================================================================================
----------------- testing Fri Jan 03 07:22:20 UTC 2020 /home/travis/build/icyphy/ptII/ptolemy/domains/de/test/auto/dynamicCausalityInterface1.xml
----------------- Instantiating /home/travis/build/icyphy/ptII/ptolemy/domains/de/test/auto/dynamicCausalityInterface1.xml
1 ms. Memory: 454656K Free: 349631K (77%)
----------------- Invoking toplevel() on ptolemy.moml.MoMLSimpleApplication@36e56800
----------------- Done invoking toplevel() on ptolemy.moml.MoMLSimpleApplication@36e56800
reloadAllAccessors: .dynamicCausalityInterface1

===========================================================================================
----------------- testing Fri Jan 03 07:22:20 UTC 2020 /home/travis/build/icyphy/ptII/ptolemy/domains/de/test/auto/fsm_de_test.xml
----------------- Instantiating /home/travis/build/icyphy/ptII/ptolemy/domains/de/test/auto/fsm_de_test.xml
5 ms. Memory: 454656K Free: 340415K (75%)
----------------- Invoking toplevel() on ptolemy.moml.MoMLSimpleApplication@10f29e5e
----------------- Done invoking toplevel() on ptolemy.moml.MoMLSimpleApplication@10f29e5e
reloadAllAccessors: .fsm_de_test

===========================================================================================
----------------- testing Fri Jan 03 07:22:20 UTC 2020 /home/travis/build/icyphy/ptII/ptolemy/domains/de/test/auto/functionDependencyReconstruction.xml
----------------- Instantiating /home/travis/build/icyphy/ptII/ptolemy/domains/de/test/auto/functionDependencyReconstruction.xml
1 ms. Memory: 454656K Free: 325535K (72%)
----------------- Invoking toplevel() on ptolemy.moml.MoMLSimpleApplication@1da76c6e
----------------- Done invoking toplevel() on ptolemy.moml.MoMLSimpleApplication@1da76c6e
reloadAllAccessors: .functionDependencyReconstruction

===========================================================================================
----------------- testing Fri Jan 03 07:22:20 UTC 2020 /home/travis/build/icyphy/ptII/ptolemy/domains/de/test/auto/multirate.xml
----------------- Instantiating /home/travis/build/icyphy/ptII/ptolemy/domains/de/test/auto/multirate.xml
3 ms. Memory: 454656K Free: 318911K (70%)
----------------- Invoking toplevel() on ptolemy.moml.MoMLSimpleApplication@69c9db00
----------------- Done invoking toplevel() on ptolemy.moml.MoMLSimpleApplication@69c9db00
reloadAllAccessors: .multirate

===========================================================================================
----------------- testing Fri Jan 03 07:22:20 UTC 2020 /home/travis/build/icyphy/ptII/ptolemy/domains/de/test/auto/multirate2.xml
----------------- Instantiating /home/travis/build/icyphy/ptII/ptolemy/domains/de/test/auto/multirate2.xml
3 ms. Memory: 454656K Free: 312239K (69%)
----------------- Invoking toplevel() on ptolemy.moml.MoMLSimpleApplication@2e5284cc
----------------- Done invoking toplevel() on ptolemy.moml.MoMLSimpleApplication@2e5284cc
reloadAllAccessors: .multirate2

===========================================================================================
----------------- testing Fri Jan 03 07:22:20 UTC 2020 /home/travis/build/icyphy/ptII/ptolemy/domains/de/test/auto/realtime.xml
----------------- Instantiating /home/travis/build/icyphy/ptII/ptolemy/domains/de/test/auto/realtime.xml
10001 ms. Memory: 454656K Free: 307647K (68%)
----------------- Invoking toplevel() on ptolemy.moml.MoMLSimpleApplication@67d9cc30
----------------- Done invoking toplevel() on ptolemy.moml.MoMLSimpleApplication@67d9cc30
reloadAllAccessors: .realtime

===========================================================================================
----------------- testing Fri Jan 03 07:22:30 UTC 2020 /home/travis/build/icyphy/ptII/ptolemy/domains/de/test/auto/relationGroup.xml
----------------- Instantiating /home/travis/build/icyphy/ptII/ptolemy/domains/de/test/auto/relationGroup.xml
2 ms. Memory: 454656K Free: 304061K (67%)
----------------- Invoking toplevel() on ptolemy.moml.MoMLSimpleApplication@af4a16a
----------------- Done invoking toplevel() on ptolemy.moml.MoMLSimpleApplication@af4a16a
reloadAllAccessors: .relationGroup

===========================================================================================
----------------- testing Fri Jan 03 07:22:30 UTC 2020 /home/travis/build/icyphy/ptII/ptolemy/domains/de/test/auto/relationGroup2.xml
----------------- Instantiating /home/travis/build/icyphy/ptII/ptolemy/domains/de/test/auto/relationGroup2.xml
2 ms. Memory: 454656K Free: 300479K (66%)
----------------- Invoking toplevel() on ptolemy.moml.MoMLSimpleApplication@598acd07
----------------- Done invoking toplevel() on ptolemy.moml.MoMLSimpleApplication@598acd07
reloadAllAccessors: .relationGroup2

===========================================================================================
----------------- testing Fri Jan 03 07:22:30 UTC 2020 /home/travis/build/icyphy/ptII/ptolemy/domains/de/test/auto/sortWithOpaquePorts.xml
----------------- Instantiating /home/travis/build/icyphy/ptII/ptolemy/domains/de/test/auto/sortWithOpaquePorts.xml
1 ms. Memory: 454656K Free: 295855K (65%)
----------------- Invoking toplevel() on ptolemy.moml.MoMLSimpleApplication@42b1a12c
----------------- Done invoking toplevel() on ptolemy.moml.MoMLSimpleApplication@42b1a12c
reloadAllAccessors: .sortWithOpaquePorts

===========================================================================================
----------------- testing Fri Jan 03 07:22:30 UTC 2020 /home/travis/build/icyphy/ptII/ptolemy/domains/de/test/auto/transferInputsandOutputs.xml
----------------- Instantiating /home/travis/build/icyphy/ptII/ptolemy/domains/de/test/auto/transferInputsandOutputs.xml
2 ms. Memory: 454656K Free: 288701K (63%)
----------------- Invoking toplevel() on ptolemy.moml.MoMLSimpleApplication@28a44595
----------------- Done invoking toplevel() on ptolemy.moml.MoMLSimpleApplication@28a44595
reloadAllAccessors: .transferInputsandOutputs

===========================================================================================
----------------- testing Fri Jan 03 07:22:30 UTC 2020 /home/travis/build/icyphy/ptII/ptolemy/domains/de/test/auto/triggerType.xml
----------------- Instantiating /home/travis/build/icyphy/ptII/ptolemy/domains/de/test/auto/triggerType.xml
1 ms. Memory: 454656K Free: 284591K (63%)
----------------- Invoking toplevel() on ptolemy.moml.MoMLSimpleApplication@39ed79e8
----------------- Done invoking toplevel() on ptolemy.moml.MoMLSimpleApplication@39ed79e8
reloadAllAccessors: .triggerType
AutoTests.java: About to close Vertx.
AutoTests.java: Vertx closed.
]]></system-out>
  <system-err><![CDATA[java.lang.RuntimeException: Execution failed
	at ptolemy.moml.MoMLSimpleApplication$UnloadThread.run(MoMLSimpleApplication.java:402)
Caused by: ptolemy.kernel.util.IllegalActionException: Found a zero delay loop containing .dependencyLoop.original
  in .dependencyLoop and .dependencyLoop.original
	at ptolemy.actor.util.CausalityInterfaceForComposites._computeOutputPortDepth(CausalityInterfaceForComposites.java:759)
	at ptolemy.actor.util.CausalityInterfaceForComposites._computeInputDepth(CausalityInterfaceForComposites.java:696)
	at ptolemy.actor.util.CausalityInterfaceForComposites._computeOutputPortDepth(CausalityInterfaceForComposites.java:765)
	at ptolemy.actor.util.CausalityInterfaceForComposites._computeInputDepth(CausalityInterfaceForComposites.java:696)
	at ptolemy.actor.util.CausalityInterfaceForComposites._computeOutputPortDepth(CausalityInterfaceForComposites.java:765)
	at ptolemy.actor.util.CausalityInterfaceForComposites._computeInputDepth(CausalityInterfaceForComposites.java:696)
	at ptolemy.actor.util.CausalityInterfaceForComposites._computeActorDepth(CausalityInterfaceForComposites.java:532)
	at ptolemy.actor.util.CausalityInterfaceForComposites.checkForCycles(CausalityInterfaceForComposites.java:96)
	at ptolemy.domains.de.kernel.DEDirector.preinitialize(DEDirector.java:1338)
	at ptolemy.actor.CompositeActor.preinitialize(CompositeActor.java:1828)
	at ptolemy.actor.Manager.preinitializeAndResolveTypes(Manager.java:1040)
	at ptolemy.actor.Manager.initialize(Manager.java:710)
	at ptolemy.actor.Manager.execute(Manager.java:356)
	at ptolemy.actor.Manager.run(Manager.java:1263)
	at ptolemy.actor.Manager$PtolemyRunThread.run(Manager.java:1933)
java.lang.RuntimeException: Execution failed
	at ptolemy.moml.MoMLSimpleApplication$UnloadThread.run(MoMLSimpleApplication.java:402)
Caused by: ptolemy.kernel.util.IllegalActionException: Found a zero delay loop containing .dependencyLoop2.original
  in .dependencyLoop2 and .dependencyLoop2.original
	at ptolemy.actor.util.CausalityInterfaceForComposites._computeOutputPortDepth(CausalityInterfaceForComposites.java:759)
	at ptolemy.actor.util.CausalityInterfaceForComposites._computeInputDepth(CausalityInterfaceForComposites.java:696)
	at ptolemy.actor.util.CausalityInterfaceForComposites._computeOutputPortDepth(CausalityInterfaceForComposites.java:765)
	at ptolemy.actor.util.CausalityInterfaceForComposites._computeInputDepth(CausalityInterfaceForComposites.java:696)
	at ptolemy.actor.util.CausalityInterfaceForComposites._computeOutputPortDepth(CausalityInterfaceForComposites.java:765)
	at ptolemy.actor.util.CausalityInterfaceForComposites._computeInputDepth(CausalityInterfaceForComposites.java:696)
	at ptolemy.actor.util.CausalityInterfaceForComposites._computeActorDepth(CausalityInterfaceForComposites.java:532)
	at ptolemy.actor.util.CausalityInterfaceForComposites.checkForCycles(CausalityInterfaceForComposites.java:96)
	at ptolemy.domains.de.kernel.DEDirector.preinitialize(DEDirector.java:1338)
	at ptolemy.actor.CompositeActor.preinitialize(CompositeActor.java:1828)
	at ptolemy.actor.Manager.preinitializeAndResolveTypes(Manager.java:1040)
	at ptolemy.actor.Manager.initialize(Manager.java:710)
	at ptolemy.actor.Manager.execute(Manager.java:356)
	at ptolemy.actor.Manager.run(Manager.java:1263)
	at ptolemy.actor.Manager$PtolemyRunThread.run(Manager.java:1933)
java.lang.RuntimeException: Execution failed
	at ptolemy.moml.MoMLSimpleApplication$UnloadThread.run(MoMLSimpleApplication.java:402)
Caused by: ptolemy.kernel.util.IllegalActionException: Test fails in iteration 1.
Value was: 1.0. Should have been: 2.0
  in .DirectFeedback.Test
	at ptolemy.actor.lib.Test.fire(Test.java:268)
	at ptolemy.domains.de.kernel.DEDirector._fire(DEDirector.java:1949)
	at ptolemy.domains.de.kernel.DEDirector.fire(DEDirector.java:502)
	at ptolemy.actor.CompositeActor.fire(CompositeActor.java:455)
	at ptolemy.actor.Manager.iterate(Manager.java:851)
	at ptolemy.actor.Manager.execute(Manager.java:369)
	at ptolemy.actor.Manager.run(Manager.java:1263)
	at ptolemy.actor.Manager$PtolemyRunThread.run(Manager.java:1933)
java.lang.RuntimeException: Execution failed
	at ptolemy.moml.MoMLSimpleApplication$UnloadThread.run(MoMLSimpleApplication.java:402)
Caused by: ptolemy.kernel.util.IllegalActionException: Found a zero delay loop containing .dependencyLoop.original
  in .dependencyLoop and .dependencyLoop.original
	at ptolemy.actor.util.CausalityInterfaceForComposites._computeOutputPortDepth(CausalityInterfaceForComposites.java:759)
	at ptolemy.actor.util.CausalityInterfaceForComposites._computeInputDepth(CausalityInterfaceForComposites.java:696)
	at ptolemy.actor.util.CausalityInterfaceForComposites._computeOutputPortDepth(CausalityInterfaceForComposites.java:765)
	at ptolemy.actor.util.CausalityInterfaceForComposites._computeInputDepth(CausalityInterfaceForComposites.java:696)
	at ptolemy.actor.util.CausalityInterfaceForComposites._computeOutputPortDepth(CausalityInterfaceForComposites.java:765)
	at ptolemy.actor.util.CausalityInterfaceForComposites._computeInputDepth(CausalityInterfaceForComposites.java:696)
	at ptolemy.actor.util.CausalityInterfaceForComposites._computeActorDepth(CausalityInterfaceForComposites.java:532)
	at ptolemy.actor.util.CausalityInterfaceForComposites.checkForCycles(CausalityInterfaceForComposites.java:96)
	at ptolemy.domains.de.kernel.DEDirector.preinitialize(DEDirector.java:1338)
	at ptolemy.actor.CompositeActor.preinitialize(CompositeActor.java:1828)
	at ptolemy.actor.Manager.preinitializeAndResolveTypes(Manager.java:1040)
	at ptolemy.actor.Manager.initialize(Manager.java:710)
	at ptolemy.actor.Manager.execute(Manager.java:356)
	at ptolemy.actor.Manager.run(Manager.java:1263)
	at ptolemy.actor.Manager$PtolemyRunThread.run(Manager.java:1933)
java.lang.RuntimeException: Execution failed
	at ptolemy.moml.MoMLSimpleApplication$UnloadThread.run(MoMLSimpleApplication.java:402)
Caused by: ptolemy.kernel.util.IllegalActionException: Found a zero delay loop containing .HierarchicalModel.A
  in .HierarchicalModel and .HierarchicalModel.A
	at ptolemy.actor.util.CausalityInterfaceForComposites._computeOutputPortDepth(CausalityInterfaceForComposites.java:759)
	at ptolemy.actor.util.CausalityInterfaceForComposites._computeInputDepth(CausalityInterfaceForComposites.java:696)
	at ptolemy.actor.util.CausalityInterfaceForComposites._computeOutputPortDepth(CausalityInterfaceForComposites.java:765)
	at ptolemy.actor.util.CausalityInterfaceForComposites._computeInputDepth(CausalityInterfaceForComposites.java:696)
	at ptolemy.actor.util.CausalityInterfaceForComposites._computeOutputPortDepth(CausalityInterfaceForComposites.java:765)
	at ptolemy.actor.util.CausalityInterfaceForComposites._computeInputDepth(CausalityInterfaceForComposites.java:696)
	at ptolemy.actor.util.CausalityInterfaceForComposites._computeActorDepth(CausalityInterfaceForComposites.java:532)
	at ptolemy.actor.util.CausalityInterfaceForComposites.checkForCycles(CausalityInterfaceForComposites.java:96)
	at ptolemy.domains.de.kernel.DEDirector.preinitialize(DEDirector.java:1338)
	at ptolemy.actor.CompositeActor.preinitialize(CompositeActor.java:1828)
	at ptolemy.actor.Manager.preinitializeAndResolveTypes(Manager.java:1040)
	at ptolemy.actor.Manager.initialize(Manager.java:710)
	at ptolemy.actor.Manager.execute(Manager.java:356)
	at ptolemy.actor.Manager.run(Manager.java:1263)
	at ptolemy.actor.Manager$PtolemyRunThread.run(Manager.java:1933)
java.lang.RuntimeException: Execution failed
	at ptolemy.moml.MoMLSimpleApplication$UnloadThread.run(MoMLSimpleApplication.java:402)
Caused by: ptolemy.kernel.util.IllegalActionException: Found a zero delay loop containing .dependencyLoop2.original
  in .dependencyLoop2 and .dependencyLoop2.original
	at ptolemy.actor.util.CausalityInterfaceForComposites._computeOutputPortDepth(CausalityInterfaceForComposites.java:759)
	at ptolemy.actor.util.CausalityInterfaceForComposites._computeInputDepth(CausalityInterfaceForComposites.java:696)
	at ptolemy.actor.util.CausalityInterfaceForComposites._computeOutputPortDepth(CausalityInterfaceForComposites.java:765)
	at ptolemy.actor.util.CausalityInterfaceForComposites._computeInputDepth(CausalityInterfaceForComposites.java:696)
	at ptolemy.actor.util.CausalityInterfaceForComposites._computeOutputPortDepth(CausalityInterfaceForComposites.java:765)
	at ptolemy.actor.util.CausalityInterfaceForComposites._computeInputDepth(CausalityInterfaceForComposites.java:696)
	at ptolemy.actor.util.CausalityInterfaceForComposites._computeActorDepth(CausalityInterfaceForComposites.java:532)
	at ptolemy.actor.util.CausalityInterfaceForComposites.checkForCycles(CausalityInterfaceForComposites.java:96)
	at ptolemy.domains.de.kernel.DEDirector.preinitialize(DEDirector.java:1338)
	at ptolemy.actor.CompositeActor.preinitialize(CompositeActor.java:1828)
	at ptolemy.actor.Manager.preinitializeAndResolveTypes(Manager.java:1040)
	at ptolemy.actor.Manager.initialize(Manager.java:710)
	at ptolemy.actor.Manager.execute(Manager.java:356)
	at ptolemy.actor.Manager.run(Manager.java:1263)
	at ptolemy.actor.Manager$PtolemyRunThread.run(Manager.java:1933)
java.lang.RuntimeException: Execution failed
	at ptolemy.moml.MoMLSimpleApplication$UnloadThread.run(MoMLSimpleApplication.java:402)
Caused by: ptolemy.kernel.util.IllegalActionException: Actor is not ready to fire.  Perhaps UpSample.prefire() returned false? Try debugging the actor by selecting "Listen to Actor".  Also, for SDF check moml for tokenConsumptionRate on input.
  in .DESDFClockTest.Play Bell.Copy1:SDF Director and .DESDFClockTest.Play Bell.UpSample
	at ptolemy.actor.sched.StaticSchedulingDirector.fire(StaticSchedulingDirector.java:227)
	at ptolemy.domains.sdf.kernel.SDFDirector.fire(SDFDirector.java:500)
	at ptolemy.actor.CompositeActor.fire(CompositeActor.java:455)
	at ptolemy.domains.de.kernel.DEDirector._fire(DEDirector.java:1949)
	at ptolemy.domains.de.kernel.DEDirector.fire(DEDirector.java:502)
	at ptolemy.actor.CompositeActor.fire(CompositeActor.java:455)
	at ptolemy.actor.Manager.iterate(Manager.java:851)
	at ptolemy.actor.Manager.execute(Manager.java:369)
	at ptolemy.actor.Manager.run(Manager.java:1263)
	at ptolemy.actor.Manager$PtolemyRunThread.run(Manager.java:1933)
java.lang.RuntimeException: Execution failed
	at ptolemy.moml.MoMLSimpleApplication$UnloadThread.run(MoMLSimpleApplication.java:402)
Caused by: ptolemy.kernel.util.IllegalActionException: Actor is not ready to fire.  Perhaps UpSample.prefire() returned false? Try debugging the actor by selecting "Listen to Actor".  Also, for SDF check moml for tokenConsumptionRate on input.
  in .DESDFClockTest.Play Bell.Copy1:SDF Director and .DESDFClockTest.Play Bell.UpSample
	at ptolemy.actor.sched.StaticSchedulingDirector.fire(StaticSchedulingDirector.java:227)
	at ptolemy.domains.sdf.kernel.SDFDirector.fire(SDFDirector.java:500)
	at ptolemy.actor.CompositeActor.fire(CompositeActor.java:455)
	at ptolemy.domains.de.kernel.DEDirector._fire(DEDirector.java:1949)
	at ptolemy.domains.de.kernel.DEDirector.fire(DEDirector.java:502)
	at ptolemy.actor.CompositeActor.fire(CompositeActor.java:455)
	at ptolemy.actor.Manager.iterate(Manager.java:851)
	at ptolemy.actor.Manager.execute(Manager.java:369)
	at ptolemy.actor.Manager.run(Manager.java:1263)
	at ptolemy.actor.Manager$PtolemyRunThread.run(Manager.java:1933)
java.lang.reflect.InvocationTargetException
	at java.base/jdk.internal.reflect.NativeConstructorAccessorImpl.newInstance0(Native Method)
	at java.base/jdk.internal.reflect.NativeConstructorAccessorImpl.newInstance(NativeConstructorAccessorImpl.java:62)
	at java.base/jdk.internal.reflect.DelegatingConstructorAccessorImpl.newInstance(DelegatingConstructorAccessorImpl.java:45)
	at java.base/java.lang.reflect.Constructor.newInstance(Constructor.java:490)
	at ptolemy.util.test.junit.AutoKnownFailedTests.RunModel(AutoKnownFailedTests.java:105)
	at java.base/jdk.internal.reflect.NativeMethodAccessorImpl.invoke0(Native Method)
	at java.base/jdk.internal.reflect.NativeMethodAccessorImpl.invoke(NativeMethodAccessorImpl.java:62)
	at java.base/jdk.internal.reflect.DelegatingMethodAccessorImpl.invoke(DelegatingMethodAccessorImpl.java:43)
	at java.base/java.lang.reflect.Method.invoke(Method.java:566)
	at org.junit.runners.model.FrameworkMethod$1.runReflectiveCall(FrameworkMethod.java:44)
	at org.junit.internal.runners.model.ReflectiveCallable.run(ReflectiveCallable.java:15)
	at org.junit.runners.model.FrameworkMethod.invokeExplosively(FrameworkMethod.java:41)
	at junitparams.internal.InvokeParameterisedMethod.evaluate(InvokeParameterisedMethod.java:102)
	at org.junit.internal.runners.statements.FailOnTimeout$1.run(FailOnTimeout.java:28)
Caused by: ptolemy.kernel.util.IllegalActionException: Actor is not ready to fire.  Perhaps UpSample.prefire() returned false? Try debugging the actor by selecting "Listen to Actor".  Also, for SDF check moml for tokenConsumptionRate on input.
  in .DESDFClockTest.Play Bell.Copy1:SDF Director and .DESDFClockTest.Play Bell.UpSample
	at ptolemy.actor.sched.StaticSchedulingDirector.fire(StaticSchedulingDirector.java:227)
	at ptolemy.domains.sdf.kernel.SDFDirector.fire(SDFDirector.java:500)
	at ptolemy.actor.CompositeActor.fire(CompositeActor.java:455)
	at ptolemy.domains.de.kernel.DEDirector._fire(DEDirector.java:1949)
	at ptolemy.domains.de.kernel.DEDirector.fire(DEDirector.java:502)
	at ptolemy.actor.CompositeActor.fire(CompositeActor.java:455)
	at ptolemy.actor.Manager.iterate(Manager.java:851)
	at ptolemy.actor.Manager.execute(Manager.java:369)
	at ptolemy.actor.Manager.run(Manager.java:1263)
	at ptolemy.actor.Manager$PtolemyRunThread.run(Manager.java:1933)
java.lang.RuntimeException: Execution failed
	at ptolemy.moml.MoMLSimpleApplication$UnloadThread.run(MoMLSimpleApplication.java:402)
Caused by: ptolemy.kernel.util.IllegalActionException: Test fails in iteration 1.
Value was: 1.0. Should have been: 2.0
  in .DirectFeedback.Test
	at ptolemy.actor.lib.Test.fire(Test.java:268)
	at ptolemy.domains.de.kernel.DEDirector._fire(DEDirector.java:1949)
	at ptolemy.domains.de.kernel.DEDirector.fire(DEDirector.java:502)
	at ptolemy.actor.CompositeActor.fire(CompositeActor.java:455)
	at ptolemy.actor.Manager.iterate(Manager.java:851)
	at ptolemy.actor.Manager.execute(Manager.java:369)
	at ptolemy.actor.Manager.run(Manager.java:1263)
	at ptolemy.actor.Manager$PtolemyRunThread.run(Manager.java:1933)
java.lang.reflect.InvocationTargetException
	at java.base/jdk.internal.reflect.NativeConstructorAccessorImpl.newInstance0(Native Method)
	at java.base/jdk.internal.reflect.NativeConstructorAccessorImpl.newInstance(NativeConstructorAccessorImpl.java:62)
	at java.base/jdk.internal.reflect.DelegatingConstructorAccessorImpl.newInstance(DelegatingConstructorAccessorImpl.java:45)
	at java.base/java.lang.reflect.Constructor.newInstance(Constructor.java:490)
	at ptolemy.util.test.junit.AutoKnownFailedTests.RunModel(AutoKnownFailedTests.java:105)
	at java.base/jdk.internal.reflect.NativeMethodAccessorImpl.invoke0(Native Method)
	at java.base/jdk.internal.reflect.NativeMethodAccessorImpl.invoke(NativeMethodAccessorImpl.java:62)
	at java.base/jdk.internal.reflect.DelegatingMethodAccessorImpl.invoke(DelegatingMethodAccessorImpl.java:43)
	at java.base/java.lang.reflect.Method.invoke(Method.java:566)
	at org.junit.runners.model.FrameworkMethod$1.runReflectiveCall(FrameworkMethod.java:44)
	at org.junit.internal.runners.model.ReflectiveCallable.run(ReflectiveCallable.java:15)
	at org.junit.runners.model.FrameworkMethod.invokeExplosively(FrameworkMethod.java:41)
	at junitparams.internal.InvokeParameterisedMethod.evaluate(InvokeParameterisedMethod.java:102)
	at org.junit.internal.runners.statements.FailOnTimeout$1.run(FailOnTimeout.java:28)
Caused by: ptolemy.kernel.util.IllegalActionException: Test fails in iteration 1.
Value was: 1.0. Should have been: 2.0
  in .DirectFeedback.Test
	at ptolemy.actor.lib.Test.fire(Test.java:268)
	at ptolemy.domains.de.kernel.DEDirector._fire(DEDirector.java:1949)
	at ptolemy.domains.de.kernel.DEDirector.fire(DEDirector.java:502)
	at ptolemy.actor.CompositeActor.fire(CompositeActor.java:455)
	at ptolemy.actor.Manager.iterate(Manager.java:851)
	at ptolemy.actor.Manager.execute(Manager.java:369)
	at ptolemy.actor.Manager.run(Manager.java:1263)
	at ptolemy.actor.Manager$PtolemyRunThread.run(Manager.java:1933)
java.lang.RuntimeException: Execution failed
	at ptolemy.moml.MoMLSimpleApplication$UnloadThread.run(MoMLSimpleApplication.java:402)
Caused by: ptolemy.kernel.util.IllegalActionException: Found a zero delay loop containing .HierarchicalModel.A
  in .HierarchicalModel and .HierarchicalModel.A
	at ptolemy.actor.util.CausalityInterfaceForComposites._computeOutputPortDepth(CausalityInterfaceForComposites.java:759)
	at ptolemy.actor.util.CausalityInterfaceForComposites._computeInputDepth(CausalityInterfaceForComposites.java:696)
	at ptolemy.actor.util.CausalityInterfaceForComposites._computeOutputPortDepth(CausalityInterfaceForComposites.java:765)
	at ptolemy.actor.util.CausalityInterfaceForComposites._computeInputDepth(CausalityInterfaceForComposites.java:696)
	at ptolemy.actor.util.CausalityInterfaceForComposites._computeOutputPortDepth(CausalityInterfaceForComposites.java:765)
	at ptolemy.actor.util.CausalityInterfaceForComposites._computeInputDepth(CausalityInterfaceForComposites.java:696)
	at ptolemy.actor.util.CausalityInterfaceForComposites._computeActorDepth(CausalityInterfaceForComposites.java:532)
	at ptolemy.actor.util.CausalityInterfaceForComposites.checkForCycles(CausalityInterfaceForComposites.java:96)
	at ptolemy.domains.de.kernel.DEDirector.preinitialize(DEDirector.java:1338)
	at ptolemy.actor.CompositeActor.preinitialize(CompositeActor.java:1828)
	at ptolemy.actor.Manager.preinitializeAndResolveTypes(Manager.java:1040)
	at ptolemy.actor.Manager.initialize(Manager.java:710)
	at ptolemy.actor.Manager.execute(Manager.java:356)
	at ptolemy.actor.Manager.run(Manager.java:1263)
	at ptolemy.actor.Manager$PtolemyRunThread.run(Manager.java:1933)
java.lang.reflect.InvocationTargetException
	at java.base/jdk.internal.reflect.NativeConstructorAccessorImpl.newInstance0(Native Method)
	at java.base/jdk.internal.reflect.NativeConstructorAccessorImpl.newInstance(NativeConstructorAccessorImpl.java:62)
	at java.base/jdk.internal.reflect.DelegatingConstructorAccessorImpl.newInstance(DelegatingConstructorAccessorImpl.java:45)
	at java.base/java.lang.reflect.Constructor.newInstance(Constructor.java:490)
	at ptolemy.util.test.junit.AutoKnownFailedTests.RunModel(AutoKnownFailedTests.java:105)
	at java.base/jdk.internal.reflect.NativeMethodAccessorImpl.invoke0(Native Method)
	at java.base/jdk.internal.reflect.NativeMethodAccessorImpl.invoke(NativeMethodAccessorImpl.java:62)
	at java.base/jdk.internal.reflect.DelegatingMethodAccessorImpl.invoke(DelegatingMethodAccessorImpl.java:43)
	at java.base/java.lang.reflect.Method.invoke(Method.java:566)
	at org.junit.runners.model.FrameworkMethod$1.runReflectiveCall(FrameworkMethod.java:44)
	at org.junit.internal.runners.model.ReflectiveCallable.run(ReflectiveCallable.java:15)
	at org.junit.runners.model.FrameworkMethod.invokeExplosively(FrameworkMethod.java:41)
	at junitparams.internal.InvokeParameterisedMethod.evaluate(InvokeParameterisedMethod.java:102)
	at org.junit.internal.runners.statements.FailOnTimeout$1.run(FailOnTimeout.java:28)
Caused by: ptolemy.kernel.util.IllegalActionException: Found a zero delay loop containing .HierarchicalModel.A
  in .HierarchicalModel and .HierarchicalModel.A
	at ptolemy.actor.util.CausalityInterfaceForComposites._computeOutputPortDepth(CausalityInterfaceForComposites.java:759)
	at ptolemy.actor.util.CausalityInterfaceForComposites._computeInputDepth(CausalityInterfaceForComposites.java:696)
	at ptolemy.actor.util.CausalityInterfaceForComposites._computeOutputPortDepth(CausalityInterfaceForComposites.java:765)
	at ptolemy.actor.util.CausalityInterfaceForComposites._computeInputDepth(CausalityInterfaceForComposites.java:696)
	at ptolemy.actor.util.CausalityInterfaceForComposites._computeOutputPortDepth(CausalityInterfaceForComposites.java:765)
	at ptolemy.actor.util.CausalityInterfaceForComposites._computeInputDepth(CausalityInterfaceForComposites.java:696)
	at ptolemy.actor.util.CausalityInterfaceForComposites._computeActorDepth(CausalityInterfaceForComposites.java:532)
	at ptolemy.actor.util.CausalityInterfaceForComposites.checkForCycles(CausalityInterfaceForComposites.java:96)
	at ptolemy.domains.de.kernel.DEDirector.preinitialize(DEDirector.java:1338)
	at ptolemy.actor.CompositeActor.preinitialize(CompositeActor.java:1828)
	at ptolemy.actor.Manager.preinitializeAndResolveTypes(Manager.java:1040)
	at ptolemy.actor.Manager.initialize(Manager.java:710)
	at ptolemy.actor.Manager.execute(Manager.java:356)
	at ptolemy.actor.Manager.run(Manager.java:1263)
	at ptolemy.actor.Manager$PtolemyRunThread.run(Manager.java:1933)
java.lang.RuntimeException: Execution failed
	at ptolemy.moml.MoMLSimpleApplication$UnloadThread.run(MoMLSimpleApplication.java:402)
Caused by: ptolemy.kernel.util.IllegalActionException: Found a zero delay loop containing .dependencyLoop.original
  in .dependencyLoop and .dependencyLoop.original
	at ptolemy.actor.util.CausalityInterfaceForComposites._computeOutputPortDepth(CausalityInterfaceForComposites.java:759)
	at ptolemy.actor.util.CausalityInterfaceForComposites._computeInputDepth(CausalityInterfaceForComposites.java:696)
	at ptolemy.actor.util.CausalityInterfaceForComposites._computeOutputPortDepth(CausalityInterfaceForComposites.java:765)
	at ptolemy.actor.util.CausalityInterfaceForComposites._computeInputDepth(CausalityInterfaceForComposites.java:696)
	at ptolemy.actor.util.CausalityInterfaceForComposites._computeOutputPortDepth(CausalityInterfaceForComposites.java:765)
	at ptolemy.actor.util.CausalityInterfaceForComposites._computeInputDepth(CausalityInterfaceForComposites.java:696)
	at ptolemy.actor.util.CausalityInterfaceForComposites._computeActorDepth(CausalityInterfaceForComposites.java:532)
	at ptolemy.actor.util.CausalityInterfaceForComposites.checkForCycles(CausalityInterfaceForComposites.java:96)
	at ptolemy.domains.de.kernel.DEDirector.preinitialize(DEDirector.java:1338)
	at ptolemy.actor.CompositeActor.preinitialize(CompositeActor.java:1828)
	at ptolemy.actor.Manager.preinitializeAndResolveTypes(Manager.java:1040)
	at ptolemy.actor.Manager.initialize(Manager.java:710)
	at ptolemy.actor.Manager.execute(Manager.java:356)
	at ptolemy.actor.Manager.run(Manager.java:1263)
	at ptolemy.actor.Manager$PtolemyRunThread.run(Manager.java:1933)
java.lang.reflect.InvocationTargetException
	at java.base/jdk.internal.reflect.NativeConstructorAccessorImpl.newInstance0(Native Method)
	at java.base/jdk.internal.reflect.NativeConstructorAccessorImpl.newInstance(NativeConstructorAccessorImpl.java:62)
	at java.base/jdk.internal.reflect.DelegatingConstructorAccessorImpl.newInstance(DelegatingConstructorAccessorImpl.java:45)
	at java.base/java.lang.reflect.Constructor.newInstance(Constructor.java:490)
	at ptolemy.util.test.junit.AutoKnownFailedTests.RunModel(AutoKnownFailedTests.java:105)
	at java.base/jdk.internal.reflect.NativeMethodAccessorImpl.invoke0(Native Method)
	at java.base/jdk.internal.reflect.NativeMethodAccessorImpl.invoke(NativeMethodAccessorImpl.java:62)
	at java.base/jdk.internal.reflect.DelegatingMethodAccessorImpl.invoke(DelegatingMethodAccessorImpl.java:43)
	at java.base/java.lang.reflect.Method.invoke(Method.java:566)
	at org.junit.runners.model.FrameworkMethod$1.runReflectiveCall(FrameworkMethod.java:44)
	at org.junit.internal.runners.model.ReflectiveCallable.run(ReflectiveCallable.java:15)
	at org.junit.runners.model.FrameworkMethod.invokeExplosively(FrameworkMethod.java:41)
	at junitparams.internal.InvokeParameterisedMethod.evaluate(InvokeParameterisedMethod.java:102)
	at org.junit.internal.runners.statements.FailOnTimeout$1.run(FailOnTimeout.java:28)
Caused by: ptolemy.kernel.util.IllegalActionException: Found a zero delay loop containing .dependencyLoop.original
  in .dependencyLoop and .dependencyLoop.original
	at ptolemy.actor.util.CausalityInterfaceForComposites._computeOutputPortDepth(CausalityInterfaceForComposites.java:759)
	at ptolemy.actor.util.CausalityInterfaceForComposites._computeInputDepth(CausalityInterfaceForComposites.java:696)
	at ptolemy.actor.util.CausalityInterfaceForComposites._computeOutputPortDepth(CausalityInterfaceForComposites.java:765)
	at ptolemy.actor.util.CausalityInterfaceForComposites._computeInputDepth(CausalityInterfaceForComposites.java:696)
	at ptolemy.actor.util.CausalityInterfaceForComposites._computeOutputPortDepth(CausalityInterfaceForComposites.java:765)
	at ptolemy.actor.util.CausalityInterfaceForComposites._computeInputDepth(CausalityInterfaceForComposites.java:696)
	at ptolemy.actor.util.CausalityInterfaceForComposites._computeActorDepth(CausalityInterfaceForComposites.java:532)
	at ptolemy.actor.util.CausalityInterfaceForComposites.checkForCycles(CausalityInterfaceForComposites.java:96)
	at ptolemy.domains.de.kernel.DEDirector.preinitialize(DEDirector.java:1338)
	at ptolemy.actor.CompositeActor.preinitialize(CompositeActor.java:1828)
	at ptolemy.actor.Manager.preinitializeAndResolveTypes(Manager.java:1040)
	at ptolemy.actor.Manager.initialize(Manager.java:710)
	at ptolemy.actor.Manager.execute(Manager.java:356)
	at ptolemy.actor.Manager.run(Manager.java:1263)
	at ptolemy.actor.Manager$PtolemyRunThread.run(Manager.java:1933)
java.lang.RuntimeException: Execution failed
	at ptolemy.moml.MoMLSimpleApplication$UnloadThread.run(MoMLSimpleApplication.java:402)
Caused by: ptolemy.kernel.util.IllegalActionException: Found a zero delay loop containing .dependencyLoop2.original
  in .dependencyLoop2 and .dependencyLoop2.original
	at ptolemy.actor.util.CausalityInterfaceForComposites._computeOutputPortDepth(CausalityInterfaceForComposites.java:759)
	at ptolemy.actor.util.CausalityInterfaceForComposites._computeInputDepth(CausalityInterfaceForComposites.java:696)
	at ptolemy.actor.util.CausalityInterfaceForComposites._computeOutputPortDepth(CausalityInterfaceForComposites.java:765)
	at ptolemy.actor.util.CausalityInterfaceForComposites._computeInputDepth(CausalityInterfaceForComposites.java:696)
	at ptolemy.actor.util.CausalityInterfaceForComposites._computeOutputPortDepth(CausalityInterfaceForComposites.java:765)
	at ptolemy.actor.util.CausalityInterfaceForComposites._computeInputDepth(CausalityInterfaceForComposites.java:696)
	at ptolemy.actor.util.CausalityInterfaceForComposites._computeActorDepth(CausalityInterfaceForComposites.java:532)
	at ptolemy.actor.util.CausalityInterfaceForComposites.checkForCycles(CausalityInterfaceForComposites.java:96)
	at ptolemy.domains.de.kernel.DEDirector.preinitialize(DEDirector.java:1338)
	at ptolemy.actor.CompositeActor.preinitialize(CompositeActor.java:1828)
	at ptolemy.actor.Manager.preinitializeAndResolveTypes(Manager.java:1040)
	at ptolemy.actor.Manager.initialize(Manager.java:710)
	at ptolemy.actor.Manager.execute(Manager.java:356)
	at ptolemy.actor.Manager.run(Manager.java:1263)
	at ptolemy.actor.Manager$PtolemyRunThread.run(Manager.java:1933)
java.lang.reflect.InvocationTargetException
	at java.base/jdk.internal.reflect.NativeConstructorAccessorImpl.newInstance0(Native Method)
	at java.base/jdk.internal.reflect.NativeConstructorAccessorImpl.newInstance(NativeConstructorAccessorImpl.java:62)
	at java.base/jdk.internal.reflect.DelegatingConstructorAccessorImpl.newInstance(DelegatingConstructorAccessorImpl.java:45)
	at java.base/java.lang.reflect.Constructor.newInstance(Constructor.java:490)
	at ptolemy.util.test.junit.AutoKnownFailedTests.RunModel(AutoKnownFailedTests.java:105)
	at java.base/jdk.internal.reflect.NativeMethodAccessorImpl.invoke0(Native Method)
	at java.base/jdk.internal.reflect.NativeMethodAccessorImpl.invoke(NativeMethodAccessorImpl.java:62)
	at java.base/jdk.internal.reflect.DelegatingMethodAccessorImpl.invoke(DelegatingMethodAccessorImpl.java:43)
	at java.base/java.lang.reflect.Method.invoke(Method.java:566)
	at org.junit.runners.model.FrameworkMethod$1.runReflectiveCall(FrameworkMethod.java:44)
	at org.junit.internal.runners.model.ReflectiveCallable.run(ReflectiveCallable.java:15)
	at org.junit.runners.model.FrameworkMethod.invokeExplosively(FrameworkMethod.java:41)
	at junitparams.internal.InvokeParameterisedMethod.evaluate(InvokeParameterisedMethod.java:102)
	at org.junit.internal.runners.statements.FailOnTimeout$1.run(FailOnTimeout.java:28)
Caused by: ptolemy.kernel.util.IllegalActionException: Found a zero delay loop containing .dependencyLoop2.original
  in .dependencyLoop2 and .dependencyLoop2.original
	at ptolemy.actor.util.CausalityInterfaceForComposites._computeOutputPortDepth(CausalityInterfaceForComposites.java:759)
	at ptolemy.actor.util.CausalityInterfaceForComposites._computeInputDepth(CausalityInterfaceForComposites.java:696)
	at ptolemy.actor.util.CausalityInterfaceForComposites._computeOutputPortDepth(CausalityInterfaceForComposites.java:765)
	at ptolemy.actor.util.CausalityInterfaceForComposites._computeInputDepth(CausalityInterfaceForComposites.java:696)
	at ptolemy.actor.util.CausalityInterfaceForComposites._computeOutputPortDepth(CausalityInterfaceForComposites.java:765)
	at ptolemy.actor.util.CausalityInterfaceForComposites._computeInputDepth(CausalityInterfaceForComposites.java:696)
	at ptolemy.actor.util.CausalityInterfaceForComposites._computeActorDepth(CausalityInterfaceForComposites.java:532)
	at ptolemy.actor.util.CausalityInterfaceForComposites.checkForCycles(CausalityInterfaceForComposites.java:96)
	at ptolemy.domains.de.kernel.DEDirector.preinitialize(DEDirector.java:1338)
	at ptolemy.actor.CompositeActor.preinitialize(CompositeActor.java:1828)
	at ptolemy.actor.Manager.preinitializeAndResolveTypes(Manager.java:1040)
	at ptolemy.actor.Manager.initialize(Manager.java:710)
	at ptolemy.actor.Manager.execute(Manager.java:356)
	at ptolemy.actor.Manager.run(Manager.java:1263)
	at ptolemy.actor.Manager$PtolemyRunThread.run(Manager.java:1933)
]]></system-err>
</testsuite>
