<?xml version="1.0" encoding="UTF-8" ?>
<testsuite errors="0" failures="0" hostname="travis-job-6834db0e-2772-4683-a659-0d6a944dce74" name="ptolemy.domains.de.test.junit.JUnitTclTest" skipped="0" tests="101" time="130.6" timestamp="2018-07-20T01:55:52">
  <properties>
    <property name="npm.executable" value="npm" />
    <property name="file.encoding.pkg" value="sun.io" />
    <property name="ptII.mk.exists" value="true" />
    <property name="env.rvm_bin_path" value="/home/travis/.rvm/bin" />
    <property name="java.home" value="/usr/lib/jvm/java-8-oracle/jre" />
    <property name="env.TRAVIS_JOB_NUMBER" value="660.9" />
    <property name="env.DISPLAY" value=":99.0" />
    <property name="java.net.preferIPv4Stack" value="true" />
    <property name="env.TRAVIS_INIT" value="upstart" />
    <property name="env.SSH_TTY" value="/dev/pts/0" />
    <property name="env.RUN_TESTS" value="false" />
    <property name="timeout.short" value="1000000" />
    <property name="env.TRAVIS_STACK_NODE_ATTRIBUTES" value="/.node-attributes.yml" />
    <property name="junit.formatter" value="xml" />
    <property name="java.endorsed.dirs" value="/usr/lib/jvm/java-8-oracle/jre/lib/endorsed" />
    <property name="env.TRAVIS_SUDO" value="true" />
    <property name="env.LOGNAME" value="travis" />
    <property name="jsdoc.home" value="node_modules/@terraswarm/jsdoc" />
    <property name="debuglevel" value="source,lines,vars" />
    <property name="checkstyle.formatter" value="xml" />
    <property name="bin.vergil.makeable" value="true" />
    <property name="env._system_version" value="14.04" />
    <property name="sun.os.patch.level" value="unknown" />
    <property name="java.vendor.url" value="http://java.oracle.com/" />
    <property name="java.version" value="1.8.0_151" />
    <property name="env.TZ" value="UTC" />
    <property name="env.PT_NO_NET" value="true" />
    <property name="env.TRAVIS_PULL_REQUEST_SHA" value="" />
    <property name="env.TRAVIS_SECURE_ENV_VARS" value="true" />
    <property name="env._system_type" value="Linux" />
    <property name="java.vendor.url.bug" value="http://bugreport.sun.com/bugreport/" />
    <property name="env.SSH_CLIENT" value="10.10.4.30 41942 22" />
    <property name="npmjs-org-is-up" value="true" />
    <property name="env.GEM_HOME" value="/home/travis/.rvm/gems/ruby-2.4.1" />
    <property name="env.HAS_ANTARES_THREE_LITTLE_FRONZIES_BADGE" value="true" />
    <property name="env.PS4" value="+" />
    <property name="ant.project.invoked-targets" value="build,test.core2.xml" />
    <property name="env.TRAVIS_PULL_REQUEST_BRANCH" value="" />
    <property name="env.TRAVIS_REPO_SLUG" value="icyphy/ptII" />
    <property name="node.in.path" value="true" />
    <property name="java.maxmemory" value="1400m" />
    <property name="env.RUBY_VERSION" value="ruby-2.4.1" />
    <property name="user.name" value="travis" />
    <property name="env.LANG" value="en_US.UTF-8" />
    <property name="sun.io.unicode.encoding" value="UnicodeLittle" />
    <property name="sun.jnu.encoding" value="UTF-8" />
    <property name="java.runtime.name" value="Java(TM) SE Runtime Environment" />
    <property name="usefile" value="false" />
    <property name="return.code" value="0" />
    <property name="junit.single.formatter" value="plain" />
    <property name="env.DYLD_LIBRARY_PATH" value="/home/travis/pthla/certi-tools/lib:" />
    <property name="env.DEBIAN_FRONTEND" value="noninteractive" />
    <property name="env.SSH_CONNECTION" value="10.10.4.30 41942 10.20.1.57 22" />
    <property name="env.MYSQL_UNIX_PORT" value="/var/run/mysqld/mysqld.sock" />
    <property name="env.TRAVIS_ALLOW_FAILURE" value="false" />
    <property name="env.LC_ALL" value="en_US.UTF-8" />
    <property name="java.specification.name" value="Java Platform API Specification" />
    <property name="node.works" value="true" />
    <property name="user.timezone" value="" />
    <property name="path.separator" value=":" />
    <property name="env.PYTHON_CFLAGS" value="-g -fstack-protector --param=ssp-buffer-size=4 -Wformat -Werror=format-security" />
    <property name="timeout.long" value="4000000" />
    <property name="env.CERTI_HOME" value="/home/travis/pthla/certi-tools" />
    <property name="file.encoding" value="UTF-8" />
    <property name="ant.file.ptII" value="/home/travis/build/icyphy/ptII/build.xml" />
    <property name="javadoc.packagenames" value="com.*,diva.*,lbnl.*,org.hlacerti.*,org.json.*,org.ptolemy.*,org.terraswarm.*,ptolemy.*,ptserver.*" />
    <property name="env.TRAVIS_PULL_REQUEST_SLUG" value="" />
    <property name="ant.project.default-target" value="build" />
    <property name="env.GIT_ASKPASS" value="echo" />
    <property name="env.HOME" value="/home/travis" />
    <property name="sun.java.command" value="org.apache.tools.ant.taskdefs.optional.junit.JUnitTestRunner ptolemy.domains.de.test.junit.JUnitTclTest skipNonTests=false filtertrace=true haltOnError=false haltOnFailure=false formatter=org.apache.tools.ant.taskdefs.optional.junit.OutErrSummaryJUnitResultFormatter showoutput=true outputtoformatters=true logfailedtests=true threadid=0 logtestlistenerevents=false formatter=org.apache.tools.ant.taskdefs.optional.junit.XMLJUnitResultFormatter,/home/travis/build/icyphy/ptII/reports/junit/TEST-ptolemy.domains.de.test.junit.JUnitTclTest.xml crashfile=/home/travis/build/icyphy/ptII/junitvmwatcher4061203329110725100.properties propsfile=/home/travis/build/icyphy/ptII/junit5751038635206005246.properties" />
    <property name="env.MANPATH" value="/home/travis/.nvm/versions/node/v7.10.1/share/man:/home/travis/.kiex/elixirs/elixir-1.4.5/man:/home/travis/.rvm/rubies/ruby-2.4.1/share/man:/usr/local/man:/usr/local/cmake-3.9.2/man:/usr/local/clang-5.0.0/share/man:/usr/local/share/man:/usr/share/man:/home/travis/.rvm/man" />
    <property name="env.COMPOSER_NO_INTERACTION" value="1" />
    <property name="env.JDK_SWITCHER_DEFAULT" value="oraclejdk8" />
    <property name="ant.file" value="/home/travis/build/icyphy/ptII/build.xml" />
    <property name="env.TRAVIS_COMMIT_RANGE" value="5ba62ff625dde9b561beb5fe06cba0f87ec34e0b...72693d341b4458fb5f029cda4b11b7d68a44a335" />
    <property name="env._system_name" value="Ubuntu" />
    <property name="timeout" value="2400000" />
    <property name="ptII.classpath.optional.property" value="/home/travis/build/icyphy/ptII/lib/bsh-2.0b4.jar:/home/travis/build/icyphy/ptII/lib/ptCal.jar:/home/travis/build/icyphy/ptII/lib/java_cup.jar:/home/travis/build/icyphy/ptII/lib/saxon8.jar:/home/travis/build/icyphy/ptII/lib/saxon8-dom.jar:/home/travis/build/icyphy/ptII/lib/chic.jar:/home/travis/build/icyphy/ptII/lib/ptcolt.jar:/usr/lib/jvm/java-8-oracle/lib/tools.jar:/usr/lib/eclipse/plugins/org.eclipse.jdt.core_3.8.2.dist.jar:/usr/lib/eclipse/plugins/org.eclipse.core.runtime_3.8.0.dist.jar:/usr/lib/eclipse/plugins/org.eclipse.osgi_3.8.1.dist.jar:/usr/lib/eclipse/plugins/org.eclipse.core.resources_3.8.1.dist.jar:/usr/lib/eclipse/plugins/org.eclipse.equinox.common_3.6.100.dist.jar:/usr/lib/eclipse/plugins/org.eclipse.core.jobs_3.5.200.dist.jar:/usr/lib/eclipse/plugins/org.eclipse.core.contenttype_3.4.200.dist.jar:/usr/lib/eclipse/plugins/org.eclipse.equinox.preferences_3.5.0.dist.jar:/usr/lib/eclipse/plugins/org.eclipse.text_3.5.200.dist.jar:/usr/lib/eclipse/plugins/org.eclipse.ui.workbench_3.8.1.dist.jar:/usr/lib/eclipse/plugins/org.eclipse.jface_3.8.0.dist.jar:/usr/lib/eclipse/plugins/org.eclipse.swt_3.8.2.jar:/usr/lib/eclipse/plugins/org.eclipse.jface.text_3.8.1.dist.jar:/usr/lib/eclipse/plugins/org.eclipse.ui.workbench.texteditor_3.8.0.dist.jar:/usr/lib/eclipse/plugins/org.eclipse.ui.editors_3.8.0.dist.jar:/usr/lib/eclipse/plugins/org.eclipse.core.commands_3.6.1.dist.jar:/usr/lib/eclipse/plugins/org.eclipse.equinox.registry_3.5.200.dist.jar:/usr/lib/eclipse/plugins/org.eclipse.ui.console_3.5.100.dist.jar:/usr/lib/eclipse/plugins/org.eclipse.ui.forms_3.5.200.dist.jar:/usr/lib/eclipse/plugins/org.eclipse.ui.ide_3.8.1.dist.jar:/home/travis/build/icyphy/ptII/vendors/oracle/dbxml.jar:/home/travis/build/icyphy/ptII/vendors/oracle/db.jar:/home/travis/build/icyphy/ptII/vendors/misc/itext/iText.jar:/home/travis/build/icyphy/ptII/lib/g4ltl.jar:/home/travis/build/icyphy/ptII/lib/StructuralCoder.jar:/home/travis/build/icyphy/ptII/lib/org-openide-util.jar:/home/travis/build/icyphy/ptII/lib/org-openide-util-lookup.jar:/home/travis/build/icyphy/ptII/lib/org-netbeans-api-visual.jar:/home/travis/build/icyphy/ptII/vendors/jai-1_1_2_01/lib/jai_core.jar:/home/travis/build/icyphy/ptII/vendors/jai-1_1_2_01/lib/jai_codec.jar:/home/travis/build/icyphy/ptII/lib/jcerti.jar:/home/travis/build/icyphy/ptII/lib/smack.jar:/home/travis/build/icyphy/ptII/lib/smackx.jar:/home/travis/build/icyphy/ptII/lib/jetty-all-8.1.5-v20120716.jar:/home/travis/build/icyphy/ptII/lib/javax.servlet-api-3.0.1.jar:/home/travis/build/icyphy/ptII/lib/javax.mail.jar:/home/travis/build/icyphy/ptII/vendors/JMF-2.1.1e/lib/jmf.jar:/home/travis/build/icyphy/ptII/lib/jna-4.0.0-variadic.jar:/home/travis/build/icyphy/ptII/vendors/misc/joystick/Joystick.jar:/home/travis/build/icyphy/ptII/lib/ptjacl.jar:/home/travis/build/icyphy/ptII/lib/jsoup-1.8.2.jar:/home/travis/build/icyphy/ptII/lib/junit-4.8.2.jar:/home/travis/build/icyphy/ptII/lib/JUnitParams-0.4.0.jar:/home/travis/build/icyphy/ptII/ptolemy/actor/lib/excel/jxl.jar:/home/travis/build/icyphy/ptII/lib/jython.jar:/home/travis/build/icyphy/ptII/lib/kieler.jar:/home/travis/build/icyphy/ptII/vendors/opencv/share/OpenCV/java/opencv-341.jar:/home/travis/build/icyphy/ptII/lib/oscP5.jar:/home/travis/build/icyphy/ptII/lib/nrjavaserial-3.11.0.devel.jar:/home/travis/build/icyphy/ptII/vendors/j3d/lib/j3dcore.jar:/home/travis/build/icyphy/ptII/vendors/j3d/lib/j3dutils.jar:/home/travis/build/icyphy/ptII/vendors/j3d/lib/vecmath.jar:/home/travis/build/icyphy/ptII/ptolemy/distributed/jini/jar/jini-core.jar:/home/travis/build/icyphy/ptII/ptolemy/distributed/jini/jar/jini-ext.jar:/home/travis/build/icyphy/ptII/ptolemy/distributed/jini/jar/sun-util.jar:/home/travis/build/icyphy/ptII/lib/protobuf-java-2.4.1.jar:/home/travis/build/icyphy/ptII/lib/org.eclipse.paho.client.mqttv3.jar:/home/travis/build/icyphy/ptII/ptserver/lib/hessian-4.0.7.jar:/home/travis/build/icyphy/ptII/ptserver/lib/wmqtt.jar:/home/travis/build/icyphy/ptII/lib/mapss.jar:/home/travis/build/icyphy/ptII/ptolemy/actor/ptalon/antlr/antlr.jar:/home/travis/build/icyphy/ptII/lib/JRI.jar:/home/travis/build/icyphy/ptII/lib/commons-lang-2.6.jar:/home/travis/build/icyphy/ptII/lib/commons-logging-1.1.1.jar:/home/travis/build/icyphy/ptII/lib/sootclasses.jar:/home/travis/build/icyphy/ptII/ptolemy/actor/lib/database/mysql-connector-java-5.1.6-bin.jar:/home/travis/build/icyphy/ptII/vendors/misc/sphinx4/sphinx4-data-5prealpha.jar:/home/travis/build/icyphy/ptII/vendors/misc/sphinx4/sphinx4-core-5prealpha.jar:/home/travis/build/icyphy/ptII/lib/PDFRenderer.jar:/home/travis/build/icyphy/ptII/lib/svgSalamander.jar:/home/travis/build/icyphy/ptII/lib/rsyntaxtextarea-2.6.0-SNAPSHOT.jar:/home/travis/build/icyphy/ptII/lib/hazelcast-3.8.2.jar:/home/travis/build/icyphy/ptII/lib/jackson-annotations-2.9.0.jar:/home/travis/build/icyphy/ptII/lib/jackson-core-2.9.3.jar:/home/travis/build/icyphy/ptII/lib/jackson-databind-2.9.3.jar:/home/travis/build/icyphy/ptII/lib/netty-buffer-4.1.19.Final.jar:/home/travis/build/icyphy/ptII/lib/netty-codec-4.1.19.Final.jar:/home/travis/build/icyphy/ptII/lib/netty-codec-dns-4.1.19.Final.jar:/home/travis/build/icyphy/ptII/lib/netty-codec-http-4.1.19.Final.jar:/home/travis/build/icyphy/ptII/lib/netty-codec-http2-4.1.19.Final.jar:/home/travis/build/icyphy/ptII/lib/netty-common-4.1.19.Final.jar:/home/travis/build/icyphy/ptII/lib/netty-handler-4.1.19.Final.jar:/home/travis/build/icyphy/ptII/lib/netty-resolver-4.1.19.Final.jar:/home/travis/build/icyphy/ptII/lib/netty-resolver-dns-4.1.19.Final.jar:/home/travis/build/icyphy/ptII/lib/netty-transport-4.1.19.Final.jar:/home/travis/build/icyphy/ptII/lib/vertx-codegen-3.5.1.jar:/home/travis/build/icyphy/ptII/lib/vertx-core-3.5.2-SNAPSHOT.jar:/home/travis/build/icyphy/ptII/lib/vertx-hazelcast-3.5.1.jar:/home/travis/build/icyphy/ptII/lib/vertx-lang-js-3.5.1.jar:/home/travis/build/icyphy/ptII/lib/vertx-service-proxy-3.5.1.jar:/home/travis/build/icyphy/ptII/lib/vertx-web-3.5.1.jar:/home/travis/build/icyphy/ptII/lib/slf4j-api-1.7.13.jar:/home/travis/build/icyphy/ptII/lib/slf4j-simple-1.7.13.jar:/home/travis/build/icyphy/ptII/lib/webcam-capture-0.3.12.jar:/home/travis/build/icyphy/ptII/lib/bridj-0.7.0.jar:/home/travis/build/icyphy/ptII/lib/xbjlib-1.1.0.nrjavaserial.jar" />
    <property name="test.batch" value="**/junit/*.java" />
    <property name="env._" value="/usr/bin/timeout" />
    <property name="java.io.tmpdir" value="/tmp" />
    <property name="user.language" value="en" />
    <property name="env.HISTCONTROL" value="ignoredups:ignorespace" />
    <property name="env.GOROOT" value="/home/travis/.gimme/versions/go1.7.4.linux.amd64" />
    <property name="line.separator" value="&#xa;" />
    <property name="target" value="1.8" />
    <property name="env.TRAVIS_BUILD_DIR" value="/home/travis/build/icyphy/ptII" />
    <property name="env.ANT_OPTS" value="-Xmx2048m" />
    <property name="ant.file.type" value="file" />
    <property name="ptolemy.ptII.batchMode" value="true" />
    <property name="env.HISTSIZE" value="1000" />
    <property name="env.MERB_ENV" value="test" />
    <property name="java.vm.info" value="mixed mode" />
    <property name="source" value="1.8" />
    <property name="java.vm.specification.name" value="Java Virtual Machine Specification" />
    <property name="env.TRAVIS_TEST_RESULT" value="0" />
    <property name="jsdoc.command" value="node_modules/@terraswarm/jsdoc/jsdoc.js" />
    <property name="npm.works" value="true" />
    <property name="cobertura.dir" value="/home/travis/build/icyphy/ptII/vendors/cobertura-2.0.3" />
    <property name="env.rvm_path" value="/home/travis/.rvm" />
    <property name="env.GEM_PATH" value="/home/travis/.rvm/gems/ruby-2.4.1:/home/travis/.rvm/gems/ruby-2.4.1@global" />
    <property name="env.LC_CTYPE" value="en_US.UTF-8" />
    <property name="java.awt.printerjob" value="sun.print.PSPrinterJob" />
    <property name="env.TRAVIS_STACK_NAME" value="garnet" />
    <property name="ant.version" value="Apache Ant(TM) version 1.10.1 compiled on February 2 2017" />
    <property name="ptII.reports" value="/home/travis/build/icyphy/ptII/reports" />
    <property name="env.TRAVIS_STACK_TIMESTAMP" value="2017-12-05 19:33:09 UTC" />
    <property name="ant.file.type.ptII" value="file" />
    <property name="env.RBENV_SHELL" value="bash" />
    <property name="os.name" value="Linux" />
    <property name="java.specification.vendor" value="Oracle Corporation" />
    <property name="env.rvm_version" value="1.29.3 (latest)" />
    <property name="env.TERM" value="xterm" />
    <property name="java.vm.name" value="Java HotSpot(TM) 64-Bit Server VM" />
    <property name="env.TRAVIS_BUILD_NUMBER" value="660" />
    <property name="env.CI" value="true" />
    <property name="java.library.path" value="/home/travis/pthla/certi-tools/lib:/usr/lib/jni:/usr/local/share/OpenCV/java/:/usr/share/OpenCV/java::/usr/java/packages/lib/amd64:/usr/lib64:/lib64:/lib:/usr/lib" />
    <property name="env.rvm_prefix" value="/home/travis" />
    <property name="env.PATH" value="/home/travis/pthla/certi-tools/share/scripts:/home/travis/.rvm/gems/ruby-2.4.1/bin:/home/travis/.rvm/gems/ruby-2.4.1@global/bin:/home/travis/.rvm/rubies/ruby-2.4.1/bin:/home/travis/.rvm/bin:/home/travis/.nvm/versions/node/v7.10.1/bin:./node_modules/.bin:/home/travis/build/icyphy/ptII/bin:/home/travis/pthla/certi-tools/bin:/home/travis/bin:/home/travis/.local/bin:/opt/pyenv/shims:/home/travis/.phpenv/shims:/home/travis/perl5/perlbrew/bin:/home/travis/.kiex/elixirs/elixir-1.4.5/bin:/home/travis/.kiex/bin:/home/travis/gopath/bin:/home/travis/.gimme/versions/go1.7.4.linux.amd64/bin:/usr/local/phantomjs/bin:/usr/local/phantomjs:/usr/local/neo4j-3.2.7/bin:/usr/local/maven-3.5.2/bin:/usr/local/cmake-3.9.2/bin:/usr/local/clang-5.0.0/bin:/usr/local/sbin:/usr/local/bin:/usr/sbin:/usr/bin:/sbin:/bin:/home/travis/.phpenv/bin:/opt/pyenv/bin:/home/travis/.yarn/bin" />
    <property name="env.TRAVIS_OS_NAME" value="linux" />
    <property name="ant.java.version" value="1.8" />
    <property name="basedir" value="/home/travis/build/icyphy/ptII" />
    <property name="java.class.version" value="52.0" />
    <property name="env.SHLVL" value="3" />
    <property name="env.LD_LIBRARY_PATH" value="/home/travis/pthla/certi-tools/lib:/usr/lib/jni:/usr/local/share/OpenCV/java/:/usr/share/OpenCV/java:" />
    <property name="env.RACK_ENV" value="test" />
    <property name="ant.home" value="/home/travis/build/icyphy/ptII/ant" />
    <property name="env.NVM_DIR" value="/home/travis/.nvm" />
    <property name="env.PERLBREW_BASHRC_VERSION" value="0.80" />
    <property name="env.CERTI_FOM_PATH" value="/home/travis/pthla/certi-tools/share/federations" />
    <property name="env.TRAVIS_BUILD_ID" value="406063547" />
    <property name="env.PYENV_ROOT" value="/opt/pyenv" />
    <property name="env.TRAVIS_UID" value="2000" />
    <property name="env.rvm_pretty_print_flag" value="auto" />
    <property name="env.NVM_BIN" value="/home/travis/.nvm/versions/node/v7.10.1/bin" />
    <property name="env.TRAVIS_COMMIT" value="72693d341b4458fb5f029cda4b11b7d68a44a335" />
    <property name="env._system_arch" value="x86_64" />
    <property name="node.executable" value="node" />
    <property name="sun.boot.library.path" value="/usr/lib/jvm/java-8-oracle/jre/lib/amd64" />
    <property name="sun.management.compiler" value="HotSpot 64-Bit Tiered Compilers" />
    <property name="env.GOPATH" value="/home/travis/gopath" />
    <property name="java.awt.graphicsenv" value="sun.awt.X11GraphicsEnvironment" />
    <property name="ptolemy.ptII.dir" value="/home/travis/build/icyphy/ptII" />
    <property name="env.USER" value="travis" />
    <property name="env.HISTFILESIZE" value="2000" />
    <property name="timeout.longest" value="19000000" />
    <property name="env.TRAVIS_STACK_FEATURES" value="basic cassandra chromium couchdb disabled-ipv6 docker docker-compose elasticsearch firefox go-toolchain google-chrome jdk memcached mongodb mysql neo4j nodejs_interpreter perl_interpreter perlbrew phantomjs postgresql python_interpreter rabbitmq redis riak ruby_interpreter sqlite xserver" />
    <property name="env.TRAVIS_PULL_REQUEST" value="false" />
    <property name="env.PYENV_SHELL" value="bash" />
    <property name="ant.project.name" value="ptII" />
    <property name="java.vm.specification.version" value="1.8" />
    <property name="env.TRAVIS_DIST" value="trusty" />
    <property name="env.CERTI_VERSION" value="4.0.0" />
    <property name="env.NLSPATH" value="/usr/dt/lib/nls/msg/%L/%N.cat" />
    <property name="awt.toolkit" value="sun.awt.X11.XToolkit" />
    <property name="env.CERTI_HOST" value="localhost" />
    <property name="env.MY_RUBY_HOME" value="/home/travis/.rvm/rubies/ruby-2.4.1" />
    <property name="sun.cpu.isalist" value="" />
    <property name="java.ext.dirs" value="/usr/lib/jvm/java-8-oracle/jre/lib/ext:/usr/java/packages/lib/ext" />
    <property name="os.version" value="4.4.0-101-generic" />
    <property name="user.home" value="/home/travis" />
    <property name="env.MIX_ARCHIVES" value="/home/travis/.kiex/mix/elixir-1.4.5" />
    <property name="java.vm.vendor" value="Oracle Corporation" />
    <property name="env.TRAVIS_TAG" value="nightly" />
    <property name="env.TRAVIS_FILTERED" value="redirect_io" />
    <property name="env.JAVA_HOME" value="/usr/lib/jvm/java-8-oracle" />
    <property name="env.PTII" value="/home/travis/build/icyphy/ptII" />
    <property name="javadoc.excludepackagenames" value="adm.cvs2svn.*,build.*,config.*,doc.coding.templates.*,jni.test.jni.meaningOfLife.*,jni.test.jni.testDeux.*,jni.test.jni.testTrois.*,org.terraswarm.accessor.accessors.web.node_modules.*,org.terraswarm.accessor.accessors.web.hosts.cordova.demo.*,org.terraswarm.accessor.accessors.web.hosts.cordova.plugins.*,org.terraswarm.accessor.accessors-svn.*,pt-modules.*,ptolemy.apps.agilent.*,ptolemy.apps.anytimecontrol.*,ptolemy.apps.apes.*,ptolemy.apps.charon.*,ptolemy.apps.crazyboard.*,ptolemy.apps.eclipse.*,ptolemy.apps.etherealSting.*,ptolemy.apps.fullscreen.*,ptolemy.apps.giotto.*,ptolemy.apps.ia.*,ptolemy.apps.interfaces.*,ptolemy.apps.jmf.*,ptolemy.apps.kurt.*,ptolemy.apps.kvm.*,ptolemy.apps.lego.*,ptolemy.apps.lejos.*,ptolemy.apps.midp.*,ptolemy.apps.mobileCoding.*,ptolemy.apps.pendulum.*,ptolemy.apps.rijndael.*,ptolemy.apps.robot.*,ptolemy.apps.security.*,ptolemy.apps.sobel.*,ptolemy.apps.soot.*,ptolemy.apps.throttle.*,ptolemy.apps.tini.*,ptolemy.apps.transmission.*,ptolemy.apps.vergil.*,ptolemy.apps.waba.*,ptolemy.apps.websensor.*,ptolemy.apps.webstart.*,ptolemy.apps.xsl.*,ptolemy.apps.zaurus.*,ptolemy.backtrack.eclipse.plugin.*,ptolemy.backtrack.test.*,ptolemy.codegen.c.actor.lib.oldJavaFiles.*,ptolemy.codegen.dsp.lib.*,ptolemy.codegen.kernel.newInterfaces.*,ptolemy.codegen.lib.*,ptolemy.copernicus.kernel.fragment.*,ptolemy.copernicus.shallow.cg.*,ptolemy.domains.giotto.demo.Hierarchy.Hierarchy.*,ptolemy.domains.giotto.demo.Multimode.Multimode.*,ptolemy.domains.giotto.demo.Simple.Simple.*,ptolemy.domains.gr.lib.experimental.*,ptolemy.domains.gro.*,ptolemy.domains.pdf.*,ptolemy.domains.ptinyos.demo.Surge.output.*,ptolemy.moml.test.NoPackageActor.java*,ptolemy.plot.adm.*,ptolemy.plot.servlet.*,reports.*,signed.*,src.*,target.*,vendors.*,ptolemy.cg.adapter.generic.program.procedural.c.mbed*,ptolemy.actor.lib.fmi.fmus.omc*,ptolemy.domains.openmodelica*,ptdb.kernel.bl.save.test.*,ptdb.kernel.bl.load.test.*,ptdb.kernel.bl.search.test.*,ptdb.kernel.bl.migration.test.*,ptdb.kernel.database.test.*,ptdb.test.*,ptdb.gui.test.*,org.ptolemy.scala.*,diva.util.java2d.svg.*,ptolemy.domains.ptinyos.*,ptolemy.actor.lib.fmi.fmipp.*,,org.terraswarm.accessor.accessors.web.node_modules.*,org.terraswarm.accessor.accessors-svn,ptolemy.apps.*,ptolemy.actor.ptalon.demo.ptinyos.SendAndReceiveCnt.output,ptolemy.actor.ptalon.demo.ptinyos.SenseToLeds.output,ptolemy.domains.ptinyos.demo.CntToLedsAndRfm.output,ptolemy.domains.ptinyos.demo.RfmToLeds.output,ptolemy.domains.ptinyos.demo.SendAndReceiveCnt.output,ptolemy.domains.ptinyos.demo.SenseToLeds.output,ptolemy.actor.lib.jjs.modules.udpSocket.*" />
    <property name="env.TRAVIS_COMMIT_MESSAGE" value="Added accessor name to monitoring data structure. Added ability to deeply monitor." />
    <property name="keystore" value="ptKeystore" />
    <property name="env.XDG_SESSION_ID" value="2" />
    <property name="junit.output.dir" value="/home/travis/build/icyphy/ptII/reports/junit" />
    <property name="npm.return.code" value="0" />
    <property name="user.dir" value="/home/travis/build/icyphy/ptII/ptolemy/domains/de/test" />
    <property name="env.TRAVIS_NODE_VERSION" value="7" />
    <property name="env.XFILESEARCHPATH" value="/usr/dt/app-defaults/%L/Dt" />
    <property name="env.TRAVIS_EVENT_TYPE" value="cron" />
    <property name="env.MAIL" value="/var/mail/travis" />
    <property name="env.PERLBREW_ROOT" value="/home/travis/perl5/perlbrew" />
    <property name="env.PWD" value="/home/travis/build/icyphy/ptII" />
    <property name="timeout.npm" value="45000" />
    <property name="env.PT_TRAVIS_TEST_CORE2_XML" value="true" />
    <property name="env.PAGER" value="cat" />
    <property name="sun.cpu.endian" value="little" />
    <property name="env.TRAVIS_BUILD_STAGE_NAME" value="Test" />
    <property name="env.PERLBREW_HOME" value="/home/travis/.perlbrew" />
    <property name="env.RAILS_ENV" value="test" />
    <property name="java.vm.version" value="25.151-b12" />
    <property name="java.class.path" value="/home/travis/build/icyphy/ptII:/home/travis/build/icyphy/ptII/lib/bsh-2.0b4.jar:/home/travis/build/icyphy/ptII/lib/ptCal.jar:/home/travis/build/icyphy/ptII/lib/java_cup.jar:/home/travis/build/icyphy/ptII/lib/saxon8.jar:/home/travis/build/icyphy/ptII/lib/saxon8-dom.jar:/home/travis/build/icyphy/ptII/lib/chic.jar:/home/travis/build/icyphy/ptII/lib/ptcolt.jar:/usr/lib/jvm/java-8-oracle/lib/tools.jar:/usr/lib/eclipse/plugins/org.eclipse.jdt.core_3.8.2.dist.jar:/usr/lib/eclipse/plugins/org.eclipse.core.runtime_3.8.0.dist.jar:/usr/lib/eclipse/plugins/org.eclipse.osgi_3.8.1.dist.jar:/usr/lib/eclipse/plugins/org.eclipse.core.resources_3.8.1.dist.jar:/usr/lib/eclipse/plugins/org.eclipse.equinox.common_3.6.100.dist.jar:/usr/lib/eclipse/plugins/org.eclipse.core.jobs_3.5.200.dist.jar:/usr/lib/eclipse/plugins/org.eclipse.core.contenttype_3.4.200.dist.jar:/usr/lib/eclipse/plugins/org.eclipse.equinox.preferences_3.5.0.dist.jar:/usr/lib/eclipse/plugins/org.eclipse.text_3.5.200.dist.jar:/usr/lib/eclipse/plugins/org.eclipse.ui.workbench_3.8.1.dist.jar:/usr/lib/eclipse/plugins/org.eclipse.jface_3.8.0.dist.jar:/usr/lib/eclipse/plugins/org.eclipse.swt_3.8.2.jar:/usr/lib/eclipse/plugins/org.eclipse.jface.text_3.8.1.dist.jar:/usr/lib/eclipse/plugins/org.eclipse.ui.workbench.texteditor_3.8.0.dist.jar:/usr/lib/eclipse/plugins/org.eclipse.ui.editors_3.8.0.dist.jar:/usr/lib/eclipse/plugins/org.eclipse.core.commands_3.6.1.dist.jar:/usr/lib/eclipse/plugins/org.eclipse.equinox.registry_3.5.200.dist.jar:/usr/lib/eclipse/plugins/org.eclipse.ui.console_3.5.100.dist.jar:/usr/lib/eclipse/plugins/org.eclipse.ui.forms_3.5.200.dist.jar:/usr/lib/eclipse/plugins/org.eclipse.ui.ide_3.8.1.dist.jar:/home/travis/build/icyphy/ptII/vendors/oracle/dbxml.jar:/home/travis/build/icyphy/ptII/vendors/oracle/db.jar:/home/travis/build/icyphy/ptII/vendors/misc/itext/iText.jar:/home/travis/build/icyphy/ptII/lib/g4ltl.jar:/home/travis/build/icyphy/ptII/lib/StructuralCoder.jar:/home/travis/build/icyphy/ptII/lib/org-openide-util.jar:/home/travis/build/icyphy/ptII/lib/org-openide-util-lookup.jar:/home/travis/build/icyphy/ptII/lib/org-netbeans-api-visual.jar:/home/travis/build/icyphy/ptII/vendors/jai-1_1_2_01/lib/jai_core.jar:/home/travis/build/icyphy/ptII/vendors/jai-1_1_2_01/lib/jai_codec.jar:/home/travis/build/icyphy/ptII/lib/jcerti.jar:/home/travis/build/icyphy/ptII/lib/smack.jar:/home/travis/build/icyphy/ptII/lib/smackx.jar:/home/travis/build/icyphy/ptII/lib/jetty-all-8.1.5-v20120716.jar:/home/travis/build/icyphy/ptII/lib/javax.servlet-api-3.0.1.jar:/home/travis/build/icyphy/ptII/lib/javax.mail.jar:/home/travis/build/icyphy/ptII/vendors/JMF-2.1.1e/lib/jmf.jar:/home/travis/build/icyphy/ptII/lib/jna-4.0.0-variadic.jar:/home/travis/build/icyphy/ptII/vendors/misc/joystick/Joystick.jar:/home/travis/build/icyphy/ptII/lib/ptjacl.jar:/home/travis/build/icyphy/ptII/lib/jsoup-1.8.2.jar:/home/travis/build/icyphy/ptII/lib/junit-4.8.2.jar:/home/travis/build/icyphy/ptII/lib/JUnitParams-0.4.0.jar:/home/travis/build/icyphy/ptII/ptolemy/actor/lib/excel/jxl.jar:/home/travis/build/icyphy/ptII/lib/jython.jar:/home/travis/build/icyphy/ptII/lib/kieler.jar:/home/travis/build/icyphy/ptII/vendors/opencv/share/OpenCV/java/opencv-341.jar:/home/travis/build/icyphy/ptII/lib/oscP5.jar:/home/travis/build/icyphy/ptII/lib/nrjavaserial-3.11.0.devel.jar:/home/travis/build/icyphy/ptII/vendors/j3d/lib/j3dcore.jar:/home/travis/build/icyphy/ptII/vendors/j3d/lib/j3dutils.jar:/home/travis/build/icyphy/ptII/vendors/j3d/lib/vecmath.jar:/home/travis/build/icyphy/ptII/ptolemy/distributed/jini/jar/jini-core.jar:/home/travis/build/icyphy/ptII/ptolemy/distributed/jini/jar/jini-ext.jar:/home/travis/build/icyphy/ptII/ptolemy/distributed/jini/jar/sun-util.jar:/home/travis/build/icyphy/ptII/lib/protobuf-java-2.4.1.jar:/home/travis/build/icyphy/ptII/lib/org.eclipse.paho.client.mqttv3.jar:/home/travis/build/icyphy/ptII/ptserver/lib/hessian-4.0.7.jar:/home/travis/build/icyphy/ptII/ptserver/lib/wmqtt.jar:/home/travis/build/icyphy/ptII/lib/mapss.jar:/home/travis/build/icyphy/ptII/ptolemy/actor/ptalon/antlr/antlr.jar:/home/travis/build/icyphy/ptII/lib/JRI.jar:/home/travis/build/icyphy/ptII/lib/commons-lang-2.6.jar:/home/travis/build/icyphy/ptII/lib/commons-logging-1.1.1.jar:/home/travis/build/icyphy/ptII/lib/sootclasses.jar:/home/travis/build/icyphy/ptII/ptolemy/actor/lib/database/mysql-connector-java-5.1.6-bin.jar:/home/travis/build/icyphy/ptII/vendors/misc/sphinx4/sphinx4-data-5prealpha.jar:/home/travis/build/icyphy/ptII/vendors/misc/sphinx4/sphinx4-core-5prealpha.jar:/home/travis/build/icyphy/ptII/lib/PDFRenderer.jar:/home/travis/build/icyphy/ptII/lib/svgSalamander.jar:/home/travis/build/icyphy/ptII/lib/rsyntaxtextarea-2.6.0-SNAPSHOT.jar:/home/travis/build/icyphy/ptII/lib/hazelcast-3.8.2.jar:/home/travis/build/icyphy/ptII/lib/jackson-annotations-2.9.0.jar:/home/travis/build/icyphy/ptII/lib/jackson-core-2.9.3.jar:/home/travis/build/icyphy/ptII/lib/jackson-databind-2.9.3.jar:/home/travis/build/icyphy/ptII/lib/netty-buffer-4.1.19.Final.jar:/home/travis/build/icyphy/ptII/lib/netty-codec-4.1.19.Final.jar:/home/travis/build/icyphy/ptII/lib/netty-codec-dns-4.1.19.Final.jar:/home/travis/build/icyphy/ptII/lib/netty-codec-http-4.1.19.Final.jar:/home/travis/build/icyphy/ptII/lib/netty-codec-http2-4.1.19.Final.jar:/home/travis/build/icyphy/ptII/lib/netty-common-4.1.19.Final.jar:/home/travis/build/icyphy/ptII/lib/netty-handler-4.1.19.Final.jar:/home/travis/build/icyphy/ptII/lib/netty-resolver-4.1.19.Final.jar:/home/travis/build/icyphy/ptII/lib/netty-resolver-dns-4.1.19.Final.jar:/home/travis/build/icyphy/ptII/lib/netty-transport-4.1.19.Final.jar:/home/travis/build/icyphy/ptII/lib/vertx-codegen-3.5.1.jar:/home/travis/build/icyphy/ptII/lib/vertx-core-3.5.2-SNAPSHOT.jar:/home/travis/build/icyphy/ptII/lib/vertx-hazelcast-3.5.1.jar:/home/travis/build/icyphy/ptII/lib/vertx-lang-js-3.5.1.jar:/home/travis/build/icyphy/ptII/lib/vertx-service-proxy-3.5.1.jar:/home/travis/build/icyphy/ptII/lib/vertx-web-3.5.1.jar:/home/travis/build/icyphy/ptII/lib/slf4j-api-1.7.13.jar:/home/travis/build/icyphy/ptII/lib/slf4j-simple-1.7.13.jar:/home/travis/build/icyphy/ptII/lib/webcam-capture-0.3.12.jar:/home/travis/build/icyphy/ptII/lib/bridj-0.7.0.jar:/home/travis/build/icyphy/ptII/lib/xbjlib-1.1.0.nrjavaserial.jar:/home/travis/build/icyphy/ptII/ptolemy/moml/test:/home/travis/build/icyphy/ptII/ant/lib/ant-launcher.jar:/home/travis/build/icyphy/ptII/ant/lib/ant.jar:/home/travis/build/icyphy/ptII/ant/lib/ant-junit.jar:/home/travis/build/icyphy/ptII/ant/lib/ant-junit4.jar" />
    <property name="ant.library.dir" value="/home/travis/build/icyphy/ptII/ant/lib" />
    <property name="os.arch" value="amd64" />
    <property name="env.TRAVIS_LANGUAGE" value="node_js" />
    <property name="env.CONTINUOUS_INTEGRATION" value="true" />
    <property name="env.TRAVIS_STACK_LANGUAGES" value="__garnet__ c c++ clojure cplusplus cpp default go groovy java node_js php pure_java python ruby scala" />
    <property name="test.name" value="ptolemy.actor.lib.test.junit.JUnitTclTest" />
    <property name="sun.java.launcher" value="SUN_STANDARD" />
    <property name="env.PYTHON_CONFIGURE_OPTS" value="--enable-unicode=ucs4 --with-wide-unicode --enable-shared --enable-ipv6 --enable-loadable-sqlite-extensions --with-computed-gotos" />
    <property name="ant.core.lib" value="/home/travis/build/icyphy/ptII/ant/lib/ant.jar" />
    <property name="java.vm.specification.vendor" value="Oracle Corporation" />
    <property name="env.BCVTB_HOME" value="/home/travis/build/icyphy/ptII/lbnl" />
    <property name="file.separator" value="/" />
    <property name="java.runtime.version" value="1.8.0_151-b12" />
    <property name="spotbugs.home" value="/home/travis/build/icyphy/ptII/vendors/spotbugs-3.1.1" />
    <property name="sun.boot.class.path" value="/usr/lib/jvm/java-8-oracle/jre/lib/resources.jar:/usr/lib/jvm/java-8-oracle/jre/lib/rt.jar:/usr/lib/jvm/java-8-oracle/jre/lib/sunrsasign.jar:/usr/lib/jvm/java-8-oracle/jre/lib/jsse.jar:/usr/lib/jvm/java-8-oracle/jre/lib/jce.jar:/usr/lib/jvm/java-8-oracle/jre/lib/charsets.jar:/usr/lib/jvm/java-8-oracle/jre/lib/jfr.jar:/usr/lib/jvm/java-8-oracle/jre/classes" />
    <property name="env.HAS_JOSH_K_SEAL_OF_APPROVAL" value="true" />
    <property name="env.XDG_RUNTIME_DIR" value="/run/user/2000" />
    <property name="env.TRAVIS_OSX_IMAGE" value="" />
    <property name="env.TRAVIS_BRANCH" value="master" />
    <property name="env.TRAVIS_JOB_ID" value="406063561" />
    <property name="user.country" value="US" />
    <property name="env.CERTI_HOME_TRAVIS" value="/home/travis/pthla/certi-tools" />
    <property name="env.SHELL" value="/bin/bash" />
    <property name="java.maxmemory.large" value="5000m" />
    <property name="model" value="" />
    <property name="env.CASHER_DIR" value="/home/travis/.casher" />
    <property name="env.NVM_CD_FLAGS" value="" />
    <property name="jshint.executable" value="/home/travis/node_modules/jshint/bin/jshint" />
    <property name="java.vendor" value="Oracle Corporation" />
    <property name="env.JRUBY_OPTS" value=" --client -J-XX:+TieredCompilation -J-XX:TieredStopAtLevel=1 -J-Xss2m -Xcompile.invokedynamic=false" />
    <property name="env.TRAVIS_PRE_CHEF_BOOTSTRAP_TIME" value="2017-12-05T19:32:55" />
    <property name="env.ELIXIR_VERSION" value="1.4.5" />
    <property name="env.TRAVIS_STACK_JOB_BOARD_REGISTER" value="/.job-board-register.yml" />
    <property name="java.specification.version" value="1.8" />
    <property name="env.TRAVIS" value="true" />
    <property name="env.IRBRC" value="/home/travis/.rvm/rubies/ruby-2.4.1/.irbrc" />
    <property name="sun.arch.data.model" value="64" />
  </properties>
  <testcase classname="ptolemy.util.test.junit.TclTests" name="[0] /home/travis/build/icyphy/ptII/ptolemy/domains/de/test/DependencyLoop.tcl (RunTclFile)" time="0.802" />
  <testcase classname="ptolemy.util.test.junit.TclTests" name="[1] /home/travis/build/icyphy/ptII/ptolemy/domains/de/test/RunDETestsAsQSS.tcl (RunTclFile)" time="89.474" />
  <testcase classname="ptolemy.util.test.junit.AutoKnownFailedTests" name="[0] /home/travis/build/icyphy/ptII/ptolemy/domains/de/test/auto/knownFailedTests/DESDFClockTest.xml (RunModel)" time="2.036" />
  <testcase classname="ptolemy.util.test.junit.AutoKnownFailedTests" name="[1] /home/travis/build/icyphy/ptII/ptolemy/domains/de/test/auto/knownFailedTests/DirectFeedback.xml (RunModel)" time="0.006" />
  <testcase classname="ptolemy.util.test.junit.AutoKnownFailedTests" name="[2] /home/travis/build/icyphy/ptII/ptolemy/domains/de/test/auto/knownFailedTests/FSMSource.xml (RunModel)" time="0.012" />
  <testcase classname="ptolemy.util.test.junit.AutoKnownFailedTests" name="[3] /home/travis/build/icyphy/ptII/ptolemy/domains/de/test/auto/knownFailedTests/HierarchicalModel.xml (RunModel)" time="0.031" />
  <testcase classname="ptolemy.util.test.junit.AutoKnownFailedTests" name="[4] /home/travis/build/icyphy/ptII/ptolemy/domains/de/test/auto/knownFailedTests/dependencyLoop.xml (RunModel)" time="0.03" />
  <testcase classname="ptolemy.util.test.junit.AutoKnownFailedTests" name="[5] /home/travis/build/icyphy/ptII/ptolemy/domains/de/test/auto/knownFailedTests/dependencyLoop2.xml (RunModel)" time="0.044" />
  <testcase classname="ptolemy.util.test.junit.AutoNameArchTests" name="[0] ThereAreNoAutoArchTests (RunModel)" time="0.0" />
  <testcase classname="ptolemy.util.test.junit.AutoTests" name="[0] /home/travis/build/icyphy/ptII/ptolemy/domains/de/test/auto/ActorDepthCalculation_actorWithoutPorts.xml (RunModel)" time="0.014" />
  <testcase classname="ptolemy.util.test.junit.AutoTests" name="[1] /home/travis/build/icyphy/ptII/ptolemy/domains/de/test/auto/AssemblyLine.xml (RunModel)" time="0.014" />
  <testcase classname="ptolemy.util.test.junit.AutoTests" name="[2] /home/travis/build/icyphy/ptII/ptolemy/domains/de/test/auto/CQBug1.xml (RunModel)" time="0.006" />
  <testcase classname="ptolemy.util.test.junit.AutoTests" name="[3] /home/travis/build/icyphy/ptII/ptolemy/domains/de/test/auto/CancelFireAt.xml (RunModel)" time="0.004" />
  <testcase classname="ptolemy.util.test.junit.AutoTests" name="[4] /home/travis/build/icyphy/ptII/ptolemy/domains/de/test/auto/CausalityAndComposabilityAnalysis.xml (RunModel)" time="0.008" />
  <testcase classname="ptolemy.util.test.junit.AutoTests" name="[5] /home/travis/build/icyphy/ptII/ptolemy/domains/de/test/auto/CausalityInterface1.xml (RunModel)" time="0.009" />
  <testcase classname="ptolemy.util.test.junit.AutoTests" name="[6] /home/travis/build/icyphy/ptII/ptolemy/domains/de/test/auto/CausalityInterface15.xml (RunModel)" time="0.01" />
  <testcase classname="ptolemy.util.test.junit.AutoTests" name="[7] /home/travis/build/icyphy/ptII/ptolemy/domains/de/test/auto/CausalityInterface2.xml (RunModel)" time="0.007" />
  <testcase classname="ptolemy.util.test.junit.AutoTests" name="[8] /home/travis/build/icyphy/ptII/ptolemy/domains/de/test/auto/CausalityInterface3.xml (RunModel)" time="0.009" />
  <testcase classname="ptolemy.util.test.junit.AutoTests" name="[9] /home/travis/build/icyphy/ptII/ptolemy/domains/de/test/auto/ClockDrift.xml (RunModel)" time="0.024" />
  <testcase classname="ptolemy.util.test.junit.AutoTests" name="[10] /home/travis/build/icyphy/ptII/ptolemy/domains/de/test/auto/ClockDriftAndValueChange.xml (RunModel)" time="0.027" />
  <testcase classname="ptolemy.util.test.junit.AutoTests" name="[11] /home/travis/build/icyphy/ptII/ptolemy/domains/de/test/auto/ClockDriftChange.xml (RunModel)" time="0.019" />
  <testcase classname="ptolemy.util.test.junit.AutoTests" name="[12] /home/travis/build/icyphy/ptII/ptolemy/domains/de/test/auto/ComposableCausalityAnalysis.xml (RunModel)" time="0.019" />
  <testcase classname="ptolemy.util.test.junit.AutoTests" name="[13] /home/travis/build/icyphy/ptII/ptolemy/domains/de/test/auto/DEFixedPointLimitation.xml (RunModel)" time="0.007" />
  <testcase classname="ptolemy.util.test.junit.AutoTests" name="[14] /home/travis/build/icyphy/ptII/ptolemy/domains/de/test/auto/DEScheduleTest.xml (RunModel)" time="0.008" />
  <testcase classname="ptolemy.util.test.junit.AutoTests" name="[15] /home/travis/build/icyphy/ptII/ptolemy/domains/de/test/auto/DEinDEwithStartTimes.xml (RunModel)" time="0.014" />
  <testcase classname="ptolemy.util.test.junit.AutoTests" name="[16] /home/travis/build/icyphy/ptII/ptolemy/domains/de/test/auto/DEinDEwithStartTimes2.xml (RunModel)" time="0.01" />
  <testcase classname="ptolemy.util.test.junit.AutoTests" name="[17] /home/travis/build/icyphy/ptII/ptolemy/domains/de/test/auto/DateDemo.xml (RunModel)" time="0.019" />
  <testcase classname="ptolemy.util.test.junit.AutoTests" name="[18] /home/travis/build/icyphy/ptII/ptolemy/domains/de/test/auto/DateToEvent.xml (RunModel)" time="2.029" />
  <testcase classname="ptolemy.util.test.junit.AutoTests" name="[19] /home/travis/build/icyphy/ptII/ptolemy/domains/de/test/auto/DepthTest1.xml (RunModel)" time="0.006" />
  <testcase classname="ptolemy.util.test.junit.AutoTests" name="[20] /home/travis/build/icyphy/ptII/ptolemy/domains/de/test/auto/DepthTest2.xml (RunModel)" time="0.011" />
  <testcase classname="ptolemy.util.test.junit.AutoTests" name="[21] /home/travis/build/icyphy/ptII/ptolemy/domains/de/test/auto/DepthTest3.xml (RunModel)" time="0.005" />
  <testcase classname="ptolemy.util.test.junit.AutoTests" name="[22] /home/travis/build/icyphy/ptII/ptolemy/domains/de/test/auto/DepthTest4.xml (RunModel)" time="0.009" />
  <testcase classname="ptolemy.util.test.junit.AutoTests" name="[23] /home/travis/build/icyphy/ptII/ptolemy/domains/de/test/auto/DepthTest5.xml (RunModel)" time="0.009" />
  <testcase classname="ptolemy.util.test.junit.AutoTests" name="[24] /home/travis/build/icyphy/ptII/ptolemy/domains/de/test/auto/DepthTest6.xml (RunModel)" time="0.009" />
  <testcase classname="ptolemy.util.test.junit.AutoTests" name="[25] /home/travis/build/icyphy/ptII/ptolemy/domains/de/test/auto/DepthTest7.xml (RunModel)" time="0.008" />
  <testcase classname="ptolemy.util.test.junit.AutoTests" name="[26] /home/travis/build/icyphy/ptII/ptolemy/domains/de/test/auto/EventToDate.xml (RunModel)" time="3.024" />
  <testcase classname="ptolemy.util.test.junit.AutoTests" name="[27] /home/travis/build/icyphy/ptII/ptolemy/domains/de/test/auto/FSM1.xml (RunModel)" time="0.034" />
  <testcase classname="ptolemy.util.test.junit.AutoTests" name="[28] /home/travis/build/icyphy/ptII/ptolemy/domains/de/test/auto/FSM7.xml (RunModel)" time="0.022" />
  <testcase classname="ptolemy.util.test.junit.AutoTests" name="[29] /home/travis/build/icyphy/ptII/ptolemy/domains/de/test/auto/Inspection.xml (RunModel)" time="0.027" />
  <testcase classname="ptolemy.util.test.junit.AutoTests" name="[30] /home/travis/build/icyphy/ptII/ptolemy/domains/de/test/auto/Iteration.xml (RunModel)" time="0.013" />
  <testcase classname="ptolemy.util.test.junit.AutoTests" name="[31] /home/travis/build/icyphy/ptII/ptolemy/domains/de/test/auto/LineFault.xml (RunModel)" time="0.409" />
  <testcase classname="ptolemy.util.test.junit.AutoTests" name="[32] /home/travis/build/icyphy/ptII/ptolemy/domains/de/test/auto/MergeModel1Add.xml (RunModel)" time="0.031" />
  <testcase classname="ptolemy.util.test.junit.AutoTests" name="[33] /home/travis/build/icyphy/ptII/ptolemy/domains/de/test/auto/MergeModel2Add.xml (RunModel)" time="0.028" />
  <testcase classname="ptolemy.util.test.junit.AutoTests" name="[34] /home/travis/build/icyphy/ptII/ptolemy/domains/de/test/auto/MergeModel3Add.xml (RunModel)" time="0.037" />
  <testcase classname="ptolemy.util.test.junit.AutoTests" name="[35] /home/travis/build/icyphy/ptII/ptolemy/domains/de/test/auto/MergeWithoutDiscard.xml (RunModel)" time="0.009" />
  <testcase classname="ptolemy.util.test.junit.AutoTests" name="[36] /home/travis/build/icyphy/ptII/ptolemy/domains/de/test/auto/Modal1.xml (RunModel)" time="0.021" />
  <testcase classname="ptolemy.util.test.junit.AutoTests" name="[37] /home/travis/build/icyphy/ptII/ptolemy/domains/de/test/auto/Modal2.xml (RunModel)" time="0.022" />
  <testcase classname="ptolemy.util.test.junit.AutoTests" name="[38] /home/travis/build/icyphy/ptII/ptolemy/domains/de/test/auto/Modal3.xml (RunModel)" time="0.022" />
  <testcase classname="ptolemy.util.test.junit.AutoTests" name="[39] /home/travis/build/icyphy/ptII/ptolemy/domains/de/test/auto/Modal4.xml (RunModel)" time="0.025" />
  <testcase classname="ptolemy.util.test.junit.AutoTests" name="[40] /home/travis/build/icyphy/ptII/ptolemy/domains/de/test/auto/Modal5.xml (RunModel)" time="0.026" />
  <testcase classname="ptolemy.util.test.junit.AutoTests" name="[41] /home/travis/build/icyphy/ptII/ptolemy/domains/de/test/auto/Modal6.xml (RunModel)" time="0.023" />
  <testcase classname="ptolemy.util.test.junit.AutoTests" name="[42] /home/travis/build/icyphy/ptII/ptolemy/domains/de/test/auto/Modal7.xml (RunModel)" time="0.024" />
  <testcase classname="ptolemy.util.test.junit.AutoTests" name="[43] /home/travis/build/icyphy/ptII/ptolemy/domains/de/test/auto/ModalModel.xml (RunModel)" time="0.132" />
  <testcase classname="ptolemy.util.test.junit.AutoTests" name="[44] /home/travis/build/icyphy/ptII/ptolemy/domains/de/test/auto/ModalSource.xml (RunModel)" time="0.013" />
  <testcase classname="ptolemy.util.test.junit.AutoTests" name="[45] /home/travis/build/icyphy/ptII/ptolemy/domains/de/test/auto/NonInterruptibleTimerZeroDelay.xml (RunModel)" time="0.01" />
  <testcase classname="ptolemy.util.test.junit.AutoTests" name="[46] /home/travis/build/icyphy/ptII/ptolemy/domains/de/test/auto/OpenQueueingNetwork.xml (RunModel)" time="1.781" />
  <testcase classname="ptolemy.util.test.junit.AutoTests" name="[47] /home/travis/build/icyphy/ptII/ptolemy/domains/de/test/auto/OpenQueuingNetwork.xml (RunModel)" time="0.322" />
  <testcase classname="ptolemy.util.test.junit.AutoTests" name="[48] /home/travis/build/icyphy/ptII/ptolemy/domains/de/test/auto/PeriodicSampler.xml (RunModel)" time="0.009" />
  <testcase classname="ptolemy.util.test.junit.AutoTests" name="[49] /home/travis/build/icyphy/ptII/ptolemy/domains/de/test/auto/PersistentIO.xml (RunModel)" time="0.021" />
  <testcase classname="ptolemy.util.test.junit.AutoTests" name="[50] /home/travis/build/icyphy/ptII/ptolemy/domains/de/test/auto/PortParameterResetOnInitialize.xml (RunModel)" time="0.011" />
  <testcase classname="ptolemy.util.test.junit.AutoTests" name="[51] /home/travis/build/icyphy/ptII/ptolemy/domains/de/test/auto/PortParameterUpdates.xml (RunModel)" time="0.015" />
  <testcase classname="ptolemy.util.test.junit.AutoTests" name="[52] /home/travis/build/icyphy/ptII/ptolemy/domains/de/test/auto/QueueAndServer.xml (RunModel)" time="0.02" />
  <testcase classname="ptolemy.util.test.junit.AutoTests" name="[53] /home/travis/build/icyphy/ptII/ptolemy/domains/de/test/auto/Records.xml (RunModel)" time="0.013" />
  <testcase classname="ptolemy.util.test.junit.AutoTests" name="[54] /home/travis/build/icyphy/ptII/ptolemy/domains/de/test/auto/ResetTransitionWithStartTime1.xml (RunModel)" time="0.02" />
  <testcase classname="ptolemy.util.test.junit.AutoTests" name="[55] /home/travis/build/icyphy/ptII/ptolemy/domains/de/test/auto/ResetTransitionWithStartTime2.xml (RunModel)" time="0.019" />
  <testcase classname="ptolemy.util.test.junit.AutoTests" name="[56] /home/travis/build/icyphy/ptII/ptolemy/domains/de/test/auto/ResetTransitionWithStartTime3.xml (RunModel)" time="0.019" />
  <testcase classname="ptolemy.util.test.junit.AutoTests" name="[57] /home/travis/build/icyphy/ptII/ptolemy/domains/de/test/auto/ResetTransitionWithStartTime4.xml (RunModel)" time="0.018" />
  <testcase classname="ptolemy.util.test.junit.AutoTests" name="[58] /home/travis/build/icyphy/ptII/ptolemy/domains/de/test/auto/ResettableTimer1.xml (RunModel)" time="0.01" />
  <testcase classname="ptolemy.util.test.junit.AutoTests" name="[59] /home/travis/build/icyphy/ptII/ptolemy/domains/de/test/auto/ResettableTimer2.xml (RunModel)" time="0.009" />
  <testcase classname="ptolemy.util.test.junit.AutoTests" name="[60] /home/travis/build/icyphy/ptII/ptolemy/domains/de/test/auto/ResettableTimer3.xml (RunModel)" time="0.009" />
  <testcase classname="ptolemy.util.test.junit.AutoTests" name="[61] /home/travis/build/icyphy/ptII/ptolemy/domains/de/test/auto/ResettableTimer4.xml (RunModel)" time="0.008" />
  <testcase classname="ptolemy.util.test.junit.AutoTests" name="[62] /home/travis/build/icyphy/ptII/ptolemy/domains/de/test/auto/ResettableTimer5.xml (RunModel)" time="0.01" />
  <testcase classname="ptolemy.util.test.junit.AutoTests" name="[63] /home/travis/build/icyphy/ptII/ptolemy/domains/de/test/auto/ResettableTimer6.xml (RunModel)" time="0.01" />
  <testcase classname="ptolemy.util.test.junit.AutoTests" name="[64] /home/travis/build/icyphy/ptII/ptolemy/domains/de/test/auto/ServerZeroDelay.xml (RunModel)" time="0.01" />
  <testcase classname="ptolemy.util.test.junit.AutoTests" name="[65] /home/travis/build/icyphy/ptII/ptolemy/domains/de/test/auto/SmartSender.xml (RunModel)" time="3.009" />
  <testcase classname="ptolemy.util.test.junit.AutoTests" name="[66] /home/travis/build/icyphy/ptII/ptolemy/domains/de/test/auto/ThreadedComposite.xml (RunModel)" time="0.156" />
  <testcase classname="ptolemy.util.test.junit.AutoTests" name="[67] /home/travis/build/icyphy/ptII/ptolemy/domains/de/test/auto/Time.xml (RunModel)" time="0.478" />
  <testcase classname="ptolemy.util.test.junit.AutoTests" name="[68] /home/travis/build/icyphy/ptII/ptolemy/domains/de/test/auto/TimeDelayZeroDelay.xml (RunModel)" time="0.012" />
  <testcase classname="ptolemy.util.test.junit.AutoTests" name="[69] /home/travis/build/icyphy/ptII/ptolemy/domains/de/test/auto/TimerZeroDelay.xml (RunModel)" time="0.01" />
  <testcase classname="ptolemy.util.test.junit.AutoTests" name="[70] /home/travis/build/icyphy/ptII/ptolemy/domains/de/test/auto/TimingParadox.xml (RunModel)" time="0.397" />
  <testcase classname="ptolemy.util.test.junit.AutoTests" name="[71] /home/travis/build/icyphy/ptII/ptolemy/domains/de/test/auto/TransferInputs.xml (RunModel)" time="0.018" />
  <testcase classname="ptolemy.util.test.junit.AutoTests" name="[72] /home/travis/build/icyphy/ptII/ptolemy/domains/de/test/auto/TransferOutputs2.xml (RunModel)" time="0.017" />
  <testcase classname="ptolemy.util.test.junit.AutoTests" name="[73] /home/travis/build/icyphy/ptII/ptolemy/domains/de/test/auto/Trilateration.xml (RunModel)" time="12.738" />
  <testcase classname="ptolemy.util.test.junit.AutoTests" name="[74] /home/travis/build/icyphy/ptII/ptolemy/domains/de/test/auto/TwoSigmaDelta.xml (RunModel)" time="2.213" />
  <testcase classname="ptolemy.util.test.junit.AutoTests" name="[75] /home/travis/build/icyphy/ptII/ptolemy/domains/de/test/auto/VariableDelay.xml (RunModel)" time="0.013" />
  <testcase classname="ptolemy.util.test.junit.AutoTests" name="[76] /home/travis/build/icyphy/ptII/ptolemy/domains/de/test/auto/VariableDelay2.xml (RunModel)" time="0.009" />
  <testcase classname="ptolemy.util.test.junit.AutoTests" name="[77] /home/travis/build/icyphy/ptII/ptolemy/domains/de/test/auto/VariableDelayZeroDelay.xml (RunModel)" time="0.011" />
  <testcase classname="ptolemy.util.test.junit.AutoTests" name="[78] /home/travis/build/icyphy/ptII/ptolemy/domains/de/test/auto/VariableDelayZeroDelay2.xml (RunModel)" time="0.011" />
  <testcase classname="ptolemy.util.test.junit.AutoTests" name="[79] /home/travis/build/icyphy/ptII/ptolemy/domains/de/test/auto/deInCt.xml (RunModel)" time="0.018" />
  <testcase classname="ptolemy.util.test.junit.AutoTests" name="[80] /home/travis/build/icyphy/ptII/ptolemy/domains/de/test/auto/deInCt2.xml (RunModel)" time="0.019" />
  <testcase classname="ptolemy.util.test.junit.AutoTests" name="[81] /home/travis/build/icyphy/ptII/ptolemy/domains/de/test/auto/dynamicCausalityInterface1.xml (RunModel)" time="0.02" />
  <testcase classname="ptolemy.util.test.junit.AutoTests" name="[82] /home/travis/build/icyphy/ptII/ptolemy/domains/de/test/auto/fsm_de_test.xml (RunModel)" time="0.023" />
  <testcase classname="ptolemy.util.test.junit.AutoTests" name="[83] /home/travis/build/icyphy/ptII/ptolemy/domains/de/test/auto/functionDependencyReconstruction.xml (RunModel)" time="0.037" />
  <testcase classname="ptolemy.util.test.junit.AutoTests" name="[84] /home/travis/build/icyphy/ptII/ptolemy/domains/de/test/auto/multirate.xml (RunModel)" time="0.016" />
  <testcase classname="ptolemy.util.test.junit.AutoTests" name="[85] /home/travis/build/icyphy/ptII/ptolemy/domains/de/test/auto/multirate2.xml (RunModel)" time="0.016" />
  <testcase classname="ptolemy.util.test.junit.AutoTests" name="[86] /home/travis/build/icyphy/ptII/ptolemy/domains/de/test/auto/realtime.xml (RunModel)" time="10.011" />
  <testcase classname="ptolemy.util.test.junit.AutoTests" name="[87] /home/travis/build/icyphy/ptII/ptolemy/domains/de/test/auto/relationGroup.xml (RunModel)" time="0.008" />
  <testcase classname="ptolemy.util.test.junit.AutoTests" name="[88] /home/travis/build/icyphy/ptII/ptolemy/domains/de/test/auto/relationGroup2.xml (RunModel)" time="0.013" />
  <testcase classname="ptolemy.util.test.junit.AutoTests" name="[89] /home/travis/build/icyphy/ptII/ptolemy/domains/de/test/auto/sortWithOpaquePorts.xml (RunModel)" time="0.015" />
  <testcase classname="ptolemy.util.test.junit.AutoTests" name="[90] /home/travis/build/icyphy/ptII/ptolemy/domains/de/test/auto/transferInputsandOutputs.xml (RunModel)" time="0.022" />
  <testcase classname="ptolemy.util.test.junit.AutoTests" name="[91] /home/travis/build/icyphy/ptII/ptolemy/domains/de/test/auto/triggerType.xml (RunModel)" time="0.01" />
  <system-out><![CDATA[/home/travis/build/icyphy/ptII/ptolemy/domains/de/test/DependencyLoop.tcl
testDefs.tcl: setting time out to 9000 seconds at Fri Jul 20 01:55:52 UTC 2018
17 ms. Memory: 116224K Free: 93834K (81%)
9 ms. Memory: 146944K Free: 135529K (92%)
/home/travis/build/icyphy/ptII/ptolemy/domains/de/test/RunDETestsAsQSS.tcl
Run the DE tests using ptolemy.domains.qss.test.QSSDirectorTest, which extends QSSDirector and prints a message in the constructors.
------------------ testing $PTII/ptolemy/domains/de/test/auto/knownFailedTests/dependencyLoop.xml (Known Failure) 
10 ms. Memory: 146944K Free: 132417K (90%)


==== $PTIIhome/travis/build/icyphy/ptII/ptolemy/domains/de/test/../../../../: Auto Automatic test in file $PTII/ptolemy/domains/de/test/auto/knownFailedTests/dependencyLoop.xml
==== Contents of test case:

	    # FIXME: we should use $relativeFilename here, but it
	    # might have backslashes under Windows, which causes no end
	    # of trouble.
	    createAndExecute $file
	    list {}
	
.... Test generated KNOWN error:
    while executing
ptolemy.kernel.util.IllegalActionException: Found a zero delay loop containing .dependencyLoop.original
  in .dependencyLoop and .dependencyLoop.original
	at ptolemy.actor.util.CausalityInterfaceForComposites._computeOutputPortDepth(CausalityInterfaceForComposites.java:759)
	at ptolemy.actor.util.CausalityInterfaceForComposites._computeInputDepth(CausalityInterfaceForComposites.java:696)
	at ptolemy.actor.util.CausalityInterfaceForComposites._computeOutputPortDepth(CausalityInterfaceForComposites.java:765)
	at ptolemy.actor.util.CausalityInterfaceForComposites._computeInputDepth(CausalityInterfaceForComposites.java:696)
	at ptolemy.actor.util.CausalityInterfaceForComposites._computeOutputPortDepth(CausalityInterfaceForComposites.java:765)
	at ptolemy.actor.util.CausalityInterfaceForComposites._computeInputDepth(CausalityInterfaceForComposites.java:696)
	at ptolemy.actor.util.CausalityInterfaceForComposites._computeActorDepth(CausalityInterfaceForComposites.java:532)
	at ptolemy.actor.util.CausalityInterfaceForComposites.checkForCycles(CausalityInterfaceForComposites.java:96)
	at ptolemy.domains.de.kernel.DEDirector.preinitialize(DEDirector.java:1338)
	at ptolemy.actor.CompositeActor.preinitialize(CompositeActor.java:1828)
	at ptolemy.actor.Manager.preinitializeAndResolveTypes(Manager.java:1040)
	at ptolemy.actor.Manager.initialize(Manager.java:710)
	at ptolemy.actor.Manager.execute(Manager.java:356)
	at ptolemy.actor.Manager.run(Manager.java:1263)
	at ptolemy.actor.Manager$PtolemyRunThread.run(Manager.java:1915)

    while executing
ptolemy.kernel.util.IllegalActionException: Found a zero delay loop containing .dependencyLoop.original
  in .dependencyLoop and .dependencyLoop.original
    while executing
"java::new ptolemy.moml.MoMLSimpleApplication $file
"
    (procedure "createAndExecute" line 2)
    invoked from within
"createAndExecute $file"
    ("uplevel" body line 5)
    invoked from within
"uplevel $contents_of_test"
------------------ testing $PTII/ptolemy/domains/de/test/auto/knownFailedTests/DESDFClockTest.xml (Known Failure) 
2059 ms. Memory: 146944K Free: 116574K (79%)


==== $PTIIhome/travis/build/icyphy/ptII/ptolemy/domains/de/test/../../../../: Auto Automatic test in file $PTII/ptolemy/domains/de/test/auto/knownFailedTests/DESDFClockTest.xml
==== Contents of test case:

	    # FIXME: we should use $relativeFilename here, but it
	    # might have backslashes under Windows, which causes no end
	    # of trouble.
	    createAndExecute $file
	    list {}
	
.... Test generated KNOWN error:
    while executing
ptolemy.kernel.util.IllegalActionException: Actor is not ready to fire.  Perhaps UpSample.prefire() returned false? Try debugging the actor by selecting "Listen to Actor".  Also, for SDF check moml for tokenConsumptionRate on input.
  in .DESDFClockTest.Play Bell.Copy1:SDF Director and .DESDFClockTest.Play Bell.UpSample
	at ptolemy.actor.sched.StaticSchedulingDirector.fire(StaticSchedulingDirector.java:227)
	at ptolemy.domains.sdf.kernel.SDFDirector.fire(SDFDirector.java:500)
	at ptolemy.actor.CompositeActor.fire(CompositeActor.java:455)
	at ptolemy.domains.de.kernel.DEDirector._fire(DEDirector.java:1949)
	at ptolemy.domains.de.kernel.DEDirector.fire(DEDirector.java:502)
	at ptolemy.actor.CompositeActor.fire(CompositeActor.java:455)
	at ptolemy.actor.Manager.iterate(Manager.java:851)
	at ptolemy.actor.Manager.execute(Manager.java:369)
	at ptolemy.actor.Manager.run(Manager.java:1263)
	at ptolemy.actor.Manager$PtolemyRunThread.run(Manager.java:1915)

    while executing
ptolemy.kernel.util.IllegalActionException: Actor is not ready to fire.  Perhaps UpSample.prefire() returned false? Try debugging the actor by selecting "Listen to Actor".  Also, for SDF check moml for tokenConsumptionRate on input.
  in .DESDFClockTest.Play Bell.Copy1:SDF Director and .DESDFClockTest.Play Bell.UpSample
    while executing
"java::new ptolemy.moml.MoMLSimpleApplication $file
"
    (procedure "createAndExecute" line 2)
    invoked from within
"createAndExecute $file"
    ("uplevel" body line 5)
    invoked from within
"uplevel $contents_of_test"
------------------ testing $PTII/ptolemy/domains/de/test/auto/knownFailedTests/FSMSource.xml (Known Failure) 
21 ms. Memory: 146944K Free: 106986K (73%)
!!!! Auto was marked as failing, but now passes
------------------ testing $PTII/ptolemy/domains/de/test/auto/knownFailedTests/dependencyLoop2.xml (Known Failure) 
7 ms. Memory: 146944K Free: 105126K (72%)


==== $PTIIhome/travis/build/icyphy/ptII/ptolemy/domains/de/test/../../../../: Auto Automatic test in file $PTII/ptolemy/domains/de/test/auto/knownFailedTests/dependencyLoop2.xml
==== Contents of test case:

	    # FIXME: we should use $relativeFilename here, but it
	    # might have backslashes under Windows, which causes no end
	    # of trouble.
	    createAndExecute $file
	    list {}
	
.... Test generated KNOWN error:
    while executing
ptolemy.kernel.util.IllegalActionException: Found a zero delay loop containing .dependencyLoop2.original
  in .dependencyLoop2 and .dependencyLoop2.original
	at ptolemy.actor.util.CausalityInterfaceForComposites._computeOutputPortDepth(CausalityInterfaceForComposites.java:759)
	at ptolemy.actor.util.CausalityInterfaceForComposites._computeInputDepth(CausalityInterfaceForComposites.java:696)
	at ptolemy.actor.util.CausalityInterfaceForComposites._computeOutputPortDepth(CausalityInterfaceForComposites.java:765)
	at ptolemy.actor.util.CausalityInterfaceForComposites._computeInputDepth(CausalityInterfaceForComposites.java:696)
	at ptolemy.actor.util.CausalityInterfaceForComposites._computeOutputPortDepth(CausalityInterfaceForComposites.java:765)
	at ptolemy.actor.util.CausalityInterfaceForComposites._computeInputDepth(CausalityInterfaceForComposites.java:696)
	at ptolemy.actor.util.CausalityInterfaceForComposites._computeActorDepth(CausalityInterfaceForComposites.java:532)
	at ptolemy.actor.util.CausalityInterfaceForComposites.checkForCycles(CausalityInterfaceForComposites.java:96)
	at ptolemy.domains.de.kernel.DEDirector.preinitialize(DEDirector.java:1338)
	at ptolemy.actor.CompositeActor.preinitialize(CompositeActor.java:1828)
	at ptolemy.actor.Manager.preinitializeAndResolveTypes(Manager.java:1040)
	at ptolemy.actor.Manager.initialize(Manager.java:710)
	at ptolemy.actor.Manager.execute(Manager.java:356)
	at ptolemy.actor.Manager.run(Manager.java:1263)
	at ptolemy.actor.Manager$PtolemyRunThread.run(Manager.java:1915)

    while executing
ptolemy.kernel.util.IllegalActionException: Found a zero delay loop containing .dependencyLoop2.original
  in .dependencyLoop2 and .dependencyLoop2.original
    while executing
"java::new ptolemy.moml.MoMLSimpleApplication $file
"
    (procedure "createAndExecute" line 2)
    invoked from within
"createAndExecute $file"
    ("uplevel" body line 5)
    invoked from within
"uplevel $contents_of_test"
------------------ testing $PTII/ptolemy/domains/de/test/auto/knownFailedTests/HierarchicalModel.xml (Known Failure) 
6 ms. Memory: 146944K Free: 84588K (58%)


==== $PTIIhome/travis/build/icyphy/ptII/ptolemy/domains/de/test/../../../../: Auto Automatic test in file $PTII/ptolemy/domains/de/test/auto/knownFailedTests/HierarchicalModel.xml
==== Contents of test case:

	    # FIXME: we should use $relativeFilename here, but it
	    # might have backslashes under Windows, which causes no end
	    # of trouble.
	    createAndExecute $file
	    list {}
	
.... Test generated KNOWN error:
    while executing
ptolemy.kernel.util.IllegalActionException: Found a zero delay loop containing .HierarchicalModel.A
  in .HierarchicalModel and .HierarchicalModel.A
	at ptolemy.actor.util.CausalityInterfaceForComposites._computeOutputPortDepth(CausalityInterfaceForComposites.java:759)
	at ptolemy.actor.util.CausalityInterfaceForComposites._computeInputDepth(CausalityInterfaceForComposites.java:696)
	at ptolemy.actor.util.CausalityInterfaceForComposites._computeOutputPortDepth(CausalityInterfaceForComposites.java:765)
	at ptolemy.actor.util.CausalityInterfaceForComposites._computeInputDepth(CausalityInterfaceForComposites.java:696)
	at ptolemy.actor.util.CausalityInterfaceForComposites._computeOutputPortDepth(CausalityInterfaceForComposites.java:765)
	at ptolemy.actor.util.CausalityInterfaceForComposites._computeInputDepth(CausalityInterfaceForComposites.java:696)
	at ptolemy.actor.util.CausalityInterfaceForComposites._computeActorDepth(CausalityInterfaceForComposites.java:532)
	at ptolemy.actor.util.CausalityInterfaceForComposites.checkForCycles(CausalityInterfaceForComposites.java:96)
	at ptolemy.domains.de.kernel.DEDirector.preinitialize(DEDirector.java:1338)
	at ptolemy.actor.CompositeActor.preinitialize(CompositeActor.java:1828)
	at ptolemy.actor.Manager.preinitializeAndResolveTypes(Manager.java:1040)
	at ptolemy.actor.Manager.initialize(Manager.java:710)
	at ptolemy.actor.Manager.execute(Manager.java:356)
	at ptolemy.actor.Manager.run(Manager.java:1263)
	at ptolemy.actor.Manager$PtolemyRunThread.run(Manager.java:1915)

    while executing
ptolemy.kernel.util.IllegalActionException: Found a zero delay loop containing .HierarchicalModel.A
  in .HierarchicalModel and .HierarchicalModel.A
    while executing
"java::new ptolemy.moml.MoMLSimpleApplication $file
"
    (procedure "createAndExecute" line 2)
    invoked from within
"createAndExecute $file"
    ("uplevel" body line 5)
    invoked from within
"uplevel $contents_of_test"
------------------ testing $PTII/ptolemy/domains/de/test/auto/knownFailedTests/DirectFeedback.xml (Known Failure) 
12 ms. Memory: 146944K Free: 141155K (96%)


==== $PTIIhome/travis/build/icyphy/ptII/ptolemy/domains/de/test/../../../../: Auto Automatic test in file $PTII/ptolemy/domains/de/test/auto/knownFailedTests/DirectFeedback.xml
==== Contents of test case:

	    # FIXME: we should use $relativeFilename here, but it
	    # might have backslashes under Windows, which causes no end
	    # of trouble.
	    createAndExecute $file
	    list {}
	
.... Test generated KNOWN error:
    while executing
ptolemy.kernel.util.IllegalActionException: Test fails in iteration 1.
Value was: 1.0. Should have been: 2.0
  in .DirectFeedback.Test
	at ptolemy.actor.lib.Test.fire(Test.java:268)
	at ptolemy.domains.de.kernel.DEDirector._fire(DEDirector.java:1949)
	at ptolemy.domains.de.kernel.DEDirector.fire(DEDirector.java:502)
	at ptolemy.actor.CompositeActor.fire(CompositeActor.java:455)
	at ptolemy.actor.Manager.iterate(Manager.java:851)
	at ptolemy.actor.Manager.execute(Manager.java:369)
	at ptolemy.actor.Manager.run(Manager.java:1263)
	at ptolemy.actor.Manager$PtolemyRunThread.run(Manager.java:1915)

    while executing
ptolemy.kernel.util.IllegalActionException: Test fails in iteration 1.
Value was: 1.0. Should have been: 2.0
  in .DirectFeedback.Test
    while executing
"java::new ptolemy.moml.MoMLSimpleApplication $file
"
    (procedure "createAndExecute" line 2)
    invoked from within
"createAndExecute $file"
    ("uplevel" body line 5)
    invoked from within
"uplevel $contents_of_test"
------------------ testing $PTII/ptolemy/domains/de/test/auto/ActorDepthCalculation_actorWithoutPorts.xml
auto.tcl: Setting watchdog for 200 seconds at Fri Jul 20 01:55:55 UTC 2018
4 ms. Memory: 146944K Free: 132398K (90%)
ptolemy.util.test.WatchDog.cancel(): canceling Fri Jul 20 01:55:55 UTC 2018
auto.tcl: Setting watchdog for 200 seconds at Fri Jul 20 01:55:55 UTC 2018
6 ms. Memory: 146944K Free: 131353K (89%)
ptolemy.util.test.WatchDog.cancel(): canceling Fri Jul 20 01:55:56 UTC 2018
------------------ testing $PTII/ptolemy/domains/de/test/auto/AssemblyLine.xml
auto.tcl: Setting watchdog for 200 seconds at Fri Jul 20 01:55:56 UTC 2018
22 ms. Memory: 208384K Free: 182802K (88%)
ptolemy.util.test.WatchDog.cancel(): canceling Fri Jul 20 01:55:56 UTC 2018
auto.tcl: Setting watchdog for 200 seconds at Fri Jul 20 01:55:56 UTC 2018
9 ms. Memory: 208384K Free: 182802K (88%)
ptolemy.util.test.WatchDog.cancel(): canceling Fri Jul 20 01:55:56 UTC 2018
------------------ testing $PTII/ptolemy/domains/de/test/auto/CQBug1.xml
auto.tcl: Setting watchdog for 200 seconds at Fri Jul 20 01:55:56 UTC 2018
9 ms. Memory: 208384K Free: 197691K (95%)
ptolemy.util.test.WatchDog.cancel(): canceling Fri Jul 20 01:55:56 UTC 2018
auto.tcl: Setting watchdog for 200 seconds at Fri Jul 20 01:55:56 UTC 2018
3 ms. Memory: 208384K Free: 197691K (95%)
ptolemy.util.test.WatchDog.cancel(): canceling Fri Jul 20 01:55:56 UTC 2018
------------------ testing $PTII/ptolemy/domains/de/test/auto/CancelFireAt.xml
auto.tcl: Setting watchdog for 200 seconds at Fri Jul 20 01:55:56 UTC 2018
7 ms. Memory: 208384K Free: 201082K (96%)
ptolemy.util.test.WatchDog.cancel(): canceling Fri Jul 20 01:55:56 UTC 2018
auto.tcl: Setting watchdog for 200 seconds at Fri Jul 20 01:55:56 UTC 2018
11 ms. Memory: 208384K Free: 198974K (95%)
ptolemy.util.test.WatchDog.cancel(): canceling Fri Jul 20 01:55:56 UTC 2018
------------------ testing $PTII/ptolemy/domains/de/test/auto/CausalityAndComposabilityAnalysis.xml
auto.tcl: Setting watchdog for 200 seconds at Fri Jul 20 01:55:56 UTC 2018
9 ms. Memory: 208384K Free: 196462K (94%)
ptolemy.util.test.WatchDog.cancel(): canceling Fri Jul 20 01:55:56 UTC 2018
auto.tcl: Setting watchdog for 200 seconds at Fri Jul 20 01:55:56 UTC 2018
6 ms. Memory: 208384K Free: 196462K (94%)
ptolemy.util.test.WatchDog.cancel(): canceling Fri Jul 20 01:55:56 UTC 2018
------------------ testing $PTII/ptolemy/domains/de/test/auto/CausalityInterface1.xml
auto.tcl: Setting watchdog for 200 seconds at Fri Jul 20 01:55:57 UTC 2018
9 ms. Memory: 208384K Free: 196399K (94%)
ptolemy.util.test.WatchDog.cancel(): canceling Fri Jul 20 01:55:57 UTC 2018
auto.tcl: Setting watchdog for 200 seconds at Fri Jul 20 01:55:57 UTC 2018
5 ms. Memory: 208384K Free: 196399K (94%)
ptolemy.util.test.WatchDog.cancel(): canceling Fri Jul 20 01:55:57 UTC 2018
------------------ testing $PTII/ptolemy/domains/de/test/auto/CausalityInterface15.xml
auto.tcl: Setting watchdog for 200 seconds at Fri Jul 20 01:55:57 UTC 2018
16 ms. Memory: 208384K Free: 196391K (94%)
ptolemy.util.test.WatchDog.cancel(): canceling Fri Jul 20 01:55:57 UTC 2018
auto.tcl: Setting watchdog for 200 seconds at Fri Jul 20 01:55:57 UTC 2018
10 ms. Memory: 208384K Free: 196391K (94%)
ptolemy.util.test.WatchDog.cancel(): canceling Fri Jul 20 01:55:57 UTC 2018
------------------ testing $PTII/ptolemy/domains/de/test/auto/CausalityInterface2.xml
auto.tcl: Setting watchdog for 200 seconds at Fri Jul 20 01:55:57 UTC 2018
8 ms. Memory: 208384K Free: 196375K (94%)
ptolemy.util.test.WatchDog.cancel(): canceling Fri Jul 20 01:55:57 UTC 2018
auto.tcl: Setting watchdog for 200 seconds at Fri Jul 20 01:55:57 UTC 2018
7 ms. Memory: 208384K Free: 196375K (94%)
ptolemy.util.test.WatchDog.cancel(): canceling Fri Jul 20 01:55:57 UTC 2018
------------------ testing $PTII/ptolemy/domains/de/test/auto/CausalityInterface3.xml
auto.tcl: Setting watchdog for 200 seconds at Fri Jul 20 01:55:57 UTC 2018
8 ms. Memory: 208384K Free: 196388K (94%)
ptolemy.util.test.WatchDog.cancel(): canceling Fri Jul 20 01:55:57 UTC 2018
auto.tcl: Setting watchdog for 200 seconds at Fri Jul 20 01:55:57 UTC 2018
3 ms. Memory: 208384K Free: 196388K (94%)
ptolemy.util.test.WatchDog.cancel(): canceling Fri Jul 20 01:55:57 UTC 2018
------------------ testing $PTII/ptolemy/domains/de/test/auto/ClockDrift.xml
auto.tcl: Setting watchdog for 200 seconds at Fri Jul 20 01:55:57 UTC 2018
104 ms. Memory: 208384K Free: 187595K (90%)
ptolemy.util.test.WatchDog.cancel(): canceling Fri Jul 20 01:55:57 UTC 2018
auto.tcl: Setting watchdog for 200 seconds at Fri Jul 20 01:55:57 UTC 2018
62 ms. Memory: 208384K Free: 185487K (89%)
ptolemy.util.test.WatchDog.cancel(): canceling Fri Jul 20 01:55:57 UTC 2018
------------------ testing $PTII/ptolemy/domains/de/test/auto/ClockDriftAndValueChange.xml
auto.tcl: Setting watchdog for 200 seconds at Fri Jul 20 01:55:57 UTC 2018
29 ms. Memory: 208384K Free: 187429K (90%)
ptolemy.util.test.WatchDog.cancel(): canceling Fri Jul 20 01:55:57 UTC 2018
auto.tcl: Setting watchdog for 200 seconds at Fri Jul 20 01:55:57 UTC 2018
31 ms. Memory: 208384K Free: 185321K (89%)
ptolemy.util.test.WatchDog.cancel(): canceling Fri Jul 20 01:55:57 UTC 2018
------------------ testing $PTII/ptolemy/domains/de/test/auto/ClockDriftChange.xml
auto.tcl: Setting watchdog for 200 seconds at Fri Jul 20 01:55:57 UTC 2018
42 ms. Memory: 208384K Free: 190766K (92%)
ptolemy.util.test.WatchDog.cancel(): canceling Fri Jul 20 01:55:58 UTC 2018
auto.tcl: Setting watchdog for 200 seconds at Fri Jul 20 01:55:58 UTC 2018
24 ms. Memory: 208384K Free: 188658K (91%)
ptolemy.util.test.WatchDog.cancel(): canceling Fri Jul 20 01:55:58 UTC 2018
------------------ testing $PTII/ptolemy/domains/de/test/auto/ComposableCausalityAnalysis.xml
auto.tcl: Setting watchdog for 200 seconds at Fri Jul 20 01:55:58 UTC 2018
2 ms. Memory: 208384K Free: 196248K (94%)
ptolemy.util.test.WatchDog.cancel(): canceling Fri Jul 20 01:55:58 UTC 2018
auto.tcl: Setting watchdog for 200 seconds at Fri Jul 20 01:55:58 UTC 2018
4 ms. Memory: 208384K Free: 194140K (93%)
ptolemy.util.test.WatchDog.cancel(): canceling Fri Jul 20 01:55:58 UTC 2018
------------------ testing $PTII/ptolemy/domains/de/test/auto/DEFixedPointLimitation.xml
auto.tcl: Setting watchdog for 200 seconds at Fri Jul 20 01:55:58 UTC 2018
2 ms. Memory: 208384K Free: 196328K (94%)
ptolemy.util.test.WatchDog.cancel(): canceling Fri Jul 20 01:55:58 UTC 2018
auto.tcl: Setting watchdog for 200 seconds at Fri Jul 20 01:55:58 UTC 2018
2 ms. Memory: 208384K Free: 196328K (94%)
ptolemy.util.test.WatchDog.cancel(): canceling Fri Jul 20 01:55:58 UTC 2018
------------------ testing $PTII/ptolemy/domains/de/test/auto/DEScheduleTest.xml
auto.tcl: Setting watchdog for 200 seconds at Fri Jul 20 01:55:58 UTC 2018
5 ms. Memory: 208384K Free: 198473K (95%)
ptolemy.util.test.WatchDog.cancel(): canceling Fri Jul 20 01:55:58 UTC 2018
auto.tcl: Setting watchdog for 200 seconds at Fri Jul 20 01:55:58 UTC 2018
3 ms. Memory: 208384K Free: 196364K (94%)
ptolemy.util.test.WatchDog.cancel(): canceling Fri Jul 20 01:55:58 UTC 2018
------------------ testing $PTII/ptolemy/domains/de/test/auto/DEinDEwithStartTimes.xml
auto.tcl: Setting watchdog for 200 seconds at Fri Jul 20 01:55:58 UTC 2018
4 ms. Memory: 208384K Free: 196334K (94%)
ptolemy.util.test.WatchDog.cancel(): canceling Fri Jul 20 01:55:58 UTC 2018
auto.tcl: Setting watchdog for 200 seconds at Fri Jul 20 01:55:58 UTC 2018
6 ms. Memory: 208384K Free: 194226K (93%)
ptolemy.util.test.WatchDog.cancel(): canceling Fri Jul 20 01:55:58 UTC 2018
------------------ testing $PTII/ptolemy/domains/de/test/auto/DEinDEwithStartTimes2.xml
auto.tcl: Setting watchdog for 200 seconds at Fri Jul 20 01:55:58 UTC 2018
8 ms. Memory: 208384K Free: 196314K (94%)
ptolemy.util.test.WatchDog.cancel(): canceling Fri Jul 20 01:55:58 UTC 2018
auto.tcl: Setting watchdog for 200 seconds at Fri Jul 20 01:55:58 UTC 2018
4 ms. Memory: 208384K Free: 194205K (93%)
ptolemy.util.test.WatchDog.cancel(): canceling Fri Jul 20 01:55:58 UTC 2018
------------------ testing $PTII/ptolemy/domains/de/test/auto/DateDemo.xml
auto.tcl: Setting watchdog for 200 seconds at Fri Jul 20 01:55:58 UTC 2018
11 ms. Memory: 208384K Free: 188718K (91%)
ptolemy.util.test.WatchDog.cancel(): canceling Fri Jul 20 01:55:58 UTC 2018
auto.tcl: Setting watchdog for 200 seconds at Fri Jul 20 01:55:58 UTC 2018
10 ms. Memory: 208384K Free: 186610K (90%)
ptolemy.util.test.WatchDog.cancel(): canceling Fri Jul 20 01:55:58 UTC 2018
------------------ testing $PTII/ptolemy/domains/de/test/auto/DateToEvent.xml
auto.tcl: Setting watchdog for 200 seconds at Fri Jul 20 01:55:58 UTC 2018
2012 ms. Memory: 208384K Free: 183428K (88%)
ptolemy.util.test.WatchDog.cancel(): canceling Fri Jul 20 01:56:00 UTC 2018
auto.tcl: Setting watchdog for 200 seconds at Fri Jul 20 01:56:00 UTC 2018
2004 ms. Memory: 208384K Free: 183428K (88%)
ptolemy.util.test.WatchDog.cancel(): canceling Fri Jul 20 01:56:02 UTC 2018
------------------ testing $PTII/ptolemy/domains/de/test/auto/DepthTest1.xml
auto.tcl: Setting watchdog for 200 seconds at Fri Jul 20 01:56:02 UTC 2018
4 ms. Memory: 208384K Free: 195881K (94%)
ptolemy.util.test.WatchDog.cancel(): canceling Fri Jul 20 01:56:02 UTC 2018
auto.tcl: Setting watchdog for 200 seconds at Fri Jul 20 01:56:02 UTC 2018
1 ms. Memory: 208384K Free: 195543K (94%)
ptolemy.util.test.WatchDog.cancel(): canceling Fri Jul 20 01:56:02 UTC 2018
------------------ testing $PTII/ptolemy/domains/de/test/auto/DepthTest2.xml
auto.tcl: Setting watchdog for 200 seconds at Fri Jul 20 01:56:02 UTC 2018
6 ms. Memory: 208384K Free: 194186K (93%)
ptolemy.util.test.WatchDog.cancel(): canceling Fri Jul 20 01:56:02 UTC 2018
auto.tcl: Setting watchdog for 200 seconds at Fri Jul 20 01:56:02 UTC 2018
3 ms. Memory: 208384K Free: 194186K (93%)
ptolemy.util.test.WatchDog.cancel(): canceling Fri Jul 20 01:56:02 UTC 2018
------------------ testing $PTII/ptolemy/domains/de/test/auto/DepthTest3.xml
auto.tcl: Setting watchdog for 200 seconds at Fri Jul 20 01:56:02 UTC 2018
2 ms. Memory: 208384K Free: 198672K (95%)
ptolemy.util.test.WatchDog.cancel(): canceling Fri Jul 20 01:56:02 UTC 2018
auto.tcl: Setting watchdog for 200 seconds at Fri Jul 20 01:56:02 UTC 2018
2 ms. Memory: 208384K Free: 198335K (95%)
ptolemy.util.test.WatchDog.cancel(): canceling Fri Jul 20 01:56:02 UTC 2018
------------------ testing $PTII/ptolemy/domains/de/test/auto/DepthTest4.xml
auto.tcl: Setting watchdog for 200 seconds at Fri Jul 20 01:56:02 UTC 2018
15 ms. Memory: 208384K Free: 196313K (94%)
ptolemy.util.test.WatchDog.cancel(): canceling Fri Jul 20 01:56:02 UTC 2018
auto.tcl: Setting watchdog for 200 seconds at Fri Jul 20 01:56:02 UTC 2018
4 ms. Memory: 208384K Free: 196313K (94%)
ptolemy.util.test.WatchDog.cancel(): canceling Fri Jul 20 01:56:03 UTC 2018
------------------ testing $PTII/ptolemy/domains/de/test/auto/DepthTest5.xml
auto.tcl: Setting watchdog for 200 seconds at Fri Jul 20 01:56:03 UTC 2018
10 ms. Memory: 208384K Free: 196261K (94%)
ptolemy.util.test.WatchDog.cancel(): canceling Fri Jul 20 01:56:03 UTC 2018
auto.tcl: Setting watchdog for 200 seconds at Fri Jul 20 01:56:03 UTC 2018
2 ms. Memory: 208384K Free: 196261K (94%)
ptolemy.util.test.WatchDog.cancel(): canceling Fri Jul 20 01:56:03 UTC 2018
------------------ testing $PTII/ptolemy/domains/de/test/auto/DepthTest6.xml
auto.tcl: Setting watchdog for 200 seconds at Fri Jul 20 01:56:03 UTC 2018
9 ms. Memory: 208384K Free: 196565K (94%)
ptolemy.util.test.WatchDog.cancel(): canceling Fri Jul 20 01:56:03 UTC 2018
auto.tcl: Setting watchdog for 200 seconds at Fri Jul 20 01:56:03 UTC 2018
3 ms. Memory: 208384K Free: 196565K (94%)
ptolemy.util.test.WatchDog.cancel(): canceling Fri Jul 20 01:56:03 UTC 2018
------------------ testing $PTII/ptolemy/domains/de/test/auto/DepthTest7.xml
auto.tcl: Setting watchdog for 200 seconds at Fri Jul 20 01:56:03 UTC 2018
3 ms. Memory: 208384K Free: 196218K (94%)
ptolemy.util.test.WatchDog.cancel(): canceling Fri Jul 20 01:56:03 UTC 2018
auto.tcl: Setting watchdog for 200 seconds at Fri Jul 20 01:56:03 UTC 2018
3 ms. Memory: 208384K Free: 196218K (94%)
ptolemy.util.test.WatchDog.cancel(): canceling Fri Jul 20 01:56:03 UTC 2018
------------------ testing $PTII/ptolemy/domains/de/test/auto/EventToDate.xml
auto.tcl: Setting watchdog for 200 seconds at Fri Jul 20 01:56:03 UTC 2018
3005 ms. Memory: 208384K Free: 183240K (88%)
ptolemy.util.test.WatchDog.cancel(): canceling Fri Jul 20 01:56:06 UTC 2018
auto.tcl: Setting watchdog for 200 seconds at Fri Jul 20 01:56:06 UTC 2018
3003 ms. Memory: 208384K Free: 183240K (88%)
ptolemy.util.test.WatchDog.cancel(): canceling Fri Jul 20 01:56:09 UTC 2018
------------------ testing $PTII/ptolemy/domains/de/test/auto/FSM1.xml
auto.tcl: Setting watchdog for 200 seconds at Fri Jul 20 01:56:09 UTC 2018
24 ms. Memory: 208384K Free: 189197K (91%)
ptolemy.util.test.WatchDog.cancel(): canceling Fri Jul 20 01:56:09 UTC 2018
auto.tcl: Setting watchdog for 200 seconds at Fri Jul 20 01:56:09 UTC 2018
15 ms. Memory: 208384K Free: 184981K (89%)
ptolemy.util.test.WatchDog.cancel(): canceling Fri Jul 20 01:56:09 UTC 2018
------------------ testing $PTII/ptolemy/domains/de/test/auto/FSM7.xml
auto.tcl: Setting watchdog for 200 seconds at Fri Jul 20 01:56:09 UTC 2018
21 ms. Memory: 208384K Free: 187285K (90%)
ptolemy.util.test.WatchDog.cancel(): canceling Fri Jul 20 01:56:09 UTC 2018
auto.tcl: Setting watchdog for 200 seconds at Fri Jul 20 01:56:09 UTC 2018
16 ms. Memory: 208384K Free: 185161K (89%)
ptolemy.util.test.WatchDog.cancel(): canceling Fri Jul 20 01:56:09 UTC 2018
------------------ testing $PTII/ptolemy/domains/de/test/auto/Inspection.xml
auto.tcl: Setting watchdog for 200 seconds at Fri Jul 20 01:56:09 UTC 2018
25 ms. Memory: 208384K Free: 188853K (91%)
ptolemy.util.test.WatchDog.cancel(): canceling Fri Jul 20 01:56:09 UTC 2018
auto.tcl: Setting watchdog for 200 seconds at Fri Jul 20 01:56:09 UTC 2018
25 ms. Memory: 208384K Free: 186728K (90%)
ptolemy.util.test.WatchDog.cancel(): canceling Fri Jul 20 01:56:09 UTC 2018
------------------ testing $PTII/ptolemy/domains/de/test/auto/Iteration.xml
auto.tcl: Setting watchdog for 200 seconds at Fri Jul 20 01:56:09 UTC 2018
10 ms. Memory: 208384K Free: 196364K (94%)
ptolemy.util.test.WatchDog.cancel(): canceling Fri Jul 20 01:56:09 UTC 2018
auto.tcl: Setting watchdog for 200 seconds at Fri Jul 20 01:56:09 UTC 2018
9 ms. Memory: 208384K Free: 193902K (93%)
ptolemy.util.test.WatchDog.cancel(): canceling Fri Jul 20 01:56:09 UTC 2018
------------------ testing $PTII/ptolemy/domains/de/test/auto/LineFault.xml
auto.tcl: Setting watchdog for 200 seconds at Fri Jul 20 01:56:09 UTC 2018
783 ms. Memory: 208384K Free: 195157K (94%)
ptolemy.util.test.WatchDog.cancel(): canceling Fri Jul 20 01:56:10 UTC 2018
auto.tcl: Setting watchdog for 200 seconds at Fri Jul 20 01:56:10 UTC 2018
680 ms. Memory: 208384K Free: 139371K (67%)
ptolemy.util.test.WatchDog.cancel(): canceling Fri Jul 20 01:56:11 UTC 2018
------------------ testing $PTII/ptolemy/domains/de/test/auto/MergeModel1Add.xml
auto.tcl: Setting watchdog for 200 seconds at Fri Jul 20 01:56:11 UTC 2018
32 ms. Memory: 331264K Free: 298984K (90%)
ptolemy.util.test.WatchDog.cancel(): canceling Fri Jul 20 01:56:11 UTC 2018
auto.tcl: Setting watchdog for 200 seconds at Fri Jul 20 01:56:11 UTC 2018
12 ms. Memory: 331264K Free: 298984K (90%)
ptolemy.util.test.WatchDog.cancel(): canceling Fri Jul 20 01:56:11 UTC 2018
------------------ testing $PTII/ptolemy/domains/de/test/auto/MergeModel2Add.xml
auto.tcl: Setting watchdog for 200 seconds at Fri Jul 20 01:56:11 UTC 2018
9 ms. Memory: 331264K Free: 304267K (92%)
ptolemy.util.test.WatchDog.cancel(): canceling Fri Jul 20 01:56:12 UTC 2018
auto.tcl: Setting watchdog for 200 seconds at Fri Jul 20 01:56:12 UTC 2018
9 ms. Memory: 331264K Free: 300346K (91%)
ptolemy.util.test.WatchDog.cancel(): canceling Fri Jul 20 01:56:12 UTC 2018
------------------ testing $PTII/ptolemy/domains/de/test/auto/MergeModel3Add.xml
auto.tcl: Setting watchdog for 200 seconds at Fri Jul 20 01:56:12 UTC 2018
12 ms. Memory: 331264K Free: 304277K (92%)
ptolemy.util.test.WatchDog.cancel(): canceling Fri Jul 20 01:56:12 UTC 2018
auto.tcl: Setting watchdog for 200 seconds at Fri Jul 20 01:56:12 UTC 2018
11 ms. Memory: 331264K Free: 300356K (91%)
ptolemy.util.test.WatchDog.cancel(): canceling Fri Jul 20 01:56:12 UTC 2018
------------------ testing $PTII/ptolemy/domains/de/test/auto/MergeWithoutDiscard.xml
auto.tcl: Setting watchdog for 200 seconds at Fri Jul 20 01:56:12 UTC 2018
4 ms. Memory: 331264K Free: 319974K (97%)
ptolemy.util.test.WatchDog.cancel(): canceling Fri Jul 20 01:56:12 UTC 2018
auto.tcl: Setting watchdog for 200 seconds at Fri Jul 20 01:56:12 UTC 2018
1 ms. Memory: 331264K Free: 316053K (95%)
ptolemy.util.test.WatchDog.cancel(): canceling Fri Jul 20 01:56:12 UTC 2018
------------------ testing $PTII/ptolemy/domains/de/test/auto/Modal1.xml
auto.tcl: Setting watchdog for 200 seconds at Fri Jul 20 01:56:12 UTC 2018
21 ms. Memory: 331264K Free: 309964K (94%)
ptolemy.util.test.WatchDog.cancel(): canceling Fri Jul 20 01:56:12 UTC 2018
auto.tcl: Setting watchdog for 200 seconds at Fri Jul 20 01:56:12 UTC 2018
31 ms. Memory: 331264K Free: 306027K (92%)
ptolemy.util.test.WatchDog.cancel(): canceling Fri Jul 20 01:56:12 UTC 2018
------------------ testing $PTII/ptolemy/domains/de/test/auto/Modal2.xml
auto.tcl: Setting watchdog for 200 seconds at Fri Jul 20 01:56:12 UTC 2018
16 ms. Memory: 331264K Free: 309845K (94%)
ptolemy.util.test.WatchDog.cancel(): canceling Fri Jul 20 01:56:12 UTC 2018
auto.tcl: Setting watchdog for 200 seconds at Fri Jul 20 01:56:12 UTC 2018
17 ms. Memory: 331264K Free: 305908K (92%)
ptolemy.util.test.WatchDog.cancel(): canceling Fri Jul 20 01:56:12 UTC 2018
------------------ testing $PTII/ptolemy/domains/de/test/auto/Modal3.xml
auto.tcl: Setting watchdog for 200 seconds at Fri Jul 20 01:56:12 UTC 2018
14 ms. Memory: 331264K Free: 309894K (94%)
ptolemy.util.test.WatchDog.cancel(): canceling Fri Jul 20 01:56:12 UTC 2018
auto.tcl: Setting watchdog for 200 seconds at Fri Jul 20 01:56:12 UTC 2018
11 ms. Memory: 331264K Free: 305687K (92%)
ptolemy.util.test.WatchDog.cancel(): canceling Fri Jul 20 01:56:12 UTC 2018
------------------ testing $PTII/ptolemy/domains/de/test/auto/Modal4.xml
auto.tcl: Setting watchdog for 200 seconds at Fri Jul 20 01:56:12 UTC 2018
29 ms. Memory: 331264K Free: 309629K (93%)
ptolemy.util.test.WatchDog.cancel(): canceling Fri Jul 20 01:56:12 UTC 2018
auto.tcl: Setting watchdog for 200 seconds at Fri Jul 20 01:56:12 UTC 2018
21 ms. Memory: 331264K Free: 305692K (92%)
ptolemy.util.test.WatchDog.cancel(): canceling Fri Jul 20 01:56:12 UTC 2018
------------------ testing $PTII/ptolemy/domains/de/test/auto/Modal5.xml
auto.tcl: Setting watchdog for 200 seconds at Fri Jul 20 01:56:12 UTC 2018
19 ms. Memory: 331264K Free: 309617K (93%)
ptolemy.util.test.WatchDog.cancel(): canceling Fri Jul 20 01:56:12 UTC 2018
auto.tcl: Setting watchdog for 200 seconds at Fri Jul 20 01:56:12 UTC 2018
16 ms. Memory: 331264K Free: 305680K (92%)
ptolemy.util.test.WatchDog.cancel(): canceling Fri Jul 20 01:56:12 UTC 2018
------------------ testing $PTII/ptolemy/domains/de/test/auto/Modal6.xml
auto.tcl: Setting watchdog for 200 seconds at Fri Jul 20 01:56:12 UTC 2018
12 ms. Memory: 331264K Free: 309614K (93%)
ptolemy.util.test.WatchDog.cancel(): canceling Fri Jul 20 01:56:12 UTC 2018
auto.tcl: Setting watchdog for 200 seconds at Fri Jul 20 01:56:12 UTC 2018
15 ms. Memory: 331264K Free: 305685K (92%)
ptolemy.util.test.WatchDog.cancel(): canceling Fri Jul 20 01:56:12 UTC 2018
------------------ testing $PTII/ptolemy/domains/de/test/auto/Modal7.xml
auto.tcl: Setting watchdog for 200 seconds at Fri Jul 20 01:56:12 UTC 2018
22 ms. Memory: 331264K Free: 305693K (92%)
ptolemy.util.test.WatchDog.cancel(): canceling Fri Jul 20 01:56:13 UTC 2018
auto.tcl: Setting watchdog for 200 seconds at Fri Jul 20 01:56:13 UTC 2018
12 ms. Memory: 331264K Free: 305693K (92%)
ptolemy.util.test.WatchDog.cancel(): canceling Fri Jul 20 01:56:13 UTC 2018
------------------ testing $PTII/ptolemy/domains/de/test/auto/ModalModel.xml
auto.tcl: Setting watchdog for 200 seconds at Fri Jul 20 01:56:13 UTC 2018
217 ms. Memory: 331264K Free: 248466K (75%)
ptolemy.util.test.WatchDog.cancel(): canceling Fri Jul 20 01:56:13 UTC 2018
auto.tcl: Setting watchdog for 200 seconds at Fri Jul 20 01:56:13 UTC 2018
247 ms. Memory: 331264K Free: 193453K (58%)
ptolemy.util.test.WatchDog.cancel(): canceling Fri Jul 20 01:56:13 UTC 2018
------------------ testing $PTII/ptolemy/domains/de/test/auto/ModalSource.xml
auto.tcl: Setting watchdog for 200 seconds at Fri Jul 20 01:56:13 UTC 2018
9 ms. Memory: 331264K Free: 316512K (96%)
ptolemy.util.test.WatchDog.cancel(): canceling Fri Jul 20 01:56:13 UTC 2018
auto.tcl: Setting watchdog for 200 seconds at Fri Jul 20 01:56:13 UTC 2018
7 ms. Memory: 331264K Free: 312984K (94%)
ptolemy.util.test.WatchDog.cancel(): canceling Fri Jul 20 01:56:13 UTC 2018
------------------ testing $PTII/ptolemy/domains/de/test/auto/NonInterruptibleTimerZeroDelay.xml
auto.tcl: Setting watchdog for 200 seconds at Fri Jul 20 01:56:13 UTC 2018
4 ms. Memory: 331264K Free: 320693K (97%)
ptolemy.util.test.WatchDog.cancel(): canceling Fri Jul 20 01:56:13 UTC 2018
auto.tcl: Setting watchdog for 200 seconds at Fri Jul 20 01:56:13 UTC 2018
2 ms. Memory: 331264K Free: 317165K (96%)
ptolemy.util.test.WatchDog.cancel(): canceling Fri Jul 20 01:56:13 UTC 2018
------------------ testing $PTII/ptolemy/domains/de/test/auto/OpenQueueingNetwork.xml
auto.tcl: Setting watchdog for 200 seconds at Fri Jul 20 01:56:13 UTC 2018
3411 ms. Memory: 573952K Free: 418182K (73%)
ptolemy.util.test.WatchDog.cancel(): canceling Fri Jul 20 01:56:17 UTC 2018
auto.tcl: Setting watchdog for 200 seconds at Fri Jul 20 01:56:17 UTC 2018
2951 ms. Memory: 550912K Free: 326786K (59%)
ptolemy.util.test.WatchDog.cancel(): canceling Fri Jul 20 01:56:20 UTC 2018
------------------ testing $PTII/ptolemy/domains/de/test/auto/OpenQueuingNetwork.xml
auto.tcl: Setting watchdog for 200 seconds at Fri Jul 20 01:56:20 UTC 2018
300 ms. Memory: 549888K Free: 445428K (81%)
ptolemy.util.test.WatchDog.cancel(): canceling Fri Jul 20 01:56:20 UTC 2018
auto.tcl: Setting watchdog for 200 seconds at Fri Jul 20 01:56:20 UTC 2018
283 ms. Memory: 549888K Free: 385571K (70%)
ptolemy.util.test.WatchDog.cancel(): canceling Fri Jul 20 01:56:21 UTC 2018
------------------ testing $PTII/ptolemy/domains/de/test/auto/PeriodicSampler.xml
auto.tcl: Setting watchdog for 200 seconds at Fri Jul 20 01:56:21 UTC 2018
3 ms. Memory: 551936K Free: 531689K (96%)
ptolemy.util.test.WatchDog.cancel(): canceling Fri Jul 20 01:56:21 UTC 2018
auto.tcl: Setting watchdog for 200 seconds at Fri Jul 20 01:56:21 UTC 2018
2 ms. Memory: 551936K Free: 531689K (96%)
ptolemy.util.test.WatchDog.cancel(): canceling Fri Jul 20 01:56:21 UTC 2018
------------------ testing $PTII/ptolemy/domains/de/test/auto/PersistentIO.xml
auto.tcl: Setting watchdog for 200 seconds at Fri Jul 20 01:56:21 UTC 2018
11 ms. Memory: 549376K Free: 524515K (95%)
ptolemy.util.test.WatchDog.cancel(): canceling Fri Jul 20 01:56:21 UTC 2018
auto.tcl: Setting watchdog for 200 seconds at Fri Jul 20 01:56:21 UTC 2018
4 ms. Memory: 549376K Free: 524515K (95%)
ptolemy.util.test.WatchDog.cancel(): canceling Fri Jul 20 01:56:21 UTC 2018
------------------ testing $PTII/ptolemy/domains/de/test/auto/PortParameterResetOnInitialize.xml
auto.tcl: Setting watchdog for 200 seconds at Fri Jul 20 01:56:21 UTC 2018
2 ms. Memory: 551424K Free: 531637K (96%)
ptolemy.util.test.WatchDog.cancel(): canceling Fri Jul 20 01:56:21 UTC 2018
auto.tcl: Setting watchdog for 200 seconds at Fri Jul 20 01:56:21 UTC 2018
2 ms. Memory: 551424K Free: 531637K (96%)
ptolemy.util.test.WatchDog.cancel(): canceling Fri Jul 20 01:56:21 UTC 2018
------------------ testing $PTII/ptolemy/domains/de/test/auto/PortParameterUpdates.xml
auto.tcl: Setting watchdog for 200 seconds at Fri Jul 20 01:56:21 UTC 2018
8 ms. Memory: 549376K Free: 534631K (97%)
ptolemy.util.test.WatchDog.cancel(): canceling Fri Jul 20 01:56:21 UTC 2018
auto.tcl: Setting watchdog for 200 seconds at Fri Jul 20 01:56:21 UTC 2018
5 ms. Memory: 549376K Free: 529190K (96%)
ptolemy.util.test.WatchDog.cancel(): canceling Fri Jul 20 01:56:21 UTC 2018
------------------ testing $PTII/ptolemy/domains/de/test/auto/QueueAndServer.xml
auto.tcl: Setting watchdog for 200 seconds at Fri Jul 20 01:56:21 UTC 2018
17 ms. Memory: 551424K Free: 526277K (95%)
ptolemy.util.test.WatchDog.cancel(): canceling Fri Jul 20 01:56:21 UTC 2018
auto.tcl: Setting watchdog for 200 seconds at Fri Jul 20 01:56:21 UTC 2018
7 ms. Memory: 551424K Free: 526277K (95%)
ptolemy.util.test.WatchDog.cancel(): canceling Fri Jul 20 01:56:21 UTC 2018
------------------ testing $PTII/ptolemy/domains/de/test/auto/Records.xml
auto.tcl: Setting watchdog for 200 seconds at Fri Jul 20 01:56:21 UTC 2018
5 ms. Memory: 549376K Free: 534306K (97%)
ptolemy.util.test.WatchDog.cancel(): canceling Fri Jul 20 01:56:21 UTC 2018
auto.tcl: Setting watchdog for 200 seconds at Fri Jul 20 01:56:21 UTC 2018
2 ms. Memory: 549376K Free: 528864K (96%)
ptolemy.util.test.WatchDog.cancel(): canceling Fri Jul 20 01:56:21 UTC 2018
------------------ testing $PTII/ptolemy/domains/de/test/auto/ResetTransitionWithStartTime1.xml
auto.tcl: Setting watchdog for 200 seconds at Fri Jul 20 01:56:21 UTC 2018
8 ms. Memory: 551424K Free: 530995K (96%)
ptolemy.util.test.WatchDog.cancel(): canceling Fri Jul 20 01:56:21 UTC 2018
auto.tcl: Setting watchdog for 200 seconds at Fri Jul 20 01:56:21 UTC 2018
6 ms. Memory: 551424K Free: 530766K (96%)
ptolemy.util.test.WatchDog.cancel(): canceling Fri Jul 20 01:56:21 UTC 2018
------------------ testing $PTII/ptolemy/domains/de/test/auto/ResetTransitionWithStartTime2.xml
auto.tcl: Setting watchdog for 200 seconds at Fri Jul 20 01:56:21 UTC 2018
5 ms. Memory: 549376K Free: 528937K (96%)
ptolemy.util.test.WatchDog.cancel(): canceling Fri Jul 20 01:56:21 UTC 2018
auto.tcl: Setting watchdog for 200 seconds at Fri Jul 20 01:56:21 UTC 2018
7 ms. Memory: 549376K Free: 528937K (96%)
ptolemy.util.test.WatchDog.cancel(): canceling Fri Jul 20 01:56:21 UTC 2018
------------------ testing $PTII/ptolemy/domains/de/test/auto/ResetTransitionWithStartTime3.xml
auto.tcl: Setting watchdog for 200 seconds at Fri Jul 20 01:56:21 UTC 2018
5 ms. Memory: 550912K Free: 530242K (96%)
ptolemy.util.test.WatchDog.cancel(): canceling Fri Jul 20 01:56:21 UTC 2018
auto.tcl: Setting watchdog for 200 seconds at Fri Jul 20 01:56:21 UTC 2018
6 ms. Memory: 550912K Free: 530242K (96%)
ptolemy.util.test.WatchDog.cancel(): canceling Fri Jul 20 01:56:21 UTC 2018
------------------ testing $PTII/ptolemy/domains/de/test/auto/ResetTransitionWithStartTime4.xml
auto.tcl: Setting watchdog for 200 seconds at Fri Jul 20 01:56:21 UTC 2018
5 ms. Memory: 549376K Free: 528927K (96%)
ptolemy.util.test.WatchDog.cancel(): canceling Fri Jul 20 01:56:21 UTC 2018
auto.tcl: Setting watchdog for 200 seconds at Fri Jul 20 01:56:21 UTC 2018
5 ms. Memory: 549376K Free: 528927K (96%)
ptolemy.util.test.WatchDog.cancel(): canceling Fri Jul 20 01:56:21 UTC 2018
------------------ testing $PTII/ptolemy/domains/de/test/auto/ResettableTimer1.xml
auto.tcl: Setting watchdog for 200 seconds at Fri Jul 20 01:56:21 UTC 2018
4 ms. Memory: 550912K Free: 531006K (96%)
ptolemy.util.test.WatchDog.cancel(): canceling Fri Jul 20 01:56:22 UTC 2018
auto.tcl: Setting watchdog for 200 seconds at Fri Jul 20 01:56:22 UTC 2018
2 ms. Memory: 550912K Free: 531006K (96%)
ptolemy.util.test.WatchDog.cancel(): canceling Fri Jul 20 01:56:22 UTC 2018
------------------ testing $PTII/ptolemy/domains/de/test/auto/ResettableTimer2.xml
auto.tcl: Setting watchdog for 200 seconds at Fri Jul 20 01:56:22 UTC 2018
3 ms. Memory: 549376K Free: 534438K (97%)
ptolemy.util.test.WatchDog.cancel(): canceling Fri Jul 20 01:56:22 UTC 2018
auto.tcl: Setting watchdog for 200 seconds at Fri Jul 20 01:56:22 UTC 2018
3 ms. Memory: 549376K Free: 534438K (97%)
ptolemy.util.test.WatchDog.cancel(): canceling Fri Jul 20 01:56:22 UTC 2018
------------------ testing $PTII/ptolemy/domains/de/test/auto/ResettableTimer3.xml
auto.tcl: Setting watchdog for 200 seconds at Fri Jul 20 01:56:22 UTC 2018
2 ms. Memory: 550912K Free: 531064K (96%)
ptolemy.util.test.WatchDog.cancel(): canceling Fri Jul 20 01:56:22 UTC 2018
auto.tcl: Setting watchdog for 200 seconds at Fri Jul 20 01:56:22 UTC 2018
1 ms. Memory: 550912K Free: 531064K (96%)
ptolemy.util.test.WatchDog.cancel(): canceling Fri Jul 20 01:56:22 UTC 2018
------------------ testing $PTII/ptolemy/domains/de/test/auto/ResettableTimer4.xml
auto.tcl: Setting watchdog for 200 seconds at Fri Jul 20 01:56:22 UTC 2018
1 ms. Memory: 549376K Free: 534450K (97%)
ptolemy.util.test.WatchDog.cancel(): canceling Fri Jul 20 01:56:22 UTC 2018
auto.tcl: Setting watchdog for 200 seconds at Fri Jul 20 01:56:22 UTC 2018
1 ms. Memory: 549376K Free: 534450K (97%)
ptolemy.util.test.WatchDog.cancel(): canceling Fri Jul 20 01:56:22 UTC 2018
------------------ testing $PTII/ptolemy/domains/de/test/auto/ResettableTimer5.xml
auto.tcl: Setting watchdog for 200 seconds at Fri Jul 20 01:56:22 UTC 2018
1 ms. Memory: 550400K Free: 530793K (96%)
ptolemy.util.test.WatchDog.cancel(): canceling Fri Jul 20 01:56:22 UTC 2018
auto.tcl: Setting watchdog for 200 seconds at Fri Jul 20 01:56:22 UTC 2018
1 ms. Memory: 550400K Free: 530793K (96%)
ptolemy.util.test.WatchDog.cancel(): canceling Fri Jul 20 01:56:22 UTC 2018
------------------ testing $PTII/ptolemy/domains/de/test/auto/ResettableTimer6.xml
auto.tcl: Setting watchdog for 200 seconds at Fri Jul 20 01:56:22 UTC 2018
1 ms. Memory: 549376K Free: 529489K (96%)
ptolemy.util.test.WatchDog.cancel(): canceling Fri Jul 20 01:56:22 UTC 2018
auto.tcl: Setting watchdog for 200 seconds at Fri Jul 20 01:56:22 UTC 2018
2 ms. Memory: 549376K Free: 529489K (96%)
ptolemy.util.test.WatchDog.cancel(): canceling Fri Jul 20 01:56:22 UTC 2018
------------------ testing $PTII/ptolemy/domains/de/test/auto/ServerZeroDelay.xml
auto.tcl: Setting watchdog for 200 seconds at Fri Jul 20 01:56:22 UTC 2018
6 ms. Memory: 550400K Free: 535412K (97%)
ptolemy.util.test.WatchDog.cancel(): canceling Fri Jul 20 01:56:22 UTC 2018
auto.tcl: Setting watchdog for 200 seconds at Fri Jul 20 01:56:22 UTC 2018
3 ms. Memory: 550400K Free: 535412K (97%)
ptolemy.util.test.WatchDog.cancel(): canceling Fri Jul 20 01:56:22 UTC 2018
------------------ testing $PTII/ptolemy/domains/de/test/auto/SmartSender.xml
auto.tcl: Setting watchdog for 200 seconds at Fri Jul 20 01:56:22 UTC 2018
3001 ms. Memory: 549376K Free: 529704K (96%)
ptolemy.util.test.WatchDog.cancel(): canceling Fri Jul 20 01:56:25 UTC 2018
auto.tcl: Setting watchdog for 200 seconds at Fri Jul 20 01:56:25 UTC 2018
3001 ms. Memory: 549376K Free: 529704K (96%)
ptolemy.util.test.WatchDog.cancel(): canceling Fri Jul 20 01:56:28 UTC 2018
------------------ testing $PTII/ptolemy/domains/de/test/auto/ThreadedComposite.xml
auto.tcl: Setting watchdog for 200 seconds at Fri Jul 20 01:56:28 UTC 2018
269 ms. Memory: 550400K Free: 510246K (93%)
ptolemy.util.test.WatchDog.cancel(): canceling Fri Jul 20 01:56:28 UTC 2018
auto.tcl: Setting watchdog for 200 seconds at Fri Jul 20 01:56:28 UTC 2018
250 ms. Memory: 550400K Free: 486085K (88%)
ptolemy.util.test.WatchDog.cancel(): canceling Fri Jul 20 01:56:29 UTC 2018
------------------ testing $PTII/ptolemy/domains/de/test/auto/Time.xml
auto.tcl: Setting watchdog for 200 seconds at Fri Jul 20 01:56:29 UTC 2018
575 ms. Memory: 549376K Free: 482401K (88%)
ptolemy.util.test.WatchDog.cancel(): canceling Fri Jul 20 01:56:29 UTC 2018
auto.tcl: Setting watchdog for 200 seconds at Fri Jul 20 01:56:29 UTC 2018
513 ms. Memory: 549376K Free: 427986K (78%)
ptolemy.util.test.WatchDog.cancel(): canceling Fri Jul 20 01:56:30 UTC 2018
------------------ testing $PTII/ptolemy/domains/de/test/auto/TimeDelayZeroDelay.xml
auto.tcl: Setting watchdog for 200 seconds at Fri Jul 20 01:56:30 UTC 2018
2 ms. Memory: 550400K Free: 535100K (97%)
ptolemy.util.test.WatchDog.cancel(): canceling Fri Jul 20 01:56:30 UTC 2018
auto.tcl: Setting watchdog for 200 seconds at Fri Jul 20 01:56:30 UTC 2018
2 ms. Memory: 550400K Free: 535100K (97%)
ptolemy.util.test.WatchDog.cancel(): canceling Fri Jul 20 01:56:30 UTC 2018
------------------ testing $PTII/ptolemy/domains/de/test/auto/TimerZeroDelay.xml
auto.tcl: Setting watchdog for 200 seconds at Fri Jul 20 01:56:30 UTC 2018
2 ms. Memory: 549376K Free: 534349K (97%)
ptolemy.util.test.WatchDog.cancel(): canceling Fri Jul 20 01:56:30 UTC 2018
auto.tcl: Setting watchdog for 200 seconds at Fri Jul 20 01:56:30 UTC 2018
2 ms. Memory: 549376K Free: 534349K (97%)
ptolemy.util.test.WatchDog.cancel(): canceling Fri Jul 20 01:56:30 UTC 2018
------------------ testing $PTII/ptolemy/domains/de/test/auto/TimingParadox.xml
auto.tcl: Setting watchdog for 200 seconds at Fri Jul 20 01:56:30 UTC 2018
400 ms. Memory: 549888K Free: 469192K (85%)
ptolemy.util.test.WatchDog.cancel(): canceling Fri Jul 20 01:56:30 UTC 2018
auto.tcl: Setting watchdog for 200 seconds at Fri Jul 20 01:56:30 UTC 2018
373 ms. Memory: 549888K Free: 436543K (79%)
ptolemy.util.test.WatchDog.cancel(): canceling Fri Jul 20 01:56:31 UTC 2018
------------------ testing $PTII/ptolemy/domains/de/test/auto/TransferInputs.xml
auto.tcl: Setting watchdog for 200 seconds at Fri Jul 20 01:56:31 UTC 2018
2 ms. Memory: 549888K Free: 533765K (97%)
ptolemy.util.test.WatchDog.cancel(): canceling Fri Jul 20 01:56:31 UTC 2018
auto.tcl: Setting watchdog for 200 seconds at Fri Jul 20 01:56:31 UTC 2018
2 ms. Memory: 549888K Free: 533765K (97%)
ptolemy.util.test.WatchDog.cancel(): canceling Fri Jul 20 01:56:31 UTC 2018
------------------ testing $PTII/ptolemy/domains/de/test/auto/TransferOutputs2.xml
auto.tcl: Setting watchdog for 200 seconds at Fri Jul 20 01:56:31 UTC 2018
8 ms. Memory: 549376K Free: 524219K (95%)
ptolemy.util.test.WatchDog.cancel(): canceling Fri Jul 20 01:56:31 UTC 2018
auto.tcl: Setting watchdog for 200 seconds at Fri Jul 20 01:56:31 UTC 2018
3 ms. Memory: 549376K Free: 524219K (95%)
ptolemy.util.test.WatchDog.cancel(): canceling Fri Jul 20 01:56:31 UTC 2018
------------------ testing $PTII/ptolemy/domains/de/test/auto/Trilateration.xml
auto.tcl: Setting watchdog for 200 seconds at Fri Jul 20 01:56:31 UTC 2018
13115 ms. Memory: 766976K Free: 253028K (33%)
ptolemy.util.test.WatchDog.cancel(): canceling Fri Jul 20 01:56:45 UTC 2018
auto.tcl: Setting watchdog for 200 seconds at Fri Jul 20 01:56:45 UTC 2018
10258 ms. Memory: 646144K Free: 126368K (20%)
ptolemy.util.test.WatchDog.cancel(): canceling Fri Jul 20 01:56:56 UTC 2018
------------------ testing $PTII/ptolemy/domains/de/test/auto/TwoSigmaDelta.xml
auto.tcl: Setting watchdog for 200 seconds at Fri Jul 20 01:56:56 UTC 2018
3044 ms. Memory: 649728K Free: 353387K (54%)
ptolemy.util.test.WatchDog.cancel(): canceling Fri Jul 20 01:56:59 UTC 2018
auto.tcl: Setting watchdog for 200 seconds at Fri Jul 20 01:56:59 UTC 2018
2070 ms. Memory: 649728K Free: 127366K (20%)
ptolemy.util.test.WatchDog.cancel(): canceling Fri Jul 20 01:57:01 UTC 2018
------------------ testing $PTII/ptolemy/domains/de/test/auto/VariableDelay.xml
auto.tcl: Setting watchdog for 200 seconds at Fri Jul 20 01:57:01 UTC 2018
3 ms. Memory: 646656K Free: 626923K (97%)
ptolemy.util.test.WatchDog.cancel(): canceling Fri Jul 20 01:57:01 UTC 2018
auto.tcl: Setting watchdog for 200 seconds at Fri Jul 20 01:57:01 UTC 2018
2 ms. Memory: 646656K Free: 626923K (97%)
ptolemy.util.test.WatchDog.cancel(): canceling Fri Jul 20 01:57:01 UTC 2018
------------------ testing $PTII/ptolemy/domains/de/test/auto/VariableDelay2.xml
auto.tcl: Setting watchdog for 200 seconds at Fri Jul 20 01:57:01 UTC 2018
7 ms. Memory: 646144K Free: 626856K (97%)
ptolemy.util.test.WatchDog.cancel(): canceling Fri Jul 20 01:57:01 UTC 2018
auto.tcl: Setting watchdog for 200 seconds at Fri Jul 20 01:57:01 UTC 2018
2 ms. Memory: 646144K Free: 626856K (97%)
ptolemy.util.test.WatchDog.cancel(): canceling Fri Jul 20 01:57:01 UTC 2018
------------------ testing $PTII/ptolemy/domains/de/test/auto/VariableDelayZeroDelay.xml
auto.tcl: Setting watchdog for 200 seconds at Fri Jul 20 01:57:01 UTC 2018
2 ms. Memory: 646144K Free: 621209K (96%)
ptolemy.util.test.WatchDog.cancel(): canceling Fri Jul 20 01:57:01 UTC 2018
auto.tcl: Setting watchdog for 200 seconds at Fri Jul 20 01:57:01 UTC 2018
2 ms. Memory: 646144K Free: 621209K (96%)
ptolemy.util.test.WatchDog.cancel(): canceling Fri Jul 20 01:57:01 UTC 2018
------------------ testing $PTII/ptolemy/domains/de/test/auto/VariableDelayZeroDelay2.xml
auto.tcl: Setting watchdog for 200 seconds at Fri Jul 20 01:57:01 UTC 2018
2 ms. Memory: 649216K Free: 624278K (96%)
ptolemy.util.test.WatchDog.cancel(): canceling Fri Jul 20 01:57:01 UTC 2018
auto.tcl: Setting watchdog for 200 seconds at Fri Jul 20 01:57:01 UTC 2018
2 ms. Memory: 649216K Free: 624278K (96%)
ptolemy.util.test.WatchDog.cancel(): canceling Fri Jul 20 01:57:01 UTC 2018
------------------ testing $PTII/ptolemy/domains/de/test/auto/deInCt.xml
auto.tcl: Setting watchdog for 200 seconds at Fri Jul 20 01:57:01 UTC 2018
0
1
1
1
0
0
0
0
1
1
1
0
0
1
1
1
0
0
0
1
1
1
1
1
1
0
0
0
1
1
1
0
0
0
1
1
1
1
11 ms. Memory: 646144K Free: 621204K (96%)
ptolemy.util.test.WatchDog.cancel(): canceling Fri Jul 20 01:57:01 UTC 2018
auto.tcl: Setting watchdog for 200 seconds at Fri Jul 20 01:57:01 UTC 2018
0
1
1
1
0
0
1
1
1
1
0
0
0
1
1
1
0
0
0
1
1
1
0
0
0
1
1
1
0
0
0
0
0
1
1
1
0
0
0
0
0
11 ms. Memory: 646144K Free: 621204K (96%)
ptolemy.util.test.WatchDog.cancel(): canceling Fri Jul 20 01:57:01 UTC 2018
------------------ testing $PTII/ptolemy/domains/de/test/auto/deInCt2.xml
auto.tcl: Setting watchdog for 200 seconds at Fri Jul 20 01:57:01 UTC 2018
0
1
1
1
0
0
1
1
1
0
0
1
1
1
0
0
1
1
1
0
0
1
1
1
0
0
1
1
1
0
0
1
1
1
0
0
1
1
1
0
0
0
6 ms. Memory: 648704K Free: 623764K (96%)
ptolemy.util.test.WatchDog.cancel(): canceling Fri Jul 20 01:57:02 UTC 2018
auto.tcl: Setting watchdog for 200 seconds at Fri Jul 20 01:57:02 UTC 2018
0
1
1
1
0
0
1
1
1
0
0
1
1
1
0
0
1
1
1
0
0
1
1
1
0
0
1
1
1
0
0
1
1
1
0
0
1
1
1
0
0
0
9 ms. Memory: 648704K Free: 623764K (96%)
ptolemy.util.test.WatchDog.cancel(): canceling Fri Jul 20 01:57:02 UTC 2018
------------------ testing $PTII/ptolemy/domains/de/test/auto/dynamicCausalityInterface1.xml
auto.tcl: Setting watchdog for 200 seconds at Fri Jul 20 01:57:02 UTC 2018
1 ms. Memory: 646144K Free: 612585K (95%)
ptolemy.util.test.WatchDog.cancel(): canceling Fri Jul 20 01:57:02 UTC 2018
auto.tcl: Setting watchdog for 200 seconds at Fri Jul 20 01:57:02 UTC 2018
1 ms. Memory: 646144K Free: 612585K (95%)
ptolemy.util.test.WatchDog.cancel(): canceling Fri Jul 20 01:57:02 UTC 2018
------------------ testing $PTII/ptolemy/domains/de/test/auto/fsm_de_test.xml
auto.tcl: Setting watchdog for 200 seconds at Fri Jul 20 01:57:02 UTC 2018
6 ms. Memory: 648192K Free: 623142K (96%)
ptolemy.util.test.WatchDog.cancel(): canceling Fri Jul 20 01:57:02 UTC 2018
auto.tcl: Setting watchdog for 200 seconds at Fri Jul 20 01:57:02 UTC 2018
6 ms. Memory: 648192K Free: 614520K (95%)
ptolemy.util.test.WatchDog.cancel(): canceling Fri Jul 20 01:57:02 UTC 2018
------------------ testing $PTII/ptolemy/domains/de/test/auto/functionDependencyReconstruction.xml
auto.tcl: Setting watchdog for 200 seconds at Fri Jul 20 01:57:02 UTC 2018
3 ms. Memory: 646144K Free: 612471K (95%)
ptolemy.util.test.WatchDog.cancel(): canceling Fri Jul 20 01:57:02 UTC 2018
auto.tcl: Setting watchdog for 200 seconds at Fri Jul 20 01:57:02 UTC 2018
3 ms. Memory: 646144K Free: 603848K (93%)
ptolemy.util.test.WatchDog.cancel(): canceling Fri Jul 20 01:57:02 UTC 2018
------------------ testing $PTII/ptolemy/domains/de/test/auto/multirate.xml
auto.tcl: Setting watchdog for 200 seconds at Fri Jul 20 01:57:02 UTC 2018
3 ms. Memory: 648192K Free: 623009K (96%)
ptolemy.util.test.WatchDog.cancel(): canceling Fri Jul 20 01:57:02 UTC 2018
auto.tcl: Setting watchdog for 200 seconds at Fri Jul 20 01:57:02 UTC 2018
4 ms. Memory: 648192K Free: 623009K (96%)
ptolemy.util.test.WatchDog.cancel(): canceling Fri Jul 20 01:57:02 UTC 2018
------------------ testing $PTII/ptolemy/domains/de/test/auto/multirate2.xml
auto.tcl: Setting watchdog for 200 seconds at Fri Jul 20 01:57:02 UTC 2018
6 ms. Memory: 646144K Free: 621150K (96%)
ptolemy.util.test.WatchDog.cancel(): canceling Fri Jul 20 01:57:02 UTC 2018
auto.tcl: Setting watchdog for 200 seconds at Fri Jul 20 01:57:02 UTC 2018
4 ms. Memory: 646144K Free: 621150K (96%)
ptolemy.util.test.WatchDog.cancel(): canceling Fri Jul 20 01:57:02 UTC 2018
------------------ testing $PTII/ptolemy/domains/de/test/auto/realtime.xml
auto.tcl: Setting watchdog for 200 seconds at Fri Jul 20 01:57:02 UTC 2018
10001 ms. Memory: 647680K Free: 622652K (96%)
ptolemy.util.test.WatchDog.cancel(): canceling Fri Jul 20 01:57:12 UTC 2018
auto.tcl: Setting watchdog for 200 seconds at Fri Jul 20 01:57:12 UTC 2018
10002 ms. Memory: 647680K Free: 622652K (96%)
ptolemy.util.test.WatchDog.cancel(): canceling Fri Jul 20 01:57:22 UTC 2018
------------------ testing $PTII/ptolemy/domains/de/test/auto/relationGroup.xml
auto.tcl: Setting watchdog for 200 seconds at Fri Jul 20 01:57:22 UTC 2018
1 ms. Memory: 646144K Free: 621174K (96%)
ptolemy.util.test.WatchDog.cancel(): canceling Fri Jul 20 01:57:22 UTC 2018
auto.tcl: Setting watchdog for 200 seconds at Fri Jul 20 01:57:22 UTC 2018
1 ms. Memory: 646144K Free: 621174K (96%)
ptolemy.util.test.WatchDog.cancel(): canceling Fri Jul 20 01:57:22 UTC 2018
------------------ testing $PTII/ptolemy/domains/de/test/auto/relationGroup2.xml
auto.tcl: Setting watchdog for 200 seconds at Fri Jul 20 01:57:22 UTC 2018
1 ms. Memory: 647680K Free: 622737K (96%)
ptolemy.util.test.WatchDog.cancel(): canceling Fri Jul 20 01:57:22 UTC 2018
auto.tcl: Setting watchdog for 200 seconds at Fri Jul 20 01:57:22 UTC 2018
1 ms. Memory: 647680K Free: 622737K (96%)
ptolemy.util.test.WatchDog.cancel(): canceling Fri Jul 20 01:57:22 UTC 2018
------------------ testing $PTII/ptolemy/domains/de/test/auto/sortWithOpaquePorts.xml
auto.tcl: Setting watchdog for 200 seconds at Fri Jul 20 01:57:22 UTC 2018
1 ms. Memory: 646144K Free: 621202K (96%)
ptolemy.util.test.WatchDog.cancel(): canceling Fri Jul 20 01:57:22 UTC 2018
auto.tcl: Setting watchdog for 200 seconds at Fri Jul 20 01:57:22 UTC 2018
1 ms. Memory: 646144K Free: 621202K (96%)
ptolemy.util.test.WatchDog.cancel(): canceling Fri Jul 20 01:57:22 UTC 2018
------------------ testing $PTII/ptolemy/domains/de/test/auto/transferInputsandOutputs.xml
auto.tcl: Setting watchdog for 200 seconds at Fri Jul 20 01:57:22 UTC 2018
2 ms. Memory: 647168K Free: 622213K (96%)
ptolemy.util.test.WatchDog.cancel(): canceling Fri Jul 20 01:57:22 UTC 2018
auto.tcl: Setting watchdog for 200 seconds at Fri Jul 20 01:57:22 UTC 2018
2 ms. Memory: 647168K Free: 622213K (96%)
ptolemy.util.test.WatchDog.cancel(): canceling Fri Jul 20 01:57:22 UTC 2018
------------------ testing $PTII/ptolemy/domains/de/test/auto/triggerType.xml
auto.tcl: Setting watchdog for 200 seconds at Fri Jul 20 01:57:22 UTC 2018
2 ms. Memory: 646144K Free: 621140K (96%)
ptolemy.util.test.WatchDog.cancel(): canceling Fri Jul 20 01:57:22 UTC 2018
auto.tcl: Setting watchdog for 200 seconds at Fri Jul 20 01:57:22 UTC 2018
2 ms. Memory: 646144K Free: 621140K (96%)
ptolemy.util.test.WatchDog.cancel(): canceling Fri Jul 20 01:57:22 UTC 2018
07/20/18 01:57:22
Failed: 0  Total Tests: 192  ((Passed: 187, Newly Passed: 1)  Known Failed: 5) /home/travis/build/icyphy/ptII/ptolemy/domains/de/test
07/20/18 01:57:22
Failed: 0  Total Tests: 192  ((Passed: 187, Newly Passed: 1)  Known Failed: 5) /home/travis/build/icyphy/ptII/ptolemy/domains/de/test
----------------- testing (KnownFailure) /home/travis/build/icyphy/ptII/ptolemy/domains/de/test/auto/knownFailedTests/DESDFClockTest.xml
2016 ms. Memory: 647168K Free: 610891K (94%)
Known Failure: java.lang.reflect.InvocationTargetException
----------------- testing (KnownFailure) /home/travis/build/icyphy/ptII/ptolemy/domains/de/test/auto/knownFailedTests/DirectFeedback.xml
1 ms. Memory: 647168K Free: 565712K (87%)
Known Failure: java.lang.reflect.InvocationTargetException
----------------- testing (KnownFailure) /home/travis/build/icyphy/ptII/ptolemy/domains/de/test/auto/knownFailedTests/FSMSource.xml
5 ms. Memory: 647168K Free: 520532K (80%)
----------------- testing (KnownFailure) /home/travis/build/icyphy/ptII/ptolemy/domains/de/test/auto/knownFailedTests/HierarchicalModel.xml
2 ms. Memory: 647168K Free: 486632K (75%)
Known Failure: java.lang.reflect.InvocationTargetException
----------------- testing (KnownFailure) /home/travis/build/icyphy/ptII/ptolemy/domains/de/test/auto/knownFailedTests/dependencyLoop.xml
3 ms. Memory: 647168K Free: 430142K (66%)
Known Failure: java.lang.reflect.InvocationTargetException
----------------- testing (KnownFailure) /home/travis/build/icyphy/ptII/ptolemy/domains/de/test/auto/knownFailedTests/dependencyLoop2.xml
3 ms. Memory: 647168K Free: 373652K (58%)
Known Failure: java.lang.reflect.InvocationTargetException
No auto/linux-amd64/*.xml tests in /home/travis/build/icyphy/ptII/ptolemy/domains/de/test
AutoTests.java: About to close Vertx.
AutoTests.java: Vertx closed.

===========================================================================================
----------------- testing Fri Jul 20 01:57:24 UTC 2018 /home/travis/build/icyphy/ptII/ptolemy/domains/de/test/auto/ActorDepthCalculation_actorWithoutPorts.xml
----------------- Instantiating /home/travis/build/icyphy/ptII/ptolemy/domains/de/test/auto/ActorDepthCalculation_actorWithoutPorts.xml
1 ms. Memory: 647168K Free: 317178K (49%)
----------------- Invoking toplevel() on ptolemy.moml.MoMLSimpleApplication@762e082
----------------- Done invoking toplevel() on ptolemy.moml.MoMLSimpleApplication@762e082
reloadAllAccessors: .ActorDepthCalculation_actorWithoutPorts

===========================================================================================
----------------- testing Fri Jul 20 01:57:24 UTC 2018 /home/travis/build/icyphy/ptII/ptolemy/domains/de/test/auto/AssemblyLine.xml
----------------- Instantiating /home/travis/build/icyphy/ptII/ptolemy/domains/de/test/auto/AssemblyLine.xml
1 ms. Memory: 647168K Free: 294589K (46%)
----------------- Invoking toplevel() on ptolemy.moml.MoMLSimpleApplication@627bd758
----------------- Done invoking toplevel() on ptolemy.moml.MoMLSimpleApplication@627bd758
reloadAllAccessors: .AssemblyLine

===========================================================================================
----------------- testing Fri Jul 20 01:57:25 UTC 2018 /home/travis/build/icyphy/ptII/ptolemy/domains/de/test/auto/CQBug1.xml
----------------- Instantiating /home/travis/build/icyphy/ptII/ptolemy/domains/de/test/auto/CQBug1.xml
1 ms. Memory: 647168K Free: 272000K (42%)
----------------- Invoking toplevel() on ptolemy.moml.MoMLSimpleApplication@330a6268
----------------- Done invoking toplevel() on ptolemy.moml.MoMLSimpleApplication@330a6268
reloadAllAccessors: .CQBug1

===========================================================================================
----------------- testing Fri Jul 20 01:57:25 UTC 2018 /home/travis/build/icyphy/ptII/ptolemy/domains/de/test/auto/CancelFireAt.xml
----------------- Instantiating /home/travis/build/icyphy/ptII/ptolemy/domains/de/test/auto/CancelFireAt.xml
1 ms. Memory: 647168K Free: 249410K (39%)
----------------- Invoking toplevel() on ptolemy.moml.MoMLSimpleApplication@1ccea609
----------------- Done invoking toplevel() on ptolemy.moml.MoMLSimpleApplication@1ccea609
reloadAllAccessors: .CancelFireAt

===========================================================================================
----------------- testing Fri Jul 20 01:57:25 UTC 2018 /home/travis/build/icyphy/ptII/ptolemy/domains/de/test/auto/CausalityAndComposabilityAnalysis.xml
----------------- Instantiating /home/travis/build/icyphy/ptII/ptolemy/domains/de/test/auto/CausalityAndComposabilityAnalysis.xml
1 ms. Memory: 647168K Free: 226821K (35%)
----------------- Invoking toplevel() on ptolemy.moml.MoMLSimpleApplication@6f50fffb
----------------- Done invoking toplevel() on ptolemy.moml.MoMLSimpleApplication@6f50fffb
reloadAllAccessors: .CausalityAndComposabilityAnalysis

===========================================================================================
----------------- testing Fri Jul 20 01:57:25 UTC 2018 /home/travis/build/icyphy/ptII/ptolemy/domains/de/test/auto/CausalityInterface1.xml
----------------- Instantiating /home/travis/build/icyphy/ptII/ptolemy/domains/de/test/auto/CausalityInterface1.xml
2 ms. Memory: 647168K Free: 204231K (32%)
----------------- Invoking toplevel() on ptolemy.moml.MoMLSimpleApplication@2a183ef9
----------------- Done invoking toplevel() on ptolemy.moml.MoMLSimpleApplication@2a183ef9
reloadAllAccessors: .CausalityInterface1

===========================================================================================
----------------- testing Fri Jul 20 01:57:25 UTC 2018 /home/travis/build/icyphy/ptII/ptolemy/domains/de/test/auto/CausalityInterface15.xml
----------------- Instantiating /home/travis/build/icyphy/ptII/ptolemy/domains/de/test/auto/CausalityInterface15.xml
1 ms. Memory: 647168K Free: 181642K (28%)
----------------- Invoking toplevel() on ptolemy.moml.MoMLSimpleApplication@3955db2
----------------- Done invoking toplevel() on ptolemy.moml.MoMLSimpleApplication@3955db2
reloadAllAccessors: .CausalityInterface15

===========================================================================================
----------------- testing Fri Jul 20 01:57:25 UTC 2018 /home/travis/build/icyphy/ptII/ptolemy/domains/de/test/auto/CausalityInterface2.xml
----------------- Instantiating /home/travis/build/icyphy/ptII/ptolemy/domains/de/test/auto/CausalityInterface2.xml
1 ms. Memory: 647168K Free: 159052K (25%)
----------------- Invoking toplevel() on ptolemy.moml.MoMLSimpleApplication@17e955e1
----------------- Done invoking toplevel() on ptolemy.moml.MoMLSimpleApplication@17e955e1
reloadAllAccessors: .CausalityInterface2

===========================================================================================
----------------- testing Fri Jul 20 01:57:25 UTC 2018 /home/travis/build/icyphy/ptII/ptolemy/domains/de/test/auto/CausalityInterface3.xml
----------------- Instantiating /home/travis/build/icyphy/ptII/ptolemy/domains/de/test/auto/CausalityInterface3.xml
1 ms. Memory: 647168K Free: 136463K (21%)
----------------- Invoking toplevel() on ptolemy.moml.MoMLSimpleApplication@3cee1f42
----------------- Done invoking toplevel() on ptolemy.moml.MoMLSimpleApplication@3cee1f42
reloadAllAccessors: .CausalityInterface3

===========================================================================================
----------------- testing Fri Jul 20 01:57:25 UTC 2018 /home/travis/build/icyphy/ptII/ptolemy/domains/de/test/auto/ClockDrift.xml
----------------- Instantiating /home/travis/build/icyphy/ptII/ptolemy/domains/de/test/auto/ClockDrift.xml
8 ms. Memory: 647168K Free: 113873K (18%)
----------------- Invoking toplevel() on ptolemy.moml.MoMLSimpleApplication@4df7a59
----------------- Done invoking toplevel() on ptolemy.moml.MoMLSimpleApplication@4df7a59
reloadAllAccessors: .ClockDrift

===========================================================================================
----------------- testing Fri Jul 20 01:57:25 UTC 2018 /home/travis/build/icyphy/ptII/ptolemy/domains/de/test/auto/ClockDriftAndValueChange.xml
----------------- Instantiating /home/travis/build/icyphy/ptII/ptolemy/domains/de/test/auto/ClockDriftAndValueChange.xml
7 ms. Memory: 647168K Free: 91284K (14%)
----------------- Invoking toplevel() on ptolemy.moml.MoMLSimpleApplication@79703a11
----------------- Done invoking toplevel() on ptolemy.moml.MoMLSimpleApplication@79703a11
reloadAllAccessors: .ClockDriftAndValueChange

===========================================================================================
----------------- testing Fri Jul 20 01:57:25 UTC 2018 /home/travis/build/icyphy/ptII/ptolemy/domains/de/test/auto/ClockDriftChange.xml
----------------- Instantiating /home/travis/build/icyphy/ptII/ptolemy/domains/de/test/auto/ClockDriftChange.xml
7 ms. Memory: 647168K Free: 77383K (12%)
----------------- Invoking toplevel() on ptolemy.moml.MoMLSimpleApplication@6599297c
----------------- Done invoking toplevel() on ptolemy.moml.MoMLSimpleApplication@6599297c
reloadAllAccessors: .ClockDriftChange

===========================================================================================
----------------- testing Fri Jul 20 01:57:25 UTC 2018 /home/travis/build/icyphy/ptII/ptolemy/domains/de/test/auto/ComposableCausalityAnalysis.xml
----------------- Instantiating /home/travis/build/icyphy/ptII/ptolemy/domains/de/test/auto/ComposableCausalityAnalysis.xml
2 ms. Memory: 619520K Free: 592681K (96%)
----------------- Invoking toplevel() on ptolemy.moml.MoMLSimpleApplication@4a31b9b0
----------------- Done invoking toplevel() on ptolemy.moml.MoMLSimpleApplication@4a31b9b0
reloadAllAccessors: .ComposableCausalityAnalysis

===========================================================================================
----------------- testing Fri Jul 20 01:57:25 UTC 2018 /home/travis/build/icyphy/ptII/ptolemy/domains/de/test/auto/DEFixedPointLimitation.xml
----------------- Instantiating /home/travis/build/icyphy/ptII/ptolemy/domains/de/test/auto/DEFixedPointLimitation.xml
1 ms. Memory: 619520K Free: 565826K (91%)
----------------- Invoking toplevel() on ptolemy.moml.MoMLSimpleApplication@1ecef84
----------------- Done invoking toplevel() on ptolemy.moml.MoMLSimpleApplication@1ecef84
reloadAllAccessors: .DEFixedPointLimitation

===========================================================================================
----------------- testing Fri Jul 20 01:57:25 UTC 2018 /home/travis/build/icyphy/ptII/ptolemy/domains/de/test/auto/DEScheduleTest.xml
----------------- Instantiating /home/travis/build/icyphy/ptII/ptolemy/domains/de/test/auto/DEScheduleTest.xml
1 ms. Memory: 619520K Free: 544302K (88%)
----------------- Invoking toplevel() on ptolemy.moml.MoMLSimpleApplication@23a0905d
----------------- Done invoking toplevel() on ptolemy.moml.MoMLSimpleApplication@23a0905d
reloadAllAccessors: .DEScheduleTest

===========================================================================================
----------------- testing Fri Jul 20 01:57:25 UTC 2018 /home/travis/build/icyphy/ptII/ptolemy/domains/de/test/auto/DEinDEwithStartTimes.xml
----------------- Instantiating /home/travis/build/icyphy/ptII/ptolemy/domains/de/test/auto/DEinDEwithStartTimes.xml
2 ms. Memory: 619520K Free: 522777K (84%)
----------------- Invoking toplevel() on ptolemy.moml.MoMLSimpleApplication@6c8d590
----------------- Done invoking toplevel() on ptolemy.moml.MoMLSimpleApplication@6c8d590
reloadAllAccessors: .DEinDEwithStartTimes

===========================================================================================
----------------- testing Fri Jul 20 01:57:25 UTC 2018 /home/travis/build/icyphy/ptII/ptolemy/domains/de/test/auto/DEinDEwithStartTimes2.xml
----------------- Instantiating /home/travis/build/icyphy/ptII/ptolemy/domains/de/test/auto/DEinDEwithStartTimes2.xml
2 ms. Memory: 619520K Free: 501233K (81%)
----------------- Invoking toplevel() on ptolemy.moml.MoMLSimpleApplication@1b3d38b3
----------------- Done invoking toplevel() on ptolemy.moml.MoMLSimpleApplication@1b3d38b3
reloadAllAccessors: .DEinDEwithStartTimes2

===========================================================================================
----------------- testing Fri Jul 20 01:57:25 UTC 2018 /home/travis/build/icyphy/ptII/ptolemy/domains/de/test/auto/DateDemo.xml
----------------- Instantiating /home/travis/build/icyphy/ptII/ptolemy/domains/de/test/auto/DateDemo.xml
3 ms. Memory: 619520K Free: 479708K (77%)
----------------- Invoking toplevel() on ptolemy.moml.MoMLSimpleApplication@6cd191b2
----------------- Done invoking toplevel() on ptolemy.moml.MoMLSimpleApplication@6cd191b2
reloadAllAccessors: .DateDemo

===========================================================================================
----------------- testing Fri Jul 20 01:57:25 UTC 2018 /home/travis/build/icyphy/ptII/ptolemy/domains/de/test/auto/DateToEvent.xml
----------------- Instantiating /home/travis/build/icyphy/ptII/ptolemy/domains/de/test/auto/DateToEvent.xml
2003 ms. Memory: 619520K Free: 447406K (72%)
----------------- Invoking toplevel() on ptolemy.moml.MoMLSimpleApplication@6f6a0c5c
----------------- Done invoking toplevel() on ptolemy.moml.MoMLSimpleApplication@6f6a0c5c
reloadAllAccessors: .DateToEvent

===========================================================================================
----------------- testing Fri Jul 20 01:57:27 UTC 2018 /home/travis/build/icyphy/ptII/ptolemy/domains/de/test/auto/DepthTest1.xml
----------------- Instantiating /home/travis/build/icyphy/ptII/ptolemy/domains/de/test/auto/DepthTest1.xml
1 ms. Memory: 619520K Free: 425881K (69%)
----------------- Invoking toplevel() on ptolemy.moml.MoMLSimpleApplication@24b0df60
----------------- Done invoking toplevel() on ptolemy.moml.MoMLSimpleApplication@24b0df60
reloadAllAccessors: .DepthTest1

===========================================================================================
----------------- testing Fri Jul 20 01:57:27 UTC 2018 /home/travis/build/icyphy/ptII/ptolemy/domains/de/test/auto/DepthTest2.xml
----------------- Instantiating /home/travis/build/icyphy/ptII/ptolemy/domains/de/test/auto/DepthTest2.xml
1 ms. Memory: 619520K Free: 404357K (65%)
----------------- Invoking toplevel() on ptolemy.moml.MoMLSimpleApplication@7699c135
----------------- Done invoking toplevel() on ptolemy.moml.MoMLSimpleApplication@7699c135
reloadAllAccessors: .DepthTest2

===========================================================================================
----------------- testing Fri Jul 20 01:57:27 UTC 2018 /home/travis/build/icyphy/ptII/ptolemy/domains/de/test/auto/DepthTest3.xml
----------------- Instantiating /home/travis/build/icyphy/ptII/ptolemy/domains/de/test/auto/DepthTest3.xml
1 ms. Memory: 619520K Free: 382832K (62%)
----------------- Invoking toplevel() on ptolemy.moml.MoMLSimpleApplication@25cdb737
----------------- Done invoking toplevel() on ptolemy.moml.MoMLSimpleApplication@25cdb737
reloadAllAccessors: .DepthTest3

===========================================================================================
----------------- testing Fri Jul 20 01:57:27 UTC 2018 /home/travis/build/icyphy/ptII/ptolemy/domains/de/test/auto/DepthTest4.xml
----------------- Instantiating /home/travis/build/icyphy/ptII/ptolemy/domains/de/test/auto/DepthTest4.xml
1 ms. Memory: 619520K Free: 361308K (58%)
----------------- Invoking toplevel() on ptolemy.moml.MoMLSimpleApplication@345f7b1f
----------------- Done invoking toplevel() on ptolemy.moml.MoMLSimpleApplication@345f7b1f
reloadAllAccessors: .DepthTest4

===========================================================================================
----------------- testing Fri Jul 20 01:57:27 UTC 2018 /home/travis/build/icyphy/ptII/ptolemy/domains/de/test/auto/DepthTest5.xml
----------------- Instantiating /home/travis/build/icyphy/ptII/ptolemy/domains/de/test/auto/DepthTest5.xml
1 ms. Memory: 619520K Free: 339783K (55%)
----------------- Invoking toplevel() on ptolemy.moml.MoMLSimpleApplication@376d6a74
----------------- Done invoking toplevel() on ptolemy.moml.MoMLSimpleApplication@376d6a74
reloadAllAccessors: .DepthTest5

===========================================================================================
----------------- testing Fri Jul 20 01:57:27 UTC 2018 /home/travis/build/icyphy/ptII/ptolemy/domains/de/test/auto/DepthTest6.xml
----------------- Instantiating /home/travis/build/icyphy/ptII/ptolemy/domains/de/test/auto/DepthTest6.xml
1 ms. Memory: 619520K Free: 312928K (51%)
----------------- Invoking toplevel() on ptolemy.moml.MoMLSimpleApplication@41fcc3d6
----------------- Done invoking toplevel() on ptolemy.moml.MoMLSimpleApplication@41fcc3d6
reloadAllAccessors: .DepthTest6

===========================================================================================
----------------- testing Fri Jul 20 01:57:27 UTC 2018 /home/travis/build/icyphy/ptII/ptolemy/domains/de/test/auto/DepthTest7.xml
----------------- Instantiating /home/travis/build/icyphy/ptII/ptolemy/domains/de/test/auto/DepthTest7.xml
1 ms. Memory: 619520K Free: 291403K (47%)
----------------- Invoking toplevel() on ptolemy.moml.MoMLSimpleApplication@7f427489
----------------- Done invoking toplevel() on ptolemy.moml.MoMLSimpleApplication@7f427489
reloadAllAccessors: .DepthTest7

===========================================================================================
----------------- testing Fri Jul 20 01:57:27 UTC 2018 /home/travis/build/icyphy/ptII/ptolemy/domains/de/test/auto/EventToDate.xml
----------------- Instantiating /home/travis/build/icyphy/ptII/ptolemy/domains/de/test/auto/EventToDate.xml
3003 ms. Memory: 619520K Free: 259117K (42%)
----------------- Invoking toplevel() on ptolemy.moml.MoMLSimpleApplication@29f969b2
----------------- Done invoking toplevel() on ptolemy.moml.MoMLSimpleApplication@29f969b2
reloadAllAccessors: .EventToDate

===========================================================================================
----------------- testing Fri Jul 20 01:57:30 UTC 2018 /home/travis/build/icyphy/ptII/ptolemy/domains/de/test/auto/FSM1.xml
----------------- Instantiating /home/travis/build/icyphy/ptII/ptolemy/domains/de/test/auto/FSM1.xml
12 ms. Memory: 619520K Free: 237592K (38%)
----------------- Invoking toplevel() on ptolemy.moml.MoMLSimpleApplication@7989b3ca
----------------- Done invoking toplevel() on ptolemy.moml.MoMLSimpleApplication@7989b3ca
reloadAllAccessors: .FSM1

===========================================================================================
----------------- testing Fri Jul 20 01:57:30 UTC 2018 /home/travis/build/icyphy/ptII/ptolemy/domains/de/test/auto/FSM7.xml
----------------- Instantiating /home/travis/build/icyphy/ptII/ptolemy/domains/de/test/auto/FSM7.xml
6 ms. Memory: 619520K Free: 216068K (35%)
----------------- Invoking toplevel() on ptolemy.moml.MoMLSimpleApplication@48fdf1c7
----------------- Done invoking toplevel() on ptolemy.moml.MoMLSimpleApplication@48fdf1c7
reloadAllAccessors: .FSM7

===========================================================================================
----------------- testing Fri Jul 20 01:57:30 UTC 2018 /home/travis/build/icyphy/ptII/ptolemy/domains/de/test/auto/Inspection.xml
----------------- Instantiating /home/travis/build/icyphy/ptII/ptolemy/domains/de/test/auto/Inspection.xml
7 ms. Memory: 619520K Free: 183773K (30%)
----------------- Invoking toplevel() on ptolemy.moml.MoMLSimpleApplication@55d16227
----------------- Done invoking toplevel() on ptolemy.moml.MoMLSimpleApplication@55d16227
reloadAllAccessors: .Inspection

===========================================================================================
----------------- testing Fri Jul 20 01:57:30 UTC 2018 /home/travis/build/icyphy/ptII/ptolemy/domains/de/test/auto/Iteration.xml
----------------- Instantiating /home/travis/build/icyphy/ptII/ptolemy/domains/de/test/auto/Iteration.xml
3 ms. Memory: 619520K Free: 162248K (26%)
----------------- Invoking toplevel() on ptolemy.moml.MoMLSimpleApplication@5711df4c
----------------- Done invoking toplevel() on ptolemy.moml.MoMLSimpleApplication@5711df4c
reloadAllAccessors: .Iteration

===========================================================================================
----------------- testing Fri Jul 20 01:57:30 UTC 2018 /home/travis/build/icyphy/ptII/ptolemy/domains/de/test/auto/LineFault.xml
----------------- Instantiating /home/travis/build/icyphy/ptII/ptolemy/domains/de/test/auto/LineFault.xml
314 ms. Memory: 595456K Free: 546358K (92%)
----------------- Invoking toplevel() on ptolemy.moml.MoMLSimpleApplication@75a8b2bb
----------------- Done invoking toplevel() on ptolemy.moml.MoMLSimpleApplication@75a8b2bb
reloadAllAccessors: .LineFault

===========================================================================================
----------------- testing Fri Jul 20 01:57:30 UTC 2018 /home/travis/build/icyphy/ptII/ptolemy/domains/de/test/auto/MergeModel1Add.xml
----------------- Instantiating /home/travis/build/icyphy/ptII/ptolemy/domains/de/test/auto/MergeModel1Add.xml
4 ms. Memory: 595456K Free: 511552K (86%)
----------------- Invoking toplevel() on ptolemy.moml.MoMLSimpleApplication@64f64b33
----------------- Done invoking toplevel() on ptolemy.moml.MoMLSimpleApplication@64f64b33
reloadAllAccessors: .MergeModel1Add

===========================================================================================
----------------- testing Fri Jul 20 01:57:30 UTC 2018 /home/travis/build/icyphy/ptII/ptolemy/domains/de/test/auto/MergeModel2Add.xml
----------------- Instantiating /home/travis/build/icyphy/ptII/ptolemy/domains/de/test/auto/MergeModel2Add.xml
3 ms. Memory: 595456K Free: 485869K (82%)
----------------- Invoking toplevel() on ptolemy.moml.MoMLSimpleApplication@53f531c0
----------------- Done invoking toplevel() on ptolemy.moml.MoMLSimpleApplication@53f531c0
reloadAllAccessors: .MergeModel2Add

===========================================================================================
----------------- testing Fri Jul 20 01:57:30 UTC 2018 /home/travis/build/icyphy/ptII/ptolemy/domains/de/test/auto/MergeModel3Add.xml
----------------- Instantiating /home/travis/build/icyphy/ptII/ptolemy/domains/de/test/auto/MergeModel3Add.xml
5 ms. Memory: 595456K Free: 460181K (77%)
----------------- Invoking toplevel() on ptolemy.moml.MoMLSimpleApplication@7c1b9f2c
----------------- Done invoking toplevel() on ptolemy.moml.MoMLSimpleApplication@7c1b9f2c
reloadAllAccessors: .MergeModel3Add

===========================================================================================
----------------- testing Fri Jul 20 01:57:30 UTC 2018 /home/travis/build/icyphy/ptII/ptolemy/domains/de/test/auto/MergeWithoutDiscard.xml
----------------- Instantiating /home/travis/build/icyphy/ptII/ptolemy/domains/de/test/auto/MergeWithoutDiscard.xml
1 ms. Memory: 595456K Free: 449921K (76%)
----------------- Invoking toplevel() on ptolemy.moml.MoMLSimpleApplication@17574aaf
----------------- Done invoking toplevel() on ptolemy.moml.MoMLSimpleApplication@17574aaf
reloadAllAccessors: .MergeWithoutDiscard

===========================================================================================
----------------- testing Fri Jul 20 01:57:30 UTC 2018 /home/travis/build/icyphy/ptII/ptolemy/domains/de/test/auto/Modal1.xml
----------------- Instantiating /home/travis/build/icyphy/ptII/ptolemy/domains/de/test/auto/Modal1.xml
5 ms. Memory: 595456K Free: 434514K (73%)
----------------- Invoking toplevel() on ptolemy.moml.MoMLSimpleApplication@63fd0738
----------------- Done invoking toplevel() on ptolemy.moml.MoMLSimpleApplication@63fd0738
reloadAllAccessors: .Modal1

===========================================================================================
----------------- testing Fri Jul 20 01:57:30 UTC 2018 /home/travis/build/icyphy/ptII/ptolemy/domains/de/test/auto/Modal2.xml
----------------- Instantiating /home/travis/build/icyphy/ptII/ptolemy/domains/de/test/auto/Modal2.xml
5 ms. Memory: 595456K Free: 419107K (70%)
----------------- Invoking toplevel() on ptolemy.moml.MoMLSimpleApplication@2ca48533
----------------- Done invoking toplevel() on ptolemy.moml.MoMLSimpleApplication@2ca48533
reloadAllAccessors: .Modal2

===========================================================================================
----------------- testing Fri Jul 20 01:57:31 UTC 2018 /home/travis/build/icyphy/ptII/ptolemy/domains/de/test/auto/Modal3.xml
----------------- Instantiating /home/travis/build/icyphy/ptII/ptolemy/domains/de/test/auto/Modal3.xml
7 ms. Memory: 595456K Free: 400316K (67%)
----------------- Invoking toplevel() on ptolemy.moml.MoMLSimpleApplication@6c62f5f2
----------------- Done invoking toplevel() on ptolemy.moml.MoMLSimpleApplication@6c62f5f2
reloadAllAccessors: .Modal3

===========================================================================================
----------------- testing Fri Jul 20 01:57:31 UTC 2018 /home/travis/build/icyphy/ptII/ptolemy/domains/de/test/auto/Modal4.xml
----------------- Instantiating /home/travis/build/icyphy/ptII/ptolemy/domains/de/test/auto/Modal4.xml
7 ms. Memory: 595456K Free: 384925K (65%)
----------------- Invoking toplevel() on ptolemy.moml.MoMLSimpleApplication@440beead
----------------- Done invoking toplevel() on ptolemy.moml.MoMLSimpleApplication@440beead
reloadAllAccessors: .Modal4

===========================================================================================
----------------- testing Fri Jul 20 01:57:31 UTC 2018 /home/travis/build/icyphy/ptII/ptolemy/domains/de/test/auto/Modal5.xml
----------------- Instantiating /home/travis/build/icyphy/ptII/ptolemy/domains/de/test/auto/Modal5.xml
7 ms. Memory: 595456K Free: 369518K (62%)
----------------- Invoking toplevel() on ptolemy.moml.MoMLSimpleApplication@5dca25ea
----------------- Done invoking toplevel() on ptolemy.moml.MoMLSimpleApplication@5dca25ea
reloadAllAccessors: .Modal5

===========================================================================================
----------------- testing Fri Jul 20 01:57:31 UTC 2018 /home/travis/build/icyphy/ptII/ptolemy/domains/de/test/auto/Modal6.xml
----------------- Instantiating /home/travis/build/icyphy/ptII/ptolemy/domains/de/test/auto/Modal6.xml
8 ms. Memory: 595456K Free: 354128K (59%)
----------------- Invoking toplevel() on ptolemy.moml.MoMLSimpleApplication@52c204b8
----------------- Done invoking toplevel() on ptolemy.moml.MoMLSimpleApplication@52c204b8
reloadAllAccessors: .Modal6

===========================================================================================
----------------- testing Fri Jul 20 01:57:31 UTC 2018 /home/travis/build/icyphy/ptII/ptolemy/domains/de/test/auto/Modal7.xml
----------------- Instantiating /home/travis/build/icyphy/ptII/ptolemy/domains/de/test/auto/Modal7.xml
6 ms. Memory: 595456K Free: 333583K (56%)
----------------- Invoking toplevel() on ptolemy.moml.MoMLSimpleApplication@550d3e3e
----------------- Done invoking toplevel() on ptolemy.moml.MoMLSimpleApplication@550d3e3e
reloadAllAccessors: .Modal7

===========================================================================================
----------------- testing Fri Jul 20 01:57:31 UTC 2018 /home/travis/build/icyphy/ptII/ptolemy/domains/de/test/auto/ModalModel.xml
----------------- Instantiating /home/travis/build/icyphy/ptII/ptolemy/domains/de/test/auto/ModalModel.xml
100 ms. Memory: 595456K Free: 261647K (44%)
----------------- Invoking toplevel() on ptolemy.moml.MoMLSimpleApplication@655ebdfe
----------------- Done invoking toplevel() on ptolemy.moml.MoMLSimpleApplication@655ebdfe
reloadAllAccessors: .ModalModel

===========================================================================================
----------------- testing Fri Jul 20 01:57:31 UTC 2018 /home/travis/build/icyphy/ptII/ptolemy/domains/de/test/auto/ModalSource.xml
----------------- Instantiating /home/travis/build/icyphy/ptII/ptolemy/domains/de/test/auto/ModalSource.xml
3 ms. Memory: 595456K Free: 246240K (41%)
----------------- Invoking toplevel() on ptolemy.moml.MoMLSimpleApplication@5e0ea7a9
----------------- Done invoking toplevel() on ptolemy.moml.MoMLSimpleApplication@5e0ea7a9
reloadAllAccessors: .ModalSource

===========================================================================================
----------------- testing Fri Jul 20 01:57:31 UTC 2018 /home/travis/build/icyphy/ptII/ptolemy/domains/de/test/auto/NonInterruptibleTimerZeroDelay.xml
----------------- Instantiating /home/travis/build/icyphy/ptII/ptolemy/domains/de/test/auto/NonInterruptibleTimerZeroDelay.xml
1 ms. Memory: 595456K Free: 232595K (39%)
----------------- Invoking toplevel() on ptolemy.moml.MoMLSimpleApplication@779975b7
----------------- Done invoking toplevel() on ptolemy.moml.MoMLSimpleApplication@779975b7
reloadAllAccessors: .NonInterruptibleTimerZeroDelay

===========================================================================================
----------------- testing Fri Jul 20 01:57:31 UTC 2018 /home/travis/build/icyphy/ptII/ptolemy/domains/de/test/auto/OpenQueueingNetwork.xml
----------------- Instantiating /home/travis/build/icyphy/ptII/ptolemy/domains/de/test/auto/OpenQueueingNetwork.xml
1713 ms. Memory: 571392K Free: 103422K (18%)
----------------- Invoking toplevel() on ptolemy.moml.MoMLSimpleApplication@57c917f9
----------------- Done invoking toplevel() on ptolemy.moml.MoMLSimpleApplication@57c917f9
reloadAllAccessors: .OpenQueueingNetwork

===========================================================================================
----------------- testing Fri Jul 20 01:57:33 UTC 2018 /home/travis/build/icyphy/ptII/ptolemy/domains/de/test/auto/OpenQueuingNetwork.xml
----------------- Instantiating /home/travis/build/icyphy/ptII/ptolemy/domains/de/test/auto/OpenQueuingNetwork.xml
252 ms. Memory: 548352K Free: 473932K (86%)
----------------- Invoking toplevel() on ptolemy.moml.MoMLSimpleApplication@7e87020b
----------------- Done invoking toplevel() on ptolemy.moml.MoMLSimpleApplication@7e87020b
reloadAllAccessors: .OpenQueuingNetwork

===========================================================================================
----------------- testing Fri Jul 20 01:57:33 UTC 2018 /home/travis/build/icyphy/ptII/ptolemy/domains/de/test/auto/PeriodicSampler.xml
----------------- Instantiating /home/travis/build/icyphy/ptII/ptolemy/domains/de/test/auto/PeriodicSampler.xml
2 ms. Memory: 548352K Free: 466366K (85%)
----------------- Invoking toplevel() on ptolemy.moml.MoMLSimpleApplication@776c519c
----------------- Done invoking toplevel() on ptolemy.moml.MoMLSimpleApplication@776c519c
reloadAllAccessors: .PeriodicSampler

===========================================================================================
----------------- testing Fri Jul 20 01:57:33 UTC 2018 /home/travis/build/icyphy/ptII/ptolemy/domains/de/test/auto/PersistentIO.xml
----------------- Instantiating /home/travis/build/icyphy/ptII/ptolemy/domains/de/test/auto/PersistentIO.xml
3 ms. Memory: 548352K Free: 453928K (83%)
----------------- Invoking toplevel() on ptolemy.moml.MoMLSimpleApplication@449ef0e5
----------------- Done invoking toplevel() on ptolemy.moml.MoMLSimpleApplication@449ef0e5
reloadAllAccessors: .PersistentIO

===========================================================================================
----------------- testing Fri Jul 20 01:57:33 UTC 2018 /home/travis/build/icyphy/ptII/ptolemy/domains/de/test/auto/PortParameterResetOnInitialize.xml
----------------- Instantiating /home/travis/build/icyphy/ptII/ptolemy/domains/de/test/auto/PortParameterResetOnInitialize.xml
1 ms. Memory: 548352K Free: 443244K (81%)
----------------- Invoking toplevel() on ptolemy.moml.MoMLSimpleApplication@75229d53
----------------- Done invoking toplevel() on ptolemy.moml.MoMLSimpleApplication@75229d53
reloadAllAccessors: .PortParameterResetOnInitialize

===========================================================================================
----------------- testing Fri Jul 20 01:57:33 UTC 2018 /home/travis/build/icyphy/ptII/ptolemy/domains/de/test/auto/PortParameterUpdates.xml
----------------- Instantiating /home/travis/build/icyphy/ptII/ptolemy/domains/de/test/auto/PortParameterUpdates.xml
3 ms. Memory: 548352K Free: 433899K (79%)
----------------- Invoking toplevel() on ptolemy.moml.MoMLSimpleApplication@10ee245b
----------------- Done invoking toplevel() on ptolemy.moml.MoMLSimpleApplication@10ee245b
reloadAllAccessors: .PortParameterUpdates

===========================================================================================
----------------- testing Fri Jul 20 01:57:33 UTC 2018 /home/travis/build/icyphy/ptII/ptolemy/domains/de/test/auto/QueueAndServer.xml
----------------- Instantiating /home/travis/build/icyphy/ptII/ptolemy/domains/de/test/auto/QueueAndServer.xml
5 ms. Memory: 548352K Free: 424555K (77%)
----------------- Invoking toplevel() on ptolemy.moml.MoMLSimpleApplication@6d123d85
----------------- Done invoking toplevel() on ptolemy.moml.MoMLSimpleApplication@6d123d85
reloadAllAccessors: .QueueAndServer

===========================================================================================
----------------- testing Fri Jul 20 01:57:33 UTC 2018 /home/travis/build/icyphy/ptII/ptolemy/domains/de/test/auto/Records.xml
----------------- Instantiating /home/travis/build/icyphy/ptII/ptolemy/domains/de/test/auto/Records.xml
2 ms. Memory: 548352K Free: 413880K (75%)
----------------- Invoking toplevel() on ptolemy.moml.MoMLSimpleApplication@187d3bfb
----------------- Done invoking toplevel() on ptolemy.moml.MoMLSimpleApplication@187d3bfb
reloadAllAccessors: .Records

===========================================================================================
----------------- testing Fri Jul 20 01:57:33 UTC 2018 /home/travis/build/icyphy/ptII/ptolemy/domains/de/test/auto/ResetTransitionWithStartTime1.xml
----------------- Instantiating /home/travis/build/icyphy/ptII/ptolemy/domains/de/test/auto/ResetTransitionWithStartTime1.xml
6 ms. Memory: 548352K Free: 401417K (73%)
----------------- Invoking toplevel() on ptolemy.moml.MoMLSimpleApplication@24b02aa8
----------------- Done invoking toplevel() on ptolemy.moml.MoMLSimpleApplication@24b02aa8
reloadAllAccessors: .ResetTransitionWithStartTime1

===========================================================================================
----------------- testing Fri Jul 20 01:57:33 UTC 2018 /home/travis/build/icyphy/ptII/ptolemy/domains/de/test/auto/ResetTransitionWithStartTime2.xml
----------------- Instantiating /home/travis/build/icyphy/ptII/ptolemy/domains/de/test/auto/ResetTransitionWithStartTime2.xml
4 ms. Memory: 548352K Free: 387616K (71%)
----------------- Invoking toplevel() on ptolemy.moml.MoMLSimpleApplication@821e776
----------------- Done invoking toplevel() on ptolemy.moml.MoMLSimpleApplication@821e776
reloadAllAccessors: .ResetTransitionWithStartTime2

===========================================================================================
----------------- testing Fri Jul 20 01:57:33 UTC 2018 /home/travis/build/icyphy/ptII/ptolemy/domains/de/test/auto/ResetTransitionWithStartTime3.xml
----------------- Instantiating /home/travis/build/icyphy/ptII/ptolemy/domains/de/test/auto/ResetTransitionWithStartTime3.xml
4 ms. Memory: 548352K Free: 375162K (68%)
----------------- Invoking toplevel() on ptolemy.moml.MoMLSimpleApplication@5fc484b0
----------------- Done invoking toplevel() on ptolemy.moml.MoMLSimpleApplication@5fc484b0
reloadAllAccessors: .ResetTransitionWithStartTime3

===========================================================================================
----------------- testing Fri Jul 20 01:57:33 UTC 2018 /home/travis/build/icyphy/ptII/ptolemy/domains/de/test/auto/ResetTransitionWithStartTime4.xml
----------------- Instantiating /home/travis/build/icyphy/ptII/ptolemy/domains/de/test/auto/ResetTransitionWithStartTime4.xml
3 ms. Memory: 548352K Free: 362699K (66%)
----------------- Invoking toplevel() on ptolemy.moml.MoMLSimpleApplication@4177c11d
----------------- Done invoking toplevel() on ptolemy.moml.MoMLSimpleApplication@4177c11d
reloadAllAccessors: .ResetTransitionWithStartTime4

===========================================================================================
----------------- testing Fri Jul 20 01:57:33 UTC 2018 /home/travis/build/icyphy/ptII/ptolemy/domains/de/test/auto/ResettableTimer1.xml
----------------- Instantiating /home/travis/build/icyphy/ptII/ptolemy/domains/de/test/auto/ResettableTimer1.xml
2 ms. Memory: 548352K Free: 355133K (65%)
----------------- Invoking toplevel() on ptolemy.moml.MoMLSimpleApplication@686e9
----------------- Done invoking toplevel() on ptolemy.moml.MoMLSimpleApplication@686e9
reloadAllAccessors: .ResettableTimer1

===========================================================================================
----------------- testing Fri Jul 20 01:57:33 UTC 2018 /home/travis/build/icyphy/ptII/ptolemy/domains/de/test/auto/ResettableTimer2.xml
----------------- Instantiating /home/travis/build/icyphy/ptII/ptolemy/domains/de/test/auto/ResettableTimer2.xml
2 ms. Memory: 548352K Free: 345789K (63%)
----------------- Invoking toplevel() on ptolemy.moml.MoMLSimpleApplication@9e82a71
----------------- Done invoking toplevel() on ptolemy.moml.MoMLSimpleApplication@9e82a71
reloadAllAccessors: .ResettableTimer2

===========================================================================================
----------------- testing Fri Jul 20 01:57:33 UTC 2018 /home/travis/build/icyphy/ptII/ptolemy/domains/de/test/auto/ResettableTimer3.xml
----------------- Instantiating /home/travis/build/icyphy/ptII/ptolemy/domains/de/test/auto/ResettableTimer3.xml
1 ms. Memory: 548352K Free: 336444K (61%)
----------------- Invoking toplevel() on ptolemy.moml.MoMLSimpleApplication@78fc1569
----------------- Done invoking toplevel() on ptolemy.moml.MoMLSimpleApplication@78fc1569
reloadAllAccessors: .ResettableTimer3

===========================================================================================
----------------- testing Fri Jul 20 01:57:33 UTC 2018 /home/travis/build/icyphy/ptII/ptolemy/domains/de/test/auto/ResettableTimer4.xml
----------------- Instantiating /home/travis/build/icyphy/ptII/ptolemy/domains/de/test/auto/ResettableTimer4.xml
1 ms. Memory: 548352K Free: 325752K (59%)
----------------- Invoking toplevel() on ptolemy.moml.MoMLSimpleApplication@1df60119
----------------- Done invoking toplevel() on ptolemy.moml.MoMLSimpleApplication@1df60119
reloadAllAccessors: .ResettableTimer4

===========================================================================================
----------------- testing Fri Jul 20 01:57:33 UTC 2018 /home/travis/build/icyphy/ptII/ptolemy/domains/de/test/auto/ResettableTimer5.xml
----------------- Instantiating /home/travis/build/icyphy/ptII/ptolemy/domains/de/test/auto/ResettableTimer5.xml
2 ms. Memory: 548352K Free: 316408K (58%)
----------------- Invoking toplevel() on ptolemy.moml.MoMLSimpleApplication@12843fc0
----------------- Done invoking toplevel() on ptolemy.moml.MoMLSimpleApplication@12843fc0
reloadAllAccessors: .ResettableTimer5

===========================================================================================
----------------- testing Fri Jul 20 01:57:33 UTC 2018 /home/travis/build/icyphy/ptII/ptolemy/domains/de/test/auto/ResettableTimer6.xml
----------------- Instantiating /home/travis/build/icyphy/ptII/ptolemy/domains/de/test/auto/ResettableTimer6.xml
2 ms. Memory: 548352K Free: 305716K (56%)
----------------- Invoking toplevel() on ptolemy.moml.MoMLSimpleApplication@3c5738f8
----------------- Done invoking toplevel() on ptolemy.moml.MoMLSimpleApplication@3c5738f8
reloadAllAccessors: .ResettableTimer6

===========================================================================================
----------------- testing Fri Jul 20 01:57:33 UTC 2018 /home/travis/build/icyphy/ptII/ptolemy/domains/de/test/auto/ServerZeroDelay.xml
----------------- Instantiating /home/travis/build/icyphy/ptII/ptolemy/domains/de/test/auto/ServerZeroDelay.xml
2 ms. Memory: 548352K Free: 299497K (55%)
----------------- Invoking toplevel() on ptolemy.moml.MoMLSimpleApplication@4b7df15f
----------------- Done invoking toplevel() on ptolemy.moml.MoMLSimpleApplication@4b7df15f
reloadAllAccessors: .ServerZeroDelay

===========================================================================================
----------------- testing Fri Jul 20 01:57:33 UTC 2018 /home/travis/build/icyphy/ptII/ptolemy/domains/de/test/auto/SmartSender.xml
----------------- Instantiating /home/travis/build/icyphy/ptII/ptolemy/domains/de/test/auto/SmartSender.xml
3000 ms. Memory: 548352K Free: 290153K (53%)
----------------- Invoking toplevel() on ptolemy.moml.MoMLSimpleApplication@14d94a6a
----------------- Done invoking toplevel() on ptolemy.moml.MoMLSimpleApplication@14d94a6a
reloadAllAccessors: .SmartSender

===========================================================================================
----------------- testing Fri Jul 20 01:57:36 UTC 2018 /home/travis/build/icyphy/ptII/ptolemy/domains/de/test/auto/ThreadedComposite.xml
----------------- Instantiating /home/travis/build/icyphy/ptII/ptolemy/domains/de/test/auto/ThreadedComposite.xml
129 ms. Memory: 548352K Free: 260803K (48%)
----------------- Invoking toplevel() on ptolemy.moml.MoMLSimpleApplication@2822792d
----------------- Done invoking toplevel() on ptolemy.moml.MoMLSimpleApplication@2822792d
reloadAllAccessors: .ThreadedComposite

===========================================================================================
----------------- testing Fri Jul 20 01:57:36 UTC 2018 /home/travis/build/icyphy/ptII/ptolemy/domains/de/test/auto/Time.xml
----------------- Instantiating /home/travis/build/icyphy/ptII/ptolemy/domains/de/test/auto/Time.xml
467 ms. Memory: 548352K Free: 204831K (37%)
----------------- Invoking toplevel() on ptolemy.moml.MoMLSimpleApplication@59c6486f
----------------- Done invoking toplevel() on ptolemy.moml.MoMLSimpleApplication@59c6486f
reloadAllAccessors: .Time

===========================================================================================
----------------- testing Fri Jul 20 01:57:37 UTC 2018 /home/travis/build/icyphy/ptII/ptolemy/domains/de/test/auto/TimeDelayZeroDelay.xml
----------------- Instantiating /home/travis/build/icyphy/ptII/ptolemy/domains/de/test/auto/TimeDelayZeroDelay.xml
1 ms. Memory: 548352K Free: 197265K (36%)
----------------- Invoking toplevel() on ptolemy.moml.MoMLSimpleApplication@4cc1f127
----------------- Done invoking toplevel() on ptolemy.moml.MoMLSimpleApplication@4cc1f127
reloadAllAccessors: .TimeDelayZeroDelay

===========================================================================================
----------------- testing Fri Jul 20 01:57:37 UTC 2018 /home/travis/build/icyphy/ptII/ptolemy/domains/de/test/auto/TimerZeroDelay.xml
----------------- Instantiating /home/travis/build/icyphy/ptII/ptolemy/domains/de/test/auto/TimerZeroDelay.xml
1 ms. Memory: 548352K Free: 191046K (35%)
----------------- Invoking toplevel() on ptolemy.moml.MoMLSimpleApplication@7d95b704
----------------- Done invoking toplevel() on ptolemy.moml.MoMLSimpleApplication@7d95b704
reloadAllAccessors: .TimerZeroDelay

===========================================================================================
----------------- testing Fri Jul 20 01:57:37 UTC 2018 /home/travis/build/icyphy/ptII/ptolemy/domains/de/test/auto/TimingParadox.xml
----------------- Instantiating /home/travis/build/icyphy/ptII/ptolemy/domains/de/test/auto/TimingParadox.xml
330 ms. Memory: 548352K Free: 122568K (22%)
----------------- Invoking toplevel() on ptolemy.moml.MoMLSimpleApplication@2c9e98fe
----------------- Done invoking toplevel() on ptolemy.moml.MoMLSimpleApplication@2c9e98fe
reloadAllAccessors: .TimingParadox

===========================================================================================
----------------- testing Fri Jul 20 01:57:37 UTC 2018 /home/travis/build/icyphy/ptII/ptolemy/domains/de/test/auto/TransferInputs.xml
----------------- Instantiating /home/travis/build/icyphy/ptII/ptolemy/domains/de/test/auto/TransferInputs.xml
2 ms. Memory: 548352K Free: 111876K (20%)
----------------- Invoking toplevel() on ptolemy.moml.MoMLSimpleApplication@48a11b73
----------------- Done invoking toplevel() on ptolemy.moml.MoMLSimpleApplication@48a11b73
reloadAllAccessors: .TransferInputs

===========================================================================================
----------------- testing Fri Jul 20 01:57:37 UTC 2018 /home/travis/build/icyphy/ptII/ptolemy/domains/de/test/auto/TransferOutputs2.xml
----------------- Instantiating /home/travis/build/icyphy/ptII/ptolemy/domains/de/test/auto/TransferOutputs2.xml
2 ms. Memory: 548352K Free: 99406K (18%)
----------------- Invoking toplevel() on ptolemy.moml.MoMLSimpleApplication@204a0a2f
----------------- Done invoking toplevel() on ptolemy.moml.MoMLSimpleApplication@204a0a2f
reloadAllAccessors: .TransferOutputs2

===========================================================================================
----------------- testing Fri Jul 20 01:57:37 UTC 2018 /home/travis/build/icyphy/ptII/ptolemy/domains/de/test/auto/Trilateration.xml
----------------- Instantiating /home/travis/build/icyphy/ptII/ptolemy/domains/de/test/auto/Trilateration.xml
11823 ms. Memory: 408576K Free: 264338K (65%)
----------------- Invoking toplevel() on ptolemy.moml.MoMLSimpleApplication@59c4f993
----------------- Done invoking toplevel() on ptolemy.moml.MoMLSimpleApplication@59c4f993
reloadAllAccessors: .Trilateration

===========================================================================================
----------------- testing Fri Jul 20 01:57:50 UTC 2018 /home/travis/build/icyphy/ptII/ptolemy/domains/de/test/auto/TwoSigmaDelta.xml
----------------- Instantiating /home/travis/build/icyphy/ptII/ptolemy/domains/de/test/auto/TwoSigmaDelta.xml
2168 ms. Memory: 388608K Free: 276031K (71%)
----------------- Invoking toplevel() on ptolemy.moml.MoMLSimpleApplication@583c3ec5
----------------- Done invoking toplevel() on ptolemy.moml.MoMLSimpleApplication@583c3ec5
reloadAllAccessors: .TwoSigmaDelta

===========================================================================================
----------------- testing Fri Jul 20 01:57:52 UTC 2018 /home/travis/build/icyphy/ptII/ptolemy/domains/de/test/auto/VariableDelay.xml
----------------- Instantiating /home/travis/build/icyphy/ptII/ptolemy/domains/de/test/auto/VariableDelay.xml
3 ms. Memory: 388608K Free: 262731K (68%)
----------------- Invoking toplevel() on ptolemy.moml.MoMLSimpleApplication@1f07b44a
----------------- Done invoking toplevel() on ptolemy.moml.MoMLSimpleApplication@1f07b44a
reloadAllAccessors: .VariableDelay

===========================================================================================
----------------- testing Fri Jul 20 01:57:52 UTC 2018 /home/travis/build/icyphy/ptII/ptolemy/domains/de/test/auto/VariableDelay2.xml
----------------- Instantiating /home/travis/build/icyphy/ptII/ptolemy/domains/de/test/auto/VariableDelay2.xml
2 ms. Memory: 388608K Free: 253099K (65%)
----------------- Invoking toplevel() on ptolemy.moml.MoMLSimpleApplication@78672b91
----------------- Done invoking toplevel() on ptolemy.moml.MoMLSimpleApplication@78672b91
reloadAllAccessors: .VariableDelay2

===========================================================================================
----------------- testing Fri Jul 20 01:57:52 UTC 2018 /home/travis/build/icyphy/ptII/ptolemy/domains/de/test/auto/VariableDelayZeroDelay.xml
----------------- Instantiating /home/travis/build/icyphy/ptII/ptolemy/domains/de/test/auto/VariableDelayZeroDelay.xml
2 ms. Memory: 388608K Free: 246549K (63%)
----------------- Invoking toplevel() on ptolemy.moml.MoMLSimpleApplication@300d12ea
----------------- Done invoking toplevel() on ptolemy.moml.MoMLSimpleApplication@300d12ea
reloadAllAccessors: .VariableDelayZeroDelay

===========================================================================================
----------------- testing Fri Jul 20 01:57:52 UTC 2018 /home/travis/build/icyphy/ptII/ptolemy/domains/de/test/auto/VariableDelayZeroDelay2.xml
----------------- Instantiating /home/travis/build/icyphy/ptII/ptolemy/domains/de/test/auto/VariableDelayZeroDelay2.xml
2 ms. Memory: 388608K Free: 236516K (61%)
----------------- Invoking toplevel() on ptolemy.moml.MoMLSimpleApplication@6f098251
----------------- Done invoking toplevel() on ptolemy.moml.MoMLSimpleApplication@6f098251
reloadAllAccessors: .VariableDelayZeroDelay2

===========================================================================================
----------------- testing Fri Jul 20 01:57:52 UTC 2018 /home/travis/build/icyphy/ptII/ptolemy/domains/de/test/auto/deInCt.xml
----------------- Instantiating /home/travis/build/icyphy/ptII/ptolemy/domains/de/test/auto/deInCt.xml
0
1
1
1
1
0
0
1
1
1
0
0
0
1
1
0
0
0
0
0
1
1
1
0
0
0
0
1
1
1
0
0
0
0
1
1
0
0
0
0
9 ms. Memory: 388608K Free: 226883K (58%)
----------------- Invoking toplevel() on ptolemy.moml.MoMLSimpleApplication@78eedee
----------------- Done invoking toplevel() on ptolemy.moml.MoMLSimpleApplication@78eedee
reloadAllAccessors: .deInCt

===========================================================================================
----------------- testing Fri Jul 20 01:57:52 UTC 2018 /home/travis/build/icyphy/ptII/ptolemy/domains/de/test/auto/deInCt2.xml
----------------- Instantiating /home/travis/build/icyphy/ptII/ptolemy/domains/de/test/auto/deInCt2.xml
0
1
1
1
0
0
1
1
1
0
0
1
1
1
0
0
1
1
1
0
0
1
1
1
0
0
1
1
1
0
0
1
1
1
0
0
1
1
1
0
0
0
10 ms. Memory: 388608K Free: 217259K (56%)
----------------- Invoking toplevel() on ptolemy.moml.MoMLSimpleApplication@7c7ccc56
----------------- Done invoking toplevel() on ptolemy.moml.MoMLSimpleApplication@7c7ccc56
reloadAllAccessors: .deInCt2

===========================================================================================
----------------- testing Fri Jul 20 01:57:52 UTC 2018 /home/travis/build/icyphy/ptII/ptolemy/domains/de/test/auto/dynamicCausalityInterface1.xml
----------------- Instantiating /home/travis/build/icyphy/ptII/ptolemy/domains/de/test/auto/dynamicCausalityInterface1.xml
1 ms. Memory: 388608K Free: 204143K (53%)
----------------- Invoking toplevel() on ptolemy.moml.MoMLSimpleApplication@76faedda
----------------- Done invoking toplevel() on ptolemy.moml.MoMLSimpleApplication@76faedda
reloadAllAccessors: .dynamicCausalityInterface1

===========================================================================================
----------------- testing Fri Jul 20 01:57:52 UTC 2018 /home/travis/build/icyphy/ptII/ptolemy/domains/de/test/auto/fsm_de_test.xml
----------------- Instantiating /home/travis/build/icyphy/ptII/ptolemy/domains/de/test/auto/fsm_de_test.xml
5 ms. Memory: 388608K Free: 191441K (49%)
----------------- Invoking toplevel() on ptolemy.moml.MoMLSimpleApplication@67a99e36
----------------- Done invoking toplevel() on ptolemy.moml.MoMLSimpleApplication@67a99e36
reloadAllAccessors: .fsm_de_test

===========================================================================================
----------------- testing Fri Jul 20 01:57:52 UTC 2018 /home/travis/build/icyphy/ptII/ptolemy/domains/de/test/auto/functionDependencyReconstruction.xml
----------------- Instantiating /home/travis/build/icyphy/ptII/ptolemy/domains/de/test/auto/functionDependencyReconstruction.xml
3 ms. Memory: 388608K Free: 172600K (44%)
----------------- Invoking toplevel() on ptolemy.moml.MoMLSimpleApplication@1e427950
----------------- Done invoking toplevel() on ptolemy.moml.MoMLSimpleApplication@1e427950
reloadAllAccessors: .functionDependencyReconstruction

===========================================================================================
----------------- testing Fri Jul 20 01:57:52 UTC 2018 /home/travis/build/icyphy/ptII/ptolemy/domains/de/test/auto/multirate.xml
----------------- Instantiating /home/travis/build/icyphy/ptII/ptolemy/domains/de/test/auto/multirate.xml
3 ms. Memory: 388608K Free: 162551K (42%)
----------------- Invoking toplevel() on ptolemy.moml.MoMLSimpleApplication@4e5d7370
----------------- Done invoking toplevel() on ptolemy.moml.MoMLSimpleApplication@4e5d7370
reloadAllAccessors: .multirate

===========================================================================================
----------------- testing Fri Jul 20 01:57:52 UTC 2018 /home/travis/build/icyphy/ptII/ptolemy/domains/de/test/auto/multirate2.xml
----------------- Instantiating /home/travis/build/icyphy/ptII/ptolemy/domains/de/test/auto/multirate2.xml
3 ms. Memory: 388608K Free: 152926K (39%)
----------------- Invoking toplevel() on ptolemy.moml.MoMLSimpleApplication@419248ee
----------------- Done invoking toplevel() on ptolemy.moml.MoMLSimpleApplication@419248ee
reloadAllAccessors: .multirate2

===========================================================================================
----------------- testing Fri Jul 20 01:57:52 UTC 2018 /home/travis/build/icyphy/ptII/ptolemy/domains/de/test/auto/realtime.xml
----------------- Instantiating /home/travis/build/icyphy/ptII/ptolemy/domains/de/test/auto/realtime.xml
10002 ms. Memory: 388608K Free: 143301K (37%)
----------------- Invoking toplevel() on ptolemy.moml.MoMLSimpleApplication@75eba6c0
----------------- Done invoking toplevel() on ptolemy.moml.MoMLSimpleApplication@75eba6c0
reloadAllAccessors: .realtime

===========================================================================================
----------------- testing Fri Jul 20 01:58:02 UTC 2018 /home/travis/build/icyphy/ptII/ptolemy/domains/de/test/auto/relationGroup.xml
----------------- Instantiating /home/travis/build/icyphy/ptII/ptolemy/domains/de/test/auto/relationGroup.xml
2 ms. Memory: 388608K Free: 136335K (35%)
----------------- Invoking toplevel() on ptolemy.moml.MoMLSimpleApplication@753c86c1
----------------- Done invoking toplevel() on ptolemy.moml.MoMLSimpleApplication@753c86c1
reloadAllAccessors: .relationGroup

===========================================================================================
----------------- testing Fri Jul 20 01:58:02 UTC 2018 /home/travis/build/icyphy/ptII/ptolemy/domains/de/test/auto/relationGroup2.xml
----------------- Instantiating /home/travis/build/icyphy/ptII/ptolemy/domains/de/test/auto/relationGroup2.xml
1 ms. Memory: 388608K Free: 129785K (33%)
----------------- Invoking toplevel() on ptolemy.moml.MoMLSimpleApplication@6f93e592
----------------- Done invoking toplevel() on ptolemy.moml.MoMLSimpleApplication@6f93e592
reloadAllAccessors: .relationGroup2

===========================================================================================
----------------- testing Fri Jul 20 01:58:03 UTC 2018 /home/travis/build/icyphy/ptII/ptolemy/domains/de/test/auto/sortWithOpaquePorts.xml
----------------- Instantiating /home/travis/build/icyphy/ptII/ptolemy/domains/de/test/auto/sortWithOpaquePorts.xml
1 ms. Memory: 388608K Free: 120153K (31%)
----------------- Invoking toplevel() on ptolemy.moml.MoMLSimpleApplication@ae2be62
----------------- Done invoking toplevel() on ptolemy.moml.MoMLSimpleApplication@ae2be62
reloadAllAccessors: .sortWithOpaquePorts

===========================================================================================
----------------- testing Fri Jul 20 01:58:03 UTC 2018 /home/travis/build/icyphy/ptII/ptolemy/domains/de/test/auto/transferInputsandOutputs.xml
----------------- Instantiating /home/travis/build/icyphy/ptII/ptolemy/domains/de/test/auto/transferInputsandOutputs.xml
2 ms. Memory: 388608K Free: 110104K (28%)
----------------- Invoking toplevel() on ptolemy.moml.MoMLSimpleApplication@29a54bf0
----------------- Done invoking toplevel() on ptolemy.moml.MoMLSimpleApplication@29a54bf0
reloadAllAccessors: .transferInputsandOutputs

===========================================================================================
----------------- testing Fri Jul 20 01:58:03 UTC 2018 /home/travis/build/icyphy/ptII/ptolemy/domains/de/test/auto/triggerType.xml
----------------- Instantiating /home/travis/build/icyphy/ptII/ptolemy/domains/de/test/auto/triggerType.xml
1 ms. Memory: 388608K Free: 100471K (26%)
----------------- Invoking toplevel() on ptolemy.moml.MoMLSimpleApplication@10973333
----------------- Done invoking toplevel() on ptolemy.moml.MoMLSimpleApplication@10973333
reloadAllAccessors: .triggerType
AutoTests.java: About to close Vertx.
AutoTests.java: Vertx closed.
]]></system-out>
  <system-err><![CDATA[java.lang.RuntimeException: Execution failed
	at ptolemy.moml.MoMLSimpleApplication$UnloadThread.run(MoMLSimpleApplication.java:402)
Caused by: ptolemy.kernel.util.IllegalActionException: Found a zero delay loop containing .dependencyLoop.original
  in .dependencyLoop and .dependencyLoop.original
	at ptolemy.actor.util.CausalityInterfaceForComposites._computeOutputPortDepth(CausalityInterfaceForComposites.java:759)
	at ptolemy.actor.util.CausalityInterfaceForComposites._computeInputDepth(CausalityInterfaceForComposites.java:696)
	at ptolemy.actor.util.CausalityInterfaceForComposites._computeOutputPortDepth(CausalityInterfaceForComposites.java:765)
	at ptolemy.actor.util.CausalityInterfaceForComposites._computeInputDepth(CausalityInterfaceForComposites.java:696)
	at ptolemy.actor.util.CausalityInterfaceForComposites._computeOutputPortDepth(CausalityInterfaceForComposites.java:765)
	at ptolemy.actor.util.CausalityInterfaceForComposites._computeInputDepth(CausalityInterfaceForComposites.java:696)
	at ptolemy.actor.util.CausalityInterfaceForComposites._computeActorDepth(CausalityInterfaceForComposites.java:532)
	at ptolemy.actor.util.CausalityInterfaceForComposites.checkForCycles(CausalityInterfaceForComposites.java:96)
	at ptolemy.domains.de.kernel.DEDirector.preinitialize(DEDirector.java:1338)
	at ptolemy.actor.CompositeActor.preinitialize(CompositeActor.java:1828)
	at ptolemy.actor.Manager.preinitializeAndResolveTypes(Manager.java:1040)
	at ptolemy.actor.Manager.initialize(Manager.java:710)
	at ptolemy.actor.Manager.execute(Manager.java:356)
	at ptolemy.actor.Manager.run(Manager.java:1263)
	at ptolemy.actor.Manager$PtolemyRunThread.run(Manager.java:1915)
java.lang.RuntimeException: Execution failed
	at ptolemy.moml.MoMLSimpleApplication$UnloadThread.run(MoMLSimpleApplication.java:402)
Caused by: ptolemy.kernel.util.IllegalActionException: Found a zero delay loop containing .dependencyLoop2.original
  in .dependencyLoop2 and .dependencyLoop2.original
	at ptolemy.actor.util.CausalityInterfaceForComposites._computeOutputPortDepth(CausalityInterfaceForComposites.java:759)
	at ptolemy.actor.util.CausalityInterfaceForComposites._computeInputDepth(CausalityInterfaceForComposites.java:696)
	at ptolemy.actor.util.CausalityInterfaceForComposites._computeOutputPortDepth(CausalityInterfaceForComposites.java:765)
	at ptolemy.actor.util.CausalityInterfaceForComposites._computeInputDepth(CausalityInterfaceForComposites.java:696)
	at ptolemy.actor.util.CausalityInterfaceForComposites._computeOutputPortDepth(CausalityInterfaceForComposites.java:765)
	at ptolemy.actor.util.CausalityInterfaceForComposites._computeInputDepth(CausalityInterfaceForComposites.java:696)
	at ptolemy.actor.util.CausalityInterfaceForComposites._computeActorDepth(CausalityInterfaceForComposites.java:532)
	at ptolemy.actor.util.CausalityInterfaceForComposites.checkForCycles(CausalityInterfaceForComposites.java:96)
	at ptolemy.domains.de.kernel.DEDirector.preinitialize(DEDirector.java:1338)
	at ptolemy.actor.CompositeActor.preinitialize(CompositeActor.java:1828)
	at ptolemy.actor.Manager.preinitializeAndResolveTypes(Manager.java:1040)
	at ptolemy.actor.Manager.initialize(Manager.java:710)
	at ptolemy.actor.Manager.execute(Manager.java:356)
	at ptolemy.actor.Manager.run(Manager.java:1263)
	at ptolemy.actor.Manager$PtolemyRunThread.run(Manager.java:1915)
java.lang.RuntimeException: Execution failed
	at ptolemy.moml.MoMLSimpleApplication$UnloadThread.run(MoMLSimpleApplication.java:402)
Caused by: ptolemy.kernel.util.IllegalActionException: Found a zero delay loop containing .dependencyLoop.original
  in .dependencyLoop and .dependencyLoop.original
	at ptolemy.actor.util.CausalityInterfaceForComposites._computeOutputPortDepth(CausalityInterfaceForComposites.java:759)
	at ptolemy.actor.util.CausalityInterfaceForComposites._computeInputDepth(CausalityInterfaceForComposites.java:696)
	at ptolemy.actor.util.CausalityInterfaceForComposites._computeOutputPortDepth(CausalityInterfaceForComposites.java:765)
	at ptolemy.actor.util.CausalityInterfaceForComposites._computeInputDepth(CausalityInterfaceForComposites.java:696)
	at ptolemy.actor.util.CausalityInterfaceForComposites._computeOutputPortDepth(CausalityInterfaceForComposites.java:765)
	at ptolemy.actor.util.CausalityInterfaceForComposites._computeInputDepth(CausalityInterfaceForComposites.java:696)
	at ptolemy.actor.util.CausalityInterfaceForComposites._computeActorDepth(CausalityInterfaceForComposites.java:532)
	at ptolemy.actor.util.CausalityInterfaceForComposites.checkForCycles(CausalityInterfaceForComposites.java:96)
	at ptolemy.domains.de.kernel.DEDirector.preinitialize(DEDirector.java:1338)
	at ptolemy.actor.CompositeActor.preinitialize(CompositeActor.java:1828)
	at ptolemy.actor.Manager.preinitializeAndResolveTypes(Manager.java:1040)
	at ptolemy.actor.Manager.initialize(Manager.java:710)
	at ptolemy.actor.Manager.execute(Manager.java:356)
	at ptolemy.actor.Manager.run(Manager.java:1263)
	at ptolemy.actor.Manager$PtolemyRunThread.run(Manager.java:1915)
java.lang.RuntimeException: Execution failed
	at ptolemy.moml.MoMLSimpleApplication$UnloadThread.run(MoMLSimpleApplication.java:402)
Caused by: ptolemy.kernel.util.IllegalActionException: Actor is not ready to fire.  Perhaps UpSample.prefire() returned false? Try debugging the actor by selecting "Listen to Actor".  Also, for SDF check moml for tokenConsumptionRate on input.
  in .DESDFClockTest.Play Bell.Copy1:SDF Director and .DESDFClockTest.Play Bell.UpSample
	at ptolemy.actor.sched.StaticSchedulingDirector.fire(StaticSchedulingDirector.java:227)
	at ptolemy.domains.sdf.kernel.SDFDirector.fire(SDFDirector.java:500)
	at ptolemy.actor.CompositeActor.fire(CompositeActor.java:455)
	at ptolemy.domains.de.kernel.DEDirector._fire(DEDirector.java:1949)
	at ptolemy.domains.de.kernel.DEDirector.fire(DEDirector.java:502)
	at ptolemy.actor.CompositeActor.fire(CompositeActor.java:455)
	at ptolemy.actor.Manager.iterate(Manager.java:851)
	at ptolemy.actor.Manager.execute(Manager.java:369)
	at ptolemy.actor.Manager.run(Manager.java:1263)
	at ptolemy.actor.Manager$PtolemyRunThread.run(Manager.java:1915)
java.lang.RuntimeException: Execution failed
	at ptolemy.moml.MoMLSimpleApplication$UnloadThread.run(MoMLSimpleApplication.java:402)
Caused by: ptolemy.kernel.util.IllegalActionException: Found a zero delay loop containing .dependencyLoop2.original
  in .dependencyLoop2 and .dependencyLoop2.original
	at ptolemy.actor.util.CausalityInterfaceForComposites._computeOutputPortDepth(CausalityInterfaceForComposites.java:759)
	at ptolemy.actor.util.CausalityInterfaceForComposites._computeInputDepth(CausalityInterfaceForComposites.java:696)
	at ptolemy.actor.util.CausalityInterfaceForComposites._computeOutputPortDepth(CausalityInterfaceForComposites.java:765)
	at ptolemy.actor.util.CausalityInterfaceForComposites._computeInputDepth(CausalityInterfaceForComposites.java:696)
	at ptolemy.actor.util.CausalityInterfaceForComposites._computeOutputPortDepth(CausalityInterfaceForComposites.java:765)
	at ptolemy.actor.util.CausalityInterfaceForComposites._computeInputDepth(CausalityInterfaceForComposites.java:696)
	at ptolemy.actor.util.CausalityInterfaceForComposites._computeActorDepth(CausalityInterfaceForComposites.java:532)
	at ptolemy.actor.util.CausalityInterfaceForComposites.checkForCycles(CausalityInterfaceForComposites.java:96)
	at ptolemy.domains.de.kernel.DEDirector.preinitialize(DEDirector.java:1338)
	at ptolemy.actor.CompositeActor.preinitialize(CompositeActor.java:1828)
	at ptolemy.actor.Manager.preinitializeAndResolveTypes(Manager.java:1040)
	at ptolemy.actor.Manager.initialize(Manager.java:710)
	at ptolemy.actor.Manager.execute(Manager.java:356)
	at ptolemy.actor.Manager.run(Manager.java:1263)
	at ptolemy.actor.Manager$PtolemyRunThread.run(Manager.java:1915)
java.lang.RuntimeException: Execution failed
	at ptolemy.moml.MoMLSimpleApplication$UnloadThread.run(MoMLSimpleApplication.java:402)
Caused by: ptolemy.kernel.util.IllegalActionException: Found a zero delay loop containing .HierarchicalModel.A
  in .HierarchicalModel and .HierarchicalModel.A
	at ptolemy.actor.util.CausalityInterfaceForComposites._computeOutputPortDepth(CausalityInterfaceForComposites.java:759)
	at ptolemy.actor.util.CausalityInterfaceForComposites._computeInputDepth(CausalityInterfaceForComposites.java:696)
	at ptolemy.actor.util.CausalityInterfaceForComposites._computeOutputPortDepth(CausalityInterfaceForComposites.java:765)
	at ptolemy.actor.util.CausalityInterfaceForComposites._computeInputDepth(CausalityInterfaceForComposites.java:696)
	at ptolemy.actor.util.CausalityInterfaceForComposites._computeOutputPortDepth(CausalityInterfaceForComposites.java:765)
	at ptolemy.actor.util.CausalityInterfaceForComposites._computeInputDepth(CausalityInterfaceForComposites.java:696)
	at ptolemy.actor.util.CausalityInterfaceForComposites._computeActorDepth(CausalityInterfaceForComposites.java:532)
	at ptolemy.actor.util.CausalityInterfaceForComposites.checkForCycles(CausalityInterfaceForComposites.java:96)
	at ptolemy.domains.de.kernel.DEDirector.preinitialize(DEDirector.java:1338)
	at ptolemy.actor.CompositeActor.preinitialize(CompositeActor.java:1828)
	at ptolemy.actor.Manager.preinitializeAndResolveTypes(Manager.java:1040)
	at ptolemy.actor.Manager.initialize(Manager.java:710)
	at ptolemy.actor.Manager.execute(Manager.java:356)
	at ptolemy.actor.Manager.run(Manager.java:1263)
	at ptolemy.actor.Manager$PtolemyRunThread.run(Manager.java:1915)
java.lang.RuntimeException: Execution failed
	at ptolemy.moml.MoMLSimpleApplication$UnloadThread.run(MoMLSimpleApplication.java:402)
Caused by: ptolemy.kernel.util.IllegalActionException: Test fails in iteration 1.
Value was: 1.0. Should have been: 2.0
  in .DirectFeedback.Test
	at ptolemy.actor.lib.Test.fire(Test.java:268)
	at ptolemy.domains.de.kernel.DEDirector._fire(DEDirector.java:1949)
	at ptolemy.domains.de.kernel.DEDirector.fire(DEDirector.java:502)
	at ptolemy.actor.CompositeActor.fire(CompositeActor.java:455)
	at ptolemy.actor.Manager.iterate(Manager.java:851)
	at ptolemy.actor.Manager.execute(Manager.java:369)
	at ptolemy.actor.Manager.run(Manager.java:1263)
	at ptolemy.actor.Manager$PtolemyRunThread.run(Manager.java:1915)
java.lang.RuntimeException: Execution failed
	at ptolemy.moml.MoMLSimpleApplication$UnloadThread.run(MoMLSimpleApplication.java:402)
Caused by: ptolemy.kernel.util.IllegalActionException: Actor is not ready to fire.  Perhaps UpSample.prefire() returned false? Try debugging the actor by selecting "Listen to Actor".  Also, for SDF check moml for tokenConsumptionRate on input.
  in .DESDFClockTest.Play Bell.Copy1:SDF Director and .DESDFClockTest.Play Bell.UpSample
	at ptolemy.actor.sched.StaticSchedulingDirector.fire(StaticSchedulingDirector.java:227)
	at ptolemy.domains.sdf.kernel.SDFDirector.fire(SDFDirector.java:500)
	at ptolemy.actor.CompositeActor.fire(CompositeActor.java:455)
	at ptolemy.domains.de.kernel.DEDirector._fire(DEDirector.java:1949)
	at ptolemy.domains.de.kernel.DEDirector.fire(DEDirector.java:502)
	at ptolemy.actor.CompositeActor.fire(CompositeActor.java:455)
	at ptolemy.actor.Manager.iterate(Manager.java:851)
	at ptolemy.actor.Manager.execute(Manager.java:369)
	at ptolemy.actor.Manager.run(Manager.java:1263)
	at ptolemy.actor.Manager$PtolemyRunThread.run(Manager.java:1915)
java.lang.reflect.InvocationTargetException
	at sun.reflect.NativeConstructorAccessorImpl.newInstance0(Native Method)
	at sun.reflect.NativeConstructorAccessorImpl.newInstance(NativeConstructorAccessorImpl.java:62)
	at sun.reflect.DelegatingConstructorAccessorImpl.newInstance(DelegatingConstructorAccessorImpl.java:45)
	at java.lang.reflect.Constructor.newInstance(Constructor.java:423)
	at ptolemy.util.test.junit.AutoKnownFailedTests.RunModel(AutoKnownFailedTests.java:107)
	at sun.reflect.NativeMethodAccessorImpl.invoke0(Native Method)
	at sun.reflect.NativeMethodAccessorImpl.invoke(NativeMethodAccessorImpl.java:62)
	at sun.reflect.DelegatingMethodAccessorImpl.invoke(DelegatingMethodAccessorImpl.java:43)
	at java.lang.reflect.Method.invoke(Method.java:498)
	at org.junit.runners.model.FrameworkMethod$1.runReflectiveCall(FrameworkMethod.java:44)
	at org.junit.internal.runners.model.ReflectiveCallable.run(ReflectiveCallable.java:15)
	at org.junit.runners.model.FrameworkMethod.invokeExplosively(FrameworkMethod.java:41)
	at junitparams.internal.InvokeParameterisedMethod.evaluate(InvokeParameterisedMethod.java:102)
	at org.junit.internal.runners.statements.FailOnTimeout$1.run(FailOnTimeout.java:28)
Caused by: ptolemy.kernel.util.IllegalActionException: Actor is not ready to fire.  Perhaps UpSample.prefire() returned false? Try debugging the actor by selecting "Listen to Actor".  Also, for SDF check moml for tokenConsumptionRate on input.
  in .DESDFClockTest.Play Bell.Copy1:SDF Director and .DESDFClockTest.Play Bell.UpSample
	at ptolemy.actor.sched.StaticSchedulingDirector.fire(StaticSchedulingDirector.java:227)
	at ptolemy.domains.sdf.kernel.SDFDirector.fire(SDFDirector.java:500)
	at ptolemy.actor.CompositeActor.fire(CompositeActor.java:455)
	at ptolemy.domains.de.kernel.DEDirector._fire(DEDirector.java:1949)
	at ptolemy.domains.de.kernel.DEDirector.fire(DEDirector.java:502)
	at ptolemy.actor.CompositeActor.fire(CompositeActor.java:455)
	at ptolemy.actor.Manager.iterate(Manager.java:851)
	at ptolemy.actor.Manager.execute(Manager.java:369)
	at ptolemy.actor.Manager.run(Manager.java:1263)
	at ptolemy.actor.Manager$PtolemyRunThread.run(Manager.java:1915)
java.lang.RuntimeException: Execution failed
	at ptolemy.moml.MoMLSimpleApplication$UnloadThread.run(MoMLSimpleApplication.java:402)
Caused by: ptolemy.kernel.util.IllegalActionException: Test fails in iteration 1.
Value was: 1.0. Should have been: 2.0
  in .DirectFeedback.Test
	at ptolemy.actor.lib.Test.fire(Test.java:268)
	at ptolemy.domains.de.kernel.DEDirector._fire(DEDirector.java:1949)
	at ptolemy.domains.de.kernel.DEDirector.fire(DEDirector.java:502)
	at ptolemy.actor.CompositeActor.fire(CompositeActor.java:455)
	at ptolemy.actor.Manager.iterate(Manager.java:851)
	at ptolemy.actor.Manager.execute(Manager.java:369)
	at ptolemy.actor.Manager.run(Manager.java:1263)
	at ptolemy.actor.Manager$PtolemyRunThread.run(Manager.java:1915)
java.lang.reflect.InvocationTargetException
	at sun.reflect.NativeConstructorAccessorImpl.newInstance0(Native Method)
	at sun.reflect.NativeConstructorAccessorImpl.newInstance(NativeConstructorAccessorImpl.java:62)
	at sun.reflect.DelegatingConstructorAccessorImpl.newInstance(DelegatingConstructorAccessorImpl.java:45)
	at java.lang.reflect.Constructor.newInstance(Constructor.java:423)
	at ptolemy.util.test.junit.AutoKnownFailedTests.RunModel(AutoKnownFailedTests.java:107)
	at sun.reflect.NativeMethodAccessorImpl.invoke0(Native Method)
	at sun.reflect.NativeMethodAccessorImpl.invoke(NativeMethodAccessorImpl.java:62)
	at sun.reflect.DelegatingMethodAccessorImpl.invoke(DelegatingMethodAccessorImpl.java:43)
	at java.lang.reflect.Method.invoke(Method.java:498)
	at org.junit.runners.model.FrameworkMethod$1.runReflectiveCall(FrameworkMethod.java:44)
	at org.junit.internal.runners.model.ReflectiveCallable.run(ReflectiveCallable.java:15)
	at org.junit.runners.model.FrameworkMethod.invokeExplosively(FrameworkMethod.java:41)
	at junitparams.internal.InvokeParameterisedMethod.evaluate(InvokeParameterisedMethod.java:102)
	at org.junit.internal.runners.statements.FailOnTimeout$1.run(FailOnTimeout.java:28)
Caused by: ptolemy.kernel.util.IllegalActionException: Test fails in iteration 1.
Value was: 1.0. Should have been: 2.0
  in .DirectFeedback.Test
	at ptolemy.actor.lib.Test.fire(Test.java:268)
	at ptolemy.domains.de.kernel.DEDirector._fire(DEDirector.java:1949)
	at ptolemy.domains.de.kernel.DEDirector.fire(DEDirector.java:502)
	at ptolemy.actor.CompositeActor.fire(CompositeActor.java:455)
	at ptolemy.actor.Manager.iterate(Manager.java:851)
	at ptolemy.actor.Manager.execute(Manager.java:369)
	at ptolemy.actor.Manager.run(Manager.java:1263)
	at ptolemy.actor.Manager$PtolemyRunThread.run(Manager.java:1915)
java.lang.RuntimeException: Execution failed
	at ptolemy.moml.MoMLSimpleApplication$UnloadThread.run(MoMLSimpleApplication.java:402)
Caused by: ptolemy.kernel.util.IllegalActionException: Found a zero delay loop containing .HierarchicalModel.A
  in .HierarchicalModel and .HierarchicalModel.A
	at ptolemy.actor.util.CausalityInterfaceForComposites._computeOutputPortDepth(CausalityInterfaceForComposites.java:759)
	at ptolemy.actor.util.CausalityInterfaceForComposites._computeInputDepth(CausalityInterfaceForComposites.java:696)
	at ptolemy.actor.util.CausalityInterfaceForComposites._computeOutputPortDepth(CausalityInterfaceForComposites.java:765)
	at ptolemy.actor.util.CausalityInterfaceForComposites._computeInputDepth(CausalityInterfaceForComposites.java:696)
	at ptolemy.actor.util.CausalityInterfaceForComposites._computeOutputPortDepth(CausalityInterfaceForComposites.java:765)
	at ptolemy.actor.util.CausalityInterfaceForComposites._computeInputDepth(CausalityInterfaceForComposites.java:696)
	at ptolemy.actor.util.CausalityInterfaceForComposites._computeActorDepth(CausalityInterfaceForComposites.java:532)
	at ptolemy.actor.util.CausalityInterfaceForComposites.checkForCycles(CausalityInterfaceForComposites.java:96)
	at ptolemy.domains.de.kernel.DEDirector.preinitialize(DEDirector.java:1338)
	at ptolemy.actor.CompositeActor.preinitialize(CompositeActor.java:1828)
	at ptolemy.actor.Manager.preinitializeAndResolveTypes(Manager.java:1040)
	at ptolemy.actor.Manager.initialize(Manager.java:710)
	at ptolemy.actor.Manager.execute(Manager.java:356)
	at ptolemy.actor.Manager.run(Manager.java:1263)
	at ptolemy.actor.Manager$PtolemyRunThread.run(Manager.java:1915)
java.lang.reflect.InvocationTargetException
	at sun.reflect.NativeConstructorAccessorImpl.newInstance0(Native Method)
	at sun.reflect.NativeConstructorAccessorImpl.newInstance(NativeConstructorAccessorImpl.java:62)
	at sun.reflect.DelegatingConstructorAccessorImpl.newInstance(DelegatingConstructorAccessorImpl.java:45)
	at java.lang.reflect.Constructor.newInstance(Constructor.java:423)
	at ptolemy.util.test.junit.AutoKnownFailedTests.RunModel(AutoKnownFailedTests.java:107)
	at sun.reflect.NativeMethodAccessorImpl.invoke0(Native Method)
	at sun.reflect.NativeMethodAccessorImpl.invoke(NativeMethodAccessorImpl.java:62)
	at sun.reflect.DelegatingMethodAccessorImpl.invoke(DelegatingMethodAccessorImpl.java:43)
	at java.lang.reflect.Method.invoke(Method.java:498)
	at org.junit.runners.model.FrameworkMethod$1.runReflectiveCall(FrameworkMethod.java:44)
	at org.junit.internal.runners.model.ReflectiveCallable.run(ReflectiveCallable.java:15)
	at org.junit.runners.model.FrameworkMethod.invokeExplosively(FrameworkMethod.java:41)
	at junitparams.internal.InvokeParameterisedMethod.evaluate(InvokeParameterisedMethod.java:102)
	at org.junit.internal.runners.statements.FailOnTimeout$1.run(FailOnTimeout.java:28)
Caused by: ptolemy.kernel.util.IllegalActionException: Found a zero delay loop containing .HierarchicalModel.A
  in .HierarchicalModel and .HierarchicalModel.A
	at ptolemy.actor.util.CausalityInterfaceForComposites._computeOutputPortDepth(CausalityInterfaceForComposites.java:759)
	at ptolemy.actor.util.CausalityInterfaceForComposites._computeInputDepth(CausalityInterfaceForComposites.java:696)
	at ptolemy.actor.util.CausalityInterfaceForComposites._computeOutputPortDepth(CausalityInterfaceForComposites.java:765)
	at ptolemy.actor.util.CausalityInterfaceForComposites._computeInputDepth(CausalityInterfaceForComposites.java:696)
	at ptolemy.actor.util.CausalityInterfaceForComposites._computeOutputPortDepth(CausalityInterfaceForComposites.java:765)
	at ptolemy.actor.util.CausalityInterfaceForComposites._computeInputDepth(CausalityInterfaceForComposites.java:696)
	at ptolemy.actor.util.CausalityInterfaceForComposites._computeActorDepth(CausalityInterfaceForComposites.java:532)
	at ptolemy.actor.util.CausalityInterfaceForComposites.checkForCycles(CausalityInterfaceForComposites.java:96)
	at ptolemy.domains.de.kernel.DEDirector.preinitialize(DEDirector.java:1338)
	at ptolemy.actor.CompositeActor.preinitialize(CompositeActor.java:1828)
	at ptolemy.actor.Manager.preinitializeAndResolveTypes(Manager.java:1040)
	at ptolemy.actor.Manager.initialize(Manager.java:710)
	at ptolemy.actor.Manager.execute(Manager.java:356)
	at ptolemy.actor.Manager.run(Manager.java:1263)
	at ptolemy.actor.Manager$PtolemyRunThread.run(Manager.java:1915)
java.lang.RuntimeException: Execution failed
	at ptolemy.moml.MoMLSimpleApplication$UnloadThread.run(MoMLSimpleApplication.java:402)
Caused by: ptolemy.kernel.util.IllegalActionException: Found a zero delay loop containing .dependencyLoop.original
  in .dependencyLoop and .dependencyLoop.original
	at ptolemy.actor.util.CausalityInterfaceForComposites._computeOutputPortDepth(CausalityInterfaceForComposites.java:759)
	at ptolemy.actor.util.CausalityInterfaceForComposites._computeInputDepth(CausalityInterfaceForComposites.java:696)
	at ptolemy.actor.util.CausalityInterfaceForComposites._computeOutputPortDepth(CausalityInterfaceForComposites.java:765)
	at ptolemy.actor.util.CausalityInterfaceForComposites._computeInputDepth(CausalityInterfaceForComposites.java:696)
	at ptolemy.actor.util.CausalityInterfaceForComposites._computeOutputPortDepth(CausalityInterfaceForComposites.java:765)
	at ptolemy.actor.util.CausalityInterfaceForComposites._computeInputDepth(CausalityInterfaceForComposites.java:696)
	at ptolemy.actor.util.CausalityInterfaceForComposites._computeActorDepth(CausalityInterfaceForComposites.java:532)
	at ptolemy.actor.util.CausalityInterfaceForComposites.checkForCycles(CausalityInterfaceForComposites.java:96)
	at ptolemy.domains.de.kernel.DEDirector.preinitialize(DEDirector.java:1338)
	at ptolemy.actor.CompositeActor.preinitialize(CompositeActor.java:1828)
	at ptolemy.actor.Manager.preinitializeAndResolveTypes(Manager.java:1040)
	at ptolemy.actor.Manager.initialize(Manager.java:710)
	at ptolemy.actor.Manager.execute(Manager.java:356)
	at ptolemy.actor.Manager.run(Manager.java:1263)
	at ptolemy.actor.Manager$PtolemyRunThread.run(Manager.java:1915)
java.lang.reflect.InvocationTargetException
	at sun.reflect.NativeConstructorAccessorImpl.newInstance0(Native Method)
	at sun.reflect.NativeConstructorAccessorImpl.newInstance(NativeConstructorAccessorImpl.java:62)
	at sun.reflect.DelegatingConstructorAccessorImpl.newInstance(DelegatingConstructorAccessorImpl.java:45)
	at java.lang.reflect.Constructor.newInstance(Constructor.java:423)
	at ptolemy.util.test.junit.AutoKnownFailedTests.RunModel(AutoKnownFailedTests.java:107)
	at sun.reflect.NativeMethodAccessorImpl.invoke0(Native Method)
	at sun.reflect.NativeMethodAccessorImpl.invoke(NativeMethodAccessorImpl.java:62)
	at sun.reflect.DelegatingMethodAccessorImpl.invoke(DelegatingMethodAccessorImpl.java:43)
	at java.lang.reflect.Method.invoke(Method.java:498)
	at org.junit.runners.model.FrameworkMethod$1.runReflectiveCall(FrameworkMethod.java:44)
	at org.junit.internal.runners.model.ReflectiveCallable.run(ReflectiveCallable.java:15)
	at org.junit.runners.model.FrameworkMethod.invokeExplosively(FrameworkMethod.java:41)
	at junitparams.internal.InvokeParameterisedMethod.evaluate(InvokeParameterisedMethod.java:102)
	at org.junit.internal.runners.statements.FailOnTimeout$1.run(FailOnTimeout.java:28)
Caused by: ptolemy.kernel.util.IllegalActionException: Found a zero delay loop containing .dependencyLoop.original
  in .dependencyLoop and .dependencyLoop.original
	at ptolemy.actor.util.CausalityInterfaceForComposites._computeOutputPortDepth(CausalityInterfaceForComposites.java:759)
	at ptolemy.actor.util.CausalityInterfaceForComposites._computeInputDepth(CausalityInterfaceForComposites.java:696)
	at ptolemy.actor.util.CausalityInterfaceForComposites._computeOutputPortDepth(CausalityInterfaceForComposites.java:765)
	at ptolemy.actor.util.CausalityInterfaceForComposites._computeInputDepth(CausalityInterfaceForComposites.java:696)
	at ptolemy.actor.util.CausalityInterfaceForComposites._computeOutputPortDepth(CausalityInterfaceForComposites.java:765)
	at ptolemy.actor.util.CausalityInterfaceForComposites._computeInputDepth(CausalityInterfaceForComposites.java:696)
	at ptolemy.actor.util.CausalityInterfaceForComposites._computeActorDepth(CausalityInterfaceForComposites.java:532)
	at ptolemy.actor.util.CausalityInterfaceForComposites.checkForCycles(CausalityInterfaceForComposites.java:96)
	at ptolemy.domains.de.kernel.DEDirector.preinitialize(DEDirector.java:1338)
	at ptolemy.actor.CompositeActor.preinitialize(CompositeActor.java:1828)
	at ptolemy.actor.Manager.preinitializeAndResolveTypes(Manager.java:1040)
	at ptolemy.actor.Manager.initialize(Manager.java:710)
	at ptolemy.actor.Manager.execute(Manager.java:356)
	at ptolemy.actor.Manager.run(Manager.java:1263)
	at ptolemy.actor.Manager$PtolemyRunThread.run(Manager.java:1915)
java.lang.RuntimeException: Execution failed
	at ptolemy.moml.MoMLSimpleApplication$UnloadThread.run(MoMLSimpleApplication.java:402)
Caused by: ptolemy.kernel.util.IllegalActionException: Found a zero delay loop containing .dependencyLoop2.original
  in .dependencyLoop2 and .dependencyLoop2.original
	at ptolemy.actor.util.CausalityInterfaceForComposites._computeOutputPortDepth(CausalityInterfaceForComposites.java:759)
	at ptolemy.actor.util.CausalityInterfaceForComposites._computeInputDepth(CausalityInterfaceForComposites.java:696)
	at ptolemy.actor.util.CausalityInterfaceForComposites._computeOutputPortDepth(CausalityInterfaceForComposites.java:765)
	at ptolemy.actor.util.CausalityInterfaceForComposites._computeInputDepth(CausalityInterfaceForComposites.java:696)
	at ptolemy.actor.util.CausalityInterfaceForComposites._computeOutputPortDepth(CausalityInterfaceForComposites.java:765)
	at ptolemy.actor.util.CausalityInterfaceForComposites._computeInputDepth(CausalityInterfaceForComposites.java:696)
	at ptolemy.actor.util.CausalityInterfaceForComposites._computeActorDepth(CausalityInterfaceForComposites.java:532)
	at ptolemy.actor.util.CausalityInterfaceForComposites.checkForCycles(CausalityInterfaceForComposites.java:96)
	at ptolemy.domains.de.kernel.DEDirector.preinitialize(DEDirector.java:1338)
	at ptolemy.actor.CompositeActor.preinitialize(CompositeActor.java:1828)
	at ptolemy.actor.Manager.preinitializeAndResolveTypes(Manager.java:1040)
	at ptolemy.actor.Manager.initialize(Manager.java:710)
	at ptolemy.actor.Manager.execute(Manager.java:356)
	at ptolemy.actor.Manager.run(Manager.java:1263)
	at ptolemy.actor.Manager$PtolemyRunThread.run(Manager.java:1915)
java.lang.reflect.InvocationTargetException
	at sun.reflect.NativeConstructorAccessorImpl.newInstance0(Native Method)
	at sun.reflect.NativeConstructorAccessorImpl.newInstance(NativeConstructorAccessorImpl.java:62)
	at sun.reflect.DelegatingConstructorAccessorImpl.newInstance(DelegatingConstructorAccessorImpl.java:45)
	at java.lang.reflect.Constructor.newInstance(Constructor.java:423)
	at ptolemy.util.test.junit.AutoKnownFailedTests.RunModel(AutoKnownFailedTests.java:107)
	at sun.reflect.NativeMethodAccessorImpl.invoke0(Native Method)
	at sun.reflect.NativeMethodAccessorImpl.invoke(NativeMethodAccessorImpl.java:62)
	at sun.reflect.DelegatingMethodAccessorImpl.invoke(DelegatingMethodAccessorImpl.java:43)
	at java.lang.reflect.Method.invoke(Method.java:498)
	at org.junit.runners.model.FrameworkMethod$1.runReflectiveCall(FrameworkMethod.java:44)
	at org.junit.internal.runners.model.ReflectiveCallable.run(ReflectiveCallable.java:15)
	at org.junit.runners.model.FrameworkMethod.invokeExplosively(FrameworkMethod.java:41)
	at junitparams.internal.InvokeParameterisedMethod.evaluate(InvokeParameterisedMethod.java:102)
	at org.junit.internal.runners.statements.FailOnTimeout$1.run(FailOnTimeout.java:28)
Caused by: ptolemy.kernel.util.IllegalActionException: Found a zero delay loop containing .dependencyLoop2.original
  in .dependencyLoop2 and .dependencyLoop2.original
	at ptolemy.actor.util.CausalityInterfaceForComposites._computeOutputPortDepth(CausalityInterfaceForComposites.java:759)
	at ptolemy.actor.util.CausalityInterfaceForComposites._computeInputDepth(CausalityInterfaceForComposites.java:696)
	at ptolemy.actor.util.CausalityInterfaceForComposites._computeOutputPortDepth(CausalityInterfaceForComposites.java:765)
	at ptolemy.actor.util.CausalityInterfaceForComposites._computeInputDepth(CausalityInterfaceForComposites.java:696)
	at ptolemy.actor.util.CausalityInterfaceForComposites._computeOutputPortDepth(CausalityInterfaceForComposites.java:765)
	at ptolemy.actor.util.CausalityInterfaceForComposites._computeInputDepth(CausalityInterfaceForComposites.java:696)
	at ptolemy.actor.util.CausalityInterfaceForComposites._computeActorDepth(CausalityInterfaceForComposites.java:532)
	at ptolemy.actor.util.CausalityInterfaceForComposites.checkForCycles(CausalityInterfaceForComposites.java:96)
	at ptolemy.domains.de.kernel.DEDirector.preinitialize(DEDirector.java:1338)
	at ptolemy.actor.CompositeActor.preinitialize(CompositeActor.java:1828)
	at ptolemy.actor.Manager.preinitializeAndResolveTypes(Manager.java:1040)
	at ptolemy.actor.Manager.initialize(Manager.java:710)
	at ptolemy.actor.Manager.execute(Manager.java:356)
	at ptolemy.actor.Manager.run(Manager.java:1263)
	at ptolemy.actor.Manager$PtolemyRunThread.run(Manager.java:1915)
]]></system-err>
</testsuite>
