<?xml version="1.0" encoding="UTF-8" ?>
<testsuite errors="0" failures="0" hostname="travis-job-cb64e701-d9cc-4755-9a21-ae8c01ce8d28" name="ptolemy.domains.de.test.junit.JUnitTclTest" skipped="0" tests="101" time="138.767" timestamp="2019-09-16T05:39:57">
  <properties>
    <property name="npm.executable" value="npm" />
    <property name="env.TRAVIS_ROOT" value="/" />
    <property name="ptII.mk.exists" value="true" />
    <property name="env.TRAVIS_APP_HOST" value="build.travis-ci.org" />
    <property name="env.rvm_bin_path" value="/home/travis/.rvm/bin" />
    <property name="java.home" value="/usr/local/lib/jvm/openjdk11" />
    <property name="env.TRAVIS_JOB_NUMBER" value="1331.9" />
    <property name="env.TRAVIS_HOME" value="/home/travis" />
    <property name="env.DISPLAY" value=":99.0" />
    <property name="env.TRAVIS_INIT" value="systemd" />
    <property name="env.SSH_TTY" value="/dev/pts/0" />
    <property name="java.net.preferIPv4Stack" value="true" />
    <property name="env.RUN_TESTS" value="true" />
    <property name="timeout.short" value="1000000" />
    <property name="junit.formatter" value="xml" />
    <property name="env.TRAVIS_SUDO" value="true" />
    <property name="env.TRAVIS_JOB_NAME" value="" />
    <property name="env.TRAVIS_STACK_NODE_ATTRIBUTES" value="/.node-attributes.yml" />
    <property name="env.LOGNAME" value="travis" />
    <property name="jsdoc.home" value="node_modules/@terraswarm/jsdoc" />
    <property name="debuglevel" value="source,lines,vars" />
    <property name="checkstyle.formatter" value="xml" />
    <property name="env._system_version" value="16.04" />
    <property name="bin.vergil.makeable" value="true" />
    <property name="sun.os.patch.level" value="unknown" />
    <property name="java.vendor.url" value="http://java.oracle.com/" />
    <property name="env.TRAVIS_BUILD_WEB_URL" value="https://travis-ci.org/icyphy/ptII/builds/585410458" />
    <property name="java.version" value="11.0.2" />
    <property name="env.TZ" value="UTC" />
    <property name="env.TRAVIS_PULL_REQUEST_SHA" value="" />
    <property name="env.PT_NO_NET" value="true" />
    <property name="env.TRAVIS_SECURE_ENV_VARS" value="true" />
    <property name="env._system_type" value="Linux" />
    <property name="java.vendor.url.bug" value="http://bugreport.java.com/bugreport/" />
    <property name="npmjs-org-is-up" value="true" />
    <property name="env.LANGUAGE" value="en_US.UTF-8" />
    <property name="env.SSH_CLIENT" value="10.16.32.5 51484 22" />
    <property name="env.GEM_HOME" value="/home/travis/.rvm/gems/ruby-2.5.3" />
    <property name="env.HAS_ANTARES_THREE_LITTLE_FRONZIES_BADGE" value="true" />
    <property name="java.version.date" value="2019-01-15" />
    <property name="env.PS4" value="+" />
    <property name="ant.project.invoked-targets" value="build,test.core2.xml" />
    <property name="env.TRAVIS_PULL_REQUEST_BRANCH" value="" />
    <property name="env.TRAVIS_REPO_SLUG" value="icyphy/ptII" />
    <property name="env.XDG_DATA_DIRS" value="/usr/local/share:/usr/share:/var/lib/snapd/desktop" />
    <property name="jdk.debug" value="release" />
    <property name="env.TRAVIS_APT_PROXY" value="http://apt.cache.travis-ci.com" />
    <property name="node.in.path" value="true" />
    <property name="user.name" value="travis" />
    <property name="java.maxmemory" value="1400m" />
    <property name="env.RUBY_VERSION" value="ruby-2.5.3" />
    <property name="env.LANG" value="en_US.UTF-8" />
    <property name="sun.io.unicode.encoding" value="UnicodeLittle" />
    <property name="sun.jnu.encoding" value="UTF-8" />
    <property name="java.runtime.name" value="OpenJDK Runtime Environment" />
    <property name="usefile" value="false" />
    <property name="return.code" value="0" />
    <property name="junit.single.formatter" value="plain" />
    <property name="env.DYLD_LIBRARY_PATH" value="/home/travis/pthla/certi-tools/lib:" />
    <property name="env.DEBIAN_FRONTEND" value="noninteractive" />
    <property name="env.SSH_CONNECTION" value="10.16.32.5 51484 10.20.1.68 22" />
    <property name="env.MYSQL_UNIX_PORT" value="/var/run/mysqld/mysqld.sock" />
    <property name="env.LC_ALL" value="en_US.UTF-8" />
    <property name="env.TRAVIS_ALLOW_FAILURE" value="false" />
    <property name="env.TRAVIS_JOB_WEB_URL" value="https://travis-ci.org/icyphy/ptII/jobs/585410471" />
    <property name="java.specification.name" value="Java Platform API Specification" />
    <property name="node.works" value="true" />
    <property name="user.timezone" value="" />
    <property name="path.separator" value=":" />
    <property name="env.TRAVIS_ENABLE_INFRA_DETECTION" value="true" />
    <property name="env.PYTHON_CFLAGS" value="-g -fstack-protector --param=ssp-buffer-size=4 -Wformat -Werror=format-security" />
    <property name="timeout.long" value="4000000" />
    <property name="env.CERTI_HOME" value="/home/travis/pthla/certi-tools" />
    <property name="ant.file.ptII" value="/home/travis/build/icyphy/ptII/build.xml" />
    <property name="javadoc.packagenames" value="com.*,diva.*,lbnl.*,org.hlacerti.*,org.json.*,org.ptolemy.*,org.terraswarm.*,ptolemy.*,ptserver.*" />
    <property name="file.encoding" value="UTF-8" />
    <property name="env.TRAVIS_PULL_REQUEST_SLUG" value="" />
    <property name="ant.project.default-target" value="build" />
    <property name="env.GIT_ASKPASS" value="echo" />
    <property name="env.HOME" value="/home/travis" />
    <property name="sun.java.command" value="org.apache.tools.ant.taskdefs.optional.junit.JUnitTestRunner ptolemy.domains.de.test.junit.JUnitTclTest skipNonTests=false filtertrace=true haltOnError=false haltOnFailure=false formatter=org.apache.tools.ant.taskdefs.optional.junit.OutErrSummaryJUnitResultFormatter showoutput=true outputtoformatters=true logfailedtests=true threadid=0 logtestlistenerevents=false formatter=org.apache.tools.ant.taskdefs.optional.junit.XMLJUnitResultFormatter,/home/travis/build/icyphy/ptII/reports/junit/TEST-ptolemy.domains.de.test.junit.JUnitTclTest.xml crashfile=/home/travis/build/icyphy/ptII/junitvmwatcher14907210678189954094.properties propsfile=/home/travis/build/icyphy/ptII/junit2077791446106433436.properties" />
    <property name="env.COMPOSER_NO_INTERACTION" value="1" />
    <property name="env.MANPATH" value="/home/travis/.nvm/versions/node/v7.10.1/share/man:/home/travis/.rvm/rubies/ruby-2.5.3/share/man:/usr/local/cmake-3.12.4/man:/usr/local/clang-7.0.0/share/man:/usr/local/man:/usr/local/share/man:/usr/share/man:/home/travis/.rvm/man" />
    <property name="env.TRAVIS_TIMER_ID" value="1aee8f67" />
    <property name="ant.file" value="/home/travis/build/icyphy/ptII/build.xml" />
    <property name="env.TRAVIS_COMMIT_RANGE" value="bc7bfed3151ace78f6177b95f8054c233d74f1bf...1691c4a63a7f6e8f7441362a7c71a7ee30ba8bb1" />
    <property name="env._system_name" value="Ubuntu" />
    <property name="ptII.classpath.optional.property" value="/home/travis/build/icyphy/ptII/lib/bsh-2.0b4.jar:/home/travis/build/icyphy/ptII/lib/ptCal.jar:/home/travis/build/icyphy/ptII/lib/java_cup.jar:/home/travis/build/icyphy/ptII/lib/saxon8.jar:/home/travis/build/icyphy/ptII/lib/saxon8-dom.jar:/home/travis/build/icyphy/ptII/lib/chic.jar:/home/travis/build/icyphy/ptII/lib/ptcolt.jar:/home/travis/build/icyphy/ptII/vendors/misc/itext/iText.jar:/home/travis/build/icyphy/ptII/lib/g4ltl.jar:/home/travis/build/icyphy/ptII/lib/StructuralCoder.jar:/home/travis/build/icyphy/ptII/lib/jcerti.jar:/home/travis/build/icyphy/ptII/lib/javax.mail.jar:/home/travis/build/icyphy/ptII/vendors/JMF-2.1.1e/lib/jmf.jar:/home/travis/build/icyphy/ptII/lib/jna-4.0.0-variadic.jar:/home/travis/build/icyphy/ptII/vendors/misc/joystick/Joystick.jar:/home/travis/build/icyphy/ptII/lib/ptjacl.jar:/home/travis/build/icyphy/ptII/lib/jsoup-1.8.2.jar:/home/travis/build/icyphy/ptII/lib/junit-4.8.2.jar:/home/travis/build/icyphy/ptII/lib/JUnitParams-0.4.0.jar:/home/travis/build/icyphy/ptII/ptolemy/actor/lib/excel/jxl.jar:/home/travis/build/icyphy/ptII/lib/jython.jar:/home/travis/build/icyphy/ptII/lib/kieler.jar:/home/travis/build/icyphy/ptII/vendors/opencv/share/OpenCV/java/opencv-341.jar:/home/travis/build/icyphy/ptII/lib/oscP5.jar:/home/travis/build/icyphy/ptII/lib/nrjavaserial-3.11.0.devel.jar:/home/travis/build/icyphy/ptII/vendors/j3d/lib/Linux/j3dcore.jar:/home/travis/build/icyphy/ptII/vendors/j3d/lib/Linux/j3dutils.jar:/home/travis/build/icyphy/ptII/vendors/j3d/lib/Linux/vecmath.jar:/home/travis/build/icyphy/ptII/vendors/jogl/lib/Linux/gluegen-rt-natives-linux-amd64.jar:/home/travis/build/icyphy/ptII/vendors/jogl/lib/Linux/gluegen-rt.jar:/home/travis/build/icyphy/ptII/vendors/jogl/lib/Linux/jogl-all-natives-linux-amd64.jar:/home/travis/build/icyphy/ptII/vendors/jogl/lib/Linux/jogl-all.jar:/home/travis/build/icyphy/ptII/ptolemy/distributed/jini/jar/jini-core.jar:/home/travis/build/icyphy/ptII/ptolemy/distributed/jini/jar/jini-ext.jar:/home/travis/build/icyphy/ptII/ptolemy/distributed/jini/jar/sun-util.jar:/home/travis/build/icyphy/ptII/lib/protobuf-java-2.4.1.jar:/home/travis/build/icyphy/ptII/lib/org.eclipse.paho.client.mqttv3.jar:/home/travis/build/icyphy/ptII/lib/mapss.jar:/home/travis/build/icyphy/ptII/ptolemy/actor/ptalon/antlr/antlr.jar:/home/travis/build/icyphy/ptII/lib/JRI.jar:/home/travis/build/icyphy/ptII/lib/commons-lang-2.6.jar:/home/travis/build/icyphy/ptII/lib/commons-logging-1.1.1.jar:/home/travis/build/icyphy/ptII/lib/sootclasses.jar:/home/travis/build/icyphy/ptII/ptolemy/actor/lib/database/mysql-connector-java-5.1.6-bin.jar:/home/travis/build/icyphy/ptII/vendors/misc/sphinx4/sphinx4-data-5prealpha.jar:/home/travis/build/icyphy/ptII/vendors/misc/sphinx4/sphinx4-core-5prealpha.jar:/home/travis/build/icyphy/ptII/lib/PDFRenderer.jar:/home/travis/build/icyphy/ptII/lib/svgSalamander.jar:/home/travis/build/icyphy/ptII/lib/rsyntaxtextarea-2.6.0-SNAPSHOT.jar:/home/travis/build/icyphy/ptII/lib/hazelcast-3.8.2.jar:/home/travis/build/icyphy/ptII/lib/jackson-annotations-2.9.0.jar:/home/travis/build/icyphy/ptII/lib/jackson-core-2.9.3.jar:/home/travis/build/icyphy/ptII/lib/jackson-databind-2.9.3.jar:/home/travis/build/icyphy/ptII/lib/netty-buffer-4.1.19.Final.jar:/home/travis/build/icyphy/ptII/lib/netty-codec-4.1.19.Final.jar:/home/travis/build/icyphy/ptII/lib/netty-codec-dns-4.1.19.Final.jar:/home/travis/build/icyphy/ptII/lib/netty-codec-http-4.1.19.Final.jar:/home/travis/build/icyphy/ptII/lib/netty-codec-http2-4.1.19.Final.jar:/home/travis/build/icyphy/ptII/lib/netty-common-4.1.19.Final.jar:/home/travis/build/icyphy/ptII/lib/netty-handler-4.1.19.Final.jar:/home/travis/build/icyphy/ptII/lib/netty-resolver-4.1.19.Final.jar:/home/travis/build/icyphy/ptII/lib/netty-resolver-dns-4.1.19.Final.jar:/home/travis/build/icyphy/ptII/lib/netty-transport-4.1.19.Final.jar:/home/travis/build/icyphy/ptII/lib/vertx-codegen-3.5.1.jar:/home/travis/build/icyphy/ptII/lib/vertx-core-3.5.2-SNAPSHOT.jar:/home/travis/build/icyphy/ptII/lib/vertx-hazelcast-3.5.1.jar:/home/travis/build/icyphy/ptII/lib/vertx-lang-js-3.5.1.jar:/home/travis/build/icyphy/ptII/lib/vertx-service-proxy-3.5.1.jar:/home/travis/build/icyphy/ptII/lib/vertx-web-3.5.1.jar:/home/travis/build/icyphy/ptII/lib/slf4j-api-1.7.13.jar:/home/travis/build/icyphy/ptII/lib/slf4j-simple-1.7.13.jar:/home/travis/build/icyphy/ptII/lib/webcam-capture-0.3.12.jar:/home/travis/build/icyphy/ptII/lib/bridj-0.7.0.jar:/home/travis/build/icyphy/ptII/lib/xbjlib-1.1.0.nrjavaserial.jar" />
    <property name="timeout" value="2400000" />
    <property name="test.batch" value="**/junit/*.java" />
    <property name="env._" value="/usr/bin/timeout" />
    <property name="java.io.tmpdir" value="/tmp" />
    <property name="user.language" value="en" />
    <property name="env.TRAVIS_INTERNAL_RUBY_REGEX" value="^ruby-(2\.[0-4]\.[0-9]|1\.9\.3)" />
    <property name="env.HISTCONTROL" value="ignoredups:ignorespace" />
    <property name="env.GOROOT" value="/home/travis/.gimme/versions/go1.11.1.linux.amd64" />
    <property name="line.separator" value="&#xa;" />
    <property name="target" value="11" />
    <property name="env.TRAVIS_BUILD_DIR" value="/home/travis/build/icyphy/ptII" />
    <property name="env.ANT_OPTS" value="-Xmx2048m" />
    <property name="ant.file.type" value="file" />
    <property name="ptolemy.ptII.batchMode" value="true" />
    <property name="env.HISTSIZE" value="1000" />
    <property name="env.MERB_ENV" value="test" />
    <property name="java.vm.info" value="mixed mode" />
    <property name="source" value="11" />
    <property name="java.vm.specification.name" value="Java Virtual Machine Specification" />
    <property name="env.TRAVIS_TEST_RESULT" value="0" />
    <property name="jsdoc.command" value="node_modules/@terraswarm/jsdoc/jsdoc.js" />
    <property name="npm.works" value="true" />
    <property name="cobertura.dir" value="/home/travis/build/icyphy/ptII/vendors/cobertura-2.0.3" />
    <property name="jsdoc.command.exists" value="true" />
    <property name="env.rvm_path" value="/home/travis/.rvm" />
    <property name="env.GEM_PATH" value="/home/travis/.rvm/gems/ruby-2.5.3:/home/travis/.rvm/gems/ruby-2.5.3@global" />
    <property name="env.LC_CTYPE" value="en_US.UTF-8" />
    <property name="env.TRAVIS_CMD" value="$PTII/bin/ptIITravisBuild.sh $SECONDS" />
    <property name="java.awt.printerjob" value="sun.print.PSPrinterJob" />
    <property name="env.TRAVIS_STACK_NAME" value="sardonyx" />
    <property name="env.TRAVIS_TIMER_START_TIME" value="1568612160274901690" />
    <property name="ant.version" value="Apache Ant(TM) version 1.10.1 compiled on February 2 2017" />
    <property name="ptII.reports" value="/home/travis/build/icyphy/ptII/reports" />
    <property name="env.TRAVIS_STACK_TIMESTAMP" value="2019-03-25 16:16:56 UTC" />
    <property name="ant.file.type.ptII" value="file" />
    <property name="env.RBENV_SHELL" value="bash" />
    <property name="os.name" value="Linux" />
    <property name="java.specification.vendor" value="Oracle Corporation" />
    <property name="env.rvm_version" value="1.29.7 (latest)" />
    <property name="env.TRAVIS_INFRA" value="gce" />
    <property name="env.TERM" value="xterm" />
    <property name="java.vm.name" value="OpenJDK 64-Bit Server VM" />
    <property name="env.TRAVIS_BUILD_NUMBER" value="1331" />
    <property name="env.CI" value="true" />
    <property name="java.library.path" value="/home/travis/pthla/certi-tools/lib:/usr/lib/jni:/usr/local/share/OpenCV/java/:/usr/share/OpenCV/java::/usr/java/packages/lib:/usr/lib64:/lib64:/lib:/usr/lib" />
    <property name="jdk.module.path" value="/home/travis/build/icyphy/ptII/vendors/javafx/javafx-sdk-11.0.2/lib:" />
    <property name="env.rvm_prefix" value="/home/travis" />
    <property name="env.PATH" value="/home/travis/pthla/certi-tools/share/scripts:/home/travis/.rvm/gems/ruby-2.5.3/bin:/home/travis/.rvm/gems/ruby-2.5.3@global/bin:/home/travis/.rvm/rubies/ruby-2.5.3/bin:/home/travis/.rvm/bin:/home/travis/.nvm/versions/node/v7.10.1/bin:./node_modules/.bin:/home/travis/build/icyphy/ptII/bin:/home/travis/pthla/certi-tools/bin:/home/travis/bin:/home/travis/.local/bin:/usr/local/lib/jvm/openjdk11/bin:/opt/pyenv/shims:/home/travis/.phpenv/shims:/home/travis/perl5/perlbrew/bin:/home/travis/gopath/bin:/home/travis/.gimme/versions/go1.11.1.linux.amd64/bin:/usr/local/maven-3.6.0/bin:/usr/local/cmake-3.12.4/bin:/usr/local/clang-7.0.0/bin:/usr/local/sbin:/usr/local/bin:/usr/sbin:/usr/bin:/sbin:/bin:/snap/bin:/home/travis/.phpenv/bin:/opt/pyenv/bin:/home/travis/.yarn/bin" />
    <property name="env.TRAVIS_OS_NAME" value="linux" />
    <property name="ant.java.version" value="9" />
    <property name="basedir" value="/home/travis/build/icyphy/ptII" />
    <property name="java.class.version" value="55.0" />
    <property name="env.SHLVL" value="3" />
    <property name="env.LD_LIBRARY_PATH" value="/home/travis/pthla/certi-tools/lib:/usr/lib/jni:/usr/local/share/OpenCV/java/:/usr/share/OpenCV/java:" />
    <property name="env.RACK_ENV" value="test" />
    <property name="ant.home" value="/home/travis/build/icyphy/ptII/ant" />
    <property name="env.NVM_DIR" value="/home/travis/.nvm" />
    <property name="env.CERTI_FOM_PATH" value="/home/travis/pthla/certi-tools/share/federations" />
    <property name="env.TRAVIS_BUILD_ID" value="585410458" />
    <property name="env.PYENV_ROOT" value="/opt/pyenv" />
    <property name="env.TRAVIS_UID" value="2000" />
    <property name="prism.verbose" value="true" />
    <property name="env.NVM_BIN" value="/home/travis/.nvm/versions/node/v7.10.1/bin" />
    <property name="env.TRAVIS_COMMIT" value="1691c4a63a7f6e8f7441362a7c71a7ee30ba8bb1" />
    <property name="env._system_arch" value="x86_64" />
    <property name="node.executable" value="node" />
    <property name="sun.boot.library.path" value="/usr/local/lib/jvm/openjdk11/lib" />
    <property name="sun.management.compiler" value="HotSpot 64-Bit Tiered Compilers" />
    <property name="java.awt.graphicsenv" value="sun.awt.X11GraphicsEnvironment" />
    <property name="env.GOPATH" value="/home/travis/gopath" />
    <property name="ptolemy.ptII.dir" value="/home/travis/build/icyphy/ptII" />
    <property name="env.USER" value="travis" />
    <property name="env.HISTFILESIZE" value="2000" />
    <property name="timeout.longest" value="19000000" />
    <property name="env.PERLBREW_SHELLRC_VERSION" value="0.86" />
    <property name="env.TRAVIS_STACK_FEATURES" value="basic couchdb disabled-ipv6 docker docker-compose elasticsearch firefox go-toolchain google-chrome jdk memcached mongodb mysql nodejs_interpreter perl_interpreter perlbrew phantomjs postgresql python_interpreter redis ruby_interpreter sqlite xserver" />
    <property name="env.TRAVIS_PULL_REQUEST" value="false" />
    <property name="env.PYENV_SHELL" value="bash" />
    <property name="ant.project.name" value="ptII" />
    <property name="env.ANSI_RESET" value="\033[0m" />
    <property name="java.vm.specification.version" value="11" />
    <property name="env.TRAVIS_DIST" value="xenial" />
    <property name="env.CERTI_VERSION" value="4.0.0" />
    <property name="env.CERTI_HOST" value="localhost" />
    <property name="awt.toolkit" value="sun.awt.X11.XToolkit" />
    <property name="env.MY_RUBY_HOME" value="/home/travis/.rvm/rubies/ruby-2.5.3" />
    <property name="sun.cpu.isalist" value="" />
    <property name="env.TRAVIS_TMPDIR" value="/tmp/tmp.KBs2lWUrEG" />
    <property name="java.vm.compressedOopsMode" value="Zero based" />
    <property name="os.version" value="4.15.0-1028-gcp" />
    <property name="user.home" value="/home/travis" />
    <property name="java.vm.vendor" value="Oracle Corporation" />
    <property name="env.TRAVIS_TAG" value="nightly" />
    <property name="env.ANSI_YELLOW" value="\033[33;1m" />
    <property name="env.TRAVIS_FILTERED" value="redirect_io" />
    <property name="env.ANSI_GREEN" value="\033[32;1m" />
    <property name="env.JAVA_HOME" value="/usr/local/lib/jvm/openjdk11" />
    <property name="javadoc.excludepackagenames" value="adm.cvs2svn.*,build.*,config.*,doc.coding.templates.*,jni.test.jni.meaningOfLife.*,jni.test.jni.testDeux.*,jni.test.jni.testTrois.*,org.terraswarm.accessor.accessors.web.node_modules.*,org.terraswarm.accessor.accessors.web.hosts.cordova.demo.*,org.terraswarm.accessor.accessors.web.hosts.cordova.plugins.*,org.terraswarm.accessor.accessors-svn.*,pt-modules.*,ptolemy.apps.agilent.*,ptolemy.apps.anytimecontrol.*,ptolemy.apps.apes.*,ptolemy.apps.charon.*,ptolemy.apps.crazyboard.*,ptolemy.apps.eclipse.*,ptolemy.apps.etherealSting.*,ptolemy.apps.fullscreen.*,ptolemy.apps.giotto.*,ptolemy.apps.ia.*,ptolemy.apps.interfaces.*,ptolemy.apps.jmf.*,ptolemy.apps.kurt.*,ptolemy.apps.kvm.*,ptolemy.apps.lego.*,ptolemy.apps.lejos.*,ptolemy.apps.midp.*,ptolemy.apps.mobileCoding.*,ptolemy.apps.pendulum.*,ptolemy.apps.rijndael.*,ptolemy.apps.robot.*,ptolemy.apps.security.*,ptolemy.apps.sobel.*,ptolemy.apps.soot.*,ptolemy.apps.throttle.*,ptolemy.apps.tini.*,ptolemy.apps.transmission.*,ptolemy.apps.vergil.*,ptolemy.apps.waba.*,ptolemy.apps.websensor.*,ptolemy.apps.webstart.*,ptolemy.apps.xsl.*,ptolemy.apps.zaurus.*,ptolemy.codegen.c.actor.lib.oldJavaFiles.*,ptolemy.codegen.dsp.lib.*,ptolemy.codegen.kernel.newInterfaces.*,ptolemy.codegen.lib.*,ptolemy.copernicus.kernel.fragment.*,ptolemy.copernicus.shallow.cg.*,ptolemy.domains.giotto.demo.Hierarchy.Hierarchy.*,ptolemy.domains.giotto.demo.Multimode.Multimode.*,ptolemy.domains.giotto.demo.Simple.Simple.*,ptolemy.domains.gr.lib.experimental.*,ptolemy.domains.gro.*,ptolemy.domains.pdf.*,ptolemy.domains.ptinyos.demo.Surge.output.*,ptolemy.moml.test.NoPackageActor.java*,ptolemy.plot.adm.*,ptolemy.plot.servlet.*,reports.*,signed.*,src.*,target.*,vendors.*,ptolemy.copernicus.applet.*,ptolemy.media.viewer.*,ptolemy.actor.corba.*,doc.doclets.*,ptolemy.apps.eclipse.awt.*,ptolemy.backtrack.*,ptolemy.backtrack.ast.*,ptolemy.cg.adapter.generic.program.procedural.c.mbed*,ptolemy.homer.*,ptolemy.actor.lib.jai.*,org.ptolemy.scala.*,diva.util.java2d.svg.*,ptolemy.domains.ptinyos.*,ptolemy.actor.lib.fmi.fmipp.*,,org.terraswarm.accessor.accessors.web.node_modules.*,org.terraswarm.accessor.accessors-svn,ptolemy.apps.*,ptolemy.actor.ptalon.demo.ptinyos.SendAndReceiveCnt.output,ptolemy.actor.ptalon.demo.ptinyos.SenseToLeds.output,ptolemy.domains.ptinyos.demo.CntToLedsAndRfm.output,ptolemy.domains.ptinyos.demo.RfmToLeds.output,ptolemy.domains.ptinyos.demo.SendAndReceiveCnt.output,ptolemy.domains.ptinyos.demo.SenseToLeds.output,ptolemy.actor.lib.jjs.modules.udpSocket.*" />
    <property name="env.PTII" value="/home/travis/build/icyphy/ptII" />
    <property name="env.XDG_SESSION_ID" value="2" />
    <property name="keystore" value="ptKeystore" />
    <property name="env.TRAVIS_COMMIT_MESSAGE" value="Use --release 8 instead of -target 8 -release 8 because --release 8 includes -target 8." />
    <property name="junit.output.dir" value="/home/travis/build/icyphy/ptII/reports/junit" />
    <property name="npm.return.code" value="0" />
    <property name="user.dir" value="/home/travis/build/icyphy/ptII/ptolemy/domains/de/test" />
    <property name="env.TRAVIS_NODE_VERSION" value="7" />
    <property name="env.TRAVIS_EVENT_TYPE" value="cron" />
    <property name="env.MAIL" value="/var/mail/travis" />
    <property name="env.PERLBREW_ROOT" value="/home/travis/perl5/perlbrew" />
    <property name="env.PWD" value="/home/travis/build/icyphy/ptII" />
    <property name="timeout.npm" value="45000" />
    <property name="env.PT_TRAVIS_TEST_CORE2_XML" value="true" />
    <property name="env.TRAVIS_ARCH" value="amd64" />
    <property name="sun.cpu.endian" value="little" />
    <property name="env.PAGER" value="cat" />
    <property name="env.TRAVIS_BUILD_STAGE_NAME" value="Test" />
    <property name="env.PERLBREW_HOME" value="/home/travis/.perlbrew" />
    <property name="java.vm.version" value="11.0.2+9" />
    <property name="env.RAILS_ENV" value="test" />
    <property name="java.class.path" value="/home/travis/build/icyphy/ptII:/home/travis/build/icyphy/ptII/lib/bsh-2.0b4.jar:/home/travis/build/icyphy/ptII/lib/ptCal.jar:/home/travis/build/icyphy/ptII/lib/java_cup.jar:/home/travis/build/icyphy/ptII/lib/saxon8.jar:/home/travis/build/icyphy/ptII/lib/saxon8-dom.jar:/home/travis/build/icyphy/ptII/lib/chic.jar:/home/travis/build/icyphy/ptII/lib/ptcolt.jar:/home/travis/build/icyphy/ptII/vendors/misc/itext/iText.jar:/home/travis/build/icyphy/ptII/lib/g4ltl.jar:/home/travis/build/icyphy/ptII/lib/StructuralCoder.jar:/home/travis/build/icyphy/ptII/lib/jcerti.jar:/home/travis/build/icyphy/ptII/lib/javax.mail.jar:/home/travis/build/icyphy/ptII/vendors/JMF-2.1.1e/lib/jmf.jar:/home/travis/build/icyphy/ptII/lib/jna-4.0.0-variadic.jar:/home/travis/build/icyphy/ptII/vendors/misc/joystick/Joystick.jar:/home/travis/build/icyphy/ptII/lib/ptjacl.jar:/home/travis/build/icyphy/ptII/lib/jsoup-1.8.2.jar:/home/travis/build/icyphy/ptII/lib/junit-4.8.2.jar:/home/travis/build/icyphy/ptII/lib/JUnitParams-0.4.0.jar:/home/travis/build/icyphy/ptII/ptolemy/actor/lib/excel/jxl.jar:/home/travis/build/icyphy/ptII/lib/jython.jar:/home/travis/build/icyphy/ptII/lib/kieler.jar:/home/travis/build/icyphy/ptII/vendors/opencv/share/OpenCV/java/opencv-341.jar:/home/travis/build/icyphy/ptII/lib/oscP5.jar:/home/travis/build/icyphy/ptII/lib/nrjavaserial-3.11.0.devel.jar:/home/travis/build/icyphy/ptII/vendors/j3d/lib/Linux/j3dcore.jar:/home/travis/build/icyphy/ptII/vendors/j3d/lib/Linux/j3dutils.jar:/home/travis/build/icyphy/ptII/vendors/j3d/lib/Linux/vecmath.jar:/home/travis/build/icyphy/ptII/vendors/jogl/lib/Linux/gluegen-rt-natives-linux-amd64.jar:/home/travis/build/icyphy/ptII/vendors/jogl/lib/Linux/gluegen-rt.jar:/home/travis/build/icyphy/ptII/vendors/jogl/lib/Linux/jogl-all-natives-linux-amd64.jar:/home/travis/build/icyphy/ptII/vendors/jogl/lib/Linux/jogl-all.jar:/home/travis/build/icyphy/ptII/ptolemy/distributed/jini/jar/jini-core.jar:/home/travis/build/icyphy/ptII/ptolemy/distributed/jini/jar/jini-ext.jar:/home/travis/build/icyphy/ptII/ptolemy/distributed/jini/jar/sun-util.jar:/home/travis/build/icyphy/ptII/lib/protobuf-java-2.4.1.jar:/home/travis/build/icyphy/ptII/lib/org.eclipse.paho.client.mqttv3.jar:/home/travis/build/icyphy/ptII/lib/mapss.jar:/home/travis/build/icyphy/ptII/ptolemy/actor/ptalon/antlr/antlr.jar:/home/travis/build/icyphy/ptII/lib/JRI.jar:/home/travis/build/icyphy/ptII/lib/commons-lang-2.6.jar:/home/travis/build/icyphy/ptII/lib/commons-logging-1.1.1.jar:/home/travis/build/icyphy/ptII/lib/sootclasses.jar:/home/travis/build/icyphy/ptII/ptolemy/actor/lib/database/mysql-connector-java-5.1.6-bin.jar:/home/travis/build/icyphy/ptII/vendors/misc/sphinx4/sphinx4-data-5prealpha.jar:/home/travis/build/icyphy/ptII/vendors/misc/sphinx4/sphinx4-core-5prealpha.jar:/home/travis/build/icyphy/ptII/lib/PDFRenderer.jar:/home/travis/build/icyphy/ptII/lib/svgSalamander.jar:/home/travis/build/icyphy/ptII/lib/rsyntaxtextarea-2.6.0-SNAPSHOT.jar:/home/travis/build/icyphy/ptII/lib/hazelcast-3.8.2.jar:/home/travis/build/icyphy/ptII/lib/jackson-annotations-2.9.0.jar:/home/travis/build/icyphy/ptII/lib/jackson-core-2.9.3.jar:/home/travis/build/icyphy/ptII/lib/jackson-databind-2.9.3.jar:/home/travis/build/icyphy/ptII/lib/netty-buffer-4.1.19.Final.jar:/home/travis/build/icyphy/ptII/lib/netty-codec-4.1.19.Final.jar:/home/travis/build/icyphy/ptII/lib/netty-codec-dns-4.1.19.Final.jar:/home/travis/build/icyphy/ptII/lib/netty-codec-http-4.1.19.Final.jar:/home/travis/build/icyphy/ptII/lib/netty-codec-http2-4.1.19.Final.jar:/home/travis/build/icyphy/ptII/lib/netty-common-4.1.19.Final.jar:/home/travis/build/icyphy/ptII/lib/netty-handler-4.1.19.Final.jar:/home/travis/build/icyphy/ptII/lib/netty-resolver-4.1.19.Final.jar:/home/travis/build/icyphy/ptII/lib/netty-resolver-dns-4.1.19.Final.jar:/home/travis/build/icyphy/ptII/lib/netty-transport-4.1.19.Final.jar:/home/travis/build/icyphy/ptII/lib/vertx-codegen-3.5.1.jar:/home/travis/build/icyphy/ptII/lib/vertx-core-3.5.2-SNAPSHOT.jar:/home/travis/build/icyphy/ptII/lib/vertx-hazelcast-3.5.1.jar:/home/travis/build/icyphy/ptII/lib/vertx-lang-js-3.5.1.jar:/home/travis/build/icyphy/ptII/lib/vertx-service-proxy-3.5.1.jar:/home/travis/build/icyphy/ptII/lib/vertx-web-3.5.1.jar:/home/travis/build/icyphy/ptII/lib/slf4j-api-1.7.13.jar:/home/travis/build/icyphy/ptII/lib/slf4j-simple-1.7.13.jar:/home/travis/build/icyphy/ptII/lib/webcam-capture-0.3.12.jar:/home/travis/build/icyphy/ptII/lib/bridj-0.7.0.jar:/home/travis/build/icyphy/ptII/lib/xbjlib-1.1.0.nrjavaserial.jar:/home/travis/build/icyphy/ptII/ptolemy/moml/test:/home/travis/build/icyphy/ptII/ant/lib/ant-launcher.jar:/home/travis/build/icyphy/ptII/ant/lib/ant.jar:/home/travis/build/icyphy/ptII/ant/lib/ant-junit.jar:/home/travis/build/icyphy/ptII/ant/lib/ant-junit4.jar" />
    <property name="ant.library.dir" value="/home/travis/build/icyphy/ptII/ant/lib" />
    <property name="os.arch" value="amd64" />
    <property name="env.CONTINUOUS_INTEGRATION" value="true" />
    <property name="env.TRAVIS_LANGUAGE" value="node_js" />
    <property name="env.TRAVIS_STACK_LANGUAGES" value="__sardonyx__ c c++ clojure cplusplus cpp default generic go groovy java node_js php pure_java python ruby scala" />
    <property name="test.name" value="ptolemy.actor.lib.test.junit.JUnitTclTest" />
    <property name="env.APT_KEY_DONT_WARN_ON_DANGEROUS_USAGE" value="1" />
    <property name="sun.java.launcher" value="SUN_STANDARD" />
    <property name="env.PYTHON_CONFIGURE_OPTS" value="--enable-unicode=ucs4 --with-wide-unicode --enable-shared --enable-ipv6 --enable-loadable-sqlite-extensions --with-computed-gotos" />
    <property name="ant.core.lib" value="/home/travis/build/icyphy/ptII/ant/lib/ant.jar" />
    <property name="java.vm.specification.vendor" value="Oracle Corporation" />
    <property name="env.BCVTB_HOME" value="/home/travis/build/icyphy/ptII/lbnl" />
    <property name="file.separator" value="/" />
    <property name="spotbugs.home" value="/home/travis/build/icyphy/ptII/vendors/spotbugs-3.1.1" />
    <property name="java.runtime.version" value="11.0.2+9" />
    <property name="env.ANSI_CLEAR" value="\033[0K" />
    <property name="javafx.verbose" value="true" />
    <property name="env.HAS_JOSH_K_SEAL_OF_APPROVAL" value="true" />
    <property name="env.XDG_RUNTIME_DIR" value="/run/user/2000" />
    <property name="env.TRAVIS_OSX_IMAGE" value="" />
    <property name="env.TRAVIS_JOB_ID" value="585410471" />
    <property name="env.TRAVIS_BRANCH" value="master" />
    <property name="user.country" value="US" />
    <property name="env.CERTI_HOME_TRAVIS" value="/home/travis/pthla/certi-tools" />
    <property name="env.SHELL" value="/bin/bash" />
    <property name="java.maxmemory.large" value="3200m" />
    <property name="model" value="" />
    <property name="env.CASHER_DIR" value="/home/travis/.casher" />
    <property name="env.NVM_CD_FLAGS" value="" />
    <property name="java.vendor.version" value="18.9" />
    <property name="jshint.executable" value="/home/travis/node_modules/jshint/bin/jshint" />
    <property name="env.JRUBY_OPTS" value=" --client -J-XX:+TieredCompilation -J-XX:TieredStopAtLevel=1 -J-Xss2m -Xcompile.invokedynamic=false" />
    <property name="java.vendor" value="Oracle Corporation" />
    <property name="env.TRAVIS_PRE_CHEF_BOOTSTRAP_TIME" value="2019-03-25T16:16:42" />
    <property name="env.TRAVIS_STACK_JOB_BOARD_REGISTER" value="/.job-board-register.yml" />
    <property name="env.ANSI_RED" value="\033[31;1m" />
    <property name="java.specification.version" value="11" />
    <property name="env.IRBRC" value="/home/travis/.rvm/rubies/ruby-2.5.3/.irbrc" />
    <property name="env.TRAVIS" value="true" />
    <property name="sun.arch.data.model" value="64" />
  </properties>
  <testcase classname="ptolemy.util.test.junit.TclTests" name="[0] /home/travis/build/icyphy/ptII/ptolemy/domains/de/test/DependencyLoop.tcl (RunTclFile)" time="1.21" />
  <testcase classname="ptolemy.util.test.junit.TclTests" name="[1] /home/travis/build/icyphy/ptII/ptolemy/domains/de/test/RunDETestsAsQSS.tcl (RunTclFile)" time="94.689" />
  <testcase classname="ptolemy.util.test.junit.AutoKnownFailedTests" name="[0] /home/travis/build/icyphy/ptII/ptolemy/domains/de/test/auto/knownFailedTests/DESDFClockTest.xml (RunModel)" time="2.067" />
  <testcase classname="ptolemy.util.test.junit.AutoKnownFailedTests" name="[1] /home/travis/build/icyphy/ptII/ptolemy/domains/de/test/auto/knownFailedTests/DirectFeedback.xml (RunModel)" time="0.03" />
  <testcase classname="ptolemy.util.test.junit.AutoKnownFailedTests" name="[2] /home/travis/build/icyphy/ptII/ptolemy/domains/de/test/auto/knownFailedTests/FSMSource.xml (RunModel)" time="0.023" />
  <testcase classname="ptolemy.util.test.junit.AutoKnownFailedTests" name="[3] /home/travis/build/icyphy/ptII/ptolemy/domains/de/test/auto/knownFailedTests/HierarchicalModel.xml (RunModel)" time="0.053" />
  <testcase classname="ptolemy.util.test.junit.AutoKnownFailedTests" name="[4] /home/travis/build/icyphy/ptII/ptolemy/domains/de/test/auto/knownFailedTests/dependencyLoop.xml (RunModel)" time="0.052" />
  <testcase classname="ptolemy.util.test.junit.AutoKnownFailedTests" name="[5] /home/travis/build/icyphy/ptII/ptolemy/domains/de/test/auto/knownFailedTests/dependencyLoop2.xml (RunModel)" time="0.039" />
  <testcase classname="ptolemy.util.test.junit.AutoNameArchTests" name="[0] ThereAreNoAutoArchTests (RunModel)" time="0.001" />
  <testcase classname="ptolemy.util.test.junit.AutoTests" name="[0] /home/travis/build/icyphy/ptII/ptolemy/domains/de/test/auto/ActorDepthCalculation_actorWithoutPorts.xml (RunModel)" time="0.022" />
  <testcase classname="ptolemy.util.test.junit.AutoTests" name="[1] /home/travis/build/icyphy/ptII/ptolemy/domains/de/test/auto/AssemblyLine.xml (RunModel)" time="0.027" />
  <testcase classname="ptolemy.util.test.junit.AutoTests" name="[2] /home/travis/build/icyphy/ptII/ptolemy/domains/de/test/auto/CQBug1.xml (RunModel)" time="0.014" />
  <testcase classname="ptolemy.util.test.junit.AutoTests" name="[3] /home/travis/build/icyphy/ptII/ptolemy/domains/de/test/auto/CancelFireAt.xml (RunModel)" time="0.021" />
  <testcase classname="ptolemy.util.test.junit.AutoTests" name="[4] /home/travis/build/icyphy/ptII/ptolemy/domains/de/test/auto/CausalityAndComposabilityAnalysis.xml (RunModel)" time="0.025" />
  <testcase classname="ptolemy.util.test.junit.AutoTests" name="[5] /home/travis/build/icyphy/ptII/ptolemy/domains/de/test/auto/CausalityInterface1.xml (RunModel)" time="0.017" />
  <testcase classname="ptolemy.util.test.junit.AutoTests" name="[6] /home/travis/build/icyphy/ptII/ptolemy/domains/de/test/auto/CausalityInterface15.xml (RunModel)" time="0.02" />
  <testcase classname="ptolemy.util.test.junit.AutoTests" name="[7] /home/travis/build/icyphy/ptII/ptolemy/domains/de/test/auto/CausalityInterface2.xml (RunModel)" time="0.018" />
  <testcase classname="ptolemy.util.test.junit.AutoTests" name="[8] /home/travis/build/icyphy/ptII/ptolemy/domains/de/test/auto/CausalityInterface3.xml (RunModel)" time="0.014" />
  <testcase classname="ptolemy.util.test.junit.AutoTests" name="[9] /home/travis/build/icyphy/ptII/ptolemy/domains/de/test/auto/ClockDrift.xml (RunModel)" time="0.043" />
  <testcase classname="ptolemy.util.test.junit.AutoTests" name="[10] /home/travis/build/icyphy/ptII/ptolemy/domains/de/test/auto/ClockDriftAndValueChange.xml (RunModel)" time="0.039" />
  <testcase classname="ptolemy.util.test.junit.AutoTests" name="[11] /home/travis/build/icyphy/ptII/ptolemy/domains/de/test/auto/ClockDriftChange.xml (RunModel)" time="0.036" />
  <testcase classname="ptolemy.util.test.junit.AutoTests" name="[12] /home/travis/build/icyphy/ptII/ptolemy/domains/de/test/auto/ComposableCausalityAnalysis.xml (RunModel)" time="0.016" />
  <testcase classname="ptolemy.util.test.junit.AutoTests" name="[13] /home/travis/build/icyphy/ptII/ptolemy/domains/de/test/auto/DEFixedPointLimitation.xml (RunModel)" time="0.014" />
  <testcase classname="ptolemy.util.test.junit.AutoTests" name="[14] /home/travis/build/icyphy/ptII/ptolemy/domains/de/test/auto/DEScheduleTest.xml (RunModel)" time="0.039" />
  <testcase classname="ptolemy.util.test.junit.AutoTests" name="[15] /home/travis/build/icyphy/ptII/ptolemy/domains/de/test/auto/DEinDEwithStartTimes.xml (RunModel)" time="0.047" />
  <testcase classname="ptolemy.util.test.junit.AutoTests" name="[16] /home/travis/build/icyphy/ptII/ptolemy/domains/de/test/auto/DEinDEwithStartTimes2.xml (RunModel)" time="0.054" />
  <testcase classname="ptolemy.util.test.junit.AutoTests" name="[17] /home/travis/build/icyphy/ptII/ptolemy/domains/de/test/auto/DateDemo.xml (RunModel)" time="0.085" />
  <testcase classname="ptolemy.util.test.junit.AutoTests" name="[18] /home/travis/build/icyphy/ptII/ptolemy/domains/de/test/auto/DateToEvent.xml (RunModel)" time="2.07" />
  <testcase classname="ptolemy.util.test.junit.AutoTests" name="[19] /home/travis/build/icyphy/ptII/ptolemy/domains/de/test/auto/DepthTest1.xml (RunModel)" time="0.014" />
  <testcase classname="ptolemy.util.test.junit.AutoTests" name="[20] /home/travis/build/icyphy/ptII/ptolemy/domains/de/test/auto/DepthTest2.xml (RunModel)" time="0.025" />
  <testcase classname="ptolemy.util.test.junit.AutoTests" name="[21] /home/travis/build/icyphy/ptII/ptolemy/domains/de/test/auto/DepthTest3.xml (RunModel)" time="0.009" />
  <testcase classname="ptolemy.util.test.junit.AutoTests" name="[22] /home/travis/build/icyphy/ptII/ptolemy/domains/de/test/auto/DepthTest4.xml (RunModel)" time="0.032" />
  <testcase classname="ptolemy.util.test.junit.AutoTests" name="[23] /home/travis/build/icyphy/ptII/ptolemy/domains/de/test/auto/DepthTest5.xml (RunModel)" time="0.043" />
  <testcase classname="ptolemy.util.test.junit.AutoTests" name="[24] /home/travis/build/icyphy/ptII/ptolemy/domains/de/test/auto/DepthTest6.xml (RunModel)" time="0.041" />
  <testcase classname="ptolemy.util.test.junit.AutoTests" name="[25] /home/travis/build/icyphy/ptII/ptolemy/domains/de/test/auto/DepthTest7.xml (RunModel)" time="0.04" />
  <testcase classname="ptolemy.util.test.junit.AutoTests" name="[26] /home/travis/build/icyphy/ptII/ptolemy/domains/de/test/auto/EventToDate.xml (RunModel)" time="3.04" />
  <testcase classname="ptolemy.util.test.junit.AutoTests" name="[27] /home/travis/build/icyphy/ptII/ptolemy/domains/de/test/auto/FSM1.xml (RunModel)" time="0.055" />
  <testcase classname="ptolemy.util.test.junit.AutoTests" name="[28] /home/travis/build/icyphy/ptII/ptolemy/domains/de/test/auto/FSM7.xml (RunModel)" time="0.049" />
  <testcase classname="ptolemy.util.test.junit.AutoTests" name="[29] /home/travis/build/icyphy/ptII/ptolemy/domains/de/test/auto/Inspection.xml (RunModel)" time="0.056" />
  <testcase classname="ptolemy.util.test.junit.AutoTests" name="[30] /home/travis/build/icyphy/ptII/ptolemy/domains/de/test/auto/Iteration.xml (RunModel)" time="0.035" />
  <testcase classname="ptolemy.util.test.junit.AutoTests" name="[31] /home/travis/build/icyphy/ptII/ptolemy/domains/de/test/auto/LineFault.xml (RunModel)" time="0.696" />
  <testcase classname="ptolemy.util.test.junit.AutoTests" name="[32] /home/travis/build/icyphy/ptII/ptolemy/domains/de/test/auto/MergeModel1Add.xml (RunModel)" time="0.064" />
  <testcase classname="ptolemy.util.test.junit.AutoTests" name="[33] /home/travis/build/icyphy/ptII/ptolemy/domains/de/test/auto/MergeModel2Add.xml (RunModel)" time="0.055" />
  <testcase classname="ptolemy.util.test.junit.AutoTests" name="[34] /home/travis/build/icyphy/ptII/ptolemy/domains/de/test/auto/MergeModel3Add.xml (RunModel)" time="0.055" />
  <testcase classname="ptolemy.util.test.junit.AutoTests" name="[35] /home/travis/build/icyphy/ptII/ptolemy/domains/de/test/auto/MergeWithoutDiscard.xml (RunModel)" time="0.018" />
  <testcase classname="ptolemy.util.test.junit.AutoTests" name="[36] /home/travis/build/icyphy/ptII/ptolemy/domains/de/test/auto/Modal1.xml (RunModel)" time="0.029" />
  <testcase classname="ptolemy.util.test.junit.AutoTests" name="[37] /home/travis/build/icyphy/ptII/ptolemy/domains/de/test/auto/Modal2.xml (RunModel)" time="0.038" />
  <testcase classname="ptolemy.util.test.junit.AutoTests" name="[38] /home/travis/build/icyphy/ptII/ptolemy/domains/de/test/auto/Modal3.xml (RunModel)" time="0.042" />
  <testcase classname="ptolemy.util.test.junit.AutoTests" name="[39] /home/travis/build/icyphy/ptII/ptolemy/domains/de/test/auto/Modal4.xml (RunModel)" time="0.039" />
  <testcase classname="ptolemy.util.test.junit.AutoTests" name="[40] /home/travis/build/icyphy/ptII/ptolemy/domains/de/test/auto/Modal5.xml (RunModel)" time="0.048" />
  <testcase classname="ptolemy.util.test.junit.AutoTests" name="[41] /home/travis/build/icyphy/ptII/ptolemy/domains/de/test/auto/Modal6.xml (RunModel)" time="0.039" />
  <testcase classname="ptolemy.util.test.junit.AutoTests" name="[42] /home/travis/build/icyphy/ptII/ptolemy/domains/de/test/auto/Modal7.xml (RunModel)" time="0.047" />
  <testcase classname="ptolemy.util.test.junit.AutoTests" name="[43] /home/travis/build/icyphy/ptII/ptolemy/domains/de/test/auto/ModalModel.xml (RunModel)" time="0.2" />
  <testcase classname="ptolemy.util.test.junit.AutoTests" name="[44] /home/travis/build/icyphy/ptII/ptolemy/domains/de/test/auto/ModalSource.xml (RunModel)" time="0.019" />
  <testcase classname="ptolemy.util.test.junit.AutoTests" name="[45] /home/travis/build/icyphy/ptII/ptolemy/domains/de/test/auto/NonInterruptibleTimerZeroDelay.xml (RunModel)" time="0.01" />
  <testcase classname="ptolemy.util.test.junit.AutoTests" name="[46] /home/travis/build/icyphy/ptII/ptolemy/domains/de/test/auto/OpenQueueingNetwork.xml (RunModel)" time="2.637" />
  <testcase classname="ptolemy.util.test.junit.AutoTests" name="[47] /home/travis/build/icyphy/ptII/ptolemy/domains/de/test/auto/OpenQueuingNetwork.xml (RunModel)" time="0.281" />
  <testcase classname="ptolemy.util.test.junit.AutoTests" name="[48] /home/travis/build/icyphy/ptII/ptolemy/domains/de/test/auto/PeriodicSampler.xml (RunModel)" time="0.013" />
  <testcase classname="ptolemy.util.test.junit.AutoTests" name="[49] /home/travis/build/icyphy/ptII/ptolemy/domains/de/test/auto/PersistentIO.xml (RunModel)" time="0.02" />
  <testcase classname="ptolemy.util.test.junit.AutoTests" name="[50] /home/travis/build/icyphy/ptII/ptolemy/domains/de/test/auto/PortParameterResetOnInitialize.xml (RunModel)" time="0.013" />
  <testcase classname="ptolemy.util.test.junit.AutoTests" name="[51] /home/travis/build/icyphy/ptII/ptolemy/domains/de/test/auto/PortParameterUpdates.xml (RunModel)" time="0.016" />
  <testcase classname="ptolemy.util.test.junit.AutoTests" name="[52] /home/travis/build/icyphy/ptII/ptolemy/domains/de/test/auto/QueueAndServer.xml (RunModel)" time="0.024" />
  <testcase classname="ptolemy.util.test.junit.AutoTests" name="[53] /home/travis/build/icyphy/ptII/ptolemy/domains/de/test/auto/Records.xml (RunModel)" time="0.017" />
  <testcase classname="ptolemy.util.test.junit.AutoTests" name="[54] /home/travis/build/icyphy/ptII/ptolemy/domains/de/test/auto/ResetTransitionWithStartTime1.xml (RunModel)" time="0.021" />
  <testcase classname="ptolemy.util.test.junit.AutoTests" name="[55] /home/travis/build/icyphy/ptII/ptolemy/domains/de/test/auto/ResetTransitionWithStartTime2.xml (RunModel)" time="0.024" />
  <testcase classname="ptolemy.util.test.junit.AutoTests" name="[56] /home/travis/build/icyphy/ptII/ptolemy/domains/de/test/auto/ResetTransitionWithStartTime3.xml (RunModel)" time="0.022" />
  <testcase classname="ptolemy.util.test.junit.AutoTests" name="[57] /home/travis/build/icyphy/ptII/ptolemy/domains/de/test/auto/ResetTransitionWithStartTime4.xml (RunModel)" time="0.02" />
  <testcase classname="ptolemy.util.test.junit.AutoTests" name="[58] /home/travis/build/icyphy/ptII/ptolemy/domains/de/test/auto/ResettableTimer1.xml (RunModel)" time="0.012" />
  <testcase classname="ptolemy.util.test.junit.AutoTests" name="[59] /home/travis/build/icyphy/ptII/ptolemy/domains/de/test/auto/ResettableTimer2.xml (RunModel)" time="0.013" />
  <testcase classname="ptolemy.util.test.junit.AutoTests" name="[60] /home/travis/build/icyphy/ptII/ptolemy/domains/de/test/auto/ResettableTimer3.xml (RunModel)" time="0.01" />
  <testcase classname="ptolemy.util.test.junit.AutoTests" name="[61] /home/travis/build/icyphy/ptII/ptolemy/domains/de/test/auto/ResettableTimer4.xml (RunModel)" time="0.013" />
  <testcase classname="ptolemy.util.test.junit.AutoTests" name="[62] /home/travis/build/icyphy/ptII/ptolemy/domains/de/test/auto/ResettableTimer5.xml (RunModel)" time="0.011" />
  <testcase classname="ptolemy.util.test.junit.AutoTests" name="[63] /home/travis/build/icyphy/ptII/ptolemy/domains/de/test/auto/ResettableTimer6.xml (RunModel)" time="0.021" />
  <testcase classname="ptolemy.util.test.junit.AutoTests" name="[64] /home/travis/build/icyphy/ptII/ptolemy/domains/de/test/auto/ServerZeroDelay.xml (RunModel)" time="0.012" />
  <testcase classname="ptolemy.util.test.junit.AutoTests" name="[65] /home/travis/build/icyphy/ptII/ptolemy/domains/de/test/auto/SmartSender.xml (RunModel)" time="3.009" />
  <testcase classname="ptolemy.util.test.junit.AutoTests" name="[66] /home/travis/build/icyphy/ptII/ptolemy/domains/de/test/auto/ThreadedComposite.xml (RunModel)" time="0.251" />
  <testcase classname="ptolemy.util.test.junit.AutoTests" name="[67] /home/travis/build/icyphy/ptII/ptolemy/domains/de/test/auto/Time.xml (RunModel)" time="0.44" />
  <testcase classname="ptolemy.util.test.junit.AutoTests" name="[68] /home/travis/build/icyphy/ptII/ptolemy/domains/de/test/auto/TimeDelayZeroDelay.xml (RunModel)" time="0.014" />
  <testcase classname="ptolemy.util.test.junit.AutoTests" name="[69] /home/travis/build/icyphy/ptII/ptolemy/domains/de/test/auto/TimerZeroDelay.xml (RunModel)" time="0.01" />
  <testcase classname="ptolemy.util.test.junit.AutoTests" name="[70] /home/travis/build/icyphy/ptII/ptolemy/domains/de/test/auto/TimingParadox.xml (RunModel)" time="0.372" />
  <testcase classname="ptolemy.util.test.junit.AutoTests" name="[71] /home/travis/build/icyphy/ptII/ptolemy/domains/de/test/auto/TransferInputs.xml (RunModel)" time="0.019" />
  <testcase classname="ptolemy.util.test.junit.AutoTests" name="[72] /home/travis/build/icyphy/ptII/ptolemy/domains/de/test/auto/TransferOutputs2.xml (RunModel)" time="0.018" />
  <testcase classname="ptolemy.util.test.junit.AutoTests" name="[73] /home/travis/build/icyphy/ptII/ptolemy/domains/de/test/auto/Trilateration.xml (RunModel)" time="12.749" />
  <testcase classname="ptolemy.util.test.junit.AutoTests" name="[74] /home/travis/build/icyphy/ptII/ptolemy/domains/de/test/auto/TwoSigmaDelta.xml (RunModel)" time="2.392" />
  <testcase classname="ptolemy.util.test.junit.AutoTests" name="[75] /home/travis/build/icyphy/ptII/ptolemy/domains/de/test/auto/VariableDelay.xml (RunModel)" time="0.017" />
  <testcase classname="ptolemy.util.test.junit.AutoTests" name="[76] /home/travis/build/icyphy/ptII/ptolemy/domains/de/test/auto/VariableDelay2.xml (RunModel)" time="0.009" />
  <testcase classname="ptolemy.util.test.junit.AutoTests" name="[77] /home/travis/build/icyphy/ptII/ptolemy/domains/de/test/auto/VariableDelayZeroDelay.xml (RunModel)" time="0.016" />
  <testcase classname="ptolemy.util.test.junit.AutoTests" name="[78] /home/travis/build/icyphy/ptII/ptolemy/domains/de/test/auto/VariableDelayZeroDelay2.xml (RunModel)" time="0.012" />
  <testcase classname="ptolemy.util.test.junit.AutoTests" name="[79] /home/travis/build/icyphy/ptII/ptolemy/domains/de/test/auto/deInCt.xml (RunModel)" time="0.017" />
  <testcase classname="ptolemy.util.test.junit.AutoTests" name="[80] /home/travis/build/icyphy/ptII/ptolemy/domains/de/test/auto/deInCt2.xml (RunModel)" time="0.018" />
  <testcase classname="ptolemy.util.test.junit.AutoTests" name="[81] /home/travis/build/icyphy/ptII/ptolemy/domains/de/test/auto/dynamicCausalityInterface1.xml (RunModel)" time="0.018" />
  <testcase classname="ptolemy.util.test.junit.AutoTests" name="[82] /home/travis/build/icyphy/ptII/ptolemy/domains/de/test/auto/fsm_de_test.xml (RunModel)" time="0.024" />
  <testcase classname="ptolemy.util.test.junit.AutoTests" name="[83] /home/travis/build/icyphy/ptII/ptolemy/domains/de/test/auto/functionDependencyReconstruction.xml (RunModel)" time="0.032" />
  <testcase classname="ptolemy.util.test.junit.AutoTests" name="[84] /home/travis/build/icyphy/ptII/ptolemy/domains/de/test/auto/multirate.xml (RunModel)" time="0.018" />
  <testcase classname="ptolemy.util.test.junit.AutoTests" name="[85] /home/travis/build/icyphy/ptII/ptolemy/domains/de/test/auto/multirate2.xml (RunModel)" time="0.042" />
  <testcase classname="ptolemy.util.test.junit.AutoTests" name="[86] /home/travis/build/icyphy/ptII/ptolemy/domains/de/test/auto/realtime.xml (RunModel)" time="10.01" />
  <testcase classname="ptolemy.util.test.junit.AutoTests" name="[87] /home/travis/build/icyphy/ptII/ptolemy/domains/de/test/auto/relationGroup.xml (RunModel)" time="0.01" />
  <testcase classname="ptolemy.util.test.junit.AutoTests" name="[88] /home/travis/build/icyphy/ptII/ptolemy/domains/de/test/auto/relationGroup2.xml (RunModel)" time="0.012" />
  <testcase classname="ptolemy.util.test.junit.AutoTests" name="[89] /home/travis/build/icyphy/ptII/ptolemy/domains/de/test/auto/sortWithOpaquePorts.xml (RunModel)" time="0.009" />
  <testcase classname="ptolemy.util.test.junit.AutoTests" name="[90] /home/travis/build/icyphy/ptII/ptolemy/domains/de/test/auto/transferInputsandOutputs.xml (RunModel)" time="0.019" />
  <testcase classname="ptolemy.util.test.junit.AutoTests" name="[91] /home/travis/build/icyphy/ptII/ptolemy/domains/de/test/auto/triggerType.xml (RunModel)" time="0.01" />
  <system-out><![CDATA[/home/travis/build/icyphy/ptII/ptolemy/domains/de/test/DependencyLoop.tcl
testDefs.tcl: setting time out to 9000 seconds at Mon Sep 16 05:39:57 UTC 2019
83 ms. Memory: 120832K Free: 72133K (60%)
30 ms. Memory: 120832K Free: 54710K (45%)
/home/travis/build/icyphy/ptII/ptolemy/domains/de/test/RunDETestsAsQSS.tcl
Run the DE tests using ptolemy.domains.qss.test.QSSDirectorTest, which extends QSSDirector and prints a message in the constructors.
------------------ testing $PTII/ptolemy/domains/de/test/auto/knownFailedTests/DirectFeedback.xml (Known Failure) 
59 ms. Memory: 120832K Free: 48581K (40%)


==== $PTIIhome/travis/build/icyphy/ptII/ptolemy/domains/de/test/../../../../: Auto Automatic test in file $PTII/ptolemy/domains/de/test/auto/knownFailedTests/DirectFeedback.xml
==== Contents of test case:

	    # FIXME: we should use $relativeFilename here, but it
	    # might have backslashes under Windows, which causes no end
	    # of trouble.
	    createAndExecute $file
	    list {}
	
.... Test generated KNOWN error:
    while executing
ptolemy.kernel.util.IllegalActionException: Test fails in iteration 1.
Value was: 1.0. Should have been: 2.0
  in .DirectFeedback.Test
	at ptolemy.actor.lib.Test.fire(Test.java:268)
	at ptolemy.domains.de.kernel.DEDirector._fire(DEDirector.java:1949)
	at ptolemy.domains.de.kernel.DEDirector.fire(DEDirector.java:502)
	at ptolemy.actor.CompositeActor.fire(CompositeActor.java:455)
	at ptolemy.actor.Manager.iterate(Manager.java:851)
	at ptolemy.actor.Manager.execute(Manager.java:369)
	at ptolemy.actor.Manager.run(Manager.java:1263)
	at ptolemy.actor.Manager$PtolemyRunThread.run(Manager.java:1933)

    while executing
ptolemy.kernel.util.IllegalActionException: Test fails in iteration 1.
Value was: 1.0. Should have been: 2.0
  in .DirectFeedback.Test
    while executing
"java::new ptolemy.moml.MoMLSimpleApplication $file
"
    (procedure "createAndExecute" line 2)
    invoked from within
"createAndExecute $file"
    ("uplevel" body line 5)
    invoked from within
"uplevel $contents_of_test"
------------------ testing $PTII/ptolemy/domains/de/test/auto/knownFailedTests/dependencyLoop.xml (Known Failure) 
39 ms. Memory: 120832K Free: 108210K (90%)


==== $PTIIhome/travis/build/icyphy/ptII/ptolemy/domains/de/test/../../../../: Auto Automatic test in file $PTII/ptolemy/domains/de/test/auto/knownFailedTests/dependencyLoop.xml
==== Contents of test case:

	    # FIXME: we should use $relativeFilename here, but it
	    # might have backslashes under Windows, which causes no end
	    # of trouble.
	    createAndExecute $file
	    list {}
	
.... Test generated KNOWN error:
    while executing
ptolemy.kernel.util.IllegalActionException: Found a zero delay loop containing .dependencyLoop.original
  in .dependencyLoop and .dependencyLoop.original
	at ptolemy.actor.util.CausalityInterfaceForComposites._computeOutputPortDepth(CausalityInterfaceForComposites.java:759)
	at ptolemy.actor.util.CausalityInterfaceForComposites._computeInputDepth(CausalityInterfaceForComposites.java:696)
	at ptolemy.actor.util.CausalityInterfaceForComposites._computeOutputPortDepth(CausalityInterfaceForComposites.java:765)
	at ptolemy.actor.util.CausalityInterfaceForComposites._computeInputDepth(CausalityInterfaceForComposites.java:696)
	at ptolemy.actor.util.CausalityInterfaceForComposites._computeOutputPortDepth(CausalityInterfaceForComposites.java:765)
	at ptolemy.actor.util.CausalityInterfaceForComposites._computeInputDepth(CausalityInterfaceForComposites.java:696)
	at ptolemy.actor.util.CausalityInterfaceForComposites._computeActorDepth(CausalityInterfaceForComposites.java:532)
	at ptolemy.actor.util.CausalityInterfaceForComposites.checkForCycles(CausalityInterfaceForComposites.java:96)
	at ptolemy.domains.de.kernel.DEDirector.preinitialize(DEDirector.java:1338)
	at ptolemy.actor.CompositeActor.preinitialize(CompositeActor.java:1828)
	at ptolemy.actor.Manager.preinitializeAndResolveTypes(Manager.java:1040)
	at ptolemy.actor.Manager.initialize(Manager.java:710)
	at ptolemy.actor.Manager.execute(Manager.java:356)
	at ptolemy.actor.Manager.run(Manager.java:1263)
	at ptolemy.actor.Manager$PtolemyRunThread.run(Manager.java:1933)

    while executing
ptolemy.kernel.util.IllegalActionException: Found a zero delay loop containing .dependencyLoop.original
  in .dependencyLoop and .dependencyLoop.original
    while executing
"java::new ptolemy.moml.MoMLSimpleApplication $file
"
    (procedure "createAndExecute" line 2)
    invoked from within
"createAndExecute $file"
    ("uplevel" body line 5)
    invoked from within
"uplevel $contents_of_test"
------------------ testing $PTII/ptolemy/domains/de/test/auto/knownFailedTests/FSMSource.xml (Known Failure) 
83 ms. Memory: 120832K Free: 99039K (82%)
!!!! Auto was marked as failing, but now passes
------------------ testing $PTII/ptolemy/domains/de/test/auto/knownFailedTests/HierarchicalModel.xml (Known Failure) 
6 ms. Memory: 120832K Free: 81647K (68%)


==== $PTIIhome/travis/build/icyphy/ptII/ptolemy/domains/de/test/../../../../: Auto Automatic test in file $PTII/ptolemy/domains/de/test/auto/knownFailedTests/HierarchicalModel.xml
==== Contents of test case:

	    # FIXME: we should use $relativeFilename here, but it
	    # might have backslashes under Windows, which causes no end
	    # of trouble.
	    createAndExecute $file
	    list {}
	
.... Test generated KNOWN error:
    while executing
ptolemy.kernel.util.IllegalActionException: Found a zero delay loop containing .HierarchicalModel.A
  in .HierarchicalModel and .HierarchicalModel.A
	at ptolemy.actor.util.CausalityInterfaceForComposites._computeOutputPortDepth(CausalityInterfaceForComposites.java:759)
	at ptolemy.actor.util.CausalityInterfaceForComposites._computeInputDepth(CausalityInterfaceForComposites.java:696)
	at ptolemy.actor.util.CausalityInterfaceForComposites._computeOutputPortDepth(CausalityInterfaceForComposites.java:765)
	at ptolemy.actor.util.CausalityInterfaceForComposites._computeInputDepth(CausalityInterfaceForComposites.java:696)
	at ptolemy.actor.util.CausalityInterfaceForComposites._computeOutputPortDepth(CausalityInterfaceForComposites.java:765)
	at ptolemy.actor.util.CausalityInterfaceForComposites._computeInputDepth(CausalityInterfaceForComposites.java:696)
	at ptolemy.actor.util.CausalityInterfaceForComposites._computeActorDepth(CausalityInterfaceForComposites.java:532)
	at ptolemy.actor.util.CausalityInterfaceForComposites.checkForCycles(CausalityInterfaceForComposites.java:96)
	at ptolemy.domains.de.kernel.DEDirector.preinitialize(DEDirector.java:1338)
	at ptolemy.actor.CompositeActor.preinitialize(CompositeActor.java:1828)
	at ptolemy.actor.Manager.preinitializeAndResolveTypes(Manager.java:1040)
	at ptolemy.actor.Manager.initialize(Manager.java:710)
	at ptolemy.actor.Manager.execute(Manager.java:356)
	at ptolemy.actor.Manager.run(Manager.java:1263)
	at ptolemy.actor.Manager$PtolemyRunThread.run(Manager.java:1933)

    while executing
ptolemy.kernel.util.IllegalActionException: Found a zero delay loop containing .HierarchicalModel.A
  in .HierarchicalModel and .HierarchicalModel.A
    while executing
"java::new ptolemy.moml.MoMLSimpleApplication $file
"
    (procedure "createAndExecute" line 2)
    invoked from within
"createAndExecute $file"
    ("uplevel" body line 5)
    invoked from within
"uplevel $contents_of_test"
------------------ testing $PTII/ptolemy/domains/de/test/auto/knownFailedTests/dependencyLoop2.xml (Known Failure) 
31 ms. Memory: 120832K Free: 106037K (88%)


==== $PTIIhome/travis/build/icyphy/ptII/ptolemy/domains/de/test/../../../../: Auto Automatic test in file $PTII/ptolemy/domains/de/test/auto/knownFailedTests/dependencyLoop2.xml
==== Contents of test case:

	    # FIXME: we should use $relativeFilename here, but it
	    # might have backslashes under Windows, which causes no end
	    # of trouble.
	    createAndExecute $file
	    list {}
	
.... Test generated KNOWN error:
    while executing
ptolemy.kernel.util.IllegalActionException: Found a zero delay loop containing .dependencyLoop2.original
  in .dependencyLoop2 and .dependencyLoop2.original
	at ptolemy.actor.util.CausalityInterfaceForComposites._computeOutputPortDepth(CausalityInterfaceForComposites.java:759)
	at ptolemy.actor.util.CausalityInterfaceForComposites._computeInputDepth(CausalityInterfaceForComposites.java:696)
	at ptolemy.actor.util.CausalityInterfaceForComposites._computeOutputPortDepth(CausalityInterfaceForComposites.java:765)
	at ptolemy.actor.util.CausalityInterfaceForComposites._computeInputDepth(CausalityInterfaceForComposites.java:696)
	at ptolemy.actor.util.CausalityInterfaceForComposites._computeOutputPortDepth(CausalityInterfaceForComposites.java:765)
	at ptolemy.actor.util.CausalityInterfaceForComposites._computeInputDepth(CausalityInterfaceForComposites.java:696)
	at ptolemy.actor.util.CausalityInterfaceForComposites._computeActorDepth(CausalityInterfaceForComposites.java:532)
	at ptolemy.actor.util.CausalityInterfaceForComposites.checkForCycles(CausalityInterfaceForComposites.java:96)
	at ptolemy.domains.de.kernel.DEDirector.preinitialize(DEDirector.java:1338)
	at ptolemy.actor.CompositeActor.preinitialize(CompositeActor.java:1828)
	at ptolemy.actor.Manager.preinitializeAndResolveTypes(Manager.java:1040)
	at ptolemy.actor.Manager.initialize(Manager.java:710)
	at ptolemy.actor.Manager.execute(Manager.java:356)
	at ptolemy.actor.Manager.run(Manager.java:1263)
	at ptolemy.actor.Manager$PtolemyRunThread.run(Manager.java:1933)

    while executing
ptolemy.kernel.util.IllegalActionException: Found a zero delay loop containing .dependencyLoop2.original
  in .dependencyLoop2 and .dependencyLoop2.original
    while executing
"java::new ptolemy.moml.MoMLSimpleApplication $file
"
    (procedure "createAndExecute" line 2)
    invoked from within
"createAndExecute $file"
    ("uplevel" body line 5)
    invoked from within
"uplevel $contents_of_test"
------------------ testing $PTII/ptolemy/domains/de/test/auto/knownFailedTests/DESDFClockTest.xml (Known Failure) 
2044 ms. Memory: 120832K Free: 92762K (77%)


==== $PTIIhome/travis/build/icyphy/ptII/ptolemy/domains/de/test/../../../../: Auto Automatic test in file $PTII/ptolemy/domains/de/test/auto/knownFailedTests/DESDFClockTest.xml
==== Contents of test case:

	    # FIXME: we should use $relativeFilename here, but it
	    # might have backslashes under Windows, which causes no end
	    # of trouble.
	    createAndExecute $file
	    list {}
	
.... Test generated KNOWN error:
    while executing
ptolemy.kernel.util.IllegalActionException: Actor is not ready to fire.  Perhaps UpSample.prefire() returned false? Try debugging the actor by selecting "Listen to Actor".  Also, for SDF check moml for tokenConsumptionRate on input.
  in .DESDFClockTest.Play Bell.Copy1:SDF Director and .DESDFClockTest.Play Bell.UpSample
	at ptolemy.actor.sched.StaticSchedulingDirector.fire(StaticSchedulingDirector.java:227)
	at ptolemy.domains.sdf.kernel.SDFDirector.fire(SDFDirector.java:500)
	at ptolemy.actor.CompositeActor.fire(CompositeActor.java:455)
	at ptolemy.domains.de.kernel.DEDirector._fire(DEDirector.java:1949)
	at ptolemy.domains.de.kernel.DEDirector.fire(DEDirector.java:502)
	at ptolemy.actor.CompositeActor.fire(CompositeActor.java:455)
	at ptolemy.actor.Manager.iterate(Manager.java:851)
	at ptolemy.actor.Manager.execute(Manager.java:369)
	at ptolemy.actor.Manager.run(Manager.java:1263)
	at ptolemy.actor.Manager$PtolemyRunThread.run(Manager.java:1933)

    while executing
ptolemy.kernel.util.IllegalActionException: Actor is not ready to fire.  Perhaps UpSample.prefire() returned false? Try debugging the actor by selecting "Listen to Actor".  Also, for SDF check moml for tokenConsumptionRate on input.
  in .DESDFClockTest.Play Bell.Copy1:SDF Director and .DESDFClockTest.Play Bell.UpSample
    while executing
"java::new ptolemy.moml.MoMLSimpleApplication $file
"
    (procedure "createAndExecute" line 2)
    invoked from within
"createAndExecute $file"
    ("uplevel" body line 5)
    invoked from within
"uplevel $contents_of_test"
------------------ testing $PTII/ptolemy/domains/de/test/auto/ActorDepthCalculation_actorWithoutPorts.xml
auto.tcl: Setting watchdog for 200 seconds at Mon Sep 16 05:40:01 UTC 2019
13 ms. Memory: 120832K Free: 85566K (71%)
ptolemy.util.test.WatchDog.cancel(): canceling Mon Sep 16 05:40:01 UTC 2019
auto.tcl: Setting watchdog for 200 seconds at Mon Sep 16 05:40:01 UTC 2019
10 ms. Memory: 120832K Free: 84428K (70%)
ptolemy.util.test.WatchDog.cancel(): canceling Mon Sep 16 05:40:01 UTC 2019
------------------ testing $PTII/ptolemy/domains/de/test/auto/AssemblyLine.xml
auto.tcl: Setting watchdog for 200 seconds at Mon Sep 16 05:40:02 UTC 2019
8 ms. Memory: 45056K Free: 22465K (50%)
ptolemy.util.test.WatchDog.cancel(): canceling Mon Sep 16 05:40:02 UTC 2019
auto.tcl: Setting watchdog for 200 seconds at Mon Sep 16 05:40:02 UTC 2019
12 ms. Memory: 45056K Free: 22034K (49%)
ptolemy.util.test.WatchDog.cancel(): canceling Mon Sep 16 05:40:02 UTC 2019
------------------ testing $PTII/ptolemy/domains/de/test/auto/CQBug1.xml
auto.tcl: Setting watchdog for 200 seconds at Mon Sep 16 05:40:02 UTC 2019
4 ms. Memory: 45056K Free: 28443K (63%)
ptolemy.util.test.WatchDog.cancel(): canceling Mon Sep 16 05:40:02 UTC 2019
auto.tcl: Setting watchdog for 200 seconds at Mon Sep 16 05:40:02 UTC 2019
2 ms. Memory: 45056K Free: 28012K (62%)
ptolemy.util.test.WatchDog.cancel(): canceling Mon Sep 16 05:40:02 UTC 2019
------------------ testing $PTII/ptolemy/domains/de/test/auto/CancelFireAt.xml
auto.tcl: Setting watchdog for 200 seconds at Mon Sep 16 05:40:02 UTC 2019
2 ms. Memory: 45056K Free: 29674K (66%)
ptolemy.util.test.WatchDog.cancel(): canceling Mon Sep 16 05:40:02 UTC 2019
auto.tcl: Setting watchdog for 200 seconds at Mon Sep 16 05:40:02 UTC 2019
4 ms. Memory: 45056K Free: 29243K (65%)
ptolemy.util.test.WatchDog.cancel(): canceling Mon Sep 16 05:40:02 UTC 2019
------------------ testing $PTII/ptolemy/domains/de/test/auto/CausalityAndComposabilityAnalysis.xml
auto.tcl: Setting watchdog for 200 seconds at Mon Sep 16 05:40:02 UTC 2019
9 ms. Memory: 45056K Free: 27460K (61%)
ptolemy.util.test.WatchDog.cancel(): canceling Mon Sep 16 05:40:02 UTC 2019
auto.tcl: Setting watchdog for 200 seconds at Mon Sep 16 05:40:02 UTC 2019
6 ms. Memory: 45056K Free: 27028K (60%)
ptolemy.util.test.WatchDog.cancel(): canceling Mon Sep 16 05:40:02 UTC 2019
------------------ testing $PTII/ptolemy/domains/de/test/auto/CausalityInterface1.xml
auto.tcl: Setting watchdog for 200 seconds at Mon Sep 16 05:40:02 UTC 2019
23 ms. Memory: 45056K Free: 26379K (59%)
ptolemy.util.test.WatchDog.cancel(): canceling Mon Sep 16 05:40:03 UTC 2019
auto.tcl: Setting watchdog for 200 seconds at Mon Sep 16 05:40:03 UTC 2019
9 ms. Memory: 45056K Free: 25410K (56%)
ptolemy.util.test.WatchDog.cancel(): canceling Mon Sep 16 05:40:03 UTC 2019
------------------ testing $PTII/ptolemy/domains/de/test/auto/CausalityInterface15.xml
auto.tcl: Setting watchdog for 200 seconds at Mon Sep 16 05:40:03 UTC 2019
13 ms. Memory: 45056K Free: 26223K (58%)
ptolemy.util.test.WatchDog.cancel(): canceling Mon Sep 16 05:40:03 UTC 2019
auto.tcl: Setting watchdog for 200 seconds at Mon Sep 16 05:40:03 UTC 2019
4 ms. Memory: 45056K Free: 25245K (56%)
ptolemy.util.test.WatchDog.cancel(): canceling Mon Sep 16 05:40:03 UTC 2019
------------------ testing $PTII/ptolemy/domains/de/test/auto/CausalityInterface2.xml
auto.tcl: Setting watchdog for 200 seconds at Mon Sep 16 05:40:03 UTC 2019
4 ms. Memory: 45056K Free: 27005K (60%)
ptolemy.util.test.WatchDog.cancel(): canceling Mon Sep 16 05:40:03 UTC 2019
auto.tcl: Setting watchdog for 200 seconds at Mon Sep 16 05:40:03 UTC 2019
3 ms. Memory: 45056K Free: 26284K (58%)
ptolemy.util.test.WatchDog.cancel(): canceling Mon Sep 16 05:40:03 UTC 2019
------------------ testing $PTII/ptolemy/domains/de/test/auto/CausalityInterface3.xml
auto.tcl: Setting watchdog for 200 seconds at Mon Sep 16 05:40:03 UTC 2019
13 ms. Memory: 45056K Free: 26455K (59%)
ptolemy.util.test.WatchDog.cancel(): canceling Mon Sep 16 05:40:03 UTC 2019
auto.tcl: Setting watchdog for 200 seconds at Mon Sep 16 05:40:03 UTC 2019
4 ms. Memory: 45056K Free: 25669K (57%)
ptolemy.util.test.WatchDog.cancel(): canceling Mon Sep 16 05:40:03 UTC 2019
------------------ testing $PTII/ptolemy/domains/de/test/auto/ClockDrift.xml
auto.tcl: Setting watchdog for 200 seconds at Mon Sep 16 05:40:03 UTC 2019
108 ms. Memory: 45056K Free: 19060K (42%)
ptolemy.util.test.WatchDog.cancel(): canceling Mon Sep 16 05:40:03 UTC 2019
auto.tcl: Setting watchdog for 200 seconds at Mon Sep 16 05:40:03 UTC 2019
71 ms. Memory: 45056K Free: 16041K (36%)
ptolemy.util.test.WatchDog.cancel(): canceling Mon Sep 16 05:40:03 UTC 2019
------------------ testing $PTII/ptolemy/domains/de/test/auto/ClockDriftAndValueChange.xml
auto.tcl: Setting watchdog for 200 seconds at Mon Sep 16 05:40:03 UTC 2019
39 ms. Memory: 45056K Free: 19131K (42%)
ptolemy.util.test.WatchDog.cancel(): canceling Mon Sep 16 05:40:03 UTC 2019
auto.tcl: Setting watchdog for 200 seconds at Mon Sep 16 05:40:03 UTC 2019
29 ms. Memory: 45056K Free: 16287K (36%)
ptolemy.util.test.WatchDog.cancel(): canceling Mon Sep 16 05:40:03 UTC 2019
------------------ testing $PTII/ptolemy/domains/de/test/auto/ClockDriftChange.xml
auto.tcl: Setting watchdog for 200 seconds at Mon Sep 16 05:40:03 UTC 2019
20 ms. Memory: 45056K Free: 21185K (47%)
ptolemy.util.test.WatchDog.cancel(): canceling Mon Sep 16 05:40:03 UTC 2019
auto.tcl: Setting watchdog for 200 seconds at Mon Sep 16 05:40:03 UTC 2019
28 ms. Memory: 45056K Free: 18330K (41%)
ptolemy.util.test.WatchDog.cancel(): canceling Mon Sep 16 05:40:03 UTC 2019
------------------ testing $PTII/ptolemy/domains/de/test/auto/ComposableCausalityAnalysis.xml
auto.tcl: Setting watchdog for 200 seconds at Mon Sep 16 05:40:03 UTC 2019
2 ms. Memory: 45056K Free: 25862K (57%)
ptolemy.util.test.WatchDog.cancel(): canceling Mon Sep 16 05:40:04 UTC 2019
auto.tcl: Setting watchdog for 200 seconds at Mon Sep 16 05:40:04 UTC 2019
2 ms. Memory: 45056K Free: 24775K (55%)
ptolemy.util.test.WatchDog.cancel(): canceling Mon Sep 16 05:40:04 UTC 2019
------------------ testing $PTII/ptolemy/domains/de/test/auto/DEFixedPointLimitation.xml
auto.tcl: Setting watchdog for 200 seconds at Mon Sep 16 05:40:04 UTC 2019
3 ms. Memory: 45056K Free: 27152K (60%)
ptolemy.util.test.WatchDog.cancel(): canceling Mon Sep 16 05:40:04 UTC 2019
auto.tcl: Setting watchdog for 200 seconds at Mon Sep 16 05:40:04 UTC 2019
2 ms. Memory: 45056K Free: 26240K (58%)
ptolemy.util.test.WatchDog.cancel(): canceling Mon Sep 16 05:40:04 UTC 2019
------------------ testing $PTII/ptolemy/domains/de/test/auto/DEScheduleTest.xml
auto.tcl: Setting watchdog for 200 seconds at Mon Sep 16 05:40:04 UTC 2019
5 ms. Memory: 45056K Free: 27445K (61%)
ptolemy.util.test.WatchDog.cancel(): canceling Mon Sep 16 05:40:04 UTC 2019
auto.tcl: Setting watchdog for 200 seconds at Mon Sep 16 05:40:04 UTC 2019
4 ms. Memory: 45056K Free: 26687K (59%)
ptolemy.util.test.WatchDog.cancel(): canceling Mon Sep 16 05:40:04 UTC 2019
------------------ testing $PTII/ptolemy/domains/de/test/auto/DEinDEwithStartTimes.xml
auto.tcl: Setting watchdog for 200 seconds at Mon Sep 16 05:40:04 UTC 2019
4 ms. Memory: 45056K Free: 25624K (57%)
ptolemy.util.test.WatchDog.cancel(): canceling Mon Sep 16 05:40:04 UTC 2019
auto.tcl: Setting watchdog for 200 seconds at Mon Sep 16 05:40:04 UTC 2019
4 ms. Memory: 45056K Free: 24573K (55%)
ptolemy.util.test.WatchDog.cancel(): canceling Mon Sep 16 05:40:04 UTC 2019
------------------ testing $PTII/ptolemy/domains/de/test/auto/DEinDEwithStartTimes2.xml
auto.tcl: Setting watchdog for 200 seconds at Mon Sep 16 05:40:04 UTC 2019
5 ms. Memory: 45056K Free: 24834K (55%)
ptolemy.util.test.WatchDog.cancel(): canceling Mon Sep 16 05:40:04 UTC 2019
auto.tcl: Setting watchdog for 200 seconds at Mon Sep 16 05:40:04 UTC 2019
5 ms. Memory: 45056K Free: 23528K (52%)
ptolemy.util.test.WatchDog.cancel(): canceling Mon Sep 16 05:40:04 UTC 2019
------------------ testing $PTII/ptolemy/domains/de/test/auto/DateDemo.xml
auto.tcl: Setting watchdog for 200 seconds at Mon Sep 16 05:40:04 UTC 2019
27 ms. Memory: 45056K Free: 19180K (43%)
ptolemy.util.test.WatchDog.cancel(): canceling Mon Sep 16 05:40:04 UTC 2019
auto.tcl: Setting watchdog for 200 seconds at Mon Sep 16 05:40:04 UTC 2019
11 ms. Memory: 45056K Free: 17609K (39%)
ptolemy.util.test.WatchDog.cancel(): canceling Mon Sep 16 05:40:04 UTC 2019
------------------ testing $PTII/ptolemy/domains/de/test/auto/DateToEvent.xml
auto.tcl: Setting watchdog for 200 seconds at Mon Sep 16 05:40:04 UTC 2019
2012 ms. Memory: 45056K Free: 15091K (33%)
ptolemy.util.test.WatchDog.cancel(): canceling Mon Sep 16 05:40:06 UTC 2019
auto.tcl: Setting watchdog for 200 seconds at Mon Sep 16 05:40:06 UTC 2019
2006 ms. Memory: 45056K Free: 14347K (32%)
ptolemy.util.test.WatchDog.cancel(): canceling Mon Sep 16 05:40:08 UTC 2019
------------------ testing $PTII/ptolemy/domains/de/test/auto/DepthTest1.xml
auto.tcl: Setting watchdog for 200 seconds at Mon Sep 16 05:40:08 UTC 2019
7 ms. Memory: 45056K Free: 28059K (62%)
ptolemy.util.test.WatchDog.cancel(): canceling Mon Sep 16 05:40:08 UTC 2019
auto.tcl: Setting watchdog for 200 seconds at Mon Sep 16 05:40:08 UTC 2019
1 ms. Memory: 45056K Free: 27540K (61%)
ptolemy.util.test.WatchDog.cancel(): canceling Mon Sep 16 05:40:08 UTC 2019
------------------ testing $PTII/ptolemy/domains/de/test/auto/DepthTest2.xml
auto.tcl: Setting watchdog for 200 seconds at Mon Sep 16 05:40:08 UTC 2019
4 ms. Memory: 45056K Free: 24733K (55%)
ptolemy.util.test.WatchDog.cancel(): canceling Mon Sep 16 05:40:08 UTC 2019
auto.tcl: Setting watchdog for 200 seconds at Mon Sep 16 05:40:08 UTC 2019
3 ms. Memory: 45056K Free: 24244K (54%)
ptolemy.util.test.WatchDog.cancel(): canceling Mon Sep 16 05:40:08 UTC 2019
------------------ testing $PTII/ptolemy/domains/de/test/auto/DepthTest3.xml
auto.tcl: Setting watchdog for 200 seconds at Mon Sep 16 05:40:08 UTC 2019
3 ms. Memory: 45056K Free: 28387K (63%)
ptolemy.util.test.WatchDog.cancel(): canceling Mon Sep 16 05:40:08 UTC 2019
auto.tcl: Setting watchdog for 200 seconds at Mon Sep 16 05:40:08 UTC 2019
2 ms. Memory: 45056K Free: 27849K (62%)
ptolemy.util.test.WatchDog.cancel(): canceling Mon Sep 16 05:40:08 UTC 2019
------------------ testing $PTII/ptolemy/domains/de/test/auto/DepthTest4.xml
auto.tcl: Setting watchdog for 200 seconds at Mon Sep 16 05:40:08 UTC 2019
4 ms. Memory: 45056K Free: 26610K (59%)
ptolemy.util.test.WatchDog.cancel(): canceling Mon Sep 16 05:40:09 UTC 2019
auto.tcl: Setting watchdog for 200 seconds at Mon Sep 16 05:40:09 UTC 2019
4 ms. Memory: 45056K Free: 25901K (57%)
ptolemy.util.test.WatchDog.cancel(): canceling Mon Sep 16 05:40:09 UTC 2019
------------------ testing $PTII/ptolemy/domains/de/test/auto/DepthTest5.xml
auto.tcl: Setting watchdog for 200 seconds at Mon Sep 16 05:40:09 UTC 2019
5 ms. Memory: 45056K Free: 26014K (58%)
ptolemy.util.test.WatchDog.cancel(): canceling Mon Sep 16 05:40:09 UTC 2019
auto.tcl: Setting watchdog for 200 seconds at Mon Sep 16 05:40:09 UTC 2019
3 ms. Memory: 45056K Free: 25285K (56%)
ptolemy.util.test.WatchDog.cancel(): canceling Mon Sep 16 05:40:09 UTC 2019
------------------ testing $PTII/ptolemy/domains/de/test/auto/DepthTest6.xml
auto.tcl: Setting watchdog for 200 seconds at Mon Sep 16 05:40:09 UTC 2019
4 ms. Memory: 45056K Free: 25734K (57%)
ptolemy.util.test.WatchDog.cancel(): canceling Mon Sep 16 05:40:09 UTC 2019
auto.tcl: Setting watchdog for 200 seconds at Mon Sep 16 05:40:09 UTC 2019
2 ms. Memory: 45056K Free: 25184K (56%)
ptolemy.util.test.WatchDog.cancel(): canceling Mon Sep 16 05:40:09 UTC 2019
------------------ testing $PTII/ptolemy/domains/de/test/auto/DepthTest7.xml
auto.tcl: Setting watchdog for 200 seconds at Mon Sep 16 05:40:09 UTC 2019
4 ms. Memory: 45056K Free: 26534K (59%)
ptolemy.util.test.WatchDog.cancel(): canceling Mon Sep 16 05:40:09 UTC 2019
auto.tcl: Setting watchdog for 200 seconds at Mon Sep 16 05:40:09 UTC 2019
3 ms. Memory: 45056K Free: 25809K (57%)
ptolemy.util.test.WatchDog.cancel(): canceling Mon Sep 16 05:40:09 UTC 2019
------------------ testing $PTII/ptolemy/domains/de/test/auto/EventToDate.xml
auto.tcl: Setting watchdog for 200 seconds at Mon Sep 16 05:40:09 UTC 2019
3007 ms. Memory: 45056K Free: 17334K (38%)
ptolemy.util.test.WatchDog.cancel(): canceling Mon Sep 16 05:40:12 UTC 2019
auto.tcl: Setting watchdog for 200 seconds at Mon Sep 16 05:40:12 UTC 2019
3006 ms. Memory: 45056K Free: 16626K (37%)
ptolemy.util.test.WatchDog.cancel(): canceling Mon Sep 16 05:40:15 UTC 2019
------------------ testing $PTII/ptolemy/domains/de/test/auto/FSM1.xml
auto.tcl: Setting watchdog for 200 seconds at Mon Sep 16 05:40:15 UTC 2019
36 ms. Memory: 45056K Free: 18532K (41%)
ptolemy.util.test.WatchDog.cancel(): canceling Mon Sep 16 05:40:15 UTC 2019
auto.tcl: Setting watchdog for 200 seconds at Mon Sep 16 05:40:15 UTC 2019
23 ms. Memory: 45056K Free: 15281K (34%)
ptolemy.util.test.WatchDog.cancel(): canceling Mon Sep 16 05:40:15 UTC 2019
------------------ testing $PTII/ptolemy/domains/de/test/auto/FSM7.xml
auto.tcl: Setting watchdog for 200 seconds at Mon Sep 16 05:40:15 UTC 2019
15 ms. Memory: 45056K Free: 18240K (40%)
ptolemy.util.test.WatchDog.cancel(): canceling Mon Sep 16 05:40:15 UTC 2019
auto.tcl: Setting watchdog for 200 seconds at Mon Sep 16 05:40:15 UTC 2019
15 ms. Memory: 45056K Free: 15125K (34%)
ptolemy.util.test.WatchDog.cancel(): canceling Mon Sep 16 05:40:15 UTC 2019
------------------ testing $PTII/ptolemy/domains/de/test/auto/Inspection.xml
auto.tcl: Setting watchdog for 200 seconds at Mon Sep 16 05:40:15 UTC 2019
29 ms. Memory: 45056K Free: 18075K (40%)
ptolemy.util.test.WatchDog.cancel(): canceling Mon Sep 16 05:40:15 UTC 2019
auto.tcl: Setting watchdog for 200 seconds at Mon Sep 16 05:40:15 UTC 2019
33 ms. Memory: 45056K Free: 16539K (37%)
ptolemy.util.test.WatchDog.cancel(): canceling Mon Sep 16 05:40:15 UTC 2019
------------------ testing $PTII/ptolemy/domains/de/test/auto/Iteration.xml
auto.tcl: Setting watchdog for 200 seconds at Mon Sep 16 05:40:15 UTC 2019
8 ms. Memory: 45056K Free: 24016K (53%)
ptolemy.util.test.WatchDog.cancel(): canceling Mon Sep 16 05:40:15 UTC 2019
auto.tcl: Setting watchdog for 200 seconds at Mon Sep 16 05:40:15 UTC 2019
8 ms. Memory: 45056K Free: 22596K (50%)
ptolemy.util.test.WatchDog.cancel(): canceling Mon Sep 16 05:40:15 UTC 2019
------------------ testing $PTII/ptolemy/domains/de/test/auto/LineFault.xml
auto.tcl: Setting watchdog for 200 seconds at Mon Sep 16 05:40:15 UTC 2019
826 ms. Memory: 54272K Free: 36400K (67%)
ptolemy.util.test.WatchDog.cancel(): canceling Mon Sep 16 05:40:17 UTC 2019
auto.tcl: Setting watchdog for 200 seconds at Mon Sep 16 05:40:17 UTC 2019
595 ms. Memory: 54272K Free: 30802K (57%)
ptolemy.util.test.WatchDog.cancel(): canceling Mon Sep 16 05:40:17 UTC 2019
------------------ testing $PTII/ptolemy/domains/de/test/auto/MergeModel1Add.xml
auto.tcl: Setting watchdog for 200 seconds at Mon Sep 16 05:40:17 UTC 2019
24 ms. Memory: 54272K Free: 19159K (35%)
ptolemy.util.test.WatchDog.cancel(): canceling Mon Sep 16 05:40:17 UTC 2019
auto.tcl: Setting watchdog for 200 seconds at Mon Sep 16 05:40:17 UTC 2019
14 ms. Memory: 54272K Free: 17411K (32%)
ptolemy.util.test.WatchDog.cancel(): canceling Mon Sep 16 05:40:17 UTC 2019
------------------ testing $PTII/ptolemy/domains/de/test/auto/MergeModel2Add.xml
auto.tcl: Setting watchdog for 200 seconds at Mon Sep 16 05:40:17 UTC 2019
10 ms. Memory: 51200K Free: 18105K (35%)
ptolemy.util.test.WatchDog.cancel(): canceling Mon Sep 16 05:40:18 UTC 2019
auto.tcl: Setting watchdog for 200 seconds at Mon Sep 16 05:40:18 UTC 2019
9 ms. Memory: 51200K Free: 16153K (32%)
ptolemy.util.test.WatchDog.cancel(): canceling Mon Sep 16 05:40:18 UTC 2019
------------------ testing $PTII/ptolemy/domains/de/test/auto/MergeModel3Add.xml
auto.tcl: Setting watchdog for 200 seconds at Mon Sep 16 05:40:18 UTC 2019
9 ms. Memory: 51200K Free: 18098K (35%)
ptolemy.util.test.WatchDog.cancel(): canceling Mon Sep 16 05:40:18 UTC 2019
auto.tcl: Setting watchdog for 200 seconds at Mon Sep 16 05:40:18 UTC 2019
9 ms. Memory: 51200K Free: 16704K (33%)
ptolemy.util.test.WatchDog.cancel(): canceling Mon Sep 16 05:40:18 UTC 2019
------------------ testing $PTII/ptolemy/domains/de/test/auto/MergeWithoutDiscard.xml
auto.tcl: Setting watchdog for 200 seconds at Mon Sep 16 05:40:18 UTC 2019
2 ms. Memory: 51200K Free: 33016K (64%)
ptolemy.util.test.WatchDog.cancel(): canceling Mon Sep 16 05:40:18 UTC 2019
auto.tcl: Setting watchdog for 200 seconds at Mon Sep 16 05:40:18 UTC 2019
2 ms. Memory: 51200K Free: 32092K (63%)
ptolemy.util.test.WatchDog.cancel(): canceling Mon Sep 16 05:40:18 UTC 2019
------------------ testing $PTII/ptolemy/domains/de/test/auto/Modal1.xml
auto.tcl: Setting watchdog for 200 seconds at Mon Sep 16 05:40:18 UTC 2019
12 ms. Memory: 51200K Free: 24620K (48%)
ptolemy.util.test.WatchDog.cancel(): canceling Mon Sep 16 05:40:18 UTC 2019
auto.tcl: Setting watchdog for 200 seconds at Mon Sep 16 05:40:18 UTC 2019
13 ms. Memory: 51200K Free: 21123K (41%)
ptolemy.util.test.WatchDog.cancel(): canceling Mon Sep 16 05:40:18 UTC 2019
------------------ testing $PTII/ptolemy/domains/de/test/auto/Modal2.xml
auto.tcl: Setting watchdog for 200 seconds at Mon Sep 16 05:40:18 UTC 2019
19 ms. Memory: 48128K Free: 21692K (45%)
ptolemy.util.test.WatchDog.cancel(): canceling Mon Sep 16 05:40:18 UTC 2019
auto.tcl: Setting watchdog for 200 seconds at Mon Sep 16 05:40:18 UTC 2019
22 ms. Memory: 48128K Free: 18426K (38%)
ptolemy.util.test.WatchDog.cancel(): canceling Mon Sep 16 05:40:18 UTC 2019
------------------ testing $PTII/ptolemy/domains/de/test/auto/Modal3.xml
auto.tcl: Setting watchdog for 200 seconds at Mon Sep 16 05:40:18 UTC 2019
19 ms. Memory: 48128K Free: 21445K (45%)
ptolemy.util.test.WatchDog.cancel(): canceling Mon Sep 16 05:40:18 UTC 2019
auto.tcl: Setting watchdog for 200 seconds at Mon Sep 16 05:40:18 UTC 2019
17 ms. Memory: 48128K Free: 18464K (38%)
ptolemy.util.test.WatchDog.cancel(): canceling Mon Sep 16 05:40:18 UTC 2019
------------------ testing $PTII/ptolemy/domains/de/test/auto/Modal4.xml
auto.tcl: Setting watchdog for 200 seconds at Mon Sep 16 05:40:18 UTC 2019
31 ms. Memory: 48128K Free: 20649K (43%)
ptolemy.util.test.WatchDog.cancel(): canceling Mon Sep 16 05:40:18 UTC 2019
auto.tcl: Setting watchdog for 200 seconds at Mon Sep 16 05:40:18 UTC 2019
22 ms. Memory: 48128K Free: 16815K (35%)
ptolemy.util.test.WatchDog.cancel(): canceling Mon Sep 16 05:40:18 UTC 2019
------------------ testing $PTII/ptolemy/domains/de/test/auto/Modal5.xml
auto.tcl: Setting watchdog for 200 seconds at Mon Sep 16 05:40:18 UTC 2019
13 ms. Memory: 48128K Free: 20649K (43%)
ptolemy.util.test.WatchDog.cancel(): canceling Mon Sep 16 05:40:18 UTC 2019
auto.tcl: Setting watchdog for 200 seconds at Mon Sep 16 05:40:18 UTC 2019
14 ms. Memory: 48128K Free: 16801K (35%)
ptolemy.util.test.WatchDog.cancel(): canceling Mon Sep 16 05:40:18 UTC 2019
------------------ testing $PTII/ptolemy/domains/de/test/auto/Modal6.xml
auto.tcl: Setting watchdog for 200 seconds at Mon Sep 16 05:40:18 UTC 2019
21 ms. Memory: 48128K Free: 21395K (44%)
ptolemy.util.test.WatchDog.cancel(): canceling Mon Sep 16 05:40:19 UTC 2019
auto.tcl: Setting watchdog for 200 seconds at Mon Sep 16 05:40:19 UTC 2019
22 ms. Memory: 48128K Free: 17409K (36%)
ptolemy.util.test.WatchDog.cancel(): canceling Mon Sep 16 05:40:19 UTC 2019
------------------ testing $PTII/ptolemy/domains/de/test/auto/Modal7.xml
auto.tcl: Setting watchdog for 200 seconds at Mon Sep 16 05:40:19 UTC 2019
19 ms. Memory: 48128K Free: 20611K (43%)
ptolemy.util.test.WatchDog.cancel(): canceling Mon Sep 16 05:40:19 UTC 2019
auto.tcl: Setting watchdog for 200 seconds at Mon Sep 16 05:40:19 UTC 2019
17 ms. Memory: 48128K Free: 17062K (35%)
ptolemy.util.test.WatchDog.cancel(): canceling Mon Sep 16 05:40:19 UTC 2019
------------------ testing $PTII/ptolemy/domains/de/test/auto/ModalModel.xml
auto.tcl: Setting watchdog for 200 seconds at Mon Sep 16 05:40:19 UTC 2019
246 ms. Memory: 58368K Free: 27074K (46%)
ptolemy.util.test.WatchDog.cancel(): canceling Mon Sep 16 05:40:19 UTC 2019
auto.tcl: Setting watchdog for 200 seconds at Mon Sep 16 05:40:19 UTC 2019
198 ms. Memory: 58368K Free: 26666K (46%)
ptolemy.util.test.WatchDog.cancel(): canceling Mon Sep 16 05:40:19 UTC 2019
------------------ testing $PTII/ptolemy/domains/de/test/auto/ModalSource.xml
auto.tcl: Setting watchdog for 200 seconds at Mon Sep 16 05:40:19 UTC 2019
9 ms. Memory: 51200K Free: 28530K (56%)
ptolemy.util.test.WatchDog.cancel(): canceling Mon Sep 16 05:40:19 UTC 2019
auto.tcl: Setting watchdog for 200 seconds at Mon Sep 16 05:40:19 UTC 2019
7 ms. Memory: 51200K Free: 26582K (52%)
ptolemy.util.test.WatchDog.cancel(): canceling Mon Sep 16 05:40:19 UTC 2019
------------------ testing $PTII/ptolemy/domains/de/test/auto/NonInterruptibleTimerZeroDelay.xml
auto.tcl: Setting watchdog for 200 seconds at Mon Sep 16 05:40:19 UTC 2019
4 ms. Memory: 51200K Free: 33373K (65%)
ptolemy.util.test.WatchDog.cancel(): canceling Mon Sep 16 05:40:19 UTC 2019
auto.tcl: Setting watchdog for 200 seconds at Mon Sep 16 05:40:19 UTC 2019
2 ms. Memory: 51200K Free: 32789K (64%)
ptolemy.util.test.WatchDog.cancel(): canceling Mon Sep 16 05:40:19 UTC 2019
------------------ testing $PTII/ptolemy/domains/de/test/auto/OpenQueueingNetwork.xml
auto.tcl: Setting watchdog for 200 seconds at Mon Sep 16 05:40:20 UTC 2019
3451 ms. Memory: 122880K Free: 51489K (42%)
ptolemy.util.test.WatchDog.cancel(): canceling Mon Sep 16 05:40:23 UTC 2019
auto.tcl: Setting watchdog for 200 seconds at Mon Sep 16 05:40:23 UTC 2019
2784 ms. Memory: 182272K Free: 120180K (66%)
ptolemy.util.test.WatchDog.cancel(): canceling Mon Sep 16 05:40:26 UTC 2019
------------------ testing $PTII/ptolemy/domains/de/test/auto/OpenQueuingNetwork.xml
auto.tcl: Setting watchdog for 200 seconds at Mon Sep 16 05:40:26 UTC 2019
274 ms. Memory: 55296K Free: 25575K (46%)
ptolemy.util.test.WatchDog.cancel(): canceling Mon Sep 16 05:40:26 UTC 2019
auto.tcl: Setting watchdog for 200 seconds at Mon Sep 16 05:40:26 UTC 2019
251 ms. Memory: 55296K Free: 34126K (62%)
ptolemy.util.test.WatchDog.cancel(): canceling Mon Sep 16 05:40:27 UTC 2019
------------------ testing $PTII/ptolemy/domains/de/test/auto/PeriodicSampler.xml
auto.tcl: Setting watchdog for 200 seconds at Mon Sep 16 05:40:27 UTC 2019
4 ms. Memory: 51200K Free: 32682K (64%)
ptolemy.util.test.WatchDog.cancel(): canceling Mon Sep 16 05:40:27 UTC 2019
auto.tcl: Setting watchdog for 200 seconds at Mon Sep 16 05:40:27 UTC 2019
3 ms. Memory: 51200K Free: 32155K (63%)
ptolemy.util.test.WatchDog.cancel(): canceling Mon Sep 16 05:40:27 UTC 2019
------------------ testing $PTII/ptolemy/domains/de/test/auto/PersistentIO.xml
auto.tcl: Setting watchdog for 200 seconds at Mon Sep 16 05:40:27 UTC 2019
15 ms. Memory: 48128K Free: 24542K (51%)
ptolemy.util.test.WatchDog.cancel(): canceling Mon Sep 16 05:40:27 UTC 2019
auto.tcl: Setting watchdog for 200 seconds at Mon Sep 16 05:40:27 UTC 2019
5 ms. Memory: 48128K Free: 23058K (48%)
ptolemy.util.test.WatchDog.cancel(): canceling Mon Sep 16 05:40:27 UTC 2019
------------------ testing $PTII/ptolemy/domains/de/test/auto/PortParameterResetOnInitialize.xml
auto.tcl: Setting watchdog for 200 seconds at Mon Sep 16 05:40:27 UTC 2019
9 ms. Memory: 48128K Free: 29518K (61%)
ptolemy.util.test.WatchDog.cancel(): canceling Mon Sep 16 05:40:27 UTC 2019
auto.tcl: Setting watchdog for 200 seconds at Mon Sep 16 05:40:27 UTC 2019
2 ms. Memory: 48128K Free: 29034K (60%)
ptolemy.util.test.WatchDog.cancel(): canceling Mon Sep 16 05:40:27 UTC 2019
------------------ testing $PTII/ptolemy/domains/de/test/auto/PortParameterUpdates.xml
auto.tcl: Setting watchdog for 200 seconds at Mon Sep 16 05:40:27 UTC 2019
4 ms. Memory: 48128K Free: 27587K (57%)
ptolemy.util.test.WatchDog.cancel(): canceling Mon Sep 16 05:40:27 UTC 2019
auto.tcl: Setting watchdog for 200 seconds at Mon Sep 16 05:40:27 UTC 2019
4 ms. Memory: 48128K Free: 26136K (54%)
ptolemy.util.test.WatchDog.cancel(): canceling Mon Sep 16 05:40:27 UTC 2019
------------------ testing $PTII/ptolemy/domains/de/test/auto/QueueAndServer.xml
auto.tcl: Setting watchdog for 200 seconds at Mon Sep 16 05:40:27 UTC 2019
17 ms. Memory: 48128K Free: 26536K (55%)
ptolemy.util.test.WatchDog.cancel(): canceling Mon Sep 16 05:40:27 UTC 2019
auto.tcl: Setting watchdog for 200 seconds at Mon Sep 16 05:40:27 UTC 2019
7 ms. Memory: 48128K Free: 25110K (52%)
ptolemy.util.test.WatchDog.cancel(): canceling Mon Sep 16 05:40:27 UTC 2019
------------------ testing $PTII/ptolemy/domains/de/test/auto/Records.xml
auto.tcl: Setting watchdog for 200 seconds at Mon Sep 16 05:40:27 UTC 2019
3 ms. Memory: 48128K Free: 29062K (60%)
ptolemy.util.test.WatchDog.cancel(): canceling Mon Sep 16 05:40:27 UTC 2019
auto.tcl: Setting watchdog for 200 seconds at Mon Sep 16 05:40:27 UTC 2019
2 ms. Memory: 48128K Free: 28600K (59%)
ptolemy.util.test.WatchDog.cancel(): canceling Mon Sep 16 05:40:27 UTC 2019
------------------ testing $PTII/ptolemy/domains/de/test/auto/ResetTransitionWithStartTime1.xml
auto.tcl: Setting watchdog for 200 seconds at Mon Sep 16 05:40:27 UTC 2019
15 ms. Memory: 48128K Free: 26018K (54%)
ptolemy.util.test.WatchDog.cancel(): canceling Mon Sep 16 05:40:27 UTC 2019
auto.tcl: Setting watchdog for 200 seconds at Mon Sep 16 05:40:27 UTC 2019
8 ms. Memory: 48128K Free: 23970K (50%)
ptolemy.util.test.WatchDog.cancel(): canceling Mon Sep 16 05:40:27 UTC 2019
------------------ testing $PTII/ptolemy/domains/de/test/auto/ResetTransitionWithStartTime2.xml
auto.tcl: Setting watchdog for 200 seconds at Mon Sep 16 05:40:27 UTC 2019
8 ms. Memory: 48128K Free: 25973K (54%)
ptolemy.util.test.WatchDog.cancel(): canceling Mon Sep 16 05:40:27 UTC 2019
auto.tcl: Setting watchdog for 200 seconds at Mon Sep 16 05:40:27 UTC 2019
8 ms. Memory: 48128K Free: 23471K (49%)
ptolemy.util.test.WatchDog.cancel(): canceling Mon Sep 16 05:40:27 UTC 2019
------------------ testing $PTII/ptolemy/domains/de/test/auto/ResetTransitionWithStartTime3.xml
auto.tcl: Setting watchdog for 200 seconds at Mon Sep 16 05:40:27 UTC 2019
12 ms. Memory: 48128K Free: 25972K (54%)
ptolemy.util.test.WatchDog.cancel(): canceling Mon Sep 16 05:40:27 UTC 2019
auto.tcl: Setting watchdog for 200 seconds at Mon Sep 16 05:40:27 UTC 2019
8 ms. Memory: 48128K Free: 23470K (49%)
ptolemy.util.test.WatchDog.cancel(): canceling Mon Sep 16 05:40:27 UTC 2019
------------------ testing $PTII/ptolemy/domains/de/test/auto/ResetTransitionWithStartTime4.xml
auto.tcl: Setting watchdog for 200 seconds at Mon Sep 16 05:40:28 UTC 2019
9 ms. Memory: 48128K Free: 26438K (55%)
ptolemy.util.test.WatchDog.cancel(): canceling Mon Sep 16 05:40:28 UTC 2019
auto.tcl: Setting watchdog for 200 seconds at Mon Sep 16 05:40:28 UTC 2019
4 ms. Memory: 48128K Free: 25019K (52%)
ptolemy.util.test.WatchDog.cancel(): canceling Mon Sep 16 05:40:28 UTC 2019
------------------ testing $PTII/ptolemy/domains/de/test/auto/ResettableTimer1.xml
auto.tcl: Setting watchdog for 200 seconds at Mon Sep 16 05:40:28 UTC 2019
3 ms. Memory: 48128K Free: 30460K (63%)
ptolemy.util.test.WatchDog.cancel(): canceling Mon Sep 16 05:40:28 UTC 2019
auto.tcl: Setting watchdog for 200 seconds at Mon Sep 16 05:40:28 UTC 2019
2 ms. Memory: 48128K Free: 29587K (61%)
ptolemy.util.test.WatchDog.cancel(): canceling Mon Sep 16 05:40:28 UTC 2019
------------------ testing $PTII/ptolemy/domains/de/test/auto/ResettableTimer2.xml
auto.tcl: Setting watchdog for 200 seconds at Mon Sep 16 05:40:28 UTC 2019
3 ms. Memory: 48128K Free: 30242K (63%)
ptolemy.util.test.WatchDog.cancel(): canceling Mon Sep 16 05:40:28 UTC 2019
auto.tcl: Setting watchdog for 200 seconds at Mon Sep 16 05:40:28 UTC 2019
2 ms. Memory: 48128K Free: 29157K (61%)
ptolemy.util.test.WatchDog.cancel(): canceling Mon Sep 16 05:40:28 UTC 2019
------------------ testing $PTII/ptolemy/domains/de/test/auto/ResettableTimer3.xml
auto.tcl: Setting watchdog for 200 seconds at Mon Sep 16 05:40:28 UTC 2019
2 ms. Memory: 48128K Free: 30115K (63%)
ptolemy.util.test.WatchDog.cancel(): canceling Mon Sep 16 05:40:28 UTC 2019
auto.tcl: Setting watchdog for 200 seconds at Mon Sep 16 05:40:28 UTC 2019
1 ms. Memory: 48128K Free: 29619K (62%)
ptolemy.util.test.WatchDog.cancel(): canceling Mon Sep 16 05:40:28 UTC 2019
------------------ testing $PTII/ptolemy/domains/de/test/auto/ResettableTimer4.xml
auto.tcl: Setting watchdog for 200 seconds at Mon Sep 16 05:40:28 UTC 2019
2 ms. Memory: 48128K Free: 30125K (63%)
ptolemy.util.test.WatchDog.cancel(): canceling Mon Sep 16 05:40:28 UTC 2019
auto.tcl: Setting watchdog for 200 seconds at Mon Sep 16 05:40:28 UTC 2019
2 ms. Memory: 48128K Free: 29634K (62%)
ptolemy.util.test.WatchDog.cancel(): canceling Mon Sep 16 05:40:28 UTC 2019
------------------ testing $PTII/ptolemy/domains/de/test/auto/ResettableTimer5.xml
auto.tcl: Setting watchdog for 200 seconds at Mon Sep 16 05:40:28 UTC 2019
2 ms. Memory: 48128K Free: 29587K (61%)
ptolemy.util.test.WatchDog.cancel(): canceling Mon Sep 16 05:40:28 UTC 2019
auto.tcl: Setting watchdog for 200 seconds at Mon Sep 16 05:40:28 UTC 2019
2 ms. Memory: 48128K Free: 29135K (61%)
ptolemy.util.test.WatchDog.cancel(): canceling Mon Sep 16 05:40:28 UTC 2019
------------------ testing $PTII/ptolemy/domains/de/test/auto/ResettableTimer6.xml
auto.tcl: Setting watchdog for 200 seconds at Mon Sep 16 05:40:28 UTC 2019
2 ms. Memory: 48128K Free: 29578K (61%)
ptolemy.util.test.WatchDog.cancel(): canceling Mon Sep 16 05:40:28 UTC 2019
auto.tcl: Setting watchdog for 200 seconds at Mon Sep 16 05:40:28 UTC 2019
2 ms. Memory: 48128K Free: 29093K (60%)
ptolemy.util.test.WatchDog.cancel(): canceling Mon Sep 16 05:40:28 UTC 2019
------------------ testing $PTII/ptolemy/domains/de/test/auto/ServerZeroDelay.xml
auto.tcl: Setting watchdog for 200 seconds at Mon Sep 16 05:40:28 UTC 2019
2 ms. Memory: 48128K Free: 30258K (63%)
ptolemy.util.test.WatchDog.cancel(): canceling Mon Sep 16 05:40:28 UTC 2019
auto.tcl: Setting watchdog for 200 seconds at Mon Sep 16 05:40:28 UTC 2019
2 ms. Memory: 48128K Free: 29169K (61%)
ptolemy.util.test.WatchDog.cancel(): canceling Mon Sep 16 05:40:28 UTC 2019
------------------ testing $PTII/ptolemy/domains/de/test/auto/SmartSender.xml
auto.tcl: Setting watchdog for 200 seconds at Mon Sep 16 05:40:28 UTC 2019
3002 ms. Memory: 48128K Free: 30120K (63%)
ptolemy.util.test.WatchDog.cancel(): canceling Mon Sep 16 05:40:31 UTC 2019
auto.tcl: Setting watchdog for 200 seconds at Mon Sep 16 05:40:31 UTC 2019
3003 ms. Memory: 48128K Free: 29624K (62%)
ptolemy.util.test.WatchDog.cancel(): canceling Mon Sep 16 05:40:34 UTC 2019
------------------ testing $PTII/ptolemy/domains/de/test/auto/ThreadedComposite.xml
auto.tcl: Setting watchdog for 200 seconds at Mon Sep 16 05:40:34 UTC 2019
314 ms. Memory: 48128K Free: 11159K (23%)
ptolemy.util.test.WatchDog.cancel(): canceling Mon Sep 16 05:40:35 UTC 2019
auto.tcl: Setting watchdog for 200 seconds at Mon Sep 16 05:40:35 UTC 2019
284 ms. Memory: 48128K Free: 24320K (51%)
ptolemy.util.test.WatchDog.cancel(): canceling Mon Sep 16 05:40:35 UTC 2019
------------------ testing $PTII/ptolemy/domains/de/test/auto/Time.xml
auto.tcl: Setting watchdog for 200 seconds at Mon Sep 16 05:40:35 UTC 2019
576 ms. Memory: 48128K Free: 27227K (57%)
ptolemy.util.test.WatchDog.cancel(): canceling Mon Sep 16 05:40:35 UTC 2019
auto.tcl: Setting watchdog for 200 seconds at Mon Sep 16 05:40:35 UTC 2019
572 ms. Memory: 48128K Free: 23527K (49%)
ptolemy.util.test.WatchDog.cancel(): canceling Mon Sep 16 05:40:36 UTC 2019
------------------ testing $PTII/ptolemy/domains/de/test/auto/TimeDelayZeroDelay.xml
auto.tcl: Setting watchdog for 200 seconds at Mon Sep 16 05:40:36 UTC 2019
3 ms. Memory: 48128K Free: 30518K (63%)
ptolemy.util.test.WatchDog.cancel(): canceling Mon Sep 16 05:40:36 UTC 2019
auto.tcl: Setting watchdog for 200 seconds at Mon Sep 16 05:40:36 UTC 2019
2 ms. Memory: 48128K Free: 29627K (62%)
ptolemy.util.test.WatchDog.cancel(): canceling Mon Sep 16 05:40:36 UTC 2019
------------------ testing $PTII/ptolemy/domains/de/test/auto/TimerZeroDelay.xml
auto.tcl: Setting watchdog for 200 seconds at Mon Sep 16 05:40:36 UTC 2019
2 ms. Memory: 48128K Free: 30555K (63%)
ptolemy.util.test.WatchDog.cancel(): canceling Mon Sep 16 05:40:36 UTC 2019
auto.tcl: Setting watchdog for 200 seconds at Mon Sep 16 05:40:36 UTC 2019
2 ms. Memory: 48128K Free: 30065K (62%)
ptolemy.util.test.WatchDog.cancel(): canceling Mon Sep 16 05:40:36 UTC 2019
------------------ testing $PTII/ptolemy/domains/de/test/auto/TimingParadox.xml
auto.tcl: Setting watchdog for 200 seconds at Mon Sep 16 05:40:36 UTC 2019
391 ms. Memory: 97280K Free: 62685K (64%)
ptolemy.util.test.WatchDog.cancel(): canceling Mon Sep 16 05:40:37 UTC 2019
auto.tcl: Setting watchdog for 200 seconds at Mon Sep 16 05:40:37 UTC 2019
354 ms. Memory: 97280K Free: 28379K (29%)
ptolemy.util.test.WatchDog.cancel(): canceling Mon Sep 16 05:40:37 UTC 2019
------------------ testing $PTII/ptolemy/domains/de/test/auto/TransferInputs.xml
auto.tcl: Setting watchdog for 200 seconds at Mon Sep 16 05:40:37 UTC 2019
3 ms. Memory: 51200K Free: 31813K (62%)
ptolemy.util.test.WatchDog.cancel(): canceling Mon Sep 16 05:40:37 UTC 2019
auto.tcl: Setting watchdog for 200 seconds at Mon Sep 16 05:40:37 UTC 2019
2 ms. Memory: 51200K Free: 31108K (61%)
ptolemy.util.test.WatchDog.cancel(): canceling Mon Sep 16 05:40:37 UTC 2019
------------------ testing $PTII/ptolemy/domains/de/test/auto/TransferOutputs2.xml
auto.tcl: Setting watchdog for 200 seconds at Mon Sep 16 05:40:37 UTC 2019
3 ms. Memory: 51200K Free: 29047K (57%)
ptolemy.util.test.WatchDog.cancel(): canceling Mon Sep 16 05:40:37 UTC 2019
auto.tcl: Setting watchdog for 200 seconds at Mon Sep 16 05:40:37 UTC 2019
3 ms. Memory: 51200K Free: 27655K (54%)
ptolemy.util.test.WatchDog.cancel(): canceling Mon Sep 16 05:40:37 UTC 2019
------------------ testing $PTII/ptolemy/domains/de/test/auto/Trilateration.xml
auto.tcl: Setting watchdog for 200 seconds at Mon Sep 16 05:40:37 UTC 2019
15679 ms. Memory: 396288K Free: 160787K (41%)
ptolemy.util.test.WatchDog.cancel(): canceling Mon Sep 16 05:40:54 UTC 2019
auto.tcl: Setting watchdog for 200 seconds at Mon Sep 16 05:40:54 UTC 2019
11803 ms. Memory: 396288K Free: 352157K (89%)
ptolemy.util.test.WatchDog.cancel(): canceling Mon Sep 16 05:41:06 UTC 2019
------------------ testing $PTII/ptolemy/domains/de/test/auto/TwoSigmaDelta.xml
auto.tcl: Setting watchdog for 200 seconds at Mon Sep 16 05:41:06 UTC 2019
2895 ms. Memory: 86016K Free: 51261K (60%)
ptolemy.util.test.WatchDog.cancel(): canceling Mon Sep 16 05:41:09 UTC 2019
auto.tcl: Setting watchdog for 200 seconds at Mon Sep 16 05:41:09 UTC 2019
2291 ms. Memory: 86016K Free: 39477K (46%)
ptolemy.util.test.WatchDog.cancel(): canceling Mon Sep 16 05:41:12 UTC 2019
------------------ testing $PTII/ptolemy/domains/de/test/auto/VariableDelay.xml
auto.tcl: Setting watchdog for 200 seconds at Mon Sep 16 05:41:12 UTC 2019
3 ms. Memory: 51200K Free: 32081K (63%)
ptolemy.util.test.WatchDog.cancel(): canceling Mon Sep 16 05:41:12 UTC 2019
auto.tcl: Setting watchdog for 200 seconds at Mon Sep 16 05:41:12 UTC 2019
2 ms. Memory: 51200K Free: 31087K (61%)
ptolemy.util.test.WatchDog.cancel(): canceling Mon Sep 16 05:41:12 UTC 2019
------------------ testing $PTII/ptolemy/domains/de/test/auto/VariableDelay2.xml
auto.tcl: Setting watchdog for 200 seconds at Mon Sep 16 05:41:12 UTC 2019
3 ms. Memory: 48128K Free: 29423K (61%)
ptolemy.util.test.WatchDog.cancel(): canceling Mon Sep 16 05:41:12 UTC 2019
auto.tcl: Setting watchdog for 200 seconds at Mon Sep 16 05:41:12 UTC 2019
2 ms. Memory: 48128K Free: 28927K (60%)
ptolemy.util.test.WatchDog.cancel(): canceling Mon Sep 16 05:41:12 UTC 2019
------------------ testing $PTII/ptolemy/domains/de/test/auto/VariableDelayZeroDelay.xml
auto.tcl: Setting watchdog for 200 seconds at Mon Sep 16 05:41:12 UTC 2019
2 ms. Memory: 48128K Free: 29951K (62%)
ptolemy.util.test.WatchDog.cancel(): canceling Mon Sep 16 05:41:12 UTC 2019
auto.tcl: Setting watchdog for 200 seconds at Mon Sep 16 05:41:12 UTC 2019
2 ms. Memory: 48128K Free: 29464K (61%)
ptolemy.util.test.WatchDog.cancel(): canceling Mon Sep 16 05:41:12 UTC 2019
------------------ testing $PTII/ptolemy/domains/de/test/auto/VariableDelayZeroDelay2.xml
auto.tcl: Setting watchdog for 200 seconds at Mon Sep 16 05:41:12 UTC 2019
3 ms. Memory: 48128K Free: 29950K (62%)
ptolemy.util.test.WatchDog.cancel(): canceling Mon Sep 16 05:41:12 UTC 2019
auto.tcl: Setting watchdog for 200 seconds at Mon Sep 16 05:41:12 UTC 2019
2 ms. Memory: 48128K Free: 28969K (60%)
ptolemy.util.test.WatchDog.cancel(): canceling Mon Sep 16 05:41:12 UTC 2019
------------------ testing $PTII/ptolemy/domains/de/test/auto/deInCt.xml
auto.tcl: Setting watchdog for 200 seconds at Mon Sep 16 05:41:12 UTC 2019
0
1
1
1
0
0
0
0
0
1
1
1
0
0
0
1
1
1
0
0
0
1
1
1
1
0
0
0
1
1
0
0
0
1
1
1
1
0
0
0
20 ms. Memory: 48128K Free: 28923K (60%)
ptolemy.util.test.WatchDog.cancel(): canceling Mon Sep 16 05:41:12 UTC 2019
auto.tcl: Setting watchdog for 200 seconds at Mon Sep 16 05:41:12 UTC 2019
0
1
1
1
1
1
1
1
1
0
0
0
1
1
1
0
0
0
0
1
1
1
0
0
0
1
1
1
0
0
0
0
6 ms. Memory: 48128K Free: 27404K (57%)
ptolemy.util.test.WatchDog.cancel(): canceling Mon Sep 16 05:41:12 UTC 2019
------------------ testing $PTII/ptolemy/domains/de/test/auto/deInCt2.xml
auto.tcl: Setting watchdog for 200 seconds at Mon Sep 16 05:41:12 UTC 2019
0
1
1
1
0
0
1
1
1
0
0
1
1
1
0
0
1
1
1
0
0
1
1
1
0
0
1
1
1
0
0
1
1
1
0
0
1
1
1
0
0
0
12 ms. Memory: 48128K Free: 28928K (60%)
ptolemy.util.test.WatchDog.cancel(): canceling Mon Sep 16 05:41:12 UTC 2019
auto.tcl: Setting watchdog for 200 seconds at Mon Sep 16 05:41:12 UTC 2019
0
1
1
1
0
0
1
1
1
0
0
1
1
1
0
0
1
1
1
0
0
1
1
1
0
0
1
1
1
0
0
1
1
1
0
0
1
1
1
0
0
0
12 ms. Memory: 48128K Free: 27406K (57%)
ptolemy.util.test.WatchDog.cancel(): canceling Mon Sep 16 05:41:12 UTC 2019
------------------ testing $PTII/ptolemy/domains/de/test/auto/dynamicCausalityInterface1.xml
auto.tcl: Setting watchdog for 200 seconds at Mon Sep 16 05:41:12 UTC 2019
2 ms. Memory: 48128K Free: 24187K (50%)
ptolemy.util.test.WatchDog.cancel(): canceling Mon Sep 16 05:41:12 UTC 2019
auto.tcl: Setting watchdog for 200 seconds at Mon Sep 16 05:41:12 UTC 2019
1 ms. Memory: 48128K Free: 23800K (49%)
ptolemy.util.test.WatchDog.cancel(): canceling Mon Sep 16 05:41:12 UTC 2019
------------------ testing $PTII/ptolemy/domains/de/test/auto/fsm_de_test.xml
auto.tcl: Setting watchdog for 200 seconds at Mon Sep 16 05:41:12 UTC 2019
8 ms. Memory: 48128K Free: 24723K (51%)
ptolemy.util.test.WatchDog.cancel(): canceling Mon Sep 16 05:41:12 UTC 2019
auto.tcl: Setting watchdog for 200 seconds at Mon Sep 16 05:41:12 UTC 2019
6 ms. Memory: 48128K Free: 22704K (47%)
ptolemy.util.test.WatchDog.cancel(): canceling Mon Sep 16 05:41:12 UTC 2019
------------------ testing $PTII/ptolemy/domains/de/test/auto/functionDependencyReconstruction.xml
auto.tcl: Setting watchdog for 200 seconds at Mon Sep 16 05:41:12 UTC 2019
3 ms. Memory: 48128K Free: 18601K (39%)
ptolemy.util.test.WatchDog.cancel(): canceling Mon Sep 16 05:41:12 UTC 2019
auto.tcl: Setting watchdog for 200 seconds at Mon Sep 16 05:41:12 UTC 2019
4 ms. Memory: 48128K Free: 16590K (34%)
ptolemy.util.test.WatchDog.cancel(): canceling Mon Sep 16 05:41:12 UTC 2019
------------------ testing $PTII/ptolemy/domains/de/test/auto/multirate.xml
auto.tcl: Setting watchdog for 200 seconds at Mon Sep 16 05:41:13 UTC 2019
8 ms. Memory: 48128K Free: 26814K (56%)
ptolemy.util.test.WatchDog.cancel(): canceling Mon Sep 16 05:41:13 UTC 2019
auto.tcl: Setting watchdog for 200 seconds at Mon Sep 16 05:41:13 UTC 2019
2 ms. Memory: 48128K Free: 25651K (53%)
ptolemy.util.test.WatchDog.cancel(): canceling Mon Sep 16 05:41:13 UTC 2019
------------------ testing $PTII/ptolemy/domains/de/test/auto/multirate2.xml
auto.tcl: Setting watchdog for 200 seconds at Mon Sep 16 05:41:13 UTC 2019
4 ms. Memory: 48128K Free: 27352K (57%)
ptolemy.util.test.WatchDog.cancel(): canceling Mon Sep 16 05:41:13 UTC 2019
auto.tcl: Setting watchdog for 200 seconds at Mon Sep 16 05:41:13 UTC 2019
3 ms. Memory: 48128K Free: 25885K (54%)
ptolemy.util.test.WatchDog.cancel(): canceling Mon Sep 16 05:41:13 UTC 2019
------------------ testing $PTII/ptolemy/domains/de/test/auto/realtime.xml
auto.tcl: Setting watchdog for 200 seconds at Mon Sep 16 05:41:13 UTC 2019
10002 ms. Memory: 48128K Free: 29658K (62%)
ptolemy.util.test.WatchDog.cancel(): canceling Mon Sep 16 05:41:23 UTC 2019
auto.tcl: Setting watchdog for 200 seconds at Mon Sep 16 05:41:23 UTC 2019
10001 ms. Memory: 48128K Free: 28902K (60%)
ptolemy.util.test.WatchDog.cancel(): canceling Mon Sep 16 05:41:33 UTC 2019
------------------ testing $PTII/ptolemy/domains/de/test/auto/relationGroup.xml
auto.tcl: Setting watchdog for 200 seconds at Mon Sep 16 05:41:33 UTC 2019
3 ms. Memory: 48128K Free: 30670K (64%)
ptolemy.util.test.WatchDog.cancel(): canceling Mon Sep 16 05:41:33 UTC 2019
auto.tcl: Setting watchdog for 200 seconds at Mon Sep 16 05:41:33 UTC 2019
2 ms. Memory: 48128K Free: 29952K (62%)
ptolemy.util.test.WatchDog.cancel(): canceling Mon Sep 16 05:41:33 UTC 2019
------------------ testing $PTII/ptolemy/domains/de/test/auto/relationGroup2.xml
auto.tcl: Setting watchdog for 200 seconds at Mon Sep 16 05:41:33 UTC 2019
1 ms. Memory: 48128K Free: 30487K (63%)
ptolemy.util.test.WatchDog.cancel(): canceling Mon Sep 16 05:41:33 UTC 2019
auto.tcl: Setting watchdog for 200 seconds at Mon Sep 16 05:41:33 UTC 2019
2 ms. Memory: 48128K Free: 29977K (62%)
ptolemy.util.test.WatchDog.cancel(): canceling Mon Sep 16 05:41:33 UTC 2019
------------------ testing $PTII/ptolemy/domains/de/test/auto/sortWithOpaquePorts.xml
auto.tcl: Setting watchdog for 200 seconds at Mon Sep 16 05:41:33 UTC 2019
2 ms. Memory: 48128K Free: 29464K (61%)
ptolemy.util.test.WatchDog.cancel(): canceling Mon Sep 16 05:41:33 UTC 2019
auto.tcl: Setting watchdog for 200 seconds at Mon Sep 16 05:41:33 UTC 2019
5 ms. Memory: 48128K Free: 28463K (59%)
ptolemy.util.test.WatchDog.cancel(): canceling Mon Sep 16 05:41:33 UTC 2019
------------------ testing $PTII/ptolemy/domains/de/test/auto/transferInputsandOutputs.xml
auto.tcl: Setting watchdog for 200 seconds at Mon Sep 16 05:41:33 UTC 2019
5 ms. Memory: 48128K Free: 26894K (56%)
ptolemy.util.test.WatchDog.cancel(): canceling Mon Sep 16 05:41:33 UTC 2019
auto.tcl: Setting watchdog for 200 seconds at Mon Sep 16 05:41:33 UTC 2019
3 ms. Memory: 48128K Free: 25898K (54%)
ptolemy.util.test.WatchDog.cancel(): canceling Mon Sep 16 05:41:33 UTC 2019
------------------ testing $PTII/ptolemy/domains/de/test/auto/triggerType.xml
auto.tcl: Setting watchdog for 200 seconds at Mon Sep 16 05:41:33 UTC 2019
1 ms. Memory: 48128K Free: 29919K (62%)
ptolemy.util.test.WatchDog.cancel(): canceling Mon Sep 16 05:41:33 UTC 2019
auto.tcl: Setting watchdog for 200 seconds at Mon Sep 16 05:41:33 UTC 2019
2 ms. Memory: 48128K Free: 28923K (60%)
ptolemy.util.test.WatchDog.cancel(): canceling Mon Sep 16 05:41:33 UTC 2019
09/16/19 05:41:33
Failed: 0  Total Tests: 192  ((Passed: 187, Newly Passed: 1)  Known Failed: 5) /home/travis/build/icyphy/ptII/ptolemy/domains/de/test
09/16/19 05:41:33
Failed: 0  Total Tests: 192  ((Passed: 187, Newly Passed: 1)  Known Failed: 5) /home/travis/build/icyphy/ptII/ptolemy/domains/de/test
----------------- testing (KnownFailure) /home/travis/build/icyphy/ptII/ptolemy/domains/de/test/auto/knownFailedTests/DESDFClockTest.xml
2015 ms. Memory: 48128K Free: 22804K (47%)
Known Failure: java.lang.reflect.InvocationTargetException
----------------- testing (KnownFailure) /home/travis/build/icyphy/ptII/ptolemy/domains/de/test/auto/knownFailedTests/DirectFeedback.xml
2 ms. Memory: 48128K Free: 18708K (39%)
Known Failure: java.lang.reflect.InvocationTargetException
----------------- testing (KnownFailure) /home/travis/build/icyphy/ptII/ptolemy/domains/de/test/auto/knownFailedTests/FSMSource.xml
8 ms. Memory: 48128K Free: 11540K (24%)
----------------- testing (KnownFailure) /home/travis/build/icyphy/ptII/ptolemy/domains/de/test/auto/knownFailedTests/HierarchicalModel.xml
9 ms. Memory: 48128K Free: 21362K (44%)
Known Failure: java.lang.reflect.InvocationTargetException
----------------- testing (KnownFailure) /home/travis/build/icyphy/ptII/ptolemy/domains/de/test/auto/knownFailedTests/dependencyLoop.xml
14 ms. Memory: 48128K Free: 31878K (66%)
Known Failure: java.lang.reflect.InvocationTargetException
----------------- testing (KnownFailure) /home/travis/build/icyphy/ptII/ptolemy/domains/de/test/auto/knownFailedTests/dependencyLoop2.xml
7 ms. Memory: 48128K Free: 16852K (35%)
Known Failure: java.lang.reflect.InvocationTargetException
No auto/linux-amd64/*.xml tests in /home/travis/build/icyphy/ptII/ptolemy/domains/de/test
AutoTests.java: About to close Vertx.
AutoTests.java: Vertx closed.

===========================================================================================
----------------- testing Mon Sep 16 05:41:35 UTC 2019 /home/travis/build/icyphy/ptII/ptolemy/domains/de/test/auto/ActorDepthCalculation_actorWithoutPorts.xml
----------------- Instantiating /home/travis/build/icyphy/ptII/ptolemy/domains/de/test/auto/ActorDepthCalculation_actorWithoutPorts.xml
2 ms. Memory: 48128K Free: 10660K (22%)
----------------- Invoking toplevel() on ptolemy.moml.MoMLSimpleApplication@70ba3291
----------------- Done invoking toplevel() on ptolemy.moml.MoMLSimpleApplication@70ba3291
reloadAllAccessors: .ActorDepthCalculation_actorWithoutPorts

===========================================================================================
----------------- testing Mon Sep 16 05:41:35 UTC 2019 /home/travis/build/icyphy/ptII/ptolemy/domains/de/test/auto/AssemblyLine.xml
----------------- Instantiating /home/travis/build/icyphy/ptII/ptolemy/domains/de/test/auto/AssemblyLine.xml
3 ms. Memory: 48128K Free: 29093K (60%)
----------------- Invoking toplevel() on ptolemy.moml.MoMLSimpleApplication@2e7d2e3c
----------------- Done invoking toplevel() on ptolemy.moml.MoMLSimpleApplication@2e7d2e3c
reloadAllAccessors: .AssemblyLine

===========================================================================================
----------------- testing Mon Sep 16 05:41:36 UTC 2019 /home/travis/build/icyphy/ptII/ptolemy/domains/de/test/auto/CQBug1.xml
----------------- Instantiating /home/travis/build/icyphy/ptII/ptolemy/domains/de/test/auto/CQBug1.xml
2 ms. Memory: 48128K Free: 26160K (54%)
----------------- Invoking toplevel() on ptolemy.moml.MoMLSimpleApplication@6a7129c1
----------------- Done invoking toplevel() on ptolemy.moml.MoMLSimpleApplication@6a7129c1
reloadAllAccessors: .CQBug1

===========================================================================================
----------------- testing Mon Sep 16 05:41:36 UTC 2019 /home/travis/build/icyphy/ptII/ptolemy/domains/de/test/auto/CancelFireAt.xml
----------------- Instantiating /home/travis/build/icyphy/ptII/ptolemy/domains/de/test/auto/CancelFireAt.xml
0 ms. Memory: 48128K Free: 23906K (50%)
----------------- Invoking toplevel() on ptolemy.moml.MoMLSimpleApplication@753b8cf5
----------------- Done invoking toplevel() on ptolemy.moml.MoMLSimpleApplication@753b8cf5
reloadAllAccessors: .CancelFireAt

===========================================================================================
----------------- testing Mon Sep 16 05:41:36 UTC 2019 /home/travis/build/icyphy/ptII/ptolemy/domains/de/test/auto/CausalityAndComposabilityAnalysis.xml
----------------- Instantiating /home/travis/build/icyphy/ptII/ptolemy/domains/de/test/auto/CausalityAndComposabilityAnalysis.xml
3 ms. Memory: 48128K Free: 19642K (41%)
----------------- Invoking toplevel() on ptolemy.moml.MoMLSimpleApplication@1189c274
----------------- Done invoking toplevel() on ptolemy.moml.MoMLSimpleApplication@1189c274
reloadAllAccessors: .CausalityAndComposabilityAnalysis

===========================================================================================
----------------- testing Mon Sep 16 05:41:36 UTC 2019 /home/travis/build/icyphy/ptII/ptolemy/domains/de/test/auto/CausalityInterface1.xml
----------------- Instantiating /home/travis/build/icyphy/ptII/ptolemy/domains/de/test/auto/CausalityInterface1.xml
6 ms. Memory: 48128K Free: 14717K (31%)
----------------- Invoking toplevel() on ptolemy.moml.MoMLSimpleApplication@3c5abe86
----------------- Done invoking toplevel() on ptolemy.moml.MoMLSimpleApplication@3c5abe86
reloadAllAccessors: .CausalityInterface1

===========================================================================================
----------------- testing Mon Sep 16 05:41:36 UTC 2019 /home/travis/build/icyphy/ptII/ptolemy/domains/de/test/auto/CausalityInterface15.xml
----------------- Instantiating /home/travis/build/icyphy/ptII/ptolemy/domains/de/test/auto/CausalityInterface15.xml
2 ms. Memory: 48128K Free: 9376K (19%)
----------------- Invoking toplevel() on ptolemy.moml.MoMLSimpleApplication@3cf6dff5
----------------- Done invoking toplevel() on ptolemy.moml.MoMLSimpleApplication@3cf6dff5
reloadAllAccessors: .CausalityInterface15

===========================================================================================
----------------- testing Mon Sep 16 05:41:36 UTC 2019 /home/travis/build/icyphy/ptII/ptolemy/domains/de/test/auto/CausalityInterface2.xml
----------------- Instantiating /home/travis/build/icyphy/ptII/ptolemy/domains/de/test/auto/CausalityInterface2.xml
1 ms. Memory: 48128K Free: 30504K (63%)
----------------- Invoking toplevel() on ptolemy.moml.MoMLSimpleApplication@21483bf2
----------------- Done invoking toplevel() on ptolemy.moml.MoMLSimpleApplication@21483bf2
reloadAllAccessors: .CausalityInterface2

===========================================================================================
----------------- testing Mon Sep 16 05:41:36 UTC 2019 /home/travis/build/icyphy/ptII/ptolemy/domains/de/test/auto/CausalityInterface3.xml
----------------- Instantiating /home/travis/build/icyphy/ptII/ptolemy/domains/de/test/auto/CausalityInterface3.xml
2 ms. Memory: 48128K Free: 25608K (53%)
----------------- Invoking toplevel() on ptolemy.moml.MoMLSimpleApplication@7f9acb49
----------------- Done invoking toplevel() on ptolemy.moml.MoMLSimpleApplication@7f9acb49
reloadAllAccessors: .CausalityInterface3

===========================================================================================
----------------- testing Mon Sep 16 05:41:36 UTC 2019 /home/travis/build/icyphy/ptII/ptolemy/domains/de/test/auto/ClockDrift.xml
----------------- Instantiating /home/travis/build/icyphy/ptII/ptolemy/domains/de/test/auto/ClockDrift.xml
17 ms. Memory: 48128K Free: 13950K (29%)
----------------- Invoking toplevel() on ptolemy.moml.MoMLSimpleApplication@59a2ed54
----------------- Done invoking toplevel() on ptolemy.moml.MoMLSimpleApplication@59a2ed54
reloadAllAccessors: .ClockDrift

===========================================================================================
----------------- testing Mon Sep 16 05:41:36 UTC 2019 /home/travis/build/icyphy/ptII/ptolemy/domains/de/test/auto/ClockDriftAndValueChange.xml
----------------- Instantiating /home/travis/build/icyphy/ptII/ptolemy/domains/de/test/auto/ClockDriftAndValueChange.xml
12 ms. Memory: 48128K Free: 27838K (58%)
----------------- Invoking toplevel() on ptolemy.moml.MoMLSimpleApplication@1c445f4c
----------------- Done invoking toplevel() on ptolemy.moml.MoMLSimpleApplication@1c445f4c
reloadAllAccessors: .ClockDriftAndValueChange

===========================================================================================
----------------- testing Mon Sep 16 05:41:36 UTC 2019 /home/travis/build/icyphy/ptII/ptolemy/domains/de/test/auto/ClockDriftChange.xml
----------------- Instantiating /home/travis/build/icyphy/ptII/ptolemy/domains/de/test/auto/ClockDriftChange.xml
10 ms. Memory: 48128K Free: 18089K (38%)
----------------- Invoking toplevel() on ptolemy.moml.MoMLSimpleApplication@4337d01c
----------------- Done invoking toplevel() on ptolemy.moml.MoMLSimpleApplication@4337d01c
reloadAllAccessors: .ClockDriftChange

===========================================================================================
----------------- testing Mon Sep 16 05:41:36 UTC 2019 /home/travis/build/icyphy/ptII/ptolemy/domains/de/test/auto/ComposableCausalityAnalysis.xml
----------------- Instantiating /home/travis/build/icyphy/ptII/ptolemy/domains/de/test/auto/ComposableCausalityAnalysis.xml
1 ms. Memory: 48128K Free: 12375K (26%)
----------------- Invoking toplevel() on ptolemy.moml.MoMLSimpleApplication@6469e40c
----------------- Done invoking toplevel() on ptolemy.moml.MoMLSimpleApplication@6469e40c
reloadAllAccessors: .ComposableCausalityAnalysis

===========================================================================================
----------------- testing Mon Sep 16 05:41:36 UTC 2019 /home/travis/build/icyphy/ptII/ptolemy/domains/de/test/auto/DEFixedPointLimitation.xml
----------------- Instantiating /home/travis/build/icyphy/ptII/ptolemy/domains/de/test/auto/DEFixedPointLimitation.xml
1 ms. Memory: 48128K Free: 32437K (67%)
----------------- Invoking toplevel() on ptolemy.moml.MoMLSimpleApplication@7fa41aff
----------------- Done invoking toplevel() on ptolemy.moml.MoMLSimpleApplication@7fa41aff
reloadAllAccessors: .DEFixedPointLimitation

===========================================================================================
----------------- testing Mon Sep 16 05:41:36 UTC 2019 /home/travis/build/icyphy/ptII/ptolemy/domains/de/test/auto/DEScheduleTest.xml
----------------- Instantiating /home/travis/build/icyphy/ptII/ptolemy/domains/de/test/auto/DEScheduleTest.xml
2 ms. Memory: 48128K Free: 28056K (58%)
----------------- Invoking toplevel() on ptolemy.moml.MoMLSimpleApplication@60e8fb80
----------------- Done invoking toplevel() on ptolemy.moml.MoMLSimpleApplication@60e8fb80
reloadAllAccessors: .DEScheduleTest

===========================================================================================
----------------- testing Mon Sep 16 05:41:36 UTC 2019 /home/travis/build/icyphy/ptII/ptolemy/domains/de/test/auto/DEinDEwithStartTimes.xml
----------------- Instantiating /home/travis/build/icyphy/ptII/ptolemy/domains/de/test/auto/DEinDEwithStartTimes.xml
3 ms. Memory: 48128K Free: 22167K (46%)
----------------- Invoking toplevel() on ptolemy.moml.MoMLSimpleApplication@5e734cbe
----------------- Done invoking toplevel() on ptolemy.moml.MoMLSimpleApplication@5e734cbe
reloadAllAccessors: .DEinDEwithStartTimes

===========================================================================================
----------------- testing Mon Sep 16 05:41:36 UTC 2019 /home/travis/build/icyphy/ptII/ptolemy/domains/de/test/auto/DEinDEwithStartTimes2.xml
----------------- Instantiating /home/travis/build/icyphy/ptII/ptolemy/domains/de/test/auto/DEinDEwithStartTimes2.xml
3 ms. Memory: 48128K Free: 15508K (32%)
----------------- Invoking toplevel() on ptolemy.moml.MoMLSimpleApplication@3e1d33be
----------------- Done invoking toplevel() on ptolemy.moml.MoMLSimpleApplication@3e1d33be
reloadAllAccessors: .DEinDEwithStartTimes2

===========================================================================================
----------------- testing Mon Sep 16 05:41:36 UTC 2019 /home/travis/build/icyphy/ptII/ptolemy/domains/de/test/auto/DateDemo.xml
----------------- Instantiating /home/travis/build/icyphy/ptII/ptolemy/domains/de/test/auto/DateDemo.xml
11 ms. Memory: 48128K Free: 28769K (60%)
----------------- Invoking toplevel() on ptolemy.moml.MoMLSimpleApplication@2c8259d9
----------------- Done invoking toplevel() on ptolemy.moml.MoMLSimpleApplication@2c8259d9
reloadAllAccessors: .DateDemo

===========================================================================================
----------------- testing Mon Sep 16 05:41:36 UTC 2019 /home/travis/build/icyphy/ptII/ptolemy/domains/de/test/auto/DateToEvent.xml
----------------- Instantiating /home/travis/build/icyphy/ptII/ptolemy/domains/de/test/auto/DateToEvent.xml
2017 ms. Memory: 48128K Free: 13204K (27%)
----------------- Invoking toplevel() on ptolemy.moml.MoMLSimpleApplication@490c5d73
----------------- Done invoking toplevel() on ptolemy.moml.MoMLSimpleApplication@490c5d73
reloadAllAccessors: .DateToEvent

===========================================================================================
----------------- testing Mon Sep 16 05:41:38 UTC 2019 /home/travis/build/icyphy/ptII/ptolemy/domains/de/test/auto/DepthTest1.xml
----------------- Instantiating /home/travis/build/icyphy/ptII/ptolemy/domains/de/test/auto/DepthTest1.xml
2 ms. Memory: 48128K Free: 10345K (21%)
----------------- Invoking toplevel() on ptolemy.moml.MoMLSimpleApplication@4e458d20
----------------- Done invoking toplevel() on ptolemy.moml.MoMLSimpleApplication@4e458d20
reloadAllAccessors: .DepthTest1

===========================================================================================
----------------- testing Mon Sep 16 05:41:38 UTC 2019 /home/travis/build/icyphy/ptII/ptolemy/domains/de/test/auto/DepthTest2.xml
----------------- Instantiating /home/travis/build/icyphy/ptII/ptolemy/domains/de/test/auto/DepthTest2.xml
2 ms. Memory: 48128K Free: 28499K (59%)
----------------- Invoking toplevel() on ptolemy.moml.MoMLSimpleApplication@320c96bc
----------------- Done invoking toplevel() on ptolemy.moml.MoMLSimpleApplication@320c96bc
reloadAllAccessors: .DepthTest2

===========================================================================================
----------------- testing Mon Sep 16 05:41:38 UTC 2019 /home/travis/build/icyphy/ptII/ptolemy/domains/de/test/auto/DepthTest3.xml
----------------- Instantiating /home/travis/build/icyphy/ptII/ptolemy/domains/de/test/auto/DepthTest3.xml
1 ms. Memory: 48128K Free: 25466K (53%)
----------------- Invoking toplevel() on ptolemy.moml.MoMLSimpleApplication@200e1e7d
----------------- Done invoking toplevel() on ptolemy.moml.MoMLSimpleApplication@200e1e7d
reloadAllAccessors: .DepthTest3

===========================================================================================
----------------- testing Mon Sep 16 05:41:38 UTC 2019 /home/travis/build/icyphy/ptII/ptolemy/domains/de/test/auto/DepthTest4.xml
----------------- Instantiating /home/travis/build/icyphy/ptII/ptolemy/domains/de/test/auto/DepthTest4.xml
3 ms. Memory: 48128K Free: 20594K (43%)
----------------- Invoking toplevel() on ptolemy.moml.MoMLSimpleApplication@57ec6c15
----------------- Done invoking toplevel() on ptolemy.moml.MoMLSimpleApplication@57ec6c15
reloadAllAccessors: .DepthTest4

===========================================================================================
----------------- testing Mon Sep 16 05:41:38 UTC 2019 /home/travis/build/icyphy/ptII/ptolemy/domains/de/test/auto/DepthTest5.xml
----------------- Instantiating /home/travis/build/icyphy/ptII/ptolemy/domains/de/test/auto/DepthTest5.xml
2 ms. Memory: 48128K Free: 15219K (32%)
----------------- Invoking toplevel() on ptolemy.moml.MoMLSimpleApplication@77c9428d
----------------- Done invoking toplevel() on ptolemy.moml.MoMLSimpleApplication@77c9428d
reloadAllAccessors: .DepthTest5

===========================================================================================
----------------- testing Mon Sep 16 05:41:38 UTC 2019 /home/travis/build/icyphy/ptII/ptolemy/domains/de/test/auto/DepthTest6.xml
----------------- Instantiating /home/travis/build/icyphy/ptII/ptolemy/domains/de/test/auto/DepthTest6.xml
2 ms. Memory: 48128K Free: 9862K (20%)
----------------- Invoking toplevel() on ptolemy.moml.MoMLSimpleApplication@1f9abf89
----------------- Done invoking toplevel() on ptolemy.moml.MoMLSimpleApplication@1f9abf89
reloadAllAccessors: .DepthTest6

===========================================================================================
----------------- testing Mon Sep 16 05:41:38 UTC 2019 /home/travis/build/icyphy/ptII/ptolemy/domains/de/test/auto/DepthTest7.xml
----------------- Instantiating /home/travis/build/icyphy/ptII/ptolemy/domains/de/test/auto/DepthTest7.xml
2 ms. Memory: 48128K Free: 29555K (61%)
----------------- Invoking toplevel() on ptolemy.moml.MoMLSimpleApplication@31e67423
----------------- Done invoking toplevel() on ptolemy.moml.MoMLSimpleApplication@31e67423
reloadAllAccessors: .DepthTest7

===========================================================================================
----------------- testing Mon Sep 16 05:41:38 UTC 2019 /home/travis/build/icyphy/ptII/ptolemy/domains/de/test/auto/EventToDate.xml
----------------- Instantiating /home/travis/build/icyphy/ptII/ptolemy/domains/de/test/auto/EventToDate.xml
3003 ms. Memory: 48128K Free: 15912K (33%)
----------------- Invoking toplevel() on ptolemy.moml.MoMLSimpleApplication@3c4408b
----------------- Done invoking toplevel() on ptolemy.moml.MoMLSimpleApplication@3c4408b
reloadAllAccessors: .EventToDate

===========================================================================================
----------------- testing Mon Sep 16 05:41:41 UTC 2019 /home/travis/build/icyphy/ptII/ptolemy/domains/de/test/auto/FSM1.xml
----------------- Instantiating /home/travis/build/icyphy/ptII/ptolemy/domains/de/test/auto/FSM1.xml
20 ms. Memory: 48128K Free: 28302K (59%)
----------------- Invoking toplevel() on ptolemy.moml.MoMLSimpleApplication@55adf225
----------------- Done invoking toplevel() on ptolemy.moml.MoMLSimpleApplication@55adf225
reloadAllAccessors: .FSM1

===========================================================================================
----------------- testing Mon Sep 16 05:41:41 UTC 2019 /home/travis/build/icyphy/ptII/ptolemy/domains/de/test/auto/FSM7.xml
----------------- Instantiating /home/travis/build/icyphy/ptII/ptolemy/domains/de/test/auto/FSM7.xml
24 ms. Memory: 48128K Free: 15810K (33%)
----------------- Invoking toplevel() on ptolemy.moml.MoMLSimpleApplication@28881ced
----------------- Done invoking toplevel() on ptolemy.moml.MoMLSimpleApplication@28881ced
reloadAllAccessors: .FSM7

===========================================================================================
----------------- testing Mon Sep 16 05:41:41 UTC 2019 /home/travis/build/icyphy/ptII/ptolemy/domains/de/test/auto/Inspection.xml
----------------- Instantiating /home/travis/build/icyphy/ptII/ptolemy/domains/de/test/auto/Inspection.xml
19 ms. Memory: 48128K Free: 28240K (59%)
----------------- Invoking toplevel() on ptolemy.moml.MoMLSimpleApplication@b06ca17
----------------- Done invoking toplevel() on ptolemy.moml.MoMLSimpleApplication@b06ca17
reloadAllAccessors: .Inspection

===========================================================================================
----------------- testing Mon Sep 16 05:41:42 UTC 2019 /home/travis/build/icyphy/ptII/ptolemy/domains/de/test/auto/Iteration.xml
----------------- Instantiating /home/travis/build/icyphy/ptII/ptolemy/domains/de/test/auto/Iteration.xml
16 ms. Memory: 48128K Free: 21132K (44%)
----------------- Invoking toplevel() on ptolemy.moml.MoMLSimpleApplication@5f4963c7
----------------- Done invoking toplevel() on ptolemy.moml.MoMLSimpleApplication@5f4963c7
reloadAllAccessors: .Iteration

===========================================================================================
----------------- testing Mon Sep 16 05:41:42 UTC 2019 /home/travis/build/icyphy/ptII/ptolemy/domains/de/test/auto/LineFault.xml
----------------- Instantiating /home/travis/build/icyphy/ptII/ptolemy/domains/de/test/auto/LineFault.xml
548 ms. Memory: 48128K Free: 21936K (46%)
----------------- Invoking toplevel() on ptolemy.moml.MoMLSimpleApplication@664283f6
----------------- Done invoking toplevel() on ptolemy.moml.MoMLSimpleApplication@664283f6
reloadAllAccessors: .LineFault

===========================================================================================
----------------- testing Mon Sep 16 05:41:42 UTC 2019 /home/travis/build/icyphy/ptII/ptolemy/domains/de/test/auto/MergeModel1Add.xml
----------------- Instantiating /home/travis/build/icyphy/ptII/ptolemy/domains/de/test/auto/MergeModel1Add.xml
12 ms. Memory: 48128K Free: 23978K (50%)
----------------- Invoking toplevel() on ptolemy.moml.MoMLSimpleApplication@37d08d4a
----------------- Done invoking toplevel() on ptolemy.moml.MoMLSimpleApplication@37d08d4a
reloadAllAccessors: .MergeModel1Add

===========================================================================================
----------------- testing Mon Sep 16 05:41:42 UTC 2019 /home/travis/build/icyphy/ptII/ptolemy/domains/de/test/auto/MergeModel2Add.xml
----------------- Instantiating /home/travis/build/icyphy/ptII/ptolemy/domains/de/test/auto/MergeModel2Add.xml
6 ms. Memory: 48128K Free: 26785K (56%)
----------------- Invoking toplevel() on ptolemy.moml.MoMLSimpleApplication@2427fae8
----------------- Done invoking toplevel() on ptolemy.moml.MoMLSimpleApplication@2427fae8
reloadAllAccessors: .MergeModel2Add

===========================================================================================
----------------- testing Mon Sep 16 05:41:42 UTC 2019 /home/travis/build/icyphy/ptII/ptolemy/domains/de/test/auto/MergeModel3Add.xml
----------------- Instantiating /home/travis/build/icyphy/ptII/ptolemy/domains/de/test/auto/MergeModel3Add.xml
6 ms. Memory: 48128K Free: 29501K (61%)
----------------- Invoking toplevel() on ptolemy.moml.MoMLSimpleApplication@95df05a
----------------- Done invoking toplevel() on ptolemy.moml.MoMLSimpleApplication@95df05a
reloadAllAccessors: .MergeModel3Add

===========================================================================================
----------------- testing Mon Sep 16 05:41:42 UTC 2019 /home/travis/build/icyphy/ptII/ptolemy/domains/de/test/auto/MergeWithoutDiscard.xml
----------------- Instantiating /home/travis/build/icyphy/ptII/ptolemy/domains/de/test/auto/MergeWithoutDiscard.xml
2 ms. Memory: 48128K Free: 25357K (53%)
----------------- Invoking toplevel() on ptolemy.moml.MoMLSimpleApplication@64a52440
----------------- Done invoking toplevel() on ptolemy.moml.MoMLSimpleApplication@64a52440
reloadAllAccessors: .MergeWithoutDiscard

===========================================================================================
----------------- testing Mon Sep 16 05:41:42 UTC 2019 /home/travis/build/icyphy/ptII/ptolemy/domains/de/test/auto/Modal1.xml
----------------- Instantiating /home/travis/build/icyphy/ptII/ptolemy/domains/de/test/auto/Modal1.xml
8 ms. Memory: 48128K Free: 13282K (28%)
----------------- Invoking toplevel() on ptolemy.moml.MoMLSimpleApplication@46a4944d
----------------- Done invoking toplevel() on ptolemy.moml.MoMLSimpleApplication@46a4944d
reloadAllAccessors: .Modal1

===========================================================================================
----------------- testing Mon Sep 16 05:41:42 UTC 2019 /home/travis/build/icyphy/ptII/ptolemy/domains/de/test/auto/Modal2.xml
----------------- Instantiating /home/travis/build/icyphy/ptII/ptolemy/domains/de/test/auto/Modal2.xml
9 ms. Memory: 48128K Free: 21855K (45%)
----------------- Invoking toplevel() on ptolemy.moml.MoMLSimpleApplication@2af45499
----------------- Done invoking toplevel() on ptolemy.moml.MoMLSimpleApplication@2af45499
reloadAllAccessors: .Modal2

===========================================================================================
----------------- testing Mon Sep 16 05:41:43 UTC 2019 /home/travis/build/icyphy/ptII/ptolemy/domains/de/test/auto/Modal3.xml
----------------- Instantiating /home/travis/build/icyphy/ptII/ptolemy/domains/de/test/auto/Modal3.xml
20 ms. Memory: 48128K Free: 31231K (65%)
----------------- Invoking toplevel() on ptolemy.moml.MoMLSimpleApplication@53f782e2
----------------- Done invoking toplevel() on ptolemy.moml.MoMLSimpleApplication@53f782e2
reloadAllAccessors: .Modal3

===========================================================================================
----------------- testing Mon Sep 16 05:41:43 UTC 2019 /home/travis/build/icyphy/ptII/ptolemy/domains/de/test/auto/Modal4.xml
----------------- Instantiating /home/travis/build/icyphy/ptII/ptolemy/domains/de/test/auto/Modal4.xml
14 ms. Memory: 48128K Free: 17991K (37%)
----------------- Invoking toplevel() on ptolemy.moml.MoMLSimpleApplication@40239d1b
----------------- Done invoking toplevel() on ptolemy.moml.MoMLSimpleApplication@40239d1b
reloadAllAccessors: .Modal4

===========================================================================================
----------------- testing Mon Sep 16 05:41:43 UTC 2019 /home/travis/build/icyphy/ptII/ptolemy/domains/de/test/auto/Modal5.xml
----------------- Instantiating /home/travis/build/icyphy/ptII/ptolemy/domains/de/test/auto/Modal5.xml
13 ms. Memory: 68608K Free: 46839K (68%)
----------------- Invoking toplevel() on ptolemy.moml.MoMLSimpleApplication@49754234
----------------- Done invoking toplevel() on ptolemy.moml.MoMLSimpleApplication@49754234
reloadAllAccessors: .Modal5

===========================================================================================
----------------- testing Mon Sep 16 05:41:43 UTC 2019 /home/travis/build/icyphy/ptII/ptolemy/domains/de/test/auto/Modal6.xml
----------------- Instantiating /home/travis/build/icyphy/ptII/ptolemy/domains/de/test/auto/Modal6.xml
12 ms. Memory: 68608K Free: 34589K (50%)
----------------- Invoking toplevel() on ptolemy.moml.MoMLSimpleApplication@190d73b7
----------------- Done invoking toplevel() on ptolemy.moml.MoMLSimpleApplication@190d73b7
reloadAllAccessors: .Modal6

===========================================================================================
----------------- testing Mon Sep 16 05:41:43 UTC 2019 /home/travis/build/icyphy/ptII/ptolemy/domains/de/test/auto/Modal7.xml
----------------- Instantiating /home/travis/build/icyphy/ptII/ptolemy/domains/de/test/auto/Modal7.xml
20 ms. Memory: 68608K Free: 50962K (74%)
----------------- Invoking toplevel() on ptolemy.moml.MoMLSimpleApplication@429c6c03
----------------- Done invoking toplevel() on ptolemy.moml.MoMLSimpleApplication@429c6c03
reloadAllAccessors: .Modal7

===========================================================================================
----------------- testing Mon Sep 16 05:41:43 UTC 2019 /home/travis/build/icyphy/ptII/ptolemy/domains/de/test/auto/ModalModel.xml
----------------- Instantiating /home/travis/build/icyphy/ptII/ptolemy/domains/de/test/auto/ModalModel.xml
153 ms. Memory: 68608K Free: 45895K (67%)
----------------- Invoking toplevel() on ptolemy.moml.MoMLSimpleApplication@62c534e0
----------------- Done invoking toplevel() on ptolemy.moml.MoMLSimpleApplication@62c534e0
reloadAllAccessors: .ModalModel

===========================================================================================
----------------- testing Mon Sep 16 05:41:43 UTC 2019 /home/travis/build/icyphy/ptII/ptolemy/domains/de/test/auto/ModalSource.xml
----------------- Instantiating /home/travis/build/icyphy/ptII/ptolemy/domains/de/test/auto/ModalSource.xml
5 ms. Memory: 68608K Free: 37416K (55%)
----------------- Invoking toplevel() on ptolemy.moml.MoMLSimpleApplication@7627343c
----------------- Done invoking toplevel() on ptolemy.moml.MoMLSimpleApplication@7627343c
reloadAllAccessors: .ModalSource

===========================================================================================
----------------- testing Mon Sep 16 05:41:43 UTC 2019 /home/travis/build/icyphy/ptII/ptolemy/domains/de/test/auto/NonInterruptibleTimerZeroDelay.xml
----------------- Instantiating /home/travis/build/icyphy/ptII/ptolemy/domains/de/test/auto/NonInterruptibleTimerZeroDelay.xml
2 ms. Memory: 68608K Free: 33694K (49%)
----------------- Invoking toplevel() on ptolemy.moml.MoMLSimpleApplication@390bf41f
----------------- Done invoking toplevel() on ptolemy.moml.MoMLSimpleApplication@390bf41f
reloadAllAccessors: .NonInterruptibleTimerZeroDelay

===========================================================================================
----------------- testing Mon Sep 16 05:41:43 UTC 2019 /home/travis/build/icyphy/ptII/ptolemy/domains/de/test/auto/OpenQueueingNetwork.xml
----------------- Instantiating /home/travis/build/icyphy/ptII/ptolemy/domains/de/test/auto/OpenQueueingNetwork.xml
2518 ms. Memory: 247808K Free: 149902K (60%)
----------------- Invoking toplevel() on ptolemy.moml.MoMLSimpleApplication@3c12fa2
----------------- Done invoking toplevel() on ptolemy.moml.MoMLSimpleApplication@3c12fa2
reloadAllAccessors: .OpenQueueingNetwork

===========================================================================================
----------------- testing Mon Sep 16 05:41:46 UTC 2019 /home/travis/build/icyphy/ptII/ptolemy/domains/de/test/auto/OpenQueuingNetwork.xml
----------------- Instantiating /home/travis/build/icyphy/ptII/ptolemy/domains/de/test/auto/OpenQueuingNetwork.xml
231 ms. Memory: 247808K Free: 208634K (84%)
----------------- Invoking toplevel() on ptolemy.moml.MoMLSimpleApplication@531c7f74
----------------- Done invoking toplevel() on ptolemy.moml.MoMLSimpleApplication@531c7f74
reloadAllAccessors: .OpenQueuingNetwork

===========================================================================================
----------------- testing Mon Sep 16 05:41:46 UTC 2019 /home/travis/build/icyphy/ptII/ptolemy/domains/de/test/auto/PeriodicSampler.xml
----------------- Instantiating /home/travis/build/icyphy/ptII/ptolemy/domains/de/test/auto/PeriodicSampler.xml
2 ms. Memory: 247808K Free: 204028K (82%)
----------------- Invoking toplevel() on ptolemy.moml.MoMLSimpleApplication@806bd20
----------------- Done invoking toplevel() on ptolemy.moml.MoMLSimpleApplication@806bd20
reloadAllAccessors: .PeriodicSampler

===========================================================================================
----------------- testing Mon Sep 16 05:41:46 UTC 2019 /home/travis/build/icyphy/ptII/ptolemy/domains/de/test/auto/PersistentIO.xml
----------------- Instantiating /home/travis/build/icyphy/ptII/ptolemy/domains/de/test/auto/PersistentIO.xml
4 ms. Memory: 247808K Free: 194268K (78%)
----------------- Invoking toplevel() on ptolemy.moml.MoMLSimpleApplication@917521b
----------------- Done invoking toplevel() on ptolemy.moml.MoMLSimpleApplication@917521b
reloadAllAccessors: .PersistentIO

===========================================================================================
----------------- testing Mon Sep 16 05:41:46 UTC 2019 /home/travis/build/icyphy/ptII/ptolemy/domains/de/test/auto/PortParameterResetOnInitialize.xml
----------------- Instantiating /home/travis/build/icyphy/ptII/ptolemy/domains/de/test/auto/PortParameterResetOnInitialize.xml
5 ms. Memory: 247808K Free: 189692K (77%)
----------------- Invoking toplevel() on ptolemy.moml.MoMLSimpleApplication@6a2c9ad8
----------------- Done invoking toplevel() on ptolemy.moml.MoMLSimpleApplication@6a2c9ad8
reloadAllAccessors: .PortParameterResetOnInitialize

===========================================================================================
----------------- testing Mon Sep 16 05:41:46 UTC 2019 /home/travis/build/icyphy/ptII/ptolemy/domains/de/test/auto/PortParameterUpdates.xml
----------------- Instantiating /home/travis/build/icyphy/ptII/ptolemy/domains/de/test/auto/PortParameterUpdates.xml
3 ms. Memory: 247808K Free: 183020K (74%)
----------------- Invoking toplevel() on ptolemy.moml.MoMLSimpleApplication@f5cf5f5
----------------- Done invoking toplevel() on ptolemy.moml.MoMLSimpleApplication@f5cf5f5
reloadAllAccessors: .PortParameterUpdates

===========================================================================================
----------------- testing Mon Sep 16 05:41:46 UTC 2019 /home/travis/build/icyphy/ptII/ptolemy/domains/de/test/auto/QueueAndServer.xml
----------------- Instantiating /home/travis/build/icyphy/ptII/ptolemy/domains/de/test/auto/QueueAndServer.xml
5 ms. Memory: 247808K Free: 175356K (71%)
----------------- Invoking toplevel() on ptolemy.moml.MoMLSimpleApplication@30190dcd
----------------- Done invoking toplevel() on ptolemy.moml.MoMLSimpleApplication@30190dcd
reloadAllAccessors: .QueueAndServer

===========================================================================================
----------------- testing Mon Sep 16 05:41:46 UTC 2019 /home/travis/build/icyphy/ptII/ptolemy/domains/de/test/auto/Records.xml
----------------- Instantiating /home/travis/build/icyphy/ptII/ptolemy/domains/de/test/auto/Records.xml
5 ms. Memory: 247808K Free: 169722K (68%)
----------------- Invoking toplevel() on ptolemy.moml.MoMLSimpleApplication@36559424
----------------- Done invoking toplevel() on ptolemy.moml.MoMLSimpleApplication@36559424
reloadAllAccessors: .Records

===========================================================================================
----------------- testing Mon Sep 16 05:41:46 UTC 2019 /home/travis/build/icyphy/ptII/ptolemy/domains/de/test/auto/ResetTransitionWithStartTime1.xml
----------------- Instantiating /home/travis/build/icyphy/ptII/ptolemy/domains/de/test/auto/ResetTransitionWithStartTime1.xml
6 ms. Memory: 247808K Free: 161500K (65%)
----------------- Invoking toplevel() on ptolemy.moml.MoMLSimpleApplication@5219d313
----------------- Done invoking toplevel() on ptolemy.moml.MoMLSimpleApplication@5219d313
reloadAllAccessors: .ResetTransitionWithStartTime1

===========================================================================================
----------------- testing Mon Sep 16 05:41:46 UTC 2019 /home/travis/build/icyphy/ptII/ptolemy/domains/de/test/auto/ResetTransitionWithStartTime2.xml
----------------- Instantiating /home/travis/build/icyphy/ptII/ptolemy/domains/de/test/auto/ResetTransitionWithStartTime2.xml
5 ms. Memory: 247808K Free: 153338K (62%)
----------------- Invoking toplevel() on ptolemy.moml.MoMLSimpleApplication@152dc6b5
----------------- Done invoking toplevel() on ptolemy.moml.MoMLSimpleApplication@152dc6b5
reloadAllAccessors: .ResetTransitionWithStartTime2

===========================================================================================
----------------- testing Mon Sep 16 05:41:46 UTC 2019 /home/travis/build/icyphy/ptII/ptolemy/domains/de/test/auto/ResetTransitionWithStartTime3.xml
----------------- Instantiating /home/travis/build/icyphy/ptII/ptolemy/domains/de/test/auto/ResetTransitionWithStartTime3.xml
5 ms. Memory: 247808K Free: 145116K (59%)
----------------- Invoking toplevel() on ptolemy.moml.MoMLSimpleApplication@695f6010
----------------- Done invoking toplevel() on ptolemy.moml.MoMLSimpleApplication@695f6010
reloadAllAccessors: .ResetTransitionWithStartTime3

===========================================================================================
----------------- testing Mon Sep 16 05:41:46 UTC 2019 /home/travis/build/icyphy/ptII/ptolemy/domains/de/test/auto/ResetTransitionWithStartTime4.xml
----------------- Instantiating /home/travis/build/icyphy/ptII/ptolemy/domains/de/test/auto/ResetTransitionWithStartTime4.xml
4 ms. Memory: 247808K Free: 137468K (55%)
----------------- Invoking toplevel() on ptolemy.moml.MoMLSimpleApplication@36c86daf
----------------- Done invoking toplevel() on ptolemy.moml.MoMLSimpleApplication@36c86daf
reloadAllAccessors: .ResetTransitionWithStartTime4

===========================================================================================
----------------- testing Mon Sep 16 05:41:46 UTC 2019 /home/travis/build/icyphy/ptII/ptolemy/domains/de/test/auto/ResettableTimer1.xml
----------------- Instantiating /home/travis/build/icyphy/ptII/ptolemy/domains/de/test/auto/ResettableTimer1.xml
3 ms. Memory: 247808K Free: 133372K (54%)
----------------- Invoking toplevel() on ptolemy.moml.MoMLSimpleApplication@3916b020
----------------- Done invoking toplevel() on ptolemy.moml.MoMLSimpleApplication@3916b020
reloadAllAccessors: .ResettableTimer1

===========================================================================================
----------------- testing Mon Sep 16 05:41:46 UTC 2019 /home/travis/build/icyphy/ptII/ptolemy/domains/de/test/auto/ResettableTimer2.xml
----------------- Instantiating /home/travis/build/icyphy/ptII/ptolemy/domains/de/test/auto/ResettableTimer2.xml
2 ms. Memory: 247808K Free: 129276K (52%)
----------------- Invoking toplevel() on ptolemy.moml.MoMLSimpleApplication@72ec1e1b
----------------- Done invoking toplevel() on ptolemy.moml.MoMLSimpleApplication@72ec1e1b
reloadAllAccessors: .ResettableTimer2

===========================================================================================
----------------- testing Mon Sep 16 05:41:46 UTC 2019 /home/travis/build/icyphy/ptII/ptolemy/domains/de/test/auto/ResettableTimer3.xml
----------------- Instantiating /home/travis/build/icyphy/ptII/ptolemy/domains/de/test/auto/ResettableTimer3.xml
1 ms. Memory: 247808K Free: 125180K (51%)
----------------- Invoking toplevel() on ptolemy.moml.MoMLSimpleApplication@3fbf7201
----------------- Done invoking toplevel() on ptolemy.moml.MoMLSimpleApplication@3fbf7201
reloadAllAccessors: .ResettableTimer3

===========================================================================================
----------------- testing Mon Sep 16 05:41:46 UTC 2019 /home/travis/build/icyphy/ptII/ptolemy/domains/de/test/auto/ResettableTimer4.xml
----------------- Instantiating /home/travis/build/icyphy/ptII/ptolemy/domains/de/test/auto/ResettableTimer4.xml
1 ms. Memory: 247808K Free: 121084K (49%)
----------------- Invoking toplevel() on ptolemy.moml.MoMLSimpleApplication@7dc7bbe4
----------------- Done invoking toplevel() on ptolemy.moml.MoMLSimpleApplication@7dc7bbe4
reloadAllAccessors: .ResettableTimer4

===========================================================================================
----------------- testing Mon Sep 16 05:41:46 UTC 2019 /home/travis/build/icyphy/ptII/ptolemy/domains/de/test/auto/ResettableTimer5.xml
----------------- Instantiating /home/travis/build/icyphy/ptII/ptolemy/domains/de/test/auto/ResettableTimer5.xml
2 ms. Memory: 247808K Free: 116988K (47%)
----------------- Invoking toplevel() on ptolemy.moml.MoMLSimpleApplication@735416db
----------------- Done invoking toplevel() on ptolemy.moml.MoMLSimpleApplication@735416db
reloadAllAccessors: .ResettableTimer5

===========================================================================================
----------------- testing Mon Sep 16 05:41:46 UTC 2019 /home/travis/build/icyphy/ptII/ptolemy/domains/de/test/auto/ResettableTimer6.xml
----------------- Instantiating /home/travis/build/icyphy/ptII/ptolemy/domains/de/test/auto/ResettableTimer6.xml
10 ms. Memory: 247808K Free: 112378K (45%)
----------------- Invoking toplevel() on ptolemy.moml.MoMLSimpleApplication@697fb09f
----------------- Done invoking toplevel() on ptolemy.moml.MoMLSimpleApplication@697fb09f
reloadAllAccessors: .ResettableTimer6

===========================================================================================
----------------- testing Mon Sep 16 05:41:46 UTC 2019 /home/travis/build/icyphy/ptII/ptolemy/domains/de/test/auto/ServerZeroDelay.xml
----------------- Instantiating /home/travis/build/icyphy/ptII/ptolemy/domains/de/test/auto/ServerZeroDelay.xml
2 ms. Memory: 247808K Free: 108252K (44%)
----------------- Invoking toplevel() on ptolemy.moml.MoMLSimpleApplication@4fc16995
----------------- Done invoking toplevel() on ptolemy.moml.MoMLSimpleApplication@4fc16995
reloadAllAccessors: .ServerZeroDelay

===========================================================================================
----------------- testing Mon Sep 16 05:41:46 UTC 2019 /home/travis/build/icyphy/ptII/ptolemy/domains/de/test/auto/SmartSender.xml
----------------- Instantiating /home/travis/build/icyphy/ptII/ptolemy/domains/de/test/auto/SmartSender.xml
3002 ms. Memory: 247808K Free: 104186K (42%)
----------------- Invoking toplevel() on ptolemy.moml.MoMLSimpleApplication@48f8d092
----------------- Done invoking toplevel() on ptolemy.moml.MoMLSimpleApplication@48f8d092
reloadAllAccessors: .SmartSender

===========================================================================================
----------------- testing Mon Sep 16 05:41:49 UTC 2019 /home/travis/build/icyphy/ptII/ptolemy/domains/de/test/auto/ThreadedComposite.xml
----------------- Instantiating /home/travis/build/icyphy/ptII/ptolemy/domains/de/test/auto/ThreadedComposite.xml
225 ms. Memory: 247808K Free: 219820K (89%)
----------------- Invoking toplevel() on ptolemy.moml.MoMLSimpleApplication@181ca39d
----------------- Done invoking toplevel() on ptolemy.moml.MoMLSimpleApplication@181ca39d
reloadAllAccessors: .ThreadedComposite

===========================================================================================
----------------- testing Mon Sep 16 05:41:50 UTC 2019 /home/travis/build/icyphy/ptII/ptolemy/domains/de/test/auto/Time.xml
----------------- Instantiating /home/travis/build/icyphy/ptII/ptolemy/domains/de/test/auto/Time.xml
429 ms. Memory: 247808K Free: 166058K (67%)
----------------- Invoking toplevel() on ptolemy.moml.MoMLSimpleApplication@e1bdf39
----------------- Done invoking toplevel() on ptolemy.moml.MoMLSimpleApplication@e1bdf39
reloadAllAccessors: .Time

===========================================================================================
----------------- testing Mon Sep 16 05:41:50 UTC 2019 /home/travis/build/icyphy/ptII/ptolemy/domains/de/test/auto/TimeDelayZeroDelay.xml
----------------- Instantiating /home/travis/build/icyphy/ptII/ptolemy/domains/de/test/auto/TimeDelayZeroDelay.xml
3 ms. Memory: 247808K Free: 161948K (65%)
----------------- Invoking toplevel() on ptolemy.moml.MoMLSimpleApplication@3167838f
----------------- Done invoking toplevel() on ptolemy.moml.MoMLSimpleApplication@3167838f
reloadAllAccessors: .TimeDelayZeroDelay

===========================================================================================
----------------- testing Mon Sep 16 05:41:50 UTC 2019 /home/travis/build/icyphy/ptII/ptolemy/domains/de/test/auto/TimerZeroDelay.xml
----------------- Instantiating /home/travis/build/icyphy/ptII/ptolemy/domains/de/test/auto/TimerZeroDelay.xml
2 ms. Memory: 247808K Free: 157852K (64%)
----------------- Invoking toplevel() on ptolemy.moml.MoMLSimpleApplication@4312a7f2
----------------- Done invoking toplevel() on ptolemy.moml.MoMLSimpleApplication@4312a7f2
reloadAllAccessors: .TimerZeroDelay

===========================================================================================
----------------- testing Mon Sep 16 05:41:50 UTC 2019 /home/travis/build/icyphy/ptII/ptolemy/domains/de/test/auto/TimingParadox.xml
----------------- Instantiating /home/travis/build/icyphy/ptII/ptolemy/domains/de/test/auto/TimingParadox.xml
308 ms. Memory: 247808K Free: 89258K (36%)
----------------- Invoking toplevel() on ptolemy.moml.MoMLSimpleApplication@57ce17e9
----------------- Done invoking toplevel() on ptolemy.moml.MoMLSimpleApplication@57ce17e9
reloadAllAccessors: .TimingParadox

===========================================================================================
----------------- testing Mon Sep 16 05:41:50 UTC 2019 /home/travis/build/icyphy/ptII/ptolemy/domains/de/test/auto/TransferInputs.xml
----------------- Instantiating /home/travis/build/icyphy/ptII/ptolemy/domains/de/test/auto/TransferInputs.xml
2 ms. Memory: 247808K Free: 84652K (34%)
----------------- Invoking toplevel() on ptolemy.moml.MoMLSimpleApplication@59434e91
----------------- Done invoking toplevel() on ptolemy.moml.MoMLSimpleApplication@59434e91
reloadAllAccessors: .TransferInputs

===========================================================================================
----------------- testing Mon Sep 16 05:41:50 UTC 2019 /home/travis/build/icyphy/ptII/ptolemy/domains/de/test/auto/TransferOutputs2.xml
----------------- Instantiating /home/travis/build/icyphy/ptII/ptolemy/domains/de/test/auto/TransferOutputs2.xml
2 ms. Memory: 247808K Free: 224052K (90%)
----------------- Invoking toplevel() on ptolemy.moml.MoMLSimpleApplication@2a8321d4
----------------- Done invoking toplevel() on ptolemy.moml.MoMLSimpleApplication@2a8321d4
reloadAllAccessors: .TransferOutputs2

===========================================================================================
----------------- testing Mon Sep 16 05:41:50 UTC 2019 /home/travis/build/icyphy/ptII/ptolemy/domains/de/test/auto/Trilateration.xml
----------------- Instantiating /home/travis/build/icyphy/ptII/ptolemy/domains/de/test/auto/Trilateration.xml
11991 ms. Memory: 430080K Free: 175160K (41%)
----------------- Invoking toplevel() on ptolemy.moml.MoMLSimpleApplication@66bce9e6
----------------- Done invoking toplevel() on ptolemy.moml.MoMLSimpleApplication@66bce9e6
reloadAllAccessors: .Trilateration

===========================================================================================
----------------- testing Mon Sep 16 05:42:03 UTC 2019 /home/travis/build/icyphy/ptII/ptolemy/domains/de/test/auto/TwoSigmaDelta.xml
----------------- Instantiating /home/travis/build/icyphy/ptII/ptolemy/domains/de/test/auto/TwoSigmaDelta.xml
2331 ms. Memory: 430080K Free: 221605K (52%)
----------------- Invoking toplevel() on ptolemy.moml.MoMLSimpleApplication@1088b7d2
----------------- Done invoking toplevel() on ptolemy.moml.MoMLSimpleApplication@1088b7d2
reloadAllAccessors: .TwoSigmaDelta

===========================================================================================
----------------- testing Mon Sep 16 05:42:06 UTC 2019 /home/travis/build/icyphy/ptII/ptolemy/domains/de/test/auto/VariableDelay.xml
----------------- Instantiating /home/travis/build/icyphy/ptII/ptolemy/domains/de/test/auto/VariableDelay.xml
3 ms. Memory: 430080K Free: 216614K (50%)
----------------- Invoking toplevel() on ptolemy.moml.MoMLSimpleApplication@47f6d985
----------------- Done invoking toplevel() on ptolemy.moml.MoMLSimpleApplication@47f6d985
reloadAllAccessors: .VariableDelay

===========================================================================================
----------------- testing Mon Sep 16 05:42:06 UTC 2019 /home/travis/build/icyphy/ptII/ptolemy/domains/de/test/auto/VariableDelay2.xml
----------------- Instantiating /home/travis/build/icyphy/ptII/ptolemy/domains/de/test/auto/VariableDelay2.xml
2 ms. Memory: 430080K Free: 212022K (49%)
----------------- Invoking toplevel() on ptolemy.moml.MoMLSimpleApplication@6985fa4b
----------------- Done invoking toplevel() on ptolemy.moml.MoMLSimpleApplication@6985fa4b
reloadAllAccessors: .VariableDelay2

===========================================================================================
----------------- testing Mon Sep 16 05:42:06 UTC 2019 /home/travis/build/icyphy/ptII/ptolemy/domains/de/test/auto/VariableDelayZeroDelay.xml
----------------- Instantiating /home/travis/build/icyphy/ptII/ptolemy/domains/de/test/auto/VariableDelayZeroDelay.xml
7 ms. Memory: 430080K Free: 207926K (48%)
----------------- Invoking toplevel() on ptolemy.moml.MoMLSimpleApplication@6a709e0b
----------------- Done invoking toplevel() on ptolemy.moml.MoMLSimpleApplication@6a709e0b
reloadAllAccessors: .VariableDelayZeroDelay

===========================================================================================
----------------- testing Mon Sep 16 05:42:06 UTC 2019 /home/travis/build/icyphy/ptII/ptolemy/domains/de/test/auto/VariableDelayZeroDelay2.xml
----------------- Instantiating /home/travis/build/icyphy/ptII/ptolemy/domains/de/test/auto/VariableDelayZeroDelay2.xml
2 ms. Memory: 430080K Free: 203316K (47%)
----------------- Invoking toplevel() on ptolemy.moml.MoMLSimpleApplication@7baf4d48
----------------- Done invoking toplevel() on ptolemy.moml.MoMLSimpleApplication@7baf4d48
reloadAllAccessors: .VariableDelayZeroDelay2

===========================================================================================
----------------- testing Mon Sep 16 05:42:06 UTC 2019 /home/travis/build/icyphy/ptII/ptolemy/domains/de/test/auto/deInCt.xml
----------------- Instantiating /home/travis/build/icyphy/ptII/ptolemy/domains/de/test/auto/deInCt.xml
0
1
1
1
0
0
0
0
0
0
1
1
1
0
0
0
1
1
1
0
0
0
0
0
0
0
0
8 ms. Memory: 430080K Free: 198196K (46%)
----------------- Invoking toplevel() on ptolemy.moml.MoMLSimpleApplication@4a8eccfe
----------------- Done invoking toplevel() on ptolemy.moml.MoMLSimpleApplication@4a8eccfe
reloadAllAccessors: .deInCt

===========================================================================================
----------------- testing Mon Sep 16 05:42:06 UTC 2019 /home/travis/build/icyphy/ptII/ptolemy/domains/de/test/auto/deInCt2.xml
----------------- Instantiating /home/travis/build/icyphy/ptII/ptolemy/domains/de/test/auto/deInCt2.xml
0
1
1
1
0
0
1
1
1
0
0
1
1
1
0
0
1
1
1
0
0
1
1
1
0
0
1
1
1
0
0
1
1
1
0
0
1
1
1
0
0
0
7 ms. Memory: 430080K Free: 193070K (45%)
----------------- Invoking toplevel() on ptolemy.moml.MoMLSimpleApplication@4193b11a
----------------- Done invoking toplevel() on ptolemy.moml.MoMLSimpleApplication@4193b11a
reloadAllAccessors: .deInCt2

===========================================================================================
----------------- testing Mon Sep 16 05:42:06 UTC 2019 /home/travis/build/icyphy/ptII/ptolemy/domains/de/test/auto/dynamicCausalityInterface1.xml
----------------- Instantiating /home/travis/build/icyphy/ptII/ptolemy/domains/de/test/auto/dynamicCausalityInterface1.xml
1 ms. Memory: 430080K Free: 183860K (43%)
----------------- Invoking toplevel() on ptolemy.moml.MoMLSimpleApplication@592b91ca
----------------- Done invoking toplevel() on ptolemy.moml.MoMLSimpleApplication@592b91ca
reloadAllAccessors: .dynamicCausalityInterface1

===========================================================================================
----------------- testing Mon Sep 16 05:42:06 UTC 2019 /home/travis/build/icyphy/ptII/ptolemy/domains/de/test/auto/fsm_de_test.xml
----------------- Instantiating /home/travis/build/icyphy/ptII/ptolemy/domains/de/test/auto/fsm_de_test.xml
6 ms. Memory: 430080K Free: 174614K (41%)
----------------- Invoking toplevel() on ptolemy.moml.MoMLSimpleApplication@d07551a
----------------- Done invoking toplevel() on ptolemy.moml.MoMLSimpleApplication@d07551a
reloadAllAccessors: .fsm_de_test

===========================================================================================
----------------- testing Mon Sep 16 05:42:06 UTC 2019 /home/travis/build/icyphy/ptII/ptolemy/domains/de/test/auto/functionDependencyReconstruction.xml
----------------- Instantiating /home/travis/build/icyphy/ptII/ptolemy/domains/de/test/auto/functionDependencyReconstruction.xml
3 ms. Memory: 430080K Free: 159798K (37%)
----------------- Invoking toplevel() on ptolemy.moml.MoMLSimpleApplication@2e66044
----------------- Done invoking toplevel() on ptolemy.moml.MoMLSimpleApplication@2e66044
reloadAllAccessors: .functionDependencyReconstruction

===========================================================================================
----------------- testing Mon Sep 16 05:42:06 UTC 2019 /home/travis/build/icyphy/ptII/ptolemy/domains/de/test/auto/multirate.xml
----------------- Instantiating /home/travis/build/icyphy/ptII/ptolemy/domains/de/test/auto/multirate.xml
3 ms. Memory: 430080K Free: 153126K (36%)
----------------- Invoking toplevel() on ptolemy.moml.MoMLSimpleApplication@64063743
----------------- Done invoking toplevel() on ptolemy.moml.MoMLSimpleApplication@64063743
reloadAllAccessors: .multirate

===========================================================================================
----------------- testing Mon Sep 16 05:42:06 UTC 2019 /home/travis/build/icyphy/ptII/ptolemy/domains/de/test/auto/multirate2.xml
----------------- Instantiating /home/travis/build/icyphy/ptII/ptolemy/domains/de/test/auto/multirate2.xml
2 ms. Memory: 430080K Free: 398375K (93%)
----------------- Invoking toplevel() on ptolemy.moml.MoMLSimpleApplication@3efc27af
----------------- Done invoking toplevel() on ptolemy.moml.MoMLSimpleApplication@3efc27af
reloadAllAccessors: .multirate2

===========================================================================================
----------------- testing Mon Sep 16 05:42:06 UTC 2019 /home/travis/build/icyphy/ptII/ptolemy/domains/de/test/auto/realtime.xml
----------------- Instantiating /home/travis/build/icyphy/ptII/ptolemy/domains/de/test/auto/realtime.xml
10001 ms. Memory: 430080K Free: 393759K (92%)
----------------- Invoking toplevel() on ptolemy.moml.MoMLSimpleApplication@12829423
----------------- Done invoking toplevel() on ptolemy.moml.MoMLSimpleApplication@12829423
reloadAllAccessors: .realtime

===========================================================================================
----------------- testing Mon Sep 16 05:42:16 UTC 2019 /home/travis/build/icyphy/ptII/ptolemy/domains/de/test/auto/relationGroup.xml
----------------- Instantiating /home/travis/build/icyphy/ptII/ptolemy/domains/de/test/auto/relationGroup.xml
1 ms. Memory: 430080K Free: 390183K (91%)
----------------- Invoking toplevel() on ptolemy.moml.MoMLSimpleApplication@3fb06d4e
----------------- Done invoking toplevel() on ptolemy.moml.MoMLSimpleApplication@3fb06d4e
reloadAllAccessors: .relationGroup

===========================================================================================
----------------- testing Mon Sep 16 05:42:16 UTC 2019 /home/travis/build/icyphy/ptII/ptolemy/domains/de/test/auto/relationGroup2.xml
----------------- Instantiating /home/travis/build/icyphy/ptII/ptolemy/domains/de/test/auto/relationGroup2.xml
1 ms. Memory: 430080K Free: 386597K (90%)
----------------- Invoking toplevel() on ptolemy.moml.MoMLSimpleApplication@1ee955f3
----------------- Done invoking toplevel() on ptolemy.moml.MoMLSimpleApplication@1ee955f3
reloadAllAccessors: .relationGroup2

===========================================================================================
----------------- testing Mon Sep 16 05:42:16 UTC 2019 /home/travis/build/icyphy/ptII/ptolemy/domains/de/test/auto/sortWithOpaquePorts.xml
----------------- Instantiating /home/travis/build/icyphy/ptII/ptolemy/domains/de/test/auto/sortWithOpaquePorts.xml
1 ms. Memory: 430080K Free: 381991K (89%)
----------------- Invoking toplevel() on ptolemy.moml.MoMLSimpleApplication@66c9827e
----------------- Done invoking toplevel() on ptolemy.moml.MoMLSimpleApplication@66c9827e
reloadAllAccessors: .sortWithOpaquePorts

===========================================================================================
----------------- testing Mon Sep 16 05:42:16 UTC 2019 /home/travis/build/icyphy/ptII/ptolemy/domains/de/test/auto/transferInputsandOutputs.xml
----------------- Instantiating /home/travis/build/icyphy/ptII/ptolemy/domains/de/test/auto/transferInputsandOutputs.xml
2 ms. Memory: 430080K Free: 374823K (87%)
----------------- Invoking toplevel() on ptolemy.moml.MoMLSimpleApplication@7edc851b
----------------- Done invoking toplevel() on ptolemy.moml.MoMLSimpleApplication@7edc851b
reloadAllAccessors: .transferInputsandOutputs

===========================================================================================
----------------- testing Mon Sep 16 05:42:16 UTC 2019 /home/travis/build/icyphy/ptII/ptolemy/domains/de/test/auto/triggerType.xml
----------------- Instantiating /home/travis/build/icyphy/ptII/ptolemy/domains/de/test/auto/triggerType.xml
1 ms. Memory: 430080K Free: 370727K (86%)
----------------- Invoking toplevel() on ptolemy.moml.MoMLSimpleApplication@443cabda
----------------- Done invoking toplevel() on ptolemy.moml.MoMLSimpleApplication@443cabda
reloadAllAccessors: .triggerType
AutoTests.java: About to close Vertx.
AutoTests.java: Vertx closed.
]]></system-out>
  <system-err><![CDATA[java.lang.RuntimeException: Execution failed
	at ptolemy.moml.MoMLSimpleApplication$UnloadThread.run(MoMLSimpleApplication.java:402)
Caused by: ptolemy.kernel.util.IllegalActionException: Found a zero delay loop containing .dependencyLoop.original
  in .dependencyLoop and .dependencyLoop.original
	at ptolemy.actor.util.CausalityInterfaceForComposites._computeOutputPortDepth(CausalityInterfaceForComposites.java:759)
	at ptolemy.actor.util.CausalityInterfaceForComposites._computeInputDepth(CausalityInterfaceForComposites.java:696)
	at ptolemy.actor.util.CausalityInterfaceForComposites._computeOutputPortDepth(CausalityInterfaceForComposites.java:765)
	at ptolemy.actor.util.CausalityInterfaceForComposites._computeInputDepth(CausalityInterfaceForComposites.java:696)
	at ptolemy.actor.util.CausalityInterfaceForComposites._computeOutputPortDepth(CausalityInterfaceForComposites.java:765)
	at ptolemy.actor.util.CausalityInterfaceForComposites._computeInputDepth(CausalityInterfaceForComposites.java:696)
	at ptolemy.actor.util.CausalityInterfaceForComposites._computeActorDepth(CausalityInterfaceForComposites.java:532)
	at ptolemy.actor.util.CausalityInterfaceForComposites.checkForCycles(CausalityInterfaceForComposites.java:96)
	at ptolemy.domains.de.kernel.DEDirector.preinitialize(DEDirector.java:1338)
	at ptolemy.actor.CompositeActor.preinitialize(CompositeActor.java:1828)
	at ptolemy.actor.Manager.preinitializeAndResolveTypes(Manager.java:1040)
	at ptolemy.actor.Manager.initialize(Manager.java:710)
	at ptolemy.actor.Manager.execute(Manager.java:356)
	at ptolemy.actor.Manager.run(Manager.java:1263)
	at ptolemy.actor.Manager$PtolemyRunThread.run(Manager.java:1933)
java.lang.RuntimeException: Execution failed
	at ptolemy.moml.MoMLSimpleApplication$UnloadThread.run(MoMLSimpleApplication.java:402)
Caused by: ptolemy.kernel.util.IllegalActionException: Found a zero delay loop containing .dependencyLoop2.original
  in .dependencyLoop2 and .dependencyLoop2.original
	at ptolemy.actor.util.CausalityInterfaceForComposites._computeOutputPortDepth(CausalityInterfaceForComposites.java:759)
	at ptolemy.actor.util.CausalityInterfaceForComposites._computeInputDepth(CausalityInterfaceForComposites.java:696)
	at ptolemy.actor.util.CausalityInterfaceForComposites._computeOutputPortDepth(CausalityInterfaceForComposites.java:765)
	at ptolemy.actor.util.CausalityInterfaceForComposites._computeInputDepth(CausalityInterfaceForComposites.java:696)
	at ptolemy.actor.util.CausalityInterfaceForComposites._computeOutputPortDepth(CausalityInterfaceForComposites.java:765)
	at ptolemy.actor.util.CausalityInterfaceForComposites._computeInputDepth(CausalityInterfaceForComposites.java:696)
	at ptolemy.actor.util.CausalityInterfaceForComposites._computeActorDepth(CausalityInterfaceForComposites.java:532)
	at ptolemy.actor.util.CausalityInterfaceForComposites.checkForCycles(CausalityInterfaceForComposites.java:96)
	at ptolemy.domains.de.kernel.DEDirector.preinitialize(DEDirector.java:1338)
	at ptolemy.actor.CompositeActor.preinitialize(CompositeActor.java:1828)
	at ptolemy.actor.Manager.preinitializeAndResolveTypes(Manager.java:1040)
	at ptolemy.actor.Manager.initialize(Manager.java:710)
	at ptolemy.actor.Manager.execute(Manager.java:356)
	at ptolemy.actor.Manager.run(Manager.java:1263)
	at ptolemy.actor.Manager$PtolemyRunThread.run(Manager.java:1933)
java.lang.RuntimeException: Execution failed
	at ptolemy.moml.MoMLSimpleApplication$UnloadThread.run(MoMLSimpleApplication.java:402)
Caused by: ptolemy.kernel.util.IllegalActionException: Test fails in iteration 1.
Value was: 1.0. Should have been: 2.0
  in .DirectFeedback.Test
	at ptolemy.actor.lib.Test.fire(Test.java:268)
	at ptolemy.domains.de.kernel.DEDirector._fire(DEDirector.java:1949)
	at ptolemy.domains.de.kernel.DEDirector.fire(DEDirector.java:502)
	at ptolemy.actor.CompositeActor.fire(CompositeActor.java:455)
	at ptolemy.actor.Manager.iterate(Manager.java:851)
	at ptolemy.actor.Manager.execute(Manager.java:369)
	at ptolemy.actor.Manager.run(Manager.java:1263)
	at ptolemy.actor.Manager$PtolemyRunThread.run(Manager.java:1933)
java.lang.RuntimeException: Execution failed
	at ptolemy.moml.MoMLSimpleApplication$UnloadThread.run(MoMLSimpleApplication.java:402)
Caused by: ptolemy.kernel.util.IllegalActionException: Found a zero delay loop containing .dependencyLoop.original
  in .dependencyLoop and .dependencyLoop.original
	at ptolemy.actor.util.CausalityInterfaceForComposites._computeOutputPortDepth(CausalityInterfaceForComposites.java:759)
	at ptolemy.actor.util.CausalityInterfaceForComposites._computeInputDepth(CausalityInterfaceForComposites.java:696)
	at ptolemy.actor.util.CausalityInterfaceForComposites._computeOutputPortDepth(CausalityInterfaceForComposites.java:765)
	at ptolemy.actor.util.CausalityInterfaceForComposites._computeInputDepth(CausalityInterfaceForComposites.java:696)
	at ptolemy.actor.util.CausalityInterfaceForComposites._computeOutputPortDepth(CausalityInterfaceForComposites.java:765)
	at ptolemy.actor.util.CausalityInterfaceForComposites._computeInputDepth(CausalityInterfaceForComposites.java:696)
	at ptolemy.actor.util.CausalityInterfaceForComposites._computeActorDepth(CausalityInterfaceForComposites.java:532)
	at ptolemy.actor.util.CausalityInterfaceForComposites.checkForCycles(CausalityInterfaceForComposites.java:96)
	at ptolemy.domains.de.kernel.DEDirector.preinitialize(DEDirector.java:1338)
	at ptolemy.actor.CompositeActor.preinitialize(CompositeActor.java:1828)
	at ptolemy.actor.Manager.preinitializeAndResolveTypes(Manager.java:1040)
	at ptolemy.actor.Manager.initialize(Manager.java:710)
	at ptolemy.actor.Manager.execute(Manager.java:356)
	at ptolemy.actor.Manager.run(Manager.java:1263)
	at ptolemy.actor.Manager$PtolemyRunThread.run(Manager.java:1933)
java.lang.RuntimeException: Execution failed
	at ptolemy.moml.MoMLSimpleApplication$UnloadThread.run(MoMLSimpleApplication.java:402)
Caused by: ptolemy.kernel.util.IllegalActionException: Found a zero delay loop containing .HierarchicalModel.A
  in .HierarchicalModel and .HierarchicalModel.A
	at ptolemy.actor.util.CausalityInterfaceForComposites._computeOutputPortDepth(CausalityInterfaceForComposites.java:759)
	at ptolemy.actor.util.CausalityInterfaceForComposites._computeInputDepth(CausalityInterfaceForComposites.java:696)
	at ptolemy.actor.util.CausalityInterfaceForComposites._computeOutputPortDepth(CausalityInterfaceForComposites.java:765)
	at ptolemy.actor.util.CausalityInterfaceForComposites._computeInputDepth(CausalityInterfaceForComposites.java:696)
	at ptolemy.actor.util.CausalityInterfaceForComposites._computeOutputPortDepth(CausalityInterfaceForComposites.java:765)
	at ptolemy.actor.util.CausalityInterfaceForComposites._computeInputDepth(CausalityInterfaceForComposites.java:696)
	at ptolemy.actor.util.CausalityInterfaceForComposites._computeActorDepth(CausalityInterfaceForComposites.java:532)
	at ptolemy.actor.util.CausalityInterfaceForComposites.checkForCycles(CausalityInterfaceForComposites.java:96)
	at ptolemy.domains.de.kernel.DEDirector.preinitialize(DEDirector.java:1338)
	at ptolemy.actor.CompositeActor.preinitialize(CompositeActor.java:1828)
	at ptolemy.actor.Manager.preinitializeAndResolveTypes(Manager.java:1040)
	at ptolemy.actor.Manager.initialize(Manager.java:710)
	at ptolemy.actor.Manager.execute(Manager.java:356)
	at ptolemy.actor.Manager.run(Manager.java:1263)
	at ptolemy.actor.Manager$PtolemyRunThread.run(Manager.java:1933)
java.lang.RuntimeException: Execution failed
	at ptolemy.moml.MoMLSimpleApplication$UnloadThread.run(MoMLSimpleApplication.java:402)
Caused by: ptolemy.kernel.util.IllegalActionException: Found a zero delay loop containing .dependencyLoop2.original
  in .dependencyLoop2 and .dependencyLoop2.original
	at ptolemy.actor.util.CausalityInterfaceForComposites._computeOutputPortDepth(CausalityInterfaceForComposites.java:759)
	at ptolemy.actor.util.CausalityInterfaceForComposites._computeInputDepth(CausalityInterfaceForComposites.java:696)
	at ptolemy.actor.util.CausalityInterfaceForComposites._computeOutputPortDepth(CausalityInterfaceForComposites.java:765)
	at ptolemy.actor.util.CausalityInterfaceForComposites._computeInputDepth(CausalityInterfaceForComposites.java:696)
	at ptolemy.actor.util.CausalityInterfaceForComposites._computeOutputPortDepth(CausalityInterfaceForComposites.java:765)
	at ptolemy.actor.util.CausalityInterfaceForComposites._computeInputDepth(CausalityInterfaceForComposites.java:696)
	at ptolemy.actor.util.CausalityInterfaceForComposites._computeActorDepth(CausalityInterfaceForComposites.java:532)
	at ptolemy.actor.util.CausalityInterfaceForComposites.checkForCycles(CausalityInterfaceForComposites.java:96)
	at ptolemy.domains.de.kernel.DEDirector.preinitialize(DEDirector.java:1338)
	at ptolemy.actor.CompositeActor.preinitialize(CompositeActor.java:1828)
	at ptolemy.actor.Manager.preinitializeAndResolveTypes(Manager.java:1040)
	at ptolemy.actor.Manager.initialize(Manager.java:710)
	at ptolemy.actor.Manager.execute(Manager.java:356)
	at ptolemy.actor.Manager.run(Manager.java:1263)
	at ptolemy.actor.Manager$PtolemyRunThread.run(Manager.java:1933)
java.lang.RuntimeException: Execution failed
	at ptolemy.moml.MoMLSimpleApplication$UnloadThread.run(MoMLSimpleApplication.java:402)
Caused by: ptolemy.kernel.util.IllegalActionException: Actor is not ready to fire.  Perhaps UpSample.prefire() returned false? Try debugging the actor by selecting "Listen to Actor".  Also, for SDF check moml for tokenConsumptionRate on input.
  in .DESDFClockTest.Play Bell.Copy1:SDF Director and .DESDFClockTest.Play Bell.UpSample
	at ptolemy.actor.sched.StaticSchedulingDirector.fire(StaticSchedulingDirector.java:227)
	at ptolemy.domains.sdf.kernel.SDFDirector.fire(SDFDirector.java:500)
	at ptolemy.actor.CompositeActor.fire(CompositeActor.java:455)
	at ptolemy.domains.de.kernel.DEDirector._fire(DEDirector.java:1949)
	at ptolemy.domains.de.kernel.DEDirector.fire(DEDirector.java:502)
	at ptolemy.actor.CompositeActor.fire(CompositeActor.java:455)
	at ptolemy.actor.Manager.iterate(Manager.java:851)
	at ptolemy.actor.Manager.execute(Manager.java:369)
	at ptolemy.actor.Manager.run(Manager.java:1263)
	at ptolemy.actor.Manager$PtolemyRunThread.run(Manager.java:1933)
java.lang.RuntimeException: Execution failed
	at ptolemy.moml.MoMLSimpleApplication$UnloadThread.run(MoMLSimpleApplication.java:402)
Caused by: ptolemy.kernel.util.IllegalActionException: Actor is not ready to fire.  Perhaps UpSample.prefire() returned false? Try debugging the actor by selecting "Listen to Actor".  Also, for SDF check moml for tokenConsumptionRate on input.
  in .DESDFClockTest.Play Bell.Copy1:SDF Director and .DESDFClockTest.Play Bell.UpSample
	at ptolemy.actor.sched.StaticSchedulingDirector.fire(StaticSchedulingDirector.java:227)
	at ptolemy.domains.sdf.kernel.SDFDirector.fire(SDFDirector.java:500)
	at ptolemy.actor.CompositeActor.fire(CompositeActor.java:455)
	at ptolemy.domains.de.kernel.DEDirector._fire(DEDirector.java:1949)
	at ptolemy.domains.de.kernel.DEDirector.fire(DEDirector.java:502)
	at ptolemy.actor.CompositeActor.fire(CompositeActor.java:455)
	at ptolemy.actor.Manager.iterate(Manager.java:851)
	at ptolemy.actor.Manager.execute(Manager.java:369)
	at ptolemy.actor.Manager.run(Manager.java:1263)
	at ptolemy.actor.Manager$PtolemyRunThread.run(Manager.java:1933)
java.lang.reflect.InvocationTargetException
	at java.base/jdk.internal.reflect.NativeConstructorAccessorImpl.newInstance0(Native Method)
	at java.base/jdk.internal.reflect.NativeConstructorAccessorImpl.newInstance(NativeConstructorAccessorImpl.java:62)
	at java.base/jdk.internal.reflect.DelegatingConstructorAccessorImpl.newInstance(DelegatingConstructorAccessorImpl.java:45)
	at java.base/java.lang.reflect.Constructor.newInstance(Constructor.java:490)
	at ptolemy.util.test.junit.AutoKnownFailedTests.RunModel(AutoKnownFailedTests.java:105)
	at java.base/jdk.internal.reflect.NativeMethodAccessorImpl.invoke0(Native Method)
	at java.base/jdk.internal.reflect.NativeMethodAccessorImpl.invoke(NativeMethodAccessorImpl.java:62)
	at java.base/jdk.internal.reflect.DelegatingMethodAccessorImpl.invoke(DelegatingMethodAccessorImpl.java:43)
	at java.base/java.lang.reflect.Method.invoke(Method.java:566)
	at org.junit.runners.model.FrameworkMethod$1.runReflectiveCall(FrameworkMethod.java:44)
	at org.junit.internal.runners.model.ReflectiveCallable.run(ReflectiveCallable.java:15)
	at org.junit.runners.model.FrameworkMethod.invokeExplosively(FrameworkMethod.java:41)
	at junitparams.internal.InvokeParameterisedMethod.evaluate(InvokeParameterisedMethod.java:102)
	at org.junit.internal.runners.statements.FailOnTimeout$1.run(FailOnTimeout.java:28)
Caused by: ptolemy.kernel.util.IllegalActionException: Actor is not ready to fire.  Perhaps UpSample.prefire() returned false? Try debugging the actor by selecting "Listen to Actor".  Also, for SDF check moml for tokenConsumptionRate on input.
  in .DESDFClockTest.Play Bell.Copy1:SDF Director and .DESDFClockTest.Play Bell.UpSample
	at ptolemy.actor.sched.StaticSchedulingDirector.fire(StaticSchedulingDirector.java:227)
	at ptolemy.domains.sdf.kernel.SDFDirector.fire(SDFDirector.java:500)
	at ptolemy.actor.CompositeActor.fire(CompositeActor.java:455)
	at ptolemy.domains.de.kernel.DEDirector._fire(DEDirector.java:1949)
	at ptolemy.domains.de.kernel.DEDirector.fire(DEDirector.java:502)
	at ptolemy.actor.CompositeActor.fire(CompositeActor.java:455)
	at ptolemy.actor.Manager.iterate(Manager.java:851)
	at ptolemy.actor.Manager.execute(Manager.java:369)
	at ptolemy.actor.Manager.run(Manager.java:1263)
	at ptolemy.actor.Manager$PtolemyRunThread.run(Manager.java:1933)
java.lang.RuntimeException: Execution failed
	at ptolemy.moml.MoMLSimpleApplication$UnloadThread.run(MoMLSimpleApplication.java:402)
Caused by: ptolemy.kernel.util.IllegalActionException: Test fails in iteration 1.
Value was: 1.0. Should have been: 2.0
  in .DirectFeedback.Test
	at ptolemy.actor.lib.Test.fire(Test.java:268)
	at ptolemy.domains.de.kernel.DEDirector._fire(DEDirector.java:1949)
	at ptolemy.domains.de.kernel.DEDirector.fire(DEDirector.java:502)
	at ptolemy.actor.CompositeActor.fire(CompositeActor.java:455)
	at ptolemy.actor.Manager.iterate(Manager.java:851)
	at ptolemy.actor.Manager.execute(Manager.java:369)
	at ptolemy.actor.Manager.run(Manager.java:1263)
	at ptolemy.actor.Manager$PtolemyRunThread.run(Manager.java:1933)
java.lang.reflect.InvocationTargetException
	at java.base/jdk.internal.reflect.NativeConstructorAccessorImpl.newInstance0(Native Method)
	at java.base/jdk.internal.reflect.NativeConstructorAccessorImpl.newInstance(NativeConstructorAccessorImpl.java:62)
	at java.base/jdk.internal.reflect.DelegatingConstructorAccessorImpl.newInstance(DelegatingConstructorAccessorImpl.java:45)
	at java.base/java.lang.reflect.Constructor.newInstance(Constructor.java:490)
	at ptolemy.util.test.junit.AutoKnownFailedTests.RunModel(AutoKnownFailedTests.java:105)
	at java.base/jdk.internal.reflect.NativeMethodAccessorImpl.invoke0(Native Method)
	at java.base/jdk.internal.reflect.NativeMethodAccessorImpl.invoke(NativeMethodAccessorImpl.java:62)
	at java.base/jdk.internal.reflect.DelegatingMethodAccessorImpl.invoke(DelegatingMethodAccessorImpl.java:43)
	at java.base/java.lang.reflect.Method.invoke(Method.java:566)
	at org.junit.runners.model.FrameworkMethod$1.runReflectiveCall(FrameworkMethod.java:44)
	at org.junit.internal.runners.model.ReflectiveCallable.run(ReflectiveCallable.java:15)
	at org.junit.runners.model.FrameworkMethod.invokeExplosively(FrameworkMethod.java:41)
	at junitparams.internal.InvokeParameterisedMethod.evaluate(InvokeParameterisedMethod.java:102)
	at org.junit.internal.runners.statements.FailOnTimeout$1.run(FailOnTimeout.java:28)
Caused by: ptolemy.kernel.util.IllegalActionException: Test fails in iteration 1.
Value was: 1.0. Should have been: 2.0
  in .DirectFeedback.Test
	at ptolemy.actor.lib.Test.fire(Test.java:268)
	at ptolemy.domains.de.kernel.DEDirector._fire(DEDirector.java:1949)
	at ptolemy.domains.de.kernel.DEDirector.fire(DEDirector.java:502)
	at ptolemy.actor.CompositeActor.fire(CompositeActor.java:455)
	at ptolemy.actor.Manager.iterate(Manager.java:851)
	at ptolemy.actor.Manager.execute(Manager.java:369)
	at ptolemy.actor.Manager.run(Manager.java:1263)
	at ptolemy.actor.Manager$PtolemyRunThread.run(Manager.java:1933)
java.lang.RuntimeException: Execution failed
	at ptolemy.moml.MoMLSimpleApplication$UnloadThread.run(MoMLSimpleApplication.java:402)
Caused by: ptolemy.kernel.util.IllegalActionException: Found a zero delay loop containing .HierarchicalModel.A
  in .HierarchicalModel and .HierarchicalModel.A
	at ptolemy.actor.util.CausalityInterfaceForComposites._computeOutputPortDepth(CausalityInterfaceForComposites.java:759)
	at ptolemy.actor.util.CausalityInterfaceForComposites._computeInputDepth(CausalityInterfaceForComposites.java:696)
	at ptolemy.actor.util.CausalityInterfaceForComposites._computeOutputPortDepth(CausalityInterfaceForComposites.java:765)
	at ptolemy.actor.util.CausalityInterfaceForComposites._computeInputDepth(CausalityInterfaceForComposites.java:696)
	at ptolemy.actor.util.CausalityInterfaceForComposites._computeOutputPortDepth(CausalityInterfaceForComposites.java:765)
	at ptolemy.actor.util.CausalityInterfaceForComposites._computeInputDepth(CausalityInterfaceForComposites.java:696)
	at ptolemy.actor.util.CausalityInterfaceForComposites._computeActorDepth(CausalityInterfaceForComposites.java:532)
	at ptolemy.actor.util.CausalityInterfaceForComposites.checkForCycles(CausalityInterfaceForComposites.java:96)
	at ptolemy.domains.de.kernel.DEDirector.preinitialize(DEDirector.java:1338)
	at ptolemy.actor.CompositeActor.preinitialize(CompositeActor.java:1828)
	at ptolemy.actor.Manager.preinitializeAndResolveTypes(Manager.java:1040)
	at ptolemy.actor.Manager.initialize(Manager.java:710)
	at ptolemy.actor.Manager.execute(Manager.java:356)
	at ptolemy.actor.Manager.run(Manager.java:1263)
	at ptolemy.actor.Manager$PtolemyRunThread.run(Manager.java:1933)
java.lang.reflect.InvocationTargetException
	at java.base/jdk.internal.reflect.NativeConstructorAccessorImpl.newInstance0(Native Method)
	at java.base/jdk.internal.reflect.NativeConstructorAccessorImpl.newInstance(NativeConstructorAccessorImpl.java:62)
	at java.base/jdk.internal.reflect.DelegatingConstructorAccessorImpl.newInstance(DelegatingConstructorAccessorImpl.java:45)
	at java.base/java.lang.reflect.Constructor.newInstance(Constructor.java:490)
	at ptolemy.util.test.junit.AutoKnownFailedTests.RunModel(AutoKnownFailedTests.java:105)
	at java.base/jdk.internal.reflect.NativeMethodAccessorImpl.invoke0(Native Method)
	at java.base/jdk.internal.reflect.NativeMethodAccessorImpl.invoke(NativeMethodAccessorImpl.java:62)
	at java.base/jdk.internal.reflect.DelegatingMethodAccessorImpl.invoke(DelegatingMethodAccessorImpl.java:43)
	at java.base/java.lang.reflect.Method.invoke(Method.java:566)
	at org.junit.runners.model.FrameworkMethod$1.runReflectiveCall(FrameworkMethod.java:44)
	at org.junit.internal.runners.model.ReflectiveCallable.run(ReflectiveCallable.java:15)
	at org.junit.runners.model.FrameworkMethod.invokeExplosively(FrameworkMethod.java:41)
	at junitparams.internal.InvokeParameterisedMethod.evaluate(InvokeParameterisedMethod.java:102)
	at org.junit.internal.runners.statements.FailOnTimeout$1.run(FailOnTimeout.java:28)
Caused by: ptolemy.kernel.util.IllegalActionException: Found a zero delay loop containing .HierarchicalModel.A
  in .HierarchicalModel and .HierarchicalModel.A
	at ptolemy.actor.util.CausalityInterfaceForComposites._computeOutputPortDepth(CausalityInterfaceForComposites.java:759)
	at ptolemy.actor.util.CausalityInterfaceForComposites._computeInputDepth(CausalityInterfaceForComposites.java:696)
	at ptolemy.actor.util.CausalityInterfaceForComposites._computeOutputPortDepth(CausalityInterfaceForComposites.java:765)
	at ptolemy.actor.util.CausalityInterfaceForComposites._computeInputDepth(CausalityInterfaceForComposites.java:696)
	at ptolemy.actor.util.CausalityInterfaceForComposites._computeOutputPortDepth(CausalityInterfaceForComposites.java:765)
	at ptolemy.actor.util.CausalityInterfaceForComposites._computeInputDepth(CausalityInterfaceForComposites.java:696)
	at ptolemy.actor.util.CausalityInterfaceForComposites._computeActorDepth(CausalityInterfaceForComposites.java:532)
	at ptolemy.actor.util.CausalityInterfaceForComposites.checkForCycles(CausalityInterfaceForComposites.java:96)
	at ptolemy.domains.de.kernel.DEDirector.preinitialize(DEDirector.java:1338)
	at ptolemy.actor.CompositeActor.preinitialize(CompositeActor.java:1828)
	at ptolemy.actor.Manager.preinitializeAndResolveTypes(Manager.java:1040)
	at ptolemy.actor.Manager.initialize(Manager.java:710)
	at ptolemy.actor.Manager.execute(Manager.java:356)
	at ptolemy.actor.Manager.run(Manager.java:1263)
	at ptolemy.actor.Manager$PtolemyRunThread.run(Manager.java:1933)
java.lang.RuntimeException: Execution failed
	at ptolemy.moml.MoMLSimpleApplication$UnloadThread.run(MoMLSimpleApplication.java:402)
Caused by: ptolemy.kernel.util.IllegalActionException: Found a zero delay loop containing .dependencyLoop.original
  in .dependencyLoop and .dependencyLoop.original
	at ptolemy.actor.util.CausalityInterfaceForComposites._computeOutputPortDepth(CausalityInterfaceForComposites.java:759)
	at ptolemy.actor.util.CausalityInterfaceForComposites._computeInputDepth(CausalityInterfaceForComposites.java:696)
	at ptolemy.actor.util.CausalityInterfaceForComposites._computeOutputPortDepth(CausalityInterfaceForComposites.java:765)
	at ptolemy.actor.util.CausalityInterfaceForComposites._computeInputDepth(CausalityInterfaceForComposites.java:696)
	at ptolemy.actor.util.CausalityInterfaceForComposites._computeOutputPortDepth(CausalityInterfaceForComposites.java:765)
	at ptolemy.actor.util.CausalityInterfaceForComposites._computeInputDepth(CausalityInterfaceForComposites.java:696)
	at ptolemy.actor.util.CausalityInterfaceForComposites._computeActorDepth(CausalityInterfaceForComposites.java:532)
	at ptolemy.actor.util.CausalityInterfaceForComposites.checkForCycles(CausalityInterfaceForComposites.java:96)
	at ptolemy.domains.de.kernel.DEDirector.preinitialize(DEDirector.java:1338)
	at ptolemy.actor.CompositeActor.preinitialize(CompositeActor.java:1828)
	at ptolemy.actor.Manager.preinitializeAndResolveTypes(Manager.java:1040)
	at ptolemy.actor.Manager.initialize(Manager.java:710)
	at ptolemy.actor.Manager.execute(Manager.java:356)
	at ptolemy.actor.Manager.run(Manager.java:1263)
	at ptolemy.actor.Manager$PtolemyRunThread.run(Manager.java:1933)
java.lang.reflect.InvocationTargetException
	at java.base/jdk.internal.reflect.NativeConstructorAccessorImpl.newInstance0(Native Method)
	at java.base/jdk.internal.reflect.NativeConstructorAccessorImpl.newInstance(NativeConstructorAccessorImpl.java:62)
	at java.base/jdk.internal.reflect.DelegatingConstructorAccessorImpl.newInstance(DelegatingConstructorAccessorImpl.java:45)
	at java.base/java.lang.reflect.Constructor.newInstance(Constructor.java:490)
	at ptolemy.util.test.junit.AutoKnownFailedTests.RunModel(AutoKnownFailedTests.java:105)
	at java.base/jdk.internal.reflect.NativeMethodAccessorImpl.invoke0(Native Method)
	at java.base/jdk.internal.reflect.NativeMethodAccessorImpl.invoke(NativeMethodAccessorImpl.java:62)
	at java.base/jdk.internal.reflect.DelegatingMethodAccessorImpl.invoke(DelegatingMethodAccessorImpl.java:43)
	at java.base/java.lang.reflect.Method.invoke(Method.java:566)
	at org.junit.runners.model.FrameworkMethod$1.runReflectiveCall(FrameworkMethod.java:44)
	at org.junit.internal.runners.model.ReflectiveCallable.run(ReflectiveCallable.java:15)
	at org.junit.runners.model.FrameworkMethod.invokeExplosively(FrameworkMethod.java:41)
	at junitparams.internal.InvokeParameterisedMethod.evaluate(InvokeParameterisedMethod.java:102)
	at org.junit.internal.runners.statements.FailOnTimeout$1.run(FailOnTimeout.java:28)
Caused by: ptolemy.kernel.util.IllegalActionException: Found a zero delay loop containing .dependencyLoop.original
  in .dependencyLoop and .dependencyLoop.original
	at ptolemy.actor.util.CausalityInterfaceForComposites._computeOutputPortDepth(CausalityInterfaceForComposites.java:759)
	at ptolemy.actor.util.CausalityInterfaceForComposites._computeInputDepth(CausalityInterfaceForComposites.java:696)
	at ptolemy.actor.util.CausalityInterfaceForComposites._computeOutputPortDepth(CausalityInterfaceForComposites.java:765)
	at ptolemy.actor.util.CausalityInterfaceForComposites._computeInputDepth(CausalityInterfaceForComposites.java:696)
	at ptolemy.actor.util.CausalityInterfaceForComposites._computeOutputPortDepth(CausalityInterfaceForComposites.java:765)
	at ptolemy.actor.util.CausalityInterfaceForComposites._computeInputDepth(CausalityInterfaceForComposites.java:696)
	at ptolemy.actor.util.CausalityInterfaceForComposites._computeActorDepth(CausalityInterfaceForComposites.java:532)
	at ptolemy.actor.util.CausalityInterfaceForComposites.checkForCycles(CausalityInterfaceForComposites.java:96)
	at ptolemy.domains.de.kernel.DEDirector.preinitialize(DEDirector.java:1338)
	at ptolemy.actor.CompositeActor.preinitialize(CompositeActor.java:1828)
	at ptolemy.actor.Manager.preinitializeAndResolveTypes(Manager.java:1040)
	at ptolemy.actor.Manager.initialize(Manager.java:710)
	at ptolemy.actor.Manager.execute(Manager.java:356)
	at ptolemy.actor.Manager.run(Manager.java:1263)
	at ptolemy.actor.Manager$PtolemyRunThread.run(Manager.java:1933)
java.lang.RuntimeException: Execution failed
	at ptolemy.moml.MoMLSimpleApplication$UnloadThread.run(MoMLSimpleApplication.java:402)
Caused by: ptolemy.kernel.util.IllegalActionException: Found a zero delay loop containing .dependencyLoop2.original
  in .dependencyLoop2 and .dependencyLoop2.original
	at ptolemy.actor.util.CausalityInterfaceForComposites._computeOutputPortDepth(CausalityInterfaceForComposites.java:759)
	at ptolemy.actor.util.CausalityInterfaceForComposites._computeInputDepth(CausalityInterfaceForComposites.java:696)
	at ptolemy.actor.util.CausalityInterfaceForComposites._computeOutputPortDepth(CausalityInterfaceForComposites.java:765)
	at ptolemy.actor.util.CausalityInterfaceForComposites._computeInputDepth(CausalityInterfaceForComposites.java:696)
	at ptolemy.actor.util.CausalityInterfaceForComposites._computeOutputPortDepth(CausalityInterfaceForComposites.java:765)
	at ptolemy.actor.util.CausalityInterfaceForComposites._computeInputDepth(CausalityInterfaceForComposites.java:696)
	at ptolemy.actor.util.CausalityInterfaceForComposites._computeActorDepth(CausalityInterfaceForComposites.java:532)
	at ptolemy.actor.util.CausalityInterfaceForComposites.checkForCycles(CausalityInterfaceForComposites.java:96)
	at ptolemy.domains.de.kernel.DEDirector.preinitialize(DEDirector.java:1338)
	at ptolemy.actor.CompositeActor.preinitialize(CompositeActor.java:1828)
	at ptolemy.actor.Manager.preinitializeAndResolveTypes(Manager.java:1040)
	at ptolemy.actor.Manager.initialize(Manager.java:710)
	at ptolemy.actor.Manager.execute(Manager.java:356)
	at ptolemy.actor.Manager.run(Manager.java:1263)
	at ptolemy.actor.Manager$PtolemyRunThread.run(Manager.java:1933)
java.lang.reflect.InvocationTargetException
	at java.base/jdk.internal.reflect.NativeConstructorAccessorImpl.newInstance0(Native Method)
	at java.base/jdk.internal.reflect.NativeConstructorAccessorImpl.newInstance(NativeConstructorAccessorImpl.java:62)
	at java.base/jdk.internal.reflect.DelegatingConstructorAccessorImpl.newInstance(DelegatingConstructorAccessorImpl.java:45)
	at java.base/java.lang.reflect.Constructor.newInstance(Constructor.java:490)
	at ptolemy.util.test.junit.AutoKnownFailedTests.RunModel(AutoKnownFailedTests.java:105)
	at java.base/jdk.internal.reflect.NativeMethodAccessorImpl.invoke0(Native Method)
	at java.base/jdk.internal.reflect.NativeMethodAccessorImpl.invoke(NativeMethodAccessorImpl.java:62)
	at java.base/jdk.internal.reflect.DelegatingMethodAccessorImpl.invoke(DelegatingMethodAccessorImpl.java:43)
	at java.base/java.lang.reflect.Method.invoke(Method.java:566)
	at org.junit.runners.model.FrameworkMethod$1.runReflectiveCall(FrameworkMethod.java:44)
	at org.junit.internal.runners.model.ReflectiveCallable.run(ReflectiveCallable.java:15)
	at org.junit.runners.model.FrameworkMethod.invokeExplosively(FrameworkMethod.java:41)
	at junitparams.internal.InvokeParameterisedMethod.evaluate(InvokeParameterisedMethod.java:102)
	at org.junit.internal.runners.statements.FailOnTimeout$1.run(FailOnTimeout.java:28)
Caused by: ptolemy.kernel.util.IllegalActionException: Found a zero delay loop containing .dependencyLoop2.original
  in .dependencyLoop2 and .dependencyLoop2.original
	at ptolemy.actor.util.CausalityInterfaceForComposites._computeOutputPortDepth(CausalityInterfaceForComposites.java:759)
	at ptolemy.actor.util.CausalityInterfaceForComposites._computeInputDepth(CausalityInterfaceForComposites.java:696)
	at ptolemy.actor.util.CausalityInterfaceForComposites._computeOutputPortDepth(CausalityInterfaceForComposites.java:765)
	at ptolemy.actor.util.CausalityInterfaceForComposites._computeInputDepth(CausalityInterfaceForComposites.java:696)
	at ptolemy.actor.util.CausalityInterfaceForComposites._computeOutputPortDepth(CausalityInterfaceForComposites.java:765)
	at ptolemy.actor.util.CausalityInterfaceForComposites._computeInputDepth(CausalityInterfaceForComposites.java:696)
	at ptolemy.actor.util.CausalityInterfaceForComposites._computeActorDepth(CausalityInterfaceForComposites.java:532)
	at ptolemy.actor.util.CausalityInterfaceForComposites.checkForCycles(CausalityInterfaceForComposites.java:96)
	at ptolemy.domains.de.kernel.DEDirector.preinitialize(DEDirector.java:1338)
	at ptolemy.actor.CompositeActor.preinitialize(CompositeActor.java:1828)
	at ptolemy.actor.Manager.preinitializeAndResolveTypes(Manager.java:1040)
	at ptolemy.actor.Manager.initialize(Manager.java:710)
	at ptolemy.actor.Manager.execute(Manager.java:356)
	at ptolemy.actor.Manager.run(Manager.java:1263)
	at ptolemy.actor.Manager$PtolemyRunThread.run(Manager.java:1933)
]]></system-err>
</testsuite>
