<?xml version="1.0" encoding="UTF-8" ?>
<testsuite errors="1" failures="2" hostname="travis-job-60fcdf07-c10a-4881-a723-a3852e396024" name="ptolemy.actor.lib.test.junit.JUnitTclTest" skipped="0" tests="517" time="64.673" timestamp="2019-07-09T20:00:06">
  <properties>
    <property name="npm.executable" value="npm" />
    <property name="env.TRAVIS_ROOT" value="/" />
    <property name="ptII.mk.exists" value="true" />
    <property name="env.TRAVIS_APP_HOST" value="build.travis-ci.org" />
    <property name="env.rvm_bin_path" value="/home/travis/.rvm/bin" />
    <property name="java.home" value="/usr/local/lib/jvm/openjdk11" />
    <property name="env.TRAVIS_JOB_NUMBER" value="1201.8" />
    <property name="env.TRAVIS_HOME" value="/home/travis" />
    <property name="env.DISPLAY" value=":99.0" />
    <property name="env.TRAVIS_INIT" value="systemd" />
    <property name="env.SSH_TTY" value="/dev/pts/0" />
    <property name="java.net.preferIPv4Stack" value="true" />
    <property name="env.RUN_TESTS" value="true" />
    <property name="timeout.short" value="1000000" />
    <property name="junit.formatter" value="xml" />
    <property name="env.TRAVIS_SUDO" value="true" />
    <property name="env.TRAVIS_JOB_NAME" value="" />
    <property name="env.TRAVIS_STACK_NODE_ATTRIBUTES" value="/.node-attributes.yml" />
    <property name="env.LOGNAME" value="travis" />
    <property name="env.PT_TRAVIS_TEST_CORE1_XML" value="true" />
    <property name="jsdoc.home" value="node_modules/@terraswarm/jsdoc" />
    <property name="debuglevel" value="source,lines,vars" />
    <property name="checkstyle.formatter" value="xml" />
    <property name="env._system_version" value="16.04" />
    <property name="bin.vergil.makeable" value="true" />
    <property name="sun.os.patch.level" value="unknown" />
    <property name="java.vendor.url" value="http://java.oracle.com/" />
    <property name="env.TRAVIS_BUILD_WEB_URL" value="https://travis-ci.org/icyphy/ptII/builds/556425436" />
    <property name="java.version" value="11.0.2" />
    <property name="env.TZ" value="UTC" />
    <property name="env.TRAVIS_PULL_REQUEST_SHA" value="" />
    <property name="env.PT_NO_NET" value="true" />
    <property name="env.TRAVIS_SECURE_ENV_VARS" value="true" />
    <property name="env._system_type" value="Linux" />
    <property name="java.vendor.url.bug" value="http://bugreport.java.com/bugreport/" />
    <property name="npmjs-org-is-up" value="true" />
    <property name="env.LANGUAGE" value="en_US.UTF-8" />
    <property name="env.SSH_CLIENT" value="10.10.4.65 50464 22" />
    <property name="env.GEM_HOME" value="/home/travis/.rvm/gems/ruby-2.5.3" />
    <property name="env.HAS_ANTARES_THREE_LITTLE_FRONZIES_BADGE" value="true" />
    <property name="java.version.date" value="2019-01-15" />
    <property name="env.PS4" value="+" />
    <property name="ant.project.invoked-targets" value="build,test.core1.xml" />
    <property name="env.TRAVIS_PULL_REQUEST_BRANCH" value="" />
    <property name="env.TRAVIS_REPO_SLUG" value="icyphy/ptII" />
    <property name="env.XDG_DATA_DIRS" value="/usr/local/share:/usr/share:/var/lib/snapd/desktop" />
    <property name="jdk.debug" value="release" />
    <property name="env.TRAVIS_APT_PROXY" value="http://apt.cache.travis-ci.com" />
    <property name="node.in.path" value="true" />
    <property name="user.name" value="travis" />
    <property name="java.maxmemory" value="1400m" />
    <property name="env.RUBY_VERSION" value="ruby-2.5.3" />
    <property name="env.LANG" value="en_US.UTF-8" />
    <property name="sun.io.unicode.encoding" value="UnicodeLittle" />
    <property name="sun.jnu.encoding" value="UTF-8" />
    <property name="java.runtime.name" value="OpenJDK Runtime Environment" />
    <property name="usefile" value="false" />
    <property name="return.code" value="0" />
    <property name="junit.single.formatter" value="plain" />
    <property name="env.DYLD_LIBRARY_PATH" value="/home/travis/pthla/certi-tools/lib:" />
    <property name="env.DEBIAN_FRONTEND" value="noninteractive" />
    <property name="env.SSH_CONNECTION" value="10.10.4.65 50464 10.20.1.76 22" />
    <property name="env.MYSQL_UNIX_PORT" value="/var/run/mysqld/mysqld.sock" />
    <property name="env.LC_ALL" value="en_US.UTF-8" />
    <property name="env.TRAVIS_ALLOW_FAILURE" value="false" />
    <property name="env.TRAVIS_JOB_WEB_URL" value="https://travis-ci.org/icyphy/ptII/jobs/556425449" />
    <property name="java.specification.name" value="Java Platform API Specification" />
    <property name="node.works" value="true" />
    <property name="user.timezone" value="" />
    <property name="path.separator" value=":" />
    <property name="env.TRAVIS_ENABLE_INFRA_DETECTION" value="true" />
    <property name="env.PYTHON_CFLAGS" value="-g -fstack-protector --param=ssp-buffer-size=4 -Wformat -Werror=format-security" />
    <property name="timeout.long" value="4000000" />
    <property name="env.CERTI_HOME" value="/home/travis/pthla/certi-tools" />
    <property name="ant.file.ptII" value="/home/travis/build/icyphy/ptII/build.xml" />
    <property name="javadoc.packagenames" value="com.*,diva.*,lbnl.*,org.hlacerti.*,org.json.*,org.ptolemy.*,org.terraswarm.*,ptolemy.*,ptserver.*" />
    <property name="file.encoding" value="UTF-8" />
    <property name="env.TRAVIS_PULL_REQUEST_SLUG" value="" />
    <property name="ant.project.default-target" value="build" />
    <property name="env.GIT_ASKPASS" value="echo" />
    <property name="env.HOME" value="/home/travis" />
    <property name="sun.java.command" value="org.apache.tools.ant.taskdefs.optional.junit.JUnitTestRunner ptolemy.actor.lib.test.junit.JUnitTclTest skipNonTests=false filtertrace=true haltOnError=false haltOnFailure=false formatter=org.apache.tools.ant.taskdefs.optional.junit.OutErrSummaryJUnitResultFormatter showoutput=true outputtoformatters=true logfailedtests=true threadid=0 logtestlistenerevents=false formatter=org.apache.tools.ant.taskdefs.optional.junit.XMLJUnitResultFormatter,/home/travis/build/icyphy/ptII/reports/junit/TEST-ptolemy.actor.lib.test.junit.JUnitTclTest.xml crashfile=/home/travis/build/icyphy/ptII/junitvmwatcher14797934693987956408.properties propsfile=/home/travis/build/icyphy/ptII/junit14048440810865566072.properties" />
    <property name="env.COMPOSER_NO_INTERACTION" value="1" />
    <property name="env.MANPATH" value="/home/travis/.nvm/versions/node/v7.10.1/share/man:/home/travis/.rvm/rubies/ruby-2.5.3/share/man:/usr/local/cmake-3.12.4/man:/usr/local/clang-7.0.0/share/man:/usr/local/man:/usr/local/share/man:/usr/share/man:/home/travis/.rvm/man" />
    <property name="env.TRAVIS_TIMER_ID" value="17b7a900" />
    <property name="ant.file" value="/home/travis/build/icyphy/ptII/build.xml" />
    <property name="env.TRAVIS_COMMIT_RANGE" value="55f4daf619bc...4442dcfa3a5b" />
    <property name="env._system_name" value="Ubuntu" />
    <property name="ptII.classpath.optional.property" value="/home/travis/build/icyphy/ptII/lib/bsh-2.0b4.jar:/home/travis/build/icyphy/ptII/lib/ptCal.jar:/home/travis/build/icyphy/ptII/lib/java_cup.jar:/home/travis/build/icyphy/ptII/lib/saxon8.jar:/home/travis/build/icyphy/ptII/lib/saxon8-dom.jar:/home/travis/build/icyphy/ptII/lib/chic.jar:/home/travis/build/icyphy/ptII/lib/ptcolt.jar:/home/travis/build/icyphy/ptII/vendors/misc/itext/iText.jar:/home/travis/build/icyphy/ptII/lib/g4ltl.jar:/home/travis/build/icyphy/ptII/lib/StructuralCoder.jar:/home/travis/build/icyphy/ptII/vendors/jai-1_1_2_01/lib/jai_core.jar:/home/travis/build/icyphy/ptII/vendors/jai-1_1_2_01/lib/jai_codec.jar:/home/travis/build/icyphy/ptII/lib/jcerti.jar:/home/travis/build/icyphy/ptII/lib/javax.mail.jar:/home/travis/build/icyphy/ptII/vendors/JMF-2.1.1e/lib/jmf.jar:/home/travis/build/icyphy/ptII/lib/jna-4.0.0-variadic.jar:/home/travis/build/icyphy/ptII/vendors/misc/joystick/Joystick.jar:/home/travis/build/icyphy/ptII/lib/ptjacl.jar:/home/travis/build/icyphy/ptII/lib/jsoup-1.8.2.jar:/home/travis/build/icyphy/ptII/lib/junit-4.8.2.jar:/home/travis/build/icyphy/ptII/lib/JUnitParams-0.4.0.jar:/home/travis/build/icyphy/ptII/ptolemy/actor/lib/excel/jxl.jar:/home/travis/build/icyphy/ptII/lib/jython.jar:/home/travis/build/icyphy/ptII/lib/kieler.jar:/home/travis/build/icyphy/ptII/vendors/opencv/share/OpenCV/java/opencv-341.jar:/home/travis/build/icyphy/ptII/lib/oscP5.jar:/home/travis/build/icyphy/ptII/lib/nrjavaserial-3.11.0.devel.jar:/home/travis/build/icyphy/ptII/vendors/j3d/lib/j3dcore.jar:/home/travis/build/icyphy/ptII/vendors/j3d/lib/j3dutils.jar:/home/travis/build/icyphy/ptII/vendors/j3d/lib/vecmath.jar:/home/travis/build/icyphy/ptII/ptolemy/distributed/jini/jar/jini-core.jar:/home/travis/build/icyphy/ptII/ptolemy/distributed/jini/jar/jini-ext.jar:/home/travis/build/icyphy/ptII/ptolemy/distributed/jini/jar/sun-util.jar:/home/travis/build/icyphy/ptII/lib/protobuf-java-2.4.1.jar:/home/travis/build/icyphy/ptII/lib/org.eclipse.paho.client.mqttv3.jar:/home/travis/build/icyphy/ptII/lib/mapss.jar:/home/travis/build/icyphy/ptII/ptolemy/actor/ptalon/antlr/antlr.jar:/home/travis/build/icyphy/ptII/lib/JRI.jar:/home/travis/build/icyphy/ptII/lib/commons-lang-2.6.jar:/home/travis/build/icyphy/ptII/lib/commons-logging-1.1.1.jar:/home/travis/build/icyphy/ptII/lib/sootclasses.jar:/home/travis/build/icyphy/ptII/ptolemy/actor/lib/database/mysql-connector-java-5.1.6-bin.jar:/home/travis/build/icyphy/ptII/vendors/misc/sphinx4/sphinx4-data-5prealpha.jar:/home/travis/build/icyphy/ptII/vendors/misc/sphinx4/sphinx4-core-5prealpha.jar:/home/travis/build/icyphy/ptII/lib/PDFRenderer.jar:/home/travis/build/icyphy/ptII/lib/svgSalamander.jar:/home/travis/build/icyphy/ptII/lib/rsyntaxtextarea-2.6.0-SNAPSHOT.jar:/home/travis/build/icyphy/ptII/lib/hazelcast-3.8.2.jar:/home/travis/build/icyphy/ptII/lib/jackson-annotations-2.9.0.jar:/home/travis/build/icyphy/ptII/lib/jackson-core-2.9.3.jar:/home/travis/build/icyphy/ptII/lib/jackson-databind-2.9.3.jar:/home/travis/build/icyphy/ptII/lib/netty-buffer-4.1.19.Final.jar:/home/travis/build/icyphy/ptII/lib/netty-codec-4.1.19.Final.jar:/home/travis/build/icyphy/ptII/lib/netty-codec-dns-4.1.19.Final.jar:/home/travis/build/icyphy/ptII/lib/netty-codec-http-4.1.19.Final.jar:/home/travis/build/icyphy/ptII/lib/netty-codec-http2-4.1.19.Final.jar:/home/travis/build/icyphy/ptII/lib/netty-common-4.1.19.Final.jar:/home/travis/build/icyphy/ptII/lib/netty-handler-4.1.19.Final.jar:/home/travis/build/icyphy/ptII/lib/netty-resolver-4.1.19.Final.jar:/home/travis/build/icyphy/ptII/lib/netty-resolver-dns-4.1.19.Final.jar:/home/travis/build/icyphy/ptII/lib/netty-transport-4.1.19.Final.jar:/home/travis/build/icyphy/ptII/lib/vertx-codegen-3.5.1.jar:/home/travis/build/icyphy/ptII/lib/vertx-core-3.5.2-SNAPSHOT.jar:/home/travis/build/icyphy/ptII/lib/vertx-hazelcast-3.5.1.jar:/home/travis/build/icyphy/ptII/lib/vertx-lang-js-3.5.1.jar:/home/travis/build/icyphy/ptII/lib/vertx-service-proxy-3.5.1.jar:/home/travis/build/icyphy/ptII/lib/vertx-web-3.5.1.jar:/home/travis/build/icyphy/ptII/lib/slf4j-api-1.7.13.jar:/home/travis/build/icyphy/ptII/lib/slf4j-simple-1.7.13.jar:/home/travis/build/icyphy/ptII/lib/webcam-capture-0.3.12.jar:/home/travis/build/icyphy/ptII/lib/bridj-0.7.0.jar:/home/travis/build/icyphy/ptII/lib/xbjlib-1.1.0.nrjavaserial.jar" />
    <property name="timeout" value="2400000" />
    <property name="test.batch" value="**/junit/*.java" />
    <property name="env._" value="/usr/bin/timeout" />
    <property name="java.io.tmpdir" value="/tmp" />
    <property name="user.language" value="en" />
    <property name="env.TRAVIS_INTERNAL_RUBY_REGEX" value="^ruby-(2\.[0-4]\.[0-9]|1\.9\.3)" />
    <property name="env.HISTCONTROL" value="ignoredups:ignorespace" />
    <property name="env.GOROOT" value="/home/travis/.gimme/versions/go1.11.1.linux.amd64" />
    <property name="line.separator" value="&#xa;" />
    <property name="target" value="11" />
    <property name="env.TRAVIS_BUILD_DIR" value="/home/travis/build/icyphy/ptII" />
    <property name="env.ANT_OPTS" value="-Xmx2048m" />
    <property name="ant.file.type" value="file" />
    <property name="ptolemy.ptII.batchMode" value="true" />
    <property name="env.HISTSIZE" value="1000" />
    <property name="env.MERB_ENV" value="test" />
    <property name="java.vm.info" value="mixed mode" />
    <property name="source" value="11" />
    <property name="java.vm.specification.name" value="Java Virtual Machine Specification" />
    <property name="env.TRAVIS_TEST_RESULT" value="0" />
    <property name="jsdoc.command" value="node_modules/@terraswarm/jsdoc/jsdoc.js" />
    <property name="npm.works" value="true" />
    <property name="cobertura.dir" value="/home/travis/build/icyphy/ptII/vendors/cobertura-2.0.3" />
    <property name="env.rvm_path" value="/home/travis/.rvm" />
    <property name="env.GEM_PATH" value="/home/travis/.rvm/gems/ruby-2.5.3:/home/travis/.rvm/gems/ruby-2.5.3@global" />
    <property name="env.LC_CTYPE" value="en_US.UTF-8" />
    <property name="env.TRAVIS_CMD" value="$PTII/bin/ptIITravisBuild.sh $SECONDS" />
    <property name="java.awt.printerjob" value="sun.print.PSPrinterJob" />
    <property name="env.TRAVIS_STACK_NAME" value="sardonyx" />
    <property name="env.TRAVIS_TIMER_START_TIME" value="1562701716064432655" />
    <property name="ant.version" value="Apache Ant(TM) version 1.10.1 compiled on February 2 2017" />
    <property name="ptII.reports" value="/home/travis/build/icyphy/ptII/reports" />
    <property name="env.TRAVIS_STACK_TIMESTAMP" value="2019-03-25 16:16:56 UTC" />
    <property name="ant.file.type.ptII" value="file" />
    <property name="env.RBENV_SHELL" value="bash" />
    <property name="os.name" value="Linux" />
    <property name="java.specification.vendor" value="Oracle Corporation" />
    <property name="env.rvm_version" value="1.29.7 (latest)" />
    <property name="env.TRAVIS_INFRA" value="gce" />
    <property name="env.TERM" value="xterm" />
    <property name="java.vm.name" value="OpenJDK 64-Bit Server VM" />
    <property name="env.TRAVIS_BUILD_NUMBER" value="1201" />
    <property name="env.CI" value="true" />
    <property name="java.library.path" value="/home/travis/pthla/certi-tools/lib:/usr/lib/jni:/usr/local/share/OpenCV/java/:/usr/share/OpenCV/java::/usr/java/packages/lib:/usr/lib64:/lib64:/lib:/usr/lib" />
    <property name="env.rvm_prefix" value="/home/travis" />
    <property name="env.PATH" value="/home/travis/pthla/certi-tools/share/scripts:/home/travis/.rvm/gems/ruby-2.5.3/bin:/home/travis/.rvm/gems/ruby-2.5.3@global/bin:/home/travis/.rvm/rubies/ruby-2.5.3/bin:/home/travis/.rvm/bin:/home/travis/.nvm/versions/node/v7.10.1/bin:./node_modules/.bin:/home/travis/build/icyphy/ptII/bin:/home/travis/pthla/certi-tools/bin:/home/travis/bin:/home/travis/.local/bin:/usr/local/lib/jvm/openjdk11/bin:/opt/pyenv/shims:/home/travis/.phpenv/shims:/home/travis/perl5/perlbrew/bin:/home/travis/gopath/bin:/home/travis/.gimme/versions/go1.11.1.linux.amd64/bin:/usr/local/maven-3.6.0/bin:/usr/local/cmake-3.12.4/bin:/usr/local/clang-7.0.0/bin:/usr/local/sbin:/usr/local/bin:/usr/sbin:/usr/bin:/sbin:/bin:/snap/bin:/home/travis/.phpenv/bin:/opt/pyenv/bin:/home/travis/.yarn/bin" />
    <property name="env.TRAVIS_OS_NAME" value="linux" />
    <property name="ant.java.version" value="9" />
    <property name="basedir" value="/home/travis/build/icyphy/ptII" />
    <property name="java.class.version" value="55.0" />
    <property name="env.SHLVL" value="3" />
    <property name="env.LD_LIBRARY_PATH" value="/home/travis/pthla/certi-tools/lib:/usr/lib/jni:/usr/local/share/OpenCV/java/:/usr/share/OpenCV/java:" />
    <property name="env.RACK_ENV" value="test" />
    <property name="ant.home" value="/home/travis/build/icyphy/ptII/ant" />
    <property name="env.NVM_DIR" value="/home/travis/.nvm" />
    <property name="env.CERTI_FOM_PATH" value="/home/travis/pthla/certi-tools/share/federations" />
    <property name="env.TRAVIS_BUILD_ID" value="556425436" />
    <property name="env.PYENV_ROOT" value="/opt/pyenv" />
    <property name="env.TRAVIS_UID" value="2000" />
    <property name="env.NVM_BIN" value="/home/travis/.nvm/versions/node/v7.10.1/bin" />
    <property name="env.TRAVIS_COMMIT" value="4442dcfa3a5bb4acae7dee3f0e7aa914454ed73c" />
    <property name="env._system_arch" value="x86_64" />
    <property name="node.executable" value="node" />
    <property name="sun.boot.library.path" value="/usr/local/lib/jvm/openjdk11/lib" />
    <property name="sun.management.compiler" value="HotSpot 64-Bit Tiered Compilers" />
    <property name="java.awt.graphicsenv" value="sun.awt.X11GraphicsEnvironment" />
    <property name="env.GOPATH" value="/home/travis/gopath" />
    <property name="ptolemy.ptII.dir" value="/home/travis/build/icyphy/ptII" />
    <property name="env.USER" value="travis" />
    <property name="env.HISTFILESIZE" value="2000" />
    <property name="timeout.longest" value="19000000" />
    <property name="env.PERLBREW_SHELLRC_VERSION" value="0.86" />
    <property name="env.TRAVIS_STACK_FEATURES" value="basic couchdb disabled-ipv6 docker docker-compose elasticsearch firefox go-toolchain google-chrome jdk memcached mongodb mysql nodejs_interpreter perl_interpreter perlbrew phantomjs postgresql python_interpreter redis ruby_interpreter sqlite xserver" />
    <property name="env.TRAVIS_PULL_REQUEST" value="false" />
    <property name="env.PYENV_SHELL" value="bash" />
    <property name="ant.project.name" value="ptII" />
    <property name="env.ANSI_RESET" value="\033[0m" />
    <property name="java.vm.specification.version" value="11" />
    <property name="env.TRAVIS_DIST" value="xenial" />
    <property name="env.CERTI_VERSION" value="4.0.0" />
    <property name="env.CERTI_HOST" value="localhost" />
    <property name="awt.toolkit" value="sun.awt.X11.XToolkit" />
    <property name="env.MY_RUBY_HOME" value="/home/travis/.rvm/rubies/ruby-2.5.3" />
    <property name="sun.cpu.isalist" value="" />
    <property name="env.TRAVIS_TMPDIR" value="/tmp/tmp.8R5dhCCJ7j" />
    <property name="java.vm.compressedOopsMode" value="Zero based" />
    <property name="os.version" value="4.15.0-1028-gcp" />
    <property name="user.home" value="/home/travis" />
    <property name="java.vm.vendor" value="Oracle Corporation" />
    <property name="env.TRAVIS_TAG" value="nightly" />
    <property name="env.ANSI_YELLOW" value="\033[33;1m" />
    <property name="env.TRAVIS_FILTERED" value="redirect_io" />
    <property name="env.ANSI_GREEN" value="\033[32;1m" />
    <property name="env.JAVA_HOME" value="/usr/local/lib/jvm/openjdk11" />
    <property name="javadoc.excludepackagenames" value="adm.cvs2svn.*,build.*,config.*,doc.coding.templates.*,jni.test.jni.meaningOfLife.*,jni.test.jni.testDeux.*,jni.test.jni.testTrois.*,org.terraswarm.accessor.accessors.web.node_modules.*,org.terraswarm.accessor.accessors.web.hosts.cordova.demo.*,org.terraswarm.accessor.accessors.web.hosts.cordova.plugins.*,org.terraswarm.accessor.accessors-svn.*,pt-modules.*,ptolemy.apps.agilent.*,ptolemy.apps.anytimecontrol.*,ptolemy.apps.apes.*,ptolemy.apps.charon.*,ptolemy.apps.crazyboard.*,ptolemy.apps.eclipse.*,ptolemy.apps.etherealSting.*,ptolemy.apps.fullscreen.*,ptolemy.apps.giotto.*,ptolemy.apps.ia.*,ptolemy.apps.interfaces.*,ptolemy.apps.jmf.*,ptolemy.apps.kurt.*,ptolemy.apps.kvm.*,ptolemy.apps.lego.*,ptolemy.apps.lejos.*,ptolemy.apps.midp.*,ptolemy.apps.mobileCoding.*,ptolemy.apps.pendulum.*,ptolemy.apps.rijndael.*,ptolemy.apps.robot.*,ptolemy.apps.security.*,ptolemy.apps.sobel.*,ptolemy.apps.soot.*,ptolemy.apps.throttle.*,ptolemy.apps.tini.*,ptolemy.apps.transmission.*,ptolemy.apps.vergil.*,ptolemy.apps.waba.*,ptolemy.apps.websensor.*,ptolemy.apps.webstart.*,ptolemy.apps.xsl.*,ptolemy.apps.zaurus.*,ptolemy.codegen.c.actor.lib.oldJavaFiles.*,ptolemy.codegen.dsp.lib.*,ptolemy.codegen.kernel.newInterfaces.*,ptolemy.codegen.lib.*,ptolemy.copernicus.kernel.fragment.*,ptolemy.copernicus.shallow.cg.*,ptolemy.domains.giotto.demo.Hierarchy.Hierarchy.*,ptolemy.domains.giotto.demo.Multimode.Multimode.*,ptolemy.domains.giotto.demo.Simple.Simple.*,ptolemy.domains.gr.lib.experimental.*,ptolemy.domains.gro.*,ptolemy.domains.pdf.*,ptolemy.domains.ptinyos.demo.Surge.output.*,ptolemy.moml.test.NoPackageActor.java*,ptolemy.plot.adm.*,ptolemy.plot.servlet.*,reports.*,signed.*,src.*,target.*,vendors.*,ptolemy.copernicus.applet.*,ptolemy.media.viewer.*,ptolemy.actor.corba.*,doc.doclets.*,ptolemy.apps.eclipse.awt.*,ptolemy.backtrack.*,ptolemy.backtrack.ast.*,ptolemy.cg.adapter.generic.program.procedural.c.mbed*,ptolemy.homer.*,ptolemy.actor.lib.jjs.modules.audio.*,org.ptolemy.scala.*,diva.util.java2d.svg.*,ptolemy.domains.ptinyos.*,ptolemy.actor.lib.fmi.fmipp.*,,org.terraswarm.accessor.accessors.web.node_modules.*,org.terraswarm.accessor.accessors-svn,ptolemy.apps.*,ptolemy.actor.ptalon.demo.ptinyos.SendAndReceiveCnt.output,ptolemy.actor.ptalon.demo.ptinyos.SenseToLeds.output,ptolemy.domains.ptinyos.demo.CntToLedsAndRfm.output,ptolemy.domains.ptinyos.demo.RfmToLeds.output,ptolemy.domains.ptinyos.demo.SendAndReceiveCnt.output,ptolemy.domains.ptinyos.demo.SenseToLeds.output,ptolemy.actor.lib.jjs.modules.udpSocket.*" />
    <property name="env.PTII" value="/home/travis/build/icyphy/ptII" />
    <property name="env.XDG_SESSION_ID" value="2" />
    <property name="keystore" value="ptKeystore" />
    <property name="env.TRAVIS_COMMIT_MESSAGE" value="Added html links for Ptolemy files." />
    <property name="junit.output.dir" value="/home/travis/build/icyphy/ptII/reports/junit" />
    <property name="npm.return.code" value="0" />
    <property name="user.dir" value="/home/travis/build/icyphy/ptII/ptolemy/actor/lib/test" />
    <property name="env.TRAVIS_NODE_VERSION" value="7" />
    <property name="env.TRAVIS_EVENT_TYPE" value="push" />
    <property name="env.MAIL" value="/var/mail/travis" />
    <property name="env.PERLBREW_ROOT" value="/home/travis/perl5/perlbrew" />
    <property name="env.PWD" value="/home/travis/build/icyphy/ptII" />
    <property name="timeout.npm" value="45000" />
    <property name="env.TRAVIS_ARCH" value="amd64" />
    <property name="sun.cpu.endian" value="little" />
    <property name="env.PAGER" value="cat" />
    <property name="env.TRAVIS_BUILD_STAGE_NAME" value="Test" />
    <property name="env.PERLBREW_HOME" value="/home/travis/.perlbrew" />
    <property name="java.vm.version" value="11.0.2+9" />
    <property name="env.RAILS_ENV" value="test" />
    <property name="java.class.path" value="/home/travis/.ptolemyII:/home/travis/.ptolemyII/*:/home/travis/build/icyphy/ptII:/home/travis/build/icyphy/ptII/lib/bsh-2.0b4.jar:/home/travis/build/icyphy/ptII/lib/ptCal.jar:/home/travis/build/icyphy/ptII/lib/java_cup.jar:/home/travis/build/icyphy/ptII/lib/saxon8.jar:/home/travis/build/icyphy/ptII/lib/saxon8-dom.jar:/home/travis/build/icyphy/ptII/lib/chic.jar:/home/travis/build/icyphy/ptII/lib/ptcolt.jar:/home/travis/build/icyphy/ptII/vendors/misc/itext/iText.jar:/home/travis/build/icyphy/ptII/lib/g4ltl.jar:/home/travis/build/icyphy/ptII/lib/StructuralCoder.jar:/home/travis/build/icyphy/ptII/vendors/jai-1_1_2_01/lib/jai_core.jar:/home/travis/build/icyphy/ptII/vendors/jai-1_1_2_01/lib/jai_codec.jar:/home/travis/build/icyphy/ptII/lib/jcerti.jar:/home/travis/build/icyphy/ptII/lib/javax.mail.jar:/home/travis/build/icyphy/ptII/vendors/JMF-2.1.1e/lib/jmf.jar:/home/travis/build/icyphy/ptII/lib/jna-4.0.0-variadic.jar:/home/travis/build/icyphy/ptII/vendors/misc/joystick/Joystick.jar:/home/travis/build/icyphy/ptII/lib/ptjacl.jar:/home/travis/build/icyphy/ptII/lib/jsoup-1.8.2.jar:/home/travis/build/icyphy/ptII/lib/junit-4.8.2.jar:/home/travis/build/icyphy/ptII/lib/JUnitParams-0.4.0.jar:/home/travis/build/icyphy/ptII/ptolemy/actor/lib/excel/jxl.jar:/home/travis/build/icyphy/ptII/lib/jython.jar:/home/travis/build/icyphy/ptII/lib/kieler.jar:/home/travis/build/icyphy/ptII/vendors/opencv/share/OpenCV/java/opencv-341.jar:/home/travis/build/icyphy/ptII/lib/oscP5.jar:/home/travis/build/icyphy/ptII/lib/nrjavaserial-3.11.0.devel.jar:/home/travis/build/icyphy/ptII/vendors/j3d/lib/j3dcore.jar:/home/travis/build/icyphy/ptII/vendors/j3d/lib/j3dutils.jar:/home/travis/build/icyphy/ptII/vendors/j3d/lib/vecmath.jar:/home/travis/build/icyphy/ptII/ptolemy/distributed/jini/jar/jini-core.jar:/home/travis/build/icyphy/ptII/ptolemy/distributed/jini/jar/jini-ext.jar:/home/travis/build/icyphy/ptII/ptolemy/distributed/jini/jar/sun-util.jar:/home/travis/build/icyphy/ptII/lib/protobuf-java-2.4.1.jar:/home/travis/build/icyphy/ptII/lib/org.eclipse.paho.client.mqttv3.jar:/home/travis/build/icyphy/ptII/lib/mapss.jar:/home/travis/build/icyphy/ptII/ptolemy/actor/ptalon/antlr/antlr.jar:/home/travis/build/icyphy/ptII/lib/JRI.jar:/home/travis/build/icyphy/ptII/lib/commons-lang-2.6.jar:/home/travis/build/icyphy/ptII/lib/commons-logging-1.1.1.jar:/home/travis/build/icyphy/ptII/lib/sootclasses.jar:/home/travis/build/icyphy/ptII/ptolemy/actor/lib/database/mysql-connector-java-5.1.6-bin.jar:/home/travis/build/icyphy/ptII/vendors/misc/sphinx4/sphinx4-data-5prealpha.jar:/home/travis/build/icyphy/ptII/vendors/misc/sphinx4/sphinx4-core-5prealpha.jar:/home/travis/build/icyphy/ptII/lib/PDFRenderer.jar:/home/travis/build/icyphy/ptII/lib/svgSalamander.jar:/home/travis/build/icyphy/ptII/lib/rsyntaxtextarea-2.6.0-SNAPSHOT.jar:/home/travis/build/icyphy/ptII/lib/hazelcast-3.8.2.jar:/home/travis/build/icyphy/ptII/lib/jackson-annotations-2.9.0.jar:/home/travis/build/icyphy/ptII/lib/jackson-core-2.9.3.jar:/home/travis/build/icyphy/ptII/lib/jackson-databind-2.9.3.jar:/home/travis/build/icyphy/ptII/lib/netty-buffer-4.1.19.Final.jar:/home/travis/build/icyphy/ptII/lib/netty-codec-4.1.19.Final.jar:/home/travis/build/icyphy/ptII/lib/netty-codec-dns-4.1.19.Final.jar:/home/travis/build/icyphy/ptII/lib/netty-codec-http-4.1.19.Final.jar:/home/travis/build/icyphy/ptII/lib/netty-codec-http2-4.1.19.Final.jar:/home/travis/build/icyphy/ptII/lib/netty-common-4.1.19.Final.jar:/home/travis/build/icyphy/ptII/lib/netty-handler-4.1.19.Final.jar:/home/travis/build/icyphy/ptII/lib/netty-resolver-4.1.19.Final.jar:/home/travis/build/icyphy/ptII/lib/netty-resolver-dns-4.1.19.Final.jar:/home/travis/build/icyphy/ptII/lib/netty-transport-4.1.19.Final.jar:/home/travis/build/icyphy/ptII/lib/vertx-codegen-3.5.1.jar:/home/travis/build/icyphy/ptII/lib/vertx-core-3.5.2-SNAPSHOT.jar:/home/travis/build/icyphy/ptII/lib/vertx-hazelcast-3.5.1.jar:/home/travis/build/icyphy/ptII/lib/vertx-lang-js-3.5.1.jar:/home/travis/build/icyphy/ptII/lib/vertx-service-proxy-3.5.1.jar:/home/travis/build/icyphy/ptII/lib/vertx-web-3.5.1.jar:/home/travis/build/icyphy/ptII/lib/slf4j-api-1.7.13.jar:/home/travis/build/icyphy/ptII/lib/slf4j-simple-1.7.13.jar:/home/travis/build/icyphy/ptII/lib/webcam-capture-0.3.12.jar:/home/travis/build/icyphy/ptII/lib/bridj-0.7.0.jar:/home/travis/build/icyphy/ptII/lib/xbjlib-1.1.0.nrjavaserial.jar:/home/travis/build/icyphy/ptII/ptolemy/moml/test:/home/travis/build/icyphy/ptII/ant/lib/ant-launcher.jar:/home/travis/build/icyphy/ptII/ant/lib/ant.jar:/home/travis/build/icyphy/ptII/ant/lib/ant-junit.jar:/home/travis/build/icyphy/ptII/ant/lib/ant-junit4.jar" />
    <property name="ant.library.dir" value="/home/travis/build/icyphy/ptII/ant/lib" />
    <property name="os.arch" value="amd64" />
    <property name="env.CONTINUOUS_INTEGRATION" value="true" />
    <property name="env.TRAVIS_LANGUAGE" value="node_js" />
    <property name="env.TRAVIS_STACK_LANGUAGES" value="__sardonyx__ c c++ clojure cplusplus cpp default generic go groovy java node_js php pure_java python ruby scala" />
    <property name="test.name" value="ptolemy.actor.lib.test.junit.JUnitTclTest" />
    <property name="env.APT_KEY_DONT_WARN_ON_DANGEROUS_USAGE" value="1" />
    <property name="sun.java.launcher" value="SUN_STANDARD" />
    <property name="env.PYTHON_CONFIGURE_OPTS" value="--enable-unicode=ucs4 --with-wide-unicode --enable-shared --enable-ipv6 --enable-loadable-sqlite-extensions --with-computed-gotos" />
    <property name="ant.core.lib" value="/home/travis/build/icyphy/ptII/ant/lib/ant.jar" />
    <property name="java.vm.specification.vendor" value="Oracle Corporation" />
    <property name="env.BCVTB_HOME" value="/home/travis/build/icyphy/ptII/lbnl" />
    <property name="file.separator" value="/" />
    <property name="spotbugs.home" value="/home/travis/build/icyphy/ptII/vendors/spotbugs-3.1.1" />
    <property name="java.runtime.version" value="11.0.2+9" />
    <property name="env.ANSI_CLEAR" value="\033[0K" />
    <property name="env.HAS_JOSH_K_SEAL_OF_APPROVAL" value="true" />
    <property name="env.XDG_RUNTIME_DIR" value="/run/user/2000" />
    <property name="env.TRAVIS_OSX_IMAGE" value="" />
    <property name="env.TRAVIS_JOB_ID" value="556425449" />
    <property name="env.TRAVIS_BRANCH" value="master" />
    <property name="user.country" value="US" />
    <property name="env.CERTI_HOME_TRAVIS" value="/home/travis/pthla/certi-tools" />
    <property name="env.SHELL" value="/bin/bash" />
    <property name="java.maxmemory.large" value="5000m" />
    <property name="model" value="" />
    <property name="env.CASHER_DIR" value="/home/travis/.casher" />
    <property name="env.NVM_CD_FLAGS" value="" />
    <property name="java.vendor.version" value="18.9" />
    <property name="jshint.executable" value="/home/travis/node_modules/jshint/bin/jshint" />
    <property name="env.JRUBY_OPTS" value=" --client -J-XX:+TieredCompilation -J-XX:TieredStopAtLevel=1 -J-Xss2m -Xcompile.invokedynamic=false" />
    <property name="java.vendor" value="Oracle Corporation" />
    <property name="env.TRAVIS_PRE_CHEF_BOOTSTRAP_TIME" value="2019-03-25T16:16:42" />
    <property name="env.TRAVIS_STACK_JOB_BOARD_REGISTER" value="/.job-board-register.yml" />
    <property name="env.ANSI_RED" value="\033[31;1m" />
    <property name="java.specification.version" value="11" />
    <property name="env.IRBRC" value="/home/travis/.rvm/rubies/ruby-2.5.3/.irbrc" />
    <property name="env.TRAVIS" value="true" />
    <property name="sun.arch.data.model" value="64" />
  </properties>
  <testcase classname="ptolemy.util.test.junit.TclTests" name="[0] /home/travis/build/icyphy/ptII/ptolemy/actor/lib/test/AbsoluteValue.tcl (RunTclFile)" time="0.62" />
  <testcase classname="ptolemy.util.test.junit.TclTests" name="[1] /home/travis/build/icyphy/ptII/ptolemy/actor/lib/test/AddSubtract.tcl (RunTclFile)" time="0.217" />
  <testcase classname="ptolemy.util.test.junit.TclTests" name="[2] /home/travis/build/icyphy/ptII/ptolemy/actor/lib/test/Average.tcl (RunTclFile)" time="0.043" />
  <testcase classname="ptolemy.util.test.junit.TclTests" name="[3] /home/travis/build/icyphy/ptII/ptolemy/actor/lib/test/Bernoulli.tcl (RunTclFile)" time="0.04" />
  <testcase classname="ptolemy.util.test.junit.TclTests" name="[4] /home/travis/build/icyphy/ptII/ptolemy/actor/lib/test/Clock.tcl (RunTclFile)" time="0.124" />
  <testcase classname="ptolemy.util.test.junit.TclTests" name="[5] /home/travis/build/icyphy/ptII/ptolemy/actor/lib/test/Commutator.tcl (RunTclFile)" time="0.156">
    <failure message="Number of failed tests is has increased. expected:&lt;0&gt; but was:&lt;1&gt;" type="junit.framework.AssertionFailedError">junit.framework.AssertionFailedError: Number of failed tests is has increased. expected:&lt;0&gt; but was:&lt;1&gt;
	at ptolemy.util.test.junit.TclTests.RunTclFile(TclTests.java:286)
	at java.base/jdk.internal.reflect.NativeMethodAccessorImpl.invoke0(Native Method)
	at java.base/jdk.internal.reflect.NativeMethodAccessorImpl.invoke(NativeMethodAccessorImpl.java:62)
	at java.base/jdk.internal.reflect.DelegatingMethodAccessorImpl.invoke(DelegatingMethodAccessorImpl.java:43)
	at junitparams.internal.InvokeParameterisedMethod.evaluate(InvokeParameterisedMethod.java:102)
	at junitparams.internal.ParameterisedTestMethodRunner.runMethodInvoker(ParameterisedTestMethodRunner.java:47)
	at junitparams.internal.ParameterisedTestMethodRunner.runTestMethod(ParameterisedTestMethodRunner.java:41)
	at junitparams.internal.ParameterisedTestClassRunner.runParameterisedTest(ParameterisedTestClassRunner.java:143)
	at junitparams.JUnitParamsRunner.runChild(JUnitParamsRunner.java:237)
	at junitparams.JUnitParamsRunner.runChild(JUnitParamsRunner.java:215)
</failure>
  </testcase>
  <testcase classname="ptolemy.util.test.junit.TclTests" name="[6] /home/travis/build/icyphy/ptII/ptolemy/actor/lib/test/Const.tcl (RunTclFile)" time="0.159" />
  <testcase classname="ptolemy.util.test.junit.TclTests" name="[7] /home/travis/build/icyphy/ptII/ptolemy/actor/lib/test/CurrentTime.tcl (RunTclFile)" time="0.048" />
  <testcase classname="ptolemy.util.test.junit.TclTests" name="[8] /home/travis/build/icyphy/ptII/ptolemy/actor/lib/test/DB.tcl (RunTclFile)" time="0.039" />
  <testcase classname="ptolemy.util.test.junit.TclTests" name="[9] /home/travis/build/icyphy/ptII/ptolemy/actor/lib/test/DiscreteRandomSource.tcl (RunTclFile)" time="0.03" />
  <testcase classname="ptolemy.util.test.junit.TclTests" name="[10] /home/travis/build/icyphy/ptII/ptolemy/actor/lib/test/Distributor.tcl (RunTclFile)" time="0.048" />
  <testcase classname="ptolemy.util.test.junit.TclTests" name="[11] /home/travis/build/icyphy/ptII/ptolemy/actor/lib/test/Exit.tcl (RunTclFile)" time="0.114" />
  <testcase classname="ptolemy.util.test.junit.TclTests" name="[12] /home/travis/build/icyphy/ptII/ptolemy/actor/lib/test/Expression.tcl (RunTclFile)" time="0.14" />
  <testcase classname="ptolemy.util.test.junit.TclTests" name="[13] /home/travis/build/icyphy/ptII/ptolemy/actor/lib/test/Gaussian.tcl (RunTclFile)" time="0.446" />
  <testcase classname="ptolemy.util.test.junit.TclTests" name="[14] /home/travis/build/icyphy/ptII/ptolemy/actor/lib/test/IIR.tcl (RunTclFile)" time="0.035" />
  <testcase classname="ptolemy.util.test.junit.TclTests" name="[15] /home/travis/build/icyphy/ptII/ptolemy/actor/lib/test/Interpolator.tcl (RunTclFile)" time="0.08" />
  <testcase classname="ptolemy.util.test.junit.TclTests" name="[16] /home/travis/build/icyphy/ptII/ptolemy/actor/lib/test/MathFunction.tcl (RunTclFile)" time="0.061" />
  <testcase classname="ptolemy.util.test.junit.TclTests" name="[17] /home/travis/build/icyphy/ptII/ptolemy/actor/lib/test/Maximum.tcl (RunTclFile)" time="0.039" />
  <testcase classname="ptolemy.util.test.junit.TclTests" name="[18] /home/travis/build/icyphy/ptII/ptolemy/actor/lib/test/Minimum.tcl (RunTclFile)" time="0.032" />
  <testcase classname="ptolemy.util.test.junit.TclTests" name="[19] /home/travis/build/icyphy/ptII/ptolemy/actor/lib/test/MultiplyDivide.tcl (RunTclFile)" time="0.042" />
  <testcase classname="ptolemy.util.test.junit.TclTests" name="[20] /home/travis/build/icyphy/ptII/ptolemy/actor/lib/test/OrderedMerge.tcl (RunTclFile)" time="0.132" />
  <testcase classname="ptolemy.util.test.junit.TclTests" name="[21] /home/travis/build/icyphy/ptII/ptolemy/actor/lib/test/Publisher.tcl (RunTclFile)" time="0.979" />
  <testcase classname="ptolemy.util.test.junit.TclTests" name="[22] /home/travis/build/icyphy/ptII/ptolemy/actor/lib/test/Pulse.tcl (RunTclFile)" time="0.067" />
  <testcase classname="ptolemy.util.test.junit.TclTests" name="[23] /home/travis/build/icyphy/ptII/ptolemy/actor/lib/test/Ramp.tcl (RunTclFile)" time="2.09" />
  <testcase classname="ptolemy.util.test.junit.TclTests" name="[24] /home/travis/build/icyphy/ptII/ptolemy/actor/lib/test/RampContinuous.tcl (RunTclFile)" time="0.023" />
  <testcase classname="ptolemy.util.test.junit.TclTests" name="[25] /home/travis/build/icyphy/ptII/ptolemy/actor/lib/test/RecordAssembler.tcl (RunTclFile)" time="0.018" />
  <testcase classname="ptolemy.util.test.junit.TclTests" name="[26] /home/travis/build/icyphy/ptII/ptolemy/actor/lib/test/RecordDisassembler.tcl (RunTclFile)" time="0.035" />
  <testcase classname="ptolemy.util.test.junit.TclTests" name="[27] /home/travis/build/icyphy/ptII/ptolemy/actor/lib/test/Scale.tcl (RunTclFile)" time="0.026" />
  <testcase classname="ptolemy.util.test.junit.TclTests" name="[28] /home/travis/build/icyphy/ptII/ptolemy/actor/lib/test/SequentialClock.tcl (RunTclFile)" time="0.012" />
  <testcase classname="ptolemy.util.test.junit.TclTests" name="[29] /home/travis/build/icyphy/ptII/ptolemy/actor/lib/test/SetVariable.tcl (RunTclFile)" time="0.018">
    <failure message="Number of failed tests is has increased. expected:&lt;1&gt; but was:&lt;2&gt;" type="junit.framework.AssertionFailedError">junit.framework.AssertionFailedError: Number of failed tests is has increased. expected:&lt;1&gt; but was:&lt;2&gt;
	at ptolemy.util.test.junit.TclTests.RunTclFile(TclTests.java:286)
	at jdk.internal.reflect.GeneratedMethodAccessor19.invoke(Unknown Source)
	at java.base/jdk.internal.reflect.DelegatingMethodAccessorImpl.invoke(DelegatingMethodAccessorImpl.java:43)
	at junitparams.internal.InvokeParameterisedMethod.evaluate(InvokeParameterisedMethod.java:102)
	at junitparams.internal.ParameterisedTestMethodRunner.runMethodInvoker(ParameterisedTestMethodRunner.java:47)
	at junitparams.internal.ParameterisedTestMethodRunner.runTestMethod(ParameterisedTestMethodRunner.java:41)
	at junitparams.internal.ParameterisedTestClassRunner.runParameterisedTest(ParameterisedTestClassRunner.java:143)
	at junitparams.JUnitParamsRunner.runChild(JUnitParamsRunner.java:237)
	at junitparams.JUnitParamsRunner.runChild(JUnitParamsRunner.java:215)
</failure>
  </testcase>
  <testcase classname="ptolemy.util.test.junit.TclTests" name="[30] /home/travis/build/icyphy/ptII/ptolemy/actor/lib/test/Sinewave.tcl (RunTclFile)" time="0.026" />
  <testcase classname="ptolemy.util.test.junit.TclTests" name="[31] /home/travis/build/icyphy/ptII/ptolemy/actor/lib/test/SubscriptionAggregator.tcl (RunTclFile)" time="2.425" />
  <testcase classname="ptolemy.util.test.junit.TclTests" name="[32] /home/travis/build/icyphy/ptII/ptolemy/actor/lib/test/Test.tcl (RunTclFile)" time="0.126" />
  <testcase classname="ptolemy.util.test.junit.TclTests" name="[33] /home/travis/build/icyphy/ptII/ptolemy/actor/lib/test/TestExceptionHandler.tcl (RunTclFile)" time="0.015" />
  <testcase classname="ptolemy.util.test.junit.TclTests" name="[34] /home/travis/build/icyphy/ptII/ptolemy/actor/lib/test/UnionDisassembler.tcl (RunTclFile)" time="0.076" />
  <testcase classname="ptolemy.util.test.junit.TclTests" name="[35] /home/travis/build/icyphy/ptII/ptolemy/actor/lib/test/VariableClock.tcl (RunTclFile)" time="0.039" />
  <testcase classname="ptolemy.util.test.junit.AutoKnownFailedTests" name="[0] /home/travis/build/icyphy/ptII/ptolemy/actor/lib/test/auto/knownFailedTests/PublisherPortToplevelSubscriber.xml (RunModel)" time="0.027" />
  <testcase classname="ptolemy.util.test.junit.AutoKnownFailedTests" name="[1] /home/travis/build/icyphy/ptII/ptolemy/actor/lib/test/auto/knownFailedTests/PublisherSubscriberPortToplevel.xml (RunModel)" time="0.023" />
  <testcase classname="ptolemy.util.test.junit.AutoKnownFailedTests" name="[2] /home/travis/build/icyphy/ptII/ptolemy/actor/lib/test/auto/knownFailedTests/PublisherSubscriptionAggregatorPort.xml (RunModel)" time="0.022" />
  <testcase classname="ptolemy.util.test.junit.AutoKnownFailedTests" name="[3] /home/travis/build/icyphy/ptII/ptolemy/actor/lib/test/auto/knownFailedTests/sizedarray3.xml (RunModel)" time="0.04" />
  <testcase classname="ptolemy.util.test.junit.AutoNameArchTests" name="[0] ThereAreNoAutoArchTests (RunModel)" time="0.005" />
  <testcase classname="ptolemy.util.test.junit.AutoTests" name="[0] /home/travis/build/icyphy/ptII/ptolemy/actor/lib/test/auto/AbsoluteValue.xml (RunModel)" time="0.121" />
  <testcase classname="ptolemy.util.test.junit.AutoTests" name="[1] /home/travis/build/icyphy/ptII/ptolemy/actor/lib/test/auto/AbsoluteValue2.xml (RunModel)" time="0.055" />
  <testcase classname="ptolemy.util.test.junit.AutoTests" name="[2] /home/travis/build/icyphy/ptII/ptolemy/actor/lib/test/auto/Accumulator.xml (RunModel)" time="0.034" />
  <testcase classname="ptolemy.util.test.junit.AutoTests" name="[3] /home/travis/build/icyphy/ptII/ptolemy/actor/lib/test/auto/Accumulator2.xml (RunModel)" time="0.016" />
  <testcase classname="ptolemy.util.test.junit.AutoTests" name="[4] /home/travis/build/icyphy/ptII/ptolemy/actor/lib/test/auto/Accumulator3.xml (RunModel)" time="0.023" />
  <testcase classname="ptolemy.util.test.junit.AutoTests" name="[5] /home/travis/build/icyphy/ptII/ptolemy/actor/lib/test/auto/ArrayAppend.xml (RunModel)" time="0.086" />
  <testcase classname="ptolemy.util.test.junit.AutoTests" name="[6] /home/travis/build/icyphy/ptII/ptolemy/actor/lib/test/auto/ArrayAppend2.xml (RunModel)" time="0.437" />
  <testcase classname="ptolemy.util.test.junit.AutoTests" name="[7] /home/travis/build/icyphy/ptII/ptolemy/actor/lib/test/auto/ArrayAppend3.xml (RunModel)" time="0.05" />
  <testcase classname="ptolemy.util.test.junit.AutoTests" name="[8] /home/travis/build/icyphy/ptII/ptolemy/actor/lib/test/auto/ArrayAppend4.xml (RunModel)" time="0.023" />
  <testcase classname="ptolemy.util.test.junit.AutoTests" name="[9] /home/travis/build/icyphy/ptII/ptolemy/actor/lib/test/auto/ArrayAppend5.xml (RunModel)" time="0.026" />
  <testcase classname="ptolemy.util.test.junit.AutoTests" name="[10] /home/travis/build/icyphy/ptII/ptolemy/actor/lib/test/auto/ArrayAppend6.xml (RunModel)" time="0.025" />
  <testcase classname="ptolemy.util.test.junit.AutoTests" name="[11] /home/travis/build/icyphy/ptII/ptolemy/actor/lib/test/auto/ArrayAppendPerformanceTest.xml (RunModel)" time="0.065" />
  <testcase classname="ptolemy.util.test.junit.AutoTests" name="[12] /home/travis/build/icyphy/ptII/ptolemy/actor/lib/test/auto/ArrayAppendWithEmptyInput.xml (RunModel)" time="0.06" />
  <testcase classname="ptolemy.util.test.junit.AutoTests" name="[13] /home/travis/build/icyphy/ptII/ptolemy/actor/lib/test/auto/ArrayAverage.xml (RunModel)" time="0.058" />
  <testcase classname="ptolemy.util.test.junit.AutoTests" name="[14] /home/travis/build/icyphy/ptII/ptolemy/actor/lib/test/auto/ArrayContains.xml (RunModel)" time="0.044" />
  <testcase classname="ptolemy.util.test.junit.AutoTests" name="[15] /home/travis/build/icyphy/ptII/ptolemy/actor/lib/test/auto/ArrayElement.xml (RunModel)" time="0.024" />
  <testcase classname="ptolemy.util.test.junit.AutoTests" name="[16] /home/travis/build/icyphy/ptII/ptolemy/actor/lib/test/auto/ArrayElementAsMatrix.xml (RunModel)" time="0.049" />
  <testcase classname="ptolemy.util.test.junit.AutoTests" name="[17] /home/travis/build/icyphy/ptII/ptolemy/actor/lib/test/auto/ArrayElementI.xml (RunModel)" time="0.025" />
  <testcase classname="ptolemy.util.test.junit.AutoTests" name="[18] /home/travis/build/icyphy/ptII/ptolemy/actor/lib/test/auto/ArrayExtract.xml (RunModel)" time="0.05" />
  <testcase classname="ptolemy.util.test.junit.AutoTests" name="[19] /home/travis/build/icyphy/ptII/ptolemy/actor/lib/test/auto/ArrayExtract2.xml (RunModel)" time="0.018" />
  <testcase classname="ptolemy.util.test.junit.AutoTests" name="[20] /home/travis/build/icyphy/ptII/ptolemy/actor/lib/test/auto/ArrayLength.xml (RunModel)" time="0.024" />
  <testcase classname="ptolemy.util.test.junit.AutoTests" name="[21] /home/travis/build/icyphy/ptII/ptolemy/actor/lib/test/auto/ArrayLevelCrossing.xml (RunModel)" time="0.03" />
  <testcase classname="ptolemy.util.test.junit.AutoTests" name="[22] /home/travis/build/icyphy/ptII/ptolemy/actor/lib/test/auto/ArrayLevelCrossing2.xml (RunModel)" time="0.029" />
  <testcase classname="ptolemy.util.test.junit.AutoTests" name="[23] /home/travis/build/icyphy/ptII/ptolemy/actor/lib/test/auto/ArrayPeakSearch.xml (RunModel)" time="0.039" />
  <testcase classname="ptolemy.util.test.junit.AutoTests" name="[24] /home/travis/build/icyphy/ptII/ptolemy/actor/lib/test/auto/ArrayPeakSearch2.xml (RunModel)" time="0.043" />
  <testcase classname="ptolemy.util.test.junit.AutoTests" name="[25] /home/travis/build/icyphy/ptII/ptolemy/actor/lib/test/auto/ArrayPeakSearch3.xml (RunModel)" time="0.036" />
  <testcase classname="ptolemy.util.test.junit.AutoTests" name="[26] /home/travis/build/icyphy/ptII/ptolemy/actor/lib/test/auto/ArrayRemoveElement.xml (RunModel)" time="0.03" />
  <testcase classname="ptolemy.util.test.junit.AutoTests" name="[27] /home/travis/build/icyphy/ptII/ptolemy/actor/lib/test/auto/ArraySort.xml (RunModel)" time="0.036" />
  <testcase classname="ptolemy.util.test.junit.AutoTests" name="[28] /home/travis/build/icyphy/ptII/ptolemy/actor/lib/test/auto/ArraySum.xml (RunModel)" time="0.045" />
  <testcase classname="ptolemy.util.test.junit.AutoTests" name="[29] /home/travis/build/icyphy/ptII/ptolemy/actor/lib/test/auto/ArrayToElements.xml (RunModel)" time="0.039" />
  <testcase classname="ptolemy.util.test.junit.AutoTests" name="[30] /home/travis/build/icyphy/ptII/ptolemy/actor/lib/test/auto/ArrayToMatrix.xml (RunModel)" time="0.074" />
  <testcase classname="ptolemy.util.test.junit.AutoTests" name="[31] /home/travis/build/icyphy/ptII/ptolemy/actor/lib/test/auto/ArrayUpdate1.xml (RunModel)" time="0.027" />
  <testcase classname="ptolemy.util.test.junit.AutoTests" name="[32] /home/travis/build/icyphy/ptII/ptolemy/actor/lib/test/auto/ArrayUpdate2.xml (RunModel)" time="0.018" />
  <testcase classname="ptolemy.util.test.junit.AutoTests" name="[33] /home/travis/build/icyphy/ptII/ptolemy/actor/lib/test/auto/ArrayUpdate3.xml (RunModel)" time="0.014" />
  <testcase classname="ptolemy.util.test.junit.AutoTests" name="[34] /home/travis/build/icyphy/ptII/ptolemy/actor/lib/test/auto/Assert1.xml (RunModel)" time="0.019" />
  <testcase classname="ptolemy.util.test.junit.AutoTests" name="[35] /home/travis/build/icyphy/ptII/ptolemy/actor/lib/test/auto/Assert2.xml (RunModel)" time="0.019" />
  <testcase classname="ptolemy.util.test.junit.AutoTests" name="[36] /home/travis/build/icyphy/ptII/ptolemy/actor/lib/test/auto/BooleanMultiplexor.xml (RunModel)" time="0.025" />
  <testcase classname="ptolemy.util.test.junit.AutoTests" name="[37] /home/travis/build/icyphy/ptII/ptolemy/actor/lib/test/auto/BooleanMultiplexor2.xml (RunModel)" time="0.031" />
  <testcase classname="ptolemy.util.test.junit.AutoTests" name="[38] /home/travis/build/icyphy/ptII/ptolemy/actor/lib/test/auto/BooleanMultiplexor3.xml (RunModel)" time="0.025" />
  <testcase classname="ptolemy.util.test.junit.AutoTests" name="[39] /home/travis/build/icyphy/ptII/ptolemy/actor/lib/test/auto/BooleanSelect.xml (RunModel)" time="0.03" />
  <testcase classname="ptolemy.util.test.junit.AutoTests" name="[40] /home/travis/build/icyphy/ptII/ptolemy/actor/lib/test/auto/BooleanSelect2.xml (RunModel)" time="0.019" />
  <testcase classname="ptolemy.util.test.junit.AutoTests" name="[41] /home/travis/build/icyphy/ptII/ptolemy/actor/lib/test/auto/BooleanSwitch.xml (RunModel)" time="0.024" />
  <testcase classname="ptolemy.util.test.junit.AutoTests" name="[42] /home/travis/build/icyphy/ptII/ptolemy/actor/lib/test/auto/BooleanSwitch2.xml (RunModel)" time="0.02" />
  <testcase classname="ptolemy.util.test.junit.AutoTests" name="[43] /home/travis/build/icyphy/ptII/ptolemy/actor/lib/test/auto/BooleanSwitchCloningBugWithClassRelationGroup.xml (RunModel)" time="0.035" />
  <testcase classname="ptolemy.util.test.junit.AutoTests" name="[44] /home/travis/build/icyphy/ptII/ptolemy/actor/lib/test/auto/BusActors.xml (RunModel)" time="0.039" />
  <testcase classname="ptolemy.util.test.junit.AutoTests" name="[45] /home/travis/build/icyphy/ptII/ptolemy/actor/lib/test/auto/ClassWrapper.xml (RunModel)" time="0.029" />
  <testcase classname="ptolemy.util.test.junit.AutoTests" name="[46] /home/travis/build/icyphy/ptII/ptolemy/actor/lib/test/auto/Clock.xml (RunModel)" time="0.024" />
  <testcase classname="ptolemy.util.test.junit.AutoTests" name="[47] /home/travis/build/icyphy/ptII/ptolemy/actor/lib/test/auto/Clock10.xml (RunModel)" time="0.036" />
  <testcase classname="ptolemy.util.test.junit.AutoTests" name="[48] /home/travis/build/icyphy/ptII/ptolemy/actor/lib/test/auto/Clock11.xml (RunModel)" time="0.022" />
  <testcase classname="ptolemy.util.test.junit.AutoTests" name="[49] /home/travis/build/icyphy/ptII/ptolemy/actor/lib/test/auto/Clock12.xml (RunModel)" time="0.026" />
  <testcase classname="ptolemy.util.test.junit.AutoTests" name="[50] /home/travis/build/icyphy/ptII/ptolemy/actor/lib/test/auto/Clock13.xml (RunModel)" time="0.02" />
  <testcase classname="ptolemy.util.test.junit.AutoTests" name="[51] /home/travis/build/icyphy/ptII/ptolemy/actor/lib/test/auto/Clock14.xml (RunModel)" time="0.022" />
  <testcase classname="ptolemy.util.test.junit.AutoTests" name="[52] /home/travis/build/icyphy/ptII/ptolemy/actor/lib/test/auto/Clock15.xml (RunModel)" time="0.019" />
  <testcase classname="ptolemy.util.test.junit.AutoTests" name="[53] /home/travis/build/icyphy/ptII/ptolemy/actor/lib/test/auto/Clock16.xml (RunModel)" time="0.13" />
  <testcase classname="ptolemy.util.test.junit.AutoTests" name="[54] /home/travis/build/icyphy/ptII/ptolemy/actor/lib/test/auto/Clock17.xml (RunModel)" time="0.058" />
  <testcase classname="ptolemy.util.test.junit.AutoTests" name="[55] /home/travis/build/icyphy/ptII/ptolemy/actor/lib/test/auto/Clock18.xml (RunModel)" time="0.062" />
  <testcase classname="ptolemy.util.test.junit.AutoTests" name="[56] /home/travis/build/icyphy/ptII/ptolemy/actor/lib/test/auto/Clock19.xml (RunModel)" time="0.055" />
  <testcase classname="ptolemy.util.test.junit.AutoTests" name="[57] /home/travis/build/icyphy/ptII/ptolemy/actor/lib/test/auto/Clock2.xml (RunModel)" time="0.017" />
  <testcase classname="ptolemy.util.test.junit.AutoTests" name="[58] /home/travis/build/icyphy/ptII/ptolemy/actor/lib/test/auto/Clock20.xml (RunModel)" time="0.027" />
  <testcase classname="ptolemy.util.test.junit.AutoTests" name="[59] /home/travis/build/icyphy/ptII/ptolemy/actor/lib/test/auto/Clock21.xml (RunModel)" time="0.023" />
  <testcase classname="ptolemy.util.test.junit.AutoTests" name="[60] /home/travis/build/icyphy/ptII/ptolemy/actor/lib/test/auto/Clock22.xml (RunModel)" time="0.046" />
  <testcase classname="ptolemy.util.test.junit.AutoTests" name="[61] /home/travis/build/icyphy/ptII/ptolemy/actor/lib/test/auto/Clock23.xml (RunModel)" time="0.019" />
  <testcase classname="ptolemy.util.test.junit.AutoTests" name="[62] /home/travis/build/icyphy/ptII/ptolemy/actor/lib/test/auto/Clock24.xml (RunModel)" time="0.016" />
  <testcase classname="ptolemy.util.test.junit.AutoTests" name="[63] /home/travis/build/icyphy/ptII/ptolemy/actor/lib/test/auto/Clock4.xml (RunModel)" time="0.015" />
  <testcase classname="ptolemy.util.test.junit.AutoTests" name="[64] /home/travis/build/icyphy/ptII/ptolemy/actor/lib/test/auto/Clock5.xml (RunModel)" time="0.012" />
  <testcase classname="ptolemy.util.test.junit.AutoTests" name="[65] /home/travis/build/icyphy/ptII/ptolemy/actor/lib/test/auto/Clock6.xml (RunModel)" time="0.012" />
  <testcase classname="ptolemy.util.test.junit.AutoTests" name="[66] /home/travis/build/icyphy/ptII/ptolemy/actor/lib/test/auto/Clock7.xml (RunModel)" time="0.011" />
  <testcase classname="ptolemy.util.test.junit.AutoTests" name="[67] /home/travis/build/icyphy/ptII/ptolemy/actor/lib/test/auto/Clock8.xml (RunModel)" time="0.018" />
  <testcase classname="ptolemy.util.test.junit.AutoTests" name="[68] /home/travis/build/icyphy/ptII/ptolemy/actor/lib/test/auto/Clock9.xml (RunModel)" time="0.019" />
  <testcase classname="ptolemy.util.test.junit.AutoTests" name="[69] /home/travis/build/icyphy/ptII/ptolemy/actor/lib/test/auto/CommDistDiscard.xml (RunModel)" time="0.027" />
  <testcase classname="ptolemy.util.test.junit.AutoTests" name="[70] /home/travis/build/icyphy/ptII/ptolemy/actor/lib/test/auto/Commutator.xml (RunModel)" time="0.016" />
  <testcase classname="ptolemy.util.test.junit.AutoTests" name="[71] /home/travis/build/icyphy/ptII/ptolemy/actor/lib/test/auto/Commutator2.xml (RunModel)" time="0.012" />
  <testcase classname="ptolemy.util.test.junit.AutoTests" name="[72] /home/travis/build/icyphy/ptII/ptolemy/actor/lib/test/auto/Commutator3.xml (RunModel)" time="0.014" />
  <testcase classname="ptolemy.util.test.junit.AutoTests" name="[73] /home/travis/build/icyphy/ptII/ptolemy/actor/lib/test/auto/Compare.xml (RunModel)" time="0.024" />
  <testcase classname="ptolemy.util.test.junit.AutoTests" name="[74] /home/travis/build/icyphy/ptII/ptolemy/actor/lib/test/auto/CompareDE.xml (RunModel)" time="0.022" />
  <testcase classname="ptolemy.util.test.junit.AutoTests" name="[75] /home/travis/build/icyphy/ptII/ptolemy/actor/lib/test/auto/ComplexDivide.xml (RunModel)" time="0.011" />
  <testcase classname="ptolemy.util.test.junit.AutoTests" name="[76] /home/travis/build/icyphy/ptII/ptolemy/actor/lib/test/auto/ComputeHistogram.xml (RunModel)" time="0.081" />
  <testcase classname="ptolemy.util.test.junit.AutoTests" name="[77] /home/travis/build/icyphy/ptII/ptolemy/actor/lib/test/auto/ConfigurationSelect.xml (RunModel)" time="0.025" />
  <testcase classname="ptolemy.util.test.junit.AutoTests" name="[78] /home/travis/build/icyphy/ptII/ptolemy/actor/lib/test/auto/ConfigurationSelect2.xml (RunModel)" time="0.014" />
  <testcase classname="ptolemy.util.test.junit.AutoTests" name="[79] /home/travis/build/icyphy/ptII/ptolemy/actor/lib/test/auto/ConfigurationSwitch.xml (RunModel)" time="0.025" />
  <testcase classname="ptolemy.util.test.junit.AutoTests" name="[80] /home/travis/build/icyphy/ptII/ptolemy/actor/lib/test/auto/ConfigurationSwitch2.xml (RunModel)" time="0.034" />
  <testcase classname="ptolemy.util.test.junit.AutoTests" name="[81] /home/travis/build/icyphy/ptII/ptolemy/actor/lib/test/auto/ConfigurationSwitchCloningBugWithClassRelationGroup.xml (RunModel)" time="0.033" />
  <testcase classname="ptolemy.util.test.junit.AutoTests" name="[82] /home/travis/build/icyphy/ptII/ptolemy/actor/lib/test/auto/ConfigurationSwitchSelectSDF.xml (RunModel)" time="0.018" />
  <testcase classname="ptolemy.util.test.junit.AutoTests" name="[83] /home/travis/build/icyphy/ptII/ptolemy/actor/lib/test/auto/ConfigurationSwitchSelectSDF2.xml (RunModel)" time="0.013" />
  <testcase classname="ptolemy.util.test.junit.AutoTests" name="[84] /home/travis/build/icyphy/ptII/ptolemy/actor/lib/test/auto/Const.xml (RunModel)" time="0.007" />
  <testcase classname="ptolemy.util.test.junit.AutoTests" name="[85] /home/travis/build/icyphy/ptII/ptolemy/actor/lib/test/auto/Const2.xml (RunModel)" time="0.012" />
  <testcase classname="ptolemy.util.test.junit.AutoTests" name="[86] /home/travis/build/icyphy/ptII/ptolemy/actor/lib/test/auto/Const3.xml (RunModel)" time="0.012" />
  <testcase classname="ptolemy.util.test.junit.AutoTests" name="[87] /home/travis/build/icyphy/ptII/ptolemy/actor/lib/test/auto/ConstantPublisherPort1.xml (RunModel)" time="0.026" />
  <testcase classname="ptolemy.util.test.junit.AutoTests" name="[88] /home/travis/build/icyphy/ptII/ptolemy/actor/lib/test/auto/ConstantPublisherPort2.xml (RunModel)" time="0.025" />
  <testcase classname="ptolemy.util.test.junit.AutoTests" name="[89] /home/travis/build/icyphy/ptII/ptolemy/actor/lib/test/auto/ConstantPublisherPort3.xml (RunModel)" time="0.022" />
  <testcase classname="ptolemy.util.test.junit.AutoTests" name="[90] /home/travis/build/icyphy/ptII/ptolemy/actor/lib/test/auto/ConstantPublisherPort4.xml (RunModel)" time="0.017" />
  <testcase classname="ptolemy.util.test.junit.AutoTests" name="[91] /home/travis/build/icyphy/ptII/ptolemy/actor/lib/test/auto/ConstantPublisherPort5.xml (RunModel)" time="0.043" />
  <testcase classname="ptolemy.util.test.junit.AutoTests" name="[92] /home/travis/build/icyphy/ptII/ptolemy/actor/lib/test/auto/ConstantPublisherPort6.xml (RunModel)" time="0.029" />
  <testcase classname="ptolemy.util.test.junit.AutoTests" name="[93] /home/travis/build/icyphy/ptII/ptolemy/actor/lib/test/auto/ConstantPublisherPort7.xml (RunModel)" time="0.03" />
  <testcase classname="ptolemy.util.test.junit.AutoTests" name="[94] /home/travis/build/icyphy/ptII/ptolemy/actor/lib/test/auto/ConstraintMonitor1.xml (RunModel)" time="0.043" />
  <testcase classname="ptolemy.util.test.junit.AutoTests" name="[95] /home/travis/build/icyphy/ptII/ptolemy/actor/lib/test/auto/ConstraintMonitor2.xml (RunModel)" time="0.014" />
  <testcase classname="ptolemy.util.test.junit.AutoTests" name="[96] /home/travis/build/icyphy/ptII/ptolemy/actor/lib/test/auto/ConstraintMonitor3.xml (RunModel)" time="0.018" />
  <testcase classname="ptolemy.util.test.junit.AutoTests" name="[97] /home/travis/build/icyphy/ptII/ptolemy/actor/lib/test/auto/ConstraintMonitor4.xml (RunModel)" time="0.012" />
  <testcase classname="ptolemy.util.test.junit.AutoTests" name="[98] /home/travis/build/icyphy/ptII/ptolemy/actor/lib/test/auto/ConstraintMonitor5.xml (RunModel)" time="0.013" />
  <testcase classname="ptolemy.util.test.junit.AutoTests" name="[99] /home/travis/build/icyphy/ptII/ptolemy/actor/lib/test/auto/ConstraintMonitor6.xml (RunModel)" time="0.022" />
  <testcase classname="ptolemy.util.test.junit.AutoTests" name="[100] /home/travis/build/icyphy/ptII/ptolemy/actor/lib/test/auto/ConstraintMonitor7.xml (RunModel)" time="0.02" />
  <testcase classname="ptolemy.util.test.junit.AutoTests" name="[101] /home/travis/build/icyphy/ptII/ptolemy/actor/lib/test/auto/ConstraintMonitor8.xml (RunModel)" time="0.025" />
  <testcase classname="ptolemy.util.test.junit.AutoTests" name="[102] /home/travis/build/icyphy/ptII/ptolemy/actor/lib/test/auto/Counter.xml (RunModel)" time="0.014" />
  <testcase classname="ptolemy.util.test.junit.AutoTests" name="[103] /home/travis/build/icyphy/ptII/ptolemy/actor/lib/test/auto/CurrentTimeSDF.xml (RunModel)" time="0.012" />
  <testcase classname="ptolemy.util.test.junit.AutoTests" name="[104] /home/travis/build/icyphy/ptII/ptolemy/actor/lib/test/auto/DB.xml (RunModel)" time="0.017" />
  <testcase classname="ptolemy.util.test.junit.AutoTests" name="[105] /home/travis/build/icyphy/ptII/ptolemy/actor/lib/test/auto/DBDE.xml (RunModel)" time="0.018" />
  <testcase classname="ptolemy.util.test.junit.AutoTests" name="[106] /home/travis/build/icyphy/ptII/ptolemy/actor/lib/test/auto/DateConstructor.xml (RunModel)" time="0.084" />
  <testcase classname="ptolemy.util.test.junit.AutoTests" name="[107] /home/travis/build/icyphy/ptII/ptolemy/actor/lib/test/auto/DelayTime.xml (RunModel)" time="0.02" />
  <testcase classname="ptolemy.util.test.junit.AutoTests" name="[108] /home/travis/build/icyphy/ptII/ptolemy/actor/lib/test/auto/Dictionary1.xml (RunModel)" time="0.023" />
  <testcase classname="ptolemy.util.test.junit.AutoTests" name="[109] /home/travis/build/icyphy/ptII/ptolemy/actor/lib/test/auto/Dictionary2.xml (RunModel)" time="0.02" />
  <testcase classname="ptolemy.util.test.junit.AutoTests" name="[110] /home/travis/build/icyphy/ptII/ptolemy/actor/lib/test/auto/Dictionary3.xml (RunModel)" time="0.013" />
  <testcase classname="ptolemy.util.test.junit.AutoTests" name="[111] /home/travis/build/icyphy/ptII/ptolemy/actor/lib/test/auto/Dictionary4.xml (RunModel)" time="0.022" />
  <testcase classname="ptolemy.util.test.junit.AutoTests" name="[112] /home/travis/build/icyphy/ptII/ptolemy/actor/lib/test/auto/Differential.xml (RunModel)" time="0.014" />
  <testcase classname="ptolemy.util.test.junit.AutoTests" name="[113] /home/travis/build/icyphy/ptII/ptolemy/actor/lib/test/auto/Director.xml (RunModel)" time="0.011" />
  <testcase classname="ptolemy.util.test.junit.AutoTests" name="[114] /home/travis/build/icyphy/ptII/ptolemy/actor/lib/test/auto/DiscreteClock.xml (RunModel)" time="0.008" />
  <testcase classname="ptolemy.util.test.junit.AutoTests" name="[115] /home/travis/build/icyphy/ptII/ptolemy/actor/lib/test/auto/DiscreteClock10.xml (RunModel)" time="0.014" />
  <testcase classname="ptolemy.util.test.junit.AutoTests" name="[116] /home/travis/build/icyphy/ptII/ptolemy/actor/lib/test/auto/DiscreteClock11.xml (RunModel)" time="0.012" />
  <testcase classname="ptolemy.util.test.junit.AutoTests" name="[117] /home/travis/build/icyphy/ptII/ptolemy/actor/lib/test/auto/DiscreteClock12.xml (RunModel)" time="0.014" />
  <testcase classname="ptolemy.util.test.junit.AutoTests" name="[118] /home/travis/build/icyphy/ptII/ptolemy/actor/lib/test/auto/DiscreteClock13.xml (RunModel)" time="0.015" />
  <testcase classname="ptolemy.util.test.junit.AutoTests" name="[119] /home/travis/build/icyphy/ptII/ptolemy/actor/lib/test/auto/DiscreteClock14.xml (RunModel)" time="0.015" />
  <testcase classname="ptolemy.util.test.junit.AutoTests" name="[120] /home/travis/build/icyphy/ptII/ptolemy/actor/lib/test/auto/DiscreteClock15.xml (RunModel)" time="0.016" />
  <testcase classname="ptolemy.util.test.junit.AutoTests" name="[121] /home/travis/build/icyphy/ptII/ptolemy/actor/lib/test/auto/DiscreteClock16.xml (RunModel)" time="0.045" />
  <testcase classname="ptolemy.util.test.junit.AutoTests" name="[122] /home/travis/build/icyphy/ptII/ptolemy/actor/lib/test/auto/DiscreteClock17.xml (RunModel)" time="0.04" />
  <testcase classname="ptolemy.util.test.junit.AutoTests" name="[123] /home/travis/build/icyphy/ptII/ptolemy/actor/lib/test/auto/DiscreteClock18.xml (RunModel)" time="0.047" />
  <testcase classname="ptolemy.util.test.junit.AutoTests" name="[124] /home/travis/build/icyphy/ptII/ptolemy/actor/lib/test/auto/DiscreteClock19.xml (RunModel)" time="0.051" />
  <testcase classname="ptolemy.util.test.junit.AutoTests" name="[125] /home/travis/build/icyphy/ptII/ptolemy/actor/lib/test/auto/DiscreteClock2.xml (RunModel)" time="0.012" />
  <testcase classname="ptolemy.util.test.junit.AutoTests" name="[126] /home/travis/build/icyphy/ptII/ptolemy/actor/lib/test/auto/DiscreteClock20.xml (RunModel)" time="0.029" />
  <testcase classname="ptolemy.util.test.junit.AutoTests" name="[127] /home/travis/build/icyphy/ptII/ptolemy/actor/lib/test/auto/DiscreteClock21.xml (RunModel)" time="0.021" />
  <testcase classname="ptolemy.util.test.junit.AutoTests" name="[128] /home/travis/build/icyphy/ptII/ptolemy/actor/lib/test/auto/DiscreteClock22.xml (RunModel)" time="0.016" />
  <testcase classname="ptolemy.util.test.junit.AutoTests" name="[129] /home/travis/build/icyphy/ptII/ptolemy/actor/lib/test/auto/DiscreteClock23.xml (RunModel)" time="0.023" />
  <testcase classname="ptolemy.util.test.junit.AutoTests" name="[130] /home/travis/build/icyphy/ptII/ptolemy/actor/lib/test/auto/DiscreteClock24.xml (RunModel)" time="0.014" />
  <testcase classname="ptolemy.util.test.junit.AutoTests" name="[131] /home/travis/build/icyphy/ptII/ptolemy/actor/lib/test/auto/DiscreteClock4.xml (RunModel)" time="0.013" />
  <testcase classname="ptolemy.util.test.junit.AutoTests" name="[132] /home/travis/build/icyphy/ptII/ptolemy/actor/lib/test/auto/DiscreteClock5.xml (RunModel)" time="0.01" />
  <testcase classname="ptolemy.util.test.junit.AutoTests" name="[133] /home/travis/build/icyphy/ptII/ptolemy/actor/lib/test/auto/DiscreteClock6.xml (RunModel)" time="0.013" />
  <testcase classname="ptolemy.util.test.junit.AutoTests" name="[134] /home/travis/build/icyphy/ptII/ptolemy/actor/lib/test/auto/DiscreteClock7.xml (RunModel)" time="0.011" />
  <testcase classname="ptolemy.util.test.junit.AutoTests" name="[135] /home/travis/build/icyphy/ptII/ptolemy/actor/lib/test/auto/DiscreteClock8.xml (RunModel)" time="0.029" />
  <testcase classname="ptolemy.util.test.junit.AutoTests" name="[136] /home/travis/build/icyphy/ptII/ptolemy/actor/lib/test/auto/DiscreteClock9.xml (RunModel)" time="0.013" />
  <testcase classname="ptolemy.util.test.junit.AutoTests" name="[137] /home/travis/build/icyphy/ptII/ptolemy/actor/lib/test/auto/DisplayArray.xml (RunModel)" time="0.012" />
  <testcase classname="ptolemy.util.test.junit.AutoTests" name="[138] /home/travis/build/icyphy/ptII/ptolemy/actor/lib/test/auto/Distributor.xml (RunModel)" time="0.011" />
  <testcase classname="ptolemy.util.test.junit.AutoTests" name="[139] /home/travis/build/icyphy/ptII/ptolemy/actor/lib/test/auto/Distributor2.xml (RunModel)" time="0.012" />
  <testcase classname="ptolemy.util.test.junit.AutoTests" name="[140] /home/travis/build/icyphy/ptII/ptolemy/actor/lib/test/auto/DownSample.xml (RunModel)" time="0.011" />
  <testcase classname="ptolemy.util.test.junit.AutoTests" name="[141] /home/travis/build/icyphy/ptII/ptolemy/actor/lib/test/auto/ElectronicUnitBase1.xml (RunModel)" time="0.065" />
  <testcase classname="ptolemy.util.test.junit.AutoTests" name="[142] /home/travis/build/icyphy/ptII/ptolemy/actor/lib/test/auto/ElementsToArray.xml (RunModel)" time="0.014" />
  <testcase classname="ptolemy.util.test.junit.AutoTests" name="[143] /home/travis/build/icyphy/ptII/ptolemy/actor/lib/test/auto/Equals.xml (RunModel)" time="0.018" />
  <testcase classname="ptolemy.util.test.junit.AutoTests" name="[144] /home/travis/build/icyphy/ptII/ptolemy/actor/lib/test/auto/Exec.xml (RunModel)" time="0.032" />
  <testcase classname="ptolemy.util.test.junit.AutoTests" name="[145] /home/travis/build/icyphy/ptII/ptolemy/actor/lib/test/auto/ExecEnvironment.xml (RunModel)" time="0.051" />
  <testcase classname="ptolemy.util.test.junit.AutoTests" name="[146] /home/travis/build/icyphy/ptII/ptolemy/actor/lib/test/auto/ExecNonZeroReturnOutput.xml (RunModel)" time="0.213" />
  <testcase classname="ptolemy.util.test.junit.AutoTests" name="[147] /home/travis/build/icyphy/ptII/ptolemy/actor/lib/test/auto/ExecRunDemos.xml (RunModel)" time="11.417">
    <error type="java.lang.reflect.InvocationTargetException">java.lang.reflect.InvocationTargetException
	at jdk.internal.reflect.GeneratedConstructorAccessor36.newInstance(Unknown Source)
	at java.base/jdk.internal.reflect.DelegatingConstructorAccessorImpl.newInstance(DelegatingConstructorAccessorImpl.java:45)
	at java.base/java.lang.reflect.Constructor.newInstance(Constructor.java:490)
	at ptolemy.util.test.junit.AutoTests.RunModel(AutoTests.java:193)
	at jdk.internal.reflect.GeneratedMethodAccessor43.invoke(Unknown Source)
	at java.base/jdk.internal.reflect.DelegatingMethodAccessorImpl.invoke(DelegatingMethodAccessorImpl.java:43)
	at junitparams.internal.InvokeParameterisedMethod.evaluate(InvokeParameterisedMethod.java:102)
Caused by: ptolemy.kernel.util.IllegalActionException: Test fails in iteration 0.
Value was: &quot;WARNING: An illegal reflective access operation has occurred\nWARNING: Illegal reflective access by io.netty.util.internal.ReflectionUtil (file:/home/travis/build/icyphy/ptII/lib/netty-common-4.1.19.Final.jar) to constructor java.nio.DirectByteBuffer(long,int)\nWARNING: Please consider reporting this to the maintainers of io.netty.util.internal.ReflectionUtil\nWARNING: Use --illegal-access=warn to enable warnings of further illegal reflective access operations\nWARNING: All illegal access operations will be denied in a future release\n&quot;. Should have been: &quot;&quot;
  in .ExecRunDemos.Test
	at ptolemy.actor.lib.Test.fire(Test.java:268)
	at ptolemy.actor.AtomicActor.iterate(AtomicActor.java:512)
	at ptolemy.actor.sched.StaticSchedulingDirector.fire(StaticSchedulingDirector.java:216)
	at ptolemy.domains.sdf.kernel.SDFDirector.fire(SDFDirector.java:500)
	at ptolemy.actor.CompositeActor.fire(CompositeActor.java:455)
	at ptolemy.actor.Manager.iterate(Manager.java:851)
	at ptolemy.actor.Manager.execute(Manager.java:369)
	at ptolemy.actor.Manager.run(Manager.java:1263)
	at ptolemy.actor.Manager$PtolemyRunThread.run(Manager.java:1915)
</error>
  </testcase>
  <testcase classname="ptolemy.util.test.junit.AutoTests" name="[148] /home/travis/build/icyphy/ptII/ptolemy/actor/lib/test/auto/ExecStop.xml (RunModel)" time="5.036" />
  <testcase classname="ptolemy.util.test.junit.AutoTests" name="[149] /home/travis/build/icyphy/ptII/ptolemy/actor/lib/test/auto/ExecutionTimeSDF.xml (RunModel)" time="6.068" />
  <testcase classname="ptolemy.util.test.junit.AutoTests" name="[150] /home/travis/build/icyphy/ptII/ptolemy/actor/lib/test/auto/Expression1.xml (RunModel)" time="0.023" />
  <testcase classname="ptolemy.util.test.junit.AutoTests" name="[151] /home/travis/build/icyphy/ptII/ptolemy/actor/lib/test/auto/Expression10.xml (RunModel)" time="0.024" />
  <testcase classname="ptolemy.util.test.junit.AutoTests" name="[152] /home/travis/build/icyphy/ptII/ptolemy/actor/lib/test/auto/Expression11.xml (RunModel)" time="0.012" />
  <testcase classname="ptolemy.util.test.junit.AutoTests" name="[153] /home/travis/build/icyphy/ptII/ptolemy/actor/lib/test/auto/Expression12.xml (RunModel)" time="0.013" />
  <testcase classname="ptolemy.util.test.junit.AutoTests" name="[154] /home/travis/build/icyphy/ptII/ptolemy/actor/lib/test/auto/Expression13.xml (RunModel)" time="0.013" />
  <testcase classname="ptolemy.util.test.junit.AutoTests" name="[155] /home/travis/build/icyphy/ptII/ptolemy/actor/lib/test/auto/Expression14.xml (RunModel)" time="0.018" />
  <testcase classname="ptolemy.util.test.junit.AutoTests" name="[156] /home/travis/build/icyphy/ptII/ptolemy/actor/lib/test/auto/Expression15.xml (RunModel)" time="0.012" />
  <testcase classname="ptolemy.util.test.junit.AutoTests" name="[157] /home/travis/build/icyphy/ptII/ptolemy/actor/lib/test/auto/Expression16.xml (RunModel)" time="0.015" />
  <testcase classname="ptolemy.util.test.junit.AutoTests" name="[158] /home/travis/build/icyphy/ptII/ptolemy/actor/lib/test/auto/Expression17.xml (RunModel)" time="0.013" />
  <testcase classname="ptolemy.util.test.junit.AutoTests" name="[159] /home/travis/build/icyphy/ptII/ptolemy/actor/lib/test/auto/Expression18.xml (RunModel)" time="0.014" />
  <testcase classname="ptolemy.util.test.junit.AutoTests" name="[160] /home/travis/build/icyphy/ptII/ptolemy/actor/lib/test/auto/Expression2.xml (RunModel)" time="0.018" />
  <testcase classname="ptolemy.util.test.junit.AutoTests" name="[161] /home/travis/build/icyphy/ptII/ptolemy/actor/lib/test/auto/Expression3.xml (RunModel)" time="0.017" />
  <testcase classname="ptolemy.util.test.junit.AutoTests" name="[162] /home/travis/build/icyphy/ptII/ptolemy/actor/lib/test/auto/Expression4.xml (RunModel)" time="0.022" />
  <testcase classname="ptolemy.util.test.junit.AutoTests" name="[163] /home/travis/build/icyphy/ptII/ptolemy/actor/lib/test/auto/Expression5.xml (RunModel)" time="0.015" />
  <testcase classname="ptolemy.util.test.junit.AutoTests" name="[164] /home/travis/build/icyphy/ptII/ptolemy/actor/lib/test/auto/Expression6.xml (RunModel)" time="0.01" />
  <testcase classname="ptolemy.util.test.junit.AutoTests" name="[165] /home/travis/build/icyphy/ptII/ptolemy/actor/lib/test/auto/Expression7.xml (RunModel)" time="0.013" />
  <testcase classname="ptolemy.util.test.junit.AutoTests" name="[166] /home/travis/build/icyphy/ptII/ptolemy/actor/lib/test/auto/Expression8.xml (RunModel)" time="0.018" />
  <testcase classname="ptolemy.util.test.junit.AutoTests" name="[167] /home/travis/build/icyphy/ptII/ptolemy/actor/lib/test/auto/Expression9.xml (RunModel)" time="0.008" />
  <testcase classname="ptolemy.util.test.junit.AutoTests" name="[168] /home/travis/build/icyphy/ptII/ptolemy/actor/lib/test/auto/ExpressionConcatenateArrayType.xml (RunModel)" time="0.025" />
  <testcase classname="ptolemy.util.test.junit.AutoTests" name="[169] /home/travis/build/icyphy/ptII/ptolemy/actor/lib/test/auto/ExpressionConcatenateArrayType2.xml (RunModel)" time="0.022" />
  <testcase classname="ptolemy.util.test.junit.AutoTests" name="[170] /home/travis/build/icyphy/ptII/ptolemy/actor/lib/test/auto/ExpressionFix.xml (RunModel)" time="0.051" />
  <testcase classname="ptolemy.util.test.junit.AutoTests" name="[171] /home/travis/build/icyphy/ptII/ptolemy/actor/lib/test/auto/ExpressionFix2.xml (RunModel)" time="0.015" />
  <testcase classname="ptolemy.util.test.junit.AutoTests" name="[172] /home/travis/build/icyphy/ptII/ptolemy/actor/lib/test/auto/ExpressionFix3.xml (RunModel)" time="0.013" />
  <testcase classname="ptolemy.util.test.junit.AutoTests" name="[173] /home/travis/build/icyphy/ptII/ptolemy/actor/lib/test/auto/FileWriter1.xml (RunModel)" time="0.011" />
  <testcase classname="ptolemy.util.test.junit.AutoTests" name="[174] /home/travis/build/icyphy/ptII/ptolemy/actor/lib/test/auto/FileWriter2.xml (RunModel)" time="0.015" />
  <testcase classname="ptolemy.util.test.junit.AutoTests" name="[175] /home/travis/build/icyphy/ptII/ptolemy/actor/lib/test/auto/FileWriter3.xml (RunModel)" time="0.014" />
  <testcase classname="ptolemy.util.test.junit.AutoTests" name="[176] /home/travis/build/icyphy/ptII/ptolemy/actor/lib/test/auto/Gaussian.xml (RunModel)" time="0.014" />
  <testcase classname="ptolemy.util.test.junit.AutoTests" name="[177] /home/travis/build/icyphy/ptII/ptolemy/actor/lib/test/auto/Gaussian1.xml (RunModel)" time="0.023" />
  <testcase classname="ptolemy.util.test.junit.AutoTests" name="[178] /home/travis/build/icyphy/ptII/ptolemy/actor/lib/test/auto/Gaussian2.xml (RunModel)" time="0.018" />
  <testcase classname="ptolemy.util.test.junit.AutoTests" name="[179] /home/travis/build/icyphy/ptII/ptolemy/actor/lib/test/auto/GradientAdaptiveLattice.xml (RunModel)" time="0.02" />
  <testcase classname="ptolemy.util.test.junit.AutoTests" name="[180] /home/travis/build/icyphy/ptII/ptolemy/actor/lib/test/auto/IIR.xml (RunModel)" time="0.011" />
  <testcase classname="ptolemy.util.test.junit.AutoTests" name="[181] /home/travis/build/icyphy/ptII/ptolemy/actor/lib/test/auto/InputOutputTransparentPorts.xml (RunModel)" time="0.019" />
  <testcase classname="ptolemy.util.test.junit.AutoTests" name="[182] /home/travis/build/icyphy/ptII/ptolemy/actor/lib/test/auto/Interpolator.xml (RunModel)" time="0.011" />
  <testcase classname="ptolemy.util.test.junit.AutoTests" name="[183] /home/travis/build/icyphy/ptII/ptolemy/actor/lib/test/auto/InterpolatorFiringLimitDE.xml (RunModel)" time="0.015" />
  <testcase classname="ptolemy.util.test.junit.AutoTests" name="[184] /home/travis/build/icyphy/ptII/ptolemy/actor/lib/test/auto/Lattice.xml (RunModel)" time="0.009" />
  <testcase classname="ptolemy.util.test.junit.AutoTests" name="[185] /home/travis/build/icyphy/ptII/ptolemy/actor/lib/test/auto/LazyAOCTestLazy.xml (RunModel)" time="0.036" />
  <testcase classname="ptolemy.util.test.junit.AutoTests" name="[186] /home/travis/build/icyphy/ptII/ptolemy/actor/lib/test/auto/LazyAOCTestNonLazy.xml (RunModel)" time="0.046" />
  <testcase classname="ptolemy.util.test.junit.AutoTests" name="[187] /home/travis/build/icyphy/ptII/ptolemy/actor/lib/test/auto/LazyInnerClass.xml (RunModel)" time="0.029" />
  <testcase classname="ptolemy.util.test.junit.AutoTests" name="[188] /home/travis/build/icyphy/ptII/ptolemy/actor/lib/test/auto/LazyPubSub.xml (RunModel)" time="0.053" />
  <testcase classname="ptolemy.util.test.junit.AutoTests" name="[189] /home/travis/build/icyphy/ptII/ptolemy/actor/lib/test/auto/LazyPubSub2.xml (RunModel)" time="0.066" />
  <testcase classname="ptolemy.util.test.junit.AutoTests" name="[190] /home/travis/build/icyphy/ptII/ptolemy/actor/lib/test/auto/LazyPubSub3.xml (RunModel)" time="0.029" />
  <testcase classname="ptolemy.util.test.junit.AutoTests" name="[191] /home/travis/build/icyphy/ptII/ptolemy/actor/lib/test/auto/LazySubClassModel.xml (RunModel)" time="0.025" />
  <testcase classname="ptolemy.util.test.junit.AutoTests" name="[192] /home/travis/build/icyphy/ptII/ptolemy/actor/lib/test/auto/LevelCrossTest1.xml (RunModel)" time="0.012" />
  <testcase classname="ptolemy.util.test.junit.AutoTests" name="[193] /home/travis/build/icyphy/ptII/ptolemy/actor/lib/test/auto/LevelCrossTest10.xml (RunModel)" time="0.016" />
  <testcase classname="ptolemy.util.test.junit.AutoTests" name="[194] /home/travis/build/icyphy/ptII/ptolemy/actor/lib/test/auto/LevelCrossTest11.xml (RunModel)" time="0.018" />
  <testcase classname="ptolemy.util.test.junit.AutoTests" name="[195] /home/travis/build/icyphy/ptII/ptolemy/actor/lib/test/auto/LevelCrossTest12.xml (RunModel)" time="0.02" />
  <testcase classname="ptolemy.util.test.junit.AutoTests" name="[196] /home/travis/build/icyphy/ptII/ptolemy/actor/lib/test/auto/LevelCrossTest13.xml (RunModel)" time="0.015" />
  <testcase classname="ptolemy.util.test.junit.AutoTests" name="[197] /home/travis/build/icyphy/ptII/ptolemy/actor/lib/test/auto/LevelCrossTest2.xml (RunModel)" time="0.012" />
  <testcase classname="ptolemy.util.test.junit.AutoTests" name="[198] /home/travis/build/icyphy/ptII/ptolemy/actor/lib/test/auto/LevelCrossTest3.xml (RunModel)" time="0.014" />
  <testcase classname="ptolemy.util.test.junit.AutoTests" name="[199] /home/travis/build/icyphy/ptII/ptolemy/actor/lib/test/auto/LevelCrossTest4.xml (RunModel)" time="0.012" />
  <testcase classname="ptolemy.util.test.junit.AutoTests" name="[200] /home/travis/build/icyphy/ptII/ptolemy/actor/lib/test/auto/LevelCrossTest5.xml (RunModel)" time="0.018" />
  <testcase classname="ptolemy.util.test.junit.AutoTests" name="[201] /home/travis/build/icyphy/ptII/ptolemy/actor/lib/test/auto/LevelCrossTest6.xml (RunModel)" time="0.019" />
  <testcase classname="ptolemy.util.test.junit.AutoTests" name="[202] /home/travis/build/icyphy/ptII/ptolemy/actor/lib/test/auto/LevelCrossTest7.xml (RunModel)" time="0.018" />
  <testcase classname="ptolemy.util.test.junit.AutoTests" name="[203] /home/travis/build/icyphy/ptII/ptolemy/actor/lib/test/auto/LevelCrossTest8.xml (RunModel)" time="0.015" />
  <testcase classname="ptolemy.util.test.junit.AutoTests" name="[204] /home/travis/build/icyphy/ptII/ptolemy/actor/lib/test/auto/LevelCrossTest9.xml (RunModel)" time="0.025" />
  <testcase classname="ptolemy.util.test.junit.AutoTests" name="[205] /home/travis/build/icyphy/ptII/ptolemy/actor/lib/test/auto/LevinsonDurbin.xml (RunModel)" time="0.019" />
  <testcase classname="ptolemy.util.test.junit.AutoTests" name="[206] /home/travis/build/icyphy/ptII/ptolemy/actor/lib/test/auto/LevinsonDurbin2.xml (RunModel)" time="0.01" />
  <testcase classname="ptolemy.util.test.junit.AutoTests" name="[207] /home/travis/build/icyphy/ptII/ptolemy/actor/lib/test/auto/LevinsonDurbin3.xml (RunModel)" time="0.015" />
  <testcase classname="ptolemy.util.test.junit.AutoTests" name="[208] /home/travis/build/icyphy/ptII/ptolemy/actor/lib/test/auto/Limiter.xml (RunModel)" time="0.07" />
  <testcase classname="ptolemy.util.test.junit.AutoTests" name="[209] /home/travis/build/icyphy/ptII/ptolemy/actor/lib/test/auto/LinearDifferenceEquationSystem.xml (RunModel)" time="0.028" />
  <testcase classname="ptolemy.util.test.junit.AutoTests" name="[210] /home/travis/build/icyphy/ptII/ptolemy/actor/lib/test/auto/LookupTable.xml (RunModel)" time="0.012" />
  <testcase classname="ptolemy.util.test.junit.AutoTests" name="[211] /home/travis/build/icyphy/ptII/ptolemy/actor/lib/test/auto/MathFunction.xml (RunModel)" time="0.02" />
  <testcase classname="ptolemy.util.test.junit.AutoTests" name="[212] /home/travis/build/icyphy/ptII/ptolemy/actor/lib/test/auto/MathFunction2.xml (RunModel)" time="0.014" />
  <testcase classname="ptolemy.util.test.junit.AutoTests" name="[213] /home/travis/build/icyphy/ptII/ptolemy/actor/lib/test/auto/MathFunction3.xml (RunModel)" time="0.024" />
  <testcase classname="ptolemy.util.test.junit.AutoTests" name="[214] /home/travis/build/icyphy/ptII/ptolemy/actor/lib/test/auto/MatrixCropBoolean.xml (RunModel)" time="0.016" />
  <testcase classname="ptolemy.util.test.junit.AutoTests" name="[215] /home/travis/build/icyphy/ptII/ptolemy/actor/lib/test/auto/MatrixCropComplex.xml (RunModel)" time="0.011" />
  <testcase classname="ptolemy.util.test.junit.AutoTests" name="[216] /home/travis/build/icyphy/ptII/ptolemy/actor/lib/test/auto/MatrixCropDouble.xml (RunModel)" time="0.01" />
  <testcase classname="ptolemy.util.test.junit.AutoTests" name="[217] /home/travis/build/icyphy/ptII/ptolemy/actor/lib/test/auto/MatrixCropFix.xml (RunModel)" time="0.015" />
  <testcase classname="ptolemy.util.test.junit.AutoTests" name="[218] /home/travis/build/icyphy/ptII/ptolemy/actor/lib/test/auto/MatrixCropInt.xml (RunModel)" time="0.01" />
  <testcase classname="ptolemy.util.test.junit.AutoTests" name="[219] /home/travis/build/icyphy/ptII/ptolemy/actor/lib/test/auto/MatrixCropLong.xml (RunModel)" time="0.011" />
  <testcase classname="ptolemy.util.test.junit.AutoTests" name="[220] /home/travis/build/icyphy/ptII/ptolemy/actor/lib/test/auto/MatrixToArray.xml (RunModel)" time="0.061" />
  <testcase classname="ptolemy.util.test.junit.AutoTests" name="[221] /home/travis/build/icyphy/ptII/ptolemy/actor/lib/test/auto/MaxIndex.xml (RunModel)" time="0.014" />
  <testcase classname="ptolemy.util.test.junit.AutoTests" name="[222] /home/travis/build/icyphy/ptII/ptolemy/actor/lib/test/auto/Maximum.xml (RunModel)" time="0.014" />
  <testcase classname="ptolemy.util.test.junit.AutoTests" name="[223] /home/travis/build/icyphy/ptII/ptolemy/actor/lib/test/auto/MaximumComplex.xml (RunModel)" time="0.019" />
  <testcase classname="ptolemy.util.test.junit.AutoTests" name="[224] /home/travis/build/icyphy/ptII/ptolemy/actor/lib/test/auto/MethodCallTest.xml (RunModel)" time="0.026" />
  <testcase classname="ptolemy.util.test.junit.AutoTests" name="[225] /home/travis/build/icyphy/ptII/ptolemy/actor/lib/test/auto/Minimum.xml (RunModel)" time="0.014" />
  <testcase classname="ptolemy.util.test.junit.AutoTests" name="[226] /home/travis/build/icyphy/ptII/ptolemy/actor/lib/test/auto/MinimumComplex.xml (RunModel)" time="0.025" />
  <testcase classname="ptolemy.util.test.junit.AutoTests" name="[227] /home/travis/build/icyphy/ptII/ptolemy/actor/lib/test/auto/MinimumMultiports.xml (RunModel)" time="0.034" />
  <testcase classname="ptolemy.util.test.junit.AutoTests" name="[228] /home/travis/build/icyphy/ptII/ptolemy/actor/lib/test/auto/ModifyDate.xml (RunModel)" time="0.045" />
  <testcase classname="ptolemy.util.test.junit.AutoTests" name="[229] /home/travis/build/icyphy/ptII/ptolemy/actor/lib/test/auto/ModifyDate2.xml (RunModel)" time="0.034" />
  <testcase classname="ptolemy.util.test.junit.AutoTests" name="[230] /home/travis/build/icyphy/ptII/ptolemy/actor/lib/test/auto/MovingAverage.xml (RunModel)" time="0.024" />
  <testcase classname="ptolemy.util.test.junit.AutoTests" name="[231] /home/travis/build/icyphy/ptII/ptolemy/actor/lib/test/auto/MovingMaximum.xml (RunModel)" time="0.015" />
  <testcase classname="ptolemy.util.test.junit.AutoTests" name="[232] /home/travis/build/icyphy/ptII/ptolemy/actor/lib/test/auto/MultipleLinksToSameRelation.xml (RunModel)" time="0.011" />
  <testcase classname="ptolemy.util.test.junit.AutoTests" name="[233] /home/travis/build/icyphy/ptII/ptolemy/actor/lib/test/auto/MultipleLinksToSameRelationDE.xml (RunModel)" time="0.009" />
  <testcase classname="ptolemy.util.test.junit.AutoTests" name="[234] /home/travis/build/icyphy/ptII/ptolemy/actor/lib/test/auto/Multiplexor.xml (RunModel)" time="0.013" />
  <testcase classname="ptolemy.util.test.junit.AutoTests" name="[235] /home/travis/build/icyphy/ptII/ptolemy/actor/lib/test/auto/Multiplexor1.xml (RunModel)" time="0.012" />
  <testcase classname="ptolemy.util.test.junit.AutoTests" name="[236] /home/travis/build/icyphy/ptII/ptolemy/actor/lib/test/auto/Multiplexor2.xml (RunModel)" time="0.02" />
  <testcase classname="ptolemy.util.test.junit.AutoTests" name="[237] /home/travis/build/icyphy/ptII/ptolemy/actor/lib/test/auto/Multiplexor3.xml (RunModel)" time="0.01" />
  <testcase classname="ptolemy.util.test.junit.AutoTests" name="[238] /home/travis/build/icyphy/ptII/ptolemy/actor/lib/test/auto/MultiplexorDE.xml (RunModel)" time="0.018" />
  <testcase classname="ptolemy.util.test.junit.AutoTests" name="[239] /home/travis/build/icyphy/ptII/ptolemy/actor/lib/test/auto/MultiportBroadcastTest.xml (RunModel)" time="0.098" />
  <testcase classname="ptolemy.util.test.junit.AutoTests" name="[240] /home/travis/build/icyphy/ptII/ptolemy/actor/lib/test/auto/MultiportOutHangDuringGetWidth.xml (RunModel)" time="0.039" />
  <testcase classname="ptolemy.util.test.junit.AutoTests" name="[241] /home/travis/build/icyphy/ptII/ptolemy/actor/lib/test/auto/NilToken.xml (RunModel)" time="0.012" />
  <testcase classname="ptolemy.util.test.junit.AutoTests" name="[242] /home/travis/build/icyphy/ptII/ptolemy/actor/lib/test/auto/NilTokenNonStrictTest.xml (RunModel)" time="0.011" />
  <testcase classname="ptolemy.util.test.junit.AutoTests" name="[243] /home/travis/build/icyphy/ptII/ptolemy/actor/lib/test/auto/NilTokenRecord.xml (RunModel)" time="0.025" />
  <testcase classname="ptolemy.util.test.junit.AutoTests" name="[244] /home/travis/build/icyphy/ptII/ptolemy/actor/lib/test/auto/NilTokenTypeTest.xml (RunModel)" time="0.037" />
  <testcase classname="ptolemy.util.test.junit.AutoTests" name="[245] /home/travis/build/icyphy/ptII/ptolemy/actor/lib/test/auto/ObjectToken1.xml (RunModel)" time="0.008" />
  <testcase classname="ptolemy.util.test.junit.AutoTests" name="[246] /home/travis/build/icyphy/ptII/ptolemy/actor/lib/test/auto/OrderedMerge.xml (RunModel)" time="0.016" />
  <testcase classname="ptolemy.util.test.junit.AutoTests" name="[247] /home/travis/build/icyphy/ptII/ptolemy/actor/lib/test/auto/OrderedRecordDisassembler.xml (RunModel)" time="0.016" />
  <testcase classname="ptolemy.util.test.junit.AutoTests" name="[248] /home/travis/build/icyphy/ptII/ptolemy/actor/lib/test/auto/OrderedRecordDisassembler2.xml (RunModel)" time="0.021" />
  <testcase classname="ptolemy.util.test.junit.AutoTests" name="[249] /home/travis/build/icyphy/ptII/ptolemy/actor/lib/test/auto/OrderedRecordUpdater.xml (RunModel)" time="0.011" />
  <testcase classname="ptolemy.util.test.junit.AutoTests" name="[250] /home/travis/build/icyphy/ptII/ptolemy/actor/lib/test/auto/OrderedRecordUpdater2.xml (RunModel)" time="0.021" />
  <testcase classname="ptolemy.util.test.junit.AutoTests" name="[251] /home/travis/build/icyphy/ptII/ptolemy/actor/lib/test/auto/PhaseUnwrap.xml (RunModel)" time="0.015" />
  <testcase classname="ptolemy.util.test.junit.AutoTests" name="[252] /home/travis/build/icyphy/ptII/ptolemy/actor/lib/test/auto/PoissonClock.xml (RunModel)" time="0.011" />
  <testcase classname="ptolemy.util.test.junit.AutoTests" name="[253] /home/travis/build/icyphy/ptII/ptolemy/actor/lib/test/auto/PoissonClock2.xml (RunModel)" time="0.008" />
  <testcase classname="ptolemy.util.test.junit.AutoTests" name="[254] /home/travis/build/icyphy/ptII/ptolemy/actor/lib/test/auto/PoissonClock3.xml (RunModel)" time="0.025" />
  <testcase classname="ptolemy.util.test.junit.AutoTests" name="[255] /home/travis/build/icyphy/ptII/ptolemy/actor/lib/test/auto/PubSubWithInitialTokens.xml (RunModel)" time="0.011" />
  <testcase classname="ptolemy.util.test.junit.AutoTests" name="[256] /home/travis/build/icyphy/ptII/ptolemy/actor/lib/test/auto/PubSubWithInitialTokens2.xml (RunModel)" time="0.015" />
  <testcase classname="ptolemy.util.test.junit.AutoTests" name="[257] /home/travis/build/icyphy/ptII/ptolemy/actor/lib/test/auto/PublisherClassNoParameter.xml (RunModel)" time="0.024" />
  <testcase classname="ptolemy.util.test.junit.AutoTests" name="[258] /home/travis/build/icyphy/ptII/ptolemy/actor/lib/test/auto/PublisherClassParameter.xml (RunModel)" time="0.023" />
  <testcase classname="ptolemy.util.test.junit.AutoTests" name="[259] /home/travis/build/icyphy/ptII/ptolemy/actor/lib/test/auto/PublisherNonStrictTest.xml (RunModel)" time="0.021" />
  <testcase classname="ptolemy.util.test.junit.AutoTests" name="[260] /home/travis/build/icyphy/ptII/ptolemy/actor/lib/test/auto/PublisherPort1.xml (RunModel)" time="0.011" />
  <testcase classname="ptolemy.util.test.junit.AutoTests" name="[261] /home/travis/build/icyphy/ptII/ptolemy/actor/lib/test/auto/PublisherPort2.xml (RunModel)" time="0.018" />
  <testcase classname="ptolemy.util.test.junit.AutoTests" name="[262] /home/travis/build/icyphy/ptII/ptolemy/actor/lib/test/auto/PublisherPort3.xml (RunModel)" time="0.057" />
  <testcase classname="ptolemy.util.test.junit.AutoTests" name="[263] /home/travis/build/icyphy/ptII/ptolemy/actor/lib/test/auto/PublisherPort4.xml (RunModel)" time="0.013" />
  <testcase classname="ptolemy.util.test.junit.AutoTests" name="[264] /home/travis/build/icyphy/ptII/ptolemy/actor/lib/test/auto/PublisherPort5.xml (RunModel)" time="0.014" />
  <testcase classname="ptolemy.util.test.junit.AutoTests" name="[265] /home/travis/build/icyphy/ptII/ptolemy/actor/lib/test/auto/PublisherPort5LookAlike.xml (RunModel)" time="0.02" />
  <testcase classname="ptolemy.util.test.junit.AutoTests" name="[266] /home/travis/build/icyphy/ptII/ptolemy/actor/lib/test/auto/PublisherPort6.xml (RunModel)" time="0.013" />
  <testcase classname="ptolemy.util.test.junit.AutoTests" name="[267] /home/travis/build/icyphy/ptII/ptolemy/actor/lib/test/auto/PublisherPort7.xml (RunModel)" time="0.016" />
  <testcase classname="ptolemy.util.test.junit.AutoTests" name="[268] /home/travis/build/icyphy/ptII/ptolemy/actor/lib/test/auto/PublisherPort8.xml (RunModel)" time="0.025" />
  <testcase classname="ptolemy.util.test.junit.AutoTests" name="[269] /home/travis/build/icyphy/ptII/ptolemy/actor/lib/test/auto/PublisherPortSubscriberChannelVariablesAOC2.xml (RunModel)" time="0.036" />
  <testcase classname="ptolemy.util.test.junit.AutoTests" name="[270] /home/travis/build/icyphy/ptII/ptolemy/actor/lib/test/auto/PublisherPortSubscriberOpaqueWidthInference.xml (RunModel)" time="0.016" />
  <testcase classname="ptolemy.util.test.junit.AutoTests" name="[271] /home/travis/build/icyphy/ptII/ptolemy/actor/lib/test/auto/PublisherPortSubscriberPortAdjacent.xml (RunModel)" time="0.019" />
  <testcase classname="ptolemy.util.test.junit.AutoTests" name="[272] /home/travis/build/icyphy/ptII/ptolemy/actor/lib/test/auto/PublisherPortSubscriberPortExpression.xml (RunModel)" time="0.02" />
  <testcase classname="ptolemy.util.test.junit.AutoTests" name="[273] /home/travis/build/icyphy/ptII/ptolemy/actor/lib/test/auto/PublisherPortSubscriberPortOpaqueD3Reverse.xml (RunModel)" time="0.022" />
  <testcase classname="ptolemy.util.test.junit.AutoTests" name="[274] /home/travis/build/icyphy/ptII/ptolemy/actor/lib/test/auto/PublisherPortSubscriberPortOpaqueWidthInference.xml (RunModel)" time="0.016" />
  <testcase classname="ptolemy.util.test.junit.AutoTests" name="[275] /home/travis/build/icyphy/ptII/ptolemy/actor/lib/test/auto/PublisherPortToplevelSubscriberPortAOC.xml (RunModel)" time="0.014" />
  <testcase classname="ptolemy.util.test.junit.AutoTests" name="[276] /home/travis/build/icyphy/ptII/ptolemy/actor/lib/test/auto/PublisherSubscriber.xml (RunModel)" time="0.014" />
  <testcase classname="ptolemy.util.test.junit.AutoTests" name="[277] /home/travis/build/icyphy/ptII/ptolemy/actor/lib/test/auto/PublisherSubscriber10.xml (RunModel)" time="0.022" />
  <testcase classname="ptolemy.util.test.junit.AutoTests" name="[278] /home/travis/build/icyphy/ptII/ptolemy/actor/lib/test/auto/PublisherSubscriber10InitialOutputs.xml (RunModel)" time="0.033" />
  <testcase classname="ptolemy.util.test.junit.AutoTests" name="[279] /home/travis/build/icyphy/ptII/ptolemy/actor/lib/test/auto/PublisherSubscriber11.xml (RunModel)" time="0.016" />
  <testcase classname="ptolemy.util.test.junit.AutoTests" name="[280] /home/travis/build/icyphy/ptII/ptolemy/actor/lib/test/auto/PublisherSubscriber12.xml (RunModel)" time="0.014" />
  <testcase classname="ptolemy.util.test.junit.AutoTests" name="[281] /home/travis/build/icyphy/ptII/ptolemy/actor/lib/test/auto/PublisherSubscriber13.xml (RunModel)" time="0.009" />
  <testcase classname="ptolemy.util.test.junit.AutoTests" name="[282] /home/travis/build/icyphy/ptII/ptolemy/actor/lib/test/auto/PublisherSubscriber14.xml (RunModel)" time="0.022" />
  <testcase classname="ptolemy.util.test.junit.AutoTests" name="[283] /home/travis/build/icyphy/ptII/ptolemy/actor/lib/test/auto/PublisherSubscriber2.xml (RunModel)" time="0.02" />
  <testcase classname="ptolemy.util.test.junit.AutoTests" name="[284] /home/travis/build/icyphy/ptII/ptolemy/actor/lib/test/auto/PublisherSubscriber3.xml (RunModel)" time="0.01" />
  <testcase classname="ptolemy.util.test.junit.AutoTests" name="[285] /home/travis/build/icyphy/ptII/ptolemy/actor/lib/test/auto/PublisherSubscriber4.xml (RunModel)" time="0.009" />
  <testcase classname="ptolemy.util.test.junit.AutoTests" name="[286] /home/travis/build/icyphy/ptII/ptolemy/actor/lib/test/auto/PublisherSubscriber5.xml (RunModel)" time="0.012" />
  <testcase classname="ptolemy.util.test.junit.AutoTests" name="[287] /home/travis/build/icyphy/ptII/ptolemy/actor/lib/test/auto/PublisherSubscriber6.xml (RunModel)" time="0.016" />
  <testcase classname="ptolemy.util.test.junit.AutoTests" name="[288] /home/travis/build/icyphy/ptII/ptolemy/actor/lib/test/auto/PublisherSubscriber7.xml (RunModel)" time="0.019" />
  <testcase classname="ptolemy.util.test.junit.AutoTests" name="[289] /home/travis/build/icyphy/ptII/ptolemy/actor/lib/test/auto/PublisherSubscriber8.xml (RunModel)" time="0.033" />
  <testcase classname="ptolemy.util.test.junit.AutoTests" name="[290] /home/travis/build/icyphy/ptII/ptolemy/actor/lib/test/auto/PublisherSubscriber9.xml (RunModel)" time="0.018" />
  <testcase classname="ptolemy.util.test.junit.AutoTests" name="[291] /home/travis/build/icyphy/ptII/ptolemy/actor/lib/test/auto/PublisherSubscriberAdjacent.xml (RunModel)" time="0.016" />
  <testcase classname="ptolemy.util.test.junit.AutoTests" name="[292] /home/travis/build/icyphy/ptII/ptolemy/actor/lib/test/auto/PublisherSubscriberChannelVariablesAOC2.xml (RunModel)" time="0.025" />
  <testcase classname="ptolemy.util.test.junit.AutoTests" name="[293] /home/travis/build/icyphy/ptII/ptolemy/actor/lib/test/auto/PublisherSubscriberD3.xml (RunModel)" time="0.017" />
  <testcase classname="ptolemy.util.test.junit.AutoTests" name="[294] /home/travis/build/icyphy/ptII/ptolemy/actor/lib/test/auto/PublisherSubscriberD3Reverse.xml (RunModel)" time="0.016" />
  <testcase classname="ptolemy.util.test.junit.AutoTests" name="[295] /home/travis/build/icyphy/ptII/ptolemy/actor/lib/test/auto/PublisherSubscriberExpression.xml (RunModel)" time="0.017" />
  <testcase classname="ptolemy.util.test.junit.AutoTests" name="[296] /home/travis/build/icyphy/ptII/ptolemy/actor/lib/test/auto/PublisherSubscriberOpaque.xml (RunModel)" time="0.016" />
  <testcase classname="ptolemy.util.test.junit.AutoTests" name="[297] /home/travis/build/icyphy/ptII/ptolemy/actor/lib/test/auto/PublisherSubscriberOpaqueD3.xml (RunModel)" time="0.024" />
  <testcase classname="ptolemy.util.test.junit.AutoTests" name="[298] /home/travis/build/icyphy/ptII/ptolemy/actor/lib/test/auto/PublisherSubscriberOpaqueD3Reverse.xml (RunModel)" time="0.022" />
  <testcase classname="ptolemy.util.test.junit.AutoTests" name="[299] /home/travis/build/icyphy/ptII/ptolemy/actor/lib/test/auto/PublisherSubscriberOpaqueWidthInference.xml (RunModel)" time="0.017" />
  <testcase classname="ptolemy.util.test.junit.AutoTests" name="[300] /home/travis/build/icyphy/ptII/ptolemy/actor/lib/test/auto/PublisherTestSubscriber.xml (RunModel)" time="0.016" />
  <testcase classname="ptolemy.util.test.junit.AutoTests" name="[301] /home/travis/build/icyphy/ptII/ptolemy/actor/lib/test/auto/PublisherToplevelSubscriberPortAOC.xml (RunModel)" time="0.013" />
  <testcase classname="ptolemy.util.test.junit.AutoTests" name="[302] /home/travis/build/icyphy/ptII/ptolemy/actor/lib/test/auto/PulseFiringLimitDE.xml (RunModel)" time="0.016" />
  <testcase classname="ptolemy.util.test.junit.AutoTests" name="[303] /home/travis/build/icyphy/ptII/ptolemy/actor/lib/test/auto/Ramp1.xml (RunModel)" time="0.008" />
  <testcase classname="ptolemy.util.test.junit.AutoTests" name="[304] /home/travis/build/icyphy/ptII/ptolemy/actor/lib/test/auto/RampFiringLimitDE.xml (RunModel)" time="0.011" />
  <testcase classname="ptolemy.util.test.junit.AutoTests" name="[305] /home/travis/build/icyphy/ptII/ptolemy/actor/lib/test/auto/RampFiringLimitSDF.xml (RunModel)" time="0.034" />
  <testcase classname="ptolemy.util.test.junit.AutoTests" name="[306] /home/travis/build/icyphy/ptII/ptolemy/actor/lib/test/auto/RandomInteger.xml (RunModel)" time="0.011" />
  <testcase classname="ptolemy.util.test.junit.AutoTests" name="[307] /home/travis/build/icyphy/ptII/ptolemy/actor/lib/test/auto/ReadFile1.xml (RunModel)" time="0.009" />
  <testcase classname="ptolemy.util.test.junit.AutoTests" name="[308] /home/travis/build/icyphy/ptII/ptolemy/actor/lib/test/auto/ReadFile2.xml (RunModel)" time="0.012" />
  <testcase classname="ptolemy.util.test.junit.AutoTests" name="[309] /home/travis/build/icyphy/ptII/ptolemy/actor/lib/test/auto/Reader.xml (RunModel)" time="0.014" />
  <testcase classname="ptolemy.util.test.junit.AutoTests" name="[310] /home/travis/build/icyphy/ptII/ptolemy/actor/lib/test/auto/RecordAssemblerDisplayNameTest.xml (RunModel)" time="3.725" />
  <testcase classname="ptolemy.util.test.junit.AutoTests" name="[311] /home/travis/build/icyphy/ptII/ptolemy/actor/lib/test/auto/RecordAssemblerTypeError.xml (RunModel)" time="0.049" />
  <testcase classname="ptolemy.util.test.junit.AutoTests" name="[312] /home/travis/build/icyphy/ptII/ptolemy/actor/lib/test/auto/RecordDisassember.xml (RunModel)" time="0.011" />
  <testcase classname="ptolemy.util.test.junit.AutoTests" name="[313] /home/travis/build/icyphy/ptII/ptolemy/actor/lib/test/auto/RecordDisassemberDisplayNameTest.xml (RunModel)" time="0.02" />
  <testcase classname="ptolemy.util.test.junit.AutoTests" name="[314] /home/travis/build/icyphy/ptII/ptolemy/actor/lib/test/auto/RecordDisassembler.xml (RunModel)" time="0.011" />
  <testcase classname="ptolemy.util.test.junit.AutoTests" name="[315] /home/travis/build/icyphy/ptII/ptolemy/actor/lib/test/auto/RecordDisassembler2.xml (RunModel)" time="0.011" />
  <testcase classname="ptolemy.util.test.junit.AutoTests" name="[316] /home/travis/build/icyphy/ptII/ptolemy/actor/lib/test/auto/RecordUpdater.xml (RunModel)" time="0.011" />
  <testcase classname="ptolemy.util.test.junit.AutoTests" name="[317] /home/travis/build/icyphy/ptII/ptolemy/actor/lib/test/auto/RecordUpdater2.xml (RunModel)" time="0.009" />
  <testcase classname="ptolemy.util.test.junit.AutoTests" name="[318] /home/travis/build/icyphy/ptII/ptolemy/actor/lib/test/auto/RecursiveLattice.xml (RunModel)" time="0.01" />
  <testcase classname="ptolemy.util.test.junit.AutoTests" name="[319] /home/travis/build/icyphy/ptII/ptolemy/actor/lib/test/auto/Router.xml (RunModel)" time="3.028" />
  <testcase classname="ptolemy.util.test.junit.AutoTests" name="[320] /home/travis/build/icyphy/ptII/ptolemy/actor/lib/test/auto/Router2.xml (RunModel)" time="3.03" />
  <testcase classname="ptolemy.util.test.junit.AutoTests" name="[321] /home/travis/build/icyphy/ptII/ptolemy/actor/lib/test/auto/RunningMaximum.xml (RunModel)" time="0.018" />
  <testcase classname="ptolemy.util.test.junit.AutoTests" name="[322] /home/travis/build/icyphy/ptII/ptolemy/actor/lib/test/auto/RunningMinimum.xml (RunModel)" time="0.022" />
  <testcase classname="ptolemy.util.test.junit.AutoTests" name="[323] /home/travis/build/icyphy/ptII/ptolemy/actor/lib/test/auto/Scale.xml (RunModel)" time="0.014" />
  <testcase classname="ptolemy.util.test.junit.AutoTests" name="[324] /home/travis/build/icyphy/ptII/ptolemy/actor/lib/test/auto/Scale2.xml (RunModel)" time="0.01" />
  <testcase classname="ptolemy.util.test.junit.AutoTests" name="[325] /home/travis/build/icyphy/ptII/ptolemy/actor/lib/test/auto/Scale3.xml (RunModel)" time="0.014" />
  <testcase classname="ptolemy.util.test.junit.AutoTests" name="[326] /home/travis/build/icyphy/ptII/ptolemy/actor/lib/test/auto/ScaleArray.xml (RunModel)" time="0.008" />
  <testcase classname="ptolemy.util.test.junit.AutoTests" name="[327] /home/travis/build/icyphy/ptII/ptolemy/actor/lib/test/auto/ScaleArray2.xml (RunModel)" time="0.01" />
  <testcase classname="ptolemy.util.test.junit.AutoTests" name="[328] /home/travis/build/icyphy/ptII/ptolemy/actor/lib/test/auto/ScaleMatrix.xml (RunModel)" time="0.15" />
  <testcase classname="ptolemy.util.test.junit.AutoTests" name="[329] /home/travis/build/icyphy/ptII/ptolemy/actor/lib/test/auto/Select.xml (RunModel)" time="0.015" />
  <testcase classname="ptolemy.util.test.junit.AutoTests" name="[330] /home/travis/build/icyphy/ptII/ptolemy/actor/lib/test/auto/Select2.xml (RunModel)" time="0.009" />
  <testcase classname="ptolemy.util.test.junit.AutoTests" name="[331] /home/travis/build/icyphy/ptII/ptolemy/actor/lib/test/auto/SequenceToArray2.xml (RunModel)" time="0.14" />
  <testcase classname="ptolemy.util.test.junit.AutoTests" name="[332] /home/travis/build/icyphy/ptII/ptolemy/actor/lib/test/auto/SequentialClock.xml (RunModel)" time="0.015" />
  <testcase classname="ptolemy.util.test.junit.AutoTests" name="[333] /home/travis/build/icyphy/ptII/ptolemy/actor/lib/test/auto/SetVariable.xml (RunModel)" time="0.011" />
  <testcase classname="ptolemy.util.test.junit.AutoTests" name="[334] /home/travis/build/icyphy/ptII/ptolemy/actor/lib/test/auto/SetVariable2.xml (RunModel)" time="0.009" />
  <testcase classname="ptolemy.util.test.junit.AutoTests" name="[335] /home/travis/build/icyphy/ptII/ptolemy/actor/lib/test/auto/SetVariable3.xml (RunModel)" time="0.034" />
  <testcase classname="ptolemy.util.test.junit.AutoTests" name="[336] /home/travis/build/icyphy/ptII/ptolemy/actor/lib/test/auto/SetVariable4.xml (RunModel)" time="0.025" />
  <testcase classname="ptolemy.util.test.junit.AutoTests" name="[337] /home/travis/build/icyphy/ptII/ptolemy/actor/lib/test/auto/SetVariable5.xml (RunModel)" time="0.037" />
  <testcase classname="ptolemy.util.test.junit.AutoTests" name="[338] /home/travis/build/icyphy/ptII/ptolemy/actor/lib/test/auto/Sinewave.xml (RunModel)" time="0.026" />
  <testcase classname="ptolemy.util.test.junit.AutoTests" name="[339] /home/travis/build/icyphy/ptII/ptolemy/actor/lib/test/auto/Sinewave2.xml (RunModel)" time="0.018" />
  <testcase classname="ptolemy.util.test.junit.AutoTests" name="[340] /home/travis/build/icyphy/ptII/ptolemy/actor/lib/test/auto/Sinewave3.xml (RunModel)" time="0.019" />
  <testcase classname="ptolemy.util.test.junit.AutoTests" name="[341] /home/travis/build/icyphy/ptII/ptolemy/actor/lib/test/auto/SingleEvent.xml (RunModel)" time="0.011" />
  <testcase classname="ptolemy.util.test.junit.AutoTests" name="[342] /home/travis/build/icyphy/ptII/ptolemy/actor/lib/test/auto/Sleep.xml (RunModel)" time="6.017" />
  <testcase classname="ptolemy.util.test.junit.AutoTests" name="[343] /home/travis/build/icyphy/ptII/ptolemy/actor/lib/test/auto/SleepMultipleFire.xml (RunModel)" time="1.016" />
  <testcase classname="ptolemy.util.test.junit.AutoTests" name="[344] /home/travis/build/icyphy/ptII/ptolemy/actor/lib/test/auto/StopDE.xml (RunModel)" time="0.018" />
  <testcase classname="ptolemy.util.test.junit.AutoTests" name="[345] /home/travis/build/icyphy/ptII/ptolemy/actor/lib/test/auto/StopSDF.xml (RunModel)" time="0.015" />
  <testcase classname="ptolemy.util.test.junit.AutoTests" name="[346] /home/travis/build/icyphy/ptII/ptolemy/actor/lib/test/auto/StringConstant.xml (RunModel)" time="0.013" />
  <testcase classname="ptolemy.util.test.junit.AutoTests" name="[347] /home/travis/build/icyphy/ptII/ptolemy/actor/lib/test/auto/SubscriberPortInitialValues1.xml (RunModel)" time="0.024" />
  <testcase classname="ptolemy.util.test.junit.AutoTests" name="[348] /home/travis/build/icyphy/ptII/ptolemy/actor/lib/test/auto/SubscriberPortInitialValues13.xml (RunModel)" time="0.028" />
  <testcase classname="ptolemy.util.test.junit.AutoTests" name="[349] /home/travis/build/icyphy/ptII/ptolemy/actor/lib/test/auto/SubscriberPortInitialValues14.xml (RunModel)" time="0.016" />
  <testcase classname="ptolemy.util.test.junit.AutoTests" name="[350] /home/travis/build/icyphy/ptII/ptolemy/actor/lib/test/auto/SubscriberPortInitialValues2.xml (RunModel)" time="0.016" />
  <testcase classname="ptolemy.util.test.junit.AutoTests" name="[351] /home/travis/build/icyphy/ptII/ptolemy/actor/lib/test/auto/SubscriberPortInitialValues3.xml (RunModel)" time="0.02" />
  <testcase classname="ptolemy.util.test.junit.AutoTests" name="[352] /home/travis/build/icyphy/ptII/ptolemy/actor/lib/test/auto/SubscriptionAggregator.xml (RunModel)" time="0.012" />
  <testcase classname="ptolemy.util.test.junit.AutoTests" name="[353] /home/travis/build/icyphy/ptII/ptolemy/actor/lib/test/auto/SubscriptionAggregator2.xml (RunModel)" time="0.012" />
  <testcase classname="ptolemy.util.test.junit.AutoTests" name="[354] /home/travis/build/icyphy/ptII/ptolemy/actor/lib/test/auto/SubscriptionAggregator3.xml (RunModel)" time="0.016" />
  <testcase classname="ptolemy.util.test.junit.AutoTests" name="[355] /home/travis/build/icyphy/ptII/ptolemy/actor/lib/test/auto/SubscriptionAggregatorMultiply.xml (RunModel)" time="0.023" />
  <testcase classname="ptolemy.util.test.junit.AutoTests" name="[356] /home/travis/build/icyphy/ptII/ptolemy/actor/lib/test/auto/SubscriptionAggregatorPortMultiply1.xml (RunModel)" time="0.019" />
  <testcase classname="ptolemy.util.test.junit.AutoTests" name="[357] /home/travis/build/icyphy/ptII/ptolemy/actor/lib/test/auto/Switch.xml (RunModel)" time="0.018" />
  <testcase classname="ptolemy.util.test.junit.AutoTests" name="[358] /home/travis/build/icyphy/ptII/ptolemy/actor/lib/test/auto/Switch2.xml (RunModel)" time="0.009" />
  <testcase classname="ptolemy.util.test.junit.AutoTests" name="[359] /home/travis/build/icyphy/ptII/ptolemy/actor/lib/test/auto/SwitchDE.xml (RunModel)" time="0.013" />
  <testcase classname="ptolemy.util.test.junit.AutoTests" name="[360] /home/travis/build/icyphy/ptII/ptolemy/actor/lib/test/auto/SynchronizerDE.xml (RunModel)" time="0.021" />
  <testcase classname="ptolemy.util.test.junit.AutoTests" name="[361] /home/travis/build/icyphy/ptII/ptolemy/actor/lib/test/auto/Test.xml (RunModel)" time="0.017" />
  <testcase classname="ptolemy.util.test.junit.AutoTests" name="[362] /home/travis/build/icyphy/ptII/ptolemy/actor/lib/test/auto/TestExceptionAttribute1.xml (RunModel)" time="0.007" />
  <testcase classname="ptolemy.util.test.junit.AutoTests" name="[363] /home/travis/build/icyphy/ptII/ptolemy/actor/lib/test/auto/TestExceptionAttribute2.xml (RunModel)" time="0.011" />
  <testcase classname="ptolemy.util.test.junit.AutoTests" name="[364] /home/travis/build/icyphy/ptII/ptolemy/actor/lib/test/auto/TestExceptionAttribute3.xml (RunModel)" time="0.005" />
  <testcase classname="ptolemy.util.test.junit.AutoTests" name="[365] /home/travis/build/icyphy/ptII/ptolemy/actor/lib/test/auto/TestExceptionAttribute4.xml (RunModel)" time="0.01" />
  <testcase classname="ptolemy.util.test.junit.AutoTests" name="[366] /home/travis/build/icyphy/ptII/ptolemy/actor/lib/test/auto/TestExceptionHandler1.xml (RunModel)" time="0.007" />
  <testcase classname="ptolemy.util.test.junit.AutoTests" name="[367] /home/travis/build/icyphy/ptII/ptolemy/actor/lib/test/auto/TestExceptionHandler2.xml (RunModel)" time="0.01" />
  <testcase classname="ptolemy.util.test.junit.AutoTests" name="[368] /home/travis/build/icyphy/ptII/ptolemy/actor/lib/test/auto/TestExceptionHandler3.xml (RunModel)" time="0.005" />
  <testcase classname="ptolemy.util.test.junit.AutoTests" name="[369] /home/travis/build/icyphy/ptII/ptolemy/actor/lib/test/auto/TestExceptionHandler4.xml (RunModel)" time="0.006" />
  <testcase classname="ptolemy.util.test.junit.AutoTests" name="[370] /home/travis/build/icyphy/ptII/ptolemy/actor/lib/test/auto/TestRequireCorrectOrder.xml (RunModel)" time="0.011" />
  <testcase classname="ptolemy.util.test.junit.AutoTests" name="[371] /home/travis/build/icyphy/ptII/ptolemy/actor/lib/test/auto/TestSimple.xml (RunModel)" time="0.01" />
  <testcase classname="ptolemy.util.test.junit.AutoTests" name="[372] /home/travis/build/icyphy/ptII/ptolemy/actor/lib/test/auto/ThrowModelError.xml (RunModel)" time="0.011" />
  <testcase classname="ptolemy.util.test.junit.AutoTests" name="[373] /home/travis/build/icyphy/ptII/ptolemy/actor/lib/test/auto/TimeDelayMicrosteps.xml (RunModel)" time="0.016" />
  <testcase classname="ptolemy.util.test.junit.AutoTests" name="[374] /home/travis/build/icyphy/ptII/ptolemy/actor/lib/test/auto/TimeDelayMicrosteps2.xml (RunModel)" time="0.015" />
  <testcase classname="ptolemy.util.test.junit.AutoTests" name="[375] /home/travis/build/icyphy/ptII/ptolemy/actor/lib/test/auto/TimeDelayMicrosteps3.xml (RunModel)" time="0.013" />
  <testcase classname="ptolemy.util.test.junit.AutoTests" name="[376] /home/travis/build/icyphy/ptII/ptolemy/actor/lib/test/auto/TimeDelayVariableMicrosteps.xml (RunModel)" time="0.013" />
  <testcase classname="ptolemy.util.test.junit.AutoTests" name="[377] /home/travis/build/icyphy/ptII/ptolemy/actor/lib/test/auto/TimeGap.xml (RunModel)" time="0.017" />
  <testcase classname="ptolemy.util.test.junit.AutoTests" name="[378] /home/travis/build/icyphy/ptII/ptolemy/actor/lib/test/auto/TimeGap2.xml (RunModel)" time="0.016" />
  <testcase classname="ptolemy.util.test.junit.AutoTests" name="[379] /home/travis/build/icyphy/ptII/ptolemy/actor/lib/test/auto/TimedSinewave.xml (RunModel)" time="0.053" />
  <testcase classname="ptolemy.util.test.junit.AutoTests" name="[380] /home/travis/build/icyphy/ptII/ptolemy/actor/lib/test/auto/TimedSinewavePhase.xml (RunModel)" time="0.044" />
  <testcase classname="ptolemy.util.test.junit.AutoTests" name="[381] /home/travis/build/icyphy/ptII/ptolemy/actor/lib/test/auto/Timer.xml (RunModel)" time="0.012" />
  <testcase classname="ptolemy.util.test.junit.AutoTests" name="[382] /home/travis/build/icyphy/ptII/ptolemy/actor/lib/test/auto/TriangularDistTestModel.xml (RunModel)" time="0.015" />
  <testcase classname="ptolemy.util.test.junit.AutoTests" name="[383] /home/travis/build/icyphy/ptII/ptolemy/actor/lib/test/auto/TrigFunction.xml (RunModel)" time="0.009" />
  <testcase classname="ptolemy.util.test.junit.AutoTests" name="[384] /home/travis/build/icyphy/ptII/ptolemy/actor/lib/test/auto/TrigFunctionDE.xml (RunModel)" time="0.01" />
  <testcase classname="ptolemy.util.test.junit.AutoTests" name="[385] /home/travis/build/icyphy/ptII/ptolemy/actor/lib/test/auto/TrigFunctionInverse.xml (RunModel)" time="0.009" />
  <testcase classname="ptolemy.util.test.junit.AutoTests" name="[386] /home/travis/build/icyphy/ptII/ptolemy/actor/lib/test/auto/TrigFunctionTan.xml (RunModel)" time="0.007" />
  <testcase classname="ptolemy.util.test.junit.AutoTests" name="[387] /home/travis/build/icyphy/ptII/ptolemy/actor/lib/test/auto/TriggeredClock.xml (RunModel)" time="0.008" />
  <testcase classname="ptolemy.util.test.junit.AutoTests" name="[388] /home/travis/build/icyphy/ptII/ptolemy/actor/lib/test/auto/URLDirectoryReader.xml (RunModel)" time="0.125" />
  <testcase classname="ptolemy.util.test.junit.AutoTests" name="[389] /home/travis/build/icyphy/ptII/ptolemy/actor/lib/test/auto/URLDirectoryReader3.xml (RunModel)" time="1.341" />
  <testcase classname="ptolemy.util.test.junit.AutoTests" name="[390] /home/travis/build/icyphy/ptII/ptolemy/actor/lib/test/auto/UnaryMathFunction.xml (RunModel)" time="0.035" />
  <testcase classname="ptolemy.util.test.junit.AutoTests" name="[391] /home/travis/build/icyphy/ptII/ptolemy/actor/lib/test/auto/Uniform.xml (RunModel)" time="0.014" />
  <testcase classname="ptolemy.util.test.junit.AutoTests" name="[392] /home/travis/build/icyphy/ptII/ptolemy/actor/lib/test/auto/UnionDisassemblerTest.xml (RunModel)" time="0.016" />
  <testcase classname="ptolemy.util.test.junit.AutoTests" name="[393] /home/travis/build/icyphy/ptII/ptolemy/actor/lib/test/auto/UtilityFunctions.xml (RunModel)" time="0.007" />
  <testcase classname="ptolemy.util.test.junit.AutoTests" name="[394] /home/travis/build/icyphy/ptII/ptolemy/actor/lib/test/auto/VariableSleep.xml (RunModel)" time="0.512" />
  <testcase classname="ptolemy.util.test.junit.AutoTests" name="[395] /home/travis/build/icyphy/ptII/ptolemy/actor/lib/test/auto/VectorAssemblerDisassemblerCT.xml (RunModel)" time="0.098" />
  <testcase classname="ptolemy.util.test.junit.AutoTests" name="[396] /home/travis/build/icyphy/ptII/ptolemy/actor/lib/test/auto/VectorAssemblerDisassemblerDE.xml (RunModel)" time="0.014" />
  <testcase classname="ptolemy.util.test.junit.AutoTests" name="[397] /home/travis/build/icyphy/ptII/ptolemy/actor/lib/test/auto/VectorAssemblerDisassemblerSDF.xml (RunModel)" time="0.013" />
  <testcase classname="ptolemy.util.test.junit.AutoTests" name="[398] /home/travis/build/icyphy/ptII/ptolemy/actor/lib/test/auto/WallClockTime.xml (RunModel)" time="1.013" />
  <testcase classname="ptolemy.util.test.junit.AutoTests" name="[399] /home/travis/build/icyphy/ptII/ptolemy/actor/lib/test/auto/WidthTestWithSubscriberPublisher.xml (RunModel)" time="0.044" />
  <testcase classname="ptolemy.util.test.junit.AutoTests" name="[400] /home/travis/build/icyphy/ptII/ptolemy/actor/lib/test/auto/WidthTestWithSubscriberPublisher2.xml (RunModel)" time="0.015" />
  <testcase classname="ptolemy.util.test.junit.AutoTests" name="[401] /home/travis/build/icyphy/ptII/ptolemy/actor/lib/test/auto/WidthTestWithSubscriberPublisher3.xml (RunModel)" time="0.013" />
  <testcase classname="ptolemy.util.test.junit.AutoTests" name="[402] /home/travis/build/icyphy/ptII/ptolemy/actor/lib/test/auto/Writer.xml (RunModel)" time="0.009" />
  <testcase classname="ptolemy.util.test.junit.AutoTests" name="[403] /home/travis/build/icyphy/ptII/ptolemy/actor/lib/test/auto/array.xml (RunModel)" time="0.009" />
  <testcase classname="ptolemy.util.test.junit.AutoTests" name="[404] /home/travis/build/icyphy/ptII/ptolemy/actor/lib/test/auto/array2.xml (RunModel)" time="0.014" />
  <testcase classname="ptolemy.util.test.junit.AutoTests" name="[405] /home/travis/build/icyphy/ptII/ptolemy/actor/lib/test/auto/arrayType.xml (RunModel)" time="0.011" />
  <testcase classname="ptolemy.util.test.junit.AutoTests" name="[406] /home/travis/build/icyphy/ptII/ptolemy/actor/lib/test/auto/arrayType10.xml (RunModel)" time="0.008" />
  <testcase classname="ptolemy.util.test.junit.AutoTests" name="[407] /home/travis/build/icyphy/ptII/ptolemy/actor/lib/test/auto/arrayType11.xml (RunModel)" time="0.009" />
  <testcase classname="ptolemy.util.test.junit.AutoTests" name="[408] /home/travis/build/icyphy/ptII/ptolemy/actor/lib/test/auto/arrayType12.xml (RunModel)" time="0.009" />
  <testcase classname="ptolemy.util.test.junit.AutoTests" name="[409] /home/travis/build/icyphy/ptII/ptolemy/actor/lib/test/auto/arrayType13.xml (RunModel)" time="0.01" />
  <testcase classname="ptolemy.util.test.junit.AutoTests" name="[410] /home/travis/build/icyphy/ptII/ptolemy/actor/lib/test/auto/arrayType14.xml (RunModel)" time="0.008" />
  <testcase classname="ptolemy.util.test.junit.AutoTests" name="[411] /home/travis/build/icyphy/ptII/ptolemy/actor/lib/test/auto/arrayType15.xml (RunModel)" time="0.01" />
  <testcase classname="ptolemy.util.test.junit.AutoTests" name="[412] /home/travis/build/icyphy/ptII/ptolemy/actor/lib/test/auto/arrayType16.xml (RunModel)" time="0.011" />
  <testcase classname="ptolemy.util.test.junit.AutoTests" name="[413] /home/travis/build/icyphy/ptII/ptolemy/actor/lib/test/auto/arrayType17.xml (RunModel)" time="0.009" />
  <testcase classname="ptolemy.util.test.junit.AutoTests" name="[414] /home/travis/build/icyphy/ptII/ptolemy/actor/lib/test/auto/arrayType18.xml (RunModel)" time="0.008" />
  <testcase classname="ptolemy.util.test.junit.AutoTests" name="[415] /home/travis/build/icyphy/ptII/ptolemy/actor/lib/test/auto/arrayType19.xml (RunModel)" time="0.009" />
  <testcase classname="ptolemy.util.test.junit.AutoTests" name="[416] /home/travis/build/icyphy/ptII/ptolemy/actor/lib/test/auto/arrayType2.xml (RunModel)" time="0.009" />
  <testcase classname="ptolemy.util.test.junit.AutoTests" name="[417] /home/travis/build/icyphy/ptII/ptolemy/actor/lib/test/auto/arrayType20.xml (RunModel)" time="0.009" />
  <testcase classname="ptolemy.util.test.junit.AutoTests" name="[418] /home/travis/build/icyphy/ptII/ptolemy/actor/lib/test/auto/arrayType21.xml (RunModel)" time="0.009" />
  <testcase classname="ptolemy.util.test.junit.AutoTests" name="[419] /home/travis/build/icyphy/ptII/ptolemy/actor/lib/test/auto/arrayType22.xml (RunModel)" time="0.009" />
  <testcase classname="ptolemy.util.test.junit.AutoTests" name="[420] /home/travis/build/icyphy/ptII/ptolemy/actor/lib/test/auto/arrayType23.xml (RunModel)" time="0.009" />
  <testcase classname="ptolemy.util.test.junit.AutoTests" name="[421] /home/travis/build/icyphy/ptII/ptolemy/actor/lib/test/auto/arrayType24.xml (RunModel)" time="0.01" />
  <testcase classname="ptolemy.util.test.junit.AutoTests" name="[422] /home/travis/build/icyphy/ptII/ptolemy/actor/lib/test/auto/arrayType25.xml (RunModel)" time="0.009" />
  <testcase classname="ptolemy.util.test.junit.AutoTests" name="[423] /home/travis/build/icyphy/ptII/ptolemy/actor/lib/test/auto/arrayType26.xml (RunModel)" time="0.01" />
  <testcase classname="ptolemy.util.test.junit.AutoTests" name="[424] /home/travis/build/icyphy/ptII/ptolemy/actor/lib/test/auto/arrayType27.xml (RunModel)" time="0.011" />
  <testcase classname="ptolemy.util.test.junit.AutoTests" name="[425] /home/travis/build/icyphy/ptII/ptolemy/actor/lib/test/auto/arrayType28.xml (RunModel)" time="0.01" />
  <testcase classname="ptolemy.util.test.junit.AutoTests" name="[426] /home/travis/build/icyphy/ptII/ptolemy/actor/lib/test/auto/arrayType3.xml (RunModel)" time="0.009" />
  <testcase classname="ptolemy.util.test.junit.AutoTests" name="[427] /home/travis/build/icyphy/ptII/ptolemy/actor/lib/test/auto/arrayType4.xml (RunModel)" time="0.009" />
  <testcase classname="ptolemy.util.test.junit.AutoTests" name="[428] /home/travis/build/icyphy/ptII/ptolemy/actor/lib/test/auto/arrayType5.xml (RunModel)" time="0.014" />
  <testcase classname="ptolemy.util.test.junit.AutoTests" name="[429] /home/travis/build/icyphy/ptII/ptolemy/actor/lib/test/auto/arrayType6.xml (RunModel)" time="0.008" />
  <testcase classname="ptolemy.util.test.junit.AutoTests" name="[430] /home/travis/build/icyphy/ptII/ptolemy/actor/lib/test/auto/arrayType7.xml (RunModel)" time="0.02" />
  <testcase classname="ptolemy.util.test.junit.AutoTests" name="[431] /home/travis/build/icyphy/ptII/ptolemy/actor/lib/test/auto/arrayType8.xml (RunModel)" time="0.008" />
  <testcase classname="ptolemy.util.test.junit.AutoTests" name="[432] /home/travis/build/icyphy/ptII/ptolemy/actor/lib/test/auto/arrayType9.xml (RunModel)" time="0.007" />
  <testcase classname="ptolemy.util.test.junit.AutoTests" name="[433] /home/travis/build/icyphy/ptII/ptolemy/actor/lib/test/auto/cast.xml (RunModel)" time="0.01" />
  <testcase classname="ptolemy.util.test.junit.AutoTests" name="[434] /home/travis/build/icyphy/ptII/ptolemy/actor/lib/test/auto/compositeMultiPort.xml (RunModel)" time="0.018" />
  <testcase classname="ptolemy.util.test.junit.AutoTests" name="[435] /home/travis/build/icyphy/ptII/ptolemy/actor/lib/test/auto/expressionCastInference.xml (RunModel)" time="0.01" />
  <testcase classname="ptolemy.util.test.junit.AutoTests" name="[436] /home/travis/build/icyphy/ptII/ptolemy/actor/lib/test/auto/expressionCastInference2.xml (RunModel)" time="0.008" />
  <testcase classname="ptolemy.util.test.junit.AutoTests" name="[437] /home/travis/build/icyphy/ptII/ptolemy/actor/lib/test/auto/expressionInference.xml (RunModel)" time="0.008" />
  <testcase classname="ptolemy.util.test.junit.AutoTests" name="[438] /home/travis/build/icyphy/ptII/ptolemy/actor/lib/test/auto/expression_bug.xml (RunModel)" time="0.007" />
  <testcase classname="ptolemy.util.test.junit.AutoTests" name="[439] /home/travis/build/icyphy/ptII/ptolemy/actor/lib/test/auto/factorial.xml (RunModel)" time="0.056" />
  <testcase classname="ptolemy.util.test.junit.AutoTests" name="[440] /home/travis/build/icyphy/ptII/ptolemy/actor/lib/test/auto/filterTest1.xml (RunModel)" time="0.013" />
  <testcase classname="ptolemy.util.test.junit.AutoTests" name="[441] /home/travis/build/icyphy/ptII/ptolemy/actor/lib/test/auto/funcApplyInConst.xml (RunModel)" time="0.006" />
  <testcase classname="ptolemy.util.test.junit.AutoTests" name="[442] /home/travis/build/icyphy/ptII/ptolemy/actor/lib/test/auto/funcApplyInExpr.xml (RunModel)" time="0.006" />
  <testcase classname="ptolemy.util.test.junit.AutoTests" name="[443] /home/travis/build/icyphy/ptII/ptolemy/actor/lib/test/auto/function.xml (RunModel)" time="0.011" />
  <testcase classname="ptolemy.util.test.junit.AutoTests" name="[444] /home/travis/build/icyphy/ptII/ptolemy/actor/lib/test/auto/function2.xml (RunModel)" time="0.008" />
  <testcase classname="ptolemy.util.test.junit.AutoTests" name="[445] /home/travis/build/icyphy/ptII/ptolemy/actor/lib/test/auto/function3.xml (RunModel)" time="0.006" />
  <testcase classname="ptolemy.util.test.junit.AutoTests" name="[446] /home/travis/build/icyphy/ptII/ptolemy/actor/lib/test/auto/functionClosureTest1.xml (RunModel)" time="0.016" />
  <testcase classname="ptolemy.util.test.junit.AutoTests" name="[447] /home/travis/build/icyphy/ptII/ptolemy/actor/lib/test/auto/functionClosureTest2.xml (RunModel)" time="0.008" />
  <testcase classname="ptolemy.util.test.junit.AutoTests" name="[448] /home/travis/build/icyphy/ptII/ptolemy/actor/lib/test/auto/functionClosureTest3.xml (RunModel)" time="0.01" />
  <testcase classname="ptolemy.util.test.junit.AutoTests" name="[449] /home/travis/build/icyphy/ptII/ptolemy/actor/lib/test/auto/functionClosureTest4.xml (RunModel)" time="0.073" />
  <testcase classname="ptolemy.util.test.junit.AutoTests" name="[450] /home/travis/build/icyphy/ptII/ptolemy/actor/lib/test/auto/functionClosureTest5.xml (RunModel)" time="0.047" />
  <testcase classname="ptolemy.util.test.junit.AutoTests" name="[451] /home/travis/build/icyphy/ptII/ptolemy/actor/lib/test/auto/functionClosureTest6.xml (RunModel)" time="0.041" />
  <testcase classname="ptolemy.util.test.junit.AutoTests" name="[452] /home/travis/build/icyphy/ptII/ptolemy/actor/lib/test/auto/functionsOnArcs.xml (RunModel)" time="0.059" />
  <testcase classname="ptolemy.util.test.junit.AutoTests" name="[453] /home/travis/build/icyphy/ptII/ptolemy/actor/lib/test/auto/functionsOnArcsHOF.xml (RunModel)" time="0.038" />
  <testcase classname="ptolemy.util.test.junit.AutoTests" name="[454] /home/travis/build/icyphy/ptII/ptolemy/actor/lib/test/auto/logic.xml (RunModel)" time="0.044" />
  <testcase classname="ptolemy.util.test.junit.AutoTests" name="[455] /home/travis/build/icyphy/ptII/ptolemy/actor/lib/test/auto/matrixType.xml (RunModel)" time="0.009" />
  <testcase classname="ptolemy.util.test.junit.AutoTests" name="[456] /home/travis/build/icyphy/ptII/ptolemy/actor/lib/test/auto/matrixType10.xml (RunModel)" time="0.008" />
  <testcase classname="ptolemy.util.test.junit.AutoTests" name="[457] /home/travis/build/icyphy/ptII/ptolemy/actor/lib/test/auto/matrixType11.xml (RunModel)" time="0.008" />
  <testcase classname="ptolemy.util.test.junit.AutoTests" name="[458] /home/travis/build/icyphy/ptII/ptolemy/actor/lib/test/auto/matrixType12.xml (RunModel)" time="0.011" />
  <testcase classname="ptolemy.util.test.junit.AutoTests" name="[459] /home/travis/build/icyphy/ptII/ptolemy/actor/lib/test/auto/matrixType13.xml (RunModel)" time="0.008" />
  <testcase classname="ptolemy.util.test.junit.AutoTests" name="[460] /home/travis/build/icyphy/ptII/ptolemy/actor/lib/test/auto/matrixType14.xml (RunModel)" time="0.009" />
  <testcase classname="ptolemy.util.test.junit.AutoTests" name="[461] /home/travis/build/icyphy/ptII/ptolemy/actor/lib/test/auto/matrixType2.xml (RunModel)" time="0.008" />
  <testcase classname="ptolemy.util.test.junit.AutoTests" name="[462] /home/travis/build/icyphy/ptII/ptolemy/actor/lib/test/auto/matrixType3.xml (RunModel)" time="0.011" />
  <testcase classname="ptolemy.util.test.junit.AutoTests" name="[463] /home/travis/build/icyphy/ptII/ptolemy/actor/lib/test/auto/matrixType4.xml (RunModel)" time="0.008" />
  <testcase classname="ptolemy.util.test.junit.AutoTests" name="[464] /home/travis/build/icyphy/ptII/ptolemy/actor/lib/test/auto/matrixType5.xml (RunModel)" time="0.009" />
  <testcase classname="ptolemy.util.test.junit.AutoTests" name="[465] /home/travis/build/icyphy/ptII/ptolemy/actor/lib/test/auto/matrixType6.xml (RunModel)" time="0.008" />
  <testcase classname="ptolemy.util.test.junit.AutoTests" name="[466] /home/travis/build/icyphy/ptII/ptolemy/actor/lib/test/auto/matrixType7.xml (RunModel)" time="0.008" />
  <testcase classname="ptolemy.util.test.junit.AutoTests" name="[467] /home/travis/build/icyphy/ptII/ptolemy/actor/lib/test/auto/matrixType8.xml (RunModel)" time="0.008" />
  <testcase classname="ptolemy.util.test.junit.AutoTests" name="[468] /home/travis/build/icyphy/ptII/ptolemy/actor/lib/test/auto/matrixType9.xml (RunModel)" time="0.01" />
  <testcase classname="ptolemy.util.test.junit.AutoTests" name="[469] /home/travis/build/icyphy/ptII/ptolemy/actor/lib/test/auto/paraFunctest.xml (RunModel)" time="0.007" />
  <testcase classname="ptolemy.util.test.junit.AutoTests" name="[470] /home/travis/build/icyphy/ptII/ptolemy/actor/lib/test/auto/paraFunctest2.xml (RunModel)" time="0.012" />
  <testcase classname="ptolemy.util.test.junit.AutoTests" name="[471] /home/travis/build/icyphy/ptII/ptolemy/actor/lib/test/auto/parameterPassing.xml (RunModel)" time="0.008" />
  <testcase classname="ptolemy.util.test.junit.AutoTests" name="[472] /home/travis/build/icyphy/ptII/ptolemy/actor/lib/test/auto/record.xml (RunModel)" time="0.009" />
  <testcase classname="ptolemy.util.test.junit.AutoTests" name="[473] /home/travis/build/icyphy/ptII/ptolemy/actor/lib/test/auto/sizedarray1.xml (RunModel)" time="0.01" />
  <testcase classname="ptolemy.util.test.junit.AutoTests" name="[474] /home/travis/build/icyphy/ptII/ptolemy/actor/lib/test/auto/sizedarray2.xml (RunModel)" time="0.01" />
  <testcase classname="ptolemy.util.test.junit.AutoTests" name="[475] /home/travis/build/icyphy/ptII/ptolemy/actor/lib/test/auto/twoPublishers.xml (RunModel)" time="0.027" />
  <system-out><![CDATA[/home/travis/build/icyphy/ptII/ptolemy/actor/lib/test/AbsoluteValue.tcl
testDefs.tcl: setting time out to 9000 seconds at Tue Jul 09 20:00:06 UTC 2019
92 ms. Memory: 120832K Free: 100211K (83%)
5 ms. Memory: 120832K Free: 98304K (81%)
5 ms. Memory: 120832K Free: 97565K (81%)
5 ms. Memory: 120832K Free: 96813K (80%)
/home/travis/build/icyphy/ptII/ptolemy/actor/lib/test/AddSubtract.tcl
30 ms. Memory: 120832K Free: 107493K (89%)
10 ms. Memory: 120832K Free: 106908K (88%)
13 ms. Memory: 120832K Free: 106044K (88%)
15 ms. Memory: 120832K Free: 105006K (87%)
78 ms. Memory: 120832K Free: 102387K (85%)
14 ms. Memory: 120832K Free: 101333K (84%)
/home/travis/build/icyphy/ptII/ptolemy/actor/lib/test/Average.tcl
7 ms. Memory: 120832K Free: 99886K (83%)
6 ms. Memory: 120832K Free: 98716K (82%)
/home/travis/build/icyphy/ptII/ptolemy/actor/lib/test/Bernoulli.tcl
12 ms. Memory: 120832K Free: 96828K (80%)
5 ms. Memory: 120832K Free: 96828K (80%)
/home/travis/build/icyphy/ptII/ptolemy/actor/lib/test/Clock.tcl
preinitializing
resolving types
initializing
executing number 1
wrapping up
idle
44 ms. Memory: 120832K Free: 93771K (78%)
Completed execution with 5 iterations
preinitializing
resolving types
initializing
executing number 1
wrapping up
idle
13 ms. Memory: 120832K Free: 93133K (77%)
Completed execution with 5 iterations
preinitializing
resolving types
initializing
executing number 1
wrapping up
idle
4 ms. Memory: 120832K Free: 92694K (77%)
Completed execution with 5 iterations
/home/travis/build/icyphy/ptII/ptolemy/actor/lib/test/Commutator.tcl
6 ms. Memory: 120832K Free: 90678K (75%)
6 ms. Memory: 120832K Free: 89622K (74%)


==== $PTII/ptolemy/actor/lib/test/Commutator.tcl: Commutator-4.1 run with mutations
==== Contents of test case:

    # Grab stdout and put it into results
    jdkCapture {
	$m addChangeListener  [java::new ptolemy.kernel.util.StreamChangeListener]

	set dir [$e0 getDirector]
	#	$dir addDebugListener  #		[java::new ptolemy.kernel.util.StreamListener]
	$m initialize
	$m iterate
	set c1 [java::new ptolemy.moml.MoMLChangeRequest $e0 $e0  {<deleteEntity name="ramp1"/>}]
	set c2 [java::new ptolemy.moml.MoMLChangeRequest $e0 $e0  {<deleteRelation name="r1"/>}]
	$e0 requestChange $c1
	$e0 requestChange $c2
	$m iterate
	$m wrapup
    } results
    # The MoML within <group> ...</group> comes 
    # from SDFScheduler._setBufferSize
    list $results  [enumToTokenValues [$rec getRecord 0]]

==== Result was:
{} {0 0 1}
---- Result should have been:
{StreamChangeRequest.changeExecuted(): <deleteEntity name="ramp1"/> succeeded
StreamChangeRequest.changeExecuted(): <deleteRelation name="r1"/> succeeded
StreamChangeRequest.changeExecuted(): Record firings per iteration succeeded
} {0 0 1}
---- Commutator-4.1 FAILED
20 ms. Memory: 173056K Free: 156348K (90%)
/home/travis/build/icyphy/ptII/ptolemy/actor/lib/test/Const.tcl
7 ms. Memory: 173056K Free: 154804K (89%)
2 ms. Memory: 173056K Free: 154300K (89%)
7 ms. Memory: 173056K Free: 153786K (89%)
8 ms. Memory: 173056K Free: 153276K (89%)
4 ms. Memory: 173056K Free: 152252K (88%)
24 ms. Memory: 173056K Free: 150714K (87%)
14 ms. Memory: 173056K Free: 149684K (86%)
12 ms. Memory: 173056K Free: 148652K (86%)
/home/travis/build/icyphy/ptII/ptolemy/actor/lib/test/CurrentTime.tcl
preinitializing
resolving types
initializing
executing number 1
wrapping up
idle
18 ms. Memory: 173056K Free: 147132K (85%)
Completed execution with 11 iterations
/home/travis/build/icyphy/ptII/ptolemy/actor/lib/test/DB.tcl
8 ms. Memory: 173056K Free: 145084K (84%)
3 ms. Memory: 173056K Free: 144570K (84%)
4 ms. Memory: 173056K Free: 144060K (83%)
/home/travis/build/icyphy/ptII/ptolemy/actor/lib/test/DiscreteRandomSource.tcl
preinitializing
resolving types
initializing
executing number 1
wrapping up
idle
5 ms. Memory: 173056K Free: 143036K (83%)
Completed execution with 4 iterations
preinitializing
resolving types
initializing
executing number 1
wrapping up
idle
2 ms. Memory: 173056K Free: 142522K (82%)
Completed execution with 4 iterations
preinitializing
resolving types
initializing
executing number 1
wrapping up
idle
2 ms. Memory: 173056K Free: 142012K (82%)
Completed execution with 4 iterations
preinitializing
resolving types
initializing
executing number 1
wrapping up
idle
3 ms. Memory: 173056K Free: 141484K (82%)
Completed execution with 4 iterations
preinitializing
resolving types
initializing
executing number 1
wrapping up
idle
4 ms. Memory: 173056K Free: 140988K (81%)
Completed execution with 4 iterations
/home/travis/build/icyphy/ptII/ptolemy/actor/lib/test/Distributor.tcl
5 ms. Memory: 173056K Free: 139444K (81%)
4 ms. Memory: 173056K Free: 138426K (80%)
StreamChangeRequest.changeExecuted(): <deleteEntity name="rec2"/> succeeded
StreamChangeRequest.changeExecuted(): <deleteRelation name="r2"/> succeeded
StreamChangeRequest.changeExecuted(): Record firings per iteration succeeded
12 ms. Memory: 173056K Free: 136378K (79%)
/home/travis/build/icyphy/ptII/ptolemy/actor/lib/test/Exit.tcl
Exit.tcl: this will print a message about Manager.exitAfterWrapup, which can be ignored.
8 ms. Memory: 173056K Free: 133081K (77%)
/home/travis/build/icyphy/ptII/ptolemy/actor/lib/test/Expression.tcl
19 ms. Memory: 173056K Free: 129196K (75%)
9 ms. Memory: 173056K Free: 128700K (74%)
3 ms. Memory: 173056K Free: 128186K (74%)
preinitializing
resolving types
initializing
executing number 1
wrapping up
idle
5 ms. Memory: 173056K Free: 126652K (73%)
Completed execution with 6 iterations
14 ms. Memory: 173056K Free: 125628K (73%)
5 ms. Memory: 173056K Free: 125108K (72%)
10 ms. Memory: 173056K Free: 123580K (71%)
14 ms. Memory: 173056K Free: 158281K (91%)
4 ms. Memory: 173056K Free: 156743K (91%)
/home/travis/build/icyphy/ptII/ptolemy/actor/lib/test/Gaussian.tcl
4 ms. Memory: 173056K Free: 155209K (90%)
sleeping 1 seconds: ......................................................................................................................................................................................................................................................................................................................................................................................................................................................................................................................................................................................................................................................................................................................................................................................................................................................................................................................................................................................................................................................................................................................................................................................................................................................................................................................................................................................................................................................................................................................................................................................................................................................................................................................................................................................................................................................................................................................................................................................................................................................................................................................................................................................................................................................................................................................................................................................................................................................................................................................................................................................................................................................................................................................................................................................................................................................................................................................................................................................................................................................................................................................................................................................................................................................................................................................................................................................................................................................................................................................................................................................................................................................................................................................................................................................................................................................................................................................................................................................................................................................................................................................................................................................................................................................................................................................................................................................................................................................................................................................................................................................................................................................................................................................................................................................................................................................................................................................................................................................................................................................................................................................................................................................................................................................................................................................................................................................................................................................................................................................................................................................................................................................................................................................................................................................................................................................................................................................................................................................................................................................................................................................................................................................................................................................................................................................................................................................................................................................................................................................................................................................................................................................................................................................................................................................................................................................................................................................................................................................................................................................................................................................................................................................................................................................................................................................................................................................................................................................................................................................................................................................................................................................................................................................................................................................................................................................................................................................................................................................................................................................................................................................................................................................................................................................................................................................................................................................................................................................................................................................................................................................................................................................................................................................................................................................................................................................................................................................................................................................................................................................................................................................................................................................................................................................................................................................................................................................................................................................................................................................................................................................................................................................................................................................................................................................................................................................................................................................................................................................................................................................................................................................................................................................................................................................................................................................................................................................................................................................................................................................................................................................................................................................................................................................................................................................................................................................................................................................................................................................................................................................................................................................................................................................................................................................................................................................................................................................................................................................................................................................................................................................................................................................................................................................................................................................................................................................................................................................................................................................................................................................................................................................................................................................................................................................................................................................................................................................................................................................................................................................................................................................................................................................................................................................................................................................................................................................................................................................................................................................................................................................................................................................................................................................................................................................................................................................................................................................................................................................................................................................................................................................................................................................................................................................................................................................................................................................................................................................................................................................................................................................................................................................................................................................................................................................................................................................................................................................................................................................................................................................................................................................................................................................................................................................................................................................................................................................................................................................................................................................................................................................................................................................................................................................................................................................................................................................................................................................................................................................................................................................................................................................................................................................................................................................................................................................................................................................................................................................................................................................................................................................................................................................................................................................................................................................................................................................................................................................................................................................................................................................................................................................................................................................................................................................................................................................................................................................................................................................................................................................................................................................................................................................................................................................................................................................................................................................................................................................................................................................................................................................................................................................................................................................................................................................................................................................................................................................................................................................................................................................................................................................................................................................................................................................................................................................................................................................................................................................................................................................................................................................................................................................................................................................................................................................................................................................................................................................................................................................................................................................................................................................................................................................................................................................................................................................................................................................................................................................................................................................................................................................................................................................................................................................................................................................................................................................................................................................................................................................................................................................................................................................................................................................................................................................................................................................................................................................................................................................................................................................................................................................................................................................................................................................................................................................................................................................................................................................................................................................................................................................................................................................................................................................................................................................................................................................................................................................................................................................................................................................................................................................................................................................................................................................................................................................................................................................................................................................................................................................................................................................................................................................................................................................................................................................................................................................................................................................................................................................................................................................................................................................................................................................................................................................................................................................................................................................................................................................................................................................................................................................................................................................................................................................................................................................................................................................................................................................................................................................................................................................................................................................................................................................................................................................................................................................................................................................................................................................................................................................................................................................................................................................................................................................................................................................................................................................................................................................................................................................................................................................................................................................................................................................................................................................................................................................................................................................................................................................................................................................................................................................................................................................................................................................................................................................................................................................................................................................................................................................................................................................................................................................................................................................................................................................4 ms. Memory: 173056K Free: 134521K (78%)
4 ms. Memory: 173056K Free: 133993K (77%)
2 ms. Memory: 173056K Free: 132969K (77%)
4 ms. Memory: 173056K Free: 132471K (77%)
2 ms. Memory: 173056K Free: 131943K (76%)
/home/travis/build/icyphy/ptII/ptolemy/actor/lib/test/IIR.tcl
/home/travis/build/icyphy/ptII/ptolemy/actor/lib/test/Interpolator.tcl
3 ms. Memory: 173056K Free: 128377K (74%)
2 ms. Memory: 173056K Free: 127862K (74%)
1 ms. Memory: 173056K Free: 126825K (73%)
2 ms. Memory: 173056K Free: 126329K (73%)
2 ms. Memory: 173056K Free: 125815K (73%)
1 ms. Memory: 173056K Free: 124785K (72%)
2 ms. Memory: 173056K Free: 123753K (72%)
2 ms. Memory: 173056K Free: 122737K (71%)
2 ms. Memory: 173056K Free: 122233K (71%)
4 ms. Memory: 173056K Free: 121209K (70%)
/home/travis/build/icyphy/ptII/ptolemy/actor/lib/test/MathFunction.tcl
4 ms. Memory: 173056K Free: 119161K (69%)
2 ms. Memory: 173056K Free: 118137K (68%)
2 ms. Memory: 173056K Free: 117113K (68%)
2 ms. Memory: 173056K Free: 116089K (67%)
8 ms. Memory: 173056K Free: 115065K (66%)
9 ms. Memory: 173056K Free: 113017K (65%)
/home/travis/build/icyphy/ptII/ptolemy/actor/lib/test/Maximum.tcl
5 ms. Memory: 173056K Free: 110969K (64%)
6 ms. Memory: 173056K Free: 110441K (64%)
2 ms. Memory: 173056K Free: 109943K (64%)
3 ms. Memory: 173056K Free: 108921K (63%)
/home/travis/build/icyphy/ptII/ptolemy/actor/lib/test/Minimum.tcl
7 ms. Memory: 173056K Free: 107369K (62%)
3 ms. Memory: 173056K Free: 106873K (62%)
2 ms. Memory: 173056K Free: 105849K (61%)
3 ms. Memory: 173056K Free: 105321K (61%)
/home/travis/build/icyphy/ptII/ptolemy/actor/lib/test/MultiplyDivide.tcl
10 ms. Memory: 173056K Free: 103287K (60%)
9 ms. Memory: 173056K Free: 102777K (59%)
2 ms. Memory: 173056K Free: 101753K (59%)
6 ms. Memory: 173056K Free: 101225K (58%)
4 ms. Memory: 173056K Free: 100729K (58%)
/home/travis/build/icyphy/ptII/ptolemy/actor/lib/test/OrderedMerge.tcl
Connections changed on port: inputA
Connections changed on port: inputB
Connections changed on port: output
Connections changed on port: output
Connections changed on port: output
Connections changed on port: input
.top. Preinitializing ...
Invoking preinitialize():  .top.OrderedMerge
Called preinitialize()
Invoking preinitialize():  .top.Ramp
Called preinitialize()
Invoking preinitialize():  .top.Ramp2
Called preinitialize()
Invoking preinitialize():  .top.Test
Called preinitialize()
Connections changed on port: inputA
Connections changed on port: output
Connections changed on port: output
Connections changed on port: input
Connections changed on port: inputB
Connections changed on port: output
.top. Finished preinitialize().
Called initialize().
Invoking initialize():  .top.OrderedMerge
Initializing actor: .top.OrderedMerge
Adding a thread: .top.OrderedMerge
Invoking initialize():  .top.Ramp
Initializing actor: .top.Ramp
Adding a thread: .top.Ramp
Invoking initialize():  .top.Ramp2
Initializing actor: .top.Ramp2
Adding a thread: .top.Ramp2
Invoking initialize():  .top.Test
Initializing actor: .top.Test
Adding a thread: .top.Test
Called fire().
Checking for deadlock:
-- Starting thread.
Called initialize()
Called prefire()
Called fire()
-- Starting thread.
Called initialize()
Called prefire()
Called fire()
-- Starting thread.
Called initialize()
Called prefire()
Called fire()
-- Starting thread.
Called initialize()
Called prefire()
Called fire()
There are 0 Blocked actors, 0 Stopped actors, and 4 active threads.
Waiting for actors to stop.
Called postfire()
Called prefire()
Called fire()
Called postfire()
Called prefire()
Called fire()
Read input token from inputA with value 0.0
Next port to read input from is inputB
Called postfire()
Called prefire()
Called fire()
Read input token from inputB with value 0.0
Sent output token with value 0.0
Next port to read input from is inputA
Called postfire()
Called prefire()
Called fire()
Checking for deadlock:
There are 1 Blocked actors, 0 Stopped actors, and 4 active threads.
Waiting for actors to stop.
Called postfire()
Called prefire()
Called fire()
Called postfire()
Called prefire()
Called fire()
-- Read input: 0.0, which is expected to match: 0.0
Called prefire()
Called fire()
Checking for deadlock:
There are 3 Blocked actors, 0 Stopped actors, and 4 active threads.
Waiting for actors to stop.
Called postfire()
Called prefire()
Called fire()
Read input token from inputA with value 1.0
Sent output token with value 0.0
Next port to read input from is inputB
Called postfire()
Called prefire()
Called fire()
Read input token from inputB with value 1.5
Checking for deadlock:
There are 2 Blocked actors, 0 Stopped actors, and 4 active threads.
Waiting for actors to stop.
Called postfire()
Called prefire()
Called fire()
-- Read input: 0.0, which is expected to match: 0.0
Called prefire()
Called fire()
Checking for deadlock:
There are 3 Blocked actors, 0 Stopped actors, and 4 active threads.
Waiting for actors to stop.
-- Read input: 1.0, which is expected to match: 1.0
Called prefire()
Called fire()
Sent output token with value 1.0
Next port to read input from is inputA
Called postfire()
Called prefire()
Called fire()
Read input token from inputA with value 2.0
Sent output token with value 1.5
Next port to read input from is inputB
Called postfire()
Called prefire()
Called fire()
Read input token from inputB with value 3.0
Checking for deadlock:
There are 1 Blocked actors, 0 Stopped actors, and 4 active threads.
Waiting for actors to stop.
Called postfire()
Called prefire()
Called fire()
Called postfire()
Called prefire()
Called fire()
-- Read input: 1.5, which is expected to match: 1.5
Called prefire()
Called fire()
Checking for deadlock:
There are 3 Blocked actors, 0 Stopped actors, and 4 active threads.
Waiting for actors to stop.
-- Read input: 2.0, which is expected to match: 2.0
Called prefire()
Called fire()
Checking for deadlock:
There are 3 Blocked actors, 0 Stopped actors, and 4 active threads.
Waiting for actors to stop.
Sent output token with value 2.0
Next port to read input from is inputA
Called postfire()
Called prefire()
Called fire()
Called postfire()
Called prefire()
Called fire()
Checking for deadlock:
There are 3 Blocked actors, 0 Stopped actors, and 4 active threads.
Waiting for actors to stop.
Read input token from inputA with value 3.0
-- Read input: 3.0, which is expected to match: 3.0
Called prefire()
Called fire()
Checking for deadlock:
There are 3 Blocked actors, 0 Stopped actors, and 4 active threads.
Waiting for actors to stop.
Sent output token with value 3.0
Next port to read input from is inputB
Called postfire()
Called prefire()
Called fire()
Checking for deadlock:
There are 2 Blocked actors, 0 Stopped actors, and 4 active threads.
Waiting for actors to stop.
Called postfire()
Called prefire()
Called fire()
Checking for deadlock:
There are 3 Blocked actors, 0 Stopped actors, and 4 active threads.
Waiting for actors to stop.
Read input token from inputB with value 4.5
Checking for deadlock:
There are 2 Blocked actors, 0 Stopped actors, and 4 active threads.
Waiting for actors to stop.
-- Read input: 3.0, which is expected to match: 3.0
Called prefire()
Called fire()
Checking for deadlock:
There are 3 Blocked actors, 0 Stopped actors, and 4 active threads.
Waiting for actors to stop.
Sent output token with value 3.0
Next port to read input from is inputA
Called postfire()
Called prefire()
Called fire()
Called postfire()
Called prefire()
Called fire()
Checking for deadlock:
There are 3 Blocked actors, 0 Stopped actors, and 4 active threads.
Waiting for actors to stop.
Read input token from inputA with value 4.0
-- Read input: 4.0, which is expected to match: 4.0
Called prefire()
Called fire()
Past the end of training data. Read and discard all inputs.
Checking for deadlock:
There are 3 Blocked actors, 0 Stopped actors, and 4 active threads.
Waiting for actors to stop.
Sent output token with value 4.0
Next port to read input from is inputA
Called postfire()
Called prefire()
Called fire()
Called postfire()
Called prefire()
Called fire()
Checking for deadlock:
There are 3 Blocked actors, 0 Stopped actors, and 4 active threads.
Waiting for actors to stop.
Read input token from inputA with value 5.0
Called prefire()
Called fire()
Past the end of training data. Read and discard all inputs.
Checking for deadlock:
There are 3 Blocked actors, 0 Stopped actors, and 4 active threads.
Waiting for actors to stop.
Sent output token with value 4.5
Next port to read input from is inputB
Called postfire()
Called prefire()
Called fire()
Checking for deadlock:
There are 2 Blocked actors, 0 Stopped actors, and 4 active threads.
Waiting for actors to stop.
Called postfire()
Called prefire()
Called fire()
Checking for deadlock:
There are 3 Blocked actors, 0 Stopped actors, and 4 active threads.
Waiting for actors to stop.
Read input token from inputB with value 6.0
Checking for deadlock:
There are 2 Blocked actors, 0 Stopped actors, and 4 active threads.
Waiting for actors to stop.
Called prefire()
Called fire()
Past the end of training data. Read and discard all inputs.
Checking for deadlock:
There are 3 Blocked actors, 0 Stopped actors, and 4 active threads.
Waiting for actors to stop.
Sent output token with value 5.0
Next port to read input from is inputA
Called postfire()
Called prefire()
Called fire()
Called postfire()
Called prefire()
Called fire()
Checking for deadlock:
There are 3 Blocked actors, 0 Stopped actors, and 4 active threads.
Waiting for actors to stop.
Read input token from inputA with value 6.0
Called prefire()
Called fire()
Past the end of training data. Read and discard all inputs.
Checking for deadlock:
There are 3 Blocked actors, 0 Stopped actors, and 4 active threads.
Waiting for actors to stop.
Sent output token with value 6.0
Next port to read input from is inputB
Called postfire()
Called prefire()
Called fire()
Checking for deadlock:
There are 2 Blocked actors, 0 Stopped actors, and 4 active threads.
Waiting for actors to stop.
Called postfire()
Called prefire()
Called fire()
Checking for deadlock:
There are 3 Blocked actors, 0 Stopped actors, and 4 active threads.
Waiting for actors to stop.
Read input token from inputB with value 7.5
Checking for deadlock:
There are 2 Blocked actors, 0 Stopped actors, and 4 active threads.
Waiting for actors to stop.
Called prefire()
Called fire()
Past the end of training data. Read and discard all inputs.
Checking for deadlock:
There are 3 Blocked actors, 0 Stopped actors, and 4 active threads.
Waiting for actors to stop.
Sent output token with value 6.0
Next port to read input from is inputA
Called postfire()
Called prefire()
Called fire()
Called postfire()
Called prefire()
Called fire()
Checking for deadlock:
There are 3 Blocked actors, 0 Stopped actors, and 4 active threads.
Waiting for actors to stop.
Read input token from inputA with value 7.0
Called prefire()
Called fire()
Past the end of training data. Read and discard all inputs.
Checking for deadlock:
There are 3 Blocked actors, 0 Stopped actors, and 4 active threads.
Waiting for actors to stop.
Sent output token with value 7.0
Next port to read input from is inputA
Called postfire()
Called prefire()
Called fire()
-- Thread wrapup() called.
Called wrapup()
Thread .top.Ramp is exiting.
-- Thread stopped.
Checking for deadlock:
There are 2 Blocked actors, 0 Stopped actors, and 3 active threads.
Waiting for actors to stop.
Read input token from inputA with value 8.0
Sent output token with value 7.5
Next port to read input from is inputB
Called postfire()
Called prefire()
Called fire()
Read input token from inputB with value 9.0
Checking for deadlock:
There are 1 Blocked actors, 0 Stopped actors, and 3 active threads.
Waiting for actors to stop.
Called prefire()
Called fire()
Past the end of training data. Read and discard all inputs.
Called postfire()
Called prefire()
Called fire()
Checking for deadlock:
There are 2 Blocked actors, 0 Stopped actors, and 3 active threads.
Waiting for actors to stop.
Called prefire()
Called fire()
Past the end of training data. Read and discard all inputs.
Checking for deadlock:
There are 2 Blocked actors, 0 Stopped actors, and 3 active threads.
Waiting for actors to stop.
Sent output token with value 8.0
Next port to read input from is inputA
Called postfire()
Called prefire()
Called fire()
Read input token from inputA with value 9.0
Called prefire()
Called fire()
Past the end of training data. Read and discard all inputs.
Checking for deadlock:
There are 2 Blocked actors, 0 Stopped actors, and 3 active threads.
Waiting for actors to stop.
Sent output token with value 9.0
Next port to read input from is inputB
Called postfire()
Called prefire()
Called fire()
Checking for deadlock:
There are 1 Blocked actors, 0 Stopped actors, and 3 active threads.
Waiting for actors to stop.
Called postfire()
Called prefire()
Called fire()
Checking for deadlock:
There are 2 Blocked actors, 0 Stopped actors, and 3 active threads.
Waiting for actors to stop.
Read input token from inputB with value 10.5
Checking for deadlock:
There are 1 Blocked actors, 0 Stopped actors, and 3 active threads.
Waiting for actors to stop.
Called prefire()
Called fire()
Past the end of training data. Read and discard all inputs.
Checking for deadlock:
There are 2 Blocked actors, 0 Stopped actors, and 3 active threads.
Waiting for actors to stop.
Sent output token with value 9.0
Next port to read input from is inputA
Called postfire()
Called prefire()
Called fire()
Checking for deadlock:
There are 3 Blocked actors, 0 Stopped actors, and 3 active threads.
Actors have stopped.
Checking for deadlock:
There are 3 Blocked actors, 0 Stopped actors, and 3 active threads.
Deadlock detected.
Resolving Deadlock
Checking for deadlock:
There are 3 Blocked actors, 0 Stopped actors, and 3 active threads.
Artificial Deadlock - increasing queue capacity.
increasing the capacity of receiver ptolemy.actor.TypedIOPort {.top.OrderedMerge.inputB} to 2
-- Thread wrapup() called.
Called wrapup()
Thread .top.Ramp2 is exiting.
-- Thread stopped.
Director: Called postfire().
Called postfire().
_stopRequested = false
_stopFireRequested = false
Returning from postfire(): true
Called fire().
Checking for deadlock:
There are 2 Blocked actors, 0 Stopped actors, and 2 active threads.
Actors have stopped.
Checking for deadlock:
There are 2 Blocked actors, 0 Stopped actors, and 2 active threads.
Deadlock detected.
Resolving Deadlock
Checking for deadlock:
There are 2 Blocked actors, 0 Stopped actors, and 2 active threads.
Deadlock detected: no processes blocked on write, but some are blocked on read.
Called postfire().
_stopRequested = false
_stopFireRequested = false
Returning from postfire(): false
Finished deactivating branches.
Called wrapup().
-- Thread wrapup() called.
Called wrapup()
Thread .top.Test is exiting.
-- Thread stopped.
-- Blocked Receiver call threw TerminateProcessException.
-- Thread wrapup() called.
Called wrapup()
Thread .top.OrderedMerge is exiting.
-- Thread stopped.
-- Blocked Receiver call threw TerminateProcessException.
69 ms. Memory: 173056K Free: 95609K (55%)
.top. Preinitializing ...
Invoking preinitialize():  .top.OrderedMerge
Called preinitialize()
Invoking preinitialize():  .top.Ramp
Called preinitialize()
Invoking preinitialize():  .top.Ramp2
Called preinitialize()
Invoking preinitialize():  .top.Test
Called preinitialize()
.top. Finished preinitialize().
Called initialize().
Invoking initialize():  .top.OrderedMerge
Initializing actor: .top.OrderedMerge
Adding a thread: .top.OrderedMerge
Invoking initialize():  .top.Ramp
Initializing actor: .top.Ramp
Adding a thread: .top.Ramp
Invoking initialize():  .top.Ramp2
Initializing actor: .top.Ramp2
Adding a thread: .top.Ramp2
Invoking initialize():  .top.Test
Initializing actor: .top.Test
Adding a thread: .top.Test
-- Starting thread.
Called initialize()
Called prefire()
Called fire()
-- Starting thread.
Called initialize()
Called prefire()
Called fire()
Called postfire()
Called prefire()
Called fire()
-- Starting thread.
Called initialize()
Called prefire()
Called fire()
Called postfire()
Called prefire()
Called fire()
Called fire().
Checking for deadlock:
There are 3 Blocked actors, 0 Stopped actors, and 4 active threads.
Waiting for actors to stop.
-- Starting thread.
Called initialize()
Called prefire()
Called fire()
Checking for deadlock:
There are 2 Blocked actors, 0 Stopped actors, and 4 active threads.
Waiting for actors to stop.
Called postfire()
Called prefire()
Called fire()
Checking for deadlock:
There are 3 Blocked actors, 0 Stopped actors, and 4 active threads.
Waiting for actors to stop.
Read input token from inputA with value 0.0
Next port to read input from is inputB
Called postfire()
Called prefire()
Called fire()
Called postfire()
Called prefire()
Called fire()
Checking for deadlock:
There are 3 Blocked actors, 0 Stopped actors, and 4 active threads.
Waiting for actors to stop.
Read input token from inputB with value 0.0
Checking for deadlock:
There are 2 Blocked actors, 0 Stopped actors, and 4 active threads.
Waiting for actors to stop.
-- Read input: 0.0, which is expected to match: 0.0
Called prefire()
Called fire()
Checking for deadlock:
There are 3 Blocked actors, 0 Stopped actors, and 4 active threads.
Waiting for actors to stop.
Sent output token with value 0.0
Next port to read input from is inputA
Called postfire()
Called prefire()
Called fire()
Checking for deadlock:
There are 2 Blocked actors, 0 Stopped actors, and 4 active threads.
Waiting for actors to stop.
Called postfire()
Called prefire()
Called fire()
Checking for deadlock:
There are 3 Blocked actors, 0 Stopped actors, and 4 active threads.
Waiting for actors to stop.
Read input token from inputA with value 1.0
Checking for deadlock:
There are 2 Blocked actors, 0 Stopped actors, and 4 active threads.
Waiting for actors to stop.
-- Read input: 0.0, which is expected to match: 0.0
Called prefire()
Called fire()
Checking for deadlock:
There are 3 Blocked actors, 0 Stopped actors, and 4 active threads.
Waiting for actors to stop.
Sent output token with value 0.0
Next port to read input from is inputB
Called postfire()
Called prefire()
Called fire()
Called postfire()
Called prefire()
Called fire()
Checking for deadlock:
There are 3 Blocked actors, 0 Stopped actors, and 4 active threads.
Waiting for actors to stop.
Read input token from inputB with value 1.5
-- Read input: 1.0, which is expected to match: 1.0
Called prefire()
Called fire()
Checking for deadlock:
There are 3 Blocked actors, 0 Stopped actors, and 4 active threads.
Waiting for actors to stop.
Sent output token with value 1.0
Next port to read input from is inputA
Called postfire()
Called prefire()
Called fire()
Checking for deadlock:
There are 2 Blocked actors, 0 Stopped actors, and 4 active threads.
Waiting for actors to stop.
Called postfire()
Called prefire()
Called fire()
Checking for deadlock:
There are 3 Blocked actors, 0 Stopped actors, and 4 active threads.
Waiting for actors to stop.
Read input token from inputA with value 2.0
Checking for deadlock:
There are 2 Blocked actors, 0 Stopped actors, and 4 active threads.
Waiting for actors to stop.
-- Read input: 1.5, which is expected to match: 1.5
Called prefire()
Called fire()
Checking for deadlock:
There are 3 Blocked actors, 0 Stopped actors, and 4 active threads.
Waiting for actors to stop.
Sent output token with value 1.5
Next port to read input from is inputB
Called postfire()
Called prefire()
Called fire()
Checking for deadlock:
There are 2 Blocked actors, 0 Stopped actors, and 4 active threads.
Waiting for actors to stop.
Called postfire()
Called prefire()
Called fire()
Checking for deadlock:
There are 3 Blocked actors, 0 Stopped actors, and 4 active threads.
Waiting for actors to stop.
Read input token from inputB with value 3.0
Checking for deadlock:
There are 2 Blocked actors, 0 Stopped actors, and 4 active threads.
Waiting for actors to stop.
-- Read input: 2.0, which is expected to match: 2.0
Called prefire()
Called fire()
Checking for deadlock:
There are 3 Blocked actors, 0 Stopped actors, and 4 active threads.
Waiting for actors to stop.
Sent output token with value 2.0
Next port to read input from is inputA
Called postfire()
Called prefire()
Called fire()
Checking for deadlock:
There are 2 Blocked actors, 0 Stopped actors, and 4 active threads.
Waiting for actors to stop.
Called postfire()
Called prefire()
Called fire()
Checking for deadlock:
There are 3 Blocked actors, 0 Stopped actors, and 4 active threads.
Waiting for actors to stop.
Read input token from inputA with value 3.0
Checking for deadlock:
There are 2 Blocked actors, 0 Stopped actors, and 4 active threads.
Waiting for actors to stop.
-- Read input: 3.0, which is expected to match: 3.0
Called prefire()
Called fire()
Checking for deadlock:
There are 3 Blocked actors, 0 Stopped actors, and 4 active threads.
Waiting for actors to stop.
Sent output token with value 3.0
Next port to read input from is inputB
Called postfire()
Called prefire()
Called fire()
Called postfire()
Called prefire()
Called fire()
Checking for deadlock:
There are 3 Blocked actors, 0 Stopped actors, and 4 active threads.
Waiting for actors to stop.
Read input token from inputB with value 4.5
-- Read input: 3.0, which is expected to match: 3.0
Called prefire()
Called fire()
Checking for deadlock:
There are 3 Blocked actors, 0 Stopped actors, and 4 active threads.
Waiting for actors to stop.
Sent output token with value 3.0
Next port to read input from is inputA
Called postfire()
Called prefire()
Called fire()
Checking for deadlock:
There are 2 Blocked actors, 0 Stopped actors, and 4 active threads.
Waiting for actors to stop.
Called postfire()
Called prefire()
Called fire()
Checking for deadlock:
There are 3 Blocked actors, 0 Stopped actors, and 4 active threads.
Waiting for actors to stop.
Read input token from inputA with value 4.0
Checking for deadlock:
There are 2 Blocked actors, 0 Stopped actors, and 4 active threads.
Waiting for actors to stop.
-- Read input: 4.0, which is expected to match: 4.0
Called prefire()
Called fire()
Past the end of training data. Read and discard all inputs.
Checking for deadlock:
There are 3 Blocked actors, 0 Stopped actors, and 4 active threads.
Waiting for actors to stop.
Sent output token with value 4.0
Next port to read input from is inputA
Called postfire()
Called prefire()
Called fire()
Checking for deadlock:
There are 2 Blocked actors, 0 Stopped actors, and 4 active threads.
Waiting for actors to stop.
Called postfire()
Called prefire()
Called fire()
Checking for deadlock:
There are 3 Blocked actors, 0 Stopped actors, and 4 active threads.
Waiting for actors to stop.
Read input token from inputA with value 5.0
Checking for deadlock:
There are 2 Blocked actors, 0 Stopped actors, and 4 active threads.
Waiting for actors to stop.
Called prefire()
Called fire()
Past the end of training data. Read and discard all inputs.
Checking for deadlock:
There are 3 Blocked actors, 0 Stopped actors, and 4 active threads.
Waiting for actors to stop.
Sent output token with value 4.5
Next port to read input from is inputB
Called postfire()
Called prefire()
Called fire()
Called postfire()
Called prefire()
Called fire()
Checking for deadlock:
There are 3 Blocked actors, 0 Stopped actors, and 4 active threads.
Waiting for actors to stop.
Read input token from inputB with value 6.0
Called prefire()
Called fire()
Past the end of training data. Read and discard all inputs.
Checking for deadlock:
There are 3 Blocked actors, 0 Stopped actors, and 4 active threads.
Waiting for actors to stop.
Sent output token with value 5.0
Next port to read input from is inputA
Called postfire()
Called prefire()
Called fire()
Called postfire()
Called prefire()
Called fire()
Checking for deadlock:
There are 3 Blocked actors, 0 Stopped actors, and 4 active threads.
Waiting for actors to stop.
Read input token from inputA with value 6.0
Called prefire()
Called fire()
Past the end of training data. Read and discard all inputs.
Checking for deadlock:
There are 3 Blocked actors, 0 Stopped actors, and 4 active threads.
Waiting for actors to stop.
Sent output token with value 6.0
Next port to read input from is inputB
Called postfire()
Called prefire()
Called fire()
Called postfire()
Called prefire()
Called fire()
Checking for deadlock:
There are 3 Blocked actors, 0 Stopped actors, and 4 active threads.
Waiting for actors to stop.
Read input token from inputB with value 7.5
Called prefire()
Called fire()
Past the end of training data. Read and discard all inputs.
Checking for deadlock:
There are 3 Blocked actors, 0 Stopped actors, and 4 active threads.
Waiting for actors to stop.
Sent output token with value 6.0
Next port to read input from is inputA
Called postfire()
Called prefire()
Called fire()
Checking for deadlock:
There are 2 Blocked actors, 0 Stopped actors, and 4 active threads.
Waiting for actors to stop.
Called postfire()
Called prefire()
Called fire()
Checking for deadlock:
There are 3 Blocked actors, 0 Stopped actors, and 4 active threads.
Waiting for actors to stop.
Read input token from inputA with value 7.0
Checking for deadlock:
There are 2 Blocked actors, 0 Stopped actors, and 4 active threads.
Waiting for actors to stop.
Called prefire()
Called fire()
Past the end of training data. Read and discard all inputs.
Checking for deadlock:
There are 3 Blocked actors, 0 Stopped actors, and 4 active threads.
Waiting for actors to stop.
Sent output token with value 7.0
Next port to read input from is inputA
Called postfire()
Called prefire()
Called fire()
Checking for deadlock:
There are 2 Blocked actors, 0 Stopped actors, and 4 active threads.
Waiting for actors to stop.
-- Thread wrapup() called.
Called wrapup()
Thread .top.Ramp is exiting.
-- Thread stopped.
Checking for deadlock:
There are 2 Blocked actors, 0 Stopped actors, and 3 active threads.
Waiting for actors to stop.
Read input token from inputA with value 8.0
Called prefire()
Called fire()
Past the end of training data. Read and discard all inputs.
Checking for deadlock:
There are 2 Blocked actors, 0 Stopped actors, and 3 active threads.
Waiting for actors to stop.
Sent output token with value 7.5
Next port to read input from is inputB
Called postfire()
Called prefire()
Called fire()
Checking for deadlock:
There are 1 Blocked actors, 0 Stopped actors, and 3 active threads.
Waiting for actors to stop.
Called postfire()
Called prefire()
Called fire()
Checking for deadlock:
There are 2 Blocked actors, 0 Stopped actors, and 3 active threads.
Waiting for actors to stop.
Read input token from inputB with value 9.0
Checking for deadlock:
There are 1 Blocked actors, 0 Stopped actors, and 3 active threads.
Waiting for actors to stop.
Called prefire()
Called fire()
Past the end of training data. Read and discard all inputs.
Checking for deadlock:
There are 2 Blocked actors, 0 Stopped actors, and 3 active threads.
Waiting for actors to stop.
Sent output token with value 8.0
Next port to read input from is inputA
Called postfire()
Called prefire()
Called fire()
Read input token from inputA with value 9.0
Called prefire()
Called fire()
Past the end of training data. Read and discard all inputs.
Checking for deadlock:
There are 2 Blocked actors, 0 Stopped actors, and 3 active threads.
Waiting for actors to stop.
Sent output token with value 9.0
Next port to read input from is inputB
Called postfire()
Called prefire()
Called fire()
Called postfire()
Called prefire()
Called fire()
Checking for deadlock:
There are 2 Blocked actors, 0 Stopped actors, and 3 active threads.
Waiting for actors to stop.
Read input token from inputB with value 10.5
Called prefire()
Called fire()
Past the end of training data. Read and discard all inputs.
Checking for deadlock:
There are 2 Blocked actors, 0 Stopped actors, and 3 active threads.
Waiting for actors to stop.
Sent output token with value 9.0
Next port to read input from is inputA
Called postfire()
Called prefire()
Called fire()
Checking for deadlock:
There are 3 Blocked actors, 0 Stopped actors, and 3 active threads.
Actors have stopped.
Checking for deadlock:
There are 3 Blocked actors, 0 Stopped actors, and 3 active threads.
Deadlock detected.
Resolving Deadlock
Checking for deadlock:
There are 3 Blocked actors, 0 Stopped actors, and 3 active threads.
Artificial Deadlock - increasing queue capacity.
increasing the capacity of receiver ptolemy.actor.TypedIOPort {.top.OrderedMerge.inputB} to 2
Director: Called postfire().
Called postfire().
_stopRequested = false
_stopFireRequested = false
Returning from postfire(): true
Called fire().
Checking for deadlock:
There are 2 Blocked actors, 0 Stopped actors, and 3 active threads.
Waiting for actors to stop.
-- Thread wrapup() called.
Called wrapup()
Thread .top.Ramp2 is exiting.
-- Thread stopped.
Checking for deadlock:
There are 2 Blocked actors, 0 Stopped actors, and 2 active threads.
Actors have stopped.
Checking for deadlock:
There are 2 Blocked actors, 0 Stopped actors, and 2 active threads.
Deadlock detected.
Resolving Deadlock
Checking for deadlock:
There are 2 Blocked actors, 0 Stopped actors, and 2 active threads.
Deadlock detected: no processes blocked on write, but some are blocked on read.
Called postfire().
_stopRequested = false
_stopFireRequested = false
Returning from postfire(): false
Finished deactivating branches.
Called wrapup().
-- Thread wrapup() called.
Called wrapup()
-- Thread wrapup() called.
Called wrapup()
Thread .top.Test is exiting.
-- Thread stopped.
-- Blocked Receiver call threw TerminateProcessException.
Thread .top.OrderedMerge is exiting.
-- Thread stopped.
-- Blocked Receiver call threw TerminateProcessException.
33 ms. Memory: 173056K Free: 93047K (54%)
/home/travis/build/icyphy/ptII/ptolemy/actor/lib/test/Publisher.tcl
14 ms. Memory: 173056K Free: 86903K (50%)
6 ms. Memory: 173056K Free: 81273K (47%)
7 ms. Memory: 173056K Free: 77673K (45%)
6 ms. Memory: 173056K Free: 76663K (44%)
7 ms. Memory: 173056K Free: 76153K (44%)
13 ms. Memory: 173056K Free: 75129K (43%)
3 ms. Memory: 173056K Free: 74105K (43%)
3 ms. Memory: 173056K Free: 73561K (43%)
27 ms. Memory: 173056K Free: 63351K (37%)
6 ms. Memory: 173056K Free: 59769K (35%)
3 ms. Memory: 173056K Free: 156648K (91%)
4 ms. Memory: 173056K Free: 154600K (89%)
15 ms. Memory: 173056K Free: 146918K (85%)
5 ms. Memory: 173056K Free: 137702K (80%)
7 ms. Memory: 173056K Free: 126438K (73%)
/home/travis/build/icyphy/ptII/ptolemy/actor/lib/test/Pulse.tcl
4 ms. Memory: 221184K Free: 168477K (76%)
9 ms. Memory: 221184K Free: 167453K (76%)
1 ms. Memory: 221184K Free: 166939K (75%)
2 ms. Memory: 221184K Free: 166429K (75%)
8 ms. Memory: 221184K Free: 165901K (75%)
10 ms. Memory: 221184K Free: 164891K (75%)
3 ms. Memory: 221184K Free: 163861K (74%)
2 ms. Memory: 221184K Free: 163357K (74%)
1 ms. Memory: 221184K Free: 162333K (73%)
/home/travis/build/icyphy/ptII/ptolemy/actor/lib/test/Ramp.tcl
11 ms. Memory: 221184K Free: 160795K (73%)
1 ms. Memory: 221184K Free: 159771K (72%)
1 ms. Memory: 221184K Free: 159261K (72%)
2 ms. Memory: 221184K Free: 158237K (72%)
5 ms. Memory: 221184K Free: 157723K (71%)
9 ms. Memory: 221184K Free: 156699K (71%)
10 ms. Memory: 221184K Free: 155675K (70%)
5 actors
5000 microseconds per iteration to create
11 ms. Memory: 221184K Free: 153117K (69%)
2 ms. Memory: 221184K Free: 152603K (69%)
4 ms. Memory: 221184K Free: 152093K (69%)
2 ms. Memory: 221184K Free: 151069K (68%)
50 actors
45000 microseconds per iteration to create
43 ms. Memory: 221184K Free: 135709K (61%)
12 ms. Memory: 221184K Free: 134685K (61%)
5 ms. Memory: 221184K Free: 133661K (60%)
13 ms. Memory: 221184K Free: 132637K (60%)
500 actors
1509000 microseconds per iteration to create
233 ms. Memory: 221184K Free: 188572K (85%)
39 ms. Memory: 221184K Free: 182938K (83%)
49 ms. Memory: 221184K Free: 177818K (80%)
42 ms. Memory: 221184K Free: 172698K (78%)
/home/travis/build/icyphy/ptII/ptolemy/actor/lib/test/RampContinuous.tcl
10 ms. Memory: 221184K Free: 171668K (78%)
/home/travis/build/icyphy/ptII/ptolemy/actor/lib/test/RecordAssembler.tcl
5 ms. Memory: 221184K Free: 170140K (77%)
5 ms. Memory: 221184K Free: 169116K (76%)
/home/travis/build/icyphy/ptII/ptolemy/actor/lib/test/RecordDisassembler.tcl
8 ms. Memory: 221184K Free: 167068K (76%)
4 ms. Memory: 221184K Free: 166554K (75%)
8 ms. Memory: 221184K Free: 165020K (75%)
/home/travis/build/icyphy/ptII/ptolemy/actor/lib/test/Scale.tcl
3 ms. Memory: 221184K Free: 163452K (74%)
2 ms. Memory: 221184K Free: 162444K (73%)
2 ms. Memory: 221184K Free: 161948K (73%)
2 ms. Memory: 221184K Free: 160924K (73%)
2 ms. Memory: 221184K Free: 160396K (73%)
/home/travis/build/icyphy/ptII/ptolemy/actor/lib/test/SequentialClock.tcl
preinitializing
resolving types
initializing
executing number 1
wrapping up
idle
3 ms. Memory: 221184K Free: 158876K (72%)
Completed execution with 5 iterations
preinitializing
resolving types
initializing
executing number 1
wrapping up
idle
1 ms. Memory: 221184K Free: 158348K (72%)
Completed execution with 5 iterations
preinitializing
resolving types
initializing
executing number 1
wrapping up
idle
1 ms. Memory: 221184K Free: 157852K (71%)
Completed execution with 5 iterations
/home/travis/build/icyphy/ptII/ptolemy/actor/lib/test/SetVariable.tcl
4 ms. Memory: 221184K Free: 155804K (70%)


==== $PTII/ptolemy/actor/lib/test/SetVariable.tcl: SetVariable-3.1 changeFailed
==== Contents of test case:

    #Uses 2.1 above
    jdkCaptureErr {
        # This test was failing if we ran Exit.tcl and then this test.
        # MessageHandler.error() now actually throws the Exception.
	catch {$setVariable changeFailed [java::null]  [java::new Exception {Test exception for SetVariable.changeFailed()}]} errMsg
    } results
    list [string range $results 0 89] "\n" $errMsg

==== Result was:
{java.lang.Exception: Test exception for SetVariable.changeFailed()
	at java.base/jdk.inter} {
} {java.lang.RuntimeException: java.lang.Exception: Test exception for SetVariable.changeFailed()}
---- Result should have been:
{java.lang.Exception: Test exception for SetVariable.changeFailed()
	at sun.reflect.NativeC} {
} {java.lang.RuntimeException: java.lang.Exception: Test exception for SetVariable.changeFailed()}
---- SetVariable-3.1 FAILED
/home/travis/build/icyphy/ptII/ptolemy/actor/lib/test/Sinewave.tcl
/home/travis/build/icyphy/ptII/ptolemy/actor/lib/test/SubscriptionAggregator.tcl
4 ms. Memory: 221184K Free: 144026K (65%)
3 ms. Memory: 221184K Free: 143516K (65%)
1 ms. Memory: 221184K Free: 142996K (65%)
0 ms. Memory: 221184K Free: 142996K (65%)
1 ms. Memory: 221184K Free: 139420K (63%)
20 ms. Memory: 221184K Free: 136858K (62%)
...............................................................1185 ms. Memory: 309248K Free: 253590K (82%)
/home/travis/build/icyphy/ptII/ptolemy/actor/lib/test/Test.tcl
 The next command will produce a warning about training mode,
   which may be ignored.
6 ms. Memory: 309248K Free: 251544K (81%)
3 ms. Memory: 309248K Free: 250520K (81%)
2 ms. Memory: 309248K Free: 249992K (81%)
10 ms. Memory: 309248K Free: 249496K (81%)
2 ms. Memory: 309248K Free: 248952K (81%)
14 ms. Memory: 309248K Free: 247448K (80%)
6 ms. Memory: 309248K Free: 246424K (80%)
 The next command will produce a warning about training mode,
   which may be ignored.
12 ms. Memory: 309248K Free: 243862K (79%)
 The next command will produce a warning about training mode,
   which may be ignored.
3 ms. Memory: 309248K Free: 242838K (79%)
10 ms. Memory: 309248K Free: 242328K (78%)
2 ms. Memory: 309248K Free: 241808K (78%)
2 ms. Memory: 309248K Free: 241304K (78%)
8 ms. Memory: 309248K Free: 240280K (78%)
3 ms. Memory: 309248K Free: 236664K (77%)
/home/travis/build/icyphy/ptII/ptolemy/actor/lib/test/TestExceptionHandler.tcl
 The next command will produce a warning about training mode,
   which may be ignored.
3 ms. Memory: 309248K Free: 235160K (76%)
1 ms. Memory: 309248K Free: 234616K (76%)
0 ms. Memory: 309248K Free: 234136K (76%)
/home/travis/build/icyphy/ptII/ptolemy/actor/lib/test/UnionDisassembler.tcl
23 ms. Memory: 309248K Free: 226968K (73%)
/home/travis/build/icyphy/ptII/ptolemy/actor/lib/test/VariableClock.tcl
preinitializing
resolving types
initializing
executing number 1
wrapping up
idle
10 ms. Memory: 309248K Free: 224920K (73%)
Completed execution with 11 iterations
preinitializing
resolving types
initializing
executing number 1
wrapping up
idle
8 ms. Memory: 309248K Free: 223368K (72%)
Completed execution with 10 iterations
07/09/19 08:00:15
Failed: 2  Total Tests: 234  ((Passed: 232, Newly Passed: 0)  Known Failed: 0) /home/travis/build/icyphy/ptII/ptolemy/actor/lib/test
----------------- testing (KnownFailure) /home/travis/build/icyphy/ptII/ptolemy/actor/lib/test/auto/knownFailedTests/PublisherPortToplevelSubscriber.xml
0 ms. Memory: 309248K Free: 220310K (71%)
Known Failure: java.lang.reflect.InvocationTargetException
----------------- testing (KnownFailure) /home/travis/build/icyphy/ptII/ptolemy/actor/lib/test/auto/knownFailedTests/PublisherSubscriberPortToplevel.xml
1 ms. Memory: 309248K Free: 216214K (70%)
Known Failure: java.lang.reflect.InvocationTargetException
----------------- testing (KnownFailure) /home/travis/build/icyphy/ptII/ptolemy/actor/lib/test/auto/knownFailedTests/PublisherSubscriptionAggregatorPort.xml
0 ms. Memory: 309248K Free: 211608K (68%)
Known Failure: java.lang.reflect.InvocationTargetException
----------------- testing (KnownFailure) /home/travis/build/icyphy/ptII/ptolemy/actor/lib/test/auto/knownFailedTests/sizedarray3.xml
3 ms. Memory: 309248K Free: 207512K (67%)
Known Failure: java.lang.reflect.InvocationTargetException
No auto/linux-amd64/*.xml tests in /home/travis/build/icyphy/ptII/ptolemy/actor/lib/test
AutoTests.java: About to close Vertx.
AutoTests.java: Vertx closed.

===========================================================================================
----------------- testing Tue Jul 09 20:00:15 UTC 2019 /home/travis/build/icyphy/ptII/ptolemy/actor/lib/test/auto/AbsoluteValue.xml
----------------- Instantiating /home/travis/build/icyphy/ptII/ptolemy/actor/lib/test/auto/AbsoluteValue.xml
34 ms. Memory: 309248K Free: 184470K (60%)
----------------- Invoking toplevel() on ptolemy.moml.MoMLSimpleApplication@2ec5c3e6
----------------- Done invoking toplevel() on ptolemy.moml.MoMLSimpleApplication@2ec5c3e6
reloadAllAccessors: .AbsoluteValue

===========================================================================================
----------------- testing Tue Jul 09 20:00:16 UTC 2019 /home/travis/build/icyphy/ptII/ptolemy/actor/lib/test/auto/AbsoluteValue2.xml
----------------- Instantiating /home/travis/build/icyphy/ptII/ptolemy/actor/lib/test/auto/AbsoluteValue2.xml
6 ms. Memory: 309248K Free: 177816K (57%)
----------------- Invoking toplevel() on ptolemy.moml.MoMLSimpleApplication@18a7749
----------------- Done invoking toplevel() on ptolemy.moml.MoMLSimpleApplication@18a7749
reloadAllAccessors: .AbsoluteValue2

===========================================================================================
----------------- testing Tue Jul 09 20:00:16 UTC 2019 /home/travis/build/icyphy/ptII/ptolemy/actor/lib/test/auto/Accumulator.xml
----------------- Instantiating /home/travis/build/icyphy/ptII/ptolemy/actor/lib/test/auto/Accumulator.xml
6 ms. Memory: 309248K Free: 171158K (55%)
----------------- Invoking toplevel() on ptolemy.moml.MoMLSimpleApplication@86b4860
----------------- Done invoking toplevel() on ptolemy.moml.MoMLSimpleApplication@86b4860
reloadAllAccessors: .Accumulator

===========================================================================================
----------------- testing Tue Jul 09 20:00:16 UTC 2019 /home/travis/build/icyphy/ptII/ptolemy/actor/lib/test/auto/Accumulator2.xml
----------------- Instantiating /home/travis/build/icyphy/ptII/ptolemy/actor/lib/test/auto/Accumulator2.xml
3 ms. Memory: 309248K Free: 166038K (54%)
----------------- Invoking toplevel() on ptolemy.moml.MoMLSimpleApplication@24917bc5
----------------- Done invoking toplevel() on ptolemy.moml.MoMLSimpleApplication@24917bc5
reloadAllAccessors: .Accumulator2

===========================================================================================
----------------- testing Tue Jul 09 20:00:16 UTC 2019 /home/travis/build/icyphy/ptII/ptolemy/actor/lib/test/auto/Accumulator3.xml
----------------- Instantiating /home/travis/build/icyphy/ptII/ptolemy/actor/lib/test/auto/Accumulator3.xml
3 ms. Memory: 309248K Free: 161942K (52%)
----------------- Invoking toplevel() on ptolemy.moml.MoMLSimpleApplication@7b32e1e7
----------------- Done invoking toplevel() on ptolemy.moml.MoMLSimpleApplication@7b32e1e7
reloadAllAccessors: .Accumulator3

===========================================================================================
----------------- testing Tue Jul 09 20:00:16 UTC 2019 /home/travis/build/icyphy/ptII/ptolemy/actor/lib/test/auto/ArrayAppend.xml
----------------- Instantiating /home/travis/build/icyphy/ptII/ptolemy/actor/lib/test/auto/ArrayAppend.xml
5 ms. Memory: 309248K Free: 155784K (50%)
----------------- Invoking toplevel() on ptolemy.moml.MoMLSimpleApplication@21453b7e
----------------- Done invoking toplevel() on ptolemy.moml.MoMLSimpleApplication@21453b7e
reloadAllAccessors: .ArrayAppend

===========================================================================================
----------------- testing Tue Jul 09 20:00:16 UTC 2019 /home/travis/build/icyphy/ptII/ptolemy/actor/lib/test/auto/ArrayAppend2.xml
----------------- Instantiating /home/travis/build/icyphy/ptII/ptolemy/actor/lib/test/auto/ArrayAppend2.xml
412 ms. Memory: 309248K Free: 235189K (76%)
----------------- Invoking toplevel() on ptolemy.moml.MoMLSimpleApplication@33b40eef
----------------- Done invoking toplevel() on ptolemy.moml.MoMLSimpleApplication@33b40eef
reloadAllAccessors: .ArrayAppend2

===========================================================================================
----------------- testing Tue Jul 09 20:00:16 UTC 2019 /home/travis/build/icyphy/ptII/ptolemy/actor/lib/test/auto/ArrayAppend3.xml
----------------- Instantiating /home/travis/build/icyphy/ptII/ptolemy/actor/lib/test/auto/ArrayAppend3.xml
4 ms. Memory: 309248K Free: 229555K (74%)
----------------- Invoking toplevel() on ptolemy.moml.MoMLSimpleApplication@5ff49c3f
----------------- Done invoking toplevel() on ptolemy.moml.MoMLSimpleApplication@5ff49c3f
reloadAllAccessors: .ArrayAppend3

===========================================================================================
----------------- testing Tue Jul 09 20:00:16 UTC 2019 /home/travis/build/icyphy/ptII/ptolemy/actor/lib/test/auto/ArrayAppend4.xml
----------------- Instantiating /home/travis/build/icyphy/ptII/ptolemy/actor/lib/test/auto/ArrayAppend4.xml
2 ms. Memory: 309248K Free: 224435K (73%)
----------------- Invoking toplevel() on ptolemy.moml.MoMLSimpleApplication@4a34bbf6
----------------- Done invoking toplevel() on ptolemy.moml.MoMLSimpleApplication@4a34bbf6
reloadAllAccessors: .ArrayAppend4

===========================================================================================
----------------- testing Tue Jul 09 20:00:16 UTC 2019 /home/travis/build/icyphy/ptII/ptolemy/actor/lib/test/auto/ArrayAppend5.xml
----------------- Instantiating /home/travis/build/icyphy/ptII/ptolemy/actor/lib/test/auto/ArrayAppend5.xml
2 ms. Memory: 309248K Free: 218805K (71%)
----------------- Invoking toplevel() on ptolemy.moml.MoMLSimpleApplication@7a41c5cc
----------------- Done invoking toplevel() on ptolemy.moml.MoMLSimpleApplication@7a41c5cc
reloadAllAccessors: .ArrayAppend5

===========================================================================================
----------------- testing Tue Jul 09 20:00:16 UTC 2019 /home/travis/build/icyphy/ptII/ptolemy/actor/lib/test/auto/ArrayAppend6.xml
----------------- Instantiating /home/travis/build/icyphy/ptII/ptolemy/actor/lib/test/auto/ArrayAppend6.xml
4 ms. Memory: 309248K Free: 214195K (69%)
----------------- Invoking toplevel() on ptolemy.moml.MoMLSimpleApplication@3b9e68b1
----------------- Done invoking toplevel() on ptolemy.moml.MoMLSimpleApplication@3b9e68b1
reloadAllAccessors: .ArrayAppend6

===========================================================================================
----------------- testing Tue Jul 09 20:00:16 UTC 2019 /home/travis/build/icyphy/ptII/ptolemy/actor/lib/test/auto/ArrayAppendPerformanceTest.xml
----------------- Instantiating /home/travis/build/icyphy/ptII/ptolemy/actor/lib/test/auto/ArrayAppendPerformanceTest.xml
37 ms. Memory: 309248K Free: 202931K (66%)
----------------- Invoking toplevel() on ptolemy.moml.MoMLSimpleApplication@34486fd
----------------- Done invoking toplevel() on ptolemy.moml.MoMLSimpleApplication@34486fd
reloadAllAccessors: .ArrayAppendPerformanceTest

===========================================================================================
----------------- testing Tue Jul 09 20:00:16 UTC 2019 /home/travis/build/icyphy/ptII/ptolemy/actor/lib/test/auto/ArrayAppendWithEmptyInput.xml
----------------- Instantiating /home/travis/build/icyphy/ptII/ptolemy/actor/lib/test/auto/ArrayAppendWithEmptyInput.xml
17 ms. Memory: 309248K Free: 194739K (63%)
----------------- Invoking toplevel() on ptolemy.moml.MoMLSimpleApplication@3f96b9ab
----------------- Done invoking toplevel() on ptolemy.moml.MoMLSimpleApplication@3f96b9ab
reloadAllAccessors: .ArrayAppendWithEmptyInput

===========================================================================================
----------------- testing Tue Jul 09 20:00:17 UTC 2019 /home/travis/build/icyphy/ptII/ptolemy/actor/lib/test/auto/ArrayAverage.xml
----------------- Instantiating /home/travis/build/icyphy/ptII/ptolemy/actor/lib/test/auto/ArrayAverage.xml
9 ms. Memory: 309248K Free: 187061K (60%)
----------------- Invoking toplevel() on ptolemy.moml.MoMLSimpleApplication@6de6562a
----------------- Done invoking toplevel() on ptolemy.moml.MoMLSimpleApplication@6de6562a
reloadAllAccessors: .ArrayAverage

===========================================================================================
----------------- testing Tue Jul 09 20:00:17 UTC 2019 /home/travis/build/icyphy/ptII/ptolemy/actor/lib/test/auto/ArrayContains.xml
----------------- Instantiating /home/travis/build/icyphy/ptII/ptolemy/actor/lib/test/auto/ArrayContains.xml
12 ms. Memory: 309248K Free: 180917K (59%)
----------------- Invoking toplevel() on ptolemy.moml.MoMLSimpleApplication@3ed4f287
----------------- Done invoking toplevel() on ptolemy.moml.MoMLSimpleApplication@3ed4f287
reloadAllAccessors: .ArrayContains

===========================================================================================
----------------- testing Tue Jul 09 20:00:17 UTC 2019 /home/travis/build/icyphy/ptII/ptolemy/actor/lib/test/auto/ArrayElement.xml
----------------- Instantiating /home/travis/build/icyphy/ptII/ptolemy/actor/lib/test/auto/ArrayElement.xml
9 ms. Memory: 309248K Free: 175283K (57%)
----------------- Invoking toplevel() on ptolemy.moml.MoMLSimpleApplication@653d8226
----------------- Done invoking toplevel() on ptolemy.moml.MoMLSimpleApplication@653d8226
reloadAllAccessors: .ArrayElement

===========================================================================================
----------------- testing Tue Jul 09 20:00:17 UTC 2019 /home/travis/build/icyphy/ptII/ptolemy/actor/lib/test/auto/ArrayElementAsMatrix.xml
----------------- Instantiating /home/travis/build/icyphy/ptII/ptolemy/actor/lib/test/auto/ArrayElementAsMatrix.xml
13 ms. Memory: 309248K Free: 165043K (53%)
----------------- Invoking toplevel() on ptolemy.moml.MoMLSimpleApplication@5a06aa44
----------------- Done invoking toplevel() on ptolemy.moml.MoMLSimpleApplication@5a06aa44
reloadAllAccessors: .ArrayElementAsMatrix

===========================================================================================
----------------- testing Tue Jul 09 20:00:17 UTC 2019 /home/travis/build/icyphy/ptII/ptolemy/actor/lib/test/auto/ArrayElementI.xml
----------------- Instantiating /home/travis/build/icyphy/ptII/ptolemy/actor/lib/test/auto/ArrayElementI.xml
4 ms. Memory: 309248K Free: 159923K (52%)
----------------- Invoking toplevel() on ptolemy.moml.MoMLSimpleApplication@3726489b
----------------- Done invoking toplevel() on ptolemy.moml.MoMLSimpleApplication@3726489b
reloadAllAccessors: .ArrayElementI

===========================================================================================
----------------- testing Tue Jul 09 20:00:17 UTC 2019 /home/travis/build/icyphy/ptII/ptolemy/actor/lib/test/auto/ArrayExtract.xml
----------------- Instantiating /home/travis/build/icyphy/ptII/ptolemy/actor/lib/test/auto/ArrayExtract.xml
9 ms. Memory: 309248K Free: 151221K (49%)
----------------- Invoking toplevel() on ptolemy.moml.MoMLSimpleApplication@66871d48
----------------- Done invoking toplevel() on ptolemy.moml.MoMLSimpleApplication@66871d48
reloadAllAccessors: .ArrayExtract

===========================================================================================
----------------- testing Tue Jul 09 20:00:17 UTC 2019 /home/travis/build/icyphy/ptII/ptolemy/actor/lib/test/auto/ArrayExtract2.xml
----------------- Instantiating /home/travis/build/icyphy/ptII/ptolemy/actor/lib/test/auto/ArrayExtract2.xml
2 ms. Memory: 309248K Free: 146101K (47%)
----------------- Invoking toplevel() on ptolemy.moml.MoMLSimpleApplication@d7652b5
----------------- Done invoking toplevel() on ptolemy.moml.MoMLSimpleApplication@d7652b5
reloadAllAccessors: .ArrayExtract2

===========================================================================================
----------------- testing Tue Jul 09 20:00:17 UTC 2019 /home/travis/build/icyphy/ptII/ptolemy/actor/lib/test/auto/ArrayLength.xml
----------------- Instantiating /home/travis/build/icyphy/ptII/ptolemy/actor/lib/test/auto/ArrayLength.xml
2 ms. Memory: 309248K Free: 142005K (46%)
----------------- Invoking toplevel() on ptolemy.moml.MoMLSimpleApplication@10ecff96
----------------- Done invoking toplevel() on ptolemy.moml.MoMLSimpleApplication@10ecff96
reloadAllAccessors: .ArrayLength

===========================================================================================
----------------- testing Tue Jul 09 20:00:17 UTC 2019 /home/travis/build/icyphy/ptII/ptolemy/actor/lib/test/auto/ArrayLevelCrossing.xml
----------------- Instantiating /home/travis/build/icyphy/ptII/ptolemy/actor/lib/test/auto/ArrayLevelCrossing.xml
5 ms. Memory: 309248K Free: 134323K (43%)
----------------- Invoking toplevel() on ptolemy.moml.MoMLSimpleApplication@786626d3
----------------- Done invoking toplevel() on ptolemy.moml.MoMLSimpleApplication@786626d3
reloadAllAccessors: .ArrayLevelCrossing

===========================================================================================
----------------- testing Tue Jul 09 20:00:17 UTC 2019 /home/travis/build/icyphy/ptII/ptolemy/actor/lib/test/auto/ArrayLevelCrossing2.xml
----------------- Instantiating /home/travis/build/icyphy/ptII/ptolemy/actor/lib/test/auto/ArrayLevelCrossing2.xml
3 ms. Memory: 309248K Free: 127669K (41%)
----------------- Invoking toplevel() on ptolemy.moml.MoMLSimpleApplication@5e7a1574
----------------- Done invoking toplevel() on ptolemy.moml.MoMLSimpleApplication@5e7a1574
reloadAllAccessors: .ArrayLevelCrossing2

===========================================================================================
----------------- testing Tue Jul 09 20:00:17 UTC 2019 /home/travis/build/icyphy/ptII/ptolemy/actor/lib/test/auto/ArrayPeakSearch.xml
----------------- Instantiating /home/travis/build/icyphy/ptII/ptolemy/actor/lib/test/auto/ArrayPeakSearch.xml
7 ms. Memory: 309248K Free: 118453K (38%)
----------------- Invoking toplevel() on ptolemy.moml.MoMLSimpleApplication@7e714855
----------------- Done invoking toplevel() on ptolemy.moml.MoMLSimpleApplication@7e714855
reloadAllAccessors: .ArrayPeakSearch

===========================================================================================
----------------- testing Tue Jul 09 20:00:17 UTC 2019 /home/travis/build/icyphy/ptII/ptolemy/actor/lib/test/auto/ArrayPeakSearch2.xml
----------------- Instantiating /home/travis/build/icyphy/ptII/ptolemy/actor/lib/test/auto/ArrayPeakSearch2.xml
9 ms. Memory: 309248K Free: 108213K (35%)
----------------- Invoking toplevel() on ptolemy.moml.MoMLSimpleApplication@258d889e
----------------- Done invoking toplevel() on ptolemy.moml.MoMLSimpleApplication@258d889e
reloadAllAccessors: .ArrayPeakSearch2

===========================================================================================
----------------- testing Tue Jul 09 20:00:17 UTC 2019 /home/travis/build/icyphy/ptII/ptolemy/actor/lib/test/auto/ArrayPeakSearch3.xml
----------------- Instantiating /home/travis/build/icyphy/ptII/ptolemy/actor/lib/test/auto/ArrayPeakSearch3.xml
4 ms. Memory: 309248K Free: 98997K (32%)
----------------- Invoking toplevel() on ptolemy.moml.MoMLSimpleApplication@4e72f7
----------------- Done invoking toplevel() on ptolemy.moml.MoMLSimpleApplication@4e72f7
reloadAllAccessors: .ArrayPeakSearch3

===========================================================================================
----------------- testing Tue Jul 09 20:00:17 UTC 2019 /home/travis/build/icyphy/ptII/ptolemy/actor/lib/test/auto/ArrayRemoveElement.xml
----------------- Instantiating /home/travis/build/icyphy/ptII/ptolemy/actor/lib/test/auto/ArrayRemoveElement.xml
3 ms. Memory: 309248K Free: 91315K (30%)
----------------- Invoking toplevel() on ptolemy.moml.MoMLSimpleApplication@14af6f29
----------------- Done invoking toplevel() on ptolemy.moml.MoMLSimpleApplication@14af6f29
reloadAllAccessors: .ArrayRemoveElement

===========================================================================================
----------------- testing Tue Jul 09 20:00:17 UTC 2019 /home/travis/build/icyphy/ptII/ptolemy/actor/lib/test/auto/ArraySort.xml
----------------- Instantiating /home/travis/build/icyphy/ptII/ptolemy/actor/lib/test/auto/ArraySort.xml
8 ms. Memory: 309248K Free: 82099K (27%)
----------------- Invoking toplevel() on ptolemy.moml.MoMLSimpleApplication@1dcdb145
----------------- Done invoking toplevel() on ptolemy.moml.MoMLSimpleApplication@1dcdb145
reloadAllAccessors: .ArraySort

===========================================================================================
----------------- testing Tue Jul 09 20:00:17 UTC 2019 /home/travis/build/icyphy/ptII/ptolemy/actor/lib/test/auto/ArraySum.xml
----------------- Instantiating /home/travis/build/icyphy/ptII/ptolemy/actor/lib/test/auto/ArraySum.xml
4 ms. Memory: 583680K Free: 532645K (91%)
----------------- Invoking toplevel() on ptolemy.moml.MoMLSimpleApplication@1183b2c8
----------------- Done invoking toplevel() on ptolemy.moml.MoMLSimpleApplication@1183b2c8
reloadAllAccessors: .ArraySum

===========================================================================================
----------------- testing Tue Jul 09 20:00:17 UTC 2019 /home/travis/build/icyphy/ptII/ptolemy/actor/lib/test/auto/ArrayToElements.xml
----------------- Instantiating /home/travis/build/icyphy/ptII/ptolemy/actor/lib/test/auto/ArrayToElements.xml
17 ms. Memory: 583680K Free: 527029K (90%)
----------------- Invoking toplevel() on ptolemy.moml.MoMLSimpleApplication@48bfc7d2
----------------- Done invoking toplevel() on ptolemy.moml.MoMLSimpleApplication@48bfc7d2
reloadAllAccessors: .ArrayToElements

===========================================================================================
----------------- testing Tue Jul 09 20:00:17 UTC 2019 /home/travis/build/icyphy/ptII/ptolemy/actor/lib/test/auto/ArrayToMatrix.xml
----------------- Instantiating /home/travis/build/icyphy/ptII/ptolemy/actor/lib/test/auto/ArrayToMatrix.xml
17 ms. Memory: 583680K Free: 513203K (88%)
----------------- Invoking toplevel() on ptolemy.moml.MoMLSimpleApplication@6c6d6fd6
----------------- Done invoking toplevel() on ptolemy.moml.MoMLSimpleApplication@6c6d6fd6
reloadAllAccessors: .ArrayToMatrix

===========================================================================================
----------------- testing Tue Jul 09 20:00:17 UTC 2019 /home/travis/build/icyphy/ptII/ptolemy/actor/lib/test/auto/ArrayUpdate1.xml
----------------- Instantiating /home/travis/build/icyphy/ptII/ptolemy/actor/lib/test/auto/ArrayUpdate1.xml
6 ms. Memory: 583680K Free: 508083K (87%)
----------------- Invoking toplevel() on ptolemy.moml.MoMLSimpleApplication@64271c6b
----------------- Done invoking toplevel() on ptolemy.moml.MoMLSimpleApplication@64271c6b
reloadAllAccessors: .ArrayUpdate1

===========================================================================================
----------------- testing Tue Jul 09 20:00:17 UTC 2019 /home/travis/build/icyphy/ptII/ptolemy/actor/lib/test/auto/ArrayUpdate2.xml
----------------- Instantiating /home/travis/build/icyphy/ptII/ptolemy/actor/lib/test/auto/ArrayUpdate2.xml
4 ms. Memory: 583680K Free: 501939K (86%)
----------------- Invoking toplevel() on ptolemy.moml.MoMLSimpleApplication@176e799
----------------- Done invoking toplevel() on ptolemy.moml.MoMLSimpleApplication@176e799
reloadAllAccessors: .ArrayUpdate2

===========================================================================================
----------------- testing Tue Jul 09 20:00:17 UTC 2019 /home/travis/build/icyphy/ptII/ptolemy/actor/lib/test/auto/ArrayUpdate3.xml
----------------- Instantiating /home/travis/build/icyphy/ptII/ptolemy/actor/lib/test/auto/ArrayUpdate3.xml
2 ms. Memory: 583680K Free: 496819K (85%)
----------------- Invoking toplevel() on ptolemy.moml.MoMLSimpleApplication@5b9bccb2
----------------- Done invoking toplevel() on ptolemy.moml.MoMLSimpleApplication@5b9bccb2
reloadAllAccessors: .ArrayUpdate3

===========================================================================================
----------------- testing Tue Jul 09 20:00:17 UTC 2019 /home/travis/build/icyphy/ptII/ptolemy/actor/lib/test/auto/Assert1.xml
----------------- Instantiating /home/travis/build/icyphy/ptII/ptolemy/actor/lib/test/auto/Assert1.xml
3 ms. Memory: 583680K Free: 492723K (84%)
----------------- Invoking toplevel() on ptolemy.moml.MoMLSimpleApplication@11b5a65d
----------------- Done invoking toplevel() on ptolemy.moml.MoMLSimpleApplication@11b5a65d
reloadAllAccessors: .Assert1

===========================================================================================
----------------- testing Tue Jul 09 20:00:17 UTC 2019 /home/travis/build/icyphy/ptII/ptolemy/actor/lib/test/auto/Assert2.xml
----------------- Instantiating /home/travis/build/icyphy/ptII/ptolemy/actor/lib/test/auto/Assert2.xml
6 ms. Memory: 583680K Free: 487603K (84%)
----------------- Invoking toplevel() on ptolemy.moml.MoMLSimpleApplication@468c6f23
----------------- Done invoking toplevel() on ptolemy.moml.MoMLSimpleApplication@468c6f23
reloadAllAccessors: .Assert2

===========================================================================================
----------------- testing Tue Jul 09 20:00:17 UTC 2019 /home/travis/build/icyphy/ptII/ptolemy/actor/lib/test/auto/BooleanMultiplexor.xml
----------------- Instantiating /home/travis/build/icyphy/ptII/ptolemy/actor/lib/test/auto/BooleanMultiplexor.xml
4 ms. Memory: 583680K Free: 482453K (83%)
----------------- Invoking toplevel() on ptolemy.moml.MoMLSimpleApplication@15c6698e
----------------- Done invoking toplevel() on ptolemy.moml.MoMLSimpleApplication@15c6698e
reloadAllAccessors: .BooleanMultiplexor

===========================================================================================
----------------- testing Tue Jul 09 20:00:17 UTC 2019 /home/travis/build/icyphy/ptII/ptolemy/actor/lib/test/auto/BooleanMultiplexor2.xml
----------------- Instantiating /home/travis/build/icyphy/ptII/ptolemy/actor/lib/test/auto/BooleanMultiplexor2.xml
14 ms. Memory: 583680K Free: 475829K (82%)
----------------- Invoking toplevel() on ptolemy.moml.MoMLSimpleApplication@685b4626
----------------- Done invoking toplevel() on ptolemy.moml.MoMLSimpleApplication@685b4626
reloadAllAccessors: .BooleanMultiplexor2

===========================================================================================
----------------- testing Tue Jul 09 20:00:18 UTC 2019 /home/travis/build/icyphy/ptII/ptolemy/actor/lib/test/auto/BooleanMultiplexor3.xml
----------------- Instantiating /home/travis/build/icyphy/ptII/ptolemy/actor/lib/test/auto/BooleanMultiplexor3.xml
4 ms. Memory: 583680K Free: 471733K (81%)
----------------- Invoking toplevel() on ptolemy.moml.MoMLSimpleApplication@4a354b1d
----------------- Done invoking toplevel() on ptolemy.moml.MoMLSimpleApplication@4a354b1d
reloadAllAccessors: .BooleanMultiplexor3

===========================================================================================
----------------- testing Tue Jul 09 20:00:18 UTC 2019 /home/travis/build/icyphy/ptII/ptolemy/actor/lib/test/auto/BooleanSelect.xml
----------------- Instantiating /home/travis/build/icyphy/ptII/ptolemy/actor/lib/test/auto/BooleanSelect.xml
11 ms. Memory: 583680K Free: 466085K (80%)
----------------- Invoking toplevel() on ptolemy.moml.MoMLSimpleApplication@56249fa1
----------------- Done invoking toplevel() on ptolemy.moml.MoMLSimpleApplication@56249fa1
reloadAllAccessors: .BooleanSelect

===========================================================================================
----------------- testing Tue Jul 09 20:00:18 UTC 2019 /home/travis/build/icyphy/ptII/ptolemy/actor/lib/test/auto/BooleanSelect2.xml
----------------- Instantiating /home/travis/build/icyphy/ptII/ptolemy/actor/lib/test/auto/BooleanSelect2.xml
3 ms. Memory: 583680K Free: 461493K (79%)
----------------- Invoking toplevel() on ptolemy.moml.MoMLSimpleApplication@c1b49bb
----------------- Done invoking toplevel() on ptolemy.moml.MoMLSimpleApplication@c1b49bb
reloadAllAccessors: .BooleanSelect2

===========================================================================================
----------------- testing Tue Jul 09 20:00:18 UTC 2019 /home/travis/build/icyphy/ptII/ptolemy/actor/lib/test/auto/BooleanSwitch.xml
----------------- Instantiating /home/travis/build/icyphy/ptII/ptolemy/actor/lib/test/auto/BooleanSwitch.xml
7 ms. Memory: 583680K Free: 455859K (78%)
----------------- Invoking toplevel() on ptolemy.moml.MoMLSimpleApplication@5d5ef40f
----------------- Done invoking toplevel() on ptolemy.moml.MoMLSimpleApplication@5d5ef40f
reloadAllAccessors: .BooleanSwitch

===========================================================================================
----------------- testing Tue Jul 09 20:00:18 UTC 2019 /home/travis/build/icyphy/ptII/ptolemy/actor/lib/test/auto/BooleanSwitch2.xml
----------------- Instantiating /home/travis/build/icyphy/ptII/ptolemy/actor/lib/test/auto/BooleanSwitch2.xml
2 ms. Memory: 583680K Free: 451253K (77%)
----------------- Invoking toplevel() on ptolemy.moml.MoMLSimpleApplication@6c02883c
----------------- Done invoking toplevel() on ptolemy.moml.MoMLSimpleApplication@6c02883c
reloadAllAccessors: .BooleanSwitch2

===========================================================================================
----------------- testing Tue Jul 09 20:00:18 UTC 2019 /home/travis/build/icyphy/ptII/ptolemy/actor/lib/test/auto/BooleanSwitchCloningBugWithClassRelationGroup.xml
----------------- Instantiating /home/travis/build/icyphy/ptII/ptolemy/actor/lib/test/auto/BooleanSwitchCloningBugWithClassRelationGroup.xml
6 ms. Memory: 583680K Free: 445109K (76%)
----------------- Invoking toplevel() on ptolemy.moml.MoMLSimpleApplication@4eb815d7
----------------- Done invoking toplevel() on ptolemy.moml.MoMLSimpleApplication@4eb815d7
reloadAllAccessors: .BooleanSwitchCloningBugWithClassRelationGroup

===========================================================================================
----------------- testing Tue Jul 09 20:00:18 UTC 2019 /home/travis/build/icyphy/ptII/ptolemy/actor/lib/test/auto/BusActors.xml
----------------- Instantiating /home/travis/build/icyphy/ptII/ptolemy/actor/lib/test/auto/BusActors.xml
6 ms. Memory: 583680K Free: 436917K (75%)
----------------- Invoking toplevel() on ptolemy.moml.MoMLSimpleApplication@50ed9bdd
----------------- Done invoking toplevel() on ptolemy.moml.MoMLSimpleApplication@50ed9bdd
reloadAllAccessors: .BusActors

===========================================================================================
----------------- testing Tue Jul 09 20:00:18 UTC 2019 /home/travis/build/icyphy/ptII/ptolemy/actor/lib/test/auto/ClassWrapper.xml
----------------- Instantiating /home/travis/build/icyphy/ptII/ptolemy/actor/lib/test/auto/ClassWrapper.xml
4 ms. Memory: 583680K Free: 432821K (74%)
----------------- Invoking toplevel() on ptolemy.moml.MoMLSimpleApplication@1d7be82a
----------------- Done invoking toplevel() on ptolemy.moml.MoMLSimpleApplication@1d7be82a
reloadAllAccessors: .ClassWrapper

===========================================================================================
----------------- testing Tue Jul 09 20:00:18 UTC 2019 /home/travis/build/icyphy/ptII/ptolemy/actor/lib/test/auto/Clock.xml
----------------- Instantiating /home/travis/build/icyphy/ptII/ptolemy/actor/lib/test/auto/Clock.xml
3 ms. Memory: 583680K Free: 428725K (73%)
----------------- Invoking toplevel() on ptolemy.moml.MoMLSimpleApplication@263a5937
----------------- Done invoking toplevel() on ptolemy.moml.MoMLSimpleApplication@263a5937
reloadAllAccessors: .Clock

===========================================================================================
----------------- testing Tue Jul 09 20:00:18 UTC 2019 /home/travis/build/icyphy/ptII/ptolemy/actor/lib/test/auto/Clock10.xml
----------------- Instantiating /home/travis/build/icyphy/ptII/ptolemy/actor/lib/test/auto/Clock10.xml
5 ms. Memory: 583680K Free: 423091K (72%)
----------------- Invoking toplevel() on ptolemy.moml.MoMLSimpleApplication@273948d8
----------------- Done invoking toplevel() on ptolemy.moml.MoMLSimpleApplication@273948d8
reloadAllAccessors: .Clock10

===========================================================================================
----------------- testing Tue Jul 09 20:00:18 UTC 2019 /home/travis/build/icyphy/ptII/ptolemy/actor/lib/test/auto/Clock11.xml
----------------- Instantiating /home/travis/build/icyphy/ptII/ptolemy/actor/lib/test/auto/Clock11.xml
5 ms. Memory: 583680K Free: 416947K (71%)
----------------- Invoking toplevel() on ptolemy.moml.MoMLSimpleApplication@49cf0441
----------------- Done invoking toplevel() on ptolemy.moml.MoMLSimpleApplication@49cf0441
reloadAllAccessors: .Clock11

===========================================================================================
----------------- testing Tue Jul 09 20:00:18 UTC 2019 /home/travis/build/icyphy/ptII/ptolemy/actor/lib/test/auto/Clock12.xml
----------------- Instantiating /home/travis/build/icyphy/ptII/ptolemy/actor/lib/test/auto/Clock12.xml
5 ms. Memory: 583680K Free: 411317K (70%)
----------------- Invoking toplevel() on ptolemy.moml.MoMLSimpleApplication@5de23b9b
----------------- Done invoking toplevel() on ptolemy.moml.MoMLSimpleApplication@5de23b9b
reloadAllAccessors: .Clock12

===========================================================================================
----------------- testing Tue Jul 09 20:00:18 UTC 2019 /home/travis/build/icyphy/ptII/ptolemy/actor/lib/test/auto/Clock13.xml
----------------- Instantiating /home/travis/build/icyphy/ptII/ptolemy/actor/lib/test/auto/Clock13.xml
4 ms. Memory: 583680K Free: 405173K (69%)
----------------- Invoking toplevel() on ptolemy.moml.MoMLSimpleApplication@314415ae
----------------- Done invoking toplevel() on ptolemy.moml.MoMLSimpleApplication@314415ae
reloadAllAccessors: .Clock13

===========================================================================================
----------------- testing Tue Jul 09 20:00:18 UTC 2019 /home/travis/build/icyphy/ptII/ptolemy/actor/lib/test/auto/Clock14.xml
----------------- Instantiating /home/travis/build/icyphy/ptII/ptolemy/actor/lib/test/auto/Clock14.xml
5 ms. Memory: 583680K Free: 399533K (68%)
----------------- Invoking toplevel() on ptolemy.moml.MoMLSimpleApplication@7ade1711
----------------- Done invoking toplevel() on ptolemy.moml.MoMLSimpleApplication@7ade1711
reloadAllAccessors: .Clock14

===========================================================================================
----------------- testing Tue Jul 09 20:00:18 UTC 2019 /home/travis/build/icyphy/ptII/ptolemy/actor/lib/test/auto/Clock15.xml
----------------- Instantiating /home/travis/build/icyphy/ptII/ptolemy/actor/lib/test/auto/Clock15.xml
2 ms. Memory: 583680K Free: 393365K (67%)
----------------- Invoking toplevel() on ptolemy.moml.MoMLSimpleApplication@61eac586
----------------- Done invoking toplevel() on ptolemy.moml.MoMLSimpleApplication@61eac586
reloadAllAccessors: .Clock15

===========================================================================================
----------------- testing Tue Jul 09 20:00:18 UTC 2019 /home/travis/build/icyphy/ptII/ptolemy/actor/lib/test/auto/Clock16.xml
----------------- Instantiating /home/travis/build/icyphy/ptII/ptolemy/actor/lib/test/auto/Clock16.xml
39 ms. Memory: 583680K Free: 378533K (65%)
----------------- Invoking toplevel() on ptolemy.moml.MoMLSimpleApplication@1f918eb9
----------------- Done invoking toplevel() on ptolemy.moml.MoMLSimpleApplication@1f918eb9
reloadAllAccessors: .Clock16

===========================================================================================
----------------- testing Tue Jul 09 20:00:18 UTC 2019 /home/travis/build/icyphy/ptII/ptolemy/actor/lib/test/auto/Clock17.xml
----------------- Instantiating /home/travis/build/icyphy/ptII/ptolemy/actor/lib/test/auto/Clock17.xml
17 ms. Memory: 583680K Free: 364709K (62%)
----------------- Invoking toplevel() on ptolemy.moml.MoMLSimpleApplication@7d29f6f5
----------------- Done invoking toplevel() on ptolemy.moml.MoMLSimpleApplication@7d29f6f5
reloadAllAccessors: .Clock17

===========================================================================================
----------------- testing Tue Jul 09 20:00:18 UTC 2019 /home/travis/build/icyphy/ptII/ptolemy/actor/lib/test/auto/Clock18.xml
----------------- Instantiating /home/travis/build/icyphy/ptII/ptolemy/actor/lib/test/auto/Clock18.xml
27 ms. Memory: 583680K Free: 351397K (60%)
----------------- Invoking toplevel() on ptolemy.moml.MoMLSimpleApplication@2b39e803
----------------- Done invoking toplevel() on ptolemy.moml.MoMLSimpleApplication@2b39e803
reloadAllAccessors: .Clock18

===========================================================================================
----------------- testing Tue Jul 09 20:00:18 UTC 2019 /home/travis/build/icyphy/ptII/ptolemy/actor/lib/test/auto/Clock19.xml
----------------- Instantiating /home/travis/build/icyphy/ptII/ptolemy/actor/lib/test/auto/Clock19.xml
17 ms. Memory: 583680K Free: 338613K (58%)
----------------- Invoking toplevel() on ptolemy.moml.MoMLSimpleApplication@4f8248b2
----------------- Done invoking toplevel() on ptolemy.moml.MoMLSimpleApplication@4f8248b2
reloadAllAccessors: .Clock19

===========================================================================================
----------------- testing Tue Jul 09 20:00:18 UTC 2019 /home/travis/build/icyphy/ptII/ptolemy/actor/lib/test/auto/Clock2.xml
----------------- Instantiating /home/travis/build/icyphy/ptII/ptolemy/actor/lib/test/auto/Clock2.xml
8 ms. Memory: 583680K Free: 333989K (57%)
----------------- Invoking toplevel() on ptolemy.moml.MoMLSimpleApplication@39177825
----------------- Done invoking toplevel() on ptolemy.moml.MoMLSimpleApplication@39177825
reloadAllAccessors: .Clock2

===========================================================================================
----------------- testing Tue Jul 09 20:00:18 UTC 2019 /home/travis/build/icyphy/ptII/ptolemy/actor/lib/test/auto/Clock20.xml
----------------- Instantiating /home/travis/build/icyphy/ptII/ptolemy/actor/lib/test/auto/Clock20.xml
10 ms. Memory: 583680K Free: 328883K (56%)
----------------- Invoking toplevel() on ptolemy.moml.MoMLSimpleApplication@50b0dc7a
----------------- Done invoking toplevel() on ptolemy.moml.MoMLSimpleApplication@50b0dc7a
reloadAllAccessors: .Clock20

===========================================================================================
----------------- testing Tue Jul 09 20:00:18 UTC 2019 /home/travis/build/icyphy/ptII/ptolemy/actor/lib/test/auto/Clock21.xml
----------------- Instantiating /home/travis/build/icyphy/ptII/ptolemy/actor/lib/test/auto/Clock21.xml
6 ms. Memory: 583680K Free: 323253K (55%)
----------------- Invoking toplevel() on ptolemy.moml.MoMLSimpleApplication@59d05c66
----------------- Done invoking toplevel() on ptolemy.moml.MoMLSimpleApplication@59d05c66
reloadAllAccessors: .Clock21

===========================================================================================
----------------- testing Tue Jul 09 20:00:18 UTC 2019 /home/travis/build/icyphy/ptII/ptolemy/actor/lib/test/auto/Clock22.xml
----------------- Instantiating /home/travis/build/icyphy/ptII/ptolemy/actor/lib/test/auto/Clock22.xml
5 ms. Memory: 583680K Free: 533866K (91%)
----------------- Invoking toplevel() on ptolemy.moml.MoMLSimpleApplication@4b0e0fc2
----------------- Done invoking toplevel() on ptolemy.moml.MoMLSimpleApplication@4b0e0fc2
reloadAllAccessors: .Clock22

===========================================================================================
----------------- testing Tue Jul 09 20:00:19 UTC 2019 /home/travis/build/icyphy/ptII/ptolemy/actor/lib/test/auto/Clock23.xml
----------------- Instantiating /home/travis/build/icyphy/ptII/ptolemy/actor/lib/test/auto/Clock23.xml
6 ms. Memory: 583680K Free: 527736K (90%)
----------------- Invoking toplevel() on ptolemy.moml.MoMLSimpleApplication@2bcb91f1
----------------- Done invoking toplevel() on ptolemy.moml.MoMLSimpleApplication@2bcb91f1
reloadAllAccessors: .Clock23

===========================================================================================
----------------- testing Tue Jul 09 20:00:19 UTC 2019 /home/travis/build/icyphy/ptII/ptolemy/actor/lib/test/auto/Clock24.xml
----------------- Instantiating /home/travis/build/icyphy/ptII/ptolemy/actor/lib/test/auto/Clock24.xml
6 ms. Memory: 583680K Free: 522106K (89%)
----------------- Invoking toplevel() on ptolemy.moml.MoMLSimpleApplication@238b7c3c
----------------- Done invoking toplevel() on ptolemy.moml.MoMLSimpleApplication@238b7c3c
reloadAllAccessors: .Clock24

===========================================================================================
----------------- testing Tue Jul 09 20:00:19 UTC 2019 /home/travis/build/icyphy/ptII/ptolemy/actor/lib/test/auto/Clock4.xml
----------------- Instantiating /home/travis/build/icyphy/ptII/ptolemy/actor/lib/test/auto/Clock4.xml
1 ms. Memory: 583680K Free: 517490K (89%)
----------------- Invoking toplevel() on ptolemy.moml.MoMLSimpleApplication@19d9bf0
----------------- Done invoking toplevel() on ptolemy.moml.MoMLSimpleApplication@19d9bf0
reloadAllAccessors: .Clock4

===========================================================================================
----------------- testing Tue Jul 09 20:00:19 UTC 2019 /home/travis/build/icyphy/ptII/ptolemy/actor/lib/test/auto/Clock5.xml
----------------- Instantiating /home/travis/build/icyphy/ptII/ptolemy/actor/lib/test/auto/Clock5.xml
2 ms. Memory: 583680K Free: 511866K (88%)
----------------- Invoking toplevel() on ptolemy.moml.MoMLSimpleApplication@1bef7266
----------------- Done invoking toplevel() on ptolemy.moml.MoMLSimpleApplication@1bef7266
reloadAllAccessors: .Clock5

===========================================================================================
----------------- testing Tue Jul 09 20:00:19 UTC 2019 /home/travis/build/icyphy/ptII/ptolemy/actor/lib/test/auto/Clock6.xml
----------------- Instantiating /home/travis/build/icyphy/ptII/ptolemy/actor/lib/test/auto/Clock6.xml
3 ms. Memory: 583680K Free: 507770K (87%)
----------------- Invoking toplevel() on ptolemy.moml.MoMLSimpleApplication@5aaafb28
----------------- Done invoking toplevel() on ptolemy.moml.MoMLSimpleApplication@5aaafb28
reloadAllAccessors: .Clock6

===========================================================================================
----------------- testing Tue Jul 09 20:00:19 UTC 2019 /home/travis/build/icyphy/ptII/ptolemy/actor/lib/test/auto/Clock7.xml
----------------- Instantiating /home/travis/build/icyphy/ptII/ptolemy/actor/lib/test/auto/Clock7.xml
2 ms. Memory: 583680K Free: 503160K (86%)
----------------- Invoking toplevel() on ptolemy.moml.MoMLSimpleApplication@7387269a
----------------- Done invoking toplevel() on ptolemy.moml.MoMLSimpleApplication@7387269a
reloadAllAccessors: .Clock7

===========================================================================================
----------------- testing Tue Jul 09 20:00:19 UTC 2019 /home/travis/build/icyphy/ptII/ptolemy/actor/lib/test/auto/Clock8.xml
----------------- Instantiating /home/travis/build/icyphy/ptII/ptolemy/actor/lib/test/auto/Clock8.xml
6 ms. Memory: 583680K Free: 498026K (85%)
----------------- Invoking toplevel() on ptolemy.moml.MoMLSimpleApplication@1d19243c
----------------- Done invoking toplevel() on ptolemy.moml.MoMLSimpleApplication@1d19243c
reloadAllAccessors: .Clock8

===========================================================================================
----------------- testing Tue Jul 09 20:00:19 UTC 2019 /home/travis/build/icyphy/ptII/ptolemy/actor/lib/test/auto/Clock9.xml
----------------- Instantiating /home/travis/build/icyphy/ptII/ptolemy/actor/lib/test/auto/Clock9.xml
7 ms. Memory: 583680K Free: 492410K (84%)
----------------- Invoking toplevel() on ptolemy.moml.MoMLSimpleApplication@1df6b0a9
----------------- Done invoking toplevel() on ptolemy.moml.MoMLSimpleApplication@1df6b0a9
reloadAllAccessors: .Clock9

===========================================================================================
----------------- testing Tue Jul 09 20:00:19 UTC 2019 /home/travis/build/icyphy/ptII/ptolemy/actor/lib/test/auto/CommDistDiscard.xml
----------------- Instantiating /home/travis/build/icyphy/ptII/ptolemy/actor/lib/test/auto/CommDistDiscard.xml
5 ms. Memory: 583680K Free: 486776K (83%)
----------------- Invoking toplevel() on ptolemy.moml.MoMLSimpleApplication@3871a340
----------------- Done invoking toplevel() on ptolemy.moml.MoMLSimpleApplication@3871a340
reloadAllAccessors: .CommDistDiscard

===========================================================================================
----------------- testing Tue Jul 09 20:00:19 UTC 2019 /home/travis/build/icyphy/ptII/ptolemy/actor/lib/test/auto/Commutator.xml
----------------- Instantiating /home/travis/build/icyphy/ptII/ptolemy/actor/lib/test/auto/Commutator.xml
2 ms. Memory: 583680K Free: 482680K (83%)
----------------- Invoking toplevel() on ptolemy.moml.MoMLSimpleApplication@25d8bcdb
----------------- Done invoking toplevel() on ptolemy.moml.MoMLSimpleApplication@25d8bcdb
reloadAllAccessors: .Commutator

===========================================================================================
----------------- testing Tue Jul 09 20:00:19 UTC 2019 /home/travis/build/icyphy/ptII/ptolemy/actor/lib/test/auto/Commutator2.xml
----------------- Instantiating /home/travis/build/icyphy/ptII/ptolemy/actor/lib/test/auto/Commutator2.xml
2 ms. Memory: 583680K Free: 478074K (82%)
----------------- Invoking toplevel() on ptolemy.moml.MoMLSimpleApplication@37a1ef48
----------------- Done invoking toplevel() on ptolemy.moml.MoMLSimpleApplication@37a1ef48
reloadAllAccessors: .Commutator2

===========================================================================================
----------------- testing Tue Jul 09 20:00:19 UTC 2019 /home/travis/build/icyphy/ptII/ptolemy/actor/lib/test/auto/Commutator3.xml
----------------- Instantiating /home/travis/build/icyphy/ptII/ptolemy/actor/lib/test/auto/Commutator3.xml
2 ms. Memory: 583680K Free: 473978K (81%)
----------------- Invoking toplevel() on ptolemy.moml.MoMLSimpleApplication@cf562e4
----------------- Done invoking toplevel() on ptolemy.moml.MoMLSimpleApplication@cf562e4
reloadAllAccessors: .Commutator3

===========================================================================================
----------------- testing Tue Jul 09 20:00:19 UTC 2019 /home/travis/build/icyphy/ptII/ptolemy/actor/lib/test/auto/Compare.xml
----------------- Instantiating /home/travis/build/icyphy/ptII/ptolemy/actor/lib/test/auto/Compare.xml
2 ms. Memory: 583680K Free: 467320K (80%)
----------------- Invoking toplevel() on ptolemy.moml.MoMLSimpleApplication@2bc464f
----------------- Done invoking toplevel() on ptolemy.moml.MoMLSimpleApplication@2bc464f
reloadAllAccessors: .Compare

===========================================================================================
----------------- testing Tue Jul 09 20:00:19 UTC 2019 /home/travis/build/icyphy/ptII/ptolemy/actor/lib/test/auto/CompareDE.xml
----------------- Instantiating /home/travis/build/icyphy/ptII/ptolemy/actor/lib/test/auto/CompareDE.xml
5 ms. Memory: 583680K Free: 460138K (79%)
----------------- Invoking toplevel() on ptolemy.moml.MoMLSimpleApplication@18df59e3
----------------- Done invoking toplevel() on ptolemy.moml.MoMLSimpleApplication@18df59e3
reloadAllAccessors: .CompareDE

===========================================================================================
----------------- testing Tue Jul 09 20:00:19 UTC 2019 /home/travis/build/icyphy/ptII/ptolemy/actor/lib/test/auto/ComplexDivide.xml
----------------- Instantiating /home/travis/build/icyphy/ptII/ptolemy/actor/lib/test/auto/ComplexDivide.xml
2 ms. Memory: 583680K Free: 456570K (78%)
----------------- Invoking toplevel() on ptolemy.moml.MoMLSimpleApplication@25cb2174
----------------- Done invoking toplevel() on ptolemy.moml.MoMLSimpleApplication@25cb2174
reloadAllAccessors: .ComplexDivide

===========================================================================================
----------------- testing Tue Jul 09 20:00:19 UTC 2019 /home/travis/build/icyphy/ptII/ptolemy/actor/lib/test/auto/ComputeHistogram.xml
----------------- Instantiating /home/travis/build/icyphy/ptII/ptolemy/actor/lib/test/auto/ComputeHistogram.xml
40 ms. Memory: 583680K Free: 443768K (76%)
----------------- Invoking toplevel() on ptolemy.moml.MoMLSimpleApplication@1a0eecc
----------------- Done invoking toplevel() on ptolemy.moml.MoMLSimpleApplication@1a0eecc
reloadAllAccessors: .ComputeHistogram

===========================================================================================
----------------- testing Tue Jul 09 20:00:19 UTC 2019 /home/travis/build/icyphy/ptII/ptolemy/actor/lib/test/auto/ConfigurationSelect.xml
----------------- Instantiating /home/travis/build/icyphy/ptII/ptolemy/actor/lib/test/auto/ConfigurationSelect.xml
11 ms. Memory: 583680K Free: 438634K (75%)
----------------- Invoking toplevel() on ptolemy.moml.MoMLSimpleApplication@20ad4bf0
----------------- Done invoking toplevel() on ptolemy.moml.MoMLSimpleApplication@20ad4bf0
reloadAllAccessors: .ConfigurationSelect

===========================================================================================
----------------- testing Tue Jul 09 20:00:19 UTC 2019 /home/travis/build/icyphy/ptII/ptolemy/actor/lib/test/auto/ConfigurationSelect2.xml
----------------- Instantiating /home/travis/build/icyphy/ptII/ptolemy/actor/lib/test/auto/ConfigurationSelect2.xml
3 ms. Memory: 583680K Free: 434042K (74%)
----------------- Invoking toplevel() on ptolemy.moml.MoMLSimpleApplication@4eb93bd8
----------------- Done invoking toplevel() on ptolemy.moml.MoMLSimpleApplication@4eb93bd8
reloadAllAccessors: .ConfigurationSelect2

===========================================================================================
----------------- testing Tue Jul 09 20:00:19 UTC 2019 /home/travis/build/icyphy/ptII/ptolemy/actor/lib/test/auto/ConfigurationSwitch.xml
----------------- Instantiating /home/travis/build/icyphy/ptII/ptolemy/actor/lib/test/auto/ConfigurationSwitch.xml
2 ms. Memory: 583680K Free: 428408K (73%)
----------------- Invoking toplevel() on ptolemy.moml.MoMLSimpleApplication@6eb1ba2f
----------------- Done invoking toplevel() on ptolemy.moml.MoMLSimpleApplication@6eb1ba2f
reloadAllAccessors: .ConfigurationSwitch

===========================================================================================
----------------- testing Tue Jul 09 20:00:19 UTC 2019 /home/travis/build/icyphy/ptII/ptolemy/actor/lib/test/auto/ConfigurationSwitch2.xml
----------------- Instantiating /home/travis/build/icyphy/ptII/ptolemy/actor/lib/test/auto/ConfigurationSwitch2.xml
2 ms. Memory: 583680K Free: 423288K (73%)
----------------- Invoking toplevel() on ptolemy.moml.MoMLSimpleApplication@50e83132
----------------- Done invoking toplevel() on ptolemy.moml.MoMLSimpleApplication@50e83132
reloadAllAccessors: .ConfigurationSwitch2

===========================================================================================
----------------- testing Tue Jul 09 20:00:19 UTC 2019 /home/travis/build/icyphy/ptII/ptolemy/actor/lib/test/auto/ConfigurationSwitchCloningBugWithClassRelationGroup.xml
----------------- Instantiating /home/travis/build/icyphy/ptII/ptolemy/actor/lib/test/auto/ConfigurationSwitchCloningBugWithClassRelationGroup.xml
2 ms. Memory: 583680K Free: 416634K (71%)
----------------- Invoking toplevel() on ptolemy.moml.MoMLSimpleApplication@69c3f81b
----------------- Done invoking toplevel() on ptolemy.moml.MoMLSimpleApplication@69c3f81b
reloadAllAccessors: .ConfigurationSwitchCloningBugWithClassRelationGroup

===========================================================================================
----------------- testing Tue Jul 09 20:00:19 UTC 2019 /home/travis/build/icyphy/ptII/ptolemy/actor/lib/test/auto/ConfigurationSwitchSelectSDF.xml
----------------- Instantiating /home/travis/build/icyphy/ptII/ptolemy/actor/lib/test/auto/ConfigurationSwitchSelectSDF.xml
4 ms. Memory: 583680K Free: 410490K (70%)
----------------- Invoking toplevel() on ptolemy.moml.MoMLSimpleApplication@5e68d451
----------------- Done invoking toplevel() on ptolemy.moml.MoMLSimpleApplication@5e68d451
reloadAllAccessors: .ConfigurationSwitchSelectSDF

===========================================================================================
----------------- testing Tue Jul 09 20:00:19 UTC 2019 /home/travis/build/icyphy/ptII/ptolemy/actor/lib/test/auto/ConfigurationSwitchSelectSDF2.xml
----------------- Instantiating /home/travis/build/icyphy/ptII/ptolemy/actor/lib/test/auto/ConfigurationSwitchSelectSDF2.xml
2 ms. Memory: 583680K Free: 404856K (69%)
----------------- Invoking toplevel() on ptolemy.moml.MoMLSimpleApplication@1634cff2
----------------- Done invoking toplevel() on ptolemy.moml.MoMLSimpleApplication@1634cff2
reloadAllAccessors: .ConfigurationSwitchSelectSDF2

===========================================================================================
----------------- testing Tue Jul 09 20:00:19 UTC 2019 /home/travis/build/icyphy/ptII/ptolemy/actor/lib/test/auto/Const.xml
----------------- Instantiating /home/travis/build/icyphy/ptII/ptolemy/actor/lib/test/auto/Const.xml
1 ms. Memory: 583680K Free: 401274K (69%)
----------------- Invoking toplevel() on ptolemy.moml.MoMLSimpleApplication@5791afdd
----------------- Done invoking toplevel() on ptolemy.moml.MoMLSimpleApplication@5791afdd
reloadAllAccessors: .Const

===========================================================================================
----------------- testing Tue Jul 09 20:00:19 UTC 2019 /home/travis/build/icyphy/ptII/ptolemy/actor/lib/test/auto/Const2.xml
----------------- Instantiating /home/travis/build/icyphy/ptII/ptolemy/actor/lib/test/auto/Const2.xml
2 ms. Memory: 583680K Free: 397178K (68%)
----------------- Invoking toplevel() on ptolemy.moml.MoMLSimpleApplication@39c4b5d5
----------------- Done invoking toplevel() on ptolemy.moml.MoMLSimpleApplication@39c4b5d5
reloadAllAccessors: .Const2

===========================================================================================
----------------- testing Tue Jul 09 20:00:19 UTC 2019 /home/travis/build/icyphy/ptII/ptolemy/actor/lib/test/auto/Const3.xml
----------------- Instantiating /home/travis/build/icyphy/ptII/ptolemy/actor/lib/test/auto/Const3.xml
2 ms. Memory: 583680K Free: 394616K (68%)
----------------- Invoking toplevel() on ptolemy.moml.MoMLSimpleApplication@e3fd1be
----------------- Done invoking toplevel() on ptolemy.moml.MoMLSimpleApplication@e3fd1be
reloadAllAccessors: .Const3

===========================================================================================
----------------- testing Tue Jul 09 20:00:19 UTC 2019 /home/travis/build/icyphy/ptII/ptolemy/actor/lib/test/auto/ConstantPublisherPort1.xml
----------------- Instantiating /home/travis/build/icyphy/ptII/ptolemy/actor/lib/test/auto/ConstantPublisherPort1.xml
9 ms. Memory: 583680K Free: 385914K (66%)
----------------- Invoking toplevel() on ptolemy.moml.MoMLSimpleApplication@3e9f3955
----------------- Done invoking toplevel() on ptolemy.moml.MoMLSimpleApplication@3e9f3955
reloadAllAccessors: .ConstantPublisherPort1

===========================================================================================
----------------- testing Tue Jul 09 20:00:19 UTC 2019 /home/travis/build/icyphy/ptII/ptolemy/actor/lib/test/auto/ConstantPublisherPort2.xml
----------------- Instantiating /home/travis/build/icyphy/ptII/ptolemy/actor/lib/test/auto/ConstantPublisherPort2.xml
9 ms. Memory: 583680K Free: 378746K (65%)
----------------- Invoking toplevel() on ptolemy.moml.MoMLSimpleApplication@7f5280ab
----------------- Done invoking toplevel() on ptolemy.moml.MoMLSimpleApplication@7f5280ab
reloadAllAccessors: .ConstantPublisherPort2

===========================================================================================
----------------- testing Tue Jul 09 20:00:19 UTC 2019 /home/travis/build/icyphy/ptII/ptolemy/actor/lib/test/auto/ConstantPublisherPort3.xml
----------------- Instantiating /home/travis/build/icyphy/ptII/ptolemy/actor/lib/test/auto/ConstantPublisherPort3.xml
6 ms. Memory: 583680K Free: 371064K (64%)
----------------- Invoking toplevel() on ptolemy.moml.MoMLSimpleApplication@2ac669ba
----------------- Done invoking toplevel() on ptolemy.moml.MoMLSimpleApplication@2ac669ba
reloadAllAccessors: .ConstantPublisherPort3

===========================================================================================
----------------- testing Tue Jul 09 20:00:19 UTC 2019 /home/travis/build/icyphy/ptII/ptolemy/actor/lib/test/auto/ConstantPublisherPort4.xml
----------------- Instantiating /home/travis/build/icyphy/ptII/ptolemy/actor/lib/test/auto/ConstantPublisherPort4.xml
3 ms. Memory: 583680K Free: 363882K (62%)
----------------- Invoking toplevel() on ptolemy.moml.MoMLSimpleApplication@19ae9abf
----------------- Done invoking toplevel() on ptolemy.moml.MoMLSimpleApplication@19ae9abf
reloadAllAccessors: .ConstantPublisherPort4

===========================================================================================
----------------- testing Tue Jul 09 20:00:19 UTC 2019 /home/travis/build/icyphy/ptII/ptolemy/actor/lib/test/auto/ConstantPublisherPort5.xml
----------------- Instantiating /home/travis/build/icyphy/ptII/ptolemy/actor/lib/test/auto/ConstantPublisherPort5.xml
29 ms. Memory: 583680K Free: 354680K (61%)
----------------- Invoking toplevel() on ptolemy.moml.MoMLSimpleApplication@6226f535
----------------- Done invoking toplevel() on ptolemy.moml.MoMLSimpleApplication@6226f535
reloadAllAccessors: .ConstantPublisherPort5

===========================================================================================
----------------- testing Tue Jul 09 20:00:19 UTC 2019 /home/travis/build/icyphy/ptII/ptolemy/actor/lib/test/auto/ConstantPublisherPort6.xml
----------------- Instantiating /home/travis/build/icyphy/ptII/ptolemy/actor/lib/test/auto/ConstantPublisherPort6.xml
13 ms. Memory: 583680K Free: 345464K (59%)
----------------- Invoking toplevel() on ptolemy.moml.MoMLSimpleApplication@30b5ccaf
----------------- Done invoking toplevel() on ptolemy.moml.MoMLSimpleApplication@30b5ccaf
reloadAllAccessors: .ConstantPublisherPort6

===========================================================================================
----------------- testing Tue Jul 09 20:00:19 UTC 2019 /home/travis/build/icyphy/ptII/ptolemy/actor/lib/test/auto/ConstantPublisherPort7.xml
----------------- Instantiating /home/travis/build/icyphy/ptII/ptolemy/actor/lib/test/auto/ConstantPublisherPort7.xml
12 ms. Memory: 583680K Free: 336248K (58%)
----------------- Invoking toplevel() on ptolemy.moml.MoMLSimpleApplication@70f80181
----------------- Done invoking toplevel() on ptolemy.moml.MoMLSimpleApplication@70f80181
reloadAllAccessors: .ConstantPublisherPort7

===========================================================================================
----------------- testing Tue Jul 09 20:00:19 UTC 2019 /home/travis/build/icyphy/ptII/ptolemy/actor/lib/test/auto/ConstraintMonitor1.xml
----------------- Instantiating /home/travis/build/icyphy/ptII/ptolemy/actor/lib/test/auto/ConstraintMonitor1.xml
3 ms. Memory: 583680K Free: 331642K (57%)
----------------- Invoking toplevel() on ptolemy.moml.MoMLSimpleApplication@2bcf909a
----------------- Done invoking toplevel() on ptolemy.moml.MoMLSimpleApplication@2bcf909a
reloadAllAccessors: .ConstraintMonitor1

===========================================================================================
----------------- testing Tue Jul 09 20:00:19 UTC 2019 /home/travis/build/icyphy/ptII/ptolemy/actor/lib/test/auto/ConstraintMonitor2.xml
----------------- Instantiating /home/travis/build/icyphy/ptII/ptolemy/actor/lib/test/auto/ConstraintMonitor2.xml
5 ms. Memory: 583680K Free: 327032K (56%)
----------------- Invoking toplevel() on ptolemy.moml.MoMLSimpleApplication@35fe22b7
----------------- Done invoking toplevel() on ptolemy.moml.MoMLSimpleApplication@35fe22b7
reloadAllAccessors: .ConstraintMonitor2

===========================================================================================
----------------- testing Tue Jul 09 20:00:19 UTC 2019 /home/travis/build/icyphy/ptII/ptolemy/actor/lib/test/auto/ConstraintMonitor3.xml
----------------- Instantiating /home/travis/build/icyphy/ptII/ptolemy/actor/lib/test/auto/ConstraintMonitor3.xml
8 ms. Memory: 583680K Free: 322426K (55%)
----------------- Invoking toplevel() on ptolemy.moml.MoMLSimpleApplication@75400a62
----------------- Done invoking toplevel() on ptolemy.moml.MoMLSimpleApplication@75400a62
reloadAllAccessors: .ConstraintMonitor3

===========================================================================================
----------------- testing Tue Jul 09 20:00:20 UTC 2019 /home/travis/build/icyphy/ptII/ptolemy/actor/lib/test/auto/ConstraintMonitor4.xml
----------------- Instantiating /home/travis/build/icyphy/ptII/ptolemy/actor/lib/test/auto/ConstraintMonitor4.xml
1 ms. Memory: 583680K Free: 317816K (54%)
----------------- Invoking toplevel() on ptolemy.moml.MoMLSimpleApplication@51e333e6
----------------- Done invoking toplevel() on ptolemy.moml.MoMLSimpleApplication@51e333e6
reloadAllAccessors: .ConstraintMonitor4

===========================================================================================
----------------- testing Tue Jul 09 20:00:20 UTC 2019 /home/travis/build/icyphy/ptII/ptolemy/actor/lib/test/auto/ConstraintMonitor5.xml
----------------- Instantiating /home/travis/build/icyphy/ptII/ptolemy/actor/lib/test/auto/ConstraintMonitor5.xml
1 ms. Memory: 583680K Free: 312696K (54%)
----------------- Invoking toplevel() on ptolemy.moml.MoMLSimpleApplication@87759a9
----------------- Done invoking toplevel() on ptolemy.moml.MoMLSimpleApplication@87759a9
reloadAllAccessors: .ConstraintMonitor5

===========================================================================================
----------------- testing Tue Jul 09 20:00:20 UTC 2019 /home/travis/build/icyphy/ptII/ptolemy/actor/lib/test/auto/ConstraintMonitor6.xml
----------------- Instantiating /home/travis/build/icyphy/ptII/ptolemy/actor/lib/test/auto/ConstraintMonitor6.xml
7 ms. Memory: 583680K Free: 306522K (53%)
----------------- Invoking toplevel() on ptolemy.moml.MoMLSimpleApplication@69794ae8
----------------- Done invoking toplevel() on ptolemy.moml.MoMLSimpleApplication@69794ae8
reloadAllAccessors: .ConstraintMonitor6

===========================================================================================
----------------- testing Tue Jul 09 20:00:20 UTC 2019 /home/travis/build/icyphy/ptII/ptolemy/actor/lib/test/auto/ConstraintMonitor7.xml
----------------- Instantiating /home/travis/build/icyphy/ptII/ptolemy/actor/lib/test/auto/ConstraintMonitor7.xml
6 ms. Memory: 583680K Free: 300394K (51%)
----------------- Invoking toplevel() on ptolemy.moml.MoMLSimpleApplication@3b4e8658
----------------- Done invoking toplevel() on ptolemy.moml.MoMLSimpleApplication@3b4e8658
reloadAllAccessors: .ConstraintMonitor7

===========================================================================================
----------------- testing Tue Jul 09 20:00:20 UTC 2019 /home/travis/build/icyphy/ptII/ptolemy/actor/lib/test/auto/ConstraintMonitor8.xml
----------------- Instantiating /home/travis/build/icyphy/ptII/ptolemy/actor/lib/test/auto/ConstraintMonitor8.xml
9 ms. Memory: 583680K Free: 292730K (50%)
----------------- Invoking toplevel() on ptolemy.moml.MoMLSimpleApplication@399b56d2
----------------- Done invoking toplevel() on ptolemy.moml.MoMLSimpleApplication@399b56d2
reloadAllAccessors: .ConstraintMonitor8

===========================================================================================
----------------- testing Tue Jul 09 20:00:20 UTC 2019 /home/travis/build/icyphy/ptII/ptolemy/actor/lib/test/auto/Counter.xml
----------------- Instantiating /home/travis/build/icyphy/ptII/ptolemy/actor/lib/test/auto/Counter.xml
4 ms. Memory: 583680K Free: 287610K (49%)
----------------- Invoking toplevel() on ptolemy.moml.MoMLSimpleApplication@2403d0ad
----------------- Done invoking toplevel() on ptolemy.moml.MoMLSimpleApplication@2403d0ad
reloadAllAccessors: .Counter

===========================================================================================
----------------- testing Tue Jul 09 20:00:20 UTC 2019 /home/travis/build/icyphy/ptII/ptolemy/actor/lib/test/auto/CurrentTimeSDF.xml
----------------- Instantiating /home/travis/build/icyphy/ptII/ptolemy/actor/lib/test/auto/CurrentTimeSDF.xml
2 ms. Memory: 583680K Free: 283514K (49%)
----------------- Invoking toplevel() on ptolemy.moml.MoMLSimpleApplication@69a5491c
----------------- Done invoking toplevel() on ptolemy.moml.MoMLSimpleApplication@69a5491c
reloadAllAccessors: .CurrentTimeSDF

===========================================================================================
----------------- testing Tue Jul 09 20:00:20 UTC 2019 /home/travis/build/icyphy/ptII/ptolemy/actor/lib/test/auto/DB.xml
----------------- Instantiating /home/travis/build/icyphy/ptII/ptolemy/actor/lib/test/auto/DB.xml
3 ms. Memory: 583680K Free: 278904K (48%)
----------------- Invoking toplevel() on ptolemy.moml.MoMLSimpleApplication@7f835da8
----------------- Done invoking toplevel() on ptolemy.moml.MoMLSimpleApplication@7f835da8
reloadAllAccessors: .DB

===========================================================================================
----------------- testing Tue Jul 09 20:00:20 UTC 2019 /home/travis/build/icyphy/ptII/ptolemy/actor/lib/test/auto/DBDE.xml
----------------- Instantiating /home/travis/build/icyphy/ptII/ptolemy/actor/lib/test/auto/DBDE.xml
4 ms. Memory: 583680K Free: 272730K (47%)
----------------- Invoking toplevel() on ptolemy.moml.MoMLSimpleApplication@5b541472
----------------- Done invoking toplevel() on ptolemy.moml.MoMLSimpleApplication@5b541472
reloadAllAccessors: .DBDE

===========================================================================================
----------------- testing Tue Jul 09 20:00:20 UTC 2019 /home/travis/build/icyphy/ptII/ptolemy/actor/lib/test/auto/DateConstructor.xml
----------------- Instantiating /home/travis/build/icyphy/ptII/ptolemy/actor/lib/test/auto/DateConstructor.xml
37 ms. Memory: 583680K Free: 255352K (44%)
----------------- Invoking toplevel() on ptolemy.moml.MoMLSimpleApplication@3bf3928e
----------------- Done invoking toplevel() on ptolemy.moml.MoMLSimpleApplication@3bf3928e
reloadAllAccessors: .DateConstructor

===========================================================================================
----------------- testing Tue Jul 09 20:00:20 UTC 2019 /home/travis/build/icyphy/ptII/ptolemy/actor/lib/test/auto/DelayTime.xml
----------------- Instantiating /home/travis/build/icyphy/ptII/ptolemy/actor/lib/test/auto/DelayTime.xml
7 ms. Memory: 583680K Free: 250746K (43%)
----------------- Invoking toplevel() on ptolemy.moml.MoMLSimpleApplication@756e2e9f
----------------- Done invoking toplevel() on ptolemy.moml.MoMLSimpleApplication@756e2e9f
reloadAllAccessors: .DelayTime

===========================================================================================
----------------- testing Tue Jul 09 20:00:20 UTC 2019 /home/travis/build/icyphy/ptII/ptolemy/actor/lib/test/auto/Dictionary1.xml
----------------- Instantiating /home/travis/build/icyphy/ptII/ptolemy/actor/lib/test/auto/Dictionary1.xml
2 ms. Memory: 583680K Free: 245112K (42%)
----------------- Invoking toplevel() on ptolemy.moml.MoMLSimpleApplication@678481ca
----------------- Done invoking toplevel() on ptolemy.moml.MoMLSimpleApplication@678481ca
reloadAllAccessors: .Dictionary1

===========================================================================================
----------------- testing Tue Jul 09 20:00:20 UTC 2019 /home/travis/build/icyphy/ptII/ptolemy/actor/lib/test/auto/Dictionary2.xml
----------------- Instantiating /home/travis/build/icyphy/ptII/ptolemy/actor/lib/test/auto/Dictionary2.xml
4 ms. Memory: 583680K Free: 239482K (41%)
----------------- Invoking toplevel() on ptolemy.moml.MoMLSimpleApplication@104b718f
----------------- Done invoking toplevel() on ptolemy.moml.MoMLSimpleApplication@104b718f
reloadAllAccessors: .Dictionary2

===========================================================================================
----------------- testing Tue Jul 09 20:00:20 UTC 2019 /home/travis/build/icyphy/ptII/ptolemy/actor/lib/test/auto/Dictionary3.xml
----------------- Instantiating /home/travis/build/icyphy/ptII/ptolemy/actor/lib/test/auto/Dictionary3.xml
1 ms. Memory: 583680K Free: 234362K (40%)
----------------- Invoking toplevel() on ptolemy.moml.MoMLSimpleApplication@30a31452
----------------- Done invoking toplevel() on ptolemy.moml.MoMLSimpleApplication@30a31452
reloadAllAccessors: .Dictionary3

===========================================================================================
----------------- testing Tue Jul 09 20:00:20 UTC 2019 /home/travis/build/icyphy/ptII/ptolemy/actor/lib/test/auto/Dictionary4.xml
----------------- Instantiating /home/travis/build/icyphy/ptII/ptolemy/actor/lib/test/auto/Dictionary4.xml
4 ms. Memory: 583680K Free: 227194K (39%)
----------------- Invoking toplevel() on ptolemy.moml.MoMLSimpleApplication@795745e4
----------------- Done invoking toplevel() on ptolemy.moml.MoMLSimpleApplication@795745e4
reloadAllAccessors: .Dictionary4

===========================================================================================
----------------- testing Tue Jul 09 20:00:20 UTC 2019 /home/travis/build/icyphy/ptII/ptolemy/actor/lib/test/auto/Differential.xml
----------------- Instantiating /home/travis/build/icyphy/ptII/ptolemy/actor/lib/test/auto/Differential.xml
3 ms. Memory: 583680K Free: 222584K (38%)
----------------- Invoking toplevel() on ptolemy.moml.MoMLSimpleApplication@132c9c0d
----------------- Done invoking toplevel() on ptolemy.moml.MoMLSimpleApplication@132c9c0d
reloadAllAccessors: .Differential

===========================================================================================
----------------- testing Tue Jul 09 20:00:20 UTC 2019 /home/travis/build/icyphy/ptII/ptolemy/actor/lib/test/auto/Director.xml
----------------- Instantiating /home/travis/build/icyphy/ptII/ptolemy/actor/lib/test/auto/Director.xml
4 ms. Memory: 583680K Free: 219002K (38%)
----------------- Invoking toplevel() on ptolemy.moml.MoMLSimpleApplication@14953593
----------------- Done invoking toplevel() on ptolemy.moml.MoMLSimpleApplication@14953593
reloadAllAccessors: .Director

===========================================================================================
----------------- testing Tue Jul 09 20:00:20 UTC 2019 /home/travis/build/icyphy/ptII/ptolemy/actor/lib/test/auto/DiscreteClock.xml
----------------- Instantiating /home/travis/build/icyphy/ptII/ptolemy/actor/lib/test/auto/DiscreteClock.xml
1 ms. Memory: 583680K Free: 215416K (37%)
----------------- Invoking toplevel() on ptolemy.moml.MoMLSimpleApplication@1a8edc60
----------------- Done invoking toplevel() on ptolemy.moml.MoMLSimpleApplication@1a8edc60
reloadAllAccessors: .DiscreteClock

===========================================================================================
----------------- testing Tue Jul 09 20:00:20 UTC 2019 /home/travis/build/icyphy/ptII/ptolemy/actor/lib/test/auto/DiscreteClock10.xml
----------------- Instantiating /home/travis/build/icyphy/ptII/ptolemy/actor/lib/test/auto/DiscreteClock10.xml
4 ms. Memory: 583680K Free: 209272K (36%)
----------------- Invoking toplevel() on ptolemy.moml.MoMLSimpleApplication@ac83cd2
----------------- Done invoking toplevel() on ptolemy.moml.MoMLSimpleApplication@ac83cd2
reloadAllAccessors: .DiscreteClock10

===========================================================================================
----------------- testing Tue Jul 09 20:00:20 UTC 2019 /home/travis/build/icyphy/ptII/ptolemy/actor/lib/test/auto/DiscreteClock11.xml
----------------- Instantiating /home/travis/build/icyphy/ptII/ptolemy/actor/lib/test/auto/DiscreteClock11.xml
3 ms. Memory: 583680K Free: 203128K (35%)
----------------- Invoking toplevel() on ptolemy.moml.MoMLSimpleApplication@45bd1719
----------------- Done invoking toplevel() on ptolemy.moml.MoMLSimpleApplication@45bd1719
reloadAllAccessors: .DiscreteClock11

===========================================================================================
----------------- testing Tue Jul 09 20:00:20 UTC 2019 /home/travis/build/icyphy/ptII/ptolemy/actor/lib/test/auto/DiscreteClock12.xml
----------------- Instantiating /home/travis/build/icyphy/ptII/ptolemy/actor/lib/test/auto/DiscreteClock12.xml
3 ms. Memory: 583680K Free: 197498K (34%)
----------------- Invoking toplevel() on ptolemy.moml.MoMLSimpleApplication@535d15db
----------------- Done invoking toplevel() on ptolemy.moml.MoMLSimpleApplication@535d15db
reloadAllAccessors: .DiscreteClock12

===========================================================================================
----------------- testing Tue Jul 09 20:00:20 UTC 2019 /home/travis/build/icyphy/ptII/ptolemy/actor/lib/test/auto/DiscreteClock13.xml
----------------- Instantiating /home/travis/build/icyphy/ptII/ptolemy/actor/lib/test/auto/DiscreteClock13.xml
6 ms. Memory: 583680K Free: 191354K (33%)
----------------- Invoking toplevel() on ptolemy.moml.MoMLSimpleApplication@99dbd44
----------------- Done invoking toplevel() on ptolemy.moml.MoMLSimpleApplication@99dbd44
reloadAllAccessors: .DiscreteClock13

===========================================================================================
----------------- testing Tue Jul 09 20:00:20 UTC 2019 /home/travis/build/icyphy/ptII/ptolemy/actor/lib/test/auto/DiscreteClock14.xml
----------------- Instantiating /home/travis/build/icyphy/ptII/ptolemy/actor/lib/test/auto/DiscreteClock14.xml
6 ms. Memory: 583680K Free: 531125K (91%)
----------------- Invoking toplevel() on ptolemy.moml.MoMLSimpleApplication@4398547b
----------------- Done invoking toplevel() on ptolemy.moml.MoMLSimpleApplication@4398547b
reloadAllAccessors: .DiscreteClock14

===========================================================================================
----------------- testing Tue Jul 09 20:00:20 UTC 2019 /home/travis/build/icyphy/ptII/ptolemy/actor/lib/test/auto/DiscreteClock15.xml
----------------- Instantiating /home/travis/build/icyphy/ptII/ptolemy/actor/lib/test/auto/DiscreteClock15.xml
5 ms. Memory: 583680K Free: 524981K (90%)
----------------- Invoking toplevel() on ptolemy.moml.MoMLSimpleApplication@74eaed47
----------------- Done invoking toplevel() on ptolemy.moml.MoMLSimpleApplication@74eaed47
reloadAllAccessors: .DiscreteClock15

===========================================================================================
----------------- testing Tue Jul 09 20:00:20 UTC 2019 /home/travis/build/icyphy/ptII/ptolemy/actor/lib/test/auto/DiscreteClock16.xml
----------------- Instantiating /home/travis/build/icyphy/ptII/ptolemy/actor/lib/test/auto/DiscreteClock16.xml
18 ms. Memory: 583680K Free: 511669K (88%)
----------------- Invoking toplevel() on ptolemy.moml.MoMLSimpleApplication@a36195b
----------------- Done invoking toplevel() on ptolemy.moml.MoMLSimpleApplication@a36195b
reloadAllAccessors: .DiscreteClock16

===========================================================================================
----------------- testing Tue Jul 09 20:00:20 UTC 2019 /home/travis/build/icyphy/ptII/ptolemy/actor/lib/test/auto/DiscreteClock17.xml
----------------- Instantiating /home/travis/build/icyphy/ptII/ptolemy/actor/lib/test/auto/DiscreteClock17.xml
17 ms. Memory: 583680K Free: 496805K (85%)
----------------- Invoking toplevel() on ptolemy.moml.MoMLSimpleApplication@10c78e0d
----------------- Done invoking toplevel() on ptolemy.moml.MoMLSimpleApplication@10c78e0d
reloadAllAccessors: .DiscreteClock17

===========================================================================================
----------------- testing Tue Jul 09 20:00:20 UTC 2019 /home/travis/build/icyphy/ptII/ptolemy/actor/lib/test/auto/DiscreteClock18.xml
----------------- Instantiating /home/travis/build/icyphy/ptII/ptolemy/actor/lib/test/auto/DiscreteClock18.xml
25 ms. Memory: 583680K Free: 482997K (83%)
----------------- Invoking toplevel() on ptolemy.moml.MoMLSimpleApplication@4c82f7b7
----------------- Done invoking toplevel() on ptolemy.moml.MoMLSimpleApplication@4c82f7b7
reloadAllAccessors: .DiscreteClock18

===========================================================================================
----------------- testing Tue Jul 09 20:00:20 UTC 2019 /home/travis/build/icyphy/ptII/ptolemy/actor/lib/test/auto/DiscreteClock19.xml
----------------- Instantiating /home/travis/build/icyphy/ptII/ptolemy/actor/lib/test/auto/DiscreteClock19.xml
19 ms. Memory: 583680K Free: 469157K (80%)
----------------- Invoking toplevel() on ptolemy.moml.MoMLSimpleApplication@61a83077
----------------- Done invoking toplevel() on ptolemy.moml.MoMLSimpleApplication@61a83077
reloadAllAccessors: .DiscreteClock19

===========================================================================================
----------------- testing Tue Jul 09 20:00:20 UTC 2019 /home/travis/build/icyphy/ptII/ptolemy/actor/lib/test/auto/DiscreteClock2.xml
----------------- Instantiating /home/travis/build/icyphy/ptII/ptolemy/actor/lib/test/auto/DiscreteClock2.xml
5 ms. Memory: 583680K Free: 464565K (80%)
----------------- Invoking toplevel() on ptolemy.moml.MoMLSimpleApplication@258c220d
----------------- Done invoking toplevel() on ptolemy.moml.MoMLSimpleApplication@258c220d
reloadAllAccessors: .DiscreteClock2

===========================================================================================
----------------- testing Tue Jul 09 20:00:20 UTC 2019 /home/travis/build/icyphy/ptII/ptolemy/actor/lib/test/auto/DiscreteClock20.xml
----------------- Instantiating /home/travis/build/icyphy/ptII/ptolemy/actor/lib/test/auto/DiscreteClock20.xml
7 ms. Memory: 583680K Free: 458931K (79%)
----------------- Invoking toplevel() on ptolemy.moml.MoMLSimpleApplication@46490766
----------------- Done invoking toplevel() on ptolemy.moml.MoMLSimpleApplication@46490766
reloadAllAccessors: .DiscreteClock20

===========================================================================================
----------------- testing Tue Jul 09 20:00:20 UTC 2019 /home/travis/build/icyphy/ptII/ptolemy/actor/lib/test/auto/DiscreteClock21.xml
----------------- Instantiating /home/travis/build/icyphy/ptII/ptolemy/actor/lib/test/auto/DiscreteClock21.xml
6 ms. Memory: 583680K Free: 453301K (78%)
----------------- Invoking toplevel() on ptolemy.moml.MoMLSimpleApplication@e7c78d6
----------------- Done invoking toplevel() on ptolemy.moml.MoMLSimpleApplication@e7c78d6
reloadAllAccessors: .DiscreteClock21

===========================================================================================
----------------- testing Tue Jul 09 20:00:20 UTC 2019 /home/travis/build/icyphy/ptII/ptolemy/actor/lib/test/auto/DiscreteClock22.xml
----------------- Instantiating /home/travis/build/icyphy/ptII/ptolemy/actor/lib/test/auto/DiscreteClock22.xml
6 ms. Memory: 583680K Free: 447667K (77%)
----------------- Invoking toplevel() on ptolemy.moml.MoMLSimpleApplication@259c34c2
----------------- Done invoking toplevel() on ptolemy.moml.MoMLSimpleApplication@259c34c2
reloadAllAccessors: .DiscreteClock22

===========================================================================================
----------------- testing Tue Jul 09 20:00:20 UTC 2019 /home/travis/build/icyphy/ptII/ptolemy/actor/lib/test/auto/DiscreteClock23.xml
----------------- Instantiating /home/travis/build/icyphy/ptII/ptolemy/actor/lib/test/auto/DiscreteClock23.xml
11 ms. Memory: 583680K Free: 442547K (76%)
----------------- Invoking toplevel() on ptolemy.moml.MoMLSimpleApplication@107dabf4
----------------- Done invoking toplevel() on ptolemy.moml.MoMLSimpleApplication@107dabf4
reloadAllAccessors: .DiscreteClock23

===========================================================================================
----------------- testing Tue Jul 09 20:00:21 UTC 2019 /home/travis/build/icyphy/ptII/ptolemy/actor/lib/test/auto/DiscreteClock24.xml
----------------- Instantiating /home/travis/build/icyphy/ptII/ptolemy/actor/lib/test/auto/DiscreteClock24.xml
5 ms. Memory: 583680K Free: 436917K (75%)
----------------- Invoking toplevel() on ptolemy.moml.MoMLSimpleApplication@b95433b
----------------- Done invoking toplevel() on ptolemy.moml.MoMLSimpleApplication@b95433b
reloadAllAccessors: .DiscreteClock24

===========================================================================================
----------------- testing Tue Jul 09 20:00:21 UTC 2019 /home/travis/build/icyphy/ptII/ptolemy/actor/lib/test/auto/DiscreteClock4.xml
----------------- Instantiating /home/travis/build/icyphy/ptII/ptolemy/actor/lib/test/auto/DiscreteClock4.xml
4 ms. Memory: 583680K Free: 431283K (74%)
----------------- Invoking toplevel() on ptolemy.moml.MoMLSimpleApplication@7cfcb216
----------------- Done invoking toplevel() on ptolemy.moml.MoMLSimpleApplication@7cfcb216
reloadAllAccessors: .DiscreteClock4

===========================================================================================
----------------- testing Tue Jul 09 20:00:21 UTC 2019 /home/travis/build/icyphy/ptII/ptolemy/actor/lib/test/auto/DiscreteClock5.xml
----------------- Instantiating /home/travis/build/icyphy/ptII/ptolemy/actor/lib/test/auto/DiscreteClock5.xml
1 ms. Memory: 583680K Free: 425653K (73%)
----------------- Invoking toplevel() on ptolemy.moml.MoMLSimpleApplication@3a685ed4
----------------- Done invoking toplevel() on ptolemy.moml.MoMLSimpleApplication@3a685ed4
reloadAllAccessors: .DiscreteClock5

===========================================================================================
----------------- testing Tue Jul 09 20:00:21 UTC 2019 /home/travis/build/icyphy/ptII/ptolemy/actor/lib/test/auto/DiscreteClock6.xml
----------------- Instantiating /home/travis/build/icyphy/ptII/ptolemy/actor/lib/test/auto/DiscreteClock6.xml
1 ms. Memory: 583680K Free: 421557K (72%)
----------------- Invoking toplevel() on ptolemy.moml.MoMLSimpleApplication@191c73cb
----------------- Done invoking toplevel() on ptolemy.moml.MoMLSimpleApplication@191c73cb
reloadAllAccessors: .DiscreteClock6

===========================================================================================
----------------- testing Tue Jul 09 20:00:21 UTC 2019 /home/travis/build/icyphy/ptII/ptolemy/actor/lib/test/auto/DiscreteClock7.xml
----------------- Instantiating /home/travis/build/icyphy/ptII/ptolemy/actor/lib/test/auto/DiscreteClock7.xml
1 ms. Memory: 583680K Free: 416947K (71%)
----------------- Invoking toplevel() on ptolemy.moml.MoMLSimpleApplication@1b391808
----------------- Done invoking toplevel() on ptolemy.moml.MoMLSimpleApplication@1b391808
reloadAllAccessors: .DiscreteClock7

===========================================================================================
----------------- testing Tue Jul 09 20:00:21 UTC 2019 /home/travis/build/icyphy/ptII/ptolemy/actor/lib/test/auto/DiscreteClock8.xml
----------------- Instantiating /home/travis/build/icyphy/ptII/ptolemy/actor/lib/test/auto/DiscreteClock8.xml
4 ms. Memory: 583680K Free: 411317K (70%)
----------------- Invoking toplevel() on ptolemy.moml.MoMLSimpleApplication@2d7865cb
----------------- Done invoking toplevel() on ptolemy.moml.MoMLSimpleApplication@2d7865cb
reloadAllAccessors: .DiscreteClock8

===========================================================================================
----------------- testing Tue Jul 09 20:00:21 UTC 2019 /home/travis/build/icyphy/ptII/ptolemy/actor/lib/test/auto/DiscreteClock9.xml
----------------- Instantiating /home/travis/build/icyphy/ptII/ptolemy/actor/lib/test/auto/DiscreteClock9.xml
3 ms. Memory: 583680K Free: 405173K (69%)
----------------- Invoking toplevel() on ptolemy.moml.MoMLSimpleApplication@6a99a424
----------------- Done invoking toplevel() on ptolemy.moml.MoMLSimpleApplication@6a99a424
reloadAllAccessors: .DiscreteClock9

===========================================================================================
----------------- testing Tue Jul 09 20:00:21 UTC 2019 /home/travis/build/icyphy/ptII/ptolemy/actor/lib/test/auto/DisplayArray.xml
----------------- Instantiating /home/travis/build/icyphy/ptII/ptolemy/actor/lib/test/auto/DisplayArray.xml
1 ms. Memory: 583680K Free: 402101K (69%)
----------------- Invoking toplevel() on ptolemy.moml.MoMLSimpleApplication@3df0d056
----------------- Done invoking toplevel() on ptolemy.moml.MoMLSimpleApplication@3df0d056
reloadAllAccessors: .DisplayArray

===========================================================================================
----------------- testing Tue Jul 09 20:00:21 UTC 2019 /home/travis/build/icyphy/ptII/ptolemy/actor/lib/test/auto/Distributor.xml
----------------- Instantiating /home/travis/build/icyphy/ptII/ptolemy/actor/lib/test/auto/Distributor.xml
2 ms. Memory: 583680K Free: 397491K (68%)
----------------- Invoking toplevel() on ptolemy.moml.MoMLSimpleApplication@7a704034
----------------- Done invoking toplevel() on ptolemy.moml.MoMLSimpleApplication@7a704034
reloadAllAccessors: .Distributor

===========================================================================================
----------------- testing Tue Jul 09 20:00:21 UTC 2019 /home/travis/build/icyphy/ptII/ptolemy/actor/lib/test/auto/Distributor2.xml
----------------- Instantiating /home/travis/build/icyphy/ptII/ptolemy/actor/lib/test/auto/Distributor2.xml
2 ms. Memory: 583680K Free: 392371K (67%)
----------------- Invoking toplevel() on ptolemy.moml.MoMLSimpleApplication@2f58320
----------------- Done invoking toplevel() on ptolemy.moml.MoMLSimpleApplication@2f58320
reloadAllAccessors: .Distributor2

===========================================================================================
----------------- testing Tue Jul 09 20:00:21 UTC 2019 /home/travis/build/icyphy/ptII/ptolemy/actor/lib/test/auto/DownSample.xml
----------------- Instantiating /home/travis/build/icyphy/ptII/ptolemy/actor/lib/test/auto/DownSample.xml
1 ms. Memory: 583680K Free: 387765K (66%)
----------------- Invoking toplevel() on ptolemy.moml.MoMLSimpleApplication@7635e148
----------------- Done invoking toplevel() on ptolemy.moml.MoMLSimpleApplication@7635e148
reloadAllAccessors: .DownSample

===========================================================================================
----------------- testing Tue Jul 09 20:00:21 UTC 2019 /home/travis/build/icyphy/ptII/ptolemy/actor/lib/test/auto/ElectronicUnitBase1.xml
----------------- Instantiating /home/travis/build/icyphy/ptII/ptolemy/actor/lib/test/auto/ElectronicUnitBase1.xml
21 ms. Memory: 583680K Free: 371891K (64%)
----------------- Invoking toplevel() on ptolemy.moml.MoMLSimpleApplication@7e72fc66
----------------- Done invoking toplevel() on ptolemy.moml.MoMLSimpleApplication@7e72fc66
reloadAllAccessors: .ElectronicUnitBase1

===========================================================================================
----------------- testing Tue Jul 09 20:00:21 UTC 2019 /home/travis/build/icyphy/ptII/ptolemy/actor/lib/test/auto/ElementsToArray.xml
----------------- Instantiating /home/travis/build/icyphy/ptII/ptolemy/actor/lib/test/auto/ElementsToArray.xml
3 ms. Memory: 583680K Free: 367285K (63%)
----------------- Invoking toplevel() on ptolemy.moml.MoMLSimpleApplication@6b56f120
----------------- Done invoking toplevel() on ptolemy.moml.MoMLSimpleApplication@6b56f120
reloadAllAccessors: .ElementsToArray

===========================================================================================
----------------- testing Tue Jul 09 20:00:21 UTC 2019 /home/travis/build/icyphy/ptII/ptolemy/actor/lib/test/auto/Equals.xml
----------------- Instantiating /home/travis/build/icyphy/ptII/ptolemy/actor/lib/test/auto/Equals.xml
4 ms. Memory: 583680K Free: 362675K (62%)
----------------- Invoking toplevel() on ptolemy.moml.MoMLSimpleApplication@5013d51e
----------------- Done invoking toplevel() on ptolemy.moml.MoMLSimpleApplication@5013d51e
reloadAllAccessors: .Equals

===========================================================================================
----------------- testing Tue Jul 09 20:00:21 UTC 2019 /home/travis/build/icyphy/ptII/ptolemy/actor/lib/test/auto/Exec.xml
----------------- Instantiating /home/travis/build/icyphy/ptII/ptolemy/actor/lib/test/auto/Exec.xml
21 ms. Memory: 583680K Free: 357555K (61%)
----------------- Invoking toplevel() on ptolemy.moml.MoMLSimpleApplication@6a0f7588
----------------- Done invoking toplevel() on ptolemy.moml.MoMLSimpleApplication@6a0f7588
reloadAllAccessors: .Exec

===========================================================================================
----------------- testing Tue Jul 09 20:00:21 UTC 2019 /home/travis/build/icyphy/ptII/ptolemy/actor/lib/test/auto/ExecEnvironment.xml
----------------- Instantiating /home/travis/build/icyphy/ptII/ptolemy/actor/lib/test/auto/ExecEnvironment.xml
38 ms. Memory: 583680K Free: 352405K (60%)
----------------- Invoking toplevel() on ptolemy.moml.MoMLSimpleApplication@69b1ae85
----------------- Done invoking toplevel() on ptolemy.moml.MoMLSimpleApplication@69b1ae85
reloadAllAccessors: .ExecEnvironment

===========================================================================================
----------------- testing Tue Jul 09 20:00:21 UTC 2019 /home/travis/build/icyphy/ptII/ptolemy/actor/lib/test/auto/ExecNonZeroReturnOutput.xml
----------------- Instantiating /home/travis/build/icyphy/ptII/ptolemy/actor/lib/test/auto/ExecNonZeroReturnOutput.xml
193 ms. Memory: 583680K Free: 341171K (58%)
----------------- Invoking toplevel() on ptolemy.moml.MoMLSimpleApplication@5040b03e
----------------- Done invoking toplevel() on ptolemy.moml.MoMLSimpleApplication@5040b03e
reloadAllAccessors: .ExecNonZeroReturnOutput

===========================================================================================
----------------- testing Tue Jul 09 20:00:21 UTC 2019 /home/travis/build/icyphy/ptII/ptolemy/actor/lib/test/auto/ExecRunDemos.xml
----------------- Instantiating /home/travis/build/icyphy/ptII/ptolemy/actor/lib/test/auto/ExecRunDemos.xml
11368 ms. Memory: 583680K Free: 321205K (55%)

===========================================================================================
----------------- testing Tue Jul 09 20:00:33 UTC 2019 /home/travis/build/icyphy/ptII/ptolemy/actor/lib/test/auto/ExecStop.xml
----------------- Instantiating /home/travis/build/icyphy/ptII/ptolemy/actor/lib/test/auto/ExecStop.xml
5020 ms. Memory: 583680K Free: 197301K (34%)
----------------- Invoking toplevel() on ptolemy.moml.MoMLSimpleApplication@10e1b8c2
----------------- Done invoking toplevel() on ptolemy.moml.MoMLSimpleApplication@10e1b8c2
reloadAllAccessors: .ExecStop

===========================================================================================
----------------- testing Tue Jul 09 20:00:38 UTC 2019 /home/travis/build/icyphy/ptII/ptolemy/actor/lib/test/auto/ExecutionTimeSDF.xml
----------------- Instantiating /home/travis/build/icyphy/ptII/ptolemy/actor/lib/test/auto/ExecutionTimeSDF.xml
Fired ExecutionTime: -2057767296
Fired ExecutionTime: 1046800000
Fired ExecutionTime: 1079200000
6011 ms. Memory: 583680K Free: 530387K (91%)
----------------- Invoking toplevel() on ptolemy.moml.MoMLSimpleApplication@42336314
----------------- Done invoking toplevel() on ptolemy.moml.MoMLSimpleApplication@42336314
reloadAllAccessors: .ExecutionTimeSDF

===========================================================================================
----------------- testing Tue Jul 09 20:00:44 UTC 2019 /home/travis/build/icyphy/ptII/ptolemy/actor/lib/test/auto/Expression1.xml
----------------- Instantiating /home/travis/build/icyphy/ptII/ptolemy/actor/lib/test/auto/Expression1.xml
2 ms. Memory: 583680K Free: 526801K (90%)
----------------- Invoking toplevel() on ptolemy.moml.MoMLSimpleApplication@cd51ea8
----------------- Done invoking toplevel() on ptolemy.moml.MoMLSimpleApplication@cd51ea8
reloadAllAccessors: .Expression1

===========================================================================================
----------------- testing Tue Jul 09 20:00:44 UTC 2019 /home/travis/build/icyphy/ptII/ptolemy/actor/lib/test/auto/Expression10.xml
----------------- Instantiating /home/travis/build/icyphy/ptII/ptolemy/actor/lib/test/auto/Expression10.xml
5 ms. Memory: 583680K Free: 521171K (89%)
----------------- Invoking toplevel() on ptolemy.moml.MoMLSimpleApplication@4c72983e
----------------- Done invoking toplevel() on ptolemy.moml.MoMLSimpleApplication@4c72983e
reloadAllAccessors: .Expression10

===========================================================================================
----------------- testing Tue Jul 09 20:00:44 UTC 2019 /home/travis/build/icyphy/ptII/ptolemy/actor/lib/test/auto/Expression11.xml
----------------- Instantiating /home/travis/build/icyphy/ptII/ptolemy/actor/lib/test/auto/Expression11.xml
2 ms. Memory: 583680K Free: 516561K (89%)
----------------- Invoking toplevel() on ptolemy.moml.MoMLSimpleApplication@5175229a
----------------- Done invoking toplevel() on ptolemy.moml.MoMLSimpleApplication@5175229a
reloadAllAccessors: .Expression11

===========================================================================================
----------------- testing Tue Jul 09 20:00:44 UTC 2019 /home/travis/build/icyphy/ptII/ptolemy/actor/lib/test/auto/Expression12.xml
----------------- Instantiating /home/travis/build/icyphy/ptII/ptolemy/actor/lib/test/auto/Expression12.xml
3 ms. Memory: 583680K Free: 510931K (88%)
----------------- Invoking toplevel() on ptolemy.moml.MoMLSimpleApplication@41951f14
----------------- Done invoking toplevel() on ptolemy.moml.MoMLSimpleApplication@41951f14
reloadAllAccessors: .Expression12

===========================================================================================
----------------- testing Tue Jul 09 20:00:44 UTC 2019 /home/travis/build/icyphy/ptII/ptolemy/actor/lib/test/auto/Expression13.xml
----------------- Instantiating /home/travis/build/icyphy/ptII/ptolemy/actor/lib/test/auto/Expression13.xml
3 ms. Memory: 583680K Free: 506321K (87%)
----------------- Invoking toplevel() on ptolemy.moml.MoMLSimpleApplication@6c272e56
----------------- Done invoking toplevel() on ptolemy.moml.MoMLSimpleApplication@6c272e56
reloadAllAccessors: .Expression13

===========================================================================================
----------------- testing Tue Jul 09 20:00:44 UTC 2019 /home/travis/build/icyphy/ptII/ptolemy/actor/lib/test/auto/Expression14.xml
----------------- Instantiating /home/travis/build/icyphy/ptII/ptolemy/actor/lib/test/auto/Expression14.xml
5 ms. Memory: 583680K Free: 500177K (86%)
----------------- Invoking toplevel() on ptolemy.moml.MoMLSimpleApplication@b4ff8a8
----------------- Done invoking toplevel() on ptolemy.moml.MoMLSimpleApplication@b4ff8a8
reloadAllAccessors: .Expression14

===========================================================================================
----------------- testing Tue Jul 09 20:00:44 UTC 2019 /home/travis/build/icyphy/ptII/ptolemy/actor/lib/test/auto/Expression15.xml
----------------- Instantiating /home/travis/build/icyphy/ptII/ptolemy/actor/lib/test/auto/Expression15.xml
2 ms. Memory: 583680K Free: 496081K (85%)
----------------- Invoking toplevel() on ptolemy.moml.MoMLSimpleApplication@42f50b83
----------------- Done invoking toplevel() on ptolemy.moml.MoMLSimpleApplication@42f50b83
reloadAllAccessors: .Expression15

===========================================================================================
----------------- testing Tue Jul 09 20:00:44 UTC 2019 /home/travis/build/icyphy/ptII/ptolemy/actor/lib/test/auto/Expression16.xml
----------------- Instantiating /home/travis/build/icyphy/ptII/ptolemy/actor/lib/test/auto/Expression16.xml
4 ms. Memory: 583680K Free: 490961K (84%)
----------------- Invoking toplevel() on ptolemy.moml.MoMLSimpleApplication@3324846d
----------------- Done invoking toplevel() on ptolemy.moml.MoMLSimpleApplication@3324846d
reloadAllAccessors: .Expression16

===========================================================================================
----------------- testing Tue Jul 09 20:00:44 UTC 2019 /home/travis/build/icyphy/ptII/ptolemy/actor/lib/test/auto/Expression17.xml
----------------- Instantiating /home/travis/build/icyphy/ptII/ptolemy/actor/lib/test/auto/Expression17.xml
3 ms. Memory: 583680K Free: 485841K (83%)
----------------- Invoking toplevel() on ptolemy.moml.MoMLSimpleApplication@2a002cb0
----------------- Done invoking toplevel() on ptolemy.moml.MoMLSimpleApplication@2a002cb0
reloadAllAccessors: .Expression17

===========================================================================================
----------------- testing Tue Jul 09 20:00:44 UTC 2019 /home/travis/build/icyphy/ptII/ptolemy/actor/lib/test/auto/Expression18.xml
----------------- Instantiating /home/travis/build/icyphy/ptII/ptolemy/actor/lib/test/auto/Expression18.xml
3 ms. Memory: 583680K Free: 480721K (82%)
----------------- Invoking toplevel() on ptolemy.moml.MoMLSimpleApplication@2c434ab3
----------------- Done invoking toplevel() on ptolemy.moml.MoMLSimpleApplication@2c434ab3
reloadAllAccessors: .Expression18

===========================================================================================
----------------- testing Tue Jul 09 20:00:44 UTC 2019 /home/travis/build/icyphy/ptII/ptolemy/actor/lib/test/auto/Expression2.xml
----------------- Instantiating /home/travis/build/icyphy/ptII/ptolemy/actor/lib/test/auto/Expression2.xml
3 ms. Memory: 583680K Free: 475601K (81%)
----------------- Invoking toplevel() on ptolemy.moml.MoMLSimpleApplication@173c5d05
----------------- Done invoking toplevel() on ptolemy.moml.MoMLSimpleApplication@173c5d05
reloadAllAccessors: .Expression2

===========================================================================================
----------------- testing Tue Jul 09 20:00:44 UTC 2019 /home/travis/build/icyphy/ptII/ptolemy/actor/lib/test/auto/Expression3.xml
----------------- Instantiating /home/travis/build/icyphy/ptII/ptolemy/actor/lib/test/auto/Expression3.xml
3 ms. Memory: 583680K Free: 470481K (81%)
----------------- Invoking toplevel() on ptolemy.moml.MoMLSimpleApplication@2d869682
----------------- Done invoking toplevel() on ptolemy.moml.MoMLSimpleApplication@2d869682
reloadAllAccessors: .Expression3

===========================================================================================
----------------- testing Tue Jul 09 20:00:44 UTC 2019 /home/travis/build/icyphy/ptII/ptolemy/actor/lib/test/auto/Expression4.xml
----------------- Instantiating /home/travis/build/icyphy/ptII/ptolemy/actor/lib/test/auto/Expression4.xml
7 ms. Memory: 583680K Free: 462803K (79%)
----------------- Invoking toplevel() on ptolemy.moml.MoMLSimpleApplication@27956e15
----------------- Done invoking toplevel() on ptolemy.moml.MoMLSimpleApplication@27956e15
reloadAllAccessors: .Expression4

===========================================================================================
----------------- testing Tue Jul 09 20:00:44 UTC 2019 /home/travis/build/icyphy/ptII/ptolemy/actor/lib/test/auto/Expression5.xml
----------------- Instantiating /home/travis/build/icyphy/ptII/ptolemy/actor/lib/test/auto/Expression5.xml
6 ms. Memory: 583680K Free: 457683K (78%)
----------------- Invoking toplevel() on ptolemy.moml.MoMLSimpleApplication@1fe62396
----------------- Done invoking toplevel() on ptolemy.moml.MoMLSimpleApplication@1fe62396
reloadAllAccessors: .Expression5

===========================================================================================
----------------- testing Tue Jul 09 20:00:44 UTC 2019 /home/travis/build/icyphy/ptII/ptolemy/actor/lib/test/auto/Expression6.xml
----------------- Instantiating /home/travis/build/icyphy/ptII/ptolemy/actor/lib/test/auto/Expression6.xml
3 ms. Memory: 583680K Free: 453587K (78%)
----------------- Invoking toplevel() on ptolemy.moml.MoMLSimpleApplication@244c9e9c
----------------- Done invoking toplevel() on ptolemy.moml.MoMLSimpleApplication@244c9e9c
reloadAllAccessors: .Expression6

===========================================================================================
----------------- testing Tue Jul 09 20:00:44 UTC 2019 /home/travis/build/icyphy/ptII/ptolemy/actor/lib/test/auto/Expression7.xml
----------------- Instantiating /home/travis/build/icyphy/ptII/ptolemy/actor/lib/test/auto/Expression7.xml
2 ms. Memory: 583680K Free: 448467K (77%)
----------------- Invoking toplevel() on ptolemy.moml.MoMLSimpleApplication@3ff78bb0
----------------- Done invoking toplevel() on ptolemy.moml.MoMLSimpleApplication@3ff78bb0
reloadAllAccessors: .Expression7

===========================================================================================
----------------- testing Tue Jul 09 20:00:44 UTC 2019 /home/travis/build/icyphy/ptII/ptolemy/actor/lib/test/auto/Expression8.xml
----------------- Instantiating /home/travis/build/icyphy/ptII/ptolemy/actor/lib/test/auto/Expression8.xml
9 ms. Memory: 583680K Free: 443347K (76%)
----------------- Invoking toplevel() on ptolemy.moml.MoMLSimpleApplication@105b0d7d
----------------- Done invoking toplevel() on ptolemy.moml.MoMLSimpleApplication@105b0d7d
reloadAllAccessors: .Expression8

===========================================================================================
----------------- testing Tue Jul 09 20:00:44 UTC 2019 /home/travis/build/icyphy/ptII/ptolemy/actor/lib/test/auto/Expression9.xml
----------------- Instantiating /home/travis/build/icyphy/ptII/ptolemy/actor/lib/test/auto/Expression9.xml
1 ms. Memory: 583680K Free: 439251K (75%)
----------------- Invoking toplevel() on ptolemy.moml.MoMLSimpleApplication@53fcd647
----------------- Done invoking toplevel() on ptolemy.moml.MoMLSimpleApplication@53fcd647
reloadAllAccessors: .Expression9

===========================================================================================
----------------- testing Tue Jul 09 20:00:44 UTC 2019 /home/travis/build/icyphy/ptII/ptolemy/actor/lib/test/auto/ExpressionConcatenateArrayType.xml
----------------- Instantiating /home/travis/build/icyphy/ptII/ptolemy/actor/lib/test/auto/ExpressionConcatenateArrayType.xml
3 ms. Memory: 583680K Free: 432593K (74%)
----------------- Invoking toplevel() on ptolemy.moml.MoMLSimpleApplication@292d6db3
----------------- Done invoking toplevel() on ptolemy.moml.MoMLSimpleApplication@292d6db3
reloadAllAccessors: .ExpressionConcatenateArrayType

===========================================================================================
----------------- testing Tue Jul 09 20:00:44 UTC 2019 /home/travis/build/icyphy/ptII/ptolemy/actor/lib/test/auto/ExpressionConcatenateArrayType2.xml
----------------- Instantiating /home/travis/build/icyphy/ptII/ptolemy/actor/lib/test/auto/ExpressionConcatenateArrayType2.xml
2 ms. Memory: 583680K Free: 427473K (73%)
----------------- Invoking toplevel() on ptolemy.moml.MoMLSimpleApplication@729f812a
----------------- Done invoking toplevel() on ptolemy.moml.MoMLSimpleApplication@729f812a
reloadAllAccessors: .ExpressionConcatenateArrayType2

===========================================================================================
----------------- testing Tue Jul 09 20:00:44 UTC 2019 /home/travis/build/icyphy/ptII/ptolemy/actor/lib/test/auto/ExpressionFix.xml
----------------- Instantiating /home/travis/build/icyphy/ptII/ptolemy/actor/lib/test/auto/ExpressionFix.xml
24 ms. Memory: 583680K Free: 420819K (72%)
----------------- Invoking toplevel() on ptolemy.moml.MoMLSimpleApplication@6277e64b
----------------- Done invoking toplevel() on ptolemy.moml.MoMLSimpleApplication@6277e64b
reloadAllAccessors: .ExpressionFix

===========================================================================================
----------------- testing Tue Jul 09 20:00:44 UTC 2019 /home/travis/build/icyphy/ptII/ptolemy/actor/lib/test/auto/ExpressionFix2.xml
----------------- Instantiating /home/travis/build/icyphy/ptII/ptolemy/actor/lib/test/auto/ExpressionFix2.xml
4 ms. Memory: 583680K Free: 416723K (71%)
----------------- Invoking toplevel() on ptolemy.moml.MoMLSimpleApplication@7da53570
----------------- Done invoking toplevel() on ptolemy.moml.MoMLSimpleApplication@7da53570
reloadAllAccessors: .ExpressionFix2

===========================================================================================
----------------- testing Tue Jul 09 20:00:44 UTC 2019 /home/travis/build/icyphy/ptII/ptolemy/actor/lib/test/auto/ExpressionFix3.xml
----------------- Instantiating /home/travis/build/icyphy/ptII/ptolemy/actor/lib/test/auto/ExpressionFix3.xml
3 ms. Memory: 583680K Free: 412113K (71%)
----------------- Invoking toplevel() on ptolemy.moml.MoMLSimpleApplication@57529dd0
----------------- Done invoking toplevel() on ptolemy.moml.MoMLSimpleApplication@57529dd0
reloadAllAccessors: .ExpressionFix3

===========================================================================================
----------------- testing Tue Jul 09 20:00:44 UTC 2019 /home/travis/build/icyphy/ptII/ptolemy/actor/lib/test/auto/FileWriter1.xml
----------------- Instantiating /home/travis/build/icyphy/ptII/ptolemy/actor/lib/test/auto/FileWriter1.xml
3 ms. Memory: 583680K Free: 408017K (70%)
----------------- Invoking toplevel() on ptolemy.moml.MoMLSimpleApplication@3eaf1010
----------------- Done invoking toplevel() on ptolemy.moml.MoMLSimpleApplication@3eaf1010
reloadAllAccessors: .FileWriter1

===========================================================================================
----------------- testing Tue Jul 09 20:00:44 UTC 2019 /home/travis/build/icyphy/ptII/ptolemy/actor/lib/test/auto/FileWriter2.xml
----------------- Instantiating /home/travis/build/icyphy/ptII/ptolemy/actor/lib/test/auto/FileWriter2.xml
8 ms. Memory: 583680K Free: 403907K (69%)
----------------- Invoking toplevel() on ptolemy.moml.MoMLSimpleApplication@49dcd3b
----------------- Done invoking toplevel() on ptolemy.moml.MoMLSimpleApplication@49dcd3b
reloadAllAccessors: .FileWriter2

===========================================================================================
----------------- testing Tue Jul 09 20:00:44 UTC 2019 /home/travis/build/icyphy/ptII/ptolemy/actor/lib/test/auto/FileWriter3.xml
----------------- Instantiating /home/travis/build/icyphy/ptII/ptolemy/actor/lib/test/auto/FileWriter3.xml
4 ms. Memory: 583680K Free: 400339K (69%)
----------------- Invoking toplevel() on ptolemy.moml.MoMLSimpleApplication@6b98bfd3
----------------- Done invoking toplevel() on ptolemy.moml.MoMLSimpleApplication@6b98bfd3
reloadAllAccessors: .FileWriter3

===========================================================================================
----------------- testing Tue Jul 09 20:00:44 UTC 2019 /home/travis/build/icyphy/ptII/ptolemy/actor/lib/test/auto/Gaussian.xml
----------------- Instantiating /home/travis/build/icyphy/ptII/ptolemy/actor/lib/test/auto/Gaussian.xml
4 ms. Memory: 583680K Free: 395729K (68%)
----------------- Invoking toplevel() on ptolemy.moml.MoMLSimpleApplication@7bc10159
----------------- Done invoking toplevel() on ptolemy.moml.MoMLSimpleApplication@7bc10159
reloadAllAccessors: .Gaussian

===========================================================================================
----------------- testing Tue Jul 09 20:00:44 UTC 2019 /home/travis/build/icyphy/ptII/ptolemy/actor/lib/test/auto/Gaussian1.xml
----------------- Instantiating /home/travis/build/icyphy/ptII/ptolemy/actor/lib/test/auto/Gaussian1.xml
10 ms. Memory: 583680K Free: 390099K (67%)
----------------- Invoking toplevel() on ptolemy.moml.MoMLSimpleApplication@53a1494e
----------------- Done invoking toplevel() on ptolemy.moml.MoMLSimpleApplication@53a1494e
reloadAllAccessors: .Gaussian1

===========================================================================================
----------------- testing Tue Jul 09 20:00:44 UTC 2019 /home/travis/build/icyphy/ptII/ptolemy/actor/lib/test/auto/Gaussian2.xml
----------------- Instantiating /home/travis/build/icyphy/ptII/ptolemy/actor/lib/test/auto/Gaussian2.xml
2 ms. Memory: 583680K Free: 384451K (66%)
----------------- Invoking toplevel() on ptolemy.moml.MoMLSimpleApplication@5b295c4d
----------------- Done invoking toplevel() on ptolemy.moml.MoMLSimpleApplication@5b295c4d
reloadAllAccessors: .Gaussian2

===========================================================================================
----------------- testing Tue Jul 09 20:00:44 UTC 2019 /home/travis/build/icyphy/ptII/ptolemy/actor/lib/test/auto/GradientAdaptiveLattice.xml
----------------- Instantiating /home/travis/build/icyphy/ptII/ptolemy/actor/lib/test/auto/GradientAdaptiveLattice.xml
3 ms. Memory: 583680K Free: 379345K (65%)
----------------- Invoking toplevel() on ptolemy.moml.MoMLSimpleApplication@6e36fc97
----------------- Done invoking toplevel() on ptolemy.moml.MoMLSimpleApplication@6e36fc97
reloadAllAccessors: .GradientAdaptiveLattice

===========================================================================================
----------------- testing Tue Jul 09 20:00:44 UTC 2019 /home/travis/build/icyphy/ptII/ptolemy/actor/lib/test/auto/IIR.xml
----------------- Instantiating /home/travis/build/icyphy/ptII/ptolemy/actor/lib/test/auto/IIR.xml
1 ms. Memory: 583680K Free: 374739K (64%)
----------------- Invoking toplevel() on ptolemy.moml.MoMLSimpleApplication@366fba59
----------------- Done invoking toplevel() on ptolemy.moml.MoMLSimpleApplication@366fba59
reloadAllAccessors: .IIR

===========================================================================================
----------------- testing Tue Jul 09 20:00:44 UTC 2019 /home/travis/build/icyphy/ptII/ptolemy/actor/lib/test/auto/InputOutputTransparentPorts.xml
----------------- Instantiating /home/travis/build/icyphy/ptII/ptolemy/actor/lib/test/auto/InputOutputTransparentPorts.xml
2 ms. Memory: 583680K Free: 367571K (63%)
----------------- Invoking toplevel() on ptolemy.moml.MoMLSimpleApplication@78135a1b
----------------- Done invoking toplevel() on ptolemy.moml.MoMLSimpleApplication@78135a1b
reloadAllAccessors: .InputOutputTransparentPorts

===========================================================================================
----------------- testing Tue Jul 09 20:00:44 UTC 2019 /home/travis/build/icyphy/ptII/ptolemy/actor/lib/test/auto/Interpolator.xml
----------------- Instantiating /home/travis/build/icyphy/ptII/ptolemy/actor/lib/test/auto/Interpolator.xml
4 ms. Memory: 583680K Free: 363985K (62%)
----------------- Invoking toplevel() on ptolemy.moml.MoMLSimpleApplication@7b48acd9
----------------- Done invoking toplevel() on ptolemy.moml.MoMLSimpleApplication@7b48acd9
reloadAllAccessors: .Interpolator

===========================================================================================
----------------- testing Tue Jul 09 20:00:44 UTC 2019 /home/travis/build/icyphy/ptII/ptolemy/actor/lib/test/auto/InterpolatorFiringLimitDE.xml
----------------- Instantiating /home/travis/build/icyphy/ptII/ptolemy/actor/lib/test/auto/InterpolatorFiringLimitDE.xml
3 ms. Memory: 583680K Free: 357841K (61%)
----------------- Invoking toplevel() on ptolemy.moml.MoMLSimpleApplication@258dc36
----------------- Done invoking toplevel() on ptolemy.moml.MoMLSimpleApplication@258dc36
reloadAllAccessors: .InterpolatorFiringLimitDE

===========================================================================================
----------------- testing Tue Jul 09 20:00:44 UTC 2019 /home/travis/build/icyphy/ptII/ptolemy/actor/lib/test/auto/Lattice.xml
----------------- Instantiating /home/travis/build/icyphy/ptII/ptolemy/actor/lib/test/auto/Lattice.xml
2 ms. Memory: 583680K Free: 353745K (61%)
----------------- Invoking toplevel() on ptolemy.moml.MoMLSimpleApplication@3b828f71
----------------- Done invoking toplevel() on ptolemy.moml.MoMLSimpleApplication@3b828f71
reloadAllAccessors: .Lattice

===========================================================================================
----------------- testing Tue Jul 09 20:00:44 UTC 2019 /home/travis/build/icyphy/ptII/ptolemy/actor/lib/test/auto/LazyAOCTestLazy.xml
----------------- Instantiating /home/travis/build/icyphy/ptII/ptolemy/actor/lib/test/auto/LazyAOCTestLazy.xml
21 ms. Memory: 583680K Free: 347587K (60%)
----------------- Invoking toplevel() on ptolemy.moml.MoMLSimpleApplication@717ad89c
----------------- Done invoking toplevel() on ptolemy.moml.MoMLSimpleApplication@717ad89c
reloadAllAccessors: .LazyAOCTestLazy

===========================================================================================
----------------- testing Tue Jul 09 20:00:44 UTC 2019 /home/travis/build/icyphy/ptII/ptolemy/actor/lib/test/auto/LazyAOCTestNonLazy.xml
----------------- Instantiating /home/travis/build/icyphy/ptII/ptolemy/actor/lib/test/auto/LazyAOCTestNonLazy.xml
2 ms. Memory: 583680K Free: 340947K (58%)
----------------- Invoking toplevel() on ptolemy.moml.MoMLSimpleApplication@3b45d614
----------------- Done invoking toplevel() on ptolemy.moml.MoMLSimpleApplication@3b45d614
reloadAllAccessors: .LazyAOCTestNonLazy

===========================================================================================
----------------- testing Tue Jul 09 20:00:45 UTC 2019 /home/travis/build/icyphy/ptII/ptolemy/actor/lib/test/auto/LazyInnerClass.xml
----------------- Instantiating /home/travis/build/icyphy/ptII/ptolemy/actor/lib/test/auto/LazyInnerClass.xml
12 ms. Memory: 583680K Free: 332227K (57%)
----------------- Invoking toplevel() on ptolemy.moml.MoMLSimpleApplication@288481ea
----------------- Done invoking toplevel() on ptolemy.moml.MoMLSimpleApplication@288481ea
reloadAllAccessors: .LazyInnerClass

===========================================================================================
----------------- testing Tue Jul 09 20:00:45 UTC 2019 /home/travis/build/icyphy/ptII/ptolemy/actor/lib/test/auto/LazyPubSub.xml
----------------- Instantiating /home/travis/build/icyphy/ptII/ptolemy/actor/lib/test/auto/LazyPubSub.xml
32 ms. Memory: 583680K Free: 322001K (55%)
----------------- Invoking toplevel() on ptolemy.moml.MoMLSimpleApplication@63f65d62
----------------- Done invoking toplevel() on ptolemy.moml.MoMLSimpleApplication@63f65d62
reloadAllAccessors: .LazyPubSub

===========================================================================================
----------------- testing Tue Jul 09 20:00:45 UTC 2019 /home/travis/build/icyphy/ptII/ptolemy/actor/lib/test/auto/LazyPubSub2.xml
----------------- Instantiating /home/travis/build/icyphy/ptII/ptolemy/actor/lib/test/auto/LazyPubSub2.xml
25 ms. Memory: 583680K Free: 311761K (53%)
----------------- Invoking toplevel() on ptolemy.moml.MoMLSimpleApplication@718da332
----------------- Done invoking toplevel() on ptolemy.moml.MoMLSimpleApplication@718da332
reloadAllAccessors: .LazyPubSub2

===========================================================================================
----------------- testing Tue Jul 09 20:00:45 UTC 2019 /home/travis/build/icyphy/ptII/ptolemy/actor/lib/test/auto/LazyPubSub3.xml
----------------- Instantiating /home/travis/build/icyphy/ptII/ptolemy/actor/lib/test/auto/LazyPubSub3.xml
14 ms. Memory: 583680K Free: 302035K (52%)
----------------- Invoking toplevel() on ptolemy.moml.MoMLSimpleApplication@12107762
----------------- Done invoking toplevel() on ptolemy.moml.MoMLSimpleApplication@12107762
reloadAllAccessors: .LazyPubSub3

===========================================================================================
----------------- testing Tue Jul 09 20:00:45 UTC 2019 /home/travis/build/icyphy/ptII/ptolemy/actor/lib/test/auto/LazySubClassModel.xml
----------------- Instantiating /home/travis/build/icyphy/ptII/ptolemy/actor/lib/test/auto/LazySubClassModel.xml
3 ms. Memory: 583680K Free: 292305K (50%)
----------------- Invoking toplevel() on ptolemy.moml.MoMLSimpleApplication@2193fe06
----------------- Done invoking toplevel() on ptolemy.moml.MoMLSimpleApplication@2193fe06
reloadAllAccessors: .LazySubClassModel

===========================================================================================
----------------- testing Tue Jul 09 20:00:45 UTC 2019 /home/travis/build/icyphy/ptII/ptolemy/actor/lib/test/auto/LevelCrossTest1.xml
----------------- Instantiating /home/travis/build/icyphy/ptII/ptolemy/actor/lib/test/auto/LevelCrossTest1.xml
1 ms. Memory: 583680K Free: 286675K (49%)
----------------- Invoking toplevel() on ptolemy.moml.MoMLSimpleApplication@29e5ee70
----------------- Done invoking toplevel() on ptolemy.moml.MoMLSimpleApplication@29e5ee70
reloadAllAccessors: .broken

===========================================================================================
----------------- testing Tue Jul 09 20:00:45 UTC 2019 /home/travis/build/icyphy/ptII/ptolemy/actor/lib/test/auto/LevelCrossTest10.xml
----------------- Instantiating /home/travis/build/icyphy/ptII/ptolemy/actor/lib/test/auto/LevelCrossTest10.xml
1 ms. Memory: 583680K Free: 279507K (48%)
----------------- Invoking toplevel() on ptolemy.moml.MoMLSimpleApplication@7909433a
----------------- Done invoking toplevel() on ptolemy.moml.MoMLSimpleApplication@7909433a
reloadAllAccessors: .LevelCrossTest10

===========================================================================================
----------------- testing Tue Jul 09 20:00:45 UTC 2019 /home/travis/build/icyphy/ptII/ptolemy/actor/lib/test/auto/LevelCrossTest11.xml
----------------- Instantiating /home/travis/build/icyphy/ptII/ptolemy/actor/lib/test/auto/LevelCrossTest11.xml
1 ms. Memory: 583680K Free: 272339K (47%)
----------------- Invoking toplevel() on ptolemy.moml.MoMLSimpleApplication@5ab9fd69
----------------- Done invoking toplevel() on ptolemy.moml.MoMLSimpleApplication@5ab9fd69
reloadAllAccessors: .LevelCrossTest11

===========================================================================================
----------------- testing Tue Jul 09 20:00:45 UTC 2019 /home/travis/build/icyphy/ptII/ptolemy/actor/lib/test/auto/LevelCrossTest12.xml
----------------- Instantiating /home/travis/build/icyphy/ptII/ptolemy/actor/lib/test/auto/LevelCrossTest12.xml
2 ms. Memory: 583680K Free: 264657K (45%)
----------------- Invoking toplevel() on ptolemy.moml.MoMLSimpleApplication@56dc6ce8
----------------- Done invoking toplevel() on ptolemy.moml.MoMLSimpleApplication@56dc6ce8
reloadAllAccessors: .LevelCrossTest12

===========================================================================================
----------------- testing Tue Jul 09 20:00:45 UTC 2019 /home/travis/build/icyphy/ptII/ptolemy/actor/lib/test/auto/LevelCrossTest13.xml
----------------- Instantiating /home/travis/build/icyphy/ptII/ptolemy/actor/lib/test/auto/LevelCrossTest13.xml
1 ms. Memory: 583680K Free: 257489K (44%)
----------------- Invoking toplevel() on ptolemy.moml.MoMLSimpleApplication@1920653d
----------------- Done invoking toplevel() on ptolemy.moml.MoMLSimpleApplication@1920653d
reloadAllAccessors: .LevelCrossTest13

===========================================================================================
----------------- testing Tue Jul 09 20:00:45 UTC 2019 /home/travis/build/icyphy/ptII/ptolemy/actor/lib/test/auto/LevelCrossTest2.xml
----------------- Instantiating /home/travis/build/icyphy/ptII/ptolemy/actor/lib/test/auto/LevelCrossTest2.xml
2 ms. Memory: 583680K Free: 251859K (43%)
----------------- Invoking toplevel() on ptolemy.moml.MoMLSimpleApplication@165f264d
----------------- Done invoking toplevel() on ptolemy.moml.MoMLSimpleApplication@165f264d
reloadAllAccessors: .broken

===========================================================================================
----------------- testing Tue Jul 09 20:00:45 UTC 2019 /home/travis/build/icyphy/ptII/ptolemy/actor/lib/test/auto/LevelCrossTest3.xml
----------------- Instantiating /home/travis/build/icyphy/ptII/ptolemy/actor/lib/test/auto/LevelCrossTest3.xml
1 ms. Memory: 583680K Free: 245715K (42%)
----------------- Invoking toplevel() on ptolemy.moml.MoMLSimpleApplication@37af4abf
----------------- Done invoking toplevel() on ptolemy.moml.MoMLSimpleApplication@37af4abf
reloadAllAccessors: .LevelCrossTest3

===========================================================================================
----------------- testing Tue Jul 09 20:00:45 UTC 2019 /home/travis/build/icyphy/ptII/ptolemy/actor/lib/test/auto/LevelCrossTest4.xml
----------------- Instantiating /home/travis/build/icyphy/ptII/ptolemy/actor/lib/test/auto/LevelCrossTest4.xml
1 ms. Memory: 583680K Free: 240081K (41%)
----------------- Invoking toplevel() on ptolemy.moml.MoMLSimpleApplication@69443312
----------------- Done invoking toplevel() on ptolemy.moml.MoMLSimpleApplication@69443312
reloadAllAccessors: .broken

===========================================================================================
----------------- testing Tue Jul 09 20:00:45 UTC 2019 /home/travis/build/icyphy/ptII/ptolemy/actor/lib/test/auto/LevelCrossTest5.xml
----------------- Instantiating /home/travis/build/icyphy/ptII/ptolemy/actor/lib/test/auto/LevelCrossTest5.xml
4 ms. Memory: 583680K Free: 233937K (40%)
----------------- Invoking toplevel() on ptolemy.moml.MoMLSimpleApplication@28cb04b8
----------------- Done invoking toplevel() on ptolemy.moml.MoMLSimpleApplication@28cb04b8
reloadAllAccessors: .LevelCrossTest5

===========================================================================================
----------------- testing Tue Jul 09 20:00:45 UTC 2019 /home/travis/build/icyphy/ptII/ptolemy/actor/lib/test/auto/LevelCrossTest6.xml
----------------- Instantiating /home/travis/build/icyphy/ptII/ptolemy/actor/lib/test/auto/LevelCrossTest6.xml
2 ms. Memory: 583680K Free: 227283K (39%)
----------------- Invoking toplevel() on ptolemy.moml.MoMLSimpleApplication@346ec23a
----------------- Done invoking toplevel() on ptolemy.moml.MoMLSimpleApplication@346ec23a
reloadAllAccessors: .LevelCrossTest6

===========================================================================================
----------------- testing Tue Jul 09 20:00:45 UTC 2019 /home/travis/build/icyphy/ptII/ptolemy/actor/lib/test/auto/LevelCrossTest7.xml
----------------- Instantiating /home/travis/build/icyphy/ptII/ptolemy/actor/lib/test/auto/LevelCrossTest7.xml
1 ms. Memory: 583680K Free: 220115K (38%)
----------------- Invoking toplevel() on ptolemy.moml.MoMLSimpleApplication@1b30f07d
----------------- Done invoking toplevel() on ptolemy.moml.MoMLSimpleApplication@1b30f07d
reloadAllAccessors: .LevelCrossTest7

===========================================================================================
----------------- testing Tue Jul 09 20:00:45 UTC 2019 /home/travis/build/icyphy/ptII/ptolemy/actor/lib/test/auto/LevelCrossTest8.xml
----------------- Instantiating /home/travis/build/icyphy/ptII/ptolemy/actor/lib/test/auto/LevelCrossTest8.xml
1 ms. Memory: 583680K Free: 212433K (36%)
----------------- Invoking toplevel() on ptolemy.moml.MoMLSimpleApplication@3201ad2d
----------------- Done invoking toplevel() on ptolemy.moml.MoMLSimpleApplication@3201ad2d
reloadAllAccessors: .LevelCrossTest8

===========================================================================================
----------------- testing Tue Jul 09 20:00:45 UTC 2019 /home/travis/build/icyphy/ptII/ptolemy/actor/lib/test/auto/LevelCrossTest9.xml
----------------- Instantiating /home/travis/build/icyphy/ptII/ptolemy/actor/lib/test/auto/LevelCrossTest9.xml
9 ms. Memory: 583680K Free: 205265K (35%)
----------------- Invoking toplevel() on ptolemy.moml.MoMLSimpleApplication@78388bf1
----------------- Done invoking toplevel() on ptolemy.moml.MoMLSimpleApplication@78388bf1
reloadAllAccessors: .LevelCrossTest9

===========================================================================================
----------------- testing Tue Jul 09 20:00:45 UTC 2019 /home/travis/build/icyphy/ptII/ptolemy/actor/lib/test/auto/LevinsonDurbin.xml
----------------- Instantiating /home/travis/build/icyphy/ptII/ptolemy/actor/lib/test/auto/LevinsonDurbin.xml
1 ms. Memory: 583680K Free: 201169K (34%)
----------------- Invoking toplevel() on ptolemy.moml.MoMLSimpleApplication@2d7c808d
----------------- Done invoking toplevel() on ptolemy.moml.MoMLSimpleApplication@2d7c808d
reloadAllAccessors: .LevinsonDurbin

===========================================================================================
----------------- testing Tue Jul 09 20:00:45 UTC 2019 /home/travis/build/icyphy/ptII/ptolemy/actor/lib/test/auto/LevinsonDurbin2.xml
----------------- Instantiating /home/travis/build/icyphy/ptII/ptolemy/actor/lib/test/auto/LevinsonDurbin2.xml
2 ms. Memory: 583680K Free: 197073K (34%)
----------------- Invoking toplevel() on ptolemy.moml.MoMLSimpleApplication@4ec84cb1
----------------- Done invoking toplevel() on ptolemy.moml.MoMLSimpleApplication@4ec84cb1
reloadAllAccessors: .LevinsonDurbin2

===========================================================================================
----------------- testing Tue Jul 09 20:00:45 UTC 2019 /home/travis/build/icyphy/ptII/ptolemy/actor/lib/test/auto/LevinsonDurbin3.xml
----------------- Instantiating /home/travis/build/icyphy/ptII/ptolemy/actor/lib/test/auto/LevinsonDurbin3.xml
2 ms. Memory: 583680K Free: 192977K (33%)
----------------- Invoking toplevel() on ptolemy.moml.MoMLSimpleApplication@46b070d7
----------------- Done invoking toplevel() on ptolemy.moml.MoMLSimpleApplication@46b070d7
reloadAllAccessors: .LevinsonDurbin3

===========================================================================================
----------------- testing Tue Jul 09 20:00:45 UTC 2019 /home/travis/build/icyphy/ptII/ptolemy/actor/lib/test/auto/Limiter.xml
----------------- Instantiating /home/travis/build/icyphy/ptII/ptolemy/actor/lib/test/auto/Limiter.xml
6 ms. Memory: 583680K Free: 528733K (91%)
----------------- Invoking toplevel() on ptolemy.moml.MoMLSimpleApplication@4a4642c4
----------------- Done invoking toplevel() on ptolemy.moml.MoMLSimpleApplication@4a4642c4
reloadAllAccessors: .Limiter

===========================================================================================
----------------- testing Tue Jul 09 20:00:45 UTC 2019 /home/travis/build/icyphy/ptII/ptolemy/actor/lib/test/auto/LinearDifferenceEquationSystem.xml
----------------- Instantiating /home/travis/build/icyphy/ptII/ptolemy/actor/lib/test/auto/LinearDifferenceEquationSystem.xml
10 ms. Memory: 583680K Free: 521085K (89%)
----------------- Invoking toplevel() on ptolemy.moml.MoMLSimpleApplication@9c5cdfd
----------------- Done invoking toplevel() on ptolemy.moml.MoMLSimpleApplication@9c5cdfd
reloadAllAccessors: .LinearDifferenceEquationSystem

===========================================================================================
----------------- testing Tue Jul 09 20:00:45 UTC 2019 /home/travis/build/icyphy/ptII/ptolemy/actor/lib/test/auto/LookupTable.xml
----------------- Instantiating /home/travis/build/icyphy/ptII/ptolemy/actor/lib/test/auto/LookupTable.xml
1 ms. Memory: 583680K Free: 516475K (88%)
----------------- Invoking toplevel() on ptolemy.moml.MoMLSimpleApplication@1cae6de
----------------- Done invoking toplevel() on ptolemy.moml.MoMLSimpleApplication@1cae6de
reloadAllAccessors: .LookupTable

===========================================================================================
----------------- testing Tue Jul 09 20:00:45 UTC 2019 /home/travis/build/icyphy/ptII/ptolemy/actor/lib/test/auto/MathFunction.xml
----------------- Instantiating /home/travis/build/icyphy/ptII/ptolemy/actor/lib/test/auto/MathFunction.xml
2 ms. Memory: 583680K Free: 508283K (87%)
----------------- Invoking toplevel() on ptolemy.moml.MoMLSimpleApplication@30de1050
----------------- Done invoking toplevel() on ptolemy.moml.MoMLSimpleApplication@30de1050
reloadAllAccessors: .MathFunction

===========================================================================================
----------------- testing Tue Jul 09 20:00:45 UTC 2019 /home/travis/build/icyphy/ptII/ptolemy/actor/lib/test/auto/MathFunction2.xml
----------------- Instantiating /home/travis/build/icyphy/ptII/ptolemy/actor/lib/test/auto/MathFunction2.xml
1 ms. Memory: 583680K Free: 504187K (86%)
----------------- Invoking toplevel() on ptolemy.moml.MoMLSimpleApplication@51d0c99f
----------------- Done invoking toplevel() on ptolemy.moml.MoMLSimpleApplication@51d0c99f
reloadAllAccessors: .MathFunction2

===========================================================================================
----------------- testing Tue Jul 09 20:00:45 UTC 2019 /home/travis/build/icyphy/ptII/ptolemy/actor/lib/test/auto/MathFunction3.xml
----------------- Instantiating /home/travis/build/icyphy/ptII/ptolemy/actor/lib/test/auto/MathFunction3.xml
6 ms. Memory: 583680K Free: 497019K (85%)
----------------- Invoking toplevel() on ptolemy.moml.MoMLSimpleApplication@630ad44a
----------------- Done invoking toplevel() on ptolemy.moml.MoMLSimpleApplication@630ad44a
reloadAllAccessors: .MathFunction3

===========================================================================================
----------------- testing Tue Jul 09 20:00:45 UTC 2019 /home/travis/build/icyphy/ptII/ptolemy/actor/lib/test/auto/MatrixCropBoolean.xml
----------------- Instantiating /home/travis/build/icyphy/ptII/ptolemy/actor/lib/test/auto/MatrixCropBoolean.xml
2 ms. Memory: 583680K Free: 491869K (84%)
----------------- Invoking toplevel() on ptolemy.moml.MoMLSimpleApplication@3e43d8e7
----------------- Done invoking toplevel() on ptolemy.moml.MoMLSimpleApplication@3e43d8e7
reloadAllAccessors: .MatrixCropBoolean

===========================================================================================
----------------- testing Tue Jul 09 20:00:45 UTC 2019 /home/travis/build/icyphy/ptII/ptolemy/actor/lib/test/auto/MatrixCropComplex.xml
----------------- Instantiating /home/travis/build/icyphy/ptII/ptolemy/actor/lib/test/auto/MatrixCropComplex.xml
1 ms. Memory: 583680K Free: 486749K (83%)
----------------- Invoking toplevel() on ptolemy.moml.MoMLSimpleApplication@28c00d12
----------------- Done invoking toplevel() on ptolemy.moml.MoMLSimpleApplication@28c00d12
reloadAllAccessors: .MatrixCropComplex

===========================================================================================
----------------- testing Tue Jul 09 20:00:45 UTC 2019 /home/travis/build/icyphy/ptII/ptolemy/actor/lib/test/auto/MatrixCropDouble.xml
----------------- Instantiating /home/travis/build/icyphy/ptII/ptolemy/actor/lib/test/auto/MatrixCropDouble.xml
2 ms. Memory: 583680K Free: 481629K (83%)
----------------- Invoking toplevel() on ptolemy.moml.MoMLSimpleApplication@323a5544
----------------- Done invoking toplevel() on ptolemy.moml.MoMLSimpleApplication@323a5544
reloadAllAccessors: .MatrixCropDouble

===========================================================================================
----------------- testing Tue Jul 09 20:00:45 UTC 2019 /home/travis/build/icyphy/ptII/ptolemy/actor/lib/test/auto/MatrixCropFix.xml
----------------- Instantiating /home/travis/build/icyphy/ptII/ptolemy/actor/lib/test/auto/MatrixCropFix.xml
2 ms. Memory: 583680K Free: 476533K (82%)
----------------- Invoking toplevel() on ptolemy.moml.MoMLSimpleApplication@57174b49
----------------- Done invoking toplevel() on ptolemy.moml.MoMLSimpleApplication@57174b49
reloadAllAccessors: .MatrixCropFix

===========================================================================================
----------------- testing Tue Jul 09 20:00:45 UTC 2019 /home/travis/build/icyphy/ptII/ptolemy/actor/lib/test/auto/MatrixCropInt.xml
----------------- Instantiating /home/travis/build/icyphy/ptII/ptolemy/actor/lib/test/auto/MatrixCropInt.xml
1 ms. Memory: 583680K Free: 471933K (81%)
----------------- Invoking toplevel() on ptolemy.moml.MoMLSimpleApplication@70561c7f
----------------- Done invoking toplevel() on ptolemy.moml.MoMLSimpleApplication@70561c7f
reloadAllAccessors: .MatrixCropInt

===========================================================================================
----------------- testing Tue Jul 09 20:00:45 UTC 2019 /home/travis/build/icyphy/ptII/ptolemy/actor/lib/test/auto/MatrixCropLong.xml
----------------- Instantiating /home/travis/build/icyphy/ptII/ptolemy/actor/lib/test/auto/MatrixCropLong.xml
4 ms. Memory: 583680K Free: 466813K (80%)
----------------- Invoking toplevel() on ptolemy.moml.MoMLSimpleApplication@5e28fba2
----------------- Done invoking toplevel() on ptolemy.moml.MoMLSimpleApplication@5e28fba2
reloadAllAccessors: .MatrixCropLong

===========================================================================================
----------------- testing Tue Jul 09 20:00:45 UTC 2019 /home/travis/build/icyphy/ptII/ptolemy/actor/lib/test/auto/MatrixToArray.xml
----------------- Instantiating /home/travis/build/icyphy/ptII/ptolemy/actor/lib/test/auto/MatrixToArray.xml
13 ms. Memory: 583680K Free: 451963K (77%)
----------------- Invoking toplevel() on ptolemy.moml.MoMLSimpleApplication@313b5ce2
----------------- Done invoking toplevel() on ptolemy.moml.MoMLSimpleApplication@313b5ce2
reloadAllAccessors: .MatrixToArray

===========================================================================================
----------------- testing Tue Jul 09 20:00:45 UTC 2019 /home/travis/build/icyphy/ptII/ptolemy/actor/lib/test/auto/MaxIndex.xml
----------------- Instantiating /home/travis/build/icyphy/ptII/ptolemy/actor/lib/test/auto/MaxIndex.xml
3 ms. Memory: 583680K Free: 446843K (77%)
----------------- Invoking toplevel() on ptolemy.moml.MoMLSimpleApplication@382e4612
----------------- Done invoking toplevel() on ptolemy.moml.MoMLSimpleApplication@382e4612
reloadAllAccessors: .MaxIndex

===========================================================================================
----------------- testing Tue Jul 09 20:00:45 UTC 2019 /home/travis/build/icyphy/ptII/ptolemy/actor/lib/test/auto/Maximum.xml
----------------- Instantiating /home/travis/build/icyphy/ptII/ptolemy/actor/lib/test/auto/Maximum.xml
3 ms. Memory: 583680K Free: 440189K (75%)
----------------- Invoking toplevel() on ptolemy.moml.MoMLSimpleApplication@19529a24
----------------- Done invoking toplevel() on ptolemy.moml.MoMLSimpleApplication@19529a24
reloadAllAccessors: .Maximum

===========================================================================================
----------------- testing Tue Jul 09 20:00:45 UTC 2019 /home/travis/build/icyphy/ptII/ptolemy/actor/lib/test/auto/MaximumComplex.xml
----------------- Instantiating /home/travis/build/icyphy/ptII/ptolemy/actor/lib/test/auto/MaximumComplex.xml
4 ms. Memory: 583680K Free: 434045K (74%)
----------------- Invoking toplevel() on ptolemy.moml.MoMLSimpleApplication@6393674
----------------- Done invoking toplevel() on ptolemy.moml.MoMLSimpleApplication@6393674
reloadAllAccessors: .MaximumComplex

===========================================================================================
----------------- testing Tue Jul 09 20:00:45 UTC 2019 /home/travis/build/icyphy/ptII/ptolemy/actor/lib/test/auto/MethodCallTest.xml
----------------- Instantiating /home/travis/build/icyphy/ptII/ptolemy/actor/lib/test/auto/MethodCallTest.xml
3 ms. Memory: 583680K Free: 427387K (73%)
----------------- Invoking toplevel() on ptolemy.moml.MoMLSimpleApplication@6dc7e621
----------------- Done invoking toplevel() on ptolemy.moml.MoMLSimpleApplication@6dc7e621
reloadAllAccessors: .MethodCallTest

===========================================================================================
----------------- testing Tue Jul 09 20:00:45 UTC 2019 /home/travis/build/icyphy/ptII/ptolemy/actor/lib/test/auto/Minimum.xml
----------------- Instantiating /home/travis/build/icyphy/ptII/ptolemy/actor/lib/test/auto/Minimum.xml
2 ms. Memory: 583680K Free: 420733K (72%)
----------------- Invoking toplevel() on ptolemy.moml.MoMLSimpleApplication@7c611fd0
----------------- Done invoking toplevel() on ptolemy.moml.MoMLSimpleApplication@7c611fd0
reloadAllAccessors: .Minimum

===========================================================================================
----------------- testing Tue Jul 09 20:00:46 UTC 2019 /home/travis/build/icyphy/ptII/ptolemy/actor/lib/test/auto/MinimumComplex.xml
----------------- Instantiating /home/travis/build/icyphy/ptII/ptolemy/actor/lib/test/auto/MinimumComplex.xml
4 ms. Memory: 583680K Free: 414589K (71%)
----------------- Invoking toplevel() on ptolemy.moml.MoMLSimpleApplication@3b5ad432
----------------- Done invoking toplevel() on ptolemy.moml.MoMLSimpleApplication@3b5ad432
reloadAllAccessors: .MinimumComplex

===========================================================================================
----------------- testing Tue Jul 09 20:00:46 UTC 2019 /home/travis/build/icyphy/ptII/ptolemy/actor/lib/test/auto/MinimumMultiports.xml
----------------- Instantiating /home/travis/build/icyphy/ptII/ptolemy/actor/lib/test/auto/MinimumMultiports.xml
4 ms. Memory: 583680K Free: 405883K (70%)
----------------- Invoking toplevel() on ptolemy.moml.MoMLSimpleApplication@759d7395
----------------- Done invoking toplevel() on ptolemy.moml.MoMLSimpleApplication@759d7395
reloadAllAccessors: .MinimumMultiports

===========================================================================================
----------------- testing Tue Jul 09 20:00:46 UTC 2019 /home/travis/build/icyphy/ptII/ptolemy/actor/lib/test/auto/ModifyDate.xml
----------------- Instantiating /home/travis/build/icyphy/ptII/ptolemy/actor/lib/test/auto/ModifyDate.xml
10 ms. Memory: 583680K Free: 393085K (67%)
----------------- Invoking toplevel() on ptolemy.moml.MoMLSimpleApplication@231ddfe0
----------------- Done invoking toplevel() on ptolemy.moml.MoMLSimpleApplication@231ddfe0
reloadAllAccessors: .ModifyDate

===========================================================================================
----------------- testing Tue Jul 09 20:00:46 UTC 2019 /home/travis/build/icyphy/ptII/ptolemy/actor/lib/test/auto/ModifyDate2.xml
----------------- Instantiating /home/travis/build/icyphy/ptII/ptolemy/actor/lib/test/auto/ModifyDate2.xml
4 ms. Memory: 583680K Free: 384379K (66%)
----------------- Invoking toplevel() on ptolemy.moml.MoMLSimpleApplication@7e9466cc
----------------- Done invoking toplevel() on ptolemy.moml.MoMLSimpleApplication@7e9466cc
reloadAllAccessors: .ModifyDate2

===========================================================================================
----------------- testing Tue Jul 09 20:00:46 UTC 2019 /home/travis/build/icyphy/ptII/ptolemy/actor/lib/test/auto/MovingAverage.xml
----------------- Instantiating /home/travis/build/icyphy/ptII/ptolemy/actor/lib/test/auto/MovingAverage.xml
12 ms. Memory: 583680K Free: 379259K (65%)
----------------- Invoking toplevel() on ptolemy.moml.MoMLSimpleApplication@3b65c719
----------------- Done invoking toplevel() on ptolemy.moml.MoMLSimpleApplication@3b65c719
reloadAllAccessors: .MovingAverage

===========================================================================================
----------------- testing Tue Jul 09 20:00:46 UTC 2019 /home/travis/build/icyphy/ptII/ptolemy/actor/lib/test/auto/MovingMaximum.xml
----------------- Instantiating /home/travis/build/icyphy/ptII/ptolemy/actor/lib/test/auto/MovingMaximum.xml
1 ms. Memory: 583680K Free: 374653K (64%)
----------------- Invoking toplevel() on ptolemy.moml.MoMLSimpleApplication@365208cb
----------------- Done invoking toplevel() on ptolemy.moml.MoMLSimpleApplication@365208cb
reloadAllAccessors: .MovingMaximum

===========================================================================================
----------------- testing Tue Jul 09 20:00:46 UTC 2019 /home/travis/build/icyphy/ptII/ptolemy/actor/lib/test/auto/MultipleLinksToSameRelation.xml
----------------- Instantiating /home/travis/build/icyphy/ptII/ptolemy/actor/lib/test/auto/MultipleLinksToSameRelation.xml
3 ms. Memory: 583680K Free: 370557K (63%)
----------------- Invoking toplevel() on ptolemy.moml.MoMLSimpleApplication@170ed356
----------------- Done invoking toplevel() on ptolemy.moml.MoMLSimpleApplication@170ed356
reloadAllAccessors: .MultipleLinksToSameRelation

===========================================================================================
----------------- testing Tue Jul 09 20:00:46 UTC 2019 /home/travis/build/icyphy/ptII/ptolemy/actor/lib/test/auto/MultipleLinksToSameRelationDE.xml
----------------- Instantiating /home/travis/build/icyphy/ptII/ptolemy/actor/lib/test/auto/MultipleLinksToSameRelationDE.xml
2 ms. Memory: 583680K Free: 365933K (63%)
----------------- Invoking toplevel() on ptolemy.moml.MoMLSimpleApplication@4e7e4572
----------------- Done invoking toplevel() on ptolemy.moml.MoMLSimpleApplication@4e7e4572
reloadAllAccessors: .MultipleLinksToSameRelationDE

===========================================================================================
----------------- testing Tue Jul 09 20:00:46 UTC 2019 /home/travis/build/icyphy/ptII/ptolemy/actor/lib/test/auto/Multiplexor.xml
----------------- Instantiating /home/travis/build/icyphy/ptII/ptolemy/actor/lib/test/auto/Multiplexor.xml
2 ms. Memory: 583680K Free: 360317K (62%)
----------------- Invoking toplevel() on ptolemy.moml.MoMLSimpleApplication@2db1029a
----------------- Done invoking toplevel() on ptolemy.moml.MoMLSimpleApplication@2db1029a
reloadAllAccessors: .Multiplexor

===========================================================================================
----------------- testing Tue Jul 09 20:00:46 UTC 2019 /home/travis/build/icyphy/ptII/ptolemy/actor/lib/test/auto/Multiplexor1.xml
----------------- Instantiating /home/travis/build/icyphy/ptII/ptolemy/actor/lib/test/auto/Multiplexor1.xml
1 ms. Memory: 583680K Free: 354653K (61%)
----------------- Invoking toplevel() on ptolemy.moml.MoMLSimpleApplication@690081b8
----------------- Done invoking toplevel() on ptolemy.moml.MoMLSimpleApplication@690081b8
reloadAllAccessors: .Multiplexor1

===========================================================================================
----------------- testing Tue Jul 09 20:00:46 UTC 2019 /home/travis/build/icyphy/ptII/ptolemy/actor/lib/test/auto/Multiplexor2.xml
----------------- Instantiating /home/travis/build/icyphy/ptII/ptolemy/actor/lib/test/auto/Multiplexor2.xml
6 ms. Memory: 583680K Free: 348027K (60%)
----------------- Invoking toplevel() on ptolemy.moml.MoMLSimpleApplication@9ae86a3
----------------- Done invoking toplevel() on ptolemy.moml.MoMLSimpleApplication@9ae86a3
reloadAllAccessors: .Multiplexor2

===========================================================================================
----------------- testing Tue Jul 09 20:00:46 UTC 2019 /home/travis/build/icyphy/ptII/ptolemy/actor/lib/test/auto/Multiplexor3.xml
----------------- Instantiating /home/travis/build/icyphy/ptII/ptolemy/actor/lib/test/auto/Multiplexor3.xml
2 ms. Memory: 583680K Free: 343933K (59%)
----------------- Invoking toplevel() on ptolemy.moml.MoMLSimpleApplication@5fcd0879
----------------- Done invoking toplevel() on ptolemy.moml.MoMLSimpleApplication@5fcd0879
reloadAllAccessors: .Multiplexor3

===========================================================================================
----------------- testing Tue Jul 09 20:00:46 UTC 2019 /home/travis/build/icyphy/ptII/ptolemy/actor/lib/test/auto/MultiplexorDE.xml
----------------- Instantiating /home/travis/build/icyphy/ptII/ptolemy/actor/lib/test/auto/MultiplexorDE.xml
2 ms. Memory: 583680K Free: 336221K (58%)
----------------- Invoking toplevel() on ptolemy.moml.MoMLSimpleApplication@39979d05
----------------- Done invoking toplevel() on ptolemy.moml.MoMLSimpleApplication@39979d05
reloadAllAccessors: .MultiplexorDE

===========================================================================================
----------------- testing Tue Jul 09 20:00:46 UTC 2019 /home/travis/build/icyphy/ptII/ptolemy/actor/lib/test/auto/MultiportBroadcastTest.xml
----------------- Instantiating /home/travis/build/icyphy/ptII/ptolemy/actor/lib/test/auto/MultiportBroadcastTest.xml
89 ms. Memory: 583680K Free: 330101K (57%)
----------------- Invoking toplevel() on ptolemy.moml.MoMLSimpleApplication@6c34cfd5
----------------- Done invoking toplevel() on ptolemy.moml.MoMLSimpleApplication@6c34cfd5
reloadAllAccessors: .MultiportBroadcastTest

===========================================================================================
----------------- testing Tue Jul 09 20:00:46 UTC 2019 /home/travis/build/icyphy/ptII/ptolemy/actor/lib/test/auto/MultiportOutHangDuringGetWidth.xml
----------------- Instantiating /home/travis/build/icyphy/ptII/ptolemy/actor/lib/test/auto/MultiportOutHangDuringGetWidth.xml
5 ms. Memory: 583680K Free: 318333K (55%)
----------------- Invoking toplevel() on ptolemy.moml.MoMLSimpleApplication@b95bf6a
----------------- Done invoking toplevel() on ptolemy.moml.MoMLSimpleApplication@b95bf6a
reloadAllAccessors: .MultiportOutHangDuringGetWidth

===========================================================================================
----------------- testing Tue Jul 09 20:00:46 UTC 2019 /home/travis/build/icyphy/ptII/ptolemy/actor/lib/test/auto/NilToken.xml
----------------- Instantiating /home/travis/build/icyphy/ptII/ptolemy/actor/lib/test/auto/NilToken.xml
1 ms. Memory: 583680K Free: 314237K (54%)
----------------- Invoking toplevel() on ptolemy.moml.MoMLSimpleApplication@1b2a7162
----------------- Done invoking toplevel() on ptolemy.moml.MoMLSimpleApplication@1b2a7162
reloadAllAccessors: .NilToken

===========================================================================================
----------------- testing Tue Jul 09 20:00:46 UTC 2019 /home/travis/build/icyphy/ptII/ptolemy/actor/lib/test/auto/NilTokenNonStrictTest.xml
----------------- Instantiating /home/travis/build/icyphy/ptII/ptolemy/actor/lib/test/auto/NilTokenNonStrictTest.xml
2 ms. Memory: 583680K Free: 309627K (53%)
----------------- Invoking toplevel() on ptolemy.moml.MoMLSimpleApplication@542e619a
----------------- Done invoking toplevel() on ptolemy.moml.MoMLSimpleApplication@542e619a
reloadAllAccessors: .NilTokenNonStrictTest

===========================================================================================
----------------- testing Tue Jul 09 20:00:46 UTC 2019 /home/travis/build/icyphy/ptII/ptolemy/actor/lib/test/auto/NilTokenRecord.xml
----------------- Instantiating /home/travis/build/icyphy/ptII/ptolemy/actor/lib/test/auto/NilTokenRecord.xml
5 ms. Memory: 583680K Free: 302973K (52%)
----------------- Invoking toplevel() on ptolemy.moml.MoMLSimpleApplication@2ec96d0e
----------------- Done invoking toplevel() on ptolemy.moml.MoMLSimpleApplication@2ec96d0e
reloadAllAccessors: .NilTokenRecord

===========================================================================================
----------------- testing Tue Jul 09 20:00:46 UTC 2019 /home/travis/build/icyphy/ptII/ptolemy/actor/lib/test/auto/NilTokenTypeTest.xml
----------------- Instantiating /home/travis/build/icyphy/ptII/ptolemy/actor/lib/test/auto/NilTokenTypeTest.xml
11 ms. Memory: 583680K Free: 293243K (50%)
----------------- Invoking toplevel() on ptolemy.moml.MoMLSimpleApplication@17516686
----------------- Done invoking toplevel() on ptolemy.moml.MoMLSimpleApplication@17516686
reloadAllAccessors: .NilTokenTypeTest

===========================================================================================
----------------- testing Tue Jul 09 20:00:46 UTC 2019 /home/travis/build/icyphy/ptII/ptolemy/actor/lib/test/auto/ObjectToken1.xml
----------------- Instantiating /home/travis/build/icyphy/ptII/ptolemy/actor/lib/test/auto/ObjectToken1.xml
3 ms. Memory: 583680K Free: 289147K (50%)
----------------- Invoking toplevel() on ptolemy.moml.MoMLSimpleApplication@451a8055
----------------- Done invoking toplevel() on ptolemy.moml.MoMLSimpleApplication@451a8055
reloadAllAccessors: .ObjectToken1

===========================================================================================
----------------- testing Tue Jul 09 20:00:46 UTC 2019 /home/travis/build/icyphy/ptII/ptolemy/actor/lib/test/auto/OrderedMerge.xml
----------------- Instantiating /home/travis/build/icyphy/ptII/ptolemy/actor/lib/test/auto/OrderedMerge.xml
5 ms. Memory: 583680K Free: 283517K (49%)
----------------- Invoking toplevel() on ptolemy.moml.MoMLSimpleApplication@7f7daeaf
----------------- Done invoking toplevel() on ptolemy.moml.MoMLSimpleApplication@7f7daeaf
reloadAllAccessors: .OrderedMerge

===========================================================================================
----------------- testing Tue Jul 09 20:00:46 UTC 2019 /home/travis/build/icyphy/ptII/ptolemy/actor/lib/test/auto/OrderedRecordDisassembler.xml
----------------- Instantiating /home/travis/build/icyphy/ptII/ptolemy/actor/lib/test/auto/OrderedRecordDisassembler.xml
2 ms. Memory: 583680K Free: 278397K (48%)
----------------- Invoking toplevel() on ptolemy.moml.MoMLSimpleApplication@5a5b13d2
----------------- Done invoking toplevel() on ptolemy.moml.MoMLSimpleApplication@5a5b13d2
reloadAllAccessors: .OrderedRecordDisassembler

===========================================================================================
----------------- testing Tue Jul 09 20:00:46 UTC 2019 /home/travis/build/icyphy/ptII/ptolemy/actor/lib/test/auto/OrderedRecordDisassembler2.xml
----------------- Instantiating /home/travis/build/icyphy/ptII/ptolemy/actor/lib/test/auto/OrderedRecordDisassembler2.xml
4 ms. Memory: 583680K Free: 270701K (46%)
----------------- Invoking toplevel() on ptolemy.moml.MoMLSimpleApplication@10a5b451
----------------- Done invoking toplevel() on ptolemy.moml.MoMLSimpleApplication@10a5b451
reloadAllAccessors: .OrderedRecordDisassembler2

===========================================================================================
----------------- testing Tue Jul 09 20:00:46 UTC 2019 /home/travis/build/icyphy/ptII/ptolemy/actor/lib/test/auto/OrderedRecordUpdater.xml
----------------- Instantiating /home/travis/build/icyphy/ptII/ptolemy/actor/lib/test/auto/OrderedRecordUpdater.xml
1 ms. Memory: 583680K Free: 265595K (46%)
----------------- Invoking toplevel() on ptolemy.moml.MoMLSimpleApplication@5e7f316d
----------------- Done invoking toplevel() on ptolemy.moml.MoMLSimpleApplication@5e7f316d
reloadAllAccessors: .RecordUpdater

===========================================================================================
----------------- testing Tue Jul 09 20:00:46 UTC 2019 /home/travis/build/icyphy/ptII/ptolemy/actor/lib/test/auto/OrderedRecordUpdater2.xml
----------------- Instantiating /home/travis/build/icyphy/ptII/ptolemy/actor/lib/test/auto/OrderedRecordUpdater2.xml
2 ms. Memory: 583680K Free: 260475K (45%)
----------------- Invoking toplevel() on ptolemy.moml.MoMLSimpleApplication@48475c9b
----------------- Done invoking toplevel() on ptolemy.moml.MoMLSimpleApplication@48475c9b
reloadAllAccessors: .RecordUpdater2

===========================================================================================
----------------- testing Tue Jul 09 20:00:46 UTC 2019 /home/travis/build/icyphy/ptII/ptolemy/actor/lib/test/auto/PhaseUnwrap.xml
----------------- Instantiating /home/travis/build/icyphy/ptII/ptolemy/actor/lib/test/auto/PhaseUnwrap.xml
1 ms. Memory: 583680K Free: 255869K (44%)
----------------- Invoking toplevel() on ptolemy.moml.MoMLSimpleApplication@243b0c3c
----------------- Done invoking toplevel() on ptolemy.moml.MoMLSimpleApplication@243b0c3c
reloadAllAccessors: .PhaseUnwrap

===========================================================================================
----------------- testing Tue Jul 09 20:00:46 UTC 2019 /home/travis/build/icyphy/ptII/ptolemy/actor/lib/test/auto/PoissonClock.xml
----------------- Instantiating /home/travis/build/icyphy/ptII/ptolemy/actor/lib/test/auto/PoissonClock.xml
2 ms. Memory: 583680K Free: 251773K (43%)
----------------- Invoking toplevel() on ptolemy.moml.MoMLSimpleApplication@15d24614
----------------- Done invoking toplevel() on ptolemy.moml.MoMLSimpleApplication@15d24614
reloadAllAccessors: .PoissonClock

===========================================================================================
----------------- testing Tue Jul 09 20:00:46 UTC 2019 /home/travis/build/icyphy/ptII/ptolemy/actor/lib/test/auto/PoissonClock2.xml
----------------- Instantiating /home/travis/build/icyphy/ptII/ptolemy/actor/lib/test/auto/PoissonClock2.xml
2 ms. Memory: 583680K Free: 247163K (42%)
----------------- Invoking toplevel() on ptolemy.moml.MoMLSimpleApplication@39bd07a5
----------------- Done invoking toplevel() on ptolemy.moml.MoMLSimpleApplication@39bd07a5
reloadAllAccessors: .PoissonClock2

===========================================================================================
----------------- testing Tue Jul 09 20:00:46 UTC 2019 /home/travis/build/icyphy/ptII/ptolemy/actor/lib/test/auto/PoissonClock3.xml
----------------- Instantiating /home/travis/build/icyphy/ptII/ptolemy/actor/lib/test/auto/PoissonClock3.xml
1 ms. Memory: 583680K Free: 242557K (42%)
----------------- Invoking toplevel() on ptolemy.moml.MoMLSimpleApplication@dff5460
----------------- Done invoking toplevel() on ptolemy.moml.MoMLSimpleApplication@dff5460
reloadAllAccessors: .PoissonClock3

===========================================================================================
----------------- testing Tue Jul 09 20:00:46 UTC 2019 /home/travis/build/icyphy/ptII/ptolemy/actor/lib/test/auto/PubSubWithInitialTokens.xml
----------------- Instantiating /home/travis/build/icyphy/ptII/ptolemy/actor/lib/test/auto/PubSubWithInitialTokens.xml
2 ms. Memory: 583680K Free: 236917K (41%)
----------------- Invoking toplevel() on ptolemy.moml.MoMLSimpleApplication@7571931c
----------------- Done invoking toplevel() on ptolemy.moml.MoMLSimpleApplication@7571931c
reloadAllAccessors: .PubSubWithInitialTokens

===========================================================================================
----------------- testing Tue Jul 09 20:00:46 UTC 2019 /home/travis/build/icyphy/ptII/ptolemy/actor/lib/test/auto/PubSubWithInitialTokens2.xml
----------------- Instantiating /home/travis/build/icyphy/ptII/ptolemy/actor/lib/test/auto/PubSubWithInitialTokens2.xml
2 ms. Memory: 583680K Free: 230269K (39%)
----------------- Invoking toplevel() on ptolemy.moml.MoMLSimpleApplication@11506adc
----------------- Done invoking toplevel() on ptolemy.moml.MoMLSimpleApplication@11506adc
reloadAllAccessors: .PubSubWithInitialTokens2

===========================================================================================
----------------- testing Tue Jul 09 20:00:46 UTC 2019 /home/travis/build/icyphy/ptII/ptolemy/actor/lib/test/auto/PublisherClassNoParameter.xml
----------------- Instantiating /home/travis/build/icyphy/ptII/ptolemy/actor/lib/test/auto/PublisherClassNoParameter.xml
2 ms. Memory: 583680K Free: 220539K (38%)
----------------- Invoking toplevel() on ptolemy.moml.MoMLSimpleApplication@dd45d14
----------------- Done invoking toplevel() on ptolemy.moml.MoMLSimpleApplication@dd45d14
reloadAllAccessors: .PublisherClassNoParameter

===========================================================================================
----------------- testing Tue Jul 09 20:00:46 UTC 2019 /home/travis/build/icyphy/ptII/ptolemy/actor/lib/test/auto/PublisherClassParameter.xml
----------------- Instantiating /home/travis/build/icyphy/ptII/ptolemy/actor/lib/test/auto/PublisherClassParameter.xml
2 ms. Memory: 583680K Free: 210293K (36%)
----------------- Invoking toplevel() on ptolemy.moml.MoMLSimpleApplication@2fdd6f2e
----------------- Done invoking toplevel() on ptolemy.moml.MoMLSimpleApplication@2fdd6f2e
reloadAllAccessors: .PublisherClassParameter

===========================================================================================
----------------- testing Tue Jul 09 20:00:46 UTC 2019 /home/travis/build/icyphy/ptII/ptolemy/actor/lib/test/auto/PublisherNonStrictTest.xml
----------------- Instantiating /home/travis/build/icyphy/ptII/ptolemy/actor/lib/test/auto/PublisherNonStrictTest.xml
5 ms. Memory: 583680K Free: 202621K (35%)
----------------- Invoking toplevel() on ptolemy.moml.MoMLSimpleApplication@468f84b2
----------------- Done invoking toplevel() on ptolemy.moml.MoMLSimpleApplication@468f84b2
reloadAllAccessors: .PublisherNonStrictTest

===========================================================================================
----------------- testing Tue Jul 09 20:00:46 UTC 2019 /home/travis/build/icyphy/ptII/ptolemy/actor/lib/test/auto/PublisherPort1.xml
----------------- Instantiating /home/travis/build/icyphy/ptII/ptolemy/actor/lib/test/auto/PublisherPort1.xml
3 ms. Memory: 583680K Free: 196957K (34%)
----------------- Invoking toplevel() on ptolemy.moml.MoMLSimpleApplication@7209ddc0
----------------- Done invoking toplevel() on ptolemy.moml.MoMLSimpleApplication@7209ddc0
reloadAllAccessors: .PublisherPort1

===========================================================================================
----------------- testing Tue Jul 09 20:00:46 UTC 2019 /home/travis/build/icyphy/ptII/ptolemy/actor/lib/test/auto/PublisherPort2.xml
----------------- Instantiating /home/travis/build/icyphy/ptII/ptolemy/actor/lib/test/auto/PublisherPort2.xml
10 ms. Memory: 583680K Free: 191867K (33%)
----------------- Invoking toplevel() on ptolemy.moml.MoMLSimpleApplication@1f6c9f60
----------------- Done invoking toplevel() on ptolemy.moml.MoMLSimpleApplication@1f6c9f60
reloadAllAccessors: .PublisherPort2

===========================================================================================
----------------- testing Tue Jul 09 20:00:46 UTC 2019 /home/travis/build/icyphy/ptII/ptolemy/actor/lib/test/auto/PublisherPort3.xml
----------------- Instantiating /home/travis/build/icyphy/ptII/ptolemy/actor/lib/test/auto/PublisherPort3.xml
3 ms. Memory: 583680K Free: 530241K (91%)
----------------- Invoking toplevel() on ptolemy.moml.MoMLSimpleApplication@f253cb9
----------------- Done invoking toplevel() on ptolemy.moml.MoMLSimpleApplication@f253cb9
reloadAllAccessors: .PublisherPort3

===========================================================================================
----------------- testing Tue Jul 09 20:00:46 UTC 2019 /home/travis/build/icyphy/ptII/ptolemy/actor/lib/test/auto/PublisherPort4.xml
----------------- Instantiating /home/travis/build/icyphy/ptII/ptolemy/actor/lib/test/auto/PublisherPort4.xml
3 ms. Memory: 583680K Free: 524097K (90%)
----------------- Invoking toplevel() on ptolemy.moml.MoMLSimpleApplication@29283461
----------------- Done invoking toplevel() on ptolemy.moml.MoMLSimpleApplication@29283461
reloadAllAccessors: .PublisherPort4

===========================================================================================
----------------- testing Tue Jul 09 20:00:46 UTC 2019 /home/travis/build/icyphy/ptII/ptolemy/actor/lib/test/auto/PublisherPort5.xml
----------------- Instantiating /home/travis/build/icyphy/ptII/ptolemy/actor/lib/test/auto/PublisherPort5.xml
3 ms. Memory: 583680K Free: 516415K (88%)
----------------- Invoking toplevel() on ptolemy.moml.MoMLSimpleApplication@50efedeb
----------------- Done invoking toplevel() on ptolemy.moml.MoMLSimpleApplication@50efedeb
reloadAllAccessors: .PublisherPort5

===========================================================================================
----------------- testing Tue Jul 09 20:00:47 UTC 2019 /home/travis/build/icyphy/ptII/ptolemy/actor/lib/test/auto/PublisherPort5LookAlike.xml
----------------- Instantiating /home/travis/build/icyphy/ptII/ptolemy/actor/lib/test/auto/PublisherPort5LookAlike.xml
8 ms. Memory: 583680K Free: 508737K (87%)
----------------- Invoking toplevel() on ptolemy.moml.MoMLSimpleApplication@6968dbce
----------------- Done invoking toplevel() on ptolemy.moml.MoMLSimpleApplication@6968dbce
reloadAllAccessors: .PublisherPort5LookAlike

===========================================================================================
----------------- testing Tue Jul 09 20:00:47 UTC 2019 /home/travis/build/icyphy/ptII/ptolemy/actor/lib/test/auto/PublisherPort6.xml
----------------- Instantiating /home/travis/build/icyphy/ptII/ptolemy/actor/lib/test/auto/PublisherPort6.xml
2 ms. Memory: 583680K Free: 502065K (86%)
----------------- Invoking toplevel() on ptolemy.moml.MoMLSimpleApplication@2b73153
----------------- Done invoking toplevel() on ptolemy.moml.MoMLSimpleApplication@2b73153
reloadAllAccessors: .PublisherPort6

===========================================================================================
----------------- testing Tue Jul 09 20:00:47 UTC 2019 /home/travis/build/icyphy/ptII/ptolemy/actor/lib/test/auto/PublisherPort7.xml
----------------- Instantiating /home/travis/build/icyphy/ptII/ptolemy/actor/lib/test/auto/PublisherPort7.xml
4 ms. Memory: 583680K Free: 494401K (85%)
----------------- Invoking toplevel() on ptolemy.moml.MoMLSimpleApplication@16fd090c
----------------- Done invoking toplevel() on ptolemy.moml.MoMLSimpleApplication@16fd090c
reloadAllAccessors: .PublisherPort7

===========================================================================================
----------------- testing Tue Jul 09 20:00:47 UTC 2019 /home/travis/build/icyphy/ptII/ptolemy/actor/lib/test/auto/PublisherPort8.xml
----------------- Instantiating /home/travis/build/icyphy/ptII/ptolemy/actor/lib/test/auto/PublisherPort8.xml
5 ms. Memory: 583680K Free: 485695K (83%)
----------------- Invoking toplevel() on ptolemy.moml.MoMLSimpleApplication@67f581a4
----------------- Done invoking toplevel() on ptolemy.moml.MoMLSimpleApplication@67f581a4
reloadAllAccessors: .PublisherPort8

===========================================================================================
----------------- testing Tue Jul 09 20:00:47 UTC 2019 /home/travis/build/icyphy/ptII/ptolemy/actor/lib/test/auto/PublisherPortSubscriberChannelVariablesAOC2.xml
----------------- Instantiating /home/travis/build/icyphy/ptII/ptolemy/actor/lib/test/auto/PublisherPortSubscriberChannelVariablesAOC2.xml
3 ms. Memory: 583680K Free: 467263K (80%)
----------------- Invoking toplevel() on ptolemy.moml.MoMLSimpleApplication@4f831e1f
----------------- Done invoking toplevel() on ptolemy.moml.MoMLSimpleApplication@4f831e1f
reloadAllAccessors: .PublisherPortSubscriberChannelVariablesAOC2

===========================================================================================
----------------- testing Tue Jul 09 20:00:47 UTC 2019 /home/travis/build/icyphy/ptII/ptolemy/actor/lib/test/auto/PublisherPortSubscriberOpaqueWidthInference.xml
----------------- Instantiating /home/travis/build/icyphy/ptII/ptolemy/actor/lib/test/auto/PublisherPortSubscriberOpaqueWidthInference.xml
4 ms. Memory: 583680K Free: 459585K (79%)
----------------- Invoking toplevel() on ptolemy.moml.MoMLSimpleApplication@5a834cf5
----------------- Done invoking toplevel() on ptolemy.moml.MoMLSimpleApplication@5a834cf5
reloadAllAccessors: .PublisherPortSubscriberOpaqueWidthInference

===========================================================================================
----------------- testing Tue Jul 09 20:00:47 UTC 2019 /home/travis/build/icyphy/ptII/ptolemy/actor/lib/test/auto/PublisherPortSubscriberPortAdjacent.xml
----------------- Instantiating /home/travis/build/icyphy/ptII/ptolemy/actor/lib/test/auto/PublisherPortSubscriberPortAdjacent.xml
2 ms. Memory: 583680K Free: 451393K (77%)
----------------- Invoking toplevel() on ptolemy.moml.MoMLSimpleApplication@3828ccb2
----------------- Done invoking toplevel() on ptolemy.moml.MoMLSimpleApplication@3828ccb2
reloadAllAccessors: .PublisherPortSubscriberPortAdjacent

===========================================================================================
----------------- testing Tue Jul 09 20:00:47 UTC 2019 /home/travis/build/icyphy/ptII/ptolemy/actor/lib/test/auto/PublisherPortSubscriberPortExpression.xml
----------------- Instantiating /home/travis/build/icyphy/ptII/ptolemy/actor/lib/test/auto/PublisherPortSubscriberPortExpression.xml
4 ms. Memory: 583680K Free: 443705K (76%)
----------------- Invoking toplevel() on ptolemy.moml.MoMLSimpleApplication@714731eb
----------------- Done invoking toplevel() on ptolemy.moml.MoMLSimpleApplication@714731eb
reloadAllAccessors: .PublisherPortSubscriberPortExpression

===========================================================================================
----------------- testing Tue Jul 09 20:00:47 UTC 2019 /home/travis/build/icyphy/ptII/ptolemy/actor/lib/test/auto/PublisherPortSubscriberPortOpaqueD3Reverse.xml
----------------- Instantiating /home/travis/build/icyphy/ptII/ptolemy/actor/lib/test/auto/PublisherPortSubscriberPortOpaqueD3Reverse.xml
6 ms. Memory: 583680K Free: 433471K (74%)
----------------- Invoking toplevel() on ptolemy.moml.MoMLSimpleApplication@215c7280
----------------- Done invoking toplevel() on ptolemy.moml.MoMLSimpleApplication@215c7280
reloadAllAccessors: .PublisherPortSubscriberPortOpaqueD3Reverse

===========================================================================================
----------------- testing Tue Jul 09 20:00:47 UTC 2019 /home/travis/build/icyphy/ptII/ptolemy/actor/lib/test/auto/PublisherPortSubscriberPortOpaqueWidthInference.xml
----------------- Instantiating /home/travis/build/icyphy/ptII/ptolemy/actor/lib/test/auto/PublisherPortSubscriberPortOpaqueWidthInference.xml
4 ms. Memory: 583680K Free: 425265K (73%)
----------------- Invoking toplevel() on ptolemy.moml.MoMLSimpleApplication@69f79184
----------------- Done invoking toplevel() on ptolemy.moml.MoMLSimpleApplication@69f79184
reloadAllAccessors: .PublisherPortSubscriberPortOpaqueWidthInference

===========================================================================================
----------------- testing Tue Jul 09 20:00:47 UTC 2019 /home/travis/build/icyphy/ptII/ptolemy/actor/lib/test/auto/PublisherPortToplevelSubscriberPortAOC.xml
----------------- Instantiating /home/travis/build/icyphy/ptII/ptolemy/actor/lib/test/auto/PublisherPortToplevelSubscriberPortAOC.xml
.PublisherPortToplevelSubscriberPortAOC.TestExceptionAttribute: initialize() was not invoked, but wrapup() was.  This is unusual, but not always a problem.  For example, exporting JNLP will do this.
3 ms. Memory: 583680K Free: 419649K (72%)
----------------- Invoking toplevel() on ptolemy.moml.MoMLSimpleApplication@4ef879c4
----------------- Done invoking toplevel() on ptolemy.moml.MoMLSimpleApplication@4ef879c4
reloadAllAccessors: .PublisherPortToplevelSubscriberPortAOC

===========================================================================================
----------------- testing Tue Jul 09 20:00:47 UTC 2019 /home/travis/build/icyphy/ptII/ptolemy/actor/lib/test/auto/PublisherSubscriber.xml
----------------- Instantiating /home/travis/build/icyphy/ptII/ptolemy/actor/lib/test/auto/PublisherSubscriber.xml
3 ms. Memory: 583680K Free: 411937K (71%)
----------------- Invoking toplevel() on ptolemy.moml.MoMLSimpleApplication@6664c1a9
----------------- Done invoking toplevel() on ptolemy.moml.MoMLSimpleApplication@6664c1a9
reloadAllAccessors: .PublisherSubscriber

===========================================================================================
----------------- testing Tue Jul 09 20:00:47 UTC 2019 /home/travis/build/icyphy/ptII/ptolemy/actor/lib/test/auto/PublisherSubscriber10.xml
----------------- Instantiating /home/travis/build/icyphy/ptII/ptolemy/actor/lib/test/auto/PublisherSubscriber10.xml
7 ms. Memory: 583680K Free: 402241K (69%)
----------------- Invoking toplevel() on ptolemy.moml.MoMLSimpleApplication@2df65fe6
----------------- Done invoking toplevel() on ptolemy.moml.MoMLSimpleApplication@2df65fe6
reloadAllAccessors: .PublisherSubscriber10

===========================================================================================
----------------- testing Tue Jul 09 20:00:47 UTC 2019 /home/travis/build/icyphy/ptII/ptolemy/actor/lib/test/auto/PublisherSubscriber10InitialOutputs.xml
----------------- Instantiating /home/travis/build/icyphy/ptII/ptolemy/actor/lib/test/auto/PublisherSubscriber10InitialOutputs.xml
16 ms. Memory: 583680K Free: 393025K (67%)
----------------- Invoking toplevel() on ptolemy.moml.MoMLSimpleApplication@24ecdc41
----------------- Done invoking toplevel() on ptolemy.moml.MoMLSimpleApplication@24ecdc41
reloadAllAccessors: .PublisherSubscriber10InitialOutputs

===========================================================================================
----------------- testing Tue Jul 09 20:00:47 UTC 2019 /home/travis/build/icyphy/ptII/ptolemy/actor/lib/test/auto/PublisherSubscriber11.xml
----------------- Instantiating /home/travis/build/icyphy/ptII/ptolemy/actor/lib/test/auto/PublisherSubscriber11.xml
3 ms. Memory: 583680K Free: 386881K (66%)
----------------- Invoking toplevel() on ptolemy.moml.MoMLSimpleApplication@35815efa
----------------- Done invoking toplevel() on ptolemy.moml.MoMLSimpleApplication@35815efa
reloadAllAccessors: .PublisherSubscriber11

===========================================================================================
----------------- testing Tue Jul 09 20:00:47 UTC 2019 /home/travis/build/icyphy/ptII/ptolemy/actor/lib/test/auto/PublisherSubscriber12.xml
----------------- Instantiating /home/travis/build/icyphy/ptII/ptolemy/actor/lib/test/auto/PublisherSubscriber12.xml
5 ms. Memory: 583680K Free: 380209K (65%)
----------------- Invoking toplevel() on ptolemy.moml.MoMLSimpleApplication@6fcaf852
----------------- Done invoking toplevel() on ptolemy.moml.MoMLSimpleApplication@6fcaf852
reloadAllAccessors: .PublisherSubscriber12

===========================================================================================
----------------- testing Tue Jul 09 20:00:47 UTC 2019 /home/travis/build/icyphy/ptII/ptolemy/actor/lib/test/auto/PublisherSubscriber13.xml
----------------- Instantiating /home/travis/build/icyphy/ptII/ptolemy/actor/lib/test/auto/PublisherSubscriber13.xml
2 ms. Memory: 583680K Free: 374079K (64%)
----------------- Invoking toplevel() on ptolemy.moml.MoMLSimpleApplication@3154cc6b
----------------- Done invoking toplevel() on ptolemy.moml.MoMLSimpleApplication@3154cc6b
reloadAllAccessors: .PublisherSubscriber13

===========================================================================================
----------------- testing Tue Jul 09 20:00:47 UTC 2019 /home/travis/build/icyphy/ptII/ptolemy/actor/lib/test/auto/PublisherSubscriber14.xml
----------------- Instantiating /home/travis/build/icyphy/ptII/ptolemy/actor/lib/test/auto/PublisherSubscriber14.xml
2 ms. Memory: 583680K Free: 364833K (63%)
----------------- Invoking toplevel() on ptolemy.moml.MoMLSimpleApplication@130ca077
----------------- Done invoking toplevel() on ptolemy.moml.MoMLSimpleApplication@130ca077
reloadAllAccessors: .PublisherSubscriber14

===========================================================================================
----------------- testing Tue Jul 09 20:00:47 UTC 2019 /home/travis/build/icyphy/ptII/ptolemy/actor/lib/test/auto/PublisherSubscriber2.xml
----------------- Instantiating /home/travis/build/icyphy/ptII/ptolemy/actor/lib/test/auto/PublisherSubscriber2.xml
2 ms. Memory: 583680K Free: 359233K (62%)
----------------- Invoking toplevel() on ptolemy.moml.MoMLSimpleApplication@50e2c36a
----------------- Done invoking toplevel() on ptolemy.moml.MoMLSimpleApplication@50e2c36a
reloadAllAccessors: .PublisherSubscriber2

===========================================================================================
----------------- testing Tue Jul 09 20:00:47 UTC 2019 /home/travis/build/icyphy/ptII/ptolemy/actor/lib/test/auto/PublisherSubscriber3.xml
----------------- Instantiating /home/travis/build/icyphy/ptII/ptolemy/actor/lib/test/auto/PublisherSubscriber3.xml
2 ms. Memory: 583680K Free: 353569K (61%)
----------------- Invoking toplevel() on ptolemy.moml.MoMLSimpleApplication@6dcaabcb
----------------- Done invoking toplevel() on ptolemy.moml.MoMLSimpleApplication@6dcaabcb
reloadAllAccessors: .PublisherSubscriber3

===========================================================================================
----------------- testing Tue Jul 09 20:00:47 UTC 2019 /home/travis/build/icyphy/ptII/ptolemy/actor/lib/test/auto/PublisherSubscriber4.xml
----------------- Instantiating /home/travis/build/icyphy/ptII/ptolemy/actor/lib/test/auto/PublisherSubscriber4.xml
2 ms. Memory: 583680K Free: 347969K (60%)
----------------- Invoking toplevel() on ptolemy.moml.MoMLSimpleApplication@1eaad2ae
----------------- Done invoking toplevel() on ptolemy.moml.MoMLSimpleApplication@1eaad2ae
reloadAllAccessors: .PublisherSubscriber4

===========================================================================================
----------------- testing Tue Jul 09 20:00:47 UTC 2019 /home/travis/build/icyphy/ptII/ptolemy/actor/lib/test/auto/PublisherSubscriber5.xml
----------------- Instantiating /home/travis/build/icyphy/ptII/ptolemy/actor/lib/test/auto/PublisherSubscriber5.xml
2 ms. Memory: 583680K Free: 341311K (58%)
----------------- Invoking toplevel() on ptolemy.moml.MoMLSimpleApplication@45c69a90
----------------- Done invoking toplevel() on ptolemy.moml.MoMLSimpleApplication@45c69a90
reloadAllAccessors: .PublisherSubscriber5

===========================================================================================
----------------- testing Tue Jul 09 20:00:47 UTC 2019 /home/travis/build/icyphy/ptII/ptolemy/actor/lib/test/auto/PublisherSubscriber6.xml
----------------- Instantiating /home/travis/build/icyphy/ptII/ptolemy/actor/lib/test/auto/PublisherSubscriber6.xml
4 ms. Memory: 583680K Free: 334657K (57%)
----------------- Invoking toplevel() on ptolemy.moml.MoMLSimpleApplication@537eb78f
----------------- Done invoking toplevel() on ptolemy.moml.MoMLSimpleApplication@537eb78f
reloadAllAccessors: .PublisherSubscriber6

===========================================================================================
----------------- testing Tue Jul 09 20:00:47 UTC 2019 /home/travis/build/icyphy/ptII/ptolemy/actor/lib/test/auto/PublisherSubscriber7.xml
----------------- Instantiating /home/travis/build/icyphy/ptII/ptolemy/actor/lib/test/auto/PublisherSubscriber7.xml
8 ms. Memory: 583680K Free: 327489K (56%)
----------------- Invoking toplevel() on ptolemy.moml.MoMLSimpleApplication@4edacceb
----------------- Done invoking toplevel() on ptolemy.moml.MoMLSimpleApplication@4edacceb
reloadAllAccessors: .PublisherSubscriber7

===========================================================================================
----------------- testing Tue Jul 09 20:00:47 UTC 2019 /home/travis/build/icyphy/ptII/ptolemy/actor/lib/test/auto/PublisherSubscriber8.xml
----------------- Instantiating /home/travis/build/icyphy/ptII/ptolemy/actor/lib/test/auto/PublisherSubscriber8.xml
19 ms. Memory: 583680K Free: 315201K (54%)
----------------- Invoking toplevel() on ptolemy.moml.MoMLSimpleApplication@6e2012a1
----------------- Done invoking toplevel() on ptolemy.moml.MoMLSimpleApplication@6e2012a1
reloadAllAccessors: .PublisherSubscriber8

===========================================================================================
----------------- testing Tue Jul 09 20:00:47 UTC 2019 /home/travis/build/icyphy/ptII/ptolemy/actor/lib/test/auto/PublisherSubscriber9.xml
----------------- Instantiating /home/travis/build/icyphy/ptII/ptolemy/actor/lib/test/auto/PublisherSubscriber9.xml
2 ms. Memory: 583680K Free: 308033K (53%)
----------------- Invoking toplevel() on ptolemy.moml.MoMLSimpleApplication@2551575e
----------------- Done invoking toplevel() on ptolemy.moml.MoMLSimpleApplication@2551575e
reloadAllAccessors: .PublisherSubscriber9

===========================================================================================
----------------- testing Tue Jul 09 20:00:47 UTC 2019 /home/travis/build/icyphy/ptII/ptolemy/actor/lib/test/auto/PublisherSubscriberAdjacent.xml
----------------- Instantiating /home/travis/build/icyphy/ptII/ptolemy/actor/lib/test/auto/PublisherSubscriberAdjacent.xml
2 ms. Memory: 583680K Free: 299841K (51%)
----------------- Invoking toplevel() on ptolemy.moml.MoMLSimpleApplication@280b8a23
----------------- Done invoking toplevel() on ptolemy.moml.MoMLSimpleApplication@280b8a23
reloadAllAccessors: .PublisherSubscriberAdjacent

===========================================================================================
----------------- testing Tue Jul 09 20:00:47 UTC 2019 /home/travis/build/icyphy/ptII/ptolemy/actor/lib/test/auto/PublisherSubscriberChannelVariablesAOC2.xml
----------------- Instantiating /home/travis/build/icyphy/ptII/ptolemy/actor/lib/test/auto/PublisherSubscriberChannelVariablesAOC2.xml
3 ms. Memory: 583680K Free: 284977K (49%)
----------------- Invoking toplevel() on ptolemy.moml.MoMLSimpleApplication@35185926
----------------- Done invoking toplevel() on ptolemy.moml.MoMLSimpleApplication@35185926
reloadAllAccessors: .PublisherSubscriberChannelVariablesAOC2

===========================================================================================
----------------- testing Tue Jul 09 20:00:47 UTC 2019 /home/travis/build/icyphy/ptII/ptolemy/actor/lib/test/auto/PublisherSubscriberD3.xml
----------------- Instantiating /home/travis/build/icyphy/ptII/ptolemy/actor/lib/test/auto/PublisherSubscriberD3.xml
6 ms. Memory: 583680K Free: 277823K (48%)
----------------- Invoking toplevel() on ptolemy.moml.MoMLSimpleApplication@3c0e141
----------------- Done invoking toplevel() on ptolemy.moml.MoMLSimpleApplication@3c0e141
reloadAllAccessors: .PublisherSubscriberD3

===========================================================================================
----------------- testing Tue Jul 09 20:00:47 UTC 2019 /home/travis/build/icyphy/ptII/ptolemy/actor/lib/test/auto/PublisherSubscriberD3Reverse.xml
----------------- Instantiating /home/travis/build/icyphy/ptII/ptolemy/actor/lib/test/auto/PublisherSubscriberD3Reverse.xml
2 ms. Memory: 583680K Free: 271679K (47%)
----------------- Invoking toplevel() on ptolemy.moml.MoMLSimpleApplication@7d2fe634
----------------- Done invoking toplevel() on ptolemy.moml.MoMLSimpleApplication@7d2fe634
reloadAllAccessors: .PublisherSubscriberD3Reverse

===========================================================================================
----------------- testing Tue Jul 09 20:00:47 UTC 2019 /home/travis/build/icyphy/ptII/ptolemy/actor/lib/test/auto/PublisherSubscriberExpression.xml
----------------- Instantiating /home/travis/build/icyphy/ptII/ptolemy/actor/lib/test/auto/PublisherSubscriberExpression.xml
4 ms. Memory: 583680K Free: 263473K (45%)
----------------- Invoking toplevel() on ptolemy.moml.MoMLSimpleApplication@1b92f319
----------------- Done invoking toplevel() on ptolemy.moml.MoMLSimpleApplication@1b92f319
reloadAllAccessors: .PublisherSubscriberExpression

===========================================================================================
----------------- testing Tue Jul 09 20:00:47 UTC 2019 /home/travis/build/icyphy/ptII/ptolemy/actor/lib/test/auto/PublisherSubscriberOpaque.xml
----------------- Instantiating /home/travis/build/icyphy/ptII/ptolemy/actor/lib/test/auto/PublisherSubscriberOpaque.xml
3 ms. Memory: 583680K Free: 254785K (44%)
----------------- Invoking toplevel() on ptolemy.moml.MoMLSimpleApplication@761d60b
----------------- Done invoking toplevel() on ptolemy.moml.MoMLSimpleApplication@761d60b
reloadAllAccessors: .PublisherSubscriberOpaque

===========================================================================================
----------------- testing Tue Jul 09 20:00:47 UTC 2019 /home/travis/build/icyphy/ptII/ptolemy/actor/lib/test/auto/PublisherSubscriberOpaqueD3.xml
----------------- Instantiating /home/travis/build/icyphy/ptII/ptolemy/actor/lib/test/auto/PublisherSubscriberOpaqueD3.xml
5 ms. Memory: 583680K Free: 243521K (42%)
----------------- Invoking toplevel() on ptolemy.moml.MoMLSimpleApplication@5948e9ee
----------------- Done invoking toplevel() on ptolemy.moml.MoMLSimpleApplication@5948e9ee
reloadAllAccessors: .PublisherSubscriberOpaqueD3

===========================================================================================
----------------- testing Tue Jul 09 20:00:47 UTC 2019 /home/travis/build/icyphy/ptII/ptolemy/actor/lib/test/auto/PublisherSubscriberOpaqueD3Reverse.xml
----------------- Instantiating /home/travis/build/icyphy/ptII/ptolemy/actor/lib/test/auto/PublisherSubscriberOpaqueD3Reverse.xml
8 ms. Memory: 583680K Free: 232767K (40%)
----------------- Invoking toplevel() on ptolemy.moml.MoMLSimpleApplication@7b675f64
----------------- Done invoking toplevel() on ptolemy.moml.MoMLSimpleApplication@7b675f64
reloadAllAccessors: .PublisherSubscriberOpaqueD3Reverse

===========================================================================================
----------------- testing Tue Jul 09 20:00:47 UTC 2019 /home/travis/build/icyphy/ptII/ptolemy/actor/lib/test/auto/PublisherSubscriberOpaqueWidthInference.xml
----------------- Instantiating /home/travis/build/icyphy/ptII/ptolemy/actor/lib/test/auto/PublisherSubscriberOpaqueWidthInference.xml
4 ms. Memory: 583680K Free: 224561K (38%)
----------------- Invoking toplevel() on ptolemy.moml.MoMLSimpleApplication@16bede2a
----------------- Done invoking toplevel() on ptolemy.moml.MoMLSimpleApplication@16bede2a
reloadAllAccessors: .PublisherSubscriberOpaqueWidthInference

===========================================================================================
----------------- testing Tue Jul 09 20:00:47 UTC 2019 /home/travis/build/icyphy/ptII/ptolemy/actor/lib/test/auto/PublisherTestSubscriber.xml
----------------- Instantiating /home/travis/build/icyphy/ptII/ptolemy/actor/lib/test/auto/PublisherTestSubscriber.xml
4 ms. Memory: 583680K Free: 216897K (37%)
----------------- Invoking toplevel() on ptolemy.moml.MoMLSimpleApplication@26459fd8
----------------- Done invoking toplevel() on ptolemy.moml.MoMLSimpleApplication@26459fd8
reloadAllAccessors: .PublisherTestSubscriber

===========================================================================================
----------------- testing Tue Jul 09 20:00:47 UTC 2019 /home/travis/build/icyphy/ptII/ptolemy/actor/lib/test/auto/PublisherToplevelSubscriberPortAOC.xml
----------------- Instantiating /home/travis/build/icyphy/ptII/ptolemy/actor/lib/test/auto/PublisherToplevelSubscriberPortAOC.xml
2 ms. Memory: 583680K Free: 210225K (36%)
----------------- Invoking toplevel() on ptolemy.moml.MoMLSimpleApplication@73d0a18c
----------------- Done invoking toplevel() on ptolemy.moml.MoMLSimpleApplication@73d0a18c
reloadAllAccessors: .PublisherToplevelSubscriberPortAOC

===========================================================================================
----------------- testing Tue Jul 09 20:00:47 UTC 2019 /home/travis/build/icyphy/ptII/ptolemy/actor/lib/test/auto/PulseFiringLimitDE.xml
----------------- Instantiating /home/travis/build/icyphy/ptII/ptolemy/actor/lib/test/auto/PulseFiringLimitDE.xml
2 ms. Memory: 583680K Free: 204095K (35%)
----------------- Invoking toplevel() on ptolemy.moml.MoMLSimpleApplication@1b7eaca8
----------------- Done invoking toplevel() on ptolemy.moml.MoMLSimpleApplication@1b7eaca8
reloadAllAccessors: .PulseFiringLimitDE

===========================================================================================
----------------- testing Tue Jul 09 20:00:47 UTC 2019 /home/travis/build/icyphy/ptII/ptolemy/actor/lib/test/auto/Ramp1.xml
----------------- Instantiating /home/travis/build/icyphy/ptII/ptolemy/actor/lib/test/auto/Ramp1.xml
1 ms. Memory: 583680K Free: 199999K (34%)
----------------- Invoking toplevel() on ptolemy.moml.MoMLSimpleApplication@3f688925
----------------- Done invoking toplevel() on ptolemy.moml.MoMLSimpleApplication@3f688925
reloadAllAccessors: .Ramp1

===========================================================================================
----------------- testing Tue Jul 09 20:00:47 UTC 2019 /home/travis/build/icyphy/ptII/ptolemy/actor/lib/test/auto/RampFiringLimitDE.xml
----------------- Instantiating /home/travis/build/icyphy/ptII/ptolemy/actor/lib/test/auto/RampFiringLimitDE.xml
3 ms. Memory: 583680K Free: 193841K (33%)
----------------- Invoking toplevel() on ptolemy.moml.MoMLSimpleApplication@301851b4
----------------- Done invoking toplevel() on ptolemy.moml.MoMLSimpleApplication@301851b4
reloadAllAccessors: .RampFiringLimitDE

===========================================================================================
----------------- testing Tue Jul 09 20:00:47 UTC 2019 /home/travis/build/icyphy/ptII/ptolemy/actor/lib/test/auto/RampFiringLimitSDF.xml
----------------- Instantiating /home/travis/build/icyphy/ptII/ptolemy/actor/lib/test/auto/RampFiringLimitSDF.xml
3 ms. Memory: 583680K Free: 533225K (91%)
----------------- Invoking toplevel() on ptolemy.moml.MoMLSimpleApplication@4376e587
----------------- Done invoking toplevel() on ptolemy.moml.MoMLSimpleApplication@4376e587
reloadAllAccessors: .RampFiringLimitSDF

===========================================================================================
----------------- testing Tue Jul 09 20:00:47 UTC 2019 /home/travis/build/icyphy/ptII/ptolemy/actor/lib/test/auto/RandomInteger.xml
----------------- Instantiating /home/travis/build/icyphy/ptII/ptolemy/actor/lib/test/auto/RandomInteger.xml
1 ms. Memory: 583680K Free: 528633K (91%)
----------------- Invoking toplevel() on ptolemy.moml.MoMLSimpleApplication@3320eefa
----------------- Done invoking toplevel() on ptolemy.moml.MoMLSimpleApplication@3320eefa
reloadAllAccessors: .RandomInteger

===========================================================================================
----------------- testing Tue Jul 09 20:00:47 UTC 2019 /home/travis/build/icyphy/ptII/ptolemy/actor/lib/test/auto/ReadFile1.xml
----------------- Instantiating /home/travis/build/icyphy/ptII/ptolemy/actor/lib/test/auto/ReadFile1.xml
1 ms. Memory: 583680K Free: 524023K (90%)
----------------- Invoking toplevel() on ptolemy.moml.MoMLSimpleApplication@5b272af5
----------------- Done invoking toplevel() on ptolemy.moml.MoMLSimpleApplication@5b272af5
reloadAllAccessors: .ReadFile1

===========================================================================================
----------------- testing Tue Jul 09 20:00:47 UTC 2019 /home/travis/build/icyphy/ptII/ptolemy/actor/lib/test/auto/ReadFile2.xml
----------------- Instantiating /home/travis/build/icyphy/ptII/ptolemy/actor/lib/test/auto/ReadFile2.xml
1 ms. Memory: 583680K Free: 519927K (89%)
----------------- Invoking toplevel() on ptolemy.moml.MoMLSimpleApplication@3cc86198
----------------- Done invoking toplevel() on ptolemy.moml.MoMLSimpleApplication@3cc86198
reloadAllAccessors: .ReadFile2

===========================================================================================
----------------- testing Tue Jul 09 20:00:47 UTC 2019 /home/travis/build/icyphy/ptII/ptolemy/actor/lib/test/auto/Reader.xml
----------------- Instantiating /home/travis/build/icyphy/ptII/ptolemy/actor/lib/test/auto/Reader.xml
actor.lib.Reader is obsolete, use actor.lib.io.ExpressionReader instead
4 ms. Memory: 583680K Free: 515831K (88%)
----------------- Invoking toplevel() on ptolemy.moml.MoMLSimpleApplication@1a346664
----------------- Done invoking toplevel() on ptolemy.moml.MoMLSimpleApplication@1a346664
reloadAllAccessors: .Reader

===========================================================================================
----------------- testing Tue Jul 09 20:00:47 UTC 2019 /home/travis/build/icyphy/ptII/ptolemy/actor/lib/test/auto/RecordAssemblerDisplayNameTest.xml
----------------- Instantiating /home/travis/build/icyphy/ptII/ptolemy/actor/lib/test/auto/RecordAssemblerDisplayNameTest.xml
3714 ms. Memory: 583680K Free: 362216K (62%)
----------------- Invoking toplevel() on ptolemy.moml.MoMLSimpleApplication@2bf8ade0
----------------- Done invoking toplevel() on ptolemy.moml.MoMLSimpleApplication@2bf8ade0
reloadAllAccessors: .RecordAssemblerDisplayNameTest

===========================================================================================
----------------- testing Tue Jul 09 20:00:51 UTC 2019 /home/travis/build/icyphy/ptII/ptolemy/actor/lib/test/auto/RecordAssemblerTypeError.xml
----------------- Instantiating /home/travis/build/icyphy/ptII/ptolemy/actor/lib/test/auto/RecordAssemblerTypeError.xml
20 ms. Memory: 583680K Free: 352490K (60%)
----------------- Invoking toplevel() on ptolemy.moml.MoMLSimpleApplication@3dbd0893
----------------- Done invoking toplevel() on ptolemy.moml.MoMLSimpleApplication@3dbd0893
reloadAllAccessors: .RecordAssemblerTypeError

===========================================================================================
----------------- testing Tue Jul 09 20:00:51 UTC 2019 /home/travis/build/icyphy/ptII/ptolemy/actor/lib/test/auto/RecordDisassember.xml
----------------- Instantiating /home/travis/build/icyphy/ptII/ptolemy/actor/lib/test/auto/RecordDisassember.xml
3 ms. Memory: 583680K Free: 347850K (60%)
----------------- Invoking toplevel() on ptolemy.moml.MoMLSimpleApplication@520b0fd1
----------------- Done invoking toplevel() on ptolemy.moml.MoMLSimpleApplication@520b0fd1
reloadAllAccessors: .RecordDisassember

===========================================================================================
----------------- testing Tue Jul 09 20:00:51 UTC 2019 /home/travis/build/icyphy/ptII/ptolemy/actor/lib/test/auto/RecordDisassemberDisplayNameTest.xml
----------------- Instantiating /home/travis/build/icyphy/ptII/ptolemy/actor/lib/test/auto/RecordDisassemberDisplayNameTest.xml
6 ms. Memory: 583680K Free: 339688K (58%)
----------------- Invoking toplevel() on ptolemy.moml.MoMLSimpleApplication@5d656b00
----------------- Done invoking toplevel() on ptolemy.moml.MoMLSimpleApplication@5d656b00
reloadAllAccessors: .RecordDisassemberDisplayNameTest

===========================================================================================
----------------- testing Tue Jul 09 20:00:51 UTC 2019 /home/travis/build/icyphy/ptII/ptolemy/actor/lib/test/auto/RecordDisassembler.xml
----------------- Instantiating /home/travis/build/icyphy/ptII/ptolemy/actor/lib/test/auto/RecordDisassembler.xml
2 ms. Memory: 583680K Free: 334538K (57%)
----------------- Invoking toplevel() on ptolemy.moml.MoMLSimpleApplication@32e84614
----------------- Done invoking toplevel() on ptolemy.moml.MoMLSimpleApplication@32e84614
reloadAllAccessors: .RecordDisassembler

===========================================================================================
----------------- testing Tue Jul 09 20:00:51 UTC 2019 /home/travis/build/icyphy/ptII/ptolemy/actor/lib/test/auto/RecordDisassembler2.xml
----------------- Instantiating /home/travis/build/icyphy/ptII/ptolemy/actor/lib/test/auto/RecordDisassembler2.xml
3 ms. Memory: 583680K Free: 329434K (56%)
----------------- Invoking toplevel() on ptolemy.moml.MoMLSimpleApplication@426ee7bc
----------------- Done invoking toplevel() on ptolemy.moml.MoMLSimpleApplication@426ee7bc
reloadAllAccessors: .RecordDisassembler2

===========================================================================================
----------------- testing Tue Jul 09 20:00:51 UTC 2019 /home/travis/build/icyphy/ptII/ptolemy/actor/lib/test/auto/RecordUpdater.xml
----------------- Instantiating /home/travis/build/icyphy/ptII/ptolemy/actor/lib/test/auto/RecordUpdater.xml
3 ms. Memory: 583680K Free: 324842K (56%)
----------------- Invoking toplevel() on ptolemy.moml.MoMLSimpleApplication@37659ab5
----------------- Done invoking toplevel() on ptolemy.moml.MoMLSimpleApplication@37659ab5
reloadAllAccessors: .RecordUpdater

===========================================================================================
----------------- testing Tue Jul 09 20:00:51 UTC 2019 /home/travis/build/icyphy/ptII/ptolemy/actor/lib/test/auto/RecordUpdater2.xml
----------------- Instantiating /home/travis/build/icyphy/ptII/ptolemy/actor/lib/test/auto/RecordUpdater2.xml
2 ms. Memory: 583680K Free: 319208K (55%)
----------------- Invoking toplevel() on ptolemy.moml.MoMLSimpleApplication@56a10aee
----------------- Done invoking toplevel() on ptolemy.moml.MoMLSimpleApplication@56a10aee
reloadAllAccessors: .RecordUpdater2

===========================================================================================
----------------- testing Tue Jul 09 20:00:51 UTC 2019 /home/travis/build/icyphy/ptII/ptolemy/actor/lib/test/auto/RecursiveLattice.xml
----------------- Instantiating /home/travis/build/icyphy/ptII/ptolemy/actor/lib/test/auto/RecursiveLattice.xml
1 ms. Memory: 583680K Free: 314602K (54%)
----------------- Invoking toplevel() on ptolemy.moml.MoMLSimpleApplication@5b70735
----------------- Done invoking toplevel() on ptolemy.moml.MoMLSimpleApplication@5b70735
reloadAllAccessors: .RecursiveLattice

===========================================================================================
----------------- testing Tue Jul 09 20:00:51 UTC 2019 /home/travis/build/icyphy/ptII/ptolemy/actor/lib/test/auto/Router.xml
----------------- Instantiating /home/travis/build/icyphy/ptII/ptolemy/actor/lib/test/auto/Router.xml
3005 ms. Memory: 583680K Free: 302824K (52%)
----------------- Invoking toplevel() on ptolemy.moml.MoMLSimpleApplication@3b087a7e
----------------- Done invoking toplevel() on ptolemy.moml.MoMLSimpleApplication@3b087a7e
reloadAllAccessors: .Router

===========================================================================================
----------------- testing Tue Jul 09 20:00:54 UTC 2019 /home/travis/build/icyphy/ptII/ptolemy/actor/lib/test/auto/Router2.xml
----------------- Instantiating /home/travis/build/icyphy/ptII/ptolemy/actor/lib/test/auto/Router2.xml
3005 ms. Memory: 583680K Free: 293098K (50%)
----------------- Invoking toplevel() on ptolemy.moml.MoMLSimpleApplication@2e4bcfb2
----------------- Done invoking toplevel() on ptolemy.moml.MoMLSimpleApplication@2e4bcfb2
reloadAllAccessors: .Router2

===========================================================================================
----------------- testing Tue Jul 09 20:00:57 UTC 2019 /home/travis/build/icyphy/ptII/ptolemy/actor/lib/test/auto/RunningMaximum.xml
----------------- Instantiating /home/travis/build/icyphy/ptII/ptolemy/actor/lib/test/auto/RunningMaximum.xml
4 ms. Memory: 583680K Free: 287978K (49%)
----------------- Invoking toplevel() on ptolemy.moml.MoMLSimpleApplication@5a6975d4
----------------- Done invoking toplevel() on ptolemy.moml.MoMLSimpleApplication@5a6975d4
reloadAllAccessors: .RunningMaximum

===========================================================================================
----------------- testing Tue Jul 09 20:00:57 UTC 2019 /home/travis/build/icyphy/ptII/ptolemy/actor/lib/test/auto/RunningMinimum.xml
----------------- Instantiating /home/travis/build/icyphy/ptII/ptolemy/actor/lib/test/auto/RunningMinimum.xml
9 ms. Memory: 583680K Free: 283368K (49%)
----------------- Invoking toplevel() on ptolemy.moml.MoMLSimpleApplication@5d856aac
----------------- Done invoking toplevel() on ptolemy.moml.MoMLSimpleApplication@5d856aac
reloadAllAccessors: .RunningMinimum

===========================================================================================
----------------- testing Tue Jul 09 20:00:58 UTC 2019 /home/travis/build/icyphy/ptII/ptolemy/actor/lib/test/auto/Scale.xml
----------------- Instantiating /home/travis/build/icyphy/ptII/ptolemy/actor/lib/test/auto/Scale.xml
1 ms. Memory: 583680K Free: 278762K (48%)
----------------- Invoking toplevel() on ptolemy.moml.MoMLSimpleApplication@4cb5c24f
----------------- Done invoking toplevel() on ptolemy.moml.MoMLSimpleApplication@4cb5c24f
reloadAllAccessors: .Scale

===========================================================================================
----------------- testing Tue Jul 09 20:00:58 UTC 2019 /home/travis/build/icyphy/ptII/ptolemy/actor/lib/test/auto/Scale2.xml
----------------- Instantiating /home/travis/build/icyphy/ptII/ptolemy/actor/lib/test/auto/Scale2.xml
2 ms. Memory: 583680K Free: 274152K (47%)
----------------- Invoking toplevel() on ptolemy.moml.MoMLSimpleApplication@5b06a0c3
----------------- Done invoking toplevel() on ptolemy.moml.MoMLSimpleApplication@5b06a0c3
reloadAllAccessors: .Scale2

===========================================================================================
----------------- testing Tue Jul 09 20:00:58 UTC 2019 /home/travis/build/icyphy/ptII/ptolemy/actor/lib/test/auto/Scale3.xml
----------------- Instantiating /home/travis/build/icyphy/ptII/ptolemy/actor/lib/test/auto/Scale3.xml
3 ms. Memory: 583680K Free: 267498K (46%)
----------------- Invoking toplevel() on ptolemy.moml.MoMLSimpleApplication@18cc6bcd
----------------- Done invoking toplevel() on ptolemy.moml.MoMLSimpleApplication@18cc6bcd
reloadAllAccessors: .Scale3

===========================================================================================
----------------- testing Tue Jul 09 20:00:58 UTC 2019 /home/travis/build/icyphy/ptII/ptolemy/actor/lib/test/auto/ScaleArray.xml
----------------- Instantiating /home/travis/build/icyphy/ptII/ptolemy/actor/lib/test/auto/ScaleArray.xml
1 ms. Memory: 583680K Free: 262378K (45%)
----------------- Invoking toplevel() on ptolemy.moml.MoMLSimpleApplication@36979a0c
----------------- Done invoking toplevel() on ptolemy.moml.MoMLSimpleApplication@36979a0c
reloadAllAccessors: .ScaleArray

===========================================================================================
----------------- testing Tue Jul 09 20:00:58 UTC 2019 /home/travis/build/icyphy/ptII/ptolemy/actor/lib/test/auto/ScaleArray2.xml
----------------- Instantiating /home/travis/build/icyphy/ptII/ptolemy/actor/lib/test/auto/ScaleArray2.xml
1 ms. Memory: 583680K Free: 257768K (44%)
----------------- Invoking toplevel() on ptolemy.moml.MoMLSimpleApplication@6743036e
----------------- Done invoking toplevel() on ptolemy.moml.MoMLSimpleApplication@6743036e
reloadAllAccessors: .ScaleArray2

===========================================================================================
----------------- testing Tue Jul 09 20:00:58 UTC 2019 /home/travis/build/icyphy/ptII/ptolemy/actor/lib/test/auto/ScaleMatrix.xml
----------------- Instantiating /home/travis/build/icyphy/ptII/ptolemy/actor/lib/test/auto/ScaleMatrix.xml
142 ms. Memory: 583680K Free: 243946K (42%)
----------------- Invoking toplevel() on ptolemy.moml.MoMLSimpleApplication@7ddcb601
----------------- Done invoking toplevel() on ptolemy.moml.MoMLSimpleApplication@7ddcb601
reloadAllAccessors: .ScaleMatrix

===========================================================================================
----------------- testing Tue Jul 09 20:00:58 UTC 2019 /home/travis/build/icyphy/ptII/ptolemy/actor/lib/test/auto/Select.xml
----------------- Instantiating /home/travis/build/icyphy/ptII/ptolemy/actor/lib/test/auto/Select.xml
2 ms. Memory: 583680K Free: 237802K (41%)
----------------- Invoking toplevel() on ptolemy.moml.MoMLSimpleApplication@548489ce
----------------- Done invoking toplevel() on ptolemy.moml.MoMLSimpleApplication@548489ce
reloadAllAccessors: .Select

===========================================================================================
----------------- testing Tue Jul 09 20:00:58 UTC 2019 /home/travis/build/icyphy/ptII/ptolemy/actor/lib/test/auto/Select2.xml
----------------- Instantiating /home/travis/build/icyphy/ptII/ptolemy/actor/lib/test/auto/Select2.xml
1 ms. Memory: 583680K Free: 232682K (40%)
----------------- Invoking toplevel() on ptolemy.moml.MoMLSimpleApplication@3ade551e
----------------- Done invoking toplevel() on ptolemy.moml.MoMLSimpleApplication@3ade551e
reloadAllAccessors: .Select2

===========================================================================================
----------------- testing Tue Jul 09 20:00:58 UTC 2019 /home/travis/build/icyphy/ptII/ptolemy/actor/lib/test/auto/SequenceToArray2.xml
----------------- Instantiating /home/travis/build/icyphy/ptII/ptolemy/actor/lib/test/auto/SequenceToArray2.xml
105 ms. Memory: 583680K Free: 208616K (36%)
----------------- Invoking toplevel() on ptolemy.moml.MoMLSimpleApplication@72729ebf
----------------- Done invoking toplevel() on ptolemy.moml.MoMLSimpleApplication@72729ebf
reloadAllAccessors: .SequenceToArray2

===========================================================================================
----------------- testing Tue Jul 09 20:00:58 UTC 2019 /home/travis/build/icyphy/ptII/ptolemy/actor/lib/test/auto/SequentialClock.xml
----------------- Instantiating /home/travis/build/icyphy/ptII/ptolemy/actor/lib/test/auto/SequentialClock.xml
2 ms. Memory: 583680K Free: 204010K (35%)
----------------- Invoking toplevel() on ptolemy.moml.MoMLSimpleApplication@6508f600
----------------- Done invoking toplevel() on ptolemy.moml.MoMLSimpleApplication@6508f600
reloadAllAccessors: .SequentialClock

===========================================================================================
----------------- testing Tue Jul 09 20:00:58 UTC 2019 /home/travis/build/icyphy/ptII/ptolemy/actor/lib/test/auto/SetVariable.xml
----------------- Instantiating /home/travis/build/icyphy/ptII/ptolemy/actor/lib/test/auto/SetVariable.xml
2 ms. Memory: 583680K Free: 199400K (34%)
----------------- Invoking toplevel() on ptolemy.moml.MoMLSimpleApplication@72b051db
----------------- Done invoking toplevel() on ptolemy.moml.MoMLSimpleApplication@72b051db
reloadAllAccessors: .SetVariable

===========================================================================================
----------------- testing Tue Jul 09 20:00:58 UTC 2019 /home/travis/build/icyphy/ptII/ptolemy/actor/lib/test/auto/SetVariable2.xml
----------------- Instantiating /home/travis/build/icyphy/ptII/ptolemy/actor/lib/test/auto/SetVariable2.xml
2 ms. Memory: 583680K Free: 194280K (33%)
----------------- Invoking toplevel() on ptolemy.moml.MoMLSimpleApplication@38713156
----------------- Done invoking toplevel() on ptolemy.moml.MoMLSimpleApplication@38713156
reloadAllAccessors: .SetVariable2

===========================================================================================
----------------- testing Tue Jul 09 20:00:58 UTC 2019 /home/travis/build/icyphy/ptII/ptolemy/actor/lib/test/auto/SetVariable3.xml
----------------- Instantiating /home/travis/build/icyphy/ptII/ptolemy/actor/lib/test/auto/SetVariable3.xml
5 ms. Memory: 583680K Free: 533711K (91%)
----------------- Invoking toplevel() on ptolemy.moml.MoMLSimpleApplication@417159a
----------------- Done invoking toplevel() on ptolemy.moml.MoMLSimpleApplication@417159a
reloadAllAccessors: .SetVariable3

===========================================================================================
----------------- testing Tue Jul 09 20:00:58 UTC 2019 /home/travis/build/icyphy/ptII/ptolemy/actor/lib/test/auto/SetVariable4.xml
----------------- Instantiating /home/travis/build/icyphy/ptII/ptolemy/actor/lib/test/auto/SetVariable4.xml
12 ms. Memory: 583680K Free: 523471K (90%)
----------------- Invoking toplevel() on ptolemy.moml.MoMLSimpleApplication@7025f1a2
----------------- Done invoking toplevel() on ptolemy.moml.MoMLSimpleApplication@7025f1a2
reloadAllAccessors: .SetVariable4

===========================================================================================
----------------- testing Tue Jul 09 20:00:58 UTC 2019 /home/travis/build/icyphy/ptII/ptolemy/actor/lib/test/auto/SetVariable5.xml
----------------- Instantiating /home/travis/build/icyphy/ptII/ptolemy/actor/lib/test/auto/SetVariable5.xml
19 ms. Memory: 583680K Free: 514255K (88%)
----------------- Invoking toplevel() on ptolemy.moml.MoMLSimpleApplication@d80deba
----------------- Done invoking toplevel() on ptolemy.moml.MoMLSimpleApplication@d80deba
reloadAllAccessors: .SetVariable5

===========================================================================================
----------------- testing Tue Jul 09 20:00:58 UTC 2019 /home/travis/build/icyphy/ptII/ptolemy/actor/lib/test/auto/Sinewave.xml
----------------- Instantiating /home/travis/build/icyphy/ptII/ptolemy/actor/lib/test/auto/Sinewave.xml
6 ms. Memory: 583680K Free: 504015K (86%)
----------------- Invoking toplevel() on ptolemy.moml.MoMLSimpleApplication@5c951a81
----------------- Done invoking toplevel() on ptolemy.moml.MoMLSimpleApplication@5c951a81
reloadAllAccessors: .Sinewave

===========================================================================================
----------------- testing Tue Jul 09 20:00:58 UTC 2019 /home/travis/build/icyphy/ptII/ptolemy/actor/lib/test/auto/Sinewave2.xml
----------------- Instantiating /home/travis/build/icyphy/ptII/ptolemy/actor/lib/test/auto/Sinewave2.xml
6 ms. Memory: 583680K Free: 495309K (85%)
----------------- Invoking toplevel() on ptolemy.moml.MoMLSimpleApplication@1c1f2a49
----------------- Done invoking toplevel() on ptolemy.moml.MoMLSimpleApplication@1c1f2a49
reloadAllAccessors: .Sinewave2

===========================================================================================
----------------- testing Tue Jul 09 20:00:58 UTC 2019 /home/travis/build/icyphy/ptII/ptolemy/actor/lib/test/auto/Sinewave3.xml
----------------- Instantiating /home/travis/build/icyphy/ptII/ptolemy/actor/lib/test/auto/Sinewave3.xml
8 ms. Memory: 583680K Free: 487087K (83%)
----------------- Invoking toplevel() on ptolemy.moml.MoMLSimpleApplication@4261706f
----------------- Done invoking toplevel() on ptolemy.moml.MoMLSimpleApplication@4261706f
reloadAllAccessors: .Sinewave3

===========================================================================================
----------------- testing Tue Jul 09 20:00:58 UTC 2019 /home/travis/build/icyphy/ptII/ptolemy/actor/lib/test/auto/SingleEvent.xml
----------------- Instantiating /home/travis/build/icyphy/ptII/ptolemy/actor/lib/test/auto/SingleEvent.xml
1 ms. Memory: 583680K Free: 483021K (83%)
----------------- Invoking toplevel() on ptolemy.moml.MoMLSimpleApplication@62d63f3f
----------------- Done invoking toplevel() on ptolemy.moml.MoMLSimpleApplication@62d63f3f
reloadAllAccessors: .SingleEvent

===========================================================================================
----------------- testing Tue Jul 09 20:00:58 UTC 2019 /home/travis/build/icyphy/ptII/ptolemy/actor/lib/test/auto/Sleep.xml
----------------- Instantiating /home/travis/build/icyphy/ptII/ptolemy/actor/lib/test/auto/Sleep.xml
6003 ms. Memory: 583680K Free: 477871K (82%)
----------------- Invoking toplevel() on ptolemy.moml.MoMLSimpleApplication@57507da6
----------------- Done invoking toplevel() on ptolemy.moml.MoMLSimpleApplication@57507da6
reloadAllAccessors: .Sleep

===========================================================================================
----------------- testing Tue Jul 09 20:01:04 UTC 2019 /home/travis/build/icyphy/ptII/ptolemy/actor/lib/test/auto/SleepMultipleFire.xml
----------------- Instantiating /home/travis/build/icyphy/ptII/ptolemy/actor/lib/test/auto/SleepMultipleFire.xml
1006 ms. Memory: 583680K Free: 471757K (81%)
----------------- Invoking toplevel() on ptolemy.moml.MoMLSimpleApplication@3732d676
----------------- Done invoking toplevel() on ptolemy.moml.MoMLSimpleApplication@3732d676
reloadAllAccessors: .SleepMultipleFire

===========================================================================================
----------------- testing Tue Jul 09 20:01:05 UTC 2019 /home/travis/build/icyphy/ptII/ptolemy/actor/lib/test/auto/StopDE.xml
----------------- Instantiating /home/travis/build/icyphy/ptII/ptolemy/actor/lib/test/auto/StopDE.xml
8 ms. Memory: 583680K Free: 466127K (80%)
----------------- Invoking toplevel() on ptolemy.moml.MoMLSimpleApplication@671a9f1c
----------------- Done invoking toplevel() on ptolemy.moml.MoMLSimpleApplication@671a9f1c
reloadAllAccessors: .StopDE

===========================================================================================
----------------- testing Tue Jul 09 20:01:05 UTC 2019 /home/travis/build/icyphy/ptII/ptolemy/actor/lib/test/auto/StopSDF.xml
----------------- Instantiating /home/travis/build/icyphy/ptII/ptolemy/actor/lib/test/auto/StopSDF.xml
5 ms. Memory: 583680K Free: 461007K (79%)
----------------- Invoking toplevel() on ptolemy.moml.MoMLSimpleApplication@fc4351a
----------------- Done invoking toplevel() on ptolemy.moml.MoMLSimpleApplication@fc4351a
reloadAllAccessors: .StopSDF

===========================================================================================
----------------- testing Tue Jul 09 20:01:05 UTC 2019 /home/travis/build/icyphy/ptII/ptolemy/actor/lib/test/auto/StringConstant.xml
----------------- Instantiating /home/travis/build/icyphy/ptII/ptolemy/actor/lib/test/auto/StringConstant.xml
2 ms. Memory: 583680K Free: 456397K (78%)
----------------- Invoking toplevel() on ptolemy.moml.MoMLSimpleApplication@3c22e0ad
----------------- Done invoking toplevel() on ptolemy.moml.MoMLSimpleApplication@3c22e0ad
reloadAllAccessors: .StringConstant

===========================================================================================
----------------- testing Tue Jul 09 20:01:05 UTC 2019 /home/travis/build/icyphy/ptII/ptolemy/actor/lib/test/auto/SubscriberPortInitialValues1.xml
----------------- Instantiating /home/travis/build/icyphy/ptII/ptolemy/actor/lib/test/auto/SubscriberPortInitialValues1.xml
8 ms. Memory: 583680K Free: 447181K (77%)
----------------- Invoking toplevel() on ptolemy.moml.MoMLSimpleApplication@24437662
----------------- Done invoking toplevel() on ptolemy.moml.MoMLSimpleApplication@24437662
reloadAllAccessors: .SubscriberPortInitialValues1

===========================================================================================
----------------- testing Tue Jul 09 20:01:05 UTC 2019 /home/travis/build/icyphy/ptII/ptolemy/actor/lib/test/auto/SubscriberPortInitialValues13.xml
----------------- Instantiating /home/travis/build/icyphy/ptII/ptolemy/actor/lib/test/auto/SubscriberPortInitialValues13.xml
6 ms. Memory: 583680K Free: 433869K (74%)
----------------- Invoking toplevel() on ptolemy.moml.MoMLSimpleApplication@32320228
----------------- Done invoking toplevel() on ptolemy.moml.MoMLSimpleApplication@32320228
reloadAllAccessors: .SubscriberPortInitialValues13

===========================================================================================
----------------- testing Tue Jul 09 20:01:05 UTC 2019 /home/travis/build/icyphy/ptII/ptolemy/actor/lib/test/auto/SubscriberPortInitialValues14.xml
----------------- Instantiating /home/travis/build/icyphy/ptII/ptolemy/actor/lib/test/auto/SubscriberPortInitialValues14.xml
5 ms. Memory: 583680K Free: 425677K (73%)
----------------- Invoking toplevel() on ptolemy.moml.MoMLSimpleApplication@274ffcb1
----------------- Done invoking toplevel() on ptolemy.moml.MoMLSimpleApplication@274ffcb1
reloadAllAccessors: .SubscriberPortInitialValues14

===========================================================================================
----------------- testing Tue Jul 09 20:01:05 UTC 2019 /home/travis/build/icyphy/ptII/ptolemy/actor/lib/test/auto/SubscriberPortInitialValues2.xml
----------------- Instantiating /home/travis/build/icyphy/ptII/ptolemy/actor/lib/test/auto/SubscriberPortInitialValues2.xml
4 ms. Memory: 583680K Free: 417999K (72%)
----------------- Invoking toplevel() on ptolemy.moml.MoMLSimpleApplication@38a89ab9
----------------- Done invoking toplevel() on ptolemy.moml.MoMLSimpleApplication@38a89ab9
reloadAllAccessors: .SubscriberPortInitialValues2

===========================================================================================
----------------- testing Tue Jul 09 20:01:05 UTC 2019 /home/travis/build/icyphy/ptII/ptolemy/actor/lib/test/auto/SubscriberPortInitialValues3.xml
----------------- Instantiating /home/travis/build/icyphy/ptII/ptolemy/actor/lib/test/auto/SubscriberPortInitialValues3.xml
4 ms. Memory: 583680K Free: 406735K (70%)
----------------- Invoking toplevel() on ptolemy.moml.MoMLSimpleApplication@65c9917f
----------------- Done invoking toplevel() on ptolemy.moml.MoMLSimpleApplication@65c9917f
reloadAllAccessors: .SubscriberPortInitialValues3

===========================================================================================
----------------- testing Tue Jul 09 20:01:05 UTC 2019 /home/travis/build/icyphy/ptII/ptolemy/actor/lib/test/auto/SubscriptionAggregator.xml
----------------- Instantiating /home/travis/build/icyphy/ptII/ptolemy/actor/lib/test/auto/SubscriptionAggregator.xml
3 ms. Memory: 583680K Free: 400063K (69%)
----------------- Invoking toplevel() on ptolemy.moml.MoMLSimpleApplication@2dec2eeb
----------------- Done invoking toplevel() on ptolemy.moml.MoMLSimpleApplication@2dec2eeb
reloadAllAccessors: .SubscriptionAggregator

===========================================================================================
----------------- testing Tue Jul 09 20:01:05 UTC 2019 /home/travis/build/icyphy/ptII/ptolemy/actor/lib/test/auto/SubscriptionAggregator2.xml
----------------- Instantiating /home/travis/build/icyphy/ptII/ptolemy/actor/lib/test/auto/SubscriptionAggregator2.xml
2 ms. Memory: 583680K Free: 393423K (67%)
----------------- Invoking toplevel() on ptolemy.moml.MoMLSimpleApplication@78c55512
----------------- Done invoking toplevel() on ptolemy.moml.MoMLSimpleApplication@78c55512
reloadAllAccessors: .SubscriptionAggregator2

===========================================================================================
----------------- testing Tue Jul 09 20:01:05 UTC 2019 /home/travis/build/icyphy/ptII/ptolemy/actor/lib/test/auto/SubscriptionAggregator3.xml
----------------- Instantiating /home/travis/build/icyphy/ptII/ptolemy/actor/lib/test/auto/SubscriptionAggregator3.xml
4 ms. Memory: 583680K Free: 385231K (66%)
----------------- Invoking toplevel() on ptolemy.moml.MoMLSimpleApplication@76e290f9
----------------- Done invoking toplevel() on ptolemy.moml.MoMLSimpleApplication@76e290f9
reloadAllAccessors: .SubscriptionAggregator3

===========================================================================================
----------------- testing Tue Jul 09 20:01:05 UTC 2019 /home/travis/build/icyphy/ptII/ptolemy/actor/lib/test/auto/SubscriptionAggregatorMultiply.xml
----------------- Instantiating /home/travis/build/icyphy/ptII/ptolemy/actor/lib/test/auto/SubscriptionAggregatorMultiply.xml
11 ms. Memory: 583680K Free: 376519K (65%)
----------------- Invoking toplevel() on ptolemy.moml.MoMLSimpleApplication@5fbbacbd
----------------- Done invoking toplevel() on ptolemy.moml.MoMLSimpleApplication@5fbbacbd
reloadAllAccessors: .SubscriptionAggregatorMultiply

===========================================================================================
----------------- testing Tue Jul 09 20:01:05 UTC 2019 /home/travis/build/icyphy/ptII/ptolemy/actor/lib/test/auto/SubscriptionAggregatorPortMultiply1.xml
----------------- Instantiating /home/travis/build/icyphy/ptII/ptolemy/actor/lib/test/auto/SubscriptionAggregatorPortMultiply1.xml
4 ms. Memory: 583680K Free: 368847K (63%)
----------------- Invoking toplevel() on ptolemy.moml.MoMLSimpleApplication@1cd18119
----------------- Done invoking toplevel() on ptolemy.moml.MoMLSimpleApplication@1cd18119
reloadAllAccessors: .SubscriptionAggregatorPortMultiply1

===========================================================================================
----------------- testing Tue Jul 09 20:01:05 UTC 2019 /home/travis/build/icyphy/ptII/ptolemy/actor/lib/test/auto/Switch.xml
----------------- Instantiating /home/travis/build/icyphy/ptII/ptolemy/actor/lib/test/auto/Switch.xml
9 ms. Memory: 583680K Free: 360655K (62%)
----------------- Invoking toplevel() on ptolemy.moml.MoMLSimpleApplication@3fe2f0b3
----------------- Done invoking toplevel() on ptolemy.moml.MoMLSimpleApplication@3fe2f0b3
reloadAllAccessors: .Switch

===========================================================================================
----------------- testing Tue Jul 09 20:01:06 UTC 2019 /home/travis/build/icyphy/ptII/ptolemy/actor/lib/test/auto/Switch2.xml
----------------- Instantiating /home/travis/build/icyphy/ptII/ptolemy/actor/lib/test/auto/Switch2.xml
1 ms. Memory: 583680K Free: 356045K (61%)
----------------- Invoking toplevel() on ptolemy.moml.MoMLSimpleApplication@61663153
----------------- Done invoking toplevel() on ptolemy.moml.MoMLSimpleApplication@61663153
reloadAllAccessors: .Switch2

===========================================================================================
----------------- testing Tue Jul 09 20:01:06 UTC 2019 /home/travis/build/icyphy/ptII/ptolemy/actor/lib/test/auto/SwitchDE.xml
----------------- Instantiating /home/travis/build/icyphy/ptII/ptolemy/actor/lib/test/auto/SwitchDE.xml
4 ms. Memory: 583680K Free: 349391K (60%)
----------------- Invoking toplevel() on ptolemy.moml.MoMLSimpleApplication@68963e0f
----------------- Done invoking toplevel() on ptolemy.moml.MoMLSimpleApplication@68963e0f
reloadAllAccessors: .SwitchDE

===========================================================================================
----------------- testing Tue Jul 09 20:01:06 UTC 2019 /home/travis/build/icyphy/ptII/ptolemy/actor/lib/test/auto/SynchronizerDE.xml
----------------- Instantiating /home/travis/build/icyphy/ptII/ptolemy/actor/lib/test/auto/SynchronizerDE.xml
7 ms. Memory: 583680K Free: 341199K (58%)
----------------- Invoking toplevel() on ptolemy.moml.MoMLSimpleApplication@41ba19f1
----------------- Done invoking toplevel() on ptolemy.moml.MoMLSimpleApplication@41ba19f1
reloadAllAccessors: .SynchronizerDE

===========================================================================================
----------------- testing Tue Jul 09 20:01:06 UTC 2019 /home/travis/build/icyphy/ptII/ptolemy/actor/lib/test/auto/Test.xml
----------------- Instantiating /home/travis/build/icyphy/ptII/ptolemy/actor/lib/test/auto/Test.xml
10 ms. Memory: 583680K Free: 336079K (58%)
----------------- Invoking toplevel() on ptolemy.moml.MoMLSimpleApplication@1938a1d3
----------------- Done invoking toplevel() on ptolemy.moml.MoMLSimpleApplication@1938a1d3
reloadAllAccessors: .Test

===========================================================================================
----------------- testing Tue Jul 09 20:01:06 UTC 2019 /home/travis/build/icyphy/ptII/ptolemy/actor/lib/test/auto/TestExceptionAttribute1.xml
----------------- Instantiating /home/travis/build/icyphy/ptII/ptolemy/actor/lib/test/auto/TestExceptionAttribute1.xml
2 ms. Memory: 583680K Free: 332493K (57%)
----------------- Invoking toplevel() on ptolemy.moml.MoMLSimpleApplication@3bca02c7
----------------- Done invoking toplevel() on ptolemy.moml.MoMLSimpleApplication@3bca02c7
reloadAllAccessors: .TestExceptionAttribute1

===========================================================================================
----------------- testing Tue Jul 09 20:01:06 UTC 2019 /home/travis/build/icyphy/ptII/ptolemy/actor/lib/test/auto/TestExceptionAttribute2.xml
----------------- Instantiating /home/travis/build/icyphy/ptII/ptolemy/actor/lib/test/auto/TestExceptionAttribute2.xml
2 ms. Memory: 583680K Free: 328397K (56%)
----------------- Invoking toplevel() on ptolemy.moml.MoMLSimpleApplication@7ff8c4de
----------------- Done invoking toplevel() on ptolemy.moml.MoMLSimpleApplication@7ff8c4de
reloadAllAccessors: .TestExceptionAttribute2

===========================================================================================
----------------- testing Tue Jul 09 20:01:06 UTC 2019 /home/travis/build/icyphy/ptII/ptolemy/actor/lib/test/auto/TestExceptionAttribute3.xml
----------------- Instantiating /home/travis/build/icyphy/ptII/ptolemy/actor/lib/test/auto/TestExceptionAttribute3.xml
.TestExceptionAttribute3.TestExceptionAttribute: initialize() was not invoked, but wrapup() was.  This is unusual, but not always a problem.  For example, exporting JNLP will do this.
0 ms. Memory: 583680K Free: 324815K (56%)
----------------- Invoking toplevel() on ptolemy.moml.MoMLSimpleApplication@5567cf2f
----------------- Done invoking toplevel() on ptolemy.moml.MoMLSimpleApplication@5567cf2f
reloadAllAccessors: .TestExceptionAttribute3

===========================================================================================
----------------- testing Tue Jul 09 20:01:06 UTC 2019 /home/travis/build/icyphy/ptII/ptolemy/actor/lib/test/auto/TestExceptionAttribute4.xml
----------------- Instantiating /home/travis/build/icyphy/ptII/ptolemy/actor/lib/test/auto/TestExceptionAttribute4.xml
.TestExceptionAttribute4.TestExceptionAttribute: initialize() was not invoked, but wrapup() was.  This is unusual, but not always a problem.  For example, exporting JNLP will do this.
.TestExceptionAttribute4.TestExceptionAttribute2: initialize() was not invoked, but wrapup() was.  This is unusual, but not always a problem.  For example, exporting JNLP will do this.
1 ms. Memory: 583680K Free: 320719K (55%)
----------------- Invoking toplevel() on ptolemy.moml.MoMLSimpleApplication@3a01dfe
----------------- Done invoking toplevel() on ptolemy.moml.MoMLSimpleApplication@3a01dfe
reloadAllAccessors: .TestExceptionAttribute4

===========================================================================================
----------------- testing Tue Jul 09 20:01:06 UTC 2019 /home/travis/build/icyphy/ptII/ptolemy/actor/lib/test/auto/TestExceptionHandler1.xml
----------------- Instantiating /home/travis/build/icyphy/ptII/ptolemy/actor/lib/test/auto/TestExceptionHandler1.xml
1 ms. Memory: 583680K Free: 317133K (54%)
----------------- Invoking toplevel() on ptolemy.moml.MoMLSimpleApplication@579857ae
----------------- Done invoking toplevel() on ptolemy.moml.MoMLSimpleApplication@579857ae
reloadAllAccessors: .TestExceptionHandler1

===========================================================================================
----------------- testing Tue Jul 09 20:01:06 UTC 2019 /home/travis/build/icyphy/ptII/ptolemy/actor/lib/test/auto/TestExceptionHandler2.xml
----------------- Instantiating /home/travis/build/icyphy/ptII/ptolemy/actor/lib/test/auto/TestExceptionHandler2.xml
1 ms. Memory: 583680K Free: 313037K (54%)
----------------- Invoking toplevel() on ptolemy.moml.MoMLSimpleApplication@45d0a34
----------------- Done invoking toplevel() on ptolemy.moml.MoMLSimpleApplication@45d0a34
reloadAllAccessors: .TestExceptionHandler2

===========================================================================================
----------------- testing Tue Jul 09 20:01:06 UTC 2019 /home/travis/build/icyphy/ptII/ptolemy/actor/lib/test/auto/TestExceptionHandler3.xml
----------------- Instantiating /home/travis/build/icyphy/ptII/ptolemy/actor/lib/test/auto/TestExceptionHandler3.xml
1 ms. Memory: 583680K Free: 309455K (53%)
----------------- Invoking toplevel() on ptolemy.moml.MoMLSimpleApplication@57d33923
----------------- Done invoking toplevel() on ptolemy.moml.MoMLSimpleApplication@57d33923
reloadAllAccessors: .TestExceptionHandler3

===========================================================================================
----------------- testing Tue Jul 09 20:01:06 UTC 2019 /home/travis/build/icyphy/ptII/ptolemy/actor/lib/test/auto/TestExceptionHandler4.xml
----------------- Instantiating /home/travis/build/icyphy/ptII/ptolemy/actor/lib/test/auto/TestExceptionHandler4.xml
0 ms. Memory: 583680K Free: 305359K (52%)
----------------- Invoking toplevel() on ptolemy.moml.MoMLSimpleApplication@1ce9e092
----------------- Done invoking toplevel() on ptolemy.moml.MoMLSimpleApplication@1ce9e092
reloadAllAccessors: .TestExceptionHandler4

===========================================================================================
----------------- testing Tue Jul 09 20:01:06 UTC 2019 /home/travis/build/icyphy/ptII/ptolemy/actor/lib/test/auto/TestRequireCorrectOrder.xml
----------------- Instantiating /home/travis/build/icyphy/ptII/ptolemy/actor/lib/test/auto/TestRequireCorrectOrder.xml
4 ms. Memory: 583680K Free: 300239K (51%)
----------------- Invoking toplevel() on ptolemy.moml.MoMLSimpleApplication@7c5c4deb
----------------- Done invoking toplevel() on ptolemy.moml.MoMLSimpleApplication@7c5c4deb
reloadAllAccessors: .TestRequireCorrectOrder

===========================================================================================
----------------- testing Tue Jul 09 20:01:06 UTC 2019 /home/travis/build/icyphy/ptII/ptolemy/actor/lib/test/auto/TestSimple.xml
----------------- Instantiating /home/travis/build/icyphy/ptII/ptolemy/actor/lib/test/auto/TestSimple.xml
4 ms. Memory: 583680K Free: 295629K (51%)
----------------- Invoking toplevel() on ptolemy.moml.MoMLSimpleApplication@5a95862c
----------------- Done invoking toplevel() on ptolemy.moml.MoMLSimpleApplication@5a95862c
reloadAllAccessors: .TestSimple

===========================================================================================
----------------- testing Tue Jul 09 20:01:06 UTC 2019 /home/travis/build/icyphy/ptII/ptolemy/actor/lib/test/auto/ThrowModelError.xml
----------------- Instantiating /home/travis/build/icyphy/ptII/ptolemy/actor/lib/test/auto/ThrowModelError.xml
1 ms. Memory: 583680K Free: 291023K (50%)
----------------- Invoking toplevel() on ptolemy.moml.MoMLSimpleApplication@14fcc1e8
----------------- Done invoking toplevel() on ptolemy.moml.MoMLSimpleApplication@14fcc1e8
reloadAllAccessors: .ThrowModelError

===========================================================================================
----------------- testing Tue Jul 09 20:01:06 UTC 2019 /home/travis/build/icyphy/ptII/ptolemy/actor/lib/test/auto/TimeDelayMicrosteps.xml
----------------- Instantiating /home/travis/build/icyphy/ptII/ptolemy/actor/lib/test/auto/TimeDelayMicrosteps.xml
6 ms. Memory: 583680K Free: 284335K (49%)
----------------- Invoking toplevel() on ptolemy.moml.MoMLSimpleApplication@d524414
----------------- Done invoking toplevel() on ptolemy.moml.MoMLSimpleApplication@d524414
reloadAllAccessors: .TimeDelayMicrosteps

===========================================================================================
----------------- testing Tue Jul 09 20:01:06 UTC 2019 /home/travis/build/icyphy/ptII/ptolemy/actor/lib/test/auto/TimeDelayMicrosteps2.xml
----------------- Instantiating /home/travis/build/icyphy/ptII/ptolemy/actor/lib/test/auto/TimeDelayMicrosteps2.xml
3 ms. Memory: 583680K Free: 275663K (47%)
----------------- Invoking toplevel() on ptolemy.moml.MoMLSimpleApplication@3bc5ead8
----------------- Done invoking toplevel() on ptolemy.moml.MoMLSimpleApplication@3bc5ead8
reloadAllAccessors: .TimeDelayMicrosteps2

===========================================================================================
----------------- testing Tue Jul 09 20:01:06 UTC 2019 /home/travis/build/icyphy/ptII/ptolemy/actor/lib/test/auto/TimeDelayMicrosteps3.xml
----------------- Instantiating /home/travis/build/icyphy/ptII/ptolemy/actor/lib/test/auto/TimeDelayMicrosteps3.xml
2 ms. Memory: 583680K Free: 268975K (46%)
----------------- Invoking toplevel() on ptolemy.moml.MoMLSimpleApplication@27fc6373
----------------- Done invoking toplevel() on ptolemy.moml.MoMLSimpleApplication@27fc6373
reloadAllAccessors: .TimeDelayMicrosteps3

===========================================================================================
----------------- testing Tue Jul 09 20:01:06 UTC 2019 /home/travis/build/icyphy/ptII/ptolemy/actor/lib/test/auto/TimeDelayVariableMicrosteps.xml
----------------- Instantiating /home/travis/build/icyphy/ptII/ptolemy/actor/lib/test/auto/TimeDelayVariableMicrosteps.xml
4 ms. Memory: 583680K Free: 262861K (45%)
----------------- Invoking toplevel() on ptolemy.moml.MoMLSimpleApplication@713d3cac
----------------- Done invoking toplevel() on ptolemy.moml.MoMLSimpleApplication@713d3cac
reloadAllAccessors: .TimeDelayVariableMicrosteps

===========================================================================================
----------------- testing Tue Jul 09 20:01:06 UTC 2019 /home/travis/build/icyphy/ptII/ptolemy/actor/lib/test/auto/TimeGap.xml
----------------- Instantiating /home/travis/build/icyphy/ptII/ptolemy/actor/lib/test/auto/TimeGap.xml
4 ms. Memory: 583680K Free: 257231K (44%)
----------------- Invoking toplevel() on ptolemy.moml.MoMLSimpleApplication@75d584cd
----------------- Done invoking toplevel() on ptolemy.moml.MoMLSimpleApplication@75d584cd
reloadAllAccessors: .TimeGap

===========================================================================================
----------------- testing Tue Jul 09 20:01:06 UTC 2019 /home/travis/build/icyphy/ptII/ptolemy/actor/lib/test/auto/TimeGap2.xml
----------------- Instantiating /home/travis/build/icyphy/ptII/ptolemy/actor/lib/test/auto/TimeGap2.xml
2 ms. Memory: 583680K Free: 251567K (43%)
----------------- Invoking toplevel() on ptolemy.moml.MoMLSimpleApplication@1d6802b9
----------------- Done invoking toplevel() on ptolemy.moml.MoMLSimpleApplication@1d6802b9
reloadAllAccessors: .TimeGap2

===========================================================================================
----------------- testing Tue Jul 09 20:01:06 UTC 2019 /home/travis/build/icyphy/ptII/ptolemy/actor/lib/test/auto/TimedSinewave.xml
----------------- Instantiating /home/travis/build/icyphy/ptII/ptolemy/actor/lib/test/auto/TimedSinewave.xml
25 ms. Memory: 583680K Free: 237775K (41%)
----------------- Invoking toplevel() on ptolemy.moml.MoMLSimpleApplication@56ef394
----------------- Done invoking toplevel() on ptolemy.moml.MoMLSimpleApplication@56ef394
reloadAllAccessors: .TimedSinewave

===========================================================================================
----------------- testing Tue Jul 09 20:01:06 UTC 2019 /home/travis/build/icyphy/ptII/ptolemy/actor/lib/test/auto/TimedSinewavePhase.xml
----------------- Instantiating /home/travis/build/icyphy/ptII/ptolemy/actor/lib/test/auto/TimedSinewavePhase.xml
11 ms. Memory: 583680K Free: 227535K (39%)
----------------- Invoking toplevel() on ptolemy.moml.MoMLSimpleApplication@6e1bc9a4
----------------- Done invoking toplevel() on ptolemy.moml.MoMLSimpleApplication@6e1bc9a4
reloadAllAccessors: .TimedSinewavePhase

===========================================================================================
----------------- testing Tue Jul 09 20:01:06 UTC 2019 /home/travis/build/icyphy/ptII/ptolemy/actor/lib/test/auto/Timer.xml
----------------- Instantiating /home/travis/build/icyphy/ptII/ptolemy/actor/lib/test/auto/Timer.xml
2 ms. Memory: 583680K Free: 221871K (38%)
----------------- Invoking toplevel() on ptolemy.moml.MoMLSimpleApplication@6db5cb78
----------------- Done invoking toplevel() on ptolemy.moml.MoMLSimpleApplication@6db5cb78
reloadAllAccessors: .Timer

===========================================================================================
----------------- testing Tue Jul 09 20:01:06 UTC 2019 /home/travis/build/icyphy/ptII/ptolemy/actor/lib/test/auto/TriangularDistTestModel.xml
----------------- Instantiating /home/travis/build/icyphy/ptII/ptolemy/actor/lib/test/auto/TriangularDistTestModel.xml
2 ms. Memory: 583680K Free: 216271K (37%)
----------------- Invoking toplevel() on ptolemy.moml.MoMLSimpleApplication@62dd1efd
----------------- Done invoking toplevel() on ptolemy.moml.MoMLSimpleApplication@62dd1efd
reloadAllAccessors: .TriangularDistTestModel

===========================================================================================
----------------- testing Tue Jul 09 20:01:06 UTC 2019 /home/travis/build/icyphy/ptII/ptolemy/actor/lib/test/auto/TrigFunction.xml
----------------- Instantiating /home/travis/build/icyphy/ptII/ptolemy/actor/lib/test/auto/TrigFunction.xml
1 ms. Memory: 583680K Free: 211151K (36%)
----------------- Invoking toplevel() on ptolemy.moml.MoMLSimpleApplication@30bad5d7
----------------- Done invoking toplevel() on ptolemy.moml.MoMLSimpleApplication@30bad5d7
reloadAllAccessors: .TrigFunction

===========================================================================================
----------------- testing Tue Jul 09 20:01:06 UTC 2019 /home/travis/build/icyphy/ptII/ptolemy/actor/lib/test/auto/TrigFunctionDE.xml
----------------- Instantiating /home/travis/build/icyphy/ptII/ptolemy/actor/lib/test/auto/TrigFunctionDE.xml
2 ms. Memory: 583680K Free: 205517K (35%)
----------------- Invoking toplevel() on ptolemy.moml.MoMLSimpleApplication@463d59bd
----------------- Done invoking toplevel() on ptolemy.moml.MoMLSimpleApplication@463d59bd
reloadAllAccessors: .TrigFunctionDE

===========================================================================================
----------------- testing Tue Jul 09 20:01:06 UTC 2019 /home/travis/build/icyphy/ptII/ptolemy/actor/lib/test/auto/TrigFunctionInverse.xml
----------------- Instantiating /home/travis/build/icyphy/ptII/ptolemy/actor/lib/test/auto/TrigFunctionInverse.xml
2 ms. Memory: 583680K Free: 200397K (34%)
----------------- Invoking toplevel() on ptolemy.moml.MoMLSimpleApplication@2bda89f0
----------------- Done invoking toplevel() on ptolemy.moml.MoMLSimpleApplication@2bda89f0
reloadAllAccessors: .TrigFunctionInverse

===========================================================================================
----------------- testing Tue Jul 09 20:01:06 UTC 2019 /home/travis/build/icyphy/ptII/ptolemy/actor/lib/test/auto/TrigFunctionTan.xml
----------------- Instantiating /home/travis/build/icyphy/ptII/ptolemy/actor/lib/test/auto/TrigFunctionTan.xml
2 ms. Memory: 583680K Free: 195277K (33%)
----------------- Invoking toplevel() on ptolemy.moml.MoMLSimpleApplication@77f319b0
----------------- Done invoking toplevel() on ptolemy.moml.MoMLSimpleApplication@77f319b0
reloadAllAccessors: .TrigFunctionTan

===========================================================================================
----------------- testing Tue Jul 09 20:01:06 UTC 2019 /home/travis/build/icyphy/ptII/ptolemy/actor/lib/test/auto/TriggeredClock.xml
----------------- Instantiating /home/travis/build/icyphy/ptII/ptolemy/actor/lib/test/auto/TriggeredClock.xml
2 ms. Memory: 583680K Free: 190639K (33%)
----------------- Invoking toplevel() on ptolemy.moml.MoMLSimpleApplication@4cb3fdcc
----------------- Done invoking toplevel() on ptolemy.moml.MoMLSimpleApplication@4cb3fdcc
reloadAllAccessors: .TriggeredClock

===========================================================================================
----------------- testing Tue Jul 09 20:01:06 UTC 2019 /home/travis/build/icyphy/ptII/ptolemy/actor/lib/test/auto/URLDirectoryReader.xml
----------------- Instantiating /home/travis/build/icyphy/ptII/ptolemy/actor/lib/test/auto/URLDirectoryReader.xml
31 ms. Memory: 583680K Free: 526517K (90%)
----------------- Invoking toplevel() on ptolemy.moml.MoMLSimpleApplication@10068ffc
----------------- Done invoking toplevel() on ptolemy.moml.MoMLSimpleApplication@10068ffc
reloadAllAccessors: .URLDirectoryReader

===========================================================================================
----------------- testing Tue Jul 09 20:01:06 UTC 2019 /home/travis/build/icyphy/ptII/ptolemy/actor/lib/test/auto/URLDirectoryReader3.xml
----------------- Instantiating /home/travis/build/icyphy/ptII/ptolemy/actor/lib/test/auto/URLDirectoryReader3.xml
1119 ms. Memory: 583680K Free: 525498K (90%)
----------------- Invoking toplevel() on ptolemy.moml.MoMLSimpleApplication@6f6d5144
----------------- Done invoking toplevel() on ptolemy.moml.MoMLSimpleApplication@6f6d5144
reloadAllAccessors: .URLDirectoryReader3

===========================================================================================
----------------- testing Tue Jul 09 20:01:08 UTC 2019 /home/travis/build/icyphy/ptII/ptolemy/actor/lib/test/auto/UnaryMathFunction.xml
----------------- Instantiating /home/travis/build/icyphy/ptII/ptolemy/actor/lib/test/auto/UnaryMathFunction.xml
3 ms. Memory: 583680K Free: 517305K (89%)
----------------- Invoking toplevel() on ptolemy.moml.MoMLSimpleApplication@6812129d
----------------- Done invoking toplevel() on ptolemy.moml.MoMLSimpleApplication@6812129d
reloadAllAccessors: .UnaryMathFunction

===========================================================================================
----------------- testing Tue Jul 09 20:01:08 UTC 2019 /home/travis/build/icyphy/ptII/ptolemy/actor/lib/test/auto/Uniform.xml
----------------- Instantiating /home/travis/build/icyphy/ptII/ptolemy/actor/lib/test/auto/Uniform.xml
5 ms. Memory: 583680K Free: 512689K (88%)
----------------- Invoking toplevel() on ptolemy.moml.MoMLSimpleApplication@54719d27
----------------- Done invoking toplevel() on ptolemy.moml.MoMLSimpleApplication@54719d27
reloadAllAccessors: .Uniform

===========================================================================================
----------------- testing Tue Jul 09 20:01:08 UTC 2019 /home/travis/build/icyphy/ptII/ptolemy/actor/lib/test/auto/UnionDisassemblerTest.xml
----------------- Instantiating /home/travis/build/icyphy/ptII/ptolemy/actor/lib/test/auto/UnionDisassemblerTest.xml
14 ms. Memory: 583680K Free: 509113K (87%)
----------------- Invoking toplevel() on ptolemy.moml.MoMLSimpleApplication@18412eab
----------------- Done invoking toplevel() on ptolemy.moml.MoMLSimpleApplication@18412eab
reloadAllAccessors: .UnionDisassemblerTest

===========================================================================================
----------------- testing Tue Jul 09 20:01:08 UTC 2019 /home/travis/build/icyphy/ptII/ptolemy/actor/lib/test/auto/UtilityFunctions.xml
----------------- Instantiating /home/travis/build/icyphy/ptII/ptolemy/actor/lib/test/auto/UtilityFunctions.xml
1 ms. Memory: 583680K Free: 504503K (86%)
----------------- Invoking toplevel() on ptolemy.moml.MoMLSimpleApplication@e08cd48
----------------- Done invoking toplevel() on ptolemy.moml.MoMLSimpleApplication@e08cd48
reloadAllAccessors: .UtilityFunctions

===========================================================================================
----------------- testing Tue Jul 09 20:01:08 UTC 2019 /home/travis/build/icyphy/ptII/ptolemy/actor/lib/test/auto/VariableSleep.xml
----------------- Instantiating /home/travis/build/icyphy/ptII/ptolemy/actor/lib/test/auto/VariableSleep.xml
504 ms. Memory: 583680K Free: 499383K (86%)
----------------- Invoking toplevel() on ptolemy.moml.MoMLSimpleApplication@5d6901d9
----------------- Done invoking toplevel() on ptolemy.moml.MoMLSimpleApplication@5d6901d9
reloadAllAccessors: .VariableSleep

===========================================================================================
----------------- testing Tue Jul 09 20:01:08 UTC 2019 /home/travis/build/icyphy/ptII/ptolemy/actor/lib/test/auto/VectorAssemblerDisassemblerCT.xml
----------------- Instantiating /home/travis/build/icyphy/ptII/ptolemy/actor/lib/test/auto/VectorAssemblerDisassemblerCT.xml
55 ms. Memory: 583680K Free: 479417K (82%)
----------------- Invoking toplevel() on ptolemy.moml.MoMLSimpleApplication@1cf126e4
----------------- Done invoking toplevel() on ptolemy.moml.MoMLSimpleApplication@1cf126e4
reloadAllAccessors: .VectorAssemblerDisassemblerCT

===========================================================================================
----------------- testing Tue Jul 09 20:01:08 UTC 2019 /home/travis/build/icyphy/ptII/ptolemy/actor/lib/test/auto/VectorAssemblerDisassemblerDE.xml
----------------- Instantiating /home/travis/build/icyphy/ptII/ptolemy/actor/lib/test/auto/VectorAssemblerDisassemblerDE.xml
2 ms. Memory: 583680K Free: 471735K (81%)
----------------- Invoking toplevel() on ptolemy.moml.MoMLSimpleApplication@789e2831
----------------- Done invoking toplevel() on ptolemy.moml.MoMLSimpleApplication@789e2831
reloadAllAccessors: .VectorAssemblerDisassemblerDE

===========================================================================================
----------------- testing Tue Jul 09 20:01:08 UTC 2019 /home/travis/build/icyphy/ptII/ptolemy/actor/lib/test/auto/VectorAssemblerDisassemblerSDF.xml
----------------- Instantiating /home/travis/build/icyphy/ptII/ptolemy/actor/lib/test/auto/VectorAssemblerDisassemblerSDF.xml
3 ms. Memory: 583680K Free: 465081K (80%)
----------------- Invoking toplevel() on ptolemy.moml.MoMLSimpleApplication@24825923
----------------- Done invoking toplevel() on ptolemy.moml.MoMLSimpleApplication@24825923
reloadAllAccessors: .VectorAssemblerDisassemblerSDF

===========================================================================================
----------------- testing Tue Jul 09 20:01:08 UTC 2019 /home/travis/build/icyphy/ptII/ptolemy/actor/lib/test/auto/WallClockTime.xml
----------------- Instantiating /home/travis/build/icyphy/ptII/ptolemy/actor/lib/test/auto/WallClockTime.xml
1005 ms. Memory: 583680K Free: 459961K (79%)
----------------- Invoking toplevel() on ptolemy.moml.MoMLSimpleApplication@16e5350c
----------------- Done invoking toplevel() on ptolemy.moml.MoMLSimpleApplication@16e5350c
reloadAllAccessors: .WallClockTime

===========================================================================================
----------------- testing Tue Jul 09 20:01:09 UTC 2019 /home/travis/build/icyphy/ptII/ptolemy/actor/lib/test/auto/WidthTestWithSubscriberPublisher.xml
----------------- Instantiating /home/travis/build/icyphy/ptII/ptolemy/actor/lib/test/auto/WidthTestWithSubscriberPublisher.xml
7 ms. Memory: 583680K Free: 442039K (76%)
----------------- Invoking toplevel() on ptolemy.moml.MoMLSimpleApplication@22393a04
----------------- Done invoking toplevel() on ptolemy.moml.MoMLSimpleApplication@22393a04
reloadAllAccessors: .WidthTestWithSubscriberPublisher

===========================================================================================
----------------- testing Tue Jul 09 20:01:09 UTC 2019 /home/travis/build/icyphy/ptII/ptolemy/actor/lib/test/auto/WidthTestWithSubscriberPublisher2.xml
----------------- Instantiating /home/travis/build/icyphy/ptII/ptolemy/actor/lib/test/auto/WidthTestWithSubscriberPublisher2.xml
2 ms. Memory: 583680K Free: 435895K (75%)
----------------- Invoking toplevel() on ptolemy.moml.MoMLSimpleApplication@3fd001bf
----------------- Done invoking toplevel() on ptolemy.moml.MoMLSimpleApplication@3fd001bf
reloadAllAccessors: .WidthTestWithSubscriberPublisher2

===========================================================================================
----------------- testing Tue Jul 09 20:01:09 UTC 2019 /home/travis/build/icyphy/ptII/ptolemy/actor/lib/test/auto/WidthTestWithSubscriberPublisher3.xml
----------------- Instantiating /home/travis/build/icyphy/ptII/ptolemy/actor/lib/test/auto/WidthTestWithSubscriberPublisher3.xml
2 ms. Memory: 583680K Free: 430265K (74%)
----------------- Invoking toplevel() on ptolemy.moml.MoMLSimpleApplication@7ee77ba
----------------- Done invoking toplevel() on ptolemy.moml.MoMLSimpleApplication@7ee77ba
reloadAllAccessors: .WidthTestWithSubscriberPublisher3

===========================================================================================
----------------- testing Tue Jul 09 20:01:09 UTC 2019 /home/travis/build/icyphy/ptII/ptolemy/actor/lib/test/auto/Writer.xml
----------------- Instantiating /home/travis/build/icyphy/ptII/ptolemy/actor/lib/test/auto/Writer.xml
0
1
2
3
4
1 ms. Memory: 583680K Free: 426169K (73%)
----------------- Invoking toplevel() on ptolemy.moml.MoMLSimpleApplication@c781b47
----------------- Done invoking toplevel() on ptolemy.moml.MoMLSimpleApplication@c781b47
reloadAllAccessors: .Writer

===========================================================================================
----------------- testing Tue Jul 09 20:01:09 UTC 2019 /home/travis/build/icyphy/ptII/ptolemy/actor/lib/test/auto/array.xml
----------------- Instantiating /home/travis/build/icyphy/ptII/ptolemy/actor/lib/test/auto/array.xml
3 ms. Memory: 583680K Free: 421049K (72%)
----------------- Invoking toplevel() on ptolemy.moml.MoMLSimpleApplication@4399cd90
----------------- Done invoking toplevel() on ptolemy.moml.MoMLSimpleApplication@4399cd90
reloadAllAccessors: .array

===========================================================================================
----------------- testing Tue Jul 09 20:01:09 UTC 2019 /home/travis/build/icyphy/ptII/ptolemy/actor/lib/test/auto/array2.xml
----------------- Instantiating /home/travis/build/icyphy/ptII/ptolemy/actor/lib/test/auto/array2.xml
8 ms. Memory: 583680K Free: 415929K (71%)
----------------- Invoking toplevel() on ptolemy.moml.MoMLSimpleApplication@5e2309ef
----------------- Done invoking toplevel() on ptolemy.moml.MoMLSimpleApplication@5e2309ef
reloadAllAccessors: .array2

===========================================================================================
----------------- testing Tue Jul 09 20:01:09 UTC 2019 /home/travis/build/icyphy/ptII/ptolemy/actor/lib/test/auto/arrayType.xml
----------------- Instantiating /home/travis/build/icyphy/ptII/ptolemy/actor/lib/test/auto/arrayType.xml
1 ms. Memory: 583680K Free: 410809K (70%)
----------------- Invoking toplevel() on ptolemy.moml.MoMLSimpleApplication@6b3848f3
----------------- Done invoking toplevel() on ptolemy.moml.MoMLSimpleApplication@6b3848f3
reloadAllAccessors: .arrayType

===========================================================================================
----------------- testing Tue Jul 09 20:01:09 UTC 2019 /home/travis/build/icyphy/ptII/ptolemy/actor/lib/test/auto/arrayType10.xml
----------------- Instantiating /home/travis/build/icyphy/ptII/ptolemy/actor/lib/test/auto/arrayType10.xml
2 ms. Memory: 583680K Free: 405689K (70%)
----------------- Invoking toplevel() on ptolemy.moml.MoMLSimpleApplication@4f84c73
----------------- Done invoking toplevel() on ptolemy.moml.MoMLSimpleApplication@4f84c73
reloadAllAccessors: .arrayType10

===========================================================================================
----------------- testing Tue Jul 09 20:01:09 UTC 2019 /home/travis/build/icyphy/ptII/ptolemy/actor/lib/test/auto/arrayType11.xml
----------------- Instantiating /home/travis/build/icyphy/ptII/ptolemy/actor/lib/test/auto/arrayType11.xml
1 ms. Memory: 583680K Free: 401079K (69%)
----------------- Invoking toplevel() on ptolemy.moml.MoMLSimpleApplication@43aada0b
----------------- Done invoking toplevel() on ptolemy.moml.MoMLSimpleApplication@43aada0b
reloadAllAccessors: .arrayType11

===========================================================================================
----------------- testing Tue Jul 09 20:01:09 UTC 2019 /home/travis/build/icyphy/ptII/ptolemy/actor/lib/test/auto/arrayType12.xml
----------------- Instantiating /home/travis/build/icyphy/ptII/ptolemy/actor/lib/test/auto/arrayType12.xml
1 ms. Memory: 583680K Free: 396473K (68%)
----------------- Invoking toplevel() on ptolemy.moml.MoMLSimpleApplication@38435de5
----------------- Done invoking toplevel() on ptolemy.moml.MoMLSimpleApplication@38435de5
reloadAllAccessors: .arrayType12

===========================================================================================
----------------- testing Tue Jul 09 20:01:09 UTC 2019 /home/travis/build/icyphy/ptII/ptolemy/actor/lib/test/auto/arrayType13.xml
----------------- Instantiating /home/travis/build/icyphy/ptII/ptolemy/actor/lib/test/auto/arrayType13.xml
1 ms. Memory: 583680K Free: 390839K (67%)
----------------- Invoking toplevel() on ptolemy.moml.MoMLSimpleApplication@28560d9b
----------------- Done invoking toplevel() on ptolemy.moml.MoMLSimpleApplication@28560d9b
reloadAllAccessors: .arrayType13

===========================================================================================
----------------- testing Tue Jul 09 20:01:10 UTC 2019 /home/travis/build/icyphy/ptII/ptolemy/actor/lib/test/auto/arrayType14.xml
----------------- Instantiating /home/travis/build/icyphy/ptII/ptolemy/actor/lib/test/auto/arrayType14.xml
2 ms. Memory: 583680K Free: 385719K (66%)
----------------- Invoking toplevel() on ptolemy.moml.MoMLSimpleApplication@69ead46b
----------------- Done invoking toplevel() on ptolemy.moml.MoMLSimpleApplication@69ead46b
reloadAllAccessors: .arrayType14

===========================================================================================
----------------- testing Tue Jul 09 20:01:10 UTC 2019 /home/travis/build/icyphy/ptII/ptolemy/actor/lib/test/auto/arrayType15.xml
----------------- Instantiating /home/travis/build/icyphy/ptII/ptolemy/actor/lib/test/auto/arrayType15.xml
2 ms. Memory: 583680K Free: 380599K (65%)
----------------- Invoking toplevel() on ptolemy.moml.MoMLSimpleApplication@7cad85e5
----------------- Done invoking toplevel() on ptolemy.moml.MoMLSimpleApplication@7cad85e5
reloadAllAccessors: .arrayType15

===========================================================================================
----------------- testing Tue Jul 09 20:01:10 UTC 2019 /home/travis/build/icyphy/ptII/ptolemy/actor/lib/test/auto/arrayType16.xml
----------------- Instantiating /home/travis/build/icyphy/ptII/ptolemy/actor/lib/test/auto/arrayType16.xml
3 ms. Memory: 583680K Free: 374969K (64%)
----------------- Invoking toplevel() on ptolemy.moml.MoMLSimpleApplication@55116260
----------------- Done invoking toplevel() on ptolemy.moml.MoMLSimpleApplication@55116260
reloadAllAccessors: .arrayType16

===========================================================================================
----------------- testing Tue Jul 09 20:01:10 UTC 2019 /home/travis/build/icyphy/ptII/ptolemy/actor/lib/test/auto/arrayType17.xml
----------------- Instantiating /home/travis/build/icyphy/ptII/ptolemy/actor/lib/test/auto/arrayType17.xml
2 ms. Memory: 583680K Free: 369849K (63%)
----------------- Invoking toplevel() on ptolemy.moml.MoMLSimpleApplication@3f0bace8
----------------- Done invoking toplevel() on ptolemy.moml.MoMLSimpleApplication@3f0bace8
reloadAllAccessors: .arrayType17

===========================================================================================
----------------- testing Tue Jul 09 20:01:10 UTC 2019 /home/travis/build/icyphy/ptII/ptolemy/actor/lib/test/auto/arrayType18.xml
----------------- Instantiating /home/travis/build/icyphy/ptII/ptolemy/actor/lib/test/auto/arrayType18.xml
2 ms. Memory: 583680K Free: 364729K (62%)
----------------- Invoking toplevel() on ptolemy.moml.MoMLSimpleApplication@6762c194
----------------- Done invoking toplevel() on ptolemy.moml.MoMLSimpleApplication@6762c194
reloadAllAccessors: .arrayType18

===========================================================================================
----------------- testing Tue Jul 09 20:01:10 UTC 2019 /home/travis/build/icyphy/ptII/ptolemy/actor/lib/test/auto/arrayType19.xml
----------------- Instantiating /home/travis/build/icyphy/ptII/ptolemy/actor/lib/test/auto/arrayType19.xml
2 ms. Memory: 583680K Free: 360119K (62%)
----------------- Invoking toplevel() on ptolemy.moml.MoMLSimpleApplication@529d32de
----------------- Done invoking toplevel() on ptolemy.moml.MoMLSimpleApplication@529d32de
reloadAllAccessors: .arrayType19

===========================================================================================
----------------- testing Tue Jul 09 20:01:10 UTC 2019 /home/travis/build/icyphy/ptII/ptolemy/actor/lib/test/auto/arrayType2.xml
----------------- Instantiating /home/travis/build/icyphy/ptII/ptolemy/actor/lib/test/auto/arrayType2.xml
2 ms. Memory: 583680K Free: 354985K (61%)
----------------- Invoking toplevel() on ptolemy.moml.MoMLSimpleApplication@71f18834
----------------- Done invoking toplevel() on ptolemy.moml.MoMLSimpleApplication@71f18834
reloadAllAccessors: .arrayType2

===========================================================================================
----------------- testing Tue Jul 09 20:01:10 UTC 2019 /home/travis/build/icyphy/ptII/ptolemy/actor/lib/test/auto/arrayType20.xml
----------------- Instantiating /home/travis/build/icyphy/ptII/ptolemy/actor/lib/test/auto/arrayType20.xml
1 ms. Memory: 583680K Free: 349879K (60%)
----------------- Invoking toplevel() on ptolemy.moml.MoMLSimpleApplication@62354348
----------------- Done invoking toplevel() on ptolemy.moml.MoMLSimpleApplication@62354348
reloadAllAccessors: .arrayType20

===========================================================================================
----------------- testing Tue Jul 09 20:01:10 UTC 2019 /home/travis/build/icyphy/ptII/ptolemy/actor/lib/test/auto/arrayType21.xml
----------------- Instantiating /home/travis/build/icyphy/ptII/ptolemy/actor/lib/test/auto/arrayType21.xml
1 ms. Memory: 583680K Free: 345273K (59%)
----------------- Invoking toplevel() on ptolemy.moml.MoMLSimpleApplication@555b2ab8
----------------- Done invoking toplevel() on ptolemy.moml.MoMLSimpleApplication@555b2ab8
reloadAllAccessors: .arrayType21

===========================================================================================
----------------- testing Tue Jul 09 20:01:10 UTC 2019 /home/travis/build/icyphy/ptII/ptolemy/actor/lib/test/auto/arrayType22.xml
----------------- Instantiating /home/travis/build/icyphy/ptII/ptolemy/actor/lib/test/auto/arrayType22.xml
1 ms. Memory: 583680K Free: 340663K (58%)
----------------- Invoking toplevel() on ptolemy.moml.MoMLSimpleApplication@15d8f067
----------------- Done invoking toplevel() on ptolemy.moml.MoMLSimpleApplication@15d8f067
reloadAllAccessors: .arrayType22

===========================================================================================
----------------- testing Tue Jul 09 20:01:10 UTC 2019 /home/travis/build/icyphy/ptII/ptolemy/actor/lib/test/auto/arrayType23.xml
----------------- Instantiating /home/travis/build/icyphy/ptII/ptolemy/actor/lib/test/auto/arrayType23.xml
1 ms. Memory: 583680K Free: 335543K (57%)
----------------- Invoking toplevel() on ptolemy.moml.MoMLSimpleApplication@79de22a
----------------- Done invoking toplevel() on ptolemy.moml.MoMLSimpleApplication@79de22a
reloadAllAccessors: .arrayType23

===========================================================================================
----------------- testing Tue Jul 09 20:01:10 UTC 2019 /home/travis/build/icyphy/ptII/ptolemy/actor/lib/test/auto/arrayType24.xml
----------------- Instantiating /home/travis/build/icyphy/ptII/ptolemy/actor/lib/test/auto/arrayType24.xml
2 ms. Memory: 583680K Free: 330937K (57%)
----------------- Invoking toplevel() on ptolemy.moml.MoMLSimpleApplication@2f54a392
----------------- Done invoking toplevel() on ptolemy.moml.MoMLSimpleApplication@2f54a392
reloadAllAccessors: .arrayType24

===========================================================================================
----------------- testing Tue Jul 09 20:01:10 UTC 2019 /home/travis/build/icyphy/ptII/ptolemy/actor/lib/test/auto/arrayType25.xml
----------------- Instantiating /home/travis/build/icyphy/ptII/ptolemy/actor/lib/test/auto/arrayType25.xml
2 ms. Memory: 583680K Free: 325817K (56%)
----------------- Invoking toplevel() on ptolemy.moml.MoMLSimpleApplication@65fc72a0
----------------- Done invoking toplevel() on ptolemy.moml.MoMLSimpleApplication@65fc72a0
reloadAllAccessors: .arrayType25

===========================================================================================
----------------- testing Tue Jul 09 20:01:10 UTC 2019 /home/travis/build/icyphy/ptII/ptolemy/actor/lib/test/auto/arrayType26.xml
----------------- Instantiating /home/travis/build/icyphy/ptII/ptolemy/actor/lib/test/auto/arrayType26.xml
1 ms. Memory: 583680K Free: 320169K (55%)
----------------- Invoking toplevel() on ptolemy.moml.MoMLSimpleApplication@3ce894b0
----------------- Done invoking toplevel() on ptolemy.moml.MoMLSimpleApplication@3ce894b0
reloadAllAccessors: .arrayType26

===========================================================================================
----------------- testing Tue Jul 09 20:01:10 UTC 2019 /home/travis/build/icyphy/ptII/ptolemy/actor/lib/test/auto/arrayType27.xml
----------------- Instantiating /home/travis/build/icyphy/ptII/ptolemy/actor/lib/test/auto/arrayType27.xml
4 ms. Memory: 583680K Free: 315063K (54%)
----------------- Invoking toplevel() on ptolemy.moml.MoMLSimpleApplication@3c0bddee
----------------- Done invoking toplevel() on ptolemy.moml.MoMLSimpleApplication@3c0bddee
reloadAllAccessors: .arrayType27

===========================================================================================
----------------- testing Tue Jul 09 20:01:10 UTC 2019 /home/travis/build/icyphy/ptII/ptolemy/actor/lib/test/auto/arrayType28.xml
----------------- Instantiating /home/travis/build/icyphy/ptII/ptolemy/actor/lib/test/auto/arrayType28.xml
2 ms. Memory: 583680K Free: 309433K (53%)
----------------- Invoking toplevel() on ptolemy.moml.MoMLSimpleApplication@48da47e5
----------------- Done invoking toplevel() on ptolemy.moml.MoMLSimpleApplication@48da47e5
reloadAllAccessors: .arrayType28

===========================================================================================
----------------- testing Tue Jul 09 20:01:10 UTC 2019 /home/travis/build/icyphy/ptII/ptolemy/actor/lib/test/auto/arrayType3.xml
----------------- Instantiating /home/travis/build/icyphy/ptII/ptolemy/actor/lib/test/auto/arrayType3.xml
2 ms. Memory: 583680K Free: 304313K (52%)
----------------- Invoking toplevel() on ptolemy.moml.MoMLSimpleApplication@360928b4
----------------- Done invoking toplevel() on ptolemy.moml.MoMLSimpleApplication@360928b4
reloadAllAccessors: .arrayType3

===========================================================================================
----------------- testing Tue Jul 09 20:01:10 UTC 2019 /home/travis/build/icyphy/ptII/ptolemy/actor/lib/test/auto/arrayType4.xml
----------------- Instantiating /home/travis/build/icyphy/ptII/ptolemy/actor/lib/test/auto/arrayType4.xml
2 ms. Memory: 583680K Free: 299193K (51%)
----------------- Invoking toplevel() on ptolemy.moml.MoMLSimpleApplication@71c90c95
----------------- Done invoking toplevel() on ptolemy.moml.MoMLSimpleApplication@71c90c95
reloadAllAccessors: .arrayType4

===========================================================================================
----------------- testing Tue Jul 09 20:01:10 UTC 2019 /home/travis/build/icyphy/ptII/ptolemy/actor/lib/test/auto/arrayType5.xml
----------------- Instantiating /home/travis/build/icyphy/ptII/ptolemy/actor/lib/test/auto/arrayType5.xml
6 ms. Memory: 583680K Free: 293559K (50%)
----------------- Invoking toplevel() on ptolemy.moml.MoMLSimpleApplication@232b3e5b
----------------- Done invoking toplevel() on ptolemy.moml.MoMLSimpleApplication@232b3e5b
reloadAllAccessors: .arrayType5

===========================================================================================
----------------- testing Tue Jul 09 20:01:10 UTC 2019 /home/travis/build/icyphy/ptII/ptolemy/actor/lib/test/auto/arrayType6.xml
----------------- Instantiating /home/travis/build/icyphy/ptII/ptolemy/actor/lib/test/auto/arrayType6.xml
1 ms. Memory: 583680K Free: 288953K (50%)
----------------- Invoking toplevel() on ptolemy.moml.MoMLSimpleApplication@197677d6
----------------- Done invoking toplevel() on ptolemy.moml.MoMLSimpleApplication@197677d6
reloadAllAccessors: .arrayType6

===========================================================================================
----------------- testing Tue Jul 09 20:01:10 UTC 2019 /home/travis/build/icyphy/ptII/ptolemy/actor/lib/test/auto/arrayType7.xml
----------------- Instantiating /home/travis/build/icyphy/ptII/ptolemy/actor/lib/test/auto/arrayType7.xml
1 ms. Memory: 583680K Free: 283833K (49%)
----------------- Invoking toplevel() on ptolemy.moml.MoMLSimpleApplication@7942e758
----------------- Done invoking toplevel() on ptolemy.moml.MoMLSimpleApplication@7942e758
reloadAllAccessors: .arrayType7

===========================================================================================
----------------- testing Tue Jul 09 20:01:10 UTC 2019 /home/travis/build/icyphy/ptII/ptolemy/actor/lib/test/auto/arrayType8.xml
----------------- Instantiating /home/travis/build/icyphy/ptII/ptolemy/actor/lib/test/auto/arrayType8.xml
1 ms. Memory: 583680K Free: 279223K (48%)
----------------- Invoking toplevel() on ptolemy.moml.MoMLSimpleApplication@22d195f1
----------------- Done invoking toplevel() on ptolemy.moml.MoMLSimpleApplication@22d195f1
reloadAllAccessors: .arrayType8

===========================================================================================
----------------- testing Tue Jul 09 20:01:10 UTC 2019 /home/travis/build/icyphy/ptII/ptolemy/actor/lib/test/auto/arrayType9.xml
----------------- Instantiating /home/travis/build/icyphy/ptII/ptolemy/actor/lib/test/auto/arrayType9.xml
1 ms. Memory: 583680K Free: 274617K (47%)
----------------- Invoking toplevel() on ptolemy.moml.MoMLSimpleApplication@3fe2ab34
----------------- Done invoking toplevel() on ptolemy.moml.MoMLSimpleApplication@3fe2ab34
reloadAllAccessors: .arrayType9

===========================================================================================
----------------- testing Tue Jul 09 20:01:10 UTC 2019 /home/travis/build/icyphy/ptII/ptolemy/actor/lib/test/auto/cast.xml
----------------- Instantiating /home/travis/build/icyphy/ptII/ptolemy/actor/lib/test/auto/cast.xml
5 ms. Memory: 583680K Free: 269497K (46%)
----------------- Invoking toplevel() on ptolemy.moml.MoMLSimpleApplication@196e65e6
----------------- Done invoking toplevel() on ptolemy.moml.MoMLSimpleApplication@196e65e6
reloadAllAccessors: .cast

===========================================================================================
----------------- testing Tue Jul 09 20:01:10 UTC 2019 /home/travis/build/icyphy/ptII/ptolemy/actor/lib/test/auto/compositeMultiPort.xml
----------------- Instantiating /home/travis/build/icyphy/ptII/ptolemy/actor/lib/test/auto/compositeMultiPort.xml
3 ms. Memory: 583680K Free: 260785K (45%)
----------------- Invoking toplevel() on ptolemy.moml.MoMLSimpleApplication@6a4ba939
----------------- Done invoking toplevel() on ptolemy.moml.MoMLSimpleApplication@6a4ba939
reloadAllAccessors: .compositeMultiPort

===========================================================================================
----------------- testing Tue Jul 09 20:01:10 UTC 2019 /home/travis/build/icyphy/ptII/ptolemy/actor/lib/test/auto/expressionCastInference.xml
----------------- Instantiating /home/travis/build/icyphy/ptII/ptolemy/actor/lib/test/auto/expressionCastInference.xml
2 ms. Memory: 583680K Free: 255671K (44%)
----------------- Invoking toplevel() on ptolemy.moml.MoMLSimpleApplication@54d608d2
----------------- Done invoking toplevel() on ptolemy.moml.MoMLSimpleApplication@54d608d2
reloadAllAccessors: .expressionCastInference

===========================================================================================
----------------- testing Tue Jul 09 20:01:10 UTC 2019 /home/travis/build/icyphy/ptII/ptolemy/actor/lib/test/auto/expressionCastInference2.xml
----------------- Instantiating /home/travis/build/icyphy/ptII/ptolemy/actor/lib/test/auto/expressionCastInference2.xml
3 ms. Memory: 583680K Free: 251065K (43%)
----------------- Invoking toplevel() on ptolemy.moml.MoMLSimpleApplication@28fe48e7
----------------- Done invoking toplevel() on ptolemy.moml.MoMLSimpleApplication@28fe48e7
reloadAllAccessors: .expressionCastInference2

===========================================================================================
----------------- testing Tue Jul 09 20:01:10 UTC 2019 /home/travis/build/icyphy/ptII/ptolemy/actor/lib/test/auto/expressionInference.xml
----------------- Instantiating /home/travis/build/icyphy/ptII/ptolemy/actor/lib/test/auto/expressionInference.xml
1 ms. Memory: 583680K Free: 246969K (42%)
----------------- Invoking toplevel() on ptolemy.moml.MoMLSimpleApplication@689ffc4c
----------------- Done invoking toplevel() on ptolemy.moml.MoMLSimpleApplication@689ffc4c
reloadAllAccessors: .expressionInference

===========================================================================================
----------------- testing Tue Jul 09 20:01:10 UTC 2019 /home/travis/build/icyphy/ptII/ptolemy/actor/lib/test/auto/expression_bug.xml
----------------- Instantiating /home/travis/build/icyphy/ptII/ptolemy/actor/lib/test/auto/expression_bug.xml
2 ms. Memory: 583680K Free: 242359K (42%)
----------------- Invoking toplevel() on ptolemy.moml.MoMLSimpleApplication@775b3e92
----------------- Done invoking toplevel() on ptolemy.moml.MoMLSimpleApplication@775b3e92
reloadAllAccessors: .expression_bug

===========================================================================================
----------------- testing Tue Jul 09 20:01:10 UTC 2019 /home/travis/build/icyphy/ptII/ptolemy/actor/lib/test/auto/factorial.xml
----------------- Instantiating /home/travis/build/icyphy/ptII/ptolemy/actor/lib/test/auto/factorial.xml
45 ms. Memory: 583680K Free: 234167K (40%)
----------------- Invoking toplevel() on ptolemy.moml.MoMLSimpleApplication@3b5b590d
----------------- Done invoking toplevel() on ptolemy.moml.MoMLSimpleApplication@3b5b590d
reloadAllAccessors: .factorial

===========================================================================================
----------------- testing Tue Jul 09 20:01:10 UTC 2019 /home/travis/build/icyphy/ptII/ptolemy/actor/lib/test/auto/filterTest1.xml
----------------- Instantiating /home/travis/build/icyphy/ptII/ptolemy/actor/lib/test/auto/filterTest1.xml
3 ms. Memory: 583680K Free: 228023K (39%)
----------------- Invoking toplevel() on ptolemy.moml.MoMLSimpleApplication@1098a6a4
----------------- Done invoking toplevel() on ptolemy.moml.MoMLSimpleApplication@1098a6a4
reloadAllAccessors: .filterTest1

===========================================================================================
----------------- testing Tue Jul 09 20:01:10 UTC 2019 /home/travis/build/icyphy/ptII/ptolemy/actor/lib/test/auto/funcApplyInConst.xml
----------------- Instantiating /home/travis/build/icyphy/ptII/ptolemy/actor/lib/test/auto/funcApplyInConst.xml
1 ms. Memory: 583680K Free: 224441K (38%)
----------------- Invoking toplevel() on ptolemy.moml.MoMLSimpleApplication@5eacff18
----------------- Done invoking toplevel() on ptolemy.moml.MoMLSimpleApplication@5eacff18
reloadAllAccessors: .funcApplyInConst

===========================================================================================
----------------- testing Tue Jul 09 20:01:10 UTC 2019 /home/travis/build/icyphy/ptII/ptolemy/actor/lib/test/auto/funcApplyInExpr.xml
----------------- Instantiating /home/travis/build/icyphy/ptII/ptolemy/actor/lib/test/auto/funcApplyInExpr.xml
1 ms. Memory: 583680K Free: 220345K (38%)
----------------- Invoking toplevel() on ptolemy.moml.MoMLSimpleApplication@742894ba
----------------- Done invoking toplevel() on ptolemy.moml.MoMLSimpleApplication@742894ba
reloadAllAccessors: .funcApplyInExpr

===========================================================================================
----------------- testing Tue Jul 09 20:01:10 UTC 2019 /home/travis/build/icyphy/ptII/ptolemy/actor/lib/test/auto/function.xml
----------------- Instantiating /home/travis/build/icyphy/ptII/ptolemy/actor/lib/test/auto/function.xml
1 ms. Memory: 583680K Free: 215735K (37%)
----------------- Invoking toplevel() on ptolemy.moml.MoMLSimpleApplication@23b1ad91
----------------- Done invoking toplevel() on ptolemy.moml.MoMLSimpleApplication@23b1ad91
reloadAllAccessors: .function

===========================================================================================
----------------- testing Tue Jul 09 20:01:10 UTC 2019 /home/travis/build/icyphy/ptII/ptolemy/actor/lib/test/auto/function2.xml
----------------- Instantiating /home/travis/build/icyphy/ptII/ptolemy/actor/lib/test/auto/function2.xml
2 ms. Memory: 583680K Free: 211129K (36%)
----------------- Invoking toplevel() on ptolemy.moml.MoMLSimpleApplication@6703d8f5
----------------- Done invoking toplevel() on ptolemy.moml.MoMLSimpleApplication@6703d8f5
reloadAllAccessors: .function2

===========================================================================================
----------------- testing Tue Jul 09 20:01:10 UTC 2019 /home/travis/build/icyphy/ptII/ptolemy/actor/lib/test/auto/function3.xml
----------------- Instantiating /home/travis/build/icyphy/ptII/ptolemy/actor/lib/test/auto/function3.xml
1 ms. Memory: 583680K Free: 207033K (35%)
----------------- Invoking toplevel() on ptolemy.moml.MoMLSimpleApplication@35d20b8c
----------------- Done invoking toplevel() on ptolemy.moml.MoMLSimpleApplication@35d20b8c
reloadAllAccessors: .function3

===========================================================================================
----------------- testing Tue Jul 09 20:01:10 UTC 2019 /home/travis/build/icyphy/ptII/ptolemy/actor/lib/test/auto/functionClosureTest1.xml
----------------- Instantiating /home/travis/build/icyphy/ptII/ptolemy/actor/lib/test/auto/functionClosureTest1.xml
5 ms. Memory: 583680K Free: 201393K (35%)
----------------- Invoking toplevel() on ptolemy.moml.MoMLSimpleApplication@17078384
----------------- Done invoking toplevel() on ptolemy.moml.MoMLSimpleApplication@17078384
reloadAllAccessors: .functionClosureTest1

===========================================================================================
----------------- testing Tue Jul 09 20:01:10 UTC 2019 /home/travis/build/icyphy/ptII/ptolemy/actor/lib/test/auto/functionClosureTest2.xml
----------------- Instantiating /home/travis/build/icyphy/ptII/ptolemy/actor/lib/test/auto/functionClosureTest2.xml
1 ms. Memory: 583680K Free: 197303K (34%)
----------------- Invoking toplevel() on ptolemy.moml.MoMLSimpleApplication@1651c0d3
----------------- Done invoking toplevel() on ptolemy.moml.MoMLSimpleApplication@1651c0d3
reloadAllAccessors: .functionClosureTest2

===========================================================================================
----------------- testing Tue Jul 09 20:01:10 UTC 2019 /home/travis/build/icyphy/ptII/ptolemy/actor/lib/test/auto/functionClosureTest3.xml
----------------- Instantiating /home/travis/build/icyphy/ptII/ptolemy/actor/lib/test/auto/functionClosureTest3.xml
3 ms. Memory: 583680K Free: 192169K (33%)
----------------- Invoking toplevel() on ptolemy.moml.MoMLSimpleApplication@2a098bb3
----------------- Done invoking toplevel() on ptolemy.moml.MoMLSimpleApplication@2a098bb3
reloadAllAccessors: .functionClosureTest3

===========================================================================================
----------------- testing Tue Jul 09 20:01:10 UTC 2019 /home/travis/build/icyphy/ptII/ptolemy/actor/lib/test/auto/functionClosureTest4.xml
----------------- Instantiating /home/travis/build/icyphy/ptII/ptolemy/actor/lib/test/auto/functionClosureTest4.xml
3 ms. Memory: 583680K Free: 527029K (90%)
----------------- Invoking toplevel() on ptolemy.moml.MoMLSimpleApplication@22579ca
----------------- Done invoking toplevel() on ptolemy.moml.MoMLSimpleApplication@22579ca
reloadAllAccessors: .functionClosureTest4

===========================================================================================
----------------- testing Tue Jul 09 20:01:10 UTC 2019 /home/travis/build/icyphy/ptII/ptolemy/actor/lib/test/auto/functionClosureTest5.xml
----------------- Instantiating /home/travis/build/icyphy/ptII/ptolemy/actor/lib/test/auto/functionClosureTest5.xml
10 ms. Memory: 583680K Free: 521389K (89%)
----------------- Invoking toplevel() on ptolemy.moml.MoMLSimpleApplication@3fa57440
----------------- Done invoking toplevel() on ptolemy.moml.MoMLSimpleApplication@3fa57440
reloadAllAccessors: .functionClosureTest5

===========================================================================================
----------------- testing Tue Jul 09 20:01:10 UTC 2019 /home/travis/build/icyphy/ptII/ptolemy/actor/lib/test/auto/functionClosureTest6.xml
----------------- Instantiating /home/travis/build/icyphy/ptII/ptolemy/actor/lib/test/auto/functionClosureTest6.xml
2 ms. Memory: 583680K Free: 516789K (89%)
----------------- Invoking toplevel() on ptolemy.moml.MoMLSimpleApplication@79da50e6
----------------- Done invoking toplevel() on ptolemy.moml.MoMLSimpleApplication@79da50e6
reloadAllAccessors: .functionClosureTest6

===========================================================================================
----------------- testing Tue Jul 09 20:01:10 UTC 2019 /home/travis/build/icyphy/ptII/ptolemy/actor/lib/test/auto/functionsOnArcs.xml
----------------- Instantiating /home/travis/build/icyphy/ptII/ptolemy/actor/lib/test/auto/functionsOnArcs.xml
2 ms. Memory: 583680K Free: 511155K (88%)
----------------- Invoking toplevel() on ptolemy.moml.MoMLSimpleApplication@3de5eee0
----------------- Done invoking toplevel() on ptolemy.moml.MoMLSimpleApplication@3de5eee0
reloadAllAccessors: .functionsOnArcs

===========================================================================================
----------------- testing Tue Jul 09 20:01:10 UTC 2019 /home/travis/build/icyphy/ptII/ptolemy/actor/lib/test/auto/functionsOnArcsHOF.xml
----------------- Instantiating /home/travis/build/icyphy/ptII/ptolemy/actor/lib/test/auto/functionsOnArcsHOF.xml
3 ms. Memory: 583680K Free: 505525K (87%)
----------------- Invoking toplevel() on ptolemy.moml.MoMLSimpleApplication@6f46056e
----------------- Done invoking toplevel() on ptolemy.moml.MoMLSimpleApplication@6f46056e
reloadAllAccessors: .functionsOnArcsHOF

===========================================================================================
----------------- testing Tue Jul 09 20:01:10 UTC 2019 /home/travis/build/icyphy/ptII/ptolemy/actor/lib/test/auto/logic.xml
----------------- Instantiating /home/travis/build/icyphy/ptII/ptolemy/actor/lib/test/auto/logic.xml
3 ms. Memory: 583680K Free: 497843K (85%)
----------------- Invoking toplevel() on ptolemy.moml.MoMLSimpleApplication@76597ca4
----------------- Done invoking toplevel() on ptolemy.moml.MoMLSimpleApplication@76597ca4
reloadAllAccessors: .logic

===========================================================================================
----------------- testing Tue Jul 09 20:01:10 UTC 2019 /home/travis/build/icyphy/ptII/ptolemy/actor/lib/test/auto/matrixType.xml
----------------- Instantiating /home/travis/build/icyphy/ptII/ptolemy/actor/lib/test/auto/matrixType.xml
2 ms. Memory: 583680K Free: 492709K (84%)
----------------- Invoking toplevel() on ptolemy.moml.MoMLSimpleApplication@5477f42c
----------------- Done invoking toplevel() on ptolemy.moml.MoMLSimpleApplication@5477f42c
reloadAllAccessors: .matrixType

===========================================================================================
----------------- testing Tue Jul 09 20:01:10 UTC 2019 /home/travis/build/icyphy/ptII/ptolemy/actor/lib/test/auto/matrixType10.xml
----------------- Instantiating /home/travis/build/icyphy/ptII/ptolemy/actor/lib/test/auto/matrixType10.xml
2 ms. Memory: 583680K Free: 487603K (84%)
----------------- Invoking toplevel() on ptolemy.moml.MoMLSimpleApplication@14bb0809
----------------- Done invoking toplevel() on ptolemy.moml.MoMLSimpleApplication@14bb0809
reloadAllAccessors: .matrixType10

===========================================================================================
----------------- testing Tue Jul 09 20:01:10 UTC 2019 /home/travis/build/icyphy/ptII/ptolemy/actor/lib/test/auto/matrixType11.xml
----------------- Instantiating /home/travis/build/icyphy/ptII/ptolemy/actor/lib/test/auto/matrixType11.xml
2 ms. Memory: 583680K Free: 482997K (83%)
----------------- Invoking toplevel() on ptolemy.moml.MoMLSimpleApplication@56c6a9e
----------------- Done invoking toplevel() on ptolemy.moml.MoMLSimpleApplication@56c6a9e
reloadAllAccessors: .matrixType11

===========================================================================================
----------------- testing Tue Jul 09 20:01:10 UTC 2019 /home/travis/build/icyphy/ptII/ptolemy/actor/lib/test/auto/matrixType12.xml
----------------- Instantiating /home/travis/build/icyphy/ptII/ptolemy/actor/lib/test/auto/matrixType12.xml
2 ms. Memory: 583680K Free: 477877K (82%)
----------------- Invoking toplevel() on ptolemy.moml.MoMLSimpleApplication@5ba355a7
----------------- Done invoking toplevel() on ptolemy.moml.MoMLSimpleApplication@5ba355a7
reloadAllAccessors: .matrixType12

===========================================================================================
----------------- testing Tue Jul 09 20:01:10 UTC 2019 /home/travis/build/icyphy/ptII/ptolemy/actor/lib/test/auto/matrixType13.xml
----------------- Instantiating /home/travis/build/icyphy/ptII/ptolemy/actor/lib/test/auto/matrixType13.xml
2 ms. Memory: 583680K Free: 473267K (81%)
----------------- Invoking toplevel() on ptolemy.moml.MoMLSimpleApplication@476013c4
----------------- Done invoking toplevel() on ptolemy.moml.MoMLSimpleApplication@476013c4
reloadAllAccessors: .matrixType13

===========================================================================================
----------------- testing Tue Jul 09 20:01:10 UTC 2019 /home/travis/build/icyphy/ptII/ptolemy/actor/lib/test/auto/matrixType14.xml
----------------- Instantiating /home/travis/build/icyphy/ptII/ptolemy/actor/lib/test/auto/matrixType14.xml
2 ms. Memory: 583680K Free: 468147K (80%)
----------------- Invoking toplevel() on ptolemy.moml.MoMLSimpleApplication@2572a1e7
----------------- Done invoking toplevel() on ptolemy.moml.MoMLSimpleApplication@2572a1e7
reloadAllAccessors: .matrixType14

===========================================================================================
----------------- testing Tue Jul 09 20:01:11 UTC 2019 /home/travis/build/icyphy/ptII/ptolemy/actor/lib/test/auto/matrixType2.xml
----------------- Instantiating /home/travis/build/icyphy/ptII/ptolemy/actor/lib/test/auto/matrixType2.xml
1 ms. Memory: 583680K Free: 463013K (79%)
----------------- Invoking toplevel() on ptolemy.moml.MoMLSimpleApplication@6a9a220f
----------------- Done invoking toplevel() on ptolemy.moml.MoMLSimpleApplication@6a9a220f
reloadAllAccessors: .matrixType2

===========================================================================================
----------------- testing Tue Jul 09 20:01:11 UTC 2019 /home/travis/build/icyphy/ptII/ptolemy/actor/lib/test/auto/matrixType3.xml
----------------- Instantiating /home/travis/build/icyphy/ptII/ptolemy/actor/lib/test/auto/matrixType3.xml
4 ms. Memory: 583680K Free: 457907K (78%)
----------------- Invoking toplevel() on ptolemy.moml.MoMLSimpleApplication@7eb967b9
----------------- Done invoking toplevel() on ptolemy.moml.MoMLSimpleApplication@7eb967b9
reloadAllAccessors: .matrixType3

===========================================================================================
----------------- testing Tue Jul 09 20:01:11 UTC 2019 /home/travis/build/icyphy/ptII/ptolemy/actor/lib/test/auto/matrixType4.xml
----------------- Instantiating /home/travis/build/icyphy/ptII/ptolemy/actor/lib/test/auto/matrixType4.xml
2 ms. Memory: 583680K Free: 453301K (78%)
----------------- Invoking toplevel() on ptolemy.moml.MoMLSimpleApplication@3a842a19
----------------- Done invoking toplevel() on ptolemy.moml.MoMLSimpleApplication@3a842a19
reloadAllAccessors: .matrixType4

===========================================================================================
----------------- testing Tue Jul 09 20:01:11 UTC 2019 /home/travis/build/icyphy/ptII/ptolemy/actor/lib/test/auto/matrixType5.xml
----------------- Instantiating /home/travis/build/icyphy/ptII/ptolemy/actor/lib/test/auto/matrixType5.xml
1 ms. Memory: 583680K Free: 448181K (77%)
----------------- Invoking toplevel() on ptolemy.moml.MoMLSimpleApplication@15b4ffee
----------------- Done invoking toplevel() on ptolemy.moml.MoMLSimpleApplication@15b4ffee
reloadAllAccessors: .matrixType5

===========================================================================================
----------------- testing Tue Jul 09 20:01:11 UTC 2019 /home/travis/build/icyphy/ptII/ptolemy/actor/lib/test/auto/matrixType6.xml
----------------- Instantiating /home/travis/build/icyphy/ptII/ptolemy/actor/lib/test/auto/matrixType6.xml
2 ms. Memory: 583680K Free: 443571K (76%)
----------------- Invoking toplevel() on ptolemy.moml.MoMLSimpleApplication@23c02187
----------------- Done invoking toplevel() on ptolemy.moml.MoMLSimpleApplication@23c02187
reloadAllAccessors: .matrixType6

===========================================================================================
----------------- testing Tue Jul 09 20:01:11 UTC 2019 /home/travis/build/icyphy/ptII/ptolemy/actor/lib/test/auto/matrixType7.xml
----------------- Instantiating /home/travis/build/icyphy/ptII/ptolemy/actor/lib/test/auto/matrixType7.xml
2 ms. Memory: 583680K Free: 438451K (75%)
----------------- Invoking toplevel() on ptolemy.moml.MoMLSimpleApplication@6b2059c7
----------------- Done invoking toplevel() on ptolemy.moml.MoMLSimpleApplication@6b2059c7
reloadAllAccessors: .matrixType7

===========================================================================================
----------------- testing Tue Jul 09 20:01:11 UTC 2019 /home/travis/build/icyphy/ptII/ptolemy/actor/lib/test/auto/matrixType8.xml
----------------- Instantiating /home/travis/build/icyphy/ptII/ptolemy/actor/lib/test/auto/matrixType8.xml
2 ms. Memory: 583680K Free: 433845K (74%)
----------------- Invoking toplevel() on ptolemy.moml.MoMLSimpleApplication@1e6d626e
----------------- Done invoking toplevel() on ptolemy.moml.MoMLSimpleApplication@1e6d626e
reloadAllAccessors: .matrixType8

===========================================================================================
----------------- testing Tue Jul 09 20:01:11 UTC 2019 /home/travis/build/icyphy/ptII/ptolemy/actor/lib/test/auto/matrixType9.xml
----------------- Instantiating /home/travis/build/icyphy/ptII/ptolemy/actor/lib/test/auto/matrixType9.xml
1 ms. Memory: 583680K Free: 428725K (73%)
----------------- Invoking toplevel() on ptolemy.moml.MoMLSimpleApplication@8843a7f
----------------- Done invoking toplevel() on ptolemy.moml.MoMLSimpleApplication@8843a7f
reloadAllAccessors: .matrixType9

===========================================================================================
----------------- testing Tue Jul 09 20:01:11 UTC 2019 /home/travis/build/icyphy/ptII/ptolemy/actor/lib/test/auto/paraFunctest.xml
----------------- Instantiating /home/travis/build/icyphy/ptII/ptolemy/actor/lib/test/auto/paraFunctest.xml
2 ms. Memory: 583680K Free: 424629K (73%)
----------------- Invoking toplevel() on ptolemy.moml.MoMLSimpleApplication@6dd19688
----------------- Done invoking toplevel() on ptolemy.moml.MoMLSimpleApplication@6dd19688
reloadAllAccessors: .paraFunctest

===========================================================================================
----------------- testing Tue Jul 09 20:01:11 UTC 2019 /home/travis/build/icyphy/ptII/ptolemy/actor/lib/test/auto/paraFunctest2.xml
----------------- Instantiating /home/travis/build/icyphy/ptII/ptolemy/actor/lib/test/auto/paraFunctest2.xml
2 ms. Memory: 583680K Free: 420019K (72%)
----------------- Invoking toplevel() on ptolemy.moml.MoMLSimpleApplication@4bfd8163
----------------- Done invoking toplevel() on ptolemy.moml.MoMLSimpleApplication@4bfd8163
reloadAllAccessors: .paraFunctest2

===========================================================================================
----------------- testing Tue Jul 09 20:01:11 UTC 2019 /home/travis/build/icyphy/ptII/ptolemy/actor/lib/test/auto/parameterPassing.xml
----------------- Instantiating /home/travis/build/icyphy/ptII/ptolemy/actor/lib/test/auto/parameterPassing.xml
1 ms. Memory: 583680K Free: 415923K (71%)
----------------- Invoking toplevel() on ptolemy.moml.MoMLSimpleApplication@501b08bb
----------------- Done invoking toplevel() on ptolemy.moml.MoMLSimpleApplication@501b08bb
reloadAllAccessors: .parameterPassing

===========================================================================================
----------------- testing Tue Jul 09 20:01:11 UTC 2019 /home/travis/build/icyphy/ptII/ptolemy/actor/lib/test/auto/record.xml
----------------- Instantiating /home/travis/build/icyphy/ptII/ptolemy/actor/lib/test/auto/record.xml
2 ms. Memory: 583680K Free: 410803K (70%)
----------------- Invoking toplevel() on ptolemy.moml.MoMLSimpleApplication@33aecd7a
----------------- Done invoking toplevel() on ptolemy.moml.MoMLSimpleApplication@33aecd7a
reloadAllAccessors: .record

===========================================================================================
----------------- testing Tue Jul 09 20:01:11 UTC 2019 /home/travis/build/icyphy/ptII/ptolemy/actor/lib/test/auto/sizedarray1.xml
----------------- Instantiating /home/travis/build/icyphy/ptII/ptolemy/actor/lib/test/auto/sizedarray1.xml
2 ms. Memory: 583680K Free: 405683K (70%)
----------------- Invoking toplevel() on ptolemy.moml.MoMLSimpleApplication@734a1fee
----------------- Done invoking toplevel() on ptolemy.moml.MoMLSimpleApplication@734a1fee
reloadAllAccessors: .sizedarray1

===========================================================================================
----------------- testing Tue Jul 09 20:01:11 UTC 2019 /home/travis/build/icyphy/ptII/ptolemy/actor/lib/test/auto/sizedarray2.xml
----------------- Instantiating /home/travis/build/icyphy/ptII/ptolemy/actor/lib/test/auto/sizedarray2.xml
3 ms. Memory: 583680K Free: 400053K (69%)
----------------- Invoking toplevel() on ptolemy.moml.MoMLSimpleApplication@244001bd
----------------- Done invoking toplevel() on ptolemy.moml.MoMLSimpleApplication@244001bd
reloadAllAccessors: .sizedarray2

===========================================================================================
----------------- testing Tue Jul 09 20:01:11 UTC 2019 /home/travis/build/icyphy/ptII/ptolemy/actor/lib/test/auto/twoPublishers.xml
----------------- Instantiating /home/travis/build/icyphy/ptII/ptolemy/actor/lib/test/auto/twoPublishers.xml
7 ms. Memory: 583680K Free: 389813K (67%)
----------------- Invoking toplevel() on ptolemy.moml.MoMLSimpleApplication@6f30c551
----------------- Done invoking toplevel() on ptolemy.moml.MoMLSimpleApplication@6f30c551
reloadAllAccessors: .twoPublishers
AutoTests.java: About to close Vertx.
AutoTests.java: Vertx closed.
]]></system-out>
  <system-err><![CDATA[java.lang.RuntimeException: Execution failed
	at ptolemy.moml.MoMLSimpleApplication$UnloadThread.run(MoMLSimpleApplication.java:402)
Caused by: java.lang.RuntimeException: StringUtilities.exit() was called. Normally, we would exit here because Manager.exitAfterWrapup() was called.  However, because the ptolemy.ptII.exitAfterWrapup property is set, we throw this exception instead.
	at ptolemy.util.StringUtilities.exit(StringUtilities.java:363)
	at ptolemy.actor.Manager.wrapup(Manager.java:1531)
	at ptolemy.actor.Manager.execute(Manager.java:407)
	at ptolemy.actor.Manager.run(Manager.java:1263)
	at ptolemy.actor.Manager$PtolemyRunThread.run(Manager.java:1915)
Warning: '.top.test' is in training mode, set the trainingMode parameter to false before checking in
Warning: '.top.test' is in training mode, set the trainingMode parameter to false before checking in
Warning: '.top.test' is in training mode, set the trainingMode parameter to false before checking in
Warning: '.BooleanSwitch_RegressionTest_WrongTrainingValues.Test' is in training mode, set the trainingMode parameter to false before checking in
Warning: '.BooleanSwitch_RegressionTest_WrongTrainingValues.Test2' is in training mode, set the trainingMode parameter to false before checking in
Warning: '.BooleanSwitch_RegressionTest_WrongTrainingValues.Test2' The test produced 0 tokens.
Warning: '.top.testExceptionHandler' is in training mode, set the trainingMode parameter to false before checking in
java.lang.RuntimeException: Execution failed
	at ptolemy.moml.MoMLSimpleApplication$UnloadThread.run(MoMLSimpleApplication.java:402)
Caused by: ptolemy.kernel.util.IllegalActionException: PublisherPorts cannot be used at the top level, use a Publisher actor instead.
  in .PublisherPortToplevelSubscriber.PublisherPort
	at ptolemy.actor.PublisherPort.preinitialize(PublisherPort.java:403)
	at ptolemy.actor.CompositeActor.preinitialize(CompositeActor.java:1769)
	at ptolemy.actor.Manager.preinitializeAndResolveTypes(Manager.java:1040)
	at ptolemy.actor.Manager.initialize(Manager.java:710)
	at ptolemy.actor.Manager.execute(Manager.java:356)
	at ptolemy.actor.Manager.run(Manager.java:1263)
	at ptolemy.actor.Manager$PtolemyRunThread.run(Manager.java:1915)
java.lang.reflect.InvocationTargetException
	at java.base/jdk.internal.reflect.NativeConstructorAccessorImpl.newInstance0(Native Method)
	at java.base/jdk.internal.reflect.NativeConstructorAccessorImpl.newInstance(NativeConstructorAccessorImpl.java:62)
	at java.base/jdk.internal.reflect.DelegatingConstructorAccessorImpl.newInstance(DelegatingConstructorAccessorImpl.java:45)
	at java.base/java.lang.reflect.Constructor.newInstance(Constructor.java:490)
	at ptolemy.util.test.junit.AutoKnownFailedTests.RunModel(AutoKnownFailedTests.java:105)
	at java.base/jdk.internal.reflect.NativeMethodAccessorImpl.invoke0(Native Method)
	at java.base/jdk.internal.reflect.NativeMethodAccessorImpl.invoke(NativeMethodAccessorImpl.java:62)
	at java.base/jdk.internal.reflect.DelegatingMethodAccessorImpl.invoke(DelegatingMethodAccessorImpl.java:43)
	at java.base/java.lang.reflect.Method.invoke(Method.java:566)
	at org.junit.runners.model.FrameworkMethod$1.runReflectiveCall(FrameworkMethod.java:44)
	at org.junit.internal.runners.model.ReflectiveCallable.run(ReflectiveCallable.java:15)
	at org.junit.runners.model.FrameworkMethod.invokeExplosively(FrameworkMethod.java:41)
	at junitparams.internal.InvokeParameterisedMethod.evaluate(InvokeParameterisedMethod.java:102)
	at org.junit.internal.runners.statements.FailOnTimeout$1.run(FailOnTimeout.java:28)
Caused by: ptolemy.kernel.util.IllegalActionException: PublisherPorts cannot be used at the top level, use a Publisher actor instead.
  in .PublisherPortToplevelSubscriber.PublisherPort
	at ptolemy.actor.PublisherPort.preinitialize(PublisherPort.java:403)
	at ptolemy.actor.CompositeActor.preinitialize(CompositeActor.java:1769)
	at ptolemy.actor.Manager.preinitializeAndResolveTypes(Manager.java:1040)
	at ptolemy.actor.Manager.initialize(Manager.java:710)
	at ptolemy.actor.Manager.execute(Manager.java:356)
	at ptolemy.actor.Manager.run(Manager.java:1263)
	at ptolemy.actor.Manager$PtolemyRunThread.run(Manager.java:1915)
java.lang.RuntimeException: Execution failed
	at ptolemy.moml.MoMLSimpleApplication$UnloadThread.run(MoMLSimpleApplication.java:402)
Caused by: ptolemy.kernel.util.IllegalActionException: SubscriberPorts cannot be used at the top level, use a Subscriber actor instead.
  in .PublisherSubscriberPortToplevel.SubscriberPort
	at ptolemy.actor.SubscriberPort.preinitialize(SubscriberPort.java:328)
	at ptolemy.actor.CompositeActor.preinitialize(CompositeActor.java:1769)
	at ptolemy.actor.Manager.preinitializeAndResolveTypes(Manager.java:1040)
	at ptolemy.actor.Manager.initialize(Manager.java:710)
	at ptolemy.actor.Manager.execute(Manager.java:356)
	at ptolemy.actor.Manager.run(Manager.java:1263)
	at ptolemy.actor.Manager$PtolemyRunThread.run(Manager.java:1915)
java.lang.reflect.InvocationTargetException
	at java.base/jdk.internal.reflect.NativeConstructorAccessorImpl.newInstance0(Native Method)
	at java.base/jdk.internal.reflect.NativeConstructorAccessorImpl.newInstance(NativeConstructorAccessorImpl.java:62)
	at java.base/jdk.internal.reflect.DelegatingConstructorAccessorImpl.newInstance(DelegatingConstructorAccessorImpl.java:45)
	at java.base/java.lang.reflect.Constructor.newInstance(Constructor.java:490)
	at ptolemy.util.test.junit.AutoKnownFailedTests.RunModel(AutoKnownFailedTests.java:105)
	at java.base/jdk.internal.reflect.NativeMethodAccessorImpl.invoke0(Native Method)
	at java.base/jdk.internal.reflect.NativeMethodAccessorImpl.invoke(NativeMethodAccessorImpl.java:62)
	at java.base/jdk.internal.reflect.DelegatingMethodAccessorImpl.invoke(DelegatingMethodAccessorImpl.java:43)
	at java.base/java.lang.reflect.Method.invoke(Method.java:566)
	at org.junit.runners.model.FrameworkMethod$1.runReflectiveCall(FrameworkMethod.java:44)
	at org.junit.internal.runners.model.ReflectiveCallable.run(ReflectiveCallable.java:15)
	at org.junit.runners.model.FrameworkMethod.invokeExplosively(FrameworkMethod.java:41)
	at junitparams.internal.InvokeParameterisedMethod.evaluate(InvokeParameterisedMethod.java:102)
	at org.junit.internal.runners.statements.FailOnTimeout$1.run(FailOnTimeout.java:28)
Caused by: ptolemy.kernel.util.IllegalActionException: SubscriberPorts cannot be used at the top level, use a Subscriber actor instead.
  in .PublisherSubscriberPortToplevel.SubscriberPort
	at ptolemy.actor.SubscriberPort.preinitialize(SubscriberPort.java:328)
	at ptolemy.actor.CompositeActor.preinitialize(CompositeActor.java:1769)
	at ptolemy.actor.Manager.preinitializeAndResolveTypes(Manager.java:1040)
	at ptolemy.actor.Manager.initialize(Manager.java:710)
	at ptolemy.actor.Manager.execute(Manager.java:356)
	at ptolemy.actor.Manager.run(Manager.java:1263)
	at ptolemy.actor.Manager$PtolemyRunThread.run(Manager.java:1915)
java.lang.RuntimeException: Execution failed
	at ptolemy.moml.MoMLSimpleApplication$UnloadThread.run(MoMLSimpleApplication.java:402)
Caused by: ptolemy.kernel.util.IllegalActionException: SubscriptionAggregatorPorts cannot be used at the top level, use a SubscriptionAggregator actor instead.
  in .PublisherSubscriptionAggregatorPort.SubscriptionAggregatorPort
	at ptolemy.actor.SubscriptionAggregatorPort.preinitialize(SubscriptionAggregatorPort.java:353)
	at ptolemy.actor.CompositeActor.preinitialize(CompositeActor.java:1769)
	at ptolemy.actor.Manager.preinitializeAndResolveTypes(Manager.java:1040)
	at ptolemy.actor.Manager.initialize(Manager.java:710)
	at ptolemy.actor.Manager.execute(Manager.java:356)
	at ptolemy.actor.Manager.run(Manager.java:1263)
	at ptolemy.actor.Manager$PtolemyRunThread.run(Manager.java:1915)
java.lang.reflect.InvocationTargetException
	at java.base/jdk.internal.reflect.NativeConstructorAccessorImpl.newInstance0(Native Method)
	at java.base/jdk.internal.reflect.NativeConstructorAccessorImpl.newInstance(NativeConstructorAccessorImpl.java:62)
	at java.base/jdk.internal.reflect.DelegatingConstructorAccessorImpl.newInstance(DelegatingConstructorAccessorImpl.java:45)
	at java.base/java.lang.reflect.Constructor.newInstance(Constructor.java:490)
	at ptolemy.util.test.junit.AutoKnownFailedTests.RunModel(AutoKnownFailedTests.java:105)
	at java.base/jdk.internal.reflect.NativeMethodAccessorImpl.invoke0(Native Method)
	at java.base/jdk.internal.reflect.NativeMethodAccessorImpl.invoke(NativeMethodAccessorImpl.java:62)
	at java.base/jdk.internal.reflect.DelegatingMethodAccessorImpl.invoke(DelegatingMethodAccessorImpl.java:43)
	at java.base/java.lang.reflect.Method.invoke(Method.java:566)
	at org.junit.runners.model.FrameworkMethod$1.runReflectiveCall(FrameworkMethod.java:44)
	at org.junit.internal.runners.model.ReflectiveCallable.run(ReflectiveCallable.java:15)
	at org.junit.runners.model.FrameworkMethod.invokeExplosively(FrameworkMethod.java:41)
	at junitparams.internal.InvokeParameterisedMethod.evaluate(InvokeParameterisedMethod.java:102)
	at org.junit.internal.runners.statements.FailOnTimeout$1.run(FailOnTimeout.java:28)
Caused by: ptolemy.kernel.util.IllegalActionException: SubscriptionAggregatorPorts cannot be used at the top level, use a SubscriptionAggregator actor instead.
  in .PublisherSubscriptionAggregatorPort.SubscriptionAggregatorPort
	at ptolemy.actor.SubscriptionAggregatorPort.preinitialize(SubscriptionAggregatorPort.java:353)
	at ptolemy.actor.CompositeActor.preinitialize(CompositeActor.java:1769)
	at ptolemy.actor.Manager.preinitializeAndResolveTypes(Manager.java:1040)
	at ptolemy.actor.Manager.initialize(Manager.java:710)
	at ptolemy.actor.Manager.execute(Manager.java:356)
	at ptolemy.actor.Manager.run(Manager.java:1263)
	at ptolemy.actor.Manager$PtolemyRunThread.run(Manager.java:1915)
java.lang.RuntimeException: Execution failed
	at ptolemy.moml.MoMLSimpleApplication$UnloadThread.run(MoMLSimpleApplication.java:402)
Caused by: ptolemy.kernel.util.IllegalActionException: TypeTest actor has no training data.
  in .sizedarray3.TypeTest
	at ptolemy.actor.lib.TypeTest.initialize(TypeTest.java:250)
	at ptolemy.actor.Director.initialize(Director.java:938)
	at ptolemy.actor.Director.initialize(Director.java:907)
	at ptolemy.actor.sched.StaticSchedulingDirector.initialize(StaticSchedulingDirector.java:159)
	at ptolemy.domains.sdf.kernel.SDFDirector.initialize(SDFDirector.java:544)
	at ptolemy.actor.CompositeActor.initialize(CompositeActor.java:935)
	at ptolemy.actor.Manager.initialize(Manager.java:724)
	at ptolemy.actor.Manager.execute(Manager.java:356)
	at ptolemy.actor.Manager.run(Manager.java:1263)
	at ptolemy.actor.Manager$PtolemyRunThread.run(Manager.java:1915)
java.lang.reflect.InvocationTargetException
	at java.base/jdk.internal.reflect.NativeConstructorAccessorImpl.newInstance0(Native Method)
	at java.base/jdk.internal.reflect.NativeConstructorAccessorImpl.newInstance(NativeConstructorAccessorImpl.java:62)
	at java.base/jdk.internal.reflect.DelegatingConstructorAccessorImpl.newInstance(DelegatingConstructorAccessorImpl.java:45)
	at java.base/java.lang.reflect.Constructor.newInstance(Constructor.java:490)
	at ptolemy.util.test.junit.AutoKnownFailedTests.RunModel(AutoKnownFailedTests.java:105)
	at java.base/jdk.internal.reflect.NativeMethodAccessorImpl.invoke0(Native Method)
	at java.base/jdk.internal.reflect.NativeMethodAccessorImpl.invoke(NativeMethodAccessorImpl.java:62)
	at java.base/jdk.internal.reflect.DelegatingMethodAccessorImpl.invoke(DelegatingMethodAccessorImpl.java:43)
	at java.base/java.lang.reflect.Method.invoke(Method.java:566)
	at org.junit.runners.model.FrameworkMethod$1.runReflectiveCall(FrameworkMethod.java:44)
	at org.junit.internal.runners.model.ReflectiveCallable.run(ReflectiveCallable.java:15)
	at org.junit.runners.model.FrameworkMethod.invokeExplosively(FrameworkMethod.java:41)
	at junitparams.internal.InvokeParameterisedMethod.evaluate(InvokeParameterisedMethod.java:102)
	at org.junit.internal.runners.statements.FailOnTimeout$1.run(FailOnTimeout.java:28)
Caused by: ptolemy.kernel.util.IllegalActionException: TypeTest actor has no training data.
  in .sizedarray3.TypeTest
	at ptolemy.actor.lib.TypeTest.initialize(TypeTest.java:250)
	at ptolemy.actor.Director.initialize(Director.java:938)
	at ptolemy.actor.Director.initialize(Director.java:907)
	at ptolemy.actor.sched.StaticSchedulingDirector.initialize(StaticSchedulingDirector.java:159)
	at ptolemy.domains.sdf.kernel.SDFDirector.initialize(SDFDirector.java:544)
	at ptolemy.actor.CompositeActor.initialize(CompositeActor.java:935)
	at ptolemy.actor.Manager.initialize(Manager.java:724)
	at ptolemy.actor.Manager.execute(Manager.java:356)
	at ptolemy.actor.Manager.run(Manager.java:1263)
	at ptolemy.actor.Manager$PtolemyRunThread.run(Manager.java:1915)
java.lang.RuntimeException: Execution failed
	at ptolemy.moml.MoMLSimpleApplication$UnloadThread.run(MoMLSimpleApplication.java:402)
Caused by: ptolemy.kernel.util.IllegalActionException: Test fails in iteration 0.
Value was: "WARNING: An illegal reflective access operation has occurred\nWARNING: Illegal reflective access by io.netty.util.internal.ReflectionUtil (file:/home/travis/build/icyphy/ptII/lib/netty-common-4.1.19.Final.jar) to constructor java.nio.DirectByteBuffer(long,int)\nWARNING: Please consider reporting this to the maintainers of io.netty.util.internal.ReflectionUtil\nWARNING: Use --illegal-access=warn to enable warnings of further illegal reflective access operations\nWARNING: All illegal access operations will be denied in a future release\n". Should have been: ""
  in .ExecRunDemos.Test
	at ptolemy.actor.lib.Test.fire(Test.java:268)
	at ptolemy.actor.AtomicActor.iterate(AtomicActor.java:512)
	at ptolemy.actor.sched.StaticSchedulingDirector.fire(StaticSchedulingDirector.java:216)
	at ptolemy.domains.sdf.kernel.SDFDirector.fire(SDFDirector.java:500)
	at ptolemy.actor.CompositeActor.fire(CompositeActor.java:455)
	at ptolemy.actor.Manager.iterate(Manager.java:851)
	at ptolemy.actor.Manager.execute(Manager.java:369)
	at ptolemy.actor.Manager.run(Manager.java:1263)
	at ptolemy.actor.Manager$PtolemyRunThread.run(Manager.java:1915)
]]></system-err>
</testsuite>
