<?xml version="1.0" encoding="UTF-8" ?>
<testsuite errors="1" failures="0" hostname="travis-job-ef9da1c2-8206-47ad-8a21-6958c41932fd" name="ptolemy.actor.lib.test.junit.JUnitTclTest" skipped="0" tests="518" time="60.521" timestamp="2018-06-09T01:29:13">
  <properties>
    <property name="npm.executable" value="npm" />
    <property name="file.encoding.pkg" value="sun.io" />
    <property name="ptII.mk.exists" value="true" />
    <property name="env.rvm_bin_path" value="/home/travis/.rvm/bin" />
    <property name="java.home" value="/usr/lib/jvm/java-8-oracle/jre" />
    <property name="env.TRAVIS_JOB_NUMBER" value="553.7" />
    <property name="env.DISPLAY" value=":99.0" />
    <property name="java.net.preferIPv4Stack" value="true" />
    <property name="env.SSH_TTY" value="/dev/pts/0" />
    <property name="env.RUN_TESTS" value="true" />
    <property name="timeout.short" value="1000000" />
    <property name="env.TRAVIS_STACK_NODE_ATTRIBUTES" value="/.node-attributes.yml" />
    <property name="junit.formatter" value="xml" />
    <property name="java.endorsed.dirs" value="/usr/lib/jvm/java-8-oracle/jre/lib/endorsed" />
    <property name="env.TRAVIS_SUDO" value="true" />
    <property name="env.LOGNAME" value="travis" />
    <property name="env.PT_TRAVIS_TEST_CORE1_XML" value="true" />
    <property name="jsdoc.home" value="node_modules/@terraswarm/jsdoc" />
    <property name="debuglevel" value="source,lines,vars" />
    <property name="checkstyle.formatter" value="xml" />
    <property name="bin.vergil.makeable" value="true" />
    <property name="env._system_version" value="14.04" />
    <property name="sun.os.patch.level" value="unknown" />
    <property name="java.vendor.url" value="http://java.oracle.com/" />
    <property name="java.version" value="1.8.0_151" />
    <property name="env.TZ" value="UTC" />
    <property name="env.PT_NO_NET" value="true" />
    <property name="env.TRAVIS_PULL_REQUEST_SHA" value="" />
    <property name="env.TRAVIS_SECURE_ENV_VARS" value="true" />
    <property name="env._system_type" value="Linux" />
    <property name="java.vendor.url.bug" value="http://bugreport.sun.com/bugreport/" />
    <property name="env.SSH_CLIENT" value="10.10.16.9 57210 22" />
    <property name="npmjs-org-is-up" value="true" />
    <property name="env.GEM_HOME" value="/home/travis/.rvm/gems/ruby-2.4.1" />
    <property name="env.HAS_ANTARES_THREE_LITTLE_FRONZIES_BADGE" value="true" />
    <property name="env.PS4" value="+" />
    <property name="ant.project.invoked-targets" value="build,test.core1.xml" />
    <property name="env.TRAVIS_PULL_REQUEST_BRANCH" value="" />
    <property name="env.TRAVIS_REPO_SLUG" value="icyphy/ptII" />
    <property name="node.in.path" value="true" />
    <property name="java.maxmemory" value="1400m" />
    <property name="env.RUBY_VERSION" value="ruby-2.4.1" />
    <property name="user.name" value="travis" />
    <property name="env.LANG" value="en_US.UTF-8" />
    <property name="sun.io.unicode.encoding" value="UnicodeLittle" />
    <property name="sun.jnu.encoding" value="UTF-8" />
    <property name="java.runtime.name" value="Java(TM) SE Runtime Environment" />
    <property name="usefile" value="false" />
    <property name="return.code" value="0" />
    <property name="junit.single.formatter" value="plain" />
    <property name="env.DYLD_LIBRARY_PATH" value="/home/travis/pthla/certi-tools/lib:" />
    <property name="env.DEBIAN_FRONTEND" value="noninteractive" />
    <property name="env.SSH_CONNECTION" value="10.10.16.9 57210 10.20.0.188 22" />
    <property name="env.MYSQL_UNIX_PORT" value="/var/run/mysqld/mysqld.sock" />
    <property name="env.TRAVIS_ALLOW_FAILURE" value="false" />
    <property name="env.LC_ALL" value="en_US.UTF-8" />
    <property name="java.specification.name" value="Java Platform API Specification" />
    <property name="node.works" value="true" />
    <property name="user.timezone" value="" />
    <property name="path.separator" value=":" />
    <property name="env.PYTHON_CFLAGS" value="-g -fstack-protector --param=ssp-buffer-size=4 -Wformat -Werror=format-security" />
    <property name="timeout.long" value="4000000" />
    <property name="env.CERTI_HOME" value="/home/travis/pthla/certi-tools" />
    <property name="file.encoding" value="UTF-8" />
    <property name="ant.file.ptII" value="/home/travis/build/icyphy/ptII/build.xml" />
    <property name="javadoc.packagenames" value="com.*,diva.*,lbnl.*,org.hlacerti.*,org.json.*,org.ptolemy.*,org.terraswarm.*,ptolemy.*,ptserver.*" />
    <property name="env.TRAVIS_PULL_REQUEST_SLUG" value="" />
    <property name="ant.project.default-target" value="build" />
    <property name="env.GIT_ASKPASS" value="echo" />
    <property name="env.HOME" value="/home/travis" />
    <property name="sun.java.command" value="org.apache.tools.ant.taskdefs.optional.junit.JUnitTestRunner ptolemy.actor.lib.test.junit.JUnitTclTest skipNonTests=false filtertrace=true haltOnError=false haltOnFailure=false formatter=org.apache.tools.ant.taskdefs.optional.junit.OutErrSummaryJUnitResultFormatter showoutput=true outputtoformatters=true logfailedtests=true threadid=0 logtestlistenerevents=false formatter=org.apache.tools.ant.taskdefs.optional.junit.XMLJUnitResultFormatter,/home/travis/build/icyphy/ptII/reports/junit/TEST-ptolemy.actor.lib.test.junit.JUnitTclTest.xml crashfile=/home/travis/build/icyphy/ptII/junitvmwatcher7231333846094451378.properties propsfile=/home/travis/build/icyphy/ptII/junit7909006806782470914.properties" />
    <property name="env.MANPATH" value="/home/travis/.nvm/versions/node/v7.10.1/share/man:/home/travis/.kiex/elixirs/elixir-1.4.5/man:/home/travis/.rvm/rubies/ruby-2.4.1/share/man:/usr/local/man:/usr/local/cmake-3.9.2/man:/usr/local/clang-5.0.0/share/man:/usr/local/share/man:/usr/share/man:/home/travis/.rvm/man" />
    <property name="env.COMPOSER_NO_INTERACTION" value="1" />
    <property name="env.JDK_SWITCHER_DEFAULT" value="oraclejdk8" />
    <property name="ant.file" value="/home/travis/build/icyphy/ptII/build.xml" />
    <property name="env.TRAVIS_COMMIT_RANGE" value="fee0e27943f8...c56155127719" />
    <property name="env._system_name" value="Ubuntu" />
    <property name="timeout" value="2400000" />
    <property name="ptII.classpath.optional.property" value="/home/travis/build/icyphy/ptII/lib/bsh-2.0b4.jar:/home/travis/build/icyphy/ptII/lib/ptCal.jar:/home/travis/build/icyphy/ptII/lib/java_cup.jar:/home/travis/build/icyphy/ptII/lib/saxon8.jar:/home/travis/build/icyphy/ptII/lib/saxon8-dom.jar:/home/travis/build/icyphy/ptII/lib/chic.jar:/home/travis/build/icyphy/ptII/lib/ptcolt.jar:/usr/lib/jvm/java-8-oracle/lib/tools.jar:/usr/lib/eclipse/plugins/org.eclipse.jdt.core_3.8.2.dist.jar:/usr/lib/eclipse/plugins/org.eclipse.core.runtime_3.8.0.dist.jar:/usr/lib/eclipse/plugins/org.eclipse.osgi_3.8.1.dist.jar:/usr/lib/eclipse/plugins/org.eclipse.core.resources_3.8.1.dist.jar:/usr/lib/eclipse/plugins/org.eclipse.equinox.common_3.6.100.dist.jar:/usr/lib/eclipse/plugins/org.eclipse.core.jobs_3.5.200.dist.jar:/usr/lib/eclipse/plugins/org.eclipse.core.contenttype_3.4.200.dist.jar:/usr/lib/eclipse/plugins/org.eclipse.equinox.preferences_3.5.0.dist.jar:/usr/lib/eclipse/plugins/org.eclipse.text_3.5.200.dist.jar:/usr/lib/eclipse/plugins/org.eclipse.ui.workbench_3.8.1.dist.jar:/usr/lib/eclipse/plugins/org.eclipse.jface_3.8.0.dist.jar:/usr/lib/eclipse/plugins/org.eclipse.swt_3.8.2.jar:/usr/lib/eclipse/plugins/org.eclipse.jface.text_3.8.1.dist.jar:/usr/lib/eclipse/plugins/org.eclipse.ui.workbench.texteditor_3.8.0.dist.jar:/usr/lib/eclipse/plugins/org.eclipse.ui.editors_3.8.0.dist.jar:/usr/lib/eclipse/plugins/org.eclipse.core.commands_3.6.1.dist.jar:/usr/lib/eclipse/plugins/org.eclipse.equinox.registry_3.5.200.dist.jar:/usr/lib/eclipse/plugins/org.eclipse.ui.console_3.5.100.dist.jar:/usr/lib/eclipse/plugins/org.eclipse.ui.forms_3.5.200.dist.jar:/usr/lib/eclipse/plugins/org.eclipse.ui.ide_3.8.1.dist.jar:/home/travis/build/icyphy/ptII/vendors/oracle/dbxml.jar:/home/travis/build/icyphy/ptII/vendors/oracle/db.jar:/home/travis/build/icyphy/ptII/vendors/misc/itext/iText.jar:/home/travis/build/icyphy/ptII/lib/g4ltl.jar:/home/travis/build/icyphy/ptII/lib/StructuralCoder.jar:/home/travis/build/icyphy/ptII/lib/org-openide-util.jar:/home/travis/build/icyphy/ptII/lib/org-openide-util-lookup.jar:/home/travis/build/icyphy/ptII/lib/org-netbeans-api-visual.jar:/home/travis/build/icyphy/ptII/vendors/jai-1_1_2_01/lib/jai_core.jar:/home/travis/build/icyphy/ptII/vendors/jai-1_1_2_01/lib/jai_codec.jar:/home/travis/build/icyphy/ptII/lib/jcerti.jar:/home/travis/build/icyphy/ptII/lib/smack.jar:/home/travis/build/icyphy/ptII/lib/smackx.jar:/home/travis/build/icyphy/ptII/lib/jetty-all-8.1.5-v20120716.jar:/home/travis/build/icyphy/ptII/lib/javax.servlet-api-3.0.1.jar:/home/travis/build/icyphy/ptII/lib/javax.mail.jar:/home/travis/build/icyphy/ptII/vendors/JMF-2.1.1e/lib/jmf.jar:/home/travis/build/icyphy/ptII/lib/jna-4.0.0-variadic.jar:/home/travis/build/icyphy/ptII/vendors/misc/joystick/Joystick.jar:/home/travis/build/icyphy/ptII/lib/ptjacl.jar:/home/travis/build/icyphy/ptII/lib/jsoup-1.8.2.jar:/home/travis/build/icyphy/ptII/lib/junit-4.8.2.jar:/home/travis/build/icyphy/ptII/lib/JUnitParams-0.4.0.jar:/home/travis/build/icyphy/ptII/ptolemy/actor/lib/excel/jxl.jar:/home/travis/build/icyphy/ptII/lib/jython.jar:/home/travis/build/icyphy/ptII/lib/kieler.jar:/home/travis/build/icyphy/ptII/vendors/opencv/share/OpenCV/java/opencv-341.jar:/home/travis/build/icyphy/ptII/lib/oscP5.jar:/home/travis/build/icyphy/ptII/lib/nrjavaserial-3.11.0.devel.jar:/usr/share/java/j3dcore.jar:/usr/share/java/j3dutils.jar:/usr/share/java/vecmath.jar:/home/travis/build/icyphy/ptII/ptolemy/distributed/jini/jar/jini-core.jar:/home/travis/build/icyphy/ptII/ptolemy/distributed/jini/jar/jini-ext.jar:/home/travis/build/icyphy/ptII/ptolemy/distributed/jini/jar/sun-util.jar:/home/travis/build/icyphy/ptII/lib/protobuf-java-2.4.1.jar:/home/travis/build/icyphy/ptII/lib/org.eclipse.paho.client.mqttv3.jar:/home/travis/build/icyphy/ptII/ptserver/lib/hessian-4.0.7.jar:/home/travis/build/icyphy/ptII/ptserver/lib/wmqtt.jar:/home/travis/build/icyphy/ptII/lib/mapss.jar:/home/travis/build/icyphy/ptII/ptolemy/actor/ptalon/antlr/antlr.jar:/home/travis/build/icyphy/ptII/lib/JRI.jar:/home/travis/build/icyphy/ptII/lib/commons-lang-2.6.jar:/home/travis/build/icyphy/ptII/lib/commons-logging-1.1.1.jar:/home/travis/build/icyphy/ptII/lib/sootclasses.jar:/home/travis/build/icyphy/ptII/ptolemy/actor/lib/database/mysql-connector-java-5.1.6-bin.jar:/home/travis/build/icyphy/ptII/vendors/misc/sphinx4/sphinx4-data-5prealpha.jar:/home/travis/build/icyphy/ptII/vendors/misc/sphinx4/sphinx4-core-5prealpha.jar:/home/travis/build/icyphy/ptII/lib/PDFRenderer.jar:/home/travis/build/icyphy/ptII/lib/svgSalamander.jar:/home/travis/build/icyphy/ptII/lib/rsyntaxtextarea-2.6.0-SNAPSHOT.jar:/home/travis/build/icyphy/ptII/lib/hazelcast-3.8.2.jar:/home/travis/build/icyphy/ptII/lib/jackson-annotations-2.9.0.jar:/home/travis/build/icyphy/ptII/lib/jackson-core-2.9.3.jar:/home/travis/build/icyphy/ptII/lib/jackson-databind-2.9.3.jar:/home/travis/build/icyphy/ptII/lib/netty-buffer-4.1.19.Final.jar:/home/travis/build/icyphy/ptII/lib/netty-codec-4.1.19.Final.jar:/home/travis/build/icyphy/ptII/lib/netty-codec-dns-4.1.19.Final.jar:/home/travis/build/icyphy/ptII/lib/netty-codec-http-4.1.19.Final.jar:/home/travis/build/icyphy/ptII/lib/netty-codec-http2-4.1.19.Final.jar:/home/travis/build/icyphy/ptII/lib/netty-common-4.1.19.Final.jar:/home/travis/build/icyphy/ptII/lib/netty-handler-4.1.19.Final.jar:/home/travis/build/icyphy/ptII/lib/netty-resolver-4.1.19.Final.jar:/home/travis/build/icyphy/ptII/lib/netty-resolver-dns-4.1.19.Final.jar:/home/travis/build/icyphy/ptII/lib/netty-transport-4.1.19.Final.jar:/home/travis/build/icyphy/ptII/lib/vertx-codegen-3.5.1.jar:/home/travis/build/icyphy/ptII/lib/vertx-core-3.5.2-SNAPSHOT.jar:/home/travis/build/icyphy/ptII/lib/vertx-hazelcast-3.5.1.jar:/home/travis/build/icyphy/ptII/lib/vertx-lang-js-3.5.1.jar:/home/travis/build/icyphy/ptII/lib/vertx-service-proxy-3.5.1.jar:/home/travis/build/icyphy/ptII/lib/vertx-web-3.5.1.jar:/home/travis/build/icyphy/ptII/lib/slf4j-api-1.7.13.jar:/home/travis/build/icyphy/ptII/lib/slf4j-simple-1.7.13.jar:/home/travis/build/icyphy/ptII/lib/webcam-capture-0.3.12.jar:/home/travis/build/icyphy/ptII/lib/bridj-0.7.0.jar:/home/travis/build/icyphy/ptII/lib/xbjlib-1.1.0.nrjavaserial.jar" />
    <property name="test.batch" value="**/junit/*.java" />
    <property name="env._" value="/usr/bin/timeout" />
    <property name="java.io.tmpdir" value="/tmp" />
    <property name="user.language" value="en" />
    <property name="env.HISTCONTROL" value="ignoredups:ignorespace" />
    <property name="env.GOROOT" value="/home/travis/.gimme/versions/go1.7.4.linux.amd64" />
    <property name="line.separator" value="&#xa;" />
    <property name="target" value="1.8" />
    <property name="env.TRAVIS_BUILD_DIR" value="/home/travis/build/icyphy/ptII" />
    <property name="env.ANT_OPTS" value="-Xmx2048m" />
    <property name="ant.file.type" value="file" />
    <property name="ptolemy.ptII.batchMode" value="true" />
    <property name="env.HISTSIZE" value="1000" />
    <property name="env.MERB_ENV" value="test" />
    <property name="java.vm.info" value="mixed mode" />
    <property name="source" value="1.8" />
    <property name="java.vm.specification.name" value="Java Virtual Machine Specification" />
    <property name="env.TRAVIS_TEST_RESULT" value="0" />
    <property name="jsdoc.command" value="node_modules/@terraswarm/jsdoc/jsdoc.js" />
    <property name="npm.works" value="true" />
    <property name="cobertura.dir" value="/home/travis/build/icyphy/ptII/vendors/cobertura-2.0.3" />
    <property name="env.rvm_path" value="/home/travis/.rvm" />
    <property name="env.GEM_PATH" value="/home/travis/.rvm/gems/ruby-2.4.1:/home/travis/.rvm/gems/ruby-2.4.1@global" />
    <property name="env.LC_CTYPE" value="en_US.UTF-8" />
    <property name="java.awt.printerjob" value="sun.print.PSPrinterJob" />
    <property name="env.TRAVIS_STACK_NAME" value="garnet" />
    <property name="ant.version" value="Apache Ant(TM) version 1.10.1 compiled on February 2 2017" />
    <property name="ptII.reports" value="/home/travis/build/icyphy/ptII/reports" />
    <property name="env.TRAVIS_STACK_TIMESTAMP" value="2017-12-05 19:33:09 UTC" />
    <property name="ant.file.type.ptII" value="file" />
    <property name="env.RBENV_SHELL" value="bash" />
    <property name="os.name" value="Linux" />
    <property name="java.specification.vendor" value="Oracle Corporation" />
    <property name="env.rvm_version" value="1.29.3 (latest)" />
    <property name="env.TERM" value="xterm" />
    <property name="java.vm.name" value="Java HotSpot(TM) 64-Bit Server VM" />
    <property name="env.TRAVIS_BUILD_NUMBER" value="553" />
    <property name="env.CI" value="true" />
    <property name="java.library.path" value="/home/travis/pthla/certi-tools/lib:/usr/lib/jni:/usr/local/share/OpenCV/java/:/usr/share/OpenCV/java::/usr/java/packages/lib/amd64:/usr/lib64:/lib64:/lib:/usr/lib" />
    <property name="env.rvm_prefix" value="/home/travis" />
    <property name="env.PATH" value="/home/travis/pthla/certi-tools/share/scripts:/home/travis/.rvm/gems/ruby-2.4.1/bin:/home/travis/.rvm/gems/ruby-2.4.1@global/bin:/home/travis/.rvm/rubies/ruby-2.4.1/bin:/home/travis/.rvm/bin:/home/travis/.nvm/versions/node/v7.10.1/bin:./node_modules/.bin:/home/travis/build/icyphy/ptII/bin:/home/travis/pthla/certi-tools/bin:/home/travis/bin:/home/travis/.local/bin:/opt/pyenv/shims:/home/travis/.phpenv/shims:/home/travis/perl5/perlbrew/bin:/home/travis/.kiex/elixirs/elixir-1.4.5/bin:/home/travis/.kiex/bin:/home/travis/gopath/bin:/home/travis/.gimme/versions/go1.7.4.linux.amd64/bin:/usr/local/phantomjs/bin:/usr/local/phantomjs:/usr/local/neo4j-3.2.7/bin:/usr/local/maven-3.5.2/bin:/usr/local/cmake-3.9.2/bin:/usr/local/clang-5.0.0/bin:/usr/local/sbin:/usr/local/bin:/usr/sbin:/usr/bin:/sbin:/bin:/home/travis/.phpenv/bin:/opt/pyenv/bin:/home/travis/.yarn/bin" />
    <property name="env.TRAVIS_OS_NAME" value="linux" />
    <property name="ant.java.version" value="1.8" />
    <property name="basedir" value="/home/travis/build/icyphy/ptII" />
    <property name="java.class.version" value="52.0" />
    <property name="env.SHLVL" value="3" />
    <property name="env.LD_LIBRARY_PATH" value="/home/travis/pthla/certi-tools/lib:/usr/lib/jni:/usr/local/share/OpenCV/java/:/usr/share/OpenCV/java:" />
    <property name="env.RACK_ENV" value="test" />
    <property name="ant.home" value="/home/travis/build/icyphy/ptII/ant" />
    <property name="env.NVM_DIR" value="/home/travis/.nvm" />
    <property name="env.PERLBREW_BASHRC_VERSION" value="0.80" />
    <property name="env.CERTI_FOM_PATH" value="/home/travis/pthla/certi-tools/share/federations" />
    <property name="env.TRAVIS_BUILD_ID" value="389982878" />
    <property name="env.PYENV_ROOT" value="/opt/pyenv" />
    <property name="env.TRAVIS_UID" value="2000" />
    <property name="env.rvm_pretty_print_flag" value="auto" />
    <property name="env.NVM_BIN" value="/home/travis/.nvm/versions/node/v7.10.1/bin" />
    <property name="env.TRAVIS_COMMIT" value="c56155127719f60d5c1634c8e07533182912a504" />
    <property name="env._system_arch" value="x86_64" />
    <property name="node.executable" value="node" />
    <property name="sun.boot.library.path" value="/usr/lib/jvm/java-8-oracle/jre/lib/amd64" />
    <property name="sun.management.compiler" value="HotSpot 64-Bit Tiered Compilers" />
    <property name="env.GOPATH" value="/home/travis/gopath" />
    <property name="java.awt.graphicsenv" value="sun.awt.X11GraphicsEnvironment" />
    <property name="ptolemy.ptII.dir" value="/home/travis/build/icyphy/ptII" />
    <property name="env.USER" value="travis" />
    <property name="env.HISTFILESIZE" value="2000" />
    <property name="timeout.longest" value="19000000" />
    <property name="env.TRAVIS_STACK_FEATURES" value="basic cassandra chromium couchdb disabled-ipv6 docker docker-compose elasticsearch firefox go-toolchain google-chrome jdk memcached mongodb mysql neo4j nodejs_interpreter perl_interpreter perlbrew phantomjs postgresql python_interpreter rabbitmq redis riak ruby_interpreter sqlite xserver" />
    <property name="env.TRAVIS_PULL_REQUEST" value="false" />
    <property name="env.PYENV_SHELL" value="bash" />
    <property name="ant.project.name" value="ptII" />
    <property name="java.vm.specification.version" value="1.8" />
    <property name="env.CERTI_VERSION" value="4.0.0" />
    <property name="env.NLSPATH" value="/usr/dt/lib/nls/msg/%L/%N.cat" />
    <property name="awt.toolkit" value="sun.awt.X11.XToolkit" />
    <property name="env.CERTI_HOST" value="localhost" />
    <property name="env.MY_RUBY_HOME" value="/home/travis/.rvm/rubies/ruby-2.4.1" />
    <property name="sun.cpu.isalist" value="" />
    <property name="java.ext.dirs" value="/usr/lib/jvm/java-8-oracle/jre/lib/ext:/usr/java/packages/lib/ext" />
    <property name="os.version" value="4.4.0-101-generic" />
    <property name="user.home" value="/home/travis" />
    <property name="env.MIX_ARCHIVES" value="/home/travis/.kiex/mix/elixir-1.4.5" />
    <property name="java.vm.vendor" value="Oracle Corporation" />
    <property name="env.TRAVIS_TAG" value="nightly" />
    <property name="env.TRAVIS_FILTERED" value="redirect_io" />
    <property name="javadoc.excludepackagenames" value="adm.cvs2svn.*,build.*,config.*,doc.coding.templates.*,jni.test.jni.meaningOfLife.*,jni.test.jni.testDeux.*,jni.test.jni.testTrois.*,org.terraswarm.accessor.accessors.web.node_modules.*,org.terraswarm.accessor.accessors.web.hosts.cordova.demo.*,org.terraswarm.accessor.accessors.web.hosts.cordova.plugins.*,org.terraswarm.accessor.accessors-svn.*,pt-modules.*,ptolemy.apps.agilent.*,ptolemy.apps.anytimecontrol.*,ptolemy.apps.apes.*,ptolemy.apps.charon.*,ptolemy.apps.crazyboard.*,ptolemy.apps.eclipse.*,ptolemy.apps.etherealSting.*,ptolemy.apps.fullscreen.*,ptolemy.apps.giotto.*,ptolemy.apps.ia.*,ptolemy.apps.interfaces.*,ptolemy.apps.jmf.*,ptolemy.apps.kurt.*,ptolemy.apps.kvm.*,ptolemy.apps.lego.*,ptolemy.apps.lejos.*,ptolemy.apps.midp.*,ptolemy.apps.mobileCoding.*,ptolemy.apps.pendulum.*,ptolemy.apps.rijndael.*,ptolemy.apps.robot.*,ptolemy.apps.security.*,ptolemy.apps.sobel.*,ptolemy.apps.soot.*,ptolemy.apps.throttle.*,ptolemy.apps.tini.*,ptolemy.apps.transmission.*,ptolemy.apps.vergil.*,ptolemy.apps.waba.*,ptolemy.apps.websensor.*,ptolemy.apps.webstart.*,ptolemy.apps.xsl.*,ptolemy.apps.zaurus.*,ptolemy.backtrack.eclipse.plugin.*,ptolemy.backtrack.test.*,ptolemy.codegen.c.actor.lib.oldJavaFiles.*,ptolemy.codegen.dsp.lib.*,ptolemy.codegen.kernel.newInterfaces.*,ptolemy.codegen.lib.*,ptolemy.copernicus.kernel.fragment.*,ptolemy.copernicus.shallow.cg.*,ptolemy.domains.giotto.demo.Hierarchy.Hierarchy.*,ptolemy.domains.giotto.demo.Multimode.Multimode.*,ptolemy.domains.giotto.demo.Simple.Simple.*,ptolemy.domains.gr.lib.experimental.*,ptolemy.domains.gro.*,ptolemy.domains.pdf.*,ptolemy.domains.ptinyos.demo.Surge.output.*,ptolemy.moml.test.NoPackageActor.java*,ptolemy.plot.adm.*,ptolemy.plot.servlet.*,reports.*,signed.*,src.*,target.*,vendors.*,ptolemy.cg.adapter.generic.program.procedural.c.mbed*,ptolemy.actor.lib.fmi.fmus.omc*,ptolemy.domains.openmodelica*,ptdb.kernel.bl.save.test.*,ptdb.kernel.bl.load.test.*,ptdb.kernel.bl.search.test.*,ptdb.kernel.bl.migration.test.*,ptdb.kernel.database.test.*,ptdb.test.*,ptdb.gui.test.*,org.ptolemy.scala.*,diva.util.java2d.svg.*,ptolemy.domains.ptinyos.*,ptolemy.actor.lib.fmi.fmipp.*,,org.terraswarm.accessor.accessors.web.node_modules.*,org.terraswarm.accessor.accessors-svn,ptolemy.apps.*,ptolemy.actor.ptalon.demo.ptinyos.SendAndReceiveCnt.output,ptolemy.actor.ptalon.demo.ptinyos.SenseToLeds.output,ptolemy.domains.ptinyos.demo.CntToLedsAndRfm.output,ptolemy.domains.ptinyos.demo.RfmToLeds.output,ptolemy.domains.ptinyos.demo.SendAndReceiveCnt.output,ptolemy.domains.ptinyos.demo.SenseToLeds.output,ptolemy.actor.lib.jjs.modules.udpSocket.*" />
    <property name="env.JAVA_HOME" value="/usr/lib/jvm/java-8-oracle" />
    <property name="env.PTII" value="/home/travis/build/icyphy/ptII" />
    <property name="env.TRAVIS_COMMIT_MESSAGE" value="Removed mention of /js/ demos that are no longer listed in whatsNew10.0.htm" />
    <property name="keystore" value="ptKeystore" />
    <property name="env.XDG_SESSION_ID" value="2" />
    <property name="junit.output.dir" value="/home/travis/build/icyphy/ptII/reports/junit" />
    <property name="npm.return.code" value="0" />
    <property name="user.dir" value="/home/travis/build/icyphy/ptII/ptolemy/actor/lib/test" />
    <property name="env.TRAVIS_NODE_VERSION" value="7" />
    <property name="env.XFILESEARCHPATH" value="/usr/dt/app-defaults/%L/Dt" />
    <property name="env.TRAVIS_EVENT_TYPE" value="push" />
    <property name="env.MAIL" value="/var/mail/travis" />
    <property name="env.PWD" value="/home/travis/build/icyphy/ptII" />
    <property name="env.PERLBREW_ROOT" value="/home/travis/perl5/perlbrew" />
    <property name="timeout.npm" value="45000" />
    <property name="env.PAGER" value="cat" />
    <property name="sun.cpu.endian" value="little" />
    <property name="env.TRAVIS_BUILD_STAGE_NAME" value="Test" />
    <property name="env.PERLBREW_HOME" value="/home/travis/.perlbrew" />
    <property name="env.RAILS_ENV" value="test" />
    <property name="java.vm.version" value="25.151-b12" />
    <property name="java.class.path" value="/home/travis/.ptolemyII:/home/travis/.ptolemyII/*:/home/travis/build/icyphy/ptII:/home/travis/build/icyphy/ptII/lib/bsh-2.0b4.jar:/home/travis/build/icyphy/ptII/lib/ptCal.jar:/home/travis/build/icyphy/ptII/lib/java_cup.jar:/home/travis/build/icyphy/ptII/lib/saxon8.jar:/home/travis/build/icyphy/ptII/lib/saxon8-dom.jar:/home/travis/build/icyphy/ptII/lib/chic.jar:/home/travis/build/icyphy/ptII/lib/ptcolt.jar:/usr/lib/jvm/java-8-oracle/lib/tools.jar:/usr/lib/eclipse/plugins/org.eclipse.jdt.core_3.8.2.dist.jar:/usr/lib/eclipse/plugins/org.eclipse.core.runtime_3.8.0.dist.jar:/usr/lib/eclipse/plugins/org.eclipse.osgi_3.8.1.dist.jar:/usr/lib/eclipse/plugins/org.eclipse.core.resources_3.8.1.dist.jar:/usr/lib/eclipse/plugins/org.eclipse.equinox.common_3.6.100.dist.jar:/usr/lib/eclipse/plugins/org.eclipse.core.jobs_3.5.200.dist.jar:/usr/lib/eclipse/plugins/org.eclipse.core.contenttype_3.4.200.dist.jar:/usr/lib/eclipse/plugins/org.eclipse.equinox.preferences_3.5.0.dist.jar:/usr/lib/eclipse/plugins/org.eclipse.text_3.5.200.dist.jar:/usr/lib/eclipse/plugins/org.eclipse.ui.workbench_3.8.1.dist.jar:/usr/lib/eclipse/plugins/org.eclipse.jface_3.8.0.dist.jar:/usr/lib/eclipse/plugins/org.eclipse.swt_3.8.2.jar:/usr/lib/eclipse/plugins/org.eclipse.jface.text_3.8.1.dist.jar:/usr/lib/eclipse/plugins/org.eclipse.ui.workbench.texteditor_3.8.0.dist.jar:/usr/lib/eclipse/plugins/org.eclipse.ui.editors_3.8.0.dist.jar:/usr/lib/eclipse/plugins/org.eclipse.core.commands_3.6.1.dist.jar:/usr/lib/eclipse/plugins/org.eclipse.equinox.registry_3.5.200.dist.jar:/usr/lib/eclipse/plugins/org.eclipse.ui.console_3.5.100.dist.jar:/usr/lib/eclipse/plugins/org.eclipse.ui.forms_3.5.200.dist.jar:/usr/lib/eclipse/plugins/org.eclipse.ui.ide_3.8.1.dist.jar:/home/travis/build/icyphy/ptII/vendors/oracle/dbxml.jar:/home/travis/build/icyphy/ptII/vendors/oracle/db.jar:/home/travis/build/icyphy/ptII/vendors/misc/itext/iText.jar:/home/travis/build/icyphy/ptII/lib/g4ltl.jar:/home/travis/build/icyphy/ptII/lib/StructuralCoder.jar:/home/travis/build/icyphy/ptII/lib/org-openide-util.jar:/home/travis/build/icyphy/ptII/lib/org-openide-util-lookup.jar:/home/travis/build/icyphy/ptII/lib/org-netbeans-api-visual.jar:/home/travis/build/icyphy/ptII/vendors/jai-1_1_2_01/lib/jai_core.jar:/home/travis/build/icyphy/ptII/vendors/jai-1_1_2_01/lib/jai_codec.jar:/home/travis/build/icyphy/ptII/lib/jcerti.jar:/home/travis/build/icyphy/ptII/lib/smack.jar:/home/travis/build/icyphy/ptII/lib/smackx.jar:/home/travis/build/icyphy/ptII/lib/jetty-all-8.1.5-v20120716.jar:/home/travis/build/icyphy/ptII/lib/javax.servlet-api-3.0.1.jar:/home/travis/build/icyphy/ptII/lib/javax.mail.jar:/home/travis/build/icyphy/ptII/vendors/JMF-2.1.1e/lib/jmf.jar:/home/travis/build/icyphy/ptII/lib/jna-4.0.0-variadic.jar:/home/travis/build/icyphy/ptII/vendors/misc/joystick/Joystick.jar:/home/travis/build/icyphy/ptII/lib/ptjacl.jar:/home/travis/build/icyphy/ptII/lib/jsoup-1.8.2.jar:/home/travis/build/icyphy/ptII/lib/junit-4.8.2.jar:/home/travis/build/icyphy/ptII/lib/JUnitParams-0.4.0.jar:/home/travis/build/icyphy/ptII/ptolemy/actor/lib/excel/jxl.jar:/home/travis/build/icyphy/ptII/lib/jython.jar:/home/travis/build/icyphy/ptII/lib/kieler.jar:/home/travis/build/icyphy/ptII/vendors/opencv/share/OpenCV/java/opencv-341.jar:/home/travis/build/icyphy/ptII/lib/oscP5.jar:/home/travis/build/icyphy/ptII/lib/nrjavaserial-3.11.0.devel.jar:/usr/share/java/j3dcore.jar:/usr/share/java/j3dutils.jar:/usr/share/java/vecmath.jar:/home/travis/build/icyphy/ptII/ptolemy/distributed/jini/jar/jini-core.jar:/home/travis/build/icyphy/ptII/ptolemy/distributed/jini/jar/jini-ext.jar:/home/travis/build/icyphy/ptII/ptolemy/distributed/jini/jar/sun-util.jar:/home/travis/build/icyphy/ptII/lib/protobuf-java-2.4.1.jar:/home/travis/build/icyphy/ptII/lib/org.eclipse.paho.client.mqttv3.jar:/home/travis/build/icyphy/ptII/ptserver/lib/hessian-4.0.7.jar:/home/travis/build/icyphy/ptII/ptserver/lib/wmqtt.jar:/home/travis/build/icyphy/ptII/lib/mapss.jar:/home/travis/build/icyphy/ptII/ptolemy/actor/ptalon/antlr/antlr.jar:/home/travis/build/icyphy/ptII/lib/JRI.jar:/home/travis/build/icyphy/ptII/lib/commons-lang-2.6.jar:/home/travis/build/icyphy/ptII/lib/commons-logging-1.1.1.jar:/home/travis/build/icyphy/ptII/lib/sootclasses.jar:/home/travis/build/icyphy/ptII/ptolemy/actor/lib/database/mysql-connector-java-5.1.6-bin.jar:/home/travis/build/icyphy/ptII/vendors/misc/sphinx4/sphinx4-data-5prealpha.jar:/home/travis/build/icyphy/ptII/vendors/misc/sphinx4/sphinx4-core-5prealpha.jar:/home/travis/build/icyphy/ptII/lib/PDFRenderer.jar:/home/travis/build/icyphy/ptII/lib/svgSalamander.jar:/home/travis/build/icyphy/ptII/lib/rsyntaxtextarea-2.6.0-SNAPSHOT.jar:/home/travis/build/icyphy/ptII/lib/hazelcast-3.8.2.jar:/home/travis/build/icyphy/ptII/lib/jackson-annotations-2.9.0.jar:/home/travis/build/icyphy/ptII/lib/jackson-core-2.9.3.jar:/home/travis/build/icyphy/ptII/lib/jackson-databind-2.9.3.jar:/home/travis/build/icyphy/ptII/lib/netty-buffer-4.1.19.Final.jar:/home/travis/build/icyphy/ptII/lib/netty-codec-4.1.19.Final.jar:/home/travis/build/icyphy/ptII/lib/netty-codec-dns-4.1.19.Final.jar:/home/travis/build/icyphy/ptII/lib/netty-codec-http-4.1.19.Final.jar:/home/travis/build/icyphy/ptII/lib/netty-codec-http2-4.1.19.Final.jar:/home/travis/build/icyphy/ptII/lib/netty-common-4.1.19.Final.jar:/home/travis/build/icyphy/ptII/lib/netty-handler-4.1.19.Final.jar:/home/travis/build/icyphy/ptII/lib/netty-resolver-4.1.19.Final.jar:/home/travis/build/icyphy/ptII/lib/netty-resolver-dns-4.1.19.Final.jar:/home/travis/build/icyphy/ptII/lib/netty-transport-4.1.19.Final.jar:/home/travis/build/icyphy/ptII/lib/vertx-codegen-3.5.1.jar:/home/travis/build/icyphy/ptII/lib/vertx-core-3.5.2-SNAPSHOT.jar:/home/travis/build/icyphy/ptII/lib/vertx-hazelcast-3.5.1.jar:/home/travis/build/icyphy/ptII/lib/vertx-lang-js-3.5.1.jar:/home/travis/build/icyphy/ptII/lib/vertx-service-proxy-3.5.1.jar:/home/travis/build/icyphy/ptII/lib/vertx-web-3.5.1.jar:/home/travis/build/icyphy/ptII/lib/slf4j-api-1.7.13.jar:/home/travis/build/icyphy/ptII/lib/slf4j-simple-1.7.13.jar:/home/travis/build/icyphy/ptII/lib/webcam-capture-0.3.12.jar:/home/travis/build/icyphy/ptII/lib/bridj-0.7.0.jar:/home/travis/build/icyphy/ptII/lib/xbjlib-1.1.0.nrjavaserial.jar:/home/travis/build/icyphy/ptII/ptolemy/moml/test:/home/travis/build/icyphy/ptII/ant/lib/ant-launcher.jar:/home/travis/build/icyphy/ptII/ant/lib/ant.jar:/home/travis/build/icyphy/ptII/ant/lib/ant-junit.jar:/home/travis/build/icyphy/ptII/ant/lib/ant-junit4.jar" />
    <property name="ant.library.dir" value="/home/travis/build/icyphy/ptII/ant/lib" />
    <property name="os.arch" value="amd64" />
    <property name="env.TRAVIS_LANGUAGE" value="node_js" />
    <property name="env.CONTINUOUS_INTEGRATION" value="true" />
    <property name="env.TRAVIS_STACK_LANGUAGES" value="__garnet__ c c++ clojure cplusplus cpp default go groovy java node_js php pure_java python ruby scala" />
    <property name="test.name" value="ptolemy.actor.lib.test.junit.JUnitTclTest" />
    <property name="sun.java.launcher" value="SUN_STANDARD" />
    <property name="env.PYTHON_CONFIGURE_OPTS" value="--enable-unicode=ucs4 --with-wide-unicode --enable-shared --enable-ipv6 --enable-loadable-sqlite-extensions --with-computed-gotos" />
    <property name="ant.core.lib" value="/home/travis/build/icyphy/ptII/ant/lib/ant.jar" />
    <property name="java.vm.specification.vendor" value="Oracle Corporation" />
    <property name="env.BCVTB_HOME" value="/home/travis/build/icyphy/ptII/lbnl" />
    <property name="file.separator" value="/" />
    <property name="java.runtime.version" value="1.8.0_151-b12" />
    <property name="spotbugs.home" value="/home/travis/build/icyphy/ptII/vendors/spotbugs-3.1.1" />
    <property name="sun.boot.class.path" value="/usr/lib/jvm/java-8-oracle/jre/lib/resources.jar:/usr/lib/jvm/java-8-oracle/jre/lib/rt.jar:/usr/lib/jvm/java-8-oracle/jre/lib/sunrsasign.jar:/usr/lib/jvm/java-8-oracle/jre/lib/jsse.jar:/usr/lib/jvm/java-8-oracle/jre/lib/jce.jar:/usr/lib/jvm/java-8-oracle/jre/lib/charsets.jar:/usr/lib/jvm/java-8-oracle/jre/lib/jfr.jar:/usr/lib/jvm/java-8-oracle/jre/classes" />
    <property name="env.HAS_JOSH_K_SEAL_OF_APPROVAL" value="true" />
    <property name="env.TRAVIS_OSX_IMAGE" value="" />
    <property name="env.XDG_RUNTIME_DIR" value="/run/user/2000" />
    <property name="env.TRAVIS_BRANCH" value="master" />
    <property name="env.TRAVIS_JOB_ID" value="389982885" />
    <property name="env.CERTI_HOME_TRAVIS" value="/home/travis/pthla/certi-tools" />
    <property name="user.country" value="US" />
    <property name="env.SHELL" value="/bin/bash" />
    <property name="java.maxmemory.large" value="5000m" />
    <property name="model" value="" />
    <property name="env.CASHER_DIR" value="/home/travis/.casher" />
    <property name="env.NVM_CD_FLAGS" value="" />
    <property name="jshint.executable" value="/home/travis/node_modules/jshint/bin/jshint" />
    <property name="java.vendor" value="Oracle Corporation" />
    <property name="env.JRUBY_OPTS" value=" --client -J-XX:+TieredCompilation -J-XX:TieredStopAtLevel=1 -J-Xss2m -Xcompile.invokedynamic=false" />
    <property name="env.TRAVIS_PRE_CHEF_BOOTSTRAP_TIME" value="2017-12-05T19:32:55" />
    <property name="env.TRAVIS_STACK_JOB_BOARD_REGISTER" value="/.job-board-register.yml" />
    <property name="env.ELIXIR_VERSION" value="1.4.5" />
    <property name="java.specification.version" value="1.8" />
    <property name="env.IRBRC" value="/home/travis/.rvm/rubies/ruby-2.4.1/.irbrc" />
    <property name="env.TRAVIS" value="true" />
    <property name="sun.arch.data.model" value="64" />
  </properties>
  <testcase classname="ptolemy.util.test.junit.TclTests" name="[0] /home/travis/build/icyphy/ptII/ptolemy/actor/lib/test/AbsoluteValue.tcl (RunTclFile)" time="0.478" />
  <testcase classname="ptolemy.util.test.junit.TclTests" name="[1] /home/travis/build/icyphy/ptII/ptolemy/actor/lib/test/AddSubtract.tcl (RunTclFile)" time="0.054" />
  <testcase classname="ptolemy.util.test.junit.TclTests" name="[2] /home/travis/build/icyphy/ptII/ptolemy/actor/lib/test/Average.tcl (RunTclFile)" time="0.03" />
  <testcase classname="ptolemy.util.test.junit.TclTests" name="[3] /home/travis/build/icyphy/ptII/ptolemy/actor/lib/test/Bernoulli.tcl (RunTclFile)" time="0.026" />
  <testcase classname="ptolemy.util.test.junit.TclTests" name="[4] /home/travis/build/icyphy/ptII/ptolemy/actor/lib/test/Clock.tcl (RunTclFile)" time="0.081" />
  <testcase classname="ptolemy.util.test.junit.TclTests" name="[5] /home/travis/build/icyphy/ptII/ptolemy/actor/lib/test/Commutator.tcl (RunTclFile)" time="0.132" />
  <testcase classname="ptolemy.util.test.junit.TclTests" name="[6] /home/travis/build/icyphy/ptII/ptolemy/actor/lib/test/Const.tcl (RunTclFile)" time="0.128" />
  <testcase classname="ptolemy.util.test.junit.TclTests" name="[7] /home/travis/build/icyphy/ptII/ptolemy/actor/lib/test/CurrentTime.tcl (RunTclFile)" time="0.028" />
  <testcase classname="ptolemy.util.test.junit.TclTests" name="[8] /home/travis/build/icyphy/ptII/ptolemy/actor/lib/test/DB.tcl (RunTclFile)" time="0.032" />
  <testcase classname="ptolemy.util.test.junit.TclTests" name="[9] /home/travis/build/icyphy/ptII/ptolemy/actor/lib/test/DiscreteRandomSource.tcl (RunTclFile)" time="0.038" />
  <testcase classname="ptolemy.util.test.junit.TclTests" name="[10] /home/travis/build/icyphy/ptII/ptolemy/actor/lib/test/Distributor.tcl (RunTclFile)" time="0.038" />
  <testcase classname="ptolemy.util.test.junit.TclTests" name="[11] /home/travis/build/icyphy/ptII/ptolemy/actor/lib/test/Exit.tcl (RunTclFile)" time="0.052" />
  <testcase classname="ptolemy.util.test.junit.TclTests" name="[12] /home/travis/build/icyphy/ptII/ptolemy/actor/lib/test/Expression.tcl (RunTclFile)" time="0.109" />
  <testcase classname="ptolemy.util.test.junit.TclTests" name="[13] /home/travis/build/icyphy/ptII/ptolemy/actor/lib/test/Gaussian.tcl (RunTclFile)" time="0.489" />
  <testcase classname="ptolemy.util.test.junit.TclTests" name="[14] /home/travis/build/icyphy/ptII/ptolemy/actor/lib/test/IIR.tcl (RunTclFile)" time="0.029" />
  <testcase classname="ptolemy.util.test.junit.TclTests" name="[15] /home/travis/build/icyphy/ptII/ptolemy/actor/lib/test/Interpolator.tcl (RunTclFile)" time="0.076" />
  <testcase classname="ptolemy.util.test.junit.TclTests" name="[16] /home/travis/build/icyphy/ptII/ptolemy/actor/lib/test/MathFunction.tcl (RunTclFile)" time="0.094" />
  <testcase classname="ptolemy.util.test.junit.TclTests" name="[17] /home/travis/build/icyphy/ptII/ptolemy/actor/lib/test/Maximum.tcl (RunTclFile)" time="0.048" />
  <testcase classname="ptolemy.util.test.junit.TclTests" name="[18] /home/travis/build/icyphy/ptII/ptolemy/actor/lib/test/Minimum.tcl (RunTclFile)" time="0.04" />
  <testcase classname="ptolemy.util.test.junit.TclTests" name="[19] /home/travis/build/icyphy/ptII/ptolemy/actor/lib/test/MultiplyDivide.tcl (RunTclFile)" time="0.026" />
  <testcase classname="ptolemy.util.test.junit.TclTests" name="[20] /home/travis/build/icyphy/ptII/ptolemy/actor/lib/test/OrderedMerge.tcl (RunTclFile)" time="0.113" />
  <testcase classname="ptolemy.util.test.junit.TclTests" name="[21] /home/travis/build/icyphy/ptII/ptolemy/actor/lib/test/Publisher.tcl (RunTclFile)" time="0.786" />
  <testcase classname="ptolemy.util.test.junit.TclTests" name="[22] /home/travis/build/icyphy/ptII/ptolemy/actor/lib/test/Pulse.tcl (RunTclFile)" time="0.066" />
  <testcase classname="ptolemy.util.test.junit.TclTests" name="[23] /home/travis/build/icyphy/ptII/ptolemy/actor/lib/test/Ramp.tcl (RunTclFile)" time="1.848" />
  <testcase classname="ptolemy.util.test.junit.TclTests" name="[24] /home/travis/build/icyphy/ptII/ptolemy/actor/lib/test/RampContinuous.tcl (RunTclFile)" time="0.022" />
  <testcase classname="ptolemy.util.test.junit.TclTests" name="[25] /home/travis/build/icyphy/ptII/ptolemy/actor/lib/test/RecordAssembler.tcl (RunTclFile)" time="0.019" />
  <testcase classname="ptolemy.util.test.junit.TclTests" name="[26] /home/travis/build/icyphy/ptII/ptolemy/actor/lib/test/RecordDisassembler.tcl (RunTclFile)" time="0.025" />
  <testcase classname="ptolemy.util.test.junit.TclTests" name="[27] /home/travis/build/icyphy/ptII/ptolemy/actor/lib/test/Scale.tcl (RunTclFile)" time="0.031" />
  <testcase classname="ptolemy.util.test.junit.TclTests" name="[28] /home/travis/build/icyphy/ptII/ptolemy/actor/lib/test/SequentialClock.tcl (RunTclFile)" time="0.018" />
  <testcase classname="ptolemy.util.test.junit.TclTests" name="[29] /home/travis/build/icyphy/ptII/ptolemy/actor/lib/test/SetVariable.tcl (RunTclFile)" time="0.011" />
  <testcase classname="ptolemy.util.test.junit.TclTests" name="[30] /home/travis/build/icyphy/ptII/ptolemy/actor/lib/test/Sinewave.tcl (RunTclFile)" time="0.026" />
  <testcase classname="ptolemy.util.test.junit.TclTests" name="[31] /home/travis/build/icyphy/ptII/ptolemy/actor/lib/test/SubscriptionAggregator.tcl (RunTclFile)" time="1.729" />
  <testcase classname="ptolemy.util.test.junit.TclTests" name="[32] /home/travis/build/icyphy/ptII/ptolemy/actor/lib/test/Test.tcl (RunTclFile)" time="0.063" />
  <testcase classname="ptolemy.util.test.junit.TclTests" name="[33] /home/travis/build/icyphy/ptII/ptolemy/actor/lib/test/TestExceptionHandler.tcl (RunTclFile)" time="0.01" />
  <testcase classname="ptolemy.util.test.junit.TclTests" name="[34] /home/travis/build/icyphy/ptII/ptolemy/actor/lib/test/UnionDisassembler.tcl (RunTclFile)" time="0.041" />
  <testcase classname="ptolemy.util.test.junit.TclTests" name="[35] /home/travis/build/icyphy/ptII/ptolemy/actor/lib/test/VariableClock.tcl (RunTclFile)" time="0.015" />
  <testcase classname="ptolemy.util.test.junit.AutoKnownFailedTests" name="[0] /home/travis/build/icyphy/ptII/ptolemy/actor/lib/test/auto/knownFailedTests/PublisherPortToplevelSubscriber.xml (RunModel)" time="0.014" />
  <testcase classname="ptolemy.util.test.junit.AutoKnownFailedTests" name="[1] /home/travis/build/icyphy/ptII/ptolemy/actor/lib/test/auto/knownFailedTests/PublisherSubscriberPortToplevel.xml (RunModel)" time="0.013" />
  <testcase classname="ptolemy.util.test.junit.AutoKnownFailedTests" name="[2] /home/travis/build/icyphy/ptII/ptolemy/actor/lib/test/auto/knownFailedTests/PublisherSubscriptionAggregatorPort.xml (RunModel)" time="0.013" />
  <testcase classname="ptolemy.util.test.junit.AutoKnownFailedTests" name="[3] /home/travis/build/icyphy/ptII/ptolemy/actor/lib/test/auto/knownFailedTests/sizedarray3.xml (RunModel)" time="0.017" />
  <testcase classname="ptolemy.util.test.junit.AutoNameArchTests" name="[0] ThereAreNoAutoArchTests (RunModel)" time="0.001" />
  <testcase classname="ptolemy.util.test.junit.AutoTests" name="[0] /home/travis/build/icyphy/ptII/ptolemy/actor/lib/test/auto/AbsoluteValue.xml (RunModel)" time="0.116" />
  <testcase classname="ptolemy.util.test.junit.AutoTests" name="[1] /home/travis/build/icyphy/ptII/ptolemy/actor/lib/test/auto/AbsoluteValue2.xml (RunModel)" time="0.067" />
  <testcase classname="ptolemy.util.test.junit.AutoTests" name="[2] /home/travis/build/icyphy/ptII/ptolemy/actor/lib/test/auto/Accumulator.xml (RunModel)" time="0.069" />
  <testcase classname="ptolemy.util.test.junit.AutoTests" name="[3] /home/travis/build/icyphy/ptII/ptolemy/actor/lib/test/auto/Accumulator2.xml (RunModel)" time="0.046" />
  <testcase classname="ptolemy.util.test.junit.AutoTests" name="[4] /home/travis/build/icyphy/ptII/ptolemy/actor/lib/test/auto/Accumulator3.xml (RunModel)" time="0.082" />
  <testcase classname="ptolemy.util.test.junit.AutoTests" name="[5] /home/travis/build/icyphy/ptII/ptolemy/actor/lib/test/auto/ArrayAppend.xml (RunModel)" time="0.023" />
  <testcase classname="ptolemy.util.test.junit.AutoTests" name="[6] /home/travis/build/icyphy/ptII/ptolemy/actor/lib/test/auto/ArrayAppend2.xml (RunModel)" time="0.411" />
  <testcase classname="ptolemy.util.test.junit.AutoTests" name="[7] /home/travis/build/icyphy/ptII/ptolemy/actor/lib/test/auto/ArrayAppend3.xml (RunModel)" time="0.036" />
  <testcase classname="ptolemy.util.test.junit.AutoTests" name="[8] /home/travis/build/icyphy/ptII/ptolemy/actor/lib/test/auto/ArrayAppend4.xml (RunModel)" time="0.024" />
  <testcase classname="ptolemy.util.test.junit.AutoTests" name="[9] /home/travis/build/icyphy/ptII/ptolemy/actor/lib/test/auto/ArrayAppend5.xml (RunModel)" time="0.034" />
  <testcase classname="ptolemy.util.test.junit.AutoTests" name="[10] /home/travis/build/icyphy/ptII/ptolemy/actor/lib/test/auto/ArrayAppend6.xml (RunModel)" time="0.028" />
  <testcase classname="ptolemy.util.test.junit.AutoTests" name="[11] /home/travis/build/icyphy/ptII/ptolemy/actor/lib/test/auto/ArrayAppendPerformanceTest.xml (RunModel)" time="0.048" />
  <testcase classname="ptolemy.util.test.junit.AutoTests" name="[12] /home/travis/build/icyphy/ptII/ptolemy/actor/lib/test/auto/ArrayAppendWithEmptyInput.xml (RunModel)" time="0.067" />
  <testcase classname="ptolemy.util.test.junit.AutoTests" name="[13] /home/travis/build/icyphy/ptII/ptolemy/actor/lib/test/auto/ArrayAverage.xml (RunModel)" time="0.06" />
  <testcase classname="ptolemy.util.test.junit.AutoTests" name="[14] /home/travis/build/icyphy/ptII/ptolemy/actor/lib/test/auto/ArrayContains.xml (RunModel)" time="0.031" />
  <testcase classname="ptolemy.util.test.junit.AutoTests" name="[15] /home/travis/build/icyphy/ptII/ptolemy/actor/lib/test/auto/ArrayElement.xml (RunModel)" time="0.031" />
  <testcase classname="ptolemy.util.test.junit.AutoTests" name="[16] /home/travis/build/icyphy/ptII/ptolemy/actor/lib/test/auto/ArrayElementAsMatrix.xml (RunModel)" time="0.071" />
  <testcase classname="ptolemy.util.test.junit.AutoTests" name="[17] /home/travis/build/icyphy/ptII/ptolemy/actor/lib/test/auto/ArrayElementI.xml (RunModel)" time="0.013" />
  <testcase classname="ptolemy.util.test.junit.AutoTests" name="[18] /home/travis/build/icyphy/ptII/ptolemy/actor/lib/test/auto/ArrayExtract.xml (RunModel)" time="0.038" />
  <testcase classname="ptolemy.util.test.junit.AutoTests" name="[19] /home/travis/build/icyphy/ptII/ptolemy/actor/lib/test/auto/ArrayExtract2.xml (RunModel)" time="0.02" />
  <testcase classname="ptolemy.util.test.junit.AutoTests" name="[20] /home/travis/build/icyphy/ptII/ptolemy/actor/lib/test/auto/ArrayLength.xml (RunModel)" time="0.031" />
  <testcase classname="ptolemy.util.test.junit.AutoTests" name="[21] /home/travis/build/icyphy/ptII/ptolemy/actor/lib/test/auto/ArrayLevelCrossing.xml (RunModel)" time="0.026" />
  <testcase classname="ptolemy.util.test.junit.AutoTests" name="[22] /home/travis/build/icyphy/ptII/ptolemy/actor/lib/test/auto/ArrayLevelCrossing2.xml (RunModel)" time="0.027" />
  <testcase classname="ptolemy.util.test.junit.AutoTests" name="[23] /home/travis/build/icyphy/ptII/ptolemy/actor/lib/test/auto/ArrayPeakSearch.xml (RunModel)" time="0.056" />
  <testcase classname="ptolemy.util.test.junit.AutoTests" name="[24] /home/travis/build/icyphy/ptII/ptolemy/actor/lib/test/auto/ArrayPeakSearch2.xml (RunModel)" time="0.038" />
  <testcase classname="ptolemy.util.test.junit.AutoTests" name="[25] /home/travis/build/icyphy/ptII/ptolemy/actor/lib/test/auto/ArrayPeakSearch3.xml (RunModel)" time="0.034" />
  <testcase classname="ptolemy.util.test.junit.AutoTests" name="[26] /home/travis/build/icyphy/ptII/ptolemy/actor/lib/test/auto/ArrayRemoveElement.xml (RunModel)" time="0.034" />
  <testcase classname="ptolemy.util.test.junit.AutoTests" name="[27] /home/travis/build/icyphy/ptII/ptolemy/actor/lib/test/auto/ArraySort.xml (RunModel)" time="0.037" />
  <testcase classname="ptolemy.util.test.junit.AutoTests" name="[28] /home/travis/build/icyphy/ptII/ptolemy/actor/lib/test/auto/ArraySum.xml (RunModel)" time="0.022" />
  <testcase classname="ptolemy.util.test.junit.AutoTests" name="[29] /home/travis/build/icyphy/ptII/ptolemy/actor/lib/test/auto/ArrayToElements.xml (RunModel)" time="0.022" />
  <testcase classname="ptolemy.util.test.junit.AutoTests" name="[30] /home/travis/build/icyphy/ptII/ptolemy/actor/lib/test/auto/ArrayToMatrix.xml (RunModel)" time="0.059" />
  <testcase classname="ptolemy.util.test.junit.AutoTests" name="[31] /home/travis/build/icyphy/ptII/ptolemy/actor/lib/test/auto/ArrayUpdate1.xml (RunModel)" time="0.017" />
  <testcase classname="ptolemy.util.test.junit.AutoTests" name="[32] /home/travis/build/icyphy/ptII/ptolemy/actor/lib/test/auto/ArrayUpdate2.xml (RunModel)" time="0.022" />
  <testcase classname="ptolemy.util.test.junit.AutoTests" name="[33] /home/travis/build/icyphy/ptII/ptolemy/actor/lib/test/auto/ArrayUpdate3.xml (RunModel)" time="0.016" />
  <testcase classname="ptolemy.util.test.junit.AutoTests" name="[34] /home/travis/build/icyphy/ptII/ptolemy/actor/lib/test/auto/Assert1.xml (RunModel)" time="0.027" />
  <testcase classname="ptolemy.util.test.junit.AutoTests" name="[35] /home/travis/build/icyphy/ptII/ptolemy/actor/lib/test/auto/Assert2.xml (RunModel)" time="0.016" />
  <testcase classname="ptolemy.util.test.junit.AutoTests" name="[36] /home/travis/build/icyphy/ptII/ptolemy/actor/lib/test/auto/BooleanMultiplexor.xml (RunModel)" time="0.013" />
  <testcase classname="ptolemy.util.test.junit.AutoTests" name="[37] /home/travis/build/icyphy/ptII/ptolemy/actor/lib/test/auto/BooleanMultiplexor2.xml (RunModel)" time="0.015" />
  <testcase classname="ptolemy.util.test.junit.AutoTests" name="[38] /home/travis/build/icyphy/ptII/ptolemy/actor/lib/test/auto/BooleanMultiplexor3.xml (RunModel)" time="0.01" />
  <testcase classname="ptolemy.util.test.junit.AutoTests" name="[39] /home/travis/build/icyphy/ptII/ptolemy/actor/lib/test/auto/BooleanSelect.xml (RunModel)" time="0.092" />
  <testcase classname="ptolemy.util.test.junit.AutoTests" name="[40] /home/travis/build/icyphy/ptII/ptolemy/actor/lib/test/auto/BooleanSelect2.xml (RunModel)" time="0.028" />
  <testcase classname="ptolemy.util.test.junit.AutoTests" name="[41] /home/travis/build/icyphy/ptII/ptolemy/actor/lib/test/auto/BooleanSwitch.xml (RunModel)" time="0.015" />
  <testcase classname="ptolemy.util.test.junit.AutoTests" name="[42] /home/travis/build/icyphy/ptII/ptolemy/actor/lib/test/auto/BooleanSwitch2.xml (RunModel)" time="0.011" />
  <testcase classname="ptolemy.util.test.junit.AutoTests" name="[43] /home/travis/build/icyphy/ptII/ptolemy/actor/lib/test/auto/BooleanSwitchCloningBugWithClassRelationGroup.xml (RunModel)" time="0.019" />
  <testcase classname="ptolemy.util.test.junit.AutoTests" name="[44] /home/travis/build/icyphy/ptII/ptolemy/actor/lib/test/auto/BusActors.xml (RunModel)" time="0.023" />
  <testcase classname="ptolemy.util.test.junit.AutoTests" name="[45] /home/travis/build/icyphy/ptII/ptolemy/actor/lib/test/auto/ClassWrapper.xml (RunModel)" time="0.01" />
  <testcase classname="ptolemy.util.test.junit.AutoTests" name="[46] /home/travis/build/icyphy/ptII/ptolemy/actor/lib/test/auto/Clock.xml (RunModel)" time="0.007" />
  <testcase classname="ptolemy.util.test.junit.AutoTests" name="[47] /home/travis/build/icyphy/ptII/ptolemy/actor/lib/test/auto/Clock10.xml (RunModel)" time="0.012" />
  <testcase classname="ptolemy.util.test.junit.AutoTests" name="[48] /home/travis/build/icyphy/ptII/ptolemy/actor/lib/test/auto/Clock11.xml (RunModel)" time="0.011" />
  <testcase classname="ptolemy.util.test.junit.AutoTests" name="[49] /home/travis/build/icyphy/ptII/ptolemy/actor/lib/test/auto/Clock12.xml (RunModel)" time="0.012" />
  <testcase classname="ptolemy.util.test.junit.AutoTests" name="[50] /home/travis/build/icyphy/ptII/ptolemy/actor/lib/test/auto/Clock13.xml (RunModel)" time="0.015" />
  <testcase classname="ptolemy.util.test.junit.AutoTests" name="[51] /home/travis/build/icyphy/ptII/ptolemy/actor/lib/test/auto/Clock14.xml (RunModel)" time="0.015" />
  <testcase classname="ptolemy.util.test.junit.AutoTests" name="[52] /home/travis/build/icyphy/ptII/ptolemy/actor/lib/test/auto/Clock15.xml (RunModel)" time="0.016" />
  <testcase classname="ptolemy.util.test.junit.AutoTests" name="[53] /home/travis/build/icyphy/ptII/ptolemy/actor/lib/test/auto/Clock16.xml (RunModel)" time="0.087" />
  <testcase classname="ptolemy.util.test.junit.AutoTests" name="[54] /home/travis/build/icyphy/ptII/ptolemy/actor/lib/test/auto/Clock17.xml (RunModel)" time="0.071" />
  <testcase classname="ptolemy.util.test.junit.AutoTests" name="[55] /home/travis/build/icyphy/ptII/ptolemy/actor/lib/test/auto/Clock18.xml (RunModel)" time="0.043" />
  <testcase classname="ptolemy.util.test.junit.AutoTests" name="[56] /home/travis/build/icyphy/ptII/ptolemy/actor/lib/test/auto/Clock19.xml (RunModel)" time="0.049" />
  <testcase classname="ptolemy.util.test.junit.AutoTests" name="[57] /home/travis/build/icyphy/ptII/ptolemy/actor/lib/test/auto/Clock2.xml (RunModel)" time="0.012" />
  <testcase classname="ptolemy.util.test.junit.AutoTests" name="[58] /home/travis/build/icyphy/ptII/ptolemy/actor/lib/test/auto/Clock20.xml (RunModel)" time="0.018" />
  <testcase classname="ptolemy.util.test.junit.AutoTests" name="[59] /home/travis/build/icyphy/ptII/ptolemy/actor/lib/test/auto/Clock21.xml (RunModel)" time="0.014" />
  <testcase classname="ptolemy.util.test.junit.AutoTests" name="[60] /home/travis/build/icyphy/ptII/ptolemy/actor/lib/test/auto/Clock22.xml (RunModel)" time="0.016" />
  <testcase classname="ptolemy.util.test.junit.AutoTests" name="[61] /home/travis/build/icyphy/ptII/ptolemy/actor/lib/test/auto/Clock23.xml (RunModel)" time="0.018" />
  <testcase classname="ptolemy.util.test.junit.AutoTests" name="[62] /home/travis/build/icyphy/ptII/ptolemy/actor/lib/test/auto/Clock24.xml (RunModel)" time="0.018" />
  <testcase classname="ptolemy.util.test.junit.AutoTests" name="[63] /home/travis/build/icyphy/ptII/ptolemy/actor/lib/test/auto/Clock4.xml (RunModel)" time="0.015" />
  <testcase classname="ptolemy.util.test.junit.AutoTests" name="[64] /home/travis/build/icyphy/ptII/ptolemy/actor/lib/test/auto/Clock5.xml (RunModel)" time="0.011" />
  <testcase classname="ptolemy.util.test.junit.AutoTests" name="[65] /home/travis/build/icyphy/ptII/ptolemy/actor/lib/test/auto/Clock6.xml (RunModel)" time="0.007" />
  <testcase classname="ptolemy.util.test.junit.AutoTests" name="[66] /home/travis/build/icyphy/ptII/ptolemy/actor/lib/test/auto/Clock7.xml (RunModel)" time="0.01" />
  <testcase classname="ptolemy.util.test.junit.AutoTests" name="[67] /home/travis/build/icyphy/ptII/ptolemy/actor/lib/test/auto/Clock8.xml (RunModel)" time="0.017" />
  <testcase classname="ptolemy.util.test.junit.AutoTests" name="[68] /home/travis/build/icyphy/ptII/ptolemy/actor/lib/test/auto/Clock9.xml (RunModel)" time="0.012" />
  <testcase classname="ptolemy.util.test.junit.AutoTests" name="[69] /home/travis/build/icyphy/ptII/ptolemy/actor/lib/test/auto/CommDistDiscard.xml (RunModel)" time="0.019" />
  <testcase classname="ptolemy.util.test.junit.AutoTests" name="[70] /home/travis/build/icyphy/ptII/ptolemy/actor/lib/test/auto/Commutator.xml (RunModel)" time="0.018" />
  <testcase classname="ptolemy.util.test.junit.AutoTests" name="[71] /home/travis/build/icyphy/ptII/ptolemy/actor/lib/test/auto/Commutator2.xml (RunModel)" time="0.011" />
  <testcase classname="ptolemy.util.test.junit.AutoTests" name="[72] /home/travis/build/icyphy/ptII/ptolemy/actor/lib/test/auto/Commutator3.xml (RunModel)" time="0.01" />
  <testcase classname="ptolemy.util.test.junit.AutoTests" name="[73] /home/travis/build/icyphy/ptII/ptolemy/actor/lib/test/auto/Compare.xml (RunModel)" time="0.017" />
  <testcase classname="ptolemy.util.test.junit.AutoTests" name="[74] /home/travis/build/icyphy/ptII/ptolemy/actor/lib/test/auto/CompareDE.xml (RunModel)" time="0.016" />
  <testcase classname="ptolemy.util.test.junit.AutoTests" name="[75] /home/travis/build/icyphy/ptII/ptolemy/actor/lib/test/auto/ComplexDivide.xml (RunModel)" time="0.011" />
  <testcase classname="ptolemy.util.test.junit.AutoTests" name="[76] /home/travis/build/icyphy/ptII/ptolemy/actor/lib/test/auto/ComputeHistogram.xml (RunModel)" time="0.076" />
  <testcase classname="ptolemy.util.test.junit.AutoTests" name="[77] /home/travis/build/icyphy/ptII/ptolemy/actor/lib/test/auto/ConfigurationSelect.xml (RunModel)" time="0.02" />
  <testcase classname="ptolemy.util.test.junit.AutoTests" name="[78] /home/travis/build/icyphy/ptII/ptolemy/actor/lib/test/auto/ConfigurationSelect2.xml (RunModel)" time="0.015" />
  <testcase classname="ptolemy.util.test.junit.AutoTests" name="[79] /home/travis/build/icyphy/ptII/ptolemy/actor/lib/test/auto/ConfigurationSwitch.xml (RunModel)" time="0.024" />
  <testcase classname="ptolemy.util.test.junit.AutoTests" name="[80] /home/travis/build/icyphy/ptII/ptolemy/actor/lib/test/auto/ConfigurationSwitch2.xml (RunModel)" time="0.018" />
  <testcase classname="ptolemy.util.test.junit.AutoTests" name="[81] /home/travis/build/icyphy/ptII/ptolemy/actor/lib/test/auto/ConfigurationSwitchCloningBugWithClassRelationGroup.xml (RunModel)" time="0.02" />
  <testcase classname="ptolemy.util.test.junit.AutoTests" name="[82] /home/travis/build/icyphy/ptII/ptolemy/actor/lib/test/auto/ConfigurationSwitchSelectSDF.xml (RunModel)" time="0.015" />
  <testcase classname="ptolemy.util.test.junit.AutoTests" name="[83] /home/travis/build/icyphy/ptII/ptolemy/actor/lib/test/auto/ConfigurationSwitchSelectSDF2.xml (RunModel)" time="0.014" />
  <testcase classname="ptolemy.util.test.junit.AutoTests" name="[84] /home/travis/build/icyphy/ptII/ptolemy/actor/lib/test/auto/Const.xml (RunModel)" time="0.007" />
  <testcase classname="ptolemy.util.test.junit.AutoTests" name="[85] /home/travis/build/icyphy/ptII/ptolemy/actor/lib/test/auto/Const2.xml (RunModel)" time="0.01" />
  <testcase classname="ptolemy.util.test.junit.AutoTests" name="[86] /home/travis/build/icyphy/ptII/ptolemy/actor/lib/test/auto/Const3.xml (RunModel)" time="0.01" />
  <testcase classname="ptolemy.util.test.junit.AutoTests" name="[87] /home/travis/build/icyphy/ptII/ptolemy/actor/lib/test/auto/ConstantPublisherPort1.xml (RunModel)" time="0.022" />
  <testcase classname="ptolemy.util.test.junit.AutoTests" name="[88] /home/travis/build/icyphy/ptII/ptolemy/actor/lib/test/auto/ConstantPublisherPort2.xml (RunModel)" time="0.024" />
  <testcase classname="ptolemy.util.test.junit.AutoTests" name="[89] /home/travis/build/icyphy/ptII/ptolemy/actor/lib/test/auto/ConstantPublisherPort3.xml (RunModel)" time="0.019" />
  <testcase classname="ptolemy.util.test.junit.AutoTests" name="[90] /home/travis/build/icyphy/ptII/ptolemy/actor/lib/test/auto/ConstantPublisherPort4.xml (RunModel)" time="0.016" />
  <testcase classname="ptolemy.util.test.junit.AutoTests" name="[91] /home/travis/build/icyphy/ptII/ptolemy/actor/lib/test/auto/ConstantPublisherPort5.xml (RunModel)" time="0.04" />
  <testcase classname="ptolemy.util.test.junit.AutoTests" name="[92] /home/travis/build/icyphy/ptII/ptolemy/actor/lib/test/auto/ConstantPublisherPort6.xml (RunModel)" time="0.021" />
  <testcase classname="ptolemy.util.test.junit.AutoTests" name="[93] /home/travis/build/icyphy/ptII/ptolemy/actor/lib/test/auto/ConstantPublisherPort7.xml (RunModel)" time="0.074">
    <error type="java.lang.reflect.InvocationTargetException">java.lang.reflect.InvocationTargetException
	at java.lang.reflect.Constructor.newInstance(Constructor.java:423)
	at ptolemy.util.test.junit.AutoTests.RunModel(AutoTests.java:196)
	at junitparams.internal.InvokeParameterisedMethod.evaluate(InvokeParameterisedMethod.java:102)
Caused by: ptolemy.kernel.util.IllegalActionException: Exceptions occurred during wrapup:
ptolemy.kernel.util.IllegalActionException: The test produced only 0 tokens, yet the correctValues parameter was expecting 5 tokens.
  in .ConstantPublisherPort7.B.Test

  in .ConstantPublisherPort7.B.SDF Director
Because:
The test produced only 0 tokens, yet the correctValues parameter was expecting 5 tokens.
  in .ConstantPublisherPort7.B.Test
	at ptolemy.actor.Director.wrapup(Director.java:1736)
	at ptolemy.actor.CompositeActor.wrapup(CompositeActor.java:2735)
	at ptolemy.actor.process.ProcessThread.wrapup(ProcessThread.java:304)
	at ptolemy.actor.process.ProcessThread.run(ProcessThread.java:231)
Caused by: ptolemy.kernel.util.IllegalActionException: The test produced only 0 tokens, yet the correctValues parameter was expecting 5 tokens.
  in .ConstantPublisherPort7.B.Test
	at ptolemy.actor.lib.NonStrictTest.wrapup(NonStrictTest.java:410)
	at ptolemy.actor.Director.wrapup(Director.java:1722)
</error>
  </testcase>
  <testcase classname="ptolemy.util.test.junit.AutoTests" name="[94] /home/travis/build/icyphy/ptII/ptolemy/actor/lib/test/auto/ConstraintMonitor1.xml (RunModel)" time="0.04" />
  <testcase classname="ptolemy.util.test.junit.AutoTests" name="[95] /home/travis/build/icyphy/ptII/ptolemy/actor/lib/test/auto/ConstraintMonitor2.xml (RunModel)" time="0.014" />
  <testcase classname="ptolemy.util.test.junit.AutoTests" name="[96] /home/travis/build/icyphy/ptII/ptolemy/actor/lib/test/auto/ConstraintMonitor3.xml (RunModel)" time="0.018" />
  <testcase classname="ptolemy.util.test.junit.AutoTests" name="[97] /home/travis/build/icyphy/ptII/ptolemy/actor/lib/test/auto/ConstraintMonitor4.xml (RunModel)" time="0.013" />
  <testcase classname="ptolemy.util.test.junit.AutoTests" name="[98] /home/travis/build/icyphy/ptII/ptolemy/actor/lib/test/auto/ConstraintMonitor5.xml (RunModel)" time="0.015" />
  <testcase classname="ptolemy.util.test.junit.AutoTests" name="[99] /home/travis/build/icyphy/ptII/ptolemy/actor/lib/test/auto/ConstraintMonitor6.xml (RunModel)" time="0.013" />
  <testcase classname="ptolemy.util.test.junit.AutoTests" name="[100] /home/travis/build/icyphy/ptII/ptolemy/actor/lib/test/auto/ConstraintMonitor7.xml (RunModel)" time="0.016" />
  <testcase classname="ptolemy.util.test.junit.AutoTests" name="[101] /home/travis/build/icyphy/ptII/ptolemy/actor/lib/test/auto/ConstraintMonitor8.xml (RunModel)" time="0.013" />
  <testcase classname="ptolemy.util.test.junit.AutoTests" name="[102] /home/travis/build/icyphy/ptII/ptolemy/actor/lib/test/auto/Counter.xml (RunModel)" time="0.012" />
  <testcase classname="ptolemy.util.test.junit.AutoTests" name="[103] /home/travis/build/icyphy/ptII/ptolemy/actor/lib/test/auto/CurrentTimeSDF.xml (RunModel)" time="0.008" />
  <testcase classname="ptolemy.util.test.junit.AutoTests" name="[104] /home/travis/build/icyphy/ptII/ptolemy/actor/lib/test/auto/DB.xml (RunModel)" time="0.01" />
  <testcase classname="ptolemy.util.test.junit.AutoTests" name="[105] /home/travis/build/icyphy/ptII/ptolemy/actor/lib/test/auto/DBDE.xml (RunModel)" time="0.012" />
  <testcase classname="ptolemy.util.test.junit.AutoTests" name="[106] /home/travis/build/icyphy/ptII/ptolemy/actor/lib/test/auto/DateConstructor.xml (RunModel)" time="0.042" />
  <testcase classname="ptolemy.util.test.junit.AutoTests" name="[107] /home/travis/build/icyphy/ptII/ptolemy/actor/lib/test/auto/DelayTime.xml (RunModel)" time="0.012" />
  <testcase classname="ptolemy.util.test.junit.AutoTests" name="[108] /home/travis/build/icyphy/ptII/ptolemy/actor/lib/test/auto/Dictionary1.xml (RunModel)" time="0.017" />
  <testcase classname="ptolemy.util.test.junit.AutoTests" name="[109] /home/travis/build/icyphy/ptII/ptolemy/actor/lib/test/auto/Dictionary2.xml (RunModel)" time="0.012" />
  <testcase classname="ptolemy.util.test.junit.AutoTests" name="[110] /home/travis/build/icyphy/ptII/ptolemy/actor/lib/test/auto/Dictionary3.xml (RunModel)" time="0.012" />
  <testcase classname="ptolemy.util.test.junit.AutoTests" name="[111] /home/travis/build/icyphy/ptII/ptolemy/actor/lib/test/auto/Dictionary4.xml (RunModel)" time="0.015" />
  <testcase classname="ptolemy.util.test.junit.AutoTests" name="[112] /home/travis/build/icyphy/ptII/ptolemy/actor/lib/test/auto/Differential.xml (RunModel)" time="0.011" />
  <testcase classname="ptolemy.util.test.junit.AutoTests" name="[113] /home/travis/build/icyphy/ptII/ptolemy/actor/lib/test/auto/Director.xml (RunModel)" time="0.009" />
  <testcase classname="ptolemy.util.test.junit.AutoTests" name="[114] /home/travis/build/icyphy/ptII/ptolemy/actor/lib/test/auto/DiscreteClock.xml (RunModel)" time="0.008" />
  <testcase classname="ptolemy.util.test.junit.AutoTests" name="[115] /home/travis/build/icyphy/ptII/ptolemy/actor/lib/test/auto/DiscreteClock10.xml (RunModel)" time="0.012" />
  <testcase classname="ptolemy.util.test.junit.AutoTests" name="[116] /home/travis/build/icyphy/ptII/ptolemy/actor/lib/test/auto/DiscreteClock11.xml (RunModel)" time="0.011" />
  <testcase classname="ptolemy.util.test.junit.AutoTests" name="[117] /home/travis/build/icyphy/ptII/ptolemy/actor/lib/test/auto/DiscreteClock12.xml (RunModel)" time="0.011" />
  <testcase classname="ptolemy.util.test.junit.AutoTests" name="[118] /home/travis/build/icyphy/ptII/ptolemy/actor/lib/test/auto/DiscreteClock13.xml (RunModel)" time="0.015" />
  <testcase classname="ptolemy.util.test.junit.AutoTests" name="[119] /home/travis/build/icyphy/ptII/ptolemy/actor/lib/test/auto/DiscreteClock14.xml (RunModel)" time="0.013" />
  <testcase classname="ptolemy.util.test.junit.AutoTests" name="[120] /home/travis/build/icyphy/ptII/ptolemy/actor/lib/test/auto/DiscreteClock15.xml (RunModel)" time="0.466" />
  <testcase classname="ptolemy.util.test.junit.AutoTests" name="[121] /home/travis/build/icyphy/ptII/ptolemy/actor/lib/test/auto/DiscreteClock16.xml (RunModel)" time="0.035" />
  <testcase classname="ptolemy.util.test.junit.AutoTests" name="[122] /home/travis/build/icyphy/ptII/ptolemy/actor/lib/test/auto/DiscreteClock17.xml (RunModel)" time="0.037" />
  <testcase classname="ptolemy.util.test.junit.AutoTests" name="[123] /home/travis/build/icyphy/ptII/ptolemy/actor/lib/test/auto/DiscreteClock18.xml (RunModel)" time="0.036" />
  <testcase classname="ptolemy.util.test.junit.AutoTests" name="[124] /home/travis/build/icyphy/ptII/ptolemy/actor/lib/test/auto/DiscreteClock19.xml (RunModel)" time="0.038" />
  <testcase classname="ptolemy.util.test.junit.AutoTests" name="[125] /home/travis/build/icyphy/ptII/ptolemy/actor/lib/test/auto/DiscreteClock2.xml (RunModel)" time="0.012" />
  <testcase classname="ptolemy.util.test.junit.AutoTests" name="[126] /home/travis/build/icyphy/ptII/ptolemy/actor/lib/test/auto/DiscreteClock20.xml (RunModel)" time="0.016" />
  <testcase classname="ptolemy.util.test.junit.AutoTests" name="[127] /home/travis/build/icyphy/ptII/ptolemy/actor/lib/test/auto/DiscreteClock21.xml (RunModel)" time="0.015" />
  <testcase classname="ptolemy.util.test.junit.AutoTests" name="[128] /home/travis/build/icyphy/ptII/ptolemy/actor/lib/test/auto/DiscreteClock22.xml (RunModel)" time="0.013" />
  <testcase classname="ptolemy.util.test.junit.AutoTests" name="[129] /home/travis/build/icyphy/ptII/ptolemy/actor/lib/test/auto/DiscreteClock23.xml (RunModel)" time="0.018" />
  <testcase classname="ptolemy.util.test.junit.AutoTests" name="[130] /home/travis/build/icyphy/ptII/ptolemy/actor/lib/test/auto/DiscreteClock24.xml (RunModel)" time="0.015" />
  <testcase classname="ptolemy.util.test.junit.AutoTests" name="[131] /home/travis/build/icyphy/ptII/ptolemy/actor/lib/test/auto/DiscreteClock4.xml (RunModel)" time="0.015" />
  <testcase classname="ptolemy.util.test.junit.AutoTests" name="[132] /home/travis/build/icyphy/ptII/ptolemy/actor/lib/test/auto/DiscreteClock5.xml (RunModel)" time="0.009" />
  <testcase classname="ptolemy.util.test.junit.AutoTests" name="[133] /home/travis/build/icyphy/ptII/ptolemy/actor/lib/test/auto/DiscreteClock6.xml (RunModel)" time="0.008" />
  <testcase classname="ptolemy.util.test.junit.AutoTests" name="[134] /home/travis/build/icyphy/ptII/ptolemy/actor/lib/test/auto/DiscreteClock7.xml (RunModel)" time="0.009" />
  <testcase classname="ptolemy.util.test.junit.AutoTests" name="[135] /home/travis/build/icyphy/ptII/ptolemy/actor/lib/test/auto/DiscreteClock8.xml (RunModel)" time="0.016" />
  <testcase classname="ptolemy.util.test.junit.AutoTests" name="[136] /home/travis/build/icyphy/ptII/ptolemy/actor/lib/test/auto/DiscreteClock9.xml (RunModel)" time="0.011" />
  <testcase classname="ptolemy.util.test.junit.AutoTests" name="[137] /home/travis/build/icyphy/ptII/ptolemy/actor/lib/test/auto/DisplayArray.xml (RunModel)" time="0.007" />
  <testcase classname="ptolemy.util.test.junit.AutoTests" name="[138] /home/travis/build/icyphy/ptII/ptolemy/actor/lib/test/auto/Distributor.xml (RunModel)" time="0.009" />
  <testcase classname="ptolemy.util.test.junit.AutoTests" name="[139] /home/travis/build/icyphy/ptII/ptolemy/actor/lib/test/auto/Distributor2.xml (RunModel)" time="0.008" />
  <testcase classname="ptolemy.util.test.junit.AutoTests" name="[140] /home/travis/build/icyphy/ptII/ptolemy/actor/lib/test/auto/DownSample.xml (RunModel)" time="0.01" />
  <testcase classname="ptolemy.util.test.junit.AutoTests" name="[141] /home/travis/build/icyphy/ptII/ptolemy/actor/lib/test/auto/ElectronicUnitBase1.xml (RunModel)" time="0.073" />
  <testcase classname="ptolemy.util.test.junit.AutoTests" name="[142] /home/travis/build/icyphy/ptII/ptolemy/actor/lib/test/auto/ElementsToArray.xml (RunModel)" time="0.01" />
  <testcase classname="ptolemy.util.test.junit.AutoTests" name="[143] /home/travis/build/icyphy/ptII/ptolemy/actor/lib/test/auto/Equals.xml (RunModel)" time="0.011" />
  <testcase classname="ptolemy.util.test.junit.AutoTests" name="[144] /home/travis/build/icyphy/ptII/ptolemy/actor/lib/test/auto/Exec.xml (RunModel)" time="0.018" />
  <testcase classname="ptolemy.util.test.junit.AutoTests" name="[145] /home/travis/build/icyphy/ptII/ptolemy/actor/lib/test/auto/ExecEnvironment.xml (RunModel)" time="0.033" />
  <testcase classname="ptolemy.util.test.junit.AutoTests" name="[146] /home/travis/build/icyphy/ptII/ptolemy/actor/lib/test/auto/ExecNonZeroReturnOutput.xml (RunModel)" time="0.15" />
  <testcase classname="ptolemy.util.test.junit.AutoTests" name="[147] /home/travis/build/icyphy/ptII/ptolemy/actor/lib/test/auto/ExecRunDemos.xml (RunModel)" time="9.251" />
  <testcase classname="ptolemy.util.test.junit.AutoTests" name="[148] /home/travis/build/icyphy/ptII/ptolemy/actor/lib/test/auto/ExecStop.xml (RunModel)" time="5.034" />
  <testcase classname="ptolemy.util.test.junit.AutoTests" name="[149] /home/travis/build/icyphy/ptII/ptolemy/actor/lib/test/auto/ExecutionTimePN.xml (RunModel)" time="2.053" />
  <testcase classname="ptolemy.util.test.junit.AutoTests" name="[150] /home/travis/build/icyphy/ptII/ptolemy/actor/lib/test/auto/ExecutionTimeSDF.xml (RunModel)" time="6.033" />
  <testcase classname="ptolemy.util.test.junit.AutoTests" name="[151] /home/travis/build/icyphy/ptII/ptolemy/actor/lib/test/auto/Expression1.xml (RunModel)" time="0.012" />
  <testcase classname="ptolemy.util.test.junit.AutoTests" name="[152] /home/travis/build/icyphy/ptII/ptolemy/actor/lib/test/auto/Expression10.xml (RunModel)" time="0.015" />
  <testcase classname="ptolemy.util.test.junit.AutoTests" name="[153] /home/travis/build/icyphy/ptII/ptolemy/actor/lib/test/auto/Expression11.xml (RunModel)" time="0.012" />
  <testcase classname="ptolemy.util.test.junit.AutoTests" name="[154] /home/travis/build/icyphy/ptII/ptolemy/actor/lib/test/auto/Expression12.xml (RunModel)" time="0.014" />
  <testcase classname="ptolemy.util.test.junit.AutoTests" name="[155] /home/travis/build/icyphy/ptII/ptolemy/actor/lib/test/auto/Expression13.xml (RunModel)" time="0.014" />
  <testcase classname="ptolemy.util.test.junit.AutoTests" name="[156] /home/travis/build/icyphy/ptII/ptolemy/actor/lib/test/auto/Expression14.xml (RunModel)" time="0.029" />
  <testcase classname="ptolemy.util.test.junit.AutoTests" name="[157] /home/travis/build/icyphy/ptII/ptolemy/actor/lib/test/auto/Expression15.xml (RunModel)" time="0.007" />
  <testcase classname="ptolemy.util.test.junit.AutoTests" name="[158] /home/travis/build/icyphy/ptII/ptolemy/actor/lib/test/auto/Expression16.xml (RunModel)" time="0.01" />
  <testcase classname="ptolemy.util.test.junit.AutoTests" name="[159] /home/travis/build/icyphy/ptII/ptolemy/actor/lib/test/auto/Expression17.xml (RunModel)" time="0.009" />
  <testcase classname="ptolemy.util.test.junit.AutoTests" name="[160] /home/travis/build/icyphy/ptII/ptolemy/actor/lib/test/auto/Expression18.xml (RunModel)" time="0.011" />
  <testcase classname="ptolemy.util.test.junit.AutoTests" name="[161] /home/travis/build/icyphy/ptII/ptolemy/actor/lib/test/auto/Expression2.xml (RunModel)" time="0.01" />
  <testcase classname="ptolemy.util.test.junit.AutoTests" name="[162] /home/travis/build/icyphy/ptII/ptolemy/actor/lib/test/auto/Expression3.xml (RunModel)" time="0.01" />
  <testcase classname="ptolemy.util.test.junit.AutoTests" name="[163] /home/travis/build/icyphy/ptII/ptolemy/actor/lib/test/auto/Expression4.xml (RunModel)" time="0.017" />
  <testcase classname="ptolemy.util.test.junit.AutoTests" name="[164] /home/travis/build/icyphy/ptII/ptolemy/actor/lib/test/auto/Expression5.xml (RunModel)" time="0.01" />
  <testcase classname="ptolemy.util.test.junit.AutoTests" name="[165] /home/travis/build/icyphy/ptII/ptolemy/actor/lib/test/auto/Expression6.xml (RunModel)" time="0.008" />
  <testcase classname="ptolemy.util.test.junit.AutoTests" name="[166] /home/travis/build/icyphy/ptII/ptolemy/actor/lib/test/auto/Expression7.xml (RunModel)" time="0.01" />
  <testcase classname="ptolemy.util.test.junit.AutoTests" name="[167] /home/travis/build/icyphy/ptII/ptolemy/actor/lib/test/auto/Expression8.xml (RunModel)" time="0.013" />
  <testcase classname="ptolemy.util.test.junit.AutoTests" name="[168] /home/travis/build/icyphy/ptII/ptolemy/actor/lib/test/auto/Expression9.xml (RunModel)" time="0.008" />
  <testcase classname="ptolemy.util.test.junit.AutoTests" name="[169] /home/travis/build/icyphy/ptII/ptolemy/actor/lib/test/auto/ExpressionConcatenateArrayType.xml (RunModel)" time="0.021" />
  <testcase classname="ptolemy.util.test.junit.AutoTests" name="[170] /home/travis/build/icyphy/ptII/ptolemy/actor/lib/test/auto/ExpressionConcatenateArrayType2.xml (RunModel)" time="0.014" />
  <testcase classname="ptolemy.util.test.junit.AutoTests" name="[171] /home/travis/build/icyphy/ptII/ptolemy/actor/lib/test/auto/ExpressionFix.xml (RunModel)" time="0.023" />
  <testcase classname="ptolemy.util.test.junit.AutoTests" name="[172] /home/travis/build/icyphy/ptII/ptolemy/actor/lib/test/auto/ExpressionFix2.xml (RunModel)" time="0.009" />
  <testcase classname="ptolemy.util.test.junit.AutoTests" name="[173] /home/travis/build/icyphy/ptII/ptolemy/actor/lib/test/auto/ExpressionFix3.xml (RunModel)" time="0.009" />
  <testcase classname="ptolemy.util.test.junit.AutoTests" name="[174] /home/travis/build/icyphy/ptII/ptolemy/actor/lib/test/auto/FileWriter1.xml (RunModel)" time="0.009" />
  <testcase classname="ptolemy.util.test.junit.AutoTests" name="[175] /home/travis/build/icyphy/ptII/ptolemy/actor/lib/test/auto/FileWriter2.xml (RunModel)" time="0.009" />
  <testcase classname="ptolemy.util.test.junit.AutoTests" name="[176] /home/travis/build/icyphy/ptII/ptolemy/actor/lib/test/auto/FileWriter3.xml (RunModel)" time="0.01" />
  <testcase classname="ptolemy.util.test.junit.AutoTests" name="[177] /home/travis/build/icyphy/ptII/ptolemy/actor/lib/test/auto/Gaussian.xml (RunModel)" time="0.009" />
  <testcase classname="ptolemy.util.test.junit.AutoTests" name="[178] /home/travis/build/icyphy/ptII/ptolemy/actor/lib/test/auto/Gaussian1.xml (RunModel)" time="0.011" />
  <testcase classname="ptolemy.util.test.junit.AutoTests" name="[179] /home/travis/build/icyphy/ptII/ptolemy/actor/lib/test/auto/Gaussian2.xml (RunModel)" time="0.013" />
  <testcase classname="ptolemy.util.test.junit.AutoTests" name="[180] /home/travis/build/icyphy/ptII/ptolemy/actor/lib/test/auto/GradientAdaptiveLattice.xml (RunModel)" time="0.013" />
  <testcase classname="ptolemy.util.test.junit.AutoTests" name="[181] /home/travis/build/icyphy/ptII/ptolemy/actor/lib/test/auto/IIR.xml (RunModel)" time="0.009" />
  <testcase classname="ptolemy.util.test.junit.AutoTests" name="[182] /home/travis/build/icyphy/ptII/ptolemy/actor/lib/test/auto/InputOutputTransparentPorts.xml (RunModel)" time="0.019" />
  <testcase classname="ptolemy.util.test.junit.AutoTests" name="[183] /home/travis/build/icyphy/ptII/ptolemy/actor/lib/test/auto/Interpolator.xml (RunModel)" time="0.009" />
  <testcase classname="ptolemy.util.test.junit.AutoTests" name="[184] /home/travis/build/icyphy/ptII/ptolemy/actor/lib/test/auto/InterpolatorFiringLimitDE.xml (RunModel)" time="0.013" />
  <testcase classname="ptolemy.util.test.junit.AutoTests" name="[185] /home/travis/build/icyphy/ptII/ptolemy/actor/lib/test/auto/Lattice.xml (RunModel)" time="0.009" />
  <testcase classname="ptolemy.util.test.junit.AutoTests" name="[186] /home/travis/build/icyphy/ptII/ptolemy/actor/lib/test/auto/LazyAOCTestLazy.xml (RunModel)" time="0.019" />
  <testcase classname="ptolemy.util.test.junit.AutoTests" name="[187] /home/travis/build/icyphy/ptII/ptolemy/actor/lib/test/auto/LazyAOCTestNonLazy.xml (RunModel)" time="0.015" />
  <testcase classname="ptolemy.util.test.junit.AutoTests" name="[188] /home/travis/build/icyphy/ptII/ptolemy/actor/lib/test/auto/LazyInnerClass.xml (RunModel)" time="0.017" />
  <testcase classname="ptolemy.util.test.junit.AutoTests" name="[189] /home/travis/build/icyphy/ptII/ptolemy/actor/lib/test/auto/LazyPubSub.xml (RunModel)" time="0.036" />
  <testcase classname="ptolemy.util.test.junit.AutoTests" name="[190] /home/travis/build/icyphy/ptII/ptolemy/actor/lib/test/auto/LazyPubSub2.xml (RunModel)" time="0.058" />
  <testcase classname="ptolemy.util.test.junit.AutoTests" name="[191] /home/travis/build/icyphy/ptII/ptolemy/actor/lib/test/auto/LazyPubSub3.xml (RunModel)" time="0.06" />
  <testcase classname="ptolemy.util.test.junit.AutoTests" name="[192] /home/travis/build/icyphy/ptII/ptolemy/actor/lib/test/auto/LazySubClassModel.xml (RunModel)" time="0.035" />
  <testcase classname="ptolemy.util.test.junit.AutoTests" name="[193] /home/travis/build/icyphy/ptII/ptolemy/actor/lib/test/auto/LevelCrossTest1.xml (RunModel)" time="0.009" />
  <testcase classname="ptolemy.util.test.junit.AutoTests" name="[194] /home/travis/build/icyphy/ptII/ptolemy/actor/lib/test/auto/LevelCrossTest10.xml (RunModel)" time="0.014" />
  <testcase classname="ptolemy.util.test.junit.AutoTests" name="[195] /home/travis/build/icyphy/ptII/ptolemy/actor/lib/test/auto/LevelCrossTest11.xml (RunModel)" time="0.014" />
  <testcase classname="ptolemy.util.test.junit.AutoTests" name="[196] /home/travis/build/icyphy/ptII/ptolemy/actor/lib/test/auto/LevelCrossTest12.xml (RunModel)" time="0.012" />
  <testcase classname="ptolemy.util.test.junit.AutoTests" name="[197] /home/travis/build/icyphy/ptII/ptolemy/actor/lib/test/auto/LevelCrossTest13.xml (RunModel)" time="0.011" />
  <testcase classname="ptolemy.util.test.junit.AutoTests" name="[198] /home/travis/build/icyphy/ptII/ptolemy/actor/lib/test/auto/LevelCrossTest2.xml (RunModel)" time="0.013" />
  <testcase classname="ptolemy.util.test.junit.AutoTests" name="[199] /home/travis/build/icyphy/ptII/ptolemy/actor/lib/test/auto/LevelCrossTest3.xml (RunModel)" time="0.012" />
  <testcase classname="ptolemy.util.test.junit.AutoTests" name="[200] /home/travis/build/icyphy/ptII/ptolemy/actor/lib/test/auto/LevelCrossTest4.xml (RunModel)" time="0.012" />
  <testcase classname="ptolemy.util.test.junit.AutoTests" name="[201] /home/travis/build/icyphy/ptII/ptolemy/actor/lib/test/auto/LevelCrossTest5.xml (RunModel)" time="0.011" />
  <testcase classname="ptolemy.util.test.junit.AutoTests" name="[202] /home/travis/build/icyphy/ptII/ptolemy/actor/lib/test/auto/LevelCrossTest6.xml (RunModel)" time="0.026" />
  <testcase classname="ptolemy.util.test.junit.AutoTests" name="[203] /home/travis/build/icyphy/ptII/ptolemy/actor/lib/test/auto/LevelCrossTest7.xml (RunModel)" time="0.012" />
  <testcase classname="ptolemy.util.test.junit.AutoTests" name="[204] /home/travis/build/icyphy/ptII/ptolemy/actor/lib/test/auto/LevelCrossTest8.xml (RunModel)" time="0.014" />
  <testcase classname="ptolemy.util.test.junit.AutoTests" name="[205] /home/travis/build/icyphy/ptII/ptolemy/actor/lib/test/auto/LevelCrossTest9.xml (RunModel)" time="0.014" />
  <testcase classname="ptolemy.util.test.junit.AutoTests" name="[206] /home/travis/build/icyphy/ptII/ptolemy/actor/lib/test/auto/LevinsonDurbin.xml (RunModel)" time="0.013" />
  <testcase classname="ptolemy.util.test.junit.AutoTests" name="[207] /home/travis/build/icyphy/ptII/ptolemy/actor/lib/test/auto/LevinsonDurbin2.xml (RunModel)" time="0.008" />
  <testcase classname="ptolemy.util.test.junit.AutoTests" name="[208] /home/travis/build/icyphy/ptII/ptolemy/actor/lib/test/auto/LevinsonDurbin3.xml (RunModel)" time="0.009" />
  <testcase classname="ptolemy.util.test.junit.AutoTests" name="[209] /home/travis/build/icyphy/ptII/ptolemy/actor/lib/test/auto/Limiter.xml (RunModel)" time="0.032" />
  <testcase classname="ptolemy.util.test.junit.AutoTests" name="[210] /home/travis/build/icyphy/ptII/ptolemy/actor/lib/test/auto/LinearDifferenceEquationSystem.xml (RunModel)" time="0.019" />
  <testcase classname="ptolemy.util.test.junit.AutoTests" name="[211] /home/travis/build/icyphy/ptII/ptolemy/actor/lib/test/auto/LookupTable.xml (RunModel)" time="0.009" />
  <testcase classname="ptolemy.util.test.junit.AutoTests" name="[212] /home/travis/build/icyphy/ptII/ptolemy/actor/lib/test/auto/MathFunction.xml (RunModel)" time="0.032" />
  <testcase classname="ptolemy.util.test.junit.AutoTests" name="[213] /home/travis/build/icyphy/ptII/ptolemy/actor/lib/test/auto/MathFunction2.xml (RunModel)" time="0.023" />
  <testcase classname="ptolemy.util.test.junit.AutoTests" name="[214] /home/travis/build/icyphy/ptII/ptolemy/actor/lib/test/auto/MathFunction3.xml (RunModel)" time="0.021" />
  <testcase classname="ptolemy.util.test.junit.AutoTests" name="[215] /home/travis/build/icyphy/ptII/ptolemy/actor/lib/test/auto/MatrixCropBoolean.xml (RunModel)" time="0.012" />
  <testcase classname="ptolemy.util.test.junit.AutoTests" name="[216] /home/travis/build/icyphy/ptII/ptolemy/actor/lib/test/auto/MatrixCropComplex.xml (RunModel)" time="0.009" />
  <testcase classname="ptolemy.util.test.junit.AutoTests" name="[217] /home/travis/build/icyphy/ptII/ptolemy/actor/lib/test/auto/MatrixCropDouble.xml (RunModel)" time="0.008" />
  <testcase classname="ptolemy.util.test.junit.AutoTests" name="[218] /home/travis/build/icyphy/ptII/ptolemy/actor/lib/test/auto/MatrixCropFix.xml (RunModel)" time="0.009" />
  <testcase classname="ptolemy.util.test.junit.AutoTests" name="[219] /home/travis/build/icyphy/ptII/ptolemy/actor/lib/test/auto/MatrixCropInt.xml (RunModel)" time="0.008" />
  <testcase classname="ptolemy.util.test.junit.AutoTests" name="[220] /home/travis/build/icyphy/ptII/ptolemy/actor/lib/test/auto/MatrixCropLong.xml (RunModel)" time="0.008" />
  <testcase classname="ptolemy.util.test.junit.AutoTests" name="[221] /home/travis/build/icyphy/ptII/ptolemy/actor/lib/test/auto/MatrixToArray.xml (RunModel)" time="0.037" />
  <testcase classname="ptolemy.util.test.junit.AutoTests" name="[222] /home/travis/build/icyphy/ptII/ptolemy/actor/lib/test/auto/MaxIndex.xml (RunModel)" time="0.011" />
  <testcase classname="ptolemy.util.test.junit.AutoTests" name="[223] /home/travis/build/icyphy/ptII/ptolemy/actor/lib/test/auto/Maximum.xml (RunModel)" time="0.013" />
  <testcase classname="ptolemy.util.test.junit.AutoTests" name="[224] /home/travis/build/icyphy/ptII/ptolemy/actor/lib/test/auto/MaximumComplex.xml (RunModel)" time="0.013" />
  <testcase classname="ptolemy.util.test.junit.AutoTests" name="[225] /home/travis/build/icyphy/ptII/ptolemy/actor/lib/test/auto/MethodCallTest.xml (RunModel)" time="0.019" />
  <testcase classname="ptolemy.util.test.junit.AutoTests" name="[226] /home/travis/build/icyphy/ptII/ptolemy/actor/lib/test/auto/Minimum.xml (RunModel)" time="0.013" />
  <testcase classname="ptolemy.util.test.junit.AutoTests" name="[227] /home/travis/build/icyphy/ptII/ptolemy/actor/lib/test/auto/MinimumComplex.xml (RunModel)" time="0.013" />
  <testcase classname="ptolemy.util.test.junit.AutoTests" name="[228] /home/travis/build/icyphy/ptII/ptolemy/actor/lib/test/auto/MinimumMultiports.xml (RunModel)" time="0.024" />
  <testcase classname="ptolemy.util.test.junit.AutoTests" name="[229] /home/travis/build/icyphy/ptII/ptolemy/actor/lib/test/auto/ModifyDate.xml (RunModel)" time="0.04" />
  <testcase classname="ptolemy.util.test.junit.AutoTests" name="[230] /home/travis/build/icyphy/ptII/ptolemy/actor/lib/test/auto/ModifyDate2.xml (RunModel)" time="0.026" />
  <testcase classname="ptolemy.util.test.junit.AutoTests" name="[231] /home/travis/build/icyphy/ptII/ptolemy/actor/lib/test/auto/MovingAverage.xml (RunModel)" time="0.017" />
  <testcase classname="ptolemy.util.test.junit.AutoTests" name="[232] /home/travis/build/icyphy/ptII/ptolemy/actor/lib/test/auto/MovingMaximum.xml (RunModel)" time="0.01" />
  <testcase classname="ptolemy.util.test.junit.AutoTests" name="[233] /home/travis/build/icyphy/ptII/ptolemy/actor/lib/test/auto/MultipleLinksToSameRelation.xml (RunModel)" time="0.007" />
  <testcase classname="ptolemy.util.test.junit.AutoTests" name="[234] /home/travis/build/icyphy/ptII/ptolemy/actor/lib/test/auto/MultipleLinksToSameRelationDE.xml (RunModel)" time="0.008" />
  <testcase classname="ptolemy.util.test.junit.AutoTests" name="[235] /home/travis/build/icyphy/ptII/ptolemy/actor/lib/test/auto/Multiplexor.xml (RunModel)" time="0.011" />
  <testcase classname="ptolemy.util.test.junit.AutoTests" name="[236] /home/travis/build/icyphy/ptII/ptolemy/actor/lib/test/auto/Multiplexor1.xml (RunModel)" time="0.011" />
  <testcase classname="ptolemy.util.test.junit.AutoTests" name="[237] /home/travis/build/icyphy/ptII/ptolemy/actor/lib/test/auto/Multiplexor2.xml (RunModel)" time="0.024" />
  <testcase classname="ptolemy.util.test.junit.AutoTests" name="[238] /home/travis/build/icyphy/ptII/ptolemy/actor/lib/test/auto/Multiplexor3.xml (RunModel)" time="0.007" />
  <testcase classname="ptolemy.util.test.junit.AutoTests" name="[239] /home/travis/build/icyphy/ptII/ptolemy/actor/lib/test/auto/MultiplexorDE.xml (RunModel)" time="0.014" />
  <testcase classname="ptolemy.util.test.junit.AutoTests" name="[240] /home/travis/build/icyphy/ptII/ptolemy/actor/lib/test/auto/MultiportBroadcastTest.xml (RunModel)" time="0.056" />
  <testcase classname="ptolemy.util.test.junit.AutoTests" name="[241] /home/travis/build/icyphy/ptII/ptolemy/actor/lib/test/auto/MultiportOutHangDuringGetWidth.xml (RunModel)" time="0.026" />
  <testcase classname="ptolemy.util.test.junit.AutoTests" name="[242] /home/travis/build/icyphy/ptII/ptolemy/actor/lib/test/auto/NilToken.xml (RunModel)" time="0.007" />
  <testcase classname="ptolemy.util.test.junit.AutoTests" name="[243] /home/travis/build/icyphy/ptII/ptolemy/actor/lib/test/auto/NilTokenNonStrictTest.xml (RunModel)" time="0.01" />
  <testcase classname="ptolemy.util.test.junit.AutoTests" name="[244] /home/travis/build/icyphy/ptII/ptolemy/actor/lib/test/auto/NilTokenRecord.xml (RunModel)" time="0.018" />
  <testcase classname="ptolemy.util.test.junit.AutoTests" name="[245] /home/travis/build/icyphy/ptII/ptolemy/actor/lib/test/auto/NilTokenTypeTest.xml (RunModel)" time="0.023" />
  <testcase classname="ptolemy.util.test.junit.AutoTests" name="[246] /home/travis/build/icyphy/ptII/ptolemy/actor/lib/test/auto/ObjectToken1.xml (RunModel)" time="0.011" />
  <testcase classname="ptolemy.util.test.junit.AutoTests" name="[247] /home/travis/build/icyphy/ptII/ptolemy/actor/lib/test/auto/OrderedMerge.xml (RunModel)" time="0.009" />
  <testcase classname="ptolemy.util.test.junit.AutoTests" name="[248] /home/travis/build/icyphy/ptII/ptolemy/actor/lib/test/auto/OrderedRecordDisassembler.xml (RunModel)" time="0.014" />
  <testcase classname="ptolemy.util.test.junit.AutoTests" name="[249] /home/travis/build/icyphy/ptII/ptolemy/actor/lib/test/auto/OrderedRecordDisassembler2.xml (RunModel)" time="0.015" />
  <testcase classname="ptolemy.util.test.junit.AutoTests" name="[250] /home/travis/build/icyphy/ptII/ptolemy/actor/lib/test/auto/OrderedRecordUpdater.xml (RunModel)" time="0.008" />
  <testcase classname="ptolemy.util.test.junit.AutoTests" name="[251] /home/travis/build/icyphy/ptII/ptolemy/actor/lib/test/auto/OrderedRecordUpdater2.xml (RunModel)" time="0.01" />
  <testcase classname="ptolemy.util.test.junit.AutoTests" name="[252] /home/travis/build/icyphy/ptII/ptolemy/actor/lib/test/auto/PhaseUnwrap.xml (RunModel)" time="0.011" />
  <testcase classname="ptolemy.util.test.junit.AutoTests" name="[253] /home/travis/build/icyphy/ptII/ptolemy/actor/lib/test/auto/PoissonClock.xml (RunModel)" time="0.011" />
  <testcase classname="ptolemy.util.test.junit.AutoTests" name="[254] /home/travis/build/icyphy/ptII/ptolemy/actor/lib/test/auto/PoissonClock2.xml (RunModel)" time="0.007" />
  <testcase classname="ptolemy.util.test.junit.AutoTests" name="[255] /home/travis/build/icyphy/ptII/ptolemy/actor/lib/test/auto/PoissonClock3.xml (RunModel)" time="0.008" />
  <testcase classname="ptolemy.util.test.junit.AutoTests" name="[256] /home/travis/build/icyphy/ptII/ptolemy/actor/lib/test/auto/PubSubWithInitialTokens.xml (RunModel)" time="0.01" />
  <testcase classname="ptolemy.util.test.junit.AutoTests" name="[257] /home/travis/build/icyphy/ptII/ptolemy/actor/lib/test/auto/PubSubWithInitialTokens2.xml (RunModel)" time="0.011" />
  <testcase classname="ptolemy.util.test.junit.AutoTests" name="[258] /home/travis/build/icyphy/ptII/ptolemy/actor/lib/test/auto/PublisherClassNoParameter.xml (RunModel)" time="0.018" />
  <testcase classname="ptolemy.util.test.junit.AutoTests" name="[259] /home/travis/build/icyphy/ptII/ptolemy/actor/lib/test/auto/PublisherClassParameter.xml (RunModel)" time="0.019" />
  <testcase classname="ptolemy.util.test.junit.AutoTests" name="[260] /home/travis/build/icyphy/ptII/ptolemy/actor/lib/test/auto/PublisherNonStrictTest.xml (RunModel)" time="0.014" />
  <testcase classname="ptolemy.util.test.junit.AutoTests" name="[261] /home/travis/build/icyphy/ptII/ptolemy/actor/lib/test/auto/PublisherPort1.xml (RunModel)" time="0.014" />
  <testcase classname="ptolemy.util.test.junit.AutoTests" name="[262] /home/travis/build/icyphy/ptII/ptolemy/actor/lib/test/auto/PublisherPort2.xml (RunModel)" time="0.008" />
  <testcase classname="ptolemy.util.test.junit.AutoTests" name="[263] /home/travis/build/icyphy/ptII/ptolemy/actor/lib/test/auto/PublisherPort3.xml (RunModel)" time="0.011" />
  <testcase classname="ptolemy.util.test.junit.AutoTests" name="[264] /home/travis/build/icyphy/ptII/ptolemy/actor/lib/test/auto/PublisherPort4.xml (RunModel)" time="0.009" />
  <testcase classname="ptolemy.util.test.junit.AutoTests" name="[265] /home/travis/build/icyphy/ptII/ptolemy/actor/lib/test/auto/PublisherPort5.xml (RunModel)" time="0.013" />
  <testcase classname="ptolemy.util.test.junit.AutoTests" name="[266] /home/travis/build/icyphy/ptII/ptolemy/actor/lib/test/auto/PublisherPort5LookAlike.xml (RunModel)" time="0.013" />
  <testcase classname="ptolemy.util.test.junit.AutoTests" name="[267] /home/travis/build/icyphy/ptII/ptolemy/actor/lib/test/auto/PublisherPort6.xml (RunModel)" time="0.012" />
  <testcase classname="ptolemy.util.test.junit.AutoTests" name="[268] /home/travis/build/icyphy/ptII/ptolemy/actor/lib/test/auto/PublisherPort7.xml (RunModel)" time="0.013" />
  <testcase classname="ptolemy.util.test.junit.AutoTests" name="[269] /home/travis/build/icyphy/ptII/ptolemy/actor/lib/test/auto/PublisherPort8.xml (RunModel)" time="0.017" />
  <testcase classname="ptolemy.util.test.junit.AutoTests" name="[270] /home/travis/build/icyphy/ptII/ptolemy/actor/lib/test/auto/PublisherPortSubscriberChannelVariablesAOC2.xml (RunModel)" time="0.031" />
  <testcase classname="ptolemy.util.test.junit.AutoTests" name="[271] /home/travis/build/icyphy/ptII/ptolemy/actor/lib/test/auto/PublisherPortSubscriberOpaqueWidthInference.xml (RunModel)" time="0.014" />
  <testcase classname="ptolemy.util.test.junit.AutoTests" name="[272] /home/travis/build/icyphy/ptII/ptolemy/actor/lib/test/auto/PublisherPortSubscriberPortAdjacent.xml (RunModel)" time="0.016" />
  <testcase classname="ptolemy.util.test.junit.AutoTests" name="[273] /home/travis/build/icyphy/ptII/ptolemy/actor/lib/test/auto/PublisherPortSubscriberPortExpression.xml (RunModel)" time="0.014" />
  <testcase classname="ptolemy.util.test.junit.AutoTests" name="[274] /home/travis/build/icyphy/ptII/ptolemy/actor/lib/test/auto/PublisherPortSubscriberPortOpaqueD3Reverse.xml (RunModel)" time="0.019" />
  <testcase classname="ptolemy.util.test.junit.AutoTests" name="[275] /home/travis/build/icyphy/ptII/ptolemy/actor/lib/test/auto/PublisherPortSubscriberPortOpaqueWidthInference.xml (RunModel)" time="0.014" />
  <testcase classname="ptolemy.util.test.junit.AutoTests" name="[276] /home/travis/build/icyphy/ptII/ptolemy/actor/lib/test/auto/PublisherPortToplevelSubscriberPortAOC.xml (RunModel)" time="0.009" />
  <testcase classname="ptolemy.util.test.junit.AutoTests" name="[277] /home/travis/build/icyphy/ptII/ptolemy/actor/lib/test/auto/PublisherSubscriber.xml (RunModel)" time="0.013" />
  <testcase classname="ptolemy.util.test.junit.AutoTests" name="[278] /home/travis/build/icyphy/ptII/ptolemy/actor/lib/test/auto/PublisherSubscriber10.xml (RunModel)" time="0.018" />
  <testcase classname="ptolemy.util.test.junit.AutoTests" name="[279] /home/travis/build/icyphy/ptII/ptolemy/actor/lib/test/auto/PublisherSubscriber10InitialOutputs.xml (RunModel)" time="0.016" />
  <testcase classname="ptolemy.util.test.junit.AutoTests" name="[280] /home/travis/build/icyphy/ptII/ptolemy/actor/lib/test/auto/PublisherSubscriber11.xml (RunModel)" time="0.01" />
  <testcase classname="ptolemy.util.test.junit.AutoTests" name="[281] /home/travis/build/icyphy/ptII/ptolemy/actor/lib/test/auto/PublisherSubscriber12.xml (RunModel)" time="0.011" />
  <testcase classname="ptolemy.util.test.junit.AutoTests" name="[282] /home/travis/build/icyphy/ptII/ptolemy/actor/lib/test/auto/PublisherSubscriber13.xml (RunModel)" time="0.01" />
  <testcase classname="ptolemy.util.test.junit.AutoTests" name="[283] /home/travis/build/icyphy/ptII/ptolemy/actor/lib/test/auto/PublisherSubscriber14.xml (RunModel)" time="0.016" />
  <testcase classname="ptolemy.util.test.junit.AutoTests" name="[284] /home/travis/build/icyphy/ptII/ptolemy/actor/lib/test/auto/PublisherSubscriber2.xml (RunModel)" time="0.01" />
  <testcase classname="ptolemy.util.test.junit.AutoTests" name="[285] /home/travis/build/icyphy/ptII/ptolemy/actor/lib/test/auto/PublisherSubscriber3.xml (RunModel)" time="0.009" />
  <testcase classname="ptolemy.util.test.junit.AutoTests" name="[286] /home/travis/build/icyphy/ptII/ptolemy/actor/lib/test/auto/PublisherSubscriber4.xml (RunModel)" time="0.009" />
  <testcase classname="ptolemy.util.test.junit.AutoTests" name="[287] /home/travis/build/icyphy/ptII/ptolemy/actor/lib/test/auto/PublisherSubscriber5.xml (RunModel)" time="0.011" />
  <testcase classname="ptolemy.util.test.junit.AutoTests" name="[288] /home/travis/build/icyphy/ptII/ptolemy/actor/lib/test/auto/PublisherSubscriber6.xml (RunModel)" time="0.012" />
  <testcase classname="ptolemy.util.test.junit.AutoTests" name="[289] /home/travis/build/icyphy/ptII/ptolemy/actor/lib/test/auto/PublisherSubscriber7.xml (RunModel)" time="0.014" />
  <testcase classname="ptolemy.util.test.junit.AutoTests" name="[290] /home/travis/build/icyphy/ptII/ptolemy/actor/lib/test/auto/PublisherSubscriber8.xml (RunModel)" time="0.021" />
  <testcase classname="ptolemy.util.test.junit.AutoTests" name="[291] /home/travis/build/icyphy/ptII/ptolemy/actor/lib/test/auto/PublisherSubscriber9.xml (RunModel)" time="0.014" />
  <testcase classname="ptolemy.util.test.junit.AutoTests" name="[292] /home/travis/build/icyphy/ptII/ptolemy/actor/lib/test/auto/PublisherSubscriberAdjacent.xml (RunModel)" time="0.016" />
  <testcase classname="ptolemy.util.test.junit.AutoTests" name="[293] /home/travis/build/icyphy/ptII/ptolemy/actor/lib/test/auto/PublisherSubscriberChannelVariablesAOC2.xml (RunModel)" time="0.024" />
  <testcase classname="ptolemy.util.test.junit.AutoTests" name="[294] /home/travis/build/icyphy/ptII/ptolemy/actor/lib/test/auto/PublisherSubscriberD3.xml (RunModel)" time="0.014" />
  <testcase classname="ptolemy.util.test.junit.AutoTests" name="[295] /home/travis/build/icyphy/ptII/ptolemy/actor/lib/test/auto/PublisherSubscriberD3Reverse.xml (RunModel)" time="0.012" />
  <testcase classname="ptolemy.util.test.junit.AutoTests" name="[296] /home/travis/build/icyphy/ptII/ptolemy/actor/lib/test/auto/PublisherSubscriberExpression.xml (RunModel)" time="0.017" />
  <testcase classname="ptolemy.util.test.junit.AutoTests" name="[297] /home/travis/build/icyphy/ptII/ptolemy/actor/lib/test/auto/PublisherSubscriberOpaque.xml (RunModel)" time="0.018" />
  <testcase classname="ptolemy.util.test.junit.AutoTests" name="[298] /home/travis/build/icyphy/ptII/ptolemy/actor/lib/test/auto/PublisherSubscriberOpaqueD3.xml (RunModel)" time="0.021" />
  <testcase classname="ptolemy.util.test.junit.AutoTests" name="[299] /home/travis/build/icyphy/ptII/ptolemy/actor/lib/test/auto/PublisherSubscriberOpaqueD3Reverse.xml (RunModel)" time="0.018" />
  <testcase classname="ptolemy.util.test.junit.AutoTests" name="[300] /home/travis/build/icyphy/ptII/ptolemy/actor/lib/test/auto/PublisherSubscriberOpaqueWidthInference.xml (RunModel)" time="0.018" />
  <testcase classname="ptolemy.util.test.junit.AutoTests" name="[301] /home/travis/build/icyphy/ptII/ptolemy/actor/lib/test/auto/PublisherTestSubscriber.xml (RunModel)" time="0.015" />
  <testcase classname="ptolemy.util.test.junit.AutoTests" name="[302] /home/travis/build/icyphy/ptII/ptolemy/actor/lib/test/auto/PublisherToplevelSubscriberPortAOC.xml (RunModel)" time="0.013" />
  <testcase classname="ptolemy.util.test.junit.AutoTests" name="[303] /home/travis/build/icyphy/ptII/ptolemy/actor/lib/test/auto/PulseFiringLimitDE.xml (RunModel)" time="0.014" />
  <testcase classname="ptolemy.util.test.junit.AutoTests" name="[304] /home/travis/build/icyphy/ptII/ptolemy/actor/lib/test/auto/Ramp1.xml (RunModel)" time="0.007" />
  <testcase classname="ptolemy.util.test.junit.AutoTests" name="[305] /home/travis/build/icyphy/ptII/ptolemy/actor/lib/test/auto/RampFiringLimitDE.xml (RunModel)" time="0.012" />
  <testcase classname="ptolemy.util.test.junit.AutoTests" name="[306] /home/travis/build/icyphy/ptII/ptolemy/actor/lib/test/auto/RampFiringLimitSDF.xml (RunModel)" time="0.012" />
  <testcase classname="ptolemy.util.test.junit.AutoTests" name="[307] /home/travis/build/icyphy/ptII/ptolemy/actor/lib/test/auto/RandomInteger.xml (RunModel)" time="0.009" />
  <testcase classname="ptolemy.util.test.junit.AutoTests" name="[308] /home/travis/build/icyphy/ptII/ptolemy/actor/lib/test/auto/ReadFile1.xml (RunModel)" time="0.01" />
  <testcase classname="ptolemy.util.test.junit.AutoTests" name="[309] /home/travis/build/icyphy/ptII/ptolemy/actor/lib/test/auto/ReadFile2.xml (RunModel)" time="0.009" />
  <testcase classname="ptolemy.util.test.junit.AutoTests" name="[310] /home/travis/build/icyphy/ptII/ptolemy/actor/lib/test/auto/Reader.xml (RunModel)" time="0.011" />
  <testcase classname="ptolemy.util.test.junit.AutoTests" name="[311] /home/travis/build/icyphy/ptII/ptolemy/actor/lib/test/auto/RecordAssemblerDisplayNameTest.xml (RunModel)" time="3.043" />
  <testcase classname="ptolemy.util.test.junit.AutoTests" name="[312] /home/travis/build/icyphy/ptII/ptolemy/actor/lib/test/auto/RecordAssemblerTypeError.xml (RunModel)" time="0.035" />
  <testcase classname="ptolemy.util.test.junit.AutoTests" name="[313] /home/travis/build/icyphy/ptII/ptolemy/actor/lib/test/auto/RecordDisassember.xml (RunModel)" time="0.014" />
  <testcase classname="ptolemy.util.test.junit.AutoTests" name="[314] /home/travis/build/icyphy/ptII/ptolemy/actor/lib/test/auto/RecordDisassemberDisplayNameTest.xml (RunModel)" time="0.017" />
  <testcase classname="ptolemy.util.test.junit.AutoTests" name="[315] /home/travis/build/icyphy/ptII/ptolemy/actor/lib/test/auto/RecordDisassembler.xml (RunModel)" time="0.008" />
  <testcase classname="ptolemy.util.test.junit.AutoTests" name="[316] /home/travis/build/icyphy/ptII/ptolemy/actor/lib/test/auto/RecordDisassembler2.xml (RunModel)" time="0.017" />
  <testcase classname="ptolemy.util.test.junit.AutoTests" name="[317] /home/travis/build/icyphy/ptII/ptolemy/actor/lib/test/auto/RecordUpdater.xml (RunModel)" time="0.009" />
  <testcase classname="ptolemy.util.test.junit.AutoTests" name="[318] /home/travis/build/icyphy/ptII/ptolemy/actor/lib/test/auto/RecordUpdater2.xml (RunModel)" time="0.009" />
  <testcase classname="ptolemy.util.test.junit.AutoTests" name="[319] /home/travis/build/icyphy/ptII/ptolemy/actor/lib/test/auto/RecursiveLattice.xml (RunModel)" time="0.008" />
  <testcase classname="ptolemy.util.test.junit.AutoTests" name="[320] /home/travis/build/icyphy/ptII/ptolemy/actor/lib/test/auto/Router.xml (RunModel)" time="3.023" />
  <testcase classname="ptolemy.util.test.junit.AutoTests" name="[321] /home/travis/build/icyphy/ptII/ptolemy/actor/lib/test/auto/Router2.xml (RunModel)" time="3.025" />
  <testcase classname="ptolemy.util.test.junit.AutoTests" name="[322] /home/travis/build/icyphy/ptII/ptolemy/actor/lib/test/auto/RunningMaximum.xml (RunModel)" time="0.013" />
  <testcase classname="ptolemy.util.test.junit.AutoTests" name="[323] /home/travis/build/icyphy/ptII/ptolemy/actor/lib/test/auto/RunningMinimum.xml (RunModel)" time="0.01" />
  <testcase classname="ptolemy.util.test.junit.AutoTests" name="[324] /home/travis/build/icyphy/ptII/ptolemy/actor/lib/test/auto/Scale.xml (RunModel)" time="0.007" />
  <testcase classname="ptolemy.util.test.junit.AutoTests" name="[325] /home/travis/build/icyphy/ptII/ptolemy/actor/lib/test/auto/Scale2.xml (RunModel)" time="0.008" />
  <testcase classname="ptolemy.util.test.junit.AutoTests" name="[326] /home/travis/build/icyphy/ptII/ptolemy/actor/lib/test/auto/Scale3.xml (RunModel)" time="0.014" />
  <testcase classname="ptolemy.util.test.junit.AutoTests" name="[327] /home/travis/build/icyphy/ptII/ptolemy/actor/lib/test/auto/ScaleArray.xml (RunModel)" time="0.007" />
  <testcase classname="ptolemy.util.test.junit.AutoTests" name="[328] /home/travis/build/icyphy/ptII/ptolemy/actor/lib/test/auto/ScaleArray2.xml (RunModel)" time="0.007" />
  <testcase classname="ptolemy.util.test.junit.AutoTests" name="[329] /home/travis/build/icyphy/ptII/ptolemy/actor/lib/test/auto/ScaleMatrix.xml (RunModel)" time="0.102" />
  <testcase classname="ptolemy.util.test.junit.AutoTests" name="[330] /home/travis/build/icyphy/ptII/ptolemy/actor/lib/test/auto/Select.xml (RunModel)" time="0.012" />
  <testcase classname="ptolemy.util.test.junit.AutoTests" name="[331] /home/travis/build/icyphy/ptII/ptolemy/actor/lib/test/auto/Select2.xml (RunModel)" time="0.008" />
  <testcase classname="ptolemy.util.test.junit.AutoTests" name="[332] /home/travis/build/icyphy/ptII/ptolemy/actor/lib/test/auto/SequenceToArray2.xml (RunModel)" time="0.09" />
  <testcase classname="ptolemy.util.test.junit.AutoTests" name="[333] /home/travis/build/icyphy/ptII/ptolemy/actor/lib/test/auto/SequentialClock.xml (RunModel)" time="0.012" />
  <testcase classname="ptolemy.util.test.junit.AutoTests" name="[334] /home/travis/build/icyphy/ptII/ptolemy/actor/lib/test/auto/SetVariable.xml (RunModel)" time="0.009" />
  <testcase classname="ptolemy.util.test.junit.AutoTests" name="[335] /home/travis/build/icyphy/ptII/ptolemy/actor/lib/test/auto/SetVariable2.xml (RunModel)" time="0.009" />
  <testcase classname="ptolemy.util.test.junit.AutoTests" name="[336] /home/travis/build/icyphy/ptII/ptolemy/actor/lib/test/auto/SetVariable3.xml (RunModel)" time="0.01" />
  <testcase classname="ptolemy.util.test.junit.AutoTests" name="[337] /home/travis/build/icyphy/ptII/ptolemy/actor/lib/test/auto/SetVariable4.xml (RunModel)" time="0.025" />
  <testcase classname="ptolemy.util.test.junit.AutoTests" name="[338] /home/travis/build/icyphy/ptII/ptolemy/actor/lib/test/auto/SetVariable5.xml (RunModel)" time="0.027" />
  <testcase classname="ptolemy.util.test.junit.AutoTests" name="[339] /home/travis/build/icyphy/ptII/ptolemy/actor/lib/test/auto/Sinewave.xml (RunModel)" time="0.027" />
  <testcase classname="ptolemy.util.test.junit.AutoTests" name="[340] /home/travis/build/icyphy/ptII/ptolemy/actor/lib/test/auto/Sinewave2.xml (RunModel)" time="0.02" />
  <testcase classname="ptolemy.util.test.junit.AutoTests" name="[341] /home/travis/build/icyphy/ptII/ptolemy/actor/lib/test/auto/Sinewave3.xml (RunModel)" time="0.017" />
  <testcase classname="ptolemy.util.test.junit.AutoTests" name="[342] /home/travis/build/icyphy/ptII/ptolemy/actor/lib/test/auto/SingleEvent.xml (RunModel)" time="0.007" />
  <testcase classname="ptolemy.util.test.junit.AutoTests" name="[343] /home/travis/build/icyphy/ptII/ptolemy/actor/lib/test/auto/Sleep.xml (RunModel)" time="6.017" />
  <testcase classname="ptolemy.util.test.junit.AutoTests" name="[344] /home/travis/build/icyphy/ptII/ptolemy/actor/lib/test/auto/SleepMultipleFire.xml (RunModel)" time="1.017" />
  <testcase classname="ptolemy.util.test.junit.AutoTests" name="[345] /home/travis/build/icyphy/ptII/ptolemy/actor/lib/test/auto/StopDE.xml (RunModel)" time="0.017" />
  <testcase classname="ptolemy.util.test.junit.AutoTests" name="[346] /home/travis/build/icyphy/ptII/ptolemy/actor/lib/test/auto/StopSDF.xml (RunModel)" time="0.012" />
  <testcase classname="ptolemy.util.test.junit.AutoTests" name="[347] /home/travis/build/icyphy/ptII/ptolemy/actor/lib/test/auto/StringConstant.xml (RunModel)" time="0.008" />
  <testcase classname="ptolemy.util.test.junit.AutoTests" name="[348] /home/travis/build/icyphy/ptII/ptolemy/actor/lib/test/auto/SubscriberPortInitialValues1.xml (RunModel)" time="0.017" />
  <testcase classname="ptolemy.util.test.junit.AutoTests" name="[349] /home/travis/build/icyphy/ptII/ptolemy/actor/lib/test/auto/SubscriberPortInitialValues13.xml (RunModel)" time="0.021" />
  <testcase classname="ptolemy.util.test.junit.AutoTests" name="[350] /home/travis/build/icyphy/ptII/ptolemy/actor/lib/test/auto/SubscriberPortInitialValues14.xml (RunModel)" time="0.014" />
  <testcase classname="ptolemy.util.test.junit.AutoTests" name="[351] /home/travis/build/icyphy/ptII/ptolemy/actor/lib/test/auto/SubscriberPortInitialValues2.xml (RunModel)" time="0.013" />
  <testcase classname="ptolemy.util.test.junit.AutoTests" name="[352] /home/travis/build/icyphy/ptII/ptolemy/actor/lib/test/auto/SubscriberPortInitialValues3.xml (RunModel)" time="0.016" />
  <testcase classname="ptolemy.util.test.junit.AutoTests" name="[353] /home/travis/build/icyphy/ptII/ptolemy/actor/lib/test/auto/SubscriptionAggregator.xml (RunModel)" time="0.01" />
  <testcase classname="ptolemy.util.test.junit.AutoTests" name="[354] /home/travis/build/icyphy/ptII/ptolemy/actor/lib/test/auto/SubscriptionAggregator2.xml (RunModel)" time="0.01" />
  <testcase classname="ptolemy.util.test.junit.AutoTests" name="[355] /home/travis/build/icyphy/ptII/ptolemy/actor/lib/test/auto/SubscriptionAggregator3.xml (RunModel)" time="0.016" />
  <testcase classname="ptolemy.util.test.junit.AutoTests" name="[356] /home/travis/build/icyphy/ptII/ptolemy/actor/lib/test/auto/SubscriptionAggregatorMultiply.xml (RunModel)" time="0.013" />
  <testcase classname="ptolemy.util.test.junit.AutoTests" name="[357] /home/travis/build/icyphy/ptII/ptolemy/actor/lib/test/auto/SubscriptionAggregatorPortMultiply1.xml (RunModel)" time="0.012" />
  <testcase classname="ptolemy.util.test.junit.AutoTests" name="[358] /home/travis/build/icyphy/ptII/ptolemy/actor/lib/test/auto/Switch.xml (RunModel)" time="0.012" />
  <testcase classname="ptolemy.util.test.junit.AutoTests" name="[359] /home/travis/build/icyphy/ptII/ptolemy/actor/lib/test/auto/Switch2.xml (RunModel)" time="0.008" />
  <testcase classname="ptolemy.util.test.junit.AutoTests" name="[360] /home/travis/build/icyphy/ptII/ptolemy/actor/lib/test/auto/SwitchDE.xml (RunModel)" time="0.01" />
  <testcase classname="ptolemy.util.test.junit.AutoTests" name="[361] /home/travis/build/icyphy/ptII/ptolemy/actor/lib/test/auto/SynchronizerDE.xml (RunModel)" time="0.017" />
  <testcase classname="ptolemy.util.test.junit.AutoTests" name="[362] /home/travis/build/icyphy/ptII/ptolemy/actor/lib/test/auto/Test.xml (RunModel)" time="0.008" />
  <testcase classname="ptolemy.util.test.junit.AutoTests" name="[363] /home/travis/build/icyphy/ptII/ptolemy/actor/lib/test/auto/TestExceptionAttribute1.xml (RunModel)" time="0.004" />
  <testcase classname="ptolemy.util.test.junit.AutoTests" name="[364] /home/travis/build/icyphy/ptII/ptolemy/actor/lib/test/auto/TestExceptionAttribute2.xml (RunModel)" time="0.005" />
  <testcase classname="ptolemy.util.test.junit.AutoTests" name="[365] /home/travis/build/icyphy/ptII/ptolemy/actor/lib/test/auto/TestExceptionAttribute3.xml (RunModel)" time="0.005" />
  <testcase classname="ptolemy.util.test.junit.AutoTests" name="[366] /home/travis/build/icyphy/ptII/ptolemy/actor/lib/test/auto/TestExceptionAttribute4.xml (RunModel)" time="0.006" />
  <testcase classname="ptolemy.util.test.junit.AutoTests" name="[367] /home/travis/build/icyphy/ptII/ptolemy/actor/lib/test/auto/TestExceptionHandler1.xml (RunModel)" time="0.005" />
  <testcase classname="ptolemy.util.test.junit.AutoTests" name="[368] /home/travis/build/icyphy/ptII/ptolemy/actor/lib/test/auto/TestExceptionHandler2.xml (RunModel)" time="0.006" />
  <testcase classname="ptolemy.util.test.junit.AutoTests" name="[369] /home/travis/build/icyphy/ptII/ptolemy/actor/lib/test/auto/TestExceptionHandler3.xml (RunModel)" time="0.005" />
  <testcase classname="ptolemy.util.test.junit.AutoTests" name="[370] /home/travis/build/icyphy/ptII/ptolemy/actor/lib/test/auto/TestExceptionHandler4.xml (RunModel)" time="0.005" />
  <testcase classname="ptolemy.util.test.junit.AutoTests" name="[371] /home/travis/build/icyphy/ptII/ptolemy/actor/lib/test/auto/TestRequireCorrectOrder.xml (RunModel)" time="0.008" />
  <testcase classname="ptolemy.util.test.junit.AutoTests" name="[372] /home/travis/build/icyphy/ptII/ptolemy/actor/lib/test/auto/TestSimple.xml (RunModel)" time="0.005" />
  <testcase classname="ptolemy.util.test.junit.AutoTests" name="[373] /home/travis/build/icyphy/ptII/ptolemy/actor/lib/test/auto/ThrowModelError.xml (RunModel)" time="0.01" />
  <testcase classname="ptolemy.util.test.junit.AutoTests" name="[374] /home/travis/build/icyphy/ptII/ptolemy/actor/lib/test/auto/TimeDelayMicrosteps.xml (RunModel)" time="0.012" />
  <testcase classname="ptolemy.util.test.junit.AutoTests" name="[375] /home/travis/build/icyphy/ptII/ptolemy/actor/lib/test/auto/TimeDelayMicrosteps2.xml (RunModel)" time="0.013" />
  <testcase classname="ptolemy.util.test.junit.AutoTests" name="[376] /home/travis/build/icyphy/ptII/ptolemy/actor/lib/test/auto/TimeDelayMicrosteps3.xml (RunModel)" time="0.012" />
  <testcase classname="ptolemy.util.test.junit.AutoTests" name="[377] /home/travis/build/icyphy/ptII/ptolemy/actor/lib/test/auto/TimeDelayVariableMicrosteps.xml (RunModel)" time="0.012" />
  <testcase classname="ptolemy.util.test.junit.AutoTests" name="[378] /home/travis/build/icyphy/ptII/ptolemy/actor/lib/test/auto/TimeGap.xml (RunModel)" time="0.012" />
  <testcase classname="ptolemy.util.test.junit.AutoTests" name="[379] /home/travis/build/icyphy/ptII/ptolemy/actor/lib/test/auto/TimeGap2.xml (RunModel)" time="0.011" />
  <testcase classname="ptolemy.util.test.junit.AutoTests" name="[380] /home/travis/build/icyphy/ptII/ptolemy/actor/lib/test/auto/TimedSinewave.xml (RunModel)" time="0.04" />
  <testcase classname="ptolemy.util.test.junit.AutoTests" name="[381] /home/travis/build/icyphy/ptII/ptolemy/actor/lib/test/auto/TimedSinewavePhase.xml (RunModel)" time="0.022" />
  <testcase classname="ptolemy.util.test.junit.AutoTests" name="[382] /home/travis/build/icyphy/ptII/ptolemy/actor/lib/test/auto/Timer.xml (RunModel)" time="0.014" />
  <testcase classname="ptolemy.util.test.junit.AutoTests" name="[383] /home/travis/build/icyphy/ptII/ptolemy/actor/lib/test/auto/TriangularDistTestModel.xml (RunModel)" time="0.022" />
  <testcase classname="ptolemy.util.test.junit.AutoTests" name="[384] /home/travis/build/icyphy/ptII/ptolemy/actor/lib/test/auto/TrigFunction.xml (RunModel)" time="0.009" />
  <testcase classname="ptolemy.util.test.junit.AutoTests" name="[385] /home/travis/build/icyphy/ptII/ptolemy/actor/lib/test/auto/TrigFunctionDE.xml (RunModel)" time="0.01" />
  <testcase classname="ptolemy.util.test.junit.AutoTests" name="[386] /home/travis/build/icyphy/ptII/ptolemy/actor/lib/test/auto/TrigFunctionInverse.xml (RunModel)" time="0.008" />
  <testcase classname="ptolemy.util.test.junit.AutoTests" name="[387] /home/travis/build/icyphy/ptII/ptolemy/actor/lib/test/auto/TrigFunctionTan.xml (RunModel)" time="0.007" />
  <testcase classname="ptolemy.util.test.junit.AutoTests" name="[388] /home/travis/build/icyphy/ptII/ptolemy/actor/lib/test/auto/TriggeredClock.xml (RunModel)" time="0.007" />
  <testcase classname="ptolemy.util.test.junit.AutoTests" name="[389] /home/travis/build/icyphy/ptII/ptolemy/actor/lib/test/auto/URLDirectoryReader.xml (RunModel)" time="0.072" />
  <testcase classname="ptolemy.util.test.junit.AutoTests" name="[390] /home/travis/build/icyphy/ptII/ptolemy/actor/lib/test/auto/URLDirectoryReader3.xml (RunModel)" time="1.398" />
  <testcase classname="ptolemy.util.test.junit.AutoTests" name="[391] /home/travis/build/icyphy/ptII/ptolemy/actor/lib/test/auto/UnaryMathFunction.xml (RunModel)" time="0.044" />
  <testcase classname="ptolemy.util.test.junit.AutoTests" name="[392] /home/travis/build/icyphy/ptII/ptolemy/actor/lib/test/auto/Uniform.xml (RunModel)" time="0.034" />
  <testcase classname="ptolemy.util.test.junit.AutoTests" name="[393] /home/travis/build/icyphy/ptII/ptolemy/actor/lib/test/auto/UnionDisassemblerTest.xml (RunModel)" time="0.027" />
  <testcase classname="ptolemy.util.test.junit.AutoTests" name="[394] /home/travis/build/icyphy/ptII/ptolemy/actor/lib/test/auto/UtilityFunctions.xml (RunModel)" time="0.023" />
  <testcase classname="ptolemy.util.test.junit.AutoTests" name="[395] /home/travis/build/icyphy/ptII/ptolemy/actor/lib/test/auto/VariableSleep.xml (RunModel)" time="0.54" />
  <testcase classname="ptolemy.util.test.junit.AutoTests" name="[396] /home/travis/build/icyphy/ptII/ptolemy/actor/lib/test/auto/VectorAssemblerDisassemblerCT.xml (RunModel)" time="0.11" />
  <testcase classname="ptolemy.util.test.junit.AutoTests" name="[397] /home/travis/build/icyphy/ptII/ptolemy/actor/lib/test/auto/VectorAssemblerDisassemblerDE.xml (RunModel)" time="0.013" />
  <testcase classname="ptolemy.util.test.junit.AutoTests" name="[398] /home/travis/build/icyphy/ptII/ptolemy/actor/lib/test/auto/VectorAssemblerDisassemblerSDF.xml (RunModel)" time="0.011" />
  <testcase classname="ptolemy.util.test.junit.AutoTests" name="[399] /home/travis/build/icyphy/ptII/ptolemy/actor/lib/test/auto/WallClockTime.xml (RunModel)" time="1.013" />
  <testcase classname="ptolemy.util.test.junit.AutoTests" name="[400] /home/travis/build/icyphy/ptII/ptolemy/actor/lib/test/auto/WidthTestWithSubscriberPublisher.xml (RunModel)" time="0.07" />
  <testcase classname="ptolemy.util.test.junit.AutoTests" name="[401] /home/travis/build/icyphy/ptII/ptolemy/actor/lib/test/auto/WidthTestWithSubscriberPublisher2.xml (RunModel)" time="0.018" />
  <testcase classname="ptolemy.util.test.junit.AutoTests" name="[402] /home/travis/build/icyphy/ptII/ptolemy/actor/lib/test/auto/WidthTestWithSubscriberPublisher3.xml (RunModel)" time="0.012" />
  <testcase classname="ptolemy.util.test.junit.AutoTests" name="[403] /home/travis/build/icyphy/ptII/ptolemy/actor/lib/test/auto/Writer.xml (RunModel)" time="0.007" />
  <testcase classname="ptolemy.util.test.junit.AutoTests" name="[404] /home/travis/build/icyphy/ptII/ptolemy/actor/lib/test/auto/array.xml (RunModel)" time="0.012" />
  <testcase classname="ptolemy.util.test.junit.AutoTests" name="[405] /home/travis/build/icyphy/ptII/ptolemy/actor/lib/test/auto/array2.xml (RunModel)" time="0.021" />
  <testcase classname="ptolemy.util.test.junit.AutoTests" name="[406] /home/travis/build/icyphy/ptII/ptolemy/actor/lib/test/auto/arrayType.xml (RunModel)" time="0.011" />
  <testcase classname="ptolemy.util.test.junit.AutoTests" name="[407] /home/travis/build/icyphy/ptII/ptolemy/actor/lib/test/auto/arrayType10.xml (RunModel)" time="0.007" />
  <testcase classname="ptolemy.util.test.junit.AutoTests" name="[408] /home/travis/build/icyphy/ptII/ptolemy/actor/lib/test/auto/arrayType11.xml (RunModel)" time="0.008" />
  <testcase classname="ptolemy.util.test.junit.AutoTests" name="[409] /home/travis/build/icyphy/ptII/ptolemy/actor/lib/test/auto/arrayType12.xml (RunModel)" time="0.009" />
  <testcase classname="ptolemy.util.test.junit.AutoTests" name="[410] /home/travis/build/icyphy/ptII/ptolemy/actor/lib/test/auto/arrayType13.xml (RunModel)" time="0.008" />
  <testcase classname="ptolemy.util.test.junit.AutoTests" name="[411] /home/travis/build/icyphy/ptII/ptolemy/actor/lib/test/auto/arrayType14.xml (RunModel)" time="0.009" />
  <testcase classname="ptolemy.util.test.junit.AutoTests" name="[412] /home/travis/build/icyphy/ptII/ptolemy/actor/lib/test/auto/arrayType15.xml (RunModel)" time="0.008" />
  <testcase classname="ptolemy.util.test.junit.AutoTests" name="[413] /home/travis/build/icyphy/ptII/ptolemy/actor/lib/test/auto/arrayType16.xml (RunModel)" time="0.009" />
  <testcase classname="ptolemy.util.test.junit.AutoTests" name="[414] /home/travis/build/icyphy/ptII/ptolemy/actor/lib/test/auto/arrayType17.xml (RunModel)" time="0.009" />
  <testcase classname="ptolemy.util.test.junit.AutoTests" name="[415] /home/travis/build/icyphy/ptII/ptolemy/actor/lib/test/auto/arrayType18.xml (RunModel)" time="0.007" />
  <testcase classname="ptolemy.util.test.junit.AutoTests" name="[416] /home/travis/build/icyphy/ptII/ptolemy/actor/lib/test/auto/arrayType19.xml (RunModel)" time="0.008" />
  <testcase classname="ptolemy.util.test.junit.AutoTests" name="[417] /home/travis/build/icyphy/ptII/ptolemy/actor/lib/test/auto/arrayType2.xml (RunModel)" time="0.012" />
  <testcase classname="ptolemy.util.test.junit.AutoTests" name="[418] /home/travis/build/icyphy/ptII/ptolemy/actor/lib/test/auto/arrayType20.xml (RunModel)" time="0.008" />
  <testcase classname="ptolemy.util.test.junit.AutoTests" name="[419] /home/travis/build/icyphy/ptII/ptolemy/actor/lib/test/auto/arrayType21.xml (RunModel)" time="0.007" />
  <testcase classname="ptolemy.util.test.junit.AutoTests" name="[420] /home/travis/build/icyphy/ptII/ptolemy/actor/lib/test/auto/arrayType22.xml (RunModel)" time="0.009" />
  <testcase classname="ptolemy.util.test.junit.AutoTests" name="[421] /home/travis/build/icyphy/ptII/ptolemy/actor/lib/test/auto/arrayType23.xml (RunModel)" time="0.008" />
  <testcase classname="ptolemy.util.test.junit.AutoTests" name="[422] /home/travis/build/icyphy/ptII/ptolemy/actor/lib/test/auto/arrayType24.xml (RunModel)" time="0.008" />
  <testcase classname="ptolemy.util.test.junit.AutoTests" name="[423] /home/travis/build/icyphy/ptII/ptolemy/actor/lib/test/auto/arrayType25.xml (RunModel)" time="0.007" />
  <testcase classname="ptolemy.util.test.junit.AutoTests" name="[424] /home/travis/build/icyphy/ptII/ptolemy/actor/lib/test/auto/arrayType26.xml (RunModel)" time="0.008" />
  <testcase classname="ptolemy.util.test.junit.AutoTests" name="[425] /home/travis/build/icyphy/ptII/ptolemy/actor/lib/test/auto/arrayType27.xml (RunModel)" time="0.009" />
  <testcase classname="ptolemy.util.test.junit.AutoTests" name="[426] /home/travis/build/icyphy/ptII/ptolemy/actor/lib/test/auto/arrayType28.xml (RunModel)" time="0.007" />
  <testcase classname="ptolemy.util.test.junit.AutoTests" name="[427] /home/travis/build/icyphy/ptII/ptolemy/actor/lib/test/auto/arrayType3.xml (RunModel)" time="0.009" />
  <testcase classname="ptolemy.util.test.junit.AutoTests" name="[428] /home/travis/build/icyphy/ptII/ptolemy/actor/lib/test/auto/arrayType4.xml (RunModel)" time="0.008" />
  <testcase classname="ptolemy.util.test.junit.AutoTests" name="[429] /home/travis/build/icyphy/ptII/ptolemy/actor/lib/test/auto/arrayType5.xml (RunModel)" time="0.008" />
  <testcase classname="ptolemy.util.test.junit.AutoTests" name="[430] /home/travis/build/icyphy/ptII/ptolemy/actor/lib/test/auto/arrayType6.xml (RunModel)" time="0.008" />
  <testcase classname="ptolemy.util.test.junit.AutoTests" name="[431] /home/travis/build/icyphy/ptII/ptolemy/actor/lib/test/auto/arrayType7.xml (RunModel)" time="0.007" />
  <testcase classname="ptolemy.util.test.junit.AutoTests" name="[432] /home/travis/build/icyphy/ptII/ptolemy/actor/lib/test/auto/arrayType8.xml (RunModel)" time="0.008" />
  <testcase classname="ptolemy.util.test.junit.AutoTests" name="[433] /home/travis/build/icyphy/ptII/ptolemy/actor/lib/test/auto/arrayType9.xml (RunModel)" time="0.008" />
  <testcase classname="ptolemy.util.test.junit.AutoTests" name="[434] /home/travis/build/icyphy/ptII/ptolemy/actor/lib/test/auto/cast.xml (RunModel)" time="0.009" />
  <testcase classname="ptolemy.util.test.junit.AutoTests" name="[435] /home/travis/build/icyphy/ptII/ptolemy/actor/lib/test/auto/compositeMultiPort.xml (RunModel)" time="0.017" />
  <testcase classname="ptolemy.util.test.junit.AutoTests" name="[436] /home/travis/build/icyphy/ptII/ptolemy/actor/lib/test/auto/expressionCastInference.xml (RunModel)" time="0.014" />
  <testcase classname="ptolemy.util.test.junit.AutoTests" name="[437] /home/travis/build/icyphy/ptII/ptolemy/actor/lib/test/auto/expressionCastInference2.xml (RunModel)" time="0.012" />
  <testcase classname="ptolemy.util.test.junit.AutoTests" name="[438] /home/travis/build/icyphy/ptII/ptolemy/actor/lib/test/auto/expressionInference.xml (RunModel)" time="0.006" />
  <testcase classname="ptolemy.util.test.junit.AutoTests" name="[439] /home/travis/build/icyphy/ptII/ptolemy/actor/lib/test/auto/expression_bug.xml (RunModel)" time="0.007" />
  <testcase classname="ptolemy.util.test.junit.AutoTests" name="[440] /home/travis/build/icyphy/ptII/ptolemy/actor/lib/test/auto/factorial.xml (RunModel)" time="0.051" />
  <testcase classname="ptolemy.util.test.junit.AutoTests" name="[441] /home/travis/build/icyphy/ptII/ptolemy/actor/lib/test/auto/filterTest1.xml (RunModel)" time="0.018" />
  <testcase classname="ptolemy.util.test.junit.AutoTests" name="[442] /home/travis/build/icyphy/ptII/ptolemy/actor/lib/test/auto/funcApplyInConst.xml (RunModel)" time="0.006" />
  <testcase classname="ptolemy.util.test.junit.AutoTests" name="[443] /home/travis/build/icyphy/ptII/ptolemy/actor/lib/test/auto/funcApplyInExpr.xml (RunModel)" time="0.008" />
  <testcase classname="ptolemy.util.test.junit.AutoTests" name="[444] /home/travis/build/icyphy/ptII/ptolemy/actor/lib/test/auto/function.xml (RunModel)" time="0.01" />
  <testcase classname="ptolemy.util.test.junit.AutoTests" name="[445] /home/travis/build/icyphy/ptII/ptolemy/actor/lib/test/auto/function2.xml (RunModel)" time="0.011" />
  <testcase classname="ptolemy.util.test.junit.AutoTests" name="[446] /home/travis/build/icyphy/ptII/ptolemy/actor/lib/test/auto/function3.xml (RunModel)" time="0.008" />
  <testcase classname="ptolemy.util.test.junit.AutoTests" name="[447] /home/travis/build/icyphy/ptII/ptolemy/actor/lib/test/auto/functionClosureTest1.xml (RunModel)" time="0.011" />
  <testcase classname="ptolemy.util.test.junit.AutoTests" name="[448] /home/travis/build/icyphy/ptII/ptolemy/actor/lib/test/auto/functionClosureTest2.xml (RunModel)" time="0.012" />
  <testcase classname="ptolemy.util.test.junit.AutoTests" name="[449] /home/travis/build/icyphy/ptII/ptolemy/actor/lib/test/auto/functionClosureTest3.xml (RunModel)" time="0.012" />
  <testcase classname="ptolemy.util.test.junit.AutoTests" name="[450] /home/travis/build/icyphy/ptII/ptolemy/actor/lib/test/auto/functionClosureTest4.xml (RunModel)" time="0.015" />
  <testcase classname="ptolemy.util.test.junit.AutoTests" name="[451] /home/travis/build/icyphy/ptII/ptolemy/actor/lib/test/auto/functionClosureTest5.xml (RunModel)" time="0.014" />
  <testcase classname="ptolemy.util.test.junit.AutoTests" name="[452] /home/travis/build/icyphy/ptII/ptolemy/actor/lib/test/auto/functionClosureTest6.xml (RunModel)" time="0.007" />
  <testcase classname="ptolemy.util.test.junit.AutoTests" name="[453] /home/travis/build/icyphy/ptII/ptolemy/actor/lib/test/auto/functionsOnArcs.xml (RunModel)" time="0.01" />
  <testcase classname="ptolemy.util.test.junit.AutoTests" name="[454] /home/travis/build/icyphy/ptII/ptolemy/actor/lib/test/auto/functionsOnArcsHOF.xml (RunModel)" time="0.011" />
  <testcase classname="ptolemy.util.test.junit.AutoTests" name="[455] /home/travis/build/icyphy/ptII/ptolemy/actor/lib/test/auto/logic.xml (RunModel)" time="0.015" />
  <testcase classname="ptolemy.util.test.junit.AutoTests" name="[456] /home/travis/build/icyphy/ptII/ptolemy/actor/lib/test/auto/matrixType.xml (RunModel)" time="0.009" />
  <testcase classname="ptolemy.util.test.junit.AutoTests" name="[457] /home/travis/build/icyphy/ptII/ptolemy/actor/lib/test/auto/matrixType10.xml (RunModel)" time="0.008" />
  <testcase classname="ptolemy.util.test.junit.AutoTests" name="[458] /home/travis/build/icyphy/ptII/ptolemy/actor/lib/test/auto/matrixType11.xml (RunModel)" time="0.008" />
  <testcase classname="ptolemy.util.test.junit.AutoTests" name="[459] /home/travis/build/icyphy/ptII/ptolemy/actor/lib/test/auto/matrixType12.xml (RunModel)" time="0.007" />
  <testcase classname="ptolemy.util.test.junit.AutoTests" name="[460] /home/travis/build/icyphy/ptII/ptolemy/actor/lib/test/auto/matrixType13.xml (RunModel)" time="0.008" />
  <testcase classname="ptolemy.util.test.junit.AutoTests" name="[461] /home/travis/build/icyphy/ptII/ptolemy/actor/lib/test/auto/matrixType14.xml (RunModel)" time="0.008" />
  <testcase classname="ptolemy.util.test.junit.AutoTests" name="[462] /home/travis/build/icyphy/ptII/ptolemy/actor/lib/test/auto/matrixType2.xml (RunModel)" time="0.008" />
  <testcase classname="ptolemy.util.test.junit.AutoTests" name="[463] /home/travis/build/icyphy/ptII/ptolemy/actor/lib/test/auto/matrixType3.xml (RunModel)" time="0.008" />
  <testcase classname="ptolemy.util.test.junit.AutoTests" name="[464] /home/travis/build/icyphy/ptII/ptolemy/actor/lib/test/auto/matrixType4.xml (RunModel)" time="0.007" />
  <testcase classname="ptolemy.util.test.junit.AutoTests" name="[465] /home/travis/build/icyphy/ptII/ptolemy/actor/lib/test/auto/matrixType5.xml (RunModel)" time="0.008" />
  <testcase classname="ptolemy.util.test.junit.AutoTests" name="[466] /home/travis/build/icyphy/ptII/ptolemy/actor/lib/test/auto/matrixType6.xml (RunModel)" time="0.008" />
  <testcase classname="ptolemy.util.test.junit.AutoTests" name="[467] /home/travis/build/icyphy/ptII/ptolemy/actor/lib/test/auto/matrixType7.xml (RunModel)" time="0.008" />
  <testcase classname="ptolemy.util.test.junit.AutoTests" name="[468] /home/travis/build/icyphy/ptII/ptolemy/actor/lib/test/auto/matrixType8.xml (RunModel)" time="0.008" />
  <testcase classname="ptolemy.util.test.junit.AutoTests" name="[469] /home/travis/build/icyphy/ptII/ptolemy/actor/lib/test/auto/matrixType9.xml (RunModel)" time="0.008" />
  <testcase classname="ptolemy.util.test.junit.AutoTests" name="[470] /home/travis/build/icyphy/ptII/ptolemy/actor/lib/test/auto/paraFunctest.xml (RunModel)" time="0.007" />
  <testcase classname="ptolemy.util.test.junit.AutoTests" name="[471] /home/travis/build/icyphy/ptII/ptolemy/actor/lib/test/auto/paraFunctest2.xml (RunModel)" time="0.007" />
  <testcase classname="ptolemy.util.test.junit.AutoTests" name="[472] /home/travis/build/icyphy/ptII/ptolemy/actor/lib/test/auto/parameterPassing.xml (RunModel)" time="0.008" />
  <testcase classname="ptolemy.util.test.junit.AutoTests" name="[473] /home/travis/build/icyphy/ptII/ptolemy/actor/lib/test/auto/record.xml (RunModel)" time="0.008" />
  <testcase classname="ptolemy.util.test.junit.AutoTests" name="[474] /home/travis/build/icyphy/ptII/ptolemy/actor/lib/test/auto/sizedarray1.xml (RunModel)" time="0.008" />
  <testcase classname="ptolemy.util.test.junit.AutoTests" name="[475] /home/travis/build/icyphy/ptII/ptolemy/actor/lib/test/auto/sizedarray2.xml (RunModel)" time="0.008" />
  <testcase classname="ptolemy.util.test.junit.AutoTests" name="[476] /home/travis/build/icyphy/ptII/ptolemy/actor/lib/test/auto/twoPublishers.xml (RunModel)" time="0.017" />
  <system-out><![CDATA[/home/travis/build/icyphy/ptII/ptolemy/actor/lib/test/AbsoluteValue.tcl
testDefs.tcl: setting time out to 9000 seconds at Sat Jun 09 01:29:13 UTC 2018
73 ms. Memory: 116224K Free: 107793K (93%)
4 ms. Memory: 116224K Free: 106591K (92%)
4 ms. Memory: 116224K Free: 105986K (91%)
4 ms. Memory: 116224K Free: 104791K (90%)
/home/travis/build/icyphy/ptII/ptolemy/actor/lib/test/AddSubtract.tcl
7 ms. Memory: 116224K Free: 102984K (89%)
5 ms. Memory: 116224K Free: 102379K (88%)
4 ms. Memory: 116224K Free: 101193K (87%)
6 ms. Memory: 116224K Free: 100603K (87%)
5 ms. Memory: 116224K Free: 100006K (86%)
4 ms. Memory: 116224K Free: 99401K (86%)
/home/travis/build/icyphy/ptII/ptolemy/actor/lib/test/Average.tcl
6 ms. Memory: 116224K Free: 97601K (84%)
6 ms. Memory: 116224K Free: 96407K (83%)
/home/travis/build/icyphy/ptII/ptolemy/actor/lib/test/Bernoulli.tcl
4 ms. Memory: 116224K Free: 94615K (81%)
2 ms. Memory: 116224K Free: 94026K (81%)
/home/travis/build/icyphy/ptII/ptolemy/actor/lib/test/Clock.tcl
preinitializing
resolving types
initializing
executing number 1
wrapping up
idle
24 ms. Memory: 116224K Free: 91621K (79%)
Completed execution with 5 iterations
preinitializing
resolving types
initializing
executing number 1
wrapping up
idle
11 ms. Memory: 116224K Free: 91032K (78%)
Completed execution with 5 iterations
preinitializing
resolving types
initializing
executing number 1
wrapping up
idle
6 ms. Memory: 116224K Free: 90418K (78%)
Completed execution with 5 iterations
/home/travis/build/icyphy/ptII/ptolemy/actor/lib/test/Commutator.tcl
17 ms. Memory: 116224K Free: 88651K (76%)
13 ms. Memory: 116224K Free: 87457K (75%)
8 ms. Memory: 116224K Free: 82492K (71%)
/home/travis/build/icyphy/ptII/ptolemy/actor/lib/test/Const.tcl
4 ms. Memory: 116224K Free: 81054K (70%)
15 ms. Memory: 146944K Free: 139911K (95%)
7 ms. Memory: 146944K Free: 139911K (95%)
2 ms. Memory: 146944K Free: 137470K (94%)
1 ms. Memory: 146944K Free: 137470K (94%)
23 ms. Memory: 146944K Free: 135078K (92%)
8 ms. Memory: 146944K Free: 135078K (92%)
2 ms. Memory: 146944K Free: 133883K (91%)
/home/travis/build/icyphy/ptII/ptolemy/actor/lib/test/CurrentTime.tcl
preinitializing
resolving types
initializing
executing number 1
wrapping up
idle
7 ms. Memory: 146944K Free: 131491K (89%)
Completed execution with 11 iterations
/home/travis/build/icyphy/ptII/ptolemy/actor/lib/test/DB.tcl
7 ms. Memory: 146944K Free: 130295K (89%)
2 ms. Memory: 146944K Free: 129099K (88%)
1 ms. Memory: 146944K Free: 129099K (88%)
/home/travis/build/icyphy/ptII/ptolemy/actor/lib/test/DiscreteRandomSource.tcl
preinitializing
resolving types
initializing
executing number 1
wrapping up
idle
6 ms. Memory: 146944K Free: 127903K (87%)
Completed execution with 4 iterations
preinitializing
resolving types
initializing
executing number 1
wrapping up
idle
4 ms. Memory: 146944K Free: 126706K (86%)
Completed execution with 4 iterations
preinitializing
resolving types
initializing
executing number 1
wrapping up
idle
7 ms. Memory: 146944K Free: 126706K (86%)
Completed execution with 4 iterations
preinitializing
resolving types
initializing
executing number 1
wrapping up
idle
3 ms. Memory: 146944K Free: 125510K (85%)
Completed execution with 4 iterations
preinitializing
resolving types
initializing
executing number 1
wrapping up
idle
3 ms. Memory: 146944K Free: 125510K (85%)
Completed execution with 4 iterations
/home/travis/build/icyphy/ptII/ptolemy/actor/lib/test/Distributor.tcl
4 ms. Memory: 146944K Free: 124313K (85%)
3 ms. Memory: 146944K Free: 123117K (84%)
StreamChangeRequest.changeExecuted(): <deleteEntity name="rec2"/> succeeded
StreamChangeRequest.changeExecuted(): <deleteRelation name="r2"/> succeeded
StreamChangeRequest.changeExecuted(): Record firings per iteration succeeded
9 ms. Memory: 146944K Free: 120725K (82%)
/home/travis/build/icyphy/ptII/ptolemy/actor/lib/test/Exit.tcl
Exit.tcl: this will print a message about Manager.exitAfterWrapup, which can be ignored.
3 ms. Memory: 146944K Free: 117719K (80%)
/home/travis/build/icyphy/ptII/ptolemy/actor/lib/test/Expression.tcl
7 ms. Memory: 146944K Free: 114098K (78%)
16 ms. Memory: 146944K Free: 114098K (78%)
2 ms. Memory: 146944K Free: 112902K (77%)
preinitializing
resolving types
initializing
executing number 1
wrapping up
idle
4 ms. Memory: 146944K Free: 111706K (76%)
Completed execution with 6 iterations
4 ms. Memory: 146944K Free: 110510K (75%)
2 ms. Memory: 146944K Free: 109314K (74%)
12 ms. Memory: 146944K Free: 108118K (74%)
3 ms. Memory: 146944K Free: 106922K (73%)
9 ms. Memory: 146944K Free: 105726K (72%)
/home/travis/build/icyphy/ptII/ptolemy/actor/lib/test/Gaussian.tcl
8 ms. Memory: 146944K Free: 104531K (71%)
sleeping 1 seconds: ....................................................................................................................................................................................................................................................................................................................................................................................................................................................................................................................................................................................................................................................................................................................................................................................................................................................................................................................................................................................................................................................................................................................................................................................................................................................................................................................................................................................................................................................................................................................................................................................................................................................................................................................................................................................................................................................................................................................................................................................................................................................................................................................................................................................................................................................................................................................................................................................................................................................................................................................................................................................................................................................................................................................................................................................................................................................................................................................................................................................................................................................................................................................................................................................................................................................................................................................................................................................................................................................................................................................................................................................................................................................................................................................................................................................................................................................................................................................................................................................................................................................................................................................................................................................................................................................................................................................................................................................................................................................................................................................................................................................................................................................................................................................................................................................................................................................................................................................................................................................................................................................................................................................................................................................................................................................................................................................................................................................................................................................................................................................................................................................................................................................................................................................................................................................................................................................................................................................................................................................................................................................................................................................................................................................................................................................................................................................................................................................................................................................................................................................................................................................................................................................................................................................................................................................................................................................................................................................................................................................................................................................................................................................................................................................................................................................................................................................................................................................................................................................................................................................................................................................................................................................................................................................................................................................................................................................................................................................................................................................................................................................................................................................................................................................................................................................................................................................................................................................................................................................................................................................................................................................................................................................................................................................................................................................................................................................................................................................................................................................................................................................................................................................................................................................................................................................................................................................................................................................................................................................................................................................................................................................................................................................................................................................................................................................................................................................................................................................................................................................................................................................................................................................................................................................................................................................................................................................................................................................................................................................................................................................................................................................................................................................................................................................................................................................................................................................................................................................................................................................................................................................................................................................................................................................................................................................................................................................................................................................................................................................................................................................................................................................................................................................................................................................................................................................................................................................................................................................................................................................................................................................................................................................................................................................................................................................................................................................................................................................................................................................................................................................................................................................................................................................................................................................................................................................................................................................................................................................................................................................................................................................................................................................................................................................................................................................................................................................................................................................................................................................................................................................................................................................................................................................................................................................................................................................................................................................................................................................................................................................................................................................................................................................................................................................................................................................................................................................................................................................................................................................................................................................................................................................................................................................................................................................................................................................................................................................................................................................................................................................................................................................................................................................................................................................................................................................................................................................................................................................................................................................................................................................................................................................................................................................................................................................................................................................................................................................................................................................................................................................................................................................................................................................................................................................................................................................................................................................................................................................................................................................................................................................................................................................................................................................................................................................................................................................................................................................................................................................................................................................................................................................................................................................................................................................................................................................................................................................................................................................................................................................................................................................................................................................................................................................................................................................................................................................................................................................................................................................................................................................................................................................................................................................................................................................................................................................................................................................................................................................................................................................................................................................................................................................................................................................................................................................................................................................................................................................................................................................................................................................................................................................................................................................................................................................................................................................................................................................................................................................................................................................................................................................................................................................................................................................................................................................................................................................................................................................................................................................................................................................................................................................................................................................................................................................................................................................................................................................................................................................................................................................................................................................................................................................................................................................................................................................................................................................................................................................................................................................................................................................................................................................................................................................................................................................................................................................................................................................................................................................................................................................................................................................................................................................................................................................................................................................................................................................................................................................................................................................................................................................................................................................................................................................................................................................................................................................................................................................................................................................................................................................................................................................................................................................................................................................................................................................................................................................................................................................................................................................................................................................................................................................................................................................................................................................................................................................................................................................................................................................................................................................................................................................................................................................................................................................................................................................................................................................................................................................................................................................................................................................................................................................................................................................................................................................................................................................................................................................................................................................................................................................................................................................................................................................................................................................................................................................................................................................................................................................................................................................................................................................................................................................................................................................................................................................................................................................................................................................................................................................................................................................................................................................................................................................................................................................................................................................................................................................................................................................................................................................................................................................................................................................................................................................................................................................................................................................................................................................................................................................................................................................................................................................................................................................................................................................................................................................................................................................................................................................................................................................................................................................................................................................................................................................................................................................................................................................................................................................................................................................................................................................................................................................................................................................................................................................................................................................................................................................................................................................................................................................................................................................................................................................................................................................................................................................................................................................................................................................................................................................................................................................................................................................................................................................................................................................................................................................................................................................................................................................................................................................................................................................................................................................................................................................................................................................................................................................................................................................................................................................................................................................................................................................................................................................................................................................................................................................................................................................................................................................................................................................................................................................................................................................................................................................................................................................................................................................................................................................................................................................................................................................................................................................................................................................................................................................................................................................................................................................................................................................................................................................................................................................................................................................................................................................................2 ms. Memory: 208384K Free: 159775K (77%)
2 ms. Memory: 208384K Free: 159775K (77%)
2 ms. Memory: 208384K Free: 159775K (77%)
2 ms. Memory: 208384K Free: 157385K (76%)
6 ms. Memory: 208384K Free: 157385K (76%)
/home/travis/build/icyphy/ptII/ptolemy/actor/lib/test/IIR.tcl
/home/travis/build/icyphy/ptII/ptolemy/actor/lib/test/Interpolator.tcl
9 ms. Memory: 208384K Free: 152604K (73%)
1 ms. Memory: 208384K Free: 152604K (73%)
8 ms. Memory: 208384K Free: 152604K (73%)
1 ms. Memory: 208384K Free: 152604K (73%)
2 ms. Memory: 208384K Free: 150214K (72%)
2 ms. Memory: 208384K Free: 150214K (72%)
2 ms. Memory: 208384K Free: 150214K (72%)
2 ms. Memory: 208384K Free: 147824K (71%)
1 ms. Memory: 208384K Free: 147824K (71%)
2 ms. Memory: 208384K Free: 147824K (71%)
/home/travis/build/icyphy/ptII/ptolemy/actor/lib/test/MathFunction.tcl
12 ms. Memory: 208384K Free: 145433K (70%)
2 ms. Memory: 208384K Free: 143043K (69%)
3 ms. Memory: 208384K Free: 143043K (69%)
1 ms. Memory: 208384K Free: 140653K (67%)
3 ms. Memory: 208384K Free: 140653K (67%)
5 ms. Memory: 208384K Free: 138262K (66%)
/home/travis/build/icyphy/ptII/ptolemy/actor/lib/test/Maximum.tcl
12 ms. Memory: 208384K Free: 135872K (65%)
1 ms. Memory: 208384K Free: 135872K (65%)
10 ms. Memory: 208384K Free: 135872K (65%)
3 ms. Memory: 208384K Free: 133482K (64%)
/home/travis/build/icyphy/ptII/ptolemy/actor/lib/test/Minimum.tcl
6 ms. Memory: 208384K Free: 133482K (64%)
4 ms. Memory: 208384K Free: 131091K (63%)
1 ms. Memory: 208384K Free: 131091K (63%)
2 ms. Memory: 208384K Free: 131091K (63%)
/home/travis/build/icyphy/ptII/ptolemy/actor/lib/test/MultiplyDivide.tcl
5 ms. Memory: 208384K Free: 128701K (62%)
3 ms. Memory: 208384K Free: 128701K (62%)
2 ms. Memory: 208384K Free: 126310K (61%)
3 ms. Memory: 208384K Free: 126310K (61%)
2 ms. Memory: 208384K Free: 126310K (61%)
/home/travis/build/icyphy/ptII/ptolemy/actor/lib/test/OrderedMerge.tcl
Connections changed on port: inputA
Connections changed on port: inputB
Connections changed on port: output
Connections changed on port: output
Connections changed on port: output
Connections changed on port: input
.top. Preinitializing ...
Invoking preinitialize():  .top.OrderedMerge
Called preinitialize()
Invoking preinitialize():  .top.Ramp
Called preinitialize()
Invoking preinitialize():  .top.Ramp2
Called preinitialize()
Invoking preinitialize():  .top.Test
Called preinitialize()
Connections changed on port: inputA
Connections changed on port: output
Connections changed on port: inputB
Connections changed on port: output
Connections changed on port: output
Connections changed on port: input
.top. Finished preinitialize().
Called initialize().
Invoking initialize():  .top.OrderedMerge
Initializing actor: .top.OrderedMerge
Adding a thread: .top.OrderedMerge
Invoking initialize():  .top.Ramp
Initializing actor: .top.Ramp
Adding a thread: .top.Ramp
Invoking initialize():  .top.Ramp2
Initializing actor: .top.Ramp2
Adding a thread: .top.Ramp2
Invoking initialize():  .top.Test
Initializing actor: .top.Test
Adding a thread: .top.Test
-- Starting thread.
Called initialize()
Called prefire()
Called fire()
-- Starting thread.
Called initialize()
Called prefire()
Called fire()
Called postfire()
Called prefire()
Called fire()
-- Starting thread.
Called initialize()
Called prefire()
Called fire()
Called postfire()
Called prefire()
Called fire()
Called fire().
Checking for deadlock:
There are 3 Blocked actors, 0 Stopped actors, and 4 active threads.
Waiting for actors to stop.
-- Starting thread.
Called initialize()
Called prefire()
Called fire()
Checking for deadlock:
There are 2 Blocked actors, 0 Stopped actors, and 4 active threads.
Waiting for actors to stop.
Called postfire()
Called prefire()
Called fire()
Checking for deadlock:
There are 3 Blocked actors, 0 Stopped actors, and 4 active threads.
Waiting for actors to stop.
Read input token from inputA with value 0.0
Next port to read input from is inputB
Called postfire()
Called prefire()
Called fire()
Checking for deadlock:
There are 2 Blocked actors, 0 Stopped actors, and 4 active threads.
Waiting for actors to stop.
Called postfire()
Called prefire()
Called fire()
Checking for deadlock:
There are 3 Blocked actors, 0 Stopped actors, and 4 active threads.
Waiting for actors to stop.
Read input token from inputB with value 0.0
Checking for deadlock:
There are 2 Blocked actors, 0 Stopped actors, and 4 active threads.
Waiting for actors to stop.
-- Read input: 0.0, which is expected to match: 0.0
Called prefire()
Called fire()
Checking for deadlock:
There are 3 Blocked actors, 0 Stopped actors, and 4 active threads.
Waiting for actors to stop.
Sent output token with value 0.0
Next port to read input from is inputA
Called postfire()
Called prefire()
Called fire()
Checking for deadlock:
There are 2 Blocked actors, 0 Stopped actors, and 4 active threads.
Waiting for actors to stop.
Called postfire()
Called prefire()
Called fire()
Checking for deadlock:
There are 3 Blocked actors, 0 Stopped actors, and 4 active threads.
Waiting for actors to stop.
Read input token from inputA with value 1.0
Checking for deadlock:
There are 2 Blocked actors, 0 Stopped actors, and 4 active threads.
Waiting for actors to stop.
-- Read input: 0.0, which is expected to match: 0.0
Called prefire()
Called fire()
Checking for deadlock:
There are 3 Blocked actors, 0 Stopped actors, and 4 active threads.
Waiting for actors to stop.
Sent output token with value 0.0
Next port to read input from is inputB
Called postfire()
Called prefire()
Called fire()
Checking for deadlock:
There are 2 Blocked actors, 0 Stopped actors, and 4 active threads.
Waiting for actors to stop.
Called postfire()
Called prefire()
Called fire()
Checking for deadlock:
There are 3 Blocked actors, 0 Stopped actors, and 4 active threads.
Waiting for actors to stop.
Read input token from inputB with value 1.5
Checking for deadlock:
There are 2 Blocked actors, 0 Stopped actors, and 4 active threads.
Waiting for actors to stop.
-- Read input: 1.0, which is expected to match: 1.0
Called prefire()
Called fire()
Checking for deadlock:
There are 3 Blocked actors, 0 Stopped actors, and 4 active threads.
Waiting for actors to stop.
Sent output token with value 1.0
Next port to read input from is inputA
Called postfire()
Called prefire()
Called fire()
Checking for deadlock:
There are 2 Blocked actors, 0 Stopped actors, and 4 active threads.
Waiting for actors to stop.
Called postfire()
Called prefire()
Called fire()
Checking for deadlock:
There are 3 Blocked actors, 0 Stopped actors, and 4 active threads.
Waiting for actors to stop.
Read input token from inputA with value 2.0
Checking for deadlock:
There are 2 Blocked actors, 0 Stopped actors, and 4 active threads.
Waiting for actors to stop.
-- Read input: 1.5, which is expected to match: 1.5
Called prefire()
Called fire()
Checking for deadlock:
There are 3 Blocked actors, 0 Stopped actors, and 4 active threads.
Waiting for actors to stop.
Sent output token with value 1.5
Next port to read input from is inputB
Called postfire()
Called prefire()
Called fire()
Checking for deadlock:
There are 2 Blocked actors, 0 Stopped actors, and 4 active threads.
Waiting for actors to stop.
Called postfire()
Called prefire()
Called fire()
Checking for deadlock:
There are 3 Blocked actors, 0 Stopped actors, and 4 active threads.
Waiting for actors to stop.
Read input token from inputB with value 3.0
Checking for deadlock:
There are 2 Blocked actors, 0 Stopped actors, and 4 active threads.
Waiting for actors to stop.
-- Read input: 2.0, which is expected to match: 2.0
Called prefire()
Called fire()
Checking for deadlock:
There are 3 Blocked actors, 0 Stopped actors, and 4 active threads.
Waiting for actors to stop.
Sent output token with value 2.0
Next port to read input from is inputA
Called postfire()
Called prefire()
Called fire()
Checking for deadlock:
There are 2 Blocked actors, 0 Stopped actors, and 4 active threads.
Waiting for actors to stop.
Called postfire()
Called prefire()
Called fire()
Checking for deadlock:
There are 3 Blocked actors, 0 Stopped actors, and 4 active threads.
Waiting for actors to stop.
Read input token from inputA with value 3.0
Checking for deadlock:
There are 2 Blocked actors, 0 Stopped actors, and 4 active threads.
Waiting for actors to stop.
-- Read input: 3.0, which is expected to match: 3.0
Called prefire()
Called fire()
Checking for deadlock:
There are 3 Blocked actors, 0 Stopped actors, and 4 active threads.
Waiting for actors to stop.
Sent output token with value 3.0
Next port to read input from is inputB
Called postfire()
Called prefire()
Called fire()
Checking for deadlock:
There are 2 Blocked actors, 0 Stopped actors, and 4 active threads.
Waiting for actors to stop.
Called postfire()
Called prefire()
Called fire()
Checking for deadlock:
There are 3 Blocked actors, 0 Stopped actors, and 4 active threads.
Waiting for actors to stop.
Read input token from inputB with value 4.5
Checking for deadlock:
There are 2 Blocked actors, 0 Stopped actors, and 4 active threads.
Waiting for actors to stop.
-- Read input: 3.0, which is expected to match: 3.0
Called prefire()
Called fire()
Checking for deadlock:
There are 3 Blocked actors, 0 Stopped actors, and 4 active threads.
Waiting for actors to stop.
Sent output token with value 3.0
Next port to read input from is inputA
Called postfire()
Called prefire()
Called fire()
Checking for deadlock:
There are 2 Blocked actors, 0 Stopped actors, and 4 active threads.
Waiting for actors to stop.
Called postfire()
Called prefire()
Called fire()
Checking for deadlock:
There are 3 Blocked actors, 0 Stopped actors, and 4 active threads.
Waiting for actors to stop.
Read input token from inputA with value 4.0
Checking for deadlock:
There are 2 Blocked actors, 0 Stopped actors, and 4 active threads.
Waiting for actors to stop.
-- Read input: 4.0, which is expected to match: 4.0
Called prefire()
Called fire()
Past the end of training data. Read and discard all inputs.
Checking for deadlock:
There are 3 Blocked actors, 0 Stopped actors, and 4 active threads.
Waiting for actors to stop.
Sent output token with value 4.0
Next port to read input from is inputA
Called postfire()
Called prefire()
Called fire()
Checking for deadlock:
There are 2 Blocked actors, 0 Stopped actors, and 4 active threads.
Waiting for actors to stop.
Called postfire()
Called prefire()
Called fire()
Checking for deadlock:
There are 3 Blocked actors, 0 Stopped actors, and 4 active threads.
Waiting for actors to stop.
Read input token from inputA with value 5.0
Checking for deadlock:
There are 2 Blocked actors, 0 Stopped actors, and 4 active threads.
Waiting for actors to stop.
Called prefire()
Called fire()
Past the end of training data. Read and discard all inputs.
Checking for deadlock:
There are 3 Blocked actors, 0 Stopped actors, and 4 active threads.
Waiting for actors to stop.
Sent output token with value 4.5
Next port to read input from is inputB
Called postfire()
Called prefire()
Called fire()
Checking for deadlock:
There are 2 Blocked actors, 0 Stopped actors, and 4 active threads.
Waiting for actors to stop.
Called postfire()
Called prefire()
Called fire()
Checking for deadlock:
There are 3 Blocked actors, 0 Stopped actors, and 4 active threads.
Waiting for actors to stop.
Read input token from inputB with value 6.0
Checking for deadlock:
There are 2 Blocked actors, 0 Stopped actors, and 4 active threads.
Waiting for actors to stop.
Called prefire()
Called fire()
Past the end of training data. Read and discard all inputs.
Checking for deadlock:
There are 3 Blocked actors, 0 Stopped actors, and 4 active threads.
Waiting for actors to stop.
Sent output token with value 5.0
Next port to read input from is inputA
Called postfire()
Called prefire()
Called fire()
Checking for deadlock:
There are 2 Blocked actors, 0 Stopped actors, and 4 active threads.
Waiting for actors to stop.
Called postfire()
Called prefire()
Called fire()
Checking for deadlock:
There are 3 Blocked actors, 0 Stopped actors, and 4 active threads.
Waiting for actors to stop.
Read input token from inputA with value 6.0
Checking for deadlock:
There are 2 Blocked actors, 0 Stopped actors, and 4 active threads.
Waiting for actors to stop.
Called prefire()
Called fire()
Past the end of training data. Read and discard all inputs.
Checking for deadlock:
There are 3 Blocked actors, 0 Stopped actors, and 4 active threads.
Waiting for actors to stop.
Sent output token with value 6.0
Next port to read input from is inputB
Called postfire()
Called prefire()
Called fire()
Checking for deadlock:
There are 2 Blocked actors, 0 Stopped actors, and 4 active threads.
Waiting for actors to stop.
Called postfire()
Called prefire()
Called fire()
Checking for deadlock:
There are 3 Blocked actors, 0 Stopped actors, and 4 active threads.
Waiting for actors to stop.
Read input token from inputB with value 7.5
Checking for deadlock:
There are 2 Blocked actors, 0 Stopped actors, and 4 active threads.
Waiting for actors to stop.
Called prefire()
Called fire()
Past the end of training data. Read and discard all inputs.
Checking for deadlock:
There are 3 Blocked actors, 0 Stopped actors, and 4 active threads.
Waiting for actors to stop.
Sent output token with value 6.0
Next port to read input from is inputA
Called postfire()
Called prefire()
Called fire()
Checking for deadlock:
There are 2 Blocked actors, 0 Stopped actors, and 4 active threads.
Waiting for actors to stop.
Called postfire()
Called prefire()
Called fire()
Checking for deadlock:
There are 3 Blocked actors, 0 Stopped actors, and 4 active threads.
Waiting for actors to stop.
Read input token from inputA with value 7.0
Checking for deadlock:
There are 2 Blocked actors, 0 Stopped actors, and 4 active threads.
Waiting for actors to stop.
Called prefire()
Called fire()
Past the end of training data. Read and discard all inputs.
Checking for deadlock:
There are 3 Blocked actors, 0 Stopped actors, and 4 active threads.
Waiting for actors to stop.
Sent output token with value 7.0
Next port to read input from is inputA
Called postfire()
Called prefire()
Called fire()
Checking for deadlock:
There are 2 Blocked actors, 0 Stopped actors, and 4 active threads.
Waiting for actors to stop.
-- Thread wrapup() called.
Called wrapup()
Thread .top.Ramp is exiting.
-- Thread stopped.
Checking for deadlock:
There are 2 Blocked actors, 0 Stopped actors, and 3 active threads.
Waiting for actors to stop.
Read input token from inputA with value 8.0
Checking for deadlock:
There are 1 Blocked actors, 0 Stopped actors, and 3 active threads.
Waiting for actors to stop.
Called prefire()
Called fire()
Past the end of training data. Read and discard all inputs.
Checking for deadlock:
There are 2 Blocked actors, 0 Stopped actors, and 3 active threads.
Waiting for actors to stop.
Sent output token with value 7.5
Next port to read input from is inputB
Called postfire()
Called prefire()
Called fire()
Checking for deadlock:
There are 1 Blocked actors, 0 Stopped actors, and 3 active threads.
Waiting for actors to stop.
Called postfire()
Called prefire()
Called fire()
Checking for deadlock:
There are 2 Blocked actors, 0 Stopped actors, and 3 active threads.
Waiting for actors to stop.
Read input token from inputB with value 9.0
Checking for deadlock:
There are 1 Blocked actors, 0 Stopped actors, and 3 active threads.
Waiting for actors to stop.
Called prefire()
Called fire()
Past the end of training data. Read and discard all inputs.
Checking for deadlock:
There are 2 Blocked actors, 0 Stopped actors, and 3 active threads.
Waiting for actors to stop.
Sent output token with value 8.0
Next port to read input from is inputA
Called postfire()
Called prefire()
Called fire()
Read input token from inputA with value 9.0
Checking for deadlock:
There are 1 Blocked actors, 0 Stopped actors, and 3 active threads.
Waiting for actors to stop.
Called prefire()
Called fire()
Past the end of training data. Read and discard all inputs.
Checking for deadlock:
There are 2 Blocked actors, 0 Stopped actors, and 3 active threads.
Waiting for actors to stop.
Sent output token with value 9.0
Next port to read input from is inputB
Called postfire()
Called prefire()
Called fire()
Checking for deadlock:
There are 1 Blocked actors, 0 Stopped actors, and 3 active threads.
Waiting for actors to stop.
Called postfire()
Called prefire()
Called fire()
Checking for deadlock:
There are 2 Blocked actors, 0 Stopped actors, and 3 active threads.
Waiting for actors to stop.
Read input token from inputB with value 10.5
Checking for deadlock:
There are 1 Blocked actors, 0 Stopped actors, and 3 active threads.
Waiting for actors to stop.
Called prefire()
Called fire()
Past the end of training data. Read and discard all inputs.
Checking for deadlock:
There are 2 Blocked actors, 0 Stopped actors, and 3 active threads.
Waiting for actors to stop.
Sent output token with value 9.0
Next port to read input from is inputA
Called postfire()
Called prefire()
Called fire()
Checking for deadlock:
There are 3 Blocked actors, 0 Stopped actors, and 3 active threads.
Actors have stopped.
Checking for deadlock:
There are 3 Blocked actors, 0 Stopped actors, and 3 active threads.
Deadlock detected.
Resolving Deadlock
Checking for deadlock:
There are 3 Blocked actors, 0 Stopped actors, and 3 active threads.
Artificial Deadlock - increasing queue capacity.
increasing the capacity of receiver ptolemy.actor.TypedIOPort {.top.OrderedMerge.inputB} to 2
Director: Called postfire().
Called postfire().
_stopRequested = false
_stopFireRequested = false
Returning from postfire(): true
Called fire().
Checking for deadlock:
There are 2 Blocked actors, 0 Stopped actors, and 3 active threads.
Waiting for actors to stop.
-- Thread wrapup() called.
Called wrapup()
Thread .top.Ramp2 is exiting.
-- Thread stopped.
Checking for deadlock:
There are 2 Blocked actors, 0 Stopped actors, and 2 active threads.
Actors have stopped.
Checking for deadlock:
There are 2 Blocked actors, 0 Stopped actors, and 2 active threads.
Deadlock detected.
Resolving Deadlock
Checking for deadlock:
There are 2 Blocked actors, 0 Stopped actors, and 2 active threads.
Deadlock detected: no processes blocked on write, but some are blocked on read.
Called postfire().
_stopRequested = false
_stopFireRequested = false
Returning from postfire(): false
Finished deactivating branches.
Called wrapup().
-- Thread wrapup() called.
Called wrapup()
Thread .top.OrderedMerge is exiting.
-- Thread stopped.
-- Blocked Receiver call threw TerminateProcessException.
-- Thread wrapup() called.
Called wrapup()
Thread .top.Test is exiting.
-- Thread stopped.
-- Blocked Receiver call threw TerminateProcessException.
41 ms. Memory: 208384K Free: 119005K (57%)
.top. Preinitializing ...
Invoking preinitialize():  .top.OrderedMerge
Called preinitialize()
Invoking preinitialize():  .top.Ramp
Called preinitialize()
Invoking preinitialize():  .top.Ramp2
Called preinitialize()
Invoking preinitialize():  .top.Test
Called preinitialize()
.top. Finished preinitialize().
Called initialize().
Invoking initialize():  .top.OrderedMerge
Initializing actor: .top.OrderedMerge
Adding a thread: .top.OrderedMerge
Invoking initialize():  .top.Ramp
Initializing actor: .top.Ramp
Adding a thread: .top.Ramp
Invoking initialize():  .top.Ramp2
Initializing actor: .top.Ramp2
Adding a thread: .top.Ramp2
Invoking initialize():  .top.Test
Initializing actor: .top.Test
Adding a thread: .top.Test
-- Starting thread.
Called initialize()
Called prefire()
Called fire()
-- Starting thread.
Called initialize()
Called prefire()
Called fire()
Called postfire()
Called prefire()
Called fire()
-- Starting thread.
Called initialize()
Called prefire()
Called fire()
Called postfire()
Called prefire()
Called fire()
Called fire().
Checking for deadlock:
There are 3 Blocked actors, 0 Stopped actors, and 4 active threads.
Waiting for actors to stop.
-- Starting thread.
Called initialize()
Called prefire()
Called fire()
Checking for deadlock:
There are 2 Blocked actors, 0 Stopped actors, and 4 active threads.
Waiting for actors to stop.
Called postfire()
Called prefire()
Called fire()
Checking for deadlock:
There are 3 Blocked actors, 0 Stopped actors, and 4 active threads.
Waiting for actors to stop.
Read input token from inputA with value 0.0
Next port to read input from is inputB
Called postfire()
Called prefire()
Called fire()
Checking for deadlock:
There are 2 Blocked actors, 0 Stopped actors, and 4 active threads.
Waiting for actors to stop.
Called postfire()
Called prefire()
Called fire()
Checking for deadlock:
There are 3 Blocked actors, 0 Stopped actors, and 4 active threads.
Waiting for actors to stop.
Read input token from inputB with value 0.0
Checking for deadlock:
There are 2 Blocked actors, 0 Stopped actors, and 4 active threads.
Waiting for actors to stop.
-- Read input: 0.0, which is expected to match: 0.0
Called prefire()
Called fire()
Checking for deadlock:
There are 3 Blocked actors, 0 Stopped actors, and 4 active threads.
Waiting for actors to stop.
Sent output token with value 0.0
Next port to read input from is inputA
Called postfire()
Called prefire()
Called fire()
Checking for deadlock:
There are 2 Blocked actors, 0 Stopped actors, and 4 active threads.
Waiting for actors to stop.
Called postfire()
Called prefire()
Called fire()
Checking for deadlock:
There are 3 Blocked actors, 0 Stopped actors, and 4 active threads.
Waiting for actors to stop.
Read input token from inputA with value 1.0
Checking for deadlock:
There are 2 Blocked actors, 0 Stopped actors, and 4 active threads.
Waiting for actors to stop.
-- Read input: 0.0, which is expected to match: 0.0
Called prefire()
Called fire()
Checking for deadlock:
There are 3 Blocked actors, 0 Stopped actors, and 4 active threads.
Waiting for actors to stop.
Sent output token with value 0.0
Next port to read input from is inputB
Called postfire()
Called prefire()
Called fire()
Checking for deadlock:
There are 2 Blocked actors, 0 Stopped actors, and 4 active threads.
Waiting for actors to stop.
Called postfire()
Called prefire()
Called fire()
Checking for deadlock:
There are 3 Blocked actors, 0 Stopped actors, and 4 active threads.
Waiting for actors to stop.
Read input token from inputB with value 1.5
Checking for deadlock:
There are 2 Blocked actors, 0 Stopped actors, and 4 active threads.
Waiting for actors to stop.
-- Read input: 1.0, which is expected to match: 1.0
Called prefire()
Called fire()
Checking for deadlock:
There are 3 Blocked actors, 0 Stopped actors, and 4 active threads.
Waiting for actors to stop.
Sent output token with value 1.0
Next port to read input from is inputA
Called postfire()
Called prefire()
Called fire()
Checking for deadlock:
There are 2 Blocked actors, 0 Stopped actors, and 4 active threads.
Waiting for actors to stop.
Called postfire()
Called prefire()
Called fire()
Checking for deadlock:
There are 3 Blocked actors, 0 Stopped actors, and 4 active threads.
Waiting for actors to stop.
Read input token from inputA with value 2.0
Checking for deadlock:
There are 2 Blocked actors, 0 Stopped actors, and 4 active threads.
Waiting for actors to stop.
-- Read input: 1.5, which is expected to match: 1.5
Called prefire()
Called fire()
Checking for deadlock:
There are 3 Blocked actors, 0 Stopped actors, and 4 active threads.
Waiting for actors to stop.
Sent output token with value 1.5
Next port to read input from is inputB
Called postfire()
Called prefire()
Called fire()
Checking for deadlock:
There are 2 Blocked actors, 0 Stopped actors, and 4 active threads.
Waiting for actors to stop.
Called postfire()
Called prefire()
Called fire()
Checking for deadlock:
There are 3 Blocked actors, 0 Stopped actors, and 4 active threads.
Waiting for actors to stop.
Read input token from inputB with value 3.0
Checking for deadlock:
There are 2 Blocked actors, 0 Stopped actors, and 4 active threads.
Waiting for actors to stop.
-- Read input: 2.0, which is expected to match: 2.0
Called prefire()
Called fire()
Checking for deadlock:
There are 3 Blocked actors, 0 Stopped actors, and 4 active threads.
Waiting for actors to stop.
Sent output token with value 2.0
Next port to read input from is inputA
Called postfire()
Called prefire()
Called fire()
Checking for deadlock:
There are 2 Blocked actors, 0 Stopped actors, and 4 active threads.
Waiting for actors to stop.
Called postfire()
Called prefire()
Called fire()
Checking for deadlock:
There are 3 Blocked actors, 0 Stopped actors, and 4 active threads.
Waiting for actors to stop.
Read input token from inputA with value 3.0
Checking for deadlock:
There are 2 Blocked actors, 0 Stopped actors, and 4 active threads.
Waiting for actors to stop.
-- Read input: 3.0, which is expected to match: 3.0
Called prefire()
Called fire()
Checking for deadlock:
There are 3 Blocked actors, 0 Stopped actors, and 4 active threads.
Waiting for actors to stop.
Sent output token with value 3.0
Next port to read input from is inputB
Called postfire()
Called prefire()
Called fire()
Checking for deadlock:
There are 2 Blocked actors, 0 Stopped actors, and 4 active threads.
Waiting for actors to stop.
Called postfire()
Called prefire()
Called fire()
Checking for deadlock:
There are 3 Blocked actors, 0 Stopped actors, and 4 active threads.
Waiting for actors to stop.
Read input token from inputB with value 4.5
Checking for deadlock:
There are 2 Blocked actors, 0 Stopped actors, and 4 active threads.
Waiting for actors to stop.
-- Read input: 3.0, which is expected to match: 3.0
Called prefire()
Called fire()
Checking for deadlock:
There are 3 Blocked actors, 0 Stopped actors, and 4 active threads.
Waiting for actors to stop.
Sent output token with value 3.0
Next port to read input from is inputA
Called postfire()
Called prefire()
Called fire()
Checking for deadlock:
There are 2 Blocked actors, 0 Stopped actors, and 4 active threads.
Waiting for actors to stop.
Called postfire()
Called prefire()
Called fire()
Checking for deadlock:
There are 3 Blocked actors, 0 Stopped actors, and 4 active threads.
Waiting for actors to stop.
Read input token from inputA with value 4.0
Checking for deadlock:
There are 2 Blocked actors, 0 Stopped actors, and 4 active threads.
Waiting for actors to stop.
-- Read input: 4.0, which is expected to match: 4.0
Called prefire()
Called fire()
Past the end of training data. Read and discard all inputs.
Checking for deadlock:
There are 3 Blocked actors, 0 Stopped actors, and 4 active threads.
Waiting for actors to stop.
Sent output token with value 4.0
Next port to read input from is inputA
Called postfire()
Called prefire()
Called fire()
Checking for deadlock:
There are 2 Blocked actors, 0 Stopped actors, and 4 active threads.
Waiting for actors to stop.
Called postfire()
Called prefire()
Called fire()
Checking for deadlock:
There are 3 Blocked actors, 0 Stopped actors, and 4 active threads.
Waiting for actors to stop.
Read input token from inputA with value 5.0
Checking for deadlock:
There are 2 Blocked actors, 0 Stopped actors, and 4 active threads.
Waiting for actors to stop.
Called prefire()
Called fire()
Past the end of training data. Read and discard all inputs.
Checking for deadlock:
There are 3 Blocked actors, 0 Stopped actors, and 4 active threads.
Waiting for actors to stop.
Sent output token with value 4.5
Next port to read input from is inputB
Called postfire()
Called prefire()
Called fire()
Checking for deadlock:
There are 2 Blocked actors, 0 Stopped actors, and 4 active threads.
Waiting for actors to stop.
Called postfire()
Called prefire()
Called fire()
Checking for deadlock:
There are 3 Blocked actors, 0 Stopped actors, and 4 active threads.
Waiting for actors to stop.
Read input token from inputB with value 6.0
Checking for deadlock:
There are 2 Blocked actors, 0 Stopped actors, and 4 active threads.
Waiting for actors to stop.
Called prefire()
Called fire()
Past the end of training data. Read and discard all inputs.
Checking for deadlock:
There are 3 Blocked actors, 0 Stopped actors, and 4 active threads.
Waiting for actors to stop.
Sent output token with value 5.0
Next port to read input from is inputA
Called postfire()
Called prefire()
Called fire()
Checking for deadlock:
There are 2 Blocked actors, 0 Stopped actors, and 4 active threads.
Waiting for actors to stop.
Called postfire()
Called prefire()
Called fire()
Checking for deadlock:
There are 3 Blocked actors, 0 Stopped actors, and 4 active threads.
Waiting for actors to stop.
Read input token from inputA with value 6.0
Checking for deadlock:
There are 2 Blocked actors, 0 Stopped actors, and 4 active threads.
Waiting for actors to stop.
Called prefire()
Called fire()
Past the end of training data. Read and discard all inputs.
Checking for deadlock:
There are 3 Blocked actors, 0 Stopped actors, and 4 active threads.
Waiting for actors to stop.
Sent output token with value 6.0
Next port to read input from is inputB
Called postfire()
Called prefire()
Called fire()
Called postfire()
Called prefire()
Called fire()
Checking for deadlock:
There are 3 Blocked actors, 0 Stopped actors, and 4 active threads.
Waiting for actors to stop.
Read input token from inputB with value 7.5
Sent output token with value 6.0
Called prefire()
Called fire()
Past the end of training data. Read and discard all inputs.
Next port to read input from is inputA
Called postfire()
Called prefire()
Called fire()
Checking for deadlock:
There are 3 Blocked actors, 0 Stopped actors, and 4 active threads.
Waiting for actors to stop.
Checking for deadlock:
There are 2 Blocked actors, 0 Stopped actors, and 4 active threads.
Waiting for actors to stop.
Called postfire()
Read input token from inputA with value 7.0
Called prefire()
Called fire()
Sent output token with value 7.0
Next port to read input from is inputA
Called postfire()
Called prefire()
Called prefire()
Called fire()
Called fire()
Past the end of training data. Read and discard all inputs.
Checking for deadlock:
Read input token from inputA with value 8.0
There are 2 Blocked actors, 0 Stopped actors, and 4 active threads.
Waiting for actors to stop.
Checking for deadlock:
-- Thread wrapup() called.
There are 1 Blocked actors, 0 Stopped actors, and 4 active threads.
Called wrapup()
Waiting for actors to stop.
Thread .top.Ramp is exiting.
-- Thread stopped.
Sent output token with value 7.5
Next port to read input from is inputB
Called postfire()
Called prefire()
Called fire()
Read input token from inputB with value 9.0
Called prefire()
Called fire()
Past the end of training data. Read and discard all inputs.
Checking for deadlock:
There are 1 Blocked actors, 0 Stopped actors, and 3 active threads.
Waiting for actors to stop.
Called postfire()
Called prefire()
Called fire()
Checking for deadlock:
There are 2 Blocked actors, 0 Stopped actors, and 3 active threads.
Waiting for actors to stop.
Called prefire()
Called fire()
Past the end of training data. Read and discard all inputs.
Checking for deadlock:
There are 2 Blocked actors, 0 Stopped actors, and 3 active threads.
Waiting for actors to stop.
Sent output token with value 8.0
Next port to read input from is inputA
Called postfire()
Called prefire()
Called fire()
Read input token from inputA with value 9.0
Sent output token with value 9.0
Next port to read input from is inputB
Called postfire()
Called prefire()
Called fire()
Read input token from inputB with value 10.5
Called postfire()
Called prefire()
Called fire()
Checking for deadlock:
There are 2 Blocked actors, 0 Stopped actors, and 3 active threads.
Waiting for actors to stop.
Called prefire()
Called fire()
Past the end of training data. Read and discard all inputs.
Checking for deadlock:
There are 2 Blocked actors, 0 Stopped actors, and 3 active threads.
Waiting for actors to stop.
Checking for deadlock:
There are 1 Blocked actors, 0 Stopped actors, and 3 active threads.
Waiting for actors to stop.
Sent output token with value 9.0
Next port to read input from is inputA
Called postfire()
Called prefire()
Called fire()
Checking for deadlock:
There are 2 Blocked actors, 0 Stopped actors, and 3 active threads.
Called prefire()
Waiting for actors to stop.
Called fire()
Past the end of training data. Read and discard all inputs.
Checking for deadlock:
There are 3 Blocked actors, 0 Stopped actors, and 3 active threads.
Actors have stopped.
Checking for deadlock:
There are 3 Blocked actors, 0 Stopped actors, and 3 active threads.
Deadlock detected.
Resolving Deadlock
Checking for deadlock:
There are 3 Blocked actors, 0 Stopped actors, and 3 active threads.
Artificial Deadlock - increasing queue capacity.
increasing the capacity of receiver ptolemy.actor.TypedIOPort {.top.OrderedMerge.inputB} to 2
Director: Called postfire().
Called postfire().
_stopRequested = false
_stopFireRequested = false
Returning from postfire(): true
Called fire().
Checking for deadlock:
There are 2 Blocked actors, 0 Stopped actors, and 3 active threads.
Waiting for actors to stop.
-- Thread wrapup() called.
Called wrapup()
Thread .top.Ramp2 is exiting.
-- Thread stopped.
Checking for deadlock:
There are 2 Blocked actors, 0 Stopped actors, and 2 active threads.
Actors have stopped.
Checking for deadlock:
There are 2 Blocked actors, 0 Stopped actors, and 2 active threads.
Deadlock detected.
Resolving Deadlock
Checking for deadlock:
There are 2 Blocked actors, 0 Stopped actors, and 2 active threads.
Deadlock detected: no processes blocked on write, but some are blocked on read.
Called postfire().
_stopRequested = false
_stopFireRequested = false
Returning from postfire(): false
Finished deactivating branches.
Called wrapup().
-- Thread wrapup() called.
Called wrapup()
-- Thread wrapup() called.
Called wrapup()
Thread .top.OrderedMerge is exiting.
-- Thread stopped.
-- Blocked Receiver call threw TerminateProcessException.
Thread .top.Test is exiting.
-- Thread stopped.
-- Blocked Receiver call threw TerminateProcessException.
40 ms. Memory: 208384K Free: 114090K (55%)
/home/travis/build/icyphy/ptII/ptolemy/actor/lib/test/Publisher.tcl
6 ms. Memory: 208384K Free: 106918K (51%)
17 ms. Memory: 208384K Free: 102137K (49%)
2 ms. Memory: 208384K Free: 97356K (47%)
12 ms. Memory: 208384K Free: 94965K (46%)
2 ms. Memory: 208384K Free: 94965K (46%)
13 ms. Memory: 208384K Free: 94965K (46%)
3 ms. Memory: 208384K Free: 92575K (44%)
4 ms. Memory: 208384K Free: 92575K (44%)
1 ms. Memory: 208384K Free: 83014K (40%)
20 ms. Memory: 208384K Free: 80623K (39%)
26 ms. Memory: 208384K Free: 199627K (96%)
1 ms. Memory: 208384K Free: 197269K (95%)
10 ms. Memory: 208384K Free: 189855K (91%)
6 ms. Memory: 208384K Free: 180389K (87%)
21 ms. Memory: 208384K Free: 168596K (81%)
/home/travis/build/icyphy/ptII/ptolemy/actor/lib/test/Pulse.tcl
7 ms. Memory: 208384K Free: 126101K (61%)
8 ms. Memory: 208384K Free: 123726K (59%)
2 ms. Memory: 208384K Free: 123726K (59%)
1 ms. Memory: 208384K Free: 123726K (59%)
1 ms. Memory: 208384K Free: 123726K (59%)
2 ms. Memory: 208384K Free: 121351K (58%)
3 ms. Memory: 208384K Free: 121351K (58%)
2 ms. Memory: 208384K Free: 121351K (58%)
2 ms. Memory: 208384K Free: 118993K (57%)
/home/travis/build/icyphy/ptII/ptolemy/actor/lib/test/Ramp.tcl
4 ms. Memory: 208384K Free: 116634K (56%)
2 ms. Memory: 208384K Free: 116634K (56%)
2 ms. Memory: 208384K Free: 116634K (56%)
1 ms. Memory: 208384K Free: 116634K (56%)
9 ms. Memory: 208384K Free: 114273K (55%)
7 ms. Memory: 208384K Free: 114273K (55%)
7 ms. Memory: 208384K Free: 111914K (54%)
5 actors
9000 microseconds per iteration to create
11 ms. Memory: 208384K Free: 109539K (53%)
1 ms. Memory: 208384K Free: 109539K (53%)
2 ms. Memory: 208384K Free: 109539K (53%)
1 ms. Memory: 208384K Free: 107173K (51%)
50 actors
49000 microseconds per iteration to create
34 ms. Memory: 208384K Free: 92988K (45%)
12 ms. Memory: 208384K Free: 90614K (43%)
5 ms. Memory: 208384K Free: 90614K (43%)
5 ms. Memory: 208384K Free: 90614K (43%)
500 actors
1288000 microseconds per iteration to create
221 ms. Memory: 331776K Free: 160245K (48%)
38 ms. Memory: 331776K Free: 155478K (47%)
43 ms. Memory: 331776K Free: 150712K (45%)
55 ms. Memory: 331776K Free: 145945K (44%)
/home/travis/build/icyphy/ptII/ptolemy/actor/lib/test/RampContinuous.tcl
6 ms. Memory: 331776K Free: 145945K (44%)
/home/travis/build/icyphy/ptII/ptolemy/actor/lib/test/RecordAssembler.tcl
5 ms. Memory: 331776K Free: 141171K (43%)
4 ms. Memory: 331776K Free: 141171K (43%)
/home/travis/build/icyphy/ptII/ptolemy/actor/lib/test/RecordDisassembler.tcl
6 ms. Memory: 331776K Free: 141171K (43%)
5 ms. Memory: 331776K Free: 141171K (43%)
4 ms. Memory: 331776K Free: 136388K (41%)
/home/travis/build/icyphy/ptII/ptolemy/actor/lib/test/Scale.tcl
2 ms. Memory: 331776K Free: 136388K (41%)
2 ms. Memory: 331776K Free: 136388K (41%)
1 ms. Memory: 331776K Free: 136388K (41%)
6 ms. Memory: 331776K Free: 136388K (41%)
3 ms. Memory: 331776K Free: 131622K (40%)
/home/travis/build/icyphy/ptII/ptolemy/actor/lib/test/SequentialClock.tcl
preinitializing
resolving types
initializing
executing number 1
wrapping up
idle
5 ms. Memory: 331776K Free: 131622K (40%)
Completed execution with 5 iterations
preinitializing
resolving types
initializing
executing number 1
wrapping up
idle
2 ms. Memory: 331776K Free: 131622K (40%)
Completed execution with 5 iterations
preinitializing
resolving types
initializing
executing number 1
wrapping up
idle
1 ms. Memory: 331776K Free: 131622K (40%)
Completed execution with 5 iterations
/home/travis/build/icyphy/ptII/ptolemy/actor/lib/test/SetVariable.tcl
3 ms. Memory: 331776K Free: 126839K (38%)
/home/travis/build/icyphy/ptII/ptolemy/actor/lib/test/Sinewave.tcl
/home/travis/build/icyphy/ptII/ptolemy/actor/lib/test/SubscriptionAggregator.tcl
4 ms. Memory: 331776K Free: 117290K (35%)
2 ms. Memory: 331776K Free: 112523K (34%)
1 ms. Memory: 331776K Free: 112523K (34%)
1 ms. Memory: 331776K Free: 112523K (34%)
1 ms. Memory: 331776K Free: 107741K (32%)
3 ms. Memory: 331776K Free: 107741K (32%)
...............................................................767 ms. Memory: 577536K Free: 301211K (52%)
/home/travis/build/icyphy/ptII/ptolemy/actor/lib/test/Test.tcl
 The next command will produce a warning about training mode,
   which may be ignored.
3 ms. Memory: 577536K Free: 301211K (52%)
1 ms. Memory: 577536K Free: 301211K (52%)
1 ms. Memory: 577536K Free: 301211K (52%)
1 ms. Memory: 577536K Free: 301211K (52%)
1 ms. Memory: 577536K Free: 301211K (52%)
2 ms. Memory: 577536K Free: 291588K (50%)
2 ms. Memory: 577536K Free: 291588K (50%)
 The next command will produce a warning about training mode,
   which may be ignored.
4 ms. Memory: 577536K Free: 291588K (50%)
 The next command will produce a warning about training mode,
   which may be ignored.
3 ms. Memory: 577536K Free: 291588K (50%)
1 ms. Memory: 577536K Free: 291588K (50%)
1 ms. Memory: 577536K Free: 291588K (50%)
1 ms. Memory: 577536K Free: 291588K (50%)
1 ms. Memory: 577536K Free: 291588K (50%)
2 ms. Memory: 577536K Free: 281980K (49%)
/home/travis/build/icyphy/ptII/ptolemy/actor/lib/test/TestExceptionHandler.tcl
 The next command will produce a warning about training mode,
   which may be ignored.
1 ms. Memory: 577536K Free: 281980K (49%)
1 ms. Memory: 577536K Free: 281980K (49%)
0 ms. Memory: 577536K Free: 281980K (49%)
/home/travis/build/icyphy/ptII/ptolemy/actor/lib/test/UnionDisassembler.tcl
12 ms. Memory: 577536K Free: 272373K (47%)
/home/travis/build/icyphy/ptII/ptolemy/actor/lib/test/VariableClock.tcl
preinitializing
resolving types
initializing
executing number 1
wrapping up
idle
3 ms. Memory: 577536K Free: 272373K (47%)
Completed execution with 11 iterations
preinitializing
resolving types
initializing
executing number 1
wrapping up
idle
3 ms. Memory: 577536K Free: 272373K (47%)
Completed execution with 10 iterations
06/09/18 01:29:20
Failed: 0  Total Tests: 234  ((Passed: 234, Newly Passed: 0)  Known Failed: 0) /home/travis/build/icyphy/ptII/ptolemy/actor/lib/test
----------------- testing (KnownFailure) /home/travis/build/icyphy/ptII/ptolemy/actor/lib/test/auto/knownFailedTests/PublisherPortToplevelSubscriber.xml
0 ms. Memory: 577536K Free: 262645K (45%)
Known Failure: java.lang.reflect.InvocationTargetException
----------------- testing (KnownFailure) /home/travis/build/icyphy/ptII/ptolemy/actor/lib/test/auto/knownFailedTests/PublisherSubscriberPortToplevel.xml
1 ms. Memory: 577536K Free: 243188K (42%)
Known Failure: java.lang.reflect.InvocationTargetException
----------------- testing (KnownFailure) /home/travis/build/icyphy/ptII/ptolemy/actor/lib/test/auto/knownFailedTests/PublisherSubscriptionAggregatorPort.xml
2 ms. Memory: 577536K Free: 223732K (39%)
Known Failure: java.lang.reflect.InvocationTargetException
----------------- testing (KnownFailure) /home/travis/build/icyphy/ptII/ptolemy/actor/lib/test/auto/knownFailedTests/sizedarray3.xml
4 ms. Memory: 577536K Free: 204276K (35%)
Known Failure: java.lang.reflect.InvocationTargetException
No auto/linux-amd64/*.xml tests in /home/travis/build/icyphy/ptII/ptolemy/actor/lib/test
AutoTests.java: About to close Vertx.
AutoTests.java: Vertx closed.

===========================================================================================
----------------- testing Sat Jun 09 01:29:20 UTC 2018 /home/travis/build/icyphy/ptII/ptolemy/actor/lib/test/auto/AbsoluteValue.xml
----------------- Instantiating /home/travis/build/icyphy/ptII/ptolemy/actor/lib/test/auto/AbsoluteValue.xml
17 ms. Memory: 577536K Free: 117085K (20%)
----------------- Invoking toplevel() on ptolemy.moml.MoMLSimpleApplication@325f1dd0
----------------- Done invoking toplevel() on ptolemy.moml.MoMLSimpleApplication@325f1dd0
reloadAllAccessors: .AbsoluteValue

===========================================================================================
----------------- testing Sat Jun 09 01:29:20 UTC 2018 /home/travis/build/icyphy/ptII/ptolemy/actor/lib/test/auto/AbsoluteValue2.xml
----------------- Instantiating /home/travis/build/icyphy/ptII/ptolemy/actor/lib/test/auto/AbsoluteValue2.xml
4 ms. Memory: 577536K Free: 102492K (18%)
----------------- Invoking toplevel() on ptolemy.moml.MoMLSimpleApplication@707a6720
----------------- Done invoking toplevel() on ptolemy.moml.MoMLSimpleApplication@707a6720
reloadAllAccessors: .AbsoluteValue2

===========================================================================================
----------------- testing Sat Jun 09 01:29:20 UTC 2018 /home/travis/build/icyphy/ptII/ptolemy/actor/lib/test/auto/Accumulator.xml
----------------- Instantiating /home/travis/build/icyphy/ptII/ptolemy/actor/lib/test/auto/Accumulator.xml
6 ms. Memory: 577536K Free: 92764K (16%)
----------------- Invoking toplevel() on ptolemy.moml.MoMLSimpleApplication@79445785
----------------- Done invoking toplevel() on ptolemy.moml.MoMLSimpleApplication@79445785
reloadAllAccessors: .Accumulator

===========================================================================================
----------------- testing Sat Jun 09 01:29:20 UTC 2018 /home/travis/build/icyphy/ptII/ptolemy/actor/lib/test/auto/Accumulator2.xml
----------------- Instantiating /home/travis/build/icyphy/ptII/ptolemy/actor/lib/test/auto/Accumulator2.xml
4 ms. Memory: 577536K Free: 73429K (13%)
----------------- Invoking toplevel() on ptolemy.moml.MoMLSimpleApplication@71ab6deb
----------------- Done invoking toplevel() on ptolemy.moml.MoMLSimpleApplication@71ab6deb
reloadAllAccessors: .Accumulator2

===========================================================================================
----------------- testing Sat Jun 09 01:29:20 UTC 2018 /home/travis/build/icyphy/ptII/ptolemy/actor/lib/test/auto/Accumulator3.xml
----------------- Instantiating /home/travis/build/icyphy/ptII/ptolemy/actor/lib/test/auto/Accumulator3.xml
68 ms. Memory: 580608K Free: 532180K (92%)
----------------- Invoking toplevel() on ptolemy.moml.MoMLSimpleApplication@54bd34f7
----------------- Done invoking toplevel() on ptolemy.moml.MoMLSimpleApplication@54bd34f7
reloadAllAccessors: .Accumulator3

===========================================================================================
----------------- testing Sat Jun 09 01:29:21 UTC 2018 /home/travis/build/icyphy/ptII/ptolemy/actor/lib/test/auto/ArrayAppend.xml
----------------- Instantiating /home/travis/build/icyphy/ptII/ptolemy/actor/lib/test/auto/ArrayAppend.xml
4 ms. Memory: 580608K Free: 511606K (88%)
----------------- Invoking toplevel() on ptolemy.moml.MoMLSimpleApplication@28e9f097
----------------- Done invoking toplevel() on ptolemy.moml.MoMLSimpleApplication@28e9f097
reloadAllAccessors: .ArrayAppend

===========================================================================================
----------------- testing Sat Jun 09 01:29:21 UTC 2018 /home/travis/build/icyphy/ptII/ptolemy/actor/lib/test/auto/ArrayAppend2.xml
----------------- Instantiating /home/travis/build/icyphy/ptII/ptolemy/actor/lib/test/auto/ArrayAppend2.xml
375 ms. Memory: 580608K Free: 423814K (73%)
----------------- Invoking toplevel() on ptolemy.moml.MoMLSimpleApplication@5b17c6ab
----------------- Done invoking toplevel() on ptolemy.moml.MoMLSimpleApplication@5b17c6ab
reloadAllAccessors: .ArrayAppend2

===========================================================================================
----------------- testing Sat Jun 09 01:29:21 UTC 2018 /home/travis/build/icyphy/ptII/ptolemy/actor/lib/test/auto/ArrayAppend3.xml
----------------- Instantiating /home/travis/build/icyphy/ptII/ptolemy/actor/lib/test/auto/ArrayAppend3.xml
5 ms. Memory: 580608K Free: 417329K (72%)
----------------- Invoking toplevel() on ptolemy.moml.MoMLSimpleApplication@5b640421
----------------- Done invoking toplevel() on ptolemy.moml.MoMLSimpleApplication@5b640421
reloadAllAccessors: .ArrayAppend3

===========================================================================================
----------------- testing Sat Jun 09 01:29:21 UTC 2018 /home/travis/build/icyphy/ptII/ptolemy/actor/lib/test/auto/ArrayAppend4.xml
----------------- Instantiating /home/travis/build/icyphy/ptII/ptolemy/actor/lib/test/auto/ArrayAppend4.xml
4 ms. Memory: 580608K Free: 402446K (69%)
----------------- Invoking toplevel() on ptolemy.moml.MoMLSimpleApplication@4239c2f
----------------- Done invoking toplevel() on ptolemy.moml.MoMLSimpleApplication@4239c2f
reloadAllAccessors: .ArrayAppend4

===========================================================================================
----------------- testing Sat Jun 09 01:29:21 UTC 2018 /home/travis/build/icyphy/ptII/ptolemy/actor/lib/test/auto/ArrayAppend5.xml
----------------- Instantiating /home/travis/build/icyphy/ptII/ptolemy/actor/lib/test/auto/ArrayAppend5.xml
8 ms. Memory: 580608K Free: 395960K (68%)
----------------- Invoking toplevel() on ptolemy.moml.MoMLSimpleApplication@38ca7fb6
----------------- Done invoking toplevel() on ptolemy.moml.MoMLSimpleApplication@38ca7fb6
reloadAllAccessors: .ArrayAppend5

===========================================================================================
----------------- testing Sat Jun 09 01:29:21 UTC 2018 /home/travis/build/icyphy/ptII/ptolemy/actor/lib/test/auto/ArrayAppend6.xml
----------------- Instantiating /home/travis/build/icyphy/ptII/ptolemy/actor/lib/test/auto/ArrayAppend6.xml
3 ms. Memory: 580608K Free: 389475K (67%)
----------------- Invoking toplevel() on ptolemy.moml.MoMLSimpleApplication@4b705eff
----------------- Done invoking toplevel() on ptolemy.moml.MoMLSimpleApplication@4b705eff
reloadAllAccessors: .ArrayAppend6

===========================================================================================
----------------- testing Sat Jun 09 01:29:21 UTC 2018 /home/travis/build/icyphy/ptII/ptolemy/actor/lib/test/auto/ArrayAppendPerformanceTest.xml
----------------- Instantiating /home/travis/build/icyphy/ptII/ptolemy/actor/lib/test/auto/ArrayAppendPerformanceTest.xml
22 ms. Memory: 580608K Free: 376480K (65%)
----------------- Invoking toplevel() on ptolemy.moml.MoMLSimpleApplication@57bf8e29
----------------- Done invoking toplevel() on ptolemy.moml.MoMLSimpleApplication@57bf8e29
reloadAllAccessors: .ArrayAppendPerformanceTest

===========================================================================================
----------------- testing Sat Jun 09 01:29:21 UTC 2018 /home/travis/build/icyphy/ptII/ptolemy/actor/lib/test/auto/ArrayAppendWithEmptyInput.xml
----------------- Instantiating /home/travis/build/icyphy/ptII/ptolemy/actor/lib/test/auto/ArrayAppendWithEmptyInput.xml
27 ms. Memory: 580608K Free: 358338K (62%)
----------------- Invoking toplevel() on ptolemy.moml.MoMLSimpleApplication@27a35baf
----------------- Done invoking toplevel() on ptolemy.moml.MoMLSimpleApplication@27a35baf
reloadAllAccessors: .ArrayAppendWithEmptyInput

===========================================================================================
----------------- testing Sat Jun 09 01:29:21 UTC 2018 /home/travis/build/icyphy/ptII/ptolemy/actor/lib/test/auto/ArrayAverage.xml
----------------- Instantiating /home/travis/build/icyphy/ptII/ptolemy/actor/lib/test/auto/ArrayAverage.xml
6 ms. Memory: 580608K Free: 348594K (60%)
----------------- Invoking toplevel() on ptolemy.moml.MoMLSimpleApplication@73166cfd
----------------- Done invoking toplevel() on ptolemy.moml.MoMLSimpleApplication@73166cfd
reloadAllAccessors: .ArrayAverage

===========================================================================================
----------------- testing Sat Jun 09 01:29:21 UTC 2018 /home/travis/build/icyphy/ptII/ptolemy/actor/lib/test/auto/ArrayContains.xml
----------------- Instantiating /home/travis/build/icyphy/ptII/ptolemy/actor/lib/test/auto/ArrayContains.xml
6 ms. Memory: 580608K Free: 338850K (58%)
----------------- Invoking toplevel() on ptolemy.moml.MoMLSimpleApplication@3334857f
----------------- Done invoking toplevel() on ptolemy.moml.MoMLSimpleApplication@3334857f
reloadAllAccessors: .ArrayContains

===========================================================================================
----------------- testing Sat Jun 09 01:29:21 UTC 2018 /home/travis/build/icyphy/ptII/ptolemy/actor/lib/test/auto/ArrayElement.xml
----------------- Instantiating /home/travis/build/icyphy/ptII/ptolemy/actor/lib/test/auto/ArrayElement.xml
3 ms. Memory: 580608K Free: 332365K (57%)
----------------- Invoking toplevel() on ptolemy.moml.MoMLSimpleApplication@9b6d9d5
----------------- Done invoking toplevel() on ptolemy.moml.MoMLSimpleApplication@9b6d9d5
reloadAllAccessors: .ArrayElement

===========================================================================================
----------------- testing Sat Jun 09 01:29:21 UTC 2018 /home/travis/build/icyphy/ptII/ptolemy/actor/lib/test/auto/ArrayElementAsMatrix.xml
----------------- Instantiating /home/travis/build/icyphy/ptII/ptolemy/actor/lib/test/auto/ArrayElementAsMatrix.xml
24 ms. Memory: 580608K Free: 310996K (54%)
----------------- Invoking toplevel() on ptolemy.moml.MoMLSimpleApplication@1f8afe5f
----------------- Done invoking toplevel() on ptolemy.moml.MoMLSimpleApplication@1f8afe5f
reloadAllAccessors: .ArrayElementAsMatrix

===========================================================================================
----------------- testing Sat Jun 09 01:29:21 UTC 2018 /home/travis/build/icyphy/ptII/ptolemy/actor/lib/test/auto/ArrayElementI.xml
----------------- Instantiating /home/travis/build/icyphy/ptII/ptolemy/actor/lib/test/auto/ArrayElementI.xml
3 ms. Memory: 580608K Free: 304511K (52%)
----------------- Invoking toplevel() on ptolemy.moml.MoMLSimpleApplication@6126c98
----------------- Done invoking toplevel() on ptolemy.moml.MoMLSimpleApplication@6126c98
reloadAllAccessors: .ArrayElementI

===========================================================================================
----------------- testing Sat Jun 09 01:29:21 UTC 2018 /home/travis/build/icyphy/ptII/ptolemy/actor/lib/test/auto/ArrayExtract.xml
----------------- Instantiating /home/travis/build/icyphy/ptII/ptolemy/actor/lib/test/auto/ArrayExtract.xml
7 ms. Memory: 580608K Free: 294783K (51%)
----------------- Invoking toplevel() on ptolemy.moml.MoMLSimpleApplication@5ae2d432
----------------- Done invoking toplevel() on ptolemy.moml.MoMLSimpleApplication@5ae2d432
reloadAllAccessors: .ArrayExtract

===========================================================================================
----------------- testing Sat Jun 09 01:29:22 UTC 2018 /home/travis/build/icyphy/ptII/ptolemy/actor/lib/test/auto/ArrayExtract2.xml
----------------- Instantiating /home/travis/build/icyphy/ptII/ptolemy/actor/lib/test/auto/ArrayExtract2.xml
3 ms. Memory: 580608K Free: 288297K (50%)
----------------- Invoking toplevel() on ptolemy.moml.MoMLSimpleApplication@339faba6
----------------- Done invoking toplevel() on ptolemy.moml.MoMLSimpleApplication@339faba6
reloadAllAccessors: .ArrayExtract2

===========================================================================================
----------------- testing Sat Jun 09 01:29:22 UTC 2018 /home/travis/build/icyphy/ptII/ptolemy/actor/lib/test/auto/ArrayLength.xml
----------------- Instantiating /home/travis/build/icyphy/ptII/ptolemy/actor/lib/test/auto/ArrayLength.xml
2 ms. Memory: 580608K Free: 273414K (47%)
----------------- Invoking toplevel() on ptolemy.moml.MoMLSimpleApplication@7f231bec
----------------- Done invoking toplevel() on ptolemy.moml.MoMLSimpleApplication@7f231bec
reloadAllAccessors: .ArrayLength

===========================================================================================
----------------- testing Sat Jun 09 01:29:22 UTC 2018 /home/travis/build/icyphy/ptII/ptolemy/actor/lib/test/auto/ArrayLevelCrossing.xml
----------------- Instantiating /home/travis/build/icyphy/ptII/ptolemy/actor/lib/test/auto/ArrayLevelCrossing.xml
3 ms. Memory: 580608K Free: 263670K (45%)
----------------- Invoking toplevel() on ptolemy.moml.MoMLSimpleApplication@64338fc4
----------------- Done invoking toplevel() on ptolemy.moml.MoMLSimpleApplication@64338fc4
reloadAllAccessors: .ArrayLevelCrossing

===========================================================================================
----------------- testing Sat Jun 09 01:29:22 UTC 2018 /home/travis/build/icyphy/ptII/ptolemy/actor/lib/test/auto/ArrayLevelCrossing2.xml
----------------- Instantiating /home/travis/build/icyphy/ptII/ptolemy/actor/lib/test/auto/ArrayLevelCrossing2.xml
2 ms. Memory: 580608K Free: 253926K (44%)
----------------- Invoking toplevel() on ptolemy.moml.MoMLSimpleApplication@6fed18a4
----------------- Done invoking toplevel() on ptolemy.moml.MoMLSimpleApplication@6fed18a4
reloadAllAccessors: .ArrayLevelCrossing2

===========================================================================================
----------------- testing Sat Jun 09 01:29:22 UTC 2018 /home/travis/build/icyphy/ptII/ptolemy/actor/lib/test/auto/ArrayPeakSearch.xml
----------------- Instantiating /home/travis/build/icyphy/ptII/ptolemy/actor/lib/test/auto/ArrayPeakSearch.xml
7 ms. Memory: 580608K Free: 240947K (41%)
----------------- Invoking toplevel() on ptolemy.moml.MoMLSimpleApplication@4af2d4cc
----------------- Done invoking toplevel() on ptolemy.moml.MoMLSimpleApplication@4af2d4cc
reloadAllAccessors: .ArrayPeakSearch

===========================================================================================
----------------- testing Sat Jun 09 01:29:22 UTC 2018 /home/travis/build/icyphy/ptII/ptolemy/actor/lib/test/auto/ArrayPeakSearch2.xml
----------------- Instantiating /home/travis/build/icyphy/ptII/ptolemy/actor/lib/test/auto/ArrayPeakSearch2.xml
11 ms. Memory: 580608K Free: 219555K (38%)
----------------- Invoking toplevel() on ptolemy.moml.MoMLSimpleApplication@53996334
----------------- Done invoking toplevel() on ptolemy.moml.MoMLSimpleApplication@53996334
reloadAllAccessors: .ArrayPeakSearch2

===========================================================================================
----------------- testing Sat Jun 09 01:29:22 UTC 2018 /home/travis/build/icyphy/ptII/ptolemy/actor/lib/test/auto/ArrayPeakSearch3.xml
----------------- Instantiating /home/travis/build/icyphy/ptII/ptolemy/actor/lib/test/auto/ArrayPeakSearch3.xml
6 ms. Memory: 580608K Free: 206584K (36%)
----------------- Invoking toplevel() on ptolemy.moml.MoMLSimpleApplication@94ca394
----------------- Done invoking toplevel() on ptolemy.moml.MoMLSimpleApplication@94ca394
reloadAllAccessors: .ArrayPeakSearch3

===========================================================================================
----------------- testing Sat Jun 09 01:29:22 UTC 2018 /home/travis/build/icyphy/ptII/ptolemy/actor/lib/test/auto/ArrayRemoveElement.xml
----------------- Instantiating /home/travis/build/icyphy/ptII/ptolemy/actor/lib/test/auto/ArrayRemoveElement.xml
3 ms. Memory: 580608K Free: 196848K (34%)
----------------- Invoking toplevel() on ptolemy.moml.MoMLSimpleApplication@4fe32b67
----------------- Done invoking toplevel() on ptolemy.moml.MoMLSimpleApplication@4fe32b67
reloadAllAccessors: .ArrayRemoveElement

===========================================================================================
----------------- testing Sat Jun 09 01:29:22 UTC 2018 /home/travis/build/icyphy/ptII/ptolemy/actor/lib/test/auto/ArraySort.xml
----------------- Instantiating /home/travis/build/icyphy/ptII/ptolemy/actor/lib/test/auto/ArraySort.xml
5 ms. Memory: 580608K Free: 175431K (30%)
----------------- Invoking toplevel() on ptolemy.moml.MoMLSimpleApplication@1061c079
----------------- Done invoking toplevel() on ptolemy.moml.MoMLSimpleApplication@1061c079
reloadAllAccessors: .ArraySort

===========================================================================================
----------------- testing Sat Jun 09 01:29:22 UTC 2018 /home/travis/build/icyphy/ptII/ptolemy/actor/lib/test/auto/ArraySum.xml
----------------- Instantiating /home/travis/build/icyphy/ptII/ptolemy/actor/lib/test/auto/ArraySum.xml
6 ms. Memory: 580608K Free: 165687K (29%)
----------------- Invoking toplevel() on ptolemy.moml.MoMLSimpleApplication@2563400c
----------------- Done invoking toplevel() on ptolemy.moml.MoMLSimpleApplication@2563400c
reloadAllAccessors: .ArraySum

===========================================================================================
----------------- testing Sat Jun 09 01:29:22 UTC 2018 /home/travis/build/icyphy/ptII/ptolemy/actor/lib/test/auto/ArrayToElements.xml
----------------- Instantiating /home/travis/build/icyphy/ptII/ptolemy/actor/lib/test/auto/ArrayToElements.xml
3 ms. Memory: 580608K Free: 155943K (27%)
----------------- Invoking toplevel() on ptolemy.moml.MoMLSimpleApplication@7313ec06
----------------- Done invoking toplevel() on ptolemy.moml.MoMLSimpleApplication@7313ec06
reloadAllAccessors: .ArrayToElements

===========================================================================================
----------------- testing Sat Jun 09 01:29:22 UTC 2018 /home/travis/build/icyphy/ptII/ptolemy/actor/lib/test/auto/ArrayToMatrix.xml
----------------- Instantiating /home/travis/build/icyphy/ptII/ptolemy/actor/lib/test/auto/ArrayToMatrix.xml
5 ms. Memory: 580608K Free: 136455K (24%)
----------------- Invoking toplevel() on ptolemy.moml.MoMLSimpleApplication@127cebde
----------------- Done invoking toplevel() on ptolemy.moml.MoMLSimpleApplication@127cebde
reloadAllAccessors: .ArrayToMatrix

===========================================================================================
----------------- testing Sat Jun 09 01:29:22 UTC 2018 /home/travis/build/icyphy/ptII/ptolemy/actor/lib/test/auto/ArrayUpdate1.xml
----------------- Instantiating /home/travis/build/icyphy/ptII/ptolemy/actor/lib/test/auto/ArrayUpdate1.xml
2 ms. Memory: 580608K Free: 121571K (21%)
----------------- Invoking toplevel() on ptolemy.moml.MoMLSimpleApplication@28b7d2ef
----------------- Done invoking toplevel() on ptolemy.moml.MoMLSimpleApplication@28b7d2ef
reloadAllAccessors: .ArrayUpdate1

===========================================================================================
----------------- testing Sat Jun 09 01:29:22 UTC 2018 /home/travis/build/icyphy/ptII/ptolemy/actor/lib/test/auto/ArrayUpdate2.xml
----------------- Instantiating /home/travis/build/icyphy/ptII/ptolemy/actor/lib/test/auto/ArrayUpdate2.xml
8 ms. Memory: 580608K Free: 111827K (19%)
----------------- Invoking toplevel() on ptolemy.moml.MoMLSimpleApplication@11a2d1e5
----------------- Done invoking toplevel() on ptolemy.moml.MoMLSimpleApplication@11a2d1e5
reloadAllAccessors: .ArrayUpdate2

===========================================================================================
----------------- testing Sat Jun 09 01:29:22 UTC 2018 /home/travis/build/icyphy/ptII/ptolemy/actor/lib/test/auto/ArrayUpdate3.xml
----------------- Instantiating /home/travis/build/icyphy/ptII/ptolemy/actor/lib/test/auto/ArrayUpdate3.xml
6 ms. Memory: 580608K Free: 105342K (18%)
----------------- Invoking toplevel() on ptolemy.moml.MoMLSimpleApplication@5f899235
----------------- Done invoking toplevel() on ptolemy.moml.MoMLSimpleApplication@5f899235
reloadAllAccessors: .ArrayUpdate3

===========================================================================================
----------------- testing Sat Jun 09 01:29:22 UTC 2018 /home/travis/build/icyphy/ptII/ptolemy/actor/lib/test/auto/Assert1.xml
----------------- Instantiating /home/travis/build/icyphy/ptII/ptolemy/actor/lib/test/auto/Assert1.xml
2 ms. Memory: 580608K Free: 98857K (17%)
----------------- Invoking toplevel() on ptolemy.moml.MoMLSimpleApplication@7f79d7a7
----------------- Done invoking toplevel() on ptolemy.moml.MoMLSimpleApplication@7f79d7a7
reloadAllAccessors: .Assert1

===========================================================================================
----------------- testing Sat Jun 09 01:29:22 UTC 2018 /home/travis/build/icyphy/ptII/ptolemy/actor/lib/test/auto/Assert2.xml
----------------- Instantiating /home/travis/build/icyphy/ptII/ptolemy/actor/lib/test/auto/Assert2.xml
6 ms. Memory: 580608K Free: 83974K (14%)
----------------- Invoking toplevel() on ptolemy.moml.MoMLSimpleApplication@d8c5c7a
----------------- Done invoking toplevel() on ptolemy.moml.MoMLSimpleApplication@d8c5c7a
reloadAllAccessors: .Assert2

===========================================================================================
----------------- testing Sat Jun 09 01:29:22 UTC 2018 /home/travis/build/icyphy/ptII/ptolemy/actor/lib/test/auto/BooleanMultiplexor.xml
----------------- Instantiating /home/travis/build/icyphy/ptII/ptolemy/actor/lib/test/auto/BooleanMultiplexor.xml
2 ms. Memory: 580608K Free: 74238K (13%)
----------------- Invoking toplevel() on ptolemy.moml.MoMLSimpleApplication@72e38ee
----------------- Done invoking toplevel() on ptolemy.moml.MoMLSimpleApplication@72e38ee
reloadAllAccessors: .BooleanMultiplexor

===========================================================================================
----------------- testing Sat Jun 09 01:29:22 UTC 2018 /home/travis/build/icyphy/ptII/ptolemy/actor/lib/test/auto/BooleanMultiplexor2.xml
----------------- Instantiating /home/travis/build/icyphy/ptII/ptolemy/actor/lib/test/auto/BooleanMultiplexor2.xml
3 ms. Memory: 580608K Free: 64501K (11%)
----------------- Invoking toplevel() on ptolemy.moml.MoMLSimpleApplication@c58f95b
----------------- Done invoking toplevel() on ptolemy.moml.MoMLSimpleApplication@c58f95b
reloadAllAccessors: .BooleanMultiplexor2

===========================================================================================
----------------- testing Sat Jun 09 01:29:22 UTC 2018 /home/travis/build/icyphy/ptII/ptolemy/actor/lib/test/auto/BooleanMultiplexor3.xml
----------------- Instantiating /home/travis/build/icyphy/ptII/ptolemy/actor/lib/test/auto/BooleanMultiplexor3.xml
2 ms. Memory: 580608K Free: 58016K (10%)
----------------- Invoking toplevel() on ptolemy.moml.MoMLSimpleApplication@3eec2de6
----------------- Done invoking toplevel() on ptolemy.moml.MoMLSimpleApplication@3eec2de6
reloadAllAccessors: .BooleanMultiplexor3

===========================================================================================
----------------- testing Sat Jun 09 01:29:22 UTC 2018 /home/travis/build/icyphy/ptII/ptolemy/actor/lib/test/auto/BooleanSelect.xml
----------------- Instantiating /home/travis/build/icyphy/ptII/ptolemy/actor/lib/test/auto/BooleanSelect.xml
10 ms. Memory: 878080K Free: 828147K (94%)
----------------- Invoking toplevel() on ptolemy.moml.MoMLSimpleApplication@2b6173f3
----------------- Done invoking toplevel() on ptolemy.moml.MoMLSimpleApplication@2b6173f3
reloadAllAccessors: .BooleanSelect

===========================================================================================
----------------- testing Sat Jun 09 01:29:22 UTC 2018 /home/travis/build/icyphy/ptII/ptolemy/actor/lib/test/auto/BooleanSelect2.xml
----------------- Instantiating /home/travis/build/icyphy/ptII/ptolemy/actor/lib/test/auto/BooleanSelect2.xml
5 ms. Memory: 878080K Free: 808146K (92%)
----------------- Invoking toplevel() on ptolemy.moml.MoMLSimpleApplication@25003424
----------------- Done invoking toplevel() on ptolemy.moml.MoMLSimpleApplication@25003424
reloadAllAccessors: .BooleanSelect2

===========================================================================================
----------------- testing Sat Jun 09 01:29:22 UTC 2018 /home/travis/build/icyphy/ptII/ptolemy/actor/lib/test/auto/BooleanSwitch.xml
----------------- Instantiating /home/travis/build/icyphy/ptII/ptolemy/actor/lib/test/auto/BooleanSwitch.xml
2 ms. Memory: 878080K Free: 797769K (91%)
----------------- Invoking toplevel() on ptolemy.moml.MoMLSimpleApplication@1a7fbb9b
----------------- Done invoking toplevel() on ptolemy.moml.MoMLSimpleApplication@1a7fbb9b
reloadAllAccessors: .BooleanSwitch

===========================================================================================
----------------- testing Sat Jun 09 01:29:22 UTC 2018 /home/travis/build/icyphy/ptII/ptolemy/actor/lib/test/auto/BooleanSwitch2.xml
----------------- Instantiating /home/travis/build/icyphy/ptII/ptolemy/actor/lib/test/auto/BooleanSwitch2.xml
1 ms. Memory: 878080K Free: 787393K (90%)
----------------- Invoking toplevel() on ptolemy.moml.MoMLSimpleApplication@39c084b2
----------------- Done invoking toplevel() on ptolemy.moml.MoMLSimpleApplication@39c084b2
reloadAllAccessors: .BooleanSwitch2

===========================================================================================
----------------- testing Sat Jun 09 01:29:22 UTC 2018 /home/travis/build/icyphy/ptII/ptolemy/actor/lib/test/auto/BooleanSwitchCloningBugWithClassRelationGroup.xml
----------------- Instantiating /home/travis/build/icyphy/ptII/ptolemy/actor/lib/test/auto/BooleanSwitchCloningBugWithClassRelationGroup.xml
2 ms. Memory: 878080K Free: 777016K (88%)
----------------- Invoking toplevel() on ptolemy.moml.MoMLSimpleApplication@57d2e3b0
----------------- Done invoking toplevel() on ptolemy.moml.MoMLSimpleApplication@57d2e3b0
reloadAllAccessors: .BooleanSwitchCloningBugWithClassRelationGroup

===========================================================================================
----------------- testing Sat Jun 09 01:29:22 UTC 2018 /home/travis/build/icyphy/ptII/ptolemy/actor/lib/test/auto/BusActors.xml
----------------- Instantiating /home/travis/build/icyphy/ptII/ptolemy/actor/lib/test/auto/BusActors.xml
3 ms. Memory: 878080K Free: 751811K (86%)
----------------- Invoking toplevel() on ptolemy.moml.MoMLSimpleApplication@5be1f03f
----------------- Done invoking toplevel() on ptolemy.moml.MoMLSimpleApplication@5be1f03f
reloadAllAccessors: .BusActors

===========================================================================================
----------------- testing Sat Jun 09 01:29:22 UTC 2018 /home/travis/build/icyphy/ptII/ptolemy/actor/lib/test/auto/ClassWrapper.xml
----------------- Instantiating /home/travis/build/icyphy/ptII/ptolemy/actor/lib/test/auto/ClassWrapper.xml
2 ms. Memory: 878080K Free: 741434K (84%)
----------------- Invoking toplevel() on ptolemy.moml.MoMLSimpleApplication@1067e44e
----------------- Done invoking toplevel() on ptolemy.moml.MoMLSimpleApplication@1067e44e
reloadAllAccessors: .ClassWrapper

===========================================================================================
----------------- testing Sat Jun 09 01:29:22 UTC 2018 /home/travis/build/icyphy/ptII/ptolemy/actor/lib/test/auto/Clock.xml
----------------- Instantiating /home/travis/build/icyphy/ptII/ptolemy/actor/lib/test/auto/Clock.xml
1 ms. Memory: 878080K Free: 731058K (83%)
----------------- Invoking toplevel() on ptolemy.moml.MoMLSimpleApplication@45fba696
----------------- Done invoking toplevel() on ptolemy.moml.MoMLSimpleApplication@45fba696
reloadAllAccessors: .Clock

===========================================================================================
----------------- testing Sat Jun 09 01:29:22 UTC 2018 /home/travis/build/icyphy/ptII/ptolemy/actor/lib/test/auto/Clock10.xml
----------------- Instantiating /home/travis/build/icyphy/ptII/ptolemy/actor/lib/test/auto/Clock10.xml
2 ms. Memory: 878080K Free: 720681K (82%)
----------------- Invoking toplevel() on ptolemy.moml.MoMLSimpleApplication@4c43fdcc
----------------- Done invoking toplevel() on ptolemy.moml.MoMLSimpleApplication@4c43fdcc
reloadAllAccessors: .Clock10

===========================================================================================
----------------- testing Sat Jun 09 01:29:22 UTC 2018 /home/travis/build/icyphy/ptII/ptolemy/actor/lib/test/auto/Clock11.xml
----------------- Instantiating /home/travis/build/icyphy/ptII/ptolemy/actor/lib/test/auto/Clock11.xml
2 ms. Memory: 878080K Free: 700681K (80%)
----------------- Invoking toplevel() on ptolemy.moml.MoMLSimpleApplication@416762c8
----------------- Done invoking toplevel() on ptolemy.moml.MoMLSimpleApplication@416762c8
reloadAllAccessors: .Clock11

===========================================================================================
----------------- testing Sat Jun 09 01:29:22 UTC 2018 /home/travis/build/icyphy/ptII/ptolemy/actor/lib/test/auto/Clock12.xml
----------------- Instantiating /home/travis/build/icyphy/ptII/ptolemy/actor/lib/test/auto/Clock12.xml
2 ms. Memory: 878080K Free: 690304K (79%)
----------------- Invoking toplevel() on ptolemy.moml.MoMLSimpleApplication@a1d4081
----------------- Done invoking toplevel() on ptolemy.moml.MoMLSimpleApplication@a1d4081
reloadAllAccessors: .Clock12

===========================================================================================
----------------- testing Sat Jun 09 01:29:22 UTC 2018 /home/travis/build/icyphy/ptII/ptolemy/actor/lib/test/auto/Clock13.xml
----------------- Instantiating /home/travis/build/icyphy/ptII/ptolemy/actor/lib/test/auto/Clock13.xml
6 ms. Memory: 878080K Free: 679927K (77%)
----------------- Invoking toplevel() on ptolemy.moml.MoMLSimpleApplication@7f613af3
----------------- Done invoking toplevel() on ptolemy.moml.MoMLSimpleApplication@7f613af3
reloadAllAccessors: .Clock13

===========================================================================================
----------------- testing Sat Jun 09 01:29:22 UTC 2018 /home/travis/build/icyphy/ptII/ptolemy/actor/lib/test/auto/Clock14.xml
----------------- Instantiating /home/travis/build/icyphy/ptII/ptolemy/actor/lib/test/auto/Clock14.xml
6 ms. Memory: 878080K Free: 669551K (76%)
----------------- Invoking toplevel() on ptolemy.moml.MoMLSimpleApplication@7d2c2089
----------------- Done invoking toplevel() on ptolemy.moml.MoMLSimpleApplication@7d2c2089
reloadAllAccessors: .Clock14

===========================================================================================
----------------- testing Sat Jun 09 01:29:23 UTC 2018 /home/travis/build/icyphy/ptII/ptolemy/actor/lib/test/auto/Clock15.xml
----------------- Instantiating /home/travis/build/icyphy/ptII/ptolemy/actor/lib/test/auto/Clock15.xml
6 ms. Memory: 878080K Free: 649550K (74%)
----------------- Invoking toplevel() on ptolemy.moml.MoMLSimpleApplication@4eafab11
----------------- Done invoking toplevel() on ptolemy.moml.MoMLSimpleApplication@4eafab11
reloadAllAccessors: .Clock15

===========================================================================================
----------------- testing Sat Jun 09 01:29:23 UTC 2018 /home/travis/build/icyphy/ptII/ptolemy/actor/lib/test/auto/Clock16.xml
----------------- Instantiating /home/travis/build/icyphy/ptII/ptolemy/actor/lib/test/auto/Clock16.xml
27 ms. Memory: 878080K Free: 628773K (72%)
----------------- Invoking toplevel() on ptolemy.moml.MoMLSimpleApplication@485dd0a3
----------------- Done invoking toplevel() on ptolemy.moml.MoMLSimpleApplication@485dd0a3
reloadAllAccessors: .Clock16

===========================================================================================
----------------- testing Sat Jun 09 01:29:23 UTC 2018 /home/travis/build/icyphy/ptII/ptolemy/actor/lib/test/auto/Clock17.xml
----------------- Instantiating /home/travis/build/icyphy/ptII/ptolemy/actor/lib/test/auto/Clock17.xml
22 ms. Memory: 878080K Free: 613192K (70%)
----------------- Invoking toplevel() on ptolemy.moml.MoMLSimpleApplication@42fad07
----------------- Done invoking toplevel() on ptolemy.moml.MoMLSimpleApplication@42fad07
reloadAllAccessors: .Clock17

===========================================================================================
----------------- testing Sat Jun 09 01:29:23 UTC 2018 /home/travis/build/icyphy/ptII/ptolemy/actor/lib/test/auto/Clock18.xml
----------------- Instantiating /home/travis/build/icyphy/ptII/ptolemy/actor/lib/test/auto/Clock18.xml
15 ms. Memory: 878080K Free: 597619K (68%)
----------------- Invoking toplevel() on ptolemy.moml.MoMLSimpleApplication@1f7e1b2f
----------------- Done invoking toplevel() on ptolemy.moml.MoMLSimpleApplication@1f7e1b2f
reloadAllAccessors: .Clock18

===========================================================================================
----------------- testing Sat Jun 09 01:29:23 UTC 2018 /home/travis/build/icyphy/ptII/ptolemy/actor/lib/test/auto/Clock19.xml
----------------- Instantiating /home/travis/build/icyphy/ptII/ptolemy/actor/lib/test/auto/Clock19.xml
17 ms. Memory: 878080K Free: 582038K (66%)
----------------- Invoking toplevel() on ptolemy.moml.MoMLSimpleApplication@2e412788
----------------- Done invoking toplevel() on ptolemy.moml.MoMLSimpleApplication@2e412788
reloadAllAccessors: .Clock19

===========================================================================================
----------------- testing Sat Jun 09 01:29:23 UTC 2018 /home/travis/build/icyphy/ptII/ptolemy/actor/lib/test/auto/Clock2.xml
----------------- Instantiating /home/travis/build/icyphy/ptII/ptolemy/actor/lib/test/auto/Clock2.xml
6 ms. Memory: 878080K Free: 562038K (64%)
----------------- Invoking toplevel() on ptolemy.moml.MoMLSimpleApplication@4c60706b
----------------- Done invoking toplevel() on ptolemy.moml.MoMLSimpleApplication@4c60706b
reloadAllAccessors: .Clock2

===========================================================================================
----------------- testing Sat Jun 09 01:29:23 UTC 2018 /home/travis/build/icyphy/ptII/ptolemy/actor/lib/test/auto/Clock20.xml
----------------- Instantiating /home/travis/build/icyphy/ptII/ptolemy/actor/lib/test/auto/Clock20.xml
4 ms. Memory: 878080K Free: 551661K (63%)
----------------- Invoking toplevel() on ptolemy.moml.MoMLSimpleApplication@782f2fba
----------------- Done invoking toplevel() on ptolemy.moml.MoMLSimpleApplication@782f2fba
reloadAllAccessors: .Clock20

===========================================================================================
----------------- testing Sat Jun 09 01:29:23 UTC 2018 /home/travis/build/icyphy/ptII/ptolemy/actor/lib/test/auto/Clock21.xml
----------------- Instantiating /home/travis/build/icyphy/ptII/ptolemy/actor/lib/test/auto/Clock21.xml
5 ms. Memory: 878080K Free: 541284K (62%)
----------------- Invoking toplevel() on ptolemy.moml.MoMLSimpleApplication@21b492a5
----------------- Done invoking toplevel() on ptolemy.moml.MoMLSimpleApplication@21b492a5
reloadAllAccessors: .Clock21

===========================================================================================
----------------- testing Sat Jun 09 01:29:23 UTC 2018 /home/travis/build/icyphy/ptII/ptolemy/actor/lib/test/auto/Clock22.xml
----------------- Instantiating /home/travis/build/icyphy/ptII/ptolemy/actor/lib/test/auto/Clock22.xml
5 ms. Memory: 878080K Free: 530908K (60%)
----------------- Invoking toplevel() on ptolemy.moml.MoMLSimpleApplication@3b523cb7
----------------- Done invoking toplevel() on ptolemy.moml.MoMLSimpleApplication@3b523cb7
reloadAllAccessors: .Clock22

===========================================================================================
----------------- testing Sat Jun 09 01:29:23 UTC 2018 /home/travis/build/icyphy/ptII/ptolemy/actor/lib/test/auto/Clock23.xml
----------------- Instantiating /home/travis/build/icyphy/ptII/ptolemy/actor/lib/test/auto/Clock23.xml
6 ms. Memory: 878080K Free: 510907K (58%)
----------------- Invoking toplevel() on ptolemy.moml.MoMLSimpleApplication@1ffe37e4
----------------- Done invoking toplevel() on ptolemy.moml.MoMLSimpleApplication@1ffe37e4
reloadAllAccessors: .Clock23

===========================================================================================
----------------- testing Sat Jun 09 01:29:23 UTC 2018 /home/travis/build/icyphy/ptII/ptolemy/actor/lib/test/auto/Clock24.xml
----------------- Instantiating /home/travis/build/icyphy/ptII/ptolemy/actor/lib/test/auto/Clock24.xml
5 ms. Memory: 878080K Free: 500530K (57%)
----------------- Invoking toplevel() on ptolemy.moml.MoMLSimpleApplication@4094bce9
----------------- Done invoking toplevel() on ptolemy.moml.MoMLSimpleApplication@4094bce9
reloadAllAccessors: .Clock24

===========================================================================================
----------------- testing Sat Jun 09 01:29:23 UTC 2018 /home/travis/build/icyphy/ptII/ptolemy/actor/lib/test/auto/Clock4.xml
----------------- Instantiating /home/travis/build/icyphy/ptII/ptolemy/actor/lib/test/auto/Clock4.xml
6 ms. Memory: 878080K Free: 490154K (56%)
----------------- Invoking toplevel() on ptolemy.moml.MoMLSimpleApplication@1d5e9682
----------------- Done invoking toplevel() on ptolemy.moml.MoMLSimpleApplication@1d5e9682
reloadAllAccessors: .Clock4

===========================================================================================
----------------- testing Sat Jun 09 01:29:23 UTC 2018 /home/travis/build/icyphy/ptII/ptolemy/actor/lib/test/auto/Clock5.xml
----------------- Instantiating /home/travis/build/icyphy/ptII/ptolemy/actor/lib/test/auto/Clock5.xml
1 ms. Memory: 878080K Free: 479777K (55%)
----------------- Invoking toplevel() on ptolemy.moml.MoMLSimpleApplication@79b2e933
----------------- Done invoking toplevel() on ptolemy.moml.MoMLSimpleApplication@79b2e933
reloadAllAccessors: .Clock5

===========================================================================================
----------------- testing Sat Jun 09 01:29:23 UTC 2018 /home/travis/build/icyphy/ptII/ptolemy/actor/lib/test/auto/Clock6.xml
----------------- Instantiating /home/travis/build/icyphy/ptII/ptolemy/actor/lib/test/auto/Clock6.xml
1 ms. Memory: 878080K Free: 459776K (52%)
----------------- Invoking toplevel() on ptolemy.moml.MoMLSimpleApplication@6ff42306
----------------- Done invoking toplevel() on ptolemy.moml.MoMLSimpleApplication@6ff42306
reloadAllAccessors: .Clock6

===========================================================================================
----------------- testing Sat Jun 09 01:29:23 UTC 2018 /home/travis/build/icyphy/ptII/ptolemy/actor/lib/test/auto/Clock7.xml
----------------- Instantiating /home/travis/build/icyphy/ptII/ptolemy/actor/lib/test/auto/Clock7.xml
2 ms. Memory: 878080K Free: 449400K (51%)
----------------- Invoking toplevel() on ptolemy.moml.MoMLSimpleApplication@29116c0a
----------------- Done invoking toplevel() on ptolemy.moml.MoMLSimpleApplication@29116c0a
reloadAllAccessors: .Clock7

===========================================================================================
----------------- testing Sat Jun 09 01:29:23 UTC 2018 /home/travis/build/icyphy/ptII/ptolemy/actor/lib/test/auto/Clock8.xml
----------------- Instantiating /home/travis/build/icyphy/ptII/ptolemy/actor/lib/test/auto/Clock8.xml
6 ms. Memory: 878080K Free: 439023K (50%)
----------------- Invoking toplevel() on ptolemy.moml.MoMLSimpleApplication@1fa196f3
----------------- Done invoking toplevel() on ptolemy.moml.MoMLSimpleApplication@1fa196f3
reloadAllAccessors: .Clock8

===========================================================================================
----------------- testing Sat Jun 09 01:29:23 UTC 2018 /home/travis/build/icyphy/ptII/ptolemy/actor/lib/test/auto/Clock9.xml
----------------- Instantiating /home/travis/build/icyphy/ptII/ptolemy/actor/lib/test/auto/Clock9.xml
4 ms. Memory: 878080K Free: 428647K (49%)
----------------- Invoking toplevel() on ptolemy.moml.MoMLSimpleApplication@711d99ca
----------------- Done invoking toplevel() on ptolemy.moml.MoMLSimpleApplication@711d99ca
reloadAllAccessors: .Clock9

===========================================================================================
----------------- testing Sat Jun 09 01:29:23 UTC 2018 /home/travis/build/icyphy/ptII/ptolemy/actor/lib/test/auto/CommDistDiscard.xml
----------------- Instantiating /home/travis/build/icyphy/ptII/ptolemy/actor/lib/test/auto/CommDistDiscard.xml
4 ms. Memory: 878080K Free: 408646K (47%)
----------------- Invoking toplevel() on ptolemy.moml.MoMLSimpleApplication@702609cf
----------------- Done invoking toplevel() on ptolemy.moml.MoMLSimpleApplication@702609cf
reloadAllAccessors: .CommDistDiscard

===========================================================================================
----------------- testing Sat Jun 09 01:29:23 UTC 2018 /home/travis/build/icyphy/ptII/ptolemy/actor/lib/test/auto/Commutator.xml
----------------- Instantiating /home/travis/build/icyphy/ptII/ptolemy/actor/lib/test/auto/Commutator.xml
5 ms. Memory: 878080K Free: 398269K (45%)
----------------- Invoking toplevel() on ptolemy.moml.MoMLSimpleApplication@32ecc727
----------------- Done invoking toplevel() on ptolemy.moml.MoMLSimpleApplication@32ecc727
reloadAllAccessors: .Commutator

===========================================================================================
----------------- testing Sat Jun 09 01:29:23 UTC 2018 /home/travis/build/icyphy/ptII/ptolemy/actor/lib/test/auto/Commutator2.xml
----------------- Instantiating /home/travis/build/icyphy/ptII/ptolemy/actor/lib/test/auto/Commutator2.xml
2 ms. Memory: 878080K Free: 387893K (44%)
----------------- Invoking toplevel() on ptolemy.moml.MoMLSimpleApplication@31258906
----------------- Done invoking toplevel() on ptolemy.moml.MoMLSimpleApplication@31258906
reloadAllAccessors: .Commutator2

===========================================================================================
----------------- testing Sat Jun 09 01:29:23 UTC 2018 /home/travis/build/icyphy/ptII/ptolemy/actor/lib/test/auto/Commutator3.xml
----------------- Instantiating /home/travis/build/icyphy/ptII/ptolemy/actor/lib/test/auto/Commutator3.xml
1 ms. Memory: 878080K Free: 377516K (43%)
----------------- Invoking toplevel() on ptolemy.moml.MoMLSimpleApplication@e89716e
----------------- Done invoking toplevel() on ptolemy.moml.MoMLSimpleApplication@e89716e
reloadAllAccessors: .Commutator3

===========================================================================================
----------------- testing Sat Jun 09 01:29:23 UTC 2018 /home/travis/build/icyphy/ptII/ptolemy/actor/lib/test/auto/Compare.xml
----------------- Instantiating /home/travis/build/icyphy/ptII/ptolemy/actor/lib/test/auto/Compare.xml
1 ms. Memory: 878080K Free: 367140K (42%)
----------------- Invoking toplevel() on ptolemy.moml.MoMLSimpleApplication@2624d79d
----------------- Done invoking toplevel() on ptolemy.moml.MoMLSimpleApplication@2624d79d
reloadAllAccessors: .Compare

===========================================================================================
----------------- testing Sat Jun 09 01:29:23 UTC 2018 /home/travis/build/icyphy/ptII/ptolemy/actor/lib/test/auto/CompareDE.xml
----------------- Instantiating /home/travis/build/icyphy/ptII/ptolemy/actor/lib/test/auto/CompareDE.xml
4 ms. Memory: 878080K Free: 347139K (40%)
----------------- Invoking toplevel() on ptolemy.moml.MoMLSimpleApplication@6a64b2ab
----------------- Done invoking toplevel() on ptolemy.moml.MoMLSimpleApplication@6a64b2ab
reloadAllAccessors: .CompareDE

===========================================================================================
----------------- testing Sat Jun 09 01:29:23 UTC 2018 /home/travis/build/icyphy/ptII/ptolemy/actor/lib/test/auto/ComplexDivide.xml
----------------- Instantiating /home/travis/build/icyphy/ptII/ptolemy/actor/lib/test/auto/ComplexDivide.xml
1 ms. Memory: 878080K Free: 336762K (38%)
----------------- Invoking toplevel() on ptolemy.moml.MoMLSimpleApplication@9e76473
----------------- Done invoking toplevel() on ptolemy.moml.MoMLSimpleApplication@9e76473
reloadAllAccessors: .ComplexDivide

===========================================================================================
----------------- testing Sat Jun 09 01:29:23 UTC 2018 /home/travis/build/icyphy/ptII/ptolemy/actor/lib/test/auto/ComputeHistogram.xml
----------------- Instantiating /home/travis/build/icyphy/ptII/ptolemy/actor/lib/test/auto/ComputeHistogram.xml
38 ms. Memory: 878080K Free: 321197K (37%)
----------------- Invoking toplevel() on ptolemy.moml.MoMLSimpleApplication@2f3883d0
----------------- Done invoking toplevel() on ptolemy.moml.MoMLSimpleApplication@2f3883d0
reloadAllAccessors: .ComputeHistogram

===========================================================================================
----------------- testing Sat Jun 09 01:29:23 UTC 2018 /home/travis/build/icyphy/ptII/ptolemy/actor/lib/test/auto/ConfigurationSelect.xml
----------------- Instantiating /home/travis/build/icyphy/ptII/ptolemy/actor/lib/test/auto/ConfigurationSelect.xml
5 ms. Memory: 878080K Free: 310821K (35%)
----------------- Invoking toplevel() on ptolemy.moml.MoMLSimpleApplication@56758eb1
----------------- Done invoking toplevel() on ptolemy.moml.MoMLSimpleApplication@56758eb1
reloadAllAccessors: .ConfigurationSelect

===========================================================================================
----------------- testing Sat Jun 09 01:29:23 UTC 2018 /home/travis/build/icyphy/ptII/ptolemy/actor/lib/test/auto/ConfigurationSelect2.xml
----------------- Instantiating /home/travis/build/icyphy/ptII/ptolemy/actor/lib/test/auto/ConfigurationSelect2.xml
3 ms. Memory: 878080K Free: 290820K (33%)
----------------- Invoking toplevel() on ptolemy.moml.MoMLSimpleApplication@5212486c
----------------- Done invoking toplevel() on ptolemy.moml.MoMLSimpleApplication@5212486c
reloadAllAccessors: .ConfigurationSelect2

===========================================================================================
----------------- testing Sat Jun 09 01:29:23 UTC 2018 /home/travis/build/icyphy/ptII/ptolemy/actor/lib/test/auto/ConfigurationSwitch.xml
----------------- Instantiating /home/travis/build/icyphy/ptII/ptolemy/actor/lib/test/auto/ConfigurationSwitch.xml
2 ms. Memory: 878080K Free: 280443K (32%)
----------------- Invoking toplevel() on ptolemy.moml.MoMLSimpleApplication@1b819fe8
----------------- Done invoking toplevel() on ptolemy.moml.MoMLSimpleApplication@1b819fe8
reloadAllAccessors: .ConfigurationSwitch

===========================================================================================
----------------- testing Sat Jun 09 01:29:23 UTC 2018 /home/travis/build/icyphy/ptII/ptolemy/actor/lib/test/auto/ConfigurationSwitch2.xml
----------------- Instantiating /home/travis/build/icyphy/ptII/ptolemy/actor/lib/test/auto/ConfigurationSwitch2.xml
4 ms. Memory: 878080K Free: 270066K (31%)
----------------- Invoking toplevel() on ptolemy.moml.MoMLSimpleApplication@7721299d
----------------- Done invoking toplevel() on ptolemy.moml.MoMLSimpleApplication@7721299d
reloadAllAccessors: .ConfigurationSwitch2

===========================================================================================
----------------- testing Sat Jun 09 01:29:23 UTC 2018 /home/travis/build/icyphy/ptII/ptolemy/actor/lib/test/auto/ConfigurationSwitchCloningBugWithClassRelationGroup.xml
----------------- Instantiating /home/travis/build/icyphy/ptII/ptolemy/actor/lib/test/auto/ConfigurationSwitchCloningBugWithClassRelationGroup.xml
1 ms. Memory: 878080K Free: 259690K (30%)
----------------- Invoking toplevel() on ptolemy.moml.MoMLSimpleApplication@26412910
----------------- Done invoking toplevel() on ptolemy.moml.MoMLSimpleApplication@26412910
reloadAllAccessors: .ConfigurationSwitchCloningBugWithClassRelationGroup

===========================================================================================
----------------- testing Sat Jun 09 01:29:23 UTC 2018 /home/travis/build/icyphy/ptII/ptolemy/actor/lib/test/auto/ConfigurationSwitchSelectSDF.xml
----------------- Instantiating /home/travis/build/icyphy/ptII/ptolemy/actor/lib/test/auto/ConfigurationSwitchSelectSDF.xml
4 ms. Memory: 878080K Free: 239689K (27%)
----------------- Invoking toplevel() on ptolemy.moml.MoMLSimpleApplication@6c71d63f
----------------- Done invoking toplevel() on ptolemy.moml.MoMLSimpleApplication@6c71d63f
reloadAllAccessors: .ConfigurationSwitchSelectSDF

===========================================================================================
----------------- testing Sat Jun 09 01:29:23 UTC 2018 /home/travis/build/icyphy/ptII/ptolemy/actor/lib/test/auto/ConfigurationSwitchSelectSDF2.xml
----------------- Instantiating /home/travis/build/icyphy/ptII/ptolemy/actor/lib/test/auto/ConfigurationSwitchSelectSDF2.xml
2 ms. Memory: 878080K Free: 229313K (26%)
----------------- Invoking toplevel() on ptolemy.moml.MoMLSimpleApplication@4df6fdcc
----------------- Done invoking toplevel() on ptolemy.moml.MoMLSimpleApplication@4df6fdcc
reloadAllAccessors: .ConfigurationSwitchSelectSDF2

===========================================================================================
----------------- testing Sat Jun 09 01:29:23 UTC 2018 /home/travis/build/icyphy/ptII/ptolemy/actor/lib/test/auto/Const.xml
----------------- Instantiating /home/travis/build/icyphy/ptII/ptolemy/actor/lib/test/auto/Const.xml
2 ms. Memory: 878080K Free: 218936K (25%)
----------------- Invoking toplevel() on ptolemy.moml.MoMLSimpleApplication@2ab40f01
----------------- Done invoking toplevel() on ptolemy.moml.MoMLSimpleApplication@2ab40f01
reloadAllAccessors: .Const

===========================================================================================
----------------- testing Sat Jun 09 01:29:23 UTC 2018 /home/travis/build/icyphy/ptII/ptolemy/actor/lib/test/auto/Const2.xml
----------------- Instantiating /home/travis/build/icyphy/ptII/ptolemy/actor/lib/test/auto/Const2.xml
2 ms. Memory: 878080K Free: 208559K (24%)
----------------- Invoking toplevel() on ptolemy.moml.MoMLSimpleApplication@7ffbc643
----------------- Done invoking toplevel() on ptolemy.moml.MoMLSimpleApplication@7ffbc643
reloadAllAccessors: .Const2

===========================================================================================
----------------- testing Sat Jun 09 01:29:23 UTC 2018 /home/travis/build/icyphy/ptII/ptolemy/actor/lib/test/auto/Const3.xml
----------------- Instantiating /home/travis/build/icyphy/ptII/ptolemy/actor/lib/test/auto/Const3.xml
1 ms. Memory: 878080K Free: 188559K (21%)
----------------- Invoking toplevel() on ptolemy.moml.MoMLSimpleApplication@230a1d2b
----------------- Done invoking toplevel() on ptolemy.moml.MoMLSimpleApplication@230a1d2b
reloadAllAccessors: .Const3

===========================================================================================
----------------- testing Sat Jun 09 01:29:23 UTC 2018 /home/travis/build/icyphy/ptII/ptolemy/actor/lib/test/auto/ConstantPublisherPort1.xml
----------------- Instantiating /home/travis/build/icyphy/ptII/ptolemy/actor/lib/test/auto/ConstantPublisherPort1.xml
8 ms. Memory: 878080K Free: 172978K (20%)
----------------- Invoking toplevel() on ptolemy.moml.MoMLSimpleApplication@55fd5105
----------------- Done invoking toplevel() on ptolemy.moml.MoMLSimpleApplication@55fd5105
reloadAllAccessors: .ConstantPublisherPort1

===========================================================================================
----------------- testing Sat Jun 09 01:29:24 UTC 2018 /home/travis/build/icyphy/ptII/ptolemy/actor/lib/test/auto/ConstantPublisherPort2.xml
----------------- Instantiating /home/travis/build/icyphy/ptII/ptolemy/actor/lib/test/auto/ConstantPublisherPort2.xml
9 ms. Memory: 878080K Free: 157405K (18%)
----------------- Invoking toplevel() on ptolemy.moml.MoMLSimpleApplication@7bc7cbd3
----------------- Done invoking toplevel() on ptolemy.moml.MoMLSimpleApplication@7bc7cbd3
reloadAllAccessors: .ConstantPublisherPort2

===========================================================================================
----------------- testing Sat Jun 09 01:29:24 UTC 2018 /home/travis/build/icyphy/ptII/ptolemy/actor/lib/test/auto/ConstantPublisherPort3.xml
----------------- Instantiating /home/travis/build/icyphy/ptII/ptolemy/actor/lib/test/auto/ConstantPublisherPort3.xml
5 ms. Memory: 878080K Free: 147028K (17%)
----------------- Invoking toplevel() on ptolemy.moml.MoMLSimpleApplication@51f262bb
----------------- Done invoking toplevel() on ptolemy.moml.MoMLSimpleApplication@51f262bb
reloadAllAccessors: .ConstantPublisherPort3

===========================================================================================
----------------- testing Sat Jun 09 01:29:24 UTC 2018 /home/travis/build/icyphy/ptII/ptolemy/actor/lib/test/auto/ConstantPublisherPort4.xml
----------------- Instantiating /home/travis/build/icyphy/ptII/ptolemy/actor/lib/test/auto/ConstantPublisherPort4.xml
2 ms. Memory: 878080K Free: 131463K (15%)
----------------- Invoking toplevel() on ptolemy.moml.MoMLSimpleApplication@64d9cc2b
----------------- Done invoking toplevel() on ptolemy.moml.MoMLSimpleApplication@64d9cc2b
reloadAllAccessors: .ConstantPublisherPort4

===========================================================================================
----------------- testing Sat Jun 09 01:29:24 UTC 2018 /home/travis/build/icyphy/ptII/ptolemy/actor/lib/test/auto/ConstantPublisherPort5.xml
----------------- Instantiating /home/travis/build/icyphy/ptII/ptolemy/actor/lib/test/auto/ConstantPublisherPort5.xml
26 ms. Memory: 878080K Free: 95882K (11%)
----------------- Invoking toplevel() on ptolemy.moml.MoMLSimpleApplication@4889282c
----------------- Done invoking toplevel() on ptolemy.moml.MoMLSimpleApplication@4889282c
reloadAllAccessors: .ConstantPublisherPort5

===========================================================================================
----------------- testing Sat Jun 09 01:29:24 UTC 2018 /home/travis/build/icyphy/ptII/ptolemy/actor/lib/test/auto/ConstantPublisherPort6.xml
----------------- Instantiating /home/travis/build/icyphy/ptII/ptolemy/actor/lib/test/auto/ConstantPublisherPort6.xml
9 ms. Memory: 878080K Free: 69940K (8%)
----------------- Invoking toplevel() on ptolemy.moml.MoMLSimpleApplication@4355fb42
----------------- Done invoking toplevel() on ptolemy.moml.MoMLSimpleApplication@4355fb42
reloadAllAccessors: .ConstantPublisherPort6

===========================================================================================
----------------- testing Sat Jun 09 01:29:24 UTC 2018 /home/travis/build/icyphy/ptII/ptolemy/actor/lib/test/auto/ConstantPublisherPort7.xml
----------------- Instantiating /home/travis/build/icyphy/ptII/ptolemy/actor/lib/test/auto/ConstantPublisherPort7.xml
61 ms. Memory: 879104K Free: 795896K (91%)

===========================================================================================
----------------- testing Sat Jun 09 01:29:24 UTC 2018 /home/travis/build/icyphy/ptII/ptolemy/actor/lib/test/auto/ConstraintMonitor1.xml
----------------- Instantiating /home/travis/build/icyphy/ptII/ptolemy/actor/lib/test/auto/ConstraintMonitor1.xml
9 ms. Memory: 879104K Free: 780331K (89%)
----------------- Invoking toplevel() on ptolemy.moml.MoMLSimpleApplication@dbe4042
----------------- Done invoking toplevel() on ptolemy.moml.MoMLSimpleApplication@dbe4042
reloadAllAccessors: .ConstraintMonitor1

===========================================================================================
----------------- testing Sat Jun 09 01:29:24 UTC 2018 /home/travis/build/icyphy/ptII/ptolemy/actor/lib/test/auto/ConstraintMonitor2.xml
----------------- Instantiating /home/travis/build/icyphy/ptII/ptolemy/actor/lib/test/auto/ConstraintMonitor2.xml
6 ms. Memory: 879104K Free: 769954K (88%)
----------------- Invoking toplevel() on ptolemy.moml.MoMLSimpleApplication@1d9f8967
----------------- Done invoking toplevel() on ptolemy.moml.MoMLSimpleApplication@1d9f8967
reloadAllAccessors: .ConstraintMonitor2

===========================================================================================
----------------- testing Sat Jun 09 01:29:24 UTC 2018 /home/travis/build/icyphy/ptII/ptolemy/actor/lib/test/auto/ConstraintMonitor3.xml
----------------- Instantiating /home/travis/build/icyphy/ptII/ptolemy/actor/lib/test/auto/ConstraintMonitor3.xml
7 ms. Memory: 879104K Free: 752502K (86%)
----------------- Invoking toplevel() on ptolemy.moml.MoMLSimpleApplication@647d79e8
----------------- Done invoking toplevel() on ptolemy.moml.MoMLSimpleApplication@647d79e8
reloadAllAccessors: .ConstraintMonitor3

===========================================================================================
----------------- testing Sat Jun 09 01:29:24 UTC 2018 /home/travis/build/icyphy/ptII/ptolemy/actor/lib/test/auto/ConstraintMonitor4.xml
----------------- Instantiating /home/travis/build/icyphy/ptII/ptolemy/actor/lib/test/auto/ConstraintMonitor4.xml
6 ms. Memory: 879104K Free: 742126K (84%)
----------------- Invoking toplevel() on ptolemy.moml.MoMLSimpleApplication@4ef60f7
----------------- Done invoking toplevel() on ptolemy.moml.MoMLSimpleApplication@4ef60f7
reloadAllAccessors: .ConstraintMonitor4

===========================================================================================
----------------- testing Sat Jun 09 01:29:24 UTC 2018 /home/travis/build/icyphy/ptII/ptolemy/actor/lib/test/auto/ConstraintMonitor5.xml
----------------- Instantiating /home/travis/build/icyphy/ptII/ptolemy/actor/lib/test/auto/ConstraintMonitor5.xml
5 ms. Memory: 879104K Free: 731749K (83%)
----------------- Invoking toplevel() on ptolemy.moml.MoMLSimpleApplication@5e44279c
----------------- Done invoking toplevel() on ptolemy.moml.MoMLSimpleApplication@5e44279c
reloadAllAccessors: .ConstraintMonitor5

===========================================================================================
----------------- testing Sat Jun 09 01:29:24 UTC 2018 /home/travis/build/icyphy/ptII/ptolemy/actor/lib/test/auto/ConstraintMonitor6.xml
----------------- Instantiating /home/travis/build/icyphy/ptII/ptolemy/actor/lib/test/auto/ConstraintMonitor6.xml
3 ms. Memory: 879104K Free: 721211K (82%)
----------------- Invoking toplevel() on ptolemy.moml.MoMLSimpleApplication@7fea090f
----------------- Done invoking toplevel() on ptolemy.moml.MoMLSimpleApplication@7fea090f
reloadAllAccessors: .ConstraintMonitor6

===========================================================================================
----------------- testing Sat Jun 09 01:29:24 UTC 2018 /home/travis/build/icyphy/ptII/ptolemy/actor/lib/test/auto/ConstraintMonitor7.xml
----------------- Instantiating /home/travis/build/icyphy/ptII/ptolemy/actor/lib/test/auto/ConstraintMonitor7.xml
7 ms. Memory: 879104K Free: 703759K (80%)
----------------- Invoking toplevel() on ptolemy.moml.MoMLSimpleApplication@4023ad65
----------------- Done invoking toplevel() on ptolemy.moml.MoMLSimpleApplication@4023ad65
reloadAllAccessors: .ConstraintMonitor7

===========================================================================================
----------------- testing Sat Jun 09 01:29:24 UTC 2018 /home/travis/build/icyphy/ptII/ptolemy/actor/lib/test/auto/ConstraintMonitor8.xml
----------------- Instantiating /home/travis/build/icyphy/ptII/ptolemy/actor/lib/test/auto/ConstraintMonitor8.xml
2 ms. Memory: 879104K Free: 688194K (78%)
----------------- Invoking toplevel() on ptolemy.moml.MoMLSimpleApplication@7dd852f2
----------------- Done invoking toplevel() on ptolemy.moml.MoMLSimpleApplication@7dd852f2
reloadAllAccessors: .ConstraintMonitor8

===========================================================================================
----------------- testing Sat Jun 09 01:29:24 UTC 2018 /home/travis/build/icyphy/ptII/ptolemy/actor/lib/test/auto/Counter.xml
----------------- Instantiating /home/travis/build/icyphy/ptII/ptolemy/actor/lib/test/auto/Counter.xml
1 ms. Memory: 879104K Free: 677817K (77%)
----------------- Invoking toplevel() on ptolemy.moml.MoMLSimpleApplication@3ea9a777
----------------- Done invoking toplevel() on ptolemy.moml.MoMLSimpleApplication@3ea9a777
reloadAllAccessors: .Counter

===========================================================================================
----------------- testing Sat Jun 09 01:29:24 UTC 2018 /home/travis/build/icyphy/ptII/ptolemy/actor/lib/test/auto/CurrentTimeSDF.xml
----------------- Instantiating /home/travis/build/icyphy/ptII/ptolemy/actor/lib/test/auto/CurrentTimeSDF.xml
2 ms. Memory: 879104K Free: 660365K (75%)
----------------- Invoking toplevel() on ptolemy.moml.MoMLSimpleApplication@4adee5e8
----------------- Done invoking toplevel() on ptolemy.moml.MoMLSimpleApplication@4adee5e8
reloadAllAccessors: .CurrentTimeSDF

===========================================================================================
----------------- testing Sat Jun 09 01:29:24 UTC 2018 /home/travis/build/icyphy/ptII/ptolemy/actor/lib/test/auto/DB.xml
----------------- Instantiating /home/travis/build/icyphy/ptII/ptolemy/actor/lib/test/auto/DB.xml
2 ms. Memory: 879104K Free: 649989K (74%)
----------------- Invoking toplevel() on ptolemy.moml.MoMLSimpleApplication@5f50c48f
----------------- Done invoking toplevel() on ptolemy.moml.MoMLSimpleApplication@5f50c48f
reloadAllAccessors: .DB

===========================================================================================
----------------- testing Sat Jun 09 01:29:24 UTC 2018 /home/travis/build/icyphy/ptII/ptolemy/actor/lib/test/auto/DBDE.xml
----------------- Instantiating /home/travis/build/icyphy/ptII/ptolemy/actor/lib/test/auto/DBDE.xml
2 ms. Memory: 879104K Free: 639612K (73%)
----------------- Invoking toplevel() on ptolemy.moml.MoMLSimpleApplication@5a6e8a1c
----------------- Done invoking toplevel() on ptolemy.moml.MoMLSimpleApplication@5a6e8a1c
reloadAllAccessors: .DBDE

===========================================================================================
----------------- testing Sat Jun 09 01:29:24 UTC 2018 /home/travis/build/icyphy/ptII/ptolemy/actor/lib/test/auto/DateConstructor.xml
----------------- Instantiating /home/travis/build/icyphy/ptII/ptolemy/actor/lib/test/auto/DateConstructor.xml
12 ms. Memory: 879104K Free: 611767K (70%)
----------------- Invoking toplevel() on ptolemy.moml.MoMLSimpleApplication@4172ab68
----------------- Done invoking toplevel() on ptolemy.moml.MoMLSimpleApplication@4172ab68
reloadAllAccessors: .DateConstructor

===========================================================================================
----------------- testing Sat Jun 09 01:29:24 UTC 2018 /home/travis/build/icyphy/ptII/ptolemy/actor/lib/test/auto/DelayTime.xml
----------------- Instantiating /home/travis/build/icyphy/ptII/ptolemy/actor/lib/test/auto/DelayTime.xml
2 ms. Memory: 879104K Free: 601391K (68%)
----------------- Invoking toplevel() on ptolemy.moml.MoMLSimpleApplication@8978b6d
----------------- Done invoking toplevel() on ptolemy.moml.MoMLSimpleApplication@8978b6d
reloadAllAccessors: .DelayTime

===========================================================================================
----------------- testing Sat Jun 09 01:29:24 UTC 2018 /home/travis/build/icyphy/ptII/ptolemy/actor/lib/test/auto/Dictionary1.xml
----------------- Instantiating /home/travis/build/icyphy/ptII/ptolemy/actor/lib/test/auto/Dictionary1.xml
1 ms. Memory: 879104K Free: 591014K (67%)
----------------- Invoking toplevel() on ptolemy.moml.MoMLSimpleApplication@6a8f0207
----------------- Done invoking toplevel() on ptolemy.moml.MoMLSimpleApplication@6a8f0207
reloadAllAccessors: .Dictionary1

===========================================================================================
----------------- testing Sat Jun 09 01:29:24 UTC 2018 /home/travis/build/icyphy/ptII/ptolemy/actor/lib/test/auto/Dictionary2.xml
----------------- Instantiating /home/travis/build/icyphy/ptII/ptolemy/actor/lib/test/auto/Dictionary2.xml
1 ms. Memory: 879104K Free: 573562K (65%)
----------------- Invoking toplevel() on ptolemy.moml.MoMLSimpleApplication@3fd0fbb7
----------------- Done invoking toplevel() on ptolemy.moml.MoMLSimpleApplication@3fd0fbb7
reloadAllAccessors: .Dictionary2

===========================================================================================
----------------- testing Sat Jun 09 01:29:24 UTC 2018 /home/travis/build/icyphy/ptII/ptolemy/actor/lib/test/auto/Dictionary3.xml
----------------- Instantiating /home/travis/build/icyphy/ptII/ptolemy/actor/lib/test/auto/Dictionary3.xml
2 ms. Memory: 879104K Free: 563186K (64%)
----------------- Invoking toplevel() on ptolemy.moml.MoMLSimpleApplication@66614c7d
----------------- Done invoking toplevel() on ptolemy.moml.MoMLSimpleApplication@66614c7d
reloadAllAccessors: .Dictionary3

===========================================================================================
----------------- testing Sat Jun 09 01:29:24 UTC 2018 /home/travis/build/icyphy/ptII/ptolemy/actor/lib/test/auto/Dictionary4.xml
----------------- Instantiating /home/travis/build/icyphy/ptII/ptolemy/actor/lib/test/auto/Dictionary4.xml
2 ms. Memory: 879104K Free: 552809K (63%)
----------------- Invoking toplevel() on ptolemy.moml.MoMLSimpleApplication@65b4c430
----------------- Done invoking toplevel() on ptolemy.moml.MoMLSimpleApplication@65b4c430
reloadAllAccessors: .Dictionary4

===========================================================================================
----------------- testing Sat Jun 09 01:29:24 UTC 2018 /home/travis/build/icyphy/ptII/ptolemy/actor/lib/test/auto/Differential.xml
----------------- Instantiating /home/travis/build/icyphy/ptII/ptolemy/actor/lib/test/auto/Differential.xml
1 ms. Memory: 879104K Free: 535357K (61%)
----------------- Invoking toplevel() on ptolemy.moml.MoMLSimpleApplication@2af881fa
----------------- Done invoking toplevel() on ptolemy.moml.MoMLSimpleApplication@2af881fa
reloadAllAccessors: .Differential

===========================================================================================
----------------- testing Sat Jun 09 01:29:24 UTC 2018 /home/travis/build/icyphy/ptII/ptolemy/actor/lib/test/auto/Director.xml
----------------- Instantiating /home/travis/build/icyphy/ptII/ptolemy/actor/lib/test/auto/Director.xml
2 ms. Memory: 879104K Free: 524980K (60%)
----------------- Invoking toplevel() on ptolemy.moml.MoMLSimpleApplication@4d5bc3f3
----------------- Done invoking toplevel() on ptolemy.moml.MoMLSimpleApplication@4d5bc3f3
reloadAllAccessors: .Director

===========================================================================================
----------------- testing Sat Jun 09 01:29:24 UTC 2018 /home/travis/build/icyphy/ptII/ptolemy/actor/lib/test/auto/DiscreteClock.xml
----------------- Instantiating /home/travis/build/icyphy/ptII/ptolemy/actor/lib/test/auto/DiscreteClock.xml
1 ms. Memory: 879104K Free: 514603K (59%)
----------------- Invoking toplevel() on ptolemy.moml.MoMLSimpleApplication@46ca1102
----------------- Done invoking toplevel() on ptolemy.moml.MoMLSimpleApplication@46ca1102
reloadAllAccessors: .DiscreteClock

===========================================================================================
----------------- testing Sat Jun 09 01:29:24 UTC 2018 /home/travis/build/icyphy/ptII/ptolemy/actor/lib/test/auto/DiscreteClock10.xml
----------------- Instantiating /home/travis/build/icyphy/ptII/ptolemy/actor/lib/test/auto/DiscreteClock10.xml
2 ms. Memory: 879104K Free: 497151K (57%)
----------------- Invoking toplevel() on ptolemy.moml.MoMLSimpleApplication@601a48a6
----------------- Done invoking toplevel() on ptolemy.moml.MoMLSimpleApplication@601a48a6
reloadAllAccessors: .DiscreteClock10

===========================================================================================
----------------- testing Sat Jun 09 01:29:24 UTC 2018 /home/travis/build/icyphy/ptII/ptolemy/actor/lib/test/auto/DiscreteClock11.xml
----------------- Instantiating /home/travis/build/icyphy/ptII/ptolemy/actor/lib/test/auto/DiscreteClock11.xml
2 ms. Memory: 879104K Free: 486775K (55%)
----------------- Invoking toplevel() on ptolemy.moml.MoMLSimpleApplication@5677e532
----------------- Done invoking toplevel() on ptolemy.moml.MoMLSimpleApplication@5677e532
reloadAllAccessors: .DiscreteClock11

===========================================================================================
----------------- testing Sat Jun 09 01:29:24 UTC 2018 /home/travis/build/icyphy/ptII/ptolemy/actor/lib/test/auto/DiscreteClock12.xml
----------------- Instantiating /home/travis/build/icyphy/ptII/ptolemy/actor/lib/test/auto/DiscreteClock12.xml
1 ms. Memory: 879104K Free: 476398K (54%)
----------------- Invoking toplevel() on ptolemy.moml.MoMLSimpleApplication@28beeb91
----------------- Done invoking toplevel() on ptolemy.moml.MoMLSimpleApplication@28beeb91
reloadAllAccessors: .DiscreteClock12

===========================================================================================
----------------- testing Sat Jun 09 01:29:24 UTC 2018 /home/travis/build/icyphy/ptII/ptolemy/actor/lib/test/auto/DiscreteClock13.xml
----------------- Instantiating /home/travis/build/icyphy/ptII/ptolemy/actor/lib/test/auto/DiscreteClock13.xml
6 ms. Memory: 879104K Free: 458946K (52%)
----------------- Invoking toplevel() on ptolemy.moml.MoMLSimpleApplication@5ef69056
----------------- Done invoking toplevel() on ptolemy.moml.MoMLSimpleApplication@5ef69056
reloadAllAccessors: .DiscreteClock13

===========================================================================================
----------------- testing Sat Jun 09 01:29:24 UTC 2018 /home/travis/build/icyphy/ptII/ptolemy/actor/lib/test/auto/DiscreteClock14.xml
----------------- Instantiating /home/travis/build/icyphy/ptII/ptolemy/actor/lib/test/auto/DiscreteClock14.xml
3 ms. Memory: 879104K Free: 448569K (51%)
----------------- Invoking toplevel() on ptolemy.moml.MoMLSimpleApplication@76532356
----------------- Done invoking toplevel() on ptolemy.moml.MoMLSimpleApplication@76532356
reloadAllAccessors: .DiscreteClock14

===========================================================================================
----------------- testing Sat Jun 09 01:29:24 UTC 2018 /home/travis/build/icyphy/ptII/ptolemy/actor/lib/test/auto/DiscreteClock15.xml
----------------- Instantiating /home/travis/build/icyphy/ptII/ptolemy/actor/lib/test/auto/DiscreteClock15.xml
7 ms. Memory: 1362432K Free: 1304310K (96%)
----------------- Invoking toplevel() on ptolemy.moml.MoMLSimpleApplication@67f1f529
----------------- Done invoking toplevel() on ptolemy.moml.MoMLSimpleApplication@67f1f529
reloadAllAccessors: .DiscreteClock15

===========================================================================================
----------------- testing Sat Jun 09 01:29:25 UTC 2018 /home/travis/build/icyphy/ptII/ptolemy/actor/lib/test/auto/DiscreteClock16.xml
----------------- Instantiating /home/travis/build/icyphy/ptII/ptolemy/actor/lib/test/auto/DiscreteClock16.xml
9 ms. Memory: 1362432K Free: 1270640K (93%)
----------------- Invoking toplevel() on ptolemy.moml.MoMLSimpleApplication@426effab
----------------- Done invoking toplevel() on ptolemy.moml.MoMLSimpleApplication@426effab
reloadAllAccessors: .DiscreteClock16

===========================================================================================
----------------- testing Sat Jun 09 01:29:25 UTC 2018 /home/travis/build/icyphy/ptII/ptolemy/actor/lib/test/auto/DiscreteClock17.xml
----------------- Instantiating /home/travis/build/icyphy/ptII/ptolemy/actor/lib/test/auto/DiscreteClock17.xml
14 ms. Memory: 1362432K Free: 1245721K (91%)
----------------- Invoking toplevel() on ptolemy.moml.MoMLSimpleApplication@3822e519
----------------- Done invoking toplevel() on ptolemy.moml.MoMLSimpleApplication@3822e519
reloadAllAccessors: .DiscreteClock17

===========================================================================================
----------------- testing Sat Jun 09 01:29:25 UTC 2018 /home/travis/build/icyphy/ptII/ptolemy/actor/lib/test/auto/DiscreteClock18.xml
----------------- Instantiating /home/travis/build/icyphy/ptII/ptolemy/actor/lib/test/auto/DiscreteClock18.xml
14 ms. Memory: 1362432K Free: 1220801K (90%)
----------------- Invoking toplevel() on ptolemy.moml.MoMLSimpleApplication@993d833
----------------- Done invoking toplevel() on ptolemy.moml.MoMLSimpleApplication@993d833
reloadAllAccessors: .DiscreteClock18

===========================================================================================
----------------- testing Sat Jun 09 01:29:25 UTC 2018 /home/travis/build/icyphy/ptII/ptolemy/actor/lib/test/auto/DiscreteClock19.xml
----------------- Instantiating /home/travis/build/icyphy/ptII/ptolemy/actor/lib/test/auto/DiscreteClock19.xml
7 ms. Memory: 1362432K Free: 1187139K (87%)
----------------- Invoking toplevel() on ptolemy.moml.MoMLSimpleApplication@7903f78b
----------------- Done invoking toplevel() on ptolemy.moml.MoMLSimpleApplication@7903f78b
reloadAllAccessors: .DiscreteClock19

===========================================================================================
----------------- testing Sat Jun 09 01:29:25 UTC 2018 /home/travis/build/icyphy/ptII/ptolemy/actor/lib/test/auto/DiscreteClock2.xml
----------------- Instantiating /home/travis/build/icyphy/ptII/ptolemy/actor/lib/test/auto/DiscreteClock2.xml
6 ms. Memory: 1362432K Free: 1170536K (86%)
----------------- Invoking toplevel() on ptolemy.moml.MoMLSimpleApplication@464d3499
----------------- Done invoking toplevel() on ptolemy.moml.MoMLSimpleApplication@464d3499
reloadAllAccessors: .DiscreteClock2

===========================================================================================
----------------- testing Sat Jun 09 01:29:25 UTC 2018 /home/travis/build/icyphy/ptII/ptolemy/actor/lib/test/auto/DiscreteClock20.xml
----------------- Instantiating /home/travis/build/icyphy/ptII/ptolemy/actor/lib/test/auto/DiscreteClock20.xml
7 ms. Memory: 1362432K Free: 1153934K (85%)
----------------- Invoking toplevel() on ptolemy.moml.MoMLSimpleApplication@63a5fff3
----------------- Done invoking toplevel() on ptolemy.moml.MoMLSimpleApplication@63a5fff3
reloadAllAccessors: .DiscreteClock20

===========================================================================================
----------------- testing Sat Jun 09 01:29:25 UTC 2018 /home/travis/build/icyphy/ptII/ptolemy/actor/lib/test/auto/DiscreteClock21.xml
----------------- Instantiating /home/travis/build/icyphy/ptII/ptolemy/actor/lib/test/auto/DiscreteClock21.xml
6 ms. Memory: 1362432K Free: 1137331K (83%)
----------------- Invoking toplevel() on ptolemy.moml.MoMLSimpleApplication@79728d46
----------------- Done invoking toplevel() on ptolemy.moml.MoMLSimpleApplication@79728d46
reloadAllAccessors: .DiscreteClock21

===========================================================================================
----------------- testing Sat Jun 09 01:29:25 UTC 2018 /home/travis/build/icyphy/ptII/ptolemy/actor/lib/test/auto/DiscreteClock22.xml
----------------- Instantiating /home/travis/build/icyphy/ptII/ptolemy/actor/lib/test/auto/DiscreteClock22.xml
3 ms. Memory: 1362432K Free: 1111978K (82%)
----------------- Invoking toplevel() on ptolemy.moml.MoMLSimpleApplication@5d5ff39c
----------------- Done invoking toplevel() on ptolemy.moml.MoMLSimpleApplication@5d5ff39c
reloadAllAccessors: .DiscreteClock22

===========================================================================================
----------------- testing Sat Jun 09 01:29:25 UTC 2018 /home/travis/build/icyphy/ptII/ptolemy/actor/lib/test/auto/DiscreteClock23.xml
----------------- Instantiating /home/travis/build/icyphy/ptII/ptolemy/actor/lib/test/auto/DiscreteClock23.xml
2 ms. Memory: 1362432K Free: 1095376K (80%)
----------------- Invoking toplevel() on ptolemy.moml.MoMLSimpleApplication@5b01fae2
----------------- Done invoking toplevel() on ptolemy.moml.MoMLSimpleApplication@5b01fae2
reloadAllAccessors: .DiscreteClock23

===========================================================================================
----------------- testing Sat Jun 09 01:29:25 UTC 2018 /home/travis/build/icyphy/ptII/ptolemy/actor/lib/test/auto/DiscreteClock24.xml
----------------- Instantiating /home/travis/build/icyphy/ptII/ptolemy/actor/lib/test/auto/DiscreteClock24.xml
1 ms. Memory: 1362432K Free: 1078773K (79%)
----------------- Invoking toplevel() on ptolemy.moml.MoMLSimpleApplication@70bda951
----------------- Done invoking toplevel() on ptolemy.moml.MoMLSimpleApplication@70bda951
reloadAllAccessors: .DiscreteClock24

===========================================================================================
----------------- testing Sat Jun 09 01:29:25 UTC 2018 /home/travis/build/icyphy/ptII/ptolemy/actor/lib/test/auto/DiscreteClock4.xml
----------------- Instantiating /home/travis/build/icyphy/ptII/ptolemy/actor/lib/test/auto/DiscreteClock4.xml
3 ms. Memory: 1362432K Free: 1062171K (78%)
----------------- Invoking toplevel() on ptolemy.moml.MoMLSimpleApplication@3ba0873e
----------------- Done invoking toplevel() on ptolemy.moml.MoMLSimpleApplication@3ba0873e
reloadAllAccessors: .DiscreteClock4

===========================================================================================
----------------- testing Sat Jun 09 01:29:25 UTC 2018 /home/travis/build/icyphy/ptII/ptolemy/actor/lib/test/auto/DiscreteClock5.xml
----------------- Instantiating /home/travis/build/icyphy/ptII/ptolemy/actor/lib/test/auto/DiscreteClock5.xml
2 ms. Memory: 1362432K Free: 1036818K (76%)
----------------- Invoking toplevel() on ptolemy.moml.MoMLSimpleApplication@4f63f6ac
----------------- Done invoking toplevel() on ptolemy.moml.MoMLSimpleApplication@4f63f6ac
reloadAllAccessors: .DiscreteClock5

===========================================================================================
----------------- testing Sat Jun 09 01:29:25 UTC 2018 /home/travis/build/icyphy/ptII/ptolemy/actor/lib/test/auto/DiscreteClock6.xml
----------------- Instantiating /home/travis/build/icyphy/ptII/ptolemy/actor/lib/test/auto/DiscreteClock6.xml
1 ms. Memory: 1362432K Free: 1020215K (75%)
----------------- Invoking toplevel() on ptolemy.moml.MoMLSimpleApplication@47552299
----------------- Done invoking toplevel() on ptolemy.moml.MoMLSimpleApplication@47552299
reloadAllAccessors: .DiscreteClock6

===========================================================================================
----------------- testing Sat Jun 09 01:29:25 UTC 2018 /home/travis/build/icyphy/ptII/ptolemy/actor/lib/test/auto/DiscreteClock7.xml
----------------- Instantiating /home/travis/build/icyphy/ptII/ptolemy/actor/lib/test/auto/DiscreteClock7.xml
1 ms. Memory: 1362432K Free: 1003613K (74%)
----------------- Invoking toplevel() on ptolemy.moml.MoMLSimpleApplication@1f5cd196
----------------- Done invoking toplevel() on ptolemy.moml.MoMLSimpleApplication@1f5cd196
reloadAllAccessors: .DiscreteClock7

===========================================================================================
----------------- testing Sat Jun 09 01:29:25 UTC 2018 /home/travis/build/icyphy/ptII/ptolemy/actor/lib/test/auto/DiscreteClock8.xml
----------------- Instantiating /home/travis/build/icyphy/ptII/ptolemy/actor/lib/test/auto/DiscreteClock8.xml
6 ms. Memory: 1362432K Free: 978260K (72%)
----------------- Invoking toplevel() on ptolemy.moml.MoMLSimpleApplication@30dc7299
----------------- Done invoking toplevel() on ptolemy.moml.MoMLSimpleApplication@30dc7299
reloadAllAccessors: .DiscreteClock8

===========================================================================================
----------------- testing Sat Jun 09 01:29:25 UTC 2018 /home/travis/build/icyphy/ptII/ptolemy/actor/lib/test/auto/DiscreteClock9.xml
----------------- Instantiating /home/travis/build/icyphy/ptII/ptolemy/actor/lib/test/auto/DiscreteClock9.xml
2 ms. Memory: 1362432K Free: 961658K (71%)
----------------- Invoking toplevel() on ptolemy.moml.MoMLSimpleApplication@2da1a288
----------------- Done invoking toplevel() on ptolemy.moml.MoMLSimpleApplication@2da1a288
reloadAllAccessors: .DiscreteClock9

===========================================================================================
----------------- testing Sat Jun 09 01:29:25 UTC 2018 /home/travis/build/icyphy/ptII/ptolemy/actor/lib/test/auto/DisplayArray.xml
----------------- Instantiating /home/travis/build/icyphy/ptII/ptolemy/actor/lib/test/auto/DisplayArray.xml
1 ms. Memory: 1362432K Free: 945055K (69%)
----------------- Invoking toplevel() on ptolemy.moml.MoMLSimpleApplication@695fcea3
----------------- Done invoking toplevel() on ptolemy.moml.MoMLSimpleApplication@695fcea3
reloadAllAccessors: .DisplayArray

===========================================================================================
----------------- testing Sat Jun 09 01:29:25 UTC 2018 /home/travis/build/icyphy/ptII/ptolemy/actor/lib/test/auto/Distributor.xml
----------------- Instantiating /home/travis/build/icyphy/ptII/ptolemy/actor/lib/test/auto/Distributor.xml
1 ms. Memory: 1362432K Free: 928453K (68%)
----------------- Invoking toplevel() on ptolemy.moml.MoMLSimpleApplication@66c0894c
----------------- Done invoking toplevel() on ptolemy.moml.MoMLSimpleApplication@66c0894c
reloadAllAccessors: .Distributor

===========================================================================================
----------------- testing Sat Jun 09 01:29:25 UTC 2018 /home/travis/build/icyphy/ptII/ptolemy/actor/lib/test/auto/Distributor2.xml
----------------- Instantiating /home/travis/build/icyphy/ptII/ptolemy/actor/lib/test/auto/Distributor2.xml
1 ms. Memory: 1362432K Free: 903100K (66%)
----------------- Invoking toplevel() on ptolemy.moml.MoMLSimpleApplication@75336ff5
----------------- Done invoking toplevel() on ptolemy.moml.MoMLSimpleApplication@75336ff5
reloadAllAccessors: .Distributor2

===========================================================================================
----------------- testing Sat Jun 09 01:29:25 UTC 2018 /home/travis/build/icyphy/ptII/ptolemy/actor/lib/test/auto/DownSample.xml
----------------- Instantiating /home/travis/build/icyphy/ptII/ptolemy/actor/lib/test/auto/DownSample.xml
1 ms. Memory: 1362432K Free: 886498K (65%)
----------------- Invoking toplevel() on ptolemy.moml.MoMLSimpleApplication@2610e344
----------------- Done invoking toplevel() on ptolemy.moml.MoMLSimpleApplication@2610e344
reloadAllAccessors: .DownSample

===========================================================================================
----------------- testing Sat Jun 09 01:29:25 UTC 2018 /home/travis/build/icyphy/ptII/ptolemy/actor/lib/test/auto/ElectronicUnitBase1.xml
----------------- Instantiating /home/travis/build/icyphy/ptII/ptolemy/actor/lib/test/auto/ElectronicUnitBase1.xml
16 ms. Memory: 1362432K Free: 861578K (63%)
----------------- Invoking toplevel() on ptolemy.moml.MoMLSimpleApplication@710ed33e
----------------- Done invoking toplevel() on ptolemy.moml.MoMLSimpleApplication@710ed33e
reloadAllAccessors: .ElectronicUnitBase1

===========================================================================================
----------------- testing Sat Jun 09 01:29:25 UTC 2018 /home/travis/build/icyphy/ptII/ptolemy/actor/lib/test/auto/ElementsToArray.xml
----------------- Instantiating /home/travis/build/icyphy/ptII/ptolemy/actor/lib/test/auto/ElementsToArray.xml
2 ms. Memory: 1362432K Free: 844975K (62%)
----------------- Invoking toplevel() on ptolemy.moml.MoMLSimpleApplication@72ef7157
----------------- Done invoking toplevel() on ptolemy.moml.MoMLSimpleApplication@72ef7157
reloadAllAccessors: .ElementsToArray

===========================================================================================
----------------- testing Sat Jun 09 01:29:25 UTC 2018 /home/travis/build/icyphy/ptII/ptolemy/actor/lib/test/auto/Equals.xml
----------------- Instantiating /home/travis/build/icyphy/ptII/ptolemy/actor/lib/test/auto/Equals.xml
2 ms. Memory: 1362432K Free: 819623K (60%)
----------------- Invoking toplevel() on ptolemy.moml.MoMLSimpleApplication@dd3ddd6
----------------- Done invoking toplevel() on ptolemy.moml.MoMLSimpleApplication@dd3ddd6
reloadAllAccessors: .Equals

===========================================================================================
----------------- testing Sat Jun 09 01:29:25 UTC 2018 /home/travis/build/icyphy/ptII/ptolemy/actor/lib/test/auto/Exec.xml
----------------- Instantiating /home/travis/build/icyphy/ptII/ptolemy/actor/lib/test/auto/Exec.xml
10 ms. Memory: 1362432K Free: 790568K (58%)
----------------- Invoking toplevel() on ptolemy.moml.MoMLSimpleApplication@5f472358
----------------- Done invoking toplevel() on ptolemy.moml.MoMLSimpleApplication@5f472358
reloadAllAccessors: .Exec

===========================================================================================
----------------- testing Sat Jun 09 01:29:25 UTC 2018 /home/travis/build/icyphy/ptII/ptolemy/actor/lib/test/auto/ExecEnvironment.xml
----------------- Instantiating /home/travis/build/icyphy/ptII/ptolemy/actor/lib/test/auto/ExecEnvironment.xml
22 ms. Memory: 1362432K Free: 773966K (57%)
----------------- Invoking toplevel() on ptolemy.moml.MoMLSimpleApplication@4625ba85
----------------- Done invoking toplevel() on ptolemy.moml.MoMLSimpleApplication@4625ba85
reloadAllAccessors: .ExecEnvironment

===========================================================================================
----------------- testing Sat Jun 09 01:29:25 UTC 2018 /home/travis/build/icyphy/ptII/ptolemy/actor/lib/test/auto/ExecNonZeroReturnOutput.xml
----------------- Instantiating /home/travis/build/icyphy/ptII/ptolemy/actor/lib/test/auto/ExecNonZeroReturnOutput.xml
126 ms. Memory: 1362432K Free: 649446K (48%)
----------------- Invoking toplevel() on ptolemy.moml.MoMLSimpleApplication@747c55c6
----------------- Done invoking toplevel() on ptolemy.moml.MoMLSimpleApplication@747c55c6
reloadAllAccessors: .ExecNonZeroReturnOutput

===========================================================================================
----------------- testing Sat Jun 09 01:29:25 UTC 2018 /home/travis/build/icyphy/ptII/ptolemy/actor/lib/test/auto/ExecRunDemos.xml
----------------- Instantiating /home/travis/build/icyphy/ptII/ptolemy/actor/lib/test/auto/ExecRunDemos.xml
Finished: 33 ms. Memory: 116224K Free: 100789K (87%)

Finished: 29 ms. Memory: 116224K Free: 98295K (85%)

Finished: 85 ms. Memory: 116224K Free: 98342K (85%)

Finished: 54 ms. Memory: 116224K Free: 99578K (86%)

Finished: 34 ms. Memory: 116224K Free: 100823K (87%)

9215 ms. Memory: 1362432K Free: 532778K (39%)
----------------- Invoking toplevel() on ptolemy.moml.MoMLSimpleApplication@39136085
----------------- Done invoking toplevel() on ptolemy.moml.MoMLSimpleApplication@39136085
reloadAllAccessors: .ExecRunDemos

===========================================================================================
----------------- testing Sat Jun 09 01:29:35 UTC 2018 /home/travis/build/icyphy/ptII/ptolemy/actor/lib/test/auto/ExecStop.xml
----------------- Instantiating /home/travis/build/icyphy/ptII/ptolemy/actor/lib/test/auto/ExecStop.xml
5011 ms. Memory: 1362432K Free: 292041K (21%)
----------------- Invoking toplevel() on ptolemy.moml.MoMLSimpleApplication@e98bec0
----------------- Done invoking toplevel() on ptolemy.moml.MoMLSimpleApplication@e98bec0
reloadAllAccessors: .ExecStop

===========================================================================================
----------------- testing Sat Jun 09 01:29:40 UTC 2018 /home/travis/build/icyphy/ptII/ptolemy/actor/lib/test/auto/ExecutionTimePN.xml
----------------- Instantiating /home/travis/build/icyphy/ptII/ptolemy/actor/lib/test/auto/ExecutionTimePN.xml
Fired ExecutionTime: 1068400000
Fired ExecutionTime: 1571600000
Fired ExecutionTime: 1506400000
2011 ms. Memory: 1362432K Free: 209013K (15%)
----------------- Invoking toplevel() on ptolemy.moml.MoMLSimpleApplication@3c655577
----------------- Done invoking toplevel() on ptolemy.moml.MoMLSimpleApplication@3c655577
reloadAllAccessors: .ExecutionTimePN

===========================================================================================
----------------- testing Sat Jun 09 01:29:42 UTC 2018 /home/travis/build/icyphy/ptII/ptolemy/actor/lib/test/auto/ExecutionTimeSDF.xml
----------------- Instantiating /home/travis/build/icyphy/ptII/ptolemy/actor/lib/test/auto/ExecutionTimeSDF.xml
Fired ExecutionTime: 1986800000
Fired ExecutionTime: 990400000
Fired ExecutionTime: 930400000
6005 ms. Memory: 1362432K Free: 175343K (13%)
----------------- Invoking toplevel() on ptolemy.moml.MoMLSimpleApplication@5690c317
----------------- Done invoking toplevel() on ptolemy.moml.MoMLSimpleApplication@5690c317
reloadAllAccessors: .ExecutionTimeSDF

===========================================================================================
----------------- testing Sat Jun 09 01:29:48 UTC 2018 /home/travis/build/icyphy/ptII/ptolemy/actor/lib/test/auto/Expression1.xml
----------------- Instantiating /home/travis/build/icyphy/ptII/ptolemy/actor/lib/test/auto/Expression1.xml
2 ms. Memory: 1362432K Free: 158740K (12%)
----------------- Invoking toplevel() on ptolemy.moml.MoMLSimpleApplication@5923d316
----------------- Done invoking toplevel() on ptolemy.moml.MoMLSimpleApplication@5923d316
reloadAllAccessors: .Expression1

===========================================================================================
----------------- testing Sat Jun 09 01:29:48 UTC 2018 /home/travis/build/icyphy/ptII/ptolemy/actor/lib/test/auto/Expression10.xml
----------------- Instantiating /home/travis/build/icyphy/ptII/ptolemy/actor/lib/test/auto/Expression10.xml
5 ms. Memory: 1362432K Free: 142138K (10%)
----------------- Invoking toplevel() on ptolemy.moml.MoMLSimpleApplication@7721c870
----------------- Done invoking toplevel() on ptolemy.moml.MoMLSimpleApplication@7721c870
reloadAllAccessors: .Expression10

===========================================================================================
----------------- testing Sat Jun 09 01:29:48 UTC 2018 /home/travis/build/icyphy/ptII/ptolemy/actor/lib/test/auto/Expression11.xml
----------------- Instantiating /home/travis/build/icyphy/ptII/ptolemy/actor/lib/test/auto/Expression11.xml
2 ms. Memory: 1362432K Free: 125535K (9%)
----------------- Invoking toplevel() on ptolemy.moml.MoMLSimpleApplication@4e7d6252
----------------- Done invoking toplevel() on ptolemy.moml.MoMLSimpleApplication@4e7d6252
reloadAllAccessors: .Expression11

===========================================================================================
----------------- testing Sat Jun 09 01:29:48 UTC 2018 /home/travis/build/icyphy/ptII/ptolemy/actor/lib/test/auto/Expression12.xml
----------------- Instantiating /home/travis/build/icyphy/ptII/ptolemy/actor/lib/test/auto/Expression12.xml
3 ms. Memory: 1362432K Free: 100182K (7%)
----------------- Invoking toplevel() on ptolemy.moml.MoMLSimpleApplication@6022134a
----------------- Done invoking toplevel() on ptolemy.moml.MoMLSimpleApplication@6022134a
reloadAllAccessors: .Expression12

===========================================================================================
----------------- testing Sat Jun 09 01:29:48 UTC 2018 /home/travis/build/icyphy/ptII/ptolemy/actor/lib/test/auto/Expression13.xml
----------------- Instantiating /home/travis/build/icyphy/ptII/ptolemy/actor/lib/test/auto/Expression13.xml
4 ms. Memory: 1362432K Free: 83580K (6%)
----------------- Invoking toplevel() on ptolemy.moml.MoMLSimpleApplication@67430fe7
----------------- Done invoking toplevel() on ptolemy.moml.MoMLSimpleApplication@67430fe7
reloadAllAccessors: .Expression13

===========================================================================================
----------------- testing Sat Jun 09 01:29:48 UTC 2018 /home/travis/build/icyphy/ptII/ptolemy/actor/lib/test/auto/Expression14.xml
----------------- Instantiating /home/travis/build/icyphy/ptII/ptolemy/actor/lib/test/auto/Expression14.xml
6 ms. Memory: 1362432K Free: 1313722K (96%)
----------------- Invoking toplevel() on ptolemy.moml.MoMLSimpleApplication@4f873172
----------------- Done invoking toplevel() on ptolemy.moml.MoMLSimpleApplication@4f873172
reloadAllAccessors: .Expression14

===========================================================================================
----------------- testing Sat Jun 09 01:29:48 UTC 2018 /home/travis/build/icyphy/ptII/ptolemy/actor/lib/test/auto/Expression15.xml
----------------- Instantiating /home/travis/build/icyphy/ptII/ptolemy/actor/lib/test/auto/Expression15.xml
1 ms. Memory: 1362432K Free: 1295031K (95%)
----------------- Invoking toplevel() on ptolemy.moml.MoMLSimpleApplication@3ca1db59
----------------- Done invoking toplevel() on ptolemy.moml.MoMLSimpleApplication@3ca1db59
reloadAllAccessors: .Expression15

===========================================================================================
----------------- testing Sat Jun 09 01:29:48 UTC 2018 /home/travis/build/icyphy/ptII/ptolemy/actor/lib/test/auto/Expression16.xml
----------------- Instantiating /home/travis/build/icyphy/ptII/ptolemy/actor/lib/test/auto/Expression16.xml
2 ms. Memory: 1362432K Free: 1282579K (94%)
----------------- Invoking toplevel() on ptolemy.moml.MoMLSimpleApplication@6bf67bfc
----------------- Done invoking toplevel() on ptolemy.moml.MoMLSimpleApplication@6bf67bfc
reloadAllAccessors: .Expression16

===========================================================================================
----------------- testing Sat Jun 09 01:29:48 UTC 2018 /home/travis/build/icyphy/ptII/ptolemy/actor/lib/test/auto/Expression17.xml
----------------- Instantiating /home/travis/build/icyphy/ptII/ptolemy/actor/lib/test/auto/Expression17.xml
2 ms. Memory: 1362432K Free: 1263888K (93%)
----------------- Invoking toplevel() on ptolemy.moml.MoMLSimpleApplication@607f2574
----------------- Done invoking toplevel() on ptolemy.moml.MoMLSimpleApplication@607f2574
reloadAllAccessors: .Expression17

===========================================================================================
----------------- testing Sat Jun 09 01:29:48 UTC 2018 /home/travis/build/icyphy/ptII/ptolemy/actor/lib/test/auto/Expression18.xml
----------------- Instantiating /home/travis/build/icyphy/ptII/ptolemy/actor/lib/test/auto/Expression18.xml
2 ms. Memory: 1362432K Free: 1251436K (92%)
----------------- Invoking toplevel() on ptolemy.moml.MoMLSimpleApplication@12409f02
----------------- Done invoking toplevel() on ptolemy.moml.MoMLSimpleApplication@12409f02
reloadAllAccessors: .Expression18

===========================================================================================
----------------- testing Sat Jun 09 01:29:48 UTC 2018 /home/travis/build/icyphy/ptII/ptolemy/actor/lib/test/auto/Expression2.xml
----------------- Instantiating /home/travis/build/icyphy/ptII/ptolemy/actor/lib/test/auto/Expression2.xml
3 ms. Memory: 1362432K Free: 1238984K (91%)
----------------- Invoking toplevel() on ptolemy.moml.MoMLSimpleApplication@191f8a20
----------------- Done invoking toplevel() on ptolemy.moml.MoMLSimpleApplication@191f8a20
reloadAllAccessors: .Expression2

===========================================================================================
----------------- testing Sat Jun 09 01:29:48 UTC 2018 /home/travis/build/icyphy/ptII/ptolemy/actor/lib/test/auto/Expression3.xml
----------------- Instantiating /home/travis/build/icyphy/ptII/ptolemy/actor/lib/test/auto/Expression3.xml
2 ms. Memory: 1362432K Free: 1220293K (90%)
----------------- Invoking toplevel() on ptolemy.moml.MoMLSimpleApplication@6adf0acd
----------------- Done invoking toplevel() on ptolemy.moml.MoMLSimpleApplication@6adf0acd
reloadAllAccessors: .Expression3

===========================================================================================
----------------- testing Sat Jun 09 01:29:48 UTC 2018 /home/travis/build/icyphy/ptII/ptolemy/actor/lib/test/auto/Expression4.xml
----------------- Instantiating /home/travis/build/icyphy/ptII/ptolemy/actor/lib/test/auto/Expression4.xml
3 ms. Memory: 1362432K Free: 1207841K (89%)
----------------- Invoking toplevel() on ptolemy.moml.MoMLSimpleApplication@4d4c0c1b
----------------- Done invoking toplevel() on ptolemy.moml.MoMLSimpleApplication@4d4c0c1b
reloadAllAccessors: .Expression4

===========================================================================================
----------------- testing Sat Jun 09 01:29:48 UTC 2018 /home/travis/build/icyphy/ptII/ptolemy/actor/lib/test/auto/Expression5.xml
----------------- Instantiating /home/travis/build/icyphy/ptII/ptolemy/actor/lib/test/auto/Expression5.xml
2 ms. Memory: 1362432K Free: 1195389K (88%)
----------------- Invoking toplevel() on ptolemy.moml.MoMLSimpleApplication@3596b60c
----------------- Done invoking toplevel() on ptolemy.moml.MoMLSimpleApplication@3596b60c
reloadAllAccessors: .Expression5

===========================================================================================
----------------- testing Sat Jun 09 01:29:48 UTC 2018 /home/travis/build/icyphy/ptII/ptolemy/actor/lib/test/auto/Expression6.xml
----------------- Instantiating /home/travis/build/icyphy/ptII/ptolemy/actor/lib/test/auto/Expression6.xml
2 ms. Memory: 1362432K Free: 1176698K (86%)
----------------- Invoking toplevel() on ptolemy.moml.MoMLSimpleApplication@79b4e546
----------------- Done invoking toplevel() on ptolemy.moml.MoMLSimpleApplication@79b4e546
reloadAllAccessors: .Expression6

===========================================================================================
----------------- testing Sat Jun 09 01:29:48 UTC 2018 /home/travis/build/icyphy/ptII/ptolemy/actor/lib/test/auto/Expression7.xml
----------------- Instantiating /home/travis/build/icyphy/ptII/ptolemy/actor/lib/test/auto/Expression7.xml
2 ms. Memory: 1362432K Free: 1164246K (85%)
----------------- Invoking toplevel() on ptolemy.moml.MoMLSimpleApplication@266fcc85
----------------- Done invoking toplevel() on ptolemy.moml.MoMLSimpleApplication@266fcc85
reloadAllAccessors: .Expression7

===========================================================================================
----------------- testing Sat Jun 09 01:29:48 UTC 2018 /home/travis/build/icyphy/ptII/ptolemy/actor/lib/test/auto/Expression8.xml
----------------- Instantiating /home/travis/build/icyphy/ptII/ptolemy/actor/lib/test/auto/Expression8.xml
5 ms. Memory: 1362432K Free: 1151794K (85%)
----------------- Invoking toplevel() on ptolemy.moml.MoMLSimpleApplication@127a5d66
----------------- Done invoking toplevel() on ptolemy.moml.MoMLSimpleApplication@127a5d66
reloadAllAccessors: .Expression8

===========================================================================================
----------------- testing Sat Jun 09 01:29:48 UTC 2018 /home/travis/build/icyphy/ptII/ptolemy/actor/lib/test/auto/Expression9.xml
----------------- Instantiating /home/travis/build/icyphy/ptII/ptolemy/actor/lib/test/auto/Expression9.xml
1 ms. Memory: 1362432K Free: 1133103K (83%)
----------------- Invoking toplevel() on ptolemy.moml.MoMLSimpleApplication@42b654d0
----------------- Done invoking toplevel() on ptolemy.moml.MoMLSimpleApplication@42b654d0
reloadAllAccessors: .Expression9

===========================================================================================
----------------- testing Sat Jun 09 01:29:48 UTC 2018 /home/travis/build/icyphy/ptII/ptolemy/actor/lib/test/auto/ExpressionConcatenateArrayType.xml
----------------- Instantiating /home/travis/build/icyphy/ptII/ptolemy/actor/lib/test/auto/ExpressionConcatenateArrayType.xml
2 ms. Memory: 1362432K Free: 1120651K (82%)
----------------- Invoking toplevel() on ptolemy.moml.MoMLSimpleApplication@52e71da9
----------------- Done invoking toplevel() on ptolemy.moml.MoMLSimpleApplication@52e71da9
reloadAllAccessors: .ExpressionConcatenateArrayType

===========================================================================================
----------------- testing Sat Jun 09 01:29:48 UTC 2018 /home/travis/build/icyphy/ptII/ptolemy/actor/lib/test/auto/ExpressionConcatenateArrayType2.xml
----------------- Instantiating /home/travis/build/icyphy/ptII/ptolemy/actor/lib/test/auto/ExpressionConcatenateArrayType2.xml
1 ms. Memory: 1362432K Free: 1101961K (81%)
----------------- Invoking toplevel() on ptolemy.moml.MoMLSimpleApplication@3095c86d
----------------- Done invoking toplevel() on ptolemy.moml.MoMLSimpleApplication@3095c86d
reloadAllAccessors: .ExpressionConcatenateArrayType2

===========================================================================================
----------------- testing Sat Jun 09 01:29:48 UTC 2018 /home/travis/build/icyphy/ptII/ptolemy/actor/lib/test/auto/ExpressionFix.xml
----------------- Instantiating /home/travis/build/icyphy/ptII/ptolemy/actor/lib/test/auto/ExpressionFix.xml
7 ms. Memory: 1362432K Free: 1089399K (80%)
----------------- Invoking toplevel() on ptolemy.moml.MoMLSimpleApplication@49e15269
----------------- Done invoking toplevel() on ptolemy.moml.MoMLSimpleApplication@49e15269
reloadAllAccessors: .ExpressionFix

===========================================================================================
----------------- testing Sat Jun 09 01:29:48 UTC 2018 /home/travis/build/icyphy/ptII/ptolemy/actor/lib/test/auto/ExpressionFix2.xml
----------------- Instantiating /home/travis/build/icyphy/ptII/ptolemy/actor/lib/test/auto/ExpressionFix2.xml
2 ms. Memory: 1362432K Free: 1076948K (79%)
----------------- Invoking toplevel() on ptolemy.moml.MoMLSimpleApplication@220275ec
----------------- Done invoking toplevel() on ptolemy.moml.MoMLSimpleApplication@220275ec
reloadAllAccessors: .ExpressionFix2

===========================================================================================
----------------- testing Sat Jun 09 01:29:48 UTC 2018 /home/travis/build/icyphy/ptII/ptolemy/actor/lib/test/auto/ExpressionFix3.xml
----------------- Instantiating /home/travis/build/icyphy/ptII/ptolemy/actor/lib/test/auto/ExpressionFix3.xml
2 ms. Memory: 1362432K Free: 1058257K (78%)
----------------- Invoking toplevel() on ptolemy.moml.MoMLSimpleApplication@20664c4c
----------------- Done invoking toplevel() on ptolemy.moml.MoMLSimpleApplication@20664c4c
reloadAllAccessors: .ExpressionFix3

===========================================================================================
----------------- testing Sat Jun 09 01:29:48 UTC 2018 /home/travis/build/icyphy/ptII/ptolemy/actor/lib/test/auto/FileWriter1.xml
----------------- Instantiating /home/travis/build/icyphy/ptII/ptolemy/actor/lib/test/auto/FileWriter1.xml
2 ms. Memory: 1362432K Free: 1045805K (77%)
----------------- Invoking toplevel() on ptolemy.moml.MoMLSimpleApplication@6ac7341
----------------- Done invoking toplevel() on ptolemy.moml.MoMLSimpleApplication@6ac7341
reloadAllAccessors: .FileWriter1

===========================================================================================
----------------- testing Sat Jun 09 01:29:48 UTC 2018 /home/travis/build/icyphy/ptII/ptolemy/actor/lib/test/auto/FileWriter2.xml
----------------- Instantiating /home/travis/build/icyphy/ptII/ptolemy/actor/lib/test/auto/FileWriter2.xml
2 ms. Memory: 1362432K Free: 1033353K (76%)
----------------- Invoking toplevel() on ptolemy.moml.MoMLSimpleApplication@204e92d0
----------------- Done invoking toplevel() on ptolemy.moml.MoMLSimpleApplication@204e92d0
reloadAllAccessors: .FileWriter2

===========================================================================================
----------------- testing Sat Jun 09 01:29:48 UTC 2018 /home/travis/build/icyphy/ptII/ptolemy/actor/lib/test/auto/FileWriter3.xml
----------------- Instantiating /home/travis/build/icyphy/ptII/ptolemy/actor/lib/test/auto/FileWriter3.xml
1 ms. Memory: 1362432K Free: 1014662K (74%)
----------------- Invoking toplevel() on ptolemy.moml.MoMLSimpleApplication@48011a51
----------------- Done invoking toplevel() on ptolemy.moml.MoMLSimpleApplication@48011a51
reloadAllAccessors: .FileWriter3

===========================================================================================
----------------- testing Sat Jun 09 01:29:48 UTC 2018 /home/travis/build/icyphy/ptII/ptolemy/actor/lib/test/auto/Gaussian.xml
----------------- Instantiating /home/travis/build/icyphy/ptII/ptolemy/actor/lib/test/auto/Gaussian.xml
1 ms. Memory: 1362432K Free: 1002210K (74%)
----------------- Invoking toplevel() on ptolemy.moml.MoMLSimpleApplication@68192de8
----------------- Done invoking toplevel() on ptolemy.moml.MoMLSimpleApplication@68192de8
reloadAllAccessors: .Gaussian

===========================================================================================
----------------- testing Sat Jun 09 01:29:48 UTC 2018 /home/travis/build/icyphy/ptII/ptolemy/actor/lib/test/auto/Gaussian1.xml
----------------- Instantiating /home/travis/build/icyphy/ptII/ptolemy/actor/lib/test/auto/Gaussian1.xml
1 ms. Memory: 1362432K Free: 983519K (72%)
----------------- Invoking toplevel() on ptolemy.moml.MoMLSimpleApplication@6182fc66
----------------- Done invoking toplevel() on ptolemy.moml.MoMLSimpleApplication@6182fc66
reloadAllAccessors: .Gaussian1

===========================================================================================
----------------- testing Sat Jun 09 01:29:48 UTC 2018 /home/travis/build/icyphy/ptII/ptolemy/actor/lib/test/auto/Gaussian2.xml
----------------- Instantiating /home/travis/build/icyphy/ptII/ptolemy/actor/lib/test/auto/Gaussian2.xml
2 ms. Memory: 1362432K Free: 971067K (71%)
----------------- Invoking toplevel() on ptolemy.moml.MoMLSimpleApplication@473c2091
----------------- Done invoking toplevel() on ptolemy.moml.MoMLSimpleApplication@473c2091
reloadAllAccessors: .Gaussian2

===========================================================================================
----------------- testing Sat Jun 09 01:29:48 UTC 2018 /home/travis/build/icyphy/ptII/ptolemy/actor/lib/test/auto/GradientAdaptiveLattice.xml
----------------- Instantiating /home/travis/build/icyphy/ptII/ptolemy/actor/lib/test/auto/GradientAdaptiveLattice.xml
2 ms. Memory: 1362432K Free: 958616K (70%)
----------------- Invoking toplevel() on ptolemy.moml.MoMLSimpleApplication@e419982
----------------- Done invoking toplevel() on ptolemy.moml.MoMLSimpleApplication@e419982
reloadAllAccessors: .GradientAdaptiveLattice

===========================================================================================
----------------- testing Sat Jun 09 01:29:48 UTC 2018 /home/travis/build/icyphy/ptII/ptolemy/actor/lib/test/auto/IIR.xml
----------------- Instantiating /home/travis/build/icyphy/ptII/ptolemy/actor/lib/test/auto/IIR.xml
1 ms. Memory: 1362432K Free: 939925K (69%)
----------------- Invoking toplevel() on ptolemy.moml.MoMLSimpleApplication@2ca3ce20
----------------- Done invoking toplevel() on ptolemy.moml.MoMLSimpleApplication@2ca3ce20
reloadAllAccessors: .IIR

===========================================================================================
----------------- testing Sat Jun 09 01:29:48 UTC 2018 /home/travis/build/icyphy/ptII/ptolemy/actor/lib/test/auto/InputOutputTransparentPorts.xml
----------------- Instantiating /home/travis/build/icyphy/ptII/ptolemy/actor/lib/test/auto/InputOutputTransparentPorts.xml
2 ms. Memory: 1362432K Free: 919379K (67%)
----------------- Invoking toplevel() on ptolemy.moml.MoMLSimpleApplication@789f5788
----------------- Done invoking toplevel() on ptolemy.moml.MoMLSimpleApplication@789f5788
reloadAllAccessors: .InputOutputTransparentPorts

===========================================================================================
----------------- testing Sat Jun 09 01:29:48 UTC 2018 /home/travis/build/icyphy/ptII/ptolemy/actor/lib/test/auto/Interpolator.xml
----------------- Instantiating /home/travis/build/icyphy/ptII/ptolemy/actor/lib/test/auto/Interpolator.xml
3 ms. Memory: 1362432K Free: 906927K (67%)
----------------- Invoking toplevel() on ptolemy.moml.MoMLSimpleApplication@75d5ed0b
----------------- Done invoking toplevel() on ptolemy.moml.MoMLSimpleApplication@75d5ed0b
reloadAllAccessors: .Interpolator

===========================================================================================
----------------- testing Sat Jun 09 01:29:48 UTC 2018 /home/travis/build/icyphy/ptII/ptolemy/actor/lib/test/auto/InterpolatorFiringLimitDE.xml
----------------- Instantiating /home/travis/build/icyphy/ptII/ptolemy/actor/lib/test/auto/InterpolatorFiringLimitDE.xml
1 ms. Memory: 1362432K Free: 888237K (65%)
----------------- Invoking toplevel() on ptolemy.moml.MoMLSimpleApplication@21c974a
----------------- Done invoking toplevel() on ptolemy.moml.MoMLSimpleApplication@21c974a
reloadAllAccessors: .InterpolatorFiringLimitDE

===========================================================================================
----------------- testing Sat Jun 09 01:29:48 UTC 2018 /home/travis/build/icyphy/ptII/ptolemy/actor/lib/test/auto/Lattice.xml
----------------- Instantiating /home/travis/build/icyphy/ptII/ptolemy/actor/lib/test/auto/Lattice.xml
1 ms. Memory: 1362432K Free: 875785K (64%)
----------------- Invoking toplevel() on ptolemy.moml.MoMLSimpleApplication@6832a131
----------------- Done invoking toplevel() on ptolemy.moml.MoMLSimpleApplication@6832a131
reloadAllAccessors: .Lattice

===========================================================================================
----------------- testing Sat Jun 09 01:29:48 UTC 2018 /home/travis/build/icyphy/ptII/ptolemy/actor/lib/test/auto/LazyAOCTestLazy.xml
----------------- Instantiating /home/travis/build/icyphy/ptII/ptolemy/actor/lib/test/auto/LazyAOCTestLazy.xml
6 ms. Memory: 1362432K Free: 863333K (63%)
----------------- Invoking toplevel() on ptolemy.moml.MoMLSimpleApplication@de03a5
----------------- Done invoking toplevel() on ptolemy.moml.MoMLSimpleApplication@de03a5
reloadAllAccessors: .LazyAOCTestLazy

===========================================================================================
----------------- testing Sat Jun 09 01:29:48 UTC 2018 /home/travis/build/icyphy/ptII/ptolemy/actor/lib/test/auto/LazyAOCTestNonLazy.xml
----------------- Instantiating /home/travis/build/icyphy/ptII/ptolemy/actor/lib/test/auto/LazyAOCTestNonLazy.xml
1 ms. Memory: 1362432K Free: 844642K (62%)
----------------- Invoking toplevel() on ptolemy.moml.MoMLSimpleApplication@6e14647d
----------------- Done invoking toplevel() on ptolemy.moml.MoMLSimpleApplication@6e14647d
reloadAllAccessors: .LazyAOCTestNonLazy

===========================================================================================
----------------- testing Sat Jun 09 01:29:49 UTC 2018 /home/travis/build/icyphy/ptII/ptolemy/actor/lib/test/auto/LazyInnerClass.xml
----------------- Instantiating /home/travis/build/icyphy/ptII/ptolemy/actor/lib/test/auto/LazyInnerClass.xml
8 ms. Memory: 1362432K Free: 832190K (61%)
----------------- Invoking toplevel() on ptolemy.moml.MoMLSimpleApplication@7feca2ac
----------------- Done invoking toplevel() on ptolemy.moml.MoMLSimpleApplication@7feca2ac
reloadAllAccessors: .LazyInnerClass

===========================================================================================
----------------- testing Sat Jun 09 01:29:49 UTC 2018 /home/travis/build/icyphy/ptII/ptolemy/actor/lib/test/auto/LazyPubSub.xml
----------------- Instantiating /home/travis/build/icyphy/ptII/ptolemy/actor/lib/test/auto/LazyPubSub.xml
17 ms. Memory: 1362432K Free: 813499K (60%)
----------------- Invoking toplevel() on ptolemy.moml.MoMLSimpleApplication@1308c8e0
----------------- Done invoking toplevel() on ptolemy.moml.MoMLSimpleApplication@1308c8e0
reloadAllAccessors: .LazyPubSub

===========================================================================================
----------------- testing Sat Jun 09 01:29:49 UTC 2018 /home/travis/build/icyphy/ptII/ptolemy/actor/lib/test/auto/LazyPubSub2.xml
----------------- Instantiating /home/travis/build/icyphy/ptII/ptolemy/actor/lib/test/auto/LazyPubSub2.xml
26 ms. Memory: 1362432K Free: 801047K (59%)
----------------- Invoking toplevel() on ptolemy.moml.MoMLSimpleApplication@690080ba
----------------- Done invoking toplevel() on ptolemy.moml.MoMLSimpleApplication@690080ba
reloadAllAccessors: .LazyPubSub2

===========================================================================================
----------------- testing Sat Jun 09 01:29:49 UTC 2018 /home/travis/build/icyphy/ptII/ptolemy/actor/lib/test/auto/LazyPubSub3.xml
----------------- Instantiating /home/travis/build/icyphy/ptII/ptolemy/actor/lib/test/auto/LazyPubSub3.xml
17 ms. Memory: 1362432K Free: 788595K (58%)
----------------- Invoking toplevel() on ptolemy.moml.MoMLSimpleApplication@2ae1a4ba
----------------- Done invoking toplevel() on ptolemy.moml.MoMLSimpleApplication@2ae1a4ba
reloadAllAccessors: .LazyPubSub3

===========================================================================================
----------------- testing Sat Jun 09 01:29:49 UTC 2018 /home/travis/build/icyphy/ptII/ptolemy/actor/lib/test/auto/LazySubClassModel.xml
----------------- Instantiating /home/travis/build/icyphy/ptII/ptolemy/actor/lib/test/auto/LazySubClassModel.xml
1 ms. Memory: 1362432K Free: 763662K (56%)
----------------- Invoking toplevel() on ptolemy.moml.MoMLSimpleApplication@50080735
----------------- Done invoking toplevel() on ptolemy.moml.MoMLSimpleApplication@50080735
reloadAllAccessors: .LazySubClassModel

===========================================================================================
----------------- testing Sat Jun 09 01:29:49 UTC 2018 /home/travis/build/icyphy/ptII/ptolemy/actor/lib/test/auto/LevelCrossTest1.xml
----------------- Instantiating /home/travis/build/icyphy/ptII/ptolemy/actor/lib/test/auto/LevelCrossTest1.xml
1 ms. Memory: 1362432K Free: 751210K (55%)
----------------- Invoking toplevel() on ptolemy.moml.MoMLSimpleApplication@5499107d
----------------- Done invoking toplevel() on ptolemy.moml.MoMLSimpleApplication@5499107d
reloadAllAccessors: .broken

===========================================================================================
----------------- testing Sat Jun 09 01:29:49 UTC 2018 /home/travis/build/icyphy/ptII/ptolemy/actor/lib/test/auto/LevelCrossTest10.xml
----------------- Instantiating /home/travis/build/icyphy/ptII/ptolemy/actor/lib/test/auto/LevelCrossTest10.xml
2 ms. Memory: 1362432K Free: 738759K (54%)
----------------- Invoking toplevel() on ptolemy.moml.MoMLSimpleApplication@44b26e7f
----------------- Done invoking toplevel() on ptolemy.moml.MoMLSimpleApplication@44b26e7f
reloadAllAccessors: .LevelCrossTest10

===========================================================================================
----------------- testing Sat Jun 09 01:29:49 UTC 2018 /home/travis/build/icyphy/ptII/ptolemy/actor/lib/test/auto/LevelCrossTest11.xml
----------------- Instantiating /home/travis/build/icyphy/ptII/ptolemy/actor/lib/test/auto/LevelCrossTest11.xml
1 ms. Memory: 1362432K Free: 720067K (53%)
----------------- Invoking toplevel() on ptolemy.moml.MoMLSimpleApplication@6e3c3c51
----------------- Done invoking toplevel() on ptolemy.moml.MoMLSimpleApplication@6e3c3c51
reloadAllAccessors: .LevelCrossTest11

===========================================================================================
----------------- testing Sat Jun 09 01:29:49 UTC 2018 /home/travis/build/icyphy/ptII/ptolemy/actor/lib/test/auto/LevelCrossTest12.xml
----------------- Instantiating /home/travis/build/icyphy/ptII/ptolemy/actor/lib/test/auto/LevelCrossTest12.xml
1 ms. Memory: 1362432K Free: 707616K (52%)
----------------- Invoking toplevel() on ptolemy.moml.MoMLSimpleApplication@12c95c0f
----------------- Done invoking toplevel() on ptolemy.moml.MoMLSimpleApplication@12c95c0f
reloadAllAccessors: .LevelCrossTest12

===========================================================================================
----------------- testing Sat Jun 09 01:29:49 UTC 2018 /home/travis/build/icyphy/ptII/ptolemy/actor/lib/test/auto/LevelCrossTest13.xml
----------------- Instantiating /home/travis/build/icyphy/ptII/ptolemy/actor/lib/test/auto/LevelCrossTest13.xml
1 ms. Memory: 1362432K Free: 688925K (51%)
----------------- Invoking toplevel() on ptolemy.moml.MoMLSimpleApplication@736494a7
----------------- Done invoking toplevel() on ptolemy.moml.MoMLSimpleApplication@736494a7
reloadAllAccessors: .LevelCrossTest13

===========================================================================================
----------------- testing Sat Jun 09 01:29:49 UTC 2018 /home/travis/build/icyphy/ptII/ptolemy/actor/lib/test/auto/LevelCrossTest2.xml
----------------- Instantiating /home/travis/build/icyphy/ptII/ptolemy/actor/lib/test/auto/LevelCrossTest2.xml
1 ms. Memory: 1362432K Free: 676473K (50%)
----------------- Invoking toplevel() on ptolemy.moml.MoMLSimpleApplication@daecf5c
----------------- Done invoking toplevel() on ptolemy.moml.MoMLSimpleApplication@daecf5c
reloadAllAccessors: .broken

===========================================================================================
----------------- testing Sat Jun 09 01:29:49 UTC 2018 /home/travis/build/icyphy/ptII/ptolemy/actor/lib/test/auto/LevelCrossTest3.xml
----------------- Instantiating /home/travis/build/icyphy/ptII/ptolemy/actor/lib/test/auto/LevelCrossTest3.xml
1 ms. Memory: 1362432K Free: 664021K (49%)
----------------- Invoking toplevel() on ptolemy.moml.MoMLSimpleApplication@77e990ac
----------------- Done invoking toplevel() on ptolemy.moml.MoMLSimpleApplication@77e990ac
reloadAllAccessors: .LevelCrossTest3

===========================================================================================
----------------- testing Sat Jun 09 01:29:49 UTC 2018 /home/travis/build/icyphy/ptII/ptolemy/actor/lib/test/auto/LevelCrossTest4.xml
----------------- Instantiating /home/travis/build/icyphy/ptII/ptolemy/actor/lib/test/auto/LevelCrossTest4.xml
1 ms. Memory: 1362432K Free: 645330K (47%)
----------------- Invoking toplevel() on ptolemy.moml.MoMLSimpleApplication@4f53ce80
----------------- Done invoking toplevel() on ptolemy.moml.MoMLSimpleApplication@4f53ce80
reloadAllAccessors: .broken

===========================================================================================
----------------- testing Sat Jun 09 01:29:49 UTC 2018 /home/travis/build/icyphy/ptII/ptolemy/actor/lib/test/auto/LevelCrossTest5.xml
----------------- Instantiating /home/travis/build/icyphy/ptII/ptolemy/actor/lib/test/auto/LevelCrossTest5.xml
1 ms. Memory: 1362432K Free: 632878K (46%)
----------------- Invoking toplevel() on ptolemy.moml.MoMLSimpleApplication@2ee69ba5
----------------- Done invoking toplevel() on ptolemy.moml.MoMLSimpleApplication@2ee69ba5
reloadAllAccessors: .LevelCrossTest5

===========================================================================================
----------------- testing Sat Jun 09 01:29:49 UTC 2018 /home/travis/build/icyphy/ptII/ptolemy/actor/lib/test/auto/LevelCrossTest6.xml
----------------- Instantiating /home/travis/build/icyphy/ptII/ptolemy/actor/lib/test/auto/LevelCrossTest6.xml
6 ms. Memory: 1362432K Free: 620426K (46%)
----------------- Invoking toplevel() on ptolemy.moml.MoMLSimpleApplication@3bac9321
----------------- Done invoking toplevel() on ptolemy.moml.MoMLSimpleApplication@3bac9321
reloadAllAccessors: .LevelCrossTest6

===========================================================================================
----------------- testing Sat Jun 09 01:29:49 UTC 2018 /home/travis/build/icyphy/ptII/ptolemy/actor/lib/test/auto/LevelCrossTest7.xml
----------------- Instantiating /home/travis/build/icyphy/ptII/ptolemy/actor/lib/test/auto/LevelCrossTest7.xml
1 ms. Memory: 1362432K Free: 601735K (44%)
----------------- Invoking toplevel() on ptolemy.moml.MoMLSimpleApplication@4736c546
----------------- Done invoking toplevel() on ptolemy.moml.MoMLSimpleApplication@4736c546
reloadAllAccessors: .LevelCrossTest7

===========================================================================================
----------------- testing Sat Jun 09 01:29:49 UTC 2018 /home/travis/build/icyphy/ptII/ptolemy/actor/lib/test/auto/LevelCrossTest8.xml
----------------- Instantiating /home/travis/build/icyphy/ptII/ptolemy/actor/lib/test/auto/LevelCrossTest8.xml
2 ms. Memory: 1362432K Free: 589283K (43%)
----------------- Invoking toplevel() on ptolemy.moml.MoMLSimpleApplication@1194ed96
----------------- Done invoking toplevel() on ptolemy.moml.MoMLSimpleApplication@1194ed96
reloadAllAccessors: .LevelCrossTest8

===========================================================================================
----------------- testing Sat Jun 09 01:29:49 UTC 2018 /home/travis/build/icyphy/ptII/ptolemy/actor/lib/test/auto/LevelCrossTest9.xml
----------------- Instantiating /home/travis/build/icyphy/ptII/ptolemy/actor/lib/test/auto/LevelCrossTest9.xml
1 ms. Memory: 1362432K Free: 576831K (42%)
----------------- Invoking toplevel() on ptolemy.moml.MoMLSimpleApplication@52d9ec2
----------------- Done invoking toplevel() on ptolemy.moml.MoMLSimpleApplication@52d9ec2
reloadAllAccessors: .LevelCrossTest9

===========================================================================================
----------------- testing Sat Jun 09 01:29:49 UTC 2018 /home/travis/build/icyphy/ptII/ptolemy/actor/lib/test/auto/LevinsonDurbin.xml
----------------- Instantiating /home/travis/build/icyphy/ptII/ptolemy/actor/lib/test/auto/LevinsonDurbin.xml
4 ms. Memory: 1362432K Free: 558141K (41%)
----------------- Invoking toplevel() on ptolemy.moml.MoMLSimpleApplication@74f784a0
----------------- Done invoking toplevel() on ptolemy.moml.MoMLSimpleApplication@74f784a0
reloadAllAccessors: .LevinsonDurbin

===========================================================================================
----------------- testing Sat Jun 09 01:29:49 UTC 2018 /home/travis/build/icyphy/ptII/ptolemy/actor/lib/test/auto/LevinsonDurbin2.xml
----------------- Instantiating /home/travis/build/icyphy/ptII/ptolemy/actor/lib/test/auto/LevinsonDurbin2.xml
2 ms. Memory: 1362432K Free: 545689K (40%)
----------------- Invoking toplevel() on ptolemy.moml.MoMLSimpleApplication@4b6b3e51
----------------- Done invoking toplevel() on ptolemy.moml.MoMLSimpleApplication@4b6b3e51
reloadAllAccessors: .LevinsonDurbin2

===========================================================================================
----------------- testing Sat Jun 09 01:29:49 UTC 2018 /home/travis/build/icyphy/ptII/ptolemy/actor/lib/test/auto/LevinsonDurbin3.xml
----------------- Instantiating /home/travis/build/icyphy/ptII/ptolemy/actor/lib/test/auto/LevinsonDurbin3.xml
2 ms. Memory: 1362432K Free: 526998K (39%)
----------------- Invoking toplevel() on ptolemy.moml.MoMLSimpleApplication@17326918
----------------- Done invoking toplevel() on ptolemy.moml.MoMLSimpleApplication@17326918
reloadAllAccessors: .LevinsonDurbin3

===========================================================================================
----------------- testing Sat Jun 09 01:29:49 UTC 2018 /home/travis/build/icyphy/ptII/ptolemy/actor/lib/test/auto/Limiter.xml
----------------- Instantiating /home/travis/build/icyphy/ptII/ptolemy/actor/lib/test/auto/Limiter.xml
4 ms. Memory: 1362432K Free: 508304K (37%)
----------------- Invoking toplevel() on ptolemy.moml.MoMLSimpleApplication@2c1d13e6
----------------- Done invoking toplevel() on ptolemy.moml.MoMLSimpleApplication@2c1d13e6
reloadAllAccessors: .Limiter

===========================================================================================
----------------- testing Sat Jun 09 01:29:49 UTC 2018 /home/travis/build/icyphy/ptII/ptolemy/actor/lib/test/auto/LinearDifferenceEquationSystem.xml
----------------- Instantiating /home/travis/build/icyphy/ptII/ptolemy/actor/lib/test/auto/LinearDifferenceEquationSystem.xml
3 ms. Memory: 1362432K Free: 495852K (36%)
----------------- Invoking toplevel() on ptolemy.moml.MoMLSimpleApplication@7288806e
----------------- Done invoking toplevel() on ptolemy.moml.MoMLSimpleApplication@7288806e
reloadAllAccessors: .LinearDifferenceEquationSystem

===========================================================================================
----------------- testing Sat Jun 09 01:29:49 UTC 2018 /home/travis/build/icyphy/ptII/ptolemy/actor/lib/test/auto/LookupTable.xml
----------------- Instantiating /home/travis/build/icyphy/ptII/ptolemy/actor/lib/test/auto/LookupTable.xml
1 ms. Memory: 1362432K Free: 477161K (35%)
----------------- Invoking toplevel() on ptolemy.moml.MoMLSimpleApplication@287dd35b
----------------- Done invoking toplevel() on ptolemy.moml.MoMLSimpleApplication@287dd35b
reloadAllAccessors: .LookupTable

===========================================================================================
----------------- testing Sat Jun 09 01:29:49 UTC 2018 /home/travis/build/icyphy/ptII/ptolemy/actor/lib/test/auto/MathFunction.xml
----------------- Instantiating /home/travis/build/icyphy/ptII/ptolemy/actor/lib/test/auto/MathFunction.xml
6 ms. Memory: 1362432K Free: 464709K (34%)
----------------- Invoking toplevel() on ptolemy.moml.MoMLSimpleApplication@35f45811
----------------- Done invoking toplevel() on ptolemy.moml.MoMLSimpleApplication@35f45811
reloadAllAccessors: .MathFunction

===========================================================================================
----------------- testing Sat Jun 09 01:29:49 UTC 2018 /home/travis/build/icyphy/ptII/ptolemy/actor/lib/test/auto/MathFunction2.xml
----------------- Instantiating /home/travis/build/icyphy/ptII/ptolemy/actor/lib/test/auto/MathFunction2.xml
5 ms. Memory: 1362432K Free: 452257K (33%)
----------------- Invoking toplevel() on ptolemy.moml.MoMLSimpleApplication@54089d53
----------------- Done invoking toplevel() on ptolemy.moml.MoMLSimpleApplication@54089d53
reloadAllAccessors: .MathFunction2

===========================================================================================
----------------- testing Sat Jun 09 01:29:49 UTC 2018 /home/travis/build/icyphy/ptII/ptolemy/actor/lib/test/auto/MathFunction3.xml
----------------- Instantiating /home/travis/build/icyphy/ptII/ptolemy/actor/lib/test/auto/MathFunction3.xml
2 ms. Memory: 1362432K Free: 433567K (32%)
----------------- Invoking toplevel() on ptolemy.moml.MoMLSimpleApplication@17e5791d
----------------- Done invoking toplevel() on ptolemy.moml.MoMLSimpleApplication@17e5791d
reloadAllAccessors: .MathFunction3

===========================================================================================
----------------- testing Sat Jun 09 01:29:49 UTC 2018 /home/travis/build/icyphy/ptII/ptolemy/actor/lib/test/auto/MatrixCropBoolean.xml
----------------- Instantiating /home/travis/build/icyphy/ptII/ptolemy/actor/lib/test/auto/MatrixCropBoolean.xml
2 ms. Memory: 1362432K Free: 421115K (31%)
----------------- Invoking toplevel() on ptolemy.moml.MoMLSimpleApplication@563ab047
----------------- Done invoking toplevel() on ptolemy.moml.MoMLSimpleApplication@563ab047
reloadAllAccessors: .MatrixCropBoolean

===========================================================================================
----------------- testing Sat Jun 09 01:29:49 UTC 2018 /home/travis/build/icyphy/ptII/ptolemy/actor/lib/test/auto/MatrixCropComplex.xml
----------------- Instantiating /home/travis/build/icyphy/ptII/ptolemy/actor/lib/test/auto/MatrixCropComplex.xml
2 ms. Memory: 1362432K Free: 402424K (30%)
----------------- Invoking toplevel() on ptolemy.moml.MoMLSimpleApplication@447614f3
----------------- Done invoking toplevel() on ptolemy.moml.MoMLSimpleApplication@447614f3
reloadAllAccessors: .MatrixCropComplex

===========================================================================================
----------------- testing Sat Jun 09 01:29:49 UTC 2018 /home/travis/build/icyphy/ptII/ptolemy/actor/lib/test/auto/MatrixCropDouble.xml
----------------- Instantiating /home/travis/build/icyphy/ptII/ptolemy/actor/lib/test/auto/MatrixCropDouble.xml
2 ms. Memory: 1362432K Free: 389972K (29%)
----------------- Invoking toplevel() on ptolemy.moml.MoMLSimpleApplication@4de49d39
----------------- Done invoking toplevel() on ptolemy.moml.MoMLSimpleApplication@4de49d39
reloadAllAccessors: .MatrixCropDouble

===========================================================================================
----------------- testing Sat Jun 09 01:29:49 UTC 2018 /home/travis/build/icyphy/ptII/ptolemy/actor/lib/test/auto/MatrixCropFix.xml
----------------- Instantiating /home/travis/build/icyphy/ptII/ptolemy/actor/lib/test/auto/MatrixCropFix.xml
2 ms. Memory: 1362432K Free: 377520K (28%)
----------------- Invoking toplevel() on ptolemy.moml.MoMLSimpleApplication@35c674b3
----------------- Done invoking toplevel() on ptolemy.moml.MoMLSimpleApplication@35c674b3
reloadAllAccessors: .MatrixCropFix

===========================================================================================
----------------- testing Sat Jun 09 01:29:49 UTC 2018 /home/travis/build/icyphy/ptII/ptolemy/actor/lib/test/auto/MatrixCropInt.xml
----------------- Instantiating /home/travis/build/icyphy/ptII/ptolemy/actor/lib/test/auto/MatrixCropInt.xml
2 ms. Memory: 1362432K Free: 358829K (26%)
----------------- Invoking toplevel() on ptolemy.moml.MoMLSimpleApplication@44f6b854
----------------- Done invoking toplevel() on ptolemy.moml.MoMLSimpleApplication@44f6b854
reloadAllAccessors: .MatrixCropInt

===========================================================================================
----------------- testing Sat Jun 09 01:29:49 UTC 2018 /home/travis/build/icyphy/ptII/ptolemy/actor/lib/test/auto/MatrixCropLong.xml
----------------- Instantiating /home/travis/build/icyphy/ptII/ptolemy/actor/lib/test/auto/MatrixCropLong.xml
2 ms. Memory: 1362432K Free: 346377K (25%)
----------------- Invoking toplevel() on ptolemy.moml.MoMLSimpleApplication@7de698c7
----------------- Done invoking toplevel() on ptolemy.moml.MoMLSimpleApplication@7de698c7
reloadAllAccessors: .MatrixCropLong

===========================================================================================
----------------- testing Sat Jun 09 01:29:49 UTC 2018 /home/travis/build/icyphy/ptII/ptolemy/actor/lib/test/auto/MatrixToArray.xml
----------------- Instantiating /home/travis/build/icyphy/ptII/ptolemy/actor/lib/test/auto/MatrixToArray.xml
4 ms. Memory: 1362432K Free: 321457K (24%)
----------------- Invoking toplevel() on ptolemy.moml.MoMLSimpleApplication@7748c320
----------------- Done invoking toplevel() on ptolemy.moml.MoMLSimpleApplication@7748c320
reloadAllAccessors: .MatrixToArray

===========================================================================================
----------------- testing Sat Jun 09 01:29:49 UTC 2018 /home/travis/build/icyphy/ptII/ptolemy/actor/lib/test/auto/MaxIndex.xml
----------------- Instantiating /home/travis/build/icyphy/ptII/ptolemy/actor/lib/test/auto/MaxIndex.xml
2 ms. Memory: 1362432K Free: 302766K (22%)
----------------- Invoking toplevel() on ptolemy.moml.MoMLSimpleApplication@c4ee964
----------------- Done invoking toplevel() on ptolemy.moml.MoMLSimpleApplication@c4ee964
reloadAllAccessors: .MaxIndex

===========================================================================================
----------------- testing Sat Jun 09 01:29:49 UTC 2018 /home/travis/build/icyphy/ptII/ptolemy/actor/lib/test/auto/Maximum.xml
----------------- Instantiating /home/travis/build/icyphy/ptII/ptolemy/actor/lib/test/auto/Maximum.xml
3 ms. Memory: 1362432K Free: 290315K (21%)
----------------- Invoking toplevel() on ptolemy.moml.MoMLSimpleApplication@4f6ada27
----------------- Done invoking toplevel() on ptolemy.moml.MoMLSimpleApplication@4f6ada27
reloadAllAccessors: .Maximum

===========================================================================================
----------------- testing Sat Jun 09 01:29:49 UTC 2018 /home/travis/build/icyphy/ptII/ptolemy/actor/lib/test/auto/MaximumComplex.xml
----------------- Instantiating /home/travis/build/icyphy/ptII/ptolemy/actor/lib/test/auto/MaximumComplex.xml
3 ms. Memory: 1362432K Free: 271623K (20%)
----------------- Invoking toplevel() on ptolemy.moml.MoMLSimpleApplication@6f9eb425
----------------- Done invoking toplevel() on ptolemy.moml.MoMLSimpleApplication@6f9eb425
reloadAllAccessors: .MaximumComplex

===========================================================================================
----------------- testing Sat Jun 09 01:29:49 UTC 2018 /home/travis/build/icyphy/ptII/ptolemy/actor/lib/test/auto/MethodCallTest.xml
----------------- Instantiating /home/travis/build/icyphy/ptII/ptolemy/actor/lib/test/auto/MethodCallTest.xml
3 ms. Memory: 1362432K Free: 259172K (19%)
----------------- Invoking toplevel() on ptolemy.moml.MoMLSimpleApplication@324fdeed
----------------- Done invoking toplevel() on ptolemy.moml.MoMLSimpleApplication@324fdeed
reloadAllAccessors: .MethodCallTest

===========================================================================================
----------------- testing Sat Jun 09 01:29:49 UTC 2018 /home/travis/build/icyphy/ptII/ptolemy/actor/lib/test/auto/Minimum.xml
----------------- Instantiating /home/travis/build/icyphy/ptII/ptolemy/actor/lib/test/auto/Minimum.xml
3 ms. Memory: 1362432K Free: 246720K (18%)
----------------- Invoking toplevel() on ptolemy.moml.MoMLSimpleApplication@7f1cdda8
----------------- Done invoking toplevel() on ptolemy.moml.MoMLSimpleApplication@7f1cdda8
reloadAllAccessors: .Minimum

===========================================================================================
----------------- testing Sat Jun 09 01:29:49 UTC 2018 /home/travis/build/icyphy/ptII/ptolemy/actor/lib/test/auto/MinimumComplex.xml
----------------- Instantiating /home/travis/build/icyphy/ptII/ptolemy/actor/lib/test/auto/MinimumComplex.xml
3 ms. Memory: 1362432K Free: 228029K (17%)
----------------- Invoking toplevel() on ptolemy.moml.MoMLSimpleApplication@734baa0a
----------------- Done invoking toplevel() on ptolemy.moml.MoMLSimpleApplication@734baa0a
reloadAllAccessors: .MinimumComplex

===========================================================================================
----------------- testing Sat Jun 09 01:29:49 UTC 2018 /home/travis/build/icyphy/ptII/ptolemy/actor/lib/test/auto/MinimumMultiports.xml
----------------- Instantiating /home/travis/build/icyphy/ptII/ptolemy/actor/lib/test/auto/MinimumMultiports.xml
3 ms. Memory: 1362432K Free: 215577K (16%)
----------------- Invoking toplevel() on ptolemy.moml.MoMLSimpleApplication@3dceeb0b
----------------- Done invoking toplevel() on ptolemy.moml.MoMLSimpleApplication@3dceeb0b
reloadAllAccessors: .MinimumMultiports

===========================================================================================
----------------- testing Sat Jun 09 01:29:49 UTC 2018 /home/travis/build/icyphy/ptII/ptolemy/actor/lib/test/auto/ModifyDate.xml
----------------- Instantiating /home/travis/build/icyphy/ptII/ptolemy/actor/lib/test/auto/ModifyDate.xml
7 ms. Memory: 1362432K Free: 196883K (14%)
----------------- Invoking toplevel() on ptolemy.moml.MoMLSimpleApplication@2d5d954b
----------------- Done invoking toplevel() on ptolemy.moml.MoMLSimpleApplication@2d5d954b
reloadAllAccessors: .ModifyDate

===========================================================================================
----------------- testing Sat Jun 09 01:29:49 UTC 2018 /home/travis/build/icyphy/ptII/ptolemy/actor/lib/test/auto/ModifyDate2.xml
----------------- Instantiating /home/travis/build/icyphy/ptII/ptolemy/actor/lib/test/auto/ModifyDate2.xml
3 ms. Memory: 1362432K Free: 171967K (13%)
----------------- Invoking toplevel() on ptolemy.moml.MoMLSimpleApplication@7bea7e26
----------------- Done invoking toplevel() on ptolemy.moml.MoMLSimpleApplication@7bea7e26
reloadAllAccessors: .ModifyDate2

===========================================================================================
----------------- testing Sat Jun 09 01:29:50 UTC 2018 /home/travis/build/icyphy/ptII/ptolemy/actor/lib/test/auto/MovingAverage.xml
----------------- Instantiating /home/travis/build/icyphy/ptII/ptolemy/actor/lib/test/auto/MovingAverage.xml
2 ms. Memory: 1362432K Free: 159515K (12%)
----------------- Invoking toplevel() on ptolemy.moml.MoMLSimpleApplication@7360c6d1
----------------- Done invoking toplevel() on ptolemy.moml.MoMLSimpleApplication@7360c6d1
reloadAllAccessors: .MovingAverage

===========================================================================================
----------------- testing Sat Jun 09 01:29:50 UTC 2018 /home/travis/build/icyphy/ptII/ptolemy/actor/lib/test/auto/MovingMaximum.xml
----------------- Instantiating /home/travis/build/icyphy/ptII/ptolemy/actor/lib/test/auto/MovingMaximum.xml
1 ms. Memory: 1362432K Free: 140824K (10%)
----------------- Invoking toplevel() on ptolemy.moml.MoMLSimpleApplication@1add3a17
----------------- Done invoking toplevel() on ptolemy.moml.MoMLSimpleApplication@1add3a17
reloadAllAccessors: .MovingMaximum

===========================================================================================
----------------- testing Sat Jun 09 01:29:50 UTC 2018 /home/travis/build/icyphy/ptII/ptolemy/actor/lib/test/auto/MultipleLinksToSameRelation.xml
----------------- Instantiating /home/travis/build/icyphy/ptII/ptolemy/actor/lib/test/auto/MultipleLinksToSameRelation.xml
1 ms. Memory: 1362432K Free: 128372K (9%)
----------------- Invoking toplevel() on ptolemy.moml.MoMLSimpleApplication@17a86051
----------------- Done invoking toplevel() on ptolemy.moml.MoMLSimpleApplication@17a86051
reloadAllAccessors: .MultipleLinksToSameRelation

===========================================================================================
----------------- testing Sat Jun 09 01:29:50 UTC 2018 /home/travis/build/icyphy/ptII/ptolemy/actor/lib/test/auto/MultipleLinksToSameRelationDE.xml
----------------- Instantiating /home/travis/build/icyphy/ptII/ptolemy/actor/lib/test/auto/MultipleLinksToSameRelationDE.xml
1 ms. Memory: 1362432K Free: 115920K (9%)
----------------- Invoking toplevel() on ptolemy.moml.MoMLSimpleApplication@14bacc7b
----------------- Done invoking toplevel() on ptolemy.moml.MoMLSimpleApplication@14bacc7b
reloadAllAccessors: .MultipleLinksToSameRelationDE

===========================================================================================
----------------- testing Sat Jun 09 01:29:50 UTC 2018 /home/travis/build/icyphy/ptII/ptolemy/actor/lib/test/auto/Multiplexor.xml
----------------- Instantiating /home/travis/build/icyphy/ptII/ptolemy/actor/lib/test/auto/Multiplexor.xml
3 ms. Memory: 1362432K Free: 97229K (7%)
----------------- Invoking toplevel() on ptolemy.moml.MoMLSimpleApplication@758a6b9
----------------- Done invoking toplevel() on ptolemy.moml.MoMLSimpleApplication@758a6b9
reloadAllAccessors: .Multiplexor

===========================================================================================
----------------- testing Sat Jun 09 01:29:50 UTC 2018 /home/travis/build/icyphy/ptII/ptolemy/actor/lib/test/auto/Multiplexor1.xml
----------------- Instantiating /home/travis/build/icyphy/ptII/ptolemy/actor/lib/test/auto/Multiplexor1.xml
1 ms. Memory: 1362432K Free: 84777K (6%)
----------------- Invoking toplevel() on ptolemy.moml.MoMLSimpleApplication@6c1a4aa9
----------------- Done invoking toplevel() on ptolemy.moml.MoMLSimpleApplication@6c1a4aa9
reloadAllAccessors: .Multiplexor1

===========================================================================================
----------------- testing Sat Jun 09 01:29:50 UTC 2018 /home/travis/build/icyphy/ptII/ptolemy/actor/lib/test/auto/Multiplexor2.xml
----------------- Instantiating /home/travis/build/icyphy/ptII/ptolemy/actor/lib/test/auto/Multiplexor2.xml
5 ms. Memory: 1576448K Free: 1522990K (97%)
----------------- Invoking toplevel() on ptolemy.moml.MoMLSimpleApplication@515b32b
----------------- Done invoking toplevel() on ptolemy.moml.MoMLSimpleApplication@515b32b
reloadAllAccessors: .Multiplexor2

===========================================================================================
----------------- testing Sat Jun 09 01:29:50 UTC 2018 /home/travis/build/icyphy/ptII/ptolemy/actor/lib/test/auto/Multiplexor3.xml
----------------- Instantiating /home/travis/build/icyphy/ptII/ptolemy/actor/lib/test/auto/Multiplexor3.xml
1 ms. Memory: 1576448K Free: 1501743K (95%)
----------------- Invoking toplevel() on ptolemy.moml.MoMLSimpleApplication@75d07e2b
----------------- Done invoking toplevel() on ptolemy.moml.MoMLSimpleApplication@75d07e2b
reloadAllAccessors: .Multiplexor3

===========================================================================================
----------------- testing Sat Jun 09 01:29:50 UTC 2018 /home/travis/build/icyphy/ptII/ptolemy/actor/lib/test/auto/MultiplexorDE.xml
----------------- Instantiating /home/travis/build/icyphy/ptII/ptolemy/actor/lib/test/auto/MultiplexorDE.xml
2 ms. Memory: 1576448K Free: 1486962K (94%)
----------------- Invoking toplevel() on ptolemy.moml.MoMLSimpleApplication@6ecb6bc6
----------------- Done invoking toplevel() on ptolemy.moml.MoMLSimpleApplication@6ecb6bc6
reloadAllAccessors: .MultiplexorDE

===========================================================================================
----------------- testing Sat Jun 09 01:29:50 UTC 2018 /home/travis/build/icyphy/ptII/ptolemy/actor/lib/test/auto/MultiportBroadcastTest.xml
----------------- Instantiating /home/travis/build/icyphy/ptII/ptolemy/actor/lib/test/auto/MultiportBroadcastTest.xml
49 ms. Memory: 1576448K Free: 1465715K (93%)
----------------- Invoking toplevel() on ptolemy.moml.MoMLSimpleApplication@4ec9b89b
----------------- Done invoking toplevel() on ptolemy.moml.MoMLSimpleApplication@4ec9b89b
reloadAllAccessors: .MultiportBroadcastTest

===========================================================================================
----------------- testing Sat Jun 09 01:29:50 UTC 2018 /home/travis/build/icyphy/ptII/ptolemy/actor/lib/test/auto/MultiportOutHangDuringGetWidth.xml
----------------- Instantiating /home/travis/build/icyphy/ptII/ptolemy/actor/lib/test/auto/MultiportOutHangDuringGetWidth.xml
4 ms. Memory: 1576448K Free: 1443527K (92%)
----------------- Invoking toplevel() on ptolemy.moml.MoMLSimpleApplication@4c7ad704
----------------- Done invoking toplevel() on ptolemy.moml.MoMLSimpleApplication@4c7ad704
reloadAllAccessors: .MultiportOutHangDuringGetWidth

===========================================================================================
----------------- testing Sat Jun 09 01:29:50 UTC 2018 /home/travis/build/icyphy/ptII/ptolemy/actor/lib/test/auto/NilToken.xml
----------------- Instantiating /home/travis/build/icyphy/ptII/ptolemy/actor/lib/test/auto/NilToken.xml
1 ms. Memory: 1576448K Free: 1428745K (91%)
----------------- Invoking toplevel() on ptolemy.moml.MoMLSimpleApplication@4511aa04
----------------- Done invoking toplevel() on ptolemy.moml.MoMLSimpleApplication@4511aa04
reloadAllAccessors: .NilToken

===========================================================================================
----------------- testing Sat Jun 09 01:29:50 UTC 2018 /home/travis/build/icyphy/ptII/ptolemy/actor/lib/test/auto/NilTokenNonStrictTest.xml
----------------- Instantiating /home/travis/build/icyphy/ptII/ptolemy/actor/lib/test/auto/NilTokenNonStrictTest.xml
1 ms. Memory: 1576448K Free: 1407498K (89%)
----------------- Invoking toplevel() on ptolemy.moml.MoMLSimpleApplication@140f2afb
----------------- Done invoking toplevel() on ptolemy.moml.MoMLSimpleApplication@140f2afb
reloadAllAccessors: .NilTokenNonStrictTest

===========================================================================================
----------------- testing Sat Jun 09 01:29:50 UTC 2018 /home/travis/build/icyphy/ptII/ptolemy/actor/lib/test/auto/NilTokenRecord.xml
----------------- Instantiating /home/travis/build/icyphy/ptII/ptolemy/actor/lib/test/auto/NilTokenRecord.xml
4 ms. Memory: 1576448K Free: 1392717K (88%)
----------------- Invoking toplevel() on ptolemy.moml.MoMLSimpleApplication@363f4b7a
----------------- Done invoking toplevel() on ptolemy.moml.MoMLSimpleApplication@363f4b7a
reloadAllAccessors: .NilTokenRecord

===========================================================================================
----------------- testing Sat Jun 09 01:29:50 UTC 2018 /home/travis/build/icyphy/ptII/ptolemy/actor/lib/test/auto/NilTokenTypeTest.xml
----------------- Instantiating /home/travis/build/icyphy/ptII/ptolemy/actor/lib/test/auto/NilTokenTypeTest.xml
2 ms. Memory: 1576448K Free: 1370544K (87%)
----------------- Invoking toplevel() on ptolemy.moml.MoMLSimpleApplication@4aed33cf
----------------- Done invoking toplevel() on ptolemy.moml.MoMLSimpleApplication@4aed33cf
reloadAllAccessors: .NilTokenTypeTest

===========================================================================================
----------------- testing Sat Jun 09 01:29:50 UTC 2018 /home/travis/build/icyphy/ptII/ptolemy/actor/lib/test/auto/ObjectToken1.xml
----------------- Instantiating /home/travis/build/icyphy/ptII/ptolemy/actor/lib/test/auto/ObjectToken1.xml
2 ms. Memory: 1576448K Free: 1349297K (86%)
----------------- Invoking toplevel() on ptolemy.moml.MoMLSimpleApplication@11d4811a
----------------- Done invoking toplevel() on ptolemy.moml.MoMLSimpleApplication@11d4811a
reloadAllAccessors: .ObjectToken1

===========================================================================================
----------------- testing Sat Jun 09 01:29:50 UTC 2018 /home/travis/build/icyphy/ptII/ptolemy/actor/lib/test/auto/OrderedMerge.xml
----------------- Instantiating /home/travis/build/icyphy/ptII/ptolemy/actor/lib/test/auto/OrderedMerge.xml
4 ms. Memory: 1576448K Free: 1304953K (83%)
----------------- Invoking toplevel() on ptolemy.moml.MoMLSimpleApplication@4ec7a5e9
----------------- Done invoking toplevel() on ptolemy.moml.MoMLSimpleApplication@4ec7a5e9
reloadAllAccessors: .OrderedMerge

===========================================================================================
----------------- testing Sat Jun 09 01:29:50 UTC 2018 /home/travis/build/icyphy/ptII/ptolemy/actor/lib/test/auto/OrderedRecordDisassembler.xml
----------------- Instantiating /home/travis/build/icyphy/ptII/ptolemy/actor/lib/test/auto/OrderedRecordDisassembler.xml
2 ms. Memory: 1576448K Free: 1283706K (81%)
----------------- Invoking toplevel() on ptolemy.moml.MoMLSimpleApplication@1cdca05a
----------------- Done invoking toplevel() on ptolemy.moml.MoMLSimpleApplication@1cdca05a
reloadAllAccessors: .OrderedRecordDisassembler

===========================================================================================
----------------- testing Sat Jun 09 01:29:50 UTC 2018 /home/travis/build/icyphy/ptII/ptolemy/actor/lib/test/auto/OrderedRecordDisassembler2.xml
----------------- Instantiating /home/travis/build/icyphy/ptII/ptolemy/actor/lib/test/auto/OrderedRecordDisassembler2.xml
3 ms. Memory: 1576448K Free: 1268924K (80%)
----------------- Invoking toplevel() on ptolemy.moml.MoMLSimpleApplication@4e242400
----------------- Done invoking toplevel() on ptolemy.moml.MoMLSimpleApplication@4e242400
reloadAllAccessors: .OrderedRecordDisassembler2

===========================================================================================
----------------- testing Sat Jun 09 01:29:50 UTC 2018 /home/travis/build/icyphy/ptII/ptolemy/actor/lib/test/auto/OrderedRecordUpdater.xml
----------------- Instantiating /home/travis/build/icyphy/ptII/ptolemy/actor/lib/test/auto/OrderedRecordUpdater.xml
2 ms. Memory: 1576448K Free: 1254143K (80%)
----------------- Invoking toplevel() on ptolemy.moml.MoMLSimpleApplication@4de51783
----------------- Done invoking toplevel() on ptolemy.moml.MoMLSimpleApplication@4de51783
reloadAllAccessors: .RecordUpdater

===========================================================================================
----------------- testing Sat Jun 09 01:29:50 UTC 2018 /home/travis/build/icyphy/ptII/ptolemy/actor/lib/test/auto/OrderedRecordUpdater2.xml
----------------- Instantiating /home/travis/build/icyphy/ptII/ptolemy/actor/lib/test/auto/OrderedRecordUpdater2.xml
1 ms. Memory: 1576448K Free: 1232896K (78%)
----------------- Invoking toplevel() on ptolemy.moml.MoMLSimpleApplication@464a3d34
----------------- Done invoking toplevel() on ptolemy.moml.MoMLSimpleApplication@464a3d34
reloadAllAccessors: .RecordUpdater2

===========================================================================================
----------------- testing Sat Jun 09 01:29:50 UTC 2018 /home/travis/build/icyphy/ptII/ptolemy/actor/lib/test/auto/PhaseUnwrap.xml
----------------- Instantiating /home/travis/build/icyphy/ptII/ptolemy/actor/lib/test/auto/PhaseUnwrap.xml
1 ms. Memory: 1576448K Free: 1218114K (77%)
----------------- Invoking toplevel() on ptolemy.moml.MoMLSimpleApplication@4da18f1f
----------------- Done invoking toplevel() on ptolemy.moml.MoMLSimpleApplication@4da18f1f
reloadAllAccessors: .PhaseUnwrap

===========================================================================================
----------------- testing Sat Jun 09 01:29:50 UTC 2018 /home/travis/build/icyphy/ptII/ptolemy/actor/lib/test/auto/PoissonClock.xml
----------------- Instantiating /home/travis/build/icyphy/ptII/ptolemy/actor/lib/test/auto/PoissonClock.xml
1 ms. Memory: 1576448K Free: 1203333K (76%)
----------------- Invoking toplevel() on ptolemy.moml.MoMLSimpleApplication@6a10a119
----------------- Done invoking toplevel() on ptolemy.moml.MoMLSimpleApplication@6a10a119
reloadAllAccessors: .PoissonClock

===========================================================================================
----------------- testing Sat Jun 09 01:29:50 UTC 2018 /home/travis/build/icyphy/ptII/ptolemy/actor/lib/test/auto/PoissonClock2.xml
----------------- Instantiating /home/travis/build/icyphy/ptII/ptolemy/actor/lib/test/auto/PoissonClock2.xml
1 ms. Memory: 1576448K Free: 1182086K (75%)
----------------- Invoking toplevel() on ptolemy.moml.MoMLSimpleApplication@2da40b54
----------------- Done invoking toplevel() on ptolemy.moml.MoMLSimpleApplication@2da40b54
reloadAllAccessors: .PoissonClock2

===========================================================================================
----------------- testing Sat Jun 09 01:29:50 UTC 2018 /home/travis/build/icyphy/ptII/ptolemy/actor/lib/test/auto/PoissonClock3.xml
----------------- Instantiating /home/travis/build/icyphy/ptII/ptolemy/actor/lib/test/auto/PoissonClock3.xml
2 ms. Memory: 1576448K Free: 1167304K (74%)
----------------- Invoking toplevel() on ptolemy.moml.MoMLSimpleApplication@37029bf8
----------------- Done invoking toplevel() on ptolemy.moml.MoMLSimpleApplication@37029bf8
reloadAllAccessors: .PoissonClock3

===========================================================================================
----------------- testing Sat Jun 09 01:29:50 UTC 2018 /home/travis/build/icyphy/ptII/ptolemy/actor/lib/test/auto/PubSubWithInitialTokens.xml
----------------- Instantiating /home/travis/build/icyphy/ptII/ptolemy/actor/lib/test/auto/PubSubWithInitialTokens.xml
1 ms. Memory: 1576448K Free: 1152523K (73%)
----------------- Invoking toplevel() on ptolemy.moml.MoMLSimpleApplication@67988361
----------------- Done invoking toplevel() on ptolemy.moml.MoMLSimpleApplication@67988361
reloadAllAccessors: .PubSubWithInitialTokens

===========================================================================================
----------------- testing Sat Jun 09 01:29:50 UTC 2018 /home/travis/build/icyphy/ptII/ptolemy/actor/lib/test/auto/PubSubWithInitialTokens2.xml
----------------- Instantiating /home/travis/build/icyphy/ptII/ptolemy/actor/lib/test/auto/PubSubWithInitialTokens2.xml
2 ms. Memory: 1576448K Free: 1131276K (72%)
----------------- Invoking toplevel() on ptolemy.moml.MoMLSimpleApplication@c8a08ee
----------------- Done invoking toplevel() on ptolemy.moml.MoMLSimpleApplication@c8a08ee
reloadAllAccessors: .PubSubWithInitialTokens2

===========================================================================================
----------------- testing Sat Jun 09 01:29:50 UTC 2018 /home/travis/build/icyphy/ptII/ptolemy/actor/lib/test/auto/PublisherClassNoParameter.xml
----------------- Instantiating /home/travis/build/icyphy/ptII/ptolemy/actor/lib/test/auto/PublisherClassNoParameter.xml
2 ms. Memory: 1576448K Free: 1109088K (70%)
----------------- Invoking toplevel() on ptolemy.moml.MoMLSimpleApplication@35a7a7aa
----------------- Done invoking toplevel() on ptolemy.moml.MoMLSimpleApplication@35a7a7aa
reloadAllAccessors: .PublisherClassNoParameter

===========================================================================================
----------------- testing Sat Jun 09 01:29:50 UTC 2018 /home/travis/build/icyphy/ptII/ptolemy/actor/lib/test/auto/PublisherClassParameter.xml
----------------- Instantiating /home/travis/build/icyphy/ptII/ptolemy/actor/lib/test/auto/PublisherClassParameter.xml
1 ms. Memory: 1576448K Free: 1080434K (69%)
----------------- Invoking toplevel() on ptolemy.moml.MoMLSimpleApplication@5efd3c0
----------------- Done invoking toplevel() on ptolemy.moml.MoMLSimpleApplication@5efd3c0
reloadAllAccessors: .PublisherClassParameter

===========================================================================================
----------------- testing Sat Jun 09 01:29:50 UTC 2018 /home/travis/build/icyphy/ptII/ptolemy/actor/lib/test/auto/PublisherNonStrictTest.xml
----------------- Instantiating /home/travis/build/icyphy/ptII/ptolemy/actor/lib/test/auto/PublisherNonStrictTest.xml
2 ms. Memory: 1576448K Free: 1065652K (68%)
----------------- Invoking toplevel() on ptolemy.moml.MoMLSimpleApplication@ba0d476
----------------- Done invoking toplevel() on ptolemy.moml.MoMLSimpleApplication@ba0d476
reloadAllAccessors: .PublisherNonStrictTest

===========================================================================================
----------------- testing Sat Jun 09 01:29:50 UTC 2018 /home/travis/build/icyphy/ptII/ptolemy/actor/lib/test/auto/PublisherPort1.xml
----------------- Instantiating /home/travis/build/icyphy/ptII/ptolemy/actor/lib/test/auto/PublisherPort1.xml
2 ms. Memory: 1576448K Free: 1050871K (67%)
----------------- Invoking toplevel() on ptolemy.moml.MoMLSimpleApplication@190d8d70
----------------- Done invoking toplevel() on ptolemy.moml.MoMLSimpleApplication@190d8d70
reloadAllAccessors: .PublisherPort1

===========================================================================================
----------------- testing Sat Jun 09 01:29:50 UTC 2018 /home/travis/build/icyphy/ptII/ptolemy/actor/lib/test/auto/PublisherPort2.xml
----------------- Instantiating /home/travis/build/icyphy/ptII/ptolemy/actor/lib/test/auto/PublisherPort2.xml
2 ms. Memory: 1576448K Free: 1029624K (65%)
----------------- Invoking toplevel() on ptolemy.moml.MoMLSimpleApplication@5f7b210f
----------------- Done invoking toplevel() on ptolemy.moml.MoMLSimpleApplication@5f7b210f
reloadAllAccessors: .PublisherPort2

===========================================================================================
----------------- testing Sat Jun 09 01:29:50 UTC 2018 /home/travis/build/icyphy/ptII/ptolemy/actor/lib/test/auto/PublisherPort3.xml
----------------- Instantiating /home/travis/build/icyphy/ptII/ptolemy/actor/lib/test/auto/PublisherPort3.xml
2 ms. Memory: 1576448K Free: 1014842K (64%)
----------------- Invoking toplevel() on ptolemy.moml.MoMLSimpleApplication@76af13cb
----------------- Done invoking toplevel() on ptolemy.moml.MoMLSimpleApplication@76af13cb
reloadAllAccessors: .PublisherPort3

===========================================================================================
----------------- testing Sat Jun 09 01:29:50 UTC 2018 /home/travis/build/icyphy/ptII/ptolemy/actor/lib/test/auto/PublisherPort4.xml
----------------- Instantiating /home/travis/build/icyphy/ptII/ptolemy/actor/lib/test/auto/PublisherPort4.xml
2 ms. Memory: 1576448K Free: 1000061K (63%)
----------------- Invoking toplevel() on ptolemy.moml.MoMLSimpleApplication@553bc8d0
----------------- Done invoking toplevel() on ptolemy.moml.MoMLSimpleApplication@553bc8d0
reloadAllAccessors: .PublisherPort4

===========================================================================================
----------------- testing Sat Jun 09 01:29:50 UTC 2018 /home/travis/build/icyphy/ptII/ptolemy/actor/lib/test/auto/PublisherPort5.xml
----------------- Instantiating /home/travis/build/icyphy/ptII/ptolemy/actor/lib/test/auto/PublisherPort5.xml
2 ms. Memory: 1576448K Free: 978814K (62%)
----------------- Invoking toplevel() on ptolemy.moml.MoMLSimpleApplication@412280a
----------------- Done invoking toplevel() on ptolemy.moml.MoMLSimpleApplication@412280a
reloadAllAccessors: .PublisherPort5

===========================================================================================
----------------- testing Sat Jun 09 01:29:50 UTC 2018 /home/travis/build/icyphy/ptII/ptolemy/actor/lib/test/auto/PublisherPort5LookAlike.xml
----------------- Instantiating /home/travis/build/icyphy/ptII/ptolemy/actor/lib/test/auto/PublisherPort5LookAlike.xml
3 ms. Memory: 1576448K Free: 964032K (61%)
----------------- Invoking toplevel() on ptolemy.moml.MoMLSimpleApplication@3c85ef6c
----------------- Done invoking toplevel() on ptolemy.moml.MoMLSimpleApplication@3c85ef6c
reloadAllAccessors: .PublisherPort5LookAlike

===========================================================================================
----------------- testing Sat Jun 09 01:29:50 UTC 2018 /home/travis/build/icyphy/ptII/ptolemy/actor/lib/test/auto/PublisherPort6.xml
----------------- Instantiating /home/travis/build/icyphy/ptII/ptolemy/actor/lib/test/auto/PublisherPort6.xml
3 ms. Memory: 1576448K Free: 942785K (60%)
----------------- Invoking toplevel() on ptolemy.moml.MoMLSimpleApplication@1ab70699
----------------- Done invoking toplevel() on ptolemy.moml.MoMLSimpleApplication@1ab70699
reloadAllAccessors: .PublisherPort6

===========================================================================================
----------------- testing Sat Jun 09 01:29:50 UTC 2018 /home/travis/build/icyphy/ptII/ptolemy/actor/lib/test/auto/PublisherPort7.xml
----------------- Instantiating /home/travis/build/icyphy/ptII/ptolemy/actor/lib/test/auto/PublisherPort7.xml
4 ms. Memory: 1576448K Free: 928004K (59%)
----------------- Invoking toplevel() on ptolemy.moml.MoMLSimpleApplication@51588875
----------------- Done invoking toplevel() on ptolemy.moml.MoMLSimpleApplication@51588875
reloadAllAccessors: .PublisherPort7

===========================================================================================
----------------- testing Sat Jun 09 01:29:50 UTC 2018 /home/travis/build/icyphy/ptII/ptolemy/actor/lib/test/auto/PublisherPort8.xml
----------------- Instantiating /home/travis/build/icyphy/ptII/ptolemy/actor/lib/test/auto/PublisherPort8.xml
4 ms. Memory: 1576448K Free: 913222K (58%)
----------------- Invoking toplevel() on ptolemy.moml.MoMLSimpleApplication@4352e60e
----------------- Done invoking toplevel() on ptolemy.moml.MoMLSimpleApplication@4352e60e
reloadAllAccessors: .PublisherPort8

===========================================================================================
----------------- testing Sat Jun 09 01:29:50 UTC 2018 /home/travis/build/icyphy/ptII/ptolemy/actor/lib/test/auto/PublisherPortSubscriberChannelVariablesAOC2.xml
----------------- Instantiating /home/travis/build/icyphy/ptII/ptolemy/actor/lib/test/auto/PublisherPortSubscriberChannelVariablesAOC2.xml
3 ms. Memory: 1576448K Free: 877177K (56%)
----------------- Invoking toplevel() on ptolemy.moml.MoMLSimpleApplication@34049d11
----------------- Done invoking toplevel() on ptolemy.moml.MoMLSimpleApplication@34049d11
reloadAllAccessors: .PublisherPortSubscriberChannelVariablesAOC2

===========================================================================================
----------------- testing Sat Jun 09 01:29:50 UTC 2018 /home/travis/build/icyphy/ptII/ptolemy/actor/lib/test/auto/PublisherPortSubscriberOpaqueWidthInference.xml
----------------- Instantiating /home/travis/build/icyphy/ptII/ptolemy/actor/lib/test/auto/PublisherPortSubscriberOpaqueWidthInference.xml
3 ms. Memory: 1576448K Free: 862396K (55%)
----------------- Invoking toplevel() on ptolemy.moml.MoMLSimpleApplication@16a1ae2a
----------------- Done invoking toplevel() on ptolemy.moml.MoMLSimpleApplication@16a1ae2a
reloadAllAccessors: .PublisherPortSubscriberOpaqueWidthInference

===========================================================================================
----------------- testing Sat Jun 09 01:29:50 UTC 2018 /home/travis/build/icyphy/ptII/ptolemy/actor/lib/test/auto/PublisherPortSubscriberPortAdjacent.xml
----------------- Instantiating /home/travis/build/icyphy/ptII/ptolemy/actor/lib/test/auto/PublisherPortSubscriberPortAdjacent.xml
1 ms. Memory: 1576448K Free: 847614K (54%)
----------------- Invoking toplevel() on ptolemy.moml.MoMLSimpleApplication@139cf622
----------------- Done invoking toplevel() on ptolemy.moml.MoMLSimpleApplication@139cf622
reloadAllAccessors: .PublisherPortSubscriberPortAdjacent

===========================================================================================
----------------- testing Sat Jun 09 01:29:50 UTC 2018 /home/travis/build/icyphy/ptII/ptolemy/actor/lib/test/auto/PublisherPortSubscriberPortExpression.xml
----------------- Instantiating /home/travis/build/icyphy/ptII/ptolemy/actor/lib/test/auto/PublisherPortSubscriberPortExpression.xml
3 ms. Memory: 1576448K Free: 826367K (52%)
----------------- Invoking toplevel() on ptolemy.moml.MoMLSimpleApplication@64767886
----------------- Done invoking toplevel() on ptolemy.moml.MoMLSimpleApplication@64767886
reloadAllAccessors: .PublisherPortSubscriberPortExpression

===========================================================================================
----------------- testing Sat Jun 09 01:29:50 UTC 2018 /home/travis/build/icyphy/ptII/ptolemy/actor/lib/test/auto/PublisherPortSubscriberPortOpaqueD3Reverse.xml
----------------- Instantiating /home/travis/build/icyphy/ptII/ptolemy/actor/lib/test/auto/PublisherPortSubscriberPortOpaqueD3Reverse.xml
6 ms. Memory: 1576448K Free: 811586K (51%)
----------------- Invoking toplevel() on ptolemy.moml.MoMLSimpleApplication@3ffa4543
----------------- Done invoking toplevel() on ptolemy.moml.MoMLSimpleApplication@3ffa4543
reloadAllAccessors: .PublisherPortSubscriberPortOpaqueD3Reverse

===========================================================================================
----------------- testing Sat Jun 09 01:29:50 UTC 2018 /home/travis/build/icyphy/ptII/ptolemy/actor/lib/test/auto/PublisherPortSubscriberPortOpaqueWidthInference.xml
----------------- Instantiating /home/travis/build/icyphy/ptII/ptolemy/actor/lib/test/auto/PublisherPortSubscriberPortOpaqueWidthInference.xml
3 ms. Memory: 1576448K Free: 790339K (50%)
----------------- Invoking toplevel() on ptolemy.moml.MoMLSimpleApplication@7bdfc29e
----------------- Done invoking toplevel() on ptolemy.moml.MoMLSimpleApplication@7bdfc29e
reloadAllAccessors: .PublisherPortSubscriberPortOpaqueWidthInference

===========================================================================================
----------------- testing Sat Jun 09 01:29:50 UTC 2018 /home/travis/build/icyphy/ptII/ptolemy/actor/lib/test/auto/PublisherPortToplevelSubscriberPortAOC.xml
----------------- Instantiating /home/travis/build/icyphy/ptII/ptolemy/actor/lib/test/auto/PublisherPortToplevelSubscriberPortAOC.xml
.PublisherPortToplevelSubscriberPortAOC.TestExceptionAttribute: initialize() was not invoked, but wrapup() was.  This is unusual, but not always a problem.  For example, exporting JNLP will do this.
0 ms. Memory: 1576448K Free: 775557K (49%)
----------------- Invoking toplevel() on ptolemy.moml.MoMLSimpleApplication@79a6d08e
----------------- Done invoking toplevel() on ptolemy.moml.MoMLSimpleApplication@79a6d08e
reloadAllAccessors: .PublisherPortToplevelSubscriberPortAOC

===========================================================================================
----------------- testing Sat Jun 09 01:29:50 UTC 2018 /home/travis/build/icyphy/ptII/ptolemy/actor/lib/test/auto/PublisherSubscriber.xml
----------------- Instantiating /home/travis/build/icyphy/ptII/ptolemy/actor/lib/test/auto/PublisherSubscriber.xml
2 ms. Memory: 1576448K Free: 760776K (48%)
----------------- Invoking toplevel() on ptolemy.moml.MoMLSimpleApplication@5b5b03df
----------------- Done invoking toplevel() on ptolemy.moml.MoMLSimpleApplication@5b5b03df
reloadAllAccessors: .PublisherSubscriber

===========================================================================================
----------------- testing Sat Jun 09 01:29:50 UTC 2018 /home/travis/build/icyphy/ptII/ptolemy/actor/lib/test/auto/PublisherSubscriber10.xml
----------------- Instantiating /home/travis/build/icyphy/ptII/ptolemy/actor/lib/test/auto/PublisherSubscriber10.xml
4 ms. Memory: 1576448K Free: 739529K (47%)
----------------- Invoking toplevel() on ptolemy.moml.MoMLSimpleApplication@684eae93
----------------- Done invoking toplevel() on ptolemy.moml.MoMLSimpleApplication@684eae93
reloadAllAccessors: .PublisherSubscriber10

===========================================================================================
----------------- testing Sat Jun 09 01:29:50 UTC 2018 /home/travis/build/icyphy/ptII/ptolemy/actor/lib/test/auto/PublisherSubscriber10InitialOutputs.xml
----------------- Instantiating /home/travis/build/icyphy/ptII/ptolemy/actor/lib/test/auto/PublisherSubscriber10InitialOutputs.xml
4 ms. Memory: 1576448K Free: 724747K (46%)
----------------- Invoking toplevel() on ptolemy.moml.MoMLSimpleApplication@48966790
----------------- Done invoking toplevel() on ptolemy.moml.MoMLSimpleApplication@48966790
reloadAllAccessors: .PublisherSubscriber10InitialOutputs

===========================================================================================
----------------- testing Sat Jun 09 01:29:50 UTC 2018 /home/travis/build/icyphy/ptII/ptolemy/actor/lib/test/auto/PublisherSubscriber11.xml
----------------- Instantiating /home/travis/build/icyphy/ptII/ptolemy/actor/lib/test/auto/PublisherSubscriber11.xml
2 ms. Memory: 1576448K Free: 709966K (45%)
----------------- Invoking toplevel() on ptolemy.moml.MoMLSimpleApplication@7b944e6f
----------------- Done invoking toplevel() on ptolemy.moml.MoMLSimpleApplication@7b944e6f
reloadAllAccessors: .PublisherSubscriber11

===========================================================================================
----------------- testing Sat Jun 09 01:29:50 UTC 2018 /home/travis/build/icyphy/ptII/ptolemy/actor/lib/test/auto/PublisherSubscriber12.xml
----------------- Instantiating /home/travis/build/icyphy/ptII/ptolemy/actor/lib/test/auto/PublisherSubscriber12.xml
2 ms. Memory: 1576448K Free: 688718K (44%)
----------------- Invoking toplevel() on ptolemy.moml.MoMLSimpleApplication@27318572
----------------- Done invoking toplevel() on ptolemy.moml.MoMLSimpleApplication@27318572
reloadAllAccessors: .PublisherSubscriber12

===========================================================================================
----------------- testing Sat Jun 09 01:29:50 UTC 2018 /home/travis/build/icyphy/ptII/ptolemy/actor/lib/test/auto/PublisherSubscriber13.xml
----------------- Instantiating /home/travis/build/icyphy/ptII/ptolemy/actor/lib/test/auto/PublisherSubscriber13.xml
1 ms. Memory: 1576448K Free: 673937K (43%)
----------------- Invoking toplevel() on ptolemy.moml.MoMLSimpleApplication@38325ac5
----------------- Done invoking toplevel() on ptolemy.moml.MoMLSimpleApplication@38325ac5
reloadAllAccessors: .PublisherSubscriber13

===========================================================================================
----------------- testing Sat Jun 09 01:29:50 UTC 2018 /home/travis/build/icyphy/ptII/ptolemy/actor/lib/test/auto/PublisherSubscriber14.xml
----------------- Instantiating /home/travis/build/icyphy/ptII/ptolemy/actor/lib/test/auto/PublisherSubscriber14.xml
2 ms. Memory: 1576448K Free: 652690K (41%)
----------------- Invoking toplevel() on ptolemy.moml.MoMLSimpleApplication@cdf518
----------------- Done invoking toplevel() on ptolemy.moml.MoMLSimpleApplication@cdf518
reloadAllAccessors: .PublisherSubscriber14

===========================================================================================
----------------- testing Sat Jun 09 01:29:50 UTC 2018 /home/travis/build/icyphy/ptII/ptolemy/actor/lib/test/auto/PublisherSubscriber2.xml
----------------- Instantiating /home/travis/build/icyphy/ptII/ptolemy/actor/lib/test/auto/PublisherSubscriber2.xml
2 ms. Memory: 1576448K Free: 637908K (40%)
----------------- Invoking toplevel() on ptolemy.moml.MoMLSimpleApplication@171739b5
----------------- Done invoking toplevel() on ptolemy.moml.MoMLSimpleApplication@171739b5
reloadAllAccessors: .PublisherSubscriber2

===========================================================================================
----------------- testing Sat Jun 09 01:29:51 UTC 2018 /home/travis/build/icyphy/ptII/ptolemy/actor/lib/test/auto/PublisherSubscriber3.xml
----------------- Instantiating /home/travis/build/icyphy/ptII/ptolemy/actor/lib/test/auto/PublisherSubscriber3.xml
1 ms. Memory: 1576448K Free: 623127K (40%)
----------------- Invoking toplevel() on ptolemy.moml.MoMLSimpleApplication@70996ce1
----------------- Done invoking toplevel() on ptolemy.moml.MoMLSimpleApplication@70996ce1
reloadAllAccessors: .PublisherSubscriber3

===========================================================================================
----------------- testing Sat Jun 09 01:29:51 UTC 2018 /home/travis/build/icyphy/ptII/ptolemy/actor/lib/test/auto/PublisherSubscriber4.xml
----------------- Instantiating /home/travis/build/icyphy/ptII/ptolemy/actor/lib/test/auto/PublisherSubscriber4.xml
2 ms. Memory: 1576448K Free: 601880K (38%)
----------------- Invoking toplevel() on ptolemy.moml.MoMLSimpleApplication@34042f63
----------------- Done invoking toplevel() on ptolemy.moml.MoMLSimpleApplication@34042f63
reloadAllAccessors: .PublisherSubscriber4

===========================================================================================
----------------- testing Sat Jun 09 01:29:51 UTC 2018 /home/travis/build/icyphy/ptII/ptolemy/actor/lib/test/auto/PublisherSubscriber5.xml
----------------- Instantiating /home/travis/build/icyphy/ptII/ptolemy/actor/lib/test/auto/PublisherSubscriber5.xml
2 ms. Memory: 1576448K Free: 587098K (37%)
----------------- Invoking toplevel() on ptolemy.moml.MoMLSimpleApplication@65c660ce
----------------- Done invoking toplevel() on ptolemy.moml.MoMLSimpleApplication@65c660ce
reloadAllAccessors: .PublisherSubscriber5

===========================================================================================
----------------- testing Sat Jun 09 01:29:51 UTC 2018 /home/travis/build/icyphy/ptII/ptolemy/actor/lib/test/auto/PublisherSubscriber6.xml
----------------- Instantiating /home/travis/build/icyphy/ptII/ptolemy/actor/lib/test/auto/PublisherSubscriber6.xml
2 ms. Memory: 1576448K Free: 572317K (36%)
----------------- Invoking toplevel() on ptolemy.moml.MoMLSimpleApplication@61267de4
----------------- Done invoking toplevel() on ptolemy.moml.MoMLSimpleApplication@61267de4
reloadAllAccessors: .PublisherSubscriber6

===========================================================================================
----------------- testing Sat Jun 09 01:29:51 UTC 2018 /home/travis/build/icyphy/ptII/ptolemy/actor/lib/test/auto/PublisherSubscriber7.xml
----------------- Instantiating /home/travis/build/icyphy/ptII/ptolemy/actor/lib/test/auto/PublisherSubscriber7.xml
2 ms. Memory: 1576448K Free: 551070K (35%)
----------------- Invoking toplevel() on ptolemy.moml.MoMLSimpleApplication@53118552
----------------- Done invoking toplevel() on ptolemy.moml.MoMLSimpleApplication@53118552
reloadAllAccessors: .PublisherSubscriber7

===========================================================================================
----------------- testing Sat Jun 09 01:29:51 UTC 2018 /home/travis/build/icyphy/ptII/ptolemy/actor/lib/test/auto/PublisherSubscriber8.xml
----------------- Instantiating /home/travis/build/icyphy/ptII/ptolemy/actor/lib/test/auto/PublisherSubscriber8.xml
8 ms. Memory: 1576448K Free: 462381K (29%)
----------------- Invoking toplevel() on ptolemy.moml.MoMLSimpleApplication@2c9d5dc0
----------------- Done invoking toplevel() on ptolemy.moml.MoMLSimpleApplication@2c9d5dc0
reloadAllAccessors: .PublisherSubscriber8

===========================================================================================
----------------- testing Sat Jun 09 01:29:51 UTC 2018 /home/travis/build/icyphy/ptII/ptolemy/actor/lib/test/auto/PublisherSubscriber9.xml
----------------- Instantiating /home/travis/build/icyphy/ptII/ptolemy/actor/lib/test/auto/PublisherSubscriber9.xml
3 ms. Memory: 1576448K Free: 441134K (28%)
----------------- Invoking toplevel() on ptolemy.moml.MoMLSimpleApplication@407ea403
----------------- Done invoking toplevel() on ptolemy.moml.MoMLSimpleApplication@407ea403
reloadAllAccessors: .PublisherSubscriber9

===========================================================================================
----------------- testing Sat Jun 09 01:29:51 UTC 2018 /home/travis/build/icyphy/ptII/ptolemy/actor/lib/test/auto/PublisherSubscriberAdjacent.xml
----------------- Instantiating /home/travis/build/icyphy/ptII/ptolemy/actor/lib/test/auto/PublisherSubscriberAdjacent.xml
2 ms. Memory: 1576448K Free: 426352K (27%)
----------------- Invoking toplevel() on ptolemy.moml.MoMLSimpleApplication@4af25aba
----------------- Done invoking toplevel() on ptolemy.moml.MoMLSimpleApplication@4af25aba
reloadAllAccessors: .PublisherSubscriberAdjacent

===========================================================================================
----------------- testing Sat Jun 09 01:29:51 UTC 2018 /home/travis/build/icyphy/ptII/ptolemy/actor/lib/test/auto/PublisherSubscriberChannelVariablesAOC2.xml
----------------- Instantiating /home/travis/build/icyphy/ptII/ptolemy/actor/lib/test/auto/PublisherSubscriberChannelVariablesAOC2.xml
2 ms. Memory: 1576448K Free: 404164K (26%)
----------------- Invoking toplevel() on ptolemy.moml.MoMLSimpleApplication@cac13dc
----------------- Done invoking toplevel() on ptolemy.moml.MoMLSimpleApplication@cac13dc
reloadAllAccessors: .PublisherSubscriberChannelVariablesAOC2

===========================================================================================
----------------- testing Sat Jun 09 01:29:51 UTC 2018 /home/travis/build/icyphy/ptII/ptolemy/actor/lib/test/auto/PublisherSubscriberD3.xml
----------------- Instantiating /home/travis/build/icyphy/ptII/ptolemy/actor/lib/test/auto/PublisherSubscriberD3.xml
2 ms. Memory: 1576448K Free: 382917K (24%)
----------------- Invoking toplevel() on ptolemy.moml.MoMLSimpleApplication@17c2d0ca
----------------- Done invoking toplevel() on ptolemy.moml.MoMLSimpleApplication@17c2d0ca
reloadAllAccessors: .PublisherSubscriberD3

===========================================================================================
----------------- testing Sat Jun 09 01:29:51 UTC 2018 /home/travis/build/icyphy/ptII/ptolemy/actor/lib/test/auto/PublisherSubscriberD3Reverse.xml
----------------- Instantiating /home/travis/build/icyphy/ptII/ptolemy/actor/lib/test/auto/PublisherSubscriberD3Reverse.xml
2 ms. Memory: 1576448K Free: 368135K (23%)
----------------- Invoking toplevel() on ptolemy.moml.MoMLSimpleApplication@1f208a72
----------------- Done invoking toplevel() on ptolemy.moml.MoMLSimpleApplication@1f208a72
reloadAllAccessors: .PublisherSubscriberD3Reverse

===========================================================================================
----------------- testing Sat Jun 09 01:29:51 UTC 2018 /home/travis/build/icyphy/ptII/ptolemy/actor/lib/test/auto/PublisherSubscriberExpression.xml
----------------- Instantiating /home/travis/build/icyphy/ptII/ptolemy/actor/lib/test/auto/PublisherSubscriberExpression.xml
4 ms. Memory: 1576448K Free: 353354K (22%)
----------------- Invoking toplevel() on ptolemy.moml.MoMLSimpleApplication@55c988e2
----------------- Done invoking toplevel() on ptolemy.moml.MoMLSimpleApplication@55c988e2
reloadAllAccessors: .PublisherSubscriberExpression

===========================================================================================
----------------- testing Sat Jun 09 01:29:51 UTC 2018 /home/travis/build/icyphy/ptII/ptolemy/actor/lib/test/auto/PublisherSubscriberOpaque.xml
----------------- Instantiating /home/travis/build/icyphy/ptII/ptolemy/actor/lib/test/auto/PublisherSubscriberOpaque.xml
5 ms. Memory: 1576448K Free: 332107K (21%)
----------------- Invoking toplevel() on ptolemy.moml.MoMLSimpleApplication@1b56171f
----------------- Done invoking toplevel() on ptolemy.moml.MoMLSimpleApplication@1b56171f
reloadAllAccessors: .PublisherSubscriberOpaque

===========================================================================================
----------------- testing Sat Jun 09 01:29:51 UTC 2018 /home/travis/build/icyphy/ptII/ptolemy/actor/lib/test/auto/PublisherSubscriberOpaqueD3.xml
----------------- Instantiating /home/travis/build/icyphy/ptII/ptolemy/actor/lib/test/auto/PublisherSubscriberOpaqueD3.xml
4 ms. Memory: 1576448K Free: 309926K (20%)
----------------- Invoking toplevel() on ptolemy.moml.MoMLSimpleApplication@1aaf140
----------------- Done invoking toplevel() on ptolemy.moml.MoMLSimpleApplication@1aaf140
reloadAllAccessors: .PublisherSubscriberOpaqueD3

===========================================================================================
----------------- testing Sat Jun 09 01:29:51 UTC 2018 /home/travis/build/icyphy/ptII/ptolemy/actor/lib/test/auto/PublisherSubscriberOpaqueD3Reverse.xml
----------------- Instantiating /home/travis/build/icyphy/ptII/ptolemy/actor/lib/test/auto/PublisherSubscriberOpaqueD3Reverse.xml
5 ms. Memory: 1576448K Free: 288679K (18%)
----------------- Invoking toplevel() on ptolemy.moml.MoMLSimpleApplication@4cc8625f
----------------- Done invoking toplevel() on ptolemy.moml.MoMLSimpleApplication@4cc8625f
reloadAllAccessors: .PublisherSubscriberOpaqueD3Reverse

===========================================================================================
----------------- testing Sat Jun 09 01:29:51 UTC 2018 /home/travis/build/icyphy/ptII/ptolemy/actor/lib/test/auto/PublisherSubscriberOpaqueWidthInference.xml
----------------- Instantiating /home/travis/build/icyphy/ptII/ptolemy/actor/lib/test/auto/PublisherSubscriberOpaqueWidthInference.xml
4 ms. Memory: 1576448K Free: 273898K (17%)
----------------- Invoking toplevel() on ptolemy.moml.MoMLSimpleApplication@1cc542f9
----------------- Done invoking toplevel() on ptolemy.moml.MoMLSimpleApplication@1cc542f9
reloadAllAccessors: .PublisherSubscriberOpaqueWidthInference

===========================================================================================
----------------- testing Sat Jun 09 01:29:51 UTC 2018 /home/travis/build/icyphy/ptII/ptolemy/actor/lib/test/auto/PublisherTestSubscriber.xml
----------------- Instantiating /home/travis/build/icyphy/ptII/ptolemy/actor/lib/test/auto/PublisherTestSubscriber.xml
3 ms. Memory: 1576448K Free: 259116K (16%)
----------------- Invoking toplevel() on ptolemy.moml.MoMLSimpleApplication@29b5670
----------------- Done invoking toplevel() on ptolemy.moml.MoMLSimpleApplication@29b5670
reloadAllAccessors: .PublisherTestSubscriber

===========================================================================================
----------------- testing Sat Jun 09 01:29:51 UTC 2018 /home/travis/build/icyphy/ptII/ptolemy/actor/lib/test/auto/PublisherToplevelSubscriberPortAOC.xml
----------------- Instantiating /home/travis/build/icyphy/ptII/ptolemy/actor/lib/test/auto/PublisherToplevelSubscriberPortAOC.xml
2 ms. Memory: 1576448K Free: 237869K (15%)
----------------- Invoking toplevel() on ptolemy.moml.MoMLSimpleApplication@590eee75
----------------- Done invoking toplevel() on ptolemy.moml.MoMLSimpleApplication@590eee75
reloadAllAccessors: .PublisherToplevelSubscriberPortAOC

===========================================================================================
----------------- testing Sat Jun 09 01:29:51 UTC 2018 /home/travis/build/icyphy/ptII/ptolemy/actor/lib/test/auto/PulseFiringLimitDE.xml
----------------- Instantiating /home/travis/build/icyphy/ptII/ptolemy/actor/lib/test/auto/PulseFiringLimitDE.xml
2 ms. Memory: 1576448K Free: 223088K (14%)
----------------- Invoking toplevel() on ptolemy.moml.MoMLSimpleApplication@6fb2abb1
----------------- Done invoking toplevel() on ptolemy.moml.MoMLSimpleApplication@6fb2abb1
reloadAllAccessors: .PulseFiringLimitDE

===========================================================================================
----------------- testing Sat Jun 09 01:29:51 UTC 2018 /home/travis/build/icyphy/ptII/ptolemy/actor/lib/test/auto/Ramp1.xml
----------------- Instantiating /home/travis/build/icyphy/ptII/ptolemy/actor/lib/test/auto/Ramp1.xml
2 ms. Memory: 1576448K Free: 208306K (13%)
----------------- Invoking toplevel() on ptolemy.moml.MoMLSimpleApplication@dfeebac
----------------- Done invoking toplevel() on ptolemy.moml.MoMLSimpleApplication@dfeebac
reloadAllAccessors: .Ramp1

===========================================================================================
----------------- testing Sat Jun 09 01:29:51 UTC 2018 /home/travis/build/icyphy/ptII/ptolemy/actor/lib/test/auto/RampFiringLimitDE.xml
----------------- Instantiating /home/travis/build/icyphy/ptII/ptolemy/actor/lib/test/auto/RampFiringLimitDE.xml
3 ms. Memory: 1576448K Free: 187059K (12%)
----------------- Invoking toplevel() on ptolemy.moml.MoMLSimpleApplication@e896961
----------------- Done invoking toplevel() on ptolemy.moml.MoMLSimpleApplication@e896961
reloadAllAccessors: .RampFiringLimitDE

===========================================================================================
----------------- testing Sat Jun 09 01:29:51 UTC 2018 /home/travis/build/icyphy/ptII/ptolemy/actor/lib/test/auto/RampFiringLimitSDF.xml
----------------- Instantiating /home/travis/build/icyphy/ptII/ptolemy/actor/lib/test/auto/RampFiringLimitSDF.xml
3 ms. Memory: 1576448K Free: 172277K (11%)
----------------- Invoking toplevel() on ptolemy.moml.MoMLSimpleApplication@20bddebf
----------------- Done invoking toplevel() on ptolemy.moml.MoMLSimpleApplication@20bddebf
reloadAllAccessors: .RampFiringLimitSDF

===========================================================================================
----------------- testing Sat Jun 09 01:29:51 UTC 2018 /home/travis/build/icyphy/ptII/ptolemy/actor/lib/test/auto/RandomInteger.xml
----------------- Instantiating /home/travis/build/icyphy/ptII/ptolemy/actor/lib/test/auto/RandomInteger.xml
1 ms. Memory: 1576448K Free: 151030K (10%)
----------------- Invoking toplevel() on ptolemy.moml.MoMLSimpleApplication@1634a03e
----------------- Done invoking toplevel() on ptolemy.moml.MoMLSimpleApplication@1634a03e
reloadAllAccessors: .RandomInteger

===========================================================================================
----------------- testing Sat Jun 09 01:29:51 UTC 2018 /home/travis/build/icyphy/ptII/ptolemy/actor/lib/test/auto/ReadFile1.xml
----------------- Instantiating /home/travis/build/icyphy/ptII/ptolemy/actor/lib/test/auto/ReadFile1.xml
2 ms. Memory: 1576448K Free: 136249K (9%)
----------------- Invoking toplevel() on ptolemy.moml.MoMLSimpleApplication@538f41a6
----------------- Done invoking toplevel() on ptolemy.moml.MoMLSimpleApplication@538f41a6
reloadAllAccessors: .ReadFile1

===========================================================================================
----------------- testing Sat Jun 09 01:29:51 UTC 2018 /home/travis/build/icyphy/ptII/ptolemy/actor/lib/test/auto/ReadFile2.xml
----------------- Instantiating /home/travis/build/icyphy/ptII/ptolemy/actor/lib/test/auto/ReadFile2.xml
1 ms. Memory: 1576448K Free: 121467K (8%)
----------------- Invoking toplevel() on ptolemy.moml.MoMLSimpleApplication@40ebb416
----------------- Done invoking toplevel() on ptolemy.moml.MoMLSimpleApplication@40ebb416
reloadAllAccessors: .ReadFile2

===========================================================================================
----------------- testing Sat Jun 09 01:29:51 UTC 2018 /home/travis/build/icyphy/ptII/ptolemy/actor/lib/test/auto/Reader.xml
----------------- Instantiating /home/travis/build/icyphy/ptII/ptolemy/actor/lib/test/auto/Reader.xml
actor.lib.Reader is obsolete, use actor.lib.io.ExpressionReader instead
2 ms. Memory: 1576448K Free: 100220K (6%)
----------------- Invoking toplevel() on ptolemy.moml.MoMLSimpleApplication@645a25ff
----------------- Done invoking toplevel() on ptolemy.moml.MoMLSimpleApplication@645a25ff
reloadAllAccessors: .Reader

===========================================================================================
----------------- testing Sat Jun 09 01:29:51 UTC 2018 /home/travis/build/icyphy/ptII/ptolemy/actor/lib/test/auto/RecordAssemblerDisplayNameTest.xml
----------------- Instantiating /home/travis/build/icyphy/ptII/ptolemy/actor/lib/test/auto/RecordAssemblerDisplayNameTest.xml
3033 ms. Memory: 1612800K Free: 348761K (22%)
----------------- Invoking toplevel() on ptolemy.moml.MoMLSimpleApplication@637efa02
----------------- Done invoking toplevel() on ptolemy.moml.MoMLSimpleApplication@637efa02
reloadAllAccessors: .RecordAssemblerDisplayNameTest

===========================================================================================
----------------- testing Sat Jun 09 01:29:54 UTC 2018 /home/travis/build/icyphy/ptII/ptolemy/actor/lib/test/auto/RecordAssemblerTypeError.xml
----------------- Instantiating /home/travis/build/icyphy/ptII/ptolemy/actor/lib/test/auto/RecordAssemblerTypeError.xml
8 ms. Memory: 1612800K Free: 317034K (20%)
----------------- Invoking toplevel() on ptolemy.moml.MoMLSimpleApplication@24232c27
----------------- Done invoking toplevel() on ptolemy.moml.MoMLSimpleApplication@24232c27
reloadAllAccessors: .RecordAssemblerTypeError

===========================================================================================
----------------- testing Sat Jun 09 01:29:54 UTC 2018 /home/travis/build/icyphy/ptII/ptolemy/actor/lib/test/auto/RecordDisassember.xml
----------------- Instantiating /home/travis/build/icyphy/ptII/ptolemy/actor/lib/test/auto/RecordDisassember.xml
2 ms. Memory: 1612800K Free: 302073K (19%)
----------------- Invoking toplevel() on ptolemy.moml.MoMLSimpleApplication@6ada215b
----------------- Done invoking toplevel() on ptolemy.moml.MoMLSimpleApplication@6ada215b
reloadAllAccessors: .RecordDisassember

===========================================================================================
----------------- testing Sat Jun 09 01:29:54 UTC 2018 /home/travis/build/icyphy/ptII/ptolemy/actor/lib/test/auto/RecordDisassemberDisplayNameTest.xml
----------------- Instantiating /home/travis/build/icyphy/ptII/ptolemy/actor/lib/test/auto/RecordDisassemberDisplayNameTest.xml
4 ms. Memory: 1612800K Free: 281621K (17%)
----------------- Invoking toplevel() on ptolemy.moml.MoMLSimpleApplication@4c30918f
----------------- Done invoking toplevel() on ptolemy.moml.MoMLSimpleApplication@4c30918f
reloadAllAccessors: .RecordDisassemberDisplayNameTest

===========================================================================================
----------------- testing Sat Jun 09 01:29:54 UTC 2018 /home/travis/build/icyphy/ptII/ptolemy/actor/lib/test/auto/RecordDisassembler.xml
----------------- Instantiating /home/travis/build/icyphy/ptII/ptolemy/actor/lib/test/auto/RecordDisassembler.xml
2 ms. Memory: 1612800K Free: 266660K (17%)
----------------- Invoking toplevel() on ptolemy.moml.MoMLSimpleApplication@4c049423
----------------- Done invoking toplevel() on ptolemy.moml.MoMLSimpleApplication@4c049423
reloadAllAccessors: .RecordDisassembler

===========================================================================================
----------------- testing Sat Jun 09 01:29:54 UTC 2018 /home/travis/build/icyphy/ptII/ptolemy/actor/lib/test/auto/RecordDisassembler2.xml
----------------- Instantiating /home/travis/build/icyphy/ptII/ptolemy/actor/lib/test/auto/RecordDisassembler2.xml
3 ms. Memory: 1612800K Free: 246209K (15%)
----------------- Invoking toplevel() on ptolemy.moml.MoMLSimpleApplication@59019304
----------------- Done invoking toplevel() on ptolemy.moml.MoMLSimpleApplication@59019304
reloadAllAccessors: .RecordDisassembler2

===========================================================================================
----------------- testing Sat Jun 09 01:29:54 UTC 2018 /home/travis/build/icyphy/ptII/ptolemy/actor/lib/test/auto/RecordUpdater.xml
----------------- Instantiating /home/travis/build/icyphy/ptII/ptolemy/actor/lib/test/auto/RecordUpdater.xml
1 ms. Memory: 1612800K Free: 231248K (14%)
----------------- Invoking toplevel() on ptolemy.moml.MoMLSimpleApplication@5132e0ca
----------------- Done invoking toplevel() on ptolemy.moml.MoMLSimpleApplication@5132e0ca
reloadAllAccessors: .RecordUpdater

===========================================================================================
----------------- testing Sat Jun 09 01:29:54 UTC 2018 /home/travis/build/icyphy/ptII/ptolemy/actor/lib/test/auto/RecordUpdater2.xml
----------------- Instantiating /home/travis/build/icyphy/ptII/ptolemy/actor/lib/test/auto/RecordUpdater2.xml
2 ms. Memory: 1612800K Free: 210796K (13%)
----------------- Invoking toplevel() on ptolemy.moml.MoMLSimpleApplication@5aa7a1ca
----------------- Done invoking toplevel() on ptolemy.moml.MoMLSimpleApplication@5aa7a1ca
reloadAllAccessors: .RecordUpdater2

===========================================================================================
----------------- testing Sat Jun 09 01:29:54 UTC 2018 /home/travis/build/icyphy/ptII/ptolemy/actor/lib/test/auto/RecursiveLattice.xml
----------------- Instantiating /home/travis/build/icyphy/ptII/ptolemy/actor/lib/test/auto/RecursiveLattice.xml
1 ms. Memory: 1612800K Free: 195836K (12%)
----------------- Invoking toplevel() on ptolemy.moml.MoMLSimpleApplication@7ea46f94
----------------- Done invoking toplevel() on ptolemy.moml.MoMLSimpleApplication@7ea46f94
reloadAllAccessors: .RecursiveLattice

===========================================================================================
----------------- testing Sat Jun 09 01:29:54 UTC 2018 /home/travis/build/icyphy/ptII/ptolemy/actor/lib/test/auto/Router.xml
----------------- Instantiating /home/travis/build/icyphy/ptII/ptolemy/actor/lib/test/auto/Router.xml
3004 ms. Memory: 1612800K Free: 175384K (11%)
----------------- Invoking toplevel() on ptolemy.moml.MoMLSimpleApplication@19c57cc0
----------------- Done invoking toplevel() on ptolemy.moml.MoMLSimpleApplication@19c57cc0
reloadAllAccessors: .Router

===========================================================================================
----------------- testing Sat Jun 09 01:29:57 UTC 2018 /home/travis/build/icyphy/ptII/ptolemy/actor/lib/test/auto/Router2.xml
----------------- Instantiating /home/travis/build/icyphy/ptII/ptolemy/actor/lib/test/auto/Router2.xml
3004 ms. Memory: 1612800K Free: 160423K (10%)
----------------- Invoking toplevel() on ptolemy.moml.MoMLSimpleApplication@74d85316
----------------- Done invoking toplevel() on ptolemy.moml.MoMLSimpleApplication@74d85316
reloadAllAccessors: .Router2

===========================================================================================
----------------- testing Sat Jun 09 01:30:00 UTC 2018 /home/travis/build/icyphy/ptII/ptolemy/actor/lib/test/auto/RunningMaximum.xml
----------------- Instantiating /home/travis/build/icyphy/ptII/ptolemy/actor/lib/test/auto/RunningMaximum.xml
2 ms. Memory: 1612800K Free: 145463K (9%)
----------------- Invoking toplevel() on ptolemy.moml.MoMLSimpleApplication@1f419e93
----------------- Done invoking toplevel() on ptolemy.moml.MoMLSimpleApplication@1f419e93
reloadAllAccessors: .RunningMaximum

===========================================================================================
----------------- testing Sat Jun 09 01:30:00 UTC 2018 /home/travis/build/icyphy/ptII/ptolemy/actor/lib/test/auto/RunningMinimum.xml
----------------- Instantiating /home/travis/build/icyphy/ptII/ptolemy/actor/lib/test/auto/RunningMinimum.xml
1 ms. Memory: 1612800K Free: 125011K (8%)
----------------- Invoking toplevel() on ptolemy.moml.MoMLSimpleApplication@a0014ba
----------------- Done invoking toplevel() on ptolemy.moml.MoMLSimpleApplication@a0014ba
reloadAllAccessors: .RunningMinimum

===========================================================================================
----------------- testing Sat Jun 09 01:30:00 UTC 2018 /home/travis/build/icyphy/ptII/ptolemy/actor/lib/test/auto/Scale.xml
----------------- Instantiating /home/travis/build/icyphy/ptII/ptolemy/actor/lib/test/auto/Scale.xml
2 ms. Memory: 1612800K Free: 110050K (7%)
----------------- Invoking toplevel() on ptolemy.moml.MoMLSimpleApplication@195f0a28
----------------- Done invoking toplevel() on ptolemy.moml.MoMLSimpleApplication@195f0a28
reloadAllAccessors: .Scale

===========================================================================================
----------------- testing Sat Jun 09 01:30:00 UTC 2018 /home/travis/build/icyphy/ptII/ptolemy/actor/lib/test/auto/Scale2.xml
----------------- Instantiating /home/travis/build/icyphy/ptII/ptolemy/actor/lib/test/auto/Scale2.xml
1 ms. Memory: 1612800K Free: 89598K (6%)
----------------- Invoking toplevel() on ptolemy.moml.MoMLSimpleApplication@3483e64c
----------------- Done invoking toplevel() on ptolemy.moml.MoMLSimpleApplication@3483e64c
reloadAllAccessors: .Scale2

===========================================================================================
----------------- testing Sat Jun 09 01:30:00 UTC 2018 /home/travis/build/icyphy/ptII/ptolemy/actor/lib/test/auto/Scale3.xml
----------------- Instantiating /home/travis/build/icyphy/ptII/ptolemy/actor/lib/test/auto/Scale3.xml
4 ms. Memory: 1612800K Free: 77800K (5%)
----------------- Invoking toplevel() on ptolemy.moml.MoMLSimpleApplication@1a010db9
----------------- Done invoking toplevel() on ptolemy.moml.MoMLSimpleApplication@1a010db9
reloadAllAccessors: .Scale3

===========================================================================================
----------------- testing Sat Jun 09 01:30:00 UTC 2018 /home/travis/build/icyphy/ptII/ptolemy/actor/lib/test/auto/ScaleArray.xml
----------------- Instantiating /home/travis/build/icyphy/ptII/ptolemy/actor/lib/test/auto/ScaleArray.xml
1 ms. Memory: 1781760K Free: 1716246K (96%)
----------------- Invoking toplevel() on ptolemy.moml.MoMLSimpleApplication@7a17c4c3
----------------- Done invoking toplevel() on ptolemy.moml.MoMLSimpleApplication@7a17c4c3
reloadAllAccessors: .ScaleArray

===========================================================================================
----------------- testing Sat Jun 09 01:30:00 UTC 2018 /home/travis/build/icyphy/ptII/ptolemy/actor/lib/test/auto/ScaleArray2.xml
----------------- Instantiating /home/travis/build/icyphy/ptII/ptolemy/actor/lib/test/auto/ScaleArray2.xml
1 ms. Memory: 1781760K Free: 1694019K (95%)
----------------- Invoking toplevel() on ptolemy.moml.MoMLSimpleApplication@1cd96ab9
----------------- Done invoking toplevel() on ptolemy.moml.MoMLSimpleApplication@1cd96ab9
reloadAllAccessors: .ScaleArray2

===========================================================================================
----------------- testing Sat Jun 09 01:30:00 UTC 2018 /home/travis/build/icyphy/ptII/ptolemy/actor/lib/test/auto/ScaleMatrix.xml
----------------- Instantiating /home/travis/build/icyphy/ptII/ptolemy/actor/lib/test/auto/ScaleMatrix.xml
95 ms. Memory: 1781760K Free: 1667440K (94%)
----------------- Invoking toplevel() on ptolemy.moml.MoMLSimpleApplication@431c2335
----------------- Done invoking toplevel() on ptolemy.moml.MoMLSimpleApplication@431c2335
reloadAllAccessors: .ScaleMatrix

===========================================================================================
----------------- testing Sat Jun 09 01:30:00 UTC 2018 /home/travis/build/icyphy/ptII/ptolemy/actor/lib/test/auto/Select.xml
----------------- Instantiating /home/travis/build/icyphy/ptII/ptolemy/actor/lib/test/auto/Select.xml
2 ms. Memory: 1781760K Free: 1640902K (92%)
----------------- Invoking toplevel() on ptolemy.moml.MoMLSimpleApplication@6d92e07f
----------------- Done invoking toplevel() on ptolemy.moml.MoMLSimpleApplication@6d92e07f
reloadAllAccessors: .Select

===========================================================================================
----------------- testing Sat Jun 09 01:30:01 UTC 2018 /home/travis/build/icyphy/ptII/ptolemy/actor/lib/test/auto/Select2.xml
----------------- Instantiating /home/travis/build/icyphy/ptII/ptolemy/actor/lib/test/auto/Select2.xml
1 ms. Memory: 1781760K Free: 1618674K (91%)
----------------- Invoking toplevel() on ptolemy.moml.MoMLSimpleApplication@fe146d7
----------------- Done invoking toplevel() on ptolemy.moml.MoMLSimpleApplication@fe146d7
reloadAllAccessors: .Select2

===========================================================================================
----------------- testing Sat Jun 09 01:30:01 UTC 2018 /home/travis/build/icyphy/ptII/ptolemy/actor/lib/test/auto/SequenceToArray2.xml
----------------- Instantiating /home/travis/build/icyphy/ptII/ptolemy/actor/lib/test/auto/SequenceToArray2.xml
56 ms. Memory: 1781760K Free: 1480990K (83%)
----------------- Invoking toplevel() on ptolemy.moml.MoMLSimpleApplication@2ffbf9b7
----------------- Done invoking toplevel() on ptolemy.moml.MoMLSimpleApplication@2ffbf9b7
reloadAllAccessors: .SequenceToArray2

===========================================================================================
----------------- testing Sat Jun 09 01:30:01 UTC 2018 /home/travis/build/icyphy/ptII/ptolemy/actor/lib/test/auto/SequentialClock.xml
----------------- Instantiating /home/travis/build/icyphy/ptII/ptolemy/actor/lib/test/auto/SequentialClock.xml
1 ms. Memory: 1781760K Free: 1458762K (82%)
----------------- Invoking toplevel() on ptolemy.moml.MoMLSimpleApplication@483050da
----------------- Done invoking toplevel() on ptolemy.moml.MoMLSimpleApplication@483050da
reloadAllAccessors: .SequentialClock

===========================================================================================
----------------- testing Sat Jun 09 01:30:01 UTC 2018 /home/travis/build/icyphy/ptII/ptolemy/actor/lib/test/auto/SetVariable.xml
----------------- Instantiating /home/travis/build/icyphy/ptII/ptolemy/actor/lib/test/auto/SetVariable.xml
2 ms. Memory: 1781760K Free: 1432224K (80%)
----------------- Invoking toplevel() on ptolemy.moml.MoMLSimpleApplication@2b14f466
----------------- Done invoking toplevel() on ptolemy.moml.MoMLSimpleApplication@2b14f466
reloadAllAccessors: .SetVariable

===========================================================================================
----------------- testing Sat Jun 09 01:30:01 UTC 2018 /home/travis/build/icyphy/ptII/ptolemy/actor/lib/test/auto/SetVariable2.xml
----------------- Instantiating /home/travis/build/icyphy/ptII/ptolemy/actor/lib/test/auto/SetVariable2.xml
2 ms. Memory: 1781760K Free: 1409997K (79%)
----------------- Invoking toplevel() on ptolemy.moml.MoMLSimpleApplication@73d615d
----------------- Done invoking toplevel() on ptolemy.moml.MoMLSimpleApplication@73d615d
reloadAllAccessors: .SetVariable2

===========================================================================================
----------------- testing Sat Jun 09 01:30:01 UTC 2018 /home/travis/build/icyphy/ptII/ptolemy/actor/lib/test/auto/SetVariable3.xml
----------------- Instantiating /home/travis/build/icyphy/ptII/ptolemy/actor/lib/test/auto/SetVariable3.xml
2 ms. Memory: 1781760K Free: 1383458K (78%)
----------------- Invoking toplevel() on ptolemy.moml.MoMLSimpleApplication@682e4c2
----------------- Done invoking toplevel() on ptolemy.moml.MoMLSimpleApplication@682e4c2
reloadAllAccessors: .SetVariable3

===========================================================================================
----------------- testing Sat Jun 09 01:30:01 UTC 2018 /home/travis/build/icyphy/ptII/ptolemy/actor/lib/test/auto/SetVariable4.xml
----------------- Instantiating /home/travis/build/icyphy/ptII/ptolemy/actor/lib/test/auto/SetVariable4.xml
15 ms. Memory: 1781760K Free: 1279124K (72%)
----------------- Invoking toplevel() on ptolemy.moml.MoMLSimpleApplication@175eaa47
----------------- Done invoking toplevel() on ptolemy.moml.MoMLSimpleApplication@175eaa47
reloadAllAccessors: .SetVariable4

===========================================================================================
----------------- testing Sat Jun 09 01:30:01 UTC 2018 /home/travis/build/icyphy/ptII/ptolemy/actor/lib/test/auto/SetVariable5.xml
----------------- Instantiating /home/travis/build/icyphy/ptII/ptolemy/actor/lib/test/auto/SetVariable5.xml
8 ms. Memory: 1781760K Free: 1256896K (71%)
----------------- Invoking toplevel() on ptolemy.moml.MoMLSimpleApplication@66391fbb
----------------- Done invoking toplevel() on ptolemy.moml.MoMLSimpleApplication@66391fbb
reloadAllAccessors: .SetVariable5

===========================================================================================
----------------- testing Sat Jun 09 01:30:01 UTC 2018 /home/travis/build/icyphy/ptII/ptolemy/actor/lib/test/auto/Sinewave.xml
----------------- Instantiating /home/travis/build/icyphy/ptII/ptolemy/actor/lib/test/auto/Sinewave.xml
6 ms. Memory: 1781760K Free: 1230358K (69%)
----------------- Invoking toplevel() on ptolemy.moml.MoMLSimpleApplication@21bc455a
----------------- Done invoking toplevel() on ptolemy.moml.MoMLSimpleApplication@21bc455a
reloadAllAccessors: .Sinewave

===========================================================================================
----------------- testing Sat Jun 09 01:30:01 UTC 2018 /home/travis/build/icyphy/ptII/ptolemy/actor/lib/test/auto/Sinewave2.xml
----------------- Instantiating /home/travis/build/icyphy/ptII/ptolemy/actor/lib/test/auto/Sinewave2.xml
9 ms. Memory: 1781760K Free: 1208130K (68%)
----------------- Invoking toplevel() on ptolemy.moml.MoMLSimpleApplication@17494e05
----------------- Done invoking toplevel() on ptolemy.moml.MoMLSimpleApplication@17494e05
reloadAllAccessors: .Sinewave2

===========================================================================================
----------------- testing Sat Jun 09 01:30:01 UTC 2018 /home/travis/build/icyphy/ptII/ptolemy/actor/lib/test/auto/Sinewave3.xml
----------------- Instantiating /home/travis/build/icyphy/ptII/ptolemy/actor/lib/test/auto/Sinewave3.xml
5 ms. Memory: 1781760K Free: 1181593K (66%)
----------------- Invoking toplevel() on ptolemy.moml.MoMLSimpleApplication@2f0167eb
----------------- Done invoking toplevel() on ptolemy.moml.MoMLSimpleApplication@2f0167eb
reloadAllAccessors: .Sinewave3

===========================================================================================
----------------- testing Sat Jun 09 01:30:01 UTC 2018 /home/travis/build/icyphy/ptII/ptolemy/actor/lib/test/auto/SingleEvent.xml
----------------- Instantiating /home/travis/build/icyphy/ptII/ptolemy/actor/lib/test/auto/SingleEvent.xml
1 ms. Memory: 1781760K Free: 1159365K (65%)
----------------- Invoking toplevel() on ptolemy.moml.MoMLSimpleApplication@a83d03e
----------------- Done invoking toplevel() on ptolemy.moml.MoMLSimpleApplication@a83d03e
reloadAllAccessors: .SingleEvent

===========================================================================================
----------------- testing Sat Jun 09 01:30:01 UTC 2018 /home/travis/build/icyphy/ptII/ptolemy/actor/lib/test/auto/Sleep.xml
----------------- Instantiating /home/travis/build/icyphy/ptII/ptolemy/actor/lib/test/auto/Sleep.xml
6003 ms. Memory: 1781760K Free: 1132827K (64%)
----------------- Invoking toplevel() on ptolemy.moml.MoMLSimpleApplication@5b528033
----------------- Done invoking toplevel() on ptolemy.moml.MoMLSimpleApplication@5b528033
reloadAllAccessors: .Sleep

===========================================================================================
----------------- testing Sat Jun 09 01:30:07 UTC 2018 /home/travis/build/icyphy/ptII/ptolemy/actor/lib/test/auto/SleepMultipleFire.xml
----------------- Instantiating /home/travis/build/icyphy/ptII/ptolemy/actor/lib/test/auto/SleepMultipleFire.xml
1005 ms. Memory: 1781760K Free: 1106289K (62%)
----------------- Invoking toplevel() on ptolemy.moml.MoMLSimpleApplication@12e28
----------------- Done invoking toplevel() on ptolemy.moml.MoMLSimpleApplication@12e28
reloadAllAccessors: .SleepMultipleFire

===========================================================================================
----------------- testing Sat Jun 09 01:30:08 UTC 2018 /home/travis/build/icyphy/ptII/ptolemy/actor/lib/test/auto/StopDE.xml
----------------- Instantiating /home/travis/build/icyphy/ptII/ptolemy/actor/lib/test/auto/StopDE.xml
3 ms. Memory: 1781760K Free: 1084061K (61%)
----------------- Invoking toplevel() on ptolemy.moml.MoMLSimpleApplication@7c5fa760
----------------- Done invoking toplevel() on ptolemy.moml.MoMLSimpleApplication@7c5fa760
reloadAllAccessors: .StopDE

===========================================================================================
----------------- testing Sat Jun 09 01:30:08 UTC 2018 /home/travis/build/icyphy/ptII/ptolemy/actor/lib/test/auto/StopSDF.xml
----------------- Instantiating /home/travis/build/icyphy/ptII/ptolemy/actor/lib/test/auto/StopSDF.xml
2 ms. Memory: 1781760K Free: 1057523K (59%)
----------------- Invoking toplevel() on ptolemy.moml.MoMLSimpleApplication@22ab8c6
----------------- Done invoking toplevel() on ptolemy.moml.MoMLSimpleApplication@22ab8c6
reloadAllAccessors: .StopSDF

===========================================================================================
----------------- testing Sat Jun 09 01:30:08 UTC 2018 /home/travis/build/icyphy/ptII/ptolemy/actor/lib/test/auto/StringConstant.xml
----------------- Instantiating /home/travis/build/icyphy/ptII/ptolemy/actor/lib/test/auto/StringConstant.xml
1 ms. Memory: 1781760K Free: 1035296K (58%)
----------------- Invoking toplevel() on ptolemy.moml.MoMLSimpleApplication@74c42bd2
----------------- Done invoking toplevel() on ptolemy.moml.MoMLSimpleApplication@74c42bd2
reloadAllAccessors: .StringConstant

===========================================================================================
----------------- testing Sat Jun 09 01:30:08 UTC 2018 /home/travis/build/icyphy/ptII/ptolemy/actor/lib/test/auto/SubscriberPortInitialValues1.xml
----------------- Instantiating /home/travis/build/icyphy/ptII/ptolemy/actor/lib/test/auto/SubscriberPortInitialValues1.xml
5 ms. Memory: 1781760K Free: 1008757K (57%)
----------------- Invoking toplevel() on ptolemy.moml.MoMLSimpleApplication@4f215a1c
----------------- Done invoking toplevel() on ptolemy.moml.MoMLSimpleApplication@4f215a1c
reloadAllAccessors: .SubscriberPortInitialValues1

===========================================================================================
----------------- testing Sat Jun 09 01:30:08 UTC 2018 /home/travis/build/icyphy/ptII/ptolemy/actor/lib/test/auto/SubscriberPortInitialValues13.xml
----------------- Instantiating /home/travis/build/icyphy/ptII/ptolemy/actor/lib/test/auto/SubscriberPortInitialValues13.xml
4 ms. Memory: 1781760K Free: 982219K (55%)
----------------- Invoking toplevel() on ptolemy.moml.MoMLSimpleApplication@72befe5
----------------- Done invoking toplevel() on ptolemy.moml.MoMLSimpleApplication@72befe5
reloadAllAccessors: .SubscriberPortInitialValues13

===========================================================================================
----------------- testing Sat Jun 09 01:30:08 UTC 2018 /home/travis/build/icyphy/ptII/ptolemy/actor/lib/test/auto/SubscriberPortInitialValues14.xml
----------------- Instantiating /home/travis/build/icyphy/ptII/ptolemy/actor/lib/test/auto/SubscriberPortInitialValues14.xml
3 ms. Memory: 1781760K Free: 959992K (54%)
----------------- Invoking toplevel() on ptolemy.moml.MoMLSimpleApplication@21e688fd
----------------- Done invoking toplevel() on ptolemy.moml.MoMLSimpleApplication@21e688fd
reloadAllAccessors: .SubscriberPortInitialValues14

===========================================================================================
----------------- testing Sat Jun 09 01:30:08 UTC 2018 /home/travis/build/icyphy/ptII/ptolemy/actor/lib/test/auto/SubscriberPortInitialValues2.xml
----------------- Instantiating /home/travis/build/icyphy/ptII/ptolemy/actor/lib/test/auto/SubscriberPortInitialValues2.xml
3 ms. Memory: 1781760K Free: 933454K (52%)
----------------- Invoking toplevel() on ptolemy.moml.MoMLSimpleApplication@7775cc22
----------------- Done invoking toplevel() on ptolemy.moml.MoMLSimpleApplication@7775cc22
reloadAllAccessors: .SubscriberPortInitialValues2

===========================================================================================
----------------- testing Sat Jun 09 01:30:08 UTC 2018 /home/travis/build/icyphy/ptII/ptolemy/actor/lib/test/auto/SubscriberPortInitialValues3.xml
----------------- Instantiating /home/travis/build/icyphy/ptII/ptolemy/actor/lib/test/auto/SubscriberPortInitialValues3.xml
3 ms. Memory: 1781760K Free: 911226K (51%)
----------------- Invoking toplevel() on ptolemy.moml.MoMLSimpleApplication@69d1bc33
----------------- Done invoking toplevel() on ptolemy.moml.MoMLSimpleApplication@69d1bc33
reloadAllAccessors: .SubscriberPortInitialValues3

===========================================================================================
----------------- testing Sat Jun 09 01:30:08 UTC 2018 /home/travis/build/icyphy/ptII/ptolemy/actor/lib/test/auto/SubscriptionAggregator.xml
----------------- Instantiating /home/travis/build/icyphy/ptII/ptolemy/actor/lib/test/auto/SubscriptionAggregator.xml
2 ms. Memory: 1781760K Free: 884688K (50%)
----------------- Invoking toplevel() on ptolemy.moml.MoMLSimpleApplication@1d107e5c
----------------- Done invoking toplevel() on ptolemy.moml.MoMLSimpleApplication@1d107e5c
reloadAllAccessors: .SubscriptionAggregator

===========================================================================================
----------------- testing Sat Jun 09 01:30:08 UTC 2018 /home/travis/build/icyphy/ptII/ptolemy/actor/lib/test/auto/SubscriptionAggregator2.xml
----------------- Instantiating /home/travis/build/icyphy/ptII/ptolemy/actor/lib/test/auto/SubscriptionAggregator2.xml
2 ms. Memory: 1781760K Free: 862460K (48%)
----------------- Invoking toplevel() on ptolemy.moml.MoMLSimpleApplication@6c70358c
----------------- Done invoking toplevel() on ptolemy.moml.MoMLSimpleApplication@6c70358c
reloadAllAccessors: .SubscriptionAggregator2

===========================================================================================
----------------- testing Sat Jun 09 01:30:08 UTC 2018 /home/travis/build/icyphy/ptII/ptolemy/actor/lib/test/auto/SubscriptionAggregator3.xml
----------------- Instantiating /home/travis/build/icyphy/ptII/ptolemy/actor/lib/test/auto/SubscriptionAggregator3.xml
2 ms. Memory: 1781760K Free: 835922K (47%)
----------------- Invoking toplevel() on ptolemy.moml.MoMLSimpleApplication@32cdc1d1
----------------- Done invoking toplevel() on ptolemy.moml.MoMLSimpleApplication@32cdc1d1
reloadAllAccessors: .SubscriptionAggregator3

===========================================================================================
----------------- testing Sat Jun 09 01:30:08 UTC 2018 /home/travis/build/icyphy/ptII/ptolemy/actor/lib/test/auto/SubscriptionAggregatorMultiply.xml
----------------- Instantiating /home/travis/build/icyphy/ptII/ptolemy/actor/lib/test/auto/SubscriptionAggregatorMultiply.xml
3 ms. Memory: 1781760K Free: 809384K (45%)
----------------- Invoking toplevel() on ptolemy.moml.MoMLSimpleApplication@6078992
----------------- Done invoking toplevel() on ptolemy.moml.MoMLSimpleApplication@6078992
reloadAllAccessors: .SubscriptionAggregatorMultiply

===========================================================================================
----------------- testing Sat Jun 09 01:30:08 UTC 2018 /home/travis/build/icyphy/ptII/ptolemy/actor/lib/test/auto/SubscriptionAggregatorPortMultiply1.xml
----------------- Instantiating /home/travis/build/icyphy/ptII/ptolemy/actor/lib/test/auto/SubscriptionAggregatorPortMultiply1.xml
3 ms. Memory: 1781760K Free: 787156K (44%)
----------------- Invoking toplevel() on ptolemy.moml.MoMLSimpleApplication@540b41a2
----------------- Done invoking toplevel() on ptolemy.moml.MoMLSimpleApplication@540b41a2
reloadAllAccessors: .SubscriptionAggregatorPortMultiply1

===========================================================================================
----------------- testing Sat Jun 09 01:30:08 UTC 2018 /home/travis/build/icyphy/ptII/ptolemy/actor/lib/test/auto/Switch.xml
----------------- Instantiating /home/travis/build/icyphy/ptII/ptolemy/actor/lib/test/auto/Switch.xml
3 ms. Memory: 1781760K Free: 693935K (39%)
----------------- Invoking toplevel() on ptolemy.moml.MoMLSimpleApplication@17599bd1
----------------- Done invoking toplevel() on ptolemy.moml.MoMLSimpleApplication@17599bd1
reloadAllAccessors: .Switch

===========================================================================================
----------------- testing Sat Jun 09 01:30:08 UTC 2018 /home/travis/build/icyphy/ptII/ptolemy/actor/lib/test/auto/Switch2.xml
----------------- Instantiating /home/travis/build/icyphy/ptII/ptolemy/actor/lib/test/auto/Switch2.xml
1 ms. Memory: 1781760K Free: 671708K (38%)
----------------- Invoking toplevel() on ptolemy.moml.MoMLSimpleApplication@7dbe9929
----------------- Done invoking toplevel() on ptolemy.moml.MoMLSimpleApplication@7dbe9929
reloadAllAccessors: .Switch2

===========================================================================================
----------------- testing Sat Jun 09 01:30:08 UTC 2018 /home/travis/build/icyphy/ptII/ptolemy/actor/lib/test/auto/SwitchDE.xml
----------------- Instantiating /home/travis/build/icyphy/ptII/ptolemy/actor/lib/test/auto/SwitchDE.xml
1 ms. Memory: 1781760K Free: 645170K (36%)
----------------- Invoking toplevel() on ptolemy.moml.MoMLSimpleApplication@59783d22
----------------- Done invoking toplevel() on ptolemy.moml.MoMLSimpleApplication@59783d22
reloadAllAccessors: .SwitchDE

===========================================================================================
----------------- testing Sat Jun 09 01:30:08 UTC 2018 /home/travis/build/icyphy/ptII/ptolemy/actor/lib/test/auto/SynchronizerDE.xml
----------------- Instantiating /home/travis/build/icyphy/ptII/ptolemy/actor/lib/test/auto/SynchronizerDE.xml
3 ms. Memory: 1781760K Free: 618632K (35%)
----------------- Invoking toplevel() on ptolemy.moml.MoMLSimpleApplication@7c7d6f7b
----------------- Done invoking toplevel() on ptolemy.moml.MoMLSimpleApplication@7c7d6f7b
reloadAllAccessors: .SynchronizerDE

===========================================================================================
----------------- testing Sat Jun 09 01:30:08 UTC 2018 /home/travis/build/icyphy/ptII/ptolemy/actor/lib/test/auto/Test.xml
----------------- Instantiating /home/travis/build/icyphy/ptII/ptolemy/actor/lib/test/auto/Test.xml
1 ms. Memory: 1781760K Free: 596404K (33%)
----------------- Invoking toplevel() on ptolemy.moml.MoMLSimpleApplication@41d29184
----------------- Done invoking toplevel() on ptolemy.moml.MoMLSimpleApplication@41d29184
reloadAllAccessors: .Test

===========================================================================================
----------------- testing Sat Jun 09 01:30:08 UTC 2018 /home/travis/build/icyphy/ptII/ptolemy/actor/lib/test/auto/TestExceptionAttribute1.xml
----------------- Instantiating /home/travis/build/icyphy/ptII/ptolemy/actor/lib/test/auto/TestExceptionAttribute1.xml
1 ms. Memory: 1781760K Free: 569866K (32%)
----------------- Invoking toplevel() on ptolemy.moml.MoMLSimpleApplication@4e09fc18
----------------- Done invoking toplevel() on ptolemy.moml.MoMLSimpleApplication@4e09fc18
reloadAllAccessors: .TestExceptionAttribute1

===========================================================================================
----------------- testing Sat Jun 09 01:30:08 UTC 2018 /home/travis/build/icyphy/ptII/ptolemy/actor/lib/test/auto/TestExceptionAttribute2.xml
----------------- Instantiating /home/travis/build/icyphy/ptII/ptolemy/actor/lib/test/auto/TestExceptionAttribute2.xml
1 ms. Memory: 1781760K Free: 547639K (31%)
----------------- Invoking toplevel() on ptolemy.moml.MoMLSimpleApplication@aaa72da
----------------- Done invoking toplevel() on ptolemy.moml.MoMLSimpleApplication@aaa72da
reloadAllAccessors: .TestExceptionAttribute2

===========================================================================================
----------------- testing Sat Jun 09 01:30:08 UTC 2018 /home/travis/build/icyphy/ptII/ptolemy/actor/lib/test/auto/TestExceptionAttribute3.xml
----------------- Instantiating /home/travis/build/icyphy/ptII/ptolemy/actor/lib/test/auto/TestExceptionAttribute3.xml
.TestExceptionAttribute3.TestExceptionAttribute: initialize() was not invoked, but wrapup() was.  This is unusual, but not always a problem.  For example, exporting JNLP will do this.
1 ms. Memory: 1781760K Free: 521101K (29%)
----------------- Invoking toplevel() on ptolemy.moml.MoMLSimpleApplication@5b9a735c
----------------- Done invoking toplevel() on ptolemy.moml.MoMLSimpleApplication@5b9a735c
reloadAllAccessors: .TestExceptionAttribute3

===========================================================================================
----------------- testing Sat Jun 09 01:30:08 UTC 2018 /home/travis/build/icyphy/ptII/ptolemy/actor/lib/test/auto/TestExceptionAttribute4.xml
----------------- Instantiating /home/travis/build/icyphy/ptII/ptolemy/actor/lib/test/auto/TestExceptionAttribute4.xml
.TestExceptionAttribute4.TestExceptionAttribute: initialize() was not invoked, but wrapup() was.  This is unusual, but not always a problem.  For example, exporting JNLP will do this.
.TestExceptionAttribute4.TestExceptionAttribute2: initialize() was not invoked, but wrapup() was.  This is unusual, but not always a problem.  For example, exporting JNLP will do this.
1 ms. Memory: 1781760K Free: 494563K (28%)
----------------- Invoking toplevel() on ptolemy.moml.MoMLSimpleApplication@2201176
----------------- Done invoking toplevel() on ptolemy.moml.MoMLSimpleApplication@2201176
reloadAllAccessors: .TestExceptionAttribute4

===========================================================================================
----------------- testing Sat Jun 09 01:30:08 UTC 2018 /home/travis/build/icyphy/ptII/ptolemy/actor/lib/test/auto/TestExceptionHandler1.xml
----------------- Instantiating /home/travis/build/icyphy/ptII/ptolemy/actor/lib/test/auto/TestExceptionHandler1.xml
0 ms. Memory: 1781760K Free: 472335K (27%)
----------------- Invoking toplevel() on ptolemy.moml.MoMLSimpleApplication@65378d6b
----------------- Done invoking toplevel() on ptolemy.moml.MoMLSimpleApplication@65378d6b
reloadAllAccessors: .TestExceptionHandler1

===========================================================================================
----------------- testing Sat Jun 09 01:30:08 UTC 2018 /home/travis/build/icyphy/ptII/ptolemy/actor/lib/test/auto/TestExceptionHandler2.xml
----------------- Instantiating /home/travis/build/icyphy/ptII/ptolemy/actor/lib/test/auto/TestExceptionHandler2.xml
1 ms. Memory: 1781760K Free: 445797K (25%)
----------------- Invoking toplevel() on ptolemy.moml.MoMLSimpleApplication@247ba5b0
----------------- Done invoking toplevel() on ptolemy.moml.MoMLSimpleApplication@247ba5b0
reloadAllAccessors: .TestExceptionHandler2

===========================================================================================
----------------- testing Sat Jun 09 01:30:08 UTC 2018 /home/travis/build/icyphy/ptII/ptolemy/actor/lib/test/auto/TestExceptionHandler3.xml
----------------- Instantiating /home/travis/build/icyphy/ptII/ptolemy/actor/lib/test/auto/TestExceptionHandler3.xml
1 ms. Memory: 1781760K Free: 423569K (24%)
----------------- Invoking toplevel() on ptolemy.moml.MoMLSimpleApplication@2d7c9f1
----------------- Done invoking toplevel() on ptolemy.moml.MoMLSimpleApplication@2d7c9f1
reloadAllAccessors: .TestExceptionHandler3

===========================================================================================
----------------- testing Sat Jun 09 01:30:08 UTC 2018 /home/travis/build/icyphy/ptII/ptolemy/actor/lib/test/auto/TestExceptionHandler4.xml
----------------- Instantiating /home/travis/build/icyphy/ptII/ptolemy/actor/lib/test/auto/TestExceptionHandler4.xml
1 ms. Memory: 1781760K Free: 397031K (22%)
----------------- Invoking toplevel() on ptolemy.moml.MoMLSimpleApplication@2c3bf1c5
----------------- Done invoking toplevel() on ptolemy.moml.MoMLSimpleApplication@2c3bf1c5
reloadAllAccessors: .TestExceptionHandler4

===========================================================================================
----------------- testing Sat Jun 09 01:30:08 UTC 2018 /home/travis/build/icyphy/ptII/ptolemy/actor/lib/test/auto/TestRequireCorrectOrder.xml
----------------- Instantiating /home/travis/build/icyphy/ptII/ptolemy/actor/lib/test/auto/TestRequireCorrectOrder.xml
2 ms. Memory: 1781760K Free: 374803K (21%)
----------------- Invoking toplevel() on ptolemy.moml.MoMLSimpleApplication@6b4e3784
----------------- Done invoking toplevel() on ptolemy.moml.MoMLSimpleApplication@6b4e3784
reloadAllAccessors: .TestRequireCorrectOrder

===========================================================================================
----------------- testing Sat Jun 09 01:30:08 UTC 2018 /home/travis/build/icyphy/ptII/ptolemy/actor/lib/test/auto/TestSimple.xml
----------------- Instantiating /home/travis/build/icyphy/ptII/ptolemy/actor/lib/test/auto/TestSimple.xml
1 ms. Memory: 1781760K Free: 348265K (20%)
----------------- Invoking toplevel() on ptolemy.moml.MoMLSimpleApplication@779cdf0e
----------------- Done invoking toplevel() on ptolemy.moml.MoMLSimpleApplication@779cdf0e
reloadAllAccessors: .TestSimple

===========================================================================================
----------------- testing Sat Jun 09 01:30:08 UTC 2018 /home/travis/build/icyphy/ptII/ptolemy/actor/lib/test/auto/ThrowModelError.xml
----------------- Instantiating /home/travis/build/icyphy/ptII/ptolemy/actor/lib/test/auto/ThrowModelError.xml
1 ms. Memory: 1781760K Free: 321727K (18%)
----------------- Invoking toplevel() on ptolemy.moml.MoMLSimpleApplication@e97b298
----------------- Done invoking toplevel() on ptolemy.moml.MoMLSimpleApplication@e97b298
reloadAllAccessors: .ThrowModelError

===========================================================================================
----------------- testing Sat Jun 09 01:30:08 UTC 2018 /home/travis/build/icyphy/ptII/ptolemy/actor/lib/test/auto/TimeDelayMicrosteps.xml
----------------- Instantiating /home/travis/build/icyphy/ptII/ptolemy/actor/lib/test/auto/TimeDelayMicrosteps.xml
2 ms. Memory: 1781760K Free: 299500K (17%)
----------------- Invoking toplevel() on ptolemy.moml.MoMLSimpleApplication@5ae5ced0
----------------- Done invoking toplevel() on ptolemy.moml.MoMLSimpleApplication@5ae5ced0
reloadAllAccessors: .TimeDelayMicrosteps

===========================================================================================
----------------- testing Sat Jun 09 01:30:08 UTC 2018 /home/travis/build/icyphy/ptII/ptolemy/actor/lib/test/auto/TimeDelayMicrosteps2.xml
----------------- Instantiating /home/travis/build/icyphy/ptII/ptolemy/actor/lib/test/auto/TimeDelayMicrosteps2.xml
2 ms. Memory: 1781760K Free: 272962K (15%)
----------------- Invoking toplevel() on ptolemy.moml.MoMLSimpleApplication@18914bff
----------------- Done invoking toplevel() on ptolemy.moml.MoMLSimpleApplication@18914bff
reloadAllAccessors: .TimeDelayMicrosteps2

===========================================================================================
----------------- testing Sat Jun 09 01:30:08 UTC 2018 /home/travis/build/icyphy/ptII/ptolemy/actor/lib/test/auto/TimeDelayMicrosteps3.xml
----------------- Instantiating /home/travis/build/icyphy/ptII/ptolemy/actor/lib/test/auto/TimeDelayMicrosteps3.xml
3 ms. Memory: 1781760K Free: 250734K (14%)
----------------- Invoking toplevel() on ptolemy.moml.MoMLSimpleApplication@17be3b54
----------------- Done invoking toplevel() on ptolemy.moml.MoMLSimpleApplication@17be3b54
reloadAllAccessors: .TimeDelayMicrosteps3

===========================================================================================
----------------- testing Sat Jun 09 01:30:08 UTC 2018 /home/travis/build/icyphy/ptII/ptolemy/actor/lib/test/auto/TimeDelayVariableMicrosteps.xml
----------------- Instantiating /home/travis/build/icyphy/ptII/ptolemy/actor/lib/test/auto/TimeDelayVariableMicrosteps.xml
3 ms. Memory: 1781760K Free: 224196K (13%)
----------------- Invoking toplevel() on ptolemy.moml.MoMLSimpleApplication@71360980
----------------- Done invoking toplevel() on ptolemy.moml.MoMLSimpleApplication@71360980
reloadAllAccessors: .TimeDelayVariableMicrosteps

===========================================================================================
----------------- testing Sat Jun 09 01:30:08 UTC 2018 /home/travis/build/icyphy/ptII/ptolemy/actor/lib/test/auto/TimeGap.xml
----------------- Instantiating /home/travis/build/icyphy/ptII/ptolemy/actor/lib/test/auto/TimeGap.xml
3 ms. Memory: 1781760K Free: 197658K (11%)
----------------- Invoking toplevel() on ptolemy.moml.MoMLSimpleApplication@2a95de01
----------------- Done invoking toplevel() on ptolemy.moml.MoMLSimpleApplication@2a95de01
reloadAllAccessors: .TimeGap

===========================================================================================
----------------- testing Sat Jun 09 01:30:08 UTC 2018 /home/travis/build/icyphy/ptII/ptolemy/actor/lib/test/auto/TimeGap2.xml
----------------- Instantiating /home/travis/build/icyphy/ptII/ptolemy/actor/lib/test/auto/TimeGap2.xml
2 ms. Memory: 1781760K Free: 175430K (10%)
----------------- Invoking toplevel() on ptolemy.moml.MoMLSimpleApplication@47aca4f6
----------------- Done invoking toplevel() on ptolemy.moml.MoMLSimpleApplication@47aca4f6
reloadAllAccessors: .TimeGap2

===========================================================================================
----------------- testing Sat Jun 09 01:30:08 UTC 2018 /home/travis/build/icyphy/ptII/ptolemy/actor/lib/test/auto/TimedSinewave.xml
----------------- Instantiating /home/travis/build/icyphy/ptII/ptolemy/actor/lib/test/auto/TimedSinewave.xml
13 ms. Memory: 1781760K Free: 137762K (8%)
----------------- Invoking toplevel() on ptolemy.moml.MoMLSimpleApplication@12444aac
----------------- Done invoking toplevel() on ptolemy.moml.MoMLSimpleApplication@12444aac
reloadAllAccessors: .TimedSinewave

===========================================================================================
----------------- testing Sat Jun 09 01:30:08 UTC 2018 /home/travis/build/icyphy/ptII/ptolemy/actor/lib/test/auto/TimedSinewavePhase.xml
----------------- Instantiating /home/travis/build/icyphy/ptII/ptolemy/actor/lib/test/auto/TimedSinewavePhase.xml
8 ms. Memory: 1781760K Free: 115535K (6%)
----------------- Invoking toplevel() on ptolemy.moml.MoMLSimpleApplication@4fb2cfaa
----------------- Done invoking toplevel() on ptolemy.moml.MoMLSimpleApplication@4fb2cfaa
reloadAllAccessors: .TimedSinewavePhase

===========================================================================================
----------------- testing Sat Jun 09 01:30:08 UTC 2018 /home/travis/build/icyphy/ptII/ptolemy/actor/lib/test/auto/Timer.xml
----------------- Instantiating /home/travis/build/icyphy/ptII/ptolemy/actor/lib/test/auto/Timer.xml
3 ms. Memory: 1781760K Free: 88997K (5%)
----------------- Invoking toplevel() on ptolemy.moml.MoMLSimpleApplication@6a5c4b17
----------------- Done invoking toplevel() on ptolemy.moml.MoMLSimpleApplication@6a5c4b17
reloadAllAccessors: .Timer

===========================================================================================
----------------- testing Sat Jun 09 01:30:09 UTC 2018 /home/travis/build/icyphy/ptII/ptolemy/actor/lib/test/auto/TriangularDistTestModel.xml
----------------- Instantiating /home/travis/build/icyphy/ptII/ptolemy/actor/lib/test/auto/TriangularDistTestModel.xml
10 ms. Memory: 1782784K Free: 1731536K (97%)
----------------- Invoking toplevel() on ptolemy.moml.MoMLSimpleApplication@179a4026
----------------- Done invoking toplevel() on ptolemy.moml.MoMLSimpleApplication@179a4026
reloadAllAccessors: .TriangularDistTestModel

===========================================================================================
----------------- testing Sat Jun 09 01:30:09 UTC 2018 /home/travis/build/icyphy/ptII/ptolemy/actor/lib/test/auto/TrigFunction.xml
----------------- Instantiating /home/travis/build/icyphy/ptII/ptolemy/actor/lib/test/auto/TrigFunction.xml
1 ms. Memory: 1782784K Free: 1699954K (95%)
----------------- Invoking toplevel() on ptolemy.moml.MoMLSimpleApplication@39784e6b
----------------- Done invoking toplevel() on ptolemy.moml.MoMLSimpleApplication@39784e6b
reloadAllAccessors: .TrigFunction

===========================================================================================
----------------- testing Sat Jun 09 01:30:09 UTC 2018 /home/travis/build/icyphy/ptII/ptolemy/actor/lib/test/auto/TrigFunctionDE.xml
----------------- Instantiating /home/travis/build/icyphy/ptII/ptolemy/actor/lib/test/auto/TrigFunctionDE.xml
2 ms. Memory: 1782784K Free: 1673929K (94%)
----------------- Invoking toplevel() on ptolemy.moml.MoMLSimpleApplication@6554e3e9
----------------- Done invoking toplevel() on ptolemy.moml.MoMLSimpleApplication@6554e3e9
reloadAllAccessors: .TrigFunctionDE

===========================================================================================
----------------- testing Sat Jun 09 01:30:09 UTC 2018 /home/travis/build/icyphy/ptII/ptolemy/actor/lib/test/auto/TrigFunctionInverse.xml
----------------- Instantiating /home/travis/build/icyphy/ptII/ptolemy/actor/lib/test/auto/TrigFunctionInverse.xml
1 ms. Memory: 1782784K Free: 1647904K (92%)
----------------- Invoking toplevel() on ptolemy.moml.MoMLSimpleApplication@6c167886
----------------- Done invoking toplevel() on ptolemy.moml.MoMLSimpleApplication@6c167886
reloadAllAccessors: .TrigFunctionInverse

===========================================================================================
----------------- testing Sat Jun 09 01:30:09 UTC 2018 /home/travis/build/icyphy/ptII/ptolemy/actor/lib/test/auto/TrigFunctionTan.xml
----------------- Instantiating /home/travis/build/icyphy/ptII/ptolemy/actor/lib/test/auto/TrigFunctionTan.xml
1 ms. Memory: 1782784K Free: 1625676K (91%)
----------------- Invoking toplevel() on ptolemy.moml.MoMLSimpleApplication@30ef1fe1
----------------- Done invoking toplevel() on ptolemy.moml.MoMLSimpleApplication@30ef1fe1
reloadAllAccessors: .TrigFunctionTan

===========================================================================================
----------------- testing Sat Jun 09 01:30:09 UTC 2018 /home/travis/build/icyphy/ptII/ptolemy/actor/lib/test/auto/TriggeredClock.xml
----------------- Instantiating /home/travis/build/icyphy/ptII/ptolemy/actor/lib/test/auto/TriggeredClock.xml
1 ms. Memory: 1782784K Free: 1599651K (90%)
----------------- Invoking toplevel() on ptolemy.moml.MoMLSimpleApplication@f3f5af9
----------------- Done invoking toplevel() on ptolemy.moml.MoMLSimpleApplication@f3f5af9
reloadAllAccessors: .TriggeredClock

===========================================================================================
----------------- testing Sat Jun 09 01:30:09 UTC 2018 /home/travis/build/icyphy/ptII/ptolemy/actor/lib/test/auto/URLDirectoryReader.xml
----------------- Instantiating /home/travis/build/icyphy/ptII/ptolemy/actor/lib/test/auto/URLDirectoryReader.xml
28 ms. Memory: 1782784K Free: 1573600K (88%)
----------------- Invoking toplevel() on ptolemy.moml.MoMLSimpleApplication@756bffd3
----------------- Done invoking toplevel() on ptolemy.moml.MoMLSimpleApplication@756bffd3
reloadAllAccessors: .URLDirectoryReader

===========================================================================================
----------------- testing Sat Jun 09 01:30:09 UTC 2018 /home/travis/build/icyphy/ptII/ptolemy/actor/lib/test/auto/URLDirectoryReader3.xml
----------------- Instantiating /home/travis/build/icyphy/ptII/ptolemy/actor/lib/test/auto/URLDirectoryReader3.xml
1186 ms. Memory: 1782784K Free: 1506917K (85%)
----------------- Invoking toplevel() on ptolemy.moml.MoMLSimpleApplication@30575862
----------------- Done invoking toplevel() on ptolemy.moml.MoMLSimpleApplication@30575862
reloadAllAccessors: .URLDirectoryReader3

===========================================================================================
----------------- testing Sat Jun 09 01:30:10 UTC 2018 /home/travis/build/icyphy/ptII/ptolemy/actor/lib/test/auto/UnaryMathFunction.xml
----------------- Instantiating /home/travis/build/icyphy/ptII/ptolemy/actor/lib/test/auto/UnaryMathFunction.xml
3 ms. Memory: 1782784K Free: 1480892K (83%)
----------------- Invoking toplevel() on ptolemy.moml.MoMLSimpleApplication@455ed2cf
----------------- Done invoking toplevel() on ptolemy.moml.MoMLSimpleApplication@455ed2cf
reloadAllAccessors: .UnaryMathFunction

===========================================================================================
----------------- testing Sat Jun 09 01:30:10 UTC 2018 /home/travis/build/icyphy/ptII/ptolemy/actor/lib/test/auto/Uniform.xml
----------------- Instantiating /home/travis/build/icyphy/ptII/ptolemy/actor/lib/test/auto/Uniform.xml
11 ms. Memory: 1782784K Free: 1454867K (82%)
----------------- Invoking toplevel() on ptolemy.moml.MoMLSimpleApplication@5ccff37b
----------------- Done invoking toplevel() on ptolemy.moml.MoMLSimpleApplication@5ccff37b
reloadAllAccessors: .Uniform

===========================================================================================
----------------- testing Sat Jun 09 01:30:10 UTC 2018 /home/travis/build/icyphy/ptII/ptolemy/actor/lib/test/auto/UnionDisassemblerTest.xml
----------------- Instantiating /home/travis/build/icyphy/ptII/ptolemy/actor/lib/test/auto/UnionDisassemblerTest.xml
10 ms. Memory: 1782784K Free: 1432639K (80%)
----------------- Invoking toplevel() on ptolemy.moml.MoMLSimpleApplication@1e47691a
----------------- Done invoking toplevel() on ptolemy.moml.MoMLSimpleApplication@1e47691a
reloadAllAccessors: .UnionDisassemblerTest

===========================================================================================
----------------- testing Sat Jun 09 01:30:10 UTC 2018 /home/travis/build/icyphy/ptII/ptolemy/actor/lib/test/auto/UtilityFunctions.xml
----------------- Instantiating /home/travis/build/icyphy/ptII/ptolemy/actor/lib/test/auto/UtilityFunctions.xml
5 ms. Memory: 1782784K Free: 1406614K (79%)
----------------- Invoking toplevel() on ptolemy.moml.MoMLSimpleApplication@7113ced7
----------------- Done invoking toplevel() on ptolemy.moml.MoMLSimpleApplication@7113ced7
reloadAllAccessors: .UtilityFunctions

===========================================================================================
----------------- testing Sat Jun 09 01:30:10 UTC 2018 /home/travis/build/icyphy/ptII/ptolemy/actor/lib/test/auto/VariableSleep.xml
----------------- Instantiating /home/travis/build/icyphy/ptII/ptolemy/actor/lib/test/auto/VariableSleep.xml
511 ms. Memory: 1782784K Free: 1380589K (77%)
----------------- Invoking toplevel() on ptolemy.moml.MoMLSimpleApplication@168e4f09
----------------- Done invoking toplevel() on ptolemy.moml.MoMLSimpleApplication@168e4f09
reloadAllAccessors: .VariableSleep

===========================================================================================
----------------- testing Sat Jun 09 01:30:11 UTC 2018 /home/travis/build/icyphy/ptII/ptolemy/actor/lib/test/auto/VectorAssemblerDisassemblerCT.xml
----------------- Instantiating /home/travis/build/icyphy/ptII/ptolemy/actor/lib/test/auto/VectorAssemblerDisassemblerCT.xml
68 ms. Memory: 1782784K Free: 1347231K (76%)
----------------- Invoking toplevel() on ptolemy.moml.MoMLSimpleApplication@3336c228
----------------- Done invoking toplevel() on ptolemy.moml.MoMLSimpleApplication@3336c228
reloadAllAccessors: .VectorAssemblerDisassemblerCT

===========================================================================================
----------------- testing Sat Jun 09 01:30:11 UTC 2018 /home/travis/build/icyphy/ptII/ptolemy/actor/lib/test/auto/VectorAssemblerDisassemblerDE.xml
----------------- Instantiating /home/travis/build/icyphy/ptII/ptolemy/actor/lib/test/auto/VectorAssemblerDisassemblerDE.xml
3 ms. Memory: 1782784K Free: 1321206K (74%)
----------------- Invoking toplevel() on ptolemy.moml.MoMLSimpleApplication@76638040
----------------- Done invoking toplevel() on ptolemy.moml.MoMLSimpleApplication@76638040
reloadAllAccessors: .VectorAssemblerDisassemblerDE

===========================================================================================
----------------- testing Sat Jun 09 01:30:11 UTC 2018 /home/travis/build/icyphy/ptII/ptolemy/actor/lib/test/auto/VectorAssemblerDisassemblerSDF.xml
----------------- Instantiating /home/travis/build/icyphy/ptII/ptolemy/actor/lib/test/auto/VectorAssemblerDisassemblerSDF.xml
2 ms. Memory: 1782784K Free: 1295181K (73%)
----------------- Invoking toplevel() on ptolemy.moml.MoMLSimpleApplication@6918dd3b
----------------- Done invoking toplevel() on ptolemy.moml.MoMLSimpleApplication@6918dd3b
reloadAllAccessors: .VectorAssemblerDisassemblerSDF

===========================================================================================
----------------- testing Sat Jun 09 01:30:11 UTC 2018 /home/travis/build/icyphy/ptII/ptolemy/actor/lib/test/auto/WallClockTime.xml
----------------- Instantiating /home/travis/build/icyphy/ptII/ptolemy/actor/lib/test/auto/WallClockTime.xml
1004 ms. Memory: 1782784K Free: 1272953K (71%)
----------------- Invoking toplevel() on ptolemy.moml.MoMLSimpleApplication@11f3f0de
----------------- Done invoking toplevel() on ptolemy.moml.MoMLSimpleApplication@11f3f0de
reloadAllAccessors: .WallClockTime

===========================================================================================
----------------- testing Sat Jun 09 01:30:12 UTC 2018 /home/travis/build/icyphy/ptII/ptolemy/actor/lib/test/auto/WidthTestWithSubscriberPublisher.xml
----------------- Instantiating /home/travis/build/icyphy/ptII/ptolemy/actor/lib/test/auto/WidthTestWithSubscriberPublisher.xml
6 ms. Memory: 1782784K Free: 1235798K (69%)
----------------- Invoking toplevel() on ptolemy.moml.MoMLSimpleApplication@5a825b8b
----------------- Done invoking toplevel() on ptolemy.moml.MoMLSimpleApplication@5a825b8b
reloadAllAccessors: .WidthTestWithSubscriberPublisher

===========================================================================================
----------------- testing Sat Jun 09 01:30:12 UTC 2018 /home/travis/build/icyphy/ptII/ptolemy/actor/lib/test/auto/WidthTestWithSubscriberPublisher2.xml
----------------- Instantiating /home/travis/build/icyphy/ptII/ptolemy/actor/lib/test/auto/WidthTestWithSubscriberPublisher2.xml
3 ms. Memory: 1782784K Free: 1209773K (68%)
----------------- Invoking toplevel() on ptolemy.moml.MoMLSimpleApplication@2d8912a4
----------------- Done invoking toplevel() on ptolemy.moml.MoMLSimpleApplication@2d8912a4
reloadAllAccessors: .WidthTestWithSubscriberPublisher2

===========================================================================================
----------------- testing Sat Jun 09 01:30:12 UTC 2018 /home/travis/build/icyphy/ptII/ptolemy/actor/lib/test/auto/WidthTestWithSubscriberPublisher3.xml
----------------- Instantiating /home/travis/build/icyphy/ptII/ptolemy/actor/lib/test/auto/WidthTestWithSubscriberPublisher3.xml
2 ms. Memory: 1782784K Free: 1187546K (67%)
----------------- Invoking toplevel() on ptolemy.moml.MoMLSimpleApplication@3036f93a
----------------- Done invoking toplevel() on ptolemy.moml.MoMLSimpleApplication@3036f93a
reloadAllAccessors: .WidthTestWithSubscriberPublisher3

===========================================================================================
----------------- testing Sat Jun 09 01:30:12 UTC 2018 /home/travis/build/icyphy/ptII/ptolemy/actor/lib/test/auto/Writer.xml
----------------- Instantiating /home/travis/build/icyphy/ptII/ptolemy/actor/lib/test/auto/Writer.xml
0
1
2
3
4
1 ms. Memory: 1782784K Free: 1161521K (65%)
----------------- Invoking toplevel() on ptolemy.moml.MoMLSimpleApplication@5226249c
----------------- Done invoking toplevel() on ptolemy.moml.MoMLSimpleApplication@5226249c
reloadAllAccessors: .Writer

===========================================================================================
----------------- testing Sat Jun 09 01:30:12 UTC 2018 /home/travis/build/icyphy/ptII/ptolemy/actor/lib/test/auto/array.xml
----------------- Instantiating /home/travis/build/icyphy/ptII/ptolemy/actor/lib/test/auto/array.xml
6 ms. Memory: 1782784K Free: 1135496K (64%)
----------------- Invoking toplevel() on ptolemy.moml.MoMLSimpleApplication@1e14bf5
----------------- Done invoking toplevel() on ptolemy.moml.MoMLSimpleApplication@1e14bf5
reloadAllAccessors: .array

===========================================================================================
----------------- testing Sat Jun 09 01:30:12 UTC 2018 /home/travis/build/icyphy/ptII/ptolemy/actor/lib/test/auto/array2.xml
----------------- Instantiating /home/travis/build/icyphy/ptII/ptolemy/actor/lib/test/auto/array2.xml
14 ms. Memory: 1782784K Free: 1113268K (62%)
----------------- Invoking toplevel() on ptolemy.moml.MoMLSimpleApplication@771d77e2
----------------- Done invoking toplevel() on ptolemy.moml.MoMLSimpleApplication@771d77e2
reloadAllAccessors: .array2

===========================================================================================
----------------- testing Sat Jun 09 01:30:12 UTC 2018 /home/travis/build/icyphy/ptII/ptolemy/actor/lib/test/auto/arrayType.xml
----------------- Instantiating /home/travis/build/icyphy/ptII/ptolemy/actor/lib/test/auto/arrayType.xml
1 ms. Memory: 1782784K Free: 1087243K (61%)
----------------- Invoking toplevel() on ptolemy.moml.MoMLSimpleApplication@69732f6c
----------------- Done invoking toplevel() on ptolemy.moml.MoMLSimpleApplication@69732f6c
reloadAllAccessors: .arrayType

===========================================================================================
----------------- testing Sat Jun 09 01:30:12 UTC 2018 /home/travis/build/icyphy/ptII/ptolemy/actor/lib/test/auto/arrayType10.xml
----------------- Instantiating /home/travis/build/icyphy/ptII/ptolemy/actor/lib/test/auto/arrayType10.xml
1 ms. Memory: 1782784K Free: 1061218K (60%)
----------------- Invoking toplevel() on ptolemy.moml.MoMLSimpleApplication@37332c3
----------------- Done invoking toplevel() on ptolemy.moml.MoMLSimpleApplication@37332c3
reloadAllAccessors: .arrayType10

===========================================================================================
----------------- testing Sat Jun 09 01:30:12 UTC 2018 /home/travis/build/icyphy/ptII/ptolemy/actor/lib/test/auto/arrayType11.xml
----------------- Instantiating /home/travis/build/icyphy/ptII/ptolemy/actor/lib/test/auto/arrayType11.xml
2 ms. Memory: 1782784K Free: 1038990K (58%)
----------------- Invoking toplevel() on ptolemy.moml.MoMLSimpleApplication@6dea30aa
----------------- Done invoking toplevel() on ptolemy.moml.MoMLSimpleApplication@6dea30aa
reloadAllAccessors: .arrayType11

===========================================================================================
----------------- testing Sat Jun 09 01:30:12 UTC 2018 /home/travis/build/icyphy/ptII/ptolemy/actor/lib/test/auto/arrayType12.xml
----------------- Instantiating /home/travis/build/icyphy/ptII/ptolemy/actor/lib/test/auto/arrayType12.xml
1 ms. Memory: 1782784K Free: 1012965K (57%)
----------------- Invoking toplevel() on ptolemy.moml.MoMLSimpleApplication@3d131307
----------------- Done invoking toplevel() on ptolemy.moml.MoMLSimpleApplication@3d131307
reloadAllAccessors: .arrayType12

===========================================================================================
----------------- testing Sat Jun 09 01:30:12 UTC 2018 /home/travis/build/icyphy/ptII/ptolemy/actor/lib/test/auto/arrayType13.xml
----------------- Instantiating /home/travis/build/icyphy/ptII/ptolemy/actor/lib/test/auto/arrayType13.xml
1 ms. Memory: 1782784K Free: 986940K (55%)
----------------- Invoking toplevel() on ptolemy.moml.MoMLSimpleApplication@6481082
----------------- Done invoking toplevel() on ptolemy.moml.MoMLSimpleApplication@6481082
reloadAllAccessors: .arrayType13

===========================================================================================
----------------- testing Sat Jun 09 01:30:12 UTC 2018 /home/travis/build/icyphy/ptII/ptolemy/actor/lib/test/auto/arrayType14.xml
----------------- Instantiating /home/travis/build/icyphy/ptII/ptolemy/actor/lib/test/auto/arrayType14.xml
3 ms. Memory: 1782784K Free: 964712K (54%)
----------------- Invoking toplevel() on ptolemy.moml.MoMLSimpleApplication@5598b10c
----------------- Done invoking toplevel() on ptolemy.moml.MoMLSimpleApplication@5598b10c
reloadAllAccessors: .arrayType14

===========================================================================================
----------------- testing Sat Jun 09 01:30:12 UTC 2018 /home/travis/build/icyphy/ptII/ptolemy/actor/lib/test/auto/arrayType15.xml
----------------- Instantiating /home/travis/build/icyphy/ptII/ptolemy/actor/lib/test/auto/arrayType15.xml
2 ms. Memory: 1782784K Free: 938687K (53%)
----------------- Invoking toplevel() on ptolemy.moml.MoMLSimpleApplication@700da3b8
----------------- Done invoking toplevel() on ptolemy.moml.MoMLSimpleApplication@700da3b8
reloadAllAccessors: .arrayType15

===========================================================================================
----------------- testing Sat Jun 09 01:30:12 UTC 2018 /home/travis/build/icyphy/ptII/ptolemy/actor/lib/test/auto/arrayType16.xml
----------------- Instantiating /home/travis/build/icyphy/ptII/ptolemy/actor/lib/test/auto/arrayType16.xml
1 ms. Memory: 1782784K Free: 912662K (51%)
----------------- Invoking toplevel() on ptolemy.moml.MoMLSimpleApplication@6ed53689
----------------- Done invoking toplevel() on ptolemy.moml.MoMLSimpleApplication@6ed53689
reloadAllAccessors: .arrayType16

===========================================================================================
----------------- testing Sat Jun 09 01:30:12 UTC 2018 /home/travis/build/icyphy/ptII/ptolemy/actor/lib/test/auto/arrayType17.xml
----------------- Instantiating /home/travis/build/icyphy/ptII/ptolemy/actor/lib/test/auto/arrayType17.xml
1 ms. Memory: 1782784K Free: 890434K (50%)
----------------- Invoking toplevel() on ptolemy.moml.MoMLSimpleApplication@76d6446
----------------- Done invoking toplevel() on ptolemy.moml.MoMLSimpleApplication@76d6446
reloadAllAccessors: .arrayType17

===========================================================================================
----------------- testing Sat Jun 09 01:30:12 UTC 2018 /home/travis/build/icyphy/ptII/ptolemy/actor/lib/test/auto/arrayType18.xml
----------------- Instantiating /home/travis/build/icyphy/ptII/ptolemy/actor/lib/test/auto/arrayType18.xml
1 ms. Memory: 1782784K Free: 864409K (48%)
----------------- Invoking toplevel() on ptolemy.moml.MoMLSimpleApplication@77f3fef0
----------------- Done invoking toplevel() on ptolemy.moml.MoMLSimpleApplication@77f3fef0
reloadAllAccessors: .arrayType18

===========================================================================================
----------------- testing Sat Jun 09 01:30:12 UTC 2018 /home/travis/build/icyphy/ptII/ptolemy/actor/lib/test/auto/arrayType19.xml
----------------- Instantiating /home/travis/build/icyphy/ptII/ptolemy/actor/lib/test/auto/arrayType19.xml
1 ms. Memory: 1782784K Free: 838384K (47%)
----------------- Invoking toplevel() on ptolemy.moml.MoMLSimpleApplication@47cc4dce
----------------- Done invoking toplevel() on ptolemy.moml.MoMLSimpleApplication@47cc4dce
reloadAllAccessors: .arrayType19

===========================================================================================
----------------- testing Sat Jun 09 01:30:12 UTC 2018 /home/travis/build/icyphy/ptII/ptolemy/actor/lib/test/auto/arrayType2.xml
----------------- Instantiating /home/travis/build/icyphy/ptII/ptolemy/actor/lib/test/auto/arrayType2.xml
1 ms. Memory: 1782784K Free: 816156K (46%)
----------------- Invoking toplevel() on ptolemy.moml.MoMLSimpleApplication@3da5ffc9
----------------- Done invoking toplevel() on ptolemy.moml.MoMLSimpleApplication@3da5ffc9
reloadAllAccessors: .arrayType2

===========================================================================================
----------------- testing Sat Jun 09 01:30:12 UTC 2018 /home/travis/build/icyphy/ptII/ptolemy/actor/lib/test/auto/arrayType20.xml
----------------- Instantiating /home/travis/build/icyphy/ptII/ptolemy/actor/lib/test/auto/arrayType20.xml
1 ms. Memory: 1782784K Free: 790131K (44%)
----------------- Invoking toplevel() on ptolemy.moml.MoMLSimpleApplication@a1722e8
----------------- Done invoking toplevel() on ptolemy.moml.MoMLSimpleApplication@a1722e8
reloadAllAccessors: .arrayType20

===========================================================================================
----------------- testing Sat Jun 09 01:30:12 UTC 2018 /home/travis/build/icyphy/ptII/ptolemy/actor/lib/test/auto/arrayType21.xml
----------------- Instantiating /home/travis/build/icyphy/ptII/ptolemy/actor/lib/test/auto/arrayType21.xml
1 ms. Memory: 1782784K Free: 764106K (43%)
----------------- Invoking toplevel() on ptolemy.moml.MoMLSimpleApplication@3a21f69e
----------------- Done invoking toplevel() on ptolemy.moml.MoMLSimpleApplication@3a21f69e
reloadAllAccessors: .arrayType21

===========================================================================================
----------------- testing Sat Jun 09 01:30:12 UTC 2018 /home/travis/build/icyphy/ptII/ptolemy/actor/lib/test/auto/arrayType22.xml
----------------- Instantiating /home/travis/build/icyphy/ptII/ptolemy/actor/lib/test/auto/arrayType22.xml
3 ms. Memory: 1782784K Free: 741878K (42%)
----------------- Invoking toplevel() on ptolemy.moml.MoMLSimpleApplication@7942a1ab
----------------- Done invoking toplevel() on ptolemy.moml.MoMLSimpleApplication@7942a1ab
reloadAllAccessors: .arrayType22

===========================================================================================
----------------- testing Sat Jun 09 01:30:12 UTC 2018 /home/travis/build/icyphy/ptII/ptolemy/actor/lib/test/auto/arrayType23.xml
----------------- Instantiating /home/travis/build/icyphy/ptII/ptolemy/actor/lib/test/auto/arrayType23.xml
2 ms. Memory: 1782784K Free: 715853K (40%)
----------------- Invoking toplevel() on ptolemy.moml.MoMLSimpleApplication@1b06dbb2
----------------- Done invoking toplevel() on ptolemy.moml.MoMLSimpleApplication@1b06dbb2
reloadAllAccessors: .arrayType23

===========================================================================================
----------------- testing Sat Jun 09 01:30:12 UTC 2018 /home/travis/build/icyphy/ptII/ptolemy/actor/lib/test/auto/arrayType24.xml
----------------- Instantiating /home/travis/build/icyphy/ptII/ptolemy/actor/lib/test/auto/arrayType24.xml
1 ms. Memory: 1782784K Free: 689828K (39%)
----------------- Invoking toplevel() on ptolemy.moml.MoMLSimpleApplication@47feedf3
----------------- Done invoking toplevel() on ptolemy.moml.MoMLSimpleApplication@47feedf3
reloadAllAccessors: .arrayType24

===========================================================================================
----------------- testing Sat Jun 09 01:30:12 UTC 2018 /home/travis/build/icyphy/ptII/ptolemy/actor/lib/test/auto/arrayType25.xml
----------------- Instantiating /home/travis/build/icyphy/ptII/ptolemy/actor/lib/test/auto/arrayType25.xml
1 ms. Memory: 1782784K Free: 663803K (37%)
----------------- Invoking toplevel() on ptolemy.moml.MoMLSimpleApplication@7784a4af
----------------- Done invoking toplevel() on ptolemy.moml.MoMLSimpleApplication@7784a4af
reloadAllAccessors: .arrayType25

===========================================================================================
----------------- testing Sat Jun 09 01:30:12 UTC 2018 /home/travis/build/icyphy/ptII/ptolemy/actor/lib/test/auto/arrayType26.xml
----------------- Instantiating /home/travis/build/icyphy/ptII/ptolemy/actor/lib/test/auto/arrayType26.xml
2 ms. Memory: 1782784K Free: 641575K (36%)
----------------- Invoking toplevel() on ptolemy.moml.MoMLSimpleApplication@5bdc2641
----------------- Done invoking toplevel() on ptolemy.moml.MoMLSimpleApplication@5bdc2641
reloadAllAccessors: .arrayType26

===========================================================================================
----------------- testing Sat Jun 09 01:30:12 UTC 2018 /home/travis/build/icyphy/ptII/ptolemy/actor/lib/test/auto/arrayType27.xml
----------------- Instantiating /home/travis/build/icyphy/ptII/ptolemy/actor/lib/test/auto/arrayType27.xml
2 ms. Memory: 1782784K Free: 615550K (35%)
----------------- Invoking toplevel() on ptolemy.moml.MoMLSimpleApplication@51f221e0
----------------- Done invoking toplevel() on ptolemy.moml.MoMLSimpleApplication@51f221e0
reloadAllAccessors: .arrayType27

===========================================================================================
----------------- testing Sat Jun 09 01:30:12 UTC 2018 /home/travis/build/icyphy/ptII/ptolemy/actor/lib/test/auto/arrayType28.xml
----------------- Instantiating /home/travis/build/icyphy/ptII/ptolemy/actor/lib/test/auto/arrayType28.xml
1 ms. Memory: 1782784K Free: 589524K (33%)
----------------- Invoking toplevel() on ptolemy.moml.MoMLSimpleApplication@1095ae81
----------------- Done invoking toplevel() on ptolemy.moml.MoMLSimpleApplication@1095ae81
reloadAllAccessors: .arrayType28

===========================================================================================
----------------- testing Sat Jun 09 01:30:12 UTC 2018 /home/travis/build/icyphy/ptII/ptolemy/actor/lib/test/auto/arrayType3.xml
----------------- Instantiating /home/travis/build/icyphy/ptII/ptolemy/actor/lib/test/auto/arrayType3.xml
2 ms. Memory: 1782784K Free: 567297K (32%)
----------------- Invoking toplevel() on ptolemy.moml.MoMLSimpleApplication@4a25508e
----------------- Done invoking toplevel() on ptolemy.moml.MoMLSimpleApplication@4a25508e
reloadAllAccessors: .arrayType3

===========================================================================================
----------------- testing Sat Jun 09 01:30:12 UTC 2018 /home/travis/build/icyphy/ptII/ptolemy/actor/lib/test/auto/arrayType4.xml
----------------- Instantiating /home/travis/build/icyphy/ptII/ptolemy/actor/lib/test/auto/arrayType4.xml
1 ms. Memory: 1782784K Free: 541271K (30%)
----------------- Invoking toplevel() on ptolemy.moml.MoMLSimpleApplication@4d4f4302
----------------- Done invoking toplevel() on ptolemy.moml.MoMLSimpleApplication@4d4f4302
reloadAllAccessors: .arrayType4

===========================================================================================
----------------- testing Sat Jun 09 01:30:12 UTC 2018 /home/travis/build/icyphy/ptII/ptolemy/actor/lib/test/auto/arrayType5.xml
----------------- Instantiating /home/travis/build/icyphy/ptII/ptolemy/actor/lib/test/auto/arrayType5.xml
1 ms. Memory: 1782784K Free: 515246K (29%)
----------------- Invoking toplevel() on ptolemy.moml.MoMLSimpleApplication@56b576b6
----------------- Done invoking toplevel() on ptolemy.moml.MoMLSimpleApplication@56b576b6
reloadAllAccessors: .arrayType5

===========================================================================================
----------------- testing Sat Jun 09 01:30:12 UTC 2018 /home/travis/build/icyphy/ptII/ptolemy/actor/lib/test/auto/arrayType6.xml
----------------- Instantiating /home/travis/build/icyphy/ptII/ptolemy/actor/lib/test/auto/arrayType6.xml
1 ms. Memory: 1782784K Free: 493019K (28%)
----------------- Invoking toplevel() on ptolemy.moml.MoMLSimpleApplication@6db03cef
----------------- Done invoking toplevel() on ptolemy.moml.MoMLSimpleApplication@6db03cef
reloadAllAccessors: .arrayType6

===========================================================================================
----------------- testing Sat Jun 09 01:30:12 UTC 2018 /home/travis/build/icyphy/ptII/ptolemy/actor/lib/test/auto/arrayType7.xml
----------------- Instantiating /home/travis/build/icyphy/ptII/ptolemy/actor/lib/test/auto/arrayType7.xml
1 ms. Memory: 1782784K Free: 466994K (26%)
----------------- Invoking toplevel() on ptolemy.moml.MoMLSimpleApplication@44834009
----------------- Done invoking toplevel() on ptolemy.moml.MoMLSimpleApplication@44834009
reloadAllAccessors: .arrayType7

===========================================================================================
----------------- testing Sat Jun 09 01:30:12 UTC 2018 /home/travis/build/icyphy/ptII/ptolemy/actor/lib/test/auto/arrayType8.xml
----------------- Instantiating /home/travis/build/icyphy/ptII/ptolemy/actor/lib/test/auto/arrayType8.xml
1 ms. Memory: 1782784K Free: 440968K (25%)
----------------- Invoking toplevel() on ptolemy.moml.MoMLSimpleApplication@7bc1ba31
----------------- Done invoking toplevel() on ptolemy.moml.MoMLSimpleApplication@7bc1ba31
reloadAllAccessors: .arrayType8

===========================================================================================
----------------- testing Sat Jun 09 01:30:12 UTC 2018 /home/travis/build/icyphy/ptII/ptolemy/actor/lib/test/auto/arrayType9.xml
----------------- Instantiating /home/travis/build/icyphy/ptII/ptolemy/actor/lib/test/auto/arrayType9.xml
1 ms. Memory: 1782784K Free: 418741K (23%)
----------------- Invoking toplevel() on ptolemy.moml.MoMLSimpleApplication@2945a4b0
----------------- Done invoking toplevel() on ptolemy.moml.MoMLSimpleApplication@2945a4b0
reloadAllAccessors: .arrayType9

===========================================================================================
----------------- testing Sat Jun 09 01:30:12 UTC 2018 /home/travis/build/icyphy/ptII/ptolemy/actor/lib/test/auto/cast.xml
----------------- Instantiating /home/travis/build/icyphy/ptII/ptolemy/actor/lib/test/auto/cast.xml
1 ms. Memory: 1782784K Free: 392716K (22%)
----------------- Invoking toplevel() on ptolemy.moml.MoMLSimpleApplication@222e53d3
----------------- Done invoking toplevel() on ptolemy.moml.MoMLSimpleApplication@222e53d3
reloadAllAccessors: .cast

===========================================================================================
----------------- testing Sat Jun 09 01:30:13 UTC 2018 /home/travis/build/icyphy/ptII/ptolemy/actor/lib/test/auto/compositeMultiPort.xml
----------------- Instantiating /home/travis/build/icyphy/ptII/ptolemy/actor/lib/test/auto/compositeMultiPort.xml
3 ms. Memory: 1782784K Free: 366690K (21%)
----------------- Invoking toplevel() on ptolemy.moml.MoMLSimpleApplication@2b5e4e4d
----------------- Done invoking toplevel() on ptolemy.moml.MoMLSimpleApplication@2b5e4e4d
reloadAllAccessors: .compositeMultiPort

===========================================================================================
----------------- testing Sat Jun 09 01:30:13 UTC 2018 /home/travis/build/icyphy/ptII/ptolemy/actor/lib/test/auto/expressionCastInference.xml
----------------- Instantiating /home/travis/build/icyphy/ptII/ptolemy/actor/lib/test/auto/expressionCastInference.xml
9 ms. Memory: 1782784K Free: 344463K (19%)
----------------- Invoking toplevel() on ptolemy.moml.MoMLSimpleApplication@70c1879a
----------------- Done invoking toplevel() on ptolemy.moml.MoMLSimpleApplication@70c1879a
reloadAllAccessors: .expressionCastInference

===========================================================================================
----------------- testing Sat Jun 09 01:30:13 UTC 2018 /home/travis/build/icyphy/ptII/ptolemy/actor/lib/test/auto/expressionCastInference2.xml
----------------- Instantiating /home/travis/build/icyphy/ptII/ptolemy/actor/lib/test/auto/expressionCastInference2.xml
1 ms. Memory: 1782784K Free: 318438K (18%)
----------------- Invoking toplevel() on ptolemy.moml.MoMLSimpleApplication@7efb9059
----------------- Done invoking toplevel() on ptolemy.moml.MoMLSimpleApplication@7efb9059
reloadAllAccessors: .expressionCastInference2

===========================================================================================
----------------- testing Sat Jun 09 01:30:13 UTC 2018 /home/travis/build/icyphy/ptII/ptolemy/actor/lib/test/auto/expressionInference.xml
----------------- Instantiating /home/travis/build/icyphy/ptII/ptolemy/actor/lib/test/auto/expressionInference.xml
1 ms. Memory: 1782784K Free: 292412K (16%)
----------------- Invoking toplevel() on ptolemy.moml.MoMLSimpleApplication@7a352388
----------------- Done invoking toplevel() on ptolemy.moml.MoMLSimpleApplication@7a352388
reloadAllAccessors: .expressionInference

===========================================================================================
----------------- testing Sat Jun 09 01:30:13 UTC 2018 /home/travis/build/icyphy/ptII/ptolemy/actor/lib/test/auto/expression_bug.xml
----------------- Instantiating /home/travis/build/icyphy/ptII/ptolemy/actor/lib/test/auto/expression_bug.xml
2 ms. Memory: 1782784K Free: 270185K (15%)
----------------- Invoking toplevel() on ptolemy.moml.MoMLSimpleApplication@5a4f7f3d
----------------- Done invoking toplevel() on ptolemy.moml.MoMLSimpleApplication@5a4f7f3d
reloadAllAccessors: .expression_bug

===========================================================================================
----------------- testing Sat Jun 09 01:30:13 UTC 2018 /home/travis/build/icyphy/ptII/ptolemy/actor/lib/test/auto/factorial.xml
----------------- Instantiating /home/travis/build/icyphy/ptII/ptolemy/actor/lib/test/auto/factorial.xml
29 ms. Memory: 1782784K Free: 244159K (14%)
----------------- Invoking toplevel() on ptolemy.moml.MoMLSimpleApplication@16c5d3a4
----------------- Done invoking toplevel() on ptolemy.moml.MoMLSimpleApplication@16c5d3a4
reloadAllAccessors: .factorial

===========================================================================================
----------------- testing Sat Jun 09 01:30:13 UTC 2018 /home/travis/build/icyphy/ptII/ptolemy/actor/lib/test/auto/filterTest1.xml
----------------- Instantiating /home/travis/build/icyphy/ptII/ptolemy/actor/lib/test/auto/filterTest1.xml
5 ms. Memory: 1782784K Free: 218134K (12%)
----------------- Invoking toplevel() on ptolemy.moml.MoMLSimpleApplication@68e7aeb0
----------------- Done invoking toplevel() on ptolemy.moml.MoMLSimpleApplication@68e7aeb0
reloadAllAccessors: .filterTest1

===========================================================================================
----------------- testing Sat Jun 09 01:30:13 UTC 2018 /home/travis/build/icyphy/ptII/ptolemy/actor/lib/test/auto/funcApplyInConst.xml
----------------- Instantiating /home/travis/build/icyphy/ptII/ptolemy/actor/lib/test/auto/funcApplyInConst.xml
1 ms. Memory: 1782784K Free: 195907K (11%)
----------------- Invoking toplevel() on ptolemy.moml.MoMLSimpleApplication@36a27fbb
----------------- Done invoking toplevel() on ptolemy.moml.MoMLSimpleApplication@36a27fbb
reloadAllAccessors: .funcApplyInConst

===========================================================================================
----------------- testing Sat Jun 09 01:30:13 UTC 2018 /home/travis/build/icyphy/ptII/ptolemy/actor/lib/test/auto/funcApplyInExpr.xml
----------------- Instantiating /home/travis/build/icyphy/ptII/ptolemy/actor/lib/test/auto/funcApplyInExpr.xml
2 ms. Memory: 1782784K Free: 169882K (10%)
----------------- Invoking toplevel() on ptolemy.moml.MoMLSimpleApplication@236559f3
----------------- Done invoking toplevel() on ptolemy.moml.MoMLSimpleApplication@236559f3
reloadAllAccessors: .funcApplyInExpr

===========================================================================================
----------------- testing Sat Jun 09 01:30:13 UTC 2018 /home/travis/build/icyphy/ptII/ptolemy/actor/lib/test/auto/function.xml
----------------- Instantiating /home/travis/build/icyphy/ptII/ptolemy/actor/lib/test/auto/function.xml
3 ms. Memory: 1782784K Free: 143856K (8%)
----------------- Invoking toplevel() on ptolemy.moml.MoMLSimpleApplication@770b66df
----------------- Done invoking toplevel() on ptolemy.moml.MoMLSimpleApplication@770b66df
reloadAllAccessors: .function

===========================================================================================
----------------- testing Sat Jun 09 01:30:13 UTC 2018 /home/travis/build/icyphy/ptII/ptolemy/actor/lib/test/auto/function2.xml
----------------- Instantiating /home/travis/build/icyphy/ptII/ptolemy/actor/lib/test/auto/function2.xml
2 ms. Memory: 1782784K Free: 121629K (7%)
----------------- Invoking toplevel() on ptolemy.moml.MoMLSimpleApplication@762c4f55
----------------- Done invoking toplevel() on ptolemy.moml.MoMLSimpleApplication@762c4f55
reloadAllAccessors: .function2

===========================================================================================
----------------- testing Sat Jun 09 01:30:13 UTC 2018 /home/travis/build/icyphy/ptII/ptolemy/actor/lib/test/auto/function3.xml
----------------- Instantiating /home/travis/build/icyphy/ptII/ptolemy/actor/lib/test/auto/function3.xml
1 ms. Memory: 1782784K Free: 95604K (5%)
----------------- Invoking toplevel() on ptolemy.moml.MoMLSimpleApplication@5db6ea62
----------------- Done invoking toplevel() on ptolemy.moml.MoMLSimpleApplication@5db6ea62
reloadAllAccessors: .function3

===========================================================================================
----------------- testing Sat Jun 09 01:30:13 UTC 2018 /home/travis/build/icyphy/ptII/ptolemy/actor/lib/test/auto/functionClosureTest1.xml
----------------- Instantiating /home/travis/build/icyphy/ptII/ptolemy/actor/lib/test/auto/functionClosureTest1.xml
3 ms. Memory: 1782784K Free: 75578K (4%)
----------------- Invoking toplevel() on ptolemy.moml.MoMLSimpleApplication@3c11f44f
----------------- Done invoking toplevel() on ptolemy.moml.MoMLSimpleApplication@3c11f44f
reloadAllAccessors: .functionClosureTest1

===========================================================================================
----------------- testing Sat Jun 09 01:30:13 UTC 2018 /home/travis/build/icyphy/ptII/ptolemy/actor/lib/test/auto/functionClosureTest2.xml
----------------- Instantiating /home/travis/build/icyphy/ptII/ptolemy/actor/lib/test/auto/functionClosureTest2.xml
2 ms. Memory: 1783296K Free: 1706118K (96%)
----------------- Invoking toplevel() on ptolemy.moml.MoMLSimpleApplication@6f559b83
----------------- Done invoking toplevel() on ptolemy.moml.MoMLSimpleApplication@6f559b83
reloadAllAccessors: .functionClosureTest2

===========================================================================================
----------------- testing Sat Jun 09 01:30:13 UTC 2018 /home/travis/build/icyphy/ptII/ptolemy/actor/lib/test/auto/functionClosureTest3.xml
----------------- Instantiating /home/travis/build/icyphy/ptII/ptolemy/actor/lib/test/auto/functionClosureTest3.xml
1 ms. Memory: 1783296K Free: 1683856K (94%)
----------------- Invoking toplevel() on ptolemy.moml.MoMLSimpleApplication@760242f0
----------------- Done invoking toplevel() on ptolemy.moml.MoMLSimpleApplication@760242f0
reloadAllAccessors: .functionClosureTest3

===========================================================================================
----------------- testing Sat Jun 09 01:30:13 UTC 2018 /home/travis/build/icyphy/ptII/ptolemy/actor/lib/test/auto/functionClosureTest4.xml
----------------- Instantiating /home/travis/build/icyphy/ptII/ptolemy/actor/lib/test/auto/functionClosureTest4.xml
2 ms. Memory: 1783296K Free: 1657948K (93%)
----------------- Invoking toplevel() on ptolemy.moml.MoMLSimpleApplication@3514a9f5
----------------- Done invoking toplevel() on ptolemy.moml.MoMLSimpleApplication@3514a9f5
reloadAllAccessors: .functionClosureTest4

===========================================================================================
----------------- testing Sat Jun 09 01:30:13 UTC 2018 /home/travis/build/icyphy/ptII/ptolemy/actor/lib/test/auto/functionClosureTest5.xml
----------------- Instantiating /home/travis/build/icyphy/ptII/ptolemy/actor/lib/test/auto/functionClosureTest5.xml
5 ms. Memory: 1783296K Free: 1632040K (92%)
----------------- Invoking toplevel() on ptolemy.moml.MoMLSimpleApplication@22084e91
----------------- Done invoking toplevel() on ptolemy.moml.MoMLSimpleApplication@22084e91
reloadAllAccessors: .functionClosureTest5

===========================================================================================
----------------- testing Sat Jun 09 01:30:13 UTC 2018 /home/travis/build/icyphy/ptII/ptolemy/actor/lib/test/auto/functionClosureTest6.xml
----------------- Instantiating /home/travis/build/icyphy/ptII/ptolemy/actor/lib/test/auto/functionClosureTest6.xml
1 ms. Memory: 1783296K Free: 1609778K (90%)
----------------- Invoking toplevel() on ptolemy.moml.MoMLSimpleApplication@edcace8
----------------- Done invoking toplevel() on ptolemy.moml.MoMLSimpleApplication@edcace8
reloadAllAccessors: .functionClosureTest6

===========================================================================================
----------------- testing Sat Jun 09 01:30:13 UTC 2018 /home/travis/build/icyphy/ptII/ptolemy/actor/lib/test/auto/functionsOnArcs.xml
----------------- Instantiating /home/travis/build/icyphy/ptII/ptolemy/actor/lib/test/auto/functionsOnArcs.xml
1 ms. Memory: 1783296K Free: 1583870K (89%)
----------------- Invoking toplevel() on ptolemy.moml.MoMLSimpleApplication@185e33e2
----------------- Done invoking toplevel() on ptolemy.moml.MoMLSimpleApplication@185e33e2
reloadAllAccessors: .functionsOnArcs

===========================================================================================
----------------- testing Sat Jun 09 01:30:13 UTC 2018 /home/travis/build/icyphy/ptII/ptolemy/actor/lib/test/auto/functionsOnArcsHOF.xml
----------------- Instantiating /home/travis/build/icyphy/ptII/ptolemy/actor/lib/test/auto/functionsOnArcsHOF.xml
3 ms. Memory: 1783296K Free: 1557963K (87%)
----------------- Invoking toplevel() on ptolemy.moml.MoMLSimpleApplication@664318cf
----------------- Done invoking toplevel() on ptolemy.moml.MoMLSimpleApplication@664318cf
reloadAllAccessors: .functionsOnArcsHOF

===========================================================================================
----------------- testing Sat Jun 09 01:30:13 UTC 2018 /home/travis/build/icyphy/ptII/ptolemy/actor/lib/test/auto/logic.xml
----------------- Instantiating /home/travis/build/icyphy/ptII/ptolemy/actor/lib/test/auto/logic.xml
2 ms. Memory: 1783296K Free: 1532055K (86%)
----------------- Invoking toplevel() on ptolemy.moml.MoMLSimpleApplication@4b7cb47b
----------------- Done invoking toplevel() on ptolemy.moml.MoMLSimpleApplication@4b7cb47b
reloadAllAccessors: .logic

===========================================================================================
----------------- testing Sat Jun 09 01:30:13 UTC 2018 /home/travis/build/icyphy/ptII/ptolemy/actor/lib/test/auto/matrixType.xml
----------------- Instantiating /home/travis/build/icyphy/ptII/ptolemy/actor/lib/test/auto/matrixType.xml
1 ms. Memory: 1783296K Free: 1509793K (85%)
----------------- Invoking toplevel() on ptolemy.moml.MoMLSimpleApplication@716717fa
----------------- Done invoking toplevel() on ptolemy.moml.MoMLSimpleApplication@716717fa
reloadAllAccessors: .matrixType

===========================================================================================
----------------- testing Sat Jun 09 01:30:13 UTC 2018 /home/travis/build/icyphy/ptII/ptolemy/actor/lib/test/auto/matrixType10.xml
----------------- Instantiating /home/travis/build/icyphy/ptII/ptolemy/actor/lib/test/auto/matrixType10.xml
2 ms. Memory: 1783296K Free: 1483885K (83%)
----------------- Invoking toplevel() on ptolemy.moml.MoMLSimpleApplication@38aecf2
----------------- Done invoking toplevel() on ptolemy.moml.MoMLSimpleApplication@38aecf2
reloadAllAccessors: .matrixType10

===========================================================================================
----------------- testing Sat Jun 09 01:30:13 UTC 2018 /home/travis/build/icyphy/ptII/ptolemy/actor/lib/test/auto/matrixType11.xml
----------------- Instantiating /home/travis/build/icyphy/ptII/ptolemy/actor/lib/test/auto/matrixType11.xml
1 ms. Memory: 1783296K Free: 1457977K (82%)
----------------- Invoking toplevel() on ptolemy.moml.MoMLSimpleApplication@12be3ebf
----------------- Done invoking toplevel() on ptolemy.moml.MoMLSimpleApplication@12be3ebf
reloadAllAccessors: .matrixType11

===========================================================================================
----------------- testing Sat Jun 09 01:30:13 UTC 2018 /home/travis/build/icyphy/ptII/ptolemy/actor/lib/test/auto/matrixType12.xml
----------------- Instantiating /home/travis/build/icyphy/ptII/ptolemy/actor/lib/test/auto/matrixType12.xml
1 ms. Memory: 1783296K Free: 1435715K (81%)
----------------- Invoking toplevel() on ptolemy.moml.MoMLSimpleApplication@43063022
----------------- Done invoking toplevel() on ptolemy.moml.MoMLSimpleApplication@43063022
reloadAllAccessors: .matrixType12

===========================================================================================
----------------- testing Sat Jun 09 01:30:13 UTC 2018 /home/travis/build/icyphy/ptII/ptolemy/actor/lib/test/auto/matrixType13.xml
----------------- Instantiating /home/travis/build/icyphy/ptII/ptolemy/actor/lib/test/auto/matrixType13.xml
2 ms. Memory: 1783296K Free: 1409808K (79%)
----------------- Invoking toplevel() on ptolemy.moml.MoMLSimpleApplication@1db0f4cc
----------------- Done invoking toplevel() on ptolemy.moml.MoMLSimpleApplication@1db0f4cc
reloadAllAccessors: .matrixType13

===========================================================================================
----------------- testing Sat Jun 09 01:30:13 UTC 2018 /home/travis/build/icyphy/ptII/ptolemy/actor/lib/test/auto/matrixType14.xml
----------------- Instantiating /home/travis/build/icyphy/ptII/ptolemy/actor/lib/test/auto/matrixType14.xml
1 ms. Memory: 1783296K Free: 1383899K (78%)
----------------- Invoking toplevel() on ptolemy.moml.MoMLSimpleApplication@6cc335af
----------------- Done invoking toplevel() on ptolemy.moml.MoMLSimpleApplication@6cc335af
reloadAllAccessors: .matrixType14

===========================================================================================
----------------- testing Sat Jun 09 01:30:13 UTC 2018 /home/travis/build/icyphy/ptII/ptolemy/actor/lib/test/auto/matrixType2.xml
----------------- Instantiating /home/travis/build/icyphy/ptII/ptolemy/actor/lib/test/auto/matrixType2.xml
1 ms. Memory: 1783296K Free: 1357992K (76%)
----------------- Invoking toplevel() on ptolemy.moml.MoMLSimpleApplication@acaea3b
----------------- Done invoking toplevel() on ptolemy.moml.MoMLSimpleApplication@acaea3b
reloadAllAccessors: .matrixType2

===========================================================================================
----------------- testing Sat Jun 09 01:30:13 UTC 2018 /home/travis/build/icyphy/ptII/ptolemy/actor/lib/test/auto/matrixType3.xml
----------------- Instantiating /home/travis/build/icyphy/ptII/ptolemy/actor/lib/test/auto/matrixType3.xml
1 ms. Memory: 1783296K Free: 1328676K (75%)
----------------- Invoking toplevel() on ptolemy.moml.MoMLSimpleApplication@21e18cb0
----------------- Done invoking toplevel() on ptolemy.moml.MoMLSimpleApplication@21e18cb0
reloadAllAccessors: .matrixType3

===========================================================================================
----------------- testing Sat Jun 09 01:30:13 UTC 2018 /home/travis/build/icyphy/ptII/ptolemy/actor/lib/test/auto/matrixType4.xml
----------------- Instantiating /home/travis/build/icyphy/ptII/ptolemy/actor/lib/test/auto/matrixType4.xml
1 ms. Memory: 1783296K Free: 1302768K (73%)
----------------- Invoking toplevel() on ptolemy.moml.MoMLSimpleApplication@3848cfb7
----------------- Done invoking toplevel() on ptolemy.moml.MoMLSimpleApplication@3848cfb7
reloadAllAccessors: .matrixType4

===========================================================================================
----------------- testing Sat Jun 09 01:30:13 UTC 2018 /home/travis/build/icyphy/ptII/ptolemy/actor/lib/test/auto/matrixType5.xml
----------------- Instantiating /home/travis/build/icyphy/ptII/ptolemy/actor/lib/test/auto/matrixType5.xml
2 ms. Memory: 1783296K Free: 1276860K (72%)
----------------- Invoking toplevel() on ptolemy.moml.MoMLSimpleApplication@5000894
----------------- Done invoking toplevel() on ptolemy.moml.MoMLSimpleApplication@5000894
reloadAllAccessors: .matrixType5

===========================================================================================
----------------- testing Sat Jun 09 01:30:13 UTC 2018 /home/travis/build/icyphy/ptII/ptolemy/actor/lib/test/auto/matrixType6.xml
----------------- Instantiating /home/travis/build/icyphy/ptII/ptolemy/actor/lib/test/auto/matrixType6.xml
1 ms. Memory: 1783296K Free: 1254598K (70%)
----------------- Invoking toplevel() on ptolemy.moml.MoMLSimpleApplication@410513cb
----------------- Done invoking toplevel() on ptolemy.moml.MoMLSimpleApplication@410513cb
reloadAllAccessors: .matrixType6

===========================================================================================
----------------- testing Sat Jun 09 01:30:13 UTC 2018 /home/travis/build/icyphy/ptII/ptolemy/actor/lib/test/auto/matrixType7.xml
----------------- Instantiating /home/travis/build/icyphy/ptII/ptolemy/actor/lib/test/auto/matrixType7.xml
1 ms. Memory: 1783296K Free: 1228691K (69%)
----------------- Invoking toplevel() on ptolemy.moml.MoMLSimpleApplication@4198c7bf
----------------- Done invoking toplevel() on ptolemy.moml.MoMLSimpleApplication@4198c7bf
reloadAllAccessors: .matrixType7

===========================================================================================
----------------- testing Sat Jun 09 01:30:13 UTC 2018 /home/travis/build/icyphy/ptII/ptolemy/actor/lib/test/auto/matrixType8.xml
----------------- Instantiating /home/travis/build/icyphy/ptII/ptolemy/actor/lib/test/auto/matrixType8.xml
2 ms. Memory: 1783296K Free: 1202783K (67%)
----------------- Invoking toplevel() on ptolemy.moml.MoMLSimpleApplication@8fb9965
----------------- Done invoking toplevel() on ptolemy.moml.MoMLSimpleApplication@8fb9965
reloadAllAccessors: .matrixType8

===========================================================================================
----------------- testing Sat Jun 09 01:30:13 UTC 2018 /home/travis/build/icyphy/ptII/ptolemy/actor/lib/test/auto/matrixType9.xml
----------------- Instantiating /home/travis/build/icyphy/ptII/ptolemy/actor/lib/test/auto/matrixType9.xml
1 ms. Memory: 1783296K Free: 1176875K (66%)
----------------- Invoking toplevel() on ptolemy.moml.MoMLSimpleApplication@58bb5ffc
----------------- Done invoking toplevel() on ptolemy.moml.MoMLSimpleApplication@58bb5ffc
reloadAllAccessors: .matrixType9

===========================================================================================
----------------- testing Sat Jun 09 01:30:13 UTC 2018 /home/travis/build/icyphy/ptII/ptolemy/actor/lib/test/auto/paraFunctest.xml
----------------- Instantiating /home/travis/build/icyphy/ptII/ptolemy/actor/lib/test/auto/paraFunctest.xml
1 ms. Memory: 1783296K Free: 1154613K (65%)
----------------- Invoking toplevel() on ptolemy.moml.MoMLSimpleApplication@1a380d0c
----------------- Done invoking toplevel() on ptolemy.moml.MoMLSimpleApplication@1a380d0c
reloadAllAccessors: .paraFunctest

===========================================================================================
----------------- testing Sat Jun 09 01:30:13 UTC 2018 /home/travis/build/icyphy/ptII/ptolemy/actor/lib/test/auto/paraFunctest2.xml
----------------- Instantiating /home/travis/build/icyphy/ptII/ptolemy/actor/lib/test/auto/paraFunctest2.xml
1 ms. Memory: 1783296K Free: 1128705K (63%)
----------------- Invoking toplevel() on ptolemy.moml.MoMLSimpleApplication@75d234e7
----------------- Done invoking toplevel() on ptolemy.moml.MoMLSimpleApplication@75d234e7
reloadAllAccessors: .paraFunctest2

===========================================================================================
----------------- testing Sat Jun 09 01:30:13 UTC 2018 /home/travis/build/icyphy/ptII/ptolemy/actor/lib/test/auto/parameterPassing.xml
----------------- Instantiating /home/travis/build/icyphy/ptII/ptolemy/actor/lib/test/auto/parameterPassing.xml
1 ms. Memory: 1783296K Free: 1102798K (62%)
----------------- Invoking toplevel() on ptolemy.moml.MoMLSimpleApplication@933d964
----------------- Done invoking toplevel() on ptolemy.moml.MoMLSimpleApplication@933d964
reloadAllAccessors: .parameterPassing

===========================================================================================
----------------- testing Sat Jun 09 01:30:13 UTC 2018 /home/travis/build/icyphy/ptII/ptolemy/actor/lib/test/auto/record.xml
----------------- Instantiating /home/travis/build/icyphy/ptII/ptolemy/actor/lib/test/auto/record.xml
2 ms. Memory: 1783296K Free: 1076890K (60%)
----------------- Invoking toplevel() on ptolemy.moml.MoMLSimpleApplication@63a8d2ed
----------------- Done invoking toplevel() on ptolemy.moml.MoMLSimpleApplication@63a8d2ed
reloadAllAccessors: .record

===========================================================================================
----------------- testing Sat Jun 09 01:30:13 UTC 2018 /home/travis/build/icyphy/ptII/ptolemy/actor/lib/test/auto/sizedarray1.xml
----------------- Instantiating /home/travis/build/icyphy/ptII/ptolemy/actor/lib/test/auto/sizedarray1.xml
1 ms. Memory: 1783296K Free: 1054628K (59%)
----------------- Invoking toplevel() on ptolemy.moml.MoMLSimpleApplication@43451948
----------------- Done invoking toplevel() on ptolemy.moml.MoMLSimpleApplication@43451948
reloadAllAccessors: .sizedarray1

===========================================================================================
----------------- testing Sat Jun 09 01:30:13 UTC 2018 /home/travis/build/icyphy/ptII/ptolemy/actor/lib/test/auto/sizedarray2.xml
----------------- Instantiating /home/travis/build/icyphy/ptII/ptolemy/actor/lib/test/auto/sizedarray2.xml
1 ms. Memory: 1783296K Free: 1028720K (58%)
----------------- Invoking toplevel() on ptolemy.moml.MoMLSimpleApplication@660af506
----------------- Done invoking toplevel() on ptolemy.moml.MoMLSimpleApplication@660af506
reloadAllAccessors: .sizedarray2

===========================================================================================
----------------- testing Sat Jun 09 01:30:13 UTC 2018 /home/travis/build/icyphy/ptII/ptolemy/actor/lib/test/auto/twoPublishers.xml
----------------- Instantiating /home/travis/build/icyphy/ptII/ptolemy/actor/lib/test/auto/twoPublishers.xml
2 ms. Memory: 1783296K Free: 1002812K (56%)
----------------- Invoking toplevel() on ptolemy.moml.MoMLSimpleApplication@382a97df
----------------- Done invoking toplevel() on ptolemy.moml.MoMLSimpleApplication@382a97df
reloadAllAccessors: .twoPublishers
AutoTests.java: About to close Vertx.
AutoTests.java: Vertx closed.
]]></system-out>
  <system-err><![CDATA[java.lang.RuntimeException: Execution failed
	at ptolemy.moml.MoMLSimpleApplication$UnloadThread.run(MoMLSimpleApplication.java:402)
Caused by: java.lang.RuntimeException: Normally, we would exit here because Manager.exitAfterWrapup() was called.  However, because the ptolemy.ptII.exitAfterWrapup property is set, we throw this exception instead.
	at ptolemy.util.StringUtilities.exit(StringUtilities.java:363)
	at ptolemy.actor.Manager.wrapup(Manager.java:1531)
	at ptolemy.actor.Manager.execute(Manager.java:407)
	at ptolemy.actor.Manager.run(Manager.java:1263)
	at ptolemy.actor.Manager$PtolemyRunThread.run(Manager.java:1915)
Warning: '.top.test' is in training mode, set the trainingMode parameter to false before checking in
Warning: '.top.test' is in training mode, set the trainingMode parameter to false before checking in
Warning: '.top.test' is in training mode, set the trainingMode parameter to false before checking in
Warning: '.BooleanSwitch_RegressionTest_WrongTrainingValues.Test' is in training mode, set the trainingMode parameter to false before checking in
Warning: '.BooleanSwitch_RegressionTest_WrongTrainingValues.Test2' is in training mode, set the trainingMode parameter to false before checking in
Warning: '.BooleanSwitch_RegressionTest_WrongTrainingValues.Test2' The test produced 0 tokens.
Warning: '.top.testExceptionHandler' is in training mode, set the trainingMode parameter to false before checking in
java.lang.RuntimeException: Execution failed
	at ptolemy.moml.MoMLSimpleApplication$UnloadThread.run(MoMLSimpleApplication.java:402)
Caused by: ptolemy.kernel.util.IllegalActionException: PublisherPorts cannot be used at the top level, use a Publisher actor instead.
  in .PublisherPortToplevelSubscriber.PublisherPort
	at ptolemy.actor.PublisherPort.preinitialize(PublisherPort.java:403)
	at ptolemy.actor.CompositeActor.preinitialize(CompositeActor.java:1769)
	at ptolemy.actor.Manager.preinitializeAndResolveTypes(Manager.java:1040)
	at ptolemy.actor.Manager.initialize(Manager.java:710)
	at ptolemy.actor.Manager.execute(Manager.java:356)
	at ptolemy.actor.Manager.run(Manager.java:1263)
	at ptolemy.actor.Manager$PtolemyRunThread.run(Manager.java:1915)
java.lang.reflect.InvocationTargetException
	at sun.reflect.NativeConstructorAccessorImpl.newInstance0(Native Method)
	at sun.reflect.NativeConstructorAccessorImpl.newInstance(NativeConstructorAccessorImpl.java:62)
	at sun.reflect.DelegatingConstructorAccessorImpl.newInstance(DelegatingConstructorAccessorImpl.java:45)
	at java.lang.reflect.Constructor.newInstance(Constructor.java:423)
	at ptolemy.util.test.junit.AutoKnownFailedTests.RunModel(AutoKnownFailedTests.java:107)
	at sun.reflect.NativeMethodAccessorImpl.invoke0(Native Method)
	at sun.reflect.NativeMethodAccessorImpl.invoke(NativeMethodAccessorImpl.java:62)
	at sun.reflect.DelegatingMethodAccessorImpl.invoke(DelegatingMethodAccessorImpl.java:43)
	at java.lang.reflect.Method.invoke(Method.java:498)
	at org.junit.runners.model.FrameworkMethod$1.runReflectiveCall(FrameworkMethod.java:44)
	at org.junit.internal.runners.model.ReflectiveCallable.run(ReflectiveCallable.java:15)
	at org.junit.runners.model.FrameworkMethod.invokeExplosively(FrameworkMethod.java:41)
	at junitparams.internal.InvokeParameterisedMethod.evaluate(InvokeParameterisedMethod.java:102)
	at org.junit.internal.runners.statements.FailOnTimeout$1.run(FailOnTimeout.java:28)
Caused by: ptolemy.kernel.util.IllegalActionException: PublisherPorts cannot be used at the top level, use a Publisher actor instead.
  in .PublisherPortToplevelSubscriber.PublisherPort
	at ptolemy.actor.PublisherPort.preinitialize(PublisherPort.java:403)
	at ptolemy.actor.CompositeActor.preinitialize(CompositeActor.java:1769)
	at ptolemy.actor.Manager.preinitializeAndResolveTypes(Manager.java:1040)
	at ptolemy.actor.Manager.initialize(Manager.java:710)
	at ptolemy.actor.Manager.execute(Manager.java:356)
	at ptolemy.actor.Manager.run(Manager.java:1263)
	at ptolemy.actor.Manager$PtolemyRunThread.run(Manager.java:1915)
java.lang.RuntimeException: Execution failed
	at ptolemy.moml.MoMLSimpleApplication$UnloadThread.run(MoMLSimpleApplication.java:402)
Caused by: ptolemy.kernel.util.IllegalActionException: SubscriberPorts cannot be used at the top level, use a Subscriber actor instead.
  in .PublisherSubscriberPortToplevel.SubscriberPort
	at ptolemy.actor.SubscriberPort.preinitialize(SubscriberPort.java:328)
	at ptolemy.actor.CompositeActor.preinitialize(CompositeActor.java:1769)
	at ptolemy.actor.Manager.preinitializeAndResolveTypes(Manager.java:1040)
	at ptolemy.actor.Manager.initialize(Manager.java:710)
	at ptolemy.actor.Manager.execute(Manager.java:356)
	at ptolemy.actor.Manager.run(Manager.java:1263)
	at ptolemy.actor.Manager$PtolemyRunThread.run(Manager.java:1915)
java.lang.reflect.InvocationTargetException
	at sun.reflect.NativeConstructorAccessorImpl.newInstance0(Native Method)
	at sun.reflect.NativeConstructorAccessorImpl.newInstance(NativeConstructorAccessorImpl.java:62)
	at sun.reflect.DelegatingConstructorAccessorImpl.newInstance(DelegatingConstructorAccessorImpl.java:45)
	at java.lang.reflect.Constructor.newInstance(Constructor.java:423)
	at ptolemy.util.test.junit.AutoKnownFailedTests.RunModel(AutoKnownFailedTests.java:107)
	at sun.reflect.NativeMethodAccessorImpl.invoke0(Native Method)
	at sun.reflect.NativeMethodAccessorImpl.invoke(NativeMethodAccessorImpl.java:62)
	at sun.reflect.DelegatingMethodAccessorImpl.invoke(DelegatingMethodAccessorImpl.java:43)
	at java.lang.reflect.Method.invoke(Method.java:498)
	at org.junit.runners.model.FrameworkMethod$1.runReflectiveCall(FrameworkMethod.java:44)
	at org.junit.internal.runners.model.ReflectiveCallable.run(ReflectiveCallable.java:15)
	at org.junit.runners.model.FrameworkMethod.invokeExplosively(FrameworkMethod.java:41)
	at junitparams.internal.InvokeParameterisedMethod.evaluate(InvokeParameterisedMethod.java:102)
	at org.junit.internal.runners.statements.FailOnTimeout$1.run(FailOnTimeout.java:28)
Caused by: ptolemy.kernel.util.IllegalActionException: SubscriberPorts cannot be used at the top level, use a Subscriber actor instead.
  in .PublisherSubscriberPortToplevel.SubscriberPort
	at ptolemy.actor.SubscriberPort.preinitialize(SubscriberPort.java:328)
	at ptolemy.actor.CompositeActor.preinitialize(CompositeActor.java:1769)
	at ptolemy.actor.Manager.preinitializeAndResolveTypes(Manager.java:1040)
	at ptolemy.actor.Manager.initialize(Manager.java:710)
	at ptolemy.actor.Manager.execute(Manager.java:356)
	at ptolemy.actor.Manager.run(Manager.java:1263)
	at ptolemy.actor.Manager$PtolemyRunThread.run(Manager.java:1915)
java.lang.RuntimeException: Execution failed
	at ptolemy.moml.MoMLSimpleApplication$UnloadThread.run(MoMLSimpleApplication.java:402)
Caused by: ptolemy.kernel.util.IllegalActionException: SubscriptionAggregatorPorts cannot be used at the top level, use a SubscriptionAggregator actor instead.
  in .PublisherSubscriptionAggregatorPort.SubscriptionAggregatorPort
	at ptolemy.actor.SubscriptionAggregatorPort.preinitialize(SubscriptionAggregatorPort.java:353)
	at ptolemy.actor.CompositeActor.preinitialize(CompositeActor.java:1769)
	at ptolemy.actor.Manager.preinitializeAndResolveTypes(Manager.java:1040)
	at ptolemy.actor.Manager.initialize(Manager.java:710)
	at ptolemy.actor.Manager.execute(Manager.java:356)
	at ptolemy.actor.Manager.run(Manager.java:1263)
	at ptolemy.actor.Manager$PtolemyRunThread.run(Manager.java:1915)
java.lang.reflect.InvocationTargetException
	at sun.reflect.NativeConstructorAccessorImpl.newInstance0(Native Method)
	at sun.reflect.NativeConstructorAccessorImpl.newInstance(NativeConstructorAccessorImpl.java:62)
	at sun.reflect.DelegatingConstructorAccessorImpl.newInstance(DelegatingConstructorAccessorImpl.java:45)
	at java.lang.reflect.Constructor.newInstance(Constructor.java:423)
	at ptolemy.util.test.junit.AutoKnownFailedTests.RunModel(AutoKnownFailedTests.java:107)
	at sun.reflect.NativeMethodAccessorImpl.invoke0(Native Method)
	at sun.reflect.NativeMethodAccessorImpl.invoke(NativeMethodAccessorImpl.java:62)
	at sun.reflect.DelegatingMethodAccessorImpl.invoke(DelegatingMethodAccessorImpl.java:43)
	at java.lang.reflect.Method.invoke(Method.java:498)
	at org.junit.runners.model.FrameworkMethod$1.runReflectiveCall(FrameworkMethod.java:44)
	at org.junit.internal.runners.model.ReflectiveCallable.run(ReflectiveCallable.java:15)
	at org.junit.runners.model.FrameworkMethod.invokeExplosively(FrameworkMethod.java:41)
	at junitparams.internal.InvokeParameterisedMethod.evaluate(InvokeParameterisedMethod.java:102)
	at org.junit.internal.runners.statements.FailOnTimeout$1.run(FailOnTimeout.java:28)
Caused by: ptolemy.kernel.util.IllegalActionException: SubscriptionAggregatorPorts cannot be used at the top level, use a SubscriptionAggregator actor instead.
  in .PublisherSubscriptionAggregatorPort.SubscriptionAggregatorPort
	at ptolemy.actor.SubscriptionAggregatorPort.preinitialize(SubscriptionAggregatorPort.java:353)
	at ptolemy.actor.CompositeActor.preinitialize(CompositeActor.java:1769)
	at ptolemy.actor.Manager.preinitializeAndResolveTypes(Manager.java:1040)
	at ptolemy.actor.Manager.initialize(Manager.java:710)
	at ptolemy.actor.Manager.execute(Manager.java:356)
	at ptolemy.actor.Manager.run(Manager.java:1263)
	at ptolemy.actor.Manager$PtolemyRunThread.run(Manager.java:1915)
java.lang.RuntimeException: Execution failed
	at ptolemy.moml.MoMLSimpleApplication$UnloadThread.run(MoMLSimpleApplication.java:402)
Caused by: ptolemy.kernel.util.IllegalActionException: TypeTest actor has no training data.
  in .sizedarray3.TypeTest
	at ptolemy.actor.lib.TypeTest.initialize(TypeTest.java:250)
	at ptolemy.actor.Director.initialize(Director.java:938)
	at ptolemy.actor.Director.initialize(Director.java:907)
	at ptolemy.actor.sched.StaticSchedulingDirector.initialize(StaticSchedulingDirector.java:159)
	at ptolemy.domains.sdf.kernel.SDFDirector.initialize(SDFDirector.java:544)
	at ptolemy.actor.CompositeActor.initialize(CompositeActor.java:935)
	at ptolemy.actor.Manager.initialize(Manager.java:724)
	at ptolemy.actor.Manager.execute(Manager.java:356)
	at ptolemy.actor.Manager.run(Manager.java:1263)
	at ptolemy.actor.Manager$PtolemyRunThread.run(Manager.java:1915)
java.lang.reflect.InvocationTargetException
	at sun.reflect.NativeConstructorAccessorImpl.newInstance0(Native Method)
	at sun.reflect.NativeConstructorAccessorImpl.newInstance(NativeConstructorAccessorImpl.java:62)
	at sun.reflect.DelegatingConstructorAccessorImpl.newInstance(DelegatingConstructorAccessorImpl.java:45)
	at java.lang.reflect.Constructor.newInstance(Constructor.java:423)
	at ptolemy.util.test.junit.AutoKnownFailedTests.RunModel(AutoKnownFailedTests.java:107)
	at sun.reflect.NativeMethodAccessorImpl.invoke0(Native Method)
	at sun.reflect.NativeMethodAccessorImpl.invoke(NativeMethodAccessorImpl.java:62)
	at sun.reflect.DelegatingMethodAccessorImpl.invoke(DelegatingMethodAccessorImpl.java:43)
	at java.lang.reflect.Method.invoke(Method.java:498)
	at org.junit.runners.model.FrameworkMethod$1.runReflectiveCall(FrameworkMethod.java:44)
	at org.junit.internal.runners.model.ReflectiveCallable.run(ReflectiveCallable.java:15)
	at org.junit.runners.model.FrameworkMethod.invokeExplosively(FrameworkMethod.java:41)
	at junitparams.internal.InvokeParameterisedMethod.evaluate(InvokeParameterisedMethod.java:102)
	at org.junit.internal.runners.statements.FailOnTimeout$1.run(FailOnTimeout.java:28)
Caused by: ptolemy.kernel.util.IllegalActionException: TypeTest actor has no training data.
  in .sizedarray3.TypeTest
	at ptolemy.actor.lib.TypeTest.initialize(TypeTest.java:250)
	at ptolemy.actor.Director.initialize(Director.java:938)
	at ptolemy.actor.Director.initialize(Director.java:907)
	at ptolemy.actor.sched.StaticSchedulingDirector.initialize(StaticSchedulingDirector.java:159)
	at ptolemy.domains.sdf.kernel.SDFDirector.initialize(SDFDirector.java:544)
	at ptolemy.actor.CompositeActor.initialize(CompositeActor.java:935)
	at ptolemy.actor.Manager.initialize(Manager.java:724)
	at ptolemy.actor.Manager.execute(Manager.java:356)
	at ptolemy.actor.Manager.run(Manager.java:1263)
	at ptolemy.actor.Manager$PtolemyRunThread.run(Manager.java:1915)
java.lang.RuntimeException: Execution failed
	at ptolemy.moml.MoMLSimpleApplication$UnloadThread.run(MoMLSimpleApplication.java:402)
Caused by: ptolemy.kernel.util.IllegalActionException: Test fails in iteration 0.
Value was: 0. Should have been: -1
  in .ConstantPublisherPort7.B.Test
	at ptolemy.actor.lib.Test.fire(Test.java:268)
	at ptolemy.actor.AtomicActor.iterate(AtomicActor.java:512)
	at ptolemy.actor.sched.StaticSchedulingDirector.fire(StaticSchedulingDirector.java:216)
	at ptolemy.domains.sdf.kernel.SDFDirector.fire(SDFDirector.java:500)
	at ptolemy.actor.CompositeActor.fire(CompositeActor.java:455)
	at ptolemy.actor.process.ProcessThread._iterateActor(ProcessThread.java:339)
	at ptolemy.actor.process.ProcessThread.run(ProcessThread.java:213)
]]></system-err>
</testsuite>
