<?xml version="1.0" encoding="UTF-8" ?>
<testsuite errors="1" failures="2" hostname="travis-job-5613c2b0-ceeb-4927-8ad4-7cfba1dd02f9" name="ptolemy.actor.lib.test.junit.JUnitTclTest" skipped="0" tests="517" time="65.156" timestamp="2019-07-11T01:55:31">
  <properties>
    <property name="file.encoding.pkg" value="sun.io" />
    <property name="npm.executable" value="npm" />
    <property name="env.TRAVIS_ROOT" value="/" />
    <property name="ptII.mk.exists" value="true" />
    <property name="env.TRAVIS_APP_HOST" value="build.travis-ci.org" />
    <property name="env.rvm_bin_path" value="/home/travis/.rvm/bin" />
    <property name="java.home" value="/usr/local/lib/jvm/openjdk10" />
    <property name="env.TRAVIS_JOB_NUMBER" value="1214.8" />
    <property name="env.TRAVIS_HOME" value="/home/travis" />
    <property name="env.DISPLAY" value=":99.0" />
    <property name="env.TRAVIS_INIT" value="systemd" />
    <property name="env.SSH_TTY" value="/dev/pts/0" />
    <property name="java.net.preferIPv4Stack" value="true" />
    <property name="env.RUN_TESTS" value="true" />
    <property name="timeout.short" value="1000000" />
    <property name="junit.formatter" value="xml" />
    <property name="env.TRAVIS_SUDO" value="true" />
    <property name="env.TRAVIS_JOB_NAME" value="" />
    <property name="env.TRAVIS_STACK_NODE_ATTRIBUTES" value="/.node-attributes.yml" />
    <property name="env.LOGNAME" value="travis" />
    <property name="env.PT_TRAVIS_TEST_CORE1_XML" value="true" />
    <property name="jsdoc.home" value="node_modules/@terraswarm/jsdoc" />
    <property name="debuglevel" value="source,lines,vars" />
    <property name="checkstyle.formatter" value="xml" />
    <property name="env._system_version" value="16.04" />
    <property name="bin.vergil.makeable" value="true" />
    <property name="sun.os.patch.level" value="unknown" />
    <property name="java.vendor.url" value="http://java.oracle.com/" />
    <property name="env.TRAVIS_BUILD_WEB_URL" value="https://travis-ci.org/icyphy/ptII/builds/557086131" />
    <property name="java.version" value="10.0.2" />
    <property name="env.TZ" value="UTC" />
    <property name="env.TRAVIS_PULL_REQUEST_SHA" value="" />
    <property name="env.PT_NO_NET" value="true" />
    <property name="env.TRAVIS_SECURE_ENV_VARS" value="true" />
    <property name="env._system_type" value="Linux" />
    <property name="java.vendor.url.bug" value="http://bugreport.java.com/bugreport/" />
    <property name="npmjs-org-is-up" value="true" />
    <property name="env.LANGUAGE" value="en_US.UTF-8" />
    <property name="env.SSH_CLIENT" value="10.10.4.34 54858 22" />
    <property name="env.GEM_HOME" value="/home/travis/.rvm/gems/ruby-2.5.3" />
    <property name="env.HAS_ANTARES_THREE_LITTLE_FRONZIES_BADGE" value="true" />
    <property name="java.version.date" value="2018-07-17" />
    <property name="env.PS4" value="+" />
    <property name="ant.project.invoked-targets" value="build,test.core1.xml" />
    <property name="env.TRAVIS_PULL_REQUEST_BRANCH" value="" />
    <property name="env.TRAVIS_REPO_SLUG" value="icyphy/ptII" />
    <property name="env.XDG_DATA_DIRS" value="/usr/local/share:/usr/share:/var/lib/snapd/desktop" />
    <property name="jdk.debug" value="release" />
    <property name="env.TRAVIS_APT_PROXY" value="http://apt.cache.travis-ci.com" />
    <property name="node.in.path" value="true" />
    <property name="user.name" value="travis" />
    <property name="java.maxmemory" value="1400m" />
    <property name="env.RUBY_VERSION" value="ruby-2.5.3" />
    <property name="env.LANG" value="en_US.UTF-8" />
    <property name="sun.io.unicode.encoding" value="UnicodeLittle" />
    <property name="sun.jnu.encoding" value="UTF-8" />
    <property name="java.runtime.name" value="OpenJDK Runtime Environment" />
    <property name="usefile" value="false" />
    <property name="return.code" value="0" />
    <property name="junit.single.formatter" value="plain" />
    <property name="env.DYLD_LIBRARY_PATH" value="/home/travis/pthla/certi-tools/lib:" />
    <property name="env.DEBIAN_FRONTEND" value="noninteractive" />
    <property name="env.SSH_CONNECTION" value="10.10.4.34 54858 10.20.1.234 22" />
    <property name="env.MYSQL_UNIX_PORT" value="/var/run/mysqld/mysqld.sock" />
    <property name="env.LC_ALL" value="en_US.UTF-8" />
    <property name="env.TRAVIS_ALLOW_FAILURE" value="false" />
    <property name="env.TRAVIS_JOB_WEB_URL" value="https://travis-ci.org/icyphy/ptII/jobs/557086139" />
    <property name="java.specification.name" value="Java Platform API Specification" />
    <property name="node.works" value="true" />
    <property name="user.timezone" value="" />
    <property name="path.separator" value=":" />
    <property name="env.TRAVIS_ENABLE_INFRA_DETECTION" value="true" />
    <property name="env.PYTHON_CFLAGS" value="-g -fstack-protector --param=ssp-buffer-size=4 -Wformat -Werror=format-security" />
    <property name="timeout.long" value="4000000" />
    <property name="env.CERTI_HOME" value="/home/travis/pthla/certi-tools" />
    <property name="ant.file.ptII" value="/home/travis/build/icyphy/ptII/build.xml" />
    <property name="javadoc.packagenames" value="com.*,diva.*,lbnl.*,org.hlacerti.*,org.json.*,org.ptolemy.*,org.terraswarm.*,ptolemy.*,ptserver.*" />
    <property name="file.encoding" value="UTF-8" />
    <property name="env.TRAVIS_PULL_REQUEST_SLUG" value="" />
    <property name="ant.project.default-target" value="build" />
    <property name="env.GIT_ASKPASS" value="echo" />
    <property name="env.HOME" value="/home/travis" />
    <property name="sun.java.command" value="org.apache.tools.ant.taskdefs.optional.junit.JUnitTestRunner ptolemy.actor.lib.test.junit.JUnitTclTest skipNonTests=false filtertrace=true haltOnError=false haltOnFailure=false formatter=org.apache.tools.ant.taskdefs.optional.junit.OutErrSummaryJUnitResultFormatter showoutput=true outputtoformatters=true logfailedtests=true threadid=0 logtestlistenerevents=false formatter=org.apache.tools.ant.taskdefs.optional.junit.XMLJUnitResultFormatter,/home/travis/build/icyphy/ptII/reports/junit/TEST-ptolemy.actor.lib.test.junit.JUnitTclTest.xml crashfile=/home/travis/build/icyphy/ptII/junitvmwatcher11027687574832782426.properties propsfile=/home/travis/build/icyphy/ptII/junit16361055495618647933.properties" />
    <property name="env.COMPOSER_NO_INTERACTION" value="1" />
    <property name="env.MANPATH" value="/home/travis/.nvm/versions/node/v7.10.1/share/man:/home/travis/.rvm/rubies/ruby-2.5.3/share/man:/usr/local/cmake-3.12.4/man:/usr/local/clang-7.0.0/share/man:/usr/local/man:/usr/local/share/man:/usr/share/man:/home/travis/.rvm/man" />
    <property name="env.TRAVIS_TIMER_ID" value="2110edae" />
    <property name="ant.file" value="/home/travis/build/icyphy/ptII/build.xml" />
    <property name="env.TRAVIS_COMMIT_RANGE" value="a68e3460e677...95c942bb1965" />
    <property name="env._system_name" value="Ubuntu" />
    <property name="ptII.classpath.optional.property" value="/home/travis/build/icyphy/ptII/lib/bsh-2.0b4.jar:/home/travis/build/icyphy/ptII/lib/ptCal.jar:/home/travis/build/icyphy/ptII/lib/java_cup.jar:/home/travis/build/icyphy/ptII/lib/saxon8.jar:/home/travis/build/icyphy/ptII/lib/saxon8-dom.jar:/home/travis/build/icyphy/ptII/lib/chic.jar:/home/travis/build/icyphy/ptII/lib/ptcolt.jar:/home/travis/build/icyphy/ptII/vendors/misc/itext/iText.jar:/home/travis/build/icyphy/ptII/lib/g4ltl.jar:/home/travis/build/icyphy/ptII/lib/StructuralCoder.jar:/home/travis/build/icyphy/ptII/vendors/jai-1_1_2_01/lib/jai_core.jar:/home/travis/build/icyphy/ptII/vendors/jai-1_1_2_01/lib/jai_codec.jar:/home/travis/build/icyphy/ptII/lib/jcerti.jar:/home/travis/build/icyphy/ptII/lib/javax.mail.jar:/usr/share/java/openjfx/jre/lib/ext/jfxrt.jar:/usr/lib/jvm/java-8-openjdk-amd64/jre/lib/ext/jfxrt.jar:/home/travis/build/icyphy/ptII/vendors/JMF-2.1.1e/lib/jmf.jar:/home/travis/build/icyphy/ptII/lib/jna-4.0.0-variadic.jar:/home/travis/build/icyphy/ptII/vendors/misc/joystick/Joystick.jar:/home/travis/build/icyphy/ptII/lib/ptjacl.jar:/home/travis/build/icyphy/ptII/lib/jsoup-1.8.2.jar:/home/travis/build/icyphy/ptII/lib/junit-4.8.2.jar:/home/travis/build/icyphy/ptII/lib/JUnitParams-0.4.0.jar:/home/travis/build/icyphy/ptII/ptolemy/actor/lib/excel/jxl.jar:/home/travis/build/icyphy/ptII/lib/jython.jar:/home/travis/build/icyphy/ptII/lib/kieler.jar:/home/travis/build/icyphy/ptII/lib/opencv-341.jar:/home/travis/build/icyphy/ptII/lib/oscP5.jar:/home/travis/build/icyphy/ptII/lib/nrjavaserial-3.11.0.devel.jar:/home/travis/build/icyphy/ptII/vendors/j3d/lib/j3dcore.jar:/home/travis/build/icyphy/ptII/vendors/j3d/lib/j3dutils.jar:/home/travis/build/icyphy/ptII/vendors/j3d/lib/vecmath.jar:/home/travis/build/icyphy/ptII/ptolemy/distributed/jini/jar/jini-core.jar:/home/travis/build/icyphy/ptII/ptolemy/distributed/jini/jar/jini-ext.jar:/home/travis/build/icyphy/ptII/ptolemy/distributed/jini/jar/sun-util.jar:/home/travis/build/icyphy/ptII/lib/protobuf-java-2.4.1.jar:/home/travis/build/icyphy/ptII/lib/org.eclipse.paho.client.mqttv3.jar:/home/travis/build/icyphy/ptII/lib/mapss.jar:/home/travis/build/icyphy/ptII/ptolemy/actor/ptalon/antlr/antlr.jar:/home/travis/build/icyphy/ptII/lib/JRI.jar:/home/travis/build/icyphy/ptII/lib/commons-lang-2.6.jar:/home/travis/build/icyphy/ptII/lib/commons-logging-1.1.1.jar:/home/travis/build/icyphy/ptII/lib/sootclasses.jar:/home/travis/build/icyphy/ptII/ptolemy/actor/lib/database/mysql-connector-java-5.1.6-bin.jar:/home/travis/build/icyphy/ptII/vendors/misc/sphinx4/sphinx4-data-5prealpha.jar:/home/travis/build/icyphy/ptII/vendors/misc/sphinx4/sphinx4-core-5prealpha.jar:/home/travis/build/icyphy/ptII/lib/PDFRenderer.jar:/home/travis/build/icyphy/ptII/lib/svgSalamander.jar:/home/travis/build/icyphy/ptII/lib/rsyntaxtextarea-2.6.0-SNAPSHOT.jar:/home/travis/build/icyphy/ptII/lib/hazelcast-3.8.2.jar:/home/travis/build/icyphy/ptII/lib/jackson-annotations-2.9.0.jar:/home/travis/build/icyphy/ptII/lib/jackson-core-2.9.3.jar:/home/travis/build/icyphy/ptII/lib/jackson-databind-2.9.3.jar:/home/travis/build/icyphy/ptII/lib/netty-buffer-4.1.19.Final.jar:/home/travis/build/icyphy/ptII/lib/netty-codec-4.1.19.Final.jar:/home/travis/build/icyphy/ptII/lib/netty-codec-dns-4.1.19.Final.jar:/home/travis/build/icyphy/ptII/lib/netty-codec-http-4.1.19.Final.jar:/home/travis/build/icyphy/ptII/lib/netty-codec-http2-4.1.19.Final.jar:/home/travis/build/icyphy/ptII/lib/netty-common-4.1.19.Final.jar:/home/travis/build/icyphy/ptII/lib/netty-handler-4.1.19.Final.jar:/home/travis/build/icyphy/ptII/lib/netty-resolver-4.1.19.Final.jar:/home/travis/build/icyphy/ptII/lib/netty-resolver-dns-4.1.19.Final.jar:/home/travis/build/icyphy/ptII/lib/netty-transport-4.1.19.Final.jar:/home/travis/build/icyphy/ptII/lib/vertx-codegen-3.5.1.jar:/home/travis/build/icyphy/ptII/lib/vertx-core-3.5.2-SNAPSHOT.jar:/home/travis/build/icyphy/ptII/lib/vertx-hazelcast-3.5.1.jar:/home/travis/build/icyphy/ptII/lib/vertx-lang-js-3.5.1.jar:/home/travis/build/icyphy/ptII/lib/vertx-service-proxy-3.5.1.jar:/home/travis/build/icyphy/ptII/lib/vertx-web-3.5.1.jar:/home/travis/build/icyphy/ptII/lib/slf4j-api-1.7.13.jar:/home/travis/build/icyphy/ptII/lib/slf4j-simple-1.7.13.jar:/home/travis/build/icyphy/ptII/lib/webcam-capture-0.3.12.jar:/home/travis/build/icyphy/ptII/lib/bridj-0.7.0.jar:/home/travis/build/icyphy/ptII/lib/xbjlib-1.1.0.nrjavaserial.jar" />
    <property name="timeout" value="2400000" />
    <property name="test.batch" value="**/junit/*.java" />
    <property name="env._" value="/usr/bin/timeout" />
    <property name="java.io.tmpdir" value="/tmp" />
    <property name="user.language" value="en" />
    <property name="env.TRAVIS_INTERNAL_RUBY_REGEX" value="^ruby-(2\.[0-4]\.[0-9]|1\.9\.3)" />
    <property name="env.HISTCONTROL" value="ignoredups:ignorespace" />
    <property name="env.GOROOT" value="/home/travis/.gimme/versions/go1.11.1.linux.amd64" />
    <property name="line.separator" value="&#xa;" />
    <property name="target" value="10" />
    <property name="env.TRAVIS_BUILD_DIR" value="/home/travis/build/icyphy/ptII" />
    <property name="env.ANT_OPTS" value="-Xmx2048m" />
    <property name="ant.file.type" value="file" />
    <property name="ptolemy.ptII.batchMode" value="true" />
    <property name="env.HISTSIZE" value="1000" />
    <property name="env.MERB_ENV" value="test" />
    <property name="java.vm.info" value="mixed mode" />
    <property name="source" value="10" />
    <property name="java.vm.specification.name" value="Java Virtual Machine Specification" />
    <property name="env.TRAVIS_TEST_RESULT" value="0" />
    <property name="jsdoc.command" value="node_modules/@terraswarm/jsdoc/jsdoc.js" />
    <property name="npm.works" value="true" />
    <property name="cobertura.dir" value="/home/travis/build/icyphy/ptII/vendors/cobertura-2.0.3" />
    <property name="jsdoc.command.exists" value="true" />
    <property name="env.rvm_path" value="/home/travis/.rvm" />
    <property name="env.GEM_PATH" value="/home/travis/.rvm/gems/ruby-2.5.3:/home/travis/.rvm/gems/ruby-2.5.3@global" />
    <property name="env.LC_CTYPE" value="en_US.UTF-8" />
    <property name="env.TRAVIS_CMD" value="$PTII/bin/ptIITravisBuild.sh $SECONDS" />
    <property name="java.awt.printerjob" value="sun.print.PSPrinterJob" />
    <property name="env.TRAVIS_STACK_NAME" value="sardonyx" />
    <property name="env.TRAVIS_TIMER_START_TIME" value="1562809421951443581" />
    <property name="ant.version" value="Apache Ant(TM) version 1.10.1 compiled on February 2 2017" />
    <property name="ptII.reports" value="/home/travis/build/icyphy/ptII/reports" />
    <property name="env.TRAVIS_STACK_TIMESTAMP" value="2019-03-25 16:16:56 UTC" />
    <property name="ant.file.type.ptII" value="file" />
    <property name="env.RBENV_SHELL" value="bash" />
    <property name="os.name" value="Linux" />
    <property name="java.specification.vendor" value="Oracle Corporation" />
    <property name="env.rvm_version" value="1.29.7 (latest)" />
    <property name="env.TRAVIS_INFRA" value="gce" />
    <property name="env.TERM" value="xterm" />
    <property name="java.vm.name" value="OpenJDK 64-Bit Server VM" />
    <property name="env.TRAVIS_BUILD_NUMBER" value="1214" />
    <property name="env.CI" value="true" />
    <property name="java.library.path" value="/home/travis/pthla/certi-tools/lib:/usr/lib/jni:/usr/local/share/OpenCV/java/:/usr/share/OpenCV/java::/usr/java/packages/lib:/usr/lib64:/lib64:/lib:/usr/lib" />
    <property name="env.rvm_prefix" value="/home/travis" />
    <property name="env.PATH" value="/home/travis/pthla/certi-tools/share/scripts:/home/travis/.rvm/gems/ruby-2.5.3/bin:/home/travis/.rvm/gems/ruby-2.5.3@global/bin:/home/travis/.rvm/rubies/ruby-2.5.3/bin:/home/travis/.rvm/bin:/home/travis/.nvm/versions/node/v7.10.1/bin:./node_modules/.bin:/home/travis/build/icyphy/ptII/bin:/home/travis/pthla/certi-tools/bin:/usr/local/lib/jvm/openjdk10/bin:/home/travis/bin:/home/travis/.local/bin:/usr/local/lib/jvm/openjdk11/bin:/opt/pyenv/shims:/home/travis/.phpenv/shims:/home/travis/perl5/perlbrew/bin:/home/travis/gopath/bin:/home/travis/.gimme/versions/go1.11.1.linux.amd64/bin:/usr/local/maven-3.6.0/bin:/usr/local/cmake-3.12.4/bin:/usr/local/clang-7.0.0/bin:/usr/local/sbin:/usr/local/bin:/usr/sbin:/usr/bin:/sbin:/bin:/snap/bin:/home/travis/.phpenv/bin:/opt/pyenv/bin:/home/travis/.yarn/bin" />
    <property name="env.TRAVIS_OS_NAME" value="linux" />
    <property name="ant.java.version" value="9" />
    <property name="basedir" value="/home/travis/build/icyphy/ptII" />
    <property name="java.class.version" value="54.0" />
    <property name="env.SHLVL" value="3" />
    <property name="env.LD_LIBRARY_PATH" value="/home/travis/pthla/certi-tools/lib:/usr/lib/jni:/usr/local/share/OpenCV/java/:/usr/share/OpenCV/java:" />
    <property name="env.RACK_ENV" value="test" />
    <property name="ant.home" value="/home/travis/build/icyphy/ptII/ant" />
    <property name="env.NVM_DIR" value="/home/travis/.nvm" />
    <property name="env.CERTI_FOM_PATH" value="/home/travis/pthla/certi-tools/share/federations" />
    <property name="env.TRAVIS_BUILD_ID" value="557086131" />
    <property name="env.PYENV_ROOT" value="/opt/pyenv" />
    <property name="env.TRAVIS_UID" value="2000" />
    <property name="prism.verbose" value="true" />
    <property name="env.NVM_BIN" value="/home/travis/.nvm/versions/node/v7.10.1/bin" />
    <property name="env.TRAVIS_COMMIT" value="95c942bb19656bc58d7c51eb18447bf854f70d85" />
    <property name="env._system_arch" value="x86_64" />
    <property name="node.executable" value="node" />
    <property name="sun.boot.library.path" value="/usr/local/lib/jvm/openjdk10/lib" />
    <property name="sun.management.compiler" value="HotSpot 64-Bit Tiered Compilers" />
    <property name="java.awt.graphicsenv" value="sun.awt.X11GraphicsEnvironment" />
    <property name="env.GOPATH" value="/home/travis/gopath" />
    <property name="ptolemy.ptII.dir" value="/home/travis/build/icyphy/ptII" />
    <property name="env.USER" value="travis" />
    <property name="env.HISTFILESIZE" value="2000" />
    <property name="timeout.longest" value="19000000" />
    <property name="env.PERLBREW_SHELLRC_VERSION" value="0.86" />
    <property name="env.TRAVIS_STACK_FEATURES" value="basic couchdb disabled-ipv6 docker docker-compose elasticsearch firefox go-toolchain google-chrome jdk memcached mongodb mysql nodejs_interpreter perl_interpreter perlbrew phantomjs postgresql python_interpreter redis ruby_interpreter sqlite xserver" />
    <property name="env.TRAVIS_PULL_REQUEST" value="false" />
    <property name="env.PYENV_SHELL" value="bash" />
    <property name="ant.project.name" value="ptII" />
    <property name="env.ANSI_RESET" value="\033[0m" />
    <property name="java.vm.specification.version" value="10" />
    <property name="env.TRAVIS_DIST" value="xenial" />
    <property name="env.CERTI_VERSION" value="4.0.0" />
    <property name="env.CERTI_HOST" value="localhost" />
    <property name="awt.toolkit" value="sun.awt.X11.XToolkit" />
    <property name="env.MY_RUBY_HOME" value="/home/travis/.rvm/rubies/ruby-2.5.3" />
    <property name="sun.cpu.isalist" value="" />
    <property name="env.TRAVIS_TMPDIR" value="/tmp/tmp.1pcHiXPyVI" />
    <property name="java.vm.compressedOopsMode" value="Zero based" />
    <property name="os.version" value="4.15.0-1028-gcp" />
    <property name="user.home" value="/home/travis" />
    <property name="java.vm.vendor" value="&quot;Oracle Corporation&quot;" />
    <property name="env.TRAVIS_TAG" value="nightly" />
    <property name="env.ANSI_YELLOW" value="\033[33;1m" />
    <property name="env.TRAVIS_FILTERED" value="redirect_io" />
    <property name="env.ANSI_GREEN" value="\033[32;1m" />
    <property name="env.JAVA_HOME" value="/usr/local/lib/jvm/openjdk11" />
    <property name="javadoc.excludepackagenames" value="adm.cvs2svn.*,build.*,config.*,doc.coding.templates.*,jni.test.jni.meaningOfLife.*,jni.test.jni.testDeux.*,jni.test.jni.testTrois.*,org.terraswarm.accessor.accessors.web.node_modules.*,org.terraswarm.accessor.accessors.web.hosts.cordova.demo.*,org.terraswarm.accessor.accessors.web.hosts.cordova.plugins.*,org.terraswarm.accessor.accessors-svn.*,pt-modules.*,ptolemy.apps.agilent.*,ptolemy.apps.anytimecontrol.*,ptolemy.apps.apes.*,ptolemy.apps.charon.*,ptolemy.apps.crazyboard.*,ptolemy.apps.eclipse.*,ptolemy.apps.etherealSting.*,ptolemy.apps.fullscreen.*,ptolemy.apps.giotto.*,ptolemy.apps.ia.*,ptolemy.apps.interfaces.*,ptolemy.apps.jmf.*,ptolemy.apps.kurt.*,ptolemy.apps.kvm.*,ptolemy.apps.lego.*,ptolemy.apps.lejos.*,ptolemy.apps.midp.*,ptolemy.apps.mobileCoding.*,ptolemy.apps.pendulum.*,ptolemy.apps.rijndael.*,ptolemy.apps.robot.*,ptolemy.apps.security.*,ptolemy.apps.sobel.*,ptolemy.apps.soot.*,ptolemy.apps.throttle.*,ptolemy.apps.tini.*,ptolemy.apps.transmission.*,ptolemy.apps.vergil.*,ptolemy.apps.waba.*,ptolemy.apps.websensor.*,ptolemy.apps.webstart.*,ptolemy.apps.xsl.*,ptolemy.apps.zaurus.*,ptolemy.codegen.c.actor.lib.oldJavaFiles.*,ptolemy.codegen.dsp.lib.*,ptolemy.codegen.kernel.newInterfaces.*,ptolemy.codegen.lib.*,ptolemy.copernicus.kernel.fragment.*,ptolemy.copernicus.shallow.cg.*,ptolemy.domains.giotto.demo.Hierarchy.Hierarchy.*,ptolemy.domains.giotto.demo.Multimode.Multimode.*,ptolemy.domains.giotto.demo.Simple.Simple.*,ptolemy.domains.gr.lib.experimental.*,ptolemy.domains.gro.*,ptolemy.domains.pdf.*,ptolemy.domains.ptinyos.demo.Surge.output.*,ptolemy.moml.test.NoPackageActor.java*,ptolemy.plot.adm.*,ptolemy.plot.servlet.*,reports.*,signed.*,src.*,target.*,vendors.*,ptolemy.copernicus.applet.*,ptolemy.media.viewer.*,ptolemy.actor.corba.*,doc.doclets.*,ptolemy.apps.eclipse.awt.*,ptolemy.backtrack.*,ptolemy.backtrack.ast.*,ptolemy.cg.adapter.generic.program.procedural.c.mbed*,ptolemy.homer.*,org.ptolemy.scala.*,diva.util.java2d.svg.*,ptolemy.domains.ptinyos.*,ptolemy.actor.lib.fmi.fmipp.*,,org.terraswarm.accessor.accessors.web.node_modules.*,org.terraswarm.accessor.accessors-svn,ptolemy.apps.*,ptolemy.actor.ptalon.demo.ptinyos.SendAndReceiveCnt.output,ptolemy.actor.ptalon.demo.ptinyos.SenseToLeds.output,ptolemy.domains.ptinyos.demo.CntToLedsAndRfm.output,ptolemy.domains.ptinyos.demo.RfmToLeds.output,ptolemy.domains.ptinyos.demo.SendAndReceiveCnt.output,ptolemy.domains.ptinyos.demo.SenseToLeds.output,ptolemy.actor.lib.jjs.modules.udpSocket.*" />
    <property name="env.PTII" value="/home/travis/build/icyphy/ptII" />
    <property name="env.XDG_SESSION_ID" value="2" />
    <property name="keystore" value="ptKeystore" />
    <property name="env.TRAVIS_COMMIT_MESSAGE" value="Temporarily add -Djavafx.verbose=true -Dprism.verbose=true so that we get debugging messages." />
    <property name="junit.output.dir" value="/home/travis/build/icyphy/ptII/reports/junit" />
    <property name="npm.return.code" value="0" />
    <property name="user.dir" value="/home/travis/build/icyphy/ptII/ptolemy/actor/lib/test" />
    <property name="env.TRAVIS_NODE_VERSION" value="7" />
    <property name="env.TRAVIS_EVENT_TYPE" value="push" />
    <property name="env.MAIL" value="/var/mail/travis" />
    <property name="env.PERLBREW_ROOT" value="/home/travis/perl5/perlbrew" />
    <property name="env.PWD" value="/home/travis/build/icyphy/ptII" />
    <property name="timeout.npm" value="45000" />
    <property name="env.TRAVIS_ARCH" value="amd64" />
    <property name="sun.cpu.endian" value="little" />
    <property name="env.PAGER" value="cat" />
    <property name="env.TRAVIS_BUILD_STAGE_NAME" value="Test" />
    <property name="env.PERLBREW_HOME" value="/home/travis/.perlbrew" />
    <property name="java.vm.version" value="10.0.2+13" />
    <property name="env.RAILS_ENV" value="test" />
    <property name="java.class.path" value="/home/travis/.ptolemyII:/home/travis/.ptolemyII/*:/home/travis/build/icyphy/ptII:/home/travis/build/icyphy/ptII/lib/bsh-2.0b4.jar:/home/travis/build/icyphy/ptII/lib/ptCal.jar:/home/travis/build/icyphy/ptII/lib/java_cup.jar:/home/travis/build/icyphy/ptII/lib/saxon8.jar:/home/travis/build/icyphy/ptII/lib/saxon8-dom.jar:/home/travis/build/icyphy/ptII/lib/chic.jar:/home/travis/build/icyphy/ptII/lib/ptcolt.jar:/home/travis/build/icyphy/ptII/vendors/misc/itext/iText.jar:/home/travis/build/icyphy/ptII/lib/g4ltl.jar:/home/travis/build/icyphy/ptII/lib/StructuralCoder.jar:/home/travis/build/icyphy/ptII/vendors/jai-1_1_2_01/lib/jai_core.jar:/home/travis/build/icyphy/ptII/vendors/jai-1_1_2_01/lib/jai_codec.jar:/home/travis/build/icyphy/ptII/lib/jcerti.jar:/home/travis/build/icyphy/ptII/lib/javax.mail.jar:/usr/share/java/openjfx/jre/lib/ext/jfxrt.jar:/usr/lib/jvm/java-8-openjdk-amd64/jre/lib/ext/jfxrt.jar:/home/travis/build/icyphy/ptII/vendors/JMF-2.1.1e/lib/jmf.jar:/home/travis/build/icyphy/ptII/lib/jna-4.0.0-variadic.jar:/home/travis/build/icyphy/ptII/vendors/misc/joystick/Joystick.jar:/home/travis/build/icyphy/ptII/lib/ptjacl.jar:/home/travis/build/icyphy/ptII/lib/jsoup-1.8.2.jar:/home/travis/build/icyphy/ptII/lib/junit-4.8.2.jar:/home/travis/build/icyphy/ptII/lib/JUnitParams-0.4.0.jar:/home/travis/build/icyphy/ptII/ptolemy/actor/lib/excel/jxl.jar:/home/travis/build/icyphy/ptII/lib/jython.jar:/home/travis/build/icyphy/ptII/lib/kieler.jar:/home/travis/build/icyphy/ptII/lib/opencv-341.jar:/home/travis/build/icyphy/ptII/lib/oscP5.jar:/home/travis/build/icyphy/ptII/lib/nrjavaserial-3.11.0.devel.jar:/home/travis/build/icyphy/ptII/vendors/j3d/lib/j3dcore.jar:/home/travis/build/icyphy/ptII/vendors/j3d/lib/j3dutils.jar:/home/travis/build/icyphy/ptII/vendors/j3d/lib/vecmath.jar:/home/travis/build/icyphy/ptII/ptolemy/distributed/jini/jar/jini-core.jar:/home/travis/build/icyphy/ptII/ptolemy/distributed/jini/jar/jini-ext.jar:/home/travis/build/icyphy/ptII/ptolemy/distributed/jini/jar/sun-util.jar:/home/travis/build/icyphy/ptII/lib/protobuf-java-2.4.1.jar:/home/travis/build/icyphy/ptII/lib/org.eclipse.paho.client.mqttv3.jar:/home/travis/build/icyphy/ptII/lib/mapss.jar:/home/travis/build/icyphy/ptII/ptolemy/actor/ptalon/antlr/antlr.jar:/home/travis/build/icyphy/ptII/lib/JRI.jar:/home/travis/build/icyphy/ptII/lib/commons-lang-2.6.jar:/home/travis/build/icyphy/ptII/lib/commons-logging-1.1.1.jar:/home/travis/build/icyphy/ptII/lib/sootclasses.jar:/home/travis/build/icyphy/ptII/ptolemy/actor/lib/database/mysql-connector-java-5.1.6-bin.jar:/home/travis/build/icyphy/ptII/vendors/misc/sphinx4/sphinx4-data-5prealpha.jar:/home/travis/build/icyphy/ptII/vendors/misc/sphinx4/sphinx4-core-5prealpha.jar:/home/travis/build/icyphy/ptII/lib/PDFRenderer.jar:/home/travis/build/icyphy/ptII/lib/svgSalamander.jar:/home/travis/build/icyphy/ptII/lib/rsyntaxtextarea-2.6.0-SNAPSHOT.jar:/home/travis/build/icyphy/ptII/lib/hazelcast-3.8.2.jar:/home/travis/build/icyphy/ptII/lib/jackson-annotations-2.9.0.jar:/home/travis/build/icyphy/ptII/lib/jackson-core-2.9.3.jar:/home/travis/build/icyphy/ptII/lib/jackson-databind-2.9.3.jar:/home/travis/build/icyphy/ptII/lib/netty-buffer-4.1.19.Final.jar:/home/travis/build/icyphy/ptII/lib/netty-codec-4.1.19.Final.jar:/home/travis/build/icyphy/ptII/lib/netty-codec-dns-4.1.19.Final.jar:/home/travis/build/icyphy/ptII/lib/netty-codec-http-4.1.19.Final.jar:/home/travis/build/icyphy/ptII/lib/netty-codec-http2-4.1.19.Final.jar:/home/travis/build/icyphy/ptII/lib/netty-common-4.1.19.Final.jar:/home/travis/build/icyphy/ptII/lib/netty-handler-4.1.19.Final.jar:/home/travis/build/icyphy/ptII/lib/netty-resolver-4.1.19.Final.jar:/home/travis/build/icyphy/ptII/lib/netty-resolver-dns-4.1.19.Final.jar:/home/travis/build/icyphy/ptII/lib/netty-transport-4.1.19.Final.jar:/home/travis/build/icyphy/ptII/lib/vertx-codegen-3.5.1.jar:/home/travis/build/icyphy/ptII/lib/vertx-core-3.5.2-SNAPSHOT.jar:/home/travis/build/icyphy/ptII/lib/vertx-hazelcast-3.5.1.jar:/home/travis/build/icyphy/ptII/lib/vertx-lang-js-3.5.1.jar:/home/travis/build/icyphy/ptII/lib/vertx-service-proxy-3.5.1.jar:/home/travis/build/icyphy/ptII/lib/vertx-web-3.5.1.jar:/home/travis/build/icyphy/ptII/lib/slf4j-api-1.7.13.jar:/home/travis/build/icyphy/ptII/lib/slf4j-simple-1.7.13.jar:/home/travis/build/icyphy/ptII/lib/webcam-capture-0.3.12.jar:/home/travis/build/icyphy/ptII/lib/bridj-0.7.0.jar:/home/travis/build/icyphy/ptII/lib/xbjlib-1.1.0.nrjavaserial.jar:/home/travis/build/icyphy/ptII/ptolemy/moml/test:/home/travis/build/icyphy/ptII/ant/lib/ant-launcher.jar:/home/travis/build/icyphy/ptII/ant/lib/ant.jar:/home/travis/build/icyphy/ptII/ant/lib/ant-junit.jar:/home/travis/build/icyphy/ptII/ant/lib/ant-junit4.jar" />
    <property name="ant.library.dir" value="/home/travis/build/icyphy/ptII/ant/lib" />
    <property name="os.arch" value="amd64" />
    <property name="env.CONTINUOUS_INTEGRATION" value="true" />
    <property name="env.TRAVIS_LANGUAGE" value="node_js" />
    <property name="env.TRAVIS_STACK_LANGUAGES" value="__sardonyx__ c c++ clojure cplusplus cpp default generic go groovy java node_js php pure_java python ruby scala" />
    <property name="test.name" value="ptolemy.actor.lib.test.junit.JUnitTclTest" />
    <property name="env.APT_KEY_DONT_WARN_ON_DANGEROUS_USAGE" value="1" />
    <property name="sun.java.launcher" value="SUN_STANDARD" />
    <property name="env.PYTHON_CONFIGURE_OPTS" value="--enable-unicode=ucs4 --with-wide-unicode --enable-shared --enable-ipv6 --enable-loadable-sqlite-extensions --with-computed-gotos" />
    <property name="ant.core.lib" value="/home/travis/build/icyphy/ptII/ant/lib/ant.jar" />
    <property name="java.vm.specification.vendor" value="Oracle Corporation" />
    <property name="env.BCVTB_HOME" value="/home/travis/build/icyphy/ptII/lbnl" />
    <property name="file.separator" value="/" />
    <property name="spotbugs.home" value="/home/travis/build/icyphy/ptII/vendors/spotbugs-3.1.1" />
    <property name="java.runtime.version" value="10.0.2+13" />
    <property name="env.ANSI_CLEAR" value="\033[0K" />
    <property name="javafx.verbose" value="true" />
    <property name="env.HAS_JOSH_K_SEAL_OF_APPROVAL" value="true" />
    <property name="env.XDG_RUNTIME_DIR" value="/run/user/2000" />
    <property name="env.TRAVIS_OSX_IMAGE" value="" />
    <property name="env.TRAVIS_JOB_ID" value="557086139" />
    <property name="env.TRAVIS_BRANCH" value="master" />
    <property name="user.country" value="US" />
    <property name="env.CERTI_HOME_TRAVIS" value="/home/travis/pthla/certi-tools" />
    <property name="env.SHELL" value="/bin/bash" />
    <property name="java.maxmemory.large" value="5000m" />
    <property name="model" value="" />
    <property name="env.CASHER_DIR" value="/home/travis/.casher" />
    <property name="env.NVM_CD_FLAGS" value="" />
    <property name="java.vendor.version" value="18.3" />
    <property name="jshint.executable" value="/home/travis/node_modules/jshint/bin/jshint" />
    <property name="env.JRUBY_OPTS" value=" --client -J-XX:+TieredCompilation -J-XX:TieredStopAtLevel=1 -J-Xss2m -Xcompile.invokedynamic=false" />
    <property name="java.vendor" value="Oracle Corporation" />
    <property name="env.TRAVIS_PRE_CHEF_BOOTSTRAP_TIME" value="2019-03-25T16:16:42" />
    <property name="env.TRAVIS_STACK_JOB_BOARD_REGISTER" value="/.job-board-register.yml" />
    <property name="env.ANSI_RED" value="\033[31;1m" />
    <property name="java.specification.version" value="10" />
    <property name="env.IRBRC" value="/home/travis/.rvm/rubies/ruby-2.5.3/.irbrc" />
    <property name="env.TRAVIS" value="true" />
    <property name="sun.arch.data.model" value="64" />
  </properties>
  <testcase classname="ptolemy.util.test.junit.TclTests" name="[0] /home/travis/build/icyphy/ptII/ptolemy/actor/lib/test/AbsoluteValue.tcl (RunTclFile)" time="0.622" />
  <testcase classname="ptolemy.util.test.junit.TclTests" name="[1] /home/travis/build/icyphy/ptII/ptolemy/actor/lib/test/AddSubtract.tcl (RunTclFile)" time="0.22" />
  <testcase classname="ptolemy.util.test.junit.TclTests" name="[2] /home/travis/build/icyphy/ptII/ptolemy/actor/lib/test/Average.tcl (RunTclFile)" time="0.067" />
  <testcase classname="ptolemy.util.test.junit.TclTests" name="[3] /home/travis/build/icyphy/ptII/ptolemy/actor/lib/test/Bernoulli.tcl (RunTclFile)" time="0.05" />
  <testcase classname="ptolemy.util.test.junit.TclTests" name="[4] /home/travis/build/icyphy/ptII/ptolemy/actor/lib/test/Clock.tcl (RunTclFile)" time="0.122" />
  <testcase classname="ptolemy.util.test.junit.TclTests" name="[5] /home/travis/build/icyphy/ptII/ptolemy/actor/lib/test/Commutator.tcl (RunTclFile)" time="0.198">
    <failure message="Number of failed tests is has increased. expected:&lt;0&gt; but was:&lt;1&gt;" type="junit.framework.AssertionFailedError">junit.framework.AssertionFailedError: Number of failed tests is has increased. expected:&lt;0&gt; but was:&lt;1&gt;
	at ptolemy.util.test.junit.TclTests.RunTclFile(TclTests.java:286)
	at java.base/jdk.internal.reflect.NativeMethodAccessorImpl.invoke0(Native Method)
	at java.base/jdk.internal.reflect.NativeMethodAccessorImpl.invoke(NativeMethodAccessorImpl.java:62)
	at java.base/jdk.internal.reflect.DelegatingMethodAccessorImpl.invoke(DelegatingMethodAccessorImpl.java:43)
	at junitparams.internal.InvokeParameterisedMethod.evaluate(InvokeParameterisedMethod.java:102)
	at junitparams.internal.ParameterisedTestMethodRunner.runMethodInvoker(ParameterisedTestMethodRunner.java:47)
	at junitparams.internal.ParameterisedTestMethodRunner.runTestMethod(ParameterisedTestMethodRunner.java:41)
	at junitparams.internal.ParameterisedTestClassRunner.runParameterisedTest(ParameterisedTestClassRunner.java:143)
	at junitparams.JUnitParamsRunner.runChild(JUnitParamsRunner.java:237)
	at junitparams.JUnitParamsRunner.runChild(JUnitParamsRunner.java:215)
</failure>
  </testcase>
  <testcase classname="ptolemy.util.test.junit.TclTests" name="[6] /home/travis/build/icyphy/ptII/ptolemy/actor/lib/test/Const.tcl (RunTclFile)" time="0.13" />
  <testcase classname="ptolemy.util.test.junit.TclTests" name="[7] /home/travis/build/icyphy/ptII/ptolemy/actor/lib/test/CurrentTime.tcl (RunTclFile)" time="0.046" />
  <testcase classname="ptolemy.util.test.junit.TclTests" name="[8] /home/travis/build/icyphy/ptII/ptolemy/actor/lib/test/DB.tcl (RunTclFile)" time="0.04" />
  <testcase classname="ptolemy.util.test.junit.TclTests" name="[9] /home/travis/build/icyphy/ptII/ptolemy/actor/lib/test/DiscreteRandomSource.tcl (RunTclFile)" time="0.066" />
  <testcase classname="ptolemy.util.test.junit.TclTests" name="[10] /home/travis/build/icyphy/ptII/ptolemy/actor/lib/test/Distributor.tcl (RunTclFile)" time="0.077" />
  <testcase classname="ptolemy.util.test.junit.TclTests" name="[11] /home/travis/build/icyphy/ptII/ptolemy/actor/lib/test/Exit.tcl (RunTclFile)" time="0.102" />
  <testcase classname="ptolemy.util.test.junit.TclTests" name="[12] /home/travis/build/icyphy/ptII/ptolemy/actor/lib/test/Expression.tcl (RunTclFile)" time="0.15" />
  <testcase classname="ptolemy.util.test.junit.TclTests" name="[13] /home/travis/build/icyphy/ptII/ptolemy/actor/lib/test/Gaussian.tcl (RunTclFile)" time="0.546" />
  <testcase classname="ptolemy.util.test.junit.TclTests" name="[14] /home/travis/build/icyphy/ptII/ptolemy/actor/lib/test/IIR.tcl (RunTclFile)" time="0.06" />
  <testcase classname="ptolemy.util.test.junit.TclTests" name="[15] /home/travis/build/icyphy/ptII/ptolemy/actor/lib/test/Interpolator.tcl (RunTclFile)" time="0.084" />
  <testcase classname="ptolemy.util.test.junit.TclTests" name="[16] /home/travis/build/icyphy/ptII/ptolemy/actor/lib/test/MathFunction.tcl (RunTclFile)" time="0.041" />
  <testcase classname="ptolemy.util.test.junit.TclTests" name="[17] /home/travis/build/icyphy/ptII/ptolemy/actor/lib/test/Maximum.tcl (RunTclFile)" time="0.039" />
  <testcase classname="ptolemy.util.test.junit.TclTests" name="[18] /home/travis/build/icyphy/ptII/ptolemy/actor/lib/test/Minimum.tcl (RunTclFile)" time="0.039" />
  <testcase classname="ptolemy.util.test.junit.TclTests" name="[19] /home/travis/build/icyphy/ptII/ptolemy/actor/lib/test/MultiplyDivide.tcl (RunTclFile)" time="0.063" />
  <testcase classname="ptolemy.util.test.junit.TclTests" name="[20] /home/travis/build/icyphy/ptII/ptolemy/actor/lib/test/OrderedMerge.tcl (RunTclFile)" time="0.131" />
  <testcase classname="ptolemy.util.test.junit.TclTests" name="[21] /home/travis/build/icyphy/ptII/ptolemy/actor/lib/test/Publisher.tcl (RunTclFile)" time="0.899" />
  <testcase classname="ptolemy.util.test.junit.TclTests" name="[22] /home/travis/build/icyphy/ptII/ptolemy/actor/lib/test/Pulse.tcl (RunTclFile)" time="0.053" />
  <testcase classname="ptolemy.util.test.junit.TclTests" name="[23] /home/travis/build/icyphy/ptII/ptolemy/actor/lib/test/Ramp.tcl (RunTclFile)" time="2.183" />
  <testcase classname="ptolemy.util.test.junit.TclTests" name="[24] /home/travis/build/icyphy/ptII/ptolemy/actor/lib/test/RampContinuous.tcl (RunTclFile)" time="0.021" />
  <testcase classname="ptolemy.util.test.junit.TclTests" name="[25] /home/travis/build/icyphy/ptII/ptolemy/actor/lib/test/RecordAssembler.tcl (RunTclFile)" time="0.022" />
  <testcase classname="ptolemy.util.test.junit.TclTests" name="[26] /home/travis/build/icyphy/ptII/ptolemy/actor/lib/test/RecordDisassembler.tcl (RunTclFile)" time="0.043" />
  <testcase classname="ptolemy.util.test.junit.TclTests" name="[27] /home/travis/build/icyphy/ptII/ptolemy/actor/lib/test/Scale.tcl (RunTclFile)" time="0.03" />
  <testcase classname="ptolemy.util.test.junit.TclTests" name="[28] /home/travis/build/icyphy/ptII/ptolemy/actor/lib/test/SequentialClock.tcl (RunTclFile)" time="0.029" />
  <testcase classname="ptolemy.util.test.junit.TclTests" name="[29] /home/travis/build/icyphy/ptII/ptolemy/actor/lib/test/SetVariable.tcl (RunTclFile)" time="0.029">
    <failure message="Number of failed tests is has increased. expected:&lt;1&gt; but was:&lt;2&gt;" type="junit.framework.AssertionFailedError">junit.framework.AssertionFailedError: Number of failed tests is has increased. expected:&lt;1&gt; but was:&lt;2&gt;
	at ptolemy.util.test.junit.TclTests.RunTclFile(TclTests.java:286)
	at jdk.internal.reflect.GeneratedMethodAccessor19.invoke(Unknown Source)
	at java.base/jdk.internal.reflect.DelegatingMethodAccessorImpl.invoke(DelegatingMethodAccessorImpl.java:43)
	at junitparams.internal.InvokeParameterisedMethod.evaluate(InvokeParameterisedMethod.java:102)
	at junitparams.internal.ParameterisedTestMethodRunner.runMethodInvoker(ParameterisedTestMethodRunner.java:47)
	at junitparams.internal.ParameterisedTestMethodRunner.runTestMethod(ParameterisedTestMethodRunner.java:41)
	at junitparams.internal.ParameterisedTestClassRunner.runParameterisedTest(ParameterisedTestClassRunner.java:143)
	at junitparams.JUnitParamsRunner.runChild(JUnitParamsRunner.java:237)
	at junitparams.JUnitParamsRunner.runChild(JUnitParamsRunner.java:215)
</failure>
  </testcase>
  <testcase classname="ptolemy.util.test.junit.TclTests" name="[30] /home/travis/build/icyphy/ptII/ptolemy/actor/lib/test/Sinewave.tcl (RunTclFile)" time="0.042" />
  <testcase classname="ptolemy.util.test.junit.TclTests" name="[31] /home/travis/build/icyphy/ptII/ptolemy/actor/lib/test/SubscriptionAggregator.tcl (RunTclFile)" time="2.336" />
  <testcase classname="ptolemy.util.test.junit.TclTests" name="[32] /home/travis/build/icyphy/ptII/ptolemy/actor/lib/test/Test.tcl (RunTclFile)" time="0.195" />
  <testcase classname="ptolemy.util.test.junit.TclTests" name="[33] /home/travis/build/icyphy/ptII/ptolemy/actor/lib/test/TestExceptionHandler.tcl (RunTclFile)" time="0.016" />
  <testcase classname="ptolemy.util.test.junit.TclTests" name="[34] /home/travis/build/icyphy/ptII/ptolemy/actor/lib/test/UnionDisassembler.tcl (RunTclFile)" time="0.083" />
  <testcase classname="ptolemy.util.test.junit.TclTests" name="[35] /home/travis/build/icyphy/ptII/ptolemy/actor/lib/test/VariableClock.tcl (RunTclFile)" time="0.025" />
  <testcase classname="ptolemy.util.test.junit.AutoKnownFailedTests" name="[0] /home/travis/build/icyphy/ptII/ptolemy/actor/lib/test/auto/knownFailedTests/PublisherPortToplevelSubscriber.xml (RunModel)" time="0.022" />
  <testcase classname="ptolemy.util.test.junit.AutoKnownFailedTests" name="[1] /home/travis/build/icyphy/ptII/ptolemy/actor/lib/test/auto/knownFailedTests/PublisherSubscriberPortToplevel.xml (RunModel)" time="0.025" />
  <testcase classname="ptolemy.util.test.junit.AutoKnownFailedTests" name="[2] /home/travis/build/icyphy/ptII/ptolemy/actor/lib/test/auto/knownFailedTests/PublisherSubscriptionAggregatorPort.xml (RunModel)" time="0.018" />
  <testcase classname="ptolemy.util.test.junit.AutoKnownFailedTests" name="[3] /home/travis/build/icyphy/ptII/ptolemy/actor/lib/test/auto/knownFailedTests/sizedarray3.xml (RunModel)" time="0.031" />
  <testcase classname="ptolemy.util.test.junit.AutoNameArchTests" name="[0] ThereAreNoAutoArchTests (RunModel)" time="0.005" />
  <testcase classname="ptolemy.util.test.junit.AutoTests" name="[0] /home/travis/build/icyphy/ptII/ptolemy/actor/lib/test/auto/AbsoluteValue.xml (RunModel)" time="0.138" />
  <testcase classname="ptolemy.util.test.junit.AutoTests" name="[1] /home/travis/build/icyphy/ptII/ptolemy/actor/lib/test/auto/AbsoluteValue2.xml (RunModel)" time="0.082" />
  <testcase classname="ptolemy.util.test.junit.AutoTests" name="[2] /home/travis/build/icyphy/ptII/ptolemy/actor/lib/test/auto/Accumulator.xml (RunModel)" time="0.055" />
  <testcase classname="ptolemy.util.test.junit.AutoTests" name="[3] /home/travis/build/icyphy/ptII/ptolemy/actor/lib/test/auto/Accumulator2.xml (RunModel)" time="0.071" />
  <testcase classname="ptolemy.util.test.junit.AutoTests" name="[4] /home/travis/build/icyphy/ptII/ptolemy/actor/lib/test/auto/Accumulator3.xml (RunModel)" time="0.033" />
  <testcase classname="ptolemy.util.test.junit.AutoTests" name="[5] /home/travis/build/icyphy/ptII/ptolemy/actor/lib/test/auto/ArrayAppend.xml (RunModel)" time="0.048" />
  <testcase classname="ptolemy.util.test.junit.AutoTests" name="[6] /home/travis/build/icyphy/ptII/ptolemy/actor/lib/test/auto/ArrayAppend2.xml (RunModel)" time="0.344" />
  <testcase classname="ptolemy.util.test.junit.AutoTests" name="[7] /home/travis/build/icyphy/ptII/ptolemy/actor/lib/test/auto/ArrayAppend3.xml (RunModel)" time="0.127" />
  <testcase classname="ptolemy.util.test.junit.AutoTests" name="[8] /home/travis/build/icyphy/ptII/ptolemy/actor/lib/test/auto/ArrayAppend4.xml (RunModel)" time="0.058" />
  <testcase classname="ptolemy.util.test.junit.AutoTests" name="[9] /home/travis/build/icyphy/ptII/ptolemy/actor/lib/test/auto/ArrayAppend5.xml (RunModel)" time="0.021" />
  <testcase classname="ptolemy.util.test.junit.AutoTests" name="[10] /home/travis/build/icyphy/ptII/ptolemy/actor/lib/test/auto/ArrayAppend6.xml (RunModel)" time="0.022" />
  <testcase classname="ptolemy.util.test.junit.AutoTests" name="[11] /home/travis/build/icyphy/ptII/ptolemy/actor/lib/test/auto/ArrayAppendPerformanceTest.xml (RunModel)" time="0.061" />
  <testcase classname="ptolemy.util.test.junit.AutoTests" name="[12] /home/travis/build/icyphy/ptII/ptolemy/actor/lib/test/auto/ArrayAppendWithEmptyInput.xml (RunModel)" time="0.06" />
  <testcase classname="ptolemy.util.test.junit.AutoTests" name="[13] /home/travis/build/icyphy/ptII/ptolemy/actor/lib/test/auto/ArrayAverage.xml (RunModel)" time="0.054" />
  <testcase classname="ptolemy.util.test.junit.AutoTests" name="[14] /home/travis/build/icyphy/ptII/ptolemy/actor/lib/test/auto/ArrayContains.xml (RunModel)" time="0.038" />
  <testcase classname="ptolemy.util.test.junit.AutoTests" name="[15] /home/travis/build/icyphy/ptII/ptolemy/actor/lib/test/auto/ArrayElement.xml (RunModel)" time="0.031" />
  <testcase classname="ptolemy.util.test.junit.AutoTests" name="[16] /home/travis/build/icyphy/ptII/ptolemy/actor/lib/test/auto/ArrayElementAsMatrix.xml (RunModel)" time="0.084" />
  <testcase classname="ptolemy.util.test.junit.AutoTests" name="[17] /home/travis/build/icyphy/ptII/ptolemy/actor/lib/test/auto/ArrayElementI.xml (RunModel)" time="0.024" />
  <testcase classname="ptolemy.util.test.junit.AutoTests" name="[18] /home/travis/build/icyphy/ptII/ptolemy/actor/lib/test/auto/ArrayExtract.xml (RunModel)" time="0.041" />
  <testcase classname="ptolemy.util.test.junit.AutoTests" name="[19] /home/travis/build/icyphy/ptII/ptolemy/actor/lib/test/auto/ArrayExtract2.xml (RunModel)" time="0.019" />
  <testcase classname="ptolemy.util.test.junit.AutoTests" name="[20] /home/travis/build/icyphy/ptII/ptolemy/actor/lib/test/auto/ArrayLength.xml (RunModel)" time="0.024" />
  <testcase classname="ptolemy.util.test.junit.AutoTests" name="[21] /home/travis/build/icyphy/ptII/ptolemy/actor/lib/test/auto/ArrayLevelCrossing.xml (RunModel)" time="0.03" />
  <testcase classname="ptolemy.util.test.junit.AutoTests" name="[22] /home/travis/build/icyphy/ptII/ptolemy/actor/lib/test/auto/ArrayLevelCrossing2.xml (RunModel)" time="0.029" />
  <testcase classname="ptolemy.util.test.junit.AutoTests" name="[23] /home/travis/build/icyphy/ptII/ptolemy/actor/lib/test/auto/ArrayPeakSearch.xml (RunModel)" time="0.052" />
  <testcase classname="ptolemy.util.test.junit.AutoTests" name="[24] /home/travis/build/icyphy/ptII/ptolemy/actor/lib/test/auto/ArrayPeakSearch2.xml (RunModel)" time="0.038" />
  <testcase classname="ptolemy.util.test.junit.AutoTests" name="[25] /home/travis/build/icyphy/ptII/ptolemy/actor/lib/test/auto/ArrayPeakSearch3.xml (RunModel)" time="0.042" />
  <testcase classname="ptolemy.util.test.junit.AutoTests" name="[26] /home/travis/build/icyphy/ptII/ptolemy/actor/lib/test/auto/ArrayRemoveElement.xml (RunModel)" time="0.028" />
  <testcase classname="ptolemy.util.test.junit.AutoTests" name="[27] /home/travis/build/icyphy/ptII/ptolemy/actor/lib/test/auto/ArraySort.xml (RunModel)" time="0.044" />
  <testcase classname="ptolemy.util.test.junit.AutoTests" name="[28] /home/travis/build/icyphy/ptII/ptolemy/actor/lib/test/auto/ArraySum.xml (RunModel)" time="0.019" />
  <testcase classname="ptolemy.util.test.junit.AutoTests" name="[29] /home/travis/build/icyphy/ptII/ptolemy/actor/lib/test/auto/ArrayToElements.xml (RunModel)" time="0.026" />
  <testcase classname="ptolemy.util.test.junit.AutoTests" name="[30] /home/travis/build/icyphy/ptII/ptolemy/actor/lib/test/auto/ArrayToMatrix.xml (RunModel)" time="0.082" />
  <testcase classname="ptolemy.util.test.junit.AutoTests" name="[31] /home/travis/build/icyphy/ptII/ptolemy/actor/lib/test/auto/ArrayUpdate1.xml (RunModel)" time="0.03" />
  <testcase classname="ptolemy.util.test.junit.AutoTests" name="[32] /home/travis/build/icyphy/ptII/ptolemy/actor/lib/test/auto/ArrayUpdate2.xml (RunModel)" time="0.025" />
  <testcase classname="ptolemy.util.test.junit.AutoTests" name="[33] /home/travis/build/icyphy/ptII/ptolemy/actor/lib/test/auto/ArrayUpdate3.xml (RunModel)" time="0.017" />
  <testcase classname="ptolemy.util.test.junit.AutoTests" name="[34] /home/travis/build/icyphy/ptII/ptolemy/actor/lib/test/auto/Assert1.xml (RunModel)" time="0.025" />
  <testcase classname="ptolemy.util.test.junit.AutoTests" name="[35] /home/travis/build/icyphy/ptII/ptolemy/actor/lib/test/auto/Assert2.xml (RunModel)" time="0.016" />
  <testcase classname="ptolemy.util.test.junit.AutoTests" name="[36] /home/travis/build/icyphy/ptII/ptolemy/actor/lib/test/auto/BooleanMultiplexor.xml (RunModel)" time="0.037" />
  <testcase classname="ptolemy.util.test.junit.AutoTests" name="[37] /home/travis/build/icyphy/ptII/ptolemy/actor/lib/test/auto/BooleanMultiplexor2.xml (RunModel)" time="0.031" />
  <testcase classname="ptolemy.util.test.junit.AutoTests" name="[38] /home/travis/build/icyphy/ptII/ptolemy/actor/lib/test/auto/BooleanMultiplexor3.xml (RunModel)" time="0.022" />
  <testcase classname="ptolemy.util.test.junit.AutoTests" name="[39] /home/travis/build/icyphy/ptII/ptolemy/actor/lib/test/auto/BooleanSelect.xml (RunModel)" time="0.028" />
  <testcase classname="ptolemy.util.test.junit.AutoTests" name="[40] /home/travis/build/icyphy/ptII/ptolemy/actor/lib/test/auto/BooleanSelect2.xml (RunModel)" time="0.02" />
  <testcase classname="ptolemy.util.test.junit.AutoTests" name="[41] /home/travis/build/icyphy/ptII/ptolemy/actor/lib/test/auto/BooleanSwitch.xml (RunModel)" time="0.034" />
  <testcase classname="ptolemy.util.test.junit.AutoTests" name="[42] /home/travis/build/icyphy/ptII/ptolemy/actor/lib/test/auto/BooleanSwitch2.xml (RunModel)" time="0.024" />
  <testcase classname="ptolemy.util.test.junit.AutoTests" name="[43] /home/travis/build/icyphy/ptII/ptolemy/actor/lib/test/auto/BooleanSwitchCloningBugWithClassRelationGroup.xml (RunModel)" time="0.032" />
  <testcase classname="ptolemy.util.test.junit.AutoTests" name="[44] /home/travis/build/icyphy/ptII/ptolemy/actor/lib/test/auto/BusActors.xml (RunModel)" time="0.045" />
  <testcase classname="ptolemy.util.test.junit.AutoTests" name="[45] /home/travis/build/icyphy/ptII/ptolemy/actor/lib/test/auto/ClassWrapper.xml (RunModel)" time="0.027" />
  <testcase classname="ptolemy.util.test.junit.AutoTests" name="[46] /home/travis/build/icyphy/ptII/ptolemy/actor/lib/test/auto/Clock.xml (RunModel)" time="0.012" />
  <testcase classname="ptolemy.util.test.junit.AutoTests" name="[47] /home/travis/build/icyphy/ptII/ptolemy/actor/lib/test/auto/Clock10.xml (RunModel)" time="0.041" />
  <testcase classname="ptolemy.util.test.junit.AutoTests" name="[48] /home/travis/build/icyphy/ptII/ptolemy/actor/lib/test/auto/Clock11.xml (RunModel)" time="0.024" />
  <testcase classname="ptolemy.util.test.junit.AutoTests" name="[49] /home/travis/build/icyphy/ptII/ptolemy/actor/lib/test/auto/Clock12.xml (RunModel)" time="0.024" />
  <testcase classname="ptolemy.util.test.junit.AutoTests" name="[50] /home/travis/build/icyphy/ptII/ptolemy/actor/lib/test/auto/Clock13.xml (RunModel)" time="0.031" />
  <testcase classname="ptolemy.util.test.junit.AutoTests" name="[51] /home/travis/build/icyphy/ptII/ptolemy/actor/lib/test/auto/Clock14.xml (RunModel)" time="0.023" />
  <testcase classname="ptolemy.util.test.junit.AutoTests" name="[52] /home/travis/build/icyphy/ptII/ptolemy/actor/lib/test/auto/Clock15.xml (RunModel)" time="0.02" />
  <testcase classname="ptolemy.util.test.junit.AutoTests" name="[53] /home/travis/build/icyphy/ptII/ptolemy/actor/lib/test/auto/Clock16.xml (RunModel)" time="0.117" />
  <testcase classname="ptolemy.util.test.junit.AutoTests" name="[54] /home/travis/build/icyphy/ptII/ptolemy/actor/lib/test/auto/Clock17.xml (RunModel)" time="0.089" />
  <testcase classname="ptolemy.util.test.junit.AutoTests" name="[55] /home/travis/build/icyphy/ptII/ptolemy/actor/lib/test/auto/Clock18.xml (RunModel)" time="0.067" />
  <testcase classname="ptolemy.util.test.junit.AutoTests" name="[56] /home/travis/build/icyphy/ptII/ptolemy/actor/lib/test/auto/Clock19.xml (RunModel)" time="0.053" />
  <testcase classname="ptolemy.util.test.junit.AutoTests" name="[57] /home/travis/build/icyphy/ptII/ptolemy/actor/lib/test/auto/Clock2.xml (RunModel)" time="0.019" />
  <testcase classname="ptolemy.util.test.junit.AutoTests" name="[58] /home/travis/build/icyphy/ptII/ptolemy/actor/lib/test/auto/Clock20.xml (RunModel)" time="0.026" />
  <testcase classname="ptolemy.util.test.junit.AutoTests" name="[59] /home/travis/build/icyphy/ptII/ptolemy/actor/lib/test/auto/Clock21.xml (RunModel)" time="0.019" />
  <testcase classname="ptolemy.util.test.junit.AutoTests" name="[60] /home/travis/build/icyphy/ptII/ptolemy/actor/lib/test/auto/Clock22.xml (RunModel)" time="0.02" />
  <testcase classname="ptolemy.util.test.junit.AutoTests" name="[61] /home/travis/build/icyphy/ptII/ptolemy/actor/lib/test/auto/Clock23.xml (RunModel)" time="0.021" />
  <testcase classname="ptolemy.util.test.junit.AutoTests" name="[62] /home/travis/build/icyphy/ptII/ptolemy/actor/lib/test/auto/Clock24.xml (RunModel)" time="0.019" />
  <testcase classname="ptolemy.util.test.junit.AutoTests" name="[63] /home/travis/build/icyphy/ptII/ptolemy/actor/lib/test/auto/Clock4.xml (RunModel)" time="0.016" />
  <testcase classname="ptolemy.util.test.junit.AutoTests" name="[64] /home/travis/build/icyphy/ptII/ptolemy/actor/lib/test/auto/Clock5.xml (RunModel)" time="0.017" />
  <testcase classname="ptolemy.util.test.junit.AutoTests" name="[65] /home/travis/build/icyphy/ptII/ptolemy/actor/lib/test/auto/Clock6.xml (RunModel)" time="0.014" />
  <testcase classname="ptolemy.util.test.junit.AutoTests" name="[66] /home/travis/build/icyphy/ptII/ptolemy/actor/lib/test/auto/Clock7.xml (RunModel)" time="0.013" />
  <testcase classname="ptolemy.util.test.junit.AutoTests" name="[67] /home/travis/build/icyphy/ptII/ptolemy/actor/lib/test/auto/Clock8.xml (RunModel)" time="0.021" />
  <testcase classname="ptolemy.util.test.junit.AutoTests" name="[68] /home/travis/build/icyphy/ptII/ptolemy/actor/lib/test/auto/Clock9.xml (RunModel)" time="0.02" />
  <testcase classname="ptolemy.util.test.junit.AutoTests" name="[69] /home/travis/build/icyphy/ptII/ptolemy/actor/lib/test/auto/CommDistDiscard.xml (RunModel)" time="0.027" />
  <testcase classname="ptolemy.util.test.junit.AutoTests" name="[70] /home/travis/build/icyphy/ptII/ptolemy/actor/lib/test/auto/Commutator.xml (RunModel)" time="0.024" />
  <testcase classname="ptolemy.util.test.junit.AutoTests" name="[71] /home/travis/build/icyphy/ptII/ptolemy/actor/lib/test/auto/Commutator2.xml (RunModel)" time="0.014" />
  <testcase classname="ptolemy.util.test.junit.AutoTests" name="[72] /home/travis/build/icyphy/ptII/ptolemy/actor/lib/test/auto/Commutator3.xml (RunModel)" time="0.017" />
  <testcase classname="ptolemy.util.test.junit.AutoTests" name="[73] /home/travis/build/icyphy/ptII/ptolemy/actor/lib/test/auto/Compare.xml (RunModel)" time="0.025" />
  <testcase classname="ptolemy.util.test.junit.AutoTests" name="[74] /home/travis/build/icyphy/ptII/ptolemy/actor/lib/test/auto/CompareDE.xml (RunModel)" time="0.024" />
  <testcase classname="ptolemy.util.test.junit.AutoTests" name="[75] /home/travis/build/icyphy/ptII/ptolemy/actor/lib/test/auto/ComplexDivide.xml (RunModel)" time="0.013" />
  <testcase classname="ptolemy.util.test.junit.AutoTests" name="[76] /home/travis/build/icyphy/ptII/ptolemy/actor/lib/test/auto/ComputeHistogram.xml (RunModel)" time="0.085" />
  <testcase classname="ptolemy.util.test.junit.AutoTests" name="[77] /home/travis/build/icyphy/ptII/ptolemy/actor/lib/test/auto/ConfigurationSelect.xml (RunModel)" time="0.025" />
  <testcase classname="ptolemy.util.test.junit.AutoTests" name="[78] /home/travis/build/icyphy/ptII/ptolemy/actor/lib/test/auto/ConfigurationSelect2.xml (RunModel)" time="0.026" />
  <testcase classname="ptolemy.util.test.junit.AutoTests" name="[79] /home/travis/build/icyphy/ptII/ptolemy/actor/lib/test/auto/ConfigurationSwitch.xml (RunModel)" time="0.024" />
  <testcase classname="ptolemy.util.test.junit.AutoTests" name="[80] /home/travis/build/icyphy/ptII/ptolemy/actor/lib/test/auto/ConfigurationSwitch2.xml (RunModel)" time="0.025" />
  <testcase classname="ptolemy.util.test.junit.AutoTests" name="[81] /home/travis/build/icyphy/ptII/ptolemy/actor/lib/test/auto/ConfigurationSwitchCloningBugWithClassRelationGroup.xml (RunModel)" time="0.022" />
  <testcase classname="ptolemy.util.test.junit.AutoTests" name="[82] /home/travis/build/icyphy/ptII/ptolemy/actor/lib/test/auto/ConfigurationSwitchSelectSDF.xml (RunModel)" time="0.016" />
  <testcase classname="ptolemy.util.test.junit.AutoTests" name="[83] /home/travis/build/icyphy/ptII/ptolemy/actor/lib/test/auto/ConfigurationSwitchSelectSDF2.xml (RunModel)" time="0.016" />
  <testcase classname="ptolemy.util.test.junit.AutoTests" name="[84] /home/travis/build/icyphy/ptII/ptolemy/actor/lib/test/auto/Const.xml (RunModel)" time="0.008" />
  <testcase classname="ptolemy.util.test.junit.AutoTests" name="[85] /home/travis/build/icyphy/ptII/ptolemy/actor/lib/test/auto/Const2.xml (RunModel)" time="0.011" />
  <testcase classname="ptolemy.util.test.junit.AutoTests" name="[86] /home/travis/build/icyphy/ptII/ptolemy/actor/lib/test/auto/Const3.xml (RunModel)" time="0.007" />
  <testcase classname="ptolemy.util.test.junit.AutoTests" name="[87] /home/travis/build/icyphy/ptII/ptolemy/actor/lib/test/auto/ConstantPublisherPort1.xml (RunModel)" time="0.022" />
  <testcase classname="ptolemy.util.test.junit.AutoTests" name="[88] /home/travis/build/icyphy/ptII/ptolemy/actor/lib/test/auto/ConstantPublisherPort2.xml (RunModel)" time="0.019" />
  <testcase classname="ptolemy.util.test.junit.AutoTests" name="[89] /home/travis/build/icyphy/ptII/ptolemy/actor/lib/test/auto/ConstantPublisherPort3.xml (RunModel)" time="0.022" />
  <testcase classname="ptolemy.util.test.junit.AutoTests" name="[90] /home/travis/build/icyphy/ptII/ptolemy/actor/lib/test/auto/ConstantPublisherPort4.xml (RunModel)" time="0.026" />
  <testcase classname="ptolemy.util.test.junit.AutoTests" name="[91] /home/travis/build/icyphy/ptII/ptolemy/actor/lib/test/auto/ConstantPublisherPort5.xml (RunModel)" time="0.043" />
  <testcase classname="ptolemy.util.test.junit.AutoTests" name="[92] /home/travis/build/icyphy/ptII/ptolemy/actor/lib/test/auto/ConstantPublisherPort6.xml (RunModel)" time="0.031" />
  <testcase classname="ptolemy.util.test.junit.AutoTests" name="[93] /home/travis/build/icyphy/ptII/ptolemy/actor/lib/test/auto/ConstantPublisherPort7.xml (RunModel)" time="0.037" />
  <testcase classname="ptolemy.util.test.junit.AutoTests" name="[94] /home/travis/build/icyphy/ptII/ptolemy/actor/lib/test/auto/ConstraintMonitor1.xml (RunModel)" time="0.046" />
  <testcase classname="ptolemy.util.test.junit.AutoTests" name="[95] /home/travis/build/icyphy/ptII/ptolemy/actor/lib/test/auto/ConstraintMonitor2.xml (RunModel)" time="0.01" />
  <testcase classname="ptolemy.util.test.junit.AutoTests" name="[96] /home/travis/build/icyphy/ptII/ptolemy/actor/lib/test/auto/ConstraintMonitor3.xml (RunModel)" time="0.018" />
  <testcase classname="ptolemy.util.test.junit.AutoTests" name="[97] /home/travis/build/icyphy/ptII/ptolemy/actor/lib/test/auto/ConstraintMonitor4.xml (RunModel)" time="0.013" />
  <testcase classname="ptolemy.util.test.junit.AutoTests" name="[98] /home/travis/build/icyphy/ptII/ptolemy/actor/lib/test/auto/ConstraintMonitor5.xml (RunModel)" time="0.017" />
  <testcase classname="ptolemy.util.test.junit.AutoTests" name="[99] /home/travis/build/icyphy/ptII/ptolemy/actor/lib/test/auto/ConstraintMonitor6.xml (RunModel)" time="0.019" />
  <testcase classname="ptolemy.util.test.junit.AutoTests" name="[100] /home/travis/build/icyphy/ptII/ptolemy/actor/lib/test/auto/ConstraintMonitor7.xml (RunModel)" time="0.022" />
  <testcase classname="ptolemy.util.test.junit.AutoTests" name="[101] /home/travis/build/icyphy/ptII/ptolemy/actor/lib/test/auto/ConstraintMonitor8.xml (RunModel)" time="0.021" />
  <testcase classname="ptolemy.util.test.junit.AutoTests" name="[102] /home/travis/build/icyphy/ptII/ptolemy/actor/lib/test/auto/Counter.xml (RunModel)" time="0.014" />
  <testcase classname="ptolemy.util.test.junit.AutoTests" name="[103] /home/travis/build/icyphy/ptII/ptolemy/actor/lib/test/auto/CurrentTimeSDF.xml (RunModel)" time="0.012" />
  <testcase classname="ptolemy.util.test.junit.AutoTests" name="[104] /home/travis/build/icyphy/ptII/ptolemy/actor/lib/test/auto/DB.xml (RunModel)" time="0.015" />
  <testcase classname="ptolemy.util.test.junit.AutoTests" name="[105] /home/travis/build/icyphy/ptII/ptolemy/actor/lib/test/auto/DBDE.xml (RunModel)" time="0.029" />
  <testcase classname="ptolemy.util.test.junit.AutoTests" name="[106] /home/travis/build/icyphy/ptII/ptolemy/actor/lib/test/auto/DateConstructor.xml (RunModel)" time="0.066" />
  <testcase classname="ptolemy.util.test.junit.AutoTests" name="[107] /home/travis/build/icyphy/ptII/ptolemy/actor/lib/test/auto/DelayTime.xml (RunModel)" time="0.017" />
  <testcase classname="ptolemy.util.test.junit.AutoTests" name="[108] /home/travis/build/icyphy/ptII/ptolemy/actor/lib/test/auto/Dictionary1.xml (RunModel)" time="0.023" />
  <testcase classname="ptolemy.util.test.junit.AutoTests" name="[109] /home/travis/build/icyphy/ptII/ptolemy/actor/lib/test/auto/Dictionary2.xml (RunModel)" time="0.018" />
  <testcase classname="ptolemy.util.test.junit.AutoTests" name="[110] /home/travis/build/icyphy/ptII/ptolemy/actor/lib/test/auto/Dictionary3.xml (RunModel)" time="0.015" />
  <testcase classname="ptolemy.util.test.junit.AutoTests" name="[111] /home/travis/build/icyphy/ptII/ptolemy/actor/lib/test/auto/Dictionary4.xml (RunModel)" time="0.029" />
  <testcase classname="ptolemy.util.test.junit.AutoTests" name="[112] /home/travis/build/icyphy/ptII/ptolemy/actor/lib/test/auto/Differential.xml (RunModel)" time="0.015" />
  <testcase classname="ptolemy.util.test.junit.AutoTests" name="[113] /home/travis/build/icyphy/ptII/ptolemy/actor/lib/test/auto/Director.xml (RunModel)" time="0.014" />
  <testcase classname="ptolemy.util.test.junit.AutoTests" name="[114] /home/travis/build/icyphy/ptII/ptolemy/actor/lib/test/auto/DiscreteClock.xml (RunModel)" time="0.01" />
  <testcase classname="ptolemy.util.test.junit.AutoTests" name="[115] /home/travis/build/icyphy/ptII/ptolemy/actor/lib/test/auto/DiscreteClock10.xml (RunModel)" time="0.013" />
  <testcase classname="ptolemy.util.test.junit.AutoTests" name="[116] /home/travis/build/icyphy/ptII/ptolemy/actor/lib/test/auto/DiscreteClock11.xml (RunModel)" time="0.013" />
  <testcase classname="ptolemy.util.test.junit.AutoTests" name="[117] /home/travis/build/icyphy/ptII/ptolemy/actor/lib/test/auto/DiscreteClock12.xml (RunModel)" time="0.016" />
  <testcase classname="ptolemy.util.test.junit.AutoTests" name="[118] /home/travis/build/icyphy/ptII/ptolemy/actor/lib/test/auto/DiscreteClock13.xml (RunModel)" time="0.017" />
  <testcase classname="ptolemy.util.test.junit.AutoTests" name="[119] /home/travis/build/icyphy/ptII/ptolemy/actor/lib/test/auto/DiscreteClock14.xml (RunModel)" time="0.016" />
  <testcase classname="ptolemy.util.test.junit.AutoTests" name="[120] /home/travis/build/icyphy/ptII/ptolemy/actor/lib/test/auto/DiscreteClock15.xml (RunModel)" time="0.019" />
  <testcase classname="ptolemy.util.test.junit.AutoTests" name="[121] /home/travis/build/icyphy/ptII/ptolemy/actor/lib/test/auto/DiscreteClock16.xml (RunModel)" time="0.046" />
  <testcase classname="ptolemy.util.test.junit.AutoTests" name="[122] /home/travis/build/icyphy/ptII/ptolemy/actor/lib/test/auto/DiscreteClock17.xml (RunModel)" time="0.05" />
  <testcase classname="ptolemy.util.test.junit.AutoTests" name="[123] /home/travis/build/icyphy/ptII/ptolemy/actor/lib/test/auto/DiscreteClock18.xml (RunModel)" time="0.045" />
  <testcase classname="ptolemy.util.test.junit.AutoTests" name="[124] /home/travis/build/icyphy/ptII/ptolemy/actor/lib/test/auto/DiscreteClock19.xml (RunModel)" time="0.064" />
  <testcase classname="ptolemy.util.test.junit.AutoTests" name="[125] /home/travis/build/icyphy/ptII/ptolemy/actor/lib/test/auto/DiscreteClock2.xml (RunModel)" time="0.015" />
  <testcase classname="ptolemy.util.test.junit.AutoTests" name="[126] /home/travis/build/icyphy/ptII/ptolemy/actor/lib/test/auto/DiscreteClock20.xml (RunModel)" time="0.025" />
  <testcase classname="ptolemy.util.test.junit.AutoTests" name="[127] /home/travis/build/icyphy/ptII/ptolemy/actor/lib/test/auto/DiscreteClock21.xml (RunModel)" time="0.02" />
  <testcase classname="ptolemy.util.test.junit.AutoTests" name="[128] /home/travis/build/icyphy/ptII/ptolemy/actor/lib/test/auto/DiscreteClock22.xml (RunModel)" time="0.017" />
  <testcase classname="ptolemy.util.test.junit.AutoTests" name="[129] /home/travis/build/icyphy/ptII/ptolemy/actor/lib/test/auto/DiscreteClock23.xml (RunModel)" time="0.024" />
  <testcase classname="ptolemy.util.test.junit.AutoTests" name="[130] /home/travis/build/icyphy/ptII/ptolemy/actor/lib/test/auto/DiscreteClock24.xml (RunModel)" time="0.015" />
  <testcase classname="ptolemy.util.test.junit.AutoTests" name="[131] /home/travis/build/icyphy/ptII/ptolemy/actor/lib/test/auto/DiscreteClock4.xml (RunModel)" time="0.014" />
  <testcase classname="ptolemy.util.test.junit.AutoTests" name="[132] /home/travis/build/icyphy/ptII/ptolemy/actor/lib/test/auto/DiscreteClock5.xml (RunModel)" time="0.011" />
  <testcase classname="ptolemy.util.test.junit.AutoTests" name="[133] /home/travis/build/icyphy/ptII/ptolemy/actor/lib/test/auto/DiscreteClock6.xml (RunModel)" time="0.014" />
  <testcase classname="ptolemy.util.test.junit.AutoTests" name="[134] /home/travis/build/icyphy/ptII/ptolemy/actor/lib/test/auto/DiscreteClock7.xml (RunModel)" time="0.015" />
  <testcase classname="ptolemy.util.test.junit.AutoTests" name="[135] /home/travis/build/icyphy/ptII/ptolemy/actor/lib/test/auto/DiscreteClock8.xml (RunModel)" time="0.02" />
  <testcase classname="ptolemy.util.test.junit.AutoTests" name="[136] /home/travis/build/icyphy/ptII/ptolemy/actor/lib/test/auto/DiscreteClock9.xml (RunModel)" time="0.018" />
  <testcase classname="ptolemy.util.test.junit.AutoTests" name="[137] /home/travis/build/icyphy/ptII/ptolemy/actor/lib/test/auto/DisplayArray.xml (RunModel)" time="0.027" />
  <testcase classname="ptolemy.util.test.junit.AutoTests" name="[138] /home/travis/build/icyphy/ptII/ptolemy/actor/lib/test/auto/Distributor.xml (RunModel)" time="0.011" />
  <testcase classname="ptolemy.util.test.junit.AutoTests" name="[139] /home/travis/build/icyphy/ptII/ptolemy/actor/lib/test/auto/Distributor2.xml (RunModel)" time="0.014" />
  <testcase classname="ptolemy.util.test.junit.AutoTests" name="[140] /home/travis/build/icyphy/ptII/ptolemy/actor/lib/test/auto/DownSample.xml (RunModel)" time="0.011" />
  <testcase classname="ptolemy.util.test.junit.AutoTests" name="[141] /home/travis/build/icyphy/ptII/ptolemy/actor/lib/test/auto/ElectronicUnitBase1.xml (RunModel)" time="0.068" />
  <testcase classname="ptolemy.util.test.junit.AutoTests" name="[142] /home/travis/build/icyphy/ptII/ptolemy/actor/lib/test/auto/ElementsToArray.xml (RunModel)" time="0.014" />
  <testcase classname="ptolemy.util.test.junit.AutoTests" name="[143] /home/travis/build/icyphy/ptII/ptolemy/actor/lib/test/auto/Equals.xml (RunModel)" time="0.018" />
  <testcase classname="ptolemy.util.test.junit.AutoTests" name="[144] /home/travis/build/icyphy/ptII/ptolemy/actor/lib/test/auto/Exec.xml (RunModel)" time="0.033" />
  <testcase classname="ptolemy.util.test.junit.AutoTests" name="[145] /home/travis/build/icyphy/ptII/ptolemy/actor/lib/test/auto/ExecEnvironment.xml (RunModel)" time="0.046" />
  <testcase classname="ptolemy.util.test.junit.AutoTests" name="[146] /home/travis/build/icyphy/ptII/ptolemy/actor/lib/test/auto/ExecNonZeroReturnOutput.xml (RunModel)" time="0.227" />
  <testcase classname="ptolemy.util.test.junit.AutoTests" name="[147] /home/travis/build/icyphy/ptII/ptolemy/actor/lib/test/auto/ExecRunDemos.xml (RunModel)" time="11.14">
    <error type="java.lang.reflect.InvocationTargetException">java.lang.reflect.InvocationTargetException
	at jdk.internal.reflect.GeneratedConstructorAccessor36.newInstance(Unknown Source)
	at java.base/jdk.internal.reflect.DelegatingConstructorAccessorImpl.newInstance(DelegatingConstructorAccessorImpl.java:45)
	at java.base/java.lang.reflect.Constructor.newInstance(Constructor.java:488)
	at ptolemy.util.test.junit.AutoTests.RunModel(AutoTests.java:193)
	at jdk.internal.reflect.GeneratedMethodAccessor43.invoke(Unknown Source)
	at java.base/jdk.internal.reflect.DelegatingMethodAccessorImpl.invoke(DelegatingMethodAccessorImpl.java:43)
	at junitparams.internal.InvokeParameterisedMethod.evaluate(InvokeParameterisedMethod.java:102)
Caused by: ptolemy.kernel.util.IllegalActionException: Test fails in iteration 0.
Value was: &quot;WARNING: An illegal reflective access operation has occurred\nWARNING: Illegal reflective access by io.netty.util.internal.ReflectionUtil (file:/home/travis/build/icyphy/ptII/lib/netty-common-4.1.19.Final.jar) to constructor java.nio.DirectByteBuffer(long,int)\nWARNING: Please consider reporting this to the maintainers of io.netty.util.internal.ReflectionUtil\nWARNING: Use --illegal-access=warn to enable warnings of further illegal reflective access operations\nWARNING: All illegal access operations will be denied in a future release\n&quot;. Should have been: &quot;&quot;
  in .ExecRunDemos.Test
	at ptolemy.actor.lib.Test.fire(Test.java:268)
	at ptolemy.actor.AtomicActor.iterate(AtomicActor.java:512)
	at ptolemy.actor.sched.StaticSchedulingDirector.fire(StaticSchedulingDirector.java:216)
	at ptolemy.domains.sdf.kernel.SDFDirector.fire(SDFDirector.java:500)
	at ptolemy.actor.CompositeActor.fire(CompositeActor.java:455)
	at ptolemy.actor.Manager.iterate(Manager.java:851)
	at ptolemy.actor.Manager.execute(Manager.java:369)
	at ptolemy.actor.Manager.run(Manager.java:1263)
	at ptolemy.actor.Manager$PtolemyRunThread.run(Manager.java:1915)
</error>
  </testcase>
  <testcase classname="ptolemy.util.test.junit.AutoTests" name="[148] /home/travis/build/icyphy/ptII/ptolemy/actor/lib/test/auto/ExecStop.xml (RunModel)" time="5.026" />
  <testcase classname="ptolemy.util.test.junit.AutoTests" name="[149] /home/travis/build/icyphy/ptII/ptolemy/actor/lib/test/auto/ExecutionTimeSDF.xml (RunModel)" time="6.039" />
  <testcase classname="ptolemy.util.test.junit.AutoTests" name="[150] /home/travis/build/icyphy/ptII/ptolemy/actor/lib/test/auto/Expression1.xml (RunModel)" time="0.024" />
  <testcase classname="ptolemy.util.test.junit.AutoTests" name="[151] /home/travis/build/icyphy/ptII/ptolemy/actor/lib/test/auto/Expression10.xml (RunModel)" time="0.037" />
  <testcase classname="ptolemy.util.test.junit.AutoTests" name="[152] /home/travis/build/icyphy/ptII/ptolemy/actor/lib/test/auto/Expression11.xml (RunModel)" time="0.016" />
  <testcase classname="ptolemy.util.test.junit.AutoTests" name="[153] /home/travis/build/icyphy/ptII/ptolemy/actor/lib/test/auto/Expression12.xml (RunModel)" time="0.017" />
  <testcase classname="ptolemy.util.test.junit.AutoTests" name="[154] /home/travis/build/icyphy/ptII/ptolemy/actor/lib/test/auto/Expression13.xml (RunModel)" time="0.014" />
  <testcase classname="ptolemy.util.test.junit.AutoTests" name="[155] /home/travis/build/icyphy/ptII/ptolemy/actor/lib/test/auto/Expression14.xml (RunModel)" time="0.022" />
  <testcase classname="ptolemy.util.test.junit.AutoTests" name="[156] /home/travis/build/icyphy/ptII/ptolemy/actor/lib/test/auto/Expression15.xml (RunModel)" time="0.012" />
  <testcase classname="ptolemy.util.test.junit.AutoTests" name="[157] /home/travis/build/icyphy/ptII/ptolemy/actor/lib/test/auto/Expression16.xml (RunModel)" time="0.013" />
  <testcase classname="ptolemy.util.test.junit.AutoTests" name="[158] /home/travis/build/icyphy/ptII/ptolemy/actor/lib/test/auto/Expression17.xml (RunModel)" time="0.011" />
  <testcase classname="ptolemy.util.test.junit.AutoTests" name="[159] /home/travis/build/icyphy/ptII/ptolemy/actor/lib/test/auto/Expression18.xml (RunModel)" time="0.014" />
  <testcase classname="ptolemy.util.test.junit.AutoTests" name="[160] /home/travis/build/icyphy/ptII/ptolemy/actor/lib/test/auto/Expression2.xml (RunModel)" time="0.017" />
  <testcase classname="ptolemy.util.test.junit.AutoTests" name="[161] /home/travis/build/icyphy/ptII/ptolemy/actor/lib/test/auto/Expression3.xml (RunModel)" time="0.017" />
  <testcase classname="ptolemy.util.test.junit.AutoTests" name="[162] /home/travis/build/icyphy/ptII/ptolemy/actor/lib/test/auto/Expression4.xml (RunModel)" time="0.021" />
  <testcase classname="ptolemy.util.test.junit.AutoTests" name="[163] /home/travis/build/icyphy/ptII/ptolemy/actor/lib/test/auto/Expression5.xml (RunModel)" time="0.015" />
  <testcase classname="ptolemy.util.test.junit.AutoTests" name="[164] /home/travis/build/icyphy/ptII/ptolemy/actor/lib/test/auto/Expression6.xml (RunModel)" time="0.01" />
  <testcase classname="ptolemy.util.test.junit.AutoTests" name="[165] /home/travis/build/icyphy/ptII/ptolemy/actor/lib/test/auto/Expression7.xml (RunModel)" time="0.013" />
  <testcase classname="ptolemy.util.test.junit.AutoTests" name="[166] /home/travis/build/icyphy/ptII/ptolemy/actor/lib/test/auto/Expression8.xml (RunModel)" time="0.018" />
  <testcase classname="ptolemy.util.test.junit.AutoTests" name="[167] /home/travis/build/icyphy/ptII/ptolemy/actor/lib/test/auto/Expression9.xml (RunModel)" time="0.012" />
  <testcase classname="ptolemy.util.test.junit.AutoTests" name="[168] /home/travis/build/icyphy/ptII/ptolemy/actor/lib/test/auto/ExpressionConcatenateArrayType.xml (RunModel)" time="0.028" />
  <testcase classname="ptolemy.util.test.junit.AutoTests" name="[169] /home/travis/build/icyphy/ptII/ptolemy/actor/lib/test/auto/ExpressionConcatenateArrayType2.xml (RunModel)" time="0.026" />
  <testcase classname="ptolemy.util.test.junit.AutoTests" name="[170] /home/travis/build/icyphy/ptII/ptolemy/actor/lib/test/auto/ExpressionFix.xml (RunModel)" time="0.045" />
  <testcase classname="ptolemy.util.test.junit.AutoTests" name="[171] /home/travis/build/icyphy/ptII/ptolemy/actor/lib/test/auto/ExpressionFix2.xml (RunModel)" time="0.017" />
  <testcase classname="ptolemy.util.test.junit.AutoTests" name="[172] /home/travis/build/icyphy/ptII/ptolemy/actor/lib/test/auto/ExpressionFix3.xml (RunModel)" time="0.022" />
  <testcase classname="ptolemy.util.test.junit.AutoTests" name="[173] /home/travis/build/icyphy/ptII/ptolemy/actor/lib/test/auto/FileWriter1.xml (RunModel)" time="0.012" />
  <testcase classname="ptolemy.util.test.junit.AutoTests" name="[174] /home/travis/build/icyphy/ptII/ptolemy/actor/lib/test/auto/FileWriter2.xml (RunModel)" time="0.012" />
  <testcase classname="ptolemy.util.test.junit.AutoTests" name="[175] /home/travis/build/icyphy/ptII/ptolemy/actor/lib/test/auto/FileWriter3.xml (RunModel)" time="0.015" />
  <testcase classname="ptolemy.util.test.junit.AutoTests" name="[176] /home/travis/build/icyphy/ptII/ptolemy/actor/lib/test/auto/Gaussian.xml (RunModel)" time="0.013" />
  <testcase classname="ptolemy.util.test.junit.AutoTests" name="[177] /home/travis/build/icyphy/ptII/ptolemy/actor/lib/test/auto/Gaussian1.xml (RunModel)" time="0.015" />
  <testcase classname="ptolemy.util.test.junit.AutoTests" name="[178] /home/travis/build/icyphy/ptII/ptolemy/actor/lib/test/auto/Gaussian2.xml (RunModel)" time="0.019" />
  <testcase classname="ptolemy.util.test.junit.AutoTests" name="[179] /home/travis/build/icyphy/ptII/ptolemy/actor/lib/test/auto/GradientAdaptiveLattice.xml (RunModel)" time="0.027" />
  <testcase classname="ptolemy.util.test.junit.AutoTests" name="[180] /home/travis/build/icyphy/ptII/ptolemy/actor/lib/test/auto/IIR.xml (RunModel)" time="0.013" />
  <testcase classname="ptolemy.util.test.junit.AutoTests" name="[181] /home/travis/build/icyphy/ptII/ptolemy/actor/lib/test/auto/InputOutputTransparentPorts.xml (RunModel)" time="0.021" />
  <testcase classname="ptolemy.util.test.junit.AutoTests" name="[182] /home/travis/build/icyphy/ptII/ptolemy/actor/lib/test/auto/Interpolator.xml (RunModel)" time="0.015" />
  <testcase classname="ptolemy.util.test.junit.AutoTests" name="[183] /home/travis/build/icyphy/ptII/ptolemy/actor/lib/test/auto/InterpolatorFiringLimitDE.xml (RunModel)" time="0.017" />
  <testcase classname="ptolemy.util.test.junit.AutoTests" name="[184] /home/travis/build/icyphy/ptII/ptolemy/actor/lib/test/auto/Lattice.xml (RunModel)" time="0.01" />
  <testcase classname="ptolemy.util.test.junit.AutoTests" name="[185] /home/travis/build/icyphy/ptII/ptolemy/actor/lib/test/auto/LazyAOCTestLazy.xml (RunModel)" time="0.021" />
  <testcase classname="ptolemy.util.test.junit.AutoTests" name="[186] /home/travis/build/icyphy/ptII/ptolemy/actor/lib/test/auto/LazyAOCTestNonLazy.xml (RunModel)" time="0.051" />
  <testcase classname="ptolemy.util.test.junit.AutoTests" name="[187] /home/travis/build/icyphy/ptII/ptolemy/actor/lib/test/auto/LazyInnerClass.xml (RunModel)" time="0.06" />
  <testcase classname="ptolemy.util.test.junit.AutoTests" name="[188] /home/travis/build/icyphy/ptII/ptolemy/actor/lib/test/auto/LazyPubSub.xml (RunModel)" time="0.072" />
  <testcase classname="ptolemy.util.test.junit.AutoTests" name="[189] /home/travis/build/icyphy/ptII/ptolemy/actor/lib/test/auto/LazyPubSub2.xml (RunModel)" time="0.063" />
  <testcase classname="ptolemy.util.test.junit.AutoTests" name="[190] /home/travis/build/icyphy/ptII/ptolemy/actor/lib/test/auto/LazyPubSub3.xml (RunModel)" time="0.03" />
  <testcase classname="ptolemy.util.test.junit.AutoTests" name="[191] /home/travis/build/icyphy/ptII/ptolemy/actor/lib/test/auto/LazySubClassModel.xml (RunModel)" time="0.03" />
  <testcase classname="ptolemy.util.test.junit.AutoTests" name="[192] /home/travis/build/icyphy/ptII/ptolemy/actor/lib/test/auto/LevelCrossTest1.xml (RunModel)" time="0.014" />
  <testcase classname="ptolemy.util.test.junit.AutoTests" name="[193] /home/travis/build/icyphy/ptII/ptolemy/actor/lib/test/auto/LevelCrossTest10.xml (RunModel)" time="0.022" />
  <testcase classname="ptolemy.util.test.junit.AutoTests" name="[194] /home/travis/build/icyphy/ptII/ptolemy/actor/lib/test/auto/LevelCrossTest11.xml (RunModel)" time="0.019" />
  <testcase classname="ptolemy.util.test.junit.AutoTests" name="[195] /home/travis/build/icyphy/ptII/ptolemy/actor/lib/test/auto/LevelCrossTest12.xml (RunModel)" time="0.02" />
  <testcase classname="ptolemy.util.test.junit.AutoTests" name="[196] /home/travis/build/icyphy/ptII/ptolemy/actor/lib/test/auto/LevelCrossTest13.xml (RunModel)" time="0.018" />
  <testcase classname="ptolemy.util.test.junit.AutoTests" name="[197] /home/travis/build/icyphy/ptII/ptolemy/actor/lib/test/auto/LevelCrossTest2.xml (RunModel)" time="0.012" />
  <testcase classname="ptolemy.util.test.junit.AutoTests" name="[198] /home/travis/build/icyphy/ptII/ptolemy/actor/lib/test/auto/LevelCrossTest3.xml (RunModel)" time="0.013" />
  <testcase classname="ptolemy.util.test.junit.AutoTests" name="[199] /home/travis/build/icyphy/ptII/ptolemy/actor/lib/test/auto/LevelCrossTest4.xml (RunModel)" time="0.013" />
  <testcase classname="ptolemy.util.test.junit.AutoTests" name="[200] /home/travis/build/icyphy/ptII/ptolemy/actor/lib/test/auto/LevelCrossTest5.xml (RunModel)" time="0.023" />
  <testcase classname="ptolemy.util.test.junit.AutoTests" name="[201] /home/travis/build/icyphy/ptII/ptolemy/actor/lib/test/auto/LevelCrossTest6.xml (RunModel)" time="0.025" />
  <testcase classname="ptolemy.util.test.junit.AutoTests" name="[202] /home/travis/build/icyphy/ptII/ptolemy/actor/lib/test/auto/LevelCrossTest7.xml (RunModel)" time="0.022" />
  <testcase classname="ptolemy.util.test.junit.AutoTests" name="[203] /home/travis/build/icyphy/ptII/ptolemy/actor/lib/test/auto/LevelCrossTest8.xml (RunModel)" time="0.019" />
  <testcase classname="ptolemy.util.test.junit.AutoTests" name="[204] /home/travis/build/icyphy/ptII/ptolemy/actor/lib/test/auto/LevelCrossTest9.xml (RunModel)" time="0.019" />
  <testcase classname="ptolemy.util.test.junit.AutoTests" name="[205] /home/travis/build/icyphy/ptII/ptolemy/actor/lib/test/auto/LevinsonDurbin.xml (RunModel)" time="0.023" />
  <testcase classname="ptolemy.util.test.junit.AutoTests" name="[206] /home/travis/build/icyphy/ptII/ptolemy/actor/lib/test/auto/LevinsonDurbin2.xml (RunModel)" time="0.01" />
  <testcase classname="ptolemy.util.test.junit.AutoTests" name="[207] /home/travis/build/icyphy/ptII/ptolemy/actor/lib/test/auto/LevinsonDurbin3.xml (RunModel)" time="0.012" />
  <testcase classname="ptolemy.util.test.junit.AutoTests" name="[208] /home/travis/build/icyphy/ptII/ptolemy/actor/lib/test/auto/Limiter.xml (RunModel)" time="0.048" />
  <testcase classname="ptolemy.util.test.junit.AutoTests" name="[209] /home/travis/build/icyphy/ptII/ptolemy/actor/lib/test/auto/LinearDifferenceEquationSystem.xml (RunModel)" time="0.025" />
  <testcase classname="ptolemy.util.test.junit.AutoTests" name="[210] /home/travis/build/icyphy/ptII/ptolemy/actor/lib/test/auto/LookupTable.xml (RunModel)" time="0.012" />
  <testcase classname="ptolemy.util.test.junit.AutoTests" name="[211] /home/travis/build/icyphy/ptII/ptolemy/actor/lib/test/auto/MathFunction.xml (RunModel)" time="0.024" />
  <testcase classname="ptolemy.util.test.junit.AutoTests" name="[212] /home/travis/build/icyphy/ptII/ptolemy/actor/lib/test/auto/MathFunction2.xml (RunModel)" time="0.014" />
  <testcase classname="ptolemy.util.test.junit.AutoTests" name="[213] /home/travis/build/icyphy/ptII/ptolemy/actor/lib/test/auto/MathFunction3.xml (RunModel)" time="0.024" />
  <testcase classname="ptolemy.util.test.junit.AutoTests" name="[214] /home/travis/build/icyphy/ptII/ptolemy/actor/lib/test/auto/MatrixCropBoolean.xml (RunModel)" time="0.017" />
  <testcase classname="ptolemy.util.test.junit.AutoTests" name="[215] /home/travis/build/icyphy/ptII/ptolemy/actor/lib/test/auto/MatrixCropComplex.xml (RunModel)" time="0.013" />
  <testcase classname="ptolemy.util.test.junit.AutoTests" name="[216] /home/travis/build/icyphy/ptII/ptolemy/actor/lib/test/auto/MatrixCropDouble.xml (RunModel)" time="0.018" />
  <testcase classname="ptolemy.util.test.junit.AutoTests" name="[217] /home/travis/build/icyphy/ptII/ptolemy/actor/lib/test/auto/MatrixCropFix.xml (RunModel)" time="0.019" />
  <testcase classname="ptolemy.util.test.junit.AutoTests" name="[218] /home/travis/build/icyphy/ptII/ptolemy/actor/lib/test/auto/MatrixCropInt.xml (RunModel)" time="0.012" />
  <testcase classname="ptolemy.util.test.junit.AutoTests" name="[219] /home/travis/build/icyphy/ptII/ptolemy/actor/lib/test/auto/MatrixCropLong.xml (RunModel)" time="0.011" />
  <testcase classname="ptolemy.util.test.junit.AutoTests" name="[220] /home/travis/build/icyphy/ptII/ptolemy/actor/lib/test/auto/MatrixToArray.xml (RunModel)" time="0.069" />
  <testcase classname="ptolemy.util.test.junit.AutoTests" name="[221] /home/travis/build/icyphy/ptII/ptolemy/actor/lib/test/auto/MaxIndex.xml (RunModel)" time="0.015" />
  <testcase classname="ptolemy.util.test.junit.AutoTests" name="[222] /home/travis/build/icyphy/ptII/ptolemy/actor/lib/test/auto/Maximum.xml (RunModel)" time="0.018" />
  <testcase classname="ptolemy.util.test.junit.AutoTests" name="[223] /home/travis/build/icyphy/ptII/ptolemy/actor/lib/test/auto/MaximumComplex.xml (RunModel)" time="0.02" />
  <testcase classname="ptolemy.util.test.junit.AutoTests" name="[224] /home/travis/build/icyphy/ptII/ptolemy/actor/lib/test/auto/MethodCallTest.xml (RunModel)" time="0.024" />
  <testcase classname="ptolemy.util.test.junit.AutoTests" name="[225] /home/travis/build/icyphy/ptII/ptolemy/actor/lib/test/auto/Minimum.xml (RunModel)" time="0.014" />
  <testcase classname="ptolemy.util.test.junit.AutoTests" name="[226] /home/travis/build/icyphy/ptII/ptolemy/actor/lib/test/auto/MinimumComplex.xml (RunModel)" time="0.025" />
  <testcase classname="ptolemy.util.test.junit.AutoTests" name="[227] /home/travis/build/icyphy/ptII/ptolemy/actor/lib/test/auto/MinimumMultiports.xml (RunModel)" time="0.025" />
  <testcase classname="ptolemy.util.test.junit.AutoTests" name="[228] /home/travis/build/icyphy/ptII/ptolemy/actor/lib/test/auto/ModifyDate.xml (RunModel)" time="0.051" />
  <testcase classname="ptolemy.util.test.junit.AutoTests" name="[229] /home/travis/build/icyphy/ptII/ptolemy/actor/lib/test/auto/ModifyDate2.xml (RunModel)" time="0.037" />
  <testcase classname="ptolemy.util.test.junit.AutoTests" name="[230] /home/travis/build/icyphy/ptII/ptolemy/actor/lib/test/auto/MovingAverage.xml (RunModel)" time="0.022" />
  <testcase classname="ptolemy.util.test.junit.AutoTests" name="[231] /home/travis/build/icyphy/ptII/ptolemy/actor/lib/test/auto/MovingMaximum.xml (RunModel)" time="0.014" />
  <testcase classname="ptolemy.util.test.junit.AutoTests" name="[232] /home/travis/build/icyphy/ptII/ptolemy/actor/lib/test/auto/MultipleLinksToSameRelation.xml (RunModel)" time="0.009" />
  <testcase classname="ptolemy.util.test.junit.AutoTests" name="[233] /home/travis/build/icyphy/ptII/ptolemy/actor/lib/test/auto/MultipleLinksToSameRelationDE.xml (RunModel)" time="0.01" />
  <testcase classname="ptolemy.util.test.junit.AutoTests" name="[234] /home/travis/build/icyphy/ptII/ptolemy/actor/lib/test/auto/Multiplexor.xml (RunModel)" time="0.014" />
  <testcase classname="ptolemy.util.test.junit.AutoTests" name="[235] /home/travis/build/icyphy/ptII/ptolemy/actor/lib/test/auto/Multiplexor1.xml (RunModel)" time="0.016" />
  <testcase classname="ptolemy.util.test.junit.AutoTests" name="[236] /home/travis/build/icyphy/ptII/ptolemy/actor/lib/test/auto/Multiplexor2.xml (RunModel)" time="0.014" />
  <testcase classname="ptolemy.util.test.junit.AutoTests" name="[237] /home/travis/build/icyphy/ptII/ptolemy/actor/lib/test/auto/Multiplexor3.xml (RunModel)" time="0.01" />
  <testcase classname="ptolemy.util.test.junit.AutoTests" name="[238] /home/travis/build/icyphy/ptII/ptolemy/actor/lib/test/auto/MultiplexorDE.xml (RunModel)" time="0.019" />
  <testcase classname="ptolemy.util.test.junit.AutoTests" name="[239] /home/travis/build/icyphy/ptII/ptolemy/actor/lib/test/auto/MultiportBroadcastTest.xml (RunModel)" time="0.109" />
  <testcase classname="ptolemy.util.test.junit.AutoTests" name="[240] /home/travis/build/icyphy/ptII/ptolemy/actor/lib/test/auto/MultiportOutHangDuringGetWidth.xml (RunModel)" time="0.035" />
  <testcase classname="ptolemy.util.test.junit.AutoTests" name="[241] /home/travis/build/icyphy/ptII/ptolemy/actor/lib/test/auto/NilToken.xml (RunModel)" time="0.008" />
  <testcase classname="ptolemy.util.test.junit.AutoTests" name="[242] /home/travis/build/icyphy/ptII/ptolemy/actor/lib/test/auto/NilTokenNonStrictTest.xml (RunModel)" time="0.012" />
  <testcase classname="ptolemy.util.test.junit.AutoTests" name="[243] /home/travis/build/icyphy/ptII/ptolemy/actor/lib/test/auto/NilTokenRecord.xml (RunModel)" time="0.03" />
  <testcase classname="ptolemy.util.test.junit.AutoTests" name="[244] /home/travis/build/icyphy/ptII/ptolemy/actor/lib/test/auto/NilTokenTypeTest.xml (RunModel)" time="0.026" />
  <testcase classname="ptolemy.util.test.junit.AutoTests" name="[245] /home/travis/build/icyphy/ptII/ptolemy/actor/lib/test/auto/ObjectToken1.xml (RunModel)" time="0.01" />
  <testcase classname="ptolemy.util.test.junit.AutoTests" name="[246] /home/travis/build/icyphy/ptII/ptolemy/actor/lib/test/auto/OrderedMerge.xml (RunModel)" time="0.02" />
  <testcase classname="ptolemy.util.test.junit.AutoTests" name="[247] /home/travis/build/icyphy/ptII/ptolemy/actor/lib/test/auto/OrderedRecordDisassembler.xml (RunModel)" time="0.019" />
  <testcase classname="ptolemy.util.test.junit.AutoTests" name="[248] /home/travis/build/icyphy/ptII/ptolemy/actor/lib/test/auto/OrderedRecordDisassembler2.xml (RunModel)" time="0.024" />
  <testcase classname="ptolemy.util.test.junit.AutoTests" name="[249] /home/travis/build/icyphy/ptII/ptolemy/actor/lib/test/auto/OrderedRecordUpdater.xml (RunModel)" time="0.012" />
  <testcase classname="ptolemy.util.test.junit.AutoTests" name="[250] /home/travis/build/icyphy/ptII/ptolemy/actor/lib/test/auto/OrderedRecordUpdater2.xml (RunModel)" time="0.033" />
  <testcase classname="ptolemy.util.test.junit.AutoTests" name="[251] /home/travis/build/icyphy/ptII/ptolemy/actor/lib/test/auto/PhaseUnwrap.xml (RunModel)" time="0.016" />
  <testcase classname="ptolemy.util.test.junit.AutoTests" name="[252] /home/travis/build/icyphy/ptII/ptolemy/actor/lib/test/auto/PoissonClock.xml (RunModel)" time="0.014" />
  <testcase classname="ptolemy.util.test.junit.AutoTests" name="[253] /home/travis/build/icyphy/ptII/ptolemy/actor/lib/test/auto/PoissonClock2.xml (RunModel)" time="0.009" />
  <testcase classname="ptolemy.util.test.junit.AutoTests" name="[254] /home/travis/build/icyphy/ptII/ptolemy/actor/lib/test/auto/PoissonClock3.xml (RunModel)" time="0.028" />
  <testcase classname="ptolemy.util.test.junit.AutoTests" name="[255] /home/travis/build/icyphy/ptII/ptolemy/actor/lib/test/auto/PubSubWithInitialTokens.xml (RunModel)" time="0.015" />
  <testcase classname="ptolemy.util.test.junit.AutoTests" name="[256] /home/travis/build/icyphy/ptII/ptolemy/actor/lib/test/auto/PubSubWithInitialTokens2.xml (RunModel)" time="0.017" />
  <testcase classname="ptolemy.util.test.junit.AutoTests" name="[257] /home/travis/build/icyphy/ptII/ptolemy/actor/lib/test/auto/PublisherClassNoParameter.xml (RunModel)" time="0.03" />
  <testcase classname="ptolemy.util.test.junit.AutoTests" name="[258] /home/travis/build/icyphy/ptII/ptolemy/actor/lib/test/auto/PublisherClassParameter.xml (RunModel)" time="0.026" />
  <testcase classname="ptolemy.util.test.junit.AutoTests" name="[259] /home/travis/build/icyphy/ptII/ptolemy/actor/lib/test/auto/PublisherNonStrictTest.xml (RunModel)" time="0.017" />
  <testcase classname="ptolemy.util.test.junit.AutoTests" name="[260] /home/travis/build/icyphy/ptII/ptolemy/actor/lib/test/auto/PublisherPort1.xml (RunModel)" time="0.015" />
  <testcase classname="ptolemy.util.test.junit.AutoTests" name="[261] /home/travis/build/icyphy/ptII/ptolemy/actor/lib/test/auto/PublisherPort2.xml (RunModel)" time="0.013" />
  <testcase classname="ptolemy.util.test.junit.AutoTests" name="[262] /home/travis/build/icyphy/ptII/ptolemy/actor/lib/test/auto/PublisherPort3.xml (RunModel)" time="0.025" />
  <testcase classname="ptolemy.util.test.junit.AutoTests" name="[263] /home/travis/build/icyphy/ptII/ptolemy/actor/lib/test/auto/PublisherPort4.xml (RunModel)" time="0.014" />
  <testcase classname="ptolemy.util.test.junit.AutoTests" name="[264] /home/travis/build/icyphy/ptII/ptolemy/actor/lib/test/auto/PublisherPort5.xml (RunModel)" time="0.031" />
  <testcase classname="ptolemy.util.test.junit.AutoTests" name="[265] /home/travis/build/icyphy/ptII/ptolemy/actor/lib/test/auto/PublisherPort5LookAlike.xml (RunModel)" time="0.023" />
  <testcase classname="ptolemy.util.test.junit.AutoTests" name="[266] /home/travis/build/icyphy/ptII/ptolemy/actor/lib/test/auto/PublisherPort6.xml (RunModel)" time="0.014" />
  <testcase classname="ptolemy.util.test.junit.AutoTests" name="[267] /home/travis/build/icyphy/ptII/ptolemy/actor/lib/test/auto/PublisherPort7.xml (RunModel)" time="0.017" />
  <testcase classname="ptolemy.util.test.junit.AutoTests" name="[268] /home/travis/build/icyphy/ptII/ptolemy/actor/lib/test/auto/PublisherPort8.xml (RunModel)" time="0.023" />
  <testcase classname="ptolemy.util.test.junit.AutoTests" name="[269] /home/travis/build/icyphy/ptII/ptolemy/actor/lib/test/auto/PublisherPortSubscriberChannelVariablesAOC2.xml (RunModel)" time="0.038" />
  <testcase classname="ptolemy.util.test.junit.AutoTests" name="[270] /home/travis/build/icyphy/ptII/ptolemy/actor/lib/test/auto/PublisherPortSubscriberOpaqueWidthInference.xml (RunModel)" time="0.017" />
  <testcase classname="ptolemy.util.test.junit.AutoTests" name="[271] /home/travis/build/icyphy/ptII/ptolemy/actor/lib/test/auto/PublisherPortSubscriberPortAdjacent.xml (RunModel)" time="0.019" />
  <testcase classname="ptolemy.util.test.junit.AutoTests" name="[272] /home/travis/build/icyphy/ptII/ptolemy/actor/lib/test/auto/PublisherPortSubscriberPortExpression.xml (RunModel)" time="0.023" />
  <testcase classname="ptolemy.util.test.junit.AutoTests" name="[273] /home/travis/build/icyphy/ptII/ptolemy/actor/lib/test/auto/PublisherPortSubscriberPortOpaqueD3Reverse.xml (RunModel)" time="0.043" />
  <testcase classname="ptolemy.util.test.junit.AutoTests" name="[274] /home/travis/build/icyphy/ptII/ptolemy/actor/lib/test/auto/PublisherPortSubscriberPortOpaqueWidthInference.xml (RunModel)" time="0.024" />
  <testcase classname="ptolemy.util.test.junit.AutoTests" name="[275] /home/travis/build/icyphy/ptII/ptolemy/actor/lib/test/auto/PublisherPortToplevelSubscriberPortAOC.xml (RunModel)" time="0.012" />
  <testcase classname="ptolemy.util.test.junit.AutoTests" name="[276] /home/travis/build/icyphy/ptII/ptolemy/actor/lib/test/auto/PublisherSubscriber.xml (RunModel)" time="0.018" />
  <testcase classname="ptolemy.util.test.junit.AutoTests" name="[277] /home/travis/build/icyphy/ptII/ptolemy/actor/lib/test/auto/PublisherSubscriber10.xml (RunModel)" time="0.028" />
  <testcase classname="ptolemy.util.test.junit.AutoTests" name="[278] /home/travis/build/icyphy/ptII/ptolemy/actor/lib/test/auto/PublisherSubscriber10InitialOutputs.xml (RunModel)" time="0.037" />
  <testcase classname="ptolemy.util.test.junit.AutoTests" name="[279] /home/travis/build/icyphy/ptII/ptolemy/actor/lib/test/auto/PublisherSubscriber11.xml (RunModel)" time="0.02" />
  <testcase classname="ptolemy.util.test.junit.AutoTests" name="[280] /home/travis/build/icyphy/ptII/ptolemy/actor/lib/test/auto/PublisherSubscriber12.xml (RunModel)" time="0.021" />
  <testcase classname="ptolemy.util.test.junit.AutoTests" name="[281] /home/travis/build/icyphy/ptII/ptolemy/actor/lib/test/auto/PublisherSubscriber13.xml (RunModel)" time="0.011" />
  <testcase classname="ptolemy.util.test.junit.AutoTests" name="[282] /home/travis/build/icyphy/ptII/ptolemy/actor/lib/test/auto/PublisherSubscriber14.xml (RunModel)" time="0.024" />
  <testcase classname="ptolemy.util.test.junit.AutoTests" name="[283] /home/travis/build/icyphy/ptII/ptolemy/actor/lib/test/auto/PublisherSubscriber2.xml (RunModel)" time="0.011" />
  <testcase classname="ptolemy.util.test.junit.AutoTests" name="[284] /home/travis/build/icyphy/ptII/ptolemy/actor/lib/test/auto/PublisherSubscriber3.xml (RunModel)" time="0.011" />
  <testcase classname="ptolemy.util.test.junit.AutoTests" name="[285] /home/travis/build/icyphy/ptII/ptolemy/actor/lib/test/auto/PublisherSubscriber4.xml (RunModel)" time="0.01" />
  <testcase classname="ptolemy.util.test.junit.AutoTests" name="[286] /home/travis/build/icyphy/ptII/ptolemy/actor/lib/test/auto/PublisherSubscriber5.xml (RunModel)" time="0.013" />
  <testcase classname="ptolemy.util.test.junit.AutoTests" name="[287] /home/travis/build/icyphy/ptII/ptolemy/actor/lib/test/auto/PublisherSubscriber6.xml (RunModel)" time="0.024" />
  <testcase classname="ptolemy.util.test.junit.AutoTests" name="[288] /home/travis/build/icyphy/ptII/ptolemy/actor/lib/test/auto/PublisherSubscriber7.xml (RunModel)" time="0.014" />
  <testcase classname="ptolemy.util.test.junit.AutoTests" name="[289] /home/travis/build/icyphy/ptII/ptolemy/actor/lib/test/auto/PublisherSubscriber8.xml (RunModel)" time="0.032" />
  <testcase classname="ptolemy.util.test.junit.AutoTests" name="[290] /home/travis/build/icyphy/ptII/ptolemy/actor/lib/test/auto/PublisherSubscriber9.xml (RunModel)" time="0.021" />
  <testcase classname="ptolemy.util.test.junit.AutoTests" name="[291] /home/travis/build/icyphy/ptII/ptolemy/actor/lib/test/auto/PublisherSubscriberAdjacent.xml (RunModel)" time="0.018" />
  <testcase classname="ptolemy.util.test.junit.AutoTests" name="[292] /home/travis/build/icyphy/ptII/ptolemy/actor/lib/test/auto/PublisherSubscriberChannelVariablesAOC2.xml (RunModel)" time="0.035" />
  <testcase classname="ptolemy.util.test.junit.AutoTests" name="[293] /home/travis/build/icyphy/ptII/ptolemy/actor/lib/test/auto/PublisherSubscriberD3.xml (RunModel)" time="0.014" />
  <testcase classname="ptolemy.util.test.junit.AutoTests" name="[294] /home/travis/build/icyphy/ptII/ptolemy/actor/lib/test/auto/PublisherSubscriberD3Reverse.xml (RunModel)" time="0.014" />
  <testcase classname="ptolemy.util.test.junit.AutoTests" name="[295] /home/travis/build/icyphy/ptII/ptolemy/actor/lib/test/auto/PublisherSubscriberExpression.xml (RunModel)" time="0.021" />
  <testcase classname="ptolemy.util.test.junit.AutoTests" name="[296] /home/travis/build/icyphy/ptII/ptolemy/actor/lib/test/auto/PublisherSubscriberOpaque.xml (RunModel)" time="0.016" />
  <testcase classname="ptolemy.util.test.junit.AutoTests" name="[297] /home/travis/build/icyphy/ptII/ptolemy/actor/lib/test/auto/PublisherSubscriberOpaqueD3.xml (RunModel)" time="0.024" />
  <testcase classname="ptolemy.util.test.junit.AutoTests" name="[298] /home/travis/build/icyphy/ptII/ptolemy/actor/lib/test/auto/PublisherSubscriberOpaqueD3Reverse.xml (RunModel)" time="0.024" />
  <testcase classname="ptolemy.util.test.junit.AutoTests" name="[299] /home/travis/build/icyphy/ptII/ptolemy/actor/lib/test/auto/PublisherSubscriberOpaqueWidthInference.xml (RunModel)" time="0.02" />
  <testcase classname="ptolemy.util.test.junit.AutoTests" name="[300] /home/travis/build/icyphy/ptII/ptolemy/actor/lib/test/auto/PublisherTestSubscriber.xml (RunModel)" time="0.016" />
  <testcase classname="ptolemy.util.test.junit.AutoTests" name="[301] /home/travis/build/icyphy/ptII/ptolemy/actor/lib/test/auto/PublisherToplevelSubscriberPortAOC.xml (RunModel)" time="0.012" />
  <testcase classname="ptolemy.util.test.junit.AutoTests" name="[302] /home/travis/build/icyphy/ptII/ptolemy/actor/lib/test/auto/PulseFiringLimitDE.xml (RunModel)" time="0.016" />
  <testcase classname="ptolemy.util.test.junit.AutoTests" name="[303] /home/travis/build/icyphy/ptII/ptolemy/actor/lib/test/auto/Ramp1.xml (RunModel)" time="0.008" />
  <testcase classname="ptolemy.util.test.junit.AutoTests" name="[304] /home/travis/build/icyphy/ptII/ptolemy/actor/lib/test/auto/RampFiringLimitDE.xml (RunModel)" time="0.011" />
  <testcase classname="ptolemy.util.test.junit.AutoTests" name="[305] /home/travis/build/icyphy/ptII/ptolemy/actor/lib/test/auto/RampFiringLimitSDF.xml (RunModel)" time="0.01" />
  <testcase classname="ptolemy.util.test.junit.AutoTests" name="[306] /home/travis/build/icyphy/ptII/ptolemy/actor/lib/test/auto/RandomInteger.xml (RunModel)" time="0.011" />
  <testcase classname="ptolemy.util.test.junit.AutoTests" name="[307] /home/travis/build/icyphy/ptII/ptolemy/actor/lib/test/auto/ReadFile1.xml (RunModel)" time="0.008" />
  <testcase classname="ptolemy.util.test.junit.AutoTests" name="[308] /home/travis/build/icyphy/ptII/ptolemy/actor/lib/test/auto/ReadFile2.xml (RunModel)" time="0.009" />
  <testcase classname="ptolemy.util.test.junit.AutoTests" name="[309] /home/travis/build/icyphy/ptII/ptolemy/actor/lib/test/auto/Reader.xml (RunModel)" time="0.014" />
  <testcase classname="ptolemy.util.test.junit.AutoTests" name="[310] /home/travis/build/icyphy/ptII/ptolemy/actor/lib/test/auto/RecordAssemblerDisplayNameTest.xml (RunModel)" time="3.574" />
  <testcase classname="ptolemy.util.test.junit.AutoTests" name="[311] /home/travis/build/icyphy/ptII/ptolemy/actor/lib/test/auto/RecordAssemblerTypeError.xml (RunModel)" time="0.029" />
  <testcase classname="ptolemy.util.test.junit.AutoTests" name="[312] /home/travis/build/icyphy/ptII/ptolemy/actor/lib/test/auto/RecordDisassember.xml (RunModel)" time="0.021" />
  <testcase classname="ptolemy.util.test.junit.AutoTests" name="[313] /home/travis/build/icyphy/ptII/ptolemy/actor/lib/test/auto/RecordDisassemberDisplayNameTest.xml (RunModel)" time="0.021" />
  <testcase classname="ptolemy.util.test.junit.AutoTests" name="[314] /home/travis/build/icyphy/ptII/ptolemy/actor/lib/test/auto/RecordDisassembler.xml (RunModel)" time="0.013" />
  <testcase classname="ptolemy.util.test.junit.AutoTests" name="[315] /home/travis/build/icyphy/ptII/ptolemy/actor/lib/test/auto/RecordDisassembler2.xml (RunModel)" time="0.011" />
  <testcase classname="ptolemy.util.test.junit.AutoTests" name="[316] /home/travis/build/icyphy/ptII/ptolemy/actor/lib/test/auto/RecordUpdater.xml (RunModel)" time="0.011" />
  <testcase classname="ptolemy.util.test.junit.AutoTests" name="[317] /home/travis/build/icyphy/ptII/ptolemy/actor/lib/test/auto/RecordUpdater2.xml (RunModel)" time="0.011" />
  <testcase classname="ptolemy.util.test.junit.AutoTests" name="[318] /home/travis/build/icyphy/ptII/ptolemy/actor/lib/test/auto/RecursiveLattice.xml (RunModel)" time="0.009" />
  <testcase classname="ptolemy.util.test.junit.AutoTests" name="[319] /home/travis/build/icyphy/ptII/ptolemy/actor/lib/test/auto/Router.xml (RunModel)" time="3.031" />
  <testcase classname="ptolemy.util.test.junit.AutoTests" name="[320] /home/travis/build/icyphy/ptII/ptolemy/actor/lib/test/auto/Router2.xml (RunModel)" time="3.03" />
  <testcase classname="ptolemy.util.test.junit.AutoTests" name="[321] /home/travis/build/icyphy/ptII/ptolemy/actor/lib/test/auto/RunningMaximum.xml (RunModel)" time="0.021" />
  <testcase classname="ptolemy.util.test.junit.AutoTests" name="[322] /home/travis/build/icyphy/ptII/ptolemy/actor/lib/test/auto/RunningMinimum.xml (RunModel)" time="0.021" />
  <testcase classname="ptolemy.util.test.junit.AutoTests" name="[323] /home/travis/build/icyphy/ptII/ptolemy/actor/lib/test/auto/Scale.xml (RunModel)" time="0.013" />
  <testcase classname="ptolemy.util.test.junit.AutoTests" name="[324] /home/travis/build/icyphy/ptII/ptolemy/actor/lib/test/auto/Scale2.xml (RunModel)" time="0.015" />
  <testcase classname="ptolemy.util.test.junit.AutoTests" name="[325] /home/travis/build/icyphy/ptII/ptolemy/actor/lib/test/auto/Scale3.xml (RunModel)" time="0.015" />
  <testcase classname="ptolemy.util.test.junit.AutoTests" name="[326] /home/travis/build/icyphy/ptII/ptolemy/actor/lib/test/auto/ScaleArray.xml (RunModel)" time="0.008" />
  <testcase classname="ptolemy.util.test.junit.AutoTests" name="[327] /home/travis/build/icyphy/ptII/ptolemy/actor/lib/test/auto/ScaleArray2.xml (RunModel)" time="0.01" />
  <testcase classname="ptolemy.util.test.junit.AutoTests" name="[328] /home/travis/build/icyphy/ptII/ptolemy/actor/lib/test/auto/ScaleMatrix.xml (RunModel)" time="0.181" />
  <testcase classname="ptolemy.util.test.junit.AutoTests" name="[329] /home/travis/build/icyphy/ptII/ptolemy/actor/lib/test/auto/Select.xml (RunModel)" time="0.023" />
  <testcase classname="ptolemy.util.test.junit.AutoTests" name="[330] /home/travis/build/icyphy/ptII/ptolemy/actor/lib/test/auto/Select2.xml (RunModel)" time="0.01" />
  <testcase classname="ptolemy.util.test.junit.AutoTests" name="[331] /home/travis/build/icyphy/ptII/ptolemy/actor/lib/test/auto/SequenceToArray2.xml (RunModel)" time="0.152" />
  <testcase classname="ptolemy.util.test.junit.AutoTests" name="[332] /home/travis/build/icyphy/ptII/ptolemy/actor/lib/test/auto/SequentialClock.xml (RunModel)" time="0.01" />
  <testcase classname="ptolemy.util.test.junit.AutoTests" name="[333] /home/travis/build/icyphy/ptII/ptolemy/actor/lib/test/auto/SetVariable.xml (RunModel)" time="0.012" />
  <testcase classname="ptolemy.util.test.junit.AutoTests" name="[334] /home/travis/build/icyphy/ptII/ptolemy/actor/lib/test/auto/SetVariable2.xml (RunModel)" time="0.012" />
  <testcase classname="ptolemy.util.test.junit.AutoTests" name="[335] /home/travis/build/icyphy/ptII/ptolemy/actor/lib/test/auto/SetVariable3.xml (RunModel)" time="0.018" />
  <testcase classname="ptolemy.util.test.junit.AutoTests" name="[336] /home/travis/build/icyphy/ptII/ptolemy/actor/lib/test/auto/SetVariable4.xml (RunModel)" time="0.03" />
  <testcase classname="ptolemy.util.test.junit.AutoTests" name="[337] /home/travis/build/icyphy/ptII/ptolemy/actor/lib/test/auto/SetVariable5.xml (RunModel)" time="0.036" />
  <testcase classname="ptolemy.util.test.junit.AutoTests" name="[338] /home/travis/build/icyphy/ptII/ptolemy/actor/lib/test/auto/Sinewave.xml (RunModel)" time="0.028" />
  <testcase classname="ptolemy.util.test.junit.AutoTests" name="[339] /home/travis/build/icyphy/ptII/ptolemy/actor/lib/test/auto/Sinewave2.xml (RunModel)" time="0.019" />
  <testcase classname="ptolemy.util.test.junit.AutoTests" name="[340] /home/travis/build/icyphy/ptII/ptolemy/actor/lib/test/auto/Sinewave3.xml (RunModel)" time="0.026" />
  <testcase classname="ptolemy.util.test.junit.AutoTests" name="[341] /home/travis/build/icyphy/ptII/ptolemy/actor/lib/test/auto/SingleEvent.xml (RunModel)" time="0.008" />
  <testcase classname="ptolemy.util.test.junit.AutoTests" name="[342] /home/travis/build/icyphy/ptII/ptolemy/actor/lib/test/auto/Sleep.xml (RunModel)" time="6.021" />
  <testcase classname="ptolemy.util.test.junit.AutoTests" name="[343] /home/travis/build/icyphy/ptII/ptolemy/actor/lib/test/auto/SleepMultipleFire.xml (RunModel)" time="1.027" />
  <testcase classname="ptolemy.util.test.junit.AutoTests" name="[344] /home/travis/build/icyphy/ptII/ptolemy/actor/lib/test/auto/StopDE.xml (RunModel)" time="0.03" />
  <testcase classname="ptolemy.util.test.junit.AutoTests" name="[345] /home/travis/build/icyphy/ptII/ptolemy/actor/lib/test/auto/StopSDF.xml (RunModel)" time="0.018" />
  <testcase classname="ptolemy.util.test.junit.AutoTests" name="[346] /home/travis/build/icyphy/ptII/ptolemy/actor/lib/test/auto/StringConstant.xml (RunModel)" time="0.018" />
  <testcase classname="ptolemy.util.test.junit.AutoTests" name="[347] /home/travis/build/icyphy/ptII/ptolemy/actor/lib/test/auto/SubscriberPortInitialValues1.xml (RunModel)" time="0.027" />
  <testcase classname="ptolemy.util.test.junit.AutoTests" name="[348] /home/travis/build/icyphy/ptII/ptolemy/actor/lib/test/auto/SubscriberPortInitialValues13.xml (RunModel)" time="0.031" />
  <testcase classname="ptolemy.util.test.junit.AutoTests" name="[349] /home/travis/build/icyphy/ptII/ptolemy/actor/lib/test/auto/SubscriberPortInitialValues14.xml (RunModel)" time="0.022" />
  <testcase classname="ptolemy.util.test.junit.AutoTests" name="[350] /home/travis/build/icyphy/ptII/ptolemy/actor/lib/test/auto/SubscriberPortInitialValues2.xml (RunModel)" time="0.018" />
  <testcase classname="ptolemy.util.test.junit.AutoTests" name="[351] /home/travis/build/icyphy/ptII/ptolemy/actor/lib/test/auto/SubscriberPortInitialValues3.xml (RunModel)" time="0.022" />
  <testcase classname="ptolemy.util.test.junit.AutoTests" name="[352] /home/travis/build/icyphy/ptII/ptolemy/actor/lib/test/auto/SubscriptionAggregator.xml (RunModel)" time="0.013" />
  <testcase classname="ptolemy.util.test.junit.AutoTests" name="[353] /home/travis/build/icyphy/ptII/ptolemy/actor/lib/test/auto/SubscriptionAggregator2.xml (RunModel)" time="0.013" />
  <testcase classname="ptolemy.util.test.junit.AutoTests" name="[354] /home/travis/build/icyphy/ptII/ptolemy/actor/lib/test/auto/SubscriptionAggregator3.xml (RunModel)" time="0.018" />
  <testcase classname="ptolemy.util.test.junit.AutoTests" name="[355] /home/travis/build/icyphy/ptII/ptolemy/actor/lib/test/auto/SubscriptionAggregatorMultiply.xml (RunModel)" time="0.023" />
  <testcase classname="ptolemy.util.test.junit.AutoTests" name="[356] /home/travis/build/icyphy/ptII/ptolemy/actor/lib/test/auto/SubscriptionAggregatorPortMultiply1.xml (RunModel)" time="0.021" />
  <testcase classname="ptolemy.util.test.junit.AutoTests" name="[357] /home/travis/build/icyphy/ptII/ptolemy/actor/lib/test/auto/Switch.xml (RunModel)" time="0.019" />
  <testcase classname="ptolemy.util.test.junit.AutoTests" name="[358] /home/travis/build/icyphy/ptII/ptolemy/actor/lib/test/auto/Switch2.xml (RunModel)" time="0.015" />
  <testcase classname="ptolemy.util.test.junit.AutoTests" name="[359] /home/travis/build/icyphy/ptII/ptolemy/actor/lib/test/auto/SwitchDE.xml (RunModel)" time="0.019" />
  <testcase classname="ptolemy.util.test.junit.AutoTests" name="[360] /home/travis/build/icyphy/ptII/ptolemy/actor/lib/test/auto/SynchronizerDE.xml (RunModel)" time="0.023" />
  <testcase classname="ptolemy.util.test.junit.AutoTests" name="[361] /home/travis/build/icyphy/ptII/ptolemy/actor/lib/test/auto/Test.xml (RunModel)" time="0.021" />
  <testcase classname="ptolemy.util.test.junit.AutoTests" name="[362] /home/travis/build/icyphy/ptII/ptolemy/actor/lib/test/auto/TestExceptionAttribute1.xml (RunModel)" time="0.008" />
  <testcase classname="ptolemy.util.test.junit.AutoTests" name="[363] /home/travis/build/icyphy/ptII/ptolemy/actor/lib/test/auto/TestExceptionAttribute2.xml (RunModel)" time="0.013" />
  <testcase classname="ptolemy.util.test.junit.AutoTests" name="[364] /home/travis/build/icyphy/ptII/ptolemy/actor/lib/test/auto/TestExceptionAttribute3.xml (RunModel)" time="0.007" />
  <testcase classname="ptolemy.util.test.junit.AutoTests" name="[365] /home/travis/build/icyphy/ptII/ptolemy/actor/lib/test/auto/TestExceptionAttribute4.xml (RunModel)" time="0.009" />
  <testcase classname="ptolemy.util.test.junit.AutoTests" name="[366] /home/travis/build/icyphy/ptII/ptolemy/actor/lib/test/auto/TestExceptionHandler1.xml (RunModel)" time="0.008" />
  <testcase classname="ptolemy.util.test.junit.AutoTests" name="[367] /home/travis/build/icyphy/ptII/ptolemy/actor/lib/test/auto/TestExceptionHandler2.xml (RunModel)" time="0.015" />
  <testcase classname="ptolemy.util.test.junit.AutoTests" name="[368] /home/travis/build/icyphy/ptII/ptolemy/actor/lib/test/auto/TestExceptionHandler3.xml (RunModel)" time="0.01" />
  <testcase classname="ptolemy.util.test.junit.AutoTests" name="[369] /home/travis/build/icyphy/ptII/ptolemy/actor/lib/test/auto/TestExceptionHandler4.xml (RunModel)" time="0.009" />
  <testcase classname="ptolemy.util.test.junit.AutoTests" name="[370] /home/travis/build/icyphy/ptII/ptolemy/actor/lib/test/auto/TestRequireCorrectOrder.xml (RunModel)" time="0.014" />
  <testcase classname="ptolemy.util.test.junit.AutoTests" name="[371] /home/travis/build/icyphy/ptII/ptolemy/actor/lib/test/auto/TestSimple.xml (RunModel)" time="0.008" />
  <testcase classname="ptolemy.util.test.junit.AutoTests" name="[372] /home/travis/build/icyphy/ptII/ptolemy/actor/lib/test/auto/ThrowModelError.xml (RunModel)" time="0.012" />
  <testcase classname="ptolemy.util.test.junit.AutoTests" name="[373] /home/travis/build/icyphy/ptII/ptolemy/actor/lib/test/auto/TimeDelayMicrosteps.xml (RunModel)" time="0.015" />
  <testcase classname="ptolemy.util.test.junit.AutoTests" name="[374] /home/travis/build/icyphy/ptII/ptolemy/actor/lib/test/auto/TimeDelayMicrosteps2.xml (RunModel)" time="0.017" />
  <testcase classname="ptolemy.util.test.junit.AutoTests" name="[375] /home/travis/build/icyphy/ptII/ptolemy/actor/lib/test/auto/TimeDelayMicrosteps3.xml (RunModel)" time="0.014" />
  <testcase classname="ptolemy.util.test.junit.AutoTests" name="[376] /home/travis/build/icyphy/ptII/ptolemy/actor/lib/test/auto/TimeDelayVariableMicrosteps.xml (RunModel)" time="0.015" />
  <testcase classname="ptolemy.util.test.junit.AutoTests" name="[377] /home/travis/build/icyphy/ptII/ptolemy/actor/lib/test/auto/TimeGap.xml (RunModel)" time="0.018" />
  <testcase classname="ptolemy.util.test.junit.AutoTests" name="[378] /home/travis/build/icyphy/ptII/ptolemy/actor/lib/test/auto/TimeGap2.xml (RunModel)" time="0.011" />
  <testcase classname="ptolemy.util.test.junit.AutoTests" name="[379] /home/travis/build/icyphy/ptII/ptolemy/actor/lib/test/auto/TimedSinewave.xml (RunModel)" time="0.068" />
  <testcase classname="ptolemy.util.test.junit.AutoTests" name="[380] /home/travis/build/icyphy/ptII/ptolemy/actor/lib/test/auto/TimedSinewavePhase.xml (RunModel)" time="0.039" />
  <testcase classname="ptolemy.util.test.junit.AutoTests" name="[381] /home/travis/build/icyphy/ptII/ptolemy/actor/lib/test/auto/Timer.xml (RunModel)" time="0.019" />
  <testcase classname="ptolemy.util.test.junit.AutoTests" name="[382] /home/travis/build/icyphy/ptII/ptolemy/actor/lib/test/auto/TriangularDistTestModel.xml (RunModel)" time="0.021" />
  <testcase classname="ptolemy.util.test.junit.AutoTests" name="[383] /home/travis/build/icyphy/ptII/ptolemy/actor/lib/test/auto/TrigFunction.xml (RunModel)" time="0.01" />
  <testcase classname="ptolemy.util.test.junit.AutoTests" name="[384] /home/travis/build/icyphy/ptII/ptolemy/actor/lib/test/auto/TrigFunctionDE.xml (RunModel)" time="0.013" />
  <testcase classname="ptolemy.util.test.junit.AutoTests" name="[385] /home/travis/build/icyphy/ptII/ptolemy/actor/lib/test/auto/TrigFunctionInverse.xml (RunModel)" time="0.012" />
  <testcase classname="ptolemy.util.test.junit.AutoTests" name="[386] /home/travis/build/icyphy/ptII/ptolemy/actor/lib/test/auto/TrigFunctionTan.xml (RunModel)" time="0.008" />
  <testcase classname="ptolemy.util.test.junit.AutoTests" name="[387] /home/travis/build/icyphy/ptII/ptolemy/actor/lib/test/auto/TriggeredClock.xml (RunModel)" time="0.012" />
  <testcase classname="ptolemy.util.test.junit.AutoTests" name="[388] /home/travis/build/icyphy/ptII/ptolemy/actor/lib/test/auto/URLDirectoryReader.xml (RunModel)" time="0.133" />
  <testcase classname="ptolemy.util.test.junit.AutoTests" name="[389] /home/travis/build/icyphy/ptII/ptolemy/actor/lib/test/auto/URLDirectoryReader3.xml (RunModel)" time="1.514" />
  <testcase classname="ptolemy.util.test.junit.AutoTests" name="[390] /home/travis/build/icyphy/ptII/ptolemy/actor/lib/test/auto/UnaryMathFunction.xml (RunModel)" time="0.026" />
  <testcase classname="ptolemy.util.test.junit.AutoTests" name="[391] /home/travis/build/icyphy/ptII/ptolemy/actor/lib/test/auto/Uniform.xml (RunModel)" time="0.018" />
  <testcase classname="ptolemy.util.test.junit.AutoTests" name="[392] /home/travis/build/icyphy/ptII/ptolemy/actor/lib/test/auto/UnionDisassemblerTest.xml (RunModel)" time="0.011" />
  <testcase classname="ptolemy.util.test.junit.AutoTests" name="[393] /home/travis/build/icyphy/ptII/ptolemy/actor/lib/test/auto/UtilityFunctions.xml (RunModel)" time="0.009" />
  <testcase classname="ptolemy.util.test.junit.AutoTests" name="[394] /home/travis/build/icyphy/ptII/ptolemy/actor/lib/test/auto/VariableSleep.xml (RunModel)" time="0.514" />
  <testcase classname="ptolemy.util.test.junit.AutoTests" name="[395] /home/travis/build/icyphy/ptII/ptolemy/actor/lib/test/auto/VectorAssemblerDisassemblerCT.xml (RunModel)" time="0.129" />
  <testcase classname="ptolemy.util.test.junit.AutoTests" name="[396] /home/travis/build/icyphy/ptII/ptolemy/actor/lib/test/auto/VectorAssemblerDisassemblerDE.xml (RunModel)" time="0.016" />
  <testcase classname="ptolemy.util.test.junit.AutoTests" name="[397] /home/travis/build/icyphy/ptII/ptolemy/actor/lib/test/auto/VectorAssemblerDisassemblerSDF.xml (RunModel)" time="0.013" />
  <testcase classname="ptolemy.util.test.junit.AutoTests" name="[398] /home/travis/build/icyphy/ptII/ptolemy/actor/lib/test/auto/WallClockTime.xml (RunModel)" time="1.016" />
  <testcase classname="ptolemy.util.test.junit.AutoTests" name="[399] /home/travis/build/icyphy/ptII/ptolemy/actor/lib/test/auto/WidthTestWithSubscriberPublisher.xml (RunModel)" time="0.041" />
  <testcase classname="ptolemy.util.test.junit.AutoTests" name="[400] /home/travis/build/icyphy/ptII/ptolemy/actor/lib/test/auto/WidthTestWithSubscriberPublisher2.xml (RunModel)" time="0.016" />
  <testcase classname="ptolemy.util.test.junit.AutoTests" name="[401] /home/travis/build/icyphy/ptII/ptolemy/actor/lib/test/auto/WidthTestWithSubscriberPublisher3.xml (RunModel)" time="0.014" />
  <testcase classname="ptolemy.util.test.junit.AutoTests" name="[402] /home/travis/build/icyphy/ptII/ptolemy/actor/lib/test/auto/Writer.xml (RunModel)" time="0.009" />
  <testcase classname="ptolemy.util.test.junit.AutoTests" name="[403] /home/travis/build/icyphy/ptII/ptolemy/actor/lib/test/auto/array.xml (RunModel)" time="0.01" />
  <testcase classname="ptolemy.util.test.junit.AutoTests" name="[404] /home/travis/build/icyphy/ptII/ptolemy/actor/lib/test/auto/array2.xml (RunModel)" time="0.02" />
  <testcase classname="ptolemy.util.test.junit.AutoTests" name="[405] /home/travis/build/icyphy/ptII/ptolemy/actor/lib/test/auto/arrayType.xml (RunModel)" time="0.013" />
  <testcase classname="ptolemy.util.test.junit.AutoTests" name="[406] /home/travis/build/icyphy/ptII/ptolemy/actor/lib/test/auto/arrayType10.xml (RunModel)" time="0.01" />
  <testcase classname="ptolemy.util.test.junit.AutoTests" name="[407] /home/travis/build/icyphy/ptII/ptolemy/actor/lib/test/auto/arrayType11.xml (RunModel)" time="0.01" />
  <testcase classname="ptolemy.util.test.junit.AutoTests" name="[408] /home/travis/build/icyphy/ptII/ptolemy/actor/lib/test/auto/arrayType12.xml (RunModel)" time="0.011" />
  <testcase classname="ptolemy.util.test.junit.AutoTests" name="[409] /home/travis/build/icyphy/ptII/ptolemy/actor/lib/test/auto/arrayType13.xml (RunModel)" time="0.011" />
  <testcase classname="ptolemy.util.test.junit.AutoTests" name="[410] /home/travis/build/icyphy/ptII/ptolemy/actor/lib/test/auto/arrayType14.xml (RunModel)" time="0.011" />
  <testcase classname="ptolemy.util.test.junit.AutoTests" name="[411] /home/travis/build/icyphy/ptII/ptolemy/actor/lib/test/auto/arrayType15.xml (RunModel)" time="0.011" />
  <testcase classname="ptolemy.util.test.junit.AutoTests" name="[412] /home/travis/build/icyphy/ptII/ptolemy/actor/lib/test/auto/arrayType16.xml (RunModel)" time="0.011" />
  <testcase classname="ptolemy.util.test.junit.AutoTests" name="[413] /home/travis/build/icyphy/ptII/ptolemy/actor/lib/test/auto/arrayType17.xml (RunModel)" time="0.011" />
  <testcase classname="ptolemy.util.test.junit.AutoTests" name="[414] /home/travis/build/icyphy/ptII/ptolemy/actor/lib/test/auto/arrayType18.xml (RunModel)" time="0.01" />
  <testcase classname="ptolemy.util.test.junit.AutoTests" name="[415] /home/travis/build/icyphy/ptII/ptolemy/actor/lib/test/auto/arrayType19.xml (RunModel)" time="0.009" />
  <testcase classname="ptolemy.util.test.junit.AutoTests" name="[416] /home/travis/build/icyphy/ptII/ptolemy/actor/lib/test/auto/arrayType2.xml (RunModel)" time="0.01" />
  <testcase classname="ptolemy.util.test.junit.AutoTests" name="[417] /home/travis/build/icyphy/ptII/ptolemy/actor/lib/test/auto/arrayType20.xml (RunModel)" time="0.01" />
  <testcase classname="ptolemy.util.test.junit.AutoTests" name="[418] /home/travis/build/icyphy/ptII/ptolemy/actor/lib/test/auto/arrayType21.xml (RunModel)" time="0.01" />
  <testcase classname="ptolemy.util.test.junit.AutoTests" name="[419] /home/travis/build/icyphy/ptII/ptolemy/actor/lib/test/auto/arrayType22.xml (RunModel)" time="0.009" />
  <testcase classname="ptolemy.util.test.junit.AutoTests" name="[420] /home/travis/build/icyphy/ptII/ptolemy/actor/lib/test/auto/arrayType23.xml (RunModel)" time="0.009" />
  <testcase classname="ptolemy.util.test.junit.AutoTests" name="[421] /home/travis/build/icyphy/ptII/ptolemy/actor/lib/test/auto/arrayType24.xml (RunModel)" time="0.01" />
  <testcase classname="ptolemy.util.test.junit.AutoTests" name="[422] /home/travis/build/icyphy/ptII/ptolemy/actor/lib/test/auto/arrayType25.xml (RunModel)" time="0.01" />
  <testcase classname="ptolemy.util.test.junit.AutoTests" name="[423] /home/travis/build/icyphy/ptII/ptolemy/actor/lib/test/auto/arrayType26.xml (RunModel)" time="0.01" />
  <testcase classname="ptolemy.util.test.junit.AutoTests" name="[424] /home/travis/build/icyphy/ptII/ptolemy/actor/lib/test/auto/arrayType27.xml (RunModel)" time="0.01" />
  <testcase classname="ptolemy.util.test.junit.AutoTests" name="[425] /home/travis/build/icyphy/ptII/ptolemy/actor/lib/test/auto/arrayType28.xml (RunModel)" time="0.02" />
  <testcase classname="ptolemy.util.test.junit.AutoTests" name="[426] /home/travis/build/icyphy/ptII/ptolemy/actor/lib/test/auto/arrayType3.xml (RunModel)" time="0.011" />
  <testcase classname="ptolemy.util.test.junit.AutoTests" name="[427] /home/travis/build/icyphy/ptII/ptolemy/actor/lib/test/auto/arrayType4.xml (RunModel)" time="0.009" />
  <testcase classname="ptolemy.util.test.junit.AutoTests" name="[428] /home/travis/build/icyphy/ptII/ptolemy/actor/lib/test/auto/arrayType5.xml (RunModel)" time="0.038" />
  <testcase classname="ptolemy.util.test.junit.AutoTests" name="[429] /home/travis/build/icyphy/ptII/ptolemy/actor/lib/test/auto/arrayType6.xml (RunModel)" time="0.011" />
  <testcase classname="ptolemy.util.test.junit.AutoTests" name="[430] /home/travis/build/icyphy/ptII/ptolemy/actor/lib/test/auto/arrayType7.xml (RunModel)" time="0.016" />
  <testcase classname="ptolemy.util.test.junit.AutoTests" name="[431] /home/travis/build/icyphy/ptII/ptolemy/actor/lib/test/auto/arrayType8.xml (RunModel)" time="0.01" />
  <testcase classname="ptolemy.util.test.junit.AutoTests" name="[432] /home/travis/build/icyphy/ptII/ptolemy/actor/lib/test/auto/arrayType9.xml (RunModel)" time="0.009" />
  <testcase classname="ptolemy.util.test.junit.AutoTests" name="[433] /home/travis/build/icyphy/ptII/ptolemy/actor/lib/test/auto/cast.xml (RunModel)" time="0.01" />
  <testcase classname="ptolemy.util.test.junit.AutoTests" name="[434] /home/travis/build/icyphy/ptII/ptolemy/actor/lib/test/auto/compositeMultiPort.xml (RunModel)" time="0.018" />
  <testcase classname="ptolemy.util.test.junit.AutoTests" name="[435] /home/travis/build/icyphy/ptII/ptolemy/actor/lib/test/auto/expressionCastInference.xml (RunModel)" time="0.009" />
  <testcase classname="ptolemy.util.test.junit.AutoTests" name="[436] /home/travis/build/icyphy/ptII/ptolemy/actor/lib/test/auto/expressionCastInference2.xml (RunModel)" time="0.009" />
  <testcase classname="ptolemy.util.test.junit.AutoTests" name="[437] /home/travis/build/icyphy/ptII/ptolemy/actor/lib/test/auto/expressionInference.xml (RunModel)" time="0.008" />
  <testcase classname="ptolemy.util.test.junit.AutoTests" name="[438] /home/travis/build/icyphy/ptII/ptolemy/actor/lib/test/auto/expression_bug.xml (RunModel)" time="0.008" />
  <testcase classname="ptolemy.util.test.junit.AutoTests" name="[439] /home/travis/build/icyphy/ptII/ptolemy/actor/lib/test/auto/factorial.xml (RunModel)" time="0.051" />
  <testcase classname="ptolemy.util.test.junit.AutoTests" name="[440] /home/travis/build/icyphy/ptII/ptolemy/actor/lib/test/auto/filterTest1.xml (RunModel)" time="0.018" />
  <testcase classname="ptolemy.util.test.junit.AutoTests" name="[441] /home/travis/build/icyphy/ptII/ptolemy/actor/lib/test/auto/funcApplyInConst.xml (RunModel)" time="0.007" />
  <testcase classname="ptolemy.util.test.junit.AutoTests" name="[442] /home/travis/build/icyphy/ptII/ptolemy/actor/lib/test/auto/funcApplyInExpr.xml (RunModel)" time="0.009" />
  <testcase classname="ptolemy.util.test.junit.AutoTests" name="[443] /home/travis/build/icyphy/ptII/ptolemy/actor/lib/test/auto/function.xml (RunModel)" time="0.011" />
  <testcase classname="ptolemy.util.test.junit.AutoTests" name="[444] /home/travis/build/icyphy/ptII/ptolemy/actor/lib/test/auto/function2.xml (RunModel)" time="0.009" />
  <testcase classname="ptolemy.util.test.junit.AutoTests" name="[445] /home/travis/build/icyphy/ptII/ptolemy/actor/lib/test/auto/function3.xml (RunModel)" time="0.009" />
  <testcase classname="ptolemy.util.test.junit.AutoTests" name="[446] /home/travis/build/icyphy/ptII/ptolemy/actor/lib/test/auto/functionClosureTest1.xml (RunModel)" time="0.011" />
  <testcase classname="ptolemy.util.test.junit.AutoTests" name="[447] /home/travis/build/icyphy/ptII/ptolemy/actor/lib/test/auto/functionClosureTest2.xml (RunModel)" time="0.008" />
  <testcase classname="ptolemy.util.test.junit.AutoTests" name="[448] /home/travis/build/icyphy/ptII/ptolemy/actor/lib/test/auto/functionClosureTest3.xml (RunModel)" time="0.013" />
  <testcase classname="ptolemy.util.test.junit.AutoTests" name="[449] /home/travis/build/icyphy/ptII/ptolemy/actor/lib/test/auto/functionClosureTest4.xml (RunModel)" time="0.015" />
  <testcase classname="ptolemy.util.test.junit.AutoTests" name="[450] /home/travis/build/icyphy/ptII/ptolemy/actor/lib/test/auto/functionClosureTest5.xml (RunModel)" time="0.012" />
  <testcase classname="ptolemy.util.test.junit.AutoTests" name="[451] /home/travis/build/icyphy/ptII/ptolemy/actor/lib/test/auto/functionClosureTest6.xml (RunModel)" time="0.01" />
  <testcase classname="ptolemy.util.test.junit.AutoTests" name="[452] /home/travis/build/icyphy/ptII/ptolemy/actor/lib/test/auto/functionsOnArcs.xml (RunModel)" time="0.01" />
  <testcase classname="ptolemy.util.test.junit.AutoTests" name="[453] /home/travis/build/icyphy/ptII/ptolemy/actor/lib/test/auto/functionsOnArcsHOF.xml (RunModel)" time="0.012" />
  <testcase classname="ptolemy.util.test.junit.AutoTests" name="[454] /home/travis/build/icyphy/ptII/ptolemy/actor/lib/test/auto/logic.xml (RunModel)" time="0.019" />
  <testcase classname="ptolemy.util.test.junit.AutoTests" name="[455] /home/travis/build/icyphy/ptII/ptolemy/actor/lib/test/auto/matrixType.xml (RunModel)" time="0.009" />
  <testcase classname="ptolemy.util.test.junit.AutoTests" name="[456] /home/travis/build/icyphy/ptII/ptolemy/actor/lib/test/auto/matrixType10.xml (RunModel)" time="0.008" />
  <testcase classname="ptolemy.util.test.junit.AutoTests" name="[457] /home/travis/build/icyphy/ptII/ptolemy/actor/lib/test/auto/matrixType11.xml (RunModel)" time="0.009" />
  <testcase classname="ptolemy.util.test.junit.AutoTests" name="[458] /home/travis/build/icyphy/ptII/ptolemy/actor/lib/test/auto/matrixType12.xml (RunModel)" time="0.057" />
  <testcase classname="ptolemy.util.test.junit.AutoTests" name="[459] /home/travis/build/icyphy/ptII/ptolemy/actor/lib/test/auto/matrixType13.xml (RunModel)" time="0.042" />
  <testcase classname="ptolemy.util.test.junit.AutoTests" name="[460] /home/travis/build/icyphy/ptII/ptolemy/actor/lib/test/auto/matrixType14.xml (RunModel)" time="0.035" />
  <testcase classname="ptolemy.util.test.junit.AutoTests" name="[461] /home/travis/build/icyphy/ptII/ptolemy/actor/lib/test/auto/matrixType2.xml (RunModel)" time="0.032" />
  <testcase classname="ptolemy.util.test.junit.AutoTests" name="[462] /home/travis/build/icyphy/ptII/ptolemy/actor/lib/test/auto/matrixType3.xml (RunModel)" time="0.053" />
  <testcase classname="ptolemy.util.test.junit.AutoTests" name="[463] /home/travis/build/icyphy/ptII/ptolemy/actor/lib/test/auto/matrixType4.xml (RunModel)" time="0.022" />
  <testcase classname="ptolemy.util.test.junit.AutoTests" name="[464] /home/travis/build/icyphy/ptII/ptolemy/actor/lib/test/auto/matrixType5.xml (RunModel)" time="0.011" />
  <testcase classname="ptolemy.util.test.junit.AutoTests" name="[465] /home/travis/build/icyphy/ptII/ptolemy/actor/lib/test/auto/matrixType6.xml (RunModel)" time="0.012" />
  <testcase classname="ptolemy.util.test.junit.AutoTests" name="[466] /home/travis/build/icyphy/ptII/ptolemy/actor/lib/test/auto/matrixType7.xml (RunModel)" time="0.01" />
  <testcase classname="ptolemy.util.test.junit.AutoTests" name="[467] /home/travis/build/icyphy/ptII/ptolemy/actor/lib/test/auto/matrixType8.xml (RunModel)" time="0.01" />
  <testcase classname="ptolemy.util.test.junit.AutoTests" name="[468] /home/travis/build/icyphy/ptII/ptolemy/actor/lib/test/auto/matrixType9.xml (RunModel)" time="0.01" />
  <testcase classname="ptolemy.util.test.junit.AutoTests" name="[469] /home/travis/build/icyphy/ptII/ptolemy/actor/lib/test/auto/paraFunctest.xml (RunModel)" time="0.008" />
  <testcase classname="ptolemy.util.test.junit.AutoTests" name="[470] /home/travis/build/icyphy/ptII/ptolemy/actor/lib/test/auto/paraFunctest2.xml (RunModel)" time="0.01" />
  <testcase classname="ptolemy.util.test.junit.AutoTests" name="[471] /home/travis/build/icyphy/ptII/ptolemy/actor/lib/test/auto/parameterPassing.xml (RunModel)" time="0.009" />
  <testcase classname="ptolemy.util.test.junit.AutoTests" name="[472] /home/travis/build/icyphy/ptII/ptolemy/actor/lib/test/auto/record.xml (RunModel)" time="0.01" />
  <testcase classname="ptolemy.util.test.junit.AutoTests" name="[473] /home/travis/build/icyphy/ptII/ptolemy/actor/lib/test/auto/sizedarray1.xml (RunModel)" time="0.01" />
  <testcase classname="ptolemy.util.test.junit.AutoTests" name="[474] /home/travis/build/icyphy/ptII/ptolemy/actor/lib/test/auto/sizedarray2.xml (RunModel)" time="0.01" />
  <testcase classname="ptolemy.util.test.junit.AutoTests" name="[475] /home/travis/build/icyphy/ptII/ptolemy/actor/lib/test/auto/twoPublishers.xml (RunModel)" time="0.02" />
  <system-out><![CDATA[/home/travis/build/icyphy/ptII/ptolemy/actor/lib/test/AbsoluteValue.tcl
testDefs.tcl: setting time out to 9000 seconds at Thu Jul 11 01:55:31 UTC 2019
110 ms. Memory: 120832K Free: 98403K (81%)
5 ms. Memory: 120832K Free: 96401K (80%)
5 ms. Memory: 120832K Free: 95666K (79%)
5 ms. Memory: 120832K Free: 95044K (79%)
/home/travis/build/icyphy/ptII/ptolemy/actor/lib/test/AddSubtract.tcl
42 ms. Memory: 120832K Free: 106771K (88%)
13 ms. Memory: 120832K Free: 105854K (88%)
16 ms. Memory: 120832K Free: 105235K (87%)
18 ms. Memory: 120832K Free: 104219K (86%)
72 ms. Memory: 120832K Free: 101169K (84%)
12 ms. Memory: 120832K Free: 100568K (83%)
/home/travis/build/icyphy/ptII/ptolemy/actor/lib/test/Average.tcl
13 ms. Memory: 120832K Free: 98662K (82%)
15 ms. Memory: 120832K Free: 97630K (81%)
/home/travis/build/icyphy/ptII/ptolemy/actor/lib/test/Bernoulli.tcl
4 ms. Memory: 120832K Free: 96011K (79%)
2 ms. Memory: 120832K Free: 95574K (79%)
/home/travis/build/icyphy/ptII/ptolemy/actor/lib/test/Clock.tcl
preinitializing
resolving types
initializing
executing number 1
wrapping up
idle
32 ms. Memory: 120832K Free: 92556K (77%)
Completed execution with 5 iterations
preinitializing
resolving types
initializing
executing number 1
wrapping up
idle
7 ms. Memory: 120832K Free: 91939K (76%)
Completed execution with 5 iterations
preinitializing
resolving types
initializing
executing number 1
wrapping up
idle
3 ms. Memory: 120832K Free: 91502K (76%)
Completed execution with 5 iterations
/home/travis/build/icyphy/ptII/ptolemy/actor/lib/test/Commutator.tcl
9 ms. Memory: 120832K Free: 89454K (74%)
14 ms. Memory: 120832K Free: 88438K (73%)


==== $PTII/ptolemy/actor/lib/test/Commutator.tcl: Commutator-4.1 run with mutations
==== Contents of test case:

    # Grab stdout and put it into results
    jdkCapture {
	$m addChangeListener  [java::new ptolemy.kernel.util.StreamChangeListener]

	set dir [$e0 getDirector]
	#	$dir addDebugListener  #		[java::new ptolemy.kernel.util.StreamListener]
	$m initialize
	$m iterate
	set c1 [java::new ptolemy.moml.MoMLChangeRequest $e0 $e0  {<deleteEntity name="ramp1"/>}]
	set c2 [java::new ptolemy.moml.MoMLChangeRequest $e0 $e0  {<deleteRelation name="r1"/>}]
	$e0 requestChange $c1
	$e0 requestChange $c2
	$m iterate
	$m wrapup
    } results
    # The MoML within <group> ...</group> comes 
    # from SDFScheduler._setBufferSize
    list $results  [enumToTokenValues [$rec getRecord 0]]

==== Result was:
{} {0 0 1}
---- Result should have been:
{StreamChangeRequest.changeExecuted(): <deleteEntity name="ramp1"/> succeeded
StreamChangeRequest.changeExecuted(): <deleteRelation name="r1"/> succeeded
StreamChangeRequest.changeExecuted(): Record firings per iteration succeeded
} {0 0 1}
---- Commutator-4.1 FAILED
15 ms. Memory: 174080K Free: 155861K (90%)
/home/travis/build/icyphy/ptII/ptolemy/actor/lib/test/Const.tcl
4 ms. Memory: 174080K Free: 154323K (89%)
3 ms. Memory: 174080K Free: 153813K (88%)
3 ms. Memory: 174080K Free: 153299K (88%)
2 ms. Memory: 174080K Free: 152789K (88%)
2 ms. Memory: 174080K Free: 151765K (87%)
22 ms. Memory: 174080K Free: 150227K (86%)
13 ms. Memory: 174080K Free: 149203K (86%)
15 ms. Memory: 174080K Free: 148693K (85%)
/home/travis/build/icyphy/ptII/ptolemy/actor/lib/test/CurrentTime.tcl
preinitializing
resolving types
initializing
executing number 1
wrapping up
idle
19 ms. Memory: 174080K Free: 146645K (84%)
Completed execution with 11 iterations
/home/travis/build/icyphy/ptII/ptolemy/actor/lib/test/DB.tcl
6 ms. Memory: 174080K Free: 145107K (83%)
3 ms. Memory: 174080K Free: 144597K (83%)
1 ms. Memory: 174080K Free: 144083K (83%)
/home/travis/build/icyphy/ptII/ptolemy/actor/lib/test/DiscreteRandomSource.tcl
preinitializing
resolving types
initializing
executing number 1
wrapping up
idle
7 ms. Memory: 174080K Free: 142549K (82%)
Completed execution with 4 iterations
preinitializing
resolving types
initializing
executing number 1
wrapping up
idle
3 ms. Memory: 174080K Free: 142029K (82%)
Completed execution with 4 iterations
preinitializing
resolving types
initializing
executing number 1
wrapping up
idle
10 ms. Memory: 174080K Free: 141523K (81%)
Completed execution with 4 iterations
preinitializing
resolving types
initializing
executing number 1
wrapping up
idle
12 ms. Memory: 174080K Free: 140995K (81%)
Completed execution with 4 iterations
preinitializing
resolving types
initializing
executing number 1
wrapping up
idle
10 ms. Memory: 174080K Free: 140501K (81%)
Completed execution with 4 iterations
/home/travis/build/icyphy/ptII/ptolemy/actor/lib/test/Distributor.tcl
15 ms. Memory: 174080K Free: 138963K (80%)
6 ms. Memory: 174080K Free: 138453K (80%)
StreamChangeRequest.changeExecuted(): <deleteEntity name="rec2"/> succeeded
StreamChangeRequest.changeExecuted(): <deleteRelation name="r2"/> succeeded
StreamChangeRequest.changeExecuted(): Record firings per iteration succeeded
11 ms. Memory: 174080K Free: 135885K (78%)
/home/travis/build/icyphy/ptII/ptolemy/actor/lib/test/Exit.tcl
Exit.tcl: this will print a message about Manager.exitAfterWrapup, which can be ignored.
8 ms. Memory: 174080K Free: 132685K (76%)
/home/travis/build/icyphy/ptII/ptolemy/actor/lib/test/Expression.tcl
24 ms. Memory: 174080K Free: 129237K (74%)
25 ms. Memory: 174080K Free: 157917K (91%)
3 ms. Memory: 174080K Free: 157397K (90%)
preinitializing
resolving types
initializing
executing number 1
wrapping up
idle
9 ms. Memory: 174080K Free: 155869K (90%)
Completed execution with 6 iterations
8 ms. Memory: 174080K Free: 154845K (89%)
3 ms. Memory: 174080K Free: 154301K (89%)
12 ms. Memory: 174080K Free: 152797K (88%)
6 ms. Memory: 174080K Free: 151773K (87%)
6 ms. Memory: 174080K Free: 150749K (87%)
/home/travis/build/icyphy/ptII/ptolemy/actor/lib/test/Gaussian.tcl
7 ms. Memory: 174080K Free: 148701K (85%)
sleeping 1 seconds: ..............................................................................................................................................................................................................................................................................................................................................................................................................................................................................................................................................................................................................................................................................................................................................................................................................................................................................................................................................................................................................................................................................................................................................................................................................................................................................................................................................................................................................................................................................................................................................................................................................................................................................................................................................................................................................................................................................................................................................................................................................................................................................................................................................................................................................................................................................................................................................................................................................................................................................................................................................................................................................................................................................................................................................................................................................................................................................................................................................................................................................................................................................................................................................................................................................................................................................................................................................................................................................................................................................................................................................................................................................................................................................................................................................................................................................................................................................................................................................................................................................................................................................................................................................................................................................................................................................................................................................................................................................................................................................................................................................................................................................................................................................................................................................................................................................................................................................................................................................................................................................................................................................................................................................................................................................................................................................................................................................................................................................................................................................................................................................................................................................................................................................................................................................................................................................................................................................................................................................................................................................................................................................................................................................................................................................................................................................................................................................................................................................................................................................................................................................................................................................................................................................................................................................................................................................................................................................................................................................................................................................................................................................................................................................................................................................................................................................................................................................................................................................................................................................................................................................................................................................................................................................................................................................................................................................................................................................................................................................................................................................................................................................................................................................................................................................................................................................................................................................................................................................................................................................................................................................................................................................................................................................................................................................................................................................................................................................................................................................................................................................................................................................................................................................................................................................................................................................................................................................................................................................................................................................................................................................................................................................................................................................................................................................................................................................................................................................................................................................................................................................................................................................................................................................................................................................................................................................................................................................................................................................................................................................................................................................................................................................................................................................................................................................................................................................................................................................................................................................................................................................................................................................................................................................................................................................................................................................................................................................................................................................................................................................................................................................................................................................................................................................................................................................................................................................................................................................................................................................................................................................................................................................................................................................................................................................................................................................................................................................................................................................................................................................................................................................................................................................................................................................................................................................................................................................................................................................................................................................................................................................................................................................................................................................................................................................................................................................................................................................................................................................................................................................................................................................................................................................................................................................................................................................................................................................................................................................................................................................................................................................................................................................................................................................................................................................................................................................................................................................................................................................................................................................................................................................................................................................................................................................................................................................................................................................................................................................................................................................................................................................................................................................................................................................................................................................................................................................................................................................................................................................................................................................................................................................................................................................................................................................................................................................................................................................................................................................................................................................................................................................................................................................................................................................................................................................................................................................................................................................................................................................................................................................................................................................................................................................................................................................................................................................................................................................................................................................................................................................................................................................................................................................................................................................................................................................................................................................................................................................................................................................................................................................................................................................................................................................................................................................................................................................................................................................................................................................................................................................................................................................................................................................................................................................................................................................................................................................................................................................................................................................................................................................................................................................................................................................................................................................................................................................................................................................................................................................................................................................................................................................................................................................................................................................................................................................................................................................................................................................................................................................................................................................................................................................................................................................................................................................................................................................................................................................................................................................................................................................................................................................................................................................................................................................................................................................................................................................................................................................................................................................................................................................................................................................................................................................................................................................................................................................................................................................................................................................................................................................................................................................................................................................................................................................................................................................................................................................................................................................................................................................................................................................................................................................................................................................................................................................................................................................................................................................................................................................................................................................................................................................................................................................................................................................................................................................................................................................................................................................................................................................................................................................................................................................................................................................................................................................................................................................................................................................................................................................2 ms. Memory: 174080K Free: 111360K (64%)
3 ms. Memory: 174080K Free: 110846K (64%)
2 ms. Memory: 174080K Free: 110336K (63%)
3 ms. Memory: 174080K Free: 109312K (63%)
3 ms. Memory: 174080K Free: 108798K (62%)
/home/travis/build/icyphy/ptII/ptolemy/actor/lib/test/IIR.tcl
/home/travis/build/icyphy/ptII/ptolemy/actor/lib/test/Interpolator.tcl
6 ms. Memory: 174080K Free: 105216K (60%)
1 ms. Memory: 174080K Free: 104702K (60%)
1 ms. Memory: 174080K Free: 104192K (60%)
7 ms. Memory: 174080K Free: 103678K (60%)
3 ms. Memory: 174080K Free: 102640K (59%)
2 ms. Memory: 174080K Free: 101630K (58%)
2 ms. Memory: 174080K Free: 101120K (58%)
2 ms. Memory: 174080K Free: 100096K (57%)
2 ms. Memory: 174080K Free: 99072K (57%)
2 ms. Memory: 174080K Free: 98558K (57%)
/home/travis/build/icyphy/ptII/ptolemy/actor/lib/test/MathFunction.tcl
4 ms. Memory: 174080K Free: 96000K (55%)
2 ms. Memory: 174080K Free: 94976K (55%)
1 ms. Memory: 174080K Free: 93952K (54%)
1 ms. Memory: 174080K Free: 93424K (54%)
4 ms. Memory: 174080K Free: 91904K (53%)
5 ms. Memory: 174080K Free: 89856K (52%)
/home/travis/build/icyphy/ptII/ptolemy/actor/lib/test/Maximum.tcl
7 ms. Memory: 174080K Free: 88304K (51%)
3 ms. Memory: 174080K Free: 87288K (50%)
5 ms. Memory: 174080K Free: 86784K (50%)
4 ms. Memory: 174080K Free: 86256K (50%)
/home/travis/build/icyphy/ptII/ptolemy/actor/lib/test/Minimum.tcl
12 ms. Memory: 174080K Free: 84222K (48%)
2 ms. Memory: 174080K Free: 83712K (48%)
10 ms. Memory: 174080K Free: 83168K (48%)
2 ms. Memory: 174080K Free: 82688K (48%)
/home/travis/build/icyphy/ptII/ptolemy/actor/lib/test/MultiplyDivide.tcl
8 ms. Memory: 174080K Free: 80640K (46%)
16 ms. Memory: 174080K Free: 156655K (90%)
9 ms. Memory: 174080K Free: 156127K (90%)
3 ms. Memory: 174080K Free: 155117K (89%)
2 ms. Memory: 174080K Free: 154079K (89%)
/home/travis/build/icyphy/ptII/ptolemy/actor/lib/test/OrderedMerge.tcl
Connections changed on port: inputA
Connections changed on port: inputB
Connections changed on port: output
Connections changed on port: output
Connections changed on port: output
Connections changed on port: input
.top. Preinitializing ...
Invoking preinitialize():  .top.OrderedMerge
Called preinitialize()
Invoking preinitialize():  .top.Ramp
Called preinitialize()
Invoking preinitialize():  .top.Ramp2
Called preinitialize()
Invoking preinitialize():  .top.Test
Called preinitialize()
Connections changed on port: inputA
Connections changed on port: output
Connections changed on port: inputB
Connections changed on port: output
Connections changed on port: output
Connections changed on port: input
.top. Finished preinitialize().
Called initialize().
Invoking initialize():  .top.OrderedMerge
Initializing actor: .top.OrderedMerge
Adding a thread: .top.OrderedMerge
Invoking initialize():  .top.Ramp
Initializing actor: .top.Ramp
Adding a thread: .top.Ramp
Invoking initialize():  .top.Ramp2
Initializing actor: .top.Ramp2
Adding a thread: .top.Ramp2
Invoking initialize():  .top.Test
Initializing actor: .top.Test
Adding a thread: .top.Test
Called fire().
Checking for deadlock:
-- Starting thread.
Called initialize()
Called prefire()
Called fire()
-- Starting thread.
Called initialize()
-- Starting thread.
Called initialize()
Called prefire()
Called prefire()
Called fire()
-- Starting thread.
Called fire()
Called initialize()
Called prefire()
Called fire()
There are 0 Blocked actors, 0 Stopped actors, and 4 active threads.
Waiting for actors to stop.
Called postfire()
Called prefire()
Called fire()
Called postfire()
Called prefire()
Called fire()
Read input token from inputA with value 0.0
Next port to read input from is inputB
Called postfire()
Called prefire()
Called fire()
Checking for deadlock:
There are 1 Blocked actors, 0 Stopped actors, and 4 active threads.
Waiting for actors to stop.
Called postfire()
Called prefire()
Called fire()
Called postfire()
Called prefire()
Called fire()
Read input token from inputB with value 0.0
Sent output token with value 0.0
Next port to read input from is inputA
Called postfire()
Called prefire()
Called fire()
Read input token from inputA with value 1.0
Checking for deadlock:
There are 2 Blocked actors, 0 Stopped actors, and 4 active threads.
Waiting for actors to stop.
-- Read input: 0.0, which is expected to match: 0.0
Called prefire()
Called fire()
Called postfire()
Called prefire()
Called fire()
Checking for deadlock:
There are 3 Blocked actors, 0 Stopped actors, and 4 active threads.
Waiting for actors to stop.
-- Read input: 0.0, which is expected to match: 0.0
Called prefire()
Called fire()
Sent output token with value 0.0
Next port to read input from is inputB
Called postfire()
Called prefire()
Called fire()
Read input token from inputB with value 1.5
Sent output token with value 1.0
Next port to read input from is inputA
Called postfire()
Called prefire()
Called fire()
Read input token from inputA with value 2.0
Checking for deadlock:
There are 1 Blocked actors, 0 Stopped actors, and 4 active threads.
Waiting for actors to stop.
Called postfire()
Called prefire()
Called fire()
-- Read input: 1.0, which is expected to match: 1.0
Called prefire()
Called fire()
Called postfire()
Called prefire()
Called fire()
Checking for deadlock:
There are 3 Blocked actors, 0 Stopped actors, and 4 active threads.
Waiting for actors to stop.
-- Read input: 1.5, which is expected to match: 1.5
Called prefire()
Called fire()
Sent output token with value 1.5
Next port to read input from is inputB
Called postfire()
Called prefire()
Called fire()
Read input token from inputB with value 3.0
Sent output token with value 2.0
Next port to read input from is inputA
Called postfire()
Called prefire()
Called fire()
Read input token from inputA with value 3.0
Checking for deadlock:
There are 1 Blocked actors, 0 Stopped actors, and 4 active threads.
Waiting for actors to stop.
Called postfire()
Called prefire()
Called fire()
-- Read input: 2.0, which is expected to match: 2.0
Called prefire()
Called fire()
Called postfire()
Called prefire()
Called fire()
Checking for deadlock:
There are 3 Blocked actors, 0 Stopped actors, and 4 active threads.
Waiting for actors to stop.
-- Read input: 3.0, which is expected to match: 3.0
Called prefire()
Called fire()
Sent output token with value 3.0
Next port to read input from is inputB
Called postfire()
Called prefire()
Called fire()
Read input token from inputB with value 4.5
Sent output token with value 3.0
Next port to read input from is inputA
Called postfire()
Called prefire()
Called fire()
Read input token from inputA with value 4.0
Checking for deadlock:
There are 1 Blocked actors, 0 Stopped actors, and 4 active threads.
Waiting for actors to stop.
Called postfire()
Called prefire()
Called fire()
-- Read input: 3.0, which is expected to match: 3.0
Called prefire()
Called fire()
Called postfire()
Called prefire()
Called fire()
Checking for deadlock:
There are 3 Blocked actors, 0 Stopped actors, and 4 active threads.
Waiting for actors to stop.
-- Read input: 4.0, which is expected to match: 4.0
Called prefire()
Called fire()
Past the end of training data. Read and discard all inputs.
Sent output token with value 4.0
Next port to read input from is inputA
Called postfire()
Called prefire()
Called fire()
Read input token from inputA with value 5.0
Sent output token with value 4.5
Next port to read input from is inputB
Called postfire()
Called prefire()
Called fire()
Read input token from inputB with value 6.0
Checking for deadlock:
There are 1 Blocked actors, 0 Stopped actors, and 4 active threads.
Waiting for actors to stop.
Called postfire()
Called prefire()
Called fire()
Called prefire()
Called fire()
Past the end of training data. Read and discard all inputs.
Called postfire()
Called prefire()
Called fire()
Checking for deadlock:
There are 3 Blocked actors, 0 Stopped actors, and 4 active threads.
Waiting for actors to stop.
Called prefire()
Called fire()
Past the end of training data. Read and discard all inputs.
Sent output token with value 5.0
Next port to read input from is inputA
Called postfire()
Called prefire()
Called fire()
Read input token from inputA with value 6.0
Sent output token with value 6.0
Next port to read input from is inputB
Called postfire()
Called prefire()
Called fire()
Read input token from inputB with value 7.5
Checking for deadlock:
There are 1 Blocked actors, 0 Stopped actors, and 4 active threads.
Waiting for actors to stop.
Called postfire()
Called prefire()
Called fire()
Called prefire()
Called fire()
Past the end of training data. Read and discard all inputs.
Called postfire()
Called prefire()
Called fire()
Checking for deadlock:
There are 3 Blocked actors, 0 Stopped actors, and 4 active threads.
Waiting for actors to stop.
Called prefire()
Called fire()
Past the end of training data. Read and discard all inputs.
Sent output token with value 6.0
Next port to read input from is inputA
Called postfire()
Called prefire()
Called fire()
Read input token from inputA with value 7.0
Sent output token with value 7.0
Next port to read input from is inputA
Called postfire()
Called prefire()
Called fire()
Checking for deadlock:
There are 2 Blocked actors, 0 Stopped actors, and 4 active threads.
Waiting for actors to stop.
Called prefire()
Called fire()
Past the end of training data. Read and discard all inputs.
Called postfire()
Called prefire()
Called fire()
Checking for deadlock:
There are 3 Blocked actors, 0 Stopped actors, and 4 active threads.
Waiting for actors to stop.
-- Thread wrapup() called.
Called wrapup()
Thread .top.Ramp is exiting.
-- Thread stopped.
Read input token from inputA with value 8.0
Sent output token with value 7.5
Next port to read input from is inputB
Called postfire()
Called prefire()
Called fire()
Read input token from inputB with value 9.0
Checking for deadlock:
There are 1 Blocked actors, 0 Stopped actors, and 3 active threads.
Waiting for actors to stop.
Called postfire()
Called prefire()
Called fire()
Called prefire()
Called fire()
Past the end of training data. Read and discard all inputs.
Checking for deadlock:
There are 2 Blocked actors, 0 Stopped actors, and 3 active threads.
Waiting for actors to stop.
Called prefire()
Called fire()
Past the end of training data. Read and discard all inputs.
Sent output token with value 8.0
Next port to read input from is inputA
Called postfire()
Called prefire()
Called fire()
Read input token from inputA with value 9.0
Sent output token with value 9.0
Next port to read input from is inputB
Called postfire()
Called prefire()
Called fire()
Read input token from inputB with value 10.5
Checking for deadlock:
There are 1 Blocked actors, 0 Stopped actors, and 3 active threads.
Waiting for actors to stop.
Called postfire()
Called prefire()
Called fire()
Called prefire()
Called fire()
Past the end of training data. Read and discard all inputs.
Checking for deadlock:
There are 2 Blocked actors, 0 Stopped actors, and 3 active threads.
Waiting for actors to stop.
Called prefire()
Called fire()
Past the end of training data. Read and discard all inputs.
Checking for deadlock:
There are 2 Blocked actors, 0 Stopped actors, and 3 active threads.
Waiting for actors to stop.
Sent output token with value 9.0
Next port to read input from is inputA
Called postfire()
Called prefire()
Called fire()
Checking for deadlock:
There are 3 Blocked actors, 0 Stopped actors, and 3 active threads.
Actors have stopped.
Checking for deadlock:
There are 3 Blocked actors, 0 Stopped actors, and 3 active threads.
Deadlock detected.
Resolving Deadlock
Checking for deadlock:
There are 3 Blocked actors, 0 Stopped actors, and 3 active threads.
Artificial Deadlock - increasing queue capacity.
increasing the capacity of receiver ptolemy.actor.TypedIOPort {.top.OrderedMerge.inputB} to 2
-- Thread wrapup() called.
Called wrapup()
Thread .top.Ramp2 is exiting.
-- Thread stopped.
Director: Called postfire().
Called postfire().
_stopRequested = false
_stopFireRequested = false
Returning from postfire(): true
Called fire().
Checking for deadlock:
There are 2 Blocked actors, 0 Stopped actors, and 2 active threads.
Actors have stopped.
Checking for deadlock:
There are 2 Blocked actors, 0 Stopped actors, and 2 active threads.
Deadlock detected.
Resolving Deadlock
Checking for deadlock:
There are 2 Blocked actors, 0 Stopped actors, and 2 active threads.
Deadlock detected: no processes blocked on write, but some are blocked on read.
Called postfire().
_stopRequested = false
_stopFireRequested = false
Returning from postfire(): false
Finished deactivating branches.
Called wrapup().
-- Thread wrapup() called.
Called wrapup()
Thread .top.Test is exiting.
-- Thread stopped.
-- Blocked Receiver call threw TerminateProcessException.
-- Thread wrapup() called.
Called wrapup()
Thread .top.OrderedMerge is exiting.
-- Thread stopped.
-- Blocked Receiver call threw TerminateProcessException.
58 ms. Memory: 174080K Free: 148973K (86%)
.top. Preinitializing ...
Invoking preinitialize():  .top.OrderedMerge
Called preinitialize()
Invoking preinitialize():  .top.Ramp
Called preinitialize()
Invoking preinitialize():  .top.Ramp2
Called preinitialize()
Invoking preinitialize():  .top.Test
Called preinitialize()
.top. Finished preinitialize().
Called initialize().
Invoking initialize():  .top.OrderedMerge
Initializing actor: .top.OrderedMerge
Adding a thread: .top.OrderedMerge
Invoking initialize():  .top.Ramp
Initializing actor: .top.Ramp
Adding a thread: .top.Ramp
Invoking initialize():  .top.Ramp2
Initializing actor: .top.Ramp2
Adding a thread: .top.Ramp2
Invoking initialize():  .top.Test
Initializing actor: .top.Test
Adding a thread: .top.Test
-- Starting thread.
Called initialize()
Called prefire()
Called fire()
-- Starting thread.
Called initialize()
Called prefire()
Called fire()
Called postfire()
Called prefire()
Called fire()
-- Starting thread.
Called initialize()
Called prefire()
Called fire()
Called postfire()
Called prefire()
Called fire()
Called fire().
Checking for deadlock:
There are 3 Blocked actors, 0 Stopped actors, and 4 active threads.
Waiting for actors to stop.
-- Starting thread.
Called initialize()
Called prefire()
Called fire()
Checking for deadlock:
There are 2 Blocked actors, 0 Stopped actors, and 4 active threads.
Waiting for actors to stop.
Called postfire()
Called prefire()
Called fire()
Checking for deadlock:
Read input token from inputA with value 0.0
There are 3 Blocked actors, 0 Stopped actors, and 4 active threads.
Waiting for actors to stop.
Next port to read input from is inputB
Called postfire()
Called prefire()
Called fire()
Checking for deadlock:
There are 2 Blocked actors, 0 Stopped actors, and 4 active threads.
Waiting for actors to stop.
Called postfire()
Called prefire()
Called fire()
Checking for deadlock:
Read input token from inputB with value 0.0
There are 3 Blocked actors, 0 Stopped actors, and 4 active threads.
Waiting for actors to stop.
Checking for deadlock:
There are 2 Blocked actors, 0 Stopped actors, and 4 active threads.
Waiting for actors to stop.
-- Read input: 0.0, which is expected to match: 0.0
Called prefire()
Called fire()
Sent output token with value 0.0
Next port to read input from is inputA
Called postfire()
Called prefire()
Called fire()
Read input token from inputA with value 1.0
Sent output token with value 0.0
Next port to read input from is inputB
Called postfire()
Called prefire()
Called fire()
Read input token from inputB with value 1.5
Checking for deadlock:
There are 1 Blocked actors, 0 Stopped actors, and 4 active threads.
Waiting for actors to stop.
Called postfire()
Called prefire()
Called fire()
Called postfire()
Called prefire()
Called fire()
-- Read input: 0.0, which is expected to match: 0.0
Called prefire()
Called fire()
Checking for deadlock:
There are 3 Blocked actors, 0 Stopped actors, and 4 active threads.
Waiting for actors to stop.
-- Read input: 1.0, which is expected to match: 1.0
Called prefire()
Called fire()
Sent output token with value 1.0
Checking for deadlock:
Next port to read input from is inputA
There are 3 Blocked actors, 0 Stopped actors, and 4 active threads.
Called postfire()
Waiting for actors to stop.
Called prefire()
Called fire()
Checking for deadlock:
Read input token from inputA with value 2.0
There are 2 Blocked actors, 0 Stopped actors, and 4 active threads.
Waiting for actors to stop.
Called postfire()
Called prefire()
Called fire()
Checking for deadlock:
There are 3 Blocked actors, 0 Stopped actors, and 4 active threads.
Waiting for actors to stop.
Checking for deadlock:
There are 2 Blocked actors, 0 Stopped actors, and 4 active threads.
Waiting for actors to stop.
-- Read input: 1.5, which is expected to match: 1.5
Called prefire()
Called fire()
Sent output token with value 1.5
Next port to read input from is inputB
Called postfire()
Called prefire()
Called fire()
Read input token from inputB with value 3.0
Sent output token with value 2.0
Next port to read input from is inputA
Called postfire()
Called prefire()
Called fire()
Read input token from inputA with value 3.0
Checking for deadlock:
There are 1 Blocked actors, 0 Stopped actors, and 4 active threads.
Waiting for actors to stop.
Called postfire()
Called prefire()
Called fire()
Called postfire()
Called prefire()
Called fire()
-- Read input: 2.0, which is expected to match: 2.0
Called prefire()
Called fire()
Checking for deadlock:
There are 3 Blocked actors, 0 Stopped actors, and 4 active threads.
Waiting for actors to stop.
Sent output token with value 3.0
Next port to read input from is inputB
Called postfire()
Called prefire()
Called fire()
Read input token from inputB with value 4.5
Checking for deadlock:
There are 2 Blocked actors, 0 Stopped actors, and 4 active threads.
Waiting for actors to stop.
-- Read input: 3.0, which is expected to match: 3.0
Called prefire()
Called fire()
Checking for deadlock:
Called postfire()
There are 2 Blocked actors, 0 Stopped actors, and 4 active threads.
Called prefire()
Waiting for actors to stop.
Called fire()
Checking for deadlock:
There are 3 Blocked actors, 0 Stopped actors, and 4 active threads.
Waiting for actors to stop.
Sent output token with value 3.0
Next port to read input from is inputA
Called postfire()
Called prefire()
Called fire()
Read input token from inputA with value 4.0
Checking for deadlock:
There are 1 Blocked actors, 0 Stopped actors, and 4 active threads.
-- Read input: 3.0, which is expected to match: 3.0
Waiting for actors to stop.
Called prefire()
Called fire()
Checking for deadlock:
There are 2 Blocked actors, 0 Stopped actors, and 4 active threads.
Waiting for actors to stop.
Sent output token with value 4.0
Next port to read input from is inputA
Called postfire()
Called prefire()
Called fire()
Called postfire()
Called prefire()
Called fire()
Read input token from inputA with value 5.0
Checking for deadlock:
There are 2 Blocked actors, 0 Stopped actors, and 4 active threads.
Waiting for actors to stop.
-- Read input: 4.0, which is expected to match: 4.0
Called prefire()
Called fire()
Past the end of training data. Read and discard all inputs.
Checking for deadlock:
There are 2 Blocked actors, 0 Stopped actors, and 4 active threads.
Waiting for actors to stop.
Sent output token with value 4.5
Next port to read input from is inputB
Called postfire()
Called prefire()
Called fire()
Read input token from inputB with value 6.0
Checking for deadlock:
There are 1 Blocked actors, 0 Stopped actors, and 4 active threads.
Called postfire()
Called prefire()
Waiting for actors to stop.
Called fire()
Called postfire()
Called prefire()
Called fire()
Called prefire()
Called fire()
Past the end of training data. Read and discard all inputs.
Checking for deadlock:
There are 3 Blocked actors, 0 Stopped actors, and 4 active threads.
Waiting for actors to stop.
Sent output token with value 5.0
Next port to read input from is inputA
Called postfire()
Called prefire()
Called fire()
Read input token from inputA with value 6.0
Called postfire()
Called prefire()
Called fire()
Checking for deadlock:
There are 3 Blocked actors, 0 Stopped actors, and 4 active threads.
Waiting for actors to stop.
Called prefire()
Called fire()
Past the end of training data. Read and discard all inputs.
Sent output token with value 6.0
Next port to read input from is inputB
Called postfire()
Called prefire()
Called fire()
Read input token from inputB with value 7.5
Checking for deadlock:
Called prefire()
There are 1 Blocked actors, 0 Stopped actors, and 4 active threads.
Waiting for actors to stop.
Called fire()
Past the end of training data. Read and discard all inputs.
Called postfire()
Called prefire()
Called fire()
Checking for deadlock:
There are 3 Blocked actors, 0 Stopped actors, and 4 active threads.
Waiting for actors to stop.
Sent output token with value 6.0
Next port to read input from is inputA
Called postfire()
Called prefire()
Called fire()
Read input token from inputA with value 7.0
Checking for deadlock:
There are 2 Blocked actors, 0 Stopped actors, and 4 active threads.
Waiting for actors to stop.
Called prefire()
Called fire()
Past the end of training data. Read and discard all inputs.
Checking for deadlock:
There are 2 Blocked actors, 0 Stopped actors, and 4 active threads.
Waiting for actors to stop.
Sent output token with value 7.0
Next port to read input from is inputA
Called postfire()
Called prefire()
Called fire()
Checking for deadlock:
There are 2 Blocked actors, 0 Stopped actors, and 4 active threads.
Waiting for actors to stop.
Called prefire()
Called fire()
Past the end of training data. Read and discard all inputs.
Called postfire()
Called prefire()
Called fire()
Checking for deadlock:
There are 3 Blocked actors, 0 Stopped actors, and 4 active threads.
Waiting for actors to stop.
Read input token from inputA with value 8.0
Sent output token with value 7.5
Next port to read input from is inputB
Called postfire()
Called prefire()
Called fire()
Read input token from inputB with value 9.0
-- Thread wrapup() called.
Called wrapup()
Thread .top.Ramp is exiting.
-- Thread stopped.
Checking for deadlock:
There are 1 Blocked actors, 0 Stopped actors, and 3 active threads.
Waiting for actors to stop.
Called prefire()
Called fire()
Past the end of training data. Read and discard all inputs.
Called postfire()
Called prefire()
Called fire()
Sent output token with value 8.0
Next port to read input from is inputA
Called postfire()
Called prefire()
Called fire()
Read input token from inputA with value 9.0
Checking for deadlock:
Called prefire()
Called fire()
There are 1 Blocked actors, 0 Stopped actors, and 3 active threads.
Past the end of training data. Read and discard all inputs.
Waiting for actors to stop.
Sent output token with value 9.0
Next port to read input from is inputB
Called postfire()
Called prefire()
Called fire()
Read input token from inputB with value 10.5
Called postfire()
Called prefire()
Called fire()
Checking for deadlock:
Called prefire()
Called fire()
There are 1 Blocked actors, 0 Stopped actors, and 3 active threads.
Past the end of training data. Read and discard all inputs.
Waiting for actors to stop.
Checking for deadlock:
There are 2 Blocked actors, 0 Stopped actors, and 3 active threads.
Waiting for actors to stop.
Sent output token with value 9.0
Next port to read input from is inputA
Called postfire()
Called prefire()
Called fire()
Checking for deadlock:
Called prefire()
There are 2 Blocked actors, 0 Stopped actors, and 3 active threads.
Called fire()
Waiting for actors to stop.
Past the end of training data. Read and discard all inputs.
Checking for deadlock:
There are 3 Blocked actors, 0 Stopped actors, and 3 active threads.
Actors have stopped.
Checking for deadlock:
There are 3 Blocked actors, 0 Stopped actors, and 3 active threads.
Deadlock detected.
Resolving Deadlock
Checking for deadlock:
There are 3 Blocked actors, 0 Stopped actors, and 3 active threads.
Artificial Deadlock - increasing queue capacity.
increasing the capacity of receiver ptolemy.actor.TypedIOPort {.top.OrderedMerge.inputB} to 2
Director: Called postfire().
Called postfire().
_stopRequested = false
_stopFireRequested = false
Returning from postfire(): true
Called fire().
-- Thread wrapup() called.
Checking for deadlock:
Called wrapup()
There are 2 Blocked actors, 0 Stopped actors, and 3 active threads.
Waiting for actors to stop.
Thread .top.Ramp2 is exiting.
-- Thread stopped.
Checking for deadlock:
There are 2 Blocked actors, 0 Stopped actors, and 2 active threads.
Actors have stopped.
Checking for deadlock:
There are 2 Blocked actors, 0 Stopped actors, and 2 active threads.
Deadlock detected.
Resolving Deadlock
Checking for deadlock:
There are 2 Blocked actors, 0 Stopped actors, and 2 active threads.
Deadlock detected: no processes blocked on write, but some are blocked on read.
Called postfire().
_stopRequested = false
_stopFireRequested = false
Returning from postfire(): false
Finished deactivating branches.
Called wrapup().
-- Thread wrapup() called.
Called wrapup()
Thread .top.Test is exiting.
-- Thread stopped.
-- Blocked Receiver call threw TerminateProcessException.
-- Thread wrapup() called.
Called wrapup()
Thread .top.OrderedMerge is exiting.
-- Thread stopped.
-- Blocked Receiver call threw TerminateProcessException.
56 ms. Memory: 174080K Free: 146925K (84%)
/home/travis/build/icyphy/ptII/ptolemy/actor/lib/test/Publisher.tcl
10 ms. Memory: 174080K Free: 140767K (81%)
6 ms. Memory: 174080K Free: 135151K (78%)
4 ms. Memory: 174080K Free: 131551K (76%)
5 ms. Memory: 174080K Free: 130527K (75%)
3 ms. Memory: 174080K Free: 129517K (74%)
15 ms. Memory: 174080K Free: 129007K (74%)
3 ms. Memory: 174080K Free: 127983K (74%)
3 ms. Memory: 174080K Free: 126959K (73%)
18 ms. Memory: 174080K Free: 117229K (67%)
3 ms. Memory: 174080K Free: 113119K (65%)
2 ms. Memory: 174080K Free: 112623K (65%)
9 ms. Memory: 174080K Free: 110061K (63%)
21 ms. Memory: 174080K Free: 102893K (59%)
5 ms. Memory: 174080K Free: 93167K (54%)
5 ms. Memory: 174080K Free: 82413K (47%)
/home/travis/build/icyphy/ptII/ptolemy/actor/lib/test/Pulse.tcl
2 ms. Memory: 238592K Free: 212129K (89%)
1 ms. Memory: 238592K Free: 211105K (88%)
1 ms. Memory: 238592K Free: 210577K (88%)
4 ms. Memory: 238592K Free: 210081K (88%)
2 ms. Memory: 238592K Free: 209537K (88%)
7 ms. Memory: 238592K Free: 208543K (87%)
3 ms. Memory: 238592K Free: 207505K (87%)
4 ms. Memory: 238592K Free: 207009K (87%)
2 ms. Memory: 238592K Free: 205985K (86%)
/home/travis/build/icyphy/ptII/ptolemy/actor/lib/test/Ramp.tcl
9 ms. Memory: 238592K Free: 204447K (86%)
4 ms. Memory: 238592K Free: 203409K (85%)
3 ms. Memory: 238592K Free: 202913K (85%)
3 ms. Memory: 238592K Free: 201889K (85%)
6 ms. Memory: 238592K Free: 201375K (84%)
9 ms. Memory: 238592K Free: 200345K (84%)
5 ms. Memory: 238592K Free: 199321K (84%)
5 actors
8000 microseconds per iteration to create
11 ms. Memory: 238592K Free: 196769K (82%)
3 ms. Memory: 238592K Free: 196249K (82%)
5 ms. Memory: 238592K Free: 195185K (82%)
2 ms. Memory: 238592K Free: 194721K (82%)
50 actors
51000 microseconds per iteration to create
50 ms. Memory: 238592K Free: 179361K (75%)
15 ms. Memory: 238592K Free: 178337K (75%)
12 ms. Memory: 238592K Free: 177313K (74%)
11 ms. Memory: 238592K Free: 176289K (74%)
500 actors
1476000 microseconds per iteration to create
309 ms. Memory: 238592K Free: 146593K (61%)
49 ms. Memory: 238592K Free: 141473K (59%)
58 ms. Memory: 238592K Free: 136353K (57%)
44 ms. Memory: 238592K Free: 131233K (55%)
/home/travis/build/icyphy/ptII/ptolemy/actor/lib/test/RampContinuous.tcl
9 ms. Memory: 238592K Free: 129681K (54%)
/home/travis/build/icyphy/ptII/ptolemy/actor/lib/test/RecordAssembler.tcl
6 ms. Memory: 238592K Free: 128161K (54%)
3 ms. Memory: 238592K Free: 127137K (53%)
/home/travis/build/icyphy/ptII/ptolemy/actor/lib/test/RecordDisassembler.tcl
9 ms. Memory: 238592K Free: 125089K (52%)
9 ms. Memory: 238592K Free: 124575K (52%)
5 ms. Memory: 238592K Free: 123551K (52%)
/home/travis/build/icyphy/ptII/ptolemy/actor/lib/test/Scale.tcl
3 ms. Memory: 238592K Free: 121473K (51%)
1 ms. Memory: 238592K Free: 120993K (51%)
1 ms. Memory: 238592K Free: 119969K (50%)
4 ms. Memory: 238592K Free: 118945K (50%)
2 ms. Memory: 238592K Free: 118431K (50%)
/home/travis/build/icyphy/ptII/ptolemy/actor/lib/test/SequentialClock.tcl
preinitializing
resolving types
initializing
executing number 1
wrapping up
idle
6 ms. Memory: 238592K Free: 116897K (49%)
Completed execution with 5 iterations
preinitializing
resolving types
initializing
executing number 1
wrapping up
idle
4 ms. Memory: 238592K Free: 116369K (49%)
Completed execution with 5 iterations
preinitializing
resolving types
initializing
executing number 1
wrapping up
idle
1 ms. Memory: 238592K Free: 115873K (49%)
Completed execution with 5 iterations
/home/travis/build/icyphy/ptII/ptolemy/actor/lib/test/SetVariable.tcl
3 ms. Memory: 238592K Free: 114335K (48%)


==== $PTII/ptolemy/actor/lib/test/SetVariable.tcl: SetVariable-3.1 changeFailed
==== Contents of test case:

    #Uses 2.1 above
    jdkCaptureErr {
        # This test was failing if we ran Exit.tcl and then this test.
        # MessageHandler.error() now actually throws the Exception.
	catch {$setVariable changeFailed [java::null]  [java::new Exception {Test exception for SetVariable.changeFailed()}]} errMsg
    } results
    list [string range $results 0 89] "\n" $errMsg

==== Result was:
{java.lang.Exception: Test exception for SetVariable.changeFailed()
	at java.base/jdk.inter} {
} {java.lang.RuntimeException: java.lang.Exception: Test exception for SetVariable.changeFailed()}
---- Result should have been:
{java.lang.Exception: Test exception for SetVariable.changeFailed()
	at sun.reflect.NativeC} {
} {java.lang.RuntimeException: java.lang.Exception: Test exception for SetVariable.changeFailed()}
---- SetVariable-3.1 FAILED
/home/travis/build/icyphy/ptII/ptolemy/actor/lib/test/Sinewave.tcl
/home/travis/build/icyphy/ptII/ptolemy/actor/lib/test/SubscriptionAggregator.tcl
5 ms. Memory: 238592K Free: 102047K (43%)
3 ms. Memory: 238592K Free: 101537K (43%)
1 ms. Memory: 238592K Free: 101009K (42%)
0 ms. Memory: 238592K Free: 100513K (42%)
2 ms. Memory: 238592K Free: 96897K (41%)
10 ms. Memory: 238592K Free: 94879K (40%)
...............................................................1044 ms. Memory: 344064K Free: 123702K (36%)
/home/travis/build/icyphy/ptII/ptolemy/actor/lib/test/Test.tcl
 The next command will produce a warning about training mode,
   which may be ignored.
5 ms. Memory: 344064K Free: 121654K (35%)
3 ms. Memory: 344064K Free: 297209K (86%)
1 ms. Memory: 344064K Free: 296695K (86%)
2 ms. Memory: 344064K Free: 296185K (86%)
2 ms. Memory: 344064K Free: 295656K (86%)
2 ms. Memory: 344064K Free: 294137K (85%)
3 ms. Memory: 344064K Free: 293113K (85%)
 The next command will produce a warning about training mode,
   which may be ignored.
3 ms. Memory: 344064K Free: 290536K (84%)
 The next command will produce a warning about training mode,
   which may be ignored.
2 ms. Memory: 344064K Free: 289496K (84%)
2 ms. Memory: 344064K Free: 289017K (84%)
1 ms. Memory: 344064K Free: 288488K (84%)
3 ms. Memory: 344064K Free: 287993K (84%)
12 ms. Memory: 344064K Free: 286969K (83%)
5 ms. Memory: 344064K Free: 282873K (82%)
/home/travis/build/icyphy/ptII/ptolemy/actor/lib/test/TestExceptionHandler.tcl
 The next command will produce a warning about training mode,
   which may be ignored.
3 ms. Memory: 344064K Free: 281849K (82%)
1 ms. Memory: 344064K Free: 281304K (82%)
1 ms. Memory: 344064K Free: 280825K (82%)
/home/travis/build/icyphy/ptII/ptolemy/actor/lib/test/UnionDisassembler.tcl
28 ms. Memory: 344064K Free: 273143K (79%)
/home/travis/build/icyphy/ptII/ptolemy/actor/lib/test/VariableClock.tcl
preinitializing
resolving types
initializing
executing number 1
wrapping up
idle
4 ms. Memory: 344064K Free: 271609K (79%)
Completed execution with 11 iterations
preinitializing
resolving types
initializing
executing number 1
wrapping up
idle
4 ms. Memory: 344064K Free: 270056K (78%)
Completed execution with 10 iterations
07/11/19 01:55:40
Failed: 2  Total Tests: 234  ((Passed: 232, Newly Passed: 0)  Known Failed: 0) /home/travis/build/icyphy/ptII/ptolemy/actor/lib/test
----------------- testing (KnownFailure) /home/travis/build/icyphy/ptII/ptolemy/actor/lib/test/auto/knownFailedTests/PublisherPortToplevelSubscriber.xml
0 ms. Memory: 344064K Free: 266489K (77%)
Known Failure: java.lang.reflect.InvocationTargetException
----------------- testing (KnownFailure) /home/travis/build/icyphy/ptII/ptolemy/actor/lib/test/auto/knownFailedTests/PublisherSubscriberPortToplevel.xml
0 ms. Memory: 344064K Free: 262903K (76%)
Known Failure: java.lang.reflect.InvocationTargetException
----------------- testing (KnownFailure) /home/travis/build/icyphy/ptII/ptolemy/actor/lib/test/auto/knownFailedTests/PublisherSubscriptionAggregatorPort.xml
1 ms. Memory: 344064K Free: 258297K (75%)
Known Failure: java.lang.reflect.InvocationTargetException
----------------- testing (KnownFailure) /home/travis/build/icyphy/ptII/ptolemy/actor/lib/test/auto/knownFailedTests/sizedarray3.xml
4 ms. Memory: 344064K Free: 253687K (74%)
Known Failure: java.lang.reflect.InvocationTargetException
No auto/linux-amd64/*.xml tests in /home/travis/build/icyphy/ptII/ptolemy/actor/lib/test
AutoTests.java: About to close Vertx.
AutoTests.java: Vertx closed.

===========================================================================================
----------------- testing Thu Jul 11 01:55:40 UTC 2019 /home/travis/build/icyphy/ptII/ptolemy/actor/lib/test/auto/AbsoluteValue.xml
----------------- Instantiating /home/travis/build/icyphy/ptII/ptolemy/actor/lib/test/auto/AbsoluteValue.xml
29 ms. Memory: 344064K Free: 231159K (67%)
----------------- Invoking toplevel() on ptolemy.moml.MoMLSimpleApplication@21b99310
----------------- Done invoking toplevel() on ptolemy.moml.MoMLSimpleApplication@21b99310
reloadAllAccessors: .AbsoluteValue

===========================================================================================
----------------- testing Thu Jul 11 01:55:41 UTC 2019 /home/travis/build/icyphy/ptII/ptolemy/actor/lib/test/auto/AbsoluteValue2.xml
----------------- Instantiating /home/travis/build/icyphy/ptII/ptolemy/actor/lib/test/auto/AbsoluteValue2.xml
6 ms. Memory: 344064K Free: 223991K (65%)
----------------- Invoking toplevel() on ptolemy.moml.MoMLSimpleApplication@98d23fa
----------------- Done invoking toplevel() on ptolemy.moml.MoMLSimpleApplication@98d23fa
reloadAllAccessors: .AbsoluteValue2

===========================================================================================
----------------- testing Thu Jul 11 01:55:41 UTC 2019 /home/travis/build/icyphy/ptII/ptolemy/actor/lib/test/auto/Accumulator.xml
----------------- Instantiating /home/travis/build/icyphy/ptII/ptolemy/actor/lib/test/auto/Accumulator.xml
5 ms. Memory: 344064K Free: 217337K (63%)
----------------- Invoking toplevel() on ptolemy.moml.MoMLSimpleApplication@38697092
----------------- Done invoking toplevel() on ptolemy.moml.MoMLSimpleApplication@38697092
reloadAllAccessors: .Accumulator

===========================================================================================
----------------- testing Thu Jul 11 01:55:41 UTC 2019 /home/travis/build/icyphy/ptII/ptolemy/actor/lib/test/auto/Accumulator2.xml
----------------- Instantiating /home/travis/build/icyphy/ptII/ptolemy/actor/lib/test/auto/Accumulator2.xml
3 ms. Memory: 344064K Free: 212217K (62%)
----------------- Invoking toplevel() on ptolemy.moml.MoMLSimpleApplication@14317856
----------------- Done invoking toplevel() on ptolemy.moml.MoMLSimpleApplication@14317856
reloadAllAccessors: .Accumulator2

===========================================================================================
----------------- testing Thu Jul 11 01:55:41 UTC 2019 /home/travis/build/icyphy/ptII/ptolemy/actor/lib/test/auto/Accumulator3.xml
----------------- Instantiating /home/travis/build/icyphy/ptII/ptolemy/actor/lib/test/auto/Accumulator3.xml
15 ms. Memory: 344064K Free: 207607K (60%)
----------------- Invoking toplevel() on ptolemy.moml.MoMLSimpleApplication@38014d38
----------------- Done invoking toplevel() on ptolemy.moml.MoMLSimpleApplication@38014d38
reloadAllAccessors: .Accumulator3

===========================================================================================
----------------- testing Thu Jul 11 01:55:41 UTC 2019 /home/travis/build/icyphy/ptII/ptolemy/actor/lib/test/auto/ArrayAppend.xml
----------------- Instantiating /home/travis/build/icyphy/ptII/ptolemy/actor/lib/test/auto/ArrayAppend.xml
7 ms. Memory: 344064K Free: 201463K (59%)
----------------- Invoking toplevel() on ptolemy.moml.MoMLSimpleApplication@2448def0
----------------- Done invoking toplevel() on ptolemy.moml.MoMLSimpleApplication@2448def0
reloadAllAccessors: .ArrayAppend

===========================================================================================
----------------- testing Thu Jul 11 01:55:41 UTC 2019 /home/travis/build/icyphy/ptII/ptolemy/actor/lib/test/auto/ArrayAppend2.xml
----------------- Instantiating /home/travis/build/icyphy/ptII/ptolemy/actor/lib/test/auto/ArrayAppend2.xml
325 ms. Memory: 344064K Free: 119543K (35%)
----------------- Invoking toplevel() on ptolemy.moml.MoMLSimpleApplication@4db829be
----------------- Done invoking toplevel() on ptolemy.moml.MoMLSimpleApplication@4db829be
reloadAllAccessors: .ArrayAppend2

===========================================================================================
----------------- testing Thu Jul 11 01:55:41 UTC 2019 /home/travis/build/icyphy/ptII/ptolemy/actor/lib/test/auto/ArrayAppend3.xml
----------------- Instantiating /home/travis/build/icyphy/ptII/ptolemy/actor/lib/test/auto/ArrayAppend3.xml
6 ms. Memory: 344064K Free: 293545K (85%)
----------------- Invoking toplevel() on ptolemy.moml.MoMLSimpleApplication@db614d5
----------------- Done invoking toplevel() on ptolemy.moml.MoMLSimpleApplication@db614d5
reloadAllAccessors: .ArrayAppend3

===========================================================================================
----------------- testing Thu Jul 11 01:55:41 UTC 2019 /home/travis/build/icyphy/ptII/ptolemy/actor/lib/test/auto/ArrayAppend4.xml
----------------- Instantiating /home/travis/build/icyphy/ptII/ptolemy/actor/lib/test/auto/ArrayAppend4.xml
2 ms. Memory: 344064K Free: 288425K (84%)
----------------- Invoking toplevel() on ptolemy.moml.MoMLSimpleApplication@4056d443
----------------- Done invoking toplevel() on ptolemy.moml.MoMLSimpleApplication@4056d443
reloadAllAccessors: .ArrayAppend4

===========================================================================================
----------------- testing Thu Jul 11 01:55:41 UTC 2019 /home/travis/build/icyphy/ptII/ptolemy/actor/lib/test/auto/ArrayAppend5.xml
----------------- Instantiating /home/travis/build/icyphy/ptII/ptolemy/actor/lib/test/auto/ArrayAppend5.xml
1 ms. Memory: 344064K Free: 283305K (82%)
----------------- Invoking toplevel() on ptolemy.moml.MoMLSimpleApplication@16d3dc5e
----------------- Done invoking toplevel() on ptolemy.moml.MoMLSimpleApplication@16d3dc5e
reloadAllAccessors: .ArrayAppend5

===========================================================================================
----------------- testing Thu Jul 11 01:55:41 UTC 2019 /home/travis/build/icyphy/ptII/ptolemy/actor/lib/test/auto/ArrayAppend6.xml
----------------- Instantiating /home/travis/build/icyphy/ptII/ptolemy/actor/lib/test/auto/ArrayAppend6.xml
4 ms. Memory: 344064K Free: 277671K (81%)
----------------- Invoking toplevel() on ptolemy.moml.MoMLSimpleApplication@e49162a
----------------- Done invoking toplevel() on ptolemy.moml.MoMLSimpleApplication@e49162a
reloadAllAccessors: .ArrayAppend6

===========================================================================================
----------------- testing Thu Jul 11 01:55:42 UTC 2019 /home/travis/build/icyphy/ptII/ptolemy/actor/lib/test/auto/ArrayAppendPerformanceTest.xml
----------------- Instantiating /home/travis/build/icyphy/ptII/ptolemy/actor/lib/test/auto/ArrayAppendPerformanceTest.xml
33 ms. Memory: 344064K Free: 266921K (78%)
----------------- Invoking toplevel() on ptolemy.moml.MoMLSimpleApplication@df507cf
----------------- Done invoking toplevel() on ptolemy.moml.MoMLSimpleApplication@df507cf
reloadAllAccessors: .ArrayAppendPerformanceTest

===========================================================================================
----------------- testing Thu Jul 11 01:55:42 UTC 2019 /home/travis/build/icyphy/ptII/ptolemy/actor/lib/test/auto/ArrayAppendWithEmptyInput.xml
----------------- Instantiating /home/travis/build/icyphy/ptII/ptolemy/actor/lib/test/auto/ArrayAppendWithEmptyInput.xml
15 ms. Memory: 344064K Free: 258729K (75%)
----------------- Invoking toplevel() on ptolemy.moml.MoMLSimpleApplication@59c5d781
----------------- Done invoking toplevel() on ptolemy.moml.MoMLSimpleApplication@59c5d781
reloadAllAccessors: .ArrayAppendWithEmptyInput

===========================================================================================
----------------- testing Thu Jul 11 01:55:42 UTC 2019 /home/travis/build/icyphy/ptII/ptolemy/actor/lib/test/auto/ArrayAverage.xml
----------------- Instantiating /home/travis/build/icyphy/ptII/ptolemy/actor/lib/test/auto/ArrayAverage.xml
16 ms. Memory: 344064K Free: 251047K (73%)
----------------- Invoking toplevel() on ptolemy.moml.MoMLSimpleApplication@4a97be68
----------------- Done invoking toplevel() on ptolemy.moml.MoMLSimpleApplication@4a97be68
reloadAllAccessors: .ArrayAverage

===========================================================================================
----------------- testing Thu Jul 11 01:55:42 UTC 2019 /home/travis/build/icyphy/ptII/ptolemy/actor/lib/test/auto/ArrayContains.xml
----------------- Instantiating /home/travis/build/icyphy/ptII/ptolemy/actor/lib/test/auto/ArrayContains.xml
3 ms. Memory: 344064K Free: 244903K (71%)
----------------- Invoking toplevel() on ptolemy.moml.MoMLSimpleApplication@6ef23902
----------------- Done invoking toplevel() on ptolemy.moml.MoMLSimpleApplication@6ef23902
reloadAllAccessors: .ArrayContains

===========================================================================================
----------------- testing Thu Jul 11 01:55:42 UTC 2019 /home/travis/build/icyphy/ptII/ptolemy/actor/lib/test/auto/ArrayElement.xml
----------------- Instantiating /home/travis/build/icyphy/ptII/ptolemy/actor/lib/test/auto/ArrayElement.xml
8 ms. Memory: 344064K Free: 239273K (70%)
----------------- Invoking toplevel() on ptolemy.moml.MoMLSimpleApplication@f08a1c1
----------------- Done invoking toplevel() on ptolemy.moml.MoMLSimpleApplication@f08a1c1
reloadAllAccessors: .ArrayElement

===========================================================================================
----------------- testing Thu Jul 11 01:55:42 UTC 2019 /home/travis/build/icyphy/ptII/ptolemy/actor/lib/test/auto/ArrayElementAsMatrix.xml
----------------- Instantiating /home/travis/build/icyphy/ptII/ptolemy/actor/lib/test/auto/ArrayElementAsMatrix.xml
15 ms. Memory: 344064K Free: 229543K (67%)
----------------- Invoking toplevel() on ptolemy.moml.MoMLSimpleApplication@1ad0a73f
----------------- Done invoking toplevel() on ptolemy.moml.MoMLSimpleApplication@1ad0a73f
reloadAllAccessors: .ArrayElementAsMatrix

===========================================================================================
----------------- testing Thu Jul 11 01:55:42 UTC 2019 /home/travis/build/icyphy/ptII/ptolemy/actor/lib/test/auto/ArrayElementI.xml
----------------- Instantiating /home/travis/build/icyphy/ptII/ptolemy/actor/lib/test/auto/ArrayElementI.xml
3 ms. Memory: 344064K Free: 223913K (65%)
----------------- Invoking toplevel() on ptolemy.moml.MoMLSimpleApplication@1ad15aea
----------------- Done invoking toplevel() on ptolemy.moml.MoMLSimpleApplication@1ad15aea
reloadAllAccessors: .ArrayElementI

===========================================================================================
----------------- testing Thu Jul 11 01:55:42 UTC 2019 /home/travis/build/icyphy/ptII/ptolemy/actor/lib/test/auto/ArrayExtract.xml
----------------- Instantiating /home/travis/build/icyphy/ptII/ptolemy/actor/lib/test/auto/ArrayExtract.xml
4 ms. Memory: 344064K Free: 215721K (63%)
----------------- Invoking toplevel() on ptolemy.moml.MoMLSimpleApplication@7c51d754
----------------- Done invoking toplevel() on ptolemy.moml.MoMLSimpleApplication@7c51d754
reloadAllAccessors: .ArrayExtract

===========================================================================================
----------------- testing Thu Jul 11 01:55:42 UTC 2019 /home/travis/build/icyphy/ptII/ptolemy/actor/lib/test/auto/ArrayExtract2.xml
----------------- Instantiating /home/travis/build/icyphy/ptII/ptolemy/actor/lib/test/auto/ArrayExtract2.xml
2 ms. Memory: 344064K Free: 210056K (61%)
----------------- Invoking toplevel() on ptolemy.moml.MoMLSimpleApplication@2ebecf78
----------------- Done invoking toplevel() on ptolemy.moml.MoMLSimpleApplication@2ebecf78
reloadAllAccessors: .ArrayExtract2

===========================================================================================
----------------- testing Thu Jul 11 01:55:42 UTC 2019 /home/travis/build/icyphy/ptII/ptolemy/actor/lib/test/auto/ArrayLength.xml
----------------- Instantiating /home/travis/build/icyphy/ptII/ptolemy/actor/lib/test/auto/ArrayLength.xml
1 ms. Memory: 344064K Free: 206505K (60%)
----------------- Invoking toplevel() on ptolemy.moml.MoMLSimpleApplication@45784e68
----------------- Done invoking toplevel() on ptolemy.moml.MoMLSimpleApplication@45784e68
reloadAllAccessors: .ArrayLength

===========================================================================================
----------------- testing Thu Jul 11 01:55:42 UTC 2019 /home/travis/build/icyphy/ptII/ptolemy/actor/lib/test/auto/ArrayLevelCrossing.xml
----------------- Instantiating /home/travis/build/icyphy/ptII/ptolemy/actor/lib/test/auto/ArrayLevelCrossing.xml
4 ms. Memory: 344064K Free: 198313K (58%)
----------------- Invoking toplevel() on ptolemy.moml.MoMLSimpleApplication@14c49c94
----------------- Done invoking toplevel() on ptolemy.moml.MoMLSimpleApplication@14c49c94
reloadAllAccessors: .ArrayLevelCrossing

===========================================================================================
----------------- testing Thu Jul 11 01:55:42 UTC 2019 /home/travis/build/icyphy/ptII/ptolemy/actor/lib/test/auto/ArrayLevelCrossing2.xml
----------------- Instantiating /home/travis/build/icyphy/ptII/ptolemy/actor/lib/test/auto/ArrayLevelCrossing2.xml
3 ms. Memory: 344064K Free: 191145K (56%)
----------------- Invoking toplevel() on ptolemy.moml.MoMLSimpleApplication@a79bcec
----------------- Done invoking toplevel() on ptolemy.moml.MoMLSimpleApplication@a79bcec
reloadAllAccessors: .ArrayLevelCrossing2

===========================================================================================
----------------- testing Thu Jul 11 01:55:42 UTC 2019 /home/travis/build/icyphy/ptII/ptolemy/actor/lib/test/auto/ArrayPeakSearch.xml
----------------- Instantiating /home/travis/build/icyphy/ptII/ptolemy/actor/lib/test/auto/ArrayPeakSearch.xml
8 ms. Memory: 344064K Free: 181929K (53%)
----------------- Invoking toplevel() on ptolemy.moml.MoMLSimpleApplication@48fdabf9
----------------- Done invoking toplevel() on ptolemy.moml.MoMLSimpleApplication@48fdabf9
reloadAllAccessors: .ArrayPeakSearch

===========================================================================================
----------------- testing Thu Jul 11 01:55:42 UTC 2019 /home/travis/build/icyphy/ptII/ptolemy/actor/lib/test/auto/ArrayPeakSearch2.xml
----------------- Instantiating /home/travis/build/icyphy/ptII/ptolemy/actor/lib/test/auto/ArrayPeakSearch2.xml
4 ms. Memory: 344064K Free: 171689K (50%)
----------------- Invoking toplevel() on ptolemy.moml.MoMLSimpleApplication@15afd11a
----------------- Done invoking toplevel() on ptolemy.moml.MoMLSimpleApplication@15afd11a
reloadAllAccessors: .ArrayPeakSearch2

===========================================================================================
----------------- testing Thu Jul 11 01:55:42 UTC 2019 /home/travis/build/icyphy/ptII/ptolemy/actor/lib/test/auto/ArrayPeakSearch3.xml
----------------- Instantiating /home/travis/build/icyphy/ptII/ptolemy/actor/lib/test/auto/ArrayPeakSearch3.xml
6 ms. Memory: 344064K Free: 162473K (47%)
----------------- Invoking toplevel() on ptolemy.moml.MoMLSimpleApplication@5fdf1fc7
----------------- Done invoking toplevel() on ptolemy.moml.MoMLSimpleApplication@5fdf1fc7
reloadAllAccessors: .ArrayPeakSearch3

===========================================================================================
----------------- testing Thu Jul 11 01:55:42 UTC 2019 /home/travis/build/icyphy/ptII/ptolemy/actor/lib/test/auto/ArrayRemoveElement.xml
----------------- Instantiating /home/travis/build/icyphy/ptII/ptolemy/actor/lib/test/auto/ArrayRemoveElement.xml
3 ms. Memory: 344064K Free: 154791K (45%)
----------------- Invoking toplevel() on ptolemy.moml.MoMLSimpleApplication@74f1c28c
----------------- Done invoking toplevel() on ptolemy.moml.MoMLSimpleApplication@74f1c28c
reloadAllAccessors: .ArrayRemoveElement

===========================================================================================
----------------- testing Thu Jul 11 01:55:42 UTC 2019 /home/travis/build/icyphy/ptII/ptolemy/actor/lib/test/auto/ArraySort.xml
----------------- Instantiating /home/travis/build/icyphy/ptII/ptolemy/actor/lib/test/auto/ArraySort.xml
16 ms. Memory: 344064K Free: 145575K (42%)
----------------- Invoking toplevel() on ptolemy.moml.MoMLSimpleApplication@4089c710
----------------- Done invoking toplevel() on ptolemy.moml.MoMLSimpleApplication@4089c710
reloadAllAccessors: .ArraySort

===========================================================================================
----------------- testing Thu Jul 11 01:55:42 UTC 2019 /home/travis/build/icyphy/ptII/ptolemy/actor/lib/test/auto/ArraySum.xml
----------------- Instantiating /home/travis/build/icyphy/ptII/ptolemy/actor/lib/test/auto/ArraySum.xml
4 ms. Memory: 344064K Free: 140455K (41%)
----------------- Invoking toplevel() on ptolemy.moml.MoMLSimpleApplication@80646ab
----------------- Done invoking toplevel() on ptolemy.moml.MoMLSimpleApplication@80646ab
reloadAllAccessors: .ArraySum

===========================================================================================
----------------- testing Thu Jul 11 01:55:42 UTC 2019 /home/travis/build/icyphy/ptII/ptolemy/actor/lib/test/auto/ArrayToElements.xml
----------------- Instantiating /home/travis/build/icyphy/ptII/ptolemy/actor/lib/test/auto/ArrayToElements.xml
10 ms. Memory: 344064K Free: 134825K (39%)
----------------- Invoking toplevel() on ptolemy.moml.MoMLSimpleApplication@5e768f55
----------------- Done invoking toplevel() on ptolemy.moml.MoMLSimpleApplication@5e768f55
reloadAllAccessors: .ArrayToElements

===========================================================================================
----------------- testing Thu Jul 11 01:55:42 UTC 2019 /home/travis/build/icyphy/ptII/ptolemy/actor/lib/test/auto/ArrayToMatrix.xml
----------------- Instantiating /home/travis/build/icyphy/ptII/ptolemy/actor/lib/test/auto/ArrayToMatrix.xml
14 ms. Memory: 344064K Free: 120999K (35%)
----------------- Invoking toplevel() on ptolemy.moml.MoMLSimpleApplication@34273a17
----------------- Done invoking toplevel() on ptolemy.moml.MoMLSimpleApplication@34273a17
reloadAllAccessors: .ArrayToMatrix

===========================================================================================
----------------- testing Thu Jul 11 01:55:42 UTC 2019 /home/travis/build/icyphy/ptII/ptolemy/actor/lib/test/auto/ArrayUpdate1.xml
----------------- Instantiating /home/travis/build/icyphy/ptII/ptolemy/actor/lib/test/auto/ArrayUpdate1.xml
5 ms. Memory: 344064K Free: 115879K (34%)
----------------- Invoking toplevel() on ptolemy.moml.MoMLSimpleApplication@332bd59c
----------------- Done invoking toplevel() on ptolemy.moml.MoMLSimpleApplication@332bd59c
reloadAllAccessors: .ArrayUpdate1

===========================================================================================
----------------- testing Thu Jul 11 01:55:42 UTC 2019 /home/travis/build/icyphy/ptII/ptolemy/actor/lib/test/auto/ArrayUpdate2.xml
----------------- Instantiating /home/travis/build/icyphy/ptII/ptolemy/actor/lib/test/auto/ArrayUpdate2.xml
13 ms. Memory: 344064K Free: 109735K (32%)
----------------- Invoking toplevel() on ptolemy.moml.MoMLSimpleApplication@aba7c61
----------------- Done invoking toplevel() on ptolemy.moml.MoMLSimpleApplication@aba7c61
reloadAllAccessors: .ArrayUpdate2

===========================================================================================
----------------- testing Thu Jul 11 01:55:43 UTC 2019 /home/travis/build/icyphy/ptII/ptolemy/actor/lib/test/auto/ArrayUpdate3.xml
----------------- Instantiating /home/travis/build/icyphy/ptII/ptolemy/actor/lib/test/auto/ArrayUpdate3.xml
5 ms. Memory: 344064K Free: 104615K (30%)
----------------- Invoking toplevel() on ptolemy.moml.MoMLSimpleApplication@329488bf
----------------- Done invoking toplevel() on ptolemy.moml.MoMLSimpleApplication@329488bf
reloadAllAccessors: .ArrayUpdate3

===========================================================================================
----------------- testing Thu Jul 11 01:55:43 UTC 2019 /home/travis/build/icyphy/ptII/ptolemy/actor/lib/test/auto/Assert1.xml
----------------- Instantiating /home/travis/build/icyphy/ptII/ptolemy/actor/lib/test/auto/Assert1.xml
5 ms. Memory: 344064K Free: 100519K (29%)
----------------- Invoking toplevel() on ptolemy.moml.MoMLSimpleApplication@13d23bff
----------------- Done invoking toplevel() on ptolemy.moml.MoMLSimpleApplication@13d23bff
reloadAllAccessors: .Assert1

===========================================================================================
----------------- testing Thu Jul 11 01:55:43 UTC 2019 /home/travis/build/icyphy/ptII/ptolemy/actor/lib/test/auto/Assert2.xml
----------------- Instantiating /home/travis/build/icyphy/ptII/ptolemy/actor/lib/test/auto/Assert2.xml
4 ms. Memory: 344064K Free: 95399K (28%)
----------------- Invoking toplevel() on ptolemy.moml.MoMLSimpleApplication@ffd3680
----------------- Done invoking toplevel() on ptolemy.moml.MoMLSimpleApplication@ffd3680
reloadAllAccessors: .Assert2

===========================================================================================
----------------- testing Thu Jul 11 01:55:43 UTC 2019 /home/travis/build/icyphy/ptII/ptolemy/actor/lib/test/auto/BooleanMultiplexor.xml
----------------- Instantiating /home/travis/build/icyphy/ptII/ptolemy/actor/lib/test/auto/BooleanMultiplexor.xml
2 ms. Memory: 670720K Free: 619687K (92%)
----------------- Invoking toplevel() on ptolemy.moml.MoMLSimpleApplication@71144d29
----------------- Done invoking toplevel() on ptolemy.moml.MoMLSimpleApplication@71144d29
reloadAllAccessors: .BooleanMultiplexor

===========================================================================================
----------------- testing Thu Jul 11 01:55:43 UTC 2019 /home/travis/build/icyphy/ptII/ptolemy/actor/lib/test/auto/BooleanMultiplexor2.xml
----------------- Instantiating /home/travis/build/icyphy/ptII/ptolemy/actor/lib/test/auto/BooleanMultiplexor2.xml
10 ms. Memory: 670720K Free: 613031K (91%)
----------------- Invoking toplevel() on ptolemy.moml.MoMLSimpleApplication@d7abfff
----------------- Done invoking toplevel() on ptolemy.moml.MoMLSimpleApplication@d7abfff
reloadAllAccessors: .BooleanMultiplexor2

===========================================================================================
----------------- testing Thu Jul 11 01:55:43 UTC 2019 /home/travis/build/icyphy/ptII/ptolemy/actor/lib/test/auto/BooleanMultiplexor3.xml
----------------- Instantiating /home/travis/build/icyphy/ptII/ptolemy/actor/lib/test/auto/BooleanMultiplexor3.xml
5 ms. Memory: 670720K Free: 608423K (91%)
----------------- Invoking toplevel() on ptolemy.moml.MoMLSimpleApplication@4de61d67
----------------- Done invoking toplevel() on ptolemy.moml.MoMLSimpleApplication@4de61d67
reloadAllAccessors: .BooleanMultiplexor3

===========================================================================================
----------------- testing Thu Jul 11 01:55:43 UTC 2019 /home/travis/build/icyphy/ptII/ptolemy/actor/lib/test/auto/BooleanSelect.xml
----------------- Instantiating /home/travis/build/icyphy/ptII/ptolemy/actor/lib/test/auto/BooleanSelect.xml
8 ms. Memory: 670720K Free: 602793K (90%)
----------------- Invoking toplevel() on ptolemy.moml.MoMLSimpleApplication@7d978727
----------------- Done invoking toplevel() on ptolemy.moml.MoMLSimpleApplication@7d978727
reloadAllAccessors: .BooleanSelect

===========================================================================================
----------------- testing Thu Jul 11 01:55:43 UTC 2019 /home/travis/build/icyphy/ptII/ptolemy/actor/lib/test/auto/BooleanSelect2.xml
----------------- Instantiating /home/travis/build/icyphy/ptII/ptolemy/actor/lib/test/auto/BooleanSelect2.xml
5 ms. Memory: 670720K Free: 598183K (89%)
----------------- Invoking toplevel() on ptolemy.moml.MoMLSimpleApplication@7135cd0a
----------------- Done invoking toplevel() on ptolemy.moml.MoMLSimpleApplication@7135cd0a
reloadAllAccessors: .BooleanSelect2

===========================================================================================
----------------- testing Thu Jul 11 01:55:43 UTC 2019 /home/travis/build/icyphy/ptII/ptolemy/actor/lib/test/auto/BooleanSwitch.xml
----------------- Instantiating /home/travis/build/icyphy/ptII/ptolemy/actor/lib/test/auto/BooleanSwitch.xml
11 ms. Memory: 670720K Free: 592553K (88%)
----------------- Invoking toplevel() on ptolemy.moml.MoMLSimpleApplication@1ccbb6b8
----------------- Done invoking toplevel() on ptolemy.moml.MoMLSimpleApplication@1ccbb6b8
reloadAllAccessors: .BooleanSwitch

===========================================================================================
----------------- testing Thu Jul 11 01:55:43 UTC 2019 /home/travis/build/icyphy/ptII/ptolemy/actor/lib/test/auto/BooleanSwitch2.xml
----------------- Instantiating /home/travis/build/icyphy/ptII/ptolemy/actor/lib/test/auto/BooleanSwitch2.xml
3 ms. Memory: 670720K Free: 587943K (88%)
----------------- Invoking toplevel() on ptolemy.moml.MoMLSimpleApplication@db4a81e
----------------- Done invoking toplevel() on ptolemy.moml.MoMLSimpleApplication@db4a81e
reloadAllAccessors: .BooleanSwitch2

===========================================================================================
----------------- testing Thu Jul 11 01:55:43 UTC 2019 /home/travis/build/icyphy/ptII/ptolemy/actor/lib/test/auto/BooleanSwitchCloningBugWithClassRelationGroup.xml
----------------- Instantiating /home/travis/build/icyphy/ptII/ptolemy/actor/lib/test/auto/BooleanSwitchCloningBugWithClassRelationGroup.xml
3 ms. Memory: 670720K Free: 581799K (87%)
----------------- Invoking toplevel() on ptolemy.moml.MoMLSimpleApplication@32756543
----------------- Done invoking toplevel() on ptolemy.moml.MoMLSimpleApplication@32756543
reloadAllAccessors: .BooleanSwitchCloningBugWithClassRelationGroup

===========================================================================================
----------------- testing Thu Jul 11 01:55:43 UTC 2019 /home/travis/build/icyphy/ptII/ptolemy/actor/lib/test/auto/BusActors.xml
----------------- Instantiating /home/travis/build/icyphy/ptII/ptolemy/actor/lib/test/auto/BusActors.xml
7 ms. Memory: 670720K Free: 573607K (86%)
----------------- Invoking toplevel() on ptolemy.moml.MoMLSimpleApplication@3429fe02
----------------- Done invoking toplevel() on ptolemy.moml.MoMLSimpleApplication@3429fe02
reloadAllAccessors: .BusActors

===========================================================================================
----------------- testing Thu Jul 11 01:55:43 UTC 2019 /home/travis/build/icyphy/ptII/ptolemy/actor/lib/test/auto/ClassWrapper.xml
----------------- Instantiating /home/travis/build/icyphy/ptII/ptolemy/actor/lib/test/auto/ClassWrapper.xml
6 ms. Memory: 670720K Free: 569511K (85%)
----------------- Invoking toplevel() on ptolemy.moml.MoMLSimpleApplication@69332ddf
----------------- Done invoking toplevel() on ptolemy.moml.MoMLSimpleApplication@69332ddf
reloadAllAccessors: .ClassWrapper

===========================================================================================
----------------- testing Thu Jul 11 01:55:43 UTC 2019 /home/travis/build/icyphy/ptII/ptolemy/actor/lib/test/auto/Clock.xml
----------------- Instantiating /home/travis/build/icyphy/ptII/ptolemy/actor/lib/test/auto/Clock.xml
3 ms. Memory: 670720K Free: 565408K (84%)
----------------- Invoking toplevel() on ptolemy.moml.MoMLSimpleApplication@fec4d9e
----------------- Done invoking toplevel() on ptolemy.moml.MoMLSimpleApplication@fec4d9e
reloadAllAccessors: .Clock

===========================================================================================
----------------- testing Thu Jul 11 01:55:43 UTC 2019 /home/travis/build/icyphy/ptII/ptolemy/actor/lib/test/auto/Clock10.xml
----------------- Instantiating /home/travis/build/icyphy/ptII/ptolemy/actor/lib/test/auto/Clock10.xml
7 ms. Memory: 670720K Free: 559785K (83%)
----------------- Invoking toplevel() on ptolemy.moml.MoMLSimpleApplication@6be020ba
----------------- Done invoking toplevel() on ptolemy.moml.MoMLSimpleApplication@6be020ba
reloadAllAccessors: .Clock10

===========================================================================================
----------------- testing Thu Jul 11 01:55:43 UTC 2019 /home/travis/build/icyphy/ptII/ptolemy/actor/lib/test/auto/Clock11.xml
----------------- Instantiating /home/travis/build/icyphy/ptII/ptolemy/actor/lib/test/auto/Clock11.xml
5 ms. Memory: 670720K Free: 553641K (83%)
----------------- Invoking toplevel() on ptolemy.moml.MoMLSimpleApplication@7b6e42fa
----------------- Done invoking toplevel() on ptolemy.moml.MoMLSimpleApplication@7b6e42fa
reloadAllAccessors: .Clock11

===========================================================================================
----------------- testing Thu Jul 11 01:55:43 UTC 2019 /home/travis/build/icyphy/ptII/ptolemy/actor/lib/test/auto/Clock12.xml
----------------- Instantiating /home/travis/build/icyphy/ptII/ptolemy/actor/lib/test/auto/Clock12.xml
5 ms. Memory: 670720K Free: 548007K (82%)
----------------- Invoking toplevel() on ptolemy.moml.MoMLSimpleApplication@6a99c478
----------------- Done invoking toplevel() on ptolemy.moml.MoMLSimpleApplication@6a99c478
reloadAllAccessors: .Clock12

===========================================================================================
----------------- testing Thu Jul 11 01:55:43 UTC 2019 /home/travis/build/icyphy/ptII/ptolemy/actor/lib/test/auto/Clock13.xml
----------------- Instantiating /home/travis/build/icyphy/ptII/ptolemy/actor/lib/test/auto/Clock13.xml
6 ms. Memory: 670720K Free: 541832K (81%)
----------------- Invoking toplevel() on ptolemy.moml.MoMLSimpleApplication@28857f0e
----------------- Done invoking toplevel() on ptolemy.moml.MoMLSimpleApplication@28857f0e
reloadAllAccessors: .Clock13

===========================================================================================
----------------- testing Thu Jul 11 01:55:43 UTC 2019 /home/travis/build/icyphy/ptII/ptolemy/actor/lib/test/auto/Clock14.xml
----------------- Instantiating /home/travis/build/icyphy/ptII/ptolemy/actor/lib/test/auto/Clock14.xml
7 ms. Memory: 670720K Free: 536233K (80%)
----------------- Invoking toplevel() on ptolemy.moml.MoMLSimpleApplication@75b05e07
----------------- Done invoking toplevel() on ptolemy.moml.MoMLSimpleApplication@75b05e07
reloadAllAccessors: .Clock14

===========================================================================================
----------------- testing Thu Jul 11 01:55:43 UTC 2019 /home/travis/build/icyphy/ptII/ptolemy/actor/lib/test/auto/Clock15.xml
----------------- Instantiating /home/travis/build/icyphy/ptII/ptolemy/actor/lib/test/auto/Clock15.xml
6 ms. Memory: 670720K Free: 530089K (79%)
----------------- Invoking toplevel() on ptolemy.moml.MoMLSimpleApplication@4e24edfe
----------------- Done invoking toplevel() on ptolemy.moml.MoMLSimpleApplication@4e24edfe
reloadAllAccessors: .Clock15

===========================================================================================
----------------- testing Thu Jul 11 01:55:43 UTC 2019 /home/travis/build/icyphy/ptII/ptolemy/actor/lib/test/auto/Clock16.xml
----------------- Instantiating /home/travis/build/icyphy/ptII/ptolemy/actor/lib/test/auto/Clock16.xml
44 ms. Memory: 670720K Free: 514729K (77%)
----------------- Invoking toplevel() on ptolemy.moml.MoMLSimpleApplication@332f901d
----------------- Done invoking toplevel() on ptolemy.moml.MoMLSimpleApplication@332f901d
reloadAllAccessors: .Clock16

===========================================================================================
----------------- testing Thu Jul 11 01:55:43 UTC 2019 /home/travis/build/icyphy/ptII/ptolemy/actor/lib/test/auto/Clock17.xml
----------------- Instantiating /home/travis/build/icyphy/ptII/ptolemy/actor/lib/test/auto/Clock17.xml
36 ms. Memory: 670720K Free: 500888K (75%)
----------------- Invoking toplevel() on ptolemy.moml.MoMLSimpleApplication@53a34509
----------------- Done invoking toplevel() on ptolemy.moml.MoMLSimpleApplication@53a34509
reloadAllAccessors: .Clock17

===========================================================================================
----------------- testing Thu Jul 11 01:55:43 UTC 2019 /home/travis/build/icyphy/ptII/ptolemy/actor/lib/test/auto/Clock18.xml
----------------- Instantiating /home/travis/build/icyphy/ptII/ptolemy/actor/lib/test/auto/Clock18.xml
28 ms. Memory: 670720K Free: 487576K (73%)
----------------- Invoking toplevel() on ptolemy.moml.MoMLSimpleApplication@3995d67a
----------------- Done invoking toplevel() on ptolemy.moml.MoMLSimpleApplication@3995d67a
reloadAllAccessors: .Clock18

===========================================================================================
----------------- testing Thu Jul 11 01:55:43 UTC 2019 /home/travis/build/icyphy/ptII/ptolemy/actor/lib/test/auto/Clock19.xml
----------------- Instantiating /home/travis/build/icyphy/ptII/ptolemy/actor/lib/test/auto/Clock19.xml
18 ms. Memory: 670720K Free: 474793K (71%)
----------------- Invoking toplevel() on ptolemy.moml.MoMLSimpleApplication@172500ca
----------------- Done invoking toplevel() on ptolemy.moml.MoMLSimpleApplication@172500ca
reloadAllAccessors: .Clock19

===========================================================================================
----------------- testing Thu Jul 11 01:55:44 UTC 2019 /home/travis/build/icyphy/ptII/ptolemy/actor/lib/test/auto/Clock2.xml
----------------- Instantiating /home/travis/build/icyphy/ptII/ptolemy/actor/lib/test/auto/Clock2.xml
8 ms. Memory: 670720K Free: 470176K (70%)
----------------- Invoking toplevel() on ptolemy.moml.MoMLSimpleApplication@6a592a8e
----------------- Done invoking toplevel() on ptolemy.moml.MoMLSimpleApplication@6a592a8e
reloadAllAccessors: .Clock2

===========================================================================================
----------------- testing Thu Jul 11 01:55:44 UTC 2019 /home/travis/build/icyphy/ptII/ptolemy/actor/lib/test/auto/Clock20.xml
----------------- Instantiating /home/travis/build/icyphy/ptII/ptolemy/actor/lib/test/auto/Clock20.xml
9 ms. Memory: 670720K Free: 465063K (69%)
----------------- Invoking toplevel() on ptolemy.moml.MoMLSimpleApplication@4a447147
----------------- Done invoking toplevel() on ptolemy.moml.MoMLSimpleApplication@4a447147
reloadAllAccessors: .Clock20

===========================================================================================
----------------- testing Thu Jul 11 01:55:44 UTC 2019 /home/travis/build/icyphy/ptII/ptolemy/actor/lib/test/auto/Clock21.xml
----------------- Instantiating /home/travis/build/icyphy/ptII/ptolemy/actor/lib/test/auto/Clock21.xml
6 ms. Memory: 670720K Free: 459433K (68%)
----------------- Invoking toplevel() on ptolemy.moml.MoMLSimpleApplication@13a8b1e3
----------------- Done invoking toplevel() on ptolemy.moml.MoMLSimpleApplication@13a8b1e3
reloadAllAccessors: .Clock21

===========================================================================================
----------------- testing Thu Jul 11 01:55:44 UTC 2019 /home/travis/build/icyphy/ptII/ptolemy/actor/lib/test/auto/Clock22.xml
----------------- Instantiating /home/travis/build/icyphy/ptII/ptolemy/actor/lib/test/auto/Clock22.xml
6 ms. Memory: 670720K Free: 453799K (68%)
----------------- Invoking toplevel() on ptolemy.moml.MoMLSimpleApplication@d5ffb7c
----------------- Done invoking toplevel() on ptolemy.moml.MoMLSimpleApplication@d5ffb7c
reloadAllAccessors: .Clock22

===========================================================================================
----------------- testing Thu Jul 11 01:55:44 UTC 2019 /home/travis/build/icyphy/ptII/ptolemy/actor/lib/test/auto/Clock23.xml
----------------- Instantiating /home/travis/build/icyphy/ptII/ptolemy/actor/lib/test/auto/Clock23.xml
6 ms. Memory: 670720K Free: 448679K (67%)
----------------- Invoking toplevel() on ptolemy.moml.MoMLSimpleApplication@46448512
----------------- Done invoking toplevel() on ptolemy.moml.MoMLSimpleApplication@46448512
reloadAllAccessors: .Clock23

===========================================================================================
----------------- testing Thu Jul 11 01:55:44 UTC 2019 /home/travis/build/icyphy/ptII/ptolemy/actor/lib/test/auto/Clock24.xml
----------------- Instantiating /home/travis/build/icyphy/ptII/ptolemy/actor/lib/test/auto/Clock24.xml
5 ms. Memory: 670720K Free: 443049K (66%)
----------------- Invoking toplevel() on ptolemy.moml.MoMLSimpleApplication@68dc8c0a
----------------- Done invoking toplevel() on ptolemy.moml.MoMLSimpleApplication@68dc8c0a
reloadAllAccessors: .Clock24

===========================================================================================
----------------- testing Thu Jul 11 01:55:44 UTC 2019 /home/travis/build/icyphy/ptII/ptolemy/actor/lib/test/auto/Clock4.xml
----------------- Instantiating /home/travis/build/icyphy/ptII/ptolemy/actor/lib/test/auto/Clock4.xml
2 ms. Memory: 670720K Free: 438424K (65%)
----------------- Invoking toplevel() on ptolemy.moml.MoMLSimpleApplication@17488e2a
----------------- Done invoking toplevel() on ptolemy.moml.MoMLSimpleApplication@17488e2a
reloadAllAccessors: .Clock4

===========================================================================================
----------------- testing Thu Jul 11 01:55:44 UTC 2019 /home/travis/build/icyphy/ptII/ptolemy/actor/lib/test/auto/Clock5.xml
----------------- Instantiating /home/travis/build/icyphy/ptII/ptolemy/actor/lib/test/auto/Clock5.xml
3 ms. Memory: 670720K Free: 432809K (65%)
----------------- Invoking toplevel() on ptolemy.moml.MoMLSimpleApplication@662dcf12
----------------- Done invoking toplevel() on ptolemy.moml.MoMLSimpleApplication@662dcf12
reloadAllAccessors: .Clock5

===========================================================================================
----------------- testing Thu Jul 11 01:55:44 UTC 2019 /home/travis/build/icyphy/ptII/ptolemy/actor/lib/test/auto/Clock6.xml
----------------- Instantiating /home/travis/build/icyphy/ptII/ptolemy/actor/lib/test/auto/Clock6.xml
5 ms. Memory: 670720K Free: 428713K (64%)
----------------- Invoking toplevel() on ptolemy.moml.MoMLSimpleApplication@44741cce
----------------- Done invoking toplevel() on ptolemy.moml.MoMLSimpleApplication@44741cce
reloadAllAccessors: .Clock6

===========================================================================================
----------------- testing Thu Jul 11 01:55:44 UTC 2019 /home/travis/build/icyphy/ptII/ptolemy/actor/lib/test/auto/Clock7.xml
----------------- Instantiating /home/travis/build/icyphy/ptII/ptolemy/actor/lib/test/auto/Clock7.xml
2 ms. Memory: 670720K Free: 424103K (63%)
----------------- Invoking toplevel() on ptolemy.moml.MoMLSimpleApplication@5e196a8d
----------------- Done invoking toplevel() on ptolemy.moml.MoMLSimpleApplication@5e196a8d
reloadAllAccessors: .Clock7

===========================================================================================
----------------- testing Thu Jul 11 01:55:44 UTC 2019 /home/travis/build/icyphy/ptII/ptolemy/actor/lib/test/auto/Clock8.xml
----------------- Instantiating /home/travis/build/icyphy/ptII/ptolemy/actor/lib/test/auto/Clock8.xml
6 ms. Memory: 670720K Free: 418473K (62%)
----------------- Invoking toplevel() on ptolemy.moml.MoMLSimpleApplication@155b35d3
----------------- Done invoking toplevel() on ptolemy.moml.MoMLSimpleApplication@155b35d3
reloadAllAccessors: .Clock8

===========================================================================================
----------------- testing Thu Jul 11 01:55:44 UTC 2019 /home/travis/build/icyphy/ptII/ptolemy/actor/lib/test/auto/Clock9.xml
----------------- Instantiating /home/travis/build/icyphy/ptII/ptolemy/actor/lib/test/auto/Clock9.xml
6 ms. Memory: 670720K Free: 413353K (62%)
----------------- Invoking toplevel() on ptolemy.moml.MoMLSimpleApplication@2f636022
----------------- Done invoking toplevel() on ptolemy.moml.MoMLSimpleApplication@2f636022
reloadAllAccessors: .Clock9

===========================================================================================
----------------- testing Thu Jul 11 01:55:44 UTC 2019 /home/travis/build/icyphy/ptII/ptolemy/actor/lib/test/auto/CommDistDiscard.xml
----------------- Instantiating /home/travis/build/icyphy/ptII/ptolemy/actor/lib/test/auto/CommDistDiscard.xml
5 ms. Memory: 670720K Free: 407719K (61%)
----------------- Invoking toplevel() on ptolemy.moml.MoMLSimpleApplication@8b8165
----------------- Done invoking toplevel() on ptolemy.moml.MoMLSimpleApplication@8b8165
reloadAllAccessors: .CommDistDiscard

===========================================================================================
----------------- testing Thu Jul 11 01:55:44 UTC 2019 /home/travis/build/icyphy/ptII/ptolemy/actor/lib/test/auto/Commutator.xml
----------------- Instantiating /home/travis/build/icyphy/ptII/ptolemy/actor/lib/test/auto/Commutator.xml
9 ms. Memory: 670720K Free: 403623K (60%)
----------------- Invoking toplevel() on ptolemy.moml.MoMLSimpleApplication@5a74df63
----------------- Done invoking toplevel() on ptolemy.moml.MoMLSimpleApplication@5a74df63
reloadAllAccessors: .Commutator

===========================================================================================
----------------- testing Thu Jul 11 01:55:44 UTC 2019 /home/travis/build/icyphy/ptII/ptolemy/actor/lib/test/auto/Commutator2.xml
----------------- Instantiating /home/travis/build/icyphy/ptII/ptolemy/actor/lib/test/auto/Commutator2.xml
2 ms. Memory: 670720K Free: 399017K (59%)
----------------- Invoking toplevel() on ptolemy.moml.MoMLSimpleApplication@6812872f
----------------- Done invoking toplevel() on ptolemy.moml.MoMLSimpleApplication@6812872f
reloadAllAccessors: .Commutator2

===========================================================================================
----------------- testing Thu Jul 11 01:55:44 UTC 2019 /home/travis/build/icyphy/ptII/ptolemy/actor/lib/test/auto/Commutator3.xml
----------------- Instantiating /home/travis/build/icyphy/ptII/ptolemy/actor/lib/test/auto/Commutator3.xml
2 ms. Memory: 670720K Free: 394407K (59%)
----------------- Invoking toplevel() on ptolemy.moml.MoMLSimpleApplication@36244194
----------------- Done invoking toplevel() on ptolemy.moml.MoMLSimpleApplication@36244194
reloadAllAccessors: .Commutator3

===========================================================================================
----------------- testing Thu Jul 11 01:55:44 UTC 2019 /home/travis/build/icyphy/ptII/ptolemy/actor/lib/test/auto/Compare.xml
----------------- Instantiating /home/travis/build/icyphy/ptII/ptolemy/actor/lib/test/auto/Compare.xml
2 ms. Memory: 670720K Free: 388263K (58%)
----------------- Invoking toplevel() on ptolemy.moml.MoMLSimpleApplication@468c881
----------------- Done invoking toplevel() on ptolemy.moml.MoMLSimpleApplication@468c881
reloadAllAccessors: .Compare

===========================================================================================
----------------- testing Thu Jul 11 01:55:44 UTC 2019 /home/travis/build/icyphy/ptII/ptolemy/actor/lib/test/auto/CompareDE.xml
----------------- Instantiating /home/travis/build/icyphy/ptII/ptolemy/actor/lib/test/auto/CompareDE.xml
6 ms. Memory: 670720K Free: 381080K (57%)
----------------- Invoking toplevel() on ptolemy.moml.MoMLSimpleApplication@36155f39
----------------- Done invoking toplevel() on ptolemy.moml.MoMLSimpleApplication@36155f39
reloadAllAccessors: .CompareDE

===========================================================================================
----------------- testing Thu Jul 11 01:55:44 UTC 2019 /home/travis/build/icyphy/ptII/ptolemy/actor/lib/test/auto/ComplexDivide.xml
----------------- Instantiating /home/travis/build/icyphy/ptII/ptolemy/actor/lib/test/auto/ComplexDivide.xml
2 ms. Memory: 670720K Free: 377513K (56%)
----------------- Invoking toplevel() on ptolemy.moml.MoMLSimpleApplication@25ebbe37
----------------- Done invoking toplevel() on ptolemy.moml.MoMLSimpleApplication@25ebbe37
reloadAllAccessors: .ComplexDivide

===========================================================================================
----------------- testing Thu Jul 11 01:55:44 UTC 2019 /home/travis/build/icyphy/ptII/ptolemy/actor/lib/test/auto/ComputeHistogram.xml
----------------- Instantiating /home/travis/build/icyphy/ptII/ptolemy/actor/lib/test/auto/ComputeHistogram.xml
38 ms. Memory: 670720K Free: 364711K (54%)
----------------- Invoking toplevel() on ptolemy.moml.MoMLSimpleApplication@36c7231e
----------------- Done invoking toplevel() on ptolemy.moml.MoMLSimpleApplication@36c7231e
reloadAllAccessors: .ComputeHistogram

===========================================================================================
----------------- testing Thu Jul 11 01:55:44 UTC 2019 /home/travis/build/icyphy/ptII/ptolemy/actor/lib/test/auto/ConfigurationSelect.xml
----------------- Instantiating /home/travis/build/icyphy/ptII/ptolemy/actor/lib/test/auto/ConfigurationSelect.xml
9 ms. Memory: 670720K Free: 359081K (54%)
----------------- Invoking toplevel() on ptolemy.moml.MoMLSimpleApplication@60781a62
----------------- Done invoking toplevel() on ptolemy.moml.MoMLSimpleApplication@60781a62
reloadAllAccessors: .ConfigurationSelect

===========================================================================================
----------------- testing Thu Jul 11 01:55:44 UTC 2019 /home/travis/build/icyphy/ptII/ptolemy/actor/lib/test/auto/ConfigurationSelect2.xml
----------------- Instantiating /home/travis/build/icyphy/ptII/ptolemy/actor/lib/test/auto/ConfigurationSelect2.xml
2 ms. Memory: 670720K Free: 619457K (92%)
----------------- Invoking toplevel() on ptolemy.moml.MoMLSimpleApplication@792c8e76
----------------- Done invoking toplevel() on ptolemy.moml.MoMLSimpleApplication@792c8e76
reloadAllAccessors: .ConfigurationSelect2

===========================================================================================
----------------- testing Thu Jul 11 01:55:44 UTC 2019 /home/travis/build/icyphy/ptII/ptolemy/actor/lib/test/auto/ConfigurationSwitch.xml
----------------- Instantiating /home/travis/build/icyphy/ptII/ptolemy/actor/lib/test/auto/ConfigurationSwitch.xml
2 ms. Memory: 670720K Free: 613823K (92%)
----------------- Invoking toplevel() on ptolemy.moml.MoMLSimpleApplication@11228d47
----------------- Done invoking toplevel() on ptolemy.moml.MoMLSimpleApplication@11228d47
reloadAllAccessors: .ConfigurationSwitch

===========================================================================================
----------------- testing Thu Jul 11 01:55:44 UTC 2019 /home/travis/build/icyphy/ptII/ptolemy/actor/lib/test/auto/ConfigurationSwitch2.xml
----------------- Instantiating /home/travis/build/icyphy/ptII/ptolemy/actor/lib/test/auto/ConfigurationSwitch2.xml
2 ms. Memory: 670720K Free: 608193K (91%)
----------------- Invoking toplevel() on ptolemy.moml.MoMLSimpleApplication@45e870
----------------- Done invoking toplevel() on ptolemy.moml.MoMLSimpleApplication@45e870
reloadAllAccessors: .ConfigurationSwitch2

===========================================================================================
----------------- testing Thu Jul 11 01:55:44 UTC 2019 /home/travis/build/icyphy/ptII/ptolemy/actor/lib/test/auto/ConfigurationSwitchCloningBugWithClassRelationGroup.xml
----------------- Instantiating /home/travis/build/icyphy/ptII/ptolemy/actor/lib/test/auto/ConfigurationSwitchCloningBugWithClassRelationGroup.xml
1 ms. Memory: 670720K Free: 601535K (90%)
----------------- Invoking toplevel() on ptolemy.moml.MoMLSimpleApplication@6854c2d
----------------- Done invoking toplevel() on ptolemy.moml.MoMLSimpleApplication@6854c2d
reloadAllAccessors: .ConfigurationSwitchCloningBugWithClassRelationGroup

===========================================================================================
----------------- testing Thu Jul 11 01:55:44 UTC 2019 /home/travis/build/icyphy/ptII/ptolemy/actor/lib/test/auto/ConfigurationSwitchSelectSDF.xml
----------------- Instantiating /home/travis/build/icyphy/ptII/ptolemy/actor/lib/test/auto/ConfigurationSwitchSelectSDF.xml
2 ms. Memory: 670720K Free: 595905K (89%)
----------------- Invoking toplevel() on ptolemy.moml.MoMLSimpleApplication@7da58bdc
----------------- Done invoking toplevel() on ptolemy.moml.MoMLSimpleApplication@7da58bdc
reloadAllAccessors: .ConfigurationSwitchSelectSDF

===========================================================================================
----------------- testing Thu Jul 11 01:55:44 UTC 2019 /home/travis/build/icyphy/ptII/ptolemy/actor/lib/test/auto/ConfigurationSwitchSelectSDF2.xml
----------------- Instantiating /home/travis/build/icyphy/ptII/ptolemy/actor/lib/test/auto/ConfigurationSwitchSelectSDF2.xml
3 ms. Memory: 670720K Free: 589761K (88%)
----------------- Invoking toplevel() on ptolemy.moml.MoMLSimpleApplication@76122484
----------------- Done invoking toplevel() on ptolemy.moml.MoMLSimpleApplication@76122484
reloadAllAccessors: .ConfigurationSwitchSelectSDF2

===========================================================================================
----------------- testing Thu Jul 11 01:55:44 UTC 2019 /home/travis/build/icyphy/ptII/ptolemy/actor/lib/test/auto/Const.xml
----------------- Instantiating /home/travis/build/icyphy/ptII/ptolemy/actor/lib/test/auto/Const.xml
1 ms. Memory: 670720K Free: 586689K (87%)
----------------- Invoking toplevel() on ptolemy.moml.MoMLSimpleApplication@79227c1a
----------------- Done invoking toplevel() on ptolemy.moml.MoMLSimpleApplication@79227c1a
reloadAllAccessors: .Const

===========================================================================================
----------------- testing Thu Jul 11 01:55:44 UTC 2019 /home/travis/build/icyphy/ptII/ptolemy/actor/lib/test/auto/Const2.xml
----------------- Instantiating /home/travis/build/icyphy/ptII/ptolemy/actor/lib/test/auto/Const2.xml
2 ms. Memory: 670720K Free: 582593K (87%)
----------------- Invoking toplevel() on ptolemy.moml.MoMLSimpleApplication@1af3fe0d
----------------- Done invoking toplevel() on ptolemy.moml.MoMLSimpleApplication@1af3fe0d
reloadAllAccessors: .Const2

===========================================================================================
----------------- testing Thu Jul 11 01:55:44 UTC 2019 /home/travis/build/icyphy/ptII/ptolemy/actor/lib/test/auto/Const3.xml
----------------- Instantiating /home/travis/build/icyphy/ptII/ptolemy/actor/lib/test/auto/Const3.xml
1 ms. Memory: 670720K Free: 580031K (86%)
----------------- Invoking toplevel() on ptolemy.moml.MoMLSimpleApplication@2d73208
----------------- Done invoking toplevel() on ptolemy.moml.MoMLSimpleApplication@2d73208
reloadAllAccessors: .Const3

===========================================================================================
----------------- testing Thu Jul 11 01:55:44 UTC 2019 /home/travis/build/icyphy/ptII/ptolemy/actor/lib/test/auto/ConstantPublisherPort1.xml
----------------- Instantiating /home/travis/build/icyphy/ptII/ptolemy/actor/lib/test/auto/ConstantPublisherPort1.xml
5 ms. Memory: 670720K Free: 570815K (85%)
----------------- Invoking toplevel() on ptolemy.moml.MoMLSimpleApplication@1e194c36
----------------- Done invoking toplevel() on ptolemy.moml.MoMLSimpleApplication@1e194c36
reloadAllAccessors: .ConstantPublisherPort1

===========================================================================================
----------------- testing Thu Jul 11 01:55:44 UTC 2019 /home/travis/build/icyphy/ptII/ptolemy/actor/lib/test/auto/ConstantPublisherPort2.xml
----------------- Instantiating /home/travis/build/icyphy/ptII/ptolemy/actor/lib/test/auto/ConstantPublisherPort2.xml
4 ms. Memory: 670720K Free: 563137K (84%)
----------------- Invoking toplevel() on ptolemy.moml.MoMLSimpleApplication@3ee0d72c
----------------- Done invoking toplevel() on ptolemy.moml.MoMLSimpleApplication@3ee0d72c
reloadAllAccessors: .ConstantPublisherPort2

===========================================================================================
----------------- testing Thu Jul 11 01:55:44 UTC 2019 /home/travis/build/icyphy/ptII/ptolemy/actor/lib/test/auto/ConstantPublisherPort3.xml
----------------- Instantiating /home/travis/build/icyphy/ptII/ptolemy/actor/lib/test/auto/ConstantPublisherPort3.xml
6 ms. Memory: 670720K Free: 555969K (83%)
----------------- Invoking toplevel() on ptolemy.moml.MoMLSimpleApplication@4ddd16ba
----------------- Done invoking toplevel() on ptolemy.moml.MoMLSimpleApplication@4ddd16ba
reloadAllAccessors: .ConstantPublisherPort3

===========================================================================================
----------------- testing Thu Jul 11 01:55:44 UTC 2019 /home/travis/build/icyphy/ptII/ptolemy/actor/lib/test/auto/ConstantPublisherPort4.xml
----------------- Instantiating /home/travis/build/icyphy/ptII/ptolemy/actor/lib/test/auto/ConstantPublisherPort4.xml
3 ms. Memory: 670720K Free: 548801K (82%)
----------------- Invoking toplevel() on ptolemy.moml.MoMLSimpleApplication@3c004c09
----------------- Done invoking toplevel() on ptolemy.moml.MoMLSimpleApplication@3c004c09
reloadAllAccessors: .ConstantPublisherPort4

===========================================================================================
----------------- testing Thu Jul 11 01:55:44 UTC 2019 /home/travis/build/icyphy/ptII/ptolemy/actor/lib/test/auto/ConstantPublisherPort5.xml
----------------- Instantiating /home/travis/build/icyphy/ptII/ptolemy/actor/lib/test/auto/ConstantPublisherPort5.xml
27 ms. Memory: 670720K Free: 539585K (80%)
----------------- Invoking toplevel() on ptolemy.moml.MoMLSimpleApplication@5622d78a
----------------- Done invoking toplevel() on ptolemy.moml.MoMLSimpleApplication@5622d78a
reloadAllAccessors: .ConstantPublisherPort5

===========================================================================================
----------------- testing Thu Jul 11 01:55:44 UTC 2019 /home/travis/build/icyphy/ptII/ptolemy/actor/lib/test/auto/ConstantPublisherPort6.xml
----------------- Instantiating /home/travis/build/icyphy/ptII/ptolemy/actor/lib/test/auto/ConstantPublisherPort6.xml
15 ms. Memory: 670720K Free: 530369K (79%)
----------------- Invoking toplevel() on ptolemy.moml.MoMLSimpleApplication@6da70805
----------------- Done invoking toplevel() on ptolemy.moml.MoMLSimpleApplication@6da70805
reloadAllAccessors: .ConstantPublisherPort6

===========================================================================================
----------------- testing Thu Jul 11 01:55:44 UTC 2019 /home/travis/build/icyphy/ptII/ptolemy/actor/lib/test/auto/ConstantPublisherPort7.xml
----------------- Instantiating /home/travis/build/icyphy/ptII/ptolemy/actor/lib/test/auto/ConstantPublisherPort7.xml
18 ms. Memory: 670720K Free: 521153K (78%)
----------------- Invoking toplevel() on ptolemy.moml.MoMLSimpleApplication@7e9e669d
----------------- Done invoking toplevel() on ptolemy.moml.MoMLSimpleApplication@7e9e669d
reloadAllAccessors: .ConstantPublisherPort7

===========================================================================================
----------------- testing Thu Jul 11 01:55:45 UTC 2019 /home/travis/build/icyphy/ptII/ptolemy/actor/lib/test/auto/ConstraintMonitor1.xml
----------------- Instantiating /home/travis/build/icyphy/ptII/ptolemy/actor/lib/test/auto/ConstraintMonitor1.xml
5 ms. Memory: 670720K Free: 516033K (77%)
----------------- Invoking toplevel() on ptolemy.moml.MoMLSimpleApplication@75f35227
----------------- Done invoking toplevel() on ptolemy.moml.MoMLSimpleApplication@75f35227
reloadAllAccessors: .ConstraintMonitor1

===========================================================================================
----------------- testing Thu Jul 11 01:55:45 UTC 2019 /home/travis/build/icyphy/ptII/ptolemy/actor/lib/test/auto/ConstraintMonitor2.xml
----------------- Instantiating /home/travis/build/icyphy/ptII/ptolemy/actor/lib/test/auto/ConstraintMonitor2.xml
2 ms. Memory: 670720K Free: 511423K (76%)
----------------- Invoking toplevel() on ptolemy.moml.MoMLSimpleApplication@5455e80d
----------------- Done invoking toplevel() on ptolemy.moml.MoMLSimpleApplication@5455e80d
reloadAllAccessors: .ConstraintMonitor2

===========================================================================================
----------------- testing Thu Jul 11 01:55:45 UTC 2019 /home/travis/build/icyphy/ptII/ptolemy/actor/lib/test/auto/ConstraintMonitor3.xml
----------------- Instantiating /home/travis/build/icyphy/ptII/ptolemy/actor/lib/test/auto/ConstraintMonitor3.xml
4 ms. Memory: 670720K Free: 507327K (76%)
----------------- Invoking toplevel() on ptolemy.moml.MoMLSimpleApplication@4664d677
----------------- Done invoking toplevel() on ptolemy.moml.MoMLSimpleApplication@4664d677
reloadAllAccessors: .ConstraintMonitor3

===========================================================================================
----------------- testing Thu Jul 11 01:55:45 UTC 2019 /home/travis/build/icyphy/ptII/ptolemy/actor/lib/test/auto/ConstraintMonitor4.xml
----------------- Instantiating /home/travis/build/icyphy/ptII/ptolemy/actor/lib/test/auto/ConstraintMonitor4.xml
2 ms. Memory: 670720K Free: 502207K (75%)
----------------- Invoking toplevel() on ptolemy.moml.MoMLSimpleApplication@7b8c1106
----------------- Done invoking toplevel() on ptolemy.moml.MoMLSimpleApplication@7b8c1106
reloadAllAccessors: .ConstraintMonitor4

===========================================================================================
----------------- testing Thu Jul 11 01:55:45 UTC 2019 /home/travis/build/icyphy/ptII/ptolemy/actor/lib/test/auto/ConstraintMonitor5.xml
----------------- Instantiating /home/travis/build/icyphy/ptII/ptolemy/actor/lib/test/auto/ConstraintMonitor5.xml
5 ms. Memory: 670720K Free: 497087K (74%)
----------------- Invoking toplevel() on ptolemy.moml.MoMLSimpleApplication@72c6932b
----------------- Done invoking toplevel() on ptolemy.moml.MoMLSimpleApplication@72c6932b
reloadAllAccessors: .ConstraintMonitor5

===========================================================================================
----------------- testing Thu Jul 11 01:55:45 UTC 2019 /home/travis/build/icyphy/ptII/ptolemy/actor/lib/test/auto/ConstraintMonitor6.xml
----------------- Instantiating /home/travis/build/icyphy/ptII/ptolemy/actor/lib/test/auto/ConstraintMonitor6.xml
5 ms. Memory: 670720K Free: 491457K (73%)
----------------- Invoking toplevel() on ptolemy.moml.MoMLSimpleApplication@df4f2b3
----------------- Done invoking toplevel() on ptolemy.moml.MoMLSimpleApplication@df4f2b3
reloadAllAccessors: .ConstraintMonitor6

===========================================================================================
----------------- testing Thu Jul 11 01:55:45 UTC 2019 /home/travis/build/icyphy/ptII/ptolemy/actor/lib/test/auto/ConstraintMonitor7.xml
----------------- Instantiating /home/travis/build/icyphy/ptII/ptolemy/actor/lib/test/auto/ConstraintMonitor7.xml
5 ms. Memory: 670720K Free: 484793K (72%)
----------------- Invoking toplevel() on ptolemy.moml.MoMLSimpleApplication@47ed97e1
----------------- Done invoking toplevel() on ptolemy.moml.MoMLSimpleApplication@47ed97e1
reloadAllAccessors: .ConstraintMonitor7

===========================================================================================
----------------- testing Thu Jul 11 01:55:45 UTC 2019 /home/travis/build/icyphy/ptII/ptolemy/actor/lib/test/auto/ConstraintMonitor8.xml
----------------- Instantiating /home/travis/build/icyphy/ptII/ptolemy/actor/lib/test/auto/ConstraintMonitor8.xml
6 ms. Memory: 670720K Free: 477121K (71%)
----------------- Invoking toplevel() on ptolemy.moml.MoMLSimpleApplication@613e8b3f
----------------- Done invoking toplevel() on ptolemy.moml.MoMLSimpleApplication@613e8b3f
reloadAllAccessors: .ConstraintMonitor8

===========================================================================================
----------------- testing Thu Jul 11 01:55:45 UTC 2019 /home/travis/build/icyphy/ptII/ptolemy/actor/lib/test/auto/Counter.xml
----------------- Instantiating /home/travis/build/icyphy/ptII/ptolemy/actor/lib/test/auto/Counter.xml
3 ms. Memory: 670720K Free: 472511K (70%)
----------------- Invoking toplevel() on ptolemy.moml.MoMLSimpleApplication@389d150d
----------------- Done invoking toplevel() on ptolemy.moml.MoMLSimpleApplication@389d150d
reloadAllAccessors: .Counter

===========================================================================================
----------------- testing Thu Jul 11 01:55:45 UTC 2019 /home/travis/build/icyphy/ptII/ptolemy/actor/lib/test/auto/CurrentTimeSDF.xml
----------------- Instantiating /home/travis/build/icyphy/ptII/ptolemy/actor/lib/test/auto/CurrentTimeSDF.xml
1 ms. Memory: 670720K Free: 468415K (70%)
----------------- Invoking toplevel() on ptolemy.moml.MoMLSimpleApplication@4a44029c
----------------- Done invoking toplevel() on ptolemy.moml.MoMLSimpleApplication@4a44029c
reloadAllAccessors: .CurrentTimeSDF

===========================================================================================
----------------- testing Thu Jul 11 01:55:45 UTC 2019 /home/travis/build/icyphy/ptII/ptolemy/actor/lib/test/auto/DB.xml
----------------- Instantiating /home/travis/build/icyphy/ptII/ptolemy/actor/lib/test/auto/DB.xml
3 ms. Memory: 670720K Free: 463295K (69%)
----------------- Invoking toplevel() on ptolemy.moml.MoMLSimpleApplication@1999852d
----------------- Done invoking toplevel() on ptolemy.moml.MoMLSimpleApplication@1999852d
reloadAllAccessors: .DB

===========================================================================================
----------------- testing Thu Jul 11 01:55:45 UTC 2019 /home/travis/build/icyphy/ptII/ptolemy/actor/lib/test/auto/DBDE.xml
----------------- Instantiating /home/travis/build/icyphy/ptII/ptolemy/actor/lib/test/auto/DBDE.xml
2 ms. Memory: 670720K Free: 457665K (68%)
----------------- Invoking toplevel() on ptolemy.moml.MoMLSimpleApplication@41ece3ac
----------------- Done invoking toplevel() on ptolemy.moml.MoMLSimpleApplication@41ece3ac
reloadAllAccessors: .DBDE

===========================================================================================
----------------- testing Thu Jul 11 01:55:45 UTC 2019 /home/travis/build/icyphy/ptII/ptolemy/actor/lib/test/auto/DateConstructor.xml
----------------- Instantiating /home/travis/build/icyphy/ptII/ptolemy/actor/lib/test/auto/DateConstructor.xml
25 ms. Memory: 670720K Free: 439743K (66%)
----------------- Invoking toplevel() on ptolemy.moml.MoMLSimpleApplication@2cdd3685
----------------- Done invoking toplevel() on ptolemy.moml.MoMLSimpleApplication@2cdd3685
reloadAllAccessors: .DateConstructor

===========================================================================================
----------------- testing Thu Jul 11 01:55:45 UTC 2019 /home/travis/build/icyphy/ptII/ptolemy/actor/lib/test/auto/DelayTime.xml
----------------- Instantiating /home/travis/build/icyphy/ptII/ptolemy/actor/lib/test/auto/DelayTime.xml
5 ms. Memory: 670720K Free: 434623K (65%)
----------------- Invoking toplevel() on ptolemy.moml.MoMLSimpleApplication@595bd2f9
----------------- Done invoking toplevel() on ptolemy.moml.MoMLSimpleApplication@595bd2f9
reloadAllAccessors: .DelayTime

===========================================================================================
----------------- testing Thu Jul 11 01:55:45 UTC 2019 /home/travis/build/icyphy/ptII/ptolemy/actor/lib/test/auto/Dictionary1.xml
----------------- Instantiating /home/travis/build/icyphy/ptII/ptolemy/actor/lib/test/auto/Dictionary1.xml
2 ms. Memory: 670720K Free: 429503K (64%)
----------------- Invoking toplevel() on ptolemy.moml.MoMLSimpleApplication@66e1a830
----------------- Done invoking toplevel() on ptolemy.moml.MoMLSimpleApplication@66e1a830
reloadAllAccessors: .Dictionary1

===========================================================================================
----------------- testing Thu Jul 11 01:55:45 UTC 2019 /home/travis/build/icyphy/ptII/ptolemy/actor/lib/test/auto/Dictionary2.xml
----------------- Instantiating /home/travis/build/icyphy/ptII/ptolemy/actor/lib/test/auto/Dictionary2.xml
5 ms. Memory: 670720K Free: 423873K (63%)
----------------- Invoking toplevel() on ptolemy.moml.MoMLSimpleApplication@4f86850f
----------------- Done invoking toplevel() on ptolemy.moml.MoMLSimpleApplication@4f86850f
reloadAllAccessors: .Dictionary2

===========================================================================================
----------------- testing Thu Jul 11 01:55:45 UTC 2019 /home/travis/build/icyphy/ptII/ptolemy/actor/lib/test/auto/Dictionary3.xml
----------------- Instantiating /home/travis/build/icyphy/ptII/ptolemy/actor/lib/test/auto/Dictionary3.xml
2 ms. Memory: 670720K Free: 418239K (62%)
----------------- Invoking toplevel() on ptolemy.moml.MoMLSimpleApplication@6f91ff3
----------------- Done invoking toplevel() on ptolemy.moml.MoMLSimpleApplication@6f91ff3
reloadAllAccessors: .Dictionary3

===========================================================================================
----------------- testing Thu Jul 11 01:55:45 UTC 2019 /home/travis/build/icyphy/ptII/ptolemy/actor/lib/test/auto/Dictionary4.xml
----------------- Instantiating /home/travis/build/icyphy/ptII/ptolemy/actor/lib/test/auto/Dictionary4.xml
12 ms. Memory: 670720K Free: 411585K (61%)
----------------- Invoking toplevel() on ptolemy.moml.MoMLSimpleApplication@73f86c0c
----------------- Done invoking toplevel() on ptolemy.moml.MoMLSimpleApplication@73f86c0c
reloadAllAccessors: .Dictionary4

===========================================================================================
----------------- testing Thu Jul 11 01:55:45 UTC 2019 /home/travis/build/icyphy/ptII/ptolemy/actor/lib/test/auto/Differential.xml
----------------- Instantiating /home/travis/build/icyphy/ptII/ptolemy/actor/lib/test/auto/Differential.xml
4 ms. Memory: 670720K Free: 406975K (61%)
----------------- Invoking toplevel() on ptolemy.moml.MoMLSimpleApplication@68fe3c5a
----------------- Done invoking toplevel() on ptolemy.moml.MoMLSimpleApplication@68fe3c5a
reloadAllAccessors: .Differential

===========================================================================================
----------------- testing Thu Jul 11 01:55:45 UTC 2019 /home/travis/build/icyphy/ptII/ptolemy/actor/lib/test/auto/Director.xml
----------------- Instantiating /home/travis/build/icyphy/ptII/ptolemy/actor/lib/test/auto/Director.xml
4 ms. Memory: 670720K Free: 403393K (60%)
----------------- Invoking toplevel() on ptolemy.moml.MoMLSimpleApplication@5e615dd4
----------------- Done invoking toplevel() on ptolemy.moml.MoMLSimpleApplication@5e615dd4
reloadAllAccessors: .Director

===========================================================================================
----------------- testing Thu Jul 11 01:55:45 UTC 2019 /home/travis/build/icyphy/ptII/ptolemy/actor/lib/test/auto/DiscreteClock.xml
----------------- Instantiating /home/travis/build/icyphy/ptII/ptolemy/actor/lib/test/auto/DiscreteClock.xml
1 ms. Memory: 670720K Free: 399807K (60%)
----------------- Invoking toplevel() on ptolemy.moml.MoMLSimpleApplication@2c9cce15
----------------- Done invoking toplevel() on ptolemy.moml.MoMLSimpleApplication@2c9cce15
reloadAllAccessors: .DiscreteClock

===========================================================================================
----------------- testing Thu Jul 11 01:55:45 UTC 2019 /home/travis/build/icyphy/ptII/ptolemy/actor/lib/test/auto/DiscreteClock10.xml
----------------- Instantiating /home/travis/build/icyphy/ptII/ptolemy/actor/lib/test/auto/DiscreteClock10.xml
2 ms. Memory: 670720K Free: 393663K (59%)
----------------- Invoking toplevel() on ptolemy.moml.MoMLSimpleApplication@65536da2
----------------- Done invoking toplevel() on ptolemy.moml.MoMLSimpleApplication@65536da2
reloadAllAccessors: .DiscreteClock10

===========================================================================================
----------------- testing Thu Jul 11 01:55:45 UTC 2019 /home/travis/build/icyphy/ptII/ptolemy/actor/lib/test/auto/DiscreteClock11.xml
----------------- Instantiating /home/travis/build/icyphy/ptII/ptolemy/actor/lib/test/auto/DiscreteClock11.xml
2 ms. Memory: 670720K Free: 387519K (58%)
----------------- Invoking toplevel() on ptolemy.moml.MoMLSimpleApplication@27d256f6
----------------- Done invoking toplevel() on ptolemy.moml.MoMLSimpleApplication@27d256f6
reloadAllAccessors: .DiscreteClock11

===========================================================================================
----------------- testing Thu Jul 11 01:55:45 UTC 2019 /home/travis/build/icyphy/ptII/ptolemy/actor/lib/test/auto/DiscreteClock12.xml
----------------- Instantiating /home/travis/build/icyphy/ptII/ptolemy/actor/lib/test/auto/DiscreteClock12.xml
3 ms. Memory: 670720K Free: 381375K (57%)
----------------- Invoking toplevel() on ptolemy.moml.MoMLSimpleApplication@241c9658
----------------- Done invoking toplevel() on ptolemy.moml.MoMLSimpleApplication@241c9658
reloadAllAccessors: .DiscreteClock12

===========================================================================================
----------------- testing Thu Jul 11 01:55:45 UTC 2019 /home/travis/build/icyphy/ptII/ptolemy/actor/lib/test/auto/DiscreteClock13.xml
----------------- Instantiating /home/travis/build/icyphy/ptII/ptolemy/actor/lib/test/auto/DiscreteClock13.xml
5 ms. Memory: 670720K Free: 375745K (56%)
----------------- Invoking toplevel() on ptolemy.moml.MoMLSimpleApplication@40b57a9d
----------------- Done invoking toplevel() on ptolemy.moml.MoMLSimpleApplication@40b57a9d
reloadAllAccessors: .DiscreteClock13

===========================================================================================
----------------- testing Thu Jul 11 01:55:45 UTC 2019 /home/travis/build/icyphy/ptII/ptolemy/actor/lib/test/auto/DiscreteClock14.xml
----------------- Instantiating /home/travis/build/icyphy/ptII/ptolemy/actor/lib/test/auto/DiscreteClock14.xml
5 ms. Memory: 670720K Free: 369601K (55%)
----------------- Invoking toplevel() on ptolemy.moml.MoMLSimpleApplication@7bc5c906
----------------- Done invoking toplevel() on ptolemy.moml.MoMLSimpleApplication@7bc5c906
reloadAllAccessors: .DiscreteClock14

===========================================================================================
----------------- testing Thu Jul 11 01:55:45 UTC 2019 /home/travis/build/icyphy/ptII/ptolemy/actor/lib/test/auto/DiscreteClock15.xml
----------------- Instantiating /home/travis/build/icyphy/ptII/ptolemy/actor/lib/test/auto/DiscreteClock15.xml
8 ms. Memory: 670720K Free: 363457K (54%)
----------------- Invoking toplevel() on ptolemy.moml.MoMLSimpleApplication@5e4ef846
----------------- Done invoking toplevel() on ptolemy.moml.MoMLSimpleApplication@5e4ef846
reloadAllAccessors: .DiscreteClock15

===========================================================================================
----------------- testing Thu Jul 11 01:55:45 UTC 2019 /home/travis/build/icyphy/ptII/ptolemy/actor/lib/test/auto/DiscreteClock16.xml
----------------- Instantiating /home/travis/build/icyphy/ptII/ptolemy/actor/lib/test/auto/DiscreteClock16.xml
17 ms. Memory: 670720K Free: 349617K (52%)
----------------- Invoking toplevel() on ptolemy.moml.MoMLSimpleApplication@3e90906a
----------------- Done invoking toplevel() on ptolemy.moml.MoMLSimpleApplication@3e90906a
reloadAllAccessors: .DiscreteClock16

===========================================================================================
----------------- testing Thu Jul 11 01:55:45 UTC 2019 /home/travis/build/icyphy/ptII/ptolemy/actor/lib/test/auto/DiscreteClock17.xml
----------------- Instantiating /home/travis/build/icyphy/ptII/ptolemy/actor/lib/test/auto/DiscreteClock17.xml
18 ms. Memory: 670720K Free: 335265K (50%)
----------------- Invoking toplevel() on ptolemy.moml.MoMLSimpleApplication@78b9156e
----------------- Done invoking toplevel() on ptolemy.moml.MoMLSimpleApplication@78b9156e
reloadAllAccessors: .DiscreteClock17

===========================================================================================
----------------- testing Thu Jul 11 01:55:45 UTC 2019 /home/travis/build/icyphy/ptII/ptolemy/actor/lib/test/auto/DiscreteClock18.xml
----------------- Instantiating /home/travis/build/icyphy/ptII/ptolemy/actor/lib/test/auto/DiscreteClock18.xml
15 ms. Memory: 670720K Free: 321473K (48%)
----------------- Invoking toplevel() on ptolemy.moml.MoMLSimpleApplication@772b0d1
----------------- Done invoking toplevel() on ptolemy.moml.MoMLSimpleApplication@772b0d1
reloadAllAccessors: .DiscreteClock18

===========================================================================================
----------------- testing Thu Jul 11 01:55:45 UTC 2019 /home/travis/build/icyphy/ptII/ptolemy/actor/lib/test/auto/DiscreteClock19.xml
----------------- Instantiating /home/travis/build/icyphy/ptII/ptolemy/actor/lib/test/auto/DiscreteClock19.xml
24 ms. Memory: 670720K Free: 307647K (46%)
----------------- Invoking toplevel() on ptolemy.moml.MoMLSimpleApplication@1d626a73
----------------- Done invoking toplevel() on ptolemy.moml.MoMLSimpleApplication@1d626a73
reloadAllAccessors: .DiscreteClock19

===========================================================================================
----------------- testing Thu Jul 11 01:55:45 UTC 2019 /home/travis/build/icyphy/ptII/ptolemy/actor/lib/test/auto/DiscreteClock2.xml
----------------- Instantiating /home/travis/build/icyphy/ptII/ptolemy/actor/lib/test/auto/DiscreteClock2.xml
6 ms. Memory: 670720K Free: 302497K (45%)
----------------- Invoking toplevel() on ptolemy.moml.MoMLSimpleApplication@3d53f963
----------------- Done invoking toplevel() on ptolemy.moml.MoMLSimpleApplication@3d53f963
reloadAllAccessors: .DiscreteClock2

===========================================================================================
----------------- testing Thu Jul 11 01:55:45 UTC 2019 /home/travis/build/icyphy/ptII/ptolemy/actor/lib/test/auto/DiscreteClock20.xml
----------------- Instantiating /home/travis/build/icyphy/ptII/ptolemy/actor/lib/test/auto/DiscreteClock20.xml
10 ms. Memory: 670720K Free: 297407K (44%)
----------------- Invoking toplevel() on ptolemy.moml.MoMLSimpleApplication@be4831
----------------- Done invoking toplevel() on ptolemy.moml.MoMLSimpleApplication@be4831
reloadAllAccessors: .DiscreteClock20

===========================================================================================
----------------- testing Thu Jul 11 01:55:45 UTC 2019 /home/travis/build/icyphy/ptII/ptolemy/actor/lib/test/auto/DiscreteClock21.xml
----------------- Instantiating /home/travis/build/icyphy/ptII/ptolemy/actor/lib/test/auto/DiscreteClock21.xml
6 ms. Memory: 670720K Free: 291777K (44%)
----------------- Invoking toplevel() on ptolemy.moml.MoMLSimpleApplication@36b7e751
----------------- Done invoking toplevel() on ptolemy.moml.MoMLSimpleApplication@36b7e751
reloadAllAccessors: .DiscreteClock21

===========================================================================================
----------------- testing Thu Jul 11 01:55:45 UTC 2019 /home/travis/build/icyphy/ptII/ptolemy/actor/lib/test/auto/DiscreteClock22.xml
----------------- Instantiating /home/travis/build/icyphy/ptII/ptolemy/actor/lib/test/auto/DiscreteClock22.xml
5 ms. Memory: 670720K Free: 286143K (43%)
----------------- Invoking toplevel() on ptolemy.moml.MoMLSimpleApplication@7710f7a4
----------------- Done invoking toplevel() on ptolemy.moml.MoMLSimpleApplication@7710f7a4
reloadAllAccessors: .DiscreteClock22

===========================================================================================
----------------- testing Thu Jul 11 01:55:46 UTC 2019 /home/travis/build/icyphy/ptII/ptolemy/actor/lib/test/auto/DiscreteClock23.xml
----------------- Instantiating /home/travis/build/icyphy/ptII/ptolemy/actor/lib/test/auto/DiscreteClock23.xml
9 ms. Memory: 670720K Free: 280513K (42%)
----------------- Invoking toplevel() on ptolemy.moml.MoMLSimpleApplication@656f8907
----------------- Done invoking toplevel() on ptolemy.moml.MoMLSimpleApplication@656f8907
reloadAllAccessors: .DiscreteClock23

===========================================================================================
----------------- testing Thu Jul 11 01:55:46 UTC 2019 /home/travis/build/icyphy/ptII/ptolemy/actor/lib/test/auto/DiscreteClock24.xml
----------------- Instantiating /home/travis/build/icyphy/ptII/ptolemy/actor/lib/test/auto/DiscreteClock24.xml
5 ms. Memory: 670720K Free: 274879K (41%)
----------------- Invoking toplevel() on ptolemy.moml.MoMLSimpleApplication@4fea957c
----------------- Done invoking toplevel() on ptolemy.moml.MoMLSimpleApplication@4fea957c
reloadAllAccessors: .DiscreteClock24

===========================================================================================
----------------- testing Thu Jul 11 01:55:46 UTC 2019 /home/travis/build/icyphy/ptII/ptolemy/actor/lib/test/auto/DiscreteClock4.xml
----------------- Instantiating /home/travis/build/icyphy/ptII/ptolemy/actor/lib/test/auto/DiscreteClock4.xml
4 ms. Memory: 670720K Free: 269759K (40%)
----------------- Invoking toplevel() on ptolemy.moml.MoMLSimpleApplication@1ef79a8c
----------------- Done invoking toplevel() on ptolemy.moml.MoMLSimpleApplication@1ef79a8c
reloadAllAccessors: .DiscreteClock4

===========================================================================================
----------------- testing Thu Jul 11 01:55:46 UTC 2019 /home/travis/build/icyphy/ptII/ptolemy/actor/lib/test/auto/DiscreteClock5.xml
----------------- Instantiating /home/travis/build/icyphy/ptII/ptolemy/actor/lib/test/auto/DiscreteClock5.xml
2 ms. Memory: 670720K Free: 264129K (39%)
----------------- Invoking toplevel() on ptolemy.moml.MoMLSimpleApplication@16a50a66
----------------- Done invoking toplevel() on ptolemy.moml.MoMLSimpleApplication@16a50a66
reloadAllAccessors: .DiscreteClock5

===========================================================================================
----------------- testing Thu Jul 11 01:55:46 UTC 2019 /home/travis/build/icyphy/ptII/ptolemy/actor/lib/test/auto/DiscreteClock6.xml
----------------- Instantiating /home/travis/build/icyphy/ptII/ptolemy/actor/lib/test/auto/DiscreteClock6.xml
1 ms. Memory: 670720K Free: 260033K (39%)
----------------- Invoking toplevel() on ptolemy.moml.MoMLSimpleApplication@ba6c536
----------------- Done invoking toplevel() on ptolemy.moml.MoMLSimpleApplication@ba6c536
reloadAllAccessors: .DiscreteClock6

===========================================================================================
----------------- testing Thu Jul 11 01:55:46 UTC 2019 /home/travis/build/icyphy/ptII/ptolemy/actor/lib/test/auto/DiscreteClock7.xml
----------------- Instantiating /home/travis/build/icyphy/ptII/ptolemy/actor/lib/test/auto/DiscreteClock7.xml
1 ms. Memory: 670720K Free: 255423K (38%)
----------------- Invoking toplevel() on ptolemy.moml.MoMLSimpleApplication@544f782f
----------------- Done invoking toplevel() on ptolemy.moml.MoMLSimpleApplication@544f782f
reloadAllAccessors: .DiscreteClock7

===========================================================================================
----------------- testing Thu Jul 11 01:55:46 UTC 2019 /home/travis/build/icyphy/ptII/ptolemy/actor/lib/test/auto/DiscreteClock8.xml
----------------- Instantiating /home/travis/build/icyphy/ptII/ptolemy/actor/lib/test/auto/DiscreteClock8.xml
9 ms. Memory: 670720K Free: 250273K (37%)
----------------- Invoking toplevel() on ptolemy.moml.MoMLSimpleApplication@20ae547a
----------------- Done invoking toplevel() on ptolemy.moml.MoMLSimpleApplication@20ae547a
reloadAllAccessors: .DiscreteClock8

===========================================================================================
----------------- testing Thu Jul 11 01:55:46 UTC 2019 /home/travis/build/icyphy/ptII/ptolemy/actor/lib/test/auto/DiscreteClock9.xml
----------------- Instantiating /home/travis/build/icyphy/ptII/ptolemy/actor/lib/test/auto/DiscreteClock9.xml
7 ms. Memory: 670720K Free: 244129K (36%)
----------------- Invoking toplevel() on ptolemy.moml.MoMLSimpleApplication@40f83c78
----------------- Done invoking toplevel() on ptolemy.moml.MoMLSimpleApplication@40f83c78
reloadAllAccessors: .DiscreteClock9

===========================================================================================
----------------- testing Thu Jul 11 01:55:46 UTC 2019 /home/travis/build/icyphy/ptII/ptolemy/actor/lib/test/auto/DisplayArray.xml
----------------- Instantiating /home/travis/build/icyphy/ptII/ptolemy/actor/lib/test/auto/DisplayArray.xml
1 ms. Memory: 670720K Free: 240577K (36%)
----------------- Invoking toplevel() on ptolemy.moml.MoMLSimpleApplication@444057d1
----------------- Done invoking toplevel() on ptolemy.moml.MoMLSimpleApplication@444057d1
reloadAllAccessors: .DisplayArray

===========================================================================================
----------------- testing Thu Jul 11 01:55:46 UTC 2019 /home/travis/build/icyphy/ptII/ptolemy/actor/lib/test/auto/Distributor.xml
----------------- Instantiating /home/travis/build/icyphy/ptII/ptolemy/actor/lib/test/auto/Distributor.xml
1 ms. Memory: 670720K Free: 235967K (35%)
----------------- Invoking toplevel() on ptolemy.moml.MoMLSimpleApplication@40539107
----------------- Done invoking toplevel() on ptolemy.moml.MoMLSimpleApplication@40539107
reloadAllAccessors: .Distributor

===========================================================================================
----------------- testing Thu Jul 11 01:55:46 UTC 2019 /home/travis/build/icyphy/ptII/ptolemy/actor/lib/test/auto/Distributor2.xml
----------------- Instantiating /home/travis/build/icyphy/ptII/ptolemy/actor/lib/test/auto/Distributor2.xml
1 ms. Memory: 670720K Free: 230847K (34%)
----------------- Invoking toplevel() on ptolemy.moml.MoMLSimpleApplication@44fcd33f
----------------- Done invoking toplevel() on ptolemy.moml.MoMLSimpleApplication@44fcd33f
reloadAllAccessors: .Distributor2

===========================================================================================
----------------- testing Thu Jul 11 01:55:46 UTC 2019 /home/travis/build/icyphy/ptII/ptolemy/actor/lib/test/auto/DownSample.xml
----------------- Instantiating /home/travis/build/icyphy/ptII/ptolemy/actor/lib/test/auto/DownSample.xml
1 ms. Memory: 670720K Free: 226751K (34%)
----------------- Invoking toplevel() on ptolemy.moml.MoMLSimpleApplication@8ee06de
----------------- Done invoking toplevel() on ptolemy.moml.MoMLSimpleApplication@8ee06de
reloadAllAccessors: .DownSample

===========================================================================================
----------------- testing Thu Jul 11 01:55:46 UTC 2019 /home/travis/build/icyphy/ptII/ptolemy/actor/lib/test/auto/ElectronicUnitBase1.xml
----------------- Instantiating /home/travis/build/icyphy/ptII/ptolemy/actor/lib/test/auto/ElectronicUnitBase1.xml
15 ms. Memory: 670720K Free: 609884K (91%)
----------------- Invoking toplevel() on ptolemy.moml.MoMLSimpleApplication@276f1a08
----------------- Done invoking toplevel() on ptolemy.moml.MoMLSimpleApplication@276f1a08
reloadAllAccessors: .ElectronicUnitBase1

===========================================================================================
----------------- testing Thu Jul 11 01:55:46 UTC 2019 /home/travis/build/icyphy/ptII/ptolemy/actor/lib/test/auto/ElementsToArray.xml
----------------- Instantiating /home/travis/build/icyphy/ptII/ptolemy/actor/lib/test/auto/ElementsToArray.xml
3 ms. Memory: 670720K Free: 604764K (90%)
----------------- Invoking toplevel() on ptolemy.moml.MoMLSimpleApplication@e9c4664
----------------- Done invoking toplevel() on ptolemy.moml.MoMLSimpleApplication@e9c4664
reloadAllAccessors: .ElementsToArray

===========================================================================================
----------------- testing Thu Jul 11 01:55:46 UTC 2019 /home/travis/build/icyphy/ptII/ptolemy/actor/lib/test/auto/Equals.xml
----------------- Instantiating /home/travis/build/icyphy/ptII/ptolemy/actor/lib/test/auto/Equals.xml
4 ms. Memory: 670720K Free: 599644K (89%)
----------------- Invoking toplevel() on ptolemy.moml.MoMLSimpleApplication@45cc0d56
----------------- Done invoking toplevel() on ptolemy.moml.MoMLSimpleApplication@45cc0d56
reloadAllAccessors: .Equals

===========================================================================================
----------------- testing Thu Jul 11 01:55:46 UTC 2019 /home/travis/build/icyphy/ptII/ptolemy/actor/lib/test/auto/Exec.xml
----------------- Instantiating /home/travis/build/icyphy/ptII/ptolemy/actor/lib/test/auto/Exec.xml
21 ms. Memory: 670720K Free: 593500K (88%)
----------------- Invoking toplevel() on ptolemy.moml.MoMLSimpleApplication@2494ccef
----------------- Done invoking toplevel() on ptolemy.moml.MoMLSimpleApplication@2494ccef
reloadAllAccessors: .Exec

===========================================================================================
----------------- testing Thu Jul 11 01:55:46 UTC 2019 /home/travis/build/icyphy/ptII/ptolemy/actor/lib/test/auto/ExecEnvironment.xml
----------------- Instantiating /home/travis/build/icyphy/ptII/ptolemy/actor/lib/test/auto/ExecEnvironment.xml
26 ms. Memory: 670720K Free: 587870K (88%)
----------------- Invoking toplevel() on ptolemy.moml.MoMLSimpleApplication@703c11d8
----------------- Done invoking toplevel() on ptolemy.moml.MoMLSimpleApplication@703c11d8
reloadAllAccessors: .ExecEnvironment

===========================================================================================
----------------- testing Thu Jul 11 01:55:46 UTC 2019 /home/travis/build/icyphy/ptII/ptolemy/actor/lib/test/auto/ExecNonZeroReturnOutput.xml
----------------- Instantiating /home/travis/build/icyphy/ptII/ptolemy/actor/lib/test/auto/ExecNonZeroReturnOutput.xml
204 ms. Memory: 670720K Free: 576606K (86%)
----------------- Invoking toplevel() on ptolemy.moml.MoMLSimpleApplication@72828aa0
----------------- Done invoking toplevel() on ptolemy.moml.MoMLSimpleApplication@72828aa0
reloadAllAccessors: .ExecNonZeroReturnOutput

===========================================================================================
----------------- testing Thu Jul 11 01:55:46 UTC 2019 /home/travis/build/icyphy/ptII/ptolemy/actor/lib/test/auto/ExecRunDemos.xml
----------------- Instantiating /home/travis/build/icyphy/ptII/ptolemy/actor/lib/test/auto/ExecRunDemos.xml
11094 ms. Memory: 670720K Free: 557150K (83%)

===========================================================================================
----------------- testing Thu Jul 11 01:55:57 UTC 2019 /home/travis/build/icyphy/ptII/ptolemy/actor/lib/test/auto/ExecStop.xml
----------------- Instantiating /home/travis/build/icyphy/ptII/ptolemy/actor/lib/test/auto/ExecStop.xml
5013 ms. Memory: 670720K Free: 445534K (66%)
----------------- Invoking toplevel() on ptolemy.moml.MoMLSimpleApplication@6684b96d
----------------- Done invoking toplevel() on ptolemy.moml.MoMLSimpleApplication@6684b96d
reloadAllAccessors: .ExecStop

===========================================================================================
----------------- testing Thu Jul 11 01:56:02 UTC 2019 /home/travis/build/icyphy/ptII/ptolemy/actor/lib/test/auto/ExecutionTimeSDF.xml
----------------- Instantiating /home/travis/build/icyphy/ptII/ptolemy/actor/lib/test/auto/ExecutionTimeSDF.xml
Fired ExecutionTime: -922167296
Fired ExecutionTime: 1060000000
Fired ExecutionTime: 1086800000
6007 ms. Memory: 670720K Free: 433246K (65%)
----------------- Invoking toplevel() on ptolemy.moml.MoMLSimpleApplication@458e83d3
----------------- Done invoking toplevel() on ptolemy.moml.MoMLSimpleApplication@458e83d3
reloadAllAccessors: .ExecutionTimeSDF

===========================================================================================
----------------- testing Thu Jul 11 01:56:08 UTC 2019 /home/travis/build/icyphy/ptII/ptolemy/actor/lib/test/auto/Expression1.xml
----------------- Instantiating /home/travis/build/icyphy/ptII/ptolemy/actor/lib/test/auto/Expression1.xml
2 ms. Memory: 670720K Free: 429660K (64%)
----------------- Invoking toplevel() on ptolemy.moml.MoMLSimpleApplication@5bddaa91
----------------- Done invoking toplevel() on ptolemy.moml.MoMLSimpleApplication@5bddaa91
reloadAllAccessors: .Expression1

===========================================================================================
----------------- testing Thu Jul 11 01:56:08 UTC 2019 /home/travis/build/icyphy/ptII/ptolemy/actor/lib/test/auto/Expression10.xml
----------------- Instantiating /home/travis/build/icyphy/ptII/ptolemy/actor/lib/test/auto/Expression10.xml
11 ms. Memory: 670720K Free: 424030K (63%)
----------------- Invoking toplevel() on ptolemy.moml.MoMLSimpleApplication@1a72c0d
----------------- Done invoking toplevel() on ptolemy.moml.MoMLSimpleApplication@1a72c0d
reloadAllAccessors: .Expression10

===========================================================================================
----------------- testing Thu Jul 11 01:56:09 UTC 2019 /home/travis/build/icyphy/ptII/ptolemy/actor/lib/test/auto/Expression11.xml
----------------- Instantiating /home/travis/build/icyphy/ptII/ptolemy/actor/lib/test/auto/Expression11.xml
3 ms. Memory: 670720K Free: 419932K (63%)
----------------- Invoking toplevel() on ptolemy.moml.MoMLSimpleApplication@3b8b6553
----------------- Done invoking toplevel() on ptolemy.moml.MoMLSimpleApplication@3b8b6553
reloadAllAccessors: .Expression11

===========================================================================================
----------------- testing Thu Jul 11 01:56:09 UTC 2019 /home/travis/build/icyphy/ptII/ptolemy/actor/lib/test/auto/Expression12.xml
----------------- Instantiating /home/travis/build/icyphy/ptII/ptolemy/actor/lib/test/auto/Expression12.xml
4 ms. Memory: 670720K Free: 414300K (62%)
----------------- Invoking toplevel() on ptolemy.moml.MoMLSimpleApplication@10b0ff14
----------------- Done invoking toplevel() on ptolemy.moml.MoMLSimpleApplication@10b0ff14
reloadAllAccessors: .Expression12

===========================================================================================
----------------- testing Thu Jul 11 01:56:09 UTC 2019 /home/travis/build/icyphy/ptII/ptolemy/actor/lib/test/auto/Expression13.xml
----------------- Instantiating /home/travis/build/icyphy/ptII/ptolemy/actor/lib/test/auto/Expression13.xml
4 ms. Memory: 670720K Free: 409180K (61%)
----------------- Invoking toplevel() on ptolemy.moml.MoMLSimpleApplication@6b9b77ee
----------------- Done invoking toplevel() on ptolemy.moml.MoMLSimpleApplication@6b9b77ee
reloadAllAccessors: .Expression13

===========================================================================================
----------------- testing Thu Jul 11 01:56:09 UTC 2019 /home/travis/build/icyphy/ptII/ptolemy/actor/lib/test/auto/Expression14.xml
----------------- Instantiating /home/travis/build/icyphy/ptII/ptolemy/actor/lib/test/auto/Expression14.xml
9 ms. Memory: 670720K Free: 403036K (60%)
----------------- Invoking toplevel() on ptolemy.moml.MoMLSimpleApplication@5c0126ff
----------------- Done invoking toplevel() on ptolemy.moml.MoMLSimpleApplication@5c0126ff
reloadAllAccessors: .Expression14

===========================================================================================
----------------- testing Thu Jul 11 01:56:09 UTC 2019 /home/travis/build/icyphy/ptII/ptolemy/actor/lib/test/auto/Expression15.xml
----------------- Instantiating /home/travis/build/icyphy/ptII/ptolemy/actor/lib/test/auto/Expression15.xml
1 ms. Memory: 670720K Free: 399454K (60%)
----------------- Invoking toplevel() on ptolemy.moml.MoMLSimpleApplication@7f4d30da
----------------- Done invoking toplevel() on ptolemy.moml.MoMLSimpleApplication@7f4d30da
reloadAllAccessors: .Expression15

===========================================================================================
----------------- testing Thu Jul 11 01:56:09 UTC 2019 /home/travis/build/icyphy/ptII/ptolemy/actor/lib/test/auto/Expression16.xml
----------------- Instantiating /home/travis/build/icyphy/ptII/ptolemy/actor/lib/test/auto/Expression16.xml
3 ms. Memory: 670720K Free: 394334K (59%)
----------------- Invoking toplevel() on ptolemy.moml.MoMLSimpleApplication@6d3f9c49
----------------- Done invoking toplevel() on ptolemy.moml.MoMLSimpleApplication@6d3f9c49
reloadAllAccessors: .Expression16

===========================================================================================
----------------- testing Thu Jul 11 01:56:09 UTC 2019 /home/travis/build/icyphy/ptII/ptolemy/actor/lib/test/auto/Expression17.xml
----------------- Instantiating /home/travis/build/icyphy/ptII/ptolemy/actor/lib/test/auto/Expression17.xml
3 ms. Memory: 670720K Free: 389214K (58%)
----------------- Invoking toplevel() on ptolemy.moml.MoMLSimpleApplication@4264e914
----------------- Done invoking toplevel() on ptolemy.moml.MoMLSimpleApplication@4264e914
reloadAllAccessors: .Expression17

===========================================================================================
----------------- testing Thu Jul 11 01:56:09 UTC 2019 /home/travis/build/icyphy/ptII/ptolemy/actor/lib/test/auto/Expression18.xml
----------------- Instantiating /home/travis/build/icyphy/ptII/ptolemy/actor/lib/test/auto/Expression18.xml
4 ms. Memory: 670720K Free: 383580K (57%)
----------------- Invoking toplevel() on ptolemy.moml.MoMLSimpleApplication@c772978
----------------- Done invoking toplevel() on ptolemy.moml.MoMLSimpleApplication@c772978
reloadAllAccessors: .Expression18

===========================================================================================
----------------- testing Thu Jul 11 01:56:09 UTC 2019 /home/travis/build/icyphy/ptII/ptolemy/actor/lib/test/auto/Expression2.xml
----------------- Instantiating /home/travis/build/icyphy/ptII/ptolemy/actor/lib/test/auto/Expression2.xml
3 ms. Memory: 670720K Free: 378460K (56%)
----------------- Invoking toplevel() on ptolemy.moml.MoMLSimpleApplication@3fffa58a
----------------- Done invoking toplevel() on ptolemy.moml.MoMLSimpleApplication@3fffa58a
reloadAllAccessors: .Expression2

===========================================================================================
----------------- testing Thu Jul 11 01:56:09 UTC 2019 /home/travis/build/icyphy/ptII/ptolemy/actor/lib/test/auto/Expression3.xml
----------------- Instantiating /home/travis/build/icyphy/ptII/ptolemy/actor/lib/test/auto/Expression3.xml
7 ms. Memory: 670720K Free: 373854K (56%)
----------------- Invoking toplevel() on ptolemy.moml.MoMLSimpleApplication@2c7ac227
----------------- Done invoking toplevel() on ptolemy.moml.MoMLSimpleApplication@2c7ac227
reloadAllAccessors: .Expression3

===========================================================================================
----------------- testing Thu Jul 11 01:56:09 UTC 2019 /home/travis/build/icyphy/ptII/ptolemy/actor/lib/test/auto/Expression4.xml
----------------- Instantiating /home/travis/build/icyphy/ptII/ptolemy/actor/lib/test/auto/Expression4.xml
7 ms. Memory: 670720K Free: 366172K (55%)
----------------- Invoking toplevel() on ptolemy.moml.MoMLSimpleApplication@7298dbaa
----------------- Done invoking toplevel() on ptolemy.moml.MoMLSimpleApplication@7298dbaa
reloadAllAccessors: .Expression4

===========================================================================================
----------------- testing Thu Jul 11 01:56:09 UTC 2019 /home/travis/build/icyphy/ptII/ptolemy/actor/lib/test/auto/Expression5.xml
----------------- Instantiating /home/travis/build/icyphy/ptII/ptolemy/actor/lib/test/auto/Expression5.xml
4 ms. Memory: 670720K Free: 361052K (54%)
----------------- Invoking toplevel() on ptolemy.moml.MoMLSimpleApplication@4223bcd4
----------------- Done invoking toplevel() on ptolemy.moml.MoMLSimpleApplication@4223bcd4
reloadAllAccessors: .Expression5

===========================================================================================
----------------- testing Thu Jul 11 01:56:09 UTC 2019 /home/travis/build/icyphy/ptII/ptolemy/actor/lib/test/auto/Expression6.xml
----------------- Instantiating /home/travis/build/icyphy/ptII/ptolemy/actor/lib/test/auto/Expression6.xml
2 ms. Memory: 670720K Free: 356446K (53%)
----------------- Invoking toplevel() on ptolemy.moml.MoMLSimpleApplication@7dc0df52
----------------- Done invoking toplevel() on ptolemy.moml.MoMLSimpleApplication@7dc0df52
reloadAllAccessors: .Expression6

===========================================================================================
----------------- testing Thu Jul 11 01:56:09 UTC 2019 /home/travis/build/icyphy/ptII/ptolemy/actor/lib/test/auto/Expression7.xml
----------------- Instantiating /home/travis/build/icyphy/ptII/ptolemy/actor/lib/test/auto/Expression7.xml
3 ms. Memory: 670720K Free: 351326K (52%)
----------------- Invoking toplevel() on ptolemy.moml.MoMLSimpleApplication@411a951b
----------------- Done invoking toplevel() on ptolemy.moml.MoMLSimpleApplication@411a951b
reloadAllAccessors: .Expression7

===========================================================================================
----------------- testing Thu Jul 11 01:56:09 UTC 2019 /home/travis/build/icyphy/ptII/ptolemy/actor/lib/test/auto/Expression8.xml
----------------- Instantiating /home/travis/build/icyphy/ptII/ptolemy/actor/lib/test/auto/Expression8.xml
11 ms. Memory: 670720K Free: 346716K (52%)
----------------- Invoking toplevel() on ptolemy.moml.MoMLSimpleApplication@1d19598e
----------------- Done invoking toplevel() on ptolemy.moml.MoMLSimpleApplication@1d19598e
reloadAllAccessors: .Expression8

===========================================================================================
----------------- testing Thu Jul 11 01:56:09 UTC 2019 /home/travis/build/icyphy/ptII/ptolemy/actor/lib/test/auto/Expression9.xml
----------------- Instantiating /home/travis/build/icyphy/ptII/ptolemy/actor/lib/test/auto/Expression9.xml
1 ms. Memory: 670720K Free: 342620K (51%)
----------------- Invoking toplevel() on ptolemy.moml.MoMLSimpleApplication@1dc5d5b7
----------------- Done invoking toplevel() on ptolemy.moml.MoMLSimpleApplication@1dc5d5b7
reloadAllAccessors: .Expression9

===========================================================================================
----------------- testing Thu Jul 11 01:56:09 UTC 2019 /home/travis/build/icyphy/ptII/ptolemy/actor/lib/test/auto/ExpressionConcatenateArrayType.xml
----------------- Instantiating /home/travis/build/icyphy/ptII/ptolemy/actor/lib/test/auto/ExpressionConcatenateArrayType.xml
3 ms. Memory: 670720K Free: 335966K (50%)
----------------- Invoking toplevel() on ptolemy.moml.MoMLSimpleApplication@351b1077
----------------- Done invoking toplevel() on ptolemy.moml.MoMLSimpleApplication@351b1077
reloadAllAccessors: .ExpressionConcatenateArrayType

===========================================================================================
----------------- testing Thu Jul 11 01:56:09 UTC 2019 /home/travis/build/icyphy/ptII/ptolemy/actor/lib/test/auto/ExpressionConcatenateArrayType2.xml
----------------- Instantiating /home/travis/build/icyphy/ptII/ptolemy/actor/lib/test/auto/ExpressionConcatenateArrayType2.xml
2 ms. Memory: 670720K Free: 330332K (49%)
----------------- Invoking toplevel() on ptolemy.moml.MoMLSimpleApplication@121badb3
----------------- Done invoking toplevel() on ptolemy.moml.MoMLSimpleApplication@121badb3
reloadAllAccessors: .ExpressionConcatenateArrayType2

===========================================================================================
----------------- testing Thu Jul 11 01:56:09 UTC 2019 /home/travis/build/icyphy/ptII/ptolemy/actor/lib/test/auto/ExpressionFix.xml
----------------- Instantiating /home/travis/build/icyphy/ptII/ptolemy/actor/lib/test/auto/ExpressionFix.xml
18 ms. Memory: 670720K Free: 323678K (48%)
----------------- Invoking toplevel() on ptolemy.moml.MoMLSimpleApplication@1d00ff21
----------------- Done invoking toplevel() on ptolemy.moml.MoMLSimpleApplication@1d00ff21
reloadAllAccessors: .ExpressionFix

===========================================================================================
----------------- testing Thu Jul 11 01:56:09 UTC 2019 /home/travis/build/icyphy/ptII/ptolemy/actor/lib/test/auto/ExpressionFix2.xml
----------------- Instantiating /home/travis/build/icyphy/ptII/ptolemy/actor/lib/test/auto/ExpressionFix2.xml
4 ms. Memory: 670720K Free: 320092K (48%)
----------------- Invoking toplevel() on ptolemy.moml.MoMLSimpleApplication@76e064e
----------------- Done invoking toplevel() on ptolemy.moml.MoMLSimpleApplication@76e064e
reloadAllAccessors: .ExpressionFix2

===========================================================================================
----------------- testing Thu Jul 11 01:56:09 UTC 2019 /home/travis/build/icyphy/ptII/ptolemy/actor/lib/test/auto/ExpressionFix3.xml
----------------- Instantiating /home/travis/build/icyphy/ptII/ptolemy/actor/lib/test/auto/ExpressionFix3.xml
4 ms. Memory: 670720K Free: 315486K (47%)
----------------- Invoking toplevel() on ptolemy.moml.MoMLSimpleApplication@64f5a67f
----------------- Done invoking toplevel() on ptolemy.moml.MoMLSimpleApplication@64f5a67f
reloadAllAccessors: .ExpressionFix3

===========================================================================================
----------------- testing Thu Jul 11 01:56:09 UTC 2019 /home/travis/build/icyphy/ptII/ptolemy/actor/lib/test/auto/FileWriter1.xml
----------------- Instantiating /home/travis/build/icyphy/ptII/ptolemy/actor/lib/test/auto/FileWriter1.xml
3 ms. Memory: 670720K Free: 311390K (46%)
----------------- Invoking toplevel() on ptolemy.moml.MoMLSimpleApplication@1ac0380d
----------------- Done invoking toplevel() on ptolemy.moml.MoMLSimpleApplication@1ac0380d
reloadAllAccessors: .FileWriter1

===========================================================================================
----------------- testing Thu Jul 11 01:56:09 UTC 2019 /home/travis/build/icyphy/ptII/ptolemy/actor/lib/test/auto/FileWriter2.xml
----------------- Instantiating /home/travis/build/icyphy/ptII/ptolemy/actor/lib/test/auto/FileWriter2.xml
3 ms. Memory: 670720K Free: 307294K (46%)
----------------- Invoking toplevel() on ptolemy.moml.MoMLSimpleApplication@42ed7d76
----------------- Done invoking toplevel() on ptolemy.moml.MoMLSimpleApplication@42ed7d76
reloadAllAccessors: .FileWriter2

===========================================================================================
----------------- testing Thu Jul 11 01:56:09 UTC 2019 /home/travis/build/icyphy/ptII/ptolemy/actor/lib/test/auto/FileWriter3.xml
----------------- Instantiating /home/travis/build/icyphy/ptII/ptolemy/actor/lib/test/auto/FileWriter3.xml
3 ms. Memory: 670720K Free: 303198K (45%)
----------------- Invoking toplevel() on ptolemy.moml.MoMLSimpleApplication@5733761f
----------------- Done invoking toplevel() on ptolemy.moml.MoMLSimpleApplication@5733761f
reloadAllAccessors: .FileWriter3

===========================================================================================
----------------- testing Thu Jul 11 01:56:09 UTC 2019 /home/travis/build/icyphy/ptII/ptolemy/actor/lib/test/auto/Gaussian.xml
----------------- Instantiating /home/travis/build/icyphy/ptII/ptolemy/actor/lib/test/auto/Gaussian.xml
1 ms. Memory: 670720K Free: 298588K (45%)
----------------- Invoking toplevel() on ptolemy.moml.MoMLSimpleApplication@384d5c1c
----------------- Done invoking toplevel() on ptolemy.moml.MoMLSimpleApplication@384d5c1c
reloadAllAccessors: .Gaussian

===========================================================================================
----------------- testing Thu Jul 11 01:56:09 UTC 2019 /home/travis/build/icyphy/ptII/ptolemy/actor/lib/test/auto/Gaussian1.xml
----------------- Instantiating /home/travis/build/icyphy/ptII/ptolemy/actor/lib/test/auto/Gaussian1.xml
1 ms. Memory: 670720K Free: 293438K (44%)
----------------- Invoking toplevel() on ptolemy.moml.MoMLSimpleApplication@3de7a0ee
----------------- Done invoking toplevel() on ptolemy.moml.MoMLSimpleApplication@3de7a0ee
reloadAllAccessors: .Gaussian1

===========================================================================================
----------------- testing Thu Jul 11 01:56:09 UTC 2019 /home/travis/build/icyphy/ptII/ptolemy/actor/lib/test/auto/Gaussian2.xml
----------------- Instantiating /home/travis/build/icyphy/ptII/ptolemy/actor/lib/test/auto/Gaussian2.xml
2 ms. Memory: 670720K Free: 287838K (43%)
----------------- Invoking toplevel() on ptolemy.moml.MoMLSimpleApplication@147db7d5
----------------- Done invoking toplevel() on ptolemy.moml.MoMLSimpleApplication@147db7d5
reloadAllAccessors: .Gaussian2

===========================================================================================
----------------- testing Thu Jul 11 01:56:09 UTC 2019 /home/travis/build/icyphy/ptII/ptolemy/actor/lib/test/auto/GradientAdaptiveLattice.xml
----------------- Instantiating /home/travis/build/icyphy/ptII/ptolemy/actor/lib/test/auto/GradientAdaptiveLattice.xml
12 ms. Memory: 670720K Free: 282718K (42%)
----------------- Invoking toplevel() on ptolemy.moml.MoMLSimpleApplication@5dce4a3c
----------------- Done invoking toplevel() on ptolemy.moml.MoMLSimpleApplication@5dce4a3c
reloadAllAccessors: .GradientAdaptiveLattice

===========================================================================================
----------------- testing Thu Jul 11 01:56:09 UTC 2019 /home/travis/build/icyphy/ptII/ptolemy/actor/lib/test/auto/IIR.xml
----------------- Instantiating /home/travis/build/icyphy/ptII/ptolemy/actor/lib/test/auto/IIR.xml
2 ms. Memory: 670720K Free: 278108K (41%)
----------------- Invoking toplevel() on ptolemy.moml.MoMLSimpleApplication@3a538cbd
----------------- Done invoking toplevel() on ptolemy.moml.MoMLSimpleApplication@3a538cbd
reloadAllAccessors: .IIR

===========================================================================================
----------------- testing Thu Jul 11 01:56:09 UTC 2019 /home/travis/build/icyphy/ptII/ptolemy/actor/lib/test/auto/InputOutputTransparentPorts.xml
----------------- Instantiating /home/travis/build/icyphy/ptII/ptolemy/actor/lib/test/auto/InputOutputTransparentPorts.xml
2 ms. Memory: 670720K Free: 270940K (40%)
----------------- Invoking toplevel() on ptolemy.moml.MoMLSimpleApplication@698d1726
----------------- Done invoking toplevel() on ptolemy.moml.MoMLSimpleApplication@698d1726
reloadAllAccessors: .InputOutputTransparentPorts

===========================================================================================
----------------- testing Thu Jul 11 01:56:09 UTC 2019 /home/travis/build/icyphy/ptII/ptolemy/actor/lib/test/auto/Interpolator.xml
----------------- Instantiating /home/travis/build/icyphy/ptII/ptolemy/actor/lib/test/auto/Interpolator.xml
3 ms. Memory: 670720K Free: 266844K (40%)
----------------- Invoking toplevel() on ptolemy.moml.MoMLSimpleApplication@11fcdade
----------------- Done invoking toplevel() on ptolemy.moml.MoMLSimpleApplication@11fcdade
reloadAllAccessors: .Interpolator

===========================================================================================
----------------- testing Thu Jul 11 01:56:09 UTC 2019 /home/travis/build/icyphy/ptII/ptolemy/actor/lib/test/auto/InterpolatorFiringLimitDE.xml
----------------- Instantiating /home/travis/build/icyphy/ptII/ptolemy/actor/lib/test/auto/InterpolatorFiringLimitDE.xml
2 ms. Memory: 670720K Free: 261214K (39%)
----------------- Invoking toplevel() on ptolemy.moml.MoMLSimpleApplication@50c7c294
----------------- Done invoking toplevel() on ptolemy.moml.MoMLSimpleApplication@50c7c294
reloadAllAccessors: .InterpolatorFiringLimitDE

===========================================================================================
----------------- testing Thu Jul 11 01:56:09 UTC 2019 /home/travis/build/icyphy/ptII/ptolemy/actor/lib/test/auto/Lattice.xml
----------------- Instantiating /home/travis/build/icyphy/ptII/ptolemy/actor/lib/test/auto/Lattice.xml
2 ms. Memory: 670720K Free: 257118K (38%)
----------------- Invoking toplevel() on ptolemy.moml.MoMLSimpleApplication@165a8d23
----------------- Done invoking toplevel() on ptolemy.moml.MoMLSimpleApplication@165a8d23
reloadAllAccessors: .Lattice

===========================================================================================
----------------- testing Thu Jul 11 01:56:09 UTC 2019 /home/travis/build/icyphy/ptII/ptolemy/actor/lib/test/auto/LazyAOCTestLazy.xml
----------------- Instantiating /home/travis/build/icyphy/ptII/ptolemy/actor/lib/test/auto/LazyAOCTestLazy.xml
7 ms. Memory: 670720K Free: 250974K (37%)
----------------- Invoking toplevel() on ptolemy.moml.MoMLSimpleApplication@3b9eab13
----------------- Done invoking toplevel() on ptolemy.moml.MoMLSimpleApplication@3b9eab13
reloadAllAccessors: .LazyAOCTestLazy

===========================================================================================
----------------- testing Thu Jul 11 01:56:09 UTC 2019 /home/travis/build/icyphy/ptII/ptolemy/actor/lib/test/auto/LazyAOCTestNonLazy.xml
----------------- Instantiating /home/travis/build/icyphy/ptII/ptolemy/actor/lib/test/auto/LazyAOCTestNonLazy.xml
2 ms. Memory: 670720K Free: 244316K (36%)
----------------- Invoking toplevel() on ptolemy.moml.MoMLSimpleApplication@29765ec1
----------------- Done invoking toplevel() on ptolemy.moml.MoMLSimpleApplication@29765ec1
reloadAllAccessors: .LazyAOCTestNonLazy

===========================================================================================
----------------- testing Thu Jul 11 01:56:09 UTC 2019 /home/travis/build/icyphy/ptII/ptolemy/actor/lib/test/auto/LazyInnerClass.xml
----------------- Instantiating /home/travis/build/icyphy/ptII/ptolemy/actor/lib/test/auto/LazyInnerClass.xml
22 ms. Memory: 670720K Free: 235614K (35%)
----------------- Invoking toplevel() on ptolemy.moml.MoMLSimpleApplication@73ddcc1c
----------------- Done invoking toplevel() on ptolemy.moml.MoMLSimpleApplication@73ddcc1c
reloadAllAccessors: .LazyInnerClass

===========================================================================================
----------------- testing Thu Jul 11 01:56:09 UTC 2019 /home/travis/build/icyphy/ptII/ptolemy/actor/lib/test/auto/LazyPubSub.xml
----------------- Instantiating /home/travis/build/icyphy/ptII/ptolemy/actor/lib/test/auto/LazyPubSub.xml
25 ms. Memory: 670720K Free: 225374K (34%)
----------------- Invoking toplevel() on ptolemy.moml.MoMLSimpleApplication@e72c5df
----------------- Done invoking toplevel() on ptolemy.moml.MoMLSimpleApplication@e72c5df
reloadAllAccessors: .LazyPubSub

===========================================================================================
----------------- testing Thu Jul 11 01:56:09 UTC 2019 /home/travis/build/icyphy/ptII/ptolemy/actor/lib/test/auto/LazyPubSub2.xml
----------------- Instantiating /home/travis/build/icyphy/ptII/ptolemy/actor/lib/test/auto/LazyPubSub2.xml
19 ms. Memory: 670720K Free: 613215K (91%)
----------------- Invoking toplevel() on ptolemy.moml.MoMLSimpleApplication@ec95258
----------------- Done invoking toplevel() on ptolemy.moml.MoMLSimpleApplication@ec95258
reloadAllAccessors: .LazyPubSub2

===========================================================================================
----------------- testing Thu Jul 11 01:56:09 UTC 2019 /home/travis/build/icyphy/ptII/ptolemy/actor/lib/test/auto/LazyPubSub3.xml
----------------- Instantiating /home/travis/build/icyphy/ptII/ptolemy/actor/lib/test/auto/LazyPubSub3.xml
15 ms. Memory: 670720K Free: 602975K (90%)
----------------- Invoking toplevel() on ptolemy.moml.MoMLSimpleApplication@3dbd96b3
----------------- Done invoking toplevel() on ptolemy.moml.MoMLSimpleApplication@3dbd96b3
reloadAllAccessors: .LazyPubSub3

===========================================================================================
----------------- testing Thu Jul 11 01:56:10 UTC 2019 /home/travis/build/icyphy/ptII/ptolemy/actor/lib/test/auto/LazySubClassModel.xml
----------------- Instantiating /home/travis/build/icyphy/ptII/ptolemy/actor/lib/test/auto/LazySubClassModel.xml
3 ms. Memory: 670720K Free: 593759K (89%)
----------------- Invoking toplevel() on ptolemy.moml.MoMLSimpleApplication@7c0995ec
----------------- Done invoking toplevel() on ptolemy.moml.MoMLSimpleApplication@7c0995ec
reloadAllAccessors: .LazySubClassModel

===========================================================================================
----------------- testing Thu Jul 11 01:56:10 UTC 2019 /home/travis/build/icyphy/ptII/ptolemy/actor/lib/test/auto/LevelCrossTest1.xml
----------------- Instantiating /home/travis/build/icyphy/ptII/ptolemy/actor/lib/test/auto/LevelCrossTest1.xml
1 ms. Memory: 670720K Free: 588129K (88%)
----------------- Invoking toplevel() on ptolemy.moml.MoMLSimpleApplication@209b860b
----------------- Done invoking toplevel() on ptolemy.moml.MoMLSimpleApplication@209b860b
reloadAllAccessors: .broken

===========================================================================================
----------------- testing Thu Jul 11 01:56:10 UTC 2019 /home/travis/build/icyphy/ptII/ptolemy/actor/lib/test/auto/LevelCrossTest10.xml
----------------- Instantiating /home/travis/build/icyphy/ptII/ptolemy/actor/lib/test/auto/LevelCrossTest10.xml
1 ms. Memory: 670720K Free: 580961K (87%)
----------------- Invoking toplevel() on ptolemy.moml.MoMLSimpleApplication@1b318799
----------------- Done invoking toplevel() on ptolemy.moml.MoMLSimpleApplication@1b318799
reloadAllAccessors: .LevelCrossTest10

===========================================================================================
----------------- testing Thu Jul 11 01:56:10 UTC 2019 /home/travis/build/icyphy/ptII/ptolemy/actor/lib/test/auto/LevelCrossTest11.xml
----------------- Instantiating /home/travis/build/icyphy/ptII/ptolemy/actor/lib/test/auto/LevelCrossTest11.xml
1 ms. Memory: 670720K Free: 574303K (86%)
----------------- Invoking toplevel() on ptolemy.moml.MoMLSimpleApplication@34bd99a6
----------------- Done invoking toplevel() on ptolemy.moml.MoMLSimpleApplication@34bd99a6
reloadAllAccessors: .LevelCrossTest11

===========================================================================================
----------------- testing Thu Jul 11 01:56:10 UTC 2019 /home/travis/build/icyphy/ptII/ptolemy/actor/lib/test/auto/LevelCrossTest12.xml
----------------- Instantiating /home/travis/build/icyphy/ptII/ptolemy/actor/lib/test/auto/LevelCrossTest12.xml
2 ms. Memory: 670720K Free: 567135K (85%)
----------------- Invoking toplevel() on ptolemy.moml.MoMLSimpleApplication@404346bf
----------------- Done invoking toplevel() on ptolemy.moml.MoMLSimpleApplication@404346bf
reloadAllAccessors: .LevelCrossTest12

===========================================================================================
----------------- testing Thu Jul 11 01:56:10 UTC 2019 /home/travis/build/icyphy/ptII/ptolemy/actor/lib/test/auto/LevelCrossTest13.xml
----------------- Instantiating /home/travis/build/icyphy/ptII/ptolemy/actor/lib/test/auto/LevelCrossTest13.xml
3 ms. Memory: 670720K Free: 559457K (83%)
----------------- Invoking toplevel() on ptolemy.moml.MoMLSimpleApplication@79151896
----------------- Done invoking toplevel() on ptolemy.moml.MoMLSimpleApplication@79151896
reloadAllAccessors: .LevelCrossTest13

===========================================================================================
----------------- testing Thu Jul 11 01:56:10 UTC 2019 /home/travis/build/icyphy/ptII/ptolemy/actor/lib/test/auto/LevelCrossTest2.xml
----------------- Instantiating /home/travis/build/icyphy/ptII/ptolemy/actor/lib/test/auto/LevelCrossTest2.xml
1 ms. Memory: 670720K Free: 553823K (83%)
----------------- Invoking toplevel() on ptolemy.moml.MoMLSimpleApplication@5fb86338
----------------- Done invoking toplevel() on ptolemy.moml.MoMLSimpleApplication@5fb86338
reloadAllAccessors: .broken

===========================================================================================
----------------- testing Thu Jul 11 01:56:10 UTC 2019 /home/travis/build/icyphy/ptII/ptolemy/actor/lib/test/auto/LevelCrossTest3.xml
----------------- Instantiating /home/travis/build/icyphy/ptII/ptolemy/actor/lib/test/auto/LevelCrossTest3.xml
2 ms. Memory: 670720K Free: 548193K (82%)
----------------- Invoking toplevel() on ptolemy.moml.MoMLSimpleApplication@67527a33
----------------- Done invoking toplevel() on ptolemy.moml.MoMLSimpleApplication@67527a33
reloadAllAccessors: .LevelCrossTest3

===========================================================================================
----------------- testing Thu Jul 11 01:56:10 UTC 2019 /home/travis/build/icyphy/ptII/ptolemy/actor/lib/test/auto/LevelCrossTest4.xml
----------------- Instantiating /home/travis/build/icyphy/ptII/ptolemy/actor/lib/test/auto/LevelCrossTest4.xml
1 ms. Memory: 670720K Free: 543073K (81%)
----------------- Invoking toplevel() on ptolemy.moml.MoMLSimpleApplication@735e3551
----------------- Done invoking toplevel() on ptolemy.moml.MoMLSimpleApplication@735e3551
reloadAllAccessors: .broken

===========================================================================================
----------------- testing Thu Jul 11 01:56:10 UTC 2019 /home/travis/build/icyphy/ptII/ptolemy/actor/lib/test/auto/LevelCrossTest5.xml
----------------- Instantiating /home/travis/build/icyphy/ptII/ptolemy/actor/lib/test/auto/LevelCrossTest5.xml
9 ms. Memory: 670720K Free: 536415K (80%)
----------------- Invoking toplevel() on ptolemy.moml.MoMLSimpleApplication@6ba9f658
----------------- Done invoking toplevel() on ptolemy.moml.MoMLSimpleApplication@6ba9f658
reloadAllAccessors: .LevelCrossTest5

===========================================================================================
----------------- testing Thu Jul 11 01:56:10 UTC 2019 /home/travis/build/icyphy/ptII/ptolemy/actor/lib/test/auto/LevelCrossTest6.xml
----------------- Instantiating /home/travis/build/icyphy/ptII/ptolemy/actor/lib/test/auto/LevelCrossTest6.xml
2 ms. Memory: 670720K Free: 529761K (79%)
----------------- Invoking toplevel() on ptolemy.moml.MoMLSimpleApplication@321adf52
----------------- Done invoking toplevel() on ptolemy.moml.MoMLSimpleApplication@321adf52
reloadAllAccessors: .LevelCrossTest6

===========================================================================================
----------------- testing Thu Jul 11 01:56:10 UTC 2019 /home/travis/build/icyphy/ptII/ptolemy/actor/lib/test/auto/LevelCrossTest7.xml
----------------- Instantiating /home/travis/build/icyphy/ptII/ptolemy/actor/lib/test/auto/LevelCrossTest7.xml
2 ms. Memory: 670720K Free: 522593K (78%)
----------------- Invoking toplevel() on ptolemy.moml.MoMLSimpleApplication@6134dea6
----------------- Done invoking toplevel() on ptolemy.moml.MoMLSimpleApplication@6134dea6
reloadAllAccessors: .LevelCrossTest7

===========================================================================================
----------------- testing Thu Jul 11 01:56:10 UTC 2019 /home/travis/build/icyphy/ptII/ptolemy/actor/lib/test/auto/LevelCrossTest8.xml
----------------- Instantiating /home/travis/build/icyphy/ptII/ptolemy/actor/lib/test/auto/LevelCrossTest8.xml
1 ms. Memory: 670720K Free: 515425K (77%)
----------------- Invoking toplevel() on ptolemy.moml.MoMLSimpleApplication@1902281d
----------------- Done invoking toplevel() on ptolemy.moml.MoMLSimpleApplication@1902281d
reloadAllAccessors: .LevelCrossTest8

===========================================================================================
----------------- testing Thu Jul 11 01:56:10 UTC 2019 /home/travis/build/icyphy/ptII/ptolemy/actor/lib/test/auto/LevelCrossTest9.xml
----------------- Instantiating /home/travis/build/icyphy/ptII/ptolemy/actor/lib/test/auto/LevelCrossTest9.xml
6 ms. Memory: 670720K Free: 508767K (76%)
----------------- Invoking toplevel() on ptolemy.moml.MoMLSimpleApplication@12c54cf3
----------------- Done invoking toplevel() on ptolemy.moml.MoMLSimpleApplication@12c54cf3
reloadAllAccessors: .LevelCrossTest9

===========================================================================================
----------------- testing Thu Jul 11 01:56:10 UTC 2019 /home/travis/build/icyphy/ptII/ptolemy/actor/lib/test/auto/LevinsonDurbin.xml
----------------- Instantiating /home/travis/build/icyphy/ptII/ptolemy/actor/lib/test/auto/LevinsonDurbin.xml
10 ms. Memory: 670720K Free: 504671K (75%)
----------------- Invoking toplevel() on ptolemy.moml.MoMLSimpleApplication@2c0b9040
----------------- Done invoking toplevel() on ptolemy.moml.MoMLSimpleApplication@2c0b9040
reloadAllAccessors: .LevinsonDurbin

===========================================================================================
----------------- testing Thu Jul 11 01:56:10 UTC 2019 /home/travis/build/icyphy/ptII/ptolemy/actor/lib/test/auto/LevinsonDurbin2.xml
----------------- Instantiating /home/travis/build/icyphy/ptII/ptolemy/actor/lib/test/auto/LevinsonDurbin2.xml
2 ms. Memory: 670720K Free: 500575K (75%)
----------------- Invoking toplevel() on ptolemy.moml.MoMLSimpleApplication@60bb88fc
----------------- Done invoking toplevel() on ptolemy.moml.MoMLSimpleApplication@60bb88fc
reloadAllAccessors: .LevinsonDurbin2

===========================================================================================
----------------- testing Thu Jul 11 01:56:10 UTC 2019 /home/travis/build/icyphy/ptII/ptolemy/actor/lib/test/auto/LevinsonDurbin3.xml
----------------- Instantiating /home/travis/build/icyphy/ptII/ptolemy/actor/lib/test/auto/LevinsonDurbin3.xml
2 ms. Memory: 670720K Free: 496993K (74%)
----------------- Invoking toplevel() on ptolemy.moml.MoMLSimpleApplication@a03092e
----------------- Done invoking toplevel() on ptolemy.moml.MoMLSimpleApplication@a03092e
reloadAllAccessors: .LevinsonDurbin3

===========================================================================================
----------------- testing Thu Jul 11 01:56:10 UTC 2019 /home/travis/build/icyphy/ptII/ptolemy/actor/lib/test/auto/Limiter.xml
----------------- Instantiating /home/travis/build/icyphy/ptII/ptolemy/actor/lib/test/auto/Limiter.xml
6 ms. Memory: 670720K Free: 487777K (73%)
----------------- Invoking toplevel() on ptolemy.moml.MoMLSimpleApplication@6add1474
----------------- Done invoking toplevel() on ptolemy.moml.MoMLSimpleApplication@6add1474
reloadAllAccessors: .Limiter

===========================================================================================
----------------- testing Thu Jul 11 01:56:10 UTC 2019 /home/travis/build/icyphy/ptII/ptolemy/actor/lib/test/auto/LinearDifferenceEquationSystem.xml
----------------- Instantiating /home/travis/build/icyphy/ptII/ptolemy/actor/lib/test/auto/LinearDifferenceEquationSystem.xml
4 ms. Memory: 670720K Free: 480609K (72%)
----------------- Invoking toplevel() on ptolemy.moml.MoMLSimpleApplication@b92d982
----------------- Done invoking toplevel() on ptolemy.moml.MoMLSimpleApplication@b92d982
reloadAllAccessors: .LinearDifferenceEquationSystem

===========================================================================================
----------------- testing Thu Jul 11 01:56:10 UTC 2019 /home/travis/build/icyphy/ptII/ptolemy/actor/lib/test/auto/LookupTable.xml
----------------- Instantiating /home/travis/build/icyphy/ptII/ptolemy/actor/lib/test/auto/LookupTable.xml
2 ms. Memory: 670720K Free: 475999K (71%)
----------------- Invoking toplevel() on ptolemy.moml.MoMLSimpleApplication@5904e0d5
----------------- Done invoking toplevel() on ptolemy.moml.MoMLSimpleApplication@5904e0d5
reloadAllAccessors: .LookupTable

===========================================================================================
----------------- testing Thu Jul 11 01:56:10 UTC 2019 /home/travis/build/icyphy/ptII/ptolemy/actor/lib/test/auto/MathFunction.xml
----------------- Instantiating /home/travis/build/icyphy/ptII/ptolemy/actor/lib/test/auto/MathFunction.xml
2 ms. Memory: 670720K Free: 467807K (70%)
----------------- Invoking toplevel() on ptolemy.moml.MoMLSimpleApplication@385a771a
----------------- Done invoking toplevel() on ptolemy.moml.MoMLSimpleApplication@385a771a
reloadAllAccessors: .MathFunction

===========================================================================================
----------------- testing Thu Jul 11 01:56:10 UTC 2019 /home/travis/build/icyphy/ptII/ptolemy/actor/lib/test/auto/MathFunction2.xml
----------------- Instantiating /home/travis/build/icyphy/ptII/ptolemy/actor/lib/test/auto/MathFunction2.xml
1 ms. Memory: 670720K Free: 463711K (69%)
----------------- Invoking toplevel() on ptolemy.moml.MoMLSimpleApplication@1ecbe1aa
----------------- Done invoking toplevel() on ptolemy.moml.MoMLSimpleApplication@1ecbe1aa
reloadAllAccessors: .MathFunction2

===========================================================================================
----------------- testing Thu Jul 11 01:56:10 UTC 2019 /home/travis/build/icyphy/ptII/ptolemy/actor/lib/test/auto/MathFunction3.xml
----------------- Instantiating /home/travis/build/icyphy/ptII/ptolemy/actor/lib/test/auto/MathFunction3.xml
6 ms. Memory: 670720K Free: 456543K (68%)
----------------- Invoking toplevel() on ptolemy.moml.MoMLSimpleApplication@550011dd
----------------- Done invoking toplevel() on ptolemy.moml.MoMLSimpleApplication@550011dd
reloadAllAccessors: .MathFunction3

===========================================================================================
----------------- testing Thu Jul 11 01:56:10 UTC 2019 /home/travis/build/icyphy/ptII/ptolemy/actor/lib/test/auto/MatrixCropBoolean.xml
----------------- Instantiating /home/travis/build/icyphy/ptII/ptolemy/actor/lib/test/auto/MatrixCropBoolean.xml
2 ms. Memory: 670720K Free: 451409K (67%)
----------------- Invoking toplevel() on ptolemy.moml.MoMLSimpleApplication@4935e43c
----------------- Done invoking toplevel() on ptolemy.moml.MoMLSimpleApplication@4935e43c
reloadAllAccessors: .MatrixCropBoolean

===========================================================================================
----------------- testing Thu Jul 11 01:56:10 UTC 2019 /home/travis/build/icyphy/ptII/ptolemy/actor/lib/test/auto/MatrixCropComplex.xml
----------------- Instantiating /home/travis/build/icyphy/ptII/ptolemy/actor/lib/test/auto/MatrixCropComplex.xml
2 ms. Memory: 670720K Free: 446273K (67%)
----------------- Invoking toplevel() on ptolemy.moml.MoMLSimpleApplication@35c75908
----------------- Done invoking toplevel() on ptolemy.moml.MoMLSimpleApplication@35c75908
reloadAllAccessors: .MatrixCropComplex

===========================================================================================
----------------- testing Thu Jul 11 01:56:10 UTC 2019 /home/travis/build/icyphy/ptII/ptolemy/actor/lib/test/auto/MatrixCropDouble.xml
----------------- Instantiating /home/travis/build/icyphy/ptII/ptolemy/actor/lib/test/auto/MatrixCropDouble.xml
3 ms. Memory: 670720K Free: 441697K (66%)
----------------- Invoking toplevel() on ptolemy.moml.MoMLSimpleApplication@29109f23
----------------- Done invoking toplevel() on ptolemy.moml.MoMLSimpleApplication@29109f23
reloadAllAccessors: .MatrixCropDouble

===========================================================================================
----------------- testing Thu Jul 11 01:56:10 UTC 2019 /home/travis/build/icyphy/ptII/ptolemy/actor/lib/test/auto/MatrixCropFix.xml
----------------- Instantiating /home/travis/build/icyphy/ptII/ptolemy/actor/lib/test/auto/MatrixCropFix.xml
2 ms. Memory: 670720K Free: 436577K (65%)
----------------- Invoking toplevel() on ptolemy.moml.MoMLSimpleApplication@1e69da1d
----------------- Done invoking toplevel() on ptolemy.moml.MoMLSimpleApplication@1e69da1d
reloadAllAccessors: .MatrixCropFix

===========================================================================================
----------------- testing Thu Jul 11 01:56:10 UTC 2019 /home/travis/build/icyphy/ptII/ptolemy/actor/lib/test/auto/MatrixCropInt.xml
----------------- Instantiating /home/travis/build/icyphy/ptII/ptolemy/actor/lib/test/auto/MatrixCropInt.xml
2 ms. Memory: 670720K Free: 431457K (64%)
----------------- Invoking toplevel() on ptolemy.moml.MoMLSimpleApplication@670d59fe
----------------- Done invoking toplevel() on ptolemy.moml.MoMLSimpleApplication@670d59fe
reloadAllAccessors: .MatrixCropInt

===========================================================================================
----------------- testing Thu Jul 11 01:56:10 UTC 2019 /home/travis/build/icyphy/ptII/ptolemy/actor/lib/test/auto/MatrixCropLong.xml
----------------- Instantiating /home/travis/build/icyphy/ptII/ptolemy/actor/lib/test/auto/MatrixCropLong.xml
2 ms. Memory: 670720K Free: 426817K (64%)
----------------- Invoking toplevel() on ptolemy.moml.MoMLSimpleApplication@17c0d70b
----------------- Done invoking toplevel() on ptolemy.moml.MoMLSimpleApplication@17c0d70b
reloadAllAccessors: .MatrixCropLong

===========================================================================================
----------------- testing Thu Jul 11 01:56:10 UTC 2019 /home/travis/build/icyphy/ptII/ptolemy/actor/lib/test/auto/MatrixToArray.xml
----------------- Instantiating /home/travis/build/icyphy/ptII/ptolemy/actor/lib/test/auto/MatrixToArray.xml
12 ms. Memory: 670720K Free: 411487K (61%)
----------------- Invoking toplevel() on ptolemy.moml.MoMLSimpleApplication@55a11c27
----------------- Done invoking toplevel() on ptolemy.moml.MoMLSimpleApplication@55a11c27
reloadAllAccessors: .MatrixToArray

===========================================================================================
----------------- testing Thu Jul 11 01:56:10 UTC 2019 /home/travis/build/icyphy/ptII/ptolemy/actor/lib/test/auto/MaxIndex.xml
----------------- Instantiating /home/travis/build/icyphy/ptII/ptolemy/actor/lib/test/auto/MaxIndex.xml
2 ms. Memory: 670720K Free: 406367K (61%)
----------------- Invoking toplevel() on ptolemy.moml.MoMLSimpleApplication@825e5ae
----------------- Done invoking toplevel() on ptolemy.moml.MoMLSimpleApplication@825e5ae
reloadAllAccessors: .MaxIndex

===========================================================================================
----------------- testing Thu Jul 11 01:56:10 UTC 2019 /home/travis/build/icyphy/ptII/ptolemy/actor/lib/test/auto/Maximum.xml
----------------- Instantiating /home/travis/build/icyphy/ptII/ptolemy/actor/lib/test/auto/Maximum.xml
4 ms. Memory: 670720K Free: 399713K (60%)
----------------- Invoking toplevel() on ptolemy.moml.MoMLSimpleApplication@388eb006
----------------- Done invoking toplevel() on ptolemy.moml.MoMLSimpleApplication@388eb006
reloadAllAccessors: .Maximum

===========================================================================================
----------------- testing Thu Jul 11 01:56:10 UTC 2019 /home/travis/build/icyphy/ptII/ptolemy/actor/lib/test/auto/MaximumComplex.xml
----------------- Instantiating /home/travis/build/icyphy/ptII/ptolemy/actor/lib/test/auto/MaximumComplex.xml
5 ms. Memory: 670720K Free: 393569K (59%)
----------------- Invoking toplevel() on ptolemy.moml.MoMLSimpleApplication@7fa31f8
----------------- Done invoking toplevel() on ptolemy.moml.MoMLSimpleApplication@7fa31f8
reloadAllAccessors: .MaximumComplex

===========================================================================================
----------------- testing Thu Jul 11 01:56:10 UTC 2019 /home/travis/build/icyphy/ptII/ptolemy/actor/lib/test/auto/MethodCallTest.xml
----------------- Instantiating /home/travis/build/icyphy/ptII/ptolemy/actor/lib/test/auto/MethodCallTest.xml
2 ms. Memory: 670720K Free: 386911K (58%)
----------------- Invoking toplevel() on ptolemy.moml.MoMLSimpleApplication@211ee3f5
----------------- Done invoking toplevel() on ptolemy.moml.MoMLSimpleApplication@211ee3f5
reloadAllAccessors: .MethodCallTest

===========================================================================================
----------------- testing Thu Jul 11 01:56:10 UTC 2019 /home/travis/build/icyphy/ptII/ptolemy/actor/lib/test/auto/Minimum.xml
----------------- Instantiating /home/travis/build/icyphy/ptII/ptolemy/actor/lib/test/auto/Minimum.xml
2 ms. Memory: 670720K Free: 380753K (57%)
----------------- Invoking toplevel() on ptolemy.moml.MoMLSimpleApplication@16014613
----------------- Done invoking toplevel() on ptolemy.moml.MoMLSimpleApplication@16014613
reloadAllAccessors: .Minimum

===========================================================================================
----------------- testing Thu Jul 11 01:56:10 UTC 2019 /home/travis/build/icyphy/ptII/ptolemy/actor/lib/test/auto/MinimumComplex.xml
----------------- Instantiating /home/travis/build/icyphy/ptII/ptolemy/actor/lib/test/auto/MinimumComplex.xml
3 ms. Memory: 670720K Free: 374609K (56%)
----------------- Invoking toplevel() on ptolemy.moml.MoMLSimpleApplication@e7934c2
----------------- Done invoking toplevel() on ptolemy.moml.MoMLSimpleApplication@e7934c2
reloadAllAccessors: .MinimumComplex

===========================================================================================
----------------- testing Thu Jul 11 01:56:10 UTC 2019 /home/travis/build/icyphy/ptII/ptolemy/actor/lib/test/auto/MinimumMultiports.xml
----------------- Instantiating /home/travis/build/icyphy/ptII/ptolemy/actor/lib/test/auto/MinimumMultiports.xml
4 ms. Memory: 670720K Free: 366431K (55%)
----------------- Invoking toplevel() on ptolemy.moml.MoMLSimpleApplication@6b3b8d69
----------------- Done invoking toplevel() on ptolemy.moml.MoMLSimpleApplication@6b3b8d69
reloadAllAccessors: .MinimumMultiports

===========================================================================================
----------------- testing Thu Jul 11 01:56:10 UTC 2019 /home/travis/build/icyphy/ptII/ptolemy/actor/lib/test/auto/ModifyDate.xml
----------------- Instantiating /home/travis/build/icyphy/ptII/ptolemy/actor/lib/test/auto/ModifyDate.xml
8 ms. Memory: 670720K Free: 354143K (53%)
----------------- Invoking toplevel() on ptolemy.moml.MoMLSimpleApplication@1eed088e
----------------- Done invoking toplevel() on ptolemy.moml.MoMLSimpleApplication@1eed088e
reloadAllAccessors: .ModifyDate

===========================================================================================
----------------- testing Thu Jul 11 01:56:10 UTC 2019 /home/travis/build/icyphy/ptII/ptolemy/actor/lib/test/auto/ModifyDate2.xml
----------------- Instantiating /home/travis/build/icyphy/ptII/ptolemy/actor/lib/test/auto/ModifyDate2.xml
6 ms. Memory: 670720K Free: 345441K (52%)
----------------- Invoking toplevel() on ptolemy.moml.MoMLSimpleApplication@33aa376b
----------------- Done invoking toplevel() on ptolemy.moml.MoMLSimpleApplication@33aa376b
reloadAllAccessors: .ModifyDate2

===========================================================================================
----------------- testing Thu Jul 11 01:56:11 UTC 2019 /home/travis/build/icyphy/ptII/ptolemy/actor/lib/test/auto/MovingAverage.xml
----------------- Instantiating /home/travis/build/icyphy/ptII/ptolemy/actor/lib/test/auto/MovingAverage.xml
5 ms. Memory: 670720K Free: 340321K (51%)
----------------- Invoking toplevel() on ptolemy.moml.MoMLSimpleApplication@2b58c35a
----------------- Done invoking toplevel() on ptolemy.moml.MoMLSimpleApplication@2b58c35a
reloadAllAccessors: .MovingAverage

===========================================================================================
----------------- testing Thu Jul 11 01:56:11 UTC 2019 /home/travis/build/icyphy/ptII/ptolemy/actor/lib/test/auto/MovingMaximum.xml
----------------- Instantiating /home/travis/build/icyphy/ptII/ptolemy/actor/lib/test/auto/MovingMaximum.xml
2 ms. Memory: 670720K Free: 335711K (50%)
----------------- Invoking toplevel() on ptolemy.moml.MoMLSimpleApplication@3fa1358f
----------------- Done invoking toplevel() on ptolemy.moml.MoMLSimpleApplication@3fa1358f
reloadAllAccessors: .MovingMaximum

===========================================================================================
----------------- testing Thu Jul 11 01:56:11 UTC 2019 /home/travis/build/icyphy/ptII/ptolemy/actor/lib/test/auto/MultipleLinksToSameRelation.xml
----------------- Instantiating /home/travis/build/icyphy/ptII/ptolemy/actor/lib/test/auto/MultipleLinksToSameRelation.xml
2 ms. Memory: 670720K Free: 331615K (49%)
----------------- Invoking toplevel() on ptolemy.moml.MoMLSimpleApplication@263b68c6
----------------- Done invoking toplevel() on ptolemy.moml.MoMLSimpleApplication@263b68c6
reloadAllAccessors: .MultipleLinksToSameRelation

===========================================================================================
----------------- testing Thu Jul 11 01:56:11 UTC 2019 /home/travis/build/icyphy/ptII/ptolemy/actor/lib/test/auto/MultipleLinksToSameRelationDE.xml
----------------- Instantiating /home/travis/build/icyphy/ptII/ptolemy/actor/lib/test/auto/MultipleLinksToSameRelationDE.xml
1 ms. Memory: 670720K Free: 327009K (49%)
----------------- Invoking toplevel() on ptolemy.moml.MoMLSimpleApplication@60e1178b
----------------- Done invoking toplevel() on ptolemy.moml.MoMLSimpleApplication@60e1178b
reloadAllAccessors: .MultipleLinksToSameRelationDE

===========================================================================================
----------------- testing Thu Jul 11 01:56:11 UTC 2019 /home/travis/build/icyphy/ptII/ptolemy/actor/lib/test/auto/Multiplexor.xml
----------------- Instantiating /home/travis/build/icyphy/ptII/ptolemy/actor/lib/test/auto/Multiplexor.xml
2 ms. Memory: 670720K Free: 321375K (48%)
----------------- Invoking toplevel() on ptolemy.moml.MoMLSimpleApplication@7d185067
----------------- Done invoking toplevel() on ptolemy.moml.MoMLSimpleApplication@7d185067
reloadAllAccessors: .Multiplexor

===========================================================================================
----------------- testing Thu Jul 11 01:56:11 UTC 2019 /home/travis/build/icyphy/ptII/ptolemy/actor/lib/test/auto/Multiplexor1.xml
----------------- Instantiating /home/travis/build/icyphy/ptII/ptolemy/actor/lib/test/auto/Multiplexor1.xml
2 ms. Memory: 670720K Free: 315745K (47%)
----------------- Invoking toplevel() on ptolemy.moml.MoMLSimpleApplication@712c474d
----------------- Done invoking toplevel() on ptolemy.moml.MoMLSimpleApplication@712c474d
reloadAllAccessors: .Multiplexor1

===========================================================================================
----------------- testing Thu Jul 11 01:56:11 UTC 2019 /home/travis/build/icyphy/ptII/ptolemy/actor/lib/test/auto/Multiplexor2.xml
----------------- Instantiating /home/travis/build/icyphy/ptII/ptolemy/actor/lib/test/auto/Multiplexor2.xml
2 ms. Memory: 670720K Free: 309087K (46%)
----------------- Invoking toplevel() on ptolemy.moml.MoMLSimpleApplication@54c545d4
----------------- Done invoking toplevel() on ptolemy.moml.MoMLSimpleApplication@54c545d4
reloadAllAccessors: .Multiplexor2

===========================================================================================
----------------- testing Thu Jul 11 01:56:11 UTC 2019 /home/travis/build/icyphy/ptII/ptolemy/actor/lib/test/auto/Multiplexor3.xml
----------------- Instantiating /home/travis/build/icyphy/ptII/ptolemy/actor/lib/test/auto/Multiplexor3.xml
2 ms. Memory: 670720K Free: 304991K (45%)
----------------- Invoking toplevel() on ptolemy.moml.MoMLSimpleApplication@61561d86
----------------- Done invoking toplevel() on ptolemy.moml.MoMLSimpleApplication@61561d86
reloadAllAccessors: .Multiplexor3

===========================================================================================
----------------- testing Thu Jul 11 01:56:11 UTC 2019 /home/travis/build/icyphy/ptII/ptolemy/actor/lib/test/auto/MultiplexorDE.xml
----------------- Instantiating /home/travis/build/icyphy/ptII/ptolemy/actor/lib/test/auto/MultiplexorDE.xml
3 ms. Memory: 670720K Free: 297313K (44%)
----------------- Invoking toplevel() on ptolemy.moml.MoMLSimpleApplication@a1bbd14
----------------- Done invoking toplevel() on ptolemy.moml.MoMLSimpleApplication@a1bbd14
reloadAllAccessors: .MultiplexorDE

===========================================================================================
----------------- testing Thu Jul 11 01:56:11 UTC 2019 /home/travis/build/icyphy/ptII/ptolemy/actor/lib/test/auto/MultiportBroadcastTest.xml
----------------- Instantiating /home/travis/build/icyphy/ptII/ptolemy/actor/lib/test/auto/MultiportBroadcastTest.xml
97 ms. Memory: 670720K Free: 291169K (43%)
----------------- Invoking toplevel() on ptolemy.moml.MoMLSimpleApplication@4ddab408
----------------- Done invoking toplevel() on ptolemy.moml.MoMLSimpleApplication@4ddab408
reloadAllAccessors: .MultiportBroadcastTest

===========================================================================================
----------------- testing Thu Jul 11 01:56:11 UTC 2019 /home/travis/build/icyphy/ptII/ptolemy/actor/lib/test/auto/MultiportOutHangDuringGetWidth.xml
----------------- Instantiating /home/travis/build/icyphy/ptII/ptolemy/actor/lib/test/auto/MultiportOutHangDuringGetWidth.xml
6 ms. Memory: 670720K Free: 279377K (42%)
----------------- Invoking toplevel() on ptolemy.moml.MoMLSimpleApplication@7bc9f173
----------------- Done invoking toplevel() on ptolemy.moml.MoMLSimpleApplication@7bc9f173
reloadAllAccessors: .MultiportOutHangDuringGetWidth

===========================================================================================
----------------- testing Thu Jul 11 01:56:11 UTC 2019 /home/travis/build/icyphy/ptII/ptolemy/actor/lib/test/auto/NilToken.xml
----------------- Instantiating /home/travis/build/icyphy/ptII/ptolemy/actor/lib/test/auto/NilToken.xml
2 ms. Memory: 670720K Free: 275295K (41%)
----------------- Invoking toplevel() on ptolemy.moml.MoMLSimpleApplication@db0569d
----------------- Done invoking toplevel() on ptolemy.moml.MoMLSimpleApplication@db0569d
reloadAllAccessors: .NilToken

===========================================================================================
----------------- testing Thu Jul 11 01:56:11 UTC 2019 /home/travis/build/icyphy/ptII/ptolemy/actor/lib/test/auto/NilTokenNonStrictTest.xml
----------------- Instantiating /home/travis/build/icyphy/ptII/ptolemy/actor/lib/test/auto/NilTokenNonStrictTest.xml
3 ms. Memory: 670720K Free: 270175K (40%)
----------------- Invoking toplevel() on ptolemy.moml.MoMLSimpleApplication@764f9d5
----------------- Done invoking toplevel() on ptolemy.moml.MoMLSimpleApplication@764f9d5
reloadAllAccessors: .NilTokenNonStrictTest

===========================================================================================
----------------- testing Thu Jul 11 01:56:11 UTC 2019 /home/travis/build/icyphy/ptII/ptolemy/actor/lib/test/auto/NilTokenRecord.xml
----------------- Instantiating /home/travis/build/icyphy/ptII/ptolemy/actor/lib/test/auto/NilTokenRecord.xml
11 ms. Memory: 670720K Free: 263521K (39%)
----------------- Invoking toplevel() on ptolemy.moml.MoMLSimpleApplication@fd09669
----------------- Done invoking toplevel() on ptolemy.moml.MoMLSimpleApplication@fd09669
reloadAllAccessors: .NilTokenRecord

===========================================================================================
----------------- testing Thu Jul 11 01:56:11 UTC 2019 /home/travis/build/icyphy/ptII/ptolemy/actor/lib/test/auto/NilTokenTypeTest.xml
----------------- Instantiating /home/travis/build/icyphy/ptII/ptolemy/actor/lib/test/auto/NilTokenTypeTest.xml
4 ms. Memory: 670720K Free: 253791K (38%)
----------------- Invoking toplevel() on ptolemy.moml.MoMLSimpleApplication@1be96ab8
----------------- Done invoking toplevel() on ptolemy.moml.MoMLSimpleApplication@1be96ab8
reloadAllAccessors: .NilTokenTypeTest

===========================================================================================
----------------- testing Thu Jul 11 01:56:11 UTC 2019 /home/travis/build/icyphy/ptII/ptolemy/actor/lib/test/auto/ObjectToken1.xml
----------------- Instantiating /home/travis/build/icyphy/ptII/ptolemy/actor/lib/test/auto/ObjectToken1.xml
2 ms. Memory: 670720K Free: 249695K (37%)
----------------- Invoking toplevel() on ptolemy.moml.MoMLSimpleApplication@58e9ae26
----------------- Done invoking toplevel() on ptolemy.moml.MoMLSimpleApplication@58e9ae26
reloadAllAccessors: .ObjectToken1

===========================================================================================
----------------- testing Thu Jul 11 01:56:11 UTC 2019 /home/travis/build/icyphy/ptII/ptolemy/actor/lib/test/auto/OrderedMerge.xml
----------------- Instantiating /home/travis/build/icyphy/ptII/ptolemy/actor/lib/test/auto/OrderedMerge.xml
12 ms. Memory: 670720K Free: 244065K (36%)
----------------- Invoking toplevel() on ptolemy.moml.MoMLSimpleApplication@1750323e
----------------- Done invoking toplevel() on ptolemy.moml.MoMLSimpleApplication@1750323e
reloadAllAccessors: .OrderedMerge

===========================================================================================
----------------- testing Thu Jul 11 01:56:11 UTC 2019 /home/travis/build/icyphy/ptII/ptolemy/actor/lib/test/auto/OrderedRecordDisassembler.xml
----------------- Instantiating /home/travis/build/icyphy/ptII/ptolemy/actor/lib/test/auto/OrderedRecordDisassembler.xml
4 ms. Memory: 670720K Free: 238945K (36%)
----------------- Invoking toplevel() on ptolemy.moml.MoMLSimpleApplication@16a4a34c
----------------- Done invoking toplevel() on ptolemy.moml.MoMLSimpleApplication@16a4a34c
reloadAllAccessors: .OrderedRecordDisassembler

===========================================================================================
----------------- testing Thu Jul 11 01:56:11 UTC 2019 /home/travis/build/icyphy/ptII/ptolemy/actor/lib/test/auto/OrderedRecordDisassembler2.xml
----------------- Instantiating /home/travis/build/icyphy/ptII/ptolemy/actor/lib/test/auto/OrderedRecordDisassembler2.xml
5 ms. Memory: 670720K Free: 231249K (34%)
----------------- Invoking toplevel() on ptolemy.moml.MoMLSimpleApplication@76eb39a
----------------- Done invoking toplevel() on ptolemy.moml.MoMLSimpleApplication@76eb39a
reloadAllAccessors: .OrderedRecordDisassembler2

===========================================================================================
----------------- testing Thu Jul 11 01:56:11 UTC 2019 /home/travis/build/icyphy/ptII/ptolemy/actor/lib/test/auto/OrderedRecordUpdater.xml
----------------- Instantiating /home/travis/build/icyphy/ptII/ptolemy/actor/lib/test/auto/OrderedRecordUpdater.xml
2 ms. Memory: 670720K Free: 226143K (34%)
----------------- Invoking toplevel() on ptolemy.moml.MoMLSimpleApplication@636c735
----------------- Done invoking toplevel() on ptolemy.moml.MoMLSimpleApplication@636c735
reloadAllAccessors: .RecordUpdater

===========================================================================================
----------------- testing Thu Jul 11 01:56:11 UTC 2019 /home/travis/build/icyphy/ptII/ptolemy/actor/lib/test/auto/OrderedRecordUpdater2.xml
----------------- Instantiating /home/travis/build/icyphy/ptII/ptolemy/actor/lib/test/auto/OrderedRecordUpdater2.xml
5 ms. Memory: 670720K Free: 618683K (92%)
----------------- Invoking toplevel() on ptolemy.moml.MoMLSimpleApplication@63907958
----------------- Done invoking toplevel() on ptolemy.moml.MoMLSimpleApplication@63907958
reloadAllAccessors: .RecordUpdater2

===========================================================================================
----------------- testing Thu Jul 11 01:56:11 UTC 2019 /home/travis/build/icyphy/ptII/ptolemy/actor/lib/test/auto/PhaseUnwrap.xml
----------------- Instantiating /home/travis/build/icyphy/ptII/ptolemy/actor/lib/test/auto/PhaseUnwrap.xml
1 ms. Memory: 670720K Free: 613829K (92%)
----------------- Invoking toplevel() on ptolemy.moml.MoMLSimpleApplication@29be208e
----------------- Done invoking toplevel() on ptolemy.moml.MoMLSimpleApplication@29be208e
reloadAllAccessors: .PhaseUnwrap

===========================================================================================
----------------- testing Thu Jul 11 01:56:11 UTC 2019 /home/travis/build/icyphy/ptII/ptolemy/actor/lib/test/auto/PoissonClock.xml
----------------- Instantiating /home/travis/build/icyphy/ptII/ptolemy/actor/lib/test/auto/PoissonClock.xml
2 ms. Memory: 670720K Free: 609733K (91%)
----------------- Invoking toplevel() on ptolemy.moml.MoMLSimpleApplication@4b900bf9
----------------- Done invoking toplevel() on ptolemy.moml.MoMLSimpleApplication@4b900bf9
reloadAllAccessors: .PoissonClock

===========================================================================================
----------------- testing Thu Jul 11 01:56:11 UTC 2019 /home/travis/build/icyphy/ptII/ptolemy/actor/lib/test/auto/PoissonClock2.xml
----------------- Instantiating /home/travis/build/icyphy/ptII/ptolemy/actor/lib/test/auto/PoissonClock2.xml
1 ms. Memory: 670720K Free: 605127K (90%)
----------------- Invoking toplevel() on ptolemy.moml.MoMLSimpleApplication@55cf2a0d
----------------- Done invoking toplevel() on ptolemy.moml.MoMLSimpleApplication@55cf2a0d
reloadAllAccessors: .PoissonClock2

===========================================================================================
----------------- testing Thu Jul 11 01:56:11 UTC 2019 /home/travis/build/icyphy/ptII/ptolemy/actor/lib/test/auto/PoissonClock3.xml
----------------- Instantiating /home/travis/build/icyphy/ptII/ptolemy/actor/lib/test/auto/PoissonClock3.xml
1 ms. Memory: 670720K Free: 600517K (90%)
----------------- Invoking toplevel() on ptolemy.moml.MoMLSimpleApplication@79ba920f
----------------- Done invoking toplevel() on ptolemy.moml.MoMLSimpleApplication@79ba920f
reloadAllAccessors: .PoissonClock3

===========================================================================================
----------------- testing Thu Jul 11 01:56:11 UTC 2019 /home/travis/build/icyphy/ptII/ptolemy/actor/lib/test/auto/PubSubWithInitialTokens.xml
----------------- Instantiating /home/travis/build/icyphy/ptII/ptolemy/actor/lib/test/auto/PubSubWithInitialTokens.xml
2 ms. Memory: 670720K Free: 594887K (89%)
----------------- Invoking toplevel() on ptolemy.moml.MoMLSimpleApplication@143834b6
----------------- Done invoking toplevel() on ptolemy.moml.MoMLSimpleApplication@143834b6
reloadAllAccessors: .PubSubWithInitialTokens

===========================================================================================
----------------- testing Thu Jul 11 01:56:11 UTC 2019 /home/travis/build/icyphy/ptII/ptolemy/actor/lib/test/auto/PubSubWithInitialTokens2.xml
----------------- Instantiating /home/travis/build/icyphy/ptII/ptolemy/actor/lib/test/auto/PubSubWithInitialTokens2.xml
2 ms. Memory: 670720K Free: 588743K (88%)
----------------- Invoking toplevel() on ptolemy.moml.MoMLSimpleApplication@3f557a73
----------------- Done invoking toplevel() on ptolemy.moml.MoMLSimpleApplication@3f557a73
reloadAllAccessors: .PubSubWithInitialTokens2

===========================================================================================
----------------- testing Thu Jul 11 01:56:11 UTC 2019 /home/travis/build/icyphy/ptII/ptolemy/actor/lib/test/auto/PublisherClassNoParameter.xml
----------------- Instantiating /home/travis/build/icyphy/ptII/ptolemy/actor/lib/test/auto/PublisherClassNoParameter.xml
2 ms. Memory: 670720K Free: 578503K (86%)
----------------- Invoking toplevel() on ptolemy.moml.MoMLSimpleApplication@3de67327
----------------- Done invoking toplevel() on ptolemy.moml.MoMLSimpleApplication@3de67327
reloadAllAccessors: .PublisherClassNoParameter

===========================================================================================
----------------- testing Thu Jul 11 01:56:11 UTC 2019 /home/travis/build/icyphy/ptII/ptolemy/actor/lib/test/auto/PublisherClassParameter.xml
----------------- Instantiating /home/travis/build/icyphy/ptII/ptolemy/actor/lib/test/auto/PublisherClassParameter.xml
2 ms. Memory: 670720K Free: 568263K (85%)
----------------- Invoking toplevel() on ptolemy.moml.MoMLSimpleApplication@2f1c7718
----------------- Done invoking toplevel() on ptolemy.moml.MoMLSimpleApplication@2f1c7718
reloadAllAccessors: .PublisherClassParameter

===========================================================================================
----------------- testing Thu Jul 11 01:56:11 UTC 2019 /home/travis/build/icyphy/ptII/ptolemy/actor/lib/test/auto/PublisherNonStrictTest.xml
----------------- Instantiating /home/travis/build/icyphy/ptII/ptolemy/actor/lib/test/auto/PublisherNonStrictTest.xml
4 ms. Memory: 670720K Free: 560575K (84%)
----------------- Invoking toplevel() on ptolemy.moml.MoMLSimpleApplication@1a9d4de
----------------- Done invoking toplevel() on ptolemy.moml.MoMLSimpleApplication@1a9d4de
reloadAllAccessors: .PublisherNonStrictTest

===========================================================================================
----------------- testing Thu Jul 11 01:56:11 UTC 2019 /home/travis/build/icyphy/ptII/ptolemy/actor/lib/test/auto/PublisherPort1.xml
----------------- Instantiating /home/travis/build/icyphy/ptII/ptolemy/actor/lib/test/auto/PublisherPort1.xml
3 ms. Memory: 670720K Free: 554951K (83%)
----------------- Invoking toplevel() on ptolemy.moml.MoMLSimpleApplication@4335bc5d
----------------- Done invoking toplevel() on ptolemy.moml.MoMLSimpleApplication@4335bc5d
reloadAllAccessors: .PublisherPort1

===========================================================================================
----------------- testing Thu Jul 11 01:56:11 UTC 2019 /home/travis/build/icyphy/ptII/ptolemy/actor/lib/test/auto/PublisherPort2.xml
----------------- Instantiating /home/travis/build/icyphy/ptII/ptolemy/actor/lib/test/auto/PublisherPort2.xml
1 ms. Memory: 670720K Free: 549317K (82%)
----------------- Invoking toplevel() on ptolemy.moml.MoMLSimpleApplication@7736d827
----------------- Done invoking toplevel() on ptolemy.moml.MoMLSimpleApplication@7736d827
reloadAllAccessors: .PublisherPort2

===========================================================================================
----------------- testing Thu Jul 11 01:56:11 UTC 2019 /home/travis/build/icyphy/ptII/ptolemy/actor/lib/test/auto/PublisherPort3.xml
----------------- Instantiating /home/travis/build/icyphy/ptII/ptolemy/actor/lib/test/auto/PublisherPort3.xml
15 ms. Memory: 670720K Free: 542663K (81%)
----------------- Invoking toplevel() on ptolemy.moml.MoMLSimpleApplication@4066d895
----------------- Done invoking toplevel() on ptolemy.moml.MoMLSimpleApplication@4066d895
reloadAllAccessors: .PublisherPort3

===========================================================================================
----------------- testing Thu Jul 11 01:56:11 UTC 2019 /home/travis/build/icyphy/ptII/ptolemy/actor/lib/test/auto/PublisherPort4.xml
----------------- Instantiating /home/travis/build/icyphy/ptII/ptolemy/actor/lib/test/auto/PublisherPort4.xml
2 ms. Memory: 670720K Free: 537023K (80%)
----------------- Invoking toplevel() on ptolemy.moml.MoMLSimpleApplication@1e87544e
----------------- Done invoking toplevel() on ptolemy.moml.MoMLSimpleApplication@1e87544e
reloadAllAccessors: .PublisherPort4

===========================================================================================
----------------- testing Thu Jul 11 01:56:11 UTC 2019 /home/travis/build/icyphy/ptII/ptolemy/actor/lib/test/auto/PublisherPort5.xml
----------------- Instantiating /home/travis/build/icyphy/ptII/ptolemy/actor/lib/test/auto/PublisherPort5.xml
18 ms. Memory: 670720K Free: 529351K (79%)
----------------- Invoking toplevel() on ptolemy.moml.MoMLSimpleApplication@2d5d5d1a
----------------- Done invoking toplevel() on ptolemy.moml.MoMLSimpleApplication@2d5d5d1a
reloadAllAccessors: .PublisherPort5

===========================================================================================
----------------- testing Thu Jul 11 01:56:11 UTC 2019 /home/travis/build/icyphy/ptII/ptolemy/actor/lib/test/auto/PublisherPort5LookAlike.xml
----------------- Instantiating /home/travis/build/icyphy/ptII/ptolemy/actor/lib/test/auto/PublisherPort5LookAlike.xml
9 ms. Memory: 670720K Free: 521669K (78%)
----------------- Invoking toplevel() on ptolemy.moml.MoMLSimpleApplication@73d5785c
----------------- Done invoking toplevel() on ptolemy.moml.MoMLSimpleApplication@73d5785c
reloadAllAccessors: .PublisherPort5LookAlike

===========================================================================================
----------------- testing Thu Jul 11 01:56:11 UTC 2019 /home/travis/build/icyphy/ptII/ptolemy/actor/lib/test/auto/PublisherPort6.xml
----------------- Instantiating /home/travis/build/icyphy/ptII/ptolemy/actor/lib/test/auto/PublisherPort6.xml
3 ms. Memory: 670720K Free: 515015K (77%)
----------------- Invoking toplevel() on ptolemy.moml.MoMLSimpleApplication@6f88da80
----------------- Done invoking toplevel() on ptolemy.moml.MoMLSimpleApplication@6f88da80
reloadAllAccessors: .PublisherPort6

===========================================================================================
----------------- testing Thu Jul 11 01:56:11 UTC 2019 /home/travis/build/icyphy/ptII/ptolemy/actor/lib/test/auto/PublisherPort7.xml
----------------- Instantiating /home/travis/build/icyphy/ptII/ptolemy/actor/lib/test/auto/PublisherPort7.xml
3 ms. Memory: 670720K Free: 507333K (76%)
----------------- Invoking toplevel() on ptolemy.moml.MoMLSimpleApplication@7a41e27c
----------------- Done invoking toplevel() on ptolemy.moml.MoMLSimpleApplication@7a41e27c
reloadAllAccessors: .PublisherPort7

===========================================================================================
----------------- testing Thu Jul 11 01:56:11 UTC 2019 /home/travis/build/icyphy/ptII/ptolemy/actor/lib/test/auto/PublisherPort8.xml
----------------- Instantiating /home/travis/build/icyphy/ptII/ptolemy/actor/lib/test/auto/PublisherPort8.xml
10 ms. Memory: 670720K Free: 498631K (74%)
----------------- Invoking toplevel() on ptolemy.moml.MoMLSimpleApplication@6d8e775f
----------------- Done invoking toplevel() on ptolemy.moml.MoMLSimpleApplication@6d8e775f
reloadAllAccessors: .PublisherPort8

===========================================================================================
----------------- testing Thu Jul 11 01:56:11 UTC 2019 /home/travis/build/icyphy/ptII/ptolemy/actor/lib/test/auto/PublisherPortSubscriberChannelVariablesAOC2.xml
----------------- Instantiating /home/travis/build/icyphy/ptII/ptolemy/actor/lib/test/auto/PublisherPortSubscriberChannelVariablesAOC2.xml
3 ms. Memory: 670720K Free: 480709K (72%)
----------------- Invoking toplevel() on ptolemy.moml.MoMLSimpleApplication@212f8d81
----------------- Done invoking toplevel() on ptolemy.moml.MoMLSimpleApplication@212f8d81
reloadAllAccessors: .PublisherPortSubscriberChannelVariablesAOC2

===========================================================================================
----------------- testing Thu Jul 11 01:56:12 UTC 2019 /home/travis/build/icyphy/ptII/ptolemy/actor/lib/test/auto/PublisherPortSubscriberOpaqueWidthInference.xml
----------------- Instantiating /home/travis/build/icyphy/ptII/ptolemy/actor/lib/test/auto/PublisherPortSubscriberOpaqueWidthInference.xml
4 ms. Memory: 670720K Free: 473031K (71%)
----------------- Invoking toplevel() on ptolemy.moml.MoMLSimpleApplication@136868c7
----------------- Done invoking toplevel() on ptolemy.moml.MoMLSimpleApplication@136868c7
reloadAllAccessors: .PublisherPortSubscriberOpaqueWidthInference

===========================================================================================
----------------- testing Thu Jul 11 01:56:12 UTC 2019 /home/travis/build/icyphy/ptII/ptolemy/actor/lib/test/auto/PublisherPortSubscriberPortAdjacent.xml
----------------- Instantiating /home/travis/build/icyphy/ptII/ptolemy/actor/lib/test/auto/PublisherPortSubscriberPortAdjacent.xml
2 ms. Memory: 670720K Free: 464839K (69%)
----------------- Invoking toplevel() on ptolemy.moml.MoMLSimpleApplication@59f02b0e
----------------- Done invoking toplevel() on ptolemy.moml.MoMLSimpleApplication@59f02b0e
reloadAllAccessors: .PublisherPortSubscriberPortAdjacent

===========================================================================================
----------------- testing Thu Jul 11 01:56:12 UTC 2019 /home/travis/build/icyphy/ptII/ptolemy/actor/lib/test/auto/PublisherPortSubscriberPortExpression.xml
----------------- Instantiating /home/travis/build/icyphy/ptII/ptolemy/actor/lib/test/auto/PublisherPortSubscriberPortExpression.xml
8 ms. Memory: 670720K Free: 457143K (68%)
----------------- Invoking toplevel() on ptolemy.moml.MoMLSimpleApplication@2c7de97f
----------------- Done invoking toplevel() on ptolemy.moml.MoMLSimpleApplication@2c7de97f
reloadAllAccessors: .PublisherPortSubscriberPortExpression

===========================================================================================
----------------- testing Thu Jul 11 01:56:12 UTC 2019 /home/travis/build/icyphy/ptII/ptolemy/actor/lib/test/auto/PublisherPortSubscriberPortOpaqueD3Reverse.xml
----------------- Instantiating /home/travis/build/icyphy/ptII/ptolemy/actor/lib/test/auto/PublisherPortSubscriberPortOpaqueD3Reverse.xml
12 ms. Memory: 670720K Free: 446917K (67%)
----------------- Invoking toplevel() on ptolemy.moml.MoMLSimpleApplication@284bddf0
----------------- Done invoking toplevel() on ptolemy.moml.MoMLSimpleApplication@284bddf0
reloadAllAccessors: .PublisherPortSubscriberPortOpaqueD3Reverse

===========================================================================================
----------------- testing Thu Jul 11 01:56:12 UTC 2019 /home/travis/build/icyphy/ptII/ptolemy/actor/lib/test/auto/PublisherPortSubscriberPortOpaqueWidthInference.xml
----------------- Instantiating /home/travis/build/icyphy/ptII/ptolemy/actor/lib/test/auto/PublisherPortSubscriberPortOpaqueWidthInference.xml
3 ms. Memory: 670720K Free: 438711K (65%)
----------------- Invoking toplevel() on ptolemy.moml.MoMLSimpleApplication@1a87283a
----------------- Done invoking toplevel() on ptolemy.moml.MoMLSimpleApplication@1a87283a
reloadAllAccessors: .PublisherPortSubscriberPortOpaqueWidthInference

===========================================================================================
----------------- testing Thu Jul 11 01:56:12 UTC 2019 /home/travis/build/icyphy/ptII/ptolemy/actor/lib/test/auto/PublisherPortToplevelSubscriberPortAOC.xml
----------------- Instantiating /home/travis/build/icyphy/ptII/ptolemy/actor/lib/test/auto/PublisherPortToplevelSubscriberPortAOC.xml
.PublisherPortToplevelSubscriberPortAOC.TestExceptionAttribute: initialize() was not invoked, but wrapup() was.  This is unusual, but not always a problem.  For example, exporting JNLP will do this.
2 ms. Memory: 670720K Free: 433095K (65%)
----------------- Invoking toplevel() on ptolemy.moml.MoMLSimpleApplication@305b360
----------------- Done invoking toplevel() on ptolemy.moml.MoMLSimpleApplication@305b360
reloadAllAccessors: .PublisherPortToplevelSubscriberPortAOC

===========================================================================================
----------------- testing Thu Jul 11 01:56:12 UTC 2019 /home/travis/build/icyphy/ptII/ptolemy/actor/lib/test/auto/PublisherSubscriber.xml
----------------- Instantiating /home/travis/build/icyphy/ptII/ptolemy/actor/lib/test/auto/PublisherSubscriber.xml
6 ms. Memory: 670720K Free: 425927K (64%)
----------------- Invoking toplevel() on ptolemy.moml.MoMLSimpleApplication@11a4f9a8
----------------- Done invoking toplevel() on ptolemy.moml.MoMLSimpleApplication@11a4f9a8
reloadAllAccessors: .PublisherSubscriber

===========================================================================================
----------------- testing Thu Jul 11 01:56:12 UTC 2019 /home/travis/build/icyphy/ptII/ptolemy/actor/lib/test/auto/PublisherSubscriber10.xml
----------------- Instantiating /home/travis/build/icyphy/ptII/ptolemy/actor/lib/test/auto/PublisherSubscriber10.xml
8 ms. Memory: 670720K Free: 416197K (62%)
----------------- Invoking toplevel() on ptolemy.moml.MoMLSimpleApplication@1d7c9025
----------------- Done invoking toplevel() on ptolemy.moml.MoMLSimpleApplication@1d7c9025
reloadAllAccessors: .PublisherSubscriber10

===========================================================================================
----------------- testing Thu Jul 11 01:56:12 UTC 2019 /home/travis/build/icyphy/ptII/ptolemy/actor/lib/test/auto/PublisherSubscriber10InitialOutputs.xml
----------------- Instantiating /home/travis/build/icyphy/ptII/ptolemy/actor/lib/test/auto/PublisherSubscriber10InitialOutputs.xml
16 ms. Memory: 670720K Free: 406981K (61%)
----------------- Invoking toplevel() on ptolemy.moml.MoMLSimpleApplication@71cb3c7d
----------------- Done invoking toplevel() on ptolemy.moml.MoMLSimpleApplication@71cb3c7d
reloadAllAccessors: .PublisherSubscriber10InitialOutputs

===========================================================================================
----------------- testing Thu Jul 11 01:56:12 UTC 2019 /home/travis/build/icyphy/ptII/ptolemy/actor/lib/test/auto/PublisherSubscriber11.xml
----------------- Instantiating /home/travis/build/icyphy/ptII/ptolemy/actor/lib/test/auto/PublisherSubscriber11.xml
3 ms. Memory: 670720K Free: 400823K (60%)
----------------- Invoking toplevel() on ptolemy.moml.MoMLSimpleApplication@783b5520
----------------- Done invoking toplevel() on ptolemy.moml.MoMLSimpleApplication@783b5520
reloadAllAccessors: .PublisherSubscriber11

===========================================================================================
----------------- testing Thu Jul 11 01:56:12 UTC 2019 /home/travis/build/icyphy/ptII/ptolemy/actor/lib/test/auto/PublisherSubscriber12.xml
----------------- Instantiating /home/travis/build/icyphy/ptII/ptolemy/actor/lib/test/auto/PublisherSubscriber12.xml
5 ms. Memory: 670720K Free: 393669K (59%)
----------------- Invoking toplevel() on ptolemy.moml.MoMLSimpleApplication@6701e15e
----------------- Done invoking toplevel() on ptolemy.moml.MoMLSimpleApplication@6701e15e
reloadAllAccessors: .PublisherSubscriber12

===========================================================================================
----------------- testing Thu Jul 11 01:56:12 UTC 2019 /home/travis/build/icyphy/ptII/ptolemy/actor/lib/test/auto/PublisherSubscriber13.xml
----------------- Instantiating /home/travis/build/icyphy/ptII/ptolemy/actor/lib/test/auto/PublisherSubscriber13.xml
2 ms. Memory: 670720K Free: 388039K (58%)
----------------- Invoking toplevel() on ptolemy.moml.MoMLSimpleApplication@7a64b2b2
----------------- Done invoking toplevel() on ptolemy.moml.MoMLSimpleApplication@7a64b2b2
reloadAllAccessors: .PublisherSubscriber13

===========================================================================================
----------------- testing Thu Jul 11 01:56:12 UTC 2019 /home/travis/build/icyphy/ptII/ptolemy/actor/lib/test/auto/PublisherSubscriber14.xml
----------------- Instantiating /home/travis/build/icyphy/ptII/ptolemy/actor/lib/test/auto/PublisherSubscriber14.xml
1 ms. Memory: 670720K Free: 378823K (56%)
----------------- Invoking toplevel() on ptolemy.moml.MoMLSimpleApplication@1fc2aa32
----------------- Done invoking toplevel() on ptolemy.moml.MoMLSimpleApplication@1fc2aa32
reloadAllAccessors: .PublisherSubscriber14

===========================================================================================
----------------- testing Thu Jul 11 01:56:12 UTC 2019 /home/travis/build/icyphy/ptII/ptolemy/actor/lib/test/auto/PublisherSubscriber2.xml
----------------- Instantiating /home/travis/build/icyphy/ptII/ptolemy/actor/lib/test/auto/PublisherSubscriber2.xml
3 ms. Memory: 670720K Free: 373175K (56%)
----------------- Invoking toplevel() on ptolemy.moml.MoMLSimpleApplication@45b75eb9
----------------- Done invoking toplevel() on ptolemy.moml.MoMLSimpleApplication@45b75eb9
reloadAllAccessors: .PublisherSubscriber2

===========================================================================================
----------------- testing Thu Jul 11 01:56:12 UTC 2019 /home/travis/build/icyphy/ptII/ptolemy/actor/lib/test/auto/PublisherSubscriber3.xml
----------------- Instantiating /home/travis/build/icyphy/ptII/ptolemy/actor/lib/test/auto/PublisherSubscriber3.xml
1 ms. Memory: 670720K Free: 367559K (55%)
----------------- Invoking toplevel() on ptolemy.moml.MoMLSimpleApplication@35bbc5e7
----------------- Done invoking toplevel() on ptolemy.moml.MoMLSimpleApplication@35bbc5e7
reloadAllAccessors: .PublisherSubscriber3

===========================================================================================
----------------- testing Thu Jul 11 01:56:12 UTC 2019 /home/travis/build/icyphy/ptII/ptolemy/actor/lib/test/auto/PublisherSubscriber4.xml
----------------- Instantiating /home/travis/build/icyphy/ptII/ptolemy/actor/lib/test/auto/PublisherSubscriber4.xml
2 ms. Memory: 670720K Free: 362439K (54%)
----------------- Invoking toplevel() on ptolemy.moml.MoMLSimpleApplication@3596d7cb
----------------- Done invoking toplevel() on ptolemy.moml.MoMLSimpleApplication@3596d7cb
reloadAllAccessors: .PublisherSubscriber4

===========================================================================================
----------------- testing Thu Jul 11 01:56:12 UTC 2019 /home/travis/build/icyphy/ptII/ptolemy/actor/lib/test/auto/PublisherSubscriber5.xml
----------------- Instantiating /home/travis/build/icyphy/ptII/ptolemy/actor/lib/test/auto/PublisherSubscriber5.xml
2 ms. Memory: 670720K Free: 355781K (53%)
----------------- Invoking toplevel() on ptolemy.moml.MoMLSimpleApplication@6d2bbd47
----------------- Done invoking toplevel() on ptolemy.moml.MoMLSimpleApplication@6d2bbd47
reloadAllAccessors: .PublisherSubscriber5

===========================================================================================
----------------- testing Thu Jul 11 01:56:12 UTC 2019 /home/travis/build/icyphy/ptII/ptolemy/actor/lib/test/auto/PublisherSubscriber6.xml
----------------- Instantiating /home/travis/build/icyphy/ptII/ptolemy/actor/lib/test/auto/PublisherSubscriber6.xml
3 ms. Memory: 670720K Free: 349127K (52%)
----------------- Invoking toplevel() on ptolemy.moml.MoMLSimpleApplication@7493386b
----------------- Done invoking toplevel() on ptolemy.moml.MoMLSimpleApplication@7493386b
reloadAllAccessors: .PublisherSubscriber6

===========================================================================================
----------------- testing Thu Jul 11 01:56:12 UTC 2019 /home/travis/build/icyphy/ptII/ptolemy/actor/lib/test/auto/PublisherSubscriber7.xml
----------------- Instantiating /home/travis/build/icyphy/ptII/ptolemy/actor/lib/test/auto/PublisherSubscriber7.xml
2 ms. Memory: 670720K Free: 342455K (51%)
----------------- Invoking toplevel() on ptolemy.moml.MoMLSimpleApplication@452cf4b4
----------------- Done invoking toplevel() on ptolemy.moml.MoMLSimpleApplication@452cf4b4
reloadAllAccessors: .PublisherSubscriber7

===========================================================================================
----------------- testing Thu Jul 11 01:56:12 UTC 2019 /home/travis/build/icyphy/ptII/ptolemy/actor/lib/test/auto/PublisherSubscriber8.xml
----------------- Instantiating /home/travis/build/icyphy/ptII/ptolemy/actor/lib/test/auto/PublisherSubscriber8.xml
18 ms. Memory: 670720K Free: 330695K (49%)
----------------- Invoking toplevel() on ptolemy.moml.MoMLSimpleApplication@54d4a01f
----------------- Done invoking toplevel() on ptolemy.moml.MoMLSimpleApplication@54d4a01f
reloadAllAccessors: .PublisherSubscriber8

===========================================================================================
----------------- testing Thu Jul 11 01:56:12 UTC 2019 /home/travis/build/icyphy/ptII/ptolemy/actor/lib/test/auto/PublisherSubscriber9.xml
----------------- Instantiating /home/travis/build/icyphy/ptII/ptolemy/actor/lib/test/auto/PublisherSubscriber9.xml
3 ms. Memory: 670720K Free: 323013K (48%)
----------------- Invoking toplevel() on ptolemy.moml.MoMLSimpleApplication@3eb0b5a
----------------- Done invoking toplevel() on ptolemy.moml.MoMLSimpleApplication@3eb0b5a
reloadAllAccessors: .PublisherSubscriber9

===========================================================================================
----------------- testing Thu Jul 11 01:56:12 UTC 2019 /home/travis/build/icyphy/ptII/ptolemy/actor/lib/test/auto/PublisherSubscriberAdjacent.xml
----------------- Instantiating /home/travis/build/icyphy/ptII/ptolemy/actor/lib/test/auto/PublisherSubscriberAdjacent.xml
1 ms. Memory: 670720K Free: 314821K (47%)
----------------- Invoking toplevel() on ptolemy.moml.MoMLSimpleApplication@522bbeb3
----------------- Done invoking toplevel() on ptolemy.moml.MoMLSimpleApplication@522bbeb3
reloadAllAccessors: .PublisherSubscriberAdjacent

===========================================================================================
----------------- testing Thu Jul 11 01:56:12 UTC 2019 /home/travis/build/icyphy/ptII/ptolemy/actor/lib/test/auto/PublisherSubscriberChannelVariablesAOC2.xml
----------------- Instantiating /home/travis/build/icyphy/ptII/ptolemy/actor/lib/test/auto/PublisherSubscriberChannelVariablesAOC2.xml
3 ms. Memory: 670720K Free: 299447K (45%)
----------------- Invoking toplevel() on ptolemy.moml.MoMLSimpleApplication@5d068ba8
----------------- Done invoking toplevel() on ptolemy.moml.MoMLSimpleApplication@5d068ba8
reloadAllAccessors: .PublisherSubscriberChannelVariablesAOC2

===========================================================================================
----------------- testing Thu Jul 11 01:56:12 UTC 2019 /home/travis/build/icyphy/ptII/ptolemy/actor/lib/test/auto/PublisherSubscriberD3.xml
----------------- Instantiating /home/travis/build/icyphy/ptII/ptolemy/actor/lib/test/auto/PublisherSubscriberD3.xml
2 ms. Memory: 670720K Free: 292293K (44%)
----------------- Invoking toplevel() on ptolemy.moml.MoMLSimpleApplication@41ecd89c
----------------- Done invoking toplevel() on ptolemy.moml.MoMLSimpleApplication@41ecd89c
reloadAllAccessors: .PublisherSubscriberD3

===========================================================================================
----------------- testing Thu Jul 11 01:56:12 UTC 2019 /home/travis/build/icyphy/ptII/ptolemy/actor/lib/test/auto/PublisherSubscriberD3Reverse.xml
----------------- Instantiating /home/travis/build/icyphy/ptII/ptolemy/actor/lib/test/auto/PublisherSubscriberD3Reverse.xml
1 ms. Memory: 670720K Free: 286149K (43%)
----------------- Invoking toplevel() on ptolemy.moml.MoMLSimpleApplication@52f8b183
----------------- Done invoking toplevel() on ptolemy.moml.MoMLSimpleApplication@52f8b183
reloadAllAccessors: .PublisherSubscriberD3Reverse

===========================================================================================
----------------- testing Thu Jul 11 01:56:12 UTC 2019 /home/travis/build/icyphy/ptII/ptolemy/actor/lib/test/auto/PublisherSubscriberExpression.xml
----------------- Instantiating /home/travis/build/icyphy/ptII/ptolemy/actor/lib/test/auto/PublisherSubscriberExpression.xml
3 ms. Memory: 670720K Free: 277447K (41%)
----------------- Invoking toplevel() on ptolemy.moml.MoMLSimpleApplication@28c49a8
----------------- Done invoking toplevel() on ptolemy.moml.MoMLSimpleApplication@28c49a8
reloadAllAccessors: .PublisherSubscriberExpression

===========================================================================================
----------------- testing Thu Jul 11 01:56:12 UTC 2019 /home/travis/build/icyphy/ptII/ptolemy/actor/lib/test/auto/PublisherSubscriberOpaque.xml
----------------- Instantiating /home/travis/build/icyphy/ptII/ptolemy/actor/lib/test/auto/PublisherSubscriberOpaque.xml
4 ms. Memory: 670720K Free: 268741K (40%)
----------------- Invoking toplevel() on ptolemy.moml.MoMLSimpleApplication@700a7141
----------------- Done invoking toplevel() on ptolemy.moml.MoMLSimpleApplication@700a7141
reloadAllAccessors: .PublisherSubscriberOpaque

===========================================================================================
----------------- testing Thu Jul 11 01:56:12 UTC 2019 /home/travis/build/icyphy/ptII/ptolemy/actor/lib/test/auto/PublisherSubscriberOpaqueD3.xml
----------------- Instantiating /home/travis/build/icyphy/ptII/ptolemy/actor/lib/test/auto/PublisherSubscriberOpaqueD3.xml
5 ms. Memory: 670720K Free: 257477K (38%)
----------------- Invoking toplevel() on ptolemy.moml.MoMLSimpleApplication@876f3f4
----------------- Done invoking toplevel() on ptolemy.moml.MoMLSimpleApplication@876f3f4
reloadAllAccessors: .PublisherSubscriberOpaqueD3

===========================================================================================
----------------- testing Thu Jul 11 01:56:12 UTC 2019 /home/travis/build/icyphy/ptII/ptolemy/actor/lib/test/auto/PublisherSubscriberOpaqueD3Reverse.xml
----------------- Instantiating /home/travis/build/icyphy/ptII/ptolemy/actor/lib/test/auto/PublisherSubscriberOpaqueD3Reverse.xml
9 ms. Memory: 670720K Free: 246727K (37%)
----------------- Invoking toplevel() on ptolemy.moml.MoMLSimpleApplication@1b66de11
----------------- Done invoking toplevel() on ptolemy.moml.MoMLSimpleApplication@1b66de11
reloadAllAccessors: .PublisherSubscriberOpaqueD3Reverse

===========================================================================================
----------------- testing Thu Jul 11 01:56:12 UTC 2019 /home/travis/build/icyphy/ptII/ptolemy/actor/lib/test/auto/PublisherSubscriberOpaqueWidthInference.xml
----------------- Instantiating /home/travis/build/icyphy/ptII/ptolemy/actor/lib/test/auto/PublisherSubscriberOpaqueWidthInference.xml
5 ms. Memory: 670720K Free: 238535K (36%)
----------------- Invoking toplevel() on ptolemy.moml.MoMLSimpleApplication@3367162f
----------------- Done invoking toplevel() on ptolemy.moml.MoMLSimpleApplication@3367162f
reloadAllAccessors: .PublisherSubscriberOpaqueWidthInference

===========================================================================================
----------------- testing Thu Jul 11 01:56:12 UTC 2019 /home/travis/build/icyphy/ptII/ptolemy/actor/lib/test/auto/PublisherTestSubscriber.xml
----------------- Instantiating /home/travis/build/icyphy/ptII/ptolemy/actor/lib/test/auto/PublisherTestSubscriber.xml
2 ms. Memory: 670720K Free: 230847K (34%)
----------------- Invoking toplevel() on ptolemy.moml.MoMLSimpleApplication@362f50a4
----------------- Done invoking toplevel() on ptolemy.moml.MoMLSimpleApplication@362f50a4
reloadAllAccessors: .PublisherTestSubscriber

===========================================================================================
----------------- testing Thu Jul 11 01:56:12 UTC 2019 /home/travis/build/icyphy/ptII/ptolemy/actor/lib/test/auto/PublisherToplevelSubscriberPortAOC.xml
----------------- Instantiating /home/travis/build/icyphy/ptII/ptolemy/actor/lib/test/auto/PublisherToplevelSubscriberPortAOC.xml
2 ms. Memory: 670720K Free: 224679K (33%)
----------------- Invoking toplevel() on ptolemy.moml.MoMLSimpleApplication@42b8ea33
----------------- Done invoking toplevel() on ptolemy.moml.MoMLSimpleApplication@42b8ea33
reloadAllAccessors: .PublisherToplevelSubscriberPortAOC

===========================================================================================
----------------- testing Thu Jul 11 01:56:12 UTC 2019 /home/travis/build/icyphy/ptII/ptolemy/actor/lib/test/auto/PulseFiringLimitDE.xml
----------------- Instantiating /home/travis/build/icyphy/ptII/ptolemy/actor/lib/test/auto/PulseFiringLimitDE.xml
2 ms. Memory: 670720K Free: 615719K (92%)
----------------- Invoking toplevel() on ptolemy.moml.MoMLSimpleApplication@60f4a949
----------------- Done invoking toplevel() on ptolemy.moml.MoMLSimpleApplication@60f4a949
reloadAllAccessors: .PulseFiringLimitDE

===========================================================================================
----------------- testing Thu Jul 11 01:56:12 UTC 2019 /home/travis/build/icyphy/ptII/ptolemy/actor/lib/test/auto/Ramp1.xml
----------------- Instantiating /home/travis/build/icyphy/ptII/ptolemy/actor/lib/test/auto/Ramp1.xml
2 ms. Memory: 670720K Free: 611623K (91%)
----------------- Invoking toplevel() on ptolemy.moml.MoMLSimpleApplication@3859cba0
----------------- Done invoking toplevel() on ptolemy.moml.MoMLSimpleApplication@3859cba0
reloadAllAccessors: .Ramp1

===========================================================================================
----------------- testing Thu Jul 11 01:56:12 UTC 2019 /home/travis/build/icyphy/ptII/ptolemy/actor/lib/test/auto/RampFiringLimitDE.xml
----------------- Instantiating /home/travis/build/icyphy/ptII/ptolemy/actor/lib/test/auto/RampFiringLimitDE.xml
2 ms. Memory: 670720K Free: 605479K (90%)
----------------- Invoking toplevel() on ptolemy.moml.MoMLSimpleApplication@7c4c0b14
----------------- Done invoking toplevel() on ptolemy.moml.MoMLSimpleApplication@7c4c0b14
reloadAllAccessors: .RampFiringLimitDE

===========================================================================================
----------------- testing Thu Jul 11 01:56:12 UTC 2019 /home/travis/build/icyphy/ptII/ptolemy/actor/lib/test/auto/RampFiringLimitSDF.xml
----------------- Instantiating /home/travis/build/icyphy/ptII/ptolemy/actor/lib/test/auto/RampFiringLimitSDF.xml
2 ms. Memory: 670720K Free: 600359K (90%)
----------------- Invoking toplevel() on ptolemy.moml.MoMLSimpleApplication@591d833
----------------- Done invoking toplevel() on ptolemy.moml.MoMLSimpleApplication@591d833
reloadAllAccessors: .RampFiringLimitSDF

===========================================================================================
----------------- testing Thu Jul 11 01:56:12 UTC 2019 /home/travis/build/icyphy/ptII/ptolemy/actor/lib/test/auto/RandomInteger.xml
----------------- Instantiating /home/travis/build/icyphy/ptII/ptolemy/actor/lib/test/auto/RandomInteger.xml
1 ms. Memory: 670720K Free: 596263K (89%)
----------------- Invoking toplevel() on ptolemy.moml.MoMLSimpleApplication@3e3b3218
----------------- Done invoking toplevel() on ptolemy.moml.MoMLSimpleApplication@3e3b3218
reloadAllAccessors: .RandomInteger

===========================================================================================
----------------- testing Thu Jul 11 01:56:12 UTC 2019 /home/travis/build/icyphy/ptII/ptolemy/actor/lib/test/auto/ReadFile1.xml
----------------- Instantiating /home/travis/build/icyphy/ptII/ptolemy/actor/lib/test/auto/ReadFile1.xml
2 ms. Memory: 670720K Free: 591639K (88%)
----------------- Invoking toplevel() on ptolemy.moml.MoMLSimpleApplication@65e86b7f
----------------- Done invoking toplevel() on ptolemy.moml.MoMLSimpleApplication@65e86b7f
reloadAllAccessors: .ReadFile1

===========================================================================================
----------------- testing Thu Jul 11 01:56:12 UTC 2019 /home/travis/build/icyphy/ptII/ptolemy/actor/lib/test/auto/ReadFile2.xml
----------------- Instantiating /home/travis/build/icyphy/ptII/ptolemy/actor/lib/test/auto/ReadFile2.xml
2 ms. Memory: 670720K Free: 587047K (88%)
----------------- Invoking toplevel() on ptolemy.moml.MoMLSimpleApplication@561329fc
----------------- Done invoking toplevel() on ptolemy.moml.MoMLSimpleApplication@561329fc
reloadAllAccessors: .ReadFile2

===========================================================================================
----------------- testing Thu Jul 11 01:56:12 UTC 2019 /home/travis/build/icyphy/ptII/ptolemy/actor/lib/test/auto/Reader.xml
----------------- Instantiating /home/travis/build/icyphy/ptII/ptolemy/actor/lib/test/auto/Reader.xml
actor.lib.Reader is obsolete, use actor.lib.io.ExpressionReader instead
1 ms. Memory: 670720K Free: 582951K (87%)
----------------- Invoking toplevel() on ptolemy.moml.MoMLSimpleApplication@a85760
----------------- Done invoking toplevel() on ptolemy.moml.MoMLSimpleApplication@a85760
reloadAllAccessors: .Reader

===========================================================================================
----------------- testing Thu Jul 11 01:56:12 UTC 2019 /home/travis/build/icyphy/ptII/ptolemy/actor/lib/test/auto/RecordAssemblerDisplayNameTest.xml
----------------- Instantiating /home/travis/build/icyphy/ptII/ptolemy/actor/lib/test/auto/RecordAssemblerDisplayNameTest.xml
3561 ms. Memory: 670720K Free: 595850K (89%)
----------------- Invoking toplevel() on ptolemy.moml.MoMLSimpleApplication@370f7571
----------------- Done invoking toplevel() on ptolemy.moml.MoMLSimpleApplication@370f7571
reloadAllAccessors: .RecordAssemblerDisplayNameTest

===========================================================================================
----------------- testing Thu Jul 11 01:56:16 UTC 2019 /home/travis/build/icyphy/ptII/ptolemy/actor/lib/test/auto/RecordAssemblerTypeError.xml
----------------- Instantiating /home/travis/build/icyphy/ptII/ptolemy/actor/lib/test/auto/RecordAssemblerTypeError.xml
4 ms. Memory: 670720K Free: 586124K (87%)
----------------- Invoking toplevel() on ptolemy.moml.MoMLSimpleApplication@261a8510
----------------- Done invoking toplevel() on ptolemy.moml.MoMLSimpleApplication@261a8510
reloadAllAccessors: .RecordAssemblerTypeError

===========================================================================================
----------------- testing Thu Jul 11 01:56:16 UTC 2019 /home/travis/build/icyphy/ptII/ptolemy/actor/lib/test/auto/RecordDisassember.xml
----------------- Instantiating /home/travis/build/icyphy/ptII/ptolemy/actor/lib/test/auto/RecordDisassember.xml
3 ms. Memory: 670720K Free: 581500K (87%)
----------------- Invoking toplevel() on ptolemy.moml.MoMLSimpleApplication@69370165
----------------- Done invoking toplevel() on ptolemy.moml.MoMLSimpleApplication@69370165
reloadAllAccessors: .RecordDisassember

===========================================================================================
----------------- testing Thu Jul 11 01:56:16 UTC 2019 /home/travis/build/icyphy/ptII/ptolemy/actor/lib/test/auto/RecordDisassemberDisplayNameTest.xml
----------------- Instantiating /home/travis/build/icyphy/ptII/ptolemy/actor/lib/test/auto/RecordDisassemberDisplayNameTest.xml
6 ms. Memory: 670720K Free: 573322K (85%)
----------------- Invoking toplevel() on ptolemy.moml.MoMLSimpleApplication@4e64fd3b
----------------- Done invoking toplevel() on ptolemy.moml.MoMLSimpleApplication@4e64fd3b
reloadAllAccessors: .RecordDisassemberDisplayNameTest

===========================================================================================
----------------- testing Thu Jul 11 01:56:16 UTC 2019 /home/travis/build/icyphy/ptII/ptolemy/actor/lib/test/auto/RecordDisassembler.xml
----------------- Instantiating /home/travis/build/icyphy/ptII/ptolemy/actor/lib/test/auto/RecordDisassembler.xml
2 ms. Memory: 670720K Free: 568188K (85%)
----------------- Invoking toplevel() on ptolemy.moml.MoMLSimpleApplication@5b3dd88e
----------------- Done invoking toplevel() on ptolemy.moml.MoMLSimpleApplication@5b3dd88e
reloadAllAccessors: .RecordDisassembler

===========================================================================================
----------------- testing Thu Jul 11 01:56:16 UTC 2019 /home/travis/build/icyphy/ptII/ptolemy/actor/lib/test/auto/RecordDisassembler2.xml
----------------- Instantiating /home/travis/build/icyphy/ptII/ptolemy/actor/lib/test/auto/RecordDisassembler2.xml
2 ms. Memory: 670720K Free: 563076K (84%)
----------------- Invoking toplevel() on ptolemy.moml.MoMLSimpleApplication@2d8da4d2
----------------- Done invoking toplevel() on ptolemy.moml.MoMLSimpleApplication@2d8da4d2
reloadAllAccessors: .RecordDisassembler2

===========================================================================================
----------------- testing Thu Jul 11 01:56:16 UTC 2019 /home/travis/build/icyphy/ptII/ptolemy/actor/lib/test/auto/RecordUpdater.xml
----------------- Instantiating /home/travis/build/icyphy/ptII/ptolemy/actor/lib/test/auto/RecordUpdater.xml
2 ms. Memory: 670720K Free: 557962K (83%)
----------------- Invoking toplevel() on ptolemy.moml.MoMLSimpleApplication@70cf29aa
----------------- Done invoking toplevel() on ptolemy.moml.MoMLSimpleApplication@70cf29aa
reloadAllAccessors: .RecordUpdater

===========================================================================================
----------------- testing Thu Jul 11 01:56:16 UTC 2019 /home/travis/build/icyphy/ptII/ptolemy/actor/lib/test/auto/RecordUpdater2.xml
----------------- Instantiating /home/travis/build/icyphy/ptII/ptolemy/actor/lib/test/auto/RecordUpdater2.xml
2 ms. Memory: 670720K Free: 552842K (82%)
----------------- Invoking toplevel() on ptolemy.moml.MoMLSimpleApplication@543438fd
----------------- Done invoking toplevel() on ptolemy.moml.MoMLSimpleApplication@543438fd
reloadAllAccessors: .RecordUpdater2

===========================================================================================
----------------- testing Thu Jul 11 01:56:16 UTC 2019 /home/travis/build/icyphy/ptII/ptolemy/actor/lib/test/auto/RecursiveLattice.xml
----------------- Instantiating /home/travis/build/icyphy/ptII/ptolemy/actor/lib/test/auto/RecursiveLattice.xml
2 ms. Memory: 670720K Free: 548746K (82%)
----------------- Invoking toplevel() on ptolemy.moml.MoMLSimpleApplication@321c5e06
----------------- Done invoking toplevel() on ptolemy.moml.MoMLSimpleApplication@321c5e06
reloadAllAccessors: .RecursiveLattice

===========================================================================================
----------------- testing Thu Jul 11 01:56:16 UTC 2019 /home/travis/build/icyphy/ptII/ptolemy/actor/lib/test/auto/Router.xml
----------------- Instantiating /home/travis/build/icyphy/ptII/ptolemy/actor/lib/test/auto/Router.xml
3003 ms. Memory: 670720K Free: 537996K (80%)
----------------- Invoking toplevel() on ptolemy.moml.MoMLSimpleApplication@7ccf6920
----------------- Done invoking toplevel() on ptolemy.moml.MoMLSimpleApplication@7ccf6920
reloadAllAccessors: .Router

===========================================================================================
----------------- testing Thu Jul 11 01:56:19 UTC 2019 /home/travis/build/icyphy/ptII/ptolemy/actor/lib/test/auto/Router2.xml
----------------- Instantiating /home/travis/build/icyphy/ptII/ptolemy/actor/lib/test/auto/Router2.xml
3005 ms. Memory: 670720K Free: 527242K (79%)
----------------- Invoking toplevel() on ptolemy.moml.MoMLSimpleApplication@64fdfef
----------------- Done invoking toplevel() on ptolemy.moml.MoMLSimpleApplication@64fdfef
reloadAllAccessors: .Router2

===========================================================================================
----------------- testing Thu Jul 11 01:56:22 UTC 2019 /home/travis/build/icyphy/ptII/ptolemy/actor/lib/test/auto/RunningMaximum.xml
----------------- Instantiating /home/travis/build/icyphy/ptII/ptolemy/actor/lib/test/auto/RunningMaximum.xml
2 ms. Memory: 670720K Free: 522636K (78%)
----------------- Invoking toplevel() on ptolemy.moml.MoMLSimpleApplication@1a7d9062
----------------- Done invoking toplevel() on ptolemy.moml.MoMLSimpleApplication@1a7d9062
reloadAllAccessors: .RunningMaximum

===========================================================================================
----------------- testing Thu Jul 11 01:56:22 UTC 2019 /home/travis/build/icyphy/ptII/ptolemy/actor/lib/test/auto/RunningMinimum.xml
----------------- Instantiating /home/travis/build/icyphy/ptII/ptolemy/actor/lib/test/auto/RunningMinimum.xml
11 ms. Memory: 670720K Free: 517516K (77%)
----------------- Invoking toplevel() on ptolemy.moml.MoMLSimpleApplication@231a034a
----------------- Done invoking toplevel() on ptolemy.moml.MoMLSimpleApplication@231a034a
reloadAllAccessors: .RunningMinimum

===========================================================================================
----------------- testing Thu Jul 11 01:56:22 UTC 2019 /home/travis/build/icyphy/ptII/ptolemy/actor/lib/test/auto/Scale.xml
----------------- Instantiating /home/travis/build/icyphy/ptII/ptolemy/actor/lib/test/auto/Scale.xml
2 ms. Memory: 670720K Free: 512906K (76%)
----------------- Invoking toplevel() on ptolemy.moml.MoMLSimpleApplication@384a1174
----------------- Done invoking toplevel() on ptolemy.moml.MoMLSimpleApplication@384a1174
reloadAllAccessors: .Scale

===========================================================================================
----------------- testing Thu Jul 11 01:56:22 UTC 2019 /home/travis/build/icyphy/ptII/ptolemy/actor/lib/test/auto/Scale2.xml
----------------- Instantiating /home/travis/build/icyphy/ptII/ptolemy/actor/lib/test/auto/Scale2.xml
2 ms. Memory: 670720K Free: 508300K (76%)
----------------- Invoking toplevel() on ptolemy.moml.MoMLSimpleApplication@44b45fbe
----------------- Done invoking toplevel() on ptolemy.moml.MoMLSimpleApplication@44b45fbe
reloadAllAccessors: .Scale2

===========================================================================================
----------------- testing Thu Jul 11 01:56:22 UTC 2019 /home/travis/build/icyphy/ptII/ptolemy/actor/lib/test/auto/Scale3.xml
----------------- Instantiating /home/travis/build/icyphy/ptII/ptolemy/actor/lib/test/auto/Scale3.xml
3 ms. Memory: 670720K Free: 502156K (75%)
----------------- Invoking toplevel() on ptolemy.moml.MoMLSimpleApplication@fa873ac
----------------- Done invoking toplevel() on ptolemy.moml.MoMLSimpleApplication@fa873ac
reloadAllAccessors: .Scale3

===========================================================================================
----------------- testing Thu Jul 11 01:56:22 UTC 2019 /home/travis/build/icyphy/ptII/ptolemy/actor/lib/test/auto/ScaleArray.xml
----------------- Instantiating /home/travis/build/icyphy/ptII/ptolemy/actor/lib/test/auto/ScaleArray.xml
2 ms. Memory: 670720K Free: 497036K (74%)
----------------- Invoking toplevel() on ptolemy.moml.MoMLSimpleApplication@63791d99
----------------- Done invoking toplevel() on ptolemy.moml.MoMLSimpleApplication@63791d99
reloadAllAccessors: .ScaleArray

===========================================================================================
----------------- testing Thu Jul 11 01:56:22 UTC 2019 /home/travis/build/icyphy/ptII/ptolemy/actor/lib/test/auto/ScaleArray2.xml
----------------- Instantiating /home/travis/build/icyphy/ptII/ptolemy/actor/lib/test/auto/ScaleArray2.xml
1 ms. Memory: 670720K Free: 492426K (73%)
----------------- Invoking toplevel() on ptolemy.moml.MoMLSimpleApplication@474d159e
----------------- Done invoking toplevel() on ptolemy.moml.MoMLSimpleApplication@474d159e
reloadAllAccessors: .ScaleArray2

===========================================================================================
----------------- testing Thu Jul 11 01:56:22 UTC 2019 /home/travis/build/icyphy/ptII/ptolemy/actor/lib/test/auto/ScaleMatrix.xml
----------------- Instantiating /home/travis/build/icyphy/ptII/ptolemy/actor/lib/test/auto/ScaleMatrix.xml
172 ms. Memory: 670720K Free: 478090K (71%)
----------------- Invoking toplevel() on ptolemy.moml.MoMLSimpleApplication@676a523
----------------- Done invoking toplevel() on ptolemy.moml.MoMLSimpleApplication@676a523
reloadAllAccessors: .ScaleMatrix

===========================================================================================
----------------- testing Thu Jul 11 01:56:23 UTC 2019 /home/travis/build/icyphy/ptII/ptolemy/actor/lib/test/auto/Select.xml
----------------- Instantiating /home/travis/build/icyphy/ptII/ptolemy/actor/lib/test/auto/Select.xml
3 ms. Memory: 670720K Free: 471916K (70%)
----------------- Invoking toplevel() on ptolemy.moml.MoMLSimpleApplication@289c7669
----------------- Done invoking toplevel() on ptolemy.moml.MoMLSimpleApplication@289c7669
reloadAllAccessors: .Select

===========================================================================================
----------------- testing Thu Jul 11 01:56:23 UTC 2019 /home/travis/build/icyphy/ptII/ptolemy/actor/lib/test/auto/Select2.xml
----------------- Instantiating /home/travis/build/icyphy/ptII/ptolemy/actor/lib/test/auto/Select2.xml
1 ms. Memory: 670720K Free: 466826K (70%)
----------------- Invoking toplevel() on ptolemy.moml.MoMLSimpleApplication@23642a1d
----------------- Done invoking toplevel() on ptolemy.moml.MoMLSimpleApplication@23642a1d
reloadAllAccessors: .Select2

===========================================================================================
----------------- testing Thu Jul 11 01:56:23 UTC 2019 /home/travis/build/icyphy/ptII/ptolemy/actor/lib/test/auto/SequenceToArray2.xml
----------------- Instantiating /home/travis/build/icyphy/ptII/ptolemy/actor/lib/test/auto/SequenceToArray2.xml
109 ms. Memory: 670720K Free: 443274K (66%)
----------------- Invoking toplevel() on ptolemy.moml.MoMLSimpleApplication@66dd95ca
----------------- Done invoking toplevel() on ptolemy.moml.MoMLSimpleApplication@66dd95ca
reloadAllAccessors: .SequenceToArray2

===========================================================================================
----------------- testing Thu Jul 11 01:56:23 UTC 2019 /home/travis/build/icyphy/ptII/ptolemy/actor/lib/test/auto/SequentialClock.xml
----------------- Instantiating /home/travis/build/icyphy/ptII/ptolemy/actor/lib/test/auto/SequentialClock.xml
1 ms. Memory: 670720K Free: 439178K (65%)
----------------- Invoking toplevel() on ptolemy.moml.MoMLSimpleApplication@734a889b
----------------- Done invoking toplevel() on ptolemy.moml.MoMLSimpleApplication@734a889b
reloadAllAccessors: .SequentialClock

===========================================================================================
----------------- testing Thu Jul 11 01:56:23 UTC 2019 /home/travis/build/icyphy/ptII/ptolemy/actor/lib/test/auto/SetVariable.xml
----------------- Instantiating /home/travis/build/icyphy/ptII/ptolemy/actor/lib/test/auto/SetVariable.xml
3 ms. Memory: 670720K Free: 434572K (65%)
----------------- Invoking toplevel() on ptolemy.moml.MoMLSimpleApplication@7c19d462
----------------- Done invoking toplevel() on ptolemy.moml.MoMLSimpleApplication@7c19d462
reloadAllAccessors: .SetVariable

===========================================================================================
----------------- testing Thu Jul 11 01:56:23 UTC 2019 /home/travis/build/icyphy/ptII/ptolemy/actor/lib/test/auto/SetVariable2.xml
----------------- Instantiating /home/travis/build/icyphy/ptII/ptolemy/actor/lib/test/auto/SetVariable2.xml
3 ms. Memory: 670720K Free: 428938K (64%)
----------------- Invoking toplevel() on ptolemy.moml.MoMLSimpleApplication@5092375e
----------------- Done invoking toplevel() on ptolemy.moml.MoMLSimpleApplication@5092375e
reloadAllAccessors: .SetVariable2

===========================================================================================
----------------- testing Thu Jul 11 01:56:23 UTC 2019 /home/travis/build/icyphy/ptII/ptolemy/actor/lib/test/auto/SetVariable3.xml
----------------- Instantiating /home/travis/build/icyphy/ptII/ptolemy/actor/lib/test/auto/SetVariable3.xml
8 ms. Memory: 670720K Free: 423818K (63%)
----------------- Invoking toplevel() on ptolemy.moml.MoMLSimpleApplication@7a87f110
----------------- Done invoking toplevel() on ptolemy.moml.MoMLSimpleApplication@7a87f110
reloadAllAccessors: .SetVariable3

===========================================================================================
----------------- testing Thu Jul 11 01:56:23 UTC 2019 /home/travis/build/icyphy/ptII/ptolemy/actor/lib/test/auto/SetVariable4.xml
----------------- Instantiating /home/travis/build/icyphy/ptII/ptolemy/actor/lib/test/auto/SetVariable4.xml
18 ms. Memory: 670720K Free: 414092K (62%)
----------------- Invoking toplevel() on ptolemy.moml.MoMLSimpleApplication@5a515c1f
----------------- Done invoking toplevel() on ptolemy.moml.MoMLSimpleApplication@5a515c1f
reloadAllAccessors: .SetVariable4

===========================================================================================
----------------- testing Thu Jul 11 01:56:23 UTC 2019 /home/travis/build/icyphy/ptII/ptolemy/actor/lib/test/auto/SetVariable5.xml
----------------- Instantiating /home/travis/build/icyphy/ptII/ptolemy/actor/lib/test/auto/SetVariable5.xml
16 ms. Memory: 670720K Free: 404876K (60%)
----------------- Invoking toplevel() on ptolemy.moml.MoMLSimpleApplication@69ddc406
----------------- Done invoking toplevel() on ptolemy.moml.MoMLSimpleApplication@69ddc406
reloadAllAccessors: .SetVariable5

===========================================================================================
----------------- testing Thu Jul 11 01:56:23 UTC 2019 /home/travis/build/icyphy/ptII/ptolemy/actor/lib/test/auto/Sinewave.xml
----------------- Instantiating /home/travis/build/icyphy/ptII/ptolemy/actor/lib/test/auto/Sinewave.xml
6 ms. Memory: 670720K Free: 394122K (59%)
----------------- Invoking toplevel() on ptolemy.moml.MoMLSimpleApplication@1c80dd26
----------------- Done invoking toplevel() on ptolemy.moml.MoMLSimpleApplication@1c80dd26
reloadAllAccessors: .Sinewave

===========================================================================================
----------------- testing Thu Jul 11 01:56:23 UTC 2019 /home/travis/build/icyphy/ptII/ptolemy/actor/lib/test/auto/Sinewave2.xml
----------------- Instantiating /home/travis/build/icyphy/ptII/ptolemy/actor/lib/test/auto/Sinewave2.xml
4 ms. Memory: 670720K Free: 385930K (58%)
----------------- Invoking toplevel() on ptolemy.moml.MoMLSimpleApplication@2199ed9d
----------------- Done invoking toplevel() on ptolemy.moml.MoMLSimpleApplication@2199ed9d
reloadAllAccessors: .Sinewave2

===========================================================================================
----------------- testing Thu Jul 11 01:56:23 UTC 2019 /home/travis/build/icyphy/ptII/ptolemy/actor/lib/test/auto/Sinewave3.xml
----------------- Instantiating /home/travis/build/icyphy/ptII/ptolemy/actor/lib/test/auto/Sinewave3.xml
9 ms. Memory: 670720K Free: 377708K (56%)
----------------- Invoking toplevel() on ptolemy.moml.MoMLSimpleApplication@19623b0b
----------------- Done invoking toplevel() on ptolemy.moml.MoMLSimpleApplication@19623b0b
reloadAllAccessors: .Sinewave3

===========================================================================================
----------------- testing Thu Jul 11 01:56:23 UTC 2019 /home/travis/build/icyphy/ptII/ptolemy/actor/lib/test/auto/SingleEvent.xml
----------------- Instantiating /home/travis/build/icyphy/ptII/ptolemy/actor/lib/test/auto/SingleEvent.xml
1 ms. Memory: 670720K Free: 373132K (56%)
----------------- Invoking toplevel() on ptolemy.moml.MoMLSimpleApplication@1f86b605
----------------- Done invoking toplevel() on ptolemy.moml.MoMLSimpleApplication@1f86b605
reloadAllAccessors: .SingleEvent

===========================================================================================
----------------- testing Thu Jul 11 01:56:23 UTC 2019 /home/travis/build/icyphy/ptII/ptolemy/actor/lib/test/auto/Sleep.xml
----------------- Instantiating /home/travis/build/icyphy/ptII/ptolemy/actor/lib/test/auto/Sleep.xml
6004 ms. Memory: 670720K Free: 367498K (55%)
----------------- Invoking toplevel() on ptolemy.moml.MoMLSimpleApplication@4314ffb2
----------------- Done invoking toplevel() on ptolemy.moml.MoMLSimpleApplication@4314ffb2
reloadAllAccessors: .Sleep

===========================================================================================
----------------- testing Thu Jul 11 01:56:29 UTC 2019 /home/travis/build/icyphy/ptII/ptolemy/actor/lib/test/auto/SleepMultipleFire.xml
----------------- Instantiating /home/travis/build/icyphy/ptII/ptolemy/actor/lib/test/auto/SleepMultipleFire.xml
1006 ms. Memory: 670720K Free: 361868K (54%)
----------------- Invoking toplevel() on ptolemy.moml.MoMLSimpleApplication@696baade
----------------- Done invoking toplevel() on ptolemy.moml.MoMLSimpleApplication@696baade
reloadAllAccessors: .SleepMultipleFire

===========================================================================================
----------------- testing Thu Jul 11 01:56:30 UTC 2019 /home/travis/build/icyphy/ptII/ptolemy/actor/lib/test/auto/StopDE.xml
----------------- Instantiating /home/travis/build/icyphy/ptII/ptolemy/actor/lib/test/auto/StopDE.xml
7 ms. Memory: 670720K Free: 356234K (53%)
----------------- Invoking toplevel() on ptolemy.moml.MoMLSimpleApplication@2854a46c
----------------- Done invoking toplevel() on ptolemy.moml.MoMLSimpleApplication@2854a46c
reloadAllAccessors: .StopDE

===========================================================================================
----------------- testing Thu Jul 11 01:56:30 UTC 2019 /home/travis/build/icyphy/ptII/ptolemy/actor/lib/test/auto/StopSDF.xml
----------------- Instantiating /home/travis/build/icyphy/ptII/ptolemy/actor/lib/test/auto/StopSDF.xml
4 ms. Memory: 670720K Free: 350604K (52%)
----------------- Invoking toplevel() on ptolemy.moml.MoMLSimpleApplication@2e03d06d
----------------- Done invoking toplevel() on ptolemy.moml.MoMLSimpleApplication@2e03d06d
reloadAllAccessors: .StopSDF

===========================================================================================
----------------- testing Thu Jul 11 01:56:30 UTC 2019 /home/travis/build/icyphy/ptII/ptolemy/actor/lib/test/auto/StringConstant.xml
----------------- Instantiating /home/travis/build/icyphy/ptII/ptolemy/actor/lib/test/auto/StringConstant.xml
10 ms. Memory: 670720K Free: 346508K (52%)
----------------- Invoking toplevel() on ptolemy.moml.MoMLSimpleApplication@59474be8
----------------- Done invoking toplevel() on ptolemy.moml.MoMLSimpleApplication@59474be8
reloadAllAccessors: .StringConstant

===========================================================================================
----------------- testing Thu Jul 11 01:56:30 UTC 2019 /home/travis/build/icyphy/ptII/ptolemy/actor/lib/test/auto/SubscriberPortInitialValues1.xml
----------------- Instantiating /home/travis/build/icyphy/ptII/ptolemy/actor/lib/test/auto/SubscriberPortInitialValues1.xml
13 ms. Memory: 670720K Free: 337802K (50%)
----------------- Invoking toplevel() on ptolemy.moml.MoMLSimpleApplication@696f66e7
----------------- Done invoking toplevel() on ptolemy.moml.MoMLSimpleApplication@696f66e7
reloadAllAccessors: .SubscriberPortInitialValues1

===========================================================================================
----------------- testing Thu Jul 11 01:56:30 UTC 2019 /home/travis/build/icyphy/ptII/ptolemy/actor/lib/test/auto/SubscriberPortInitialValues13.xml
----------------- Instantiating /home/travis/build/icyphy/ptII/ptolemy/actor/lib/test/auto/SubscriberPortInitialValues13.xml
5 ms. Memory: 670720K Free: 324490K (48%)
----------------- Invoking toplevel() on ptolemy.moml.MoMLSimpleApplication@6114e23f
----------------- Done invoking toplevel() on ptolemy.moml.MoMLSimpleApplication@6114e23f
reloadAllAccessors: .SubscriberPortInitialValues13

===========================================================================================
----------------- testing Thu Jul 11 01:56:30 UTC 2019 /home/travis/build/icyphy/ptII/ptolemy/actor/lib/test/auto/SubscriberPortInitialValues14.xml
----------------- Instantiating /home/travis/build/icyphy/ptII/ptolemy/actor/lib/test/auto/SubscriberPortInitialValues14.xml
4 ms. Memory: 670720K Free: 316298K (47%)
----------------- Invoking toplevel() on ptolemy.moml.MoMLSimpleApplication@3a93f0e6
----------------- Done invoking toplevel() on ptolemy.moml.MoMLSimpleApplication@3a93f0e6
reloadAllAccessors: .SubscriberPortInitialValues14

===========================================================================================
----------------- testing Thu Jul 11 01:56:30 UTC 2019 /home/travis/build/icyphy/ptII/ptolemy/actor/lib/test/auto/SubscriberPortInitialValues2.xml
----------------- Instantiating /home/travis/build/icyphy/ptII/ptolemy/actor/lib/test/auto/SubscriberPortInitialValues2.xml
5 ms. Memory: 670720K Free: 308620K (46%)
----------------- Invoking toplevel() on ptolemy.moml.MoMLSimpleApplication@767c4e5d
----------------- Done invoking toplevel() on ptolemy.moml.MoMLSimpleApplication@767c4e5d
reloadAllAccessors: .SubscriberPortInitialValues2

===========================================================================================
----------------- testing Thu Jul 11 01:56:30 UTC 2019 /home/travis/build/icyphy/ptII/ptolemy/actor/lib/test/auto/SubscriberPortInitialValues3.xml
----------------- Instantiating /home/travis/build/icyphy/ptII/ptolemy/actor/lib/test/auto/SubscriberPortInitialValues3.xml
5 ms. Memory: 670720K Free: 297866K (44%)
----------------- Invoking toplevel() on ptolemy.moml.MoMLSimpleApplication@4a8432d9
----------------- Done invoking toplevel() on ptolemy.moml.MoMLSimpleApplication@4a8432d9
reloadAllAccessors: .SubscriberPortInitialValues3

===========================================================================================
----------------- testing Thu Jul 11 01:56:30 UTC 2019 /home/travis/build/icyphy/ptII/ptolemy/actor/lib/test/auto/SubscriptionAggregator.xml
----------------- Instantiating /home/travis/build/icyphy/ptII/ptolemy/actor/lib/test/auto/SubscriptionAggregator.xml
2 ms. Memory: 670720K Free: 290684K (43%)
----------------- Invoking toplevel() on ptolemy.moml.MoMLSimpleApplication@7fd639dc
----------------- Done invoking toplevel() on ptolemy.moml.MoMLSimpleApplication@7fd639dc
reloadAllAccessors: .SubscriptionAggregator

===========================================================================================
----------------- testing Thu Jul 11 01:56:30 UTC 2019 /home/travis/build/icyphy/ptII/ptolemy/actor/lib/test/auto/SubscriptionAggregator2.xml
----------------- Instantiating /home/travis/build/icyphy/ptII/ptolemy/actor/lib/test/auto/SubscriptionAggregator2.xml
2 ms. Memory: 670720K Free: 284044K (42%)
----------------- Invoking toplevel() on ptolemy.moml.MoMLSimpleApplication@48fb08f3
----------------- Done invoking toplevel() on ptolemy.moml.MoMLSimpleApplication@48fb08f3
reloadAllAccessors: .SubscriptionAggregator2

===========================================================================================
----------------- testing Thu Jul 11 01:56:30 UTC 2019 /home/travis/build/icyphy/ptII/ptolemy/actor/lib/test/auto/SubscriptionAggregator3.xml
----------------- Instantiating /home/travis/build/icyphy/ptII/ptolemy/actor/lib/test/auto/SubscriptionAggregator3.xml
4 ms. Memory: 670720K Free: 275332K (41%)
----------------- Invoking toplevel() on ptolemy.moml.MoMLSimpleApplication@20de60d
----------------- Done invoking toplevel() on ptolemy.moml.MoMLSimpleApplication@20de60d
reloadAllAccessors: .SubscriptionAggregator3

===========================================================================================
----------------- testing Thu Jul 11 01:56:30 UTC 2019 /home/travis/build/icyphy/ptII/ptolemy/actor/lib/test/auto/SubscriptionAggregatorMultiply.xml
----------------- Instantiating /home/travis/build/icyphy/ptII/ptolemy/actor/lib/test/auto/SubscriptionAggregatorMultiply.xml
10 ms. Memory: 670720K Free: 266116K (40%)
----------------- Invoking toplevel() on ptolemy.moml.MoMLSimpleApplication@391f5268
----------------- Done invoking toplevel() on ptolemy.moml.MoMLSimpleApplication@391f5268
reloadAllAccessors: .SubscriptionAggregatorMultiply

===========================================================================================
----------------- testing Thu Jul 11 01:56:30 UTC 2019 /home/travis/build/icyphy/ptII/ptolemy/actor/lib/test/auto/SubscriptionAggregatorPortMultiply1.xml
----------------- Instantiating /home/travis/build/icyphy/ptII/ptolemy/actor/lib/test/auto/SubscriptionAggregatorPortMultiply1.xml
5 ms. Memory: 670720K Free: 257930K (38%)
----------------- Invoking toplevel() on ptolemy.moml.MoMLSimpleApplication@1b665898
----------------- Done invoking toplevel() on ptolemy.moml.MoMLSimpleApplication@1b665898
reloadAllAccessors: .SubscriptionAggregatorPortMultiply1

===========================================================================================
----------------- testing Thu Jul 11 01:56:30 UTC 2019 /home/travis/build/icyphy/ptII/ptolemy/actor/lib/test/auto/Switch.xml
----------------- Instantiating /home/travis/build/icyphy/ptII/ptolemy/actor/lib/test/auto/Switch.xml
6 ms. Memory: 670720K Free: 249738K (37%)
----------------- Invoking toplevel() on ptolemy.moml.MoMLSimpleApplication@478278c6
----------------- Done invoking toplevel() on ptolemy.moml.MoMLSimpleApplication@478278c6
reloadAllAccessors: .Switch

===========================================================================================
----------------- testing Thu Jul 11 01:56:30 UTC 2019 /home/travis/build/icyphy/ptII/ptolemy/actor/lib/test/auto/Switch2.xml
----------------- Instantiating /home/travis/build/icyphy/ptII/ptolemy/actor/lib/test/auto/Switch2.xml
1 ms. Memory: 670720K Free: 244618K (36%)
----------------- Invoking toplevel() on ptolemy.moml.MoMLSimpleApplication@775f027c
----------------- Done invoking toplevel() on ptolemy.moml.MoMLSimpleApplication@775f027c
reloadAllAccessors: .Switch2

===========================================================================================
----------------- testing Thu Jul 11 01:56:30 UTC 2019 /home/travis/build/icyphy/ptII/ptolemy/actor/lib/test/auto/SwitchDE.xml
----------------- Instantiating /home/travis/build/icyphy/ptII/ptolemy/actor/lib/test/auto/SwitchDE.xml
4 ms. Memory: 670720K Free: 238460K (36%)
----------------- Invoking toplevel() on ptolemy.moml.MoMLSimpleApplication@4c93232a
----------------- Done invoking toplevel() on ptolemy.moml.MoMLSimpleApplication@4c93232a
reloadAllAccessors: .SwitchDE

===========================================================================================
----------------- testing Thu Jul 11 01:56:30 UTC 2019 /home/travis/build/icyphy/ptII/ptolemy/actor/lib/test/auto/SynchronizerDE.xml
----------------- Instantiating /home/travis/build/icyphy/ptII/ptolemy/actor/lib/test/auto/SynchronizerDE.xml
8 ms. Memory: 670720K Free: 230252K (34%)
----------------- Invoking toplevel() on ptolemy.moml.MoMLSimpleApplication@43a30573
----------------- Done invoking toplevel() on ptolemy.moml.MoMLSimpleApplication@43a30573
reloadAllAccessors: .SynchronizerDE

===========================================================================================
----------------- testing Thu Jul 11 01:56:30 UTC 2019 /home/travis/build/icyphy/ptII/ptolemy/actor/lib/test/auto/Test.xml
----------------- Instantiating /home/travis/build/icyphy/ptII/ptolemy/actor/lib/test/auto/Test.xml
12 ms. Memory: 670720K Free: 224652K (33%)
----------------- Invoking toplevel() on ptolemy.moml.MoMLSimpleApplication@30e1090b
----------------- Done invoking toplevel() on ptolemy.moml.MoMLSimpleApplication@30e1090b
reloadAllAccessors: .Test

===========================================================================================
----------------- testing Thu Jul 11 01:56:31 UTC 2019 /home/travis/build/icyphy/ptII/ptolemy/actor/lib/test/auto/TestExceptionAttribute1.xml
----------------- Instantiating /home/travis/build/icyphy/ptII/ptolemy/actor/lib/test/auto/TestExceptionAttribute1.xml
1 ms. Memory: 670720K Free: 617639K (92%)
----------------- Invoking toplevel() on ptolemy.moml.MoMLSimpleApplication@c7550a2
----------------- Done invoking toplevel() on ptolemy.moml.MoMLSimpleApplication@c7550a2
reloadAllAccessors: .TestExceptionAttribute1

===========================================================================================
----------------- testing Thu Jul 11 01:56:31 UTC 2019 /home/travis/build/icyphy/ptII/ptolemy/actor/lib/test/auto/TestExceptionAttribute2.xml
----------------- Instantiating /home/travis/build/icyphy/ptII/ptolemy/actor/lib/test/auto/TestExceptionAttribute2.xml
2 ms. Memory: 670720K Free: 614057K (92%)
----------------- Invoking toplevel() on ptolemy.moml.MoMLSimpleApplication@2d862443
----------------- Done invoking toplevel() on ptolemy.moml.MoMLSimpleApplication@2d862443
reloadAllAccessors: .TestExceptionAttribute2

===========================================================================================
----------------- testing Thu Jul 11 01:56:31 UTC 2019 /home/travis/build/icyphy/ptII/ptolemy/actor/lib/test/auto/TestExceptionAttribute3.xml
----------------- Instantiating /home/travis/build/icyphy/ptII/ptolemy/actor/lib/test/auto/TestExceptionAttribute3.xml
.TestExceptionAttribute3.TestExceptionAttribute: initialize() was not invoked, but wrapup() was.  This is unusual, but not always a problem.  For example, exporting JNLP will do this.
0 ms. Memory: 670720K Free: 609961K (91%)
----------------- Invoking toplevel() on ptolemy.moml.MoMLSimpleApplication@1684dea
----------------- Done invoking toplevel() on ptolemy.moml.MoMLSimpleApplication@1684dea
reloadAllAccessors: .TestExceptionAttribute3

===========================================================================================
----------------- testing Thu Jul 11 01:56:31 UTC 2019 /home/travis/build/icyphy/ptII/ptolemy/actor/lib/test/auto/TestExceptionAttribute4.xml
----------------- Instantiating /home/travis/build/icyphy/ptII/ptolemy/actor/lib/test/auto/TestExceptionAttribute4.xml
.TestExceptionAttribute4.TestExceptionAttribute: initialize() was not invoked, but wrapup() was.  This is unusual, but not always a problem.  For example, exporting JNLP will do this.
.TestExceptionAttribute4.TestExceptionAttribute2: initialize() was not invoked, but wrapup() was.  This is unusual, but not always a problem.  For example, exporting JNLP will do this.
0 ms. Memory: 670720K Free: 605865K (90%)
----------------- Invoking toplevel() on ptolemy.moml.MoMLSimpleApplication@22661894
----------------- Done invoking toplevel() on ptolemy.moml.MoMLSimpleApplication@22661894
reloadAllAccessors: .TestExceptionAttribute4

===========================================================================================
----------------- testing Thu Jul 11 01:56:31 UTC 2019 /home/travis/build/icyphy/ptII/ptolemy/actor/lib/test/auto/TestExceptionHandler1.xml
----------------- Instantiating /home/travis/build/icyphy/ptII/ptolemy/actor/lib/test/auto/TestExceptionHandler1.xml
1 ms. Memory: 670720K Free: 601769K (90%)
----------------- Invoking toplevel() on ptolemy.moml.MoMLSimpleApplication@5d8d4fc4
----------------- Done invoking toplevel() on ptolemy.moml.MoMLSimpleApplication@5d8d4fc4
reloadAllAccessors: .TestExceptionHandler1

===========================================================================================
----------------- testing Thu Jul 11 01:56:31 UTC 2019 /home/travis/build/icyphy/ptII/ptolemy/actor/lib/test/auto/TestExceptionHandler2.xml
----------------- Instantiating /home/travis/build/icyphy/ptII/ptolemy/actor/lib/test/auto/TestExceptionHandler2.xml
1 ms. Memory: 670720K Free: 598183K (89%)
----------------- Invoking toplevel() on ptolemy.moml.MoMLSimpleApplication@11badaff
----------------- Done invoking toplevel() on ptolemy.moml.MoMLSimpleApplication@11badaff
reloadAllAccessors: .TestExceptionHandler2

===========================================================================================
----------------- testing Thu Jul 11 01:56:31 UTC 2019 /home/travis/build/icyphy/ptII/ptolemy/actor/lib/test/auto/TestExceptionHandler3.xml
----------------- Instantiating /home/travis/build/icyphy/ptII/ptolemy/actor/lib/test/auto/TestExceptionHandler3.xml
1 ms. Memory: 670720K Free: 594601K (89%)
----------------- Invoking toplevel() on ptolemy.moml.MoMLSimpleApplication@6e953986
----------------- Done invoking toplevel() on ptolemy.moml.MoMLSimpleApplication@6e953986
reloadAllAccessors: .TestExceptionHandler3

===========================================================================================
----------------- testing Thu Jul 11 01:56:31 UTC 2019 /home/travis/build/icyphy/ptII/ptolemy/actor/lib/test/auto/TestExceptionHandler4.xml
----------------- Instantiating /home/travis/build/icyphy/ptII/ptolemy/actor/lib/test/auto/TestExceptionHandler4.xml
1 ms. Memory: 670720K Free: 589991K (88%)
----------------- Invoking toplevel() on ptolemy.moml.MoMLSimpleApplication@294f11c4
----------------- Done invoking toplevel() on ptolemy.moml.MoMLSimpleApplication@294f11c4
reloadAllAccessors: .TestExceptionHandler4

===========================================================================================
----------------- testing Thu Jul 11 01:56:31 UTC 2019 /home/travis/build/icyphy/ptII/ptolemy/actor/lib/test/auto/TestRequireCorrectOrder.xml
----------------- Instantiating /home/travis/build/icyphy/ptII/ptolemy/actor/lib/test/auto/TestRequireCorrectOrder.xml
6 ms. Memory: 670720K Free: 584856K (87%)
----------------- Invoking toplevel() on ptolemy.moml.MoMLSimpleApplication@1cc6bfa0
----------------- Done invoking toplevel() on ptolemy.moml.MoMLSimpleApplication@1cc6bfa0
reloadAllAccessors: .TestRequireCorrectOrder

===========================================================================================
----------------- testing Thu Jul 11 01:56:31 UTC 2019 /home/travis/build/icyphy/ptII/ptolemy/actor/lib/test/auto/TestSimple.xml
----------------- Instantiating /home/travis/build/icyphy/ptII/ptolemy/actor/lib/test/auto/TestSimple.xml
1 ms. Memory: 670720K Free: 580775K (87%)
----------------- Invoking toplevel() on ptolemy.moml.MoMLSimpleApplication@784eeff1
----------------- Done invoking toplevel() on ptolemy.moml.MoMLSimpleApplication@784eeff1
reloadAllAccessors: .TestSimple

===========================================================================================
----------------- testing Thu Jul 11 01:56:31 UTC 2019 /home/travis/build/icyphy/ptII/ptolemy/actor/lib/test/auto/ThrowModelError.xml
----------------- Instantiating /home/travis/build/icyphy/ptII/ptolemy/actor/lib/test/auto/ThrowModelError.xml
1 ms. Memory: 670720K Free: 575655K (86%)
----------------- Invoking toplevel() on ptolemy.moml.MoMLSimpleApplication@47e53d82
----------------- Done invoking toplevel() on ptolemy.moml.MoMLSimpleApplication@47e53d82
reloadAllAccessors: .ThrowModelError

===========================================================================================
----------------- testing Thu Jul 11 01:56:31 UTC 2019 /home/travis/build/icyphy/ptII/ptolemy/actor/lib/test/auto/TimeDelayMicrosteps.xml
----------------- Instantiating /home/travis/build/icyphy/ptII/ptolemy/actor/lib/test/auto/TimeDelayMicrosteps.xml
2 ms. Memory: 670720K Free: 569001K (85%)
----------------- Invoking toplevel() on ptolemy.moml.MoMLSimpleApplication@1a7b4f94
----------------- Done invoking toplevel() on ptolemy.moml.MoMLSimpleApplication@1a7b4f94
reloadAllAccessors: .TimeDelayMicrosteps

===========================================================================================
----------------- testing Thu Jul 11 01:56:31 UTC 2019 /home/travis/build/icyphy/ptII/ptolemy/actor/lib/test/auto/TimeDelayMicrosteps2.xml
----------------- Instantiating /home/travis/build/icyphy/ptII/ptolemy/actor/lib/test/auto/TimeDelayMicrosteps2.xml
5 ms. Memory: 670720K Free: 561833K (84%)
----------------- Invoking toplevel() on ptolemy.moml.MoMLSimpleApplication@538daf10
----------------- Done invoking toplevel() on ptolemy.moml.MoMLSimpleApplication@538daf10
reloadAllAccessors: .TimeDelayMicrosteps2

===========================================================================================
----------------- testing Thu Jul 11 01:56:31 UTC 2019 /home/travis/build/icyphy/ptII/ptolemy/actor/lib/test/auto/TimeDelayMicrosteps3.xml
----------------- Instantiating /home/travis/build/icyphy/ptII/ptolemy/actor/lib/test/auto/TimeDelayMicrosteps3.xml
4 ms. Memory: 670720K Free: 554665K (83%)
----------------- Invoking toplevel() on ptolemy.moml.MoMLSimpleApplication@195cab99
----------------- Done invoking toplevel() on ptolemy.moml.MoMLSimpleApplication@195cab99
reloadAllAccessors: .TimeDelayMicrosteps3

===========================================================================================
----------------- testing Thu Jul 11 01:56:31 UTC 2019 /home/travis/build/icyphy/ptII/ptolemy/actor/lib/test/auto/TimeDelayVariableMicrosteps.xml
----------------- Instantiating /home/travis/build/icyphy/ptII/ptolemy/actor/lib/test/auto/TimeDelayVariableMicrosteps.xml
4 ms. Memory: 670720K Free: 548521K (82%)
----------------- Invoking toplevel() on ptolemy.moml.MoMLSimpleApplication@213cbcc8
----------------- Done invoking toplevel() on ptolemy.moml.MoMLSimpleApplication@213cbcc8
reloadAllAccessors: .TimeDelayVariableMicrosteps

===========================================================================================
----------------- testing Thu Jul 11 01:56:31 UTC 2019 /home/travis/build/icyphy/ptII/ptolemy/actor/lib/test/auto/TimeGap.xml
----------------- Instantiating /home/travis/build/icyphy/ptII/ptolemy/actor/lib/test/auto/TimeGap.xml
4 ms. Memory: 670720K Free: 542856K (81%)
----------------- Invoking toplevel() on ptolemy.moml.MoMLSimpleApplication@4788eac2
----------------- Done invoking toplevel() on ptolemy.moml.MoMLSimpleApplication@4788eac2
reloadAllAccessors: .TimeGap

===========================================================================================
----------------- testing Thu Jul 11 01:56:31 UTC 2019 /home/travis/build/icyphy/ptII/ptolemy/actor/lib/test/auto/TimeGap2.xml
----------------- Instantiating /home/travis/build/icyphy/ptII/ptolemy/actor/lib/test/auto/TimeGap2.xml
2 ms. Memory: 670720K Free: 537257K (80%)
----------------- Invoking toplevel() on ptolemy.moml.MoMLSimpleApplication@686d4740
----------------- Done invoking toplevel() on ptolemy.moml.MoMLSimpleApplication@686d4740
reloadAllAccessors: .TimeGap2

===========================================================================================
----------------- testing Thu Jul 11 01:56:31 UTC 2019 /home/travis/build/icyphy/ptII/ptolemy/actor/lib/test/auto/TimedSinewave.xml
----------------- Instantiating /home/travis/build/icyphy/ptII/ptolemy/actor/lib/test/auto/TimedSinewave.xml
33 ms. Memory: 670720K Free: 522921K (78%)
----------------- Invoking toplevel() on ptolemy.moml.MoMLSimpleApplication@15ace113
----------------- Done invoking toplevel() on ptolemy.moml.MoMLSimpleApplication@15ace113
reloadAllAccessors: .TimedSinewave

===========================================================================================
----------------- testing Thu Jul 11 01:56:31 UTC 2019 /home/travis/build/icyphy/ptII/ptolemy/actor/lib/test/auto/TimedSinewavePhase.xml
----------------- Instantiating /home/travis/build/icyphy/ptII/ptolemy/actor/lib/test/auto/TimedSinewavePhase.xml
10 ms. Memory: 670720K Free: 512681K (76%)
----------------- Invoking toplevel() on ptolemy.moml.MoMLSimpleApplication@4b98b4ba
----------------- Done invoking toplevel() on ptolemy.moml.MoMLSimpleApplication@4b98b4ba
reloadAllAccessors: .TimedSinewavePhase

===========================================================================================
----------------- testing Thu Jul 11 01:56:31 UTC 2019 /home/travis/build/icyphy/ptII/ptolemy/actor/lib/test/auto/Timer.xml
----------------- Instantiating /home/travis/build/icyphy/ptII/ptolemy/actor/lib/test/auto/Timer.xml
3 ms. Memory: 670720K Free: 507032K (76%)
----------------- Invoking toplevel() on ptolemy.moml.MoMLSimpleApplication@4b551e69
----------------- Done invoking toplevel() on ptolemy.moml.MoMLSimpleApplication@4b551e69
reloadAllAccessors: .Timer

===========================================================================================
----------------- testing Thu Jul 11 01:56:31 UTC 2019 /home/travis/build/icyphy/ptII/ptolemy/actor/lib/test/auto/TriangularDistTestModel.xml
----------------- Instantiating /home/travis/build/icyphy/ptII/ptolemy/actor/lib/test/auto/TriangularDistTestModel.xml
3 ms. Memory: 670720K Free: 500888K (75%)
----------------- Invoking toplevel() on ptolemy.moml.MoMLSimpleApplication@d479630
----------------- Done invoking toplevel() on ptolemy.moml.MoMLSimpleApplication@d479630
reloadAllAccessors: .TriangularDistTestModel

===========================================================================================
----------------- testing Thu Jul 11 01:56:31 UTC 2019 /home/travis/build/icyphy/ptII/ptolemy/actor/lib/test/auto/TrigFunction.xml
----------------- Instantiating /home/travis/build/icyphy/ptII/ptolemy/actor/lib/test/auto/TrigFunction.xml
1 ms. Memory: 670720K Free: 496297K (74%)
----------------- Invoking toplevel() on ptolemy.moml.MoMLSimpleApplication@25d7ae72
----------------- Done invoking toplevel() on ptolemy.moml.MoMLSimpleApplication@25d7ae72
reloadAllAccessors: .TrigFunction

===========================================================================================
----------------- testing Thu Jul 11 01:56:31 UTC 2019 /home/travis/build/icyphy/ptII/ptolemy/actor/lib/test/auto/TrigFunctionDE.xml
----------------- Instantiating /home/travis/build/icyphy/ptII/ptolemy/actor/lib/test/auto/TrigFunctionDE.xml
2 ms. Memory: 670720K Free: 490656K (73%)
----------------- Invoking toplevel() on ptolemy.moml.MoMLSimpleApplication@2783e45d
----------------- Done invoking toplevel() on ptolemy.moml.MoMLSimpleApplication@2783e45d
reloadAllAccessors: .TrigFunctionDE

===========================================================================================
----------------- testing Thu Jul 11 01:56:31 UTC 2019 /home/travis/build/icyphy/ptII/ptolemy/actor/lib/test/auto/TrigFunctionInverse.xml
----------------- Instantiating /home/travis/build/icyphy/ptII/ptolemy/actor/lib/test/auto/TrigFunctionInverse.xml
2 ms. Memory: 670720K Free: 485033K (72%)
----------------- Invoking toplevel() on ptolemy.moml.MoMLSimpleApplication@1e08006f
----------------- Done invoking toplevel() on ptolemy.moml.MoMLSimpleApplication@1e08006f
reloadAllAccessors: .TrigFunctionInverse

===========================================================================================
----------------- testing Thu Jul 11 01:56:31 UTC 2019 /home/travis/build/icyphy/ptII/ptolemy/actor/lib/test/auto/TrigFunctionTan.xml
----------------- Instantiating /home/travis/build/icyphy/ptII/ptolemy/actor/lib/test/auto/TrigFunctionTan.xml
2 ms. Memory: 670720K Free: 479913K (72%)
----------------- Invoking toplevel() on ptolemy.moml.MoMLSimpleApplication@3e96f674
----------------- Done invoking toplevel() on ptolemy.moml.MoMLSimpleApplication@3e96f674
reloadAllAccessors: .TrigFunctionTan

===========================================================================================
----------------- testing Thu Jul 11 01:56:31 UTC 2019 /home/travis/build/icyphy/ptII/ptolemy/actor/lib/test/auto/TriggeredClock.xml
----------------- Instantiating /home/travis/build/icyphy/ptII/ptolemy/actor/lib/test/auto/TriggeredClock.xml
2 ms. Memory: 670720K Free: 474760K (71%)
----------------- Invoking toplevel() on ptolemy.moml.MoMLSimpleApplication@1a054608
----------------- Done invoking toplevel() on ptolemy.moml.MoMLSimpleApplication@1a054608
reloadAllAccessors: .TriggeredClock

===========================================================================================
----------------- testing Thu Jul 11 01:56:31 UTC 2019 /home/travis/build/icyphy/ptII/ptolemy/actor/lib/test/auto/URLDirectoryReader.xml
----------------- Instantiating /home/travis/build/icyphy/ptII/ptolemy/actor/lib/test/auto/URLDirectoryReader.xml
42 ms. Memory: 670720K Free: 465577K (69%)
----------------- Invoking toplevel() on ptolemy.moml.MoMLSimpleApplication@a6f9275
----------------- Done invoking toplevel() on ptolemy.moml.MoMLSimpleApplication@a6f9275
reloadAllAccessors: .URLDirectoryReader

===========================================================================================
----------------- testing Thu Jul 11 01:56:31 UTC 2019 /home/travis/build/icyphy/ptII/ptolemy/actor/lib/test/auto/URLDirectoryReader3.xml
----------------- Instantiating /home/travis/build/icyphy/ptII/ptolemy/actor/lib/test/auto/URLDirectoryReader3.xml
1292 ms. Memory: 670720K Free: 611186K (91%)
----------------- Invoking toplevel() on ptolemy.moml.MoMLSimpleApplication@67e1e81c
----------------- Done invoking toplevel() on ptolemy.moml.MoMLSimpleApplication@67e1e81c
reloadAllAccessors: .URLDirectoryReader3

===========================================================================================
----------------- testing Thu Jul 11 01:56:33 UTC 2019 /home/travis/build/icyphy/ptII/ptolemy/actor/lib/test/auto/UnaryMathFunction.xml
----------------- Instantiating /home/travis/build/icyphy/ptII/ptolemy/actor/lib/test/auto/UnaryMathFunction.xml
2 ms. Memory: 670720K Free: 602993K (90%)
----------------- Invoking toplevel() on ptolemy.moml.MoMLSimpleApplication@24d65317
----------------- Done invoking toplevel() on ptolemy.moml.MoMLSimpleApplication@24d65317
reloadAllAccessors: .UnaryMathFunction

===========================================================================================
----------------- testing Thu Jul 11 01:56:33 UTC 2019 /home/travis/build/icyphy/ptII/ptolemy/actor/lib/test/auto/Uniform.xml
----------------- Instantiating /home/travis/build/icyphy/ptII/ptolemy/actor/lib/test/auto/Uniform.xml
2 ms. Memory: 670720K Free: 598377K (89%)
----------------- Invoking toplevel() on ptolemy.moml.MoMLSimpleApplication@6e35804c
----------------- Done invoking toplevel() on ptolemy.moml.MoMLSimpleApplication@6e35804c
reloadAllAccessors: .Uniform

===========================================================================================
----------------- testing Thu Jul 11 01:56:33 UTC 2019 /home/travis/build/icyphy/ptII/ptolemy/actor/lib/test/auto/UnionDisassemblerTest.xml
----------------- Instantiating /home/travis/build/icyphy/ptII/ptolemy/actor/lib/test/auto/UnionDisassemblerTest.xml
9 ms. Memory: 670720K Free: 594273K (89%)
----------------- Invoking toplevel() on ptolemy.moml.MoMLSimpleApplication@205618fb
----------------- Done invoking toplevel() on ptolemy.moml.MoMLSimpleApplication@205618fb
reloadAllAccessors: .UnionDisassemblerTest

===========================================================================================
----------------- testing Thu Jul 11 01:56:33 UTC 2019 /home/travis/build/icyphy/ptII/ptolemy/actor/lib/test/auto/UtilityFunctions.xml
----------------- Instantiating /home/travis/build/icyphy/ptII/ptolemy/actor/lib/test/auto/UtilityFunctions.xml
1 ms. Memory: 670720K Free: 590705K (88%)
----------------- Invoking toplevel() on ptolemy.moml.MoMLSimpleApplication@25fe753c
----------------- Done invoking toplevel() on ptolemy.moml.MoMLSimpleApplication@25fe753c
reloadAllAccessors: .UtilityFunctions

===========================================================================================
----------------- testing Thu Jul 11 01:56:33 UTC 2019 /home/travis/build/icyphy/ptII/ptolemy/actor/lib/test/auto/VariableSleep.xml
----------------- Instantiating /home/travis/build/icyphy/ptII/ptolemy/actor/lib/test/auto/VariableSleep.xml
504 ms. Memory: 670720K Free: 585071K (87%)
----------------- Invoking toplevel() on ptolemy.moml.MoMLSimpleApplication@3df2c15
----------------- Done invoking toplevel() on ptolemy.moml.MoMLSimpleApplication@3df2c15
reloadAllAccessors: .VariableSleep

===========================================================================================
----------------- testing Thu Jul 11 01:56:33 UTC 2019 /home/travis/build/icyphy/ptII/ptolemy/actor/lib/test/auto/VectorAssemblerDisassemblerCT.xml
----------------- Instantiating /home/travis/build/icyphy/ptII/ptolemy/actor/lib/test/auto/VectorAssemblerDisassemblerCT.xml
83 ms. Memory: 670720K Free: 565105K (84%)
----------------- Invoking toplevel() on ptolemy.moml.MoMLSimpleApplication@16005aec
----------------- Done invoking toplevel() on ptolemy.moml.MoMLSimpleApplication@16005aec
reloadAllAccessors: .VectorAssemblerDisassemblerCT

===========================================================================================
----------------- testing Thu Jul 11 01:56:33 UTC 2019 /home/travis/build/icyphy/ptII/ptolemy/actor/lib/test/auto/VectorAssemblerDisassemblerDE.xml
----------------- Instantiating /home/travis/build/icyphy/ptII/ptolemy/actor/lib/test/auto/VectorAssemblerDisassemblerDE.xml
3 ms. Memory: 670720K Free: 557423K (83%)
----------------- Invoking toplevel() on ptolemy.moml.MoMLSimpleApplication@323159e8
----------------- Done invoking toplevel() on ptolemy.moml.MoMLSimpleApplication@323159e8
reloadAllAccessors: .VectorAssemblerDisassemblerDE

===========================================================================================
----------------- testing Thu Jul 11 01:56:33 UTC 2019 /home/travis/build/icyphy/ptII/ptolemy/actor/lib/test/auto/VectorAssemblerDisassemblerSDF.xml
----------------- Instantiating /home/travis/build/icyphy/ptII/ptolemy/actor/lib/test/auto/VectorAssemblerDisassemblerSDF.xml
2 ms. Memory: 670720K Free: 551265K (82%)
----------------- Invoking toplevel() on ptolemy.moml.MoMLSimpleApplication@4c89e3ea
----------------- Done invoking toplevel() on ptolemy.moml.MoMLSimpleApplication@4c89e3ea
reloadAllAccessors: .VectorAssemblerDisassemblerSDF

===========================================================================================
----------------- testing Thu Jul 11 01:56:33 UTC 2019 /home/travis/build/icyphy/ptII/ptolemy/actor/lib/test/auto/WallClockTime.xml
----------------- Instantiating /home/travis/build/icyphy/ptII/ptolemy/actor/lib/test/auto/WallClockTime.xml
1005 ms. Memory: 670720K Free: 545649K (81%)
----------------- Invoking toplevel() on ptolemy.moml.MoMLSimpleApplication@23f733c1
----------------- Done invoking toplevel() on ptolemy.moml.MoMLSimpleApplication@23f733c1
reloadAllAccessors: .WallClockTime

===========================================================================================
----------------- testing Thu Jul 11 01:56:34 UTC 2019 /home/travis/build/icyphy/ptII/ptolemy/actor/lib/test/auto/WidthTestWithSubscriberPublisher.xml
----------------- Instantiating /home/travis/build/icyphy/ptII/ptolemy/actor/lib/test/auto/WidthTestWithSubscriberPublisher.xml
8 ms. Memory: 670720K Free: 528241K (79%)
----------------- Invoking toplevel() on ptolemy.moml.MoMLSimpleApplication@1107d9f8
----------------- Done invoking toplevel() on ptolemy.moml.MoMLSimpleApplication@1107d9f8
reloadAllAccessors: .WidthTestWithSubscriberPublisher

===========================================================================================
----------------- testing Thu Jul 11 01:56:35 UTC 2019 /home/travis/build/icyphy/ptII/ptolemy/actor/lib/test/auto/WidthTestWithSubscriberPublisher2.xml
----------------- Instantiating /home/travis/build/icyphy/ptII/ptolemy/actor/lib/test/auto/WidthTestWithSubscriberPublisher2.xml
2 ms. Memory: 670720K Free: 522097K (78%)
----------------- Invoking toplevel() on ptolemy.moml.MoMLSimpleApplication@5c10a1fe
----------------- Done invoking toplevel() on ptolemy.moml.MoMLSimpleApplication@5c10a1fe
reloadAllAccessors: .WidthTestWithSubscriberPublisher2

===========================================================================================
----------------- testing Thu Jul 11 01:56:35 UTC 2019 /home/travis/build/icyphy/ptII/ptolemy/actor/lib/test/auto/WidthTestWithSubscriberPublisher3.xml
----------------- Instantiating /home/travis/build/icyphy/ptII/ptolemy/actor/lib/test/auto/WidthTestWithSubscriberPublisher3.xml
1 ms. Memory: 670720K Free: 515439K (77%)
----------------- Invoking toplevel() on ptolemy.moml.MoMLSimpleApplication@681cc8db
----------------- Done invoking toplevel() on ptolemy.moml.MoMLSimpleApplication@681cc8db
reloadAllAccessors: .WidthTestWithSubscriberPublisher3

===========================================================================================
----------------- testing Thu Jul 11 01:56:35 UTC 2019 /home/travis/build/icyphy/ptII/ptolemy/actor/lib/test/auto/Writer.xml
----------------- Instantiating /home/travis/build/icyphy/ptII/ptolemy/actor/lib/test/auto/Writer.xml
0
1
2
3
4
1 ms. Memory: 670720K Free: 511337K (76%)
----------------- Invoking toplevel() on ptolemy.moml.MoMLSimpleApplication@963df77
----------------- Done invoking toplevel() on ptolemy.moml.MoMLSimpleApplication@963df77
reloadAllAccessors: .Writer

===========================================================================================
----------------- testing Thu Jul 11 01:56:35 UTC 2019 /home/travis/build/icyphy/ptII/ptolemy/actor/lib/test/auto/array.xml
----------------- Instantiating /home/travis/build/icyphy/ptII/ptolemy/actor/lib/test/auto/array.xml
2 ms. Memory: 670720K Free: 506223K (75%)
----------------- Invoking toplevel() on ptolemy.moml.MoMLSimpleApplication@83d7c89
----------------- Done invoking toplevel() on ptolemy.moml.MoMLSimpleApplication@83d7c89
reloadAllAccessors: .array

===========================================================================================
----------------- testing Thu Jul 11 01:56:35 UTC 2019 /home/travis/build/icyphy/ptII/ptolemy/actor/lib/test/auto/array2.xml
----------------- Instantiating /home/travis/build/icyphy/ptII/ptolemy/actor/lib/test/auto/array2.xml
8 ms. Memory: 670720K Free: 501617K (75%)
----------------- Invoking toplevel() on ptolemy.moml.MoMLSimpleApplication@b943d0a
----------------- Done invoking toplevel() on ptolemy.moml.MoMLSimpleApplication@b943d0a
reloadAllAccessors: .array2

===========================================================================================
----------------- testing Thu Jul 11 01:56:35 UTC 2019 /home/travis/build/icyphy/ptII/ptolemy/actor/lib/test/auto/arrayType.xml
----------------- Instantiating /home/travis/build/icyphy/ptII/ptolemy/actor/lib/test/auto/arrayType.xml
2 ms. Memory: 670720K Free: 495983K (74%)
----------------- Invoking toplevel() on ptolemy.moml.MoMLSimpleApplication@2763d471
----------------- Done invoking toplevel() on ptolemy.moml.MoMLSimpleApplication@2763d471
reloadAllAccessors: .arrayType

===========================================================================================
----------------- testing Thu Jul 11 01:56:35 UTC 2019 /home/travis/build/icyphy/ptII/ptolemy/actor/lib/test/auto/arrayType10.xml
----------------- Instantiating /home/travis/build/icyphy/ptII/ptolemy/actor/lib/test/auto/arrayType10.xml
1 ms. Memory: 670720K Free: 491377K (73%)
----------------- Invoking toplevel() on ptolemy.moml.MoMLSimpleApplication@36025656
----------------- Done invoking toplevel() on ptolemy.moml.MoMLSimpleApplication@36025656
reloadAllAccessors: .arrayType10

===========================================================================================
----------------- testing Thu Jul 11 01:56:35 UTC 2019 /home/travis/build/icyphy/ptII/ptolemy/actor/lib/test/auto/arrayType11.xml
----------------- Instantiating /home/travis/build/icyphy/ptII/ptolemy/actor/lib/test/auto/arrayType11.xml
1 ms. Memory: 670720K Free: 486257K (72%)
----------------- Invoking toplevel() on ptolemy.moml.MoMLSimpleApplication@574cf25b
----------------- Done invoking toplevel() on ptolemy.moml.MoMLSimpleApplication@574cf25b
reloadAllAccessors: .arrayType11

===========================================================================================
----------------- testing Thu Jul 11 01:56:35 UTC 2019 /home/travis/build/icyphy/ptII/ptolemy/actor/lib/test/auto/arrayType12.xml
----------------- Instantiating /home/travis/build/icyphy/ptII/ptolemy/actor/lib/test/auto/arrayType12.xml
1 ms. Memory: 670720K Free: 481647K (72%)
----------------- Invoking toplevel() on ptolemy.moml.MoMLSimpleApplication@7d787660
----------------- Done invoking toplevel() on ptolemy.moml.MoMLSimpleApplication@7d787660
reloadAllAccessors: .arrayType12

===========================================================================================
----------------- testing Thu Jul 11 01:56:35 UTC 2019 /home/travis/build/icyphy/ptII/ptolemy/actor/lib/test/auto/arrayType13.xml
----------------- Instantiating /home/travis/build/icyphy/ptII/ptolemy/actor/lib/test/auto/arrayType13.xml
1 ms. Memory: 670720K Free: 476017K (71%)
----------------- Invoking toplevel() on ptolemy.moml.MoMLSimpleApplication@1fcb4d3a
----------------- Done invoking toplevel() on ptolemy.moml.MoMLSimpleApplication@1fcb4d3a
reloadAllAccessors: .arrayType13

===========================================================================================
----------------- testing Thu Jul 11 01:56:35 UTC 2019 /home/travis/build/icyphy/ptII/ptolemy/actor/lib/test/auto/arrayType14.xml
----------------- Instantiating /home/travis/build/icyphy/ptII/ptolemy/actor/lib/test/auto/arrayType14.xml
2 ms. Memory: 670720K Free: 470897K (70%)
----------------- Invoking toplevel() on ptolemy.moml.MoMLSimpleApplication@33b917ae
----------------- Done invoking toplevel() on ptolemy.moml.MoMLSimpleApplication@33b917ae
reloadAllAccessors: .arrayType14

===========================================================================================
----------------- testing Thu Jul 11 01:56:35 UTC 2019 /home/travis/build/icyphy/ptII/ptolemy/actor/lib/test/auto/arrayType15.xml
----------------- Instantiating /home/travis/build/icyphy/ptII/ptolemy/actor/lib/test/auto/arrayType15.xml
3 ms. Memory: 670720K Free: 465263K (69%)
----------------- Invoking toplevel() on ptolemy.moml.MoMLSimpleApplication@2bc17a2d
----------------- Done invoking toplevel() on ptolemy.moml.MoMLSimpleApplication@2bc17a2d
reloadAllAccessors: .arrayType15

===========================================================================================
----------------- testing Thu Jul 11 01:56:35 UTC 2019 /home/travis/build/icyphy/ptII/ptolemy/actor/lib/test/auto/arrayType16.xml
----------------- Instantiating /home/travis/build/icyphy/ptII/ptolemy/actor/lib/test/auto/arrayType16.xml
1 ms. Memory: 670720K Free: 460143K (69%)
----------------- Invoking toplevel() on ptolemy.moml.MoMLSimpleApplication@725a63bd
----------------- Done invoking toplevel() on ptolemy.moml.MoMLSimpleApplication@725a63bd
reloadAllAccessors: .arrayType16

===========================================================================================
----------------- testing Thu Jul 11 01:56:35 UTC 2019 /home/travis/build/icyphy/ptII/ptolemy/actor/lib/test/auto/arrayType17.xml
----------------- Instantiating /home/travis/build/icyphy/ptII/ptolemy/actor/lib/test/auto/arrayType17.xml
1 ms. Memory: 670720K Free: 454513K (68%)
----------------- Invoking toplevel() on ptolemy.moml.MoMLSimpleApplication@5b88a128
----------------- Done invoking toplevel() on ptolemy.moml.MoMLSimpleApplication@5b88a128
reloadAllAccessors: .arrayType17

===========================================================================================
----------------- testing Thu Jul 11 01:56:35 UTC 2019 /home/travis/build/icyphy/ptII/ptolemy/actor/lib/test/auto/arrayType18.xml
----------------- Instantiating /home/travis/build/icyphy/ptII/ptolemy/actor/lib/test/auto/arrayType18.xml
2 ms. Memory: 670720K Free: 449903K (67%)
----------------- Invoking toplevel() on ptolemy.moml.MoMLSimpleApplication@503e4433
----------------- Done invoking toplevel() on ptolemy.moml.MoMLSimpleApplication@503e4433
reloadAllAccessors: .arrayType18

===========================================================================================
----------------- testing Thu Jul 11 01:56:35 UTC 2019 /home/travis/build/icyphy/ptII/ptolemy/actor/lib/test/auto/arrayType19.xml
----------------- Instantiating /home/travis/build/icyphy/ptII/ptolemy/actor/lib/test/auto/arrayType19.xml
1 ms. Memory: 670720K Free: 444783K (66%)
----------------- Invoking toplevel() on ptolemy.moml.MoMLSimpleApplication@175c8dce
----------------- Done invoking toplevel() on ptolemy.moml.MoMLSimpleApplication@175c8dce
reloadAllAccessors: .arrayType19

===========================================================================================
----------------- testing Thu Jul 11 01:56:35 UTC 2019 /home/travis/build/icyphy/ptII/ptolemy/actor/lib/test/auto/arrayType2.xml
----------------- Instantiating /home/travis/build/icyphy/ptII/ptolemy/actor/lib/test/auto/arrayType2.xml
2 ms. Memory: 670720K Free: 439663K (66%)
----------------- Invoking toplevel() on ptolemy.moml.MoMLSimpleApplication@787b1c33
----------------- Done invoking toplevel() on ptolemy.moml.MoMLSimpleApplication@787b1c33
reloadAllAccessors: .arrayType2

===========================================================================================
----------------- testing Thu Jul 11 01:56:35 UTC 2019 /home/travis/build/icyphy/ptII/ptolemy/actor/lib/test/auto/arrayType20.xml
----------------- Instantiating /home/travis/build/icyphy/ptII/ptolemy/actor/lib/test/auto/arrayType20.xml
3 ms. Memory: 670720K Free: 434543K (65%)
----------------- Invoking toplevel() on ptolemy.moml.MoMLSimpleApplication@6f54a6d5
----------------- Done invoking toplevel() on ptolemy.moml.MoMLSimpleApplication@6f54a6d5
reloadAllAccessors: .arrayType20

===========================================================================================
----------------- testing Thu Jul 11 01:56:35 UTC 2019 /home/travis/build/icyphy/ptII/ptolemy/actor/lib/test/auto/arrayType21.xml
----------------- Instantiating /home/travis/build/icyphy/ptII/ptolemy/actor/lib/test/auto/arrayType21.xml
2 ms. Memory: 670720K Free: 429937K (64%)
----------------- Invoking toplevel() on ptolemy.moml.MoMLSimpleApplication@3598558f
----------------- Done invoking toplevel() on ptolemy.moml.MoMLSimpleApplication@3598558f
reloadAllAccessors: .arrayType21

===========================================================================================
----------------- testing Thu Jul 11 01:56:35 UTC 2019 /home/travis/build/icyphy/ptII/ptolemy/actor/lib/test/auto/arrayType22.xml
----------------- Instantiating /home/travis/build/icyphy/ptII/ptolemy/actor/lib/test/auto/arrayType22.xml
1 ms. Memory: 670720K Free: 424817K (63%)
----------------- Invoking toplevel() on ptolemy.moml.MoMLSimpleApplication@228e050e
----------------- Done invoking toplevel() on ptolemy.moml.MoMLSimpleApplication@228e050e
reloadAllAccessors: .arrayType22

===========================================================================================
----------------- testing Thu Jul 11 01:56:35 UTC 2019 /home/travis/build/icyphy/ptII/ptolemy/actor/lib/test/auto/arrayType23.xml
----------------- Instantiating /home/travis/build/icyphy/ptII/ptolemy/actor/lib/test/auto/arrayType23.xml
1 ms. Memory: 670720K Free: 420207K (63%)
----------------- Invoking toplevel() on ptolemy.moml.MoMLSimpleApplication@2b4dc077
----------------- Done invoking toplevel() on ptolemy.moml.MoMLSimpleApplication@2b4dc077
reloadAllAccessors: .arrayType23

===========================================================================================
----------------- testing Thu Jul 11 01:56:35 UTC 2019 /home/travis/build/icyphy/ptII/ptolemy/actor/lib/test/auto/arrayType24.xml
----------------- Instantiating /home/travis/build/icyphy/ptII/ptolemy/actor/lib/test/auto/arrayType24.xml
1 ms. Memory: 670720K Free: 415087K (62%)
----------------- Invoking toplevel() on ptolemy.moml.MoMLSimpleApplication@45485a73
----------------- Done invoking toplevel() on ptolemy.moml.MoMLSimpleApplication@45485a73
reloadAllAccessors: .arrayType24

===========================================================================================
----------------- testing Thu Jul 11 01:56:35 UTC 2019 /home/travis/build/icyphy/ptII/ptolemy/actor/lib/test/auto/arrayType25.xml
----------------- Instantiating /home/travis/build/icyphy/ptII/ptolemy/actor/lib/test/auto/arrayType25.xml
1 ms. Memory: 670720K Free: 409967K (61%)
----------------- Invoking toplevel() on ptolemy.moml.MoMLSimpleApplication@6544b7dc
----------------- Done invoking toplevel() on ptolemy.moml.MoMLSimpleApplication@6544b7dc
reloadAllAccessors: .arrayType25

===========================================================================================
----------------- testing Thu Jul 11 01:56:35 UTC 2019 /home/travis/build/icyphy/ptII/ptolemy/actor/lib/test/auto/arrayType26.xml
----------------- Instantiating /home/travis/build/icyphy/ptII/ptolemy/actor/lib/test/auto/arrayType26.xml
1 ms. Memory: 670720K Free: 404337K (60%)
----------------- Invoking toplevel() on ptolemy.moml.MoMLSimpleApplication@3c6083be
----------------- Done invoking toplevel() on ptolemy.moml.MoMLSimpleApplication@3c6083be
reloadAllAccessors: .arrayType26

===========================================================================================
----------------- testing Thu Jul 11 01:56:35 UTC 2019 /home/travis/build/icyphy/ptII/ptolemy/actor/lib/test/auto/arrayType27.xml
----------------- Instantiating /home/travis/build/icyphy/ptII/ptolemy/actor/lib/test/auto/arrayType27.xml
2 ms. Memory: 670720K Free: 399217K (60%)
----------------- Invoking toplevel() on ptolemy.moml.MoMLSimpleApplication@33876eb6
----------------- Done invoking toplevel() on ptolemy.moml.MoMLSimpleApplication@33876eb6
reloadAllAccessors: .arrayType27

===========================================================================================
----------------- testing Thu Jul 11 01:56:35 UTC 2019 /home/travis/build/icyphy/ptII/ptolemy/actor/lib/test/auto/arrayType28.xml
----------------- Instantiating /home/travis/build/icyphy/ptII/ptolemy/actor/lib/test/auto/arrayType28.xml
11 ms. Memory: 670720K Free: 393583K (59%)
----------------- Invoking toplevel() on ptolemy.moml.MoMLSimpleApplication@37f48685
----------------- Done invoking toplevel() on ptolemy.moml.MoMLSimpleApplication@37f48685
reloadAllAccessors: .arrayType28

===========================================================================================
----------------- testing Thu Jul 11 01:56:35 UTC 2019 /home/travis/build/icyphy/ptII/ptolemy/actor/lib/test/auto/arrayType3.xml
----------------- Instantiating /home/travis/build/icyphy/ptII/ptolemy/actor/lib/test/auto/arrayType3.xml
2 ms. Memory: 670720K Free: 388463K (58%)
----------------- Invoking toplevel() on ptolemy.moml.MoMLSimpleApplication@c3cbe93
----------------- Done invoking toplevel() on ptolemy.moml.MoMLSimpleApplication@c3cbe93
reloadAllAccessors: .arrayType3

===========================================================================================
----------------- testing Thu Jul 11 01:56:35 UTC 2019 /home/travis/build/icyphy/ptII/ptolemy/actor/lib/test/auto/arrayType4.xml
----------------- Instantiating /home/travis/build/icyphy/ptII/ptolemy/actor/lib/test/auto/arrayType4.xml
2 ms. Memory: 670720K Free: 382833K (57%)
----------------- Invoking toplevel() on ptolemy.moml.MoMLSimpleApplication@7b09764f
----------------- Done invoking toplevel() on ptolemy.moml.MoMLSimpleApplication@7b09764f
reloadAllAccessors: .arrayType4

===========================================================================================
----------------- testing Thu Jul 11 01:56:35 UTC 2019 /home/travis/build/icyphy/ptII/ptolemy/actor/lib/test/auto/arrayType5.xml
----------------- Instantiating /home/travis/build/icyphy/ptII/ptolemy/actor/lib/test/auto/arrayType5.xml
1 ms. Memory: 670720K Free: 377713K (56%)
----------------- Invoking toplevel() on ptolemy.moml.MoMLSimpleApplication@78282afd
----------------- Done invoking toplevel() on ptolemy.moml.MoMLSimpleApplication@78282afd
reloadAllAccessors: .arrayType5

===========================================================================================
----------------- testing Thu Jul 11 01:56:35 UTC 2019 /home/travis/build/icyphy/ptII/ptolemy/actor/lib/test/auto/arrayType6.xml
----------------- Instantiating /home/travis/build/icyphy/ptII/ptolemy/actor/lib/test/auto/arrayType6.xml
2 ms. Memory: 670720K Free: 373103K (56%)
----------------- Invoking toplevel() on ptolemy.moml.MoMLSimpleApplication@151879d1
----------------- Done invoking toplevel() on ptolemy.moml.MoMLSimpleApplication@151879d1
reloadAllAccessors: .arrayType6

===========================================================================================
----------------- testing Thu Jul 11 01:56:35 UTC 2019 /home/travis/build/icyphy/ptII/ptolemy/actor/lib/test/auto/arrayType7.xml
----------------- Instantiating /home/travis/build/icyphy/ptII/ptolemy/actor/lib/test/auto/arrayType7.xml
1 ms. Memory: 670720K Free: 367983K (55%)
----------------- Invoking toplevel() on ptolemy.moml.MoMLSimpleApplication@6c5ee3f8
----------------- Done invoking toplevel() on ptolemy.moml.MoMLSimpleApplication@6c5ee3f8
reloadAllAccessors: .arrayType7

===========================================================================================
----------------- testing Thu Jul 11 01:56:35 UTC 2019 /home/travis/build/icyphy/ptII/ptolemy/actor/lib/test/auto/arrayType8.xml
----------------- Instantiating /home/travis/build/icyphy/ptII/ptolemy/actor/lib/test/auto/arrayType8.xml
1 ms. Memory: 670720K Free: 363377K (54%)
----------------- Invoking toplevel() on ptolemy.moml.MoMLSimpleApplication@19398b0c
----------------- Done invoking toplevel() on ptolemy.moml.MoMLSimpleApplication@19398b0c
reloadAllAccessors: .arrayType8

===========================================================================================
----------------- testing Thu Jul 11 01:56:35 UTC 2019 /home/travis/build/icyphy/ptII/ptolemy/actor/lib/test/auto/arrayType9.xml
----------------- Instantiating /home/travis/build/icyphy/ptII/ptolemy/actor/lib/test/auto/arrayType9.xml
1 ms. Memory: 670720K Free: 358257K (53%)
----------------- Invoking toplevel() on ptolemy.moml.MoMLSimpleApplication@557c0321
----------------- Done invoking toplevel() on ptolemy.moml.MoMLSimpleApplication@557c0321
reloadAllAccessors: .arrayType9

===========================================================================================
----------------- testing Thu Jul 11 01:56:35 UTC 2019 /home/travis/build/icyphy/ptII/ptolemy/actor/lib/test/auto/cast.xml
----------------- Instantiating /home/travis/build/icyphy/ptII/ptolemy/actor/lib/test/auto/cast.xml
3 ms. Memory: 670720K Free: 353647K (53%)
----------------- Invoking toplevel() on ptolemy.moml.MoMLSimpleApplication@452fcd9
----------------- Done invoking toplevel() on ptolemy.moml.MoMLSimpleApplication@452fcd9
reloadAllAccessors: .cast

===========================================================================================
----------------- testing Thu Jul 11 01:56:35 UTC 2019 /home/travis/build/icyphy/ptII/ptolemy/actor/lib/test/auto/compositeMultiPort.xml
----------------- Instantiating /home/travis/build/icyphy/ptII/ptolemy/actor/lib/test/auto/compositeMultiPort.xml
4 ms. Memory: 670720K Free: 344425K (51%)
----------------- Invoking toplevel() on ptolemy.moml.MoMLSimpleApplication@66a8abdc
----------------- Done invoking toplevel() on ptolemy.moml.MoMLSimpleApplication@66a8abdc
reloadAllAccessors: .compositeMultiPort

===========================================================================================
----------------- testing Thu Jul 11 01:56:35 UTC 2019 /home/travis/build/icyphy/ptII/ptolemy/actor/lib/test/auto/expressionCastInference.xml
----------------- Instantiating /home/travis/build/icyphy/ptII/ptolemy/actor/lib/test/auto/expressionCastInference.xml
2 ms. Memory: 670720K Free: 339825K (51%)
----------------- Invoking toplevel() on ptolemy.moml.MoMLSimpleApplication@2250773e
----------------- Done invoking toplevel() on ptolemy.moml.MoMLSimpleApplication@2250773e
reloadAllAccessors: .expressionCastInference

===========================================================================================
----------------- testing Thu Jul 11 01:56:35 UTC 2019 /home/travis/build/icyphy/ptII/ptolemy/actor/lib/test/auto/expressionCastInference2.xml
----------------- Instantiating /home/travis/build/icyphy/ptII/ptolemy/actor/lib/test/auto/expressionCastInference2.xml
3 ms. Memory: 670720K Free: 334705K (50%)
----------------- Invoking toplevel() on ptolemy.moml.MoMLSimpleApplication@656421cb
----------------- Done invoking toplevel() on ptolemy.moml.MoMLSimpleApplication@656421cb
reloadAllAccessors: .expressionCastInference2

===========================================================================================
----------------- testing Thu Jul 11 01:56:35 UTC 2019 /home/travis/build/icyphy/ptII/ptolemy/actor/lib/test/auto/expressionInference.xml
----------------- Instantiating /home/travis/build/icyphy/ptII/ptolemy/actor/lib/test/auto/expressionInference.xml
1 ms. Memory: 670720K Free: 330609K (49%)
----------------- Invoking toplevel() on ptolemy.moml.MoMLSimpleApplication@58a5d443
----------------- Done invoking toplevel() on ptolemy.moml.MoMLSimpleApplication@58a5d443
reloadAllAccessors: .expressionInference

===========================================================================================
----------------- testing Thu Jul 11 01:56:35 UTC 2019 /home/travis/build/icyphy/ptII/ptolemy/actor/lib/test/auto/expression_bug.xml
----------------- Instantiating /home/travis/build/icyphy/ptII/ptolemy/actor/lib/test/auto/expression_bug.xml
1 ms. Memory: 670720K Free: 325999K (49%)
----------------- Invoking toplevel() on ptolemy.moml.MoMLSimpleApplication@36dd447b
----------------- Done invoking toplevel() on ptolemy.moml.MoMLSimpleApplication@36dd447b
reloadAllAccessors: .expression_bug

===========================================================================================
----------------- testing Thu Jul 11 01:56:35 UTC 2019 /home/travis/build/icyphy/ptII/ptolemy/actor/lib/test/auto/factorial.xml
----------------- Instantiating /home/travis/build/icyphy/ptII/ptolemy/actor/lib/test/auto/factorial.xml
29 ms. Memory: 670720K Free: 317807K (47%)
----------------- Invoking toplevel() on ptolemy.moml.MoMLSimpleApplication@4fccc85a
----------------- Done invoking toplevel() on ptolemy.moml.MoMLSimpleApplication@4fccc85a
reloadAllAccessors: .factorial

===========================================================================================
----------------- testing Thu Jul 11 01:56:35 UTC 2019 /home/travis/build/icyphy/ptII/ptolemy/actor/lib/test/auto/filterTest1.xml
----------------- Instantiating /home/travis/build/icyphy/ptII/ptolemy/actor/lib/test/auto/filterTest1.xml
3 ms. Memory: 670720K Free: 311649K (46%)
----------------- Invoking toplevel() on ptolemy.moml.MoMLSimpleApplication@7dcb060e
----------------- Done invoking toplevel() on ptolemy.moml.MoMLSimpleApplication@7dcb060e
reloadAllAccessors: .filterTest1

===========================================================================================
----------------- testing Thu Jul 11 01:56:35 UTC 2019 /home/travis/build/icyphy/ptII/ptolemy/actor/lib/test/auto/funcApplyInConst.xml
----------------- Instantiating /home/travis/build/icyphy/ptII/ptolemy/actor/lib/test/auto/funcApplyInConst.xml
1 ms. Memory: 670720K Free: 308081K (46%)
----------------- Invoking toplevel() on ptolemy.moml.MoMLSimpleApplication@330cdcaa
----------------- Done invoking toplevel() on ptolemy.moml.MoMLSimpleApplication@330cdcaa
reloadAllAccessors: .funcApplyInConst

===========================================================================================
----------------- testing Thu Jul 11 01:56:35 UTC 2019 /home/travis/build/icyphy/ptII/ptolemy/actor/lib/test/auto/funcApplyInExpr.xml
----------------- Instantiating /home/travis/build/icyphy/ptII/ptolemy/actor/lib/test/auto/funcApplyInExpr.xml
1 ms. Memory: 670720K Free: 303985K (45%)
----------------- Invoking toplevel() on ptolemy.moml.MoMLSimpleApplication@5cfbdeb
----------------- Done invoking toplevel() on ptolemy.moml.MoMLSimpleApplication@5cfbdeb
reloadAllAccessors: .funcApplyInExpr

===========================================================================================
----------------- testing Thu Jul 11 01:56:35 UTC 2019 /home/travis/build/icyphy/ptII/ptolemy/actor/lib/test/auto/function.xml
----------------- Instantiating /home/travis/build/icyphy/ptII/ptolemy/actor/lib/test/auto/function.xml
2 ms. Memory: 670720K Free: 299375K (45%)
----------------- Invoking toplevel() on ptolemy.moml.MoMLSimpleApplication@6a9224e
----------------- Done invoking toplevel() on ptolemy.moml.MoMLSimpleApplication@6a9224e
reloadAllAccessors: .function

===========================================================================================
----------------- testing Thu Jul 11 01:56:35 UTC 2019 /home/travis/build/icyphy/ptII/ptolemy/actor/lib/test/auto/function2.xml
----------------- Instantiating /home/travis/build/icyphy/ptII/ptolemy/actor/lib/test/auto/function2.xml
2 ms. Memory: 670720K Free: 294255K (44%)
----------------- Invoking toplevel() on ptolemy.moml.MoMLSimpleApplication@25694eb2
----------------- Done invoking toplevel() on ptolemy.moml.MoMLSimpleApplication@25694eb2
reloadAllAccessors: .function2

===========================================================================================
----------------- testing Thu Jul 11 01:56:35 UTC 2019 /home/travis/build/icyphy/ptII/ptolemy/actor/lib/test/auto/function3.xml
----------------- Instantiating /home/travis/build/icyphy/ptII/ptolemy/actor/lib/test/auto/function3.xml
2 ms. Memory: 670720K Free: 290673K (43%)
----------------- Invoking toplevel() on ptolemy.moml.MoMLSimpleApplication@3a845dcd
----------------- Done invoking toplevel() on ptolemy.moml.MoMLSimpleApplication@3a845dcd
reloadAllAccessors: .function3

===========================================================================================
----------------- testing Thu Jul 11 01:56:35 UTC 2019 /home/travis/build/icyphy/ptII/ptolemy/actor/lib/test/auto/functionClosureTest1.xml
----------------- Instantiating /home/travis/build/icyphy/ptII/ptolemy/actor/lib/test/auto/functionClosureTest1.xml
2 ms. Memory: 670720K Free: 284529K (42%)
----------------- Invoking toplevel() on ptolemy.moml.MoMLSimpleApplication@1287c94b
----------------- Done invoking toplevel() on ptolemy.moml.MoMLSimpleApplication@1287c94b
reloadAllAccessors: .functionClosureTest1

===========================================================================================
----------------- testing Thu Jul 11 01:56:35 UTC 2019 /home/travis/build/icyphy/ptII/ptolemy/actor/lib/test/auto/functionClosureTest2.xml
----------------- Instantiating /home/travis/build/icyphy/ptII/ptolemy/actor/lib/test/auto/functionClosureTest2.xml
2 ms. Memory: 670720K Free: 280943K (42%)
----------------- Invoking toplevel() on ptolemy.moml.MoMLSimpleApplication@48400a1f
----------------- Done invoking toplevel() on ptolemy.moml.MoMLSimpleApplication@48400a1f
reloadAllAccessors: .functionClosureTest2

===========================================================================================
----------------- testing Thu Jul 11 01:56:35 UTC 2019 /home/travis/build/icyphy/ptII/ptolemy/actor/lib/test/auto/functionClosureTest3.xml
----------------- Instantiating /home/travis/build/icyphy/ptII/ptolemy/actor/lib/test/auto/functionClosureTest3.xml
2 ms. Memory: 670720K Free: 275313K (41%)
----------------- Invoking toplevel() on ptolemy.moml.MoMLSimpleApplication@2123aec5
----------------- Done invoking toplevel() on ptolemy.moml.MoMLSimpleApplication@2123aec5
reloadAllAccessors: .functionClosureTest3

===========================================================================================
----------------- testing Thu Jul 11 01:56:35 UTC 2019 /home/travis/build/icyphy/ptII/ptolemy/actor/lib/test/auto/functionClosureTest4.xml
----------------- Instantiating /home/travis/build/icyphy/ptII/ptolemy/actor/lib/test/auto/functionClosureTest4.xml
4 ms. Memory: 670720K Free: 269169K (40%)
----------------- Invoking toplevel() on ptolemy.moml.MoMLSimpleApplication@2ca4625b
----------------- Done invoking toplevel() on ptolemy.moml.MoMLSimpleApplication@2ca4625b
reloadAllAccessors: .functionClosureTest4

===========================================================================================
----------------- testing Thu Jul 11 01:56:35 UTC 2019 /home/travis/build/icyphy/ptII/ptolemy/actor/lib/test/auto/functionClosureTest5.xml
----------------- Instantiating /home/travis/build/icyphy/ptII/ptolemy/actor/lib/test/auto/functionClosureTest5.xml
5 ms. Memory: 670720K Free: 263505K (39%)
----------------- Invoking toplevel() on ptolemy.moml.MoMLSimpleApplication@491f7806
----------------- Done invoking toplevel() on ptolemy.moml.MoMLSimpleApplication@491f7806
reloadAllAccessors: .functionClosureTest5

===========================================================================================
----------------- testing Thu Jul 11 01:56:35 UTC 2019 /home/travis/build/icyphy/ptII/ptolemy/actor/lib/test/auto/functionClosureTest6.xml
----------------- Instantiating /home/travis/build/icyphy/ptII/ptolemy/actor/lib/test/auto/functionClosureTest6.xml
1 ms. Memory: 670720K Free: 258415K (39%)
----------------- Invoking toplevel() on ptolemy.moml.MoMLSimpleApplication@255d8880
----------------- Done invoking toplevel() on ptolemy.moml.MoMLSimpleApplication@255d8880
reloadAllAccessors: .functionClosureTest6

===========================================================================================
----------------- testing Thu Jul 11 01:56:35 UTC 2019 /home/travis/build/icyphy/ptII/ptolemy/actor/lib/test/auto/functionsOnArcs.xml
----------------- Instantiating /home/travis/build/icyphy/ptII/ptolemy/actor/lib/test/auto/functionsOnArcs.xml
1 ms. Memory: 670720K Free: 253295K (38%)
----------------- Invoking toplevel() on ptolemy.moml.MoMLSimpleApplication@7fb1911c
----------------- Done invoking toplevel() on ptolemy.moml.MoMLSimpleApplication@7fb1911c
reloadAllAccessors: .functionsOnArcs

===========================================================================================
----------------- testing Thu Jul 11 01:56:35 UTC 2019 /home/travis/build/icyphy/ptII/ptolemy/actor/lib/test/auto/functionsOnArcsHOF.xml
----------------- Instantiating /home/travis/build/icyphy/ptII/ptolemy/actor/lib/test/auto/functionsOnArcsHOF.xml
2 ms. Memory: 670720K Free: 247151K (37%)
----------------- Invoking toplevel() on ptolemy.moml.MoMLSimpleApplication@6e70f9ac
----------------- Done invoking toplevel() on ptolemy.moml.MoMLSimpleApplication@6e70f9ac
reloadAllAccessors: .functionsOnArcsHOF

===========================================================================================
----------------- testing Thu Jul 11 01:56:35 UTC 2019 /home/travis/build/icyphy/ptII/ptolemy/actor/lib/test/auto/logic.xml
----------------- Instantiating /home/travis/build/icyphy/ptII/ptolemy/actor/lib/test/auto/logic.xml
2 ms. Memory: 670720K Free: 239983K (36%)
----------------- Invoking toplevel() on ptolemy.moml.MoMLSimpleApplication@673774cb
----------------- Done invoking toplevel() on ptolemy.moml.MoMLSimpleApplication@673774cb
reloadAllAccessors: .logic

===========================================================================================
----------------- testing Thu Jul 11 01:56:35 UTC 2019 /home/travis/build/icyphy/ptII/ptolemy/actor/lib/test/auto/matrixType.xml
----------------- Instantiating /home/travis/build/icyphy/ptII/ptolemy/actor/lib/test/auto/matrixType.xml
2 ms. Memory: 670720K Free: 234863K (35%)
----------------- Invoking toplevel() on ptolemy.moml.MoMLSimpleApplication@3a0661de
----------------- Done invoking toplevel() on ptolemy.moml.MoMLSimpleApplication@3a0661de
reloadAllAccessors: .matrixType

===========================================================================================
----------------- testing Thu Jul 11 01:56:35 UTC 2019 /home/travis/build/icyphy/ptII/ptolemy/actor/lib/test/auto/matrixType10.xml
----------------- Instantiating /home/travis/build/icyphy/ptII/ptolemy/actor/lib/test/auto/matrixType10.xml
2 ms. Memory: 670720K Free: 230257K (34%)
----------------- Invoking toplevel() on ptolemy.moml.MoMLSimpleApplication@59fcbf0a
----------------- Done invoking toplevel() on ptolemy.moml.MoMLSimpleApplication@59fcbf0a
reloadAllAccessors: .matrixType10

===========================================================================================
----------------- testing Thu Jul 11 01:56:35 UTC 2019 /home/travis/build/icyphy/ptII/ptolemy/actor/lib/test/auto/matrixType11.xml
----------------- Instantiating /home/travis/build/icyphy/ptII/ptolemy/actor/lib/test/auto/matrixType11.xml
1 ms. Memory: 670720K Free: 225137K (34%)
----------------- Invoking toplevel() on ptolemy.moml.MoMLSimpleApplication@50a23915
----------------- Done invoking toplevel() on ptolemy.moml.MoMLSimpleApplication@50a23915
reloadAllAccessors: .matrixType11

===========================================================================================
----------------- testing Thu Jul 11 01:56:36 UTC 2019 /home/travis/build/icyphy/ptII/ptolemy/actor/lib/test/auto/matrixType12.xml
----------------- Instantiating /home/travis/build/icyphy/ptII/ptolemy/actor/lib/test/auto/matrixType12.xml
2 ms. Memory: 670720K Free: 615591K (92%)
----------------- Invoking toplevel() on ptolemy.moml.MoMLSimpleApplication@1f916b87
----------------- Done invoking toplevel() on ptolemy.moml.MoMLSimpleApplication@1f916b87
reloadAllAccessors: .matrixType12

===========================================================================================
----------------- testing Thu Jul 11 01:56:36 UTC 2019 /home/travis/build/icyphy/ptII/ptolemy/actor/lib/test/auto/matrixType13.xml
----------------- Instantiating /home/travis/build/icyphy/ptII/ptolemy/actor/lib/test/auto/matrixType13.xml
2 ms. Memory: 670720K Free: 610471K (91%)
----------------- Invoking toplevel() on ptolemy.moml.MoMLSimpleApplication@677db2cd
----------------- Done invoking toplevel() on ptolemy.moml.MoMLSimpleApplication@677db2cd
reloadAllAccessors: .matrixType13

===========================================================================================
----------------- testing Thu Jul 11 01:56:36 UTC 2019 /home/travis/build/icyphy/ptII/ptolemy/actor/lib/test/auto/matrixType14.xml
----------------- Instantiating /home/travis/build/icyphy/ptII/ptolemy/actor/lib/test/auto/matrixType14.xml
3 ms. Memory: 670720K Free: 605351K (90%)
----------------- Invoking toplevel() on ptolemy.moml.MoMLSimpleApplication@10e5ccc2
----------------- Done invoking toplevel() on ptolemy.moml.MoMLSimpleApplication@10e5ccc2
reloadAllAccessors: .matrixType14

===========================================================================================
----------------- testing Thu Jul 11 01:56:36 UTC 2019 /home/travis/build/icyphy/ptII/ptolemy/actor/lib/test/auto/matrixType2.xml
----------------- Instantiating /home/travis/build/icyphy/ptII/ptolemy/actor/lib/test/auto/matrixType2.xml
2 ms. Memory: 670720K Free: 600231K (89%)
----------------- Invoking toplevel() on ptolemy.moml.MoMLSimpleApplication@15fc72d8
----------------- Done invoking toplevel() on ptolemy.moml.MoMLSimpleApplication@15fc72d8
reloadAllAccessors: .matrixType2

===========================================================================================
----------------- testing Thu Jul 11 01:56:36 UTC 2019 /home/travis/build/icyphy/ptII/ptolemy/actor/lib/test/auto/matrixType3.xml
----------------- Instantiating /home/travis/build/icyphy/ptII/ptolemy/actor/lib/test/auto/matrixType3.xml
3 ms. Memory: 670720K Free: 595111K (89%)
----------------- Invoking toplevel() on ptolemy.moml.MoMLSimpleApplication@4f26778c
----------------- Done invoking toplevel() on ptolemy.moml.MoMLSimpleApplication@4f26778c
reloadAllAccessors: .matrixType3

===========================================================================================
----------------- testing Thu Jul 11 01:56:36 UTC 2019 /home/travis/build/icyphy/ptII/ptolemy/actor/lib/test/auto/matrixType4.xml
----------------- Instantiating /home/travis/build/icyphy/ptII/ptolemy/actor/lib/test/auto/matrixType4.xml
2 ms. Memory: 670720K Free: 590505K (88%)
----------------- Invoking toplevel() on ptolemy.moml.MoMLSimpleApplication@7565b00c
----------------- Done invoking toplevel() on ptolemy.moml.MoMLSimpleApplication@7565b00c
reloadAllAccessors: .matrixType4

===========================================================================================
----------------- testing Thu Jul 11 01:56:36 UTC 2019 /home/travis/build/icyphy/ptII/ptolemy/actor/lib/test/auto/matrixType5.xml
----------------- Instantiating /home/travis/build/icyphy/ptII/ptolemy/actor/lib/test/auto/matrixType5.xml
2 ms. Memory: 670720K Free: 585385K (87%)
----------------- Invoking toplevel() on ptolemy.moml.MoMLSimpleApplication@33273e89
----------------- Done invoking toplevel() on ptolemy.moml.MoMLSimpleApplication@33273e89
reloadAllAccessors: .matrixType5

===========================================================================================
----------------- testing Thu Jul 11 01:56:36 UTC 2019 /home/travis/build/icyphy/ptII/ptolemy/actor/lib/test/auto/matrixType6.xml
----------------- Instantiating /home/travis/build/icyphy/ptII/ptolemy/actor/lib/test/auto/matrixType6.xml
2 ms. Memory: 670720K Free: 580775K (87%)
----------------- Invoking toplevel() on ptolemy.moml.MoMLSimpleApplication@522dd049
----------------- Done invoking toplevel() on ptolemy.moml.MoMLSimpleApplication@522dd049
reloadAllAccessors: .matrixType6

===========================================================================================
----------------- testing Thu Jul 11 01:56:36 UTC 2019 /home/travis/build/icyphy/ptII/ptolemy/actor/lib/test/auto/matrixType7.xml
----------------- Instantiating /home/travis/build/icyphy/ptII/ptolemy/actor/lib/test/auto/matrixType7.xml
1 ms. Memory: 670720K Free: 575655K (86%)
----------------- Invoking toplevel() on ptolemy.moml.MoMLSimpleApplication@23eef595
----------------- Done invoking toplevel() on ptolemy.moml.MoMLSimpleApplication@23eef595
reloadAllAccessors: .matrixType7

===========================================================================================
----------------- testing Thu Jul 11 01:56:36 UTC 2019 /home/travis/build/icyphy/ptII/ptolemy/actor/lib/test/auto/matrixType8.xml
----------------- Instantiating /home/travis/build/icyphy/ptII/ptolemy/actor/lib/test/auto/matrixType8.xml
2 ms. Memory: 670720K Free: 570535K (85%)
----------------- Invoking toplevel() on ptolemy.moml.MoMLSimpleApplication@e84cba0
----------------- Done invoking toplevel() on ptolemy.moml.MoMLSimpleApplication@e84cba0
reloadAllAccessors: .matrixType8

===========================================================================================
----------------- testing Thu Jul 11 01:56:36 UTC 2019 /home/travis/build/icyphy/ptII/ptolemy/actor/lib/test/auto/matrixType9.xml
----------------- Instantiating /home/travis/build/icyphy/ptII/ptolemy/actor/lib/test/auto/matrixType9.xml
1 ms. Memory: 670720K Free: 565929K (84%)
----------------- Invoking toplevel() on ptolemy.moml.MoMLSimpleApplication@497fe71b
----------------- Done invoking toplevel() on ptolemy.moml.MoMLSimpleApplication@497fe71b
reloadAllAccessors: .matrixType9

===========================================================================================
----------------- testing Thu Jul 11 01:56:36 UTC 2019 /home/travis/build/icyphy/ptII/ptolemy/actor/lib/test/auto/paraFunctest.xml
----------------- Instantiating /home/travis/build/icyphy/ptII/ptolemy/actor/lib/test/auto/paraFunctest.xml
1 ms. Memory: 670720K Free: 561833K (84%)
----------------- Invoking toplevel() on ptolemy.moml.MoMLSimpleApplication@2d2c4a2d
----------------- Done invoking toplevel() on ptolemy.moml.MoMLSimpleApplication@2d2c4a2d
reloadAllAccessors: .paraFunctest

===========================================================================================
----------------- testing Thu Jul 11 01:56:36 UTC 2019 /home/travis/build/icyphy/ptII/ptolemy/actor/lib/test/auto/paraFunctest2.xml
----------------- Instantiating /home/travis/build/icyphy/ptII/ptolemy/actor/lib/test/auto/paraFunctest2.xml
1 ms. Memory: 670720K Free: 558232K (83%)
----------------- Invoking toplevel() on ptolemy.moml.MoMLSimpleApplication@79c10a8a
----------------- Done invoking toplevel() on ptolemy.moml.MoMLSimpleApplication@79c10a8a
reloadAllAccessors: .paraFunctest2

===========================================================================================
----------------- testing Thu Jul 11 01:56:36 UTC 2019 /home/travis/build/icyphy/ptII/ptolemy/actor/lib/test/auto/parameterPassing.xml
----------------- Instantiating /home/travis/build/icyphy/ptII/ptolemy/actor/lib/test/auto/parameterPassing.xml
1 ms. Memory: 670720K Free: 553127K (82%)
----------------- Invoking toplevel() on ptolemy.moml.MoMLSimpleApplication@4c280bfe
----------------- Done invoking toplevel() on ptolemy.moml.MoMLSimpleApplication@4c280bfe
reloadAllAccessors: .parameterPassing

===========================================================================================
----------------- testing Thu Jul 11 01:56:36 UTC 2019 /home/travis/build/icyphy/ptII/ptolemy/actor/lib/test/auto/record.xml
----------------- Instantiating /home/travis/build/icyphy/ptII/ptolemy/actor/lib/test/auto/record.xml
2 ms. Memory: 670720K Free: 548521K (82%)
----------------- Invoking toplevel() on ptolemy.moml.MoMLSimpleApplication@7d225a57
----------------- Done invoking toplevel() on ptolemy.moml.MoMLSimpleApplication@7d225a57
reloadAllAccessors: .record

===========================================================================================
----------------- testing Thu Jul 11 01:56:36 UTC 2019 /home/travis/build/icyphy/ptII/ptolemy/actor/lib/test/auto/sizedarray1.xml
----------------- Instantiating /home/travis/build/icyphy/ptII/ptolemy/actor/lib/test/auto/sizedarray1.xml
2 ms. Memory: 670720K Free: 542887K (81%)
----------------- Invoking toplevel() on ptolemy.moml.MoMLSimpleApplication@21d2e5e2
----------------- Done invoking toplevel() on ptolemy.moml.MoMLSimpleApplication@21d2e5e2
reloadAllAccessors: .sizedarray1

===========================================================================================
----------------- testing Thu Jul 11 01:56:36 UTC 2019 /home/travis/build/icyphy/ptII/ptolemy/actor/lib/test/auto/sizedarray2.xml
----------------- Instantiating /home/travis/build/icyphy/ptII/ptolemy/actor/lib/test/auto/sizedarray2.xml
2 ms. Memory: 670720K Free: 536743K (80%)
----------------- Invoking toplevel() on ptolemy.moml.MoMLSimpleApplication@5b4e9610
----------------- Done invoking toplevel() on ptolemy.moml.MoMLSimpleApplication@5b4e9610
reloadAllAccessors: .sizedarray2

===========================================================================================
----------------- testing Thu Jul 11 01:56:36 UTC 2019 /home/travis/build/icyphy/ptII/ptolemy/actor/lib/test/auto/twoPublishers.xml
----------------- Instantiating /home/travis/build/icyphy/ptII/ptolemy/actor/lib/test/auto/twoPublishers.xml
3 ms. Memory: 670720K Free: 526503K (78%)
----------------- Invoking toplevel() on ptolemy.moml.MoMLSimpleApplication@73b5a7a7
----------------- Done invoking toplevel() on ptolemy.moml.MoMLSimpleApplication@73b5a7a7
reloadAllAccessors: .twoPublishers
AutoTests.java: About to close Vertx.
AutoTests.java: Vertx closed.
]]></system-out>
  <system-err><![CDATA[java.lang.RuntimeException: Execution failed
	at ptolemy.moml.MoMLSimpleApplication$UnloadThread.run(MoMLSimpleApplication.java:402)
Caused by: java.lang.RuntimeException: StringUtilities.exit() was called. Normally, we would exit here because Manager.exitAfterWrapup() was called.  However, because the ptolemy.ptII.exitAfterWrapup property is set, we throw this exception instead.
	at ptolemy.util.StringUtilities.exit(StringUtilities.java:363)
	at ptolemy.actor.Manager.wrapup(Manager.java:1531)
	at ptolemy.actor.Manager.execute(Manager.java:407)
	at ptolemy.actor.Manager.run(Manager.java:1263)
	at ptolemy.actor.Manager$PtolemyRunThread.run(Manager.java:1915)
Warning: '.top.test' is in training mode, set the trainingMode parameter to false before checking in
Warning: '.top.test' is in training mode, set the trainingMode parameter to false before checking in
Warning: '.top.test' is in training mode, set the trainingMode parameter to false before checking in
Warning: '.BooleanSwitch_RegressionTest_WrongTrainingValues.Test' is in training mode, set the trainingMode parameter to false before checking in
Warning: '.BooleanSwitch_RegressionTest_WrongTrainingValues.Test2' is in training mode, set the trainingMode parameter to false before checking in
Warning: '.BooleanSwitch_RegressionTest_WrongTrainingValues.Test2' The test produced 0 tokens.
Warning: '.top.testExceptionHandler' is in training mode, set the trainingMode parameter to false before checking in
java.lang.RuntimeException: Execution failed
	at ptolemy.moml.MoMLSimpleApplication$UnloadThread.run(MoMLSimpleApplication.java:402)
Caused by: ptolemy.kernel.util.IllegalActionException: PublisherPorts cannot be used at the top level, use a Publisher actor instead.
  in .PublisherPortToplevelSubscriber.PublisherPort
	at ptolemy.actor.PublisherPort.preinitialize(PublisherPort.java:403)
	at ptolemy.actor.CompositeActor.preinitialize(CompositeActor.java:1769)
	at ptolemy.actor.Manager.preinitializeAndResolveTypes(Manager.java:1040)
	at ptolemy.actor.Manager.initialize(Manager.java:710)
	at ptolemy.actor.Manager.execute(Manager.java:356)
	at ptolemy.actor.Manager.run(Manager.java:1263)
	at ptolemy.actor.Manager$PtolemyRunThread.run(Manager.java:1915)
java.lang.reflect.InvocationTargetException
	at java.base/jdk.internal.reflect.NativeConstructorAccessorImpl.newInstance0(Native Method)
	at java.base/jdk.internal.reflect.NativeConstructorAccessorImpl.newInstance(NativeConstructorAccessorImpl.java:62)
	at java.base/jdk.internal.reflect.DelegatingConstructorAccessorImpl.newInstance(DelegatingConstructorAccessorImpl.java:45)
	at java.base/java.lang.reflect.Constructor.newInstance(Constructor.java:488)
	at ptolemy.util.test.junit.AutoKnownFailedTests.RunModel(AutoKnownFailedTests.java:105)
	at java.base/jdk.internal.reflect.NativeMethodAccessorImpl.invoke0(Native Method)
	at java.base/jdk.internal.reflect.NativeMethodAccessorImpl.invoke(NativeMethodAccessorImpl.java:62)
	at java.base/jdk.internal.reflect.DelegatingMethodAccessorImpl.invoke(DelegatingMethodAccessorImpl.java:43)
	at java.base/java.lang.reflect.Method.invoke(Method.java:564)
	at org.junit.runners.model.FrameworkMethod$1.runReflectiveCall(FrameworkMethod.java:44)
	at org.junit.internal.runners.model.ReflectiveCallable.run(ReflectiveCallable.java:15)
	at org.junit.runners.model.FrameworkMethod.invokeExplosively(FrameworkMethod.java:41)
	at junitparams.internal.InvokeParameterisedMethod.evaluate(InvokeParameterisedMethod.java:102)
	at org.junit.internal.runners.statements.FailOnTimeout$1.run(FailOnTimeout.java:28)
Caused by: ptolemy.kernel.util.IllegalActionException: PublisherPorts cannot be used at the top level, use a Publisher actor instead.
  in .PublisherPortToplevelSubscriber.PublisherPort
	at ptolemy.actor.PublisherPort.preinitialize(PublisherPort.java:403)
	at ptolemy.actor.CompositeActor.preinitialize(CompositeActor.java:1769)
	at ptolemy.actor.Manager.preinitializeAndResolveTypes(Manager.java:1040)
	at ptolemy.actor.Manager.initialize(Manager.java:710)
	at ptolemy.actor.Manager.execute(Manager.java:356)
	at ptolemy.actor.Manager.run(Manager.java:1263)
	at ptolemy.actor.Manager$PtolemyRunThread.run(Manager.java:1915)
java.lang.RuntimeException: Execution failed
	at ptolemy.moml.MoMLSimpleApplication$UnloadThread.run(MoMLSimpleApplication.java:402)
Caused by: ptolemy.kernel.util.IllegalActionException: SubscriberPorts cannot be used at the top level, use a Subscriber actor instead.
  in .PublisherSubscriberPortToplevel.SubscriberPort
	at ptolemy.actor.SubscriberPort.preinitialize(SubscriberPort.java:328)
	at ptolemy.actor.CompositeActor.preinitialize(CompositeActor.java:1769)
	at ptolemy.actor.Manager.preinitializeAndResolveTypes(Manager.java:1040)
	at ptolemy.actor.Manager.initialize(Manager.java:710)
	at ptolemy.actor.Manager.execute(Manager.java:356)
	at ptolemy.actor.Manager.run(Manager.java:1263)
	at ptolemy.actor.Manager$PtolemyRunThread.run(Manager.java:1915)
java.lang.reflect.InvocationTargetException
	at java.base/jdk.internal.reflect.NativeConstructorAccessorImpl.newInstance0(Native Method)
	at java.base/jdk.internal.reflect.NativeConstructorAccessorImpl.newInstance(NativeConstructorAccessorImpl.java:62)
	at java.base/jdk.internal.reflect.DelegatingConstructorAccessorImpl.newInstance(DelegatingConstructorAccessorImpl.java:45)
	at java.base/java.lang.reflect.Constructor.newInstance(Constructor.java:488)
	at ptolemy.util.test.junit.AutoKnownFailedTests.RunModel(AutoKnownFailedTests.java:105)
	at java.base/jdk.internal.reflect.NativeMethodAccessorImpl.invoke0(Native Method)
	at java.base/jdk.internal.reflect.NativeMethodAccessorImpl.invoke(NativeMethodAccessorImpl.java:62)
	at java.base/jdk.internal.reflect.DelegatingMethodAccessorImpl.invoke(DelegatingMethodAccessorImpl.java:43)
	at java.base/java.lang.reflect.Method.invoke(Method.java:564)
	at org.junit.runners.model.FrameworkMethod$1.runReflectiveCall(FrameworkMethod.java:44)
	at org.junit.internal.runners.model.ReflectiveCallable.run(ReflectiveCallable.java:15)
	at org.junit.runners.model.FrameworkMethod.invokeExplosively(FrameworkMethod.java:41)
	at junitparams.internal.InvokeParameterisedMethod.evaluate(InvokeParameterisedMethod.java:102)
	at org.junit.internal.runners.statements.FailOnTimeout$1.run(FailOnTimeout.java:28)
Caused by: ptolemy.kernel.util.IllegalActionException: SubscriberPorts cannot be used at the top level, use a Subscriber actor instead.
  in .PublisherSubscriberPortToplevel.SubscriberPort
	at ptolemy.actor.SubscriberPort.preinitialize(SubscriberPort.java:328)
	at ptolemy.actor.CompositeActor.preinitialize(CompositeActor.java:1769)
	at ptolemy.actor.Manager.preinitializeAndResolveTypes(Manager.java:1040)
	at ptolemy.actor.Manager.initialize(Manager.java:710)
	at ptolemy.actor.Manager.execute(Manager.java:356)
	at ptolemy.actor.Manager.run(Manager.java:1263)
	at ptolemy.actor.Manager$PtolemyRunThread.run(Manager.java:1915)
java.lang.RuntimeException: Execution failed
	at ptolemy.moml.MoMLSimpleApplication$UnloadThread.run(MoMLSimpleApplication.java:402)
Caused by: ptolemy.kernel.util.IllegalActionException: SubscriptionAggregatorPorts cannot be used at the top level, use a SubscriptionAggregator actor instead.
  in .PublisherSubscriptionAggregatorPort.SubscriptionAggregatorPort
	at ptolemy.actor.SubscriptionAggregatorPort.preinitialize(SubscriptionAggregatorPort.java:353)
	at ptolemy.actor.CompositeActor.preinitialize(CompositeActor.java:1769)
	at ptolemy.actor.Manager.preinitializeAndResolveTypes(Manager.java:1040)
	at ptolemy.actor.Manager.initialize(Manager.java:710)
	at ptolemy.actor.Manager.execute(Manager.java:356)
	at ptolemy.actor.Manager.run(Manager.java:1263)
	at ptolemy.actor.Manager$PtolemyRunThread.run(Manager.java:1915)
java.lang.reflect.InvocationTargetException
	at java.base/jdk.internal.reflect.NativeConstructorAccessorImpl.newInstance0(Native Method)
	at java.base/jdk.internal.reflect.NativeConstructorAccessorImpl.newInstance(NativeConstructorAccessorImpl.java:62)
	at java.base/jdk.internal.reflect.DelegatingConstructorAccessorImpl.newInstance(DelegatingConstructorAccessorImpl.java:45)
	at java.base/java.lang.reflect.Constructor.newInstance(Constructor.java:488)
	at ptolemy.util.test.junit.AutoKnownFailedTests.RunModel(AutoKnownFailedTests.java:105)
	at java.base/jdk.internal.reflect.NativeMethodAccessorImpl.invoke0(Native Method)
	at java.base/jdk.internal.reflect.NativeMethodAccessorImpl.invoke(NativeMethodAccessorImpl.java:62)
	at java.base/jdk.internal.reflect.DelegatingMethodAccessorImpl.invoke(DelegatingMethodAccessorImpl.java:43)
	at java.base/java.lang.reflect.Method.invoke(Method.java:564)
	at org.junit.runners.model.FrameworkMethod$1.runReflectiveCall(FrameworkMethod.java:44)
	at org.junit.internal.runners.model.ReflectiveCallable.run(ReflectiveCallable.java:15)
	at org.junit.runners.model.FrameworkMethod.invokeExplosively(FrameworkMethod.java:41)
	at junitparams.internal.InvokeParameterisedMethod.evaluate(InvokeParameterisedMethod.java:102)
	at org.junit.internal.runners.statements.FailOnTimeout$1.run(FailOnTimeout.java:28)
Caused by: ptolemy.kernel.util.IllegalActionException: SubscriptionAggregatorPorts cannot be used at the top level, use a SubscriptionAggregator actor instead.
  in .PublisherSubscriptionAggregatorPort.SubscriptionAggregatorPort
	at ptolemy.actor.SubscriptionAggregatorPort.preinitialize(SubscriptionAggregatorPort.java:353)
	at ptolemy.actor.CompositeActor.preinitialize(CompositeActor.java:1769)
	at ptolemy.actor.Manager.preinitializeAndResolveTypes(Manager.java:1040)
	at ptolemy.actor.Manager.initialize(Manager.java:710)
	at ptolemy.actor.Manager.execute(Manager.java:356)
	at ptolemy.actor.Manager.run(Manager.java:1263)
	at ptolemy.actor.Manager$PtolemyRunThread.run(Manager.java:1915)
java.lang.RuntimeException: Execution failed
	at ptolemy.moml.MoMLSimpleApplication$UnloadThread.run(MoMLSimpleApplication.java:402)
Caused by: ptolemy.kernel.util.IllegalActionException: TypeTest actor has no training data.
  in .sizedarray3.TypeTest
	at ptolemy.actor.lib.TypeTest.initialize(TypeTest.java:250)
	at ptolemy.actor.Director.initialize(Director.java:938)
	at ptolemy.actor.Director.initialize(Director.java:907)
	at ptolemy.actor.sched.StaticSchedulingDirector.initialize(StaticSchedulingDirector.java:159)
	at ptolemy.domains.sdf.kernel.SDFDirector.initialize(SDFDirector.java:544)
	at ptolemy.actor.CompositeActor.initialize(CompositeActor.java:935)
	at ptolemy.actor.Manager.initialize(Manager.java:724)
	at ptolemy.actor.Manager.execute(Manager.java:356)
	at ptolemy.actor.Manager.run(Manager.java:1263)
	at ptolemy.actor.Manager$PtolemyRunThread.run(Manager.java:1915)
java.lang.reflect.InvocationTargetException
	at java.base/jdk.internal.reflect.NativeConstructorAccessorImpl.newInstance0(Native Method)
	at java.base/jdk.internal.reflect.NativeConstructorAccessorImpl.newInstance(NativeConstructorAccessorImpl.java:62)
	at java.base/jdk.internal.reflect.DelegatingConstructorAccessorImpl.newInstance(DelegatingConstructorAccessorImpl.java:45)
	at java.base/java.lang.reflect.Constructor.newInstance(Constructor.java:488)
	at ptolemy.util.test.junit.AutoKnownFailedTests.RunModel(AutoKnownFailedTests.java:105)
	at java.base/jdk.internal.reflect.NativeMethodAccessorImpl.invoke0(Native Method)
	at java.base/jdk.internal.reflect.NativeMethodAccessorImpl.invoke(NativeMethodAccessorImpl.java:62)
	at java.base/jdk.internal.reflect.DelegatingMethodAccessorImpl.invoke(DelegatingMethodAccessorImpl.java:43)
	at java.base/java.lang.reflect.Method.invoke(Method.java:564)
	at org.junit.runners.model.FrameworkMethod$1.runReflectiveCall(FrameworkMethod.java:44)
	at org.junit.internal.runners.model.ReflectiveCallable.run(ReflectiveCallable.java:15)
	at org.junit.runners.model.FrameworkMethod.invokeExplosively(FrameworkMethod.java:41)
	at junitparams.internal.InvokeParameterisedMethod.evaluate(InvokeParameterisedMethod.java:102)
	at org.junit.internal.runners.statements.FailOnTimeout$1.run(FailOnTimeout.java:28)
Caused by: ptolemy.kernel.util.IllegalActionException: TypeTest actor has no training data.
  in .sizedarray3.TypeTest
	at ptolemy.actor.lib.TypeTest.initialize(TypeTest.java:250)
	at ptolemy.actor.Director.initialize(Director.java:938)
	at ptolemy.actor.Director.initialize(Director.java:907)
	at ptolemy.actor.sched.StaticSchedulingDirector.initialize(StaticSchedulingDirector.java:159)
	at ptolemy.domains.sdf.kernel.SDFDirector.initialize(SDFDirector.java:544)
	at ptolemy.actor.CompositeActor.initialize(CompositeActor.java:935)
	at ptolemy.actor.Manager.initialize(Manager.java:724)
	at ptolemy.actor.Manager.execute(Manager.java:356)
	at ptolemy.actor.Manager.run(Manager.java:1263)
	at ptolemy.actor.Manager$PtolemyRunThread.run(Manager.java:1915)
ptolemy.kernel.util.InternalErrorException: Exec Stderr Gobbler-1: Failed while reading from java.lang.ProcessImpl$ProcessPipeInputStream@1f3a9bb3. To avoid this, try setting the ignoreIOExceptionReadErrors parameter to true.null
  in .Exec.Exec
Because:
Stream closed
	at ptolemy.actor.lib.Exec$_StreamReaderThread._read(Exec.java:762)
	at ptolemy.actor.lib.Exec$_StreamReaderThread.run(Exec.java:706)
Caused by: java.io.IOException: Stream closed
	at java.base/sun.nio.cs.StreamDecoder.ensureOpen(StreamDecoder.java:46)
	at java.base/sun.nio.cs.StreamDecoder.read(StreamDecoder.java:148)
	at java.base/java.io.InputStreamReader.read(InputStreamReader.java:185)
	at ptolemy.actor.lib.Exec$_StreamReaderThread._read(Exec.java:724)
	... 1 more
Caused by: java.io.IOException: Stream closed
	at java.base/sun.nio.cs.StreamDecoder.ensureOpen(StreamDecoder.java:46)
	at java.base/sun.nio.cs.StreamDecoder.read(StreamDecoder.java:148)
	at java.base/java.io.InputStreamReader.read(InputStreamReader.java:185)
	at ptolemy.actor.lib.Exec$_StreamReaderThread._read(Exec.java:724)
	at ptolemy.actor.lib.Exec$_StreamReaderThread.run(Exec.java:706)
ptolemy.kernel.util.InternalErrorException: Exec Stderr Gobbler-3: Failed while reading from java.lang.ProcessImpl$ProcessPipeInputStream@ce9255b. To avoid this, try setting the ignoreIOExceptionReadErrors parameter to true.null
  in .ExecEnvironment.Exec
Because:
Stream closed
	at ptolemy.actor.lib.Exec$_StreamReaderThread._read(Exec.java:762)
	at ptolemy.actor.lib.Exec$_StreamReaderThread.run(Exec.java:706)
Caused by: java.io.IOException: Stream closed
	at java.base/sun.nio.cs.StreamDecoder.ensureOpen(StreamDecoder.java:46)
	at java.base/sun.nio.cs.StreamDecoder.read(StreamDecoder.java:148)
	at java.base/java.io.InputStreamReader.read(InputStreamReader.java:185)
	at ptolemy.actor.lib.Exec$_StreamReaderThread._read(Exec.java:724)
	... 1 more
Caused by: java.io.IOException: Stream closed
	at java.base/sun.nio.cs.StreamDecoder.ensureOpen(StreamDecoder.java:46)
	at java.base/sun.nio.cs.StreamDecoder.read(StreamDecoder.java:148)
	at java.base/java.io.InputStreamReader.read(InputStreamReader.java:185)
	at ptolemy.actor.lib.Exec$_StreamReaderThread._read(Exec.java:724)
	at ptolemy.actor.lib.Exec$_StreamReaderThread.run(Exec.java:706)
java.lang.RuntimeException: Execution failed
	at ptolemy.moml.MoMLSimpleApplication$UnloadThread.run(MoMLSimpleApplication.java:402)
Caused by: ptolemy.kernel.util.IllegalActionException: Test fails in iteration 0.
Value was: "WARNING: An illegal reflective access operation has occurred\nWARNING: Illegal reflective access by io.netty.util.internal.ReflectionUtil (file:/home/travis/build/icyphy/ptII/lib/netty-common-4.1.19.Final.jar) to constructor java.nio.DirectByteBuffer(long,int)\nWARNING: Please consider reporting this to the maintainers of io.netty.util.internal.ReflectionUtil\nWARNING: Use --illegal-access=warn to enable warnings of further illegal reflective access operations\nWARNING: All illegal access operations will be denied in a future release\n". Should have been: ""
  in .ExecRunDemos.Test
	at ptolemy.actor.lib.Test.fire(Test.java:268)
	at ptolemy.actor.AtomicActor.iterate(AtomicActor.java:512)
	at ptolemy.actor.sched.StaticSchedulingDirector.fire(StaticSchedulingDirector.java:216)
	at ptolemy.domains.sdf.kernel.SDFDirector.fire(SDFDirector.java:500)
	at ptolemy.actor.CompositeActor.fire(CompositeActor.java:455)
	at ptolemy.actor.Manager.iterate(Manager.java:851)
	at ptolemy.actor.Manager.execute(Manager.java:369)
	at ptolemy.actor.Manager.run(Manager.java:1263)
	at ptolemy.actor.Manager$PtolemyRunThread.run(Manager.java:1915)
]]></system-err>
</testsuite>
