<?xml version="1.0" encoding="UTF-8" ?>
<testsuite errors="0" failures="0" hostname="travis-job-1e0da4ee-2e8a-4df6-938d-cf5ca712117d" name="ptolemy.domains.modal.test.junit.JUnitTclTest" skipped="0" tests="148" time="9.797" timestamp="2021-12-06T02:08:06">
  <properties>
    <property name="env.OLDPWD" value="/home/travis/build" />
    <property name="npm.executable" value="npm" />
    <property name="env.TRAVIS_ROOT" value="/" />
    <property name="ptII.mk.exists" value="true" />
    <property name="env.TRAVIS_APP_HOST" value="build.travis-ci.com" />
    <property name="env.rvm_bin_path" value="/home/travis/.rvm/bin" />
    <property name="java.home" value="/usr/local/lib/jvm/openjdk11" />
    <property name="env.TRAVIS_JOB_NUMBER" value="1851.9" />
    <property name="env.TRAVIS_HOME" value="/home/travis" />
    <property name="env.DISPLAY" value=":99.0" />
    <property name="env.TRAVIS_INIT" value="systemd" />
    <property name="env.SSH_TTY" value="/dev/pts/0" />
    <property name="java.net.preferIPv4Stack" value="true" />
    <property name="env.RUN_TESTS" value="true" />
    <property name="timeout.short" value="1000000" />
    <property name="junit.formatter" value="xml" />
    <property name="env.TRAVIS_SUDO" value="true" />
    <property name="env.TRAVIS_JOB_NAME" value="" />
    <property name="env.TRAVIS_STACK_NODE_ATTRIBUTES" value="/.node-attributes.yml" />
    <property name="env.LOGNAME" value="travis" />
    <property name="jsdoc.home" value="node_modules/@terraswarm/jsdoc" />
    <property name="debuglevel" value="source,lines,vars" />
    <property name="checkstyle.formatter" value="xml" />
    <property name="bin.vergil.makeable" value="true" />
    <property name="sun.os.patch.level" value="unknown" />
    <property name="java.vendor.url" value="http://java.oracle.com/" />
    <property name="env.TRAVIS_BUILD_WEB_URL" value="https://app.travis-ci.com/icyphy/ptII/builds/242938139" />
    <property name="java.version" value="11.0.2" />
    <property name="env.TZ" value="UTC" />
    <property name="env.TRAVIS_PULL_REQUEST_SHA" value="" />
    <property name="env.PT_NO_NET" value="true" />
    <property name="env.TRAVIS_SECURE_ENV_VARS" value="true" />
    <property name="java.vendor.url.bug" value="http://bugreport.java.com/bugreport/" />
    <property name="npmjs-org-is-up" value="true" />
    <property name="env.LANGUAGE" value="en_US.UTF-8" />
    <property name="env.SSH_CLIENT" value="10.16.1.16 52330 22" />
    <property name="env.GEM_HOME" value="/home/travis/.rvm/gems/ruby-2.6.5" />
    <property name="env.HAS_ANTARES_THREE_LITTLE_FRONZIES_BADGE" value="true" />
    <property name="java.version.date" value="2019-01-15" />
    <property name="env.PS4" value="+" />
    <property name="ant.project.invoked-targets" value="build,test.core2.xml" />
    <property name="env.TRAVIS_PULL_REQUEST_BRANCH" value="" />
    <property name="env.TRAVIS_REPO_SLUG" value="icyphy/ptII" />
    <property name="env.XDG_DATA_DIRS" value="/usr/local/share:/usr/share:/var/lib/snapd/desktop" />
    <property name="jdk.debug" value="release" />
    <property name="env.TRAVIS_APT_PROXY" value="http://build-cache.travisci.net" />
    <property name="env.TRAVIS_CPU_ARCH" value="amd64" />
    <property name="node.in.path" value="true" />
    <property name="user.name" value="travis" />
    <property name="java.maxmemory" value="1400m" />
    <property name="env.RUBY_VERSION" value="ruby-2.6.5" />
    <property name="env.LANG" value="en_US.UTF-8" />
    <property name="sun.io.unicode.encoding" value="UnicodeLittle" />
    <property name="sun.jnu.encoding" value="UTF-8" />
    <property name="java.runtime.name" value="OpenJDK Runtime Environment" />
    <property name="usefile" value="false" />
    <property name="return.code" value="0" />
    <property name="junit.single.formatter" value="plain" />
    <property name="env.DYLD_LIBRARY_PATH" value="/home/travis/pthla/certi-tools/lib:" />
    <property name="env.DEBIAN_FRONTEND" value="noninteractive" />
    <property name="env.SSH_CONNECTION" value="10.16.1.16 52330 10.30.0.123 22" />
    <property name="env.MYSQL_UNIX_PORT" value="/var/run/mysqld/mysqld.sock" />
    <property name="env.LC_ALL" value="en_US.UTF-8" />
    <property name="env.TRAVIS_ALLOW_FAILURE" value="" />
    <property name="env.TRAVIS_JOB_WEB_URL" value="https://app.travis-ci.com/icyphy/ptII/jobs/550934787" />
    <property name="java.specification.name" value="Java Platform API Specification" />
    <property name="node.works" value="true" />
    <property name="user.timezone" value="" />
    <property name="path.separator" value=":" />
    <property name="env.TRAVIS_ENABLE_INFRA_DETECTION" value="true" />
    <property name="env.PYTHON_CFLAGS" value="-g -fstack-protector --param=ssp-buffer-size=4 -Wformat -Werror=format-security" />
    <property name="timeout.long" value="4000000" />
    <property name="env.CERTI_HOME" value="/home/travis/pthla/certi-tools" />
    <property name="ant.file.ptII" value="/home/travis/build/icyphy/ptII/build.xml" />
    <property name="javadoc.packagenames" value="com.*,diva.*,lbnl.*,org.hlacerti.*,org.json.*,org.ptolemy.*,org.terraswarm.*,ptolemy.*,ptserver.*" />
    <property name="file.encoding" value="UTF-8" />
    <property name="env.TRAVIS_PULL_REQUEST_SLUG" value="" />
    <property name="ant.project.default-target" value="build" />
    <property name="env.GIT_ASKPASS" value="echo" />
    <property name="env.HOME" value="/home/travis" />
    <property name="sun.java.command" value="org.apache.tools.ant.taskdefs.optional.junit.JUnitTestRunner ptolemy.domains.modal.test.junit.JUnitTclTest skipNonTests=false filtertrace=true haltOnError=false haltOnFailure=false formatter=org.apache.tools.ant.taskdefs.optional.junit.OutErrSummaryJUnitResultFormatter showoutput=true outputtoformatters=true logfailedtests=true threadid=0 logtestlistenerevents=false formatter=org.apache.tools.ant.taskdefs.optional.junit.XMLJUnitResultFormatter,/home/travis/build/icyphy/ptII/reports/junit/TEST-ptolemy.domains.modal.test.junit.JUnitTclTest.xml crashfile=/home/travis/build/icyphy/ptII/junitvmwatcher9769555195178832994.properties propsfile=/home/travis/build/icyphy/ptII/junit2170539793392903157.properties" />
    <property name="env.COMPOSER_NO_INTERACTION" value="1" />
    <property name="env.MANPATH" value="/home/travis/.nvm/versions/node/v7.10.1/share/man:/home/travis/.kiex/elixirs/elixir-1.7.4/man:/home/travis/.rvm/rubies/ruby-2.6.5/share/man:/usr/local/cmake-3.12.4/man:/usr/local/clang-7.0.0/share/man:/usr/local/man:/usr/local/share/man:/usr/share/man:/home/travis/.rvm/man" />
    <property name="env.TRAVIS_TIMER_ID" value="205286c0" />
    <property name="ant.file" value="/home/travis/build/icyphy/ptII/build.xml" />
    <property name="env.TRAVIS_COMMIT_RANGE" value="83d15f2bbc5e0bff50436e0e1a8e0dccbb2bf6c8...60786cc645dd63c18f4a4ea4f3a4f5584eec1f5d" />
    <property name="ptII.classpath.optional.property" value="/home/travis/build/icyphy/ptII/lib/asm-all-5.2.jar:/home/travis/build/icyphy/ptII/lib/nashorn-core-15.3.jar:/home/travis/build/icyphy/ptII/lib/bsh-2.0b4.jar:/home/travis/build/icyphy/ptII/lib/ptCal.jar:/home/travis/build/icyphy/ptII/lib/java_cup.jar:/home/travis/build/icyphy/ptII/lib/saxon8.jar:/home/travis/build/icyphy/ptII/lib/saxon8-dom.jar:/home/travis/build/icyphy/ptII/lib/chic.jar:/home/travis/build/icyphy/ptII/lib/ptcolt.jar:/home/travis/build/icyphy/ptII/vendors/misc/itext/iText.jar:/home/travis/build/icyphy/ptII/lib/g4ltl.jar:/home/travis/build/icyphy/ptII/lib/StructuralCoder.jar:/home/travis/build/icyphy/ptII/lib/jcerti.jar:/home/travis/build/icyphy/ptII/lib/javax.mail.jar:/home/travis/build/icyphy/ptII/vendors/JMF-2.1.1e/lib/jmf.jar:/home/travis/build/icyphy/ptII/lib/jna-4.0.0-variadic.jar:/home/travis/build/icyphy/ptII/vendors/misc/joystick/Joystick.jar:/home/travis/build/icyphy/ptII/lib/ptjacl.jar:/home/travis/build/icyphy/ptII/lib/jsoup-1.14.2.jar:/home/travis/build/icyphy/ptII/lib/junit-4.8.2.jar:/home/travis/build/icyphy/ptII/lib/JUnitParams-0.4.0.jar:/home/travis/build/icyphy/ptII/ptolemy/actor/lib/excel/jxl.jar:/home/travis/build/icyphy/ptII/lib/jython.jar:/home/travis/build/icyphy/ptII/lib/kieler.jar:/home/travis/build/icyphy/ptII/vendors/opencv/share/OpenCV/java/opencv-341.jar:/home/travis/build/icyphy/ptII/lib/oscP5.jar:/home/travis/build/icyphy/ptII/lib/nrjavaserial-3.11.0.devel.jar:/home/travis/build/icyphy/ptII/vendors/j3d/lib/Linux/j3dcore.jar:/home/travis/build/icyphy/ptII/vendors/j3d/lib/Linux/j3dutils.jar:/home/travis/build/icyphy/ptII/vendors/j3d/lib/Linux/vecmath.jar:/home/travis/build/icyphy/ptII/vendors/jogl/lib/Linux/gluegen-rt-natives-linux-amd64.jar:/home/travis/build/icyphy/ptII/vendors/jogl/lib/Linux/gluegen-rt.jar:/home/travis/build/icyphy/ptII/vendors/jogl/lib/Linux/jogl-all-natives-linux-amd64.jar:/home/travis/build/icyphy/ptII/vendors/jogl/lib/Linux/jogl-all.jar:/home/travis/build/icyphy/ptII/ptolemy/distributed/jini/jar/jini-core.jar:/home/travis/build/icyphy/ptII/ptolemy/distributed/jini/jar/jini-ext.jar:/home/travis/build/icyphy/ptII/ptolemy/distributed/jini/jar/sun-util.jar:/home/travis/build/icyphy/ptII/lib/protobuf-java-2.4.1.jar:/home/travis/build/icyphy/ptII/lib/org.eclipse.paho.client.mqttv3.jar:/home/travis/build/icyphy/ptII/lib/mapss.jar:/home/travis/build/icyphy/ptII/ptolemy/actor/ptalon/antlr/antlr.jar:/home/travis/build/icyphy/ptII/lib/JRI.jar:/home/travis/build/icyphy/ptII/lib/commons-lang-2.6.jar:/home/travis/build/icyphy/ptII/lib/commons-logging-1.1.1.jar:/home/travis/build/icyphy/ptII/lib/sootclasses.jar:/home/travis/build/icyphy/ptII/ptolemy/actor/lib/database/mysql-connector-java-8.0.26.jar:/home/travis/build/icyphy/ptII/vendors/misc/sphinx4/sphinx4-data-5prealpha.jar:/home/travis/build/icyphy/ptII/vendors/misc/sphinx4/sphinx4-core-5prealpha.jar:/home/travis/build/icyphy/ptII/lib/PDFRenderer.jar:/home/travis/build/icyphy/ptII/lib/svgSalamander.jar:/home/travis/build/icyphy/ptII/lib/rsyntaxtextarea-2.6.0-SNAPSHOT.jar:/home/travis/build/icyphy/ptII/lib/hazelcast-3.8.2.jar:/home/travis/build/icyphy/ptII/lib/jackson-annotations-2.9.0.jar:/home/travis/build/icyphy/ptII/lib/jackson-core-2.9.3.jar:/home/travis/build/icyphy/ptII/lib/jackson-databind-2.9.3.jar:/home/travis/build/icyphy/ptII/lib/netty-buffer-4.1.19.Final.jar:/home/travis/build/icyphy/ptII/lib/netty-codec-4.1.19.Final.jar:/home/travis/build/icyphy/ptII/lib/netty-codec-dns-4.1.19.Final.jar:/home/travis/build/icyphy/ptII/lib/netty-codec-http-4.1.19.Final.jar:/home/travis/build/icyphy/ptII/lib/netty-codec-http2-4.1.19.Final.jar:/home/travis/build/icyphy/ptII/lib/netty-common-4.1.19.Final.jar:/home/travis/build/icyphy/ptII/lib/netty-handler-4.1.19.Final.jar:/home/travis/build/icyphy/ptII/lib/netty-resolver-4.1.19.Final.jar:/home/travis/build/icyphy/ptII/lib/netty-resolver-dns-4.1.19.Final.jar:/home/travis/build/icyphy/ptII/lib/netty-transport-4.1.19.Final.jar:/home/travis/build/icyphy/ptII/lib/vertx-codegen-3.5.1.jar:/home/travis/build/icyphy/ptII/lib/vertx-core-3.5.2-SNAPSHOT.jar:/home/travis/build/icyphy/ptII/lib/vertx-hazelcast-3.5.1.jar:/home/travis/build/icyphy/ptII/lib/vertx-lang-js-3.5.1.jar:/home/travis/build/icyphy/ptII/lib/vertx-service-proxy-3.5.1.jar:/home/travis/build/icyphy/ptII/lib/vertx-web-3.5.1.jar:/home/travis/build/icyphy/ptII/lib/slf4j-api-1.7.13.jar:/home/travis/build/icyphy/ptII/lib/slf4j-simple-1.7.13.jar:/home/travis/build/icyphy/ptII/lib/webcam-capture-0.3.12.jar:/home/travis/build/icyphy/ptII/lib/bridj-0.7.0.jar:/home/travis/build/icyphy/ptII/lib/xbjlib-1.1.0.nrjavaserial.jar" />
    <property name="timeout" value="2400000" />
    <property name="test.batch" value="**/junit/*.java" />
    <property name="env._" value="/usr/bin/timeout" />
    <property name="java.io.tmpdir" value="/tmp" />
    <property name="user.language" value="en" />
    <property name="env.TRAVIS_INTERNAL_RUBY_REGEX" value="^ruby-(2\.[0-4]\.[0-9]|1\.9\.3)" />
    <property name="env.HISTCONTROL" value="ignoredups:ignorespace" />
    <property name="env.GOROOT" value="/home/travis/.gimme/versions/go1.11.1.linux.amd64" />
    <property name="line.separator" value="&#xa;" />
    <property name="target" value="11" />
    <property name="env.TRAVIS_BUILD_DIR" value="/home/travis/build/icyphy/ptII" />
    <property name="env.ANT_OPTS" value="-Xmx2048m" />
    <property name="ant.file.type" value="file" />
    <property name="ptolemy.ptII.batchMode" value="true" />
    <property name="env.HISTSIZE" value="1000" />
    <property name="env.MERB_ENV" value="test" />
    <property name="java.vm.info" value="mixed mode" />
    <property name="source" value="11" />
    <property name="java.vm.specification.name" value="Java Virtual Machine Specification" />
    <property name="env.TRAVIS_TEST_RESULT" value="0" />
    <property name="jsdoc.command" value="node_modules/@terraswarm/jsdoc/jsdoc.js" />
    <property name="npm.works" value="true" />
    <property name="cobertura.dir" value="/home/travis/build/icyphy/ptII/vendors/cobertura-2.0.3" />
    <property name="jsdoc.command.exists" value="true" />
    <property name="env.rvm_path" value="/home/travis/.rvm" />
    <property name="env.GEM_PATH" value="/home/travis/.rvm/gems/ruby-2.6.5:/home/travis/.rvm/gems/ruby-2.6.5@global" />
    <property name="env.LC_CTYPE" value="en_US.UTF-8" />
    <property name="env.TRAVIS_CMD" value="$PTII/bin/ptIITravisBuild.sh $SECONDS" />
    <property name="java.awt.printerjob" value="sun.print.PSPrinterJob" />
    <property name="env.TRAVIS_STACK_NAME" value="ubuntu_1804" />
    <property name="env.TRAVIS_TIMER_START_TIME" value="1638756141083143864" />
    <property name="ant.version" value="Apache Ant(TM) version 1.10.1 compiled on February 2 2017" />
    <property name="ptII.reports" value="/home/travis/build/icyphy/ptII/reports" />
    <property name="env.TRAVIS_STACK_TIMESTAMP" value="2021-12-02 09:53:20 UTC" />
    <property name="ant.file.type.ptII" value="file" />
    <property name="env.RBENV_SHELL" value="bash" />
    <property name="os.name" value="Linux" />
    <property name="java.specification.vendor" value="Oracle Corporation" />
    <property name="env.rvm_version" value="1.29.12 (latest)" />
    <property name="env.TRAVIS_INFRA" value="unknown" />
    <property name="env.TERM" value="xterm" />
    <property name="java.vm.name" value="OpenJDK 64-Bit Server VM" />
    <property name="env.TRAVIS_BUILD_NUMBER" value="1851" />
    <property name="env.CI" value="true" />
    <property name="java.library.path" value="/home/travis/pthla/certi-tools/lib:/usr/lib/jni:/usr/local/share/OpenCV/java/:/usr/share/OpenCV/java::/usr/java/packages/lib:/usr/lib64:/lib64:/lib:/usr/lib" />
    <property name="jdk.module.path" value="/home/travis/build/icyphy/ptII/vendors/javafx/javafx-sdk-11.0.2/lib:" />
    <property name="env.rvm_prefix" value="/home/travis" />
    <property name="env.PATH" value="/home/travis/pthla/certi-tools/share/scripts:/home/travis/.rvm/gems/ruby-2.6.5/bin:/home/travis/.rvm/gems/ruby-2.6.5@global/bin:/home/travis/.rvm/rubies/ruby-2.6.5/bin:/home/travis/.rvm/bin:./node_modules/.bin:/home/travis/build/icyphy/ptII/bin:/home/travis/pthla/certi-tools/bin:/home/travis/bin:/home/travis/.local/bin:/usr/local/lib/jvm/openjdk11/bin:/opt/pyenv/shims:/home/travis/.phpenv/shims:/home/travis/perl5/perlbrew/bin:/home/travis/.nvm/versions/node/v7.10.1/bin:/home/travis/.kiex/elixirs/elixir-1.7.4/bin:/home/travis/.kiex/bin:/home/travis/gopath/bin:/home/travis/.gimme/versions/go1.11.1.linux.amd64/bin:/usr/local/maven-3.6.3/bin:/usr/local/cmake-3.12.4/bin:/usr/local/clang-7.0.0/bin:/usr/local/sbin:/usr/local/bin:/usr/sbin:/usr/bin:/sbin:/bin:/snap/bin:/home/travis/.phpenv/bin:/opt/pyenv/bin:/home/travis/.yarn/bin" />
    <property name="env.TRAVIS_OS_NAME" value="linux" />
    <property name="ant.java.version" value="9" />
    <property name="basedir" value="/home/travis/build/icyphy/ptII" />
    <property name="java.class.version" value="55.0" />
    <property name="env.SHLVL" value="3" />
    <property name="env.LD_LIBRARY_PATH" value="/home/travis/pthla/certi-tools/lib:/usr/lib/jni:/usr/local/share/OpenCV/java/:/usr/share/OpenCV/java:" />
    <property name="env.RACK_ENV" value="test" />
    <property name="ant.home" value="/home/travis/build/icyphy/ptII/ant" />
    <property name="env.NVM_DIR" value="/home/travis/.nvm" />
    <property name="env.CERTI_FOM_PATH" value="/home/travis/pthla/certi-tools/share/federations" />
    <property name="env.TRAVIS_BUILD_ID" value="242938139" />
    <property name="env.PYENV_ROOT" value="/opt/pyenv" />
    <property name="env.TRAVIS_UID" value="2000" />
    <property name="prism.verbose" value="true" />
    <property name="env.NVM_BIN" value="/home/travis/.nvm/versions/node/v7.10.1/bin" />
    <property name="env.TRAVIS_COMMIT" value="60786cc645dd63c18f4a4ea4f3a4f5584eec1f5d" />
    <property name="node.executable" value="node" />
    <property name="sun.boot.library.path" value="/usr/local/lib/jvm/openjdk11/lib" />
    <property name="sun.management.compiler" value="HotSpot 64-Bit Tiered Compilers" />
    <property name="java.awt.graphicsenv" value="sun.awt.X11GraphicsEnvironment" />
    <property name="env.GOPATH" value="/home/travis/gopath" />
    <property name="ptolemy.ptII.dir" value="/home/travis/build/icyphy/ptII" />
    <property name="env.USER" value="travis" />
    <property name="env.HISTFILESIZE" value="2000" />
    <property name="env.NVM_INC" value="/home/travis/.nvm/versions/node/v7.10.1/include/node" />
    <property name="timeout.longest" value="19000000" />
    <property name="env.PERLBREW_SHELLRC_VERSION" value="0.93" />
    <property name="env.TRAVIS_STACK_FEATURES" value="basic couchdb disabled-ipv6 docker docker-compose elasticsearch firefox go-toolchain google-chrome jdk memcached mongodb mysql nodejs_interpreter perl_interpreter perlbrew phantomjs postgresql python_interpreter redis ruby_interpreter sqlite xserver" />
    <property name="env.TRAVIS_PULL_REQUEST" value="false" />
    <property name="env.PYENV_SHELL" value="bash" />
    <property name="ant.project.name" value="ptII" />
    <property name="env.ANSI_RESET" value="\033[0m" />
    <property name="java.vm.specification.version" value="11" />
    <property name="env.TRAVIS_DIST" value="bionic" />
    <property name="env.CERTI_VERSION" value="4.0.0" />
    <property name="env.CERTI_HOST" value="localhost" />
    <property name="awt.toolkit" value="sun.awt.X11.XToolkit" />
    <property name="env.MY_RUBY_HOME" value="/home/travis/.rvm/rubies/ruby-2.6.5" />
    <property name="sun.cpu.isalist" value="" />
    <property name="env.TRAVIS_TMPDIR" value="/tmp/tmp.3xkwgSzvW1" />
    <property name="java.vm.compressedOopsMode" value="Zero based" />
    <property name="os.version" value="5.4.0-1058-gcp" />
    <property name="user.home" value="/home/travis" />
    <property name="env.MIX_ARCHIVES" value="/home/travis/.kiex/mix/elixir-1.7.4" />
    <property name="java.vm.vendor" value="Oracle Corporation" />
    <property name="env.TRAVIS_TAG" value="nightly" />
    <property name="env.ANSI_YELLOW" value="\033[33;1m" />
    <property name="env.TRAVIS_FILTERED" value="redirect_io" />
    <property name="env.ANSI_GREEN" value="\033[32;1m" />
    <property name="env.JAVA_HOME" value="/usr/local/lib/jvm/openjdk11" />
    <property name="javadoc.excludepackagenames" value="adm.cvs2svn.*,build.*,config.*,doc.coding.templates.*,jni.test.jni.meaningOfLife.*,jni.test.jni.testDeux.*,jni.test.jni.testTrois.*,org.terraswarm.accessor.accessors.web.node_modules.*,org.terraswarm.accessor.accessors.web.hosts.cordova.demo.*,org.terraswarm.accessor.accessors.web.hosts.cordova.plugins.*,org.terraswarm.accessor.accessors-svn.*,pt-modules.*,ptolemy.apps.agilent.*,ptolemy.apps.anytimecontrol.*,ptolemy.apps.apes.*,ptolemy.apps.charon.*,ptolemy.apps.crazyboard.*,ptolemy.apps.eclipse.*,ptolemy.apps.etherealSting.*,ptolemy.apps.fullscreen.*,ptolemy.apps.giotto.*,ptolemy.apps.ia.*,ptolemy.apps.interfaces.*,ptolemy.apps.jmf.*,ptolemy.apps.kurt.*,ptolemy.apps.kvm.*,ptolemy.apps.lego.*,ptolemy.apps.lejos.*,ptolemy.apps.midp.*,ptolemy.apps.mobileCoding.*,ptolemy.apps.pendulum.*,ptolemy.apps.rijndael.*,ptolemy.apps.robot.*,ptolemy.apps.security.*,ptolemy.apps.sobel.*,ptolemy.apps.soot.*,ptolemy.apps.throttle.*,ptolemy.apps.tini.*,ptolemy.apps.transmission.*,ptolemy.apps.vergil.*,ptolemy.apps.waba.*,ptolemy.apps.websensor.*,ptolemy.apps.webstart.*,ptolemy.apps.xsl.*,ptolemy.apps.zaurus.*,ptolemy.codegen.c.actor.lib.oldJavaFiles.*,ptolemy.codegen.dsp.lib.*,ptolemy.codegen.kernel.newInterfaces.*,ptolemy.codegen.lib.*,ptolemy.copernicus.kernel.fragment.*,ptolemy.copernicus.shallow.cg.*,ptolemy.domains.giotto.demo.Hierarchy.Hierarchy.*,ptolemy.domains.giotto.demo.Multimode.Multimode.*,ptolemy.domains.giotto.demo.Simple.Simple.*,ptolemy.domains.gr.lib.experimental.*,ptolemy.domains.gro.*,ptolemy.domains.pdf.*,ptolemy.domains.ptinyos.demo.Surge.output.*,ptolemy.moml.test.NoPackageActor.java*,ptolemy.plot.adm.*,ptolemy.plot.servlet.*,reports.*,signed.*,src.*,target.*,vendors.*,ptolemy.copernicus.applet.*,ptolemy.media.viewer.*,ptolemy.actor.corba.*,doc.doclets.*,ptolemy.apps.eclipse.awt.*,ptolemy.backtrack.*,ptolemy.backtrack.ast.*,ptolemy.cg.adapter.generic.program.procedural.c.mbed*,ptolemy.homer.*,ptolemy.actor.lib.jai.*,org.ptolemy.scala.*,diva.util.java2d.svg.*,ptolemy.domains.ptinyos.*,ptolemy.actor.lib.fmi.fmipp.*,,org.terraswarm.accessor.accessors.web.node_modules.*,org.terraswarm.accessor.accessors-svn,ptolemy.apps.*,ptolemy.actor.ptalon.demo.ptinyos.SendAndReceiveCnt.output,ptolemy.actor.ptalon.demo.ptinyos.SenseToLeds.output,ptolemy.domains.ptinyos.demo.CntToLedsAndRfm.output,ptolemy.domains.ptinyos.demo.RfmToLeds.output,ptolemy.domains.ptinyos.demo.SendAndReceiveCnt.output,ptolemy.domains.ptinyos.demo.SenseToLeds.output,ptolemy.actor.lib.jjs.modules.udpSocket.*" />
    <property name="env.PTII" value="/home/travis/build/icyphy/ptII" />
    <property name="env.XDG_SESSION_ID" value="3" />
    <property name="keystore" value="ptKeystore" />
    <property name="env.TRAVIS_COMMIT_MESSAGE" value="CERTI_SRC is a directory, not a file." />
    <property name="junit.output.dir" value="/home/travis/build/icyphy/ptII/reports/junit" />
    <property name="npm.return.code" value="0" />
    <property name="user.dir" value="/home/travis/build/icyphy/ptII/ptolemy/domains/modal/test" />
    <property name="env.TRAVIS_NODE_VERSION" value="7" />
    <property name="env.TRAVIS_EVENT_TYPE" value="cron" />
    <property name="env.MAIL" value="/var/mail/travis" />
    <property name="env.PERLBREW_ROOT" value="/home/travis/perl5/perlbrew" />
    <property name="env.PWD" value="/home/travis/build/icyphy/ptII" />
    <property name="timeout.npm" value="45000" />
    <property name="env.PT_TRAVIS_TEST_CORE2_XML" value="true" />
    <property name="env.TRAVIS_ARCH" value="amd64" />
    <property name="sun.cpu.endian" value="little" />
    <property name="env.PAGER" value="cat" />
    <property name="env.TRAVIS_BUILD_STAGE_NAME" value="test" />
    <property name="env.PERLBREW_HOME" value="/home/travis/.perlbrew" />
    <property name="java.vm.version" value="11.0.2+9" />
    <property name="env.RAILS_ENV" value="test" />
    <property name="java.class.path" value="/home/travis/build/icyphy/ptII:/home/travis/build/icyphy/ptII/lib/asm-all-5.2.jar:/home/travis/build/icyphy/ptII/lib/nashorn-core-15.3.jar:/home/travis/build/icyphy/ptII/lib/bsh-2.0b4.jar:/home/travis/build/icyphy/ptII/lib/ptCal.jar:/home/travis/build/icyphy/ptII/lib/java_cup.jar:/home/travis/build/icyphy/ptII/lib/saxon8.jar:/home/travis/build/icyphy/ptII/lib/saxon8-dom.jar:/home/travis/build/icyphy/ptII/lib/chic.jar:/home/travis/build/icyphy/ptII/lib/ptcolt.jar:/home/travis/build/icyphy/ptII/vendors/misc/itext/iText.jar:/home/travis/build/icyphy/ptII/lib/g4ltl.jar:/home/travis/build/icyphy/ptII/lib/StructuralCoder.jar:/home/travis/build/icyphy/ptII/lib/jcerti.jar:/home/travis/build/icyphy/ptII/lib/javax.mail.jar:/home/travis/build/icyphy/ptII/vendors/JMF-2.1.1e/lib/jmf.jar:/home/travis/build/icyphy/ptII/lib/jna-4.0.0-variadic.jar:/home/travis/build/icyphy/ptII/vendors/misc/joystick/Joystick.jar:/home/travis/build/icyphy/ptII/lib/ptjacl.jar:/home/travis/build/icyphy/ptII/lib/jsoup-1.14.2.jar:/home/travis/build/icyphy/ptII/lib/junit-4.8.2.jar:/home/travis/build/icyphy/ptII/lib/JUnitParams-0.4.0.jar:/home/travis/build/icyphy/ptII/ptolemy/actor/lib/excel/jxl.jar:/home/travis/build/icyphy/ptII/lib/jython.jar:/home/travis/build/icyphy/ptII/lib/kieler.jar:/home/travis/build/icyphy/ptII/vendors/opencv/share/OpenCV/java/opencv-341.jar:/home/travis/build/icyphy/ptII/lib/oscP5.jar:/home/travis/build/icyphy/ptII/lib/nrjavaserial-3.11.0.devel.jar:/home/travis/build/icyphy/ptII/vendors/j3d/lib/Linux/j3dcore.jar:/home/travis/build/icyphy/ptII/vendors/j3d/lib/Linux/j3dutils.jar:/home/travis/build/icyphy/ptII/vendors/j3d/lib/Linux/vecmath.jar:/home/travis/build/icyphy/ptII/vendors/jogl/lib/Linux/gluegen-rt-natives-linux-amd64.jar:/home/travis/build/icyphy/ptII/vendors/jogl/lib/Linux/gluegen-rt.jar:/home/travis/build/icyphy/ptII/vendors/jogl/lib/Linux/jogl-all-natives-linux-amd64.jar:/home/travis/build/icyphy/ptII/vendors/jogl/lib/Linux/jogl-all.jar:/home/travis/build/icyphy/ptII/ptolemy/distributed/jini/jar/jini-core.jar:/home/travis/build/icyphy/ptII/ptolemy/distributed/jini/jar/jini-ext.jar:/home/travis/build/icyphy/ptII/ptolemy/distributed/jini/jar/sun-util.jar:/home/travis/build/icyphy/ptII/lib/protobuf-java-2.4.1.jar:/home/travis/build/icyphy/ptII/lib/org.eclipse.paho.client.mqttv3.jar:/home/travis/build/icyphy/ptII/lib/mapss.jar:/home/travis/build/icyphy/ptII/ptolemy/actor/ptalon/antlr/antlr.jar:/home/travis/build/icyphy/ptII/lib/JRI.jar:/home/travis/build/icyphy/ptII/lib/commons-lang-2.6.jar:/home/travis/build/icyphy/ptII/lib/commons-logging-1.1.1.jar:/home/travis/build/icyphy/ptII/lib/sootclasses.jar:/home/travis/build/icyphy/ptII/ptolemy/actor/lib/database/mysql-connector-java-8.0.26.jar:/home/travis/build/icyphy/ptII/vendors/misc/sphinx4/sphinx4-data-5prealpha.jar:/home/travis/build/icyphy/ptII/vendors/misc/sphinx4/sphinx4-core-5prealpha.jar:/home/travis/build/icyphy/ptII/lib/PDFRenderer.jar:/home/travis/build/icyphy/ptII/lib/svgSalamander.jar:/home/travis/build/icyphy/ptII/lib/rsyntaxtextarea-2.6.0-SNAPSHOT.jar:/home/travis/build/icyphy/ptII/lib/hazelcast-3.8.2.jar:/home/travis/build/icyphy/ptII/lib/jackson-annotations-2.9.0.jar:/home/travis/build/icyphy/ptII/lib/jackson-core-2.9.3.jar:/home/travis/build/icyphy/ptII/lib/jackson-databind-2.9.3.jar:/home/travis/build/icyphy/ptII/lib/netty-buffer-4.1.19.Final.jar:/home/travis/build/icyphy/ptII/lib/netty-codec-4.1.19.Final.jar:/home/travis/build/icyphy/ptII/lib/netty-codec-dns-4.1.19.Final.jar:/home/travis/build/icyphy/ptII/lib/netty-codec-http-4.1.19.Final.jar:/home/travis/build/icyphy/ptII/lib/netty-codec-http2-4.1.19.Final.jar:/home/travis/build/icyphy/ptII/lib/netty-common-4.1.19.Final.jar:/home/travis/build/icyphy/ptII/lib/netty-handler-4.1.19.Final.jar:/home/travis/build/icyphy/ptII/lib/netty-resolver-4.1.19.Final.jar:/home/travis/build/icyphy/ptII/lib/netty-resolver-dns-4.1.19.Final.jar:/home/travis/build/icyphy/ptII/lib/netty-transport-4.1.19.Final.jar:/home/travis/build/icyphy/ptII/lib/vertx-codegen-3.5.1.jar:/home/travis/build/icyphy/ptII/lib/vertx-core-3.5.2-SNAPSHOT.jar:/home/travis/build/icyphy/ptII/lib/vertx-hazelcast-3.5.1.jar:/home/travis/build/icyphy/ptII/lib/vertx-lang-js-3.5.1.jar:/home/travis/build/icyphy/ptII/lib/vertx-service-proxy-3.5.1.jar:/home/travis/build/icyphy/ptII/lib/vertx-web-3.5.1.jar:/home/travis/build/icyphy/ptII/lib/slf4j-api-1.7.13.jar:/home/travis/build/icyphy/ptII/lib/slf4j-simple-1.7.13.jar:/home/travis/build/icyphy/ptII/lib/webcam-capture-0.3.12.jar:/home/travis/build/icyphy/ptII/lib/bridj-0.7.0.jar:/home/travis/build/icyphy/ptII/lib/xbjlib-1.1.0.nrjavaserial.jar:/home/travis/build/icyphy/ptII/ptolemy/moml/test:/home/travis/build/icyphy/ptII/ant/lib/ant-launcher.jar:/home/travis/build/icyphy/ptII/ant/lib/ant.jar:/home/travis/build/icyphy/ptII/ant/lib/ant-junit.jar:/home/travis/build/icyphy/ptII/ant/lib/ant-junit4.jar" />
    <property name="ant.library.dir" value="/home/travis/build/icyphy/ptII/ant/lib" />
    <property name="os.arch" value="amd64" />
    <property name="env.CONTINUOUS_INTEGRATION" value="true" />
    <property name="env.TRAVIS_LANGUAGE" value="node_js" />
    <property name="env.TRAVIS_STACK_LANGUAGES" value="__ubuntu_1804__ c c++ clojure cplusplus cpp crystal default generic go groovy java node_js php pure_java python r ruby scala julia perl perl6 elixir erlang" />
    <property name="test.name" value="ptolemy.actor.lib.test.junit.JUnitTclTest" />
    <property name="env.APT_KEY_DONT_WARN_ON_DANGEROUS_USAGE" value="1" />
    <property name="sun.java.launcher" value="SUN_STANDARD" />
    <property name="env.PYTHON_CONFIGURE_OPTS" value="--enable-unicode=ucs4 --with-wide-unicode --enable-shared --enable-ipv6 --enable-loadable-sqlite-extensions --with-computed-gotos" />
    <property name="ant.core.lib" value="/home/travis/build/icyphy/ptII/ant/lib/ant.jar" />
    <property name="java.vm.specification.vendor" value="Oracle Corporation" />
    <property name="env.BCVTB_HOME" value="/home/travis/build/icyphy/ptII/lbnl" />
    <property name="file.separator" value="/" />
    <property name="spotbugs.home" value="/home/travis/build/icyphy/ptII/vendors/spotbugs-3.1.1" />
    <property name="java.runtime.version" value="11.0.2+9" />
    <property name="env.ANSI_CLEAR" value="\033[0K" />
    <property name="javafx.verbose" value="true" />
    <property name="env.HAS_JOSH_K_SEAL_OF_APPROVAL" value="true" />
    <property name="env.XDG_RUNTIME_DIR" value="/run/user/2000" />
    <property name="env.TRAVIS_OSX_IMAGE" value="" />
    <property name="env.TRAVIS_JOB_ID" value="550934787" />
    <property name="env.TRAVIS_BRANCH" value="master" />
    <property name="user.country" value="US" />
    <property name="env.CERTI_HOME_TRAVIS" value="/home/travis/pthla/certi-tools" />
    <property name="env.SHELL" value="/bin/bash" />
    <property name="java.maxmemory.large" value="3200m" />
    <property name="model" value="" />
    <property name="env.CASHER_DIR" value="/home/travis/.casher" />
    <property name="env.NVM_CD_FLAGS" value="" />
    <property name="java.vendor.version" value="18.9" />
    <property name="jshint.executable" value="/home/travis/node_modules/jshint/bin/jshint" />
    <property name="env.JRUBY_OPTS" value=" --client -J-XX:+TieredCompilation -J-XX:TieredStopAtLevel=1 -J-Xss2m -Xcompile.invokedynamic=false" />
    <property name="java.vendor" value="Oracle Corporation" />
    <property name="env.TRAVIS_PRE_CHEF_BOOTSTRAP_TIME" value="2021-12-02T09:53:11" />
    <property name="env.ELIXIR_VERSION" value="1.7.4" />
    <property name="env.TRAVIS_STACK_JOB_BOARD_REGISTER" value="/.job-board-register.yml" />
    <property name="env.ANSI_RED" value="\033[31;1m" />
    <property name="java.specification.version" value="11" />
    <property name="env.IRBRC" value="/home/travis/.rvm/rubies/ruby-2.6.5/.irbrc" />
    <property name="env.TRAVIS" value="true" />
    <property name="sun.arch.data.model" value="64" />
  </properties>
  <testcase classname="ptolemy.util.test.junit.TclTests" name="[0] /home/travis/build/icyphy/ptII/ptolemy/domains/modal/test/SystemLevelType.tcl (RunTclFile)" time="1.721" />
  <testcase classname="ptolemy.util.test.junit.AutoKnownFailedTests" name="[0] /home/travis/build/icyphy/ptII/ptolemy/domains/modal/test/auto/knownFailedTests/CannotAnalysisWithPreemption.xml (RunModel)" time="0.237" />
  <testcase classname="ptolemy.util.test.junit.AutoNameArchTests" name="[0] ThereAreNoAutoArchTests (RunModel)" time="0.007" />
  <testcase classname="ptolemy.util.test.junit.AutoTests" name="[0] /home/travis/build/icyphy/ptII/ptolemy/domains/modal/test/auto/ABPTest.xml (RunModel)" time="0.705" />
  <testcase classname="ptolemy.util.test.junit.AutoTests" name="[1] /home/travis/build/icyphy/ptII/ptolemy/domains/modal/test/auto/ABROFlat.xml (RunModel)" time="0.08" />
  <testcase classname="ptolemy.util.test.junit.AutoTests" name="[2] /home/travis/build/icyphy/ptII/ptolemy/domains/modal/test/auto/ABROFlat2.xml (RunModel)" time="0.055" />
  <testcase classname="ptolemy.util.test.junit.AutoTests" name="[3] /home/travis/build/icyphy/ptII/ptolemy/domains/modal/test/auto/ABRO_present_hmm.xml (RunModel)" time="0.155" />
  <testcase classname="ptolemy.util.test.junit.AutoTests" name="[4] /home/travis/build/icyphy/ptII/ptolemy/domains/modal/test/auto/AMICoderExample.xml (RunModel)" time="0.082" />
  <testcase classname="ptolemy.util.test.junit.AutoTests" name="[5] /home/travis/build/icyphy/ptII/ptolemy/domains/modal/test/auto/AbsentToPresent.xml (RunModel)" time="0.022" />
  <testcase classname="ptolemy.util.test.junit.AutoTests" name="[6] /home/travis/build/icyphy/ptII/ptolemy/domains/modal/test/auto/Blending.xml (RunModel)" time="0.27" />
  <testcase classname="ptolemy.util.test.junit.AutoTests" name="[7] /home/travis/build/icyphy/ptII/ptolemy/domains/modal/test/auto/Broadcast.xml (RunModel)" time="0.039" />
  <testcase classname="ptolemy.util.test.junit.AutoTests" name="[8] /home/travis/build/icyphy/ptII/ptolemy/domains/modal/test/auto/BroadcastHierarchy.xml (RunModel)" time="0.06" />
  <testcase classname="ptolemy.util.test.junit.AutoTests" name="[9] /home/travis/build/icyphy/ptII/ptolemy/domains/modal/test/auto/BroadcastHierarchy2.xml (RunModel)" time="0.122" />
  <testcase classname="ptolemy.util.test.junit.AutoTests" name="[10] /home/travis/build/icyphy/ptII/ptolemy/domains/modal/test/auto/BroadcastHierarchy3.xml (RunModel)" time="0.087" />
  <testcase classname="ptolemy.util.test.junit.AutoTests" name="[11] /home/travis/build/icyphy/ptII/ptolemy/domains/modal/test/auto/BroadcastHierarchy4.xml (RunModel)" time="0.085" />
  <testcase classname="ptolemy.util.test.junit.AutoTests" name="[12] /home/travis/build/icyphy/ptII/ptolemy/domains/modal/test/auto/CannotAnalysisWithPreemption2.xml (RunModel)" time="0.028" />
  <testcase classname="ptolemy.util.test.junit.AutoTests" name="[13] /home/travis/build/icyphy/ptII/ptolemy/domains/modal/test/auto/CannotAnalysisWithPreemption3.xml (RunModel)" time="0.036" />
  <testcase classname="ptolemy.util.test.junit.AutoTests" name="[14] /home/travis/build/icyphy/ptII/ptolemy/domains/modal/test/auto/CannotProduce.xml (RunModel)" time="0.039" />
  <testcase classname="ptolemy.util.test.junit.AutoTests" name="[15] /home/travis/build/icyphy/ptII/ptolemy/domains/modal/test/auto/CannotProduceModal.xml (RunModel)" time="0.025" />
  <testcase classname="ptolemy.util.test.junit.AutoTests" name="[16] /home/travis/build/icyphy/ptII/ptolemy/domains/modal/test/auto/Case.xml (RunModel)" time="0.059" />
  <testcase classname="ptolemy.util.test.junit.AutoTests" name="[17] /home/travis/build/icyphy/ptII/ptolemy/domains/modal/test/auto/Case1.xml (RunModel)" time="0.032" />
  <testcase classname="ptolemy.util.test.junit.AutoTests" name="[18] /home/travis/build/icyphy/ptII/ptolemy/domains/modal/test/auto/Case2.xml (RunModel)" time="0.069" />
  <testcase classname="ptolemy.util.test.junit.AutoTests" name="[19] /home/travis/build/icyphy/ptII/ptolemy/domains/modal/test/auto/CausalityInterface1.xml (RunModel)" time="0.024" />
  <testcase classname="ptolemy.util.test.junit.AutoTests" name="[20] /home/travis/build/icyphy/ptII/ptolemy/domains/modal/test/auto/CausalityInterface10.xml (RunModel)" time="0.06" />
  <testcase classname="ptolemy.util.test.junit.AutoTests" name="[21] /home/travis/build/icyphy/ptII/ptolemy/domains/modal/test/auto/CausalityInterface11.xml (RunModel)" time="0.055" />
  <testcase classname="ptolemy.util.test.junit.AutoTests" name="[22] /home/travis/build/icyphy/ptII/ptolemy/domains/modal/test/auto/CausalityInterface12.xml (RunModel)" time="0.041" />
  <testcase classname="ptolemy.util.test.junit.AutoTests" name="[23] /home/travis/build/icyphy/ptII/ptolemy/domains/modal/test/auto/CausalityInterface13.xml (RunModel)" time="0.053" />
  <testcase classname="ptolemy.util.test.junit.AutoTests" name="[24] /home/travis/build/icyphy/ptII/ptolemy/domains/modal/test/auto/CausalityInterface14.xml (RunModel)" time="0.049" />
  <testcase classname="ptolemy.util.test.junit.AutoTests" name="[25] /home/travis/build/icyphy/ptII/ptolemy/domains/modal/test/auto/CausalityInterface2.xml (RunModel)" time="0.022" />
  <testcase classname="ptolemy.util.test.junit.AutoTests" name="[26] /home/travis/build/icyphy/ptII/ptolemy/domains/modal/test/auto/CausalityInterface3.xml (RunModel)" time="0.019" />
  <testcase classname="ptolemy.util.test.junit.AutoTests" name="[27] /home/travis/build/icyphy/ptII/ptolemy/domains/modal/test/auto/CausalityInterface4.xml (RunModel)" time="0.022" />
  <testcase classname="ptolemy.util.test.junit.AutoTests" name="[28] /home/travis/build/icyphy/ptII/ptolemy/domains/modal/test/auto/CausalityInterface5.xml (RunModel)" time="0.026" />
  <testcase classname="ptolemy.util.test.junit.AutoTests" name="[29] /home/travis/build/icyphy/ptII/ptolemy/domains/modal/test/auto/CausalityInterface6.xml (RunModel)" time="0.028" />
  <testcase classname="ptolemy.util.test.junit.AutoTests" name="[30] /home/travis/build/icyphy/ptII/ptolemy/domains/modal/test/auto/CausalityInterface7.xml (RunModel)" time="0.043" />
  <testcase classname="ptolemy.util.test.junit.AutoTests" name="[31] /home/travis/build/icyphy/ptII/ptolemy/domains/modal/test/auto/CausalityInterface8.xml (RunModel)" time="0.042" />
  <testcase classname="ptolemy.util.test.junit.AutoTests" name="[32] /home/travis/build/icyphy/ptII/ptolemy/domains/modal/test/auto/CausalityInterface9.xml (RunModel)" time="0.031" />
  <testcase classname="ptolemy.util.test.junit.AutoTests" name="[33] /home/travis/build/icyphy/ptII/ptolemy/domains/modal/test/auto/ChainedTransitions.xml (RunModel)" time="0.143" />
  <testcase classname="ptolemy.util.test.junit.AutoTests" name="[34] /home/travis/build/icyphy/ptII/ptolemy/domains/modal/test/auto/CycleOfImmediateTransitionsFSM.xml (RunModel)" time="0.026" />
  <testcase classname="ptolemy.util.test.junit.AutoTests" name="[35] /home/travis/build/icyphy/ptII/ptolemy/domains/modal/test/auto/CycleOfImmediateTransitionsModal.xml (RunModel)" time="0.024" />
  <testcase classname="ptolemy.util.test.junit.AutoTests" name="[36] /home/travis/build/icyphy/ptII/ptolemy/domains/modal/test/auto/CycleOfImmediateTransitionsModal2.xml (RunModel)" time="0.031" />
  <testcase classname="ptolemy.util.test.junit.AutoTests" name="[37] /home/travis/build/icyphy/ptII/ptolemy/domains/modal/test/auto/CycleOfImmediateTransitionsModal3.xml (RunModel)" time="0.068" />
  <testcase classname="ptolemy.util.test.junit.AutoTests" name="[38] /home/travis/build/icyphy/ptII/ptolemy/domains/modal/test/auto/DeepModal1.xml (RunModel)" time="0.046" />
  <testcase classname="ptolemy.util.test.junit.AutoTests" name="[39] /home/travis/build/icyphy/ptII/ptolemy/domains/modal/test/auto/DeepModal2.xml (RunModel)" time="0.071" />
  <testcase classname="ptolemy.util.test.junit.AutoTests" name="[40] /home/travis/build/icyphy/ptII/ptolemy/domains/modal/test/auto/DeepModal3.xml (RunModel)" time="0.062" />
  <testcase classname="ptolemy.util.test.junit.AutoTests" name="[41] /home/travis/build/icyphy/ptII/ptolemy/domains/modal/test/auto/DeepModal4.xml (RunModel)" time="0.068" />
  <testcase classname="ptolemy.util.test.junit.AutoTests" name="[42] /home/travis/build/icyphy/ptII/ptolemy/domains/modal/test/auto/Default1.xml (RunModel)" time="0.014" />
  <testcase classname="ptolemy.util.test.junit.AutoTests" name="[43] /home/travis/build/icyphy/ptII/ptolemy/domains/modal/test/auto/Default2.xml (RunModel)" time="0.018" />
  <testcase classname="ptolemy.util.test.junit.AutoTests" name="[44] /home/travis/build/icyphy/ptII/ptolemy/domains/modal/test/auto/Default3.xml (RunModel)" time="0.018" />
  <testcase classname="ptolemy.util.test.junit.AutoTests" name="[45] /home/travis/build/icyphy/ptII/ptolemy/domains/modal/test/auto/Default4.xml (RunModel)" time="0.016" />
  <testcase classname="ptolemy.util.test.junit.AutoTests" name="[46] /home/travis/build/icyphy/ptII/ptolemy/domains/modal/test/auto/Default5.xml (RunModel)" time="0.022" />
  <testcase classname="ptolemy.util.test.junit.AutoTests" name="[47] /home/travis/build/icyphy/ptII/ptolemy/domains/modal/test/auto/EmptyGuard.xml (RunModel)" time="0.028" />
  <testcase classname="ptolemy.util.test.junit.AutoTests" name="[48] /home/travis/build/icyphy/ptII/ptolemy/domains/modal/test/auto/ErrorTransition1.xml (RunModel)" time="0.028" />
  <testcase classname="ptolemy.util.test.junit.AutoTests" name="[49] /home/travis/build/icyphy/ptII/ptolemy/domains/modal/test/auto/ErrorTransition10.xml (RunModel)" time="0.036" />
  <testcase classname="ptolemy.util.test.junit.AutoTests" name="[50] /home/travis/build/icyphy/ptII/ptolemy/domains/modal/test/auto/ErrorTransition11.xml (RunModel)" time="0.047" />
  <testcase classname="ptolemy.util.test.junit.AutoTests" name="[51] /home/travis/build/icyphy/ptII/ptolemy/domains/modal/test/auto/ErrorTransition2.xml (RunModel)" time="0.029" />
  <testcase classname="ptolemy.util.test.junit.AutoTests" name="[52] /home/travis/build/icyphy/ptII/ptolemy/domains/modal/test/auto/ErrorTransition3.xml (RunModel)" time="0.042" />
  <testcase classname="ptolemy.util.test.junit.AutoTests" name="[53] /home/travis/build/icyphy/ptII/ptolemy/domains/modal/test/auto/ErrorTransition4.xml (RunModel)" time="0.043" />
  <testcase classname="ptolemy.util.test.junit.AutoTests" name="[54] /home/travis/build/icyphy/ptII/ptolemy/domains/modal/test/auto/ErrorTransition5.xml (RunModel)" time="0.028" />
  <testcase classname="ptolemy.util.test.junit.AutoTests" name="[55] /home/travis/build/icyphy/ptII/ptolemy/domains/modal/test/auto/ErrorTransition6.xml (RunModel)" time="0.037" />
  <testcase classname="ptolemy.util.test.junit.AutoTests" name="[56] /home/travis/build/icyphy/ptII/ptolemy/domains/modal/test/auto/ErrorTransition7.xml (RunModel)" time="0.038" />
  <testcase classname="ptolemy.util.test.junit.AutoTests" name="[57] /home/travis/build/icyphy/ptII/ptolemy/domains/modal/test/auto/ErrorTransition8.xml (RunModel)" time="0.058" />
  <testcase classname="ptolemy.util.test.junit.AutoTests" name="[58] /home/travis/build/icyphy/ptII/ptolemy/domains/modal/test/auto/ErrorTransition9.xml (RunModel)" time="0.037" />
  <testcase classname="ptolemy.util.test.junit.AutoTests" name="[59] /home/travis/build/icyphy/ptII/ptolemy/domains/modal/test/auto/ExtendedFSM.xml (RunModel)" time="0.02" />
  <testcase classname="ptolemy.util.test.junit.AutoTests" name="[60] /home/travis/build/icyphy/ptII/ptolemy/domains/modal/test/auto/FinalStates.xml (RunModel)" time="0.023" />
  <testcase classname="ptolemy.util.test.junit.AutoTests" name="[61] /home/travis/build/icyphy/ptII/ptolemy/domains/modal/test/auto/FixedPointFSM.xml (RunModel)" time="0.044" />
  <testcase classname="ptolemy.util.test.junit.AutoTests" name="[62] /home/travis/build/icyphy/ptII/ptolemy/domains/modal/test/auto/FixedPointIterationFSMActor.xml (RunModel)" time="0.028" />
  <testcase classname="ptolemy.util.test.junit.AutoTests" name="[63] /home/travis/build/icyphy/ptII/ptolemy/domains/modal/test/auto/FixedPointIterationFSMActor2.xml (RunModel)" time="0.039" />
  <testcase classname="ptolemy.util.test.junit.AutoTests" name="[64] /home/travis/build/icyphy/ptII/ptolemy/domains/modal/test/auto/ForbiddenInstantanousLoop.xml (RunModel)" time="0.032" />
  <testcase classname="ptolemy.util.test.junit.AutoTests" name="[65] /home/travis/build/icyphy/ptII/ptolemy/domains/modal/test/auto/FunctionDependencyOfFSMActorTest.xml (RunModel)" time="0.027" />
  <testcase classname="ptolemy.util.test.junit.AutoTests" name="[66] /home/travis/build/icyphy/ptII/ptolemy/domains/modal/test/auto/GuardExpression.xml (RunModel)" time="0.013" />
  <testcase classname="ptolemy.util.test.junit.AutoTests" name="[67] /home/travis/build/icyphy/ptII/ptolemy/domains/modal/test/auto/GuardNotEvaluated.xml (RunModel)" time="0.025" />
  <testcase classname="ptolemy.util.test.junit.AutoTests" name="[68] /home/travis/build/icyphy/ptII/ptolemy/domains/modal/test/auto/GuardNotEvaluated2.xml (RunModel)" time="0.023" />
  <testcase classname="ptolemy.util.test.junit.AutoTests" name="[69] /home/travis/build/icyphy/ptII/ptolemy/domains/modal/test/auto/GuardOnAbsent.xml (RunModel)" time="0.036" />
  <testcase classname="ptolemy.util.test.junit.AutoTests" name="[70] /home/travis/build/icyphy/ptII/ptolemy/domains/modal/test/auto/HierarchicalFSMTypeInference.xml (RunModel)" time="0.028" />
  <testcase classname="ptolemy.util.test.junit.AutoTests" name="[71] /home/travis/build/icyphy/ptII/ptolemy/domains/modal/test/auto/Hysteresis.xml (RunModel)" time="0.04" />
  <testcase classname="ptolemy.util.test.junit.AutoTests" name="[72] /home/travis/build/icyphy/ptII/ptolemy/domains/modal/test/auto/HysteresisWithDefault.xml (RunModel)" time="0.071" />
  <testcase classname="ptolemy.util.test.junit.AutoTests" name="[73] /home/travis/build/icyphy/ptII/ptolemy/domains/modal/test/auto/HysteresisWithDefault2.xml (RunModel)" time="0.072" />
  <testcase classname="ptolemy.util.test.junit.AutoTests" name="[74] /home/travis/build/icyphy/ptII/ptolemy/domains/modal/test/auto/ImmediateNonConstructiveness.xml (RunModel)" time="0.017" />
  <testcase classname="ptolemy.util.test.junit.AutoTests" name="[75] /home/travis/build/icyphy/ptII/ptolemy/domains/modal/test/auto/ImmediateNonConstructiveness2.xml (RunModel)" time="0.017" />
  <testcase classname="ptolemy.util.test.junit.AutoTests" name="[76] /home/travis/build/icyphy/ptII/ptolemy/domains/modal/test/auto/ImmediateTransitionReset.xml (RunModel)" time="0.037" />
  <testcase classname="ptolemy.util.test.junit.AutoTests" name="[77] /home/travis/build/icyphy/ptII/ptolemy/domains/modal/test/auto/ImmediateTransitions1.xml (RunModel)" time="0.012" />
  <testcase classname="ptolemy.util.test.junit.AutoTests" name="[78] /home/travis/build/icyphy/ptII/ptolemy/domains/modal/test/auto/ImmediateTransitionsInstantaneousCommunication.xml (RunModel)" time="0.027" />
  <testcase classname="ptolemy.util.test.junit.AutoTests" name="[79] /home/travis/build/icyphy/ptII/ptolemy/domains/modal/test/auto/InitialImmediateTransition.xml (RunModel)" time="0.014" />
  <testcase classname="ptolemy.util.test.junit.AutoTests" name="[80] /home/travis/build/icyphy/ptII/ptolemy/domains/modal/test/auto/InitialOutputs.xml (RunModel)" time="0.014" />
  <testcase classname="ptolemy.util.test.junit.AutoTests" name="[81] /home/travis/build/icyphy/ptII/ptolemy/domains/modal/test/auto/InitialStateTransition1.xml (RunModel)" time="0.017" />
  <testcase classname="ptolemy.util.test.junit.AutoTests" name="[82] /home/travis/build/icyphy/ptII/ptolemy/domains/modal/test/auto/InitialStateTransition2.xml (RunModel)" time="0.019" />
  <testcase classname="ptolemy.util.test.junit.AutoTests" name="[83] /home/travis/build/icyphy/ptII/ptolemy/domains/modal/test/auto/InitialStateTransition3.xml (RunModel)" time="0.02" />
  <testcase classname="ptolemy.util.test.junit.AutoTests" name="[84] /home/travis/build/icyphy/ptII/ptolemy/domains/modal/test/auto/InitialStateTransition4.xml (RunModel)" time="0.023" />
  <testcase classname="ptolemy.util.test.junit.AutoTests" name="[85] /home/travis/build/icyphy/ptII/ptolemy/domains/modal/test/auto/MalformedGuardExpressionNotCaught.xml (RunModel)" time="0.023" />
  <testcase classname="ptolemy.util.test.junit.AutoTests" name="[86] /home/travis/build/icyphy/ptII/ptolemy/domains/modal/test/auto/ModalBSC.xml (RunModel)" time="0.087" />
  <testcase classname="ptolemy.util.test.junit.AutoTests" name="[87] /home/travis/build/icyphy/ptII/ptolemy/domains/modal/test/auto/ModalClocks.xml (RunModel)" time="0.072" />
  <testcase classname="ptolemy.util.test.junit.AutoTests" name="[88] /home/travis/build/icyphy/ptII/ptolemy/domains/modal/test/auto/ModalDelay.xml (RunModel)" time="0.04" />
  <testcase classname="ptolemy.util.test.junit.AutoTests" name="[89] /home/travis/build/icyphy/ptII/ptolemy/domains/modal/test/auto/ModalDelay2.xml (RunModel)" time="0.034" />
  <testcase classname="ptolemy.util.test.junit.AutoTests" name="[90] /home/travis/build/icyphy/ptII/ptolemy/domains/modal/test/auto/ModalModelFromMemo.xml (RunModel)" time="0.05" />
  <testcase classname="ptolemy.util.test.junit.AutoTests" name="[91] /home/travis/build/icyphy/ptII/ptolemy/domains/modal/test/auto/ModalModelWithMultirateTransient.xml (RunModel)" time="0.047" />
  <testcase classname="ptolemy.util.test.junit.AutoTests" name="[92] /home/travis/build/icyphy/ptII/ptolemy/domains/modal/test/auto/ModalModelWithReset.xml (RunModel)" time="0.045" />
  <testcase classname="ptolemy.util.test.junit.AutoTests" name="[93] /home/travis/build/icyphy/ptII/ptolemy/domains/modal/test/auto/MouseClickFSM.xml (RunModel)" time="0.036" />
  <testcase classname="ptolemy.util.test.junit.AutoTests" name="[94] /home/travis/build/icyphy/ptII/ptolemy/domains/modal/test/auto/MouseClickFSMModal.xml (RunModel)" time="0.035" />
  <testcase classname="ptolemy.util.test.junit.AutoTests" name="[95] /home/travis/build/icyphy/ptII/ptolemy/domains/modal/test/auto/NonStrictFSM_FeedbackLoop.xml (RunModel)" time="0.047" />
  <testcase classname="ptolemy.util.test.junit.AutoTests" name="[96] /home/travis/build/icyphy/ptII/ptolemy/domains/modal/test/auto/NonStrictFSM_FeedbackLoop_Refinement.xml (RunModel)" time="0.079" />
  <testcase classname="ptolemy.util.test.junit.AutoTests" name="[97] /home/travis/build/icyphy/ptII/ptolemy/domains/modal/test/auto/NonStrictFSM_FeedbackLoop_preemptive.xml (RunModel)" time="0.051" />
  <testcase classname="ptolemy.util.test.junit.AutoTests" name="[98] /home/travis/build/icyphy/ptII/ptolemy/domains/modal/test/auto/NormalTermination.xml (RunModel)" time="0.068" />
  <testcase classname="ptolemy.util.test.junit.AutoTests" name="[99] /home/travis/build/icyphy/ptII/ptolemy/domains/modal/test/auto/Pong.xml (RunModel)" time="0.075" />
  <testcase classname="ptolemy.util.test.junit.AutoTests" name="[100] /home/travis/build/icyphy/ptII/ptolemy/domains/modal/test/auto/Pong_test.xml (RunModel)" time="0.083" />
  <testcase classname="ptolemy.util.test.junit.AutoTests" name="[101] /home/travis/build/icyphy/ptII/ptolemy/domains/modal/test/auto/PreemptionHierarchy.xml (RunModel)" time="0.022" />
  <testcase classname="ptolemy.util.test.junit.AutoTests" name="[102] /home/travis/build/icyphy/ptII/ptolemy/domains/modal/test/auto/PreemptionHierarchy2.xml (RunModel)" time="0.026" />
  <testcase classname="ptolemy.util.test.junit.AutoTests" name="[103] /home/travis/build/icyphy/ptII/ptolemy/domains/modal/test/auto/PreemptiveTransition.xml (RunModel)" time="0.017" />
  <testcase classname="ptolemy.util.test.junit.AutoTests" name="[104] /home/travis/build/icyphy/ptII/ptolemy/domains/modal/test/auto/Priorities.xml (RunModel)" time="0.078" />
  <testcase classname="ptolemy.util.test.junit.AutoTests" name="[105] /home/travis/build/icyphy/ptII/ptolemy/domains/modal/test/auto/ResetFinal.xml (RunModel)" time="0.061" />
  <testcase classname="ptolemy.util.test.junit.AutoTests" name="[106] /home/travis/build/icyphy/ptII/ptolemy/domains/modal/test/auto/ResetFinal2.xml (RunModel)" time="0.037" />
  <testcase classname="ptolemy.util.test.junit.AutoTests" name="[107] /home/travis/build/icyphy/ptII/ptolemy/domains/modal/test/auto/ResetTransitionWithStartTime.xml (RunModel)" time="0.028" />
  <testcase classname="ptolemy.util.test.junit.AutoTests" name="[108] /home/travis/build/icyphy/ptII/ptolemy/domains/modal/test/auto/SDF-FSMComposite.xml (RunModel)" time="0.02" />
  <testcase classname="ptolemy.util.test.junit.AutoTests" name="[109] /home/travis/build/icyphy/ptII/ptolemy/domains/modal/test/auto/SeeminglyNondeterminate.xml (RunModel)" time="0.066" />
  <testcase classname="ptolemy.util.test.junit.AutoTests" name="[110] /home/travis/build/icyphy/ptII/ptolemy/domains/modal/test/auto/SeeminglyNondeterminate2.xml (RunModel)" time="0.071" />
  <testcase classname="ptolemy.util.test.junit.AutoTests" name="[111] /home/travis/build/icyphy/ptII/ptolemy/domains/modal/test/auto/SpontaneousFSM.xml (RunModel)" time="0.042" />
  <testcase classname="ptolemy.util.test.junit.AutoTests" name="[112] /home/travis/build/icyphy/ptII/ptolemy/domains/modal/test/auto/SpontaneousFSM2.xml (RunModel)" time="0.029" />
  <testcase classname="ptolemy.util.test.junit.AutoTests" name="[113] /home/travis/build/icyphy/ptII/ptolemy/domains/modal/test/auto/SpontaneousFSM3.xml (RunModel)" time="0.036" />
  <testcase classname="ptolemy.util.test.junit.AutoTests" name="[114] /home/travis/build/icyphy/ptII/ptolemy/domains/modal/test/auto/SpontaneousFSM4.xml (RunModel)" time="0.038" />
  <testcase classname="ptolemy.util.test.junit.AutoTests" name="[115] /home/travis/build/icyphy/ptII/ptolemy/domains/modal/test/auto/StateTrackerTest.xml (RunModel)" time="0.061" />
  <testcase classname="ptolemy.util.test.junit.AutoTests" name="[116] /home/travis/build/icyphy/ptII/ptolemy/domains/modal/test/auto/StrongImmediateTransition.xml (RunModel)" time="0.023" />
  <testcase classname="ptolemy.util.test.junit.AutoTests" name="[117] /home/travis/build/icyphy/ptII/ptolemy/domains/modal/test/auto/SustainHierarchy.xml (RunModel)" time="0.027" />
  <testcase classname="ptolemy.util.test.junit.AutoTests" name="[118] /home/travis/build/icyphy/ptII/ptolemy/domains/modal/test/auto/TerminationTransition1.xml (RunModel)" time="0.018" />
  <testcase classname="ptolemy.util.test.junit.AutoTests" name="[119] /home/travis/build/icyphy/ptII/ptolemy/domains/modal/test/auto/TerminationTransition2.xml (RunModel)" time="0.022" />
  <testcase classname="ptolemy.util.test.junit.AutoTests" name="[120] /home/travis/build/icyphy/ptII/ptolemy/domains/modal/test/auto/TerminationTransition3.xml (RunModel)" time="0.02" />
  <testcase classname="ptolemy.util.test.junit.AutoTests" name="[121] /home/travis/build/icyphy/ptII/ptolemy/domains/modal/test/auto/TerminationTransition4.xml (RunModel)" time="0.033" />
  <testcase classname="ptolemy.util.test.junit.AutoTests" name="[122] /home/travis/build/icyphy/ptII/ptolemy/domains/modal/test/auto/TerminationTransition5.xml (RunModel)" time="0.029" />
  <testcase classname="ptolemy.util.test.junit.AutoTests" name="[123] /home/travis/build/icyphy/ptII/ptolemy/domains/modal/test/auto/TerminationTransition6.xml (RunModel)" time="0.018" />
  <testcase classname="ptolemy.util.test.junit.AutoTests" name="[124] /home/travis/build/icyphy/ptII/ptolemy/domains/modal/test/auto/TerminationTransition7.xml (RunModel)" time="0.019" />
  <testcase classname="ptolemy.util.test.junit.AutoTests" name="[125] /home/travis/build/icyphy/ptII/ptolemy/domains/modal/test/auto/TerminationTransition8.xml (RunModel)" time="0.021" />
  <testcase classname="ptolemy.util.test.junit.AutoTests" name="[126] /home/travis/build/icyphy/ptII/ptolemy/domains/modal/test/auto/Thermostat_NoHysteresis.xml (RunModel)" time="0.078" />
  <testcase classname="ptolemy.util.test.junit.AutoTests" name="[127] /home/travis/build/icyphy/ptII/ptolemy/domains/modal/test/auto/TimedFSM.xml (RunModel)" time="0.03" />
  <testcase classname="ptolemy.util.test.junit.AutoTests" name="[128] /home/travis/build/icyphy/ptII/ptolemy/domains/modal/test/auto/Timeout1.xml (RunModel)" time="0.014" />
  <testcase classname="ptolemy.util.test.junit.AutoTests" name="[129] /home/travis/build/icyphy/ptII/ptolemy/domains/modal/test/auto/Timeout2.xml (RunModel)" time="0.016" />
  <testcase classname="ptolemy.util.test.junit.AutoTests" name="[130] /home/travis/build/icyphy/ptII/ptolemy/domains/modal/test/auto/Timeout3.xml (RunModel)" time="0.01" />
  <testcase classname="ptolemy.util.test.junit.AutoTests" name="[131] /home/travis/build/icyphy/ptII/ptolemy/domains/modal/test/auto/Timeout4.xml (RunModel)" time="0.01" />
  <testcase classname="ptolemy.util.test.junit.AutoTests" name="[132] /home/travis/build/icyphy/ptII/ptolemy/domains/modal/test/auto/TransientstateModelAdvanced.xml (RunModel)" time="0.035" />
  <testcase classname="ptolemy.util.test.junit.AutoTests" name="[133] /home/travis/build/icyphy/ptII/ptolemy/domains/modal/test/auto/TransientstateModelAdvanced2.xml (RunModel)" time="0.028" />
  <testcase classname="ptolemy.util.test.junit.AutoTests" name="[134] /home/travis/build/icyphy/ptII/ptolemy/domains/modal/test/auto/TransitionRefinements.xml (RunModel)" time="0.022" />
  <testcase classname="ptolemy.util.test.junit.AutoTests" name="[135] /home/travis/build/icyphy/ptII/ptolemy/domains/modal/test/auto/TwoRefinements1.xml (RunModel)" time="0.022" />
  <testcase classname="ptolemy.util.test.junit.AutoTests" name="[136] /home/travis/build/icyphy/ptII/ptolemy/domains/modal/test/auto/TwoRefinements2.xml (RunModel)" time="0.02" />
  <testcase classname="ptolemy.util.test.junit.AutoTests" name="[137] /home/travis/build/icyphy/ptII/ptolemy/domains/modal/test/auto/WeakImmediateTransition.xml (RunModel)" time="0.022" />
  <testcase classname="ptolemy.util.test.junit.AutoTests" name="[138] /home/travis/build/icyphy/ptII/ptolemy/domains/modal/test/auto/booleanSelect.xml (RunModel)" time="0.05" />
  <testcase classname="ptolemy.util.test.junit.AutoTests" name="[139] /home/travis/build/icyphy/ptII/ptolemy/domains/modal/test/auto/modalChangingParams.xml (RunModel)" time="0.264" />
  <testcase classname="ptolemy.util.test.junit.AutoTests" name="[140] /home/travis/build/icyphy/ptII/ptolemy/domains/modal/test/auto/modalModel.xml (RunModel)" time="0.024" />
  <testcase classname="ptolemy.util.test.junit.AutoTests" name="[141] /home/travis/build/icyphy/ptII/ptolemy/domains/modal/test/auto/modalModel2.xml (RunModel)" time="0.032" />
  <testcase classname="ptolemy.util.test.junit.AutoTests" name="[142] /home/travis/build/icyphy/ptII/ptolemy/domains/modal/test/auto/modalModel3.xml (RunModel)" time="0.043" />
  <testcase classname="ptolemy.util.test.junit.AutoTests" name="[143] /home/travis/build/icyphy/ptII/ptolemy/domains/modal/test/auto/model1.xml (RunModel)" time="0.019" />
  <testcase classname="ptolemy.util.test.junit.AutoTests" name="[144] /home/travis/build/icyphy/ptII/ptolemy/domains/modal/test/auto/test-direct-in-out.xml (RunModel)" time="0.016" />
  <system-out><![CDATA[/home/travis/build/icyphy/ptII/ptolemy/domains/modal/test/SystemLevelType.tcl
testDefs.tcl: setting time out to 9000 seconds at Mon Dec 06 02:08:06 UTC 2021
12/06/21 02:08:08
Failed: 0  Total Tests: 1  ((Passed: 1, Newly Passed: 0)  Known Failed: 0) /home/travis/build/icyphy/ptII/ptolemy/domains/modal/test
----------------- testing (KnownFailure) /home/travis/build/icyphy/ptII/ptolemy/domains/modal/test/auto/knownFailedTests/CannotAnalysisWithPreemption.xml
80 ms. Memory: 163840K Free: 116281K (71%)
Known Failure: java.lang.reflect.InvocationTargetException
No auto/linux-amd64/*.xml tests in /home/travis/build/icyphy/ptII/ptolemy/domains/modal/test
AutoTests.java: About to close Vertx.
AutoTests.java: Vertx closed.

===========================================================================================
----------------- testing Mon Dec 06 02:08:08 UTC 2021 /home/travis/build/icyphy/ptII/ptolemy/domains/modal/test/auto/ABPTest.xml
----------------- Instantiating /home/travis/build/icyphy/ptII/ptolemy/domains/modal/test/auto/ABPTest.xml
336 ms. Memory: 163840K Free: 121425K (74%)
----------------- Invoking toplevel() on ptolemy.moml.MoMLSimpleApplication@52f5827a
----------------- Done invoking toplevel() on ptolemy.moml.MoMLSimpleApplication@52f5827a
reloadAllAccessors: .ABPTest

===========================================================================================
----------------- testing Mon Dec 06 02:08:09 UTC 2021 /home/travis/build/icyphy/ptII/ptolemy/domains/modal/test/auto/ABROFlat.xml
----------------- Instantiating /home/travis/build/icyphy/ptII/ptolemy/domains/modal/test/auto/ABROFlat.xml
21 ms. Memory: 163840K Free: 106478K (65%)
----------------- Invoking toplevel() on ptolemy.moml.MoMLSimpleApplication@7ea25e5a
----------------- Done invoking toplevel() on ptolemy.moml.MoMLSimpleApplication@7ea25e5a
reloadAllAccessors: .ABROFlat

===========================================================================================
----------------- testing Mon Dec 06 02:08:09 UTC 2021 /home/travis/build/icyphy/ptII/ptolemy/domains/modal/test/auto/ABROFlat2.xml
----------------- Instantiating /home/travis/build/icyphy/ptII/ptolemy/domains/modal/test/auto/ABROFlat2.xml
14 ms. Memory: 163840K Free: 90084K (55%)
----------------- Invoking toplevel() on ptolemy.moml.MoMLSimpleApplication@4b2a2834
----------------- Done invoking toplevel() on ptolemy.moml.MoMLSimpleApplication@4b2a2834
reloadAllAccessors: .ABROFlat2

===========================================================================================
----------------- testing Mon Dec 06 02:08:09 UTC 2021 /home/travis/build/icyphy/ptII/ptolemy/domains/modal/test/auto/ABRO_present_hmm.xml
----------------- Instantiating /home/travis/build/icyphy/ptII/ptolemy/domains/modal/test/auto/ABRO_present_hmm.xml
29 ms. Memory: 163840K Free: 62982K (38%)
----------------- Invoking toplevel() on ptolemy.moml.MoMLSimpleApplication@337344a9
----------------- Done invoking toplevel() on ptolemy.moml.MoMLSimpleApplication@337344a9
reloadAllAccessors: .ABRO_present_hmm

===========================================================================================
----------------- testing Mon Dec 06 02:08:09 UTC 2021 /home/travis/build/icyphy/ptII/ptolemy/domains/modal/test/auto/AMICoderExample.xml
----------------- Instantiating /home/travis/build/icyphy/ptII/ptolemy/domains/modal/test/auto/AMICoderExample.xml
39 ms. Memory: 163840K Free: 141394K (86%)
----------------- Invoking toplevel() on ptolemy.moml.MoMLSimpleApplication@3465e7ef
----------------- Done invoking toplevel() on ptolemy.moml.MoMLSimpleApplication@3465e7ef
reloadAllAccessors: .AMICoderExample

===========================================================================================
----------------- testing Mon Dec 06 02:08:09 UTC 2021 /home/travis/build/icyphy/ptII/ptolemy/domains/modal/test/auto/AbsentToPresent.xml
----------------- Instantiating /home/travis/build/icyphy/ptII/ptolemy/domains/modal/test/auto/AbsentToPresent.xml
4 ms. Memory: 163840K Free: 136800K (83%)
----------------- Invoking toplevel() on ptolemy.moml.MoMLSimpleApplication@21805b57
----------------- Done invoking toplevel() on ptolemy.moml.MoMLSimpleApplication@21805b57
reloadAllAccessors: .AbsentToPresent

===========================================================================================
----------------- testing Mon Dec 06 02:08:09 UTC 2021 /home/travis/build/icyphy/ptII/ptolemy/domains/modal/test/auto/Blending.xml
----------------- Instantiating /home/travis/build/icyphy/ptII/ptolemy/domains/modal/test/auto/Blending.xml
159 ms. Memory: 163840K Free: 91774K (56%)
----------------- Invoking toplevel() on ptolemy.moml.MoMLSimpleApplication@3eff906b
----------------- Done invoking toplevel() on ptolemy.moml.MoMLSimpleApplication@3eff906b
reloadAllAccessors: .Blending

===========================================================================================
----------------- testing Mon Dec 06 02:08:10 UTC 2021 /home/travis/build/icyphy/ptII/ptolemy/domains/modal/test/auto/Broadcast.xml
----------------- Instantiating /home/travis/build/icyphy/ptII/ptolemy/domains/modal/test/auto/Broadcast.xml
7 ms. Memory: 163840K Free: 81504K (50%)
----------------- Invoking toplevel() on ptolemy.moml.MoMLSimpleApplication@26f31c9c
----------------- Done invoking toplevel() on ptolemy.moml.MoMLSimpleApplication@26f31c9c
reloadAllAccessors: .Broadcast

===========================================================================================
----------------- testing Mon Dec 06 02:08:10 UTC 2021 /home/travis/build/icyphy/ptII/ptolemy/domains/modal/test/auto/BroadcastHierarchy.xml
----------------- Instantiating /home/travis/build/icyphy/ptII/ptolemy/domains/modal/test/auto/BroadcastHierarchy.xml
9 ms. Memory: 163840K Free: 68206K (42%)
----------------- Invoking toplevel() on ptolemy.moml.MoMLSimpleApplication@77729277
----------------- Done invoking toplevel() on ptolemy.moml.MoMLSimpleApplication@77729277
reloadAllAccessors: .BroadcastHierarchy

===========================================================================================
----------------- testing Mon Dec 06 02:08:10 UTC 2021 /home/travis/build/icyphy/ptII/ptolemy/domains/modal/test/auto/BroadcastHierarchy2.xml
----------------- Instantiating /home/travis/build/icyphy/ptII/ptolemy/domains/modal/test/auto/BroadcastHierarchy2.xml
27 ms. Memory: 200704K Free: 170042K (85%)
----------------- Invoking toplevel() on ptolemy.moml.MoMLSimpleApplication@6ac76e34
----------------- Done invoking toplevel() on ptolemy.moml.MoMLSimpleApplication@6ac76e34
reloadAllAccessors: .BroadcastHierarchy2

===========================================================================================
----------------- testing Mon Dec 06 02:08:10 UTC 2021 /home/travis/build/icyphy/ptII/ptolemy/domains/modal/test/auto/BroadcastHierarchy3.xml
----------------- Instantiating /home/travis/build/icyphy/ptII/ptolemy/domains/modal/test/auto/BroadcastHierarchy3.xml
19 ms. Memory: 200704K Free: 149592K (75%)
----------------- Invoking toplevel() on ptolemy.moml.MoMLSimpleApplication@655e33b9
----------------- Done invoking toplevel() on ptolemy.moml.MoMLSimpleApplication@655e33b9
reloadAllAccessors: .BroadcastHierarchy3

===========================================================================================
----------------- testing Mon Dec 06 02:08:10 UTC 2021 /home/travis/build/icyphy/ptII/ptolemy/domains/modal/test/auto/BroadcastHierarchy4.xml
----------------- Instantiating /home/travis/build/icyphy/ptII/ptolemy/domains/modal/test/auto/BroadcastHierarchy4.xml
14 ms. Memory: 200704K Free: 125016K (62%)
----------------- Invoking toplevel() on ptolemy.moml.MoMLSimpleApplication@7417749e
----------------- Done invoking toplevel() on ptolemy.moml.MoMLSimpleApplication@7417749e
reloadAllAccessors: .BroadcastHierarchy4

===========================================================================================
----------------- testing Mon Dec 06 02:08:10 UTC 2021 /home/travis/build/icyphy/ptII/ptolemy/domains/modal/test/auto/CannotAnalysisWithPreemption2.xml
----------------- Instantiating /home/travis/build/icyphy/ptII/ptolemy/domains/modal/test/auto/CannotAnalysisWithPreemption2.xml
4 ms. Memory: 200704K Free: 117338K (58%)
----------------- Invoking toplevel() on ptolemy.moml.MoMLSimpleApplication@1ae5a419
----------------- Done invoking toplevel() on ptolemy.moml.MoMLSimpleApplication@1ae5a419
reloadAllAccessors: .CannotAnalysisWithPreemption2

===========================================================================================
----------------- testing Mon Dec 06 02:08:10 UTC 2021 /home/travis/build/icyphy/ptII/ptolemy/domains/modal/test/auto/CannotAnalysisWithPreemption3.xml
----------------- Instantiating /home/travis/build/icyphy/ptII/ptolemy/domains/modal/test/auto/CannotAnalysisWithPreemption3.xml
5 ms. Memory: 200704K Free: 107098K (53%)
----------------- Invoking toplevel() on ptolemy.moml.MoMLSimpleApplication@113a6baf
----------------- Done invoking toplevel() on ptolemy.moml.MoMLSimpleApplication@113a6baf
reloadAllAccessors: .CannotAnalysisWithPreemption3

===========================================================================================
----------------- testing Mon Dec 06 02:08:10 UTC 2021 /home/travis/build/icyphy/ptII/ptolemy/domains/modal/test/auto/CannotProduce.xml
----------------- Instantiating /home/travis/build/icyphy/ptII/ptolemy/domains/modal/test/auto/CannotProduce.xml
19 ms. Memory: 200704K Free: 100440K (50%)
----------------- Invoking toplevel() on ptolemy.moml.MoMLSimpleApplication@49739a7b
----------------- Done invoking toplevel() on ptolemy.moml.MoMLSimpleApplication@49739a7b
reloadAllAccessors: .CannotProduce

===========================================================================================
----------------- testing Mon Dec 06 02:08:10 UTC 2021 /home/travis/build/icyphy/ptII/ptolemy/domains/modal/test/auto/CannotProduceModal.xml
----------------- Instantiating /home/travis/build/icyphy/ptII/ptolemy/domains/modal/test/auto/CannotProduceModal.xml
4 ms. Memory: 200704K Free: 93786K (47%)
----------------- Invoking toplevel() on ptolemy.moml.MoMLSimpleApplication@36d08993
----------------- Done invoking toplevel() on ptolemy.moml.MoMLSimpleApplication@36d08993
reloadAllAccessors: .CannotProduceModal

===========================================================================================
----------------- testing Mon Dec 06 02:08:10 UTC 2021 /home/travis/build/icyphy/ptII/ptolemy/domains/modal/test/auto/Case.xml
----------------- Instantiating /home/travis/build/icyphy/ptII/ptolemy/domains/modal/test/auto/Case.xml
15 ms. Memory: 200704K Free: 82522K (41%)
----------------- Invoking toplevel() on ptolemy.moml.MoMLSimpleApplication@369bf31e
----------------- Done invoking toplevel() on ptolemy.moml.MoMLSimpleApplication@369bf31e
reloadAllAccessors: .Case

===========================================================================================
----------------- testing Mon Dec 06 02:08:10 UTC 2021 /home/travis/build/icyphy/ptII/ptolemy/domains/modal/test/auto/Case1.xml
----------------- Instantiating /home/travis/build/icyphy/ptII/ptolemy/domains/modal/test/auto/Case1.xml
10 ms. Memory: 200704K Free: 75354K (38%)
----------------- Invoking toplevel() on ptolemy.moml.MoMLSimpleApplication@26baafe
----------------- Done invoking toplevel() on ptolemy.moml.MoMLSimpleApplication@26baafe
reloadAllAccessors: .Case1

===========================================================================================
----------------- testing Mon Dec 06 02:08:10 UTC 2021 /home/travis/build/icyphy/ptII/ptolemy/domains/modal/test/auto/Case2.xml
----------------- Instantiating /home/travis/build/icyphy/ptII/ptolemy/domains/modal/test/auto/Case2.xml
41 ms. Memory: 200704K Free: 179276K (89%)
----------------- Invoking toplevel() on ptolemy.moml.MoMLSimpleApplication@39e1143
----------------- Done invoking toplevel() on ptolemy.moml.MoMLSimpleApplication@39e1143
reloadAllAccessors: .Case2

===========================================================================================
----------------- testing Mon Dec 06 02:08:10 UTC 2021 /home/travis/build/icyphy/ptII/ptolemy/domains/modal/test/auto/CausalityInterface1.xml
----------------- Instantiating /home/travis/build/icyphy/ptII/ptolemy/domains/modal/test/auto/CausalityInterface1.xml
4 ms. Memory: 200704K Free: 173651K (87%)
----------------- Invoking toplevel() on ptolemy.moml.MoMLSimpleApplication@1dffbe59
----------------- Done invoking toplevel() on ptolemy.moml.MoMLSimpleApplication@1dffbe59
reloadAllAccessors: .CausalityInterface1

===========================================================================================
----------------- testing Mon Dec 06 02:08:10 UTC 2021 /home/travis/build/icyphy/ptII/ptolemy/domains/modal/test/auto/CausalityInterface10.xml
----------------- Instantiating /home/travis/build/icyphy/ptII/ptolemy/domains/modal/test/auto/CausalityInterface10.xml
5 ms. Memory: 200704K Free: 160339K (80%)
----------------- Invoking toplevel() on ptolemy.moml.MoMLSimpleApplication@6ee5ee97
----------------- Done invoking toplevel() on ptolemy.moml.MoMLSimpleApplication@6ee5ee97
reloadAllAccessors: .CausalityInterface10

===========================================================================================
----------------- testing Mon Dec 06 02:08:10 UTC 2021 /home/travis/build/icyphy/ptII/ptolemy/domains/modal/test/auto/CausalityInterface11.xml
----------------- Instantiating /home/travis/build/icyphy/ptII/ptolemy/domains/modal/test/auto/CausalityInterface11.xml
6 ms. Memory: 200704K Free: 147027K (73%)
----------------- Invoking toplevel() on ptolemy.moml.MoMLSimpleApplication@14cf2c7f
----------------- Done invoking toplevel() on ptolemy.moml.MoMLSimpleApplication@14cf2c7f
reloadAllAccessors: .CausalityInterface11

===========================================================================================
----------------- testing Mon Dec 06 02:08:10 UTC 2021 /home/travis/build/icyphy/ptII/ptolemy/domains/modal/test/auto/CausalityInterface12.xml
----------------- Instantiating /home/travis/build/icyphy/ptII/ptolemy/domains/modal/test/auto/CausalityInterface12.xml
7 ms. Memory: 200704K Free: 133715K (67%)
----------------- Invoking toplevel() on ptolemy.moml.MoMLSimpleApplication@14e25baa
----------------- Done invoking toplevel() on ptolemy.moml.MoMLSimpleApplication@14e25baa
reloadAllAccessors: .CausalityInterface12

===========================================================================================
----------------- testing Mon Dec 06 02:08:11 UTC 2021 /home/travis/build/icyphy/ptII/ptolemy/domains/modal/test/auto/CausalityInterface13.xml
----------------- Instantiating /home/travis/build/icyphy/ptII/ptolemy/domains/modal/test/auto/CausalityInterface13.xml
11 ms. Memory: 200704K Free: 119875K (60%)
----------------- Invoking toplevel() on ptolemy.moml.MoMLSimpleApplication@1b4d4c75
----------------- Done invoking toplevel() on ptolemy.moml.MoMLSimpleApplication@1b4d4c75
reloadAllAccessors: .CausalityInterface13

===========================================================================================
----------------- testing Mon Dec 06 02:08:11 UTC 2021 /home/travis/build/icyphy/ptII/ptolemy/domains/modal/test/auto/CausalityInterface14.xml
----------------- Instantiating /home/travis/build/icyphy/ptII/ptolemy/domains/modal/test/auto/CausalityInterface14.xml
7 ms. Memory: 200704K Free: 106067K (53%)
----------------- Invoking toplevel() on ptolemy.moml.MoMLSimpleApplication@6474a955
----------------- Done invoking toplevel() on ptolemy.moml.MoMLSimpleApplication@6474a955
reloadAllAccessors: .CausalityInterface14

===========================================================================================
----------------- testing Mon Dec 06 02:08:11 UTC 2021 /home/travis/build/icyphy/ptII/ptolemy/domains/modal/test/auto/CausalityInterface2.xml
----------------- Instantiating /home/travis/build/icyphy/ptII/ptolemy/domains/modal/test/auto/CausalityInterface2.xml
4 ms. Memory: 200704K Free: 99379K (50%)
----------------- Invoking toplevel() on ptolemy.moml.MoMLSimpleApplication@358e7a3
----------------- Done invoking toplevel() on ptolemy.moml.MoMLSimpleApplication@358e7a3
reloadAllAccessors: .CausalityInterface2

===========================================================================================
----------------- testing Mon Dec 06 02:08:11 UTC 2021 /home/travis/build/icyphy/ptII/ptolemy/domains/modal/test/auto/CausalityInterface3.xml
----------------- Instantiating /home/travis/build/icyphy/ptII/ptolemy/domains/modal/test/auto/CausalityInterface3.xml
2 ms. Memory: 200704K Free: 93235K (46%)
----------------- Invoking toplevel() on ptolemy.moml.MoMLSimpleApplication@338a406c
----------------- Done invoking toplevel() on ptolemy.moml.MoMLSimpleApplication@338a406c
reloadAllAccessors: .CausalityInterface3

===========================================================================================
----------------- testing Mon Dec 06 02:08:11 UTC 2021 /home/travis/build/icyphy/ptII/ptolemy/domains/modal/test/auto/CausalityInterface4.xml
----------------- Instantiating /home/travis/build/icyphy/ptII/ptolemy/domains/modal/test/auto/CausalityInterface4.xml
4 ms. Memory: 200704K Free: 86611K (43%)
----------------- Invoking toplevel() on ptolemy.moml.MoMLSimpleApplication@53e2ab86
----------------- Done invoking toplevel() on ptolemy.moml.MoMLSimpleApplication@53e2ab86
reloadAllAccessors: .CausalityInterface4

===========================================================================================
----------------- testing Mon Dec 06 02:08:11 UTC 2021 /home/travis/build/icyphy/ptII/ptolemy/domains/modal/test/auto/CausalityInterface5.xml
----------------- Instantiating /home/travis/build/icyphy/ptII/ptolemy/domains/modal/test/auto/CausalityInterface5.xml
4 ms. Memory: 200704K Free: 78419K (39%)
----------------- Invoking toplevel() on ptolemy.moml.MoMLSimpleApplication@40220957
----------------- Done invoking toplevel() on ptolemy.moml.MoMLSimpleApplication@40220957
reloadAllAccessors: .CausalityInterface5

===========================================================================================
----------------- testing Mon Dec 06 02:08:11 UTC 2021 /home/travis/build/icyphy/ptII/ptolemy/domains/modal/test/auto/CausalityInterface6.xml
----------------- Instantiating /home/travis/build/icyphy/ptII/ptolemy/domains/modal/test/auto/CausalityInterface6.xml
4 ms. Memory: 200704K Free: 70227K (35%)
----------------- Invoking toplevel() on ptolemy.moml.MoMLSimpleApplication@4768649a
----------------- Done invoking toplevel() on ptolemy.moml.MoMLSimpleApplication@4768649a
reloadAllAccessors: .CausalityInterface6

===========================================================================================
----------------- testing Mon Dec 06 02:08:11 UTC 2021 /home/travis/build/icyphy/ptII/ptolemy/domains/modal/test/auto/CausalityInterface7.xml
----------------- Instantiating /home/travis/build/icyphy/ptII/ptolemy/domains/modal/test/auto/CausalityInterface7.xml
5 ms. Memory: 200704K Free: 176287K (88%)
----------------- Invoking toplevel() on ptolemy.moml.MoMLSimpleApplication@177286a0
----------------- Done invoking toplevel() on ptolemy.moml.MoMLSimpleApplication@177286a0
reloadAllAccessors: .CausalityInterface7

===========================================================================================
----------------- testing Mon Dec 06 02:08:11 UTC 2021 /home/travis/build/icyphy/ptII/ptolemy/domains/modal/test/auto/CausalityInterface8.xml
----------------- Instantiating /home/travis/build/icyphy/ptII/ptolemy/domains/modal/test/auto/CausalityInterface8.xml
7 ms. Memory: 200704K Free: 167575K (83%)
----------------- Invoking toplevel() on ptolemy.moml.MoMLSimpleApplication@1ea3e333
----------------- Done invoking toplevel() on ptolemy.moml.MoMLSimpleApplication@1ea3e333
reloadAllAccessors: .CausalityInterface8

===========================================================================================
----------------- testing Mon Dec 06 02:08:11 UTC 2021 /home/travis/build/icyphy/ptII/ptolemy/domains/modal/test/auto/CausalityInterface9.xml
----------------- Instantiating /home/travis/build/icyphy/ptII/ptolemy/domains/modal/test/auto/CausalityInterface9.xml
5 ms. Memory: 200704K Free: 158359K (79%)
----------------- Invoking toplevel() on ptolemy.moml.MoMLSimpleApplication@67122951
----------------- Done invoking toplevel() on ptolemy.moml.MoMLSimpleApplication@67122951
reloadAllAccessors: .CausalityInterface9

===========================================================================================
----------------- testing Mon Dec 06 02:08:11 UTC 2021 /home/travis/build/icyphy/ptII/ptolemy/domains/modal/test/auto/ChainedTransitions.xml
----------------- Instantiating /home/travis/build/icyphy/ptII/ptolemy/domains/modal/test/auto/ChainedTransitions.xml
87 ms. Memory: 200704K Free: 133789K (67%)
----------------- Invoking toplevel() on ptolemy.moml.MoMLSimpleApplication@43a0be03
----------------- Done invoking toplevel() on ptolemy.moml.MoMLSimpleApplication@43a0be03
reloadAllAccessors: .ChainedTransitions

===========================================================================================
----------------- testing Mon Dec 06 02:08:11 UTC 2021 /home/travis/build/icyphy/ptII/ptolemy/domains/modal/test/auto/CycleOfImmediateTransitionsFSM.xml
----------------- Instantiating /home/travis/build/icyphy/ptII/ptolemy/domains/modal/test/auto/CycleOfImmediateTransitionsFSM.xml
2 ms. Memory: 200704K Free: 128159K (64%)
----------------- Invoking toplevel() on ptolemy.moml.MoMLSimpleApplication@3dd27fa6
----------------- Done invoking toplevel() on ptolemy.moml.MoMLSimpleApplication@3dd27fa6
reloadAllAccessors: .CycleOfImmediateTransitionsFSM

===========================================================================================
----------------- testing Mon Dec 06 02:08:11 UTC 2021 /home/travis/build/icyphy/ptII/ptolemy/domains/modal/test/auto/CycleOfImmediateTransitionsModal.xml
----------------- Instantiating /home/travis/build/icyphy/ptII/ptolemy/domains/modal/test/auto/CycleOfImmediateTransitionsModal.xml
2 ms. Memory: 200704K Free: 122015K (61%)
----------------- Invoking toplevel() on ptolemy.moml.MoMLSimpleApplication@a65399f
----------------- Done invoking toplevel() on ptolemy.moml.MoMLSimpleApplication@a65399f
reloadAllAccessors: .CycleOfImmediateTransitionsModal

===========================================================================================
----------------- testing Mon Dec 06 02:08:11 UTC 2021 /home/travis/build/icyphy/ptII/ptolemy/domains/modal/test/auto/CycleOfImmediateTransitionsModal2.xml
----------------- Instantiating /home/travis/build/icyphy/ptII/ptolemy/domains/modal/test/auto/CycleOfImmediateTransitionsModal2.xml
7 ms. Memory: 200704K Free: 115871K (58%)
----------------- Invoking toplevel() on ptolemy.moml.MoMLSimpleApplication@13857f0a
----------------- Done invoking toplevel() on ptolemy.moml.MoMLSimpleApplication@13857f0a
reloadAllAccessors: .CycleOfImmediateTransitionsModal2

===========================================================================================
----------------- testing Mon Dec 06 02:08:11 UTC 2021 /home/travis/build/icyphy/ptII/ptolemy/domains/modal/test/auto/CycleOfImmediateTransitionsModal3.xml
----------------- Instantiating /home/travis/build/icyphy/ptII/ptolemy/domains/modal/test/auto/CycleOfImmediateTransitionsModal3.xml
10 ms. Memory: 200704K Free: 93343K (47%)
----------------- Invoking toplevel() on ptolemy.moml.MoMLSimpleApplication@725b34aa
----------------- Done invoking toplevel() on ptolemy.moml.MoMLSimpleApplication@725b34aa
reloadAllAccessors: .CycleOfImmediateTransitionsModal3

===========================================================================================
----------------- testing Mon Dec 06 02:08:11 UTC 2021 /home/travis/build/icyphy/ptII/ptolemy/domains/modal/test/auto/DeepModal1.xml
----------------- Instantiating /home/travis/build/icyphy/ptII/ptolemy/domains/modal/test/auto/DeepModal1.xml
25 ms. Memory: 200704K Free: 79007K (39%)
----------------- Invoking toplevel() on ptolemy.moml.MoMLSimpleApplication@77c61188
----------------- Done invoking toplevel() on ptolemy.moml.MoMLSimpleApplication@77c61188
reloadAllAccessors: .DeepModal1

===========================================================================================
----------------- testing Mon Dec 06 02:08:11 UTC 2021 /home/travis/build/icyphy/ptII/ptolemy/domains/modal/test/auto/DeepModal2.xml
----------------- Instantiating /home/travis/build/icyphy/ptII/ptolemy/domains/modal/test/auto/DeepModal2.xml
24 ms. Memory: 200704K Free: 175769K (88%)
----------------- Invoking toplevel() on ptolemy.moml.MoMLSimpleApplication@7cc06c78
----------------- Done invoking toplevel() on ptolemy.moml.MoMLSimpleApplication@7cc06c78
reloadAllAccessors: .DeepModal2

===========================================================================================
----------------- testing Mon Dec 06 02:08:11 UTC 2021 /home/travis/build/icyphy/ptII/ptolemy/domains/modal/test/auto/DeepModal3.xml
----------------- Instantiating /home/travis/build/icyphy/ptII/ptolemy/domains/modal/test/auto/DeepModal3.xml
25 ms. Memory: 200704K Free: 156299K (78%)
----------------- Invoking toplevel() on ptolemy.moml.MoMLSimpleApplication@4496f0b0
----------------- Done invoking toplevel() on ptolemy.moml.MoMLSimpleApplication@4496f0b0
reloadAllAccessors: .DeepModal3

===========================================================================================
----------------- testing Mon Dec 06 02:08:11 UTC 2021 /home/travis/build/icyphy/ptII/ptolemy/domains/modal/test/auto/DeepModal4.xml
----------------- Instantiating /home/travis/build/icyphy/ptII/ptolemy/domains/modal/test/auto/DeepModal4.xml
30 ms. Memory: 200704K Free: 136857K (68%)
----------------- Invoking toplevel() on ptolemy.moml.MoMLSimpleApplication@72cd3904
----------------- Done invoking toplevel() on ptolemy.moml.MoMLSimpleApplication@72cd3904
reloadAllAccessors: .DeepModal4

===========================================================================================
----------------- testing Mon Dec 06 02:08:11 UTC 2021 /home/travis/build/icyphy/ptII/ptolemy/domains/modal/test/auto/Default1.xml
----------------- Instantiating /home/travis/build/icyphy/ptII/ptolemy/domains/modal/test/auto/Default1.xml
2 ms. Memory: 200704K Free: 130713K (65%)
----------------- Invoking toplevel() on ptolemy.moml.MoMLSimpleApplication@162bab9b
----------------- Done invoking toplevel() on ptolemy.moml.MoMLSimpleApplication@162bab9b
reloadAllAccessors: .Default1

===========================================================================================
----------------- testing Mon Dec 06 02:08:11 UTC 2021 /home/travis/build/icyphy/ptII/ptolemy/domains/modal/test/auto/Default2.xml
----------------- Instantiating /home/travis/build/icyphy/ptII/ptolemy/domains/modal/test/auto/Default2.xml
8 ms. Memory: 200704K Free: 125083K (62%)
----------------- Invoking toplevel() on ptolemy.moml.MoMLSimpleApplication@33c935a3
----------------- Done invoking toplevel() on ptolemy.moml.MoMLSimpleApplication@33c935a3
reloadAllAccessors: .Default2

===========================================================================================
----------------- testing Mon Dec 06 02:08:11 UTC 2021 /home/travis/build/icyphy/ptII/ptolemy/domains/modal/test/auto/Default3.xml
----------------- Instantiating /home/travis/build/icyphy/ptII/ptolemy/domains/modal/test/auto/Default3.xml
5 ms. Memory: 200704K Free: 118425K (59%)
----------------- Invoking toplevel() on ptolemy.moml.MoMLSimpleApplication@42fb89d0
----------------- Done invoking toplevel() on ptolemy.moml.MoMLSimpleApplication@42fb89d0
reloadAllAccessors: .Default3

===========================================================================================
----------------- testing Mon Dec 06 02:08:11 UTC 2021 /home/travis/build/icyphy/ptII/ptolemy/domains/modal/test/auto/Default4.xml
----------------- Instantiating /home/travis/build/icyphy/ptII/ptolemy/domains/modal/test/auto/Default4.xml
4 ms. Memory: 200704K Free: 112281K (56%)
----------------- Invoking toplevel() on ptolemy.moml.MoMLSimpleApplication@1aa768dc
----------------- Done invoking toplevel() on ptolemy.moml.MoMLSimpleApplication@1aa768dc
reloadAllAccessors: .Default4

===========================================================================================
----------------- testing Mon Dec 06 02:08:12 UTC 2021 /home/travis/build/icyphy/ptII/ptolemy/domains/modal/test/auto/Default5.xml
----------------- Instantiating /home/travis/build/icyphy/ptII/ptolemy/domains/modal/test/auto/Default5.xml
7 ms. Memory: 200704K Free: 104075K (52%)
----------------- Invoking toplevel() on ptolemy.moml.MoMLSimpleApplication@3715a3ce
----------------- Done invoking toplevel() on ptolemy.moml.MoMLSimpleApplication@3715a3ce
reloadAllAccessors: .Default5

===========================================================================================
----------------- testing Mon Dec 06 02:08:12 UTC 2021 /home/travis/build/icyphy/ptII/ptolemy/domains/modal/test/auto/EmptyGuard.xml
----------------- Instantiating /home/travis/build/icyphy/ptII/ptolemy/domains/modal/test/auto/EmptyGuard.xml
9 ms. Memory: 200704K Free: 95891K (48%)
----------------- Invoking toplevel() on ptolemy.moml.MoMLSimpleApplication@342b8aa
----------------- Done invoking toplevel() on ptolemy.moml.MoMLSimpleApplication@342b8aa
reloadAllAccessors: .EmptyGuard

===========================================================================================
----------------- testing Mon Dec 06 02:08:12 UTC 2021 /home/travis/build/icyphy/ptII/ptolemy/domains/modal/test/auto/ErrorTransition1.xml
----------------- Instantiating /home/travis/build/icyphy/ptII/ptolemy/domains/modal/test/auto/ErrorTransition1.xml
8 ms. Memory: 200704K Free: 86681K (43%)
----------------- Invoking toplevel() on ptolemy.moml.MoMLSimpleApplication@668f59bd
----------------- Done invoking toplevel() on ptolemy.moml.MoMLSimpleApplication@668f59bd
reloadAllAccessors: .ErrorTransition1

===========================================================================================
----------------- testing Mon Dec 06 02:08:12 UTC 2021 /home/travis/build/icyphy/ptII/ptolemy/domains/modal/test/auto/ErrorTransition10.xml
----------------- Instantiating /home/travis/build/icyphy/ptII/ptolemy/domains/modal/test/auto/ErrorTransition10.xml
13 ms. Memory: 200704K Free: 72859K (36%)
----------------- Invoking toplevel() on ptolemy.moml.MoMLSimpleApplication@3964304c
----------------- Done invoking toplevel() on ptolemy.moml.MoMLSimpleApplication@3964304c
reloadAllAccessors: .ErrorTransition10

===========================================================================================
----------------- testing Mon Dec 06 02:08:12 UTC 2021 /home/travis/build/icyphy/ptII/ptolemy/domains/modal/test/auto/ErrorTransition11.xml
----------------- Instantiating /home/travis/build/icyphy/ptII/ptolemy/domains/modal/test/auto/ErrorTransition11.xml
5 ms. Memory: 241664K Free: 217199K (90%)
----------------- Invoking toplevel() on ptolemy.moml.MoMLSimpleApplication@7e2c7c75
----------------- Done invoking toplevel() on ptolemy.moml.MoMLSimpleApplication@7e2c7c75
reloadAllAccessors: .ErrorTransition11

===========================================================================================
----------------- testing Mon Dec 06 02:08:12 UTC 2021 /home/travis/build/icyphy/ptII/ptolemy/domains/modal/test/auto/ErrorTransition2.xml
----------------- Instantiating /home/travis/build/icyphy/ptII/ptolemy/domains/modal/test/auto/ErrorTransition2.xml
9 ms. Memory: 241664K Free: 208493K (86%)
----------------- Invoking toplevel() on ptolemy.moml.MoMLSimpleApplication@66372e45
----------------- Done invoking toplevel() on ptolemy.moml.MoMLSimpleApplication@66372e45
reloadAllAccessors: .ErrorTransition2

===========================================================================================
----------------- testing Mon Dec 06 02:08:12 UTC 2021 /home/travis/build/icyphy/ptII/ptolemy/domains/modal/test/auto/ErrorTransition3.xml
----------------- Instantiating /home/travis/build/icyphy/ptII/ptolemy/domains/modal/test/auto/ErrorTransition3.xml
21 ms. Memory: 241664K Free: 198767K (82%)
----------------- Invoking toplevel() on ptolemy.moml.MoMLSimpleApplication@6f28bd9f
----------------- Done invoking toplevel() on ptolemy.moml.MoMLSimpleApplication@6f28bd9f
reloadAllAccessors: .ErrorTransition3

===========================================================================================
----------------- testing Mon Dec 06 02:08:12 UTC 2021 /home/travis/build/icyphy/ptII/ptolemy/domains/modal/test/auto/ErrorTransition4.xml
----------------- Instantiating /home/travis/build/icyphy/ptII/ptolemy/domains/modal/test/auto/ErrorTransition4.xml
16 ms. Memory: 241664K Free: 187503K (78%)
----------------- Invoking toplevel() on ptolemy.moml.MoMLSimpleApplication@20eb8428
----------------- Done invoking toplevel() on ptolemy.moml.MoMLSimpleApplication@20eb8428
reloadAllAccessors: .ErrorTransition4

===========================================================================================
----------------- testing Mon Dec 06 02:08:12 UTC 2021 /home/travis/build/icyphy/ptII/ptolemy/domains/modal/test/auto/ErrorTransition5.xml
----------------- Instantiating /home/travis/build/icyphy/ptII/ptolemy/domains/modal/test/auto/ErrorTransition5.xml
7 ms. Memory: 241664K Free: 177263K (73%)
----------------- Invoking toplevel() on ptolemy.moml.MoMLSimpleApplication@153e8574
----------------- Done invoking toplevel() on ptolemy.moml.MoMLSimpleApplication@153e8574
reloadAllAccessors: .ErrorTransition5

===========================================================================================
----------------- testing Mon Dec 06 02:08:12 UTC 2021 /home/travis/build/icyphy/ptII/ptolemy/domains/modal/test/auto/ErrorTransition6.xml
----------------- Instantiating /home/travis/build/icyphy/ptII/ptolemy/domains/modal/test/auto/ErrorTransition6.xml
10 ms. Memory: 241664K Free: 166509K (69%)
----------------- Invoking toplevel() on ptolemy.moml.MoMLSimpleApplication@5edafe2a
----------------- Done invoking toplevel() on ptolemy.moml.MoMLSimpleApplication@5edafe2a
reloadAllAccessors: .ErrorTransition6

===========================================================================================
----------------- testing Mon Dec 06 02:08:12 UTC 2021 /home/travis/build/icyphy/ptII/ptolemy/domains/modal/test/auto/ErrorTransition7.xml
----------------- Instantiating /home/travis/build/icyphy/ptII/ptolemy/domains/modal/test/auto/ErrorTransition7.xml
11 ms. Memory: 241664K Free: 153711K (64%)
----------------- Invoking toplevel() on ptolemy.moml.MoMLSimpleApplication@32cea3ae
----------------- Done invoking toplevel() on ptolemy.moml.MoMLSimpleApplication@32cea3ae
reloadAllAccessors: .ErrorTransition7

===========================================================================================
----------------- testing Mon Dec 06 02:08:12 UTC 2021 /home/travis/build/icyphy/ptII/ptolemy/domains/modal/test/auto/ErrorTransition8.xml
----------------- Instantiating /home/travis/build/icyphy/ptII/ptolemy/domains/modal/test/auto/ErrorTransition8.xml
31 ms. Memory: 241664K Free: 140399K (58%)
----------------- Invoking toplevel() on ptolemy.moml.MoMLSimpleApplication@6a442c10
----------------- Done invoking toplevel() on ptolemy.moml.MoMLSimpleApplication@6a442c10
reloadAllAccessors: .ErrorTransition8

===========================================================================================
----------------- testing Mon Dec 06 02:08:12 UTC 2021 /home/travis/build/icyphy/ptII/ptolemy/domains/modal/test/auto/ErrorTransition9.xml
----------------- Instantiating /home/travis/build/icyphy/ptII/ptolemy/domains/modal/test/auto/ErrorTransition9.xml
10 ms. Memory: 241664K Free: 126559K (52%)
----------------- Invoking toplevel() on ptolemy.moml.MoMLSimpleApplication@6ec435bf
----------------- Done invoking toplevel() on ptolemy.moml.MoMLSimpleApplication@6ec435bf
reloadAllAccessors: .ErrorTransition9

===========================================================================================
----------------- testing Mon Dec 06 02:08:12 UTC 2021 /home/travis/build/icyphy/ptII/ptolemy/domains/modal/test/auto/ExtendedFSM.xml
----------------- Instantiating /home/travis/build/icyphy/ptII/ptolemy/domains/modal/test/auto/ExtendedFSM.xml
7 ms. Memory: 241664K Free: 117871K (49%)
----------------- Invoking toplevel() on ptolemy.moml.MoMLSimpleApplication@2e999c37
----------------- Done invoking toplevel() on ptolemy.moml.MoMLSimpleApplication@2e999c37
reloadAllAccessors: .ExtendedFSM

===========================================================================================
----------------- testing Mon Dec 06 02:08:12 UTC 2021 /home/travis/build/icyphy/ptII/ptolemy/domains/modal/test/auto/FinalStates.xml
----------------- Instantiating /home/travis/build/icyphy/ptII/ptolemy/domains/modal/test/auto/FinalStates.xml
8 ms. Memory: 241664K Free: 109679K (45%)
----------------- Invoking toplevel() on ptolemy.moml.MoMLSimpleApplication@5623ce83
----------------- Done invoking toplevel() on ptolemy.moml.MoMLSimpleApplication@5623ce83
reloadAllAccessors: .FinalStates

===========================================================================================
----------------- testing Mon Dec 06 02:08:12 UTC 2021 /home/travis/build/icyphy/ptII/ptolemy/domains/modal/test/auto/FixedPointFSM.xml
----------------- Instantiating /home/travis/build/icyphy/ptII/ptolemy/domains/modal/test/auto/FixedPointFSM.xml
19 ms. Memory: 241664K Free: 94823K (39%)
----------------- Invoking toplevel() on ptolemy.moml.MoMLSimpleApplication@79bc4f60
----------------- Done invoking toplevel() on ptolemy.moml.MoMLSimpleApplication@79bc4f60
reloadAllAccessors: .FixedPointFSM

===========================================================================================
----------------- testing Mon Dec 06 02:08:12 UTC 2021 /home/travis/build/icyphy/ptII/ptolemy/domains/modal/test/auto/FixedPointIterationFSMActor.xml
----------------- Instantiating /home/travis/build/icyphy/ptII/ptolemy/domains/modal/test/auto/FixedPointIterationFSMActor.xml
7 ms. Memory: 241664K Free: 84079K (35%)
----------------- Invoking toplevel() on ptolemy.moml.MoMLSimpleApplication@30f18fb7
----------------- Done invoking toplevel() on ptolemy.moml.MoMLSimpleApplication@30f18fb7
reloadAllAccessors: .FixedPointIterationFSMActor

===========================================================================================
----------------- testing Mon Dec 06 02:08:12 UTC 2021 /home/travis/build/icyphy/ptII/ptolemy/domains/modal/test/auto/FixedPointIterationFSMActor2.xml
----------------- Instantiating /home/travis/build/icyphy/ptII/ptolemy/domains/modal/test/auto/FixedPointIterationFSMActor2.xml
9 ms. Memory: 241664K Free: 210514K (87%)
----------------- Invoking toplevel() on ptolemy.moml.MoMLSimpleApplication@31d1bc47
----------------- Done invoking toplevel() on ptolemy.moml.MoMLSimpleApplication@31d1bc47
reloadAllAccessors: .FixedPointIterationFSMActor2

===========================================================================================
----------------- testing Mon Dec 06 02:08:12 UTC 2021 /home/travis/build/icyphy/ptII/ptolemy/domains/modal/test/auto/ForbiddenInstantanousLoop.xml
----------------- Instantiating /home/travis/build/icyphy/ptII/ptolemy/domains/modal/test/auto/ForbiddenInstantanousLoop.xml
5 ms. Memory: 241664K Free: 198226K (82%)
----------------- Invoking toplevel() on ptolemy.moml.MoMLSimpleApplication@1d2f29c1
----------------- Done invoking toplevel() on ptolemy.moml.MoMLSimpleApplication@1d2f29c1
reloadAllAccessors: .ForbiddenInstantanousLoop

===========================================================================================
----------------- testing Mon Dec 06 02:08:12 UTC 2021 /home/travis/build/icyphy/ptII/ptolemy/domains/modal/test/auto/FunctionDependencyOfFSMActorTest.xml
----------------- Instantiating /home/travis/build/icyphy/ptII/ptolemy/domains/modal/test/auto/FunctionDependencyOfFSMActorTest.xml
11 ms. Memory: 241664K Free: 191530K (79%)
----------------- Invoking toplevel() on ptolemy.moml.MoMLSimpleApplication@61632a8
----------------- Done invoking toplevel() on ptolemy.moml.MoMLSimpleApplication@61632a8
reloadAllAccessors: .FunctionDependencyOfFSMActorTest

===========================================================================================
----------------- testing Mon Dec 06 02:08:12 UTC 2021 /home/travis/build/icyphy/ptII/ptolemy/domains/modal/test/auto/GuardExpression.xml
----------------- Instantiating /home/travis/build/icyphy/ptII/ptolemy/domains/modal/test/auto/GuardExpression.xml
2 ms. Memory: 241664K Free: 186448K (77%)
----------------- Invoking toplevel() on ptolemy.moml.MoMLSimpleApplication@54993424
----------------- Done invoking toplevel() on ptolemy.moml.MoMLSimpleApplication@54993424
reloadAllAccessors: .GuardExpression

===========================================================================================
----------------- testing Mon Dec 06 02:08:12 UTC 2021 /home/travis/build/icyphy/ptII/ptolemy/domains/modal/test/auto/GuardNotEvaluated.xml
----------------- Instantiating /home/travis/build/icyphy/ptII/ptolemy/domains/modal/test/auto/GuardNotEvaluated.xml
6 ms. Memory: 241664K Free: 177746K (74%)
----------------- Invoking toplevel() on ptolemy.moml.MoMLSimpleApplication@1a0cc13f
----------------- Done invoking toplevel() on ptolemy.moml.MoMLSimpleApplication@1a0cc13f
reloadAllAccessors: .GuardNotEvaluated

===========================================================================================
----------------- testing Mon Dec 06 02:08:12 UTC 2021 /home/travis/build/icyphy/ptII/ptolemy/domains/modal/test/auto/GuardNotEvaluated2.xml
----------------- Instantiating /home/travis/build/icyphy/ptII/ptolemy/domains/modal/test/auto/GuardNotEvaluated2.xml
9 ms. Memory: 241664K Free: 168016K (70%)
----------------- Invoking toplevel() on ptolemy.moml.MoMLSimpleApplication@38b1d01
----------------- Done invoking toplevel() on ptolemy.moml.MoMLSimpleApplication@38b1d01
reloadAllAccessors: .GuardNotEvaluated2

===========================================================================================
----------------- testing Mon Dec 06 02:08:12 UTC 2021 /home/travis/build/icyphy/ptII/ptolemy/domains/modal/test/auto/GuardOnAbsent.xml
----------------- Instantiating /home/travis/build/icyphy/ptII/ptolemy/domains/modal/test/auto/GuardOnAbsent.xml
10 ms. Memory: 241664K Free: 160338K (66%)
----------------- Invoking toplevel() on ptolemy.moml.MoMLSimpleApplication@1f97ef80
----------------- Done invoking toplevel() on ptolemy.moml.MoMLSimpleApplication@1f97ef80
reloadAllAccessors: .GuardOnAbsent

===========================================================================================
----------------- testing Mon Dec 06 02:08:12 UTC 2021 /home/travis/build/icyphy/ptII/ptolemy/domains/modal/test/auto/HierarchicalFSMTypeInference.xml
----------------- Instantiating /home/travis/build/icyphy/ptII/ptolemy/domains/modal/test/auto/HierarchicalFSMTypeInference.xml
5 ms. Memory: 241664K Free: 150098K (62%)
----------------- Invoking toplevel() on ptolemy.moml.MoMLSimpleApplication@4dda220b
----------------- Done invoking toplevel() on ptolemy.moml.MoMLSimpleApplication@4dda220b
reloadAllAccessors: .HierarchicalFSMTypeInference

===========================================================================================
----------------- testing Mon Dec 06 02:08:12 UTC 2021 /home/travis/build/icyphy/ptII/ptolemy/domains/modal/test/auto/Hysteresis.xml
----------------- Instantiating /home/travis/build/icyphy/ptII/ptolemy/domains/modal/test/auto/Hysteresis.xml
12 ms. Memory: 241664K Free: 136258K (56%)
----------------- Invoking toplevel() on ptolemy.moml.MoMLSimpleApplication@47f2d28d
----------------- Done invoking toplevel() on ptolemy.moml.MoMLSimpleApplication@47f2d28d
reloadAllAccessors: .Hysteresis

===========================================================================================
----------------- testing Mon Dec 06 02:08:12 UTC 2021 /home/travis/build/icyphy/ptII/ptolemy/domains/modal/test/auto/HysteresisWithDefault.xml
----------------- Instantiating /home/travis/build/icyphy/ptII/ptolemy/domains/modal/test/auto/HysteresisWithDefault.xml
43 ms. Memory: 241664K Free: 113234K (47%)
----------------- Invoking toplevel() on ptolemy.moml.MoMLSimpleApplication@3d6583ad
----------------- Done invoking toplevel() on ptolemy.moml.MoMLSimpleApplication@3d6583ad
reloadAllAccessors: .HysteresisWithDefault

===========================================================================================
----------------- testing Mon Dec 06 02:08:13 UTC 2021 /home/travis/build/icyphy/ptII/ptolemy/domains/modal/test/auto/HysteresisWithDefault2.xml
----------------- Instantiating /home/travis/build/icyphy/ptII/ptolemy/domains/modal/test/auto/HysteresisWithDefault2.xml
46 ms. Memory: 241664K Free: 83538K (35%)
----------------- Invoking toplevel() on ptolemy.moml.MoMLSimpleApplication@3d2bb9b
----------------- Done invoking toplevel() on ptolemy.moml.MoMLSimpleApplication@3d2bb9b
reloadAllAccessors: .HysteresisWithDefault2

===========================================================================================
----------------- testing Mon Dec 06 02:08:13 UTC 2021 /home/travis/build/icyphy/ptII/ptolemy/domains/modal/test/auto/ImmediateNonConstructiveness.xml
----------------- Instantiating /home/travis/build/icyphy/ptII/ptolemy/domains/modal/test/auto/ImmediateNonConstructiveness.xml
3 ms. Memory: 241664K Free: 214588K (89%)
----------------- Invoking toplevel() on ptolemy.moml.MoMLSimpleApplication@b049b93
----------------- Done invoking toplevel() on ptolemy.moml.MoMLSimpleApplication@b049b93
reloadAllAccessors: .ImmediateNonConstructiveness

===========================================================================================
----------------- testing Mon Dec 06 02:08:13 UTC 2021 /home/travis/build/icyphy/ptII/ptolemy/domains/modal/test/auto/ImmediateNonConstructiveness2.xml
----------------- Instantiating /home/travis/build/icyphy/ptII/ptolemy/domains/modal/test/auto/ImmediateNonConstructiveness2.xml
3 ms. Memory: 241664K Free: 207930K (86%)
----------------- Invoking toplevel() on ptolemy.moml.MoMLSimpleApplication@3cd1c66c
----------------- Done invoking toplevel() on ptolemy.moml.MoMLSimpleApplication@3cd1c66c
reloadAllAccessors: .ImmediateNonConstructiveness2

===========================================================================================
----------------- testing Mon Dec 06 02:08:13 UTC 2021 /home/travis/build/icyphy/ptII/ptolemy/domains/modal/test/auto/ImmediateTransitionReset.xml
----------------- Instantiating /home/travis/build/icyphy/ptII/ptolemy/domains/modal/test/auto/ImmediateTransitionReset.xml
7 ms. Memory: 241664K Free: 196156K (81%)
----------------- Invoking toplevel() on ptolemy.moml.MoMLSimpleApplication@32540abb
----------------- Done invoking toplevel() on ptolemy.moml.MoMLSimpleApplication@32540abb
reloadAllAccessors: .ImmediateTransitionReset

===========================================================================================
----------------- testing Mon Dec 06 02:08:13 UTC 2021 /home/travis/build/icyphy/ptII/ptolemy/domains/modal/test/auto/ImmediateTransitions1.xml
----------------- Instantiating /home/travis/build/icyphy/ptII/ptolemy/domains/modal/test/auto/ImmediateTransitions1.xml
1 ms. Memory: 241664K Free: 191036K (79%)
----------------- Invoking toplevel() on ptolemy.moml.MoMLSimpleApplication@3d53805f
----------------- Done invoking toplevel() on ptolemy.moml.MoMLSimpleApplication@3d53805f
reloadAllAccessors: .ImmediateTransitions1

===========================================================================================
----------------- testing Mon Dec 06 02:08:13 UTC 2021 /home/travis/build/icyphy/ptII/ptolemy/domains/modal/test/auto/ImmediateTransitionsInstantaneousCommunication.xml
----------------- Instantiating /home/travis/build/icyphy/ptII/ptolemy/domains/modal/test/auto/ImmediateTransitionsInstantaneousCommunication.xml
4 ms. Memory: 241664K Free: 178748K (74%)
----------------- Invoking toplevel() on ptolemy.moml.MoMLSimpleApplication@262ae752
----------------- Done invoking toplevel() on ptolemy.moml.MoMLSimpleApplication@262ae752
reloadAllAccessors: .ImmediateTransitionsInstantaneousCommunication

===========================================================================================
----------------- testing Mon Dec 06 02:08:13 UTC 2021 /home/travis/build/icyphy/ptII/ptolemy/domains/modal/test/auto/InitialImmediateTransition.xml
----------------- Instantiating /home/travis/build/icyphy/ptII/ptolemy/domains/modal/test/auto/InitialImmediateTransition.xml
3 ms. Memory: 241664K Free: 171580K (71%)
----------------- Invoking toplevel() on ptolemy.moml.MoMLSimpleApplication@667266df
----------------- Done invoking toplevel() on ptolemy.moml.MoMLSimpleApplication@667266df
reloadAllAccessors: .InitialImmediateTransition

===========================================================================================
----------------- testing Mon Dec 06 02:08:13 UTC 2021 /home/travis/build/icyphy/ptII/ptolemy/domains/modal/test/auto/InitialOutputs.xml
----------------- Instantiating /home/travis/build/icyphy/ptII/ptolemy/domains/modal/test/auto/InitialOutputs.xml
4 ms. Memory: 241664K Free: 165436K (68%)
----------------- Invoking toplevel() on ptolemy.moml.MoMLSimpleApplication@11a061f5
----------------- Done invoking toplevel() on ptolemy.moml.MoMLSimpleApplication@11a061f5
reloadAllAccessors: .InitialOutputs

===========================================================================================
----------------- testing Mon Dec 06 02:08:13 UTC 2021 /home/travis/build/icyphy/ptII/ptolemy/domains/modal/test/auto/InitialStateTransition1.xml
----------------- Instantiating /home/travis/build/icyphy/ptII/ptolemy/domains/modal/test/auto/InitialStateTransition1.xml
2 ms. Memory: 241664K Free: 158268K (65%)
----------------- Invoking toplevel() on ptolemy.moml.MoMLSimpleApplication@5266be8f
----------------- Done invoking toplevel() on ptolemy.moml.MoMLSimpleApplication@5266be8f
reloadAllAccessors: .InitialStateTransition1

===========================================================================================
----------------- testing Mon Dec 06 02:08:13 UTC 2021 /home/travis/build/icyphy/ptII/ptolemy/domains/modal/test/auto/InitialStateTransition2.xml
----------------- Instantiating /home/travis/build/icyphy/ptII/ptolemy/domains/modal/test/auto/InitialStateTransition2.xml
.InitialStateTransition2.TestExceptionAttributeNonConstructive: initialize() was not invoked, but wrapup() was.  This is unusual, but not always a problem.  For example, exporting JNLP will do this.
2 ms. Memory: 241664K Free: 151100K (63%)
----------------- Invoking toplevel() on ptolemy.moml.MoMLSimpleApplication@595a5df8
----------------- Done invoking toplevel() on ptolemy.moml.MoMLSimpleApplication@595a5df8
reloadAllAccessors: .InitialStateTransition2

===========================================================================================
----------------- testing Mon Dec 06 02:08:13 UTC 2021 /home/travis/build/icyphy/ptII/ptolemy/domains/modal/test/auto/InitialStateTransition3.xml
----------------- Instantiating /home/travis/build/icyphy/ptII/ptolemy/domains/modal/test/auto/InitialStateTransition3.xml
3 ms. Memory: 241664K Free: 142394K (59%)
----------------- Invoking toplevel() on ptolemy.moml.MoMLSimpleApplication@66653f99
----------------- Done invoking toplevel() on ptolemy.moml.MoMLSimpleApplication@66653f99
reloadAllAccessors: .InitialStateTransition3

===========================================================================================
----------------- testing Mon Dec 06 02:08:13 UTC 2021 /home/travis/build/icyphy/ptII/ptolemy/domains/modal/test/auto/InitialStateTransition4.xml
----------------- Instantiating /home/travis/build/icyphy/ptII/ptolemy/domains/modal/test/auto/InitialStateTransition4.xml
3 ms. Memory: 241664K Free: 132668K (55%)
----------------- Invoking toplevel() on ptolemy.moml.MoMLSimpleApplication@5a22974c
----------------- Done invoking toplevel() on ptolemy.moml.MoMLSimpleApplication@5a22974c
reloadAllAccessors: .InitialStateTransition4

===========================================================================================
----------------- testing Mon Dec 06 02:08:13 UTC 2021 /home/travis/build/icyphy/ptII/ptolemy/domains/modal/test/auto/MalformedGuardExpressionNotCaught.xml
----------------- Instantiating /home/travis/build/icyphy/ptII/ptolemy/domains/modal/test/auto/MalformedGuardExpressionNotCaught.xml
7 ms. Memory: 241664K Free: 125500K (52%)
----------------- Invoking toplevel() on ptolemy.moml.MoMLSimpleApplication@39a29da8
----------------- Done invoking toplevel() on ptolemy.moml.MoMLSimpleApplication@39a29da8
reloadAllAccessors: .MalformedGuardExpressionNotCaught

===========================================================================================
----------------- testing Mon Dec 06 02:08:13 UTC 2021 /home/travis/build/icyphy/ptII/ptolemy/domains/modal/test/auto/ModalBSC.xml
----------------- Instantiating /home/travis/build/icyphy/ptII/ptolemy/domains/modal/test/auto/ModalBSC.xml
40 ms. Memory: 241664K Free: 98356K (41%)
----------------- Invoking toplevel() on ptolemy.moml.MoMLSimpleApplication@6ca10056
----------------- Done invoking toplevel() on ptolemy.moml.MoMLSimpleApplication@6ca10056
reloadAllAccessors: .ModalBSC

===========================================================================================
----------------- testing Mon Dec 06 02:08:13 UTC 2021 /home/travis/build/icyphy/ptII/ptolemy/domains/modal/test/auto/ModalClocks.xml
----------------- Instantiating /home/travis/build/icyphy/ptII/ptolemy/domains/modal/test/auto/ModalClocks.xml
21 ms. Memory: 241664K Free: 214036K (89%)
----------------- Invoking toplevel() on ptolemy.moml.MoMLSimpleApplication@2df3cb6d
----------------- Done invoking toplevel() on ptolemy.moml.MoMLSimpleApplication@2df3cb6d
reloadAllAccessors: .ModalClocks

===========================================================================================
----------------- testing Mon Dec 06 02:08:13 UTC 2021 /home/travis/build/icyphy/ptII/ptolemy/domains/modal/test/auto/ModalDelay.xml
----------------- Instantiating /home/travis/build/icyphy/ptII/ptolemy/domains/modal/test/auto/ModalDelay.xml
12 ms. Memory: 241664K Free: 199732K (83%)
----------------- Invoking toplevel() on ptolemy.moml.MoMLSimpleApplication@630a489d
----------------- Done invoking toplevel() on ptolemy.moml.MoMLSimpleApplication@630a489d
reloadAllAccessors: .ModalDelay

===========================================================================================
----------------- testing Mon Dec 06 02:08:13 UTC 2021 /home/travis/build/icyphy/ptII/ptolemy/domains/modal/test/auto/ModalDelay2.xml
----------------- Instantiating /home/travis/build/icyphy/ptII/ptolemy/domains/modal/test/auto/ModalDelay2.xml
11 ms. Memory: 241664K Free: 185906K (77%)
----------------- Invoking toplevel() on ptolemy.moml.MoMLSimpleApplication@34be045b
----------------- Done invoking toplevel() on ptolemy.moml.MoMLSimpleApplication@34be045b
reloadAllAccessors: .ModalDelay2

===========================================================================================
----------------- testing Mon Dec 06 02:08:13 UTC 2021 /home/travis/build/icyphy/ptII/ptolemy/domains/modal/test/auto/ModalModelFromMemo.xml
----------------- Instantiating /home/travis/build/icyphy/ptII/ptolemy/domains/modal/test/auto/ModalModelFromMemo.xml
19 ms. Memory: 241664K Free: 166436K (69%)
----------------- Invoking toplevel() on ptolemy.moml.MoMLSimpleApplication@3e06728d
----------------- Done invoking toplevel() on ptolemy.moml.MoMLSimpleApplication@3e06728d
reloadAllAccessors: .ModalModelFromMemo

===========================================================================================
----------------- testing Mon Dec 06 02:08:13 UTC 2021 /home/travis/build/icyphy/ptII/ptolemy/domains/modal/test/auto/ModalModelWithMultirateTransient.xml
----------------- Instantiating /home/travis/build/icyphy/ptII/ptolemy/domains/modal/test/auto/ModalModelWithMultirateTransient.xml
17 ms. Memory: 241664K Free: 151060K (63%)
----------------- Invoking toplevel() on ptolemy.moml.MoMLSimpleApplication@109b488a
----------------- Done invoking toplevel() on ptolemy.moml.MoMLSimpleApplication@109b488a
reloadAllAccessors: .ModalModelWithMultirateTransient

===========================================================================================
----------------- testing Mon Dec 06 02:08:13 UTC 2021 /home/travis/build/icyphy/ptII/ptolemy/domains/modal/test/auto/ModalModelWithReset.xml
----------------- Instantiating /home/travis/build/icyphy/ptII/ptolemy/domains/modal/test/auto/ModalModelWithReset.xml
20 ms. Memory: 241664K Free: 137268K (57%)
----------------- Invoking toplevel() on ptolemy.moml.MoMLSimpleApplication@6d183fda
----------------- Done invoking toplevel() on ptolemy.moml.MoMLSimpleApplication@6d183fda
reloadAllAccessors: .ModalModelWithReset

===========================================================================================
----------------- testing Mon Dec 06 02:08:13 UTC 2021 /home/travis/build/icyphy/ptII/ptolemy/domains/modal/test/auto/MouseClickFSM.xml
----------------- Instantiating /home/travis/build/icyphy/ptII/ptolemy/domains/modal/test/auto/MouseClickFSM.xml
13 ms. Memory: 241664K Free: 120884K (50%)
----------------- Invoking toplevel() on ptolemy.moml.MoMLSimpleApplication@3b5bfad4
----------------- Done invoking toplevel() on ptolemy.moml.MoMLSimpleApplication@3b5bfad4
reloadAllAccessors: .MouseClickFSM

===========================================================================================
----------------- testing Mon Dec 06 02:08:13 UTC 2021 /home/travis/build/icyphy/ptII/ptolemy/domains/modal/test/auto/MouseClickFSMModal.xml
----------------- Instantiating /home/travis/build/icyphy/ptII/ptolemy/domains/modal/test/auto/MouseClickFSMModal.xml
12 ms. Memory: 241664K Free: 107028K (44%)
----------------- Invoking toplevel() on ptolemy.moml.MoMLSimpleApplication@43b13d99
----------------- Done invoking toplevel() on ptolemy.moml.MoMLSimpleApplication@43b13d99
reloadAllAccessors: .MouseClickFSMModal

===========================================================================================
----------------- testing Mon Dec 06 02:08:13 UTC 2021 /home/travis/build/icyphy/ptII/ptolemy/domains/modal/test/auto/NonStrictFSM_FeedbackLoop.xml
----------------- Instantiating /home/travis/build/icyphy/ptII/ptolemy/domains/modal/test/auto/NonStrictFSM_FeedbackLoop.xml
26 ms. Memory: 241664K Free: 94260K (39%)
----------------- Invoking toplevel() on ptolemy.moml.MoMLSimpleApplication@d1b76d3
----------------- Done invoking toplevel() on ptolemy.moml.MoMLSimpleApplication@d1b76d3
reloadAllAccessors: .NonStrictFSM_FeedbackLoop

===========================================================================================
----------------- testing Mon Dec 06 02:08:13 UTC 2021 /home/travis/build/icyphy/ptII/ptolemy/domains/modal/test/auto/NonStrictFSM_FeedbackLoop_Refinement.xml
----------------- Instantiating /home/travis/build/icyphy/ptII/ptolemy/domains/modal/test/auto/NonStrictFSM_FeedbackLoop_Refinement.xml
54 ms. Memory: 290816K Free: 264756K (91%)
----------------- Invoking toplevel() on ptolemy.moml.MoMLSimpleApplication@732ecac6
----------------- Done invoking toplevel() on ptolemy.moml.MoMLSimpleApplication@732ecac6
reloadAllAccessors: .NonStrictFSM_FeedbackLoop_Refinement

===========================================================================================
----------------- testing Mon Dec 06 02:08:13 UTC 2021 /home/travis/build/icyphy/ptII/ptolemy/domains/modal/test/auto/NonStrictFSM_FeedbackLoop_preemptive.xml
----------------- Instantiating /home/travis/build/icyphy/ptII/ptolemy/domains/modal/test/auto/NonStrictFSM_FeedbackLoop_preemptive.xml
19 ms. Memory: 290816K Free: 246324K (85%)
----------------- Invoking toplevel() on ptolemy.moml.MoMLSimpleApplication@16756fe
----------------- Done invoking toplevel() on ptolemy.moml.MoMLSimpleApplication@16756fe
reloadAllAccessors: .NonStrictFSM_FeedbackLoop_preemptive

===========================================================================================
----------------- testing Mon Dec 06 02:08:14 UTC 2021 /home/travis/build/icyphy/ptII/ptolemy/domains/modal/test/auto/NormalTermination.xml
----------------- Instantiating /home/travis/build/icyphy/ptII/ptolemy/domains/modal/test/auto/NormalTermination.xml
5 ms. Memory: 290816K Free: 230436K (79%)
----------------- Invoking toplevel() on ptolemy.moml.MoMLSimpleApplication@c716471
----------------- Done invoking toplevel() on ptolemy.moml.MoMLSimpleApplication@c716471
reloadAllAccessors: .NormalTermination

===========================================================================================
----------------- testing Mon Dec 06 02:08:14 UTC 2021 /home/travis/build/icyphy/ptII/ptolemy/domains/modal/test/auto/Pong.xml
----------------- Instantiating /home/travis/build/icyphy/ptII/ptolemy/domains/modal/test/auto/Pong.xml
53 ms. Memory: 290816K Free: 209970K (72%)
----------------- Invoking toplevel() on ptolemy.moml.MoMLSimpleApplication@2efec898
----------------- Done invoking toplevel() on ptolemy.moml.MoMLSimpleApplication@2efec898
reloadAllAccessors: .Pong

===========================================================================================
----------------- testing Mon Dec 06 02:08:14 UTC 2021 /home/travis/build/icyphy/ptII/ptolemy/domains/modal/test/auto/Pong_test.xml
----------------- Instantiating /home/travis/build/icyphy/ptII/ptolemy/domains/modal/test/auto/Pong_test.xml
59 ms. Memory: 290816K Free: 185380K (64%)
----------------- Invoking toplevel() on ptolemy.moml.MoMLSimpleApplication@7f49ab70
----------------- Done invoking toplevel() on ptolemy.moml.MoMLSimpleApplication@7f49ab70
reloadAllAccessors: .Pong_test

===========================================================================================
----------------- testing Mon Dec 06 02:08:14 UTC 2021 /home/travis/build/icyphy/ptII/ptolemy/domains/modal/test/auto/PreemptionHierarchy.xml
----------------- Instantiating /home/travis/build/icyphy/ptII/ptolemy/domains/modal/test/auto/PreemptionHierarchy.xml
2 ms. Memory: 290816K Free: 176692K (61%)
----------------- Invoking toplevel() on ptolemy.moml.MoMLSimpleApplication@11da8177
----------------- Done invoking toplevel() on ptolemy.moml.MoMLSimpleApplication@11da8177
reloadAllAccessors: .PreemptionHierarchy

===========================================================================================
----------------- testing Mon Dec 06 02:08:14 UTC 2021 /home/travis/build/icyphy/ptII/ptolemy/domains/modal/test/auto/PreemptionHierarchy2.xml
----------------- Instantiating /home/travis/build/icyphy/ptII/ptolemy/domains/modal/test/auto/PreemptionHierarchy2.xml
3 ms. Memory: 290816K Free: 165428K (57%)
----------------- Invoking toplevel() on ptolemy.moml.MoMLSimpleApplication@1c4f5136
----------------- Done invoking toplevel() on ptolemy.moml.MoMLSimpleApplication@1c4f5136
reloadAllAccessors: .PreemptionHierarchy2

===========================================================================================
----------------- testing Mon Dec 06 02:08:14 UTC 2021 /home/travis/build/icyphy/ptII/ptolemy/domains/modal/test/auto/PreemptiveTransition.xml
----------------- Instantiating /home/travis/build/icyphy/ptII/ptolemy/domains/modal/test/auto/PreemptiveTransition.xml
3 ms. Memory: 290816K Free: 157732K (54%)
----------------- Invoking toplevel() on ptolemy.moml.MoMLSimpleApplication@9de52e7
----------------- Done invoking toplevel() on ptolemy.moml.MoMLSimpleApplication@9de52e7
reloadAllAccessors: .PreemptiveTransition

===========================================================================================
----------------- testing Mon Dec 06 02:08:14 UTC 2021 /home/travis/build/icyphy/ptII/ptolemy/domains/modal/test/auto/Priorities.xml
----------------- Instantiating /home/travis/build/icyphy/ptII/ptolemy/domains/modal/test/auto/Priorities.xml
12 ms. Memory: 290816K Free: 119348K (41%)
----------------- Invoking toplevel() on ptolemy.moml.MoMLSimpleApplication@19c9a028
----------------- Done invoking toplevel() on ptolemy.moml.MoMLSimpleApplication@19c9a028
reloadAllAccessors: .Priorities

===========================================================================================
----------------- testing Mon Dec 06 02:08:14 UTC 2021 /home/travis/build/icyphy/ptII/ptolemy/domains/modal/test/auto/ResetFinal.xml
----------------- Instantiating /home/travis/build/icyphy/ptII/ptolemy/domains/modal/test/auto/ResetFinal.xml
37 ms. Memory: 290816K Free: 269876K (93%)
----------------- Invoking toplevel() on ptolemy.moml.MoMLSimpleApplication@3291f707
----------------- Done invoking toplevel() on ptolemy.moml.MoMLSimpleApplication@3291f707
reloadAllAccessors: .ResetFinal

===========================================================================================
----------------- testing Mon Dec 06 02:08:14 UTC 2021 /home/travis/build/icyphy/ptII/ptolemy/domains/modal/test/auto/ResetFinal2.xml
----------------- Instantiating /home/travis/build/icyphy/ptII/ptolemy/domains/modal/test/auto/ResetFinal2.xml
12 ms. Memory: 290816K Free: 256564K (88%)
----------------- Invoking toplevel() on ptolemy.moml.MoMLSimpleApplication@1f3edf27
----------------- Done invoking toplevel() on ptolemy.moml.MoMLSimpleApplication@1f3edf27
reloadAllAccessors: .ResetFinal2

===========================================================================================
----------------- testing Mon Dec 06 02:08:14 UTC 2021 /home/travis/build/icyphy/ptII/ptolemy/domains/modal/test/auto/ResetTransitionWithStartTime.xml
----------------- Instantiating /home/travis/build/icyphy/ptII/ptolemy/domains/modal/test/auto/ResetTransitionWithStartTime.xml
10 ms. Memory: 290816K Free: 246820K (85%)
----------------- Invoking toplevel() on ptolemy.moml.MoMLSimpleApplication@663e842f
----------------- Done invoking toplevel() on ptolemy.moml.MoMLSimpleApplication@663e842f
reloadAllAccessors: .ResetTransitionWithStartTime

===========================================================================================
----------------- testing Mon Dec 06 02:08:14 UTC 2021 /home/travis/build/icyphy/ptII/ptolemy/domains/modal/test/auto/SDF-FSMComposite.xml
----------------- Instantiating /home/travis/build/icyphy/ptII/ptolemy/domains/modal/test/auto/SDF-FSMComposite.xml
5 ms. Memory: 290816K Free: 239156K (82%)
----------------- Invoking toplevel() on ptolemy.moml.MoMLSimpleApplication@54ed2b4
----------------- Done invoking toplevel() on ptolemy.moml.MoMLSimpleApplication@54ed2b4
reloadAllAccessors: .SDF-FSMComposite

===========================================================================================
----------------- testing Mon Dec 06 02:08:14 UTC 2021 /home/travis/build/icyphy/ptII/ptolemy/domains/modal/test/auto/SeeminglyNondeterminate.xml
----------------- Instantiating /home/travis/build/icyphy/ptII/ptolemy/domains/modal/test/auto/SeeminglyNondeterminate.xml
4 ms. Memory: 290816K Free: 208436K (72%)
----------------- Invoking toplevel() on ptolemy.moml.MoMLSimpleApplication@558d4adf
----------------- Done invoking toplevel() on ptolemy.moml.MoMLSimpleApplication@558d4adf
reloadAllAccessors: .SeeminglyNondeterminate

===========================================================================================
----------------- testing Mon Dec 06 02:08:14 UTC 2021 /home/travis/build/icyphy/ptII/ptolemy/domains/modal/test/auto/SeeminglyNondeterminate2.xml
----------------- Instantiating /home/travis/build/icyphy/ptII/ptolemy/domains/modal/test/auto/SeeminglyNondeterminate2.xml
5 ms. Memory: 290816K Free: 175668K (60%)
----------------- Invoking toplevel() on ptolemy.moml.MoMLSimpleApplication@1c2cadef
----------------- Done invoking toplevel() on ptolemy.moml.MoMLSimpleApplication@1c2cadef
reloadAllAccessors: .SeeminglyNondeterminate2

===========================================================================================
----------------- testing Mon Dec 06 02:08:14 UTC 2021 /home/travis/build/icyphy/ptII/ptolemy/domains/modal/test/auto/SpontaneousFSM.xml
----------------- Instantiating /home/travis/build/icyphy/ptII/ptolemy/domains/modal/test/auto/SpontaneousFSM.xml
21 ms. Memory: 290816K Free: 160812K (55%)
----------------- Invoking toplevel() on ptolemy.moml.MoMLSimpleApplication@c9c4abd
----------------- Done invoking toplevel() on ptolemy.moml.MoMLSimpleApplication@c9c4abd
reloadAllAccessors: .SpontaneousFSM

===========================================================================================
----------------- testing Mon Dec 06 02:08:14 UTC 2021 /home/travis/build/icyphy/ptII/ptolemy/domains/modal/test/auto/SpontaneousFSM2.xml
----------------- Instantiating /home/travis/build/icyphy/ptII/ptolemy/domains/modal/test/auto/SpontaneousFSM2.xml
8 ms. Memory: 290816K Free: 149044K (51%)
----------------- Invoking toplevel() on ptolemy.moml.MoMLSimpleApplication@34f29eb7
----------------- Done invoking toplevel() on ptolemy.moml.MoMLSimpleApplication@34f29eb7
reloadAllAccessors: .SpontaneousFSM2

===========================================================================================
----------------- testing Mon Dec 06 02:08:14 UTC 2021 /home/travis/build/icyphy/ptII/ptolemy/domains/modal/test/auto/SpontaneousFSM3.xml
----------------- Instantiating /home/travis/build/icyphy/ptII/ptolemy/domains/modal/test/auto/SpontaneousFSM3.xml
16 ms. Memory: 290816K Free: 134194K (46%)
----------------- Invoking toplevel() on ptolemy.moml.MoMLSimpleApplication@37df7472
----------------- Done invoking toplevel() on ptolemy.moml.MoMLSimpleApplication@37df7472
reloadAllAccessors: .SpontaneousFSM3

===========================================================================================
----------------- testing Mon Dec 06 02:08:14 UTC 2021 /home/travis/build/icyphy/ptII/ptolemy/domains/modal/test/auto/SpontaneousFSM4.xml
----------------- Instantiating /home/travis/build/icyphy/ptII/ptolemy/domains/modal/test/auto/SpontaneousFSM4.xml
18 ms. Memory: 290816K Free: 119348K (41%)
----------------- Invoking toplevel() on ptolemy.moml.MoMLSimpleApplication@69d2007e
----------------- Done invoking toplevel() on ptolemy.moml.MoMLSimpleApplication@69d2007e
reloadAllAccessors: .SpontaneousFSM4

===========================================================================================
----------------- testing Mon Dec 06 02:08:14 UTC 2021 /home/travis/build/icyphy/ptII/ptolemy/domains/modal/test/auto/StateTrackerTest.xml
----------------- Instantiating /home/travis/build/icyphy/ptII/ptolemy/domains/modal/test/auto/StateTrackerTest.xml
30 ms. Memory: 290816K Free: 269692K (93%)
----------------- Invoking toplevel() on ptolemy.moml.MoMLSimpleApplication@afbdb2a
----------------- Done invoking toplevel() on ptolemy.moml.MoMLSimpleApplication@afbdb2a
reloadAllAccessors: .StateTrackerTest

===========================================================================================
----------------- testing Mon Dec 06 02:08:14 UTC 2021 /home/travis/build/icyphy/ptII/ptolemy/domains/modal/test/auto/StrongImmediateTransition.xml
----------------- Instantiating /home/travis/build/icyphy/ptII/ptolemy/domains/modal/test/auto/StrongImmediateTransition.xml
4 ms. Memory: 290816K Free: 261909K (90%)
----------------- Invoking toplevel() on ptolemy.moml.MoMLSimpleApplication@5cdd040d
----------------- Done invoking toplevel() on ptolemy.moml.MoMLSimpleApplication@5cdd040d
reloadAllAccessors: .StrongImmediateTransition

===========================================================================================
----------------- testing Mon Dec 06 02:08:14 UTC 2021 /home/travis/build/icyphy/ptII/ptolemy/domains/modal/test/auto/SustainHierarchy.xml
----------------- Instantiating /home/travis/build/icyphy/ptII/ptolemy/domains/modal/test/auto/SustainHierarchy.xml
6 ms. Memory: 290816K Free: 251159K (86%)
----------------- Invoking toplevel() on ptolemy.moml.MoMLSimpleApplication@2deb3c7b
----------------- Done invoking toplevel() on ptolemy.moml.MoMLSimpleApplication@2deb3c7b
reloadAllAccessors: .SustainHierarchy

===========================================================================================
----------------- testing Mon Dec 06 02:08:14 UTC 2021 /home/travis/build/icyphy/ptII/ptolemy/domains/modal/test/auto/TerminationTransition1.xml
----------------- Instantiating /home/travis/build/icyphy/ptII/ptolemy/domains/modal/test/auto/TerminationTransition1.xml
1 ms. Memory: 290816K Free: 242453K (83%)
----------------- Invoking toplevel() on ptolemy.moml.MoMLSimpleApplication@4ae75190
----------------- Done invoking toplevel() on ptolemy.moml.MoMLSimpleApplication@4ae75190
reloadAllAccessors: .TerminationTransition1

===========================================================================================
----------------- testing Mon Dec 06 02:08:15 UTC 2021 /home/travis/build/icyphy/ptII/ptolemy/domains/modal/test/auto/TerminationTransition2.xml
----------------- Instantiating /home/travis/build/icyphy/ptII/ptolemy/domains/modal/test/auto/TerminationTransition2.xml
3 ms. Memory: 290816K Free: 233237K (80%)
----------------- Invoking toplevel() on ptolemy.moml.MoMLSimpleApplication@3bb170a5
----------------- Done invoking toplevel() on ptolemy.moml.MoMLSimpleApplication@3bb170a5
reloadAllAccessors: .TerminationTransition2

===========================================================================================
----------------- testing Mon Dec 06 02:08:15 UTC 2021 /home/travis/build/icyphy/ptII/ptolemy/domains/modal/test/auto/TerminationTransition3.xml
----------------- Instantiating /home/travis/build/icyphy/ptII/ptolemy/domains/modal/test/auto/TerminationTransition3.xml
2 ms. Memory: 290816K Free: 223511K (77%)
----------------- Invoking toplevel() on ptolemy.moml.MoMLSimpleApplication@398acfa6
----------------- Done invoking toplevel() on ptolemy.moml.MoMLSimpleApplication@398acfa6
reloadAllAccessors: .TerminationTransition3

===========================================================================================
----------------- testing Mon Dec 06 02:08:15 UTC 2021 /home/travis/build/icyphy/ptII/ptolemy/domains/modal/test/auto/TerminationTransition4.xml
----------------- Instantiating /home/travis/build/icyphy/ptII/ptolemy/domains/modal/test/auto/TerminationTransition4.xml
5 ms. Memory: 290816K Free: 209685K (72%)
----------------- Invoking toplevel() on ptolemy.moml.MoMLSimpleApplication@5c437da2
----------------- Done invoking toplevel() on ptolemy.moml.MoMLSimpleApplication@5c437da2
reloadAllAccessors: .TerminationTransition4

===========================================================================================
----------------- testing Mon Dec 06 02:08:15 UTC 2021 /home/travis/build/icyphy/ptII/ptolemy/domains/modal/test/auto/TerminationTransition5.xml
----------------- Instantiating /home/travis/build/icyphy/ptII/ptolemy/domains/modal/test/auto/TerminationTransition5.xml
2 ms. Memory: 290816K Free: 195863K (67%)
----------------- Invoking toplevel() on ptolemy.moml.MoMLSimpleApplication@aeaee6d
----------------- Done invoking toplevel() on ptolemy.moml.MoMLSimpleApplication@aeaee6d
reloadAllAccessors: .TerminationTransition5

===========================================================================================
----------------- testing Mon Dec 06 02:08:15 UTC 2021 /home/travis/build/icyphy/ptII/ptolemy/domains/modal/test/auto/TerminationTransition6.xml
----------------- Instantiating /home/travis/build/icyphy/ptII/ptolemy/domains/modal/test/auto/TerminationTransition6.xml
1 ms. Memory: 290816K Free: 187157K (64%)
----------------- Invoking toplevel() on ptolemy.moml.MoMLSimpleApplication@1d805b18
----------------- Done invoking toplevel() on ptolemy.moml.MoMLSimpleApplication@1d805b18
reloadAllAccessors: .TerminationTransition6

===========================================================================================
----------------- testing Mon Dec 06 02:08:15 UTC 2021 /home/travis/build/icyphy/ptII/ptolemy/domains/modal/test/auto/TerminationTransition7.xml
----------------- Instantiating /home/travis/build/icyphy/ptII/ptolemy/domains/modal/test/auto/TerminationTransition7.xml
2 ms. Memory: 290816K Free: 177431K (61%)
----------------- Invoking toplevel() on ptolemy.moml.MoMLSimpleApplication@57c398aa
----------------- Done invoking toplevel() on ptolemy.moml.MoMLSimpleApplication@57c398aa
reloadAllAccessors: .TerminationTransition7

===========================================================================================
----------------- testing Mon Dec 06 02:08:15 UTC 2021 /home/travis/build/icyphy/ptII/ptolemy/domains/modal/test/auto/TerminationTransition8.xml
----------------- Instantiating /home/travis/build/icyphy/ptII/ptolemy/domains/modal/test/auto/TerminationTransition8.xml
2 ms. Memory: 290816K Free: 167701K (58%)
----------------- Invoking toplevel() on ptolemy.moml.MoMLSimpleApplication@54424cf9
----------------- Done invoking toplevel() on ptolemy.moml.MoMLSimpleApplication@54424cf9
reloadAllAccessors: .TerminationTransition8

===========================================================================================
----------------- testing Mon Dec 06 02:08:15 UTC 2021 /home/travis/build/icyphy/ptII/ptolemy/domains/modal/test/auto/Thermostat_NoHysteresis.xml
----------------- Instantiating /home/travis/build/icyphy/ptII/ptolemy/domains/modal/test/auto/Thermostat_NoHysteresis.xml
36 ms. Memory: 290816K Free: 143125K (49%)
----------------- Invoking toplevel() on ptolemy.moml.MoMLSimpleApplication@23f409a7
----------------- Done invoking toplevel() on ptolemy.moml.MoMLSimpleApplication@23f409a7
reloadAllAccessors: .Thermostat_NoHysteresis

===========================================================================================
----------------- testing Mon Dec 06 02:08:15 UTC 2021 /home/travis/build/icyphy/ptII/ptolemy/domains/modal/test/auto/TimedFSM.xml
----------------- Instantiating /home/travis/build/icyphy/ptII/ptolemy/domains/modal/test/auto/TimedFSM.xml
7 ms. Memory: 290816K Free: 131351K (45%)
----------------- Invoking toplevel() on ptolemy.moml.MoMLSimpleApplication@4e4b9ff4
----------------- Done invoking toplevel() on ptolemy.moml.MoMLSimpleApplication@4e4b9ff4
reloadAllAccessors: .TimedFSM

===========================================================================================
----------------- testing Mon Dec 06 02:08:15 UTC 2021 /home/travis/build/icyphy/ptII/ptolemy/domains/modal/test/auto/Timeout1.xml
----------------- Instantiating /home/travis/build/icyphy/ptII/ptolemy/domains/modal/test/auto/Timeout1.xml
3 ms. Memory: 290816K Free: 125702K (43%)
----------------- Invoking toplevel() on ptolemy.moml.MoMLSimpleApplication@64294f57
----------------- Done invoking toplevel() on ptolemy.moml.MoMLSimpleApplication@64294f57
reloadAllAccessors: .Timeout1

===========================================================================================
----------------- testing Mon Dec 06 02:08:15 UTC 2021 /home/travis/build/icyphy/ptII/ptolemy/domains/modal/test/auto/Timeout2.xml
----------------- Instantiating /home/travis/build/icyphy/ptII/ptolemy/domains/modal/test/auto/Timeout2.xml
4 ms. Memory: 290816K Free: 117015K (40%)
----------------- Invoking toplevel() on ptolemy.moml.MoMLSimpleApplication@32bc4241
----------------- Done invoking toplevel() on ptolemy.moml.MoMLSimpleApplication@32bc4241
reloadAllAccessors: .Timeout2

===========================================================================================
----------------- testing Mon Dec 06 02:08:15 UTC 2021 /home/travis/build/icyphy/ptII/ptolemy/domains/modal/test/auto/Timeout3.xml
----------------- Instantiating /home/travis/build/icyphy/ptII/ptolemy/domains/modal/test/auto/Timeout3.xml
2 ms. Memory: 290816K Free: 111895K (38%)
----------------- Invoking toplevel() on ptolemy.moml.MoMLSimpleApplication@5ae39934
----------------- Done invoking toplevel() on ptolemy.moml.MoMLSimpleApplication@5ae39934
reloadAllAccessors: .Timeout3

===========================================================================================
----------------- testing Mon Dec 06 02:08:15 UTC 2021 /home/travis/build/icyphy/ptII/ptolemy/domains/modal/test/auto/Timeout4.xml
----------------- Instantiating /home/travis/build/icyphy/ptII/ptolemy/domains/modal/test/auto/Timeout4.xml
1 ms. Memory: 290816K Free: 106775K (37%)
----------------- Invoking toplevel() on ptolemy.moml.MoMLSimpleApplication@2a5587a6
----------------- Done invoking toplevel() on ptolemy.moml.MoMLSimpleApplication@2a5587a6
reloadAllAccessors: .Timeout4

===========================================================================================
----------------- testing Mon Dec 06 02:08:15 UTC 2021 /home/travis/build/icyphy/ptII/ptolemy/domains/modal/test/auto/TransientstateModelAdvanced.xml
----------------- Instantiating /home/travis/build/icyphy/ptII/ptolemy/domains/modal/test/auto/TransientstateModelAdvanced.xml
3 ms. Memory: 290816K Free: 263020K (90%)
----------------- Invoking toplevel() on ptolemy.moml.MoMLSimpleApplication@3c986910
----------------- Done invoking toplevel() on ptolemy.moml.MoMLSimpleApplication@3c986910
reloadAllAccessors: .TransientstateModelAdvanced

===========================================================================================
----------------- testing Mon Dec 06 02:08:15 UTC 2021 /home/travis/build/icyphy/ptII/ptolemy/domains/modal/test/auto/TransientstateModelAdvanced2.xml
----------------- Instantiating /home/travis/build/icyphy/ptII/ptolemy/domains/modal/test/auto/TransientstateModelAdvanced2.xml
3 ms. Memory: 290816K Free: 248684K (86%)
----------------- Invoking toplevel() on ptolemy.moml.MoMLSimpleApplication@3baccc1e
----------------- Done invoking toplevel() on ptolemy.moml.MoMLSimpleApplication@3baccc1e
reloadAllAccessors: .transientstatemodelAdvanced

===========================================================================================
----------------- testing Mon Dec 06 02:08:15 UTC 2021 /home/travis/build/icyphy/ptII/ptolemy/domains/modal/test/auto/TransitionRefinements.xml
----------------- Instantiating /home/travis/build/icyphy/ptII/ptolemy/domains/modal/test/auto/TransitionRefinements.xml
7 ms. Memory: 290816K Free: 238954K (82%)
----------------- Invoking toplevel() on ptolemy.moml.MoMLSimpleApplication@42ef0e0
----------------- Done invoking toplevel() on ptolemy.moml.MoMLSimpleApplication@42ef0e0
reloadAllAccessors: .TransitionRefinements

===========================================================================================
----------------- testing Mon Dec 06 02:08:15 UTC 2021 /home/travis/build/icyphy/ptII/ptolemy/domains/modal/test/auto/TwoRefinements1.xml
----------------- Instantiating /home/travis/build/icyphy/ptII/ptolemy/domains/modal/test/auto/TwoRefinements1.xml
3 ms. Memory: 290816K Free: 228204K (78%)
----------------- Invoking toplevel() on ptolemy.moml.MoMLSimpleApplication@6b50225
----------------- Done invoking toplevel() on ptolemy.moml.MoMLSimpleApplication@6b50225
reloadAllAccessors: .TwoRefinements1

===========================================================================================
----------------- testing Mon Dec 06 02:08:15 UTC 2021 /home/travis/build/icyphy/ptII/ptolemy/domains/modal/test/auto/TwoRefinements2.xml
----------------- Instantiating /home/travis/build/icyphy/ptII/ptolemy/domains/modal/test/auto/TwoRefinements2.xml
2 ms. Memory: 290816K Free: 217964K (75%)
----------------- Invoking toplevel() on ptolemy.moml.MoMLSimpleApplication@118e5548
----------------- Done invoking toplevel() on ptolemy.moml.MoMLSimpleApplication@118e5548
reloadAllAccessors: .TwoRefinements2

===========================================================================================
----------------- testing Mon Dec 06 02:08:15 UTC 2021 /home/travis/build/icyphy/ptII/ptolemy/domains/modal/test/auto/WeakImmediateTransition.xml
----------------- Instantiating /home/travis/build/icyphy/ptII/ptolemy/domains/modal/test/auto/WeakImmediateTransition.xml
2 ms. Memory: 290816K Free: 209258K (72%)
----------------- Invoking toplevel() on ptolemy.moml.MoMLSimpleApplication@7a6fc39e
----------------- Done invoking toplevel() on ptolemy.moml.MoMLSimpleApplication@7a6fc39e
reloadAllAccessors: .WeakImmediateTransition

===========================================================================================
----------------- testing Mon Dec 06 02:08:15 UTC 2021 /home/travis/build/icyphy/ptII/ptolemy/domains/modal/test/auto/booleanSelect.xml
----------------- Instantiating /home/travis/build/icyphy/ptII/ptolemy/domains/modal/test/auto/booleanSelect.xml
30 ms. Memory: 290816K Free: 191340K (66%)
----------------- Invoking toplevel() on ptolemy.moml.MoMLSimpleApplication@5446c8b3
----------------- Done invoking toplevel() on ptolemy.moml.MoMLSimpleApplication@5446c8b3
reloadAllAccessors: .booleanSelect

===========================================================================================
----------------- testing Mon Dec 06 02:08:15 UTC 2021 /home/travis/build/icyphy/ptII/ptolemy/domains/modal/test/auto/modalChangingParams.xml
----------------- Instantiating /home/travis/build/icyphy/ptII/ptolemy/domains/modal/test/auto/modalChangingParams.xml
0
1
0
2
4
6
8
7
0
2
4
6
8
13
0
2
4
6
8
19
0
2
4
6
8
25
0
2
4
6
8
31
0
2
4
6
8
37
0
2
4
6
8
43
0
2
4
6
8
49
0
2
4
6
8
55
0
2
4
6
8
61
0
2
4
6
8
67
0
2
4
6
8
73
0
2
4
6
8
79
0
2
4
6
8
85
0
2
4
6
8
91
0
2
4
6
8
97
0
2
4
6
8
103
0
2
4
6
8
109
0
2
4
6
8
115
0
2
4
6
8
121
0
2
4
6
8
127
0
2
4
6
8
133
0
2
4
6
8
139
0
2
4
6
8
145
0
2
4
6
8
151
0
2
4
6
8
157
0
2
4
6
8
163
0
2
4
6
8
169
0
2
4
6
8
175
0
2
4
6
8
181
0
2
4
6
8
187
0
2
4
6
8
193
0
2
4
6
8
199
0
2
4
6
8
205
0
2
4
6
8
211
0
2
4
6
8
217
0
2
4
6
8
223
0
2
4
6
8
229
0
2
4
6
8
235
0
2
4
6
8
241
0
2
4
6
8
247
0
2
4
6
8
253
0
2
4
6
8
259
0
2
4
6
8
265
0
2
4
6
8
271
0
2
4
6
8
277
0
2
4
6
8
283
0
2
4
6
8
289
0
2
4
6
8
295
0
2
4
6
8
301
0
2
4
6
8
307
0
2
4
6
8
313
0
2
4
6
8
319
0
2
4
6
8
325
0
2
4
6
8
331
0
2
4
6
8
337
0
2
4
6
8
343
0
2
4
6
8
349
0
2
4
6
8
355
0
2
4
6
8
361
0
2
4
6
8
367
0
2
4
6
8
373
0
2
4
6
8
379
0
2
4
6
8
385
0
2
4
6
8
391
0
2
4
6
8
397
0
2
4
6
8
403
0
2
4
6
8
409
0
2
4
6
8
415
0
2
4
6
8
421
0
2
4
6
8
427
0
2
4
6
8
433
0
2
4
6
8
439
0
2
4
6
8
445
0
2
4
6
8
451
0
2
4
6
8
457
0
2
4
6
8
463
0
2
4
6
8
469
0
2
4
6
8
475
0
2
4
6
8
481
0
2
4
6
8
487
0
2
4
6
8
493
0
2
4
6
8
499
0
2
4
6
8
505
0
2
4
6
8
511
0
2
4
6
8
517
0
2
4
6
8
523
0
2
4
6
8
529
0
2
4
6
8
535
0
2
4
6
8
541
0
2
4
6
8
547
0
2
4
6
8
553
0
2
4
6
8
559
0
2
4
6
8
565
0
2
4
6
8
571
0
2
4
6
8
577
0
2
4
6
8
583
0
2
4
6
8
589
0
2
4
6
8
595
0
2
4
6
8
601
0
2
4
6
8
607
0
2
4
6
8
613
0
2
4
6
8
619
0
2
4
6
8
625
0
2
4
6
8
631
0
2
4
6
8
637
0
2
4
6
8
643
0
2
4
6
8
649
0
2
4
6
8
655
0
2
4
6
8
661
0
2
4
6
8
667
0
2
4
6
8
673
0
2
4
6
8
679
0
2
4
6
8
685
0
2
4
6
8
691
0
2
4
6
8
697
0
2
4
6
8
703
0
2
4
6
8
709
0
2
4
6
8
715
0
2
4
6
8
721
0
2
4
6
8
727
0
2
4
6
8
733
0
2
4
6
8
739
0
2
4
6
8
745
0
2
4
6
8
751
0
2
4
6
8
757
0
2
4
6
8
763
0
2
4
6
8
769
0
2
4
6
8
775
0
2
4
6
8
781
0
2
4
6
8
787
0
2
4
6
8
793
0
2
4
6
8
799
0
2
4
6
8
805
0
2
4
6
8
811
0
2
4
6
8
817
0
2
4
6
8
823
0
2
4
6
8
829
0
2
4
6
8
835
0
2
4
6
8
841
0
2
4
6
8
847
0
2
4
6
8
853
0
2
4
6
8
859
0
2
4
6
8
865
0
2
4
6
8
871
0
2
4
6
8
877
0
2
4
6
8
883
0
2
4
6
8
889
0
2
4
6
8
895
0
2
4
6
8
901
0
2
4
6
8
907
0
2
4
6
8
913
0
2
4
6
8
919
0
2
4
6
8
925
0
2
4
6
8
931
0
2
4
6
8
937
0
2
4
6
8
943
0
2
4
6
8
949
0
2
4
6
8
955
0
2
4
6
8
961
0
2
4
6
8
967
0
2
4
6
8
973
0
2
4
6
8
979
0
2
4
6
8
985
0
2
4
6
8
991
0
2
4
6
8
997
0
2
241 ms. Memory: 349184K Free: 305367K (87%)
----------------- Invoking toplevel() on ptolemy.moml.MoMLSimpleApplication@2836780b
----------------- Done invoking toplevel() on ptolemy.moml.MoMLSimpleApplication@2836780b
reloadAllAccessors: .modalChangingParams

===========================================================================================
----------------- testing Mon Dec 06 02:08:15 UTC 2021 /home/travis/build/icyphy/ptII/ptolemy/domains/modal/test/auto/modalModel.xml
----------------- Instantiating /home/travis/build/icyphy/ptII/ptolemy/domains/modal/test/auto/modalModel.xml
5 ms. Memory: 349184K Free: 296151K (85%)
----------------- Invoking toplevel() on ptolemy.moml.MoMLSimpleApplication@3de4357b
----------------- Done invoking toplevel() on ptolemy.moml.MoMLSimpleApplication@3de4357b
reloadAllAccessors: .modalModel

===========================================================================================
----------------- testing Mon Dec 06 02:08:15 UTC 2021 /home/travis/build/icyphy/ptII/ptolemy/domains/modal/test/auto/modalModel2.xml
----------------- Instantiating /home/travis/build/icyphy/ptII/ptolemy/domains/modal/test/auto/modalModel2.xml
8 ms. Memory: 349184K Free: 285367K (82%)
----------------- Invoking toplevel() on ptolemy.moml.MoMLSimpleApplication@25026db6
----------------- Done invoking toplevel() on ptolemy.moml.MoMLSimpleApplication@25026db6
reloadAllAccessors: .modalModel2

===========================================================================================
----------------- testing Mon Dec 06 02:08:15 UTC 2021 /home/travis/build/icyphy/ptII/ptolemy/domains/modal/test/auto/modalModel3.xml
----------------- Instantiating /home/travis/build/icyphy/ptII/ptolemy/domains/modal/test/auto/modalModel3.xml
0	0	0
3	2	1
6	4	2
9	6	3
4	0	4
7	2	5
10	4	6
13	6	7
8	0	8
11	2	9
14	4	10
17	6	11
12	0	12
15	2	13
18	4	14
17 ms. Memory: 349184K Free: 270551K (77%)
----------------- Invoking toplevel() on ptolemy.moml.MoMLSimpleApplication@e9b91aa
----------------- Done invoking toplevel() on ptolemy.moml.MoMLSimpleApplication@e9b91aa
reloadAllAccessors: .modalModel3

===========================================================================================
----------------- testing Mon Dec 06 02:08:15 UTC 2021 /home/travis/build/icyphy/ptII/ptolemy/domains/modal/test/auto/model1.xml
----------------- Instantiating /home/travis/build/icyphy/ptII/ptolemy/domains/modal/test/auto/model1.xml
9 ms. Memory: 349184K Free: 264903K (76%)
----------------- Invoking toplevel() on ptolemy.moml.MoMLSimpleApplication@4d31c668
----------------- Done invoking toplevel() on ptolemy.moml.MoMLSimpleApplication@4d31c668
reloadAllAccessors: .model1

===========================================================================================
----------------- testing Mon Dec 06 02:08:15 UTC 2021 /home/travis/build/icyphy/ptII/ptolemy/domains/modal/test/auto/test-direct-in-out.xml
----------------- Instantiating /home/travis/build/icyphy/ptII/ptolemy/domains/modal/test/auto/test-direct-in-out.xml
4 ms. Memory: 349184K Free: 257239K (74%)
----------------- Invoking toplevel() on ptolemy.moml.MoMLSimpleApplication@7436a894
----------------- Done invoking toplevel() on ptolemy.moml.MoMLSimpleApplication@7436a894
reloadAllAccessors: .test-direct-in-out
AutoTests.java: About to close Vertx.
AutoTests.java: Vertx closed.
]]></system-out>
  <system-err><![CDATA[java.lang.RuntimeException: Execution failed
	at ptolemy.moml.MoMLSimpleApplication$UnloadThread.run(MoMLSimpleApplication.java:402)
Caused by: ptolemy.kernel.util.IllegalActionException: Unknown inputs remain. Possible causality loop:
L_model_1893289564i

  in .CannotAnalysisWithPreemption.model_1893289564_region_1 and .CannotAnalysisWithPreemption.model_1893289564_region_1.L_model_1893289564i
	at ptolemy.actor.sched.FixedPointDirector.postfire(FixedPointDirector.java:515)
	at ptolemy.domains.sr.kernel.SRDirector.postfire(SRDirector.java:417)
	at ptolemy.actor.CompositeActor.postfire(CompositeActor.java:1668)
	at ptolemy.actor.Manager.iterate(Manager.java:852)
	at ptolemy.actor.Manager.execute(Manager.java:369)
	at ptolemy.actor.Manager.run(Manager.java:1263)
	at ptolemy.actor.Manager$PtolemyRunThread.run(Manager.java:1933)
java.lang.reflect.InvocationTargetException
	at java.base/jdk.internal.reflect.NativeConstructorAccessorImpl.newInstance0(Native Method)
	at java.base/jdk.internal.reflect.NativeConstructorAccessorImpl.newInstance(NativeConstructorAccessorImpl.java:62)
	at java.base/jdk.internal.reflect.DelegatingConstructorAccessorImpl.newInstance(DelegatingConstructorAccessorImpl.java:45)
	at java.base/java.lang.reflect.Constructor.newInstance(Constructor.java:490)
	at ptolemy.util.test.junit.AutoKnownFailedTests.RunModel(AutoKnownFailedTests.java:105)
	at java.base/jdk.internal.reflect.NativeMethodAccessorImpl.invoke0(Native Method)
	at java.base/jdk.internal.reflect.NativeMethodAccessorImpl.invoke(NativeMethodAccessorImpl.java:62)
	at java.base/jdk.internal.reflect.DelegatingMethodAccessorImpl.invoke(DelegatingMethodAccessorImpl.java:43)
	at java.base/java.lang.reflect.Method.invoke(Method.java:566)
	at org.junit.runners.model.FrameworkMethod$1.runReflectiveCall(FrameworkMethod.java:44)
	at org.junit.internal.runners.model.ReflectiveCallable.run(ReflectiveCallable.java:15)
	at org.junit.runners.model.FrameworkMethod.invokeExplosively(FrameworkMethod.java:41)
	at junitparams.internal.InvokeParameterisedMethod.evaluate(InvokeParameterisedMethod.java:102)
	at org.junit.internal.runners.statements.FailOnTimeout$1.run(FailOnTimeout.java:28)
Caused by: ptolemy.kernel.util.IllegalActionException: Unknown inputs remain. Possible causality loop:
L_model_1893289564i

  in .CannotAnalysisWithPreemption.model_1893289564_region_1 and .CannotAnalysisWithPreemption.model_1893289564_region_1.L_model_1893289564i
	at ptolemy.actor.sched.FixedPointDirector.postfire(FixedPointDirector.java:515)
	at ptolemy.domains.sr.kernel.SRDirector.postfire(SRDirector.java:417)
	at ptolemy.actor.CompositeActor.postfire(CompositeActor.java:1668)
	at ptolemy.actor.Manager.iterate(Manager.java:852)
	at ptolemy.actor.Manager.execute(Manager.java:369)
	at ptolemy.actor.Manager.run(Manager.java:1263)
	at ptolemy.actor.Manager$PtolemyRunThread.run(Manager.java:1933)
]]></system-err>
</testsuite>
