<?xml version="1.0" encoding="UTF-8" ?>
<testsuite errors="0" failures="1" hostname="travis-job-3a4b2745-5c49-4bfc-8fb2-ee7df4a488bf" name="ptolemy.actor.lib.test.junit.JUnitTclTest" skipped="0" tests="517" time="70.516" timestamp="2019-09-16T05:47:31">
  <properties>
    <property name="npm.executable" value="npm" />
    <property name="env.TRAVIS_ROOT" value="/" />
    <property name="ptII.mk.exists" value="true" />
    <property name="env.TRAVIS_APP_HOST" value="build.travis-ci.org" />
    <property name="env.rvm_bin_path" value="/home/travis/.rvm/bin" />
    <property name="java.home" value="/usr/local/lib/jvm/openjdk11" />
    <property name="env.TRAVIS_JOB_NUMBER" value="1331.8" />
    <property name="env.TRAVIS_HOME" value="/home/travis" />
    <property name="env.DISPLAY" value=":99.0" />
    <property name="env.TRAVIS_INIT" value="systemd" />
    <property name="env.SSH_TTY" value="/dev/pts/0" />
    <property name="java.net.preferIPv4Stack" value="true" />
    <property name="env.RUN_TESTS" value="true" />
    <property name="timeout.short" value="1000000" />
    <property name="junit.formatter" value="xml" />
    <property name="env.TRAVIS_SUDO" value="true" />
    <property name="env.TRAVIS_JOB_NAME" value="" />
    <property name="env.TRAVIS_STACK_NODE_ATTRIBUTES" value="/.node-attributes.yml" />
    <property name="env.LOGNAME" value="travis" />
    <property name="env.PT_TRAVIS_TEST_CORE1_XML" value="true" />
    <property name="jsdoc.home" value="node_modules/@terraswarm/jsdoc" />
    <property name="debuglevel" value="source,lines,vars" />
    <property name="checkstyle.formatter" value="xml" />
    <property name="env._system_version" value="16.04" />
    <property name="bin.vergil.makeable" value="true" />
    <property name="sun.os.patch.level" value="unknown" />
    <property name="java.vendor.url" value="http://java.oracle.com/" />
    <property name="env.TRAVIS_BUILD_WEB_URL" value="https://travis-ci.org/icyphy/ptII/builds/585410458" />
    <property name="java.version" value="11.0.2" />
    <property name="env.TZ" value="UTC" />
    <property name="env.TRAVIS_PULL_REQUEST_SHA" value="" />
    <property name="env.PT_NO_NET" value="true" />
    <property name="env.TRAVIS_SECURE_ENV_VARS" value="true" />
    <property name="env._system_type" value="Linux" />
    <property name="java.vendor.url.bug" value="http://bugreport.java.com/bugreport/" />
    <property name="npmjs-org-is-up" value="true" />
    <property name="env.LANGUAGE" value="en_US.UTF-8" />
    <property name="env.SSH_CLIENT" value="10.24.29.4 36458 22" />
    <property name="env.GEM_HOME" value="/home/travis/.rvm/gems/ruby-2.5.3" />
    <property name="env.HAS_ANTARES_THREE_LITTLE_FRONZIES_BADGE" value="true" />
    <property name="java.version.date" value="2019-01-15" />
    <property name="env.PS4" value="+" />
    <property name="ant.project.invoked-targets" value="build,test.core1.xml" />
    <property name="env.TRAVIS_PULL_REQUEST_BRANCH" value="" />
    <property name="env.TRAVIS_REPO_SLUG" value="icyphy/ptII" />
    <property name="env.XDG_DATA_DIRS" value="/usr/local/share:/usr/share:/var/lib/snapd/desktop" />
    <property name="jdk.debug" value="release" />
    <property name="env.TRAVIS_APT_PROXY" value="http://apt.cache.travis-ci.com" />
    <property name="node.in.path" value="true" />
    <property name="user.name" value="travis" />
    <property name="java.maxmemory" value="1400m" />
    <property name="env.RUBY_VERSION" value="ruby-2.5.3" />
    <property name="env.LANG" value="en_US.UTF-8" />
    <property name="sun.io.unicode.encoding" value="UnicodeLittle" />
    <property name="sun.jnu.encoding" value="UTF-8" />
    <property name="java.runtime.name" value="OpenJDK Runtime Environment" />
    <property name="usefile" value="false" />
    <property name="return.code" value="0" />
    <property name="junit.single.formatter" value="plain" />
    <property name="env.DYLD_LIBRARY_PATH" value="/home/travis/pthla/certi-tools/lib:" />
    <property name="env.DEBIAN_FRONTEND" value="noninteractive" />
    <property name="env.SSH_CONNECTION" value="10.24.29.4 36458 10.20.1.155 22" />
    <property name="env.MYSQL_UNIX_PORT" value="/var/run/mysqld/mysqld.sock" />
    <property name="env.LC_ALL" value="en_US.UTF-8" />
    <property name="env.TRAVIS_ALLOW_FAILURE" value="false" />
    <property name="env.TRAVIS_JOB_WEB_URL" value="https://travis-ci.org/icyphy/ptII/jobs/585410470" />
    <property name="java.specification.name" value="Java Platform API Specification" />
    <property name="node.works" value="true" />
    <property name="user.timezone" value="" />
    <property name="path.separator" value=":" />
    <property name="env.TRAVIS_ENABLE_INFRA_DETECTION" value="true" />
    <property name="env.PYTHON_CFLAGS" value="-g -fstack-protector --param=ssp-buffer-size=4 -Wformat -Werror=format-security" />
    <property name="timeout.long" value="4000000" />
    <property name="env.CERTI_HOME" value="/home/travis/pthla/certi-tools" />
    <property name="ant.file.ptII" value="/home/travis/build/icyphy/ptII/build.xml" />
    <property name="javadoc.packagenames" value="com.*,diva.*,lbnl.*,org.hlacerti.*,org.json.*,org.ptolemy.*,org.terraswarm.*,ptolemy.*,ptserver.*" />
    <property name="file.encoding" value="UTF-8" />
    <property name="env.TRAVIS_PULL_REQUEST_SLUG" value="" />
    <property name="ant.project.default-target" value="build" />
    <property name="env.GIT_ASKPASS" value="echo" />
    <property name="env.HOME" value="/home/travis" />
    <property name="sun.java.command" value="org.apache.tools.ant.taskdefs.optional.junit.JUnitTestRunner ptolemy.actor.lib.test.junit.JUnitTclTest skipNonTests=false filtertrace=true haltOnError=false haltOnFailure=false formatter=org.apache.tools.ant.taskdefs.optional.junit.OutErrSummaryJUnitResultFormatter showoutput=true outputtoformatters=true logfailedtests=true threadid=0 logtestlistenerevents=false formatter=org.apache.tools.ant.taskdefs.optional.junit.XMLJUnitResultFormatter,/home/travis/build/icyphy/ptII/reports/junit/TEST-ptolemy.actor.lib.test.junit.JUnitTclTest.xml crashfile=/home/travis/build/icyphy/ptII/junitvmwatcher8880363853794235724.properties propsfile=/home/travis/build/icyphy/ptII/junit4289409345348767605.properties" />
    <property name="env.COMPOSER_NO_INTERACTION" value="1" />
    <property name="env.MANPATH" value="/home/travis/.nvm/versions/node/v7.10.1/share/man:/home/travis/.rvm/rubies/ruby-2.5.3/share/man:/usr/local/cmake-3.12.4/man:/usr/local/clang-7.0.0/share/man:/usr/local/man:/usr/local/share/man:/usr/share/man:/home/travis/.rvm/man" />
    <property name="env.TRAVIS_TIMER_ID" value="0a284b62" />
    <property name="ant.file" value="/home/travis/build/icyphy/ptII/build.xml" />
    <property name="env.TRAVIS_COMMIT_RANGE" value="bc7bfed3151ace78f6177b95f8054c233d74f1bf...1691c4a63a7f6e8f7441362a7c71a7ee30ba8bb1" />
    <property name="env._system_name" value="Ubuntu" />
    <property name="ptII.classpath.optional.property" value="/home/travis/build/icyphy/ptII/lib/bsh-2.0b4.jar:/home/travis/build/icyphy/ptII/lib/ptCal.jar:/home/travis/build/icyphy/ptII/lib/java_cup.jar:/home/travis/build/icyphy/ptII/lib/saxon8.jar:/home/travis/build/icyphy/ptII/lib/saxon8-dom.jar:/home/travis/build/icyphy/ptII/lib/chic.jar:/home/travis/build/icyphy/ptII/lib/ptcolt.jar:/home/travis/build/icyphy/ptII/vendors/misc/itext/iText.jar:/home/travis/build/icyphy/ptII/lib/g4ltl.jar:/home/travis/build/icyphy/ptII/lib/StructuralCoder.jar:/home/travis/build/icyphy/ptII/lib/jcerti.jar:/home/travis/build/icyphy/ptII/lib/javax.mail.jar:/home/travis/build/icyphy/ptII/vendors/JMF-2.1.1e/lib/jmf.jar:/home/travis/build/icyphy/ptII/lib/jna-4.0.0-variadic.jar:/home/travis/build/icyphy/ptII/vendors/misc/joystick/Joystick.jar:/home/travis/build/icyphy/ptII/lib/ptjacl.jar:/home/travis/build/icyphy/ptII/lib/jsoup-1.8.2.jar:/home/travis/build/icyphy/ptII/lib/junit-4.8.2.jar:/home/travis/build/icyphy/ptII/lib/JUnitParams-0.4.0.jar:/home/travis/build/icyphy/ptII/ptolemy/actor/lib/excel/jxl.jar:/home/travis/build/icyphy/ptII/lib/jython.jar:/home/travis/build/icyphy/ptII/lib/kieler.jar:/home/travis/build/icyphy/ptII/vendors/opencv/share/OpenCV/java/opencv-341.jar:/home/travis/build/icyphy/ptII/lib/oscP5.jar:/home/travis/build/icyphy/ptII/lib/nrjavaserial-3.11.0.devel.jar:/home/travis/build/icyphy/ptII/vendors/j3d/lib/Linux/j3dcore.jar:/home/travis/build/icyphy/ptII/vendors/j3d/lib/Linux/j3dutils.jar:/home/travis/build/icyphy/ptII/vendors/j3d/lib/Linux/vecmath.jar:/home/travis/build/icyphy/ptII/vendors/jogl/lib/Linux/gluegen-rt-natives-linux-amd64.jar:/home/travis/build/icyphy/ptII/vendors/jogl/lib/Linux/gluegen-rt.jar:/home/travis/build/icyphy/ptII/vendors/jogl/lib/Linux/jogl-all-natives-linux-amd64.jar:/home/travis/build/icyphy/ptII/vendors/jogl/lib/Linux/jogl-all.jar:/home/travis/build/icyphy/ptII/ptolemy/distributed/jini/jar/jini-core.jar:/home/travis/build/icyphy/ptII/ptolemy/distributed/jini/jar/jini-ext.jar:/home/travis/build/icyphy/ptII/ptolemy/distributed/jini/jar/sun-util.jar:/home/travis/build/icyphy/ptII/lib/protobuf-java-2.4.1.jar:/home/travis/build/icyphy/ptII/lib/org.eclipse.paho.client.mqttv3.jar:/home/travis/build/icyphy/ptII/lib/mapss.jar:/home/travis/build/icyphy/ptII/ptolemy/actor/ptalon/antlr/antlr.jar:/home/travis/build/icyphy/ptII/lib/JRI.jar:/home/travis/build/icyphy/ptII/lib/commons-lang-2.6.jar:/home/travis/build/icyphy/ptII/lib/commons-logging-1.1.1.jar:/home/travis/build/icyphy/ptII/lib/sootclasses.jar:/home/travis/build/icyphy/ptII/ptolemy/actor/lib/database/mysql-connector-java-5.1.6-bin.jar:/home/travis/build/icyphy/ptII/vendors/misc/sphinx4/sphinx4-data-5prealpha.jar:/home/travis/build/icyphy/ptII/vendors/misc/sphinx4/sphinx4-core-5prealpha.jar:/home/travis/build/icyphy/ptII/lib/PDFRenderer.jar:/home/travis/build/icyphy/ptII/lib/svgSalamander.jar:/home/travis/build/icyphy/ptII/lib/rsyntaxtextarea-2.6.0-SNAPSHOT.jar:/home/travis/build/icyphy/ptII/lib/hazelcast-3.8.2.jar:/home/travis/build/icyphy/ptII/lib/jackson-annotations-2.9.0.jar:/home/travis/build/icyphy/ptII/lib/jackson-core-2.9.3.jar:/home/travis/build/icyphy/ptII/lib/jackson-databind-2.9.3.jar:/home/travis/build/icyphy/ptII/lib/netty-buffer-4.1.19.Final.jar:/home/travis/build/icyphy/ptII/lib/netty-codec-4.1.19.Final.jar:/home/travis/build/icyphy/ptII/lib/netty-codec-dns-4.1.19.Final.jar:/home/travis/build/icyphy/ptII/lib/netty-codec-http-4.1.19.Final.jar:/home/travis/build/icyphy/ptII/lib/netty-codec-http2-4.1.19.Final.jar:/home/travis/build/icyphy/ptII/lib/netty-common-4.1.19.Final.jar:/home/travis/build/icyphy/ptII/lib/netty-handler-4.1.19.Final.jar:/home/travis/build/icyphy/ptII/lib/netty-resolver-4.1.19.Final.jar:/home/travis/build/icyphy/ptII/lib/netty-resolver-dns-4.1.19.Final.jar:/home/travis/build/icyphy/ptII/lib/netty-transport-4.1.19.Final.jar:/home/travis/build/icyphy/ptII/lib/vertx-codegen-3.5.1.jar:/home/travis/build/icyphy/ptII/lib/vertx-core-3.5.2-SNAPSHOT.jar:/home/travis/build/icyphy/ptII/lib/vertx-hazelcast-3.5.1.jar:/home/travis/build/icyphy/ptII/lib/vertx-lang-js-3.5.1.jar:/home/travis/build/icyphy/ptII/lib/vertx-service-proxy-3.5.1.jar:/home/travis/build/icyphy/ptII/lib/vertx-web-3.5.1.jar:/home/travis/build/icyphy/ptII/lib/slf4j-api-1.7.13.jar:/home/travis/build/icyphy/ptII/lib/slf4j-simple-1.7.13.jar:/home/travis/build/icyphy/ptII/lib/webcam-capture-0.3.12.jar:/home/travis/build/icyphy/ptII/lib/bridj-0.7.0.jar:/home/travis/build/icyphy/ptII/lib/xbjlib-1.1.0.nrjavaserial.jar" />
    <property name="timeout" value="2400000" />
    <property name="test.batch" value="**/junit/*.java" />
    <property name="env._" value="/usr/bin/timeout" />
    <property name="java.io.tmpdir" value="/tmp" />
    <property name="user.language" value="en" />
    <property name="env.TRAVIS_INTERNAL_RUBY_REGEX" value="^ruby-(2\.[0-4]\.[0-9]|1\.9\.3)" />
    <property name="env.HISTCONTROL" value="ignoredups:ignorespace" />
    <property name="env.GOROOT" value="/home/travis/.gimme/versions/go1.11.1.linux.amd64" />
    <property name="line.separator" value="&#xa;" />
    <property name="target" value="11" />
    <property name="env.TRAVIS_BUILD_DIR" value="/home/travis/build/icyphy/ptII" />
    <property name="env.ANT_OPTS" value="-Xmx2048m" />
    <property name="ant.file.type" value="file" />
    <property name="ptolemy.ptII.batchMode" value="true" />
    <property name="env.HISTSIZE" value="1000" />
    <property name="env.MERB_ENV" value="test" />
    <property name="java.vm.info" value="mixed mode" />
    <property name="source" value="11" />
    <property name="java.vm.specification.name" value="Java Virtual Machine Specification" />
    <property name="env.TRAVIS_TEST_RESULT" value="0" />
    <property name="jsdoc.command" value="node_modules/@terraswarm/jsdoc/jsdoc.js" />
    <property name="npm.works" value="true" />
    <property name="cobertura.dir" value="/home/travis/build/icyphy/ptII/vendors/cobertura-2.0.3" />
    <property name="jsdoc.command.exists" value="true" />
    <property name="env.rvm_path" value="/home/travis/.rvm" />
    <property name="env.GEM_PATH" value="/home/travis/.rvm/gems/ruby-2.5.3:/home/travis/.rvm/gems/ruby-2.5.3@global" />
    <property name="env.LC_CTYPE" value="en_US.UTF-8" />
    <property name="env.TRAVIS_CMD" value="$PTII/bin/ptIITravisBuild.sh $SECONDS" />
    <property name="java.awt.printerjob" value="sun.print.PSPrinterJob" />
    <property name="env.TRAVIS_STACK_NAME" value="sardonyx" />
    <property name="env.TRAVIS_TIMER_START_TIME" value="1568612113901075522" />
    <property name="ant.version" value="Apache Ant(TM) version 1.10.1 compiled on February 2 2017" />
    <property name="ptII.reports" value="/home/travis/build/icyphy/ptII/reports" />
    <property name="env.TRAVIS_STACK_TIMESTAMP" value="2019-03-25 16:16:56 UTC" />
    <property name="ant.file.type.ptII" value="file" />
    <property name="env.RBENV_SHELL" value="bash" />
    <property name="os.name" value="Linux" />
    <property name="java.specification.vendor" value="Oracle Corporation" />
    <property name="env.rvm_version" value="1.29.7 (latest)" />
    <property name="env.TRAVIS_INFRA" value="gce" />
    <property name="env.TERM" value="xterm" />
    <property name="java.vm.name" value="OpenJDK 64-Bit Server VM" />
    <property name="env.TRAVIS_BUILD_NUMBER" value="1331" />
    <property name="env.CI" value="true" />
    <property name="java.library.path" value="/home/travis/pthla/certi-tools/lib:/usr/lib/jni:/usr/local/share/OpenCV/java/:/usr/share/OpenCV/java::/usr/java/packages/lib:/usr/lib64:/lib64:/lib:/usr/lib" />
    <property name="jdk.module.path" value="/home/travis/build/icyphy/ptII/vendors/javafx/javafx-sdk-11.0.2/lib:" />
    <property name="env.rvm_prefix" value="/home/travis" />
    <property name="env.PATH" value="/home/travis/pthla/certi-tools/share/scripts:/home/travis/.rvm/gems/ruby-2.5.3/bin:/home/travis/.rvm/gems/ruby-2.5.3@global/bin:/home/travis/.rvm/rubies/ruby-2.5.3/bin:/home/travis/.rvm/bin:/home/travis/.nvm/versions/node/v7.10.1/bin:./node_modules/.bin:/home/travis/build/icyphy/ptII/bin:/home/travis/pthla/certi-tools/bin:/home/travis/bin:/home/travis/.local/bin:/usr/local/lib/jvm/openjdk11/bin:/opt/pyenv/shims:/home/travis/.phpenv/shims:/home/travis/perl5/perlbrew/bin:/home/travis/gopath/bin:/home/travis/.gimme/versions/go1.11.1.linux.amd64/bin:/usr/local/maven-3.6.0/bin:/usr/local/cmake-3.12.4/bin:/usr/local/clang-7.0.0/bin:/usr/local/sbin:/usr/local/bin:/usr/sbin:/usr/bin:/sbin:/bin:/snap/bin:/home/travis/.phpenv/bin:/opt/pyenv/bin:/home/travis/.yarn/bin" />
    <property name="env.TRAVIS_OS_NAME" value="linux" />
    <property name="ant.java.version" value="9" />
    <property name="basedir" value="/home/travis/build/icyphy/ptII" />
    <property name="java.class.version" value="55.0" />
    <property name="env.SHLVL" value="3" />
    <property name="env.LD_LIBRARY_PATH" value="/home/travis/pthla/certi-tools/lib:/usr/lib/jni:/usr/local/share/OpenCV/java/:/usr/share/OpenCV/java:" />
    <property name="env.RACK_ENV" value="test" />
    <property name="ant.home" value="/home/travis/build/icyphy/ptII/ant" />
    <property name="env.NVM_DIR" value="/home/travis/.nvm" />
    <property name="env.CERTI_FOM_PATH" value="/home/travis/pthla/certi-tools/share/federations" />
    <property name="env.TRAVIS_BUILD_ID" value="585410458" />
    <property name="env.PYENV_ROOT" value="/opt/pyenv" />
    <property name="env.TRAVIS_UID" value="2000" />
    <property name="prism.verbose" value="true" />
    <property name="env.NVM_BIN" value="/home/travis/.nvm/versions/node/v7.10.1/bin" />
    <property name="env.TRAVIS_COMMIT" value="1691c4a63a7f6e8f7441362a7c71a7ee30ba8bb1" />
    <property name="env._system_arch" value="x86_64" />
    <property name="node.executable" value="node" />
    <property name="sun.boot.library.path" value="/usr/local/lib/jvm/openjdk11/lib" />
    <property name="sun.management.compiler" value="HotSpot 64-Bit Tiered Compilers" />
    <property name="java.awt.graphicsenv" value="sun.awt.X11GraphicsEnvironment" />
    <property name="env.GOPATH" value="/home/travis/gopath" />
    <property name="ptolemy.ptII.dir" value="/home/travis/build/icyphy/ptII" />
    <property name="env.USER" value="travis" />
    <property name="env.HISTFILESIZE" value="2000" />
    <property name="timeout.longest" value="19000000" />
    <property name="env.PERLBREW_SHELLRC_VERSION" value="0.86" />
    <property name="env.TRAVIS_STACK_FEATURES" value="basic couchdb disabled-ipv6 docker docker-compose elasticsearch firefox go-toolchain google-chrome jdk memcached mongodb mysql nodejs_interpreter perl_interpreter perlbrew phantomjs postgresql python_interpreter redis ruby_interpreter sqlite xserver" />
    <property name="env.TRAVIS_PULL_REQUEST" value="false" />
    <property name="env.PYENV_SHELL" value="bash" />
    <property name="ant.project.name" value="ptII" />
    <property name="env.ANSI_RESET" value="\033[0m" />
    <property name="java.vm.specification.version" value="11" />
    <property name="env.TRAVIS_DIST" value="xenial" />
    <property name="env.CERTI_VERSION" value="4.0.0" />
    <property name="env.CERTI_HOST" value="localhost" />
    <property name="awt.toolkit" value="sun.awt.X11.XToolkit" />
    <property name="env.MY_RUBY_HOME" value="/home/travis/.rvm/rubies/ruby-2.5.3" />
    <property name="sun.cpu.isalist" value="" />
    <property name="env.TRAVIS_TMPDIR" value="/tmp/tmp.0s3yFJjuPv" />
    <property name="java.vm.compressedOopsMode" value="Zero based" />
    <property name="os.version" value="4.15.0-1028-gcp" />
    <property name="user.home" value="/home/travis" />
    <property name="java.vm.vendor" value="Oracle Corporation" />
    <property name="env.TRAVIS_TAG" value="nightly" />
    <property name="env.ANSI_YELLOW" value="\033[33;1m" />
    <property name="env.TRAVIS_FILTERED" value="redirect_io" />
    <property name="env.ANSI_GREEN" value="\033[32;1m" />
    <property name="env.JAVA_HOME" value="/usr/local/lib/jvm/openjdk11" />
    <property name="javadoc.excludepackagenames" value="adm.cvs2svn.*,build.*,config.*,doc.coding.templates.*,jni.test.jni.meaningOfLife.*,jni.test.jni.testDeux.*,jni.test.jni.testTrois.*,org.terraswarm.accessor.accessors.web.node_modules.*,org.terraswarm.accessor.accessors.web.hosts.cordova.demo.*,org.terraswarm.accessor.accessors.web.hosts.cordova.plugins.*,org.terraswarm.accessor.accessors-svn.*,pt-modules.*,ptolemy.apps.agilent.*,ptolemy.apps.anytimecontrol.*,ptolemy.apps.apes.*,ptolemy.apps.charon.*,ptolemy.apps.crazyboard.*,ptolemy.apps.eclipse.*,ptolemy.apps.etherealSting.*,ptolemy.apps.fullscreen.*,ptolemy.apps.giotto.*,ptolemy.apps.ia.*,ptolemy.apps.interfaces.*,ptolemy.apps.jmf.*,ptolemy.apps.kurt.*,ptolemy.apps.kvm.*,ptolemy.apps.lego.*,ptolemy.apps.lejos.*,ptolemy.apps.midp.*,ptolemy.apps.mobileCoding.*,ptolemy.apps.pendulum.*,ptolemy.apps.rijndael.*,ptolemy.apps.robot.*,ptolemy.apps.security.*,ptolemy.apps.sobel.*,ptolemy.apps.soot.*,ptolemy.apps.throttle.*,ptolemy.apps.tini.*,ptolemy.apps.transmission.*,ptolemy.apps.vergil.*,ptolemy.apps.waba.*,ptolemy.apps.websensor.*,ptolemy.apps.webstart.*,ptolemy.apps.xsl.*,ptolemy.apps.zaurus.*,ptolemy.codegen.c.actor.lib.oldJavaFiles.*,ptolemy.codegen.dsp.lib.*,ptolemy.codegen.kernel.newInterfaces.*,ptolemy.codegen.lib.*,ptolemy.copernicus.kernel.fragment.*,ptolemy.copernicus.shallow.cg.*,ptolemy.domains.giotto.demo.Hierarchy.Hierarchy.*,ptolemy.domains.giotto.demo.Multimode.Multimode.*,ptolemy.domains.giotto.demo.Simple.Simple.*,ptolemy.domains.gr.lib.experimental.*,ptolemy.domains.gro.*,ptolemy.domains.pdf.*,ptolemy.domains.ptinyos.demo.Surge.output.*,ptolemy.moml.test.NoPackageActor.java*,ptolemy.plot.adm.*,ptolemy.plot.servlet.*,reports.*,signed.*,src.*,target.*,vendors.*,ptolemy.copernicus.applet.*,ptolemy.media.viewer.*,ptolemy.actor.corba.*,doc.doclets.*,ptolemy.apps.eclipse.awt.*,ptolemy.backtrack.*,ptolemy.backtrack.ast.*,ptolemy.cg.adapter.generic.program.procedural.c.mbed*,ptolemy.homer.*,ptolemy.actor.lib.jai.*,org.ptolemy.scala.*,diva.util.java2d.svg.*,ptolemy.domains.ptinyos.*,ptolemy.actor.lib.fmi.fmipp.*,,org.terraswarm.accessor.accessors.web.node_modules.*,org.terraswarm.accessor.accessors-svn,ptolemy.apps.*,ptolemy.actor.ptalon.demo.ptinyos.SendAndReceiveCnt.output,ptolemy.actor.ptalon.demo.ptinyos.SenseToLeds.output,ptolemy.domains.ptinyos.demo.CntToLedsAndRfm.output,ptolemy.domains.ptinyos.demo.RfmToLeds.output,ptolemy.domains.ptinyos.demo.SendAndReceiveCnt.output,ptolemy.domains.ptinyos.demo.SenseToLeds.output,ptolemy.actor.lib.jjs.modules.udpSocket.*" />
    <property name="env.PTII" value="/home/travis/build/icyphy/ptII" />
    <property name="env.XDG_SESSION_ID" value="2" />
    <property name="keystore" value="ptKeystore" />
    <property name="env.TRAVIS_COMMIT_MESSAGE" value="Use --release 8 instead of -target 8 -release 8 because --release 8 includes -target 8." />
    <property name="junit.output.dir" value="/home/travis/build/icyphy/ptII/reports/junit" />
    <property name="npm.return.code" value="0" />
    <property name="user.dir" value="/home/travis/build/icyphy/ptII/ptolemy/actor/lib/test" />
    <property name="env.TRAVIS_NODE_VERSION" value="7" />
    <property name="env.TRAVIS_EVENT_TYPE" value="cron" />
    <property name="env.MAIL" value="/var/mail/travis" />
    <property name="env.PERLBREW_ROOT" value="/home/travis/perl5/perlbrew" />
    <property name="env.PWD" value="/home/travis/build/icyphy/ptII" />
    <property name="timeout.npm" value="45000" />
    <property name="env.TRAVIS_ARCH" value="amd64" />
    <property name="sun.cpu.endian" value="little" />
    <property name="env.PAGER" value="cat" />
    <property name="env.TRAVIS_BUILD_STAGE_NAME" value="Test" />
    <property name="env.PERLBREW_HOME" value="/home/travis/.perlbrew" />
    <property name="java.vm.version" value="11.0.2+9" />
    <property name="env.RAILS_ENV" value="test" />
    <property name="java.class.path" value="/home/travis/.ptolemyII:/home/travis/.ptolemyII/*:/home/travis/build/icyphy/ptII:/home/travis/build/icyphy/ptII/lib/bsh-2.0b4.jar:/home/travis/build/icyphy/ptII/lib/ptCal.jar:/home/travis/build/icyphy/ptII/lib/java_cup.jar:/home/travis/build/icyphy/ptII/lib/saxon8.jar:/home/travis/build/icyphy/ptII/lib/saxon8-dom.jar:/home/travis/build/icyphy/ptII/lib/chic.jar:/home/travis/build/icyphy/ptII/lib/ptcolt.jar:/home/travis/build/icyphy/ptII/vendors/misc/itext/iText.jar:/home/travis/build/icyphy/ptII/lib/g4ltl.jar:/home/travis/build/icyphy/ptII/lib/StructuralCoder.jar:/home/travis/build/icyphy/ptII/lib/jcerti.jar:/home/travis/build/icyphy/ptII/lib/javax.mail.jar:/home/travis/build/icyphy/ptII/vendors/JMF-2.1.1e/lib/jmf.jar:/home/travis/build/icyphy/ptII/lib/jna-4.0.0-variadic.jar:/home/travis/build/icyphy/ptII/vendors/misc/joystick/Joystick.jar:/home/travis/build/icyphy/ptII/lib/ptjacl.jar:/home/travis/build/icyphy/ptII/lib/jsoup-1.8.2.jar:/home/travis/build/icyphy/ptII/lib/junit-4.8.2.jar:/home/travis/build/icyphy/ptII/lib/JUnitParams-0.4.0.jar:/home/travis/build/icyphy/ptII/ptolemy/actor/lib/excel/jxl.jar:/home/travis/build/icyphy/ptII/lib/jython.jar:/home/travis/build/icyphy/ptII/lib/kieler.jar:/home/travis/build/icyphy/ptII/vendors/opencv/share/OpenCV/java/opencv-341.jar:/home/travis/build/icyphy/ptII/lib/oscP5.jar:/home/travis/build/icyphy/ptII/lib/nrjavaserial-3.11.0.devel.jar:/home/travis/build/icyphy/ptII/vendors/j3d/lib/Linux/j3dcore.jar:/home/travis/build/icyphy/ptII/vendors/j3d/lib/Linux/j3dutils.jar:/home/travis/build/icyphy/ptII/vendors/j3d/lib/Linux/vecmath.jar:/home/travis/build/icyphy/ptII/vendors/jogl/lib/Linux/gluegen-rt-natives-linux-amd64.jar:/home/travis/build/icyphy/ptII/vendors/jogl/lib/Linux/gluegen-rt.jar:/home/travis/build/icyphy/ptII/vendors/jogl/lib/Linux/jogl-all-natives-linux-amd64.jar:/home/travis/build/icyphy/ptII/vendors/jogl/lib/Linux/jogl-all.jar:/home/travis/build/icyphy/ptII/ptolemy/distributed/jini/jar/jini-core.jar:/home/travis/build/icyphy/ptII/ptolemy/distributed/jini/jar/jini-ext.jar:/home/travis/build/icyphy/ptII/ptolemy/distributed/jini/jar/sun-util.jar:/home/travis/build/icyphy/ptII/lib/protobuf-java-2.4.1.jar:/home/travis/build/icyphy/ptII/lib/org.eclipse.paho.client.mqttv3.jar:/home/travis/build/icyphy/ptII/lib/mapss.jar:/home/travis/build/icyphy/ptII/ptolemy/actor/ptalon/antlr/antlr.jar:/home/travis/build/icyphy/ptII/lib/JRI.jar:/home/travis/build/icyphy/ptII/lib/commons-lang-2.6.jar:/home/travis/build/icyphy/ptII/lib/commons-logging-1.1.1.jar:/home/travis/build/icyphy/ptII/lib/sootclasses.jar:/home/travis/build/icyphy/ptII/ptolemy/actor/lib/database/mysql-connector-java-5.1.6-bin.jar:/home/travis/build/icyphy/ptII/vendors/misc/sphinx4/sphinx4-data-5prealpha.jar:/home/travis/build/icyphy/ptII/vendors/misc/sphinx4/sphinx4-core-5prealpha.jar:/home/travis/build/icyphy/ptII/lib/PDFRenderer.jar:/home/travis/build/icyphy/ptII/lib/svgSalamander.jar:/home/travis/build/icyphy/ptII/lib/rsyntaxtextarea-2.6.0-SNAPSHOT.jar:/home/travis/build/icyphy/ptII/lib/hazelcast-3.8.2.jar:/home/travis/build/icyphy/ptII/lib/jackson-annotations-2.9.0.jar:/home/travis/build/icyphy/ptII/lib/jackson-core-2.9.3.jar:/home/travis/build/icyphy/ptII/lib/jackson-databind-2.9.3.jar:/home/travis/build/icyphy/ptII/lib/netty-buffer-4.1.19.Final.jar:/home/travis/build/icyphy/ptII/lib/netty-codec-4.1.19.Final.jar:/home/travis/build/icyphy/ptII/lib/netty-codec-dns-4.1.19.Final.jar:/home/travis/build/icyphy/ptII/lib/netty-codec-http-4.1.19.Final.jar:/home/travis/build/icyphy/ptII/lib/netty-codec-http2-4.1.19.Final.jar:/home/travis/build/icyphy/ptII/lib/netty-common-4.1.19.Final.jar:/home/travis/build/icyphy/ptII/lib/netty-handler-4.1.19.Final.jar:/home/travis/build/icyphy/ptII/lib/netty-resolver-4.1.19.Final.jar:/home/travis/build/icyphy/ptII/lib/netty-resolver-dns-4.1.19.Final.jar:/home/travis/build/icyphy/ptII/lib/netty-transport-4.1.19.Final.jar:/home/travis/build/icyphy/ptII/lib/vertx-codegen-3.5.1.jar:/home/travis/build/icyphy/ptII/lib/vertx-core-3.5.2-SNAPSHOT.jar:/home/travis/build/icyphy/ptII/lib/vertx-hazelcast-3.5.1.jar:/home/travis/build/icyphy/ptII/lib/vertx-lang-js-3.5.1.jar:/home/travis/build/icyphy/ptII/lib/vertx-service-proxy-3.5.1.jar:/home/travis/build/icyphy/ptII/lib/vertx-web-3.5.1.jar:/home/travis/build/icyphy/ptII/lib/slf4j-api-1.7.13.jar:/home/travis/build/icyphy/ptII/lib/slf4j-simple-1.7.13.jar:/home/travis/build/icyphy/ptII/lib/webcam-capture-0.3.12.jar:/home/travis/build/icyphy/ptII/lib/bridj-0.7.0.jar:/home/travis/build/icyphy/ptII/lib/xbjlib-1.1.0.nrjavaserial.jar:/home/travis/build/icyphy/ptII/ptolemy/moml/test:/home/travis/build/icyphy/ptII/ant/lib/ant-launcher.jar:/home/travis/build/icyphy/ptII/ant/lib/ant.jar:/home/travis/build/icyphy/ptII/ant/lib/ant-junit.jar:/home/travis/build/icyphy/ptII/ant/lib/ant-junit4.jar" />
    <property name="ant.library.dir" value="/home/travis/build/icyphy/ptII/ant/lib" />
    <property name="os.arch" value="amd64" />
    <property name="env.CONTINUOUS_INTEGRATION" value="true" />
    <property name="env.TRAVIS_LANGUAGE" value="node_js" />
    <property name="env.TRAVIS_STACK_LANGUAGES" value="__sardonyx__ c c++ clojure cplusplus cpp default generic go groovy java node_js php pure_java python ruby scala" />
    <property name="test.name" value="ptolemy.actor.lib.test.junit.JUnitTclTest" />
    <property name="env.APT_KEY_DONT_WARN_ON_DANGEROUS_USAGE" value="1" />
    <property name="sun.java.launcher" value="SUN_STANDARD" />
    <property name="env.PYTHON_CONFIGURE_OPTS" value="--enable-unicode=ucs4 --with-wide-unicode --enable-shared --enable-ipv6 --enable-loadable-sqlite-extensions --with-computed-gotos" />
    <property name="ant.core.lib" value="/home/travis/build/icyphy/ptII/ant/lib/ant.jar" />
    <property name="java.vm.specification.vendor" value="Oracle Corporation" />
    <property name="env.BCVTB_HOME" value="/home/travis/build/icyphy/ptII/lbnl" />
    <property name="file.separator" value="/" />
    <property name="spotbugs.home" value="/home/travis/build/icyphy/ptII/vendors/spotbugs-3.1.1" />
    <property name="java.runtime.version" value="11.0.2+9" />
    <property name="env.ANSI_CLEAR" value="\033[0K" />
    <property name="javafx.verbose" value="true" />
    <property name="env.HAS_JOSH_K_SEAL_OF_APPROVAL" value="true" />
    <property name="env.XDG_RUNTIME_DIR" value="/run/user/2000" />
    <property name="env.TRAVIS_OSX_IMAGE" value="" />
    <property name="env.TRAVIS_JOB_ID" value="585410470" />
    <property name="env.TRAVIS_BRANCH" value="master" />
    <property name="user.country" value="US" />
    <property name="env.CERTI_HOME_TRAVIS" value="/home/travis/pthla/certi-tools" />
    <property name="env.SHELL" value="/bin/bash" />
    <property name="java.maxmemory.large" value="3200m" />
    <property name="model" value="" />
    <property name="env.CASHER_DIR" value="/home/travis/.casher" />
    <property name="env.NVM_CD_FLAGS" value="" />
    <property name="java.vendor.version" value="18.9" />
    <property name="jshint.executable" value="/home/travis/node_modules/jshint/bin/jshint" />
    <property name="env.JRUBY_OPTS" value=" --client -J-XX:+TieredCompilation -J-XX:TieredStopAtLevel=1 -J-Xss2m -Xcompile.invokedynamic=false" />
    <property name="java.vendor" value="Oracle Corporation" />
    <property name="env.TRAVIS_PRE_CHEF_BOOTSTRAP_TIME" value="2019-03-25T16:16:42" />
    <property name="env.TRAVIS_STACK_JOB_BOARD_REGISTER" value="/.job-board-register.yml" />
    <property name="env.ANSI_RED" value="\033[31;1m" />
    <property name="java.specification.version" value="11" />
    <property name="env.IRBRC" value="/home/travis/.rvm/rubies/ruby-2.5.3/.irbrc" />
    <property name="env.TRAVIS" value="true" />
    <property name="sun.arch.data.model" value="64" />
  </properties>
  <testcase classname="ptolemy.util.test.junit.TclTests" name="[0] /home/travis/build/icyphy/ptII/ptolemy/actor/lib/test/AbsoluteValue.tcl (RunTclFile)" time="0.638" />
  <testcase classname="ptolemy.util.test.junit.TclTests" name="[1] /home/travis/build/icyphy/ptII/ptolemy/actor/lib/test/AddSubtract.tcl (RunTclFile)" time="0.147" />
  <testcase classname="ptolemy.util.test.junit.TclTests" name="[2] /home/travis/build/icyphy/ptII/ptolemy/actor/lib/test/Average.tcl (RunTclFile)" time="0.087" />
  <testcase classname="ptolemy.util.test.junit.TclTests" name="[3] /home/travis/build/icyphy/ptII/ptolemy/actor/lib/test/Bernoulli.tcl (RunTclFile)" time="0.055" />
  <testcase classname="ptolemy.util.test.junit.TclTests" name="[4] /home/travis/build/icyphy/ptII/ptolemy/actor/lib/test/Clock.tcl (RunTclFile)" time="0.152" />
  <testcase classname="ptolemy.util.test.junit.TclTests" name="[5] /home/travis/build/icyphy/ptII/ptolemy/actor/lib/test/Commutator.tcl (RunTclFile)" time="0.246" />
  <testcase classname="ptolemy.util.test.junit.TclTests" name="[6] /home/travis/build/icyphy/ptII/ptolemy/actor/lib/test/Const.tcl (RunTclFile)" time="0.14" />
  <testcase classname="ptolemy.util.test.junit.TclTests" name="[7] /home/travis/build/icyphy/ptII/ptolemy/actor/lib/test/CurrentTime.tcl (RunTclFile)" time="0.025" />
  <testcase classname="ptolemy.util.test.junit.TclTests" name="[8] /home/travis/build/icyphy/ptII/ptolemy/actor/lib/test/DB.tcl (RunTclFile)" time="0.072" />
  <testcase classname="ptolemy.util.test.junit.TclTests" name="[9] /home/travis/build/icyphy/ptII/ptolemy/actor/lib/test/DiscreteRandomSource.tcl (RunTclFile)" time="0.053" />
  <testcase classname="ptolemy.util.test.junit.TclTests" name="[10] /home/travis/build/icyphy/ptII/ptolemy/actor/lib/test/Distributor.tcl (RunTclFile)" time="0.053" />
  <testcase classname="ptolemy.util.test.junit.TclTests" name="[11] /home/travis/build/icyphy/ptII/ptolemy/actor/lib/test/Exit.tcl (RunTclFile)" time="0.091" />
  <testcase classname="ptolemy.util.test.junit.TclTests" name="[12] /home/travis/build/icyphy/ptII/ptolemy/actor/lib/test/Expression.tcl (RunTclFile)" time="0.123" />
  <testcase classname="ptolemy.util.test.junit.TclTests" name="[13] /home/travis/build/icyphy/ptII/ptolemy/actor/lib/test/Gaussian.tcl (RunTclFile)" time="0.527" />
  <testcase classname="ptolemy.util.test.junit.TclTests" name="[14] /home/travis/build/icyphy/ptII/ptolemy/actor/lib/test/IIR.tcl (RunTclFile)" time="0.037" />
  <testcase classname="ptolemy.util.test.junit.TclTests" name="[15] /home/travis/build/icyphy/ptII/ptolemy/actor/lib/test/Interpolator.tcl (RunTclFile)" time="0.102" />
  <testcase classname="ptolemy.util.test.junit.TclTests" name="[16] /home/travis/build/icyphy/ptII/ptolemy/actor/lib/test/MathFunction.tcl (RunTclFile)" time="0.109" />
  <testcase classname="ptolemy.util.test.junit.TclTests" name="[17] /home/travis/build/icyphy/ptII/ptolemy/actor/lib/test/Maximum.tcl (RunTclFile)" time="0.036" />
  <testcase classname="ptolemy.util.test.junit.TclTests" name="[18] /home/travis/build/icyphy/ptII/ptolemy/actor/lib/test/Minimum.tcl (RunTclFile)" time="0.026" />
  <testcase classname="ptolemy.util.test.junit.TclTests" name="[19] /home/travis/build/icyphy/ptII/ptolemy/actor/lib/test/MultiplyDivide.tcl (RunTclFile)" time="0.054" />
  <testcase classname="ptolemy.util.test.junit.TclTests" name="[20] /home/travis/build/icyphy/ptII/ptolemy/actor/lib/test/OrderedMerge.tcl (RunTclFile)" time="0.152" />
  <testcase classname="ptolemy.util.test.junit.TclTests" name="[21] /home/travis/build/icyphy/ptII/ptolemy/actor/lib/test/Publisher.tcl (RunTclFile)" time="0.994" />
  <testcase classname="ptolemy.util.test.junit.TclTests" name="[22] /home/travis/build/icyphy/ptII/ptolemy/actor/lib/test/Pulse.tcl (RunTclFile)" time="0.104" />
  <testcase classname="ptolemy.util.test.junit.TclTests" name="[23] /home/travis/build/icyphy/ptII/ptolemy/actor/lib/test/Ramp.tcl (RunTclFile)" time="2.801" />
  <testcase classname="ptolemy.util.test.junit.TclTests" name="[24] /home/travis/build/icyphy/ptII/ptolemy/actor/lib/test/RampContinuous.tcl (RunTclFile)" time="0.021" />
  <testcase classname="ptolemy.util.test.junit.TclTests" name="[25] /home/travis/build/icyphy/ptII/ptolemy/actor/lib/test/RecordAssembler.tcl (RunTclFile)" time="0.02" />
  <testcase classname="ptolemy.util.test.junit.TclTests" name="[26] /home/travis/build/icyphy/ptII/ptolemy/actor/lib/test/RecordDisassembler.tcl (RunTclFile)" time="0.025" />
  <testcase classname="ptolemy.util.test.junit.TclTests" name="[27] /home/travis/build/icyphy/ptII/ptolemy/actor/lib/test/Scale.tcl (RunTclFile)" time="0.024" />
  <testcase classname="ptolemy.util.test.junit.TclTests" name="[28] /home/travis/build/icyphy/ptII/ptolemy/actor/lib/test/SequentialClock.tcl (RunTclFile)" time="0.021" />
  <testcase classname="ptolemy.util.test.junit.TclTests" name="[29] /home/travis/build/icyphy/ptII/ptolemy/actor/lib/test/SetVariable.tcl (RunTclFile)" time="0.045">
    <failure message="Number of failed tests is has increased. expected:&lt;0&gt; but was:&lt;1&gt;" type="junit.framework.AssertionFailedError">junit.framework.AssertionFailedError: Number of failed tests is has increased. expected:&lt;0&gt; but was:&lt;1&gt;
	at ptolemy.util.test.junit.TclTests.RunTclFile(TclTests.java:286)
	at jdk.internal.reflect.GeneratedMethodAccessor19.invoke(Unknown Source)
	at java.base/jdk.internal.reflect.DelegatingMethodAccessorImpl.invoke(DelegatingMethodAccessorImpl.java:43)
	at junitparams.internal.InvokeParameterisedMethod.evaluate(InvokeParameterisedMethod.java:102)
	at junitparams.internal.ParameterisedTestMethodRunner.runMethodInvoker(ParameterisedTestMethodRunner.java:47)
	at junitparams.internal.ParameterisedTestMethodRunner.runTestMethod(ParameterisedTestMethodRunner.java:41)
	at junitparams.internal.ParameterisedTestClassRunner.runParameterisedTest(ParameterisedTestClassRunner.java:143)
	at junitparams.JUnitParamsRunner.runChild(JUnitParamsRunner.java:237)
	at junitparams.JUnitParamsRunner.runChild(JUnitParamsRunner.java:215)
</failure>
  </testcase>
  <testcase classname="ptolemy.util.test.junit.TclTests" name="[30] /home/travis/build/icyphy/ptII/ptolemy/actor/lib/test/Sinewave.tcl (RunTclFile)" time="0.052" />
  <testcase classname="ptolemy.util.test.junit.TclTests" name="[31] /home/travis/build/icyphy/ptII/ptolemy/actor/lib/test/SubscriptionAggregator.tcl (RunTclFile)" time="2.86" />
  <testcase classname="ptolemy.util.test.junit.TclTests" name="[32] /home/travis/build/icyphy/ptII/ptolemy/actor/lib/test/Test.tcl (RunTclFile)" time="0.111" />
  <testcase classname="ptolemy.util.test.junit.TclTests" name="[33] /home/travis/build/icyphy/ptII/ptolemy/actor/lib/test/TestExceptionHandler.tcl (RunTclFile)" time="0.016" />
  <testcase classname="ptolemy.util.test.junit.TclTests" name="[34] /home/travis/build/icyphy/ptII/ptolemy/actor/lib/test/UnionDisassembler.tcl (RunTclFile)" time="0.069" />
  <testcase classname="ptolemy.util.test.junit.TclTests" name="[35] /home/travis/build/icyphy/ptII/ptolemy/actor/lib/test/VariableClock.tcl (RunTclFile)" time="0.035" />
  <testcase classname="ptolemy.util.test.junit.AutoKnownFailedTests" name="[0] /home/travis/build/icyphy/ptII/ptolemy/actor/lib/test/auto/knownFailedTests/PublisherPortToplevelSubscriber.xml (RunModel)" time="0.041" />
  <testcase classname="ptolemy.util.test.junit.AutoKnownFailedTests" name="[1] /home/travis/build/icyphy/ptII/ptolemy/actor/lib/test/auto/knownFailedTests/PublisherSubscriberPortToplevel.xml (RunModel)" time="0.021" />
  <testcase classname="ptolemy.util.test.junit.AutoKnownFailedTests" name="[2] /home/travis/build/icyphy/ptII/ptolemy/actor/lib/test/auto/knownFailedTests/PublisherSubscriptionAggregatorPort.xml (RunModel)" time="0.028" />
  <testcase classname="ptolemy.util.test.junit.AutoKnownFailedTests" name="[3] /home/travis/build/icyphy/ptII/ptolemy/actor/lib/test/auto/knownFailedTests/sizedarray3.xml (RunModel)" time="0.027" />
  <testcase classname="ptolemy.util.test.junit.AutoNameArchTests" name="[0] ThereAreNoAutoArchTests (RunModel)" time="0.005" />
  <testcase classname="ptolemy.util.test.junit.AutoTests" name="[0] /home/travis/build/icyphy/ptII/ptolemy/actor/lib/test/auto/AbsoluteValue.xml (RunModel)" time="0.089" />
  <testcase classname="ptolemy.util.test.junit.AutoTests" name="[1] /home/travis/build/icyphy/ptII/ptolemy/actor/lib/test/auto/AbsoluteValue2.xml (RunModel)" time="0.071" />
  <testcase classname="ptolemy.util.test.junit.AutoTests" name="[2] /home/travis/build/icyphy/ptII/ptolemy/actor/lib/test/auto/Accumulator.xml (RunModel)" time="0.075" />
  <testcase classname="ptolemy.util.test.junit.AutoTests" name="[3] /home/travis/build/icyphy/ptII/ptolemy/actor/lib/test/auto/Accumulator2.xml (RunModel)" time="0.043" />
  <testcase classname="ptolemy.util.test.junit.AutoTests" name="[4] /home/travis/build/icyphy/ptII/ptolemy/actor/lib/test/auto/Accumulator3.xml (RunModel)" time="0.043" />
  <testcase classname="ptolemy.util.test.junit.AutoTests" name="[5] /home/travis/build/icyphy/ptII/ptolemy/actor/lib/test/auto/ArrayAppend.xml (RunModel)" time="0.119" />
  <testcase classname="ptolemy.util.test.junit.AutoTests" name="[6] /home/travis/build/icyphy/ptII/ptolemy/actor/lib/test/auto/ArrayAppend2.xml (RunModel)" time="0.414" />
  <testcase classname="ptolemy.util.test.junit.AutoTests" name="[7] /home/travis/build/icyphy/ptII/ptolemy/actor/lib/test/auto/ArrayAppend3.xml (RunModel)" time="0.027" />
  <testcase classname="ptolemy.util.test.junit.AutoTests" name="[8] /home/travis/build/icyphy/ptII/ptolemy/actor/lib/test/auto/ArrayAppend4.xml (RunModel)" time="0.032" />
  <testcase classname="ptolemy.util.test.junit.AutoTests" name="[9] /home/travis/build/icyphy/ptII/ptolemy/actor/lib/test/auto/ArrayAppend5.xml (RunModel)" time="0.023" />
  <testcase classname="ptolemy.util.test.junit.AutoTests" name="[10] /home/travis/build/icyphy/ptII/ptolemy/actor/lib/test/auto/ArrayAppend6.xml (RunModel)" time="0.026" />
  <testcase classname="ptolemy.util.test.junit.AutoTests" name="[11] /home/travis/build/icyphy/ptII/ptolemy/actor/lib/test/auto/ArrayAppendPerformanceTest.xml (RunModel)" time="0.069" />
  <testcase classname="ptolemy.util.test.junit.AutoTests" name="[12] /home/travis/build/icyphy/ptII/ptolemy/actor/lib/test/auto/ArrayAppendWithEmptyInput.xml (RunModel)" time="0.07" />
  <testcase classname="ptolemy.util.test.junit.AutoTests" name="[13] /home/travis/build/icyphy/ptII/ptolemy/actor/lib/test/auto/ArrayAverage.xml (RunModel)" time="0.06" />
  <testcase classname="ptolemy.util.test.junit.AutoTests" name="[14] /home/travis/build/icyphy/ptII/ptolemy/actor/lib/test/auto/ArrayContains.xml (RunModel)" time="0.052" />
  <testcase classname="ptolemy.util.test.junit.AutoTests" name="[15] /home/travis/build/icyphy/ptII/ptolemy/actor/lib/test/auto/ArrayElement.xml (RunModel)" time="0.085" />
  <testcase classname="ptolemy.util.test.junit.AutoTests" name="[16] /home/travis/build/icyphy/ptII/ptolemy/actor/lib/test/auto/ArrayElementAsMatrix.xml (RunModel)" time="0.079" />
  <testcase classname="ptolemy.util.test.junit.AutoTests" name="[17] /home/travis/build/icyphy/ptII/ptolemy/actor/lib/test/auto/ArrayElementI.xml (RunModel)" time="0.019" />
  <testcase classname="ptolemy.util.test.junit.AutoTests" name="[18] /home/travis/build/icyphy/ptII/ptolemy/actor/lib/test/auto/ArrayExtract.xml (RunModel)" time="0.046" />
  <testcase classname="ptolemy.util.test.junit.AutoTests" name="[19] /home/travis/build/icyphy/ptII/ptolemy/actor/lib/test/auto/ArrayExtract2.xml (RunModel)" time="0.025" />
  <testcase classname="ptolemy.util.test.junit.AutoTests" name="[20] /home/travis/build/icyphy/ptII/ptolemy/actor/lib/test/auto/ArrayLength.xml (RunModel)" time="0.03" />
  <testcase classname="ptolemy.util.test.junit.AutoTests" name="[21] /home/travis/build/icyphy/ptII/ptolemy/actor/lib/test/auto/ArrayLevelCrossing.xml (RunModel)" time="0.037" />
  <testcase classname="ptolemy.util.test.junit.AutoTests" name="[22] /home/travis/build/icyphy/ptII/ptolemy/actor/lib/test/auto/ArrayLevelCrossing2.xml (RunModel)" time="0.029" />
  <testcase classname="ptolemy.util.test.junit.AutoTests" name="[23] /home/travis/build/icyphy/ptII/ptolemy/actor/lib/test/auto/ArrayPeakSearch.xml (RunModel)" time="0.051" />
  <testcase classname="ptolemy.util.test.junit.AutoTests" name="[24] /home/travis/build/icyphy/ptII/ptolemy/actor/lib/test/auto/ArrayPeakSearch2.xml (RunModel)" time="0.049" />
  <testcase classname="ptolemy.util.test.junit.AutoTests" name="[25] /home/travis/build/icyphy/ptII/ptolemy/actor/lib/test/auto/ArrayPeakSearch3.xml (RunModel)" time="0.044" />
  <testcase classname="ptolemy.util.test.junit.AutoTests" name="[26] /home/travis/build/icyphy/ptII/ptolemy/actor/lib/test/auto/ArrayRemoveElement.xml (RunModel)" time="0.035" />
  <testcase classname="ptolemy.util.test.junit.AutoTests" name="[27] /home/travis/build/icyphy/ptII/ptolemy/actor/lib/test/auto/ArraySort.xml (RunModel)" time="0.04" />
  <testcase classname="ptolemy.util.test.junit.AutoTests" name="[28] /home/travis/build/icyphy/ptII/ptolemy/actor/lib/test/auto/ArraySum.xml (RunModel)" time="0.021" />
  <testcase classname="ptolemy.util.test.junit.AutoTests" name="[29] /home/travis/build/icyphy/ptII/ptolemy/actor/lib/test/auto/ArrayToElements.xml (RunModel)" time="0.021" />
  <testcase classname="ptolemy.util.test.junit.AutoTests" name="[30] /home/travis/build/icyphy/ptII/ptolemy/actor/lib/test/auto/ArrayToMatrix.xml (RunModel)" time="0.067" />
  <testcase classname="ptolemy.util.test.junit.AutoTests" name="[31] /home/travis/build/icyphy/ptII/ptolemy/actor/lib/test/auto/ArrayUpdate1.xml (RunModel)" time="0.021" />
  <testcase classname="ptolemy.util.test.junit.AutoTests" name="[32] /home/travis/build/icyphy/ptII/ptolemy/actor/lib/test/auto/ArrayUpdate2.xml (RunModel)" time="0.019" />
  <testcase classname="ptolemy.util.test.junit.AutoTests" name="[33] /home/travis/build/icyphy/ptII/ptolemy/actor/lib/test/auto/ArrayUpdate3.xml (RunModel)" time="0.015" />
  <testcase classname="ptolemy.util.test.junit.AutoTests" name="[34] /home/travis/build/icyphy/ptII/ptolemy/actor/lib/test/auto/Assert1.xml (RunModel)" time="0.018" />
  <testcase classname="ptolemy.util.test.junit.AutoTests" name="[35] /home/travis/build/icyphy/ptII/ptolemy/actor/lib/test/auto/Assert2.xml (RunModel)" time="0.055" />
  <testcase classname="ptolemy.util.test.junit.AutoTests" name="[36] /home/travis/build/icyphy/ptII/ptolemy/actor/lib/test/auto/BooleanMultiplexor.xml (RunModel)" time="0.021" />
  <testcase classname="ptolemy.util.test.junit.AutoTests" name="[37] /home/travis/build/icyphy/ptII/ptolemy/actor/lib/test/auto/BooleanMultiplexor2.xml (RunModel)" time="0.028" />
  <testcase classname="ptolemy.util.test.junit.AutoTests" name="[38] /home/travis/build/icyphy/ptII/ptolemy/actor/lib/test/auto/BooleanMultiplexor3.xml (RunModel)" time="0.03" />
  <testcase classname="ptolemy.util.test.junit.AutoTests" name="[39] /home/travis/build/icyphy/ptII/ptolemy/actor/lib/test/auto/BooleanSelect.xml (RunModel)" time="0.035" />
  <testcase classname="ptolemy.util.test.junit.AutoTests" name="[40] /home/travis/build/icyphy/ptII/ptolemy/actor/lib/test/auto/BooleanSelect2.xml (RunModel)" time="0.02" />
  <testcase classname="ptolemy.util.test.junit.AutoTests" name="[41] /home/travis/build/icyphy/ptII/ptolemy/actor/lib/test/auto/BooleanSwitch.xml (RunModel)" time="0.034" />
  <testcase classname="ptolemy.util.test.junit.AutoTests" name="[42] /home/travis/build/icyphy/ptII/ptolemy/actor/lib/test/auto/BooleanSwitch2.xml (RunModel)" time="0.024" />
  <testcase classname="ptolemy.util.test.junit.AutoTests" name="[43] /home/travis/build/icyphy/ptII/ptolemy/actor/lib/test/auto/BooleanSwitchCloningBugWithClassRelationGroup.xml (RunModel)" time="0.031" />
  <testcase classname="ptolemy.util.test.junit.AutoTests" name="[44] /home/travis/build/icyphy/ptII/ptolemy/actor/lib/test/auto/BusActors.xml (RunModel)" time="0.04" />
  <testcase classname="ptolemy.util.test.junit.AutoTests" name="[45] /home/travis/build/icyphy/ptII/ptolemy/actor/lib/test/auto/ClassWrapper.xml (RunModel)" time="0.027" />
  <testcase classname="ptolemy.util.test.junit.AutoTests" name="[46] /home/travis/build/icyphy/ptII/ptolemy/actor/lib/test/auto/Clock.xml (RunModel)" time="0.027" />
  <testcase classname="ptolemy.util.test.junit.AutoTests" name="[47] /home/travis/build/icyphy/ptII/ptolemy/actor/lib/test/auto/Clock10.xml (RunModel)" time="0.037" />
  <testcase classname="ptolemy.util.test.junit.AutoTests" name="[48] /home/travis/build/icyphy/ptII/ptolemy/actor/lib/test/auto/Clock11.xml (RunModel)" time="0.025" />
  <testcase classname="ptolemy.util.test.junit.AutoTests" name="[49] /home/travis/build/icyphy/ptII/ptolemy/actor/lib/test/auto/Clock12.xml (RunModel)" time="0.025" />
  <testcase classname="ptolemy.util.test.junit.AutoTests" name="[50] /home/travis/build/icyphy/ptII/ptolemy/actor/lib/test/auto/Clock13.xml (RunModel)" time="0.022" />
  <testcase classname="ptolemy.util.test.junit.AutoTests" name="[51] /home/travis/build/icyphy/ptII/ptolemy/actor/lib/test/auto/Clock14.xml (RunModel)" time="0.021" />
  <testcase classname="ptolemy.util.test.junit.AutoTests" name="[52] /home/travis/build/icyphy/ptII/ptolemy/actor/lib/test/auto/Clock15.xml (RunModel)" time="0.018" />
  <testcase classname="ptolemy.util.test.junit.AutoTests" name="[53] /home/travis/build/icyphy/ptII/ptolemy/actor/lib/test/auto/Clock16.xml (RunModel)" time="0.116" />
  <testcase classname="ptolemy.util.test.junit.AutoTests" name="[54] /home/travis/build/icyphy/ptII/ptolemy/actor/lib/test/auto/Clock17.xml (RunModel)" time="0.089" />
  <testcase classname="ptolemy.util.test.junit.AutoTests" name="[55] /home/travis/build/icyphy/ptII/ptolemy/actor/lib/test/auto/Clock18.xml (RunModel)" time="0.076" />
  <testcase classname="ptolemy.util.test.junit.AutoTests" name="[56] /home/travis/build/icyphy/ptII/ptolemy/actor/lib/test/auto/Clock19.xml (RunModel)" time="0.103" />
  <testcase classname="ptolemy.util.test.junit.AutoTests" name="[57] /home/travis/build/icyphy/ptII/ptolemy/actor/lib/test/auto/Clock2.xml (RunModel)" time="0.02" />
  <testcase classname="ptolemy.util.test.junit.AutoTests" name="[58] /home/travis/build/icyphy/ptII/ptolemy/actor/lib/test/auto/Clock20.xml (RunModel)" time="0.031" />
  <testcase classname="ptolemy.util.test.junit.AutoTests" name="[59] /home/travis/build/icyphy/ptII/ptolemy/actor/lib/test/auto/Clock21.xml (RunModel)" time="0.024" />
  <testcase classname="ptolemy.util.test.junit.AutoTests" name="[60] /home/travis/build/icyphy/ptII/ptolemy/actor/lib/test/auto/Clock22.xml (RunModel)" time="0.019" />
  <testcase classname="ptolemy.util.test.junit.AutoTests" name="[61] /home/travis/build/icyphy/ptII/ptolemy/actor/lib/test/auto/Clock23.xml (RunModel)" time="0.022" />
  <testcase classname="ptolemy.util.test.junit.AutoTests" name="[62] /home/travis/build/icyphy/ptII/ptolemy/actor/lib/test/auto/Clock24.xml (RunModel)" time="0.02" />
  <testcase classname="ptolemy.util.test.junit.AutoTests" name="[63] /home/travis/build/icyphy/ptII/ptolemy/actor/lib/test/auto/Clock4.xml (RunModel)" time="0.017" />
  <testcase classname="ptolemy.util.test.junit.AutoTests" name="[64] /home/travis/build/icyphy/ptII/ptolemy/actor/lib/test/auto/Clock5.xml (RunModel)" time="0.017" />
  <testcase classname="ptolemy.util.test.junit.AutoTests" name="[65] /home/travis/build/icyphy/ptII/ptolemy/actor/lib/test/auto/Clock6.xml (RunModel)" time="0.02" />
  <testcase classname="ptolemy.util.test.junit.AutoTests" name="[66] /home/travis/build/icyphy/ptII/ptolemy/actor/lib/test/auto/Clock7.xml (RunModel)" time="0.014" />
  <testcase classname="ptolemy.util.test.junit.AutoTests" name="[67] /home/travis/build/icyphy/ptII/ptolemy/actor/lib/test/auto/Clock8.xml (RunModel)" time="0.018" />
  <testcase classname="ptolemy.util.test.junit.AutoTests" name="[68] /home/travis/build/icyphy/ptII/ptolemy/actor/lib/test/auto/Clock9.xml (RunModel)" time="0.021" />
  <testcase classname="ptolemy.util.test.junit.AutoTests" name="[69] /home/travis/build/icyphy/ptII/ptolemy/actor/lib/test/auto/CommDistDiscard.xml (RunModel)" time="0.033" />
  <testcase classname="ptolemy.util.test.junit.AutoTests" name="[70] /home/travis/build/icyphy/ptII/ptolemy/actor/lib/test/auto/Commutator.xml (RunModel)" time="0.025" />
  <testcase classname="ptolemy.util.test.junit.AutoTests" name="[71] /home/travis/build/icyphy/ptII/ptolemy/actor/lib/test/auto/Commutator2.xml (RunModel)" time="0.014" />
  <testcase classname="ptolemy.util.test.junit.AutoTests" name="[72] /home/travis/build/icyphy/ptII/ptolemy/actor/lib/test/auto/Commutator3.xml (RunModel)" time="0.019" />
  <testcase classname="ptolemy.util.test.junit.AutoTests" name="[73] /home/travis/build/icyphy/ptII/ptolemy/actor/lib/test/auto/Compare.xml (RunModel)" time="0.028" />
  <testcase classname="ptolemy.util.test.junit.AutoTests" name="[74] /home/travis/build/icyphy/ptII/ptolemy/actor/lib/test/auto/CompareDE.xml (RunModel)" time="0.029" />
  <testcase classname="ptolemy.util.test.junit.AutoTests" name="[75] /home/travis/build/icyphy/ptII/ptolemy/actor/lib/test/auto/ComplexDivide.xml (RunModel)" time="0.016" />
  <testcase classname="ptolemy.util.test.junit.AutoTests" name="[76] /home/travis/build/icyphy/ptII/ptolemy/actor/lib/test/auto/ComputeHistogram.xml (RunModel)" time="0.084" />
  <testcase classname="ptolemy.util.test.junit.AutoTests" name="[77] /home/travis/build/icyphy/ptII/ptolemy/actor/lib/test/auto/ConfigurationSelect.xml (RunModel)" time="0.023" />
  <testcase classname="ptolemy.util.test.junit.AutoTests" name="[78] /home/travis/build/icyphy/ptII/ptolemy/actor/lib/test/auto/ConfigurationSelect2.xml (RunModel)" time="0.017" />
  <testcase classname="ptolemy.util.test.junit.AutoTests" name="[79] /home/travis/build/icyphy/ptII/ptolemy/actor/lib/test/auto/ConfigurationSwitch.xml (RunModel)" time="0.034" />
  <testcase classname="ptolemy.util.test.junit.AutoTests" name="[80] /home/travis/build/icyphy/ptII/ptolemy/actor/lib/test/auto/ConfigurationSwitch2.xml (RunModel)" time="0.018" />
  <testcase classname="ptolemy.util.test.junit.AutoTests" name="[81] /home/travis/build/icyphy/ptII/ptolemy/actor/lib/test/auto/ConfigurationSwitchCloningBugWithClassRelationGroup.xml (RunModel)" time="0.027" />
  <testcase classname="ptolemy.util.test.junit.AutoTests" name="[82] /home/travis/build/icyphy/ptII/ptolemy/actor/lib/test/auto/ConfigurationSwitchSelectSDF.xml (RunModel)" time="0.021" />
  <testcase classname="ptolemy.util.test.junit.AutoTests" name="[83] /home/travis/build/icyphy/ptII/ptolemy/actor/lib/test/auto/ConfigurationSwitchSelectSDF2.xml (RunModel)" time="0.022" />
  <testcase classname="ptolemy.util.test.junit.AutoTests" name="[84] /home/travis/build/icyphy/ptII/ptolemy/actor/lib/test/auto/Const.xml (RunModel)" time="0.01" />
  <testcase classname="ptolemy.util.test.junit.AutoTests" name="[85] /home/travis/build/icyphy/ptII/ptolemy/actor/lib/test/auto/Const2.xml (RunModel)" time="0.016" />
  <testcase classname="ptolemy.util.test.junit.AutoTests" name="[86] /home/travis/build/icyphy/ptII/ptolemy/actor/lib/test/auto/Const3.xml (RunModel)" time="0.01" />
  <testcase classname="ptolemy.util.test.junit.AutoTests" name="[87] /home/travis/build/icyphy/ptII/ptolemy/actor/lib/test/auto/ConstantPublisherPort1.xml (RunModel)" time="0.032" />
  <testcase classname="ptolemy.util.test.junit.AutoTests" name="[88] /home/travis/build/icyphy/ptII/ptolemy/actor/lib/test/auto/ConstantPublisherPort2.xml (RunModel)" time="0.036" />
  <testcase classname="ptolemy.util.test.junit.AutoTests" name="[89] /home/travis/build/icyphy/ptII/ptolemy/actor/lib/test/auto/ConstantPublisherPort3.xml (RunModel)" time="0.044" />
  <testcase classname="ptolemy.util.test.junit.AutoTests" name="[90] /home/travis/build/icyphy/ptII/ptolemy/actor/lib/test/auto/ConstantPublisherPort4.xml (RunModel)" time="0.027" />
  <testcase classname="ptolemy.util.test.junit.AutoTests" name="[91] /home/travis/build/icyphy/ptII/ptolemy/actor/lib/test/auto/ConstantPublisherPort5.xml (RunModel)" time="0.062" />
  <testcase classname="ptolemy.util.test.junit.AutoTests" name="[92] /home/travis/build/icyphy/ptII/ptolemy/actor/lib/test/auto/ConstantPublisherPort6.xml (RunModel)" time="0.037" />
  <testcase classname="ptolemy.util.test.junit.AutoTests" name="[93] /home/travis/build/icyphy/ptII/ptolemy/actor/lib/test/auto/ConstantPublisherPort7.xml (RunModel)" time="0.034" />
  <testcase classname="ptolemy.util.test.junit.AutoTests" name="[94] /home/travis/build/icyphy/ptII/ptolemy/actor/lib/test/auto/ConstraintMonitor1.xml (RunModel)" time="0.042" />
  <testcase classname="ptolemy.util.test.junit.AutoTests" name="[95] /home/travis/build/icyphy/ptII/ptolemy/actor/lib/test/auto/ConstraintMonitor2.xml (RunModel)" time="0.018" />
  <testcase classname="ptolemy.util.test.junit.AutoTests" name="[96] /home/travis/build/icyphy/ptII/ptolemy/actor/lib/test/auto/ConstraintMonitor3.xml (RunModel)" time="0.017" />
  <testcase classname="ptolemy.util.test.junit.AutoTests" name="[97] /home/travis/build/icyphy/ptII/ptolemy/actor/lib/test/auto/ConstraintMonitor4.xml (RunModel)" time="0.014" />
  <testcase classname="ptolemy.util.test.junit.AutoTests" name="[98] /home/travis/build/icyphy/ptII/ptolemy/actor/lib/test/auto/ConstraintMonitor5.xml (RunModel)" time="0.013" />
  <testcase classname="ptolemy.util.test.junit.AutoTests" name="[99] /home/travis/build/icyphy/ptII/ptolemy/actor/lib/test/auto/ConstraintMonitor6.xml (RunModel)" time="0.018" />
  <testcase classname="ptolemy.util.test.junit.AutoTests" name="[100] /home/travis/build/icyphy/ptII/ptolemy/actor/lib/test/auto/ConstraintMonitor7.xml (RunModel)" time="0.024" />
  <testcase classname="ptolemy.util.test.junit.AutoTests" name="[101] /home/travis/build/icyphy/ptII/ptolemy/actor/lib/test/auto/ConstraintMonitor8.xml (RunModel)" time="0.023" />
  <testcase classname="ptolemy.util.test.junit.AutoTests" name="[102] /home/travis/build/icyphy/ptII/ptolemy/actor/lib/test/auto/Counter.xml (RunModel)" time="0.018" />
  <testcase classname="ptolemy.util.test.junit.AutoTests" name="[103] /home/travis/build/icyphy/ptII/ptolemy/actor/lib/test/auto/CurrentTimeSDF.xml (RunModel)" time="0.071" />
  <testcase classname="ptolemy.util.test.junit.AutoTests" name="[104] /home/travis/build/icyphy/ptII/ptolemy/actor/lib/test/auto/DB.xml (RunModel)" time="0.018" />
  <testcase classname="ptolemy.util.test.junit.AutoTests" name="[105] /home/travis/build/icyphy/ptII/ptolemy/actor/lib/test/auto/DBDE.xml (RunModel)" time="0.018" />
  <testcase classname="ptolemy.util.test.junit.AutoTests" name="[106] /home/travis/build/icyphy/ptII/ptolemy/actor/lib/test/auto/DateConstructor.xml (RunModel)" time="0.095" />
  <testcase classname="ptolemy.util.test.junit.AutoTests" name="[107] /home/travis/build/icyphy/ptII/ptolemy/actor/lib/test/auto/DelayTime.xml (RunModel)" time="0.027" />
  <testcase classname="ptolemy.util.test.junit.AutoTests" name="[108] /home/travis/build/icyphy/ptII/ptolemy/actor/lib/test/auto/Dictionary1.xml (RunModel)" time="0.023" />
  <testcase classname="ptolemy.util.test.junit.AutoTests" name="[109] /home/travis/build/icyphy/ptII/ptolemy/actor/lib/test/auto/Dictionary2.xml (RunModel)" time="0.025" />
  <testcase classname="ptolemy.util.test.junit.AutoTests" name="[110] /home/travis/build/icyphy/ptII/ptolemy/actor/lib/test/auto/Dictionary3.xml (RunModel)" time="0.019" />
  <testcase classname="ptolemy.util.test.junit.AutoTests" name="[111] /home/travis/build/icyphy/ptII/ptolemy/actor/lib/test/auto/Dictionary4.xml (RunModel)" time="0.023" />
  <testcase classname="ptolemy.util.test.junit.AutoTests" name="[112] /home/travis/build/icyphy/ptII/ptolemy/actor/lib/test/auto/Differential.xml (RunModel)" time="0.015" />
  <testcase classname="ptolemy.util.test.junit.AutoTests" name="[113] /home/travis/build/icyphy/ptII/ptolemy/actor/lib/test/auto/Director.xml (RunModel)" time="0.014" />
  <testcase classname="ptolemy.util.test.junit.AutoTests" name="[114] /home/travis/build/icyphy/ptII/ptolemy/actor/lib/test/auto/DiscreteClock.xml (RunModel)" time="0.011" />
  <testcase classname="ptolemy.util.test.junit.AutoTests" name="[115] /home/travis/build/icyphy/ptII/ptolemy/actor/lib/test/auto/DiscreteClock10.xml (RunModel)" time="0.016" />
  <testcase classname="ptolemy.util.test.junit.AutoTests" name="[116] /home/travis/build/icyphy/ptII/ptolemy/actor/lib/test/auto/DiscreteClock11.xml (RunModel)" time="0.015" />
  <testcase classname="ptolemy.util.test.junit.AutoTests" name="[117] /home/travis/build/icyphy/ptII/ptolemy/actor/lib/test/auto/DiscreteClock12.xml (RunModel)" time="0.018" />
  <testcase classname="ptolemy.util.test.junit.AutoTests" name="[118] /home/travis/build/icyphy/ptII/ptolemy/actor/lib/test/auto/DiscreteClock13.xml (RunModel)" time="0.019" />
  <testcase classname="ptolemy.util.test.junit.AutoTests" name="[119] /home/travis/build/icyphy/ptII/ptolemy/actor/lib/test/auto/DiscreteClock14.xml (RunModel)" time="0.022" />
  <testcase classname="ptolemy.util.test.junit.AutoTests" name="[120] /home/travis/build/icyphy/ptII/ptolemy/actor/lib/test/auto/DiscreteClock15.xml (RunModel)" time="0.016" />
  <testcase classname="ptolemy.util.test.junit.AutoTests" name="[121] /home/travis/build/icyphy/ptII/ptolemy/actor/lib/test/auto/DiscreteClock16.xml (RunModel)" time="0.046" />
  <testcase classname="ptolemy.util.test.junit.AutoTests" name="[122] /home/travis/build/icyphy/ptII/ptolemy/actor/lib/test/auto/DiscreteClock17.xml (RunModel)" time="0.049" />
  <testcase classname="ptolemy.util.test.junit.AutoTests" name="[123] /home/travis/build/icyphy/ptII/ptolemy/actor/lib/test/auto/DiscreteClock18.xml (RunModel)" time="0.047" />
  <testcase classname="ptolemy.util.test.junit.AutoTests" name="[124] /home/travis/build/icyphy/ptII/ptolemy/actor/lib/test/auto/DiscreteClock19.xml (RunModel)" time="0.048" />
  <testcase classname="ptolemy.util.test.junit.AutoTests" name="[125] /home/travis/build/icyphy/ptII/ptolemy/actor/lib/test/auto/DiscreteClock2.xml (RunModel)" time="0.017" />
  <testcase classname="ptolemy.util.test.junit.AutoTests" name="[126] /home/travis/build/icyphy/ptII/ptolemy/actor/lib/test/auto/DiscreteClock20.xml (RunModel)" time="0.025" />
  <testcase classname="ptolemy.util.test.junit.AutoTests" name="[127] /home/travis/build/icyphy/ptII/ptolemy/actor/lib/test/auto/DiscreteClock21.xml (RunModel)" time="0.028" />
  <testcase classname="ptolemy.util.test.junit.AutoTests" name="[128] /home/travis/build/icyphy/ptII/ptolemy/actor/lib/test/auto/DiscreteClock22.xml (RunModel)" time="0.02" />
  <testcase classname="ptolemy.util.test.junit.AutoTests" name="[129] /home/travis/build/icyphy/ptII/ptolemy/actor/lib/test/auto/DiscreteClock23.xml (RunModel)" time="0.028" />
  <testcase classname="ptolemy.util.test.junit.AutoTests" name="[130] /home/travis/build/icyphy/ptII/ptolemy/actor/lib/test/auto/DiscreteClock24.xml (RunModel)" time="0.02" />
  <testcase classname="ptolemy.util.test.junit.AutoTests" name="[131] /home/travis/build/icyphy/ptII/ptolemy/actor/lib/test/auto/DiscreteClock4.xml (RunModel)" time="0.02" />
  <testcase classname="ptolemy.util.test.junit.AutoTests" name="[132] /home/travis/build/icyphy/ptII/ptolemy/actor/lib/test/auto/DiscreteClock5.xml (RunModel)" time="0.015" />
  <testcase classname="ptolemy.util.test.junit.AutoTests" name="[133] /home/travis/build/icyphy/ptII/ptolemy/actor/lib/test/auto/DiscreteClock6.xml (RunModel)" time="0.015" />
  <testcase classname="ptolemy.util.test.junit.AutoTests" name="[134] /home/travis/build/icyphy/ptII/ptolemy/actor/lib/test/auto/DiscreteClock7.xml (RunModel)" time="0.017" />
  <testcase classname="ptolemy.util.test.junit.AutoTests" name="[135] /home/travis/build/icyphy/ptII/ptolemy/actor/lib/test/auto/DiscreteClock8.xml (RunModel)" time="0.027" />
  <testcase classname="ptolemy.util.test.junit.AutoTests" name="[136] /home/travis/build/icyphy/ptII/ptolemy/actor/lib/test/auto/DiscreteClock9.xml (RunModel)" time="0.016" />
  <testcase classname="ptolemy.util.test.junit.AutoTests" name="[137] /home/travis/build/icyphy/ptII/ptolemy/actor/lib/test/auto/DisplayArray.xml (RunModel)" time="0.01" />
  <testcase classname="ptolemy.util.test.junit.AutoTests" name="[138] /home/travis/build/icyphy/ptII/ptolemy/actor/lib/test/auto/Distributor.xml (RunModel)" time="0.011" />
  <testcase classname="ptolemy.util.test.junit.AutoTests" name="[139] /home/travis/build/icyphy/ptII/ptolemy/actor/lib/test/auto/Distributor2.xml (RunModel)" time="0.012" />
  <testcase classname="ptolemy.util.test.junit.AutoTests" name="[140] /home/travis/build/icyphy/ptII/ptolemy/actor/lib/test/auto/DownSample.xml (RunModel)" time="0.014" />
  <testcase classname="ptolemy.util.test.junit.AutoTests" name="[141] /home/travis/build/icyphy/ptII/ptolemy/actor/lib/test/auto/ElectronicUnitBase1.xml (RunModel)" time="0.075" />
  <testcase classname="ptolemy.util.test.junit.AutoTests" name="[142] /home/travis/build/icyphy/ptII/ptolemy/actor/lib/test/auto/ElementsToArray.xml (RunModel)" time="0.013" />
  <testcase classname="ptolemy.util.test.junit.AutoTests" name="[143] /home/travis/build/icyphy/ptII/ptolemy/actor/lib/test/auto/Equals.xml (RunModel)" time="0.02" />
  <testcase classname="ptolemy.util.test.junit.AutoTests" name="[144] /home/travis/build/icyphy/ptII/ptolemy/actor/lib/test/auto/Exec.xml (RunModel)" time="0.065" />
  <testcase classname="ptolemy.util.test.junit.AutoTests" name="[145] /home/travis/build/icyphy/ptII/ptolemy/actor/lib/test/auto/ExecEnvironment.xml (RunModel)" time="0.049" />
  <testcase classname="ptolemy.util.test.junit.AutoTests" name="[146] /home/travis/build/icyphy/ptII/ptolemy/actor/lib/test/auto/ExecNonZeroReturnOutput.xml (RunModel)" time="0.213" />
  <testcase classname="ptolemy.util.test.junit.AutoTests" name="[147] /home/travis/build/icyphy/ptII/ptolemy/actor/lib/test/auto/ExecRunDemos.xml (RunModel)" time="11.744" />
  <testcase classname="ptolemy.util.test.junit.AutoTests" name="[148] /home/travis/build/icyphy/ptII/ptolemy/actor/lib/test/auto/ExecStop.xml (RunModel)" time="5.036" />
  <testcase classname="ptolemy.util.test.junit.AutoTests" name="[149] /home/travis/build/icyphy/ptII/ptolemy/actor/lib/test/auto/ExecutionTimeSDF.xml (RunModel)" time="6.032" />
  <testcase classname="ptolemy.util.test.junit.AutoTests" name="[150] /home/travis/build/icyphy/ptII/ptolemy/actor/lib/test/auto/Expression1.xml (RunModel)" time="0.009" />
  <testcase classname="ptolemy.util.test.junit.AutoTests" name="[151] /home/travis/build/icyphy/ptII/ptolemy/actor/lib/test/auto/Expression10.xml (RunModel)" time="0.03" />
  <testcase classname="ptolemy.util.test.junit.AutoTests" name="[152] /home/travis/build/icyphy/ptII/ptolemy/actor/lib/test/auto/Expression11.xml (RunModel)" time="0.013" />
  <testcase classname="ptolemy.util.test.junit.AutoTests" name="[153] /home/travis/build/icyphy/ptII/ptolemy/actor/lib/test/auto/Expression12.xml (RunModel)" time="0.021" />
  <testcase classname="ptolemy.util.test.junit.AutoTests" name="[154] /home/travis/build/icyphy/ptII/ptolemy/actor/lib/test/auto/Expression13.xml (RunModel)" time="0.022" />
  <testcase classname="ptolemy.util.test.junit.AutoTests" name="[155] /home/travis/build/icyphy/ptII/ptolemy/actor/lib/test/auto/Expression14.xml (RunModel)" time="0.026" />
  <testcase classname="ptolemy.util.test.junit.AutoTests" name="[156] /home/travis/build/icyphy/ptII/ptolemy/actor/lib/test/auto/Expression15.xml (RunModel)" time="0.012" />
  <testcase classname="ptolemy.util.test.junit.AutoTests" name="[157] /home/travis/build/icyphy/ptII/ptolemy/actor/lib/test/auto/Expression16.xml (RunModel)" time="0.018" />
  <testcase classname="ptolemy.util.test.junit.AutoTests" name="[158] /home/travis/build/icyphy/ptII/ptolemy/actor/lib/test/auto/Expression17.xml (RunModel)" time="0.017" />
  <testcase classname="ptolemy.util.test.junit.AutoTests" name="[159] /home/travis/build/icyphy/ptII/ptolemy/actor/lib/test/auto/Expression18.xml (RunModel)" time="0.017" />
  <testcase classname="ptolemy.util.test.junit.AutoTests" name="[160] /home/travis/build/icyphy/ptII/ptolemy/actor/lib/test/auto/Expression2.xml (RunModel)" time="0.017" />
  <testcase classname="ptolemy.util.test.junit.AutoTests" name="[161] /home/travis/build/icyphy/ptII/ptolemy/actor/lib/test/auto/Expression3.xml (RunModel)" time="0.017" />
  <testcase classname="ptolemy.util.test.junit.AutoTests" name="[162] /home/travis/build/icyphy/ptII/ptolemy/actor/lib/test/auto/Expression4.xml (RunModel)" time="0.025" />
  <testcase classname="ptolemy.util.test.junit.AutoTests" name="[163] /home/travis/build/icyphy/ptII/ptolemy/actor/lib/test/auto/Expression5.xml (RunModel)" time="0.017" />
  <testcase classname="ptolemy.util.test.junit.AutoTests" name="[164] /home/travis/build/icyphy/ptII/ptolemy/actor/lib/test/auto/Expression6.xml (RunModel)" time="0.014" />
  <testcase classname="ptolemy.util.test.junit.AutoTests" name="[165] /home/travis/build/icyphy/ptII/ptolemy/actor/lib/test/auto/Expression7.xml (RunModel)" time="0.017" />
  <testcase classname="ptolemy.util.test.junit.AutoTests" name="[166] /home/travis/build/icyphy/ptII/ptolemy/actor/lib/test/auto/Expression8.xml (RunModel)" time="0.021" />
  <testcase classname="ptolemy.util.test.junit.AutoTests" name="[167] /home/travis/build/icyphy/ptII/ptolemy/actor/lib/test/auto/Expression9.xml (RunModel)" time="0.01" />
  <testcase classname="ptolemy.util.test.junit.AutoTests" name="[168] /home/travis/build/icyphy/ptII/ptolemy/actor/lib/test/auto/ExpressionConcatenateArrayType.xml (RunModel)" time="0.03" />
  <testcase classname="ptolemy.util.test.junit.AutoTests" name="[169] /home/travis/build/icyphy/ptII/ptolemy/actor/lib/test/auto/ExpressionConcatenateArrayType2.xml (RunModel)" time="0.026" />
  <testcase classname="ptolemy.util.test.junit.AutoTests" name="[170] /home/travis/build/icyphy/ptII/ptolemy/actor/lib/test/auto/ExpressionFix.xml (RunModel)" time="0.058" />
  <testcase classname="ptolemy.util.test.junit.AutoTests" name="[171] /home/travis/build/icyphy/ptII/ptolemy/actor/lib/test/auto/ExpressionFix2.xml (RunModel)" time="0.014" />
  <testcase classname="ptolemy.util.test.junit.AutoTests" name="[172] /home/travis/build/icyphy/ptII/ptolemy/actor/lib/test/auto/ExpressionFix3.xml (RunModel)" time="0.015" />
  <testcase classname="ptolemy.util.test.junit.AutoTests" name="[173] /home/travis/build/icyphy/ptII/ptolemy/actor/lib/test/auto/FileWriter1.xml (RunModel)" time="0.01" />
  <testcase classname="ptolemy.util.test.junit.AutoTests" name="[174] /home/travis/build/icyphy/ptII/ptolemy/actor/lib/test/auto/FileWriter2.xml (RunModel)" time="0.011" />
  <testcase classname="ptolemy.util.test.junit.AutoTests" name="[175] /home/travis/build/icyphy/ptII/ptolemy/actor/lib/test/auto/FileWriter3.xml (RunModel)" time="0.072" />
  <testcase classname="ptolemy.util.test.junit.AutoTests" name="[176] /home/travis/build/icyphy/ptII/ptolemy/actor/lib/test/auto/Gaussian.xml (RunModel)" time="0.017" />
  <testcase classname="ptolemy.util.test.junit.AutoTests" name="[177] /home/travis/build/icyphy/ptII/ptolemy/actor/lib/test/auto/Gaussian1.xml (RunModel)" time="0.028" />
  <testcase classname="ptolemy.util.test.junit.AutoTests" name="[178] /home/travis/build/icyphy/ptII/ptolemy/actor/lib/test/auto/Gaussian2.xml (RunModel)" time="0.021" />
  <testcase classname="ptolemy.util.test.junit.AutoTests" name="[179] /home/travis/build/icyphy/ptII/ptolemy/actor/lib/test/auto/GradientAdaptiveLattice.xml (RunModel)" time="0.018" />
  <testcase classname="ptolemy.util.test.junit.AutoTests" name="[180] /home/travis/build/icyphy/ptII/ptolemy/actor/lib/test/auto/IIR.xml (RunModel)" time="0.012" />
  <testcase classname="ptolemy.util.test.junit.AutoTests" name="[181] /home/travis/build/icyphy/ptII/ptolemy/actor/lib/test/auto/InputOutputTransparentPorts.xml (RunModel)" time="0.023" />
  <testcase classname="ptolemy.util.test.junit.AutoTests" name="[182] /home/travis/build/icyphy/ptII/ptolemy/actor/lib/test/auto/Interpolator.xml (RunModel)" time="0.018" />
  <testcase classname="ptolemy.util.test.junit.AutoTests" name="[183] /home/travis/build/icyphy/ptII/ptolemy/actor/lib/test/auto/InterpolatorFiringLimitDE.xml (RunModel)" time="0.024" />
  <testcase classname="ptolemy.util.test.junit.AutoTests" name="[184] /home/travis/build/icyphy/ptII/ptolemy/actor/lib/test/auto/Lattice.xml (RunModel)" time="0.011" />
  <testcase classname="ptolemy.util.test.junit.AutoTests" name="[185] /home/travis/build/icyphy/ptII/ptolemy/actor/lib/test/auto/LazyAOCTestLazy.xml (RunModel)" time="0.034" />
  <testcase classname="ptolemy.util.test.junit.AutoTests" name="[186] /home/travis/build/icyphy/ptII/ptolemy/actor/lib/test/auto/LazyAOCTestNonLazy.xml (RunModel)" time="0.02" />
  <testcase classname="ptolemy.util.test.junit.AutoTests" name="[187] /home/travis/build/icyphy/ptII/ptolemy/actor/lib/test/auto/LazyInnerClass.xml (RunModel)" time="0.025" />
  <testcase classname="ptolemy.util.test.junit.AutoTests" name="[188] /home/travis/build/icyphy/ptII/ptolemy/actor/lib/test/auto/LazyPubSub.xml (RunModel)" time="0.04" />
  <testcase classname="ptolemy.util.test.junit.AutoTests" name="[189] /home/travis/build/icyphy/ptII/ptolemy/actor/lib/test/auto/LazyPubSub2.xml (RunModel)" time="0.063" />
  <testcase classname="ptolemy.util.test.junit.AutoTests" name="[190] /home/travis/build/icyphy/ptII/ptolemy/actor/lib/test/auto/LazyPubSub3.xml (RunModel)" time="0.082" />
  <testcase classname="ptolemy.util.test.junit.AutoTests" name="[191] /home/travis/build/icyphy/ptII/ptolemy/actor/lib/test/auto/LazySubClassModel.xml (RunModel)" time="0.066" />
  <testcase classname="ptolemy.util.test.junit.AutoTests" name="[192] /home/travis/build/icyphy/ptII/ptolemy/actor/lib/test/auto/LevelCrossTest1.xml (RunModel)" time="0.017" />
  <testcase classname="ptolemy.util.test.junit.AutoTests" name="[193] /home/travis/build/icyphy/ptII/ptolemy/actor/lib/test/auto/LevelCrossTest10.xml (RunModel)" time="0.018" />
  <testcase classname="ptolemy.util.test.junit.AutoTests" name="[194] /home/travis/build/icyphy/ptII/ptolemy/actor/lib/test/auto/LevelCrossTest11.xml (RunModel)" time="0.019" />
  <testcase classname="ptolemy.util.test.junit.AutoTests" name="[195] /home/travis/build/icyphy/ptII/ptolemy/actor/lib/test/auto/LevelCrossTest12.xml (RunModel)" time="0.02" />
  <testcase classname="ptolemy.util.test.junit.AutoTests" name="[196] /home/travis/build/icyphy/ptII/ptolemy/actor/lib/test/auto/LevelCrossTest13.xml (RunModel)" time="0.017" />
  <testcase classname="ptolemy.util.test.junit.AutoTests" name="[197] /home/travis/build/icyphy/ptII/ptolemy/actor/lib/test/auto/LevelCrossTest2.xml (RunModel)" time="0.012" />
  <testcase classname="ptolemy.util.test.junit.AutoTests" name="[198] /home/travis/build/icyphy/ptII/ptolemy/actor/lib/test/auto/LevelCrossTest3.xml (RunModel)" time="0.016" />
  <testcase classname="ptolemy.util.test.junit.AutoTests" name="[199] /home/travis/build/icyphy/ptII/ptolemy/actor/lib/test/auto/LevelCrossTest4.xml (RunModel)" time="0.014" />
  <testcase classname="ptolemy.util.test.junit.AutoTests" name="[200] /home/travis/build/icyphy/ptII/ptolemy/actor/lib/test/auto/LevelCrossTest5.xml (RunModel)" time="0.019" />
  <testcase classname="ptolemy.util.test.junit.AutoTests" name="[201] /home/travis/build/icyphy/ptII/ptolemy/actor/lib/test/auto/LevelCrossTest6.xml (RunModel)" time="0.015" />
  <testcase classname="ptolemy.util.test.junit.AutoTests" name="[202] /home/travis/build/icyphy/ptII/ptolemy/actor/lib/test/auto/LevelCrossTest7.xml (RunModel)" time="0.025" />
  <testcase classname="ptolemy.util.test.junit.AutoTests" name="[203] /home/travis/build/icyphy/ptII/ptolemy/actor/lib/test/auto/LevelCrossTest8.xml (RunModel)" time="0.016" />
  <testcase classname="ptolemy.util.test.junit.AutoTests" name="[204] /home/travis/build/icyphy/ptII/ptolemy/actor/lib/test/auto/LevelCrossTest9.xml (RunModel)" time="0.016" />
  <testcase classname="ptolemy.util.test.junit.AutoTests" name="[205] /home/travis/build/icyphy/ptII/ptolemy/actor/lib/test/auto/LevinsonDurbin.xml (RunModel)" time="0.011" />
  <testcase classname="ptolemy.util.test.junit.AutoTests" name="[206] /home/travis/build/icyphy/ptII/ptolemy/actor/lib/test/auto/LevinsonDurbin2.xml (RunModel)" time="0.01" />
  <testcase classname="ptolemy.util.test.junit.AutoTests" name="[207] /home/travis/build/icyphy/ptII/ptolemy/actor/lib/test/auto/LevinsonDurbin3.xml (RunModel)" time="0.013" />
  <testcase classname="ptolemy.util.test.junit.AutoTests" name="[208] /home/travis/build/icyphy/ptII/ptolemy/actor/lib/test/auto/Limiter.xml (RunModel)" time="0.052" />
  <testcase classname="ptolemy.util.test.junit.AutoTests" name="[209] /home/travis/build/icyphy/ptII/ptolemy/actor/lib/test/auto/LinearDifferenceEquationSystem.xml (RunModel)" time="0.037" />
  <testcase classname="ptolemy.util.test.junit.AutoTests" name="[210] /home/travis/build/icyphy/ptII/ptolemy/actor/lib/test/auto/LookupTable.xml (RunModel)" time="0.015" />
  <testcase classname="ptolemy.util.test.junit.AutoTests" name="[211] /home/travis/build/icyphy/ptII/ptolemy/actor/lib/test/auto/MathFunction.xml (RunModel)" time="0.027" />
  <testcase classname="ptolemy.util.test.junit.AutoTests" name="[212] /home/travis/build/icyphy/ptII/ptolemy/actor/lib/test/auto/MathFunction2.xml (RunModel)" time="0.016" />
  <testcase classname="ptolemy.util.test.junit.AutoTests" name="[213] /home/travis/build/icyphy/ptII/ptolemy/actor/lib/test/auto/MathFunction3.xml (RunModel)" time="0.029" />
  <testcase classname="ptolemy.util.test.junit.AutoTests" name="[214] /home/travis/build/icyphy/ptII/ptolemy/actor/lib/test/auto/MatrixCropBoolean.xml (RunModel)" time="0.017" />
  <testcase classname="ptolemy.util.test.junit.AutoTests" name="[215] /home/travis/build/icyphy/ptII/ptolemy/actor/lib/test/auto/MatrixCropComplex.xml (RunModel)" time="0.016" />
  <testcase classname="ptolemy.util.test.junit.AutoTests" name="[216] /home/travis/build/icyphy/ptII/ptolemy/actor/lib/test/auto/MatrixCropDouble.xml (RunModel)" time="0.013" />
  <testcase classname="ptolemy.util.test.junit.AutoTests" name="[217] /home/travis/build/icyphy/ptII/ptolemy/actor/lib/test/auto/MatrixCropFix.xml (RunModel)" time="0.017" />
  <testcase classname="ptolemy.util.test.junit.AutoTests" name="[218] /home/travis/build/icyphy/ptII/ptolemy/actor/lib/test/auto/MatrixCropInt.xml (RunModel)" time="0.011" />
  <testcase classname="ptolemy.util.test.junit.AutoTests" name="[219] /home/travis/build/icyphy/ptII/ptolemy/actor/lib/test/auto/MatrixCropLong.xml (RunModel)" time="0.045" />
  <testcase classname="ptolemy.util.test.junit.AutoTests" name="[220] /home/travis/build/icyphy/ptII/ptolemy/actor/lib/test/auto/MatrixToArray.xml (RunModel)" time="0.061" />
  <testcase classname="ptolemy.util.test.junit.AutoTests" name="[221] /home/travis/build/icyphy/ptII/ptolemy/actor/lib/test/auto/MaxIndex.xml (RunModel)" time="0.022" />
  <testcase classname="ptolemy.util.test.junit.AutoTests" name="[222] /home/travis/build/icyphy/ptII/ptolemy/actor/lib/test/auto/Maximum.xml (RunModel)" time="0.02" />
  <testcase classname="ptolemy.util.test.junit.AutoTests" name="[223] /home/travis/build/icyphy/ptII/ptolemy/actor/lib/test/auto/MaximumComplex.xml (RunModel)" time="0.02" />
  <testcase classname="ptolemy.util.test.junit.AutoTests" name="[224] /home/travis/build/icyphy/ptII/ptolemy/actor/lib/test/auto/MethodCallTest.xml (RunModel)" time="0.029" />
  <testcase classname="ptolemy.util.test.junit.AutoTests" name="[225] /home/travis/build/icyphy/ptII/ptolemy/actor/lib/test/auto/Minimum.xml (RunModel)" time="0.02" />
  <testcase classname="ptolemy.util.test.junit.AutoTests" name="[226] /home/travis/build/icyphy/ptII/ptolemy/actor/lib/test/auto/MinimumComplex.xml (RunModel)" time="0.034" />
  <testcase classname="ptolemy.util.test.junit.AutoTests" name="[227] /home/travis/build/icyphy/ptII/ptolemy/actor/lib/test/auto/MinimumMultiports.xml (RunModel)" time="0.021" />
  <testcase classname="ptolemy.util.test.junit.AutoTests" name="[228] /home/travis/build/icyphy/ptII/ptolemy/actor/lib/test/auto/ModifyDate.xml (RunModel)" time="0.05" />
  <testcase classname="ptolemy.util.test.junit.AutoTests" name="[229] /home/travis/build/icyphy/ptII/ptolemy/actor/lib/test/auto/ModifyDate2.xml (RunModel)" time="0.045" />
  <testcase classname="ptolemy.util.test.junit.AutoTests" name="[230] /home/travis/build/icyphy/ptII/ptolemy/actor/lib/test/auto/MovingAverage.xml (RunModel)" time="0.014" />
  <testcase classname="ptolemy.util.test.junit.AutoTests" name="[231] /home/travis/build/icyphy/ptII/ptolemy/actor/lib/test/auto/MovingMaximum.xml (RunModel)" time="0.014" />
  <testcase classname="ptolemy.util.test.junit.AutoTests" name="[232] /home/travis/build/icyphy/ptII/ptolemy/actor/lib/test/auto/MultipleLinksToSameRelation.xml (RunModel)" time="0.009" />
  <testcase classname="ptolemy.util.test.junit.AutoTests" name="[233] /home/travis/build/icyphy/ptII/ptolemy/actor/lib/test/auto/MultipleLinksToSameRelationDE.xml (RunModel)" time="0.016" />
  <testcase classname="ptolemy.util.test.junit.AutoTests" name="[234] /home/travis/build/icyphy/ptII/ptolemy/actor/lib/test/auto/Multiplexor.xml (RunModel)" time="0.023" />
  <testcase classname="ptolemy.util.test.junit.AutoTests" name="[235] /home/travis/build/icyphy/ptII/ptolemy/actor/lib/test/auto/Multiplexor1.xml (RunModel)" time="0.013" />
  <testcase classname="ptolemy.util.test.junit.AutoTests" name="[236] /home/travis/build/icyphy/ptII/ptolemy/actor/lib/test/auto/Multiplexor2.xml (RunModel)" time="0.019" />
  <testcase classname="ptolemy.util.test.junit.AutoTests" name="[237] /home/travis/build/icyphy/ptII/ptolemy/actor/lib/test/auto/Multiplexor3.xml (RunModel)" time="0.009" />
  <testcase classname="ptolemy.util.test.junit.AutoTests" name="[238] /home/travis/build/icyphy/ptII/ptolemy/actor/lib/test/auto/MultiplexorDE.xml (RunModel)" time="0.028" />
  <testcase classname="ptolemy.util.test.junit.AutoTests" name="[239] /home/travis/build/icyphy/ptII/ptolemy/actor/lib/test/auto/MultiportBroadcastTest.xml (RunModel)" time="0.11" />
  <testcase classname="ptolemy.util.test.junit.AutoTests" name="[240] /home/travis/build/icyphy/ptII/ptolemy/actor/lib/test/auto/MultiportOutHangDuringGetWidth.xml (RunModel)" time="0.04" />
  <testcase classname="ptolemy.util.test.junit.AutoTests" name="[241] /home/travis/build/icyphy/ptII/ptolemy/actor/lib/test/auto/NilToken.xml (RunModel)" time="0.013" />
  <testcase classname="ptolemy.util.test.junit.AutoTests" name="[242] /home/travis/build/icyphy/ptII/ptolemy/actor/lib/test/auto/NilTokenNonStrictTest.xml (RunModel)" time="0.015" />
  <testcase classname="ptolemy.util.test.junit.AutoTests" name="[243] /home/travis/build/icyphy/ptII/ptolemy/actor/lib/test/auto/NilTokenRecord.xml (RunModel)" time="0.034" />
  <testcase classname="ptolemy.util.test.junit.AutoTests" name="[244] /home/travis/build/icyphy/ptII/ptolemy/actor/lib/test/auto/NilTokenTypeTest.xml (RunModel)" time="0.038" />
  <testcase classname="ptolemy.util.test.junit.AutoTests" name="[245] /home/travis/build/icyphy/ptII/ptolemy/actor/lib/test/auto/ObjectToken1.xml (RunModel)" time="0.02" />
  <testcase classname="ptolemy.util.test.junit.AutoTests" name="[246] /home/travis/build/icyphy/ptII/ptolemy/actor/lib/test/auto/OrderedMerge.xml (RunModel)" time="0.018" />
  <testcase classname="ptolemy.util.test.junit.AutoTests" name="[247] /home/travis/build/icyphy/ptII/ptolemy/actor/lib/test/auto/OrderedRecordDisassembler.xml (RunModel)" time="0.026" />
  <testcase classname="ptolemy.util.test.junit.AutoTests" name="[248] /home/travis/build/icyphy/ptII/ptolemy/actor/lib/test/auto/OrderedRecordDisassembler2.xml (RunModel)" time="0.024" />
  <testcase classname="ptolemy.util.test.junit.AutoTests" name="[249] /home/travis/build/icyphy/ptII/ptolemy/actor/lib/test/auto/OrderedRecordUpdater.xml (RunModel)" time="0.013" />
  <testcase classname="ptolemy.util.test.junit.AutoTests" name="[250] /home/travis/build/icyphy/ptII/ptolemy/actor/lib/test/auto/OrderedRecordUpdater2.xml (RunModel)" time="0.021" />
  <testcase classname="ptolemy.util.test.junit.AutoTests" name="[251] /home/travis/build/icyphy/ptII/ptolemy/actor/lib/test/auto/PhaseUnwrap.xml (RunModel)" time="0.015" />
  <testcase classname="ptolemy.util.test.junit.AutoTests" name="[252] /home/travis/build/icyphy/ptII/ptolemy/actor/lib/test/auto/PoissonClock.xml (RunModel)" time="0.012" />
  <testcase classname="ptolemy.util.test.junit.AutoTests" name="[253] /home/travis/build/icyphy/ptII/ptolemy/actor/lib/test/auto/PoissonClock2.xml (RunModel)" time="0.009" />
  <testcase classname="ptolemy.util.test.junit.AutoTests" name="[254] /home/travis/build/icyphy/ptII/ptolemy/actor/lib/test/auto/PoissonClock3.xml (RunModel)" time="0.033" />
  <testcase classname="ptolemy.util.test.junit.AutoTests" name="[255] /home/travis/build/icyphy/ptII/ptolemy/actor/lib/test/auto/PubSubWithInitialTokens.xml (RunModel)" time="0.018" />
  <testcase classname="ptolemy.util.test.junit.AutoTests" name="[256] /home/travis/build/icyphy/ptII/ptolemy/actor/lib/test/auto/PubSubWithInitialTokens2.xml (RunModel)" time="0.018" />
  <testcase classname="ptolemy.util.test.junit.AutoTests" name="[257] /home/travis/build/icyphy/ptII/ptolemy/actor/lib/test/auto/PublisherClassNoParameter.xml (RunModel)" time="0.032" />
  <testcase classname="ptolemy.util.test.junit.AutoTests" name="[258] /home/travis/build/icyphy/ptII/ptolemy/actor/lib/test/auto/PublisherClassParameter.xml (RunModel)" time="0.031" />
  <testcase classname="ptolemy.util.test.junit.AutoTests" name="[259] /home/travis/build/icyphy/ptII/ptolemy/actor/lib/test/auto/PublisherNonStrictTest.xml (RunModel)" time="0.025" />
  <testcase classname="ptolemy.util.test.junit.AutoTests" name="[260] /home/travis/build/icyphy/ptII/ptolemy/actor/lib/test/auto/PublisherPort1.xml (RunModel)" time="0.014" />
  <testcase classname="ptolemy.util.test.junit.AutoTests" name="[261] /home/travis/build/icyphy/ptII/ptolemy/actor/lib/test/auto/PublisherPort2.xml (RunModel)" time="0.062" />
  <testcase classname="ptolemy.util.test.junit.AutoTests" name="[262] /home/travis/build/icyphy/ptII/ptolemy/actor/lib/test/auto/PublisherPort3.xml (RunModel)" time="0.028" />
  <testcase classname="ptolemy.util.test.junit.AutoTests" name="[263] /home/travis/build/icyphy/ptII/ptolemy/actor/lib/test/auto/PublisherPort4.xml (RunModel)" time="0.029" />
  <testcase classname="ptolemy.util.test.junit.AutoTests" name="[264] /home/travis/build/icyphy/ptII/ptolemy/actor/lib/test/auto/PublisherPort5.xml (RunModel)" time="0.022" />
  <testcase classname="ptolemy.util.test.junit.AutoTests" name="[265] /home/travis/build/icyphy/ptII/ptolemy/actor/lib/test/auto/PublisherPort5LookAlike.xml (RunModel)" time="0.024" />
  <testcase classname="ptolemy.util.test.junit.AutoTests" name="[266] /home/travis/build/icyphy/ptII/ptolemy/actor/lib/test/auto/PublisherPort6.xml (RunModel)" time="0.014" />
  <testcase classname="ptolemy.util.test.junit.AutoTests" name="[267] /home/travis/build/icyphy/ptII/ptolemy/actor/lib/test/auto/PublisherPort7.xml (RunModel)" time="0.019" />
  <testcase classname="ptolemy.util.test.junit.AutoTests" name="[268] /home/travis/build/icyphy/ptII/ptolemy/actor/lib/test/auto/PublisherPort8.xml (RunModel)" time="0.03" />
  <testcase classname="ptolemy.util.test.junit.AutoTests" name="[269] /home/travis/build/icyphy/ptII/ptolemy/actor/lib/test/auto/PublisherPortSubscriberChannelVariablesAOC2.xml (RunModel)" time="0.044" />
  <testcase classname="ptolemy.util.test.junit.AutoTests" name="[270] /home/travis/build/icyphy/ptII/ptolemy/actor/lib/test/auto/PublisherPortSubscriberOpaqueWidthInference.xml (RunModel)" time="0.02" />
  <testcase classname="ptolemy.util.test.junit.AutoTests" name="[271] /home/travis/build/icyphy/ptII/ptolemy/actor/lib/test/auto/PublisherPortSubscriberPortAdjacent.xml (RunModel)" time="0.025" />
  <testcase classname="ptolemy.util.test.junit.AutoTests" name="[272] /home/travis/build/icyphy/ptII/ptolemy/actor/lib/test/auto/PublisherPortSubscriberPortExpression.xml (RunModel)" time="0.02" />
  <testcase classname="ptolemy.util.test.junit.AutoTests" name="[273] /home/travis/build/icyphy/ptII/ptolemy/actor/lib/test/auto/PublisherPortSubscriberPortOpaqueD3Reverse.xml (RunModel)" time="0.049" />
  <testcase classname="ptolemy.util.test.junit.AutoTests" name="[274] /home/travis/build/icyphy/ptII/ptolemy/actor/lib/test/auto/PublisherPortSubscriberPortOpaqueWidthInference.xml (RunModel)" time="0.044" />
  <testcase classname="ptolemy.util.test.junit.AutoTests" name="[275] /home/travis/build/icyphy/ptII/ptolemy/actor/lib/test/auto/PublisherPortToplevelSubscriberPortAOC.xml (RunModel)" time="0.014" />
  <testcase classname="ptolemy.util.test.junit.AutoTests" name="[276] /home/travis/build/icyphy/ptII/ptolemy/actor/lib/test/auto/PublisherSubscriber.xml (RunModel)" time="0.017" />
  <testcase classname="ptolemy.util.test.junit.AutoTests" name="[277] /home/travis/build/icyphy/ptII/ptolemy/actor/lib/test/auto/PublisherSubscriber10.xml (RunModel)" time="0.025" />
  <testcase classname="ptolemy.util.test.junit.AutoTests" name="[278] /home/travis/build/icyphy/ptII/ptolemy/actor/lib/test/auto/PublisherSubscriber10InitialOutputs.xml (RunModel)" time="0.036" />
  <testcase classname="ptolemy.util.test.junit.AutoTests" name="[279] /home/travis/build/icyphy/ptII/ptolemy/actor/lib/test/auto/PublisherSubscriber11.xml (RunModel)" time="0.018" />
  <testcase classname="ptolemy.util.test.junit.AutoTests" name="[280] /home/travis/build/icyphy/ptII/ptolemy/actor/lib/test/auto/PublisherSubscriber12.xml (RunModel)" time="0.027" />
  <testcase classname="ptolemy.util.test.junit.AutoTests" name="[281] /home/travis/build/icyphy/ptII/ptolemy/actor/lib/test/auto/PublisherSubscriber13.xml (RunModel)" time="0.013" />
  <testcase classname="ptolemy.util.test.junit.AutoTests" name="[282] /home/travis/build/icyphy/ptII/ptolemy/actor/lib/test/auto/PublisherSubscriber14.xml (RunModel)" time="0.027" />
  <testcase classname="ptolemy.util.test.junit.AutoTests" name="[283] /home/travis/build/icyphy/ptII/ptolemy/actor/lib/test/auto/PublisherSubscriber2.xml (RunModel)" time="0.014" />
  <testcase classname="ptolemy.util.test.junit.AutoTests" name="[284] /home/travis/build/icyphy/ptII/ptolemy/actor/lib/test/auto/PublisherSubscriber3.xml (RunModel)" time="0.013" />
  <testcase classname="ptolemy.util.test.junit.AutoTests" name="[285] /home/travis/build/icyphy/ptII/ptolemy/actor/lib/test/auto/PublisherSubscriber4.xml (RunModel)" time="0.013" />
  <testcase classname="ptolemy.util.test.junit.AutoTests" name="[286] /home/travis/build/icyphy/ptII/ptolemy/actor/lib/test/auto/PublisherSubscriber5.xml (RunModel)" time="0.016" />
  <testcase classname="ptolemy.util.test.junit.AutoTests" name="[287] /home/travis/build/icyphy/ptII/ptolemy/actor/lib/test/auto/PublisherSubscriber6.xml (RunModel)" time="0.018" />
  <testcase classname="ptolemy.util.test.junit.AutoTests" name="[288] /home/travis/build/icyphy/ptII/ptolemy/actor/lib/test/auto/PublisherSubscriber7.xml (RunModel)" time="0.021" />
  <testcase classname="ptolemy.util.test.junit.AutoTests" name="[289] /home/travis/build/icyphy/ptII/ptolemy/actor/lib/test/auto/PublisherSubscriber8.xml (RunModel)" time="0.045" />
  <testcase classname="ptolemy.util.test.junit.AutoTests" name="[290] /home/travis/build/icyphy/ptII/ptolemy/actor/lib/test/auto/PublisherSubscriber9.xml (RunModel)" time="0.024" />
  <testcase classname="ptolemy.util.test.junit.AutoTests" name="[291] /home/travis/build/icyphy/ptII/ptolemy/actor/lib/test/auto/PublisherSubscriberAdjacent.xml (RunModel)" time="0.02" />
  <testcase classname="ptolemy.util.test.junit.AutoTests" name="[292] /home/travis/build/icyphy/ptII/ptolemy/actor/lib/test/auto/PublisherSubscriberChannelVariablesAOC2.xml (RunModel)" time="0.034" />
  <testcase classname="ptolemy.util.test.junit.AutoTests" name="[293] /home/travis/build/icyphy/ptII/ptolemy/actor/lib/test/auto/PublisherSubscriberD3.xml (RunModel)" time="0.017" />
  <testcase classname="ptolemy.util.test.junit.AutoTests" name="[294] /home/travis/build/icyphy/ptII/ptolemy/actor/lib/test/auto/PublisherSubscriberD3Reverse.xml (RunModel)" time="0.014" />
  <testcase classname="ptolemy.util.test.junit.AutoTests" name="[295] /home/travis/build/icyphy/ptII/ptolemy/actor/lib/test/auto/PublisherSubscriberExpression.xml (RunModel)" time="0.021" />
  <testcase classname="ptolemy.util.test.junit.AutoTests" name="[296] /home/travis/build/icyphy/ptII/ptolemy/actor/lib/test/auto/PublisherSubscriberOpaque.xml (RunModel)" time="0.068" />
  <testcase classname="ptolemy.util.test.junit.AutoTests" name="[297] /home/travis/build/icyphy/ptII/ptolemy/actor/lib/test/auto/PublisherSubscriberOpaqueD3.xml (RunModel)" time="0.027" />
  <testcase classname="ptolemy.util.test.junit.AutoTests" name="[298] /home/travis/build/icyphy/ptII/ptolemy/actor/lib/test/auto/PublisherSubscriberOpaqueD3Reverse.xml (RunModel)" time="0.029" />
  <testcase classname="ptolemy.util.test.junit.AutoTests" name="[299] /home/travis/build/icyphy/ptII/ptolemy/actor/lib/test/auto/PublisherSubscriberOpaqueWidthInference.xml (RunModel)" time="0.019" />
  <testcase classname="ptolemy.util.test.junit.AutoTests" name="[300] /home/travis/build/icyphy/ptII/ptolemy/actor/lib/test/auto/PublisherTestSubscriber.xml (RunModel)" time="0.02" />
  <testcase classname="ptolemy.util.test.junit.AutoTests" name="[301] /home/travis/build/icyphy/ptII/ptolemy/actor/lib/test/auto/PublisherToplevelSubscriberPortAOC.xml (RunModel)" time="0.014" />
  <testcase classname="ptolemy.util.test.junit.AutoTests" name="[302] /home/travis/build/icyphy/ptII/ptolemy/actor/lib/test/auto/PulseFiringLimitDE.xml (RunModel)" time="0.016" />
  <testcase classname="ptolemy.util.test.junit.AutoTests" name="[303] /home/travis/build/icyphy/ptII/ptolemy/actor/lib/test/auto/Ramp1.xml (RunModel)" time="0.008" />
  <testcase classname="ptolemy.util.test.junit.AutoTests" name="[304] /home/travis/build/icyphy/ptII/ptolemy/actor/lib/test/auto/RampFiringLimitDE.xml (RunModel)" time="0.014" />
  <testcase classname="ptolemy.util.test.junit.AutoTests" name="[305] /home/travis/build/icyphy/ptII/ptolemy/actor/lib/test/auto/RampFiringLimitSDF.xml (RunModel)" time="0.016" />
  <testcase classname="ptolemy.util.test.junit.AutoTests" name="[306] /home/travis/build/icyphy/ptII/ptolemy/actor/lib/test/auto/RandomInteger.xml (RunModel)" time="0.01" />
  <testcase classname="ptolemy.util.test.junit.AutoTests" name="[307] /home/travis/build/icyphy/ptII/ptolemy/actor/lib/test/auto/ReadFile1.xml (RunModel)" time="0.009" />
  <testcase classname="ptolemy.util.test.junit.AutoTests" name="[308] /home/travis/build/icyphy/ptII/ptolemy/actor/lib/test/auto/ReadFile2.xml (RunModel)" time="0.009" />
  <testcase classname="ptolemy.util.test.junit.AutoTests" name="[309] /home/travis/build/icyphy/ptII/ptolemy/actor/lib/test/auto/Reader.xml (RunModel)" time="0.013" />
  <testcase classname="ptolemy.util.test.junit.AutoTests" name="[310] /home/travis/build/icyphy/ptII/ptolemy/actor/lib/test/auto/RecordAssemblerDisplayNameTest.xml (RunModel)" time="5.355" />
  <testcase classname="ptolemy.util.test.junit.AutoTests" name="[311] /home/travis/build/icyphy/ptII/ptolemy/actor/lib/test/auto/RecordAssemblerTypeError.xml (RunModel)" time="0.06" />
  <testcase classname="ptolemy.util.test.junit.AutoTests" name="[312] /home/travis/build/icyphy/ptII/ptolemy/actor/lib/test/auto/RecordDisassember.xml (RunModel)" time="0.025" />
  <testcase classname="ptolemy.util.test.junit.AutoTests" name="[313] /home/travis/build/icyphy/ptII/ptolemy/actor/lib/test/auto/RecordDisassemberDisplayNameTest.xml (RunModel)" time="0.021" />
  <testcase classname="ptolemy.util.test.junit.AutoTests" name="[314] /home/travis/build/icyphy/ptII/ptolemy/actor/lib/test/auto/RecordDisassembler.xml (RunModel)" time="0.015" />
  <testcase classname="ptolemy.util.test.junit.AutoTests" name="[315] /home/travis/build/icyphy/ptII/ptolemy/actor/lib/test/auto/RecordDisassembler2.xml (RunModel)" time="0.062" />
  <testcase classname="ptolemy.util.test.junit.AutoTests" name="[316] /home/travis/build/icyphy/ptII/ptolemy/actor/lib/test/auto/RecordUpdater.xml (RunModel)" time="0.018" />
  <testcase classname="ptolemy.util.test.junit.AutoTests" name="[317] /home/travis/build/icyphy/ptII/ptolemy/actor/lib/test/auto/RecordUpdater2.xml (RunModel)" time="0.011" />
  <testcase classname="ptolemy.util.test.junit.AutoTests" name="[318] /home/travis/build/icyphy/ptII/ptolemy/actor/lib/test/auto/RecursiveLattice.xml (RunModel)" time="0.01" />
  <testcase classname="ptolemy.util.test.junit.AutoTests" name="[319] /home/travis/build/icyphy/ptII/ptolemy/actor/lib/test/auto/Router.xml (RunModel)" time="3.028" />
  <testcase classname="ptolemy.util.test.junit.AutoTests" name="[320] /home/travis/build/icyphy/ptII/ptolemy/actor/lib/test/auto/Router2.xml (RunModel)" time="3.048" />
  <testcase classname="ptolemy.util.test.junit.AutoTests" name="[321] /home/travis/build/icyphy/ptII/ptolemy/actor/lib/test/auto/RunningMaximum.xml (RunModel)" time="0.019" />
  <testcase classname="ptolemy.util.test.junit.AutoTests" name="[322] /home/travis/build/icyphy/ptII/ptolemy/actor/lib/test/auto/RunningMinimum.xml (RunModel)" time="0.021" />
  <testcase classname="ptolemy.util.test.junit.AutoTests" name="[323] /home/travis/build/icyphy/ptII/ptolemy/actor/lib/test/auto/Scale.xml (RunModel)" time="0.009" />
  <testcase classname="ptolemy.util.test.junit.AutoTests" name="[324] /home/travis/build/icyphy/ptII/ptolemy/actor/lib/test/auto/Scale2.xml (RunModel)" time="0.011" />
  <testcase classname="ptolemy.util.test.junit.AutoTests" name="[325] /home/travis/build/icyphy/ptII/ptolemy/actor/lib/test/auto/Scale3.xml (RunModel)" time="0.017" />
  <testcase classname="ptolemy.util.test.junit.AutoTests" name="[326] /home/travis/build/icyphy/ptII/ptolemy/actor/lib/test/auto/ScaleArray.xml (RunModel)" time="0.01" />
  <testcase classname="ptolemy.util.test.junit.AutoTests" name="[327] /home/travis/build/icyphy/ptII/ptolemy/actor/lib/test/auto/ScaleArray2.xml (RunModel)" time="0.01" />
  <testcase classname="ptolemy.util.test.junit.AutoTests" name="[328] /home/travis/build/icyphy/ptII/ptolemy/actor/lib/test/auto/ScaleMatrix.xml (RunModel)" time="0.145" />
  <testcase classname="ptolemy.util.test.junit.AutoTests" name="[329] /home/travis/build/icyphy/ptII/ptolemy/actor/lib/test/auto/Select.xml (RunModel)" time="0.016" />
  <testcase classname="ptolemy.util.test.junit.AutoTests" name="[330] /home/travis/build/icyphy/ptII/ptolemy/actor/lib/test/auto/Select2.xml (RunModel)" time="0.01" />
  <testcase classname="ptolemy.util.test.junit.AutoTests" name="[331] /home/travis/build/icyphy/ptII/ptolemy/actor/lib/test/auto/SequenceToArray2.xml (RunModel)" time="0.157" />
  <testcase classname="ptolemy.util.test.junit.AutoTests" name="[332] /home/travis/build/icyphy/ptII/ptolemy/actor/lib/test/auto/SequentialClock.xml (RunModel)" time="0.011" />
  <testcase classname="ptolemy.util.test.junit.AutoTests" name="[333] /home/travis/build/icyphy/ptII/ptolemy/actor/lib/test/auto/SetVariable.xml (RunModel)" time="0.012" />
  <testcase classname="ptolemy.util.test.junit.AutoTests" name="[334] /home/travis/build/icyphy/ptII/ptolemy/actor/lib/test/auto/SetVariable2.xml (RunModel)" time="0.014" />
  <testcase classname="ptolemy.util.test.junit.AutoTests" name="[335] /home/travis/build/icyphy/ptII/ptolemy/actor/lib/test/auto/SetVariable3.xml (RunModel)" time="0.018" />
  <testcase classname="ptolemy.util.test.junit.AutoTests" name="[336] /home/travis/build/icyphy/ptII/ptolemy/actor/lib/test/auto/SetVariable4.xml (RunModel)" time="0.032" />
  <testcase classname="ptolemy.util.test.junit.AutoTests" name="[337] /home/travis/build/icyphy/ptII/ptolemy/actor/lib/test/auto/SetVariable5.xml (RunModel)" time="0.045" />
  <testcase classname="ptolemy.util.test.junit.AutoTests" name="[338] /home/travis/build/icyphy/ptII/ptolemy/actor/lib/test/auto/Sinewave.xml (RunModel)" time="0.035" />
  <testcase classname="ptolemy.util.test.junit.AutoTests" name="[339] /home/travis/build/icyphy/ptII/ptolemy/actor/lib/test/auto/Sinewave2.xml (RunModel)" time="0.022" />
  <testcase classname="ptolemy.util.test.junit.AutoTests" name="[340] /home/travis/build/icyphy/ptII/ptolemy/actor/lib/test/auto/Sinewave3.xml (RunModel)" time="0.023" />
  <testcase classname="ptolemy.util.test.junit.AutoTests" name="[341] /home/travis/build/icyphy/ptII/ptolemy/actor/lib/test/auto/SingleEvent.xml (RunModel)" time="0.009" />
  <testcase classname="ptolemy.util.test.junit.AutoTests" name="[342] /home/travis/build/icyphy/ptII/ptolemy/actor/lib/test/auto/Sleep.xml (RunModel)" time="6.023" />
  <testcase classname="ptolemy.util.test.junit.AutoTests" name="[343] /home/travis/build/icyphy/ptII/ptolemy/actor/lib/test/auto/SleepMultipleFire.xml (RunModel)" time="1.019" />
  <testcase classname="ptolemy.util.test.junit.AutoTests" name="[344] /home/travis/build/icyphy/ptII/ptolemy/actor/lib/test/auto/StopDE.xml (RunModel)" time="0.021" />
  <testcase classname="ptolemy.util.test.junit.AutoTests" name="[345] /home/travis/build/icyphy/ptII/ptolemy/actor/lib/test/auto/StopSDF.xml (RunModel)" time="0.015" />
  <testcase classname="ptolemy.util.test.junit.AutoTests" name="[346] /home/travis/build/icyphy/ptII/ptolemy/actor/lib/test/auto/StringConstant.xml (RunModel)" time="0.017" />
  <testcase classname="ptolemy.util.test.junit.AutoTests" name="[347] /home/travis/build/icyphy/ptII/ptolemy/actor/lib/test/auto/SubscriberPortInitialValues1.xml (RunModel)" time="0.031" />
  <testcase classname="ptolemy.util.test.junit.AutoTests" name="[348] /home/travis/build/icyphy/ptII/ptolemy/actor/lib/test/auto/SubscriberPortInitialValues13.xml (RunModel)" time="0.033" />
  <testcase classname="ptolemy.util.test.junit.AutoTests" name="[349] /home/travis/build/icyphy/ptII/ptolemy/actor/lib/test/auto/SubscriberPortInitialValues14.xml (RunModel)" time="0.018" />
  <testcase classname="ptolemy.util.test.junit.AutoTests" name="[350] /home/travis/build/icyphy/ptII/ptolemy/actor/lib/test/auto/SubscriberPortInitialValues2.xml (RunModel)" time="0.03" />
  <testcase classname="ptolemy.util.test.junit.AutoTests" name="[351] /home/travis/build/icyphy/ptII/ptolemy/actor/lib/test/auto/SubscriberPortInitialValues3.xml (RunModel)" time="0.022" />
  <testcase classname="ptolemy.util.test.junit.AutoTests" name="[352] /home/travis/build/icyphy/ptII/ptolemy/actor/lib/test/auto/SubscriptionAggregator.xml (RunModel)" time="0.048" />
  <testcase classname="ptolemy.util.test.junit.AutoTests" name="[353] /home/travis/build/icyphy/ptII/ptolemy/actor/lib/test/auto/SubscriptionAggregator2.xml (RunModel)" time="0.015" />
  <testcase classname="ptolemy.util.test.junit.AutoTests" name="[354] /home/travis/build/icyphy/ptII/ptolemy/actor/lib/test/auto/SubscriptionAggregator3.xml (RunModel)" time="0.021" />
  <testcase classname="ptolemy.util.test.junit.AutoTests" name="[355] /home/travis/build/icyphy/ptII/ptolemy/actor/lib/test/auto/SubscriptionAggregatorMultiply.xml (RunModel)" time="0.018" />
  <testcase classname="ptolemy.util.test.junit.AutoTests" name="[356] /home/travis/build/icyphy/ptII/ptolemy/actor/lib/test/auto/SubscriptionAggregatorPortMultiply1.xml (RunModel)" time="0.017" />
  <testcase classname="ptolemy.util.test.junit.AutoTests" name="[357] /home/travis/build/icyphy/ptII/ptolemy/actor/lib/test/auto/Switch.xml (RunModel)" time="0.022" />
  <testcase classname="ptolemy.util.test.junit.AutoTests" name="[358] /home/travis/build/icyphy/ptII/ptolemy/actor/lib/test/auto/Switch2.xml (RunModel)" time="0.015" />
  <testcase classname="ptolemy.util.test.junit.AutoTests" name="[359] /home/travis/build/icyphy/ptII/ptolemy/actor/lib/test/auto/SwitchDE.xml (RunModel)" time="0.016" />
  <testcase classname="ptolemy.util.test.junit.AutoTests" name="[360] /home/travis/build/icyphy/ptII/ptolemy/actor/lib/test/auto/SynchronizerDE.xml (RunModel)" time="0.028" />
  <testcase classname="ptolemy.util.test.junit.AutoTests" name="[361] /home/travis/build/icyphy/ptII/ptolemy/actor/lib/test/auto/Test.xml (RunModel)" time="0.02" />
  <testcase classname="ptolemy.util.test.junit.AutoTests" name="[362] /home/travis/build/icyphy/ptII/ptolemy/actor/lib/test/auto/TestExceptionAttribute1.xml (RunModel)" time="0.01" />
  <testcase classname="ptolemy.util.test.junit.AutoTests" name="[363] /home/travis/build/icyphy/ptII/ptolemy/actor/lib/test/auto/TestExceptionAttribute2.xml (RunModel)" time="0.009" />
  <testcase classname="ptolemy.util.test.junit.AutoTests" name="[364] /home/travis/build/icyphy/ptII/ptolemy/actor/lib/test/auto/TestExceptionAttribute3.xml (RunModel)" time="0.013" />
  <testcase classname="ptolemy.util.test.junit.AutoTests" name="[365] /home/travis/build/icyphy/ptII/ptolemy/actor/lib/test/auto/TestExceptionAttribute4.xml (RunModel)" time="0.008" />
  <testcase classname="ptolemy.util.test.junit.AutoTests" name="[366] /home/travis/build/icyphy/ptII/ptolemy/actor/lib/test/auto/TestExceptionHandler1.xml (RunModel)" time="0.009" />
  <testcase classname="ptolemy.util.test.junit.AutoTests" name="[367] /home/travis/build/icyphy/ptII/ptolemy/actor/lib/test/auto/TestExceptionHandler2.xml (RunModel)" time="0.015" />
  <testcase classname="ptolemy.util.test.junit.AutoTests" name="[368] /home/travis/build/icyphy/ptII/ptolemy/actor/lib/test/auto/TestExceptionHandler3.xml (RunModel)" time="0.007" />
  <testcase classname="ptolemy.util.test.junit.AutoTests" name="[369] /home/travis/build/icyphy/ptII/ptolemy/actor/lib/test/auto/TestExceptionHandler4.xml (RunModel)" time="0.007" />
  <testcase classname="ptolemy.util.test.junit.AutoTests" name="[370] /home/travis/build/icyphy/ptII/ptolemy/actor/lib/test/auto/TestRequireCorrectOrder.xml (RunModel)" time="0.012" />
  <testcase classname="ptolemy.util.test.junit.AutoTests" name="[371] /home/travis/build/icyphy/ptII/ptolemy/actor/lib/test/auto/TestSimple.xml (RunModel)" time="0.008" />
  <testcase classname="ptolemy.util.test.junit.AutoTests" name="[372] /home/travis/build/icyphy/ptII/ptolemy/actor/lib/test/auto/ThrowModelError.xml (RunModel)" time="0.012" />
  <testcase classname="ptolemy.util.test.junit.AutoTests" name="[373] /home/travis/build/icyphy/ptII/ptolemy/actor/lib/test/auto/TimeDelayMicrosteps.xml (RunModel)" time="0.018" />
  <testcase classname="ptolemy.util.test.junit.AutoTests" name="[374] /home/travis/build/icyphy/ptII/ptolemy/actor/lib/test/auto/TimeDelayMicrosteps2.xml (RunModel)" time="0.02" />
  <testcase classname="ptolemy.util.test.junit.AutoTests" name="[375] /home/travis/build/icyphy/ptII/ptolemy/actor/lib/test/auto/TimeDelayMicrosteps3.xml (RunModel)" time="0.015" />
  <testcase classname="ptolemy.util.test.junit.AutoTests" name="[376] /home/travis/build/icyphy/ptII/ptolemy/actor/lib/test/auto/TimeDelayVariableMicrosteps.xml (RunModel)" time="0.015" />
  <testcase classname="ptolemy.util.test.junit.AutoTests" name="[377] /home/travis/build/icyphy/ptII/ptolemy/actor/lib/test/auto/TimeGap.xml (RunModel)" time="0.037" />
  <testcase classname="ptolemy.util.test.junit.AutoTests" name="[378] /home/travis/build/icyphy/ptII/ptolemy/actor/lib/test/auto/TimeGap2.xml (RunModel)" time="0.016" />
  <testcase classname="ptolemy.util.test.junit.AutoTests" name="[379] /home/travis/build/icyphy/ptII/ptolemy/actor/lib/test/auto/TimedSinewave.xml (RunModel)" time="0.078" />
  <testcase classname="ptolemy.util.test.junit.AutoTests" name="[380] /home/travis/build/icyphy/ptII/ptolemy/actor/lib/test/auto/TimedSinewavePhase.xml (RunModel)" time="0.036" />
  <testcase classname="ptolemy.util.test.junit.AutoTests" name="[381] /home/travis/build/icyphy/ptII/ptolemy/actor/lib/test/auto/Timer.xml (RunModel)" time="0.02" />
  <testcase classname="ptolemy.util.test.junit.AutoTests" name="[382] /home/travis/build/icyphy/ptII/ptolemy/actor/lib/test/auto/TriangularDistTestModel.xml (RunModel)" time="0.021" />
  <testcase classname="ptolemy.util.test.junit.AutoTests" name="[383] /home/travis/build/icyphy/ptII/ptolemy/actor/lib/test/auto/TrigFunction.xml (RunModel)" time="0.01" />
  <testcase classname="ptolemy.util.test.junit.AutoTests" name="[384] /home/travis/build/icyphy/ptII/ptolemy/actor/lib/test/auto/TrigFunctionDE.xml (RunModel)" time="0.013" />
  <testcase classname="ptolemy.util.test.junit.AutoTests" name="[385] /home/travis/build/icyphy/ptII/ptolemy/actor/lib/test/auto/TrigFunctionInverse.xml (RunModel)" time="0.011" />
  <testcase classname="ptolemy.util.test.junit.AutoTests" name="[386] /home/travis/build/icyphy/ptII/ptolemy/actor/lib/test/auto/TrigFunctionTan.xml (RunModel)" time="0.008" />
  <testcase classname="ptolemy.util.test.junit.AutoTests" name="[387] /home/travis/build/icyphy/ptII/ptolemy/actor/lib/test/auto/TriggeredClock.xml (RunModel)" time="0.011" />
  <testcase classname="ptolemy.util.test.junit.AutoTests" name="[388] /home/travis/build/icyphy/ptII/ptolemy/actor/lib/test/auto/URLDirectoryReader.xml (RunModel)" time="0.159" />
  <testcase classname="ptolemy.util.test.junit.AutoTests" name="[389] /home/travis/build/icyphy/ptII/ptolemy/actor/lib/test/auto/URLDirectoryReader3.xml (RunModel)" time="1.413" />
  <testcase classname="ptolemy.util.test.junit.AutoTests" name="[390] /home/travis/build/icyphy/ptII/ptolemy/actor/lib/test/auto/UnaryMathFunction.xml (RunModel)" time="0.035" />
  <testcase classname="ptolemy.util.test.junit.AutoTests" name="[391] /home/travis/build/icyphy/ptII/ptolemy/actor/lib/test/auto/Uniform.xml (RunModel)" time="0.013" />
  <testcase classname="ptolemy.util.test.junit.AutoTests" name="[392] /home/travis/build/icyphy/ptII/ptolemy/actor/lib/test/auto/UnionDisassemblerTest.xml (RunModel)" time="0.011" />
  <testcase classname="ptolemy.util.test.junit.AutoTests" name="[393] /home/travis/build/icyphy/ptII/ptolemy/actor/lib/test/auto/UtilityFunctions.xml (RunModel)" time="0.008" />
  <testcase classname="ptolemy.util.test.junit.AutoTests" name="[394] /home/travis/build/icyphy/ptII/ptolemy/actor/lib/test/auto/VariableSleep.xml (RunModel)" time="0.517" />
  <testcase classname="ptolemy.util.test.junit.AutoTests" name="[395] /home/travis/build/icyphy/ptII/ptolemy/actor/lib/test/auto/VectorAssemblerDisassemblerCT.xml (RunModel)" time="0.155" />
  <testcase classname="ptolemy.util.test.junit.AutoTests" name="[396] /home/travis/build/icyphy/ptII/ptolemy/actor/lib/test/auto/VectorAssemblerDisassemblerDE.xml (RunModel)" time="0.018" />
  <testcase classname="ptolemy.util.test.junit.AutoTests" name="[397] /home/travis/build/icyphy/ptII/ptolemy/actor/lib/test/auto/VectorAssemblerDisassemblerSDF.xml (RunModel)" time="0.016" />
  <testcase classname="ptolemy.util.test.junit.AutoTests" name="[398] /home/travis/build/icyphy/ptII/ptolemy/actor/lib/test/auto/WallClockTime.xml (RunModel)" time="1.016" />
  <testcase classname="ptolemy.util.test.junit.AutoTests" name="[399] /home/travis/build/icyphy/ptII/ptolemy/actor/lib/test/auto/WidthTestWithSubscriberPublisher.xml (RunModel)" time="0.054" />
  <testcase classname="ptolemy.util.test.junit.AutoTests" name="[400] /home/travis/build/icyphy/ptII/ptolemy/actor/lib/test/auto/WidthTestWithSubscriberPublisher2.xml (RunModel)" time="0.018" />
  <testcase classname="ptolemy.util.test.junit.AutoTests" name="[401] /home/travis/build/icyphy/ptII/ptolemy/actor/lib/test/auto/WidthTestWithSubscriberPublisher3.xml (RunModel)" time="0.014" />
  <testcase classname="ptolemy.util.test.junit.AutoTests" name="[402] /home/travis/build/icyphy/ptII/ptolemy/actor/lib/test/auto/Writer.xml (RunModel)" time="0.012" />
  <testcase classname="ptolemy.util.test.junit.AutoTests" name="[403] /home/travis/build/icyphy/ptII/ptolemy/actor/lib/test/auto/array.xml (RunModel)" time="0.013" />
  <testcase classname="ptolemy.util.test.junit.AutoTests" name="[404] /home/travis/build/icyphy/ptII/ptolemy/actor/lib/test/auto/array2.xml (RunModel)" time="0.018" />
  <testcase classname="ptolemy.util.test.junit.AutoTests" name="[405] /home/travis/build/icyphy/ptII/ptolemy/actor/lib/test/auto/arrayType.xml (RunModel)" time="0.013" />
  <testcase classname="ptolemy.util.test.junit.AutoTests" name="[406] /home/travis/build/icyphy/ptII/ptolemy/actor/lib/test/auto/arrayType10.xml (RunModel)" time="0.011" />
  <testcase classname="ptolemy.util.test.junit.AutoTests" name="[407] /home/travis/build/icyphy/ptII/ptolemy/actor/lib/test/auto/arrayType11.xml (RunModel)" time="0.01" />
  <testcase classname="ptolemy.util.test.junit.AutoTests" name="[408] /home/travis/build/icyphy/ptII/ptolemy/actor/lib/test/auto/arrayType12.xml (RunModel)" time="0.01" />
  <testcase classname="ptolemy.util.test.junit.AutoTests" name="[409] /home/travis/build/icyphy/ptII/ptolemy/actor/lib/test/auto/arrayType13.xml (RunModel)" time="0.011" />
  <testcase classname="ptolemy.util.test.junit.AutoTests" name="[410] /home/travis/build/icyphy/ptII/ptolemy/actor/lib/test/auto/arrayType14.xml (RunModel)" time="0.011" />
  <testcase classname="ptolemy.util.test.junit.AutoTests" name="[411] /home/travis/build/icyphy/ptII/ptolemy/actor/lib/test/auto/arrayType15.xml (RunModel)" time="0.014" />
  <testcase classname="ptolemy.util.test.junit.AutoTests" name="[412] /home/travis/build/icyphy/ptII/ptolemy/actor/lib/test/auto/arrayType16.xml (RunModel)" time="0.011" />
  <testcase classname="ptolemy.util.test.junit.AutoTests" name="[413] /home/travis/build/icyphy/ptII/ptolemy/actor/lib/test/auto/arrayType17.xml (RunModel)" time="0.012" />
  <testcase classname="ptolemy.util.test.junit.AutoTests" name="[414] /home/travis/build/icyphy/ptII/ptolemy/actor/lib/test/auto/arrayType18.xml (RunModel)" time="0.01" />
  <testcase classname="ptolemy.util.test.junit.AutoTests" name="[415] /home/travis/build/icyphy/ptII/ptolemy/actor/lib/test/auto/arrayType19.xml (RunModel)" time="0.011" />
  <testcase classname="ptolemy.util.test.junit.AutoTests" name="[416] /home/travis/build/icyphy/ptII/ptolemy/actor/lib/test/auto/arrayType2.xml (RunModel)" time="0.011" />
  <testcase classname="ptolemy.util.test.junit.AutoTests" name="[417] /home/travis/build/icyphy/ptII/ptolemy/actor/lib/test/auto/arrayType20.xml (RunModel)" time="0.011" />
  <testcase classname="ptolemy.util.test.junit.AutoTests" name="[418] /home/travis/build/icyphy/ptII/ptolemy/actor/lib/test/auto/arrayType21.xml (RunModel)" time="0.01" />
  <testcase classname="ptolemy.util.test.junit.AutoTests" name="[419] /home/travis/build/icyphy/ptII/ptolemy/actor/lib/test/auto/arrayType22.xml (RunModel)" time="0.011" />
  <testcase classname="ptolemy.util.test.junit.AutoTests" name="[420] /home/travis/build/icyphy/ptII/ptolemy/actor/lib/test/auto/arrayType23.xml (RunModel)" time="0.012" />
  <testcase classname="ptolemy.util.test.junit.AutoTests" name="[421] /home/travis/build/icyphy/ptII/ptolemy/actor/lib/test/auto/arrayType24.xml (RunModel)" time="0.011" />
  <testcase classname="ptolemy.util.test.junit.AutoTests" name="[422] /home/travis/build/icyphy/ptII/ptolemy/actor/lib/test/auto/arrayType25.xml (RunModel)" time="0.011" />
  <testcase classname="ptolemy.util.test.junit.AutoTests" name="[423] /home/travis/build/icyphy/ptII/ptolemy/actor/lib/test/auto/arrayType26.xml (RunModel)" time="0.011" />
  <testcase classname="ptolemy.util.test.junit.AutoTests" name="[424] /home/travis/build/icyphy/ptII/ptolemy/actor/lib/test/auto/arrayType27.xml (RunModel)" time="0.011" />
  <testcase classname="ptolemy.util.test.junit.AutoTests" name="[425] /home/travis/build/icyphy/ptII/ptolemy/actor/lib/test/auto/arrayType28.xml (RunModel)" time="0.012" />
  <testcase classname="ptolemy.util.test.junit.AutoTests" name="[426] /home/travis/build/icyphy/ptII/ptolemy/actor/lib/test/auto/arrayType3.xml (RunModel)" time="0.013" />
  <testcase classname="ptolemy.util.test.junit.AutoTests" name="[427] /home/travis/build/icyphy/ptII/ptolemy/actor/lib/test/auto/arrayType4.xml (RunModel)" time="0.011" />
  <testcase classname="ptolemy.util.test.junit.AutoTests" name="[428] /home/travis/build/icyphy/ptII/ptolemy/actor/lib/test/auto/arrayType5.xml (RunModel)" time="0.01" />
  <testcase classname="ptolemy.util.test.junit.AutoTests" name="[429] /home/travis/build/icyphy/ptII/ptolemy/actor/lib/test/auto/arrayType6.xml (RunModel)" time="0.01" />
  <testcase classname="ptolemy.util.test.junit.AutoTests" name="[430] /home/travis/build/icyphy/ptII/ptolemy/actor/lib/test/auto/arrayType7.xml (RunModel)" time="0.017" />
  <testcase classname="ptolemy.util.test.junit.AutoTests" name="[431] /home/travis/build/icyphy/ptII/ptolemy/actor/lib/test/auto/arrayType8.xml (RunModel)" time="0.011" />
  <testcase classname="ptolemy.util.test.junit.AutoTests" name="[432] /home/travis/build/icyphy/ptII/ptolemy/actor/lib/test/auto/arrayType9.xml (RunModel)" time="0.028" />
  <testcase classname="ptolemy.util.test.junit.AutoTests" name="[433] /home/travis/build/icyphy/ptII/ptolemy/actor/lib/test/auto/cast.xml (RunModel)" time="0.011" />
  <testcase classname="ptolemy.util.test.junit.AutoTests" name="[434] /home/travis/build/icyphy/ptII/ptolemy/actor/lib/test/auto/compositeMultiPort.xml (RunModel)" time="0.023" />
  <testcase classname="ptolemy.util.test.junit.AutoTests" name="[435] /home/travis/build/icyphy/ptII/ptolemy/actor/lib/test/auto/expressionCastInference.xml (RunModel)" time="0.011" />
  <testcase classname="ptolemy.util.test.junit.AutoTests" name="[436] /home/travis/build/icyphy/ptII/ptolemy/actor/lib/test/auto/expressionCastInference2.xml (RunModel)" time="0.03" />
  <testcase classname="ptolemy.util.test.junit.AutoTests" name="[437] /home/travis/build/icyphy/ptII/ptolemy/actor/lib/test/auto/expressionInference.xml (RunModel)" time="0.037" />
  <testcase classname="ptolemy.util.test.junit.AutoTests" name="[438] /home/travis/build/icyphy/ptII/ptolemy/actor/lib/test/auto/expression_bug.xml (RunModel)" time="0.029" />
  <testcase classname="ptolemy.util.test.junit.AutoTests" name="[439] /home/travis/build/icyphy/ptII/ptolemy/actor/lib/test/auto/factorial.xml (RunModel)" time="0.134" />
  <testcase classname="ptolemy.util.test.junit.AutoTests" name="[440] /home/travis/build/icyphy/ptII/ptolemy/actor/lib/test/auto/filterTest1.xml (RunModel)" time="0.06" />
  <testcase classname="ptolemy.util.test.junit.AutoTests" name="[441] /home/travis/build/icyphy/ptII/ptolemy/actor/lib/test/auto/funcApplyInConst.xml (RunModel)" time="0.035" />
  <testcase classname="ptolemy.util.test.junit.AutoTests" name="[442] /home/travis/build/icyphy/ptII/ptolemy/actor/lib/test/auto/funcApplyInExpr.xml (RunModel)" time="0.035" />
  <testcase classname="ptolemy.util.test.junit.AutoTests" name="[443] /home/travis/build/icyphy/ptII/ptolemy/actor/lib/test/auto/function.xml (RunModel)" time="0.019" />
  <testcase classname="ptolemy.util.test.junit.AutoTests" name="[444] /home/travis/build/icyphy/ptII/ptolemy/actor/lib/test/auto/function2.xml (RunModel)" time="0.016" />
  <testcase classname="ptolemy.util.test.junit.AutoTests" name="[445] /home/travis/build/icyphy/ptII/ptolemy/actor/lib/test/auto/function3.xml (RunModel)" time="0.008" />
  <testcase classname="ptolemy.util.test.junit.AutoTests" name="[446] /home/travis/build/icyphy/ptII/ptolemy/actor/lib/test/auto/functionClosureTest1.xml (RunModel)" time="0.012" />
  <testcase classname="ptolemy.util.test.junit.AutoTests" name="[447] /home/travis/build/icyphy/ptII/ptolemy/actor/lib/test/auto/functionClosureTest2.xml (RunModel)" time="0.011" />
  <testcase classname="ptolemy.util.test.junit.AutoTests" name="[448] /home/travis/build/icyphy/ptII/ptolemy/actor/lib/test/auto/functionClosureTest3.xml (RunModel)" time="0.012" />
  <testcase classname="ptolemy.util.test.junit.AutoTests" name="[449] /home/travis/build/icyphy/ptII/ptolemy/actor/lib/test/auto/functionClosureTest4.xml (RunModel)" time="0.017" />
  <testcase classname="ptolemy.util.test.junit.AutoTests" name="[450] /home/travis/build/icyphy/ptII/ptolemy/actor/lib/test/auto/functionClosureTest5.xml (RunModel)" time="0.014" />
  <testcase classname="ptolemy.util.test.junit.AutoTests" name="[451] /home/travis/build/icyphy/ptII/ptolemy/actor/lib/test/auto/functionClosureTest6.xml (RunModel)" time="0.011" />
  <testcase classname="ptolemy.util.test.junit.AutoTests" name="[452] /home/travis/build/icyphy/ptII/ptolemy/actor/lib/test/auto/functionsOnArcs.xml (RunModel)" time="0.012" />
  <testcase classname="ptolemy.util.test.junit.AutoTests" name="[453] /home/travis/build/icyphy/ptII/ptolemy/actor/lib/test/auto/functionsOnArcsHOF.xml (RunModel)" time="0.019" />
  <testcase classname="ptolemy.util.test.junit.AutoTests" name="[454] /home/travis/build/icyphy/ptII/ptolemy/actor/lib/test/auto/logic.xml (RunModel)" time="0.021" />
  <testcase classname="ptolemy.util.test.junit.AutoTests" name="[455] /home/travis/build/icyphy/ptII/ptolemy/actor/lib/test/auto/matrixType.xml (RunModel)" time="0.01" />
  <testcase classname="ptolemy.util.test.junit.AutoTests" name="[456] /home/travis/build/icyphy/ptII/ptolemy/actor/lib/test/auto/matrixType10.xml (RunModel)" time="0.01" />
  <testcase classname="ptolemy.util.test.junit.AutoTests" name="[457] /home/travis/build/icyphy/ptII/ptolemy/actor/lib/test/auto/matrixType11.xml (RunModel)" time="0.009" />
  <testcase classname="ptolemy.util.test.junit.AutoTests" name="[458] /home/travis/build/icyphy/ptII/ptolemy/actor/lib/test/auto/matrixType12.xml (RunModel)" time="0.014" />
  <testcase classname="ptolemy.util.test.junit.AutoTests" name="[459] /home/travis/build/icyphy/ptII/ptolemy/actor/lib/test/auto/matrixType13.xml (RunModel)" time="0.01" />
  <testcase classname="ptolemy.util.test.junit.AutoTests" name="[460] /home/travis/build/icyphy/ptII/ptolemy/actor/lib/test/auto/matrixType14.xml (RunModel)" time="0.012" />
  <testcase classname="ptolemy.util.test.junit.AutoTests" name="[461] /home/travis/build/icyphy/ptII/ptolemy/actor/lib/test/auto/matrixType2.xml (RunModel)" time="0.011" />
  <testcase classname="ptolemy.util.test.junit.AutoTests" name="[462] /home/travis/build/icyphy/ptII/ptolemy/actor/lib/test/auto/matrixType3.xml (RunModel)" time="0.014" />
  <testcase classname="ptolemy.util.test.junit.AutoTests" name="[463] /home/travis/build/icyphy/ptII/ptolemy/actor/lib/test/auto/matrixType4.xml (RunModel)" time="0.011" />
  <testcase classname="ptolemy.util.test.junit.AutoTests" name="[464] /home/travis/build/icyphy/ptII/ptolemy/actor/lib/test/auto/matrixType5.xml (RunModel)" time="0.01" />
  <testcase classname="ptolemy.util.test.junit.AutoTests" name="[465] /home/travis/build/icyphy/ptII/ptolemy/actor/lib/test/auto/matrixType6.xml (RunModel)" time="0.01" />
  <testcase classname="ptolemy.util.test.junit.AutoTests" name="[466] /home/travis/build/icyphy/ptII/ptolemy/actor/lib/test/auto/matrixType7.xml (RunModel)" time="0.01" />
  <testcase classname="ptolemy.util.test.junit.AutoTests" name="[467] /home/travis/build/icyphy/ptII/ptolemy/actor/lib/test/auto/matrixType8.xml (RunModel)" time="0.01" />
  <testcase classname="ptolemy.util.test.junit.AutoTests" name="[468] /home/travis/build/icyphy/ptII/ptolemy/actor/lib/test/auto/matrixType9.xml (RunModel)" time="0.01" />
  <testcase classname="ptolemy.util.test.junit.AutoTests" name="[469] /home/travis/build/icyphy/ptII/ptolemy/actor/lib/test/auto/paraFunctest.xml (RunModel)" time="0.008" />
  <testcase classname="ptolemy.util.test.junit.AutoTests" name="[470] /home/travis/build/icyphy/ptII/ptolemy/actor/lib/test/auto/paraFunctest2.xml (RunModel)" time="0.013" />
  <testcase classname="ptolemy.util.test.junit.AutoTests" name="[471] /home/travis/build/icyphy/ptII/ptolemy/actor/lib/test/auto/parameterPassing.xml (RunModel)" time="0.01" />
  <testcase classname="ptolemy.util.test.junit.AutoTests" name="[472] /home/travis/build/icyphy/ptII/ptolemy/actor/lib/test/auto/record.xml (RunModel)" time="0.011" />
  <testcase classname="ptolemy.util.test.junit.AutoTests" name="[473] /home/travis/build/icyphy/ptII/ptolemy/actor/lib/test/auto/sizedarray1.xml (RunModel)" time="0.011" />
  <testcase classname="ptolemy.util.test.junit.AutoTests" name="[474] /home/travis/build/icyphy/ptII/ptolemy/actor/lib/test/auto/sizedarray2.xml (RunModel)" time="0.012" />
  <testcase classname="ptolemy.util.test.junit.AutoTests" name="[475] /home/travis/build/icyphy/ptII/ptolemy/actor/lib/test/auto/twoPublishers.xml (RunModel)" time="0.036" />
  <system-out><![CDATA[/home/travis/build/icyphy/ptII/ptolemy/actor/lib/test/AbsoluteValue.tcl
testDefs.tcl: setting time out to 9000 seconds at Mon Sep 16 05:47:31 UTC 2019
104 ms. Memory: 120832K Free: 85445K (71%)
6 ms. Memory: 120832K Free: 83911K (69%)
6 ms. Memory: 120832K Free: 82887K (69%)
6 ms. Memory: 120832K Free: 82373K (68%)
/home/travis/build/icyphy/ptII/ptolemy/actor/lib/test/AddSubtract.tcl
12 ms. Memory: 120832K Free: 80325K (66%)
8 ms. Memory: 120832K Free: 79295K (66%)
7 ms. Memory: 120832K Free: 78791K (65%)
10 ms. Memory: 120832K Free: 77767K (64%)
58 ms. Memory: 120832K Free: 75205K (62%)
16 ms. Memory: 120832K Free: 74181K (61%)
/home/travis/build/icyphy/ptII/ptolemy/actor/lib/test/Average.tcl
22 ms. Memory: 120832K Free: 72647K (60%)
10 ms. Memory: 120832K Free: 71109K (59%)
/home/travis/build/icyphy/ptII/ptolemy/actor/lib/test/Bernoulli.tcl
5 ms. Memory: 120832K Free: 69575K (58%)
10 ms. Memory: 120832K Free: 69575K (58%)
/home/travis/build/icyphy/ptII/ptolemy/actor/lib/test/Clock.tcl
preinitializing
resolving types
initializing
executing number 1
wrapping up
idle
53 ms. Memory: 120832K Free: 66503K (55%)
Completed execution with 5 iterations
preinitializing
resolving types
initializing
executing number 1
wrapping up
idle
4 ms. Memory: 120832K Free: 65989K (55%)
Completed execution with 5 iterations
preinitializing
resolving types
initializing
executing number 1
wrapping up
idle
4 ms. Memory: 120832K Free: 65479K (54%)
Completed execution with 5 iterations
/home/travis/build/icyphy/ptII/ptolemy/actor/lib/test/Commutator.tcl
16 ms. Memory: 120832K Free: 63431K (52%)
24 ms. Memory: 120832K Free: 62407K (52%)
18 ms. Memory: 120832K Free: 56759K (47%)
/home/travis/build/icyphy/ptII/ptolemy/actor/lib/test/Const.tcl
13 ms. Memory: 120832K Free: 55239K (46%)
3 ms. Memory: 120832K Free: 54725K (45%)
3 ms. Memory: 120832K Free: 54215K (45%)
2 ms. Memory: 120832K Free: 53701K (44%)
2 ms. Memory: 120832K Free: 52647K (44%)
22 ms. Memory: 120832K Free: 51143K (42%)
12 ms. Memory: 120832K Free: 50119K (41%)
5 ms. Memory: 120832K Free: 49095K (41%)
/home/travis/build/icyphy/ptII/ptolemy/actor/lib/test/CurrentTime.tcl
preinitializing
resolving types
initializing
executing number 1
wrapping up
idle
10 ms. Memory: 120832K Free: 47557K (39%)
Completed execution with 11 iterations
/home/travis/build/icyphy/ptII/ptolemy/actor/lib/test/DB.tcl
37 ms. Memory: 120832K Free: 107116K (89%)
4 ms. Memory: 120832K Free: 106620K (88%)
3 ms. Memory: 120832K Free: 106106K (88%)
/home/travis/build/icyphy/ptII/ptolemy/actor/lib/test/DiscreteRandomSource.tcl
preinitializing
resolving types
initializing
executing number 1
wrapping up
idle
8 ms. Memory: 120832K Free: 105082K (87%)
Completed execution with 4 iterations
preinitializing
resolving types
initializing
executing number 1
wrapping up
idle
5 ms. Memory: 120832K Free: 104572K (87%)
Completed execution with 4 iterations
preinitializing
resolving types
initializing
executing number 1
wrapping up
idle
3 ms. Memory: 120832K Free: 104052K (86%)
Completed execution with 4 iterations
preinitializing
resolving types
initializing
executing number 1
wrapping up
idle
12 ms. Memory: 120832K Free: 103546K (86%)
Completed execution with 4 iterations
preinitializing
resolving types
initializing
executing number 1
wrapping up
idle
13 ms. Memory: 120832K Free: 103034K (85%)
Completed execution with 4 iterations
/home/travis/build/icyphy/ptII/ptolemy/actor/lib/test/Distributor.tcl
6 ms. Memory: 120832K Free: 101500K (84%)
4 ms. Memory: 120832K Free: 100476K (83%)
StreamChangeRequest.changeExecuted(): <deleteEntity name="rec2"/> succeeded
StreamChangeRequest.changeExecuted(): <deleteRelation name="r2"/> succeeded
StreamChangeRequest.changeExecuted(): Record firings per iteration succeeded
5 ms. Memory: 120832K Free: 98428K (81%)
/home/travis/build/icyphy/ptII/ptolemy/actor/lib/test/Exit.tcl
Exit.tcl: this will print a message about Manager.exitAfterWrapup, which can be ignored.
7 ms. Memory: 120832K Free: 95356K (79%)
/home/travis/build/icyphy/ptII/ptolemy/actor/lib/test/Expression.tcl
24 ms. Memory: 120832K Free: 104454K (86%)
8 ms. Memory: 120832K Free: 103930K (86%)
4 ms. Memory: 120832K Free: 102908K (85%)
preinitializing
resolving types
initializing
executing number 1
wrapping up
idle
14 ms. Memory: 120832K Free: 101368K (84%)
Completed execution with 6 iterations
10 ms. Memory: 120832K Free: 100868K (83%)
3 ms. Memory: 120832K Free: 99827K (83%)
9 ms. Memory: 120832K Free: 98820K (82%)
5 ms. Memory: 120832K Free: 97270K (81%)
4 ms. Memory: 120832K Free: 96232K (80%)
/home/travis/build/icyphy/ptII/ptolemy/actor/lib/test/Gaussian.tcl
4 ms. Memory: 120832K Free: 94724K (78%)
sleeping 1 seconds: ...................................................................................................................................................................................................................................................................................................................................................................................................................................................................................................................................................................................................................................................................................................................................................................................................................................................................................................................................................................................................................................................................................................................................................................................................................................................................................................................................................................................................................................................................................................................................................................................................................................................................................................................................................................................................................................................................................................................................................................................................................................................................................................................................................................................................................................................................................................................................................................................................................................................................................................................................................................................................................................................................................................................................................................................................................................................................................................................................................................................................................................................................................................................................................................................................................................................................................................................................................................................................................................................................................................................................................................................................................................................................................................................................................................................................................................................................................................................................................................................................................................................................................................................................................................................................................................................................................................................................................................................................................................................................................................................................................................................................................................................................................................................................................................................................................................................................................................................................................................................................................................................................................................................................................................................................................................................................................................................................................................................................................................................................................................................................................................................................................................................................................................................................................................................................................................................................................................................................................................................................................................................................................................................................................................................................................................................................................................................................................................................................................................................................................................................................................................................................................................................................................................................................................................................................................................................................................................................................................................................................................................................................................................................................................................................................................................................................................................................................................................................................................................................................................................................................................................................................................................................................................................................................................................................................................................................................................................................................................................................................................................................................................................................................................................................................................................................................................................................................................................................................................................................................................................................................................................................................................................................................................................................................................................................................................................................................................................................................................................................................................................................................................................................................................................................................................................................................................................................................................................................................................................................................................................................................................................................................................................................................................................................................................................................................................................................................................................................................................................................................................................................................................................................................................................................................................................................................................................................................................................................................................................................................................................................................................................................................................................................................................................................................................................................................................................................................................................................................................................................................................................................................................................................................................................................................................................................................................................................................................................................................................................................................................................................................................................................................................................................................................................................................................................................................................................................................................................................................................................................................................................................................................................................................................................................................................................................................................................................................................................................................................................................................................................................................................................................................................................................................................................................................................................................................................................................................................................................................................................................................................................................................................................................................................................................................................................................................................................................................................................................................................................................................................................................................................................................................................................................................................................................................................................................................................................................................................................................................................................................................................................................................................................................................................................................................................................................................................................................................................................................................................................................................................................................................................................................................................................................................................................................................................................................................................................................................................................................................................................................................................................................................................................................................................................................................................................................................................................................................................................................................................................................................................................................................................................................................................................................................................................................................................................................................................................................................................................................................................................................................................................................................................................................................................................................................................................................................................................................................................................................................................................................................................................................................................................................................................................................................................................................................................................................................................................................................................................................................................................................................................................................................................................................................................................................................................................................................................................................................................................................................................................................................................................................................................................................................................................................................................................................................................................................................................................................................................................................................................................................................................................................................................................................................................................................................................................................................................................................................................................................................................................................................................................................................................................................................................................................................................................................................................................................................................................................................................................................................................................................................................................................................................................................................................................................................................2 ms. Memory: 120832K Free: 78741K (65%)
2 ms. Memory: 120832K Free: 77723K (64%)
2 ms. Memory: 120832K Free: 77213K (64%)
2 ms. Memory: 120832K Free: 76693K (63%)
2 ms. Memory: 120832K Free: 76189K (63%)
/home/travis/build/icyphy/ptII/ptolemy/actor/lib/test/IIR.tcl
/home/travis/build/icyphy/ptII/ptolemy/actor/lib/test/Interpolator.tcl
6 ms. Memory: 120832K Free: 72093K (60%)
2 ms. Memory: 120832K Free: 71579K (59%)
4 ms. Memory: 120832K Free: 71069K (59%)
2 ms. Memory: 120832K Free: 70555K (58%)
3 ms. Memory: 120832K Free: 69531K (58%)
2 ms. Memory: 120832K Free: 69021K (57%)
2 ms. Memory: 120832K Free: 67997K (56%)
2 ms. Memory: 120832K Free: 66973K (55%)
2 ms. Memory: 120832K Free: 65949K (55%)
2 ms. Memory: 120832K Free: 65435K (54%)
/home/travis/build/icyphy/ptII/ptolemy/actor/lib/test/MathFunction.tcl
5 ms. Memory: 120832K Free: 63373K (52%)
2 ms. Memory: 120832K Free: 61853K (51%)
10 ms. Memory: 120832K Free: 60829K (50%)
3 ms. Memory: 120832K Free: 60301K (50%)
10 ms. Memory: 120832K Free: 105561K (87%)
12 ms. Memory: 120832K Free: 103513K (86%)
/home/travis/build/icyphy/ptII/ptolemy/actor/lib/test/Maximum.tcl
7 ms. Memory: 120832K Free: 101969K (84%)
3 ms. Memory: 120832K Free: 100937K (84%)
3 ms. Memory: 120832K Free: 100441K (83%)
3 ms. Memory: 120832K Free: 99913K (83%)
/home/travis/build/icyphy/ptII/ptolemy/actor/lib/test/Minimum.tcl
5 ms. Memory: 120832K Free: 97879K (81%)
2 ms. Memory: 120832K Free: 97369K (81%)
3 ms. Memory: 120832K Free: 96841K (80%)
2 ms. Memory: 120832K Free: 96345K (80%)
/home/travis/build/icyphy/ptII/ptolemy/actor/lib/test/MultiplyDivide.tcl
4 ms. Memory: 120832K Free: 94297K (78%)
3 ms. Memory: 120832K Free: 93273K (77%)
2 ms. Memory: 120832K Free: 92729K (77%)
3 ms. Memory: 120832K Free: 92247K (76%)
9 ms. Memory: 120832K Free: 91225K (75%)
/home/travis/build/icyphy/ptII/ptolemy/actor/lib/test/OrderedMerge.tcl
Connections changed on port: inputA
Connections changed on port: inputB
Connections changed on port: output
Connections changed on port: output
Connections changed on port: output
Connections changed on port: input
.top. Preinitializing ...
Invoking preinitialize():  .top.OrderedMerge
Called preinitialize()
Invoking preinitialize():  .top.Ramp
Called preinitialize()
Invoking preinitialize():  .top.Ramp2
Called preinitialize()
Invoking preinitialize():  .top.Test
Called preinitialize()
Connections changed on port: inputA
Connections changed on port: output
Connections changed on port: output
Connections changed on port: input
Connections changed on port: inputB
Connections changed on port: output
.top. Finished preinitialize().
Called initialize().
Invoking initialize():  .top.OrderedMerge
Initializing actor: .top.OrderedMerge
Adding a thread: .top.OrderedMerge
Invoking initialize():  .top.Ramp
Initializing actor: .top.Ramp
Adding a thread: .top.Ramp
Invoking initialize():  .top.Ramp2
Initializing actor: .top.Ramp2
Adding a thread: .top.Ramp2
Invoking initialize():  .top.Test
Initializing actor: .top.Test
Adding a thread: .top.Test
Called fire().
Checking for deadlock:
-- Starting thread.
-- Starting thread.
Called initialize()
Called initialize()
Called prefire()
Called prefire()
-- Starting thread.
Called initialize()
Called fire()
Called prefire()
Called fire()
-- Starting thread.
Called initialize()
Called prefire()
Called fire()
Called fire()
There are 0 Blocked actors, 0 Stopped actors, and 4 active threads.
Waiting for actors to stop.
Called postfire()
Checking for deadlock:
Called prefire()
Called postfire()
Called fire()
Called prefire()
Called fire()
Read input token from inputA with value 0.0
There are 1 Blocked actors, 0 Stopped actors, and 4 active threads.
Waiting for actors to stop.
Called postfire()
Called prefire()
Called fire()
Checking for deadlock:
There are 2 Blocked actors, 0 Stopped actors, and 4 active threads.
Waiting for actors to stop.
Next port to read input from is inputB
Checking for deadlock:
Called postfire()
Called prefire()
Called fire()
There are 3 Blocked actors, 0 Stopped actors, and 4 active threads.
Waiting for actors to stop.
Checking for deadlock:
Read input token from inputB with value 0.0
There are 2 Blocked actors, 0 Stopped actors, and 4 active threads.
Waiting for actors to stop.
Called postfire()
Called prefire()
Called fire()
Sent output token with value 0.0
Next port to read input from is inputA
Called postfire()
Called prefire()
Called fire()
Read input token from inputA with value 1.0
Called postfire()
Called prefire()
Called fire()
-- Read input: 0.0, which is expected to match: 0.0
Called prefire()
Called fire()
Checking for deadlock:
There are 3 Blocked actors, 0 Stopped actors, and 4 active threads.
Waiting for actors to stop.
Sent output token with value 0.0
-- Read input: 0.0, which is expected to match: 0.0
Next port to read input from is inputB
Called postfire()
Called prefire()
Called fire()
Called prefire()
Called fire()
Read input token from inputB with value 1.5
Sent output token with value 1.0
Next port to read input from is inputA
Called postfire()
Called prefire()
Called fire()
Read input token from inputA with value 2.0
Called postfire()
Called prefire()
Called fire()
Called postfire()
Checking for deadlock:
Called prefire()
Called fire()
There are 2 Blocked actors, 0 Stopped actors, and 4 active threads.
Waiting for actors to stop.
-- Read input: 1.0, which is expected to match: 1.0
Sent output token with value 1.5
Called prefire()
Called fire()
Next port to read input from is inputB
Called postfire()
Called prefire()
Called fire()
-- Read input: 1.5, which is expected to match: 1.5
Read input token from inputB with value 3.0
Called prefire()
Called fire()
Sent output token with value 2.0
-- Read input: 2.0, which is expected to match: 2.0
Called prefire()
Called fire()
Checking for deadlock:
There are 2 Blocked actors, 0 Stopped actors, and 4 active threads.
Waiting for actors to stop.
Called postfire()
Called prefire()
Called fire()
Checking for deadlock:
Next port to read input from is inputA
Called postfire()
There are 3 Blocked actors, 0 Stopped actors, and 4 active threads.
Waiting for actors to stop.
Called prefire()
Called fire()
Checking for deadlock:
Called postfire()
There are 2 Blocked actors, 0 Stopped actors, and 4 active threads.
Called prefire()
Waiting for actors to stop.
Called fire()
Checking for deadlock:
There are 3 Blocked actors, 0 Stopped actors, and 4 active threads.
Waiting for actors to stop.
Read input token from inputA with value 3.0
Checking for deadlock:
There are 2 Blocked actors, 0 Stopped actors, and 4 active threads.
Sent output token with value 3.0
Waiting for actors to stop.
Next port to read input from is inputB
Called postfire()
Called prefire()
-- Read input: 3.0, which is expected to match: 3.0
Called prefire()
Called fire()
Checking for deadlock:
There are 3 Blocked actors, 0 Stopped actors, and 4 active threads.
Called fire()
Waiting for actors to stop.
Checking for deadlock:
There are 2 Blocked actors, 0 Stopped actors, and 4 active threads.
Waiting for actors to stop.
Read input token from inputB with value 4.5
Called postfire()
Called prefire()
Called fire()
Checking for deadlock:
There are 3 Blocked actors, 0 Stopped actors, and 4 active threads.
Waiting for actors to stop.
Sent output token with value 3.0
Checking for deadlock:
-- Read input: 3.0, which is expected to match: 3.0
There are 2 Blocked actors, 0 Stopped actors, and 4 active threads.
Waiting for actors to stop.
Called prefire()
Called fire()
Checking for deadlock:
There are 3 Blocked actors, 0 Stopped actors, and 4 active threads.
Waiting for actors to stop.
Next port to read input from is inputA
Called postfire()
Called prefire()
Called fire()
Called postfire()
Called prefire()
Called fire()
Checking for deadlock:
There are 3 Blocked actors, 0 Stopped actors, and 4 active threads.
Waiting for actors to stop.
Read input token from inputA with value 4.0
-- Read input: 4.0, which is expected to match: 4.0
Called prefire()
Called fire()
Past the end of training data. Read and discard all inputs.
Checking for deadlock:
There are 3 Blocked actors, 0 Stopped actors, and 4 active threads.
Waiting for actors to stop.
Sent output token with value 4.0
Next port to read input from is inputA
Called postfire()
Called prefire()
Called fire()
Called postfire()
Called prefire()
Called fire()
Checking for deadlock:
There are 3 Blocked actors, 0 Stopped actors, and 4 active threads.
Waiting for actors to stop.
Read input token from inputA with value 5.0
Called prefire()
Called fire()
Past the end of training data. Read and discard all inputs.
Checking for deadlock:
There are 3 Blocked actors, 0 Stopped actors, and 4 active threads.
Waiting for actors to stop.
Sent output token with value 4.5
Next port to read input from is inputB
Called postfire()
Called prefire()
Called fire()
Checking for deadlock:
There are 2 Blocked actors, 0 Stopped actors, and 4 active threads.
Waiting for actors to stop.
Read input token from inputB with value 6.0
Called postfire()
Called prefire()
Called fire()
Checking for deadlock:
There are 3 Blocked actors, 0 Stopped actors, and 4 active threads.
Waiting for actors to stop.
Checking for deadlock:
There are 2 Blocked actors, 0 Stopped actors, and 4 active threads.
Waiting for actors to stop.
Sent output token with value 5.0
Called prefire()
Called fire()
Past the end of training data. Read and discard all inputs.
Checking for deadlock:
There are 3 Blocked actors, 0 Stopped actors, and 4 active threads.
Waiting for actors to stop.
Next port to read input from is inputA
Called postfire()
Called prefire()
Called fire()
Checking for deadlock:
There are 2 Blocked actors, 0 Stopped actors, and 4 active threads.
Waiting for actors to stop.
Called postfire()
Called prefire()
Called fire()
Checking for deadlock:
There are 3 Blocked actors, 0 Stopped actors, and 4 active threads.
Waiting for actors to stop.
Read input token from inputA with value 6.0
Checking for deadlock:
There are 2 Blocked actors, 0 Stopped actors, and 4 active threads.
Waiting for actors to stop.
Called prefire()
Called fire()
Past the end of training data. Read and discard all inputs.
Checking for deadlock:
There are 3 Blocked actors, 0 Stopped actors, and 4 active threads.
Waiting for actors to stop.
Sent output token with value 6.0
Next port to read input from is inputB
Called postfire()
Called prefire()
Called fire()
Checking for deadlock:
There are 2 Blocked actors, 0 Stopped actors, and 4 active threads.
Waiting for actors to stop.
Called postfire()
Called prefire()
Called fire()
Checking for deadlock:
There are 3 Blocked actors, 0 Stopped actors, and 4 active threads.
Waiting for actors to stop.
Read input token from inputB with value 7.5
Checking for deadlock:
Called prefire()
Called fire()
There are 2 Blocked actors, 0 Stopped actors, and 4 active threads.
Waiting for actors to stop.
Past the end of training data. Read and discard all inputs.
Checking for deadlock:
There are 3 Blocked actors, 0 Stopped actors, and 4 active threads.
Waiting for actors to stop.
Sent output token with value 6.0
Next port to read input from is inputA
Called postfire()
Called prefire()
Called fire()
Called postfire()
Called prefire()
Called fire()
Checking for deadlock:
There are 3 Blocked actors, 0 Stopped actors, and 4 active threads.
Waiting for actors to stop.
Read input token from inputA with value 7.0
Called prefire()
Called fire()
Past the end of training data. Read and discard all inputs.
Checking for deadlock:
There are 3 Blocked actors, 0 Stopped actors, and 4 active threads.
Waiting for actors to stop.
Sent output token with value 7.0
Next port to read input from is inputA
Called postfire()
Called prefire()
Called fire()
-- Thread wrapup() called.
Called wrapup()
Thread .top.Ramp is exiting.
-- Thread stopped.
Checking for deadlock:
There are 2 Blocked actors, 0 Stopped actors, and 3 active threads.
Waiting for actors to stop.
Read input token from inputA with value 8.0
Checking for deadlock:
There are 1 Blocked actors, 0 Stopped actors, and 3 active threads.
Waiting for actors to stop.
Sent output token with value 7.5
Called prefire()
Called fire()
Past the end of training data. Read and discard all inputs.
Checking for deadlock:
There are 2 Blocked actors, 0 Stopped actors, and 3 active threads.
Waiting for actors to stop.
Next port to read input from is inputB
Called postfire()
Called prefire()
Called fire()
Checking for deadlock:
There are 1 Blocked actors, 0 Stopped actors, and 3 active threads.
Waiting for actors to stop.
Called postfire()
Called prefire()
Called fire()
Checking for deadlock:
Read input token from inputB with value 9.0
There are 2 Blocked actors, 0 Stopped actors, and 3 active threads.
Waiting for actors to stop.
Checking for deadlock:
There are 1 Blocked actors, 0 Stopped actors, and 3 active threads.
Waiting for actors to stop.
Sent output token with value 8.0
Called prefire()
Called fire()
Past the end of training data. Read and discard all inputs.
Checking for deadlock:
There are 2 Blocked actors, 0 Stopped actors, and 3 active threads.
Waiting for actors to stop.
Next port to read input from is inputA
Called postfire()
Called prefire()
Called fire()
Read input token from inputA with value 9.0
Called prefire()
Called fire()
Past the end of training data. Read and discard all inputs.
Checking for deadlock:
There are 2 Blocked actors, 0 Stopped actors, and 3 active threads.
Sent output token with value 9.0
Waiting for actors to stop.
Next port to read input from is inputB
Called postfire()
Called prefire()
Called fire()
Checking for deadlock:
There are 1 Blocked actors, 0 Stopped actors, and 3 active threads.
Waiting for actors to stop.
Called postfire()
Called prefire()
Called fire()
Checking for deadlock:
Read input token from inputB with value 10.5
There are 2 Blocked actors, 0 Stopped actors, and 3 active threads.
Waiting for actors to stop.
Checking for deadlock:
There are 1 Blocked actors, 0 Stopped actors, and 3 active threads.
Waiting for actors to stop.
Sent output token with value 9.0
Called prefire()
Called fire()
Past the end of training data. Read and discard all inputs.
Checking for deadlock:
There are 2 Blocked actors, 0 Stopped actors, and 3 active threads.
Waiting for actors to stop.
Next port to read input from is inputA
Called postfire()
Called prefire()
Called fire()
Checking for deadlock:
There are 3 Blocked actors, 0 Stopped actors, and 3 active threads.
Actors have stopped.
Checking for deadlock:
There are 3 Blocked actors, 0 Stopped actors, and 3 active threads.
Deadlock detected.
Resolving Deadlock
Checking for deadlock:
There are 3 Blocked actors, 0 Stopped actors, and 3 active threads.
Artificial Deadlock - increasing queue capacity.
increasing the capacity of receiver ptolemy.actor.TypedIOPort {.top.OrderedMerge.inputB} to 2
Director: Called postfire().
Called postfire().
_stopRequested = false
_stopFireRequested = false
Returning from postfire(): true
Called fire().
Checking for deadlock:
-- Thread wrapup() called.
Called wrapup()
There are 2 Blocked actors, 0 Stopped actors, and 3 active threads.
Waiting for actors to stop.
Thread .top.Ramp2 is exiting.
-- Thread stopped.
Checking for deadlock:
There are 2 Blocked actors, 0 Stopped actors, and 2 active threads.
Actors have stopped.
Checking for deadlock:
There are 2 Blocked actors, 0 Stopped actors, and 2 active threads.
Deadlock detected.
Resolving Deadlock
Checking for deadlock:
There are 2 Blocked actors, 0 Stopped actors, and 2 active threads.
Deadlock detected: no processes blocked on write, but some are blocked on read.
Called postfire().
_stopRequested = false
_stopFireRequested = false
Returning from postfire(): false
Finished deactivating branches.
Called wrapup().
-- Thread wrapup() called.
Called wrapup()
Thread .top.Test is exiting.
-- Thread stopped.
-- Blocked Receiver call threw TerminateProcessException.
-- Thread wrapup() called.
Called wrapup()
Thread .top.OrderedMerge is exiting.
-- Thread stopped.
-- Blocked Receiver call threw TerminateProcessException.
74 ms. Memory: 120832K Free: 86105K (71%)
.top. Preinitializing ...
Invoking preinitialize():  .top.OrderedMerge
Called preinitialize()
Invoking preinitialize():  .top.Ramp
Called preinitialize()
Invoking preinitialize():  .top.Ramp2
Called preinitialize()
Invoking preinitialize():  .top.Test
Called preinitialize()
.top. Finished preinitialize().
Called initialize().
Invoking initialize():  .top.OrderedMerge
Initializing actor: .top.OrderedMerge
Adding a thread: .top.OrderedMerge
Invoking initialize():  .top.Ramp
Initializing actor: .top.Ramp
Adding a thread: .top.Ramp
Invoking initialize():  .top.Ramp2
Initializing actor: .top.Ramp2
Adding a thread: .top.Ramp2
Invoking initialize():  .top.Test
Initializing actor: .top.Test
Adding a thread: .top.Test
-- Starting thread.
Called initialize()
Called prefire()
Called fire()
-- Starting thread.
Called initialize()
Called prefire()
Called fire()
Called postfire()
Called prefire()
Called fire()
-- Starting thread.
Called initialize()
Called prefire()
Called fire()
Called postfire()
Called prefire()
Called fire()
Called fire().
Checking for deadlock:
There are 3 Blocked actors, 0 Stopped actors, and 4 active threads.
Waiting for actors to stop.
-- Starting thread.
Called initialize()
Called prefire()
Called fire()
Checking for deadlock:
There are 2 Blocked actors, 0 Stopped actors, and 4 active threads.
Waiting for actors to stop.
Called postfire()
Called prefire()
Called fire()
Checking for deadlock:
There are 3 Blocked actors, 0 Stopped actors, and 4 active threads.
Waiting for actors to stop.
Read input token from inputA with value 0.0
Next port to read input from is inputB
Called postfire()
Called prefire()
Called fire()
Checking for deadlock:
There are 2 Blocked actors, 0 Stopped actors, and 4 active threads.
Waiting for actors to stop.
Read input token from inputB with value 0.0
Called postfire()
Called prefire()
Called fire()
Checking for deadlock:
There are 1 Blocked actors, 0 Stopped actors, and 4 active threads.
Waiting for actors to stop.
Sent output token with value 0.0
Next port to read input from is inputA
Called postfire()
Called prefire()
Called fire()
Read input token from inputA with value 1.0
Called postfire()
-- Read input: 0.0, which is expected to match: 0.0
Called prefire()
Called fire()
Called prefire()
Called fire()
Checking for deadlock:
There are 3 Blocked actors, 0 Stopped actors, and 4 active threads.
Waiting for actors to stop.
Sent output token with value 0.0
Next port to read input from is inputB
Called postfire()
Called prefire()
Called fire()
Read input token from inputB with value 1.5
Called postfire()
Called prefire()
Called fire()
Checking for deadlock:
There are 2 Blocked actors, 0 Stopped actors, and 4 active threads.
Waiting for actors to stop.
-- Read input: 0.0, which is expected to match: 0.0
Called prefire()
Called fire()
Checking for deadlock:
There are 3 Blocked actors, 0 Stopped actors, and 4 active threads.
Waiting for actors to stop.
Checking for deadlock:
There are 2 Blocked actors, 0 Stopped actors, and 4 active threads.
Waiting for actors to stop.
Sent output token with value 1.0
Next port to read input from is inputA
Called postfire()
-- Read input: 1.0, which is expected to match: 1.0
Called prefire()
Called prefire()
Called fire()
Called fire()
Called postfire()
Called prefire()
Called fire()
Checking for deadlock:
There are 3 Blocked actors, 0 Stopped actors, and 4 active threads.
Waiting for actors to stop.
Read input token from inputA with value 2.0
Checking for deadlock:
There are 2 Blocked actors, 0 Stopped actors, and 4 active threads.
Waiting for actors to stop.
Sent output token with value 1.5
-- Read input: 1.5, which is expected to match: 1.5
Next port to read input from is inputB
Called postfire()
Called prefire()
Called fire()
Called prefire()
Called fire()
Checking for deadlock:
There are 3 Blocked actors, 0 Stopped actors, and 4 active threads.
Waiting for actors to stop.
Checking for deadlock:
Called postfire()
There are 2 Blocked actors, 0 Stopped actors, and 4 active threads.
Called prefire()
Waiting for actors to stop.
Called fire()
Read input token from inputB with value 3.0
Checking for deadlock:
There are 3 Blocked actors, 0 Stopped actors, and 4 active threads.
Waiting for actors to stop.
Checking for deadlock:
There are 2 Blocked actors, 0 Stopped actors, and 4 active threads.
Waiting for actors to stop.
Sent output token with value 2.0
-- Read input: 2.0, which is expected to match: 2.0
Next port to read input from is inputA
Called postfire()
Called prefire()
Called fire()
Called prefire()
Called fire()
Called postfire()
Called prefire()
Called fire()
Checking for deadlock:
There are 3 Blocked actors, 0 Stopped actors, and 4 active threads.
Waiting for actors to stop.
Read input token from inputA with value 3.0
Checking for deadlock:
There are 2 Blocked actors, 0 Stopped actors, and 4 active threads.
Waiting for actors to stop.
-- Read input: 3.0, which is expected to match: 3.0
Sent output token with value 3.0
Called prefire()
Called fire()
Next port to read input from is inputB
Called postfire()
Called prefire()
Checking for deadlock:
There are 3 Blocked actors, 0 Stopped actors, and 4 active threads.
Waiting for actors to stop.
Called fire()
Called postfire()
Called prefire()
Called fire()
Checking for deadlock:
There are 3 Blocked actors, 0 Stopped actors, and 4 active threads.
Waiting for actors to stop.
Read input token from inputB with value 4.5
Checking for deadlock:
There are 2 Blocked actors, 0 Stopped actors, and 4 active threads.
Waiting for actors to stop.
-- Read input: 3.0, which is expected to match: 3.0
Sent output token with value 3.0
Called prefire()
Called fire()
Next port to read input from is inputA
Called postfire()
Called prefire()
Checking for deadlock:
There are 3 Blocked actors, 0 Stopped actors, and 4 active threads.
Waiting for actors to stop.
Called fire()
Called postfire()
Called prefire()
Called fire()
Checking for deadlock:
There are 3 Blocked actors, 0 Stopped actors, and 4 active threads.
Waiting for actors to stop.
Read input token from inputA with value 4.0
Checking for deadlock:
There are 2 Blocked actors, 0 Stopped actors, and 4 active threads.
Waiting for actors to stop.
-- Read input: 4.0, which is expected to match: 4.0
Sent output token with value 4.0
Called prefire()
Next port to read input from is inputA
Called postfire()
Called fire()
Past the end of training data. Read and discard all inputs.
Checking for deadlock:
There are 3 Blocked actors, 0 Stopped actors, and 4 active threads.
Waiting for actors to stop.
Called prefire()
Called fire()
Checking for deadlock:
There are 2 Blocked actors, 0 Stopped actors, and 4 active threads.
Waiting for actors to stop.
Called postfire()
Called prefire()
Called fire()
Read input token from inputA with value 5.0
Checking for deadlock:
There are 3 Blocked actors, 0 Stopped actors, and 4 active threads.
Waiting for actors to stop.
Checking for deadlock:
There are 2 Blocked actors, 0 Stopped actors, and 4 active threads.
Waiting for actors to stop.
Called prefire()
Sent output token with value 4.5
Called fire()
Past the end of training data. Read and discard all inputs.
Checking for deadlock:
There are 3 Blocked actors, 0 Stopped actors, and 4 active threads.
Waiting for actors to stop.
Next port to read input from is inputB
Called postfire()
Called prefire()
Called fire()
Called postfire()
Called prefire()
Called fire()
Checking for deadlock:
There are 3 Blocked actors, 0 Stopped actors, and 4 active threads.
Waiting for actors to stop.
Read input token from inputB with value 6.0
Checking for deadlock:
There are 2 Blocked actors, 0 Stopped actors, and 4 active threads.
Waiting for actors to stop.
Called prefire()
Sent output token with value 5.0
Called fire()
Past the end of training data. Read and discard all inputs.
Next port to read input from is inputA
Called postfire()
Checking for deadlock:
There are 3 Blocked actors, 0 Stopped actors, and 4 active threads.
Waiting for actors to stop.
Called prefire()
Called fire()
Called postfire()
Called prefire()
Called fire()
Checking for deadlock:
There are 3 Blocked actors, 0 Stopped actors, and 4 active threads.
Waiting for actors to stop.
Read input token from inputA with value 6.0
Checking for deadlock:
Called prefire()
There are 2 Blocked actors, 0 Stopped actors, and 4 active threads.
Called fire()
Waiting for actors to stop.
Past the end of training data. Read and discard all inputs.
Checking for deadlock:
There are 3 Blocked actors, 0 Stopped actors, and 4 active threads.
Waiting for actors to stop.
Sent output token with value 6.0
Next port to read input from is inputB
Called postfire()
Called prefire()
Called fire()
Called postfire()
Called prefire()
Called fire()
Checking for deadlock:
There are 3 Blocked actors, 0 Stopped actors, and 4 active threads.
Waiting for actors to stop.
Read input token from inputB with value 7.5
Checking for deadlock:
Called prefire()
Called fire()
There are 2 Blocked actors, 0 Stopped actors, and 4 active threads.
Past the end of training data. Read and discard all inputs.
Waiting for actors to stop.
Checking for deadlock:
There are 3 Blocked actors, 0 Stopped actors, and 4 active threads.
Waiting for actors to stop.
Sent output token with value 6.0
Next port to read input from is inputA
Called postfire()
Called prefire()
Called fire()
Called postfire()
Called prefire()
Called fire()
Checking for deadlock:
There are 3 Blocked actors, 0 Stopped actors, and 4 active threads.
Waiting for actors to stop.
Read input token from inputA with value 7.0
Checking for deadlock:
Called prefire()
There are 2 Blocked actors, 0 Stopped actors, and 4 active threads.
Called fire()
Waiting for actors to stop.
Past the end of training data. Read and discard all inputs.
Sent output token with value 7.0
Checking for deadlock:
There are 3 Blocked actors, 0 Stopped actors, and 4 active threads.
Waiting for actors to stop.
Next port to read input from is inputA
Called postfire()
Called prefire()
Called fire()
Checking for deadlock:
There are 2 Blocked actors, 0 Stopped actors, and 4 active threads.
Waiting for actors to stop.
-- Thread wrapup() called.
Called wrapup()
Thread .top.Ramp is exiting.
-- Thread stopped.
Checking for deadlock:
There are 2 Blocked actors, 0 Stopped actors, and 3 active threads.
Waiting for actors to stop.
Read input token from inputA with value 8.0
Called prefire()
Called fire()
Checking for deadlock:
Past the end of training data. Read and discard all inputs.
There are 1 Blocked actors, 0 Stopped actors, and 3 active threads.
Waiting for actors to stop.
Sent output token with value 7.5
Checking for deadlock:
There are 2 Blocked actors, 0 Stopped actors, and 3 active threads.
Waiting for actors to stop.
Next port to read input from is inputB
Called postfire()
Called prefire()
Called fire()
Checking for deadlock:
There are 1 Blocked actors, 0 Stopped actors, and 3 active threads.
Waiting for actors to stop.
Called postfire()
Called prefire()
Called fire()
Checking for deadlock:
There are 2 Blocked actors, 0 Stopped actors, and 3 active threads.
Waiting for actors to stop.
Read input token from inputB with value 9.0
Checking for deadlock:
There are 1 Blocked actors, 0 Stopped actors, and 3 active threads.
Waiting for actors to stop.
Called prefire()
Sent output token with value 8.0
Called fire()
Past the end of training data. Read and discard all inputs.
Next port to read input from is inputA
Checking for deadlock:
There are 2 Blocked actors, 0 Stopped actors, and 3 active threads.
Waiting for actors to stop.
Called postfire()
Called prefire()
Called fire()
Read input token from inputA with value 9.0
Checking for deadlock:
Called prefire()
Called fire()
There are 1 Blocked actors, 0 Stopped actors, and 3 active threads.
Past the end of training data. Read and discard all inputs.
Waiting for actors to stop.
Checking for deadlock:
There are 2 Blocked actors, 0 Stopped actors, and 3 active threads.
Waiting for actors to stop.
Sent output token with value 9.0
Next port to read input from is inputB
Called postfire()
Called prefire()
Called fire()
Called postfire()
Called prefire()
Called fire()
Checking for deadlock:
There are 2 Blocked actors, 0 Stopped actors, and 3 active threads.
Waiting for actors to stop.
Read input token from inputB with value 10.5
Checking for deadlock:
Called prefire()
There are 1 Blocked actors, 0 Stopped actors, and 3 active threads.
Called fire()
Waiting for actors to stop.
Past the end of training data. Read and discard all inputs.
Checking for deadlock:
There are 2 Blocked actors, 0 Stopped actors, and 3 active threads.
Waiting for actors to stop.
Sent output token with value 9.0
Next port to read input from is inputA
Called postfire()
Called prefire()
Called fire()
Checking for deadlock:
There are 3 Blocked actors, 0 Stopped actors, and 3 active threads.
Actors have stopped.
Checking for deadlock:
There are 3 Blocked actors, 0 Stopped actors, and 3 active threads.
Deadlock detected.
Resolving Deadlock
Checking for deadlock:
There are 3 Blocked actors, 0 Stopped actors, and 3 active threads.
Artificial Deadlock - increasing queue capacity.
increasing the capacity of receiver ptolemy.actor.TypedIOPort {.top.OrderedMerge.inputB} to 2
Director: Called postfire().
Called postfire().
_stopRequested = false
_stopFireRequested = false
Returning from postfire(): true
Called fire().
Checking for deadlock:
There are 2 Blocked actors, 0 Stopped actors, and 3 active threads.
Waiting for actors to stop.
-- Thread wrapup() called.
Called wrapup()
Thread .top.Ramp2 is exiting.
-- Thread stopped.
Checking for deadlock:
There are 2 Blocked actors, 0 Stopped actors, and 2 active threads.
Actors have stopped.
Checking for deadlock:
There are 2 Blocked actors, 0 Stopped actors, and 2 active threads.
Deadlock detected.
Resolving Deadlock
Checking for deadlock:
There are 2 Blocked actors, 0 Stopped actors, and 2 active threads.
Deadlock detected: no processes blocked on write, but some are blocked on read.
Called postfire().
_stopRequested = false
_stopFireRequested = false
Returning from postfire(): false
Finished deactivating branches.
Called wrapup().
-- Thread wrapup() called.
Called wrapup()
Thread .top.OrderedMerge is exiting.
-- Thread stopped.
-- Blocked Receiver call threw TerminateProcessException.
-- Thread wrapup() called.
Called wrapup()
Thread .top.Test is exiting.
-- Thread stopped.
-- Blocked Receiver call threw TerminateProcessException.
56 ms. Memory: 120832K Free: 84057K (70%)
/home/travis/build/icyphy/ptII/ptolemy/actor/lib/test/Publisher.tcl
8 ms. Memory: 120832K Free: 77913K (64%)
5 ms. Memory: 120832K Free: 72279K (60%)
8 ms. Memory: 120832K Free: 68697K (57%)
19 ms. Memory: 120832K Free: 105354K (87%)
3 ms. Memory: 120832K Free: 104842K (87%)
12 ms. Memory: 120832K Free: 103816K (86%)
22 ms. Memory: 120832K Free: 103288K (85%)
6 ms. Memory: 120832K Free: 102280K (85%)
19 ms. Memory: 120832K Free: 92554K (77%)
4 ms. Memory: 120832K Free: 88458K (73%)
2 ms. Memory: 120832K Free: 87914K (73%)
8 ms. Memory: 120832K Free: 85890K (71%)
19 ms. Memory: 120832K Free: 78218K (65%)
27 ms. Memory: 120832K Free: 68458K (57%)
7 ms. Memory: 120832K Free: 57738K (48%)
/home/travis/build/icyphy/ptII/ptolemy/actor/lib/test/Pulse.tcl
5 ms. Memory: 120832K Free: 76288K (63%)
12 ms. Memory: 120832K Free: 75760K (63%)
9 ms. Memory: 120832K Free: 75264K (62%)
2 ms. Memory: 120832K Free: 74736K (62%)
2 ms. Memory: 120832K Free: 74240K (61%)
15 ms. Memory: 120832K Free: 73216K (61%)
12 ms. Memory: 120832K Free: 72192K (60%)
2 ms. Memory: 120832K Free: 71168K (59%)
10 ms. Memory: 120832K Free: 70624K (58%)
/home/travis/build/icyphy/ptII/ptolemy/actor/lib/test/Ramp.tcl
6 ms. Memory: 120832K Free: 68600K (57%)
4 ms. Memory: 120832K Free: 68096K (56%)
3 ms. Memory: 120832K Free: 67072K (56%)
2 ms. Memory: 120832K Free: 66544K (55%)
7 ms. Memory: 120832K Free: 65520K (54%)
10 ms. Memory: 120832K Free: 65024K (54%)
8 ms. Memory: 120832K Free: 64000K (53%)
5 actors
6000 microseconds per iteration to create
11 ms. Memory: 120832K Free: 61408K (51%)
2 ms. Memory: 120832K Free: 60408K (50%)
6 ms. Memory: 120832K Free: 59904K (50%)
3 ms. Memory: 120832K Free: 59376K (49%)
50 actors
66000 microseconds per iteration to create
73 ms. Memory: 145408K Free: 126868K (87%)
14 ms. Memory: 145408K Free: 125844K (87%)
19 ms. Memory: 145408K Free: 124310K (85%)
12 ms. Memory: 145408K Free: 123286K (85%)
500 actors
1903000 microseconds per iteration to create
447 ms. Memory: 145408K Free: 105600K (73%)
41 ms. Memory: 145408K Free: 100480K (69%)
49 ms. Memory: 145408K Free: 95360K (66%)
70 ms. Memory: 145408K Free: 89216K (61%)
/home/travis/build/icyphy/ptII/ptolemy/actor/lib/test/RampContinuous.tcl
10 ms. Memory: 145408K Free: 88192K (61%)
/home/travis/build/icyphy/ptII/ptolemy/actor/lib/test/RecordAssembler.tcl
7 ms. Memory: 145408K Free: 86639K (60%)
4 ms. Memory: 145408K Free: 85630K (59%)
/home/travis/build/icyphy/ptII/ptolemy/actor/lib/test/RecordDisassembler.tcl
8 ms. Memory: 145408K Free: 83582K (57%)
3 ms. Memory: 145408K Free: 83072K (57%)
4 ms. Memory: 145408K Free: 81519K (56%)
/home/travis/build/icyphy/ptII/ptolemy/actor/lib/test/Scale.tcl
4 ms. Memory: 145408K Free: 80000K (55%)
2 ms. Memory: 145408K Free: 78976K (54%)
2 ms. Memory: 145408K Free: 78431K (54%)
3 ms. Memory: 145408K Free: 77438K (53%)
3 ms. Memory: 145408K Free: 76928K (53%)
/home/travis/build/icyphy/ptII/ptolemy/actor/lib/test/SequentialClock.tcl
preinitializing
resolving types
initializing
executing number 1
wrapping up
idle
3 ms. Memory: 145408K Free: 75375K (52%)
Completed execution with 5 iterations
preinitializing
resolving types
initializing
executing number 1
wrapping up
idle
2 ms. Memory: 145408K Free: 74880K (51%)
Completed execution with 5 iterations
preinitializing
resolving types
initializing
executing number 1
wrapping up
idle
3 ms. Memory: 145408K Free: 74351K (51%)
Completed execution with 5 iterations
/home/travis/build/icyphy/ptII/ptolemy/actor/lib/test/SetVariable.tcl
12 ms. Memory: 145408K Free: 72318K (50%)


==== $PTII/ptolemy/actor/lib/test/SetVariable.tcl: SetVariable-3.1 changeFailed
==== Contents of test case:

    #Uses 2.1 above
    jdkCaptureErr {
        # This test was failing if we ran Exit.tcl and then this test.
        # MessageHandler.error() now actually throws the Exception.
	catch {$setVariable changeFailed [java::null]  [java::new Exception {Test exception for SetVariable.changeFailed()}]} errMsg
    } results
    list [string range $results 0 89] "\n" $errMsg

==== Result was:
{java.lang.Exception: Test exception for SetVariable.changeFailed()
	at java.base/jdk.inter} {
} {java.lang.RuntimeException: java.lang.Exception: Test exception for SetVariable.changeFailed()}
---- Result should have been:
{Failed to set variable.
java.lang.Exception: Test exception for SetVariable.changeFailed()} {
} {java.lang.RuntimeException: java.lang.Exception: Test exception for SetVariable.changeFailed()}
---- SetVariable-3.1 FAILED
/home/travis/build/icyphy/ptII/ptolemy/actor/lib/test/Sinewave.tcl
/home/travis/build/icyphy/ptII/ptolemy/actor/lib/test/SubscriptionAggregator.tcl
14 ms. Memory: 145408K Free: 60544K (42%)
9 ms. Memory: 145408K Free: 60015K (41%)
0 ms. Memory: 145408K Free: 59520K (41%)
0 ms. Memory: 145408K Free: 59006K (41%)
2 ms. Memory: 145408K Free: 55424K (38%)
11 ms. Memory: 145408K Free: 53376K (37%)
...............................................................1218 ms. Memory: 260096K Free: 171105K (66%)
/home/travis/build/icyphy/ptII/ptolemy/actor/lib/test/Test.tcl
 The next command will produce a warning about training mode,
   which may be ignored.
7 ms. Memory: 260096K Free: 169057K (65%)
4 ms. Memory: 260096K Free: 168528K (65%)
2 ms. Memory: 260096K Free: 168033K (65%)
2 ms. Memory: 260096K Free: 167504K (64%)
3 ms. Memory: 260096K Free: 166480K (64%)
4 ms. Memory: 260096K Free: 165471K (64%)
5 ms. Memory: 260096K Free: 163937K (63%)
 The next command will produce a warning about training mode,
   which may be ignored.
6 ms. Memory: 260096K Free: 161889K (62%)
 The next command will produce a warning about training mode,
   which may be ignored.
4 ms. Memory: 260096K Free: 160351K (62%)
2 ms. Memory: 260096K Free: 160351K (62%)
2 ms. Memory: 260096K Free: 159841K (61%)
3 ms. Memory: 260096K Free: 159327K (61%)
8 ms. Memory: 260096K Free: 158272K (61%)
5 ms. Memory: 260096K Free: 154207K (59%)
/home/travis/build/icyphy/ptII/ptolemy/actor/lib/test/TestExceptionHandler.tcl
 The next command will produce a warning about training mode,
   which may be ignored.
4 ms. Memory: 260096K Free: 153176K (59%)
2 ms. Memory: 260096K Free: 152673K (59%)
1 ms. Memory: 260096K Free: 152159K (59%)
/home/travis/build/icyphy/ptII/ptolemy/actor/lib/test/UnionDisassembler.tcl
20 ms. Memory: 260096K Free: 144481K (56%)
/home/travis/build/icyphy/ptII/ptolemy/actor/lib/test/VariableClock.tcl
preinitializing
resolving types
initializing
executing number 1
wrapping up
idle
9 ms. Memory: 260096K Free: 142928K (55%)
Completed execution with 11 iterations
preinitializing
resolving types
initializing
executing number 1
wrapping up
idle
14 ms. Memory: 260096K Free: 141409K (54%)
Completed execution with 10 iterations
09/16/19 05:47:41
Failed: 1  Total Tests: 234  ((Passed: 233, Newly Passed: 0)  Known Failed: 0) /home/travis/build/icyphy/ptII/ptolemy/actor/lib/test
----------------- testing (KnownFailure) /home/travis/build/icyphy/ptII/ptolemy/actor/lib/test/auto/knownFailedTests/PublisherPortToplevelSubscriber.xml
0 ms. Memory: 260096K Free: 137823K (53%)
Known Failure: java.lang.reflect.InvocationTargetException
----------------- testing (KnownFailure) /home/travis/build/icyphy/ptII/ptolemy/actor/lib/test/auto/knownFailedTests/PublisherSubscriberPortToplevel.xml
1 ms. Memory: 260096K Free: 133727K (51%)
Known Failure: java.lang.reflect.InvocationTargetException
----------------- testing (KnownFailure) /home/travis/build/icyphy/ptII/ptolemy/actor/lib/test/auto/knownFailedTests/PublisherSubscriptionAggregatorPort.xml
1 ms. Memory: 260096K Free: 129121K (50%)
Known Failure: java.lang.reflect.InvocationTargetException
----------------- testing (KnownFailure) /home/travis/build/icyphy/ptII/ptolemy/actor/lib/test/auto/knownFailedTests/sizedarray3.xml
6 ms. Memory: 260096K Free: 125025K (48%)
Known Failure: java.lang.reflect.InvocationTargetException
No auto/linux-amd64/*.xml tests in /home/travis/build/icyphy/ptII/ptolemy/actor/lib/test
AutoTests.java: About to close Vertx.
AutoTests.java: Vertx closed.

===========================================================================================
----------------- testing Mon Sep 16 05:47:42 UTC 2019 /home/travis/build/icyphy/ptII/ptolemy/actor/lib/test/auto/AbsoluteValue.xml
----------------- Instantiating /home/travis/build/icyphy/ptII/ptolemy/actor/lib/test/auto/AbsoluteValue.xml
9 ms. Memory: 260096K Free: 102497K (39%)
----------------- Invoking toplevel() on ptolemy.moml.MoMLSimpleApplication@6ae4f545
----------------- Done invoking toplevel() on ptolemy.moml.MoMLSimpleApplication@6ae4f545
reloadAllAccessors: .AbsoluteValue

===========================================================================================
----------------- testing Mon Sep 16 05:47:42 UTC 2019 /home/travis/build/icyphy/ptII/ptolemy/actor/lib/test/auto/AbsoluteValue2.xml
----------------- Instantiating /home/travis/build/icyphy/ptII/ptolemy/actor/lib/test/auto/AbsoluteValue2.xml
6 ms. Memory: 260096K Free: 95329K (37%)
----------------- Invoking toplevel() on ptolemy.moml.MoMLSimpleApplication@53ac03af
----------------- Done invoking toplevel() on ptolemy.moml.MoMLSimpleApplication@53ac03af
reloadAllAccessors: .AbsoluteValue2

===========================================================================================
----------------- testing Mon Sep 16 05:47:42 UTC 2019 /home/travis/build/icyphy/ptII/ptolemy/actor/lib/test/auto/Accumulator.xml
----------------- Instantiating /home/travis/build/icyphy/ptII/ptolemy/actor/lib/test/auto/Accumulator.xml
8 ms. Memory: 260096K Free: 89185K (34%)
----------------- Invoking toplevel() on ptolemy.moml.MoMLSimpleApplication@42734c28
----------------- Done invoking toplevel() on ptolemy.moml.MoMLSimpleApplication@42734c28
reloadAllAccessors: .Accumulator

===========================================================================================
----------------- testing Mon Sep 16 05:47:42 UTC 2019 /home/travis/build/icyphy/ptII/ptolemy/actor/lib/test/auto/Accumulator2.xml
----------------- Instantiating /home/travis/build/icyphy/ptII/ptolemy/actor/lib/test/auto/Accumulator2.xml
19 ms. Memory: 260096K Free: 84065K (32%)
----------------- Invoking toplevel() on ptolemy.moml.MoMLSimpleApplication@6e2c33f8
----------------- Done invoking toplevel() on ptolemy.moml.MoMLSimpleApplication@6e2c33f8
reloadAllAccessors: .Accumulator2

===========================================================================================
----------------- testing Mon Sep 16 05:47:42 UTC 2019 /home/travis/build/icyphy/ptII/ptolemy/actor/lib/test/auto/Accumulator3.xml
----------------- Instantiating /home/travis/build/icyphy/ptII/ptolemy/actor/lib/test/auto/Accumulator3.xml
3 ms. Memory: 260096K Free: 79455K (31%)
----------------- Invoking toplevel() on ptolemy.moml.MoMLSimpleApplication@4b82c2b5
----------------- Done invoking toplevel() on ptolemy.moml.MoMLSimpleApplication@4b82c2b5
reloadAllAccessors: .Accumulator3

===========================================================================================
----------------- testing Mon Sep 16 05:47:42 UTC 2019 /home/travis/build/icyphy/ptII/ptolemy/actor/lib/test/auto/ArrayAppend.xml
----------------- Instantiating /home/travis/build/icyphy/ptII/ptolemy/actor/lib/test/auto/ArrayAppend.xml
19 ms. Memory: 260096K Free: 210193K (81%)
----------------- Invoking toplevel() on ptolemy.moml.MoMLSimpleApplication@3f11a118
----------------- Done invoking toplevel() on ptolemy.moml.MoMLSimpleApplication@3f11a118
reloadAllAccessors: .ArrayAppend

===========================================================================================
----------------- testing Mon Sep 16 05:47:42 UTC 2019 /home/travis/build/icyphy/ptII/ptolemy/actor/lib/test/auto/ArrayAppend2.xml
----------------- Instantiating /home/travis/build/icyphy/ptII/ptolemy/actor/lib/test/auto/ArrayAppend2.xml
387 ms. Memory: 260096K Free: 127251K (49%)
----------------- Invoking toplevel() on ptolemy.moml.MoMLSimpleApplication@7b29980b
----------------- Done invoking toplevel() on ptolemy.moml.MoMLSimpleApplication@7b29980b
reloadAllAccessors: .ArrayAppend2

===========================================================================================
----------------- testing Mon Sep 16 05:47:43 UTC 2019 /home/travis/build/icyphy/ptII/ptolemy/actor/lib/test/auto/ArrayAppend3.xml
----------------- Instantiating /home/travis/build/icyphy/ptII/ptolemy/actor/lib/test/auto/ArrayAppend3.xml
4 ms. Memory: 260096K Free: 122641K (47%)
----------------- Invoking toplevel() on ptolemy.moml.MoMLSimpleApplication@4322b3dc
----------------- Done invoking toplevel() on ptolemy.moml.MoMLSimpleApplication@4322b3dc
reloadAllAccessors: .ArrayAppend3

===========================================================================================
----------------- testing Mon Sep 16 05:47:43 UTC 2019 /home/travis/build/icyphy/ptII/ptolemy/actor/lib/test/auto/ArrayAppend4.xml
----------------- Instantiating /home/travis/build/icyphy/ptII/ptolemy/actor/lib/test/auto/ArrayAppend4.xml
3 ms. Memory: 260096K Free: 117521K (45%)
----------------- Invoking toplevel() on ptolemy.moml.MoMLSimpleApplication@2a78527a
----------------- Done invoking toplevel() on ptolemy.moml.MoMLSimpleApplication@2a78527a
reloadAllAccessors: .ArrayAppend4

===========================================================================================
----------------- testing Mon Sep 16 05:47:43 UTC 2019 /home/travis/build/icyphy/ptII/ptolemy/actor/lib/test/auto/ArrayAppend5.xml
----------------- Instantiating /home/travis/build/icyphy/ptII/ptolemy/actor/lib/test/auto/ArrayAppend5.xml
5 ms. Memory: 260096K Free: 112401K (43%)
----------------- Invoking toplevel() on ptolemy.moml.MoMLSimpleApplication@70742143
----------------- Done invoking toplevel() on ptolemy.moml.MoMLSimpleApplication@70742143
reloadAllAccessors: .ArrayAppend5

===========================================================================================
----------------- testing Mon Sep 16 05:47:43 UTC 2019 /home/travis/build/icyphy/ptII/ptolemy/actor/lib/test/auto/ArrayAppend6.xml
----------------- Instantiating /home/travis/build/icyphy/ptII/ptolemy/actor/lib/test/auto/ArrayAppend6.xml
4 ms. Memory: 260096K Free: 107281K (41%)
----------------- Invoking toplevel() on ptolemy.moml.MoMLSimpleApplication@30fb722e
----------------- Done invoking toplevel() on ptolemy.moml.MoMLSimpleApplication@30fb722e
reloadAllAccessors: .ArrayAppend6

===========================================================================================
----------------- testing Mon Sep 16 05:47:43 UTC 2019 /home/travis/build/icyphy/ptII/ptolemy/actor/lib/test/auto/ArrayAppendPerformanceTest.xml
----------------- Instantiating /home/travis/build/icyphy/ptII/ptolemy/actor/lib/test/auto/ArrayAppendPerformanceTest.xml
40 ms. Memory: 260096K Free: 97041K (37%)
----------------- Invoking toplevel() on ptolemy.moml.MoMLSimpleApplication@5fa310b4
----------------- Done invoking toplevel() on ptolemy.moml.MoMLSimpleApplication@5fa310b4
reloadAllAccessors: .ArrayAppendPerformanceTest

===========================================================================================
----------------- testing Mon Sep 16 05:47:43 UTC 2019 /home/travis/build/icyphy/ptII/ptolemy/actor/lib/test/auto/ArrayAppendWithEmptyInput.xml
----------------- Instantiating /home/travis/build/icyphy/ptII/ptolemy/actor/lib/test/auto/ArrayAppendWithEmptyInput.xml
20 ms. Memory: 260096K Free: 88849K (34%)
----------------- Invoking toplevel() on ptolemy.moml.MoMLSimpleApplication@31f95e59
----------------- Done invoking toplevel() on ptolemy.moml.MoMLSimpleApplication@31f95e59
reloadAllAccessors: .ArrayAppendWithEmptyInput

===========================================================================================
----------------- testing Mon Sep 16 05:47:43 UTC 2019 /home/travis/build/icyphy/ptII/ptolemy/actor/lib/test/auto/ArrayAverage.xml
----------------- Instantiating /home/travis/build/icyphy/ptII/ptolemy/actor/lib/test/auto/ArrayAverage.xml
17 ms. Memory: 260096K Free: 81171K (31%)
----------------- Invoking toplevel() on ptolemy.moml.MoMLSimpleApplication@6a234081
----------------- Done invoking toplevel() on ptolemy.moml.MoMLSimpleApplication@6a234081
reloadAllAccessors: .ArrayAverage

===========================================================================================
----------------- testing Mon Sep 16 05:47:43 UTC 2019 /home/travis/build/icyphy/ptII/ptolemy/actor/lib/test/auto/ArrayContains.xml
----------------- Instantiating /home/travis/build/icyphy/ptII/ptolemy/actor/lib/test/auto/ArrayContains.xml
14 ms. Memory: 260096K Free: 75537K (29%)
----------------- Invoking toplevel() on ptolemy.moml.MoMLSimpleApplication@4c89030a
----------------- Done invoking toplevel() on ptolemy.moml.MoMLSimpleApplication@4c89030a
reloadAllAccessors: .ArrayContains

===========================================================================================
----------------- testing Mon Sep 16 05:47:43 UTC 2019 /home/travis/build/icyphy/ptII/ptolemy/actor/lib/test/auto/ArrayElement.xml
----------------- Instantiating /home/travis/build/icyphy/ptII/ptolemy/actor/lib/test/auto/ArrayElement.xml
11 ms. Memory: 260096K Free: 210707K (81%)
----------------- Invoking toplevel() on ptolemy.moml.MoMLSimpleApplication@50e7d910
----------------- Done invoking toplevel() on ptolemy.moml.MoMLSimpleApplication@50e7d910
reloadAllAccessors: .ArrayElement

===========================================================================================
----------------- testing Mon Sep 16 05:47:43 UTC 2019 /home/travis/build/icyphy/ptII/ptolemy/actor/lib/test/auto/ArrayElementAsMatrix.xml
----------------- Instantiating /home/travis/build/icyphy/ptII/ptolemy/actor/lib/test/auto/ArrayElementAsMatrix.xml
26 ms. Memory: 260096K Free: 200467K (77%)
----------------- Invoking toplevel() on ptolemy.moml.MoMLSimpleApplication@8cfe9af
----------------- Done invoking toplevel() on ptolemy.moml.MoMLSimpleApplication@8cfe9af
reloadAllAccessors: .ArrayElementAsMatrix

===========================================================================================
----------------- testing Mon Sep 16 05:47:43 UTC 2019 /home/travis/build/icyphy/ptII/ptolemy/actor/lib/test/auto/ArrayElementI.xml
----------------- Instantiating /home/travis/build/icyphy/ptII/ptolemy/actor/lib/test/auto/ArrayElementI.xml
4 ms. Memory: 260096K Free: 195347K (75%)
----------------- Invoking toplevel() on ptolemy.moml.MoMLSimpleApplication@53e20aa2
----------------- Done invoking toplevel() on ptolemy.moml.MoMLSimpleApplication@53e20aa2
reloadAllAccessors: .ArrayElementI

===========================================================================================
----------------- testing Mon Sep 16 05:47:43 UTC 2019 /home/travis/build/icyphy/ptII/ptolemy/actor/lib/test/auto/ArrayExtract.xml
----------------- Instantiating /home/travis/build/icyphy/ptII/ptolemy/actor/lib/test/auto/ArrayExtract.xml
6 ms. Memory: 260096K Free: 187155K (72%)
----------------- Invoking toplevel() on ptolemy.moml.MoMLSimpleApplication@869b555
----------------- Done invoking toplevel() on ptolemy.moml.MoMLSimpleApplication@869b555
reloadAllAccessors: .ArrayExtract

===========================================================================================
----------------- testing Mon Sep 16 05:47:43 UTC 2019 /home/travis/build/icyphy/ptII/ptolemy/actor/lib/test/auto/ArrayExtract2.xml
----------------- Instantiating /home/travis/build/icyphy/ptII/ptolemy/actor/lib/test/auto/ArrayExtract2.xml
3 ms. Memory: 260096K Free: 181506K (70%)
----------------- Invoking toplevel() on ptolemy.moml.MoMLSimpleApplication@69e94ebb
----------------- Done invoking toplevel() on ptolemy.moml.MoMLSimpleApplication@69e94ebb
reloadAllAccessors: .ArrayExtract2

===========================================================================================
----------------- testing Mon Sep 16 05:47:43 UTC 2019 /home/travis/build/icyphy/ptII/ptolemy/actor/lib/test/auto/ArrayLength.xml
----------------- Instantiating /home/travis/build/icyphy/ptII/ptolemy/actor/lib/test/auto/ArrayLength.xml
2 ms. Memory: 260096K Free: 177939K (68%)
----------------- Invoking toplevel() on ptolemy.moml.MoMLSimpleApplication@3f7976ba
----------------- Done invoking toplevel() on ptolemy.moml.MoMLSimpleApplication@3f7976ba
reloadAllAccessors: .ArrayLength

===========================================================================================
----------------- testing Mon Sep 16 05:47:44 UTC 2019 /home/travis/build/icyphy/ptII/ptolemy/actor/lib/test/auto/ArrayLevelCrossing.xml
----------------- Instantiating /home/travis/build/icyphy/ptII/ptolemy/actor/lib/test/auto/ArrayLevelCrossing.xml
5 ms. Memory: 260096K Free: 169747K (65%)
----------------- Invoking toplevel() on ptolemy.moml.MoMLSimpleApplication@77202c47
----------------- Done invoking toplevel() on ptolemy.moml.MoMLSimpleApplication@77202c47
reloadAllAccessors: .ArrayLevelCrossing

===========================================================================================
----------------- testing Mon Sep 16 05:47:44 UTC 2019 /home/travis/build/icyphy/ptII/ptolemy/actor/lib/test/auto/ArrayLevelCrossing2.xml
----------------- Instantiating /home/travis/build/icyphy/ptII/ptolemy/actor/lib/test/auto/ArrayLevelCrossing2.xml
3 ms. Memory: 260096K Free: 163074K (63%)
----------------- Invoking toplevel() on ptolemy.moml.MoMLSimpleApplication@5bd67457
----------------- Done invoking toplevel() on ptolemy.moml.MoMLSimpleApplication@5bd67457
reloadAllAccessors: .ArrayLevelCrossing2

===========================================================================================
----------------- testing Mon Sep 16 05:47:44 UTC 2019 /home/travis/build/icyphy/ptII/ptolemy/actor/lib/test/auto/ArrayPeakSearch.xml
----------------- Instantiating /home/travis/build/icyphy/ptII/ptolemy/actor/lib/test/auto/ArrayPeakSearch.xml
10 ms. Memory: 260096K Free: 153363K (59%)
----------------- Invoking toplevel() on ptolemy.moml.MoMLSimpleApplication@6b3d1ef4
----------------- Done invoking toplevel() on ptolemy.moml.MoMLSimpleApplication@6b3d1ef4
reloadAllAccessors: .ArrayPeakSearch

===========================================================================================
----------------- testing Mon Sep 16 05:47:44 UTC 2019 /home/travis/build/icyphy/ptII/ptolemy/actor/lib/test/auto/ArrayPeakSearch2.xml
----------------- Instantiating /home/travis/build/icyphy/ptII/ptolemy/actor/lib/test/auto/ArrayPeakSearch2.xml
8 ms. Memory: 260096K Free: 143123K (55%)
----------------- Invoking toplevel() on ptolemy.moml.MoMLSimpleApplication@dca35a7
----------------- Done invoking toplevel() on ptolemy.moml.MoMLSimpleApplication@dca35a7
reloadAllAccessors: .ArrayPeakSearch2

===========================================================================================
----------------- testing Mon Sep 16 05:47:44 UTC 2019 /home/travis/build/icyphy/ptII/ptolemy/actor/lib/test/auto/ArrayPeakSearch3.xml
----------------- Instantiating /home/travis/build/icyphy/ptII/ptolemy/actor/lib/test/auto/ArrayPeakSearch3.xml
7 ms. Memory: 260096K Free: 133907K (51%)
----------------- Invoking toplevel() on ptolemy.moml.MoMLSimpleApplication@895b2ff
----------------- Done invoking toplevel() on ptolemy.moml.MoMLSimpleApplication@895b2ff
reloadAllAccessors: .ArrayPeakSearch3

===========================================================================================
----------------- testing Mon Sep 16 05:47:44 UTC 2019 /home/travis/build/icyphy/ptII/ptolemy/actor/lib/test/auto/ArrayRemoveElement.xml
----------------- Instantiating /home/travis/build/icyphy/ptII/ptolemy/actor/lib/test/auto/ArrayRemoveElement.xml
3 ms. Memory: 260096K Free: 126225K (49%)
----------------- Invoking toplevel() on ptolemy.moml.MoMLSimpleApplication@2115023b
----------------- Done invoking toplevel() on ptolemy.moml.MoMLSimpleApplication@2115023b
reloadAllAccessors: .ArrayRemoveElement

===========================================================================================
----------------- testing Mon Sep 16 05:47:44 UTC 2019 /home/travis/build/icyphy/ptII/ptolemy/actor/lib/test/auto/ArraySort.xml
----------------- Instantiating /home/travis/build/icyphy/ptII/ptolemy/actor/lib/test/auto/ArraySort.xml
11 ms. Memory: 260096K Free: 117009K (45%)
----------------- Invoking toplevel() on ptolemy.moml.MoMLSimpleApplication@30f7f57d
----------------- Done invoking toplevel() on ptolemy.moml.MoMLSimpleApplication@30f7f57d
reloadAllAccessors: .ArraySort

===========================================================================================
----------------- testing Mon Sep 16 05:47:44 UTC 2019 /home/travis/build/icyphy/ptII/ptolemy/actor/lib/test/auto/ArraySum.xml
----------------- Instantiating /home/travis/build/icyphy/ptII/ptolemy/actor/lib/test/auto/ArraySum.xml
6 ms. Memory: 260096K Free: 111889K (43%)
----------------- Invoking toplevel() on ptolemy.moml.MoMLSimpleApplication@7f1aed4c
----------------- Done invoking toplevel() on ptolemy.moml.MoMLSimpleApplication@7f1aed4c
reloadAllAccessors: .ArraySum

===========================================================================================
----------------- testing Mon Sep 16 05:47:44 UTC 2019 /home/travis/build/icyphy/ptII/ptolemy/actor/lib/test/auto/ArrayToElements.xml
----------------- Instantiating /home/travis/build/icyphy/ptII/ptolemy/actor/lib/test/auto/ArrayToElements.xml
6 ms. Memory: 260096K Free: 106259K (41%)
----------------- Invoking toplevel() on ptolemy.moml.MoMLSimpleApplication@6acd9a35
----------------- Done invoking toplevel() on ptolemy.moml.MoMLSimpleApplication@6acd9a35
reloadAllAccessors: .ArrayToElements

===========================================================================================
----------------- testing Mon Sep 16 05:47:44 UTC 2019 /home/travis/build/icyphy/ptII/ptolemy/actor/lib/test/auto/ArrayToMatrix.xml
----------------- Instantiating /home/travis/build/icyphy/ptII/ptolemy/actor/lib/test/auto/ArrayToMatrix.xml
15 ms. Memory: 260096K Free: 92433K (36%)
----------------- Invoking toplevel() on ptolemy.moml.MoMLSimpleApplication@7ad81474
----------------- Done invoking toplevel() on ptolemy.moml.MoMLSimpleApplication@7ad81474
reloadAllAccessors: .ArrayToMatrix

===========================================================================================
----------------- testing Mon Sep 16 05:47:44 UTC 2019 /home/travis/build/icyphy/ptII/ptolemy/actor/lib/test/auto/ArrayUpdate1.xml
----------------- Instantiating /home/travis/build/icyphy/ptII/ptolemy/actor/lib/test/auto/ArrayUpdate1.xml
5 ms. Memory: 260096K Free: 87313K (34%)
----------------- Invoking toplevel() on ptolemy.moml.MoMLSimpleApplication@32fe39bf
----------------- Done invoking toplevel() on ptolemy.moml.MoMLSimpleApplication@32fe39bf
reloadAllAccessors: .ArrayUpdate1

===========================================================================================
----------------- testing Mon Sep 16 05:47:44 UTC 2019 /home/travis/build/icyphy/ptII/ptolemy/actor/lib/test/auto/ArrayUpdate2.xml
----------------- Instantiating /home/travis/build/icyphy/ptII/ptolemy/actor/lib/test/auto/ArrayUpdate2.xml
4 ms. Memory: 260096K Free: 81169K (31%)
----------------- Invoking toplevel() on ptolemy.moml.MoMLSimpleApplication@ab03ced
----------------- Done invoking toplevel() on ptolemy.moml.MoMLSimpleApplication@ab03ced
reloadAllAccessors: .ArrayUpdate2

===========================================================================================
----------------- testing Mon Sep 16 05:47:44 UTC 2019 /home/travis/build/icyphy/ptII/ptolemy/actor/lib/test/auto/ArrayUpdate3.xml
----------------- Instantiating /home/travis/build/icyphy/ptII/ptolemy/actor/lib/test/auto/ArrayUpdate3.xml
2 ms. Memory: 260096K Free: 76049K (29%)
----------------- Invoking toplevel() on ptolemy.moml.MoMLSimpleApplication@47724290
----------------- Done invoking toplevel() on ptolemy.moml.MoMLSimpleApplication@47724290
reloadAllAccessors: .ArrayUpdate3

===========================================================================================
----------------- testing Mon Sep 16 05:47:44 UTC 2019 /home/travis/build/icyphy/ptII/ptolemy/actor/lib/test/auto/Assert1.xml
----------------- Instantiating /home/travis/build/icyphy/ptII/ptolemy/actor/lib/test/auto/Assert1.xml
4 ms. Memory: 260096K Free: 71953K (28%)
----------------- Invoking toplevel() on ptolemy.moml.MoMLSimpleApplication@106c7466
----------------- Done invoking toplevel() on ptolemy.moml.MoMLSimpleApplication@106c7466
reloadAllAccessors: .Assert1

===========================================================================================
----------------- testing Mon Sep 16 05:47:44 UTC 2019 /home/travis/build/icyphy/ptII/ptolemy/actor/lib/test/auto/Assert2.xml
----------------- Instantiating /home/travis/build/icyphy/ptII/ptolemy/actor/lib/test/auto/Assert2.xml
44 ms. Memory: 260096K Free: 212490K (82%)
----------------- Invoking toplevel() on ptolemy.moml.MoMLSimpleApplication@4496bd89
----------------- Done invoking toplevel() on ptolemy.moml.MoMLSimpleApplication@4496bd89
reloadAllAccessors: .Assert2

===========================================================================================
----------------- testing Mon Sep 16 05:47:44 UTC 2019 /home/travis/build/icyphy/ptII/ptolemy/actor/lib/test/auto/BooleanMultiplexor.xml
----------------- Instantiating /home/travis/build/icyphy/ptII/ptolemy/actor/lib/test/auto/BooleanMultiplexor.xml
2 ms. Memory: 260096K Free: 206611K (79%)
----------------- Invoking toplevel() on ptolemy.moml.MoMLSimpleApplication@44378007
----------------- Done invoking toplevel() on ptolemy.moml.MoMLSimpleApplication@44378007
reloadAllAccessors: .BooleanMultiplexor

===========================================================================================
----------------- testing Mon Sep 16 05:47:44 UTC 2019 /home/travis/build/icyphy/ptII/ptolemy/actor/lib/test/auto/BooleanMultiplexor2.xml
----------------- Instantiating /home/travis/build/icyphy/ptII/ptolemy/actor/lib/test/auto/BooleanMultiplexor2.xml
12 ms. Memory: 260096K Free: 199950K (77%)
----------------- Invoking toplevel() on ptolemy.moml.MoMLSimpleApplication@613f2fed
----------------- Done invoking toplevel() on ptolemy.moml.MoMLSimpleApplication@613f2fed
reloadAllAccessors: .BooleanMultiplexor2

===========================================================================================
----------------- testing Mon Sep 16 05:47:44 UTC 2019 /home/travis/build/icyphy/ptII/ptolemy/actor/lib/test/auto/BooleanMultiplexor3.xml
----------------- Instantiating /home/travis/build/icyphy/ptII/ptolemy/actor/lib/test/auto/BooleanMultiplexor3.xml
5 ms. Memory: 260096K Free: 196371K (75%)
----------------- Invoking toplevel() on ptolemy.moml.MoMLSimpleApplication@4fb1a43f
----------------- Done invoking toplevel() on ptolemy.moml.MoMLSimpleApplication@4fb1a43f
reloadAllAccessors: .BooleanMultiplexor3

===========================================================================================
----------------- testing Mon Sep 16 05:47:44 UTC 2019 /home/travis/build/icyphy/ptII/ptolemy/actor/lib/test/auto/BooleanSelect.xml
----------------- Instantiating /home/travis/build/icyphy/ptII/ptolemy/actor/lib/test/auto/BooleanSelect.xml
14 ms. Memory: 260096K Free: 190227K (73%)
----------------- Invoking toplevel() on ptolemy.moml.MoMLSimpleApplication@2c768e3f
----------------- Done invoking toplevel() on ptolemy.moml.MoMLSimpleApplication@2c768e3f
reloadAllAccessors: .BooleanSelect

===========================================================================================
----------------- testing Mon Sep 16 05:47:44 UTC 2019 /home/travis/build/icyphy/ptII/ptolemy/actor/lib/test/auto/BooleanSelect2.xml
----------------- Instantiating /home/travis/build/icyphy/ptII/ptolemy/actor/lib/test/auto/BooleanSelect2.xml
2 ms. Memory: 260096K Free: 186131K (72%)
----------------- Invoking toplevel() on ptolemy.moml.MoMLSimpleApplication@65b837ea
----------------- Done invoking toplevel() on ptolemy.moml.MoMLSimpleApplication@65b837ea
reloadAllAccessors: .BooleanSelect2

===========================================================================================
----------------- testing Mon Sep 16 05:47:44 UTC 2019 /home/travis/build/icyphy/ptII/ptolemy/actor/lib/test/auto/BooleanSwitch.xml
----------------- Instantiating /home/travis/build/icyphy/ptII/ptolemy/actor/lib/test/auto/BooleanSwitch.xml
15 ms. Memory: 260096K Free: 179987K (69%)
----------------- Invoking toplevel() on ptolemy.moml.MoMLSimpleApplication@6bd1bcb8
----------------- Done invoking toplevel() on ptolemy.moml.MoMLSimpleApplication@6bd1bcb8
reloadAllAccessors: .BooleanSwitch

===========================================================================================
----------------- testing Mon Sep 16 05:47:44 UTC 2019 /home/travis/build/icyphy/ptII/ptolemy/actor/lib/test/auto/BooleanSwitch2.xml
----------------- Instantiating /home/travis/build/icyphy/ptII/ptolemy/actor/lib/test/auto/BooleanSwitch2.xml
1 ms. Memory: 260096K Free: 175891K (68%)
----------------- Invoking toplevel() on ptolemy.moml.MoMLSimpleApplication@4ce8fce6
----------------- Done invoking toplevel() on ptolemy.moml.MoMLSimpleApplication@4ce8fce6
reloadAllAccessors: .BooleanSwitch2

===========================================================================================
----------------- testing Mon Sep 16 05:47:44 UTC 2019 /home/travis/build/icyphy/ptII/ptolemy/actor/lib/test/auto/BooleanSwitchCloningBugWithClassRelationGroup.xml
----------------- Instantiating /home/travis/build/icyphy/ptII/ptolemy/actor/lib/test/auto/BooleanSwitchCloningBugWithClassRelationGroup.xml
3 ms. Memory: 260096K Free: 169233K (65%)
----------------- Invoking toplevel() on ptolemy.moml.MoMLSimpleApplication@2f597c4c
----------------- Done invoking toplevel() on ptolemy.moml.MoMLSimpleApplication@2f597c4c
reloadAllAccessors: .BooleanSwitchCloningBugWithClassRelationGroup

===========================================================================================
----------------- testing Mon Sep 16 05:47:44 UTC 2019 /home/travis/build/icyphy/ptII/ptolemy/actor/lib/test/auto/BusActors.xml
----------------- Instantiating /home/travis/build/icyphy/ptII/ptolemy/actor/lib/test/auto/BusActors.xml
7 ms. Memory: 260096K Free: 161555K (62%)
----------------- Invoking toplevel() on ptolemy.moml.MoMLSimpleApplication@4ee60ef9
----------------- Done invoking toplevel() on ptolemy.moml.MoMLSimpleApplication@4ee60ef9
reloadAllAccessors: .BusActors

===========================================================================================
----------------- testing Mon Sep 16 05:47:44 UTC 2019 /home/travis/build/icyphy/ptII/ptolemy/actor/lib/test/auto/ClassWrapper.xml
----------------- Instantiating /home/travis/build/icyphy/ptII/ptolemy/actor/lib/test/auto/ClassWrapper.xml
3 ms. Memory: 260096K Free: 156945K (60%)
----------------- Invoking toplevel() on ptolemy.moml.MoMLSimpleApplication@7c28b5f7
----------------- Done invoking toplevel() on ptolemy.moml.MoMLSimpleApplication@7c28b5f7
reloadAllAccessors: .ClassWrapper

===========================================================================================
----------------- testing Mon Sep 16 05:47:44 UTC 2019 /home/travis/build/icyphy/ptII/ptolemy/actor/lib/test/auto/Clock.xml
----------------- Instantiating /home/travis/build/icyphy/ptII/ptolemy/actor/lib/test/auto/Clock.xml
3 ms. Memory: 260096K Free: 153363K (59%)
----------------- Invoking toplevel() on ptolemy.moml.MoMLSimpleApplication@656544b0
----------------- Done invoking toplevel() on ptolemy.moml.MoMLSimpleApplication@656544b0
reloadAllAccessors: .Clock

===========================================================================================
----------------- testing Mon Sep 16 05:47:45 UTC 2019 /home/travis/build/icyphy/ptII/ptolemy/actor/lib/test/auto/Clock10.xml
----------------- Instantiating /home/travis/build/icyphy/ptII/ptolemy/actor/lib/test/auto/Clock10.xml
5 ms. Memory: 260096K Free: 147219K (57%)
----------------- Invoking toplevel() on ptolemy.moml.MoMLSimpleApplication@1e39c758
----------------- Done invoking toplevel() on ptolemy.moml.MoMLSimpleApplication@1e39c758
reloadAllAccessors: .Clock10

===========================================================================================
----------------- testing Mon Sep 16 05:47:45 UTC 2019 /home/travis/build/icyphy/ptII/ptolemy/actor/lib/test/auto/Clock11.xml
----------------- Instantiating /home/travis/build/icyphy/ptII/ptolemy/actor/lib/test/auto/Clock11.xml
6 ms. Memory: 260096K Free: 141585K (54%)
----------------- Invoking toplevel() on ptolemy.moml.MoMLSimpleApplication@63cd2a13
----------------- Done invoking toplevel() on ptolemy.moml.MoMLSimpleApplication@63cd2a13
reloadAllAccessors: .Clock11

===========================================================================================
----------------- testing Mon Sep 16 05:47:45 UTC 2019 /home/travis/build/icyphy/ptII/ptolemy/actor/lib/test/auto/Clock12.xml
----------------- Instantiating /home/travis/build/icyphy/ptII/ptolemy/actor/lib/test/auto/Clock12.xml
6 ms. Memory: 260096K Free: 135441K (52%)
----------------- Invoking toplevel() on ptolemy.moml.MoMLSimpleApplication@556f0193
----------------- Done invoking toplevel() on ptolemy.moml.MoMLSimpleApplication@556f0193
reloadAllAccessors: .Clock12

===========================================================================================
----------------- testing Mon Sep 16 05:47:45 UTC 2019 /home/travis/build/icyphy/ptII/ptolemy/actor/lib/test/auto/Clock13.xml
----------------- Instantiating /home/travis/build/icyphy/ptII/ptolemy/actor/lib/test/auto/Clock13.xml
5 ms. Memory: 260096K Free: 129811K (50%)
----------------- Invoking toplevel() on ptolemy.moml.MoMLSimpleApplication@3f60cb6f
----------------- Done invoking toplevel() on ptolemy.moml.MoMLSimpleApplication@3f60cb6f
reloadAllAccessors: .Clock13

===========================================================================================
----------------- testing Mon Sep 16 05:47:45 UTC 2019 /home/travis/build/icyphy/ptII/ptolemy/actor/lib/test/auto/Clock14.xml
----------------- Instantiating /home/travis/build/icyphy/ptII/ptolemy/actor/lib/test/auto/Clock14.xml
4 ms. Memory: 260096K Free: 123667K (48%)
----------------- Invoking toplevel() on ptolemy.moml.MoMLSimpleApplication@187777bb
----------------- Done invoking toplevel() on ptolemy.moml.MoMLSimpleApplication@187777bb
reloadAllAccessors: .Clock14

===========================================================================================
----------------- testing Mon Sep 16 05:47:45 UTC 2019 /home/travis/build/icyphy/ptII/ptolemy/actor/lib/test/auto/Clock15.xml
----------------- Instantiating /home/travis/build/icyphy/ptII/ptolemy/actor/lib/test/auto/Clock15.xml
5 ms. Memory: 260096K Free: 118026K (45%)
----------------- Invoking toplevel() on ptolemy.moml.MoMLSimpleApplication@6267b5d5
----------------- Done invoking toplevel() on ptolemy.moml.MoMLSimpleApplication@6267b5d5
reloadAllAccessors: .Clock15

===========================================================================================
----------------- testing Mon Sep 16 05:47:45 UTC 2019 /home/travis/build/icyphy/ptII/ptolemy/actor/lib/test/auto/Clock16.xml
----------------- Instantiating /home/travis/build/icyphy/ptII/ptolemy/actor/lib/test/auto/Clock16.xml
43 ms. Memory: 260096K Free: 102673K (39%)
----------------- Invoking toplevel() on ptolemy.moml.MoMLSimpleApplication@4892d0ad
----------------- Done invoking toplevel() on ptolemy.moml.MoMLSimpleApplication@4892d0ad
reloadAllAccessors: .Clock16

===========================================================================================
----------------- testing Mon Sep 16 05:47:45 UTC 2019 /home/travis/build/icyphy/ptII/ptolemy/actor/lib/test/auto/Clock17.xml
----------------- Instantiating /home/travis/build/icyphy/ptII/ptolemy/actor/lib/test/auto/Clock17.xml
31 ms. Memory: 260096K Free: 88322K (34%)
----------------- Invoking toplevel() on ptolemy.moml.MoMLSimpleApplication@6f14f2e3
----------------- Done invoking toplevel() on ptolemy.moml.MoMLSimpleApplication@6f14f2e3
reloadAllAccessors: .Clock17

===========================================================================================
----------------- testing Mon Sep 16 05:47:45 UTC 2019 /home/travis/build/icyphy/ptII/ptolemy/actor/lib/test/auto/Clock18.xml
----------------- Instantiating /home/travis/build/icyphy/ptII/ptolemy/actor/lib/test/auto/Clock18.xml
34 ms. Memory: 260096K Free: 75010K (29%)
----------------- Invoking toplevel() on ptolemy.moml.MoMLSimpleApplication@7f612c8e
----------------- Done invoking toplevel() on ptolemy.moml.MoMLSimpleApplication@7f612c8e
reloadAllAccessors: .Clock18

===========================================================================================
----------------- testing Mon Sep 16 05:47:45 UTC 2019 /home/travis/build/icyphy/ptII/ptolemy/actor/lib/test/auto/Clock19.xml
----------------- Instantiating /home/travis/build/icyphy/ptII/ptolemy/actor/lib/test/auto/Clock19.xml
17 ms. Memory: 474112K Free: 421649K (89%)
----------------- Invoking toplevel() on ptolemy.moml.MoMLSimpleApplication@32eff5c0
----------------- Done invoking toplevel() on ptolemy.moml.MoMLSimpleApplication@32eff5c0
reloadAllAccessors: .Clock19

===========================================================================================
----------------- testing Mon Sep 16 05:47:45 UTC 2019 /home/travis/build/icyphy/ptII/ptolemy/actor/lib/test/auto/Clock2.xml
----------------- Instantiating /home/travis/build/icyphy/ptII/ptolemy/actor/lib/test/auto/Clock2.xml
10 ms. Memory: 474112K Free: 416498K (88%)
----------------- Invoking toplevel() on ptolemy.moml.MoMLSimpleApplication@7abe20a3
----------------- Done invoking toplevel() on ptolemy.moml.MoMLSimpleApplication@7abe20a3
reloadAllAccessors: .Clock2

===========================================================================================
----------------- testing Mon Sep 16 05:47:45 UTC 2019 /home/travis/build/icyphy/ptII/ptolemy/actor/lib/test/auto/Clock20.xml
----------------- Instantiating /home/travis/build/icyphy/ptII/ptolemy/actor/lib/test/auto/Clock20.xml
12 ms. Memory: 474112K Free: 410899K (87%)
----------------- Invoking toplevel() on ptolemy.moml.MoMLSimpleApplication@4ac4dd3d
----------------- Done invoking toplevel() on ptolemy.moml.MoMLSimpleApplication@4ac4dd3d
reloadAllAccessors: .Clock20

===========================================================================================
----------------- testing Mon Sep 16 05:47:45 UTC 2019 /home/travis/build/icyphy/ptII/ptolemy/actor/lib/test/auto/Clock21.xml
----------------- Instantiating /home/travis/build/icyphy/ptII/ptolemy/actor/lib/test/auto/Clock21.xml
10 ms. Memory: 474112K Free: 405779K (86%)
----------------- Invoking toplevel() on ptolemy.moml.MoMLSimpleApplication@7e210a2c
----------------- Done invoking toplevel() on ptolemy.moml.MoMLSimpleApplication@7e210a2c
reloadAllAccessors: .Clock21

===========================================================================================
----------------- testing Mon Sep 16 05:47:45 UTC 2019 /home/travis/build/icyphy/ptII/ptolemy/actor/lib/test/auto/Clock22.xml
----------------- Instantiating /home/travis/build/icyphy/ptII/ptolemy/actor/lib/test/auto/Clock22.xml
3 ms. Memory: 474112K Free: 400145K (84%)
----------------- Invoking toplevel() on ptolemy.moml.MoMLSimpleApplication@55ec30f2
----------------- Done invoking toplevel() on ptolemy.moml.MoMLSimpleApplication@55ec30f2
reloadAllAccessors: .Clock22

===========================================================================================
----------------- testing Mon Sep 16 05:47:45 UTC 2019 /home/travis/build/icyphy/ptII/ptolemy/actor/lib/test/auto/Clock23.xml
----------------- Instantiating /home/travis/build/icyphy/ptII/ptolemy/actor/lib/test/auto/Clock23.xml
5 ms. Memory: 474112K Free: 395025K (83%)
----------------- Invoking toplevel() on ptolemy.moml.MoMLSimpleApplication@24d7f331
----------------- Done invoking toplevel() on ptolemy.moml.MoMLSimpleApplication@24d7f331
reloadAllAccessors: .Clock23

===========================================================================================
----------------- testing Mon Sep 16 05:47:45 UTC 2019 /home/travis/build/icyphy/ptII/ptolemy/actor/lib/test/auto/Clock24.xml
----------------- Instantiating /home/travis/build/icyphy/ptII/ptolemy/actor/lib/test/auto/Clock24.xml
3 ms. Memory: 474112K Free: 389395K (82%)
----------------- Invoking toplevel() on ptolemy.moml.MoMLSimpleApplication@6da000b6
----------------- Done invoking toplevel() on ptolemy.moml.MoMLSimpleApplication@6da000b6
reloadAllAccessors: .Clock24

===========================================================================================
----------------- testing Mon Sep 16 05:47:45 UTC 2019 /home/travis/build/icyphy/ptII/ptolemy/actor/lib/test/auto/Clock4.xml
----------------- Instantiating /home/travis/build/icyphy/ptII/ptolemy/actor/lib/test/auto/Clock4.xml
2 ms. Memory: 474112K Free: 384275K (81%)
----------------- Invoking toplevel() on ptolemy.moml.MoMLSimpleApplication@43a39897
----------------- Done invoking toplevel() on ptolemy.moml.MoMLSimpleApplication@43a39897
reloadAllAccessors: .Clock4

===========================================================================================
----------------- testing Mon Sep 16 05:47:45 UTC 2019 /home/travis/build/icyphy/ptII/ptolemy/actor/lib/test/auto/Clock5.xml
----------------- Instantiating /home/travis/build/icyphy/ptII/ptolemy/actor/lib/test/auto/Clock5.xml
3 ms. Memory: 474112K Free: 379155K (80%)
----------------- Invoking toplevel() on ptolemy.moml.MoMLSimpleApplication@1373f435
----------------- Done invoking toplevel() on ptolemy.moml.MoMLSimpleApplication@1373f435
reloadAllAccessors: .Clock5

===========================================================================================
----------------- testing Mon Sep 16 05:47:45 UTC 2019 /home/travis/build/icyphy/ptII/ptolemy/actor/lib/test/auto/Clock6.xml
----------------- Instantiating /home/travis/build/icyphy/ptII/ptolemy/actor/lib/test/auto/Clock6.xml
3 ms. Memory: 474112K Free: 374545K (79%)
----------------- Invoking toplevel() on ptolemy.moml.MoMLSimpleApplication@456f4031
----------------- Done invoking toplevel() on ptolemy.moml.MoMLSimpleApplication@456f4031
reloadAllAccessors: .Clock6

===========================================================================================
----------------- testing Mon Sep 16 05:47:45 UTC 2019 /home/travis/build/icyphy/ptII/ptolemy/actor/lib/test/auto/Clock7.xml
----------------- Instantiating /home/travis/build/icyphy/ptII/ptolemy/actor/lib/test/auto/Clock7.xml
3 ms. Memory: 474112K Free: 370449K (78%)
----------------- Invoking toplevel() on ptolemy.moml.MoMLSimpleApplication@18cad1cd
----------------- Done invoking toplevel() on ptolemy.moml.MoMLSimpleApplication@18cad1cd
reloadAllAccessors: .Clock7

===========================================================================================
----------------- testing Mon Sep 16 05:47:45 UTC 2019 /home/travis/build/icyphy/ptII/ptolemy/actor/lib/test/auto/Clock8.xml
----------------- Instantiating /home/travis/build/icyphy/ptII/ptolemy/actor/lib/test/auto/Clock8.xml
5 ms. Memory: 474112K Free: 364819K (77%)
----------------- Invoking toplevel() on ptolemy.moml.MoMLSimpleApplication@4b01ea31
----------------- Done invoking toplevel() on ptolemy.moml.MoMLSimpleApplication@4b01ea31
reloadAllAccessors: .Clock8

===========================================================================================
----------------- testing Mon Sep 16 05:47:45 UTC 2019 /home/travis/build/icyphy/ptII/ptolemy/actor/lib/test/auto/Clock9.xml
----------------- Instantiating /home/travis/build/icyphy/ptII/ptolemy/actor/lib/test/auto/Clock9.xml
4 ms. Memory: 474112K Free: 359699K (76%)
----------------- Invoking toplevel() on ptolemy.moml.MoMLSimpleApplication@4121d872
----------------- Done invoking toplevel() on ptolemy.moml.MoMLSimpleApplication@4121d872
reloadAllAccessors: .Clock9

===========================================================================================
----------------- testing Mon Sep 16 05:47:45 UTC 2019 /home/travis/build/icyphy/ptII/ptolemy/actor/lib/test/auto/CommDistDiscard.xml
----------------- Instantiating /home/travis/build/icyphy/ptII/ptolemy/actor/lib/test/auto/CommDistDiscard.xml
6 ms. Memory: 474112K Free: 354065K (75%)
----------------- Invoking toplevel() on ptolemy.moml.MoMLSimpleApplication@357341d1
----------------- Done invoking toplevel() on ptolemy.moml.MoMLSimpleApplication@357341d1
reloadAllAccessors: .CommDistDiscard

===========================================================================================
----------------- testing Mon Sep 16 05:47:46 UTC 2019 /home/travis/build/icyphy/ptII/ptolemy/actor/lib/test/auto/Commutator.xml
----------------- Instantiating /home/travis/build/icyphy/ptII/ptolemy/actor/lib/test/auto/Commutator.xml
2 ms. Memory: 474112K Free: 349459K (74%)
----------------- Invoking toplevel() on ptolemy.moml.MoMLSimpleApplication@1971eae8
----------------- Done invoking toplevel() on ptolemy.moml.MoMLSimpleApplication@1971eae8
reloadAllAccessors: .Commutator

===========================================================================================
----------------- testing Mon Sep 16 05:47:46 UTC 2019 /home/travis/build/icyphy/ptII/ptolemy/actor/lib/test/auto/Commutator2.xml
----------------- Instantiating /home/travis/build/icyphy/ptII/ptolemy/actor/lib/test/auto/Commutator2.xml
3 ms. Memory: 474112K Free: 345363K (73%)
----------------- Invoking toplevel() on ptolemy.moml.MoMLSimpleApplication@54dac810
----------------- Done invoking toplevel() on ptolemy.moml.MoMLSimpleApplication@54dac810
reloadAllAccessors: .Commutator2

===========================================================================================
----------------- testing Mon Sep 16 05:47:46 UTC 2019 /home/travis/build/icyphy/ptII/ptolemy/actor/lib/test/auto/Commutator3.xml
----------------- Instantiating /home/travis/build/icyphy/ptII/ptolemy/actor/lib/test/auto/Commutator3.xml
4 ms. Memory: 474112K Free: 340753K (72%)
----------------- Invoking toplevel() on ptolemy.moml.MoMLSimpleApplication@1248691b
----------------- Done invoking toplevel() on ptolemy.moml.MoMLSimpleApplication@1248691b
reloadAllAccessors: .Commutator3

===========================================================================================
----------------- testing Mon Sep 16 05:47:46 UTC 2019 /home/travis/build/icyphy/ptII/ptolemy/actor/lib/test/auto/Compare.xml
----------------- Instantiating /home/travis/build/icyphy/ptII/ptolemy/actor/lib/test/auto/Compare.xml
3 ms. Memory: 474112K Free: 334609K (71%)
----------------- Invoking toplevel() on ptolemy.moml.MoMLSimpleApplication@1f6d3ace
----------------- Done invoking toplevel() on ptolemy.moml.MoMLSimpleApplication@1f6d3ace
reloadAllAccessors: .Compare

===========================================================================================
----------------- testing Mon Sep 16 05:47:46 UTC 2019 /home/travis/build/icyphy/ptII/ptolemy/actor/lib/test/auto/CompareDE.xml
----------------- Instantiating /home/travis/build/icyphy/ptII/ptolemy/actor/lib/test/auto/CompareDE.xml
7 ms. Memory: 474112K Free: 327426K (69%)
----------------- Invoking toplevel() on ptolemy.moml.MoMLSimpleApplication@4e62be37
----------------- Done invoking toplevel() on ptolemy.moml.MoMLSimpleApplication@4e62be37
reloadAllAccessors: .CompareDE

===========================================================================================
----------------- testing Mon Sep 16 05:47:46 UTC 2019 /home/travis/build/icyphy/ptII/ptolemy/actor/lib/test/auto/ComplexDivide.xml
----------------- Instantiating /home/travis/build/icyphy/ptII/ptolemy/actor/lib/test/auto/ComplexDivide.xml
2 ms. Memory: 474112K Free: 323345K (68%)
----------------- Invoking toplevel() on ptolemy.moml.MoMLSimpleApplication@5cc76e2f
----------------- Done invoking toplevel() on ptolemy.moml.MoMLSimpleApplication@5cc76e2f
reloadAllAccessors: .ComplexDivide

===========================================================================================
----------------- testing Mon Sep 16 05:47:46 UTC 2019 /home/travis/build/icyphy/ptII/ptolemy/actor/lib/test/auto/ComputeHistogram.xml
----------------- Instantiating /home/travis/build/icyphy/ptII/ptolemy/actor/lib/test/auto/ComputeHistogram.xml
40 ms. Memory: 474112K Free: 311057K (66%)
----------------- Invoking toplevel() on ptolemy.moml.MoMLSimpleApplication@2ada45d0
----------------- Done invoking toplevel() on ptolemy.moml.MoMLSimpleApplication@2ada45d0
reloadAllAccessors: .ComputeHistogram

===========================================================================================
----------------- testing Mon Sep 16 05:47:46 UTC 2019 /home/travis/build/icyphy/ptII/ptolemy/actor/lib/test/auto/ConfigurationSelect.xml
----------------- Instantiating /home/travis/build/icyphy/ptII/ptolemy/actor/lib/test/auto/ConfigurationSelect.xml
4 ms. Memory: 474112K Free: 305427K (64%)
----------------- Invoking toplevel() on ptolemy.moml.MoMLSimpleApplication@2ed456f3
----------------- Done invoking toplevel() on ptolemy.moml.MoMLSimpleApplication@2ed456f3
reloadAllAccessors: .ConfigurationSelect

===========================================================================================
----------------- testing Mon Sep 16 05:47:46 UTC 2019 /home/travis/build/icyphy/ptII/ptolemy/actor/lib/test/auto/ConfigurationSelect2.xml
----------------- Instantiating /home/travis/build/icyphy/ptII/ptolemy/actor/lib/test/auto/ConfigurationSelect2.xml
2 ms. Memory: 474112K Free: 300817K (63%)
----------------- Invoking toplevel() on ptolemy.moml.MoMLSimpleApplication@5735c83f
----------------- Done invoking toplevel() on ptolemy.moml.MoMLSimpleApplication@5735c83f
reloadAllAccessors: .ConfigurationSelect2

===========================================================================================
----------------- testing Mon Sep 16 05:47:46 UTC 2019 /home/travis/build/icyphy/ptII/ptolemy/actor/lib/test/auto/ConfigurationSwitch.xml
----------------- Instantiating /home/travis/build/icyphy/ptII/ptolemy/actor/lib/test/auto/ConfigurationSwitch.xml
3 ms. Memory: 474112K Free: 295697K (62%)
----------------- Invoking toplevel() on ptolemy.moml.MoMLSimpleApplication@1c2fdea3
----------------- Done invoking toplevel() on ptolemy.moml.MoMLSimpleApplication@1c2fdea3
reloadAllAccessors: .ConfigurationSwitch

===========================================================================================
----------------- testing Mon Sep 16 05:47:46 UTC 2019 /home/travis/build/icyphy/ptII/ptolemy/actor/lib/test/auto/ConfigurationSwitch2.xml
----------------- Instantiating /home/travis/build/icyphy/ptII/ptolemy/actor/lib/test/auto/ConfigurationSwitch2.xml
2 ms. Memory: 474112K Free: 290067K (61%)
----------------- Invoking toplevel() on ptolemy.moml.MoMLSimpleApplication@2017445c
----------------- Done invoking toplevel() on ptolemy.moml.MoMLSimpleApplication@2017445c
reloadAllAccessors: .ConfigurationSwitch2

===========================================================================================
----------------- testing Mon Sep 16 05:47:46 UTC 2019 /home/travis/build/icyphy/ptII/ptolemy/actor/lib/test/auto/ConfigurationSwitchCloningBugWithClassRelationGroup.xml
----------------- Instantiating /home/travis/build/icyphy/ptII/ptolemy/actor/lib/test/auto/ConfigurationSwitchCloningBugWithClassRelationGroup.xml
2 ms. Memory: 474112K Free: 283409K (60%)
----------------- Invoking toplevel() on ptolemy.moml.MoMLSimpleApplication@445adf32
----------------- Done invoking toplevel() on ptolemy.moml.MoMLSimpleApplication@445adf32
reloadAllAccessors: .ConfigurationSwitchCloningBugWithClassRelationGroup

===========================================================================================
----------------- testing Mon Sep 16 05:47:46 UTC 2019 /home/travis/build/icyphy/ptII/ptolemy/actor/lib/test/auto/ConfigurationSwitchSelectSDF.xml
----------------- Instantiating /home/travis/build/icyphy/ptII/ptolemy/actor/lib/test/auto/ConfigurationSwitchSelectSDF.xml
4 ms. Memory: 474112K Free: 277265K (58%)
----------------- Invoking toplevel() on ptolemy.moml.MoMLSimpleApplication@690e198a
----------------- Done invoking toplevel() on ptolemy.moml.MoMLSimpleApplication@690e198a
reloadAllAccessors: .ConfigurationSwitchSelectSDF

===========================================================================================
----------------- testing Mon Sep 16 05:47:46 UTC 2019 /home/travis/build/icyphy/ptII/ptolemy/actor/lib/test/auto/ConfigurationSwitchSelectSDF2.xml
----------------- Instantiating /home/travis/build/icyphy/ptII/ptolemy/actor/lib/test/auto/ConfigurationSwitchSelectSDF2.xml
4 ms. Memory: 474112K Free: 271121K (57%)
----------------- Invoking toplevel() on ptolemy.moml.MoMLSimpleApplication@4a58f452
----------------- Done invoking toplevel() on ptolemy.moml.MoMLSimpleApplication@4a58f452
reloadAllAccessors: .ConfigurationSwitchSelectSDF2

===========================================================================================
----------------- testing Mon Sep 16 05:47:46 UTC 2019 /home/travis/build/icyphy/ptII/ptolemy/actor/lib/test/auto/Const.xml
----------------- Instantiating /home/travis/build/icyphy/ptII/ptolemy/actor/lib/test/auto/Const.xml
2 ms. Memory: 474112K Free: 268049K (57%)
----------------- Invoking toplevel() on ptolemy.moml.MoMLSimpleApplication@221a16c
----------------- Done invoking toplevel() on ptolemy.moml.MoMLSimpleApplication@221a16c
reloadAllAccessors: .Const

===========================================================================================
----------------- testing Mon Sep 16 05:47:46 UTC 2019 /home/travis/build/icyphy/ptII/ptolemy/actor/lib/test/auto/Const2.xml
----------------- Instantiating /home/travis/build/icyphy/ptII/ptolemy/actor/lib/test/auto/Const2.xml
2 ms. Memory: 474112K Free: 263953K (56%)
----------------- Invoking toplevel() on ptolemy.moml.MoMLSimpleApplication@3d6c15e8
----------------- Done invoking toplevel() on ptolemy.moml.MoMLSimpleApplication@3d6c15e8
reloadAllAccessors: .Const2

===========================================================================================
----------------- testing Mon Sep 16 05:47:46 UTC 2019 /home/travis/build/icyphy/ptII/ptolemy/actor/lib/test/auto/Const3.xml
----------------- Instantiating /home/travis/build/icyphy/ptII/ptolemy/actor/lib/test/auto/Const3.xml
1 ms. Memory: 474112K Free: 260881K (55%)
----------------- Invoking toplevel() on ptolemy.moml.MoMLSimpleApplication@4fe04c73
----------------- Done invoking toplevel() on ptolemy.moml.MoMLSimpleApplication@4fe04c73
reloadAllAccessors: .Const3

===========================================================================================
----------------- testing Mon Sep 16 05:47:46 UTC 2019 /home/travis/build/icyphy/ptII/ptolemy/actor/lib/test/auto/ConstantPublisherPort1.xml
----------------- Instantiating /home/travis/build/icyphy/ptII/ptolemy/actor/lib/test/auto/ConstantPublisherPort1.xml
8 ms. Memory: 474112K Free: 252689K (53%)
----------------- Invoking toplevel() on ptolemy.moml.MoMLSimpleApplication@6eeb40f3
----------------- Done invoking toplevel() on ptolemy.moml.MoMLSimpleApplication@6eeb40f3
reloadAllAccessors: .ConstantPublisherPort1

===========================================================================================
----------------- testing Mon Sep 16 05:47:46 UTC 2019 /home/travis/build/icyphy/ptII/ptolemy/actor/lib/test/auto/ConstantPublisherPort2.xml
----------------- Instantiating /home/travis/build/icyphy/ptII/ptolemy/actor/lib/test/auto/ConstantPublisherPort2.xml
17 ms. Memory: 474112K Free: 245011K (52%)
----------------- Invoking toplevel() on ptolemy.moml.MoMLSimpleApplication@5a9d3c59
----------------- Done invoking toplevel() on ptolemy.moml.MoMLSimpleApplication@5a9d3c59
reloadAllAccessors: .ConstantPublisherPort2

===========================================================================================
----------------- testing Mon Sep 16 05:47:46 UTC 2019 /home/travis/build/icyphy/ptII/ptolemy/actor/lib/test/auto/ConstantPublisherPort3.xml
----------------- Instantiating /home/travis/build/icyphy/ptII/ptolemy/actor/lib/test/auto/ConstantPublisherPort3.xml
11 ms. Memory: 474112K Free: 237329K (50%)
----------------- Invoking toplevel() on ptolemy.moml.MoMLSimpleApplication@26f2fc56
----------------- Done invoking toplevel() on ptolemy.moml.MoMLSimpleApplication@26f2fc56
reloadAllAccessors: .ConstantPublisherPort3

===========================================================================================
----------------- testing Mon Sep 16 05:47:46 UTC 2019 /home/travis/build/icyphy/ptII/ptolemy/actor/lib/test/auto/ConstantPublisherPort4.xml
----------------- Instantiating /home/travis/build/icyphy/ptII/ptolemy/actor/lib/test/auto/ConstantPublisherPort4.xml
6 ms. Memory: 474112K Free: 230675K (49%)
----------------- Invoking toplevel() on ptolemy.moml.MoMLSimpleApplication@41dd6e37
----------------- Done invoking toplevel() on ptolemy.moml.MoMLSimpleApplication@41dd6e37
reloadAllAccessors: .ConstantPublisherPort4

===========================================================================================
----------------- testing Mon Sep 16 05:47:46 UTC 2019 /home/travis/build/icyphy/ptII/ptolemy/actor/lib/test/auto/ConstantPublisherPort5.xml
----------------- Instantiating /home/travis/build/icyphy/ptII/ptolemy/actor/lib/test/auto/ConstantPublisherPort5.xml
38 ms. Memory: 474112K Free: 220945K (47%)
----------------- Invoking toplevel() on ptolemy.moml.MoMLSimpleApplication@41b3388f
----------------- Done invoking toplevel() on ptolemy.moml.MoMLSimpleApplication@41b3388f
reloadAllAccessors: .ConstantPublisherPort5

===========================================================================================
----------------- testing Mon Sep 16 05:47:46 UTC 2019 /home/travis/build/icyphy/ptII/ptolemy/actor/lib/test/auto/ConstantPublisherPort6.xml
----------------- Instantiating /home/travis/build/icyphy/ptII/ptolemy/actor/lib/test/auto/ConstantPublisherPort6.xml
15 ms. Memory: 474112K Free: 211729K (45%)
----------------- Invoking toplevel() on ptolemy.moml.MoMLSimpleApplication@d3310b7
----------------- Done invoking toplevel() on ptolemy.moml.MoMLSimpleApplication@d3310b7
reloadAllAccessors: .ConstantPublisherPort6

===========================================================================================
----------------- testing Mon Sep 16 05:47:46 UTC 2019 /home/travis/build/icyphy/ptII/ptolemy/actor/lib/test/auto/ConstantPublisherPort7.xml
----------------- Instantiating /home/travis/build/icyphy/ptII/ptolemy/actor/lib/test/auto/ConstantPublisherPort7.xml
17 ms. Memory: 474112K Free: 203027K (43%)
----------------- Invoking toplevel() on ptolemy.moml.MoMLSimpleApplication@4a32d8a2
----------------- Done invoking toplevel() on ptolemy.moml.MoMLSimpleApplication@4a32d8a2
reloadAllAccessors: .ConstantPublisherPort7

===========================================================================================
----------------- testing Mon Sep 16 05:47:46 UTC 2019 /home/travis/build/icyphy/ptII/ptolemy/actor/lib/test/auto/ConstraintMonitor1.xml
----------------- Instantiating /home/travis/build/icyphy/ptII/ptolemy/actor/lib/test/auto/ConstraintMonitor1.xml
3 ms. Memory: 474112K Free: 197907K (42%)
----------------- Invoking toplevel() on ptolemy.moml.MoMLSimpleApplication@17b977f1
----------------- Done invoking toplevel() on ptolemy.moml.MoMLSimpleApplication@17b977f1
reloadAllAccessors: .ConstraintMonitor1

===========================================================================================
----------------- testing Mon Sep 16 05:47:46 UTC 2019 /home/travis/build/icyphy/ptII/ptolemy/actor/lib/test/auto/ConstraintMonitor2.xml
----------------- Instantiating /home/travis/build/icyphy/ptII/ptolemy/actor/lib/test/auto/ConstraintMonitor2.xml
6 ms. Memory: 474112K Free: 192787K (41%)
----------------- Invoking toplevel() on ptolemy.moml.MoMLSimpleApplication@7c149c9d
----------------- Done invoking toplevel() on ptolemy.moml.MoMLSimpleApplication@7c149c9d
reloadAllAccessors: .ConstraintMonitor2

===========================================================================================
----------------- testing Mon Sep 16 05:47:46 UTC 2019 /home/travis/build/icyphy/ptII/ptolemy/actor/lib/test/auto/ConstraintMonitor3.xml
----------------- Instantiating /home/travis/build/icyphy/ptII/ptolemy/actor/lib/test/auto/ConstraintMonitor3.xml
2 ms. Memory: 474112K Free: 188691K (40%)
----------------- Invoking toplevel() on ptolemy.moml.MoMLSimpleApplication@6703a77c
----------------- Done invoking toplevel() on ptolemy.moml.MoMLSimpleApplication@6703a77c
reloadAllAccessors: .ConstraintMonitor3

===========================================================================================
----------------- testing Mon Sep 16 05:47:47 UTC 2019 /home/travis/build/icyphy/ptII/ptolemy/actor/lib/test/auto/ConstraintMonitor4.xml
----------------- Instantiating /home/travis/build/icyphy/ptII/ptolemy/actor/lib/test/auto/ConstraintMonitor4.xml
2 ms. Memory: 474112K Free: 183571K (39%)
----------------- Invoking toplevel() on ptolemy.moml.MoMLSimpleApplication@1ae1c0cc
----------------- Done invoking toplevel() on ptolemy.moml.MoMLSimpleApplication@1ae1c0cc
reloadAllAccessors: .ConstraintMonitor4

===========================================================================================
----------------- testing Mon Sep 16 05:47:47 UTC 2019 /home/travis/build/icyphy/ptII/ptolemy/actor/lib/test/auto/ConstraintMonitor5.xml
----------------- Instantiating /home/travis/build/icyphy/ptII/ptolemy/actor/lib/test/auto/ConstraintMonitor5.xml
1 ms. Memory: 474112K Free: 178451K (38%)
----------------- Invoking toplevel() on ptolemy.moml.MoMLSimpleApplication@606d3859
----------------- Done invoking toplevel() on ptolemy.moml.MoMLSimpleApplication@606d3859
reloadAllAccessors: .ConstraintMonitor5

===========================================================================================
----------------- testing Mon Sep 16 05:47:47 UTC 2019 /home/travis/build/icyphy/ptII/ptolemy/actor/lib/test/auto/ConstraintMonitor6.xml
----------------- Instantiating /home/travis/build/icyphy/ptII/ptolemy/actor/lib/test/auto/ConstraintMonitor6.xml
4 ms. Memory: 474112K Free: 172802K (36%)
----------------- Invoking toplevel() on ptolemy.moml.MoMLSimpleApplication@46f1fb3e
----------------- Done invoking toplevel() on ptolemy.moml.MoMLSimpleApplication@46f1fb3e
reloadAllAccessors: .ConstraintMonitor6

===========================================================================================
----------------- testing Mon Sep 16 05:47:47 UTC 2019 /home/travis/build/icyphy/ptII/ptolemy/actor/lib/test/auto/ConstraintMonitor7.xml
----------------- Instantiating /home/travis/build/icyphy/ptII/ptolemy/actor/lib/test/auto/ConstraintMonitor7.xml
7 ms. Memory: 474112K Free: 166163K (35%)
----------------- Invoking toplevel() on ptolemy.moml.MoMLSimpleApplication@45b734f5
----------------- Done invoking toplevel() on ptolemy.moml.MoMLSimpleApplication@45b734f5
reloadAllAccessors: .ConstraintMonitor7

===========================================================================================
----------------- testing Mon Sep 16 05:47:47 UTC 2019 /home/travis/build/icyphy/ptII/ptolemy/actor/lib/test/auto/ConstraintMonitor8.xml
----------------- Instantiating /home/travis/build/icyphy/ptII/ptolemy/actor/lib/test/auto/ConstraintMonitor8.xml
7 ms. Memory: 474112K Free: 157971K (33%)
----------------- Invoking toplevel() on ptolemy.moml.MoMLSimpleApplication@1a657e36
----------------- Done invoking toplevel() on ptolemy.moml.MoMLSimpleApplication@1a657e36
reloadAllAccessors: .ConstraintMonitor8

===========================================================================================
----------------- testing Mon Sep 16 05:47:47 UTC 2019 /home/travis/build/icyphy/ptII/ptolemy/actor/lib/test/auto/Counter.xml
----------------- Instantiating /home/travis/build/icyphy/ptII/ptolemy/actor/lib/test/auto/Counter.xml
4 ms. Memory: 474112K Free: 153358K (32%)
----------------- Invoking toplevel() on ptolemy.moml.MoMLSimpleApplication@2fd88637
----------------- Done invoking toplevel() on ptolemy.moml.MoMLSimpleApplication@2fd88637
reloadAllAccessors: .Counter

===========================================================================================
----------------- testing Mon Sep 16 05:47:47 UTC 2019 /home/travis/build/icyphy/ptII/ptolemy/actor/lib/test/auto/CurrentTimeSDF.xml
----------------- Instantiating /home/travis/build/icyphy/ptII/ptolemy/actor/lib/test/auto/CurrentTimeSDF.xml
1 ms. Memory: 474112K Free: 423697K (89%)
----------------- Invoking toplevel() on ptolemy.moml.MoMLSimpleApplication@b4e5a7d
----------------- Done invoking toplevel() on ptolemy.moml.MoMLSimpleApplication@b4e5a7d
reloadAllAccessors: .CurrentTimeSDF

===========================================================================================
----------------- testing Mon Sep 16 05:47:47 UTC 2019 /home/travis/build/icyphy/ptII/ptolemy/actor/lib/test/auto/DB.xml
----------------- Instantiating /home/travis/build/icyphy/ptII/ptolemy/actor/lib/test/auto/DB.xml
2 ms. Memory: 474112K Free: 418577K (88%)
----------------- Invoking toplevel() on ptolemy.moml.MoMLSimpleApplication@3b88c7c0
----------------- Done invoking toplevel() on ptolemy.moml.MoMLSimpleApplication@3b88c7c0
reloadAllAccessors: .DB

===========================================================================================
----------------- testing Mon Sep 16 05:47:47 UTC 2019 /home/travis/build/icyphy/ptII/ptolemy/actor/lib/test/auto/DBDE.xml
----------------- Instantiating /home/travis/build/icyphy/ptII/ptolemy/actor/lib/test/auto/DBDE.xml
4 ms. Memory: 474112K Free: 412402K (87%)
----------------- Invoking toplevel() on ptolemy.moml.MoMLSimpleApplication@56199869
----------------- Done invoking toplevel() on ptolemy.moml.MoMLSimpleApplication@56199869
reloadAllAccessors: .DBDE

===========================================================================================
----------------- testing Mon Sep 16 05:47:47 UTC 2019 /home/travis/build/icyphy/ptII/ptolemy/actor/lib/test/auto/DateConstructor.xml
----------------- Instantiating /home/travis/build/icyphy/ptII/ptolemy/actor/lib/test/auto/DateConstructor.xml
36 ms. Memory: 474112K Free: 394515K (83%)
----------------- Invoking toplevel() on ptolemy.moml.MoMLSimpleApplication@2f6c0043
----------------- Done invoking toplevel() on ptolemy.moml.MoMLSimpleApplication@2f6c0043
reloadAllAccessors: .DateConstructor

===========================================================================================
----------------- testing Mon Sep 16 05:47:47 UTC 2019 /home/travis/build/icyphy/ptII/ptolemy/actor/lib/test/auto/DelayTime.xml
----------------- Instantiating /home/travis/build/icyphy/ptII/ptolemy/actor/lib/test/auto/DelayTime.xml
8 ms. Memory: 474112K Free: 389905K (82%)
----------------- Invoking toplevel() on ptolemy.moml.MoMLSimpleApplication@5383ea4d
----------------- Done invoking toplevel() on ptolemy.moml.MoMLSimpleApplication@5383ea4d
reloadAllAccessors: .DelayTime

===========================================================================================
----------------- testing Mon Sep 16 05:47:47 UTC 2019 /home/travis/build/icyphy/ptII/ptolemy/actor/lib/test/auto/Dictionary1.xml
----------------- Instantiating /home/travis/build/icyphy/ptII/ptolemy/actor/lib/test/auto/Dictionary1.xml
3 ms. Memory: 474112K Free: 384275K (81%)
----------------- Invoking toplevel() on ptolemy.moml.MoMLSimpleApplication@6cf4b25e
----------------- Done invoking toplevel() on ptolemy.moml.MoMLSimpleApplication@6cf4b25e
reloadAllAccessors: .Dictionary1

===========================================================================================
----------------- testing Mon Sep 16 05:47:47 UTC 2019 /home/travis/build/icyphy/ptII/ptolemy/actor/lib/test/auto/Dictionary2.xml
----------------- Instantiating /home/travis/build/icyphy/ptII/ptolemy/actor/lib/test/auto/Dictionary2.xml
6 ms. Memory: 474112K Free: 378641K (80%)
----------------- Invoking toplevel() on ptolemy.moml.MoMLSimpleApplication@3c5ad9bc
----------------- Done invoking toplevel() on ptolemy.moml.MoMLSimpleApplication@3c5ad9bc
reloadAllAccessors: .Dictionary2

===========================================================================================
----------------- testing Mon Sep 16 05:47:47 UTC 2019 /home/travis/build/icyphy/ptII/ptolemy/actor/lib/test/auto/Dictionary3.xml
----------------- Instantiating /home/travis/build/icyphy/ptII/ptolemy/actor/lib/test/auto/Dictionary3.xml
2 ms. Memory: 474112K Free: 373521K (79%)
----------------- Invoking toplevel() on ptolemy.moml.MoMLSimpleApplication@3cc1c59a
----------------- Done invoking toplevel() on ptolemy.moml.MoMLSimpleApplication@3cc1c59a
reloadAllAccessors: .Dictionary3

===========================================================================================
----------------- testing Mon Sep 16 05:47:47 UTC 2019 /home/travis/build/icyphy/ptII/ptolemy/actor/lib/test/auto/Dictionary4.xml
----------------- Instantiating /home/travis/build/icyphy/ptII/ptolemy/actor/lib/test/auto/Dictionary4.xml
4 ms. Memory: 474112K Free: 366353K (77%)
----------------- Invoking toplevel() on ptolemy.moml.MoMLSimpleApplication@32e19164
----------------- Done invoking toplevel() on ptolemy.moml.MoMLSimpleApplication@32e19164
reloadAllAccessors: .Dictionary4

===========================================================================================
----------------- testing Mon Sep 16 05:47:47 UTC 2019 /home/travis/build/icyphy/ptII/ptolemy/actor/lib/test/auto/Differential.xml
----------------- Instantiating /home/travis/build/icyphy/ptII/ptolemy/actor/lib/test/auto/Differential.xml
4 ms. Memory: 474112K Free: 361747K (76%)
----------------- Invoking toplevel() on ptolemy.moml.MoMLSimpleApplication@73e0e5fe
----------------- Done invoking toplevel() on ptolemy.moml.MoMLSimpleApplication@73e0e5fe
reloadAllAccessors: .Differential

===========================================================================================
----------------- testing Mon Sep 16 05:47:47 UTC 2019 /home/travis/build/icyphy/ptII/ptolemy/actor/lib/test/auto/Director.xml
----------------- Instantiating /home/travis/build/icyphy/ptII/ptolemy/actor/lib/test/auto/Director.xml
4 ms. Memory: 474112K Free: 358161K (76%)
----------------- Invoking toplevel() on ptolemy.moml.MoMLSimpleApplication@69d5627b
----------------- Done invoking toplevel() on ptolemy.moml.MoMLSimpleApplication@69d5627b
reloadAllAccessors: .Director

===========================================================================================
----------------- testing Mon Sep 16 05:47:47 UTC 2019 /home/travis/build/icyphy/ptII/ptolemy/actor/lib/test/auto/DiscreteClock.xml
----------------- Instantiating /home/travis/build/icyphy/ptII/ptolemy/actor/lib/test/auto/DiscreteClock.xml
2 ms. Memory: 474112K Free: 354579K (75%)
----------------- Invoking toplevel() on ptolemy.moml.MoMLSimpleApplication@2f8edb8a
----------------- Done invoking toplevel() on ptolemy.moml.MoMLSimpleApplication@2f8edb8a
reloadAllAccessors: .DiscreteClock

===========================================================================================
----------------- testing Mon Sep 16 05:47:47 UTC 2019 /home/travis/build/icyphy/ptII/ptolemy/actor/lib/test/auto/DiscreteClock10.xml
----------------- Instantiating /home/travis/build/icyphy/ptII/ptolemy/actor/lib/test/auto/DiscreteClock10.xml
4 ms. Memory: 474112K Free: 348435K (73%)
----------------- Invoking toplevel() on ptolemy.moml.MoMLSimpleApplication@490e56d4
----------------- Done invoking toplevel() on ptolemy.moml.MoMLSimpleApplication@490e56d4
reloadAllAccessors: .DiscreteClock10

===========================================================================================
----------------- testing Mon Sep 16 05:47:47 UTC 2019 /home/travis/build/icyphy/ptII/ptolemy/actor/lib/test/auto/DiscreteClock11.xml
----------------- Instantiating /home/travis/build/icyphy/ptII/ptolemy/actor/lib/test/auto/DiscreteClock11.xml
2 ms. Memory: 474112K Free: 342291K (72%)
----------------- Invoking toplevel() on ptolemy.moml.MoMLSimpleApplication@eabd042
----------------- Done invoking toplevel() on ptolemy.moml.MoMLSimpleApplication@eabd042
reloadAllAccessors: .DiscreteClock11

===========================================================================================
----------------- testing Mon Sep 16 05:47:47 UTC 2019 /home/travis/build/icyphy/ptII/ptolemy/actor/lib/test/auto/DiscreteClock12.xml
----------------- Instantiating /home/travis/build/icyphy/ptII/ptolemy/actor/lib/test/auto/DiscreteClock12.xml
3 ms. Memory: 474112K Free: 336147K (71%)
----------------- Invoking toplevel() on ptolemy.moml.MoMLSimpleApplication@743b028b
----------------- Done invoking toplevel() on ptolemy.moml.MoMLSimpleApplication@743b028b
reloadAllAccessors: .DiscreteClock12

===========================================================================================
----------------- testing Mon Sep 16 05:47:47 UTC 2019 /home/travis/build/icyphy/ptII/ptolemy/actor/lib/test/auto/DiscreteClock13.xml
----------------- Instantiating /home/travis/build/icyphy/ptII/ptolemy/actor/lib/test/auto/DiscreteClock13.xml
6 ms. Memory: 474112K Free: 330506K (70%)
----------------- Invoking toplevel() on ptolemy.moml.MoMLSimpleApplication@4a3ff2ef
----------------- Done invoking toplevel() on ptolemy.moml.MoMLSimpleApplication@4a3ff2ef
reloadAllAccessors: .DiscreteClock13

===========================================================================================
----------------- testing Mon Sep 16 05:47:47 UTC 2019 /home/travis/build/icyphy/ptII/ptolemy/actor/lib/test/auto/DiscreteClock14.xml
----------------- Instantiating /home/travis/build/icyphy/ptII/ptolemy/actor/lib/test/auto/DiscreteClock14.xml
5 ms. Memory: 474112K Free: 324362K (68%)
----------------- Invoking toplevel() on ptolemy.moml.MoMLSimpleApplication@11a8210d
----------------- Done invoking toplevel() on ptolemy.moml.MoMLSimpleApplication@11a8210d
reloadAllAccessors: .DiscreteClock14

===========================================================================================
----------------- testing Mon Sep 16 05:47:47 UTC 2019 /home/travis/build/icyphy/ptII/ptolemy/actor/lib/test/auto/DiscreteClock15.xml
----------------- Instantiating /home/travis/build/icyphy/ptII/ptolemy/actor/lib/test/auto/DiscreteClock15.xml
6 ms. Memory: 474112K Free: 318218K (67%)
----------------- Invoking toplevel() on ptolemy.moml.MoMLSimpleApplication@1d6024b6
----------------- Done invoking toplevel() on ptolemy.moml.MoMLSimpleApplication@1d6024b6
reloadAllAccessors: .DiscreteClock15

===========================================================================================
----------------- testing Mon Sep 16 05:47:47 UTC 2019 /home/travis/build/icyphy/ptII/ptolemy/actor/lib/test/auto/DiscreteClock16.xml
----------------- Instantiating /home/travis/build/icyphy/ptII/ptolemy/actor/lib/test/auto/DiscreteClock16.xml
15 ms. Memory: 474112K Free: 304898K (64%)
----------------- Invoking toplevel() on ptolemy.moml.MoMLSimpleApplication@42eaac6c
----------------- Done invoking toplevel() on ptolemy.moml.MoMLSimpleApplication@42eaac6c
reloadAllAccessors: .DiscreteClock16

===========================================================================================
----------------- testing Mon Sep 16 05:47:47 UTC 2019 /home/travis/build/icyphy/ptII/ptolemy/actor/lib/test/auto/DiscreteClock17.xml
----------------- Instantiating /home/travis/build/icyphy/ptII/ptolemy/actor/lib/test/auto/DiscreteClock17.xml
19 ms. Memory: 474112K Free: 290562K (61%)
----------------- Invoking toplevel() on ptolemy.moml.MoMLSimpleApplication@3637c01
----------------- Done invoking toplevel() on ptolemy.moml.MoMLSimpleApplication@3637c01
reloadAllAccessors: .DiscreteClock17

===========================================================================================
----------------- testing Mon Sep 16 05:47:47 UTC 2019 /home/travis/build/icyphy/ptII/ptolemy/actor/lib/test/auto/DiscreteClock18.xml
----------------- Instantiating /home/travis/build/icyphy/ptII/ptolemy/actor/lib/test/auto/DiscreteClock18.xml
16 ms. Memory: 474112K Free: 276755K (58%)
----------------- Invoking toplevel() on ptolemy.moml.MoMLSimpleApplication@737e7299
----------------- Done invoking toplevel() on ptolemy.moml.MoMLSimpleApplication@737e7299
reloadAllAccessors: .DiscreteClock18

===========================================================================================
----------------- testing Mon Sep 16 05:47:47 UTC 2019 /home/travis/build/icyphy/ptII/ptolemy/actor/lib/test/auto/DiscreteClock19.xml
----------------- Instantiating /home/travis/build/icyphy/ptII/ptolemy/actor/lib/test/auto/DiscreteClock19.xml
18 ms. Memory: 474112K Free: 262914K (55%)
----------------- Invoking toplevel() on ptolemy.moml.MoMLSimpleApplication@5800560
----------------- Done invoking toplevel() on ptolemy.moml.MoMLSimpleApplication@5800560
reloadAllAccessors: .DiscreteClock19

===========================================================================================
----------------- testing Mon Sep 16 05:47:48 UTC 2019 /home/travis/build/icyphy/ptII/ptolemy/actor/lib/test/auto/DiscreteClock2.xml
----------------- Instantiating /home/travis/build/icyphy/ptII/ptolemy/actor/lib/test/auto/DiscreteClock2.xml
5 ms. Memory: 474112K Free: 257802K (54%)
----------------- Invoking toplevel() on ptolemy.moml.MoMLSimpleApplication@9f42bb1
----------------- Done invoking toplevel() on ptolemy.moml.MoMLSimpleApplication@9f42bb1
reloadAllAccessors: .DiscreteClock2

===========================================================================================
----------------- testing Mon Sep 16 05:47:48 UTC 2019 /home/travis/build/icyphy/ptII/ptolemy/actor/lib/test/auto/DiscreteClock20.xml
----------------- Instantiating /home/travis/build/icyphy/ptII/ptolemy/actor/lib/test/auto/DiscreteClock20.xml
8 ms. Memory: 474112K Free: 252689K (53%)
----------------- Invoking toplevel() on ptolemy.moml.MoMLSimpleApplication@3bd23c02
----------------- Done invoking toplevel() on ptolemy.moml.MoMLSimpleApplication@3bd23c02
reloadAllAccessors: .DiscreteClock20

===========================================================================================
----------------- testing Mon Sep 16 05:47:48 UTC 2019 /home/travis/build/icyphy/ptII/ptolemy/actor/lib/test/auto/DiscreteClock21.xml
----------------- Instantiating /home/travis/build/icyphy/ptII/ptolemy/actor/lib/test/auto/DiscreteClock21.xml
7 ms. Memory: 474112K Free: 247059K (52%)
----------------- Invoking toplevel() on ptolemy.moml.MoMLSimpleApplication@ffb955d
----------------- Done invoking toplevel() on ptolemy.moml.MoMLSimpleApplication@ffb955d
reloadAllAccessors: .DiscreteClock21

===========================================================================================
----------------- testing Mon Sep 16 05:47:48 UTC 2019 /home/travis/build/icyphy/ptII/ptolemy/actor/lib/test/auto/DiscreteClock22.xml
----------------- Instantiating /home/travis/build/icyphy/ptII/ptolemy/actor/lib/test/auto/DiscreteClock22.xml
7 ms. Memory: 474112K Free: 241425K (51%)
----------------- Invoking toplevel() on ptolemy.moml.MoMLSimpleApplication@7972924c
----------------- Done invoking toplevel() on ptolemy.moml.MoMLSimpleApplication@7972924c
reloadAllAccessors: .DiscreteClock22

===========================================================================================
----------------- testing Mon Sep 16 05:47:48 UTC 2019 /home/travis/build/icyphy/ptII/ptolemy/actor/lib/test/auto/DiscreteClock23.xml
----------------- Instantiating /home/travis/build/icyphy/ptII/ptolemy/actor/lib/test/auto/DiscreteClock23.xml
13 ms. Memory: 474112K Free: 235795K (50%)
----------------- Invoking toplevel() on ptolemy.moml.MoMLSimpleApplication@4ac6d5b0
----------------- Done invoking toplevel() on ptolemy.moml.MoMLSimpleApplication@4ac6d5b0
reloadAllAccessors: .DiscreteClock23

===========================================================================================
----------------- testing Mon Sep 16 05:47:48 UTC 2019 /home/travis/build/icyphy/ptII/ptolemy/actor/lib/test/auto/DiscreteClock24.xml
----------------- Instantiating /home/travis/build/icyphy/ptII/ptolemy/actor/lib/test/auto/DiscreteClock24.xml
5 ms. Memory: 474112K Free: 230675K (49%)
----------------- Invoking toplevel() on ptolemy.moml.MoMLSimpleApplication@6407369d
----------------- Done invoking toplevel() on ptolemy.moml.MoMLSimpleApplication@6407369d
reloadAllAccessors: .DiscreteClock24

===========================================================================================
----------------- testing Mon Sep 16 05:47:48 UTC 2019 /home/travis/build/icyphy/ptII/ptolemy/actor/lib/test/auto/DiscreteClock4.xml
----------------- Instantiating /home/travis/build/icyphy/ptII/ptolemy/actor/lib/test/auto/DiscreteClock4.xml
6 ms. Memory: 474112K Free: 225034K (47%)
----------------- Invoking toplevel() on ptolemy.moml.MoMLSimpleApplication@34fd9b43
----------------- Done invoking toplevel() on ptolemy.moml.MoMLSimpleApplication@34fd9b43
reloadAllAccessors: .DiscreteClock4

===========================================================================================
----------------- testing Mon Sep 16 05:47:48 UTC 2019 /home/travis/build/icyphy/ptII/ptolemy/actor/lib/test/auto/DiscreteClock5.xml
----------------- Instantiating /home/travis/build/icyphy/ptII/ptolemy/actor/lib/test/auto/DiscreteClock5.xml
2 ms. Memory: 474112K Free: 219411K (46%)
----------------- Invoking toplevel() on ptolemy.moml.MoMLSimpleApplication@7d76e6ad
----------------- Done invoking toplevel() on ptolemy.moml.MoMLSimpleApplication@7d76e6ad
reloadAllAccessors: .DiscreteClock5

===========================================================================================
----------------- testing Mon Sep 16 05:47:48 UTC 2019 /home/travis/build/icyphy/ptII/ptolemy/actor/lib/test/auto/DiscreteClock6.xml
----------------- Instantiating /home/travis/build/icyphy/ptII/ptolemy/actor/lib/test/auto/DiscreteClock6.xml
2 ms. Memory: 474112K Free: 214801K (45%)
----------------- Invoking toplevel() on ptolemy.moml.MoMLSimpleApplication@5e458fa9
----------------- Done invoking toplevel() on ptolemy.moml.MoMLSimpleApplication@5e458fa9
reloadAllAccessors: .DiscreteClock6

===========================================================================================
----------------- testing Mon Sep 16 05:47:48 UTC 2019 /home/travis/build/icyphy/ptII/ptolemy/actor/lib/test/auto/DiscreteClock7.xml
----------------- Instantiating /home/travis/build/icyphy/ptII/ptolemy/actor/lib/test/auto/DiscreteClock7.xml
2 ms. Memory: 474112K Free: 210705K (44%)
----------------- Invoking toplevel() on ptolemy.moml.MoMLSimpleApplication@7584ca57
----------------- Done invoking toplevel() on ptolemy.moml.MoMLSimpleApplication@7584ca57
reloadAllAccessors: .DiscreteClock7

===========================================================================================
----------------- testing Mon Sep 16 05:47:48 UTC 2019 /home/travis/build/icyphy/ptII/ptolemy/actor/lib/test/auto/DiscreteClock8.xml
----------------- Instantiating /home/travis/build/icyphy/ptII/ptolemy/actor/lib/test/auto/DiscreteClock8.xml
6 ms. Memory: 474112K Free: 205073K (43%)
----------------- Invoking toplevel() on ptolemy.moml.MoMLSimpleApplication@72cf1a08
----------------- Done invoking toplevel() on ptolemy.moml.MoMLSimpleApplication@72cf1a08
reloadAllAccessors: .DiscreteClock8

===========================================================================================
----------------- testing Mon Sep 16 05:47:48 UTC 2019 /home/travis/build/icyphy/ptII/ptolemy/actor/lib/test/auto/DiscreteClock9.xml
----------------- Instantiating /home/travis/build/icyphy/ptII/ptolemy/actor/lib/test/auto/DiscreteClock9.xml
5 ms. Memory: 474112K Free: 198931K (42%)
----------------- Invoking toplevel() on ptolemy.moml.MoMLSimpleApplication@32aff327
----------------- Done invoking toplevel() on ptolemy.moml.MoMLSimpleApplication@32aff327
reloadAllAccessors: .DiscreteClock9

===========================================================================================
----------------- testing Mon Sep 16 05:47:48 UTC 2019 /home/travis/build/icyphy/ptII/ptolemy/actor/lib/test/auto/DisplayArray.xml
----------------- Instantiating /home/travis/build/icyphy/ptII/ptolemy/actor/lib/test/auto/DisplayArray.xml
1 ms. Memory: 474112K Free: 195345K (41%)
----------------- Invoking toplevel() on ptolemy.moml.MoMLSimpleApplication@2589b471
----------------- Done invoking toplevel() on ptolemy.moml.MoMLSimpleApplication@2589b471
reloadAllAccessors: .DisplayArray

===========================================================================================
----------------- testing Mon Sep 16 05:47:48 UTC 2019 /home/travis/build/icyphy/ptII/ptolemy/actor/lib/test/auto/Distributor.xml
----------------- Instantiating /home/travis/build/icyphy/ptII/ptolemy/actor/lib/test/auto/Distributor.xml
2 ms. Memory: 474112K Free: 190739K (40%)
----------------- Invoking toplevel() on ptolemy.moml.MoMLSimpleApplication@7e0790bc
----------------- Done invoking toplevel() on ptolemy.moml.MoMLSimpleApplication@7e0790bc
reloadAllAccessors: .Distributor

===========================================================================================
----------------- testing Mon Sep 16 05:47:48 UTC 2019 /home/travis/build/icyphy/ptII/ptolemy/actor/lib/test/auto/Distributor2.xml
----------------- Instantiating /home/travis/build/icyphy/ptII/ptolemy/actor/lib/test/auto/Distributor2.xml
2 ms. Memory: 474112K Free: 186129K (39%)
----------------- Invoking toplevel() on ptolemy.moml.MoMLSimpleApplication@1d77f799
----------------- Done invoking toplevel() on ptolemy.moml.MoMLSimpleApplication@1d77f799
reloadAllAccessors: .Distributor2

===========================================================================================
----------------- testing Mon Sep 16 05:47:48 UTC 2019 /home/travis/build/icyphy/ptII/ptolemy/actor/lib/test/auto/DownSample.xml
----------------- Instantiating /home/travis/build/icyphy/ptII/ptolemy/actor/lib/test/auto/DownSample.xml
2 ms. Memory: 474112K Free: 181523K (38%)
----------------- Invoking toplevel() on ptolemy.moml.MoMLSimpleApplication@5f0ed2e7
----------------- Done invoking toplevel() on ptolemy.moml.MoMLSimpleApplication@5f0ed2e7
reloadAllAccessors: .DownSample

===========================================================================================
----------------- testing Mon Sep 16 05:47:48 UTC 2019 /home/travis/build/icyphy/ptII/ptolemy/actor/lib/test/auto/ElectronicUnitBase1.xml
----------------- Instantiating /home/travis/build/icyphy/ptII/ptolemy/actor/lib/test/auto/ElectronicUnitBase1.xml
22 ms. Memory: 474112K Free: 165649K (35%)
----------------- Invoking toplevel() on ptolemy.moml.MoMLSimpleApplication@4bb503aa
----------------- Done invoking toplevel() on ptolemy.moml.MoMLSimpleApplication@4bb503aa
reloadAllAccessors: .ElectronicUnitBase1

===========================================================================================
----------------- testing Mon Sep 16 05:47:48 UTC 2019 /home/travis/build/icyphy/ptII/ptolemy/actor/lib/test/auto/ElementsToArray.xml
----------------- Instantiating /home/travis/build/icyphy/ptII/ptolemy/actor/lib/test/auto/ElementsToArray.xml
3 ms. Memory: 474112K Free: 160529K (34%)
----------------- Invoking toplevel() on ptolemy.moml.MoMLSimpleApplication@3eeaf49d
----------------- Done invoking toplevel() on ptolemy.moml.MoMLSimpleApplication@3eeaf49d
reloadAllAccessors: .ElementsToArray

===========================================================================================
----------------- testing Mon Sep 16 05:47:48 UTC 2019 /home/travis/build/icyphy/ptII/ptolemy/actor/lib/test/auto/Equals.xml
----------------- Instantiating /home/travis/build/icyphy/ptII/ptolemy/actor/lib/test/auto/Equals.xml
4 ms. Memory: 474112K Free: 155923K (33%)
----------------- Invoking toplevel() on ptolemy.moml.MoMLSimpleApplication@48e54bb0
----------------- Done invoking toplevel() on ptolemy.moml.MoMLSimpleApplication@48e54bb0
reloadAllAccessors: .Equals

===========================================================================================
----------------- testing Mon Sep 16 05:47:48 UTC 2019 /home/travis/build/icyphy/ptII/ptolemy/actor/lib/test/auto/Exec.xml
----------------- Instantiating /home/travis/build/icyphy/ptII/ptolemy/actor/lib/test/auto/Exec.xml
51 ms. Memory: 474112K Free: 425233K (90%)
----------------- Invoking toplevel() on ptolemy.moml.MoMLSimpleApplication@3facdf2d
----------------- Done invoking toplevel() on ptolemy.moml.MoMLSimpleApplication@3facdf2d
reloadAllAccessors: .Exec

===========================================================================================
----------------- testing Mon Sep 16 05:47:48 UTC 2019 /home/travis/build/icyphy/ptII/ptolemy/actor/lib/test/auto/ExecEnvironment.xml
----------------- Instantiating /home/travis/build/icyphy/ptII/ptolemy/actor/lib/test/auto/ExecEnvironment.xml
32 ms. Memory: 474112K Free: 418577K (88%)
----------------- Invoking toplevel() on ptolemy.moml.MoMLSimpleApplication@7767088a
----------------- Done invoking toplevel() on ptolemy.moml.MoMLSimpleApplication@7767088a
reloadAllAccessors: .ExecEnvironment

===========================================================================================
----------------- testing Mon Sep 16 05:47:48 UTC 2019 /home/travis/build/icyphy/ptII/ptolemy/actor/lib/test/auto/ExecNonZeroReturnOutput.xml
----------------- Instantiating /home/travis/build/icyphy/ptII/ptolemy/actor/lib/test/auto/ExecNonZeroReturnOutput.xml
191 ms. Memory: 474112K Free: 406803K (86%)
----------------- Invoking toplevel() on ptolemy.moml.MoMLSimpleApplication@3ca720a0
----------------- Done invoking toplevel() on ptolemy.moml.MoMLSimpleApplication@3ca720a0
reloadAllAccessors: .ExecNonZeroReturnOutput

===========================================================================================
----------------- testing Mon Sep 16 05:47:48 UTC 2019 /home/travis/build/icyphy/ptII/ptolemy/actor/lib/test/auto/ExecRunDemos.xml
----------------- Instantiating /home/travis/build/icyphy/ptII/ptolemy/actor/lib/test/auto/ExecRunDemos.xml
Finished: 100 ms. Memory: 120832K Free: 104639K (87%)

Finished: 82 ms. Memory: 120832K Free: 110889K (92%)

Finished: 115 ms. Memory: 120832K Free: 110705K (92%)

Finished: 115 ms. Memory: 120832K Free: 103294K (85%)

Finished: 81 ms. Memory: 120832K Free: 104065K (86%)

11693 ms. Memory: 474112K Free: 386321K (81%)
----------------- Invoking toplevel() on ptolemy.moml.MoMLSimpleApplication@28d3da16
----------------- Done invoking toplevel() on ptolemy.moml.MoMLSimpleApplication@28d3da16
reloadAllAccessors: .ExecRunDemos

===========================================================================================
----------------- testing Mon Sep 16 05:48:00 UTC 2019 /home/travis/build/icyphy/ptII/ptolemy/actor/lib/test/auto/ExecStop.xml
----------------- Instantiating /home/travis/build/icyphy/ptII/ptolemy/actor/lib/test/auto/ExecStop.xml
5019 ms. Memory: 474112K Free: 291601K (62%)
----------------- Invoking toplevel() on ptolemy.moml.MoMLSimpleApplication@4c20b3ea
----------------- Done invoking toplevel() on ptolemy.moml.MoMLSimpleApplication@4c20b3ea
reloadAllAccessors: .ExecStop

===========================================================================================
----------------- testing Mon Sep 16 05:48:05 UTC 2019 /home/travis/build/icyphy/ptII/ptolemy/actor/lib/test/auto/ExecutionTimeSDF.xml
----------------- Instantiating /home/travis/build/icyphy/ptII/ptolemy/actor/lib/test/auto/ExecutionTimeSDF.xml
Fired ExecutionTime: 2002400000
Fired ExecutionTime: 811600000
Fired ExecutionTime: -1030967296
6005 ms. Memory: 474112K Free: 279298K (59%)
----------------- Invoking toplevel() on ptolemy.moml.MoMLSimpleApplication@6bc27316
----------------- Done invoking toplevel() on ptolemy.moml.MoMLSimpleApplication@6bc27316
reloadAllAccessors: .ExecutionTimeSDF

===========================================================================================
----------------- testing Mon Sep 16 05:48:11 UTC 2019 /home/travis/build/icyphy/ptII/ptolemy/actor/lib/test/auto/Expression1.xml
----------------- Instantiating /home/travis/build/icyphy/ptII/ptolemy/actor/lib/test/auto/Expression1.xml
1 ms. Memory: 474112K Free: 275731K (58%)
----------------- Invoking toplevel() on ptolemy.moml.MoMLSimpleApplication@16df09dd
----------------- Done invoking toplevel() on ptolemy.moml.MoMLSimpleApplication@16df09dd
reloadAllAccessors: .Expression1

===========================================================================================
----------------- testing Mon Sep 16 05:48:11 UTC 2019 /home/travis/build/icyphy/ptII/ptolemy/actor/lib/test/auto/Expression10.xml
----------------- Instantiating /home/travis/build/icyphy/ptII/ptolemy/actor/lib/test/auto/Expression10.xml
6 ms. Memory: 474112K Free: 270611K (57%)
----------------- Invoking toplevel() on ptolemy.moml.MoMLSimpleApplication@24025966
----------------- Done invoking toplevel() on ptolemy.moml.MoMLSimpleApplication@24025966
reloadAllAccessors: .Expression10

===========================================================================================
----------------- testing Mon Sep 16 05:48:11 UTC 2019 /home/travis/build/icyphy/ptII/ptolemy/actor/lib/test/auto/Expression11.xml
----------------- Instantiating /home/travis/build/icyphy/ptII/ptolemy/actor/lib/test/auto/Expression11.xml
2 ms. Memory: 474112K Free: 266001K (56%)
----------------- Invoking toplevel() on ptolemy.moml.MoMLSimpleApplication@28b46f25
----------------- Done invoking toplevel() on ptolemy.moml.MoMLSimpleApplication@28b46f25
reloadAllAccessors: .Expression11

===========================================================================================
----------------- testing Mon Sep 16 05:48:11 UTC 2019 /home/travis/build/icyphy/ptII/ptolemy/actor/lib/test/auto/Expression12.xml
----------------- Instantiating /home/travis/build/icyphy/ptII/ptolemy/actor/lib/test/auto/Expression12.xml
4 ms. Memory: 474112K Free: 260371K (55%)
----------------- Invoking toplevel() on ptolemy.moml.MoMLSimpleApplication@72b38ce2
----------------- Done invoking toplevel() on ptolemy.moml.MoMLSimpleApplication@72b38ce2
reloadAllAccessors: .Expression12

===========================================================================================
----------------- testing Mon Sep 16 05:48:11 UTC 2019 /home/travis/build/icyphy/ptII/ptolemy/actor/lib/test/auto/Expression13.xml
----------------- Instantiating /home/travis/build/icyphy/ptII/ptolemy/actor/lib/test/auto/Expression13.xml
3 ms. Memory: 474112K Free: 255761K (54%)
----------------- Invoking toplevel() on ptolemy.moml.MoMLSimpleApplication@67039619
----------------- Done invoking toplevel() on ptolemy.moml.MoMLSimpleApplication@67039619
reloadAllAccessors: .Expression13

===========================================================================================
----------------- testing Mon Sep 16 05:48:11 UTC 2019 /home/travis/build/icyphy/ptII/ptolemy/actor/lib/test/auto/Expression14.xml
----------------- Instantiating /home/travis/build/icyphy/ptII/ptolemy/actor/lib/test/auto/Expression14.xml
10 ms. Memory: 474112K Free: 249617K (53%)
----------------- Invoking toplevel() on ptolemy.moml.MoMLSimpleApplication@630b02f7
----------------- Done invoking toplevel() on ptolemy.moml.MoMLSimpleApplication@630b02f7
reloadAllAccessors: .Expression14

===========================================================================================
----------------- testing Mon Sep 16 05:48:11 UTC 2019 /home/travis/build/icyphy/ptII/ptolemy/actor/lib/test/auto/Expression15.xml
----------------- Instantiating /home/travis/build/icyphy/ptII/ptolemy/actor/lib/test/auto/Expression15.xml
2 ms. Memory: 474112K Free: 245521K (52%)
----------------- Invoking toplevel() on ptolemy.moml.MoMLSimpleApplication@7a9fb694
----------------- Done invoking toplevel() on ptolemy.moml.MoMLSimpleApplication@7a9fb694
reloadAllAccessors: .Expression15

===========================================================================================
----------------- testing Mon Sep 16 05:48:11 UTC 2019 /home/travis/build/icyphy/ptII/ptolemy/actor/lib/test/auto/Expression16.xml
----------------- Instantiating /home/travis/build/icyphy/ptII/ptolemy/actor/lib/test/auto/Expression16.xml
6 ms. Memory: 474112K Free: 240915K (51%)
----------------- Invoking toplevel() on ptolemy.moml.MoMLSimpleApplication@3439da24
----------------- Done invoking toplevel() on ptolemy.moml.MoMLSimpleApplication@3439da24
reloadAllAccessors: .Expression16

===========================================================================================
----------------- testing Mon Sep 16 05:48:11 UTC 2019 /home/travis/build/icyphy/ptII/ptolemy/actor/lib/test/auto/Expression17.xml
----------------- Instantiating /home/travis/build/icyphy/ptII/ptolemy/actor/lib/test/auto/Expression17.xml
7 ms. Memory: 474112K Free: 235795K (50%)
----------------- Invoking toplevel() on ptolemy.moml.MoMLSimpleApplication@71fbd5a2
----------------- Done invoking toplevel() on ptolemy.moml.MoMLSimpleApplication@71fbd5a2
reloadAllAccessors: .Expression17

===========================================================================================
----------------- testing Mon Sep 16 05:48:11 UTC 2019 /home/travis/build/icyphy/ptII/ptolemy/actor/lib/test/auto/Expression18.xml
----------------- Instantiating /home/travis/build/icyphy/ptII/ptolemy/actor/lib/test/auto/Expression18.xml
4 ms. Memory: 474112K Free: 230161K (49%)
----------------- Invoking toplevel() on ptolemy.moml.MoMLSimpleApplication@6ee4ea1f
----------------- Done invoking toplevel() on ptolemy.moml.MoMLSimpleApplication@6ee4ea1f
reloadAllAccessors: .Expression18

===========================================================================================
----------------- testing Mon Sep 16 05:48:11 UTC 2019 /home/travis/build/icyphy/ptII/ptolemy/actor/lib/test/auto/Expression2.xml
----------------- Instantiating /home/travis/build/icyphy/ptII/ptolemy/actor/lib/test/auto/Expression2.xml
3 ms. Memory: 474112K Free: 225555K (48%)
----------------- Invoking toplevel() on ptolemy.moml.MoMLSimpleApplication@6539b37c
----------------- Done invoking toplevel() on ptolemy.moml.MoMLSimpleApplication@6539b37c
reloadAllAccessors: .Expression2

===========================================================================================
----------------- testing Mon Sep 16 05:48:11 UTC 2019 /home/travis/build/icyphy/ptII/ptolemy/actor/lib/test/auto/Expression3.xml
----------------- Instantiating /home/travis/build/icyphy/ptII/ptolemy/actor/lib/test/auto/Expression3.xml
8 ms. Memory: 474112K Free: 220435K (46%)
----------------- Invoking toplevel() on ptolemy.moml.MoMLSimpleApplication@7a4a38c9
----------------- Done invoking toplevel() on ptolemy.moml.MoMLSimpleApplication@7a4a38c9
reloadAllAccessors: .Expression3

===========================================================================================
----------------- testing Mon Sep 16 05:48:11 UTC 2019 /home/travis/build/icyphy/ptII/ptolemy/actor/lib/test/auto/Expression4.xml
----------------- Instantiating /home/travis/build/icyphy/ptII/ptolemy/actor/lib/test/auto/Expression4.xml
6 ms. Memory: 474112K Free: 212738K (45%)
----------------- Invoking toplevel() on ptolemy.moml.MoMLSimpleApplication@101d76d1
----------------- Done invoking toplevel() on ptolemy.moml.MoMLSimpleApplication@101d76d1
reloadAllAccessors: .Expression4

===========================================================================================
----------------- testing Mon Sep 16 05:48:12 UTC 2019 /home/travis/build/icyphy/ptII/ptolemy/actor/lib/test/auto/Expression5.xml
----------------- Instantiating /home/travis/build/icyphy/ptII/ptolemy/actor/lib/test/auto/Expression5.xml
7 ms. Memory: 474112K Free: 208147K (44%)
----------------- Invoking toplevel() on ptolemy.moml.MoMLSimpleApplication@47f5ddda
----------------- Done invoking toplevel() on ptolemy.moml.MoMLSimpleApplication@47f5ddda
reloadAllAccessors: .Expression5

===========================================================================================
----------------- testing Mon Sep 16 05:48:12 UTC 2019 /home/travis/build/icyphy/ptII/ptolemy/actor/lib/test/auto/Expression6.xml
----------------- Instantiating /home/travis/build/icyphy/ptII/ptolemy/actor/lib/test/auto/Expression6.xml
2 ms. Memory: 474112K Free: 203537K (43%)
----------------- Invoking toplevel() on ptolemy.moml.MoMLSimpleApplication@2a8265b
----------------- Done invoking toplevel() on ptolemy.moml.MoMLSimpleApplication@2a8265b
reloadAllAccessors: .Expression6

===========================================================================================
----------------- testing Mon Sep 16 05:48:12 UTC 2019 /home/travis/build/icyphy/ptII/ptolemy/actor/lib/test/auto/Expression7.xml
----------------- Instantiating /home/travis/build/icyphy/ptII/ptolemy/actor/lib/test/auto/Expression7.xml
3 ms. Memory: 474112K Free: 198417K (42%)
----------------- Invoking toplevel() on ptolemy.moml.MoMLSimpleApplication@a2c0b03
----------------- Done invoking toplevel() on ptolemy.moml.MoMLSimpleApplication@a2c0b03
reloadAllAccessors: .Expression7

===========================================================================================
----------------- testing Mon Sep 16 05:48:12 UTC 2019 /home/travis/build/icyphy/ptII/ptolemy/actor/lib/test/auto/Expression8.xml
----------------- Instantiating /home/travis/build/icyphy/ptII/ptolemy/actor/lib/test/auto/Expression8.xml
11 ms. Memory: 474112K Free: 193811K (41%)
----------------- Invoking toplevel() on ptolemy.moml.MoMLSimpleApplication@57def744
----------------- Done invoking toplevel() on ptolemy.moml.MoMLSimpleApplication@57def744
reloadAllAccessors: .Expression8

===========================================================================================
----------------- testing Mon Sep 16 05:48:12 UTC 2019 /home/travis/build/icyphy/ptII/ptolemy/actor/lib/test/auto/Expression9.xml
----------------- Instantiating /home/travis/build/icyphy/ptII/ptolemy/actor/lib/test/auto/Expression9.xml
2 ms. Memory: 474112K Free: 189715K (40%)
----------------- Invoking toplevel() on ptolemy.moml.MoMLSimpleApplication@78158b6b
----------------- Done invoking toplevel() on ptolemy.moml.MoMLSimpleApplication@78158b6b
reloadAllAccessors: .Expression9

===========================================================================================
----------------- testing Mon Sep 16 05:48:12 UTC 2019 /home/travis/build/icyphy/ptII/ptolemy/actor/lib/test/auto/ExpressionConcatenateArrayType.xml
----------------- Instantiating /home/travis/build/icyphy/ptII/ptolemy/actor/lib/test/auto/ExpressionConcatenateArrayType.xml
3 ms. Memory: 474112K Free: 183057K (39%)
----------------- Invoking toplevel() on ptolemy.moml.MoMLSimpleApplication@225e9e0c
----------------- Done invoking toplevel() on ptolemy.moml.MoMLSimpleApplication@225e9e0c
reloadAllAccessors: .ExpressionConcatenateArrayType

===========================================================================================
----------------- testing Mon Sep 16 05:48:12 UTC 2019 /home/travis/build/icyphy/ptII/ptolemy/actor/lib/test/auto/ExpressionConcatenateArrayType2.xml
----------------- Instantiating /home/travis/build/icyphy/ptII/ptolemy/actor/lib/test/auto/ExpressionConcatenateArrayType2.xml
2 ms. Memory: 474112K Free: 177937K (38%)
----------------- Invoking toplevel() on ptolemy.moml.MoMLSimpleApplication@149e456c
----------------- Done invoking toplevel() on ptolemy.moml.MoMLSimpleApplication@149e456c
reloadAllAccessors: .ExpressionConcatenateArrayType2

===========================================================================================
----------------- testing Mon Sep 16 05:48:12 UTC 2019 /home/travis/build/icyphy/ptII/ptolemy/actor/lib/test/auto/ExpressionFix.xml
----------------- Instantiating /home/travis/build/icyphy/ptII/ptolemy/actor/lib/test/auto/ExpressionFix.xml
27 ms. Memory: 474112K Free: 171283K (36%)
----------------- Invoking toplevel() on ptolemy.moml.MoMLSimpleApplication@3841244c
----------------- Done invoking toplevel() on ptolemy.moml.MoMLSimpleApplication@3841244c
reloadAllAccessors: .ExpressionFix

===========================================================================================
----------------- testing Mon Sep 16 05:48:12 UTC 2019 /home/travis/build/icyphy/ptII/ptolemy/actor/lib/test/auto/ExpressionFix2.xml
----------------- Instantiating /home/travis/build/icyphy/ptII/ptolemy/actor/lib/test/auto/ExpressionFix2.xml
5 ms. Memory: 474112K Free: 167185K (35%)
----------------- Invoking toplevel() on ptolemy.moml.MoMLSimpleApplication@1a9133c0
----------------- Done invoking toplevel() on ptolemy.moml.MoMLSimpleApplication@1a9133c0
reloadAllAccessors: .ExpressionFix2

===========================================================================================
----------------- testing Mon Sep 16 05:48:12 UTC 2019 /home/travis/build/icyphy/ptII/ptolemy/actor/lib/test/auto/ExpressionFix3.xml
----------------- Instantiating /home/travis/build/icyphy/ptII/ptolemy/actor/lib/test/auto/ExpressionFix3.xml
4 ms. Memory: 474112K Free: 163091K (34%)
----------------- Invoking toplevel() on ptolemy.moml.MoMLSimpleApplication@3af91ae1
----------------- Done invoking toplevel() on ptolemy.moml.MoMLSimpleApplication@3af91ae1
reloadAllAccessors: .ExpressionFix3

===========================================================================================
----------------- testing Mon Sep 16 05:48:12 UTC 2019 /home/travis/build/icyphy/ptII/ptolemy/actor/lib/test/auto/FileWriter1.xml
----------------- Instantiating /home/travis/build/icyphy/ptII/ptolemy/actor/lib/test/auto/FileWriter1.xml
3 ms. Memory: 474112K Free: 158995K (34%)
----------------- Invoking toplevel() on ptolemy.moml.MoMLSimpleApplication@61b1098a
----------------- Done invoking toplevel() on ptolemy.moml.MoMLSimpleApplication@61b1098a
reloadAllAccessors: .FileWriter1

===========================================================================================
----------------- testing Mon Sep 16 05:48:12 UTC 2019 /home/travis/build/icyphy/ptII/ptolemy/actor/lib/test/auto/FileWriter2.xml
----------------- Instantiating /home/travis/build/icyphy/ptII/ptolemy/actor/lib/test/auto/FileWriter2.xml
2 ms. Memory: 474112K Free: 154899K (33%)
----------------- Invoking toplevel() on ptolemy.moml.MoMLSimpleApplication@2621af74
----------------- Done invoking toplevel() on ptolemy.moml.MoMLSimpleApplication@2621af74
reloadAllAccessors: .FileWriter2

===========================================================================================
----------------- testing Mon Sep 16 05:48:12 UTC 2019 /home/travis/build/icyphy/ptII/ptolemy/actor/lib/test/auto/FileWriter3.xml
----------------- Instantiating /home/travis/build/icyphy/ptII/ptolemy/actor/lib/test/auto/FileWriter3.xml
62 ms. Memory: 474112K Free: 425234K (90%)
----------------- Invoking toplevel() on ptolemy.moml.MoMLSimpleApplication@44bea4f6
----------------- Done invoking toplevel() on ptolemy.moml.MoMLSimpleApplication@44bea4f6
reloadAllAccessors: .FileWriter3

===========================================================================================
----------------- testing Mon Sep 16 05:48:12 UTC 2019 /home/travis/build/icyphy/ptII/ptolemy/actor/lib/test/auto/Gaussian.xml
----------------- Instantiating /home/travis/build/icyphy/ptII/ptolemy/actor/lib/test/auto/Gaussian.xml
3 ms. Memory: 474112K Free: 420113K (89%)
----------------- Invoking toplevel() on ptolemy.moml.MoMLSimpleApplication@4efc52e9
----------------- Done invoking toplevel() on ptolemy.moml.MoMLSimpleApplication@4efc52e9
reloadAllAccessors: .Gaussian

===========================================================================================
----------------- testing Mon Sep 16 05:48:12 UTC 2019 /home/travis/build/icyphy/ptII/ptolemy/actor/lib/test/auto/Gaussian1.xml
----------------- Instantiating /home/travis/build/icyphy/ptII/ptolemy/actor/lib/test/auto/Gaussian1.xml
13 ms. Memory: 474112K Free: 414962K (88%)
----------------- Invoking toplevel() on ptolemy.moml.MoMLSimpleApplication@20e5eaf5
----------------- Done invoking toplevel() on ptolemy.moml.MoMLSimpleApplication@20e5eaf5
reloadAllAccessors: .Gaussian1

===========================================================================================
----------------- testing Mon Sep 16 05:48:12 UTC 2019 /home/travis/build/icyphy/ptII/ptolemy/actor/lib/test/auto/Gaussian2.xml
----------------- Instantiating /home/travis/build/icyphy/ptII/ptolemy/actor/lib/test/auto/Gaussian2.xml
3 ms. Memory: 474112K Free: 409363K (86%)
----------------- Invoking toplevel() on ptolemy.moml.MoMLSimpleApplication@629bd44e
----------------- Done invoking toplevel() on ptolemy.moml.MoMLSimpleApplication@629bd44e
reloadAllAccessors: .Gaussian2

===========================================================================================
----------------- testing Mon Sep 16 05:48:12 UTC 2019 /home/travis/build/icyphy/ptII/ptolemy/actor/lib/test/auto/GradientAdaptiveLattice.xml
----------------- Instantiating /home/travis/build/icyphy/ptII/ptolemy/actor/lib/test/auto/GradientAdaptiveLattice.xml
3 ms. Memory: 474112K Free: 404243K (85%)
----------------- Invoking toplevel() on ptolemy.moml.MoMLSimpleApplication@667bb4a7
----------------- Done invoking toplevel() on ptolemy.moml.MoMLSimpleApplication@667bb4a7
reloadAllAccessors: .GradientAdaptiveLattice

===========================================================================================
----------------- testing Mon Sep 16 05:48:12 UTC 2019 /home/travis/build/icyphy/ptII/ptolemy/actor/lib/test/auto/IIR.xml
----------------- Instantiating /home/travis/build/icyphy/ptII/ptolemy/actor/lib/test/auto/IIR.xml
2 ms. Memory: 474112K Free: 399633K (84%)
----------------- Invoking toplevel() on ptolemy.moml.MoMLSimpleApplication@4e7eaf84
----------------- Done invoking toplevel() on ptolemy.moml.MoMLSimpleApplication@4e7eaf84
reloadAllAccessors: .IIR

===========================================================================================
----------------- testing Mon Sep 16 05:48:12 UTC 2019 /home/travis/build/icyphy/ptII/ptolemy/actor/lib/test/auto/InputOutputTransparentPorts.xml
----------------- Instantiating /home/travis/build/icyphy/ptII/ptolemy/actor/lib/test/auto/InputOutputTransparentPorts.xml
2 ms. Memory: 474112K Free: 392465K (83%)
----------------- Invoking toplevel() on ptolemy.moml.MoMLSimpleApplication@278182f2
----------------- Done invoking toplevel() on ptolemy.moml.MoMLSimpleApplication@278182f2
reloadAllAccessors: .InputOutputTransparentPorts

===========================================================================================
----------------- testing Mon Sep 16 05:48:12 UTC 2019 /home/travis/build/icyphy/ptII/ptolemy/actor/lib/test/auto/Interpolator.xml
----------------- Instantiating /home/travis/build/icyphy/ptII/ptolemy/actor/lib/test/auto/Interpolator.xml
7 ms. Memory: 474112K Free: 387345K (82%)
----------------- Invoking toplevel() on ptolemy.moml.MoMLSimpleApplication@5716af59
----------------- Done invoking toplevel() on ptolemy.moml.MoMLSimpleApplication@5716af59
reloadAllAccessors: .Interpolator

===========================================================================================
----------------- testing Mon Sep 16 05:48:12 UTC 2019 /home/travis/build/icyphy/ptII/ptolemy/actor/lib/test/auto/InterpolatorFiringLimitDE.xml
----------------- Instantiating /home/travis/build/icyphy/ptII/ptolemy/actor/lib/test/auto/InterpolatorFiringLimitDE.xml
3 ms. Memory: 474112K Free: 381201K (80%)
----------------- Invoking toplevel() on ptolemy.moml.MoMLSimpleApplication@19529ac
----------------- Done invoking toplevel() on ptolemy.moml.MoMLSimpleApplication@19529ac
reloadAllAccessors: .InterpolatorFiringLimitDE

===========================================================================================
----------------- testing Mon Sep 16 05:48:12 UTC 2019 /home/travis/build/icyphy/ptII/ptolemy/actor/lib/test/auto/Lattice.xml
----------------- Instantiating /home/travis/build/icyphy/ptII/ptolemy/actor/lib/test/auto/Lattice.xml
1 ms. Memory: 474112K Free: 377105K (80%)
----------------- Invoking toplevel() on ptolemy.moml.MoMLSimpleApplication@38b2891
----------------- Done invoking toplevel() on ptolemy.moml.MoMLSimpleApplication@38b2891
reloadAllAccessors: .Lattice

===========================================================================================
----------------- testing Mon Sep 16 05:48:12 UTC 2019 /home/travis/build/icyphy/ptII/ptolemy/actor/lib/test/auto/LazyAOCTestLazy.xml
----------------- Instantiating /home/travis/build/icyphy/ptII/ptolemy/actor/lib/test/auto/LazyAOCTestLazy.xml
17 ms. Memory: 474112K Free: 371475K (78%)
----------------- Invoking toplevel() on ptolemy.moml.MoMLSimpleApplication@5bf9a13b
----------------- Done invoking toplevel() on ptolemy.moml.MoMLSimpleApplication@5bf9a13b
reloadAllAccessors: .LazyAOCTestLazy

===========================================================================================
----------------- testing Mon Sep 16 05:48:12 UTC 2019 /home/travis/build/icyphy/ptII/ptolemy/actor/lib/test/auto/LazyAOCTestNonLazy.xml
----------------- Instantiating /home/travis/build/icyphy/ptII/ptolemy/actor/lib/test/auto/LazyAOCTestNonLazy.xml
2 ms. Memory: 474112K Free: 364817K (77%)
----------------- Invoking toplevel() on ptolemy.moml.MoMLSimpleApplication@e4845ce
----------------- Done invoking toplevel() on ptolemy.moml.MoMLSimpleApplication@e4845ce
reloadAllAccessors: .LazyAOCTestNonLazy

===========================================================================================
----------------- testing Mon Sep 16 05:48:12 UTC 2019 /home/travis/build/icyphy/ptII/ptolemy/actor/lib/test/auto/LazyInnerClass.xml
----------------- Instantiating /home/travis/build/icyphy/ptII/ptolemy/actor/lib/test/auto/LazyInnerClass.xml
15 ms. Memory: 474112K Free: 356115K (75%)
----------------- Invoking toplevel() on ptolemy.moml.MoMLSimpleApplication@fc11b5e
----------------- Done invoking toplevel() on ptolemy.moml.MoMLSimpleApplication@fc11b5e
reloadAllAccessors: .LazyInnerClass

===========================================================================================
----------------- testing Mon Sep 16 05:48:12 UTC 2019 /home/travis/build/icyphy/ptII/ptolemy/actor/lib/test/auto/LazyPubSub.xml
----------------- Instantiating /home/travis/build/icyphy/ptII/ptolemy/actor/lib/test/auto/LazyPubSub.xml
23 ms. Memory: 474112K Free: 346385K (73%)
----------------- Invoking toplevel() on ptolemy.moml.MoMLSimpleApplication@7b7811ad
----------------- Done invoking toplevel() on ptolemy.moml.MoMLSimpleApplication@7b7811ad
reloadAllAccessors: .LazyPubSub

===========================================================================================
----------------- testing Mon Sep 16 05:48:12 UTC 2019 /home/travis/build/icyphy/ptII/ptolemy/actor/lib/test/auto/LazyPubSub2.xml
----------------- Instantiating /home/travis/build/icyphy/ptII/ptolemy/actor/lib/test/auto/LazyPubSub2.xml
16 ms. Memory: 474112K Free: 336659K (71%)
----------------- Invoking toplevel() on ptolemy.moml.MoMLSimpleApplication@616aa474
----------------- Done invoking toplevel() on ptolemy.moml.MoMLSimpleApplication@616aa474
reloadAllAccessors: .LazyPubSub2

===========================================================================================
----------------- testing Mon Sep 16 05:48:12 UTC 2019 /home/travis/build/icyphy/ptII/ptolemy/actor/lib/test/auto/LazyPubSub3.xml
----------------- Instantiating /home/travis/build/icyphy/ptII/ptolemy/actor/lib/test/auto/LazyPubSub3.xml
33 ms. Memory: 474112K Free: 326419K (69%)
----------------- Invoking toplevel() on ptolemy.moml.MoMLSimpleApplication@436d0865
----------------- Done invoking toplevel() on ptolemy.moml.MoMLSimpleApplication@436d0865
reloadAllAccessors: .LazyPubSub3

===========================================================================================
----------------- testing Mon Sep 16 05:48:12 UTC 2019 /home/travis/build/icyphy/ptII/ptolemy/actor/lib/test/auto/LazySubClassModel.xml
----------------- Instantiating /home/travis/build/icyphy/ptII/ptolemy/actor/lib/test/auto/LazySubClassModel.xml
2 ms. Memory: 474112K Free: 317203K (67%)
----------------- Invoking toplevel() on ptolemy.moml.MoMLSimpleApplication@4177747a
----------------- Done invoking toplevel() on ptolemy.moml.MoMLSimpleApplication@4177747a
reloadAllAccessors: .LazySubClassModel

===========================================================================================
----------------- testing Mon Sep 16 05:48:12 UTC 2019 /home/travis/build/icyphy/ptII/ptolemy/actor/lib/test/auto/LevelCrossTest1.xml
----------------- Instantiating /home/travis/build/icyphy/ptII/ptolemy/actor/lib/test/auto/LevelCrossTest1.xml
1 ms. Memory: 474112K Free: 312562K (66%)
----------------- Invoking toplevel() on ptolemy.moml.MoMLSimpleApplication@4426f148
----------------- Done invoking toplevel() on ptolemy.moml.MoMLSimpleApplication@4426f148
reloadAllAccessors: .broken

===========================================================================================
----------------- testing Mon Sep 16 05:48:12 UTC 2019 /home/travis/build/icyphy/ptII/ptolemy/actor/lib/test/auto/LevelCrossTest10.xml
----------------- Instantiating /home/travis/build/icyphy/ptII/ptolemy/actor/lib/test/auto/LevelCrossTest10.xml
1 ms. Memory: 474112K Free: 305425K (64%)
----------------- Invoking toplevel() on ptolemy.moml.MoMLSimpleApplication@5d82d124
----------------- Done invoking toplevel() on ptolemy.moml.MoMLSimpleApplication@5d82d124
reloadAllAccessors: .LevelCrossTest10

===========================================================================================
----------------- testing Mon Sep 16 05:48:13 UTC 2019 /home/travis/build/icyphy/ptII/ptolemy/actor/lib/test/auto/LevelCrossTest11.xml
----------------- Instantiating /home/travis/build/icyphy/ptII/ptolemy/actor/lib/test/auto/LevelCrossTest11.xml
2 ms. Memory: 474112K Free: 298257K (63%)
----------------- Invoking toplevel() on ptolemy.moml.MoMLSimpleApplication@2868200b
----------------- Done invoking toplevel() on ptolemy.moml.MoMLSimpleApplication@2868200b
reloadAllAccessors: .LevelCrossTest11

===========================================================================================
----------------- testing Mon Sep 16 05:48:13 UTC 2019 /home/travis/build/icyphy/ptII/ptolemy/actor/lib/test/auto/LevelCrossTest12.xml
----------------- Instantiating /home/travis/build/icyphy/ptII/ptolemy/actor/lib/test/auto/LevelCrossTest12.xml
1 ms. Memory: 474112K Free: 291603K (62%)
----------------- Invoking toplevel() on ptolemy.moml.MoMLSimpleApplication@25f1f742
----------------- Done invoking toplevel() on ptolemy.moml.MoMLSimpleApplication@25f1f742
reloadAllAccessors: .LevelCrossTest12

===========================================================================================
----------------- testing Mon Sep 16 05:48:13 UTC 2019 /home/travis/build/icyphy/ptII/ptolemy/actor/lib/test/auto/LevelCrossTest13.xml
----------------- Instantiating /home/travis/build/icyphy/ptII/ptolemy/actor/lib/test/auto/LevelCrossTest13.xml
2 ms. Memory: 474112K Free: 284914K (60%)
----------------- Invoking toplevel() on ptolemy.moml.MoMLSimpleApplication@2b1eec4d
----------------- Done invoking toplevel() on ptolemy.moml.MoMLSimpleApplication@2b1eec4d
reloadAllAccessors: .LevelCrossTest13

===========================================================================================
----------------- testing Mon Sep 16 05:48:13 UTC 2019 /home/travis/build/icyphy/ptII/ptolemy/actor/lib/test/auto/LevelCrossTest2.xml
----------------- Instantiating /home/travis/build/icyphy/ptII/ptolemy/actor/lib/test/auto/LevelCrossTest2.xml
2 ms. Memory: 474112K Free: 279315K (59%)
----------------- Invoking toplevel() on ptolemy.moml.MoMLSimpleApplication@408f0535
----------------- Done invoking toplevel() on ptolemy.moml.MoMLSimpleApplication@408f0535
reloadAllAccessors: .broken

===========================================================================================
----------------- testing Mon Sep 16 05:48:13 UTC 2019 /home/travis/build/icyphy/ptII/ptolemy/actor/lib/test/auto/LevelCrossTest3.xml
----------------- Instantiating /home/travis/build/icyphy/ptII/ptolemy/actor/lib/test/auto/LevelCrossTest3.xml
1 ms. Memory: 474112K Free: 273171K (58%)
----------------- Invoking toplevel() on ptolemy.moml.MoMLSimpleApplication@989e34e
----------------- Done invoking toplevel() on ptolemy.moml.MoMLSimpleApplication@989e34e
reloadAllAccessors: .LevelCrossTest3

===========================================================================================
----------------- testing Mon Sep 16 05:48:13 UTC 2019 /home/travis/build/icyphy/ptII/ptolemy/actor/lib/test/auto/LevelCrossTest4.xml
----------------- Instantiating /home/travis/build/icyphy/ptII/ptolemy/actor/lib/test/auto/LevelCrossTest4.xml
1 ms. Memory: 474112K Free: 267537K (56%)
----------------- Invoking toplevel() on ptolemy.moml.MoMLSimpleApplication@61ab975a
----------------- Done invoking toplevel() on ptolemy.moml.MoMLSimpleApplication@61ab975a
reloadAllAccessors: .broken

===========================================================================================
----------------- testing Mon Sep 16 05:48:13 UTC 2019 /home/travis/build/icyphy/ptII/ptolemy/actor/lib/test/auto/LevelCrossTest5.xml
----------------- Instantiating /home/travis/build/icyphy/ptII/ptolemy/actor/lib/test/auto/LevelCrossTest5.xml
5 ms. Memory: 474112K Free: 260369K (55%)
----------------- Invoking toplevel() on ptolemy.moml.MoMLSimpleApplication@416b9f4d
----------------- Done invoking toplevel() on ptolemy.moml.MoMLSimpleApplication@416b9f4d
reloadAllAccessors: .LevelCrossTest5

===========================================================================================
----------------- testing Mon Sep 16 05:48:13 UTC 2019 /home/travis/build/icyphy/ptII/ptolemy/actor/lib/test/auto/LevelCrossTest6.xml
----------------- Instantiating /home/travis/build/icyphy/ptII/ptolemy/actor/lib/test/auto/LevelCrossTest6.xml
1 ms. Memory: 474112K Free: 254225K (54%)
----------------- Invoking toplevel() on ptolemy.moml.MoMLSimpleApplication@1da52b87
----------------- Done invoking toplevel() on ptolemy.moml.MoMLSimpleApplication@1da52b87
reloadAllAccessors: .LevelCrossTest6

===========================================================================================
----------------- testing Mon Sep 16 05:48:13 UTC 2019 /home/travis/build/icyphy/ptII/ptolemy/actor/lib/test/auto/LevelCrossTest7.xml
----------------- Instantiating /home/travis/build/icyphy/ptII/ptolemy/actor/lib/test/auto/LevelCrossTest7.xml
1 ms. Memory: 474112K Free: 246547K (52%)
----------------- Invoking toplevel() on ptolemy.moml.MoMLSimpleApplication@275970c
----------------- Done invoking toplevel() on ptolemy.moml.MoMLSimpleApplication@275970c
reloadAllAccessors: .LevelCrossTest7

===========================================================================================
----------------- testing Mon Sep 16 05:48:13 UTC 2019 /home/travis/build/icyphy/ptII/ptolemy/actor/lib/test/auto/LevelCrossTest8.xml
----------------- Instantiating /home/travis/build/icyphy/ptII/ptolemy/actor/lib/test/auto/LevelCrossTest8.xml
2 ms. Memory: 474112K Free: 239379K (50%)
----------------- Invoking toplevel() on ptolemy.moml.MoMLSimpleApplication@30b7e4ec
----------------- Done invoking toplevel() on ptolemy.moml.MoMLSimpleApplication@30b7e4ec
reloadAllAccessors: .LevelCrossTest8

===========================================================================================
----------------- testing Mon Sep 16 05:48:13 UTC 2019 /home/travis/build/icyphy/ptII/ptolemy/actor/lib/test/auto/LevelCrossTest9.xml
----------------- Instantiating /home/travis/build/icyphy/ptII/ptolemy/actor/lib/test/auto/LevelCrossTest9.xml
1 ms. Memory: 474112K Free: 232211K (49%)
----------------- Invoking toplevel() on ptolemy.moml.MoMLSimpleApplication@58c671f
----------------- Done invoking toplevel() on ptolemy.moml.MoMLSimpleApplication@58c671f
reloadAllAccessors: .LevelCrossTest9

===========================================================================================
----------------- testing Mon Sep 16 05:48:13 UTC 2019 /home/travis/build/icyphy/ptII/ptolemy/actor/lib/test/auto/LevinsonDurbin.xml
----------------- Instantiating /home/travis/build/icyphy/ptII/ptolemy/actor/lib/test/auto/LevinsonDurbin.xml
1 ms. Memory: 474112K Free: 228625K (48%)
----------------- Invoking toplevel() on ptolemy.moml.MoMLSimpleApplication@4b4d836d
----------------- Done invoking toplevel() on ptolemy.moml.MoMLSimpleApplication@4b4d836d
reloadAllAccessors: .LevinsonDurbin

===========================================================================================
----------------- testing Mon Sep 16 05:48:13 UTC 2019 /home/travis/build/icyphy/ptII/ptolemy/actor/lib/test/auto/LevinsonDurbin2.xml
----------------- Instantiating /home/travis/build/icyphy/ptII/ptolemy/actor/lib/test/auto/LevinsonDurbin2.xml
1 ms. Memory: 474112K Free: 224529K (47%)
----------------- Invoking toplevel() on ptolemy.moml.MoMLSimpleApplication@73aa257
----------------- Done invoking toplevel() on ptolemy.moml.MoMLSimpleApplication@73aa257
reloadAllAccessors: .LevinsonDurbin2

===========================================================================================
----------------- testing Mon Sep 16 05:48:13 UTC 2019 /home/travis/build/icyphy/ptII/ptolemy/actor/lib/test/auto/LevinsonDurbin3.xml
----------------- Instantiating /home/travis/build/icyphy/ptII/ptolemy/actor/lib/test/auto/LevinsonDurbin3.xml
3 ms. Memory: 474112K Free: 220433K (46%)
----------------- Invoking toplevel() on ptolemy.moml.MoMLSimpleApplication@10551e09
----------------- Done invoking toplevel() on ptolemy.moml.MoMLSimpleApplication@10551e09
reloadAllAccessors: .LevinsonDurbin3

===========================================================================================
----------------- testing Mon Sep 16 05:48:13 UTC 2019 /home/travis/build/icyphy/ptII/ptolemy/actor/lib/test/auto/Limiter.xml
----------------- Instantiating /home/travis/build/icyphy/ptII/ptolemy/actor/lib/test/auto/Limiter.xml
14 ms. Memory: 474112K Free: 211202K (45%)
----------------- Invoking toplevel() on ptolemy.moml.MoMLSimpleApplication@838cd4c
----------------- Done invoking toplevel() on ptolemy.moml.MoMLSimpleApplication@838cd4c
reloadAllAccessors: .Limiter

===========================================================================================
----------------- testing Mon Sep 16 05:48:13 UTC 2019 /home/travis/build/icyphy/ptII/ptolemy/actor/lib/test/auto/LinearDifferenceEquationSystem.xml
----------------- Instantiating /home/travis/build/icyphy/ptII/ptolemy/actor/lib/test/auto/LinearDifferenceEquationSystem.xml
5 ms. Memory: 474112K Free: 204049K (43%)
----------------- Invoking toplevel() on ptolemy.moml.MoMLSimpleApplication@4aa4f2e
----------------- Done invoking toplevel() on ptolemy.moml.MoMLSimpleApplication@4aa4f2e
reloadAllAccessors: .LinearDifferenceEquationSystem

===========================================================================================
----------------- testing Mon Sep 16 05:48:13 UTC 2019 /home/travis/build/icyphy/ptII/ptolemy/actor/lib/test/auto/LookupTable.xml
----------------- Instantiating /home/travis/build/icyphy/ptII/ptolemy/actor/lib/test/auto/LookupTable.xml
2 ms. Memory: 474112K Free: 199953K (42%)
----------------- Invoking toplevel() on ptolemy.moml.MoMLSimpleApplication@6cd5d7b9
----------------- Done invoking toplevel() on ptolemy.moml.MoMLSimpleApplication@6cd5d7b9
reloadAllAccessors: .LookupTable

===========================================================================================
----------------- testing Mon Sep 16 05:48:13 UTC 2019 /home/travis/build/icyphy/ptII/ptolemy/actor/lib/test/auto/MathFunction.xml
----------------- Instantiating /home/travis/build/icyphy/ptII/ptolemy/actor/lib/test/auto/MathFunction.xml
5 ms. Memory: 474112K Free: 191761K (40%)
----------------- Invoking toplevel() on ptolemy.moml.MoMLSimpleApplication@3d17acb9
----------------- Done invoking toplevel() on ptolemy.moml.MoMLSimpleApplication@3d17acb9
reloadAllAccessors: .MathFunction

===========================================================================================
----------------- testing Mon Sep 16 05:48:13 UTC 2019 /home/travis/build/icyphy/ptII/ptolemy/actor/lib/test/auto/MathFunction2.xml
----------------- Instantiating /home/travis/build/icyphy/ptII/ptolemy/actor/lib/test/auto/MathFunction2.xml
6 ms. Memory: 474112K Free: 187665K (40%)
----------------- Invoking toplevel() on ptolemy.moml.MoMLSimpleApplication@6a19d185
----------------- Done invoking toplevel() on ptolemy.moml.MoMLSimpleApplication@6a19d185
reloadAllAccessors: .MathFunction2

===========================================================================================
----------------- testing Mon Sep 16 05:48:13 UTC 2019 /home/travis/build/icyphy/ptII/ptolemy/actor/lib/test/auto/MathFunction3.xml
----------------- Instantiating /home/travis/build/icyphy/ptII/ptolemy/actor/lib/test/auto/MathFunction3.xml
3 ms. Memory: 474112K Free: 180497K (38%)
----------------- Invoking toplevel() on ptolemy.moml.MoMLSimpleApplication@7fca2cd4
----------------- Done invoking toplevel() on ptolemy.moml.MoMLSimpleApplication@7fca2cd4
reloadAllAccessors: .MathFunction3

===========================================================================================
----------------- testing Mon Sep 16 05:48:13 UTC 2019 /home/travis/build/icyphy/ptII/ptolemy/actor/lib/test/auto/MatrixCropBoolean.xml
----------------- Instantiating /home/travis/build/icyphy/ptII/ptolemy/actor/lib/test/auto/MatrixCropBoolean.xml
2 ms. Memory: 474112K Free: 175346K (37%)
----------------- Invoking toplevel() on ptolemy.moml.MoMLSimpleApplication@b43ffd
----------------- Done invoking toplevel() on ptolemy.moml.MoMLSimpleApplication@b43ffd
reloadAllAccessors: .MatrixCropBoolean

===========================================================================================
----------------- testing Mon Sep 16 05:48:13 UTC 2019 /home/travis/build/icyphy/ptII/ptolemy/actor/lib/test/auto/MatrixCropComplex.xml
----------------- Instantiating /home/travis/build/icyphy/ptII/ptolemy/actor/lib/test/auto/MatrixCropComplex.xml
2 ms. Memory: 474112K Free: 170226K (36%)
----------------- Invoking toplevel() on ptolemy.moml.MoMLSimpleApplication@1ab79848
----------------- Done invoking toplevel() on ptolemy.moml.MoMLSimpleApplication@1ab79848
reloadAllAccessors: .MatrixCropComplex

===========================================================================================
----------------- testing Mon Sep 16 05:48:13 UTC 2019 /home/travis/build/icyphy/ptII/ptolemy/actor/lib/test/auto/MatrixCropDouble.xml
----------------- Instantiating /home/travis/build/icyphy/ptII/ptolemy/actor/lib/test/auto/MatrixCropDouble.xml
3 ms. Memory: 474112K Free: 165651K (35%)
----------------- Invoking toplevel() on ptolemy.moml.MoMLSimpleApplication@7758e3c2
----------------- Done invoking toplevel() on ptolemy.moml.MoMLSimpleApplication@7758e3c2
reloadAllAccessors: .MatrixCropDouble

===========================================================================================
----------------- testing Mon Sep 16 05:48:13 UTC 2019 /home/travis/build/icyphy/ptII/ptolemy/actor/lib/test/auto/MatrixCropFix.xml
----------------- Instantiating /home/travis/build/icyphy/ptII/ptolemy/actor/lib/test/auto/MatrixCropFix.xml
2 ms. Memory: 474112K Free: 160531K (34%)
----------------- Invoking toplevel() on ptolemy.moml.MoMLSimpleApplication@258d7fdf
----------------- Done invoking toplevel() on ptolemy.moml.MoMLSimpleApplication@258d7fdf
reloadAllAccessors: .MatrixCropFix

===========================================================================================
----------------- testing Mon Sep 16 05:48:13 UTC 2019 /home/travis/build/icyphy/ptII/ptolemy/actor/lib/test/auto/MatrixCropInt.xml
----------------- Instantiating /home/travis/build/icyphy/ptII/ptolemy/actor/lib/test/auto/MatrixCropInt.xml
2 ms. Memory: 474112K Free: 155411K (33%)
----------------- Invoking toplevel() on ptolemy.moml.MoMLSimpleApplication@4d304164
----------------- Done invoking toplevel() on ptolemy.moml.MoMLSimpleApplication@4d304164
reloadAllAccessors: .MatrixCropInt

===========================================================================================
----------------- testing Mon Sep 16 05:48:13 UTC 2019 /home/travis/build/icyphy/ptII/ptolemy/actor/lib/test/auto/MatrixCropLong.xml
----------------- Instantiating /home/travis/build/icyphy/ptII/ptolemy/actor/lib/test/auto/MatrixCropLong.xml
2 ms. Memory: 474112K Free: 423682K (89%)
----------------- Invoking toplevel() on ptolemy.moml.MoMLSimpleApplication@ba1f9eb
----------------- Done invoking toplevel() on ptolemy.moml.MoMLSimpleApplication@ba1f9eb
reloadAllAccessors: .MatrixCropLong

===========================================================================================
----------------- testing Mon Sep 16 05:48:13 UTC 2019 /home/travis/build/icyphy/ptII/ptolemy/actor/lib/test/auto/MatrixToArray.xml
----------------- Instantiating /home/travis/build/icyphy/ptII/ptolemy/actor/lib/test/auto/MatrixToArray.xml
7 ms. Memory: 474112K Free: 408336K (86%)
----------------- Invoking toplevel() on ptolemy.moml.MoMLSimpleApplication@15ae2057
----------------- Done invoking toplevel() on ptolemy.moml.MoMLSimpleApplication@15ae2057
reloadAllAccessors: .MatrixToArray

===========================================================================================
----------------- testing Mon Sep 16 05:48:13 UTC 2019 /home/travis/build/icyphy/ptII/ptolemy/actor/lib/test/auto/MaxIndex.xml
----------------- Instantiating /home/travis/build/icyphy/ptII/ptolemy/actor/lib/test/auto/MaxIndex.xml
9 ms. Memory: 474112K Free: 403217K (85%)
----------------- Invoking toplevel() on ptolemy.moml.MoMLSimpleApplication@2dc43a9e
----------------- Done invoking toplevel() on ptolemy.moml.MoMLSimpleApplication@2dc43a9e
reloadAllAccessors: .MaxIndex

===========================================================================================
----------------- testing Mon Sep 16 05:48:13 UTC 2019 /home/travis/build/icyphy/ptII/ptolemy/actor/lib/test/auto/Maximum.xml
----------------- Instantiating /home/travis/build/icyphy/ptII/ptolemy/actor/lib/test/auto/Maximum.xml
2 ms. Memory: 474112K Free: 396563K (84%)
----------------- Invoking toplevel() on ptolemy.moml.MoMLSimpleApplication@12282629
----------------- Done invoking toplevel() on ptolemy.moml.MoMLSimpleApplication@12282629
reloadAllAccessors: .Maximum

===========================================================================================
----------------- testing Mon Sep 16 05:48:13 UTC 2019 /home/travis/build/icyphy/ptII/ptolemy/actor/lib/test/auto/MaximumComplex.xml
----------------- Instantiating /home/travis/build/icyphy/ptII/ptolemy/actor/lib/test/auto/MaximumComplex.xml
5 ms. Memory: 474112K Free: 390419K (82%)
----------------- Invoking toplevel() on ptolemy.moml.MoMLSimpleApplication@542f50d5
----------------- Done invoking toplevel() on ptolemy.moml.MoMLSimpleApplication@542f50d5
reloadAllAccessors: .MaximumComplex

===========================================================================================
----------------- testing Mon Sep 16 05:48:13 UTC 2019 /home/travis/build/icyphy/ptII/ptolemy/actor/lib/test/auto/MethodCallTest.xml
----------------- Instantiating /home/travis/build/icyphy/ptII/ptolemy/actor/lib/test/auto/MethodCallTest.xml
4 ms. Memory: 474112K Free: 383761K (81%)
----------------- Invoking toplevel() on ptolemy.moml.MoMLSimpleApplication@498b0c
----------------- Done invoking toplevel() on ptolemy.moml.MoMLSimpleApplication@498b0c
reloadAllAccessors: .MethodCallTest

===========================================================================================
----------------- testing Mon Sep 16 05:48:13 UTC 2019 /home/travis/build/icyphy/ptII/ptolemy/actor/lib/test/auto/Minimum.xml
----------------- Instantiating /home/travis/build/icyphy/ptII/ptolemy/actor/lib/test/auto/Minimum.xml
3 ms. Memory: 474112K Free: 377107K (80%)
----------------- Invoking toplevel() on ptolemy.moml.MoMLSimpleApplication@4a439657
----------------- Done invoking toplevel() on ptolemy.moml.MoMLSimpleApplication@4a439657
reloadAllAccessors: .Minimum

===========================================================================================
----------------- testing Mon Sep 16 05:48:13 UTC 2019 /home/travis/build/icyphy/ptII/ptolemy/actor/lib/test/auto/MinimumComplex.xml
----------------- Instantiating /home/travis/build/icyphy/ptII/ptolemy/actor/lib/test/auto/MinimumComplex.xml
4 ms. Memory: 474112K Free: 371473K (78%)
----------------- Invoking toplevel() on ptolemy.moml.MoMLSimpleApplication@52db6996
----------------- Done invoking toplevel() on ptolemy.moml.MoMLSimpleApplication@52db6996
reloadAllAccessors: .MinimumComplex

===========================================================================================
----------------- testing Mon Sep 16 05:48:13 UTC 2019 /home/travis/build/icyphy/ptII/ptolemy/actor/lib/test/auto/MinimumMultiports.xml
----------------- Instantiating /home/travis/build/icyphy/ptII/ptolemy/actor/lib/test/auto/MinimumMultiports.xml
4 ms. Memory: 474112K Free: 362771K (77%)
----------------- Invoking toplevel() on ptolemy.moml.MoMLSimpleApplication@13370168
----------------- Done invoking toplevel() on ptolemy.moml.MoMLSimpleApplication@13370168
reloadAllAccessors: .MinimumMultiports

===========================================================================================
----------------- testing Mon Sep 16 05:48:13 UTC 2019 /home/travis/build/icyphy/ptII/ptolemy/actor/lib/test/auto/ModifyDate.xml
----------------- Instantiating /home/travis/build/icyphy/ptII/ptolemy/actor/lib/test/auto/ModifyDate.xml
11 ms. Memory: 474112K Free: 349459K (74%)
----------------- Invoking toplevel() on ptolemy.moml.MoMLSimpleApplication@7c036b24
----------------- Done invoking toplevel() on ptolemy.moml.MoMLSimpleApplication@7c036b24
reloadAllAccessors: .ModifyDate

===========================================================================================
----------------- testing Mon Sep 16 05:48:13 UTC 2019 /home/travis/build/icyphy/ptII/ptolemy/actor/lib/test/auto/ModifyDate2.xml
----------------- Instantiating /home/travis/build/icyphy/ptII/ptolemy/actor/lib/test/auto/ModifyDate2.xml
4 ms. Memory: 474112K Free: 340753K (72%)
----------------- Invoking toplevel() on ptolemy.moml.MoMLSimpleApplication@7625bdba
----------------- Done invoking toplevel() on ptolemy.moml.MoMLSimpleApplication@7625bdba
reloadAllAccessors: .ModifyDate2

===========================================================================================
----------------- testing Mon Sep 16 05:48:13 UTC 2019 /home/travis/build/icyphy/ptII/ptolemy/actor/lib/test/auto/MovingAverage.xml
----------------- Instantiating /home/travis/build/icyphy/ptII/ptolemy/actor/lib/test/auto/MovingAverage.xml
2 ms. Memory: 474112K Free: 335633K (71%)
----------------- Invoking toplevel() on ptolemy.moml.MoMLSimpleApplication@3dfdf3d3
----------------- Done invoking toplevel() on ptolemy.moml.MoMLSimpleApplication@3dfdf3d3
reloadAllAccessors: .MovingAverage

===========================================================================================
----------------- testing Mon Sep 16 05:48:13 UTC 2019 /home/travis/build/icyphy/ptII/ptolemy/actor/lib/test/auto/MovingMaximum.xml
----------------- Instantiating /home/travis/build/icyphy/ptII/ptolemy/actor/lib/test/auto/MovingMaximum.xml
2 ms. Memory: 474112K Free: 331027K (70%)
----------------- Invoking toplevel() on ptolemy.moml.MoMLSimpleApplication@18e751a7
----------------- Done invoking toplevel() on ptolemy.moml.MoMLSimpleApplication@18e751a7
reloadAllAccessors: .MovingMaximum

===========================================================================================
----------------- testing Mon Sep 16 05:48:14 UTC 2019 /home/travis/build/icyphy/ptII/ptolemy/actor/lib/test/auto/MultipleLinksToSameRelation.xml
----------------- Instantiating /home/travis/build/icyphy/ptII/ptolemy/actor/lib/test/auto/MultipleLinksToSameRelation.xml
2 ms. Memory: 474112K Free: 327441K (69%)
----------------- Invoking toplevel() on ptolemy.moml.MoMLSimpleApplication@4a55eb71
----------------- Done invoking toplevel() on ptolemy.moml.MoMLSimpleApplication@4a55eb71
reloadAllAccessors: .MultipleLinksToSameRelation

===========================================================================================
----------------- testing Mon Sep 16 05:48:14 UTC 2019 /home/travis/build/icyphy/ptII/ptolemy/actor/lib/test/auto/MultipleLinksToSameRelationDE.xml
----------------- Instantiating /home/travis/build/icyphy/ptII/ptolemy/actor/lib/test/auto/MultipleLinksToSameRelationDE.xml
8 ms. Memory: 474112K Free: 322835K (68%)
----------------- Invoking toplevel() on ptolemy.moml.MoMLSimpleApplication@16cb0d8b
----------------- Done invoking toplevel() on ptolemy.moml.MoMLSimpleApplication@16cb0d8b
reloadAllAccessors: .MultipleLinksToSameRelationDE

===========================================================================================
----------------- testing Mon Sep 16 05:48:14 UTC 2019 /home/travis/build/icyphy/ptII/ptolemy/actor/lib/test/auto/Multiplexor.xml
----------------- Instantiating /home/travis/build/icyphy/ptII/ptolemy/actor/lib/test/auto/Multiplexor.xml
2 ms. Memory: 474112K Free: 317201K (67%)
----------------- Invoking toplevel() on ptolemy.moml.MoMLSimpleApplication@421b432
----------------- Done invoking toplevel() on ptolemy.moml.MoMLSimpleApplication@421b432
reloadAllAccessors: .Multiplexor

===========================================================================================
----------------- testing Mon Sep 16 05:48:14 UTC 2019 /home/travis/build/icyphy/ptII/ptolemy/actor/lib/test/auto/Multiplexor1.xml
----------------- Instantiating /home/travis/build/icyphy/ptII/ptolemy/actor/lib/test/auto/Multiplexor1.xml
3 ms. Memory: 474112K Free: 311571K (66%)
----------------- Invoking toplevel() on ptolemy.moml.MoMLSimpleApplication@672abff0
----------------- Done invoking toplevel() on ptolemy.moml.MoMLSimpleApplication@672abff0
reloadAllAccessors: .Multiplexor1

===========================================================================================
----------------- testing Mon Sep 16 05:48:14 UTC 2019 /home/travis/build/icyphy/ptII/ptolemy/actor/lib/test/auto/Multiplexor2.xml
----------------- Instantiating /home/travis/build/icyphy/ptII/ptolemy/actor/lib/test/auto/Multiplexor2.xml
7 ms. Memory: 474112K Free: 304913K (64%)
----------------- Invoking toplevel() on ptolemy.moml.MoMLSimpleApplication@23995c9c
----------------- Done invoking toplevel() on ptolemy.moml.MoMLSimpleApplication@23995c9c
reloadAllAccessors: .Multiplexor2

===========================================================================================
----------------- testing Mon Sep 16 05:48:14 UTC 2019 /home/travis/build/icyphy/ptII/ptolemy/actor/lib/test/auto/Multiplexor3.xml
----------------- Instantiating /home/travis/build/icyphy/ptII/ptolemy/actor/lib/test/auto/Multiplexor3.xml
2 ms. Memory: 474112K Free: 300817K (63%)
----------------- Invoking toplevel() on ptolemy.moml.MoMLSimpleApplication@ccdb902
----------------- Done invoking toplevel() on ptolemy.moml.MoMLSimpleApplication@ccdb902
reloadAllAccessors: .Multiplexor3

===========================================================================================
----------------- testing Mon Sep 16 05:48:14 UTC 2019 /home/travis/build/icyphy/ptII/ptolemy/actor/lib/test/auto/MultiplexorDE.xml
----------------- Instantiating /home/travis/build/icyphy/ptII/ptolemy/actor/lib/test/auto/MultiplexorDE.xml
2 ms. Memory: 474112K Free: 293139K (62%)
----------------- Invoking toplevel() on ptolemy.moml.MoMLSimpleApplication@48f90f54
----------------- Done invoking toplevel() on ptolemy.moml.MoMLSimpleApplication@48f90f54
reloadAllAccessors: .MultiplexorDE

===========================================================================================
----------------- testing Mon Sep 16 05:48:14 UTC 2019 /home/travis/build/icyphy/ptII/ptolemy/actor/lib/test/auto/MultiportBroadcastTest.xml
----------------- Instantiating /home/travis/build/icyphy/ptII/ptolemy/actor/lib/test/auto/MultiportBroadcastTest.xml
99 ms. Memory: 474112K Free: 286995K (61%)
----------------- Invoking toplevel() on ptolemy.moml.MoMLSimpleApplication@3a84942c
----------------- Done invoking toplevel() on ptolemy.moml.MoMLSimpleApplication@3a84942c
reloadAllAccessors: .MultiportBroadcastTest

===========================================================================================
----------------- testing Mon Sep 16 05:48:14 UTC 2019 /home/travis/build/icyphy/ptII/ptolemy/actor/lib/test/auto/MultiportOutHangDuringGetWidth.xml
----------------- Instantiating /home/travis/build/icyphy/ptII/ptolemy/actor/lib/test/auto/MultiportOutHangDuringGetWidth.xml
6 ms. Memory: 474112K Free: 275202K (58%)
----------------- Invoking toplevel() on ptolemy.moml.MoMLSimpleApplication@1fc34e12
----------------- Done invoking toplevel() on ptolemy.moml.MoMLSimpleApplication@1fc34e12
reloadAllAccessors: .MultiportOutHangDuringGetWidth

===========================================================================================
----------------- testing Mon Sep 16 05:48:14 UTC 2019 /home/travis/build/icyphy/ptII/ptolemy/actor/lib/test/auto/NilToken.xml
----------------- Instantiating /home/travis/build/icyphy/ptII/ptolemy/actor/lib/test/auto/NilToken.xml
1 ms. Memory: 474112K Free: 271121K (57%)
----------------- Invoking toplevel() on ptolemy.moml.MoMLSimpleApplication@11bef79d
----------------- Done invoking toplevel() on ptolemy.moml.MoMLSimpleApplication@11bef79d
reloadAllAccessors: .NilToken

===========================================================================================
----------------- testing Mon Sep 16 05:48:14 UTC 2019 /home/travis/build/icyphy/ptII/ptolemy/actor/lib/test/auto/NilTokenNonStrictTest.xml
----------------- Instantiating /home/travis/build/icyphy/ptII/ptolemy/actor/lib/test/auto/NilTokenNonStrictTest.xml
1 ms. Memory: 474112K Free: 266001K (56%)
----------------- Invoking toplevel() on ptolemy.moml.MoMLSimpleApplication@7812d75b
----------------- Done invoking toplevel() on ptolemy.moml.MoMLSimpleApplication@7812d75b
reloadAllAccessors: .NilTokenNonStrictTest

===========================================================================================
----------------- testing Mon Sep 16 05:48:14 UTC 2019 /home/travis/build/icyphy/ptII/ptolemy/actor/lib/test/auto/NilTokenRecord.xml
----------------- Instantiating /home/travis/build/icyphy/ptII/ptolemy/actor/lib/test/auto/NilTokenRecord.xml
14 ms. Memory: 474112K Free: 259347K (55%)
----------------- Invoking toplevel() on ptolemy.moml.MoMLSimpleApplication@43e924d8
----------------- Done invoking toplevel() on ptolemy.moml.MoMLSimpleApplication@43e924d8
reloadAllAccessors: .NilTokenRecord

===========================================================================================
----------------- testing Mon Sep 16 05:48:14 UTC 2019 /home/travis/build/icyphy/ptII/ptolemy/actor/lib/test/auto/NilTokenTypeTest.xml
----------------- Instantiating /home/travis/build/icyphy/ptII/ptolemy/actor/lib/test/auto/NilTokenTypeTest.xml
7 ms. Memory: 474112K Free: 249617K (53%)
----------------- Invoking toplevel() on ptolemy.moml.MoMLSimpleApplication@6257fa23
----------------- Done invoking toplevel() on ptolemy.moml.MoMLSimpleApplication@6257fa23
reloadAllAccessors: .NilTokenTypeTest

===========================================================================================
----------------- testing Mon Sep 16 05:48:14 UTC 2019 /home/travis/build/icyphy/ptII/ptolemy/actor/lib/test/auto/ObjectToken1.xml
----------------- Instantiating /home/travis/build/icyphy/ptII/ptolemy/actor/lib/test/auto/ObjectToken1.xml
3 ms. Memory: 474112K Free: 245521K (52%)
----------------- Invoking toplevel() on ptolemy.moml.MoMLSimpleApplication@452fb224
----------------- Done invoking toplevel() on ptolemy.moml.MoMLSimpleApplication@452fb224
reloadAllAccessors: .ObjectToken1

===========================================================================================
----------------- testing Mon Sep 16 05:48:14 UTC 2019 /home/travis/build/icyphy/ptII/ptolemy/actor/lib/test/auto/OrderedMerge.xml
----------------- Instantiating /home/travis/build/icyphy/ptII/ptolemy/actor/lib/test/auto/OrderedMerge.xml
7 ms. Memory: 474112K Free: 239891K (51%)
----------------- Invoking toplevel() on ptolemy.moml.MoMLSimpleApplication@40270357
----------------- Done invoking toplevel() on ptolemy.moml.MoMLSimpleApplication@40270357
reloadAllAccessors: .OrderedMerge

===========================================================================================
----------------- testing Mon Sep 16 05:48:14 UTC 2019 /home/travis/build/icyphy/ptII/ptolemy/actor/lib/test/auto/OrderedRecordDisassembler.xml
----------------- Instantiating /home/travis/build/icyphy/ptII/ptolemy/actor/lib/test/auto/OrderedRecordDisassembler.xml
4 ms. Memory: 474112K Free: 234771K (50%)
----------------- Invoking toplevel() on ptolemy.moml.MoMLSimpleApplication@42a16152
----------------- Done invoking toplevel() on ptolemy.moml.MoMLSimpleApplication@42a16152
reloadAllAccessors: .OrderedRecordDisassembler

===========================================================================================
----------------- testing Mon Sep 16 05:48:14 UTC 2019 /home/travis/build/icyphy/ptII/ptolemy/actor/lib/test/auto/OrderedRecordDisassembler2.xml
----------------- Instantiating /home/travis/build/icyphy/ptII/ptolemy/actor/lib/test/auto/OrderedRecordDisassembler2.xml
6 ms. Memory: 474112K Free: 227082K (48%)
----------------- Invoking toplevel() on ptolemy.moml.MoMLSimpleApplication@5b9882d8
----------------- Done invoking toplevel() on ptolemy.moml.MoMLSimpleApplication@5b9882d8
reloadAllAccessors: .OrderedRecordDisassembler2

===========================================================================================
----------------- testing Mon Sep 16 05:48:14 UTC 2019 /home/travis/build/icyphy/ptII/ptolemy/actor/lib/test/auto/OrderedRecordUpdater.xml
----------------- Instantiating /home/travis/build/icyphy/ptII/ptolemy/actor/lib/test/auto/OrderedRecordUpdater.xml
2 ms. Memory: 474112K Free: 221969K (47%)
----------------- Invoking toplevel() on ptolemy.moml.MoMLSimpleApplication@6a2fb158
----------------- Done invoking toplevel() on ptolemy.moml.MoMLSimpleApplication@6a2fb158
reloadAllAccessors: .RecordUpdater

===========================================================================================
----------------- testing Mon Sep 16 05:48:14 UTC 2019 /home/travis/build/icyphy/ptII/ptolemy/actor/lib/test/auto/OrderedRecordUpdater2.xml
----------------- Instantiating /home/travis/build/icyphy/ptII/ptolemy/actor/lib/test/auto/OrderedRecordUpdater2.xml
3 ms. Memory: 474112K Free: 217873K (46%)
----------------- Invoking toplevel() on ptolemy.moml.MoMLSimpleApplication@75e67d4
----------------- Done invoking toplevel() on ptolemy.moml.MoMLSimpleApplication@75e67d4
reloadAllAccessors: .RecordUpdater2

===========================================================================================
----------------- testing Mon Sep 16 05:48:14 UTC 2019 /home/travis/build/icyphy/ptII/ptolemy/actor/lib/test/auto/PhaseUnwrap.xml
----------------- Instantiating /home/travis/build/icyphy/ptII/ptolemy/actor/lib/test/auto/PhaseUnwrap.xml
2 ms. Memory: 474112K Free: 213267K (45%)
----------------- Invoking toplevel() on ptolemy.moml.MoMLSimpleApplication@21268f18
----------------- Done invoking toplevel() on ptolemy.moml.MoMLSimpleApplication@21268f18
reloadAllAccessors: .PhaseUnwrap

===========================================================================================
----------------- testing Mon Sep 16 05:48:14 UTC 2019 /home/travis/build/icyphy/ptII/ptolemy/actor/lib/test/auto/PoissonClock.xml
----------------- Instantiating /home/travis/build/icyphy/ptII/ptolemy/actor/lib/test/auto/PoissonClock.xml
1 ms. Memory: 474112K Free: 209171K (44%)
----------------- Invoking toplevel() on ptolemy.moml.MoMLSimpleApplication@1830e91e
----------------- Done invoking toplevel() on ptolemy.moml.MoMLSimpleApplication@1830e91e
reloadAllAccessors: .PoissonClock

===========================================================================================
----------------- testing Mon Sep 16 05:48:14 UTC 2019 /home/travis/build/icyphy/ptII/ptolemy/actor/lib/test/auto/PoissonClock2.xml
----------------- Instantiating /home/travis/build/icyphy/ptII/ptolemy/actor/lib/test/auto/PoissonClock2.xml
1 ms. Memory: 474112K Free: 205075K (43%)
----------------- Invoking toplevel() on ptolemy.moml.MoMLSimpleApplication@3f5db405
----------------- Done invoking toplevel() on ptolemy.moml.MoMLSimpleApplication@3f5db405
reloadAllAccessors: .PoissonClock2

===========================================================================================
----------------- testing Mon Sep 16 05:48:14 UTC 2019 /home/travis/build/icyphy/ptII/ptolemy/actor/lib/test/auto/PoissonClock3.xml
----------------- Instantiating /home/travis/build/icyphy/ptII/ptolemy/actor/lib/test/auto/PoissonClock3.xml
2 ms. Memory: 474112K Free: 200465K (42%)
----------------- Invoking toplevel() on ptolemy.moml.MoMLSimpleApplication@2eb75009
----------------- Done invoking toplevel() on ptolemy.moml.MoMLSimpleApplication@2eb75009
reloadAllAccessors: .PoissonClock3

===========================================================================================
----------------- testing Mon Sep 16 05:48:14 UTC 2019 /home/travis/build/icyphy/ptII/ptolemy/actor/lib/test/auto/PubSubWithInitialTokens.xml
----------------- Instantiating /home/travis/build/icyphy/ptII/ptolemy/actor/lib/test/auto/PubSubWithInitialTokens.xml
3 ms. Memory: 474112K Free: 194835K (41%)
----------------- Invoking toplevel() on ptolemy.moml.MoMLSimpleApplication@5bf68432
----------------- Done invoking toplevel() on ptolemy.moml.MoMLSimpleApplication@5bf68432
reloadAllAccessors: .PubSubWithInitialTokens

===========================================================================================
----------------- testing Mon Sep 16 05:48:14 UTC 2019 /home/travis/build/icyphy/ptII/ptolemy/actor/lib/test/auto/PubSubWithInitialTokens2.xml
----------------- Instantiating /home/travis/build/icyphy/ptII/ptolemy/actor/lib/test/auto/PubSubWithInitialTokens2.xml
3 ms. Memory: 474112K Free: 188691K (40%)
----------------- Invoking toplevel() on ptolemy.moml.MoMLSimpleApplication@73f9f7d
----------------- Done invoking toplevel() on ptolemy.moml.MoMLSimpleApplication@73f9f7d
reloadAllAccessors: .PubSubWithInitialTokens2

===========================================================================================
----------------- testing Mon Sep 16 05:48:14 UTC 2019 /home/travis/build/icyphy/ptII/ptolemy/actor/lib/test/auto/PublisherClassNoParameter.xml
----------------- Instantiating /home/travis/build/icyphy/ptII/ptolemy/actor/lib/test/auto/PublisherClassNoParameter.xml
3 ms. Memory: 474112K Free: 178961K (38%)
----------------- Invoking toplevel() on ptolemy.moml.MoMLSimpleApplication@293b1e5
----------------- Done invoking toplevel() on ptolemy.moml.MoMLSimpleApplication@293b1e5
reloadAllAccessors: .PublisherClassNoParameter

===========================================================================================
----------------- testing Mon Sep 16 05:48:14 UTC 2019 /home/travis/build/icyphy/ptII/ptolemy/actor/lib/test/auto/PublisherClassParameter.xml
----------------- Instantiating /home/travis/build/icyphy/ptII/ptolemy/actor/lib/test/auto/PublisherClassParameter.xml
4 ms. Memory: 474112K Free: 168706K (36%)
----------------- Invoking toplevel() on ptolemy.moml.MoMLSimpleApplication@46d115a1
----------------- Done invoking toplevel() on ptolemy.moml.MoMLSimpleApplication@46d115a1
reloadAllAccessors: .PublisherClassParameter

===========================================================================================
----------------- testing Mon Sep 16 05:48:14 UTC 2019 /home/travis/build/icyphy/ptII/ptolemy/actor/lib/test/auto/PublisherNonStrictTest.xml
----------------- Instantiating /home/travis/build/icyphy/ptII/ptolemy/actor/lib/test/auto/PublisherNonStrictTest.xml
5 ms. Memory: 474112K Free: 161043K (34%)
----------------- Invoking toplevel() on ptolemy.moml.MoMLSimpleApplication@25c79eb
----------------- Done invoking toplevel() on ptolemy.moml.MoMLSimpleApplication@25c79eb
reloadAllAccessors: .PublisherNonStrictTest

===========================================================================================
----------------- testing Mon Sep 16 05:48:14 UTC 2019 /home/travis/build/icyphy/ptII/ptolemy/actor/lib/test/auto/PublisherPort1.xml
----------------- Instantiating /home/travis/build/icyphy/ptII/ptolemy/actor/lib/test/auto/PublisherPort1.xml
4 ms. Memory: 474112K Free: 155402K (33%)
----------------- Invoking toplevel() on ptolemy.moml.MoMLSimpleApplication@4da8d9dc
----------------- Done invoking toplevel() on ptolemy.moml.MoMLSimpleApplication@4da8d9dc
reloadAllAccessors: .PublisherPort1

===========================================================================================
----------------- testing Mon Sep 16 05:48:14 UTC 2019 /home/travis/build/icyphy/ptII/ptolemy/actor/lib/test/auto/PublisherPort2.xml
----------------- Instantiating /home/travis/build/icyphy/ptII/ptolemy/actor/lib/test/auto/PublisherPort2.xml
1 ms. Memory: 474112K Free: 424211K (89%)
----------------- Invoking toplevel() on ptolemy.moml.MoMLSimpleApplication@64f6dd4
----------------- Done invoking toplevel() on ptolemy.moml.MoMLSimpleApplication@64f6dd4
reloadAllAccessors: .PublisherPort2

===========================================================================================
----------------- testing Mon Sep 16 05:48:14 UTC 2019 /home/travis/build/icyphy/ptII/ptolemy/actor/lib/test/auto/PublisherPort3.xml
----------------- Instantiating /home/travis/build/icyphy/ptII/ptolemy/actor/lib/test/auto/PublisherPort3.xml
17 ms. Memory: 474112K Free: 417522K (88%)
----------------- Invoking toplevel() on ptolemy.moml.MoMLSimpleApplication@3340fa4a
----------------- Done invoking toplevel() on ptolemy.moml.MoMLSimpleApplication@3340fa4a
reloadAllAccessors: .PublisherPort3

===========================================================================================
----------------- testing Mon Sep 16 05:48:14 UTC 2019 /home/travis/build/icyphy/ptII/ptolemy/actor/lib/test/auto/PublisherPort4.xml
----------------- Instantiating /home/travis/build/icyphy/ptII/ptolemy/actor/lib/test/auto/PublisherPort4.xml
5 ms. Memory: 474112K Free: 411923K (87%)
----------------- Invoking toplevel() on ptolemy.moml.MoMLSimpleApplication@a65db2
----------------- Done invoking toplevel() on ptolemy.moml.MoMLSimpleApplication@a65db2
reloadAllAccessors: .PublisherPort4

===========================================================================================
----------------- testing Mon Sep 16 05:48:14 UTC 2019 /home/travis/build/icyphy/ptII/ptolemy/actor/lib/test/auto/PublisherPort5.xml
----------------- Instantiating /home/travis/build/icyphy/ptII/ptolemy/actor/lib/test/auto/PublisherPort5.xml
7 ms. Memory: 474112K Free: 404241K (85%)
----------------- Invoking toplevel() on ptolemy.moml.MoMLSimpleApplication@13973048
----------------- Done invoking toplevel() on ptolemy.moml.MoMLSimpleApplication@13973048
reloadAllAccessors: .PublisherPort5

===========================================================================================
----------------- testing Mon Sep 16 05:48:14 UTC 2019 /home/travis/build/icyphy/ptII/ptolemy/actor/lib/test/auto/PublisherPort5LookAlike.xml
----------------- Instantiating /home/travis/build/icyphy/ptII/ptolemy/actor/lib/test/auto/PublisherPort5LookAlike.xml
10 ms. Memory: 474112K Free: 396563K (84%)
----------------- Invoking toplevel() on ptolemy.moml.MoMLSimpleApplication@7a8415a7
----------------- Done invoking toplevel() on ptolemy.moml.MoMLSimpleApplication@7a8415a7
reloadAllAccessors: .PublisherPort5LookAlike

===========================================================================================
----------------- testing Mon Sep 16 05:48:15 UTC 2019 /home/travis/build/icyphy/ptII/ptolemy/actor/lib/test/auto/PublisherPort6.xml
----------------- Instantiating /home/travis/build/icyphy/ptII/ptolemy/actor/lib/test/auto/PublisherPort6.xml
3 ms. Memory: 474112K Free: 389905K (82%)
----------------- Invoking toplevel() on ptolemy.moml.MoMLSimpleApplication@3047ee0e
----------------- Done invoking toplevel() on ptolemy.moml.MoMLSimpleApplication@3047ee0e
reloadAllAccessors: .PublisherPort6

===========================================================================================
----------------- testing Mon Sep 16 05:48:15 UTC 2019 /home/travis/build/icyphy/ptII/ptolemy/actor/lib/test/auto/PublisherPort7.xml
----------------- Instantiating /home/travis/build/icyphy/ptII/ptolemy/actor/lib/test/auto/PublisherPort7.xml
5 ms. Memory: 474112K Free: 382227K (81%)
----------------- Invoking toplevel() on ptolemy.moml.MoMLSimpleApplication@5b85f446
----------------- Done invoking toplevel() on ptolemy.moml.MoMLSimpleApplication@5b85f446
reloadAllAccessors: .PublisherPort7

===========================================================================================
----------------- testing Mon Sep 16 05:48:15 UTC 2019 /home/travis/build/icyphy/ptII/ptolemy/actor/lib/test/auto/PublisherPort8.xml
----------------- Instantiating /home/travis/build/icyphy/ptII/ptolemy/actor/lib/test/auto/PublisherPort8.xml
6 ms. Memory: 474112K Free: 373521K (79%)
----------------- Invoking toplevel() on ptolemy.moml.MoMLSimpleApplication@f08259b
----------------- Done invoking toplevel() on ptolemy.moml.MoMLSimpleApplication@f08259b
reloadAllAccessors: .PublisherPort8

===========================================================================================
----------------- testing Mon Sep 16 05:48:15 UTC 2019 /home/travis/build/icyphy/ptII/ptolemy/actor/lib/test/auto/PublisherPortSubscriberChannelVariablesAOC2.xml
----------------- Instantiating /home/travis/build/icyphy/ptII/ptolemy/actor/lib/test/auto/PublisherPortSubscriberChannelVariablesAOC2.xml
4 ms. Memory: 474112K Free: 356627K (75%)
----------------- Invoking toplevel() on ptolemy.moml.MoMLSimpleApplication@75a1a42c
----------------- Done invoking toplevel() on ptolemy.moml.MoMLSimpleApplication@75a1a42c
reloadAllAccessors: .PublisherPortSubscriberChannelVariablesAOC2

===========================================================================================
----------------- testing Mon Sep 16 05:48:15 UTC 2019 /home/travis/build/icyphy/ptII/ptolemy/actor/lib/test/auto/PublisherPortSubscriberOpaqueWidthInference.xml
----------------- Instantiating /home/travis/build/icyphy/ptII/ptolemy/actor/lib/test/auto/PublisherPortSubscriberOpaqueWidthInference.xml
4 ms. Memory: 474112K Free: 348930K (74%)
----------------- Invoking toplevel() on ptolemy.moml.MoMLSimpleApplication@665ac54e
----------------- Done invoking toplevel() on ptolemy.moml.MoMLSimpleApplication@665ac54e
reloadAllAccessors: .PublisherPortSubscriberOpaqueWidthInference

===========================================================================================
----------------- testing Mon Sep 16 05:48:15 UTC 2019 /home/travis/build/icyphy/ptII/ptolemy/actor/lib/test/auto/PublisherPortSubscriberPortAdjacent.xml
----------------- Instantiating /home/travis/build/icyphy/ptII/ptolemy/actor/lib/test/auto/PublisherPortSubscriberPortAdjacent.xml
2 ms. Memory: 474112K Free: 340753K (72%)
----------------- Invoking toplevel() on ptolemy.moml.MoMLSimpleApplication@41b1d72d
----------------- Done invoking toplevel() on ptolemy.moml.MoMLSimpleApplication@41b1d72d
reloadAllAccessors: .PublisherPortSubscriberPortAdjacent

===========================================================================================
----------------- testing Mon Sep 16 05:48:15 UTC 2019 /home/travis/build/icyphy/ptII/ptolemy/actor/lib/test/auto/PublisherPortSubscriberPortExpression.xml
----------------- Instantiating /home/travis/build/icyphy/ptII/ptolemy/actor/lib/test/auto/PublisherPortSubscriberPortExpression.xml
4 ms. Memory: 474112K Free: 333075K (70%)
----------------- Invoking toplevel() on ptolemy.moml.MoMLSimpleApplication@698e2f61
----------------- Done invoking toplevel() on ptolemy.moml.MoMLSimpleApplication@698e2f61
reloadAllAccessors: .PublisherPortSubscriberPortExpression

===========================================================================================
----------------- testing Mon Sep 16 05:48:15 UTC 2019 /home/travis/build/icyphy/ptII/ptolemy/actor/lib/test/auto/PublisherPortSubscriberPortOpaqueD3Reverse.xml
----------------- Instantiating /home/travis/build/icyphy/ptII/ptolemy/actor/lib/test/auto/PublisherPortSubscriberPortOpaqueD3Reverse.xml
14 ms. Memory: 474112K Free: 322835K (68%)
----------------- Invoking toplevel() on ptolemy.moml.MoMLSimpleApplication@e872fe2
----------------- Done invoking toplevel() on ptolemy.moml.MoMLSimpleApplication@e872fe2
reloadAllAccessors: .PublisherPortSubscriberPortOpaqueD3Reverse

===========================================================================================
----------------- testing Mon Sep 16 05:48:15 UTC 2019 /home/travis/build/icyphy/ptII/ptolemy/actor/lib/test/auto/PublisherPortSubscriberPortOpaqueWidthInference.xml
----------------- Instantiating /home/travis/build/icyphy/ptII/ptolemy/actor/lib/test/auto/PublisherPortSubscriberPortOpaqueWidthInference.xml
5 ms. Memory: 474112K Free: 315138K (66%)
----------------- Invoking toplevel() on ptolemy.moml.MoMLSimpleApplication@79eff6b5
----------------- Done invoking toplevel() on ptolemy.moml.MoMLSimpleApplication@79eff6b5
reloadAllAccessors: .PublisherPortSubscriberPortOpaqueWidthInference

===========================================================================================
----------------- testing Mon Sep 16 05:48:15 UTC 2019 /home/travis/build/icyphy/ptII/ptolemy/actor/lib/test/auto/PublisherPortToplevelSubscriberPortAOC.xml
----------------- Instantiating /home/travis/build/icyphy/ptII/ptolemy/actor/lib/test/auto/PublisherPortToplevelSubscriberPortAOC.xml
.PublisherPortToplevelSubscriberPortAOC.TestExceptionAttribute: initialize() was not invoked, but wrapup() was.  This is unusual, but not always a problem.  For example, exporting JNLP will do this.
1 ms. Memory: 474112K Free: 309523K (65%)
----------------- Invoking toplevel() on ptolemy.moml.MoMLSimpleApplication@21e42ceb
----------------- Done invoking toplevel() on ptolemy.moml.MoMLSimpleApplication@21e42ceb
reloadAllAccessors: .PublisherPortToplevelSubscriberPortAOC

===========================================================================================
----------------- testing Mon Sep 16 05:48:15 UTC 2019 /home/travis/build/icyphy/ptII/ptolemy/actor/lib/test/auto/PublisherSubscriber.xml
----------------- Instantiating /home/travis/build/icyphy/ptII/ptolemy/actor/lib/test/auto/PublisherSubscriber.xml
3 ms. Memory: 474112K Free: 301826K (64%)
----------------- Invoking toplevel() on ptolemy.moml.MoMLSimpleApplication@61f098df
----------------- Done invoking toplevel() on ptolemy.moml.MoMLSimpleApplication@61f098df
reloadAllAccessors: .PublisherSubscriber

===========================================================================================
----------------- testing Mon Sep 16 05:48:15 UTC 2019 /home/travis/build/icyphy/ptII/ptolemy/actor/lib/test/auto/PublisherSubscriber10.xml
----------------- Instantiating /home/travis/build/icyphy/ptII/ptolemy/actor/lib/test/auto/PublisherSubscriber10.xml
7 ms. Memory: 474112K Free: 292625K (62%)
----------------- Invoking toplevel() on ptolemy.moml.MoMLSimpleApplication@7e8d36c
----------------- Done invoking toplevel() on ptolemy.moml.MoMLSimpleApplication@7e8d36c
reloadAllAccessors: .PublisherSubscriber10

===========================================================================================
----------------- testing Mon Sep 16 05:48:15 UTC 2019 /home/travis/build/icyphy/ptII/ptolemy/actor/lib/test/auto/PublisherSubscriber10InitialOutputs.xml
----------------- Instantiating /home/travis/build/icyphy/ptII/ptolemy/actor/lib/test/auto/PublisherSubscriber10InitialOutputs.xml
18 ms. Memory: 474112K Free: 283409K (60%)
----------------- Invoking toplevel() on ptolemy.moml.MoMLSimpleApplication@b8fcc6a
----------------- Done invoking toplevel() on ptolemy.moml.MoMLSimpleApplication@b8fcc6a
reloadAllAccessors: .PublisherSubscriber10InitialOutputs

===========================================================================================
----------------- testing Mon Sep 16 05:48:15 UTC 2019 /home/travis/build/icyphy/ptII/ptolemy/actor/lib/test/auto/PublisherSubscriber11.xml
----------------- Instantiating /home/travis/build/icyphy/ptII/ptolemy/actor/lib/test/auto/PublisherSubscriber11.xml
4 ms. Memory: 474112K Free: 277234K (58%)
----------------- Invoking toplevel() on ptolemy.moml.MoMLSimpleApplication@72c74d3c
----------------- Done invoking toplevel() on ptolemy.moml.MoMLSimpleApplication@72c74d3c
reloadAllAccessors: .PublisherSubscriber11

===========================================================================================
----------------- testing Mon Sep 16 05:48:15 UTC 2019 /home/travis/build/icyphy/ptII/ptolemy/actor/lib/test/auto/PublisherSubscriber12.xml
----------------- Instantiating /home/travis/build/icyphy/ptII/ptolemy/actor/lib/test/auto/PublisherSubscriber12.xml
7 ms. Memory: 474112K Free: 270611K (57%)
----------------- Invoking toplevel() on ptolemy.moml.MoMLSimpleApplication@6439e74d
----------------- Done invoking toplevel() on ptolemy.moml.MoMLSimpleApplication@6439e74d
reloadAllAccessors: .PublisherSubscriber12

===========================================================================================
----------------- testing Mon Sep 16 05:48:15 UTC 2019 /home/travis/build/icyphy/ptII/ptolemy/actor/lib/test/auto/PublisherSubscriber13.xml
----------------- Instantiating /home/travis/build/icyphy/ptII/ptolemy/actor/lib/test/auto/PublisherSubscriber13.xml
3 ms. Memory: 474112K Free: 264946K (56%)
----------------- Invoking toplevel() on ptolemy.moml.MoMLSimpleApplication@375e0e1e
----------------- Done invoking toplevel() on ptolemy.moml.MoMLSimpleApplication@375e0e1e
reloadAllAccessors: .PublisherSubscriber13

===========================================================================================
----------------- testing Mon Sep 16 05:48:15 UTC 2019 /home/travis/build/icyphy/ptII/ptolemy/actor/lib/test/auto/PublisherSubscriber14.xml
----------------- Instantiating /home/travis/build/icyphy/ptII/ptolemy/actor/lib/test/auto/PublisherSubscriber14.xml
2 ms. Memory: 474112K Free: 256275K (54%)
----------------- Invoking toplevel() on ptolemy.moml.MoMLSimpleApplication@58ce487b
----------------- Done invoking toplevel() on ptolemy.moml.MoMLSimpleApplication@58ce487b
reloadAllAccessors: .PublisherSubscriber14

===========================================================================================
----------------- testing Mon Sep 16 05:48:15 UTC 2019 /home/travis/build/icyphy/ptII/ptolemy/actor/lib/test/auto/PublisherSubscriber2.xml
----------------- Instantiating /home/travis/build/icyphy/ptII/ptolemy/actor/lib/test/auto/PublisherSubscriber2.xml
4 ms. Memory: 474112K Free: 250626K (53%)
----------------- Invoking toplevel() on ptolemy.moml.MoMLSimpleApplication@61d05f31
----------------- Done invoking toplevel() on ptolemy.moml.MoMLSimpleApplication@61d05f31
reloadAllAccessors: .PublisherSubscriber2

===========================================================================================
----------------- testing Mon Sep 16 05:48:15 UTC 2019 /home/travis/build/icyphy/ptII/ptolemy/actor/lib/test/auto/PublisherSubscriber3.xml
----------------- Instantiating /home/travis/build/icyphy/ptII/ptolemy/actor/lib/test/auto/PublisherSubscriber3.xml
2 ms. Memory: 474112K Free: 245011K (52%)
----------------- Invoking toplevel() on ptolemy.moml.MoMLSimpleApplication@3bab8abc
----------------- Done invoking toplevel() on ptolemy.moml.MoMLSimpleApplication@3bab8abc
reloadAllAccessors: .PublisherSubscriber3

===========================================================================================
----------------- testing Mon Sep 16 05:48:15 UTC 2019 /home/travis/build/icyphy/ptII/ptolemy/actor/lib/test/auto/PublisherSubscriber4.xml
----------------- Instantiating /home/travis/build/icyphy/ptII/ptolemy/actor/lib/test/auto/PublisherSubscriber4.xml
3 ms. Memory: 474112K Free: 239891K (51%)
----------------- Invoking toplevel() on ptolemy.moml.MoMLSimpleApplication@48e7877d
----------------- Done invoking toplevel() on ptolemy.moml.MoMLSimpleApplication@48e7877d
reloadAllAccessors: .PublisherSubscriber4

===========================================================================================
----------------- testing Mon Sep 16 05:48:15 UTC 2019 /home/travis/build/icyphy/ptII/ptolemy/actor/lib/test/auto/PublisherSubscriber5.xml
----------------- Instantiating /home/travis/build/icyphy/ptII/ptolemy/actor/lib/test/auto/PublisherSubscriber5.xml
3 ms. Memory: 474112K Free: 233226K (49%)
----------------- Invoking toplevel() on ptolemy.moml.MoMLSimpleApplication@4f5ce175
----------------- Done invoking toplevel() on ptolemy.moml.MoMLSimpleApplication@4f5ce175
reloadAllAccessors: .PublisherSubscriber5

===========================================================================================
----------------- testing Mon Sep 16 05:48:15 UTC 2019 /home/travis/build/icyphy/ptII/ptolemy/actor/lib/test/auto/PublisherSubscriber6.xml
----------------- Instantiating /home/travis/build/icyphy/ptII/ptolemy/actor/lib/test/auto/PublisherSubscriber6.xml
5 ms. Memory: 474112K Free: 226579K (48%)
----------------- Invoking toplevel() on ptolemy.moml.MoMLSimpleApplication@55530078
----------------- Done invoking toplevel() on ptolemy.moml.MoMLSimpleApplication@55530078
reloadAllAccessors: .PublisherSubscriber6

===========================================================================================
----------------- testing Mon Sep 16 05:48:15 UTC 2019 /home/travis/build/icyphy/ptII/ptolemy/actor/lib/test/auto/PublisherSubscriber7.xml
----------------- Instantiating /home/travis/build/icyphy/ptII/ptolemy/actor/lib/test/auto/PublisherSubscriber7.xml
6 ms. Memory: 474112K Free: 219914K (46%)
----------------- Invoking toplevel() on ptolemy.moml.MoMLSimpleApplication@2bb6c4bc
----------------- Done invoking toplevel() on ptolemy.moml.MoMLSimpleApplication@2bb6c4bc
reloadAllAccessors: .PublisherSubscriber7

===========================================================================================
----------------- testing Mon Sep 16 05:48:15 UTC 2019 /home/travis/build/icyphy/ptII/ptolemy/actor/lib/test/auto/PublisherSubscriber8.xml
----------------- Instantiating /home/travis/build/icyphy/ptII/ptolemy/actor/lib/test/auto/PublisherSubscriber8.xml
29 ms. Memory: 474112K Free: 208147K (44%)
----------------- Invoking toplevel() on ptolemy.moml.MoMLSimpleApplication@46f0088a
----------------- Done invoking toplevel() on ptolemy.moml.MoMLSimpleApplication@46f0088a
reloadAllAccessors: .PublisherSubscriber8

===========================================================================================
----------------- testing Mon Sep 16 05:48:15 UTC 2019 /home/travis/build/icyphy/ptII/ptolemy/actor/lib/test/auto/PublisherSubscriber9.xml
----------------- Instantiating /home/travis/build/icyphy/ptII/ptolemy/actor/lib/test/auto/PublisherSubscriber9.xml
3 ms. Memory: 474112K Free: 200979K (42%)
----------------- Invoking toplevel() on ptolemy.moml.MoMLSimpleApplication@72c38476
----------------- Done invoking toplevel() on ptolemy.moml.MoMLSimpleApplication@72c38476
reloadAllAccessors: .PublisherSubscriber9

===========================================================================================
----------------- testing Mon Sep 16 05:48:15 UTC 2019 /home/travis/build/icyphy/ptII/ptolemy/actor/lib/test/auto/PublisherSubscriberAdjacent.xml
----------------- Instantiating /home/travis/build/icyphy/ptII/ptolemy/actor/lib/test/auto/PublisherSubscriberAdjacent.xml
3 ms. Memory: 474112K Free: 192787K (41%)
----------------- Invoking toplevel() on ptolemy.moml.MoMLSimpleApplication@6e0a500b
----------------- Done invoking toplevel() on ptolemy.moml.MoMLSimpleApplication@6e0a500b
reloadAllAccessors: .PublisherSubscriberAdjacent

===========================================================================================
----------------- testing Mon Sep 16 05:48:15 UTC 2019 /home/travis/build/icyphy/ptII/ptolemy/actor/lib/test/auto/PublisherSubscriberChannelVariablesAOC2.xml
----------------- Instantiating /home/travis/build/icyphy/ptII/ptolemy/actor/lib/test/auto/PublisherSubscriberChannelVariablesAOC2.xml
4 ms. Memory: 474112K Free: 177922K (38%)
----------------- Invoking toplevel() on ptolemy.moml.MoMLSimpleApplication@3d10cfd7
----------------- Done invoking toplevel() on ptolemy.moml.MoMLSimpleApplication@3d10cfd7
reloadAllAccessors: .PublisherSubscriberChannelVariablesAOC2

===========================================================================================
----------------- testing Mon Sep 16 05:48:15 UTC 2019 /home/travis/build/icyphy/ptII/ptolemy/actor/lib/test/auto/PublisherSubscriberD3.xml
----------------- Instantiating /home/travis/build/icyphy/ptII/ptolemy/actor/lib/test/auto/PublisherSubscriberD3.xml
2 ms. Memory: 474112K Free: 170769K (36%)
----------------- Invoking toplevel() on ptolemy.moml.MoMLSimpleApplication@c5128a9
----------------- Done invoking toplevel() on ptolemy.moml.MoMLSimpleApplication@c5128a9
reloadAllAccessors: .PublisherSubscriberD3

===========================================================================================
----------------- testing Mon Sep 16 05:48:15 UTC 2019 /home/travis/build/icyphy/ptII/ptolemy/actor/lib/test/auto/PublisherSubscriberD3Reverse.xml
----------------- Instantiating /home/travis/build/icyphy/ptII/ptolemy/actor/lib/test/auto/PublisherSubscriberD3Reverse.xml
2 ms. Memory: 474112K Free: 164625K (35%)
----------------- Invoking toplevel() on ptolemy.moml.MoMLSimpleApplication@5c5ac591
----------------- Done invoking toplevel() on ptolemy.moml.MoMLSimpleApplication@5c5ac591
reloadAllAccessors: .PublisherSubscriberD3Reverse

===========================================================================================
----------------- testing Mon Sep 16 05:48:15 UTC 2019 /home/travis/build/icyphy/ptII/ptolemy/actor/lib/test/auto/PublisherSubscriberExpression.xml
----------------- Instantiating /home/travis/build/icyphy/ptII/ptolemy/actor/lib/test/auto/PublisherSubscriberExpression.xml
5 ms. Memory: 474112K Free: 156418K (33%)
----------------- Invoking toplevel() on ptolemy.moml.MoMLSimpleApplication@4b4d1991
----------------- Done invoking toplevel() on ptolemy.moml.MoMLSimpleApplication@4b4d1991
reloadAllAccessors: .PublisherSubscriberExpression

===========================================================================================
----------------- testing Mon Sep 16 05:48:15 UTC 2019 /home/travis/build/icyphy/ptII/ptolemy/actor/lib/test/auto/PublisherSubscriberOpaque.xml
----------------- Instantiating /home/travis/build/icyphy/ptII/ptolemy/actor/lib/test/auto/PublisherSubscriberOpaque.xml
4 ms. Memory: 474112K Free: 421139K (89%)
----------------- Invoking toplevel() on ptolemy.moml.MoMLSimpleApplication@364469a9
----------------- Done invoking toplevel() on ptolemy.moml.MoMLSimpleApplication@364469a9
reloadAllAccessors: .PublisherSubscriberOpaque

===========================================================================================
----------------- testing Mon Sep 16 05:48:15 UTC 2019 /home/travis/build/icyphy/ptII/ptolemy/actor/lib/test/auto/PublisherSubscriberOpaqueD3.xml
----------------- Instantiating /home/travis/build/icyphy/ptII/ptolemy/actor/lib/test/auto/PublisherSubscriberOpaqueD3.xml
6 ms. Memory: 474112K Free: 409361K (86%)
----------------- Invoking toplevel() on ptolemy.moml.MoMLSimpleApplication@241a9b37
----------------- Done invoking toplevel() on ptolemy.moml.MoMLSimpleApplication@241a9b37
reloadAllAccessors: .PublisherSubscriberOpaqueD3

===========================================================================================
----------------- testing Mon Sep 16 05:48:15 UTC 2019 /home/travis/build/icyphy/ptII/ptolemy/actor/lib/test/auto/PublisherSubscriberOpaqueD3Reverse.xml
----------------- Instantiating /home/travis/build/icyphy/ptII/ptolemy/actor/lib/test/auto/PublisherSubscriberOpaqueD3Reverse.xml
10 ms. Memory: 474112K Free: 398611K (84%)
----------------- Invoking toplevel() on ptolemy.moml.MoMLSimpleApplication@213c9392
----------------- Done invoking toplevel() on ptolemy.moml.MoMLSimpleApplication@213c9392
reloadAllAccessors: .PublisherSubscriberOpaqueD3Reverse

===========================================================================================
----------------- testing Mon Sep 16 05:48:15 UTC 2019 /home/travis/build/icyphy/ptII/ptolemy/actor/lib/test/auto/PublisherSubscriberOpaqueWidthInference.xml
----------------- Instantiating /home/travis/build/icyphy/ptII/ptolemy/actor/lib/test/auto/PublisherSubscriberOpaqueWidthInference.xml
6 ms. Memory: 474112K Free: 390419K (82%)
----------------- Invoking toplevel() on ptolemy.moml.MoMLSimpleApplication@557070ea
----------------- Done invoking toplevel() on ptolemy.moml.MoMLSimpleApplication@557070ea
reloadAllAccessors: .PublisherSubscriberOpaqueWidthInference

===========================================================================================
----------------- testing Mon Sep 16 05:48:15 UTC 2019 /home/travis/build/icyphy/ptII/ptolemy/actor/lib/test/auto/PublisherTestSubscriber.xml
----------------- Instantiating /home/travis/build/icyphy/ptII/ptolemy/actor/lib/test/auto/PublisherTestSubscriber.xml
4 ms. Memory: 474112K Free: 382737K (81%)
----------------- Invoking toplevel() on ptolemy.moml.MoMLSimpleApplication@2ad95a90
----------------- Done invoking toplevel() on ptolemy.moml.MoMLSimpleApplication@2ad95a90
reloadAllAccessors: .PublisherTestSubscriber

===========================================================================================
----------------- testing Mon Sep 16 05:48:16 UTC 2019 /home/travis/build/icyphy/ptII/ptolemy/actor/lib/test/auto/PublisherToplevelSubscriberPortAOC.xml
----------------- Instantiating /home/travis/build/icyphy/ptII/ptolemy/actor/lib/test/auto/PublisherToplevelSubscriberPortAOC.xml
2 ms. Memory: 474112K Free: 376586K (79%)
----------------- Invoking toplevel() on ptolemy.moml.MoMLSimpleApplication@663f4324
----------------- Done invoking toplevel() on ptolemy.moml.MoMLSimpleApplication@663f4324
reloadAllAccessors: .PublisherToplevelSubscriberPortAOC

===========================================================================================
----------------- testing Mon Sep 16 05:48:16 UTC 2019 /home/travis/build/icyphy/ptII/ptolemy/actor/lib/test/auto/PulseFiringLimitDE.xml
----------------- Instantiating /home/travis/build/icyphy/ptII/ptolemy/actor/lib/test/auto/PulseFiringLimitDE.xml
2 ms. Memory: 474112K Free: 370449K (78%)
----------------- Invoking toplevel() on ptolemy.moml.MoMLSimpleApplication@427e4a7b
----------------- Done invoking toplevel() on ptolemy.moml.MoMLSimpleApplication@427e4a7b
reloadAllAccessors: .PulseFiringLimitDE

===========================================================================================
----------------- testing Mon Sep 16 05:48:16 UTC 2019 /home/travis/build/icyphy/ptII/ptolemy/actor/lib/test/auto/Ramp1.xml
----------------- Instantiating /home/travis/build/icyphy/ptII/ptolemy/actor/lib/test/auto/Ramp1.xml
1 ms. Memory: 474112K Free: 366338K (77%)
----------------- Invoking toplevel() on ptolemy.moml.MoMLSimpleApplication@12d6febd
----------------- Done invoking toplevel() on ptolemy.moml.MoMLSimpleApplication@12d6febd
reloadAllAccessors: .Ramp1

===========================================================================================
----------------- testing Mon Sep 16 05:48:16 UTC 2019 /home/travis/build/icyphy/ptII/ptolemy/actor/lib/test/auto/RampFiringLimitDE.xml
----------------- Instantiating /home/travis/build/icyphy/ptII/ptolemy/actor/lib/test/auto/RampFiringLimitDE.xml
4 ms. Memory: 474112K Free: 360194K (76%)
----------------- Invoking toplevel() on ptolemy.moml.MoMLSimpleApplication@77173015
----------------- Done invoking toplevel() on ptolemy.moml.MoMLSimpleApplication@77173015
reloadAllAccessors: .RampFiringLimitDE

===========================================================================================
----------------- testing Mon Sep 16 05:48:16 UTC 2019 /home/travis/build/icyphy/ptII/ptolemy/actor/lib/test/auto/RampFiringLimitSDF.xml
----------------- Instantiating /home/travis/build/icyphy/ptII/ptolemy/actor/lib/test/auto/RampFiringLimitSDF.xml
3 ms. Memory: 474112K Free: 355082K (75%)
----------------- Invoking toplevel() on ptolemy.moml.MoMLSimpleApplication@484acc5f
----------------- Done invoking toplevel() on ptolemy.moml.MoMLSimpleApplication@484acc5f
reloadAllAccessors: .RampFiringLimitSDF

===========================================================================================
----------------- testing Mon Sep 16 05:48:16 UTC 2019 /home/travis/build/icyphy/ptII/ptolemy/actor/lib/test/auto/RandomInteger.xml
----------------- Instantiating /home/travis/build/icyphy/ptII/ptolemy/actor/lib/test/auto/RandomInteger.xml
1 ms. Memory: 474112K Free: 350993K (74%)
----------------- Invoking toplevel() on ptolemy.moml.MoMLSimpleApplication@4b79db51
----------------- Done invoking toplevel() on ptolemy.moml.MoMLSimpleApplication@4b79db51
reloadAllAccessors: .RandomInteger

===========================================================================================
----------------- testing Mon Sep 16 05:48:16 UTC 2019 /home/travis/build/icyphy/ptII/ptolemy/actor/lib/test/auto/ReadFile1.xml
----------------- Instantiating /home/travis/build/icyphy/ptII/ptolemy/actor/lib/test/auto/ReadFile1.xml
2 ms. Memory: 474112K Free: 346387K (73%)
----------------- Invoking toplevel() on ptolemy.moml.MoMLSimpleApplication@c166686
----------------- Done invoking toplevel() on ptolemy.moml.MoMLSimpleApplication@c166686
reloadAllAccessors: .ReadFile1

===========================================================================================
----------------- testing Mon Sep 16 05:48:16 UTC 2019 /home/travis/build/icyphy/ptII/ptolemy/actor/lib/test/auto/ReadFile2.xml
----------------- Instantiating /home/travis/build/icyphy/ptII/ptolemy/actor/lib/test/auto/ReadFile2.xml
1 ms. Memory: 474112K Free: 342291K (72%)
----------------- Invoking toplevel() on ptolemy.moml.MoMLSimpleApplication@2af9088b
----------------- Done invoking toplevel() on ptolemy.moml.MoMLSimpleApplication@2af9088b
reloadAllAccessors: .ReadFile2

===========================================================================================
----------------- testing Mon Sep 16 05:48:16 UTC 2019 /home/travis/build/icyphy/ptII/ptolemy/actor/lib/test/auto/Reader.xml
----------------- Instantiating /home/travis/build/icyphy/ptII/ptolemy/actor/lib/test/auto/Reader.xml
actor.lib.Reader is obsolete, use actor.lib.io.ExpressionReader instead
4 ms. Memory: 474112K Free: 338195K (71%)
----------------- Invoking toplevel() on ptolemy.moml.MoMLSimpleApplication@2966faf6
----------------- Done invoking toplevel() on ptolemy.moml.MoMLSimpleApplication@2966faf6
reloadAllAccessors: .Reader

===========================================================================================
----------------- testing Mon Sep 16 05:48:16 UTC 2019 /home/travis/build/icyphy/ptII/ptolemy/actor/lib/test/auto/RecordAssemblerDisplayNameTest.xml
----------------- Instantiating /home/travis/build/icyphy/ptII/ptolemy/actor/lib/test/auto/RecordAssemblerDisplayNameTest.xml
5342 ms. Memory: 474112K Free: 181523K (38%)
----------------- Invoking toplevel() on ptolemy.moml.MoMLSimpleApplication@c798d6f
----------------- Done invoking toplevel() on ptolemy.moml.MoMLSimpleApplication@c798d6f
reloadAllAccessors: .RecordAssemblerDisplayNameTest

===========================================================================================
----------------- testing Mon Sep 16 05:48:21 UTC 2019 /home/travis/build/icyphy/ptII/ptolemy/actor/lib/test/auto/RecordAssemblerTypeError.xml
----------------- Instantiating /home/travis/build/icyphy/ptII/ptolemy/actor/lib/test/auto/RecordAssemblerTypeError.xml
18 ms. Memory: 474112K Free: 171793K (36%)
----------------- Invoking toplevel() on ptolemy.moml.MoMLSimpleApplication@42324327
----------------- Done invoking toplevel() on ptolemy.moml.MoMLSimpleApplication@42324327
reloadAllAccessors: .RecordAssemblerTypeError

===========================================================================================
----------------- testing Mon Sep 16 05:48:21 UTC 2019 /home/travis/build/icyphy/ptII/ptolemy/actor/lib/test/auto/RecordDisassember.xml
----------------- Instantiating /home/travis/build/icyphy/ptII/ptolemy/actor/lib/test/auto/RecordDisassember.xml
10 ms. Memory: 474112K Free: 167187K (35%)
----------------- Invoking toplevel() on ptolemy.moml.MoMLSimpleApplication@72e4b32f
----------------- Done invoking toplevel() on ptolemy.moml.MoMLSimpleApplication@72e4b32f
reloadAllAccessors: .RecordDisassember

===========================================================================================
----------------- testing Mon Sep 16 05:48:21 UTC 2019 /home/travis/build/icyphy/ptII/ptolemy/actor/lib/test/auto/RecordDisassemberDisplayNameTest.xml
----------------- Instantiating /home/travis/build/icyphy/ptII/ptolemy/actor/lib/test/auto/RecordDisassemberDisplayNameTest.xml
6 ms. Memory: 474112K Free: 159505K (34%)
----------------- Invoking toplevel() on ptolemy.moml.MoMLSimpleApplication@27220637
----------------- Done invoking toplevel() on ptolemy.moml.MoMLSimpleApplication@27220637
reloadAllAccessors: .RecordDisassemberDisplayNameTest

===========================================================================================
----------------- testing Mon Sep 16 05:48:21 UTC 2019 /home/travis/build/icyphy/ptII/ptolemy/actor/lib/test/auto/RecordDisassembler.xml
----------------- Instantiating /home/travis/build/icyphy/ptII/ptolemy/actor/lib/test/auto/RecordDisassembler.xml
4 ms. Memory: 474112K Free: 154354K (33%)
----------------- Invoking toplevel() on ptolemy.moml.MoMLSimpleApplication@3050dba8
----------------- Done invoking toplevel() on ptolemy.moml.MoMLSimpleApplication@3050dba8
reloadAllAccessors: .RecordDisassembler

===========================================================================================
----------------- testing Mon Sep 16 05:48:21 UTC 2019 /home/travis/build/icyphy/ptII/ptolemy/actor/lib/test/auto/RecordDisassembler2.xml
----------------- Instantiating /home/travis/build/icyphy/ptII/ptolemy/actor/lib/test/auto/RecordDisassembler2.xml
3 ms. Memory: 474112K Free: 422163K (89%)
----------------- Invoking toplevel() on ptolemy.moml.MoMLSimpleApplication@122852ca
----------------- Done invoking toplevel() on ptolemy.moml.MoMLSimpleApplication@122852ca
reloadAllAccessors: .RecordDisassembler2

===========================================================================================
----------------- testing Mon Sep 16 05:48:21 UTC 2019 /home/travis/build/icyphy/ptII/ptolemy/actor/lib/test/auto/RecordUpdater.xml
----------------- Instantiating /home/travis/build/icyphy/ptII/ptolemy/actor/lib/test/auto/RecordUpdater.xml
2 ms. Memory: 474112K Free: 416529K (88%)
----------------- Invoking toplevel() on ptolemy.moml.MoMLSimpleApplication@207ebcf1
----------------- Done invoking toplevel() on ptolemy.moml.MoMLSimpleApplication@207ebcf1
reloadAllAccessors: .RecordUpdater

===========================================================================================
----------------- testing Mon Sep 16 05:48:21 UTC 2019 /home/travis/build/icyphy/ptII/ptolemy/actor/lib/test/auto/RecordUpdater2.xml
----------------- Instantiating /home/travis/build/icyphy/ptII/ptolemy/actor/lib/test/auto/RecordUpdater2.xml
3 ms. Memory: 474112K Free: 411409K (87%)
----------------- Invoking toplevel() on ptolemy.moml.MoMLSimpleApplication@7a2f2f41
----------------- Done invoking toplevel() on ptolemy.moml.MoMLSimpleApplication@7a2f2f41
reloadAllAccessors: .RecordUpdater2

===========================================================================================
----------------- testing Mon Sep 16 05:48:21 UTC 2019 /home/travis/build/icyphy/ptII/ptolemy/actor/lib/test/auto/RecursiveLattice.xml
----------------- Instantiating /home/travis/build/icyphy/ptII/ptolemy/actor/lib/test/auto/RecursiveLattice.xml
1 ms. Memory: 474112K Free: 407298K (86%)
----------------- Invoking toplevel() on ptolemy.moml.MoMLSimpleApplication@58ed7d68
----------------- Done invoking toplevel() on ptolemy.moml.MoMLSimpleApplication@58ed7d68
reloadAllAccessors: .RecursiveLattice

===========================================================================================
----------------- testing Mon Sep 16 05:48:21 UTC 2019 /home/travis/build/icyphy/ptII/ptolemy/actor/lib/test/auto/Router.xml
----------------- Instantiating /home/travis/build/icyphy/ptII/ptolemy/actor/lib/test/auto/Router.xml
3005 ms. Memory: 474112K Free: 395025K (83%)
----------------- Invoking toplevel() on ptolemy.moml.MoMLSimpleApplication@6cf863fc
----------------- Done invoking toplevel() on ptolemy.moml.MoMLSimpleApplication@6cf863fc
reloadAllAccessors: .Router

===========================================================================================
----------------- testing Mon Sep 16 05:48:24 UTC 2019 /home/travis/build/icyphy/ptII/ptolemy/actor/lib/test/auto/Router2.xml
----------------- Instantiating /home/travis/build/icyphy/ptII/ptolemy/actor/lib/test/auto/Router2.xml
3004 ms. Memory: 474112K Free: 385299K (81%)
----------------- Invoking toplevel() on ptolemy.moml.MoMLSimpleApplication@4109a5db
----------------- Done invoking toplevel() on ptolemy.moml.MoMLSimpleApplication@4109a5db
reloadAllAccessors: .Router2

===========================================================================================
----------------- testing Mon Sep 16 05:48:27 UTC 2019 /home/travis/build/icyphy/ptII/ptolemy/actor/lib/test/auto/RunningMaximum.xml
----------------- Instantiating /home/travis/build/icyphy/ptII/ptolemy/actor/lib/test/auto/RunningMaximum.xml
2 ms. Memory: 474112K Free: 380689K (80%)
----------------- Invoking toplevel() on ptolemy.moml.MoMLSimpleApplication@45b94362
----------------- Done invoking toplevel() on ptolemy.moml.MoMLSimpleApplication@45b94362
reloadAllAccessors: .RunningMaximum

===========================================================================================
----------------- testing Mon Sep 16 05:48:27 UTC 2019 /home/travis/build/icyphy/ptII/ptolemy/actor/lib/test/auto/RunningMinimum.xml
----------------- Instantiating /home/travis/build/icyphy/ptII/ptolemy/actor/lib/test/auto/RunningMinimum.xml
11 ms. Memory: 474112K Free: 376083K (79%)
----------------- Invoking toplevel() on ptolemy.moml.MoMLSimpleApplication@6308b38b
----------------- Done invoking toplevel() on ptolemy.moml.MoMLSimpleApplication@6308b38b
reloadAllAccessors: .RunningMinimum

===========================================================================================
----------------- testing Mon Sep 16 05:48:27 UTC 2019 /home/travis/build/icyphy/ptII/ptolemy/actor/lib/test/auto/Scale.xml
----------------- Instantiating /home/travis/build/icyphy/ptII/ptolemy/actor/lib/test/auto/Scale.xml
2 ms. Memory: 474112K Free: 371473K (78%)
----------------- Invoking toplevel() on ptolemy.moml.MoMLSimpleApplication@2c53ab55
----------------- Done invoking toplevel() on ptolemy.moml.MoMLSimpleApplication@2c53ab55
reloadAllAccessors: .Scale

===========================================================================================
----------------- testing Mon Sep 16 05:48:27 UTC 2019 /home/travis/build/icyphy/ptII/ptolemy/actor/lib/test/auto/Scale2.xml
----------------- Instantiating /home/travis/build/icyphy/ptII/ptolemy/actor/lib/test/auto/Scale2.xml
2 ms. Memory: 474112K Free: 366867K (77%)
----------------- Invoking toplevel() on ptolemy.moml.MoMLSimpleApplication@1688aa9b
----------------- Done invoking toplevel() on ptolemy.moml.MoMLSimpleApplication@1688aa9b
reloadAllAccessors: .Scale2

===========================================================================================
----------------- testing Mon Sep 16 05:48:27 UTC 2019 /home/travis/build/icyphy/ptII/ptolemy/actor/lib/test/auto/Scale3.xml
----------------- Instantiating /home/travis/build/icyphy/ptII/ptolemy/actor/lib/test/auto/Scale3.xml
3 ms. Memory: 474112K Free: 360209K (76%)
----------------- Invoking toplevel() on ptolemy.moml.MoMLSimpleApplication@7e05c669
----------------- Done invoking toplevel() on ptolemy.moml.MoMLSimpleApplication@7e05c669
reloadAllAccessors: .Scale3

===========================================================================================
----------------- testing Mon Sep 16 05:48:27 UTC 2019 /home/travis/build/icyphy/ptII/ptolemy/actor/lib/test/auto/ScaleArray.xml
----------------- Instantiating /home/travis/build/icyphy/ptII/ptolemy/actor/lib/test/auto/ScaleArray.xml
2 ms. Memory: 474112K Free: 355603K (75%)
----------------- Invoking toplevel() on ptolemy.moml.MoMLSimpleApplication@100150c1
----------------- Done invoking toplevel() on ptolemy.moml.MoMLSimpleApplication@100150c1
reloadAllAccessors: .ScaleArray

===========================================================================================
----------------- testing Mon Sep 16 05:48:27 UTC 2019 /home/travis/build/icyphy/ptII/ptolemy/actor/lib/test/auto/ScaleArray2.xml
----------------- Instantiating /home/travis/build/icyphy/ptII/ptolemy/actor/lib/test/auto/ScaleArray2.xml
1 ms. Memory: 474112K Free: 350993K (74%)
----------------- Invoking toplevel() on ptolemy.moml.MoMLSimpleApplication@6f062d0f
----------------- Done invoking toplevel() on ptolemy.moml.MoMLSimpleApplication@6f062d0f
reloadAllAccessors: .ScaleArray2

===========================================================================================
----------------- testing Mon Sep 16 05:48:27 UTC 2019 /home/travis/build/icyphy/ptII/ptolemy/actor/lib/test/auto/ScaleMatrix.xml
----------------- Instantiating /home/travis/build/icyphy/ptII/ptolemy/actor/lib/test/auto/ScaleMatrix.xml
136 ms. Memory: 474112K Free: 336657K (71%)
----------------- Invoking toplevel() on ptolemy.moml.MoMLSimpleApplication@7f6549e5
----------------- Done invoking toplevel() on ptolemy.moml.MoMLSimpleApplication@7f6549e5
reloadAllAccessors: .ScaleMatrix

===========================================================================================
----------------- testing Mon Sep 16 05:48:28 UTC 2019 /home/travis/build/icyphy/ptII/ptolemy/actor/lib/test/auto/Select.xml
----------------- Instantiating /home/travis/build/icyphy/ptII/ptolemy/actor/lib/test/auto/Select.xml
3 ms. Memory: 474112K Free: 330506K (70%)
----------------- Invoking toplevel() on ptolemy.moml.MoMLSimpleApplication@440b9d30
----------------- Done invoking toplevel() on ptolemy.moml.MoMLSimpleApplication@440b9d30
reloadAllAccessors: .Select

===========================================================================================
----------------- testing Mon Sep 16 05:48:28 UTC 2019 /home/travis/build/icyphy/ptII/ptolemy/actor/lib/test/auto/Select2.xml
----------------- Instantiating /home/travis/build/icyphy/ptII/ptolemy/actor/lib/test/auto/Select2.xml
2 ms. Memory: 474112K Free: 325907K (69%)
----------------- Invoking toplevel() on ptolemy.moml.MoMLSimpleApplication@69906e87
----------------- Done invoking toplevel() on ptolemy.moml.MoMLSimpleApplication@69906e87
reloadAllAccessors: .Select2

===========================================================================================
----------------- testing Mon Sep 16 05:48:28 UTC 2019 /home/travis/build/icyphy/ptII/ptolemy/actor/lib/test/auto/SequenceToArray2.xml
----------------- Instantiating /home/travis/build/icyphy/ptII/ptolemy/actor/lib/test/auto/SequenceToArray2.xml
116 ms. Memory: 474112K Free: 301826K (64%)
----------------- Invoking toplevel() on ptolemy.moml.MoMLSimpleApplication@6838a9fc
----------------- Done invoking toplevel() on ptolemy.moml.MoMLSimpleApplication@6838a9fc
reloadAllAccessors: .SequenceToArray2

===========================================================================================
----------------- testing Mon Sep 16 05:48:28 UTC 2019 /home/travis/build/icyphy/ptII/ptolemy/actor/lib/test/auto/SequentialClock.xml
----------------- Instantiating /home/travis/build/icyphy/ptII/ptolemy/actor/lib/test/auto/SequentialClock.xml
1 ms. Memory: 474112K Free: 297745K (63%)
----------------- Invoking toplevel() on ptolemy.moml.MoMLSimpleApplication@4ce7de6c
----------------- Done invoking toplevel() on ptolemy.moml.MoMLSimpleApplication@4ce7de6c
reloadAllAccessors: .SequentialClock

===========================================================================================
----------------- testing Mon Sep 16 05:48:28 UTC 2019 /home/travis/build/icyphy/ptII/ptolemy/actor/lib/test/auto/SetVariable.xml
----------------- Instantiating /home/travis/build/icyphy/ptII/ptolemy/actor/lib/test/auto/SetVariable.xml
2 ms. Memory: 474112K Free: 292625K (62%)
----------------- Invoking toplevel() on ptolemy.moml.MoMLSimpleApplication@15468cde
----------------- Done invoking toplevel() on ptolemy.moml.MoMLSimpleApplication@15468cde
reloadAllAccessors: .SetVariable

===========================================================================================
----------------- testing Mon Sep 16 05:48:28 UTC 2019 /home/travis/build/icyphy/ptII/ptolemy/actor/lib/test/auto/SetVariable2.xml
----------------- Instantiating /home/travis/build/icyphy/ptII/ptolemy/actor/lib/test/auto/SetVariable2.xml
4 ms. Memory: 474112K Free: 287505K (61%)
----------------- Invoking toplevel() on ptolemy.moml.MoMLSimpleApplication@7773de03
----------------- Done invoking toplevel() on ptolemy.moml.MoMLSimpleApplication@7773de03
reloadAllAccessors: .SetVariable2

===========================================================================================
----------------- testing Mon Sep 16 05:48:28 UTC 2019 /home/travis/build/icyphy/ptII/ptolemy/actor/lib/test/auto/SetVariable3.xml
----------------- Instantiating /home/travis/build/icyphy/ptII/ptolemy/actor/lib/test/auto/SetVariable3.xml
7 ms. Memory: 474112K Free: 282385K (60%)
----------------- Invoking toplevel() on ptolemy.moml.MoMLSimpleApplication@350e8fa8
----------------- Done invoking toplevel() on ptolemy.moml.MoMLSimpleApplication@350e8fa8
reloadAllAccessors: .SetVariable3

===========================================================================================
----------------- testing Mon Sep 16 05:48:28 UTC 2019 /home/travis/build/icyphy/ptII/ptolemy/actor/lib/test/auto/SetVariable4.xml
----------------- Instantiating /home/travis/build/icyphy/ptII/ptolemy/actor/lib/test/auto/SetVariable4.xml
20 ms. Memory: 474112K Free: 272659K (58%)
----------------- Invoking toplevel() on ptolemy.moml.MoMLSimpleApplication@14c06327
----------------- Done invoking toplevel() on ptolemy.moml.MoMLSimpleApplication@14c06327
reloadAllAccessors: .SetVariable4

===========================================================================================
----------------- testing Mon Sep 16 05:48:28 UTC 2019 /home/travis/build/icyphy/ptII/ptolemy/actor/lib/test/auto/SetVariable5.xml
----------------- Instantiating /home/travis/build/icyphy/ptII/ptolemy/actor/lib/test/auto/SetVariable5.xml
22 ms. Memory: 474112K Free: 263443K (56%)
----------------- Invoking toplevel() on ptolemy.moml.MoMLSimpleApplication@72001e8c
----------------- Done invoking toplevel() on ptolemy.moml.MoMLSimpleApplication@72001e8c
reloadAllAccessors: .SetVariable5

===========================================================================================
----------------- testing Mon Sep 16 05:48:28 UTC 2019 /home/travis/build/icyphy/ptII/ptolemy/actor/lib/test/auto/Sinewave.xml
----------------- Instantiating /home/travis/build/icyphy/ptII/ptolemy/actor/lib/test/auto/Sinewave.xml
8 ms. Memory: 474112K Free: 252689K (53%)
----------------- Invoking toplevel() on ptolemy.moml.MoMLSimpleApplication@65df420d
----------------- Done invoking toplevel() on ptolemy.moml.MoMLSimpleApplication@65df420d
reloadAllAccessors: .Sinewave

===========================================================================================
----------------- testing Mon Sep 16 05:48:28 UTC 2019 /home/travis/build/icyphy/ptII/ptolemy/actor/lib/test/auto/Sinewave2.xml
----------------- Instantiating /home/travis/build/icyphy/ptII/ptolemy/actor/lib/test/auto/Sinewave2.xml
10 ms. Memory: 474112K Free: 243987K (51%)
----------------- Invoking toplevel() on ptolemy.moml.MoMLSimpleApplication@383d4c00
----------------- Done invoking toplevel() on ptolemy.moml.MoMLSimpleApplication@383d4c00
reloadAllAccessors: .Sinewave2

===========================================================================================
----------------- testing Mon Sep 16 05:48:28 UTC 2019 /home/travis/build/icyphy/ptII/ptolemy/actor/lib/test/auto/Sinewave3.xml
----------------- Instantiating /home/travis/build/icyphy/ptII/ptolemy/actor/lib/test/auto/Sinewave3.xml
8 ms. Memory: 474112K Free: 235795K (50%)
----------------- Invoking toplevel() on ptolemy.moml.MoMLSimpleApplication@4e5e60d3
----------------- Done invoking toplevel() on ptolemy.moml.MoMLSimpleApplication@4e5e60d3
reloadAllAccessors: .Sinewave3

===========================================================================================
----------------- testing Mon Sep 16 05:48:28 UTC 2019 /home/travis/build/icyphy/ptII/ptolemy/actor/lib/test/auto/SingleEvent.xml
----------------- Instantiating /home/travis/build/icyphy/ptII/ptolemy/actor/lib/test/auto/SingleEvent.xml
1 ms. Memory: 474112K Free: 231699K (49%)
----------------- Invoking toplevel() on ptolemy.moml.MoMLSimpleApplication@7be76265
----------------- Done invoking toplevel() on ptolemy.moml.MoMLSimpleApplication@7be76265
reloadAllAccessors: .SingleEvent

===========================================================================================
----------------- testing Mon Sep 16 05:48:28 UTC 2019 /home/travis/build/icyphy/ptII/ptolemy/actor/lib/test/auto/Sleep.xml
----------------- Instantiating /home/travis/build/icyphy/ptII/ptolemy/actor/lib/test/auto/Sleep.xml
6004 ms. Memory: 474112K Free: 226065K (48%)
----------------- Invoking toplevel() on ptolemy.moml.MoMLSimpleApplication@20a5c424
----------------- Done invoking toplevel() on ptolemy.moml.MoMLSimpleApplication@20a5c424
reloadAllAccessors: .Sleep

===========================================================================================
----------------- testing Mon Sep 16 05:48:34 UTC 2019 /home/travis/build/icyphy/ptII/ptolemy/actor/lib/test/auto/SleepMultipleFire.xml
----------------- Instantiating /home/travis/build/icyphy/ptII/ptolemy/actor/lib/test/auto/SleepMultipleFire.xml
1005 ms. Memory: 474112K Free: 220435K (46%)
----------------- Invoking toplevel() on ptolemy.moml.MoMLSimpleApplication@34fbb301
----------------- Done invoking toplevel() on ptolemy.moml.MoMLSimpleApplication@34fbb301
reloadAllAccessors: .SleepMultipleFire

===========================================================================================
----------------- testing Mon Sep 16 05:48:35 UTC 2019 /home/travis/build/icyphy/ptII/ptolemy/actor/lib/test/auto/StopDE.xml
----------------- Instantiating /home/travis/build/icyphy/ptII/ptolemy/actor/lib/test/auto/StopDE.xml
3 ms. Memory: 474112K Free: 214801K (45%)
----------------- Invoking toplevel() on ptolemy.moml.MoMLSimpleApplication@1037337a
----------------- Done invoking toplevel() on ptolemy.moml.MoMLSimpleApplication@1037337a
reloadAllAccessors: .StopDE

===========================================================================================
----------------- testing Mon Sep 16 05:48:35 UTC 2019 /home/travis/build/icyphy/ptII/ptolemy/actor/lib/test/auto/StopSDF.xml
----------------- Instantiating /home/travis/build/icyphy/ptII/ptolemy/actor/lib/test/auto/StopSDF.xml
4 ms. Memory: 474112K Free: 209171K (44%)
----------------- Invoking toplevel() on ptolemy.moml.MoMLSimpleApplication@d2f5adf
----------------- Done invoking toplevel() on ptolemy.moml.MoMLSimpleApplication@d2f5adf
reloadAllAccessors: .StopSDF

===========================================================================================
----------------- testing Mon Sep 16 05:48:35 UTC 2019 /home/travis/build/icyphy/ptII/ptolemy/actor/lib/test/auto/StringConstant.xml
----------------- Instantiating /home/travis/build/icyphy/ptII/ptolemy/actor/lib/test/auto/StringConstant.xml
9 ms. Memory: 474112K Free: 205075K (43%)
----------------- Invoking toplevel() on ptolemy.moml.MoMLSimpleApplication@2b0b788f
----------------- Done invoking toplevel() on ptolemy.moml.MoMLSimpleApplication@2b0b788f
reloadAllAccessors: .StringConstant

===========================================================================================
----------------- testing Mon Sep 16 05:48:35 UTC 2019 /home/travis/build/icyphy/ptII/ptolemy/actor/lib/test/auto/SubscriberPortInitialValues1.xml
----------------- Instantiating /home/travis/build/icyphy/ptII/ptolemy/actor/lib/test/auto/SubscriberPortInitialValues1.xml
10 ms. Memory: 474112K Free: 196369K (41%)
----------------- Invoking toplevel() on ptolemy.moml.MoMLSimpleApplication@470888ab
----------------- Done invoking toplevel() on ptolemy.moml.MoMLSimpleApplication@470888ab
reloadAllAccessors: .SubscriberPortInitialValues1

===========================================================================================
----------------- testing Mon Sep 16 05:48:35 UTC 2019 /home/travis/build/icyphy/ptII/ptolemy/actor/lib/test/auto/SubscriberPortInitialValues13.xml
----------------- Instantiating /home/travis/build/icyphy/ptII/ptolemy/actor/lib/test/auto/SubscriberPortInitialValues13.xml
6 ms. Memory: 474112K Free: 183057K (39%)
----------------- Invoking toplevel() on ptolemy.moml.MoMLSimpleApplication@7e90a3fc
----------------- Done invoking toplevel() on ptolemy.moml.MoMLSimpleApplication@7e90a3fc
reloadAllAccessors: .SubscriberPortInitialValues13

===========================================================================================
----------------- testing Mon Sep 16 05:48:35 UTC 2019 /home/travis/build/icyphy/ptII/ptolemy/actor/lib/test/auto/SubscriberPortInitialValues14.xml
----------------- Instantiating /home/travis/build/icyphy/ptII/ptolemy/actor/lib/test/auto/SubscriberPortInitialValues14.xml
5 ms. Memory: 474112K Free: 175379K (37%)
----------------- Invoking toplevel() on ptolemy.moml.MoMLSimpleApplication@7da96820
----------------- Done invoking toplevel() on ptolemy.moml.MoMLSimpleApplication@7da96820
reloadAllAccessors: .SubscriberPortInitialValues14

===========================================================================================
----------------- testing Mon Sep 16 05:48:35 UTC 2019 /home/travis/build/icyphy/ptII/ptolemy/actor/lib/test/auto/SubscriberPortInitialValues2.xml
----------------- Instantiating /home/travis/build/icyphy/ptII/ptolemy/actor/lib/test/auto/SubscriberPortInitialValues2.xml
15 ms. Memory: 474112K Free: 167697K (35%)
----------------- Invoking toplevel() on ptolemy.moml.MoMLSimpleApplication@3cab3b33
----------------- Done invoking toplevel() on ptolemy.moml.MoMLSimpleApplication@3cab3b33
reloadAllAccessors: .SubscriberPortInitialValues2

===========================================================================================
----------------- testing Mon Sep 16 05:48:35 UTC 2019 /home/travis/build/icyphy/ptII/ptolemy/actor/lib/test/auto/SubscriberPortInitialValues3.xml
----------------- Instantiating /home/travis/build/icyphy/ptII/ptolemy/actor/lib/test/auto/SubscriberPortInitialValues3.xml
5 ms. Memory: 474112K Free: 156947K (33%)
----------------- Invoking toplevel() on ptolemy.moml.MoMLSimpleApplication@196ec6f9
----------------- Done invoking toplevel() on ptolemy.moml.MoMLSimpleApplication@196ec6f9
reloadAllAccessors: .SubscriberPortInitialValues3

===========================================================================================
----------------- testing Mon Sep 16 05:48:35 UTC 2019 /home/travis/build/icyphy/ptII/ptolemy/actor/lib/test/auto/SubscriptionAggregator.xml
----------------- Instantiating /home/travis/build/icyphy/ptII/ptolemy/actor/lib/test/auto/SubscriptionAggregator.xml
3 ms. Memory: 474112K Free: 422722K (89%)
----------------- Invoking toplevel() on ptolemy.moml.MoMLSimpleApplication@3eaf5e4c
----------------- Done invoking toplevel() on ptolemy.moml.MoMLSimpleApplication@3eaf5e4c
reloadAllAccessors: .SubscriptionAggregator

===========================================================================================
----------------- testing Mon Sep 16 05:48:35 UTC 2019 /home/travis/build/icyphy/ptII/ptolemy/actor/lib/test/auto/SubscriptionAggregator2.xml
----------------- Instantiating /home/travis/build/icyphy/ptII/ptolemy/actor/lib/test/auto/SubscriptionAggregator2.xml
4 ms. Memory: 474112K Free: 415554K (88%)
----------------- Invoking toplevel() on ptolemy.moml.MoMLSimpleApplication@3306fd9
----------------- Done invoking toplevel() on ptolemy.moml.MoMLSimpleApplication@3306fd9
reloadAllAccessors: .SubscriptionAggregator2

===========================================================================================
----------------- testing Mon Sep 16 05:48:35 UTC 2019 /home/travis/build/icyphy/ptII/ptolemy/actor/lib/test/auto/SubscriptionAggregator3.xml
----------------- Instantiating /home/travis/build/icyphy/ptII/ptolemy/actor/lib/test/auto/SubscriptionAggregator3.xml
4 ms. Memory: 474112K Free: 406338K (86%)
----------------- Invoking toplevel() on ptolemy.moml.MoMLSimpleApplication@30458f9a
----------------- Done invoking toplevel() on ptolemy.moml.MoMLSimpleApplication@30458f9a
reloadAllAccessors: .SubscriptionAggregator3

===========================================================================================
----------------- testing Mon Sep 16 05:48:35 UTC 2019 /home/travis/build/icyphy/ptII/ptolemy/actor/lib/test/auto/SubscriptionAggregatorMultiply.xml
----------------- Instantiating /home/travis/build/icyphy/ptII/ptolemy/actor/lib/test/auto/SubscriptionAggregatorMultiply.xml
3 ms. Memory: 474112K Free: 398146K (84%)
----------------- Invoking toplevel() on ptolemy.moml.MoMLSimpleApplication@6ac4478d
----------------- Done invoking toplevel() on ptolemy.moml.MoMLSimpleApplication@6ac4478d
reloadAllAccessors: .SubscriptionAggregatorMultiply

===========================================================================================
----------------- testing Mon Sep 16 05:48:35 UTC 2019 /home/travis/build/icyphy/ptII/ptolemy/actor/lib/test/auto/SubscriptionAggregatorPortMultiply1.xml
----------------- Instantiating /home/travis/build/icyphy/ptII/ptolemy/actor/lib/test/auto/SubscriptionAggregatorPortMultiply1.xml
4 ms. Memory: 474112K Free: 389954K (82%)
----------------- Invoking toplevel() on ptolemy.moml.MoMLSimpleApplication@329ba363
----------------- Done invoking toplevel() on ptolemy.moml.MoMLSimpleApplication@329ba363
reloadAllAccessors: .SubscriptionAggregatorPortMultiply1

===========================================================================================
----------------- testing Mon Sep 16 05:48:36 UTC 2019 /home/travis/build/icyphy/ptII/ptolemy/actor/lib/test/auto/Switch.xml
----------------- Instantiating /home/travis/build/icyphy/ptII/ptolemy/actor/lib/test/auto/Switch.xml
11 ms. Memory: 474112K Free: 381762K (81%)
----------------- Invoking toplevel() on ptolemy.moml.MoMLSimpleApplication@74fb683e
----------------- Done invoking toplevel() on ptolemy.moml.MoMLSimpleApplication@74fb683e
reloadAllAccessors: .Switch

===========================================================================================
----------------- testing Mon Sep 16 05:48:36 UTC 2019 /home/travis/build/icyphy/ptII/ptolemy/actor/lib/test/auto/Switch2.xml
----------------- Instantiating /home/travis/build/icyphy/ptII/ptolemy/actor/lib/test/auto/Switch2.xml
1 ms. Memory: 474112K Free: 377152K (80%)
----------------- Invoking toplevel() on ptolemy.moml.MoMLSimpleApplication@1f8b67
----------------- Done invoking toplevel() on ptolemy.moml.MoMLSimpleApplication@1f8b67
reloadAllAccessors: .Switch2

===========================================================================================
----------------- testing Mon Sep 16 05:48:36 UTC 2019 /home/travis/build/icyphy/ptII/ptolemy/actor/lib/test/auto/SwitchDE.xml
----------------- Instantiating /home/travis/build/icyphy/ptII/ptolemy/actor/lib/test/auto/SwitchDE.xml
3 ms. Memory: 474112K Free: 370993K (78%)
----------------- Invoking toplevel() on ptolemy.moml.MoMLSimpleApplication@6760093
----------------- Done invoking toplevel() on ptolemy.moml.MoMLSimpleApplication@6760093
reloadAllAccessors: .SwitchDE

===========================================================================================
----------------- testing Mon Sep 16 05:48:36 UTC 2019 /home/travis/build/icyphy/ptII/ptolemy/actor/lib/test/auto/SynchronizerDE.xml
----------------- Instantiating /home/travis/build/icyphy/ptII/ptolemy/actor/lib/test/auto/SynchronizerDE.xml
8 ms. Memory: 474112K Free: 362306K (76%)
----------------- Invoking toplevel() on ptolemy.moml.MoMLSimpleApplication@2c15f97a
----------------- Done invoking toplevel() on ptolemy.moml.MoMLSimpleApplication@2c15f97a
reloadAllAccessors: .SynchronizerDE

===========================================================================================
----------------- testing Mon Sep 16 05:48:36 UTC 2019 /home/travis/build/icyphy/ptII/ptolemy/actor/lib/test/auto/Test.xml
----------------- Instantiating /home/travis/build/icyphy/ptII/ptolemy/actor/lib/test/auto/Test.xml
12 ms. Memory: 474112K Free: 357186K (75%)
----------------- Invoking toplevel() on ptolemy.moml.MoMLSimpleApplication@2acd552a
----------------- Done invoking toplevel() on ptolemy.moml.MoMLSimpleApplication@2acd552a
reloadAllAccessors: .Test

===========================================================================================
----------------- testing Mon Sep 16 05:48:36 UTC 2019 /home/travis/build/icyphy/ptII/ptolemy/actor/lib/test/auto/TestExceptionAttribute1.xml
----------------- Instantiating /home/travis/build/icyphy/ptII/ptolemy/actor/lib/test/auto/TestExceptionAttribute1.xml
1 ms. Memory: 474112K Free: 353600K (75%)
----------------- Invoking toplevel() on ptolemy.moml.MoMLSimpleApplication@5c60646d
----------------- Done invoking toplevel() on ptolemy.moml.MoMLSimpleApplication@5c60646d
reloadAllAccessors: .TestExceptionAttribute1

===========================================================================================
----------------- testing Mon Sep 16 05:48:36 UTC 2019 /home/travis/build/icyphy/ptII/ptolemy/actor/lib/test/auto/TestExceptionAttribute2.xml
----------------- Instantiating /home/travis/build/icyphy/ptII/ptolemy/actor/lib/test/auto/TestExceptionAttribute2.xml
1 ms. Memory: 474112K Free: 350018K (74%)
----------------- Invoking toplevel() on ptolemy.moml.MoMLSimpleApplication@509dd42b
----------------- Done invoking toplevel() on ptolemy.moml.MoMLSimpleApplication@509dd42b
reloadAllAccessors: .TestExceptionAttribute2

===========================================================================================
----------------- testing Mon Sep 16 05:48:36 UTC 2019 /home/travis/build/icyphy/ptII/ptolemy/actor/lib/test/auto/TestExceptionAttribute3.xml
----------------- Instantiating /home/travis/build/icyphy/ptII/ptolemy/actor/lib/test/auto/TestExceptionAttribute3.xml
.TestExceptionAttribute3.TestExceptionAttribute: initialize() was not invoked, but wrapup() was.  This is unusual, but not always a problem.  For example, exporting JNLP will do this.
1 ms. Memory: 474112K Free: 346432K (73%)
----------------- Invoking toplevel() on ptolemy.moml.MoMLSimpleApplication@41f45166
----------------- Done invoking toplevel() on ptolemy.moml.MoMLSimpleApplication@41f45166
reloadAllAccessors: .TestExceptionAttribute3

===========================================================================================
----------------- testing Mon Sep 16 05:48:36 UTC 2019 /home/travis/build/icyphy/ptII/ptolemy/actor/lib/test/auto/TestExceptionAttribute4.xml
----------------- Instantiating /home/travis/build/icyphy/ptII/ptolemy/actor/lib/test/auto/TestExceptionAttribute4.xml
.TestExceptionAttribute4.TestExceptionAttribute: initialize() was not invoked, but wrapup() was.  This is unusual, but not always a problem.  For example, exporting JNLP will do this.
.TestExceptionAttribute4.TestExceptionAttribute2: initialize() was not invoked, but wrapup() was.  This is unusual, but not always a problem.  For example, exporting JNLP will do this.
0 ms. Memory: 474112K Free: 342336K (72%)
----------------- Invoking toplevel() on ptolemy.moml.MoMLSimpleApplication@530b1297
----------------- Done invoking toplevel() on ptolemy.moml.MoMLSimpleApplication@530b1297
reloadAllAccessors: .TestExceptionAttribute4

===========================================================================================
----------------- testing Mon Sep 16 05:48:36 UTC 2019 /home/travis/build/icyphy/ptII/ptolemy/actor/lib/test/auto/TestExceptionHandler1.xml
----------------- Instantiating /home/travis/build/icyphy/ptII/ptolemy/actor/lib/test/auto/TestExceptionHandler1.xml
1 ms. Memory: 474112K Free: 338754K (71%)
----------------- Invoking toplevel() on ptolemy.moml.MoMLSimpleApplication@582957db
----------------- Done invoking toplevel() on ptolemy.moml.MoMLSimpleApplication@582957db
reloadAllAccessors: .TestExceptionHandler1

===========================================================================================
----------------- testing Mon Sep 16 05:48:36 UTC 2019 /home/travis/build/icyphy/ptII/ptolemy/actor/lib/test/auto/TestExceptionHandler2.xml
----------------- Instantiating /home/travis/build/icyphy/ptII/ptolemy/actor/lib/test/auto/TestExceptionHandler2.xml
1 ms. Memory: 474112K Free: 334658K (71%)
----------------- Invoking toplevel() on ptolemy.moml.MoMLSimpleApplication@22b9b8e4
----------------- Done invoking toplevel() on ptolemy.moml.MoMLSimpleApplication@22b9b8e4
reloadAllAccessors: .TestExceptionHandler2

===========================================================================================
----------------- testing Mon Sep 16 05:48:36 UTC 2019 /home/travis/build/icyphy/ptII/ptolemy/actor/lib/test/auto/TestExceptionHandler3.xml
----------------- Instantiating /home/travis/build/icyphy/ptII/ptolemy/actor/lib/test/auto/TestExceptionHandler3.xml
0 ms. Memory: 474112K Free: 331072K (70%)
----------------- Invoking toplevel() on ptolemy.moml.MoMLSimpleApplication@201dfb89
----------------- Done invoking toplevel() on ptolemy.moml.MoMLSimpleApplication@201dfb89
reloadAllAccessors: .TestExceptionHandler3

===========================================================================================
----------------- testing Mon Sep 16 05:48:36 UTC 2019 /home/travis/build/icyphy/ptII/ptolemy/actor/lib/test/auto/TestExceptionHandler4.xml
----------------- Instantiating /home/travis/build/icyphy/ptII/ptolemy/actor/lib/test/auto/TestExceptionHandler4.xml
1 ms. Memory: 474112K Free: 326976K (69%)
----------------- Invoking toplevel() on ptolemy.moml.MoMLSimpleApplication@72fb61bc
----------------- Done invoking toplevel() on ptolemy.moml.MoMLSimpleApplication@72fb61bc
reloadAllAccessors: .TestExceptionHandler4

===========================================================================================
----------------- testing Mon Sep 16 05:48:36 UTC 2019 /home/travis/build/icyphy/ptII/ptolemy/actor/lib/test/auto/TestRequireCorrectOrder.xml
----------------- Instantiating /home/travis/build/icyphy/ptII/ptolemy/actor/lib/test/auto/TestRequireCorrectOrder.xml
2 ms. Memory: 474112K Free: 321841K (68%)
----------------- Invoking toplevel() on ptolemy.moml.MoMLSimpleApplication@693d796b
----------------- Done invoking toplevel() on ptolemy.moml.MoMLSimpleApplication@693d796b
reloadAllAccessors: .TestRequireCorrectOrder

===========================================================================================
----------------- testing Mon Sep 16 05:48:36 UTC 2019 /home/travis/build/icyphy/ptII/ptolemy/actor/lib/test/auto/TestSimple.xml
----------------- Instantiating /home/travis/build/icyphy/ptII/ptolemy/actor/lib/test/auto/TestSimple.xml
2 ms. Memory: 474112K Free: 317760K (67%)
----------------- Invoking toplevel() on ptolemy.moml.MoMLSimpleApplication@7f9eae63
----------------- Done invoking toplevel() on ptolemy.moml.MoMLSimpleApplication@7f9eae63
reloadAllAccessors: .TestSimple

===========================================================================================
----------------- testing Mon Sep 16 05:48:36 UTC 2019 /home/travis/build/icyphy/ptII/ptolemy/actor/lib/test/auto/ThrowModelError.xml
----------------- Instantiating /home/travis/build/icyphy/ptII/ptolemy/actor/lib/test/auto/ThrowModelError.xml
2 ms. Memory: 474112K Free: 312640K (66%)
----------------- Invoking toplevel() on ptolemy.moml.MoMLSimpleApplication@3627ef5
----------------- Done invoking toplevel() on ptolemy.moml.MoMLSimpleApplication@3627ef5
reloadAllAccessors: .ThrowModelError

===========================================================================================
----------------- testing Mon Sep 16 05:48:36 UTC 2019 /home/travis/build/icyphy/ptII/ptolemy/actor/lib/test/auto/TimeDelayMicrosteps.xml
----------------- Instantiating /home/travis/build/icyphy/ptII/ptolemy/actor/lib/test/auto/TimeDelayMicrosteps.xml
5 ms. Memory: 474112K Free: 305986K (65%)
----------------- Invoking toplevel() on ptolemy.moml.MoMLSimpleApplication@1cc458e6
----------------- Done invoking toplevel() on ptolemy.moml.MoMLSimpleApplication@1cc458e6
reloadAllAccessors: .TimeDelayMicrosteps

===========================================================================================
----------------- testing Mon Sep 16 05:48:36 UTC 2019 /home/travis/build/icyphy/ptII/ptolemy/actor/lib/test/auto/TimeDelayMicrosteps2.xml
----------------- Instantiating /home/travis/build/icyphy/ptII/ptolemy/actor/lib/test/auto/TimeDelayMicrosteps2.xml
4 ms. Memory: 474112K Free: 298818K (63%)
----------------- Invoking toplevel() on ptolemy.moml.MoMLSimpleApplication@3ff99f8c
----------------- Done invoking toplevel() on ptolemy.moml.MoMLSimpleApplication@3ff99f8c
reloadAllAccessors: .TimeDelayMicrosteps2

===========================================================================================
----------------- testing Mon Sep 16 05:48:36 UTC 2019 /home/travis/build/icyphy/ptII/ptolemy/actor/lib/test/auto/TimeDelayMicrosteps3.xml
----------------- Instantiating /home/travis/build/icyphy/ptII/ptolemy/actor/lib/test/auto/TimeDelayMicrosteps3.xml
4 ms. Memory: 474112K Free: 292145K (62%)
----------------- Invoking toplevel() on ptolemy.moml.MoMLSimpleApplication@1a632bbf
----------------- Done invoking toplevel() on ptolemy.moml.MoMLSimpleApplication@1a632bbf
reloadAllAccessors: .TimeDelayMicrosteps3

===========================================================================================
----------------- testing Mon Sep 16 05:48:36 UTC 2019 /home/travis/build/icyphy/ptII/ptolemy/actor/lib/test/auto/TimeDelayVariableMicrosteps.xml
----------------- Instantiating /home/travis/build/icyphy/ptII/ptolemy/actor/lib/test/auto/TimeDelayVariableMicrosteps.xml
3 ms. Memory: 474112K Free: 286016K (60%)
----------------- Invoking toplevel() on ptolemy.moml.MoMLSimpleApplication@3961e204
----------------- Done invoking toplevel() on ptolemy.moml.MoMLSimpleApplication@3961e204
reloadAllAccessors: .TimeDelayVariableMicrosteps

===========================================================================================
----------------- testing Mon Sep 16 05:48:36 UTC 2019 /home/travis/build/icyphy/ptII/ptolemy/actor/lib/test/auto/TimeGap.xml
----------------- Instantiating /home/travis/build/icyphy/ptII/ptolemy/actor/lib/test/auto/TimeGap.xml
3 ms. Memory: 474112K Free: 280881K (59%)
----------------- Invoking toplevel() on ptolemy.moml.MoMLSimpleApplication@2f3fac25
----------------- Done invoking toplevel() on ptolemy.moml.MoMLSimpleApplication@2f3fac25
reloadAllAccessors: .TimeGap

===========================================================================================
----------------- testing Mon Sep 16 05:48:36 UTC 2019 /home/travis/build/icyphy/ptII/ptolemy/actor/lib/test/auto/TimeGap2.xml
----------------- Instantiating /home/travis/build/icyphy/ptII/ptolemy/actor/lib/test/auto/TimeGap2.xml
2 ms. Memory: 474112K Free: 274745K (58%)
----------------- Invoking toplevel() on ptolemy.moml.MoMLSimpleApplication@216cf6f4
----------------- Done invoking toplevel() on ptolemy.moml.MoMLSimpleApplication@216cf6f4
reloadAllAccessors: .TimeGap2

===========================================================================================
----------------- testing Mon Sep 16 05:48:36 UTC 2019 /home/travis/build/icyphy/ptII/ptolemy/actor/lib/test/auto/TimedSinewave.xml
----------------- Instantiating /home/travis/build/icyphy/ptII/ptolemy/actor/lib/test/auto/TimedSinewave.xml
40 ms. Memory: 474112K Free: 260930K (55%)
----------------- Invoking toplevel() on ptolemy.moml.MoMLSimpleApplication@70377cf1
----------------- Done invoking toplevel() on ptolemy.moml.MoMLSimpleApplication@70377cf1
reloadAllAccessors: .TimedSinewave

===========================================================================================
----------------- testing Mon Sep 16 05:48:36 UTC 2019 /home/travis/build/icyphy/ptII/ptolemy/actor/lib/test/auto/TimedSinewavePhase.xml
----------------- Instantiating /home/travis/build/icyphy/ptII/ptolemy/actor/lib/test/auto/TimedSinewavePhase.xml
13 ms. Memory: 474112K Free: 250690K (53%)
----------------- Invoking toplevel() on ptolemy.moml.MoMLSimpleApplication@882098c
----------------- Done invoking toplevel() on ptolemy.moml.MoMLSimpleApplication@882098c
reloadAllAccessors: .TimedSinewavePhase

===========================================================================================
----------------- testing Mon Sep 16 05:48:36 UTC 2019 /home/travis/build/icyphy/ptII/ptolemy/actor/lib/test/auto/Timer.xml
----------------- Instantiating /home/travis/build/icyphy/ptII/ptolemy/actor/lib/test/auto/Timer.xml
5 ms. Memory: 474112K Free: 245049K (52%)
----------------- Invoking toplevel() on ptolemy.moml.MoMLSimpleApplication@5950019
----------------- Done invoking toplevel() on ptolemy.moml.MoMLSimpleApplication@5950019
reloadAllAccessors: .Timer

===========================================================================================
----------------- testing Mon Sep 16 05:48:36 UTC 2019 /home/travis/build/icyphy/ptII/ptolemy/actor/lib/test/auto/TriangularDistTestModel.xml
----------------- Instantiating /home/travis/build/icyphy/ptII/ptolemy/actor/lib/test/auto/TriangularDistTestModel.xml
3 ms. Memory: 474112K Free: 238897K (50%)
----------------- Invoking toplevel() on ptolemy.moml.MoMLSimpleApplication@7fd589e5
----------------- Done invoking toplevel() on ptolemy.moml.MoMLSimpleApplication@7fd589e5
reloadAllAccessors: .TriangularDistTestModel

===========================================================================================
----------------- testing Mon Sep 16 05:48:36 UTC 2019 /home/travis/build/icyphy/ptII/ptolemy/actor/lib/test/auto/TrigFunction.xml
----------------- Instantiating /home/travis/build/icyphy/ptII/ptolemy/actor/lib/test/auto/TrigFunction.xml
2 ms. Memory: 474112K Free: 234306K (49%)
----------------- Invoking toplevel() on ptolemy.moml.MoMLSimpleApplication@1986c963
----------------- Done invoking toplevel() on ptolemy.moml.MoMLSimpleApplication@1986c963
reloadAllAccessors: .TrigFunction

===========================================================================================
----------------- testing Mon Sep 16 05:48:36 UTC 2019 /home/travis/build/icyphy/ptII/ptolemy/actor/lib/test/auto/TrigFunctionDE.xml
----------------- Instantiating /home/travis/build/icyphy/ptII/ptolemy/actor/lib/test/auto/TrigFunctionDE.xml
2 ms. Memory: 474112K Free: 227633K (48%)
----------------- Invoking toplevel() on ptolemy.moml.MoMLSimpleApplication@6483be92
----------------- Done invoking toplevel() on ptolemy.moml.MoMLSimpleApplication@6483be92
reloadAllAccessors: .TrigFunctionDE

===========================================================================================
----------------- testing Mon Sep 16 05:48:36 UTC 2019 /home/travis/build/icyphy/ptII/ptolemy/actor/lib/test/auto/TrigFunctionInverse.xml
----------------- Instantiating /home/travis/build/icyphy/ptII/ptolemy/actor/lib/test/auto/TrigFunctionInverse.xml
3 ms. Memory: 474112K Free: 222528K (47%)
----------------- Invoking toplevel() on ptolemy.moml.MoMLSimpleApplication@46dd7cc2
----------------- Done invoking toplevel() on ptolemy.moml.MoMLSimpleApplication@46dd7cc2
reloadAllAccessors: .TrigFunctionInverse

===========================================================================================
----------------- testing Mon Sep 16 05:48:36 UTC 2019 /home/travis/build/icyphy/ptII/ptolemy/actor/lib/test/auto/TrigFunctionTan.xml
----------------- Instantiating /home/travis/build/icyphy/ptII/ptolemy/actor/lib/test/auto/TrigFunctionTan.xml
2 ms. Memory: 474112K Free: 218432K (46%)
----------------- Invoking toplevel() on ptolemy.moml.MoMLSimpleApplication@42f3cd32
----------------- Done invoking toplevel() on ptolemy.moml.MoMLSimpleApplication@42f3cd32
reloadAllAccessors: .TrigFunctionTan

===========================================================================================
----------------- testing Mon Sep 16 05:48:36 UTC 2019 /home/travis/build/icyphy/ptII/ptolemy/actor/lib/test/auto/TriggeredClock.xml
----------------- Instantiating /home/travis/build/icyphy/ptII/ptolemy/actor/lib/test/auto/TriggeredClock.xml
2 ms. Memory: 474112K Free: 212802K (45%)
----------------- Invoking toplevel() on ptolemy.moml.MoMLSimpleApplication@40cba128
----------------- Done invoking toplevel() on ptolemy.moml.MoMLSimpleApplication@40cba128
reloadAllAccessors: .TriggeredClock

===========================================================================================
----------------- testing Mon Sep 16 05:48:36 UTC 2019 /home/travis/build/icyphy/ptII/ptolemy/actor/lib/test/auto/URLDirectoryReader.xml
----------------- Instantiating /home/travis/build/icyphy/ptII/ptolemy/actor/lib/test/auto/URLDirectoryReader.xml
49 ms. Memory: 474112K Free: 203586K (43%)
----------------- Invoking toplevel() on ptolemy.moml.MoMLSimpleApplication@4e38205
----------------- Done invoking toplevel() on ptolemy.moml.MoMLSimpleApplication@4e38205
reloadAllAccessors: .URLDirectoryReader

===========================================================================================
----------------- testing Mon Sep 16 05:48:36 UTC 2019 /home/travis/build/icyphy/ptII/ptolemy/actor/lib/test/auto/URLDirectoryReader3.xml
----------------- Instantiating /home/travis/build/icyphy/ptII/ptolemy/actor/lib/test/auto/URLDirectoryReader3.xml
1189 ms. Memory: 474112K Free: 414720K (87%)
----------------- Invoking toplevel() on ptolemy.moml.MoMLSimpleApplication@772dbf6
----------------- Done invoking toplevel() on ptolemy.moml.MoMLSimpleApplication@772dbf6
reloadAllAccessors: .URLDirectoryReader3

===========================================================================================
----------------- testing Mon Sep 16 05:48:38 UTC 2019 /home/travis/build/icyphy/ptII/ptolemy/actor/lib/test/auto/UnaryMathFunction.xml
----------------- Instantiating /home/travis/build/icyphy/ptII/ptolemy/actor/lib/test/auto/UnaryMathFunction.xml
3 ms. Memory: 474112K Free: 407038K (86%)
----------------- Invoking toplevel() on ptolemy.moml.MoMLSimpleApplication@3d786901
----------------- Done invoking toplevel() on ptolemy.moml.MoMLSimpleApplication@3d786901
reloadAllAccessors: .UnaryMathFunction

===========================================================================================
----------------- testing Mon Sep 16 05:48:38 UTC 2019 /home/travis/build/icyphy/ptII/ptolemy/actor/lib/test/auto/Uniform.xml
----------------- Instantiating /home/travis/build/icyphy/ptII/ptolemy/actor/lib/test/auto/Uniform.xml
2 ms. Memory: 474112K Free: 401918K (85%)
----------------- Invoking toplevel() on ptolemy.moml.MoMLSimpleApplication@725d3eed
----------------- Done invoking toplevel() on ptolemy.moml.MoMLSimpleApplication@725d3eed
reloadAllAccessors: .Uniform

===========================================================================================
----------------- testing Mon Sep 16 05:48:38 UTC 2019 /home/travis/build/icyphy/ptII/ptolemy/actor/lib/test/auto/UnionDisassemblerTest.xml
----------------- Instantiating /home/travis/build/icyphy/ptII/ptolemy/actor/lib/test/auto/UnionDisassemblerTest.xml
9 ms. Memory: 474112K Free: 398336K (84%)
----------------- Invoking toplevel() on ptolemy.moml.MoMLSimpleApplication@62ded5e6
----------------- Done invoking toplevel() on ptolemy.moml.MoMLSimpleApplication@62ded5e6
reloadAllAccessors: .UnionDisassemblerTest

===========================================================================================
----------------- testing Mon Sep 16 05:48:38 UTC 2019 /home/travis/build/icyphy/ptII/ptolemy/actor/lib/test/auto/UtilityFunctions.xml
----------------- Instantiating /home/travis/build/icyphy/ptII/ptolemy/actor/lib/test/auto/UtilityFunctions.xml
2 ms. Memory: 474112K Free: 394240K (83%)
----------------- Invoking toplevel() on ptolemy.moml.MoMLSimpleApplication@45182c2d
----------------- Done invoking toplevel() on ptolemy.moml.MoMLSimpleApplication@45182c2d
reloadAllAccessors: .UtilityFunctions

===========================================================================================
----------------- testing Mon Sep 16 05:48:38 UTC 2019 /home/travis/build/icyphy/ptII/ptolemy/actor/lib/test/auto/VariableSleep.xml
----------------- Instantiating /home/travis/build/icyphy/ptII/ptolemy/actor/lib/test/auto/VariableSleep.xml
504 ms. Memory: 474112K Free: 389120K (82%)
----------------- Invoking toplevel() on ptolemy.moml.MoMLSimpleApplication@34e983ee
----------------- Done invoking toplevel() on ptolemy.moml.MoMLSimpleApplication@34e983ee
reloadAllAccessors: .VariableSleep

===========================================================================================
----------------- testing Mon Sep 16 05:48:38 UTC 2019 /home/travis/build/icyphy/ptII/ptolemy/actor/lib/test/auto/VectorAssemblerDisassemblerCT.xml
----------------- Instantiating /home/travis/build/icyphy/ptII/ptolemy/actor/lib/test/auto/VectorAssemblerDisassemblerCT.xml
103 ms. Memory: 474112K Free: 369150K (78%)
----------------- Invoking toplevel() on ptolemy.moml.MoMLSimpleApplication@40630194
----------------- Done invoking toplevel() on ptolemy.moml.MoMLSimpleApplication@40630194
reloadAllAccessors: .VectorAssemblerDisassemblerCT

===========================================================================================
----------------- testing Mon Sep 16 05:48:39 UTC 2019 /home/travis/build/icyphy/ptII/ptolemy/actor/lib/test/auto/VectorAssemblerDisassemblerDE.xml
----------------- Instantiating /home/travis/build/icyphy/ptII/ptolemy/actor/lib/test/auto/VectorAssemblerDisassemblerDE.xml
3 ms. Memory: 474112K Free: 361472K (76%)
----------------- Invoking toplevel() on ptolemy.moml.MoMLSimpleApplication@12903bb3
----------------- Done invoking toplevel() on ptolemy.moml.MoMLSimpleApplication@12903bb3
reloadAllAccessors: .VectorAssemblerDisassemblerDE

===========================================================================================
----------------- testing Mon Sep 16 05:48:39 UTC 2019 /home/travis/build/icyphy/ptII/ptolemy/actor/lib/test/auto/VectorAssemblerDisassemblerSDF.xml
----------------- Instantiating /home/travis/build/icyphy/ptII/ptolemy/actor/lib/test/auto/VectorAssemblerDisassemblerSDF.xml
3 ms. Memory: 474112K Free: 355328K (75%)
----------------- Invoking toplevel() on ptolemy.moml.MoMLSimpleApplication@6aac105e
----------------- Done invoking toplevel() on ptolemy.moml.MoMLSimpleApplication@6aac105e
reloadAllAccessors: .VectorAssemblerDisassemblerSDF

===========================================================================================
----------------- testing Mon Sep 16 05:48:39 UTC 2019 /home/travis/build/icyphy/ptII/ptolemy/actor/lib/test/auto/WallClockTime.xml
----------------- Instantiating /home/travis/build/icyphy/ptII/ptolemy/actor/lib/test/auto/WallClockTime.xml
1005 ms. Memory: 474112K Free: 350208K (74%)
----------------- Invoking toplevel() on ptolemy.moml.MoMLSimpleApplication@502e971d
----------------- Done invoking toplevel() on ptolemy.moml.MoMLSimpleApplication@502e971d
reloadAllAccessors: .WallClockTime

===========================================================================================
----------------- testing Mon Sep 16 05:48:40 UTC 2019 /home/travis/build/icyphy/ptII/ptolemy/actor/lib/test/auto/WidthTestWithSubscriberPublisher.xml
----------------- Instantiating /home/travis/build/icyphy/ptII/ptolemy/actor/lib/test/auto/WidthTestWithSubscriberPublisher.xml
13 ms. Memory: 474112K Free: 332286K (70%)
----------------- Invoking toplevel() on ptolemy.moml.MoMLSimpleApplication@39aa9038
----------------- Done invoking toplevel() on ptolemy.moml.MoMLSimpleApplication@39aa9038
reloadAllAccessors: .WidthTestWithSubscriberPublisher

===========================================================================================
----------------- testing Mon Sep 16 05:48:40 UTC 2019 /home/travis/build/icyphy/ptII/ptolemy/actor/lib/test/auto/WidthTestWithSubscriberPublisher2.xml
----------------- Instantiating /home/travis/build/icyphy/ptII/ptolemy/actor/lib/test/auto/WidthTestWithSubscriberPublisher2.xml
3 ms. Memory: 474112K Free: 325632K (69%)
----------------- Invoking toplevel() on ptolemy.moml.MoMLSimpleApplication@3ef79e21
----------------- Done invoking toplevel() on ptolemy.moml.MoMLSimpleApplication@3ef79e21
reloadAllAccessors: .WidthTestWithSubscriberPublisher2

===========================================================================================
----------------- testing Mon Sep 16 05:48:40 UTC 2019 /home/travis/build/icyphy/ptII/ptolemy/actor/lib/test/auto/WidthTestWithSubscriberPublisher3.xml
----------------- Instantiating /home/travis/build/icyphy/ptII/ptolemy/actor/lib/test/auto/WidthTestWithSubscriberPublisher3.xml
2 ms. Memory: 474112K Free: 319488K (67%)
----------------- Invoking toplevel() on ptolemy.moml.MoMLSimpleApplication@15bff31e
----------------- Done invoking toplevel() on ptolemy.moml.MoMLSimpleApplication@15bff31e
reloadAllAccessors: .WidthTestWithSubscriberPublisher3

===========================================================================================
----------------- testing Mon Sep 16 05:48:40 UTC 2019 /home/travis/build/icyphy/ptII/ptolemy/actor/lib/test/auto/Writer.xml
----------------- Instantiating /home/travis/build/icyphy/ptII/ptolemy/actor/lib/test/auto/Writer.xml
0
1
2
3
4
2 ms. Memory: 474112K Free: 315392K (67%)
----------------- Invoking toplevel() on ptolemy.moml.MoMLSimpleApplication@57dcd06a
----------------- Done invoking toplevel() on ptolemy.moml.MoMLSimpleApplication@57dcd06a
reloadAllAccessors: .Writer

===========================================================================================
----------------- testing Mon Sep 16 05:48:40 UTC 2019 /home/travis/build/icyphy/ptII/ptolemy/actor/lib/test/auto/array.xml
----------------- Instantiating /home/travis/build/icyphy/ptII/ptolemy/actor/lib/test/auto/array.xml
3 ms. Memory: 474112K Free: 310782K (66%)
----------------- Invoking toplevel() on ptolemy.moml.MoMLSimpleApplication@60329d49
----------------- Done invoking toplevel() on ptolemy.moml.MoMLSimpleApplication@60329d49
reloadAllAccessors: .array

===========================================================================================
----------------- testing Mon Sep 16 05:48:40 UTC 2019 /home/travis/build/icyphy/ptII/ptolemy/actor/lib/test/auto/array2.xml
----------------- Instantiating /home/travis/build/icyphy/ptII/ptolemy/actor/lib/test/auto/array2.xml
11 ms. Memory: 474112K Free: 305152K (64%)
----------------- Invoking toplevel() on ptolemy.moml.MoMLSimpleApplication@29eed7e2
----------------- Done invoking toplevel() on ptolemy.moml.MoMLSimpleApplication@29eed7e2
reloadAllAccessors: .array2

===========================================================================================
----------------- testing Mon Sep 16 05:48:40 UTC 2019 /home/travis/build/icyphy/ptII/ptolemy/actor/lib/test/auto/arrayType.xml
----------------- Instantiating /home/travis/build/icyphy/ptII/ptolemy/actor/lib/test/auto/arrayType.xml
3 ms. Memory: 474112K Free: 300032K (63%)
----------------- Invoking toplevel() on ptolemy.moml.MoMLSimpleApplication@5173efa0
----------------- Done invoking toplevel() on ptolemy.moml.MoMLSimpleApplication@5173efa0
reloadAllAccessors: .arrayType

===========================================================================================
----------------- testing Mon Sep 16 05:48:40 UTC 2019 /home/travis/build/icyphy/ptII/ptolemy/actor/lib/test/auto/arrayType10.xml
----------------- Instantiating /home/travis/build/icyphy/ptII/ptolemy/actor/lib/test/auto/arrayType10.xml
2 ms. Memory: 474112K Free: 295422K (62%)
----------------- Invoking toplevel() on ptolemy.moml.MoMLSimpleApplication@ff2d52c
----------------- Done invoking toplevel() on ptolemy.moml.MoMLSimpleApplication@ff2d52c
reloadAllAccessors: .arrayType10

===========================================================================================
----------------- testing Mon Sep 16 05:48:40 UTC 2019 /home/travis/build/icyphy/ptII/ptolemy/actor/lib/test/auto/arrayType11.xml
----------------- Instantiating /home/travis/build/icyphy/ptII/ptolemy/actor/lib/test/auto/arrayType11.xml
2 ms. Memory: 474112K Free: 290302K (61%)
----------------- Invoking toplevel() on ptolemy.moml.MoMLSimpleApplication@365e07d6
----------------- Done invoking toplevel() on ptolemy.moml.MoMLSimpleApplication@365e07d6
reloadAllAccessors: .arrayType11

===========================================================================================
----------------- testing Mon Sep 16 05:48:40 UTC 2019 /home/travis/build/icyphy/ptII/ptolemy/actor/lib/test/auto/arrayType12.xml
----------------- Instantiating /home/travis/build/icyphy/ptII/ptolemy/actor/lib/test/auto/arrayType12.xml
2 ms. Memory: 474112K Free: 285696K (60%)
----------------- Invoking toplevel() on ptolemy.moml.MoMLSimpleApplication@458a61a2
----------------- Done invoking toplevel() on ptolemy.moml.MoMLSimpleApplication@458a61a2
reloadAllAccessors: .arrayType12

===========================================================================================
----------------- testing Mon Sep 16 05:48:40 UTC 2019 /home/travis/build/icyphy/ptII/ptolemy/actor/lib/test/auto/arrayType13.xml
----------------- Instantiating /home/travis/build/icyphy/ptII/ptolemy/actor/lib/test/auto/arrayType13.xml
1 ms. Memory: 474112K Free: 280576K (59%)
----------------- Invoking toplevel() on ptolemy.moml.MoMLSimpleApplication@31571198
----------------- Done invoking toplevel() on ptolemy.moml.MoMLSimpleApplication@31571198
reloadAllAccessors: .arrayType13

===========================================================================================
----------------- testing Mon Sep 16 05:48:40 UTC 2019 /home/travis/build/icyphy/ptII/ptolemy/actor/lib/test/auto/arrayType14.xml
----------------- Instantiating /home/travis/build/icyphy/ptII/ptolemy/actor/lib/test/auto/arrayType14.xml
2 ms. Memory: 474112K Free: 275456K (58%)
----------------- Invoking toplevel() on ptolemy.moml.MoMLSimpleApplication@7a4a1b20
----------------- Done invoking toplevel() on ptolemy.moml.MoMLSimpleApplication@7a4a1b20
reloadAllAccessors: .arrayType14

===========================================================================================
----------------- testing Mon Sep 16 05:48:40 UTC 2019 /home/travis/build/icyphy/ptII/ptolemy/actor/lib/test/auto/arrayType15.xml
----------------- Instantiating /home/travis/build/icyphy/ptII/ptolemy/actor/lib/test/auto/arrayType15.xml
3 ms. Memory: 474112K Free: 269822K (57%)
----------------- Invoking toplevel() on ptolemy.moml.MoMLSimpleApplication@668b2cad
----------------- Done invoking toplevel() on ptolemy.moml.MoMLSimpleApplication@668b2cad
reloadAllAccessors: .arrayType15

===========================================================================================
----------------- testing Mon Sep 16 05:48:40 UTC 2019 /home/travis/build/icyphy/ptII/ptolemy/actor/lib/test/auto/arrayType16.xml
----------------- Instantiating /home/travis/build/icyphy/ptII/ptolemy/actor/lib/test/auto/arrayType16.xml
1 ms. Memory: 474112K Free: 264702K (56%)
----------------- Invoking toplevel() on ptolemy.moml.MoMLSimpleApplication@411ceb90
----------------- Done invoking toplevel() on ptolemy.moml.MoMLSimpleApplication@411ceb90
reloadAllAccessors: .arrayType16

===========================================================================================
----------------- testing Mon Sep 16 05:48:40 UTC 2019 /home/travis/build/icyphy/ptII/ptolemy/actor/lib/test/auto/arrayType17.xml
----------------- Instantiating /home/travis/build/icyphy/ptII/ptolemy/actor/lib/test/auto/arrayType17.xml
2 ms. Memory: 474112K Free: 259582K (55%)
----------------- Invoking toplevel() on ptolemy.moml.MoMLSimpleApplication@6a5061d4
----------------- Done invoking toplevel() on ptolemy.moml.MoMLSimpleApplication@6a5061d4
reloadAllAccessors: .arrayType17

===========================================================================================
----------------- testing Mon Sep 16 05:48:40 UTC 2019 /home/travis/build/icyphy/ptII/ptolemy/actor/lib/test/auto/arrayType18.xml
----------------- Instantiating /home/travis/build/icyphy/ptII/ptolemy/actor/lib/test/auto/arrayType18.xml
2 ms. Memory: 474112K Free: 254976K (54%)
----------------- Invoking toplevel() on ptolemy.moml.MoMLSimpleApplication@64c935d7
----------------- Done invoking toplevel() on ptolemy.moml.MoMLSimpleApplication@64c935d7
reloadAllAccessors: .arrayType18

===========================================================================================
----------------- testing Mon Sep 16 05:48:40 UTC 2019 /home/travis/build/icyphy/ptII/ptolemy/actor/lib/test/auto/arrayType19.xml
----------------- Instantiating /home/travis/build/icyphy/ptII/ptolemy/actor/lib/test/auto/arrayType19.xml
2 ms. Memory: 474112K Free: 249856K (53%)
----------------- Invoking toplevel() on ptolemy.moml.MoMLSimpleApplication@672f6b51
----------------- Done invoking toplevel() on ptolemy.moml.MoMLSimpleApplication@672f6b51
reloadAllAccessors: .arrayType19

===========================================================================================
----------------- testing Mon Sep 16 05:48:40 UTC 2019 /home/travis/build/icyphy/ptII/ptolemy/actor/lib/test/auto/arrayType2.xml
----------------- Instantiating /home/travis/build/icyphy/ptII/ptolemy/actor/lib/test/auto/arrayType2.xml
1 ms. Memory: 474112K Free: 244736K (52%)
----------------- Invoking toplevel() on ptolemy.moml.MoMLSimpleApplication@6dcf627d
----------------- Done invoking toplevel() on ptolemy.moml.MoMLSimpleApplication@6dcf627d
reloadAllAccessors: .arrayType2

===========================================================================================
----------------- testing Mon Sep 16 05:48:40 UTC 2019 /home/travis/build/icyphy/ptII/ptolemy/actor/lib/test/auto/arrayType20.xml
----------------- Instantiating /home/travis/build/icyphy/ptII/ptolemy/actor/lib/test/auto/arrayType20.xml
2 ms. Memory: 474112K Free: 240126K (51%)
----------------- Invoking toplevel() on ptolemy.moml.MoMLSimpleApplication@62508dfb
----------------- Done invoking toplevel() on ptolemy.moml.MoMLSimpleApplication@62508dfb
reloadAllAccessors: .arrayType20

===========================================================================================
----------------- testing Mon Sep 16 05:48:40 UTC 2019 /home/travis/build/icyphy/ptII/ptolemy/actor/lib/test/auto/arrayType21.xml
----------------- Instantiating /home/travis/build/icyphy/ptII/ptolemy/actor/lib/test/auto/arrayType21.xml
1 ms. Memory: 474112K Free: 235006K (50%)
----------------- Invoking toplevel() on ptolemy.moml.MoMLSimpleApplication@3c3fd140
----------------- Done invoking toplevel() on ptolemy.moml.MoMLSimpleApplication@3c3fd140
reloadAllAccessors: .arrayType21

===========================================================================================
----------------- testing Mon Sep 16 05:48:40 UTC 2019 /home/travis/build/icyphy/ptII/ptolemy/actor/lib/test/auto/arrayType22.xml
----------------- Instantiating /home/travis/build/icyphy/ptII/ptolemy/actor/lib/test/auto/arrayType22.xml
3 ms. Memory: 474112K Free: 230400K (49%)
----------------- Invoking toplevel() on ptolemy.moml.MoMLSimpleApplication@273de7a1
----------------- Done invoking toplevel() on ptolemy.moml.MoMLSimpleApplication@273de7a1
reloadAllAccessors: .arrayType22

===========================================================================================
----------------- testing Mon Sep 16 05:48:40 UTC 2019 /home/travis/build/icyphy/ptII/ptolemy/actor/lib/test/auto/arrayType23.xml
----------------- Instantiating /home/travis/build/icyphy/ptII/ptolemy/actor/lib/test/auto/arrayType23.xml
3 ms. Memory: 474112K Free: 225790K (48%)
----------------- Invoking toplevel() on ptolemy.moml.MoMLSimpleApplication@4b0a26fd
----------------- Done invoking toplevel() on ptolemy.moml.MoMLSimpleApplication@4b0a26fd
reloadAllAccessors: .arrayType23

===========================================================================================
----------------- testing Mon Sep 16 05:48:40 UTC 2019 /home/travis/build/icyphy/ptII/ptolemy/actor/lib/test/auto/arrayType24.xml
----------------- Instantiating /home/travis/build/icyphy/ptII/ptolemy/actor/lib/test/auto/arrayType24.xml
2 ms. Memory: 474112K Free: 220670K (47%)
----------------- Invoking toplevel() on ptolemy.moml.MoMLSimpleApplication@73714e09
----------------- Done invoking toplevel() on ptolemy.moml.MoMLSimpleApplication@73714e09
reloadAllAccessors: .arrayType24

===========================================================================================
----------------- testing Mon Sep 16 05:48:40 UTC 2019 /home/travis/build/icyphy/ptII/ptolemy/actor/lib/test/auto/arrayType25.xml
----------------- Instantiating /home/travis/build/icyphy/ptII/ptolemy/actor/lib/test/auto/arrayType25.xml
1 ms. Memory: 474112K Free: 215550K (45%)
----------------- Invoking toplevel() on ptolemy.moml.MoMLSimpleApplication@54852cf6
----------------- Done invoking toplevel() on ptolemy.moml.MoMLSimpleApplication@54852cf6
reloadAllAccessors: .arrayType25

===========================================================================================
----------------- testing Mon Sep 16 05:48:40 UTC 2019 /home/travis/build/icyphy/ptII/ptolemy/actor/lib/test/auto/arrayType26.xml
----------------- Instantiating /home/travis/build/icyphy/ptII/ptolemy/actor/lib/test/auto/arrayType26.xml
2 ms. Memory: 474112K Free: 210430K (44%)
----------------- Invoking toplevel() on ptolemy.moml.MoMLSimpleApplication@3275a56a
----------------- Done invoking toplevel() on ptolemy.moml.MoMLSimpleApplication@3275a56a
reloadAllAccessors: .arrayType26

===========================================================================================
----------------- testing Mon Sep 16 05:48:40 UTC 2019 /home/travis/build/icyphy/ptII/ptolemy/actor/lib/test/auto/arrayType27.xml
----------------- Instantiating /home/travis/build/icyphy/ptII/ptolemy/actor/lib/test/auto/arrayType27.xml
2 ms. Memory: 474112K Free: 204800K (43%)
----------------- Invoking toplevel() on ptolemy.moml.MoMLSimpleApplication@5ad8d7d8
----------------- Done invoking toplevel() on ptolemy.moml.MoMLSimpleApplication@5ad8d7d8
reloadAllAccessors: .arrayType27

===========================================================================================
----------------- testing Mon Sep 16 05:48:40 UTC 2019 /home/travis/build/icyphy/ptII/ptolemy/actor/lib/test/auto/arrayType28.xml
----------------- Instantiating /home/travis/build/icyphy/ptII/ptolemy/actor/lib/test/auto/arrayType28.xml
1 ms. Memory: 474112K Free: 199680K (42%)
----------------- Invoking toplevel() on ptolemy.moml.MoMLSimpleApplication@71776a6a
----------------- Done invoking toplevel() on ptolemy.moml.MoMLSimpleApplication@71776a6a
reloadAllAccessors: .arrayType28

===========================================================================================
----------------- testing Mon Sep 16 05:48:40 UTC 2019 /home/travis/build/icyphy/ptII/ptolemy/actor/lib/test/auto/arrayType3.xml
----------------- Instantiating /home/travis/build/icyphy/ptII/ptolemy/actor/lib/test/auto/arrayType3.xml
2 ms. Memory: 474112K Free: 194560K (41%)
----------------- Invoking toplevel() on ptolemy.moml.MoMLSimpleApplication@284804e3
----------------- Done invoking toplevel() on ptolemy.moml.MoMLSimpleApplication@284804e3
reloadAllAccessors: .arrayType3

===========================================================================================
----------------- testing Mon Sep 16 05:48:40 UTC 2019 /home/travis/build/icyphy/ptII/ptolemy/actor/lib/test/auto/arrayType4.xml
----------------- Instantiating /home/travis/build/icyphy/ptII/ptolemy/actor/lib/test/auto/arrayType4.xml
2 ms. Memory: 474112K Free: 188926K (40%)
----------------- Invoking toplevel() on ptolemy.moml.MoMLSimpleApplication@4cfe4be0
----------------- Done invoking toplevel() on ptolemy.moml.MoMLSimpleApplication@4cfe4be0
reloadAllAccessors: .arrayType4

===========================================================================================
----------------- testing Mon Sep 16 05:48:40 UTC 2019 /home/travis/build/icyphy/ptII/ptolemy/actor/lib/test/auto/arrayType5.xml
----------------- Instantiating /home/travis/build/icyphy/ptII/ptolemy/actor/lib/test/auto/arrayType5.xml
2 ms. Memory: 474112K Free: 183806K (39%)
----------------- Invoking toplevel() on ptolemy.moml.MoMLSimpleApplication@70cd5370
----------------- Done invoking toplevel() on ptolemy.moml.MoMLSimpleApplication@70cd5370
reloadAllAccessors: .arrayType5

===========================================================================================
----------------- testing Mon Sep 16 05:48:40 UTC 2019 /home/travis/build/icyphy/ptII/ptolemy/actor/lib/test/auto/arrayType6.xml
----------------- Instantiating /home/travis/build/icyphy/ptII/ptolemy/actor/lib/test/auto/arrayType6.xml
2 ms. Memory: 474112K Free: 179200K (38%)
----------------- Invoking toplevel() on ptolemy.moml.MoMLSimpleApplication@5a308cd8
----------------- Done invoking toplevel() on ptolemy.moml.MoMLSimpleApplication@5a308cd8
reloadAllAccessors: .arrayType6

===========================================================================================
----------------- testing Mon Sep 16 05:48:40 UTC 2019 /home/travis/build/icyphy/ptII/ptolemy/actor/lib/test/auto/arrayType7.xml
----------------- Instantiating /home/travis/build/icyphy/ptII/ptolemy/actor/lib/test/auto/arrayType7.xml
9 ms. Memory: 474112K Free: 174080K (37%)
----------------- Invoking toplevel() on ptolemy.moml.MoMLSimpleApplication@24c4037f
----------------- Done invoking toplevel() on ptolemy.moml.MoMLSimpleApplication@24c4037f
reloadAllAccessors: .arrayType7

===========================================================================================
----------------- testing Mon Sep 16 05:48:40 UTC 2019 /home/travis/build/icyphy/ptII/ptolemy/actor/lib/test/auto/arrayType8.xml
----------------- Instantiating /home/travis/build/icyphy/ptII/ptolemy/actor/lib/test/auto/arrayType8.xml
2 ms. Memory: 474112K Free: 169470K (36%)
----------------- Invoking toplevel() on ptolemy.moml.MoMLSimpleApplication@5a7e4795
----------------- Done invoking toplevel() on ptolemy.moml.MoMLSimpleApplication@5a7e4795
reloadAllAccessors: .arrayType8

===========================================================================================
----------------- testing Mon Sep 16 05:48:40 UTC 2019 /home/travis/build/icyphy/ptII/ptolemy/actor/lib/test/auto/arrayType9.xml
----------------- Instantiating /home/travis/build/icyphy/ptII/ptolemy/actor/lib/test/auto/arrayType9.xml
2 ms. Memory: 474112K Free: 164864K (35%)
----------------- Invoking toplevel() on ptolemy.moml.MoMLSimpleApplication@503c574e
----------------- Done invoking toplevel() on ptolemy.moml.MoMLSimpleApplication@503c574e
reloadAllAccessors: .arrayType9

===========================================================================================
----------------- testing Mon Sep 16 05:48:40 UTC 2019 /home/travis/build/icyphy/ptII/ptolemy/actor/lib/test/auto/cast.xml
----------------- Instantiating /home/travis/build/icyphy/ptII/ptolemy/actor/lib/test/auto/cast.xml
2 ms. Memory: 474112K Free: 159744K (34%)
----------------- Invoking toplevel() on ptolemy.moml.MoMLSimpleApplication@7761ec2e
----------------- Done invoking toplevel() on ptolemy.moml.MoMLSimpleApplication@7761ec2e
reloadAllAccessors: .cast

===========================================================================================
----------------- testing Mon Sep 16 05:48:40 UTC 2019 /home/travis/build/icyphy/ptII/ptolemy/actor/lib/test/auto/compositeMultiPort.xml
----------------- Instantiating /home/travis/build/icyphy/ptII/ptolemy/actor/lib/test/auto/compositeMultiPort.xml
4 ms. Memory: 474112K Free: 151031K (32%)
----------------- Invoking toplevel() on ptolemy.moml.MoMLSimpleApplication@17f80540
----------------- Done invoking toplevel() on ptolemy.moml.MoMLSimpleApplication@17f80540
reloadAllAccessors: .compositeMultiPort

===========================================================================================
----------------- testing Mon Sep 16 05:48:40 UTC 2019 /home/travis/build/icyphy/ptII/ptolemy/actor/lib/test/auto/expressionCastInference.xml
----------------- Instantiating /home/travis/build/icyphy/ptII/ptolemy/actor/lib/test/auto/expressionCastInference.xml
3 ms. Memory: 474112K Free: 146432K (31%)
----------------- Invoking toplevel() on ptolemy.moml.MoMLSimpleApplication@27d02b9b
----------------- Done invoking toplevel() on ptolemy.moml.MoMLSimpleApplication@27d02b9b
reloadAllAccessors: .expressionCastInference

===========================================================================================
----------------- testing Mon Sep 16 05:48:40 UTC 2019 /home/travis/build/icyphy/ptII/ptolemy/actor/lib/test/auto/expressionCastInference2.xml
----------------- Instantiating /home/travis/build/icyphy/ptII/ptolemy/actor/lib/test/auto/expressionCastInference2.xml
23 ms. Memory: 474112K Free: 419250K (88%)
----------------- Invoking toplevel() on ptolemy.moml.MoMLSimpleApplication@3d9c8401
----------------- Done invoking toplevel() on ptolemy.moml.MoMLSimpleApplication@3d9c8401
reloadAllAccessors: .expressionCastInference2

===========================================================================================
----------------- testing Mon Sep 16 05:48:40 UTC 2019 /home/travis/build/icyphy/ptII/ptolemy/actor/lib/test/auto/expressionInference.xml
----------------- Instantiating /home/travis/build/icyphy/ptII/ptolemy/actor/lib/test/auto/expressionInference.xml
2 ms. Memory: 474112K Free: 414642K (87%)
----------------- Invoking toplevel() on ptolemy.moml.MoMLSimpleApplication@36adc0ec
----------------- Done invoking toplevel() on ptolemy.moml.MoMLSimpleApplication@36adc0ec
reloadAllAccessors: .expressionInference

===========================================================================================
----------------- testing Mon Sep 16 05:48:40 UTC 2019 /home/travis/build/icyphy/ptII/ptolemy/actor/lib/test/auto/expression_bug.xml
----------------- Instantiating /home/travis/build/icyphy/ptII/ptolemy/actor/lib/test/auto/expression_bug.xml
2 ms. Memory: 474112K Free: 410032K (86%)
----------------- Invoking toplevel() on ptolemy.moml.MoMLSimpleApplication@161471e7
----------------- Done invoking toplevel() on ptolemy.moml.MoMLSimpleApplication@161471e7
reloadAllAccessors: .expression_bug

===========================================================================================
----------------- testing Mon Sep 16 05:48:40 UTC 2019 /home/travis/build/icyphy/ptII/ptolemy/actor/lib/test/auto/factorial.xml
----------------- Instantiating /home/travis/build/icyphy/ptII/ptolemy/actor/lib/test/auto/factorial.xml
92 ms. Memory: 474112K Free: 401840K (85%)
----------------- Invoking toplevel() on ptolemy.moml.MoMLSimpleApplication@3707b592
----------------- Done invoking toplevel() on ptolemy.moml.MoMLSimpleApplication@3707b592
reloadAllAccessors: .factorial

===========================================================================================
----------------- testing Mon Sep 16 05:48:41 UTC 2019 /home/travis/build/icyphy/ptII/ptolemy/actor/lib/test/auto/filterTest1.xml
----------------- Instantiating /home/travis/build/icyphy/ptII/ptolemy/actor/lib/test/auto/filterTest1.xml
4 ms. Memory: 474112K Free: 396210K (84%)
----------------- Invoking toplevel() on ptolemy.moml.MoMLSimpleApplication@75e39b5b
----------------- Done invoking toplevel() on ptolemy.moml.MoMLSimpleApplication@75e39b5b
reloadAllAccessors: .filterTest1

===========================================================================================
----------------- testing Mon Sep 16 05:48:41 UTC 2019 /home/travis/build/icyphy/ptII/ptolemy/actor/lib/test/auto/funcApplyInConst.xml
----------------- Instantiating /home/travis/build/icyphy/ptII/ptolemy/actor/lib/test/auto/funcApplyInConst.xml
1 ms. Memory: 474112K Free: 392114K (83%)
----------------- Invoking toplevel() on ptolemy.moml.MoMLSimpleApplication@36e488c7
----------------- Done invoking toplevel() on ptolemy.moml.MoMLSimpleApplication@36e488c7
reloadAllAccessors: .funcApplyInConst

===========================================================================================
----------------- testing Mon Sep 16 05:48:41 UTC 2019 /home/travis/build/icyphy/ptII/ptolemy/actor/lib/test/auto/funcApplyInExpr.xml
----------------- Instantiating /home/travis/build/icyphy/ptII/ptolemy/actor/lib/test/auto/funcApplyInExpr.xml
2 ms. Memory: 474112K Free: 388528K (82%)
----------------- Invoking toplevel() on ptolemy.moml.MoMLSimpleApplication@59b9866f
----------------- Done invoking toplevel() on ptolemy.moml.MoMLSimpleApplication@59b9866f
reloadAllAccessors: .funcApplyInExpr

===========================================================================================
----------------- testing Mon Sep 16 05:48:41 UTC 2019 /home/travis/build/icyphy/ptII/ptolemy/actor/lib/test/auto/function.xml
----------------- Instantiating /home/travis/build/icyphy/ptII/ptolemy/actor/lib/test/auto/function.xml
6 ms. Memory: 474112K Free: 383408K (81%)
----------------- Invoking toplevel() on ptolemy.moml.MoMLSimpleApplication@83f4937
----------------- Done invoking toplevel() on ptolemy.moml.MoMLSimpleApplication@83f4937
reloadAllAccessors: .function

===========================================================================================
----------------- testing Mon Sep 16 05:48:41 UTC 2019 /home/travis/build/icyphy/ptII/ptolemy/actor/lib/test/auto/function2.xml
----------------- Instantiating /home/travis/build/icyphy/ptII/ptolemy/actor/lib/test/auto/function2.xml
2 ms. Memory: 474112K Free: 378802K (80%)
----------------- Invoking toplevel() on ptolemy.moml.MoMLSimpleApplication@4db3cbc1
----------------- Done invoking toplevel() on ptolemy.moml.MoMLSimpleApplication@4db3cbc1
reloadAllAccessors: .function2

===========================================================================================
----------------- testing Mon Sep 16 05:48:41 UTC 2019 /home/travis/build/icyphy/ptII/ptolemy/actor/lib/test/auto/function3.xml
----------------- Instantiating /home/travis/build/icyphy/ptII/ptolemy/actor/lib/test/auto/function3.xml
2 ms. Memory: 474112K Free: 375216K (79%)
----------------- Invoking toplevel() on ptolemy.moml.MoMLSimpleApplication@3246403e
----------------- Done invoking toplevel() on ptolemy.moml.MoMLSimpleApplication@3246403e
reloadAllAccessors: .function3

===========================================================================================
----------------- testing Mon Sep 16 05:48:41 UTC 2019 /home/travis/build/icyphy/ptII/ptolemy/actor/lib/test/auto/functionClosureTest1.xml
----------------- Instantiating /home/travis/build/icyphy/ptII/ptolemy/actor/lib/test/auto/functionClosureTest1.xml
2 ms. Memory: 474112K Free: 369066K (78%)
----------------- Invoking toplevel() on ptolemy.moml.MoMLSimpleApplication@1234b0a
----------------- Done invoking toplevel() on ptolemy.moml.MoMLSimpleApplication@1234b0a
reloadAllAccessors: .functionClosureTest1

===========================================================================================
----------------- testing Mon Sep 16 05:48:41 UTC 2019 /home/travis/build/icyphy/ptII/ptolemy/actor/lib/test/auto/functionClosureTest2.xml
----------------- Instantiating /home/travis/build/icyphy/ptII/ptolemy/actor/lib/test/auto/functionClosureTest2.xml
1 ms. Memory: 474112K Free: 365490K (77%)
----------------- Invoking toplevel() on ptolemy.moml.MoMLSimpleApplication@28b8fb44
----------------- Done invoking toplevel() on ptolemy.moml.MoMLSimpleApplication@28b8fb44
reloadAllAccessors: .functionClosureTest2

===========================================================================================
----------------- testing Mon Sep 16 05:48:41 UTC 2019 /home/travis/build/icyphy/ptII/ptolemy/actor/lib/test/auto/functionClosureTest3.xml
----------------- Instantiating /home/travis/build/icyphy/ptII/ptolemy/actor/lib/test/auto/functionClosureTest3.xml
3 ms. Memory: 474112K Free: 359856K (76%)
----------------- Invoking toplevel() on ptolemy.moml.MoMLSimpleApplication@200a2ec5
----------------- Done invoking toplevel() on ptolemy.moml.MoMLSimpleApplication@200a2ec5
reloadAllAccessors: .functionClosureTest3

===========================================================================================
----------------- testing Mon Sep 16 05:48:41 UTC 2019 /home/travis/build/icyphy/ptII/ptolemy/actor/lib/test/auto/functionClosureTest4.xml
----------------- Instantiating /home/travis/build/icyphy/ptII/ptolemy/actor/lib/test/auto/functionClosureTest4.xml
5 ms. Memory: 474112K Free: 353712K (75%)
----------------- Invoking toplevel() on ptolemy.moml.MoMLSimpleApplication@1ab9f1a9
----------------- Done invoking toplevel() on ptolemy.moml.MoMLSimpleApplication@1ab9f1a9
reloadAllAccessors: .functionClosureTest4

===========================================================================================
----------------- testing Mon Sep 16 05:48:41 UTC 2019 /home/travis/build/icyphy/ptII/ptolemy/actor/lib/test/auto/functionClosureTest5.xml
----------------- Instantiating /home/travis/build/icyphy/ptII/ptolemy/actor/lib/test/auto/functionClosureTest5.xml
5 ms. Memory: 474112K Free: 348578K (74%)
----------------- Invoking toplevel() on ptolemy.moml.MoMLSimpleApplication@796dffff
----------------- Done invoking toplevel() on ptolemy.moml.MoMLSimpleApplication@796dffff
reloadAllAccessors: .functionClosureTest5

===========================================================================================
----------------- testing Mon Sep 16 05:48:41 UTC 2019 /home/travis/build/icyphy/ptII/ptolemy/actor/lib/test/auto/functionClosureTest6.xml
----------------- Instantiating /home/travis/build/icyphy/ptII/ptolemy/actor/lib/test/auto/functionClosureTest6.xml
2 ms. Memory: 474112K Free: 343458K (72%)
----------------- Invoking toplevel() on ptolemy.moml.MoMLSimpleApplication@75070935
----------------- Done invoking toplevel() on ptolemy.moml.MoMLSimpleApplication@75070935
reloadAllAccessors: .functionClosureTest6

===========================================================================================
----------------- testing Mon Sep 16 05:48:41 UTC 2019 /home/travis/build/icyphy/ptII/ptolemy/actor/lib/test/auto/functionsOnArcs.xml
----------------- Instantiating /home/travis/build/icyphy/ptII/ptolemy/actor/lib/test/auto/functionsOnArcs.xml
2 ms. Memory: 474112K Free: 338352K (71%)
----------------- Invoking toplevel() on ptolemy.moml.MoMLSimpleApplication@f5c9fa1
----------------- Done invoking toplevel() on ptolemy.moml.MoMLSimpleApplication@f5c9fa1
reloadAllAccessors: .functionsOnArcs

===========================================================================================
----------------- testing Mon Sep 16 05:48:41 UTC 2019 /home/travis/build/icyphy/ptII/ptolemy/actor/lib/test/auto/functionsOnArcsHOF.xml
----------------- Instantiating /home/travis/build/icyphy/ptII/ptolemy/actor/lib/test/auto/functionsOnArcsHOF.xml
5 ms. Memory: 474112K Free: 332208K (70%)
----------------- Invoking toplevel() on ptolemy.moml.MoMLSimpleApplication@424bc691
----------------- Done invoking toplevel() on ptolemy.moml.MoMLSimpleApplication@424bc691
reloadAllAccessors: .functionsOnArcsHOF

===========================================================================================
----------------- testing Mon Sep 16 05:48:41 UTC 2019 /home/travis/build/icyphy/ptII/ptolemy/actor/lib/test/auto/logic.xml
----------------- Instantiating /home/travis/build/icyphy/ptII/ptolemy/actor/lib/test/auto/logic.xml
2 ms. Memory: 474112K Free: 325040K (69%)
----------------- Invoking toplevel() on ptolemy.moml.MoMLSimpleApplication@5ef1114a
----------------- Done invoking toplevel() on ptolemy.moml.MoMLSimpleApplication@5ef1114a
reloadAllAccessors: .logic

===========================================================================================
----------------- testing Mon Sep 16 05:48:41 UTC 2019 /home/travis/build/icyphy/ptII/ptolemy/actor/lib/test/auto/matrixType.xml
----------------- Instantiating /home/travis/build/icyphy/ptII/ptolemy/actor/lib/test/auto/matrixType.xml
2 ms. Memory: 474112K Free: 319906K (67%)
----------------- Invoking toplevel() on ptolemy.moml.MoMLSimpleApplication@636d83da
----------------- Done invoking toplevel() on ptolemy.moml.MoMLSimpleApplication@636d83da
reloadAllAccessors: .matrixType

===========================================================================================
----------------- testing Mon Sep 16 05:48:41 UTC 2019 /home/travis/build/icyphy/ptII/ptolemy/actor/lib/test/auto/matrixType10.xml
----------------- Instantiating /home/travis/build/icyphy/ptII/ptolemy/actor/lib/test/auto/matrixType10.xml
2 ms. Memory: 474112K Free: 314800K (66%)
----------------- Invoking toplevel() on ptolemy.moml.MoMLSimpleApplication@71c1471a
----------------- Done invoking toplevel() on ptolemy.moml.MoMLSimpleApplication@71c1471a
reloadAllAccessors: .matrixType10

===========================================================================================
----------------- testing Mon Sep 16 05:48:41 UTC 2019 /home/travis/build/icyphy/ptII/ptolemy/actor/lib/test/auto/matrixType11.xml
----------------- Instantiating /home/travis/build/icyphy/ptII/ptolemy/actor/lib/test/auto/matrixType11.xml
2 ms. Memory: 474112K Free: 310194K (65%)
----------------- Invoking toplevel() on ptolemy.moml.MoMLSimpleApplication@61ce1dcc
----------------- Done invoking toplevel() on ptolemy.moml.MoMLSimpleApplication@61ce1dcc
reloadAllAccessors: .matrixType11

===========================================================================================
----------------- testing Mon Sep 16 05:48:41 UTC 2019 /home/travis/build/icyphy/ptII/ptolemy/actor/lib/test/auto/matrixType12.xml
----------------- Instantiating /home/travis/build/icyphy/ptII/ptolemy/actor/lib/test/auto/matrixType12.xml
2 ms. Memory: 474112K Free: 305074K (64%)
----------------- Invoking toplevel() on ptolemy.moml.MoMLSimpleApplication@c28575c
----------------- Done invoking toplevel() on ptolemy.moml.MoMLSimpleApplication@c28575c
reloadAllAccessors: .matrixType12

===========================================================================================
----------------- testing Mon Sep 16 05:48:41 UTC 2019 /home/travis/build/icyphy/ptII/ptolemy/actor/lib/test/auto/matrixType13.xml
----------------- Instantiating /home/travis/build/icyphy/ptII/ptolemy/actor/lib/test/auto/matrixType13.xml
2 ms. Memory: 474112K Free: 300464K (63%)
----------------- Invoking toplevel() on ptolemy.moml.MoMLSimpleApplication@3efa37b5
----------------- Done invoking toplevel() on ptolemy.moml.MoMLSimpleApplication@3efa37b5
reloadAllAccessors: .matrixType13

===========================================================================================
----------------- testing Mon Sep 16 05:48:41 UTC 2019 /home/travis/build/icyphy/ptII/ptolemy/actor/lib/test/auto/matrixType14.xml
----------------- Instantiating /home/travis/build/icyphy/ptII/ptolemy/actor/lib/test/auto/matrixType14.xml
2 ms. Memory: 474112K Free: 295344K (62%)
----------------- Invoking toplevel() on ptolemy.moml.MoMLSimpleApplication@4f8cd25d
----------------- Done invoking toplevel() on ptolemy.moml.MoMLSimpleApplication@4f8cd25d
reloadAllAccessors: .matrixType14

===========================================================================================
----------------- testing Mon Sep 16 05:48:41 UTC 2019 /home/travis/build/icyphy/ptII/ptolemy/actor/lib/test/auto/matrixType2.xml
----------------- Instantiating /home/travis/build/icyphy/ptII/ptolemy/actor/lib/test/auto/matrixType2.xml
2 ms. Memory: 474112K Free: 290224K (61%)
----------------- Invoking toplevel() on ptolemy.moml.MoMLSimpleApplication@7584f62b
----------------- Done invoking toplevel() on ptolemy.moml.MoMLSimpleApplication@7584f62b
reloadAllAccessors: .matrixType2

===========================================================================================
----------------- testing Mon Sep 16 05:48:41 UTC 2019 /home/travis/build/icyphy/ptII/ptolemy/actor/lib/test/auto/matrixType3.xml
----------------- Instantiating /home/travis/build/icyphy/ptII/ptolemy/actor/lib/test/auto/matrixType3.xml
5 ms. Memory: 474112K Free: 285618K (60%)
----------------- Invoking toplevel() on ptolemy.moml.MoMLSimpleApplication@14e56a9f
----------------- Done invoking toplevel() on ptolemy.moml.MoMLSimpleApplication@14e56a9f
reloadAllAccessors: .matrixType3

===========================================================================================
----------------- testing Mon Sep 16 05:48:41 UTC 2019 /home/travis/build/icyphy/ptII/ptolemy/actor/lib/test/auto/matrixType4.xml
----------------- Instantiating /home/travis/build/icyphy/ptII/ptolemy/actor/lib/test/auto/matrixType4.xml
2 ms. Memory: 474112K Free: 280498K (59%)
----------------- Invoking toplevel() on ptolemy.moml.MoMLSimpleApplication@234f674e
----------------- Done invoking toplevel() on ptolemy.moml.MoMLSimpleApplication@234f674e
reloadAllAccessors: .matrixType4

===========================================================================================
----------------- testing Mon Sep 16 05:48:41 UTC 2019 /home/travis/build/icyphy/ptII/ptolemy/actor/lib/test/auto/matrixType5.xml
----------------- Instantiating /home/travis/build/icyphy/ptII/ptolemy/actor/lib/test/auto/matrixType5.xml
1 ms. Memory: 474112K Free: 275888K (58%)
----------------- Invoking toplevel() on ptolemy.moml.MoMLSimpleApplication@16b2b2dd
----------------- Done invoking toplevel() on ptolemy.moml.MoMLSimpleApplication@16b2b2dd
reloadAllAccessors: .matrixType5

===========================================================================================
----------------- testing Mon Sep 16 05:48:41 UTC 2019 /home/travis/build/icyphy/ptII/ptolemy/actor/lib/test/auto/matrixType6.xml
----------------- Instantiating /home/travis/build/icyphy/ptII/ptolemy/actor/lib/test/auto/matrixType6.xml
1 ms. Memory: 474112K Free: 270768K (57%)
----------------- Invoking toplevel() on ptolemy.moml.MoMLSimpleApplication@52cc6b75
----------------- Done invoking toplevel() on ptolemy.moml.MoMLSimpleApplication@52cc6b75
reloadAllAccessors: .matrixType6

===========================================================================================
----------------- testing Mon Sep 16 05:48:41 UTC 2019 /home/travis/build/icyphy/ptII/ptolemy/actor/lib/test/auto/matrixType7.xml
----------------- Instantiating /home/travis/build/icyphy/ptII/ptolemy/actor/lib/test/auto/matrixType7.xml
2 ms. Memory: 474112K Free: 266162K (56%)
----------------- Invoking toplevel() on ptolemy.moml.MoMLSimpleApplication@7c1fefd3
----------------- Done invoking toplevel() on ptolemy.moml.MoMLSimpleApplication@7c1fefd3
reloadAllAccessors: .matrixType7

===========================================================================================
----------------- testing Mon Sep 16 05:48:41 UTC 2019 /home/travis/build/icyphy/ptII/ptolemy/actor/lib/test/auto/matrixType8.xml
----------------- Instantiating /home/travis/build/icyphy/ptII/ptolemy/actor/lib/test/auto/matrixType8.xml
1 ms. Memory: 474112K Free: 261042K (55%)
----------------- Invoking toplevel() on ptolemy.moml.MoMLSimpleApplication@181a29c7
----------------- Done invoking toplevel() on ptolemy.moml.MoMLSimpleApplication@181a29c7
reloadAllAccessors: .matrixType8

===========================================================================================
----------------- testing Mon Sep 16 05:48:41 UTC 2019 /home/travis/build/icyphy/ptII/ptolemy/actor/lib/test/auto/matrixType9.xml
----------------- Instantiating /home/travis/build/icyphy/ptII/ptolemy/actor/lib/test/auto/matrixType9.xml
1 ms. Memory: 474112K Free: 256432K (54%)
----------------- Invoking toplevel() on ptolemy.moml.MoMLSimpleApplication@5ec0b04a
----------------- Done invoking toplevel() on ptolemy.moml.MoMLSimpleApplication@5ec0b04a
reloadAllAccessors: .matrixType9

===========================================================================================
----------------- testing Mon Sep 16 05:48:41 UTC 2019 /home/travis/build/icyphy/ptII/ptolemy/actor/lib/test/auto/paraFunctest.xml
----------------- Instantiating /home/travis/build/icyphy/ptII/ptolemy/actor/lib/test/auto/paraFunctest.xml
2 ms. Memory: 474112K Free: 252336K (53%)
----------------- Invoking toplevel() on ptolemy.moml.MoMLSimpleApplication@390ae9a4
----------------- Done invoking toplevel() on ptolemy.moml.MoMLSimpleApplication@390ae9a4
reloadAllAccessors: .paraFunctest

===========================================================================================
----------------- testing Mon Sep 16 05:48:41 UTC 2019 /home/travis/build/icyphy/ptII/ptolemy/actor/lib/test/auto/paraFunctest2.xml
----------------- Instantiating /home/travis/build/icyphy/ptII/ptolemy/actor/lib/test/auto/paraFunctest2.xml
2 ms. Memory: 474112K Free: 248240K (52%)
----------------- Invoking toplevel() on ptolemy.moml.MoMLSimpleApplication@2f507026
----------------- Done invoking toplevel() on ptolemy.moml.MoMLSimpleApplication@2f507026
reloadAllAccessors: .paraFunctest2

===========================================================================================
----------------- testing Mon Sep 16 05:48:41 UTC 2019 /home/travis/build/icyphy/ptII/ptolemy/actor/lib/test/auto/parameterPassing.xml
----------------- Instantiating /home/travis/build/icyphy/ptII/ptolemy/actor/lib/test/auto/parameterPassing.xml
2 ms. Memory: 474112K Free: 244144K (51%)
----------------- Invoking toplevel() on ptolemy.moml.MoMLSimpleApplication@334a829
----------------- Done invoking toplevel() on ptolemy.moml.MoMLSimpleApplication@334a829
reloadAllAccessors: .parameterPassing

===========================================================================================
----------------- testing Mon Sep 16 05:48:41 UTC 2019 /home/travis/build/icyphy/ptII/ptolemy/actor/lib/test/auto/record.xml
----------------- Instantiating /home/travis/build/icyphy/ptII/ptolemy/actor/lib/test/auto/record.xml
4 ms. Memory: 474112K Free: 239024K (50%)
----------------- Invoking toplevel() on ptolemy.moml.MoMLSimpleApplication@54c6baba
----------------- Done invoking toplevel() on ptolemy.moml.MoMLSimpleApplication@54c6baba
reloadAllAccessors: .record

===========================================================================================
----------------- testing Mon Sep 16 05:48:41 UTC 2019 /home/travis/build/icyphy/ptII/ptolemy/actor/lib/test/auto/sizedarray1.xml
----------------- Instantiating /home/travis/build/icyphy/ptII/ptolemy/actor/lib/test/auto/sizedarray1.xml
2 ms. Memory: 474112K Free: 233904K (49%)
----------------- Invoking toplevel() on ptolemy.moml.MoMLSimpleApplication@488e0329
----------------- Done invoking toplevel() on ptolemy.moml.MoMLSimpleApplication@488e0329
reloadAllAccessors: .sizedarray1

===========================================================================================
----------------- testing Mon Sep 16 05:48:41 UTC 2019 /home/travis/build/icyphy/ptII/ptolemy/actor/lib/test/auto/sizedarray2.xml
----------------- Instantiating /home/travis/build/icyphy/ptII/ptolemy/actor/lib/test/auto/sizedarray2.xml
4 ms. Memory: 474112K Free: 227760K (48%)
----------------- Invoking toplevel() on ptolemy.moml.MoMLSimpleApplication@2772f0aa
----------------- Done invoking toplevel() on ptolemy.moml.MoMLSimpleApplication@2772f0aa
reloadAllAccessors: .sizedarray2

===========================================================================================
----------------- testing Mon Sep 16 05:48:41 UTC 2019 /home/travis/build/icyphy/ptII/ptolemy/actor/lib/test/auto/twoPublishers.xml
----------------- Instantiating /home/travis/build/icyphy/ptII/ptolemy/actor/lib/test/auto/twoPublishers.xml
7 ms. Memory: 474112K Free: 217010K (46%)
----------------- Invoking toplevel() on ptolemy.moml.MoMLSimpleApplication@3bc4e77a
----------------- Done invoking toplevel() on ptolemy.moml.MoMLSimpleApplication@3bc4e77a
reloadAllAccessors: .twoPublishers
AutoTests.java: About to close Vertx.
AutoTests.java: Vertx closed.
]]></system-out>
  <system-err><![CDATA[java.lang.RuntimeException: Execution failed
	at ptolemy.moml.MoMLSimpleApplication$UnloadThread.run(MoMLSimpleApplication.java:402)
Caused by: java.lang.RuntimeException: StringUtilities.exit() was called. Normally, we would exit here because Manager.exitAfterWrapup() was called.  However, because the ptolemy.ptII.exitAfterWrapup property is set, we throw this exception instead.
	at ptolemy.util.StringUtilities.exit(StringUtilities.java:365)
	at ptolemy.actor.Manager.wrapup(Manager.java:1549)
	at ptolemy.actor.Manager.execute(Manager.java:407)
	at ptolemy.actor.Manager.run(Manager.java:1263)
	at ptolemy.actor.Manager$PtolemyRunThread.run(Manager.java:1933)
Warning: '.top.test' is in training mode, set the trainingMode parameter to false before checking in
Warning: '.top.test' is in training mode, set the trainingMode parameter to false before checking in
Warning: '.top.test' is in training mode, set the trainingMode parameter to false before checking in
Warning: '.BooleanSwitch_RegressionTest_WrongTrainingValues.Test' is in training mode, set the trainingMode parameter to false before checking in
Warning: '.BooleanSwitch_RegressionTest_WrongTrainingValues.Test2' is in training mode, set the trainingMode parameter to false before checking in
Warning: '.BooleanSwitch_RegressionTest_WrongTrainingValues.Test2' The test produced 0 tokens.
Warning: '.top.testExceptionHandler' is in training mode, set the trainingMode parameter to false before checking in
java.lang.RuntimeException: Execution failed
	at ptolemy.moml.MoMLSimpleApplication$UnloadThread.run(MoMLSimpleApplication.java:402)
Caused by: ptolemy.kernel.util.IllegalActionException: PublisherPorts cannot be used at the top level, use a Publisher actor instead.
  in .PublisherPortToplevelSubscriber.PublisherPort
	at ptolemy.actor.PublisherPort.preinitialize(PublisherPort.java:403)
	at ptolemy.actor.CompositeActor.preinitialize(CompositeActor.java:1769)
	at ptolemy.actor.Manager.preinitializeAndResolveTypes(Manager.java:1040)
	at ptolemy.actor.Manager.initialize(Manager.java:710)
	at ptolemy.actor.Manager.execute(Manager.java:356)
	at ptolemy.actor.Manager.run(Manager.java:1263)
	at ptolemy.actor.Manager$PtolemyRunThread.run(Manager.java:1933)
java.lang.reflect.InvocationTargetException
	at java.base/jdk.internal.reflect.NativeConstructorAccessorImpl.newInstance0(Native Method)
	at java.base/jdk.internal.reflect.NativeConstructorAccessorImpl.newInstance(NativeConstructorAccessorImpl.java:62)
	at java.base/jdk.internal.reflect.DelegatingConstructorAccessorImpl.newInstance(DelegatingConstructorAccessorImpl.java:45)
	at java.base/java.lang.reflect.Constructor.newInstance(Constructor.java:490)
	at ptolemy.util.test.junit.AutoKnownFailedTests.RunModel(AutoKnownFailedTests.java:105)
	at java.base/jdk.internal.reflect.NativeMethodAccessorImpl.invoke0(Native Method)
	at java.base/jdk.internal.reflect.NativeMethodAccessorImpl.invoke(NativeMethodAccessorImpl.java:62)
	at java.base/jdk.internal.reflect.DelegatingMethodAccessorImpl.invoke(DelegatingMethodAccessorImpl.java:43)
	at java.base/java.lang.reflect.Method.invoke(Method.java:566)
	at org.junit.runners.model.FrameworkMethod$1.runReflectiveCall(FrameworkMethod.java:44)
	at org.junit.internal.runners.model.ReflectiveCallable.run(ReflectiveCallable.java:15)
	at org.junit.runners.model.FrameworkMethod.invokeExplosively(FrameworkMethod.java:41)
	at junitparams.internal.InvokeParameterisedMethod.evaluate(InvokeParameterisedMethod.java:102)
	at org.junit.internal.runners.statements.FailOnTimeout$1.run(FailOnTimeout.java:28)
Caused by: ptolemy.kernel.util.IllegalActionException: PublisherPorts cannot be used at the top level, use a Publisher actor instead.
  in .PublisherPortToplevelSubscriber.PublisherPort
	at ptolemy.actor.PublisherPort.preinitialize(PublisherPort.java:403)
	at ptolemy.actor.CompositeActor.preinitialize(CompositeActor.java:1769)
	at ptolemy.actor.Manager.preinitializeAndResolveTypes(Manager.java:1040)
	at ptolemy.actor.Manager.initialize(Manager.java:710)
	at ptolemy.actor.Manager.execute(Manager.java:356)
	at ptolemy.actor.Manager.run(Manager.java:1263)
	at ptolemy.actor.Manager$PtolemyRunThread.run(Manager.java:1933)
java.lang.RuntimeException: Execution failed
	at ptolemy.moml.MoMLSimpleApplication$UnloadThread.run(MoMLSimpleApplication.java:402)
Caused by: ptolemy.kernel.util.IllegalActionException: SubscriberPorts cannot be used at the top level, use a Subscriber actor instead.
  in .PublisherSubscriberPortToplevel.SubscriberPort
	at ptolemy.actor.SubscriberPort.preinitialize(SubscriberPort.java:328)
	at ptolemy.actor.CompositeActor.preinitialize(CompositeActor.java:1769)
	at ptolemy.actor.Manager.preinitializeAndResolveTypes(Manager.java:1040)
	at ptolemy.actor.Manager.initialize(Manager.java:710)
	at ptolemy.actor.Manager.execute(Manager.java:356)
	at ptolemy.actor.Manager.run(Manager.java:1263)
	at ptolemy.actor.Manager$PtolemyRunThread.run(Manager.java:1933)
java.lang.reflect.InvocationTargetException
	at java.base/jdk.internal.reflect.NativeConstructorAccessorImpl.newInstance0(Native Method)
	at java.base/jdk.internal.reflect.NativeConstructorAccessorImpl.newInstance(NativeConstructorAccessorImpl.java:62)
	at java.base/jdk.internal.reflect.DelegatingConstructorAccessorImpl.newInstance(DelegatingConstructorAccessorImpl.java:45)
	at java.base/java.lang.reflect.Constructor.newInstance(Constructor.java:490)
	at ptolemy.util.test.junit.AutoKnownFailedTests.RunModel(AutoKnownFailedTests.java:105)
	at java.base/jdk.internal.reflect.NativeMethodAccessorImpl.invoke0(Native Method)
	at java.base/jdk.internal.reflect.NativeMethodAccessorImpl.invoke(NativeMethodAccessorImpl.java:62)
	at java.base/jdk.internal.reflect.DelegatingMethodAccessorImpl.invoke(DelegatingMethodAccessorImpl.java:43)
	at java.base/java.lang.reflect.Method.invoke(Method.java:566)
	at org.junit.runners.model.FrameworkMethod$1.runReflectiveCall(FrameworkMethod.java:44)
	at org.junit.internal.runners.model.ReflectiveCallable.run(ReflectiveCallable.java:15)
	at org.junit.runners.model.FrameworkMethod.invokeExplosively(FrameworkMethod.java:41)
	at junitparams.internal.InvokeParameterisedMethod.evaluate(InvokeParameterisedMethod.java:102)
	at org.junit.internal.runners.statements.FailOnTimeout$1.run(FailOnTimeout.java:28)
Caused by: ptolemy.kernel.util.IllegalActionException: SubscriberPorts cannot be used at the top level, use a Subscriber actor instead.
  in .PublisherSubscriberPortToplevel.SubscriberPort
	at ptolemy.actor.SubscriberPort.preinitialize(SubscriberPort.java:328)
	at ptolemy.actor.CompositeActor.preinitialize(CompositeActor.java:1769)
	at ptolemy.actor.Manager.preinitializeAndResolveTypes(Manager.java:1040)
	at ptolemy.actor.Manager.initialize(Manager.java:710)
	at ptolemy.actor.Manager.execute(Manager.java:356)
	at ptolemy.actor.Manager.run(Manager.java:1263)
	at ptolemy.actor.Manager$PtolemyRunThread.run(Manager.java:1933)
java.lang.RuntimeException: Execution failed
	at ptolemy.moml.MoMLSimpleApplication$UnloadThread.run(MoMLSimpleApplication.java:402)
Caused by: ptolemy.kernel.util.IllegalActionException: SubscriptionAggregatorPorts cannot be used at the top level, use a SubscriptionAggregator actor instead.
  in .PublisherSubscriptionAggregatorPort.SubscriptionAggregatorPort
	at ptolemy.actor.SubscriptionAggregatorPort.preinitialize(SubscriptionAggregatorPort.java:353)
	at ptolemy.actor.CompositeActor.preinitialize(CompositeActor.java:1769)
	at ptolemy.actor.Manager.preinitializeAndResolveTypes(Manager.java:1040)
	at ptolemy.actor.Manager.initialize(Manager.java:710)
	at ptolemy.actor.Manager.execute(Manager.java:356)
	at ptolemy.actor.Manager.run(Manager.java:1263)
	at ptolemy.actor.Manager$PtolemyRunThread.run(Manager.java:1933)
java.lang.reflect.InvocationTargetException
	at java.base/jdk.internal.reflect.NativeConstructorAccessorImpl.newInstance0(Native Method)
	at java.base/jdk.internal.reflect.NativeConstructorAccessorImpl.newInstance(NativeConstructorAccessorImpl.java:62)
	at java.base/jdk.internal.reflect.DelegatingConstructorAccessorImpl.newInstance(DelegatingConstructorAccessorImpl.java:45)
	at java.base/java.lang.reflect.Constructor.newInstance(Constructor.java:490)
	at ptolemy.util.test.junit.AutoKnownFailedTests.RunModel(AutoKnownFailedTests.java:105)
	at java.base/jdk.internal.reflect.NativeMethodAccessorImpl.invoke0(Native Method)
	at java.base/jdk.internal.reflect.NativeMethodAccessorImpl.invoke(NativeMethodAccessorImpl.java:62)
	at java.base/jdk.internal.reflect.DelegatingMethodAccessorImpl.invoke(DelegatingMethodAccessorImpl.java:43)
	at java.base/java.lang.reflect.Method.invoke(Method.java:566)
	at org.junit.runners.model.FrameworkMethod$1.runReflectiveCall(FrameworkMethod.java:44)
	at org.junit.internal.runners.model.ReflectiveCallable.run(ReflectiveCallable.java:15)
	at org.junit.runners.model.FrameworkMethod.invokeExplosively(FrameworkMethod.java:41)
	at junitparams.internal.InvokeParameterisedMethod.evaluate(InvokeParameterisedMethod.java:102)
	at org.junit.internal.runners.statements.FailOnTimeout$1.run(FailOnTimeout.java:28)
Caused by: ptolemy.kernel.util.IllegalActionException: SubscriptionAggregatorPorts cannot be used at the top level, use a SubscriptionAggregator actor instead.
  in .PublisherSubscriptionAggregatorPort.SubscriptionAggregatorPort
	at ptolemy.actor.SubscriptionAggregatorPort.preinitialize(SubscriptionAggregatorPort.java:353)
	at ptolemy.actor.CompositeActor.preinitialize(CompositeActor.java:1769)
	at ptolemy.actor.Manager.preinitializeAndResolveTypes(Manager.java:1040)
	at ptolemy.actor.Manager.initialize(Manager.java:710)
	at ptolemy.actor.Manager.execute(Manager.java:356)
	at ptolemy.actor.Manager.run(Manager.java:1263)
	at ptolemy.actor.Manager$PtolemyRunThread.run(Manager.java:1933)
java.lang.RuntimeException: Execution failed
	at ptolemy.moml.MoMLSimpleApplication$UnloadThread.run(MoMLSimpleApplication.java:402)
Caused by: ptolemy.kernel.util.IllegalActionException: TypeTest actor has no training data.
  in .sizedarray3.TypeTest
	at ptolemy.actor.lib.TypeTest.initialize(TypeTest.java:250)
	at ptolemy.actor.Director.initialize(Director.java:938)
	at ptolemy.actor.Director.initialize(Director.java:907)
	at ptolemy.actor.sched.StaticSchedulingDirector.initialize(StaticSchedulingDirector.java:159)
	at ptolemy.domains.sdf.kernel.SDFDirector.initialize(SDFDirector.java:544)
	at ptolemy.actor.CompositeActor.initialize(CompositeActor.java:935)
	at ptolemy.actor.Manager.initialize(Manager.java:724)
	at ptolemy.actor.Manager.execute(Manager.java:356)
	at ptolemy.actor.Manager.run(Manager.java:1263)
	at ptolemy.actor.Manager$PtolemyRunThread.run(Manager.java:1933)
java.lang.reflect.InvocationTargetException
	at java.base/jdk.internal.reflect.NativeConstructorAccessorImpl.newInstance0(Native Method)
	at java.base/jdk.internal.reflect.NativeConstructorAccessorImpl.newInstance(NativeConstructorAccessorImpl.java:62)
	at java.base/jdk.internal.reflect.DelegatingConstructorAccessorImpl.newInstance(DelegatingConstructorAccessorImpl.java:45)
	at java.base/java.lang.reflect.Constructor.newInstance(Constructor.java:490)
	at ptolemy.util.test.junit.AutoKnownFailedTests.RunModel(AutoKnownFailedTests.java:105)
	at java.base/jdk.internal.reflect.NativeMethodAccessorImpl.invoke0(Native Method)
	at java.base/jdk.internal.reflect.NativeMethodAccessorImpl.invoke(NativeMethodAccessorImpl.java:62)
	at java.base/jdk.internal.reflect.DelegatingMethodAccessorImpl.invoke(DelegatingMethodAccessorImpl.java:43)
	at java.base/java.lang.reflect.Method.invoke(Method.java:566)
	at org.junit.runners.model.FrameworkMethod$1.runReflectiveCall(FrameworkMethod.java:44)
	at org.junit.internal.runners.model.ReflectiveCallable.run(ReflectiveCallable.java:15)
	at org.junit.runners.model.FrameworkMethod.invokeExplosively(FrameworkMethod.java:41)
	at junitparams.internal.InvokeParameterisedMethod.evaluate(InvokeParameterisedMethod.java:102)
	at org.junit.internal.runners.statements.FailOnTimeout$1.run(FailOnTimeout.java:28)
Caused by: ptolemy.kernel.util.IllegalActionException: TypeTest actor has no training data.
  in .sizedarray3.TypeTest
	at ptolemy.actor.lib.TypeTest.initialize(TypeTest.java:250)
	at ptolemy.actor.Director.initialize(Director.java:938)
	at ptolemy.actor.Director.initialize(Director.java:907)
	at ptolemy.actor.sched.StaticSchedulingDirector.initialize(StaticSchedulingDirector.java:159)
	at ptolemy.domains.sdf.kernel.SDFDirector.initialize(SDFDirector.java:544)
	at ptolemy.actor.CompositeActor.initialize(CompositeActor.java:935)
	at ptolemy.actor.Manager.initialize(Manager.java:724)
	at ptolemy.actor.Manager.execute(Manager.java:356)
	at ptolemy.actor.Manager.run(Manager.java:1263)
	at ptolemy.actor.Manager$PtolemyRunThread.run(Manager.java:1933)
]]></system-err>
</testsuite>
