<?xml version="1.0" encoding="UTF-8" ?>
<testsuite errors="0" failures="0" hostname="travis-job-74cf700c-8876-4737-9edd-63a30c7b100c" name="ptolemy.domains.qss.test.junit.JUnitTclTest" skipped="0" tests="39" time="3.608" timestamp="2018-07-10T01:39:58">
  <properties>
    <property name="npm.executable" value="npm" />
    <property name="file.encoding.pkg" value="sun.io" />
    <property name="ptII.mk.exists" value="true" />
    <property name="env.rvm_bin_path" value="/home/travis/.rvm/bin" />
    <property name="java.home" value="/usr/lib/jvm/java-8-oracle/jre" />
    <property name="env.TRAVIS_JOB_NUMBER" value="648.9" />
    <property name="env.DISPLAY" value=":99.0" />
    <property name="java.net.preferIPv4Stack" value="true" />
    <property name="env.TRAVIS_INIT" value="upstart" />
    <property name="env.SSH_TTY" value="/dev/pts/0" />
    <property name="env.RUN_TESTS" value="false" />
    <property name="timeout.short" value="1000000" />
    <property name="env.TRAVIS_STACK_NODE_ATTRIBUTES" value="/.node-attributes.yml" />
    <property name="junit.formatter" value="xml" />
    <property name="java.endorsed.dirs" value="/usr/lib/jvm/java-8-oracle/jre/lib/endorsed" />
    <property name="env.TRAVIS_SUDO" value="true" />
    <property name="env.LOGNAME" value="travis" />
    <property name="jsdoc.home" value="node_modules/@terraswarm/jsdoc" />
    <property name="debuglevel" value="source,lines,vars" />
    <property name="checkstyle.formatter" value="xml" />
    <property name="bin.vergil.makeable" value="true" />
    <property name="env._system_version" value="14.04" />
    <property name="sun.os.patch.level" value="unknown" />
    <property name="java.vendor.url" value="http://java.oracle.com/" />
    <property name="java.version" value="1.8.0_151" />
    <property name="env.TZ" value="UTC" />
    <property name="env.PT_NO_NET" value="true" />
    <property name="env.TRAVIS_PULL_REQUEST_SHA" value="" />
    <property name="env.TRAVIS_SECURE_ENV_VARS" value="true" />
    <property name="env._system_type" value="Linux" />
    <property name="java.vendor.url.bug" value="http://bugreport.sun.com/bugreport/" />
    <property name="env.SSH_CLIENT" value="10.10.4.36 49914 22" />
    <property name="npmjs-org-is-up" value="true" />
    <property name="env.GEM_HOME" value="/home/travis/.rvm/gems/ruby-2.4.1" />
    <property name="env.HAS_ANTARES_THREE_LITTLE_FRONZIES_BADGE" value="true" />
    <property name="env.PS4" value="+" />
    <property name="ant.project.invoked-targets" value="build,test.core2.xml" />
    <property name="env.TRAVIS_PULL_REQUEST_BRANCH" value="" />
    <property name="env.TRAVIS_REPO_SLUG" value="icyphy/ptII" />
    <property name="node.in.path" value="true" />
    <property name="java.maxmemory" value="1400m" />
    <property name="env.RUBY_VERSION" value="ruby-2.4.1" />
    <property name="user.name" value="travis" />
    <property name="env.LANG" value="en_US.UTF-8" />
    <property name="sun.io.unicode.encoding" value="UnicodeLittle" />
    <property name="sun.jnu.encoding" value="UTF-8" />
    <property name="java.runtime.name" value="Java(TM) SE Runtime Environment" />
    <property name="usefile" value="false" />
    <property name="return.code" value="0" />
    <property name="junit.single.formatter" value="plain" />
    <property name="env.DYLD_LIBRARY_PATH" value="/home/travis/pthla/certi-tools/lib:" />
    <property name="env.DEBIAN_FRONTEND" value="noninteractive" />
    <property name="env.SSH_CONNECTION" value="10.10.4.36 49914 10.20.1.27 22" />
    <property name="env.MYSQL_UNIX_PORT" value="/var/run/mysqld/mysqld.sock" />
    <property name="env.TRAVIS_ALLOW_FAILURE" value="false" />
    <property name="env.LC_ALL" value="en_US.UTF-8" />
    <property name="java.specification.name" value="Java Platform API Specification" />
    <property name="node.works" value="true" />
    <property name="user.timezone" value="" />
    <property name="path.separator" value=":" />
    <property name="env.PYTHON_CFLAGS" value="-g -fstack-protector --param=ssp-buffer-size=4 -Wformat -Werror=format-security" />
    <property name="timeout.long" value="4000000" />
    <property name="env.CERTI_HOME" value="/home/travis/pthla/certi-tools" />
    <property name="file.encoding" value="UTF-8" />
    <property name="ant.file.ptII" value="/home/travis/build/icyphy/ptII/build.xml" />
    <property name="javadoc.packagenames" value="com.*,diva.*,lbnl.*,org.hlacerti.*,org.json.*,org.ptolemy.*,org.terraswarm.*,ptolemy.*,ptserver.*" />
    <property name="env.TRAVIS_PULL_REQUEST_SLUG" value="" />
    <property name="ant.project.default-target" value="build" />
    <property name="env.GIT_ASKPASS" value="echo" />
    <property name="env.HOME" value="/home/travis" />
    <property name="sun.java.command" value="org.apache.tools.ant.taskdefs.optional.junit.JUnitTestRunner ptolemy.domains.qss.test.junit.JUnitTclTest skipNonTests=false filtertrace=true haltOnError=false haltOnFailure=false formatter=org.apache.tools.ant.taskdefs.optional.junit.OutErrSummaryJUnitResultFormatter showoutput=true outputtoformatters=true logfailedtests=true threadid=0 logtestlistenerevents=false formatter=org.apache.tools.ant.taskdefs.optional.junit.XMLJUnitResultFormatter,/home/travis/build/icyphy/ptII/reports/junit/TEST-ptolemy.domains.qss.test.junit.JUnitTclTest.xml crashfile=/home/travis/build/icyphy/ptII/junitvmwatcher8695908872421534471.properties propsfile=/home/travis/build/icyphy/ptII/junit5305528947700743956.properties" />
    <property name="env.MANPATH" value="/home/travis/.nvm/versions/node/v7.10.1/share/man:/home/travis/.kiex/elixirs/elixir-1.4.5/man:/home/travis/.rvm/rubies/ruby-2.4.1/share/man:/usr/local/man:/usr/local/cmake-3.9.2/man:/usr/local/clang-5.0.0/share/man:/usr/local/share/man:/usr/share/man:/home/travis/.rvm/man" />
    <property name="env.COMPOSER_NO_INTERACTION" value="1" />
    <property name="env.JDK_SWITCHER_DEFAULT" value="oraclejdk8" />
    <property name="ant.file" value="/home/travis/build/icyphy/ptII/build.xml" />
    <property name="env.TRAVIS_COMMIT_RANGE" value="5898b8ff73e6bae248f9223e68a354f21ff60f3b...d25b56b67c78ee4fe5a3d1cc3e10d9aaf4816ea6" />
    <property name="env._system_name" value="Ubuntu" />
    <property name="timeout" value="2400000" />
    <property name="ptII.classpath.optional.property" value="/home/travis/build/icyphy/ptII/lib/bsh-2.0b4.jar:/home/travis/build/icyphy/ptII/lib/ptCal.jar:/home/travis/build/icyphy/ptII/lib/java_cup.jar:/home/travis/build/icyphy/ptII/lib/saxon8.jar:/home/travis/build/icyphy/ptII/lib/saxon8-dom.jar:/home/travis/build/icyphy/ptII/lib/chic.jar:/home/travis/build/icyphy/ptII/lib/ptcolt.jar:/usr/lib/jvm/java-8-oracle/lib/tools.jar:/usr/lib/eclipse/plugins/org.eclipse.jdt.core_3.8.2.dist.jar:/usr/lib/eclipse/plugins/org.eclipse.core.runtime_3.8.0.dist.jar:/usr/lib/eclipse/plugins/org.eclipse.osgi_3.8.1.dist.jar:/usr/lib/eclipse/plugins/org.eclipse.core.resources_3.8.1.dist.jar:/usr/lib/eclipse/plugins/org.eclipse.equinox.common_3.6.100.dist.jar:/usr/lib/eclipse/plugins/org.eclipse.core.jobs_3.5.200.dist.jar:/usr/lib/eclipse/plugins/org.eclipse.core.contenttype_3.4.200.dist.jar:/usr/lib/eclipse/plugins/org.eclipse.equinox.preferences_3.5.0.dist.jar:/usr/lib/eclipse/plugins/org.eclipse.text_3.5.200.dist.jar:/usr/lib/eclipse/plugins/org.eclipse.ui.workbench_3.8.1.dist.jar:/usr/lib/eclipse/plugins/org.eclipse.jface_3.8.0.dist.jar:/usr/lib/eclipse/plugins/org.eclipse.swt_3.8.2.jar:/usr/lib/eclipse/plugins/org.eclipse.jface.text_3.8.1.dist.jar:/usr/lib/eclipse/plugins/org.eclipse.ui.workbench.texteditor_3.8.0.dist.jar:/usr/lib/eclipse/plugins/org.eclipse.ui.editors_3.8.0.dist.jar:/usr/lib/eclipse/plugins/org.eclipse.core.commands_3.6.1.dist.jar:/usr/lib/eclipse/plugins/org.eclipse.equinox.registry_3.5.200.dist.jar:/usr/lib/eclipse/plugins/org.eclipse.ui.console_3.5.100.dist.jar:/usr/lib/eclipse/plugins/org.eclipse.ui.forms_3.5.200.dist.jar:/usr/lib/eclipse/plugins/org.eclipse.ui.ide_3.8.1.dist.jar:/home/travis/build/icyphy/ptII/vendors/oracle/dbxml.jar:/home/travis/build/icyphy/ptII/vendors/oracle/db.jar:/home/travis/build/icyphy/ptII/vendors/misc/itext/iText.jar:/home/travis/build/icyphy/ptII/lib/g4ltl.jar:/home/travis/build/icyphy/ptII/lib/StructuralCoder.jar:/home/travis/build/icyphy/ptII/lib/org-openide-util.jar:/home/travis/build/icyphy/ptII/lib/org-openide-util-lookup.jar:/home/travis/build/icyphy/ptII/lib/org-netbeans-api-visual.jar:/home/travis/build/icyphy/ptII/vendors/jai-1_1_2_01/lib/jai_core.jar:/home/travis/build/icyphy/ptII/vendors/jai-1_1_2_01/lib/jai_codec.jar:/home/travis/build/icyphy/ptII/lib/jcerti.jar:/home/travis/build/icyphy/ptII/lib/smack.jar:/home/travis/build/icyphy/ptII/lib/smackx.jar:/home/travis/build/icyphy/ptII/lib/jetty-all-8.1.5-v20120716.jar:/home/travis/build/icyphy/ptII/lib/javax.servlet-api-3.0.1.jar:/home/travis/build/icyphy/ptII/lib/javax.mail.jar:/home/travis/build/icyphy/ptII/vendors/JMF-2.1.1e/lib/jmf.jar:/home/travis/build/icyphy/ptII/lib/jna-4.0.0-variadic.jar:/home/travis/build/icyphy/ptII/vendors/misc/joystick/Joystick.jar:/home/travis/build/icyphy/ptII/lib/ptjacl.jar:/home/travis/build/icyphy/ptII/lib/jsoup-1.8.2.jar:/home/travis/build/icyphy/ptII/lib/junit-4.8.2.jar:/home/travis/build/icyphy/ptII/lib/JUnitParams-0.4.0.jar:/home/travis/build/icyphy/ptII/ptolemy/actor/lib/excel/jxl.jar:/home/travis/build/icyphy/ptII/lib/jython.jar:/home/travis/build/icyphy/ptII/lib/kieler.jar:/home/travis/build/icyphy/ptII/vendors/opencv/share/OpenCV/java/opencv-341.jar:/home/travis/build/icyphy/ptII/lib/oscP5.jar:/home/travis/build/icyphy/ptII/lib/nrjavaserial-3.11.0.devel.jar:/home/travis/build/icyphy/ptII/vendors/j3d/lib/j3dcore.jar:/home/travis/build/icyphy/ptII/vendors/j3d/lib/j3dutils.jar:/home/travis/build/icyphy/ptII/vendors/j3d/lib/vecmath.jar:/home/travis/build/icyphy/ptII/ptolemy/distributed/jini/jar/jini-core.jar:/home/travis/build/icyphy/ptII/ptolemy/distributed/jini/jar/jini-ext.jar:/home/travis/build/icyphy/ptII/ptolemy/distributed/jini/jar/sun-util.jar:/home/travis/build/icyphy/ptII/lib/protobuf-java-2.4.1.jar:/home/travis/build/icyphy/ptII/lib/org.eclipse.paho.client.mqttv3.jar:/home/travis/build/icyphy/ptII/ptserver/lib/hessian-4.0.7.jar:/home/travis/build/icyphy/ptII/ptserver/lib/wmqtt.jar:/home/travis/build/icyphy/ptII/lib/mapss.jar:/home/travis/build/icyphy/ptII/ptolemy/actor/ptalon/antlr/antlr.jar:/home/travis/build/icyphy/ptII/lib/JRI.jar:/home/travis/build/icyphy/ptII/lib/commons-lang-2.6.jar:/home/travis/build/icyphy/ptII/lib/commons-logging-1.1.1.jar:/home/travis/build/icyphy/ptII/lib/sootclasses.jar:/home/travis/build/icyphy/ptII/ptolemy/actor/lib/database/mysql-connector-java-5.1.6-bin.jar:/home/travis/build/icyphy/ptII/vendors/misc/sphinx4/sphinx4-data-5prealpha.jar:/home/travis/build/icyphy/ptII/vendors/misc/sphinx4/sphinx4-core-5prealpha.jar:/home/travis/build/icyphy/ptII/lib/PDFRenderer.jar:/home/travis/build/icyphy/ptII/lib/svgSalamander.jar:/home/travis/build/icyphy/ptII/lib/rsyntaxtextarea-2.6.0-SNAPSHOT.jar:/home/travis/build/icyphy/ptII/lib/hazelcast-3.8.2.jar:/home/travis/build/icyphy/ptII/lib/jackson-annotations-2.9.0.jar:/home/travis/build/icyphy/ptII/lib/jackson-core-2.9.3.jar:/home/travis/build/icyphy/ptII/lib/jackson-databind-2.9.3.jar:/home/travis/build/icyphy/ptII/lib/netty-buffer-4.1.19.Final.jar:/home/travis/build/icyphy/ptII/lib/netty-codec-4.1.19.Final.jar:/home/travis/build/icyphy/ptII/lib/netty-codec-dns-4.1.19.Final.jar:/home/travis/build/icyphy/ptII/lib/netty-codec-http-4.1.19.Final.jar:/home/travis/build/icyphy/ptII/lib/netty-codec-http2-4.1.19.Final.jar:/home/travis/build/icyphy/ptII/lib/netty-common-4.1.19.Final.jar:/home/travis/build/icyphy/ptII/lib/netty-handler-4.1.19.Final.jar:/home/travis/build/icyphy/ptII/lib/netty-resolver-4.1.19.Final.jar:/home/travis/build/icyphy/ptII/lib/netty-resolver-dns-4.1.19.Final.jar:/home/travis/build/icyphy/ptII/lib/netty-transport-4.1.19.Final.jar:/home/travis/build/icyphy/ptII/lib/vertx-codegen-3.5.1.jar:/home/travis/build/icyphy/ptII/lib/vertx-core-3.5.2-SNAPSHOT.jar:/home/travis/build/icyphy/ptII/lib/vertx-hazelcast-3.5.1.jar:/home/travis/build/icyphy/ptII/lib/vertx-lang-js-3.5.1.jar:/home/travis/build/icyphy/ptII/lib/vertx-service-proxy-3.5.1.jar:/home/travis/build/icyphy/ptII/lib/vertx-web-3.5.1.jar:/home/travis/build/icyphy/ptII/lib/slf4j-api-1.7.13.jar:/home/travis/build/icyphy/ptII/lib/slf4j-simple-1.7.13.jar:/home/travis/build/icyphy/ptII/lib/webcam-capture-0.3.12.jar:/home/travis/build/icyphy/ptII/lib/bridj-0.7.0.jar:/home/travis/build/icyphy/ptII/lib/xbjlib-1.1.0.nrjavaserial.jar" />
    <property name="test.batch" value="**/junit/*.java" />
    <property name="env._" value="/usr/bin/timeout" />
    <property name="java.io.tmpdir" value="/tmp" />
    <property name="user.language" value="en" />
    <property name="env.HISTCONTROL" value="ignoredups:ignorespace" />
    <property name="env.GOROOT" value="/home/travis/.gimme/versions/go1.7.4.linux.amd64" />
    <property name="line.separator" value="&#xa;" />
    <property name="target" value="1.8" />
    <property name="env.TRAVIS_BUILD_DIR" value="/home/travis/build/icyphy/ptII" />
    <property name="env.ANT_OPTS" value="-Xmx2048m" />
    <property name="ant.file.type" value="file" />
    <property name="ptolemy.ptII.batchMode" value="true" />
    <property name="env.HISTSIZE" value="1000" />
    <property name="env.MERB_ENV" value="test" />
    <property name="java.vm.info" value="mixed mode" />
    <property name="source" value="1.8" />
    <property name="java.vm.specification.name" value="Java Virtual Machine Specification" />
    <property name="env.TRAVIS_TEST_RESULT" value="0" />
    <property name="jsdoc.command" value="node_modules/@terraswarm/jsdoc/jsdoc.js" />
    <property name="npm.works" value="true" />
    <property name="cobertura.dir" value="/home/travis/build/icyphy/ptII/vendors/cobertura-2.0.3" />
    <property name="env.rvm_path" value="/home/travis/.rvm" />
    <property name="env.GEM_PATH" value="/home/travis/.rvm/gems/ruby-2.4.1:/home/travis/.rvm/gems/ruby-2.4.1@global" />
    <property name="env.LC_CTYPE" value="en_US.UTF-8" />
    <property name="java.awt.printerjob" value="sun.print.PSPrinterJob" />
    <property name="env.TRAVIS_STACK_NAME" value="garnet" />
    <property name="ant.version" value="Apache Ant(TM) version 1.10.1 compiled on February 2 2017" />
    <property name="ptII.reports" value="/home/travis/build/icyphy/ptII/reports" />
    <property name="env.TRAVIS_STACK_TIMESTAMP" value="2017-12-05 19:33:09 UTC" />
    <property name="ant.file.type.ptII" value="file" />
    <property name="env.RBENV_SHELL" value="bash" />
    <property name="os.name" value="Linux" />
    <property name="java.specification.vendor" value="Oracle Corporation" />
    <property name="env.rvm_version" value="1.29.3 (latest)" />
    <property name="env.TERM" value="xterm" />
    <property name="java.vm.name" value="Java HotSpot(TM) 64-Bit Server VM" />
    <property name="env.TRAVIS_BUILD_NUMBER" value="648" />
    <property name="env.CI" value="true" />
    <property name="java.library.path" value="/home/travis/pthla/certi-tools/lib:/usr/lib/jni:/usr/local/share/OpenCV/java/:/usr/share/OpenCV/java::/usr/java/packages/lib/amd64:/usr/lib64:/lib64:/lib:/usr/lib" />
    <property name="env.rvm_prefix" value="/home/travis" />
    <property name="env.PATH" value="/home/travis/pthla/certi-tools/share/scripts:/home/travis/.rvm/gems/ruby-2.4.1/bin:/home/travis/.rvm/gems/ruby-2.4.1@global/bin:/home/travis/.rvm/rubies/ruby-2.4.1/bin:/home/travis/.rvm/bin:/home/travis/.nvm/versions/node/v7.10.1/bin:./node_modules/.bin:/home/travis/build/icyphy/ptII/bin:/home/travis/pthla/certi-tools/bin:/home/travis/bin:/home/travis/.local/bin:/opt/pyenv/shims:/home/travis/.phpenv/shims:/home/travis/perl5/perlbrew/bin:/home/travis/.kiex/elixirs/elixir-1.4.5/bin:/home/travis/.kiex/bin:/home/travis/gopath/bin:/home/travis/.gimme/versions/go1.7.4.linux.amd64/bin:/usr/local/phantomjs/bin:/usr/local/phantomjs:/usr/local/neo4j-3.2.7/bin:/usr/local/maven-3.5.2/bin:/usr/local/cmake-3.9.2/bin:/usr/local/clang-5.0.0/bin:/usr/local/sbin:/usr/local/bin:/usr/sbin:/usr/bin:/sbin:/bin:/home/travis/.phpenv/bin:/opt/pyenv/bin:/home/travis/.yarn/bin" />
    <property name="env.TRAVIS_OS_NAME" value="linux" />
    <property name="ant.java.version" value="1.8" />
    <property name="basedir" value="/home/travis/build/icyphy/ptII" />
    <property name="java.class.version" value="52.0" />
    <property name="env.SHLVL" value="3" />
    <property name="env.LD_LIBRARY_PATH" value="/home/travis/pthla/certi-tools/lib:/usr/lib/jni:/usr/local/share/OpenCV/java/:/usr/share/OpenCV/java:" />
    <property name="env.RACK_ENV" value="test" />
    <property name="ant.home" value="/home/travis/build/icyphy/ptII/ant" />
    <property name="env.NVM_DIR" value="/home/travis/.nvm" />
    <property name="env.PERLBREW_BASHRC_VERSION" value="0.80" />
    <property name="env.CERTI_FOM_PATH" value="/home/travis/pthla/certi-tools/share/federations" />
    <property name="env.TRAVIS_BUILD_ID" value="402019096" />
    <property name="env.PYENV_ROOT" value="/opt/pyenv" />
    <property name="env.TRAVIS_UID" value="2000" />
    <property name="env.rvm_pretty_print_flag" value="auto" />
    <property name="env.NVM_BIN" value="/home/travis/.nvm/versions/node/v7.10.1/bin" />
    <property name="env.TRAVIS_COMMIT" value="d25b56b67c78ee4fe5a3d1cc3e10d9aaf4816ea6" />
    <property name="env._system_arch" value="x86_64" />
    <property name="node.executable" value="node" />
    <property name="sun.boot.library.path" value="/usr/lib/jvm/java-8-oracle/jre/lib/amd64" />
    <property name="sun.management.compiler" value="HotSpot 64-Bit Tiered Compilers" />
    <property name="env.GOPATH" value="/home/travis/gopath" />
    <property name="java.awt.graphicsenv" value="sun.awt.X11GraphicsEnvironment" />
    <property name="ptolemy.ptII.dir" value="/home/travis/build/icyphy/ptII" />
    <property name="env.USER" value="travis" />
    <property name="env.HISTFILESIZE" value="2000" />
    <property name="timeout.longest" value="19000000" />
    <property name="env.TRAVIS_STACK_FEATURES" value="basic cassandra chromium couchdb disabled-ipv6 docker docker-compose elasticsearch firefox go-toolchain google-chrome jdk memcached mongodb mysql neo4j nodejs_interpreter perl_interpreter perlbrew phantomjs postgresql python_interpreter rabbitmq redis riak ruby_interpreter sqlite xserver" />
    <property name="env.TRAVIS_PULL_REQUEST" value="false" />
    <property name="env.PYENV_SHELL" value="bash" />
    <property name="ant.project.name" value="ptII" />
    <property name="java.vm.specification.version" value="1.8" />
    <property name="env.TRAVIS_DIST" value="trusty" />
    <property name="env.CERTI_VERSION" value="4.0.0" />
    <property name="env.NLSPATH" value="/usr/dt/lib/nls/msg/%L/%N.cat" />
    <property name="awt.toolkit" value="sun.awt.X11.XToolkit" />
    <property name="env.CERTI_HOST" value="localhost" />
    <property name="env.MY_RUBY_HOME" value="/home/travis/.rvm/rubies/ruby-2.4.1" />
    <property name="sun.cpu.isalist" value="" />
    <property name="java.ext.dirs" value="/usr/lib/jvm/java-8-oracle/jre/lib/ext:/usr/java/packages/lib/ext" />
    <property name="os.version" value="4.4.0-101-generic" />
    <property name="user.home" value="/home/travis" />
    <property name="env.MIX_ARCHIVES" value="/home/travis/.kiex/mix/elixir-1.4.5" />
    <property name="java.vm.vendor" value="Oracle Corporation" />
    <property name="env.TRAVIS_TAG" value="nightly" />
    <property name="env.TRAVIS_FILTERED" value="redirect_io" />
    <property name="env.JAVA_HOME" value="/usr/lib/jvm/java-8-oracle" />
    <property name="env.PTII" value="/home/travis/build/icyphy/ptII" />
    <property name="javadoc.excludepackagenames" value="adm.cvs2svn.*,build.*,config.*,doc.coding.templates.*,jni.test.jni.meaningOfLife.*,jni.test.jni.testDeux.*,jni.test.jni.testTrois.*,org.terraswarm.accessor.accessors.web.node_modules.*,org.terraswarm.accessor.accessors.web.hosts.cordova.demo.*,org.terraswarm.accessor.accessors.web.hosts.cordova.plugins.*,org.terraswarm.accessor.accessors-svn.*,pt-modules.*,ptolemy.apps.agilent.*,ptolemy.apps.anytimecontrol.*,ptolemy.apps.apes.*,ptolemy.apps.charon.*,ptolemy.apps.crazyboard.*,ptolemy.apps.eclipse.*,ptolemy.apps.etherealSting.*,ptolemy.apps.fullscreen.*,ptolemy.apps.giotto.*,ptolemy.apps.ia.*,ptolemy.apps.interfaces.*,ptolemy.apps.jmf.*,ptolemy.apps.kurt.*,ptolemy.apps.kvm.*,ptolemy.apps.lego.*,ptolemy.apps.lejos.*,ptolemy.apps.midp.*,ptolemy.apps.mobileCoding.*,ptolemy.apps.pendulum.*,ptolemy.apps.rijndael.*,ptolemy.apps.robot.*,ptolemy.apps.security.*,ptolemy.apps.sobel.*,ptolemy.apps.soot.*,ptolemy.apps.throttle.*,ptolemy.apps.tini.*,ptolemy.apps.transmission.*,ptolemy.apps.vergil.*,ptolemy.apps.waba.*,ptolemy.apps.websensor.*,ptolemy.apps.webstart.*,ptolemy.apps.xsl.*,ptolemy.apps.zaurus.*,ptolemy.backtrack.eclipse.plugin.*,ptolemy.backtrack.test.*,ptolemy.codegen.c.actor.lib.oldJavaFiles.*,ptolemy.codegen.dsp.lib.*,ptolemy.codegen.kernel.newInterfaces.*,ptolemy.codegen.lib.*,ptolemy.copernicus.kernel.fragment.*,ptolemy.copernicus.shallow.cg.*,ptolemy.domains.giotto.demo.Hierarchy.Hierarchy.*,ptolemy.domains.giotto.demo.Multimode.Multimode.*,ptolemy.domains.giotto.demo.Simple.Simple.*,ptolemy.domains.gr.lib.experimental.*,ptolemy.domains.gro.*,ptolemy.domains.pdf.*,ptolemy.domains.ptinyos.demo.Surge.output.*,ptolemy.moml.test.NoPackageActor.java*,ptolemy.plot.adm.*,ptolemy.plot.servlet.*,reports.*,signed.*,src.*,target.*,vendors.*,ptolemy.cg.adapter.generic.program.procedural.c.mbed*,ptolemy.actor.lib.fmi.fmus.omc*,ptolemy.domains.openmodelica*,ptdb.kernel.bl.save.test.*,ptdb.kernel.bl.load.test.*,ptdb.kernel.bl.search.test.*,ptdb.kernel.bl.migration.test.*,ptdb.kernel.database.test.*,ptdb.test.*,ptdb.gui.test.*,org.ptolemy.scala.*,diva.util.java2d.svg.*,ptolemy.domains.ptinyos.*,ptolemy.actor.lib.fmi.fmipp.*,,org.terraswarm.accessor.accessors.web.node_modules.*,org.terraswarm.accessor.accessors-svn,ptolemy.apps.*,ptolemy.actor.ptalon.demo.ptinyos.SendAndReceiveCnt.output,ptolemy.actor.ptalon.demo.ptinyos.SenseToLeds.output,ptolemy.domains.ptinyos.demo.CntToLedsAndRfm.output,ptolemy.domains.ptinyos.demo.RfmToLeds.output,ptolemy.domains.ptinyos.demo.SendAndReceiveCnt.output,ptolemy.domains.ptinyos.demo.SenseToLeds.output,ptolemy.actor.lib.jjs.modules.udpSocket.*" />
    <property name="env.TRAVIS_COMMIT_MESSAGE" value="Merge branch &apos;master&apos; of https://github.com/icyphy/ptII" />
    <property name="keystore" value="ptKeystore" />
    <property name="env.XDG_SESSION_ID" value="2" />
    <property name="junit.output.dir" value="/home/travis/build/icyphy/ptII/reports/junit" />
    <property name="npm.return.code" value="0" />
    <property name="user.dir" value="/home/travis/build/icyphy/ptII/ptolemy/domains/qss/test" />
    <property name="env.TRAVIS_NODE_VERSION" value="7" />
    <property name="env.XFILESEARCHPATH" value="/usr/dt/app-defaults/%L/Dt" />
    <property name="env.TRAVIS_EVENT_TYPE" value="cron" />
    <property name="env.MAIL" value="/var/mail/travis" />
    <property name="env.PERLBREW_ROOT" value="/home/travis/perl5/perlbrew" />
    <property name="env.PWD" value="/home/travis/build/icyphy/ptII" />
    <property name="timeout.npm" value="45000" />
    <property name="env.PT_TRAVIS_TEST_CORE2_XML" value="true" />
    <property name="env.PAGER" value="cat" />
    <property name="sun.cpu.endian" value="little" />
    <property name="env.TRAVIS_BUILD_STAGE_NAME" value="Test" />
    <property name="env.PERLBREW_HOME" value="/home/travis/.perlbrew" />
    <property name="env.RAILS_ENV" value="test" />
    <property name="java.vm.version" value="25.151-b12" />
    <property name="java.class.path" value="/home/travis/build/icyphy/ptII:/home/travis/build/icyphy/ptII/lib/bsh-2.0b4.jar:/home/travis/build/icyphy/ptII/lib/ptCal.jar:/home/travis/build/icyphy/ptII/lib/java_cup.jar:/home/travis/build/icyphy/ptII/lib/saxon8.jar:/home/travis/build/icyphy/ptII/lib/saxon8-dom.jar:/home/travis/build/icyphy/ptII/lib/chic.jar:/home/travis/build/icyphy/ptII/lib/ptcolt.jar:/usr/lib/jvm/java-8-oracle/lib/tools.jar:/usr/lib/eclipse/plugins/org.eclipse.jdt.core_3.8.2.dist.jar:/usr/lib/eclipse/plugins/org.eclipse.core.runtime_3.8.0.dist.jar:/usr/lib/eclipse/plugins/org.eclipse.osgi_3.8.1.dist.jar:/usr/lib/eclipse/plugins/org.eclipse.core.resources_3.8.1.dist.jar:/usr/lib/eclipse/plugins/org.eclipse.equinox.common_3.6.100.dist.jar:/usr/lib/eclipse/plugins/org.eclipse.core.jobs_3.5.200.dist.jar:/usr/lib/eclipse/plugins/org.eclipse.core.contenttype_3.4.200.dist.jar:/usr/lib/eclipse/plugins/org.eclipse.equinox.preferences_3.5.0.dist.jar:/usr/lib/eclipse/plugins/org.eclipse.text_3.5.200.dist.jar:/usr/lib/eclipse/plugins/org.eclipse.ui.workbench_3.8.1.dist.jar:/usr/lib/eclipse/plugins/org.eclipse.jface_3.8.0.dist.jar:/usr/lib/eclipse/plugins/org.eclipse.swt_3.8.2.jar:/usr/lib/eclipse/plugins/org.eclipse.jface.text_3.8.1.dist.jar:/usr/lib/eclipse/plugins/org.eclipse.ui.workbench.texteditor_3.8.0.dist.jar:/usr/lib/eclipse/plugins/org.eclipse.ui.editors_3.8.0.dist.jar:/usr/lib/eclipse/plugins/org.eclipse.core.commands_3.6.1.dist.jar:/usr/lib/eclipse/plugins/org.eclipse.equinox.registry_3.5.200.dist.jar:/usr/lib/eclipse/plugins/org.eclipse.ui.console_3.5.100.dist.jar:/usr/lib/eclipse/plugins/org.eclipse.ui.forms_3.5.200.dist.jar:/usr/lib/eclipse/plugins/org.eclipse.ui.ide_3.8.1.dist.jar:/home/travis/build/icyphy/ptII/vendors/oracle/dbxml.jar:/home/travis/build/icyphy/ptII/vendors/oracle/db.jar:/home/travis/build/icyphy/ptII/vendors/misc/itext/iText.jar:/home/travis/build/icyphy/ptII/lib/g4ltl.jar:/home/travis/build/icyphy/ptII/lib/StructuralCoder.jar:/home/travis/build/icyphy/ptII/lib/org-openide-util.jar:/home/travis/build/icyphy/ptII/lib/org-openide-util-lookup.jar:/home/travis/build/icyphy/ptII/lib/org-netbeans-api-visual.jar:/home/travis/build/icyphy/ptII/vendors/jai-1_1_2_01/lib/jai_core.jar:/home/travis/build/icyphy/ptII/vendors/jai-1_1_2_01/lib/jai_codec.jar:/home/travis/build/icyphy/ptII/lib/jcerti.jar:/home/travis/build/icyphy/ptII/lib/smack.jar:/home/travis/build/icyphy/ptII/lib/smackx.jar:/home/travis/build/icyphy/ptII/lib/jetty-all-8.1.5-v20120716.jar:/home/travis/build/icyphy/ptII/lib/javax.servlet-api-3.0.1.jar:/home/travis/build/icyphy/ptII/lib/javax.mail.jar:/home/travis/build/icyphy/ptII/vendors/JMF-2.1.1e/lib/jmf.jar:/home/travis/build/icyphy/ptII/lib/jna-4.0.0-variadic.jar:/home/travis/build/icyphy/ptII/vendors/misc/joystick/Joystick.jar:/home/travis/build/icyphy/ptII/lib/ptjacl.jar:/home/travis/build/icyphy/ptII/lib/jsoup-1.8.2.jar:/home/travis/build/icyphy/ptII/lib/junit-4.8.2.jar:/home/travis/build/icyphy/ptII/lib/JUnitParams-0.4.0.jar:/home/travis/build/icyphy/ptII/ptolemy/actor/lib/excel/jxl.jar:/home/travis/build/icyphy/ptII/lib/jython.jar:/home/travis/build/icyphy/ptII/lib/kieler.jar:/home/travis/build/icyphy/ptII/vendors/opencv/share/OpenCV/java/opencv-341.jar:/home/travis/build/icyphy/ptII/lib/oscP5.jar:/home/travis/build/icyphy/ptII/lib/nrjavaserial-3.11.0.devel.jar:/home/travis/build/icyphy/ptII/vendors/j3d/lib/j3dcore.jar:/home/travis/build/icyphy/ptII/vendors/j3d/lib/j3dutils.jar:/home/travis/build/icyphy/ptII/vendors/j3d/lib/vecmath.jar:/home/travis/build/icyphy/ptII/ptolemy/distributed/jini/jar/jini-core.jar:/home/travis/build/icyphy/ptII/ptolemy/distributed/jini/jar/jini-ext.jar:/home/travis/build/icyphy/ptII/ptolemy/distributed/jini/jar/sun-util.jar:/home/travis/build/icyphy/ptII/lib/protobuf-java-2.4.1.jar:/home/travis/build/icyphy/ptII/lib/org.eclipse.paho.client.mqttv3.jar:/home/travis/build/icyphy/ptII/ptserver/lib/hessian-4.0.7.jar:/home/travis/build/icyphy/ptII/ptserver/lib/wmqtt.jar:/home/travis/build/icyphy/ptII/lib/mapss.jar:/home/travis/build/icyphy/ptII/ptolemy/actor/ptalon/antlr/antlr.jar:/home/travis/build/icyphy/ptII/lib/JRI.jar:/home/travis/build/icyphy/ptII/lib/commons-lang-2.6.jar:/home/travis/build/icyphy/ptII/lib/commons-logging-1.1.1.jar:/home/travis/build/icyphy/ptII/lib/sootclasses.jar:/home/travis/build/icyphy/ptII/ptolemy/actor/lib/database/mysql-connector-java-5.1.6-bin.jar:/home/travis/build/icyphy/ptII/vendors/misc/sphinx4/sphinx4-data-5prealpha.jar:/home/travis/build/icyphy/ptII/vendors/misc/sphinx4/sphinx4-core-5prealpha.jar:/home/travis/build/icyphy/ptII/lib/PDFRenderer.jar:/home/travis/build/icyphy/ptII/lib/svgSalamander.jar:/home/travis/build/icyphy/ptII/lib/rsyntaxtextarea-2.6.0-SNAPSHOT.jar:/home/travis/build/icyphy/ptII/lib/hazelcast-3.8.2.jar:/home/travis/build/icyphy/ptII/lib/jackson-annotations-2.9.0.jar:/home/travis/build/icyphy/ptII/lib/jackson-core-2.9.3.jar:/home/travis/build/icyphy/ptII/lib/jackson-databind-2.9.3.jar:/home/travis/build/icyphy/ptII/lib/netty-buffer-4.1.19.Final.jar:/home/travis/build/icyphy/ptII/lib/netty-codec-4.1.19.Final.jar:/home/travis/build/icyphy/ptII/lib/netty-codec-dns-4.1.19.Final.jar:/home/travis/build/icyphy/ptII/lib/netty-codec-http-4.1.19.Final.jar:/home/travis/build/icyphy/ptII/lib/netty-codec-http2-4.1.19.Final.jar:/home/travis/build/icyphy/ptII/lib/netty-common-4.1.19.Final.jar:/home/travis/build/icyphy/ptII/lib/netty-handler-4.1.19.Final.jar:/home/travis/build/icyphy/ptII/lib/netty-resolver-4.1.19.Final.jar:/home/travis/build/icyphy/ptII/lib/netty-resolver-dns-4.1.19.Final.jar:/home/travis/build/icyphy/ptII/lib/netty-transport-4.1.19.Final.jar:/home/travis/build/icyphy/ptII/lib/vertx-codegen-3.5.1.jar:/home/travis/build/icyphy/ptII/lib/vertx-core-3.5.2-SNAPSHOT.jar:/home/travis/build/icyphy/ptII/lib/vertx-hazelcast-3.5.1.jar:/home/travis/build/icyphy/ptII/lib/vertx-lang-js-3.5.1.jar:/home/travis/build/icyphy/ptII/lib/vertx-service-proxy-3.5.1.jar:/home/travis/build/icyphy/ptII/lib/vertx-web-3.5.1.jar:/home/travis/build/icyphy/ptII/lib/slf4j-api-1.7.13.jar:/home/travis/build/icyphy/ptII/lib/slf4j-simple-1.7.13.jar:/home/travis/build/icyphy/ptII/lib/webcam-capture-0.3.12.jar:/home/travis/build/icyphy/ptII/lib/bridj-0.7.0.jar:/home/travis/build/icyphy/ptII/lib/xbjlib-1.1.0.nrjavaserial.jar:/home/travis/build/icyphy/ptII/ptolemy/moml/test:/home/travis/build/icyphy/ptII/ant/lib/ant-launcher.jar:/home/travis/build/icyphy/ptII/ant/lib/ant.jar:/home/travis/build/icyphy/ptII/ant/lib/ant-junit.jar:/home/travis/build/icyphy/ptII/ant/lib/ant-junit4.jar" />
    <property name="ant.library.dir" value="/home/travis/build/icyphy/ptII/ant/lib" />
    <property name="os.arch" value="amd64" />
    <property name="env.TRAVIS_LANGUAGE" value="node_js" />
    <property name="env.CONTINUOUS_INTEGRATION" value="true" />
    <property name="env.TRAVIS_STACK_LANGUAGES" value="__garnet__ c c++ clojure cplusplus cpp default go groovy java node_js php pure_java python ruby scala" />
    <property name="test.name" value="ptolemy.actor.lib.test.junit.JUnitTclTest" />
    <property name="sun.java.launcher" value="SUN_STANDARD" />
    <property name="env.PYTHON_CONFIGURE_OPTS" value="--enable-unicode=ucs4 --with-wide-unicode --enable-shared --enable-ipv6 --enable-loadable-sqlite-extensions --with-computed-gotos" />
    <property name="ant.core.lib" value="/home/travis/build/icyphy/ptII/ant/lib/ant.jar" />
    <property name="java.vm.specification.vendor" value="Oracle Corporation" />
    <property name="env.BCVTB_HOME" value="/home/travis/build/icyphy/ptII/lbnl" />
    <property name="file.separator" value="/" />
    <property name="java.runtime.version" value="1.8.0_151-b12" />
    <property name="spotbugs.home" value="/home/travis/build/icyphy/ptII/vendors/spotbugs-3.1.1" />
    <property name="sun.boot.class.path" value="/usr/lib/jvm/java-8-oracle/jre/lib/resources.jar:/usr/lib/jvm/java-8-oracle/jre/lib/rt.jar:/usr/lib/jvm/java-8-oracle/jre/lib/sunrsasign.jar:/usr/lib/jvm/java-8-oracle/jre/lib/jsse.jar:/usr/lib/jvm/java-8-oracle/jre/lib/jce.jar:/usr/lib/jvm/java-8-oracle/jre/lib/charsets.jar:/usr/lib/jvm/java-8-oracle/jre/lib/jfr.jar:/usr/lib/jvm/java-8-oracle/jre/classes" />
    <property name="env.HAS_JOSH_K_SEAL_OF_APPROVAL" value="true" />
    <property name="env.XDG_RUNTIME_DIR" value="/run/user/2000" />
    <property name="env.TRAVIS_OSX_IMAGE" value="" />
    <property name="env.TRAVIS_BRANCH" value="master" />
    <property name="env.TRAVIS_JOB_ID" value="402019105" />
    <property name="user.country" value="US" />
    <property name="env.CERTI_HOME_TRAVIS" value="/home/travis/pthla/certi-tools" />
    <property name="env.SHELL" value="/bin/bash" />
    <property name="java.maxmemory.large" value="5000m" />
    <property name="model" value="" />
    <property name="env.CASHER_DIR" value="/home/travis/.casher" />
    <property name="env.NVM_CD_FLAGS" value="" />
    <property name="jshint.executable" value="/home/travis/node_modules/jshint/bin/jshint" />
    <property name="java.vendor" value="Oracle Corporation" />
    <property name="env.JRUBY_OPTS" value=" --client -J-XX:+TieredCompilation -J-XX:TieredStopAtLevel=1 -J-Xss2m -Xcompile.invokedynamic=false" />
    <property name="env.TRAVIS_PRE_CHEF_BOOTSTRAP_TIME" value="2017-12-05T19:32:55" />
    <property name="env.ELIXIR_VERSION" value="1.4.5" />
    <property name="env.TRAVIS_STACK_JOB_BOARD_REGISTER" value="/.job-board-register.yml" />
    <property name="java.specification.version" value="1.8" />
    <property name="env.TRAVIS" value="true" />
    <property name="env.IRBRC" value="/home/travis/.rvm/rubies/ruby-2.4.1/.irbrc" />
    <property name="sun.arch.data.model" value="64" />
  </properties>
  <testcase classname="ptolemy.util.test.junit.TclTests" name="[0] ThereAreNoTclTests (RunTclFile)" time="0.002" />
  <testcase classname="ptolemy.util.test.junit.AutoKnownFailedTests" name="[0] ThereAreNoKnowFailedTests (RunModel)" time="0.002" />
  <testcase classname="ptolemy.util.test.junit.AutoNameArchTests" name="[0] ThereAreNoAutoArchTests (RunModel)" time="0.001" />
  <testcase classname="ptolemy.util.test.junit.AutoTests" name="[0] /home/travis/build/icyphy/ptII/ptolemy/domains/qss/test/auto/Align1.xml (RunModel)" time="0.304" />
  <testcase classname="ptolemy.util.test.junit.AutoTests" name="[1] /home/travis/build/icyphy/ptII/ptolemy/domains/qss/test/auto/CascadedIntegrators.xml (RunModel)" time="1.33" />
  <testcase classname="ptolemy.util.test.junit.AutoTests" name="[2] /home/travis/build/icyphy/ptII/ptolemy/domains/qss/test/auto/FirstOrder.xml (RunModel)" time="0.074" />
  <testcase classname="ptolemy.util.test.junit.AutoTests" name="[3] /home/travis/build/icyphy/ptII/ptolemy/domains/qss/test/auto/FirstOrderOscillating.xml (RunModel)" time="0.031" />
  <testcase classname="ptolemy.util.test.junit.AutoTests" name="[4] /home/travis/build/icyphy/ptII/ptolemy/domains/qss/test/auto/HelloWorld.xml (RunModel)" time="0.024" />
  <testcase classname="ptolemy.util.test.junit.AutoTests" name="[5] /home/travis/build/icyphy/ptII/ptolemy/domains/qss/test/auto/HelloWorld2.xml (RunModel)" time="0.046" />
  <testcase classname="ptolemy.util.test.junit.AutoTests" name="[6] /home/travis/build/icyphy/ptII/ptolemy/domains/qss/test/auto/HelloWorld3.xml (RunModel)" time="0.05" />
  <testcase classname="ptolemy.util.test.junit.AutoTests" name="[7] /home/travis/build/icyphy/ptII/ptolemy/domains/qss/test/auto/HelloWorld4.xml (RunModel)" time="0.107" />
  <testcase classname="ptolemy.util.test.junit.AutoTests" name="[8] /home/travis/build/icyphy/ptII/ptolemy/domains/qss/test/auto/HelloWorld5.xml (RunModel)" time="0.033" />
  <testcase classname="ptolemy.util.test.junit.AutoTests" name="[9] /home/travis/build/icyphy/ptII/ptolemy/domains/qss/test/auto/HelloWorld6.xml (RunModel)" time="0.026" />
  <testcase classname="ptolemy.util.test.junit.AutoTests" name="[10] /home/travis/build/icyphy/ptII/ptolemy/domains/qss/test/auto/HelloWorld7.xml (RunModel)" time="0.097" />
  <testcase classname="ptolemy.util.test.junit.AutoTests" name="[11] /home/travis/build/icyphy/ptII/ptolemy/domains/qss/test/auto/HelloWorldPropagate.xml (RunModel)" time="0.076" />
  <testcase classname="ptolemy.util.test.junit.AutoTests" name="[12] /home/travis/build/icyphy/ptII/ptolemy/domains/qss/test/auto/HelloWorldPropagate2.xml (RunModel)" time="0.03" />
  <testcase classname="ptolemy.util.test.junit.AutoTests" name="[13] /home/travis/build/icyphy/ptII/ptolemy/domains/qss/test/auto/IntegratorImpulse1.xml (RunModel)" time="0.031" />
  <testcase classname="ptolemy.util.test.junit.AutoTests" name="[14] /home/travis/build/icyphy/ptII/ptolemy/domains/qss/test/auto/IntegratorImpulse2.xml (RunModel)" time="0.036" />
  <testcase classname="ptolemy.util.test.junit.AutoTests" name="[15] /home/travis/build/icyphy/ptII/ptolemy/domains/qss/test/auto/IntegratorImpulse3.xml (RunModel)" time="0.04" />
  <testcase classname="ptolemy.util.test.junit.AutoTests" name="[16] /home/travis/build/icyphy/ptII/ptolemy/domains/qss/test/auto/IntegratorImpulse4.xml (RunModel)" time="0.036" />
  <testcase classname="ptolemy.util.test.junit.AutoTests" name="[17] /home/travis/build/icyphy/ptII/ptolemy/domains/qss/test/auto/Persistence.xml (RunModel)" time="0.032" />
  <testcase classname="ptolemy.util.test.junit.AutoTests" name="[18] /home/travis/build/icyphy/ptII/ptolemy/domains/qss/test/auto/QSS2_1.xml (RunModel)" time="0.03" />
  <testcase classname="ptolemy.util.test.junit.AutoTests" name="[19] /home/travis/build/icyphy/ptII/ptolemy/domains/qss/test/auto/SecondOrder.xml (RunModel)" time="0.063" />
  <testcase classname="ptolemy.util.test.junit.AutoTests" name="[20] /home/travis/build/icyphy/ptII/ptolemy/domains/qss/test/auto/SmoothSignal1.xml (RunModel)" time="0.027" />
  <testcase classname="ptolemy.util.test.junit.AutoTests" name="[21] /home/travis/build/icyphy/ptII/ptolemy/domains/qss/test/auto/SmoothSignal2.xml (RunModel)" time="0.018" />
  <testcase classname="ptolemy.util.test.junit.AutoTests" name="[22] /home/travis/build/icyphy/ptII/ptolemy/domains/qss/test/auto/SmoothSignal3.xml (RunModel)" time="0.038" />
  <testcase classname="ptolemy.util.test.junit.AutoTests" name="[23] /home/travis/build/icyphy/ptII/ptolemy/domains/qss/test/auto/SmoothSignal4.xml (RunModel)" time="0.018" />
  <testcase classname="ptolemy.util.test.junit.AutoTests" name="[24] /home/travis/build/icyphy/ptII/ptolemy/domains/qss/test/auto/SmoothSignal5.xml (RunModel)" time="0.025" />
  <testcase classname="ptolemy.util.test.junit.AutoTests" name="[25] /home/travis/build/icyphy/ptII/ptolemy/domains/qss/test/auto/SmoothToken.xml (RunModel)" time="0.042" />
  <testcase classname="ptolemy.util.test.junit.AutoTests" name="[26] /home/travis/build/icyphy/ptII/ptolemy/domains/qss/test/auto/SmoothZeroCrossingDetector.xml (RunModel)" time="0.014" />
  <testcase classname="ptolemy.util.test.junit.AutoTests" name="[27] /home/travis/build/icyphy/ptII/ptolemy/domains/qss/test/auto/SmoothZeroCrossingDetector2.xml (RunModel)" time="0.025" />
  <testcase classname="ptolemy.util.test.junit.AutoTests" name="[28] /home/travis/build/icyphy/ptII/ptolemy/domains/qss/test/auto/SmoothZeroCrossingDetector3.xml (RunModel)" time="0.016" />
  <testcase classname="ptolemy.util.test.junit.AutoTests" name="[29] /home/travis/build/icyphy/ptII/ptolemy/domains/qss/test/auto/SmoothZeroCrossingDetector4.xml (RunModel)" time="0.02" />
  <testcase classname="ptolemy.util.test.junit.AutoTests" name="[30] /home/travis/build/icyphy/ptII/ptolemy/domains/qss/test/auto/SmoothZeroCrossingDetector5.xml (RunModel)" time="0.015" />
  <testcase classname="ptolemy.util.test.junit.AutoTests" name="[31] /home/travis/build/icyphy/ptII/ptolemy/domains/qss/test/auto/SmoothZeroCrossingDetector6.xml (RunModel)" time="0.022" />
  <testcase classname="ptolemy.util.test.junit.AutoTests" name="[32] /home/travis/build/icyphy/ptII/ptolemy/domains/qss/test/auto/SmoothZeroCrossingDetector7.xml (RunModel)" time="0.016" />
  <testcase classname="ptolemy.util.test.junit.AutoTests" name="[33] /home/travis/build/icyphy/ptII/ptolemy/domains/qss/test/auto/SmoothZeroCrossingDetector8.xml (RunModel)" time="0.015" />
  <testcase classname="ptolemy.util.test.junit.AutoTests" name="[34] /home/travis/build/icyphy/ptII/ptolemy/domains/qss/test/auto/ThermalMassWithHeatLoss.xml (RunModel)" time="0.168" />
  <testcase classname="ptolemy.util.test.junit.AutoTests" name="[35] /home/travis/build/icyphy/ptII/ptolemy/domains/qss/test/auto/TokenAddition.xml (RunModel)" time="0.027" />
  <system-out><![CDATA[No tcl tests in /home/travis/build/icyphy/ptII/ptolemy/domains/qss/test
No auto/knownFailedTests/*.xml tests in /home/travis/build/icyphy/ptII/ptolemy/domains/qss/test
No auto/linux-amd64/*.xml tests in /home/travis/build/icyphy/ptII/ptolemy/domains/qss/test
AutoTests.java: About to close Vertx.
AutoTests.java: Vertx closed.

===========================================================================================
----------------- testing Tue Jul 10 01:39:59 UTC 2018 /home/travis/build/icyphy/ptII/ptolemy/domains/qss/test/auto/Align1.xml
----------------- Instantiating /home/travis/build/icyphy/ptII/ptolemy/domains/qss/test/auto/Align1.xml
29 ms. Memory: 116224K Free: 84065K (72%)
----------------- Invoking toplevel() on ptolemy.moml.MoMLSimpleApplication@47bd6f19
----------------- Done invoking toplevel() on ptolemy.moml.MoMLSimpleApplication@47bd6f19
reloadAllAccessors: .Align1

===========================================================================================
----------------- testing Tue Jul 10 01:39:59 UTC 2018 /home/travis/build/icyphy/ptII/ptolemy/domains/qss/test/auto/CascadedIntegrators.xml
----------------- Instantiating /home/travis/build/icyphy/ptII/ptolemy/domains/qss/test/auto/CascadedIntegrators.xml
1197 ms. Memory: 146944K Free: 130712K (89%)
----------------- Invoking toplevel() on ptolemy.moml.MoMLSimpleApplication@1c085b71
----------------- Done invoking toplevel() on ptolemy.moml.MoMLSimpleApplication@1c085b71
reloadAllAccessors: .model

===========================================================================================
----------------- testing Tue Jul 10 01:40:01 UTC 2018 /home/travis/build/icyphy/ptII/ptolemy/domains/qss/test/auto/FirstOrder.xml
----------------- Instantiating /home/travis/build/icyphy/ptII/ptolemy/domains/qss/test/auto/FirstOrder.xml
10 ms. Memory: 146944K Free: 122946K (84%)
----------------- Invoking toplevel() on ptolemy.moml.MoMLSimpleApplication@73e29982
----------------- Done invoking toplevel() on ptolemy.moml.MoMLSimpleApplication@73e29982
reloadAllAccessors: .FirstOrder

===========================================================================================
----------------- testing Tue Jul 10 01:40:01 UTC 2018 /home/travis/build/icyphy/ptII/ptolemy/domains/qss/test/auto/FirstOrderOscillating.xml
----------------- Instantiating /home/travis/build/icyphy/ptII/ptolemy/domains/qss/test/auto/FirstOrderOscillating.xml
6 ms. Memory: 146944K Free: 117990K (80%)
----------------- Invoking toplevel() on ptolemy.moml.MoMLSimpleApplication@58a25573
----------------- Done invoking toplevel() on ptolemy.moml.MoMLSimpleApplication@58a25573
reloadAllAccessors: .FirstOrderOscillating

===========================================================================================
----------------- testing Tue Jul 10 01:40:01 UTC 2018 /home/travis/build/icyphy/ptII/ptolemy/domains/qss/test/auto/HelloWorld.xml
----------------- Instantiating /home/travis/build/icyphy/ptII/ptolemy/domains/qss/test/auto/HelloWorld.xml
4 ms. Memory: 146944K Free: 113042K (77%)
----------------- Invoking toplevel() on ptolemy.moml.MoMLSimpleApplication@6712ce48
----------------- Done invoking toplevel() on ptolemy.moml.MoMLSimpleApplication@6712ce48
reloadAllAccessors: .HelloWorld

===========================================================================================
----------------- testing Tue Jul 10 01:40:01 UTC 2018 /home/travis/build/icyphy/ptII/ptolemy/domains/qss/test/auto/HelloWorld2.xml
----------------- Instantiating /home/travis/build/icyphy/ptII/ptolemy/domains/qss/test/auto/HelloWorld2.xml
10 ms. Memory: 146944K Free: 108062K (74%)
----------------- Invoking toplevel() on ptolemy.moml.MoMLSimpleApplication@4f20ea70
----------------- Done invoking toplevel() on ptolemy.moml.MoMLSimpleApplication@4f20ea70
reloadAllAccessors: .HelloWorld2

===========================================================================================
----------------- testing Tue Jul 10 01:40:01 UTC 2018 /home/travis/build/icyphy/ptII/ptolemy/domains/qss/test/auto/HelloWorld3.xml
----------------- Instantiating /home/travis/build/icyphy/ptII/ptolemy/domains/qss/test/auto/HelloWorld3.xml
5 ms. Memory: 146944K Free: 102183K (70%)
----------------- Invoking toplevel() on ptolemy.moml.MoMLSimpleApplication@249f435
----------------- Done invoking toplevel() on ptolemy.moml.MoMLSimpleApplication@249f435
reloadAllAccessors: .HelloWorld3

===========================================================================================
----------------- testing Tue Jul 10 01:40:01 UTC 2018 /home/travis/build/icyphy/ptII/ptolemy/domains/qss/test/auto/HelloWorld4.xml
----------------- Instantiating /home/travis/build/icyphy/ptII/ptolemy/domains/qss/test/auto/HelloWorld4.xml
7 ms. Memory: 146944K Free: 94769K (64%)
----------------- Invoking toplevel() on ptolemy.moml.MoMLSimpleApplication@dbb843d
----------------- Done invoking toplevel() on ptolemy.moml.MoMLSimpleApplication@dbb843d
reloadAllAccessors: .HelloWorld4

===========================================================================================
----------------- testing Tue Jul 10 01:40:01 UTC 2018 /home/travis/build/icyphy/ptII/ptolemy/domains/qss/test/auto/HelloWorld5.xml
----------------- Instantiating /home/travis/build/icyphy/ptII/ptolemy/domains/qss/test/auto/HelloWorld5.xml
3 ms. Memory: 146944K Free: 89813K (61%)
----------------- Invoking toplevel() on ptolemy.moml.MoMLSimpleApplication@4fd73035
----------------- Done invoking toplevel() on ptolemy.moml.MoMLSimpleApplication@4fd73035
reloadAllAccessors: .HelloWorld5

===========================================================================================
----------------- testing Tue Jul 10 01:40:01 UTC 2018 /home/travis/build/icyphy/ptII/ptolemy/domains/qss/test/auto/HelloWorld6.xml
----------------- Instantiating /home/travis/build/icyphy/ptII/ptolemy/domains/qss/test/auto/HelloWorld6.xml
4 ms. Memory: 146944K Free: 84874K (58%)
----------------- Invoking toplevel() on ptolemy.moml.MoMLSimpleApplication@56004c5a
----------------- Done invoking toplevel() on ptolemy.moml.MoMLSimpleApplication@56004c5a
reloadAllAccessors: .HelloWorld6

===========================================================================================
----------------- testing Tue Jul 10 01:40:01 UTC 2018 /home/travis/build/icyphy/ptII/ptolemy/domains/qss/test/auto/HelloWorld7.xml
----------------- Instantiating /home/travis/build/icyphy/ptII/ptolemy/domains/qss/test/auto/HelloWorld7.xml
15 ms. Memory: 146944K Free: 138506K (94%)
----------------- Invoking toplevel() on ptolemy.moml.MoMLSimpleApplication@7c716cec
----------------- Done invoking toplevel() on ptolemy.moml.MoMLSimpleApplication@7c716cec
reloadAllAccessors: .HelloWorld7

===========================================================================================
----------------- testing Tue Jul 10 01:40:01 UTC 2018 /home/travis/build/icyphy/ptII/ptolemy/domains/qss/test/auto/HelloWorldPropagate.xml
----------------- Instantiating /home/travis/build/icyphy/ptII/ptolemy/domains/qss/test/auto/HelloWorldPropagate.xml
7 ms. Memory: 146944K Free: 131287K (89%)
----------------- Invoking toplevel() on ptolemy.moml.MoMLSimpleApplication@1abeba7b
----------------- Done invoking toplevel() on ptolemy.moml.MoMLSimpleApplication@1abeba7b
reloadAllAccessors: .HelloWorldPropagate

===========================================================================================
----------------- testing Tue Jul 10 01:40:01 UTC 2018 /home/travis/build/icyphy/ptII/ptolemy/domains/qss/test/auto/HelloWorldPropagate2.xml
----------------- Instantiating /home/travis/build/icyphy/ptII/ptolemy/domains/qss/test/auto/HelloWorldPropagate2.xml
4 ms. Memory: 146944K Free: 127978K (87%)
----------------- Invoking toplevel() on ptolemy.moml.MoMLSimpleApplication@27d00b54
----------------- Done invoking toplevel() on ptolemy.moml.MoMLSimpleApplication@27d00b54
reloadAllAccessors: .InputDerivativePropagation

===========================================================================================
----------------- testing Tue Jul 10 01:40:01 UTC 2018 /home/travis/build/icyphy/ptII/ptolemy/domains/qss/test/auto/IntegratorImpulse1.xml
----------------- Instantiating /home/travis/build/icyphy/ptII/ptolemy/domains/qss/test/auto/IntegratorImpulse1.xml
6 ms. Memory: 146944K Free: 122830K (84%)
----------------- Invoking toplevel() on ptolemy.moml.MoMLSimpleApplication@76b9f122
----------------- Done invoking toplevel() on ptolemy.moml.MoMLSimpleApplication@76b9f122
reloadAllAccessors: .IntegratorImpulse1

===========================================================================================
----------------- testing Tue Jul 10 01:40:01 UTC 2018 /home/travis/build/icyphy/ptII/ptolemy/domains/qss/test/auto/IntegratorImpulse2.xml
----------------- Instantiating /home/travis/build/icyphy/ptII/ptolemy/domains/qss/test/auto/IntegratorImpulse2.xml
7 ms. Memory: 146944K Free: 118228K (80%)
----------------- Invoking toplevel() on ptolemy.moml.MoMLSimpleApplication@63e385f2
----------------- Done invoking toplevel() on ptolemy.moml.MoMLSimpleApplication@63e385f2
reloadAllAccessors: .IntegratorImpulse2

===========================================================================================
----------------- testing Tue Jul 10 01:40:01 UTC 2018 /home/travis/build/icyphy/ptII/ptolemy/domains/qss/test/auto/IntegratorImpulse3.xml
----------------- Instantiating /home/travis/build/icyphy/ptII/ptolemy/domains/qss/test/auto/IntegratorImpulse3.xml
5 ms. Memory: 146944K Free: 113522K (77%)
----------------- Invoking toplevel() on ptolemy.moml.MoMLSimpleApplication@4dcd7344
----------------- Done invoking toplevel() on ptolemy.moml.MoMLSimpleApplication@4dcd7344
reloadAllAccessors: .IntegratorImpulse3

===========================================================================================
----------------- testing Tue Jul 10 01:40:01 UTC 2018 /home/travis/build/icyphy/ptII/ptolemy/domains/qss/test/auto/IntegratorImpulse4.xml
----------------- Instantiating /home/travis/build/icyphy/ptII/ptolemy/domains/qss/test/auto/IntegratorImpulse4.xml
4 ms. Memory: 146944K Free: 108350K (74%)
----------------- Invoking toplevel() on ptolemy.moml.MoMLSimpleApplication@9ea2553
----------------- Done invoking toplevel() on ptolemy.moml.MoMLSimpleApplication@9ea2553
reloadAllAccessors: .IntegratorImpulse4

===========================================================================================
----------------- testing Tue Jul 10 01:40:01 UTC 2018 /home/travis/build/icyphy/ptII/ptolemy/domains/qss/test/auto/Persistence.xml
----------------- Instantiating /home/travis/build/icyphy/ptII/ptolemy/domains/qss/test/auto/Persistence.xml
4 ms. Memory: 146944K Free: 103299K (70%)
----------------- Invoking toplevel() on ptolemy.moml.MoMLSimpleApplication@6711cf24
----------------- Done invoking toplevel() on ptolemy.moml.MoMLSimpleApplication@6711cf24
reloadAllAccessors: .Persistence

===========================================================================================
----------------- testing Tue Jul 10 01:40:01 UTC 2018 /home/travis/build/icyphy/ptII/ptolemy/domains/qss/test/auto/QSS2_1.xml
----------------- Instantiating /home/travis/build/icyphy/ptII/ptolemy/domains/qss/test/auto/QSS2_1.xml
5 ms. Memory: 146944K Free: 99508K (68%)
----------------- Invoking toplevel() on ptolemy.moml.MoMLSimpleApplication@4f894b25
----------------- Done invoking toplevel() on ptolemy.moml.MoMLSimpleApplication@4f894b25
reloadAllAccessors: .QSS2_1

===========================================================================================
----------------- testing Tue Jul 10 01:40:01 UTC 2018 /home/travis/build/icyphy/ptII/ptolemy/domains/qss/test/auto/SecondOrder.xml
----------------- Instantiating /home/travis/build/icyphy/ptII/ptolemy/domains/qss/test/auto/SecondOrder.xml
18 ms. Memory: 146944K Free: 92200K (63%)
----------------- Invoking toplevel() on ptolemy.moml.MoMLSimpleApplication@591a2290
----------------- Done invoking toplevel() on ptolemy.moml.MoMLSimpleApplication@591a2290
reloadAllAccessors: .SecondOrder

===========================================================================================
----------------- testing Tue Jul 10 01:40:02 UTC 2018 /home/travis/build/icyphy/ptII/ptolemy/domains/qss/test/auto/SmoothSignal1.xml
----------------- Instantiating /home/travis/build/icyphy/ptII/ptolemy/domains/qss/test/auto/SmoothSignal1.xml
5 ms. Memory: 146944K Free: 88401K (60%)
----------------- Invoking toplevel() on ptolemy.moml.MoMLSimpleApplication@39188951
----------------- Done invoking toplevel() on ptolemy.moml.MoMLSimpleApplication@39188951
reloadAllAccessors: .SmoothSignal1

===========================================================================================
----------------- testing Tue Jul 10 01:40:02 UTC 2018 /home/travis/build/icyphy/ptII/ptolemy/domains/qss/test/auto/SmoothSignal2.xml
----------------- Instantiating /home/travis/build/icyphy/ptII/ptolemy/domains/qss/test/auto/SmoothSignal2.xml
3 ms. Memory: 146944K Free: 85060K (58%)
----------------- Invoking toplevel() on ptolemy.moml.MoMLSimpleApplication@64455fb8
----------------- Done invoking toplevel() on ptolemy.moml.MoMLSimpleApplication@64455fb8
reloadAllAccessors: .SmoothSignal2

===========================================================================================
----------------- testing Tue Jul 10 01:40:02 UTC 2018 /home/travis/build/icyphy/ptII/ptolemy/domains/qss/test/auto/SmoothSignal3.xml
----------------- Instantiating /home/travis/build/icyphy/ptII/ptolemy/domains/qss/test/auto/SmoothSignal3.xml
17 ms. Memory: 208896K Free: 204284K (98%)
----------------- Invoking toplevel() on ptolemy.moml.MoMLSimpleApplication@de9866e
----------------- Done invoking toplevel() on ptolemy.moml.MoMLSimpleApplication@de9866e
reloadAllAccessors: .SmoothSignal3

===========================================================================================
----------------- testing Tue Jul 10 01:40:02 UTC 2018 /home/travis/build/icyphy/ptII/ptolemy/domains/qss/test/auto/SmoothSignal4.xml
----------------- Instantiating /home/travis/build/icyphy/ptII/ptolemy/domains/qss/test/auto/SmoothSignal4.xml
2 ms. Memory: 208896K Free: 199491K (95%)
----------------- Invoking toplevel() on ptolemy.moml.MoMLSimpleApplication@29e533e1
----------------- Done invoking toplevel() on ptolemy.moml.MoMLSimpleApplication@29e533e1
reloadAllAccessors: .SmoothSignal4

===========================================================================================
----------------- testing Tue Jul 10 01:40:02 UTC 2018 /home/travis/build/icyphy/ptII/ptolemy/domains/qss/test/auto/SmoothSignal5.xml
----------------- Instantiating /home/travis/build/icyphy/ptII/ptolemy/domains/qss/test/auto/SmoothSignal5.xml
3 ms. Memory: 208896K Free: 195395K (94%)
----------------- Invoking toplevel() on ptolemy.moml.MoMLSimpleApplication@c688be2
----------------- Done invoking toplevel() on ptolemy.moml.MoMLSimpleApplication@c688be2
reloadAllAccessors: .SmoothSignal5

===========================================================================================
----------------- testing Tue Jul 10 01:40:02 UTC 2018 /home/travis/build/icyphy/ptII/ptolemy/domains/qss/test/auto/SmoothToken.xml
----------------- Instantiating /home/travis/build/icyphy/ptII/ptolemy/domains/qss/test/auto/SmoothToken.xml
5 ms. Memory: 208896K Free: 188022K (90%)
----------------- Invoking toplevel() on ptolemy.moml.MoMLSimpleApplication@1d6bb71e
----------------- Done invoking toplevel() on ptolemy.moml.MoMLSimpleApplication@1d6bb71e
reloadAllAccessors: .SmoothToken

===========================================================================================
----------------- testing Tue Jul 10 01:40:02 UTC 2018 /home/travis/build/icyphy/ptII/ptolemy/domains/qss/test/auto/SmoothZeroCrossingDetector.xml
----------------- Instantiating /home/travis/build/icyphy/ptII/ptolemy/domains/qss/test/auto/SmoothZeroCrossingDetector.xml
2 ms. Memory: 208896K Free: 183082K (88%)
----------------- Invoking toplevel() on ptolemy.moml.MoMLSimpleApplication@235bdb21
----------------- Done invoking toplevel() on ptolemy.moml.MoMLSimpleApplication@235bdb21
reloadAllAccessors: .SmoothZeroCrossingDetector

===========================================================================================
----------------- testing Tue Jul 10 01:40:02 UTC 2018 /home/travis/build/icyphy/ptII/ptolemy/domains/qss/test/auto/SmoothZeroCrossingDetector2.xml
----------------- Instantiating /home/travis/build/icyphy/ptII/ptolemy/domains/qss/test/auto/SmoothZeroCrossingDetector2.xml
2 ms. Memory: 208896K Free: 178986K (86%)
----------------- Invoking toplevel() on ptolemy.moml.MoMLSimpleApplication@629ef150
----------------- Done invoking toplevel() on ptolemy.moml.MoMLSimpleApplication@629ef150
reloadAllAccessors: .SmoothZeroCrossingDetector2

===========================================================================================
----------------- testing Tue Jul 10 01:40:02 UTC 2018 /home/travis/build/icyphy/ptII/ptolemy/domains/qss/test/auto/SmoothZeroCrossingDetector3.xml
----------------- Instantiating /home/travis/build/icyphy/ptII/ptolemy/domains/qss/test/auto/SmoothZeroCrossingDetector3.xml
5 ms. Memory: 208896K Free: 174858K (84%)
----------------- Invoking toplevel() on ptolemy.moml.MoMLSimpleApplication@4b2a3301
----------------- Done invoking toplevel() on ptolemy.moml.MoMLSimpleApplication@4b2a3301
reloadAllAccessors: .SmoothZeroCrossingDetector3

===========================================================================================
----------------- testing Tue Jul 10 01:40:02 UTC 2018 /home/travis/build/icyphy/ptII/ptolemy/domains/qss/test/auto/SmoothZeroCrossingDetector4.xml
----------------- Instantiating /home/travis/build/icyphy/ptII/ptolemy/domains/qss/test/auto/SmoothZeroCrossingDetector4.xml
6 ms. Memory: 208896K Free: 170762K (82%)
----------------- Invoking toplevel() on ptolemy.moml.MoMLSimpleApplication@35aa207b
----------------- Done invoking toplevel() on ptolemy.moml.MoMLSimpleApplication@35aa207b
reloadAllAccessors: .SmoothZeroCrossingDetector4

===========================================================================================
----------------- testing Tue Jul 10 01:40:02 UTC 2018 /home/travis/build/icyphy/ptII/ptolemy/domains/qss/test/auto/SmoothZeroCrossingDetector5.xml
----------------- Instantiating /home/travis/build/icyphy/ptII/ptolemy/domains/qss/test/auto/SmoothZeroCrossingDetector5.xml
3 ms. Memory: 208896K Free: 165821K (79%)
----------------- Invoking toplevel() on ptolemy.moml.MoMLSimpleApplication@3b0891cd
----------------- Done invoking toplevel() on ptolemy.moml.MoMLSimpleApplication@3b0891cd
reloadAllAccessors: .SmoothZeroCrossingDetector5

===========================================================================================
----------------- testing Tue Jul 10 01:40:02 UTC 2018 /home/travis/build/icyphy/ptII/ptolemy/domains/qss/test/auto/SmoothZeroCrossingDetector6.xml
----------------- Instantiating /home/travis/build/icyphy/ptII/ptolemy/domains/qss/test/auto/SmoothZeroCrossingDetector6.xml
6 ms. Memory: 208896K Free: 161725K (77%)
----------------- Invoking toplevel() on ptolemy.moml.MoMLSimpleApplication@13cdf193
----------------- Done invoking toplevel() on ptolemy.moml.MoMLSimpleApplication@13cdf193
reloadAllAccessors: .SmoothZeroCrossingDetector6

===========================================================================================
----------------- testing Tue Jul 10 01:40:02 UTC 2018 /home/travis/build/icyphy/ptII/ptolemy/domains/qss/test/auto/SmoothZeroCrossingDetector7.xml
----------------- Instantiating /home/travis/build/icyphy/ptII/ptolemy/domains/qss/test/auto/SmoothZeroCrossingDetector7.xml
3 ms. Memory: 208896K Free: 157629K (75%)
----------------- Invoking toplevel() on ptolemy.moml.MoMLSimpleApplication@2541d14d
----------------- Done invoking toplevel() on ptolemy.moml.MoMLSimpleApplication@2541d14d
reloadAllAccessors: .SmoothZeroCrossingDetector7

===========================================================================================
----------------- testing Tue Jul 10 01:40:02 UTC 2018 /home/travis/build/icyphy/ptII/ptolemy/domains/qss/test/auto/SmoothZeroCrossingDetector8.xml
----------------- Instantiating /home/travis/build/icyphy/ptII/ptolemy/domains/qss/test/auto/SmoothZeroCrossingDetector8.xml
3 ms. Memory: 208896K Free: 152673K (73%)
----------------- Invoking toplevel() on ptolemy.moml.MoMLSimpleApplication@3b94832b
----------------- Done invoking toplevel() on ptolemy.moml.MoMLSimpleApplication@3b94832b
reloadAllAccessors: .SmoothZeroCrossingDetector

===========================================================================================
----------------- testing Tue Jul 10 01:40:02 UTC 2018 /home/travis/build/icyphy/ptII/ptolemy/domains/qss/test/auto/ThermalMassWithHeatLoss.xml
----------------- Instantiating /home/travis/build/icyphy/ptII/ptolemy/domains/qss/test/auto/ThermalMassWithHeatLoss.xml
76 ms. Memory: 208896K Free: 131309K (63%)
----------------- Invoking toplevel() on ptolemy.moml.MoMLSimpleApplication@5c823baf
----------------- Done invoking toplevel() on ptolemy.moml.MoMLSimpleApplication@5c823baf
reloadAllAccessors: .ThermalMassWithHeatLoss

===========================================================================================
----------------- testing Tue Jul 10 01:40:02 UTC 2018 /home/travis/build/icyphy/ptII/ptolemy/domains/qss/test/auto/TokenAddition.xml
----------------- Instantiating /home/travis/build/icyphy/ptII/ptolemy/domains/qss/test/auto/TokenAddition.xml
4 ms. Memory: 208896K Free: 127197K (61%)
----------------- Invoking toplevel() on ptolemy.moml.MoMLSimpleApplication@32339ddb
----------------- Done invoking toplevel() on ptolemy.moml.MoMLSimpleApplication@32339ddb
reloadAllAccessors: .TokenAddition
AutoTests.java: About to close Vertx.
AutoTests.java: Vertx closed.
]]></system-out>
  <system-err><![CDATA[]]></system-err>
</testsuite>
