<?xml version="1.0" encoding="UTF-8" ?>
<testsuite errors="0" failures="0" hostname="travis-job-e7c1b83d-1d73-490f-af2e-08352c491ba9" name="ptolemy.actor.lib.test.junit.JUnitTclTest" skipped="0" tests="517" time="59.252" timestamp="2019-05-09T04:13:29">
  <properties>
    <property name="npm.executable" value="npm" />
    <property name="file.encoding.pkg" value="sun.io" />
    <property name="env.TRAVIS_ROOT" value="/" />
    <property name="ptII.mk.exists" value="true" />
    <property name="env.TRAVIS_APP_HOST" value="build.travis-ci.org" />
    <property name="env.rvm_bin_path" value="/home/travis/.rvm/bin" />
    <property name="java.home" value="/usr/lib/jvm/java-8-oracle/jre" />
    <property name="env.TRAVIS_JOB_NUMBER" value="1125.8" />
    <property name="env.TRAVIS_HOME" value="/home/travis" />
    <property name="env.DISPLAY" value=":99.0" />
    <property name="java.net.preferIPv4Stack" value="true" />
    <property name="env.TRAVIS_INIT" value="upstart" />
    <property name="env.SSH_TTY" value="/dev/pts/0" />
    <property name="env.RUN_TESTS" value="true" />
    <property name="timeout.short" value="1000000" />
    <property name="env.TRAVIS_JOB_NAME" value="" />
    <property name="env.TRAVIS_STACK_NODE_ATTRIBUTES" value="/.node-attributes.yml" />
    <property name="junit.formatter" value="xml" />
    <property name="java.endorsed.dirs" value="/usr/lib/jvm/java-8-oracle/jre/lib/endorsed" />
    <property name="env.TRAVIS_SUDO" value="true" />
    <property name="env.LOGNAME" value="travis" />
    <property name="env.PT_TRAVIS_TEST_CORE1_XML" value="true" />
    <property name="jsdoc.home" value="node_modules/@terraswarm/jsdoc" />
    <property name="debuglevel" value="source,lines,vars" />
    <property name="checkstyle.formatter" value="xml" />
    <property name="bin.vergil.makeable" value="true" />
    <property name="env._system_version" value="14.04" />
    <property name="sun.os.patch.level" value="unknown" />
    <property name="java.vendor.url" value="http://java.oracle.com/" />
    <property name="env.TRAVIS_BUILD_WEB_URL" value="https://travis-ci.org/icyphy/ptII/builds/530094784" />
    <property name="java.version" value="1.8.0_151" />
    <property name="env.TZ" value="UTC" />
    <property name="env.PT_NO_NET" value="true" />
    <property name="env.TRAVIS_PULL_REQUEST_SHA" value="" />
    <property name="env.TRAVIS_SECURE_ENV_VARS" value="true" />
    <property name="env._system_type" value="Linux" />
    <property name="java.vendor.url.bug" value="http://bugreport.sun.com/bugreport/" />
    <property name="env.SSH_CLIENT" value="10.10.4.68 55474 22" />
    <property name="npmjs-org-is-up" value="true" />
    <property name="env.GEM_HOME" value="/home/travis/.rvm/gems/ruby-2.4.1" />
    <property name="env.HAS_ANTARES_THREE_LITTLE_FRONZIES_BADGE" value="true" />
    <property name="env.PS4" value="+" />
    <property name="ant.project.invoked-targets" value="build,test.core1.xml" />
    <property name="env.TRAVIS_PULL_REQUEST_BRANCH" value="" />
    <property name="env.TRAVIS_REPO_SLUG" value="icyphy/ptII" />
    <property name="env.TRAVIS_APT_PROXY" value="http://build-cache.travisci.net" />
    <property name="node.in.path" value="true" />
    <property name="java.maxmemory" value="1400m" />
    <property name="env.RUBY_VERSION" value="ruby-2.4.1" />
    <property name="user.name" value="travis" />
    <property name="env.LANG" value="en_US.UTF-8" />
    <property name="sun.io.unicode.encoding" value="UnicodeLittle" />
    <property name="sun.jnu.encoding" value="UTF-8" />
    <property name="java.runtime.name" value="Java(TM) SE Runtime Environment" />
    <property name="usefile" value="false" />
    <property name="return.code" value="0" />
    <property name="junit.single.formatter" value="plain" />
    <property name="env.DYLD_LIBRARY_PATH" value="/home/travis/pthla/certi-tools/lib:" />
    <property name="env.DEBIAN_FRONTEND" value="noninteractive" />
    <property name="env.SSH_CONNECTION" value="10.10.4.68 55474 10.20.1.50 22" />
    <property name="env.MYSQL_UNIX_PORT" value="/var/run/mysqld/mysqld.sock" />
    <property name="env.TRAVIS_ALLOW_FAILURE" value="false" />
    <property name="env.LC_ALL" value="en_US.UTF-8" />
    <property name="env.TRAVIS_JOB_WEB_URL" value="https://travis-ci.org/icyphy/ptII/jobs/530094792" />
    <property name="java.specification.name" value="Java Platform API Specification" />
    <property name="node.works" value="true" />
    <property name="user.timezone" value="" />
    <property name="path.separator" value=":" />
    <property name="env.TRAVIS_ENABLE_INFRA_DETECTION" value="true" />
    <property name="env.PYTHON_CFLAGS" value="-g -fstack-protector --param=ssp-buffer-size=4 -Wformat -Werror=format-security" />
    <property name="timeout.long" value="4000000" />
    <property name="env.CERTI_HOME" value="/home/travis/pthla/certi-tools" />
    <property name="file.encoding" value="UTF-8" />
    <property name="ant.file.ptII" value="/home/travis/build/icyphy/ptII/build.xml" />
    <property name="javadoc.packagenames" value="com.*,diva.*,lbnl.*,org.hlacerti.*,org.json.*,org.ptolemy.*,org.terraswarm.*,ptolemy.*,ptserver.*" />
    <property name="env.TRAVIS_PULL_REQUEST_SLUG" value="" />
    <property name="ant.project.default-target" value="build" />
    <property name="env.GIT_ASKPASS" value="echo" />
    <property name="env.HOME" value="/home/travis" />
    <property name="sun.java.command" value="org.apache.tools.ant.taskdefs.optional.junit.JUnitTestRunner ptolemy.actor.lib.test.junit.JUnitTclTest skipNonTests=false filtertrace=true haltOnError=false haltOnFailure=false formatter=org.apache.tools.ant.taskdefs.optional.junit.OutErrSummaryJUnitResultFormatter showoutput=true outputtoformatters=true logfailedtests=true threadid=0 logtestlistenerevents=false formatter=org.apache.tools.ant.taskdefs.optional.junit.XMLJUnitResultFormatter,/home/travis/build/icyphy/ptII/reports/junit/TEST-ptolemy.actor.lib.test.junit.JUnitTclTest.xml crashfile=/home/travis/build/icyphy/ptII/junitvmwatcher1180948368018450412.properties propsfile=/home/travis/build/icyphy/ptII/junit2429086970842156837.properties" />
    <property name="env.MANPATH" value="/home/travis/.nvm/versions/node/v7.10.1/share/man:/home/travis/.kiex/elixirs/elixir-1.4.5/man:/home/travis/.rvm/rubies/ruby-2.4.1/share/man:/usr/local/man:/usr/local/cmake-3.9.2/man:/usr/local/clang-5.0.0/share/man:/usr/local/share/man:/usr/share/man:/home/travis/.rvm/man" />
    <property name="env.COMPOSER_NO_INTERACTION" value="1" />
    <property name="env.JDK_SWITCHER_DEFAULT" value="oraclejdk8" />
    <property name="env.TRAVIS_TIMER_ID" value="0671acc1" />
    <property name="ant.file" value="/home/travis/build/icyphy/ptII/build.xml" />
    <property name="env.TRAVIS_COMMIT_RANGE" value="1588380d5a0cb681557566111709d60c983d08cd...25358e19e906f8e9155807d44808777cd5710b63" />
    <property name="env._system_name" value="Ubuntu" />
    <property name="timeout" value="2400000" />
    <property name="ptII.classpath.optional.property" value="/home/travis/build/icyphy/ptII/lib/bsh-2.0b4.jar:/home/travis/build/icyphy/ptII/lib/ptCal.jar:/home/travis/build/icyphy/ptII/lib/java_cup.jar:/home/travis/build/icyphy/ptII/lib/saxon8.jar:/home/travis/build/icyphy/ptII/lib/saxon8-dom.jar:/home/travis/build/icyphy/ptII/lib/chic.jar:/home/travis/build/icyphy/ptII/lib/ptcolt.jar:/usr/lib/jvm/java-8-oracle/lib/tools.jar:/home/travis/build/icyphy/ptII/vendors/misc/itext/iText.jar:/home/travis/build/icyphy/ptII/lib/g4ltl.jar:/home/travis/build/icyphy/ptII/lib/StructuralCoder.jar:/home/travis/build/icyphy/ptII/vendors/jai-1_1_2_01/lib/jai_core.jar:/home/travis/build/icyphy/ptII/vendors/jai-1_1_2_01/lib/jai_codec.jar:/home/travis/build/icyphy/ptII/lib/jcerti.jar:/home/travis/build/icyphy/ptII/lib/javax.mail.jar:/home/travis/build/icyphy/ptII/vendors/JMF-2.1.1e/lib/jmf.jar:/home/travis/build/icyphy/ptII/lib/jna-4.0.0-variadic.jar:/home/travis/build/icyphy/ptII/vendors/misc/joystick/Joystick.jar:/home/travis/build/icyphy/ptII/lib/ptjacl.jar:/home/travis/build/icyphy/ptII/lib/jsoup-1.8.2.jar:/home/travis/build/icyphy/ptII/lib/junit-4.8.2.jar:/home/travis/build/icyphy/ptII/lib/JUnitParams-0.4.0.jar:/home/travis/build/icyphy/ptII/ptolemy/actor/lib/excel/jxl.jar:/home/travis/build/icyphy/ptII/lib/jython.jar:/home/travis/build/icyphy/ptII/lib/kieler.jar:/home/travis/build/icyphy/ptII/vendors/opencv/share/OpenCV/java/opencv-341.jar:/home/travis/build/icyphy/ptII/lib/oscP5.jar:/home/travis/build/icyphy/ptII/lib/nrjavaserial-3.11.0.devel.jar:/home/travis/build/icyphy/ptII/vendors/j3d/lib/j3dcore.jar:/home/travis/build/icyphy/ptII/vendors/j3d/lib/j3dutils.jar:/home/travis/build/icyphy/ptII/vendors/j3d/lib/vecmath.jar:/home/travis/build/icyphy/ptII/ptolemy/distributed/jini/jar/jini-core.jar:/home/travis/build/icyphy/ptII/ptolemy/distributed/jini/jar/jini-ext.jar:/home/travis/build/icyphy/ptII/ptolemy/distributed/jini/jar/sun-util.jar:/home/travis/build/icyphy/ptII/lib/protobuf-java-2.4.1.jar:/home/travis/build/icyphy/ptII/lib/org.eclipse.paho.client.mqttv3.jar:/home/travis/build/icyphy/ptII/lib/mapss.jar:/home/travis/build/icyphy/ptII/ptolemy/actor/ptalon/antlr/antlr.jar:/home/travis/build/icyphy/ptII/lib/JRI.jar:/home/travis/build/icyphy/ptII/lib/commons-lang-2.6.jar:/home/travis/build/icyphy/ptII/lib/commons-logging-1.1.1.jar:/home/travis/build/icyphy/ptII/lib/sootclasses.jar:/home/travis/build/icyphy/ptII/ptolemy/actor/lib/database/mysql-connector-java-5.1.6-bin.jar:/home/travis/build/icyphy/ptII/vendors/misc/sphinx4/sphinx4-data-5prealpha.jar:/home/travis/build/icyphy/ptII/vendors/misc/sphinx4/sphinx4-core-5prealpha.jar:/home/travis/build/icyphy/ptII/lib/PDFRenderer.jar:/home/travis/build/icyphy/ptII/lib/svgSalamander.jar:/home/travis/build/icyphy/ptII/lib/rsyntaxtextarea-2.6.0-SNAPSHOT.jar:/home/travis/build/icyphy/ptII/lib/hazelcast-3.8.2.jar:/home/travis/build/icyphy/ptII/lib/jackson-annotations-2.9.0.jar:/home/travis/build/icyphy/ptII/lib/jackson-core-2.9.3.jar:/home/travis/build/icyphy/ptII/lib/jackson-databind-2.9.3.jar:/home/travis/build/icyphy/ptII/lib/netty-buffer-4.1.19.Final.jar:/home/travis/build/icyphy/ptII/lib/netty-codec-4.1.19.Final.jar:/home/travis/build/icyphy/ptII/lib/netty-codec-dns-4.1.19.Final.jar:/home/travis/build/icyphy/ptII/lib/netty-codec-http-4.1.19.Final.jar:/home/travis/build/icyphy/ptII/lib/netty-codec-http2-4.1.19.Final.jar:/home/travis/build/icyphy/ptII/lib/netty-common-4.1.19.Final.jar:/home/travis/build/icyphy/ptII/lib/netty-handler-4.1.19.Final.jar:/home/travis/build/icyphy/ptII/lib/netty-resolver-4.1.19.Final.jar:/home/travis/build/icyphy/ptII/lib/netty-resolver-dns-4.1.19.Final.jar:/home/travis/build/icyphy/ptII/lib/netty-transport-4.1.19.Final.jar:/home/travis/build/icyphy/ptII/lib/vertx-codegen-3.5.1.jar:/home/travis/build/icyphy/ptII/lib/vertx-core-3.5.2-SNAPSHOT.jar:/home/travis/build/icyphy/ptII/lib/vertx-hazelcast-3.5.1.jar:/home/travis/build/icyphy/ptII/lib/vertx-lang-js-3.5.1.jar:/home/travis/build/icyphy/ptII/lib/vertx-service-proxy-3.5.1.jar:/home/travis/build/icyphy/ptII/lib/vertx-web-3.5.1.jar:/home/travis/build/icyphy/ptII/lib/slf4j-api-1.7.13.jar:/home/travis/build/icyphy/ptII/lib/slf4j-simple-1.7.13.jar:/home/travis/build/icyphy/ptII/lib/webcam-capture-0.3.12.jar:/home/travis/build/icyphy/ptII/lib/bridj-0.7.0.jar:/home/travis/build/icyphy/ptII/lib/xbjlib-1.1.0.nrjavaserial.jar" />
    <property name="test.batch" value="**/junit/*.java" />
    <property name="env._" value="/usr/bin/timeout" />
    <property name="java.io.tmpdir" value="/tmp" />
    <property name="env.TRAVIS_INTERNAL_RUBY_REGEX" value="^ruby-(2\.[0-4]\.[0-9]|1\.9\.3)" />
    <property name="user.language" value="en" />
    <property name="env.HISTCONTROL" value="ignoredups:ignorespace" />
    <property name="env.GOROOT" value="/home/travis/.gimme/versions/go1.7.4.linux.amd64" />
    <property name="line.separator" value="&#xa;" />
    <property name="target" value="1.8" />
    <property name="env.TRAVIS_BUILD_DIR" value="/home/travis/build/icyphy/ptII" />
    <property name="env.ANT_OPTS" value="-Xmx2048m" />
    <property name="ant.file.type" value="file" />
    <property name="ptolemy.ptII.batchMode" value="true" />
    <property name="env.HISTSIZE" value="1000" />
    <property name="env.MERB_ENV" value="test" />
    <property name="java.vm.info" value="mixed mode" />
    <property name="source" value="1.8" />
    <property name="java.vm.specification.name" value="Java Virtual Machine Specification" />
    <property name="env.TRAVIS_TEST_RESULT" value="0" />
    <property name="jsdoc.command" value="node_modules/@terraswarm/jsdoc/jsdoc.js" />
    <property name="npm.works" value="true" />
    <property name="cobertura.dir" value="/home/travis/build/icyphy/ptII/vendors/cobertura-2.0.3" />
    <property name="env.rvm_path" value="/home/travis/.rvm" />
    <property name="env.GEM_PATH" value="/home/travis/.rvm/gems/ruby-2.4.1:/home/travis/.rvm/gems/ruby-2.4.1@global" />
    <property name="env.LC_CTYPE" value="en_US.UTF-8" />
    <property name="java.awt.printerjob" value="sun.print.PSPrinterJob" />
    <property name="env.TRAVIS_CMD" value="$PTII/bin/ptIITravisBuild.sh $SECONDS" />
    <property name="env.TRAVIS_STACK_NAME" value="garnet" />
    <property name="env.TRAVIS_TIMER_START_TIME" value="1557374862984497059" />
    <property name="ant.version" value="Apache Ant(TM) version 1.10.1 compiled on February 2 2017" />
    <property name="ptII.reports" value="/home/travis/build/icyphy/ptII/reports" />
    <property name="env.TRAVIS_STACK_TIMESTAMP" value="2017-12-05 19:33:09 UTC" />
    <property name="ant.file.type.ptII" value="file" />
    <property name="env.RBENV_SHELL" value="bash" />
    <property name="os.name" value="Linux" />
    <property name="java.specification.vendor" value="Oracle Corporation" />
    <property name="env.rvm_version" value="1.29.3 (latest)" />
    <property name="env.TRAVIS_INFRA" value="gce" />
    <property name="env.TERM" value="xterm" />
    <property name="java.vm.name" value="Java HotSpot(TM) 64-Bit Server VM" />
    <property name="env.TRAVIS_BUILD_NUMBER" value="1125" />
    <property name="env.CI" value="true" />
    <property name="java.library.path" value="/home/travis/pthla/certi-tools/lib:/usr/lib/jni:/usr/local/share/OpenCV/java/:/usr/share/OpenCV/java::/usr/java/packages/lib/amd64:/usr/lib64:/lib64:/lib:/usr/lib" />
    <property name="env.rvm_prefix" value="/home/travis" />
    <property name="env.PATH" value="/home/travis/pthla/certi-tools/share/scripts:/home/travis/.rvm/gems/ruby-2.4.1/bin:/home/travis/.rvm/gems/ruby-2.4.1@global/bin:/home/travis/.rvm/rubies/ruby-2.4.1/bin:/home/travis/.rvm/bin:/home/travis/.nvm/versions/node/v7.10.1/bin:./node_modules/.bin:/home/travis/build/icyphy/ptII/bin:/home/travis/pthla/certi-tools/bin:/home/travis/bin:/home/travis/.local/bin:/opt/pyenv/shims:/home/travis/.phpenv/shims:/home/travis/perl5/perlbrew/bin:/home/travis/.kiex/elixirs/elixir-1.4.5/bin:/home/travis/.kiex/bin:/home/travis/gopath/bin:/home/travis/.gimme/versions/go1.7.4.linux.amd64/bin:/usr/local/phantomjs/bin:/usr/local/phantomjs:/usr/local/neo4j-3.2.7/bin:/usr/local/maven-3.5.2/bin:/usr/local/cmake-3.9.2/bin:/usr/local/clang-5.0.0/bin:/usr/local/sbin:/usr/local/bin:/usr/sbin:/usr/bin:/sbin:/bin:/home/travis/.phpenv/bin:/opt/pyenv/bin:/home/travis/.yarn/bin" />
    <property name="env.TRAVIS_OS_NAME" value="linux" />
    <property name="ant.java.version" value="1.8" />
    <property name="basedir" value="/home/travis/build/icyphy/ptII" />
    <property name="java.class.version" value="52.0" />
    <property name="env.SHLVL" value="3" />
    <property name="env.LD_LIBRARY_PATH" value="/home/travis/pthla/certi-tools/lib:/usr/lib/jni:/usr/local/share/OpenCV/java/:/usr/share/OpenCV/java:" />
    <property name="env.RACK_ENV" value="test" />
    <property name="ant.home" value="/home/travis/build/icyphy/ptII/ant" />
    <property name="env.PERLBREW_BASHRC_VERSION" value="0.80" />
    <property name="env.NVM_DIR" value="/home/travis/.nvm" />
    <property name="env.TRAVIS_BUILD_ID" value="530094784" />
    <property name="env.CERTI_FOM_PATH" value="/home/travis/pthla/certi-tools/share/federations" />
    <property name="env.PYENV_ROOT" value="/opt/pyenv" />
    <property name="env.TRAVIS_UID" value="2000" />
    <property name="env.rvm_pretty_print_flag" value="auto" />
    <property name="env.NVM_BIN" value="/home/travis/.nvm/versions/node/v7.10.1/bin" />
    <property name="env.TRAVIS_COMMIT" value="25358e19e906f8e9155807d44808777cd5710b63" />
    <property name="env._system_arch" value="x86_64" />
    <property name="node.executable" value="node" />
    <property name="sun.boot.library.path" value="/usr/lib/jvm/java-8-oracle/jre/lib/amd64" />
    <property name="sun.management.compiler" value="HotSpot 64-Bit Tiered Compilers" />
    <property name="env.GOPATH" value="/home/travis/gopath" />
    <property name="java.awt.graphicsenv" value="sun.awt.X11GraphicsEnvironment" />
    <property name="ptolemy.ptII.dir" value="/home/travis/build/icyphy/ptII" />
    <property name="env.USER" value="travis" />
    <property name="env.HISTFILESIZE" value="2000" />
    <property name="timeout.longest" value="19000000" />
    <property name="env.TRAVIS_STACK_FEATURES" value="basic cassandra chromium couchdb disabled-ipv6 docker docker-compose elasticsearch firefox go-toolchain google-chrome jdk memcached mongodb mysql neo4j nodejs_interpreter perl_interpreter perlbrew phantomjs postgresql python_interpreter rabbitmq redis riak ruby_interpreter sqlite xserver" />
    <property name="env.TRAVIS_PULL_REQUEST" value="false" />
    <property name="env.PYENV_SHELL" value="bash" />
    <property name="ant.project.name" value="ptII" />
    <property name="java.vm.specification.version" value="1.8" />
    <property name="env.ANSI_RESET" value="\033[0m" />
    <property name="env.TRAVIS_DIST" value="trusty" />
    <property name="env.CERTI_VERSION" value="4.0.0" />
    <property name="env.NLSPATH" value="/usr/dt/lib/nls/msg/%L/%N.cat" />
    <property name="awt.toolkit" value="sun.awt.X11.XToolkit" />
    <property name="env.CERTI_HOST" value="localhost" />
    <property name="env.MY_RUBY_HOME" value="/home/travis/.rvm/rubies/ruby-2.4.1" />
    <property name="sun.cpu.isalist" value="" />
    <property name="env.TRAVIS_TMPDIR" value="/tmp/tmp.Z0kBE60Apq" />
    <property name="java.ext.dirs" value="/usr/lib/jvm/java-8-oracle/jre/lib/ext:/usr/java/packages/lib/ext" />
    <property name="os.version" value="4.4.0-101-generic" />
    <property name="user.home" value="/home/travis" />
    <property name="env.MIX_ARCHIVES" value="/home/travis/.kiex/mix/elixir-1.4.5" />
    <property name="java.vm.vendor" value="Oracle Corporation" />
    <property name="env.TRAVIS_TAG" value="nightly" />
    <property name="env.ANSI_YELLOW" value="\033[33;1m" />
    <property name="env.TRAVIS_FILTERED" value="redirect_io" />
    <property name="env.ANSI_GREEN" value="\033[32;1m" />
    <property name="env.JAVA_HOME" value="/usr/lib/jvm/java-8-oracle" />
    <property name="env.PTII" value="/home/travis/build/icyphy/ptII" />
    <property name="javadoc.excludepackagenames" value="adm.cvs2svn.*,build.*,config.*,doc.coding.templates.*,jni.test.jni.meaningOfLife.*,jni.test.jni.testDeux.*,jni.test.jni.testTrois.*,org.terraswarm.accessor.accessors.web.node_modules.*,org.terraswarm.accessor.accessors.web.hosts.cordova.demo.*,org.terraswarm.accessor.accessors.web.hosts.cordova.plugins.*,org.terraswarm.accessor.accessors-svn.*,pt-modules.*,ptolemy.apps.agilent.*,ptolemy.apps.anytimecontrol.*,ptolemy.apps.apes.*,ptolemy.apps.charon.*,ptolemy.apps.crazyboard.*,ptolemy.apps.eclipse.*,ptolemy.apps.etherealSting.*,ptolemy.apps.fullscreen.*,ptolemy.apps.giotto.*,ptolemy.apps.ia.*,ptolemy.apps.interfaces.*,ptolemy.apps.jmf.*,ptolemy.apps.kurt.*,ptolemy.apps.kvm.*,ptolemy.apps.lego.*,ptolemy.apps.lejos.*,ptolemy.apps.midp.*,ptolemy.apps.mobileCoding.*,ptolemy.apps.pendulum.*,ptolemy.apps.rijndael.*,ptolemy.apps.robot.*,ptolemy.apps.security.*,ptolemy.apps.sobel.*,ptolemy.apps.soot.*,ptolemy.apps.throttle.*,ptolemy.apps.tini.*,ptolemy.apps.transmission.*,ptolemy.apps.vergil.*,ptolemy.apps.waba.*,ptolemy.apps.websensor.*,ptolemy.apps.webstart.*,ptolemy.apps.xsl.*,ptolemy.apps.zaurus.*,ptolemy.codegen.c.actor.lib.oldJavaFiles.*,ptolemy.codegen.dsp.lib.*,ptolemy.codegen.kernel.newInterfaces.*,ptolemy.codegen.lib.*,ptolemy.copernicus.kernel.fragment.*,ptolemy.copernicus.shallow.cg.*,ptolemy.domains.giotto.demo.Hierarchy.Hierarchy.*,ptolemy.domains.giotto.demo.Multimode.Multimode.*,ptolemy.domains.giotto.demo.Simple.Simple.*,ptolemy.domains.gr.lib.experimental.*,ptolemy.domains.gro.*,ptolemy.domains.pdf.*,ptolemy.domains.ptinyos.demo.Surge.output.*,ptolemy.moml.test.NoPackageActor.java*,ptolemy.plot.adm.*,ptolemy.plot.servlet.*,reports.*,signed.*,src.*,target.*,vendors.*,ptolemy.apps.eclipse.awt.*,ptolemy.backtrack.*,ptolemy.backtrack.ast.*,ptolemy.cg.adapter.generic.program.procedural.c.mbed*,ptolemy.homer.*,org.ptolemy.scala.*,diva.util.java2d.svg.*,ptolemy.domains.ptinyos.*,ptolemy.actor.lib.fmi.fmipp.*,,org.terraswarm.accessor.accessors.web.node_modules.*,org.terraswarm.accessor.accessors-svn,ptolemy.apps.*,ptolemy.actor.ptalon.demo.ptinyos.SendAndReceiveCnt.output,ptolemy.actor.ptalon.demo.ptinyos.SenseToLeds.output,ptolemy.domains.ptinyos.demo.CntToLedsAndRfm.output,ptolemy.domains.ptinyos.demo.RfmToLeds.output,ptolemy.domains.ptinyos.demo.SendAndReceiveCnt.output,ptolemy.domains.ptinyos.demo.SenseToLeds.output,ptolemy.actor.lib.jjs.modules.udpSocket.*" />
    <property name="env.TRAVIS_COMMIT_MESSAGE" value="Used undocumented tick(min, max) function" />
    <property name="keystore" value="ptKeystore" />
    <property name="env.XDG_SESSION_ID" value="2" />
    <property name="junit.output.dir" value="/home/travis/build/icyphy/ptII/reports/junit" />
    <property name="npm.return.code" value="0" />
    <property name="user.dir" value="/home/travis/build/icyphy/ptII/ptolemy/actor/lib/test" />
    <property name="env.TRAVIS_NODE_VERSION" value="7" />
    <property name="env.XFILESEARCHPATH" value="/usr/dt/app-defaults/%L/Dt" />
    <property name="env.TRAVIS_EVENT_TYPE" value="cron" />
    <property name="env.MAIL" value="/var/mail/travis" />
    <property name="env.PWD" value="/home/travis/build/icyphy/ptII" />
    <property name="env.PERLBREW_ROOT" value="/home/travis/perl5/perlbrew" />
    <property name="timeout.npm" value="45000" />
    <property name="env.TRAVIS_ARCH" value="amd64" />
    <property name="env.PAGER" value="cat" />
    <property name="sun.cpu.endian" value="little" />
    <property name="env.TRAVIS_BUILD_STAGE_NAME" value="Test" />
    <property name="env.PERLBREW_HOME" value="/home/travis/.perlbrew" />
    <property name="env.RAILS_ENV" value="test" />
    <property name="java.vm.version" value="25.151-b12" />
    <property name="java.class.path" value="/home/travis/.ptolemyII:/home/travis/.ptolemyII/*:/home/travis/build/icyphy/ptII:/home/travis/build/icyphy/ptII/lib/bsh-2.0b4.jar:/home/travis/build/icyphy/ptII/lib/ptCal.jar:/home/travis/build/icyphy/ptII/lib/java_cup.jar:/home/travis/build/icyphy/ptII/lib/saxon8.jar:/home/travis/build/icyphy/ptII/lib/saxon8-dom.jar:/home/travis/build/icyphy/ptII/lib/chic.jar:/home/travis/build/icyphy/ptII/lib/ptcolt.jar:/usr/lib/jvm/java-8-oracle/lib/tools.jar:/home/travis/build/icyphy/ptII/vendors/misc/itext/iText.jar:/home/travis/build/icyphy/ptII/lib/g4ltl.jar:/home/travis/build/icyphy/ptII/lib/StructuralCoder.jar:/home/travis/build/icyphy/ptII/vendors/jai-1_1_2_01/lib/jai_core.jar:/home/travis/build/icyphy/ptII/vendors/jai-1_1_2_01/lib/jai_codec.jar:/home/travis/build/icyphy/ptII/lib/jcerti.jar:/home/travis/build/icyphy/ptII/lib/javax.mail.jar:/home/travis/build/icyphy/ptII/vendors/JMF-2.1.1e/lib/jmf.jar:/home/travis/build/icyphy/ptII/lib/jna-4.0.0-variadic.jar:/home/travis/build/icyphy/ptII/vendors/misc/joystick/Joystick.jar:/home/travis/build/icyphy/ptII/lib/ptjacl.jar:/home/travis/build/icyphy/ptII/lib/jsoup-1.8.2.jar:/home/travis/build/icyphy/ptII/lib/junit-4.8.2.jar:/home/travis/build/icyphy/ptII/lib/JUnitParams-0.4.0.jar:/home/travis/build/icyphy/ptII/ptolemy/actor/lib/excel/jxl.jar:/home/travis/build/icyphy/ptII/lib/jython.jar:/home/travis/build/icyphy/ptII/lib/kieler.jar:/home/travis/build/icyphy/ptII/vendors/opencv/share/OpenCV/java/opencv-341.jar:/home/travis/build/icyphy/ptII/lib/oscP5.jar:/home/travis/build/icyphy/ptII/lib/nrjavaserial-3.11.0.devel.jar:/home/travis/build/icyphy/ptII/vendors/j3d/lib/j3dcore.jar:/home/travis/build/icyphy/ptII/vendors/j3d/lib/j3dutils.jar:/home/travis/build/icyphy/ptII/vendors/j3d/lib/vecmath.jar:/home/travis/build/icyphy/ptII/ptolemy/distributed/jini/jar/jini-core.jar:/home/travis/build/icyphy/ptII/ptolemy/distributed/jini/jar/jini-ext.jar:/home/travis/build/icyphy/ptII/ptolemy/distributed/jini/jar/sun-util.jar:/home/travis/build/icyphy/ptII/lib/protobuf-java-2.4.1.jar:/home/travis/build/icyphy/ptII/lib/org.eclipse.paho.client.mqttv3.jar:/home/travis/build/icyphy/ptII/lib/mapss.jar:/home/travis/build/icyphy/ptII/ptolemy/actor/ptalon/antlr/antlr.jar:/home/travis/build/icyphy/ptII/lib/JRI.jar:/home/travis/build/icyphy/ptII/lib/commons-lang-2.6.jar:/home/travis/build/icyphy/ptII/lib/commons-logging-1.1.1.jar:/home/travis/build/icyphy/ptII/lib/sootclasses.jar:/home/travis/build/icyphy/ptII/ptolemy/actor/lib/database/mysql-connector-java-5.1.6-bin.jar:/home/travis/build/icyphy/ptII/vendors/misc/sphinx4/sphinx4-data-5prealpha.jar:/home/travis/build/icyphy/ptII/vendors/misc/sphinx4/sphinx4-core-5prealpha.jar:/home/travis/build/icyphy/ptII/lib/PDFRenderer.jar:/home/travis/build/icyphy/ptII/lib/svgSalamander.jar:/home/travis/build/icyphy/ptII/lib/rsyntaxtextarea-2.6.0-SNAPSHOT.jar:/home/travis/build/icyphy/ptII/lib/hazelcast-3.8.2.jar:/home/travis/build/icyphy/ptII/lib/jackson-annotations-2.9.0.jar:/home/travis/build/icyphy/ptII/lib/jackson-core-2.9.3.jar:/home/travis/build/icyphy/ptII/lib/jackson-databind-2.9.3.jar:/home/travis/build/icyphy/ptII/lib/netty-buffer-4.1.19.Final.jar:/home/travis/build/icyphy/ptII/lib/netty-codec-4.1.19.Final.jar:/home/travis/build/icyphy/ptII/lib/netty-codec-dns-4.1.19.Final.jar:/home/travis/build/icyphy/ptII/lib/netty-codec-http-4.1.19.Final.jar:/home/travis/build/icyphy/ptII/lib/netty-codec-http2-4.1.19.Final.jar:/home/travis/build/icyphy/ptII/lib/netty-common-4.1.19.Final.jar:/home/travis/build/icyphy/ptII/lib/netty-handler-4.1.19.Final.jar:/home/travis/build/icyphy/ptII/lib/netty-resolver-4.1.19.Final.jar:/home/travis/build/icyphy/ptII/lib/netty-resolver-dns-4.1.19.Final.jar:/home/travis/build/icyphy/ptII/lib/netty-transport-4.1.19.Final.jar:/home/travis/build/icyphy/ptII/lib/vertx-codegen-3.5.1.jar:/home/travis/build/icyphy/ptII/lib/vertx-core-3.5.2-SNAPSHOT.jar:/home/travis/build/icyphy/ptII/lib/vertx-hazelcast-3.5.1.jar:/home/travis/build/icyphy/ptII/lib/vertx-lang-js-3.5.1.jar:/home/travis/build/icyphy/ptII/lib/vertx-service-proxy-3.5.1.jar:/home/travis/build/icyphy/ptII/lib/vertx-web-3.5.1.jar:/home/travis/build/icyphy/ptII/lib/slf4j-api-1.7.13.jar:/home/travis/build/icyphy/ptII/lib/slf4j-simple-1.7.13.jar:/home/travis/build/icyphy/ptII/lib/webcam-capture-0.3.12.jar:/home/travis/build/icyphy/ptII/lib/bridj-0.7.0.jar:/home/travis/build/icyphy/ptII/lib/xbjlib-1.1.0.nrjavaserial.jar:/home/travis/build/icyphy/ptII/ptolemy/moml/test:/home/travis/build/icyphy/ptII/ant/lib/ant-launcher.jar:/home/travis/build/icyphy/ptII/ant/lib/ant.jar:/home/travis/build/icyphy/ptII/ant/lib/ant-junit.jar:/home/travis/build/icyphy/ptII/ant/lib/ant-junit4.jar" />
    <property name="ant.library.dir" value="/home/travis/build/icyphy/ptII/ant/lib" />
    <property name="os.arch" value="amd64" />
    <property name="env.TRAVIS_LANGUAGE" value="node_js" />
    <property name="env.CONTINUOUS_INTEGRATION" value="true" />
    <property name="env.TRAVIS_STACK_LANGUAGES" value="__garnet__ c c++ clojure cplusplus cpp default go groovy java node_js php pure_java python ruby scala" />
    <property name="test.name" value="ptolemy.actor.lib.test.junit.JUnitTclTest" />
    <property name="sun.java.launcher" value="SUN_STANDARD" />
    <property name="env.PYTHON_CONFIGURE_OPTS" value="--enable-unicode=ucs4 --with-wide-unicode --enable-shared --enable-ipv6 --enable-loadable-sqlite-extensions --with-computed-gotos" />
    <property name="ant.core.lib" value="/home/travis/build/icyphy/ptII/ant/lib/ant.jar" />
    <property name="java.vm.specification.vendor" value="Oracle Corporation" />
    <property name="env.BCVTB_HOME" value="/home/travis/build/icyphy/ptII/lbnl" />
    <property name="file.separator" value="/" />
    <property name="spotbugs.home" value="/home/travis/build/icyphy/ptII/vendors/spotbugs-3.1.1" />
    <property name="java.runtime.version" value="1.8.0_151-b12" />
    <property name="sun.boot.class.path" value="/usr/lib/jvm/java-8-oracle/jre/lib/resources.jar:/usr/lib/jvm/java-8-oracle/jre/lib/rt.jar:/usr/lib/jvm/java-8-oracle/jre/lib/sunrsasign.jar:/usr/lib/jvm/java-8-oracle/jre/lib/jsse.jar:/usr/lib/jvm/java-8-oracle/jre/lib/jce.jar:/usr/lib/jvm/java-8-oracle/jre/lib/charsets.jar:/usr/lib/jvm/java-8-oracle/jre/lib/jfr.jar:/usr/lib/jvm/java-8-oracle/jre/classes" />
    <property name="env.ANSI_CLEAR" value="\033[0K" />
    <property name="env.HAS_JOSH_K_SEAL_OF_APPROVAL" value="true" />
    <property name="env.XDG_RUNTIME_DIR" value="/run/user/2000" />
    <property name="env.TRAVIS_OSX_IMAGE" value="" />
    <property name="env.TRAVIS_BRANCH" value="master" />
    <property name="env.TRAVIS_JOB_ID" value="530094792" />
    <property name="user.country" value="US" />
    <property name="env.CERTI_HOME_TRAVIS" value="/home/travis/pthla/certi-tools" />
    <property name="env.SHELL" value="/bin/bash" />
    <property name="java.maxmemory.large" value="5000m" />
    <property name="model" value="" />
    <property name="env.CASHER_DIR" value="/home/travis/.casher" />
    <property name="env.NVM_CD_FLAGS" value="" />
    <property name="jshint.executable" value="/home/travis/node_modules/jshint/bin/jshint" />
    <property name="java.vendor" value="Oracle Corporation" />
    <property name="env.JRUBY_OPTS" value=" --client -J-XX:+TieredCompilation -J-XX:TieredStopAtLevel=1 -J-Xss2m -Xcompile.invokedynamic=false" />
    <property name="env.TRAVIS_PRE_CHEF_BOOTSTRAP_TIME" value="2017-12-05T19:32:55" />
    <property name="env.TRAVIS_STACK_JOB_BOARD_REGISTER" value="/.job-board-register.yml" />
    <property name="env.ELIXIR_VERSION" value="1.4.5" />
    <property name="env.ANSI_RED" value="\033[31;1m" />
    <property name="java.specification.version" value="1.8" />
    <property name="env.TRAVIS" value="true" />
    <property name="env.IRBRC" value="/home/travis/.rvm/rubies/ruby-2.4.1/.irbrc" />
    <property name="sun.arch.data.model" value="64" />
  </properties>
  <testcase classname="ptolemy.util.test.junit.TclTests" name="[0] /home/travis/build/icyphy/ptII/ptolemy/actor/lib/test/AbsoluteValue.tcl (RunTclFile)" time="0.467" />
  <testcase classname="ptolemy.util.test.junit.TclTests" name="[1] /home/travis/build/icyphy/ptII/ptolemy/actor/lib/test/AddSubtract.tcl (RunTclFile)" time="0.068" />
  <testcase classname="ptolemy.util.test.junit.TclTests" name="[2] /home/travis/build/icyphy/ptII/ptolemy/actor/lib/test/Average.tcl (RunTclFile)" time="0.046" />
  <testcase classname="ptolemy.util.test.junit.TclTests" name="[3] /home/travis/build/icyphy/ptII/ptolemy/actor/lib/test/Bernoulli.tcl (RunTclFile)" time="0.019" />
  <testcase classname="ptolemy.util.test.junit.TclTests" name="[4] /home/travis/build/icyphy/ptII/ptolemy/actor/lib/test/Clock.tcl (RunTclFile)" time="0.073" />
  <testcase classname="ptolemy.util.test.junit.TclTests" name="[5] /home/travis/build/icyphy/ptII/ptolemy/actor/lib/test/Commutator.tcl (RunTclFile)" time="0.125" />
  <testcase classname="ptolemy.util.test.junit.TclTests" name="[6] /home/travis/build/icyphy/ptII/ptolemy/actor/lib/test/Const.tcl (RunTclFile)" time="0.143" />
  <testcase classname="ptolemy.util.test.junit.TclTests" name="[7] /home/travis/build/icyphy/ptII/ptolemy/actor/lib/test/CurrentTime.tcl (RunTclFile)" time="0.02" />
  <testcase classname="ptolemy.util.test.junit.TclTests" name="[8] /home/travis/build/icyphy/ptII/ptolemy/actor/lib/test/DB.tcl (RunTclFile)" time="0.019" />
  <testcase classname="ptolemy.util.test.junit.TclTests" name="[9] /home/travis/build/icyphy/ptII/ptolemy/actor/lib/test/DiscreteRandomSource.tcl (RunTclFile)" time="0.024" />
  <testcase classname="ptolemy.util.test.junit.TclTests" name="[10] /home/travis/build/icyphy/ptII/ptolemy/actor/lib/test/Distributor.tcl (RunTclFile)" time="0.033" />
  <testcase classname="ptolemy.util.test.junit.TclTests" name="[11] /home/travis/build/icyphy/ptII/ptolemy/actor/lib/test/Exit.tcl (RunTclFile)" time="0.038" />
  <testcase classname="ptolemy.util.test.junit.TclTests" name="[12] /home/travis/build/icyphy/ptII/ptolemy/actor/lib/test/Expression.tcl (RunTclFile)" time="0.129" />
  <testcase classname="ptolemy.util.test.junit.TclTests" name="[13] /home/travis/build/icyphy/ptII/ptolemy/actor/lib/test/Gaussian.tcl (RunTclFile)" time="0.977" />
  <testcase classname="ptolemy.util.test.junit.TclTests" name="[14] /home/travis/build/icyphy/ptII/ptolemy/actor/lib/test/IIR.tcl (RunTclFile)" time="0.03" />
  <testcase classname="ptolemy.util.test.junit.TclTests" name="[15] /home/travis/build/icyphy/ptII/ptolemy/actor/lib/test/Interpolator.tcl (RunTclFile)" time="0.076" />
  <testcase classname="ptolemy.util.test.junit.TclTests" name="[16] /home/travis/build/icyphy/ptII/ptolemy/actor/lib/test/MathFunction.tcl (RunTclFile)" time="0.058" />
  <testcase classname="ptolemy.util.test.junit.TclTests" name="[17] /home/travis/build/icyphy/ptII/ptolemy/actor/lib/test/Maximum.tcl (RunTclFile)" time="0.046" />
  <testcase classname="ptolemy.util.test.junit.TclTests" name="[18] /home/travis/build/icyphy/ptII/ptolemy/actor/lib/test/Minimum.tcl (RunTclFile)" time="0.034" />
  <testcase classname="ptolemy.util.test.junit.TclTests" name="[19] /home/travis/build/icyphy/ptII/ptolemy/actor/lib/test/MultiplyDivide.tcl (RunTclFile)" time="0.02" />
  <testcase classname="ptolemy.util.test.junit.TclTests" name="[20] /home/travis/build/icyphy/ptII/ptolemy/actor/lib/test/OrderedMerge.tcl (RunTclFile)" time="0.052" />
  <testcase classname="ptolemy.util.test.junit.TclTests" name="[21] /home/travis/build/icyphy/ptII/ptolemy/actor/lib/test/Publisher.tcl (RunTclFile)" time="0.686" />
  <testcase classname="ptolemy.util.test.junit.TclTests" name="[22] /home/travis/build/icyphy/ptII/ptolemy/actor/lib/test/Pulse.tcl (RunTclFile)" time="0.053" />
  <testcase classname="ptolemy.util.test.junit.TclTests" name="[23] /home/travis/build/icyphy/ptII/ptolemy/actor/lib/test/Ramp.tcl (RunTclFile)" time="1.715" />
  <testcase classname="ptolemy.util.test.junit.TclTests" name="[24] /home/travis/build/icyphy/ptII/ptolemy/actor/lib/test/RampContinuous.tcl (RunTclFile)" time="0.018" />
  <testcase classname="ptolemy.util.test.junit.TclTests" name="[25] /home/travis/build/icyphy/ptII/ptolemy/actor/lib/test/RecordAssembler.tcl (RunTclFile)" time="0.022" />
  <testcase classname="ptolemy.util.test.junit.TclTests" name="[26] /home/travis/build/icyphy/ptII/ptolemy/actor/lib/test/RecordDisassembler.tcl (RunTclFile)" time="0.022" />
  <testcase classname="ptolemy.util.test.junit.TclTests" name="[27] /home/travis/build/icyphy/ptII/ptolemy/actor/lib/test/Scale.tcl (RunTclFile)" time="0.029" />
  <testcase classname="ptolemy.util.test.junit.TclTests" name="[28] /home/travis/build/icyphy/ptII/ptolemy/actor/lib/test/SequentialClock.tcl (RunTclFile)" time="0.013" />
  <testcase classname="ptolemy.util.test.junit.TclTests" name="[29] /home/travis/build/icyphy/ptII/ptolemy/actor/lib/test/SetVariable.tcl (RunTclFile)" time="0.013" />
  <testcase classname="ptolemy.util.test.junit.TclTests" name="[30] /home/travis/build/icyphy/ptII/ptolemy/actor/lib/test/Sinewave.tcl (RunTclFile)" time="0.045" />
  <testcase classname="ptolemy.util.test.junit.TclTests" name="[31] /home/travis/build/icyphy/ptII/ptolemy/actor/lib/test/SubscriptionAggregator.tcl (RunTclFile)" time="1.836" />
  <testcase classname="ptolemy.util.test.junit.TclTests" name="[32] /home/travis/build/icyphy/ptII/ptolemy/actor/lib/test/Test.tcl (RunTclFile)" time="0.119" />
  <testcase classname="ptolemy.util.test.junit.TclTests" name="[33] /home/travis/build/icyphy/ptII/ptolemy/actor/lib/test/TestExceptionHandler.tcl (RunTclFile)" time="0.011" />
  <testcase classname="ptolemy.util.test.junit.TclTests" name="[34] /home/travis/build/icyphy/ptII/ptolemy/actor/lib/test/UnionDisassembler.tcl (RunTclFile)" time="0.081" />
  <testcase classname="ptolemy.util.test.junit.TclTests" name="[35] /home/travis/build/icyphy/ptII/ptolemy/actor/lib/test/VariableClock.tcl (RunTclFile)" time="0.017" />
  <testcase classname="ptolemy.util.test.junit.AutoKnownFailedTests" name="[0] /home/travis/build/icyphy/ptII/ptolemy/actor/lib/test/auto/knownFailedTests/PublisherPortToplevelSubscriber.xml (RunModel)" time="0.013" />
  <testcase classname="ptolemy.util.test.junit.AutoKnownFailedTests" name="[1] /home/travis/build/icyphy/ptII/ptolemy/actor/lib/test/auto/knownFailedTests/PublisherSubscriberPortToplevel.xml (RunModel)" time="0.079" />
  <testcase classname="ptolemy.util.test.junit.AutoKnownFailedTests" name="[2] /home/travis/build/icyphy/ptII/ptolemy/actor/lib/test/auto/knownFailedTests/PublisherSubscriptionAggregatorPort.xml (RunModel)" time="0.023" />
  <testcase classname="ptolemy.util.test.junit.AutoKnownFailedTests" name="[3] /home/travis/build/icyphy/ptII/ptolemy/actor/lib/test/auto/knownFailedTests/sizedarray3.xml (RunModel)" time="0.042" />
  <testcase classname="ptolemy.util.test.junit.AutoNameArchTests" name="[0] ThereAreNoAutoArchTests (RunModel)" time="0.001" />
  <testcase classname="ptolemy.util.test.junit.AutoTests" name="[0] /home/travis/build/icyphy/ptII/ptolemy/actor/lib/test/auto/AbsoluteValue.xml (RunModel)" time="0.096" />
  <testcase classname="ptolemy.util.test.junit.AutoTests" name="[1] /home/travis/build/icyphy/ptII/ptolemy/actor/lib/test/auto/AbsoluteValue2.xml (RunModel)" time="0.038" />
  <testcase classname="ptolemy.util.test.junit.AutoTests" name="[2] /home/travis/build/icyphy/ptII/ptolemy/actor/lib/test/auto/Accumulator.xml (RunModel)" time="0.061" />
  <testcase classname="ptolemy.util.test.junit.AutoTests" name="[3] /home/travis/build/icyphy/ptII/ptolemy/actor/lib/test/auto/Accumulator2.xml (RunModel)" time="0.027" />
  <testcase classname="ptolemy.util.test.junit.AutoTests" name="[4] /home/travis/build/icyphy/ptII/ptolemy/actor/lib/test/auto/Accumulator3.xml (RunModel)" time="0.029" />
  <testcase classname="ptolemy.util.test.junit.AutoTests" name="[5] /home/travis/build/icyphy/ptII/ptolemy/actor/lib/test/auto/ArrayAppend.xml (RunModel)" time="0.057" />
  <testcase classname="ptolemy.util.test.junit.AutoTests" name="[6] /home/travis/build/icyphy/ptII/ptolemy/actor/lib/test/auto/ArrayAppend2.xml (RunModel)" time="0.367" />
  <testcase classname="ptolemy.util.test.junit.AutoTests" name="[7] /home/travis/build/icyphy/ptII/ptolemy/actor/lib/test/auto/ArrayAppend3.xml (RunModel)" time="0.026" />
  <testcase classname="ptolemy.util.test.junit.AutoTests" name="[8] /home/travis/build/icyphy/ptII/ptolemy/actor/lib/test/auto/ArrayAppend4.xml (RunModel)" time="0.027" />
  <testcase classname="ptolemy.util.test.junit.AutoTests" name="[9] /home/travis/build/icyphy/ptII/ptolemy/actor/lib/test/auto/ArrayAppend5.xml (RunModel)" time="0.025" />
  <testcase classname="ptolemy.util.test.junit.AutoTests" name="[10] /home/travis/build/icyphy/ptII/ptolemy/actor/lib/test/auto/ArrayAppend6.xml (RunModel)" time="0.026" />
  <testcase classname="ptolemy.util.test.junit.AutoTests" name="[11] /home/travis/build/icyphy/ptII/ptolemy/actor/lib/test/auto/ArrayAppendPerformanceTest.xml (RunModel)" time="0.043" />
  <testcase classname="ptolemy.util.test.junit.AutoTests" name="[12] /home/travis/build/icyphy/ptII/ptolemy/actor/lib/test/auto/ArrayAppendWithEmptyInput.xml (RunModel)" time="0.063" />
  <testcase classname="ptolemy.util.test.junit.AutoTests" name="[13] /home/travis/build/icyphy/ptII/ptolemy/actor/lib/test/auto/ArrayAverage.xml (RunModel)" time="0.07" />
  <testcase classname="ptolemy.util.test.junit.AutoTests" name="[14] /home/travis/build/icyphy/ptII/ptolemy/actor/lib/test/auto/ArrayContains.xml (RunModel)" time="0.042" />
  <testcase classname="ptolemy.util.test.junit.AutoTests" name="[15] /home/travis/build/icyphy/ptII/ptolemy/actor/lib/test/auto/ArrayElement.xml (RunModel)" time="0.039" />
  <testcase classname="ptolemy.util.test.junit.AutoTests" name="[16] /home/travis/build/icyphy/ptII/ptolemy/actor/lib/test/auto/ArrayElementAsMatrix.xml (RunModel)" time="0.042" />
  <testcase classname="ptolemy.util.test.junit.AutoTests" name="[17] /home/travis/build/icyphy/ptII/ptolemy/actor/lib/test/auto/ArrayElementI.xml (RunModel)" time="0.021" />
  <testcase classname="ptolemy.util.test.junit.AutoTests" name="[18] /home/travis/build/icyphy/ptII/ptolemy/actor/lib/test/auto/ArrayExtract.xml (RunModel)" time="0.025" />
  <testcase classname="ptolemy.util.test.junit.AutoTests" name="[19] /home/travis/build/icyphy/ptII/ptolemy/actor/lib/test/auto/ArrayExtract2.xml (RunModel)" time="0.017" />
  <testcase classname="ptolemy.util.test.junit.AutoTests" name="[20] /home/travis/build/icyphy/ptII/ptolemy/actor/lib/test/auto/ArrayLength.xml (RunModel)" time="0.028" />
  <testcase classname="ptolemy.util.test.junit.AutoTests" name="[21] /home/travis/build/icyphy/ptII/ptolemy/actor/lib/test/auto/ArrayLevelCrossing.xml (RunModel)" time="0.089" />
  <testcase classname="ptolemy.util.test.junit.AutoTests" name="[22] /home/travis/build/icyphy/ptII/ptolemy/actor/lib/test/auto/ArrayLevelCrossing2.xml (RunModel)" time="0.026" />
  <testcase classname="ptolemy.util.test.junit.AutoTests" name="[23] /home/travis/build/icyphy/ptII/ptolemy/actor/lib/test/auto/ArrayPeakSearch.xml (RunModel)" time="0.058" />
  <testcase classname="ptolemy.util.test.junit.AutoTests" name="[24] /home/travis/build/icyphy/ptII/ptolemy/actor/lib/test/auto/ArrayPeakSearch2.xml (RunModel)" time="0.038" />
  <testcase classname="ptolemy.util.test.junit.AutoTests" name="[25] /home/travis/build/icyphy/ptII/ptolemy/actor/lib/test/auto/ArrayPeakSearch3.xml (RunModel)" time="0.034" />
  <testcase classname="ptolemy.util.test.junit.AutoTests" name="[26] /home/travis/build/icyphy/ptII/ptolemy/actor/lib/test/auto/ArrayRemoveElement.xml (RunModel)" time="0.035" />
  <testcase classname="ptolemy.util.test.junit.AutoTests" name="[27] /home/travis/build/icyphy/ptII/ptolemy/actor/lib/test/auto/ArraySort.xml (RunModel)" time="0.032" />
  <testcase classname="ptolemy.util.test.junit.AutoTests" name="[28] /home/travis/build/icyphy/ptII/ptolemy/actor/lib/test/auto/ArraySum.xml (RunModel)" time="0.017" />
  <testcase classname="ptolemy.util.test.junit.AutoTests" name="[29] /home/travis/build/icyphy/ptII/ptolemy/actor/lib/test/auto/ArrayToElements.xml (RunModel)" time="0.021" />
  <testcase classname="ptolemy.util.test.junit.AutoTests" name="[30] /home/travis/build/icyphy/ptII/ptolemy/actor/lib/test/auto/ArrayToMatrix.xml (RunModel)" time="0.053" />
  <testcase classname="ptolemy.util.test.junit.AutoTests" name="[31] /home/travis/build/icyphy/ptII/ptolemy/actor/lib/test/auto/ArrayUpdate1.xml (RunModel)" time="0.018" />
  <testcase classname="ptolemy.util.test.junit.AutoTests" name="[32] /home/travis/build/icyphy/ptII/ptolemy/actor/lib/test/auto/ArrayUpdate2.xml (RunModel)" time="0.022" />
  <testcase classname="ptolemy.util.test.junit.AutoTests" name="[33] /home/travis/build/icyphy/ptII/ptolemy/actor/lib/test/auto/ArrayUpdate3.xml (RunModel)" time="0.018" />
  <testcase classname="ptolemy.util.test.junit.AutoTests" name="[34] /home/travis/build/icyphy/ptII/ptolemy/actor/lib/test/auto/Assert1.xml (RunModel)" time="0.031" />
  <testcase classname="ptolemy.util.test.junit.AutoTests" name="[35] /home/travis/build/icyphy/ptII/ptolemy/actor/lib/test/auto/Assert2.xml (RunModel)" time="0.013" />
  <testcase classname="ptolemy.util.test.junit.AutoTests" name="[36] /home/travis/build/icyphy/ptII/ptolemy/actor/lib/test/auto/BooleanMultiplexor.xml (RunModel)" time="0.013" />
  <testcase classname="ptolemy.util.test.junit.AutoTests" name="[37] /home/travis/build/icyphy/ptII/ptolemy/actor/lib/test/auto/BooleanMultiplexor2.xml (RunModel)" time="0.015" />
  <testcase classname="ptolemy.util.test.junit.AutoTests" name="[38] /home/travis/build/icyphy/ptII/ptolemy/actor/lib/test/auto/BooleanMultiplexor3.xml (RunModel)" time="0.013" />
  <testcase classname="ptolemy.util.test.junit.AutoTests" name="[39] /home/travis/build/icyphy/ptII/ptolemy/actor/lib/test/auto/BooleanSelect.xml (RunModel)" time="0.03" />
  <testcase classname="ptolemy.util.test.junit.AutoTests" name="[40] /home/travis/build/icyphy/ptII/ptolemy/actor/lib/test/auto/BooleanSelect2.xml (RunModel)" time="0.012" />
  <testcase classname="ptolemy.util.test.junit.AutoTests" name="[41] /home/travis/build/icyphy/ptII/ptolemy/actor/lib/test/auto/BooleanSwitch.xml (RunModel)" time="0.017" />
  <testcase classname="ptolemy.util.test.junit.AutoTests" name="[42] /home/travis/build/icyphy/ptII/ptolemy/actor/lib/test/auto/BooleanSwitch2.xml (RunModel)" time="0.013" />
  <testcase classname="ptolemy.util.test.junit.AutoTests" name="[43] /home/travis/build/icyphy/ptII/ptolemy/actor/lib/test/auto/BooleanSwitchCloningBugWithClassRelationGroup.xml (RunModel)" time="0.029" />
  <testcase classname="ptolemy.util.test.junit.AutoTests" name="[44] /home/travis/build/icyphy/ptII/ptolemy/actor/lib/test/auto/BusActors.xml (RunModel)" time="0.038" />
  <testcase classname="ptolemy.util.test.junit.AutoTests" name="[45] /home/travis/build/icyphy/ptII/ptolemy/actor/lib/test/auto/ClassWrapper.xml (RunModel)" time="0.008" />
  <testcase classname="ptolemy.util.test.junit.AutoTests" name="[46] /home/travis/build/icyphy/ptII/ptolemy/actor/lib/test/auto/Clock.xml (RunModel)" time="0.012" />
  <testcase classname="ptolemy.util.test.junit.AutoTests" name="[47] /home/travis/build/icyphy/ptII/ptolemy/actor/lib/test/auto/Clock10.xml (RunModel)" time="0.011" />
  <testcase classname="ptolemy.util.test.junit.AutoTests" name="[48] /home/travis/build/icyphy/ptII/ptolemy/actor/lib/test/auto/Clock11.xml (RunModel)" time="0.01" />
  <testcase classname="ptolemy.util.test.junit.AutoTests" name="[49] /home/travis/build/icyphy/ptII/ptolemy/actor/lib/test/auto/Clock12.xml (RunModel)" time="0.01" />
  <testcase classname="ptolemy.util.test.junit.AutoTests" name="[50] /home/travis/build/icyphy/ptII/ptolemy/actor/lib/test/auto/Clock13.xml (RunModel)" time="0.014" />
  <testcase classname="ptolemy.util.test.junit.AutoTests" name="[51] /home/travis/build/icyphy/ptII/ptolemy/actor/lib/test/auto/Clock14.xml (RunModel)" time="0.014" />
  <testcase classname="ptolemy.util.test.junit.AutoTests" name="[52] /home/travis/build/icyphy/ptII/ptolemy/actor/lib/test/auto/Clock15.xml (RunModel)" time="0.013" />
  <testcase classname="ptolemy.util.test.junit.AutoTests" name="[53] /home/travis/build/icyphy/ptII/ptolemy/actor/lib/test/auto/Clock16.xml (RunModel)" time="0.068" />
  <testcase classname="ptolemy.util.test.junit.AutoTests" name="[54] /home/travis/build/icyphy/ptII/ptolemy/actor/lib/test/auto/Clock17.xml (RunModel)" time="0.036" />
  <testcase classname="ptolemy.util.test.junit.AutoTests" name="[55] /home/travis/build/icyphy/ptII/ptolemy/actor/lib/test/auto/Clock18.xml (RunModel)" time="0.061" />
  <testcase classname="ptolemy.util.test.junit.AutoTests" name="[56] /home/travis/build/icyphy/ptII/ptolemy/actor/lib/test/auto/Clock19.xml (RunModel)" time="0.049" />
  <testcase classname="ptolemy.util.test.junit.AutoTests" name="[57] /home/travis/build/icyphy/ptII/ptolemy/actor/lib/test/auto/Clock2.xml (RunModel)" time="0.017" />
  <testcase classname="ptolemy.util.test.junit.AutoTests" name="[58] /home/travis/build/icyphy/ptII/ptolemy/actor/lib/test/auto/Clock20.xml (RunModel)" time="0.025" />
  <testcase classname="ptolemy.util.test.junit.AutoTests" name="[59] /home/travis/build/icyphy/ptII/ptolemy/actor/lib/test/auto/Clock21.xml (RunModel)" time="0.017" />
  <testcase classname="ptolemy.util.test.junit.AutoTests" name="[60] /home/travis/build/icyphy/ptII/ptolemy/actor/lib/test/auto/Clock22.xml (RunModel)" time="0.017" />
  <testcase classname="ptolemy.util.test.junit.AutoTests" name="[61] /home/travis/build/icyphy/ptII/ptolemy/actor/lib/test/auto/Clock23.xml (RunModel)" time="0.023" />
  <testcase classname="ptolemy.util.test.junit.AutoTests" name="[62] /home/travis/build/icyphy/ptII/ptolemy/actor/lib/test/auto/Clock24.xml (RunModel)" time="0.013" />
  <testcase classname="ptolemy.util.test.junit.AutoTests" name="[63] /home/travis/build/icyphy/ptII/ptolemy/actor/lib/test/auto/Clock4.xml (RunModel)" time="0.014" />
  <testcase classname="ptolemy.util.test.junit.AutoTests" name="[64] /home/travis/build/icyphy/ptII/ptolemy/actor/lib/test/auto/Clock5.xml (RunModel)" time="0.012" />
  <testcase classname="ptolemy.util.test.junit.AutoTests" name="[65] /home/travis/build/icyphy/ptII/ptolemy/actor/lib/test/auto/Clock6.xml (RunModel)" time="0.012" />
  <testcase classname="ptolemy.util.test.junit.AutoTests" name="[66] /home/travis/build/icyphy/ptII/ptolemy/actor/lib/test/auto/Clock7.xml (RunModel)" time="0.009" />
  <testcase classname="ptolemy.util.test.junit.AutoTests" name="[67] /home/travis/build/icyphy/ptII/ptolemy/actor/lib/test/auto/Clock8.xml (RunModel)" time="0.015" />
  <testcase classname="ptolemy.util.test.junit.AutoTests" name="[68] /home/travis/build/icyphy/ptII/ptolemy/actor/lib/test/auto/Clock9.xml (RunModel)" time="0.011" />
  <testcase classname="ptolemy.util.test.junit.AutoTests" name="[69] /home/travis/build/icyphy/ptII/ptolemy/actor/lib/test/auto/CommDistDiscard.xml (RunModel)" time="0.016" />
  <testcase classname="ptolemy.util.test.junit.AutoTests" name="[70] /home/travis/build/icyphy/ptII/ptolemy/actor/lib/test/auto/Commutator.xml (RunModel)" time="0.013" />
  <testcase classname="ptolemy.util.test.junit.AutoTests" name="[71] /home/travis/build/icyphy/ptII/ptolemy/actor/lib/test/auto/Commutator2.xml (RunModel)" time="0.011" />
  <testcase classname="ptolemy.util.test.junit.AutoTests" name="[72] /home/travis/build/icyphy/ptII/ptolemy/actor/lib/test/auto/Commutator3.xml (RunModel)" time="0.011" />
  <testcase classname="ptolemy.util.test.junit.AutoTests" name="[73] /home/travis/build/icyphy/ptII/ptolemy/actor/lib/test/auto/Compare.xml (RunModel)" time="0.015" />
  <testcase classname="ptolemy.util.test.junit.AutoTests" name="[74] /home/travis/build/icyphy/ptII/ptolemy/actor/lib/test/auto/CompareDE.xml (RunModel)" time="0.016" />
  <testcase classname="ptolemy.util.test.junit.AutoTests" name="[75] /home/travis/build/icyphy/ptII/ptolemy/actor/lib/test/auto/ComplexDivide.xml (RunModel)" time="0.009" />
  <testcase classname="ptolemy.util.test.junit.AutoTests" name="[76] /home/travis/build/icyphy/ptII/ptolemy/actor/lib/test/auto/ComputeHistogram.xml (RunModel)" time="0.096" />
  <testcase classname="ptolemy.util.test.junit.AutoTests" name="[77] /home/travis/build/icyphy/ptII/ptolemy/actor/lib/test/auto/ConfigurationSelect.xml (RunModel)" time="0.017" />
  <testcase classname="ptolemy.util.test.junit.AutoTests" name="[78] /home/travis/build/icyphy/ptII/ptolemy/actor/lib/test/auto/ConfigurationSelect2.xml (RunModel)" time="0.013" />
  <testcase classname="ptolemy.util.test.junit.AutoTests" name="[79] /home/travis/build/icyphy/ptII/ptolemy/actor/lib/test/auto/ConfigurationSwitch.xml (RunModel)" time="0.024" />
  <testcase classname="ptolemy.util.test.junit.AutoTests" name="[80] /home/travis/build/icyphy/ptII/ptolemy/actor/lib/test/auto/ConfigurationSwitch2.xml (RunModel)" time="0.015" />
  <testcase classname="ptolemy.util.test.junit.AutoTests" name="[81] /home/travis/build/icyphy/ptII/ptolemy/actor/lib/test/auto/ConfigurationSwitchCloningBugWithClassRelationGroup.xml (RunModel)" time="0.019" />
  <testcase classname="ptolemy.util.test.junit.AutoTests" name="[82] /home/travis/build/icyphy/ptII/ptolemy/actor/lib/test/auto/ConfigurationSwitchSelectSDF.xml (RunModel)" time="0.02" />
  <testcase classname="ptolemy.util.test.junit.AutoTests" name="[83] /home/travis/build/icyphy/ptII/ptolemy/actor/lib/test/auto/ConfigurationSwitchSelectSDF2.xml (RunModel)" time="0.012" />
  <testcase classname="ptolemy.util.test.junit.AutoTests" name="[84] /home/travis/build/icyphy/ptII/ptolemy/actor/lib/test/auto/Const.xml (RunModel)" time="0.006" />
  <testcase classname="ptolemy.util.test.junit.AutoTests" name="[85] /home/travis/build/icyphy/ptII/ptolemy/actor/lib/test/auto/Const2.xml (RunModel)" time="0.014" />
  <testcase classname="ptolemy.util.test.junit.AutoTests" name="[86] /home/travis/build/icyphy/ptII/ptolemy/actor/lib/test/auto/Const3.xml (RunModel)" time="0.006" />
  <testcase classname="ptolemy.util.test.junit.AutoTests" name="[87] /home/travis/build/icyphy/ptII/ptolemy/actor/lib/test/auto/ConstantPublisherPort1.xml (RunModel)" time="0.019" />
  <testcase classname="ptolemy.util.test.junit.AutoTests" name="[88] /home/travis/build/icyphy/ptII/ptolemy/actor/lib/test/auto/ConstantPublisherPort2.xml (RunModel)" time="0.016" />
  <testcase classname="ptolemy.util.test.junit.AutoTests" name="[89] /home/travis/build/icyphy/ptII/ptolemy/actor/lib/test/auto/ConstantPublisherPort3.xml (RunModel)" time="0.021" />
  <testcase classname="ptolemy.util.test.junit.AutoTests" name="[90] /home/travis/build/icyphy/ptII/ptolemy/actor/lib/test/auto/ConstantPublisherPort4.xml (RunModel)" time="0.018" />
  <testcase classname="ptolemy.util.test.junit.AutoTests" name="[91] /home/travis/build/icyphy/ptII/ptolemy/actor/lib/test/auto/ConstantPublisherPort5.xml (RunModel)" time="0.047" />
  <testcase classname="ptolemy.util.test.junit.AutoTests" name="[92] /home/travis/build/icyphy/ptII/ptolemy/actor/lib/test/auto/ConstantPublisherPort6.xml (RunModel)" time="0.03" />
  <testcase classname="ptolemy.util.test.junit.AutoTests" name="[93] /home/travis/build/icyphy/ptII/ptolemy/actor/lib/test/auto/ConstantPublisherPort7.xml (RunModel)" time="0.034" />
  <testcase classname="ptolemy.util.test.junit.AutoTests" name="[94] /home/travis/build/icyphy/ptII/ptolemy/actor/lib/test/auto/ConstraintMonitor1.xml (RunModel)" time="0.033" />
  <testcase classname="ptolemy.util.test.junit.AutoTests" name="[95] /home/travis/build/icyphy/ptII/ptolemy/actor/lib/test/auto/ConstraintMonitor2.xml (RunModel)" time="0.009" />
  <testcase classname="ptolemy.util.test.junit.AutoTests" name="[96] /home/travis/build/icyphy/ptII/ptolemy/actor/lib/test/auto/ConstraintMonitor3.xml (RunModel)" time="0.01" />
  <testcase classname="ptolemy.util.test.junit.AutoTests" name="[97] /home/travis/build/icyphy/ptII/ptolemy/actor/lib/test/auto/ConstraintMonitor4.xml (RunModel)" time="0.015" />
  <testcase classname="ptolemy.util.test.junit.AutoTests" name="[98] /home/travis/build/icyphy/ptII/ptolemy/actor/lib/test/auto/ConstraintMonitor5.xml (RunModel)" time="0.016" />
  <testcase classname="ptolemy.util.test.junit.AutoTests" name="[99] /home/travis/build/icyphy/ptII/ptolemy/actor/lib/test/auto/ConstraintMonitor6.xml (RunModel)" time="0.015" />
  <testcase classname="ptolemy.util.test.junit.AutoTests" name="[100] /home/travis/build/icyphy/ptII/ptolemy/actor/lib/test/auto/ConstraintMonitor7.xml (RunModel)" time="0.015" />
  <testcase classname="ptolemy.util.test.junit.AutoTests" name="[101] /home/travis/build/icyphy/ptII/ptolemy/actor/lib/test/auto/ConstraintMonitor8.xml (RunModel)" time="0.018" />
  <testcase classname="ptolemy.util.test.junit.AutoTests" name="[102] /home/travis/build/icyphy/ptII/ptolemy/actor/lib/test/auto/Counter.xml (RunModel)" time="0.012" />
  <testcase classname="ptolemy.util.test.junit.AutoTests" name="[103] /home/travis/build/icyphy/ptII/ptolemy/actor/lib/test/auto/CurrentTimeSDF.xml (RunModel)" time="0.01" />
  <testcase classname="ptolemy.util.test.junit.AutoTests" name="[104] /home/travis/build/icyphy/ptII/ptolemy/actor/lib/test/auto/DB.xml (RunModel)" time="0.013" />
  <testcase classname="ptolemy.util.test.junit.AutoTests" name="[105] /home/travis/build/icyphy/ptII/ptolemy/actor/lib/test/auto/DBDE.xml (RunModel)" time="0.015" />
  <testcase classname="ptolemy.util.test.junit.AutoTests" name="[106] /home/travis/build/icyphy/ptII/ptolemy/actor/lib/test/auto/DateConstructor.xml (RunModel)" time="0.063" />
  <testcase classname="ptolemy.util.test.junit.AutoTests" name="[107] /home/travis/build/icyphy/ptII/ptolemy/actor/lib/test/auto/DelayTime.xml (RunModel)" time="0.016" />
  <testcase classname="ptolemy.util.test.junit.AutoTests" name="[108] /home/travis/build/icyphy/ptII/ptolemy/actor/lib/test/auto/Dictionary1.xml (RunModel)" time="0.017" />
  <testcase classname="ptolemy.util.test.junit.AutoTests" name="[109] /home/travis/build/icyphy/ptII/ptolemy/actor/lib/test/auto/Dictionary2.xml (RunModel)" time="0.016" />
  <testcase classname="ptolemy.util.test.junit.AutoTests" name="[110] /home/travis/build/icyphy/ptII/ptolemy/actor/lib/test/auto/Dictionary3.xml (RunModel)" time="0.014" />
  <testcase classname="ptolemy.util.test.junit.AutoTests" name="[111] /home/travis/build/icyphy/ptII/ptolemy/actor/lib/test/auto/Dictionary4.xml (RunModel)" time="0.016" />
  <testcase classname="ptolemy.util.test.junit.AutoTests" name="[112] /home/travis/build/icyphy/ptII/ptolemy/actor/lib/test/auto/Differential.xml (RunModel)" time="0.012" />
  <testcase classname="ptolemy.util.test.junit.AutoTests" name="[113] /home/travis/build/icyphy/ptII/ptolemy/actor/lib/test/auto/Director.xml (RunModel)" time="0.01" />
  <testcase classname="ptolemy.util.test.junit.AutoTests" name="[114] /home/travis/build/icyphy/ptII/ptolemy/actor/lib/test/auto/DiscreteClock.xml (RunModel)" time="0.01" />
  <testcase classname="ptolemy.util.test.junit.AutoTests" name="[115] /home/travis/build/icyphy/ptII/ptolemy/actor/lib/test/auto/DiscreteClock10.xml (RunModel)" time="0.014" />
  <testcase classname="ptolemy.util.test.junit.AutoTests" name="[116] /home/travis/build/icyphy/ptII/ptolemy/actor/lib/test/auto/DiscreteClock11.xml (RunModel)" time="0.015" />
  <testcase classname="ptolemy.util.test.junit.AutoTests" name="[117] /home/travis/build/icyphy/ptII/ptolemy/actor/lib/test/auto/DiscreteClock12.xml (RunModel)" time="0.014" />
  <testcase classname="ptolemy.util.test.junit.AutoTests" name="[118] /home/travis/build/icyphy/ptII/ptolemy/actor/lib/test/auto/DiscreteClock13.xml (RunModel)" time="0.013" />
  <testcase classname="ptolemy.util.test.junit.AutoTests" name="[119] /home/travis/build/icyphy/ptII/ptolemy/actor/lib/test/auto/DiscreteClock14.xml (RunModel)" time="0.014" />
  <testcase classname="ptolemy.util.test.junit.AutoTests" name="[120] /home/travis/build/icyphy/ptII/ptolemy/actor/lib/test/auto/DiscreteClock15.xml (RunModel)" time="0.012" />
  <testcase classname="ptolemy.util.test.junit.AutoTests" name="[121] /home/travis/build/icyphy/ptII/ptolemy/actor/lib/test/auto/DiscreteClock16.xml (RunModel)" time="0.043" />
  <testcase classname="ptolemy.util.test.junit.AutoTests" name="[122] /home/travis/build/icyphy/ptII/ptolemy/actor/lib/test/auto/DiscreteClock17.xml (RunModel)" time="0.04" />
  <testcase classname="ptolemy.util.test.junit.AutoTests" name="[123] /home/travis/build/icyphy/ptII/ptolemy/actor/lib/test/auto/DiscreteClock18.xml (RunModel)" time="0.037" />
  <testcase classname="ptolemy.util.test.junit.AutoTests" name="[124] /home/travis/build/icyphy/ptII/ptolemy/actor/lib/test/auto/DiscreteClock19.xml (RunModel)" time="0.038" />
  <testcase classname="ptolemy.util.test.junit.AutoTests" name="[125] /home/travis/build/icyphy/ptII/ptolemy/actor/lib/test/auto/DiscreteClock2.xml (RunModel)" time="0.012" />
  <testcase classname="ptolemy.util.test.junit.AutoTests" name="[126] /home/travis/build/icyphy/ptII/ptolemy/actor/lib/test/auto/DiscreteClock20.xml (RunModel)" time="0.016" />
  <testcase classname="ptolemy.util.test.junit.AutoTests" name="[127] /home/travis/build/icyphy/ptII/ptolemy/actor/lib/test/auto/DiscreteClock21.xml (RunModel)" time="0.016" />
  <testcase classname="ptolemy.util.test.junit.AutoTests" name="[128] /home/travis/build/icyphy/ptII/ptolemy/actor/lib/test/auto/DiscreteClock22.xml (RunModel)" time="0.016" />
  <testcase classname="ptolemy.util.test.junit.AutoTests" name="[129] /home/travis/build/icyphy/ptII/ptolemy/actor/lib/test/auto/DiscreteClock23.xml (RunModel)" time="0.016" />
  <testcase classname="ptolemy.util.test.junit.AutoTests" name="[130] /home/travis/build/icyphy/ptII/ptolemy/actor/lib/test/auto/DiscreteClock24.xml (RunModel)" time="0.013" />
  <testcase classname="ptolemy.util.test.junit.AutoTests" name="[131] /home/travis/build/icyphy/ptII/ptolemy/actor/lib/test/auto/DiscreteClock4.xml (RunModel)" time="0.02" />
  <testcase classname="ptolemy.util.test.junit.AutoTests" name="[132] /home/travis/build/icyphy/ptII/ptolemy/actor/lib/test/auto/DiscreteClock5.xml (RunModel)" time="0.009" />
  <testcase classname="ptolemy.util.test.junit.AutoTests" name="[133] /home/travis/build/icyphy/ptII/ptolemy/actor/lib/test/auto/DiscreteClock6.xml (RunModel)" time="0.008" />
  <testcase classname="ptolemy.util.test.junit.AutoTests" name="[134] /home/travis/build/icyphy/ptII/ptolemy/actor/lib/test/auto/DiscreteClock7.xml (RunModel)" time="0.008" />
  <testcase classname="ptolemy.util.test.junit.AutoTests" name="[135] /home/travis/build/icyphy/ptII/ptolemy/actor/lib/test/auto/DiscreteClock8.xml (RunModel)" time="0.015" />
  <testcase classname="ptolemy.util.test.junit.AutoTests" name="[136] /home/travis/build/icyphy/ptII/ptolemy/actor/lib/test/auto/DiscreteClock9.xml (RunModel)" time="0.014" />
  <testcase classname="ptolemy.util.test.junit.AutoTests" name="[137] /home/travis/build/icyphy/ptII/ptolemy/actor/lib/test/auto/DisplayArray.xml (RunModel)" time="0.013" />
  <testcase classname="ptolemy.util.test.junit.AutoTests" name="[138] /home/travis/build/icyphy/ptII/ptolemy/actor/lib/test/auto/Distributor.xml (RunModel)" time="0.009" />
  <testcase classname="ptolemy.util.test.junit.AutoTests" name="[139] /home/travis/build/icyphy/ptII/ptolemy/actor/lib/test/auto/Distributor2.xml (RunModel)" time="0.009" />
  <testcase classname="ptolemy.util.test.junit.AutoTests" name="[140] /home/travis/build/icyphy/ptII/ptolemy/actor/lib/test/auto/DownSample.xml (RunModel)" time="0.014" />
  <testcase classname="ptolemy.util.test.junit.AutoTests" name="[141] /home/travis/build/icyphy/ptII/ptolemy/actor/lib/test/auto/ElectronicUnitBase1.xml (RunModel)" time="0.513" />
  <testcase classname="ptolemy.util.test.junit.AutoTests" name="[142] /home/travis/build/icyphy/ptII/ptolemy/actor/lib/test/auto/ElementsToArray.xml (RunModel)" time="0.014" />
  <testcase classname="ptolemy.util.test.junit.AutoTests" name="[143] /home/travis/build/icyphy/ptII/ptolemy/actor/lib/test/auto/Equals.xml (RunModel)" time="0.013" />
  <testcase classname="ptolemy.util.test.junit.AutoTests" name="[144] /home/travis/build/icyphy/ptII/ptolemy/actor/lib/test/auto/Exec.xml (RunModel)" time="0.019" />
  <testcase classname="ptolemy.util.test.junit.AutoTests" name="[145] /home/travis/build/icyphy/ptII/ptolemy/actor/lib/test/auto/ExecEnvironment.xml (RunModel)" time="0.036" />
  <testcase classname="ptolemy.util.test.junit.AutoTests" name="[146] /home/travis/build/icyphy/ptII/ptolemy/actor/lib/test/auto/ExecNonZeroReturnOutput.xml (RunModel)" time="0.141" />
  <testcase classname="ptolemy.util.test.junit.AutoTests" name="[147] /home/travis/build/icyphy/ptII/ptolemy/actor/lib/test/auto/ExecRunDemos.xml (RunModel)" time="9.105" />
  <testcase classname="ptolemy.util.test.junit.AutoTests" name="[148] /home/travis/build/icyphy/ptII/ptolemy/actor/lib/test/auto/ExecStop.xml (RunModel)" time="5.026" />
  <testcase classname="ptolemy.util.test.junit.AutoTests" name="[149] /home/travis/build/icyphy/ptII/ptolemy/actor/lib/test/auto/ExecutionTimeSDF.xml (RunModel)" time="6.037" />
  <testcase classname="ptolemy.util.test.junit.AutoTests" name="[150] /home/travis/build/icyphy/ptII/ptolemy/actor/lib/test/auto/Expression1.xml (RunModel)" time="0.029" />
  <testcase classname="ptolemy.util.test.junit.AutoTests" name="[151] /home/travis/build/icyphy/ptII/ptolemy/actor/lib/test/auto/Expression10.xml (RunModel)" time="0.02" />
  <testcase classname="ptolemy.util.test.junit.AutoTests" name="[152] /home/travis/build/icyphy/ptII/ptolemy/actor/lib/test/auto/Expression11.xml (RunModel)" time="0.011" />
  <testcase classname="ptolemy.util.test.junit.AutoTests" name="[153] /home/travis/build/icyphy/ptII/ptolemy/actor/lib/test/auto/Expression12.xml (RunModel)" time="0.013" />
  <testcase classname="ptolemy.util.test.junit.AutoTests" name="[154] /home/travis/build/icyphy/ptII/ptolemy/actor/lib/test/auto/Expression13.xml (RunModel)" time="0.011" />
  <testcase classname="ptolemy.util.test.junit.AutoTests" name="[155] /home/travis/build/icyphy/ptII/ptolemy/actor/lib/test/auto/Expression14.xml (RunModel)" time="0.014" />
  <testcase classname="ptolemy.util.test.junit.AutoTests" name="[156] /home/travis/build/icyphy/ptII/ptolemy/actor/lib/test/auto/Expression15.xml (RunModel)" time="0.008" />
  <testcase classname="ptolemy.util.test.junit.AutoTests" name="[157] /home/travis/build/icyphy/ptII/ptolemy/actor/lib/test/auto/Expression16.xml (RunModel)" time="0.011" />
  <testcase classname="ptolemy.util.test.junit.AutoTests" name="[158] /home/travis/build/icyphy/ptII/ptolemy/actor/lib/test/auto/Expression17.xml (RunModel)" time="0.01" />
  <testcase classname="ptolemy.util.test.junit.AutoTests" name="[159] /home/travis/build/icyphy/ptII/ptolemy/actor/lib/test/auto/Expression18.xml (RunModel)" time="0.014" />
  <testcase classname="ptolemy.util.test.junit.AutoTests" name="[160] /home/travis/build/icyphy/ptII/ptolemy/actor/lib/test/auto/Expression2.xml (RunModel)" time="0.024" />
  <testcase classname="ptolemy.util.test.junit.AutoTests" name="[161] /home/travis/build/icyphy/ptII/ptolemy/actor/lib/test/auto/Expression3.xml (RunModel)" time="0.017" />
  <testcase classname="ptolemy.util.test.junit.AutoTests" name="[162] /home/travis/build/icyphy/ptII/ptolemy/actor/lib/test/auto/Expression4.xml (RunModel)" time="0.018" />
  <testcase classname="ptolemy.util.test.junit.AutoTests" name="[163] /home/travis/build/icyphy/ptII/ptolemy/actor/lib/test/auto/Expression5.xml (RunModel)" time="0.011" />
  <testcase classname="ptolemy.util.test.junit.AutoTests" name="[164] /home/travis/build/icyphy/ptII/ptolemy/actor/lib/test/auto/Expression6.xml (RunModel)" time="0.015" />
  <testcase classname="ptolemy.util.test.junit.AutoTests" name="[165] /home/travis/build/icyphy/ptII/ptolemy/actor/lib/test/auto/Expression7.xml (RunModel)" time="0.011" />
  <testcase classname="ptolemy.util.test.junit.AutoTests" name="[166] /home/travis/build/icyphy/ptII/ptolemy/actor/lib/test/auto/Expression8.xml (RunModel)" time="0.013" />
  <testcase classname="ptolemy.util.test.junit.AutoTests" name="[167] /home/travis/build/icyphy/ptII/ptolemy/actor/lib/test/auto/Expression9.xml (RunModel)" time="0.009" />
  <testcase classname="ptolemy.util.test.junit.AutoTests" name="[168] /home/travis/build/icyphy/ptII/ptolemy/actor/lib/test/auto/ExpressionConcatenateArrayType.xml (RunModel)" time="0.024" />
  <testcase classname="ptolemy.util.test.junit.AutoTests" name="[169] /home/travis/build/icyphy/ptII/ptolemy/actor/lib/test/auto/ExpressionConcatenateArrayType2.xml (RunModel)" time="0.018" />
  <testcase classname="ptolemy.util.test.junit.AutoTests" name="[170] /home/travis/build/icyphy/ptII/ptolemy/actor/lib/test/auto/ExpressionFix.xml (RunModel)" time="0.026" />
  <testcase classname="ptolemy.util.test.junit.AutoTests" name="[171] /home/travis/build/icyphy/ptII/ptolemy/actor/lib/test/auto/ExpressionFix2.xml (RunModel)" time="0.016" />
  <testcase classname="ptolemy.util.test.junit.AutoTests" name="[172] /home/travis/build/icyphy/ptII/ptolemy/actor/lib/test/auto/ExpressionFix3.xml (RunModel)" time="0.014" />
  <testcase classname="ptolemy.util.test.junit.AutoTests" name="[173] /home/travis/build/icyphy/ptII/ptolemy/actor/lib/test/auto/FileWriter1.xml (RunModel)" time="0.014" />
  <testcase classname="ptolemy.util.test.junit.AutoTests" name="[174] /home/travis/build/icyphy/ptII/ptolemy/actor/lib/test/auto/FileWriter2.xml (RunModel)" time="0.017" />
  <testcase classname="ptolemy.util.test.junit.AutoTests" name="[175] /home/travis/build/icyphy/ptII/ptolemy/actor/lib/test/auto/FileWriter3.xml (RunModel)" time="0.012" />
  <testcase classname="ptolemy.util.test.junit.AutoTests" name="[176] /home/travis/build/icyphy/ptII/ptolemy/actor/lib/test/auto/Gaussian.xml (RunModel)" time="0.011" />
  <testcase classname="ptolemy.util.test.junit.AutoTests" name="[177] /home/travis/build/icyphy/ptII/ptolemy/actor/lib/test/auto/Gaussian1.xml (RunModel)" time="0.016" />
  <testcase classname="ptolemy.util.test.junit.AutoTests" name="[178] /home/travis/build/icyphy/ptII/ptolemy/actor/lib/test/auto/Gaussian2.xml (RunModel)" time="0.017" />
  <testcase classname="ptolemy.util.test.junit.AutoTests" name="[179] /home/travis/build/icyphy/ptII/ptolemy/actor/lib/test/auto/GradientAdaptiveLattice.xml (RunModel)" time="0.024" />
  <testcase classname="ptolemy.util.test.junit.AutoTests" name="[180] /home/travis/build/icyphy/ptII/ptolemy/actor/lib/test/auto/IIR.xml (RunModel)" time="0.016" />
  <testcase classname="ptolemy.util.test.junit.AutoTests" name="[181] /home/travis/build/icyphy/ptII/ptolemy/actor/lib/test/auto/InputOutputTransparentPorts.xml (RunModel)" time="0.025" />
  <testcase classname="ptolemy.util.test.junit.AutoTests" name="[182] /home/travis/build/icyphy/ptII/ptolemy/actor/lib/test/auto/Interpolator.xml (RunModel)" time="0.011" />
  <testcase classname="ptolemy.util.test.junit.AutoTests" name="[183] /home/travis/build/icyphy/ptII/ptolemy/actor/lib/test/auto/InterpolatorFiringLimitDE.xml (RunModel)" time="0.012" />
  <testcase classname="ptolemy.util.test.junit.AutoTests" name="[184] /home/travis/build/icyphy/ptII/ptolemy/actor/lib/test/auto/Lattice.xml (RunModel)" time="0.008" />
  <testcase classname="ptolemy.util.test.junit.AutoTests" name="[185] /home/travis/build/icyphy/ptII/ptolemy/actor/lib/test/auto/LazyAOCTestLazy.xml (RunModel)" time="0.035" />
  <testcase classname="ptolemy.util.test.junit.AutoTests" name="[186] /home/travis/build/icyphy/ptII/ptolemy/actor/lib/test/auto/LazyAOCTestNonLazy.xml (RunModel)" time="0.037" />
  <testcase classname="ptolemy.util.test.junit.AutoTests" name="[187] /home/travis/build/icyphy/ptII/ptolemy/actor/lib/test/auto/LazyInnerClass.xml (RunModel)" time="0.055" />
  <testcase classname="ptolemy.util.test.junit.AutoTests" name="[188] /home/travis/build/icyphy/ptII/ptolemy/actor/lib/test/auto/LazyPubSub.xml (RunModel)" time="0.055" />
  <testcase classname="ptolemy.util.test.junit.AutoTests" name="[189] /home/travis/build/icyphy/ptII/ptolemy/actor/lib/test/auto/LazyPubSub2.xml (RunModel)" time="0.039" />
  <testcase classname="ptolemy.util.test.junit.AutoTests" name="[190] /home/travis/build/icyphy/ptII/ptolemy/actor/lib/test/auto/LazyPubSub3.xml (RunModel)" time="0.019" />
  <testcase classname="ptolemy.util.test.junit.AutoTests" name="[191] /home/travis/build/icyphy/ptII/ptolemy/actor/lib/test/auto/LazySubClassModel.xml (RunModel)" time="0.018" />
  <testcase classname="ptolemy.util.test.junit.AutoTests" name="[192] /home/travis/build/icyphy/ptII/ptolemy/actor/lib/test/auto/LevelCrossTest1.xml (RunModel)" time="0.01" />
  <testcase classname="ptolemy.util.test.junit.AutoTests" name="[193] /home/travis/build/icyphy/ptII/ptolemy/actor/lib/test/auto/LevelCrossTest10.xml (RunModel)" time="0.024" />
  <testcase classname="ptolemy.util.test.junit.AutoTests" name="[194] /home/travis/build/icyphy/ptII/ptolemy/actor/lib/test/auto/LevelCrossTest11.xml (RunModel)" time="0.013" />
  <testcase classname="ptolemy.util.test.junit.AutoTests" name="[195] /home/travis/build/icyphy/ptII/ptolemy/actor/lib/test/auto/LevelCrossTest12.xml (RunModel)" time="0.021" />
  <testcase classname="ptolemy.util.test.junit.AutoTests" name="[196] /home/travis/build/icyphy/ptII/ptolemy/actor/lib/test/auto/LevelCrossTest13.xml (RunModel)" time="0.015" />
  <testcase classname="ptolemy.util.test.junit.AutoTests" name="[197] /home/travis/build/icyphy/ptII/ptolemy/actor/lib/test/auto/LevelCrossTest2.xml (RunModel)" time="0.011" />
  <testcase classname="ptolemy.util.test.junit.AutoTests" name="[198] /home/travis/build/icyphy/ptII/ptolemy/actor/lib/test/auto/LevelCrossTest3.xml (RunModel)" time="0.011" />
  <testcase classname="ptolemy.util.test.junit.AutoTests" name="[199] /home/travis/build/icyphy/ptII/ptolemy/actor/lib/test/auto/LevelCrossTest4.xml (RunModel)" time="0.011" />
  <testcase classname="ptolemy.util.test.junit.AutoTests" name="[200] /home/travis/build/icyphy/ptII/ptolemy/actor/lib/test/auto/LevelCrossTest5.xml (RunModel)" time="0.015" />
  <testcase classname="ptolemy.util.test.junit.AutoTests" name="[201] /home/travis/build/icyphy/ptII/ptolemy/actor/lib/test/auto/LevelCrossTest6.xml (RunModel)" time="0.018" />
  <testcase classname="ptolemy.util.test.junit.AutoTests" name="[202] /home/travis/build/icyphy/ptII/ptolemy/actor/lib/test/auto/LevelCrossTest7.xml (RunModel)" time="0.016" />
  <testcase classname="ptolemy.util.test.junit.AutoTests" name="[203] /home/travis/build/icyphy/ptII/ptolemy/actor/lib/test/auto/LevelCrossTest8.xml (RunModel)" time="0.013" />
  <testcase classname="ptolemy.util.test.junit.AutoTests" name="[204] /home/travis/build/icyphy/ptII/ptolemy/actor/lib/test/auto/LevelCrossTest9.xml (RunModel)" time="0.02" />
  <testcase classname="ptolemy.util.test.junit.AutoTests" name="[205] /home/travis/build/icyphy/ptII/ptolemy/actor/lib/test/auto/LevinsonDurbin.xml (RunModel)" time="0.013" />
  <testcase classname="ptolemy.util.test.junit.AutoTests" name="[206] /home/travis/build/icyphy/ptII/ptolemy/actor/lib/test/auto/LevinsonDurbin2.xml (RunModel)" time="0.011" />
  <testcase classname="ptolemy.util.test.junit.AutoTests" name="[207] /home/travis/build/icyphy/ptII/ptolemy/actor/lib/test/auto/LevinsonDurbin3.xml (RunModel)" time="0.01" />
  <testcase classname="ptolemy.util.test.junit.AutoTests" name="[208] /home/travis/build/icyphy/ptII/ptolemy/actor/lib/test/auto/Limiter.xml (RunModel)" time="0.031" />
  <testcase classname="ptolemy.util.test.junit.AutoTests" name="[209] /home/travis/build/icyphy/ptII/ptolemy/actor/lib/test/auto/LinearDifferenceEquationSystem.xml (RunModel)" time="0.02" />
  <testcase classname="ptolemy.util.test.junit.AutoTests" name="[210] /home/travis/build/icyphy/ptII/ptolemy/actor/lib/test/auto/LookupTable.xml (RunModel)" time="0.01" />
  <testcase classname="ptolemy.util.test.junit.AutoTests" name="[211] /home/travis/build/icyphy/ptII/ptolemy/actor/lib/test/auto/MathFunction.xml (RunModel)" time="0.031" />
  <testcase classname="ptolemy.util.test.junit.AutoTests" name="[212] /home/travis/build/icyphy/ptII/ptolemy/actor/lib/test/auto/MathFunction2.xml (RunModel)" time="0.014" />
  <testcase classname="ptolemy.util.test.junit.AutoTests" name="[213] /home/travis/build/icyphy/ptII/ptolemy/actor/lib/test/auto/MathFunction3.xml (RunModel)" time="0.021" />
  <testcase classname="ptolemy.util.test.junit.AutoTests" name="[214] /home/travis/build/icyphy/ptII/ptolemy/actor/lib/test/auto/MatrixCropBoolean.xml (RunModel)" time="0.012" />
  <testcase classname="ptolemy.util.test.junit.AutoTests" name="[215] /home/travis/build/icyphy/ptII/ptolemy/actor/lib/test/auto/MatrixCropComplex.xml (RunModel)" time="0.009" />
  <testcase classname="ptolemy.util.test.junit.AutoTests" name="[216] /home/travis/build/icyphy/ptII/ptolemy/actor/lib/test/auto/MatrixCropDouble.xml (RunModel)" time="0.009" />
  <testcase classname="ptolemy.util.test.junit.AutoTests" name="[217] /home/travis/build/icyphy/ptII/ptolemy/actor/lib/test/auto/MatrixCropFix.xml (RunModel)" time="0.01" />
  <testcase classname="ptolemy.util.test.junit.AutoTests" name="[218] /home/travis/build/icyphy/ptII/ptolemy/actor/lib/test/auto/MatrixCropInt.xml (RunModel)" time="0.014" />
  <testcase classname="ptolemy.util.test.junit.AutoTests" name="[219] /home/travis/build/icyphy/ptII/ptolemy/actor/lib/test/auto/MatrixCropLong.xml (RunModel)" time="0.009" />
  <testcase classname="ptolemy.util.test.junit.AutoTests" name="[220] /home/travis/build/icyphy/ptII/ptolemy/actor/lib/test/auto/MatrixToArray.xml (RunModel)" time="0.05" />
  <testcase classname="ptolemy.util.test.junit.AutoTests" name="[221] /home/travis/build/icyphy/ptII/ptolemy/actor/lib/test/auto/MaxIndex.xml (RunModel)" time="0.015" />
  <testcase classname="ptolemy.util.test.junit.AutoTests" name="[222] /home/travis/build/icyphy/ptII/ptolemy/actor/lib/test/auto/Maximum.xml (RunModel)" time="0.012" />
  <testcase classname="ptolemy.util.test.junit.AutoTests" name="[223] /home/travis/build/icyphy/ptII/ptolemy/actor/lib/test/auto/MaximumComplex.xml (RunModel)" time="0.013" />
  <testcase classname="ptolemy.util.test.junit.AutoTests" name="[224] /home/travis/build/icyphy/ptII/ptolemy/actor/lib/test/auto/MethodCallTest.xml (RunModel)" time="0.029" />
  <testcase classname="ptolemy.util.test.junit.AutoTests" name="[225] /home/travis/build/icyphy/ptII/ptolemy/actor/lib/test/auto/Minimum.xml (RunModel)" time="0.012" />
  <testcase classname="ptolemy.util.test.junit.AutoTests" name="[226] /home/travis/build/icyphy/ptII/ptolemy/actor/lib/test/auto/MinimumComplex.xml (RunModel)" time="0.016" />
  <testcase classname="ptolemy.util.test.junit.AutoTests" name="[227] /home/travis/build/icyphy/ptII/ptolemy/actor/lib/test/auto/MinimumMultiports.xml (RunModel)" time="0.023" />
  <testcase classname="ptolemy.util.test.junit.AutoTests" name="[228] /home/travis/build/icyphy/ptII/ptolemy/actor/lib/test/auto/ModifyDate.xml (RunModel)" time="0.04" />
  <testcase classname="ptolemy.util.test.junit.AutoTests" name="[229] /home/travis/build/icyphy/ptII/ptolemy/actor/lib/test/auto/ModifyDate2.xml (RunModel)" time="0.03" />
  <testcase classname="ptolemy.util.test.junit.AutoTests" name="[230] /home/travis/build/icyphy/ptII/ptolemy/actor/lib/test/auto/MovingAverage.xml (RunModel)" time="0.014" />
  <testcase classname="ptolemy.util.test.junit.AutoTests" name="[231] /home/travis/build/icyphy/ptII/ptolemy/actor/lib/test/auto/MovingMaximum.xml (RunModel)" time="0.012" />
  <testcase classname="ptolemy.util.test.junit.AutoTests" name="[232] /home/travis/build/icyphy/ptII/ptolemy/actor/lib/test/auto/MultipleLinksToSameRelation.xml (RunModel)" time="0.009" />
  <testcase classname="ptolemy.util.test.junit.AutoTests" name="[233] /home/travis/build/icyphy/ptII/ptolemy/actor/lib/test/auto/MultipleLinksToSameRelationDE.xml (RunModel)" time="0.012" />
  <testcase classname="ptolemy.util.test.junit.AutoTests" name="[234] /home/travis/build/icyphy/ptII/ptolemy/actor/lib/test/auto/Multiplexor.xml (RunModel)" time="0.014" />
  <testcase classname="ptolemy.util.test.junit.AutoTests" name="[235] /home/travis/build/icyphy/ptII/ptolemy/actor/lib/test/auto/Multiplexor1.xml (RunModel)" time="0.014" />
  <testcase classname="ptolemy.util.test.junit.AutoTests" name="[236] /home/travis/build/icyphy/ptII/ptolemy/actor/lib/test/auto/Multiplexor2.xml (RunModel)" time="0.019" />
  <testcase classname="ptolemy.util.test.junit.AutoTests" name="[237] /home/travis/build/icyphy/ptII/ptolemy/actor/lib/test/auto/Multiplexor3.xml (RunModel)" time="0.012" />
  <testcase classname="ptolemy.util.test.junit.AutoTests" name="[238] /home/travis/build/icyphy/ptII/ptolemy/actor/lib/test/auto/MultiplexorDE.xml (RunModel)" time="0.019" />
  <testcase classname="ptolemy.util.test.junit.AutoTests" name="[239] /home/travis/build/icyphy/ptII/ptolemy/actor/lib/test/auto/MultiportBroadcastTest.xml (RunModel)" time="0.108" />
  <testcase classname="ptolemy.util.test.junit.AutoTests" name="[240] /home/travis/build/icyphy/ptII/ptolemy/actor/lib/test/auto/MultiportOutHangDuringGetWidth.xml (RunModel)" time="0.039" />
  <testcase classname="ptolemy.util.test.junit.AutoTests" name="[241] /home/travis/build/icyphy/ptII/ptolemy/actor/lib/test/auto/NilToken.xml (RunModel)" time="0.016" />
  <testcase classname="ptolemy.util.test.junit.AutoTests" name="[242] /home/travis/build/icyphy/ptII/ptolemy/actor/lib/test/auto/NilTokenNonStrictTest.xml (RunModel)" time="0.013" />
  <testcase classname="ptolemy.util.test.junit.AutoTests" name="[243] /home/travis/build/icyphy/ptII/ptolemy/actor/lib/test/auto/NilTokenRecord.xml (RunModel)" time="0.022" />
  <testcase classname="ptolemy.util.test.junit.AutoTests" name="[244] /home/travis/build/icyphy/ptII/ptolemy/actor/lib/test/auto/NilTokenTypeTest.xml (RunModel)" time="0.03" />
  <testcase classname="ptolemy.util.test.junit.AutoTests" name="[245] /home/travis/build/icyphy/ptII/ptolemy/actor/lib/test/auto/ObjectToken1.xml (RunModel)" time="0.011" />
  <testcase classname="ptolemy.util.test.junit.AutoTests" name="[246] /home/travis/build/icyphy/ptII/ptolemy/actor/lib/test/auto/OrderedMerge.xml (RunModel)" time="0.014" />
  <testcase classname="ptolemy.util.test.junit.AutoTests" name="[247] /home/travis/build/icyphy/ptII/ptolemy/actor/lib/test/auto/OrderedRecordDisassembler.xml (RunModel)" time="0.018" />
  <testcase classname="ptolemy.util.test.junit.AutoTests" name="[248] /home/travis/build/icyphy/ptII/ptolemy/actor/lib/test/auto/OrderedRecordDisassembler2.xml (RunModel)" time="0.028" />
  <testcase classname="ptolemy.util.test.junit.AutoTests" name="[249] /home/travis/build/icyphy/ptII/ptolemy/actor/lib/test/auto/OrderedRecordUpdater.xml (RunModel)" time="0.013" />
  <testcase classname="ptolemy.util.test.junit.AutoTests" name="[250] /home/travis/build/icyphy/ptII/ptolemy/actor/lib/test/auto/OrderedRecordUpdater2.xml (RunModel)" time="0.022" />
  <testcase classname="ptolemy.util.test.junit.AutoTests" name="[251] /home/travis/build/icyphy/ptII/ptolemy/actor/lib/test/auto/PhaseUnwrap.xml (RunModel)" time="0.012" />
  <testcase classname="ptolemy.util.test.junit.AutoTests" name="[252] /home/travis/build/icyphy/ptII/ptolemy/actor/lib/test/auto/PoissonClock.xml (RunModel)" time="0.012" />
  <testcase classname="ptolemy.util.test.junit.AutoTests" name="[253] /home/travis/build/icyphy/ptII/ptolemy/actor/lib/test/auto/PoissonClock2.xml (RunModel)" time="0.008" />
  <testcase classname="ptolemy.util.test.junit.AutoTests" name="[254] /home/travis/build/icyphy/ptII/ptolemy/actor/lib/test/auto/PoissonClock3.xml (RunModel)" time="0.015" />
  <testcase classname="ptolemy.util.test.junit.AutoTests" name="[255] /home/travis/build/icyphy/ptII/ptolemy/actor/lib/test/auto/PubSubWithInitialTokens.xml (RunModel)" time="0.017" />
  <testcase classname="ptolemy.util.test.junit.AutoTests" name="[256] /home/travis/build/icyphy/ptII/ptolemy/actor/lib/test/auto/PubSubWithInitialTokens2.xml (RunModel)" time="0.018" />
  <testcase classname="ptolemy.util.test.junit.AutoTests" name="[257] /home/travis/build/icyphy/ptII/ptolemy/actor/lib/test/auto/PublisherClassNoParameter.xml (RunModel)" time="0.024" />
  <testcase classname="ptolemy.util.test.junit.AutoTests" name="[258] /home/travis/build/icyphy/ptII/ptolemy/actor/lib/test/auto/PublisherClassParameter.xml (RunModel)" time="0.028" />
  <testcase classname="ptolemy.util.test.junit.AutoTests" name="[259] /home/travis/build/icyphy/ptII/ptolemy/actor/lib/test/auto/PublisherNonStrictTest.xml (RunModel)" time="0.018" />
  <testcase classname="ptolemy.util.test.junit.AutoTests" name="[260] /home/travis/build/icyphy/ptII/ptolemy/actor/lib/test/auto/PublisherPort1.xml (RunModel)" time="0.013" />
  <testcase classname="ptolemy.util.test.junit.AutoTests" name="[261] /home/travis/build/icyphy/ptII/ptolemy/actor/lib/test/auto/PublisherPort2.xml (RunModel)" time="0.026" />
  <testcase classname="ptolemy.util.test.junit.AutoTests" name="[262] /home/travis/build/icyphy/ptII/ptolemy/actor/lib/test/auto/PublisherPort3.xml (RunModel)" time="0.019" />
  <testcase classname="ptolemy.util.test.junit.AutoTests" name="[263] /home/travis/build/icyphy/ptII/ptolemy/actor/lib/test/auto/PublisherPort4.xml (RunModel)" time="0.016" />
  <testcase classname="ptolemy.util.test.junit.AutoTests" name="[264] /home/travis/build/icyphy/ptII/ptolemy/actor/lib/test/auto/PublisherPort5.xml (RunModel)" time="0.015" />
  <testcase classname="ptolemy.util.test.junit.AutoTests" name="[265] /home/travis/build/icyphy/ptII/ptolemy/actor/lib/test/auto/PublisherPort5LookAlike.xml (RunModel)" time="0.018" />
  <testcase classname="ptolemy.util.test.junit.AutoTests" name="[266] /home/travis/build/icyphy/ptII/ptolemy/actor/lib/test/auto/PublisherPort6.xml (RunModel)" time="0.012" />
  <testcase classname="ptolemy.util.test.junit.AutoTests" name="[267] /home/travis/build/icyphy/ptII/ptolemy/actor/lib/test/auto/PublisherPort7.xml (RunModel)" time="0.016" />
  <testcase classname="ptolemy.util.test.junit.AutoTests" name="[268] /home/travis/build/icyphy/ptII/ptolemy/actor/lib/test/auto/PublisherPort8.xml (RunModel)" time="0.016" />
  <testcase classname="ptolemy.util.test.junit.AutoTests" name="[269] /home/travis/build/icyphy/ptII/ptolemy/actor/lib/test/auto/PublisherPortSubscriberChannelVariablesAOC2.xml (RunModel)" time="0.033" />
  <testcase classname="ptolemy.util.test.junit.AutoTests" name="[270] /home/travis/build/icyphy/ptII/ptolemy/actor/lib/test/auto/PublisherPortSubscriberOpaqueWidthInference.xml (RunModel)" time="0.015" />
  <testcase classname="ptolemy.util.test.junit.AutoTests" name="[271] /home/travis/build/icyphy/ptII/ptolemy/actor/lib/test/auto/PublisherPortSubscriberPortAdjacent.xml (RunModel)" time="0.019" />
  <testcase classname="ptolemy.util.test.junit.AutoTests" name="[272] /home/travis/build/icyphy/ptII/ptolemy/actor/lib/test/auto/PublisherPortSubscriberPortExpression.xml (RunModel)" time="0.017" />
  <testcase classname="ptolemy.util.test.junit.AutoTests" name="[273] /home/travis/build/icyphy/ptII/ptolemy/actor/lib/test/auto/PublisherPortSubscriberPortOpaqueD3Reverse.xml (RunModel)" time="0.033" />
  <testcase classname="ptolemy.util.test.junit.AutoTests" name="[274] /home/travis/build/icyphy/ptII/ptolemy/actor/lib/test/auto/PublisherPortSubscriberPortOpaqueWidthInference.xml (RunModel)" time="0.015" />
  <testcase classname="ptolemy.util.test.junit.AutoTests" name="[275] /home/travis/build/icyphy/ptII/ptolemy/actor/lib/test/auto/PublisherPortToplevelSubscriberPortAOC.xml (RunModel)" time="0.011" />
  <testcase classname="ptolemy.util.test.junit.AutoTests" name="[276] /home/travis/build/icyphy/ptII/ptolemy/actor/lib/test/auto/PublisherSubscriber.xml (RunModel)" time="0.024" />
  <testcase classname="ptolemy.util.test.junit.AutoTests" name="[277] /home/travis/build/icyphy/ptII/ptolemy/actor/lib/test/auto/PublisherSubscriber10.xml (RunModel)" time="0.021" />
  <testcase classname="ptolemy.util.test.junit.AutoTests" name="[278] /home/travis/build/icyphy/ptII/ptolemy/actor/lib/test/auto/PublisherSubscriber10InitialOutputs.xml (RunModel)" time="0.027" />
  <testcase classname="ptolemy.util.test.junit.AutoTests" name="[279] /home/travis/build/icyphy/ptII/ptolemy/actor/lib/test/auto/PublisherSubscriber11.xml (RunModel)" time="0.022" />
  <testcase classname="ptolemy.util.test.junit.AutoTests" name="[280] /home/travis/build/icyphy/ptII/ptolemy/actor/lib/test/auto/PublisherSubscriber12.xml (RunModel)" time="0.023" />
  <testcase classname="ptolemy.util.test.junit.AutoTests" name="[281] /home/travis/build/icyphy/ptII/ptolemy/actor/lib/test/auto/PublisherSubscriber13.xml (RunModel)" time="0.019" />
  <testcase classname="ptolemy.util.test.junit.AutoTests" name="[282] /home/travis/build/icyphy/ptII/ptolemy/actor/lib/test/auto/PublisherSubscriber14.xml (RunModel)" time="0.023" />
  <testcase classname="ptolemy.util.test.junit.AutoTests" name="[283] /home/travis/build/icyphy/ptII/ptolemy/actor/lib/test/auto/PublisherSubscriber2.xml (RunModel)" time="0.011" />
  <testcase classname="ptolemy.util.test.junit.AutoTests" name="[284] /home/travis/build/icyphy/ptII/ptolemy/actor/lib/test/auto/PublisherSubscriber3.xml (RunModel)" time="0.009" />
  <testcase classname="ptolemy.util.test.junit.AutoTests" name="[285] /home/travis/build/icyphy/ptII/ptolemy/actor/lib/test/auto/PublisherSubscriber4.xml (RunModel)" time="0.01" />
  <testcase classname="ptolemy.util.test.junit.AutoTests" name="[286] /home/travis/build/icyphy/ptII/ptolemy/actor/lib/test/auto/PublisherSubscriber5.xml (RunModel)" time="0.011" />
  <testcase classname="ptolemy.util.test.junit.AutoTests" name="[287] /home/travis/build/icyphy/ptII/ptolemy/actor/lib/test/auto/PublisherSubscriber6.xml (RunModel)" time="0.02" />
  <testcase classname="ptolemy.util.test.junit.AutoTests" name="[288] /home/travis/build/icyphy/ptII/ptolemy/actor/lib/test/auto/PublisherSubscriber7.xml (RunModel)" time="0.018" />
  <testcase classname="ptolemy.util.test.junit.AutoTests" name="[289] /home/travis/build/icyphy/ptII/ptolemy/actor/lib/test/auto/PublisherSubscriber8.xml (RunModel)" time="0.035" />
  <testcase classname="ptolemy.util.test.junit.AutoTests" name="[290] /home/travis/build/icyphy/ptII/ptolemy/actor/lib/test/auto/PublisherSubscriber9.xml (RunModel)" time="0.014" />
  <testcase classname="ptolemy.util.test.junit.AutoTests" name="[291] /home/travis/build/icyphy/ptII/ptolemy/actor/lib/test/auto/PublisherSubscriberAdjacent.xml (RunModel)" time="0.015" />
  <testcase classname="ptolemy.util.test.junit.AutoTests" name="[292] /home/travis/build/icyphy/ptII/ptolemy/actor/lib/test/auto/PublisherSubscriberChannelVariablesAOC2.xml (RunModel)" time="0.025" />
  <testcase classname="ptolemy.util.test.junit.AutoTests" name="[293] /home/travis/build/icyphy/ptII/ptolemy/actor/lib/test/auto/PublisherSubscriberD3.xml (RunModel)" time="0.012" />
  <testcase classname="ptolemy.util.test.junit.AutoTests" name="[294] /home/travis/build/icyphy/ptII/ptolemy/actor/lib/test/auto/PublisherSubscriberD3Reverse.xml (RunModel)" time="0.011" />
  <testcase classname="ptolemy.util.test.junit.AutoTests" name="[295] /home/travis/build/icyphy/ptII/ptolemy/actor/lib/test/auto/PublisherSubscriberExpression.xml (RunModel)" time="0.018" />
  <testcase classname="ptolemy.util.test.junit.AutoTests" name="[296] /home/travis/build/icyphy/ptII/ptolemy/actor/lib/test/auto/PublisherSubscriberOpaque.xml (RunModel)" time="0.014" />
  <testcase classname="ptolemy.util.test.junit.AutoTests" name="[297] /home/travis/build/icyphy/ptII/ptolemy/actor/lib/test/auto/PublisherSubscriberOpaqueD3.xml (RunModel)" time="0.022" />
  <testcase classname="ptolemy.util.test.junit.AutoTests" name="[298] /home/travis/build/icyphy/ptII/ptolemy/actor/lib/test/auto/PublisherSubscriberOpaqueD3Reverse.xml (RunModel)" time="0.019" />
  <testcase classname="ptolemy.util.test.junit.AutoTests" name="[299] /home/travis/build/icyphy/ptII/ptolemy/actor/lib/test/auto/PublisherSubscriberOpaqueWidthInference.xml (RunModel)" time="0.018" />
  <testcase classname="ptolemy.util.test.junit.AutoTests" name="[300] /home/travis/build/icyphy/ptII/ptolemy/actor/lib/test/auto/PublisherTestSubscriber.xml (RunModel)" time="0.016" />
  <testcase classname="ptolemy.util.test.junit.AutoTests" name="[301] /home/travis/build/icyphy/ptII/ptolemy/actor/lib/test/auto/PublisherToplevelSubscriberPortAOC.xml (RunModel)" time="0.01" />
  <testcase classname="ptolemy.util.test.junit.AutoTests" name="[302] /home/travis/build/icyphy/ptII/ptolemy/actor/lib/test/auto/PulseFiringLimitDE.xml (RunModel)" time="0.012" />
  <testcase classname="ptolemy.util.test.junit.AutoTests" name="[303] /home/travis/build/icyphy/ptII/ptolemy/actor/lib/test/auto/Ramp1.xml (RunModel)" time="0.007" />
  <testcase classname="ptolemy.util.test.junit.AutoTests" name="[304] /home/travis/build/icyphy/ptII/ptolemy/actor/lib/test/auto/RampFiringLimitDE.xml (RunModel)" time="0.011" />
  <testcase classname="ptolemy.util.test.junit.AutoTests" name="[305] /home/travis/build/icyphy/ptII/ptolemy/actor/lib/test/auto/RampFiringLimitSDF.xml (RunModel)" time="0.01" />
  <testcase classname="ptolemy.util.test.junit.AutoTests" name="[306] /home/travis/build/icyphy/ptII/ptolemy/actor/lib/test/auto/RandomInteger.xml (RunModel)" time="0.009" />
  <testcase classname="ptolemy.util.test.junit.AutoTests" name="[307] /home/travis/build/icyphy/ptII/ptolemy/actor/lib/test/auto/ReadFile1.xml (RunModel)" time="0.008" />
  <testcase classname="ptolemy.util.test.junit.AutoTests" name="[308] /home/travis/build/icyphy/ptII/ptolemy/actor/lib/test/auto/ReadFile2.xml (RunModel)" time="0.007" />
  <testcase classname="ptolemy.util.test.junit.AutoTests" name="[309] /home/travis/build/icyphy/ptII/ptolemy/actor/lib/test/auto/Reader.xml (RunModel)" time="0.013" />
  <testcase classname="ptolemy.util.test.junit.AutoTests" name="[310] /home/travis/build/icyphy/ptII/ptolemy/actor/lib/test/auto/RecordAssemblerDisplayNameTest.xml (RunModel)" time="2.907" />
  <testcase classname="ptolemy.util.test.junit.AutoTests" name="[311] /home/travis/build/icyphy/ptII/ptolemy/actor/lib/test/auto/RecordAssemblerTypeError.xml (RunModel)" time="0.027" />
  <testcase classname="ptolemy.util.test.junit.AutoTests" name="[312] /home/travis/build/icyphy/ptII/ptolemy/actor/lib/test/auto/RecordDisassember.xml (RunModel)" time="0.009" />
  <testcase classname="ptolemy.util.test.junit.AutoTests" name="[313] /home/travis/build/icyphy/ptII/ptolemy/actor/lib/test/auto/RecordDisassemberDisplayNameTest.xml (RunModel)" time="0.017" />
  <testcase classname="ptolemy.util.test.junit.AutoTests" name="[314] /home/travis/build/icyphy/ptII/ptolemy/actor/lib/test/auto/RecordDisassembler.xml (RunModel)" time="0.01" />
  <testcase classname="ptolemy.util.test.junit.AutoTests" name="[315] /home/travis/build/icyphy/ptII/ptolemy/actor/lib/test/auto/RecordDisassembler2.xml (RunModel)" time="0.01" />
  <testcase classname="ptolemy.util.test.junit.AutoTests" name="[316] /home/travis/build/icyphy/ptII/ptolemy/actor/lib/test/auto/RecordUpdater.xml (RunModel)" time="0.01" />
  <testcase classname="ptolemy.util.test.junit.AutoTests" name="[317] /home/travis/build/icyphy/ptII/ptolemy/actor/lib/test/auto/RecordUpdater2.xml (RunModel)" time="0.01" />
  <testcase classname="ptolemy.util.test.junit.AutoTests" name="[318] /home/travis/build/icyphy/ptII/ptolemy/actor/lib/test/auto/RecursiveLattice.xml (RunModel)" time="0.008" />
  <testcase classname="ptolemy.util.test.junit.AutoTests" name="[319] /home/travis/build/icyphy/ptII/ptolemy/actor/lib/test/auto/Router.xml (RunModel)" time="3.023" />
  <testcase classname="ptolemy.util.test.junit.AutoTests" name="[320] /home/travis/build/icyphy/ptII/ptolemy/actor/lib/test/auto/Router2.xml (RunModel)" time="3.043" />
  <testcase classname="ptolemy.util.test.junit.AutoTests" name="[321] /home/travis/build/icyphy/ptII/ptolemy/actor/lib/test/auto/RunningMaximum.xml (RunModel)" time="0.011" />
  <testcase classname="ptolemy.util.test.junit.AutoTests" name="[322] /home/travis/build/icyphy/ptII/ptolemy/actor/lib/test/auto/RunningMinimum.xml (RunModel)" time="0.011" />
  <testcase classname="ptolemy.util.test.junit.AutoTests" name="[323] /home/travis/build/icyphy/ptII/ptolemy/actor/lib/test/auto/Scale.xml (RunModel)" time="0.007" />
  <testcase classname="ptolemy.util.test.junit.AutoTests" name="[324] /home/travis/build/icyphy/ptII/ptolemy/actor/lib/test/auto/Scale2.xml (RunModel)" time="0.009" />
  <testcase classname="ptolemy.util.test.junit.AutoTests" name="[325] /home/travis/build/icyphy/ptII/ptolemy/actor/lib/test/auto/Scale3.xml (RunModel)" time="0.014" />
  <testcase classname="ptolemy.util.test.junit.AutoTests" name="[326] /home/travis/build/icyphy/ptII/ptolemy/actor/lib/test/auto/ScaleArray.xml (RunModel)" time="0.008" />
  <testcase classname="ptolemy.util.test.junit.AutoTests" name="[327] /home/travis/build/icyphy/ptII/ptolemy/actor/lib/test/auto/ScaleArray2.xml (RunModel)" time="0.008" />
  <testcase classname="ptolemy.util.test.junit.AutoTests" name="[328] /home/travis/build/icyphy/ptII/ptolemy/actor/lib/test/auto/ScaleMatrix.xml (RunModel)" time="0.117" />
  <testcase classname="ptolemy.util.test.junit.AutoTests" name="[329] /home/travis/build/icyphy/ptII/ptolemy/actor/lib/test/auto/Select.xml (RunModel)" time="0.013" />
  <testcase classname="ptolemy.util.test.junit.AutoTests" name="[330] /home/travis/build/icyphy/ptII/ptolemy/actor/lib/test/auto/Select2.xml (RunModel)" time="0.008" />
  <testcase classname="ptolemy.util.test.junit.AutoTests" name="[331] /home/travis/build/icyphy/ptII/ptolemy/actor/lib/test/auto/SequenceToArray2.xml (RunModel)" time="0.102" />
  <testcase classname="ptolemy.util.test.junit.AutoTests" name="[332] /home/travis/build/icyphy/ptII/ptolemy/actor/lib/test/auto/SequentialClock.xml (RunModel)" time="0.009" />
  <testcase classname="ptolemy.util.test.junit.AutoTests" name="[333] /home/travis/build/icyphy/ptII/ptolemy/actor/lib/test/auto/SetVariable.xml (RunModel)" time="0.013" />
  <testcase classname="ptolemy.util.test.junit.AutoTests" name="[334] /home/travis/build/icyphy/ptII/ptolemy/actor/lib/test/auto/SetVariable2.xml (RunModel)" time="0.011" />
  <testcase classname="ptolemy.util.test.junit.AutoTests" name="[335] /home/travis/build/icyphy/ptII/ptolemy/actor/lib/test/auto/SetVariable3.xml (RunModel)" time="0.017" />
  <testcase classname="ptolemy.util.test.junit.AutoTests" name="[336] /home/travis/build/icyphy/ptII/ptolemy/actor/lib/test/auto/SetVariable4.xml (RunModel)" time="0.025" />
  <testcase classname="ptolemy.util.test.junit.AutoTests" name="[337] /home/travis/build/icyphy/ptII/ptolemy/actor/lib/test/auto/SetVariable5.xml (RunModel)" time="0.038" />
  <testcase classname="ptolemy.util.test.junit.AutoTests" name="[338] /home/travis/build/icyphy/ptII/ptolemy/actor/lib/test/auto/Sinewave.xml (RunModel)" time="0.023" />
  <testcase classname="ptolemy.util.test.junit.AutoTests" name="[339] /home/travis/build/icyphy/ptII/ptolemy/actor/lib/test/auto/Sinewave2.xml (RunModel)" time="0.014" />
  <testcase classname="ptolemy.util.test.junit.AutoTests" name="[340] /home/travis/build/icyphy/ptII/ptolemy/actor/lib/test/auto/Sinewave3.xml (RunModel)" time="0.015" />
  <testcase classname="ptolemy.util.test.junit.AutoTests" name="[341] /home/travis/build/icyphy/ptII/ptolemy/actor/lib/test/auto/SingleEvent.xml (RunModel)" time="0.007" />
  <testcase classname="ptolemy.util.test.junit.AutoTests" name="[342] /home/travis/build/icyphy/ptII/ptolemy/actor/lib/test/auto/Sleep.xml (RunModel)" time="6.012" />
  <testcase classname="ptolemy.util.test.junit.AutoTests" name="[343] /home/travis/build/icyphy/ptII/ptolemy/actor/lib/test/auto/SleepMultipleFire.xml (RunModel)" time="1.028" />
  <testcase classname="ptolemy.util.test.junit.AutoTests" name="[344] /home/travis/build/icyphy/ptII/ptolemy/actor/lib/test/auto/StopDE.xml (RunModel)" time="0.012" />
  <testcase classname="ptolemy.util.test.junit.AutoTests" name="[345] /home/travis/build/icyphy/ptII/ptolemy/actor/lib/test/auto/StopSDF.xml (RunModel)" time="0.013" />
  <testcase classname="ptolemy.util.test.junit.AutoTests" name="[346] /home/travis/build/icyphy/ptII/ptolemy/actor/lib/test/auto/StringConstant.xml (RunModel)" time="0.009" />
  <testcase classname="ptolemy.util.test.junit.AutoTests" name="[347] /home/travis/build/icyphy/ptII/ptolemy/actor/lib/test/auto/SubscriberPortInitialValues1.xml (RunModel)" time="0.015" />
  <testcase classname="ptolemy.util.test.junit.AutoTests" name="[348] /home/travis/build/icyphy/ptII/ptolemy/actor/lib/test/auto/SubscriberPortInitialValues13.xml (RunModel)" time="0.027" />
  <testcase classname="ptolemy.util.test.junit.AutoTests" name="[349] /home/travis/build/icyphy/ptII/ptolemy/actor/lib/test/auto/SubscriberPortInitialValues14.xml (RunModel)" time="0.015" />
  <testcase classname="ptolemy.util.test.junit.AutoTests" name="[350] /home/travis/build/icyphy/ptII/ptolemy/actor/lib/test/auto/SubscriberPortInitialValues2.xml (RunModel)" time="0.016" />
  <testcase classname="ptolemy.util.test.junit.AutoTests" name="[351] /home/travis/build/icyphy/ptII/ptolemy/actor/lib/test/auto/SubscriberPortInitialValues3.xml (RunModel)" time="0.019" />
  <testcase classname="ptolemy.util.test.junit.AutoTests" name="[352] /home/travis/build/icyphy/ptII/ptolemy/actor/lib/test/auto/SubscriptionAggregator.xml (RunModel)" time="0.011" />
  <testcase classname="ptolemy.util.test.junit.AutoTests" name="[353] /home/travis/build/icyphy/ptII/ptolemy/actor/lib/test/auto/SubscriptionAggregator2.xml (RunModel)" time="0.011" />
  <testcase classname="ptolemy.util.test.junit.AutoTests" name="[354] /home/travis/build/icyphy/ptII/ptolemy/actor/lib/test/auto/SubscriptionAggregator3.xml (RunModel)" time="0.015" />
  <testcase classname="ptolemy.util.test.junit.AutoTests" name="[355] /home/travis/build/icyphy/ptII/ptolemy/actor/lib/test/auto/SubscriptionAggregatorMultiply.xml (RunModel)" time="0.015" />
  <testcase classname="ptolemy.util.test.junit.AutoTests" name="[356] /home/travis/build/icyphy/ptII/ptolemy/actor/lib/test/auto/SubscriptionAggregatorPortMultiply1.xml (RunModel)" time="0.015" />
  <testcase classname="ptolemy.util.test.junit.AutoTests" name="[357] /home/travis/build/icyphy/ptII/ptolemy/actor/lib/test/auto/Switch.xml (RunModel)" time="0.014" />
  <testcase classname="ptolemy.util.test.junit.AutoTests" name="[358] /home/travis/build/icyphy/ptII/ptolemy/actor/lib/test/auto/Switch2.xml (RunModel)" time="0.01" />
  <testcase classname="ptolemy.util.test.junit.AutoTests" name="[359] /home/travis/build/icyphy/ptII/ptolemy/actor/lib/test/auto/SwitchDE.xml (RunModel)" time="0.011" />
  <testcase classname="ptolemy.util.test.junit.AutoTests" name="[360] /home/travis/build/icyphy/ptII/ptolemy/actor/lib/test/auto/SynchronizerDE.xml (RunModel)" time="0.016" />
  <testcase classname="ptolemy.util.test.junit.AutoTests" name="[361] /home/travis/build/icyphy/ptII/ptolemy/actor/lib/test/auto/Test.xml (RunModel)" time="0.009" />
  <testcase classname="ptolemy.util.test.junit.AutoTests" name="[362] /home/travis/build/icyphy/ptII/ptolemy/actor/lib/test/auto/TestExceptionAttribute1.xml (RunModel)" time="0.008" />
  <testcase classname="ptolemy.util.test.junit.AutoTests" name="[363] /home/travis/build/icyphy/ptII/ptolemy/actor/lib/test/auto/TestExceptionAttribute2.xml (RunModel)" time="0.006" />
  <testcase classname="ptolemy.util.test.junit.AutoTests" name="[364] /home/travis/build/icyphy/ptII/ptolemy/actor/lib/test/auto/TestExceptionAttribute3.xml (RunModel)" time="0.005" />
  <testcase classname="ptolemy.util.test.junit.AutoTests" name="[365] /home/travis/build/icyphy/ptII/ptolemy/actor/lib/test/auto/TestExceptionAttribute4.xml (RunModel)" time="0.006" />
  <testcase classname="ptolemy.util.test.junit.AutoTests" name="[366] /home/travis/build/icyphy/ptII/ptolemy/actor/lib/test/auto/TestExceptionHandler1.xml (RunModel)" time="0.005" />
  <testcase classname="ptolemy.util.test.junit.AutoTests" name="[367] /home/travis/build/icyphy/ptII/ptolemy/actor/lib/test/auto/TestExceptionHandler2.xml (RunModel)" time="0.006" />
  <testcase classname="ptolemy.util.test.junit.AutoTests" name="[368] /home/travis/build/icyphy/ptII/ptolemy/actor/lib/test/auto/TestExceptionHandler3.xml (RunModel)" time="0.006" />
  <testcase classname="ptolemy.util.test.junit.AutoTests" name="[369] /home/travis/build/icyphy/ptII/ptolemy/actor/lib/test/auto/TestExceptionHandler4.xml (RunModel)" time="0.006" />
  <testcase classname="ptolemy.util.test.junit.AutoTests" name="[370] /home/travis/build/icyphy/ptII/ptolemy/actor/lib/test/auto/TestRequireCorrectOrder.xml (RunModel)" time="0.01" />
  <testcase classname="ptolemy.util.test.junit.AutoTests" name="[371] /home/travis/build/icyphy/ptII/ptolemy/actor/lib/test/auto/TestSimple.xml (RunModel)" time="0.006" />
  <testcase classname="ptolemy.util.test.junit.AutoTests" name="[372] /home/travis/build/icyphy/ptII/ptolemy/actor/lib/test/auto/ThrowModelError.xml (RunModel)" time="0.01" />
  <testcase classname="ptolemy.util.test.junit.AutoTests" name="[373] /home/travis/build/icyphy/ptII/ptolemy/actor/lib/test/auto/TimeDelayMicrosteps.xml (RunModel)" time="0.012" />
  <testcase classname="ptolemy.util.test.junit.AutoTests" name="[374] /home/travis/build/icyphy/ptII/ptolemy/actor/lib/test/auto/TimeDelayMicrosteps2.xml (RunModel)" time="0.013" />
  <testcase classname="ptolemy.util.test.junit.AutoTests" name="[375] /home/travis/build/icyphy/ptII/ptolemy/actor/lib/test/auto/TimeDelayMicrosteps3.xml (RunModel)" time="0.012" />
  <testcase classname="ptolemy.util.test.junit.AutoTests" name="[376] /home/travis/build/icyphy/ptII/ptolemy/actor/lib/test/auto/TimeDelayVariableMicrosteps.xml (RunModel)" time="0.012" />
  <testcase classname="ptolemy.util.test.junit.AutoTests" name="[377] /home/travis/build/icyphy/ptII/ptolemy/actor/lib/test/auto/TimeGap.xml (RunModel)" time="0.012" />
  <testcase classname="ptolemy.util.test.junit.AutoTests" name="[378] /home/travis/build/icyphy/ptII/ptolemy/actor/lib/test/auto/TimeGap2.xml (RunModel)" time="0.01" />
  <testcase classname="ptolemy.util.test.junit.AutoTests" name="[379] /home/travis/build/icyphy/ptII/ptolemy/actor/lib/test/auto/TimedSinewave.xml (RunModel)" time="0.054" />
  <testcase classname="ptolemy.util.test.junit.AutoTests" name="[380] /home/travis/build/icyphy/ptII/ptolemy/actor/lib/test/auto/TimedSinewavePhase.xml (RunModel)" time="0.031" />
  <testcase classname="ptolemy.util.test.junit.AutoTests" name="[381] /home/travis/build/icyphy/ptII/ptolemy/actor/lib/test/auto/Timer.xml (RunModel)" time="0.024" />
  <testcase classname="ptolemy.util.test.junit.AutoTests" name="[382] /home/travis/build/icyphy/ptII/ptolemy/actor/lib/test/auto/TriangularDistTestModel.xml (RunModel)" time="0.016" />
  <testcase classname="ptolemy.util.test.junit.AutoTests" name="[383] /home/travis/build/icyphy/ptII/ptolemy/actor/lib/test/auto/TrigFunction.xml (RunModel)" time="0.008" />
  <testcase classname="ptolemy.util.test.junit.AutoTests" name="[384] /home/travis/build/icyphy/ptII/ptolemy/actor/lib/test/auto/TrigFunctionDE.xml (RunModel)" time="0.012" />
  <testcase classname="ptolemy.util.test.junit.AutoTests" name="[385] /home/travis/build/icyphy/ptII/ptolemy/actor/lib/test/auto/TrigFunctionInverse.xml (RunModel)" time="0.009" />
  <testcase classname="ptolemy.util.test.junit.AutoTests" name="[386] /home/travis/build/icyphy/ptII/ptolemy/actor/lib/test/auto/TrigFunctionTan.xml (RunModel)" time="0.008" />
  <testcase classname="ptolemy.util.test.junit.AutoTests" name="[387] /home/travis/build/icyphy/ptII/ptolemy/actor/lib/test/auto/TriggeredClock.xml (RunModel)" time="0.008" />
  <testcase classname="ptolemy.util.test.junit.AutoTests" name="[388] /home/travis/build/icyphy/ptII/ptolemy/actor/lib/test/auto/URLDirectoryReader.xml (RunModel)" time="0.096" />
  <testcase classname="ptolemy.util.test.junit.AutoTests" name="[389] /home/travis/build/icyphy/ptII/ptolemy/actor/lib/test/auto/URLDirectoryReader3.xml (RunModel)" time="1.426" />
  <testcase classname="ptolemy.util.test.junit.AutoTests" name="[390] /home/travis/build/icyphy/ptII/ptolemy/actor/lib/test/auto/UnaryMathFunction.xml (RunModel)" time="0.041" />
  <testcase classname="ptolemy.util.test.junit.AutoTests" name="[391] /home/travis/build/icyphy/ptII/ptolemy/actor/lib/test/auto/Uniform.xml (RunModel)" time="0.033" />
  <testcase classname="ptolemy.util.test.junit.AutoTests" name="[392] /home/travis/build/icyphy/ptII/ptolemy/actor/lib/test/auto/UnionDisassemblerTest.xml (RunModel)" time="0.026" />
  <testcase classname="ptolemy.util.test.junit.AutoTests" name="[393] /home/travis/build/icyphy/ptII/ptolemy/actor/lib/test/auto/UtilityFunctions.xml (RunModel)" time="0.025" />
  <testcase classname="ptolemy.util.test.junit.AutoTests" name="[394] /home/travis/build/icyphy/ptII/ptolemy/actor/lib/test/auto/VariableSleep.xml (RunModel)" time="0.548" />
  <testcase classname="ptolemy.util.test.junit.AutoTests" name="[395] /home/travis/build/icyphy/ptII/ptolemy/actor/lib/test/auto/VectorAssemblerDisassemblerCT.xml (RunModel)" time="0.108" />
  <testcase classname="ptolemy.util.test.junit.AutoTests" name="[396] /home/travis/build/icyphy/ptII/ptolemy/actor/lib/test/auto/VectorAssemblerDisassemblerDE.xml (RunModel)" time="0.014" />
  <testcase classname="ptolemy.util.test.junit.AutoTests" name="[397] /home/travis/build/icyphy/ptII/ptolemy/actor/lib/test/auto/VectorAssemblerDisassemblerSDF.xml (RunModel)" time="0.013" />
  <testcase classname="ptolemy.util.test.junit.AutoTests" name="[398] /home/travis/build/icyphy/ptII/ptolemy/actor/lib/test/auto/WallClockTime.xml (RunModel)" time="1.013" />
  <testcase classname="ptolemy.util.test.junit.AutoTests" name="[399] /home/travis/build/icyphy/ptII/ptolemy/actor/lib/test/auto/WidthTestWithSubscriberPublisher.xml (RunModel)" time="0.065" />
  <testcase classname="ptolemy.util.test.junit.AutoTests" name="[400] /home/travis/build/icyphy/ptII/ptolemy/actor/lib/test/auto/WidthTestWithSubscriberPublisher2.xml (RunModel)" time="0.029" />
  <testcase classname="ptolemy.util.test.junit.AutoTests" name="[401] /home/travis/build/icyphy/ptII/ptolemy/actor/lib/test/auto/WidthTestWithSubscriberPublisher3.xml (RunModel)" time="0.014" />
  <testcase classname="ptolemy.util.test.junit.AutoTests" name="[402] /home/travis/build/icyphy/ptII/ptolemy/actor/lib/test/auto/Writer.xml (RunModel)" time="0.009" />
  <testcase classname="ptolemy.util.test.junit.AutoTests" name="[403] /home/travis/build/icyphy/ptII/ptolemy/actor/lib/test/auto/array.xml (RunModel)" time="0.009" />
  <testcase classname="ptolemy.util.test.junit.AutoTests" name="[404] /home/travis/build/icyphy/ptII/ptolemy/actor/lib/test/auto/array2.xml (RunModel)" time="0.011" />
  <testcase classname="ptolemy.util.test.junit.AutoTests" name="[405] /home/travis/build/icyphy/ptII/ptolemy/actor/lib/test/auto/arrayType.xml (RunModel)" time="0.011" />
  <testcase classname="ptolemy.util.test.junit.AutoTests" name="[406] /home/travis/build/icyphy/ptII/ptolemy/actor/lib/test/auto/arrayType10.xml (RunModel)" time="0.008" />
  <testcase classname="ptolemy.util.test.junit.AutoTests" name="[407] /home/travis/build/icyphy/ptII/ptolemy/actor/lib/test/auto/arrayType11.xml (RunModel)" time="0.009" />
  <testcase classname="ptolemy.util.test.junit.AutoTests" name="[408] /home/travis/build/icyphy/ptII/ptolemy/actor/lib/test/auto/arrayType12.xml (RunModel)" time="0.009" />
  <testcase classname="ptolemy.util.test.junit.AutoTests" name="[409] /home/travis/build/icyphy/ptII/ptolemy/actor/lib/test/auto/arrayType13.xml (RunModel)" time="0.01" />
  <testcase classname="ptolemy.util.test.junit.AutoTests" name="[410] /home/travis/build/icyphy/ptII/ptolemy/actor/lib/test/auto/arrayType14.xml (RunModel)" time="0.01" />
  <testcase classname="ptolemy.util.test.junit.AutoTests" name="[411] /home/travis/build/icyphy/ptII/ptolemy/actor/lib/test/auto/arrayType15.xml (RunModel)" time="0.009" />
  <testcase classname="ptolemy.util.test.junit.AutoTests" name="[412] /home/travis/build/icyphy/ptII/ptolemy/actor/lib/test/auto/arrayType16.xml (RunModel)" time="0.01" />
  <testcase classname="ptolemy.util.test.junit.AutoTests" name="[413] /home/travis/build/icyphy/ptII/ptolemy/actor/lib/test/auto/arrayType17.xml (RunModel)" time="0.01" />
  <testcase classname="ptolemy.util.test.junit.AutoTests" name="[414] /home/travis/build/icyphy/ptII/ptolemy/actor/lib/test/auto/arrayType18.xml (RunModel)" time="0.01" />
  <testcase classname="ptolemy.util.test.junit.AutoTests" name="[415] /home/travis/build/icyphy/ptII/ptolemy/actor/lib/test/auto/arrayType19.xml (RunModel)" time="0.011" />
  <testcase classname="ptolemy.util.test.junit.AutoTests" name="[416] /home/travis/build/icyphy/ptII/ptolemy/actor/lib/test/auto/arrayType2.xml (RunModel)" time="0.011" />
  <testcase classname="ptolemy.util.test.junit.AutoTests" name="[417] /home/travis/build/icyphy/ptII/ptolemy/actor/lib/test/auto/arrayType20.xml (RunModel)" time="0.009" />
  <testcase classname="ptolemy.util.test.junit.AutoTests" name="[418] /home/travis/build/icyphy/ptII/ptolemy/actor/lib/test/auto/arrayType21.xml (RunModel)" time="0.01" />
  <testcase classname="ptolemy.util.test.junit.AutoTests" name="[419] /home/travis/build/icyphy/ptII/ptolemy/actor/lib/test/auto/arrayType22.xml (RunModel)" time="0.022" />
  <testcase classname="ptolemy.util.test.junit.AutoTests" name="[420] /home/travis/build/icyphy/ptII/ptolemy/actor/lib/test/auto/arrayType23.xml (RunModel)" time="0.011" />
  <testcase classname="ptolemy.util.test.junit.AutoTests" name="[421] /home/travis/build/icyphy/ptII/ptolemy/actor/lib/test/auto/arrayType24.xml (RunModel)" time="0.009" />
  <testcase classname="ptolemy.util.test.junit.AutoTests" name="[422] /home/travis/build/icyphy/ptII/ptolemy/actor/lib/test/auto/arrayType25.xml (RunModel)" time="0.009" />
  <testcase classname="ptolemy.util.test.junit.AutoTests" name="[423] /home/travis/build/icyphy/ptII/ptolemy/actor/lib/test/auto/arrayType26.xml (RunModel)" time="0.008" />
  <testcase classname="ptolemy.util.test.junit.AutoTests" name="[424] /home/travis/build/icyphy/ptII/ptolemy/actor/lib/test/auto/arrayType27.xml (RunModel)" time="0.008" />
  <testcase classname="ptolemy.util.test.junit.AutoTests" name="[425] /home/travis/build/icyphy/ptII/ptolemy/actor/lib/test/auto/arrayType28.xml (RunModel)" time="0.011" />
  <testcase classname="ptolemy.util.test.junit.AutoTests" name="[426] /home/travis/build/icyphy/ptII/ptolemy/actor/lib/test/auto/arrayType3.xml (RunModel)" time="0.01" />
  <testcase classname="ptolemy.util.test.junit.AutoTests" name="[427] /home/travis/build/icyphy/ptII/ptolemy/actor/lib/test/auto/arrayType4.xml (RunModel)" time="0.009" />
  <testcase classname="ptolemy.util.test.junit.AutoTests" name="[428] /home/travis/build/icyphy/ptII/ptolemy/actor/lib/test/auto/arrayType5.xml (RunModel)" time="0.022" />
  <testcase classname="ptolemy.util.test.junit.AutoTests" name="[429] /home/travis/build/icyphy/ptII/ptolemy/actor/lib/test/auto/arrayType6.xml (RunModel)" time="0.008" />
  <testcase classname="ptolemy.util.test.junit.AutoTests" name="[430] /home/travis/build/icyphy/ptII/ptolemy/actor/lib/test/auto/arrayType7.xml (RunModel)" time="0.01" />
  <testcase classname="ptolemy.util.test.junit.AutoTests" name="[431] /home/travis/build/icyphy/ptII/ptolemy/actor/lib/test/auto/arrayType8.xml (RunModel)" time="0.008" />
  <testcase classname="ptolemy.util.test.junit.AutoTests" name="[432] /home/travis/build/icyphy/ptII/ptolemy/actor/lib/test/auto/arrayType9.xml (RunModel)" time="0.008" />
  <testcase classname="ptolemy.util.test.junit.AutoTests" name="[433] /home/travis/build/icyphy/ptII/ptolemy/actor/lib/test/auto/cast.xml (RunModel)" time="0.008" />
  <testcase classname="ptolemy.util.test.junit.AutoTests" name="[434] /home/travis/build/icyphy/ptII/ptolemy/actor/lib/test/auto/compositeMultiPort.xml (RunModel)" time="0.017" />
  <testcase classname="ptolemy.util.test.junit.AutoTests" name="[435] /home/travis/build/icyphy/ptII/ptolemy/actor/lib/test/auto/expressionCastInference.xml (RunModel)" time="0.01" />
  <testcase classname="ptolemy.util.test.junit.AutoTests" name="[436] /home/travis/build/icyphy/ptII/ptolemy/actor/lib/test/auto/expressionCastInference2.xml (RunModel)" time="0.007" />
  <testcase classname="ptolemy.util.test.junit.AutoTests" name="[437] /home/travis/build/icyphy/ptII/ptolemy/actor/lib/test/auto/expressionInference.xml (RunModel)" time="0.007" />
  <testcase classname="ptolemy.util.test.junit.AutoTests" name="[438] /home/travis/build/icyphy/ptII/ptolemy/actor/lib/test/auto/expression_bug.xml (RunModel)" time="0.007" />
  <testcase classname="ptolemy.util.test.junit.AutoTests" name="[439] /home/travis/build/icyphy/ptII/ptolemy/actor/lib/test/auto/factorial.xml (RunModel)" time="0.064" />
  <testcase classname="ptolemy.util.test.junit.AutoTests" name="[440] /home/travis/build/icyphy/ptII/ptolemy/actor/lib/test/auto/filterTest1.xml (RunModel)" time="0.014" />
  <testcase classname="ptolemy.util.test.junit.AutoTests" name="[441] /home/travis/build/icyphy/ptII/ptolemy/actor/lib/test/auto/funcApplyInConst.xml (RunModel)" time="0.008" />
  <testcase classname="ptolemy.util.test.junit.AutoTests" name="[442] /home/travis/build/icyphy/ptII/ptolemy/actor/lib/test/auto/funcApplyInExpr.xml (RunModel)" time="0.006" />
  <testcase classname="ptolemy.util.test.junit.AutoTests" name="[443] /home/travis/build/icyphy/ptII/ptolemy/actor/lib/test/auto/function.xml (RunModel)" time="0.01" />
  <testcase classname="ptolemy.util.test.junit.AutoTests" name="[444] /home/travis/build/icyphy/ptII/ptolemy/actor/lib/test/auto/function2.xml (RunModel)" time="0.01" />
  <testcase classname="ptolemy.util.test.junit.AutoTests" name="[445] /home/travis/build/icyphy/ptII/ptolemy/actor/lib/test/auto/function3.xml (RunModel)" time="0.007" />
  <testcase classname="ptolemy.util.test.junit.AutoTests" name="[446] /home/travis/build/icyphy/ptII/ptolemy/actor/lib/test/auto/functionClosureTest1.xml (RunModel)" time="0.013" />
  <testcase classname="ptolemy.util.test.junit.AutoTests" name="[447] /home/travis/build/icyphy/ptII/ptolemy/actor/lib/test/auto/functionClosureTest2.xml (RunModel)" time="0.007" />
  <testcase classname="ptolemy.util.test.junit.AutoTests" name="[448] /home/travis/build/icyphy/ptII/ptolemy/actor/lib/test/auto/functionClosureTest3.xml (RunModel)" time="0.01" />
  <testcase classname="ptolemy.util.test.junit.AutoTests" name="[449] /home/travis/build/icyphy/ptII/ptolemy/actor/lib/test/auto/functionClosureTest4.xml (RunModel)" time="0.014" />
  <testcase classname="ptolemy.util.test.junit.AutoTests" name="[450] /home/travis/build/icyphy/ptII/ptolemy/actor/lib/test/auto/functionClosureTest5.xml (RunModel)" time="0.012" />
  <testcase classname="ptolemy.util.test.junit.AutoTests" name="[451] /home/travis/build/icyphy/ptII/ptolemy/actor/lib/test/auto/functionClosureTest6.xml (RunModel)" time="0.011" />
  <testcase classname="ptolemy.util.test.junit.AutoTests" name="[452] /home/travis/build/icyphy/ptII/ptolemy/actor/lib/test/auto/functionsOnArcs.xml (RunModel)" time="0.01" />
  <testcase classname="ptolemy.util.test.junit.AutoTests" name="[453] /home/travis/build/icyphy/ptII/ptolemy/actor/lib/test/auto/functionsOnArcsHOF.xml (RunModel)" time="0.011" />
  <testcase classname="ptolemy.util.test.junit.AutoTests" name="[454] /home/travis/build/icyphy/ptII/ptolemy/actor/lib/test/auto/logic.xml (RunModel)" time="0.016" />
  <testcase classname="ptolemy.util.test.junit.AutoTests" name="[455] /home/travis/build/icyphy/ptII/ptolemy/actor/lib/test/auto/matrixType.xml (RunModel)" time="0.009" />
  <testcase classname="ptolemy.util.test.junit.AutoTests" name="[456] /home/travis/build/icyphy/ptII/ptolemy/actor/lib/test/auto/matrixType10.xml (RunModel)" time="0.01" />
  <testcase classname="ptolemy.util.test.junit.AutoTests" name="[457] /home/travis/build/icyphy/ptII/ptolemy/actor/lib/test/auto/matrixType11.xml (RunModel)" time="0.009" />
  <testcase classname="ptolemy.util.test.junit.AutoTests" name="[458] /home/travis/build/icyphy/ptII/ptolemy/actor/lib/test/auto/matrixType12.xml (RunModel)" time="0.01" />
  <testcase classname="ptolemy.util.test.junit.AutoTests" name="[459] /home/travis/build/icyphy/ptII/ptolemy/actor/lib/test/auto/matrixType13.xml (RunModel)" time="0.009" />
  <testcase classname="ptolemy.util.test.junit.AutoTests" name="[460] /home/travis/build/icyphy/ptII/ptolemy/actor/lib/test/auto/matrixType14.xml (RunModel)" time="0.01" />
  <testcase classname="ptolemy.util.test.junit.AutoTests" name="[461] /home/travis/build/icyphy/ptII/ptolemy/actor/lib/test/auto/matrixType2.xml (RunModel)" time="0.009" />
  <testcase classname="ptolemy.util.test.junit.AutoTests" name="[462] /home/travis/build/icyphy/ptII/ptolemy/actor/lib/test/auto/matrixType3.xml (RunModel)" time="0.01" />
  <testcase classname="ptolemy.util.test.junit.AutoTests" name="[463] /home/travis/build/icyphy/ptII/ptolemy/actor/lib/test/auto/matrixType4.xml (RunModel)" time="0.008" />
  <testcase classname="ptolemy.util.test.junit.AutoTests" name="[464] /home/travis/build/icyphy/ptII/ptolemy/actor/lib/test/auto/matrixType5.xml (RunModel)" time="0.008" />
  <testcase classname="ptolemy.util.test.junit.AutoTests" name="[465] /home/travis/build/icyphy/ptII/ptolemy/actor/lib/test/auto/matrixType6.xml (RunModel)" time="0.008" />
  <testcase classname="ptolemy.util.test.junit.AutoTests" name="[466] /home/travis/build/icyphy/ptII/ptolemy/actor/lib/test/auto/matrixType7.xml (RunModel)" time="0.007" />
  <testcase classname="ptolemy.util.test.junit.AutoTests" name="[467] /home/travis/build/icyphy/ptII/ptolemy/actor/lib/test/auto/matrixType8.xml (RunModel)" time="0.008" />
  <testcase classname="ptolemy.util.test.junit.AutoTests" name="[468] /home/travis/build/icyphy/ptII/ptolemy/actor/lib/test/auto/matrixType9.xml (RunModel)" time="0.008" />
  <testcase classname="ptolemy.util.test.junit.AutoTests" name="[469] /home/travis/build/icyphy/ptII/ptolemy/actor/lib/test/auto/paraFunctest.xml (RunModel)" time="0.007" />
  <testcase classname="ptolemy.util.test.junit.AutoTests" name="[470] /home/travis/build/icyphy/ptII/ptolemy/actor/lib/test/auto/paraFunctest2.xml (RunModel)" time="0.012" />
  <testcase classname="ptolemy.util.test.junit.AutoTests" name="[471] /home/travis/build/icyphy/ptII/ptolemy/actor/lib/test/auto/parameterPassing.xml (RunModel)" time="0.008" />
  <testcase classname="ptolemy.util.test.junit.AutoTests" name="[472] /home/travis/build/icyphy/ptII/ptolemy/actor/lib/test/auto/record.xml (RunModel)" time="0.009" />
  <testcase classname="ptolemy.util.test.junit.AutoTests" name="[473] /home/travis/build/icyphy/ptII/ptolemy/actor/lib/test/auto/sizedarray1.xml (RunModel)" time="0.009" />
  <testcase classname="ptolemy.util.test.junit.AutoTests" name="[474] /home/travis/build/icyphy/ptII/ptolemy/actor/lib/test/auto/sizedarray2.xml (RunModel)" time="0.01" />
  <testcase classname="ptolemy.util.test.junit.AutoTests" name="[475] /home/travis/build/icyphy/ptII/ptolemy/actor/lib/test/auto/twoPublishers.xml (RunModel)" time="0.023" />
  <system-out><![CDATA[/home/travis/build/icyphy/ptII/ptolemy/actor/lib/test/AbsoluteValue.tcl
testDefs.tcl: setting time out to 9000 seconds at Thu May 09 04:13:29 UTC 2019
90 ms. Memory: 116224K Free: 109581K (94%)
5 ms. Memory: 116224K Free: 108394K (93%)
4 ms. Memory: 116224K Free: 107792K (93%)
4 ms. Memory: 116224K Free: 106598K (92%)
/home/travis/build/icyphy/ptII/ptolemy/actor/lib/test/AddSubtract.tcl
8 ms. Memory: 116224K Free: 104777K (90%)
5 ms. Memory: 116224K Free: 104144K (90%)
5 ms. Memory: 116224K Free: 102956K (89%)
6 ms. Memory: 116224K Free: 102363K (88%)
5 ms. Memory: 116224K Free: 101762K (88%)
8 ms. Memory: 116224K Free: 101128K (87%)
/home/travis/build/icyphy/ptII/ptolemy/actor/lib/test/Average.tcl
11 ms. Memory: 116224K Free: 99308K (85%)
6 ms. Memory: 116224K Free: 98081K (84%)
/home/travis/build/icyphy/ptII/ptolemy/actor/lib/test/Bernoulli.tcl
4 ms. Memory: 116224K Free: 96285K (83%)
2 ms. Memory: 116224K Free: 95691K (82%)
/home/travis/build/icyphy/ptII/ptolemy/actor/lib/test/Clock.tcl
preinitializing
resolving types
initializing
executing number 1
wrapping up
idle
10 ms. Memory: 116224K Free: 93879K (81%)
Completed execution with 5 iterations
preinitializing
resolving types
initializing
executing number 1
wrapping up
idle
3 ms. Memory: 116224K Free: 92676K (80%)
Completed execution with 5 iterations
preinitializing
resolving types
initializing
executing number 1
wrapping up
idle
3 ms. Memory: 116224K Free: 92067K (79%)
Completed execution with 5 iterations
/home/travis/build/icyphy/ptII/ptolemy/actor/lib/test/Commutator.tcl
13 ms. Memory: 116224K Free: 90270K (78%)
13 ms. Memory: 116224K Free: 89067K (77%)
8 ms. Memory: 116224K Free: 84857K (73%)
/home/travis/build/icyphy/ptII/ptolemy/actor/lib/test/Const.tcl
7 ms. Memory: 116224K Free: 83042K (71%)
2 ms. Memory: 116224K Free: 82449K (71%)
2 ms. Memory: 116224K Free: 81855K (70%)
5 ms. Memory: 116224K Free: 81262K (70%)
13 ms. Memory: 146944K Free: 140436K (96%)
25 ms. Memory: 146944K Free: 138840K (94%)
9 ms. Memory: 146944K Free: 137636K (94%)
4 ms. Memory: 146944K Free: 136440K (93%)
/home/travis/build/icyphy/ptII/ptolemy/actor/lib/test/CurrentTime.tcl
preinitializing
resolving types
initializing
executing number 1
wrapping up
idle
6 ms. Memory: 146944K Free: 135236K (92%)
Completed execution with 11 iterations
/home/travis/build/icyphy/ptII/ptolemy/actor/lib/test/DB.tcl
3 ms. Memory: 146944K Free: 132827K (90%)
2 ms. Memory: 146944K Free: 132827K (90%)
1 ms. Memory: 146944K Free: 131631K (90%)
/home/travis/build/icyphy/ptII/ptolemy/actor/lib/test/DiscreteRandomSource.tcl
preinitializing
resolving types
initializing
executing number 1
wrapping up
idle
4 ms. Memory: 146944K Free: 130435K (89%)
Completed execution with 4 iterations
preinitializing
resolving types
initializing
executing number 1
wrapping up
idle
2 ms. Memory: 146944K Free: 130435K (89%)
Completed execution with 4 iterations
preinitializing
resolving types
initializing
executing number 1
wrapping up
idle
3 ms. Memory: 146944K Free: 129223K (88%)
Completed execution with 4 iterations
preinitializing
resolving types
initializing
executing number 1
wrapping up
idle
3 ms. Memory: 146944K Free: 129223K (88%)
Completed execution with 4 iterations
preinitializing
resolving types
initializing
executing number 1
wrapping up
idle
3 ms. Memory: 146944K Free: 129223K (88%)
Completed execution with 4 iterations
/home/travis/build/icyphy/ptII/ptolemy/actor/lib/test/Distributor.tcl
4 ms. Memory: 146944K Free: 126831K (86%)
3 ms. Memory: 146944K Free: 126831K (86%)
StreamChangeRequest.changeExecuted(): <deleteEntity name="rec2"/> succeeded
StreamChangeRequest.changeExecuted(): <deleteRelation name="r2"/> succeeded
StreamChangeRequest.changeExecuted(): Record firings per iteration succeeded
5 ms. Memory: 146944K Free: 124422K (85%)
/home/travis/build/icyphy/ptII/ptolemy/actor/lib/test/Exit.tcl
Exit.tcl: this will print a message about Manager.exitAfterWrapup, which can be ignored.
3 ms. Memory: 146944K Free: 120203K (82%)
/home/travis/build/icyphy/ptII/ptolemy/actor/lib/test/Expression.tcl
9 ms. Memory: 146944K Free: 117762K (80%)
12 ms. Memory: 146944K Free: 116558K (79%)
11 ms. Memory: 146944K Free: 116558K (79%)
preinitializing
resolving types
initializing
executing number 1
wrapping up
idle
13 ms. Memory: 146944K Free: 115362K (79%)
Completed execution with 6 iterations
3 ms. Memory: 146944K Free: 114166K (78%)
7 ms. Memory: 146944K Free: 112953K (77%)
4 ms. Memory: 146944K Free: 111757K (76%)
7 ms. Memory: 146944K Free: 110545K (75%)
8 ms. Memory: 146944K Free: 109349K (74%)
/home/travis/build/icyphy/ptII/ptolemy/actor/lib/test/Gaussian.tcl
4 ms. Memory: 146944K Free: 108153K (74%)
sleeping 1 seconds: .........................................................................................................................................................................................................................................................................................................................................................................................................................................................................................................................................................................................................................................................................................................................................................................................................................................................................................................................................................................................................................................................................................................................................................................................................................................................................................................................................................................................................................................................................................................................................................................................................................................................................................................................................................................................................................................................................................................................................................................................................................................................................................................................................................................................................................................................................................................................................................................................................................................................................................................................................................................................................................................................................................................................................................................................................................................................................................................................................................................................................................................................................................................................................................................................................................................................................................................................................................................................................................................................................................................................................................................................................................................................................................................................................................................................................................................................................................................................................................................................................................................................................................................................................................................................................................................................................................................................................................................................................................................................................................................................................................................................................................................................................................................................................................................................................................................................................................................................................................................................................................................................................................................................................................................................................................................................................................................................................................................................................................................................................................................................................................................................................................................................................................................................................................................................................................................................................................................................................................................................................................................................................................................................................................................................................................................................................................................................................................................................................................................................................................................................................................................................................................................................................................................................................................................................................................................................................................................................................................................................................................................................................................................................................................................................................................................................................................................................................................................................................................................................................................................................................................................................................................................................................................................................................................................................................................................................................................................................................................................................................................................................................................................................................................................................................................................................................................................................................................................................................................................................................................................................................................................................................................................................................................................................................................................................................................................................................................................................................................................................................................................................................................................................................................................................................................................................................................................................................................................................................................................................................................................................................................................................................................................................................................................................................................................................................................................................................................................................................................................................................................................................................................................................................................................................................................................................................................................................................................................................................................................................................................................................................................................................................................................................................................................................................................................................................................................................................................................................................................................................................................................................................................................................................................................................................................................................................................................................................................................................................................................................................................................................................................................................................................................................................................................................................................................................................................................................................................................................................................................................................................................................................................................................................................................................................................................................................................................................................................................................................................................................................................................................................................................................................................................................................................................................................................................................................................................................................................................................................................................................................................................................................................................................................................................................................................................................................................................................................................................................................................................................................................................................................................................................................................................................................................................................................................................................................................................................................................................................................................................................................................................................................................................................................................................................................................................................................................................................................................................................................................................................................................................................................................................................................................................................................................................................................................................................................................................................................................................................................................................................................................................................................................................................................................................................................................................................................................................................................................................................................................................................................................................................................................................................................................................................................................................................................................................................................................................................................................................................................................................................................................................................................................................................................................................................................................................................................................................................................................................................................................................................................................................................................................................................................................................................................................................................................................................................................................................................................................................................................................................................................................................................................................................................................................................................................................................................................................................................................................................................................................................................................................................................................................................................................................................................................................................................................................................................................................................................................................................................................................................................................................................................................................................................................................................................................................................................................................................................................................................................................................................................................................................................................................................................................................................................................................................................................................................................................................................................................................................................................................................................................................................................................................................................................................................................................................................................................................................................................................................................................................................................................................................................................................................................................................................................................................................................................................................................................................................................................................................................................................................................................................................................................................................................................................................................................................................................................................................................................................................................................................................................................................................................................................................................................................................................................................................................................................................................................................................................................................................................................................................................................................................................................................................................................................................................................................................................................................................................................................................................................................................................................................................................................................................................................................................................................................................................................................................................................................................................................................................................................................................................................................................................................................................................................................................................................................................................................................................................................................................................................................................................................................................................................................................................................................................................................................................................................................................................................................................................................................................................................................................................................................................................................................................................................................................................................................................................................................................................................................................................................................................................................................................................................................................................................................................................................................................................................................................................................................................................................................................................................................................................................................................................................................................................................................................................................................................................................................................................................................................................................................................................................................................................................................................................................................................................................................................................................................................................................................................................................................................................................................................................................................................................................................................................................................................................................................................................................................................................................................................................................................................................................................................................................................................................................................................................................................................................................................................................................................................................................................................................................................................................................................................................................................................................................................................................................................................................................................................................................................................................................................................................................................................................................................................................................................................................................................................................................................................................................................................................................................................................................................................................................................................................................................................................................................................................................................................................................................................................................................................................................................................................................................................................................................................................................................................................................................................................................................................................................................................................................................................................................................................................................................................................................................................................................................................................................................................................................................................................................................................................................................................................................................................................................................................................................................................................................................................................................................................................................................................................................................................................................................................................................................................................................................................................................................................................................................................................................................................................................................................................................................................................................................................................................................................................................................................................................................................................................................................................................................................................................................................................................................................................................................................................................................................................................................................................................................................................................................................................................................................................................................................................................................................................................................................................................................................................................................................................................................................................................................................................................................................................................................................................................................................................................................................................................................................................................................................................................................................................................................................................................................................................................................................................................................................................................................................................................................................................................................................................................................................................................................................................................................................................................................................................................................................................................................................................................................................................................................................................................................................................................................................................................................................................................................................................................................................................................................................................................................................................................................................................................................................................................................................................................................................................................................................................................................................................................................................................................................................................................................................................................................................................................................................................................................................................................................................................................................................................................................................................................................................................................................................................................................................................................................................................................................................................................................................................................................................................................................................................................................................................................................................................................................................................................................................................................................................................................................................................................................................................................................................................................................................................................................................................................................................................................................................................................................................................................................................................................................................................................................................................................................................................................................................................................................................................................................................................................................................................................................................................................................................................................................................................................................................................................................................................................................................................................................................................................................................................................................................................................................................................................................................................................................................................................................................................................................................................................................................................................................................................................................................................................................................................................................................................................................................................................................................................................................................................................................................................................................................................................................................................................................................................................................................................................................................................................................................................................................................................................................................................................................................................................................................................................................................................................................................................................................................................................................................................................................................................................................................................................................................................................................................................................................................................................................................................................................................................................................................................................................................................................................................................................................................................................................................................................................................................................................................................................................................................................................................................................................................................................................................................................................................................................................................................................................................................................................................................................................................................................................................................................................................................................................................................................................................................................................................................................................................................................................................................................................................................................................................................................................................................................................................................................................................................................................................................................................................................................................................................................................................................................................................................................................................................................................................................................................................................................................................................................................................................................................................................................................................................................................................................................................................................................................................................................................................................................................................................................................................................................................................................................................................................................................................................................................................................................................................................................................................................................................................................................................................................................................................................................................................................................................................................................................................................................................................................................................................................................................................................................................................................................................................................................................................................................................................................................................................................................................................................................................................................................................................................................................................................................................................................................................................................................................................................................................................................................................................................................................................................................................................................................................................................................................................................................................................................................................................................................................................................................................................................................................................................................................................................................................................................................................................................................................................................................................................................................................................................................................................................................................................................................................................................................................................................................................................................................................................................................................................................................................................................................................................................................................................................................................................................................................................................................................................................................................................................................................................................................................................................................................................................................................................................................................................................................................................................................................................................................................................................................................................................................................................................................................................................................................................................................................................................................................................................................................................................................................................................................................................................................................................................................................................................................................................................................................................................................................................................................................................................................................................................................................................................................................................................................................................................................................................................................................................................................................................................................................................................................................................................................................................................................................................................................................................................................................................................................................................................................................................................................................................................................................................................................................................................................................................................................................................................................................................................................................................................................................................................................................................................................................................................................................................................................................................................................................................................................................................................................................................................................................................................................................................................................................................................................................................................................................................................................................................................................................................................................................................................................................................................................................................................................................................................................................................................................................................................................................................................................................................................................................................................................................................................................................................................................................................................................................................................................................................................................................................................................................................................................................................................................................................................................................................................................................................................................................................................................................................................................................................................................................................................................................................................................................................................................................................................................................................................................................................................................................................................................................................................................................................................................................................................................................................................................................................................................................................................................................................................................................................................................................................................................................................................................................................................................................................................................................................................................................................................................................................................................................................................................................................................................................................................................................................................................................................................................................................................................................................................................................................................................................................................................................................................................................................................................................................................................................................................................................................................................................................................................................................................................................................................................................................................................................................................................................................................................................................................................................................................................................................................................................................................................................................................................................................................................................................................................................................................................................................................................................................................................................................................................................................................................................................................................................................................................................................................................................................................................................................................................................................................................................................................................................................................................................................................................................................................................................................................................................................................................................................................................................................................................................................................................................................................................................................................................................................................................................................................................................................................................................................................................................................................................................................................................................................................................................................................................................................................................................................................................................................................................................................................................................................................................................................................................................................................................................................................................................................................................................................................................................................................................................................................................................................................................................................................................................................................................................................................................................................................................................................................................................................................................................................................................................................................................................................................................................................................................................................................................................................................................................................................................................................................................................................................................................................................................................................................................................................................................................................................................................................................................................................................................................................................................................................................................................................................................................................................................................................................................................................................................................................................................................................................................................................................................................................................................................................................................................................................................................................................................................................................................................................................................................................................................................................................................................................................................................................................................................................................................................................................................................................................................................................................................................................................................................................................................................6 ms. Memory: 208384K Free: 166562K (80%)
2 ms. Memory: 208384K Free: 166562K (80%)
3 ms. Memory: 208384K Free: 164145K (79%)
7 ms. Memory: 208384K Free: 164145K (79%)
1 ms. Memory: 208384K Free: 164145K (79%)
/home/travis/build/icyphy/ptII/ptolemy/actor/lib/test/IIR.tcl
/home/travis/build/icyphy/ptII/ptolemy/actor/lib/test/Interpolator.tcl
2 ms. Memory: 208384K Free: 159295K (76%)
1 ms. Memory: 208384K Free: 159295K (76%)
2 ms. Memory: 208384K Free: 159295K (76%)
2 ms. Memory: 208384K Free: 156878K (75%)
3 ms. Memory: 208384K Free: 156878K (75%)
1 ms. Memory: 208384K Free: 156878K (75%)
2 ms. Memory: 208384K Free: 154461K (74%)
2 ms. Memory: 208384K Free: 154461K (74%)
2 ms. Memory: 208384K Free: 154461K (74%)
2 ms. Memory: 208384K Free: 152044K (73%)
/home/travis/build/icyphy/ptII/ptolemy/actor/lib/test/MathFunction.tcl
4 ms. Memory: 208384K Free: 149627K (72%)
2 ms. Memory: 208384K Free: 149627K (72%)
2 ms. Memory: 208384K Free: 149627K (72%)
5 ms. Memory: 208384K Free: 147210K (71%)
3 ms. Memory: 208384K Free: 147210K (71%)
5 ms. Memory: 208384K Free: 144793K (69%)
/home/travis/build/icyphy/ptII/ptolemy/actor/lib/test/Maximum.tcl
5 ms. Memory: 208384K Free: 142376K (68%)
6 ms. Memory: 208384K Free: 142376K (68%)
7 ms. Memory: 208384K Free: 139959K (67%)
4 ms. Memory: 208384K Free: 139959K (67%)
/home/travis/build/icyphy/ptII/ptolemy/actor/lib/test/Minimum.tcl
7 ms. Memory: 208384K Free: 137542K (66%)
4 ms. Memory: 208384K Free: 137542K (66%)
2 ms. Memory: 208384K Free: 137542K (66%)
4 ms. Memory: 208384K Free: 137542K (66%)
/home/travis/build/icyphy/ptII/ptolemy/actor/lib/test/MultiplyDivide.tcl
4 ms. Memory: 208384K Free: 135125K (65%)
2 ms. Memory: 208384K Free: 132707K (64%)
2 ms. Memory: 208384K Free: 132707K (64%)
2 ms. Memory: 208384K Free: 132707K (64%)
2 ms. Memory: 208384K Free: 132707K (64%)
/home/travis/build/icyphy/ptII/ptolemy/actor/lib/test/OrderedMerge.tcl
Connections changed on port: inputA
Connections changed on port: inputB
Connections changed on port: output
Connections changed on port: output
Connections changed on port: output
Connections changed on port: input
.top. Preinitializing ...
Invoking preinitialize():  .top.OrderedMerge
Called preinitialize()
Invoking preinitialize():  .top.Ramp
Called preinitialize()
Invoking preinitialize():  .top.Ramp2
Called preinitialize()
Invoking preinitialize():  .top.Test
Called preinitialize()
Connections changed on port: inputA
Connections changed on port: output
Connections changed on port: inputB
Connections changed on port: output
Connections changed on port: output
Connections changed on port: input
.top. Finished preinitialize().
Called initialize().
Invoking initialize():  .top.OrderedMerge
Initializing actor: .top.OrderedMerge
Adding a thread: .top.OrderedMerge
Invoking initialize():  .top.Ramp
Initializing actor: .top.Ramp
Adding a thread: .top.Ramp
Invoking initialize():  .top.Ramp2
Initializing actor: .top.Ramp2
Adding a thread: .top.Ramp2
Invoking initialize():  .top.Test
Initializing actor: .top.Test
Adding a thread: .top.Test
-- Starting thread.
Called initialize()
Called prefire()
Called fire()
-- Starting thread.
Called initialize()
Called prefire()
Called fire()
Called postfire()
Called prefire()
Called fire()
-- Starting thread.
Called initialize()
Called prefire()
Called fire()
Called postfire()
Called prefire()
Called fire()
Called fire().
Checking for deadlock:
There are 3 Blocked actors, 0 Stopped actors, and 4 active threads.
Waiting for actors to stop.
-- Starting thread.
Called initialize()
Called prefire()
Called fire()
Checking for deadlock:
There are 2 Blocked actors, 0 Stopped actors, and 4 active threads.
Waiting for actors to stop.
Called postfire()
Called prefire()
Called fire()
Checking for deadlock:
There are 3 Blocked actors, 0 Stopped actors, and 4 active threads.
Waiting for actors to stop.
Read input token from inputA with value 0.0
Next port to read input from is inputB
Called postfire()
Called prefire()
Called fire()
Checking for deadlock:
There are 2 Blocked actors, 0 Stopped actors, and 4 active threads.
Waiting for actors to stop.
Called postfire()
Called prefire()
Called fire()
Checking for deadlock:
There are 3 Blocked actors, 0 Stopped actors, and 4 active threads.
Waiting for actors to stop.
Read input token from inputB with value 0.0
Checking for deadlock:
There are 2 Blocked actors, 0 Stopped actors, and 4 active threads.
Waiting for actors to stop.
-- Read input: 0.0, which is expected to match: 0.0
Called prefire()
Called fire()
Checking for deadlock:
There are 3 Blocked actors, 0 Stopped actors, and 4 active threads.
Waiting for actors to stop.
Sent output token with value 0.0
Next port to read input from is inputA
Called postfire()
Called prefire()
Called fire()
Checking for deadlock:
There are 2 Blocked actors, 0 Stopped actors, and 4 active threads.
Waiting for actors to stop.
Called postfire()
Called prefire()
Called fire()
Checking for deadlock:
There are 3 Blocked actors, 0 Stopped actors, and 4 active threads.
Waiting for actors to stop.
Read input token from inputA with value 1.0
Checking for deadlock:
There are 2 Blocked actors, 0 Stopped actors, and 4 active threads.
Waiting for actors to stop.
-- Read input: 0.0, which is expected to match: 0.0
Called prefire()
Called fire()
Checking for deadlock:
There are 3 Blocked actors, 0 Stopped actors, and 4 active threads.
Waiting for actors to stop.
Sent output token with value 0.0
Next port to read input from is inputB
Called postfire()
Called prefire()
Called fire()
Checking for deadlock:
There are 2 Blocked actors, 0 Stopped actors, and 4 active threads.
Waiting for actors to stop.
Called postfire()
Called prefire()
Called fire()
Checking for deadlock:
There are 3 Blocked actors, 0 Stopped actors, and 4 active threads.
Waiting for actors to stop.
Read input token from inputB with value 1.5
Checking for deadlock:
There are 2 Blocked actors, 0 Stopped actors, and 4 active threads.
Waiting for actors to stop.
-- Read input: 1.0, which is expected to match: 1.0
Called prefire()
Called fire()
Checking for deadlock:
There are 3 Blocked actors, 0 Stopped actors, and 4 active threads.
Waiting for actors to stop.
Sent output token with value 1.0
Next port to read input from is inputA
Called postfire()
Called prefire()
Called fire()
Checking for deadlock:
There are 2 Blocked actors, 0 Stopped actors, and 4 active threads.
Waiting for actors to stop.
Called postfire()
Called prefire()
Called fire()
Checking for deadlock:
There are 3 Blocked actors, 0 Stopped actors, and 4 active threads.
Waiting for actors to stop.
Read input token from inputA with value 2.0
Checking for deadlock:
There are 2 Blocked actors, 0 Stopped actors, and 4 active threads.
Waiting for actors to stop.
-- Read input: 1.5, which is expected to match: 1.5
Called prefire()
Called fire()
Checking for deadlock:
There are 3 Blocked actors, 0 Stopped actors, and 4 active threads.
Waiting for actors to stop.
Sent output token with value 1.5
Next port to read input from is inputB
Called postfire()
Called prefire()
Called fire()
Checking for deadlock:
There are 2 Blocked actors, 0 Stopped actors, and 4 active threads.
Waiting for actors to stop.
Called postfire()
Called prefire()
Called fire()
Checking for deadlock:
There are 3 Blocked actors, 0 Stopped actors, and 4 active threads.
Waiting for actors to stop.
Read input token from inputB with value 3.0
Checking for deadlock:
There are 2 Blocked actors, 0 Stopped actors, and 4 active threads.
Waiting for actors to stop.
-- Read input: 2.0, which is expected to match: 2.0
Called prefire()
Called fire()
Checking for deadlock:
There are 3 Blocked actors, 0 Stopped actors, and 4 active threads.
Waiting for actors to stop.
Sent output token with value 2.0
Next port to read input from is inputA
Called postfire()
Called prefire()
Called fire()
Checking for deadlock:
There are 2 Blocked actors, 0 Stopped actors, and 4 active threads.
Waiting for actors to stop.
Called postfire()
Called prefire()
Called fire()
Checking for deadlock:
There are 3 Blocked actors, 0 Stopped actors, and 4 active threads.
Waiting for actors to stop.
Read input token from inputA with value 3.0
Checking for deadlock:
There are 2 Blocked actors, 0 Stopped actors, and 4 active threads.
Waiting for actors to stop.
-- Read input: 3.0, which is expected to match: 3.0
Called prefire()
Called fire()
Checking for deadlock:
There are 3 Blocked actors, 0 Stopped actors, and 4 active threads.
Waiting for actors to stop.
Sent output token with value 3.0
Next port to read input from is inputB
Called postfire()
Called prefire()
Called fire()
Checking for deadlock:
There are 2 Blocked actors, 0 Stopped actors, and 4 active threads.
Waiting for actors to stop.
Called postfire()
Called prefire()
Called fire()
Checking for deadlock:
There are 3 Blocked actors, 0 Stopped actors, and 4 active threads.
Waiting for actors to stop.
Read input token from inputB with value 4.5
Checking for deadlock:
There are 2 Blocked actors, 0 Stopped actors, and 4 active threads.
Waiting for actors to stop.
-- Read input: 3.0, which is expected to match: 3.0
Called prefire()
Called fire()
Checking for deadlock:
There are 3 Blocked actors, 0 Stopped actors, and 4 active threads.
Waiting for actors to stop.
Sent output token with value 3.0
Next port to read input from is inputA
Called postfire()
Called prefire()
Called fire()
Checking for deadlock:
There are 2 Blocked actors, 0 Stopped actors, and 4 active threads.
Waiting for actors to stop.
Called postfire()
Called prefire()
Called fire()
Checking for deadlock:
There are 3 Blocked actors, 0 Stopped actors, and 4 active threads.
Waiting for actors to stop.
Read input token from inputA with value 4.0
Checking for deadlock:
There are 2 Blocked actors, 0 Stopped actors, and 4 active threads.
Waiting for actors to stop.
-- Read input: 4.0, which is expected to match: 4.0
Called prefire()
Called fire()
Past the end of training data. Read and discard all inputs.
Checking for deadlock:
There are 3 Blocked actors, 0 Stopped actors, and 4 active threads.
Waiting for actors to stop.
Sent output token with value 4.0
Next port to read input from is inputA
Called postfire()
Called prefire()
Called fire()
Checking for deadlock:
There are 2 Blocked actors, 0 Stopped actors, and 4 active threads.
Waiting for actors to stop.
Called postfire()
Called prefire()
Called fire()
Checking for deadlock:
There are 3 Blocked actors, 0 Stopped actors, and 4 active threads.
Waiting for actors to stop.
Read input token from inputA with value 5.0
Checking for deadlock:
There are 2 Blocked actors, 0 Stopped actors, and 4 active threads.
Waiting for actors to stop.
Called prefire()
Called fire()
Past the end of training data. Read and discard all inputs.
Checking for deadlock:
There are 3 Blocked actors, 0 Stopped actors, and 4 active threads.
Waiting for actors to stop.
Sent output token with value 4.5
Next port to read input from is inputB
Called postfire()
Called prefire()
Called fire()
Checking for deadlock:
There are 2 Blocked actors, 0 Stopped actors, and 4 active threads.
Waiting for actors to stop.
Called postfire()
Called prefire()
Called fire()
Checking for deadlock:
There are 3 Blocked actors, 0 Stopped actors, and 4 active threads.
Waiting for actors to stop.
Read input token from inputB with value 6.0
Checking for deadlock:
There are 2 Blocked actors, 0 Stopped actors, and 4 active threads.
Waiting for actors to stop.
Called prefire()
Called fire()
Past the end of training data. Read and discard all inputs.
Checking for deadlock:
There are 3 Blocked actors, 0 Stopped actors, and 4 active threads.
Waiting for actors to stop.
Sent output token with value 5.0
Next port to read input from is inputA
Called postfire()
Called prefire()
Called fire()
Checking for deadlock:
There are 2 Blocked actors, 0 Stopped actors, and 4 active threads.
Waiting for actors to stop.
Called postfire()
Called prefire()
Called fire()
Checking for deadlock:
There are 3 Blocked actors, 0 Stopped actors, and 4 active threads.
Waiting for actors to stop.
Read input token from inputA with value 6.0
Checking for deadlock:
There are 2 Blocked actors, 0 Stopped actors, and 4 active threads.
Waiting for actors to stop.
Called prefire()
Called fire()
Past the end of training data. Read and discard all inputs.
Checking for deadlock:
There are 3 Blocked actors, 0 Stopped actors, and 4 active threads.
Waiting for actors to stop.
Sent output token with value 6.0
Next port to read input from is inputB
Called postfire()
Called prefire()
Called fire()
Checking for deadlock:
There are 2 Blocked actors, 0 Stopped actors, and 4 active threads.
Waiting for actors to stop.
Called postfire()
Called prefire()
Called fire()
Checking for deadlock:
There are 3 Blocked actors, 0 Stopped actors, and 4 active threads.
Waiting for actors to stop.
Read input token from inputB with value 7.5
Checking for deadlock:
There are 2 Blocked actors, 0 Stopped actors, and 4 active threads.
Waiting for actors to stop.
Called prefire()
Called fire()
Past the end of training data. Read and discard all inputs.
Checking for deadlock:
There are 3 Blocked actors, 0 Stopped actors, and 4 active threads.
Waiting for actors to stop.
Sent output token with value 6.0
Next port to read input from is inputA
Called postfire()
Called prefire()
Called fire()
Checking for deadlock:
There are 2 Blocked actors, 0 Stopped actors, and 4 active threads.
Waiting for actors to stop.
Called postfire()
Called prefire()
Called fire()
Checking for deadlock:
There are 3 Blocked actors, 0 Stopped actors, and 4 active threads.
Waiting for actors to stop.
Read input token from inputA with value 7.0
Checking for deadlock:
There are 2 Blocked actors, 0 Stopped actors, and 4 active threads.
Waiting for actors to stop.
Called prefire()
Called fire()
Past the end of training data. Read and discard all inputs.
Checking for deadlock:
There are 3 Blocked actors, 0 Stopped actors, and 4 active threads.
Waiting for actors to stop.
Sent output token with value 7.0
Next port to read input from is inputA
Called postfire()
Called prefire()
Called fire()
Checking for deadlock:
There are 2 Blocked actors, 0 Stopped actors, and 4 active threads.
Waiting for actors to stop.
-- Thread wrapup() called.
Called wrapup()
Thread .top.Ramp is exiting.
-- Thread stopped.
Checking for deadlock:
There are 2 Blocked actors, 0 Stopped actors, and 3 active threads.
Waiting for actors to stop.
Read input token from inputA with value 8.0
Checking for deadlock:
There are 1 Blocked actors, 0 Stopped actors, and 3 active threads.
Waiting for actors to stop.
Called prefire()
Called fire()
Past the end of training data. Read and discard all inputs.
Checking for deadlock:
There are 2 Blocked actors, 0 Stopped actors, and 3 active threads.
Waiting for actors to stop.
Sent output token with value 7.5
Next port to read input from is inputB
Called postfire()
Called prefire()
Called fire()
Checking for deadlock:
There are 1 Blocked actors, 0 Stopped actors, and 3 active threads.
Waiting for actors to stop.
Called postfire()
Called prefire()
Called fire()
Checking for deadlock:
There are 2 Blocked actors, 0 Stopped actors, and 3 active threads.
Waiting for actors to stop.
Read input token from inputB with value 9.0
Checking for deadlock:
There are 1 Blocked actors, 0 Stopped actors, and 3 active threads.
Waiting for actors to stop.
Called prefire()
Called fire()
Past the end of training data. Read and discard all inputs.
Checking for deadlock:
There are 2 Blocked actors, 0 Stopped actors, and 3 active threads.
Waiting for actors to stop.
Sent output token with value 8.0
Next port to read input from is inputA
Called postfire()
Called prefire()
Called fire()
Read input token from inputA with value 9.0
Checking for deadlock:
There are 1 Blocked actors, 0 Stopped actors, and 3 active threads.
Waiting for actors to stop.
Called prefire()
Called fire()
Past the end of training data. Read and discard all inputs.
Checking for deadlock:
There are 2 Blocked actors, 0 Stopped actors, and 3 active threads.
Waiting for actors to stop.
Sent output token with value 9.0
Next port to read input from is inputB
Called postfire()
Called prefire()
Called fire()
Checking for deadlock:
There are 1 Blocked actors, 0 Stopped actors, and 3 active threads.
Waiting for actors to stop.
Called postfire()
Called prefire()
Called fire()
Checking for deadlock:
There are 2 Blocked actors, 0 Stopped actors, and 3 active threads.
Waiting for actors to stop.
Read input token from inputB with value 10.5
Checking for deadlock:
There are 1 Blocked actors, 0 Stopped actors, and 3 active threads.
Waiting for actors to stop.
Called prefire()
Called fire()
Past the end of training data. Read and discard all inputs.
Checking for deadlock:
There are 2 Blocked actors, 0 Stopped actors, and 3 active threads.
Waiting for actors to stop.
Sent output token with value 9.0
Next port to read input from is inputA
Called postfire()
Called prefire()
Called fire()
Checking for deadlock:
There are 3 Blocked actors, 0 Stopped actors, and 3 active threads.
Actors have stopped.
Checking for deadlock:
There are 3 Blocked actors, 0 Stopped actors, and 3 active threads.
Deadlock detected.
Resolving Deadlock
Checking for deadlock:
There are 3 Blocked actors, 0 Stopped actors, and 3 active threads.
Artificial Deadlock - increasing queue capacity.
increasing the capacity of receiver ptolemy.actor.TypedIOPort {.top.OrderedMerge.inputB} to 2
Director: Called postfire().
Called postfire().
_stopRequested = false
_stopFireRequested = false
Returning from postfire(): true
Called fire().
Checking for deadlock:
There are 2 Blocked actors, 0 Stopped actors, and 3 active threads.
Waiting for actors to stop.
-- Thread wrapup() called.
Called wrapup()
Thread .top.Ramp2 is exiting.
-- Thread stopped.
Checking for deadlock:
There are 2 Blocked actors, 0 Stopped actors, and 2 active threads.
Actors have stopped.
Checking for deadlock:
There are 2 Blocked actors, 0 Stopped actors, and 2 active threads.
Deadlock detected.
Resolving Deadlock
Checking for deadlock:
There are 2 Blocked actors, 0 Stopped actors, and 2 active threads.
Deadlock detected: no processes blocked on write, but some are blocked on read.
Called postfire().
_stopRequested = false
_stopFireRequested = false
Returning from postfire(): false
Finished deactivating branches.
Called wrapup().
-- Thread wrapup() called.
Called wrapup()
Thread .top.Test is exiting.
-- Thread stopped.
-- Blocked Receiver call threw TerminateProcessException.
-- Thread wrapup() called.
Called wrapup()
Thread .top.OrderedMerge is exiting.
21 ms. Memory: 208384K Free: 125375K (60%)
.top. Preinitializing ...
Invoking preinitialize():  .top.OrderedMerge
Called preinitialize()
Invoking preinitialize():  .top.Ramp
Called preinitialize()
Invoking preinitialize():  .top.Ramp2
Called preinitialize()
Invoking preinitialize():  .top.Test
Called preinitialize()
.top. Finished preinitialize().
Called initialize().
Invoking initialize():  .top.OrderedMerge
Initializing actor: .top.OrderedMerge
Adding a thread: .top.OrderedMerge
Invoking initialize():  .top.Ramp
Initializing actor: .top.Ramp
Adding a thread: .top.Ramp
Invoking initialize():  .top.Ramp2
Initializing actor: .top.Ramp2
Adding a thread: .top.Ramp2
Invoking initialize():  .top.Test
Initializing actor: .top.Test
Adding a thread: .top.Test
-- Thread stopped.
-- Blocked Receiver call threw TerminateProcessException.
-- Starting thread.
Called initialize()
Called prefire()
Called fire()
-- Starting thread.
Called initialize()
Called prefire()
Called fire()
Called postfire()
Called prefire()
Called fire()
-- Starting thread.
Called initialize()
Called prefire()
Called fire()
Called postfire()
Called prefire()
Called fire()
Called fire().
Checking for deadlock:
There are 3 Blocked actors, 0 Stopped actors, and 4 active threads.
Waiting for actors to stop.
-- Starting thread.
Called initialize()
Called prefire()
Called fire()
Checking for deadlock:
There are 2 Blocked actors, 0 Stopped actors, and 4 active threads.
Waiting for actors to stop.
Called postfire()
Called prefire()
Called fire()
Checking for deadlock:
There are 3 Blocked actors, 0 Stopped actors, and 4 active threads.
Waiting for actors to stop.
Read input token from inputA with value 0.0
Next port to read input from is inputB
Called postfire()
Called prefire()
Called fire()
Checking for deadlock:
There are 2 Blocked actors, 0 Stopped actors, and 4 active threads.
Waiting for actors to stop.
Called postfire()
Called prefire()
Called fire()
Checking for deadlock:
There are 3 Blocked actors, 0 Stopped actors, and 4 active threads.
Waiting for actors to stop.
Read input token from inputB with value 0.0
Checking for deadlock:
There are 2 Blocked actors, 0 Stopped actors, and 4 active threads.
Waiting for actors to stop.
-- Read input: 0.0, which is expected to match: 0.0
Called prefire()
Called fire()
Checking for deadlock:
There are 3 Blocked actors, 0 Stopped actors, and 4 active threads.
Waiting for actors to stop.
Sent output token with value 0.0
Next port to read input from is inputA
Called postfire()
Called prefire()
Called fire()
Checking for deadlock:
There are 2 Blocked actors, 0 Stopped actors, and 4 active threads.
Waiting for actors to stop.
Called postfire()
Called prefire()
Called fire()
Checking for deadlock:
There are 3 Blocked actors, 0 Stopped actors, and 4 active threads.
Waiting for actors to stop.
Read input token from inputA with value 1.0
Checking for deadlock:
There are 2 Blocked actors, 0 Stopped actors, and 4 active threads.
Waiting for actors to stop.
-- Read input: 0.0, which is expected to match: 0.0
Called prefire()
Called fire()
Checking for deadlock:
There are 3 Blocked actors, 0 Stopped actors, and 4 active threads.
Waiting for actors to stop.
Sent output token with value 0.0
Next port to read input from is inputB
Called postfire()
Called prefire()
Called fire()
Checking for deadlock:
There are 2 Blocked actors, 0 Stopped actors, and 4 active threads.
Waiting for actors to stop.
Called postfire()
Called prefire()
Called fire()
Checking for deadlock:
There are 3 Blocked actors, 0 Stopped actors, and 4 active threads.
Waiting for actors to stop.
Read input token from inputB with value 1.5
Checking for deadlock:
There are 2 Blocked actors, 0 Stopped actors, and 4 active threads.
Waiting for actors to stop.
-- Read input: 1.0, which is expected to match: 1.0
Called prefire()
Called fire()
Checking for deadlock:
There are 3 Blocked actors, 0 Stopped actors, and 4 active threads.
Waiting for actors to stop.
Sent output token with value 1.0
Next port to read input from is inputA
Called postfire()
Called prefire()
Called fire()
Checking for deadlock:
There are 2 Blocked actors, 0 Stopped actors, and 4 active threads.
Waiting for actors to stop.
Called postfire()
Called prefire()
Called fire()
Checking for deadlock:
There are 3 Blocked actors, 0 Stopped actors, and 4 active threads.
Waiting for actors to stop.
Read input token from inputA with value 2.0
Checking for deadlock:
There are 2 Blocked actors, 0 Stopped actors, and 4 active threads.
Waiting for actors to stop.
-- Read input: 1.5, which is expected to match: 1.5
Called prefire()
Called fire()
Checking for deadlock:
There are 3 Blocked actors, 0 Stopped actors, and 4 active threads.
Waiting for actors to stop.
Sent output token with value 1.5
Next port to read input from is inputB
Called postfire()
Called prefire()
Called fire()
Checking for deadlock:
There are 2 Blocked actors, 0 Stopped actors, and 4 active threads.
Waiting for actors to stop.
Called postfire()
Called prefire()
Called fire()
Checking for deadlock:
There are 3 Blocked actors, 0 Stopped actors, and 4 active threads.
Waiting for actors to stop.
Read input token from inputB with value 3.0
Checking for deadlock:
There are 2 Blocked actors, 0 Stopped actors, and 4 active threads.
Waiting for actors to stop.
-- Read input: 2.0, which is expected to match: 2.0
Called prefire()
Called fire()
Checking for deadlock:
There are 3 Blocked actors, 0 Stopped actors, and 4 active threads.
Waiting for actors to stop.
Sent output token with value 2.0
Next port to read input from is inputA
Called postfire()
Called prefire()
Called fire()
Checking for deadlock:
There are 2 Blocked actors, 0 Stopped actors, and 4 active threads.
Waiting for actors to stop.
Called postfire()
Called prefire()
Called fire()
Checking for deadlock:
There are 3 Blocked actors, 0 Stopped actors, and 4 active threads.
Waiting for actors to stop.
Read input token from inputA with value 3.0
Checking for deadlock:
There are 2 Blocked actors, 0 Stopped actors, and 4 active threads.
Waiting for actors to stop.
-- Read input: 3.0, which is expected to match: 3.0
Called prefire()
Called fire()
Checking for deadlock:
There are 3 Blocked actors, 0 Stopped actors, and 4 active threads.
Waiting for actors to stop.
Sent output token with value 3.0
Next port to read input from is inputB
Called postfire()
Called prefire()
Called fire()
Checking for deadlock:
There are 2 Blocked actors, 0 Stopped actors, and 4 active threads.
Waiting for actors to stop.
Called postfire()
Called prefire()
Called fire()
Checking for deadlock:
There are 3 Blocked actors, 0 Stopped actors, and 4 active threads.
Waiting for actors to stop.
Read input token from inputB with value 4.5
Checking for deadlock:
There are 2 Blocked actors, 0 Stopped actors, and 4 active threads.
Waiting for actors to stop.
-- Read input: 3.0, which is expected to match: 3.0
Called prefire()
Called fire()
Checking for deadlock:
There are 3 Blocked actors, 0 Stopped actors, and 4 active threads.
Waiting for actors to stop.
Sent output token with value 3.0
Next port to read input from is inputA
Called postfire()
Called prefire()
Called fire()
Checking for deadlock:
There are 2 Blocked actors, 0 Stopped actors, and 4 active threads.
Waiting for actors to stop.
Called postfire()
Called prefire()
Called fire()
Checking for deadlock:
There are 3 Blocked actors, 0 Stopped actors, and 4 active threads.
Waiting for actors to stop.
Read input token from inputA with value 4.0
Checking for deadlock:
There are 2 Blocked actors, 0 Stopped actors, and 4 active threads.
Waiting for actors to stop.
-- Read input: 4.0, which is expected to match: 4.0
Called prefire()
Called fire()
Past the end of training data. Read and discard all inputs.
Checking for deadlock:
There are 3 Blocked actors, 0 Stopped actors, and 4 active threads.
Waiting for actors to stop.
Sent output token with value 4.0
Next port to read input from is inputA
Called postfire()
Called prefire()
Called fire()
Checking for deadlock:
There are 2 Blocked actors, 0 Stopped actors, and 4 active threads.
Waiting for actors to stop.
Called postfire()
Called prefire()
Called fire()
Checking for deadlock:
There are 3 Blocked actors, 0 Stopped actors, and 4 active threads.
Waiting for actors to stop.
Read input token from inputA with value 5.0
Checking for deadlock:
There are 2 Blocked actors, 0 Stopped actors, and 4 active threads.
Waiting for actors to stop.
Called prefire()
Called fire()
Past the end of training data. Read and discard all inputs.
Checking for deadlock:
There are 3 Blocked actors, 0 Stopped actors, and 4 active threads.
Waiting for actors to stop.
Sent output token with value 4.5
Next port to read input from is inputB
Called postfire()
Called prefire()
Called fire()
Checking for deadlock:
There are 2 Blocked actors, 0 Stopped actors, and 4 active threads.
Waiting for actors to stop.
Called postfire()
Called prefire()
Called fire()
Checking for deadlock:
There are 3 Blocked actors, 0 Stopped actors, and 4 active threads.
Waiting for actors to stop.
Read input token from inputB with value 6.0
Checking for deadlock:
There are 2 Blocked actors, 0 Stopped actors, and 4 active threads.
Waiting for actors to stop.
Called prefire()
Called fire()
Past the end of training data. Read and discard all inputs.
Checking for deadlock:
There are 3 Blocked actors, 0 Stopped actors, and 4 active threads.
Waiting for actors to stop.
Sent output token with value 5.0
Next port to read input from is inputA
Called postfire()
Called prefire()
Called fire()
Checking for deadlock:
There are 2 Blocked actors, 0 Stopped actors, and 4 active threads.
Waiting for actors to stop.
Called postfire()
Called prefire()
Called fire()
Checking for deadlock:
There are 3 Blocked actors, 0 Stopped actors, and 4 active threads.
Waiting for actors to stop.
Read input token from inputA with value 6.0
Checking for deadlock:
There are 2 Blocked actors, 0 Stopped actors, and 4 active threads.
Waiting for actors to stop.
Called prefire()
Called fire()
Past the end of training data. Read and discard all inputs.
Checking for deadlock:
There are 3 Blocked actors, 0 Stopped actors, and 4 active threads.
Waiting for actors to stop.
Sent output token with value 6.0
Next port to read input from is inputB
Called postfire()
Called prefire()
Called fire()
Checking for deadlock:
There are 2 Blocked actors, 0 Stopped actors, and 4 active threads.
Waiting for actors to stop.
Called postfire()
Called prefire()
Called fire()
Checking for deadlock:
There are 3 Blocked actors, 0 Stopped actors, and 4 active threads.
Waiting for actors to stop.
Read input token from inputB with value 7.5
Checking for deadlock:
There are 2 Blocked actors, 0 Stopped actors, and 4 active threads.
Waiting for actors to stop.
Called prefire()
Called fire()
Past the end of training data. Read and discard all inputs.
Checking for deadlock:
There are 3 Blocked actors, 0 Stopped actors, and 4 active threads.
Waiting for actors to stop.
Sent output token with value 6.0
Next port to read input from is inputA
Called postfire()
Called prefire()
Called fire()
Checking for deadlock:
There are 2 Blocked actors, 0 Stopped actors, and 4 active threads.
Waiting for actors to stop.
Called postfire()
Called prefire()
Called fire()
Checking for deadlock:
There are 3 Blocked actors, 0 Stopped actors, and 4 active threads.
Waiting for actors to stop.
Read input token from inputA with value 7.0
Checking for deadlock:
There are 2 Blocked actors, 0 Stopped actors, and 4 active threads.
Waiting for actors to stop.
Called prefire()
Called fire()
Past the end of training data. Read and discard all inputs.
Checking for deadlock:
There are 3 Blocked actors, 0 Stopped actors, and 4 active threads.
Waiting for actors to stop.
Sent output token with value 7.0
Next port to read input from is inputA
Called postfire()
Called prefire()
Called fire()
Checking for deadlock:
There are 2 Blocked actors, 0 Stopped actors, and 4 active threads.
Waiting for actors to stop.
-- Thread wrapup() called.
Called wrapup()
Thread .top.Ramp is exiting.
Checking for deadlock:
There are 2 Blocked actors, 0 Stopped actors, and 3 active threads.
Waiting for actors to stop.
-- Thread stopped.
Read input token from inputA with value 8.0
Checking for deadlock:
There are 1 Blocked actors, 0 Stopped actors, and 3 active threads.
Waiting for actors to stop.
Called prefire()
Called fire()
Past the end of training data. Read and discard all inputs.
Checking for deadlock:
There are 2 Blocked actors, 0 Stopped actors, and 3 active threads.
Waiting for actors to stop.
Sent output token with value 7.5
Next port to read input from is inputB
Called postfire()
Called prefire()
Called fire()
Checking for deadlock:
There are 1 Blocked actors, 0 Stopped actors, and 3 active threads.
Waiting for actors to stop.
Called postfire()
Called prefire()
Called fire()
Checking for deadlock:
There are 2 Blocked actors, 0 Stopped actors, and 3 active threads.
Waiting for actors to stop.
Read input token from inputB with value 9.0
Checking for deadlock:
There are 1 Blocked actors, 0 Stopped actors, and 3 active threads.
Waiting for actors to stop.
Called prefire()
Called fire()
Past the end of training data. Read and discard all inputs.
Checking for deadlock:
There are 2 Blocked actors, 0 Stopped actors, and 3 active threads.
Waiting for actors to stop.
Sent output token with value 8.0
Next port to read input from is inputA
Called postfire()
Called prefire()
Called fire()
Read input token from inputA with value 9.0
Checking for deadlock:
There are 1 Blocked actors, 0 Stopped actors, and 3 active threads.
Waiting for actors to stop.
Called prefire()
Called fire()
Past the end of training data. Read and discard all inputs.
Checking for deadlock:
There are 2 Blocked actors, 0 Stopped actors, and 3 active threads.
Waiting for actors to stop.
Sent output token with value 9.0
Next port to read input from is inputB
Called postfire()
Called prefire()
Called fire()
Checking for deadlock:
There are 1 Blocked actors, 0 Stopped actors, and 3 active threads.
Waiting for actors to stop.
Called postfire()
Called prefire()
Called fire()
Checking for deadlock:
There are 2 Blocked actors, 0 Stopped actors, and 3 active threads.
Waiting for actors to stop.
Read input token from inputB with value 10.5
Checking for deadlock:
There are 1 Blocked actors, 0 Stopped actors, and 3 active threads.
Waiting for actors to stop.
Called prefire()
Called fire()
Past the end of training data. Read and discard all inputs.
Checking for deadlock:
There are 2 Blocked actors, 0 Stopped actors, and 3 active threads.
Waiting for actors to stop.
Sent output token with value 9.0
Next port to read input from is inputA
Called postfire()
Called prefire()
Called fire()
Checking for deadlock:
There are 3 Blocked actors, 0 Stopped actors, and 3 active threads.
Actors have stopped.
Checking for deadlock:
There are 3 Blocked actors, 0 Stopped actors, and 3 active threads.
Deadlock detected.
Resolving Deadlock
Checking for deadlock:
There are 3 Blocked actors, 0 Stopped actors, and 3 active threads.
Artificial Deadlock - increasing queue capacity.
increasing the capacity of receiver ptolemy.actor.TypedIOPort {.top.OrderedMerge.inputB} to 2
Director: Called postfire().
Called postfire().
_stopRequested = false
_stopFireRequested = false
Returning from postfire(): true
Called fire().
Checking for deadlock:
There are 2 Blocked actors, 0 Stopped actors, and 3 active threads.
Waiting for actors to stop.
-- Thread wrapup() called.
Called wrapup()
Thread .top.Ramp2 is exiting.
-- Thread stopped.
Checking for deadlock:
There are 2 Blocked actors, 0 Stopped actors, and 2 active threads.
Actors have stopped.
Checking for deadlock:
There are 2 Blocked actors, 0 Stopped actors, and 2 active threads.
Deadlock detected.
Resolving Deadlock
Checking for deadlock:
There are 2 Blocked actors, 0 Stopped actors, and 2 active threads.
Deadlock detected: no processes blocked on write, but some are blocked on read.
Called postfire().
_stopRequested = false
_stopFireRequested = false
Returning from postfire(): false
Finished deactivating branches.
Called wrapup().
-- Thread wrapup() called.
Called wrapup()
Thread .top.Test is exiting.
-- Thread stopped.
-- Blocked Receiver call threw TerminateProcessException.
-- Thread wrapup() called.
Called wrapup()
Thread .top.OrderedMerge is exiting.
12 ms. Memory: 208384K Free: 118042K (57%)
/home/travis/build/icyphy/ptII/ptolemy/actor/lib/test/Publisher.tcl
-- Thread stopped.
-- Blocked Receiver call threw TerminateProcessException.
8 ms. Memory: 208384K Free: 113208K (54%)
16 ms. Memory: 208384K Free: 108342K (52%)
6 ms. Memory: 208384K Free: 103476K (50%)
3 ms. Memory: 208384K Free: 103476K (50%)
2 ms. Memory: 208384K Free: 101059K (48%)
2 ms. Memory: 208384K Free: 101059K (48%)
2 ms. Memory: 208384K Free: 101059K (48%)
2 ms. Memory: 208384K Free: 98642K (47%)
1 ms. Memory: 208384K Free: 91391K (44%)
3 ms. Memory: 208384K Free: 86524K (42%)
1 ms. Memory: 208384K Free: 86524K (42%)
1 ms. Memory: 208384K Free: 84075K (40%)
12 ms. Memory: 330752K Free: 318628K (96%)
5 ms. Memory: 330752K Free: 309119K (93%)
14 ms. Memory: 330752K Free: 294881K (89%)
/home/travis/build/icyphy/ptII/ptolemy/actor/lib/test/Pulse.tcl
2 ms. Memory: 330752K Free: 256911K (78%)
1 ms. Memory: 330752K Free: 252165K (76%)
1 ms. Memory: 330752K Free: 252165K (76%)
2 ms. Memory: 330752K Free: 252165K (76%)
1 ms. Memory: 330752K Free: 252165K (76%)
3 ms. Memory: 330752K Free: 252165K (76%)
5 ms. Memory: 330752K Free: 252165K (76%)
3 ms. Memory: 330752K Free: 252165K (76%)
4 ms. Memory: 330752K Free: 247403K (75%)
/home/travis/build/icyphy/ptII/ptolemy/actor/lib/test/Ramp.tcl
2 ms. Memory: 330752K Free: 247403K (75%)
2 ms. Memory: 330752K Free: 247403K (75%)
1 ms. Memory: 330752K Free: 247403K (75%)
2 ms. Memory: 330752K Free: 247403K (75%)
2 ms. Memory: 330752K Free: 242649K (73%)
3 ms. Memory: 330752K Free: 242649K (73%)
3 ms. Memory: 330752K Free: 242649K (73%)
5 actors
5000 microseconds per iteration to create
4 ms. Memory: 330752K Free: 237886K (72%)
1 ms. Memory: 330752K Free: 237886K (72%)
2 ms. Memory: 330752K Free: 237886K (72%)
1 ms. Memory: 330752K Free: 237886K (72%)
50 actors
24000 microseconds per iteration to create
37 ms. Memory: 330752K Free: 223631K (68%)
15 ms. Memory: 330752K Free: 223631K (68%)
5 ms. Memory: 330752K Free: 218869K (66%)
17 ms. Memory: 330752K Free: 218869K (66%)
500 actors
1216000 microseconds per iteration to create
249 ms. Memory: 331776K Free: 290493K (88%)
34 ms. Memory: 331776K Free: 285701K (86%)
33 ms. Memory: 331776K Free: 280909K (85%)
31 ms. Memory: 331776K Free: 271325K (82%)
/home/travis/build/icyphy/ptII/ptolemy/actor/lib/test/RampContinuous.tcl
7 ms. Memory: 331776K Free: 271325K (82%)
/home/travis/build/icyphy/ptII/ptolemy/actor/lib/test/RecordAssembler.tcl
6 ms. Memory: 331776K Free: 271325K (82%)
4 ms. Memory: 331776K Free: 271325K (82%)
/home/travis/build/icyphy/ptII/ptolemy/actor/lib/test/RecordDisassembler.tcl
6 ms. Memory: 331776K Free: 266533K (80%)
3 ms. Memory: 331776K Free: 266533K (80%)
3 ms. Memory: 331776K Free: 266533K (80%)
/home/travis/build/icyphy/ptII/ptolemy/actor/lib/test/Scale.tcl
2 ms. Memory: 331776K Free: 261740K (79%)
1 ms. Memory: 331776K Free: 261740K (79%)
1 ms. Memory: 331776K Free: 261740K (79%)
2 ms. Memory: 331776K Free: 261740K (79%)
6 ms. Memory: 331776K Free: 261740K (79%)
/home/travis/build/icyphy/ptII/ptolemy/actor/lib/test/SequentialClock.tcl
preinitializing
resolving types
initializing
executing number 1
wrapping up
idle
3 ms. Memory: 331776K Free: 256932K (77%)
Completed execution with 5 iterations
preinitializing
resolving types
initializing
executing number 1
wrapping up
idle
1 ms. Memory: 331776K Free: 256932K (77%)
Completed execution with 5 iterations
preinitializing
resolving types
initializing
executing number 1
wrapping up
idle
2 ms. Memory: 331776K Free: 256932K (77%)
Completed execution with 5 iterations
/home/travis/build/icyphy/ptII/ptolemy/actor/lib/test/SetVariable.tcl
4 ms. Memory: 331776K Free: 256932K (77%)
/home/travis/build/icyphy/ptII/ptolemy/actor/lib/test/Sinewave.tcl
/home/travis/build/icyphy/ptII/ptolemy/actor/lib/test/SubscriptionAggregator.tcl
4 ms. Memory: 331776K Free: 242540K (73%)
2 ms. Memory: 331776K Free: 242540K (73%)
1 ms. Memory: 331776K Free: 242540K (73%)
0 ms. Memory: 331776K Free: 242540K (73%)
1 ms. Memory: 331776K Free: 237732K (72%)
3 ms. Memory: 331776K Free: 237732K (72%)
...............................................................863 ms. Memory: 574976K Free: 122477K (21%)
/home/travis/build/icyphy/ptII/ptolemy/actor/lib/test/Test.tcl
 The next command will produce a warning about training mode,
   which may be ignored.
4 ms. Memory: 574976K Free: 112894K (20%)
2 ms. Memory: 574976K Free: 112894K (20%)
1 ms. Memory: 574976K Free: 112894K (20%)
1 ms. Memory: 574976K Free: 112894K (20%)
3 ms. Memory: 574976K Free: 112894K (20%)
2 ms. Memory: 574976K Free: 112894K (20%)
3 ms. Memory: 574976K Free: 112894K (20%)
 The next command will produce a warning about training mode,
   which may be ignored.
3 ms. Memory: 574976K Free: 112894K (20%)
 The next command will produce a warning about training mode,
   which may be ignored.
3 ms. Memory: 574976K Free: 112894K (20%)
1 ms. Memory: 574976K Free: 103327K (18%)
1 ms. Memory: 574976K Free: 103327K (18%)
3 ms. Memory: 574976K Free: 103327K (18%)
15 ms. Memory: 574976K Free: 103327K (18%)
4 ms. Memory: 574976K Free: 103327K (18%)
/home/travis/build/icyphy/ptII/ptolemy/actor/lib/test/TestExceptionHandler.tcl
 The next command will produce a warning about training mode,
   which may be ignored.
2 ms. Memory: 574976K Free: 103327K (18%)
1 ms. Memory: 574976K Free: 103327K (18%)
1 ms. Memory: 574976K Free: 103327K (18%)
/home/travis/build/icyphy/ptII/ptolemy/actor/lib/test/UnionDisassembler.tcl
24 ms. Memory: 574976K Free: 93760K (16%)
/home/travis/build/icyphy/ptII/ptolemy/actor/lib/test/VariableClock.tcl
preinitializing
resolving types
initializing
executing number 1
wrapping up
idle
3 ms. Memory: 574976K Free: 93760K (16%)
Completed execution with 11 iterations
preinitializing
resolving types
initializing
executing number 1
wrapping up
idle
3 ms. Memory: 574976K Free: 84177K (15%)
Completed execution with 10 iterations
05/09/19 04:13:37
Failed: 0  Total Tests: 234  ((Passed: 234, Newly Passed: 0)  Known Failed: 0) /home/travis/build/icyphy/ptII/ptolemy/actor/lib/test
----------------- testing (KnownFailure) /home/travis/build/icyphy/ptII/ptolemy/actor/lib/test/auto/knownFailedTests/PublisherPortToplevelSubscriber.xml
1 ms. Memory: 574976K Free: 74470K (13%)
Known Failure: java.lang.reflect.InvocationTargetException
----------------- testing (KnownFailure) /home/travis/build/icyphy/ptII/ptolemy/actor/lib/test/auto/knownFailedTests/PublisherSubscriberPortToplevel.xml
1 ms. Memory: 579072K Free: 532367K (92%)
Known Failure: java.lang.reflect.InvocationTargetException
----------------- testing (KnownFailure) /home/travis/build/icyphy/ptII/ptolemy/actor/lib/test/auto/knownFailedTests/PublisherSubscriptionAggregatorPort.xml
2 ms. Memory: 579072K Free: 503517K (87%)
Known Failure: java.lang.reflect.InvocationTargetException
----------------- testing (KnownFailure) /home/travis/build/icyphy/ptII/ptolemy/actor/lib/test/auto/knownFailedTests/sizedarray3.xml
7 ms. Memory: 579072K Free: 484102K (84%)
Known Failure: java.lang.reflect.InvocationTargetException
No auto/linux-amd64/*.xml tests in /home/travis/build/icyphy/ptII/ptolemy/actor/lib/test
AutoTests.java: About to close Vertx.
AutoTests.java: Vertx closed.

===========================================================================================
----------------- testing Thu May 09 04:13:37 UTC 2019 /home/travis/build/icyphy/ptII/ptolemy/actor/lib/test/auto/AbsoluteValue.xml
----------------- Instantiating /home/travis/build/icyphy/ptII/ptolemy/actor/lib/test/auto/AbsoluteValue.xml
9 ms. Memory: 579072K Free: 406621K (70%)
----------------- Invoking toplevel() on ptolemy.moml.MoMLSimpleApplication@1de4fc30
----------------- Done invoking toplevel() on ptolemy.moml.MoMLSimpleApplication@1de4fc30
reloadAllAccessors: .AbsoluteValue

===========================================================================================
----------------- testing Thu May 09 04:13:37 UTC 2019 /home/travis/build/icyphy/ptII/ptolemy/actor/lib/test/auto/AbsoluteValue2.xml
----------------- Instantiating /home/travis/build/icyphy/ptII/ptolemy/actor/lib/test/auto/AbsoluteValue2.xml
11 ms. Memory: 579072K Free: 392044K (68%)
----------------- Invoking toplevel() on ptolemy.moml.MoMLSimpleApplication@6803ea22
----------------- Done invoking toplevel() on ptolemy.moml.MoMLSimpleApplication@6803ea22
reloadAllAccessors: .AbsoluteValue2

===========================================================================================
----------------- testing Thu May 09 04:13:37 UTC 2019 /home/travis/build/icyphy/ptII/ptolemy/actor/lib/test/auto/Accumulator.xml
----------------- Instantiating /home/travis/build/icyphy/ptII/ptolemy/actor/lib/test/auto/Accumulator.xml
8 ms. Memory: 579072K Free: 382336K (66%)
----------------- Invoking toplevel() on ptolemy.moml.MoMLSimpleApplication@68b2019c
----------------- Done invoking toplevel() on ptolemy.moml.MoMLSimpleApplication@68b2019c
reloadAllAccessors: .Accumulator

===========================================================================================
----------------- testing Thu May 09 04:13:37 UTC 2019 /home/travis/build/icyphy/ptII/ptolemy/actor/lib/test/auto/Accumulator2.xml
----------------- Instantiating /home/travis/build/icyphy/ptII/ptolemy/actor/lib/test/auto/Accumulator2.xml
3 ms. Memory: 579072K Free: 363194K (63%)
----------------- Invoking toplevel() on ptolemy.moml.MoMLSimpleApplication@56dd00fb
----------------- Done invoking toplevel() on ptolemy.moml.MoMLSimpleApplication@56dd00fb
reloadAllAccessors: .Accumulator2

===========================================================================================
----------------- testing Thu May 09 04:13:37 UTC 2019 /home/travis/build/icyphy/ptII/ptolemy/actor/lib/test/auto/Accumulator3.xml
----------------- Instantiating /home/travis/build/icyphy/ptII/ptolemy/actor/lib/test/auto/Accumulator3.xml
2 ms. Memory: 579072K Free: 353487K (61%)
----------------- Invoking toplevel() on ptolemy.moml.MoMLSimpleApplication@4486bc81
----------------- Done invoking toplevel() on ptolemy.moml.MoMLSimpleApplication@4486bc81
reloadAllAccessors: .Accumulator3

===========================================================================================
----------------- testing Thu May 09 04:13:37 UTC 2019 /home/travis/build/icyphy/ptII/ptolemy/actor/lib/test/auto/ArrayAppend.xml
----------------- Instantiating /home/travis/build/icyphy/ptII/ptolemy/actor/lib/test/auto/ArrayAppend.xml
4 ms. Memory: 579072K Free: 343779K (59%)
----------------- Invoking toplevel() on ptolemy.moml.MoMLSimpleApplication@7303a67b
----------------- Done invoking toplevel() on ptolemy.moml.MoMLSimpleApplication@7303a67b
reloadAllAccessors: .ArrayAppend

===========================================================================================
----------------- testing Thu May 09 04:13:37 UTC 2019 /home/travis/build/icyphy/ptII/ptolemy/actor/lib/test/auto/ArrayAppend2.xml
----------------- Instantiating /home/travis/build/icyphy/ptII/ptolemy/actor/lib/test/auto/ArrayAppend2.xml
346 ms. Memory: 579072K Free: 256410K (44%)
----------------- Invoking toplevel() on ptolemy.moml.MoMLSimpleApplication@3519cb8
----------------- Done invoking toplevel() on ptolemy.moml.MoMLSimpleApplication@3519cb8
reloadAllAccessors: .ArrayAppend2

===========================================================================================
----------------- testing Thu May 09 04:13:38 UTC 2019 /home/travis/build/icyphy/ptII/ptolemy/actor/lib/test/auto/ArrayAppend3.xml
----------------- Instantiating /home/travis/build/icyphy/ptII/ptolemy/actor/lib/test/auto/ArrayAppend3.xml
4 ms. Memory: 579072K Free: 246702K (43%)
----------------- Invoking toplevel() on ptolemy.moml.MoMLSimpleApplication@3ba197c2
----------------- Done invoking toplevel() on ptolemy.moml.MoMLSimpleApplication@3ba197c2
reloadAllAccessors: .ArrayAppend3

===========================================================================================
----------------- testing Thu May 09 04:13:38 UTC 2019 /home/travis/build/icyphy/ptII/ptolemy/actor/lib/test/auto/ArrayAppend4.xml
----------------- Instantiating /home/travis/build/icyphy/ptII/ptolemy/actor/lib/test/auto/ArrayAppend4.xml
1 ms. Memory: 579072K Free: 227560K (39%)
----------------- Invoking toplevel() on ptolemy.moml.MoMLSimpleApplication@4ca8086b
----------------- Done invoking toplevel() on ptolemy.moml.MoMLSimpleApplication@4ca8086b
reloadAllAccessors: .ArrayAppend4

===========================================================================================
----------------- testing Thu May 09 04:13:38 UTC 2019 /home/travis/build/icyphy/ptII/ptolemy/actor/lib/test/auto/ArrayAppend5.xml
----------------- Instantiating /home/travis/build/icyphy/ptII/ptolemy/actor/lib/test/auto/ArrayAppend5.xml
3 ms. Memory: 579072K Free: 217853K (38%)
----------------- Invoking toplevel() on ptolemy.moml.MoMLSimpleApplication@59f59502
----------------- Done invoking toplevel() on ptolemy.moml.MoMLSimpleApplication@59f59502
reloadAllAccessors: .ArrayAppend5

===========================================================================================
----------------- testing Thu May 09 04:13:38 UTC 2019 /home/travis/build/icyphy/ptII/ptolemy/actor/lib/test/auto/ArrayAppend6.xml
----------------- Instantiating /home/travis/build/icyphy/ptII/ptolemy/actor/lib/test/auto/ArrayAppend6.xml
5 ms. Memory: 579072K Free: 208145K (36%)
----------------- Invoking toplevel() on ptolemy.moml.MoMLSimpleApplication@c1ccf79
----------------- Done invoking toplevel() on ptolemy.moml.MoMLSimpleApplication@c1ccf79
reloadAllAccessors: .ArrayAppend6

===========================================================================================
----------------- testing Thu May 09 04:13:38 UTC 2019 /home/travis/build/icyphy/ptII/ptolemy/actor/lib/test/auto/ArrayAppendPerformanceTest.xml
----------------- Instantiating /home/travis/build/icyphy/ptII/ptolemy/actor/lib/test/auto/ArrayAppendPerformanceTest.xml
21 ms. Memory: 579072K Free: 193576K (33%)
----------------- Invoking toplevel() on ptolemy.moml.MoMLSimpleApplication@36f66a30
----------------- Done invoking toplevel() on ptolemy.moml.MoMLSimpleApplication@36f66a30
reloadAllAccessors: .ArrayAppendPerformanceTest

===========================================================================================
----------------- testing Thu May 09 04:13:38 UTC 2019 /home/travis/build/icyphy/ptII/ptolemy/actor/lib/test/auto/ArrayAppendWithEmptyInput.xml
----------------- Instantiating /home/travis/build/icyphy/ptII/ptolemy/actor/lib/test/auto/ArrayAppendWithEmptyInput.xml
9 ms. Memory: 579072K Free: 169564K (29%)
----------------- Invoking toplevel() on ptolemy.moml.MoMLSimpleApplication@1af1c2e9
----------------- Done invoking toplevel() on ptolemy.moml.MoMLSimpleApplication@1af1c2e9
reloadAllAccessors: .ArrayAppendWithEmptyInput

===========================================================================================
----------------- testing Thu May 09 04:13:38 UTC 2019 /home/travis/build/icyphy/ptII/ptolemy/actor/lib/test/auto/ArrayAverage.xml
----------------- Instantiating /home/travis/build/icyphy/ptII/ptolemy/actor/lib/test/auto/ArrayAverage.xml
5 ms. Memory: 579072K Free: 154987K (27%)
----------------- Invoking toplevel() on ptolemy.moml.MoMLSimpleApplication@5fde2263
----------------- Done invoking toplevel() on ptolemy.moml.MoMLSimpleApplication@5fde2263
reloadAllAccessors: .ArrayAverage

===========================================================================================
----------------- testing Thu May 09 04:13:38 UTC 2019 /home/travis/build/icyphy/ptII/ptolemy/actor/lib/test/auto/ArrayContains.xml
----------------- Instantiating /home/travis/build/icyphy/ptII/ptolemy/actor/lib/test/auto/ArrayContains.xml
6 ms. Memory: 579072K Free: 145279K (25%)
----------------- Invoking toplevel() on ptolemy.moml.MoMLSimpleApplication@66df7556
----------------- Done invoking toplevel() on ptolemy.moml.MoMLSimpleApplication@66df7556
reloadAllAccessors: .ArrayContains

===========================================================================================
----------------- testing Thu May 09 04:13:38 UTC 2019 /home/travis/build/icyphy/ptII/ptolemy/actor/lib/test/auto/ArrayElement.xml
----------------- Instantiating /home/travis/build/icyphy/ptII/ptolemy/actor/lib/test/auto/ArrayElement.xml
10 ms. Memory: 579072K Free: 135572K (23%)
----------------- Invoking toplevel() on ptolemy.moml.MoMLSimpleApplication@7417ad93
----------------- Done invoking toplevel() on ptolemy.moml.MoMLSimpleApplication@7417ad93
reloadAllAccessors: .ArrayElement

===========================================================================================
----------------- testing Thu May 09 04:13:38 UTC 2019 /home/travis/build/icyphy/ptII/ptolemy/actor/lib/test/auto/ArrayElementAsMatrix.xml
----------------- Instantiating /home/travis/build/icyphy/ptII/ptolemy/actor/lib/test/auto/ArrayElementAsMatrix.xml
15 ms. Memory: 579072K Free: 111560K (19%)
----------------- Invoking toplevel() on ptolemy.moml.MoMLSimpleApplication@3c19f580
----------------- Done invoking toplevel() on ptolemy.moml.MoMLSimpleApplication@3c19f580
reloadAllAccessors: .ArrayElementAsMatrix

===========================================================================================
----------------- testing Thu May 09 04:13:38 UTC 2019 /home/travis/build/icyphy/ptII/ptolemy/actor/lib/test/auto/ArrayElementI.xml
----------------- Instantiating /home/travis/build/icyphy/ptII/ptolemy/actor/lib/test/auto/ArrayElementI.xml
4 ms. Memory: 579072K Free: 101853K (18%)
----------------- Invoking toplevel() on ptolemy.moml.MoMLSimpleApplication@52a72c8c
----------------- Done invoking toplevel() on ptolemy.moml.MoMLSimpleApplication@52a72c8c
reloadAllAccessors: .ArrayElementI

===========================================================================================
----------------- testing Thu May 09 04:13:38 UTC 2019 /home/travis/build/icyphy/ptII/ptolemy/actor/lib/test/auto/ArrayExtract.xml
----------------- Instantiating /home/travis/build/icyphy/ptII/ptolemy/actor/lib/test/auto/ArrayExtract.xml
9 ms. Memory: 579072K Free: 92145K (16%)
----------------- Invoking toplevel() on ptolemy.moml.MoMLSimpleApplication@1d29746e
----------------- Done invoking toplevel() on ptolemy.moml.MoMLSimpleApplication@1d29746e
reloadAllAccessors: .ArrayExtract

===========================================================================================
----------------- testing Thu May 09 04:13:38 UTC 2019 /home/travis/build/icyphy/ptII/ptolemy/actor/lib/test/auto/ArrayExtract2.xml
----------------- Instantiating /home/travis/build/icyphy/ptII/ptolemy/actor/lib/test/auto/ArrayExtract2.xml
1 ms. Memory: 579072K Free: 82437K (14%)
----------------- Invoking toplevel() on ptolemy.moml.MoMLSimpleApplication@37a92036
----------------- Done invoking toplevel() on ptolemy.moml.MoMLSimpleApplication@37a92036
reloadAllAccessors: .ArrayExtract2

===========================================================================================
----------------- testing Thu May 09 04:13:38 UTC 2019 /home/travis/build/icyphy/ptII/ptolemy/actor/lib/test/auto/ArrayLength.xml
----------------- Instantiating /home/travis/build/icyphy/ptII/ptolemy/actor/lib/test/auto/ArrayLength.xml
2 ms. Memory: 579072K Free: 67876K (12%)
----------------- Invoking toplevel() on ptolemy.moml.MoMLSimpleApplication@5eff53cf
----------------- Done invoking toplevel() on ptolemy.moml.MoMLSimpleApplication@5eff53cf
reloadAllAccessors: .ArrayLength

===========================================================================================
----------------- testing Thu May 09 04:13:38 UTC 2019 /home/travis/build/icyphy/ptII/ptolemy/actor/lib/test/auto/ArrayLevelCrossing.xml
----------------- Instantiating /home/travis/build/icyphy/ptII/ptolemy/actor/lib/test/auto/ArrayLevelCrossing.xml
5 ms. Memory: 876032K Free: 818763K (93%)
----------------- Invoking toplevel() on ptolemy.moml.MoMLSimpleApplication@37534a46
----------------- Done invoking toplevel() on ptolemy.moml.MoMLSimpleApplication@37534a46
reloadAllAccessors: .ArrayLevelCrossing

===========================================================================================
----------------- testing Thu May 09 04:13:38 UTC 2019 /home/travis/build/icyphy/ptII/ptolemy/actor/lib/test/auto/ArrayLevelCrossing2.xml
----------------- Instantiating /home/travis/build/icyphy/ptII/ptolemy/actor/lib/test/auto/ArrayLevelCrossing2.xml
2 ms. Memory: 876032K Free: 797462K (91%)
----------------- Invoking toplevel() on ptolemy.moml.MoMLSimpleApplication@656b7500
----------------- Done invoking toplevel() on ptolemy.moml.MoMLSimpleApplication@656b7500
reloadAllAccessors: .ArrayLevelCrossing2

===========================================================================================
----------------- testing Thu May 09 04:13:38 UTC 2019 /home/travis/build/icyphy/ptII/ptolemy/actor/lib/test/auto/ArrayPeakSearch.xml
----------------- Instantiating /home/travis/build/icyphy/ptII/ptolemy/actor/lib/test/auto/ArrayPeakSearch.xml
3 ms. Memory: 876032K Free: 781927K (89%)
----------------- Invoking toplevel() on ptolemy.moml.MoMLSimpleApplication@2c3148ae
----------------- Done invoking toplevel() on ptolemy.moml.MoMLSimpleApplication@2c3148ae
reloadAllAccessors: .ArrayPeakSearch

===========================================================================================
----------------- testing Thu May 09 04:13:39 UTC 2019 /home/travis/build/icyphy/ptII/ptolemy/actor/lib/test/auto/ArrayPeakSearch2.xml
----------------- Instantiating /home/travis/build/icyphy/ptII/ptolemy/actor/lib/test/auto/ArrayPeakSearch2.xml
6 ms. Memory: 876032K Free: 766377K (87%)
----------------- Invoking toplevel() on ptolemy.moml.MoMLSimpleApplication@2418dc6f
----------------- Done invoking toplevel() on ptolemy.moml.MoMLSimpleApplication@2418dc6f
reloadAllAccessors: .ArrayPeakSearch2

===========================================================================================
----------------- testing Thu May 09 04:13:39 UTC 2019 /home/travis/build/icyphy/ptII/ptolemy/actor/lib/test/auto/ArrayPeakSearch3.xml
----------------- Instantiating /home/travis/build/icyphy/ptII/ptolemy/actor/lib/test/auto/ArrayPeakSearch3.xml
5 ms. Memory: 876032K Free: 750827K (86%)
----------------- Invoking toplevel() on ptolemy.moml.MoMLSimpleApplication@66c351c
----------------- Done invoking toplevel() on ptolemy.moml.MoMLSimpleApplication@66c351c
reloadAllAccessors: .ArrayPeakSearch3

===========================================================================================
----------------- testing Thu May 09 04:13:39 UTC 2019 /home/travis/build/icyphy/ptII/ptolemy/actor/lib/test/auto/ArrayRemoveElement.xml
----------------- Instantiating /home/travis/build/icyphy/ptII/ptolemy/actor/lib/test/auto/ArrayRemoveElement.xml
4 ms. Memory: 876032K Free: 724712K (83%)
----------------- Invoking toplevel() on ptolemy.moml.MoMLSimpleApplication@4c543c81
----------------- Done invoking toplevel() on ptolemy.moml.MoMLSimpleApplication@4c543c81
reloadAllAccessors: .ArrayRemoveElement

===========================================================================================
----------------- testing Thu May 09 04:13:39 UTC 2019 /home/travis/build/icyphy/ptII/ptolemy/actor/lib/test/auto/ArraySort.xml
----------------- Instantiating /home/travis/build/icyphy/ptII/ptolemy/actor/lib/test/auto/ArraySort.xml
4 ms. Memory: 876032K Free: 709162K (81%)
----------------- Invoking toplevel() on ptolemy.moml.MoMLSimpleApplication@3338c5ed
----------------- Done invoking toplevel() on ptolemy.moml.MoMLSimpleApplication@3338c5ed
reloadAllAccessors: .ArraySort

===========================================================================================
----------------- testing Thu May 09 04:13:39 UTC 2019 /home/travis/build/icyphy/ptII/ptolemy/actor/lib/test/auto/ArraySum.xml
----------------- Instantiating /home/travis/build/icyphy/ptII/ptolemy/actor/lib/test/auto/ArraySum.xml
2 ms. Memory: 876032K Free: 698806K (80%)
----------------- Invoking toplevel() on ptolemy.moml.MoMLSimpleApplication@4265b5e5
----------------- Done invoking toplevel() on ptolemy.moml.MoMLSimpleApplication@4265b5e5
reloadAllAccessors: .ArraySum

===========================================================================================
----------------- testing Thu May 09 04:13:39 UTC 2019 /home/travis/build/icyphy/ptII/ptolemy/actor/lib/test/auto/ArrayToElements.xml
----------------- Instantiating /home/travis/build/icyphy/ptII/ptolemy/actor/lib/test/auto/ArrayToElements.xml
4 ms. Memory: 876032K Free: 688450K (79%)
----------------- Invoking toplevel() on ptolemy.moml.MoMLSimpleApplication@f85da3
----------------- Done invoking toplevel() on ptolemy.moml.MoMLSimpleApplication@f85da3
reloadAllAccessors: .ArrayToElements

===========================================================================================
----------------- testing Thu May 09 04:13:39 UTC 2019 /home/travis/build/icyphy/ptII/ptolemy/actor/lib/test/auto/ArrayToMatrix.xml
----------------- Instantiating /home/travis/build/icyphy/ptII/ptolemy/actor/lib/test/auto/ArrayToMatrix.xml
9 ms. Memory: 876032K Free: 667706K (76%)
----------------- Invoking toplevel() on ptolemy.moml.MoMLSimpleApplication@5ab5b8d4
----------------- Done invoking toplevel() on ptolemy.moml.MoMLSimpleApplication@5ab5b8d4
reloadAllAccessors: .ArrayToMatrix

===========================================================================================
----------------- testing Thu May 09 04:13:39 UTC 2019 /home/travis/build/icyphy/ptII/ptolemy/actor/lib/test/auto/ArrayUpdate1.xml
----------------- Instantiating /home/travis/build/icyphy/ptII/ptolemy/actor/lib/test/auto/ArrayUpdate1.xml
1 ms. Memory: 876032K Free: 646785K (74%)
----------------- Invoking toplevel() on ptolemy.moml.MoMLSimpleApplication@55b1b8c4
----------------- Done invoking toplevel() on ptolemy.moml.MoMLSimpleApplication@55b1b8c4
reloadAllAccessors: .ArrayUpdate1

===========================================================================================
----------------- testing Thu May 09 04:13:39 UTC 2019 /home/travis/build/icyphy/ptII/ptolemy/actor/lib/test/auto/ArrayUpdate2.xml
----------------- Instantiating /home/travis/build/icyphy/ptII/ptolemy/actor/lib/test/auto/ArrayUpdate2.xml
4 ms. Memory: 876032K Free: 636429K (73%)
----------------- Invoking toplevel() on ptolemy.moml.MoMLSimpleApplication@21d9efa8
----------------- Done invoking toplevel() on ptolemy.moml.MoMLSimpleApplication@21d9efa8
reloadAllAccessors: .ArrayUpdate2

===========================================================================================
----------------- testing Thu May 09 04:13:39 UTC 2019 /home/travis/build/icyphy/ptII/ptolemy/actor/lib/test/auto/ArrayUpdate3.xml
----------------- Instantiating /home/travis/build/icyphy/ptII/ptolemy/actor/lib/test/auto/ArrayUpdate3.xml
2 ms. Memory: 876032K Free: 626073K (71%)
----------------- Invoking toplevel() on ptolemy.moml.MoMLSimpleApplication@42d22099
----------------- Done invoking toplevel() on ptolemy.moml.MoMLSimpleApplication@42d22099
reloadAllAccessors: .ArrayUpdate3

===========================================================================================
----------------- testing Thu May 09 04:13:39 UTC 2019 /home/travis/build/icyphy/ptII/ptolemy/actor/lib/test/auto/Assert1.xml
----------------- Instantiating /home/travis/build/icyphy/ptII/ptolemy/actor/lib/test/auto/Assert1.xml
3 ms. Memory: 876032K Free: 615717K (70%)
----------------- Invoking toplevel() on ptolemy.moml.MoMLSimpleApplication@50ffc1bb
----------------- Done invoking toplevel() on ptolemy.moml.MoMLSimpleApplication@50ffc1bb
reloadAllAccessors: .Assert1

===========================================================================================
----------------- testing Thu May 09 04:13:39 UTC 2019 /home/travis/build/icyphy/ptII/ptolemy/actor/lib/test/auto/Assert2.xml
----------------- Instantiating /home/travis/build/icyphy/ptII/ptolemy/actor/lib/test/auto/Assert2.xml
7 ms. Memory: 876032K Free: 605361K (69%)
----------------- Invoking toplevel() on ptolemy.moml.MoMLSimpleApplication@27565d9d
----------------- Done invoking toplevel() on ptolemy.moml.MoMLSimpleApplication@27565d9d
reloadAllAccessors: .Assert2

===========================================================================================
----------------- testing Thu May 09 04:13:39 UTC 2019 /home/travis/build/icyphy/ptII/ptolemy/actor/lib/test/auto/BooleanMultiplexor.xml
----------------- Instantiating /home/travis/build/icyphy/ptII/ptolemy/actor/lib/test/auto/BooleanMultiplexor.xml
2 ms. Memory: 876032K Free: 584441K (67%)
----------------- Invoking toplevel() on ptolemy.moml.MoMLSimpleApplication@3e48a593
----------------- Done invoking toplevel() on ptolemy.moml.MoMLSimpleApplication@3e48a593
reloadAllAccessors: .BooleanMultiplexor

===========================================================================================
----------------- testing Thu May 09 04:13:39 UTC 2019 /home/travis/build/icyphy/ptII/ptolemy/actor/lib/test/auto/BooleanMultiplexor2.xml
----------------- Instantiating /home/travis/build/icyphy/ptII/ptolemy/actor/lib/test/auto/BooleanMultiplexor2.xml
4 ms. Memory: 876032K Free: 574085K (66%)
----------------- Invoking toplevel() on ptolemy.moml.MoMLSimpleApplication@33ef6eae
----------------- Done invoking toplevel() on ptolemy.moml.MoMLSimpleApplication@33ef6eae
reloadAllAccessors: .BooleanMultiplexor2

===========================================================================================
----------------- testing Thu May 09 04:13:39 UTC 2019 /home/travis/build/icyphy/ptII/ptolemy/actor/lib/test/auto/BooleanMultiplexor3.xml
----------------- Instantiating /home/travis/build/icyphy/ptII/ptolemy/actor/lib/test/auto/BooleanMultiplexor3.xml
1 ms. Memory: 876032K Free: 563728K (64%)
----------------- Invoking toplevel() on ptolemy.moml.MoMLSimpleApplication@25fb93e4
----------------- Done invoking toplevel() on ptolemy.moml.MoMLSimpleApplication@25fb93e4
reloadAllAccessors: .BooleanMultiplexor3

===========================================================================================
----------------- testing Thu May 09 04:13:39 UTC 2019 /home/travis/build/icyphy/ptII/ptolemy/actor/lib/test/auto/BooleanSelect.xml
----------------- Instantiating /home/travis/build/icyphy/ptII/ptolemy/actor/lib/test/auto/BooleanSelect.xml
4 ms. Memory: 876032K Free: 553372K (63%)
----------------- Invoking toplevel() on ptolemy.moml.MoMLSimpleApplication@3c55617a
----------------- Done invoking toplevel() on ptolemy.moml.MoMLSimpleApplication@3c55617a
reloadAllAccessors: .BooleanSelect

===========================================================================================
----------------- testing Thu May 09 04:13:39 UTC 2019 /home/travis/build/icyphy/ptII/ptolemy/actor/lib/test/auto/BooleanSelect2.xml
----------------- Instantiating /home/travis/build/icyphy/ptII/ptolemy/actor/lib/test/auto/BooleanSelect2.xml
2 ms. Memory: 876032K Free: 543016K (62%)
----------------- Invoking toplevel() on ptolemy.moml.MoMLSimpleApplication@58683d2e
----------------- Done invoking toplevel() on ptolemy.moml.MoMLSimpleApplication@58683d2e
reloadAllAccessors: .BooleanSelect2

===========================================================================================
----------------- testing Thu May 09 04:13:39 UTC 2019 /home/travis/build/icyphy/ptII/ptolemy/actor/lib/test/auto/BooleanSwitch.xml
----------------- Instantiating /home/travis/build/icyphy/ptII/ptolemy/actor/lib/test/auto/BooleanSwitch.xml
4 ms. Memory: 876032K Free: 522096K (60%)
----------------- Invoking toplevel() on ptolemy.moml.MoMLSimpleApplication@59a9ece3
----------------- Done invoking toplevel() on ptolemy.moml.MoMLSimpleApplication@59a9ece3
reloadAllAccessors: .BooleanSwitch

===========================================================================================
----------------- testing Thu May 09 04:13:39 UTC 2019 /home/travis/build/icyphy/ptII/ptolemy/actor/lib/test/auto/BooleanSwitch2.xml
----------------- Instantiating /home/travis/build/icyphy/ptII/ptolemy/actor/lib/test/auto/BooleanSwitch2.xml
1 ms. Memory: 876032K Free: 511740K (58%)
----------------- Invoking toplevel() on ptolemy.moml.MoMLSimpleApplication@417337a3
----------------- Done invoking toplevel() on ptolemy.moml.MoMLSimpleApplication@417337a3
reloadAllAccessors: .BooleanSwitch2

===========================================================================================
----------------- testing Thu May 09 04:13:39 UTC 2019 /home/travis/build/icyphy/ptII/ptolemy/actor/lib/test/auto/BooleanSwitchCloningBugWithClassRelationGroup.xml
----------------- Instantiating /home/travis/build/icyphy/ptII/ptolemy/actor/lib/test/auto/BooleanSwitchCloningBugWithClassRelationGroup.xml
4 ms. Memory: 876032K Free: 501384K (57%)
----------------- Invoking toplevel() on ptolemy.moml.MoMLSimpleApplication@15821ff4
----------------- Done invoking toplevel() on ptolemy.moml.MoMLSimpleApplication@15821ff4
reloadAllAccessors: .BooleanSwitchCloningBugWithClassRelationGroup

===========================================================================================
----------------- testing Thu May 09 04:13:39 UTC 2019 /home/travis/build/icyphy/ptII/ptolemy/actor/lib/test/auto/BusActors.xml
----------------- Instantiating /home/travis/build/icyphy/ptII/ptolemy/actor/lib/test/auto/BusActors.xml
3 ms. Memory: 876032K Free: 485833K (55%)
----------------- Invoking toplevel() on ptolemy.moml.MoMLSimpleApplication@764f5acd
----------------- Done invoking toplevel() on ptolemy.moml.MoMLSimpleApplication@764f5acd
reloadAllAccessors: .BusActors

===========================================================================================
----------------- testing Thu May 09 04:13:39 UTC 2019 /home/travis/build/icyphy/ptII/ptolemy/actor/lib/test/auto/ClassWrapper.xml
----------------- Instantiating /home/travis/build/icyphy/ptII/ptolemy/actor/lib/test/auto/ClassWrapper.xml
2 ms. Memory: 876032K Free: 464913K (53%)
----------------- Invoking toplevel() on ptolemy.moml.MoMLSimpleApplication@265b1958
----------------- Done invoking toplevel() on ptolemy.moml.MoMLSimpleApplication@265b1958
reloadAllAccessors: .ClassWrapper

===========================================================================================
----------------- testing Thu May 09 04:13:39 UTC 2019 /home/travis/build/icyphy/ptII/ptolemy/actor/lib/test/auto/Clock.xml
----------------- Instantiating /home/travis/build/icyphy/ptII/ptolemy/actor/lib/test/auto/Clock.xml
1 ms. Memory: 876032K Free: 454557K (52%)
----------------- Invoking toplevel() on ptolemy.moml.MoMLSimpleApplication@1ec4469c
----------------- Done invoking toplevel() on ptolemy.moml.MoMLSimpleApplication@1ec4469c
reloadAllAccessors: .Clock

===========================================================================================
----------------- testing Thu May 09 04:13:39 UTC 2019 /home/travis/build/icyphy/ptII/ptolemy/actor/lib/test/auto/Clock10.xml
----------------- Instantiating /home/travis/build/icyphy/ptII/ptolemy/actor/lib/test/auto/Clock10.xml
2 ms. Memory: 876032K Free: 444201K (51%)
----------------- Invoking toplevel() on ptolemy.moml.MoMLSimpleApplication@69cbfc33
----------------- Done invoking toplevel() on ptolemy.moml.MoMLSimpleApplication@69cbfc33
reloadAllAccessors: .Clock10

===========================================================================================
----------------- testing Thu May 09 04:13:39 UTC 2019 /home/travis/build/icyphy/ptII/ptolemy/actor/lib/test/auto/Clock11.xml
----------------- Instantiating /home/travis/build/icyphy/ptII/ptolemy/actor/lib/test/auto/Clock11.xml
2 ms. Memory: 876032K Free: 433845K (50%)
----------------- Invoking toplevel() on ptolemy.moml.MoMLSimpleApplication@52388db5
----------------- Done invoking toplevel() on ptolemy.moml.MoMLSimpleApplication@52388db5
reloadAllAccessors: .Clock11

===========================================================================================
----------------- testing Thu May 09 04:13:39 UTC 2019 /home/travis/build/icyphy/ptII/ptolemy/actor/lib/test/auto/Clock12.xml
----------------- Instantiating /home/travis/build/icyphy/ptII/ptolemy/actor/lib/test/auto/Clock12.xml
2 ms. Memory: 876032K Free: 423489K (48%)
----------------- Invoking toplevel() on ptolemy.moml.MoMLSimpleApplication@5c96c572
----------------- Done invoking toplevel() on ptolemy.moml.MoMLSimpleApplication@5c96c572
reloadAllAccessors: .Clock12

===========================================================================================
----------------- testing Thu May 09 04:13:39 UTC 2019 /home/travis/build/icyphy/ptII/ptolemy/actor/lib/test/auto/Clock13.xml
----------------- Instantiating /home/travis/build/icyphy/ptII/ptolemy/actor/lib/test/auto/Clock13.xml
6 ms. Memory: 876032K Free: 402569K (46%)
----------------- Invoking toplevel() on ptolemy.moml.MoMLSimpleApplication@f3a6c57
----------------- Done invoking toplevel() on ptolemy.moml.MoMLSimpleApplication@f3a6c57
reloadAllAccessors: .Clock13

===========================================================================================
----------------- testing Thu May 09 04:13:39 UTC 2019 /home/travis/build/icyphy/ptII/ptolemy/actor/lib/test/auto/Clock14.xml
----------------- Instantiating /home/travis/build/icyphy/ptII/ptolemy/actor/lib/test/auto/Clock14.xml
6 ms. Memory: 876032K Free: 392213K (45%)
----------------- Invoking toplevel() on ptolemy.moml.MoMLSimpleApplication@2bc53ae5
----------------- Done invoking toplevel() on ptolemy.moml.MoMLSimpleApplication@2bc53ae5
reloadAllAccessors: .Clock14

===========================================================================================
----------------- testing Thu May 09 04:13:39 UTC 2019 /home/travis/build/icyphy/ptII/ptolemy/actor/lib/test/auto/Clock15.xml
----------------- Instantiating /home/travis/build/icyphy/ptII/ptolemy/actor/lib/test/auto/Clock15.xml
6 ms. Memory: 876032K Free: 381856K (44%)
----------------- Invoking toplevel() on ptolemy.moml.MoMLSimpleApplication@60a68e3a
----------------- Done invoking toplevel() on ptolemy.moml.MoMLSimpleApplication@60a68e3a
reloadAllAccessors: .Clock15

===========================================================================================
----------------- testing Thu May 09 04:13:39 UTC 2019 /home/travis/build/icyphy/ptII/ptolemy/actor/lib/test/auto/Clock16.xml
----------------- Instantiating /home/travis/build/icyphy/ptII/ptolemy/actor/lib/test/auto/Clock16.xml
18 ms. Memory: 876032K Free: 366306K (42%)
----------------- Invoking toplevel() on ptolemy.moml.MoMLSimpleApplication@58b6053a
----------------- Done invoking toplevel() on ptolemy.moml.MoMLSimpleApplication@58b6053a
reloadAllAccessors: .Clock16

===========================================================================================
----------------- testing Thu May 09 04:13:39 UTC 2019 /home/travis/build/icyphy/ptII/ptolemy/actor/lib/test/auto/Clock17.xml
----------------- Instantiating /home/travis/build/icyphy/ptII/ptolemy/actor/lib/test/auto/Clock17.xml
15 ms. Memory: 876032K Free: 350772K (40%)
----------------- Invoking toplevel() on ptolemy.moml.MoMLSimpleApplication@778690ee
----------------- Done invoking toplevel() on ptolemy.moml.MoMLSimpleApplication@778690ee
reloadAllAccessors: .Clock17

===========================================================================================
----------------- testing Thu May 09 04:13:39 UTC 2019 /home/travis/build/icyphy/ptII/ptolemy/actor/lib/test/auto/Clock18.xml
----------------- Instantiating /home/travis/build/icyphy/ptII/ptolemy/actor/lib/test/auto/Clock18.xml
23 ms. Memory: 876032K Free: 324658K (37%)
----------------- Invoking toplevel() on ptolemy.moml.MoMLSimpleApplication@1b50c91d
----------------- Done invoking toplevel() on ptolemy.moml.MoMLSimpleApplication@1b50c91d
reloadAllAccessors: .Clock18

===========================================================================================
----------------- testing Thu May 09 04:13:39 UTC 2019 /home/travis/build/icyphy/ptII/ptolemy/actor/lib/test/auto/Clock19.xml
----------------- Instantiating /home/travis/build/icyphy/ptII/ptolemy/actor/lib/test/auto/Clock19.xml
15 ms. Memory: 876032K Free: 309115K (35%)
----------------- Invoking toplevel() on ptolemy.moml.MoMLSimpleApplication@1f99a7a0
----------------- Done invoking toplevel() on ptolemy.moml.MoMLSimpleApplication@1f99a7a0
reloadAllAccessors: .Clock19

===========================================================================================
----------------- testing Thu May 09 04:13:40 UTC 2019 /home/travis/build/icyphy/ptII/ptolemy/actor/lib/test/auto/Clock2.xml
----------------- Instantiating /home/travis/build/icyphy/ptII/ptolemy/actor/lib/test/auto/Clock2.xml
10 ms. Memory: 876032K Free: 298759K (34%)
----------------- Invoking toplevel() on ptolemy.moml.MoMLSimpleApplication@4398d56a
----------------- Done invoking toplevel() on ptolemy.moml.MoMLSimpleApplication@4398d56a
reloadAllAccessors: .Clock2

===========================================================================================
----------------- testing Thu May 09 04:13:40 UTC 2019 /home/travis/build/icyphy/ptII/ptolemy/actor/lib/test/auto/Clock20.xml
----------------- Instantiating /home/travis/build/icyphy/ptII/ptolemy/actor/lib/test/auto/Clock20.xml
11 ms. Memory: 876032K Free: 288403K (33%)
----------------- Invoking toplevel() on ptolemy.moml.MoMLSimpleApplication@31293bf2
----------------- Done invoking toplevel() on ptolemy.moml.MoMLSimpleApplication@31293bf2
reloadAllAccessors: .Clock20

===========================================================================================
----------------- testing Thu May 09 04:13:40 UTC 2019 /home/travis/build/icyphy/ptII/ptolemy/actor/lib/test/auto/Clock21.xml
----------------- Instantiating /home/travis/build/icyphy/ptII/ptolemy/actor/lib/test/auto/Clock21.xml
8 ms. Memory: 876032K Free: 267483K (31%)
----------------- Invoking toplevel() on ptolemy.moml.MoMLSimpleApplication@60e90472
----------------- Done invoking toplevel() on ptolemy.moml.MoMLSimpleApplication@60e90472
reloadAllAccessors: .Clock21

===========================================================================================
----------------- testing Thu May 09 04:13:40 UTC 2019 /home/travis/build/icyphy/ptII/ptolemy/actor/lib/test/auto/Clock22.xml
----------------- Instantiating /home/travis/build/icyphy/ptII/ptolemy/actor/lib/test/auto/Clock22.xml
8 ms. Memory: 876032K Free: 257127K (29%)
----------------- Invoking toplevel() on ptolemy.moml.MoMLSimpleApplication@4094bce9
----------------- Done invoking toplevel() on ptolemy.moml.MoMLSimpleApplication@4094bce9
reloadAllAccessors: .Clock22

===========================================================================================
----------------- testing Thu May 09 04:13:40 UTC 2019 /home/travis/build/icyphy/ptII/ptolemy/actor/lib/test/auto/Clock23.xml
----------------- Instantiating /home/travis/build/icyphy/ptII/ptolemy/actor/lib/test/auto/Clock23.xml
8 ms. Memory: 876032K Free: 246771K (28%)
----------------- Invoking toplevel() on ptolemy.moml.MoMLSimpleApplication@1eca5916
----------------- Done invoking toplevel() on ptolemy.moml.MoMLSimpleApplication@1eca5916
reloadAllAccessors: .Clock23

===========================================================================================
----------------- testing Thu May 09 04:13:40 UTC 2019 /home/travis/build/icyphy/ptII/ptolemy/actor/lib/test/auto/Clock24.xml
----------------- Instantiating /home/travis/build/icyphy/ptII/ptolemy/actor/lib/test/auto/Clock24.xml
2 ms. Memory: 876032K Free: 236415K (27%)
----------------- Invoking toplevel() on ptolemy.moml.MoMLSimpleApplication@4c85fa64
----------------- Done invoking toplevel() on ptolemy.moml.MoMLSimpleApplication@4c85fa64
reloadAllAccessors: .Clock24

===========================================================================================
----------------- testing Thu May 09 04:13:40 UTC 2019 /home/travis/build/icyphy/ptII/ptolemy/actor/lib/test/auto/Clock4.xml
----------------- Instantiating /home/travis/build/icyphy/ptII/ptolemy/actor/lib/test/auto/Clock4.xml
7 ms. Memory: 876032K Free: 226058K (26%)
----------------- Invoking toplevel() on ptolemy.moml.MoMLSimpleApplication@68c60558
----------------- Done invoking toplevel() on ptolemy.moml.MoMLSimpleApplication@68c60558
reloadAllAccessors: .Clock4

===========================================================================================
----------------- testing Thu May 09 04:13:40 UTC 2019 /home/travis/build/icyphy/ptII/ptolemy/actor/lib/test/auto/Clock5.xml
----------------- Instantiating /home/travis/build/icyphy/ptII/ptolemy/actor/lib/test/auto/Clock5.xml
2 ms. Memory: 876032K Free: 205138K (23%)
----------------- Invoking toplevel() on ptolemy.moml.MoMLSimpleApplication@1f839a37
----------------- Done invoking toplevel() on ptolemy.moml.MoMLSimpleApplication@1f839a37
reloadAllAccessors: .Clock5

===========================================================================================
----------------- testing Thu May 09 04:13:40 UTC 2019 /home/travis/build/icyphy/ptII/ptolemy/actor/lib/test/auto/Clock6.xml
----------------- Instantiating /home/travis/build/icyphy/ptII/ptolemy/actor/lib/test/auto/Clock6.xml
2 ms. Memory: 876032K Free: 194782K (22%)
----------------- Invoking toplevel() on ptolemy.moml.MoMLSimpleApplication@44138d98
----------------- Done invoking toplevel() on ptolemy.moml.MoMLSimpleApplication@44138d98
reloadAllAccessors: .Clock6

===========================================================================================
----------------- testing Thu May 09 04:13:40 UTC 2019 /home/travis/build/icyphy/ptII/ptolemy/actor/lib/test/auto/Clock7.xml
----------------- Instantiating /home/travis/build/icyphy/ptII/ptolemy/actor/lib/test/auto/Clock7.xml
2 ms. Memory: 876032K Free: 184426K (21%)
----------------- Invoking toplevel() on ptolemy.moml.MoMLSimpleApplication@4c8aeb0e
----------------- Done invoking toplevel() on ptolemy.moml.MoMLSimpleApplication@4c8aeb0e
reloadAllAccessors: .Clock7

===========================================================================================
----------------- testing Thu May 09 04:13:40 UTC 2019 /home/travis/build/icyphy/ptII/ptolemy/actor/lib/test/auto/Clock8.xml
----------------- Instantiating /home/travis/build/icyphy/ptII/ptolemy/actor/lib/test/auto/Clock8.xml
7 ms. Memory: 876032K Free: 174070K (20%)
----------------- Invoking toplevel() on ptolemy.moml.MoMLSimpleApplication@648f4ab3
----------------- Done invoking toplevel() on ptolemy.moml.MoMLSimpleApplication@648f4ab3
reloadAllAccessors: .Clock8

===========================================================================================
----------------- testing Thu May 09 04:13:40 UTC 2019 /home/travis/build/icyphy/ptII/ptolemy/actor/lib/test/auto/Clock9.xml
----------------- Instantiating /home/travis/build/icyphy/ptII/ptolemy/actor/lib/test/auto/Clock9.xml
2 ms. Memory: 876032K Free: 163714K (19%)
----------------- Invoking toplevel() on ptolemy.moml.MoMLSimpleApplication@455b4b12
----------------- Done invoking toplevel() on ptolemy.moml.MoMLSimpleApplication@455b4b12
reloadAllAccessors: .Clock9

===========================================================================================
----------------- testing Thu May 09 04:13:40 UTC 2019 /home/travis/build/icyphy/ptII/ptolemy/actor/lib/test/auto/CommDistDiscard.xml
----------------- Instantiating /home/travis/build/icyphy/ptII/ptolemy/actor/lib/test/auto/CommDistDiscard.xml
2 ms. Memory: 876032K Free: 142794K (16%)
----------------- Invoking toplevel() on ptolemy.moml.MoMLSimpleApplication@710dd9c
----------------- Done invoking toplevel() on ptolemy.moml.MoMLSimpleApplication@710dd9c
reloadAllAccessors: .CommDistDiscard

===========================================================================================
----------------- testing Thu May 09 04:13:40 UTC 2019 /home/travis/build/icyphy/ptII/ptolemy/actor/lib/test/auto/Commutator.xml
----------------- Instantiating /home/travis/build/icyphy/ptII/ptolemy/actor/lib/test/auto/Commutator.xml
2 ms. Memory: 876032K Free: 132438K (15%)
----------------- Invoking toplevel() on ptolemy.moml.MoMLSimpleApplication@31258906
----------------- Done invoking toplevel() on ptolemy.moml.MoMLSimpleApplication@31258906
reloadAllAccessors: .Commutator

===========================================================================================
----------------- testing Thu May 09 04:13:40 UTC 2019 /home/travis/build/icyphy/ptII/ptolemy/actor/lib/test/auto/Commutator2.xml
----------------- Instantiating /home/travis/build/icyphy/ptII/ptolemy/actor/lib/test/auto/Commutator2.xml
1 ms. Memory: 876032K Free: 122082K (14%)
----------------- Invoking toplevel() on ptolemy.moml.MoMLSimpleApplication@118dffc4
----------------- Done invoking toplevel() on ptolemy.moml.MoMLSimpleApplication@118dffc4
reloadAllAccessors: .Commutator2

===========================================================================================
----------------- testing Thu May 09 04:13:40 UTC 2019 /home/travis/build/icyphy/ptII/ptolemy/actor/lib/test/auto/Commutator3.xml
----------------- Instantiating /home/travis/build/icyphy/ptII/ptolemy/actor/lib/test/auto/Commutator3.xml
2 ms. Memory: 876032K Free: 111726K (13%)
----------------- Invoking toplevel() on ptolemy.moml.MoMLSimpleApplication@11624696
----------------- Done invoking toplevel() on ptolemy.moml.MoMLSimpleApplication@11624696
reloadAllAccessors: .Commutator3

===========================================================================================
----------------- testing Thu May 09 04:13:40 UTC 2019 /home/travis/build/icyphy/ptII/ptolemy/actor/lib/test/auto/Compare.xml
----------------- Instantiating /home/travis/build/icyphy/ptII/ptolemy/actor/lib/test/auto/Compare.xml
2 ms. Memory: 876032K Free: 90805K (10%)
----------------- Invoking toplevel() on ptolemy.moml.MoMLSimpleApplication@1b329c7b
----------------- Done invoking toplevel() on ptolemy.moml.MoMLSimpleApplication@1b329c7b
reloadAllAccessors: .Compare

===========================================================================================
----------------- testing Thu May 09 04:13:40 UTC 2019 /home/travis/build/icyphy/ptII/ptolemy/actor/lib/test/auto/CompareDE.xml
----------------- Instantiating /home/travis/build/icyphy/ptII/ptolemy/actor/lib/test/auto/CompareDE.xml
3 ms. Memory: 876032K Free: 80449K (9%)
----------------- Invoking toplevel() on ptolemy.moml.MoMLSimpleApplication@5ae8e92e
----------------- Done invoking toplevel() on ptolemy.moml.MoMLSimpleApplication@5ae8e92e
reloadAllAccessors: .CompareDE

===========================================================================================
----------------- testing Thu May 09 04:13:40 UTC 2019 /home/travis/build/icyphy/ptII/ptolemy/actor/lib/test/auto/ComplexDivide.xml
----------------- Instantiating /home/travis/build/icyphy/ptII/ptolemy/actor/lib/test/auto/ComplexDivide.xml
1 ms. Memory: 876032K Free: 70093K (8%)
----------------- Invoking toplevel() on ptolemy.moml.MoMLSimpleApplication@11b98527
----------------- Done invoking toplevel() on ptolemy.moml.MoMLSimpleApplication@11b98527
reloadAllAccessors: .ComplexDivide

===========================================================================================
----------------- testing Thu May 09 04:13:40 UTC 2019 /home/travis/build/icyphy/ptII/ptolemy/actor/lib/test/auto/ComputeHistogram.xml
----------------- Instantiating /home/travis/build/icyphy/ptII/ptolemy/actor/lib/test/auto/ComputeHistogram.xml
69 ms. Memory: 876544K Free: 834289K (95%)
----------------- Invoking toplevel() on ptolemy.moml.MoMLSimpleApplication@429c4c8b
----------------- Done invoking toplevel() on ptolemy.moml.MoMLSimpleApplication@429c4c8b
reloadAllAccessors: .ComputeHistogram

===========================================================================================
----------------- testing Thu May 09 04:13:40 UTC 2019 /home/travis/build/icyphy/ptII/ptolemy/actor/lib/test/auto/ConfigurationSelect.xml
----------------- Instantiating /home/travis/build/icyphy/ptII/ptolemy/actor/lib/test/auto/ConfigurationSelect.xml
3 ms. Memory: 876544K Free: 813597K (93%)
----------------- Invoking toplevel() on ptolemy.moml.MoMLSimpleApplication@d212db5
----------------- Done invoking toplevel() on ptolemy.moml.MoMLSimpleApplication@d212db5
reloadAllAccessors: .ConfigurationSelect

===========================================================================================
----------------- testing Thu May 09 04:13:40 UTC 2019 /home/travis/build/icyphy/ptII/ptolemy/actor/lib/test/auto/ConfigurationSelect2.xml
----------------- Instantiating /home/travis/build/icyphy/ptII/ptolemy/actor/lib/test/auto/ConfigurationSelect2.xml
1 ms. Memory: 876544K Free: 803241K (92%)
----------------- Invoking toplevel() on ptolemy.moml.MoMLSimpleApplication@471a8a49
----------------- Done invoking toplevel() on ptolemy.moml.MoMLSimpleApplication@471a8a49
reloadAllAccessors: .ConfigurationSelect2

===========================================================================================
----------------- testing Thu May 09 04:13:40 UTC 2019 /home/travis/build/icyphy/ptII/ptolemy/actor/lib/test/auto/ConfigurationSwitch.xml
----------------- Instantiating /home/travis/build/icyphy/ptII/ptolemy/actor/lib/test/auto/ConfigurationSwitch.xml
2 ms. Memory: 876544K Free: 792885K (90%)
----------------- Invoking toplevel() on ptolemy.moml.MoMLSimpleApplication@7721299d
----------------- Done invoking toplevel() on ptolemy.moml.MoMLSimpleApplication@7721299d
reloadAllAccessors: .ConfigurationSwitch

===========================================================================================
----------------- testing Thu May 09 04:13:40 UTC 2019 /home/travis/build/icyphy/ptII/ptolemy/actor/lib/test/auto/ConfigurationSwitch2.xml
----------------- Instantiating /home/travis/build/icyphy/ptII/ptolemy/actor/lib/test/auto/ConfigurationSwitch2.xml
4 ms. Memory: 876544K Free: 774834K (88%)
----------------- Invoking toplevel() on ptolemy.moml.MoMLSimpleApplication@79dbca05
----------------- Done invoking toplevel() on ptolemy.moml.MoMLSimpleApplication@79dbca05
reloadAllAccessors: .ConfigurationSwitch2

===========================================================================================
----------------- testing Thu May 09 04:13:40 UTC 2019 /home/travis/build/icyphy/ptII/ptolemy/actor/lib/test/auto/ConfigurationSwitchCloningBugWithClassRelationGroup.xml
----------------- Instantiating /home/travis/build/icyphy/ptII/ptolemy/actor/lib/test/auto/ConfigurationSwitchCloningBugWithClassRelationGroup.xml
1 ms. Memory: 876544K Free: 764478K (87%)
----------------- Invoking toplevel() on ptolemy.moml.MoMLSimpleApplication@676de9ad
----------------- Done invoking toplevel() on ptolemy.moml.MoMLSimpleApplication@676de9ad
reloadAllAccessors: .ConfigurationSwitchCloningBugWithClassRelationGroup

===========================================================================================
----------------- testing Thu May 09 04:13:40 UTC 2019 /home/travis/build/icyphy/ptII/ptolemy/actor/lib/test/auto/ConfigurationSwitchSelectSDF.xml
----------------- Instantiating /home/travis/build/icyphy/ptII/ptolemy/actor/lib/test/auto/ConfigurationSwitchSelectSDF.xml
2 ms. Memory: 876544K Free: 754121K (86%)
----------------- Invoking toplevel() on ptolemy.moml.MoMLSimpleApplication@64ce565
----------------- Done invoking toplevel() on ptolemy.moml.MoMLSimpleApplication@64ce565
reloadAllAccessors: .ConfigurationSwitchSelectSDF

===========================================================================================
----------------- testing Thu May 09 04:13:40 UTC 2019 /home/travis/build/icyphy/ptII/ptolemy/actor/lib/test/auto/ConfigurationSwitchSelectSDF2.xml
----------------- Instantiating /home/travis/build/icyphy/ptII/ptolemy/actor/lib/test/auto/ConfigurationSwitchSelectSDF2.xml
2 ms. Memory: 876544K Free: 736070K (84%)
----------------- Invoking toplevel() on ptolemy.moml.MoMLSimpleApplication@7f7be7df
----------------- Done invoking toplevel() on ptolemy.moml.MoMLSimpleApplication@7f7be7df
reloadAllAccessors: .ConfigurationSwitchSelectSDF2

===========================================================================================
----------------- testing Thu May 09 04:13:40 UTC 2019 /home/travis/build/icyphy/ptII/ptolemy/actor/lib/test/auto/Const.xml
----------------- Instantiating /home/travis/build/icyphy/ptII/ptolemy/actor/lib/test/auto/Const.xml
1 ms. Memory: 876544K Free: 725714K (83%)
----------------- Invoking toplevel() on ptolemy.moml.MoMLSimpleApplication@e6e0644
----------------- Done invoking toplevel() on ptolemy.moml.MoMLSimpleApplication@e6e0644
reloadAllAccessors: .Const

===========================================================================================
----------------- testing Thu May 09 04:13:40 UTC 2019 /home/travis/build/icyphy/ptII/ptolemy/actor/lib/test/auto/Const2.xml
----------------- Instantiating /home/travis/build/icyphy/ptII/ptolemy/actor/lib/test/auto/Const2.xml
1 ms. Memory: 876544K Free: 715358K (82%)
----------------- Invoking toplevel() on ptolemy.moml.MoMLSimpleApplication@ac75638
----------------- Done invoking toplevel() on ptolemy.moml.MoMLSimpleApplication@ac75638
reloadAllAccessors: .Const2

===========================================================================================
----------------- testing Thu May 09 04:13:40 UTC 2019 /home/travis/build/icyphy/ptII/ptolemy/actor/lib/test/auto/Const3.xml
----------------- Instantiating /home/travis/build/icyphy/ptII/ptolemy/actor/lib/test/auto/Const3.xml
1 ms. Memory: 876544K Free: 705002K (80%)
----------------- Invoking toplevel() on ptolemy.moml.MoMLSimpleApplication@22e1bf99
----------------- Done invoking toplevel() on ptolemy.moml.MoMLSimpleApplication@22e1bf99
reloadAllAccessors: .Const3

===========================================================================================
----------------- testing Thu May 09 04:13:40 UTC 2019 /home/travis/build/icyphy/ptII/ptolemy/actor/lib/test/auto/ConstantPublisherPort1.xml
----------------- Instantiating /home/travis/build/icyphy/ptII/ptolemy/actor/lib/test/auto/ConstantPublisherPort1.xml
5 ms. Memory: 876544K Free: 681757K (78%)
----------------- Invoking toplevel() on ptolemy.moml.MoMLSimpleApplication@49cb7d
----------------- Done invoking toplevel() on ptolemy.moml.MoMLSimpleApplication@49cb7d
reloadAllAccessors: .ConstantPublisherPort1

===========================================================================================
----------------- testing Thu May 09 04:13:40 UTC 2019 /home/travis/build/icyphy/ptII/ptolemy/actor/lib/test/auto/ConstantPublisherPort2.xml
----------------- Instantiating /home/travis/build/icyphy/ptII/ptolemy/actor/lib/test/auto/ConstantPublisherPort2.xml
3 ms. Memory: 876544K Free: 671400K (77%)
----------------- Invoking toplevel() on ptolemy.moml.MoMLSimpleApplication@12d1870d
----------------- Done invoking toplevel() on ptolemy.moml.MoMLSimpleApplication@12d1870d
reloadAllAccessors: .ConstantPublisherPort2

===========================================================================================
----------------- testing Thu May 09 04:13:40 UTC 2019 /home/travis/build/icyphy/ptII/ptolemy/actor/lib/test/auto/ConstantPublisherPort3.xml
----------------- Instantiating /home/travis/build/icyphy/ptII/ptolemy/actor/lib/test/auto/ConstantPublisherPort3.xml
5 ms. Memory: 876544K Free: 661044K (75%)
----------------- Invoking toplevel() on ptolemy.moml.MoMLSimpleApplication@5c31d56a
----------------- Done invoking toplevel() on ptolemy.moml.MoMLSimpleApplication@5c31d56a
reloadAllAccessors: .ConstantPublisherPort3

===========================================================================================
----------------- testing Thu May 09 04:13:40 UTC 2019 /home/travis/build/icyphy/ptII/ptolemy/actor/lib/test/auto/ConstantPublisherPort4.xml
----------------- Instantiating /home/travis/build/icyphy/ptII/ptolemy/actor/lib/test/auto/ConstantPublisherPort4.xml
5 ms. Memory: 876544K Free: 642992K (73%)
----------------- Invoking toplevel() on ptolemy.moml.MoMLSimpleApplication@6e151b3f
----------------- Done invoking toplevel() on ptolemy.moml.MoMLSimpleApplication@6e151b3f
reloadAllAccessors: .ConstantPublisherPort4

===========================================================================================
----------------- testing Thu May 09 04:13:40 UTC 2019 /home/travis/build/icyphy/ptII/ptolemy/actor/lib/test/auto/ConstantPublisherPort5.xml
----------------- Instantiating /home/travis/build/icyphy/ptII/ptolemy/actor/lib/test/auto/ConstantPublisherPort5.xml
33 ms. Memory: 876544K Free: 617085K (70%)
----------------- Invoking toplevel() on ptolemy.moml.MoMLSimpleApplication@1063c4f3
----------------- Done invoking toplevel() on ptolemy.moml.MoMLSimpleApplication@1063c4f3
reloadAllAccessors: .ConstantPublisherPort5

===========================================================================================
----------------- testing Thu May 09 04:13:40 UTC 2019 /home/travis/build/icyphy/ptII/ptolemy/actor/lib/test/auto/ConstantPublisherPort6.xml
----------------- Instantiating /home/travis/build/icyphy/ptII/ptolemy/actor/lib/test/auto/ConstantPublisherPort6.xml
18 ms. Memory: 876544K Free: 591195K (67%)
----------------- Invoking toplevel() on ptolemy.moml.MoMLSimpleApplication@29cab73e
----------------- Done invoking toplevel() on ptolemy.moml.MoMLSimpleApplication@29cab73e
reloadAllAccessors: .ConstantPublisherPort6

===========================================================================================
----------------- testing Thu May 09 04:13:40 UTC 2019 /home/travis/build/icyphy/ptII/ptolemy/actor/lib/test/auto/ConstantPublisherPort7.xml
----------------- Instantiating /home/travis/build/icyphy/ptII/ptolemy/actor/lib/test/auto/ConstantPublisherPort7.xml
18 ms. Memory: 876544K Free: 557610K (64%)
----------------- Invoking toplevel() on ptolemy.moml.MoMLSimpleApplication@360ad689
----------------- Done invoking toplevel() on ptolemy.moml.MoMLSimpleApplication@360ad689
reloadAllAccessors: .ConstantPublisherPort7

===========================================================================================
----------------- testing Thu May 09 04:13:40 UTC 2019 /home/travis/build/icyphy/ptII/ptolemy/actor/lib/test/auto/ConstraintMonitor1.xml
----------------- Instantiating /home/travis/build/icyphy/ptII/ptolemy/actor/lib/test/auto/ConstraintMonitor1.xml
1 ms. Memory: 876544K Free: 547253K (62%)
----------------- Invoking toplevel() on ptolemy.moml.MoMLSimpleApplication@784d4094
----------------- Done invoking toplevel() on ptolemy.moml.MoMLSimpleApplication@784d4094
reloadAllAccessors: .ConstraintMonitor1

===========================================================================================
----------------- testing Thu May 09 04:13:41 UTC 2019 /home/travis/build/icyphy/ptII/ptolemy/actor/lib/test/auto/ConstraintMonitor2.xml
----------------- Instantiating /home/travis/build/icyphy/ptII/ptolemy/actor/lib/test/auto/ConstraintMonitor2.xml
2 ms. Memory: 876544K Free: 536897K (61%)
----------------- Invoking toplevel() on ptolemy.moml.MoMLSimpleApplication@6045eead
----------------- Done invoking toplevel() on ptolemy.moml.MoMLSimpleApplication@6045eead
reloadAllAccessors: .ConstraintMonitor2

===========================================================================================
----------------- testing Thu May 09 04:13:41 UTC 2019 /home/travis/build/icyphy/ptII/ptolemy/actor/lib/test/auto/ConstraintMonitor3.xml
----------------- Instantiating /home/travis/build/icyphy/ptII/ptolemy/actor/lib/test/auto/ConstraintMonitor3.xml
1 ms. Memory: 876544K Free: 526541K (60%)
----------------- Invoking toplevel() on ptolemy.moml.MoMLSimpleApplication@3d54ad8d
----------------- Done invoking toplevel() on ptolemy.moml.MoMLSimpleApplication@3d54ad8d
reloadAllAccessors: .ConstraintMonitor3

===========================================================================================
----------------- testing Thu May 09 04:13:41 UTC 2019 /home/travis/build/icyphy/ptII/ptolemy/actor/lib/test/auto/ConstraintMonitor4.xml
----------------- Instantiating /home/travis/build/icyphy/ptII/ptolemy/actor/lib/test/auto/ConstraintMonitor4.xml
5 ms. Memory: 876544K Free: 508490K (58%)
----------------- Invoking toplevel() on ptolemy.moml.MoMLSimpleApplication@2f579e3e
----------------- Done invoking toplevel() on ptolemy.moml.MoMLSimpleApplication@2f579e3e
reloadAllAccessors: .ConstraintMonitor4

===========================================================================================
----------------- testing Thu May 09 04:13:41 UTC 2019 /home/travis/build/icyphy/ptII/ptolemy/actor/lib/test/auto/ConstraintMonitor5.xml
----------------- Instantiating /home/travis/build/icyphy/ptII/ptolemy/actor/lib/test/auto/ConstraintMonitor5.xml
1 ms. Memory: 876544K Free: 498134K (57%)
----------------- Invoking toplevel() on ptolemy.moml.MoMLSimpleApplication@355de434
----------------- Done invoking toplevel() on ptolemy.moml.MoMLSimpleApplication@355de434
reloadAllAccessors: .ConstraintMonitor5

===========================================================================================
----------------- testing Thu May 09 04:13:41 UTC 2019 /home/travis/build/icyphy/ptII/ptolemy/actor/lib/test/auto/ConstraintMonitor6.xml
----------------- Instantiating /home/travis/build/icyphy/ptII/ptolemy/actor/lib/test/auto/ConstraintMonitor6.xml
4 ms. Memory: 876544K Free: 487778K (56%)
----------------- Invoking toplevel() on ptolemy.moml.MoMLSimpleApplication@209545d7
----------------- Done invoking toplevel() on ptolemy.moml.MoMLSimpleApplication@209545d7
reloadAllAccessors: .ConstraintMonitor6

===========================================================================================
----------------- testing Thu May 09 04:13:41 UTC 2019 /home/travis/build/icyphy/ptII/ptolemy/actor/lib/test/auto/ConstraintMonitor7.xml
----------------- Instantiating /home/travis/build/icyphy/ptII/ptolemy/actor/lib/test/auto/ConstraintMonitor7.xml
2 ms. Memory: 876544K Free: 469726K (54%)
----------------- Invoking toplevel() on ptolemy.moml.MoMLSimpleApplication@24b8f035
----------------- Done invoking toplevel() on ptolemy.moml.MoMLSimpleApplication@24b8f035
reloadAllAccessors: .ConstraintMonitor7

===========================================================================================
----------------- testing Thu May 09 04:13:41 UTC 2019 /home/travis/build/icyphy/ptII/ptolemy/actor/lib/test/auto/ConstraintMonitor8.xml
----------------- Instantiating /home/travis/build/icyphy/ptII/ptolemy/actor/lib/test/auto/ConstraintMonitor8.xml
3 ms. Memory: 876544K Free: 459370K (52%)
----------------- Invoking toplevel() on ptolemy.moml.MoMLSimpleApplication@28567de9
----------------- Done invoking toplevel() on ptolemy.moml.MoMLSimpleApplication@28567de9
reloadAllAccessors: .ConstraintMonitor8

===========================================================================================
----------------- testing Thu May 09 04:13:41 UTC 2019 /home/travis/build/icyphy/ptII/ptolemy/actor/lib/test/auto/Counter.xml
----------------- Instantiating /home/travis/build/icyphy/ptII/ptolemy/actor/lib/test/auto/Counter.xml
2 ms. Memory: 876544K Free: 449014K (51%)
----------------- Invoking toplevel() on ptolemy.moml.MoMLSimpleApplication@6f45e578
----------------- Done invoking toplevel() on ptolemy.moml.MoMLSimpleApplication@6f45e578
reloadAllAccessors: .Counter

===========================================================================================
----------------- testing Thu May 09 04:13:41 UTC 2019 /home/travis/build/icyphy/ptII/ptolemy/actor/lib/test/auto/CurrentTimeSDF.xml
----------------- Instantiating /home/travis/build/icyphy/ptII/ptolemy/actor/lib/test/auto/CurrentTimeSDF.xml
1 ms. Memory: 876544K Free: 430962K (49%)
----------------- Invoking toplevel() on ptolemy.moml.MoMLSimpleApplication@3361bc88
----------------- Done invoking toplevel() on ptolemy.moml.MoMLSimpleApplication@3361bc88
reloadAllAccessors: .CurrentTimeSDF

===========================================================================================
----------------- testing Thu May 09 04:13:41 UTC 2019 /home/travis/build/icyphy/ptII/ptolemy/actor/lib/test/auto/DB.xml
----------------- Instantiating /home/travis/build/icyphy/ptII/ptolemy/actor/lib/test/auto/DB.xml
2 ms. Memory: 876544K Free: 420606K (48%)
----------------- Invoking toplevel() on ptolemy.moml.MoMLSimpleApplication@73f6a8bb
----------------- Done invoking toplevel() on ptolemy.moml.MoMLSimpleApplication@73f6a8bb
reloadAllAccessors: .DB

===========================================================================================
----------------- testing Thu May 09 04:13:41 UTC 2019 /home/travis/build/icyphy/ptII/ptolemy/actor/lib/test/auto/DBDE.xml
----------------- Instantiating /home/travis/build/icyphy/ptII/ptolemy/actor/lib/test/auto/DBDE.xml
2 ms. Memory: 876544K Free: 410250K (47%)
----------------- Invoking toplevel() on ptolemy.moml.MoMLSimpleApplication@2db5fe15
----------------- Done invoking toplevel() on ptolemy.moml.MoMLSimpleApplication@2db5fe15
reloadAllAccessors: .DBDE

===========================================================================================
----------------- testing Thu May 09 04:13:41 UTC 2019 /home/travis/build/icyphy/ptII/ptolemy/actor/lib/test/auto/DateConstructor.xml
----------------- Instantiating /home/travis/build/icyphy/ptII/ptolemy/actor/lib/test/auto/DateConstructor.xml
16 ms. Memory: 876544K Free: 389522K (44%)
----------------- Invoking toplevel() on ptolemy.moml.MoMLSimpleApplication@119f16dc
----------------- Done invoking toplevel() on ptolemy.moml.MoMLSimpleApplication@119f16dc
reloadAllAccessors: .DateConstructor

===========================================================================================
----------------- testing Thu May 09 04:13:41 UTC 2019 /home/travis/build/icyphy/ptII/ptolemy/actor/lib/test/auto/DelayTime.xml
----------------- Instantiating /home/travis/build/icyphy/ptII/ptolemy/actor/lib/test/auto/DelayTime.xml
3 ms. Memory: 876544K Free: 371470K (42%)
----------------- Invoking toplevel() on ptolemy.moml.MoMLSimpleApplication@7d532708
----------------- Done invoking toplevel() on ptolemy.moml.MoMLSimpleApplication@7d532708
reloadAllAccessors: .DelayTime

===========================================================================================
----------------- testing Thu May 09 04:13:41 UTC 2019 /home/travis/build/icyphy/ptII/ptolemy/actor/lib/test/auto/Dictionary1.xml
----------------- Instantiating /home/travis/build/icyphy/ptII/ptolemy/actor/lib/test/auto/Dictionary1.xml
1 ms. Memory: 876544K Free: 361114K (41%)
----------------- Invoking toplevel() on ptolemy.moml.MoMLSimpleApplication@f4e557e
----------------- Done invoking toplevel() on ptolemy.moml.MoMLSimpleApplication@f4e557e
reloadAllAccessors: .Dictionary1

===========================================================================================
----------------- testing Thu May 09 04:13:41 UTC 2019 /home/travis/build/icyphy/ptII/ptolemy/actor/lib/test/auto/Dictionary2.xml
----------------- Instantiating /home/travis/build/icyphy/ptII/ptolemy/actor/lib/test/auto/Dictionary2.xml
3 ms. Memory: 876544K Free: 350758K (40%)
----------------- Invoking toplevel() on ptolemy.moml.MoMLSimpleApplication@19be30b4
----------------- Done invoking toplevel() on ptolemy.moml.MoMLSimpleApplication@19be30b4
reloadAllAccessors: .Dictionary2

===========================================================================================
----------------- testing Thu May 09 04:13:41 UTC 2019 /home/travis/build/icyphy/ptII/ptolemy/actor/lib/test/auto/Dictionary3.xml
----------------- Instantiating /home/travis/build/icyphy/ptII/ptolemy/actor/lib/test/auto/Dictionary3.xml
1 ms. Memory: 876544K Free: 332707K (38%)
----------------- Invoking toplevel() on ptolemy.moml.MoMLSimpleApplication@5cbc784a
----------------- Done invoking toplevel() on ptolemy.moml.MoMLSimpleApplication@5cbc784a
reloadAllAccessors: .Dictionary3

===========================================================================================
----------------- testing Thu May 09 04:13:41 UTC 2019 /home/travis/build/icyphy/ptII/ptolemy/actor/lib/test/auto/Dictionary4.xml
----------------- Instantiating /home/travis/build/icyphy/ptII/ptolemy/actor/lib/test/auto/Dictionary4.xml
3 ms. Memory: 876544K Free: 322351K (37%)
----------------- Invoking toplevel() on ptolemy.moml.MoMLSimpleApplication@653a2a34
----------------- Done invoking toplevel() on ptolemy.moml.MoMLSimpleApplication@653a2a34
reloadAllAccessors: .Dictionary4

===========================================================================================
----------------- testing Thu May 09 04:13:41 UTC 2019 /home/travis/build/icyphy/ptII/ptolemy/actor/lib/test/auto/Differential.xml
----------------- Instantiating /home/travis/build/icyphy/ptII/ptolemy/actor/lib/test/auto/Differential.xml
3 ms. Memory: 876544K Free: 311994K (36%)
----------------- Invoking toplevel() on ptolemy.moml.MoMLSimpleApplication@32d1e226
----------------- Done invoking toplevel() on ptolemy.moml.MoMLSimpleApplication@32d1e226
reloadAllAccessors: .Differential

===========================================================================================
----------------- testing Thu May 09 04:13:41 UTC 2019 /home/travis/build/icyphy/ptII/ptolemy/actor/lib/test/auto/Director.xml
----------------- Instantiating /home/travis/build/icyphy/ptII/ptolemy/actor/lib/test/auto/Director.xml
2 ms. Memory: 876544K Free: 293943K (34%)
----------------- Invoking toplevel() on ptolemy.moml.MoMLSimpleApplication@6d532e6a
----------------- Done invoking toplevel() on ptolemy.moml.MoMLSimpleApplication@6d532e6a
reloadAllAccessors: .Director

===========================================================================================
----------------- testing Thu May 09 04:13:41 UTC 2019 /home/travis/build/icyphy/ptII/ptolemy/actor/lib/test/auto/DiscreteClock.xml
----------------- Instantiating /home/travis/build/icyphy/ptII/ptolemy/actor/lib/test/auto/DiscreteClock.xml
1 ms. Memory: 876544K Free: 283587K (32%)
----------------- Invoking toplevel() on ptolemy.moml.MoMLSimpleApplication@6bc6b96c
----------------- Done invoking toplevel() on ptolemy.moml.MoMLSimpleApplication@6bc6b96c
reloadAllAccessors: .DiscreteClock

===========================================================================================
----------------- testing Thu May 09 04:13:41 UTC 2019 /home/travis/build/icyphy/ptII/ptolemy/actor/lib/test/auto/DiscreteClock10.xml
----------------- Instantiating /home/travis/build/icyphy/ptII/ptolemy/actor/lib/test/auto/DiscreteClock10.xml
4 ms. Memory: 876544K Free: 273231K (31%)
----------------- Invoking toplevel() on ptolemy.moml.MoMLSimpleApplication@3dff4f
----------------- Done invoking toplevel() on ptolemy.moml.MoMLSimpleApplication@3dff4f
reloadAllAccessors: .DiscreteClock10

===========================================================================================
----------------- testing Thu May 09 04:13:41 UTC 2019 /home/travis/build/icyphy/ptII/ptolemy/actor/lib/test/auto/DiscreteClock11.xml
----------------- Instantiating /home/travis/build/icyphy/ptII/ptolemy/actor/lib/test/auto/DiscreteClock11.xml
4 ms. Memory: 876544K Free: 262875K (30%)
----------------- Invoking toplevel() on ptolemy.moml.MoMLSimpleApplication@16216f92
----------------- Done invoking toplevel() on ptolemy.moml.MoMLSimpleApplication@16216f92
reloadAllAccessors: .DiscreteClock11

===========================================================================================
----------------- testing Thu May 09 04:13:41 UTC 2019 /home/travis/build/icyphy/ptII/ptolemy/actor/lib/test/auto/DiscreteClock12.xml
----------------- Instantiating /home/travis/build/icyphy/ptII/ptolemy/actor/lib/test/auto/DiscreteClock12.xml
3 ms. Memory: 876544K Free: 244823K (28%)
----------------- Invoking toplevel() on ptolemy.moml.MoMLSimpleApplication@5e8e138d
----------------- Done invoking toplevel() on ptolemy.moml.MoMLSimpleApplication@5e8e138d
reloadAllAccessors: .DiscreteClock12

===========================================================================================
----------------- testing Thu May 09 04:13:41 UTC 2019 /home/travis/build/icyphy/ptII/ptolemy/actor/lib/test/auto/DiscreteClock13.xml
----------------- Instantiating /home/travis/build/icyphy/ptII/ptolemy/actor/lib/test/auto/DiscreteClock13.xml
2 ms. Memory: 876544K Free: 234467K (27%)
----------------- Invoking toplevel() on ptolemy.moml.MoMLSimpleApplication@5868ac7f
----------------- Done invoking toplevel() on ptolemy.moml.MoMLSimpleApplication@5868ac7f
reloadAllAccessors: .DiscreteClock13

===========================================================================================
----------------- testing Thu May 09 04:13:41 UTC 2019 /home/travis/build/icyphy/ptII/ptolemy/actor/lib/test/auto/DiscreteClock14.xml
----------------- Instantiating /home/travis/build/icyphy/ptII/ptolemy/actor/lib/test/auto/DiscreteClock14.xml
2 ms. Memory: 876544K Free: 224111K (26%)
----------------- Invoking toplevel() on ptolemy.moml.MoMLSimpleApplication@3465e63
----------------- Done invoking toplevel() on ptolemy.moml.MoMLSimpleApplication@3465e63
reloadAllAccessors: .DiscreteClock14

===========================================================================================
----------------- testing Thu May 09 04:13:41 UTC 2019 /home/travis/build/icyphy/ptII/ptolemy/actor/lib/test/auto/DiscreteClock15.xml
----------------- Instantiating /home/travis/build/icyphy/ptII/ptolemy/actor/lib/test/auto/DiscreteClock15.xml
1 ms. Memory: 876544K Free: 206060K (24%)
----------------- Invoking toplevel() on ptolemy.moml.MoMLSimpleApplication@6f2c86b9
----------------- Done invoking toplevel() on ptolemy.moml.MoMLSimpleApplication@6f2c86b9
reloadAllAccessors: .DiscreteClock15

===========================================================================================
----------------- testing Thu May 09 04:13:41 UTC 2019 /home/travis/build/icyphy/ptII/ptolemy/actor/lib/test/auto/DiscreteClock16.xml
----------------- Instantiating /home/travis/build/icyphy/ptII/ptolemy/actor/lib/test/auto/DiscreteClock16.xml
11 ms. Memory: 876544K Free: 190526K (22%)
----------------- Invoking toplevel() on ptolemy.moml.MoMLSimpleApplication@1b0d037c
----------------- Done invoking toplevel() on ptolemy.moml.MoMLSimpleApplication@1b0d037c
reloadAllAccessors: .DiscreteClock16

===========================================================================================
----------------- testing Thu May 09 04:13:41 UTC 2019 /home/travis/build/icyphy/ptII/ptolemy/actor/lib/test/auto/DiscreteClock17.xml
----------------- Instantiating /home/travis/build/icyphy/ptII/ptolemy/actor/lib/test/auto/DiscreteClock17.xml
16 ms. Memory: 876544K Free: 174984K (20%)
----------------- Invoking toplevel() on ptolemy.moml.MoMLSimpleApplication@52a42a2b
----------------- Done invoking toplevel() on ptolemy.moml.MoMLSimpleApplication@52a42a2b
reloadAllAccessors: .DiscreteClock17

===========================================================================================
----------------- testing Thu May 09 04:13:41 UTC 2019 /home/travis/build/icyphy/ptII/ptolemy/actor/lib/test/auto/DiscreteClock18.xml
----------------- Instantiating /home/travis/build/icyphy/ptII/ptolemy/actor/lib/test/auto/DiscreteClock18.xml
8 ms. Memory: 876544K Free: 151738K (17%)
----------------- Invoking toplevel() on ptolemy.moml.MoMLSimpleApplication@2cc9850e
----------------- Done invoking toplevel() on ptolemy.moml.MoMLSimpleApplication@2cc9850e
reloadAllAccessors: .DiscreteClock18

===========================================================================================
----------------- testing Thu May 09 04:13:41 UTC 2019 /home/travis/build/icyphy/ptII/ptolemy/actor/lib/test/auto/DiscreteClock19.xml
----------------- Instantiating /home/travis/build/icyphy/ptII/ptolemy/actor/lib/test/auto/DiscreteClock19.xml
12 ms. Memory: 876544K Free: 136188K (16%)
----------------- Invoking toplevel() on ptolemy.moml.MoMLSimpleApplication@48d655b7
----------------- Done invoking toplevel() on ptolemy.moml.MoMLSimpleApplication@48d655b7
reloadAllAccessors: .DiscreteClock19

===========================================================================================
----------------- testing Thu May 09 04:13:41 UTC 2019 /home/travis/build/icyphy/ptII/ptolemy/actor/lib/test/auto/DiscreteClock2.xml
----------------- Instantiating /home/travis/build/icyphy/ptII/ptolemy/actor/lib/test/auto/DiscreteClock2.xml
6 ms. Memory: 876544K Free: 125832K (14%)
----------------- Invoking toplevel() on ptolemy.moml.MoMLSimpleApplication@12cb6bde
----------------- Done invoking toplevel() on ptolemy.moml.MoMLSimpleApplication@12cb6bde
reloadAllAccessors: .DiscreteClock2

===========================================================================================
----------------- testing Thu May 09 04:13:41 UTC 2019 /home/travis/build/icyphy/ptII/ptolemy/actor/lib/test/auto/DiscreteClock20.xml
----------------- Instantiating /home/travis/build/icyphy/ptII/ptolemy/actor/lib/test/auto/DiscreteClock20.xml
7 ms. Memory: 876544K Free: 115476K (13%)
----------------- Invoking toplevel() on ptolemy.moml.MoMLSimpleApplication@50722273
----------------- Done invoking toplevel() on ptolemy.moml.MoMLSimpleApplication@50722273
reloadAllAccessors: .DiscreteClock20

===========================================================================================
----------------- testing Thu May 09 04:13:41 UTC 2019 /home/travis/build/icyphy/ptII/ptolemy/actor/lib/test/auto/DiscreteClock21.xml
----------------- Instantiating /home/travis/build/icyphy/ptII/ptolemy/actor/lib/test/auto/DiscreteClock21.xml
6 ms. Memory: 876544K Free: 97425K (11%)
----------------- Invoking toplevel() on ptolemy.moml.MoMLSimpleApplication@5691c3b
----------------- Done invoking toplevel() on ptolemy.moml.MoMLSimpleApplication@5691c3b
reloadAllAccessors: .DiscreteClock21

===========================================================================================
----------------- testing Thu May 09 04:13:41 UTC 2019 /home/travis/build/icyphy/ptII/ptolemy/actor/lib/test/auto/DiscreteClock22.xml
----------------- Instantiating /home/travis/build/icyphy/ptII/ptolemy/actor/lib/test/auto/DiscreteClock22.xml
6 ms. Memory: 876544K Free: 87069K (10%)
----------------- Invoking toplevel() on ptolemy.moml.MoMLSimpleApplication@755e3ae2
----------------- Done invoking toplevel() on ptolemy.moml.MoMLSimpleApplication@755e3ae2
reloadAllAccessors: .DiscreteClock22

===========================================================================================
----------------- testing Thu May 09 04:13:41 UTC 2019 /home/travis/build/icyphy/ptII/ptolemy/actor/lib/test/auto/DiscreteClock23.xml
----------------- Instantiating /home/travis/build/icyphy/ptII/ptolemy/actor/lib/test/auto/DiscreteClock23.xml
6 ms. Memory: 876544K Free: 76712K (9%)
----------------- Invoking toplevel() on ptolemy.moml.MoMLSimpleApplication@560c780b
----------------- Done invoking toplevel() on ptolemy.moml.MoMLSimpleApplication@560c780b
reloadAllAccessors: .DiscreteClock23

===========================================================================================
----------------- testing Thu May 09 04:13:41 UTC 2019 /home/travis/build/icyphy/ptII/ptolemy/actor/lib/test/auto/DiscreteClock24.xml
----------------- Instantiating /home/travis/build/icyphy/ptII/ptolemy/actor/lib/test/auto/DiscreteClock24.xml
2 ms. Memory: 876544K Free: 60462K (7%)
----------------- Invoking toplevel() on ptolemy.moml.MoMLSimpleApplication@e218133
----------------- Done invoking toplevel() on ptolemy.moml.MoMLSimpleApplication@e218133
reloadAllAccessors: .DiscreteClock24

===========================================================================================
----------------- testing Thu May 09 04:13:41 UTC 2019 /home/travis/build/icyphy/ptII/ptolemy/actor/lib/test/auto/DiscreteClock4.xml
----------------- Instantiating /home/travis/build/icyphy/ptII/ptolemy/actor/lib/test/auto/DiscreteClock4.xml
2 ms. Memory: 1343488K Free: 1279044K (95%)
----------------- Invoking toplevel() on ptolemy.moml.MoMLSimpleApplication@766b0482
----------------- Done invoking toplevel() on ptolemy.moml.MoMLSimpleApplication@766b0482
reloadAllAccessors: .DiscreteClock4

===========================================================================================
----------------- testing Thu May 09 04:13:41 UTC 2019 /home/travis/build/icyphy/ptII/ptolemy/actor/lib/test/auto/DiscreteClock5.xml
----------------- Instantiating /home/travis/build/icyphy/ptII/ptolemy/actor/lib/test/auto/DiscreteClock5.xml
1 ms. Memory: 1343488K Free: 1253008K (93%)
----------------- Invoking toplevel() on ptolemy.moml.MoMLSimpleApplication@2f64973e
----------------- Done invoking toplevel() on ptolemy.moml.MoMLSimpleApplication@2f64973e
reloadAllAccessors: .DiscreteClock5

===========================================================================================
----------------- testing Thu May 09 04:13:41 UTC 2019 /home/travis/build/icyphy/ptII/ptolemy/actor/lib/test/auto/DiscreteClock6.xml
----------------- Instantiating /home/travis/build/icyphy/ptII/ptolemy/actor/lib/test/auto/DiscreteClock6.xml
1 ms. Memory: 1343488K Free: 1236432K (92%)
----------------- Invoking toplevel() on ptolemy.moml.MoMLSimpleApplication@13e0d3a
----------------- Done invoking toplevel() on ptolemy.moml.MoMLSimpleApplication@13e0d3a
reloadAllAccessors: .DiscreteClock6

===========================================================================================
----------------- testing Thu May 09 04:13:41 UTC 2019 /home/travis/build/icyphy/ptII/ptolemy/actor/lib/test/auto/DiscreteClock7.xml
----------------- Instantiating /home/travis/build/icyphy/ptII/ptolemy/actor/lib/test/auto/DiscreteClock7.xml
1 ms. Memory: 1343488K Free: 1219857K (91%)
----------------- Invoking toplevel() on ptolemy.moml.MoMLSimpleApplication@6f17f3d9
----------------- Done invoking toplevel() on ptolemy.moml.MoMLSimpleApplication@6f17f3d9
reloadAllAccessors: .DiscreteClock7

===========================================================================================
----------------- testing Thu May 09 04:13:41 UTC 2019 /home/travis/build/icyphy/ptII/ptolemy/actor/lib/test/auto/DiscreteClock8.xml
----------------- Instantiating /home/travis/build/icyphy/ptII/ptolemy/actor/lib/test/auto/DiscreteClock8.xml
3 ms. Memory: 1343488K Free: 1203282K (90%)
----------------- Invoking toplevel() on ptolemy.moml.MoMLSimpleApplication@257badc5
----------------- Done invoking toplevel() on ptolemy.moml.MoMLSimpleApplication@257badc5
reloadAllAccessors: .DiscreteClock8

===========================================================================================
----------------- testing Thu May 09 04:13:41 UTC 2019 /home/travis/build/icyphy/ptII/ptolemy/actor/lib/test/auto/DiscreteClock9.xml
----------------- Instantiating /home/travis/build/icyphy/ptII/ptolemy/actor/lib/test/auto/DiscreteClock9.xml
2 ms. Memory: 1343488K Free: 1177245K (88%)
----------------- Invoking toplevel() on ptolemy.moml.MoMLSimpleApplication@66b663df
----------------- Done invoking toplevel() on ptolemy.moml.MoMLSimpleApplication@66b663df
reloadAllAccessors: .DiscreteClock9

===========================================================================================
----------------- testing Thu May 09 04:13:42 UTC 2019 /home/travis/build/icyphy/ptII/ptolemy/actor/lib/test/auto/DisplayArray.xml
----------------- Instantiating /home/travis/build/icyphy/ptII/ptolemy/actor/lib/test/auto/DisplayArray.xml
1 ms. Memory: 1343488K Free: 1160412K (86%)
----------------- Invoking toplevel() on ptolemy.moml.MoMLSimpleApplication@60eec320
----------------- Done invoking toplevel() on ptolemy.moml.MoMLSimpleApplication@60eec320
reloadAllAccessors: .DisplayArray

===========================================================================================
----------------- testing Thu May 09 04:13:42 UTC 2019 /home/travis/build/icyphy/ptII/ptolemy/actor/lib/test/auto/Distributor.xml
----------------- Instantiating /home/travis/build/icyphy/ptII/ptolemy/actor/lib/test/auto/Distributor.xml
2 ms. Memory: 1343488K Free: 1143837K (85%)
----------------- Invoking toplevel() on ptolemy.moml.MoMLSimpleApplication@48b121be
----------------- Done invoking toplevel() on ptolemy.moml.MoMLSimpleApplication@48b121be
reloadAllAccessors: .Distributor

===========================================================================================
----------------- testing Thu May 09 04:13:42 UTC 2019 /home/travis/build/icyphy/ptII/ptolemy/actor/lib/test/auto/Distributor2.xml
----------------- Instantiating /home/travis/build/icyphy/ptII/ptolemy/actor/lib/test/auto/Distributor2.xml
1 ms. Memory: 1343488K Free: 1127262K (84%)
----------------- Invoking toplevel() on ptolemy.moml.MoMLSimpleApplication@c64db2e
----------------- Done invoking toplevel() on ptolemy.moml.MoMLSimpleApplication@c64db2e
reloadAllAccessors: .Distributor2

===========================================================================================
----------------- testing Thu May 09 04:13:42 UTC 2019 /home/travis/build/icyphy/ptII/ptolemy/actor/lib/test/auto/DownSample.xml
----------------- Instantiating /home/travis/build/icyphy/ptII/ptolemy/actor/lib/test/auto/DownSample.xml
1 ms. Memory: 1343488K Free: 1101225K (82%)
----------------- Invoking toplevel() on ptolemy.moml.MoMLSimpleApplication@6200beeb
----------------- Done invoking toplevel() on ptolemy.moml.MoMLSimpleApplication@6200beeb
reloadAllAccessors: .DownSample

===========================================================================================
----------------- testing Thu May 09 04:13:42 UTC 2019 /home/travis/build/icyphy/ptII/ptolemy/actor/lib/test/auto/ElectronicUnitBase1.xml
----------------- Instantiating /home/travis/build/icyphy/ptII/ptolemy/actor/lib/test/auto/ElectronicUnitBase1.xml
18 ms. Memory: 1359360K Free: 1297397K (95%)
----------------- Invoking toplevel() on ptolemy.moml.MoMLSimpleApplication@329432a8
----------------- Done invoking toplevel() on ptolemy.moml.MoMLSimpleApplication@329432a8
reloadAllAccessors: .ElectronicUnitBase1

===========================================================================================
----------------- testing Thu May 09 04:13:42 UTC 2019 /home/travis/build/icyphy/ptII/ptolemy/actor/lib/test/auto/ElementsToArray.xml
----------------- Instantiating /home/travis/build/icyphy/ptII/ptolemy/actor/lib/test/auto/ElementsToArray.xml
3 ms. Memory: 1359360K Free: 1271360K (94%)
----------------- Invoking toplevel() on ptolemy.moml.MoMLSimpleApplication@1af6523
----------------- Done invoking toplevel() on ptolemy.moml.MoMLSimpleApplication@1af6523
reloadAllAccessors: .ElementsToArray

===========================================================================================
----------------- testing Thu May 09 04:13:42 UTC 2019 /home/travis/build/icyphy/ptII/ptolemy/actor/lib/test/auto/Equals.xml
----------------- Instantiating /home/travis/build/icyphy/ptII/ptolemy/actor/lib/test/auto/Equals.xml
3 ms. Memory: 1359360K Free: 1254785K (92%)
----------------- Invoking toplevel() on ptolemy.moml.MoMLSimpleApplication@5d64c643
----------------- Done invoking toplevel() on ptolemy.moml.MoMLSimpleApplication@5d64c643
reloadAllAccessors: .Equals

===========================================================================================
----------------- testing Thu May 09 04:13:42 UTC 2019 /home/travis/build/icyphy/ptII/ptolemy/actor/lib/test/auto/Exec.xml
----------------- Instantiating /home/travis/build/icyphy/ptII/ptolemy/actor/lib/test/auto/Exec.xml
8 ms. Memory: 1359360K Free: 1217491K (90%)
----------------- Invoking toplevel() on ptolemy.moml.MoMLSimpleApplication@10b7e2ea
----------------- Done invoking toplevel() on ptolemy.moml.MoMLSimpleApplication@10b7e2ea
reloadAllAccessors: .Exec

===========================================================================================
----------------- testing Thu May 09 04:13:42 UTC 2019 /home/travis/build/icyphy/ptII/ptolemy/actor/lib/test/auto/ExecEnvironment.xml
----------------- Instantiating /home/travis/build/icyphy/ptII/ptolemy/actor/lib/test/auto/ExecEnvironment.xml
23 ms. Memory: 1359360K Free: 1159477K (85%)
----------------- Invoking toplevel() on ptolemy.moml.MoMLSimpleApplication@7669e0e1
----------------- Done invoking toplevel() on ptolemy.moml.MoMLSimpleApplication@7669e0e1
reloadAllAccessors: .ExecEnvironment

===========================================================================================
----------------- testing Thu May 09 04:13:42 UTC 2019 /home/travis/build/icyphy/ptII/ptolemy/actor/lib/test/auto/ExecNonZeroReturnOutput.xml
----------------- Instantiating /home/travis/build/icyphy/ptII/ptolemy/actor/lib/test/auto/ExecNonZeroReturnOutput.xml
122 ms. Memory: 1359360K Free: 1025701K (75%)
----------------- Invoking toplevel() on ptolemy.moml.MoMLSimpleApplication@7937b206
----------------- Done invoking toplevel() on ptolemy.moml.MoMLSimpleApplication@7937b206
reloadAllAccessors: .ExecNonZeroReturnOutput

===========================================================================================
----------------- testing Thu May 09 04:13:42 UTC 2019 /home/travis/build/icyphy/ptII/ptolemy/actor/lib/test/auto/ExecRunDemos.xml
----------------- Instantiating /home/travis/build/icyphy/ptII/ptolemy/actor/lib/test/auto/ExecRunDemos.xml
Finished: 53 ms. Memory: 116224K Free: 100721K (87%)

Finished: 49 ms. Memory: 116224K Free: 97677K (84%)

Finished: 74 ms. Memory: 116224K Free: 98218K (85%)

Finished: 36 ms. Memory: 116224K Free: 99544K (86%)

Finished: 36 ms. Memory: 116224K Free: 100658K (87%)

9057 ms. Memory: 1359360K Free: 917686K (68%)
----------------- Invoking toplevel() on ptolemy.moml.MoMLSimpleApplication@f9babac
----------------- Done invoking toplevel() on ptolemy.moml.MoMLSimpleApplication@f9babac
reloadAllAccessors: .ExecRunDemos

===========================================================================================
----------------- testing Thu May 09 04:13:51 UTC 2019 /home/travis/build/icyphy/ptII/ptolemy/actor/lib/test/auto/ExecStop.xml
----------------- Instantiating /home/travis/build/icyphy/ptII/ptolemy/actor/lib/test/auto/ExecStop.xml
5010 ms. Memory: 1359360K Free: 702208K (52%)
----------------- Invoking toplevel() on ptolemy.moml.MoMLSimpleApplication@7c5711af
----------------- Done invoking toplevel() on ptolemy.moml.MoMLSimpleApplication@7c5711af
reloadAllAccessors: .ExecStop

===========================================================================================
----------------- testing Thu May 09 04:13:56 UTC 2019 /home/travis/build/icyphy/ptII/ptolemy/actor/lib/test/auto/ExecutionTimeSDF.xml
----------------- Instantiating /home/travis/build/icyphy/ptII/ptolemy/actor/lib/test/auto/ExecutionTimeSDF.xml
Fired ExecutionTime: -1851767296
Fired ExecutionTime: 1000800000
Fired ExecutionTime: -1642567296
6009 ms. Memory: 1359360K Free: 677329K (50%)
----------------- Invoking toplevel() on ptolemy.moml.MoMLSimpleApplication@5264d299
----------------- Done invoking toplevel() on ptolemy.moml.MoMLSimpleApplication@5264d299
reloadAllAccessors: .ExecutionTimeSDF

===========================================================================================
----------------- testing Thu May 09 04:14:03 UTC 2019 /home/travis/build/icyphy/ptII/ptolemy/actor/lib/test/auto/Expression1.xml
----------------- Instantiating /home/travis/build/icyphy/ptII/ptolemy/actor/lib/test/auto/Expression1.xml
10 ms. Memory: 1359360K Free: 651293K (48%)
----------------- Invoking toplevel() on ptolemy.moml.MoMLSimpleApplication@1afd5435
----------------- Done invoking toplevel() on ptolemy.moml.MoMLSimpleApplication@1afd5435
reloadAllAccessors: .Expression1

===========================================================================================
----------------- testing Thu May 09 04:14:03 UTC 2019 /home/travis/build/icyphy/ptII/ptolemy/actor/lib/test/auto/Expression10.xml
----------------- Instantiating /home/travis/build/icyphy/ptII/ptolemy/actor/lib/test/auto/Expression10.xml
4 ms. Memory: 1359360K Free: 634717K (47%)
----------------- Invoking toplevel() on ptolemy.moml.MoMLSimpleApplication@42a093d0
----------------- Done invoking toplevel() on ptolemy.moml.MoMLSimpleApplication@42a093d0
reloadAllAccessors: .Expression10

===========================================================================================
----------------- testing Thu May 09 04:14:03 UTC 2019 /home/travis/build/icyphy/ptII/ptolemy/actor/lib/test/auto/Expression11.xml
----------------- Instantiating /home/travis/build/icyphy/ptII/ptolemy/actor/lib/test/auto/Expression11.xml
2 ms. Memory: 1359360K Free: 618142K (45%)
----------------- Invoking toplevel() on ptolemy.moml.MoMLSimpleApplication@4e2e9d51
----------------- Done invoking toplevel() on ptolemy.moml.MoMLSimpleApplication@4e2e9d51
reloadAllAccessors: .Expression11

===========================================================================================
----------------- testing Thu May 09 04:14:03 UTC 2019 /home/travis/build/icyphy/ptII/ptolemy/actor/lib/test/auto/Expression12.xml
----------------- Instantiating /home/travis/build/icyphy/ptII/ptolemy/actor/lib/test/auto/Expression12.xml
2 ms. Memory: 1359360K Free: 601567K (44%)
----------------- Invoking toplevel() on ptolemy.moml.MoMLSimpleApplication@7de36ba2
----------------- Done invoking toplevel() on ptolemy.moml.MoMLSimpleApplication@7de36ba2
reloadAllAccessors: .Expression12

===========================================================================================
----------------- testing Thu May 09 04:14:03 UTC 2019 /home/travis/build/icyphy/ptII/ptolemy/actor/lib/test/auto/Expression13.xml
----------------- Instantiating /home/travis/build/icyphy/ptII/ptolemy/actor/lib/test/auto/Expression13.xml
3 ms. Memory: 1359360K Free: 575530K (42%)
----------------- Invoking toplevel() on ptolemy.moml.MoMLSimpleApplication@10114730
----------------- Done invoking toplevel() on ptolemy.moml.MoMLSimpleApplication@10114730
reloadAllAccessors: .Expression13

===========================================================================================
----------------- testing Thu May 09 04:14:03 UTC 2019 /home/travis/build/icyphy/ptII/ptolemy/actor/lib/test/auto/Expression14.xml
----------------- Instantiating /home/travis/build/icyphy/ptII/ptolemy/actor/lib/test/auto/Expression14.xml
3 ms. Memory: 1359360K Free: 558955K (41%)
----------------- Invoking toplevel() on ptolemy.moml.MoMLSimpleApplication@ed41d0
----------------- Done invoking toplevel() on ptolemy.moml.MoMLSimpleApplication@ed41d0
reloadAllAccessors: .Expression14

===========================================================================================
----------------- testing Thu May 09 04:14:03 UTC 2019 /home/travis/build/icyphy/ptII/ptolemy/actor/lib/test/auto/Expression15.xml
----------------- Instantiating /home/travis/build/icyphy/ptII/ptolemy/actor/lib/test/auto/Expression15.xml
1 ms. Memory: 1359360K Free: 542380K (40%)
----------------- Invoking toplevel() on ptolemy.moml.MoMLSimpleApplication@3cbb5c69
----------------- Done invoking toplevel() on ptolemy.moml.MoMLSimpleApplication@3cbb5c69
reloadAllAccessors: .Expression15

===========================================================================================
----------------- testing Thu May 09 04:14:03 UTC 2019 /home/travis/build/icyphy/ptII/ptolemy/actor/lib/test/auto/Expression16.xml
----------------- Instantiating /home/travis/build/icyphy/ptII/ptolemy/actor/lib/test/auto/Expression16.xml
2 ms. Memory: 1359360K Free: 525805K (39%)
----------------- Invoking toplevel() on ptolemy.moml.MoMLSimpleApplication@20c58925
----------------- Done invoking toplevel() on ptolemy.moml.MoMLSimpleApplication@20c58925
reloadAllAccessors: .Expression16

===========================================================================================
----------------- testing Thu May 09 04:14:03 UTC 2019 /home/travis/build/icyphy/ptII/ptolemy/actor/lib/test/auto/Expression17.xml
----------------- Instantiating /home/travis/build/icyphy/ptII/ptolemy/actor/lib/test/auto/Expression17.xml
2 ms. Memory: 1359360K Free: 499768K (37%)
----------------- Invoking toplevel() on ptolemy.moml.MoMLSimpleApplication@140513e5
----------------- Done invoking toplevel() on ptolemy.moml.MoMLSimpleApplication@140513e5
reloadAllAccessors: .Expression17

===========================================================================================
----------------- testing Thu May 09 04:14:03 UTC 2019 /home/travis/build/icyphy/ptII/ptolemy/actor/lib/test/auto/Expression18.xml
----------------- Instantiating /home/travis/build/icyphy/ptII/ptolemy/actor/lib/test/auto/Expression18.xml
1 ms. Memory: 1359360K Free: 483193K (36%)
----------------- Invoking toplevel() on ptolemy.moml.MoMLSimpleApplication@4a9d7913
----------------- Done invoking toplevel() on ptolemy.moml.MoMLSimpleApplication@4a9d7913
reloadAllAccessors: .Expression18

===========================================================================================
----------------- testing Thu May 09 04:14:03 UTC 2019 /home/travis/build/icyphy/ptII/ptolemy/actor/lib/test/auto/Expression2.xml
----------------- Instantiating /home/travis/build/icyphy/ptII/ptolemy/actor/lib/test/auto/Expression2.xml
4 ms. Memory: 1359360K Free: 466618K (34%)
----------------- Invoking toplevel() on ptolemy.moml.MoMLSimpleApplication@cea536e
----------------- Done invoking toplevel() on ptolemy.moml.MoMLSimpleApplication@cea536e
reloadAllAccessors: .Expression2

===========================================================================================
----------------- testing Thu May 09 04:14:03 UTC 2019 /home/travis/build/icyphy/ptII/ptolemy/actor/lib/test/auto/Expression3.xml
----------------- Instantiating /home/travis/build/icyphy/ptII/ptolemy/actor/lib/test/auto/Expression3.xml
6 ms. Memory: 1359360K Free: 450042K (33%)
----------------- Invoking toplevel() on ptolemy.moml.MoMLSimpleApplication@20bd1fd0
----------------- Done invoking toplevel() on ptolemy.moml.MoMLSimpleApplication@20bd1fd0
reloadAllAccessors: .Expression3

===========================================================================================
----------------- testing Thu May 09 04:14:03 UTC 2019 /home/travis/build/icyphy/ptII/ptolemy/actor/lib/test/auto/Expression4.xml
----------------- Instantiating /home/travis/build/icyphy/ptII/ptolemy/actor/lib/test/auto/Expression4.xml
3 ms. Memory: 1359360K Free: 424006K (31%)
----------------- Invoking toplevel() on ptolemy.moml.MoMLSimpleApplication@3e0b555e
----------------- Done invoking toplevel() on ptolemy.moml.MoMLSimpleApplication@3e0b555e
reloadAllAccessors: .Expression4

===========================================================================================
----------------- testing Thu May 09 04:14:03 UTC 2019 /home/travis/build/icyphy/ptII/ptolemy/actor/lib/test/auto/Expression5.xml
----------------- Instantiating /home/travis/build/icyphy/ptII/ptolemy/actor/lib/test/auto/Expression5.xml
2 ms. Memory: 1359360K Free: 407430K (30%)
----------------- Invoking toplevel() on ptolemy.moml.MoMLSimpleApplication@4a19148f
----------------- Done invoking toplevel() on ptolemy.moml.MoMLSimpleApplication@4a19148f
reloadAllAccessors: .Expression5

===========================================================================================
----------------- testing Thu May 09 04:14:03 UTC 2019 /home/travis/build/icyphy/ptII/ptolemy/actor/lib/test/auto/Expression6.xml
----------------- Instantiating /home/travis/build/icyphy/ptII/ptolemy/actor/lib/test/auto/Expression6.xml
3 ms. Memory: 1359360K Free: 390855K (29%)
----------------- Invoking toplevel() on ptolemy.moml.MoMLSimpleApplication@76786f7a
----------------- Done invoking toplevel() on ptolemy.moml.MoMLSimpleApplication@76786f7a
reloadAllAccessors: .Expression6

===========================================================================================
----------------- testing Thu May 09 04:14:03 UTC 2019 /home/travis/build/icyphy/ptII/ptolemy/actor/lib/test/auto/Expression7.xml
----------------- Instantiating /home/travis/build/icyphy/ptII/ptolemy/actor/lib/test/auto/Expression7.xml
2 ms. Memory: 1359360K Free: 374280K (28%)
----------------- Invoking toplevel() on ptolemy.moml.MoMLSimpleApplication@4aef299e
----------------- Done invoking toplevel() on ptolemy.moml.MoMLSimpleApplication@4aef299e
reloadAllAccessors: .Expression7

===========================================================================================
----------------- testing Thu May 09 04:14:03 UTC 2019 /home/travis/build/icyphy/ptII/ptolemy/actor/lib/test/auto/Expression8.xml
----------------- Instantiating /home/travis/build/icyphy/ptII/ptolemy/actor/lib/test/auto/Expression8.xml
6 ms. Memory: 1359360K Free: 348243K (26%)
----------------- Invoking toplevel() on ptolemy.moml.MoMLSimpleApplication@1a88fb31
----------------- Done invoking toplevel() on ptolemy.moml.MoMLSimpleApplication@1a88fb31
reloadAllAccessors: .Expression8

===========================================================================================
----------------- testing Thu May 09 04:14:03 UTC 2019 /home/travis/build/icyphy/ptII/ptolemy/actor/lib/test/auto/Expression9.xml
----------------- Instantiating /home/travis/build/icyphy/ptII/ptolemy/actor/lib/test/auto/Expression9.xml
2 ms. Memory: 1359360K Free: 323588K (24%)
----------------- Invoking toplevel() on ptolemy.moml.MoMLSimpleApplication@348f786a
----------------- Done invoking toplevel() on ptolemy.moml.MoMLSimpleApplication@348f786a
reloadAllAccessors: .Expression9

===========================================================================================
----------------- testing Thu May 09 04:14:03 UTC 2019 /home/travis/build/icyphy/ptII/ptolemy/actor/lib/test/auto/ExpressionConcatenateArrayType.xml
----------------- Instantiating /home/travis/build/icyphy/ptII/ptolemy/actor/lib/test/auto/ExpressionConcatenateArrayType.xml
2 ms. Memory: 1359360K Free: 307013K (23%)
----------------- Invoking toplevel() on ptolemy.moml.MoMLSimpleApplication@30333781
----------------- Done invoking toplevel() on ptolemy.moml.MoMLSimpleApplication@30333781
reloadAllAccessors: .ExpressionConcatenateArrayType

===========================================================================================
----------------- testing Thu May 09 04:14:03 UTC 2019 /home/travis/build/icyphy/ptII/ptolemy/actor/lib/test/auto/ExpressionConcatenateArrayType2.xml
----------------- Instantiating /home/travis/build/icyphy/ptII/ptolemy/actor/lib/test/auto/ExpressionConcatenateArrayType2.xml
2 ms. Memory: 1359360K Free: 290437K (21%)
----------------- Invoking toplevel() on ptolemy.moml.MoMLSimpleApplication@41ab04ae
----------------- Done invoking toplevel() on ptolemy.moml.MoMLSimpleApplication@41ab04ae
reloadAllAccessors: .ExpressionConcatenateArrayType2

===========================================================================================
----------------- testing Thu May 09 04:14:03 UTC 2019 /home/travis/build/icyphy/ptII/ptolemy/actor/lib/test/auto/ExpressionFix.xml
----------------- Instantiating /home/travis/build/icyphy/ptII/ptolemy/actor/lib/test/auto/ExpressionFix.xml
8 ms. Memory: 1359360K Free: 264401K (19%)
----------------- Invoking toplevel() on ptolemy.moml.MoMLSimpleApplication@43a5df73
----------------- Done invoking toplevel() on ptolemy.moml.MoMLSimpleApplication@43a5df73
reloadAllAccessors: .ExpressionFix

===========================================================================================
----------------- testing Thu May 09 04:14:03 UTC 2019 /home/travis/build/icyphy/ptII/ptolemy/actor/lib/test/auto/ExpressionFix2.xml
----------------- Instantiating /home/travis/build/icyphy/ptII/ptolemy/actor/lib/test/auto/ExpressionFix2.xml
5 ms. Memory: 1359360K Free: 247826K (18%)
----------------- Invoking toplevel() on ptolemy.moml.MoMLSimpleApplication@763d05d8
----------------- Done invoking toplevel() on ptolemy.moml.MoMLSimpleApplication@763d05d8
reloadAllAccessors: .ExpressionFix2

===========================================================================================
----------------- testing Thu May 09 04:14:03 UTC 2019 /home/travis/build/icyphy/ptII/ptolemy/actor/lib/test/auto/ExpressionFix3.xml
----------------- Instantiating /home/travis/build/icyphy/ptII/ptolemy/actor/lib/test/auto/ExpressionFix3.xml
3 ms. Memory: 1359360K Free: 231250K (17%)
----------------- Invoking toplevel() on ptolemy.moml.MoMLSimpleApplication@6471cca7
----------------- Done invoking toplevel() on ptolemy.moml.MoMLSimpleApplication@6471cca7
reloadAllAccessors: .ExpressionFix3

===========================================================================================
----------------- testing Thu May 09 04:14:03 UTC 2019 /home/travis/build/icyphy/ptII/ptolemy/actor/lib/test/auto/FileWriter1.xml
----------------- Instantiating /home/travis/build/icyphy/ptII/ptolemy/actor/lib/test/auto/FileWriter1.xml
5 ms. Memory: 1359360K Free: 214675K (16%)
----------------- Invoking toplevel() on ptolemy.moml.MoMLSimpleApplication@66191aef
----------------- Done invoking toplevel() on ptolemy.moml.MoMLSimpleApplication@66191aef
reloadAllAccessors: .FileWriter1

===========================================================================================
----------------- testing Thu May 09 04:14:03 UTC 2019 /home/travis/build/icyphy/ptII/ptolemy/actor/lib/test/auto/FileWriter2.xml
----------------- Instantiating /home/travis/build/icyphy/ptII/ptolemy/actor/lib/test/auto/FileWriter2.xml
3 ms. Memory: 1359360K Free: 198100K (15%)
----------------- Invoking toplevel() on ptolemy.moml.MoMLSimpleApplication@385aa29
----------------- Done invoking toplevel() on ptolemy.moml.MoMLSimpleApplication@385aa29
reloadAllAccessors: .FileWriter2

===========================================================================================
----------------- testing Thu May 09 04:14:03 UTC 2019 /home/travis/build/icyphy/ptII/ptolemy/actor/lib/test/auto/FileWriter3.xml
----------------- Instantiating /home/travis/build/icyphy/ptII/ptolemy/actor/lib/test/auto/FileWriter3.xml
3 ms. Memory: 1359360K Free: 172063K (13%)
----------------- Invoking toplevel() on ptolemy.moml.MoMLSimpleApplication@2a1f23c1
----------------- Done invoking toplevel() on ptolemy.moml.MoMLSimpleApplication@2a1f23c1
reloadAllAccessors: .FileWriter3

===========================================================================================
----------------- testing Thu May 09 04:14:03 UTC 2019 /home/travis/build/icyphy/ptII/ptolemy/actor/lib/test/auto/Gaussian.xml
----------------- Instantiating /home/travis/build/icyphy/ptII/ptolemy/actor/lib/test/auto/Gaussian.xml
3 ms. Memory: 1359360K Free: 155488K (11%)
----------------- Invoking toplevel() on ptolemy.moml.MoMLSimpleApplication@4e411d0c
----------------- Done invoking toplevel() on ptolemy.moml.MoMLSimpleApplication@4e411d0c
reloadAllAccessors: .Gaussian

===========================================================================================
----------------- testing Thu May 09 04:14:03 UTC 2019 /home/travis/build/icyphy/ptII/ptolemy/actor/lib/test/auto/Gaussian1.xml
----------------- Instantiating /home/travis/build/icyphy/ptII/ptolemy/actor/lib/test/auto/Gaussian1.xml
4 ms. Memory: 1359360K Free: 138913K (10%)
----------------- Invoking toplevel() on ptolemy.moml.MoMLSimpleApplication@3cc81f6f
----------------- Done invoking toplevel() on ptolemy.moml.MoMLSimpleApplication@3cc81f6f
reloadAllAccessors: .Gaussian1

===========================================================================================
----------------- testing Thu May 09 04:14:03 UTC 2019 /home/travis/build/icyphy/ptII/ptolemy/actor/lib/test/auto/Gaussian2.xml
----------------- Instantiating /home/travis/build/icyphy/ptII/ptolemy/actor/lib/test/auto/Gaussian2.xml
3 ms. Memory: 1359360K Free: 122338K (9%)
----------------- Invoking toplevel() on ptolemy.moml.MoMLSimpleApplication@7a36e518
----------------- Done invoking toplevel() on ptolemy.moml.MoMLSimpleApplication@7a36e518
reloadAllAccessors: .Gaussian2

===========================================================================================
----------------- testing Thu May 09 04:14:03 UTC 2019 /home/travis/build/icyphy/ptII/ptolemy/actor/lib/test/auto/GradientAdaptiveLattice.xml
----------------- Instantiating /home/travis/build/icyphy/ptII/ptolemy/actor/lib/test/auto/GradientAdaptiveLattice.xml
10 ms. Memory: 1359360K Free: 96301K (7%)
----------------- Invoking toplevel() on ptolemy.moml.MoMLSimpleApplication@64a19f1c
----------------- Done invoking toplevel() on ptolemy.moml.MoMLSimpleApplication@64a19f1c
reloadAllAccessors: .GradientAdaptiveLattice

===========================================================================================
----------------- testing Thu May 09 04:14:03 UTC 2019 /home/travis/build/icyphy/ptII/ptolemy/actor/lib/test/auto/IIR.xml
----------------- Instantiating /home/travis/build/icyphy/ptII/ptolemy/actor/lib/test/auto/IIR.xml
1 ms. Memory: 1359360K Free: 79726K (6%)
----------------- Invoking toplevel() on ptolemy.moml.MoMLSimpleApplication@1d2543eb
----------------- Done invoking toplevel() on ptolemy.moml.MoMLSimpleApplication@1d2543eb
reloadAllAccessors: .IIR

===========================================================================================
----------------- testing Thu May 09 04:14:03 UTC 2019 /home/travis/build/icyphy/ptII/ptolemy/actor/lib/test/auto/InputOutputTransparentPorts.xml
----------------- Instantiating /home/travis/build/icyphy/ptII/ptolemy/actor/lib/test/auto/InputOutputTransparentPorts.xml
1 ms. Memory: 1596416K Free: 1540519K (96%)
----------------- Invoking toplevel() on ptolemy.moml.MoMLSimpleApplication@6a8888e3
----------------- Done invoking toplevel() on ptolemy.moml.MoMLSimpleApplication@6a8888e3
reloadAllAccessors: .InputOutputTransparentPorts

===========================================================================================
----------------- testing Thu May 09 04:14:03 UTC 2019 /home/travis/build/icyphy/ptII/ptolemy/actor/lib/test/auto/Interpolator.xml
----------------- Instantiating /home/travis/build/icyphy/ptII/ptolemy/actor/lib/test/auto/Interpolator.xml
3 ms. Memory: 1596416K Free: 1517408K (95%)
----------------- Invoking toplevel() on ptolemy.moml.MoMLSimpleApplication@6deeff20
----------------- Done invoking toplevel() on ptolemy.moml.MoMLSimpleApplication@6deeff20
reloadAllAccessors: .Interpolator

===========================================================================================
----------------- testing Thu May 09 04:14:03 UTC 2019 /home/travis/build/icyphy/ptII/ptolemy/actor/lib/test/auto/InterpolatorFiringLimitDE.xml
----------------- Instantiating /home/travis/build/icyphy/ptII/ptolemy/actor/lib/test/auto/InterpolatorFiringLimitDE.xml
2 ms. Memory: 1596416K Free: 1502427K (94%)
----------------- Invoking toplevel() on ptolemy.moml.MoMLSimpleApplication@471c65f0
----------------- Done invoking toplevel() on ptolemy.moml.MoMLSimpleApplication@471c65f0
reloadAllAccessors: .InterpolatorFiringLimitDE

===========================================================================================
----------------- testing Thu May 09 04:14:03 UTC 2019 /home/travis/build/icyphy/ptII/ptolemy/actor/lib/test/auto/Lattice.xml
----------------- Instantiating /home/travis/build/icyphy/ptII/ptolemy/actor/lib/test/auto/Lattice.xml
2 ms. Memory: 1596416K Free: 1487446K (93%)
----------------- Invoking toplevel() on ptolemy.moml.MoMLSimpleApplication@32efee83
----------------- Done invoking toplevel() on ptolemy.moml.MoMLSimpleApplication@32efee83
reloadAllAccessors: .Lattice

===========================================================================================
----------------- testing Thu May 09 04:14:03 UTC 2019 /home/travis/build/icyphy/ptII/ptolemy/actor/lib/test/auto/LazyAOCTestLazy.xml
----------------- Instantiating /home/travis/build/icyphy/ptII/ptolemy/actor/lib/test/auto/LazyAOCTestLazy.xml
19 ms. Memory: 1596416K Free: 1464335K (92%)
----------------- Invoking toplevel() on ptolemy.moml.MoMLSimpleApplication@51362883
----------------- Done invoking toplevel() on ptolemy.moml.MoMLSimpleApplication@51362883
reloadAllAccessors: .LazyAOCTestLazy

===========================================================================================
----------------- testing Thu May 09 04:14:03 UTC 2019 /home/travis/build/icyphy/ptII/ptolemy/actor/lib/test/auto/LazyAOCTestNonLazy.xml
----------------- Instantiating /home/travis/build/icyphy/ptII/ptolemy/actor/lib/test/auto/LazyAOCTestNonLazy.xml
8 ms. Memory: 1596416K Free: 1449354K (91%)
----------------- Invoking toplevel() on ptolemy.moml.MoMLSimpleApplication@4083b0d4
----------------- Done invoking toplevel() on ptolemy.moml.MoMLSimpleApplication@4083b0d4
reloadAllAccessors: .LazyAOCTestNonLazy

===========================================================================================
----------------- testing Thu May 09 04:14:03 UTC 2019 /home/travis/build/icyphy/ptII/ptolemy/actor/lib/test/auto/LazyInnerClass.xml
----------------- Instantiating /home/travis/build/icyphy/ptII/ptolemy/actor/lib/test/auto/LazyInnerClass.xml
27 ms. Memory: 1596416K Free: 1434373K (90%)
----------------- Invoking toplevel() on ptolemy.moml.MoMLSimpleApplication@86356fa
----------------- Done invoking toplevel() on ptolemy.moml.MoMLSimpleApplication@86356fa
reloadAllAccessors: .LazyInnerClass

===========================================================================================
----------------- testing Thu May 09 04:14:03 UTC 2019 /home/travis/build/icyphy/ptII/ptolemy/actor/lib/test/auto/LazyPubSub.xml
----------------- Instantiating /home/travis/build/icyphy/ptII/ptolemy/actor/lib/test/auto/LazyPubSub.xml
17 ms. Memory: 1596416K Free: 1419391K (89%)
----------------- Invoking toplevel() on ptolemy.moml.MoMLSimpleApplication@404a253
----------------- Done invoking toplevel() on ptolemy.moml.MoMLSimpleApplication@404a253
reloadAllAccessors: .LazyPubSub

===========================================================================================
----------------- testing Thu May 09 04:14:03 UTC 2019 /home/travis/build/icyphy/ptII/ptolemy/actor/lib/test/auto/LazyPubSub2.xml
----------------- Instantiating /home/travis/build/icyphy/ptII/ptolemy/actor/lib/test/auto/LazyPubSub2.xml
14 ms. Memory: 1596416K Free: 1396079K (87%)
----------------- Invoking toplevel() on ptolemy.moml.MoMLSimpleApplication@28307c99
----------------- Done invoking toplevel() on ptolemy.moml.MoMLSimpleApplication@28307c99
reloadAllAccessors: .LazyPubSub2

===========================================================================================
----------------- testing Thu May 09 04:14:03 UTC 2019 /home/travis/build/icyphy/ptII/ptolemy/actor/lib/test/auto/LazyPubSub3.xml
----------------- Instantiating /home/travis/build/icyphy/ptII/ptolemy/actor/lib/test/auto/LazyPubSub3.xml
8 ms. Memory: 1596416K Free: 1381097K (87%)
----------------- Invoking toplevel() on ptolemy.moml.MoMLSimpleApplication@2acda2a
----------------- Done invoking toplevel() on ptolemy.moml.MoMLSimpleApplication@2acda2a
reloadAllAccessors: .LazyPubSub3

===========================================================================================
----------------- testing Thu May 09 04:14:03 UTC 2019 /home/travis/build/icyphy/ptII/ptolemy/actor/lib/test/auto/LazySubClassModel.xml
----------------- Instantiating /home/travis/build/icyphy/ptII/ptolemy/actor/lib/test/auto/LazySubClassModel.xml
2 ms. Memory: 1596416K Free: 1366116K (86%)
----------------- Invoking toplevel() on ptolemy.moml.MoMLSimpleApplication@55a55bdf
----------------- Done invoking toplevel() on ptolemy.moml.MoMLSimpleApplication@55a55bdf
reloadAllAccessors: .LazySubClassModel

===========================================================================================
----------------- testing Thu May 09 04:14:04 UTC 2019 /home/travis/build/icyphy/ptII/ptolemy/actor/lib/test/auto/LevelCrossTest1.xml
----------------- Instantiating /home/travis/build/icyphy/ptII/ptolemy/actor/lib/test/auto/LevelCrossTest1.xml
1 ms. Memory: 1596416K Free: 1343005K (84%)
----------------- Invoking toplevel() on ptolemy.moml.MoMLSimpleApplication@39508b69
----------------- Done invoking toplevel() on ptolemy.moml.MoMLSimpleApplication@39508b69
reloadAllAccessors: .broken

===========================================================================================
----------------- testing Thu May 09 04:14:04 UTC 2019 /home/travis/build/icyphy/ptII/ptolemy/actor/lib/test/auto/LevelCrossTest10.xml
----------------- Instantiating /home/travis/build/icyphy/ptII/ptolemy/actor/lib/test/auto/LevelCrossTest10.xml
1 ms. Memory: 1596416K Free: 1328024K (83%)
----------------- Invoking toplevel() on ptolemy.moml.MoMLSimpleApplication@4cf2412a
----------------- Done invoking toplevel() on ptolemy.moml.MoMLSimpleApplication@4cf2412a
reloadAllAccessors: .LevelCrossTest10

===========================================================================================
----------------- testing Thu May 09 04:14:04 UTC 2019 /home/travis/build/icyphy/ptII/ptolemy/actor/lib/test/auto/LevelCrossTest11.xml
----------------- Instantiating /home/travis/build/icyphy/ptII/ptolemy/actor/lib/test/auto/LevelCrossTest11.xml
1 ms. Memory: 1596416K Free: 1313043K (82%)
----------------- Invoking toplevel() on ptolemy.moml.MoMLSimpleApplication@1da95f33
----------------- Done invoking toplevel() on ptolemy.moml.MoMLSimpleApplication@1da95f33
reloadAllAccessors: .LevelCrossTest11

===========================================================================================
----------------- testing Thu May 09 04:14:04 UTC 2019 /home/travis/build/icyphy/ptII/ptolemy/actor/lib/test/auto/LevelCrossTest12.xml
----------------- Instantiating /home/travis/build/icyphy/ptII/ptolemy/actor/lib/test/auto/LevelCrossTest12.xml
4 ms. Memory: 1596416K Free: 1298062K (81%)
----------------- Invoking toplevel() on ptolemy.moml.MoMLSimpleApplication@afa8e6e
----------------- Done invoking toplevel() on ptolemy.moml.MoMLSimpleApplication@afa8e6e
reloadAllAccessors: .LevelCrossTest12

===========================================================================================
----------------- testing Thu May 09 04:14:04 UTC 2019 /home/travis/build/icyphy/ptII/ptolemy/actor/lib/test/auto/LevelCrossTest13.xml
----------------- Instantiating /home/travis/build/icyphy/ptII/ptolemy/actor/lib/test/auto/LevelCrossTest13.xml
1 ms. Memory: 1596416K Free: 1274951K (80%)
----------------- Invoking toplevel() on ptolemy.moml.MoMLSimpleApplication@6815ab65
----------------- Done invoking toplevel() on ptolemy.moml.MoMLSimpleApplication@6815ab65
reloadAllAccessors: .LevelCrossTest13

===========================================================================================
----------------- testing Thu May 09 04:14:04 UTC 2019 /home/travis/build/icyphy/ptII/ptolemy/actor/lib/test/auto/LevelCrossTest2.xml
----------------- Instantiating /home/travis/build/icyphy/ptII/ptolemy/actor/lib/test/auto/LevelCrossTest2.xml
2 ms. Memory: 1596416K Free: 1259970K (79%)
----------------- Invoking toplevel() on ptolemy.moml.MoMLSimpleApplication@1d3a431f
----------------- Done invoking toplevel() on ptolemy.moml.MoMLSimpleApplication@1d3a431f
reloadAllAccessors: .broken

===========================================================================================
----------------- testing Thu May 09 04:14:04 UTC 2019 /home/travis/build/icyphy/ptII/ptolemy/actor/lib/test/auto/LevelCrossTest3.xml
----------------- Instantiating /home/travis/build/icyphy/ptII/ptolemy/actor/lib/test/auto/LevelCrossTest3.xml
1 ms. Memory: 1596416K Free: 1244988K (78%)
----------------- Invoking toplevel() on ptolemy.moml.MoMLSimpleApplication@1f5a5464
----------------- Done invoking toplevel() on ptolemy.moml.MoMLSimpleApplication@1f5a5464
reloadAllAccessors: .LevelCrossTest3

===========================================================================================
----------------- testing Thu May 09 04:14:04 UTC 2019 /home/travis/build/icyphy/ptII/ptolemy/actor/lib/test/auto/LevelCrossTest4.xml
----------------- Instantiating /home/travis/build/icyphy/ptII/ptolemy/actor/lib/test/auto/LevelCrossTest4.xml
1 ms. Memory: 1596416K Free: 1221878K (77%)
----------------- Invoking toplevel() on ptolemy.moml.MoMLSimpleApplication@31e448f8
----------------- Done invoking toplevel() on ptolemy.moml.MoMLSimpleApplication@31e448f8
reloadAllAccessors: .broken

===========================================================================================
----------------- testing Thu May 09 04:14:04 UTC 2019 /home/travis/build/icyphy/ptII/ptolemy/actor/lib/test/auto/LevelCrossTest5.xml
----------------- Instantiating /home/travis/build/icyphy/ptII/ptolemy/actor/lib/test/auto/LevelCrossTest5.xml
1 ms. Memory: 1596416K Free: 1206896K (76%)
----------------- Invoking toplevel() on ptolemy.moml.MoMLSimpleApplication@4f84b84b
----------------- Done invoking toplevel() on ptolemy.moml.MoMLSimpleApplication@4f84b84b
reloadAllAccessors: .LevelCrossTest5

===========================================================================================
----------------- testing Thu May 09 04:14:04 UTC 2019 /home/travis/build/icyphy/ptII/ptolemy/actor/lib/test/auto/LevelCrossTest6.xml
----------------- Instantiating /home/travis/build/icyphy/ptII/ptolemy/actor/lib/test/auto/LevelCrossTest6.xml
1 ms. Memory: 1596416K Free: 1191915K (75%)
----------------- Invoking toplevel() on ptolemy.moml.MoMLSimpleApplication@8233fd7
----------------- Done invoking toplevel() on ptolemy.moml.MoMLSimpleApplication@8233fd7
reloadAllAccessors: .LevelCrossTest6

===========================================================================================
----------------- testing Thu May 09 04:14:04 UTC 2019 /home/travis/build/icyphy/ptII/ptolemy/actor/lib/test/auto/LevelCrossTest7.xml
----------------- Instantiating /home/travis/build/icyphy/ptII/ptolemy/actor/lib/test/auto/LevelCrossTest7.xml
1 ms. Memory: 1596416K Free: 1176934K (74%)
----------------- Invoking toplevel() on ptolemy.moml.MoMLSimpleApplication@57eada55
----------------- Done invoking toplevel() on ptolemy.moml.MoMLSimpleApplication@57eada55
reloadAllAccessors: .LevelCrossTest7

===========================================================================================
----------------- testing Thu May 09 04:14:04 UTC 2019 /home/travis/build/icyphy/ptII/ptolemy/actor/lib/test/auto/LevelCrossTest8.xml
----------------- Instantiating /home/travis/build/icyphy/ptII/ptolemy/actor/lib/test/auto/LevelCrossTest8.xml
1 ms. Memory: 1596416K Free: 1153823K (72%)
----------------- Invoking toplevel() on ptolemy.moml.MoMLSimpleApplication@355f5d9c
----------------- Done invoking toplevel() on ptolemy.moml.MoMLSimpleApplication@355f5d9c
reloadAllAccessors: .LevelCrossTest8

===========================================================================================
----------------- testing Thu May 09 04:14:04 UTC 2019 /home/travis/build/icyphy/ptII/ptolemy/actor/lib/test/auto/LevelCrossTest9.xml
----------------- Instantiating /home/travis/build/icyphy/ptII/ptolemy/actor/lib/test/auto/LevelCrossTest9.xml
2 ms. Memory: 1596416K Free: 1138842K (71%)
----------------- Invoking toplevel() on ptolemy.moml.MoMLSimpleApplication@34fd8fd8
----------------- Done invoking toplevel() on ptolemy.moml.MoMLSimpleApplication@34fd8fd8
reloadAllAccessors: .LevelCrossTest9

===========================================================================================
----------------- testing Thu May 09 04:14:04 UTC 2019 /home/travis/build/icyphy/ptII/ptolemy/actor/lib/test/auto/LevinsonDurbin.xml
----------------- Instantiating /home/travis/build/icyphy/ptII/ptolemy/actor/lib/test/auto/LevinsonDurbin.xml
5 ms. Memory: 1596416K Free: 1123861K (70%)
----------------- Invoking toplevel() on ptolemy.moml.MoMLSimpleApplication@73ac4b79
----------------- Done invoking toplevel() on ptolemy.moml.MoMLSimpleApplication@73ac4b79
reloadAllAccessors: .LevinsonDurbin

===========================================================================================
----------------- testing Thu May 09 04:14:04 UTC 2019 /home/travis/build/icyphy/ptII/ptolemy/actor/lib/test/auto/LevinsonDurbin2.xml
----------------- Instantiating /home/travis/build/icyphy/ptII/ptolemy/actor/lib/test/auto/LevinsonDurbin2.xml
3 ms. Memory: 1596416K Free: 1100750K (69%)
----------------- Invoking toplevel() on ptolemy.moml.MoMLSimpleApplication@3fbabfdf
----------------- Done invoking toplevel() on ptolemy.moml.MoMLSimpleApplication@3fbabfdf
reloadAllAccessors: .LevinsonDurbin2

===========================================================================================
----------------- testing Thu May 09 04:14:04 UTC 2019 /home/travis/build/icyphy/ptII/ptolemy/actor/lib/test/auto/LevinsonDurbin3.xml
----------------- Instantiating /home/travis/build/icyphy/ptII/ptolemy/actor/lib/test/auto/LevinsonDurbin3.xml
2 ms. Memory: 1596416K Free: 1085769K (68%)
----------------- Invoking toplevel() on ptolemy.moml.MoMLSimpleApplication@d6b0437
----------------- Done invoking toplevel() on ptolemy.moml.MoMLSimpleApplication@d6b0437
reloadAllAccessors: .LevinsonDurbin3

===========================================================================================
----------------- testing Thu May 09 04:14:04 UTC 2019 /home/travis/build/icyphy/ptII/ptolemy/actor/lib/test/auto/Limiter.xml
----------------- Instantiating /home/travis/build/icyphy/ptII/ptolemy/actor/lib/test/auto/Limiter.xml
4 ms. Memory: 1596416K Free: 1070788K (67%)
----------------- Invoking toplevel() on ptolemy.moml.MoMLSimpleApplication@420c1384
----------------- Done invoking toplevel() on ptolemy.moml.MoMLSimpleApplication@420c1384
reloadAllAccessors: .Limiter

===========================================================================================
----------------- testing Thu May 09 04:14:04 UTC 2019 /home/travis/build/icyphy/ptII/ptolemy/actor/lib/test/auto/LinearDifferenceEquationSystem.xml
----------------- Instantiating /home/travis/build/icyphy/ptII/ptolemy/actor/lib/test/auto/LinearDifferenceEquationSystem.xml
4 ms. Memory: 1596416K Free: 1055806K (66%)
----------------- Invoking toplevel() on ptolemy.moml.MoMLSimpleApplication@29eada29
----------------- Done invoking toplevel() on ptolemy.moml.MoMLSimpleApplication@29eada29
reloadAllAccessors: .LinearDifferenceEquationSystem

===========================================================================================
----------------- testing Thu May 09 04:14:04 UTC 2019 /home/travis/build/icyphy/ptII/ptolemy/actor/lib/test/auto/LookupTable.xml
----------------- Instantiating /home/travis/build/icyphy/ptII/ptolemy/actor/lib/test/auto/LookupTable.xml
2 ms. Memory: 1596416K Free: 1032696K (65%)
----------------- Invoking toplevel() on ptolemy.moml.MoMLSimpleApplication@43b5be19
----------------- Done invoking toplevel() on ptolemy.moml.MoMLSimpleApplication@43b5be19
reloadAllAccessors: .LookupTable

===========================================================================================
----------------- testing Thu May 09 04:14:04 UTC 2019 /home/travis/build/icyphy/ptII/ptolemy/actor/lib/test/auto/MathFunction.xml
----------------- Instantiating /home/travis/build/icyphy/ptII/ptolemy/actor/lib/test/auto/MathFunction.xml
8 ms. Memory: 1596416K Free: 1017714K (64%)
----------------- Invoking toplevel() on ptolemy.moml.MoMLSimpleApplication@7168d743
----------------- Done invoking toplevel() on ptolemy.moml.MoMLSimpleApplication@7168d743
reloadAllAccessors: .MathFunction

===========================================================================================
----------------- testing Thu May 09 04:14:04 UTC 2019 /home/travis/build/icyphy/ptII/ptolemy/actor/lib/test/auto/MathFunction2.xml
----------------- Instantiating /home/travis/build/icyphy/ptII/ptolemy/actor/lib/test/auto/MathFunction2.xml
1 ms. Memory: 1596416K Free: 1002733K (63%)
----------------- Invoking toplevel() on ptolemy.moml.MoMLSimpleApplication@2f5dd243
----------------- Done invoking toplevel() on ptolemy.moml.MoMLSimpleApplication@2f5dd243
reloadAllAccessors: .MathFunction2

===========================================================================================
----------------- testing Thu May 09 04:14:04 UTC 2019 /home/travis/build/icyphy/ptII/ptolemy/actor/lib/test/auto/MathFunction3.xml
----------------- Instantiating /home/travis/build/icyphy/ptII/ptolemy/actor/lib/test/auto/MathFunction3.xml
6 ms. Memory: 1596416K Free: 979622K (61%)
----------------- Invoking toplevel() on ptolemy.moml.MoMLSimpleApplication@22a37f3a
----------------- Done invoking toplevel() on ptolemy.moml.MoMLSimpleApplication@22a37f3a
reloadAllAccessors: .MathFunction3

===========================================================================================
----------------- testing Thu May 09 04:14:04 UTC 2019 /home/travis/build/icyphy/ptII/ptolemy/actor/lib/test/auto/MatrixCropBoolean.xml
----------------- Instantiating /home/travis/build/icyphy/ptII/ptolemy/actor/lib/test/auto/MatrixCropBoolean.xml
2 ms. Memory: 1596416K Free: 964641K (60%)
----------------- Invoking toplevel() on ptolemy.moml.MoMLSimpleApplication@454964b8
----------------- Done invoking toplevel() on ptolemy.moml.MoMLSimpleApplication@454964b8
reloadAllAccessors: .MatrixCropBoolean

===========================================================================================
----------------- testing Thu May 09 04:14:04 UTC 2019 /home/travis/build/icyphy/ptII/ptolemy/actor/lib/test/auto/MatrixCropComplex.xml
----------------- Instantiating /home/travis/build/icyphy/ptII/ptolemy/actor/lib/test/auto/MatrixCropComplex.xml
2 ms. Memory: 1596416K Free: 949660K (59%)
----------------- Invoking toplevel() on ptolemy.moml.MoMLSimpleApplication@7f655feb
----------------- Done invoking toplevel() on ptolemy.moml.MoMLSimpleApplication@7f655feb
reloadAllAccessors: .MatrixCropComplex

===========================================================================================
----------------- testing Thu May 09 04:14:04 UTC 2019 /home/travis/build/icyphy/ptII/ptolemy/actor/lib/test/auto/MatrixCropDouble.xml
----------------- Instantiating /home/travis/build/icyphy/ptII/ptolemy/actor/lib/test/auto/MatrixCropDouble.xml
2 ms. Memory: 1596416K Free: 934679K (59%)
----------------- Invoking toplevel() on ptolemy.moml.MoMLSimpleApplication@44356459
----------------- Done invoking toplevel() on ptolemy.moml.MoMLSimpleApplication@44356459
reloadAllAccessors: .MatrixCropDouble

===========================================================================================
----------------- testing Thu May 09 04:14:04 UTC 2019 /home/travis/build/icyphy/ptII/ptolemy/actor/lib/test/auto/MatrixCropFix.xml
----------------- Instantiating /home/travis/build/icyphy/ptII/ptolemy/actor/lib/test/auto/MatrixCropFix.xml
2 ms. Memory: 1596416K Free: 911568K (57%)
----------------- Invoking toplevel() on ptolemy.moml.MoMLSimpleApplication@5908482a
----------------- Done invoking toplevel() on ptolemy.moml.MoMLSimpleApplication@5908482a
reloadAllAccessors: .MatrixCropFix

===========================================================================================
----------------- testing Thu May 09 04:14:04 UTC 2019 /home/travis/build/icyphy/ptII/ptolemy/actor/lib/test/auto/MatrixCropInt.xml
----------------- Instantiating /home/travis/build/icyphy/ptII/ptolemy/actor/lib/test/auto/MatrixCropInt.xml
4 ms. Memory: 1596416K Free: 896587K (56%)
----------------- Invoking toplevel() on ptolemy.moml.MoMLSimpleApplication@208169d5
----------------- Done invoking toplevel() on ptolemy.moml.MoMLSimpleApplication@208169d5
reloadAllAccessors: .MatrixCropInt

===========================================================================================
----------------- testing Thu May 09 04:14:04 UTC 2019 /home/travis/build/icyphy/ptII/ptolemy/actor/lib/test/auto/MatrixCropLong.xml
----------------- Instantiating /home/travis/build/icyphy/ptII/ptolemy/actor/lib/test/auto/MatrixCropLong.xml
2 ms. Memory: 1596416K Free: 881606K (55%)
----------------- Invoking toplevel() on ptolemy.moml.MoMLSimpleApplication@7e797027
----------------- Done invoking toplevel() on ptolemy.moml.MoMLSimpleApplication@7e797027
reloadAllAccessors: .MatrixCropLong

===========================================================================================
----------------- testing Thu May 09 04:14:04 UTC 2019 /home/travis/build/icyphy/ptII/ptolemy/actor/lib/test/auto/MatrixToArray.xml
----------------- Instantiating /home/travis/build/icyphy/ptII/ptolemy/actor/lib/test/auto/MatrixToArray.xml
7 ms. Memory: 1596416K Free: 851004K (53%)
----------------- Invoking toplevel() on ptolemy.moml.MoMLSimpleApplication@6ca57520
----------------- Done invoking toplevel() on ptolemy.moml.MoMLSimpleApplication@6ca57520
reloadAllAccessors: .MatrixToArray

===========================================================================================
----------------- testing Thu May 09 04:14:04 UTC 2019 /home/travis/build/icyphy/ptII/ptolemy/actor/lib/test/auto/MaxIndex.xml
----------------- Instantiating /home/travis/build/icyphy/ptII/ptolemy/actor/lib/test/auto/MaxIndex.xml
3 ms. Memory: 1596416K Free: 836023K (52%)
----------------- Invoking toplevel() on ptolemy.moml.MoMLSimpleApplication@6d2cade1
----------------- Done invoking toplevel() on ptolemy.moml.MoMLSimpleApplication@6d2cade1
reloadAllAccessors: .MaxIndex

===========================================================================================
----------------- testing Thu May 09 04:14:04 UTC 2019 /home/travis/build/icyphy/ptII/ptolemy/actor/lib/test/auto/Maximum.xml
----------------- Instantiating /home/travis/build/icyphy/ptII/ptolemy/actor/lib/test/auto/Maximum.xml
2 ms. Memory: 1596416K Free: 821042K (51%)
----------------- Invoking toplevel() on ptolemy.moml.MoMLSimpleApplication@1060c36a
----------------- Done invoking toplevel() on ptolemy.moml.MoMLSimpleApplication@1060c36a
reloadAllAccessors: .Maximum

===========================================================================================
----------------- testing Thu May 09 04:14:04 UTC 2019 /home/travis/build/icyphy/ptII/ptolemy/actor/lib/test/auto/MaximumComplex.xml
----------------- Instantiating /home/travis/build/icyphy/ptII/ptolemy/actor/lib/test/auto/MaximumComplex.xml
4 ms. Memory: 1596416K Free: 806061K (50%)
----------------- Invoking toplevel() on ptolemy.moml.MoMLSimpleApplication@3d835e76
----------------- Done invoking toplevel() on ptolemy.moml.MoMLSimpleApplication@3d835e76
reloadAllAccessors: .MaximumComplex

===========================================================================================
----------------- testing Thu May 09 04:14:04 UTC 2019 /home/travis/build/icyphy/ptII/ptolemy/actor/lib/test/auto/MethodCallTest.xml
----------------- Instantiating /home/travis/build/icyphy/ptII/ptolemy/actor/lib/test/auto/MethodCallTest.xml
5 ms. Memory: 1596416K Free: 782950K (49%)
----------------- Invoking toplevel() on ptolemy.moml.MoMLSimpleApplication@11591268
----------------- Done invoking toplevel() on ptolemy.moml.MoMLSimpleApplication@11591268
reloadAllAccessors: .MethodCallTest

===========================================================================================
----------------- testing Thu May 09 04:14:04 UTC 2019 /home/travis/build/icyphy/ptII/ptolemy/actor/lib/test/auto/Minimum.xml
----------------- Instantiating /home/travis/build/icyphy/ptII/ptolemy/actor/lib/test/auto/Minimum.xml
2 ms. Memory: 1596416K Free: 767969K (48%)
----------------- Invoking toplevel() on ptolemy.moml.MoMLSimpleApplication@779d5a80
----------------- Done invoking toplevel() on ptolemy.moml.MoMLSimpleApplication@779d5a80
reloadAllAccessors: .Minimum

===========================================================================================
----------------- testing Thu May 09 04:14:04 UTC 2019 /home/travis/build/icyphy/ptII/ptolemy/actor/lib/test/auto/MinimumComplex.xml
----------------- Instantiating /home/travis/build/icyphy/ptII/ptolemy/actor/lib/test/auto/MinimumComplex.xml
2 ms. Memory: 1596416K Free: 752988K (47%)
----------------- Invoking toplevel() on ptolemy.moml.MoMLSimpleApplication@7d1fcf5c
----------------- Done invoking toplevel() on ptolemy.moml.MoMLSimpleApplication@7d1fcf5c
reloadAllAccessors: .MinimumComplex

===========================================================================================
----------------- testing Thu May 09 04:14:04 UTC 2019 /home/travis/build/icyphy/ptII/ptolemy/actor/lib/test/auto/MinimumMultiports.xml
----------------- Instantiating /home/travis/build/icyphy/ptII/ptolemy/actor/lib/test/auto/MinimumMultiports.xml
4 ms. Memory: 1596416K Free: 729877K (46%)
----------------- Invoking toplevel() on ptolemy.moml.MoMLSimpleApplication@7b4fb790
----------------- Done invoking toplevel() on ptolemy.moml.MoMLSimpleApplication@7b4fb790
reloadAllAccessors: .MinimumMultiports

===========================================================================================
----------------- testing Thu May 09 04:14:04 UTC 2019 /home/travis/build/icyphy/ptII/ptolemy/actor/lib/test/auto/ModifyDate.xml
----------------- Instantiating /home/travis/build/icyphy/ptII/ptolemy/actor/lib/test/auto/ModifyDate.xml
10 ms. Memory: 1596416K Free: 707389K (44%)
----------------- Invoking toplevel() on ptolemy.moml.MoMLSimpleApplication@6e2d532e
----------------- Done invoking toplevel() on ptolemy.moml.MoMLSimpleApplication@6e2d532e
reloadAllAccessors: .ModifyDate

===========================================================================================
----------------- testing Thu May 09 04:14:04 UTC 2019 /home/travis/build/icyphy/ptII/ptolemy/actor/lib/test/auto/ModifyDate2.xml
----------------- Instantiating /home/travis/build/icyphy/ptII/ptolemy/actor/lib/test/auto/ModifyDate2.xml
6 ms. Memory: 1596416K Free: 684902K (43%)
----------------- Invoking toplevel() on ptolemy.moml.MoMLSimpleApplication@7e005553
----------------- Done invoking toplevel() on ptolemy.moml.MoMLSimpleApplication@7e005553
reloadAllAccessors: .ModifyDate2

===========================================================================================
----------------- testing Thu May 09 04:14:04 UTC 2019 /home/travis/build/icyphy/ptII/ptolemy/actor/lib/test/auto/MovingAverage.xml
----------------- Instantiating /home/travis/build/icyphy/ptII/ptolemy/actor/lib/test/auto/MovingAverage.xml
1 ms. Memory: 1596416K Free: 669920K (42%)
----------------- Invoking toplevel() on ptolemy.moml.MoMLSimpleApplication@4015135
----------------- Done invoking toplevel() on ptolemy.moml.MoMLSimpleApplication@4015135
reloadAllAccessors: .MovingAverage

===========================================================================================
----------------- testing Thu May 09 04:14:04 UTC 2019 /home/travis/build/icyphy/ptII/ptolemy/actor/lib/test/auto/MovingMaximum.xml
----------------- Instantiating /home/travis/build/icyphy/ptII/ptolemy/actor/lib/test/auto/MovingMaximum.xml
2 ms. Memory: 1596416K Free: 646810K (41%)
----------------- Invoking toplevel() on ptolemy.moml.MoMLSimpleApplication@53f69853
----------------- Done invoking toplevel() on ptolemy.moml.MoMLSimpleApplication@53f69853
reloadAllAccessors: .MovingMaximum

===========================================================================================
----------------- testing Thu May 09 04:14:04 UTC 2019 /home/travis/build/icyphy/ptII/ptolemy/actor/lib/test/auto/MultipleLinksToSameRelation.xml
----------------- Instantiating /home/travis/build/icyphy/ptII/ptolemy/actor/lib/test/auto/MultipleLinksToSameRelation.xml
3 ms. Memory: 1596416K Free: 631829K (40%)
----------------- Invoking toplevel() on ptolemy.moml.MoMLSimpleApplication@96def31
----------------- Done invoking toplevel() on ptolemy.moml.MoMLSimpleApplication@96def31
reloadAllAccessors: .MultipleLinksToSameRelation

===========================================================================================
----------------- testing Thu May 09 04:14:04 UTC 2019 /home/travis/build/icyphy/ptII/ptolemy/actor/lib/test/auto/MultipleLinksToSameRelationDE.xml
----------------- Instantiating /home/travis/build/icyphy/ptII/ptolemy/actor/lib/test/auto/MultipleLinksToSameRelationDE.xml
5 ms. Memory: 1596416K Free: 616848K (39%)
----------------- Invoking toplevel() on ptolemy.moml.MoMLSimpleApplication@4769f5f9
----------------- Done invoking toplevel() on ptolemy.moml.MoMLSimpleApplication@4769f5f9
reloadAllAccessors: .MultipleLinksToSameRelationDE

===========================================================================================
----------------- testing Thu May 09 04:14:04 UTC 2019 /home/travis/build/icyphy/ptII/ptolemy/actor/lib/test/auto/Multiplexor.xml
----------------- Instantiating /home/travis/build/icyphy/ptII/ptolemy/actor/lib/test/auto/Multiplexor.xml
1 ms. Memory: 1596416K Free: 593737K (37%)
----------------- Invoking toplevel() on ptolemy.moml.MoMLSimpleApplication@462e20f9
----------------- Done invoking toplevel() on ptolemy.moml.MoMLSimpleApplication@462e20f9
reloadAllAccessors: .Multiplexor

===========================================================================================
----------------- testing Thu May 09 04:14:04 UTC 2019 /home/travis/build/icyphy/ptII/ptolemy/actor/lib/test/auto/Multiplexor1.xml
----------------- Instantiating /home/travis/build/icyphy/ptII/ptolemy/actor/lib/test/auto/Multiplexor1.xml
2 ms. Memory: 1596416K Free: 578756K (36%)
----------------- Invoking toplevel() on ptolemy.moml.MoMLSimpleApplication@59a8c784
----------------- Done invoking toplevel() on ptolemy.moml.MoMLSimpleApplication@59a8c784
reloadAllAccessors: .Multiplexor1

===========================================================================================
----------------- testing Thu May 09 04:14:04 UTC 2019 /home/travis/build/icyphy/ptII/ptolemy/actor/lib/test/auto/Multiplexor2.xml
----------------- Instantiating /home/travis/build/icyphy/ptII/ptolemy/actor/lib/test/auto/Multiplexor2.xml
7 ms. Memory: 1596416K Free: 563775K (35%)
----------------- Invoking toplevel() on ptolemy.moml.MoMLSimpleApplication@25fa4bc1
----------------- Done invoking toplevel() on ptolemy.moml.MoMLSimpleApplication@25fa4bc1
reloadAllAccessors: .Multiplexor2

===========================================================================================
----------------- testing Thu May 09 04:14:04 UTC 2019 /home/travis/build/icyphy/ptII/ptolemy/actor/lib/test/auto/Multiplexor3.xml
----------------- Instantiating /home/travis/build/icyphy/ptII/ptolemy/actor/lib/test/auto/Multiplexor3.xml
2 ms. Memory: 1596416K Free: 540664K (34%)
----------------- Invoking toplevel() on ptolemy.moml.MoMLSimpleApplication@47c25b7b
----------------- Done invoking toplevel() on ptolemy.moml.MoMLSimpleApplication@47c25b7b
reloadAllAccessors: .Multiplexor3

===========================================================================================
----------------- testing Thu May 09 04:14:05 UTC 2019 /home/travis/build/icyphy/ptII/ptolemy/actor/lib/test/auto/MultiplexorDE.xml
----------------- Instantiating /home/travis/build/icyphy/ptII/ptolemy/actor/lib/test/auto/MultiplexorDE.xml
5 ms. Memory: 1596416K Free: 525683K (33%)
----------------- Invoking toplevel() on ptolemy.moml.MoMLSimpleApplication@ab01908
----------------- Done invoking toplevel() on ptolemy.moml.MoMLSimpleApplication@ab01908
reloadAllAccessors: .MultiplexorDE

===========================================================================================
----------------- testing Thu May 09 04:14:05 UTC 2019 /home/travis/build/icyphy/ptII/ptolemy/actor/lib/test/auto/MultiportBroadcastTest.xml
----------------- Instantiating /home/travis/build/icyphy/ptII/ptolemy/actor/lib/test/auto/MultiportBroadcastTest.xml
94 ms. Memory: 1596416K Free: 510702K (32%)
----------------- Invoking toplevel() on ptolemy.moml.MoMLSimpleApplication@2a67db20
----------------- Done invoking toplevel() on ptolemy.moml.MoMLSimpleApplication@2a67db20
reloadAllAccessors: .MultiportBroadcastTest

===========================================================================================
----------------- testing Thu May 09 04:14:05 UTC 2019 /home/travis/build/icyphy/ptII/ptolemy/actor/lib/test/auto/MultiportOutHangDuringGetWidth.xml
----------------- Instantiating /home/travis/build/icyphy/ptII/ptolemy/actor/lib/test/auto/MultiportOutHangDuringGetWidth.xml
9 ms. Memory: 1596416K Free: 488214K (31%)
----------------- Invoking toplevel() on ptolemy.moml.MoMLSimpleApplication@1fa9663
----------------- Done invoking toplevel() on ptolemy.moml.MoMLSimpleApplication@1fa9663
reloadAllAccessors: .MultiportOutHangDuringGetWidth

===========================================================================================
----------------- testing Thu May 09 04:14:05 UTC 2019 /home/travis/build/icyphy/ptII/ptolemy/actor/lib/test/auto/NilToken.xml
----------------- Instantiating /home/travis/build/icyphy/ptII/ptolemy/actor/lib/test/auto/NilToken.xml
2 ms. Memory: 1596416K Free: 465103K (29%)
----------------- Invoking toplevel() on ptolemy.moml.MoMLSimpleApplication@20123c40
----------------- Done invoking toplevel() on ptolemy.moml.MoMLSimpleApplication@20123c40
reloadAllAccessors: .NilToken

===========================================================================================
----------------- testing Thu May 09 04:14:05 UTC 2019 /home/travis/build/icyphy/ptII/ptolemy/actor/lib/test/auto/NilTokenNonStrictTest.xml
----------------- Instantiating /home/travis/build/icyphy/ptII/ptolemy/actor/lib/test/auto/NilTokenNonStrictTest.xml
3 ms. Memory: 1596416K Free: 450122K (28%)
----------------- Invoking toplevel() on ptolemy.moml.MoMLSimpleApplication@526f962a
----------------- Done invoking toplevel() on ptolemy.moml.MoMLSimpleApplication@526f962a
reloadAllAccessors: .NilTokenNonStrictTest

===========================================================================================
----------------- testing Thu May 09 04:14:05 UTC 2019 /home/travis/build/icyphy/ptII/ptolemy/actor/lib/test/auto/NilTokenRecord.xml
----------------- Instantiating /home/travis/build/icyphy/ptII/ptolemy/actor/lib/test/auto/NilTokenRecord.xml
5 ms. Memory: 1596416K Free: 435141K (27%)
----------------- Invoking toplevel() on ptolemy.moml.MoMLSimpleApplication@32ea3e6a
----------------- Done invoking toplevel() on ptolemy.moml.MoMLSimpleApplication@32ea3e6a
reloadAllAccessors: .NilTokenRecord

===========================================================================================
----------------- testing Thu May 09 04:14:05 UTC 2019 /home/travis/build/icyphy/ptII/ptolemy/actor/lib/test/auto/NilTokenTypeTest.xml
----------------- Instantiating /home/travis/build/icyphy/ptII/ptolemy/actor/lib/test/auto/NilTokenTypeTest.xml
4 ms. Memory: 1596416K Free: 404524K (25%)
----------------- Invoking toplevel() on ptolemy.moml.MoMLSimpleApplication@68989011
----------------- Done invoking toplevel() on ptolemy.moml.MoMLSimpleApplication@68989011
reloadAllAccessors: .NilTokenTypeTest

===========================================================================================
----------------- testing Thu May 09 04:14:05 UTC 2019 /home/travis/build/icyphy/ptII/ptolemy/actor/lib/test/auto/ObjectToken1.xml
----------------- Instantiating /home/travis/build/icyphy/ptII/ptolemy/actor/lib/test/auto/ObjectToken1.xml
2 ms. Memory: 1596416K Free: 389542K (24%)
----------------- Invoking toplevel() on ptolemy.moml.MoMLSimpleApplication@b47a9e1
----------------- Done invoking toplevel() on ptolemy.moml.MoMLSimpleApplication@b47a9e1
reloadAllAccessors: .ObjectToken1

===========================================================================================
----------------- testing Thu May 09 04:14:05 UTC 2019 /home/travis/build/icyphy/ptII/ptolemy/actor/lib/test/auto/OrderedMerge.xml
----------------- Instantiating /home/travis/build/icyphy/ptII/ptolemy/actor/lib/test/auto/OrderedMerge.xml
6 ms. Memory: 1596416K Free: 344599K (22%)
----------------- Invoking toplevel() on ptolemy.moml.MoMLSimpleApplication@7f095bbd
----------------- Done invoking toplevel() on ptolemy.moml.MoMLSimpleApplication@7f095bbd
reloadAllAccessors: .OrderedMerge

===========================================================================================
----------------- testing Thu May 09 04:14:05 UTC 2019 /home/travis/build/icyphy/ptII/ptolemy/actor/lib/test/auto/OrderedRecordDisassembler.xml
----------------- Instantiating /home/travis/build/icyphy/ptII/ptolemy/actor/lib/test/auto/OrderedRecordDisassembler.xml
4 ms. Memory: 1596416K Free: 329618K (21%)
----------------- Invoking toplevel() on ptolemy.moml.MoMLSimpleApplication@5a83abdd
----------------- Done invoking toplevel() on ptolemy.moml.MoMLSimpleApplication@5a83abdd
reloadAllAccessors: .OrderedRecordDisassembler

===========================================================================================
----------------- testing Thu May 09 04:14:05 UTC 2019 /home/travis/build/icyphy/ptII/ptolemy/actor/lib/test/auto/OrderedRecordDisassembler2.xml
----------------- Instantiating /home/travis/build/icyphy/ptII/ptolemy/actor/lib/test/auto/OrderedRecordDisassembler2.xml
5 ms. Memory: 1596416K Free: 306507K (19%)
----------------- Invoking toplevel() on ptolemy.moml.MoMLSimpleApplication@2c8ed4be
----------------- Done invoking toplevel() on ptolemy.moml.MoMLSimpleApplication@2c8ed4be
reloadAllAccessors: .OrderedRecordDisassembler2

===========================================================================================
----------------- testing Thu May 09 04:14:05 UTC 2019 /home/travis/build/icyphy/ptII/ptolemy/actor/lib/test/auto/OrderedRecordUpdater.xml
----------------- Instantiating /home/travis/build/icyphy/ptII/ptolemy/actor/lib/test/auto/OrderedRecordUpdater.xml
2 ms. Memory: 1596416K Free: 291526K (18%)
----------------- Invoking toplevel() on ptolemy.moml.MoMLSimpleApplication@615de17c
----------------- Done invoking toplevel() on ptolemy.moml.MoMLSimpleApplication@615de17c
reloadAllAccessors: .RecordUpdater

===========================================================================================
----------------- testing Thu May 09 04:14:05 UTC 2019 /home/travis/build/icyphy/ptII/ptolemy/actor/lib/test/auto/OrderedRecordUpdater2.xml
----------------- Instantiating /home/travis/build/icyphy/ptII/ptolemy/actor/lib/test/auto/OrderedRecordUpdater2.xml
5 ms. Memory: 1596416K Free: 276545K (17%)
----------------- Invoking toplevel() on ptolemy.moml.MoMLSimpleApplication@114af851
----------------- Done invoking toplevel() on ptolemy.moml.MoMLSimpleApplication@114af851
reloadAllAccessors: .RecordUpdater2

===========================================================================================
----------------- testing Thu May 09 04:14:05 UTC 2019 /home/travis/build/icyphy/ptII/ptolemy/actor/lib/test/auto/PhaseUnwrap.xml
----------------- Instantiating /home/travis/build/icyphy/ptII/ptolemy/actor/lib/test/auto/PhaseUnwrap.xml
2 ms. Memory: 1596416K Free: 253434K (16%)
----------------- Invoking toplevel() on ptolemy.moml.MoMLSimpleApplication@4475297c
----------------- Done invoking toplevel() on ptolemy.moml.MoMLSimpleApplication@4475297c
reloadAllAccessors: .PhaseUnwrap

===========================================================================================
----------------- testing Thu May 09 04:14:05 UTC 2019 /home/travis/build/icyphy/ptII/ptolemy/actor/lib/test/auto/PoissonClock.xml
----------------- Instantiating /home/travis/build/icyphy/ptII/ptolemy/actor/lib/test/auto/PoissonClock.xml
2 ms. Memory: 1596416K Free: 238453K (15%)
----------------- Invoking toplevel() on ptolemy.moml.MoMLSimpleApplication@30451712
----------------- Done invoking toplevel() on ptolemy.moml.MoMLSimpleApplication@30451712
reloadAllAccessors: .PoissonClock

===========================================================================================
----------------- testing Thu May 09 04:14:05 UTC 2019 /home/travis/build/icyphy/ptII/ptolemy/actor/lib/test/auto/PoissonClock2.xml
----------------- Instantiating /home/travis/build/icyphy/ptII/ptolemy/actor/lib/test/auto/PoissonClock2.xml
1 ms. Memory: 1596416K Free: 223472K (14%)
----------------- Invoking toplevel() on ptolemy.moml.MoMLSimpleApplication@738e7d41
----------------- Done invoking toplevel() on ptolemy.moml.MoMLSimpleApplication@738e7d41
reloadAllAccessors: .PoissonClock2

===========================================================================================
----------------- testing Thu May 09 04:14:05 UTC 2019 /home/travis/build/icyphy/ptII/ptolemy/actor/lib/test/auto/PoissonClock3.xml
----------------- Instantiating /home/travis/build/icyphy/ptII/ptolemy/actor/lib/test/auto/PoissonClock3.xml
2 ms. Memory: 1596416K Free: 208490K (13%)
----------------- Invoking toplevel() on ptolemy.moml.MoMLSimpleApplication@6dd54a02
----------------- Done invoking toplevel() on ptolemy.moml.MoMLSimpleApplication@6dd54a02
reloadAllAccessors: .PoissonClock3

===========================================================================================
----------------- testing Thu May 09 04:14:05 UTC 2019 /home/travis/build/icyphy/ptII/ptolemy/actor/lib/test/auto/PubSubWithInitialTokens.xml
----------------- Instantiating /home/travis/build/icyphy/ptII/ptolemy/actor/lib/test/auto/PubSubWithInitialTokens.xml
3 ms. Memory: 1596416K Free: 185380K (12%)
----------------- Invoking toplevel() on ptolemy.moml.MoMLSimpleApplication@2c061ca8
----------------- Done invoking toplevel() on ptolemy.moml.MoMLSimpleApplication@2c061ca8
reloadAllAccessors: .PubSubWithInitialTokens

===========================================================================================
----------------- testing Thu May 09 04:14:05 UTC 2019 /home/travis/build/icyphy/ptII/ptolemy/actor/lib/test/auto/PubSubWithInitialTokens2.xml
----------------- Instantiating /home/travis/build/icyphy/ptII/ptolemy/actor/lib/test/auto/PubSubWithInitialTokens2.xml
7 ms. Memory: 1596416K Free: 170398K (11%)
----------------- Invoking toplevel() on ptolemy.moml.MoMLSimpleApplication@665909e0
----------------- Done invoking toplevel() on ptolemy.moml.MoMLSimpleApplication@665909e0
reloadAllAccessors: .PubSubWithInitialTokens2

===========================================================================================
----------------- testing Thu May 09 04:14:05 UTC 2019 /home/travis/build/icyphy/ptII/ptolemy/actor/lib/test/auto/PublisherClassNoParameter.xml
----------------- Instantiating /home/travis/build/icyphy/ptII/ptolemy/actor/lib/test/auto/PublisherClassNoParameter.xml
3 ms. Memory: 1596416K Free: 147926K (9%)
----------------- Invoking toplevel() on ptolemy.moml.MoMLSimpleApplication@4f8a77e9
----------------- Done invoking toplevel() on ptolemy.moml.MoMLSimpleApplication@4f8a77e9
reloadAllAccessors: .PublisherClassNoParameter

===========================================================================================
----------------- testing Thu May 09 04:14:05 UTC 2019 /home/travis/build/icyphy/ptII/ptolemy/actor/lib/test/auto/PublisherClassParameter.xml
----------------- Instantiating /home/travis/build/icyphy/ptII/ptolemy/actor/lib/test/auto/PublisherClassParameter.xml
6 ms. Memory: 1596416K Free: 117309K (7%)
----------------- Invoking toplevel() on ptolemy.moml.MoMLSimpleApplication@30dd9bc1
----------------- Done invoking toplevel() on ptolemy.moml.MoMLSimpleApplication@30dd9bc1
reloadAllAccessors: .PublisherClassParameter

===========================================================================================
----------------- testing Thu May 09 04:14:05 UTC 2019 /home/travis/build/icyphy/ptII/ptolemy/actor/lib/test/auto/PublisherNonStrictTest.xml
----------------- Instantiating /home/travis/build/icyphy/ptII/ptolemy/actor/lib/test/auto/PublisherNonStrictTest.xml
4 ms. Memory: 1596416K Free: 102328K (6%)
----------------- Invoking toplevel() on ptolemy.moml.MoMLSimpleApplication@29c4a0a4
----------------- Done invoking toplevel() on ptolemy.moml.MoMLSimpleApplication@29c4a0a4
reloadAllAccessors: .PublisherNonStrictTest

===========================================================================================
----------------- testing Thu May 09 04:14:05 UTC 2019 /home/travis/build/icyphy/ptII/ptolemy/actor/lib/test/auto/PublisherPort1.xml
----------------- Instantiating /home/travis/build/icyphy/ptII/ptolemy/actor/lib/test/auto/PublisherPort1.xml
3 ms. Memory: 1596416K Free: 87347K (5%)
----------------- Invoking toplevel() on ptolemy.moml.MoMLSimpleApplication@10f0ad95
----------------- Done invoking toplevel() on ptolemy.moml.MoMLSimpleApplication@10f0ad95
reloadAllAccessors: .PublisherPort1

===========================================================================================
----------------- testing Thu May 09 04:14:05 UTC 2019 /home/travis/build/icyphy/ptII/ptolemy/actor/lib/test/auto/PublisherPort2.xml
----------------- Instantiating /home/travis/build/icyphy/ptII/ptolemy/actor/lib/test/auto/PublisherPort2.xml
7 ms. Memory: 1596416K Free: 64236K (4%)
----------------- Invoking toplevel() on ptolemy.moml.MoMLSimpleApplication@76df39fd
----------------- Done invoking toplevel() on ptolemy.moml.MoMLSimpleApplication@76df39fd
reloadAllAccessors: .PublisherPort2

===========================================================================================
----------------- testing Thu May 09 04:14:05 UTC 2019 /home/travis/build/icyphy/ptII/ptolemy/actor/lib/test/auto/PublisherPort3.xml
----------------- Instantiating /home/travis/build/icyphy/ptII/ptolemy/actor/lib/test/auto/PublisherPort3.xml
10 ms. Memory: 1766400K Free: 1719366K (97%)
----------------- Invoking toplevel() on ptolemy.moml.MoMLSimpleApplication@66292aaf
----------------- Done invoking toplevel() on ptolemy.moml.MoMLSimpleApplication@66292aaf
reloadAllAccessors: .PublisherPort3

===========================================================================================
----------------- testing Thu May 09 04:14:05 UTC 2019 /home/travis/build/icyphy/ptII/ptolemy/actor/lib/test/auto/PublisherPort4.xml
----------------- Instantiating /home/travis/build/icyphy/ptII/ptolemy/actor/lib/test/auto/PublisherPort4.xml
2 ms. Memory: 1766400K Free: 1691420K (96%)
----------------- Invoking toplevel() on ptolemy.moml.MoMLSimpleApplication@13c3803a
----------------- Done invoking toplevel() on ptolemy.moml.MoMLSimpleApplication@13c3803a
reloadAllAccessors: .PublisherPort4

===========================================================================================
----------------- testing Thu May 09 04:14:05 UTC 2019 /home/travis/build/icyphy/ptII/ptolemy/actor/lib/test/auto/PublisherPort5.xml
----------------- Instantiating /home/travis/build/icyphy/ptII/ptolemy/actor/lib/test/auto/PublisherPort5.xml
4 ms. Memory: 1766400K Free: 1674913K (95%)
----------------- Invoking toplevel() on ptolemy.moml.MoMLSimpleApplication@175ddca7
----------------- Done invoking toplevel() on ptolemy.moml.MoMLSimpleApplication@175ddca7
reloadAllAccessors: .PublisherPort5

===========================================================================================
----------------- testing Thu May 09 04:14:05 UTC 2019 /home/travis/build/icyphy/ptII/ptolemy/actor/lib/test/auto/PublisherPort5LookAlike.xml
----------------- Instantiating /home/travis/build/icyphy/ptII/ptolemy/actor/lib/test/auto/PublisherPort5LookAlike.xml
6 ms. Memory: 1766400K Free: 1658261K (94%)
----------------- Invoking toplevel() on ptolemy.moml.MoMLSimpleApplication@445a3d9b
----------------- Done invoking toplevel() on ptolemy.moml.MoMLSimpleApplication@445a3d9b
reloadAllAccessors: .PublisherPort5LookAlike

===========================================================================================
----------------- testing Thu May 09 04:14:05 UTC 2019 /home/travis/build/icyphy/ptII/ptolemy/actor/lib/test/auto/PublisherPort6.xml
----------------- Instantiating /home/travis/build/icyphy/ptII/ptolemy/actor/lib/test/auto/PublisherPort6.xml
2 ms. Memory: 1766400K Free: 1634442K (93%)
----------------- Invoking toplevel() on ptolemy.moml.MoMLSimpleApplication@14a29bf4
----------------- Done invoking toplevel() on ptolemy.moml.MoMLSimpleApplication@14a29bf4
reloadAllAccessors: .PublisherPort6

===========================================================================================
----------------- testing Thu May 09 04:14:05 UTC 2019 /home/travis/build/icyphy/ptII/ptolemy/actor/lib/test/auto/PublisherPort7.xml
----------------- Instantiating /home/travis/build/icyphy/ptII/ptolemy/actor/lib/test/auto/PublisherPort7.xml
3 ms. Memory: 1766400K Free: 1617935K (92%)
----------------- Invoking toplevel() on ptolemy.moml.MoMLSimpleApplication@37932d4f
----------------- Done invoking toplevel() on ptolemy.moml.MoMLSimpleApplication@37932d4f
reloadAllAccessors: .PublisherPort7

===========================================================================================
----------------- testing Thu May 09 04:14:05 UTC 2019 /home/travis/build/icyphy/ptII/ptolemy/actor/lib/test/auto/PublisherPort8.xml
----------------- Instantiating /home/travis/build/icyphy/ptII/ptolemy/actor/lib/test/auto/PublisherPort8.xml
4 ms. Memory: 1766400K Free: 1601428K (91%)
----------------- Invoking toplevel() on ptolemy.moml.MoMLSimpleApplication@4a40d651
----------------- Done invoking toplevel() on ptolemy.moml.MoMLSimpleApplication@4a40d651
reloadAllAccessors: .PublisherPort8

===========================================================================================
----------------- testing Thu May 09 04:14:05 UTC 2019 /home/travis/build/icyphy/ptII/ptolemy/actor/lib/test/auto/PublisherPortSubscriberChannelVariablesAOC2.xml
----------------- Instantiating /home/travis/build/icyphy/ptII/ptolemy/actor/lib/test/auto/PublisherPortSubscriberChannelVariablesAOC2.xml
3 ms. Memory: 1766400K Free: 1569338K (89%)
----------------- Invoking toplevel() on ptolemy.moml.MoMLSimpleApplication@5784ba2c
----------------- Done invoking toplevel() on ptolemy.moml.MoMLSimpleApplication@5784ba2c
reloadAllAccessors: .PublisherPortSubscriberChannelVariablesAOC2

===========================================================================================
----------------- testing Thu May 09 04:14:05 UTC 2019 /home/travis/build/icyphy/ptII/ptolemy/actor/lib/test/auto/PublisherPortSubscriberOpaqueWidthInference.xml
----------------- Instantiating /home/travis/build/icyphy/ptII/ptolemy/actor/lib/test/auto/PublisherPortSubscriberOpaqueWidthInference.xml
3 ms. Memory: 1766400K Free: 1552831K (88%)
----------------- Invoking toplevel() on ptolemy.moml.MoMLSimpleApplication@21d045d6
----------------- Done invoking toplevel() on ptolemy.moml.MoMLSimpleApplication@21d045d6
reloadAllAccessors: .PublisherPortSubscriberOpaqueWidthInference

===========================================================================================
----------------- testing Thu May 09 04:14:05 UTC 2019 /home/travis/build/icyphy/ptII/ptolemy/actor/lib/test/auto/PublisherPortSubscriberPortAdjacent.xml
----------------- Instantiating /home/travis/build/icyphy/ptII/ptolemy/actor/lib/test/auto/PublisherPortSubscriberPortAdjacent.xml
2 ms. Memory: 1766400K Free: 1536325K (87%)
----------------- Invoking toplevel() on ptolemy.moml.MoMLSimpleApplication@70799393
----------------- Done invoking toplevel() on ptolemy.moml.MoMLSimpleApplication@70799393
reloadAllAccessors: .PublisherPortSubscriberPortAdjacent

===========================================================================================
----------------- testing Thu May 09 04:14:05 UTC 2019 /home/travis/build/icyphy/ptII/ptolemy/actor/lib/test/auto/PublisherPortSubscriberPortExpression.xml
----------------- Instantiating /home/travis/build/icyphy/ptII/ptolemy/actor/lib/test/auto/PublisherPortSubscriberPortExpression.xml
3 ms. Memory: 1766400K Free: 1512505K (86%)
----------------- Invoking toplevel() on ptolemy.moml.MoMLSimpleApplication@5ae3328d
----------------- Done invoking toplevel() on ptolemy.moml.MoMLSimpleApplication@5ae3328d
reloadAllAccessors: .PublisherPortSubscriberPortExpression

===========================================================================================
----------------- testing Thu May 09 04:14:05 UTC 2019 /home/travis/build/icyphy/ptII/ptolemy/actor/lib/test/auto/PublisherPortSubscriberPortOpaqueD3Reverse.xml
----------------- Instantiating /home/travis/build/icyphy/ptII/ptolemy/actor/lib/test/auto/PublisherPortSubscriberPortOpaqueD3Reverse.xml
6 ms. Memory: 1766400K Free: 1495998K (85%)
----------------- Invoking toplevel() on ptolemy.moml.MoMLSimpleApplication@5eb1d972
----------------- Done invoking toplevel() on ptolemy.moml.MoMLSimpleApplication@5eb1d972
reloadAllAccessors: .PublisherPortSubscriberPortOpaqueD3Reverse

===========================================================================================
----------------- testing Thu May 09 04:14:05 UTC 2019 /home/travis/build/icyphy/ptII/ptolemy/actor/lib/test/auto/PublisherPortSubscriberPortOpaqueWidthInference.xml
----------------- Instantiating /home/travis/build/icyphy/ptII/ptolemy/actor/lib/test/auto/PublisherPortSubscriberPortOpaqueWidthInference.xml
3 ms. Memory: 1766400K Free: 1479491K (84%)
----------------- Invoking toplevel() on ptolemy.moml.MoMLSimpleApplication@18ed4539
----------------- Done invoking toplevel() on ptolemy.moml.MoMLSimpleApplication@18ed4539
reloadAllAccessors: .PublisherPortSubscriberPortOpaqueWidthInference

===========================================================================================
----------------- testing Thu May 09 04:14:05 UTC 2019 /home/travis/build/icyphy/ptII/ptolemy/actor/lib/test/auto/PublisherPortToplevelSubscriberPortAOC.xml
----------------- Instantiating /home/travis/build/icyphy/ptII/ptolemy/actor/lib/test/auto/PublisherPortToplevelSubscriberPortAOC.xml
.PublisherPortToplevelSubscriberPortAOC.TestExceptionAttribute: initialize() was not invoked, but wrapup() was.  This is unusual, but not always a problem.  For example, exporting JNLP will do this.
0 ms. Memory: 1766400K Free: 1455671K (82%)
----------------- Invoking toplevel() on ptolemy.moml.MoMLSimpleApplication@4ab99cbe
----------------- Done invoking toplevel() on ptolemy.moml.MoMLSimpleApplication@4ab99cbe
reloadAllAccessors: .PublisherPortToplevelSubscriberPortAOC

===========================================================================================
----------------- testing Thu May 09 04:14:06 UTC 2019 /home/travis/build/icyphy/ptII/ptolemy/actor/lib/test/auto/PublisherSubscriber.xml
----------------- Instantiating /home/travis/build/icyphy/ptII/ptolemy/actor/lib/test/auto/PublisherSubscriber.xml
3 ms. Memory: 1766400K Free: 1439164K (81%)
----------------- Invoking toplevel() on ptolemy.moml.MoMLSimpleApplication@7b697d54
----------------- Done invoking toplevel() on ptolemy.moml.MoMLSimpleApplication@7b697d54
reloadAllAccessors: .PublisherSubscriber

===========================================================================================
----------------- testing Thu May 09 04:14:06 UTC 2019 /home/travis/build/icyphy/ptII/ptolemy/actor/lib/test/auto/PublisherSubscriber10.xml
----------------- Instantiating /home/travis/build/icyphy/ptII/ptolemy/actor/lib/test/auto/PublisherSubscriber10.xml
6 ms. Memory: 1766400K Free: 1422657K (81%)
----------------- Invoking toplevel() on ptolemy.moml.MoMLSimpleApplication@55c90942
----------------- Done invoking toplevel() on ptolemy.moml.MoMLSimpleApplication@55c90942
reloadAllAccessors: .PublisherSubscriber10

===========================================================================================
----------------- testing Thu May 09 04:14:06 UTC 2019 /home/travis/build/icyphy/ptII/ptolemy/actor/lib/test/auto/PublisherSubscriber10InitialOutputs.xml
----------------- Instantiating /home/travis/build/icyphy/ptII/ptolemy/actor/lib/test/auto/PublisherSubscriber10InitialOutputs.xml
12 ms. Memory: 1766400K Free: 1398838K (79%)
----------------- Invoking toplevel() on ptolemy.moml.MoMLSimpleApplication@2d8e64dd
----------------- Done invoking toplevel() on ptolemy.moml.MoMLSimpleApplication@2d8e64dd
reloadAllAccessors: .PublisherSubscriber10InitialOutputs

===========================================================================================
----------------- testing Thu May 09 04:14:06 UTC 2019 /home/travis/build/icyphy/ptII/ptolemy/actor/lib/test/auto/PublisherSubscriber11.xml
----------------- Instantiating /home/travis/build/icyphy/ptII/ptolemy/actor/lib/test/auto/PublisherSubscriber11.xml
3 ms. Memory: 1766400K Free: 1382331K (78%)
----------------- Invoking toplevel() on ptolemy.moml.MoMLSimpleApplication@380b87c4
----------------- Done invoking toplevel() on ptolemy.moml.MoMLSimpleApplication@380b87c4
reloadAllAccessors: .PublisherSubscriber11

===========================================================================================
----------------- testing Thu May 09 04:14:06 UTC 2019 /home/travis/build/icyphy/ptII/ptolemy/actor/lib/test/auto/PublisherSubscriber12.xml
----------------- Instantiating /home/travis/build/icyphy/ptII/ptolemy/actor/lib/test/auto/PublisherSubscriber12.xml
5 ms. Memory: 1766400K Free: 1365824K (77%)
----------------- Invoking toplevel() on ptolemy.moml.MoMLSimpleApplication@73c05ef5
----------------- Done invoking toplevel() on ptolemy.moml.MoMLSimpleApplication@73c05ef5
reloadAllAccessors: .PublisherSubscriber12

===========================================================================================
----------------- testing Thu May 09 04:14:06 UTC 2019 /home/travis/build/icyphy/ptII/ptolemy/actor/lib/test/auto/PublisherSubscriber13.xml
----------------- Instantiating /home/travis/build/icyphy/ptII/ptolemy/actor/lib/test/auto/PublisherSubscriber13.xml
2 ms. Memory: 1766400K Free: 1342004K (76%)
----------------- Invoking toplevel() on ptolemy.moml.MoMLSimpleApplication@47a0509c
----------------- Done invoking toplevel() on ptolemy.moml.MoMLSimpleApplication@47a0509c
reloadAllAccessors: .PublisherSubscriber13

===========================================================================================
----------------- testing Thu May 09 04:14:06 UTC 2019 /home/travis/build/icyphy/ptII/ptolemy/actor/lib/test/auto/PublisherSubscriber14.xml
----------------- Instantiating /home/travis/build/icyphy/ptII/ptolemy/actor/lib/test/auto/PublisherSubscriber14.xml
2 ms. Memory: 1766400K Free: 1325497K (75%)
----------------- Invoking toplevel() on ptolemy.moml.MoMLSimpleApplication@118beb65
----------------- Done invoking toplevel() on ptolemy.moml.MoMLSimpleApplication@118beb65
reloadAllAccessors: .PublisherSubscriber14

===========================================================================================
----------------- testing Thu May 09 04:14:06 UTC 2019 /home/travis/build/icyphy/ptII/ptolemy/actor/lib/test/auto/PublisherSubscriber2.xml
----------------- Instantiating /home/travis/build/icyphy/ptII/ptolemy/actor/lib/test/auto/PublisherSubscriber2.xml
3 ms. Memory: 1766400K Free: 1308990K (74%)
----------------- Invoking toplevel() on ptolemy.moml.MoMLSimpleApplication@55b572dd
----------------- Done invoking toplevel() on ptolemy.moml.MoMLSimpleApplication@55b572dd
reloadAllAccessors: .PublisherSubscriber2

===========================================================================================
----------------- testing Thu May 09 04:14:06 UTC 2019 /home/travis/build/icyphy/ptII/ptolemy/actor/lib/test/auto/PublisherSubscriber3.xml
----------------- Instantiating /home/travis/build/icyphy/ptII/ptolemy/actor/lib/test/auto/PublisherSubscriber3.xml
2 ms. Memory: 1766400K Free: 1285170K (73%)
----------------- Invoking toplevel() on ptolemy.moml.MoMLSimpleApplication@70a6003
----------------- Done invoking toplevel() on ptolemy.moml.MoMLSimpleApplication@70a6003
reloadAllAccessors: .PublisherSubscriber3

===========================================================================================
----------------- testing Thu May 09 04:14:06 UTC 2019 /home/travis/build/icyphy/ptII/ptolemy/actor/lib/test/auto/PublisherSubscriber4.xml
----------------- Instantiating /home/travis/build/icyphy/ptII/ptolemy/actor/lib/test/auto/PublisherSubscriber4.xml
2 ms. Memory: 1766400K Free: 1268663K (72%)
----------------- Invoking toplevel() on ptolemy.moml.MoMLSimpleApplication@1ef80735
----------------- Done invoking toplevel() on ptolemy.moml.MoMLSimpleApplication@1ef80735
reloadAllAccessors: .PublisherSubscriber4

===========================================================================================
----------------- testing Thu May 09 04:14:06 UTC 2019 /home/travis/build/icyphy/ptII/ptolemy/actor/lib/test/auto/PublisherSubscriber5.xml
----------------- Instantiating /home/travis/build/icyphy/ptII/ptolemy/actor/lib/test/auto/PublisherSubscriber5.xml
2 ms. Memory: 1766400K Free: 1252156K (71%)
----------------- Invoking toplevel() on ptolemy.moml.MoMLSimpleApplication@774f3794
----------------- Done invoking toplevel() on ptolemy.moml.MoMLSimpleApplication@774f3794
reloadAllAccessors: .PublisherSubscriber5

===========================================================================================
----------------- testing Thu May 09 04:14:06 UTC 2019 /home/travis/build/icyphy/ptII/ptolemy/actor/lib/test/auto/PublisherSubscriber6.xml
----------------- Instantiating /home/travis/build/icyphy/ptII/ptolemy/actor/lib/test/auto/PublisherSubscriber6.xml
3 ms. Memory: 1766400K Free: 1228337K (70%)
----------------- Invoking toplevel() on ptolemy.moml.MoMLSimpleApplication@41e924e
----------------- Done invoking toplevel() on ptolemy.moml.MoMLSimpleApplication@41e924e
reloadAllAccessors: .PublisherSubscriber6

===========================================================================================
----------------- testing Thu May 09 04:14:06 UTC 2019 /home/travis/build/icyphy/ptII/ptolemy/actor/lib/test/auto/PublisherSubscriber7.xml
----------------- Instantiating /home/travis/build/icyphy/ptII/ptolemy/actor/lib/test/auto/PublisherSubscriber7.xml
6 ms. Memory: 1766400K Free: 1211830K (69%)
----------------- Invoking toplevel() on ptolemy.moml.MoMLSimpleApplication@1b7bf92
----------------- Done invoking toplevel() on ptolemy.moml.MoMLSimpleApplication@1b7bf92
reloadAllAccessors: .PublisherSubscriber7

===========================================================================================
----------------- testing Thu May 09 04:14:06 UTC 2019 /home/travis/build/icyphy/ptII/ptolemy/actor/lib/test/auto/PublisherSubscriber8.xml
----------------- Instantiating /home/travis/build/icyphy/ptII/ptolemy/actor/lib/test/auto/PublisherSubscriber8.xml
22 ms. Memory: 1766400K Free: 1112788K (63%)
----------------- Invoking toplevel() on ptolemy.moml.MoMLSimpleApplication@791091d
----------------- Done invoking toplevel() on ptolemy.moml.MoMLSimpleApplication@791091d
reloadAllAccessors: .PublisherSubscriber8

===========================================================================================
----------------- testing Thu May 09 04:14:06 UTC 2019 /home/travis/build/icyphy/ptII/ptolemy/actor/lib/test/auto/PublisherSubscriber9.xml
----------------- Instantiating /home/travis/build/icyphy/ptII/ptolemy/actor/lib/test/auto/PublisherSubscriber9.xml
2 ms. Memory: 1766400K Free: 1088968K (62%)
----------------- Invoking toplevel() on ptolemy.moml.MoMLSimpleApplication@4d8e76f9
----------------- Done invoking toplevel() on ptolemy.moml.MoMLSimpleApplication@4d8e76f9
reloadAllAccessors: .PublisherSubscriber9

===========================================================================================
----------------- testing Thu May 09 04:14:06 UTC 2019 /home/travis/build/icyphy/ptII/ptolemy/actor/lib/test/auto/PublisherSubscriberAdjacent.xml
----------------- Instantiating /home/travis/build/icyphy/ptII/ptolemy/actor/lib/test/auto/PublisherSubscriberAdjacent.xml
1 ms. Memory: 1766400K Free: 1072462K (61%)
----------------- Invoking toplevel() on ptolemy.moml.MoMLSimpleApplication@347b8d9a
----------------- Done invoking toplevel() on ptolemy.moml.MoMLSimpleApplication@347b8d9a
reloadAllAccessors: .PublisherSubscriberAdjacent

===========================================================================================
----------------- testing Thu May 09 04:14:06 UTC 2019 /home/travis/build/icyphy/ptII/ptolemy/actor/lib/test/auto/PublisherSubscriberChannelVariablesAOC2.xml
----------------- Instantiating /home/travis/build/icyphy/ptII/ptolemy/actor/lib/test/auto/PublisherSubscriberChannelVariablesAOC2.xml
2 ms. Memory: 1766400K Free: 1047685K (59%)
----------------- Invoking toplevel() on ptolemy.moml.MoMLSimpleApplication@1541df19
----------------- Done invoking toplevel() on ptolemy.moml.MoMLSimpleApplication@1541df19
reloadAllAccessors: .PublisherSubscriberChannelVariablesAOC2

===========================================================================================
----------------- testing Thu May 09 04:14:06 UTC 2019 /home/travis/build/icyphy/ptII/ptolemy/actor/lib/test/auto/PublisherSubscriberD3.xml
----------------- Instantiating /home/travis/build/icyphy/ptII/ptolemy/actor/lib/test/auto/PublisherSubscriberD3.xml
2 ms. Memory: 1766400K Free: 1023865K (58%)
----------------- Invoking toplevel() on ptolemy.moml.MoMLSimpleApplication@457524c4
----------------- Done invoking toplevel() on ptolemy.moml.MoMLSimpleApplication@457524c4
reloadAllAccessors: .PublisherSubscriberD3

===========================================================================================
----------------- testing Thu May 09 04:14:06 UTC 2019 /home/travis/build/icyphy/ptII/ptolemy/actor/lib/test/auto/PublisherSubscriberD3Reverse.xml
----------------- Instantiating /home/travis/build/icyphy/ptII/ptolemy/actor/lib/test/auto/PublisherSubscriberD3Reverse.xml
2 ms. Memory: 1766400K Free: 1007359K (57%)
----------------- Invoking toplevel() on ptolemy.moml.MoMLSimpleApplication@45418421
----------------- Done invoking toplevel() on ptolemy.moml.MoMLSimpleApplication@45418421
reloadAllAccessors: .PublisherSubscriberD3Reverse

===========================================================================================
----------------- testing Thu May 09 04:14:06 UTC 2019 /home/travis/build/icyphy/ptII/ptolemy/actor/lib/test/auto/PublisherSubscriberExpression.xml
----------------- Instantiating /home/travis/build/icyphy/ptII/ptolemy/actor/lib/test/auto/PublisherSubscriberExpression.xml
4 ms. Memory: 1766400K Free: 990852K (56%)
----------------- Invoking toplevel() on ptolemy.moml.MoMLSimpleApplication@63174974
----------------- Done invoking toplevel() on ptolemy.moml.MoMLSimpleApplication@63174974
reloadAllAccessors: .PublisherSubscriberExpression

===========================================================================================
----------------- testing Thu May 09 04:14:06 UTC 2019 /home/travis/build/icyphy/ptII/ptolemy/actor/lib/test/auto/PublisherSubscriberOpaque.xml
----------------- Instantiating /home/travis/build/icyphy/ptII/ptolemy/actor/lib/test/auto/PublisherSubscriberOpaque.xml
3 ms. Memory: 1766400K Free: 967032K (55%)
----------------- Invoking toplevel() on ptolemy.moml.MoMLSimpleApplication@5a356c4b
----------------- Done invoking toplevel() on ptolemy.moml.MoMLSimpleApplication@5a356c4b
reloadAllAccessors: .PublisherSubscriberOpaque

===========================================================================================
----------------- testing Thu May 09 04:14:06 UTC 2019 /home/travis/build/icyphy/ptII/ptolemy/actor/lib/test/auto/PublisherSubscriberOpaqueD3.xml
----------------- Instantiating /home/travis/build/icyphy/ptII/ptolemy/actor/lib/test/auto/PublisherSubscriberOpaqueD3.xml
5 ms. Memory: 1766400K Free: 950525K (54%)
----------------- Invoking toplevel() on ptolemy.moml.MoMLSimpleApplication@328c8153
----------------- Done invoking toplevel() on ptolemy.moml.MoMLSimpleApplication@328c8153
reloadAllAccessors: .PublisherSubscriberOpaqueD3

===========================================================================================
----------------- testing Thu May 09 04:14:06 UTC 2019 /home/travis/build/icyphy/ptII/ptolemy/actor/lib/test/auto/PublisherSubscriberOpaqueD3Reverse.xml
----------------- Instantiating /home/travis/build/icyphy/ptII/ptolemy/actor/lib/test/auto/PublisherSubscriberOpaqueD3Reverse.xml
6 ms. Memory: 1766400K Free: 934018K (53%)
----------------- Invoking toplevel() on ptolemy.moml.MoMLSimpleApplication@34b6575e
----------------- Done invoking toplevel() on ptolemy.moml.MoMLSimpleApplication@34b6575e
reloadAllAccessors: .PublisherSubscriberOpaqueD3Reverse

===========================================================================================
----------------- testing Thu May 09 04:14:06 UTC 2019 /home/travis/build/icyphy/ptII/ptolemy/actor/lib/test/auto/PublisherSubscriberOpaqueWidthInference.xml
----------------- Instantiating /home/travis/build/icyphy/ptII/ptolemy/actor/lib/test/auto/PublisherSubscriberOpaqueWidthInference.xml
4 ms. Memory: 1766400K Free: 910198K (52%)
----------------- Invoking toplevel() on ptolemy.moml.MoMLSimpleApplication@2457818a
----------------- Done invoking toplevel() on ptolemy.moml.MoMLSimpleApplication@2457818a
reloadAllAccessors: .PublisherSubscriberOpaqueWidthInference

===========================================================================================
----------------- testing Thu May 09 04:14:06 UTC 2019 /home/travis/build/icyphy/ptII/ptolemy/actor/lib/test/auto/PublisherTestSubscriber.xml
----------------- Instantiating /home/travis/build/icyphy/ptII/ptolemy/actor/lib/test/auto/PublisherTestSubscriber.xml
5 ms. Memory: 1766400K Free: 893691K (51%)
----------------- Invoking toplevel() on ptolemy.moml.MoMLSimpleApplication@232f286a
----------------- Done invoking toplevel() on ptolemy.moml.MoMLSimpleApplication@232f286a
reloadAllAccessors: .PublisherTestSubscriber

===========================================================================================
----------------- testing Thu May 09 04:14:06 UTC 2019 /home/travis/build/icyphy/ptII/ptolemy/actor/lib/test/auto/PublisherToplevelSubscriberPortAOC.xml
----------------- Instantiating /home/travis/build/icyphy/ptII/ptolemy/actor/lib/test/auto/PublisherToplevelSubscriberPortAOC.xml
1 ms. Memory: 1766400K Free: 877185K (50%)
----------------- Invoking toplevel() on ptolemy.moml.MoMLSimpleApplication@27cd3334
----------------- Done invoking toplevel() on ptolemy.moml.MoMLSimpleApplication@27cd3334
reloadAllAccessors: .PublisherToplevelSubscriberPortAOC

===========================================================================================
----------------- testing Thu May 09 04:14:06 UTC 2019 /home/travis/build/icyphy/ptII/ptolemy/actor/lib/test/auto/PulseFiringLimitDE.xml
----------------- Instantiating /home/travis/build/icyphy/ptII/ptolemy/actor/lib/test/auto/PulseFiringLimitDE.xml
2 ms. Memory: 1766400K Free: 853365K (48%)
----------------- Invoking toplevel() on ptolemy.moml.MoMLSimpleApplication@48c9ed8d
----------------- Done invoking toplevel() on ptolemy.moml.MoMLSimpleApplication@48c9ed8d
reloadAllAccessors: .PulseFiringLimitDE

===========================================================================================
----------------- testing Thu May 09 04:14:06 UTC 2019 /home/travis/build/icyphy/ptII/ptolemy/actor/lib/test/auto/Ramp1.xml
----------------- Instantiating /home/travis/build/icyphy/ptII/ptolemy/actor/lib/test/auto/Ramp1.xml
1 ms. Memory: 1766400K Free: 836858K (47%)
----------------- Invoking toplevel() on ptolemy.moml.MoMLSimpleApplication@6f6f58b3
----------------- Done invoking toplevel() on ptolemy.moml.MoMLSimpleApplication@6f6f58b3
reloadAllAccessors: .Ramp1

===========================================================================================
----------------- testing Thu May 09 04:14:06 UTC 2019 /home/travis/build/icyphy/ptII/ptolemy/actor/lib/test/auto/RampFiringLimitDE.xml
----------------- Instantiating /home/travis/build/icyphy/ptII/ptolemy/actor/lib/test/auto/RampFiringLimitDE.xml
2 ms. Memory: 1766400K Free: 820351K (46%)
----------------- Invoking toplevel() on ptolemy.moml.MoMLSimpleApplication@7e16fac6
----------------- Done invoking toplevel() on ptolemy.moml.MoMLSimpleApplication@7e16fac6
reloadAllAccessors: .RampFiringLimitDE

===========================================================================================
----------------- testing Thu May 09 04:14:06 UTC 2019 /home/travis/build/icyphy/ptII/ptolemy/actor/lib/test/auto/RampFiringLimitSDF.xml
----------------- Instantiating /home/travis/build/icyphy/ptII/ptolemy/actor/lib/test/auto/RampFiringLimitSDF.xml
2 ms. Memory: 1766400K Free: 796531K (45%)
----------------- Invoking toplevel() on ptolemy.moml.MoMLSimpleApplication@21d5e5f7
----------------- Done invoking toplevel() on ptolemy.moml.MoMLSimpleApplication@21d5e5f7
reloadAllAccessors: .RampFiringLimitSDF

===========================================================================================
----------------- testing Thu May 09 04:14:06 UTC 2019 /home/travis/build/icyphy/ptII/ptolemy/actor/lib/test/auto/RandomInteger.xml
----------------- Instantiating /home/travis/build/icyphy/ptII/ptolemy/actor/lib/test/auto/RandomInteger.xml
2 ms. Memory: 1766400K Free: 780024K (44%)
----------------- Invoking toplevel() on ptolemy.moml.MoMLSimpleApplication@105ce1f2
----------------- Done invoking toplevel() on ptolemy.moml.MoMLSimpleApplication@105ce1f2
reloadAllAccessors: .RandomInteger

===========================================================================================
----------------- testing Thu May 09 04:14:06 UTC 2019 /home/travis/build/icyphy/ptII/ptolemy/actor/lib/test/auto/ReadFile1.xml
----------------- Instantiating /home/travis/build/icyphy/ptII/ptolemy/actor/lib/test/auto/ReadFile1.xml
1 ms. Memory: 1766400K Free: 763518K (43%)
----------------- Invoking toplevel() on ptolemy.moml.MoMLSimpleApplication@4d1658df
----------------- Done invoking toplevel() on ptolemy.moml.MoMLSimpleApplication@4d1658df
reloadAllAccessors: .ReadFile1

===========================================================================================
----------------- testing Thu May 09 04:14:06 UTC 2019 /home/travis/build/icyphy/ptII/ptolemy/actor/lib/test/auto/ReadFile2.xml
----------------- Instantiating /home/travis/build/icyphy/ptII/ptolemy/actor/lib/test/auto/ReadFile2.xml
1 ms. Memory: 1766400K Free: 739698K (42%)
----------------- Invoking toplevel() on ptolemy.moml.MoMLSimpleApplication@1b6c6211
----------------- Done invoking toplevel() on ptolemy.moml.MoMLSimpleApplication@1b6c6211
reloadAllAccessors: .ReadFile2

===========================================================================================
----------------- testing Thu May 09 04:14:06 UTC 2019 /home/travis/build/icyphy/ptII/ptolemy/actor/lib/test/auto/Reader.xml
----------------- Instantiating /home/travis/build/icyphy/ptII/ptolemy/actor/lib/test/auto/Reader.xml
actor.lib.Reader is obsolete, use actor.lib.io.ExpressionReader instead
5 ms. Memory: 1766400K Free: 723191K (41%)
----------------- Invoking toplevel() on ptolemy.moml.MoMLSimpleApplication@46050172
----------------- Done invoking toplevel() on ptolemy.moml.MoMLSimpleApplication@46050172
reloadAllAccessors: .Reader

===========================================================================================
----------------- testing Thu May 09 04:14:06 UTC 2019 /home/travis/build/icyphy/ptII/ptolemy/actor/lib/test/auto/RecordAssemblerDisplayNameTest.xml
----------------- Instantiating /home/travis/build/icyphy/ptII/ptolemy/actor/lib/test/auto/RecordAssemblerDisplayNameTest.xml
2898 ms. Memory: 1782784K Free: 1127649K (63%)
----------------- Invoking toplevel() on ptolemy.moml.MoMLSimpleApplication@3ecc559c
----------------- Done invoking toplevel() on ptolemy.moml.MoMLSimpleApplication@3ecc559c
reloadAllAccessors: .RecordAssemblerDisplayNameTest

===========================================================================================
----------------- testing Thu May 09 04:14:09 UTC 2019 /home/travis/build/icyphy/ptII/ptolemy/actor/lib/test/auto/RecordAssemblerTypeError.xml
----------------- Instantiating /home/travis/build/icyphy/ptII/ptolemy/actor/lib/test/auto/RecordAssemblerTypeError.xml
4 ms. Memory: 1782784K Free: 1092830K (61%)
----------------- Invoking toplevel() on ptolemy.moml.MoMLSimpleApplication@400c0c48
----------------- Done invoking toplevel() on ptolemy.moml.MoMLSimpleApplication@400c0c48
reloadAllAccessors: .RecordAssemblerTypeError

===========================================================================================
----------------- testing Thu May 09 04:14:09 UTC 2019 /home/travis/build/icyphy/ptII/ptolemy/actor/lib/test/auto/RecordDisassember.xml
----------------- Instantiating /home/travis/build/icyphy/ptII/ptolemy/actor/lib/test/auto/RecordDisassember.xml
2 ms. Memory: 1782784K Free: 1076138K (60%)
----------------- Invoking toplevel() on ptolemy.moml.MoMLSimpleApplication@4ce724ba
----------------- Done invoking toplevel() on ptolemy.moml.MoMLSimpleApplication@4ce724ba
reloadAllAccessors: .RecordDisassember

===========================================================================================
----------------- testing Thu May 09 04:14:09 UTC 2019 /home/travis/build/icyphy/ptII/ptolemy/actor/lib/test/auto/RecordDisassemberDisplayNameTest.xml
----------------- Instantiating /home/travis/build/icyphy/ptII/ptolemy/actor/lib/test/auto/RecordDisassemberDisplayNameTest.xml
4 ms. Memory: 1782784K Free: 1053845K (59%)
----------------- Invoking toplevel() on ptolemy.moml.MoMLSimpleApplication@23cce1bc
----------------- Done invoking toplevel() on ptolemy.moml.MoMLSimpleApplication@23cce1bc
reloadAllAccessors: .RecordDisassemberDisplayNameTest

===========================================================================================
----------------- testing Thu May 09 04:14:09 UTC 2019 /home/travis/build/icyphy/ptII/ptolemy/actor/lib/test/auto/RecordDisassembler.xml
----------------- Instantiating /home/travis/build/icyphy/ptII/ptolemy/actor/lib/test/auto/RecordDisassembler.xml
1 ms. Memory: 1782784K Free: 1037154K (58%)
----------------- Invoking toplevel() on ptolemy.moml.MoMLSimpleApplication@1a286c0b
----------------- Done invoking toplevel() on ptolemy.moml.MoMLSimpleApplication@1a286c0b
reloadAllAccessors: .RecordDisassembler

===========================================================================================
----------------- testing Thu May 09 04:14:09 UTC 2019 /home/travis/build/icyphy/ptII/ptolemy/actor/lib/test/auto/RecordDisassembler2.xml
----------------- Instantiating /home/travis/build/icyphy/ptII/ptolemy/actor/lib/test/auto/RecordDisassembler2.xml
2 ms. Memory: 1782784K Free: 1014861K (57%)
----------------- Invoking toplevel() on ptolemy.moml.MoMLSimpleApplication@5a457e63
----------------- Done invoking toplevel() on ptolemy.moml.MoMLSimpleApplication@5a457e63
reloadAllAccessors: .RecordDisassembler2

===========================================================================================
----------------- testing Thu May 09 04:14:09 UTC 2019 /home/travis/build/icyphy/ptII/ptolemy/actor/lib/test/auto/RecordUpdater.xml
----------------- Instantiating /home/travis/build/icyphy/ptII/ptolemy/actor/lib/test/auto/RecordUpdater.xml
2 ms. Memory: 1782784K Free: 998170K (56%)
----------------- Invoking toplevel() on ptolemy.moml.MoMLSimpleApplication@6e31b400
----------------- Done invoking toplevel() on ptolemy.moml.MoMLSimpleApplication@6e31b400
reloadAllAccessors: .RecordUpdater

===========================================================================================
----------------- testing Thu May 09 04:14:09 UTC 2019 /home/travis/build/icyphy/ptII/ptolemy/actor/lib/test/auto/RecordUpdater2.xml
----------------- Instantiating /home/travis/build/icyphy/ptII/ptolemy/actor/lib/test/auto/RecordUpdater2.xml
2 ms. Memory: 1782784K Free: 975877K (55%)
----------------- Invoking toplevel() on ptolemy.moml.MoMLSimpleApplication@95781e7
----------------- Done invoking toplevel() on ptolemy.moml.MoMLSimpleApplication@95781e7
reloadAllAccessors: .RecordUpdater2

===========================================================================================
----------------- testing Thu May 09 04:14:09 UTC 2019 /home/travis/build/icyphy/ptII/ptolemy/actor/lib/test/auto/RecursiveLattice.xml
----------------- Instantiating /home/travis/build/icyphy/ptII/ptolemy/actor/lib/test/auto/RecursiveLattice.xml
1 ms. Memory: 1782784K Free: 959185K (54%)
----------------- Invoking toplevel() on ptolemy.moml.MoMLSimpleApplication@641f9980
----------------- Done invoking toplevel() on ptolemy.moml.MoMLSimpleApplication@641f9980
reloadAllAccessors: .RecursiveLattice

===========================================================================================
----------------- testing Thu May 09 04:14:09 UTC 2019 /home/travis/build/icyphy/ptII/ptolemy/actor/lib/test/auto/Router.xml
----------------- Instantiating /home/travis/build/icyphy/ptII/ptolemy/actor/lib/test/auto/Router.xml
3003 ms. Memory: 1782784K Free: 942494K (53%)
----------------- Invoking toplevel() on ptolemy.moml.MoMLSimpleApplication@84d6a50
----------------- Done invoking toplevel() on ptolemy.moml.MoMLSimpleApplication@84d6a50
reloadAllAccessors: .Router

===========================================================================================
----------------- testing Thu May 09 04:14:12 UTC 2019 /home/travis/build/icyphy/ptII/ptolemy/actor/lib/test/auto/Router2.xml
----------------- Instantiating /home/travis/build/icyphy/ptII/ptolemy/actor/lib/test/auto/Router2.xml
3006 ms. Memory: 1782784K Free: 920201K (52%)
----------------- Invoking toplevel() on ptolemy.moml.MoMLSimpleApplication@450f66f1
----------------- Done invoking toplevel() on ptolemy.moml.MoMLSimpleApplication@450f66f1
reloadAllAccessors: .Router2

===========================================================================================
----------------- testing Thu May 09 04:14:15 UTC 2019 /home/travis/build/icyphy/ptII/ptolemy/actor/lib/test/auto/RunningMaximum.xml
----------------- Instantiating /home/travis/build/icyphy/ptII/ptolemy/actor/lib/test/auto/RunningMaximum.xml
1 ms. Memory: 1782784K Free: 903510K (51%)
----------------- Invoking toplevel() on ptolemy.moml.MoMLSimpleApplication@7e2f98d6
----------------- Done invoking toplevel() on ptolemy.moml.MoMLSimpleApplication@7e2f98d6
reloadAllAccessors: .RunningMaximum

===========================================================================================
----------------- testing Thu May 09 04:14:15 UTC 2019 /home/travis/build/icyphy/ptII/ptolemy/actor/lib/test/auto/RunningMinimum.xml
----------------- Instantiating /home/travis/build/icyphy/ptII/ptolemy/actor/lib/test/auto/RunningMinimum.xml
1 ms. Memory: 1782784K Free: 881217K (49%)
----------------- Invoking toplevel() on ptolemy.moml.MoMLSimpleApplication@1d51d991
----------------- Done invoking toplevel() on ptolemy.moml.MoMLSimpleApplication@1d51d991
reloadAllAccessors: .RunningMinimum

===========================================================================================
----------------- testing Thu May 09 04:14:15 UTC 2019 /home/travis/build/icyphy/ptII/ptolemy/actor/lib/test/auto/Scale.xml
----------------- Instantiating /home/travis/build/icyphy/ptII/ptolemy/actor/lib/test/auto/Scale.xml
1 ms. Memory: 1782784K Free: 864525K (48%)
----------------- Invoking toplevel() on ptolemy.moml.MoMLSimpleApplication@464d908a
----------------- Done invoking toplevel() on ptolemy.moml.MoMLSimpleApplication@464d908a
reloadAllAccessors: .Scale

===========================================================================================
----------------- testing Thu May 09 04:14:15 UTC 2019 /home/travis/build/icyphy/ptII/ptolemy/actor/lib/test/auto/Scale2.xml
----------------- Instantiating /home/travis/build/icyphy/ptII/ptolemy/actor/lib/test/auto/Scale2.xml
2 ms. Memory: 1782784K Free: 842232K (47%)
----------------- Invoking toplevel() on ptolemy.moml.MoMLSimpleApplication@77b4053a
----------------- Done invoking toplevel() on ptolemy.moml.MoMLSimpleApplication@77b4053a
reloadAllAccessors: .Scale2

===========================================================================================
----------------- testing Thu May 09 04:14:15 UTC 2019 /home/travis/build/icyphy/ptII/ptolemy/actor/lib/test/auto/Scale3.xml
----------------- Instantiating /home/travis/build/icyphy/ptII/ptolemy/actor/lib/test/auto/Scale3.xml
3 ms. Memory: 1782784K Free: 825541K (46%)
----------------- Invoking toplevel() on ptolemy.moml.MoMLSimpleApplication@1c6feb
----------------- Done invoking toplevel() on ptolemy.moml.MoMLSimpleApplication@1c6feb
reloadAllAccessors: .Scale3

===========================================================================================
----------------- testing Thu May 09 04:14:15 UTC 2019 /home/travis/build/icyphy/ptII/ptolemy/actor/lib/test/auto/ScaleArray.xml
----------------- Instantiating /home/travis/build/icyphy/ptII/ptolemy/actor/lib/test/auto/ScaleArray.xml
2 ms. Memory: 1782784K Free: 808850K (45%)
----------------- Invoking toplevel() on ptolemy.moml.MoMLSimpleApplication@693c7d8a
----------------- Done invoking toplevel() on ptolemy.moml.MoMLSimpleApplication@693c7d8a
reloadAllAccessors: .ScaleArray

===========================================================================================
----------------- testing Thu May 09 04:14:15 UTC 2019 /home/travis/build/icyphy/ptII/ptolemy/actor/lib/test/auto/ScaleArray2.xml
----------------- Instantiating /home/travis/build/icyphy/ptII/ptolemy/actor/lib/test/auto/ScaleArray2.xml
1 ms. Memory: 1782784K Free: 786557K (44%)
----------------- Invoking toplevel() on ptolemy.moml.MoMLSimpleApplication@1754a4b6
----------------- Done invoking toplevel() on ptolemy.moml.MoMLSimpleApplication@1754a4b6
reloadAllAccessors: .ScaleArray2

===========================================================================================
----------------- testing Thu May 09 04:14:15 UTC 2019 /home/travis/build/icyphy/ptII/ptolemy/actor/lib/test/auto/ScaleMatrix.xml
----------------- Instantiating /home/travis/build/icyphy/ptII/ptolemy/actor/lib/test/auto/ScaleMatrix.xml
111 ms. Memory: 1782784K Free: 761425K (43%)
----------------- Invoking toplevel() on ptolemy.moml.MoMLSimpleApplication@cfa8ddb
----------------- Done invoking toplevel() on ptolemy.moml.MoMLSimpleApplication@cfa8ddb
reloadAllAccessors: .ScaleMatrix

===========================================================================================
----------------- testing Thu May 09 04:14:16 UTC 2019 /home/travis/build/icyphy/ptII/ptolemy/actor/lib/test/auto/Select.xml
----------------- Instantiating /home/travis/build/icyphy/ptII/ptolemy/actor/lib/test/auto/Select.xml
2 ms. Memory: 1782784K Free: 739131K (41%)
----------------- Invoking toplevel() on ptolemy.moml.MoMLSimpleApplication@e987c92
----------------- Done invoking toplevel() on ptolemy.moml.MoMLSimpleApplication@e987c92
reloadAllAccessors: .Select

===========================================================================================
----------------- testing Thu May 09 04:14:16 UTC 2019 /home/travis/build/icyphy/ptII/ptolemy/actor/lib/test/auto/Select2.xml
----------------- Instantiating /home/travis/build/icyphy/ptII/ptolemy/actor/lib/test/auto/Select2.xml
1 ms. Memory: 1782784K Free: 722440K (41%)
----------------- Invoking toplevel() on ptolemy.moml.MoMLSimpleApplication@6cb92c3a
----------------- Done invoking toplevel() on ptolemy.moml.MoMLSimpleApplication@6cb92c3a
reloadAllAccessors: .Select2

===========================================================================================
----------------- testing Thu May 09 04:14:16 UTC 2019 /home/travis/build/icyphy/ptII/ptolemy/actor/lib/test/auto/SequenceToArray2.xml
----------------- Instantiating /home/travis/build/icyphy/ptII/ptolemy/actor/lib/test/auto/SequenceToArray2.xml
70 ms. Memory: 1782784K Free: 616675K (35%)
----------------- Invoking toplevel() on ptolemy.moml.MoMLSimpleApplication@3127463a
----------------- Done invoking toplevel() on ptolemy.moml.MoMLSimpleApplication@3127463a
reloadAllAccessors: .SequenceToArray2

===========================================================================================
----------------- testing Thu May 09 04:14:16 UTC 2019 /home/travis/build/icyphy/ptII/ptolemy/actor/lib/test/auto/SequentialClock.xml
----------------- Instantiating /home/travis/build/icyphy/ptII/ptolemy/actor/lib/test/auto/SequentialClock.xml
1 ms. Memory: 1782784K Free: 599984K (34%)
----------------- Invoking toplevel() on ptolemy.moml.MoMLSimpleApplication@66726415
----------------- Done invoking toplevel() on ptolemy.moml.MoMLSimpleApplication@66726415
reloadAllAccessors: .SequentialClock

===========================================================================================
----------------- testing Thu May 09 04:14:16 UTC 2019 /home/travis/build/icyphy/ptII/ptolemy/actor/lib/test/auto/SetVariable.xml
----------------- Instantiating /home/travis/build/icyphy/ptII/ptolemy/actor/lib/test/auto/SetVariable.xml
4 ms. Memory: 1782784K Free: 583292K (33%)
----------------- Invoking toplevel() on ptolemy.moml.MoMLSimpleApplication@1f5df2f
----------------- Done invoking toplevel() on ptolemy.moml.MoMLSimpleApplication@1f5df2f
reloadAllAccessors: .SetVariable

===========================================================================================
----------------- testing Thu May 09 04:14:16 UTC 2019 /home/travis/build/icyphy/ptII/ptolemy/actor/lib/test/auto/SetVariable2.xml
----------------- Instantiating /home/travis/build/icyphy/ptII/ptolemy/actor/lib/test/auto/SetVariable2.xml
4 ms. Memory: 1782784K Free: 560999K (31%)
----------------- Invoking toplevel() on ptolemy.moml.MoMLSimpleApplication@493e68d3
----------------- Done invoking toplevel() on ptolemy.moml.MoMLSimpleApplication@493e68d3
reloadAllAccessors: .SetVariable2

===========================================================================================
----------------- testing Thu May 09 04:14:16 UTC 2019 /home/travis/build/icyphy/ptII/ptolemy/actor/lib/test/auto/SetVariable3.xml
----------------- Instantiating /home/travis/build/icyphy/ptII/ptolemy/actor/lib/test/auto/SetVariable3.xml
8 ms. Memory: 1782784K Free: 544308K (31%)
----------------- Invoking toplevel() on ptolemy.moml.MoMLSimpleApplication@70dc3dd4
----------------- Done invoking toplevel() on ptolemy.moml.MoMLSimpleApplication@70dc3dd4
reloadAllAccessors: .SetVariable3

===========================================================================================
----------------- testing Thu May 09 04:14:16 UTC 2019 /home/travis/build/icyphy/ptII/ptolemy/actor/lib/test/auto/SetVariable4.xml
----------------- Instantiating /home/travis/build/icyphy/ptII/ptolemy/actor/lib/test/auto/SetVariable4.xml
13 ms. Memory: 1782784K Free: 463596K (26%)
----------------- Invoking toplevel() on ptolemy.moml.MoMLSimpleApplication@63048c08
----------------- Done invoking toplevel() on ptolemy.moml.MoMLSimpleApplication@63048c08
reloadAllAccessors: .SetVariable4

===========================================================================================
----------------- testing Thu May 09 04:14:16 UTC 2019 /home/travis/build/icyphy/ptII/ptolemy/actor/lib/test/auto/SetVariable5.xml
----------------- Instantiating /home/travis/build/icyphy/ptII/ptolemy/actor/lib/test/auto/SetVariable5.xml
16 ms. Memory: 1782784K Free: 446905K (25%)
----------------- Invoking toplevel() on ptolemy.moml.MoMLSimpleApplication@82cc822
----------------- Done invoking toplevel() on ptolemy.moml.MoMLSimpleApplication@82cc822
reloadAllAccessors: .SetVariable5

===========================================================================================
----------------- testing Thu May 09 04:14:16 UTC 2019 /home/travis/build/icyphy/ptII/ptolemy/actor/lib/test/auto/Sinewave.xml
----------------- Instantiating /home/travis/build/icyphy/ptII/ptolemy/actor/lib/test/auto/Sinewave.xml
4 ms. Memory: 1782784K Free: 424611K (24%)
----------------- Invoking toplevel() on ptolemy.moml.MoMLSimpleApplication@10870345
----------------- Done invoking toplevel() on ptolemy.moml.MoMLSimpleApplication@10870345
reloadAllAccessors: .Sinewave

===========================================================================================
----------------- testing Thu May 09 04:14:16 UTC 2019 /home/travis/build/icyphy/ptII/ptolemy/actor/lib/test/auto/Sinewave2.xml
----------------- Instantiating /home/travis/build/icyphy/ptII/ptolemy/actor/lib/test/auto/Sinewave2.xml
4 ms. Memory: 1782784K Free: 407920K (23%)
----------------- Invoking toplevel() on ptolemy.moml.MoMLSimpleApplication@5deb47a
----------------- Done invoking toplevel() on ptolemy.moml.MoMLSimpleApplication@5deb47a
reloadAllAccessors: .Sinewave2

===========================================================================================
----------------- testing Thu May 09 04:14:16 UTC 2019 /home/travis/build/icyphy/ptII/ptolemy/actor/lib/test/auto/Sinewave3.xml
----------------- Instantiating /home/travis/build/icyphy/ptII/ptolemy/actor/lib/test/auto/Sinewave3.xml
4 ms. Memory: 1782784K Free: 391229K (22%)
----------------- Invoking toplevel() on ptolemy.moml.MoMLSimpleApplication@4c70cca0
----------------- Done invoking toplevel() on ptolemy.moml.MoMLSimpleApplication@4c70cca0
reloadAllAccessors: .Sinewave3

===========================================================================================
----------------- testing Thu May 09 04:14:16 UTC 2019 /home/travis/build/icyphy/ptII/ptolemy/actor/lib/test/auto/SingleEvent.xml
----------------- Instantiating /home/travis/build/icyphy/ptII/ptolemy/actor/lib/test/auto/SingleEvent.xml
1 ms. Memory: 1782784K Free: 368936K (21%)
----------------- Invoking toplevel() on ptolemy.moml.MoMLSimpleApplication@5e6594ef
----------------- Done invoking toplevel() on ptolemy.moml.MoMLSimpleApplication@5e6594ef
reloadAllAccessors: .SingleEvent

===========================================================================================
----------------- testing Thu May 09 04:14:16 UTC 2019 /home/travis/build/icyphy/ptII/ptolemy/actor/lib/test/auto/Sleep.xml
----------------- Instantiating /home/travis/build/icyphy/ptII/ptolemy/actor/lib/test/auto/Sleep.xml
6003 ms. Memory: 1782784K Free: 352245K (20%)
----------------- Invoking toplevel() on ptolemy.moml.MoMLSimpleApplication@6ee63f37
----------------- Done invoking toplevel() on ptolemy.moml.MoMLSimpleApplication@6ee63f37
reloadAllAccessors: .Sleep

===========================================================================================
----------------- testing Thu May 09 04:14:22 UTC 2019 /home/travis/build/icyphy/ptII/ptolemy/actor/lib/test/auto/SleepMultipleFire.xml
----------------- Instantiating /home/travis/build/icyphy/ptII/ptolemy/actor/lib/test/auto/SleepMultipleFire.xml
1005 ms. Memory: 1782784K Free: 329952K (19%)
----------------- Invoking toplevel() on ptolemy.moml.MoMLSimpleApplication@4136201a
----------------- Done invoking toplevel() on ptolemy.moml.MoMLSimpleApplication@4136201a
reloadAllAccessors: .SleepMultipleFire

===========================================================================================
----------------- testing Thu May 09 04:14:23 UTC 2019 /home/travis/build/icyphy/ptII/ptolemy/actor/lib/test/auto/StopDE.xml
----------------- Instantiating /home/travis/build/icyphy/ptII/ptolemy/actor/lib/test/auto/StopDE.xml
2 ms. Memory: 1782784K Free: 313260K (18%)
----------------- Invoking toplevel() on ptolemy.moml.MoMLSimpleApplication@5f1047f8
----------------- Done invoking toplevel() on ptolemy.moml.MoMLSimpleApplication@5f1047f8
reloadAllAccessors: .StopDE

===========================================================================================
----------------- testing Thu May 09 04:14:23 UTC 2019 /home/travis/build/icyphy/ptII/ptolemy/actor/lib/test/auto/StopSDF.xml
----------------- Instantiating /home/travis/build/icyphy/ptII/ptolemy/actor/lib/test/auto/StopSDF.xml
2 ms. Memory: 1782784K Free: 290967K (16%)
----------------- Invoking toplevel() on ptolemy.moml.MoMLSimpleApplication@1f790f3b
----------------- Done invoking toplevel() on ptolemy.moml.MoMLSimpleApplication@1f790f3b
reloadAllAccessors: .StopSDF

===========================================================================================
----------------- testing Thu May 09 04:14:23 UTC 2019 /home/travis/build/icyphy/ptII/ptolemy/actor/lib/test/auto/StringConstant.xml
----------------- Instantiating /home/travis/build/icyphy/ptII/ptolemy/actor/lib/test/auto/StringConstant.xml
1 ms. Memory: 1782784K Free: 274276K (15%)
----------------- Invoking toplevel() on ptolemy.moml.MoMLSimpleApplication@3e57240
----------------- Done invoking toplevel() on ptolemy.moml.MoMLSimpleApplication@3e57240
reloadAllAccessors: .StringConstant

===========================================================================================
----------------- testing Thu May 09 04:14:23 UTC 2019 /home/travis/build/icyphy/ptII/ptolemy/actor/lib/test/auto/SubscriberPortInitialValues1.xml
----------------- Instantiating /home/travis/build/icyphy/ptII/ptolemy/actor/lib/test/auto/SubscriberPortInitialValues1.xml
4 ms. Memory: 1782784K Free: 251983K (14%)
----------------- Invoking toplevel() on ptolemy.moml.MoMLSimpleApplication@535743e0
----------------- Done invoking toplevel() on ptolemy.moml.MoMLSimpleApplication@535743e0
reloadAllAccessors: .SubscriberPortInitialValues1

===========================================================================================
----------------- testing Thu May 09 04:14:23 UTC 2019 /home/travis/build/icyphy/ptII/ptolemy/actor/lib/test/auto/SubscriberPortInitialValues13.xml
----------------- Instantiating /home/travis/build/icyphy/ptII/ptolemy/actor/lib/test/auto/SubscriberPortInitialValues13.xml
5 ms. Memory: 1782784K Free: 226930K (13%)
----------------- Invoking toplevel() on ptolemy.moml.MoMLSimpleApplication@7a44bd37
----------------- Done invoking toplevel() on ptolemy.moml.MoMLSimpleApplication@7a44bd37
reloadAllAccessors: .SubscriberPortInitialValues13

===========================================================================================
----------------- testing Thu May 09 04:14:23 UTC 2019 /home/travis/build/icyphy/ptII/ptolemy/actor/lib/test/auto/SubscriberPortInitialValues14.xml
----------------- Instantiating /home/travis/build/icyphy/ptII/ptolemy/actor/lib/test/auto/SubscriberPortInitialValues14.xml
3 ms. Memory: 1782784K Free: 210239K (12%)
----------------- Invoking toplevel() on ptolemy.moml.MoMLSimpleApplication@2c33392
----------------- Done invoking toplevel() on ptolemy.moml.MoMLSimpleApplication@2c33392
reloadAllAccessors: .SubscriberPortInitialValues14

===========================================================================================
----------------- testing Thu May 09 04:14:23 UTC 2019 /home/travis/build/icyphy/ptII/ptolemy/actor/lib/test/auto/SubscriberPortInitialValues2.xml
----------------- Instantiating /home/travis/build/icyphy/ptII/ptolemy/actor/lib/test/auto/SubscriberPortInitialValues2.xml
5 ms. Memory: 1782784K Free: 187946K (11%)
----------------- Invoking toplevel() on ptolemy.moml.MoMLSimpleApplication@4b198c2a
----------------- Done invoking toplevel() on ptolemy.moml.MoMLSimpleApplication@4b198c2a
reloadAllAccessors: .SubscriberPortInitialValues2

===========================================================================================
----------------- testing Thu May 09 04:14:23 UTC 2019 /home/travis/build/icyphy/ptII/ptolemy/actor/lib/test/auto/SubscriberPortInitialValues3.xml
----------------- Instantiating /home/travis/build/icyphy/ptII/ptolemy/actor/lib/test/auto/SubscriberPortInitialValues3.xml
4 ms. Memory: 1782784K Free: 171255K (10%)
----------------- Invoking toplevel() on ptolemy.moml.MoMLSimpleApplication@74cad580
----------------- Done invoking toplevel() on ptolemy.moml.MoMLSimpleApplication@74cad580
reloadAllAccessors: .SubscriberPortInitialValues3

===========================================================================================
----------------- testing Thu May 09 04:14:23 UTC 2019 /home/travis/build/icyphy/ptII/ptolemy/actor/lib/test/auto/SubscriptionAggregator.xml
----------------- Instantiating /home/travis/build/icyphy/ptII/ptolemy/actor/lib/test/auto/SubscriptionAggregator.xml
2 ms. Memory: 1782784K Free: 148961K (8%)
----------------- Invoking toplevel() on ptolemy.moml.MoMLSimpleApplication@4074c68c
----------------- Done invoking toplevel() on ptolemy.moml.MoMLSimpleApplication@4074c68c
reloadAllAccessors: .SubscriptionAggregator

===========================================================================================
----------------- testing Thu May 09 04:14:23 UTC 2019 /home/travis/build/icyphy/ptII/ptolemy/actor/lib/test/auto/SubscriptionAggregator2.xml
----------------- Instantiating /home/travis/build/icyphy/ptII/ptolemy/actor/lib/test/auto/SubscriptionAggregator2.xml
3 ms. Memory: 1782784K Free: 132270K (7%)
----------------- Invoking toplevel() on ptolemy.moml.MoMLSimpleApplication@31851a77
----------------- Done invoking toplevel() on ptolemy.moml.MoMLSimpleApplication@31851a77
reloadAllAccessors: .SubscriptionAggregator2

===========================================================================================
----------------- testing Thu May 09 04:14:23 UTC 2019 /home/travis/build/icyphy/ptII/ptolemy/actor/lib/test/auto/SubscriptionAggregator3.xml
----------------- Instantiating /home/travis/build/icyphy/ptII/ptolemy/actor/lib/test/auto/SubscriptionAggregator3.xml
4 ms. Memory: 1782784K Free: 109977K (6%)
----------------- Invoking toplevel() on ptolemy.moml.MoMLSimpleApplication@678a6e32
----------------- Done invoking toplevel() on ptolemy.moml.MoMLSimpleApplication@678a6e32
reloadAllAccessors: .SubscriptionAggregator3

===========================================================================================
----------------- testing Thu May 09 04:14:23 UTC 2019 /home/travis/build/icyphy/ptII/ptolemy/actor/lib/test/auto/SubscriptionAggregatorMultiply.xml
----------------- Instantiating /home/travis/build/icyphy/ptII/ptolemy/actor/lib/test/auto/SubscriptionAggregatorMultiply.xml
3 ms. Memory: 1782784K Free: 93286K (5%)
----------------- Invoking toplevel() on ptolemy.moml.MoMLSimpleApplication@3ff12edb
----------------- Done invoking toplevel() on ptolemy.moml.MoMLSimpleApplication@3ff12edb
reloadAllAccessors: .SubscriptionAggregatorMultiply

===========================================================================================
----------------- testing Thu May 09 04:14:23 UTC 2019 /home/travis/build/icyphy/ptII/ptolemy/actor/lib/test/auto/SubscriptionAggregatorPortMultiply1.xml
----------------- Instantiating /home/travis/build/icyphy/ptII/ptolemy/actor/lib/test/auto/SubscriptionAggregatorPortMultiply1.xml
4 ms. Memory: 1782784K Free: 76594K (4%)
----------------- Invoking toplevel() on ptolemy.moml.MoMLSimpleApplication@5c37a0c9
----------------- Done invoking toplevel() on ptolemy.moml.MoMLSimpleApplication@5c37a0c9
reloadAllAccessors: .SubscriptionAggregatorPortMultiply1

===========================================================================================
----------------- testing Thu May 09 04:14:23 UTC 2019 /home/travis/build/icyphy/ptII/ptolemy/actor/lib/test/auto/Switch.xml
----------------- Instantiating /home/travis/build/icyphy/ptII/ptolemy/actor/lib/test/auto/Switch.xml
4 ms. Memory: 1783808K Free: 1650181K (93%)
----------------- Invoking toplevel() on ptolemy.moml.MoMLSimpleApplication@4e9b277f
----------------- Done invoking toplevel() on ptolemy.moml.MoMLSimpleApplication@4e9b277f
reloadAllAccessors: .Switch

===========================================================================================
----------------- testing Thu May 09 04:14:23 UTC 2019 /home/travis/build/icyphy/ptII/ptolemy/actor/lib/test/auto/Switch2.xml
----------------- Instantiating /home/travis/build/icyphy/ptII/ptolemy/actor/lib/test/auto/Switch2.xml
1 ms. Memory: 1783808K Free: 1627926K (91%)
----------------- Invoking toplevel() on ptolemy.moml.MoMLSimpleApplication@19c59b4a
----------------- Done invoking toplevel() on ptolemy.moml.MoMLSimpleApplication@19c59b4a
reloadAllAccessors: .Switch2

===========================================================================================
----------------- testing Thu May 09 04:14:23 UTC 2019 /home/travis/build/icyphy/ptII/ptolemy/actor/lib/test/auto/SwitchDE.xml
----------------- Instantiating /home/travis/build/icyphy/ptII/ptolemy/actor/lib/test/auto/SwitchDE.xml
2 ms. Memory: 1783808K Free: 1601185K (90%)
----------------- Invoking toplevel() on ptolemy.moml.MoMLSimpleApplication@17a1c842
----------------- Done invoking toplevel() on ptolemy.moml.MoMLSimpleApplication@17a1c842
reloadAllAccessors: .SwitchDE

===========================================================================================
----------------- testing Thu May 09 04:14:23 UTC 2019 /home/travis/build/icyphy/ptII/ptolemy/actor/lib/test/auto/SynchronizerDE.xml
----------------- Instantiating /home/travis/build/icyphy/ptII/ptolemy/actor/lib/test/auto/SynchronizerDE.xml
3 ms. Memory: 1783808K Free: 1578930K (89%)
----------------- Invoking toplevel() on ptolemy.moml.MoMLSimpleApplication@dfcbac4
----------------- Done invoking toplevel() on ptolemy.moml.MoMLSimpleApplication@dfcbac4
reloadAllAccessors: .SynchronizerDE

===========================================================================================
----------------- testing Thu May 09 04:14:23 UTC 2019 /home/travis/build/icyphy/ptII/ptolemy/actor/lib/test/auto/Test.xml
----------------- Instantiating /home/travis/build/icyphy/ptII/ptolemy/actor/lib/test/auto/Test.xml
1 ms. Memory: 1783808K Free: 1552188K (87%)
----------------- Invoking toplevel() on ptolemy.moml.MoMLSimpleApplication@1b9c6a8b
----------------- Done invoking toplevel() on ptolemy.moml.MoMLSimpleApplication@1b9c6a8b
reloadAllAccessors: .Test

===========================================================================================
----------------- testing Thu May 09 04:14:23 UTC 2019 /home/travis/build/icyphy/ptII/ptolemy/actor/lib/test/auto/TestExceptionAttribute1.xml
----------------- Instantiating /home/travis/build/icyphy/ptII/ptolemy/actor/lib/test/auto/TestExceptionAttribute1.xml
1 ms. Memory: 1783808K Free: 1529933K (86%)
----------------- Invoking toplevel() on ptolemy.moml.MoMLSimpleApplication@6bd65471
----------------- Done invoking toplevel() on ptolemy.moml.MoMLSimpleApplication@6bd65471
reloadAllAccessors: .TestExceptionAttribute1

===========================================================================================
----------------- testing Thu May 09 04:14:23 UTC 2019 /home/travis/build/icyphy/ptII/ptolemy/actor/lib/test/auto/TestExceptionAttribute2.xml
----------------- Instantiating /home/travis/build/icyphy/ptII/ptolemy/actor/lib/test/auto/TestExceptionAttribute2.xml
1 ms. Memory: 1783808K Free: 1503192K (84%)
----------------- Invoking toplevel() on ptolemy.moml.MoMLSimpleApplication@687385f7
----------------- Done invoking toplevel() on ptolemy.moml.MoMLSimpleApplication@687385f7
reloadAllAccessors: .TestExceptionAttribute2

===========================================================================================
----------------- testing Thu May 09 04:14:23 UTC 2019 /home/travis/build/icyphy/ptII/ptolemy/actor/lib/test/auto/TestExceptionAttribute3.xml
----------------- Instantiating /home/travis/build/icyphy/ptII/ptolemy/actor/lib/test/auto/TestExceptionAttribute3.xml
.TestExceptionAttribute3.TestExceptionAttribute: initialize() was not invoked, but wrapup() was.  This is unusual, but not always a problem.  For example, exporting JNLP will do this.
1 ms. Memory: 1783808K Free: 1480937K (83%)
----------------- Invoking toplevel() on ptolemy.moml.MoMLSimpleApplication@5d329a92
----------------- Done invoking toplevel() on ptolemy.moml.MoMLSimpleApplication@5d329a92
reloadAllAccessors: .TestExceptionAttribute3

===========================================================================================
----------------- testing Thu May 09 04:14:23 UTC 2019 /home/travis/build/icyphy/ptII/ptolemy/actor/lib/test/auto/TestExceptionAttribute4.xml
----------------- Instantiating /home/travis/build/icyphy/ptII/ptolemy/actor/lib/test/auto/TestExceptionAttribute4.xml
.TestExceptionAttribute4.TestExceptionAttribute: initialize() was not invoked, but wrapup() was.  This is unusual, but not always a problem.  For example, exporting JNLP will do this.
.TestExceptionAttribute4.TestExceptionAttribute2: initialize() was not invoked, but wrapup() was.  This is unusual, but not always a problem.  For example, exporting JNLP will do this.
1 ms. Memory: 1783808K Free: 1454195K (82%)
----------------- Invoking toplevel() on ptolemy.moml.MoMLSimpleApplication@723103c4
----------------- Done invoking toplevel() on ptolemy.moml.MoMLSimpleApplication@723103c4
reloadAllAccessors: .TestExceptionAttribute4

===========================================================================================
----------------- testing Thu May 09 04:14:23 UTC 2019 /home/travis/build/icyphy/ptII/ptolemy/actor/lib/test/auto/TestExceptionHandler1.xml
----------------- Instantiating /home/travis/build/icyphy/ptII/ptolemy/actor/lib/test/auto/TestExceptionHandler1.xml
1 ms. Memory: 1783808K Free: 1427453K (80%)
----------------- Invoking toplevel() on ptolemy.moml.MoMLSimpleApplication@27bf5bea
----------------- Done invoking toplevel() on ptolemy.moml.MoMLSimpleApplication@27bf5bea
reloadAllAccessors: .TestExceptionHandler1

===========================================================================================
----------------- testing Thu May 09 04:14:23 UTC 2019 /home/travis/build/icyphy/ptII/ptolemy/actor/lib/test/auto/TestExceptionHandler2.xml
----------------- Instantiating /home/travis/build/icyphy/ptII/ptolemy/actor/lib/test/auto/TestExceptionHandler2.xml
1 ms. Memory: 1783808K Free: 1405198K (79%)
----------------- Invoking toplevel() on ptolemy.moml.MoMLSimpleApplication@1219d2ec
----------------- Done invoking toplevel() on ptolemy.moml.MoMLSimpleApplication@1219d2ec
reloadAllAccessors: .TestExceptionHandler2

===========================================================================================
----------------- testing Thu May 09 04:14:23 UTC 2019 /home/travis/build/icyphy/ptII/ptolemy/actor/lib/test/auto/TestExceptionHandler3.xml
----------------- Instantiating /home/travis/build/icyphy/ptII/ptolemy/actor/lib/test/auto/TestExceptionHandler3.xml
0 ms. Memory: 1783808K Free: 1378456K (77%)
----------------- Invoking toplevel() on ptolemy.moml.MoMLSimpleApplication@5a84211
----------------- Done invoking toplevel() on ptolemy.moml.MoMLSimpleApplication@5a84211
reloadAllAccessors: .TestExceptionHandler3

===========================================================================================
----------------- testing Thu May 09 04:14:23 UTC 2019 /home/travis/build/icyphy/ptII/ptolemy/actor/lib/test/auto/TestExceptionHandler4.xml
----------------- Instantiating /home/travis/build/icyphy/ptII/ptolemy/actor/lib/test/auto/TestExceptionHandler4.xml
0 ms. Memory: 1783808K Free: 1356202K (76%)
----------------- Invoking toplevel() on ptolemy.moml.MoMLSimpleApplication@73ae6056
----------------- Done invoking toplevel() on ptolemy.moml.MoMLSimpleApplication@73ae6056
reloadAllAccessors: .TestExceptionHandler4

===========================================================================================
----------------- testing Thu May 09 04:14:23 UTC 2019 /home/travis/build/icyphy/ptII/ptolemy/actor/lib/test/auto/TestRequireCorrectOrder.xml
----------------- Instantiating /home/travis/build/icyphy/ptII/ptolemy/actor/lib/test/auto/TestRequireCorrectOrder.xml
2 ms. Memory: 1783808K Free: 1329460K (75%)
----------------- Invoking toplevel() on ptolemy.moml.MoMLSimpleApplication@84d268d
----------------- Done invoking toplevel() on ptolemy.moml.MoMLSimpleApplication@84d268d
reloadAllAccessors: .TestRequireCorrectOrder

===========================================================================================
----------------- testing Thu May 09 04:14:23 UTC 2019 /home/travis/build/icyphy/ptII/ptolemy/actor/lib/test/auto/TestSimple.xml
----------------- Instantiating /home/travis/build/icyphy/ptII/ptolemy/actor/lib/test/auto/TestSimple.xml
1 ms. Memory: 1783808K Free: 1307205K (73%)
----------------- Invoking toplevel() on ptolemy.moml.MoMLSimpleApplication@6559ec2f
----------------- Done invoking toplevel() on ptolemy.moml.MoMLSimpleApplication@6559ec2f
reloadAllAccessors: .TestSimple

===========================================================================================
----------------- testing Thu May 09 04:14:23 UTC 2019 /home/travis/build/icyphy/ptII/ptolemy/actor/lib/test/auto/ThrowModelError.xml
----------------- Instantiating /home/travis/build/icyphy/ptII/ptolemy/actor/lib/test/auto/ThrowModelError.xml
2 ms. Memory: 1783808K Free: 1280463K (72%)
----------------- Invoking toplevel() on ptolemy.moml.MoMLSimpleApplication@25293b33
----------------- Done invoking toplevel() on ptolemy.moml.MoMLSimpleApplication@25293b33
reloadAllAccessors: .ThrowModelError

===========================================================================================
----------------- testing Thu May 09 04:14:23 UTC 2019 /home/travis/build/icyphy/ptII/ptolemy/actor/lib/test/auto/TimeDelayMicrosteps.xml
----------------- Instantiating /home/travis/build/icyphy/ptII/ptolemy/actor/lib/test/auto/TimeDelayMicrosteps.xml
2 ms. Memory: 1783808K Free: 1258208K (71%)
----------------- Invoking toplevel() on ptolemy.moml.MoMLSimpleApplication@6bb86df1
----------------- Done invoking toplevel() on ptolemy.moml.MoMLSimpleApplication@6bb86df1
reloadAllAccessors: .TimeDelayMicrosteps

===========================================================================================
----------------- testing Thu May 09 04:14:23 UTC 2019 /home/travis/build/icyphy/ptII/ptolemy/actor/lib/test/auto/TimeDelayMicrosteps2.xml
----------------- Instantiating /home/travis/build/icyphy/ptII/ptolemy/actor/lib/test/auto/TimeDelayMicrosteps2.xml
3 ms. Memory: 1783808K Free: 1231467K (69%)
----------------- Invoking toplevel() on ptolemy.moml.MoMLSimpleApplication@2e82b5da
----------------- Done invoking toplevel() on ptolemy.moml.MoMLSimpleApplication@2e82b5da
reloadAllAccessors: .TimeDelayMicrosteps2

===========================================================================================
----------------- testing Thu May 09 04:14:23 UTC 2019 /home/travis/build/icyphy/ptII/ptolemy/actor/lib/test/auto/TimeDelayMicrosteps3.xml
----------------- Instantiating /home/travis/build/icyphy/ptII/ptolemy/actor/lib/test/auto/TimeDelayMicrosteps3.xml
3 ms. Memory: 1783808K Free: 1204725K (68%)
----------------- Invoking toplevel() on ptolemy.moml.MoMLSimpleApplication@34f92aa8
----------------- Done invoking toplevel() on ptolemy.moml.MoMLSimpleApplication@34f92aa8
reloadAllAccessors: .TimeDelayMicrosteps3

===========================================================================================
----------------- testing Thu May 09 04:14:23 UTC 2019 /home/travis/build/icyphy/ptII/ptolemy/actor/lib/test/auto/TimeDelayVariableMicrosteps.xml
----------------- Instantiating /home/travis/build/icyphy/ptII/ptolemy/actor/lib/test/auto/TimeDelayVariableMicrosteps.xml
2 ms. Memory: 1783808K Free: 1182470K (66%)
----------------- Invoking toplevel() on ptolemy.moml.MoMLSimpleApplication@494ea695
----------------- Done invoking toplevel() on ptolemy.moml.MoMLSimpleApplication@494ea695
reloadAllAccessors: .TimeDelayVariableMicrosteps

===========================================================================================
----------------- testing Thu May 09 04:14:24 UTC 2019 /home/travis/build/icyphy/ptII/ptolemy/actor/lib/test/auto/TimeGap.xml
----------------- Instantiating /home/travis/build/icyphy/ptII/ptolemy/actor/lib/test/auto/TimeGap.xml
2 ms. Memory: 1783808K Free: 1155729K (65%)
----------------- Invoking toplevel() on ptolemy.moml.MoMLSimpleApplication@13d6c2bd
----------------- Done invoking toplevel() on ptolemy.moml.MoMLSimpleApplication@13d6c2bd
reloadAllAccessors: .TimeGap

===========================================================================================
----------------- testing Thu May 09 04:14:24 UTC 2019 /home/travis/build/icyphy/ptII/ptolemy/actor/lib/test/auto/TimeGap2.xml
----------------- Instantiating /home/travis/build/icyphy/ptII/ptolemy/actor/lib/test/auto/TimeGap2.xml
2 ms. Memory: 1783808K Free: 1133474K (64%)
----------------- Invoking toplevel() on ptolemy.moml.MoMLSimpleApplication@72b96129
----------------- Done invoking toplevel() on ptolemy.moml.MoMLSimpleApplication@72b96129
reloadAllAccessors: .TimeGap2

===========================================================================================
----------------- testing Thu May 09 04:14:24 UTC 2019 /home/travis/build/icyphy/ptII/ptolemy/actor/lib/test/auto/TimedSinewave.xml
----------------- Instantiating /home/travis/build/icyphy/ptII/ptolemy/actor/lib/test/auto/TimedSinewave.xml
21 ms. Memory: 1783808K Free: 1106732K (62%)
----------------- Invoking toplevel() on ptolemy.moml.MoMLSimpleApplication@32ca16f5
----------------- Done invoking toplevel() on ptolemy.moml.MoMLSimpleApplication@32ca16f5
reloadAllAccessors: .TimedSinewave

===========================================================================================
----------------- testing Thu May 09 04:14:24 UTC 2019 /home/travis/build/icyphy/ptII/ptolemy/actor/lib/test/auto/TimedSinewavePhase.xml
----------------- Instantiating /home/travis/build/icyphy/ptII/ptolemy/actor/lib/test/auto/TimedSinewavePhase.xml
9 ms. Memory: 1783808K Free: 1084477K (61%)
----------------- Invoking toplevel() on ptolemy.moml.MoMLSimpleApplication@6459d0d4
----------------- Done invoking toplevel() on ptolemy.moml.MoMLSimpleApplication@6459d0d4
reloadAllAccessors: .TimedSinewavePhase

===========================================================================================
----------------- testing Thu May 09 04:14:24 UTC 2019 /home/travis/build/icyphy/ptII/ptolemy/actor/lib/test/auto/Timer.xml
----------------- Instantiating /home/travis/build/icyphy/ptII/ptolemy/actor/lib/test/auto/Timer.xml
5 ms. Memory: 1783808K Free: 1057735K (59%)
----------------- Invoking toplevel() on ptolemy.moml.MoMLSimpleApplication@7db2984f
----------------- Done invoking toplevel() on ptolemy.moml.MoMLSimpleApplication@7db2984f
reloadAllAccessors: .Timer

===========================================================================================
----------------- testing Thu May 09 04:14:24 UTC 2019 /home/travis/build/icyphy/ptII/ptolemy/actor/lib/test/auto/TriangularDistTestModel.xml
----------------- Instantiating /home/travis/build/icyphy/ptII/ptolemy/actor/lib/test/auto/TriangularDistTestModel.xml
1 ms. Memory: 1783808K Free: 1035480K (58%)
----------------- Invoking toplevel() on ptolemy.moml.MoMLSimpleApplication@493c0074
----------------- Done invoking toplevel() on ptolemy.moml.MoMLSimpleApplication@493c0074
reloadAllAccessors: .TriangularDistTestModel

===========================================================================================
----------------- testing Thu May 09 04:14:24 UTC 2019 /home/travis/build/icyphy/ptII/ptolemy/actor/lib/test/auto/TrigFunction.xml
----------------- Instantiating /home/travis/build/icyphy/ptII/ptolemy/actor/lib/test/auto/TrigFunction.xml
2 ms. Memory: 1783808K Free: 1008738K (57%)
----------------- Invoking toplevel() on ptolemy.moml.MoMLSimpleApplication@1dc4ab78
----------------- Done invoking toplevel() on ptolemy.moml.MoMLSimpleApplication@1dc4ab78
reloadAllAccessors: .TrigFunction

===========================================================================================
----------------- testing Thu May 09 04:14:24 UTC 2019 /home/travis/build/icyphy/ptII/ptolemy/actor/lib/test/auto/TrigFunctionDE.xml
----------------- Instantiating /home/travis/build/icyphy/ptII/ptolemy/actor/lib/test/auto/TrigFunctionDE.xml
1 ms. Memory: 1783808K Free: 981997K (55%)
----------------- Invoking toplevel() on ptolemy.moml.MoMLSimpleApplication@1a5cc7eb
----------------- Done invoking toplevel() on ptolemy.moml.MoMLSimpleApplication@1a5cc7eb
reloadAllAccessors: .TrigFunctionDE

===========================================================================================
----------------- testing Thu May 09 04:14:24 UTC 2019 /home/travis/build/icyphy/ptII/ptolemy/actor/lib/test/auto/TrigFunctionInverse.xml
----------------- Instantiating /home/travis/build/icyphy/ptII/ptolemy/actor/lib/test/auto/TrigFunctionInverse.xml
2 ms. Memory: 1783808K Free: 959742K (54%)
----------------- Invoking toplevel() on ptolemy.moml.MoMLSimpleApplication@13bb6f74
----------------- Done invoking toplevel() on ptolemy.moml.MoMLSimpleApplication@13bb6f74
reloadAllAccessors: .TrigFunctionInverse

===========================================================================================
----------------- testing Thu May 09 04:14:24 UTC 2019 /home/travis/build/icyphy/ptII/ptolemy/actor/lib/test/auto/TrigFunctionTan.xml
----------------- Instantiating /home/travis/build/icyphy/ptII/ptolemy/actor/lib/test/auto/TrigFunctionTan.xml
1 ms. Memory: 1783808K Free: 933000K (52%)
----------------- Invoking toplevel() on ptolemy.moml.MoMLSimpleApplication@77b9ba7c
----------------- Done invoking toplevel() on ptolemy.moml.MoMLSimpleApplication@77b9ba7c
reloadAllAccessors: .TrigFunctionTan

===========================================================================================
----------------- testing Thu May 09 04:14:24 UTC 2019 /home/travis/build/icyphy/ptII/ptolemy/actor/lib/test/auto/TriggeredClock.xml
----------------- Instantiating /home/travis/build/icyphy/ptII/ptolemy/actor/lib/test/auto/TriggeredClock.xml
1 ms. Memory: 1783808K Free: 910745K (51%)
----------------- Invoking toplevel() on ptolemy.moml.MoMLSimpleApplication@74d1155c
----------------- Done invoking toplevel() on ptolemy.moml.MoMLSimpleApplication@74d1155c
reloadAllAccessors: .TriggeredClock

===========================================================================================
----------------- testing Thu May 09 04:14:24 UTC 2019 /home/travis/build/icyphy/ptII/ptolemy/actor/lib/test/auto/URLDirectoryReader.xml
----------------- Instantiating /home/travis/build/icyphy/ptII/ptolemy/actor/lib/test/auto/URLDirectoryReader.xml
26 ms. Memory: 1783808K Free: 884003K (50%)
----------------- Invoking toplevel() on ptolemy.moml.MoMLSimpleApplication@41257f2
----------------- Done invoking toplevel() on ptolemy.moml.MoMLSimpleApplication@41257f2
reloadAllAccessors: .URLDirectoryReader

===========================================================================================
----------------- testing Thu May 09 04:14:24 UTC 2019 /home/travis/build/icyphy/ptII/ptolemy/actor/lib/test/auto/URLDirectoryReader3.xml
----------------- Instantiating /home/travis/build/icyphy/ptII/ptolemy/actor/lib/test/auto/URLDirectoryReader3.xml
1197 ms. Memory: 1783808K Free: 817239K (46%)
----------------- Invoking toplevel() on ptolemy.moml.MoMLSimpleApplication@70898b34
----------------- Done invoking toplevel() on ptolemy.moml.MoMLSimpleApplication@70898b34
reloadAllAccessors: .URLDirectoryReader3

===========================================================================================
----------------- testing Thu May 09 04:14:25 UTC 2019 /home/travis/build/icyphy/ptII/ptolemy/actor/lib/test/auto/UnaryMathFunction.xml
----------------- Instantiating /home/travis/build/icyphy/ptII/ptolemy/actor/lib/test/auto/UnaryMathFunction.xml
6 ms. Memory: 1783808K Free: 790497K (44%)
----------------- Invoking toplevel() on ptolemy.moml.MoMLSimpleApplication@68c50750
----------------- Done invoking toplevel() on ptolemy.moml.MoMLSimpleApplication@68c50750
reloadAllAccessors: .UnaryMathFunction

===========================================================================================
----------------- testing Thu May 09 04:14:25 UTC 2019 /home/travis/build/icyphy/ptII/ptolemy/actor/lib/test/auto/Uniform.xml
----------------- Instantiating /home/travis/build/icyphy/ptII/ptolemy/actor/lib/test/auto/Uniform.xml
2 ms. Memory: 1783808K Free: 763755K (43%)
----------------- Invoking toplevel() on ptolemy.moml.MoMLSimpleApplication@10b21706
----------------- Done invoking toplevel() on ptolemy.moml.MoMLSimpleApplication@10b21706
reloadAllAccessors: .Uniform

===========================================================================================
----------------- testing Thu May 09 04:14:25 UTC 2019 /home/travis/build/icyphy/ptII/ptolemy/actor/lib/test/auto/UnionDisassemblerTest.xml
----------------- Instantiating /home/travis/build/icyphy/ptII/ptolemy/actor/lib/test/auto/UnionDisassemblerTest.xml
6 ms. Memory: 1783808K Free: 741500K (42%)
----------------- Invoking toplevel() on ptolemy.moml.MoMLSimpleApplication@636c5e00
----------------- Done invoking toplevel() on ptolemy.moml.MoMLSimpleApplication@636c5e00
reloadAllAccessors: .UnionDisassemblerTest

===========================================================================================
----------------- testing Thu May 09 04:14:25 UTC 2019 /home/travis/build/icyphy/ptII/ptolemy/actor/lib/test/auto/UtilityFunctions.xml
----------------- Instantiating /home/travis/build/icyphy/ptII/ptolemy/actor/lib/test/auto/UtilityFunctions.xml
1 ms. Memory: 1783808K Free: 714759K (40%)
----------------- Invoking toplevel() on ptolemy.moml.MoMLSimpleApplication@7f5db7ed
----------------- Done invoking toplevel() on ptolemy.moml.MoMLSimpleApplication@7f5db7ed
reloadAllAccessors: .UtilityFunctions

===========================================================================================
----------------- testing Thu May 09 04:14:25 UTC 2019 /home/travis/build/icyphy/ptII/ptolemy/actor/lib/test/auto/VariableSleep.xml
----------------- Instantiating /home/travis/build/icyphy/ptII/ptolemy/actor/lib/test/auto/VariableSleep.xml
511 ms. Memory: 1783808K Free: 692504K (39%)
----------------- Invoking toplevel() on ptolemy.moml.MoMLSimpleApplication@2eeea848
----------------- Done invoking toplevel() on ptolemy.moml.MoMLSimpleApplication@2eeea848
reloadAllAccessors: .VariableSleep

===========================================================================================
----------------- testing Thu May 09 04:14:26 UTC 2019 /home/travis/build/icyphy/ptII/ptolemy/actor/lib/test/auto/VectorAssemblerDisassemblerCT.xml
----------------- Instantiating /home/travis/build/icyphy/ptII/ptolemy/actor/lib/test/auto/VectorAssemblerDisassemblerCT.xml
66 ms. Memory: 1783808K Free: 654618K (37%)
----------------- Invoking toplevel() on ptolemy.moml.MoMLSimpleApplication@4164f469
----------------- Done invoking toplevel() on ptolemy.moml.MoMLSimpleApplication@4164f469
reloadAllAccessors: .VectorAssemblerDisassemblerCT

===========================================================================================
----------------- testing Thu May 09 04:14:26 UTC 2019 /home/travis/build/icyphy/ptII/ptolemy/actor/lib/test/auto/VectorAssemblerDisassemblerDE.xml
----------------- Instantiating /home/travis/build/icyphy/ptII/ptolemy/actor/lib/test/auto/VectorAssemblerDisassemblerDE.xml
3 ms. Memory: 1783808K Free: 632364K (35%)
----------------- Invoking toplevel() on ptolemy.moml.MoMLSimpleApplication@3d246e5d
----------------- Done invoking toplevel() on ptolemy.moml.MoMLSimpleApplication@3d246e5d
reloadAllAccessors: .VectorAssemblerDisassemblerDE

===========================================================================================
----------------- testing Thu May 09 04:14:26 UTC 2019 /home/travis/build/icyphy/ptII/ptolemy/actor/lib/test/auto/VectorAssemblerDisassemblerSDF.xml
----------------- Instantiating /home/travis/build/icyphy/ptII/ptolemy/actor/lib/test/auto/VectorAssemblerDisassemblerSDF.xml
2 ms. Memory: 1783808K Free: 605622K (34%)
----------------- Invoking toplevel() on ptolemy.moml.MoMLSimpleApplication@4f518d93
----------------- Done invoking toplevel() on ptolemy.moml.MoMLSimpleApplication@4f518d93
reloadAllAccessors: .VectorAssemblerDisassemblerSDF

===========================================================================================
----------------- testing Thu May 09 04:14:26 UTC 2019 /home/travis/build/icyphy/ptII/ptolemy/actor/lib/test/auto/WallClockTime.xml
----------------- Instantiating /home/travis/build/icyphy/ptII/ptolemy/actor/lib/test/auto/WallClockTime.xml
1004 ms. Memory: 1783808K Free: 583367K (33%)
----------------- Invoking toplevel() on ptolemy.moml.MoMLSimpleApplication@55af1176
----------------- Done invoking toplevel() on ptolemy.moml.MoMLSimpleApplication@55af1176
reloadAllAccessors: .WallClockTime

===========================================================================================
----------------- testing Thu May 09 04:14:27 UTC 2019 /home/travis/build/icyphy/ptII/ptolemy/actor/lib/test/auto/WidthTestWithSubscriberPublisher.xml
----------------- Instantiating /home/travis/build/icyphy/ptII/ptolemy/actor/lib/test/auto/WidthTestWithSubscriberPublisher.xml
7 ms. Memory: 1783808K Free: 545482K (31%)
----------------- Invoking toplevel() on ptolemy.moml.MoMLSimpleApplication@7d4dcb4b
----------------- Done invoking toplevel() on ptolemy.moml.MoMLSimpleApplication@7d4dcb4b
reloadAllAccessors: .WidthTestWithSubscriberPublisher

===========================================================================================
----------------- testing Thu May 09 04:14:27 UTC 2019 /home/travis/build/icyphy/ptII/ptolemy/actor/lib/test/auto/WidthTestWithSubscriberPublisher2.xml
----------------- Instantiating /home/travis/build/icyphy/ptII/ptolemy/actor/lib/test/auto/WidthTestWithSubscriberPublisher2.xml
2 ms. Memory: 1783808K Free: 518740K (29%)
----------------- Invoking toplevel() on ptolemy.moml.MoMLSimpleApplication@26310002
----------------- Done invoking toplevel() on ptolemy.moml.MoMLSimpleApplication@26310002
reloadAllAccessors: .WidthTestWithSubscriberPublisher2

===========================================================================================
----------------- testing Thu May 09 04:14:27 UTC 2019 /home/travis/build/icyphy/ptII/ptolemy/actor/lib/test/auto/WidthTestWithSubscriberPublisher3.xml
----------------- Instantiating /home/travis/build/icyphy/ptII/ptolemy/actor/lib/test/auto/WidthTestWithSubscriberPublisher3.xml
2 ms. Memory: 1783808K Free: 496485K (28%)
----------------- Invoking toplevel() on ptolemy.moml.MoMLSimpleApplication@451f30a5
----------------- Done invoking toplevel() on ptolemy.moml.MoMLSimpleApplication@451f30a5
reloadAllAccessors: .WidthTestWithSubscriberPublisher3

===========================================================================================
----------------- testing Thu May 09 04:14:27 UTC 2019 /home/travis/build/icyphy/ptII/ptolemy/actor/lib/test/auto/Writer.xml
----------------- Instantiating /home/travis/build/icyphy/ptII/ptolemy/actor/lib/test/auto/Writer.xml
0
1
2
3
4
1 ms. Memory: 1783808K Free: 469744K (26%)
----------------- Invoking toplevel() on ptolemy.moml.MoMLSimpleApplication@128f1a96
----------------- Done invoking toplevel() on ptolemy.moml.MoMLSimpleApplication@128f1a96
reloadAllAccessors: .Writer

===========================================================================================
----------------- testing Thu May 09 04:14:27 UTC 2019 /home/travis/build/icyphy/ptII/ptolemy/actor/lib/test/auto/array.xml
----------------- Instantiating /home/travis/build/icyphy/ptII/ptolemy/actor/lib/test/auto/array.xml
2 ms. Memory: 1783808K Free: 447489K (25%)
----------------- Invoking toplevel() on ptolemy.moml.MoMLSimpleApplication@16be1dfa
----------------- Done invoking toplevel() on ptolemy.moml.MoMLSimpleApplication@16be1dfa
reloadAllAccessors: .array

===========================================================================================
----------------- testing Thu May 09 04:14:27 UTC 2019 /home/travis/build/icyphy/ptII/ptolemy/actor/lib/test/auto/array2.xml
----------------- Instantiating /home/travis/build/icyphy/ptII/ptolemy/actor/lib/test/auto/array2.xml
2 ms. Memory: 1783808K Free: 420747K (24%)
----------------- Invoking toplevel() on ptolemy.moml.MoMLSimpleApplication@1af3918f
----------------- Done invoking toplevel() on ptolemy.moml.MoMLSimpleApplication@1af3918f
reloadAllAccessors: .array2

===========================================================================================
----------------- testing Thu May 09 04:14:27 UTC 2019 /home/travis/build/icyphy/ptII/ptolemy/actor/lib/test/auto/arrayType.xml
----------------- Instantiating /home/travis/build/icyphy/ptII/ptolemy/actor/lib/test/auto/arrayType.xml
1 ms. Memory: 1783808K Free: 398492K (22%)
----------------- Invoking toplevel() on ptolemy.moml.MoMLSimpleApplication@4ef3cd6a
----------------- Done invoking toplevel() on ptolemy.moml.MoMLSimpleApplication@4ef3cd6a
reloadAllAccessors: .arrayType

===========================================================================================
----------------- testing Thu May 09 04:14:27 UTC 2019 /home/travis/build/icyphy/ptII/ptolemy/actor/lib/test/auto/arrayType10.xml
----------------- Instantiating /home/travis/build/icyphy/ptII/ptolemy/actor/lib/test/auto/arrayType10.xml
1 ms. Memory: 1783808K Free: 371750K (21%)
----------------- Invoking toplevel() on ptolemy.moml.MoMLSimpleApplication@19abb04b
----------------- Done invoking toplevel() on ptolemy.moml.MoMLSimpleApplication@19abb04b
reloadAllAccessors: .arrayType10

===========================================================================================
----------------- testing Thu May 09 04:14:27 UTC 2019 /home/travis/build/icyphy/ptII/ptolemy/actor/lib/test/auto/arrayType11.xml
----------------- Instantiating /home/travis/build/icyphy/ptII/ptolemy/actor/lib/test/auto/arrayType11.xml
1 ms. Memory: 1783808K Free: 345009K (19%)
----------------- Invoking toplevel() on ptolemy.moml.MoMLSimpleApplication@49b0abc0
----------------- Done invoking toplevel() on ptolemy.moml.MoMLSimpleApplication@49b0abc0
reloadAllAccessors: .arrayType11

===========================================================================================
----------------- testing Thu May 09 04:14:27 UTC 2019 /home/travis/build/icyphy/ptII/ptolemy/actor/lib/test/auto/arrayType12.xml
----------------- Instantiating /home/travis/build/icyphy/ptII/ptolemy/actor/lib/test/auto/arrayType12.xml
1 ms. Memory: 1783808K Free: 322754K (18%)
----------------- Invoking toplevel() on ptolemy.moml.MoMLSimpleApplication@7e01d473
----------------- Done invoking toplevel() on ptolemy.moml.MoMLSimpleApplication@7e01d473
reloadAllAccessors: .arrayType12

===========================================================================================
----------------- testing Thu May 09 04:14:27 UTC 2019 /home/travis/build/icyphy/ptII/ptolemy/actor/lib/test/auto/arrayType13.xml
----------------- Instantiating /home/travis/build/icyphy/ptII/ptolemy/actor/lib/test/auto/arrayType13.xml
2 ms. Memory: 1783808K Free: 296012K (17%)
----------------- Invoking toplevel() on ptolemy.moml.MoMLSimpleApplication@445a3701
----------------- Done invoking toplevel() on ptolemy.moml.MoMLSimpleApplication@445a3701
reloadAllAccessors: .arrayType13

===========================================================================================
----------------- testing Thu May 09 04:14:27 UTC 2019 /home/travis/build/icyphy/ptII/ptolemy/actor/lib/test/auto/arrayType14.xml
----------------- Instantiating /home/travis/build/icyphy/ptII/ptolemy/actor/lib/test/auto/arrayType14.xml
3 ms. Memory: 1783808K Free: 273757K (15%)
----------------- Invoking toplevel() on ptolemy.moml.MoMLSimpleApplication@309130b9
----------------- Done invoking toplevel() on ptolemy.moml.MoMLSimpleApplication@309130b9
reloadAllAccessors: .arrayType14

===========================================================================================
----------------- testing Thu May 09 04:14:27 UTC 2019 /home/travis/build/icyphy/ptII/ptolemy/actor/lib/test/auto/arrayType15.xml
----------------- Instantiating /home/travis/build/icyphy/ptII/ptolemy/actor/lib/test/auto/arrayType15.xml
2 ms. Memory: 1783808K Free: 247015K (14%)
----------------- Invoking toplevel() on ptolemy.moml.MoMLSimpleApplication@308d13ea
----------------- Done invoking toplevel() on ptolemy.moml.MoMLSimpleApplication@308d13ea
reloadAllAccessors: .arrayType15

===========================================================================================
----------------- testing Thu May 09 04:14:27 UTC 2019 /home/travis/build/icyphy/ptII/ptolemy/actor/lib/test/auto/arrayType16.xml
----------------- Instantiating /home/travis/build/icyphy/ptII/ptolemy/actor/lib/test/auto/arrayType16.xml
1 ms. Memory: 1783808K Free: 224760K (13%)
----------------- Invoking toplevel() on ptolemy.moml.MoMLSimpleApplication@5873a2e4
----------------- Done invoking toplevel() on ptolemy.moml.MoMLSimpleApplication@5873a2e4
reloadAllAccessors: .arrayType16

===========================================================================================
----------------- testing Thu May 09 04:14:27 UTC 2019 /home/travis/build/icyphy/ptII/ptolemy/actor/lib/test/auto/arrayType17.xml
----------------- Instantiating /home/travis/build/icyphy/ptII/ptolemy/actor/lib/test/auto/arrayType17.xml
3 ms. Memory: 1783808K Free: 198018K (11%)
----------------- Invoking toplevel() on ptolemy.moml.MoMLSimpleApplication@7e378e9e
----------------- Done invoking toplevel() on ptolemy.moml.MoMLSimpleApplication@7e378e9e
reloadAllAccessors: .arrayType17

===========================================================================================
----------------- testing Thu May 09 04:14:27 UTC 2019 /home/travis/build/icyphy/ptII/ptolemy/actor/lib/test/auto/arrayType18.xml
----------------- Instantiating /home/travis/build/icyphy/ptII/ptolemy/actor/lib/test/auto/arrayType18.xml
2 ms. Memory: 1783808K Free: 175763K (10%)
----------------- Invoking toplevel() on ptolemy.moml.MoMLSimpleApplication@4538b183
----------------- Done invoking toplevel() on ptolemy.moml.MoMLSimpleApplication@4538b183
reloadAllAccessors: .arrayType18

===========================================================================================
----------------- testing Thu May 09 04:14:27 UTC 2019 /home/travis/build/icyphy/ptII/ptolemy/actor/lib/test/auto/arrayType19.xml
----------------- Instantiating /home/travis/build/icyphy/ptII/ptolemy/actor/lib/test/auto/arrayType19.xml
2 ms. Memory: 1783808K Free: 149021K (8%)
----------------- Invoking toplevel() on ptolemy.moml.MoMLSimpleApplication@346aeba0
----------------- Done invoking toplevel() on ptolemy.moml.MoMLSimpleApplication@346aeba0
reloadAllAccessors: .arrayType19

===========================================================================================
----------------- testing Thu May 09 04:14:27 UTC 2019 /home/travis/build/icyphy/ptII/ptolemy/actor/lib/test/auto/arrayType2.xml
----------------- Instantiating /home/travis/build/icyphy/ptII/ptolemy/actor/lib/test/auto/arrayType2.xml
1 ms. Memory: 1783808K Free: 122280K (7%)
----------------- Invoking toplevel() on ptolemy.moml.MoMLSimpleApplication@65fd9244
----------------- Done invoking toplevel() on ptolemy.moml.MoMLSimpleApplication@65fd9244
reloadAllAccessors: .arrayType2

===========================================================================================
----------------- testing Thu May 09 04:14:28 UTC 2019 /home/travis/build/icyphy/ptII/ptolemy/actor/lib/test/auto/arrayType20.xml
----------------- Instantiating /home/travis/build/icyphy/ptII/ptolemy/actor/lib/test/auto/arrayType20.xml
1 ms. Memory: 1783808K Free: 100025K (6%)
----------------- Invoking toplevel() on ptolemy.moml.MoMLSimpleApplication@143c8920
----------------- Done invoking toplevel() on ptolemy.moml.MoMLSimpleApplication@143c8920
reloadAllAccessors: .arrayType20

===========================================================================================
----------------- testing Thu May 09 04:14:28 UTC 2019 /home/travis/build/icyphy/ptII/ptolemy/actor/lib/test/auto/arrayType21.xml
----------------- Instantiating /home/travis/build/icyphy/ptII/ptolemy/actor/lib/test/auto/arrayType21.xml
1 ms. Memory: 1783808K Free: 74630K (4%)
----------------- Invoking toplevel() on ptolemy.moml.MoMLSimpleApplication@22e60cd3
----------------- Done invoking toplevel() on ptolemy.moml.MoMLSimpleApplication@22e60cd3
reloadAllAccessors: .arrayType21

===========================================================================================
----------------- testing Thu May 09 04:14:28 UTC 2019 /home/travis/build/icyphy/ptII/ptolemy/actor/lib/test/auto/arrayType22.xml
----------------- Instantiating /home/travis/build/icyphy/ptII/ptolemy/actor/lib/test/auto/arrayType22.xml
1 ms. Memory: 1783808K Free: 1712240K (96%)
----------------- Invoking toplevel() on ptolemy.moml.MoMLSimpleApplication@3a48c296
----------------- Done invoking toplevel() on ptolemy.moml.MoMLSimpleApplication@3a48c296
reloadAllAccessors: .arrayType22

===========================================================================================
----------------- testing Thu May 09 04:14:28 UTC 2019 /home/travis/build/icyphy/ptII/ptolemy/actor/lib/test/auto/arrayType23.xml
----------------- Instantiating /home/travis/build/icyphy/ptII/ptolemy/actor/lib/test/auto/arrayType23.xml
2 ms. Memory: 1783808K Free: 1685969K (95%)
----------------- Invoking toplevel() on ptolemy.moml.MoMLSimpleApplication@2230c2d8
----------------- Done invoking toplevel() on ptolemy.moml.MoMLSimpleApplication@2230c2d8
reloadAllAccessors: .arrayType23

===========================================================================================
----------------- testing Thu May 09 04:14:28 UTC 2019 /home/travis/build/icyphy/ptII/ptolemy/actor/lib/test/auto/arrayType24.xml
----------------- Instantiating /home/travis/build/icyphy/ptII/ptolemy/actor/lib/test/auto/arrayType24.xml
1 ms. Memory: 1783808K Free: 1659697K (93%)
----------------- Invoking toplevel() on ptolemy.moml.MoMLSimpleApplication@b20ee8d
----------------- Done invoking toplevel() on ptolemy.moml.MoMLSimpleApplication@b20ee8d
reloadAllAccessors: .arrayType24

===========================================================================================
----------------- testing Thu May 09 04:14:28 UTC 2019 /home/travis/build/icyphy/ptII/ptolemy/actor/lib/test/auto/arrayType25.xml
----------------- Instantiating /home/travis/build/icyphy/ptII/ptolemy/actor/lib/test/auto/arrayType25.xml
1 ms. Memory: 1783808K Free: 1637415K (92%)
----------------- Invoking toplevel() on ptolemy.moml.MoMLSimpleApplication@3b9733b0
----------------- Done invoking toplevel() on ptolemy.moml.MoMLSimpleApplication@3b9733b0
reloadAllAccessors: .arrayType25

===========================================================================================
----------------- testing Thu May 09 04:14:28 UTC 2019 /home/travis/build/icyphy/ptII/ptolemy/actor/lib/test/auto/arrayType26.xml
----------------- Instantiating /home/travis/build/icyphy/ptII/ptolemy/actor/lib/test/auto/arrayType26.xml
2 ms. Memory: 1783808K Free: 1611144K (90%)
----------------- Invoking toplevel() on ptolemy.moml.MoMLSimpleApplication@39ba316b
----------------- Done invoking toplevel() on ptolemy.moml.MoMLSimpleApplication@39ba316b
reloadAllAccessors: .arrayType26

===========================================================================================
----------------- testing Thu May 09 04:14:28 UTC 2019 /home/travis/build/icyphy/ptII/ptolemy/actor/lib/test/auto/arrayType27.xml
----------------- Instantiating /home/travis/build/icyphy/ptII/ptolemy/actor/lib/test/auto/arrayType27.xml
1 ms. Memory: 1783808K Free: 1584872K (89%)
----------------- Invoking toplevel() on ptolemy.moml.MoMLSimpleApplication@2f13269e
----------------- Done invoking toplevel() on ptolemy.moml.MoMLSimpleApplication@2f13269e
reloadAllAccessors: .arrayType27

===========================================================================================
----------------- testing Thu May 09 04:14:28 UTC 2019 /home/travis/build/icyphy/ptII/ptolemy/actor/lib/test/auto/arrayType28.xml
----------------- Instantiating /home/travis/build/icyphy/ptII/ptolemy/actor/lib/test/auto/arrayType28.xml
1 ms. Memory: 1783808K Free: 1562590K (88%)
----------------- Invoking toplevel() on ptolemy.moml.MoMLSimpleApplication@16aa3692
----------------- Done invoking toplevel() on ptolemy.moml.MoMLSimpleApplication@16aa3692
reloadAllAccessors: .arrayType28

===========================================================================================
----------------- testing Thu May 09 04:14:28 UTC 2019 /home/travis/build/icyphy/ptII/ptolemy/actor/lib/test/auto/arrayType3.xml
----------------- Instantiating /home/travis/build/icyphy/ptII/ptolemy/actor/lib/test/auto/arrayType3.xml
2 ms. Memory: 1783808K Free: 1536319K (86%)
----------------- Invoking toplevel() on ptolemy.moml.MoMLSimpleApplication@570783b6
----------------- Done invoking toplevel() on ptolemy.moml.MoMLSimpleApplication@570783b6
reloadAllAccessors: .arrayType3

===========================================================================================
----------------- testing Thu May 09 04:14:28 UTC 2019 /home/travis/build/icyphy/ptII/ptolemy/actor/lib/test/auto/arrayType4.xml
----------------- Instantiating /home/travis/build/icyphy/ptII/ptolemy/actor/lib/test/auto/arrayType4.xml
1 ms. Memory: 1783808K Free: 1510047K (85%)
----------------- Invoking toplevel() on ptolemy.moml.MoMLSimpleApplication@5a44be93
----------------- Done invoking toplevel() on ptolemy.moml.MoMLSimpleApplication@5a44be93
reloadAllAccessors: .arrayType4

===========================================================================================
----------------- testing Thu May 09 04:14:28 UTC 2019 /home/travis/build/icyphy/ptII/ptolemy/actor/lib/test/auto/arrayType5.xml
----------------- Instantiating /home/travis/build/icyphy/ptII/ptolemy/actor/lib/test/auto/arrayType5.xml
2 ms. Memory: 1783808K Free: 1487765K (83%)
----------------- Invoking toplevel() on ptolemy.moml.MoMLSimpleApplication@2800e818
----------------- Done invoking toplevel() on ptolemy.moml.MoMLSimpleApplication@2800e818
reloadAllAccessors: .arrayType5

===========================================================================================
----------------- testing Thu May 09 04:14:28 UTC 2019 /home/travis/build/icyphy/ptII/ptolemy/actor/lib/test/auto/arrayType6.xml
----------------- Instantiating /home/travis/build/icyphy/ptII/ptolemy/actor/lib/test/auto/arrayType6.xml
1 ms. Memory: 1783808K Free: 1461494K (82%)
----------------- Invoking toplevel() on ptolemy.moml.MoMLSimpleApplication@260b765e
----------------- Done invoking toplevel() on ptolemy.moml.MoMLSimpleApplication@260b765e
reloadAllAccessors: .arrayType6

===========================================================================================
----------------- testing Thu May 09 04:14:28 UTC 2019 /home/travis/build/icyphy/ptII/ptolemy/actor/lib/test/auto/arrayType7.xml
----------------- Instantiating /home/travis/build/icyphy/ptII/ptolemy/actor/lib/test/auto/arrayType7.xml
4 ms. Memory: 1783808K Free: 1435222K (80%)
----------------- Invoking toplevel() on ptolemy.moml.MoMLSimpleApplication@711a312
----------------- Done invoking toplevel() on ptolemy.moml.MoMLSimpleApplication@711a312
reloadAllAccessors: .arrayType7

===========================================================================================
----------------- testing Thu May 09 04:14:28 UTC 2019 /home/travis/build/icyphy/ptII/ptolemy/actor/lib/test/auto/arrayType8.xml
----------------- Instantiating /home/travis/build/icyphy/ptII/ptolemy/actor/lib/test/auto/arrayType8.xml
2 ms. Memory: 1783808K Free: 1412940K (79%)
----------------- Invoking toplevel() on ptolemy.moml.MoMLSimpleApplication@19e4f35a
----------------- Done invoking toplevel() on ptolemy.moml.MoMLSimpleApplication@19e4f35a
reloadAllAccessors: .arrayType8

===========================================================================================
----------------- testing Thu May 09 04:14:28 UTC 2019 /home/travis/build/icyphy/ptII/ptolemy/actor/lib/test/auto/arrayType9.xml
----------------- Instantiating /home/travis/build/icyphy/ptII/ptolemy/actor/lib/test/auto/arrayType9.xml
1 ms. Memory: 1783808K Free: 1386668K (78%)
----------------- Invoking toplevel() on ptolemy.moml.MoMLSimpleApplication@a8f513f
----------------- Done invoking toplevel() on ptolemy.moml.MoMLSimpleApplication@a8f513f
reloadAllAccessors: .arrayType9

===========================================================================================
----------------- testing Thu May 09 04:14:28 UTC 2019 /home/travis/build/icyphy/ptII/ptolemy/actor/lib/test/auto/cast.xml
----------------- Instantiating /home/travis/build/icyphy/ptII/ptolemy/actor/lib/test/auto/cast.xml
2 ms. Memory: 1783808K Free: 1364386K (76%)
----------------- Invoking toplevel() on ptolemy.moml.MoMLSimpleApplication@61bd2b5d
----------------- Done invoking toplevel() on ptolemy.moml.MoMLSimpleApplication@61bd2b5d
reloadAllAccessors: .cast

===========================================================================================
----------------- testing Thu May 09 04:14:28 UTC 2019 /home/travis/build/icyphy/ptII/ptolemy/actor/lib/test/auto/compositeMultiPort.xml
----------------- Instantiating /home/travis/build/icyphy/ptII/ptolemy/actor/lib/test/auto/compositeMultiPort.xml
3 ms. Memory: 1783808K Free: 1338115K (75%)
----------------- Invoking toplevel() on ptolemy.moml.MoMLSimpleApplication@f85bda0
----------------- Done invoking toplevel() on ptolemy.moml.MoMLSimpleApplication@f85bda0
reloadAllAccessors: .compositeMultiPort

===========================================================================================
----------------- testing Thu May 09 04:14:28 UTC 2019 /home/travis/build/icyphy/ptII/ptolemy/actor/lib/test/auto/expressionCastInference.xml
----------------- Instantiating /home/travis/build/icyphy/ptII/ptolemy/actor/lib/test/auto/expressionCastInference.xml
3 ms. Memory: 1783808K Free: 1311843K (74%)
----------------- Invoking toplevel() on ptolemy.moml.MoMLSimpleApplication@2f49c83d
----------------- Done invoking toplevel() on ptolemy.moml.MoMLSimpleApplication@2f49c83d
reloadAllAccessors: .expressionCastInference

===========================================================================================
----------------- testing Thu May 09 04:14:28 UTC 2019 /home/travis/build/icyphy/ptII/ptolemy/actor/lib/test/auto/expressionCastInference2.xml
----------------- Instantiating /home/travis/build/icyphy/ptII/ptolemy/actor/lib/test/auto/expressionCastInference2.xml
1 ms. Memory: 1783808K Free: 1289561K (72%)
----------------- Invoking toplevel() on ptolemy.moml.MoMLSimpleApplication@3da212ca
----------------- Done invoking toplevel() on ptolemy.moml.MoMLSimpleApplication@3da212ca
reloadAllAccessors: .expressionCastInference2

===========================================================================================
----------------- testing Thu May 09 04:14:28 UTC 2019 /home/travis/build/icyphy/ptII/ptolemy/actor/lib/test/auto/expressionInference.xml
----------------- Instantiating /home/travis/build/icyphy/ptII/ptolemy/actor/lib/test/auto/expressionInference.xml
1 ms. Memory: 1783808K Free: 1263289K (71%)
----------------- Invoking toplevel() on ptolemy.moml.MoMLSimpleApplication@3d6c6e02
----------------- Done invoking toplevel() on ptolemy.moml.MoMLSimpleApplication@3d6c6e02
reloadAllAccessors: .expressionInference

===========================================================================================
----------------- testing Thu May 09 04:14:28 UTC 2019 /home/travis/build/icyphy/ptII/ptolemy/actor/lib/test/auto/expression_bug.xml
----------------- Instantiating /home/travis/build/icyphy/ptII/ptolemy/actor/lib/test/auto/expression_bug.xml
1 ms. Memory: 1783808K Free: 1237018K (69%)
----------------- Invoking toplevel() on ptolemy.moml.MoMLSimpleApplication@5a82c36d
----------------- Done invoking toplevel() on ptolemy.moml.MoMLSimpleApplication@5a82c36d
reloadAllAccessors: .expression_bug

===========================================================================================
----------------- testing Thu May 09 04:14:28 UTC 2019 /home/travis/build/icyphy/ptII/ptolemy/actor/lib/test/auto/factorial.xml
----------------- Instantiating /home/travis/build/icyphy/ptII/ptolemy/actor/lib/test/auto/factorial.xml
48 ms. Memory: 1783808K Free: 1214695K (68%)
----------------- Invoking toplevel() on ptolemy.moml.MoMLSimpleApplication@127d7ec
----------------- Done invoking toplevel() on ptolemy.moml.MoMLSimpleApplication@127d7ec
reloadAllAccessors: .factorial

===========================================================================================
----------------- testing Thu May 09 04:14:28 UTC 2019 /home/travis/build/icyphy/ptII/ptolemy/actor/lib/test/auto/filterTest1.xml
----------------- Instantiating /home/travis/build/icyphy/ptII/ptolemy/actor/lib/test/auto/filterTest1.xml
3 ms. Memory: 1783808K Free: 1188424K (67%)
----------------- Invoking toplevel() on ptolemy.moml.MoMLSimpleApplication@7532074a
----------------- Done invoking toplevel() on ptolemy.moml.MoMLSimpleApplication@7532074a
reloadAllAccessors: .filterTest1

===========================================================================================
----------------- testing Thu May 09 04:14:28 UTC 2019 /home/travis/build/icyphy/ptII/ptolemy/actor/lib/test/auto/funcApplyInConst.xml
----------------- Instantiating /home/travis/build/icyphy/ptII/ptolemy/actor/lib/test/auto/funcApplyInConst.xml
1 ms. Memory: 1783808K Free: 1162153K (65%)
----------------- Invoking toplevel() on ptolemy.moml.MoMLSimpleApplication@ecfea2e
----------------- Done invoking toplevel() on ptolemy.moml.MoMLSimpleApplication@ecfea2e
reloadAllAccessors: .funcApplyInConst

===========================================================================================
----------------- testing Thu May 09 04:14:28 UTC 2019 /home/travis/build/icyphy/ptII/ptolemy/actor/lib/test/auto/funcApplyInExpr.xml
----------------- Instantiating /home/travis/build/icyphy/ptII/ptolemy/actor/lib/test/auto/funcApplyInExpr.xml
1 ms. Memory: 1783808K Free: 1139870K (64%)
----------------- Invoking toplevel() on ptolemy.moml.MoMLSimpleApplication@641cf0cc
----------------- Done invoking toplevel() on ptolemy.moml.MoMLSimpleApplication@641cf0cc
reloadAllAccessors: .funcApplyInExpr

===========================================================================================
----------------- testing Thu May 09 04:14:28 UTC 2019 /home/travis/build/icyphy/ptII/ptolemy/actor/lib/test/auto/function.xml
----------------- Instantiating /home/travis/build/icyphy/ptII/ptolemy/actor/lib/test/auto/function.xml
1 ms. Memory: 1783808K Free: 1113599K (62%)
----------------- Invoking toplevel() on ptolemy.moml.MoMLSimpleApplication@49dcf69d
----------------- Done invoking toplevel() on ptolemy.moml.MoMLSimpleApplication@49dcf69d
reloadAllAccessors: .function

===========================================================================================
----------------- testing Thu May 09 04:14:28 UTC 2019 /home/travis/build/icyphy/ptII/ptolemy/actor/lib/test/auto/function2.xml
----------------- Instantiating /home/travis/build/icyphy/ptII/ptolemy/actor/lib/test/auto/function2.xml
2 ms. Memory: 1783808K Free: 1087328K (61%)
----------------- Invoking toplevel() on ptolemy.moml.MoMLSimpleApplication@1f25ce02
----------------- Done invoking toplevel() on ptolemy.moml.MoMLSimpleApplication@1f25ce02
reloadAllAccessors: .function2

===========================================================================================
----------------- testing Thu May 09 04:14:28 UTC 2019 /home/travis/build/icyphy/ptII/ptolemy/actor/lib/test/auto/function3.xml
----------------- Instantiating /home/travis/build/icyphy/ptII/ptolemy/actor/lib/test/auto/function3.xml
1 ms. Memory: 1783808K Free: 1065045K (60%)
----------------- Invoking toplevel() on ptolemy.moml.MoMLSimpleApplication@76d61876
----------------- Done invoking toplevel() on ptolemy.moml.MoMLSimpleApplication@76d61876
reloadAllAccessors: .function3

===========================================================================================
----------------- testing Thu May 09 04:14:28 UTC 2019 /home/travis/build/icyphy/ptII/ptolemy/actor/lib/test/auto/functionClosureTest1.xml
----------------- Instantiating /home/travis/build/icyphy/ptII/ptolemy/actor/lib/test/auto/functionClosureTest1.xml
5 ms. Memory: 1783808K Free: 1038774K (58%)
----------------- Invoking toplevel() on ptolemy.moml.MoMLSimpleApplication@354bf6ab
----------------- Done invoking toplevel() on ptolemy.moml.MoMLSimpleApplication@354bf6ab
reloadAllAccessors: .functionClosureTest1

===========================================================================================
----------------- testing Thu May 09 04:14:28 UTC 2019 /home/travis/build/icyphy/ptII/ptolemy/actor/lib/test/auto/functionClosureTest2.xml
----------------- Instantiating /home/travis/build/icyphy/ptII/ptolemy/actor/lib/test/auto/functionClosureTest2.xml
1 ms. Memory: 1783808K Free: 1012503K (57%)
----------------- Invoking toplevel() on ptolemy.moml.MoMLSimpleApplication@2719d1e6
----------------- Done invoking toplevel() on ptolemy.moml.MoMLSimpleApplication@2719d1e6
reloadAllAccessors: .functionClosureTest2

===========================================================================================
----------------- testing Thu May 09 04:14:28 UTC 2019 /home/travis/build/icyphy/ptII/ptolemy/actor/lib/test/auto/functionClosureTest3.xml
----------------- Instantiating /home/travis/build/icyphy/ptII/ptolemy/actor/lib/test/auto/functionClosureTest3.xml
2 ms. Memory: 1783808K Free: 990220K (56%)
----------------- Invoking toplevel() on ptolemy.moml.MoMLSimpleApplication@2fa2a34b
----------------- Done invoking toplevel() on ptolemy.moml.MoMLSimpleApplication@2fa2a34b
reloadAllAccessors: .functionClosureTest3

===========================================================================================
----------------- testing Thu May 09 04:14:28 UTC 2019 /home/travis/build/icyphy/ptII/ptolemy/actor/lib/test/auto/functionClosureTest4.xml
----------------- Instantiating /home/travis/build/icyphy/ptII/ptolemy/actor/lib/test/auto/functionClosureTest4.xml
4 ms. Memory: 1783808K Free: 963949K (54%)
----------------- Invoking toplevel() on ptolemy.moml.MoMLSimpleApplication@57a9d783
----------------- Done invoking toplevel() on ptolemy.moml.MoMLSimpleApplication@57a9d783
reloadAllAccessors: .functionClosureTest4

===========================================================================================
----------------- testing Thu May 09 04:14:28 UTC 2019 /home/travis/build/icyphy/ptII/ptolemy/actor/lib/test/auto/functionClosureTest5.xml
----------------- Instantiating /home/travis/build/icyphy/ptII/ptolemy/actor/lib/test/auto/functionClosureTest5.xml
4 ms. Memory: 1783808K Free: 941667K (53%)
----------------- Invoking toplevel() on ptolemy.moml.MoMLSimpleApplication@f4b00d8
----------------- Done invoking toplevel() on ptolemy.moml.MoMLSimpleApplication@f4b00d8
reloadAllAccessors: .functionClosureTest5

===========================================================================================
----------------- testing Thu May 09 04:14:28 UTC 2019 /home/travis/build/icyphy/ptII/ptolemy/actor/lib/test/auto/functionClosureTest6.xml
----------------- Instantiating /home/travis/build/icyphy/ptII/ptolemy/actor/lib/test/auto/functionClosureTest6.xml
1 ms. Memory: 1783808K Free: 915395K (51%)
----------------- Invoking toplevel() on ptolemy.moml.MoMLSimpleApplication@61fcf9a0
----------------- Done invoking toplevel() on ptolemy.moml.MoMLSimpleApplication@61fcf9a0
reloadAllAccessors: .functionClosureTest6

===========================================================================================
----------------- testing Thu May 09 04:14:28 UTC 2019 /home/travis/build/icyphy/ptII/ptolemy/actor/lib/test/auto/functionsOnArcs.xml
----------------- Instantiating /home/travis/build/icyphy/ptII/ptolemy/actor/lib/test/auto/functionsOnArcs.xml
1 ms. Memory: 1783808K Free: 889124K (50%)
----------------- Invoking toplevel() on ptolemy.moml.MoMLSimpleApplication@231f46aa
----------------- Done invoking toplevel() on ptolemy.moml.MoMLSimpleApplication@231f46aa
reloadAllAccessors: .functionsOnArcs

===========================================================================================
----------------- testing Thu May 09 04:14:28 UTC 2019 /home/travis/build/icyphy/ptII/ptolemy/actor/lib/test/auto/functionsOnArcsHOF.xml
----------------- Instantiating /home/travis/build/icyphy/ptII/ptolemy/actor/lib/test/auto/functionsOnArcsHOF.xml
3 ms. Memory: 1783808K Free: 866842K (49%)
----------------- Invoking toplevel() on ptolemy.moml.MoMLSimpleApplication@f8d0462
----------------- Done invoking toplevel() on ptolemy.moml.MoMLSimpleApplication@f8d0462
reloadAllAccessors: .functionsOnArcsHOF

===========================================================================================
----------------- testing Thu May 09 04:14:28 UTC 2019 /home/travis/build/icyphy/ptII/ptolemy/actor/lib/test/auto/logic.xml
----------------- Instantiating /home/travis/build/icyphy/ptII/ptolemy/actor/lib/test/auto/logic.xml
2 ms. Memory: 1783808K Free: 840570K (47%)
----------------- Invoking toplevel() on ptolemy.moml.MoMLSimpleApplication@3346b00b
----------------- Done invoking toplevel() on ptolemy.moml.MoMLSimpleApplication@3346b00b
reloadAllAccessors: .logic

===========================================================================================
----------------- testing Thu May 09 04:14:28 UTC 2019 /home/travis/build/icyphy/ptII/ptolemy/actor/lib/test/auto/matrixType.xml
----------------- Instantiating /home/travis/build/icyphy/ptII/ptolemy/actor/lib/test/auto/matrixType.xml
2 ms. Memory: 1783808K Free: 814298K (46%)
----------------- Invoking toplevel() on ptolemy.moml.MoMLSimpleApplication@6ea435b4
----------------- Done invoking toplevel() on ptolemy.moml.MoMLSimpleApplication@6ea435b4
reloadAllAccessors: .matrixType

===========================================================================================
----------------- testing Thu May 09 04:14:28 UTC 2019 /home/travis/build/icyphy/ptII/ptolemy/actor/lib/test/auto/matrixType10.xml
----------------- Instantiating /home/travis/build/icyphy/ptII/ptolemy/actor/lib/test/auto/matrixType10.xml
1 ms. Memory: 1783808K Free: 792016K (44%)
----------------- Invoking toplevel() on ptolemy.moml.MoMLSimpleApplication@6b05dfd4
----------------- Done invoking toplevel() on ptolemy.moml.MoMLSimpleApplication@6b05dfd4
reloadAllAccessors: .matrixType10

===========================================================================================
----------------- testing Thu May 09 04:14:28 UTC 2019 /home/travis/build/icyphy/ptII/ptolemy/actor/lib/test/auto/matrixType11.xml
----------------- Instantiating /home/travis/build/icyphy/ptII/ptolemy/actor/lib/test/auto/matrixType11.xml
1 ms. Memory: 1783808K Free: 765745K (43%)
----------------- Invoking toplevel() on ptolemy.moml.MoMLSimpleApplication@3740dad6
----------------- Done invoking toplevel() on ptolemy.moml.MoMLSimpleApplication@3740dad6
reloadAllAccessors: .matrixType11

===========================================================================================
----------------- testing Thu May 09 04:14:28 UTC 2019 /home/travis/build/icyphy/ptII/ptolemy/actor/lib/test/auto/matrixType12.xml
----------------- Instantiating /home/travis/build/icyphy/ptII/ptolemy/actor/lib/test/auto/matrixType12.xml
1 ms. Memory: 1783808K Free: 739473K (41%)
----------------- Invoking toplevel() on ptolemy.moml.MoMLSimpleApplication@2fdb7bb4
----------------- Done invoking toplevel() on ptolemy.moml.MoMLSimpleApplication@2fdb7bb4
reloadAllAccessors: .matrixType12

===========================================================================================
----------------- testing Thu May 09 04:14:28 UTC 2019 /home/travis/build/icyphy/ptII/ptolemy/actor/lib/test/auto/matrixType13.xml
----------------- Instantiating /home/travis/build/icyphy/ptII/ptolemy/actor/lib/test/auto/matrixType13.xml
2 ms. Memory: 1783808K Free: 717191K (40%)
----------------- Invoking toplevel() on ptolemy.moml.MoMLSimpleApplication@4b7f77fc
----------------- Done invoking toplevel() on ptolemy.moml.MoMLSimpleApplication@4b7f77fc
reloadAllAccessors: .matrixType13

===========================================================================================
----------------- testing Thu May 09 04:14:28 UTC 2019 /home/travis/build/icyphy/ptII/ptolemy/actor/lib/test/auto/matrixType14.xml
----------------- Instantiating /home/travis/build/icyphy/ptII/ptolemy/actor/lib/test/auto/matrixType14.xml
1 ms. Memory: 1783808K Free: 690920K (39%)
----------------- Invoking toplevel() on ptolemy.moml.MoMLSimpleApplication@34640a4f
----------------- Done invoking toplevel() on ptolemy.moml.MoMLSimpleApplication@34640a4f
reloadAllAccessors: .matrixType14

===========================================================================================
----------------- testing Thu May 09 04:14:28 UTC 2019 /home/travis/build/icyphy/ptII/ptolemy/actor/lib/test/auto/matrixType2.xml
----------------- Instantiating /home/travis/build/icyphy/ptII/ptolemy/actor/lib/test/auto/matrixType2.xml
1 ms. Memory: 1783808K Free: 664648K (37%)
----------------- Invoking toplevel() on ptolemy.moml.MoMLSimpleApplication@6addf3b5
----------------- Done invoking toplevel() on ptolemy.moml.MoMLSimpleApplication@6addf3b5
reloadAllAccessors: .matrixType2

===========================================================================================
----------------- testing Thu May 09 04:14:28 UTC 2019 /home/travis/build/icyphy/ptII/ptolemy/actor/lib/test/auto/matrixType3.xml
----------------- Instantiating /home/travis/build/icyphy/ptII/ptolemy/actor/lib/test/auto/matrixType3.xml
4 ms. Memory: 1783808K Free: 642366K (36%)
----------------- Invoking toplevel() on ptolemy.moml.MoMLSimpleApplication@7d1fa5d7
----------------- Done invoking toplevel() on ptolemy.moml.MoMLSimpleApplication@7d1fa5d7
reloadAllAccessors: .matrixType3

===========================================================================================
----------------- testing Thu May 09 04:14:28 UTC 2019 /home/travis/build/icyphy/ptII/ptolemy/actor/lib/test/auto/matrixType4.xml
----------------- Instantiating /home/travis/build/icyphy/ptII/ptolemy/actor/lib/test/auto/matrixType4.xml
2 ms. Memory: 1783808K Free: 616095K (35%)
----------------- Invoking toplevel() on ptolemy.moml.MoMLSimpleApplication@7f41fa9d
----------------- Done invoking toplevel() on ptolemy.moml.MoMLSimpleApplication@7f41fa9d
reloadAllAccessors: .matrixType4

===========================================================================================
----------------- testing Thu May 09 04:14:28 UTC 2019 /home/travis/build/icyphy/ptII/ptolemy/actor/lib/test/auto/matrixType5.xml
----------------- Instantiating /home/travis/build/icyphy/ptII/ptolemy/actor/lib/test/auto/matrixType5.xml
2 ms. Memory: 1783808K Free: 589823K (33%)
----------------- Invoking toplevel() on ptolemy.moml.MoMLSimpleApplication@299f501d
----------------- Done invoking toplevel() on ptolemy.moml.MoMLSimpleApplication@299f501d
reloadAllAccessors: .matrixType5

===========================================================================================
----------------- testing Thu May 09 04:14:28 UTC 2019 /home/travis/build/icyphy/ptII/ptolemy/actor/lib/test/auto/matrixType6.xml
----------------- Instantiating /home/travis/build/icyphy/ptII/ptolemy/actor/lib/test/auto/matrixType6.xml
1 ms. Memory: 1783808K Free: 567541K (32%)
----------------- Invoking toplevel() on ptolemy.moml.MoMLSimpleApplication@70f72cf6
----------------- Done invoking toplevel() on ptolemy.moml.MoMLSimpleApplication@70f72cf6
reloadAllAccessors: .matrixType6

===========================================================================================
----------------- testing Thu May 09 04:14:28 UTC 2019 /home/travis/build/icyphy/ptII/ptolemy/actor/lib/test/auto/matrixType7.xml
----------------- Instantiating /home/travis/build/icyphy/ptII/ptolemy/actor/lib/test/auto/matrixType7.xml
1 ms. Memory: 1783808K Free: 541270K (30%)
----------------- Invoking toplevel() on ptolemy.moml.MoMLSimpleApplication@743ae91d
----------------- Done invoking toplevel() on ptolemy.moml.MoMLSimpleApplication@743ae91d
reloadAllAccessors: .matrixType7

===========================================================================================
----------------- testing Thu May 09 04:14:28 UTC 2019 /home/travis/build/icyphy/ptII/ptolemy/actor/lib/test/auto/matrixType8.xml
----------------- Instantiating /home/travis/build/icyphy/ptII/ptolemy/actor/lib/test/auto/matrixType8.xml
1 ms. Memory: 1783808K Free: 514998K (29%)
----------------- Invoking toplevel() on ptolemy.moml.MoMLSimpleApplication@7ab5471
----------------- Done invoking toplevel() on ptolemy.moml.MoMLSimpleApplication@7ab5471
reloadAllAccessors: .matrixType8

===========================================================================================
----------------- testing Thu May 09 04:14:28 UTC 2019 /home/travis/build/icyphy/ptII/ptolemy/actor/lib/test/auto/matrixType9.xml
----------------- Instantiating /home/travis/build/icyphy/ptII/ptolemy/actor/lib/test/auto/matrixType9.xml
1 ms. Memory: 1783808K Free: 492716K (28%)
----------------- Invoking toplevel() on ptolemy.moml.MoMLSimpleApplication@4b2f4e4c
----------------- Done invoking toplevel() on ptolemy.moml.MoMLSimpleApplication@4b2f4e4c
reloadAllAccessors: .matrixType9

===========================================================================================
----------------- testing Thu May 09 04:14:28 UTC 2019 /home/travis/build/icyphy/ptII/ptolemy/actor/lib/test/auto/paraFunctest.xml
----------------- Instantiating /home/travis/build/icyphy/ptII/ptolemy/actor/lib/test/auto/paraFunctest.xml
2 ms. Memory: 1783808K Free: 466445K (26%)
----------------- Invoking toplevel() on ptolemy.moml.MoMLSimpleApplication@55eaeddc
----------------- Done invoking toplevel() on ptolemy.moml.MoMLSimpleApplication@55eaeddc
reloadAllAccessors: .paraFunctest

===========================================================================================
----------------- testing Thu May 09 04:14:28 UTC 2019 /home/travis/build/icyphy/ptII/ptolemy/actor/lib/test/auto/paraFunctest2.xml
----------------- Instantiating /home/travis/build/icyphy/ptII/ptolemy/actor/lib/test/auto/paraFunctest2.xml
1 ms. Memory: 1783808K Free: 440173K (25%)
----------------- Invoking toplevel() on ptolemy.moml.MoMLSimpleApplication@5b894305
----------------- Done invoking toplevel() on ptolemy.moml.MoMLSimpleApplication@5b894305
reloadAllAccessors: .paraFunctest2

===========================================================================================
----------------- testing Thu May 09 04:14:28 UTC 2019 /home/travis/build/icyphy/ptII/ptolemy/actor/lib/test/auto/parameterPassing.xml
----------------- Instantiating /home/travis/build/icyphy/ptII/ptolemy/actor/lib/test/auto/parameterPassing.xml
1 ms. Memory: 1783808K Free: 417891K (23%)
----------------- Invoking toplevel() on ptolemy.moml.MoMLSimpleApplication@21f004f7
----------------- Done invoking toplevel() on ptolemy.moml.MoMLSimpleApplication@21f004f7
reloadAllAccessors: .parameterPassing

===========================================================================================
----------------- testing Thu May 09 04:14:28 UTC 2019 /home/travis/build/icyphy/ptII/ptolemy/actor/lib/test/auto/record.xml
----------------- Instantiating /home/travis/build/icyphy/ptII/ptolemy/actor/lib/test/auto/record.xml
3 ms. Memory: 1783808K Free: 391620K (22%)
----------------- Invoking toplevel() on ptolemy.moml.MoMLSimpleApplication@7cf99601
----------------- Done invoking toplevel() on ptolemy.moml.MoMLSimpleApplication@7cf99601
reloadAllAccessors: .record

===========================================================================================
----------------- testing Thu May 09 04:14:28 UTC 2019 /home/travis/build/icyphy/ptII/ptolemy/actor/lib/test/auto/sizedarray1.xml
----------------- Instantiating /home/travis/build/icyphy/ptII/ptolemy/actor/lib/test/auto/sizedarray1.xml
1 ms. Memory: 1783808K Free: 365348K (20%)
----------------- Invoking toplevel() on ptolemy.moml.MoMLSimpleApplication@67de11f8
----------------- Done invoking toplevel() on ptolemy.moml.MoMLSimpleApplication@67de11f8
reloadAllAccessors: .sizedarray1

===========================================================================================
----------------- testing Thu May 09 04:14:28 UTC 2019 /home/travis/build/icyphy/ptII/ptolemy/actor/lib/test/auto/sizedarray2.xml
----------------- Instantiating /home/travis/build/icyphy/ptII/ptolemy/actor/lib/test/auto/sizedarray2.xml
2 ms. Memory: 1783808K Free: 343066K (19%)
----------------- Invoking toplevel() on ptolemy.moml.MoMLSimpleApplication@148879fc
----------------- Done invoking toplevel() on ptolemy.moml.MoMLSimpleApplication@148879fc
reloadAllAccessors: .sizedarray2

===========================================================================================
----------------- testing Thu May 09 04:14:28 UTC 2019 /home/travis/build/icyphy/ptII/ptolemy/actor/lib/test/auto/twoPublishers.xml
----------------- Instantiating /home/travis/build/icyphy/ptII/ptolemy/actor/lib/test/auto/twoPublishers.xml
5 ms. Memory: 1783808K Free: 316795K (18%)
----------------- Invoking toplevel() on ptolemy.moml.MoMLSimpleApplication@40f4ec4f
----------------- Done invoking toplevel() on ptolemy.moml.MoMLSimpleApplication@40f4ec4f
reloadAllAccessors: .twoPublishers
AutoTests.java: About to close Vertx.
AutoTests.java: Vertx closed.
]]></system-out>
  <system-err><![CDATA[java.lang.RuntimeException: Execution failed
	at ptolemy.moml.MoMLSimpleApplication$UnloadThread.run(MoMLSimpleApplication.java:402)
Caused by: java.lang.RuntimeException: StringUtilities.exit() was called. Normally, we would exit here because Manager.exitAfterWrapup() was called.  However, because the ptolemy.ptII.exitAfterWrapup property is set, we throw this exception instead.
	at ptolemy.util.StringUtilities.exit(StringUtilities.java:363)
	at ptolemy.actor.Manager.wrapup(Manager.java:1531)
	at ptolemy.actor.Manager.execute(Manager.java:407)
	at ptolemy.actor.Manager.run(Manager.java:1263)
	at ptolemy.actor.Manager$PtolemyRunThread.run(Manager.java:1915)
Warning: '.top.test' is in training mode, set the trainingMode parameter to false before checking in
Warning: '.top.test' is in training mode, set the trainingMode parameter to false before checking in
Warning: '.top.test' is in training mode, set the trainingMode parameter to false before checking in
Warning: '.BooleanSwitch_RegressionTest_WrongTrainingValues.Test' is in training mode, set the trainingMode parameter to false before checking in
Warning: '.BooleanSwitch_RegressionTest_WrongTrainingValues.Test2' is in training mode, set the trainingMode parameter to false before checking in
Warning: '.BooleanSwitch_RegressionTest_WrongTrainingValues.Test2' The test produced 0 tokens.
Warning: '.top.testExceptionHandler' is in training mode, set the trainingMode parameter to false before checking in
java.lang.RuntimeException: Execution failed
	at ptolemy.moml.MoMLSimpleApplication$UnloadThread.run(MoMLSimpleApplication.java:402)
Caused by: ptolemy.kernel.util.IllegalActionException: PublisherPorts cannot be used at the top level, use a Publisher actor instead.
  in .PublisherPortToplevelSubscriber.PublisherPort
	at ptolemy.actor.PublisherPort.preinitialize(PublisherPort.java:403)
	at ptolemy.actor.CompositeActor.preinitialize(CompositeActor.java:1769)
	at ptolemy.actor.Manager.preinitializeAndResolveTypes(Manager.java:1040)
	at ptolemy.actor.Manager.initialize(Manager.java:710)
	at ptolemy.actor.Manager.execute(Manager.java:356)
	at ptolemy.actor.Manager.run(Manager.java:1263)
	at ptolemy.actor.Manager$PtolemyRunThread.run(Manager.java:1915)
java.lang.reflect.InvocationTargetException
	at sun.reflect.NativeConstructorAccessorImpl.newInstance0(Native Method)
	at sun.reflect.NativeConstructorAccessorImpl.newInstance(NativeConstructorAccessorImpl.java:62)
	at sun.reflect.DelegatingConstructorAccessorImpl.newInstance(DelegatingConstructorAccessorImpl.java:45)
	at java.lang.reflect.Constructor.newInstance(Constructor.java:423)
	at ptolemy.util.test.junit.AutoKnownFailedTests.RunModel(AutoKnownFailedTests.java:105)
	at sun.reflect.NativeMethodAccessorImpl.invoke0(Native Method)
	at sun.reflect.NativeMethodAccessorImpl.invoke(NativeMethodAccessorImpl.java:62)
	at sun.reflect.DelegatingMethodAccessorImpl.invoke(DelegatingMethodAccessorImpl.java:43)
	at java.lang.reflect.Method.invoke(Method.java:498)
	at org.junit.runners.model.FrameworkMethod$1.runReflectiveCall(FrameworkMethod.java:44)
	at org.junit.internal.runners.model.ReflectiveCallable.run(ReflectiveCallable.java:15)
	at org.junit.runners.model.FrameworkMethod.invokeExplosively(FrameworkMethod.java:41)
	at junitparams.internal.InvokeParameterisedMethod.evaluate(InvokeParameterisedMethod.java:102)
	at org.junit.internal.runners.statements.FailOnTimeout$1.run(FailOnTimeout.java:28)
Caused by: ptolemy.kernel.util.IllegalActionException: PublisherPorts cannot be used at the top level, use a Publisher actor instead.
  in .PublisherPortToplevelSubscriber.PublisherPort
	at ptolemy.actor.PublisherPort.preinitialize(PublisherPort.java:403)
	at ptolemy.actor.CompositeActor.preinitialize(CompositeActor.java:1769)
	at ptolemy.actor.Manager.preinitializeAndResolveTypes(Manager.java:1040)
	at ptolemy.actor.Manager.initialize(Manager.java:710)
	at ptolemy.actor.Manager.execute(Manager.java:356)
	at ptolemy.actor.Manager.run(Manager.java:1263)
	at ptolemy.actor.Manager$PtolemyRunThread.run(Manager.java:1915)
java.lang.RuntimeException: Execution failed
	at ptolemy.moml.MoMLSimpleApplication$UnloadThread.run(MoMLSimpleApplication.java:402)
Caused by: ptolemy.kernel.util.IllegalActionException: SubscriberPorts cannot be used at the top level, use a Subscriber actor instead.
  in .PublisherSubscriberPortToplevel.SubscriberPort
	at ptolemy.actor.SubscriberPort.preinitialize(SubscriberPort.java:328)
	at ptolemy.actor.CompositeActor.preinitialize(CompositeActor.java:1769)
	at ptolemy.actor.Manager.preinitializeAndResolveTypes(Manager.java:1040)
	at ptolemy.actor.Manager.initialize(Manager.java:710)
	at ptolemy.actor.Manager.execute(Manager.java:356)
	at ptolemy.actor.Manager.run(Manager.java:1263)
	at ptolemy.actor.Manager$PtolemyRunThread.run(Manager.java:1915)
java.lang.reflect.InvocationTargetException
	at sun.reflect.NativeConstructorAccessorImpl.newInstance0(Native Method)
	at sun.reflect.NativeConstructorAccessorImpl.newInstance(NativeConstructorAccessorImpl.java:62)
	at sun.reflect.DelegatingConstructorAccessorImpl.newInstance(DelegatingConstructorAccessorImpl.java:45)
	at java.lang.reflect.Constructor.newInstance(Constructor.java:423)
	at ptolemy.util.test.junit.AutoKnownFailedTests.RunModel(AutoKnownFailedTests.java:105)
	at sun.reflect.NativeMethodAccessorImpl.invoke0(Native Method)
	at sun.reflect.NativeMethodAccessorImpl.invoke(NativeMethodAccessorImpl.java:62)
	at sun.reflect.DelegatingMethodAccessorImpl.invoke(DelegatingMethodAccessorImpl.java:43)
	at java.lang.reflect.Method.invoke(Method.java:498)
	at org.junit.runners.model.FrameworkMethod$1.runReflectiveCall(FrameworkMethod.java:44)
	at org.junit.internal.runners.model.ReflectiveCallable.run(ReflectiveCallable.java:15)
	at org.junit.runners.model.FrameworkMethod.invokeExplosively(FrameworkMethod.java:41)
	at junitparams.internal.InvokeParameterisedMethod.evaluate(InvokeParameterisedMethod.java:102)
	at org.junit.internal.runners.statements.FailOnTimeout$1.run(FailOnTimeout.java:28)
Caused by: ptolemy.kernel.util.IllegalActionException: SubscriberPorts cannot be used at the top level, use a Subscriber actor instead.
  in .PublisherSubscriberPortToplevel.SubscriberPort
	at ptolemy.actor.SubscriberPort.preinitialize(SubscriberPort.java:328)
	at ptolemy.actor.CompositeActor.preinitialize(CompositeActor.java:1769)
	at ptolemy.actor.Manager.preinitializeAndResolveTypes(Manager.java:1040)
	at ptolemy.actor.Manager.initialize(Manager.java:710)
	at ptolemy.actor.Manager.execute(Manager.java:356)
	at ptolemy.actor.Manager.run(Manager.java:1263)
	at ptolemy.actor.Manager$PtolemyRunThread.run(Manager.java:1915)
java.lang.RuntimeException: Execution failed
	at ptolemy.moml.MoMLSimpleApplication$UnloadThread.run(MoMLSimpleApplication.java:402)
Caused by: ptolemy.kernel.util.IllegalActionException: SubscriptionAggregatorPorts cannot be used at the top level, use a SubscriptionAggregator actor instead.
  in .PublisherSubscriptionAggregatorPort.SubscriptionAggregatorPort
	at ptolemy.actor.SubscriptionAggregatorPort.preinitialize(SubscriptionAggregatorPort.java:353)
	at ptolemy.actor.CompositeActor.preinitialize(CompositeActor.java:1769)
	at ptolemy.actor.Manager.preinitializeAndResolveTypes(Manager.java:1040)
	at ptolemy.actor.Manager.initialize(Manager.java:710)
	at ptolemy.actor.Manager.execute(Manager.java:356)
	at ptolemy.actor.Manager.run(Manager.java:1263)
	at ptolemy.actor.Manager$PtolemyRunThread.run(Manager.java:1915)
java.lang.reflect.InvocationTargetException
	at sun.reflect.NativeConstructorAccessorImpl.newInstance0(Native Method)
	at sun.reflect.NativeConstructorAccessorImpl.newInstance(NativeConstructorAccessorImpl.java:62)
	at sun.reflect.DelegatingConstructorAccessorImpl.newInstance(DelegatingConstructorAccessorImpl.java:45)
	at java.lang.reflect.Constructor.newInstance(Constructor.java:423)
	at ptolemy.util.test.junit.AutoKnownFailedTests.RunModel(AutoKnownFailedTests.java:105)
	at sun.reflect.NativeMethodAccessorImpl.invoke0(Native Method)
	at sun.reflect.NativeMethodAccessorImpl.invoke(NativeMethodAccessorImpl.java:62)
	at sun.reflect.DelegatingMethodAccessorImpl.invoke(DelegatingMethodAccessorImpl.java:43)
	at java.lang.reflect.Method.invoke(Method.java:498)
	at org.junit.runners.model.FrameworkMethod$1.runReflectiveCall(FrameworkMethod.java:44)
	at org.junit.internal.runners.model.ReflectiveCallable.run(ReflectiveCallable.java:15)
	at org.junit.runners.model.FrameworkMethod.invokeExplosively(FrameworkMethod.java:41)
	at junitparams.internal.InvokeParameterisedMethod.evaluate(InvokeParameterisedMethod.java:102)
	at org.junit.internal.runners.statements.FailOnTimeout$1.run(FailOnTimeout.java:28)
Caused by: ptolemy.kernel.util.IllegalActionException: SubscriptionAggregatorPorts cannot be used at the top level, use a SubscriptionAggregator actor instead.
  in .PublisherSubscriptionAggregatorPort.SubscriptionAggregatorPort
	at ptolemy.actor.SubscriptionAggregatorPort.preinitialize(SubscriptionAggregatorPort.java:353)
	at ptolemy.actor.CompositeActor.preinitialize(CompositeActor.java:1769)
	at ptolemy.actor.Manager.preinitializeAndResolveTypes(Manager.java:1040)
	at ptolemy.actor.Manager.initialize(Manager.java:710)
	at ptolemy.actor.Manager.execute(Manager.java:356)
	at ptolemy.actor.Manager.run(Manager.java:1263)
	at ptolemy.actor.Manager$PtolemyRunThread.run(Manager.java:1915)
java.lang.RuntimeException: Execution failed
	at ptolemy.moml.MoMLSimpleApplication$UnloadThread.run(MoMLSimpleApplication.java:402)
Caused by: ptolemy.kernel.util.IllegalActionException: TypeTest actor has no training data.
  in .sizedarray3.TypeTest
	at ptolemy.actor.lib.TypeTest.initialize(TypeTest.java:250)
	at ptolemy.actor.Director.initialize(Director.java:938)
	at ptolemy.actor.Director.initialize(Director.java:907)
	at ptolemy.actor.sched.StaticSchedulingDirector.initialize(StaticSchedulingDirector.java:159)
	at ptolemy.domains.sdf.kernel.SDFDirector.initialize(SDFDirector.java:544)
	at ptolemy.actor.CompositeActor.initialize(CompositeActor.java:935)
	at ptolemy.actor.Manager.initialize(Manager.java:724)
	at ptolemy.actor.Manager.execute(Manager.java:356)
	at ptolemy.actor.Manager.run(Manager.java:1263)
	at ptolemy.actor.Manager$PtolemyRunThread.run(Manager.java:1915)
java.lang.reflect.InvocationTargetException
	at sun.reflect.NativeConstructorAccessorImpl.newInstance0(Native Method)
	at sun.reflect.NativeConstructorAccessorImpl.newInstance(NativeConstructorAccessorImpl.java:62)
	at sun.reflect.DelegatingConstructorAccessorImpl.newInstance(DelegatingConstructorAccessorImpl.java:45)
	at java.lang.reflect.Constructor.newInstance(Constructor.java:423)
	at ptolemy.util.test.junit.AutoKnownFailedTests.RunModel(AutoKnownFailedTests.java:105)
	at sun.reflect.NativeMethodAccessorImpl.invoke0(Native Method)
	at sun.reflect.NativeMethodAccessorImpl.invoke(NativeMethodAccessorImpl.java:62)
	at sun.reflect.DelegatingMethodAccessorImpl.invoke(DelegatingMethodAccessorImpl.java:43)
	at java.lang.reflect.Method.invoke(Method.java:498)
	at org.junit.runners.model.FrameworkMethod$1.runReflectiveCall(FrameworkMethod.java:44)
	at org.junit.internal.runners.model.ReflectiveCallable.run(ReflectiveCallable.java:15)
	at org.junit.runners.model.FrameworkMethod.invokeExplosively(FrameworkMethod.java:41)
	at junitparams.internal.InvokeParameterisedMethod.evaluate(InvokeParameterisedMethod.java:102)
	at org.junit.internal.runners.statements.FailOnTimeout$1.run(FailOnTimeout.java:28)
Caused by: ptolemy.kernel.util.IllegalActionException: TypeTest actor has no training data.
  in .sizedarray3.TypeTest
	at ptolemy.actor.lib.TypeTest.initialize(TypeTest.java:250)
	at ptolemy.actor.Director.initialize(Director.java:938)
	at ptolemy.actor.Director.initialize(Director.java:907)
	at ptolemy.actor.sched.StaticSchedulingDirector.initialize(StaticSchedulingDirector.java:159)
	at ptolemy.domains.sdf.kernel.SDFDirector.initialize(SDFDirector.java:544)
	at ptolemy.actor.CompositeActor.initialize(CompositeActor.java:935)
	at ptolemy.actor.Manager.initialize(Manager.java:724)
	at ptolemy.actor.Manager.execute(Manager.java:356)
	at ptolemy.actor.Manager.run(Manager.java:1263)
	at ptolemy.actor.Manager$PtolemyRunThread.run(Manager.java:1915)
ptolemy.kernel.util.InternalErrorException: Exec Stdout Gobbler-4: Failed while reading from java.lang.UNIXProcess$ProcessPipeInputStream@50d646a. To avoid this, try setting the ignoreIOExceptionReadErrors parameter to true.null
  in .ExecEnvironment.Exec
Because:
Stream closed
	at ptolemy.actor.lib.Exec$_StreamReaderThread._read(Exec.java:762)
	at ptolemy.actor.lib.Exec$_StreamReaderThread.run(Exec.java:706)
Caused by: java.io.IOException: Stream closed
	at sun.nio.cs.StreamDecoder.ensureOpen(StreamDecoder.java:46)
	at sun.nio.cs.StreamDecoder.read(StreamDecoder.java:148)
	at java.io.InputStreamReader.read(InputStreamReader.java:184)
	at ptolemy.actor.lib.Exec$_StreamReaderThread._read(Exec.java:724)
	... 1 more
Caused by: java.io.IOException: Stream closed
	at sun.nio.cs.StreamDecoder.ensureOpen(StreamDecoder.java:46)
	at sun.nio.cs.StreamDecoder.read(StreamDecoder.java:148)
	at java.io.InputStreamReader.read(InputStreamReader.java:184)
	at ptolemy.actor.lib.Exec$_StreamReaderThread._read(Exec.java:724)
	at ptolemy.actor.lib.Exec$_StreamReaderThread.run(Exec.java:706)
ptolemy.kernel.util.InternalErrorException: Exec Stdout Gobbler-6: Failed while reading from java.lang.UNIXProcess$ProcessPipeInputStream@4d257e08. To avoid this, try setting the ignoreIOExceptionReadErrors parameter to true.null
  in .ExecEnvironment.Exec
Because:
Stream closed
	at ptolemy.actor.lib.Exec$_StreamReaderThread._read(Exec.java:762)
	at ptolemy.actor.lib.Exec$_StreamReaderThread.run(Exec.java:706)
Caused by: java.io.IOException: Stream closed
	at sun.nio.cs.StreamDecoder.ensureOpen(StreamDecoder.java:46)
	at sun.nio.cs.StreamDecoder.read(StreamDecoder.java:148)
	at java.io.InputStreamReader.read(InputStreamReader.java:184)
	at ptolemy.actor.lib.Exec$_StreamReaderThread._read(Exec.java:724)
	... 1 more
Caused by: java.io.IOException: Stream closed
	at sun.nio.cs.StreamDecoder.ensureOpen(StreamDecoder.java:46)
	at sun.nio.cs.StreamDecoder.read(StreamDecoder.java:148)
	at java.io.InputStreamReader.read(InputStreamReader.java:184)
	at ptolemy.actor.lib.Exec$_StreamReaderThread._read(Exec.java:724)
	at ptolemy.actor.lib.Exec$_StreamReaderThread.run(Exec.java:706)
]]></system-err>
</testsuite>
