<?xml version="1.0" encoding="UTF-8" ?>
<testsuite errors="0" failures="0" hostname="travis-job-be0651fc-b360-4236-8850-7626cdb3c82c" name="ptolemy.actor.lib.test.junit.JUnitTclTest" skipped="0" tests="517" time="60.766" timestamp="2020-02-12T07:01:47">
  <properties>
    <property name="npm.executable" value="npm" />
    <property name="env.TRAVIS_ROOT" value="/" />
    <property name="ptII.mk.exists" value="true" />
    <property name="env.TRAVIS_APP_HOST" value="build.travis-ci.org" />
    <property name="env.rvm_bin_path" value="/home/travis/.rvm/bin" />
    <property name="java.home" value="/usr/local/lib/jvm/openjdk11" />
    <property name="env.TRAVIS_JOB_NUMBER" value="1509.8" />
    <property name="env.TRAVIS_HOME" value="/home/travis" />
    <property name="env.DISPLAY" value=":99.0" />
    <property name="env.TRAVIS_INIT" value="systemd" />
    <property name="env.SSH_TTY" value="/dev/pts/0" />
    <property name="java.net.preferIPv4Stack" value="true" />
    <property name="env.RUN_TESTS" value="true" />
    <property name="timeout.short" value="1000000" />
    <property name="junit.formatter" value="xml" />
    <property name="env.TRAVIS_SUDO" value="true" />
    <property name="env.TRAVIS_JOB_NAME" value="" />
    <property name="env.TRAVIS_STACK_NODE_ATTRIBUTES" value="/.node-attributes.yml" />
    <property name="env.LOGNAME" value="travis" />
    <property name="env.PT_TRAVIS_TEST_CORE1_XML" value="true" />
    <property name="jsdoc.home" value="node_modules/@terraswarm/jsdoc" />
    <property name="debuglevel" value="source,lines,vars" />
    <property name="checkstyle.formatter" value="xml" />
    <property name="env._system_version" value="16.04" />
    <property name="bin.vergil.makeable" value="true" />
    <property name="sun.os.patch.level" value="unknown" />
    <property name="java.vendor.url" value="http://java.oracle.com/" />
    <property name="env.TRAVIS_BUILD_WEB_URL" value="https://travis-ci.org/icyphy/ptII/builds/649306780" />
    <property name="java.version" value="11.0.2" />
    <property name="env.TZ" value="UTC" />
    <property name="env.TRAVIS_PULL_REQUEST_SHA" value="" />
    <property name="env.PT_NO_NET" value="true" />
    <property name="env.TRAVIS_SECURE_ENV_VARS" value="true" />
    <property name="env._system_type" value="Linux" />
    <property name="java.vendor.url.bug" value="http://bugreport.java.com/bugreport/" />
    <property name="npmjs-org-is-up" value="true" />
    <property name="env.LANGUAGE" value="en_US.UTF-8" />
    <property name="env.SSH_CLIENT" value="10.44.2.59 45206 22" />
    <property name="env.GEM_HOME" value="/home/travis/.rvm/gems/ruby-2.5.3" />
    <property name="env.HAS_ANTARES_THREE_LITTLE_FRONZIES_BADGE" value="true" />
    <property name="java.version.date" value="2019-01-15" />
    <property name="env.PS4" value="+" />
    <property name="ant.project.invoked-targets" value="build,test.core1.xml" />
    <property name="env.TRAVIS_PULL_REQUEST_BRANCH" value="" />
    <property name="env.TRAVIS_REPO_SLUG" value="icyphy/ptII" />
    <property name="env.XDG_DATA_DIRS" value="/usr/local/share:/usr/share:/var/lib/snapd/desktop" />
    <property name="jdk.debug" value="release" />
    <property name="env.TRAVIS_APT_PROXY" value="http://build-cache.travisci.net" />
    <property name="env.TRAVIS_CPU_ARCH" value="amd64" />
    <property name="node.in.path" value="true" />
    <property name="user.name" value="travis" />
    <property name="java.maxmemory" value="1400m" />
    <property name="env.RUBY_VERSION" value="ruby-2.5.3" />
    <property name="env.LANG" value="en_US.UTF-8" />
    <property name="sun.io.unicode.encoding" value="UnicodeLittle" />
    <property name="sun.jnu.encoding" value="UTF-8" />
    <property name="java.runtime.name" value="OpenJDK Runtime Environment" />
    <property name="usefile" value="false" />
    <property name="return.code" value="0" />
    <property name="junit.single.formatter" value="plain" />
    <property name="env.DYLD_LIBRARY_PATH" value="/home/travis/pthla/certi-tools/lib:" />
    <property name="env.DEBIAN_FRONTEND" value="noninteractive" />
    <property name="env.SSH_CONNECTION" value="10.44.2.59 45206 10.20.0.107 22" />
    <property name="env.MYSQL_UNIX_PORT" value="/var/run/mysqld/mysqld.sock" />
    <property name="env.LC_ALL" value="en_US.UTF-8" />
    <property name="env.TRAVIS_ALLOW_FAILURE" value="false" />
    <property name="env.TRAVIS_JOB_WEB_URL" value="https://travis-ci.org/icyphy/ptII/jobs/649306788" />
    <property name="java.specification.name" value="Java Platform API Specification" />
    <property name="node.works" value="true" />
    <property name="user.timezone" value="" />
    <property name="path.separator" value=":" />
    <property name="env.TRAVIS_ENABLE_INFRA_DETECTION" value="true" />
    <property name="env.PYTHON_CFLAGS" value="-g -fstack-protector --param=ssp-buffer-size=4 -Wformat -Werror=format-security" />
    <property name="timeout.long" value="4000000" />
    <property name="env.CERTI_HOME" value="/home/travis/pthla/certi-tools" />
    <property name="ant.file.ptII" value="/home/travis/build/icyphy/ptII/build.xml" />
    <property name="javadoc.packagenames" value="com.*,diva.*,lbnl.*,org.hlacerti.*,org.json.*,org.ptolemy.*,org.terraswarm.*,ptolemy.*,ptserver.*" />
    <property name="file.encoding" value="UTF-8" />
    <property name="env.TRAVIS_PULL_REQUEST_SLUG" value="" />
    <property name="ant.project.default-target" value="build" />
    <property name="env.GIT_ASKPASS" value="echo" />
    <property name="env.HOME" value="/home/travis" />
    <property name="sun.java.command" value="org.apache.tools.ant.taskdefs.optional.junit.JUnitTestRunner ptolemy.actor.lib.test.junit.JUnitTclTest skipNonTests=false filtertrace=true haltOnError=false haltOnFailure=false formatter=org.apache.tools.ant.taskdefs.optional.junit.OutErrSummaryJUnitResultFormatter showoutput=true outputtoformatters=true logfailedtests=true threadid=0 logtestlistenerevents=false formatter=org.apache.tools.ant.taskdefs.optional.junit.XMLJUnitResultFormatter,/home/travis/build/icyphy/ptII/reports/junit/TEST-ptolemy.actor.lib.test.junit.JUnitTclTest.xml crashfile=/home/travis/build/icyphy/ptII/junitvmwatcher16537239596207223714.properties propsfile=/home/travis/build/icyphy/ptII/junit11621006809634168266.properties" />
    <property name="env.COMPOSER_NO_INTERACTION" value="1" />
    <property name="env.MANPATH" value="/home/travis/.nvm/versions/node/v7.10.1/share/man:/home/travis/.rvm/rubies/ruby-2.5.3/share/man:/usr/local/cmake-3.12.4/man:/usr/local/clang-7.0.0/share/man:/usr/local/man:/usr/local/share/man:/usr/share/man:/home/travis/.rvm/man" />
    <property name="env.TRAVIS_TIMER_ID" value="090c3d9c" />
    <property name="ant.file" value="/home/travis/build/icyphy/ptII/build.xml" />
    <property name="env.TRAVIS_COMMIT_RANGE" value="b63f92b7e99116e6021a9191bd9f4d9e886ca49e...a6491ed7f2267374dc578aa6fe882e96ca36ea8a" />
    <property name="env._system_name" value="Ubuntu" />
    <property name="ptII.classpath.optional.property" value="/home/travis/build/icyphy/ptII/lib/bsh-2.0b4.jar:/home/travis/build/icyphy/ptII/lib/ptCal.jar:/home/travis/build/icyphy/ptII/lib/java_cup.jar:/home/travis/build/icyphy/ptII/lib/saxon8.jar:/home/travis/build/icyphy/ptII/lib/saxon8-dom.jar:/home/travis/build/icyphy/ptII/lib/chic.jar:/home/travis/build/icyphy/ptII/lib/ptcolt.jar:/home/travis/build/icyphy/ptII/vendors/misc/itext/iText.jar:/home/travis/build/icyphy/ptII/lib/g4ltl.jar:/home/travis/build/icyphy/ptII/lib/StructuralCoder.jar:/home/travis/build/icyphy/ptII/lib/jcerti.jar:/home/travis/build/icyphy/ptII/lib/javax.mail.jar:/home/travis/build/icyphy/ptII/vendors/JMF-2.1.1e/lib/jmf.jar:/home/travis/build/icyphy/ptII/lib/jna-4.0.0-variadic.jar:/home/travis/build/icyphy/ptII/vendors/misc/joystick/Joystick.jar:/home/travis/build/icyphy/ptII/lib/ptjacl.jar:/home/travis/build/icyphy/ptII/lib/jsoup-1.8.2.jar:/home/travis/build/icyphy/ptII/lib/junit-4.8.2.jar:/home/travis/build/icyphy/ptII/lib/JUnitParams-0.4.0.jar:/home/travis/build/icyphy/ptII/ptolemy/actor/lib/excel/jxl.jar:/home/travis/build/icyphy/ptII/lib/jython.jar:/home/travis/build/icyphy/ptII/lib/kieler.jar:/home/travis/build/icyphy/ptII/vendors/opencv/share/OpenCV/java/opencv-341.jar:/home/travis/build/icyphy/ptII/lib/oscP5.jar:/home/travis/build/icyphy/ptII/lib/nrjavaserial-3.11.0.devel.jar:/home/travis/build/icyphy/ptII/vendors/j3d/lib/Linux/j3dcore.jar:/home/travis/build/icyphy/ptII/vendors/j3d/lib/Linux/j3dutils.jar:/home/travis/build/icyphy/ptII/vendors/j3d/lib/Linux/vecmath.jar:/home/travis/build/icyphy/ptII/vendors/jogl/lib/Linux/gluegen-rt-natives-linux-amd64.jar:/home/travis/build/icyphy/ptII/vendors/jogl/lib/Linux/gluegen-rt.jar:/home/travis/build/icyphy/ptII/vendors/jogl/lib/Linux/jogl-all-natives-linux-amd64.jar:/home/travis/build/icyphy/ptII/vendors/jogl/lib/Linux/jogl-all.jar:/home/travis/build/icyphy/ptII/ptolemy/distributed/jini/jar/jini-core.jar:/home/travis/build/icyphy/ptII/ptolemy/distributed/jini/jar/jini-ext.jar:/home/travis/build/icyphy/ptII/ptolemy/distributed/jini/jar/sun-util.jar:/home/travis/build/icyphy/ptII/lib/protobuf-java-2.4.1.jar:/home/travis/build/icyphy/ptII/lib/org.eclipse.paho.client.mqttv3.jar:/home/travis/build/icyphy/ptII/lib/mapss.jar:/home/travis/build/icyphy/ptII/ptolemy/actor/ptalon/antlr/antlr.jar:/home/travis/build/icyphy/ptII/lib/JRI.jar:/home/travis/build/icyphy/ptII/lib/commons-lang-2.6.jar:/home/travis/build/icyphy/ptII/lib/commons-logging-1.1.1.jar:/home/travis/build/icyphy/ptII/lib/sootclasses.jar:/home/travis/build/icyphy/ptII/ptolemy/actor/lib/database/mysql-connector-java-5.1.6-bin.jar:/home/travis/build/icyphy/ptII/vendors/misc/sphinx4/sphinx4-data-5prealpha.jar:/home/travis/build/icyphy/ptII/vendors/misc/sphinx4/sphinx4-core-5prealpha.jar:/home/travis/build/icyphy/ptII/lib/PDFRenderer.jar:/home/travis/build/icyphy/ptII/lib/svgSalamander.jar:/home/travis/build/icyphy/ptII/lib/rsyntaxtextarea-2.6.0-SNAPSHOT.jar:/home/travis/build/icyphy/ptII/lib/hazelcast-3.8.2.jar:/home/travis/build/icyphy/ptII/lib/jackson-annotations-2.9.0.jar:/home/travis/build/icyphy/ptII/lib/jackson-core-2.9.3.jar:/home/travis/build/icyphy/ptII/lib/jackson-databind-2.9.3.jar:/home/travis/build/icyphy/ptII/lib/netty-buffer-4.1.19.Final.jar:/home/travis/build/icyphy/ptII/lib/netty-codec-4.1.19.Final.jar:/home/travis/build/icyphy/ptII/lib/netty-codec-dns-4.1.19.Final.jar:/home/travis/build/icyphy/ptII/lib/netty-codec-http-4.1.19.Final.jar:/home/travis/build/icyphy/ptII/lib/netty-codec-http2-4.1.19.Final.jar:/home/travis/build/icyphy/ptII/lib/netty-common-4.1.19.Final.jar:/home/travis/build/icyphy/ptII/lib/netty-handler-4.1.19.Final.jar:/home/travis/build/icyphy/ptII/lib/netty-resolver-4.1.19.Final.jar:/home/travis/build/icyphy/ptII/lib/netty-resolver-dns-4.1.19.Final.jar:/home/travis/build/icyphy/ptII/lib/netty-transport-4.1.19.Final.jar:/home/travis/build/icyphy/ptII/lib/vertx-codegen-3.5.1.jar:/home/travis/build/icyphy/ptII/lib/vertx-core-3.5.2-SNAPSHOT.jar:/home/travis/build/icyphy/ptII/lib/vertx-hazelcast-3.5.1.jar:/home/travis/build/icyphy/ptII/lib/vertx-lang-js-3.5.1.jar:/home/travis/build/icyphy/ptII/lib/vertx-service-proxy-3.5.1.jar:/home/travis/build/icyphy/ptII/lib/vertx-web-3.5.1.jar:/home/travis/build/icyphy/ptII/lib/slf4j-api-1.7.13.jar:/home/travis/build/icyphy/ptII/lib/slf4j-simple-1.7.13.jar:/home/travis/build/icyphy/ptII/lib/webcam-capture-0.3.12.jar:/home/travis/build/icyphy/ptII/lib/bridj-0.7.0.jar:/home/travis/build/icyphy/ptII/lib/xbjlib-1.1.0.nrjavaserial.jar" />
    <property name="timeout" value="2400000" />
    <property name="test.batch" value="**/junit/*.java" />
    <property name="env._" value="/usr/bin/timeout" />
    <property name="java.io.tmpdir" value="/tmp" />
    <property name="user.language" value="en" />
    <property name="env.TRAVIS_INTERNAL_RUBY_REGEX" value="^ruby-(2\.[0-4]\.[0-9]|1\.9\.3)" />
    <property name="env.HISTCONTROL" value="ignoredups:ignorespace" />
    <property name="env.GOROOT" value="/home/travis/.gimme/versions/go1.11.1.linux.amd64" />
    <property name="line.separator" value="&#xa;" />
    <property name="target" value="11" />
    <property name="env.TRAVIS_BUILD_DIR" value="/home/travis/build/icyphy/ptII" />
    <property name="env.ANT_OPTS" value="-Xmx2048m" />
    <property name="ant.file.type" value="file" />
    <property name="ptolemy.ptII.batchMode" value="true" />
    <property name="env.HISTSIZE" value="1000" />
    <property name="env.MERB_ENV" value="test" />
    <property name="java.vm.info" value="mixed mode" />
    <property name="source" value="11" />
    <property name="java.vm.specification.name" value="Java Virtual Machine Specification" />
    <property name="env.TRAVIS_TEST_RESULT" value="0" />
    <property name="jsdoc.command" value="node_modules/@terraswarm/jsdoc/jsdoc.js" />
    <property name="npm.works" value="true" />
    <property name="cobertura.dir" value="/home/travis/build/icyphy/ptII/vendors/cobertura-2.0.3" />
    <property name="jsdoc.command.exists" value="true" />
    <property name="env.rvm_path" value="/home/travis/.rvm" />
    <property name="env.GEM_PATH" value="/home/travis/.rvm/gems/ruby-2.5.3:/home/travis/.rvm/gems/ruby-2.5.3@global" />
    <property name="env.LC_CTYPE" value="en_US.UTF-8" />
    <property name="env.TRAVIS_CMD" value="$PTII/bin/ptIITravisBuild.sh $SECONDS" />
    <property name="java.awt.printerjob" value="sun.print.PSPrinterJob" />
    <property name="env.TRAVIS_STACK_NAME" value="sardonyx" />
    <property name="env.TRAVIS_TIMER_START_TIME" value="1581490329898907268" />
    <property name="ant.version" value="Apache Ant(TM) version 1.10.1 compiled on February 2 2017" />
    <property name="ptII.reports" value="/home/travis/build/icyphy/ptII/reports" />
    <property name="env.TRAVIS_STACK_TIMESTAMP" value="2019-03-25 16:16:56 UTC" />
    <property name="ant.file.type.ptII" value="file" />
    <property name="env.RBENV_SHELL" value="bash" />
    <property name="os.name" value="Linux" />
    <property name="java.specification.vendor" value="Oracle Corporation" />
    <property name="env.rvm_version" value="1.29.7 (latest)" />
    <property name="env.TRAVIS_INFRA" value="unknown" />
    <property name="env.TERM" value="xterm" />
    <property name="java.vm.name" value="OpenJDK 64-Bit Server VM" />
    <property name="env.TRAVIS_BUILD_NUMBER" value="1509" />
    <property name="env.CI" value="true" />
    <property name="java.library.path" value="/home/travis/pthla/certi-tools/lib:/usr/lib/jni:/usr/local/share/OpenCV/java/:/usr/share/OpenCV/java::/usr/java/packages/lib:/usr/lib64:/lib64:/lib:/usr/lib" />
    <property name="jdk.module.path" value="/home/travis/build/icyphy/ptII/vendors/javafx/javafx-sdk-11.0.2/lib:" />
    <property name="env.rvm_prefix" value="/home/travis" />
    <property name="env.PATH" value="/home/travis/pthla/certi-tools/share/scripts:/home/travis/.rvm/gems/ruby-2.5.3/bin:/home/travis/.rvm/gems/ruby-2.5.3@global/bin:/home/travis/.rvm/rubies/ruby-2.5.3/bin:/home/travis/.rvm/bin:/home/travis/.nvm/versions/node/v7.10.1/bin:./node_modules/.bin:/home/travis/build/icyphy/ptII/bin:/home/travis/pthla/certi-tools/bin:/home/travis/bin:/home/travis/.local/bin:/usr/local/lib/jvm/openjdk11/bin:/opt/pyenv/shims:/home/travis/.phpenv/shims:/home/travis/perl5/perlbrew/bin:/home/travis/gopath/bin:/home/travis/.gimme/versions/go1.11.1.linux.amd64/bin:/usr/local/maven-3.6.0/bin:/usr/local/cmake-3.12.4/bin:/usr/local/clang-7.0.0/bin:/usr/local/sbin:/usr/local/bin:/usr/sbin:/usr/bin:/sbin:/bin:/snap/bin:/home/travis/.phpenv/bin:/opt/pyenv/bin:/home/travis/.yarn/bin" />
    <property name="env.TRAVIS_OS_NAME" value="linux" />
    <property name="ant.java.version" value="9" />
    <property name="basedir" value="/home/travis/build/icyphy/ptII" />
    <property name="java.class.version" value="55.0" />
    <property name="env.SHLVL" value="3" />
    <property name="env.LD_LIBRARY_PATH" value="/home/travis/pthla/certi-tools/lib:/usr/lib/jni:/usr/local/share/OpenCV/java/:/usr/share/OpenCV/java:" />
    <property name="env.RACK_ENV" value="test" />
    <property name="ant.home" value="/home/travis/build/icyphy/ptII/ant" />
    <property name="env.NVM_DIR" value="/home/travis/.nvm" />
    <property name="env.CERTI_FOM_PATH" value="/home/travis/pthla/certi-tools/share/federations" />
    <property name="env.TRAVIS_BUILD_ID" value="649306780" />
    <property name="env.PYENV_ROOT" value="/opt/pyenv" />
    <property name="env.TRAVIS_UID" value="2000" />
    <property name="prism.verbose" value="true" />
    <property name="env.NVM_BIN" value="/home/travis/.nvm/versions/node/v7.10.1/bin" />
    <property name="env.TRAVIS_COMMIT" value="a6491ed7f2267374dc578aa6fe882e96ca36ea8a" />
    <property name="env._system_arch" value="x86_64" />
    <property name="node.executable" value="node" />
    <property name="sun.boot.library.path" value="/usr/local/lib/jvm/openjdk11/lib" />
    <property name="sun.management.compiler" value="HotSpot 64-Bit Tiered Compilers" />
    <property name="java.awt.graphicsenv" value="sun.awt.X11GraphicsEnvironment" />
    <property name="env.GOPATH" value="/home/travis/gopath" />
    <property name="ptolemy.ptII.dir" value="/home/travis/build/icyphy/ptII" />
    <property name="env.USER" value="travis" />
    <property name="env.HISTFILESIZE" value="2000" />
    <property name="timeout.longest" value="19000000" />
    <property name="env.PERLBREW_SHELLRC_VERSION" value="0.86" />
    <property name="env.TRAVIS_STACK_FEATURES" value="basic couchdb disabled-ipv6 docker docker-compose elasticsearch firefox go-toolchain google-chrome jdk memcached mongodb mysql nodejs_interpreter perl_interpreter perlbrew phantomjs postgresql python_interpreter redis ruby_interpreter sqlite xserver" />
    <property name="env.TRAVIS_PULL_REQUEST" value="false" />
    <property name="env.PYENV_SHELL" value="bash" />
    <property name="ant.project.name" value="ptII" />
    <property name="env.ANSI_RESET" value="\033[0m" />
    <property name="java.vm.specification.version" value="11" />
    <property name="env.TRAVIS_DIST" value="xenial" />
    <property name="env.CERTI_VERSION" value="4.0.0" />
    <property name="env.CERTI_HOST" value="localhost" />
    <property name="awt.toolkit" value="sun.awt.X11.XToolkit" />
    <property name="env.MY_RUBY_HOME" value="/home/travis/.rvm/rubies/ruby-2.5.3" />
    <property name="sun.cpu.isalist" value="" />
    <property name="env.TRAVIS_TMPDIR" value="/tmp/tmp.vuCOcuiJFO" />
    <property name="java.vm.compressedOopsMode" value="Zero based" />
    <property name="os.version" value="4.15.0-1028-gcp" />
    <property name="user.home" value="/home/travis" />
    <property name="java.vm.vendor" value="Oracle Corporation" />
    <property name="env.TRAVIS_TAG" value="nightly" />
    <property name="env.ANSI_YELLOW" value="\033[33;1m" />
    <property name="env.TRAVIS_FILTERED" value="redirect_io" />
    <property name="env.ANSI_GREEN" value="\033[32;1m" />
    <property name="env.JAVA_HOME" value="/usr/local/lib/jvm/openjdk11" />
    <property name="javadoc.excludepackagenames" value="adm.cvs2svn.*,build.*,config.*,doc.coding.templates.*,jni.test.jni.meaningOfLife.*,jni.test.jni.testDeux.*,jni.test.jni.testTrois.*,org.terraswarm.accessor.accessors.web.node_modules.*,org.terraswarm.accessor.accessors.web.hosts.cordova.demo.*,org.terraswarm.accessor.accessors.web.hosts.cordova.plugins.*,org.terraswarm.accessor.accessors-svn.*,pt-modules.*,ptolemy.apps.agilent.*,ptolemy.apps.anytimecontrol.*,ptolemy.apps.apes.*,ptolemy.apps.charon.*,ptolemy.apps.crazyboard.*,ptolemy.apps.eclipse.*,ptolemy.apps.etherealSting.*,ptolemy.apps.fullscreen.*,ptolemy.apps.giotto.*,ptolemy.apps.ia.*,ptolemy.apps.interfaces.*,ptolemy.apps.jmf.*,ptolemy.apps.kurt.*,ptolemy.apps.kvm.*,ptolemy.apps.lego.*,ptolemy.apps.lejos.*,ptolemy.apps.midp.*,ptolemy.apps.mobileCoding.*,ptolemy.apps.pendulum.*,ptolemy.apps.rijndael.*,ptolemy.apps.robot.*,ptolemy.apps.security.*,ptolemy.apps.sobel.*,ptolemy.apps.soot.*,ptolemy.apps.throttle.*,ptolemy.apps.tini.*,ptolemy.apps.transmission.*,ptolemy.apps.vergil.*,ptolemy.apps.waba.*,ptolemy.apps.websensor.*,ptolemy.apps.webstart.*,ptolemy.apps.xsl.*,ptolemy.apps.zaurus.*,ptolemy.codegen.c.actor.lib.oldJavaFiles.*,ptolemy.codegen.dsp.lib.*,ptolemy.codegen.kernel.newInterfaces.*,ptolemy.codegen.lib.*,ptolemy.copernicus.kernel.fragment.*,ptolemy.copernicus.shallow.cg.*,ptolemy.domains.giotto.demo.Hierarchy.Hierarchy.*,ptolemy.domains.giotto.demo.Multimode.Multimode.*,ptolemy.domains.giotto.demo.Simple.Simple.*,ptolemy.domains.gr.lib.experimental.*,ptolemy.domains.gro.*,ptolemy.domains.pdf.*,ptolemy.domains.ptinyos.demo.Surge.output.*,ptolemy.moml.test.NoPackageActor.java*,ptolemy.plot.adm.*,ptolemy.plot.servlet.*,reports.*,signed.*,src.*,target.*,vendors.*,ptolemy.copernicus.applet.*,ptolemy.media.viewer.*,ptolemy.actor.corba.*,doc.doclets.*,ptolemy.apps.eclipse.awt.*,ptolemy.backtrack.*,ptolemy.backtrack.ast.*,ptolemy.cg.adapter.generic.program.procedural.c.mbed*,ptolemy.homer.*,ptolemy.actor.lib.jai.*,org.ptolemy.scala.*,diva.util.java2d.svg.*,ptolemy.domains.ptinyos.*,ptolemy.actor.lib.fmi.fmipp.*,,org.terraswarm.accessor.accessors.web.node_modules.*,org.terraswarm.accessor.accessors-svn,ptolemy.apps.*,ptolemy.actor.ptalon.demo.ptinyos.SendAndReceiveCnt.output,ptolemy.actor.ptalon.demo.ptinyos.SenseToLeds.output,ptolemy.domains.ptinyos.demo.CntToLedsAndRfm.output,ptolemy.domains.ptinyos.demo.RfmToLeds.output,ptolemy.domains.ptinyos.demo.SendAndReceiveCnt.output,ptolemy.domains.ptinyos.demo.SenseToLeds.output,ptolemy.actor.lib.jjs.modules.udpSocket.*" />
    <property name="env.PTII" value="/home/travis/build/icyphy/ptII" />
    <property name="env.XDG_SESSION_ID" value="2" />
    <property name="keystore" value="ptKeystore" />
    <property name="env.TRAVIS_COMMIT_MESSAGE" value="Added 3 tests for 1516e version of HLA; the federations are named 1516." />
    <property name="junit.output.dir" value="/home/travis/build/icyphy/ptII/reports/junit" />
    <property name="npm.return.code" value="0" />
    <property name="user.dir" value="/home/travis/build/icyphy/ptII/ptolemy/actor/lib/test" />
    <property name="env.TRAVIS_NODE_VERSION" value="7" />
    <property name="env.TRAVIS_EVENT_TYPE" value="cron" />
    <property name="env.MAIL" value="/var/mail/travis" />
    <property name="env.PERLBREW_ROOT" value="/home/travis/perl5/perlbrew" />
    <property name="env.PWD" value="/home/travis/build/icyphy/ptII" />
    <property name="timeout.npm" value="45000" />
    <property name="env.TRAVIS_ARCH" value="amd64" />
    <property name="sun.cpu.endian" value="little" />
    <property name="env.PAGER" value="cat" />
    <property name="env.TRAVIS_BUILD_STAGE_NAME" value="Test" />
    <property name="env.PERLBREW_HOME" value="/home/travis/.perlbrew" />
    <property name="java.vm.version" value="11.0.2+9" />
    <property name="env.RAILS_ENV" value="test" />
    <property name="java.class.path" value="/home/travis/.ptolemyII:/home/travis/.ptolemyII/*:/home/travis/build/icyphy/ptII:/home/travis/build/icyphy/ptII/lib/bsh-2.0b4.jar:/home/travis/build/icyphy/ptII/lib/ptCal.jar:/home/travis/build/icyphy/ptII/lib/java_cup.jar:/home/travis/build/icyphy/ptII/lib/saxon8.jar:/home/travis/build/icyphy/ptII/lib/saxon8-dom.jar:/home/travis/build/icyphy/ptII/lib/chic.jar:/home/travis/build/icyphy/ptII/lib/ptcolt.jar:/home/travis/build/icyphy/ptII/vendors/misc/itext/iText.jar:/home/travis/build/icyphy/ptII/lib/g4ltl.jar:/home/travis/build/icyphy/ptII/lib/StructuralCoder.jar:/home/travis/build/icyphy/ptII/lib/jcerti.jar:/home/travis/build/icyphy/ptII/lib/javax.mail.jar:/home/travis/build/icyphy/ptII/vendors/JMF-2.1.1e/lib/jmf.jar:/home/travis/build/icyphy/ptII/lib/jna-4.0.0-variadic.jar:/home/travis/build/icyphy/ptII/vendors/misc/joystick/Joystick.jar:/home/travis/build/icyphy/ptII/lib/ptjacl.jar:/home/travis/build/icyphy/ptII/lib/jsoup-1.8.2.jar:/home/travis/build/icyphy/ptII/lib/junit-4.8.2.jar:/home/travis/build/icyphy/ptII/lib/JUnitParams-0.4.0.jar:/home/travis/build/icyphy/ptII/ptolemy/actor/lib/excel/jxl.jar:/home/travis/build/icyphy/ptII/lib/jython.jar:/home/travis/build/icyphy/ptII/lib/kieler.jar:/home/travis/build/icyphy/ptII/vendors/opencv/share/OpenCV/java/opencv-341.jar:/home/travis/build/icyphy/ptII/lib/oscP5.jar:/home/travis/build/icyphy/ptII/lib/nrjavaserial-3.11.0.devel.jar:/home/travis/build/icyphy/ptII/vendors/j3d/lib/Linux/j3dcore.jar:/home/travis/build/icyphy/ptII/vendors/j3d/lib/Linux/j3dutils.jar:/home/travis/build/icyphy/ptII/vendors/j3d/lib/Linux/vecmath.jar:/home/travis/build/icyphy/ptII/vendors/jogl/lib/Linux/gluegen-rt-natives-linux-amd64.jar:/home/travis/build/icyphy/ptII/vendors/jogl/lib/Linux/gluegen-rt.jar:/home/travis/build/icyphy/ptII/vendors/jogl/lib/Linux/jogl-all-natives-linux-amd64.jar:/home/travis/build/icyphy/ptII/vendors/jogl/lib/Linux/jogl-all.jar:/home/travis/build/icyphy/ptII/ptolemy/distributed/jini/jar/jini-core.jar:/home/travis/build/icyphy/ptII/ptolemy/distributed/jini/jar/jini-ext.jar:/home/travis/build/icyphy/ptII/ptolemy/distributed/jini/jar/sun-util.jar:/home/travis/build/icyphy/ptII/lib/protobuf-java-2.4.1.jar:/home/travis/build/icyphy/ptII/lib/org.eclipse.paho.client.mqttv3.jar:/home/travis/build/icyphy/ptII/lib/mapss.jar:/home/travis/build/icyphy/ptII/ptolemy/actor/ptalon/antlr/antlr.jar:/home/travis/build/icyphy/ptII/lib/JRI.jar:/home/travis/build/icyphy/ptII/lib/commons-lang-2.6.jar:/home/travis/build/icyphy/ptII/lib/commons-logging-1.1.1.jar:/home/travis/build/icyphy/ptII/lib/sootclasses.jar:/home/travis/build/icyphy/ptII/ptolemy/actor/lib/database/mysql-connector-java-5.1.6-bin.jar:/home/travis/build/icyphy/ptII/vendors/misc/sphinx4/sphinx4-data-5prealpha.jar:/home/travis/build/icyphy/ptII/vendors/misc/sphinx4/sphinx4-core-5prealpha.jar:/home/travis/build/icyphy/ptII/lib/PDFRenderer.jar:/home/travis/build/icyphy/ptII/lib/svgSalamander.jar:/home/travis/build/icyphy/ptII/lib/rsyntaxtextarea-2.6.0-SNAPSHOT.jar:/home/travis/build/icyphy/ptII/lib/hazelcast-3.8.2.jar:/home/travis/build/icyphy/ptII/lib/jackson-annotations-2.9.0.jar:/home/travis/build/icyphy/ptII/lib/jackson-core-2.9.3.jar:/home/travis/build/icyphy/ptII/lib/jackson-databind-2.9.3.jar:/home/travis/build/icyphy/ptII/lib/netty-buffer-4.1.19.Final.jar:/home/travis/build/icyphy/ptII/lib/netty-codec-4.1.19.Final.jar:/home/travis/build/icyphy/ptII/lib/netty-codec-dns-4.1.19.Final.jar:/home/travis/build/icyphy/ptII/lib/netty-codec-http-4.1.19.Final.jar:/home/travis/build/icyphy/ptII/lib/netty-codec-http2-4.1.19.Final.jar:/home/travis/build/icyphy/ptII/lib/netty-common-4.1.19.Final.jar:/home/travis/build/icyphy/ptII/lib/netty-handler-4.1.19.Final.jar:/home/travis/build/icyphy/ptII/lib/netty-resolver-4.1.19.Final.jar:/home/travis/build/icyphy/ptII/lib/netty-resolver-dns-4.1.19.Final.jar:/home/travis/build/icyphy/ptII/lib/netty-transport-4.1.19.Final.jar:/home/travis/build/icyphy/ptII/lib/vertx-codegen-3.5.1.jar:/home/travis/build/icyphy/ptII/lib/vertx-core-3.5.2-SNAPSHOT.jar:/home/travis/build/icyphy/ptII/lib/vertx-hazelcast-3.5.1.jar:/home/travis/build/icyphy/ptII/lib/vertx-lang-js-3.5.1.jar:/home/travis/build/icyphy/ptII/lib/vertx-service-proxy-3.5.1.jar:/home/travis/build/icyphy/ptII/lib/vertx-web-3.5.1.jar:/home/travis/build/icyphy/ptII/lib/slf4j-api-1.7.13.jar:/home/travis/build/icyphy/ptII/lib/slf4j-simple-1.7.13.jar:/home/travis/build/icyphy/ptII/lib/webcam-capture-0.3.12.jar:/home/travis/build/icyphy/ptII/lib/bridj-0.7.0.jar:/home/travis/build/icyphy/ptII/lib/xbjlib-1.1.0.nrjavaserial.jar:/home/travis/build/icyphy/ptII/ptolemy/moml/test:/home/travis/build/icyphy/ptII/ant/lib/ant-launcher.jar:/home/travis/build/icyphy/ptII/ant/lib/ant.jar:/home/travis/build/icyphy/ptII/ant/lib/ant-junit.jar:/home/travis/build/icyphy/ptII/ant/lib/ant-junit4.jar" />
    <property name="ant.library.dir" value="/home/travis/build/icyphy/ptII/ant/lib" />
    <property name="os.arch" value="amd64" />
    <property name="env.CONTINUOUS_INTEGRATION" value="true" />
    <property name="env.TRAVIS_LANGUAGE" value="node_js" />
    <property name="env.TRAVIS_STACK_LANGUAGES" value="__sardonyx__ c c++ clojure cplusplus cpp default generic go groovy java node_js php pure_java python ruby scala" />
    <property name="test.name" value="ptolemy.actor.lib.test.junit.JUnitTclTest" />
    <property name="env.APT_KEY_DONT_WARN_ON_DANGEROUS_USAGE" value="1" />
    <property name="sun.java.launcher" value="SUN_STANDARD" />
    <property name="env.PYTHON_CONFIGURE_OPTS" value="--enable-unicode=ucs4 --with-wide-unicode --enable-shared --enable-ipv6 --enable-loadable-sqlite-extensions --with-computed-gotos" />
    <property name="ant.core.lib" value="/home/travis/build/icyphy/ptII/ant/lib/ant.jar" />
    <property name="java.vm.specification.vendor" value="Oracle Corporation" />
    <property name="env.BCVTB_HOME" value="/home/travis/build/icyphy/ptII/lbnl" />
    <property name="file.separator" value="/" />
    <property name="spotbugs.home" value="/home/travis/build/icyphy/ptII/vendors/spotbugs-3.1.1" />
    <property name="java.runtime.version" value="11.0.2+9" />
    <property name="env.ANSI_CLEAR" value="\033[0K" />
    <property name="javafx.verbose" value="true" />
    <property name="env.HAS_JOSH_K_SEAL_OF_APPROVAL" value="true" />
    <property name="env.XDG_RUNTIME_DIR" value="/run/user/2000" />
    <property name="env.TRAVIS_OSX_IMAGE" value="" />
    <property name="env.TRAVIS_JOB_ID" value="649306788" />
    <property name="env.TRAVIS_BRANCH" value="master" />
    <property name="user.country" value="US" />
    <property name="env.CERTI_HOME_TRAVIS" value="/home/travis/pthla/certi-tools" />
    <property name="env.SHELL" value="/bin/bash" />
    <property name="java.maxmemory.large" value="3200m" />
    <property name="model" value="" />
    <property name="env.CASHER_DIR" value="/home/travis/.casher" />
    <property name="env.NVM_CD_FLAGS" value="" />
    <property name="java.vendor.version" value="18.9" />
    <property name="jshint.executable" value="/home/travis/node_modules/jshint/bin/jshint" />
    <property name="env.JRUBY_OPTS" value=" --client -J-XX:+TieredCompilation -J-XX:TieredStopAtLevel=1 -J-Xss2m -Xcompile.invokedynamic=false" />
    <property name="java.vendor" value="Oracle Corporation" />
    <property name="env.TRAVIS_PRE_CHEF_BOOTSTRAP_TIME" value="2019-03-25T16:16:42" />
    <property name="env.TRAVIS_STACK_JOB_BOARD_REGISTER" value="/.job-board-register.yml" />
    <property name="env.ANSI_RED" value="\033[31;1m" />
    <property name="java.specification.version" value="11" />
    <property name="env.IRBRC" value="/home/travis/.rvm/rubies/ruby-2.5.3/.irbrc" />
    <property name="env.TRAVIS" value="true" />
    <property name="sun.arch.data.model" value="64" />
  </properties>
  <testcase classname="ptolemy.util.test.junit.TclTests" name="[0] /home/travis/build/icyphy/ptII/ptolemy/actor/lib/test/AbsoluteValue.tcl (RunTclFile)" time="0.535" />
  <testcase classname="ptolemy.util.test.junit.TclTests" name="[1] /home/travis/build/icyphy/ptII/ptolemy/actor/lib/test/AddSubtract.tcl (RunTclFile)" time="0.13" />
  <testcase classname="ptolemy.util.test.junit.TclTests" name="[2] /home/travis/build/icyphy/ptII/ptolemy/actor/lib/test/Average.tcl (RunTclFile)" time="0.066" />
  <testcase classname="ptolemy.util.test.junit.TclTests" name="[3] /home/travis/build/icyphy/ptII/ptolemy/actor/lib/test/Bernoulli.tcl (RunTclFile)" time="0.04" />
  <testcase classname="ptolemy.util.test.junit.TclTests" name="[4] /home/travis/build/icyphy/ptII/ptolemy/actor/lib/test/Clock.tcl (RunTclFile)" time="0.096" />
  <testcase classname="ptolemy.util.test.junit.TclTests" name="[5] /home/travis/build/icyphy/ptII/ptolemy/actor/lib/test/Commutator.tcl (RunTclFile)" time="0.147" />
  <testcase classname="ptolemy.util.test.junit.TclTests" name="[6] /home/travis/build/icyphy/ptII/ptolemy/actor/lib/test/Const.tcl (RunTclFile)" time="0.089" />
  <testcase classname="ptolemy.util.test.junit.TclTests" name="[7] /home/travis/build/icyphy/ptII/ptolemy/actor/lib/test/CurrentTime.tcl (RunTclFile)" time="0.031" />
  <testcase classname="ptolemy.util.test.junit.TclTests" name="[8] /home/travis/build/icyphy/ptII/ptolemy/actor/lib/test/DB.tcl (RunTclFile)" time="0.038" />
  <testcase classname="ptolemy.util.test.junit.TclTests" name="[9] /home/travis/build/icyphy/ptII/ptolemy/actor/lib/test/DiscreteRandomSource.tcl (RunTclFile)" time="0.04" />
  <testcase classname="ptolemy.util.test.junit.TclTests" name="[10] /home/travis/build/icyphy/ptII/ptolemy/actor/lib/test/Distributor.tcl (RunTclFile)" time="0.074" />
  <testcase classname="ptolemy.util.test.junit.TclTests" name="[11] /home/travis/build/icyphy/ptII/ptolemy/actor/lib/test/Exit.tcl (RunTclFile)" time="0.085" />
  <testcase classname="ptolemy.util.test.junit.TclTests" name="[12] /home/travis/build/icyphy/ptII/ptolemy/actor/lib/test/Expression.tcl (RunTclFile)" time="0.112" />
  <testcase classname="ptolemy.util.test.junit.TclTests" name="[13] /home/travis/build/icyphy/ptII/ptolemy/actor/lib/test/Gaussian.tcl (RunTclFile)" time="0.651" />
  <testcase classname="ptolemy.util.test.junit.TclTests" name="[14] /home/travis/build/icyphy/ptII/ptolemy/actor/lib/test/IIR.tcl (RunTclFile)" time="0.044" />
  <testcase classname="ptolemy.util.test.junit.TclTests" name="[15] /home/travis/build/icyphy/ptII/ptolemy/actor/lib/test/Interpolator.tcl (RunTclFile)" time="0.1" />
  <testcase classname="ptolemy.util.test.junit.TclTests" name="[16] /home/travis/build/icyphy/ptII/ptolemy/actor/lib/test/MathFunction.tcl (RunTclFile)" time="0.039" />
  <testcase classname="ptolemy.util.test.junit.TclTests" name="[17] /home/travis/build/icyphy/ptII/ptolemy/actor/lib/test/Maximum.tcl (RunTclFile)" time="0.023" />
  <testcase classname="ptolemy.util.test.junit.TclTests" name="[18] /home/travis/build/icyphy/ptII/ptolemy/actor/lib/test/Minimum.tcl (RunTclFile)" time="0.019" />
  <testcase classname="ptolemy.util.test.junit.TclTests" name="[19] /home/travis/build/icyphy/ptII/ptolemy/actor/lib/test/MultiplyDivide.tcl (RunTclFile)" time="0.04" />
  <testcase classname="ptolemy.util.test.junit.TclTests" name="[20] /home/travis/build/icyphy/ptII/ptolemy/actor/lib/test/OrderedMerge.tcl (RunTclFile)" time="0.118" />
  <testcase classname="ptolemy.util.test.junit.TclTests" name="[21] /home/travis/build/icyphy/ptII/ptolemy/actor/lib/test/Publisher.tcl (RunTclFile)" time="0.735" />
  <testcase classname="ptolemy.util.test.junit.TclTests" name="[22] /home/travis/build/icyphy/ptII/ptolemy/actor/lib/test/Pulse.tcl (RunTclFile)" time="0.065" />
  <testcase classname="ptolemy.util.test.junit.TclTests" name="[23] /home/travis/build/icyphy/ptII/ptolemy/actor/lib/test/Ramp.tcl (RunTclFile)" time="2.055" />
  <testcase classname="ptolemy.util.test.junit.TclTests" name="[24] /home/travis/build/icyphy/ptII/ptolemy/actor/lib/test/RampContinuous.tcl (RunTclFile)" time="0.017" />
  <testcase classname="ptolemy.util.test.junit.TclTests" name="[25] /home/travis/build/icyphy/ptII/ptolemy/actor/lib/test/RecordAssembler.tcl (RunTclFile)" time="0.016" />
  <testcase classname="ptolemy.util.test.junit.TclTests" name="[26] /home/travis/build/icyphy/ptII/ptolemy/actor/lib/test/RecordDisassembler.tcl (RunTclFile)" time="0.031" />
  <testcase classname="ptolemy.util.test.junit.TclTests" name="[27] /home/travis/build/icyphy/ptII/ptolemy/actor/lib/test/Scale.tcl (RunTclFile)" time="0.028" />
  <testcase classname="ptolemy.util.test.junit.TclTests" name="[28] /home/travis/build/icyphy/ptII/ptolemy/actor/lib/test/SequentialClock.tcl (RunTclFile)" time="0.014" />
  <testcase classname="ptolemy.util.test.junit.TclTests" name="[29] /home/travis/build/icyphy/ptII/ptolemy/actor/lib/test/SetVariable.tcl (RunTclFile)" time="0.01" />
  <testcase classname="ptolemy.util.test.junit.TclTests" name="[30] /home/travis/build/icyphy/ptII/ptolemy/actor/lib/test/Sinewave.tcl (RunTclFile)" time="0.058" />
  <testcase classname="ptolemy.util.test.junit.TclTests" name="[31] /home/travis/build/icyphy/ptII/ptolemy/actor/lib/test/SubscriptionAggregator.tcl (RunTclFile)" time="2.115" />
  <testcase classname="ptolemy.util.test.junit.TclTests" name="[32] /home/travis/build/icyphy/ptII/ptolemy/actor/lib/test/Test.tcl (RunTclFile)" time="0.194" />
  <testcase classname="ptolemy.util.test.junit.TclTests" name="[33] /home/travis/build/icyphy/ptII/ptolemy/actor/lib/test/TestExceptionHandler.tcl (RunTclFile)" time="0.014" />
  <testcase classname="ptolemy.util.test.junit.TclTests" name="[34] /home/travis/build/icyphy/ptII/ptolemy/actor/lib/test/UnionDisassembler.tcl (RunTclFile)" time="0.067" />
  <testcase classname="ptolemy.util.test.junit.TclTests" name="[35] /home/travis/build/icyphy/ptII/ptolemy/actor/lib/test/VariableClock.tcl (RunTclFile)" time="0.022" />
  <testcase classname="ptolemy.util.test.junit.AutoKnownFailedTests" name="[0] /home/travis/build/icyphy/ptII/ptolemy/actor/lib/test/auto/knownFailedTests/PublisherPortToplevelSubscriber.xml (RunModel)" time="0.034" />
  <testcase classname="ptolemy.util.test.junit.AutoKnownFailedTests" name="[1] /home/travis/build/icyphy/ptII/ptolemy/actor/lib/test/auto/knownFailedTests/PublisherSubscriberPortToplevel.xml (RunModel)" time="0.019" />
  <testcase classname="ptolemy.util.test.junit.AutoKnownFailedTests" name="[2] /home/travis/build/icyphy/ptII/ptolemy/actor/lib/test/auto/knownFailedTests/PublisherSubscriptionAggregatorPort.xml (RunModel)" time="0.022" />
  <testcase classname="ptolemy.util.test.junit.AutoKnownFailedTests" name="[3] /home/travis/build/icyphy/ptII/ptolemy/actor/lib/test/auto/knownFailedTests/sizedarray3.xml (RunModel)" time="0.025" />
  <testcase classname="ptolemy.util.test.junit.AutoNameArchTests" name="[0] ThereAreNoAutoArchTests (RunModel)" time="0.004" />
  <testcase classname="ptolemy.util.test.junit.AutoTests" name="[0] /home/travis/build/icyphy/ptII/ptolemy/actor/lib/test/auto/AbsoluteValue.xml (RunModel)" time="0.1" />
  <testcase classname="ptolemy.util.test.junit.AutoTests" name="[1] /home/travis/build/icyphy/ptII/ptolemy/actor/lib/test/auto/AbsoluteValue2.xml (RunModel)" time="0.068" />
  <testcase classname="ptolemy.util.test.junit.AutoTests" name="[2] /home/travis/build/icyphy/ptII/ptolemy/actor/lib/test/auto/Accumulator.xml (RunModel)" time="0.03" />
  <testcase classname="ptolemy.util.test.junit.AutoTests" name="[3] /home/travis/build/icyphy/ptII/ptolemy/actor/lib/test/auto/Accumulator2.xml (RunModel)" time="0.05" />
  <testcase classname="ptolemy.util.test.junit.AutoTests" name="[4] /home/travis/build/icyphy/ptII/ptolemy/actor/lib/test/auto/Accumulator3.xml (RunModel)" time="0.012" />
  <testcase classname="ptolemy.util.test.junit.AutoTests" name="[5] /home/travis/build/icyphy/ptII/ptolemy/actor/lib/test/auto/ArrayAppend.xml (RunModel)" time="0.037" />
  <testcase classname="ptolemy.util.test.junit.AutoTests" name="[6] /home/travis/build/icyphy/ptII/ptolemy/actor/lib/test/auto/ArrayAppend2.xml (RunModel)" time="0.403" />
  <testcase classname="ptolemy.util.test.junit.AutoTests" name="[7] /home/travis/build/icyphy/ptII/ptolemy/actor/lib/test/auto/ArrayAppend3.xml (RunModel)" time="0.041" />
  <testcase classname="ptolemy.util.test.junit.AutoTests" name="[8] /home/travis/build/icyphy/ptII/ptolemy/actor/lib/test/auto/ArrayAppend4.xml (RunModel)" time="0.016" />
  <testcase classname="ptolemy.util.test.junit.AutoTests" name="[9] /home/travis/build/icyphy/ptII/ptolemy/actor/lib/test/auto/ArrayAppend5.xml (RunModel)" time="0.017" />
  <testcase classname="ptolemy.util.test.junit.AutoTests" name="[10] /home/travis/build/icyphy/ptII/ptolemy/actor/lib/test/auto/ArrayAppend6.xml (RunModel)" time="0.025" />
  <testcase classname="ptolemy.util.test.junit.AutoTests" name="[11] /home/travis/build/icyphy/ptII/ptolemy/actor/lib/test/auto/ArrayAppendPerformanceTest.xml (RunModel)" time="0.054" />
  <testcase classname="ptolemy.util.test.junit.AutoTests" name="[12] /home/travis/build/icyphy/ptII/ptolemy/actor/lib/test/auto/ArrayAppendWithEmptyInput.xml (RunModel)" time="0.049" />
  <testcase classname="ptolemy.util.test.junit.AutoTests" name="[13] /home/travis/build/icyphy/ptII/ptolemy/actor/lib/test/auto/ArrayAverage.xml (RunModel)" time="0.051" />
  <testcase classname="ptolemy.util.test.junit.AutoTests" name="[14] /home/travis/build/icyphy/ptII/ptolemy/actor/lib/test/auto/ArrayContains.xml (RunModel)" time="0.029" />
  <testcase classname="ptolemy.util.test.junit.AutoTests" name="[15] /home/travis/build/icyphy/ptII/ptolemy/actor/lib/test/auto/ArrayElement.xml (RunModel)" time="0.018" />
  <testcase classname="ptolemy.util.test.junit.AutoTests" name="[16] /home/travis/build/icyphy/ptII/ptolemy/actor/lib/test/auto/ArrayElementAsMatrix.xml (RunModel)" time="0.059" />
  <testcase classname="ptolemy.util.test.junit.AutoTests" name="[17] /home/travis/build/icyphy/ptII/ptolemy/actor/lib/test/auto/ArrayElementI.xml (RunModel)" time="0.015" />
  <testcase classname="ptolemy.util.test.junit.AutoTests" name="[18] /home/travis/build/icyphy/ptII/ptolemy/actor/lib/test/auto/ArrayExtract.xml (RunModel)" time="0.033" />
  <testcase classname="ptolemy.util.test.junit.AutoTests" name="[19] /home/travis/build/icyphy/ptII/ptolemy/actor/lib/test/auto/ArrayExtract2.xml (RunModel)" time="0.015" />
  <testcase classname="ptolemy.util.test.junit.AutoTests" name="[20] /home/travis/build/icyphy/ptII/ptolemy/actor/lib/test/auto/ArrayLength.xml (RunModel)" time="0.017" />
  <testcase classname="ptolemy.util.test.junit.AutoTests" name="[21] /home/travis/build/icyphy/ptII/ptolemy/actor/lib/test/auto/ArrayLevelCrossing.xml (RunModel)" time="0.021" />
  <testcase classname="ptolemy.util.test.junit.AutoTests" name="[22] /home/travis/build/icyphy/ptII/ptolemy/actor/lib/test/auto/ArrayLevelCrossing2.xml (RunModel)" time="0.023" />
  <testcase classname="ptolemy.util.test.junit.AutoTests" name="[23] /home/travis/build/icyphy/ptII/ptolemy/actor/lib/test/auto/ArrayPeakSearch.xml (RunModel)" time="0.037" />
  <testcase classname="ptolemy.util.test.junit.AutoTests" name="[24] /home/travis/build/icyphy/ptII/ptolemy/actor/lib/test/auto/ArrayPeakSearch2.xml (RunModel)" time="0.029" />
  <testcase classname="ptolemy.util.test.junit.AutoTests" name="[25] /home/travis/build/icyphy/ptII/ptolemy/actor/lib/test/auto/ArrayPeakSearch3.xml (RunModel)" time="0.032" />
  <testcase classname="ptolemy.util.test.junit.AutoTests" name="[26] /home/travis/build/icyphy/ptII/ptolemy/actor/lib/test/auto/ArrayRemoveElement.xml (RunModel)" time="0.023" />
  <testcase classname="ptolemy.util.test.junit.AutoTests" name="[27] /home/travis/build/icyphy/ptII/ptolemy/actor/lib/test/auto/ArraySort.xml (RunModel)" time="0.024" />
  <testcase classname="ptolemy.util.test.junit.AutoTests" name="[28] /home/travis/build/icyphy/ptII/ptolemy/actor/lib/test/auto/ArraySum.xml (RunModel)" time="0.018" />
  <testcase classname="ptolemy.util.test.junit.AutoTests" name="[29] /home/travis/build/icyphy/ptII/ptolemy/actor/lib/test/auto/ArrayToElements.xml (RunModel)" time="0.016" />
  <testcase classname="ptolemy.util.test.junit.AutoTests" name="[30] /home/travis/build/icyphy/ptII/ptolemy/actor/lib/test/auto/ArrayToMatrix.xml (RunModel)" time="0.052" />
  <testcase classname="ptolemy.util.test.junit.AutoTests" name="[31] /home/travis/build/icyphy/ptII/ptolemy/actor/lib/test/auto/ArrayUpdate1.xml (RunModel)" time="0.021" />
  <testcase classname="ptolemy.util.test.junit.AutoTests" name="[32] /home/travis/build/icyphy/ptII/ptolemy/actor/lib/test/auto/ArrayUpdate2.xml (RunModel)" time="0.018" />
  <testcase classname="ptolemy.util.test.junit.AutoTests" name="[33] /home/travis/build/icyphy/ptII/ptolemy/actor/lib/test/auto/ArrayUpdate3.xml (RunModel)" time="0.013" />
  <testcase classname="ptolemy.util.test.junit.AutoTests" name="[34] /home/travis/build/icyphy/ptII/ptolemy/actor/lib/test/auto/Assert1.xml (RunModel)" time="0.021" />
  <testcase classname="ptolemy.util.test.junit.AutoTests" name="[35] /home/travis/build/icyphy/ptII/ptolemy/actor/lib/test/auto/Assert2.xml (RunModel)" time="0.014" />
  <testcase classname="ptolemy.util.test.junit.AutoTests" name="[36] /home/travis/build/icyphy/ptII/ptolemy/actor/lib/test/auto/BooleanMultiplexor.xml (RunModel)" time="0.014" />
  <testcase classname="ptolemy.util.test.junit.AutoTests" name="[37] /home/travis/build/icyphy/ptII/ptolemy/actor/lib/test/auto/BooleanMultiplexor2.xml (RunModel)" time="0.026" />
  <testcase classname="ptolemy.util.test.junit.AutoTests" name="[38] /home/travis/build/icyphy/ptII/ptolemy/actor/lib/test/auto/BooleanMultiplexor3.xml (RunModel)" time="0.022" />
  <testcase classname="ptolemy.util.test.junit.AutoTests" name="[39] /home/travis/build/icyphy/ptII/ptolemy/actor/lib/test/auto/BooleanSelect.xml (RunModel)" time="0.024" />
  <testcase classname="ptolemy.util.test.junit.AutoTests" name="[40] /home/travis/build/icyphy/ptII/ptolemy/actor/lib/test/auto/BooleanSelect2.xml (RunModel)" time="0.016" />
  <testcase classname="ptolemy.util.test.junit.AutoTests" name="[41] /home/travis/build/icyphy/ptII/ptolemy/actor/lib/test/auto/BooleanSwitch.xml (RunModel)" time="0.019" />
  <testcase classname="ptolemy.util.test.junit.AutoTests" name="[42] /home/travis/build/icyphy/ptII/ptolemy/actor/lib/test/auto/BooleanSwitch2.xml (RunModel)" time="0.014" />
  <testcase classname="ptolemy.util.test.junit.AutoTests" name="[43] /home/travis/build/icyphy/ptII/ptolemy/actor/lib/test/auto/BooleanSwitchCloningBugWithClassRelationGroup.xml (RunModel)" time="0.027" />
  <testcase classname="ptolemy.util.test.junit.AutoTests" name="[44] /home/travis/build/icyphy/ptII/ptolemy/actor/lib/test/auto/BusActors.xml (RunModel)" time="0.036" />
  <testcase classname="ptolemy.util.test.junit.AutoTests" name="[45] /home/travis/build/icyphy/ptII/ptolemy/actor/lib/test/auto/ClassWrapper.xml (RunModel)" time="0.025" />
  <testcase classname="ptolemy.util.test.junit.AutoTests" name="[46] /home/travis/build/icyphy/ptII/ptolemy/actor/lib/test/auto/Clock.xml (RunModel)" time="0.01" />
  <testcase classname="ptolemy.util.test.junit.AutoTests" name="[47] /home/travis/build/icyphy/ptII/ptolemy/actor/lib/test/auto/Clock10.xml (RunModel)" time="0.02" />
  <testcase classname="ptolemy.util.test.junit.AutoTests" name="[48] /home/travis/build/icyphy/ptII/ptolemy/actor/lib/test/auto/Clock11.xml (RunModel)" time="0.016" />
  <testcase classname="ptolemy.util.test.junit.AutoTests" name="[49] /home/travis/build/icyphy/ptII/ptolemy/actor/lib/test/auto/Clock12.xml (RunModel)" time="0.019" />
  <testcase classname="ptolemy.util.test.junit.AutoTests" name="[50] /home/travis/build/icyphy/ptII/ptolemy/actor/lib/test/auto/Clock13.xml (RunModel)" time="0.015" />
  <testcase classname="ptolemy.util.test.junit.AutoTests" name="[51] /home/travis/build/icyphy/ptII/ptolemy/actor/lib/test/auto/Clock14.xml (RunModel)" time="0.018" />
  <testcase classname="ptolemy.util.test.junit.AutoTests" name="[52] /home/travis/build/icyphy/ptII/ptolemy/actor/lib/test/auto/Clock15.xml (RunModel)" time="0.023" />
  <testcase classname="ptolemy.util.test.junit.AutoTests" name="[53] /home/travis/build/icyphy/ptII/ptolemy/actor/lib/test/auto/Clock16.xml (RunModel)" time="0.082" />
  <testcase classname="ptolemy.util.test.junit.AutoTests" name="[54] /home/travis/build/icyphy/ptII/ptolemy/actor/lib/test/auto/Clock17.xml (RunModel)" time="0.068" />
  <testcase classname="ptolemy.util.test.junit.AutoTests" name="[55] /home/travis/build/icyphy/ptII/ptolemy/actor/lib/test/auto/Clock18.xml (RunModel)" time="0.052" />
  <testcase classname="ptolemy.util.test.junit.AutoTests" name="[56] /home/travis/build/icyphy/ptII/ptolemy/actor/lib/test/auto/Clock19.xml (RunModel)" time="0.038" />
  <testcase classname="ptolemy.util.test.junit.AutoTests" name="[57] /home/travis/build/icyphy/ptII/ptolemy/actor/lib/test/auto/Clock2.xml (RunModel)" time="0.011" />
  <testcase classname="ptolemy.util.test.junit.AutoTests" name="[58] /home/travis/build/icyphy/ptII/ptolemy/actor/lib/test/auto/Clock20.xml (RunModel)" time="0.017" />
  <testcase classname="ptolemy.util.test.junit.AutoTests" name="[59] /home/travis/build/icyphy/ptII/ptolemy/actor/lib/test/auto/Clock21.xml (RunModel)" time="0.018" />
  <testcase classname="ptolemy.util.test.junit.AutoTests" name="[60] /home/travis/build/icyphy/ptII/ptolemy/actor/lib/test/auto/Clock22.xml (RunModel)" time="0.014" />
  <testcase classname="ptolemy.util.test.junit.AutoTests" name="[61] /home/travis/build/icyphy/ptII/ptolemy/actor/lib/test/auto/Clock23.xml (RunModel)" time="0.019" />
  <testcase classname="ptolemy.util.test.junit.AutoTests" name="[62] /home/travis/build/icyphy/ptII/ptolemy/actor/lib/test/auto/Clock24.xml (RunModel)" time="0.014" />
  <testcase classname="ptolemy.util.test.junit.AutoTests" name="[63] /home/travis/build/icyphy/ptII/ptolemy/actor/lib/test/auto/Clock4.xml (RunModel)" time="0.011" />
  <testcase classname="ptolemy.util.test.junit.AutoTests" name="[64] /home/travis/build/icyphy/ptII/ptolemy/actor/lib/test/auto/Clock5.xml (RunModel)" time="0.013" />
  <testcase classname="ptolemy.util.test.junit.AutoTests" name="[65] /home/travis/build/icyphy/ptII/ptolemy/actor/lib/test/auto/Clock6.xml (RunModel)" time="0.01" />
  <testcase classname="ptolemy.util.test.junit.AutoTests" name="[66] /home/travis/build/icyphy/ptII/ptolemy/actor/lib/test/auto/Clock7.xml (RunModel)" time="0.011" />
  <testcase classname="ptolemy.util.test.junit.AutoTests" name="[67] /home/travis/build/icyphy/ptII/ptolemy/actor/lib/test/auto/Clock8.xml (RunModel)" time="0.016" />
  <testcase classname="ptolemy.util.test.junit.AutoTests" name="[68] /home/travis/build/icyphy/ptII/ptolemy/actor/lib/test/auto/Clock9.xml (RunModel)" time="0.016" />
  <testcase classname="ptolemy.util.test.junit.AutoTests" name="[69] /home/travis/build/icyphy/ptII/ptolemy/actor/lib/test/auto/CommDistDiscard.xml (RunModel)" time="0.024" />
  <testcase classname="ptolemy.util.test.junit.AutoTests" name="[70] /home/travis/build/icyphy/ptII/ptolemy/actor/lib/test/auto/Commutator.xml (RunModel)" time="0.018" />
  <testcase classname="ptolemy.util.test.junit.AutoTests" name="[71] /home/travis/build/icyphy/ptII/ptolemy/actor/lib/test/auto/Commutator2.xml (RunModel)" time="0.011" />
  <testcase classname="ptolemy.util.test.junit.AutoTests" name="[72] /home/travis/build/icyphy/ptII/ptolemy/actor/lib/test/auto/Commutator3.xml (RunModel)" time="0.014" />
  <testcase classname="ptolemy.util.test.junit.AutoTests" name="[73] /home/travis/build/icyphy/ptII/ptolemy/actor/lib/test/auto/Compare.xml (RunModel)" time="0.024" />
  <testcase classname="ptolemy.util.test.junit.AutoTests" name="[74] /home/travis/build/icyphy/ptII/ptolemy/actor/lib/test/auto/CompareDE.xml (RunModel)" time="0.04" />
  <testcase classname="ptolemy.util.test.junit.AutoTests" name="[75] /home/travis/build/icyphy/ptII/ptolemy/actor/lib/test/auto/ComplexDivide.xml (RunModel)" time="0.01" />
  <testcase classname="ptolemy.util.test.junit.AutoTests" name="[76] /home/travis/build/icyphy/ptII/ptolemy/actor/lib/test/auto/ComputeHistogram.xml (RunModel)" time="0.075" />
  <testcase classname="ptolemy.util.test.junit.AutoTests" name="[77] /home/travis/build/icyphy/ptII/ptolemy/actor/lib/test/auto/ConfigurationSelect.xml (RunModel)" time="0.023" />
  <testcase classname="ptolemy.util.test.junit.AutoTests" name="[78] /home/travis/build/icyphy/ptII/ptolemy/actor/lib/test/auto/ConfigurationSelect2.xml (RunModel)" time="0.014" />
  <testcase classname="ptolemy.util.test.junit.AutoTests" name="[79] /home/travis/build/icyphy/ptII/ptolemy/actor/lib/test/auto/ConfigurationSwitch.xml (RunModel)" time="0.024" />
  <testcase classname="ptolemy.util.test.junit.AutoTests" name="[80] /home/travis/build/icyphy/ptII/ptolemy/actor/lib/test/auto/ConfigurationSwitch2.xml (RunModel)" time="0.027" />
  <testcase classname="ptolemy.util.test.junit.AutoTests" name="[81] /home/travis/build/icyphy/ptII/ptolemy/actor/lib/test/auto/ConfigurationSwitchCloningBugWithClassRelationGroup.xml (RunModel)" time="0.021" />
  <testcase classname="ptolemy.util.test.junit.AutoTests" name="[82] /home/travis/build/icyphy/ptII/ptolemy/actor/lib/test/auto/ConfigurationSwitchSelectSDF.xml (RunModel)" time="0.015" />
  <testcase classname="ptolemy.util.test.junit.AutoTests" name="[83] /home/travis/build/icyphy/ptII/ptolemy/actor/lib/test/auto/ConfigurationSwitchSelectSDF2.xml (RunModel)" time="0.013" />
  <testcase classname="ptolemy.util.test.junit.AutoTests" name="[84] /home/travis/build/icyphy/ptII/ptolemy/actor/lib/test/auto/Const.xml (RunModel)" time="0.006" />
  <testcase classname="ptolemy.util.test.junit.AutoTests" name="[85] /home/travis/build/icyphy/ptII/ptolemy/actor/lib/test/auto/Const2.xml (RunModel)" time="0.009" />
  <testcase classname="ptolemy.util.test.junit.AutoTests" name="[86] /home/travis/build/icyphy/ptII/ptolemy/actor/lib/test/auto/Const3.xml (RunModel)" time="0.005" />
  <testcase classname="ptolemy.util.test.junit.AutoTests" name="[87] /home/travis/build/icyphy/ptII/ptolemy/actor/lib/test/auto/ConstantPublisherPort1.xml (RunModel)" time="0.024" />
  <testcase classname="ptolemy.util.test.junit.AutoTests" name="[88] /home/travis/build/icyphy/ptII/ptolemy/actor/lib/test/auto/ConstantPublisherPort2.xml (RunModel)" time="0.023" />
  <testcase classname="ptolemy.util.test.junit.AutoTests" name="[89] /home/travis/build/icyphy/ptII/ptolemy/actor/lib/test/auto/ConstantPublisherPort3.xml (RunModel)" time="0.018" />
  <testcase classname="ptolemy.util.test.junit.AutoTests" name="[90] /home/travis/build/icyphy/ptII/ptolemy/actor/lib/test/auto/ConstantPublisherPort4.xml (RunModel)" time="0.014" />
  <testcase classname="ptolemy.util.test.junit.AutoTests" name="[91] /home/travis/build/icyphy/ptII/ptolemy/actor/lib/test/auto/ConstantPublisherPort5.xml (RunModel)" time="0.043" />
  <testcase classname="ptolemy.util.test.junit.AutoTests" name="[92] /home/travis/build/icyphy/ptII/ptolemy/actor/lib/test/auto/ConstantPublisherPort6.xml (RunModel)" time="0.035" />
  <testcase classname="ptolemy.util.test.junit.AutoTests" name="[93] /home/travis/build/icyphy/ptII/ptolemy/actor/lib/test/auto/ConstantPublisherPort7.xml (RunModel)" time="0.035" />
  <testcase classname="ptolemy.util.test.junit.AutoTests" name="[94] /home/travis/build/icyphy/ptII/ptolemy/actor/lib/test/auto/ConstraintMonitor1.xml (RunModel)" time="0.038" />
  <testcase classname="ptolemy.util.test.junit.AutoTests" name="[95] /home/travis/build/icyphy/ptII/ptolemy/actor/lib/test/auto/ConstraintMonitor2.xml (RunModel)" time="0.013" />
  <testcase classname="ptolemy.util.test.junit.AutoTests" name="[96] /home/travis/build/icyphy/ptII/ptolemy/actor/lib/test/auto/ConstraintMonitor3.xml (RunModel)" time="0.012" />
  <testcase classname="ptolemy.util.test.junit.AutoTests" name="[97] /home/travis/build/icyphy/ptII/ptolemy/actor/lib/test/auto/ConstraintMonitor4.xml (RunModel)" time="0.022" />
  <testcase classname="ptolemy.util.test.junit.AutoTests" name="[98] /home/travis/build/icyphy/ptII/ptolemy/actor/lib/test/auto/ConstraintMonitor5.xml (RunModel)" time="0.014" />
  <testcase classname="ptolemy.util.test.junit.AutoTests" name="[99] /home/travis/build/icyphy/ptII/ptolemy/actor/lib/test/auto/ConstraintMonitor6.xml (RunModel)" time="0.015" />
  <testcase classname="ptolemy.util.test.junit.AutoTests" name="[100] /home/travis/build/icyphy/ptII/ptolemy/actor/lib/test/auto/ConstraintMonitor7.xml (RunModel)" time="0.014" />
  <testcase classname="ptolemy.util.test.junit.AutoTests" name="[101] /home/travis/build/icyphy/ptII/ptolemy/actor/lib/test/auto/ConstraintMonitor8.xml (RunModel)" time="0.018" />
  <testcase classname="ptolemy.util.test.junit.AutoTests" name="[102] /home/travis/build/icyphy/ptII/ptolemy/actor/lib/test/auto/Counter.xml (RunModel)" time="0.012" />
  <testcase classname="ptolemy.util.test.junit.AutoTests" name="[103] /home/travis/build/icyphy/ptII/ptolemy/actor/lib/test/auto/CurrentTimeSDF.xml (RunModel)" time="0.007" />
  <testcase classname="ptolemy.util.test.junit.AutoTests" name="[104] /home/travis/build/icyphy/ptII/ptolemy/actor/lib/test/auto/DB.xml (RunModel)" time="0.01" />
  <testcase classname="ptolemy.util.test.junit.AutoTests" name="[105] /home/travis/build/icyphy/ptII/ptolemy/actor/lib/test/auto/DBDE.xml (RunModel)" time="0.011" />
  <testcase classname="ptolemy.util.test.junit.AutoTests" name="[106] /home/travis/build/icyphy/ptII/ptolemy/actor/lib/test/auto/DateConstructor.xml (RunModel)" time="0.063" />
  <testcase classname="ptolemy.util.test.junit.AutoTests" name="[107] /home/travis/build/icyphy/ptII/ptolemy/actor/lib/test/auto/DelayTime.xml (RunModel)" time="0.013" />
  <testcase classname="ptolemy.util.test.junit.AutoTests" name="[108] /home/travis/build/icyphy/ptII/ptolemy/actor/lib/test/auto/Dictionary1.xml (RunModel)" time="0.014" />
  <testcase classname="ptolemy.util.test.junit.AutoTests" name="[109] /home/travis/build/icyphy/ptII/ptolemy/actor/lib/test/auto/Dictionary2.xml (RunModel)" time="0.017" />
  <testcase classname="ptolemy.util.test.junit.AutoTests" name="[110] /home/travis/build/icyphy/ptII/ptolemy/actor/lib/test/auto/Dictionary3.xml (RunModel)" time="0.013" />
  <testcase classname="ptolemy.util.test.junit.AutoTests" name="[111] /home/travis/build/icyphy/ptII/ptolemy/actor/lib/test/auto/Dictionary4.xml (RunModel)" time="0.015" />
  <testcase classname="ptolemy.util.test.junit.AutoTests" name="[112] /home/travis/build/icyphy/ptII/ptolemy/actor/lib/test/auto/Differential.xml (RunModel)" time="0.01" />
  <testcase classname="ptolemy.util.test.junit.AutoTests" name="[113] /home/travis/build/icyphy/ptII/ptolemy/actor/lib/test/auto/Director.xml (RunModel)" time="0.008" />
  <testcase classname="ptolemy.util.test.junit.AutoTests" name="[114] /home/travis/build/icyphy/ptII/ptolemy/actor/lib/test/auto/DiscreteClock.xml (RunModel)" time="0.006" />
  <testcase classname="ptolemy.util.test.junit.AutoTests" name="[115] /home/travis/build/icyphy/ptII/ptolemy/actor/lib/test/auto/DiscreteClock10.xml (RunModel)" time="0.011" />
  <testcase classname="ptolemy.util.test.junit.AutoTests" name="[116] /home/travis/build/icyphy/ptII/ptolemy/actor/lib/test/auto/DiscreteClock11.xml (RunModel)" time="0.012" />
  <testcase classname="ptolemy.util.test.junit.AutoTests" name="[117] /home/travis/build/icyphy/ptII/ptolemy/actor/lib/test/auto/DiscreteClock12.xml (RunModel)" time="0.011" />
  <testcase classname="ptolemy.util.test.junit.AutoTests" name="[118] /home/travis/build/icyphy/ptII/ptolemy/actor/lib/test/auto/DiscreteClock13.xml (RunModel)" time="0.013" />
  <testcase classname="ptolemy.util.test.junit.AutoTests" name="[119] /home/travis/build/icyphy/ptII/ptolemy/actor/lib/test/auto/DiscreteClock14.xml (RunModel)" time="0.016" />
  <testcase classname="ptolemy.util.test.junit.AutoTests" name="[120] /home/travis/build/icyphy/ptII/ptolemy/actor/lib/test/auto/DiscreteClock15.xml (RunModel)" time="0.014" />
  <testcase classname="ptolemy.util.test.junit.AutoTests" name="[121] /home/travis/build/icyphy/ptII/ptolemy/actor/lib/test/auto/DiscreteClock16.xml (RunModel)" time="0.041" />
  <testcase classname="ptolemy.util.test.junit.AutoTests" name="[122] /home/travis/build/icyphy/ptII/ptolemy/actor/lib/test/auto/DiscreteClock17.xml (RunModel)" time="0.036" />
  <testcase classname="ptolemy.util.test.junit.AutoTests" name="[123] /home/travis/build/icyphy/ptII/ptolemy/actor/lib/test/auto/DiscreteClock18.xml (RunModel)" time="0.042" />
  <testcase classname="ptolemy.util.test.junit.AutoTests" name="[124] /home/travis/build/icyphy/ptII/ptolemy/actor/lib/test/auto/DiscreteClock19.xml (RunModel)" time="0.045" />
  <testcase classname="ptolemy.util.test.junit.AutoTests" name="[125] /home/travis/build/icyphy/ptII/ptolemy/actor/lib/test/auto/DiscreteClock2.xml (RunModel)" time="0.01" />
  <testcase classname="ptolemy.util.test.junit.AutoTests" name="[126] /home/travis/build/icyphy/ptII/ptolemy/actor/lib/test/auto/DiscreteClock20.xml (RunModel)" time="0.015" />
  <testcase classname="ptolemy.util.test.junit.AutoTests" name="[127] /home/travis/build/icyphy/ptII/ptolemy/actor/lib/test/auto/DiscreteClock21.xml (RunModel)" time="0.017" />
  <testcase classname="ptolemy.util.test.junit.AutoTests" name="[128] /home/travis/build/icyphy/ptII/ptolemy/actor/lib/test/auto/DiscreteClock22.xml (RunModel)" time="0.014" />
  <testcase classname="ptolemy.util.test.junit.AutoTests" name="[129] /home/travis/build/icyphy/ptII/ptolemy/actor/lib/test/auto/DiscreteClock23.xml (RunModel)" time="0.019" />
  <testcase classname="ptolemy.util.test.junit.AutoTests" name="[130] /home/travis/build/icyphy/ptII/ptolemy/actor/lib/test/auto/DiscreteClock24.xml (RunModel)" time="0.008" />
  <testcase classname="ptolemy.util.test.junit.AutoTests" name="[131] /home/travis/build/icyphy/ptII/ptolemy/actor/lib/test/auto/DiscreteClock4.xml (RunModel)" time="0.018" />
  <testcase classname="ptolemy.util.test.junit.AutoTests" name="[132] /home/travis/build/icyphy/ptII/ptolemy/actor/lib/test/auto/DiscreteClock5.xml (RunModel)" time="0.008" />
  <testcase classname="ptolemy.util.test.junit.AutoTests" name="[133] /home/travis/build/icyphy/ptII/ptolemy/actor/lib/test/auto/DiscreteClock6.xml (RunModel)" time="0.009" />
  <testcase classname="ptolemy.util.test.junit.AutoTests" name="[134] /home/travis/build/icyphy/ptII/ptolemy/actor/lib/test/auto/DiscreteClock7.xml (RunModel)" time="0.008" />
  <testcase classname="ptolemy.util.test.junit.AutoTests" name="[135] /home/travis/build/icyphy/ptII/ptolemy/actor/lib/test/auto/DiscreteClock8.xml (RunModel)" time="0.018" />
  <testcase classname="ptolemy.util.test.junit.AutoTests" name="[136] /home/travis/build/icyphy/ptII/ptolemy/actor/lib/test/auto/DiscreteClock9.xml (RunModel)" time="0.009" />
  <testcase classname="ptolemy.util.test.junit.AutoTests" name="[137] /home/travis/build/icyphy/ptII/ptolemy/actor/lib/test/auto/DisplayArray.xml (RunModel)" time="0.006" />
  <testcase classname="ptolemy.util.test.junit.AutoTests" name="[138] /home/travis/build/icyphy/ptII/ptolemy/actor/lib/test/auto/Distributor.xml (RunModel)" time="0.008" />
  <testcase classname="ptolemy.util.test.junit.AutoTests" name="[139] /home/travis/build/icyphy/ptII/ptolemy/actor/lib/test/auto/Distributor2.xml (RunModel)" time="0.008" />
  <testcase classname="ptolemy.util.test.junit.AutoTests" name="[140] /home/travis/build/icyphy/ptII/ptolemy/actor/lib/test/auto/DownSample.xml (RunModel)" time="0.035" />
  <testcase classname="ptolemy.util.test.junit.AutoTests" name="[141] /home/travis/build/icyphy/ptII/ptolemy/actor/lib/test/auto/ElectronicUnitBase1.xml (RunModel)" time="0.049" />
  <testcase classname="ptolemy.util.test.junit.AutoTests" name="[142] /home/travis/build/icyphy/ptII/ptolemy/actor/lib/test/auto/ElementsToArray.xml (RunModel)" time="0.008" />
  <testcase classname="ptolemy.util.test.junit.AutoTests" name="[143] /home/travis/build/icyphy/ptII/ptolemy/actor/lib/test/auto/Equals.xml (RunModel)" time="0.011" />
  <testcase classname="ptolemy.util.test.junit.AutoTests" name="[144] /home/travis/build/icyphy/ptII/ptolemy/actor/lib/test/auto/Exec.xml (RunModel)" time="0.023" />
  <testcase classname="ptolemy.util.test.junit.AutoTests" name="[145] /home/travis/build/icyphy/ptII/ptolemy/actor/lib/test/auto/ExecEnvironment.xml (RunModel)" time="0.025" />
  <testcase classname="ptolemy.util.test.junit.AutoTests" name="[146] /home/travis/build/icyphy/ptII/ptolemy/actor/lib/test/auto/ExecNonZeroReturnOutput.xml (RunModel)" time="0.164" />
  <testcase classname="ptolemy.util.test.junit.AutoTests" name="[147] /home/travis/build/icyphy/ptII/ptolemy/actor/lib/test/auto/ExecRunDemos.xml (RunModel)" time="9.854" />
  <testcase classname="ptolemy.util.test.junit.AutoTests" name="[148] /home/travis/build/icyphy/ptII/ptolemy/actor/lib/test/auto/ExecStop.xml (RunModel)" time="5.03" />
  <testcase classname="ptolemy.util.test.junit.AutoTests" name="[149] /home/travis/build/icyphy/ptII/ptolemy/actor/lib/test/auto/ExecutionTimeSDF.xml (RunModel)" time="6.03" />
  <testcase classname="ptolemy.util.test.junit.AutoTests" name="[150] /home/travis/build/icyphy/ptII/ptolemy/actor/lib/test/auto/Expression1.xml (RunModel)" time="0.012" />
  <testcase classname="ptolemy.util.test.junit.AutoTests" name="[151] /home/travis/build/icyphy/ptII/ptolemy/actor/lib/test/auto/Expression10.xml (RunModel)" time="0.032" />
  <testcase classname="ptolemy.util.test.junit.AutoTests" name="[152] /home/travis/build/icyphy/ptII/ptolemy/actor/lib/test/auto/Expression11.xml (RunModel)" time="0.026" />
  <testcase classname="ptolemy.util.test.junit.AutoTests" name="[153] /home/travis/build/icyphy/ptII/ptolemy/actor/lib/test/auto/Expression12.xml (RunModel)" time="0.015" />
  <testcase classname="ptolemy.util.test.junit.AutoTests" name="[154] /home/travis/build/icyphy/ptII/ptolemy/actor/lib/test/auto/Expression13.xml (RunModel)" time="0.011" />
  <testcase classname="ptolemy.util.test.junit.AutoTests" name="[155] /home/travis/build/icyphy/ptII/ptolemy/actor/lib/test/auto/Expression14.xml (RunModel)" time="0.02" />
  <testcase classname="ptolemy.util.test.junit.AutoTests" name="[156] /home/travis/build/icyphy/ptII/ptolemy/actor/lib/test/auto/Expression15.xml (RunModel)" time="0.007" />
  <testcase classname="ptolemy.util.test.junit.AutoTests" name="[157] /home/travis/build/icyphy/ptII/ptolemy/actor/lib/test/auto/Expression16.xml (RunModel)" time="0.011" />
  <testcase classname="ptolemy.util.test.junit.AutoTests" name="[158] /home/travis/build/icyphy/ptII/ptolemy/actor/lib/test/auto/Expression17.xml (RunModel)" time="0.012" />
  <testcase classname="ptolemy.util.test.junit.AutoTests" name="[159] /home/travis/build/icyphy/ptII/ptolemy/actor/lib/test/auto/Expression18.xml (RunModel)" time="0.015" />
  <testcase classname="ptolemy.util.test.junit.AutoTests" name="[160] /home/travis/build/icyphy/ptII/ptolemy/actor/lib/test/auto/Expression2.xml (RunModel)" time="0.012" />
  <testcase classname="ptolemy.util.test.junit.AutoTests" name="[161] /home/travis/build/icyphy/ptII/ptolemy/actor/lib/test/auto/Expression3.xml (RunModel)" time="0.013" />
  <testcase classname="ptolemy.util.test.junit.AutoTests" name="[162] /home/travis/build/icyphy/ptII/ptolemy/actor/lib/test/auto/Expression4.xml (RunModel)" time="0.017" />
  <testcase classname="ptolemy.util.test.junit.AutoTests" name="[163] /home/travis/build/icyphy/ptII/ptolemy/actor/lib/test/auto/Expression5.xml (RunModel)" time="0.012" />
  <testcase classname="ptolemy.util.test.junit.AutoTests" name="[164] /home/travis/build/icyphy/ptII/ptolemy/actor/lib/test/auto/Expression6.xml (RunModel)" time="0.009" />
  <testcase classname="ptolemy.util.test.junit.AutoTests" name="[165] /home/travis/build/icyphy/ptII/ptolemy/actor/lib/test/auto/Expression7.xml (RunModel)" time="0.011" />
  <testcase classname="ptolemy.util.test.junit.AutoTests" name="[166] /home/travis/build/icyphy/ptII/ptolemy/actor/lib/test/auto/Expression8.xml (RunModel)" time="0.014" />
  <testcase classname="ptolemy.util.test.junit.AutoTests" name="[167] /home/travis/build/icyphy/ptII/ptolemy/actor/lib/test/auto/Expression9.xml (RunModel)" time="0.01" />
  <testcase classname="ptolemy.util.test.junit.AutoTests" name="[168] /home/travis/build/icyphy/ptII/ptolemy/actor/lib/test/auto/ExpressionConcatenateArrayType.xml (RunModel)" time="0.027" />
  <testcase classname="ptolemy.util.test.junit.AutoTests" name="[169] /home/travis/build/icyphy/ptII/ptolemy/actor/lib/test/auto/ExpressionConcatenateArrayType2.xml (RunModel)" time="0.02" />
  <testcase classname="ptolemy.util.test.junit.AutoTests" name="[170] /home/travis/build/icyphy/ptII/ptolemy/actor/lib/test/auto/ExpressionFix.xml (RunModel)" time="0.041" />
  <testcase classname="ptolemy.util.test.junit.AutoTests" name="[171] /home/travis/build/icyphy/ptII/ptolemy/actor/lib/test/auto/ExpressionFix2.xml (RunModel)" time="0.014" />
  <testcase classname="ptolemy.util.test.junit.AutoTests" name="[172] /home/travis/build/icyphy/ptII/ptolemy/actor/lib/test/auto/ExpressionFix3.xml (RunModel)" time="0.013" />
  <testcase classname="ptolemy.util.test.junit.AutoTests" name="[173] /home/travis/build/icyphy/ptII/ptolemy/actor/lib/test/auto/FileWriter1.xml (RunModel)" time="0.009" />
  <testcase classname="ptolemy.util.test.junit.AutoTests" name="[174] /home/travis/build/icyphy/ptII/ptolemy/actor/lib/test/auto/FileWriter2.xml (RunModel)" time="0.012" />
  <testcase classname="ptolemy.util.test.junit.AutoTests" name="[175] /home/travis/build/icyphy/ptII/ptolemy/actor/lib/test/auto/FileWriter3.xml (RunModel)" time="0.011" />
  <testcase classname="ptolemy.util.test.junit.AutoTests" name="[176] /home/travis/build/icyphy/ptII/ptolemy/actor/lib/test/auto/Gaussian.xml (RunModel)" time="0.013" />
  <testcase classname="ptolemy.util.test.junit.AutoTests" name="[177] /home/travis/build/icyphy/ptII/ptolemy/actor/lib/test/auto/Gaussian1.xml (RunModel)" time="0.017" />
  <testcase classname="ptolemy.util.test.junit.AutoTests" name="[178] /home/travis/build/icyphy/ptII/ptolemy/actor/lib/test/auto/Gaussian2.xml (RunModel)" time="0.016" />
  <testcase classname="ptolemy.util.test.junit.AutoTests" name="[179] /home/travis/build/icyphy/ptII/ptolemy/actor/lib/test/auto/GradientAdaptiveLattice.xml (RunModel)" time="0.014" />
  <testcase classname="ptolemy.util.test.junit.AutoTests" name="[180] /home/travis/build/icyphy/ptII/ptolemy/actor/lib/test/auto/IIR.xml (RunModel)" time="0.007" />
  <testcase classname="ptolemy.util.test.junit.AutoTests" name="[181] /home/travis/build/icyphy/ptII/ptolemy/actor/lib/test/auto/InputOutputTransparentPorts.xml (RunModel)" time="0.013" />
  <testcase classname="ptolemy.util.test.junit.AutoTests" name="[182] /home/travis/build/icyphy/ptII/ptolemy/actor/lib/test/auto/Interpolator.xml (RunModel)" time="0.009" />
  <testcase classname="ptolemy.util.test.junit.AutoTests" name="[183] /home/travis/build/icyphy/ptII/ptolemy/actor/lib/test/auto/InterpolatorFiringLimitDE.xml (RunModel)" time="0.011" />
  <testcase classname="ptolemy.util.test.junit.AutoTests" name="[184] /home/travis/build/icyphy/ptII/ptolemy/actor/lib/test/auto/Lattice.xml (RunModel)" time="0.007" />
  <testcase classname="ptolemy.util.test.junit.AutoTests" name="[185] /home/travis/build/icyphy/ptII/ptolemy/actor/lib/test/auto/LazyAOCTestLazy.xml (RunModel)" time="0.044" />
  <testcase classname="ptolemy.util.test.junit.AutoTests" name="[186] /home/travis/build/icyphy/ptII/ptolemy/actor/lib/test/auto/LazyAOCTestNonLazy.xml (RunModel)" time="0.043" />
  <testcase classname="ptolemy.util.test.junit.AutoTests" name="[187] /home/travis/build/icyphy/ptII/ptolemy/actor/lib/test/auto/LazyInnerClass.xml (RunModel)" time="0.04" />
  <testcase classname="ptolemy.util.test.junit.AutoTests" name="[188] /home/travis/build/icyphy/ptII/ptolemy/actor/lib/test/auto/LazyPubSub.xml (RunModel)" time="0.04" />
  <testcase classname="ptolemy.util.test.junit.AutoTests" name="[189] /home/travis/build/icyphy/ptII/ptolemy/actor/lib/test/auto/LazyPubSub2.xml (RunModel)" time="0.03" />
  <testcase classname="ptolemy.util.test.junit.AutoTests" name="[190] /home/travis/build/icyphy/ptII/ptolemy/actor/lib/test/auto/LazyPubSub3.xml (RunModel)" time="0.022" />
  <testcase classname="ptolemy.util.test.junit.AutoTests" name="[191] /home/travis/build/icyphy/ptII/ptolemy/actor/lib/test/auto/LazySubClassModel.xml (RunModel)" time="0.017" />
  <testcase classname="ptolemy.util.test.junit.AutoTests" name="[192] /home/travis/build/icyphy/ptII/ptolemy/actor/lib/test/auto/LevelCrossTest1.xml (RunModel)" time="0.008" />
  <testcase classname="ptolemy.util.test.junit.AutoTests" name="[193] /home/travis/build/icyphy/ptII/ptolemy/actor/lib/test/auto/LevelCrossTest10.xml (RunModel)" time="0.012" />
  <testcase classname="ptolemy.util.test.junit.AutoTests" name="[194] /home/travis/build/icyphy/ptII/ptolemy/actor/lib/test/auto/LevelCrossTest11.xml (RunModel)" time="0.01" />
  <testcase classname="ptolemy.util.test.junit.AutoTests" name="[195] /home/travis/build/icyphy/ptII/ptolemy/actor/lib/test/auto/LevelCrossTest12.xml (RunModel)" time="0.011" />
  <testcase classname="ptolemy.util.test.junit.AutoTests" name="[196] /home/travis/build/icyphy/ptII/ptolemy/actor/lib/test/auto/LevelCrossTest13.xml (RunModel)" time="0.019" />
  <testcase classname="ptolemy.util.test.junit.AutoTests" name="[197] /home/travis/build/icyphy/ptII/ptolemy/actor/lib/test/auto/LevelCrossTest2.xml (RunModel)" time="0.008" />
  <testcase classname="ptolemy.util.test.junit.AutoTests" name="[198] /home/travis/build/icyphy/ptII/ptolemy/actor/lib/test/auto/LevelCrossTest3.xml (RunModel)" time="0.01" />
  <testcase classname="ptolemy.util.test.junit.AutoTests" name="[199] /home/travis/build/icyphy/ptII/ptolemy/actor/lib/test/auto/LevelCrossTest4.xml (RunModel)" time="0.009" />
  <testcase classname="ptolemy.util.test.junit.AutoTests" name="[200] /home/travis/build/icyphy/ptII/ptolemy/actor/lib/test/auto/LevelCrossTest5.xml (RunModel)" time="0.011" />
  <testcase classname="ptolemy.util.test.junit.AutoTests" name="[201] /home/travis/build/icyphy/ptII/ptolemy/actor/lib/test/auto/LevelCrossTest6.xml (RunModel)" time="0.011" />
  <testcase classname="ptolemy.util.test.junit.AutoTests" name="[202] /home/travis/build/icyphy/ptII/ptolemy/actor/lib/test/auto/LevelCrossTest7.xml (RunModel)" time="0.017" />
  <testcase classname="ptolemy.util.test.junit.AutoTests" name="[203] /home/travis/build/icyphy/ptII/ptolemy/actor/lib/test/auto/LevelCrossTest8.xml (RunModel)" time="0.01" />
  <testcase classname="ptolemy.util.test.junit.AutoTests" name="[204] /home/travis/build/icyphy/ptII/ptolemy/actor/lib/test/auto/LevelCrossTest9.xml (RunModel)" time="0.013" />
  <testcase classname="ptolemy.util.test.junit.AutoTests" name="[205] /home/travis/build/icyphy/ptII/ptolemy/actor/lib/test/auto/LevinsonDurbin.xml (RunModel)" time="0.009" />
  <testcase classname="ptolemy.util.test.junit.AutoTests" name="[206] /home/travis/build/icyphy/ptII/ptolemy/actor/lib/test/auto/LevinsonDurbin2.xml (RunModel)" time="0.008" />
  <testcase classname="ptolemy.util.test.junit.AutoTests" name="[207] /home/travis/build/icyphy/ptII/ptolemy/actor/lib/test/auto/LevinsonDurbin3.xml (RunModel)" time="0.011" />
  <testcase classname="ptolemy.util.test.junit.AutoTests" name="[208] /home/travis/build/icyphy/ptII/ptolemy/actor/lib/test/auto/Limiter.xml (RunModel)" time="0.037" />
  <testcase classname="ptolemy.util.test.junit.AutoTests" name="[209] /home/travis/build/icyphy/ptII/ptolemy/actor/lib/test/auto/LinearDifferenceEquationSystem.xml (RunModel)" time="0.033" />
  <testcase classname="ptolemy.util.test.junit.AutoTests" name="[210] /home/travis/build/icyphy/ptII/ptolemy/actor/lib/test/auto/LookupTable.xml (RunModel)" time="0.026" />
  <testcase classname="ptolemy.util.test.junit.AutoTests" name="[211] /home/travis/build/icyphy/ptII/ptolemy/actor/lib/test/auto/MathFunction.xml (RunModel)" time="0.02" />
  <testcase classname="ptolemy.util.test.junit.AutoTests" name="[212] /home/travis/build/icyphy/ptII/ptolemy/actor/lib/test/auto/MathFunction2.xml (RunModel)" time="0.011" />
  <testcase classname="ptolemy.util.test.junit.AutoTests" name="[213] /home/travis/build/icyphy/ptII/ptolemy/actor/lib/test/auto/MathFunction3.xml (RunModel)" time="0.021" />
  <testcase classname="ptolemy.util.test.junit.AutoTests" name="[214] /home/travis/build/icyphy/ptII/ptolemy/actor/lib/test/auto/MatrixCropBoolean.xml (RunModel)" time="0.014" />
  <testcase classname="ptolemy.util.test.junit.AutoTests" name="[215] /home/travis/build/icyphy/ptII/ptolemy/actor/lib/test/auto/MatrixCropComplex.xml (RunModel)" time="0.009" />
  <testcase classname="ptolemy.util.test.junit.AutoTests" name="[216] /home/travis/build/icyphy/ptII/ptolemy/actor/lib/test/auto/MatrixCropDouble.xml (RunModel)" time="0.01" />
  <testcase classname="ptolemy.util.test.junit.AutoTests" name="[217] /home/travis/build/icyphy/ptII/ptolemy/actor/lib/test/auto/MatrixCropFix.xml (RunModel)" time="0.012" />
  <testcase classname="ptolemy.util.test.junit.AutoTests" name="[218] /home/travis/build/icyphy/ptII/ptolemy/actor/lib/test/auto/MatrixCropInt.xml (RunModel)" time="0.009" />
  <testcase classname="ptolemy.util.test.junit.AutoTests" name="[219] /home/travis/build/icyphy/ptII/ptolemy/actor/lib/test/auto/MatrixCropLong.xml (RunModel)" time="0.007" />
  <testcase classname="ptolemy.util.test.junit.AutoTests" name="[220] /home/travis/build/icyphy/ptII/ptolemy/actor/lib/test/auto/MatrixToArray.xml (RunModel)" time="0.054" />
  <testcase classname="ptolemy.util.test.junit.AutoTests" name="[221] /home/travis/build/icyphy/ptII/ptolemy/actor/lib/test/auto/MaxIndex.xml (RunModel)" time="0.015" />
  <testcase classname="ptolemy.util.test.junit.AutoTests" name="[222] /home/travis/build/icyphy/ptII/ptolemy/actor/lib/test/auto/Maximum.xml (RunModel)" time="0.011" />
  <testcase classname="ptolemy.util.test.junit.AutoTests" name="[223] /home/travis/build/icyphy/ptII/ptolemy/actor/lib/test/auto/MaximumComplex.xml (RunModel)" time="0.011" />
  <testcase classname="ptolemy.util.test.junit.AutoTests" name="[224] /home/travis/build/icyphy/ptII/ptolemy/actor/lib/test/auto/MethodCallTest.xml (RunModel)" time="0.019" />
  <testcase classname="ptolemy.util.test.junit.AutoTests" name="[225] /home/travis/build/icyphy/ptII/ptolemy/actor/lib/test/auto/Minimum.xml (RunModel)" time="0.012" />
  <testcase classname="ptolemy.util.test.junit.AutoTests" name="[226] /home/travis/build/icyphy/ptII/ptolemy/actor/lib/test/auto/MinimumComplex.xml (RunModel)" time="0.021" />
  <testcase classname="ptolemy.util.test.junit.AutoTests" name="[227] /home/travis/build/icyphy/ptII/ptolemy/actor/lib/test/auto/MinimumMultiports.xml (RunModel)" time="0.018" />
  <testcase classname="ptolemy.util.test.junit.AutoTests" name="[228] /home/travis/build/icyphy/ptII/ptolemy/actor/lib/test/auto/ModifyDate.xml (RunModel)" time="0.042" />
  <testcase classname="ptolemy.util.test.junit.AutoTests" name="[229] /home/travis/build/icyphy/ptII/ptolemy/actor/lib/test/auto/ModifyDate2.xml (RunModel)" time="0.026" />
  <testcase classname="ptolemy.util.test.junit.AutoTests" name="[230] /home/travis/build/icyphy/ptII/ptolemy/actor/lib/test/auto/MovingAverage.xml (RunModel)" time="0.016" />
  <testcase classname="ptolemy.util.test.junit.AutoTests" name="[231] /home/travis/build/icyphy/ptII/ptolemy/actor/lib/test/auto/MovingMaximum.xml (RunModel)" time="0.009" />
  <testcase classname="ptolemy.util.test.junit.AutoTests" name="[232] /home/travis/build/icyphy/ptII/ptolemy/actor/lib/test/auto/MultipleLinksToSameRelation.xml (RunModel)" time="0.007" />
  <testcase classname="ptolemy.util.test.junit.AutoTests" name="[233] /home/travis/build/icyphy/ptII/ptolemy/actor/lib/test/auto/MultipleLinksToSameRelationDE.xml (RunModel)" time="0.006" />
  <testcase classname="ptolemy.util.test.junit.AutoTests" name="[234] /home/travis/build/icyphy/ptII/ptolemy/actor/lib/test/auto/Multiplexor.xml (RunModel)" time="0.011" />
  <testcase classname="ptolemy.util.test.junit.AutoTests" name="[235] /home/travis/build/icyphy/ptII/ptolemy/actor/lib/test/auto/Multiplexor1.xml (RunModel)" time="0.009" />
  <testcase classname="ptolemy.util.test.junit.AutoTests" name="[236] /home/travis/build/icyphy/ptII/ptolemy/actor/lib/test/auto/Multiplexor2.xml (RunModel)" time="0.014" />
  <testcase classname="ptolemy.util.test.junit.AutoTests" name="[237] /home/travis/build/icyphy/ptII/ptolemy/actor/lib/test/auto/Multiplexor3.xml (RunModel)" time="0.007" />
  <testcase classname="ptolemy.util.test.junit.AutoTests" name="[238] /home/travis/build/icyphy/ptII/ptolemy/actor/lib/test/auto/MultiplexorDE.xml (RunModel)" time="0.026" />
  <testcase classname="ptolemy.util.test.junit.AutoTests" name="[239] /home/travis/build/icyphy/ptII/ptolemy/actor/lib/test/auto/MultiportBroadcastTest.xml (RunModel)" time="0.097" />
  <testcase classname="ptolemy.util.test.junit.AutoTests" name="[240] /home/travis/build/icyphy/ptII/ptolemy/actor/lib/test/auto/MultiportOutHangDuringGetWidth.xml (RunModel)" time="0.036" />
  <testcase classname="ptolemy.util.test.junit.AutoTests" name="[241] /home/travis/build/icyphy/ptII/ptolemy/actor/lib/test/auto/NilToken.xml (RunModel)" time="0.009" />
  <testcase classname="ptolemy.util.test.junit.AutoTests" name="[242] /home/travis/build/icyphy/ptII/ptolemy/actor/lib/test/auto/NilTokenNonStrictTest.xml (RunModel)" time="0.008" />
  <testcase classname="ptolemy.util.test.junit.AutoTests" name="[243] /home/travis/build/icyphy/ptII/ptolemy/actor/lib/test/auto/NilTokenRecord.xml (RunModel)" time="0.02" />
  <testcase classname="ptolemy.util.test.junit.AutoTests" name="[244] /home/travis/build/icyphy/ptII/ptolemy/actor/lib/test/auto/NilTokenTypeTest.xml (RunModel)" time="0.023" />
  <testcase classname="ptolemy.util.test.junit.AutoTests" name="[245] /home/travis/build/icyphy/ptII/ptolemy/actor/lib/test/auto/ObjectToken1.xml (RunModel)" time="0.007" />
  <testcase classname="ptolemy.util.test.junit.AutoTests" name="[246] /home/travis/build/icyphy/ptII/ptolemy/actor/lib/test/auto/OrderedMerge.xml (RunModel)" time="0.016" />
  <testcase classname="ptolemy.util.test.junit.AutoTests" name="[247] /home/travis/build/icyphy/ptII/ptolemy/actor/lib/test/auto/OrderedRecordDisassembler.xml (RunModel)" time="0.015" />
  <testcase classname="ptolemy.util.test.junit.AutoTests" name="[248] /home/travis/build/icyphy/ptII/ptolemy/actor/lib/test/auto/OrderedRecordDisassembler2.xml (RunModel)" time="0.016" />
  <testcase classname="ptolemy.util.test.junit.AutoTests" name="[249] /home/travis/build/icyphy/ptII/ptolemy/actor/lib/test/auto/OrderedRecordUpdater.xml (RunModel)" time="0.009" />
  <testcase classname="ptolemy.util.test.junit.AutoTests" name="[250] /home/travis/build/icyphy/ptII/ptolemy/actor/lib/test/auto/OrderedRecordUpdater2.xml (RunModel)" time="0.015" />
  <testcase classname="ptolemy.util.test.junit.AutoTests" name="[251] /home/travis/build/icyphy/ptII/ptolemy/actor/lib/test/auto/PhaseUnwrap.xml (RunModel)" time="0.01" />
  <testcase classname="ptolemy.util.test.junit.AutoTests" name="[252] /home/travis/build/icyphy/ptII/ptolemy/actor/lib/test/auto/PoissonClock.xml (RunModel)" time="0.01" />
  <testcase classname="ptolemy.util.test.junit.AutoTests" name="[253] /home/travis/build/icyphy/ptII/ptolemy/actor/lib/test/auto/PoissonClock2.xml (RunModel)" time="0.006" />
  <testcase classname="ptolemy.util.test.junit.AutoTests" name="[254] /home/travis/build/icyphy/ptII/ptolemy/actor/lib/test/auto/PoissonClock3.xml (RunModel)" time="0.022" />
  <testcase classname="ptolemy.util.test.junit.AutoTests" name="[255] /home/travis/build/icyphy/ptII/ptolemy/actor/lib/test/auto/PubSubWithInitialTokens.xml (RunModel)" time="0.018" />
  <testcase classname="ptolemy.util.test.junit.AutoTests" name="[256] /home/travis/build/icyphy/ptII/ptolemy/actor/lib/test/auto/PubSubWithInitialTokens2.xml (RunModel)" time="0.012" />
  <testcase classname="ptolemy.util.test.junit.AutoTests" name="[257] /home/travis/build/icyphy/ptII/ptolemy/actor/lib/test/auto/PublisherClassNoParameter.xml (RunModel)" time="0.018" />
  <testcase classname="ptolemy.util.test.junit.AutoTests" name="[258] /home/travis/build/icyphy/ptII/ptolemy/actor/lib/test/auto/PublisherClassParameter.xml (RunModel)" time="0.018" />
  <testcase classname="ptolemy.util.test.junit.AutoTests" name="[259] /home/travis/build/icyphy/ptII/ptolemy/actor/lib/test/auto/PublisherNonStrictTest.xml (RunModel)" time="0.014" />
  <testcase classname="ptolemy.util.test.junit.AutoTests" name="[260] /home/travis/build/icyphy/ptII/ptolemy/actor/lib/test/auto/PublisherPort1.xml (RunModel)" time="0.019" />
  <testcase classname="ptolemy.util.test.junit.AutoTests" name="[261] /home/travis/build/icyphy/ptII/ptolemy/actor/lib/test/auto/PublisherPort2.xml (RunModel)" time="0.018" />
  <testcase classname="ptolemy.util.test.junit.AutoTests" name="[262] /home/travis/build/icyphy/ptII/ptolemy/actor/lib/test/auto/PublisherPort3.xml (RunModel)" time="0.011" />
  <testcase classname="ptolemy.util.test.junit.AutoTests" name="[263] /home/travis/build/icyphy/ptII/ptolemy/actor/lib/test/auto/PublisherPort4.xml (RunModel)" time="0.011" />
  <testcase classname="ptolemy.util.test.junit.AutoTests" name="[264] /home/travis/build/icyphy/ptII/ptolemy/actor/lib/test/auto/PublisherPort5.xml (RunModel)" time="0.013" />
  <testcase classname="ptolemy.util.test.junit.AutoTests" name="[265] /home/travis/build/icyphy/ptII/ptolemy/actor/lib/test/auto/PublisherPort5LookAlike.xml (RunModel)" time="0.017" />
  <testcase classname="ptolemy.util.test.junit.AutoTests" name="[266] /home/travis/build/icyphy/ptII/ptolemy/actor/lib/test/auto/PublisherPort6.xml (RunModel)" time="0.011" />
  <testcase classname="ptolemy.util.test.junit.AutoTests" name="[267] /home/travis/build/icyphy/ptII/ptolemy/actor/lib/test/auto/PublisherPort7.xml (RunModel)" time="0.014" />
  <testcase classname="ptolemy.util.test.junit.AutoTests" name="[268] /home/travis/build/icyphy/ptII/ptolemy/actor/lib/test/auto/PublisherPort8.xml (RunModel)" time="0.019" />
  <testcase classname="ptolemy.util.test.junit.AutoTests" name="[269] /home/travis/build/icyphy/ptII/ptolemy/actor/lib/test/auto/PublisherPortSubscriberChannelVariablesAOC2.xml (RunModel)" time="0.033" />
  <testcase classname="ptolemy.util.test.junit.AutoTests" name="[270] /home/travis/build/icyphy/ptII/ptolemy/actor/lib/test/auto/PublisherPortSubscriberOpaqueWidthInference.xml (RunModel)" time="0.014" />
  <testcase classname="ptolemy.util.test.junit.AutoTests" name="[271] /home/travis/build/icyphy/ptII/ptolemy/actor/lib/test/auto/PublisherPortSubscriberPortAdjacent.xml (RunModel)" time="0.017" />
  <testcase classname="ptolemy.util.test.junit.AutoTests" name="[272] /home/travis/build/icyphy/ptII/ptolemy/actor/lib/test/auto/PublisherPortSubscriberPortExpression.xml (RunModel)" time="0.019" />
  <testcase classname="ptolemy.util.test.junit.AutoTests" name="[273] /home/travis/build/icyphy/ptII/ptolemy/actor/lib/test/auto/PublisherPortSubscriberPortOpaqueD3Reverse.xml (RunModel)" time="0.019" />
  <testcase classname="ptolemy.util.test.junit.AutoTests" name="[274] /home/travis/build/icyphy/ptII/ptolemy/actor/lib/test/auto/PublisherPortSubscriberPortOpaqueWidthInference.xml (RunModel)" time="0.012" />
  <testcase classname="ptolemy.util.test.junit.AutoTests" name="[275] /home/travis/build/icyphy/ptII/ptolemy/actor/lib/test/auto/PublisherPortToplevelSubscriberPortAOC.xml (RunModel)" time="0.018" />
  <testcase classname="ptolemy.util.test.junit.AutoTests" name="[276] /home/travis/build/icyphy/ptII/ptolemy/actor/lib/test/auto/PublisherSubscriber.xml (RunModel)" time="0.018" />
  <testcase classname="ptolemy.util.test.junit.AutoTests" name="[277] /home/travis/build/icyphy/ptII/ptolemy/actor/lib/test/auto/PublisherSubscriber10.xml (RunModel)" time="0.019" />
  <testcase classname="ptolemy.util.test.junit.AutoTests" name="[278] /home/travis/build/icyphy/ptII/ptolemy/actor/lib/test/auto/PublisherSubscriber10InitialOutputs.xml (RunModel)" time="0.029" />
  <testcase classname="ptolemy.util.test.junit.AutoTests" name="[279] /home/travis/build/icyphy/ptII/ptolemy/actor/lib/test/auto/PublisherSubscriber11.xml (RunModel)" time="0.017" />
  <testcase classname="ptolemy.util.test.junit.AutoTests" name="[280] /home/travis/build/icyphy/ptII/ptolemy/actor/lib/test/auto/PublisherSubscriber12.xml (RunModel)" time="0.02" />
  <testcase classname="ptolemy.util.test.junit.AutoTests" name="[281] /home/travis/build/icyphy/ptII/ptolemy/actor/lib/test/auto/PublisherSubscriber13.xml (RunModel)" time="0.01" />
  <testcase classname="ptolemy.util.test.junit.AutoTests" name="[282] /home/travis/build/icyphy/ptII/ptolemy/actor/lib/test/auto/PublisherSubscriber14.xml (RunModel)" time="0.017" />
  <testcase classname="ptolemy.util.test.junit.AutoTests" name="[283] /home/travis/build/icyphy/ptII/ptolemy/actor/lib/test/auto/PublisherSubscriber2.xml (RunModel)" time="0.01" />
  <testcase classname="ptolemy.util.test.junit.AutoTests" name="[284] /home/travis/build/icyphy/ptII/ptolemy/actor/lib/test/auto/PublisherSubscriber3.xml (RunModel)" time="0.009" />
  <testcase classname="ptolemy.util.test.junit.AutoTests" name="[285] /home/travis/build/icyphy/ptII/ptolemy/actor/lib/test/auto/PublisherSubscriber4.xml (RunModel)" time="0.008" />
  <testcase classname="ptolemy.util.test.junit.AutoTests" name="[286] /home/travis/build/icyphy/ptII/ptolemy/actor/lib/test/auto/PublisherSubscriber5.xml (RunModel)" time="0.011" />
  <testcase classname="ptolemy.util.test.junit.AutoTests" name="[287] /home/travis/build/icyphy/ptII/ptolemy/actor/lib/test/auto/PublisherSubscriber6.xml (RunModel)" time="0.015" />
  <testcase classname="ptolemy.util.test.junit.AutoTests" name="[288] /home/travis/build/icyphy/ptII/ptolemy/actor/lib/test/auto/PublisherSubscriber7.xml (RunModel)" time="0.016" />
  <testcase classname="ptolemy.util.test.junit.AutoTests" name="[289] /home/travis/build/icyphy/ptII/ptolemy/actor/lib/test/auto/PublisherSubscriber8.xml (RunModel)" time="0.033" />
  <testcase classname="ptolemy.util.test.junit.AutoTests" name="[290] /home/travis/build/icyphy/ptII/ptolemy/actor/lib/test/auto/PublisherSubscriber9.xml (RunModel)" time="0.017" />
  <testcase classname="ptolemy.util.test.junit.AutoTests" name="[291] /home/travis/build/icyphy/ptII/ptolemy/actor/lib/test/auto/PublisherSubscriberAdjacent.xml (RunModel)" time="0.016" />
  <testcase classname="ptolemy.util.test.junit.AutoTests" name="[292] /home/travis/build/icyphy/ptII/ptolemy/actor/lib/test/auto/PublisherSubscriberChannelVariablesAOC2.xml (RunModel)" time="0.025" />
  <testcase classname="ptolemy.util.test.junit.AutoTests" name="[293] /home/travis/build/icyphy/ptII/ptolemy/actor/lib/test/auto/PublisherSubscriberD3.xml (RunModel)" time="0.012" />
  <testcase classname="ptolemy.util.test.junit.AutoTests" name="[294] /home/travis/build/icyphy/ptII/ptolemy/actor/lib/test/auto/PublisherSubscriberD3Reverse.xml (RunModel)" time="0.012" />
  <testcase classname="ptolemy.util.test.junit.AutoTests" name="[295] /home/travis/build/icyphy/ptII/ptolemy/actor/lib/test/auto/PublisherSubscriberExpression.xml (RunModel)" time="0.017" />
  <testcase classname="ptolemy.util.test.junit.AutoTests" name="[296] /home/travis/build/icyphy/ptII/ptolemy/actor/lib/test/auto/PublisherSubscriberOpaque.xml (RunModel)" time="0.015" />
  <testcase classname="ptolemy.util.test.junit.AutoTests" name="[297] /home/travis/build/icyphy/ptII/ptolemy/actor/lib/test/auto/PublisherSubscriberOpaqueD3.xml (RunModel)" time="0.022" />
  <testcase classname="ptolemy.util.test.junit.AutoTests" name="[298] /home/travis/build/icyphy/ptII/ptolemy/actor/lib/test/auto/PublisherSubscriberOpaqueD3Reverse.xml (RunModel)" time="0.023" />
  <testcase classname="ptolemy.util.test.junit.AutoTests" name="[299] /home/travis/build/icyphy/ptII/ptolemy/actor/lib/test/auto/PublisherSubscriberOpaqueWidthInference.xml (RunModel)" time="0.015" />
  <testcase classname="ptolemy.util.test.junit.AutoTests" name="[300] /home/travis/build/icyphy/ptII/ptolemy/actor/lib/test/auto/PublisherTestSubscriber.xml (RunModel)" time="0.013" />
  <testcase classname="ptolemy.util.test.junit.AutoTests" name="[301] /home/travis/build/icyphy/ptII/ptolemy/actor/lib/test/auto/PublisherToplevelSubscriberPortAOC.xml (RunModel)" time="0.009" />
  <testcase classname="ptolemy.util.test.junit.AutoTests" name="[302] /home/travis/build/icyphy/ptII/ptolemy/actor/lib/test/auto/PulseFiringLimitDE.xml (RunModel)" time="0.015" />
  <testcase classname="ptolemy.util.test.junit.AutoTests" name="[303] /home/travis/build/icyphy/ptII/ptolemy/actor/lib/test/auto/Ramp1.xml (RunModel)" time="0.006" />
  <testcase classname="ptolemy.util.test.junit.AutoTests" name="[304] /home/travis/build/icyphy/ptII/ptolemy/actor/lib/test/auto/RampFiringLimitDE.xml (RunModel)" time="0.011" />
  <testcase classname="ptolemy.util.test.junit.AutoTests" name="[305] /home/travis/build/icyphy/ptII/ptolemy/actor/lib/test/auto/RampFiringLimitSDF.xml (RunModel)" time="0.009" />
  <testcase classname="ptolemy.util.test.junit.AutoTests" name="[306] /home/travis/build/icyphy/ptII/ptolemy/actor/lib/test/auto/RandomInteger.xml (RunModel)" time="0.007" />
  <testcase classname="ptolemy.util.test.junit.AutoTests" name="[307] /home/travis/build/icyphy/ptII/ptolemy/actor/lib/test/auto/ReadFile1.xml (RunModel)" time="0.006" />
  <testcase classname="ptolemy.util.test.junit.AutoTests" name="[308] /home/travis/build/icyphy/ptII/ptolemy/actor/lib/test/auto/ReadFile2.xml (RunModel)" time="0.006" />
  <testcase classname="ptolemy.util.test.junit.AutoTests" name="[309] /home/travis/build/icyphy/ptII/ptolemy/actor/lib/test/auto/Reader.xml (RunModel)" time="0.01" />
  <testcase classname="ptolemy.util.test.junit.AutoTests" name="[310] /home/travis/build/icyphy/ptII/ptolemy/actor/lib/test/auto/RecordAssemblerDisplayNameTest.xml (RunModel)" time="3.946" />
  <testcase classname="ptolemy.util.test.junit.AutoTests" name="[311] /home/travis/build/icyphy/ptII/ptolemy/actor/lib/test/auto/RecordAssemblerTypeError.xml (RunModel)" time="0.048" />
  <testcase classname="ptolemy.util.test.junit.AutoTests" name="[312] /home/travis/build/icyphy/ptII/ptolemy/actor/lib/test/auto/RecordDisassember.xml (RunModel)" time="0.013" />
  <testcase classname="ptolemy.util.test.junit.AutoTests" name="[313] /home/travis/build/icyphy/ptII/ptolemy/actor/lib/test/auto/RecordDisassemberDisplayNameTest.xml (RunModel)" time="0.022" />
  <testcase classname="ptolemy.util.test.junit.AutoTests" name="[314] /home/travis/build/icyphy/ptII/ptolemy/actor/lib/test/auto/RecordDisassembler.xml (RunModel)" time="0.01" />
  <testcase classname="ptolemy.util.test.junit.AutoTests" name="[315] /home/travis/build/icyphy/ptII/ptolemy/actor/lib/test/auto/RecordDisassembler2.xml (RunModel)" time="0.011" />
  <testcase classname="ptolemy.util.test.junit.AutoTests" name="[316] /home/travis/build/icyphy/ptII/ptolemy/actor/lib/test/auto/RecordUpdater.xml (RunModel)" time="0.008" />
  <testcase classname="ptolemy.util.test.junit.AutoTests" name="[317] /home/travis/build/icyphy/ptII/ptolemy/actor/lib/test/auto/RecordUpdater2.xml (RunModel)" time="0.008" />
  <testcase classname="ptolemy.util.test.junit.AutoTests" name="[318] /home/travis/build/icyphy/ptII/ptolemy/actor/lib/test/auto/RecursiveLattice.xml (RunModel)" time="0.008" />
  <testcase classname="ptolemy.util.test.junit.AutoTests" name="[319] /home/travis/build/icyphy/ptII/ptolemy/actor/lib/test/auto/Router.xml (RunModel)" time="3.024" />
  <testcase classname="ptolemy.util.test.junit.AutoTests" name="[320] /home/travis/build/icyphy/ptII/ptolemy/actor/lib/test/auto/Router2.xml (RunModel)" time="3.051" />
  <testcase classname="ptolemy.util.test.junit.AutoTests" name="[321] /home/travis/build/icyphy/ptII/ptolemy/actor/lib/test/auto/RunningMaximum.xml (RunModel)" time="0.018" />
  <testcase classname="ptolemy.util.test.junit.AutoTests" name="[322] /home/travis/build/icyphy/ptII/ptolemy/actor/lib/test/auto/RunningMinimum.xml (RunModel)" time="0.023" />
  <testcase classname="ptolemy.util.test.junit.AutoTests" name="[323] /home/travis/build/icyphy/ptII/ptolemy/actor/lib/test/auto/Scale.xml (RunModel)" time="0.006" />
  <testcase classname="ptolemy.util.test.junit.AutoTests" name="[324] /home/travis/build/icyphy/ptII/ptolemy/actor/lib/test/auto/Scale2.xml (RunModel)" time="0.007" />
  <testcase classname="ptolemy.util.test.junit.AutoTests" name="[325] /home/travis/build/icyphy/ptII/ptolemy/actor/lib/test/auto/Scale3.xml (RunModel)" time="0.01" />
  <testcase classname="ptolemy.util.test.junit.AutoTests" name="[326] /home/travis/build/icyphy/ptII/ptolemy/actor/lib/test/auto/ScaleArray.xml (RunModel)" time="0.022" />
  <testcase classname="ptolemy.util.test.junit.AutoTests" name="[327] /home/travis/build/icyphy/ptII/ptolemy/actor/lib/test/auto/ScaleArray2.xml (RunModel)" time="0.005" />
  <testcase classname="ptolemy.util.test.junit.AutoTests" name="[328] /home/travis/build/icyphy/ptII/ptolemy/actor/lib/test/auto/ScaleMatrix.xml (RunModel)" time="0.123" />
  <testcase classname="ptolemy.util.test.junit.AutoTests" name="[329] /home/travis/build/icyphy/ptII/ptolemy/actor/lib/test/auto/Select.xml (RunModel)" time="0.012" />
  <testcase classname="ptolemy.util.test.junit.AutoTests" name="[330] /home/travis/build/icyphy/ptII/ptolemy/actor/lib/test/auto/Select2.xml (RunModel)" time="0.007" />
  <testcase classname="ptolemy.util.test.junit.AutoTests" name="[331] /home/travis/build/icyphy/ptII/ptolemy/actor/lib/test/auto/SequenceToArray2.xml (RunModel)" time="0.136" />
  <testcase classname="ptolemy.util.test.junit.AutoTests" name="[332] /home/travis/build/icyphy/ptII/ptolemy/actor/lib/test/auto/SequentialClock.xml (RunModel)" time="0.006" />
  <testcase classname="ptolemy.util.test.junit.AutoTests" name="[333] /home/travis/build/icyphy/ptII/ptolemy/actor/lib/test/auto/SetVariable.xml (RunModel)" time="0.01" />
  <testcase classname="ptolemy.util.test.junit.AutoTests" name="[334] /home/travis/build/icyphy/ptII/ptolemy/actor/lib/test/auto/SetVariable2.xml (RunModel)" time="0.014" />
  <testcase classname="ptolemy.util.test.junit.AutoTests" name="[335] /home/travis/build/icyphy/ptII/ptolemy/actor/lib/test/auto/SetVariable3.xml (RunModel)" time="0.014" />
  <testcase classname="ptolemy.util.test.junit.AutoTests" name="[336] /home/travis/build/icyphy/ptII/ptolemy/actor/lib/test/auto/SetVariable4.xml (RunModel)" time="0.027" />
  <testcase classname="ptolemy.util.test.junit.AutoTests" name="[337] /home/travis/build/icyphy/ptII/ptolemy/actor/lib/test/auto/SetVariable5.xml (RunModel)" time="0.032" />
  <testcase classname="ptolemy.util.test.junit.AutoTests" name="[338] /home/travis/build/icyphy/ptII/ptolemy/actor/lib/test/auto/Sinewave.xml (RunModel)" time="0.021" />
  <testcase classname="ptolemy.util.test.junit.AutoTests" name="[339] /home/travis/build/icyphy/ptII/ptolemy/actor/lib/test/auto/Sinewave2.xml (RunModel)" time="0.013" />
  <testcase classname="ptolemy.util.test.junit.AutoTests" name="[340] /home/travis/build/icyphy/ptII/ptolemy/actor/lib/test/auto/Sinewave3.xml (RunModel)" time="0.017" />
  <testcase classname="ptolemy.util.test.junit.AutoTests" name="[341] /home/travis/build/icyphy/ptII/ptolemy/actor/lib/test/auto/SingleEvent.xml (RunModel)" time="0.005" />
  <testcase classname="ptolemy.util.test.junit.AutoTests" name="[342] /home/travis/build/icyphy/ptII/ptolemy/actor/lib/test/auto/Sleep.xml (RunModel)" time="6.017" />
  <testcase classname="ptolemy.util.test.junit.AutoTests" name="[343] /home/travis/build/icyphy/ptII/ptolemy/actor/lib/test/auto/SleepMultipleFire.xml (RunModel)" time="1.018" />
  <testcase classname="ptolemy.util.test.junit.AutoTests" name="[344] /home/travis/build/icyphy/ptII/ptolemy/actor/lib/test/auto/StopDE.xml (RunModel)" time="0.014" />
  <testcase classname="ptolemy.util.test.junit.AutoTests" name="[345] /home/travis/build/icyphy/ptII/ptolemy/actor/lib/test/auto/StopSDF.xml (RunModel)" time="0.013" />
  <testcase classname="ptolemy.util.test.junit.AutoTests" name="[346] /home/travis/build/icyphy/ptII/ptolemy/actor/lib/test/auto/StringConstant.xml (RunModel)" time="0.02" />
  <testcase classname="ptolemy.util.test.junit.AutoTests" name="[347] /home/travis/build/icyphy/ptII/ptolemy/actor/lib/test/auto/SubscriberPortInitialValues1.xml (RunModel)" time="0.016" />
  <testcase classname="ptolemy.util.test.junit.AutoTests" name="[348] /home/travis/build/icyphy/ptII/ptolemy/actor/lib/test/auto/SubscriberPortInitialValues13.xml (RunModel)" time="0.025" />
  <testcase classname="ptolemy.util.test.junit.AutoTests" name="[349] /home/travis/build/icyphy/ptII/ptolemy/actor/lib/test/auto/SubscriberPortInitialValues14.xml (RunModel)" time="0.015" />
  <testcase classname="ptolemy.util.test.junit.AutoTests" name="[350] /home/travis/build/icyphy/ptII/ptolemy/actor/lib/test/auto/SubscriberPortInitialValues2.xml (RunModel)" time="0.017" />
  <testcase classname="ptolemy.util.test.junit.AutoTests" name="[351] /home/travis/build/icyphy/ptII/ptolemy/actor/lib/test/auto/SubscriberPortInitialValues3.xml (RunModel)" time="0.019" />
  <testcase classname="ptolemy.util.test.junit.AutoTests" name="[352] /home/travis/build/icyphy/ptII/ptolemy/actor/lib/test/auto/SubscriptionAggregator.xml (RunModel)" time="0.014" />
  <testcase classname="ptolemy.util.test.junit.AutoTests" name="[353] /home/travis/build/icyphy/ptII/ptolemy/actor/lib/test/auto/SubscriptionAggregator2.xml (RunModel)" time="0.011" />
  <testcase classname="ptolemy.util.test.junit.AutoTests" name="[354] /home/travis/build/icyphy/ptII/ptolemy/actor/lib/test/auto/SubscriptionAggregator3.xml (RunModel)" time="0.015" />
  <testcase classname="ptolemy.util.test.junit.AutoTests" name="[355] /home/travis/build/icyphy/ptII/ptolemy/actor/lib/test/auto/SubscriptionAggregatorMultiply.xml (RunModel)" time="0.021" />
  <testcase classname="ptolemy.util.test.junit.AutoTests" name="[356] /home/travis/build/icyphy/ptII/ptolemy/actor/lib/test/auto/SubscriptionAggregatorPortMultiply1.xml (RunModel)" time="0.015" />
  <testcase classname="ptolemy.util.test.junit.AutoTests" name="[357] /home/travis/build/icyphy/ptII/ptolemy/actor/lib/test/auto/Switch.xml (RunModel)" time="0.017" />
  <testcase classname="ptolemy.util.test.junit.AutoTests" name="[358] /home/travis/build/icyphy/ptII/ptolemy/actor/lib/test/auto/Switch2.xml (RunModel)" time="0.011" />
  <testcase classname="ptolemy.util.test.junit.AutoTests" name="[359] /home/travis/build/icyphy/ptII/ptolemy/actor/lib/test/auto/SwitchDE.xml (RunModel)" time="0.014" />
  <testcase classname="ptolemy.util.test.junit.AutoTests" name="[360] /home/travis/build/icyphy/ptII/ptolemy/actor/lib/test/auto/SynchronizerDE.xml (RunModel)" time="0.032" />
  <testcase classname="ptolemy.util.test.junit.AutoTests" name="[361] /home/travis/build/icyphy/ptII/ptolemy/actor/lib/test/auto/Test.xml (RunModel)" time="0.015" />
  <testcase classname="ptolemy.util.test.junit.AutoTests" name="[362] /home/travis/build/icyphy/ptII/ptolemy/actor/lib/test/auto/TestExceptionAttribute1.xml (RunModel)" time="0.008" />
  <testcase classname="ptolemy.util.test.junit.AutoTests" name="[363] /home/travis/build/icyphy/ptII/ptolemy/actor/lib/test/auto/TestExceptionAttribute2.xml (RunModel)" time="0.01" />
  <testcase classname="ptolemy.util.test.junit.AutoTests" name="[364] /home/travis/build/icyphy/ptII/ptolemy/actor/lib/test/auto/TestExceptionAttribute3.xml (RunModel)" time="0.01" />
  <testcase classname="ptolemy.util.test.junit.AutoTests" name="[365] /home/travis/build/icyphy/ptII/ptolemy/actor/lib/test/auto/TestExceptionAttribute4.xml (RunModel)" time="0.007" />
  <testcase classname="ptolemy.util.test.junit.AutoTests" name="[366] /home/travis/build/icyphy/ptII/ptolemy/actor/lib/test/auto/TestExceptionHandler1.xml (RunModel)" time="0.006" />
  <testcase classname="ptolemy.util.test.junit.AutoTests" name="[367] /home/travis/build/icyphy/ptII/ptolemy/actor/lib/test/auto/TestExceptionHandler2.xml (RunModel)" time="0.011" />
  <testcase classname="ptolemy.util.test.junit.AutoTests" name="[368] /home/travis/build/icyphy/ptII/ptolemy/actor/lib/test/auto/TestExceptionHandler3.xml (RunModel)" time="0.005" />
  <testcase classname="ptolemy.util.test.junit.AutoTests" name="[369] /home/travis/build/icyphy/ptII/ptolemy/actor/lib/test/auto/TestExceptionHandler4.xml (RunModel)" time="0.005" />
  <testcase classname="ptolemy.util.test.junit.AutoTests" name="[370] /home/travis/build/icyphy/ptII/ptolemy/actor/lib/test/auto/TestRequireCorrectOrder.xml (RunModel)" time="0.01" />
  <testcase classname="ptolemy.util.test.junit.AutoTests" name="[371] /home/travis/build/icyphy/ptII/ptolemy/actor/lib/test/auto/TestSimple.xml (RunModel)" time="0.01" />
  <testcase classname="ptolemy.util.test.junit.AutoTests" name="[372] /home/travis/build/icyphy/ptII/ptolemy/actor/lib/test/auto/ThrowModelError.xml (RunModel)" time="0.01" />
  <testcase classname="ptolemy.util.test.junit.AutoTests" name="[373] /home/travis/build/icyphy/ptII/ptolemy/actor/lib/test/auto/TimeDelayMicrosteps.xml (RunModel)" time="0.015" />
  <testcase classname="ptolemy.util.test.junit.AutoTests" name="[374] /home/travis/build/icyphy/ptII/ptolemy/actor/lib/test/auto/TimeDelayMicrosteps2.xml (RunModel)" time="0.013" />
  <testcase classname="ptolemy.util.test.junit.AutoTests" name="[375] /home/travis/build/icyphy/ptII/ptolemy/actor/lib/test/auto/TimeDelayMicrosteps3.xml (RunModel)" time="0.01" />
  <testcase classname="ptolemy.util.test.junit.AutoTests" name="[376] /home/travis/build/icyphy/ptII/ptolemy/actor/lib/test/auto/TimeDelayVariableMicrosteps.xml (RunModel)" time="0.009" />
  <testcase classname="ptolemy.util.test.junit.AutoTests" name="[377] /home/travis/build/icyphy/ptII/ptolemy/actor/lib/test/auto/TimeGap.xml (RunModel)" time="0.015" />
  <testcase classname="ptolemy.util.test.junit.AutoTests" name="[378] /home/travis/build/icyphy/ptII/ptolemy/actor/lib/test/auto/TimeGap2.xml (RunModel)" time="0.01" />
  <testcase classname="ptolemy.util.test.junit.AutoTests" name="[379] /home/travis/build/icyphy/ptII/ptolemy/actor/lib/test/auto/TimedSinewave.xml (RunModel)" time="0.05" />
  <testcase classname="ptolemy.util.test.junit.AutoTests" name="[380] /home/travis/build/icyphy/ptII/ptolemy/actor/lib/test/auto/TimedSinewavePhase.xml (RunModel)" time="0.037" />
  <testcase classname="ptolemy.util.test.junit.AutoTests" name="[381] /home/travis/build/icyphy/ptII/ptolemy/actor/lib/test/auto/Timer.xml (RunModel)" time="0.015" />
  <testcase classname="ptolemy.util.test.junit.AutoTests" name="[382] /home/travis/build/icyphy/ptII/ptolemy/actor/lib/test/auto/TriangularDistTestModel.xml (RunModel)" time="0.017" />
  <testcase classname="ptolemy.util.test.junit.AutoTests" name="[383] /home/travis/build/icyphy/ptII/ptolemy/actor/lib/test/auto/TrigFunction.xml (RunModel)" time="0.008" />
  <testcase classname="ptolemy.util.test.junit.AutoTests" name="[384] /home/travis/build/icyphy/ptII/ptolemy/actor/lib/test/auto/TrigFunctionDE.xml (RunModel)" time="0.01" />
  <testcase classname="ptolemy.util.test.junit.AutoTests" name="[385] /home/travis/build/icyphy/ptII/ptolemy/actor/lib/test/auto/TrigFunctionInverse.xml (RunModel)" time="0.008" />
  <testcase classname="ptolemy.util.test.junit.AutoTests" name="[386] /home/travis/build/icyphy/ptII/ptolemy/actor/lib/test/auto/TrigFunctionTan.xml (RunModel)" time="0.005" />
  <testcase classname="ptolemy.util.test.junit.AutoTests" name="[387] /home/travis/build/icyphy/ptII/ptolemy/actor/lib/test/auto/TriggeredClock.xml (RunModel)" time="0.007" />
  <testcase classname="ptolemy.util.test.junit.AutoTests" name="[388] /home/travis/build/icyphy/ptII/ptolemy/actor/lib/test/auto/URLDirectoryReader.xml (RunModel)" time="0.104" />
  <testcase classname="ptolemy.util.test.junit.AutoTests" name="[389] /home/travis/build/icyphy/ptII/ptolemy/actor/lib/test/auto/URLDirectoryReader3.xml (RunModel)" time="1.64" />
  <testcase classname="ptolemy.util.test.junit.AutoTests" name="[390] /home/travis/build/icyphy/ptII/ptolemy/actor/lib/test/auto/UnaryMathFunction.xml (RunModel)" time="0.031" />
  <testcase classname="ptolemy.util.test.junit.AutoTests" name="[391] /home/travis/build/icyphy/ptII/ptolemy/actor/lib/test/auto/Uniform.xml (RunModel)" time="0.014" />
  <testcase classname="ptolemy.util.test.junit.AutoTests" name="[392] /home/travis/build/icyphy/ptII/ptolemy/actor/lib/test/auto/UnionDisassemblerTest.xml (RunModel)" time="0.015" />
  <testcase classname="ptolemy.util.test.junit.AutoTests" name="[393] /home/travis/build/icyphy/ptII/ptolemy/actor/lib/test/auto/UtilityFunctions.xml (RunModel)" time="0.006" />
  <testcase classname="ptolemy.util.test.junit.AutoTests" name="[394] /home/travis/build/icyphy/ptII/ptolemy/actor/lib/test/auto/VariableSleep.xml (RunModel)" time="0.511" />
  <testcase classname="ptolemy.util.test.junit.AutoTests" name="[395] /home/travis/build/icyphy/ptII/ptolemy/actor/lib/test/auto/VectorAssemblerDisassemblerCT.xml (RunModel)" time="0.108" />
  <testcase classname="ptolemy.util.test.junit.AutoTests" name="[396] /home/travis/build/icyphy/ptII/ptolemy/actor/lib/test/auto/VectorAssemblerDisassemblerDE.xml (RunModel)" time="0.014" />
  <testcase classname="ptolemy.util.test.junit.AutoTests" name="[397] /home/travis/build/icyphy/ptII/ptolemy/actor/lib/test/auto/VectorAssemblerDisassemblerSDF.xml (RunModel)" time="0.011" />
  <testcase classname="ptolemy.util.test.junit.AutoTests" name="[398] /home/travis/build/icyphy/ptII/ptolemy/actor/lib/test/auto/WallClockTime.xml (RunModel)" time="1.011" />
  <testcase classname="ptolemy.util.test.junit.AutoTests" name="[399] /home/travis/build/icyphy/ptII/ptolemy/actor/lib/test/auto/WidthTestWithSubscriberPublisher.xml (RunModel)" time="0.041" />
  <testcase classname="ptolemy.util.test.junit.AutoTests" name="[400] /home/travis/build/icyphy/ptII/ptolemy/actor/lib/test/auto/WidthTestWithSubscriberPublisher2.xml (RunModel)" time="0.013" />
  <testcase classname="ptolemy.util.test.junit.AutoTests" name="[401] /home/travis/build/icyphy/ptII/ptolemy/actor/lib/test/auto/WidthTestWithSubscriberPublisher3.xml (RunModel)" time="0.01" />
  <testcase classname="ptolemy.util.test.junit.AutoTests" name="[402] /home/travis/build/icyphy/ptII/ptolemy/actor/lib/test/auto/Writer.xml (RunModel)" time="0.005" />
  <testcase classname="ptolemy.util.test.junit.AutoTests" name="[403] /home/travis/build/icyphy/ptII/ptolemy/actor/lib/test/auto/array.xml (RunModel)" time="0.007" />
  <testcase classname="ptolemy.util.test.junit.AutoTests" name="[404] /home/travis/build/icyphy/ptII/ptolemy/actor/lib/test/auto/array2.xml (RunModel)" time="0.021" />
  <testcase classname="ptolemy.util.test.junit.AutoTests" name="[405] /home/travis/build/icyphy/ptII/ptolemy/actor/lib/test/auto/arrayType.xml (RunModel)" time="0.009" />
  <testcase classname="ptolemy.util.test.junit.AutoTests" name="[406] /home/travis/build/icyphy/ptII/ptolemy/actor/lib/test/auto/arrayType10.xml (RunModel)" time="0.007" />
  <testcase classname="ptolemy.util.test.junit.AutoTests" name="[407] /home/travis/build/icyphy/ptII/ptolemy/actor/lib/test/auto/arrayType11.xml (RunModel)" time="0.007" />
  <testcase classname="ptolemy.util.test.junit.AutoTests" name="[408] /home/travis/build/icyphy/ptII/ptolemy/actor/lib/test/auto/arrayType12.xml (RunModel)" time="0.007" />
  <testcase classname="ptolemy.util.test.junit.AutoTests" name="[409] /home/travis/build/icyphy/ptII/ptolemy/actor/lib/test/auto/arrayType13.xml (RunModel)" time="0.006" />
  <testcase classname="ptolemy.util.test.junit.AutoTests" name="[410] /home/travis/build/icyphy/ptII/ptolemy/actor/lib/test/auto/arrayType14.xml (RunModel)" time="0.007" />
  <testcase classname="ptolemy.util.test.junit.AutoTests" name="[411] /home/travis/build/icyphy/ptII/ptolemy/actor/lib/test/auto/arrayType15.xml (RunModel)" time="0.008" />
  <testcase classname="ptolemy.util.test.junit.AutoTests" name="[412] /home/travis/build/icyphy/ptII/ptolemy/actor/lib/test/auto/arrayType16.xml (RunModel)" time="0.006" />
  <testcase classname="ptolemy.util.test.junit.AutoTests" name="[413] /home/travis/build/icyphy/ptII/ptolemy/actor/lib/test/auto/arrayType17.xml (RunModel)" time="0.007" />
  <testcase classname="ptolemy.util.test.junit.AutoTests" name="[414] /home/travis/build/icyphy/ptII/ptolemy/actor/lib/test/auto/arrayType18.xml (RunModel)" time="0.006" />
  <testcase classname="ptolemy.util.test.junit.AutoTests" name="[415] /home/travis/build/icyphy/ptII/ptolemy/actor/lib/test/auto/arrayType19.xml (RunModel)" time="0.006" />
  <testcase classname="ptolemy.util.test.junit.AutoTests" name="[416] /home/travis/build/icyphy/ptII/ptolemy/actor/lib/test/auto/arrayType2.xml (RunModel)" time="0.007" />
  <testcase classname="ptolemy.util.test.junit.AutoTests" name="[417] /home/travis/build/icyphy/ptII/ptolemy/actor/lib/test/auto/arrayType20.xml (RunModel)" time="0.006" />
  <testcase classname="ptolemy.util.test.junit.AutoTests" name="[418] /home/travis/build/icyphy/ptII/ptolemy/actor/lib/test/auto/arrayType21.xml (RunModel)" time="0.006" />
  <testcase classname="ptolemy.util.test.junit.AutoTests" name="[419] /home/travis/build/icyphy/ptII/ptolemy/actor/lib/test/auto/arrayType22.xml (RunModel)" time="0.005" />
  <testcase classname="ptolemy.util.test.junit.AutoTests" name="[420] /home/travis/build/icyphy/ptII/ptolemy/actor/lib/test/auto/arrayType23.xml (RunModel)" time="0.007" />
  <testcase classname="ptolemy.util.test.junit.AutoTests" name="[421] /home/travis/build/icyphy/ptII/ptolemy/actor/lib/test/auto/arrayType24.xml (RunModel)" time="0.006" />
  <testcase classname="ptolemy.util.test.junit.AutoTests" name="[422] /home/travis/build/icyphy/ptII/ptolemy/actor/lib/test/auto/arrayType25.xml (RunModel)" time="0.007" />
  <testcase classname="ptolemy.util.test.junit.AutoTests" name="[423] /home/travis/build/icyphy/ptII/ptolemy/actor/lib/test/auto/arrayType26.xml (RunModel)" time="0.006" />
  <testcase classname="ptolemy.util.test.junit.AutoTests" name="[424] /home/travis/build/icyphy/ptII/ptolemy/actor/lib/test/auto/arrayType27.xml (RunModel)" time="0.007" />
  <testcase classname="ptolemy.util.test.junit.AutoTests" name="[425] /home/travis/build/icyphy/ptII/ptolemy/actor/lib/test/auto/arrayType28.xml (RunModel)" time="0.014" />
  <testcase classname="ptolemy.util.test.junit.AutoTests" name="[426] /home/travis/build/icyphy/ptII/ptolemy/actor/lib/test/auto/arrayType3.xml (RunModel)" time="0.007" />
  <testcase classname="ptolemy.util.test.junit.AutoTests" name="[427] /home/travis/build/icyphy/ptII/ptolemy/actor/lib/test/auto/arrayType4.xml (RunModel)" time="0.007" />
  <testcase classname="ptolemy.util.test.junit.AutoTests" name="[428] /home/travis/build/icyphy/ptII/ptolemy/actor/lib/test/auto/arrayType5.xml (RunModel)" time="0.007" />
  <testcase classname="ptolemy.util.test.junit.AutoTests" name="[429] /home/travis/build/icyphy/ptII/ptolemy/actor/lib/test/auto/arrayType6.xml (RunModel)" time="0.006" />
  <testcase classname="ptolemy.util.test.junit.AutoTests" name="[430] /home/travis/build/icyphy/ptII/ptolemy/actor/lib/test/auto/arrayType7.xml (RunModel)" time="0.006" />
  <testcase classname="ptolemy.util.test.junit.AutoTests" name="[431] /home/travis/build/icyphy/ptII/ptolemy/actor/lib/test/auto/arrayType8.xml (RunModel)" time="0.016" />
  <testcase classname="ptolemy.util.test.junit.AutoTests" name="[432] /home/travis/build/icyphy/ptII/ptolemy/actor/lib/test/auto/arrayType9.xml (RunModel)" time="0.013" />
  <testcase classname="ptolemy.util.test.junit.AutoTests" name="[433] /home/travis/build/icyphy/ptII/ptolemy/actor/lib/test/auto/cast.xml (RunModel)" time="0.026" />
  <testcase classname="ptolemy.util.test.junit.AutoTests" name="[434] /home/travis/build/icyphy/ptII/ptolemy/actor/lib/test/auto/compositeMultiPort.xml (RunModel)" time="0.017" />
  <testcase classname="ptolemy.util.test.junit.AutoTests" name="[435] /home/travis/build/icyphy/ptII/ptolemy/actor/lib/test/auto/expressionCastInference.xml (RunModel)" time="0.007" />
  <testcase classname="ptolemy.util.test.junit.AutoTests" name="[436] /home/travis/build/icyphy/ptII/ptolemy/actor/lib/test/auto/expressionCastInference2.xml (RunModel)" time="0.038" />
  <testcase classname="ptolemy.util.test.junit.AutoTests" name="[437] /home/travis/build/icyphy/ptII/ptolemy/actor/lib/test/auto/expressionInference.xml (RunModel)" time="0.032" />
  <testcase classname="ptolemy.util.test.junit.AutoTests" name="[438] /home/travis/build/icyphy/ptII/ptolemy/actor/lib/test/auto/expression_bug.xml (RunModel)" time="0.055" />
  <testcase classname="ptolemy.util.test.junit.AutoTests" name="[439] /home/travis/build/icyphy/ptII/ptolemy/actor/lib/test/auto/factorial.xml (RunModel)" time="0.095" />
  <testcase classname="ptolemy.util.test.junit.AutoTests" name="[440] /home/travis/build/icyphy/ptII/ptolemy/actor/lib/test/auto/filterTest1.xml (RunModel)" time="0.012" />
  <testcase classname="ptolemy.util.test.junit.AutoTests" name="[441] /home/travis/build/icyphy/ptII/ptolemy/actor/lib/test/auto/funcApplyInConst.xml (RunModel)" time="0.009" />
  <testcase classname="ptolemy.util.test.junit.AutoTests" name="[442] /home/travis/build/icyphy/ptII/ptolemy/actor/lib/test/auto/funcApplyInExpr.xml (RunModel)" time="0.004" />
  <testcase classname="ptolemy.util.test.junit.AutoTests" name="[443] /home/travis/build/icyphy/ptII/ptolemy/actor/lib/test/auto/function.xml (RunModel)" time="0.006" />
  <testcase classname="ptolemy.util.test.junit.AutoTests" name="[444] /home/travis/build/icyphy/ptII/ptolemy/actor/lib/test/auto/function2.xml (RunModel)" time="0.007" />
  <testcase classname="ptolemy.util.test.junit.AutoTests" name="[445] /home/travis/build/icyphy/ptII/ptolemy/actor/lib/test/auto/function3.xml (RunModel)" time="0.005" />
  <testcase classname="ptolemy.util.test.junit.AutoTests" name="[446] /home/travis/build/icyphy/ptII/ptolemy/actor/lib/test/auto/functionClosureTest1.xml (RunModel)" time="0.008" />
  <testcase classname="ptolemy.util.test.junit.AutoTests" name="[447] /home/travis/build/icyphy/ptII/ptolemy/actor/lib/test/auto/functionClosureTest2.xml (RunModel)" time="0.005" />
  <testcase classname="ptolemy.util.test.junit.AutoTests" name="[448] /home/travis/build/icyphy/ptII/ptolemy/actor/lib/test/auto/functionClosureTest3.xml (RunModel)" time="0.007" />
  <testcase classname="ptolemy.util.test.junit.AutoTests" name="[449] /home/travis/build/icyphy/ptII/ptolemy/actor/lib/test/auto/functionClosureTest4.xml (RunModel)" time="0.011" />
  <testcase classname="ptolemy.util.test.junit.AutoTests" name="[450] /home/travis/build/icyphy/ptII/ptolemy/actor/lib/test/auto/functionClosureTest5.xml (RunModel)" time="0.008" />
  <testcase classname="ptolemy.util.test.junit.AutoTests" name="[451] /home/travis/build/icyphy/ptII/ptolemy/actor/lib/test/auto/functionClosureTest6.xml (RunModel)" time="0.006" />
  <testcase classname="ptolemy.util.test.junit.AutoTests" name="[452] /home/travis/build/icyphy/ptII/ptolemy/actor/lib/test/auto/functionsOnArcs.xml (RunModel)" time="0.007" />
  <testcase classname="ptolemy.util.test.junit.AutoTests" name="[453] /home/travis/build/icyphy/ptII/ptolemy/actor/lib/test/auto/functionsOnArcsHOF.xml (RunModel)" time="0.009" />
  <testcase classname="ptolemy.util.test.junit.AutoTests" name="[454] /home/travis/build/icyphy/ptII/ptolemy/actor/lib/test/auto/logic.xml (RunModel)" time="0.015" />
  <testcase classname="ptolemy.util.test.junit.AutoTests" name="[455] /home/travis/build/icyphy/ptII/ptolemy/actor/lib/test/auto/matrixType.xml (RunModel)" time="0.006" />
  <testcase classname="ptolemy.util.test.junit.AutoTests" name="[456] /home/travis/build/icyphy/ptII/ptolemy/actor/lib/test/auto/matrixType10.xml (RunModel)" time="0.006" />
  <testcase classname="ptolemy.util.test.junit.AutoTests" name="[457] /home/travis/build/icyphy/ptII/ptolemy/actor/lib/test/auto/matrixType11.xml (RunModel)" time="0.006" />
  <testcase classname="ptolemy.util.test.junit.AutoTests" name="[458] /home/travis/build/icyphy/ptII/ptolemy/actor/lib/test/auto/matrixType12.xml (RunModel)" time="0.007" />
  <testcase classname="ptolemy.util.test.junit.AutoTests" name="[459] /home/travis/build/icyphy/ptII/ptolemy/actor/lib/test/auto/matrixType13.xml (RunModel)" time="0.007" />
  <testcase classname="ptolemy.util.test.junit.AutoTests" name="[460] /home/travis/build/icyphy/ptII/ptolemy/actor/lib/test/auto/matrixType14.xml (RunModel)" time="0.007" />
  <testcase classname="ptolemy.util.test.junit.AutoTests" name="[461] /home/travis/build/icyphy/ptII/ptolemy/actor/lib/test/auto/matrixType2.xml (RunModel)" time="0.006" />
  <testcase classname="ptolemy.util.test.junit.AutoTests" name="[462] /home/travis/build/icyphy/ptII/ptolemy/actor/lib/test/auto/matrixType3.xml (RunModel)" time="0.008" />
  <testcase classname="ptolemy.util.test.junit.AutoTests" name="[463] /home/travis/build/icyphy/ptII/ptolemy/actor/lib/test/auto/matrixType4.xml (RunModel)" time="0.009" />
  <testcase classname="ptolemy.util.test.junit.AutoTests" name="[464] /home/travis/build/icyphy/ptII/ptolemy/actor/lib/test/auto/matrixType5.xml (RunModel)" time="0.007" />
  <testcase classname="ptolemy.util.test.junit.AutoTests" name="[465] /home/travis/build/icyphy/ptII/ptolemy/actor/lib/test/auto/matrixType6.xml (RunModel)" time="0.007" />
  <testcase classname="ptolemy.util.test.junit.AutoTests" name="[466] /home/travis/build/icyphy/ptII/ptolemy/actor/lib/test/auto/matrixType7.xml (RunModel)" time="0.007" />
  <testcase classname="ptolemy.util.test.junit.AutoTests" name="[467] /home/travis/build/icyphy/ptII/ptolemy/actor/lib/test/auto/matrixType8.xml (RunModel)" time="0.007" />
  <testcase classname="ptolemy.util.test.junit.AutoTests" name="[468] /home/travis/build/icyphy/ptII/ptolemy/actor/lib/test/auto/matrixType9.xml (RunModel)" time="0.006" />
  <testcase classname="ptolemy.util.test.junit.AutoTests" name="[469] /home/travis/build/icyphy/ptII/ptolemy/actor/lib/test/auto/paraFunctest.xml (RunModel)" time="0.006" />
  <testcase classname="ptolemy.util.test.junit.AutoTests" name="[470] /home/travis/build/icyphy/ptII/ptolemy/actor/lib/test/auto/paraFunctest2.xml (RunModel)" time="0.01" />
  <testcase classname="ptolemy.util.test.junit.AutoTests" name="[471] /home/travis/build/icyphy/ptII/ptolemy/actor/lib/test/auto/parameterPassing.xml (RunModel)" time="0.01" />
  <testcase classname="ptolemy.util.test.junit.AutoTests" name="[472] /home/travis/build/icyphy/ptII/ptolemy/actor/lib/test/auto/record.xml (RunModel)" time="0.007" />
  <testcase classname="ptolemy.util.test.junit.AutoTests" name="[473] /home/travis/build/icyphy/ptII/ptolemy/actor/lib/test/auto/sizedarray1.xml (RunModel)" time="0.008" />
  <testcase classname="ptolemy.util.test.junit.AutoTests" name="[474] /home/travis/build/icyphy/ptII/ptolemy/actor/lib/test/auto/sizedarray2.xml (RunModel)" time="0.008" />
  <testcase classname="ptolemy.util.test.junit.AutoTests" name="[475] /home/travis/build/icyphy/ptII/ptolemy/actor/lib/test/auto/twoPublishers.xml (RunModel)" time="0.028" />
  <system-out><![CDATA[/home/travis/build/icyphy/ptII/ptolemy/actor/lib/test/AbsoluteValue.tcl
testDefs.tcl: setting time out to 9000 seconds at Wed Feb 12 07:01:47 UTC 2020
109 ms. Memory: 129024K Free: 93124K (72%)
5 ms. Memory: 129024K Free: 91076K (71%)
4 ms. Memory: 129024K Free: 90052K (70%)
5 ms. Memory: 129024K Free: 89538K (69%)
/home/travis/build/icyphy/ptII/ptolemy/actor/lib/test/AddSubtract.tcl
14 ms. Memory: 129024K Free: 87475K (68%)
11 ms. Memory: 129024K Free: 86980K (67%)
6 ms. Memory: 129024K Free: 85956K (67%)
8 ms. Memory: 129024K Free: 85427K (66%)
41 ms. Memory: 129024K Free: 82370K (64%)
10 ms. Memory: 129024K Free: 81331K (63%)
/home/travis/build/icyphy/ptII/ptolemy/actor/lib/test/Average.tcl
16 ms. Memory: 129024K Free: 79812K (62%)
10 ms. Memory: 129024K Free: 78788K (61%)
/home/travis/build/icyphy/ptII/ptolemy/actor/lib/test/Bernoulli.tcl
14 ms. Memory: 129024K Free: 77243K (60%)
4 ms. Memory: 129024K Free: 76740K (59%)
/home/travis/build/icyphy/ptII/ptolemy/actor/lib/test/Clock.tcl
preinitializing
resolving types
initializing
executing number 1
wrapping up
idle
34 ms. Memory: 129024K Free: 74178K (57%)
Completed execution with 5 iterations
preinitializing
resolving types
initializing
executing number 1
wrapping up
idle
7 ms. Memory: 129024K Free: 73139K (57%)
Completed execution with 5 iterations
preinitializing
resolving types
initializing
executing number 1
wrapping up
idle
3 ms. Memory: 129024K Free: 72644K (56%)
Completed execution with 5 iterations
/home/travis/build/icyphy/ptII/ptolemy/actor/lib/test/Commutator.tcl
16 ms. Memory: 129024K Free: 70596K (55%)
12 ms. Memory: 129024K Free: 69572K (54%)
16 ms. Memory: 129024K Free: 63923K (50%)
/home/travis/build/icyphy/ptII/ptolemy/actor/lib/test/Const.tcl
4 ms. Memory: 129024K Free: 62404K (48%)
2 ms. Memory: 129024K Free: 61875K (48%)
3 ms. Memory: 129024K Free: 61380K (48%)
2 ms. Memory: 129024K Free: 60356K (47%)
1 ms. Memory: 129024K Free: 59842K (46%)
10 ms. Memory: 129024K Free: 57763K (45%)
3 ms. Memory: 129024K Free: 56755K (44%)
9 ms. Memory: 129024K Free: 56260K (44%)
/home/travis/build/icyphy/ptII/ptolemy/actor/lib/test/CurrentTime.tcl
preinitializing
resolving types
initializing
executing number 1
wrapping up
idle
15 ms. Memory: 129024K Free: 54212K (42%)
Completed execution with 11 iterations
/home/travis/build/icyphy/ptII/ptolemy/actor/lib/test/DB.tcl
10 ms. Memory: 129024K Free: 52674K (41%)
2 ms. Memory: 129024K Free: 51650K (40%)
3 ms. Memory: 129024K Free: 51650K (40%)
/home/travis/build/icyphy/ptII/ptolemy/actor/lib/test/DiscreteRandomSource.tcl
preinitializing
resolving types
initializing
executing number 1
wrapping up
idle
9 ms. Memory: 129024K Free: 50116K (39%)
Completed execution with 4 iterations
preinitializing
resolving types
initializing
executing number 1
wrapping up
idle
4 ms. Memory: 129024K Free: 49571K (38%)
Completed execution with 4 iterations
preinitializing
resolving types
initializing
executing number 1
wrapping up
idle
4 ms. Memory: 129024K Free: 49092K (38%)
Completed execution with 4 iterations
preinitializing
resolving types
initializing
executing number 1
wrapping up
idle
7 ms. Memory: 129024K Free: 48571K (38%)
Completed execution with 4 iterations
preinitializing
resolving types
initializing
executing number 1
wrapping up
idle
3 ms. Memory: 129024K Free: 48068K (37%)
Completed execution with 4 iterations
/home/travis/build/icyphy/ptII/ptolemy/actor/lib/test/Distributor.tcl
12 ms. Memory: 129024K Free: 112990K (88%)
9 ms. Memory: 129024K Free: 111952K (87%)
StreamChangeRequest.changeExecuted(): <deleteEntity name="rec2"/> succeeded
StreamChangeRequest.changeExecuted(): <deleteRelation name="r2"/> succeeded
StreamChangeRequest.changeExecuted(): Record firings per iteration succeeded
10 ms. Memory: 129024K Free: 109918K (85%)
/home/travis/build/icyphy/ptII/ptolemy/actor/lib/test/Exit.tcl
Exit.tcl: this will print a message about Manager.exitAfterWrapup, which can be ignored.
18 ms. Memory: 129024K Free: 106971K (83%)
/home/travis/build/icyphy/ptII/ptolemy/actor/lib/test/Expression.tcl
17 ms. Memory: 129024K Free: 103273K (80%)
7 ms. Memory: 129024K Free: 102736K (80%)
6 ms. Memory: 129024K Free: 102236K (79%)
preinitializing
resolving types
initializing
executing number 1
wrapping up
idle
12 ms. Memory: 129024K Free: 100672K (78%)
Completed execution with 6 iterations
6 ms. Memory: 129024K Free: 99678K (77%)
3 ms. Memory: 129024K Free: 99178K (77%)
7 ms. Memory: 129024K Free: 97616K (76%)
4 ms. Memory: 129024K Free: 96606K (75%)
6 ms. Memory: 129024K Free: 95082K (74%)
/home/travis/build/icyphy/ptII/ptolemy/actor/lib/test/Gaussian.tcl
4 ms. Memory: 129024K Free: 93526K (72%)
sleeping 1 seconds: ..............................................................................................................................................................................................................................................................................................................................................................................................................................................................................................................................................................................................................................................................................................................................................................................................................................................................................................................................................................................................................................................................................................................................................................................................................................................................................................................................................................................................................................................................................................................................................................................................................................................................................................................................................................................................................................................................................................................................................................................................................................................................................................................................................................................................................................................................................................................................................................................................................................................................................................................................................................................................................................................................................................................................................................................................................................................................................................................................................................................................................................................................................................................................................................................................................................................................................................................................................................................................................................................................................................................................................................................................................................................................................................................................................................................................................................................................................................................................................................................................................................................................................................................................................................................................................................................................................................................................................................................................................................................................................................................................................................................................................................................................................................................................................................................................................................................................................................................................................................................................................................................................................................................................................................................................................................................................................................................................................................................................................................................................................................................................................................................................................................................................................................................................................................................................................................................................................................................................................................................................................................................................................................................................................................................................................................................................................................................................................................................................................................................................................................................................................................................................................................................................................................................................................................................................................................................................................................................................................................................................................................................................................................................................................................................................................................................................................................................................................................................................................................................................................................................................................................................................................................................................................................................................................................................................................................................................................................................................................................................................................................................................................................................................................................................................................................................................................................................................................................................................................................................................................................................................................................................................................................................................................................................................................................................................................................................................................................................................................................................................................................................................................................................................................................................................................................................................................................................................................................................................................................................................................................................................................................................................................................................................................................................................................................................................................................................................................................................................................................................................................................................................................................................................................................................................................................................................................................................................................................................................................................................................................................................................................................................................................................................................................................................................................................................................................................................................................................................................................................................................................................................................................................................................................................................................................................................................................................................................................................................................................................................................................................................................................................................................................................................................................................................................................................................................................................................................................................................................................................................................................................................................................................................................................................................................................................................................................................................................................................................................................................................................................................................................................................................................................................................................................................................................................................................................................................................................................................................................................................................................................................................................................................................................................................................................................................................................................................................................................................................................................................................................................................................................................................................................................................................................................................................................................................................................................................................................................................................................................................................................................................................................................................................................................................................................................................................................................................................................................................................................................................................................................................................................................................................................................................................................................................................................................................................................................................................................................................................................................................................................................................................................................................................................................................................................................................................................................................................................................................................................................................................................................................................................................................................................................................................................................................................................................................................................................................................................................................................................................................................................................................................................................................................................................................................................................................................................................................................................................................................................................................................................................................................................................................................................................................................................................................................................................................................................................................................................................................................................................................................................................................................................................................................................................................................................................................................................................................................................................................................................................................................................................................................................................................................................................................................................................................................................................................................................................................................................................................................................................................................................................................................................................................................................................................................................................................................................................................................................................................................................................................................................................................................................................................................................................................................................................................................................................................................................................................................................................................................................................................................................................................................................................................................................................................................................................................................................................................................................................................................................................................................................................................................................................................................................................................................................................................................................................................................................................................................................................................................................................................................................................................................................................................................................................................................................................................................................................................................................................................................................................................................................................................................................................................................................................................................................................................................................................................................................................................................................................................................................................................................................................................................................................................................................................................................................................................................................................................................................................................................................................................................................................................................................................................................................................................................................................................................................................................................................................................................................................................................................................................................................................................................................................................................................................................................................................................................................................................................................................................................................................................................................................................................................................................................................................................................................................................................................................................................................................................................................................................................................................................................................................................................................................................................................................................................................................................................................................................................................................................................................................................................................................................................................................................................................................................................................................................................................................................................................................................................................................................................................................................................................................................................................................................................................................................................................................................................................................................................................................................................................................................................................................................................................................................................................................................................................................................................................................................................................................................................................................................................................................................................................................................................................................................................................................................................................................................................................................................................................................................................................................................................................................................................................................................................................................................................................................................................................................................................................................................................................................................................................................................................................................................................................................................................................................................................................................................................................................................................................................................................................................................................................................................................................................................................................................................................................................................................................................................................................................................................................................................................................................................................................................................................................................................................................................................................................................................................................................................................................................................................................................................................................................................................................................................................................................................................................................................................................................................................................................................................................................................................................................................................................................................................................................................................................................................................................................................................................................................................................................................................................................................................................................................................................................................................................................................................................................................................................................................................................................................................................................................................................................................................................................................................................................................................................................................................................................................................................................................................................................................................................................................................................................................................................................................................................................................................................................................................................................................................................................................................................................................................................................................................................................................................................................................................................................................................................................................................................................................................................................................................................................................................................................................................................................................................................................................................................................................................................................................................................................................................................................................................................................................................................................................................................................................................................................................................................................................................................................................................................................................................................................................................................................................................................................................................................................................................................................................................................................................................................................................................................................................................................................................................................................................................................................................................................................................................................................................................................................................................................................................................................................................................................4 ms. Memory: 129024K Free: 67244K (52%)
2 ms. Memory: 129024K Free: 66734K (52%)
1 ms. Memory: 129024K Free: 66206K (51%)
2 ms. Memory: 129024K Free: 65196K (51%)
2 ms. Memory: 129024K Free: 64686K (50%)
/home/travis/build/icyphy/ptII/ptolemy/actor/lib/test/IIR.tcl
/home/travis/build/icyphy/ptII/ptolemy/actor/lib/test/Interpolator.tcl
7 ms. Memory: 129024K Free: 61094K (47%)
2 ms. Memory: 129024K Free: 60590K (47%)
3 ms. Memory: 129024K Free: 60076K (47%)
4 ms. Memory: 129024K Free: 59052K (46%)
5 ms. Memory: 129024K Free: 58542K (45%)
3 ms. Memory: 129024K Free: 57518K (45%)
2 ms. Memory: 129024K Free: 112602K (87%)
2 ms. Memory: 129024K Free: 111578K (86%)
2 ms. Memory: 129024K Free: 111050K (86%)
2 ms. Memory: 129024K Free: 110034K (85%)
/home/travis/build/icyphy/ptII/ptolemy/actor/lib/test/MathFunction.tcl
4 ms. Memory: 129024K Free: 107992K (84%)
2 ms. Memory: 129024K Free: 106962K (83%)
2 ms. Memory: 129024K Free: 105930K (82%)
2 ms. Memory: 129024K Free: 104920K (81%)
3 ms. Memory: 129024K Free: 103882K (81%)
5 ms. Memory: 129024K Free: 101848K (79%)
/home/travis/build/icyphy/ptII/ptolemy/actor/lib/test/Maximum.tcl
3 ms. Memory: 129024K Free: 99786K (77%)
2 ms. Memory: 129024K Free: 99290K (77%)
2 ms. Memory: 129024K Free: 98770K (77%)
2 ms. Memory: 129024K Free: 97752K (76%)
/home/travis/build/icyphy/ptII/ptolemy/actor/lib/test/Minimum.tcl
3 ms. Memory: 129024K Free: 96218K (75%)
2 ms. Memory: 129024K Free: 95704K (74%)
1 ms. Memory: 129024K Free: 94680K (73%)
2 ms. Memory: 129024K Free: 94170K (73%)
/home/travis/build/icyphy/ptII/ptolemy/actor/lib/test/MultiplyDivide.tcl
11 ms. Memory: 129024K Free: 92122K (71%)
8 ms. Memory: 129024K Free: 91498K (71%)
3 ms. Memory: 129024K Free: 90584K (70%)
5 ms. Memory: 129024K Free: 90074K (70%)
3 ms. Memory: 129024K Free: 89546K (69%)
/home/travis/build/icyphy/ptII/ptolemy/actor/lib/test/OrderedMerge.tcl
Connections changed on port: inputA
Connections changed on port: inputB
Connections changed on port: output
Connections changed on port: output
Connections changed on port: output
Connections changed on port: input
.top. Preinitializing ...
Invoking preinitialize():  .top.OrderedMerge
Called preinitialize()
Invoking preinitialize():  .top.Ramp
Called preinitialize()
Invoking preinitialize():  .top.Ramp2
Called preinitialize()
Invoking preinitialize():  .top.Test
Called preinitialize()
Connections changed on port: inputA
Connections changed on port: output
Connections changed on port: output
Connections changed on port: input
Connections changed on port: inputB
Connections changed on port: output
.top. Finished preinitialize().
Called initialize().
Invoking initialize():  .top.OrderedMerge
Initializing actor: .top.OrderedMerge
Adding a thread: .top.OrderedMerge
Invoking initialize():  .top.Ramp
Initializing actor: .top.Ramp
Adding a thread: .top.Ramp
Invoking initialize():  .top.Ramp2
Initializing actor: .top.Ramp2
Adding a thread: .top.Ramp2
Invoking initialize():  .top.Test
Initializing actor: .top.Test
Adding a thread: .top.Test
-- Starting thread.
Called initialize()
-- Starting thread.
Called initialize()
Called prefire()
Called fire()
Called prefire()
Called fire().
Checking for deadlock:
Called fire()
-- Starting thread.
Called initialize()
Called prefire()
Called fire()
-- Starting thread.
Called initialize()
Called prefire()
Called fire()
There are 1 Blocked actors, 0 Stopped actors, and 4 active threads.
Waiting for actors to stop.
Called postfire()
Called prefire()
Called fire()
Called postfire()
Called prefire()
Called fire()
Checking for deadlock:
There are 1 Blocked actors, 0 Stopped actors, and 4 active threads.
Waiting for actors to stop.
Read input token from inputA with value 0.0
Next port to read input from is inputB
Called postfire()
Called prefire()
Called fire()
Read input token from inputB with value 0.0
Sent output token with value 0.0
Next port to read input from is inputA
Called postfire()
Called prefire()
Called fire()
Checking for deadlock:
There are 1 Blocked actors, 0 Stopped actors, and 4 active threads.
Waiting for actors to stop.
Called postfire()
Called prefire()
Called fire()
Checking for deadlock:
There are 2 Blocked actors, 0 Stopped actors, and 4 active threads.
Waiting for actors to stop.
Called postfire()
Called prefire()
Called fire()
Read input token from inputA with value 1.0
Sent output token with value 0.0
Next port to read input from is inputB
Called postfire()
Called prefire()
-- Read input: 0.0, which is expected to match: 0.0
Checking for deadlock:
There are 1 Blocked actors, 0 Stopped actors, and 4 active threads.
Waiting for actors to stop.
Called prefire()
Called fire()
Called fire()
Called postfire()
Called prefire()
Called fire()
-- Read input: 0.0, which is expected to match: 0.0
Called prefire()
Called fire()
Read input token from inputB with value 1.5
Sent output token with value 1.0
Next port to read input from is inputA
Called postfire()
Called prefire()
Called fire()
Read input token from inputA with value 2.0
Checking for deadlock:
There are 1 Blocked actors, 0 Stopped actors, and 4 active threads.
Waiting for actors to stop.
-- Read input: 1.0, which is expected to match: 1.0
Called prefire()
Called fire()
Called postfire()
Called prefire()
Called fire()
Called postfire()
Called prefire()
Called fire()
Checking for deadlock:
There are 3 Blocked actors, 0 Stopped actors, and 4 active threads.
Waiting for actors to stop.
Sent output token with value 1.5
Next port to read input from is inputB
Called postfire()
Called prefire()
Called fire()
Read input token from inputB with value 3.0
Checking for deadlock:
There are 2 Blocked actors, 0 Stopped actors, and 4 active threads.
Waiting for actors to stop.
-- Read input: 1.5, which is expected to match: 1.5
Called prefire()
Called fire()
Called postfire()
Called prefire()
Called fire()
Checking for deadlock:
There are 3 Blocked actors, 0 Stopped actors, and 4 active threads.
Waiting for actors to stop.
-- Read input: 2.0, which is expected to match: 2.0
Called prefire()
Called fire()
Sent output token with value 2.0
Next port to read input from is inputA
Called postfire()
Called prefire()
Called fire()
Read input token from inputA with value 3.0
Sent output token with value 3.0
Next port to read input from is inputB
Called postfire()
Called prefire()
Called fire()
Read input token from inputB with value 4.5
Checking for deadlock:
There are 1 Blocked actors, 0 Stopped actors, and 4 active threads.
Waiting for actors to stop.
Called postfire()
Called prefire()
Called fire()
-- Read input: 3.0, which is expected to match: 3.0
Called prefire()
Called fire()
Called postfire()
Called prefire()
Called fire()
Checking for deadlock:
There are 3 Blocked actors, 0 Stopped actors, and 4 active threads.
Waiting for actors to stop.
-- Read input: 3.0, which is expected to match: 3.0
Called prefire()
Called fire()
Checking for deadlock:
There are 3 Blocked actors, 0 Stopped actors, and 4 active threads.
Waiting for actors to stop.
Sent output token with value 3.0
Next port to read input from is inputA
Called postfire()
Called prefire()
Called fire()
Called postfire()
Called prefire()
Called fire()
Checking for deadlock:
There are 3 Blocked actors, 0 Stopped actors, and 4 active threads.
Waiting for actors to stop.
Read input token from inputA with value 4.0
-- Read input: 4.0, which is expected to match: 4.0
Called prefire()
Called fire()
Past the end of training data. Read and discard all inputs.
Checking for deadlock:
There are 3 Blocked actors, 0 Stopped actors, and 4 active threads.
Waiting for actors to stop.
Sent output token with value 4.0
Next port to read input from is inputA
Called postfire()
Called prefire()
Called fire()
Called postfire()
Called prefire()
Called fire()
Checking for deadlock:
There are 3 Blocked actors, 0 Stopped actors, and 4 active threads.
Waiting for actors to stop.
Read input token from inputA with value 5.0
Called prefire()
Called fire()
Past the end of training data. Read and discard all inputs.
Checking for deadlock:
There are 3 Blocked actors, 0 Stopped actors, and 4 active threads.
Waiting for actors to stop.
Sent output token with value 4.5
Next port to read input from is inputB
Called postfire()
Called prefire()
Called fire()
Checking for deadlock:
There are 2 Blocked actors, 0 Stopped actors, and 4 active threads.
Waiting for actors to stop.
Called postfire()
Called prefire()
Called fire()
Checking for deadlock:
There are 3 Blocked actors, 0 Stopped actors, and 4 active threads.
Waiting for actors to stop.
Read input token from inputB with value 6.0
Checking for deadlock:
There are 2 Blocked actors, 0 Stopped actors, and 4 active threads.
Waiting for actors to stop.
Called prefire()
Called fire()
Past the end of training data. Read and discard all inputs.
Checking for deadlock:
There are 3 Blocked actors, 0 Stopped actors, and 4 active threads.
Waiting for actors to stop.
Sent output token with value 5.0
Next port to read input from is inputA
Called postfire()
Called prefire()
Called fire()
Called postfire()
Called prefire()
Called fire()
Checking for deadlock:
There are 3 Blocked actors, 0 Stopped actors, and 4 active threads.
Waiting for actors to stop.
Read input token from inputA with value 6.0
Called prefire()
Called fire()
Past the end of training data. Read and discard all inputs.
Checking for deadlock:
There are 3 Blocked actors, 0 Stopped actors, and 4 active threads.
Waiting for actors to stop.
Sent output token with value 6.0
Next port to read input from is inputB
Called postfire()
Called prefire()
Called fire()
Checking for deadlock:
There are 2 Blocked actors, 0 Stopped actors, and 4 active threads.
Waiting for actors to stop.
Called postfire()
Called prefire()
Called fire()
Checking for deadlock:
There are 3 Blocked actors, 0 Stopped actors, and 4 active threads.
Waiting for actors to stop.
Read input token from inputB with value 7.5
Checking for deadlock:
There are 2 Blocked actors, 0 Stopped actors, and 4 active threads.
Waiting for actors to stop.
Called prefire()
Called fire()
Past the end of training data. Read and discard all inputs.
Checking for deadlock:
There are 3 Blocked actors, 0 Stopped actors, and 4 active threads.
Waiting for actors to stop.
Sent output token with value 6.0
Next port to read input from is inputA
Called postfire()
Called prefire()
Called fire()
Called postfire()
Called prefire()
Called fire()
Checking for deadlock:
There are 3 Blocked actors, 0 Stopped actors, and 4 active threads.
Waiting for actors to stop.
Read input token from inputA with value 7.0
Called prefire()
Called fire()
Past the end of training data. Read and discard all inputs.
Checking for deadlock:
There are 3 Blocked actors, 0 Stopped actors, and 4 active threads.
Waiting for actors to stop.
Sent output token with value 7.0
Next port to read input from is inputA
Called postfire()
Called prefire()
Called fire()
-- Thread wrapup() called.
Called wrapup()
Thread .top.Ramp is exiting.
-- Thread stopped.
Read input token from inputA with value 8.0
Sent output token with value 7.5
Next port to read input from is inputB
Called postfire()
Called prefire()
Called fire()
Read input token from inputB with value 9.0
Checking for deadlock:
There are 1 Blocked actors, 0 Stopped actors, and 3 active threads.
Waiting for actors to stop.
Called postfire()
Called prefire()
Called fire()
Called prefire()
Called fire()
Past the end of training data. Read and discard all inputs.
Checking for deadlock:
There are 2 Blocked actors, 0 Stopped actors, and 3 active threads.
Waiting for actors to stop.
Called prefire()
Called fire()
Past the end of training data. Read and discard all inputs.
Checking for deadlock:
There are 2 Blocked actors, 0 Stopped actors, and 3 active threads.
Waiting for actors to stop.
Sent output token with value 8.0
Next port to read input from is inputA
Called postfire()
Called prefire()
Called fire()
Read input token from inputA with value 9.0
Called prefire()
Called fire()
Past the end of training data. Read and discard all inputs.
Checking for deadlock:
There are 2 Blocked actors, 0 Stopped actors, and 3 active threads.
Waiting for actors to stop.
Sent output token with value 9.0
Next port to read input from is inputB
Called postfire()
Called prefire()
Called fire()
Called postfire()
Called prefire()
Called fire()
Checking for deadlock:
There are 2 Blocked actors, 0 Stopped actors, and 3 active threads.
Waiting for actors to stop.
Read input token from inputB with value 10.5
Called prefire()
Called fire()
Past the end of training data. Read and discard all inputs.
Checking for deadlock:
There are 2 Blocked actors, 0 Stopped actors, and 3 active threads.
Waiting for actors to stop.
Sent output token with value 9.0
Next port to read input from is inputA
Called postfire()
Called prefire()
Called fire()
Checking for deadlock:
There are 3 Blocked actors, 0 Stopped actors, and 3 active threads.
Actors have stopped.
Checking for deadlock:
There are 3 Blocked actors, 0 Stopped actors, and 3 active threads.
Deadlock detected.
Resolving Deadlock
Checking for deadlock:
There are 3 Blocked actors, 0 Stopped actors, and 3 active threads.
Artificial Deadlock - increasing queue capacity.
increasing the capacity of receiver ptolemy.actor.TypedIOPort {.top.OrderedMerge.inputB} to 2
Director: Called postfire().
Called postfire().
_stopRequested = false
_stopFireRequested = false
Returning from postfire(): true
Called fire().
Checking for deadlock:
There are 2 Blocked actors, 0 Stopped actors, and 3 active threads.
Waiting for actors to stop.
-- Thread wrapup() called.
Called wrapup()
Thread .top.Ramp2 is exiting.
-- Thread stopped.
Checking for deadlock:
There are 2 Blocked actors, 0 Stopped actors, and 2 active threads.
Actors have stopped.
Checking for deadlock:
There are 2 Blocked actors, 0 Stopped actors, and 2 active threads.
Deadlock detected.
Resolving Deadlock
Checking for deadlock:
There are 2 Blocked actors, 0 Stopped actors, and 2 active threads.
Deadlock detected: no processes blocked on write, but some are blocked on read.
Called postfire().
_stopRequested = false
_stopFireRequested = false
Returning from postfire(): false
Finished deactivating branches.
Called wrapup().
-- Thread wrapup() called.
Called wrapup()
Thread .top.Test is exiting.
-- Thread stopped.
-- Blocked Receiver call threw TerminateProcessException.
-- Thread wrapup() called.
Called wrapup()
Thread .top.OrderedMerge is exiting.
-- Thread stopped.
-- Blocked Receiver call threw TerminateProcessException.
55 ms. Memory: 129024K Free: 84440K (65%)
.top. Preinitializing ...
Invoking preinitialize():  .top.OrderedMerge
Called preinitialize()
Invoking preinitialize():  .top.Ramp
Called preinitialize()
Invoking preinitialize():  .top.Ramp2
Called preinitialize()
Invoking preinitialize():  .top.Test
Called preinitialize()
.top. Finished preinitialize().
Called initialize().
Invoking initialize():  .top.OrderedMerge
Initializing actor: .top.OrderedMerge
Adding a thread: .top.OrderedMerge
Invoking initialize():  .top.Ramp
Initializing actor: .top.Ramp
Adding a thread: .top.Ramp
Invoking initialize():  .top.Ramp2
Initializing actor: .top.Ramp2
Adding a thread: .top.Ramp2
Invoking initialize():  .top.Test
Initializing actor: .top.Test
Adding a thread: .top.Test
-- Starting thread.
Called initialize()
Called prefire()
Called fire()
-- Starting thread.
Called initialize()
Called prefire()
Called fire()
Called postfire()
Called prefire()
Called fire()
-- Starting thread.
Called initialize()
Called prefire()
Called fire()
Called postfire()
Called prefire()
Called fire()
Called fire().
Checking for deadlock:
There are 3 Blocked actors, 0 Stopped actors, and 4 active threads.
Waiting for actors to stop.
-- Starting thread.
Called initialize()
Called prefire()
Called fire()
Checking for deadlock:
There are 2 Blocked actors, 0 Stopped actors, and 4 active threads.
Waiting for actors to stop.
Called postfire()
Called prefire()
Called fire()
Checking for deadlock:
There are 3 Blocked actors, 0 Stopped actors, and 4 active threads.
Waiting for actors to stop.
Read input token from inputA with value 0.0
Next port to read input from is inputB
Called postfire()
Called prefire()
Called fire()
Called postfire()
Called prefire()
Called fire()
Checking for deadlock:
There are 2 Blocked actors, 0 Stopped actors, and 4 active threads.
Waiting for actors to stop.
Checking for deadlock:
Read input token from inputB with value 0.0
There are 3 Blocked actors, 0 Stopped actors, and 4 active threads.
Waiting for actors to stop.
Checking for deadlock:
There are 2 Blocked actors, 0 Stopped actors, and 4 active threads.
Waiting for actors to stop.
Sent output token with value 0.0
-- Read input: 0.0, which is expected to match: 0.0
Next port to read input from is inputA
Called prefire()
Called fire()
Called postfire()
Called prefire()
Called fire()
Checking for deadlock:
There are 3 Blocked actors, 0 Stopped actors, and 4 active threads.
Waiting for actors to stop.
Checking for deadlock:
There are 2 Blocked actors, 0 Stopped actors, and 4 active threads.
Waiting for actors to stop.
Called postfire()
Called prefire()
Called fire()
Checking for deadlock:
There are 3 Blocked actors, 0 Stopped actors, and 4 active threads.
Read input token from inputA with value 1.0
Waiting for actors to stop.
Sent output token with value 0.0
-- Read input: 0.0, which is expected to match: 0.0
Called prefire()
Next port to read input from is inputB
Called postfire()
Called fire()
Called prefire()
Checking for deadlock:
Called fire()
There are 2 Blocked actors, 0 Stopped actors, and 4 active threads.
Waiting for actors to stop.
Checking for deadlock:
There are 2 Blocked actors, 0 Stopped actors, and 4 active threads.
Read input token from inputB with value 1.5
Waiting for actors to stop.
Checking for deadlock:
There are 1 Blocked actors, 0 Stopped actors, and 4 active threads.
Waiting for actors to stop.
Sent output token with value 1.0
-- Read input: 1.0, which is expected to match: 1.0
Called postfire()
Called prefire()
Called fire()
Called prefire()
Called fire()
Checking for deadlock:
There are 2 Blocked actors, 0 Stopped actors, and 4 active threads.
Waiting for actors to stop.
Next port to read input from is inputA
Called postfire()
Checking for deadlock:
Called prefire()
Called fire()
There are 3 Blocked actors, 0 Stopped actors, and 4 active threads.
Waiting for actors to stop.
Checking for deadlock:
Called postfire()
Called prefire()
There are 2 Blocked actors, 0 Stopped actors, and 4 active threads.
Waiting for actors to stop.
Called fire()
Checking for deadlock:
There are 3 Blocked actors, 0 Stopped actors, and 4 active threads.
Waiting for actors to stop.
Read input token from inputA with value 2.0
Checking for deadlock:
There are 2 Blocked actors, 0 Stopped actors, and 4 active threads.
Waiting for actors to stop.
-- Read input: 1.5, which is expected to match: 1.5
Called prefire()
Called fire()
Checking for deadlock:
Sent output token with value 1.5
There are 3 Blocked actors, 0 Stopped actors, and 4 active threads.
Waiting for actors to stop.
Next port to read input from is inputB
Called postfire()
Called prefire()
Called fire()
Checking for deadlock:
There are 2 Blocked actors, 0 Stopped actors, and 4 active threads.
Waiting for actors to stop.
Called postfire()
Called prefire()
Called fire()
Checking for deadlock:
There are 3 Blocked actors, 0 Stopped actors, and 4 active threads.
Waiting for actors to stop.
Read input token from inputB with value 3.0
Checking for deadlock:
There are 2 Blocked actors, 0 Stopped actors, and 4 active threads.
Waiting for actors to stop.
-- Read input: 2.0, which is expected to match: 2.0
Called prefire()
Called fire()
Checking for deadlock:
There are 3 Blocked actors, 0 Stopped actors, and 4 active threads.
Waiting for actors to stop.
Sent output token with value 2.0
Next port to read input from is inputA
Called postfire()
Called prefire()
Called fire()
Checking for deadlock:
There are 2 Blocked actors, 0 Stopped actors, and 4 active threads.
Waiting for actors to stop.
Called postfire()
Called prefire()
Called fire()
Checking for deadlock:
There are 3 Blocked actors, 0 Stopped actors, and 4 active threads.
Waiting for actors to stop.
Read input token from inputA with value 3.0
Checking for deadlock:
There are 2 Blocked actors, 0 Stopped actors, and 4 active threads.
Waiting for actors to stop.
-- Read input: 3.0, which is expected to match: 3.0
Called prefire()
Called fire()
Checking for deadlock:
There are 3 Blocked actors, 0 Stopped actors, and 4 active threads.
Sent output token with value 3.0
Waiting for actors to stop.
Next port to read input from is inputB
Called postfire()
Called prefire()
Called fire()
Checking for deadlock:
There are 2 Blocked actors, 0 Stopped actors, and 4 active threads.
Waiting for actors to stop.
Read input token from inputB with value 4.5
Called postfire()
Called prefire()
Called fire()
Checking for deadlock:
There are 3 Blocked actors, 0 Stopped actors, and 4 active threads.
Waiting for actors to stop.
Checking for deadlock:
There are 2 Blocked actors, 0 Stopped actors, and 4 active threads.
Waiting for actors to stop.
Sent output token with value 3.0
-- Read input: 3.0, which is expected to match: 3.0
Called prefire()
Called fire()
Checking for deadlock:
There are 3 Blocked actors, 0 Stopped actors, and 4 active threads.
Waiting for actors to stop.
Next port to read input from is inputA
Called postfire()
Called prefire()
Called fire()
Checking for deadlock:
Called postfire()
There are 2 Blocked actors, 0 Stopped actors, and 4 active threads.
Waiting for actors to stop.
Called prefire()
Called fire()
Checking for deadlock:
There are 3 Blocked actors, 0 Stopped actors, and 4 active threads.
Read input token from inputA with value 4.0
Waiting for actors to stop.
Checking for deadlock:
There are 2 Blocked actors, 0 Stopped actors, and 4 active threads.
Waiting for actors to stop.
-- Read input: 4.0, which is expected to match: 4.0
Called prefire()
Called fire()
Past the end of training data. Read and discard all inputs.
Checking for deadlock:
There are 3 Blocked actors, 0 Stopped actors, and 4 active threads.
Waiting for actors to stop.
Sent output token with value 4.0
Next port to read input from is inputA
Called postfire()
Called prefire()
Called fire()
Checking for deadlock:
There are 2 Blocked actors, 0 Stopped actors, and 4 active threads.
Waiting for actors to stop.
Called postfire()
Called prefire()
Called fire()
Checking for deadlock:
There are 3 Blocked actors, 0 Stopped actors, and 4 active threads.
Waiting for actors to stop.
Read input token from inputA with value 5.0
Checking for deadlock:
There are 2 Blocked actors, 0 Stopped actors, and 4 active threads.
Waiting for actors to stop.
Called prefire()
Called fire()
Past the end of training data. Read and discard all inputs.
Checking for deadlock:
Sent output token with value 4.5
There are 3 Blocked actors, 0 Stopped actors, and 4 active threads.
Waiting for actors to stop.
Next port to read input from is inputB
Called postfire()
Called prefire()
Called fire()
Checking for deadlock:
There are 2 Blocked actors, 0 Stopped actors, and 4 active threads.
Waiting for actors to stop.
Called postfire()
Called prefire()
Called fire()
Checking for deadlock:
There are 3 Blocked actors, 0 Stopped actors, and 4 active threads.
Waiting for actors to stop.
Read input token from inputB with value 6.0
Checking for deadlock:
Called prefire()
There are 2 Blocked actors, 0 Stopped actors, and 4 active threads.
Waiting for actors to stop.
Called fire()
Past the end of training data. Read and discard all inputs.
Checking for deadlock:
There are 3 Blocked actors, 0 Stopped actors, and 4 active threads.
Sent output token with value 5.0
Waiting for actors to stop.
Next port to read input from is inputA
Called postfire()
Called prefire()
Called fire()
Checking for deadlock:
There are 2 Blocked actors, 0 Stopped actors, and 4 active threads.
Waiting for actors to stop.
Called postfire()
Called prefire()
Called fire()
Checking for deadlock:
There are 3 Blocked actors, 0 Stopped actors, and 4 active threads.
Waiting for actors to stop.
Read input token from inputA with value 6.0
Checking for deadlock:
Called prefire()
Called fire()
There are 2 Blocked actors, 0 Stopped actors, and 4 active threads.
Waiting for actors to stop.
Past the end of training data. Read and discard all inputs.
Checking for deadlock:
There are 3 Blocked actors, 0 Stopped actors, and 4 active threads.
Waiting for actors to stop.
Sent output token with value 6.0
Next port to read input from is inputB
Called postfire()
Called prefire()
Called fire()
Called postfire()
Called prefire()
Called fire()
Checking for deadlock:
There are 3 Blocked actors, 0 Stopped actors, and 4 active threads.
Waiting for actors to stop.
Read input token from inputB with value 7.5
Called prefire()
Called fire()
Past the end of training data. Read and discard all inputs.
Checking for deadlock:
There are 3 Blocked actors, 0 Stopped actors, and 4 active threads.
Waiting for actors to stop.
Sent output token with value 6.0
Next port to read input from is inputA
Called postfire()
Called prefire()
Called fire()
Checking for deadlock:
There are 2 Blocked actors, 0 Stopped actors, and 4 active threads.
Waiting for actors to stop.
Called postfire()
Called prefire()
Called fire()
Read input token from inputA with value 7.0
Checking for deadlock:
There are 3 Blocked actors, 0 Stopped actors, and 4 active threads.
Waiting for actors to stop.
Checking for deadlock:
There are 2 Blocked actors, 0 Stopped actors, and 4 active threads.
Waiting for actors to stop.
Sent output token with value 7.0
Called prefire()
Called fire()
Past the end of training data. Read and discard all inputs.
Checking for deadlock:
There are 3 Blocked actors, 0 Stopped actors, and 4 active threads.
Waiting for actors to stop.
Next port to read input from is inputA
Called postfire()
Called prefire()
Called fire()
Checking for deadlock:
There are 2 Blocked actors, 0 Stopped actors, and 4 active threads.
Waiting for actors to stop.
Read input token from inputA with value 8.0
-- Thread wrapup() called.
Called wrapup()
Thread .top.Ramp is exiting.
-- Thread stopped.
Checking for deadlock:
There are 2 Blocked actors, 0 Stopped actors, and 3 active threads.
Waiting for actors to stop.
Called prefire()
Called fire()
Past the end of training data. Read and discard all inputs.
Checking for deadlock:
There are 2 Blocked actors, 0 Stopped actors, and 3 active threads.
Waiting for actors to stop.
Sent output token with value 7.5
Next port to read input from is inputB
Called postfire()
Called prefire()
Called fire()
Checking for deadlock:
There are 1 Blocked actors, 0 Stopped actors, and 3 active threads.
Read input token from inputB with value 9.0
Waiting for actors to stop.
Checking for deadlock:
There are 0 Blocked actors, 0 Stopped actors, and 3 active threads.
Sent output token with value 8.0
Waiting for actors to stop.
Called postfire()
Called prefire()
Called fire()
Checking for deadlock:
Called prefire()
There are 1 Blocked actors, 0 Stopped actors, and 3 active threads.
Called fire()
Waiting for actors to stop.
Past the end of training data. Read and discard all inputs.
Checking for deadlock:
Next port to read input from is inputA
There are 2 Blocked actors, 0 Stopped actors, and 3 active threads.
Waiting for actors to stop.
Called postfire()
Called prefire()
Called fire()
Read input token from inputA with value 9.0
Called prefire()
Called fire()
Past the end of training data. Read and discard all inputs.
Checking for deadlock:
There are 2 Blocked actors, 0 Stopped actors, and 3 active threads.
Waiting for actors to stop.
Sent output token with value 9.0
Next port to read input from is inputB
Called postfire()
Called prefire()
Called fire()
Checking for deadlock:
There are 1 Blocked actors, 0 Stopped actors, and 3 active threads.
Waiting for actors to stop.
Called postfire()
Called prefire()
Called fire()
Checking for deadlock:
There are 2 Blocked actors, 0 Stopped actors, and 3 active threads.
Waiting for actors to stop.
Read input token from inputB with value 10.5
Checking for deadlock:
There are 1 Blocked actors, 0 Stopped actors, and 3 active threads.
Waiting for actors to stop.
Called prefire()
Called fire()
Past the end of training data. Read and discard all inputs.
Checking for deadlock:
There are 2 Blocked actors, 0 Stopped actors, and 3 active threads.
Waiting for actors to stop.
Sent output token with value 9.0
Next port to read input from is inputA
Called postfire()
Called prefire()
Called fire()
Checking for deadlock:
There are 3 Blocked actors, 0 Stopped actors, and 3 active threads.
Actors have stopped.
Checking for deadlock:
There are 3 Blocked actors, 0 Stopped actors, and 3 active threads.
Deadlock detected.
Resolving Deadlock
Checking for deadlock:
There are 3 Blocked actors, 0 Stopped actors, and 3 active threads.
Artificial Deadlock - increasing queue capacity.
increasing the capacity of receiver ptolemy.actor.TypedIOPort {.top.OrderedMerge.inputB} to 2
Director: Called postfire().
Called postfire().
-- Thread wrapup() called.
Called wrapup()
_stopRequested = false
_stopFireRequested = false
Returning from postfire(): true
Called fire().
Checking for deadlock:
There are 2 Blocked actors, 0 Stopped actors, and 3 active threads.
Waiting for actors to stop.
Thread .top.Ramp2 is exiting.
-- Thread stopped.
Checking for deadlock:
There are 2 Blocked actors, 0 Stopped actors, and 2 active threads.
Actors have stopped.
Checking for deadlock:
There are 2 Blocked actors, 0 Stopped actors, and 2 active threads.
Deadlock detected.
Resolving Deadlock
Checking for deadlock:
There are 2 Blocked actors, 0 Stopped actors, and 2 active threads.
Deadlock detected: no processes blocked on write, but some are blocked on read.
Called postfire().
_stopRequested = false
_stopFireRequested = false
Returning from postfire(): false
Finished deactivating branches.
Called wrapup().
-- Thread wrapup() called.
Called wrapup()
Thread .top.Test is exiting.
-- Thread stopped.
-- Blocked Receiver call threw TerminateProcessException.
-- Thread wrapup() called.
Called wrapup()
Thread .top.OrderedMerge is exiting.
-- Thread stopped.
-- Blocked Receiver call threw TerminateProcessException.
43 ms. Memory: 129024K Free: 81882K (63%)
/home/travis/build/icyphy/ptII/ptolemy/actor/lib/test/Publisher.tcl
20 ms. Memory: 129024K Free: 75738K (59%)
21 ms. Memory: 129024K Free: 110466K (86%)
3 ms. Memory: 129024K Free: 106880K (83%)
4 ms. Memory: 129024K Free: 105826K (82%)
3 ms. Memory: 129024K Free: 104832K (81%)
3 ms. Memory: 129024K Free: 104322K (81%)
3 ms. Memory: 129024K Free: 103298K (80%)
3 ms. Memory: 129024K Free: 102274K (79%)
15 ms. Memory: 129024K Free: 92544K (72%)
4 ms. Memory: 129024K Free: 88448K (69%)
2 ms. Memory: 129024K Free: 87938K (68%)
3 ms. Memory: 129024K Free: 85890K (67%)
6 ms. Memory: 129024K Free: 78208K (61%)
9 ms. Memory: 129024K Free: 68482K (53%)
5 ms. Memory: 129024K Free: 57728K (45%)
/home/travis/build/icyphy/ptII/ptolemy/actor/lib/test/Pulse.tcl
4 ms. Memory: 155648K Free: 104251K (67%)
8 ms. Memory: 155648K Free: 103747K (67%)
1 ms. Memory: 155648K Free: 103227K (66%)
1 ms. Memory: 155648K Free: 102723K (66%)
1 ms. Memory: 155648K Free: 102209K (66%)
6 ms. Memory: 155648K Free: 100675K (65%)
8 ms. Memory: 155648K Free: 100147K (64%)
5 ms. Memory: 155648K Free: 99123K (64%)
3 ms. Memory: 155648K Free: 98627K (63%)
/home/travis/build/icyphy/ptII/ptolemy/actor/lib/test/Ramp.tcl
6 ms. Memory: 155648K Free: 96579K (62%)
5 ms. Memory: 155648K Free: 96051K (62%)
2 ms. Memory: 155648K Free: 95027K (61%)
2 ms. Memory: 155648K Free: 94531K (61%)
4 ms. Memory: 155648K Free: 93507K (60%)
8 ms. Memory: 155648K Free: 92483K (59%)
5 ms. Memory: 155648K Free: 91955K (59%)
5 actors
6000 microseconds per iteration to create
7 ms. Memory: 155648K Free: 88897K (57%)
1 ms. Memory: 155648K Free: 88387K (57%)
6 ms. Memory: 155648K Free: 87843K (56%)
2 ms. Memory: 155648K Free: 87363K (56%)
50 actors
46000 microseconds per iteration to create
38 ms. Memory: 155648K Free: 71489K (46%)
12 ms. Memory: 155648K Free: 70451K (45%)
4 ms. Memory: 155648K Free: 69427K (45%)
6 ms. Memory: 155648K Free: 68417K (44%)
500 actors
1537000 microseconds per iteration to create
231 ms. Memory: 155648K Free: 125487K (81%)
32 ms. Memory: 155648K Free: 120367K (77%)
40 ms. Memory: 155648K Free: 114737K (74%)
29 ms. Memory: 155648K Free: 109617K (70%)
/home/travis/build/icyphy/ptII/ptolemy/actor/lib/test/RampContinuous.tcl
8 ms. Memory: 155648K Free: 108065K (69%)
/home/travis/build/icyphy/ptII/ptolemy/actor/lib/test/RecordAssembler.tcl
6 ms. Memory: 155648K Free: 106545K (68%)
3 ms. Memory: 155648K Free: 105521K (68%)
/home/travis/build/icyphy/ptII/ptolemy/actor/lib/test/RecordDisassembler.tcl
13 ms. Memory: 155648K Free: 103953K (67%)
4 ms. Memory: 155648K Free: 103473K (66%)
3 ms. Memory: 155648K Free: 101935K (65%)
/home/travis/build/icyphy/ptII/ptolemy/actor/lib/test/Scale.tcl
3 ms. Memory: 155648K Free: 100401K (65%)
1 ms. Memory: 155648K Free: 99377K (64%)
1 ms. Memory: 155648K Free: 98849K (64%)
2 ms. Memory: 155648K Free: 97825K (63%)
4 ms. Memory: 155648K Free: 96815K (62%)
/home/travis/build/icyphy/ptII/ptolemy/actor/lib/test/SequentialClock.tcl
preinitializing
resolving types
initializing
executing number 1
wrapping up
idle
4 ms. Memory: 155648K Free: 95785K (62%)
Completed execution with 5 iterations
preinitializing
resolving types
initializing
executing number 1
wrapping up
idle
2 ms. Memory: 155648K Free: 95281K (61%)
Completed execution with 5 iterations
preinitializing
resolving types
initializing
executing number 1
wrapping up
idle
1 ms. Memory: 155648K Free: 94767K (61%)
Completed execution with 5 iterations
/home/travis/build/icyphy/ptII/ptolemy/actor/lib/test/SetVariable.tcl
4 ms. Memory: 155648K Free: 92719K (60%)
/home/travis/build/icyphy/ptII/ptolemy/actor/lib/test/Sinewave.tcl
/home/travis/build/icyphy/ptII/ptolemy/actor/lib/test/SubscriptionAggregator.tcl
5 ms. Memory: 155648K Free: 81455K (52%)
2 ms. Memory: 155648K Free: 80945K (52%)
1 ms. Memory: 155648K Free: 80431K (52%)
0 ms. Memory: 155648K Free: 79921K (51%)
2 ms. Memory: 155648K Free: 76321K (49%)
8 ms. Memory: 155648K Free: 73777K (47%)
...............................................................955 ms. Memory: 271360K Free: 141534K (52%)
/home/travis/build/icyphy/ptII/ptolemy/actor/lib/test/Test.tcl
 The next command will produce a warning about training mode,
   which may be ignored.
4 ms. Memory: 271360K Free: 139472K (51%)
5 ms. Memory: 271360K Free: 138462K (51%)
1 ms. Memory: 271360K Free: 137952K (51%)
1 ms. Memory: 271360K Free: 137408K (51%)
3 ms. Memory: 271360K Free: 136928K (50%)
15 ms. Memory: 271360K Free: 135376K (50%)
2 ms. Memory: 271360K Free: 134336K (50%)
 The next command will produce a warning about training mode,
   which may be ignored.
3 ms. Memory: 271360K Free: 131808K (49%)
 The next command will produce a warning about training mode,
   which may be ignored.
9 ms. Memory: 271360K Free: 130784K (48%)
6 ms. Memory: 271360K Free: 130256K (48%)
1 ms. Memory: 271360K Free: 129760K (48%)
1 ms. Memory: 271360K Free: 129232K (48%)
6 ms. Memory: 271360K Free: 128222K (47%)
7 ms. Memory: 271360K Free: 222438K (82%)
/home/travis/build/icyphy/ptII/ptolemy/actor/lib/test/TestExceptionHandler.tcl
 The next command will produce a warning about training mode,
   which may be ignored.
2 ms. Memory: 271360K Free: 220886K (81%)
1 ms. Memory: 271360K Free: 220390K (81%)
1 ms. Memory: 271360K Free: 219862K (81%)
/home/travis/build/icyphy/ptII/ptolemy/actor/lib/test/UnionDisassembler.tcl
25 ms. Memory: 271360K Free: 212678K (78%)
/home/travis/build/icyphy/ptII/ptolemy/actor/lib/test/VariableClock.tcl
preinitializing
resolving types
initializing
executing number 1
wrapping up
idle
9 ms. Memory: 271360K Free: 210646K (78%)
Completed execution with 11 iterations
preinitializing
resolving types
initializing
executing number 1
wrapping up
idle
4 ms. Memory: 271360K Free: 209126K (77%)
Completed execution with 10 iterations
02/12/20 07:01:55
Failed: 0  Total Tests: 233  ((Passed: 233, Newly Passed: 0)  Known Failed: 0) /home/travis/build/icyphy/ptII/ptolemy/actor/lib/test
----------------- testing (KnownFailure) /home/travis/build/icyphy/ptII/ptolemy/actor/lib/test/auto/knownFailedTests/PublisherPortToplevelSubscriber.xml
1 ms. Memory: 271360K Free: 206054K (76%)
Known Failure: java.lang.reflect.InvocationTargetException
----------------- testing (KnownFailure) /home/travis/build/icyphy/ptII/ptolemy/actor/lib/test/auto/knownFailedTests/PublisherSubscriberPortToplevel.xml
1 ms. Memory: 271360K Free: 202468K (75%)
Known Failure: java.lang.reflect.InvocationTargetException
----------------- testing (KnownFailure) /home/travis/build/icyphy/ptII/ptolemy/actor/lib/test/auto/knownFailedTests/PublisherSubscriptionAggregatorPort.xml
2 ms. Memory: 271360K Free: 198372K (73%)
Known Failure: java.lang.reflect.InvocationTargetException
----------------- testing (KnownFailure) /home/travis/build/icyphy/ptII/ptolemy/actor/lib/test/auto/knownFailedTests/sizedarray3.xml
8 ms. Memory: 271360K Free: 193252K (71%)
Known Failure: java.lang.reflect.InvocationTargetException
No auto/linux-amd64/*.xml tests in /home/travis/build/icyphy/ptII/ptolemy/actor/lib/test
AutoTests.java: About to close Vertx.
AutoTests.java: Vertx closed.

===========================================================================================
----------------- testing Wed Feb 12 07:01:56 UTC 2020 /home/travis/build/icyphy/ptII/ptolemy/actor/lib/test/auto/AbsoluteValue.xml
----------------- Instantiating /home/travis/build/icyphy/ptII/ptolemy/actor/lib/test/auto/AbsoluteValue.xml
20 ms. Memory: 271360K Free: 170214K (63%)
----------------- Invoking toplevel() on ptolemy.moml.MoMLSimpleApplication@3d78760d
----------------- Done invoking toplevel() on ptolemy.moml.MoMLSimpleApplication@3d78760d
reloadAllAccessors: .AbsoluteValue

===========================================================================================
----------------- testing Wed Feb 12 07:01:56 UTC 2020 /home/travis/build/icyphy/ptII/ptolemy/actor/lib/test/auto/AbsoluteValue2.xml
----------------- Instantiating /home/travis/build/icyphy/ptII/ptolemy/actor/lib/test/auto/AbsoluteValue2.xml
5 ms. Memory: 271360K Free: 163556K (60%)
----------------- Invoking toplevel() on ptolemy.moml.MoMLSimpleApplication@64261b79
----------------- Done invoking toplevel() on ptolemy.moml.MoMLSimpleApplication@64261b79
reloadAllAccessors: .AbsoluteValue2

===========================================================================================
----------------- testing Wed Feb 12 07:01:56 UTC 2020 /home/travis/build/icyphy/ptII/ptolemy/actor/lib/test/auto/Accumulator.xml
----------------- Instantiating /home/travis/build/icyphy/ptII/ptolemy/actor/lib/test/auto/Accumulator.xml
11 ms. Memory: 271360K Free: 156902K (58%)
----------------- Invoking toplevel() on ptolemy.moml.MoMLSimpleApplication@7ec16961
----------------- Done invoking toplevel() on ptolemy.moml.MoMLSimpleApplication@7ec16961
reloadAllAccessors: .Accumulator

===========================================================================================
----------------- testing Wed Feb 12 07:01:56 UTC 2020 /home/travis/build/icyphy/ptII/ptolemy/actor/lib/test/auto/Accumulator2.xml
----------------- Instantiating /home/travis/build/icyphy/ptII/ptolemy/actor/lib/test/auto/Accumulator2.xml
3 ms. Memory: 271360K Free: 151782K (56%)
----------------- Invoking toplevel() on ptolemy.moml.MoMLSimpleApplication@40951c4b
----------------- Done invoking toplevel() on ptolemy.moml.MoMLSimpleApplication@40951c4b
reloadAllAccessors: .Accumulator2

===========================================================================================
----------------- testing Wed Feb 12 07:01:56 UTC 2020 /home/travis/build/icyphy/ptII/ptolemy/actor/lib/test/auto/Accumulator3.xml
----------------- Instantiating /home/travis/build/icyphy/ptII/ptolemy/actor/lib/test/auto/Accumulator3.xml
2 ms. Memory: 271360K Free: 147172K (54%)
----------------- Invoking toplevel() on ptolemy.moml.MoMLSimpleApplication@4e746d61
----------------- Done invoking toplevel() on ptolemy.moml.MoMLSimpleApplication@4e746d61
reloadAllAccessors: .Accumulator3

===========================================================================================
----------------- testing Wed Feb 12 07:01:56 UTC 2020 /home/travis/build/icyphy/ptII/ptolemy/actor/lib/test/auto/ArrayAppend.xml
----------------- Instantiating /home/travis/build/icyphy/ptII/ptolemy/actor/lib/test/auto/ArrayAppend.xml
2 ms. Memory: 271360K Free: 141014K (52%)
----------------- Invoking toplevel() on ptolemy.moml.MoMLSimpleApplication@4b0b1728
----------------- Done invoking toplevel() on ptolemy.moml.MoMLSimpleApplication@4b0b1728
reloadAllAccessors: .ArrayAppend

===========================================================================================
----------------- testing Wed Feb 12 07:01:56 UTC 2020 /home/travis/build/icyphy/ptII/ptolemy/actor/lib/test/auto/ArrayAppend2.xml
----------------- Instantiating /home/travis/build/icyphy/ptII/ptolemy/actor/lib/test/auto/ArrayAppend2.xml
381 ms. Memory: 271360K Free: 203421K (75%)
----------------- Invoking toplevel() on ptolemy.moml.MoMLSimpleApplication@5f308949
----------------- Done invoking toplevel() on ptolemy.moml.MoMLSimpleApplication@5f308949
reloadAllAccessors: .ArrayAppend2

===========================================================================================
----------------- testing Wed Feb 12 07:01:57 UTC 2020 /home/travis/build/icyphy/ptII/ptolemy/actor/lib/test/auto/ArrayAppend3.xml
----------------- Instantiating /home/travis/build/icyphy/ptII/ptolemy/actor/lib/test/auto/ArrayAppend3.xml
6 ms. Memory: 271360K Free: 197787K (73%)
----------------- Invoking toplevel() on ptolemy.moml.MoMLSimpleApplication@19f28399
----------------- Done invoking toplevel() on ptolemy.moml.MoMLSimpleApplication@19f28399
reloadAllAccessors: .ArrayAppend3

===========================================================================================
----------------- testing Wed Feb 12 07:01:57 UTC 2020 /home/travis/build/icyphy/ptII/ptolemy/actor/lib/test/auto/ArrayAppend4.xml
----------------- Instantiating /home/travis/build/icyphy/ptII/ptolemy/actor/lib/test/auto/ArrayAppend4.xml
2 ms. Memory: 271360K Free: 192157K (71%)
----------------- Invoking toplevel() on ptolemy.moml.MoMLSimpleApplication@13afbc28
----------------- Done invoking toplevel() on ptolemy.moml.MoMLSimpleApplication@13afbc28
reloadAllAccessors: .ArrayAppend4

===========================================================================================
----------------- testing Wed Feb 12 07:01:57 UTC 2020 /home/travis/build/icyphy/ptII/ptolemy/actor/lib/test/auto/ArrayAppend5.xml
----------------- Instantiating /home/travis/build/icyphy/ptII/ptolemy/actor/lib/test/auto/ArrayAppend5.xml
4 ms. Memory: 271360K Free: 187037K (69%)
----------------- Invoking toplevel() on ptolemy.moml.MoMLSimpleApplication@5616a772
----------------- Done invoking toplevel() on ptolemy.moml.MoMLSimpleApplication@5616a772
reloadAllAccessors: .ArrayAppend5

===========================================================================================
----------------- testing Wed Feb 12 07:01:57 UTC 2020 /home/travis/build/icyphy/ptII/ptolemy/actor/lib/test/auto/ArrayAppend6.xml
----------------- Instantiating /home/travis/build/icyphy/ptII/ptolemy/actor/lib/test/auto/ArrayAppend6.xml
2 ms. Memory: 271360K Free: 181403K (67%)
----------------- Invoking toplevel() on ptolemy.moml.MoMLSimpleApplication@3c476061
----------------- Done invoking toplevel() on ptolemy.moml.MoMLSimpleApplication@3c476061
reloadAllAccessors: .ArrayAppend6

===========================================================================================
----------------- testing Wed Feb 12 07:01:57 UTC 2020 /home/travis/build/icyphy/ptII/ptolemy/actor/lib/test/auto/ArrayAppendPerformanceTest.xml
----------------- Instantiating /home/travis/build/icyphy/ptII/ptolemy/actor/lib/test/auto/ArrayAppendPerformanceTest.xml
36 ms. Memory: 271360K Free: 170653K (63%)
----------------- Invoking toplevel() on ptolemy.moml.MoMLSimpleApplication@1ec6d59a
----------------- Done invoking toplevel() on ptolemy.moml.MoMLSimpleApplication@1ec6d59a
reloadAllAccessors: .ArrayAppendPerformanceTest

===========================================================================================
----------------- testing Wed Feb 12 07:01:57 UTC 2020 /home/travis/build/icyphy/ptII/ptolemy/actor/lib/test/auto/ArrayAppendWithEmptyInput.xml
----------------- Instantiating /home/travis/build/icyphy/ptII/ptolemy/actor/lib/test/auto/ArrayAppendWithEmptyInput.xml
14 ms. Memory: 271360K Free: 162461K (60%)
----------------- Invoking toplevel() on ptolemy.moml.MoMLSimpleApplication@3b64b19a
----------------- Done invoking toplevel() on ptolemy.moml.MoMLSimpleApplication@3b64b19a
reloadAllAccessors: .ArrayAppendWithEmptyInput

===========================================================================================
----------------- testing Wed Feb 12 07:01:57 UTC 2020 /home/travis/build/icyphy/ptII/ptolemy/actor/lib/test/auto/ArrayAverage.xml
----------------- Instantiating /home/travis/build/icyphy/ptII/ptolemy/actor/lib/test/auto/ArrayAverage.xml
7 ms. Memory: 271360K Free: 154779K (57%)
----------------- Invoking toplevel() on ptolemy.moml.MoMLSimpleApplication@3199f1f6
----------------- Done invoking toplevel() on ptolemy.moml.MoMLSimpleApplication@3199f1f6
reloadAllAccessors: .ArrayAverage

===========================================================================================
----------------- testing Wed Feb 12 07:01:57 UTC 2020 /home/travis/build/icyphy/ptII/ptolemy/actor/lib/test/auto/ArrayContains.xml
----------------- Instantiating /home/travis/build/icyphy/ptII/ptolemy/actor/lib/test/auto/ArrayContains.xml
9 ms. Memory: 271360K Free: 148635K (55%)
----------------- Invoking toplevel() on ptolemy.moml.MoMLSimpleApplication@b785762
----------------- Done invoking toplevel() on ptolemy.moml.MoMLSimpleApplication@b785762
reloadAllAccessors: .ArrayContains

===========================================================================================
----------------- testing Wed Feb 12 07:01:57 UTC 2020 /home/travis/build/icyphy/ptII/ptolemy/actor/lib/test/auto/ArrayElement.xml
----------------- Instantiating /home/travis/build/icyphy/ptII/ptolemy/actor/lib/test/auto/ArrayElement.xml
3 ms. Memory: 271360K Free: 143484K (53%)
----------------- Invoking toplevel() on ptolemy.moml.MoMLSimpleApplication@32b70b40
----------------- Done invoking toplevel() on ptolemy.moml.MoMLSimpleApplication@32b70b40
reloadAllAccessors: .ArrayElement

===========================================================================================
----------------- testing Wed Feb 12 07:01:57 UTC 2020 /home/travis/build/icyphy/ptII/ptolemy/actor/lib/test/auto/ArrayElementAsMatrix.xml
----------------- Instantiating /home/travis/build/icyphy/ptII/ptolemy/actor/lib/test/auto/ArrayElementAsMatrix.xml
12 ms. Memory: 271360K Free: 133275K (49%)
----------------- Invoking toplevel() on ptolemy.moml.MoMLSimpleApplication@68825702
----------------- Done invoking toplevel() on ptolemy.moml.MoMLSimpleApplication@68825702
reloadAllAccessors: .ArrayElementAsMatrix

===========================================================================================
----------------- testing Wed Feb 12 07:01:57 UTC 2020 /home/travis/build/icyphy/ptII/ptolemy/actor/lib/test/auto/ArrayElementI.xml
----------------- Instantiating /home/travis/build/icyphy/ptII/ptolemy/actor/lib/test/auto/ArrayElementI.xml
2 ms. Memory: 271360K Free: 128155K (47%)
----------------- Invoking toplevel() on ptolemy.moml.MoMLSimpleApplication@7cfe80ba
----------------- Done invoking toplevel() on ptolemy.moml.MoMLSimpleApplication@7cfe80ba
reloadAllAccessors: .ArrayElementI

===========================================================================================
----------------- testing Wed Feb 12 07:01:57 UTC 2020 /home/travis/build/icyphy/ptII/ptolemy/actor/lib/test/auto/ArrayExtract.xml
----------------- Instantiating /home/travis/build/icyphy/ptII/ptolemy/actor/lib/test/auto/ArrayExtract.xml
6 ms. Memory: 271360K Free: 120477K (44%)
----------------- Invoking toplevel() on ptolemy.moml.MoMLSimpleApplication@8f7c0c7
----------------- Done invoking toplevel() on ptolemy.moml.MoMLSimpleApplication@8f7c0c7
reloadAllAccessors: .ArrayExtract

===========================================================================================
----------------- testing Wed Feb 12 07:01:57 UTC 2020 /home/travis/build/icyphy/ptII/ptolemy/actor/lib/test/auto/ArrayExtract2.xml
----------------- Instantiating /home/travis/build/icyphy/ptII/ptolemy/actor/lib/test/auto/ArrayExtract2.xml
2 ms. Memory: 271360K Free: 114828K (42%)
----------------- Invoking toplevel() on ptolemy.moml.MoMLSimpleApplication@9979d50
----------------- Done invoking toplevel() on ptolemy.moml.MoMLSimpleApplication@9979d50
reloadAllAccessors: .ArrayExtract2

===========================================================================================
----------------- testing Wed Feb 12 07:01:57 UTC 2020 /home/travis/build/icyphy/ptII/ptolemy/actor/lib/test/auto/ArrayLength.xml
----------------- Instantiating /home/travis/build/icyphy/ptII/ptolemy/actor/lib/test/auto/ArrayLength.xml
1 ms. Memory: 271360K Free: 111261K (41%)
----------------- Invoking toplevel() on ptolemy.moml.MoMLSimpleApplication@32ecfaa
----------------- Done invoking toplevel() on ptolemy.moml.MoMLSimpleApplication@32ecfaa
reloadAllAccessors: .ArrayLength

===========================================================================================
----------------- testing Wed Feb 12 07:01:57 UTC 2020 /home/travis/build/icyphy/ptII/ptolemy/actor/lib/test/auto/ArrayLevelCrossing.xml
----------------- Instantiating /home/travis/build/icyphy/ptII/ptolemy/actor/lib/test/auto/ArrayLevelCrossing.xml
4 ms. Memory: 271360K Free: 103069K (38%)
----------------- Invoking toplevel() on ptolemy.moml.MoMLSimpleApplication@2842bd8e
----------------- Done invoking toplevel() on ptolemy.moml.MoMLSimpleApplication@2842bd8e
reloadAllAccessors: .ArrayLevelCrossing

===========================================================================================
----------------- testing Wed Feb 12 07:01:57 UTC 2020 /home/travis/build/icyphy/ptII/ptolemy/actor/lib/test/auto/ArrayLevelCrossing2.xml
----------------- Instantiating /home/travis/build/icyphy/ptII/ptolemy/actor/lib/test/auto/ArrayLevelCrossing2.xml
1 ms. Memory: 271360K Free: 95901K (35%)
----------------- Invoking toplevel() on ptolemy.moml.MoMLSimpleApplication@528b87f3
----------------- Done invoking toplevel() on ptolemy.moml.MoMLSimpleApplication@528b87f3
reloadAllAccessors: .ArrayLevelCrossing2

===========================================================================================
----------------- testing Wed Feb 12 07:01:57 UTC 2020 /home/travis/build/icyphy/ptII/ptolemy/actor/lib/test/auto/ArrayPeakSearch.xml
----------------- Instantiating /home/travis/build/icyphy/ptII/ptolemy/actor/lib/test/auto/ArrayPeakSearch.xml
6 ms. Memory: 271360K Free: 86685K (32%)
----------------- Invoking toplevel() on ptolemy.moml.MoMLSimpleApplication@587fd9af
----------------- Done invoking toplevel() on ptolemy.moml.MoMLSimpleApplication@587fd9af
reloadAllAccessors: .ArrayPeakSearch

===========================================================================================
----------------- testing Wed Feb 12 07:01:57 UTC 2020 /home/travis/build/icyphy/ptII/ptolemy/actor/lib/test/auto/ArrayPeakSearch2.xml
----------------- Instantiating /home/travis/build/icyphy/ptII/ptolemy/actor/lib/test/auto/ArrayPeakSearch2.xml
4 ms. Memory: 271360K Free: 76445K (28%)
----------------- Invoking toplevel() on ptolemy.moml.MoMLSimpleApplication@58b5bbed
----------------- Done invoking toplevel() on ptolemy.moml.MoMLSimpleApplication@58b5bbed
reloadAllAccessors: .ArrayPeakSearch2

===========================================================================================
----------------- testing Wed Feb 12 07:01:57 UTC 2020 /home/travis/build/icyphy/ptII/ptolemy/actor/lib/test/auto/ArrayPeakSearch3.xml
----------------- Instantiating /home/travis/build/icyphy/ptII/ptolemy/actor/lib/test/auto/ArrayPeakSearch3.xml
12 ms. Memory: 271360K Free: 220869K (81%)
----------------- Invoking toplevel() on ptolemy.moml.MoMLSimpleApplication@10001965
----------------- Done invoking toplevel() on ptolemy.moml.MoMLSimpleApplication@10001965
reloadAllAccessors: .ArrayPeakSearch3

===========================================================================================
----------------- testing Wed Feb 12 07:01:57 UTC 2020 /home/travis/build/icyphy/ptII/ptolemy/actor/lib/test/auto/ArrayRemoveElement.xml
----------------- Instantiating /home/travis/build/icyphy/ptII/ptolemy/actor/lib/test/auto/ArrayRemoveElement.xml
3 ms. Memory: 271360K Free: 212163K (78%)
----------------- Invoking toplevel() on ptolemy.moml.MoMLSimpleApplication@cfa7271
----------------- Done invoking toplevel() on ptolemy.moml.MoMLSimpleApplication@cfa7271
reloadAllAccessors: .ArrayRemoveElement

===========================================================================================
----------------- testing Wed Feb 12 07:01:57 UTC 2020 /home/travis/build/icyphy/ptII/ptolemy/actor/lib/test/auto/ArraySort.xml
----------------- Instantiating /home/travis/build/icyphy/ptII/ptolemy/actor/lib/test/auto/ArraySort.xml
3 ms. Memory: 271360K Free: 203461K (75%)
----------------- Invoking toplevel() on ptolemy.moml.MoMLSimpleApplication@2df57d1b
----------------- Done invoking toplevel() on ptolemy.moml.MoMLSimpleApplication@2df57d1b
reloadAllAccessors: .ArraySort

===========================================================================================
----------------- testing Wed Feb 12 07:01:57 UTC 2020 /home/travis/build/icyphy/ptII/ptolemy/actor/lib/test/auto/ArraySum.xml
----------------- Instantiating /home/travis/build/icyphy/ptII/ptolemy/actor/lib/test/auto/ArraySum.xml
5 ms. Memory: 271360K Free: 197827K (73%)
----------------- Invoking toplevel() on ptolemy.moml.MoMLSimpleApplication@21594c02
----------------- Done invoking toplevel() on ptolemy.moml.MoMLSimpleApplication@21594c02
reloadAllAccessors: .ArraySum

===========================================================================================
----------------- testing Wed Feb 12 07:01:57 UTC 2020 /home/travis/build/icyphy/ptII/ptolemy/actor/lib/test/auto/ArrayToElements.xml
----------------- Instantiating /home/travis/build/icyphy/ptII/ptolemy/actor/lib/test/auto/ArrayToElements.xml
4 ms. Memory: 271360K Free: 192707K (71%)
----------------- Invoking toplevel() on ptolemy.moml.MoMLSimpleApplication@2656bce
----------------- Done invoking toplevel() on ptolemy.moml.MoMLSimpleApplication@2656bce
reloadAllAccessors: .ArrayToElements

===========================================================================================
----------------- testing Wed Feb 12 07:01:57 UTC 2020 /home/travis/build/icyphy/ptII/ptolemy/actor/lib/test/auto/ArrayToMatrix.xml
----------------- Instantiating /home/travis/build/icyphy/ptII/ptolemy/actor/lib/test/auto/ArrayToMatrix.xml
14 ms. Memory: 271360K Free: 178371K (66%)
----------------- Invoking toplevel() on ptolemy.moml.MoMLSimpleApplication@512c7f09
----------------- Done invoking toplevel() on ptolemy.moml.MoMLSimpleApplication@512c7f09
reloadAllAccessors: .ArrayToMatrix

===========================================================================================
----------------- testing Wed Feb 12 07:01:57 UTC 2020 /home/travis/build/icyphy/ptII/ptolemy/actor/lib/test/auto/ArrayUpdate1.xml
----------------- Instantiating /home/travis/build/icyphy/ptII/ptolemy/actor/lib/test/auto/ArrayUpdate1.xml
4 ms. Memory: 271360K Free: 173765K (64%)
----------------- Invoking toplevel() on ptolemy.moml.MoMLSimpleApplication@1e1584fb
----------------- Done invoking toplevel() on ptolemy.moml.MoMLSimpleApplication@1e1584fb
reloadAllAccessors: .ArrayUpdate1

===========================================================================================
----------------- testing Wed Feb 12 07:01:57 UTC 2020 /home/travis/build/icyphy/ptII/ptolemy/actor/lib/test/auto/ArrayUpdate2.xml
----------------- Instantiating /home/travis/build/icyphy/ptII/ptolemy/actor/lib/test/auto/ArrayUpdate2.xml
7 ms. Memory: 271360K Free: 167107K (62%)
----------------- Invoking toplevel() on ptolemy.moml.MoMLSimpleApplication@38149fdb
----------------- Done invoking toplevel() on ptolemy.moml.MoMLSimpleApplication@38149fdb
reloadAllAccessors: .ArrayUpdate2

===========================================================================================
----------------- testing Wed Feb 12 07:01:57 UTC 2020 /home/travis/build/icyphy/ptII/ptolemy/actor/lib/test/auto/ArrayUpdate3.xml
----------------- Instantiating /home/travis/build/icyphy/ptII/ptolemy/actor/lib/test/auto/ArrayUpdate3.xml
4 ms. Memory: 271360K Free: 162501K (60%)
----------------- Invoking toplevel() on ptolemy.moml.MoMLSimpleApplication@5c54eacf
----------------- Done invoking toplevel() on ptolemy.moml.MoMLSimpleApplication@5c54eacf
reloadAllAccessors: .ArrayUpdate3

===========================================================================================
----------------- testing Wed Feb 12 07:01:57 UTC 2020 /home/travis/build/icyphy/ptII/ptolemy/actor/lib/test/auto/Assert1.xml
----------------- Instantiating /home/travis/build/icyphy/ptII/ptolemy/actor/lib/test/auto/Assert1.xml
5 ms. Memory: 271360K Free: 157891K (58%)
----------------- Invoking toplevel() on ptolemy.moml.MoMLSimpleApplication@788c5887
----------------- Done invoking toplevel() on ptolemy.moml.MoMLSimpleApplication@788c5887
reloadAllAccessors: .Assert1

===========================================================================================
----------------- testing Wed Feb 12 07:01:57 UTC 2020 /home/travis/build/icyphy/ptII/ptolemy/actor/lib/test/auto/Assert2.xml
----------------- Instantiating /home/travis/build/icyphy/ptII/ptolemy/actor/lib/test/auto/Assert2.xml
5 ms. Memory: 271360K Free: 152771K (56%)
----------------- Invoking toplevel() on ptolemy.moml.MoMLSimpleApplication@2254c905
----------------- Done invoking toplevel() on ptolemy.moml.MoMLSimpleApplication@2254c905
reloadAllAccessors: .Assert2

===========================================================================================
----------------- testing Wed Feb 12 07:01:58 UTC 2020 /home/travis/build/icyphy/ptII/ptolemy/actor/lib/test/auto/BooleanMultiplexor.xml
----------------- Instantiating /home/travis/build/icyphy/ptII/ptolemy/actor/lib/test/auto/BooleanMultiplexor.xml
2 ms. Memory: 271360K Free: 147141K (54%)
----------------- Invoking toplevel() on ptolemy.moml.MoMLSimpleApplication@5730189f
----------------- Done invoking toplevel() on ptolemy.moml.MoMLSimpleApplication@5730189f
reloadAllAccessors: .BooleanMultiplexor

===========================================================================================
----------------- testing Wed Feb 12 07:01:58 UTC 2020 /home/travis/build/icyphy/ptII/ptolemy/actor/lib/test/auto/BooleanMultiplexor2.xml
----------------- Instantiating /home/travis/build/icyphy/ptII/ptolemy/actor/lib/test/auto/BooleanMultiplexor2.xml
12 ms. Memory: 271360K Free: 140997K (52%)
----------------- Invoking toplevel() on ptolemy.moml.MoMLSimpleApplication@67f5eee0
----------------- Done invoking toplevel() on ptolemy.moml.MoMLSimpleApplication@67f5eee0
reloadAllAccessors: .BooleanMultiplexor2

===========================================================================================
----------------- testing Wed Feb 12 07:01:58 UTC 2020 /home/travis/build/icyphy/ptII/ptolemy/actor/lib/test/auto/BooleanMultiplexor3.xml
----------------- Instantiating /home/travis/build/icyphy/ptII/ptolemy/actor/lib/test/auto/BooleanMultiplexor3.xml
3 ms. Memory: 271360K Free: 136901K (50%)
----------------- Invoking toplevel() on ptolemy.moml.MoMLSimpleApplication@28e5a7fe
----------------- Done invoking toplevel() on ptolemy.moml.MoMLSimpleApplication@28e5a7fe
reloadAllAccessors: .BooleanMultiplexor3

===========================================================================================
----------------- testing Wed Feb 12 07:01:58 UTC 2020 /home/travis/build/icyphy/ptII/ptolemy/actor/lib/test/auto/BooleanSelect.xml
----------------- Instantiating /home/travis/build/icyphy/ptII/ptolemy/actor/lib/test/auto/BooleanSelect.xml
10 ms. Memory: 271360K Free: 131253K (48%)
----------------- Invoking toplevel() on ptolemy.moml.MoMLSimpleApplication@119a373d
----------------- Done invoking toplevel() on ptolemy.moml.MoMLSimpleApplication@119a373d
reloadAllAccessors: .BooleanSelect

===========================================================================================
----------------- testing Wed Feb 12 07:01:58 UTC 2020 /home/travis/build/icyphy/ptII/ptolemy/actor/lib/test/auto/BooleanSelect2.xml
----------------- Instantiating /home/travis/build/icyphy/ptII/ptolemy/actor/lib/test/auto/BooleanSelect2.xml
3 ms. Memory: 271360K Free: 126661K (47%)
----------------- Invoking toplevel() on ptolemy.moml.MoMLSimpleApplication@53da6301
----------------- Done invoking toplevel() on ptolemy.moml.MoMLSimpleApplication@53da6301
reloadAllAccessors: .BooleanSelect2

===========================================================================================
----------------- testing Wed Feb 12 07:01:58 UTC 2020 /home/travis/build/icyphy/ptII/ptolemy/actor/lib/test/auto/BooleanSwitch.xml
----------------- Instantiating /home/travis/build/icyphy/ptII/ptolemy/actor/lib/test/auto/BooleanSwitch.xml
7 ms. Memory: 271360K Free: 121027K (45%)
----------------- Invoking toplevel() on ptolemy.moml.MoMLSimpleApplication@58420594
----------------- Done invoking toplevel() on ptolemy.moml.MoMLSimpleApplication@58420594
reloadAllAccessors: .BooleanSwitch

===========================================================================================
----------------- testing Wed Feb 12 07:01:58 UTC 2020 /home/travis/build/icyphy/ptII/ptolemy/actor/lib/test/auto/BooleanSwitch2.xml
----------------- Instantiating /home/travis/build/icyphy/ptII/ptolemy/actor/lib/test/auto/BooleanSwitch2.xml
2 ms. Memory: 271360K Free: 116421K (43%)
----------------- Invoking toplevel() on ptolemy.moml.MoMLSimpleApplication@22c386eb
----------------- Done invoking toplevel() on ptolemy.moml.MoMLSimpleApplication@22c386eb
reloadAllAccessors: .BooleanSwitch2

===========================================================================================
----------------- testing Wed Feb 12 07:01:58 UTC 2020 /home/travis/build/icyphy/ptII/ptolemy/actor/lib/test/auto/BooleanSwitchCloningBugWithClassRelationGroup.xml
----------------- Instantiating /home/travis/build/icyphy/ptII/ptolemy/actor/lib/test/auto/BooleanSwitchCloningBugWithClassRelationGroup.xml
3 ms. Memory: 271360K Free: 110277K (41%)
----------------- Invoking toplevel() on ptolemy.moml.MoMLSimpleApplication@c3ab3a
----------------- Done invoking toplevel() on ptolemy.moml.MoMLSimpleApplication@c3ab3a
reloadAllAccessors: .BooleanSwitchCloningBugWithClassRelationGroup

===========================================================================================
----------------- testing Wed Feb 12 07:01:58 UTC 2020 /home/travis/build/icyphy/ptII/ptolemy/actor/lib/test/auto/BusActors.xml
----------------- Instantiating /home/travis/build/icyphy/ptII/ptolemy/actor/lib/test/auto/BusActors.xml
7 ms. Memory: 271360K Free: 102085K (38%)
----------------- Invoking toplevel() on ptolemy.moml.MoMLSimpleApplication@2fd2e614
----------------- Done invoking toplevel() on ptolemy.moml.MoMLSimpleApplication@2fd2e614
reloadAllAccessors: .BusActors

===========================================================================================
----------------- testing Wed Feb 12 07:01:58 UTC 2020 /home/travis/build/icyphy/ptII/ptolemy/actor/lib/test/auto/ClassWrapper.xml
----------------- Instantiating /home/travis/build/icyphy/ptII/ptolemy/actor/lib/test/auto/ClassWrapper.xml
2 ms. Memory: 271360K Free: 97989K (36%)
----------------- Invoking toplevel() on ptolemy.moml.MoMLSimpleApplication@5a295b88
----------------- Done invoking toplevel() on ptolemy.moml.MoMLSimpleApplication@5a295b88
reloadAllAccessors: .ClassWrapper

===========================================================================================
----------------- testing Wed Feb 12 07:01:58 UTC 2020 /home/travis/build/icyphy/ptII/ptolemy/actor/lib/test/auto/Clock.xml
----------------- Instantiating /home/travis/build/icyphy/ptII/ptolemy/actor/lib/test/auto/Clock.xml
2 ms. Memory: 271360K Free: 93893K (35%)
----------------- Invoking toplevel() on ptolemy.moml.MoMLSimpleApplication@291a88e8
----------------- Done invoking toplevel() on ptolemy.moml.MoMLSimpleApplication@291a88e8
reloadAllAccessors: .Clock

===========================================================================================
----------------- testing Wed Feb 12 07:01:58 UTC 2020 /home/travis/build/icyphy/ptII/ptolemy/actor/lib/test/auto/Clock10.xml
----------------- Instantiating /home/travis/build/icyphy/ptII/ptolemy/actor/lib/test/auto/Clock10.xml
4 ms. Memory: 271360K Free: 88259K (33%)
----------------- Invoking toplevel() on ptolemy.moml.MoMLSimpleApplication@7598b6a9
----------------- Done invoking toplevel() on ptolemy.moml.MoMLSimpleApplication@7598b6a9
reloadAllAccessors: .Clock10

===========================================================================================
----------------- testing Wed Feb 12 07:01:58 UTC 2020 /home/travis/build/icyphy/ptII/ptolemy/actor/lib/test/auto/Clock11.xml
----------------- Instantiating /home/travis/build/icyphy/ptII/ptolemy/actor/lib/test/auto/Clock11.xml
4 ms. Memory: 271360K Free: 82115K (30%)
----------------- Invoking toplevel() on ptolemy.moml.MoMLSimpleApplication@43fcd359
----------------- Done invoking toplevel() on ptolemy.moml.MoMLSimpleApplication@43fcd359
reloadAllAccessors: .Clock11

===========================================================================================
----------------- testing Wed Feb 12 07:01:58 UTC 2020 /home/travis/build/icyphy/ptII/ptolemy/actor/lib/test/auto/Clock12.xml
----------------- Instantiating /home/travis/build/icyphy/ptII/ptolemy/actor/lib/test/auto/Clock12.xml
4 ms. Memory: 271360K Free: 76485K (28%)
----------------- Invoking toplevel() on ptolemy.moml.MoMLSimpleApplication@616fac64
----------------- Done invoking toplevel() on ptolemy.moml.MoMLSimpleApplication@616fac64
reloadAllAccessors: .Clock12

===========================================================================================
----------------- testing Wed Feb 12 07:01:58 UTC 2020 /home/travis/build/icyphy/ptII/ptolemy/actor/lib/test/auto/Clock13.xml
----------------- Instantiating /home/travis/build/icyphy/ptII/ptolemy/actor/lib/test/auto/Clock13.xml
4 ms. Memory: 271360K Free: 70341K (26%)
----------------- Invoking toplevel() on ptolemy.moml.MoMLSimpleApplication@2aeb596
----------------- Done invoking toplevel() on ptolemy.moml.MoMLSimpleApplication@2aeb596
reloadAllAccessors: .Clock13

===========================================================================================
----------------- testing Wed Feb 12 07:01:58 UTC 2020 /home/travis/build/icyphy/ptII/ptolemy/actor/lib/test/auto/Clock14.xml
----------------- Instantiating /home/travis/build/icyphy/ptII/ptolemy/actor/lib/test/auto/Clock14.xml
3 ms. Memory: 271360K Free: 64701K (24%)
----------------- Invoking toplevel() on ptolemy.moml.MoMLSimpleApplication@6ffaafdf
----------------- Done invoking toplevel() on ptolemy.moml.MoMLSimpleApplication@6ffaafdf
reloadAllAccessors: .Clock14

===========================================================================================
----------------- testing Wed Feb 12 07:01:58 UTC 2020 /home/travis/build/icyphy/ptII/ptolemy/actor/lib/test/auto/Clock15.xml
----------------- Instantiating /home/travis/build/icyphy/ptII/ptolemy/actor/lib/test/auto/Clock15.xml
3 ms. Memory: 445440K Free: 392445K (88%)
----------------- Invoking toplevel() on ptolemy.moml.MoMLSimpleApplication@25262f05
----------------- Done invoking toplevel() on ptolemy.moml.MoMLSimpleApplication@25262f05
reloadAllAccessors: .Clock15

===========================================================================================
----------------- testing Wed Feb 12 07:01:58 UTC 2020 /home/travis/build/icyphy/ptII/ptolemy/actor/lib/test/auto/Clock16.xml
----------------- Instantiating /home/travis/build/icyphy/ptII/ptolemy/actor/lib/test/auto/Clock16.xml
28 ms. Memory: 445440K Free: 377085K (85%)
----------------- Invoking toplevel() on ptolemy.moml.MoMLSimpleApplication@3a22d95c
----------------- Done invoking toplevel() on ptolemy.moml.MoMLSimpleApplication@3a22d95c
reloadAllAccessors: .Clock16

===========================================================================================
----------------- testing Wed Feb 12 07:01:58 UTC 2020 /home/travis/build/icyphy/ptII/ptolemy/actor/lib/test/auto/Clock17.xml
----------------- Instantiating /home/travis/build/icyphy/ptII/ptolemy/actor/lib/test/auto/Clock17.xml
24 ms. Memory: 445440K Free: 362735K (81%)
----------------- Invoking toplevel() on ptolemy.moml.MoMLSimpleApplication@2104dcc0
----------------- Done invoking toplevel() on ptolemy.moml.MoMLSimpleApplication@2104dcc0
reloadAllAccessors: .Clock17

===========================================================================================
----------------- testing Wed Feb 12 07:01:58 UTC 2020 /home/travis/build/icyphy/ptII/ptolemy/actor/lib/test/auto/Clock18.xml
----------------- Instantiating /home/travis/build/icyphy/ptII/ptolemy/actor/lib/test/auto/Clock18.xml
21 ms. Memory: 445440K Free: 349951K (79%)
----------------- Invoking toplevel() on ptolemy.moml.MoMLSimpleApplication@66a44603
----------------- Done invoking toplevel() on ptolemy.moml.MoMLSimpleApplication@66a44603
reloadAllAccessors: .Clock18

===========================================================================================
----------------- testing Wed Feb 12 07:01:58 UTC 2020 /home/travis/build/icyphy/ptII/ptolemy/actor/lib/test/auto/Clock19.xml
----------------- Instantiating /home/travis/build/icyphy/ptII/ptolemy/actor/lib/test/auto/Clock19.xml
12 ms. Memory: 445440K Free: 336639K (76%)
----------------- Invoking toplevel() on ptolemy.moml.MoMLSimpleApplication@73599ae4
----------------- Done invoking toplevel() on ptolemy.moml.MoMLSimpleApplication@73599ae4
reloadAllAccessors: .Clock19

===========================================================================================
----------------- testing Wed Feb 12 07:01:58 UTC 2020 /home/travis/build/icyphy/ptII/ptolemy/actor/lib/test/auto/Clock2.xml
----------------- Instantiating /home/travis/build/icyphy/ptII/ptolemy/actor/lib/test/auto/Clock2.xml
3 ms. Memory: 445440K Free: 331999K (75%)
----------------- Invoking toplevel() on ptolemy.moml.MoMLSimpleApplication@2954be65
----------------- Done invoking toplevel() on ptolemy.moml.MoMLSimpleApplication@2954be65
reloadAllAccessors: .Clock2

===========================================================================================
----------------- testing Wed Feb 12 07:01:58 UTC 2020 /home/travis/build/icyphy/ptII/ptolemy/actor/lib/test/auto/Clock20.xml
----------------- Instantiating /home/travis/build/icyphy/ptII/ptolemy/actor/lib/test/auto/Clock20.xml
4 ms. Memory: 445440K Free: 326399K (73%)
----------------- Invoking toplevel() on ptolemy.moml.MoMLSimpleApplication@6b13bb16
----------------- Done invoking toplevel() on ptolemy.moml.MoMLSimpleApplication@6b13bb16
reloadAllAccessors: .Clock20

===========================================================================================
----------------- testing Wed Feb 12 07:01:58 UTC 2020 /home/travis/build/icyphy/ptII/ptolemy/actor/lib/test/auto/Clock21.xml
----------------- Instantiating /home/travis/build/icyphy/ptII/ptolemy/actor/lib/test/auto/Clock21.xml
7 ms. Memory: 445440K Free: 321279K (72%)
----------------- Invoking toplevel() on ptolemy.moml.MoMLSimpleApplication@a8d9f91
----------------- Done invoking toplevel() on ptolemy.moml.MoMLSimpleApplication@a8d9f91
reloadAllAccessors: .Clock21

===========================================================================================
----------------- testing Wed Feb 12 07:01:58 UTC 2020 /home/travis/build/icyphy/ptII/ptolemy/actor/lib/test/auto/Clock22.xml
----------------- Instantiating /home/travis/build/icyphy/ptII/ptolemy/actor/lib/test/auto/Clock22.xml
3 ms. Memory: 445440K Free: 315645K (71%)
----------------- Invoking toplevel() on ptolemy.moml.MoMLSimpleApplication@334be2d4
----------------- Done invoking toplevel() on ptolemy.moml.MoMLSimpleApplication@334be2d4
reloadAllAccessors: .Clock22

===========================================================================================
----------------- testing Wed Feb 12 07:01:58 UTC 2020 /home/travis/build/icyphy/ptII/ptolemy/actor/lib/test/auto/Clock23.xml
----------------- Instantiating /home/travis/build/icyphy/ptII/ptolemy/actor/lib/test/auto/Clock23.xml
3 ms. Memory: 445440K Free: 310525K (70%)
----------------- Invoking toplevel() on ptolemy.moml.MoMLSimpleApplication@34df82cf
----------------- Done invoking toplevel() on ptolemy.moml.MoMLSimpleApplication@34df82cf
reloadAllAccessors: .Clock23

===========================================================================================
----------------- testing Wed Feb 12 07:01:58 UTC 2020 /home/travis/build/icyphy/ptII/ptolemy/actor/lib/test/auto/Clock24.xml
----------------- Instantiating /home/travis/build/icyphy/ptII/ptolemy/actor/lib/test/auto/Clock24.xml
3 ms. Memory: 445440K Free: 304895K (68%)
----------------- Invoking toplevel() on ptolemy.moml.MoMLSimpleApplication@2b58942a
----------------- Done invoking toplevel() on ptolemy.moml.MoMLSimpleApplication@2b58942a
reloadAllAccessors: .Clock24

===========================================================================================
----------------- testing Wed Feb 12 07:01:58 UTC 2020 /home/travis/build/icyphy/ptII/ptolemy/actor/lib/test/auto/Clock4.xml
----------------- Instantiating /home/travis/build/icyphy/ptII/ptolemy/actor/lib/test/auto/Clock4.xml
2 ms. Memory: 445440K Free: 300255K (67%)
----------------- Invoking toplevel() on ptolemy.moml.MoMLSimpleApplication@5c3eb7ab
----------------- Done invoking toplevel() on ptolemy.moml.MoMLSimpleApplication@5c3eb7ab
reloadAllAccessors: .Clock4

===========================================================================================
----------------- testing Wed Feb 12 07:01:58 UTC 2020 /home/travis/build/icyphy/ptII/ptolemy/actor/lib/test/auto/Clock5.xml
----------------- Instantiating /home/travis/build/icyphy/ptII/ptolemy/actor/lib/test/auto/Clock5.xml
2 ms. Memory: 445440K Free: 294655K (66%)
----------------- Invoking toplevel() on ptolemy.moml.MoMLSimpleApplication@54080ebb
----------------- Done invoking toplevel() on ptolemy.moml.MoMLSimpleApplication@54080ebb
reloadAllAccessors: .Clock5

===========================================================================================
----------------- testing Wed Feb 12 07:01:58 UTC 2020 /home/travis/build/icyphy/ptII/ptolemy/actor/lib/test/auto/Clock6.xml
----------------- Instantiating /home/travis/build/icyphy/ptII/ptolemy/actor/lib/test/auto/Clock6.xml
2 ms. Memory: 445440K Free: 291055K (65%)
----------------- Invoking toplevel() on ptolemy.moml.MoMLSimpleApplication@2e0e7837
----------------- Done invoking toplevel() on ptolemy.moml.MoMLSimpleApplication@2e0e7837
reloadAllAccessors: .Clock6

===========================================================================================
----------------- testing Wed Feb 12 07:01:58 UTC 2020 /home/travis/build/icyphy/ptII/ptolemy/actor/lib/test/auto/Clock7.xml
----------------- Instantiating /home/travis/build/icyphy/ptII/ptolemy/actor/lib/test/auto/Clock7.xml
2 ms. Memory: 445440K Free: 285949K (64%)
----------------- Invoking toplevel() on ptolemy.moml.MoMLSimpleApplication@1755140e
----------------- Done invoking toplevel() on ptolemy.moml.MoMLSimpleApplication@1755140e
reloadAllAccessors: .Clock7

===========================================================================================
----------------- testing Wed Feb 12 07:01:58 UTC 2020 /home/travis/build/icyphy/ptII/ptolemy/actor/lib/test/auto/Clock8.xml
----------------- Instantiating /home/travis/build/icyphy/ptII/ptolemy/actor/lib/test/auto/Clock8.xml
6 ms. Memory: 445440K Free: 280799K (63%)
----------------- Invoking toplevel() on ptolemy.moml.MoMLSimpleApplication@5ebe6c19
----------------- Done invoking toplevel() on ptolemy.moml.MoMLSimpleApplication@5ebe6c19
reloadAllAccessors: .Clock8

===========================================================================================
----------------- testing Wed Feb 12 07:01:58 UTC 2020 /home/travis/build/icyphy/ptII/ptolemy/actor/lib/test/auto/Clock9.xml
----------------- Instantiating /home/travis/build/icyphy/ptII/ptolemy/actor/lib/test/auto/Clock9.xml
5 ms. Memory: 445440K Free: 275199K (62%)
----------------- Invoking toplevel() on ptolemy.moml.MoMLSimpleApplication@5aa0c806
----------------- Done invoking toplevel() on ptolemy.moml.MoMLSimpleApplication@5aa0c806
reloadAllAccessors: .Clock9

===========================================================================================
----------------- testing Wed Feb 12 07:01:58 UTC 2020 /home/travis/build/icyphy/ptII/ptolemy/actor/lib/test/auto/CommDistDiscard.xml
----------------- Instantiating /home/travis/build/icyphy/ptII/ptolemy/actor/lib/test/auto/CommDistDiscard.xml
5 ms. Memory: 445440K Free: 269565K (61%)
----------------- Invoking toplevel() on ptolemy.moml.MoMLSimpleApplication@1c1ea3be
----------------- Done invoking toplevel() on ptolemy.moml.MoMLSimpleApplication@1c1ea3be
reloadAllAccessors: .CommDistDiscard

===========================================================================================
----------------- testing Wed Feb 12 07:01:58 UTC 2020 /home/travis/build/icyphy/ptII/ptolemy/actor/lib/test/auto/Commutator.xml
----------------- Instantiating /home/travis/build/icyphy/ptII/ptolemy/actor/lib/test/auto/Commutator.xml
2 ms. Memory: 445440K Free: 265469K (60%)
----------------- Invoking toplevel() on ptolemy.moml.MoMLSimpleApplication@571bd0c1
----------------- Done invoking toplevel() on ptolemy.moml.MoMLSimpleApplication@571bd0c1
reloadAllAccessors: .Commutator

===========================================================================================
----------------- testing Wed Feb 12 07:01:58 UTC 2020 /home/travis/build/icyphy/ptII/ptolemy/actor/lib/test/auto/Commutator2.xml
----------------- Instantiating /home/travis/build/icyphy/ptII/ptolemy/actor/lib/test/auto/Commutator2.xml
2 ms. Memory: 445440K Free: 260863K (59%)
----------------- Invoking toplevel() on ptolemy.moml.MoMLSimpleApplication@63b452a5
----------------- Done invoking toplevel() on ptolemy.moml.MoMLSimpleApplication@63b452a5
reloadAllAccessors: .Commutator2

===========================================================================================
----------------- testing Wed Feb 12 07:01:58 UTC 2020 /home/travis/build/icyphy/ptII/ptolemy/actor/lib/test/auto/Commutator3.xml
----------------- Instantiating /home/travis/build/icyphy/ptII/ptolemy/actor/lib/test/auto/Commutator3.xml
2 ms. Memory: 445440K Free: 256767K (58%)
----------------- Invoking toplevel() on ptolemy.moml.MoMLSimpleApplication@5c7f896c
----------------- Done invoking toplevel() on ptolemy.moml.MoMLSimpleApplication@5c7f896c
reloadAllAccessors: .Commutator3

===========================================================================================
----------------- testing Wed Feb 12 07:01:59 UTC 2020 /home/travis/build/icyphy/ptII/ptolemy/actor/lib/test/auto/Compare.xml
----------------- Instantiating /home/travis/build/icyphy/ptII/ptolemy/actor/lib/test/auto/Compare.xml
3 ms. Memory: 445440K Free: 250109K (56%)
----------------- Invoking toplevel() on ptolemy.moml.MoMLSimpleApplication@132179d
----------------- Done invoking toplevel() on ptolemy.moml.MoMLSimpleApplication@132179d
reloadAllAccessors: .Compare

===========================================================================================
----------------- testing Wed Feb 12 07:01:59 UTC 2020 /home/travis/build/icyphy/ptII/ptolemy/actor/lib/test/auto/CompareDE.xml
----------------- Instantiating /home/travis/build/icyphy/ptII/ptolemy/actor/lib/test/auto/CompareDE.xml
5 ms. Memory: 445440K Free: 243455K (55%)
----------------- Invoking toplevel() on ptolemy.moml.MoMLSimpleApplication@195536
----------------- Done invoking toplevel() on ptolemy.moml.MoMLSimpleApplication@195536
reloadAllAccessors: .CompareDE

===========================================================================================
----------------- testing Wed Feb 12 07:01:59 UTC 2020 /home/travis/build/icyphy/ptII/ptolemy/actor/lib/test/auto/ComplexDivide.xml
----------------- Instantiating /home/travis/build/icyphy/ptII/ptolemy/actor/lib/test/auto/ComplexDivide.xml
2 ms. Memory: 445440K Free: 239359K (54%)
----------------- Invoking toplevel() on ptolemy.moml.MoMLSimpleApplication@d6057a7
----------------- Done invoking toplevel() on ptolemy.moml.MoMLSimpleApplication@d6057a7
reloadAllAccessors: .ComplexDivide

===========================================================================================
----------------- testing Wed Feb 12 07:01:59 UTC 2020 /home/travis/build/icyphy/ptII/ptolemy/actor/lib/test/auto/ComputeHistogram.xml
----------------- Instantiating /home/travis/build/icyphy/ptII/ptolemy/actor/lib/test/auto/ComputeHistogram.xml
36 ms. Memory: 445440K Free: 227071K (51%)
----------------- Invoking toplevel() on ptolemy.moml.MoMLSimpleApplication@385c0b57
----------------- Done invoking toplevel() on ptolemy.moml.MoMLSimpleApplication@385c0b57
reloadAllAccessors: .ComputeHistogram

===========================================================================================
----------------- testing Wed Feb 12 07:01:59 UTC 2020 /home/travis/build/icyphy/ptII/ptolemy/actor/lib/test/auto/ConfigurationSelect.xml
----------------- Instantiating /home/travis/build/icyphy/ptII/ptolemy/actor/lib/test/auto/ConfigurationSelect.xml
9 ms. Memory: 445440K Free: 221431K (50%)
----------------- Invoking toplevel() on ptolemy.moml.MoMLSimpleApplication@5add6b24
----------------- Done invoking toplevel() on ptolemy.moml.MoMLSimpleApplication@5add6b24
reloadAllAccessors: .ConfigurationSelect

===========================================================================================
----------------- testing Wed Feb 12 07:01:59 UTC 2020 /home/travis/build/icyphy/ptII/ptolemy/actor/lib/test/auto/ConfigurationSelect2.xml
----------------- Instantiating /home/travis/build/icyphy/ptII/ptolemy/actor/lib/test/auto/ConfigurationSelect2.xml
2 ms. Memory: 445440K Free: 216831K (49%)
----------------- Invoking toplevel() on ptolemy.moml.MoMLSimpleApplication@6a422613
----------------- Done invoking toplevel() on ptolemy.moml.MoMLSimpleApplication@6a422613
reloadAllAccessors: .ConfigurationSelect2

===========================================================================================
----------------- testing Wed Feb 12 07:01:59 UTC 2020 /home/travis/build/icyphy/ptII/ptolemy/actor/lib/test/auto/ConfigurationSwitch.xml
----------------- Instantiating /home/travis/build/icyphy/ptII/ptolemy/actor/lib/test/auto/ConfigurationSwitch.xml
2 ms. Memory: 445440K Free: 211711K (48%)
----------------- Invoking toplevel() on ptolemy.moml.MoMLSimpleApplication@42987475
----------------- Done invoking toplevel() on ptolemy.moml.MoMLSimpleApplication@42987475
reloadAllAccessors: .ConfigurationSwitch

===========================================================================================
----------------- testing Wed Feb 12 07:01:59 UTC 2020 /home/travis/build/icyphy/ptII/ptolemy/actor/lib/test/auto/ConfigurationSwitch2.xml
----------------- Instantiating /home/travis/build/icyphy/ptII/ptolemy/actor/lib/test/auto/ConfigurationSwitch2.xml
3 ms. Memory: 445440K Free: 206077K (46%)
----------------- Invoking toplevel() on ptolemy.moml.MoMLSimpleApplication@1ea3ff5f
----------------- Done invoking toplevel() on ptolemy.moml.MoMLSimpleApplication@1ea3ff5f
reloadAllAccessors: .ConfigurationSwitch2

===========================================================================================
----------------- testing Wed Feb 12 07:01:59 UTC 2020 /home/travis/build/icyphy/ptII/ptolemy/actor/lib/test/auto/ConfigurationSwitchCloningBugWithClassRelationGroup.xml
----------------- Instantiating /home/travis/build/icyphy/ptII/ptolemy/actor/lib/test/auto/ConfigurationSwitchCloningBugWithClassRelationGroup.xml
1 ms. Memory: 445440K Free: 199933K (45%)
----------------- Invoking toplevel() on ptolemy.moml.MoMLSimpleApplication@7e216b00
----------------- Done invoking toplevel() on ptolemy.moml.MoMLSimpleApplication@7e216b00
reloadAllAccessors: .ConfigurationSwitchCloningBugWithClassRelationGroup

===========================================================================================
----------------- testing Wed Feb 12 07:01:59 UTC 2020 /home/travis/build/icyphy/ptII/ptolemy/actor/lib/test/auto/ConfigurationSwitchSelectSDF.xml
----------------- Instantiating /home/travis/build/icyphy/ptII/ptolemy/actor/lib/test/auto/ConfigurationSwitchSelectSDF.xml
4 ms. Memory: 445440K Free: 194303K (44%)
----------------- Invoking toplevel() on ptolemy.moml.MoMLSimpleApplication@2cec947a
----------------- Done invoking toplevel() on ptolemy.moml.MoMLSimpleApplication@2cec947a
reloadAllAccessors: .ConfigurationSwitchSelectSDF

===========================================================================================
----------------- testing Wed Feb 12 07:01:59 UTC 2020 /home/travis/build/icyphy/ptII/ptolemy/actor/lib/test/auto/ConfigurationSwitchSelectSDF2.xml
----------------- Instantiating /home/travis/build/icyphy/ptII/ptolemy/actor/lib/test/auto/ConfigurationSwitchSelectSDF2.xml
2 ms. Memory: 445440K Free: 188159K (42%)
----------------- Invoking toplevel() on ptolemy.moml.MoMLSimpleApplication@18b2d76f
----------------- Done invoking toplevel() on ptolemy.moml.MoMLSimpleApplication@18b2d76f
reloadAllAccessors: .ConfigurationSwitchSelectSDF2

===========================================================================================
----------------- testing Wed Feb 12 07:01:59 UTC 2020 /home/travis/build/icyphy/ptII/ptolemy/actor/lib/test/auto/Const.xml
----------------- Instantiating /home/travis/build/icyphy/ptII/ptolemy/actor/lib/test/auto/Const.xml
1 ms. Memory: 445440K Free: 185087K (42%)
----------------- Invoking toplevel() on ptolemy.moml.MoMLSimpleApplication@6ce77b7f
----------------- Done invoking toplevel() on ptolemy.moml.MoMLSimpleApplication@6ce77b7f
reloadAllAccessors: .Const

===========================================================================================
----------------- testing Wed Feb 12 07:01:59 UTC 2020 /home/travis/build/icyphy/ptII/ptolemy/actor/lib/test/auto/Const2.xml
----------------- Instantiating /home/travis/build/icyphy/ptII/ptolemy/actor/lib/test/auto/Const2.xml
1 ms. Memory: 445440K Free: 180991K (41%)
----------------- Invoking toplevel() on ptolemy.moml.MoMLSimpleApplication@77577b8e
----------------- Done invoking toplevel() on ptolemy.moml.MoMLSimpleApplication@77577b8e
reloadAllAccessors: .Const2

===========================================================================================
----------------- testing Wed Feb 12 07:01:59 UTC 2020 /home/travis/build/icyphy/ptII/ptolemy/actor/lib/test/auto/Const3.xml
----------------- Instantiating /home/travis/build/icyphy/ptII/ptolemy/actor/lib/test/auto/Const3.xml
0 ms. Memory: 445440K Free: 178429K (40%)
----------------- Invoking toplevel() on ptolemy.moml.MoMLSimpleApplication@62b7b1da
----------------- Done invoking toplevel() on ptolemy.moml.MoMLSimpleApplication@62b7b1da
reloadAllAccessors: .Const3

===========================================================================================
----------------- testing Wed Feb 12 07:01:59 UTC 2020 /home/travis/build/icyphy/ptII/ptolemy/actor/lib/test/auto/ConstantPublisherPort1.xml
----------------- Instantiating /home/travis/build/icyphy/ptII/ptolemy/actor/lib/test/auto/ConstantPublisherPort1.xml
6 ms. Memory: 445440K Free: 169727K (38%)
----------------- Invoking toplevel() on ptolemy.moml.MoMLSimpleApplication@514a1606
----------------- Done invoking toplevel() on ptolemy.moml.MoMLSimpleApplication@514a1606
reloadAllAccessors: .ConstantPublisherPort1

===========================================================================================
----------------- testing Wed Feb 12 07:01:59 UTC 2020 /home/travis/build/icyphy/ptII/ptolemy/actor/lib/test/auto/ConstantPublisherPort2.xml
----------------- Instantiating /home/travis/build/icyphy/ptII/ptolemy/actor/lib/test/auto/ConstantPublisherPort2.xml
10 ms. Memory: 445440K Free: 162559K (36%)
----------------- Invoking toplevel() on ptolemy.moml.MoMLSimpleApplication@578902b4
----------------- Done invoking toplevel() on ptolemy.moml.MoMLSimpleApplication@578902b4
reloadAllAccessors: .ConstantPublisherPort2

===========================================================================================
----------------- testing Wed Feb 12 07:01:59 UTC 2020 /home/travis/build/icyphy/ptII/ptolemy/actor/lib/test/auto/ConstantPublisherPort3.xml
----------------- Instantiating /home/travis/build/icyphy/ptII/ptolemy/actor/lib/test/auto/ConstantPublisherPort3.xml
5 ms. Memory: 445440K Free: 154877K (35%)
----------------- Invoking toplevel() on ptolemy.moml.MoMLSimpleApplication@1ca8105d
----------------- Done invoking toplevel() on ptolemy.moml.MoMLSimpleApplication@1ca8105d
reloadAllAccessors: .ConstantPublisherPort3

===========================================================================================
----------------- testing Wed Feb 12 07:01:59 UTC 2020 /home/travis/build/icyphy/ptII/ptolemy/actor/lib/test/auto/ConstantPublisherPort4.xml
----------------- Instantiating /home/travis/build/icyphy/ptII/ptolemy/actor/lib/test/auto/ConstantPublisherPort4.xml
2 ms. Memory: 445440K Free: 147695K (33%)
----------------- Invoking toplevel() on ptolemy.moml.MoMLSimpleApplication@71d7eba5
----------------- Done invoking toplevel() on ptolemy.moml.MoMLSimpleApplication@71d7eba5
reloadAllAccessors: .ConstantPublisherPort4

===========================================================================================
----------------- testing Wed Feb 12 07:01:59 UTC 2020 /home/travis/build/icyphy/ptII/ptolemy/actor/lib/test/auto/ConstantPublisherPort5.xml
----------------- Instantiating /home/travis/build/icyphy/ptII/ptolemy/actor/lib/test/auto/ConstantPublisherPort5.xml
30 ms. Memory: 445440K Free: 138493K (31%)
----------------- Invoking toplevel() on ptolemy.moml.MoMLSimpleApplication@2cd69a79
----------------- Done invoking toplevel() on ptolemy.moml.MoMLSimpleApplication@2cd69a79
reloadAllAccessors: .ConstantPublisherPort5

===========================================================================================
----------------- testing Wed Feb 12 07:01:59 UTC 2020 /home/travis/build/icyphy/ptII/ptolemy/actor/lib/test/auto/ConstantPublisherPort6.xml
----------------- Instantiating /home/travis/build/icyphy/ptII/ptolemy/actor/lib/test/auto/ConstantPublisherPort6.xml
21 ms. Memory: 445440K Free: 393700K (88%)
----------------- Invoking toplevel() on ptolemy.moml.MoMLSimpleApplication@7785105b
----------------- Done invoking toplevel() on ptolemy.moml.MoMLSimpleApplication@7785105b
reloadAllAccessors: .ConstantPublisherPort6

===========================================================================================
----------------- testing Wed Feb 12 07:01:59 UTC 2020 /home/travis/build/icyphy/ptII/ptolemy/actor/lib/test/auto/ConstantPublisherPort7.xml
----------------- Instantiating /home/travis/build/icyphy/ptII/ptolemy/actor/lib/test/auto/ConstantPublisherPort7.xml
18 ms. Memory: 445440K Free: 383718K (86%)
----------------- Invoking toplevel() on ptolemy.moml.MoMLSimpleApplication@2b8d5706
----------------- Done invoking toplevel() on ptolemy.moml.MoMLSimpleApplication@2b8d5706
reloadAllAccessors: .ConstantPublisherPort7

===========================================================================================
----------------- testing Wed Feb 12 07:01:59 UTC 2020 /home/travis/build/icyphy/ptII/ptolemy/actor/lib/test/auto/ConstraintMonitor1.xml
----------------- Instantiating /home/travis/build/icyphy/ptII/ptolemy/actor/lib/test/auto/ConstraintMonitor1.xml
3 ms. Memory: 445440K Free: 378598K (85%)
----------------- Invoking toplevel() on ptolemy.moml.MoMLSimpleApplication@376994fa
----------------- Done invoking toplevel() on ptolemy.moml.MoMLSimpleApplication@376994fa
reloadAllAccessors: .ConstraintMonitor1

===========================================================================================
----------------- testing Wed Feb 12 07:01:59 UTC 2020 /home/travis/build/icyphy/ptII/ptolemy/actor/lib/test/auto/ConstraintMonitor2.xml
----------------- Instantiating /home/travis/build/icyphy/ptII/ptolemy/actor/lib/test/auto/ConstraintMonitor2.xml
4 ms. Memory: 445440K Free: 373988K (84%)
----------------- Invoking toplevel() on ptolemy.moml.MoMLSimpleApplication@51101e7f
----------------- Done invoking toplevel() on ptolemy.moml.MoMLSimpleApplication@51101e7f
reloadAllAccessors: .ConstraintMonitor2

===========================================================================================
----------------- testing Wed Feb 12 07:01:59 UTC 2020 /home/travis/build/icyphy/ptII/ptolemy/actor/lib/test/auto/ConstraintMonitor3.xml
----------------- Instantiating /home/travis/build/icyphy/ptII/ptolemy/actor/lib/test/auto/ConstraintMonitor3.xml
1 ms. Memory: 445440K Free: 369382K (83%)
----------------- Invoking toplevel() on ptolemy.moml.MoMLSimpleApplication@55cd35e3
----------------- Done invoking toplevel() on ptolemy.moml.MoMLSimpleApplication@55cd35e3
reloadAllAccessors: .ConstraintMonitor3

===========================================================================================
----------------- testing Wed Feb 12 07:01:59 UTC 2020 /home/travis/build/icyphy/ptII/ptolemy/actor/lib/test/auto/ConstraintMonitor4.xml
----------------- Instantiating /home/travis/build/icyphy/ptII/ptolemy/actor/lib/test/auto/ConstraintMonitor4.xml
3 ms. Memory: 445440K Free: 364262K (82%)
----------------- Invoking toplevel() on ptolemy.moml.MoMLSimpleApplication@25de03a6
----------------- Done invoking toplevel() on ptolemy.moml.MoMLSimpleApplication@25de03a6
reloadAllAccessors: .ConstraintMonitor4

===========================================================================================
----------------- testing Wed Feb 12 07:01:59 UTC 2020 /home/travis/build/icyphy/ptII/ptolemy/actor/lib/test/auto/ConstraintMonitor5.xml
----------------- Instantiating /home/travis/build/icyphy/ptII/ptolemy/actor/lib/test/auto/ConstraintMonitor5.xml
3 ms. Memory: 445440K Free: 359652K (81%)
----------------- Invoking toplevel() on ptolemy.moml.MoMLSimpleApplication@730eb610
----------------- Done invoking toplevel() on ptolemy.moml.MoMLSimpleApplication@730eb610
reloadAllAccessors: .ConstraintMonitor5

===========================================================================================
----------------- testing Wed Feb 12 07:01:59 UTC 2020 /home/travis/build/icyphy/ptII/ptolemy/actor/lib/test/auto/ConstraintMonitor6.xml
----------------- Instantiating /home/travis/build/icyphy/ptII/ptolemy/actor/lib/test/auto/ConstraintMonitor6.xml
5 ms. Memory: 445440K Free: 352998K (79%)
----------------- Invoking toplevel() on ptolemy.moml.MoMLSimpleApplication@301ae922
----------------- Done invoking toplevel() on ptolemy.moml.MoMLSimpleApplication@301ae922
reloadAllAccessors: .ConstraintMonitor6

===========================================================================================
----------------- testing Wed Feb 12 07:01:59 UTC 2020 /home/travis/build/icyphy/ptII/ptolemy/actor/lib/test/auto/ConstraintMonitor7.xml
----------------- Instantiating /home/travis/build/icyphy/ptII/ptolemy/actor/lib/test/auto/ConstraintMonitor7.xml
5 ms. Memory: 445440K Free: 346334K (78%)
----------------- Invoking toplevel() on ptolemy.moml.MoMLSimpleApplication@4ec2f84e
----------------- Done invoking toplevel() on ptolemy.moml.MoMLSimpleApplication@4ec2f84e
reloadAllAccessors: .ConstraintMonitor7

===========================================================================================
----------------- testing Wed Feb 12 07:01:59 UTC 2020 /home/travis/build/icyphy/ptII/ptolemy/actor/lib/test/auto/ConstraintMonitor8.xml
----------------- Instantiating /home/travis/build/icyphy/ptII/ptolemy/actor/lib/test/auto/ConstraintMonitor8.xml
8 ms. Memory: 445440K Free: 339172K (76%)
----------------- Invoking toplevel() on ptolemy.moml.MoMLSimpleApplication@7d5c738b
----------------- Done invoking toplevel() on ptolemy.moml.MoMLSimpleApplication@7d5c738b
reloadAllAccessors: .ConstraintMonitor8

===========================================================================================
----------------- testing Wed Feb 12 07:01:59 UTC 2020 /home/travis/build/icyphy/ptII/ptolemy/actor/lib/test/auto/Counter.xml
----------------- Instantiating /home/travis/build/icyphy/ptII/ptolemy/actor/lib/test/auto/Counter.xml
2 ms. Memory: 445440K Free: 334052K (75%)
----------------- Invoking toplevel() on ptolemy.moml.MoMLSimpleApplication@8e0dfc3
----------------- Done invoking toplevel() on ptolemy.moml.MoMLSimpleApplication@8e0dfc3
reloadAllAccessors: .Counter

===========================================================================================
----------------- testing Wed Feb 12 07:01:59 UTC 2020 /home/travis/build/icyphy/ptII/ptolemy/actor/lib/test/auto/CurrentTimeSDF.xml
----------------- Instantiating /home/travis/build/icyphy/ptII/ptolemy/actor/lib/test/auto/CurrentTimeSDF.xml
1 ms. Memory: 445440K Free: 330470K (74%)
----------------- Invoking toplevel() on ptolemy.moml.MoMLSimpleApplication@70be97c8
----------------- Done invoking toplevel() on ptolemy.moml.MoMLSimpleApplication@70be97c8
reloadAllAccessors: .CurrentTimeSDF

===========================================================================================
----------------- testing Wed Feb 12 07:01:59 UTC 2020 /home/travis/build/icyphy/ptII/ptolemy/actor/lib/test/auto/DB.xml
----------------- Instantiating /home/travis/build/icyphy/ptII/ptolemy/actor/lib/test/auto/DB.xml
2 ms. Memory: 445440K Free: 324836K (73%)
----------------- Invoking toplevel() on ptolemy.moml.MoMLSimpleApplication@72c16682
----------------- Done invoking toplevel() on ptolemy.moml.MoMLSimpleApplication@72c16682
reloadAllAccessors: .DB

===========================================================================================
----------------- testing Wed Feb 12 07:01:59 UTC 2020 /home/travis/build/icyphy/ptII/ptolemy/actor/lib/test/auto/DBDE.xml
----------------- Instantiating /home/travis/build/icyphy/ptII/ptolemy/actor/lib/test/auto/DBDE.xml
1 ms. Memory: 445440K Free: 318686K (72%)
----------------- Invoking toplevel() on ptolemy.moml.MoMLSimpleApplication@2b2ad3ca
----------------- Done invoking toplevel() on ptolemy.moml.MoMLSimpleApplication@2b2ad3ca
reloadAllAccessors: .DBDE

===========================================================================================
----------------- testing Wed Feb 12 07:01:59 UTC 2020 /home/travis/build/icyphy/ptII/ptolemy/actor/lib/test/auto/DateConstructor.xml
----------------- Instantiating /home/travis/build/icyphy/ptII/ptolemy/actor/lib/test/auto/DateConstructor.xml
27 ms. Memory: 445440K Free: 301284K (68%)
----------------- Invoking toplevel() on ptolemy.moml.MoMLSimpleApplication@529ec542
----------------- Done invoking toplevel() on ptolemy.moml.MoMLSimpleApplication@529ec542
reloadAllAccessors: .DateConstructor

===========================================================================================
----------------- testing Wed Feb 12 07:01:59 UTC 2020 /home/travis/build/icyphy/ptII/ptolemy/actor/lib/test/auto/DelayTime.xml
----------------- Instantiating /home/travis/build/icyphy/ptII/ptolemy/actor/lib/test/auto/DelayTime.xml
5 ms. Memory: 445440K Free: 296164K (66%)
----------------- Invoking toplevel() on ptolemy.moml.MoMLSimpleApplication@125c46df
----------------- Done invoking toplevel() on ptolemy.moml.MoMLSimpleApplication@125c46df
reloadAllAccessors: .DelayTime

===========================================================================================
----------------- testing Wed Feb 12 07:01:59 UTC 2020 /home/travis/build/icyphy/ptII/ptolemy/actor/lib/test/auto/Dictionary1.xml
----------------- Instantiating /home/travis/build/icyphy/ptII/ptolemy/actor/lib/test/auto/Dictionary1.xml
2 ms. Memory: 445440K Free: 290534K (65%)
----------------- Invoking toplevel() on ptolemy.moml.MoMLSimpleApplication@47538c40
----------------- Done invoking toplevel() on ptolemy.moml.MoMLSimpleApplication@47538c40
reloadAllAccessors: .Dictionary1

===========================================================================================
----------------- testing Wed Feb 12 07:01:59 UTC 2020 /home/travis/build/icyphy/ptII/ptolemy/actor/lib/test/auto/Dictionary2.xml
----------------- Instantiating /home/travis/build/icyphy/ptII/ptolemy/actor/lib/test/auto/Dictionary2.xml
4 ms. Memory: 445440K Free: 284900K (64%)
----------------- Invoking toplevel() on ptolemy.moml.MoMLSimpleApplication@7b7128d7
----------------- Done invoking toplevel() on ptolemy.moml.MoMLSimpleApplication@7b7128d7
reloadAllAccessors: .Dictionary2

===========================================================================================
----------------- testing Wed Feb 12 07:01:59 UTC 2020 /home/travis/build/icyphy/ptII/ptolemy/actor/lib/test/auto/Dictionary3.xml
----------------- Instantiating /home/travis/build/icyphy/ptII/ptolemy/actor/lib/test/auto/Dictionary3.xml
1 ms. Memory: 445440K Free: 279780K (63%)
----------------- Invoking toplevel() on ptolemy.moml.MoMLSimpleApplication@2e0bed6e
----------------- Done invoking toplevel() on ptolemy.moml.MoMLSimpleApplication@2e0bed6e
reloadAllAccessors: .Dictionary3

===========================================================================================
----------------- testing Wed Feb 12 07:02:00 UTC 2020 /home/travis/build/icyphy/ptII/ptolemy/actor/lib/test/auto/Dictionary4.xml
----------------- Instantiating /home/travis/build/icyphy/ptII/ptolemy/actor/lib/test/auto/Dictionary4.xml
3 ms. Memory: 445440K Free: 272612K (61%)
----------------- Invoking toplevel() on ptolemy.moml.MoMLSimpleApplication@62ead0de
----------------- Done invoking toplevel() on ptolemy.moml.MoMLSimpleApplication@62ead0de
reloadAllAccessors: .Dictionary4

===========================================================================================
----------------- testing Wed Feb 12 07:02:00 UTC 2020 /home/travis/build/icyphy/ptII/ptolemy/actor/lib/test/auto/Differential.xml
----------------- Instantiating /home/travis/build/icyphy/ptII/ptolemy/actor/lib/test/auto/Differential.xml
2 ms. Memory: 445440K Free: 268006K (60%)
----------------- Invoking toplevel() on ptolemy.moml.MoMLSimpleApplication@528fb03e
----------------- Done invoking toplevel() on ptolemy.moml.MoMLSimpleApplication@528fb03e
reloadAllAccessors: .Differential

===========================================================================================
----------------- testing Wed Feb 12 07:02:00 UTC 2020 /home/travis/build/icyphy/ptII/ptolemy/actor/lib/test/auto/Director.xml
----------------- Instantiating /home/travis/build/icyphy/ptII/ptolemy/actor/lib/test/auto/Director.xml
2 ms. Memory: 445440K Free: 264934K (59%)
----------------- Invoking toplevel() on ptolemy.moml.MoMLSimpleApplication@3ee4b1be
----------------- Done invoking toplevel() on ptolemy.moml.MoMLSimpleApplication@3ee4b1be
reloadAllAccessors: .Director

===========================================================================================
----------------- testing Wed Feb 12 07:02:00 UTC 2020 /home/travis/build/icyphy/ptII/ptolemy/actor/lib/test/auto/DiscreteClock.xml
----------------- Instantiating /home/travis/build/icyphy/ptII/ptolemy/actor/lib/test/auto/DiscreteClock.xml
1 ms. Memory: 445440K Free: 260838K (59%)
----------------- Invoking toplevel() on ptolemy.moml.MoMLSimpleApplication@58a3c1f0
----------------- Done invoking toplevel() on ptolemy.moml.MoMLSimpleApplication@58a3c1f0
reloadAllAccessors: .DiscreteClock

===========================================================================================
----------------- testing Wed Feb 12 07:02:00 UTC 2020 /home/travis/build/icyphy/ptII/ptolemy/actor/lib/test/auto/DiscreteClock10.xml
----------------- Instantiating /home/travis/build/icyphy/ptII/ptolemy/actor/lib/test/auto/DiscreteClock10.xml
2 ms. Memory: 445440K Free: 254694K (57%)
----------------- Invoking toplevel() on ptolemy.moml.MoMLSimpleApplication@42711d02
----------------- Done invoking toplevel() on ptolemy.moml.MoMLSimpleApplication@42711d02
reloadAllAccessors: .DiscreteClock10

===========================================================================================
----------------- testing Wed Feb 12 07:02:00 UTC 2020 /home/travis/build/icyphy/ptII/ptolemy/actor/lib/test/auto/DiscreteClock11.xml
----------------- Instantiating /home/travis/build/icyphy/ptII/ptolemy/actor/lib/test/auto/DiscreteClock11.xml
2 ms. Memory: 445440K Free: 248550K (56%)
----------------- Invoking toplevel() on ptolemy.moml.MoMLSimpleApplication@408ff7ae
----------------- Done invoking toplevel() on ptolemy.moml.MoMLSimpleApplication@408ff7ae
reloadAllAccessors: .DiscreteClock11

===========================================================================================
----------------- testing Wed Feb 12 07:02:00 UTC 2020 /home/travis/build/icyphy/ptII/ptolemy/actor/lib/test/auto/DiscreteClock12.xml
----------------- Instantiating /home/travis/build/icyphy/ptII/ptolemy/actor/lib/test/auto/DiscreteClock12.xml
2 ms. Memory: 445440K Free: 242916K (55%)
----------------- Invoking toplevel() on ptolemy.moml.MoMLSimpleApplication@600e54ca
----------------- Done invoking toplevel() on ptolemy.moml.MoMLSimpleApplication@600e54ca
reloadAllAccessors: .DiscreteClock12

===========================================================================================
----------------- testing Wed Feb 12 07:02:00 UTC 2020 /home/travis/build/icyphy/ptII/ptolemy/actor/lib/test/auto/DiscreteClock13.xml
----------------- Instantiating /home/travis/build/icyphy/ptII/ptolemy/actor/lib/test/auto/DiscreteClock13.xml
3 ms. Memory: 445440K Free: 236766K (53%)
----------------- Invoking toplevel() on ptolemy.moml.MoMLSimpleApplication@bc0c2c
----------------- Done invoking toplevel() on ptolemy.moml.MoMLSimpleApplication@bc0c2c
reloadAllAccessors: .DiscreteClock13

===========================================================================================
----------------- testing Wed Feb 12 07:02:00 UTC 2020 /home/travis/build/icyphy/ptII/ptolemy/actor/lib/test/auto/DiscreteClock14.xml
----------------- Instantiating /home/travis/build/icyphy/ptII/ptolemy/actor/lib/test/auto/DiscreteClock14.xml
5 ms. Memory: 445440K Free: 230598K (52%)
----------------- Invoking toplevel() on ptolemy.moml.MoMLSimpleApplication@591e80b1
----------------- Done invoking toplevel() on ptolemy.moml.MoMLSimpleApplication@591e80b1
reloadAllAccessors: .DiscreteClock14

===========================================================================================
----------------- testing Wed Feb 12 07:02:00 UTC 2020 /home/travis/build/icyphy/ptII/ptolemy/actor/lib/test/auto/DiscreteClock15.xml
----------------- Instantiating /home/travis/build/icyphy/ptII/ptolemy/actor/lib/test/auto/DiscreteClock15.xml
5 ms. Memory: 445440K Free: 224454K (50%)
----------------- Invoking toplevel() on ptolemy.moml.MoMLSimpleApplication@266ba160
----------------- Done invoking toplevel() on ptolemy.moml.MoMLSimpleApplication@266ba160
reloadAllAccessors: .DiscreteClock15

===========================================================================================
----------------- testing Wed Feb 12 07:02:00 UTC 2020 /home/travis/build/icyphy/ptII/ptolemy/actor/lib/test/auto/DiscreteClock16.xml
----------------- Instantiating /home/travis/build/icyphy/ptII/ptolemy/actor/lib/test/auto/DiscreteClock16.xml
16 ms. Memory: 445440K Free: 211158K (47%)
----------------- Invoking toplevel() on ptolemy.moml.MoMLSimpleApplication@1f4e958c
----------------- Done invoking toplevel() on ptolemy.moml.MoMLSimpleApplication@1f4e958c
reloadAllAccessors: .DiscreteClock16

===========================================================================================
----------------- testing Wed Feb 12 07:02:00 UTC 2020 /home/travis/build/icyphy/ptII/ptolemy/actor/lib/test/auto/DiscreteClock17.xml
----------------- Instantiating /home/travis/build/icyphy/ptII/ptolemy/actor/lib/test/auto/DiscreteClock17.xml
15 ms. Memory: 445440K Free: 196326K (44%)
----------------- Invoking toplevel() on ptolemy.moml.MoMLSimpleApplication@29830b5c
----------------- Done invoking toplevel() on ptolemy.moml.MoMLSimpleApplication@29830b5c
reloadAllAccessors: .DiscreteClock17

===========================================================================================
----------------- testing Wed Feb 12 07:02:00 UTC 2020 /home/travis/build/icyphy/ptII/ptolemy/actor/lib/test/auto/DiscreteClock18.xml
----------------- Instantiating /home/travis/build/icyphy/ptII/ptolemy/actor/lib/test/auto/DiscreteClock18.xml
19 ms. Memory: 445440K Free: 182500K (41%)
----------------- Invoking toplevel() on ptolemy.moml.MoMLSimpleApplication@755b32
----------------- Done invoking toplevel() on ptolemy.moml.MoMLSimpleApplication@755b32
reloadAllAccessors: .DiscreteClock18

===========================================================================================
----------------- testing Wed Feb 12 07:02:00 UTC 2020 /home/travis/build/icyphy/ptII/ptolemy/actor/lib/test/auto/DiscreteClock19.xml
----------------- Instantiating /home/travis/build/icyphy/ptII/ptolemy/actor/lib/test/auto/DiscreteClock19.xml
16 ms. Memory: 445440K Free: 168678K (38%)
----------------- Invoking toplevel() on ptolemy.moml.MoMLSimpleApplication@73c78b83
----------------- Done invoking toplevel() on ptolemy.moml.MoMLSimpleApplication@73c78b83
reloadAllAccessors: .DiscreteClock19

===========================================================================================
----------------- testing Wed Feb 12 07:02:00 UTC 2020 /home/travis/build/icyphy/ptII/ptolemy/actor/lib/test/auto/DiscreteClock2.xml
----------------- Instantiating /home/travis/build/icyphy/ptII/ptolemy/actor/lib/test/auto/DiscreteClock2.xml
1 ms. Memory: 445440K Free: 164038K (37%)
----------------- Invoking toplevel() on ptolemy.moml.MoMLSimpleApplication@7b9da572
----------------- Done invoking toplevel() on ptolemy.moml.MoMLSimpleApplication@7b9da572
reloadAllAccessors: .DiscreteClock2

===========================================================================================
----------------- testing Wed Feb 12 07:02:00 UTC 2020 /home/travis/build/icyphy/ptII/ptolemy/actor/lib/test/auto/DiscreteClock20.xml
----------------- Instantiating /home/travis/build/icyphy/ptII/ptolemy/actor/lib/test/auto/DiscreteClock20.xml
5 ms. Memory: 445440K Free: 158438K (36%)
----------------- Invoking toplevel() on ptolemy.moml.MoMLSimpleApplication@38aba302
----------------- Done invoking toplevel() on ptolemy.moml.MoMLSimpleApplication@38aba302
reloadAllAccessors: .DiscreteClock20

===========================================================================================
----------------- testing Wed Feb 12 07:02:00 UTC 2020 /home/travis/build/icyphy/ptII/ptolemy/actor/lib/test/auto/DiscreteClock21.xml
----------------- Instantiating /home/travis/build/icyphy/ptII/ptolemy/actor/lib/test/auto/DiscreteClock21.xml
3 ms. Memory: 445440K Free: 152804K (34%)
----------------- Invoking toplevel() on ptolemy.moml.MoMLSimpleApplication@536af5e1
----------------- Done invoking toplevel() on ptolemy.moml.MoMLSimpleApplication@536af5e1
reloadAllAccessors: .DiscreteClock21

===========================================================================================
----------------- testing Wed Feb 12 07:02:00 UTC 2020 /home/travis/build/icyphy/ptII/ptolemy/actor/lib/test/auto/DiscreteClock22.xml
----------------- Instantiating /home/travis/build/icyphy/ptII/ptolemy/actor/lib/test/auto/DiscreteClock22.xml
3 ms. Memory: 445440K Free: 147174K (33%)
----------------- Invoking toplevel() on ptolemy.moml.MoMLSimpleApplication@7af93435
----------------- Done invoking toplevel() on ptolemy.moml.MoMLSimpleApplication@7af93435
reloadAllAccessors: .DiscreteClock22

===========================================================================================
----------------- testing Wed Feb 12 07:02:00 UTC 2020 /home/travis/build/icyphy/ptII/ptolemy/actor/lib/test/auto/DiscreteClock23.xml
----------------- Instantiating /home/travis/build/icyphy/ptII/ptolemy/actor/lib/test/auto/DiscreteClock23.xml
6 ms. Memory: 445440K Free: 142054K (32%)
----------------- Invoking toplevel() on ptolemy.moml.MoMLSimpleApplication@72982177
----------------- Done invoking toplevel() on ptolemy.moml.MoMLSimpleApplication@72982177
reloadAllAccessors: .DiscreteClock23

===========================================================================================
----------------- testing Wed Feb 12 07:02:00 UTC 2020 /home/travis/build/icyphy/ptII/ptolemy/actor/lib/test/auto/DiscreteClock24.xml
----------------- Instantiating /home/travis/build/icyphy/ptII/ptolemy/actor/lib/test/auto/DiscreteClock24.xml
2 ms. Memory: 445440K Free: 136420K (31%)
----------------- Invoking toplevel() on ptolemy.moml.MoMLSimpleApplication@5b531f27
----------------- Done invoking toplevel() on ptolemy.moml.MoMLSimpleApplication@5b531f27
reloadAllAccessors: .DiscreteClock24

===========================================================================================
----------------- testing Wed Feb 12 07:02:00 UTC 2020 /home/travis/build/icyphy/ptII/ptolemy/actor/lib/test/auto/DiscreteClock4.xml
----------------- Instantiating /home/travis/build/icyphy/ptII/ptolemy/actor/lib/test/auto/DiscreteClock4.xml
11 ms. Memory: 445440K Free: 394672K (89%)
----------------- Invoking toplevel() on ptolemy.moml.MoMLSimpleApplication@66bd6ee2
----------------- Done invoking toplevel() on ptolemy.moml.MoMLSimpleApplication@66bd6ee2
reloadAllAccessors: .DiscreteClock4

===========================================================================================
----------------- testing Wed Feb 12 07:02:00 UTC 2020 /home/travis/build/icyphy/ptII/ptolemy/actor/lib/test/auto/DiscreteClock5.xml
----------------- Instantiating /home/travis/build/icyphy/ptII/ptolemy/actor/lib/test/auto/DiscreteClock5.xml
1 ms. Memory: 445440K Free: 388528K (87%)
----------------- Invoking toplevel() on ptolemy.moml.MoMLSimpleApplication@2a0fd7e9
----------------- Done invoking toplevel() on ptolemy.moml.MoMLSimpleApplication@2a0fd7e9
reloadAllAccessors: .DiscreteClock5

===========================================================================================
----------------- testing Wed Feb 12 07:02:00 UTC 2020 /home/travis/build/icyphy/ptII/ptolemy/actor/lib/test/auto/DiscreteClock6.xml
----------------- Instantiating /home/travis/build/icyphy/ptII/ptolemy/actor/lib/test/auto/DiscreteClock6.xml
1 ms. Memory: 445440K Free: 383918K (86%)
----------------- Invoking toplevel() on ptolemy.moml.MoMLSimpleApplication@4a813063
----------------- Done invoking toplevel() on ptolemy.moml.MoMLSimpleApplication@4a813063
reloadAllAccessors: .DiscreteClock6

===========================================================================================
----------------- testing Wed Feb 12 07:02:00 UTC 2020 /home/travis/build/icyphy/ptII/ptolemy/actor/lib/test/auto/DiscreteClock7.xml
----------------- Instantiating /home/travis/build/icyphy/ptII/ptolemy/actor/lib/test/auto/DiscreteClock7.xml
1 ms. Memory: 445440K Free: 379822K (85%)
----------------- Invoking toplevel() on ptolemy.moml.MoMLSimpleApplication@429282e8
----------------- Done invoking toplevel() on ptolemy.moml.MoMLSimpleApplication@429282e8
reloadAllAccessors: .DiscreteClock7

===========================================================================================
----------------- testing Wed Feb 12 07:02:00 UTC 2020 /home/travis/build/icyphy/ptII/ptolemy/actor/lib/test/auto/DiscreteClock8.xml
----------------- Instantiating /home/travis/build/icyphy/ptII/ptolemy/actor/lib/test/auto/DiscreteClock8.xml
4 ms. Memory: 445440K Free: 374192K (84%)
----------------- Invoking toplevel() on ptolemy.moml.MoMLSimpleApplication@ebc4d69
----------------- Done invoking toplevel() on ptolemy.moml.MoMLSimpleApplication@ebc4d69
reloadAllAccessors: .DiscreteClock8

===========================================================================================
----------------- testing Wed Feb 12 07:02:00 UTC 2020 /home/travis/build/icyphy/ptII/ptolemy/actor/lib/test/auto/DiscreteClock9.xml
----------------- Instantiating /home/travis/build/icyphy/ptII/ptolemy/actor/lib/test/auto/DiscreteClock9.xml
3 ms. Memory: 445440K Free: 368048K (83%)
----------------- Invoking toplevel() on ptolemy.moml.MoMLSimpleApplication@58e08258
----------------- Done invoking toplevel() on ptolemy.moml.MoMLSimpleApplication@58e08258
reloadAllAccessors: .DiscreteClock9

===========================================================================================
----------------- testing Wed Feb 12 07:02:00 UTC 2020 /home/travis/build/icyphy/ptII/ptolemy/actor/lib/test/auto/DisplayArray.xml
----------------- Instantiating /home/travis/build/icyphy/ptII/ptolemy/actor/lib/test/auto/DisplayArray.xml
1 ms. Memory: 445440K Free: 364462K (82%)
----------------- Invoking toplevel() on ptolemy.moml.MoMLSimpleApplication@a99bc00
----------------- Done invoking toplevel() on ptolemy.moml.MoMLSimpleApplication@a99bc00
reloadAllAccessors: .DisplayArray

===========================================================================================
----------------- testing Wed Feb 12 07:02:00 UTC 2020 /home/travis/build/icyphy/ptII/ptolemy/actor/lib/test/auto/Distributor.xml
----------------- Instantiating /home/travis/build/icyphy/ptII/ptolemy/actor/lib/test/auto/Distributor.xml
1 ms. Memory: 445440K Free: 359856K (81%)
----------------- Invoking toplevel() on ptolemy.moml.MoMLSimpleApplication@6302dad5
----------------- Done invoking toplevel() on ptolemy.moml.MoMLSimpleApplication@6302dad5
reloadAllAccessors: .Distributor

===========================================================================================
----------------- testing Wed Feb 12 07:02:00 UTC 2020 /home/travis/build/icyphy/ptII/ptolemy/actor/lib/test/auto/Distributor2.xml
----------------- Instantiating /home/travis/build/icyphy/ptII/ptolemy/actor/lib/test/auto/Distributor2.xml
1 ms. Memory: 445440K Free: 354736K (80%)
----------------- Invoking toplevel() on ptolemy.moml.MoMLSimpleApplication@542630f5
----------------- Done invoking toplevel() on ptolemy.moml.MoMLSimpleApplication@542630f5
reloadAllAccessors: .Distributor2

===========================================================================================
----------------- testing Wed Feb 12 07:02:00 UTC 2020 /home/travis/build/icyphy/ptII/ptolemy/actor/lib/test/auto/DownSample.xml
----------------- Instantiating /home/travis/build/icyphy/ptII/ptolemy/actor/lib/test/auto/DownSample.xml
2 ms. Memory: 445440K Free: 350126K (79%)
----------------- Invoking toplevel() on ptolemy.moml.MoMLSimpleApplication@148604fc
----------------- Done invoking toplevel() on ptolemy.moml.MoMLSimpleApplication@148604fc
reloadAllAccessors: .DownSample

===========================================================================================
----------------- testing Wed Feb 12 07:02:00 UTC 2020 /home/travis/build/icyphy/ptII/ptolemy/actor/lib/test/auto/ElectronicUnitBase1.xml
----------------- Instantiating /home/travis/build/icyphy/ptII/ptolemy/actor/lib/test/auto/ElectronicUnitBase1.xml
12 ms. Memory: 445440K Free: 334256K (75%)
----------------- Invoking toplevel() on ptolemy.moml.MoMLSimpleApplication@64f1b682
----------------- Done invoking toplevel() on ptolemy.moml.MoMLSimpleApplication@64f1b682
reloadAllAccessors: .ElectronicUnitBase1

===========================================================================================
----------------- testing Wed Feb 12 07:02:00 UTC 2020 /home/travis/build/icyphy/ptII/ptolemy/actor/lib/test/auto/ElementsToArray.xml
----------------- Instantiating /home/travis/build/icyphy/ptII/ptolemy/actor/lib/test/auto/ElementsToArray.xml
2 ms. Memory: 445440K Free: 328622K (74%)
----------------- Invoking toplevel() on ptolemy.moml.MoMLSimpleApplication@47ad999b
----------------- Done invoking toplevel() on ptolemy.moml.MoMLSimpleApplication@47ad999b
reloadAllAccessors: .ElementsToArray

===========================================================================================
----------------- testing Wed Feb 12 07:02:00 UTC 2020 /home/travis/build/icyphy/ptII/ptolemy/actor/lib/test/auto/Equals.xml
----------------- Instantiating /home/travis/build/icyphy/ptII/ptolemy/actor/lib/test/auto/Equals.xml
2 ms. Memory: 445440K Free: 324526K (73%)
----------------- Invoking toplevel() on ptolemy.moml.MoMLSimpleApplication@4dd1870a
----------------- Done invoking toplevel() on ptolemy.moml.MoMLSimpleApplication@4dd1870a
reloadAllAccessors: .Equals

===========================================================================================
----------------- testing Wed Feb 12 07:02:00 UTC 2020 /home/travis/build/icyphy/ptII/ptolemy/actor/lib/test/auto/Exec.xml
----------------- Instantiating /home/travis/build/icyphy/ptII/ptolemy/actor/lib/test/auto/Exec.xml
13 ms. Memory: 445440K Free: 318880K (72%)
----------------- Invoking toplevel() on ptolemy.moml.MoMLSimpleApplication@5c90df4d
----------------- Done invoking toplevel() on ptolemy.moml.MoMLSimpleApplication@5c90df4d
reloadAllAccessors: .Exec

===========================================================================================
----------------- testing Wed Feb 12 07:02:00 UTC 2020 /home/travis/build/icyphy/ptII/ptolemy/actor/lib/test/auto/ExecEnvironment.xml
----------------- Instantiating /home/travis/build/icyphy/ptII/ptolemy/actor/lib/test/auto/ExecEnvironment.xml
17 ms. Memory: 445440K Free: 313776K (70%)
----------------- Invoking toplevel() on ptolemy.moml.MoMLSimpleApplication@76ba69e5
----------------- Done invoking toplevel() on ptolemy.moml.MoMLSimpleApplication@76ba69e5
reloadAllAccessors: .ExecEnvironment

===========================================================================================
----------------- testing Wed Feb 12 07:02:00 UTC 2020 /home/travis/build/icyphy/ptII/ptolemy/actor/lib/test/auto/ExecNonZeroReturnOutput.xml
----------------- Instantiating /home/travis/build/icyphy/ptII/ptolemy/actor/lib/test/auto/ExecNonZeroReturnOutput.xml
149 ms. Memory: 445440K Free: 301998K (68%)
----------------- Invoking toplevel() on ptolemy.moml.MoMLSimpleApplication@1f5c4585
----------------- Done invoking toplevel() on ptolemy.moml.MoMLSimpleApplication@1f5c4585
reloadAllAccessors: .ExecNonZeroReturnOutput

===========================================================================================
----------------- testing Wed Feb 12 07:02:00 UTC 2020 /home/travis/build/icyphy/ptII/ptolemy/actor/lib/test/auto/ExecRunDemos.xml
----------------- Instantiating /home/travis/build/icyphy/ptII/ptolemy/actor/lib/test/auto/ExecRunDemos.xml
Finished: 61 ms. Memory: 129024K Free: 112374K (87%)

Finished: 63 ms. Memory: 129024K Free: 109518K (85%)

Finished: 67 ms. Memory: 129024K Free: 109500K (85%)

Finished: 69 ms. Memory: 129024K Free: 111170K (86%)

Finished: 84 ms. Memory: 129024K Free: 111967K (87%)

9821 ms. Memory: 445440K Free: 280494K (63%)
----------------- Invoking toplevel() on ptolemy.moml.MoMLSimpleApplication@1ae6012b
----------------- Done invoking toplevel() on ptolemy.moml.MoMLSimpleApplication@1ae6012b
reloadAllAccessors: .ExecRunDemos

===========================================================================================
----------------- testing Wed Feb 12 07:02:10 UTC 2020 /home/travis/build/icyphy/ptII/ptolemy/actor/lib/test/auto/ExecStop.xml
----------------- Instantiating /home/travis/build/icyphy/ptII/ptolemy/actor/lib/test/auto/ExecStop.xml
5012 ms. Memory: 445440K Free: 151984K (34%)
----------------- Invoking toplevel() on ptolemy.moml.MoMLSimpleApplication@5cc34ad6
----------------- Done invoking toplevel() on ptolemy.moml.MoMLSimpleApplication@5cc34ad6
reloadAllAccessors: .ExecStop

===========================================================================================
----------------- testing Wed Feb 12 07:02:15 UTC 2020 /home/travis/build/icyphy/ptII/ptolemy/actor/lib/test/auto/ExecutionTimeSDF.xml
----------------- Instantiating /home/travis/build/icyphy/ptII/ptolemy/actor/lib/test/auto/ExecutionTimeSDF.xml
Fired ExecutionTime: -393367296
Fired ExecutionTime: 1332800000
Fired ExecutionTime: -169367296
6005 ms. Memory: 445440K Free: 140192K (31%)
----------------- Invoking toplevel() on ptolemy.moml.MoMLSimpleApplication@23ca716e
----------------- Done invoking toplevel() on ptolemy.moml.MoMLSimpleApplication@23ca716e
reloadAllAccessors: .ExecutionTimeSDF

===========================================================================================
----------------- testing Wed Feb 12 07:02:21 UTC 2020 /home/travis/build/icyphy/ptII/ptolemy/actor/lib/test/auto/Expression1.xml
----------------- Instantiating /home/travis/build/icyphy/ptII/ptolemy/actor/lib/test/auto/Expression1.xml
1 ms. Memory: 445440K Free: 136624K (31%)
----------------- Invoking toplevel() on ptolemy.moml.MoMLSimpleApplication@335f1f7
----------------- Done invoking toplevel() on ptolemy.moml.MoMLSimpleApplication@335f1f7
reloadAllAccessors: .Expression1

===========================================================================================
----------------- testing Wed Feb 12 07:02:21 UTC 2020 /home/travis/build/icyphy/ptII/ptolemy/actor/lib/test/auto/Expression10.xml
----------------- Instantiating /home/travis/build/icyphy/ptII/ptolemy/actor/lib/test/auto/Expression10.xml
16 ms. Memory: 445440K Free: 394903K (89%)
----------------- Invoking toplevel() on ptolemy.moml.MoMLSimpleApplication@60099eef
----------------- Done invoking toplevel() on ptolemy.moml.MoMLSimpleApplication@60099eef
reloadAllAccessors: .Expression10

===========================================================================================
----------------- testing Wed Feb 12 07:02:21 UTC 2020 /home/travis/build/icyphy/ptII/ptolemy/actor/lib/test/auto/Expression11.xml
----------------- Instantiating /home/travis/build/icyphy/ptII/ptolemy/actor/lib/test/auto/Expression11.xml
2 ms. Memory: 445440K Free: 389812K (88%)
----------------- Invoking toplevel() on ptolemy.moml.MoMLSimpleApplication@5d9f6d85
----------------- Done invoking toplevel() on ptolemy.moml.MoMLSimpleApplication@5d9f6d85
reloadAllAccessors: .Expression11

===========================================================================================
----------------- testing Wed Feb 12 07:02:21 UTC 2020 /home/travis/build/icyphy/ptII/ptolemy/actor/lib/test/auto/Expression12.xml
----------------- Instantiating /home/travis/build/icyphy/ptII/ptolemy/actor/lib/test/auto/Expression12.xml
3 ms. Memory: 445440K Free: 384182K (86%)
----------------- Invoking toplevel() on ptolemy.moml.MoMLSimpleApplication@c8206e1
----------------- Done invoking toplevel() on ptolemy.moml.MoMLSimpleApplication@c8206e1
reloadAllAccessors: .Expression12

===========================================================================================
----------------- testing Wed Feb 12 07:02:21 UTC 2020 /home/travis/build/icyphy/ptII/ptolemy/actor/lib/test/auto/Expression13.xml
----------------- Instantiating /home/travis/build/icyphy/ptII/ptolemy/actor/lib/test/auto/Expression13.xml
3 ms. Memory: 445440K Free: 379572K (85%)
----------------- Invoking toplevel() on ptolemy.moml.MoMLSimpleApplication@1257171d
----------------- Done invoking toplevel() on ptolemy.moml.MoMLSimpleApplication@1257171d
reloadAllAccessors: .Expression13

===========================================================================================
----------------- testing Wed Feb 12 07:02:22 UTC 2020 /home/travis/build/icyphy/ptII/ptolemy/actor/lib/test/auto/Expression14.xml
----------------- Instantiating /home/travis/build/icyphy/ptII/ptolemy/actor/lib/test/auto/Expression14.xml
8 ms. Memory: 445440K Free: 373428K (84%)
----------------- Invoking toplevel() on ptolemy.moml.MoMLSimpleApplication@27663e0
----------------- Done invoking toplevel() on ptolemy.moml.MoMLSimpleApplication@27663e0
reloadAllAccessors: .Expression14

===========================================================================================
----------------- testing Wed Feb 12 07:02:22 UTC 2020 /home/travis/build/icyphy/ptII/ptolemy/actor/lib/test/auto/Expression15.xml
----------------- Instantiating /home/travis/build/icyphy/ptII/ptolemy/actor/lib/test/auto/Expression15.xml
1 ms. Memory: 445440K Free: 369332K (83%)
----------------- Invoking toplevel() on ptolemy.moml.MoMLSimpleApplication@8069c2c
----------------- Done invoking toplevel() on ptolemy.moml.MoMLSimpleApplication@8069c2c
reloadAllAccessors: .Expression15

===========================================================================================
----------------- testing Wed Feb 12 07:02:22 UTC 2020 /home/travis/build/icyphy/ptII/ptolemy/actor/lib/test/auto/Expression16.xml
----------------- Instantiating /home/travis/build/icyphy/ptII/ptolemy/actor/lib/test/auto/Expression16.xml
3 ms. Memory: 445440K Free: 364212K (82%)
----------------- Invoking toplevel() on ptolemy.moml.MoMLSimpleApplication@54f9d642
----------------- Done invoking toplevel() on ptolemy.moml.MoMLSimpleApplication@54f9d642
reloadAllAccessors: .Expression16

===========================================================================================
----------------- testing Wed Feb 12 07:02:22 UTC 2020 /home/travis/build/icyphy/ptII/ptolemy/actor/lib/test/auto/Expression17.xml
----------------- Instantiating /home/travis/build/icyphy/ptII/ptolemy/actor/lib/test/auto/Expression17.xml
3 ms. Memory: 445440K Free: 359092K (81%)
----------------- Invoking toplevel() on ptolemy.moml.MoMLSimpleApplication@15230ca4
----------------- Done invoking toplevel() on ptolemy.moml.MoMLSimpleApplication@15230ca4
reloadAllAccessors: .Expression17

===========================================================================================
----------------- testing Wed Feb 12 07:02:22 UTC 2020 /home/travis/build/icyphy/ptII/ptolemy/actor/lib/test/auto/Expression18.xml
----------------- Instantiating /home/travis/build/icyphy/ptII/ptolemy/actor/lib/test/auto/Expression18.xml
3 ms. Memory: 445440K Free: 353462K (79%)
----------------- Invoking toplevel() on ptolemy.moml.MoMLSimpleApplication@73c9cc47
----------------- Done invoking toplevel() on ptolemy.moml.MoMLSimpleApplication@73c9cc47
reloadAllAccessors: .Expression18

===========================================================================================
----------------- testing Wed Feb 12 07:02:22 UTC 2020 /home/travis/build/icyphy/ptII/ptolemy/actor/lib/test/auto/Expression2.xml
----------------- Instantiating /home/travis/build/icyphy/ptII/ptolemy/actor/lib/test/auto/Expression2.xml
3 ms. Memory: 445440K Free: 348852K (78%)
----------------- Invoking toplevel() on ptolemy.moml.MoMLSimpleApplication@e32c394
----------------- Done invoking toplevel() on ptolemy.moml.MoMLSimpleApplication@e32c394
reloadAllAccessors: .Expression2

===========================================================================================
----------------- testing Wed Feb 12 07:02:22 UTC 2020 /home/travis/build/icyphy/ptII/ptolemy/actor/lib/test/auto/Expression3.xml
----------------- Instantiating /home/travis/build/icyphy/ptII/ptolemy/actor/lib/test/auto/Expression3.xml
7 ms. Memory: 445440K Free: 343732K (77%)
----------------- Invoking toplevel() on ptolemy.moml.MoMLSimpleApplication@31e139b5
----------------- Done invoking toplevel() on ptolemy.moml.MoMLSimpleApplication@31e139b5
reloadAllAccessors: .Expression3

===========================================================================================
----------------- testing Wed Feb 12 07:02:22 UTC 2020 /home/travis/build/icyphy/ptII/ptolemy/actor/lib/test/auto/Expression4.xml
----------------- Instantiating /home/travis/build/icyphy/ptII/ptolemy/actor/lib/test/auto/Expression4.xml
4 ms. Memory: 445440K Free: 336054K (75%)
----------------- Invoking toplevel() on ptolemy.moml.MoMLSimpleApplication@57826364
----------------- Done invoking toplevel() on ptolemy.moml.MoMLSimpleApplication@57826364
reloadAllAccessors: .Expression4

===========================================================================================
----------------- testing Wed Feb 12 07:02:22 UTC 2020 /home/travis/build/icyphy/ptII/ptolemy/actor/lib/test/auto/Expression5.xml
----------------- Instantiating /home/travis/build/icyphy/ptII/ptolemy/actor/lib/test/auto/Expression5.xml
5 ms. Memory: 445440K Free: 330934K (74%)
----------------- Invoking toplevel() on ptolemy.moml.MoMLSimpleApplication@3e85bd14
----------------- Done invoking toplevel() on ptolemy.moml.MoMLSimpleApplication@3e85bd14
reloadAllAccessors: .Expression5

===========================================================================================
----------------- testing Wed Feb 12 07:02:22 UTC 2020 /home/travis/build/icyphy/ptII/ptolemy/actor/lib/test/auto/Expression6.xml
----------------- Instantiating /home/travis/build/icyphy/ptII/ptolemy/actor/lib/test/auto/Expression6.xml
4 ms. Memory: 445440K Free: 326324K (73%)
----------------- Invoking toplevel() on ptolemy.moml.MoMLSimpleApplication@57f191be
----------------- Done invoking toplevel() on ptolemy.moml.MoMLSimpleApplication@57f191be
reloadAllAccessors: .Expression6

===========================================================================================
----------------- testing Wed Feb 12 07:02:22 UTC 2020 /home/travis/build/icyphy/ptII/ptolemy/actor/lib/test/auto/Expression7.xml
----------------- Instantiating /home/travis/build/icyphy/ptII/ptolemy/actor/lib/test/auto/Expression7.xml
2 ms. Memory: 445440K Free: 321204K (72%)
----------------- Invoking toplevel() on ptolemy.moml.MoMLSimpleApplication@3ffe922a
----------------- Done invoking toplevel() on ptolemy.moml.MoMLSimpleApplication@3ffe922a
reloadAllAccessors: .Expression7

===========================================================================================
----------------- testing Wed Feb 12 07:02:22 UTC 2020 /home/travis/build/icyphy/ptII/ptolemy/actor/lib/test/auto/Expression8.xml
----------------- Instantiating /home/travis/build/icyphy/ptII/ptolemy/actor/lib/test/auto/Expression8.xml
3 ms. Memory: 445440K Free: 316598K (71%)
----------------- Invoking toplevel() on ptolemy.moml.MoMLSimpleApplication@791342fb
----------------- Done invoking toplevel() on ptolemy.moml.MoMLSimpleApplication@791342fb
reloadAllAccessors: .Expression8

===========================================================================================
----------------- testing Wed Feb 12 07:02:22 UTC 2020 /home/travis/build/icyphy/ptII/ptolemy/actor/lib/test/auto/Expression9.xml
----------------- Instantiating /home/travis/build/icyphy/ptII/ptolemy/actor/lib/test/auto/Expression9.xml
1 ms. Memory: 445440K Free: 312502K (70%)
----------------- Invoking toplevel() on ptolemy.moml.MoMLSimpleApplication@d885737
----------------- Done invoking toplevel() on ptolemy.moml.MoMLSimpleApplication@d885737
reloadAllAccessors: .Expression9

===========================================================================================
----------------- testing Wed Feb 12 07:02:22 UTC 2020 /home/travis/build/icyphy/ptII/ptolemy/actor/lib/test/auto/ExpressionConcatenateArrayType.xml
----------------- Instantiating /home/travis/build/icyphy/ptII/ptolemy/actor/lib/test/auto/ExpressionConcatenateArrayType.xml
3 ms. Memory: 445440K Free: 305844K (69%)
----------------- Invoking toplevel() on ptolemy.moml.MoMLSimpleApplication@24276f0c
----------------- Done invoking toplevel() on ptolemy.moml.MoMLSimpleApplication@24276f0c
reloadAllAccessors: .ExpressionConcatenateArrayType

===========================================================================================
----------------- testing Wed Feb 12 07:02:22 UTC 2020 /home/travis/build/icyphy/ptII/ptolemy/actor/lib/test/auto/ExpressionConcatenateArrayType2.xml
----------------- Instantiating /home/travis/build/icyphy/ptII/ptolemy/actor/lib/test/auto/ExpressionConcatenateArrayType2.xml
2 ms. Memory: 445440K Free: 300214K (67%)
----------------- Invoking toplevel() on ptolemy.moml.MoMLSimpleApplication@5cb7c215
----------------- Done invoking toplevel() on ptolemy.moml.MoMLSimpleApplication@5cb7c215
reloadAllAccessors: .ExpressionConcatenateArrayType2

===========================================================================================
----------------- testing Wed Feb 12 07:02:22 UTC 2020 /home/travis/build/icyphy/ptII/ptolemy/actor/lib/test/auto/ExpressionFix.xml
----------------- Instantiating /home/travis/build/icyphy/ptII/ptolemy/actor/lib/test/auto/ExpressionFix.xml
20 ms. Memory: 445440K Free: 293556K (66%)
----------------- Invoking toplevel() on ptolemy.moml.MoMLSimpleApplication@74746f53
----------------- Done invoking toplevel() on ptolemy.moml.MoMLSimpleApplication@74746f53
reloadAllAccessors: .ExpressionFix

===========================================================================================
----------------- testing Wed Feb 12 07:02:22 UTC 2020 /home/travis/build/icyphy/ptII/ptolemy/actor/lib/test/auto/ExpressionFix2.xml
----------------- Instantiating /home/travis/build/icyphy/ptII/ptolemy/actor/lib/test/auto/ExpressionFix2.xml
4 ms. Memory: 445440K Free: 289460K (65%)
----------------- Invoking toplevel() on ptolemy.moml.MoMLSimpleApplication@5edc2798
----------------- Done invoking toplevel() on ptolemy.moml.MoMLSimpleApplication@5edc2798
reloadAllAccessors: .ExpressionFix2

===========================================================================================
----------------- testing Wed Feb 12 07:02:22 UTC 2020 /home/travis/build/icyphy/ptII/ptolemy/actor/lib/test/auto/ExpressionFix3.xml
----------------- Instantiating /home/travis/build/icyphy/ptII/ptolemy/actor/lib/test/auto/ExpressionFix3.xml
3 ms. Memory: 445440K Free: 285364K (64%)
----------------- Invoking toplevel() on ptolemy.moml.MoMLSimpleApplication@7e008906
----------------- Done invoking toplevel() on ptolemy.moml.MoMLSimpleApplication@7e008906
reloadAllAccessors: .ExpressionFix3

===========================================================================================
----------------- testing Wed Feb 12 07:02:22 UTC 2020 /home/travis/build/icyphy/ptII/ptolemy/actor/lib/test/auto/FileWriter1.xml
----------------- Instantiating /home/travis/build/icyphy/ptII/ptolemy/actor/lib/test/auto/FileWriter1.xml
2 ms. Memory: 445440K Free: 281268K (63%)
----------------- Invoking toplevel() on ptolemy.moml.MoMLSimpleApplication@100f221d
----------------- Done invoking toplevel() on ptolemy.moml.MoMLSimpleApplication@100f221d
reloadAllAccessors: .FileWriter1

===========================================================================================
----------------- testing Wed Feb 12 07:02:22 UTC 2020 /home/travis/build/icyphy/ptII/ptolemy/actor/lib/test/auto/FileWriter2.xml
----------------- Instantiating /home/travis/build/icyphy/ptII/ptolemy/actor/lib/test/auto/FileWriter2.xml
2 ms. Memory: 445440K Free: 276662K (62%)
----------------- Invoking toplevel() on ptolemy.moml.MoMLSimpleApplication@56bcf91b
----------------- Done invoking toplevel() on ptolemy.moml.MoMLSimpleApplication@56bcf91b
reloadAllAccessors: .FileWriter2

===========================================================================================
----------------- testing Wed Feb 12 07:02:22 UTC 2020 /home/travis/build/icyphy/ptII/ptolemy/actor/lib/test/auto/FileWriter3.xml
----------------- Instantiating /home/travis/build/icyphy/ptII/ptolemy/actor/lib/test/auto/FileWriter3.xml
2 ms. Memory: 445440K Free: 272566K (61%)
----------------- Invoking toplevel() on ptolemy.moml.MoMLSimpleApplication@929fb72
----------------- Done invoking toplevel() on ptolemy.moml.MoMLSimpleApplication@929fb72
reloadAllAccessors: .FileWriter3

===========================================================================================
----------------- testing Wed Feb 12 07:02:22 UTC 2020 /home/travis/build/icyphy/ptII/ptolemy/actor/lib/test/auto/Gaussian.xml
----------------- Instantiating /home/travis/build/icyphy/ptII/ptolemy/actor/lib/test/auto/Gaussian.xml
2 ms. Memory: 445440K Free: 267956K (60%)
----------------- Invoking toplevel() on ptolemy.moml.MoMLSimpleApplication@400369db
----------------- Done invoking toplevel() on ptolemy.moml.MoMLSimpleApplication@400369db
reloadAllAccessors: .Gaussian

===========================================================================================
----------------- testing Wed Feb 12 07:02:22 UTC 2020 /home/travis/build/icyphy/ptII/ptolemy/actor/lib/test/auto/Gaussian1.xml
----------------- Instantiating /home/travis/build/icyphy/ptII/ptolemy/actor/lib/test/auto/Gaussian1.xml
4 ms. Memory: 445440K Free: 262326K (59%)
----------------- Invoking toplevel() on ptolemy.moml.MoMLSimpleApplication@17e734d4
----------------- Done invoking toplevel() on ptolemy.moml.MoMLSimpleApplication@17e734d4
reloadAllAccessors: .Gaussian1

===========================================================================================
----------------- testing Wed Feb 12 07:02:22 UTC 2020 /home/travis/build/icyphy/ptII/ptolemy/actor/lib/test/auto/Gaussian2.xml
----------------- Instantiating /home/travis/build/icyphy/ptII/ptolemy/actor/lib/test/auto/Gaussian2.xml
2 ms. Memory: 445440K Free: 256662K (58%)
----------------- Invoking toplevel() on ptolemy.moml.MoMLSimpleApplication@63e2475a
----------------- Done invoking toplevel() on ptolemy.moml.MoMLSimpleApplication@63e2475a
reloadAllAccessors: .Gaussian2

===========================================================================================
----------------- testing Wed Feb 12 07:02:22 UTC 2020 /home/travis/build/icyphy/ptII/ptolemy/actor/lib/test/auto/GradientAdaptiveLattice.xml
----------------- Instantiating /home/travis/build/icyphy/ptII/ptolemy/actor/lib/test/auto/GradientAdaptiveLattice.xml
3 ms. Memory: 445440K Free: 251572K (56%)
----------------- Invoking toplevel() on ptolemy.moml.MoMLSimpleApplication@757ad348
----------------- Done invoking toplevel() on ptolemy.moml.MoMLSimpleApplication@757ad348
reloadAllAccessors: .GradientAdaptiveLattice

===========================================================================================
----------------- testing Wed Feb 12 07:02:22 UTC 2020 /home/travis/build/icyphy/ptII/ptolemy/actor/lib/test/auto/IIR.xml
----------------- Instantiating /home/travis/build/icyphy/ptII/ptolemy/actor/lib/test/auto/IIR.xml
1 ms. Memory: 445440K Free: 247476K (56%)
----------------- Invoking toplevel() on ptolemy.moml.MoMLSimpleApplication@2031d20
----------------- Done invoking toplevel() on ptolemy.moml.MoMLSimpleApplication@2031d20
reloadAllAccessors: .IIR

===========================================================================================
----------------- testing Wed Feb 12 07:02:22 UTC 2020 /home/travis/build/icyphy/ptII/ptolemy/actor/lib/test/auto/InputOutputTransparentPorts.xml
----------------- Instantiating /home/travis/build/icyphy/ptII/ptolemy/actor/lib/test/auto/InputOutputTransparentPorts.xml
2 ms. Memory: 445440K Free: 240308K (54%)
----------------- Invoking toplevel() on ptolemy.moml.MoMLSimpleApplication@1d89e901
----------------- Done invoking toplevel() on ptolemy.moml.MoMLSimpleApplication@1d89e901
reloadAllAccessors: .InputOutputTransparentPorts

===========================================================================================
----------------- testing Wed Feb 12 07:02:22 UTC 2020 /home/travis/build/icyphy/ptII/ptolemy/actor/lib/test/auto/Interpolator.xml
----------------- Instantiating /home/travis/build/icyphy/ptII/ptolemy/actor/lib/test/auto/Interpolator.xml
3 ms. Memory: 445440K Free: 236212K (53%)
----------------- Invoking toplevel() on ptolemy.moml.MoMLSimpleApplication@765827f9
----------------- Done invoking toplevel() on ptolemy.moml.MoMLSimpleApplication@765827f9
reloadAllAccessors: .Interpolator

===========================================================================================
----------------- testing Wed Feb 12 07:02:22 UTC 2020 /home/travis/build/icyphy/ptII/ptolemy/actor/lib/test/auto/InterpolatorFiringLimitDE.xml
----------------- Instantiating /home/travis/build/icyphy/ptII/ptolemy/actor/lib/test/auto/InterpolatorFiringLimitDE.xml
2 ms. Memory: 445440K Free: 229558K (52%)
----------------- Invoking toplevel() on ptolemy.moml.MoMLSimpleApplication@458052e6
----------------- Done invoking toplevel() on ptolemy.moml.MoMLSimpleApplication@458052e6
reloadAllAccessors: .InterpolatorFiringLimitDE

===========================================================================================
----------------- testing Wed Feb 12 07:02:22 UTC 2020 /home/travis/build/icyphy/ptII/ptolemy/actor/lib/test/auto/Lattice.xml
----------------- Instantiating /home/travis/build/icyphy/ptII/ptolemy/actor/lib/test/auto/Lattice.xml
1 ms. Memory: 445440K Free: 225462K (51%)
----------------- Invoking toplevel() on ptolemy.moml.MoMLSimpleApplication@3747f98a
----------------- Done invoking toplevel() on ptolemy.moml.MoMLSimpleApplication@3747f98a
reloadAllAccessors: .Lattice

===========================================================================================
----------------- testing Wed Feb 12 07:02:22 UTC 2020 /home/travis/build/icyphy/ptII/ptolemy/actor/lib/test/auto/LazyAOCTestLazy.xml
----------------- Instantiating /home/travis/build/icyphy/ptII/ptolemy/actor/lib/test/auto/LazyAOCTestLazy.xml
6 ms. Memory: 445440K Free: 219318K (49%)
----------------- Invoking toplevel() on ptolemy.moml.MoMLSimpleApplication@31ac4263
----------------- Done invoking toplevel() on ptolemy.moml.MoMLSimpleApplication@31ac4263
reloadAllAccessors: .LazyAOCTestLazy

===========================================================================================
----------------- testing Wed Feb 12 07:02:22 UTC 2020 /home/travis/build/icyphy/ptII/ptolemy/actor/lib/test/auto/LazyAOCTestNonLazy.xml
----------------- Instantiating /home/travis/build/icyphy/ptII/ptolemy/actor/lib/test/auto/LazyAOCTestNonLazy.xml
2 ms. Memory: 445440K Free: 212660K (48%)
----------------- Invoking toplevel() on ptolemy.moml.MoMLSimpleApplication@67a2fc25
----------------- Done invoking toplevel() on ptolemy.moml.MoMLSimpleApplication@67a2fc25
reloadAllAccessors: .LazyAOCTestNonLazy

===========================================================================================
----------------- testing Wed Feb 12 07:02:22 UTC 2020 /home/travis/build/icyphy/ptII/ptolemy/actor/lib/test/auto/LazyInnerClass.xml
----------------- Instantiating /home/travis/build/icyphy/ptII/ptolemy/actor/lib/test/auto/LazyInnerClass.xml
10 ms. Memory: 445440K Free: 203958K (46%)
----------------- Invoking toplevel() on ptolemy.moml.MoMLSimpleApplication@47bdd091
----------------- Done invoking toplevel() on ptolemy.moml.MoMLSimpleApplication@47bdd091
reloadAllAccessors: .LazyInnerClass

===========================================================================================
----------------- testing Wed Feb 12 07:02:22 UTC 2020 /home/travis/build/icyphy/ptII/ptolemy/actor/lib/test/auto/LazyPubSub.xml
----------------- Instantiating /home/travis/build/icyphy/ptII/ptolemy/actor/lib/test/auto/LazyPubSub.xml
29 ms. Memory: 445440K Free: 193718K (43%)
----------------- Invoking toplevel() on ptolemy.moml.MoMLSimpleApplication@3899d472
----------------- Done invoking toplevel() on ptolemy.moml.MoMLSimpleApplication@3899d472
reloadAllAccessors: .LazyPubSub

===========================================================================================
----------------- testing Wed Feb 12 07:02:22 UTC 2020 /home/travis/build/icyphy/ptII/ptolemy/actor/lib/test/auto/LazyPubSub2.xml
----------------- Instantiating /home/travis/build/icyphy/ptII/ptolemy/actor/lib/test/auto/LazyPubSub2.xml
12 ms. Memory: 445440K Free: 183988K (41%)
----------------- Invoking toplevel() on ptolemy.moml.MoMLSimpleApplication@374d798f
----------------- Done invoking toplevel() on ptolemy.moml.MoMLSimpleApplication@374d798f
reloadAllAccessors: .LazyPubSub2

===========================================================================================
----------------- testing Wed Feb 12 07:02:22 UTC 2020 /home/travis/build/icyphy/ptII/ptolemy/actor/lib/test/auto/LazyPubSub3.xml
----------------- Instantiating /home/travis/build/icyphy/ptII/ptolemy/actor/lib/test/auto/LazyPubSub3.xml
13 ms. Memory: 445440K Free: 173748K (39%)
----------------- Invoking toplevel() on ptolemy.moml.MoMLSimpleApplication@f239352
----------------- Done invoking toplevel() on ptolemy.moml.MoMLSimpleApplication@f239352
reloadAllAccessors: .LazyPubSub3

===========================================================================================
----------------- testing Wed Feb 12 07:02:22 UTC 2020 /home/travis/build/icyphy/ptII/ptolemy/actor/lib/test/auto/LazySubClassModel.xml
----------------- Instantiating /home/travis/build/icyphy/ptII/ptolemy/actor/lib/test/auto/LazySubClassModel.xml
1 ms. Memory: 445440K Free: 164532K (37%)
----------------- Invoking toplevel() on ptolemy.moml.MoMLSimpleApplication@3f8d4cdf
----------------- Done invoking toplevel() on ptolemy.moml.MoMLSimpleApplication@3f8d4cdf
reloadAllAccessors: .LazySubClassModel

===========================================================================================
----------------- testing Wed Feb 12 07:02:22 UTC 2020 /home/travis/build/icyphy/ptII/ptolemy/actor/lib/test/auto/LevelCrossTest1.xml
----------------- Instantiating /home/travis/build/icyphy/ptII/ptolemy/actor/lib/test/auto/LevelCrossTest1.xml
1 ms. Memory: 445440K Free: 158902K (36%)
----------------- Invoking toplevel() on ptolemy.moml.MoMLSimpleApplication@4d86fbce
----------------- Done invoking toplevel() on ptolemy.moml.MoMLSimpleApplication@4d86fbce
reloadAllAccessors: .broken

===========================================================================================
----------------- testing Wed Feb 12 07:02:22 UTC 2020 /home/travis/build/icyphy/ptII/ptolemy/actor/lib/test/auto/LevelCrossTest10.xml
----------------- Instantiating /home/travis/build/icyphy/ptII/ptolemy/actor/lib/test/auto/LevelCrossTest10.xml
1 ms. Memory: 445440K Free: 151220K (34%)
----------------- Invoking toplevel() on ptolemy.moml.MoMLSimpleApplication@34bf6a13
----------------- Done invoking toplevel() on ptolemy.moml.MoMLSimpleApplication@34bf6a13
reloadAllAccessors: .LevelCrossTest10

===========================================================================================
----------------- testing Wed Feb 12 07:02:22 UTC 2020 /home/travis/build/icyphy/ptII/ptolemy/actor/lib/test/auto/LevelCrossTest11.xml
----------------- Instantiating /home/travis/build/icyphy/ptII/ptolemy/actor/lib/test/auto/LevelCrossTest11.xml
1 ms. Memory: 445440K Free: 144566K (32%)
----------------- Invoking toplevel() on ptolemy.moml.MoMLSimpleApplication@359f13d3
----------------- Done invoking toplevel() on ptolemy.moml.MoMLSimpleApplication@359f13d3
reloadAllAccessors: .LevelCrossTest11

===========================================================================================
----------------- testing Wed Feb 12 07:02:22 UTC 2020 /home/travis/build/icyphy/ptII/ptolemy/actor/lib/test/auto/LevelCrossTest12.xml
----------------- Instantiating /home/travis/build/icyphy/ptII/ptolemy/actor/lib/test/auto/LevelCrossTest12.xml
1 ms. Memory: 445440K Free: 137908K (31%)
----------------- Invoking toplevel() on ptolemy.moml.MoMLSimpleApplication@77d63064
----------------- Done invoking toplevel() on ptolemy.moml.MoMLSimpleApplication@77d63064
reloadAllAccessors: .LevelCrossTest12

===========================================================================================
----------------- testing Wed Feb 12 07:02:22 UTC 2020 /home/travis/build/icyphy/ptII/ptolemy/actor/lib/test/auto/LevelCrossTest13.xml
----------------- Instantiating /home/travis/build/icyphy/ptII/ptolemy/actor/lib/test/auto/LevelCrossTest13.xml
10 ms. Memory: 445440K Free: 394410K (89%)
----------------- Invoking toplevel() on ptolemy.moml.MoMLSimpleApplication@51076cdd
----------------- Done invoking toplevel() on ptolemy.moml.MoMLSimpleApplication@51076cdd
reloadAllAccessors: .LevelCrossTest13

===========================================================================================
----------------- testing Wed Feb 12 07:02:22 UTC 2020 /home/travis/build/icyphy/ptII/ptolemy/actor/lib/test/auto/LevelCrossTest2.xml
----------------- Instantiating /home/travis/build/icyphy/ptII/ptolemy/actor/lib/test/auto/LevelCrossTest2.xml
1 ms. Memory: 445440K Free: 388264K (87%)
----------------- Invoking toplevel() on ptolemy.moml.MoMLSimpleApplication@69aebdb1
----------------- Done invoking toplevel() on ptolemy.moml.MoMLSimpleApplication@69aebdb1
reloadAllAccessors: .broken

===========================================================================================
----------------- testing Wed Feb 12 07:02:22 UTC 2020 /home/travis/build/icyphy/ptII/ptolemy/actor/lib/test/auto/LevelCrossTest3.xml
----------------- Instantiating /home/travis/build/icyphy/ptII/ptolemy/actor/lib/test/auto/LevelCrossTest3.xml
1 ms. Memory: 445440K Free: 381610K (86%)
----------------- Invoking toplevel() on ptolemy.moml.MoMLSimpleApplication@b080b5d
----------------- Done invoking toplevel() on ptolemy.moml.MoMLSimpleApplication@b080b5d
reloadAllAccessors: .LevelCrossTest3

===========================================================================================
----------------- testing Wed Feb 12 07:02:22 UTC 2020 /home/travis/build/icyphy/ptII/ptolemy/actor/lib/test/auto/LevelCrossTest4.xml
----------------- Instantiating /home/travis/build/icyphy/ptII/ptolemy/actor/lib/test/auto/LevelCrossTest4.xml
1 ms. Memory: 445440K Free: 375976K (84%)
----------------- Invoking toplevel() on ptolemy.moml.MoMLSimpleApplication@6a0680a9
----------------- Done invoking toplevel() on ptolemy.moml.MoMLSimpleApplication@6a0680a9
reloadAllAccessors: .broken

===========================================================================================
----------------- testing Wed Feb 12 07:02:22 UTC 2020 /home/travis/build/icyphy/ptII/ptolemy/actor/lib/test/auto/LevelCrossTest5.xml
----------------- Instantiating /home/travis/build/icyphy/ptII/ptolemy/actor/lib/test/auto/LevelCrossTest5.xml
1 ms. Memory: 445440K Free: 369322K (83%)
----------------- Invoking toplevel() on ptolemy.moml.MoMLSimpleApplication@5a0089aa
----------------- Done invoking toplevel() on ptolemy.moml.MoMLSimpleApplication@5a0089aa
reloadAllAccessors: .LevelCrossTest5

===========================================================================================
----------------- testing Wed Feb 12 07:02:22 UTC 2020 /home/travis/build/icyphy/ptII/ptolemy/actor/lib/test/auto/LevelCrossTest6.xml
----------------- Instantiating /home/travis/build/icyphy/ptII/ptolemy/actor/lib/test/auto/LevelCrossTest6.xml
1 ms. Memory: 445440K Free: 362154K (81%)
----------------- Invoking toplevel() on ptolemy.moml.MoMLSimpleApplication@1108b0e4
----------------- Done invoking toplevel() on ptolemy.moml.MoMLSimpleApplication@1108b0e4
reloadAllAccessors: .LevelCrossTest6

===========================================================================================
----------------- testing Wed Feb 12 07:02:22 UTC 2020 /home/travis/build/icyphy/ptII/ptolemy/actor/lib/test/auto/LevelCrossTest7.xml
----------------- Instantiating /home/travis/build/icyphy/ptII/ptolemy/actor/lib/test/auto/LevelCrossTest7.xml
1 ms. Memory: 445440K Free: 354472K (80%)
----------------- Invoking toplevel() on ptolemy.moml.MoMLSimpleApplication@7f45baa3
----------------- Done invoking toplevel() on ptolemy.moml.MoMLSimpleApplication@7f45baa3
reloadAllAccessors: .LevelCrossTest7

===========================================================================================
----------------- testing Wed Feb 12 07:02:22 UTC 2020 /home/travis/build/icyphy/ptII/ptolemy/actor/lib/test/auto/LevelCrossTest8.xml
----------------- Instantiating /home/travis/build/icyphy/ptII/ptolemy/actor/lib/test/auto/LevelCrossTest8.xml
1 ms. Memory: 445440K Free: 347818K (78%)
----------------- Invoking toplevel() on ptolemy.moml.MoMLSimpleApplication@59d95a41
----------------- Done invoking toplevel() on ptolemy.moml.MoMLSimpleApplication@59d95a41
reloadAllAccessors: .LevelCrossTest8

===========================================================================================
----------------- testing Wed Feb 12 07:02:22 UTC 2020 /home/travis/build/icyphy/ptII/ptolemy/actor/lib/test/auto/LevelCrossTest9.xml
----------------- Instantiating /home/travis/build/icyphy/ptII/ptolemy/actor/lib/test/auto/LevelCrossTest9.xml
2 ms. Memory: 445440K Free: 340136K (76%)
----------------- Invoking toplevel() on ptolemy.moml.MoMLSimpleApplication@3ddab523
----------------- Done invoking toplevel() on ptolemy.moml.MoMLSimpleApplication@3ddab523
reloadAllAccessors: .LevelCrossTest9

===========================================================================================
----------------- testing Wed Feb 12 07:02:22 UTC 2020 /home/travis/build/icyphy/ptII/ptolemy/actor/lib/test/auto/LevinsonDurbin.xml
----------------- Instantiating /home/travis/build/icyphy/ptII/ptolemy/actor/lib/test/auto/LevinsonDurbin.xml
1 ms. Memory: 445440K Free: 336554K (76%)
----------------- Invoking toplevel() on ptolemy.moml.MoMLSimpleApplication@6e9ba044
----------------- Done invoking toplevel() on ptolemy.moml.MoMLSimpleApplication@6e9ba044
reloadAllAccessors: .LevinsonDurbin

===========================================================================================
----------------- testing Wed Feb 12 07:02:23 UTC 2020 /home/travis/build/icyphy/ptII/ptolemy/actor/lib/test/auto/LevinsonDurbin2.xml
----------------- Instantiating /home/travis/build/icyphy/ptII/ptolemy/actor/lib/test/auto/LevinsonDurbin2.xml
1 ms. Memory: 445440K Free: 332458K (75%)
----------------- Invoking toplevel() on ptolemy.moml.MoMLSimpleApplication@5e484878
----------------- Done invoking toplevel() on ptolemy.moml.MoMLSimpleApplication@5e484878
reloadAllAccessors: .LevinsonDurbin2

===========================================================================================
----------------- testing Wed Feb 12 07:02:23 UTC 2020 /home/travis/build/icyphy/ptII/ptolemy/actor/lib/test/auto/LevinsonDurbin3.xml
----------------- Instantiating /home/travis/build/icyphy/ptII/ptolemy/actor/lib/test/auto/LevinsonDurbin3.xml
2 ms. Memory: 445440K Free: 328362K (74%)
----------------- Invoking toplevel() on ptolemy.moml.MoMLSimpleApplication@4cffd36d
----------------- Done invoking toplevel() on ptolemy.moml.MoMLSimpleApplication@4cffd36d
reloadAllAccessors: .LevinsonDurbin3

===========================================================================================
----------------- testing Wed Feb 12 07:02:23 UTC 2020 /home/travis/build/icyphy/ptII/ptolemy/actor/lib/test/auto/Limiter.xml
----------------- Instantiating /home/travis/build/icyphy/ptII/ptolemy/actor/lib/test/auto/Limiter.xml
4 ms. Memory: 445440K Free: 319146K (72%)
----------------- Invoking toplevel() on ptolemy.moml.MoMLSimpleApplication@67aa374a
----------------- Done invoking toplevel() on ptolemy.moml.MoMLSimpleApplication@67aa374a
reloadAllAccessors: .Limiter

===========================================================================================
----------------- testing Wed Feb 12 07:02:23 UTC 2020 /home/travis/build/icyphy/ptII/ptolemy/actor/lib/test/auto/LinearDifferenceEquationSystem.xml
----------------- Instantiating /home/travis/build/icyphy/ptII/ptolemy/actor/lib/test/auto/LinearDifferenceEquationSystem.xml
16 ms. Memory: 445440K Free: 311978K (70%)
----------------- Invoking toplevel() on ptolemy.moml.MoMLSimpleApplication@1b17603b
----------------- Done invoking toplevel() on ptolemy.moml.MoMLSimpleApplication@1b17603b
reloadAllAccessors: .LinearDifferenceEquationSystem

===========================================================================================
----------------- testing Wed Feb 12 07:02:23 UTC 2020 /home/travis/build/icyphy/ptII/ptolemy/actor/lib/test/auto/LookupTable.xml
----------------- Instantiating /home/travis/build/icyphy/ptII/ptolemy/actor/lib/test/auto/LookupTable.xml
1 ms. Memory: 445440K Free: 307368K (69%)
----------------- Invoking toplevel() on ptolemy.moml.MoMLSimpleApplication@77e97f4c
----------------- Done invoking toplevel() on ptolemy.moml.MoMLSimpleApplication@77e97f4c
reloadAllAccessors: .LookupTable

===========================================================================================
----------------- testing Wed Feb 12 07:02:23 UTC 2020 /home/travis/build/icyphy/ptII/ptolemy/actor/lib/test/auto/MathFunction.xml
----------------- Instantiating /home/travis/build/icyphy/ptII/ptolemy/actor/lib/test/auto/MathFunction.xml
3 ms. Memory: 445440K Free: 299176K (67%)
----------------- Invoking toplevel() on ptolemy.moml.MoMLSimpleApplication@313ab91f
----------------- Done invoking toplevel() on ptolemy.moml.MoMLSimpleApplication@313ab91f
reloadAllAccessors: .MathFunction

===========================================================================================
----------------- testing Wed Feb 12 07:02:23 UTC 2020 /home/travis/build/icyphy/ptII/ptolemy/actor/lib/test/auto/MathFunction2.xml
----------------- Instantiating /home/travis/build/icyphy/ptII/ptolemy/actor/lib/test/auto/MathFunction2.xml
4 ms. Memory: 445440K Free: 295080K (66%)
----------------- Invoking toplevel() on ptolemy.moml.MoMLSimpleApplication@530e7937
----------------- Done invoking toplevel() on ptolemy.moml.MoMLSimpleApplication@530e7937
reloadAllAccessors: .MathFunction2

===========================================================================================
----------------- testing Wed Feb 12 07:02:23 UTC 2020 /home/travis/build/icyphy/ptII/ptolemy/actor/lib/test/auto/MathFunction3.xml
----------------- Instantiating /home/travis/build/icyphy/ptII/ptolemy/actor/lib/test/auto/MathFunction3.xml
4 ms. Memory: 445440K Free: 287912K (65%)
----------------- Invoking toplevel() on ptolemy.moml.MoMLSimpleApplication@43fa5288
----------------- Done invoking toplevel() on ptolemy.moml.MoMLSimpleApplication@43fa5288
reloadAllAccessors: .MathFunction3

===========================================================================================
----------------- testing Wed Feb 12 07:02:23 UTC 2020 /home/travis/build/icyphy/ptII/ptolemy/actor/lib/test/auto/MatrixCropBoolean.xml
----------------- Instantiating /home/travis/build/icyphy/ptII/ptolemy/actor/lib/test/auto/MatrixCropBoolean.xml
2 ms. Memory: 445440K Free: 282762K (63%)
----------------- Invoking toplevel() on ptolemy.moml.MoMLSimpleApplication@4f046079
----------------- Done invoking toplevel() on ptolemy.moml.MoMLSimpleApplication@4f046079
reloadAllAccessors: .MatrixCropBoolean

===========================================================================================
----------------- testing Wed Feb 12 07:02:23 UTC 2020 /home/travis/build/icyphy/ptII/ptolemy/actor/lib/test/auto/MatrixCropComplex.xml
----------------- Instantiating /home/travis/build/icyphy/ptII/ptolemy/actor/lib/test/auto/MatrixCropComplex.xml
1 ms. Memory: 445440K Free: 278186K (62%)
----------------- Invoking toplevel() on ptolemy.moml.MoMLSimpleApplication@7bb58f68
----------------- Done invoking toplevel() on ptolemy.moml.MoMLSimpleApplication@7bb58f68
reloadAllAccessors: .MatrixCropComplex

===========================================================================================
----------------- testing Wed Feb 12 07:02:23 UTC 2020 /home/travis/build/icyphy/ptII/ptolemy/actor/lib/test/auto/MatrixCropDouble.xml
----------------- Instantiating /home/travis/build/icyphy/ptII/ptolemy/actor/lib/test/auto/MatrixCropDouble.xml
1 ms. Memory: 445440K Free: 273066K (61%)
----------------- Invoking toplevel() on ptolemy.moml.MoMLSimpleApplication@3cb94b49
----------------- Done invoking toplevel() on ptolemy.moml.MoMLSimpleApplication@3cb94b49
reloadAllAccessors: .MatrixCropDouble

===========================================================================================
----------------- testing Wed Feb 12 07:02:23 UTC 2020 /home/travis/build/icyphy/ptII/ptolemy/actor/lib/test/auto/MatrixCropFix.xml
----------------- Instantiating /home/travis/build/icyphy/ptII/ptolemy/actor/lib/test/auto/MatrixCropFix.xml
2 ms. Memory: 445440K Free: 267946K (60%)
----------------- Invoking toplevel() on ptolemy.moml.MoMLSimpleApplication@139b1c8b
----------------- Done invoking toplevel() on ptolemy.moml.MoMLSimpleApplication@139b1c8b
reloadAllAccessors: .MatrixCropFix

===========================================================================================
----------------- testing Wed Feb 12 07:02:23 UTC 2020 /home/travis/build/icyphy/ptII/ptolemy/actor/lib/test/auto/MatrixCropInt.xml
----------------- Instantiating /home/travis/build/icyphy/ptII/ptolemy/actor/lib/test/auto/MatrixCropInt.xml
1 ms. Memory: 445440K Free: 263330K (59%)
----------------- Invoking toplevel() on ptolemy.moml.MoMLSimpleApplication@5a6bba94
----------------- Done invoking toplevel() on ptolemy.moml.MoMLSimpleApplication@5a6bba94
reloadAllAccessors: .MatrixCropInt

===========================================================================================
----------------- testing Wed Feb 12 07:02:23 UTC 2020 /home/travis/build/icyphy/ptII/ptolemy/actor/lib/test/auto/MatrixCropLong.xml
----------------- Instantiating /home/travis/build/icyphy/ptII/ptolemy/actor/lib/test/auto/MatrixCropLong.xml
1 ms. Memory: 445440K Free: 258186K (58%)
----------------- Invoking toplevel() on ptolemy.moml.MoMLSimpleApplication@28443342
----------------- Done invoking toplevel() on ptolemy.moml.MoMLSimpleApplication@28443342
reloadAllAccessors: .MatrixCropLong

===========================================================================================
----------------- testing Wed Feb 12 07:02:23 UTC 2020 /home/travis/build/icyphy/ptII/ptolemy/actor/lib/test/auto/MatrixToArray.xml
----------------- Instantiating /home/travis/build/icyphy/ptII/ptolemy/actor/lib/test/auto/MatrixToArray.xml
10 ms. Memory: 445440K Free: 242856K (55%)
----------------- Invoking toplevel() on ptolemy.moml.MoMLSimpleApplication@22e0a0e8
----------------- Done invoking toplevel() on ptolemy.moml.MoMLSimpleApplication@22e0a0e8
reloadAllAccessors: .MatrixToArray

===========================================================================================
----------------- testing Wed Feb 12 07:02:23 UTC 2020 /home/travis/build/icyphy/ptII/ptolemy/actor/lib/test/auto/MaxIndex.xml
----------------- Instantiating /home/travis/build/icyphy/ptII/ptolemy/actor/lib/test/auto/MaxIndex.xml
2 ms. Memory: 445440K Free: 237736K (53%)
----------------- Invoking toplevel() on ptolemy.moml.MoMLSimpleApplication@642b52da
----------------- Done invoking toplevel() on ptolemy.moml.MoMLSimpleApplication@642b52da
reloadAllAccessors: .MaxIndex

===========================================================================================
----------------- testing Wed Feb 12 07:02:23 UTC 2020 /home/travis/build/icyphy/ptII/ptolemy/actor/lib/test/auto/Maximum.xml
----------------- Instantiating /home/travis/build/icyphy/ptII/ptolemy/actor/lib/test/auto/Maximum.xml
3 ms. Memory: 445440K Free: 231082K (52%)
----------------- Invoking toplevel() on ptolemy.moml.MoMLSimpleApplication@29d1b1db
----------------- Done invoking toplevel() on ptolemy.moml.MoMLSimpleApplication@29d1b1db
reloadAllAccessors: .Maximum

===========================================================================================
----------------- testing Wed Feb 12 07:02:23 UTC 2020 /home/travis/build/icyphy/ptII/ptolemy/actor/lib/test/auto/MaximumComplex.xml
----------------- Instantiating /home/travis/build/icyphy/ptII/ptolemy/actor/lib/test/auto/MaximumComplex.xml
4 ms. Memory: 445440K Free: 224938K (50%)
----------------- Invoking toplevel() on ptolemy.moml.MoMLSimpleApplication@4a2ea9da
----------------- Done invoking toplevel() on ptolemy.moml.MoMLSimpleApplication@4a2ea9da
reloadAllAccessors: .MaximumComplex

===========================================================================================
----------------- testing Wed Feb 12 07:02:23 UTC 2020 /home/travis/build/icyphy/ptII/ptolemy/actor/lib/test/auto/MethodCallTest.xml
----------------- Instantiating /home/travis/build/icyphy/ptII/ptolemy/actor/lib/test/auto/MethodCallTest.xml
2 ms. Memory: 445440K Free: 218280K (49%)
----------------- Invoking toplevel() on ptolemy.moml.MoMLSimpleApplication@3f57b086
----------------- Done invoking toplevel() on ptolemy.moml.MoMLSimpleApplication@3f57b086
reloadAllAccessors: .MethodCallTest

===========================================================================================
----------------- testing Wed Feb 12 07:02:23 UTC 2020 /home/travis/build/icyphy/ptII/ptolemy/actor/lib/test/auto/Minimum.xml
----------------- Instantiating /home/travis/build/icyphy/ptII/ptolemy/actor/lib/test/auto/Minimum.xml
2 ms. Memory: 445440K Free: 211626K (48%)
----------------- Invoking toplevel() on ptolemy.moml.MoMLSimpleApplication@25d239d7
----------------- Done invoking toplevel() on ptolemy.moml.MoMLSimpleApplication@25d239d7
reloadAllAccessors: .Minimum

===========================================================================================
----------------- testing Wed Feb 12 07:02:23 UTC 2020 /home/travis/build/icyphy/ptII/ptolemy/actor/lib/test/auto/MinimumComplex.xml
----------------- Instantiating /home/travis/build/icyphy/ptII/ptolemy/actor/lib/test/auto/MinimumComplex.xml
3 ms. Memory: 445440K Free: 205482K (46%)
----------------- Invoking toplevel() on ptolemy.moml.MoMLSimpleApplication@3693b884
----------------- Done invoking toplevel() on ptolemy.moml.MoMLSimpleApplication@3693b884
reloadAllAccessors: .MinimumComplex

===========================================================================================
----------------- testing Wed Feb 12 07:02:23 UTC 2020 /home/travis/build/icyphy/ptII/ptolemy/actor/lib/test/auto/MinimumMultiports.xml
----------------- Instantiating /home/travis/build/icyphy/ptII/ptolemy/actor/lib/test/auto/MinimumMultiports.xml
5 ms. Memory: 445440K Free: 196770K (44%)
----------------- Invoking toplevel() on ptolemy.moml.MoMLSimpleApplication@2d77f696
----------------- Done invoking toplevel() on ptolemy.moml.MoMLSimpleApplication@2d77f696
reloadAllAccessors: .MinimumMultiports

===========================================================================================
----------------- testing Wed Feb 12 07:02:23 UTC 2020 /home/travis/build/icyphy/ptII/ptolemy/actor/lib/test/auto/ModifyDate.xml
----------------- Instantiating /home/travis/build/icyphy/ptII/ptolemy/actor/lib/test/auto/ModifyDate.xml
6 ms. Memory: 445440K Free: 183978K (41%)
----------------- Invoking toplevel() on ptolemy.moml.MoMLSimpleApplication@31a5f8e5
----------------- Done invoking toplevel() on ptolemy.moml.MoMLSimpleApplication@31a5f8e5
reloadAllAccessors: .ModifyDate

===========================================================================================
----------------- testing Wed Feb 12 07:02:23 UTC 2020 /home/travis/build/icyphy/ptII/ptolemy/actor/lib/test/auto/ModifyDate2.xml
----------------- Instantiating /home/travis/build/icyphy/ptII/ptolemy/actor/lib/test/auto/ModifyDate2.xml
7 ms. Memory: 445440K Free: 175272K (39%)
----------------- Invoking toplevel() on ptolemy.moml.MoMLSimpleApplication@4d9f2461
----------------- Done invoking toplevel() on ptolemy.moml.MoMLSimpleApplication@4d9f2461
reloadAllAccessors: .ModifyDate2

===========================================================================================
----------------- testing Wed Feb 12 07:02:23 UTC 2020 /home/travis/build/icyphy/ptII/ptolemy/actor/lib/test/auto/MovingAverage.xml
----------------- Instantiating /home/travis/build/icyphy/ptII/ptolemy/actor/lib/test/auto/MovingAverage.xml
9 ms. Memory: 445440K Free: 170152K (38%)
----------------- Invoking toplevel() on ptolemy.moml.MoMLSimpleApplication@70875dcd
----------------- Done invoking toplevel() on ptolemy.moml.MoMLSimpleApplication@70875dcd
reloadAllAccessors: .MovingAverage

===========================================================================================
----------------- testing Wed Feb 12 07:02:23 UTC 2020 /home/travis/build/icyphy/ptII/ptolemy/actor/lib/test/auto/MovingMaximum.xml
----------------- Instantiating /home/travis/build/icyphy/ptII/ptolemy/actor/lib/test/auto/MovingMaximum.xml
1 ms. Memory: 445440K Free: 165546K (37%)
----------------- Invoking toplevel() on ptolemy.moml.MoMLSimpleApplication@7ac796ea
----------------- Done invoking toplevel() on ptolemy.moml.MoMLSimpleApplication@7ac796ea
reloadAllAccessors: .MovingMaximum

===========================================================================================
----------------- testing Wed Feb 12 07:02:23 UTC 2020 /home/travis/build/icyphy/ptII/ptolemy/actor/lib/test/auto/MultipleLinksToSameRelation.xml
----------------- Instantiating /home/travis/build/icyphy/ptII/ptolemy/actor/lib/test/auto/MultipleLinksToSameRelation.xml
2 ms. Memory: 445440K Free: 161450K (36%)
----------------- Invoking toplevel() on ptolemy.moml.MoMLSimpleApplication@2eff187
----------------- Done invoking toplevel() on ptolemy.moml.MoMLSimpleApplication@2eff187
reloadAllAccessors: .MultipleLinksToSameRelation

===========================================================================================
----------------- testing Wed Feb 12 07:02:23 UTC 2020 /home/travis/build/icyphy/ptII/ptolemy/actor/lib/test/auto/MultipleLinksToSameRelationDE.xml
----------------- Instantiating /home/travis/build/icyphy/ptII/ptolemy/actor/lib/test/auto/MultipleLinksToSameRelationDE.xml
1 ms. Memory: 445440K Free: 156826K (35%)
----------------- Invoking toplevel() on ptolemy.moml.MoMLSimpleApplication@662047af
----------------- Done invoking toplevel() on ptolemy.moml.MoMLSimpleApplication@662047af
reloadAllAccessors: .MultipleLinksToSameRelationDE

===========================================================================================
----------------- testing Wed Feb 12 07:02:23 UTC 2020 /home/travis/build/icyphy/ptII/ptolemy/actor/lib/test/auto/Multiplexor.xml
----------------- Instantiating /home/travis/build/icyphy/ptII/ptolemy/actor/lib/test/auto/Multiplexor.xml
1 ms. Memory: 445440K Free: 151210K (34%)
----------------- Invoking toplevel() on ptolemy.moml.MoMLSimpleApplication@47e0942b
----------------- Done invoking toplevel() on ptolemy.moml.MoMLSimpleApplication@47e0942b
reloadAllAccessors: .Multiplexor

===========================================================================================
----------------- testing Wed Feb 12 07:02:23 UTC 2020 /home/travis/build/icyphy/ptII/ptolemy/actor/lib/test/auto/Multiplexor1.xml
----------------- Instantiating /home/travis/build/icyphy/ptII/ptolemy/actor/lib/test/auto/Multiplexor1.xml
2 ms. Memory: 445440K Free: 145570K (33%)
----------------- Invoking toplevel() on ptolemy.moml.MoMLSimpleApplication@18955474
----------------- Done invoking toplevel() on ptolemy.moml.MoMLSimpleApplication@18955474
reloadAllAccessors: .Multiplexor1

===========================================================================================
----------------- testing Wed Feb 12 07:02:23 UTC 2020 /home/travis/build/icyphy/ptII/ptolemy/actor/lib/test/auto/Multiplexor2.xml
----------------- Instantiating /home/travis/build/icyphy/ptII/ptolemy/actor/lib/test/auto/Multiplexor2.xml
4 ms. Memory: 445440K Free: 138922K (31%)
----------------- Invoking toplevel() on ptolemy.moml.MoMLSimpleApplication@7946f975
----------------- Done invoking toplevel() on ptolemy.moml.MoMLSimpleApplication@7946f975
reloadAllAccessors: .Multiplexor2

===========================================================================================
----------------- testing Wed Feb 12 07:02:23 UTC 2020 /home/travis/build/icyphy/ptII/ptolemy/actor/lib/test/auto/Multiplexor3.xml
----------------- Instantiating /home/travis/build/icyphy/ptII/ptolemy/actor/lib/test/auto/Multiplexor3.xml
2 ms. Memory: 445440K Free: 134826K (30%)
----------------- Invoking toplevel() on ptolemy.moml.MoMLSimpleApplication@4fba9b78
----------------- Done invoking toplevel() on ptolemy.moml.MoMLSimpleApplication@4fba9b78
reloadAllAccessors: .Multiplexor3

===========================================================================================
----------------- testing Wed Feb 12 07:02:23 UTC 2020 /home/travis/build/icyphy/ptII/ptolemy/actor/lib/test/auto/MultiplexorDE.xml
----------------- Instantiating /home/travis/build/icyphy/ptII/ptolemy/actor/lib/test/auto/MultiplexorDE.xml
2 ms. Memory: 445440K Free: 390230K (88%)
----------------- Invoking toplevel() on ptolemy.moml.MoMLSimpleApplication@64094a3b
----------------- Done invoking toplevel() on ptolemy.moml.MoMLSimpleApplication@64094a3b
reloadAllAccessors: .MultiplexorDE

===========================================================================================
----------------- testing Wed Feb 12 07:02:23 UTC 2020 /home/travis/build/icyphy/ptII/ptolemy/actor/lib/test/auto/MultiportBroadcastTest.xml
----------------- Instantiating /home/travis/build/icyphy/ptII/ptolemy/actor/lib/test/auto/MultiportBroadcastTest.xml
89 ms. Memory: 445440K Free: 383590K (86%)
----------------- Invoking toplevel() on ptolemy.moml.MoMLSimpleApplication@b683228
----------------- Done invoking toplevel() on ptolemy.moml.MoMLSimpleApplication@b683228
reloadAllAccessors: .MultiportBroadcastTest

===========================================================================================
----------------- testing Wed Feb 12 07:02:23 UTC 2020 /home/travis/build/icyphy/ptII/ptolemy/actor/lib/test/auto/MultiportOutHangDuringGetWidth.xml
----------------- Instantiating /home/travis/build/icyphy/ptII/ptolemy/actor/lib/test/auto/MultiportOutHangDuringGetWidth.xml
9 ms. Memory: 445440K Free: 371812K (83%)
----------------- Invoking toplevel() on ptolemy.moml.MoMLSimpleApplication@265804dd
----------------- Done invoking toplevel() on ptolemy.moml.MoMLSimpleApplication@265804dd
reloadAllAccessors: .MultiportOutHangDuringGetWidth

===========================================================================================
----------------- testing Wed Feb 12 07:02:23 UTC 2020 /home/travis/build/icyphy/ptII/ptolemy/actor/lib/test/auto/NilToken.xml
----------------- Instantiating /home/travis/build/icyphy/ptII/ptolemy/actor/lib/test/auto/NilToken.xml
1 ms. Memory: 445440K Free: 367716K (83%)
----------------- Invoking toplevel() on ptolemy.moml.MoMLSimpleApplication@6ed523e3
----------------- Done invoking toplevel() on ptolemy.moml.MoMLSimpleApplication@6ed523e3
reloadAllAccessors: .NilToken

===========================================================================================
----------------- testing Wed Feb 12 07:02:23 UTC 2020 /home/travis/build/icyphy/ptII/ptolemy/actor/lib/test/auto/NilTokenNonStrictTest.xml
----------------- Instantiating /home/travis/build/icyphy/ptII/ptolemy/actor/lib/test/auto/NilTokenNonStrictTest.xml
1 ms. Memory: 445440K Free: 363108K (82%)
----------------- Invoking toplevel() on ptolemy.moml.MoMLSimpleApplication@45ac3902
----------------- Done invoking toplevel() on ptolemy.moml.MoMLSimpleApplication@45ac3902
reloadAllAccessors: .NilTokenNonStrictTest

===========================================================================================
----------------- testing Wed Feb 12 07:02:23 UTC 2020 /home/travis/build/icyphy/ptII/ptolemy/actor/lib/test/auto/NilTokenRecord.xml
----------------- Instantiating /home/travis/build/icyphy/ptII/ptolemy/actor/lib/test/auto/NilTokenRecord.xml
5 ms. Memory: 445440K Free: 355942K (80%)
----------------- Invoking toplevel() on ptolemy.moml.MoMLSimpleApplication@21385f23
----------------- Done invoking toplevel() on ptolemy.moml.MoMLSimpleApplication@21385f23
reloadAllAccessors: .NilTokenRecord

===========================================================================================
----------------- testing Wed Feb 12 07:02:23 UTC 2020 /home/travis/build/icyphy/ptII/ptolemy/actor/lib/test/auto/NilTokenTypeTest.xml
----------------- Instantiating /home/travis/build/icyphy/ptII/ptolemy/actor/lib/test/auto/NilTokenTypeTest.xml
4 ms. Memory: 445440K Free: 346212K (78%)
----------------- Invoking toplevel() on ptolemy.moml.MoMLSimpleApplication@16c07c7c
----------------- Done invoking toplevel() on ptolemy.moml.MoMLSimpleApplication@16c07c7c
reloadAllAccessors: .NilTokenTypeTest

===========================================================================================
----------------- testing Wed Feb 12 07:02:23 UTC 2020 /home/travis/build/icyphy/ptII/ptolemy/actor/lib/test/auto/ObjectToken1.xml
----------------- Instantiating /home/travis/build/icyphy/ptII/ptolemy/actor/lib/test/auto/ObjectToken1.xml
2 ms. Memory: 445440K Free: 342116K (77%)
----------------- Invoking toplevel() on ptolemy.moml.MoMLSimpleApplication@6f00b28f
----------------- Done invoking toplevel() on ptolemy.moml.MoMLSimpleApplication@6f00b28f
reloadAllAccessors: .ObjectToken1

===========================================================================================
----------------- testing Wed Feb 12 07:02:23 UTC 2020 /home/travis/build/icyphy/ptII/ptolemy/actor/lib/test/auto/OrderedMerge.xml
----------------- Instantiating /home/travis/build/icyphy/ptII/ptolemy/actor/lib/test/auto/OrderedMerge.xml
6 ms. Memory: 445440K Free: 336486K (76%)
----------------- Invoking toplevel() on ptolemy.moml.MoMLSimpleApplication@783ac5d
----------------- Done invoking toplevel() on ptolemy.moml.MoMLSimpleApplication@783ac5d
reloadAllAccessors: .OrderedMerge

===========================================================================================
----------------- testing Wed Feb 12 07:02:23 UTC 2020 /home/travis/build/icyphy/ptII/ptolemy/actor/lib/test/auto/OrderedRecordDisassembler.xml
----------------- Instantiating /home/travis/build/icyphy/ptII/ptolemy/actor/lib/test/auto/OrderedRecordDisassembler.xml
3 ms. Memory: 445440K Free: 331366K (74%)
----------------- Invoking toplevel() on ptolemy.moml.MoMLSimpleApplication@7874d3b9
----------------- Done invoking toplevel() on ptolemy.moml.MoMLSimpleApplication@7874d3b9
reloadAllAccessors: .OrderedRecordDisassembler

===========================================================================================
----------------- testing Wed Feb 12 07:02:23 UTC 2020 /home/travis/build/icyphy/ptII/ptolemy/actor/lib/test/auto/OrderedRecordDisassembler2.xml
----------------- Instantiating /home/travis/build/icyphy/ptII/ptolemy/actor/lib/test/auto/OrderedRecordDisassembler2.xml
3 ms. Memory: 445440K Free: 323654K (73%)
----------------- Invoking toplevel() on ptolemy.moml.MoMLSimpleApplication@51614f7f
----------------- Done invoking toplevel() on ptolemy.moml.MoMLSimpleApplication@51614f7f
reloadAllAccessors: .OrderedRecordDisassembler2

===========================================================================================
----------------- testing Wed Feb 12 07:02:23 UTC 2020 /home/travis/build/icyphy/ptII/ptolemy/actor/lib/test/auto/OrderedRecordUpdater.xml
----------------- Instantiating /home/travis/build/icyphy/ptII/ptolemy/actor/lib/test/auto/OrderedRecordUpdater.xml
2 ms. Memory: 445440K Free: 318564K (72%)
----------------- Invoking toplevel() on ptolemy.moml.MoMLSimpleApplication@43d577e1
----------------- Done invoking toplevel() on ptolemy.moml.MoMLSimpleApplication@43d577e1
reloadAllAccessors: .RecordUpdater

===========================================================================================
----------------- testing Wed Feb 12 07:02:23 UTC 2020 /home/travis/build/icyphy/ptII/ptolemy/actor/lib/test/auto/OrderedRecordUpdater2.xml
----------------- Instantiating /home/travis/build/icyphy/ptII/ptolemy/actor/lib/test/auto/OrderedRecordUpdater2.xml
3 ms. Memory: 445440K Free: 313444K (70%)
----------------- Invoking toplevel() on ptolemy.moml.MoMLSimpleApplication@496cf128
----------------- Done invoking toplevel() on ptolemy.moml.MoMLSimpleApplication@496cf128
reloadAllAccessors: .RecordUpdater2

===========================================================================================
----------------- testing Wed Feb 12 07:02:23 UTC 2020 /home/travis/build/icyphy/ptII/ptolemy/actor/lib/test/auto/PhaseUnwrap.xml
----------------- Instantiating /home/travis/build/icyphy/ptII/ptolemy/actor/lib/test/auto/PhaseUnwrap.xml
2 ms. Memory: 445440K Free: 308838K (69%)
----------------- Invoking toplevel() on ptolemy.moml.MoMLSimpleApplication@40df95d9
----------------- Done invoking toplevel() on ptolemy.moml.MoMLSimpleApplication@40df95d9
reloadAllAccessors: .PhaseUnwrap

===========================================================================================
----------------- testing Wed Feb 12 07:02:24 UTC 2020 /home/travis/build/icyphy/ptII/ptolemy/actor/lib/test/auto/PoissonClock.xml
----------------- Instantiating /home/travis/build/icyphy/ptII/ptolemy/actor/lib/test/auto/PoissonClock.xml
3 ms. Memory: 445440K Free: 304742K (68%)
----------------- Invoking toplevel() on ptolemy.moml.MoMLSimpleApplication@78522355
----------------- Done invoking toplevel() on ptolemy.moml.MoMLSimpleApplication@78522355
reloadAllAccessors: .PoissonClock

===========================================================================================
----------------- testing Wed Feb 12 07:02:24 UTC 2020 /home/travis/build/icyphy/ptII/ptolemy/actor/lib/test/auto/PoissonClock2.xml
----------------- Instantiating /home/travis/build/icyphy/ptII/ptolemy/actor/lib/test/auto/PoissonClock2.xml
1 ms. Memory: 445440K Free: 300132K (67%)
----------------- Invoking toplevel() on ptolemy.moml.MoMLSimpleApplication@1688f517
----------------- Done invoking toplevel() on ptolemy.moml.MoMLSimpleApplication@1688f517
reloadAllAccessors: .PoissonClock2

===========================================================================================
----------------- testing Wed Feb 12 07:02:24 UTC 2020 /home/travis/build/icyphy/ptII/ptolemy/actor/lib/test/auto/PoissonClock3.xml
----------------- Instantiating /home/travis/build/icyphy/ptII/ptolemy/actor/lib/test/auto/PoissonClock3.xml
1 ms. Memory: 445440K Free: 295012K (66%)
----------------- Invoking toplevel() on ptolemy.moml.MoMLSimpleApplication@5a36c979
----------------- Done invoking toplevel() on ptolemy.moml.MoMLSimpleApplication@5a36c979
reloadAllAccessors: .PoissonClock3

===========================================================================================
----------------- testing Wed Feb 12 07:02:24 UTC 2020 /home/travis/build/icyphy/ptII/ptolemy/actor/lib/test/auto/PubSubWithInitialTokens.xml
----------------- Instantiating /home/travis/build/icyphy/ptII/ptolemy/actor/lib/test/auto/PubSubWithInitialTokens.xml
4 ms. Memory: 445440K Free: 289382K (65%)
----------------- Invoking toplevel() on ptolemy.moml.MoMLSimpleApplication@1674ffb6
----------------- Done invoking toplevel() on ptolemy.moml.MoMLSimpleApplication@1674ffb6
reloadAllAccessors: .PubSubWithInitialTokens

===========================================================================================
----------------- testing Wed Feb 12 07:02:24 UTC 2020 /home/travis/build/icyphy/ptII/ptolemy/actor/lib/test/auto/PubSubWithInitialTokens2.xml
----------------- Instantiating /home/travis/build/icyphy/ptII/ptolemy/actor/lib/test/auto/PubSubWithInitialTokens2.xml
2 ms. Memory: 445440K Free: 283238K (64%)
----------------- Invoking toplevel() on ptolemy.moml.MoMLSimpleApplication@60676205
----------------- Done invoking toplevel() on ptolemy.moml.MoMLSimpleApplication@60676205
reloadAllAccessors: .PubSubWithInitialTokens2

===========================================================================================
----------------- testing Wed Feb 12 07:02:24 UTC 2020 /home/travis/build/icyphy/ptII/ptolemy/actor/lib/test/auto/PublisherClassNoParameter.xml
----------------- Instantiating /home/travis/build/icyphy/ptII/ptolemy/actor/lib/test/auto/PublisherClassNoParameter.xml
2 ms. Memory: 445440K Free: 273494K (61%)
----------------- Invoking toplevel() on ptolemy.moml.MoMLSimpleApplication@26be0485
----------------- Done invoking toplevel() on ptolemy.moml.MoMLSimpleApplication@26be0485
reloadAllAccessors: .PublisherClassNoParameter

===========================================================================================
----------------- testing Wed Feb 12 07:02:24 UTC 2020 /home/travis/build/icyphy/ptII/ptolemy/actor/lib/test/auto/PublisherClassParameter.xml
----------------- Instantiating /home/travis/build/icyphy/ptII/ptolemy/actor/lib/test/auto/PublisherClassParameter.xml
2 ms. Memory: 445440K Free: 263262K (59%)
----------------- Invoking toplevel() on ptolemy.moml.MoMLSimpleApplication@71c0de65
----------------- Done invoking toplevel() on ptolemy.moml.MoMLSimpleApplication@71c0de65
reloadAllAccessors: .PublisherClassParameter

===========================================================================================
----------------- testing Wed Feb 12 07:02:24 UTC 2020 /home/travis/build/icyphy/ptII/ptolemy/actor/lib/test/auto/PublisherNonStrictTest.xml
----------------- Instantiating /home/travis/build/icyphy/ptII/ptolemy/actor/lib/test/auto/PublisherNonStrictTest.xml
3 ms. Memory: 445440K Free: 255590K (57%)
----------------- Invoking toplevel() on ptolemy.moml.MoMLSimpleApplication@7b90fa8d
----------------- Done invoking toplevel() on ptolemy.moml.MoMLSimpleApplication@7b90fa8d
reloadAllAccessors: .PublisherNonStrictTest

===========================================================================================
----------------- testing Wed Feb 12 07:02:24 UTC 2020 /home/travis/build/icyphy/ptII/ptolemy/actor/lib/test/auto/PublisherPort1.xml
----------------- Instantiating /home/travis/build/icyphy/ptII/ptolemy/actor/lib/test/auto/PublisherPort1.xml
13 ms. Memory: 445440K Free: 249942K (56%)
----------------- Invoking toplevel() on ptolemy.moml.MoMLSimpleApplication@f7561a7
----------------- Done invoking toplevel() on ptolemy.moml.MoMLSimpleApplication@f7561a7
reloadAllAccessors: .PublisherPort1

===========================================================================================
----------------- testing Wed Feb 12 07:02:24 UTC 2020 /home/travis/build/icyphy/ptII/ptolemy/actor/lib/test/auto/PublisherPort2.xml
----------------- Instantiating /home/travis/build/icyphy/ptII/ptolemy/actor/lib/test/auto/PublisherPort2.xml
2 ms. Memory: 445440K Free: 244836K (55%)
----------------- Invoking toplevel() on ptolemy.moml.MoMLSimpleApplication@2753ab42
----------------- Done invoking toplevel() on ptolemy.moml.MoMLSimpleApplication@2753ab42
reloadAllAccessors: .PublisherPort2

===========================================================================================
----------------- testing Wed Feb 12 07:02:24 UTC 2020 /home/travis/build/icyphy/ptII/ptolemy/actor/lib/test/auto/PublisherPort3.xml
----------------- Instantiating /home/travis/build/icyphy/ptII/ptolemy/actor/lib/test/auto/PublisherPort3.xml
3 ms. Memory: 445440K Free: 238182K (53%)
----------------- Invoking toplevel() on ptolemy.moml.MoMLSimpleApplication@3cd7e1c8
----------------- Done invoking toplevel() on ptolemy.moml.MoMLSimpleApplication@3cd7e1c8
reloadAllAccessors: .PublisherPort3

===========================================================================================
----------------- testing Wed Feb 12 07:02:24 UTC 2020 /home/travis/build/icyphy/ptII/ptolemy/actor/lib/test/auto/PublisherPort4.xml
----------------- Instantiating /home/travis/build/icyphy/ptII/ptolemy/actor/lib/test/auto/PublisherPort4.xml
2 ms. Memory: 445440K Free: 232542K (52%)
----------------- Invoking toplevel() on ptolemy.moml.MoMLSimpleApplication@72020ffd
----------------- Done invoking toplevel() on ptolemy.moml.MoMLSimpleApplication@72020ffd
reloadAllAccessors: .PublisherPort4

===========================================================================================
----------------- testing Wed Feb 12 07:02:24 UTC 2020 /home/travis/build/icyphy/ptII/ptolemy/actor/lib/test/auto/PublisherPort5.xml
----------------- Instantiating /home/travis/build/icyphy/ptII/ptolemy/actor/lib/test/auto/PublisherPort5.xml
4 ms. Memory: 445440K Free: 224356K (50%)
----------------- Invoking toplevel() on ptolemy.moml.MoMLSimpleApplication@62b15d5e
----------------- Done invoking toplevel() on ptolemy.moml.MoMLSimpleApplication@62b15d5e
reloadAllAccessors: .PublisherPort5

===========================================================================================
----------------- testing Wed Feb 12 07:02:24 UTC 2020 /home/travis/build/icyphy/ptII/ptolemy/actor/lib/test/auto/PublisherPort5LookAlike.xml
----------------- Instantiating /home/travis/build/icyphy/ptII/ptolemy/actor/lib/test/auto/PublisherPort5LookAlike.xml
6 ms. Memory: 445440K Free: 216678K (49%)
----------------- Invoking toplevel() on ptolemy.moml.MoMLSimpleApplication@27cd45e2
----------------- Done invoking toplevel() on ptolemy.moml.MoMLSimpleApplication@27cd45e2
reloadAllAccessors: .PublisherPort5LookAlike

===========================================================================================
----------------- testing Wed Feb 12 07:02:24 UTC 2020 /home/travis/build/icyphy/ptII/ptolemy/actor/lib/test/auto/PublisherPort6.xml
----------------- Instantiating /home/travis/build/icyphy/ptII/ptolemy/actor/lib/test/auto/PublisherPort6.xml
2 ms. Memory: 445440K Free: 210006K (47%)
----------------- Invoking toplevel() on ptolemy.moml.MoMLSimpleApplication@76619ec7
----------------- Done invoking toplevel() on ptolemy.moml.MoMLSimpleApplication@76619ec7
reloadAllAccessors: .PublisherPort6

===========================================================================================
----------------- testing Wed Feb 12 07:02:24 UTC 2020 /home/travis/build/icyphy/ptII/ptolemy/actor/lib/test/auto/PublisherPort7.xml
----------------- Instantiating /home/travis/build/icyphy/ptII/ptolemy/actor/lib/test/auto/PublisherPort7.xml
3 ms. Memory: 445440K Free: 202342K (45%)
----------------- Invoking toplevel() on ptolemy.moml.MoMLSimpleApplication@2bc6b1eb
----------------- Done invoking toplevel() on ptolemy.moml.MoMLSimpleApplication@2bc6b1eb
reloadAllAccessors: .PublisherPort7

===========================================================================================
----------------- testing Wed Feb 12 07:02:24 UTC 2020 /home/travis/build/icyphy/ptII/ptolemy/actor/lib/test/auto/PublisherPort8.xml
----------------- Instantiating /home/travis/build/icyphy/ptII/ptolemy/actor/lib/test/auto/PublisherPort8.xml
4 ms. Memory: 445440K Free: 193636K (43%)
----------------- Invoking toplevel() on ptolemy.moml.MoMLSimpleApplication@3d11b5dd
----------------- Done invoking toplevel() on ptolemy.moml.MoMLSimpleApplication@3d11b5dd
reloadAllAccessors: .PublisherPort8

===========================================================================================
----------------- testing Wed Feb 12 07:02:24 UTC 2020 /home/travis/build/icyphy/ptII/ptolemy/actor/lib/test/auto/PublisherPortSubscriberChannelVariablesAOC2.xml
----------------- Instantiating /home/travis/build/icyphy/ptII/ptolemy/actor/lib/test/auto/PublisherPortSubscriberChannelVariablesAOC2.xml
3 ms. Memory: 445440K Free: 175718K (39%)
----------------- Invoking toplevel() on ptolemy.moml.MoMLSimpleApplication@1e132625
----------------- Done invoking toplevel() on ptolemy.moml.MoMLSimpleApplication@1e132625
reloadAllAccessors: .PublisherPortSubscriberChannelVariablesAOC2

===========================================================================================
----------------- testing Wed Feb 12 07:02:24 UTC 2020 /home/travis/build/icyphy/ptII/ptolemy/actor/lib/test/auto/PublisherPortSubscriberOpaqueWidthInference.xml
----------------- Instantiating /home/travis/build/icyphy/ptII/ptolemy/actor/lib/test/auto/PublisherPortSubscriberOpaqueWidthInference.xml
3 ms. Memory: 445440K Free: 168022K (38%)
----------------- Invoking toplevel() on ptolemy.moml.MoMLSimpleApplication@22570446
----------------- Done invoking toplevel() on ptolemy.moml.MoMLSimpleApplication@22570446
reloadAllAccessors: .PublisherPortSubscriberOpaqueWidthInference

===========================================================================================
----------------- testing Wed Feb 12 07:02:24 UTC 2020 /home/travis/build/icyphy/ptII/ptolemy/actor/lib/test/auto/PublisherPortSubscriberPortAdjacent.xml
----------------- Instantiating /home/travis/build/icyphy/ptII/ptolemy/actor/lib/test/auto/PublisherPortSubscriberPortAdjacent.xml
1 ms. Memory: 445440K Free: 159334K (36%)
----------------- Invoking toplevel() on ptolemy.moml.MoMLSimpleApplication@4907c95c
----------------- Done invoking toplevel() on ptolemy.moml.MoMLSimpleApplication@4907c95c
reloadAllAccessors: .PublisherPortSubscriberPortAdjacent

===========================================================================================
----------------- testing Wed Feb 12 07:02:24 UTC 2020 /home/travis/build/icyphy/ptII/ptolemy/actor/lib/test/auto/PublisherPortSubscriberPortExpression.xml
----------------- Instantiating /home/travis/build/icyphy/ptII/ptolemy/actor/lib/test/auto/PublisherPortSubscriberPortExpression.xml
8 ms. Memory: 445440K Free: 151646K (34%)
----------------- Invoking toplevel() on ptolemy.moml.MoMLSimpleApplication@781de8ee
----------------- Done invoking toplevel() on ptolemy.moml.MoMLSimpleApplication@781de8ee
reloadAllAccessors: .PublisherPortSubscriberPortExpression

===========================================================================================
----------------- testing Wed Feb 12 07:02:24 UTC 2020 /home/travis/build/icyphy/ptII/ptolemy/actor/lib/test/auto/PublisherPortSubscriberPortOpaqueD3Reverse.xml
----------------- Instantiating /home/travis/build/icyphy/ptII/ptolemy/actor/lib/test/auto/PublisherPortSubscriberPortOpaqueD3Reverse.xml
6 ms. Memory: 445440K Free: 141412K (32%)
----------------- Invoking toplevel() on ptolemy.moml.MoMLSimpleApplication@e489d2d
----------------- Done invoking toplevel() on ptolemy.moml.MoMLSimpleApplication@e489d2d
reloadAllAccessors: .PublisherPortSubscriberPortOpaqueD3Reverse

===========================================================================================
----------------- testing Wed Feb 12 07:02:24 UTC 2020 /home/travis/build/icyphy/ptII/ptolemy/actor/lib/test/auto/PublisherPortSubscriberPortOpaqueWidthInference.xml
----------------- Instantiating /home/travis/build/icyphy/ptII/ptolemy/actor/lib/test/auto/PublisherPortSubscriberPortOpaqueWidthInference.xml
3 ms. Memory: 445440K Free: 133734K (30%)
----------------- Invoking toplevel() on ptolemy.moml.MoMLSimpleApplication@6d995a20
----------------- Done invoking toplevel() on ptolemy.moml.MoMLSimpleApplication@6d995a20
reloadAllAccessors: .PublisherPortSubscriberPortOpaqueWidthInference

===========================================================================================
----------------- testing Wed Feb 12 07:02:24 UTC 2020 /home/travis/build/icyphy/ptII/ptolemy/actor/lib/test/auto/PublisherPortToplevelSubscriberPortAOC.xml
----------------- Instantiating /home/travis/build/icyphy/ptII/ptolemy/actor/lib/test/auto/PublisherPortToplevelSubscriberPortAOC.xml
.PublisherPortToplevelSubscriberPortAOC.TestExceptionAttribute: initialize() was not invoked, but wrapup() was.  This is unusual, but not always a problem.  For example, exporting JNLP will do this.
1 ms. Memory: 445440K Free: 391458K (88%)
----------------- Invoking toplevel() on ptolemy.moml.MoMLSimpleApplication@32228215
----------------- Done invoking toplevel() on ptolemy.moml.MoMLSimpleApplication@32228215
reloadAllAccessors: .PublisherPortToplevelSubscriberPortAOC

===========================================================================================
----------------- testing Wed Feb 12 07:02:24 UTC 2020 /home/travis/build/icyphy/ptII/ptolemy/actor/lib/test/auto/PublisherSubscriber.xml
----------------- Instantiating /home/travis/build/icyphy/ptII/ptolemy/actor/lib/test/auto/PublisherSubscriber.xml
2 ms. Memory: 445440K Free: 383746K (86%)
----------------- Invoking toplevel() on ptolemy.moml.MoMLSimpleApplication@3751e6e9
----------------- Done invoking toplevel() on ptolemy.moml.MoMLSimpleApplication@3751e6e9
reloadAllAccessors: .PublisherSubscriber

===========================================================================================
----------------- testing Wed Feb 12 07:02:24 UTC 2020 /home/travis/build/icyphy/ptII/ptolemy/actor/lib/test/auto/PublisherSubscriber10.xml
----------------- Instantiating /home/travis/build/icyphy/ptII/ptolemy/actor/lib/test/auto/PublisherSubscriber10.xml
6 ms. Memory: 445440K Free: 374050K (84%)
----------------- Invoking toplevel() on ptolemy.moml.MoMLSimpleApplication@43d43321
----------------- Done invoking toplevel() on ptolemy.moml.MoMLSimpleApplication@43d43321
reloadAllAccessors: .PublisherSubscriber10

===========================================================================================
----------------- testing Wed Feb 12 07:02:24 UTC 2020 /home/travis/build/icyphy/ptII/ptolemy/actor/lib/test/auto/PublisherSubscriber10InitialOutputs.xml
----------------- Instantiating /home/travis/build/icyphy/ptII/ptolemy/actor/lib/test/auto/PublisherSubscriber10InitialOutputs.xml
14 ms. Memory: 445440K Free: 364834K (82%)
----------------- Invoking toplevel() on ptolemy.moml.MoMLSimpleApplication@105e6df7
----------------- Done invoking toplevel() on ptolemy.moml.MoMLSimpleApplication@105e6df7
reloadAllAccessors: .PublisherSubscriber10InitialOutputs

===========================================================================================
----------------- testing Wed Feb 12 07:02:24 UTC 2020 /home/travis/build/icyphy/ptII/ptolemy/actor/lib/test/auto/PublisherSubscriber11.xml
----------------- Instantiating /home/travis/build/icyphy/ptII/ptolemy/actor/lib/test/auto/PublisherSubscriber11.xml
3 ms. Memory: 445440K Free: 358690K (81%)
----------------- Invoking toplevel() on ptolemy.moml.MoMLSimpleApplication@7403afab
----------------- Done invoking toplevel() on ptolemy.moml.MoMLSimpleApplication@7403afab
reloadAllAccessors: .PublisherSubscriber11

===========================================================================================
----------------- testing Wed Feb 12 07:02:24 UTC 2020 /home/travis/build/icyphy/ptII/ptolemy/actor/lib/test/auto/PublisherSubscriber12.xml
----------------- Instantiating /home/travis/build/icyphy/ptII/ptolemy/actor/lib/test/auto/PublisherSubscriber12.xml
4 ms. Memory: 445440K Free: 351522K (79%)
----------------- Invoking toplevel() on ptolemy.moml.MoMLSimpleApplication@2763e51a
----------------- Done invoking toplevel() on ptolemy.moml.MoMLSimpleApplication@2763e51a
reloadAllAccessors: .PublisherSubscriber12

===========================================================================================
----------------- testing Wed Feb 12 07:02:24 UTC 2020 /home/travis/build/icyphy/ptII/ptolemy/actor/lib/test/auto/PublisherSubscriber13.xml
----------------- Instantiating /home/travis/build/icyphy/ptII/ptolemy/actor/lib/test/auto/PublisherSubscriber13.xml
2 ms. Memory: 445440K Free: 345858K (78%)
----------------- Invoking toplevel() on ptolemy.moml.MoMLSimpleApplication@184bf9f
----------------- Done invoking toplevel() on ptolemy.moml.MoMLSimpleApplication@184bf9f
reloadAllAccessors: .PublisherSubscriber13

===========================================================================================
----------------- testing Wed Feb 12 07:02:24 UTC 2020 /home/travis/build/icyphy/ptII/ptolemy/actor/lib/test/auto/PublisherSubscriber14.xml
----------------- Instantiating /home/travis/build/icyphy/ptII/ptolemy/actor/lib/test/auto/PublisherSubscriber14.xml
2 ms. Memory: 445440K Free: 336642K (76%)
----------------- Invoking toplevel() on ptolemy.moml.MoMLSimpleApplication@5d7a5fa
----------------- Done invoking toplevel() on ptolemy.moml.MoMLSimpleApplication@5d7a5fa
reloadAllAccessors: .PublisherSubscriber14

===========================================================================================
----------------- testing Wed Feb 12 07:02:24 UTC 2020 /home/travis/build/icyphy/ptII/ptolemy/actor/lib/test/auto/PublisherSubscriber2.xml
----------------- Instantiating /home/travis/build/icyphy/ptII/ptolemy/actor/lib/test/auto/PublisherSubscriber2.xml
3 ms. Memory: 445440K Free: 331042K (74%)
----------------- Invoking toplevel() on ptolemy.moml.MoMLSimpleApplication@37fa72ea
----------------- Done invoking toplevel() on ptolemy.moml.MoMLSimpleApplication@37fa72ea
reloadAllAccessors: .PublisherSubscriber2

===========================================================================================
----------------- testing Wed Feb 12 07:02:24 UTC 2020 /home/travis/build/icyphy/ptII/ptolemy/actor/lib/test/auto/PublisherSubscriber3.xml
----------------- Instantiating /home/travis/build/icyphy/ptII/ptolemy/actor/lib/test/auto/PublisherSubscriber3.xml
2 ms. Memory: 445440K Free: 325378K (73%)
----------------- Invoking toplevel() on ptolemy.moml.MoMLSimpleApplication@6974bc9b
----------------- Done invoking toplevel() on ptolemy.moml.MoMLSimpleApplication@6974bc9b
reloadAllAccessors: .PublisherSubscriber3

===========================================================================================
----------------- testing Wed Feb 12 07:02:24 UTC 2020 /home/travis/build/icyphy/ptII/ptolemy/actor/lib/test/auto/PublisherSubscriber4.xml
----------------- Instantiating /home/travis/build/icyphy/ptII/ptolemy/actor/lib/test/auto/PublisherSubscriber4.xml
1 ms. Memory: 445440K Free: 320258K (72%)
----------------- Invoking toplevel() on ptolemy.moml.MoMLSimpleApplication@3f7e6b22
----------------- Done invoking toplevel() on ptolemy.moml.MoMLSimpleApplication@3f7e6b22
reloadAllAccessors: .PublisherSubscriber4

===========================================================================================
----------------- testing Wed Feb 12 07:02:24 UTC 2020 /home/travis/build/icyphy/ptII/ptolemy/actor/lib/test/auto/PublisherSubscriber5.xml
----------------- Instantiating /home/travis/build/icyphy/ptII/ptolemy/actor/lib/test/auto/PublisherSubscriber5.xml
2 ms. Memory: 445440K Free: 313106K (70%)
----------------- Invoking toplevel() on ptolemy.moml.MoMLSimpleApplication@5dcb4a5a
----------------- Done invoking toplevel() on ptolemy.moml.MoMLSimpleApplication@5dcb4a5a
reloadAllAccessors: .PublisherSubscriber5

===========================================================================================
----------------- testing Wed Feb 12 07:02:24 UTC 2020 /home/travis/build/icyphy/ptII/ptolemy/actor/lib/test/auto/PublisherSubscriber6.xml
----------------- Instantiating /home/travis/build/icyphy/ptII/ptolemy/actor/lib/test/auto/PublisherSubscriber6.xml
4 ms. Memory: 445440K Free: 306466K (69%)
----------------- Invoking toplevel() on ptolemy.moml.MoMLSimpleApplication@2a0e338b
----------------- Done invoking toplevel() on ptolemy.moml.MoMLSimpleApplication@2a0e338b
reloadAllAccessors: .PublisherSubscriber6

===========================================================================================
----------------- testing Wed Feb 12 07:02:24 UTC 2020 /home/travis/build/icyphy/ptII/ptolemy/actor/lib/test/auto/PublisherSubscriber7.xml
----------------- Instantiating /home/travis/build/icyphy/ptII/ptolemy/actor/lib/test/auto/PublisherSubscriber7.xml
7 ms. Memory: 445440K Free: 299808K (67%)
----------------- Invoking toplevel() on ptolemy.moml.MoMLSimpleApplication@5eeb170a
----------------- Done invoking toplevel() on ptolemy.moml.MoMLSimpleApplication@5eeb170a
reloadAllAccessors: .PublisherSubscriber7

===========================================================================================
----------------- testing Wed Feb 12 07:02:24 UTC 2020 /home/travis/build/icyphy/ptII/ptolemy/actor/lib/test/auto/PublisherSubscriber8.xml
----------------- Instantiating /home/travis/build/icyphy/ptII/ptolemy/actor/lib/test/auto/PublisherSubscriber8.xml
18 ms. Memory: 445440K Free: 288034K (65%)
----------------- Invoking toplevel() on ptolemy.moml.MoMLSimpleApplication@6cdcba25
----------------- Done invoking toplevel() on ptolemy.moml.MoMLSimpleApplication@6cdcba25
reloadAllAccessors: .PublisherSubscriber8

===========================================================================================
----------------- testing Wed Feb 12 07:02:24 UTC 2020 /home/travis/build/icyphy/ptII/ptolemy/actor/lib/test/auto/PublisherSubscriber9.xml
----------------- Instantiating /home/travis/build/icyphy/ptII/ptolemy/actor/lib/test/auto/PublisherSubscriber9.xml
3 ms. Memory: 445440K Free: 280866K (63%)
----------------- Invoking toplevel() on ptolemy.moml.MoMLSimpleApplication@55fca1bd
----------------- Done invoking toplevel() on ptolemy.moml.MoMLSimpleApplication@55fca1bd
reloadAllAccessors: .PublisherSubscriber9

===========================================================================================
----------------- testing Wed Feb 12 07:02:24 UTC 2020 /home/travis/build/icyphy/ptII/ptolemy/actor/lib/test/auto/PublisherSubscriberAdjacent.xml
----------------- Instantiating /home/travis/build/icyphy/ptII/ptolemy/actor/lib/test/auto/PublisherSubscriberAdjacent.xml
2 ms. Memory: 445440K Free: 272674K (61%)
----------------- Invoking toplevel() on ptolemy.moml.MoMLSimpleApplication@bd94f73
----------------- Done invoking toplevel() on ptolemy.moml.MoMLSimpleApplication@bd94f73
reloadAllAccessors: .PublisherSubscriberAdjacent

===========================================================================================
----------------- testing Wed Feb 12 07:02:24 UTC 2020 /home/travis/build/icyphy/ptII/ptolemy/actor/lib/test/auto/PublisherSubscriberChannelVariablesAOC2.xml
----------------- Instantiating /home/travis/build/icyphy/ptII/ptolemy/actor/lib/test/auto/PublisherSubscriberChannelVariablesAOC2.xml
2 ms. Memory: 445440K Free: 257314K (58%)
----------------- Invoking toplevel() on ptolemy.moml.MoMLSimpleApplication@5d32768b
----------------- Done invoking toplevel() on ptolemy.moml.MoMLSimpleApplication@5d32768b
reloadAllAccessors: .PublisherSubscriberChannelVariablesAOC2

===========================================================================================
----------------- testing Wed Feb 12 07:02:24 UTC 2020 /home/travis/build/icyphy/ptII/ptolemy/actor/lib/test/auto/PublisherSubscriberD3.xml
----------------- Instantiating /home/travis/build/icyphy/ptII/ptolemy/actor/lib/test/auto/PublisherSubscriberD3.xml
2 ms. Memory: 445440K Free: 250146K (56%)
----------------- Invoking toplevel() on ptolemy.moml.MoMLSimpleApplication@677d17ec
----------------- Done invoking toplevel() on ptolemy.moml.MoMLSimpleApplication@677d17ec
reloadAllAccessors: .PublisherSubscriberD3

===========================================================================================
----------------- testing Wed Feb 12 07:02:24 UTC 2020 /home/travis/build/icyphy/ptII/ptolemy/actor/lib/test/auto/PublisherSubscriberD3Reverse.xml
----------------- Instantiating /home/travis/build/icyphy/ptII/ptolemy/actor/lib/test/auto/PublisherSubscriberD3Reverse.xml
4 ms. Memory: 445440K Free: 244002K (55%)
----------------- Invoking toplevel() on ptolemy.moml.MoMLSimpleApplication@3f22de12
----------------- Done invoking toplevel() on ptolemy.moml.MoMLSimpleApplication@3f22de12
reloadAllAccessors: .PublisherSubscriberD3Reverse

===========================================================================================
----------------- testing Wed Feb 12 07:02:24 UTC 2020 /home/travis/build/icyphy/ptII/ptolemy/actor/lib/test/auto/PublisherSubscriberExpression.xml
----------------- Instantiating /home/travis/build/icyphy/ptII/ptolemy/actor/lib/test/auto/PublisherSubscriberExpression.xml
4 ms. Memory: 445440K Free: 235810K (53%)
----------------- Invoking toplevel() on ptolemy.moml.MoMLSimpleApplication@5dcce61e
----------------- Done invoking toplevel() on ptolemy.moml.MoMLSimpleApplication@5dcce61e
reloadAllAccessors: .PublisherSubscriberExpression

===========================================================================================
----------------- testing Wed Feb 12 07:02:24 UTC 2020 /home/travis/build/icyphy/ptII/ptolemy/actor/lib/test/auto/PublisherSubscriberOpaque.xml
----------------- Instantiating /home/travis/build/icyphy/ptII/ptolemy/actor/lib/test/auto/PublisherSubscriberOpaque.xml
4 ms. Memory: 445440K Free: 227618K (51%)
----------------- Invoking toplevel() on ptolemy.moml.MoMLSimpleApplication@77f8eca0
----------------- Done invoking toplevel() on ptolemy.moml.MoMLSimpleApplication@77f8eca0
reloadAllAccessors: .PublisherSubscriberOpaque

===========================================================================================
----------------- testing Wed Feb 12 07:02:24 UTC 2020 /home/travis/build/icyphy/ptII/ptolemy/actor/lib/test/auto/PublisherSubscriberOpaqueD3.xml
----------------- Instantiating /home/travis/build/icyphy/ptII/ptolemy/actor/lib/test/auto/PublisherSubscriberOpaqueD3.xml
6 ms. Memory: 445440K Free: 215840K (48%)
----------------- Invoking toplevel() on ptolemy.moml.MoMLSimpleApplication@72977782
----------------- Done invoking toplevel() on ptolemy.moml.MoMLSimpleApplication@72977782
reloadAllAccessors: .PublisherSubscriberOpaqueD3

===========================================================================================
----------------- testing Wed Feb 12 07:02:24 UTC 2020 /home/travis/build/icyphy/ptII/ptolemy/actor/lib/test/auto/PublisherSubscriberOpaqueD3Reverse.xml
----------------- Instantiating /home/travis/build/icyphy/ptII/ptolemy/actor/lib/test/auto/PublisherSubscriberOpaqueD3Reverse.xml
7 ms. Memory: 445440K Free: 205090K (46%)
----------------- Invoking toplevel() on ptolemy.moml.MoMLSimpleApplication@1dab1b37
----------------- Done invoking toplevel() on ptolemy.moml.MoMLSimpleApplication@1dab1b37
reloadAllAccessors: .PublisherSubscriberOpaqueD3Reverse

===========================================================================================
----------------- testing Wed Feb 12 07:02:24 UTC 2020 /home/travis/build/icyphy/ptII/ptolemy/actor/lib/test/auto/PublisherSubscriberOpaqueWidthInference.xml
----------------- Instantiating /home/travis/build/icyphy/ptII/ptolemy/actor/lib/test/auto/PublisherSubscriberOpaqueWidthInference.xml
4 ms. Memory: 445440K Free: 196898K (44%)
----------------- Invoking toplevel() on ptolemy.moml.MoMLSimpleApplication@1fae3101
----------------- Done invoking toplevel() on ptolemy.moml.MoMLSimpleApplication@1fae3101
reloadAllAccessors: .PublisherSubscriberOpaqueWidthInference

===========================================================================================
----------------- testing Wed Feb 12 07:02:24 UTC 2020 /home/travis/build/icyphy/ptII/ptolemy/actor/lib/test/auto/PublisherTestSubscriber.xml
----------------- Instantiating /home/travis/build/icyphy/ptII/ptolemy/actor/lib/test/auto/PublisherTestSubscriber.xml
3 ms. Memory: 445440K Free: 189210K (42%)
----------------- Invoking toplevel() on ptolemy.moml.MoMLSimpleApplication@287ff97e
----------------- Done invoking toplevel() on ptolemy.moml.MoMLSimpleApplication@287ff97e
reloadAllAccessors: .PublisherTestSubscriber

===========================================================================================
----------------- testing Wed Feb 12 07:02:25 UTC 2020 /home/travis/build/icyphy/ptII/ptolemy/actor/lib/test/auto/PublisherToplevelSubscriberPortAOC.xml
----------------- Instantiating /home/travis/build/icyphy/ptII/ptolemy/actor/lib/test/auto/PublisherToplevelSubscriberPortAOC.xml
2 ms. Memory: 445440K Free: 183042K (41%)
----------------- Invoking toplevel() on ptolemy.moml.MoMLSimpleApplication@1b4036c6
----------------- Done invoking toplevel() on ptolemy.moml.MoMLSimpleApplication@1b4036c6
reloadAllAccessors: .PublisherToplevelSubscriberPortAOC

===========================================================================================
----------------- testing Wed Feb 12 07:02:25 UTC 2020 /home/travis/build/icyphy/ptII/ptolemy/actor/lib/test/auto/PulseFiringLimitDE.xml
----------------- Instantiating /home/travis/build/icyphy/ptII/ptolemy/actor/lib/test/auto/PulseFiringLimitDE.xml
2 ms. Memory: 445440K Free: 175904K (39%)
----------------- Invoking toplevel() on ptolemy.moml.MoMLSimpleApplication@67115127
----------------- Done invoking toplevel() on ptolemy.moml.MoMLSimpleApplication@67115127
reloadAllAccessors: .PulseFiringLimitDE

===========================================================================================
----------------- testing Wed Feb 12 07:02:25 UTC 2020 /home/travis/build/icyphy/ptII/ptolemy/actor/lib/test/auto/Ramp1.xml
----------------- Instantiating /home/travis/build/icyphy/ptII/ptolemy/actor/lib/test/auto/Ramp1.xml
1 ms. Memory: 445440K Free: 171808K (39%)
----------------- Invoking toplevel() on ptolemy.moml.MoMLSimpleApplication@7bc20d3b
----------------- Done invoking toplevel() on ptolemy.moml.MoMLSimpleApplication@7bc20d3b
reloadAllAccessors: .Ramp1

===========================================================================================
----------------- testing Wed Feb 12 07:02:25 UTC 2020 /home/travis/build/icyphy/ptII/ptolemy/actor/lib/test/auto/RampFiringLimitDE.xml
----------------- Instantiating /home/travis/build/icyphy/ptII/ptolemy/actor/lib/test/auto/RampFiringLimitDE.xml
4 ms. Memory: 445440K Free: 165650K (37%)
----------------- Invoking toplevel() on ptolemy.moml.MoMLSimpleApplication@49096488
----------------- Done invoking toplevel() on ptolemy.moml.MoMLSimpleApplication@49096488
reloadAllAccessors: .RampFiringLimitDE

===========================================================================================
----------------- testing Wed Feb 12 07:02:25 UTC 2020 /home/travis/build/icyphy/ptII/ptolemy/actor/lib/test/auto/RampFiringLimitSDF.xml
----------------- Instantiating /home/travis/build/icyphy/ptII/ptolemy/actor/lib/test/auto/RampFiringLimitSDF.xml
2 ms. Memory: 445440K Free: 160530K (36%)
----------------- Invoking toplevel() on ptolemy.moml.MoMLSimpleApplication@67770d1e
----------------- Done invoking toplevel() on ptolemy.moml.MoMLSimpleApplication@67770d1e
reloadAllAccessors: .RampFiringLimitSDF

===========================================================================================
----------------- testing Wed Feb 12 07:02:25 UTC 2020 /home/travis/build/icyphy/ptII/ptolemy/actor/lib/test/auto/RandomInteger.xml
----------------- Instantiating /home/travis/build/icyphy/ptII/ptolemy/actor/lib/test/auto/RandomInteger.xml
1 ms. Memory: 445440K Free: 155938K (35%)
----------------- Invoking toplevel() on ptolemy.moml.MoMLSimpleApplication@68308d40
----------------- Done invoking toplevel() on ptolemy.moml.MoMLSimpleApplication@68308d40
reloadAllAccessors: .RandomInteger

===========================================================================================
----------------- testing Wed Feb 12 07:02:25 UTC 2020 /home/travis/build/icyphy/ptII/ptolemy/actor/lib/test/auto/ReadFile1.xml
----------------- Instantiating /home/travis/build/icyphy/ptII/ptolemy/actor/lib/test/auto/ReadFile1.xml
1 ms. Memory: 445440K Free: 151328K (34%)
----------------- Invoking toplevel() on ptolemy.moml.MoMLSimpleApplication@56ae051e
----------------- Done invoking toplevel() on ptolemy.moml.MoMLSimpleApplication@56ae051e
reloadAllAccessors: .ReadFile1

===========================================================================================
----------------- testing Wed Feb 12 07:02:25 UTC 2020 /home/travis/build/icyphy/ptII/ptolemy/actor/lib/test/auto/ReadFile2.xml
----------------- Instantiating /home/travis/build/icyphy/ptII/ptolemy/actor/lib/test/auto/ReadFile2.xml
1 ms. Memory: 445440K Free: 147232K (33%)
----------------- Invoking toplevel() on ptolemy.moml.MoMLSimpleApplication@768a3198
----------------- Done invoking toplevel() on ptolemy.moml.MoMLSimpleApplication@768a3198
reloadAllAccessors: .ReadFile2

===========================================================================================
----------------- testing Wed Feb 12 07:02:25 UTC 2020 /home/travis/build/icyphy/ptII/ptolemy/actor/lib/test/auto/Reader.xml
----------------- Instantiating /home/travis/build/icyphy/ptII/ptolemy/actor/lib/test/auto/Reader.xml
actor.lib.Reader is obsolete, use actor.lib.io.ExpressionReader instead
3 ms. Memory: 445440K Free: 143136K (32%)
----------------- Invoking toplevel() on ptolemy.moml.MoMLSimpleApplication@72192244
----------------- Done invoking toplevel() on ptolemy.moml.MoMLSimpleApplication@72192244
reloadAllAccessors: .Reader

===========================================================================================
----------------- testing Wed Feb 12 07:02:25 UTC 2020 /home/travis/build/icyphy/ptII/ptolemy/actor/lib/test/auto/RecordAssemblerDisplayNameTest.xml
----------------- Instantiating /home/travis/build/icyphy/ptII/ptolemy/actor/lib/test/auto/RecordAssemblerDisplayNameTest.xml
3937 ms. Memory: 445440K Free: 231139K (52%)
----------------- Invoking toplevel() on ptolemy.moml.MoMLSimpleApplication@b81867f
----------------- Done invoking toplevel() on ptolemy.moml.MoMLSimpleApplication@b81867f
reloadAllAccessors: .RecordAssemblerDisplayNameTest

===========================================================================================
----------------- testing Wed Feb 12 07:02:29 UTC 2020 /home/travis/build/icyphy/ptII/ptolemy/actor/lib/test/auto/RecordAssemblerTypeError.xml
----------------- Instantiating /home/travis/build/icyphy/ptII/ptolemy/actor/lib/test/auto/RecordAssemblerTypeError.xml
20 ms. Memory: 445440K Free: 221413K (50%)
----------------- Invoking toplevel() on ptolemy.moml.MoMLSimpleApplication@2719cb85
----------------- Done invoking toplevel() on ptolemy.moml.MoMLSimpleApplication@2719cb85
reloadAllAccessors: .RecordAssemblerTypeError

===========================================================================================
----------------- testing Wed Feb 12 07:02:29 UTC 2020 /home/travis/build/icyphy/ptII/ptolemy/actor/lib/test/auto/RecordDisassember.xml
----------------- Instantiating /home/travis/build/icyphy/ptII/ptolemy/actor/lib/test/auto/RecordDisassember.xml
7 ms. Memory: 445440K Free: 216773K (49%)
----------------- Invoking toplevel() on ptolemy.moml.MoMLSimpleApplication@7f620da3
----------------- Done invoking toplevel() on ptolemy.moml.MoMLSimpleApplication@7f620da3
reloadAllAccessors: .RecordDisassember

===========================================================================================
----------------- testing Wed Feb 12 07:02:29 UTC 2020 /home/travis/build/icyphy/ptII/ptolemy/actor/lib/test/auto/RecordDisassemberDisplayNameTest.xml
----------------- Instantiating /home/travis/build/icyphy/ptII/ptolemy/actor/lib/test/auto/RecordDisassemberDisplayNameTest.xml
6 ms. Memory: 445440K Free: 209125K (47%)
----------------- Invoking toplevel() on ptolemy.moml.MoMLSimpleApplication@3fb9369b
----------------- Done invoking toplevel() on ptolemy.moml.MoMLSimpleApplication@3fb9369b
reloadAllAccessors: .RecordDisassemberDisplayNameTest

===========================================================================================
----------------- testing Wed Feb 12 07:02:29 UTC 2020 /home/travis/build/icyphy/ptII/ptolemy/actor/lib/test/auto/RecordDisassembler.xml
----------------- Instantiating /home/travis/build/icyphy/ptII/ptolemy/actor/lib/test/auto/RecordDisassembler.xml
2 ms. Memory: 445440K Free: 204005K (46%)
----------------- Invoking toplevel() on ptolemy.moml.MoMLSimpleApplication@25a72996
----------------- Done invoking toplevel() on ptolemy.moml.MoMLSimpleApplication@25a72996
reloadAllAccessors: .RecordDisassembler

===========================================================================================
----------------- testing Wed Feb 12 07:02:29 UTC 2020 /home/travis/build/icyphy/ptII/ptolemy/actor/lib/test/auto/RecordDisassembler2.xml
----------------- Instantiating /home/travis/build/icyphy/ptII/ptolemy/actor/lib/test/auto/RecordDisassembler2.xml
3 ms. Memory: 445440K Free: 198885K (45%)
----------------- Invoking toplevel() on ptolemy.moml.MoMLSimpleApplication@2b5c8f47
----------------- Done invoking toplevel() on ptolemy.moml.MoMLSimpleApplication@2b5c8f47
reloadAllAccessors: .RecordDisassembler2

===========================================================================================
----------------- testing Wed Feb 12 07:02:29 UTC 2020 /home/travis/build/icyphy/ptII/ptolemy/actor/lib/test/auto/RecordUpdater.xml
----------------- Instantiating /home/travis/build/icyphy/ptII/ptolemy/actor/lib/test/auto/RecordUpdater.xml
1 ms. Memory: 445440K Free: 193765K (43%)
----------------- Invoking toplevel() on ptolemy.moml.MoMLSimpleApplication@1810bcc2
----------------- Done invoking toplevel() on ptolemy.moml.MoMLSimpleApplication@1810bcc2
reloadAllAccessors: .RecordUpdater

===========================================================================================
----------------- testing Wed Feb 12 07:02:29 UTC 2020 /home/travis/build/icyphy/ptII/ptolemy/actor/lib/test/auto/RecordUpdater2.xml
----------------- Instantiating /home/travis/build/icyphy/ptII/ptolemy/actor/lib/test/auto/RecordUpdater2.xml
1 ms. Memory: 445440K Free: 188645K (42%)
----------------- Invoking toplevel() on ptolemy.moml.MoMLSimpleApplication@31463205
----------------- Done invoking toplevel() on ptolemy.moml.MoMLSimpleApplication@31463205
reloadAllAccessors: .RecordUpdater2

===========================================================================================
----------------- testing Wed Feb 12 07:02:29 UTC 2020 /home/travis/build/icyphy/ptII/ptolemy/actor/lib/test/auto/RecursiveLattice.xml
----------------- Instantiating /home/travis/build/icyphy/ptII/ptolemy/actor/lib/test/auto/RecursiveLattice.xml
1 ms. Memory: 445440K Free: 184549K (41%)
----------------- Invoking toplevel() on ptolemy.moml.MoMLSimpleApplication@40033654
----------------- Done invoking toplevel() on ptolemy.moml.MoMLSimpleApplication@40033654
reloadAllAccessors: .RecursiveLattice

===========================================================================================
----------------- testing Wed Feb 12 07:02:29 UTC 2020 /home/travis/build/icyphy/ptII/ptolemy/actor/lib/test/auto/Router.xml
----------------- Instantiating /home/travis/build/icyphy/ptII/ptolemy/actor/lib/test/auto/Router.xml
3004 ms. Memory: 445440K Free: 172261K (39%)
----------------- Invoking toplevel() on ptolemy.moml.MoMLSimpleApplication@2b39f754
----------------- Done invoking toplevel() on ptolemy.moml.MoMLSimpleApplication@2b39f754
reloadAllAccessors: .Router

===========================================================================================
----------------- testing Wed Feb 12 07:02:32 UTC 2020 /home/travis/build/icyphy/ptII/ptolemy/actor/lib/test/auto/Router2.xml
----------------- Instantiating /home/travis/build/icyphy/ptII/ptolemy/actor/lib/test/auto/Router2.xml
3003 ms. Memory: 445440K Free: 158949K (36%)
----------------- Invoking toplevel() on ptolemy.moml.MoMLSimpleApplication@759fbcc9
----------------- Done invoking toplevel() on ptolemy.moml.MoMLSimpleApplication@759fbcc9
reloadAllAccessors: .Router2

===========================================================================================
----------------- testing Wed Feb 12 07:02:35 UTC 2020 /home/travis/build/icyphy/ptII/ptolemy/actor/lib/test/auto/RunningMaximum.xml
----------------- Instantiating /home/travis/build/icyphy/ptII/ptolemy/actor/lib/test/auto/RunningMaximum.xml
8 ms. Memory: 445440K Free: 154339K (35%)
----------------- Invoking toplevel() on ptolemy.moml.MoMLSimpleApplication@3193fafb
----------------- Done invoking toplevel() on ptolemy.moml.MoMLSimpleApplication@3193fafb
reloadAllAccessors: .RunningMaximum

===========================================================================================
----------------- testing Wed Feb 12 07:02:35 UTC 2020 /home/travis/build/icyphy/ptII/ptolemy/actor/lib/test/auto/RunningMinimum.xml
----------------- Instantiating /home/travis/build/icyphy/ptII/ptolemy/actor/lib/test/auto/RunningMinimum.xml
8 ms. Memory: 445440K Free: 149733K (34%)
----------------- Invoking toplevel() on ptolemy.moml.MoMLSimpleApplication@616f4fc6
----------------- Done invoking toplevel() on ptolemy.moml.MoMLSimpleApplication@616f4fc6
reloadAllAccessors: .RunningMinimum

===========================================================================================
----------------- testing Wed Feb 12 07:02:35 UTC 2020 /home/travis/build/icyphy/ptII/ptolemy/actor/lib/test/auto/Scale.xml
----------------- Instantiating /home/travis/build/icyphy/ptII/ptolemy/actor/lib/test/auto/Scale.xml
1 ms. Memory: 445440K Free: 145123K (33%)
----------------- Invoking toplevel() on ptolemy.moml.MoMLSimpleApplication@159e4849
----------------- Done invoking toplevel() on ptolemy.moml.MoMLSimpleApplication@159e4849
reloadAllAccessors: .Scale

===========================================================================================
----------------- testing Wed Feb 12 07:02:35 UTC 2020 /home/travis/build/icyphy/ptII/ptolemy/actor/lib/test/auto/Scale2.xml
----------------- Instantiating /home/travis/build/icyphy/ptII/ptolemy/actor/lib/test/auto/Scale2.xml
1 ms. Memory: 445440K Free: 140517K (32%)
----------------- Invoking toplevel() on ptolemy.moml.MoMLSimpleApplication@13c5b64e
----------------- Done invoking toplevel() on ptolemy.moml.MoMLSimpleApplication@13c5b64e
reloadAllAccessors: .Scale2

===========================================================================================
----------------- testing Wed Feb 12 07:02:35 UTC 2020 /home/travis/build/icyphy/ptII/ptolemy/actor/lib/test/auto/Scale3.xml
----------------- Instantiating /home/travis/build/icyphy/ptII/ptolemy/actor/lib/test/auto/Scale3.xml
2 ms. Memory: 445440K Free: 134373K (30%)
----------------- Invoking toplevel() on ptolemy.moml.MoMLSimpleApplication@23f47b0b
----------------- Done invoking toplevel() on ptolemy.moml.MoMLSimpleApplication@23f47b0b
reloadAllAccessors: .Scale3

===========================================================================================
----------------- testing Wed Feb 12 07:02:35 UTC 2020 /home/travis/build/icyphy/ptII/ptolemy/actor/lib/test/auto/ScaleArray.xml
----------------- Instantiating /home/travis/build/icyphy/ptII/ptolemy/actor/lib/test/auto/ScaleArray.xml
1 ms. Memory: 445440K Free: 393795K (88%)
----------------- Invoking toplevel() on ptolemy.moml.MoMLSimpleApplication@4ef6adc4
----------------- Done invoking toplevel() on ptolemy.moml.MoMLSimpleApplication@4ef6adc4
reloadAllAccessors: .ScaleArray

===========================================================================================
----------------- testing Wed Feb 12 07:02:35 UTC 2020 /home/travis/build/icyphy/ptII/ptolemy/actor/lib/test/auto/ScaleArray2.xml
----------------- Instantiating /home/travis/build/icyphy/ptII/ptolemy/actor/lib/test/auto/ScaleArray2.xml
1 ms. Memory: 445440K Free: 388675K (87%)
----------------- Invoking toplevel() on ptolemy.moml.MoMLSimpleApplication@af8527c
----------------- Done invoking toplevel() on ptolemy.moml.MoMLSimpleApplication@af8527c
reloadAllAccessors: .ScaleArray2

===========================================================================================
----------------- testing Wed Feb 12 07:02:35 UTC 2020 /home/travis/build/icyphy/ptII/ptolemy/actor/lib/test/auto/ScaleMatrix.xml
----------------- Instantiating /home/travis/build/icyphy/ptII/ptolemy/actor/lib/test/auto/ScaleMatrix.xml
117 ms. Memory: 445440K Free: 375363K (84%)
----------------- Invoking toplevel() on ptolemy.moml.MoMLSimpleApplication@1db07779
----------------- Done invoking toplevel() on ptolemy.moml.MoMLSimpleApplication@1db07779
reloadAllAccessors: .ScaleMatrix

===========================================================================================
----------------- testing Wed Feb 12 07:02:35 UTC 2020 /home/travis/build/icyphy/ptII/ptolemy/actor/lib/test/auto/Select.xml
----------------- Instantiating /home/travis/build/icyphy/ptII/ptolemy/actor/lib/test/auto/Select.xml
2 ms. Memory: 445440K Free: 369219K (83%)
----------------- Invoking toplevel() on ptolemy.moml.MoMLSimpleApplication@1c65bfb9
----------------- Done invoking toplevel() on ptolemy.moml.MoMLSimpleApplication@1c65bfb9
reloadAllAccessors: .Select

===========================================================================================
----------------- testing Wed Feb 12 07:02:35 UTC 2020 /home/travis/build/icyphy/ptII/ptolemy/actor/lib/test/auto/Select2.xml
----------------- Instantiating /home/travis/build/icyphy/ptII/ptolemy/actor/lib/test/auto/Select2.xml
1 ms. Memory: 445440K Free: 364609K (82%)
----------------- Invoking toplevel() on ptolemy.moml.MoMLSimpleApplication@5a6bd643
----------------- Done invoking toplevel() on ptolemy.moml.MoMLSimpleApplication@5a6bd643
reloadAllAccessors: .Select2

===========================================================================================
----------------- testing Wed Feb 12 07:02:35 UTC 2020 /home/travis/build/icyphy/ptII/ptolemy/actor/lib/test/auto/SequenceToArray2.xml
----------------- Instantiating /home/travis/build/icyphy/ptII/ptolemy/actor/lib/test/auto/SequenceToArray2.xml
107 ms. Memory: 445440K Free: 339523K (76%)
----------------- Invoking toplevel() on ptolemy.moml.MoMLSimpleApplication@307c50b
----------------- Done invoking toplevel() on ptolemy.moml.MoMLSimpleApplication@307c50b
reloadAllAccessors: .SequenceToArray2

===========================================================================================
----------------- testing Wed Feb 12 07:02:35 UTC 2020 /home/travis/build/icyphy/ptII/ptolemy/actor/lib/test/auto/SequentialClock.xml
----------------- Instantiating /home/travis/build/icyphy/ptII/ptolemy/actor/lib/test/auto/SequentialClock.xml
0 ms. Memory: 445440K Free: 335427K (75%)
----------------- Invoking toplevel() on ptolemy.moml.MoMLSimpleApplication@749c1
----------------- Done invoking toplevel() on ptolemy.moml.MoMLSimpleApplication@749c1
reloadAllAccessors: .SequentialClock

===========================================================================================
----------------- testing Wed Feb 12 07:02:35 UTC 2020 /home/travis/build/icyphy/ptII/ptolemy/actor/lib/test/auto/SetVariable.xml
----------------- Instantiating /home/travis/build/icyphy/ptII/ptolemy/actor/lib/test/auto/SetVariable.xml
5 ms. Memory: 445440K Free: 330817K (74%)
----------------- Invoking toplevel() on ptolemy.moml.MoMLSimpleApplication@47b65d6f
----------------- Done invoking toplevel() on ptolemy.moml.MoMLSimpleApplication@47b65d6f
reloadAllAccessors: .SetVariable

===========================================================================================
----------------- testing Wed Feb 12 07:02:35 UTC 2020 /home/travis/build/icyphy/ptII/ptolemy/actor/lib/test/auto/SetVariable2.xml
----------------- Instantiating /home/travis/build/icyphy/ptII/ptolemy/actor/lib/test/auto/SetVariable2.xml
8 ms. Memory: 445440K Free: 325697K (73%)
----------------- Invoking toplevel() on ptolemy.moml.MoMLSimpleApplication@2c919f07
----------------- Done invoking toplevel() on ptolemy.moml.MoMLSimpleApplication@2c919f07
reloadAllAccessors: .SetVariable2

===========================================================================================
----------------- testing Wed Feb 12 07:02:35 UTC 2020 /home/travis/build/icyphy/ptII/ptolemy/actor/lib/test/auto/SetVariable3.xml
----------------- Instantiating /home/travis/build/icyphy/ptII/ptolemy/actor/lib/test/auto/SetVariable3.xml
6 ms. Memory: 445440K Free: 320067K (72%)
----------------- Invoking toplevel() on ptolemy.moml.MoMLSimpleApplication@1de09b17
----------------- Done invoking toplevel() on ptolemy.moml.MoMLSimpleApplication@1de09b17
reloadAllAccessors: .SetVariable3

===========================================================================================
----------------- testing Wed Feb 12 07:02:35 UTC 2020 /home/travis/build/icyphy/ptII/ptolemy/actor/lib/test/auto/SetVariable4.xml
----------------- Instantiating /home/travis/build/icyphy/ptII/ptolemy/actor/lib/test/auto/SetVariable4.xml
19 ms. Memory: 445440K Free: 309827K (70%)
----------------- Invoking toplevel() on ptolemy.moml.MoMLSimpleApplication@66daa2f7
----------------- Done invoking toplevel() on ptolemy.moml.MoMLSimpleApplication@66daa2f7
reloadAllAccessors: .SetVariable4

===========================================================================================
----------------- testing Wed Feb 12 07:02:35 UTC 2020 /home/travis/build/icyphy/ptII/ptolemy/actor/lib/test/auto/SetVariable5.xml
----------------- Instantiating /home/travis/build/icyphy/ptII/ptolemy/actor/lib/test/auto/SetVariable5.xml
16 ms. Memory: 445440K Free: 300611K (67%)
----------------- Invoking toplevel() on ptolemy.moml.MoMLSimpleApplication@1a1f6e1d
----------------- Done invoking toplevel() on ptolemy.moml.MoMLSimpleApplication@1a1f6e1d
reloadAllAccessors: .SetVariable5

===========================================================================================
----------------- testing Wed Feb 12 07:02:35 UTC 2020 /home/travis/build/icyphy/ptII/ptolemy/actor/lib/test/auto/Sinewave.xml
----------------- Instantiating /home/travis/build/icyphy/ptII/ptolemy/actor/lib/test/auto/Sinewave.xml
5 ms. Memory: 445440K Free: 290371K (65%)
----------------- Invoking toplevel() on ptolemy.moml.MoMLSimpleApplication@321edb16
----------------- Done invoking toplevel() on ptolemy.moml.MoMLSimpleApplication@321edb16
reloadAllAccessors: .Sinewave

===========================================================================================
----------------- testing Wed Feb 12 07:02:35 UTC 2020 /home/travis/build/icyphy/ptII/ptolemy/actor/lib/test/auto/Sinewave2.xml
----------------- Instantiating /home/travis/build/icyphy/ptII/ptolemy/actor/lib/test/auto/Sinewave2.xml
5 ms. Memory: 445440K Free: 282179K (63%)
----------------- Invoking toplevel() on ptolemy.moml.MoMLSimpleApplication@5bcf5a9a
----------------- Done invoking toplevel() on ptolemy.moml.MoMLSimpleApplication@5bcf5a9a
reloadAllAccessors: .Sinewave2

===========================================================================================
----------------- testing Wed Feb 12 07:02:35 UTC 2020 /home/travis/build/icyphy/ptII/ptolemy/actor/lib/test/auto/Sinewave3.xml
----------------- Instantiating /home/travis/build/icyphy/ptII/ptolemy/actor/lib/test/auto/Sinewave3.xml
6 ms. Memory: 445440K Free: 273987K (62%)
----------------- Invoking toplevel() on ptolemy.moml.MoMLSimpleApplication@22a1c04e
----------------- Done invoking toplevel() on ptolemy.moml.MoMLSimpleApplication@22a1c04e
reloadAllAccessors: .Sinewave3

===========================================================================================
----------------- testing Wed Feb 12 07:02:35 UTC 2020 /home/travis/build/icyphy/ptII/ptolemy/actor/lib/test/auto/SingleEvent.xml
----------------- Instantiating /home/travis/build/icyphy/ptII/ptolemy/actor/lib/test/auto/SingleEvent.xml
1 ms. Memory: 445440K Free: 269891K (61%)
----------------- Invoking toplevel() on ptolemy.moml.MoMLSimpleApplication@427cdb7b
----------------- Done invoking toplevel() on ptolemy.moml.MoMLSimpleApplication@427cdb7b
reloadAllAccessors: .SingleEvent

===========================================================================================
----------------- testing Wed Feb 12 07:02:35 UTC 2020 /home/travis/build/icyphy/ptII/ptolemy/actor/lib/test/auto/Sleep.xml
----------------- Instantiating /home/travis/build/icyphy/ptII/ptolemy/actor/lib/test/auto/Sleep.xml
6003 ms. Memory: 445440K Free: 264227K (59%)
----------------- Invoking toplevel() on ptolemy.moml.MoMLSimpleApplication@c45da14
----------------- Done invoking toplevel() on ptolemy.moml.MoMLSimpleApplication@c45da14
reloadAllAccessors: .Sleep

===========================================================================================
----------------- testing Wed Feb 12 07:02:41 UTC 2020 /home/travis/build/icyphy/ptII/ptolemy/actor/lib/test/auto/SleepMultipleFire.xml
----------------- Instantiating /home/travis/build/icyphy/ptII/ptolemy/actor/lib/test/auto/SleepMultipleFire.xml
1004 ms. Memory: 445440K Free: 258627K (58%)
----------------- Invoking toplevel() on ptolemy.moml.MoMLSimpleApplication@60386001
----------------- Done invoking toplevel() on ptolemy.moml.MoMLSimpleApplication@60386001
reloadAllAccessors: .SleepMultipleFire

===========================================================================================
----------------- testing Wed Feb 12 07:02:42 UTC 2020 /home/travis/build/icyphy/ptII/ptolemy/actor/lib/test/auto/StopDE.xml
----------------- Instantiating /home/travis/build/icyphy/ptII/ptolemy/actor/lib/test/auto/StopDE.xml
4 ms. Memory: 445440K Free: 252993K (57%)
----------------- Invoking toplevel() on ptolemy.moml.MoMLSimpleApplication@37fa8150
----------------- Done invoking toplevel() on ptolemy.moml.MoMLSimpleApplication@37fa8150
reloadAllAccessors: .StopDE

===========================================================================================
----------------- testing Wed Feb 12 07:02:42 UTC 2020 /home/travis/build/icyphy/ptII/ptolemy/actor/lib/test/auto/StopSDF.xml
----------------- Instantiating /home/travis/build/icyphy/ptII/ptolemy/actor/lib/test/auto/StopSDF.xml
3 ms. Memory: 445440K Free: 247873K (56%)
----------------- Invoking toplevel() on ptolemy.moml.MoMLSimpleApplication@3dfb18
----------------- Done invoking toplevel() on ptolemy.moml.MoMLSimpleApplication@3dfb18
reloadAllAccessors: .StopSDF

===========================================================================================
----------------- testing Wed Feb 12 07:02:42 UTC 2020 /home/travis/build/icyphy/ptII/ptolemy/actor/lib/test/auto/StringConstant.xml
----------------- Instantiating /home/travis/build/icyphy/ptII/ptolemy/actor/lib/test/auto/StringConstant.xml
15 ms. Memory: 445440K Free: 243777K (55%)
----------------- Invoking toplevel() on ptolemy.moml.MoMLSimpleApplication@1f89ad80
----------------- Done invoking toplevel() on ptolemy.moml.MoMLSimpleApplication@1f89ad80
reloadAllAccessors: .StringConstant

===========================================================================================
----------------- testing Wed Feb 12 07:02:43 UTC 2020 /home/travis/build/icyphy/ptII/ptolemy/actor/lib/test/auto/SubscriberPortInitialValues1.xml
----------------- Instantiating /home/travis/build/icyphy/ptII/ptolemy/actor/lib/test/auto/SubscriberPortInitialValues1.xml
5 ms. Memory: 445440K Free: 235075K (53%)
----------------- Invoking toplevel() on ptolemy.moml.MoMLSimpleApplication@674ee09e
----------------- Done invoking toplevel() on ptolemy.moml.MoMLSimpleApplication@674ee09e
reloadAllAccessors: .SubscriberPortInitialValues1

===========================================================================================
----------------- testing Wed Feb 12 07:02:43 UTC 2020 /home/travis/build/icyphy/ptII/ptolemy/actor/lib/test/auto/SubscriberPortInitialValues13.xml
----------------- Instantiating /home/travis/build/icyphy/ptII/ptolemy/actor/lib/test/auto/SubscriberPortInitialValues13.xml
5 ms. Memory: 445440K Free: 221763K (50%)
----------------- Invoking toplevel() on ptolemy.moml.MoMLSimpleApplication@6e1b7833
----------------- Done invoking toplevel() on ptolemy.moml.MoMLSimpleApplication@6e1b7833
reloadAllAccessors: .SubscriberPortInitialValues13

===========================================================================================
----------------- testing Wed Feb 12 07:02:43 UTC 2020 /home/travis/build/icyphy/ptII/ptolemy/actor/lib/test/auto/SubscriberPortInitialValues14.xml
----------------- Instantiating /home/travis/build/icyphy/ptII/ptolemy/actor/lib/test/auto/SubscriberPortInitialValues14.xml
4 ms. Memory: 445440K Free: 214081K (48%)
----------------- Invoking toplevel() on ptolemy.moml.MoMLSimpleApplication@6c2a6a64
----------------- Done invoking toplevel() on ptolemy.moml.MoMLSimpleApplication@6c2a6a64
reloadAllAccessors: .SubscriberPortInitialValues14

===========================================================================================
----------------- testing Wed Feb 12 07:02:43 UTC 2020 /home/travis/build/icyphy/ptII/ptolemy/actor/lib/test/auto/SubscriberPortInitialValues2.xml
----------------- Instantiating /home/travis/build/icyphy/ptII/ptolemy/actor/lib/test/auto/SubscriberPortInitialValues2.xml
5 ms. Memory: 445440K Free: 206403K (46%)
----------------- Invoking toplevel() on ptolemy.moml.MoMLSimpleApplication@2397fb2b
----------------- Done invoking toplevel() on ptolemy.moml.MoMLSimpleApplication@2397fb2b
reloadAllAccessors: .SubscriberPortInitialValues2

===========================================================================================
----------------- testing Wed Feb 12 07:02:43 UTC 2020 /home/travis/build/icyphy/ptII/ptolemy/actor/lib/test/auto/SubscriberPortInitialValues3.xml
----------------- Instantiating /home/travis/build/icyphy/ptII/ptolemy/actor/lib/test/auto/SubscriberPortInitialValues3.xml
3 ms. Memory: 445440K Free: 195649K (44%)
----------------- Invoking toplevel() on ptolemy.moml.MoMLSimpleApplication@ff61dfc
----------------- Done invoking toplevel() on ptolemy.moml.MoMLSimpleApplication@ff61dfc
reloadAllAccessors: .SubscriberPortInitialValues3

===========================================================================================
----------------- testing Wed Feb 12 07:02:43 UTC 2020 /home/travis/build/icyphy/ptII/ptolemy/actor/lib/test/auto/SubscriptionAggregator.xml
----------------- Instantiating /home/travis/build/icyphy/ptII/ptolemy/actor/lib/test/auto/SubscriptionAggregator.xml
2 ms. Memory: 445440K Free: 188995K (42%)
----------------- Invoking toplevel() on ptolemy.moml.MoMLSimpleApplication@75105d03
----------------- Done invoking toplevel() on ptolemy.moml.MoMLSimpleApplication@75105d03
reloadAllAccessors: .SubscriptionAggregator

===========================================================================================
----------------- testing Wed Feb 12 07:02:43 UTC 2020 /home/travis/build/icyphy/ptII/ptolemy/actor/lib/test/auto/SubscriptionAggregator2.xml
----------------- Instantiating /home/travis/build/icyphy/ptII/ptolemy/actor/lib/test/auto/SubscriptionAggregator2.xml
3 ms. Memory: 445440K Free: 181827K (41%)
----------------- Invoking toplevel() on ptolemy.moml.MoMLSimpleApplication@c8014e7
----------------- Done invoking toplevel() on ptolemy.moml.MoMLSimpleApplication@c8014e7
reloadAllAccessors: .SubscriptionAggregator2

===========================================================================================
----------------- testing Wed Feb 12 07:02:43 UTC 2020 /home/travis/build/icyphy/ptII/ptolemy/actor/lib/test/auto/SubscriptionAggregator3.xml
----------------- Instantiating /home/travis/build/icyphy/ptII/ptolemy/actor/lib/test/auto/SubscriptionAggregator3.xml
4 ms. Memory: 445440K Free: 172611K (39%)
----------------- Invoking toplevel() on ptolemy.moml.MoMLSimpleApplication@3f359ac1
----------------- Done invoking toplevel() on ptolemy.moml.MoMLSimpleApplication@3f359ac1
reloadAllAccessors: .SubscriptionAggregator3

===========================================================================================
----------------- testing Wed Feb 12 07:02:43 UTC 2020 /home/travis/build/icyphy/ptII/ptolemy/actor/lib/test/auto/SubscriptionAggregatorMultiply.xml
----------------- Instantiating /home/travis/build/icyphy/ptII/ptolemy/actor/lib/test/auto/SubscriptionAggregatorMultiply.xml
11 ms. Memory: 445440K Free: 163899K (37%)
----------------- Invoking toplevel() on ptolemy.moml.MoMLSimpleApplication@36953e35
----------------- Done invoking toplevel() on ptolemy.moml.MoMLSimpleApplication@36953e35
reloadAllAccessors: .SubscriptionAggregatorMultiply

===========================================================================================
----------------- testing Wed Feb 12 07:02:43 UTC 2020 /home/travis/build/icyphy/ptII/ptolemy/actor/lib/test/auto/SubscriptionAggregatorPortMultiply1.xml
----------------- Instantiating /home/travis/build/icyphy/ptII/ptolemy/actor/lib/test/auto/SubscriptionAggregatorPortMultiply1.xml
4 ms. Memory: 445440K Free: 156227K (35%)
----------------- Invoking toplevel() on ptolemy.moml.MoMLSimpleApplication@75d3216e
----------------- Done invoking toplevel() on ptolemy.moml.MoMLSimpleApplication@75d3216e
reloadAllAccessors: .SubscriptionAggregatorPortMultiply1

===========================================================================================
----------------- testing Wed Feb 12 07:02:43 UTC 2020 /home/travis/build/icyphy/ptII/ptolemy/actor/lib/test/auto/Switch.xml
----------------- Instantiating /home/travis/build/icyphy/ptII/ptolemy/actor/lib/test/auto/Switch.xml
6 ms. Memory: 445440K Free: 148035K (33%)
----------------- Invoking toplevel() on ptolemy.moml.MoMLSimpleApplication@31f6f747
----------------- Done invoking toplevel() on ptolemy.moml.MoMLSimpleApplication@31f6f747
reloadAllAccessors: .Switch

===========================================================================================
----------------- testing Wed Feb 12 07:02:43 UTC 2020 /home/travis/build/icyphy/ptII/ptolemy/actor/lib/test/auto/Switch2.xml
----------------- Instantiating /home/travis/build/icyphy/ptII/ptolemy/actor/lib/test/auto/Switch2.xml
1 ms. Memory: 445440K Free: 143425K (32%)
----------------- Invoking toplevel() on ptolemy.moml.MoMLSimpleApplication@77bfdad1
----------------- Done invoking toplevel() on ptolemy.moml.MoMLSimpleApplication@77bfdad1
reloadAllAccessors: .Switch2

===========================================================================================
----------------- testing Wed Feb 12 07:02:43 UTC 2020 /home/travis/build/icyphy/ptII/ptolemy/actor/lib/test/auto/SwitchDE.xml
----------------- Instantiating /home/travis/build/icyphy/ptII/ptolemy/actor/lib/test/auto/SwitchDE.xml
2 ms. Memory: 445440K Free: 136771K (31%)
----------------- Invoking toplevel() on ptolemy.moml.MoMLSimpleApplication@561ac395
----------------- Done invoking toplevel() on ptolemy.moml.MoMLSimpleApplication@561ac395
reloadAllAccessors: .SwitchDE

===========================================================================================
----------------- testing Wed Feb 12 07:02:43 UTC 2020 /home/travis/build/icyphy/ptII/ptolemy/actor/lib/test/auto/SynchronizerDE.xml
----------------- Instantiating /home/travis/build/icyphy/ptII/ptolemy/actor/lib/test/auto/SynchronizerDE.xml
7 ms. Memory: 445440K Free: 391317K (88%)
----------------- Invoking toplevel() on ptolemy.moml.MoMLSimpleApplication@7b74b095
----------------- Done invoking toplevel() on ptolemy.moml.MoMLSimpleApplication@7b74b095
reloadAllAccessors: .SynchronizerDE

===========================================================================================
----------------- testing Wed Feb 12 07:02:43 UTC 2020 /home/travis/build/icyphy/ptII/ptolemy/actor/lib/test/auto/Test.xml
----------------- Instantiating /home/travis/build/icyphy/ptII/ptolemy/actor/lib/test/auto/Test.xml
9 ms. Memory: 445440K Free: 385669K (87%)
----------------- Invoking toplevel() on ptolemy.moml.MoMLSimpleApplication@62880e0e
----------------- Done invoking toplevel() on ptolemy.moml.MoMLSimpleApplication@62880e0e
reloadAllAccessors: .Test

===========================================================================================
----------------- testing Wed Feb 12 07:02:43 UTC 2020 /home/travis/build/icyphy/ptII/ptolemy/actor/lib/test/auto/TestExceptionAttribute1.xml
----------------- Instantiating /home/travis/build/icyphy/ptII/ptolemy/actor/lib/test/auto/TestExceptionAttribute1.xml
1 ms. Memory: 445440K Free: 382101K (86%)
----------------- Invoking toplevel() on ptolemy.moml.MoMLSimpleApplication@61fc1583
----------------- Done invoking toplevel() on ptolemy.moml.MoMLSimpleApplication@61fc1583
reloadAllAccessors: .TestExceptionAttribute1

===========================================================================================
----------------- testing Wed Feb 12 07:02:43 UTC 2020 /home/travis/build/icyphy/ptII/ptolemy/actor/lib/test/auto/TestExceptionAttribute2.xml
----------------- Instantiating /home/travis/build/icyphy/ptII/ptolemy/actor/lib/test/auto/TestExceptionAttribute2.xml
1 ms. Memory: 445440K Free: 378515K (85%)
----------------- Invoking toplevel() on ptolemy.moml.MoMLSimpleApplication@a93e626
----------------- Done invoking toplevel() on ptolemy.moml.MoMLSimpleApplication@a93e626
reloadAllAccessors: .TestExceptionAttribute2

===========================================================================================
----------------- testing Wed Feb 12 07:02:43 UTC 2020 /home/travis/build/icyphy/ptII/ptolemy/actor/lib/test/auto/TestExceptionAttribute3.xml
----------------- Instantiating /home/travis/build/icyphy/ptII/ptolemy/actor/lib/test/auto/TestExceptionAttribute3.xml
.TestExceptionAttribute3.TestExceptionAttribute: initialize() was not invoked, but wrapup() was.  This is unusual, but not always a problem.  For example, exporting JNLP will do this.
1 ms. Memory: 445440K Free: 374933K (84%)
----------------- Invoking toplevel() on ptolemy.moml.MoMLSimpleApplication@7b585cfc
----------------- Done invoking toplevel() on ptolemy.moml.MoMLSimpleApplication@7b585cfc
reloadAllAccessors: .TestExceptionAttribute3

===========================================================================================
----------------- testing Wed Feb 12 07:02:43 UTC 2020 /home/travis/build/icyphy/ptII/ptolemy/actor/lib/test/auto/TestExceptionAttribute4.xml
----------------- Instantiating /home/travis/build/icyphy/ptII/ptolemy/actor/lib/test/auto/TestExceptionAttribute4.xml
.TestExceptionAttribute4.TestExceptionAttribute: initialize() was not invoked, but wrapup() was.  This is unusual, but not always a problem.  For example, exporting JNLP will do this.
.TestExceptionAttribute4.TestExceptionAttribute2: initialize() was not invoked, but wrapup() was.  This is unusual, but not always a problem.  For example, exporting JNLP will do this.
1 ms. Memory: 445440K Free: 369299K (83%)
----------------- Invoking toplevel() on ptolemy.moml.MoMLSimpleApplication@52437148
----------------- Done invoking toplevel() on ptolemy.moml.MoMLSimpleApplication@52437148
reloadAllAccessors: .TestExceptionAttribute4

===========================================================================================
----------------- testing Wed Feb 12 07:02:43 UTC 2020 /home/travis/build/icyphy/ptII/ptolemy/actor/lib/test/auto/TestExceptionHandler1.xml
----------------- Instantiating /home/travis/build/icyphy/ptII/ptolemy/actor/lib/test/auto/TestExceptionHandler1.xml
1 ms. Memory: 445440K Free: 365717K (82%)
----------------- Invoking toplevel() on ptolemy.moml.MoMLSimpleApplication@1efefc24
----------------- Done invoking toplevel() on ptolemy.moml.MoMLSimpleApplication@1efefc24
reloadAllAccessors: .TestExceptionHandler1

===========================================================================================
----------------- testing Wed Feb 12 07:02:43 UTC 2020 /home/travis/build/icyphy/ptII/ptolemy/actor/lib/test/auto/TestExceptionHandler2.xml
----------------- Instantiating /home/travis/build/icyphy/ptII/ptolemy/actor/lib/test/auto/TestExceptionHandler2.xml
1 ms. Memory: 445440K Free: 362131K (81%)
----------------- Invoking toplevel() on ptolemy.moml.MoMLSimpleApplication@15543987
----------------- Done invoking toplevel() on ptolemy.moml.MoMLSimpleApplication@15543987
reloadAllAccessors: .TestExceptionHandler2

===========================================================================================
----------------- testing Wed Feb 12 07:02:43 UTC 2020 /home/travis/build/icyphy/ptII/ptolemy/actor/lib/test/auto/TestExceptionHandler3.xml
----------------- Instantiating /home/travis/build/icyphy/ptII/ptolemy/actor/lib/test/auto/TestExceptionHandler3.xml
1 ms. Memory: 445440K Free: 358549K (80%)
----------------- Invoking toplevel() on ptolemy.moml.MoMLSimpleApplication@58af934a
----------------- Done invoking toplevel() on ptolemy.moml.MoMLSimpleApplication@58af934a
reloadAllAccessors: .TestExceptionHandler3

===========================================================================================
----------------- testing Wed Feb 12 07:02:43 UTC 2020 /home/travis/build/icyphy/ptII/ptolemy/actor/lib/test/auto/TestExceptionHandler4.xml
----------------- Instantiating /home/travis/build/icyphy/ptII/ptolemy/actor/lib/test/auto/TestExceptionHandler4.xml
1 ms. Memory: 445440K Free: 354453K (80%)
----------------- Invoking toplevel() on ptolemy.moml.MoMLSimpleApplication@2eba512
----------------- Done invoking toplevel() on ptolemy.moml.MoMLSimpleApplication@2eba512
reloadAllAccessors: .TestExceptionHandler4

===========================================================================================
----------------- testing Wed Feb 12 07:02:43 UTC 2020 /home/travis/build/icyphy/ptII/ptolemy/actor/lib/test/auto/TestRequireCorrectOrder.xml
----------------- Instantiating /home/travis/build/icyphy/ptII/ptolemy/actor/lib/test/auto/TestRequireCorrectOrder.xml
3 ms. Memory: 445440K Free: 348805K (78%)
----------------- Invoking toplevel() on ptolemy.moml.MoMLSimpleApplication@79d7edff
----------------- Done invoking toplevel() on ptolemy.moml.MoMLSimpleApplication@79d7edff
reloadAllAccessors: .TestRequireCorrectOrder

===========================================================================================
----------------- testing Wed Feb 12 07:02:43 UTC 2020 /home/travis/build/icyphy/ptII/ptolemy/actor/lib/test/auto/TestSimple.xml
----------------- Instantiating /home/travis/build/icyphy/ptII/ptolemy/actor/lib/test/auto/TestSimple.xml
4 ms. Memory: 445440K Free: 344213K (77%)
----------------- Invoking toplevel() on ptolemy.moml.MoMLSimpleApplication@7361190e
----------------- Done invoking toplevel() on ptolemy.moml.MoMLSimpleApplication@7361190e
reloadAllAccessors: .TestSimple

===========================================================================================
----------------- testing Wed Feb 12 07:02:43 UTC 2020 /home/travis/build/icyphy/ptII/ptolemy/actor/lib/test/auto/ThrowModelError.xml
----------------- Instantiating /home/travis/build/icyphy/ptII/ptolemy/actor/lib/test/auto/ThrowModelError.xml
1 ms. Memory: 445440K Free: 339603K (76%)
----------------- Invoking toplevel() on ptolemy.moml.MoMLSimpleApplication@6272281c
----------------- Done invoking toplevel() on ptolemy.moml.MoMLSimpleApplication@6272281c
reloadAllAccessors: .ThrowModelError

===========================================================================================
----------------- testing Wed Feb 12 07:02:43 UTC 2020 /home/travis/build/icyphy/ptII/ptolemy/actor/lib/test/auto/TimeDelayMicrosteps.xml
----------------- Instantiating /home/travis/build/icyphy/ptII/ptolemy/actor/lib/test/auto/TimeDelayMicrosteps.xml
3 ms. Memory: 445440K Free: 332949K (75%)
----------------- Invoking toplevel() on ptolemy.moml.MoMLSimpleApplication@5d3cf69e
----------------- Done invoking toplevel() on ptolemy.moml.MoMLSimpleApplication@5d3cf69e
reloadAllAccessors: .TimeDelayMicrosteps

===========================================================================================
----------------- testing Wed Feb 12 07:02:43 UTC 2020 /home/travis/build/icyphy/ptII/ptolemy/actor/lib/test/auto/TimeDelayMicrosteps2.xml
----------------- Instantiating /home/travis/build/icyphy/ptII/ptolemy/actor/lib/test/auto/TimeDelayMicrosteps2.xml
3 ms. Memory: 445440K Free: 325237K (73%)
----------------- Invoking toplevel() on ptolemy.moml.MoMLSimpleApplication@407d182f
----------------- Done invoking toplevel() on ptolemy.moml.MoMLSimpleApplication@407d182f
reloadAllAccessors: .TimeDelayMicrosteps2

===========================================================================================
----------------- testing Wed Feb 12 07:02:43 UTC 2020 /home/travis/build/icyphy/ptII/ptolemy/actor/lib/test/auto/TimeDelayMicrosteps3.xml
----------------- Instantiating /home/travis/build/icyphy/ptII/ptolemy/actor/lib/test/auto/TimeDelayMicrosteps3.xml
2 ms. Memory: 445440K Free: 318613K (72%)
----------------- Invoking toplevel() on ptolemy.moml.MoMLSimpleApplication@5eef94df
----------------- Done invoking toplevel() on ptolemy.moml.MoMLSimpleApplication@5eef94df
reloadAllAccessors: .TimeDelayMicrosteps3

===========================================================================================
----------------- testing Wed Feb 12 07:02:43 UTC 2020 /home/travis/build/icyphy/ptII/ptolemy/actor/lib/test/auto/TimeDelayVariableMicrosteps.xml
----------------- Instantiating /home/travis/build/icyphy/ptII/ptolemy/actor/lib/test/auto/TimeDelayVariableMicrosteps.xml
2 ms. Memory: 445440K Free: 311955K (70%)
----------------- Invoking toplevel() on ptolemy.moml.MoMLSimpleApplication@4d3c5c9e
----------------- Done invoking toplevel() on ptolemy.moml.MoMLSimpleApplication@4d3c5c9e
reloadAllAccessors: .TimeDelayVariableMicrosteps

===========================================================================================
----------------- testing Wed Feb 12 07:02:43 UTC 2020 /home/travis/build/icyphy/ptII/ptolemy/actor/lib/test/auto/TimeGap.xml
----------------- Instantiating /home/travis/build/icyphy/ptII/ptolemy/actor/lib/test/auto/TimeGap.xml
3 ms. Memory: 445440K Free: 306805K (69%)
----------------- Invoking toplevel() on ptolemy.moml.MoMLSimpleApplication@6ccfae11
----------------- Done invoking toplevel() on ptolemy.moml.MoMLSimpleApplication@6ccfae11
reloadAllAccessors: .TimeGap

===========================================================================================
----------------- testing Wed Feb 12 07:02:43 UTC 2020 /home/travis/build/icyphy/ptII/ptolemy/actor/lib/test/auto/TimeGap2.xml
----------------- Instantiating /home/travis/build/icyphy/ptII/ptolemy/actor/lib/test/auto/TimeGap2.xml
2 ms. Memory: 445440K Free: 300661K (67%)
----------------- Invoking toplevel() on ptolemy.moml.MoMLSimpleApplication@2f0a97e6
----------------- Done invoking toplevel() on ptolemy.moml.MoMLSimpleApplication@2f0a97e6
reloadAllAccessors: .TimeGap2

===========================================================================================
----------------- testing Wed Feb 12 07:02:43 UTC 2020 /home/travis/build/icyphy/ptII/ptolemy/actor/lib/test/auto/TimedSinewave.xml
----------------- Instantiating /home/travis/build/icyphy/ptII/ptolemy/actor/lib/test/auto/TimedSinewave.xml
21 ms. Memory: 445440K Free: 286869K (64%)
----------------- Invoking toplevel() on ptolemy.moml.MoMLSimpleApplication@1e6f9f42
----------------- Done invoking toplevel() on ptolemy.moml.MoMLSimpleApplication@1e6f9f42
reloadAllAccessors: .TimedSinewave

===========================================================================================
----------------- testing Wed Feb 12 07:02:43 UTC 2020 /home/travis/build/icyphy/ptII/ptolemy/actor/lib/test/auto/TimedSinewavePhase.xml
----------------- Instantiating /home/travis/build/icyphy/ptII/ptolemy/actor/lib/test/auto/TimedSinewavePhase.xml
10 ms. Memory: 445440K Free: 277139K (62%)
----------------- Invoking toplevel() on ptolemy.moml.MoMLSimpleApplication@6be0f4f4
----------------- Done invoking toplevel() on ptolemy.moml.MoMLSimpleApplication@6be0f4f4
reloadAllAccessors: .TimedSinewavePhase

===========================================================================================
----------------- testing Wed Feb 12 07:02:43 UTC 2020 /home/travis/build/icyphy/ptII/ptolemy/actor/lib/test/auto/Timer.xml
----------------- Instantiating /home/travis/build/icyphy/ptII/ptolemy/actor/lib/test/auto/Timer.xml
1 ms. Memory: 445440K Free: 270989K (61%)
----------------- Invoking toplevel() on ptolemy.moml.MoMLSimpleApplication@101396f
----------------- Done invoking toplevel() on ptolemy.moml.MoMLSimpleApplication@101396f
reloadAllAccessors: .Timer

===========================================================================================
----------------- testing Wed Feb 12 07:02:43 UTC 2020 /home/travis/build/icyphy/ptII/ptolemy/actor/lib/test/auto/TriangularDistTestModel.xml
----------------- Instantiating /home/travis/build/icyphy/ptII/ptolemy/actor/lib/test/auto/TriangularDistTestModel.xml
2 ms. Memory: 445440K Free: 265365K (60%)
----------------- Invoking toplevel() on ptolemy.moml.MoMLSimpleApplication@535763b8
----------------- Done invoking toplevel() on ptolemy.moml.MoMLSimpleApplication@535763b8
reloadAllAccessors: .TriangularDistTestModel

===========================================================================================
----------------- testing Wed Feb 12 07:02:43 UTC 2020 /home/travis/build/icyphy/ptII/ptolemy/actor/lib/test/auto/TrigFunction.xml
----------------- Instantiating /home/travis/build/icyphy/ptII/ptolemy/actor/lib/test/auto/TrigFunction.xml
2 ms. Memory: 445440K Free: 260755K (59%)
----------------- Invoking toplevel() on ptolemy.moml.MoMLSimpleApplication@1a392aaf
----------------- Done invoking toplevel() on ptolemy.moml.MoMLSimpleApplication@1a392aaf
reloadAllAccessors: .TrigFunction

===========================================================================================
----------------- testing Wed Feb 12 07:02:43 UTC 2020 /home/travis/build/icyphy/ptII/ptolemy/actor/lib/test/auto/TrigFunctionDE.xml
----------------- Instantiating /home/travis/build/icyphy/ptII/ptolemy/actor/lib/test/auto/TrigFunctionDE.xml
1 ms. Memory: 445440K Free: 255125K (57%)
----------------- Invoking toplevel() on ptolemy.moml.MoMLSimpleApplication@6830bb28
----------------- Done invoking toplevel() on ptolemy.moml.MoMLSimpleApplication@6830bb28
reloadAllAccessors: .TrigFunctionDE

===========================================================================================
----------------- testing Wed Feb 12 07:02:43 UTC 2020 /home/travis/build/icyphy/ptII/ptolemy/actor/lib/test/auto/TrigFunctionInverse.xml
----------------- Instantiating /home/travis/build/icyphy/ptII/ptolemy/actor/lib/test/auto/TrigFunctionInverse.xml
1 ms. Memory: 445440K Free: 249491K (56%)
----------------- Invoking toplevel() on ptolemy.moml.MoMLSimpleApplication@6351acfc
----------------- Done invoking toplevel() on ptolemy.moml.MoMLSimpleApplication@6351acfc
reloadAllAccessors: .TrigFunctionInverse

===========================================================================================
----------------- testing Wed Feb 12 07:02:43 UTC 2020 /home/travis/build/icyphy/ptII/ptolemy/actor/lib/test/auto/TrigFunctionTan.xml
----------------- Instantiating /home/travis/build/icyphy/ptII/ptolemy/actor/lib/test/auto/TrigFunctionTan.xml
2 ms. Memory: 445440K Free: 244885K (55%)
----------------- Invoking toplevel() on ptolemy.moml.MoMLSimpleApplication@4865fa41
----------------- Done invoking toplevel() on ptolemy.moml.MoMLSimpleApplication@4865fa41
reloadAllAccessors: .TrigFunctionTan

===========================================================================================
----------------- testing Wed Feb 12 07:02:43 UTC 2020 /home/travis/build/icyphy/ptII/ptolemy/actor/lib/test/auto/TriggeredClock.xml
----------------- Instantiating /home/travis/build/icyphy/ptII/ptolemy/actor/lib/test/auto/TriggeredClock.xml
1 ms. Memory: 445440K Free: 239765K (54%)
----------------- Invoking toplevel() on ptolemy.moml.MoMLSimpleApplication@68d7da25
----------------- Done invoking toplevel() on ptolemy.moml.MoMLSimpleApplication@68d7da25
reloadAllAccessors: .TriggeredClock

===========================================================================================
----------------- testing Wed Feb 12 07:02:43 UTC 2020 /home/travis/build/icyphy/ptII/ptolemy/actor/lib/test/auto/URLDirectoryReader.xml
----------------- Instantiating /home/travis/build/icyphy/ptII/ptolemy/actor/lib/test/auto/URLDirectoryReader.xml
27 ms. Memory: 445440K Free: 229525K (52%)
----------------- Invoking toplevel() on ptolemy.moml.MoMLSimpleApplication@36417084
----------------- Done invoking toplevel() on ptolemy.moml.MoMLSimpleApplication@36417084
reloadAllAccessors: .URLDirectoryReader

===========================================================================================
----------------- testing Wed Feb 12 07:02:43 UTC 2020 /home/travis/build/icyphy/ptII/ptolemy/actor/lib/test/auto/URLDirectoryReader3.xml
----------------- Instantiating /home/travis/build/icyphy/ptII/ptolemy/actor/lib/test/auto/URLDirectoryReader3.xml
1313 ms. Memory: 445440K Free: 385351K (87%)
----------------- Invoking toplevel() on ptolemy.moml.MoMLSimpleApplication@7a39cc4e
----------------- Done invoking toplevel() on ptolemy.moml.MoMLSimpleApplication@7a39cc4e
reloadAllAccessors: .URLDirectoryReader3

===========================================================================================
----------------- testing Wed Feb 12 07:02:45 UTC 2020 /home/travis/build/icyphy/ptII/ptolemy/actor/lib/test/auto/UnaryMathFunction.xml
----------------- Instantiating /home/travis/build/icyphy/ptII/ptolemy/actor/lib/test/auto/UnaryMathFunction.xml
2 ms. Memory: 445440K Free: 377669K (85%)
----------------- Invoking toplevel() on ptolemy.moml.MoMLSimpleApplication@7c6cc1bf
----------------- Done invoking toplevel() on ptolemy.moml.MoMLSimpleApplication@7c6cc1bf
reloadAllAccessors: .UnaryMathFunction

===========================================================================================
----------------- testing Wed Feb 12 07:02:45 UTC 2020 /home/travis/build/icyphy/ptII/ptolemy/actor/lib/test/auto/Uniform.xml
----------------- Instantiating /home/travis/build/icyphy/ptII/ptolemy/actor/lib/test/auto/Uniform.xml
4 ms. Memory: 445440K Free: 372549K (84%)
----------------- Invoking toplevel() on ptolemy.moml.MoMLSimpleApplication@22a74fd6
----------------- Done invoking toplevel() on ptolemy.moml.MoMLSimpleApplication@22a74fd6
reloadAllAccessors: .Uniform

===========================================================================================
----------------- testing Wed Feb 12 07:02:45 UTC 2020 /home/travis/build/icyphy/ptII/ptolemy/actor/lib/test/auto/UnionDisassemblerTest.xml
----------------- Instantiating /home/travis/build/icyphy/ptII/ptolemy/actor/lib/test/auto/UnionDisassemblerTest.xml
14 ms. Memory: 445440K Free: 368967K (83%)
----------------- Invoking toplevel() on ptolemy.moml.MoMLSimpleApplication@395957c1
----------------- Done invoking toplevel() on ptolemy.moml.MoMLSimpleApplication@395957c1
reloadAllAccessors: .UnionDisassemblerTest

===========================================================================================
----------------- testing Wed Feb 12 07:02:45 UTC 2020 /home/travis/build/icyphy/ptII/ptolemy/actor/lib/test/auto/UtilityFunctions.xml
----------------- Instantiating /home/travis/build/icyphy/ptII/ptolemy/actor/lib/test/auto/UtilityFunctions.xml
2 ms. Memory: 445440K Free: 364871K (82%)
----------------- Invoking toplevel() on ptolemy.moml.MoMLSimpleApplication@520948a2
----------------- Done invoking toplevel() on ptolemy.moml.MoMLSimpleApplication@520948a2
reloadAllAccessors: .UtilityFunctions

===========================================================================================
----------------- testing Wed Feb 12 07:02:45 UTC 2020 /home/travis/build/icyphy/ptII/ptolemy/actor/lib/test/auto/VariableSleep.xml
----------------- Instantiating /home/travis/build/icyphy/ptII/ptolemy/actor/lib/test/auto/VariableSleep.xml
505 ms. Memory: 445440K Free: 359237K (81%)
----------------- Invoking toplevel() on ptolemy.moml.MoMLSimpleApplication@da57692
----------------- Done invoking toplevel() on ptolemy.moml.MoMLSimpleApplication@da57692
reloadAllAccessors: .VariableSleep

===========================================================================================
----------------- testing Wed Feb 12 07:02:46 UTC 2020 /home/travis/build/icyphy/ptII/ptolemy/actor/lib/test/auto/VectorAssemblerDisassemblerCT.xml
----------------- Instantiating /home/travis/build/icyphy/ptII/ptolemy/actor/lib/test/auto/VectorAssemblerDisassemblerCT.xml
70 ms. Memory: 445440K Free: 338757K (76%)
----------------- Invoking toplevel() on ptolemy.moml.MoMLSimpleApplication@71f1fbd3
----------------- Done invoking toplevel() on ptolemy.moml.MoMLSimpleApplication@71f1fbd3
reloadAllAccessors: .VectorAssemblerDisassemblerCT

===========================================================================================
----------------- testing Wed Feb 12 07:02:46 UTC 2020 /home/travis/build/icyphy/ptII/ptolemy/actor/lib/test/auto/VectorAssemblerDisassemblerDE.xml
----------------- Instantiating /home/travis/build/icyphy/ptII/ptolemy/actor/lib/test/auto/VectorAssemblerDisassemblerDE.xml
2 ms. Memory: 445440K Free: 331589K (74%)
----------------- Invoking toplevel() on ptolemy.moml.MoMLSimpleApplication@30397403
----------------- Done invoking toplevel() on ptolemy.moml.MoMLSimpleApplication@30397403
reloadAllAccessors: .VectorAssemblerDisassemblerDE

===========================================================================================
----------------- testing Wed Feb 12 07:02:46 UTC 2020 /home/travis/build/icyphy/ptII/ptolemy/actor/lib/test/auto/VectorAssemblerDisassemblerSDF.xml
----------------- Instantiating /home/travis/build/icyphy/ptII/ptolemy/actor/lib/test/auto/VectorAssemblerDisassemblerSDF.xml
2 ms. Memory: 445440K Free: 325445K (73%)
----------------- Invoking toplevel() on ptolemy.moml.MoMLSimpleApplication@651e85e3
----------------- Done invoking toplevel() on ptolemy.moml.MoMLSimpleApplication@651e85e3
reloadAllAccessors: .VectorAssemblerDisassemblerSDF

===========================================================================================
----------------- testing Wed Feb 12 07:02:46 UTC 2020 /home/travis/build/icyphy/ptII/ptolemy/actor/lib/test/auto/WallClockTime.xml
----------------- Instantiating /home/travis/build/icyphy/ptII/ptolemy/actor/lib/test/auto/WallClockTime.xml
1004 ms. Memory: 445440K Free: 319301K (72%)
----------------- Invoking toplevel() on ptolemy.moml.MoMLSimpleApplication@5635c5e3
----------------- Done invoking toplevel() on ptolemy.moml.MoMLSimpleApplication@5635c5e3
reloadAllAccessors: .WallClockTime

===========================================================================================
----------------- testing Wed Feb 12 07:02:47 UTC 2020 /home/travis/build/icyphy/ptII/ptolemy/actor/lib/test/auto/WidthTestWithSubscriberPublisher.xml
----------------- Instantiating /home/travis/build/icyphy/ptII/ptolemy/actor/lib/test/auto/WidthTestWithSubscriberPublisher.xml
7 ms. Memory: 445440K Free: 301383K (68%)
----------------- Invoking toplevel() on ptolemy.moml.MoMLSimpleApplication@4e749664
----------------- Done invoking toplevel() on ptolemy.moml.MoMLSimpleApplication@4e749664
reloadAllAccessors: .WidthTestWithSubscriberPublisher

===========================================================================================
----------------- testing Wed Feb 12 07:02:47 UTC 2020 /home/travis/build/icyphy/ptII/ptolemy/actor/lib/test/auto/WidthTestWithSubscriberPublisher2.xml
----------------- Instantiating /home/travis/build/icyphy/ptII/ptolemy/actor/lib/test/auto/WidthTestWithSubscriberPublisher2.xml
2 ms. Memory: 445440K Free: 295239K (66%)
----------------- Invoking toplevel() on ptolemy.moml.MoMLSimpleApplication@459423b4
----------------- Done invoking toplevel() on ptolemy.moml.MoMLSimpleApplication@459423b4
reloadAllAccessors: .WidthTestWithSubscriberPublisher2

===========================================================================================
----------------- testing Wed Feb 12 07:02:47 UTC 2020 /home/travis/build/icyphy/ptII/ptolemy/actor/lib/test/auto/WidthTestWithSubscriberPublisher3.xml
----------------- Instantiating /home/travis/build/icyphy/ptII/ptolemy/actor/lib/test/auto/WidthTestWithSubscriberPublisher3.xml
1 ms. Memory: 445440K Free: 289095K (65%)
----------------- Invoking toplevel() on ptolemy.moml.MoMLSimpleApplication@74c669c1
----------------- Done invoking toplevel() on ptolemy.moml.MoMLSimpleApplication@74c669c1
reloadAllAccessors: .WidthTestWithSubscriberPublisher3

===========================================================================================
----------------- testing Wed Feb 12 07:02:47 UTC 2020 /home/travis/build/icyphy/ptII/ptolemy/actor/lib/test/auto/Writer.xml
----------------- Instantiating /home/travis/build/icyphy/ptII/ptolemy/actor/lib/test/auto/Writer.xml
0
1
2
3
4
1 ms. Memory: 445440K Free: 284999K (64%)
----------------- Invoking toplevel() on ptolemy.moml.MoMLSimpleApplication@5ef89c42
----------------- Done invoking toplevel() on ptolemy.moml.MoMLSimpleApplication@5ef89c42
reloadAllAccessors: .Writer

===========================================================================================
----------------- testing Wed Feb 12 07:02:47 UTC 2020 /home/travis/build/icyphy/ptII/ptolemy/actor/lib/test/auto/array.xml
----------------- Instantiating /home/travis/build/icyphy/ptII/ptolemy/actor/lib/test/auto/array.xml
2 ms. Memory: 445440K Free: 280389K (63%)
----------------- Invoking toplevel() on ptolemy.moml.MoMLSimpleApplication@3327c935
----------------- Done invoking toplevel() on ptolemy.moml.MoMLSimpleApplication@3327c935
reloadAllAccessors: .array

===========================================================================================
----------------- testing Wed Feb 12 07:02:47 UTC 2020 /home/travis/build/icyphy/ptII/ptolemy/actor/lib/test/auto/array2.xml
----------------- Instantiating /home/travis/build/icyphy/ptII/ptolemy/actor/lib/test/auto/array2.xml
2 ms. Memory: 445440K Free: 275255K (62%)
----------------- Invoking toplevel() on ptolemy.moml.MoMLSimpleApplication@70a412fa
----------------- Done invoking toplevel() on ptolemy.moml.MoMLSimpleApplication@70a412fa
reloadAllAccessors: .array2

===========================================================================================
----------------- testing Wed Feb 12 07:02:47 UTC 2020 /home/travis/build/icyphy/ptII/ptolemy/actor/lib/test/auto/arrayType.xml
----------------- Instantiating /home/travis/build/icyphy/ptII/ptolemy/actor/lib/test/auto/arrayType.xml
2 ms. Memory: 445440K Free: 270149K (61%)
----------------- Invoking toplevel() on ptolemy.moml.MoMLSimpleApplication@3bf51217
----------------- Done invoking toplevel() on ptolemy.moml.MoMLSimpleApplication@3bf51217
reloadAllAccessors: .arrayType

===========================================================================================
----------------- testing Wed Feb 12 07:02:47 UTC 2020 /home/travis/build/icyphy/ptII/ptolemy/actor/lib/test/auto/arrayType10.xml
----------------- Instantiating /home/travis/build/icyphy/ptII/ptolemy/actor/lib/test/auto/arrayType10.xml
1 ms. Memory: 445440K Free: 265543K (60%)
----------------- Invoking toplevel() on ptolemy.moml.MoMLSimpleApplication@4bb0eea1
----------------- Done invoking toplevel() on ptolemy.moml.MoMLSimpleApplication@4bb0eea1
reloadAllAccessors: .arrayType10

===========================================================================================
----------------- testing Wed Feb 12 07:02:47 UTC 2020 /home/travis/build/icyphy/ptII/ptolemy/actor/lib/test/auto/arrayType11.xml
----------------- Instantiating /home/travis/build/icyphy/ptII/ptolemy/actor/lib/test/auto/arrayType11.xml
2 ms. Memory: 445440K Free: 260423K (58%)
----------------- Invoking toplevel() on ptolemy.moml.MoMLSimpleApplication@7cb357bc
----------------- Done invoking toplevel() on ptolemy.moml.MoMLSimpleApplication@7cb357bc
reloadAllAccessors: .arrayType11

===========================================================================================
----------------- testing Wed Feb 12 07:02:47 UTC 2020 /home/travis/build/icyphy/ptII/ptolemy/actor/lib/test/auto/arrayType12.xml
----------------- Instantiating /home/travis/build/icyphy/ptII/ptolemy/actor/lib/test/auto/arrayType12.xml
1 ms. Memory: 445440K Free: 255813K (57%)
----------------- Invoking toplevel() on ptolemy.moml.MoMLSimpleApplication@b344380
----------------- Done invoking toplevel() on ptolemy.moml.MoMLSimpleApplication@b344380
reloadAllAccessors: .arrayType12

===========================================================================================
----------------- testing Wed Feb 12 07:02:47 UTC 2020 /home/travis/build/icyphy/ptII/ptolemy/actor/lib/test/auto/arrayType13.xml
----------------- Instantiating /home/travis/build/icyphy/ptII/ptolemy/actor/lib/test/auto/arrayType13.xml
1 ms. Memory: 445440K Free: 250693K (56%)
----------------- Invoking toplevel() on ptolemy.moml.MoMLSimpleApplication@689476a4
----------------- Done invoking toplevel() on ptolemy.moml.MoMLSimpleApplication@689476a4
reloadAllAccessors: .arrayType13

===========================================================================================
----------------- testing Wed Feb 12 07:02:47 UTC 2020 /home/travis/build/icyphy/ptII/ptolemy/actor/lib/test/auto/arrayType14.xml
----------------- Instantiating /home/travis/build/icyphy/ptII/ptolemy/actor/lib/test/auto/arrayType14.xml
1 ms. Memory: 445440K Free: 245063K (55%)
----------------- Invoking toplevel() on ptolemy.moml.MoMLSimpleApplication@103eb53
----------------- Done invoking toplevel() on ptolemy.moml.MoMLSimpleApplication@103eb53
reloadAllAccessors: .arrayType14

===========================================================================================
----------------- testing Wed Feb 12 07:02:47 UTC 2020 /home/travis/build/icyphy/ptII/ptolemy/actor/lib/test/auto/arrayType15.xml
----------------- Instantiating /home/travis/build/icyphy/ptII/ptolemy/actor/lib/test/auto/arrayType15.xml
2 ms. Memory: 445440K Free: 239943K (54%)
----------------- Invoking toplevel() on ptolemy.moml.MoMLSimpleApplication@7f158fcf
----------------- Done invoking toplevel() on ptolemy.moml.MoMLSimpleApplication@7f158fcf
reloadAllAccessors: .arrayType15

===========================================================================================
----------------- testing Wed Feb 12 07:02:47 UTC 2020 /home/travis/build/icyphy/ptII/ptolemy/actor/lib/test/auto/arrayType16.xml
----------------- Instantiating /home/travis/build/icyphy/ptII/ptolemy/actor/lib/test/auto/arrayType16.xml
1 ms. Memory: 445440K Free: 234823K (53%)
----------------- Invoking toplevel() on ptolemy.moml.MoMLSimpleApplication@1e7776b0
----------------- Done invoking toplevel() on ptolemy.moml.MoMLSimpleApplication@1e7776b0
reloadAllAccessors: .arrayType16

===========================================================================================
----------------- testing Wed Feb 12 07:02:47 UTC 2020 /home/travis/build/icyphy/ptII/ptolemy/actor/lib/test/auto/arrayType17.xml
----------------- Instantiating /home/travis/build/icyphy/ptII/ptolemy/actor/lib/test/auto/arrayType17.xml
1 ms. Memory: 445440K Free: 229189K (51%)
----------------- Invoking toplevel() on ptolemy.moml.MoMLSimpleApplication@5b20b114
----------------- Done invoking toplevel() on ptolemy.moml.MoMLSimpleApplication@5b20b114
reloadAllAccessors: .arrayType17

===========================================================================================
----------------- testing Wed Feb 12 07:02:47 UTC 2020 /home/travis/build/icyphy/ptII/ptolemy/actor/lib/test/auto/arrayType18.xml
----------------- Instantiating /home/travis/build/icyphy/ptII/ptolemy/actor/lib/test/auto/arrayType18.xml
1 ms. Memory: 445440K Free: 224583K (50%)
----------------- Invoking toplevel() on ptolemy.moml.MoMLSimpleApplication@1e435362
----------------- Done invoking toplevel() on ptolemy.moml.MoMLSimpleApplication@1e435362
reloadAllAccessors: .arrayType18

===========================================================================================
----------------- testing Wed Feb 12 07:02:47 UTC 2020 /home/travis/build/icyphy/ptII/ptolemy/actor/lib/test/auto/arrayType19.xml
----------------- Instantiating /home/travis/build/icyphy/ptII/ptolemy/actor/lib/test/auto/arrayType19.xml
1 ms. Memory: 445440K Free: 219973K (49%)
----------------- Invoking toplevel() on ptolemy.moml.MoMLSimpleApplication@7aadcdcc
----------------- Done invoking toplevel() on ptolemy.moml.MoMLSimpleApplication@7aadcdcc
reloadAllAccessors: .arrayType19

===========================================================================================
----------------- testing Wed Feb 12 07:02:47 UTC 2020 /home/travis/build/icyphy/ptII/ptolemy/actor/lib/test/auto/arrayType2.xml
----------------- Instantiating /home/travis/build/icyphy/ptII/ptolemy/actor/lib/test/auto/arrayType2.xml
2 ms. Memory: 445440K Free: 214343K (48%)
----------------- Invoking toplevel() on ptolemy.moml.MoMLSimpleApplication@5abdcc62
----------------- Done invoking toplevel() on ptolemy.moml.MoMLSimpleApplication@5abdcc62
reloadAllAccessors: .arrayType2

===========================================================================================
----------------- testing Wed Feb 12 07:02:47 UTC 2020 /home/travis/build/icyphy/ptII/ptolemy/actor/lib/test/auto/arrayType20.xml
----------------- Instantiating /home/travis/build/icyphy/ptII/ptolemy/actor/lib/test/auto/arrayType20.xml
1 ms. Memory: 445440K Free: 209733K (47%)
----------------- Invoking toplevel() on ptolemy.moml.MoMLSimpleApplication@5d3c842a
----------------- Done invoking toplevel() on ptolemy.moml.MoMLSimpleApplication@5d3c842a
reloadAllAccessors: .arrayType20

===========================================================================================
----------------- testing Wed Feb 12 07:02:47 UTC 2020 /home/travis/build/icyphy/ptII/ptolemy/actor/lib/test/auto/arrayType21.xml
----------------- Instantiating /home/travis/build/icyphy/ptII/ptolemy/actor/lib/test/auto/arrayType21.xml
2 ms. Memory: 445440K Free: 204103K (46%)
----------------- Invoking toplevel() on ptolemy.moml.MoMLSimpleApplication@276d45c7
----------------- Done invoking toplevel() on ptolemy.moml.MoMLSimpleApplication@276d45c7
reloadAllAccessors: .arrayType21

===========================================================================================
----------------- testing Wed Feb 12 07:02:47 UTC 2020 /home/travis/build/icyphy/ptII/ptolemy/actor/lib/test/auto/arrayType22.xml
----------------- Instantiating /home/travis/build/icyphy/ptII/ptolemy/actor/lib/test/auto/arrayType22.xml
1 ms. Memory: 445440K Free: 199493K (45%)
----------------- Invoking toplevel() on ptolemy.moml.MoMLSimpleApplication@17312950
----------------- Done invoking toplevel() on ptolemy.moml.MoMLSimpleApplication@17312950
reloadAllAccessors: .arrayType22

===========================================================================================
----------------- testing Wed Feb 12 07:02:47 UTC 2020 /home/travis/build/icyphy/ptII/ptolemy/actor/lib/test/auto/arrayType23.xml
----------------- Instantiating /home/travis/build/icyphy/ptII/ptolemy/actor/lib/test/auto/arrayType23.xml
1 ms. Memory: 445440K Free: 194887K (44%)
----------------- Invoking toplevel() on ptolemy.moml.MoMLSimpleApplication@35db0646
----------------- Done invoking toplevel() on ptolemy.moml.MoMLSimpleApplication@35db0646
reloadAllAccessors: .arrayType23

===========================================================================================
----------------- testing Wed Feb 12 07:02:47 UTC 2020 /home/travis/build/icyphy/ptII/ptolemy/actor/lib/test/auto/arrayType24.xml
----------------- Instantiating /home/travis/build/icyphy/ptII/ptolemy/actor/lib/test/auto/arrayType24.xml
1 ms. Memory: 445440K Free: 189767K (43%)
----------------- Invoking toplevel() on ptolemy.moml.MoMLSimpleApplication@37517bd9
----------------- Done invoking toplevel() on ptolemy.moml.MoMLSimpleApplication@37517bd9
reloadAllAccessors: .arrayType24

===========================================================================================
----------------- testing Wed Feb 12 07:02:47 UTC 2020 /home/travis/build/icyphy/ptII/ptolemy/actor/lib/test/auto/arrayType25.xml
----------------- Instantiating /home/travis/build/icyphy/ptII/ptolemy/actor/lib/test/auto/arrayType25.xml
1 ms. Memory: 445440K Free: 184647K (41%)
----------------- Invoking toplevel() on ptolemy.moml.MoMLSimpleApplication@2ca31349
----------------- Done invoking toplevel() on ptolemy.moml.MoMLSimpleApplication@2ca31349
reloadAllAccessors: .arrayType25

===========================================================================================
----------------- testing Wed Feb 12 07:02:47 UTC 2020 /home/travis/build/icyphy/ptII/ptolemy/actor/lib/test/auto/arrayType26.xml
----------------- Instantiating /home/travis/build/icyphy/ptII/ptolemy/actor/lib/test/auto/arrayType26.xml
1 ms. Memory: 445440K Free: 179527K (40%)
----------------- Invoking toplevel() on ptolemy.moml.MoMLSimpleApplication@46a5a354
----------------- Done invoking toplevel() on ptolemy.moml.MoMLSimpleApplication@46a5a354
reloadAllAccessors: .arrayType26

===========================================================================================
----------------- testing Wed Feb 12 07:02:47 UTC 2020 /home/travis/build/icyphy/ptII/ptolemy/actor/lib/test/auto/arrayType27.xml
----------------- Instantiating /home/travis/build/icyphy/ptII/ptolemy/actor/lib/test/auto/arrayType27.xml
2 ms. Memory: 445440K Free: 173893K (39%)
----------------- Invoking toplevel() on ptolemy.moml.MoMLSimpleApplication@3085a803
----------------- Done invoking toplevel() on ptolemy.moml.MoMLSimpleApplication@3085a803
reloadAllAccessors: .arrayType27

===========================================================================================
----------------- testing Wed Feb 12 07:02:47 UTC 2020 /home/travis/build/icyphy/ptII/ptolemy/actor/lib/test/auto/arrayType28.xml
----------------- Instantiating /home/travis/build/icyphy/ptII/ptolemy/actor/lib/test/auto/arrayType28.xml
7 ms. Memory: 445440K Free: 168773K (38%)
----------------- Invoking toplevel() on ptolemy.moml.MoMLSimpleApplication@279703aa
----------------- Done invoking toplevel() on ptolemy.moml.MoMLSimpleApplication@279703aa
reloadAllAccessors: .arrayType28

===========================================================================================
----------------- testing Wed Feb 12 07:02:47 UTC 2020 /home/travis/build/icyphy/ptII/ptolemy/actor/lib/test/auto/arrayType3.xml
----------------- Instantiating /home/travis/build/icyphy/ptII/ptolemy/actor/lib/test/auto/arrayType3.xml
2 ms. Memory: 445440K Free: 163143K (37%)
----------------- Invoking toplevel() on ptolemy.moml.MoMLSimpleApplication@67e1973e
----------------- Done invoking toplevel() on ptolemy.moml.MoMLSimpleApplication@67e1973e
reloadAllAccessors: .arrayType3

===========================================================================================
----------------- testing Wed Feb 12 07:02:47 UTC 2020 /home/travis/build/icyphy/ptII/ptolemy/actor/lib/test/auto/arrayType4.xml
----------------- Instantiating /home/travis/build/icyphy/ptII/ptolemy/actor/lib/test/auto/arrayType4.xml
1 ms. Memory: 445440K Free: 158023K (35%)
----------------- Invoking toplevel() on ptolemy.moml.MoMLSimpleApplication@37e8e70a
----------------- Done invoking toplevel() on ptolemy.moml.MoMLSimpleApplication@37e8e70a
reloadAllAccessors: .arrayType4

===========================================================================================
----------------- testing Wed Feb 12 07:02:47 UTC 2020 /home/travis/build/icyphy/ptII/ptolemy/actor/lib/test/auto/arrayType5.xml
----------------- Instantiating /home/travis/build/icyphy/ptII/ptolemy/actor/lib/test/auto/arrayType5.xml
1 ms. Memory: 445440K Free: 152903K (34%)
----------------- Invoking toplevel() on ptolemy.moml.MoMLSimpleApplication@cc6b01
----------------- Done invoking toplevel() on ptolemy.moml.MoMLSimpleApplication@cc6b01
reloadAllAccessors: .arrayType5

===========================================================================================
----------------- testing Wed Feb 12 07:02:47 UTC 2020 /home/travis/build/icyphy/ptII/ptolemy/actor/lib/test/auto/arrayType6.xml
----------------- Instantiating /home/travis/build/icyphy/ptII/ptolemy/actor/lib/test/auto/arrayType6.xml
1 ms. Memory: 445440K Free: 147783K (33%)
----------------- Invoking toplevel() on ptolemy.moml.MoMLSimpleApplication@303ead59
----------------- Done invoking toplevel() on ptolemy.moml.MoMLSimpleApplication@303ead59
reloadAllAccessors: .arrayType6

===========================================================================================
----------------- testing Wed Feb 12 07:02:47 UTC 2020 /home/travis/build/icyphy/ptII/ptolemy/actor/lib/test/auto/arrayType7.xml
----------------- Instantiating /home/travis/build/icyphy/ptII/ptolemy/actor/lib/test/auto/arrayType7.xml
1 ms. Memory: 445440K Free: 143173K (32%)
----------------- Invoking toplevel() on ptolemy.moml.MoMLSimpleApplication@2879e8f3
----------------- Done invoking toplevel() on ptolemy.moml.MoMLSimpleApplication@2879e8f3
reloadAllAccessors: .arrayType7

===========================================================================================
----------------- testing Wed Feb 12 07:02:47 UTC 2020 /home/travis/build/icyphy/ptII/ptolemy/actor/lib/test/auto/arrayType8.xml
----------------- Instantiating /home/travis/build/icyphy/ptII/ptolemy/actor/lib/test/auto/arrayType8.xml
1 ms. Memory: 445440K Free: 138567K (31%)
----------------- Invoking toplevel() on ptolemy.moml.MoMLSimpleApplication@73714e09
----------------- Done invoking toplevel() on ptolemy.moml.MoMLSimpleApplication@73714e09
reloadAllAccessors: .arrayType8

===========================================================================================
----------------- testing Wed Feb 12 07:02:47 UTC 2020 /home/travis/build/icyphy/ptII/ptolemy/actor/lib/test/auto/arrayType9.xml
----------------- Instantiating /home/travis/build/icyphy/ptII/ptolemy/actor/lib/test/auto/arrayType9.xml
5 ms. Memory: 445440K Free: 133447K (30%)
----------------- Invoking toplevel() on ptolemy.moml.MoMLSimpleApplication@315d9bcc
----------------- Done invoking toplevel() on ptolemy.moml.MoMLSimpleApplication@315d9bcc
reloadAllAccessors: .arrayType9

===========================================================================================
----------------- testing Wed Feb 12 07:02:47 UTC 2020 /home/travis/build/icyphy/ptII/ptolemy/actor/lib/test/auto/cast.xml
----------------- Instantiating /home/travis/build/icyphy/ptII/ptolemy/actor/lib/test/auto/cast.xml
17 ms. Memory: 445440K Free: 390617K (88%)
----------------- Invoking toplevel() on ptolemy.moml.MoMLSimpleApplication@6832029e
----------------- Done invoking toplevel() on ptolemy.moml.MoMLSimpleApplication@6832029e
reloadAllAccessors: .cast

===========================================================================================
----------------- testing Wed Feb 12 07:02:47 UTC 2020 /home/travis/build/icyphy/ptII/ptolemy/actor/lib/test/auto/compositeMultiPort.xml
----------------- Instantiating /home/travis/build/icyphy/ptII/ptolemy/actor/lib/test/auto/compositeMultiPort.xml
4 ms. Memory: 445440K Free: 380640K (85%)
----------------- Invoking toplevel() on ptolemy.moml.MoMLSimpleApplication@3e4093e6
----------------- Done invoking toplevel() on ptolemy.moml.MoMLSimpleApplication@3e4093e6
reloadAllAccessors: .compositeMultiPort

===========================================================================================
----------------- testing Wed Feb 12 07:02:47 UTC 2020 /home/travis/build/icyphy/ptII/ptolemy/actor/lib/test/auto/expressionCastInference.xml
----------------- Instantiating /home/travis/build/icyphy/ptII/ptolemy/actor/lib/test/auto/expressionCastInference.xml
2 ms. Memory: 445440K Free: 376030K (84%)
----------------- Invoking toplevel() on ptolemy.moml.MoMLSimpleApplication@3ba6e8e5
----------------- Done invoking toplevel() on ptolemy.moml.MoMLSimpleApplication@3ba6e8e5
reloadAllAccessors: .expressionCastInference

===========================================================================================
----------------- testing Wed Feb 12 07:02:47 UTC 2020 /home/travis/build/icyphy/ptII/ptolemy/actor/lib/test/auto/expressionCastInference2.xml
----------------- Instantiating /home/travis/build/icyphy/ptII/ptolemy/actor/lib/test/auto/expressionCastInference2.xml
2 ms. Memory: 445440K Free: 370910K (83%)
----------------- Invoking toplevel() on ptolemy.moml.MoMLSimpleApplication@72437ec
----------------- Done invoking toplevel() on ptolemy.moml.MoMLSimpleApplication@72437ec
reloadAllAccessors: .expressionCastInference2

===========================================================================================
----------------- testing Wed Feb 12 07:02:47 UTC 2020 /home/travis/build/icyphy/ptII/ptolemy/actor/lib/test/auto/expressionInference.xml
----------------- Instantiating /home/travis/build/icyphy/ptII/ptolemy/actor/lib/test/auto/expressionInference.xml
1 ms. Memory: 445440K Free: 366814K (82%)
----------------- Invoking toplevel() on ptolemy.moml.MoMLSimpleApplication@60e15807
----------------- Done invoking toplevel() on ptolemy.moml.MoMLSimpleApplication@60e15807
reloadAllAccessors: .expressionInference

===========================================================================================
----------------- testing Wed Feb 12 07:02:47 UTC 2020 /home/travis/build/icyphy/ptII/ptolemy/actor/lib/test/auto/expression_bug.xml
----------------- Instantiating /home/travis/build/icyphy/ptII/ptolemy/actor/lib/test/auto/expression_bug.xml
2 ms. Memory: 445440K Free: 361694K (81%)
----------------- Invoking toplevel() on ptolemy.moml.MoMLSimpleApplication@1ea5828e
----------------- Done invoking toplevel() on ptolemy.moml.MoMLSimpleApplication@1ea5828e
reloadAllAccessors: .expression_bug

===========================================================================================
----------------- testing Wed Feb 12 07:02:47 UTC 2020 /home/travis/build/icyphy/ptII/ptolemy/actor/lib/test/auto/factorial.xml
----------------- Instantiating /home/travis/build/icyphy/ptII/ptolemy/actor/lib/test/auto/factorial.xml
51 ms. Memory: 445440K Free: 353502K (79%)
----------------- Invoking toplevel() on ptolemy.moml.MoMLSimpleApplication@458630ac
----------------- Done invoking toplevel() on ptolemy.moml.MoMLSimpleApplication@458630ac
reloadAllAccessors: .factorial

===========================================================================================
----------------- testing Wed Feb 12 07:02:47 UTC 2020 /home/travis/build/icyphy/ptII/ptolemy/actor/lib/test/auto/filterTest1.xml
----------------- Instantiating /home/travis/build/icyphy/ptII/ptolemy/actor/lib/test/auto/filterTest1.xml
3 ms. Memory: 445440K Free: 347872K (78%)
----------------- Invoking toplevel() on ptolemy.moml.MoMLSimpleApplication@69e62d62
----------------- Done invoking toplevel() on ptolemy.moml.MoMLSimpleApplication@69e62d62
reloadAllAccessors: .filterTest1

===========================================================================================
----------------- testing Wed Feb 12 07:02:47 UTC 2020 /home/travis/build/icyphy/ptII/ptolemy/actor/lib/test/auto/funcApplyInConst.xml
----------------- Instantiating /home/travis/build/icyphy/ptII/ptolemy/actor/lib/test/auto/funcApplyInConst.xml
1 ms. Memory: 445440K Free: 343776K (77%)
----------------- Invoking toplevel() on ptolemy.moml.MoMLSimpleApplication@49435ad6
----------------- Done invoking toplevel() on ptolemy.moml.MoMLSimpleApplication@49435ad6
reloadAllAccessors: .funcApplyInConst

===========================================================================================
----------------- testing Wed Feb 12 07:02:48 UTC 2020 /home/travis/build/icyphy/ptII/ptolemy/actor/lib/test/auto/funcApplyInExpr.xml
----------------- Instantiating /home/travis/build/icyphy/ptII/ptolemy/actor/lib/test/auto/funcApplyInExpr.xml
1 ms. Memory: 445440K Free: 340190K (76%)
----------------- Invoking toplevel() on ptolemy.moml.MoMLSimpleApplication@17a8e7e6
----------------- Done invoking toplevel() on ptolemy.moml.MoMLSimpleApplication@17a8e7e6
reloadAllAccessors: .funcApplyInExpr

===========================================================================================
----------------- testing Wed Feb 12 07:02:48 UTC 2020 /home/travis/build/icyphy/ptII/ptolemy/actor/lib/test/auto/function.xml
----------------- Instantiating /home/travis/build/icyphy/ptII/ptolemy/actor/lib/test/auto/function.xml
2 ms. Memory: 445440K Free: 335070K (75%)
----------------- Invoking toplevel() on ptolemy.moml.MoMLSimpleApplication@15461dc1
----------------- Done invoking toplevel() on ptolemy.moml.MoMLSimpleApplication@15461dc1
reloadAllAccessors: .function

===========================================================================================
----------------- testing Wed Feb 12 07:02:48 UTC 2020 /home/travis/build/icyphy/ptII/ptolemy/actor/lib/test/auto/function2.xml
----------------- Instantiating /home/travis/build/icyphy/ptII/ptolemy/actor/lib/test/auto/function2.xml
2 ms. Memory: 445440K Free: 330464K (74%)
----------------- Invoking toplevel() on ptolemy.moml.MoMLSimpleApplication@5b62dff8
----------------- Done invoking toplevel() on ptolemy.moml.MoMLSimpleApplication@5b62dff8
reloadAllAccessors: .function2

===========================================================================================
----------------- testing Wed Feb 12 07:02:48 UTC 2020 /home/travis/build/icyphy/ptII/ptolemy/actor/lib/test/auto/function3.xml
----------------- Instantiating /home/travis/build/icyphy/ptII/ptolemy/actor/lib/test/auto/function3.xml
1 ms. Memory: 445440K Free: 326368K (73%)
----------------- Invoking toplevel() on ptolemy.moml.MoMLSimpleApplication@640ae80
----------------- Done invoking toplevel() on ptolemy.moml.MoMLSimpleApplication@640ae80
reloadAllAccessors: .function3

===========================================================================================
----------------- testing Wed Feb 12 07:02:48 UTC 2020 /home/travis/build/icyphy/ptII/ptolemy/actor/lib/test/auto/functionClosureTest1.xml
----------------- Instantiating /home/travis/build/icyphy/ptII/ptolemy/actor/lib/test/auto/functionClosureTest1.xml
2 ms. Memory: 445440K Free: 320734K (72%)
----------------- Invoking toplevel() on ptolemy.moml.MoMLSimpleApplication@68a033ca
----------------- Done invoking toplevel() on ptolemy.moml.MoMLSimpleApplication@68a033ca
reloadAllAccessors: .functionClosureTest1

===========================================================================================
----------------- testing Wed Feb 12 07:02:48 UTC 2020 /home/travis/build/icyphy/ptII/ptolemy/actor/lib/test/auto/functionClosureTest2.xml
----------------- Instantiating /home/travis/build/icyphy/ptII/ptolemy/actor/lib/test/auto/functionClosureTest2.xml
2 ms. Memory: 445440K Free: 317152K (71%)
----------------- Invoking toplevel() on ptolemy.moml.MoMLSimpleApplication@7fb6a8b4
----------------- Done invoking toplevel() on ptolemy.moml.MoMLSimpleApplication@7fb6a8b4
reloadAllAccessors: .functionClosureTest2

===========================================================================================
----------------- testing Wed Feb 12 07:02:48 UTC 2020 /home/travis/build/icyphy/ptII/ptolemy/actor/lib/test/auto/functionClosureTest3.xml
----------------- Instantiating /home/travis/build/icyphy/ptII/ptolemy/actor/lib/test/auto/functionClosureTest3.xml
2 ms. Memory: 445440K Free: 311504K (70%)
----------------- Invoking toplevel() on ptolemy.moml.MoMLSimpleApplication@3aee9cdb
----------------- Done invoking toplevel() on ptolemy.moml.MoMLSimpleApplication@3aee9cdb
reloadAllAccessors: .functionClosureTest3

===========================================================================================
----------------- testing Wed Feb 12 07:02:48 UTC 2020 /home/travis/build/icyphy/ptII/ptolemy/actor/lib/test/auto/functionClosureTest4.xml
----------------- Instantiating /home/travis/build/icyphy/ptII/ptolemy/actor/lib/test/auto/functionClosureTest4.xml
2 ms. Memory: 445440K Free: 305374K (69%)
----------------- Invoking toplevel() on ptolemy.moml.MoMLSimpleApplication@7886ee46
----------------- Done invoking toplevel() on ptolemy.moml.MoMLSimpleApplication@7886ee46
reloadAllAccessors: .functionClosureTest4

===========================================================================================
----------------- testing Wed Feb 12 07:02:48 UTC 2020 /home/travis/build/icyphy/ptII/ptolemy/actor/lib/test/auto/functionClosureTest5.xml
----------------- Instantiating /home/travis/build/icyphy/ptII/ptolemy/actor/lib/test/auto/functionClosureTest5.xml
3 ms. Memory: 445440K Free: 299744K (67%)
----------------- Invoking toplevel() on ptolemy.moml.MoMLSimpleApplication@5f253c3
----------------- Done invoking toplevel() on ptolemy.moml.MoMLSimpleApplication@5f253c3
reloadAllAccessors: .functionClosureTest5

===========================================================================================
----------------- testing Wed Feb 12 07:02:48 UTC 2020 /home/travis/build/icyphy/ptII/ptolemy/actor/lib/test/auto/functionClosureTest6.xml
----------------- Instantiating /home/travis/build/icyphy/ptII/ptolemy/actor/lib/test/auto/functionClosureTest6.xml
2 ms. Memory: 445440K Free: 295120K (66%)
----------------- Invoking toplevel() on ptolemy.moml.MoMLSimpleApplication@1c939b05
----------------- Done invoking toplevel() on ptolemy.moml.MoMLSimpleApplication@1c939b05
reloadAllAccessors: .functionClosureTest6

===========================================================================================
----------------- testing Wed Feb 12 07:02:48 UTC 2020 /home/travis/build/icyphy/ptII/ptolemy/actor/lib/test/auto/functionsOnArcs.xml
----------------- Instantiating /home/travis/build/icyphy/ptII/ptolemy/actor/lib/test/auto/functionsOnArcs.xml
1 ms. Memory: 445440K Free: 289504K (65%)
----------------- Invoking toplevel() on ptolemy.moml.MoMLSimpleApplication@28beda03
----------------- Done invoking toplevel() on ptolemy.moml.MoMLSimpleApplication@28beda03
reloadAllAccessors: .functionsOnArcs

===========================================================================================
----------------- testing Wed Feb 12 07:02:48 UTC 2020 /home/travis/build/icyphy/ptII/ptolemy/actor/lib/test/auto/functionsOnArcsHOF.xml
----------------- Instantiating /home/travis/build/icyphy/ptII/ptolemy/actor/lib/test/auto/functionsOnArcsHOF.xml
2 ms. Memory: 445440K Free: 283870K (64%)
----------------- Invoking toplevel() on ptolemy.moml.MoMLSimpleApplication@7d58e29e
----------------- Done invoking toplevel() on ptolemy.moml.MoMLSimpleApplication@7d58e29e
reloadAllAccessors: .functionsOnArcsHOF

===========================================================================================
----------------- testing Wed Feb 12 07:02:48 UTC 2020 /home/travis/build/icyphy/ptII/ptolemy/actor/lib/test/auto/logic.xml
----------------- Instantiating /home/travis/build/icyphy/ptII/ptolemy/actor/lib/test/auto/logic.xml
2 ms. Memory: 445440K Free: 276192K (62%)
----------------- Invoking toplevel() on ptolemy.moml.MoMLSimpleApplication@63792041
----------------- Done invoking toplevel() on ptolemy.moml.MoMLSimpleApplication@63792041
reloadAllAccessors: .logic

===========================================================================================
----------------- testing Wed Feb 12 07:02:48 UTC 2020 /home/travis/build/icyphy/ptII/ptolemy/actor/lib/test/auto/matrixType.xml
----------------- Instantiating /home/travis/build/icyphy/ptII/ptolemy/actor/lib/test/auto/matrixType.xml
1 ms. Memory: 445440K Free: 271582K (61%)
----------------- Invoking toplevel() on ptolemy.moml.MoMLSimpleApplication@7a878850
----------------- Done invoking toplevel() on ptolemy.moml.MoMLSimpleApplication@7a878850
reloadAllAccessors: .matrixType

===========================================================================================
----------------- testing Wed Feb 12 07:02:48 UTC 2020 /home/travis/build/icyphy/ptII/ptolemy/actor/lib/test/auto/matrixType10.xml
----------------- Instantiating /home/travis/build/icyphy/ptII/ptolemy/actor/lib/test/auto/matrixType10.xml
1 ms. Memory: 445440K Free: 266462K (60%)
----------------- Invoking toplevel() on ptolemy.moml.MoMLSimpleApplication@2eaa957c
----------------- Done invoking toplevel() on ptolemy.moml.MoMLSimpleApplication@2eaa957c
reloadAllAccessors: .matrixType10

===========================================================================================
----------------- testing Wed Feb 12 07:02:48 UTC 2020 /home/travis/build/icyphy/ptII/ptolemy/actor/lib/test/auto/matrixType11.xml
----------------- Instantiating /home/travis/build/icyphy/ptII/ptolemy/actor/lib/test/auto/matrixType11.xml
1 ms. Memory: 445440K Free: 261856K (59%)
----------------- Invoking toplevel() on ptolemy.moml.MoMLSimpleApplication@2a54da83
----------------- Done invoking toplevel() on ptolemy.moml.MoMLSimpleApplication@2a54da83
reloadAllAccessors: .matrixType11

===========================================================================================
----------------- testing Wed Feb 12 07:02:48 UTC 2020 /home/travis/build/icyphy/ptII/ptolemy/actor/lib/test/auto/matrixType12.xml
----------------- Instantiating /home/travis/build/icyphy/ptII/ptolemy/actor/lib/test/auto/matrixType12.xml
1 ms. Memory: 445440K Free: 256736K (58%)
----------------- Invoking toplevel() on ptolemy.moml.MoMLSimpleApplication@19b2dede
----------------- Done invoking toplevel() on ptolemy.moml.MoMLSimpleApplication@19b2dede
reloadAllAccessors: .matrixType12

===========================================================================================
----------------- testing Wed Feb 12 07:02:48 UTC 2020 /home/travis/build/icyphy/ptII/ptolemy/actor/lib/test/auto/matrixType13.xml
----------------- Instantiating /home/travis/build/icyphy/ptII/ptolemy/actor/lib/test/auto/matrixType13.xml
1 ms. Memory: 445440K Free: 252126K (57%)
----------------- Invoking toplevel() on ptolemy.moml.MoMLSimpleApplication@28ee981
----------------- Done invoking toplevel() on ptolemy.moml.MoMLSimpleApplication@28ee981
reloadAllAccessors: .matrixType13

===========================================================================================
----------------- testing Wed Feb 12 07:02:48 UTC 2020 /home/travis/build/icyphy/ptII/ptolemy/actor/lib/test/auto/matrixType14.xml
----------------- Instantiating /home/travis/build/icyphy/ptII/ptolemy/actor/lib/test/auto/matrixType14.xml
1 ms. Memory: 445440K Free: 247006K (55%)
----------------- Invoking toplevel() on ptolemy.moml.MoMLSimpleApplication@6f965556
----------------- Done invoking toplevel() on ptolemy.moml.MoMLSimpleApplication@6f965556
reloadAllAccessors: .matrixType14

===========================================================================================
----------------- testing Wed Feb 12 07:02:48 UTC 2020 /home/travis/build/icyphy/ptII/ptolemy/actor/lib/test/auto/matrixType2.xml
----------------- Instantiating /home/travis/build/icyphy/ptII/ptolemy/actor/lib/test/auto/matrixType2.xml
1 ms. Memory: 445440K Free: 241886K (54%)
----------------- Invoking toplevel() on ptolemy.moml.MoMLSimpleApplication@198091d8
----------------- Done invoking toplevel() on ptolemy.moml.MoMLSimpleApplication@198091d8
reloadAllAccessors: .matrixType2

===========================================================================================
----------------- testing Wed Feb 12 07:02:48 UTC 2020 /home/travis/build/icyphy/ptII/ptolemy/actor/lib/test/auto/matrixType3.xml
----------------- Instantiating /home/travis/build/icyphy/ptII/ptolemy/actor/lib/test/auto/matrixType3.xml
1 ms. Memory: 445440K Free: 236766K (53%)
----------------- Invoking toplevel() on ptolemy.moml.MoMLSimpleApplication@19d2f1cc
----------------- Done invoking toplevel() on ptolemy.moml.MoMLSimpleApplication@19d2f1cc
reloadAllAccessors: .matrixType3

===========================================================================================
----------------- testing Wed Feb 12 07:02:48 UTC 2020 /home/travis/build/icyphy/ptII/ptolemy/actor/lib/test/auto/matrixType4.xml
----------------- Instantiating /home/travis/build/icyphy/ptII/ptolemy/actor/lib/test/auto/matrixType4.xml
2 ms. Memory: 445440K Free: 232160K (52%)
----------------- Invoking toplevel() on ptolemy.moml.MoMLSimpleApplication@53cc8053
----------------- Done invoking toplevel() on ptolemy.moml.MoMLSimpleApplication@53cc8053
reloadAllAccessors: .matrixType4

===========================================================================================
----------------- testing Wed Feb 12 07:02:48 UTC 2020 /home/travis/build/icyphy/ptII/ptolemy/actor/lib/test/auto/matrixType5.xml
----------------- Instantiating /home/travis/build/icyphy/ptII/ptolemy/actor/lib/test/auto/matrixType5.xml
1 ms. Memory: 445440K Free: 227040K (51%)
----------------- Invoking toplevel() on ptolemy.moml.MoMLSimpleApplication@6d54c587
----------------- Done invoking toplevel() on ptolemy.moml.MoMLSimpleApplication@6d54c587
reloadAllAccessors: .matrixType5

===========================================================================================
----------------- testing Wed Feb 12 07:02:48 UTC 2020 /home/travis/build/icyphy/ptII/ptolemy/actor/lib/test/auto/matrixType6.xml
----------------- Instantiating /home/travis/build/icyphy/ptII/ptolemy/actor/lib/test/auto/matrixType6.xml
1 ms. Memory: 445440K Free: 222430K (50%)
----------------- Invoking toplevel() on ptolemy.moml.MoMLSimpleApplication@4959c9a2
----------------- Done invoking toplevel() on ptolemy.moml.MoMLSimpleApplication@4959c9a2
reloadAllAccessors: .matrixType6

===========================================================================================
----------------- testing Wed Feb 12 07:02:48 UTC 2020 /home/travis/build/icyphy/ptII/ptolemy/actor/lib/test/auto/matrixType7.xml
----------------- Instantiating /home/travis/build/icyphy/ptII/ptolemy/actor/lib/test/auto/matrixType7.xml
1 ms. Memory: 445440K Free: 217310K (49%)
----------------- Invoking toplevel() on ptolemy.moml.MoMLSimpleApplication@54db8322
----------------- Done invoking toplevel() on ptolemy.moml.MoMLSimpleApplication@54db8322
reloadAllAccessors: .matrixType7

===========================================================================================
----------------- testing Wed Feb 12 07:02:48 UTC 2020 /home/travis/build/icyphy/ptII/ptolemy/actor/lib/test/auto/matrixType8.xml
----------------- Instantiating /home/travis/build/icyphy/ptII/ptolemy/actor/lib/test/auto/matrixType8.xml
1 ms. Memory: 445440K Free: 212704K (48%)
----------------- Invoking toplevel() on ptolemy.moml.MoMLSimpleApplication@3fe305b1
----------------- Done invoking toplevel() on ptolemy.moml.MoMLSimpleApplication@3fe305b1
reloadAllAccessors: .matrixType8

===========================================================================================
----------------- testing Wed Feb 12 07:02:48 UTC 2020 /home/travis/build/icyphy/ptII/ptolemy/actor/lib/test/auto/matrixType9.xml
----------------- Instantiating /home/travis/build/icyphy/ptII/ptolemy/actor/lib/test/auto/matrixType9.xml
1 ms. Memory: 445440K Free: 207584K (47%)
----------------- Invoking toplevel() on ptolemy.moml.MoMLSimpleApplication@9503ca0
----------------- Done invoking toplevel() on ptolemy.moml.MoMLSimpleApplication@9503ca0
reloadAllAccessors: .matrixType9

===========================================================================================
----------------- testing Wed Feb 12 07:02:48 UTC 2020 /home/travis/build/icyphy/ptII/ptolemy/actor/lib/test/auto/paraFunctest.xml
----------------- Instantiating /home/travis/build/icyphy/ptII/ptolemy/actor/lib/test/auto/paraFunctest.xml
1 ms. Memory: 445440K Free: 203488K (46%)
----------------- Invoking toplevel() on ptolemy.moml.MoMLSimpleApplication@5afcf95b
----------------- Done invoking toplevel() on ptolemy.moml.MoMLSimpleApplication@5afcf95b
reloadAllAccessors: .paraFunctest

===========================================================================================
----------------- testing Wed Feb 12 07:02:48 UTC 2020 /home/travis/build/icyphy/ptII/ptolemy/actor/lib/test/auto/paraFunctest2.xml
----------------- Instantiating /home/travis/build/icyphy/ptII/ptolemy/actor/lib/test/auto/paraFunctest2.xml
2 ms. Memory: 445440K Free: 198878K (45%)
----------------- Invoking toplevel() on ptolemy.moml.MoMLSimpleApplication@1c4a0914
----------------- Done invoking toplevel() on ptolemy.moml.MoMLSimpleApplication@1c4a0914
reloadAllAccessors: .paraFunctest2

===========================================================================================
----------------- testing Wed Feb 12 07:02:48 UTC 2020 /home/travis/build/icyphy/ptII/ptolemy/actor/lib/test/auto/parameterPassing.xml
----------------- Instantiating /home/travis/build/icyphy/ptII/ptolemy/actor/lib/test/auto/parameterPassing.xml
1 ms. Memory: 445440K Free: 194782K (44%)
----------------- Invoking toplevel() on ptolemy.moml.MoMLSimpleApplication@42120eee
----------------- Done invoking toplevel() on ptolemy.moml.MoMLSimpleApplication@42120eee
reloadAllAccessors: .parameterPassing

===========================================================================================
----------------- testing Wed Feb 12 07:02:48 UTC 2020 /home/travis/build/icyphy/ptII/ptolemy/actor/lib/test/auto/record.xml
----------------- Instantiating /home/travis/build/icyphy/ptII/ptolemy/actor/lib/test/auto/record.xml
3 ms. Memory: 445440K Free: 189662K (43%)
----------------- Invoking toplevel() on ptolemy.moml.MoMLSimpleApplication@2f1b9d5e
----------------- Done invoking toplevel() on ptolemy.moml.MoMLSimpleApplication@2f1b9d5e
reloadAllAccessors: .record

===========================================================================================
----------------- testing Wed Feb 12 07:02:48 UTC 2020 /home/travis/build/icyphy/ptII/ptolemy/actor/lib/test/auto/sizedarray1.xml
----------------- Instantiating /home/travis/build/icyphy/ptII/ptolemy/actor/lib/test/auto/sizedarray1.xml
1 ms. Memory: 445440K Free: 184542K (41%)
----------------- Invoking toplevel() on ptolemy.moml.MoMLSimpleApplication@56de2839
----------------- Done invoking toplevel() on ptolemy.moml.MoMLSimpleApplication@56de2839
reloadAllAccessors: .sizedarray1

===========================================================================================
----------------- testing Wed Feb 12 07:02:48 UTC 2020 /home/travis/build/icyphy/ptII/ptolemy/actor/lib/test/auto/sizedarray2.xml
----------------- Instantiating /home/travis/build/icyphy/ptII/ptolemy/actor/lib/test/auto/sizedarray2.xml
2 ms. Memory: 445440K Free: 178912K (40%)
----------------- Invoking toplevel() on ptolemy.moml.MoMLSimpleApplication@725bba18
----------------- Done invoking toplevel() on ptolemy.moml.MoMLSimpleApplication@725bba18
reloadAllAccessors: .sizedarray2

===========================================================================================
----------------- testing Wed Feb 12 07:02:48 UTC 2020 /home/travis/build/icyphy/ptII/ptolemy/actor/lib/test/auto/twoPublishers.xml
----------------- Instantiating /home/travis/build/icyphy/ptII/ptolemy/actor/lib/test/auto/twoPublishers.xml
12 ms. Memory: 445440K Free: 168158K (38%)
----------------- Invoking toplevel() on ptolemy.moml.MoMLSimpleApplication@3f236916
----------------- Done invoking toplevel() on ptolemy.moml.MoMLSimpleApplication@3f236916
reloadAllAccessors: .twoPublishers
AutoTests.java: About to close Vertx.
AutoTests.java: Vertx closed.
]]></system-out>
  <system-err><![CDATA[java.lang.RuntimeException: Execution failed
	at ptolemy.moml.MoMLSimpleApplication$UnloadThread.run(MoMLSimpleApplication.java:402)
Caused by: java.lang.RuntimeException: StringUtilities.exit() was called. Normally, we would exit here because Manager.exitAfterWrapup() was called.  However, because the ptolemy.ptII.exitAfterWrapup property is set, we throw this exception instead.
	at ptolemy.util.StringUtilities.exit(StringUtilities.java:365)
	at ptolemy.actor.Manager.wrapup(Manager.java:1549)
	at ptolemy.actor.Manager.execute(Manager.java:407)
	at ptolemy.actor.Manager.run(Manager.java:1263)
	at ptolemy.actor.Manager$PtolemyRunThread.run(Manager.java:1933)
Warning: '.top.test' is in training mode, set the trainingMode parameter to false before checking in
Warning: '.top.test' is in training mode, set the trainingMode parameter to false before checking in
Warning: '.top.test' is in training mode, set the trainingMode parameter to false before checking in
Warning: '.BooleanSwitch_RegressionTest_WrongTrainingValues.Test' is in training mode, set the trainingMode parameter to false before checking in
Warning: '.BooleanSwitch_RegressionTest_WrongTrainingValues.Test2' is in training mode, set the trainingMode parameter to false before checking in
Warning: '.BooleanSwitch_RegressionTest_WrongTrainingValues.Test2' The test produced 0 tokens.
Warning: '.top.testExceptionHandler' is in training mode, set the trainingMode parameter to false before checking in
java.lang.RuntimeException: Execution failed
	at ptolemy.moml.MoMLSimpleApplication$UnloadThread.run(MoMLSimpleApplication.java:402)
Caused by: ptolemy.kernel.util.IllegalActionException: PublisherPorts cannot be used at the top level, use a Publisher actor instead.
  in .PublisherPortToplevelSubscriber.PublisherPort
	at ptolemy.actor.PublisherPort.preinitialize(PublisherPort.java:403)
	at ptolemy.actor.CompositeActor.preinitialize(CompositeActor.java:1769)
	at ptolemy.actor.Manager.preinitializeAndResolveTypes(Manager.java:1040)
	at ptolemy.actor.Manager.initialize(Manager.java:710)
	at ptolemy.actor.Manager.execute(Manager.java:356)
	at ptolemy.actor.Manager.run(Manager.java:1263)
	at ptolemy.actor.Manager$PtolemyRunThread.run(Manager.java:1933)
java.lang.reflect.InvocationTargetException
	at java.base/jdk.internal.reflect.NativeConstructorAccessorImpl.newInstance0(Native Method)
	at java.base/jdk.internal.reflect.NativeConstructorAccessorImpl.newInstance(NativeConstructorAccessorImpl.java:62)
	at java.base/jdk.internal.reflect.DelegatingConstructorAccessorImpl.newInstance(DelegatingConstructorAccessorImpl.java:45)
	at java.base/java.lang.reflect.Constructor.newInstance(Constructor.java:490)
	at ptolemy.util.test.junit.AutoKnownFailedTests.RunModel(AutoKnownFailedTests.java:105)
	at java.base/jdk.internal.reflect.NativeMethodAccessorImpl.invoke0(Native Method)
	at java.base/jdk.internal.reflect.NativeMethodAccessorImpl.invoke(NativeMethodAccessorImpl.java:62)
	at java.base/jdk.internal.reflect.DelegatingMethodAccessorImpl.invoke(DelegatingMethodAccessorImpl.java:43)
	at java.base/java.lang.reflect.Method.invoke(Method.java:566)
	at org.junit.runners.model.FrameworkMethod$1.runReflectiveCall(FrameworkMethod.java:44)
	at org.junit.internal.runners.model.ReflectiveCallable.run(ReflectiveCallable.java:15)
	at org.junit.runners.model.FrameworkMethod.invokeExplosively(FrameworkMethod.java:41)
	at junitparams.internal.InvokeParameterisedMethod.evaluate(InvokeParameterisedMethod.java:102)
	at org.junit.internal.runners.statements.FailOnTimeout$1.run(FailOnTimeout.java:28)
Caused by: ptolemy.kernel.util.IllegalActionException: PublisherPorts cannot be used at the top level, use a Publisher actor instead.
  in .PublisherPortToplevelSubscriber.PublisherPort
	at ptolemy.actor.PublisherPort.preinitialize(PublisherPort.java:403)
	at ptolemy.actor.CompositeActor.preinitialize(CompositeActor.java:1769)
	at ptolemy.actor.Manager.preinitializeAndResolveTypes(Manager.java:1040)
	at ptolemy.actor.Manager.initialize(Manager.java:710)
	at ptolemy.actor.Manager.execute(Manager.java:356)
	at ptolemy.actor.Manager.run(Manager.java:1263)
	at ptolemy.actor.Manager$PtolemyRunThread.run(Manager.java:1933)
java.lang.RuntimeException: Execution failed
	at ptolemy.moml.MoMLSimpleApplication$UnloadThread.run(MoMLSimpleApplication.java:402)
Caused by: ptolemy.kernel.util.IllegalActionException: SubscriberPorts cannot be used at the top level, use a Subscriber actor instead.
  in .PublisherSubscriberPortToplevel.SubscriberPort
	at ptolemy.actor.SubscriberPort.preinitialize(SubscriberPort.java:328)
	at ptolemy.actor.CompositeActor.preinitialize(CompositeActor.java:1769)
	at ptolemy.actor.Manager.preinitializeAndResolveTypes(Manager.java:1040)
	at ptolemy.actor.Manager.initialize(Manager.java:710)
	at ptolemy.actor.Manager.execute(Manager.java:356)
	at ptolemy.actor.Manager.run(Manager.java:1263)
	at ptolemy.actor.Manager$PtolemyRunThread.run(Manager.java:1933)
java.lang.reflect.InvocationTargetException
	at java.base/jdk.internal.reflect.NativeConstructorAccessorImpl.newInstance0(Native Method)
	at java.base/jdk.internal.reflect.NativeConstructorAccessorImpl.newInstance(NativeConstructorAccessorImpl.java:62)
	at java.base/jdk.internal.reflect.DelegatingConstructorAccessorImpl.newInstance(DelegatingConstructorAccessorImpl.java:45)
	at java.base/java.lang.reflect.Constructor.newInstance(Constructor.java:490)
	at ptolemy.util.test.junit.AutoKnownFailedTests.RunModel(AutoKnownFailedTests.java:105)
	at java.base/jdk.internal.reflect.NativeMethodAccessorImpl.invoke0(Native Method)
	at java.base/jdk.internal.reflect.NativeMethodAccessorImpl.invoke(NativeMethodAccessorImpl.java:62)
	at java.base/jdk.internal.reflect.DelegatingMethodAccessorImpl.invoke(DelegatingMethodAccessorImpl.java:43)
	at java.base/java.lang.reflect.Method.invoke(Method.java:566)
	at org.junit.runners.model.FrameworkMethod$1.runReflectiveCall(FrameworkMethod.java:44)
	at org.junit.internal.runners.model.ReflectiveCallable.run(ReflectiveCallable.java:15)
	at org.junit.runners.model.FrameworkMethod.invokeExplosively(FrameworkMethod.java:41)
	at junitparams.internal.InvokeParameterisedMethod.evaluate(InvokeParameterisedMethod.java:102)
	at org.junit.internal.runners.statements.FailOnTimeout$1.run(FailOnTimeout.java:28)
Caused by: ptolemy.kernel.util.IllegalActionException: SubscriberPorts cannot be used at the top level, use a Subscriber actor instead.
  in .PublisherSubscriberPortToplevel.SubscriberPort
	at ptolemy.actor.SubscriberPort.preinitialize(SubscriberPort.java:328)
	at ptolemy.actor.CompositeActor.preinitialize(CompositeActor.java:1769)
	at ptolemy.actor.Manager.preinitializeAndResolveTypes(Manager.java:1040)
	at ptolemy.actor.Manager.initialize(Manager.java:710)
	at ptolemy.actor.Manager.execute(Manager.java:356)
	at ptolemy.actor.Manager.run(Manager.java:1263)
	at ptolemy.actor.Manager$PtolemyRunThread.run(Manager.java:1933)
java.lang.RuntimeException: Execution failed
	at ptolemy.moml.MoMLSimpleApplication$UnloadThread.run(MoMLSimpleApplication.java:402)
Caused by: ptolemy.kernel.util.IllegalActionException: SubscriptionAggregatorPorts cannot be used at the top level, use a SubscriptionAggregator actor instead.
  in .PublisherSubscriptionAggregatorPort.SubscriptionAggregatorPort
	at ptolemy.actor.SubscriptionAggregatorPort.preinitialize(SubscriptionAggregatorPort.java:353)
	at ptolemy.actor.CompositeActor.preinitialize(CompositeActor.java:1769)
	at ptolemy.actor.Manager.preinitializeAndResolveTypes(Manager.java:1040)
	at ptolemy.actor.Manager.initialize(Manager.java:710)
	at ptolemy.actor.Manager.execute(Manager.java:356)
	at ptolemy.actor.Manager.run(Manager.java:1263)
	at ptolemy.actor.Manager$PtolemyRunThread.run(Manager.java:1933)
java.lang.reflect.InvocationTargetException
	at java.base/jdk.internal.reflect.NativeConstructorAccessorImpl.newInstance0(Native Method)
	at java.base/jdk.internal.reflect.NativeConstructorAccessorImpl.newInstance(NativeConstructorAccessorImpl.java:62)
	at java.base/jdk.internal.reflect.DelegatingConstructorAccessorImpl.newInstance(DelegatingConstructorAccessorImpl.java:45)
	at java.base/java.lang.reflect.Constructor.newInstance(Constructor.java:490)
	at ptolemy.util.test.junit.AutoKnownFailedTests.RunModel(AutoKnownFailedTests.java:105)
	at java.base/jdk.internal.reflect.NativeMethodAccessorImpl.invoke0(Native Method)
	at java.base/jdk.internal.reflect.NativeMethodAccessorImpl.invoke(NativeMethodAccessorImpl.java:62)
	at java.base/jdk.internal.reflect.DelegatingMethodAccessorImpl.invoke(DelegatingMethodAccessorImpl.java:43)
	at java.base/java.lang.reflect.Method.invoke(Method.java:566)
	at org.junit.runners.model.FrameworkMethod$1.runReflectiveCall(FrameworkMethod.java:44)
	at org.junit.internal.runners.model.ReflectiveCallable.run(ReflectiveCallable.java:15)
	at org.junit.runners.model.FrameworkMethod.invokeExplosively(FrameworkMethod.java:41)
	at junitparams.internal.InvokeParameterisedMethod.evaluate(InvokeParameterisedMethod.java:102)
	at org.junit.internal.runners.statements.FailOnTimeout$1.run(FailOnTimeout.java:28)
Caused by: ptolemy.kernel.util.IllegalActionException: SubscriptionAggregatorPorts cannot be used at the top level, use a SubscriptionAggregator actor instead.
  in .PublisherSubscriptionAggregatorPort.SubscriptionAggregatorPort
	at ptolemy.actor.SubscriptionAggregatorPort.preinitialize(SubscriptionAggregatorPort.java:353)
	at ptolemy.actor.CompositeActor.preinitialize(CompositeActor.java:1769)
	at ptolemy.actor.Manager.preinitializeAndResolveTypes(Manager.java:1040)
	at ptolemy.actor.Manager.initialize(Manager.java:710)
	at ptolemy.actor.Manager.execute(Manager.java:356)
	at ptolemy.actor.Manager.run(Manager.java:1263)
	at ptolemy.actor.Manager$PtolemyRunThread.run(Manager.java:1933)
java.lang.RuntimeException: Execution failed
	at ptolemy.moml.MoMLSimpleApplication$UnloadThread.run(MoMLSimpleApplication.java:402)
Caused by: ptolemy.kernel.util.IllegalActionException: TypeTest actor has no training data.
  in .sizedarray3.TypeTest
	at ptolemy.actor.lib.TypeTest.initialize(TypeTest.java:250)
	at ptolemy.actor.Director.initialize(Director.java:938)
	at ptolemy.actor.Director.initialize(Director.java:907)
	at ptolemy.actor.sched.StaticSchedulingDirector.initialize(StaticSchedulingDirector.java:159)
	at ptolemy.domains.sdf.kernel.SDFDirector.initialize(SDFDirector.java:544)
	at ptolemy.actor.CompositeActor.initialize(CompositeActor.java:935)
	at ptolemy.actor.Manager.initialize(Manager.java:724)
	at ptolemy.actor.Manager.execute(Manager.java:356)
	at ptolemy.actor.Manager.run(Manager.java:1263)
	at ptolemy.actor.Manager$PtolemyRunThread.run(Manager.java:1933)
java.lang.reflect.InvocationTargetException
	at java.base/jdk.internal.reflect.NativeConstructorAccessorImpl.newInstance0(Native Method)
	at java.base/jdk.internal.reflect.NativeConstructorAccessorImpl.newInstance(NativeConstructorAccessorImpl.java:62)
	at java.base/jdk.internal.reflect.DelegatingConstructorAccessorImpl.newInstance(DelegatingConstructorAccessorImpl.java:45)
	at java.base/java.lang.reflect.Constructor.newInstance(Constructor.java:490)
	at ptolemy.util.test.junit.AutoKnownFailedTests.RunModel(AutoKnownFailedTests.java:105)
	at java.base/jdk.internal.reflect.NativeMethodAccessorImpl.invoke0(Native Method)
	at java.base/jdk.internal.reflect.NativeMethodAccessorImpl.invoke(NativeMethodAccessorImpl.java:62)
	at java.base/jdk.internal.reflect.DelegatingMethodAccessorImpl.invoke(DelegatingMethodAccessorImpl.java:43)
	at java.base/java.lang.reflect.Method.invoke(Method.java:566)
	at org.junit.runners.model.FrameworkMethod$1.runReflectiveCall(FrameworkMethod.java:44)
	at org.junit.internal.runners.model.ReflectiveCallable.run(ReflectiveCallable.java:15)
	at org.junit.runners.model.FrameworkMethod.invokeExplosively(FrameworkMethod.java:41)
	at junitparams.internal.InvokeParameterisedMethod.evaluate(InvokeParameterisedMethod.java:102)
	at org.junit.internal.runners.statements.FailOnTimeout$1.run(FailOnTimeout.java:28)
Caused by: ptolemy.kernel.util.IllegalActionException: TypeTest actor has no training data.
  in .sizedarray3.TypeTest
	at ptolemy.actor.lib.TypeTest.initialize(TypeTest.java:250)
	at ptolemy.actor.Director.initialize(Director.java:938)
	at ptolemy.actor.Director.initialize(Director.java:907)
	at ptolemy.actor.sched.StaticSchedulingDirector.initialize(StaticSchedulingDirector.java:159)
	at ptolemy.domains.sdf.kernel.SDFDirector.initialize(SDFDirector.java:544)
	at ptolemy.actor.CompositeActor.initialize(CompositeActor.java:935)
	at ptolemy.actor.Manager.initialize(Manager.java:724)
	at ptolemy.actor.Manager.execute(Manager.java:356)
	at ptolemy.actor.Manager.run(Manager.java:1263)
	at ptolemy.actor.Manager$PtolemyRunThread.run(Manager.java:1933)
]]></system-err>
</testsuite>
