<?xml version="1.0" encoding="UTF-8" ?>
<testsuite errors="0" failures="0" hostname="travis-job-7e62b411-a8fb-49f4-be37-b5bc4d03f89f" name="ptolemy.actor.lib.test.junit.JUnitTclTest" skipped="0" tests="517" time="58.593" timestamp="2018-06-13T16:13:42">
  <properties>
    <property name="npm.executable" value="npm" />
    <property name="file.encoding.pkg" value="sun.io" />
    <property name="ptII.mk.exists" value="true" />
    <property name="env.rvm_bin_path" value="/home/travis/.rvm/bin" />
    <property name="java.home" value="/usr/lib/jvm/java-8-oracle/jre" />
    <property name="env.TRAVIS_JOB_NUMBER" value="577.7" />
    <property name="env.DISPLAY" value=":99.0" />
    <property name="java.net.preferIPv4Stack" value="true" />
    <property name="env.SSH_TTY" value="/dev/pts/0" />
    <property name="env.RUN_TESTS" value="true" />
    <property name="timeout.short" value="1000000" />
    <property name="env.TRAVIS_STACK_NODE_ATTRIBUTES" value="/.node-attributes.yml" />
    <property name="junit.formatter" value="xml" />
    <property name="java.endorsed.dirs" value="/usr/lib/jvm/java-8-oracle/jre/lib/endorsed" />
    <property name="env.TRAVIS_SUDO" value="true" />
    <property name="env.LOGNAME" value="travis" />
    <property name="env.PT_TRAVIS_TEST_CORE1_XML" value="true" />
    <property name="jsdoc.home" value="node_modules/@terraswarm/jsdoc" />
    <property name="debuglevel" value="source,lines,vars" />
    <property name="checkstyle.formatter" value="xml" />
    <property name="bin.vergil.makeable" value="true" />
    <property name="env._system_version" value="14.04" />
    <property name="sun.os.patch.level" value="unknown" />
    <property name="java.vendor.url" value="http://java.oracle.com/" />
    <property name="java.version" value="1.8.0_151" />
    <property name="env.TZ" value="UTC" />
    <property name="env.PT_NO_NET" value="true" />
    <property name="env.TRAVIS_PULL_REQUEST_SHA" value="" />
    <property name="env.TRAVIS_SECURE_ENV_VARS" value="true" />
    <property name="env._system_type" value="Linux" />
    <property name="java.vendor.url.bug" value="http://bugreport.sun.com/bugreport/" />
    <property name="env.SSH_CLIENT" value="10.10.4.26 38696 22" />
    <property name="npmjs-org-is-up" value="true" />
    <property name="env.GEM_HOME" value="/home/travis/.rvm/gems/ruby-2.4.1" />
    <property name="env.HAS_ANTARES_THREE_LITTLE_FRONZIES_BADGE" value="true" />
    <property name="env.PS4" value="+" />
    <property name="ant.project.invoked-targets" value="build,test.core1.xml" />
    <property name="env.TRAVIS_PULL_REQUEST_BRANCH" value="" />
    <property name="env.TRAVIS_REPO_SLUG" value="icyphy/ptII" />
    <property name="node.in.path" value="true" />
    <property name="java.maxmemory" value="1400m" />
    <property name="env.RUBY_VERSION" value="ruby-2.4.1" />
    <property name="user.name" value="travis" />
    <property name="env.LANG" value="en_US.UTF-8" />
    <property name="sun.io.unicode.encoding" value="UnicodeLittle" />
    <property name="sun.jnu.encoding" value="UTF-8" />
    <property name="java.runtime.name" value="Java(TM) SE Runtime Environment" />
    <property name="usefile" value="false" />
    <property name="return.code" value="0" />
    <property name="junit.single.formatter" value="plain" />
    <property name="env.DYLD_LIBRARY_PATH" value="/home/travis/pthla/certi-tools/lib:" />
    <property name="env.DEBIAN_FRONTEND" value="noninteractive" />
    <property name="env.SSH_CONNECTION" value="10.10.4.26 38696 10.20.255.105 22" />
    <property name="env.MYSQL_UNIX_PORT" value="/var/run/mysqld/mysqld.sock" />
    <property name="env.TRAVIS_ALLOW_FAILURE" value="false" />
    <property name="env.LC_ALL" value="en_US.UTF-8" />
    <property name="java.specification.name" value="Java Platform API Specification" />
    <property name="node.works" value="true" />
    <property name="user.timezone" value="" />
    <property name="path.separator" value=":" />
    <property name="env.PYTHON_CFLAGS" value="-g -fstack-protector --param=ssp-buffer-size=4 -Wformat -Werror=format-security" />
    <property name="timeout.long" value="4000000" />
    <property name="env.CERTI_HOME" value="/home/travis/pthla/certi-tools" />
    <property name="file.encoding" value="UTF-8" />
    <property name="ant.file.ptII" value="/home/travis/build/icyphy/ptII/build.xml" />
    <property name="javadoc.packagenames" value="com.*,diva.*,lbnl.*,org.hlacerti.*,org.json.*,org.ptolemy.*,org.terraswarm.*,ptolemy.*,ptserver.*" />
    <property name="env.TRAVIS_PULL_REQUEST_SLUG" value="" />
    <property name="ant.project.default-target" value="build" />
    <property name="env.GIT_ASKPASS" value="echo" />
    <property name="env.HOME" value="/home/travis" />
    <property name="sun.java.command" value="org.apache.tools.ant.taskdefs.optional.junit.JUnitTestRunner ptolemy.actor.lib.test.junit.JUnitTclTest skipNonTests=false filtertrace=true haltOnError=false haltOnFailure=false formatter=org.apache.tools.ant.taskdefs.optional.junit.OutErrSummaryJUnitResultFormatter showoutput=true outputtoformatters=true logfailedtests=true threadid=0 logtestlistenerevents=false formatter=org.apache.tools.ant.taskdefs.optional.junit.XMLJUnitResultFormatter,/home/travis/build/icyphy/ptII/reports/junit/TEST-ptolemy.actor.lib.test.junit.JUnitTclTest.xml crashfile=/home/travis/build/icyphy/ptII/junitvmwatcher8661185286194984654.properties propsfile=/home/travis/build/icyphy/ptII/junit3337931626753067363.properties" />
    <property name="env.MANPATH" value="/home/travis/.nvm/versions/node/v7.10.1/share/man:/home/travis/.kiex/elixirs/elixir-1.4.5/man:/home/travis/.rvm/rubies/ruby-2.4.1/share/man:/usr/local/man:/usr/local/cmake-3.9.2/man:/usr/local/clang-5.0.0/share/man:/usr/local/share/man:/usr/share/man:/home/travis/.rvm/man" />
    <property name="env.COMPOSER_NO_INTERACTION" value="1" />
    <property name="env.JDK_SWITCHER_DEFAULT" value="oraclejdk8" />
    <property name="ant.file" value="/home/travis/build/icyphy/ptII/build.xml" />
    <property name="env.TRAVIS_COMMIT_RANGE" value="1fbd6d2f0446...1ef97af83af0" />
    <property name="env._system_name" value="Ubuntu" />
    <property name="timeout" value="2400000" />
    <property name="ptII.classpath.optional.property" value="/home/travis/build/icyphy/ptII/lib/bsh-2.0b4.jar:/home/travis/build/icyphy/ptII/lib/ptCal.jar:/home/travis/build/icyphy/ptII/lib/java_cup.jar:/home/travis/build/icyphy/ptII/lib/saxon8.jar:/home/travis/build/icyphy/ptII/lib/saxon8-dom.jar:/home/travis/build/icyphy/ptII/lib/chic.jar:/home/travis/build/icyphy/ptII/lib/ptcolt.jar:/usr/lib/jvm/java-8-oracle/lib/tools.jar:/usr/lib/eclipse/plugins/org.eclipse.jdt.core_3.8.2.dist.jar:/usr/lib/eclipse/plugins/org.eclipse.core.runtime_3.8.0.dist.jar:/usr/lib/eclipse/plugins/org.eclipse.osgi_3.8.1.dist.jar:/usr/lib/eclipse/plugins/org.eclipse.core.resources_3.8.1.dist.jar:/usr/lib/eclipse/plugins/org.eclipse.equinox.common_3.6.100.dist.jar:/usr/lib/eclipse/plugins/org.eclipse.core.jobs_3.5.200.dist.jar:/usr/lib/eclipse/plugins/org.eclipse.core.contenttype_3.4.200.dist.jar:/usr/lib/eclipse/plugins/org.eclipse.equinox.preferences_3.5.0.dist.jar:/usr/lib/eclipse/plugins/org.eclipse.text_3.5.200.dist.jar:/usr/lib/eclipse/plugins/org.eclipse.ui.workbench_3.8.1.dist.jar:/usr/lib/eclipse/plugins/org.eclipse.jface_3.8.0.dist.jar:/usr/lib/eclipse/plugins/org.eclipse.swt_3.8.2.jar:/usr/lib/eclipse/plugins/org.eclipse.jface.text_3.8.1.dist.jar:/usr/lib/eclipse/plugins/org.eclipse.ui.workbench.texteditor_3.8.0.dist.jar:/usr/lib/eclipse/plugins/org.eclipse.ui.editors_3.8.0.dist.jar:/usr/lib/eclipse/plugins/org.eclipse.core.commands_3.6.1.dist.jar:/usr/lib/eclipse/plugins/org.eclipse.equinox.registry_3.5.200.dist.jar:/usr/lib/eclipse/plugins/org.eclipse.ui.console_3.5.100.dist.jar:/usr/lib/eclipse/plugins/org.eclipse.ui.forms_3.5.200.dist.jar:/usr/lib/eclipse/plugins/org.eclipse.ui.ide_3.8.1.dist.jar:/home/travis/build/icyphy/ptII/vendors/oracle/dbxml.jar:/home/travis/build/icyphy/ptII/vendors/oracle/db.jar:/home/travis/build/icyphy/ptII/vendors/misc/itext/iText.jar:/home/travis/build/icyphy/ptII/lib/g4ltl.jar:/home/travis/build/icyphy/ptII/lib/StructuralCoder.jar:/home/travis/build/icyphy/ptII/lib/org-openide-util.jar:/home/travis/build/icyphy/ptII/lib/org-openide-util-lookup.jar:/home/travis/build/icyphy/ptII/lib/org-netbeans-api-visual.jar:/home/travis/build/icyphy/ptII/vendors/jai-1_1_2_01/lib/jai_core.jar:/home/travis/build/icyphy/ptII/vendors/jai-1_1_2_01/lib/jai_codec.jar:/home/travis/build/icyphy/ptII/lib/jcerti.jar:/home/travis/build/icyphy/ptII/lib/smack.jar:/home/travis/build/icyphy/ptII/lib/smackx.jar:/home/travis/build/icyphy/ptII/lib/jetty-all-8.1.5-v20120716.jar:/home/travis/build/icyphy/ptII/lib/javax.servlet-api-3.0.1.jar:/home/travis/build/icyphy/ptII/lib/javax.mail.jar:/home/travis/build/icyphy/ptII/vendors/JMF-2.1.1e/lib/jmf.jar:/home/travis/build/icyphy/ptII/lib/jna-4.0.0-variadic.jar:/home/travis/build/icyphy/ptII/vendors/misc/joystick/Joystick.jar:/home/travis/build/icyphy/ptII/lib/ptjacl.jar:/home/travis/build/icyphy/ptII/lib/jsoup-1.8.2.jar:/home/travis/build/icyphy/ptII/lib/junit-4.8.2.jar:/home/travis/build/icyphy/ptII/lib/JUnitParams-0.4.0.jar:/home/travis/build/icyphy/ptII/ptolemy/actor/lib/excel/jxl.jar:/home/travis/build/icyphy/ptII/lib/jython.jar:/home/travis/build/icyphy/ptII/lib/kieler.jar:/home/travis/build/icyphy/ptII/vendors/opencv/share/OpenCV/java/opencv-341.jar:/home/travis/build/icyphy/ptII/lib/oscP5.jar:/home/travis/build/icyphy/ptII/lib/nrjavaserial-3.11.0.devel.jar:/usr/share/java/j3dcore.jar:/usr/share/java/j3dutils.jar:/usr/share/java/vecmath.jar:/home/travis/build/icyphy/ptII/ptolemy/distributed/jini/jar/jini-core.jar:/home/travis/build/icyphy/ptII/ptolemy/distributed/jini/jar/jini-ext.jar:/home/travis/build/icyphy/ptII/ptolemy/distributed/jini/jar/sun-util.jar:/home/travis/build/icyphy/ptII/lib/protobuf-java-2.4.1.jar:/home/travis/build/icyphy/ptII/lib/org.eclipse.paho.client.mqttv3.jar:/home/travis/build/icyphy/ptII/ptserver/lib/hessian-4.0.7.jar:/home/travis/build/icyphy/ptII/ptserver/lib/wmqtt.jar:/home/travis/build/icyphy/ptII/lib/mapss.jar:/home/travis/build/icyphy/ptII/ptolemy/actor/ptalon/antlr/antlr.jar:/home/travis/build/icyphy/ptII/lib/JRI.jar:/home/travis/build/icyphy/ptII/lib/commons-lang-2.6.jar:/home/travis/build/icyphy/ptII/lib/commons-logging-1.1.1.jar:/home/travis/build/icyphy/ptII/lib/sootclasses.jar:/home/travis/build/icyphy/ptII/ptolemy/actor/lib/database/mysql-connector-java-5.1.6-bin.jar:/home/travis/build/icyphy/ptII/vendors/misc/sphinx4/sphinx4-data-5prealpha.jar:/home/travis/build/icyphy/ptII/vendors/misc/sphinx4/sphinx4-core-5prealpha.jar:/home/travis/build/icyphy/ptII/lib/PDFRenderer.jar:/home/travis/build/icyphy/ptII/lib/svgSalamander.jar:/home/travis/build/icyphy/ptII/lib/rsyntaxtextarea-2.6.0-SNAPSHOT.jar:/home/travis/build/icyphy/ptII/lib/hazelcast-3.8.2.jar:/home/travis/build/icyphy/ptII/lib/jackson-annotations-2.9.0.jar:/home/travis/build/icyphy/ptII/lib/jackson-core-2.9.3.jar:/home/travis/build/icyphy/ptII/lib/jackson-databind-2.9.3.jar:/home/travis/build/icyphy/ptII/lib/netty-buffer-4.1.19.Final.jar:/home/travis/build/icyphy/ptII/lib/netty-codec-4.1.19.Final.jar:/home/travis/build/icyphy/ptII/lib/netty-codec-dns-4.1.19.Final.jar:/home/travis/build/icyphy/ptII/lib/netty-codec-http-4.1.19.Final.jar:/home/travis/build/icyphy/ptII/lib/netty-codec-http2-4.1.19.Final.jar:/home/travis/build/icyphy/ptII/lib/netty-common-4.1.19.Final.jar:/home/travis/build/icyphy/ptII/lib/netty-handler-4.1.19.Final.jar:/home/travis/build/icyphy/ptII/lib/netty-resolver-4.1.19.Final.jar:/home/travis/build/icyphy/ptII/lib/netty-resolver-dns-4.1.19.Final.jar:/home/travis/build/icyphy/ptII/lib/netty-transport-4.1.19.Final.jar:/home/travis/build/icyphy/ptII/lib/vertx-codegen-3.5.1.jar:/home/travis/build/icyphy/ptII/lib/vertx-core-3.5.2-SNAPSHOT.jar:/home/travis/build/icyphy/ptII/lib/vertx-hazelcast-3.5.1.jar:/home/travis/build/icyphy/ptII/lib/vertx-lang-js-3.5.1.jar:/home/travis/build/icyphy/ptII/lib/vertx-service-proxy-3.5.1.jar:/home/travis/build/icyphy/ptII/lib/vertx-web-3.5.1.jar:/home/travis/build/icyphy/ptII/lib/slf4j-api-1.7.13.jar:/home/travis/build/icyphy/ptII/lib/slf4j-simple-1.7.13.jar:/home/travis/build/icyphy/ptII/lib/webcam-capture-0.3.12.jar:/home/travis/build/icyphy/ptII/lib/bridj-0.7.0.jar:/home/travis/build/icyphy/ptII/lib/xbjlib-1.1.0.nrjavaserial.jar" />
    <property name="test.batch" value="**/junit/*.java" />
    <property name="env._" value="/usr/bin/timeout" />
    <property name="java.io.tmpdir" value="/tmp" />
    <property name="user.language" value="en" />
    <property name="env.HISTCONTROL" value="ignoredups:ignorespace" />
    <property name="env.GOROOT" value="/home/travis/.gimme/versions/go1.7.4.linux.amd64" />
    <property name="line.separator" value="&#xa;" />
    <property name="target" value="1.8" />
    <property name="env.TRAVIS_BUILD_DIR" value="/home/travis/build/icyphy/ptII" />
    <property name="env.ANT_OPTS" value="-Xmx2048m" />
    <property name="ant.file.type" value="file" />
    <property name="ptolemy.ptII.batchMode" value="true" />
    <property name="env.HISTSIZE" value="1000" />
    <property name="env.MERB_ENV" value="test" />
    <property name="java.vm.info" value="mixed mode" />
    <property name="source" value="1.8" />
    <property name="java.vm.specification.name" value="Java Virtual Machine Specification" />
    <property name="env.TRAVIS_TEST_RESULT" value="0" />
    <property name="jsdoc.command" value="node_modules/@terraswarm/jsdoc/jsdoc.js" />
    <property name="npm.works" value="true" />
    <property name="cobertura.dir" value="/home/travis/build/icyphy/ptII/vendors/cobertura-2.0.3" />
    <property name="env.rvm_path" value="/home/travis/.rvm" />
    <property name="env.GEM_PATH" value="/home/travis/.rvm/gems/ruby-2.4.1:/home/travis/.rvm/gems/ruby-2.4.1@global" />
    <property name="env.LC_CTYPE" value="en_US.UTF-8" />
    <property name="java.awt.printerjob" value="sun.print.PSPrinterJob" />
    <property name="env.TRAVIS_STACK_NAME" value="garnet" />
    <property name="ant.version" value="Apache Ant(TM) version 1.10.1 compiled on February 2 2017" />
    <property name="ptII.reports" value="/home/travis/build/icyphy/ptII/reports" />
    <property name="env.TRAVIS_STACK_TIMESTAMP" value="2017-12-05 19:33:09 UTC" />
    <property name="ant.file.type.ptII" value="file" />
    <property name="env.RBENV_SHELL" value="bash" />
    <property name="os.name" value="Linux" />
    <property name="java.specification.vendor" value="Oracle Corporation" />
    <property name="env.rvm_version" value="1.29.3 (latest)" />
    <property name="env.TERM" value="xterm" />
    <property name="java.vm.name" value="Java HotSpot(TM) 64-Bit Server VM" />
    <property name="env.TRAVIS_BUILD_NUMBER" value="577" />
    <property name="env.CI" value="true" />
    <property name="java.library.path" value="/home/travis/pthla/certi-tools/lib:/usr/lib/jni:/usr/local/share/OpenCV/java/:/usr/share/OpenCV/java::/usr/java/packages/lib/amd64:/usr/lib64:/lib64:/lib:/usr/lib" />
    <property name="env.rvm_prefix" value="/home/travis" />
    <property name="env.PATH" value="/home/travis/pthla/certi-tools/share/scripts:/home/travis/.rvm/gems/ruby-2.4.1/bin:/home/travis/.rvm/gems/ruby-2.4.1@global/bin:/home/travis/.rvm/rubies/ruby-2.4.1/bin:/home/travis/.rvm/bin:/home/travis/.nvm/versions/node/v7.10.1/bin:./node_modules/.bin:/home/travis/build/icyphy/ptII/bin:/home/travis/pthla/certi-tools/bin:/home/travis/bin:/home/travis/.local/bin:/opt/pyenv/shims:/home/travis/.phpenv/shims:/home/travis/perl5/perlbrew/bin:/home/travis/.kiex/elixirs/elixir-1.4.5/bin:/home/travis/.kiex/bin:/home/travis/gopath/bin:/home/travis/.gimme/versions/go1.7.4.linux.amd64/bin:/usr/local/phantomjs/bin:/usr/local/phantomjs:/usr/local/neo4j-3.2.7/bin:/usr/local/maven-3.5.2/bin:/usr/local/cmake-3.9.2/bin:/usr/local/clang-5.0.0/bin:/usr/local/sbin:/usr/local/bin:/usr/sbin:/usr/bin:/sbin:/bin:/home/travis/.phpenv/bin:/opt/pyenv/bin:/home/travis/.yarn/bin" />
    <property name="env.TRAVIS_OS_NAME" value="linux" />
    <property name="ant.java.version" value="1.8" />
    <property name="basedir" value="/home/travis/build/icyphy/ptII" />
    <property name="java.class.version" value="52.0" />
    <property name="env.SHLVL" value="3" />
    <property name="env.LD_LIBRARY_PATH" value="/home/travis/pthla/certi-tools/lib:/usr/lib/jni:/usr/local/share/OpenCV/java/:/usr/share/OpenCV/java:" />
    <property name="env.RACK_ENV" value="test" />
    <property name="ant.home" value="/home/travis/build/icyphy/ptII/ant" />
    <property name="env.NVM_DIR" value="/home/travis/.nvm" />
    <property name="env.PERLBREW_BASHRC_VERSION" value="0.80" />
    <property name="env.CERTI_FOM_PATH" value="/home/travis/pthla/certi-tools/share/federations" />
    <property name="env.TRAVIS_BUILD_ID" value="391803849" />
    <property name="env.PYENV_ROOT" value="/opt/pyenv" />
    <property name="env.TRAVIS_UID" value="2000" />
    <property name="env.rvm_pretty_print_flag" value="auto" />
    <property name="env.NVM_BIN" value="/home/travis/.nvm/versions/node/v7.10.1/bin" />
    <property name="env.TRAVIS_COMMIT" value="1ef97af83af0cb7bf273eb123bf4d6cb2fd81193" />
    <property name="env._system_arch" value="x86_64" />
    <property name="node.executable" value="node" />
    <property name="sun.boot.library.path" value="/usr/lib/jvm/java-8-oracle/jre/lib/amd64" />
    <property name="sun.management.compiler" value="HotSpot 64-Bit Tiered Compilers" />
    <property name="env.GOPATH" value="/home/travis/gopath" />
    <property name="java.awt.graphicsenv" value="sun.awt.X11GraphicsEnvironment" />
    <property name="ptolemy.ptII.dir" value="/home/travis/build/icyphy/ptII" />
    <property name="env.USER" value="travis" />
    <property name="env.HISTFILESIZE" value="2000" />
    <property name="timeout.longest" value="19000000" />
    <property name="env.TRAVIS_STACK_FEATURES" value="basic cassandra chromium couchdb disabled-ipv6 docker docker-compose elasticsearch firefox go-toolchain google-chrome jdk memcached mongodb mysql neo4j nodejs_interpreter perl_interpreter perlbrew phantomjs postgresql python_interpreter rabbitmq redis riak ruby_interpreter sqlite xserver" />
    <property name="env.TRAVIS_PULL_REQUEST" value="false" />
    <property name="env.PYENV_SHELL" value="bash" />
    <property name="ant.project.name" value="ptII" />
    <property name="java.vm.specification.version" value="1.8" />
    <property name="env.CERTI_VERSION" value="4.0.0" />
    <property name="env.NLSPATH" value="/usr/dt/lib/nls/msg/%L/%N.cat" />
    <property name="awt.toolkit" value="sun.awt.X11.XToolkit" />
    <property name="env.CERTI_HOST" value="localhost" />
    <property name="env.MY_RUBY_HOME" value="/home/travis/.rvm/rubies/ruby-2.4.1" />
    <property name="sun.cpu.isalist" value="" />
    <property name="java.ext.dirs" value="/usr/lib/jvm/java-8-oracle/jre/lib/ext:/usr/java/packages/lib/ext" />
    <property name="os.version" value="4.4.0-101-generic" />
    <property name="user.home" value="/home/travis" />
    <property name="env.MIX_ARCHIVES" value="/home/travis/.kiex/mix/elixir-1.4.5" />
    <property name="java.vm.vendor" value="Oracle Corporation" />
    <property name="env.TRAVIS_TAG" value="nightly" />
    <property name="env.TRAVIS_FILTERED" value="redirect_io" />
    <property name="javadoc.excludepackagenames" value="adm.cvs2svn.*,build.*,config.*,doc.coding.templates.*,jni.test.jni.meaningOfLife.*,jni.test.jni.testDeux.*,jni.test.jni.testTrois.*,org.terraswarm.accessor.accessors.web.node_modules.*,org.terraswarm.accessor.accessors.web.hosts.cordova.demo.*,org.terraswarm.accessor.accessors.web.hosts.cordova.plugins.*,org.terraswarm.accessor.accessors-svn.*,pt-modules.*,ptolemy.apps.agilent.*,ptolemy.apps.anytimecontrol.*,ptolemy.apps.apes.*,ptolemy.apps.charon.*,ptolemy.apps.crazyboard.*,ptolemy.apps.eclipse.*,ptolemy.apps.etherealSting.*,ptolemy.apps.fullscreen.*,ptolemy.apps.giotto.*,ptolemy.apps.ia.*,ptolemy.apps.interfaces.*,ptolemy.apps.jmf.*,ptolemy.apps.kurt.*,ptolemy.apps.kvm.*,ptolemy.apps.lego.*,ptolemy.apps.lejos.*,ptolemy.apps.midp.*,ptolemy.apps.mobileCoding.*,ptolemy.apps.pendulum.*,ptolemy.apps.rijndael.*,ptolemy.apps.robot.*,ptolemy.apps.security.*,ptolemy.apps.sobel.*,ptolemy.apps.soot.*,ptolemy.apps.throttle.*,ptolemy.apps.tini.*,ptolemy.apps.transmission.*,ptolemy.apps.vergil.*,ptolemy.apps.waba.*,ptolemy.apps.websensor.*,ptolemy.apps.webstart.*,ptolemy.apps.xsl.*,ptolemy.apps.zaurus.*,ptolemy.backtrack.eclipse.plugin.*,ptolemy.backtrack.test.*,ptolemy.codegen.c.actor.lib.oldJavaFiles.*,ptolemy.codegen.dsp.lib.*,ptolemy.codegen.kernel.newInterfaces.*,ptolemy.codegen.lib.*,ptolemy.copernicus.kernel.fragment.*,ptolemy.copernicus.shallow.cg.*,ptolemy.domains.giotto.demo.Hierarchy.Hierarchy.*,ptolemy.domains.giotto.demo.Multimode.Multimode.*,ptolemy.domains.giotto.demo.Simple.Simple.*,ptolemy.domains.gr.lib.experimental.*,ptolemy.domains.gro.*,ptolemy.domains.pdf.*,ptolemy.domains.ptinyos.demo.Surge.output.*,ptolemy.moml.test.NoPackageActor.java*,ptolemy.plot.adm.*,ptolemy.plot.servlet.*,reports.*,signed.*,src.*,target.*,vendors.*,ptolemy.cg.adapter.generic.program.procedural.c.mbed*,ptolemy.actor.lib.fmi.fmus.omc*,ptolemy.domains.openmodelica*,ptdb.kernel.bl.save.test.*,ptdb.kernel.bl.load.test.*,ptdb.kernel.bl.search.test.*,ptdb.kernel.bl.migration.test.*,ptdb.kernel.database.test.*,ptdb.test.*,ptdb.gui.test.*,org.ptolemy.scala.*,diva.util.java2d.svg.*,ptolemy.domains.ptinyos.*,ptolemy.actor.lib.fmi.fmipp.*,,org.terraswarm.accessor.accessors.web.node_modules.*,org.terraswarm.accessor.accessors-svn,ptolemy.apps.*,ptolemy.actor.ptalon.demo.ptinyos.SendAndReceiveCnt.output,ptolemy.actor.ptalon.demo.ptinyos.SenseToLeds.output,ptolemy.domains.ptinyos.demo.CntToLedsAndRfm.output,ptolemy.domains.ptinyos.demo.RfmToLeds.output,ptolemy.domains.ptinyos.demo.SendAndReceiveCnt.output,ptolemy.domains.ptinyos.demo.SenseToLeds.output,ptolemy.actor.lib.jjs.modules.udpSocket.*" />
    <property name="env.JAVA_HOME" value="/usr/lib/jvm/java-8-oracle" />
    <property name="env.PTII" value="/home/travis/build/icyphy/ptII" />
    <property name="env.TRAVIS_COMMIT_MESSAGE" value="Adding jogamp-fat.jar from http://show.docjava.com/book/cgij/code/jnlp/libs/jogl/" />
    <property name="keystore" value="ptKeystore" />
    <property name="env.XDG_SESSION_ID" value="2" />
    <property name="junit.output.dir" value="/home/travis/build/icyphy/ptII/reports/junit" />
    <property name="npm.return.code" value="0" />
    <property name="user.dir" value="/home/travis/build/icyphy/ptII/ptolemy/actor/lib/test" />
    <property name="env.TRAVIS_NODE_VERSION" value="7" />
    <property name="env.XFILESEARCHPATH" value="/usr/dt/app-defaults/%L/Dt" />
    <property name="env.TRAVIS_EVENT_TYPE" value="push" />
    <property name="env.MAIL" value="/var/mail/travis" />
    <property name="env.PWD" value="/home/travis/build/icyphy/ptII" />
    <property name="env.PERLBREW_ROOT" value="/home/travis/perl5/perlbrew" />
    <property name="timeout.npm" value="45000" />
    <property name="env.PAGER" value="cat" />
    <property name="sun.cpu.endian" value="little" />
    <property name="env.TRAVIS_BUILD_STAGE_NAME" value="Test" />
    <property name="env.PERLBREW_HOME" value="/home/travis/.perlbrew" />
    <property name="env.RAILS_ENV" value="test" />
    <property name="java.vm.version" value="25.151-b12" />
    <property name="java.class.path" value="/home/travis/.ptolemyII:/home/travis/.ptolemyII/*:/home/travis/build/icyphy/ptII:/home/travis/build/icyphy/ptII/lib/bsh-2.0b4.jar:/home/travis/build/icyphy/ptII/lib/ptCal.jar:/home/travis/build/icyphy/ptII/lib/java_cup.jar:/home/travis/build/icyphy/ptII/lib/saxon8.jar:/home/travis/build/icyphy/ptII/lib/saxon8-dom.jar:/home/travis/build/icyphy/ptII/lib/chic.jar:/home/travis/build/icyphy/ptII/lib/ptcolt.jar:/usr/lib/jvm/java-8-oracle/lib/tools.jar:/usr/lib/eclipse/plugins/org.eclipse.jdt.core_3.8.2.dist.jar:/usr/lib/eclipse/plugins/org.eclipse.core.runtime_3.8.0.dist.jar:/usr/lib/eclipse/plugins/org.eclipse.osgi_3.8.1.dist.jar:/usr/lib/eclipse/plugins/org.eclipse.core.resources_3.8.1.dist.jar:/usr/lib/eclipse/plugins/org.eclipse.equinox.common_3.6.100.dist.jar:/usr/lib/eclipse/plugins/org.eclipse.core.jobs_3.5.200.dist.jar:/usr/lib/eclipse/plugins/org.eclipse.core.contenttype_3.4.200.dist.jar:/usr/lib/eclipse/plugins/org.eclipse.equinox.preferences_3.5.0.dist.jar:/usr/lib/eclipse/plugins/org.eclipse.text_3.5.200.dist.jar:/usr/lib/eclipse/plugins/org.eclipse.ui.workbench_3.8.1.dist.jar:/usr/lib/eclipse/plugins/org.eclipse.jface_3.8.0.dist.jar:/usr/lib/eclipse/plugins/org.eclipse.swt_3.8.2.jar:/usr/lib/eclipse/plugins/org.eclipse.jface.text_3.8.1.dist.jar:/usr/lib/eclipse/plugins/org.eclipse.ui.workbench.texteditor_3.8.0.dist.jar:/usr/lib/eclipse/plugins/org.eclipse.ui.editors_3.8.0.dist.jar:/usr/lib/eclipse/plugins/org.eclipse.core.commands_3.6.1.dist.jar:/usr/lib/eclipse/plugins/org.eclipse.equinox.registry_3.5.200.dist.jar:/usr/lib/eclipse/plugins/org.eclipse.ui.console_3.5.100.dist.jar:/usr/lib/eclipse/plugins/org.eclipse.ui.forms_3.5.200.dist.jar:/usr/lib/eclipse/plugins/org.eclipse.ui.ide_3.8.1.dist.jar:/home/travis/build/icyphy/ptII/vendors/oracle/dbxml.jar:/home/travis/build/icyphy/ptII/vendors/oracle/db.jar:/home/travis/build/icyphy/ptII/vendors/misc/itext/iText.jar:/home/travis/build/icyphy/ptII/lib/g4ltl.jar:/home/travis/build/icyphy/ptII/lib/StructuralCoder.jar:/home/travis/build/icyphy/ptII/lib/org-openide-util.jar:/home/travis/build/icyphy/ptII/lib/org-openide-util-lookup.jar:/home/travis/build/icyphy/ptII/lib/org-netbeans-api-visual.jar:/home/travis/build/icyphy/ptII/vendors/jai-1_1_2_01/lib/jai_core.jar:/home/travis/build/icyphy/ptII/vendors/jai-1_1_2_01/lib/jai_codec.jar:/home/travis/build/icyphy/ptII/lib/jcerti.jar:/home/travis/build/icyphy/ptII/lib/smack.jar:/home/travis/build/icyphy/ptII/lib/smackx.jar:/home/travis/build/icyphy/ptII/lib/jetty-all-8.1.5-v20120716.jar:/home/travis/build/icyphy/ptII/lib/javax.servlet-api-3.0.1.jar:/home/travis/build/icyphy/ptII/lib/javax.mail.jar:/home/travis/build/icyphy/ptII/vendors/JMF-2.1.1e/lib/jmf.jar:/home/travis/build/icyphy/ptII/lib/jna-4.0.0-variadic.jar:/home/travis/build/icyphy/ptII/vendors/misc/joystick/Joystick.jar:/home/travis/build/icyphy/ptII/lib/ptjacl.jar:/home/travis/build/icyphy/ptII/lib/jsoup-1.8.2.jar:/home/travis/build/icyphy/ptII/lib/junit-4.8.2.jar:/home/travis/build/icyphy/ptII/lib/JUnitParams-0.4.0.jar:/home/travis/build/icyphy/ptII/ptolemy/actor/lib/excel/jxl.jar:/home/travis/build/icyphy/ptII/lib/jython.jar:/home/travis/build/icyphy/ptII/lib/kieler.jar:/home/travis/build/icyphy/ptII/vendors/opencv/share/OpenCV/java/opencv-341.jar:/home/travis/build/icyphy/ptII/lib/oscP5.jar:/home/travis/build/icyphy/ptII/lib/nrjavaserial-3.11.0.devel.jar:/usr/share/java/j3dcore.jar:/usr/share/java/j3dutils.jar:/usr/share/java/vecmath.jar:/home/travis/build/icyphy/ptII/ptolemy/distributed/jini/jar/jini-core.jar:/home/travis/build/icyphy/ptII/ptolemy/distributed/jini/jar/jini-ext.jar:/home/travis/build/icyphy/ptII/ptolemy/distributed/jini/jar/sun-util.jar:/home/travis/build/icyphy/ptII/lib/protobuf-java-2.4.1.jar:/home/travis/build/icyphy/ptII/lib/org.eclipse.paho.client.mqttv3.jar:/home/travis/build/icyphy/ptII/ptserver/lib/hessian-4.0.7.jar:/home/travis/build/icyphy/ptII/ptserver/lib/wmqtt.jar:/home/travis/build/icyphy/ptII/lib/mapss.jar:/home/travis/build/icyphy/ptII/ptolemy/actor/ptalon/antlr/antlr.jar:/home/travis/build/icyphy/ptII/lib/JRI.jar:/home/travis/build/icyphy/ptII/lib/commons-lang-2.6.jar:/home/travis/build/icyphy/ptII/lib/commons-logging-1.1.1.jar:/home/travis/build/icyphy/ptII/lib/sootclasses.jar:/home/travis/build/icyphy/ptII/ptolemy/actor/lib/database/mysql-connector-java-5.1.6-bin.jar:/home/travis/build/icyphy/ptII/vendors/misc/sphinx4/sphinx4-data-5prealpha.jar:/home/travis/build/icyphy/ptII/vendors/misc/sphinx4/sphinx4-core-5prealpha.jar:/home/travis/build/icyphy/ptII/lib/PDFRenderer.jar:/home/travis/build/icyphy/ptII/lib/svgSalamander.jar:/home/travis/build/icyphy/ptII/lib/rsyntaxtextarea-2.6.0-SNAPSHOT.jar:/home/travis/build/icyphy/ptII/lib/hazelcast-3.8.2.jar:/home/travis/build/icyphy/ptII/lib/jackson-annotations-2.9.0.jar:/home/travis/build/icyphy/ptII/lib/jackson-core-2.9.3.jar:/home/travis/build/icyphy/ptII/lib/jackson-databind-2.9.3.jar:/home/travis/build/icyphy/ptII/lib/netty-buffer-4.1.19.Final.jar:/home/travis/build/icyphy/ptII/lib/netty-codec-4.1.19.Final.jar:/home/travis/build/icyphy/ptII/lib/netty-codec-dns-4.1.19.Final.jar:/home/travis/build/icyphy/ptII/lib/netty-codec-http-4.1.19.Final.jar:/home/travis/build/icyphy/ptII/lib/netty-codec-http2-4.1.19.Final.jar:/home/travis/build/icyphy/ptII/lib/netty-common-4.1.19.Final.jar:/home/travis/build/icyphy/ptII/lib/netty-handler-4.1.19.Final.jar:/home/travis/build/icyphy/ptII/lib/netty-resolver-4.1.19.Final.jar:/home/travis/build/icyphy/ptII/lib/netty-resolver-dns-4.1.19.Final.jar:/home/travis/build/icyphy/ptII/lib/netty-transport-4.1.19.Final.jar:/home/travis/build/icyphy/ptII/lib/vertx-codegen-3.5.1.jar:/home/travis/build/icyphy/ptII/lib/vertx-core-3.5.2-SNAPSHOT.jar:/home/travis/build/icyphy/ptII/lib/vertx-hazelcast-3.5.1.jar:/home/travis/build/icyphy/ptII/lib/vertx-lang-js-3.5.1.jar:/home/travis/build/icyphy/ptII/lib/vertx-service-proxy-3.5.1.jar:/home/travis/build/icyphy/ptII/lib/vertx-web-3.5.1.jar:/home/travis/build/icyphy/ptII/lib/slf4j-api-1.7.13.jar:/home/travis/build/icyphy/ptII/lib/slf4j-simple-1.7.13.jar:/home/travis/build/icyphy/ptII/lib/webcam-capture-0.3.12.jar:/home/travis/build/icyphy/ptII/lib/bridj-0.7.0.jar:/home/travis/build/icyphy/ptII/lib/xbjlib-1.1.0.nrjavaserial.jar:/home/travis/build/icyphy/ptII/ptolemy/moml/test:/home/travis/build/icyphy/ptII/ant/lib/ant-launcher.jar:/home/travis/build/icyphy/ptII/ant/lib/ant.jar:/home/travis/build/icyphy/ptII/ant/lib/ant-junit.jar:/home/travis/build/icyphy/ptII/ant/lib/ant-junit4.jar" />
    <property name="ant.library.dir" value="/home/travis/build/icyphy/ptII/ant/lib" />
    <property name="os.arch" value="amd64" />
    <property name="env.TRAVIS_LANGUAGE" value="node_js" />
    <property name="env.CONTINUOUS_INTEGRATION" value="true" />
    <property name="env.TRAVIS_STACK_LANGUAGES" value="__garnet__ c c++ clojure cplusplus cpp default go groovy java node_js php pure_java python ruby scala" />
    <property name="test.name" value="ptolemy.actor.lib.test.junit.JUnitTclTest" />
    <property name="sun.java.launcher" value="SUN_STANDARD" />
    <property name="env.PYTHON_CONFIGURE_OPTS" value="--enable-unicode=ucs4 --with-wide-unicode --enable-shared --enable-ipv6 --enable-loadable-sqlite-extensions --with-computed-gotos" />
    <property name="ant.core.lib" value="/home/travis/build/icyphy/ptII/ant/lib/ant.jar" />
    <property name="java.vm.specification.vendor" value="Oracle Corporation" />
    <property name="env.BCVTB_HOME" value="/home/travis/build/icyphy/ptII/lbnl" />
    <property name="file.separator" value="/" />
    <property name="java.runtime.version" value="1.8.0_151-b12" />
    <property name="spotbugs.home" value="/home/travis/build/icyphy/ptII/vendors/spotbugs-3.1.1" />
    <property name="sun.boot.class.path" value="/usr/lib/jvm/java-8-oracle/jre/lib/resources.jar:/usr/lib/jvm/java-8-oracle/jre/lib/rt.jar:/usr/lib/jvm/java-8-oracle/jre/lib/sunrsasign.jar:/usr/lib/jvm/java-8-oracle/jre/lib/jsse.jar:/usr/lib/jvm/java-8-oracle/jre/lib/jce.jar:/usr/lib/jvm/java-8-oracle/jre/lib/charsets.jar:/usr/lib/jvm/java-8-oracle/jre/lib/jfr.jar:/usr/lib/jvm/java-8-oracle/jre/classes" />
    <property name="env.HAS_JOSH_K_SEAL_OF_APPROVAL" value="true" />
    <property name="env.TRAVIS_OSX_IMAGE" value="" />
    <property name="env.XDG_RUNTIME_DIR" value="/run/user/2000" />
    <property name="env.TRAVIS_BRANCH" value="master" />
    <property name="env.TRAVIS_JOB_ID" value="391803856" />
    <property name="env.CERTI_HOME_TRAVIS" value="/home/travis/pthla/certi-tools" />
    <property name="user.country" value="US" />
    <property name="env.SHELL" value="/bin/bash" />
    <property name="java.maxmemory.large" value="5000m" />
    <property name="model" value="" />
    <property name="env.CASHER_DIR" value="/home/travis/.casher" />
    <property name="env.NVM_CD_FLAGS" value="" />
    <property name="jshint.executable" value="/home/travis/node_modules/jshint/bin/jshint" />
    <property name="java.vendor" value="Oracle Corporation" />
    <property name="env.JRUBY_OPTS" value=" --client -J-XX:+TieredCompilation -J-XX:TieredStopAtLevel=1 -J-Xss2m -Xcompile.invokedynamic=false" />
    <property name="env.TRAVIS_PRE_CHEF_BOOTSTRAP_TIME" value="2017-12-05T19:32:55" />
    <property name="env.TRAVIS_STACK_JOB_BOARD_REGISTER" value="/.job-board-register.yml" />
    <property name="env.ELIXIR_VERSION" value="1.4.5" />
    <property name="java.specification.version" value="1.8" />
    <property name="env.IRBRC" value="/home/travis/.rvm/rubies/ruby-2.4.1/.irbrc" />
    <property name="env.TRAVIS" value="true" />
    <property name="sun.arch.data.model" value="64" />
  </properties>
  <testcase classname="ptolemy.util.test.junit.TclTests" name="[0] /home/travis/build/icyphy/ptII/ptolemy/actor/lib/test/AbsoluteValue.tcl (RunTclFile)" time="0.522" />
  <testcase classname="ptolemy.util.test.junit.TclTests" name="[1] /home/travis/build/icyphy/ptII/ptolemy/actor/lib/test/AddSubtract.tcl (RunTclFile)" time="0.087" />
  <testcase classname="ptolemy.util.test.junit.TclTests" name="[2] /home/travis/build/icyphy/ptII/ptolemy/actor/lib/test/Average.tcl (RunTclFile)" time="0.028" />
  <testcase classname="ptolemy.util.test.junit.TclTests" name="[3] /home/travis/build/icyphy/ptII/ptolemy/actor/lib/test/Bernoulli.tcl (RunTclFile)" time="0.016" />
  <testcase classname="ptolemy.util.test.junit.TclTests" name="[4] /home/travis/build/icyphy/ptII/ptolemy/actor/lib/test/Clock.tcl (RunTclFile)" time="0.084" />
  <testcase classname="ptolemy.util.test.junit.TclTests" name="[5] /home/travis/build/icyphy/ptII/ptolemy/actor/lib/test/Commutator.tcl (RunTclFile)" time="0.096" />
  <testcase classname="ptolemy.util.test.junit.TclTests" name="[6] /home/travis/build/icyphy/ptII/ptolemy/actor/lib/test/Const.tcl (RunTclFile)" time="0.129" />
  <testcase classname="ptolemy.util.test.junit.TclTests" name="[7] /home/travis/build/icyphy/ptII/ptolemy/actor/lib/test/CurrentTime.tcl (RunTclFile)" time="0.024" />
  <testcase classname="ptolemy.util.test.junit.TclTests" name="[8] /home/travis/build/icyphy/ptII/ptolemy/actor/lib/test/DB.tcl (RunTclFile)" time="0.031" />
  <testcase classname="ptolemy.util.test.junit.TclTests" name="[9] /home/travis/build/icyphy/ptII/ptolemy/actor/lib/test/DiscreteRandomSource.tcl (RunTclFile)" time="0.053" />
  <testcase classname="ptolemy.util.test.junit.TclTests" name="[10] /home/travis/build/icyphy/ptII/ptolemy/actor/lib/test/Distributor.tcl (RunTclFile)" time="0.067" />
  <testcase classname="ptolemy.util.test.junit.TclTests" name="[11] /home/travis/build/icyphy/ptII/ptolemy/actor/lib/test/Exit.tcl (RunTclFile)" time="0.052" />
  <testcase classname="ptolemy.util.test.junit.TclTests" name="[12] /home/travis/build/icyphy/ptII/ptolemy/actor/lib/test/Expression.tcl (RunTclFile)" time="0.074" />
  <testcase classname="ptolemy.util.test.junit.TclTests" name="[13] /home/travis/build/icyphy/ptII/ptolemy/actor/lib/test/Gaussian.tcl (RunTclFile)" time="0.496" />
  <testcase classname="ptolemy.util.test.junit.TclTests" name="[14] /home/travis/build/icyphy/ptII/ptolemy/actor/lib/test/IIR.tcl (RunTclFile)" time="0.037" />
  <testcase classname="ptolemy.util.test.junit.TclTests" name="[15] /home/travis/build/icyphy/ptII/ptolemy/actor/lib/test/Interpolator.tcl (RunTclFile)" time="0.063" />
  <testcase classname="ptolemy.util.test.junit.TclTests" name="[16] /home/travis/build/icyphy/ptII/ptolemy/actor/lib/test/MathFunction.tcl (RunTclFile)" time="0.069" />
  <testcase classname="ptolemy.util.test.junit.TclTests" name="[17] /home/travis/build/icyphy/ptII/ptolemy/actor/lib/test/Maximum.tcl (RunTclFile)" time="0.045" />
  <testcase classname="ptolemy.util.test.junit.TclTests" name="[18] /home/travis/build/icyphy/ptII/ptolemy/actor/lib/test/Minimum.tcl (RunTclFile)" time="0.036" />
  <testcase classname="ptolemy.util.test.junit.TclTests" name="[19] /home/travis/build/icyphy/ptII/ptolemy/actor/lib/test/MultiplyDivide.tcl (RunTclFile)" time="0.048" />
  <testcase classname="ptolemy.util.test.junit.TclTests" name="[20] /home/travis/build/icyphy/ptII/ptolemy/actor/lib/test/OrderedMerge.tcl (RunTclFile)" time="0.097" />
  <testcase classname="ptolemy.util.test.junit.TclTests" name="[21] /home/travis/build/icyphy/ptII/ptolemy/actor/lib/test/Publisher.tcl (RunTclFile)" time="0.759" />
  <testcase classname="ptolemy.util.test.junit.TclTests" name="[22] /home/travis/build/icyphy/ptII/ptolemy/actor/lib/test/Pulse.tcl (RunTclFile)" time="0.029" />
  <testcase classname="ptolemy.util.test.junit.TclTests" name="[23] /home/travis/build/icyphy/ptII/ptolemy/actor/lib/test/Ramp.tcl (RunTclFile)" time="1.801" />
  <testcase classname="ptolemy.util.test.junit.TclTests" name="[24] /home/travis/build/icyphy/ptII/ptolemy/actor/lib/test/RampContinuous.tcl (RunTclFile)" time="0.02" />
  <testcase classname="ptolemy.util.test.junit.TclTests" name="[25] /home/travis/build/icyphy/ptII/ptolemy/actor/lib/test/RecordAssembler.tcl (RunTclFile)" time="0.018" />
  <testcase classname="ptolemy.util.test.junit.TclTests" name="[26] /home/travis/build/icyphy/ptII/ptolemy/actor/lib/test/RecordDisassembler.tcl (RunTclFile)" time="0.025" />
  <testcase classname="ptolemy.util.test.junit.TclTests" name="[27] /home/travis/build/icyphy/ptII/ptolemy/actor/lib/test/Scale.tcl (RunTclFile)" time="0.024" />
  <testcase classname="ptolemy.util.test.junit.TclTests" name="[28] /home/travis/build/icyphy/ptII/ptolemy/actor/lib/test/SequentialClock.tcl (RunTclFile)" time="0.014" />
  <testcase classname="ptolemy.util.test.junit.TclTests" name="[29] /home/travis/build/icyphy/ptII/ptolemy/actor/lib/test/SetVariable.tcl (RunTclFile)" time="0.015" />
  <testcase classname="ptolemy.util.test.junit.TclTests" name="[30] /home/travis/build/icyphy/ptII/ptolemy/actor/lib/test/Sinewave.tcl (RunTclFile)" time="0.027" />
  <testcase classname="ptolemy.util.test.junit.TclTests" name="[31] /home/travis/build/icyphy/ptII/ptolemy/actor/lib/test/SubscriptionAggregator.tcl (RunTclFile)" time="2.022" />
  <testcase classname="ptolemy.util.test.junit.TclTests" name="[32] /home/travis/build/icyphy/ptII/ptolemy/actor/lib/test/Test.tcl (RunTclFile)" time="0.091" />
  <testcase classname="ptolemy.util.test.junit.TclTests" name="[33] /home/travis/build/icyphy/ptII/ptolemy/actor/lib/test/TestExceptionHandler.tcl (RunTclFile)" time="0.016" />
  <testcase classname="ptolemy.util.test.junit.TclTests" name="[34] /home/travis/build/icyphy/ptII/ptolemy/actor/lib/test/UnionDisassembler.tcl (RunTclFile)" time="0.059" />
  <testcase classname="ptolemy.util.test.junit.TclTests" name="[35] /home/travis/build/icyphy/ptII/ptolemy/actor/lib/test/VariableClock.tcl (RunTclFile)" time="0.025" />
  <testcase classname="ptolemy.util.test.junit.AutoKnownFailedTests" name="[0] /home/travis/build/icyphy/ptII/ptolemy/actor/lib/test/auto/knownFailedTests/PublisherPortToplevelSubscriber.xml (RunModel)" time="0.02" />
  <testcase classname="ptolemy.util.test.junit.AutoKnownFailedTests" name="[1] /home/travis/build/icyphy/ptII/ptolemy/actor/lib/test/auto/knownFailedTests/PublisherSubscriberPortToplevel.xml (RunModel)" time="0.032" />
  <testcase classname="ptolemy.util.test.junit.AutoKnownFailedTests" name="[2] /home/travis/build/icyphy/ptII/ptolemy/actor/lib/test/auto/knownFailedTests/PublisherSubscriptionAggregatorPort.xml (RunModel)" time="0.019" />
  <testcase classname="ptolemy.util.test.junit.AutoKnownFailedTests" name="[3] /home/travis/build/icyphy/ptII/ptolemy/actor/lib/test/auto/knownFailedTests/sizedarray3.xml (RunModel)" time="0.032" />
  <testcase classname="ptolemy.util.test.junit.AutoNameArchTests" name="[0] ThereAreNoAutoArchTests (RunModel)" time="0.003" />
  <testcase classname="ptolemy.util.test.junit.AutoTests" name="[0] /home/travis/build/icyphy/ptII/ptolemy/actor/lib/test/auto/AbsoluteValue.xml (RunModel)" time="0.187" />
  <testcase classname="ptolemy.util.test.junit.AutoTests" name="[1] /home/travis/build/icyphy/ptII/ptolemy/actor/lib/test/auto/AbsoluteValue2.xml (RunModel)" time="0.027" />
  <testcase classname="ptolemy.util.test.junit.AutoTests" name="[2] /home/travis/build/icyphy/ptII/ptolemy/actor/lib/test/auto/Accumulator.xml (RunModel)" time="0.037" />
  <testcase classname="ptolemy.util.test.junit.AutoTests" name="[3] /home/travis/build/icyphy/ptII/ptolemy/actor/lib/test/auto/Accumulator2.xml (RunModel)" time="0.018" />
  <testcase classname="ptolemy.util.test.junit.AutoTests" name="[4] /home/travis/build/icyphy/ptII/ptolemy/actor/lib/test/auto/Accumulator3.xml (RunModel)" time="0.014" />
  <testcase classname="ptolemy.util.test.junit.AutoTests" name="[5] /home/travis/build/icyphy/ptII/ptolemy/actor/lib/test/auto/ArrayAppend.xml (RunModel)" time="0.026" />
  <testcase classname="ptolemy.util.test.junit.AutoTests" name="[6] /home/travis/build/icyphy/ptII/ptolemy/actor/lib/test/auto/ArrayAppend2.xml (RunModel)" time="0.466" />
  <testcase classname="ptolemy.util.test.junit.AutoTests" name="[7] /home/travis/build/icyphy/ptII/ptolemy/actor/lib/test/auto/ArrayAppend3.xml (RunModel)" time="0.035" />
  <testcase classname="ptolemy.util.test.junit.AutoTests" name="[8] /home/travis/build/icyphy/ptII/ptolemy/actor/lib/test/auto/ArrayAppend4.xml (RunModel)" time="0.016" />
  <testcase classname="ptolemy.util.test.junit.AutoTests" name="[9] /home/travis/build/icyphy/ptII/ptolemy/actor/lib/test/auto/ArrayAppend5.xml (RunModel)" time="0.024" />
  <testcase classname="ptolemy.util.test.junit.AutoTests" name="[10] /home/travis/build/icyphy/ptII/ptolemy/actor/lib/test/auto/ArrayAppend6.xml (RunModel)" time="0.029" />
  <testcase classname="ptolemy.util.test.junit.AutoTests" name="[11] /home/travis/build/icyphy/ptII/ptolemy/actor/lib/test/auto/ArrayAppendPerformanceTest.xml (RunModel)" time="0.055" />
  <testcase classname="ptolemy.util.test.junit.AutoTests" name="[12] /home/travis/build/icyphy/ptII/ptolemy/actor/lib/test/auto/ArrayAppendWithEmptyInput.xml (RunModel)" time="0.058" />
  <testcase classname="ptolemy.util.test.junit.AutoTests" name="[13] /home/travis/build/icyphy/ptII/ptolemy/actor/lib/test/auto/ArrayAverage.xml (RunModel)" time="0.046" />
  <testcase classname="ptolemy.util.test.junit.AutoTests" name="[14] /home/travis/build/icyphy/ptII/ptolemy/actor/lib/test/auto/ArrayContains.xml (RunModel)" time="0.024" />
  <testcase classname="ptolemy.util.test.junit.AutoTests" name="[15] /home/travis/build/icyphy/ptII/ptolemy/actor/lib/test/auto/ArrayElement.xml (RunModel)" time="0.027" />
  <testcase classname="ptolemy.util.test.junit.AutoTests" name="[16] /home/travis/build/icyphy/ptII/ptolemy/actor/lib/test/auto/ArrayElementAsMatrix.xml (RunModel)" time="0.038" />
  <testcase classname="ptolemy.util.test.junit.AutoTests" name="[17] /home/travis/build/icyphy/ptII/ptolemy/actor/lib/test/auto/ArrayElementI.xml (RunModel)" time="0.016" />
  <testcase classname="ptolemy.util.test.junit.AutoTests" name="[18] /home/travis/build/icyphy/ptII/ptolemy/actor/lib/test/auto/ArrayExtract.xml (RunModel)" time="0.027" />
  <testcase classname="ptolemy.util.test.junit.AutoTests" name="[19] /home/travis/build/icyphy/ptII/ptolemy/actor/lib/test/auto/ArrayExtract2.xml (RunModel)" time="0.013" />
  <testcase classname="ptolemy.util.test.junit.AutoTests" name="[20] /home/travis/build/icyphy/ptII/ptolemy/actor/lib/test/auto/ArrayLength.xml (RunModel)" time="0.03" />
  <testcase classname="ptolemy.util.test.junit.AutoTests" name="[21] /home/travis/build/icyphy/ptII/ptolemy/actor/lib/test/auto/ArrayLevelCrossing.xml (RunModel)" time="0.025" />
  <testcase classname="ptolemy.util.test.junit.AutoTests" name="[22] /home/travis/build/icyphy/ptII/ptolemy/actor/lib/test/auto/ArrayLevelCrossing2.xml (RunModel)" time="0.023" />
  <testcase classname="ptolemy.util.test.junit.AutoTests" name="[23] /home/travis/build/icyphy/ptII/ptolemy/actor/lib/test/auto/ArrayPeakSearch.xml (RunModel)" time="0.031" />
  <testcase classname="ptolemy.util.test.junit.AutoTests" name="[24] /home/travis/build/icyphy/ptII/ptolemy/actor/lib/test/auto/ArrayPeakSearch2.xml (RunModel)" time="0.038" />
  <testcase classname="ptolemy.util.test.junit.AutoTests" name="[25] /home/travis/build/icyphy/ptII/ptolemy/actor/lib/test/auto/ArrayPeakSearch3.xml (RunModel)" time="0.034" />
  <testcase classname="ptolemy.util.test.junit.AutoTests" name="[26] /home/travis/build/icyphy/ptII/ptolemy/actor/lib/test/auto/ArrayRemoveElement.xml (RunModel)" time="0.032" />
  <testcase classname="ptolemy.util.test.junit.AutoTests" name="[27] /home/travis/build/icyphy/ptII/ptolemy/actor/lib/test/auto/ArraySort.xml (RunModel)" time="0.03" />
  <testcase classname="ptolemy.util.test.junit.AutoTests" name="[28] /home/travis/build/icyphy/ptII/ptolemy/actor/lib/test/auto/ArraySum.xml (RunModel)" time="0.024" />
  <testcase classname="ptolemy.util.test.junit.AutoTests" name="[29] /home/travis/build/icyphy/ptII/ptolemy/actor/lib/test/auto/ArrayToElements.xml (RunModel)" time="0.028" />
  <testcase classname="ptolemy.util.test.junit.AutoTests" name="[30] /home/travis/build/icyphy/ptII/ptolemy/actor/lib/test/auto/ArrayToMatrix.xml (RunModel)" time="0.05" />
  <testcase classname="ptolemy.util.test.junit.AutoTests" name="[31] /home/travis/build/icyphy/ptII/ptolemy/actor/lib/test/auto/ArrayUpdate1.xml (RunModel)" time="0.027" />
  <testcase classname="ptolemy.util.test.junit.AutoTests" name="[32] /home/travis/build/icyphy/ptII/ptolemy/actor/lib/test/auto/ArrayUpdate2.xml (RunModel)" time="0.029" />
  <testcase classname="ptolemy.util.test.junit.AutoTests" name="[33] /home/travis/build/icyphy/ptII/ptolemy/actor/lib/test/auto/ArrayUpdate3.xml (RunModel)" time="0.021" />
  <testcase classname="ptolemy.util.test.junit.AutoTests" name="[34] /home/travis/build/icyphy/ptII/ptolemy/actor/lib/test/auto/Assert1.xml (RunModel)" time="0.019" />
  <testcase classname="ptolemy.util.test.junit.AutoTests" name="[35] /home/travis/build/icyphy/ptII/ptolemy/actor/lib/test/auto/Assert2.xml (RunModel)" time="0.015" />
  <testcase classname="ptolemy.util.test.junit.AutoTests" name="[36] /home/travis/build/icyphy/ptII/ptolemy/actor/lib/test/auto/BooleanMultiplexor.xml (RunModel)" time="0.023" />
  <testcase classname="ptolemy.util.test.junit.AutoTests" name="[37] /home/travis/build/icyphy/ptII/ptolemy/actor/lib/test/auto/BooleanMultiplexor2.xml (RunModel)" time="0.03" />
  <testcase classname="ptolemy.util.test.junit.AutoTests" name="[38] /home/travis/build/icyphy/ptII/ptolemy/actor/lib/test/auto/BooleanMultiplexor3.xml (RunModel)" time="0.022" />
  <testcase classname="ptolemy.util.test.junit.AutoTests" name="[39] /home/travis/build/icyphy/ptII/ptolemy/actor/lib/test/auto/BooleanSelect.xml (RunModel)" time="0.021" />
  <testcase classname="ptolemy.util.test.junit.AutoTests" name="[40] /home/travis/build/icyphy/ptII/ptolemy/actor/lib/test/auto/BooleanSelect2.xml (RunModel)" time="0.013" />
  <testcase classname="ptolemy.util.test.junit.AutoTests" name="[41] /home/travis/build/icyphy/ptII/ptolemy/actor/lib/test/auto/BooleanSwitch.xml (RunModel)" time="0.014" />
  <testcase classname="ptolemy.util.test.junit.AutoTests" name="[42] /home/travis/build/icyphy/ptII/ptolemy/actor/lib/test/auto/BooleanSwitch2.xml (RunModel)" time="0.011" />
  <testcase classname="ptolemy.util.test.junit.AutoTests" name="[43] /home/travis/build/icyphy/ptII/ptolemy/actor/lib/test/auto/BooleanSwitchCloningBugWithClassRelationGroup.xml (RunModel)" time="0.02" />
  <testcase classname="ptolemy.util.test.junit.AutoTests" name="[44] /home/travis/build/icyphy/ptII/ptolemy/actor/lib/test/auto/BusActors.xml (RunModel)" time="0.04" />
  <testcase classname="ptolemy.util.test.junit.AutoTests" name="[45] /home/travis/build/icyphy/ptII/ptolemy/actor/lib/test/auto/ClassWrapper.xml (RunModel)" time="0.01" />
  <testcase classname="ptolemy.util.test.junit.AutoTests" name="[46] /home/travis/build/icyphy/ptII/ptolemy/actor/lib/test/auto/Clock.xml (RunModel)" time="0.009" />
  <testcase classname="ptolemy.util.test.junit.AutoTests" name="[47] /home/travis/build/icyphy/ptII/ptolemy/actor/lib/test/auto/Clock10.xml (RunModel)" time="0.018" />
  <testcase classname="ptolemy.util.test.junit.AutoTests" name="[48] /home/travis/build/icyphy/ptII/ptolemy/actor/lib/test/auto/Clock11.xml (RunModel)" time="0.018" />
  <testcase classname="ptolemy.util.test.junit.AutoTests" name="[49] /home/travis/build/icyphy/ptII/ptolemy/actor/lib/test/auto/Clock12.xml (RunModel)" time="0.017" />
  <testcase classname="ptolemy.util.test.junit.AutoTests" name="[50] /home/travis/build/icyphy/ptII/ptolemy/actor/lib/test/auto/Clock13.xml (RunModel)" time="0.019" />
  <testcase classname="ptolemy.util.test.junit.AutoTests" name="[51] /home/travis/build/icyphy/ptII/ptolemy/actor/lib/test/auto/Clock14.xml (RunModel)" time="0.02" />
  <testcase classname="ptolemy.util.test.junit.AutoTests" name="[52] /home/travis/build/icyphy/ptII/ptolemy/actor/lib/test/auto/Clock15.xml (RunModel)" time="0.014" />
  <testcase classname="ptolemy.util.test.junit.AutoTests" name="[53] /home/travis/build/icyphy/ptII/ptolemy/actor/lib/test/auto/Clock16.xml (RunModel)" time="0.097" />
  <testcase classname="ptolemy.util.test.junit.AutoTests" name="[54] /home/travis/build/icyphy/ptII/ptolemy/actor/lib/test/auto/Clock17.xml (RunModel)" time="0.053" />
  <testcase classname="ptolemy.util.test.junit.AutoTests" name="[55] /home/travis/build/icyphy/ptII/ptolemy/actor/lib/test/auto/Clock18.xml (RunModel)" time="0.034" />
  <testcase classname="ptolemy.util.test.junit.AutoTests" name="[56] /home/travis/build/icyphy/ptII/ptolemy/actor/lib/test/auto/Clock19.xml (RunModel)" time="0.036" />
  <testcase classname="ptolemy.util.test.junit.AutoTests" name="[57] /home/travis/build/icyphy/ptII/ptolemy/actor/lib/test/auto/Clock2.xml (RunModel)" time="0.015" />
  <testcase classname="ptolemy.util.test.junit.AutoTests" name="[58] /home/travis/build/icyphy/ptII/ptolemy/actor/lib/test/auto/Clock20.xml (RunModel)" time="0.018" />
  <testcase classname="ptolemy.util.test.junit.AutoTests" name="[59] /home/travis/build/icyphy/ptII/ptolemy/actor/lib/test/auto/Clock21.xml (RunModel)" time="0.015" />
  <testcase classname="ptolemy.util.test.junit.AutoTests" name="[60] /home/travis/build/icyphy/ptII/ptolemy/actor/lib/test/auto/Clock22.xml (RunModel)" time="0.012" />
  <testcase classname="ptolemy.util.test.junit.AutoTests" name="[61] /home/travis/build/icyphy/ptII/ptolemy/actor/lib/test/auto/Clock23.xml (RunModel)" time="0.011" />
  <testcase classname="ptolemy.util.test.junit.AutoTests" name="[62] /home/travis/build/icyphy/ptII/ptolemy/actor/lib/test/auto/Clock24.xml (RunModel)" time="0.017" />
  <testcase classname="ptolemy.util.test.junit.AutoTests" name="[63] /home/travis/build/icyphy/ptII/ptolemy/actor/lib/test/auto/Clock4.xml (RunModel)" time="0.01" />
  <testcase classname="ptolemy.util.test.junit.AutoTests" name="[64] /home/travis/build/icyphy/ptII/ptolemy/actor/lib/test/auto/Clock5.xml (RunModel)" time="0.019" />
  <testcase classname="ptolemy.util.test.junit.AutoTests" name="[65] /home/travis/build/icyphy/ptII/ptolemy/actor/lib/test/auto/Clock6.xml (RunModel)" time="0.009" />
  <testcase classname="ptolemy.util.test.junit.AutoTests" name="[66] /home/travis/build/icyphy/ptII/ptolemy/actor/lib/test/auto/Clock7.xml (RunModel)" time="0.01" />
  <testcase classname="ptolemy.util.test.junit.AutoTests" name="[67] /home/travis/build/icyphy/ptII/ptolemy/actor/lib/test/auto/Clock8.xml (RunModel)" time="0.012" />
  <testcase classname="ptolemy.util.test.junit.AutoTests" name="[68] /home/travis/build/icyphy/ptII/ptolemy/actor/lib/test/auto/Clock9.xml (RunModel)" time="0.011" />
  <testcase classname="ptolemy.util.test.junit.AutoTests" name="[69] /home/travis/build/icyphy/ptII/ptolemy/actor/lib/test/auto/CommDistDiscard.xml (RunModel)" time="0.016" />
  <testcase classname="ptolemy.util.test.junit.AutoTests" name="[70] /home/travis/build/icyphy/ptII/ptolemy/actor/lib/test/auto/Commutator.xml (RunModel)" time="0.012" />
  <testcase classname="ptolemy.util.test.junit.AutoTests" name="[71] /home/travis/build/icyphy/ptII/ptolemy/actor/lib/test/auto/Commutator2.xml (RunModel)" time="0.009" />
  <testcase classname="ptolemy.util.test.junit.AutoTests" name="[72] /home/travis/build/icyphy/ptII/ptolemy/actor/lib/test/auto/Commutator3.xml (RunModel)" time="0.009" />
  <testcase classname="ptolemy.util.test.junit.AutoTests" name="[73] /home/travis/build/icyphy/ptII/ptolemy/actor/lib/test/auto/Compare.xml (RunModel)" time="0.017" />
  <testcase classname="ptolemy.util.test.junit.AutoTests" name="[74] /home/travis/build/icyphy/ptII/ptolemy/actor/lib/test/auto/CompareDE.xml (RunModel)" time="0.017" />
  <testcase classname="ptolemy.util.test.junit.AutoTests" name="[75] /home/travis/build/icyphy/ptII/ptolemy/actor/lib/test/auto/ComplexDivide.xml (RunModel)" time="0.009" />
  <testcase classname="ptolemy.util.test.junit.AutoTests" name="[76] /home/travis/build/icyphy/ptII/ptolemy/actor/lib/test/auto/ComputeHistogram.xml (RunModel)" time="0.058" />
  <testcase classname="ptolemy.util.test.junit.AutoTests" name="[77] /home/travis/build/icyphy/ptII/ptolemy/actor/lib/test/auto/ConfigurationSelect.xml (RunModel)" time="0.022" />
  <testcase classname="ptolemy.util.test.junit.AutoTests" name="[78] /home/travis/build/icyphy/ptII/ptolemy/actor/lib/test/auto/ConfigurationSelect2.xml (RunModel)" time="0.014" />
  <testcase classname="ptolemy.util.test.junit.AutoTests" name="[79] /home/travis/build/icyphy/ptII/ptolemy/actor/lib/test/auto/ConfigurationSwitch.xml (RunModel)" time="0.023" />
  <testcase classname="ptolemy.util.test.junit.AutoTests" name="[80] /home/travis/build/icyphy/ptII/ptolemy/actor/lib/test/auto/ConfigurationSwitch2.xml (RunModel)" time="0.016" />
  <testcase classname="ptolemy.util.test.junit.AutoTests" name="[81] /home/travis/build/icyphy/ptII/ptolemy/actor/lib/test/auto/ConfigurationSwitchCloningBugWithClassRelationGroup.xml (RunModel)" time="0.019" />
  <testcase classname="ptolemy.util.test.junit.AutoTests" name="[82] /home/travis/build/icyphy/ptII/ptolemy/actor/lib/test/auto/ConfigurationSwitchSelectSDF.xml (RunModel)" time="0.017" />
  <testcase classname="ptolemy.util.test.junit.AutoTests" name="[83] /home/travis/build/icyphy/ptII/ptolemy/actor/lib/test/auto/ConfigurationSwitchSelectSDF2.xml (RunModel)" time="0.02" />
  <testcase classname="ptolemy.util.test.junit.AutoTests" name="[84] /home/travis/build/icyphy/ptII/ptolemy/actor/lib/test/auto/Const.xml (RunModel)" time="0.007" />
  <testcase classname="ptolemy.util.test.junit.AutoTests" name="[85] /home/travis/build/icyphy/ptII/ptolemy/actor/lib/test/auto/Const2.xml (RunModel)" time="0.011" />
  <testcase classname="ptolemy.util.test.junit.AutoTests" name="[86] /home/travis/build/icyphy/ptII/ptolemy/actor/lib/test/auto/Const3.xml (RunModel)" time="0.012" />
  <testcase classname="ptolemy.util.test.junit.AutoTests" name="[87] /home/travis/build/icyphy/ptII/ptolemy/actor/lib/test/auto/ConstantPublisherPort1.xml (RunModel)" time="0.023" />
  <testcase classname="ptolemy.util.test.junit.AutoTests" name="[88] /home/travis/build/icyphy/ptII/ptolemy/actor/lib/test/auto/ConstantPublisherPort2.xml (RunModel)" time="0.018" />
  <testcase classname="ptolemy.util.test.junit.AutoTests" name="[89] /home/travis/build/icyphy/ptII/ptolemy/actor/lib/test/auto/ConstantPublisherPort3.xml (RunModel)" time="0.017" />
  <testcase classname="ptolemy.util.test.junit.AutoTests" name="[90] /home/travis/build/icyphy/ptII/ptolemy/actor/lib/test/auto/ConstantPublisherPort4.xml (RunModel)" time="0.016" />
  <testcase classname="ptolemy.util.test.junit.AutoTests" name="[91] /home/travis/build/icyphy/ptII/ptolemy/actor/lib/test/auto/ConstantPublisherPort5.xml (RunModel)" time="0.031" />
  <testcase classname="ptolemy.util.test.junit.AutoTests" name="[92] /home/travis/build/icyphy/ptII/ptolemy/actor/lib/test/auto/ConstantPublisherPort6.xml (RunModel)" time="0.06" />
  <testcase classname="ptolemy.util.test.junit.AutoTests" name="[93] /home/travis/build/icyphy/ptII/ptolemy/actor/lib/test/auto/ConstantPublisherPort7.xml (RunModel)" time="0.031" />
  <testcase classname="ptolemy.util.test.junit.AutoTests" name="[94] /home/travis/build/icyphy/ptII/ptolemy/actor/lib/test/auto/ConstraintMonitor1.xml (RunModel)" time="0.031" />
  <testcase classname="ptolemy.util.test.junit.AutoTests" name="[95] /home/travis/build/icyphy/ptII/ptolemy/actor/lib/test/auto/ConstraintMonitor2.xml (RunModel)" time="0.012" />
  <testcase classname="ptolemy.util.test.junit.AutoTests" name="[96] /home/travis/build/icyphy/ptII/ptolemy/actor/lib/test/auto/ConstraintMonitor3.xml (RunModel)" time="0.009" />
  <testcase classname="ptolemy.util.test.junit.AutoTests" name="[97] /home/travis/build/icyphy/ptII/ptolemy/actor/lib/test/auto/ConstraintMonitor4.xml (RunModel)" time="0.015" />
  <testcase classname="ptolemy.util.test.junit.AutoTests" name="[98] /home/travis/build/icyphy/ptII/ptolemy/actor/lib/test/auto/ConstraintMonitor5.xml (RunModel)" time="0.015" />
  <testcase classname="ptolemy.util.test.junit.AutoTests" name="[99] /home/travis/build/icyphy/ptII/ptolemy/actor/lib/test/auto/ConstraintMonitor6.xml (RunModel)" time="0.023" />
  <testcase classname="ptolemy.util.test.junit.AutoTests" name="[100] /home/travis/build/icyphy/ptII/ptolemy/actor/lib/test/auto/ConstraintMonitor7.xml (RunModel)" time="0.024" />
  <testcase classname="ptolemy.util.test.junit.AutoTests" name="[101] /home/travis/build/icyphy/ptII/ptolemy/actor/lib/test/auto/ConstraintMonitor8.xml (RunModel)" time="0.02" />
  <testcase classname="ptolemy.util.test.junit.AutoTests" name="[102] /home/travis/build/icyphy/ptII/ptolemy/actor/lib/test/auto/Counter.xml (RunModel)" time="0.011" />
  <testcase classname="ptolemy.util.test.junit.AutoTests" name="[103] /home/travis/build/icyphy/ptII/ptolemy/actor/lib/test/auto/CurrentTimeSDF.xml (RunModel)" time="0.008" />
  <testcase classname="ptolemy.util.test.junit.AutoTests" name="[104] /home/travis/build/icyphy/ptII/ptolemy/actor/lib/test/auto/DB.xml (RunModel)" time="0.012" />
  <testcase classname="ptolemy.util.test.junit.AutoTests" name="[105] /home/travis/build/icyphy/ptII/ptolemy/actor/lib/test/auto/DBDE.xml (RunModel)" time="0.015" />
  <testcase classname="ptolemy.util.test.junit.AutoTests" name="[106] /home/travis/build/icyphy/ptII/ptolemy/actor/lib/test/auto/DateConstructor.xml (RunModel)" time="0.053" />
  <testcase classname="ptolemy.util.test.junit.AutoTests" name="[107] /home/travis/build/icyphy/ptII/ptolemy/actor/lib/test/auto/DelayTime.xml (RunModel)" time="0.016" />
  <testcase classname="ptolemy.util.test.junit.AutoTests" name="[108] /home/travis/build/icyphy/ptII/ptolemy/actor/lib/test/auto/Dictionary1.xml (RunModel)" time="0.016" />
  <testcase classname="ptolemy.util.test.junit.AutoTests" name="[109] /home/travis/build/icyphy/ptII/ptolemy/actor/lib/test/auto/Dictionary2.xml (RunModel)" time="0.016" />
  <testcase classname="ptolemy.util.test.junit.AutoTests" name="[110] /home/travis/build/icyphy/ptII/ptolemy/actor/lib/test/auto/Dictionary3.xml (RunModel)" time="0.013" />
  <testcase classname="ptolemy.util.test.junit.AutoTests" name="[111] /home/travis/build/icyphy/ptII/ptolemy/actor/lib/test/auto/Dictionary4.xml (RunModel)" time="0.022" />
  <testcase classname="ptolemy.util.test.junit.AutoTests" name="[112] /home/travis/build/icyphy/ptII/ptolemy/actor/lib/test/auto/Differential.xml (RunModel)" time="0.012" />
  <testcase classname="ptolemy.util.test.junit.AutoTests" name="[113] /home/travis/build/icyphy/ptII/ptolemy/actor/lib/test/auto/Director.xml (RunModel)" time="0.008" />
  <testcase classname="ptolemy.util.test.junit.AutoTests" name="[114] /home/travis/build/icyphy/ptII/ptolemy/actor/lib/test/auto/DiscreteClock.xml (RunModel)" time="0.008" />
  <testcase classname="ptolemy.util.test.junit.AutoTests" name="[115] /home/travis/build/icyphy/ptII/ptolemy/actor/lib/test/auto/DiscreteClock10.xml (RunModel)" time="0.014" />
  <testcase classname="ptolemy.util.test.junit.AutoTests" name="[116] /home/travis/build/icyphy/ptII/ptolemy/actor/lib/test/auto/DiscreteClock11.xml (RunModel)" time="0.013" />
  <testcase classname="ptolemy.util.test.junit.AutoTests" name="[117] /home/travis/build/icyphy/ptII/ptolemy/actor/lib/test/auto/DiscreteClock12.xml (RunModel)" time="0.013" />
  <testcase classname="ptolemy.util.test.junit.AutoTests" name="[118] /home/travis/build/icyphy/ptII/ptolemy/actor/lib/test/auto/DiscreteClock13.xml (RunModel)" time="0.011" />
  <testcase classname="ptolemy.util.test.junit.AutoTests" name="[119] /home/travis/build/icyphy/ptII/ptolemy/actor/lib/test/auto/DiscreteClock14.xml (RunModel)" time="0.01" />
  <testcase classname="ptolemy.util.test.junit.AutoTests" name="[120] /home/travis/build/icyphy/ptII/ptolemy/actor/lib/test/auto/DiscreteClock15.xml (RunModel)" time="0.02" />
  <testcase classname="ptolemy.util.test.junit.AutoTests" name="[121] /home/travis/build/icyphy/ptII/ptolemy/actor/lib/test/auto/DiscreteClock16.xml (RunModel)" time="0.034" />
  <testcase classname="ptolemy.util.test.junit.AutoTests" name="[122] /home/travis/build/icyphy/ptII/ptolemy/actor/lib/test/auto/DiscreteClock17.xml (RunModel)" time="0.037" />
  <testcase classname="ptolemy.util.test.junit.AutoTests" name="[123] /home/travis/build/icyphy/ptII/ptolemy/actor/lib/test/auto/DiscreteClock18.xml (RunModel)" time="0.034" />
  <testcase classname="ptolemy.util.test.junit.AutoTests" name="[124] /home/travis/build/icyphy/ptII/ptolemy/actor/lib/test/auto/DiscreteClock19.xml (RunModel)" time="0.052" />
  <testcase classname="ptolemy.util.test.junit.AutoTests" name="[125] /home/travis/build/icyphy/ptII/ptolemy/actor/lib/test/auto/DiscreteClock2.xml (RunModel)" time="0.013" />
  <testcase classname="ptolemy.util.test.junit.AutoTests" name="[126] /home/travis/build/icyphy/ptII/ptolemy/actor/lib/test/auto/DiscreteClock20.xml (RunModel)" time="0.024" />
  <testcase classname="ptolemy.util.test.junit.AutoTests" name="[127] /home/travis/build/icyphy/ptII/ptolemy/actor/lib/test/auto/DiscreteClock21.xml (RunModel)" time="0.028" />
  <testcase classname="ptolemy.util.test.junit.AutoTests" name="[128] /home/travis/build/icyphy/ptII/ptolemy/actor/lib/test/auto/DiscreteClock22.xml (RunModel)" time="0.534" />
  <testcase classname="ptolemy.util.test.junit.AutoTests" name="[129] /home/travis/build/icyphy/ptII/ptolemy/actor/lib/test/auto/DiscreteClock23.xml (RunModel)" time="0.023" />
  <testcase classname="ptolemy.util.test.junit.AutoTests" name="[130] /home/travis/build/icyphy/ptII/ptolemy/actor/lib/test/auto/DiscreteClock24.xml (RunModel)" time="0.014" />
  <testcase classname="ptolemy.util.test.junit.AutoTests" name="[131] /home/travis/build/icyphy/ptII/ptolemy/actor/lib/test/auto/DiscreteClock4.xml (RunModel)" time="0.011" />
  <testcase classname="ptolemy.util.test.junit.AutoTests" name="[132] /home/travis/build/icyphy/ptII/ptolemy/actor/lib/test/auto/DiscreteClock5.xml (RunModel)" time="0.009" />
  <testcase classname="ptolemy.util.test.junit.AutoTests" name="[133] /home/travis/build/icyphy/ptII/ptolemy/actor/lib/test/auto/DiscreteClock6.xml (RunModel)" time="0.008" />
  <testcase classname="ptolemy.util.test.junit.AutoTests" name="[134] /home/travis/build/icyphy/ptII/ptolemy/actor/lib/test/auto/DiscreteClock7.xml (RunModel)" time="0.009" />
  <testcase classname="ptolemy.util.test.junit.AutoTests" name="[135] /home/travis/build/icyphy/ptII/ptolemy/actor/lib/test/auto/DiscreteClock8.xml (RunModel)" time="0.009" />
  <testcase classname="ptolemy.util.test.junit.AutoTests" name="[136] /home/travis/build/icyphy/ptII/ptolemy/actor/lib/test/auto/DiscreteClock9.xml (RunModel)" time="0.014" />
  <testcase classname="ptolemy.util.test.junit.AutoTests" name="[137] /home/travis/build/icyphy/ptII/ptolemy/actor/lib/test/auto/DisplayArray.xml (RunModel)" time="0.007" />
  <testcase classname="ptolemy.util.test.junit.AutoTests" name="[138] /home/travis/build/icyphy/ptII/ptolemy/actor/lib/test/auto/Distributor.xml (RunModel)" time="0.009" />
  <testcase classname="ptolemy.util.test.junit.AutoTests" name="[139] /home/travis/build/icyphy/ptII/ptolemy/actor/lib/test/auto/Distributor2.xml (RunModel)" time="0.008" />
  <testcase classname="ptolemy.util.test.junit.AutoTests" name="[140] /home/travis/build/icyphy/ptII/ptolemy/actor/lib/test/auto/DownSample.xml (RunModel)" time="0.009" />
  <testcase classname="ptolemy.util.test.junit.AutoTests" name="[141] /home/travis/build/icyphy/ptII/ptolemy/actor/lib/test/auto/ElectronicUnitBase1.xml (RunModel)" time="0.055" />
  <testcase classname="ptolemy.util.test.junit.AutoTests" name="[142] /home/travis/build/icyphy/ptII/ptolemy/actor/lib/test/auto/ElementsToArray.xml (RunModel)" time="0.01" />
  <testcase classname="ptolemy.util.test.junit.AutoTests" name="[143] /home/travis/build/icyphy/ptII/ptolemy/actor/lib/test/auto/Equals.xml (RunModel)" time="0.01" />
  <testcase classname="ptolemy.util.test.junit.AutoTests" name="[144] /home/travis/build/icyphy/ptII/ptolemy/actor/lib/test/auto/Exec.xml (RunModel)" time="0.017" />
  <testcase classname="ptolemy.util.test.junit.AutoTests" name="[145] /home/travis/build/icyphy/ptII/ptolemy/actor/lib/test/auto/ExecEnvironment.xml (RunModel)" time="0.034" />
  <testcase classname="ptolemy.util.test.junit.AutoTests" name="[146] /home/travis/build/icyphy/ptII/ptolemy/actor/lib/test/auto/ExecNonZeroReturnOutput.xml (RunModel)" time="0.144" />
  <testcase classname="ptolemy.util.test.junit.AutoTests" name="[147] /home/travis/build/icyphy/ptII/ptolemy/actor/lib/test/auto/ExecRunDemos.xml (RunModel)" time="9.156" />
  <testcase classname="ptolemy.util.test.junit.AutoTests" name="[148] /home/travis/build/icyphy/ptII/ptolemy/actor/lib/test/auto/ExecStop.xml (RunModel)" time="5.021" />
  <testcase classname="ptolemy.util.test.junit.AutoTests" name="[149] /home/travis/build/icyphy/ptII/ptolemy/actor/lib/test/auto/ExecutionTimeSDF.xml (RunModel)" time="6.026" />
  <testcase classname="ptolemy.util.test.junit.AutoTests" name="[150] /home/travis/build/icyphy/ptII/ptolemy/actor/lib/test/auto/Expression1.xml (RunModel)" time="0.008" />
  <testcase classname="ptolemy.util.test.junit.AutoTests" name="[151] /home/travis/build/icyphy/ptII/ptolemy/actor/lib/test/auto/Expression10.xml (RunModel)" time="0.015" />
  <testcase classname="ptolemy.util.test.junit.AutoTests" name="[152] /home/travis/build/icyphy/ptII/ptolemy/actor/lib/test/auto/Expression11.xml (RunModel)" time="0.012" />
  <testcase classname="ptolemy.util.test.junit.AutoTests" name="[153] /home/travis/build/icyphy/ptII/ptolemy/actor/lib/test/auto/Expression12.xml (RunModel)" time="0.014" />
  <testcase classname="ptolemy.util.test.junit.AutoTests" name="[154] /home/travis/build/icyphy/ptII/ptolemy/actor/lib/test/auto/Expression13.xml (RunModel)" time="0.013" />
  <testcase classname="ptolemy.util.test.junit.AutoTests" name="[155] /home/travis/build/icyphy/ptII/ptolemy/actor/lib/test/auto/Expression14.xml (RunModel)" time="0.016" />
  <testcase classname="ptolemy.util.test.junit.AutoTests" name="[156] /home/travis/build/icyphy/ptII/ptolemy/actor/lib/test/auto/Expression15.xml (RunModel)" time="0.009" />
  <testcase classname="ptolemy.util.test.junit.AutoTests" name="[157] /home/travis/build/icyphy/ptII/ptolemy/actor/lib/test/auto/Expression16.xml (RunModel)" time="0.012" />
  <testcase classname="ptolemy.util.test.junit.AutoTests" name="[158] /home/travis/build/icyphy/ptII/ptolemy/actor/lib/test/auto/Expression17.xml (RunModel)" time="0.011" />
  <testcase classname="ptolemy.util.test.junit.AutoTests" name="[159] /home/travis/build/icyphy/ptII/ptolemy/actor/lib/test/auto/Expression18.xml (RunModel)" time="0.013" />
  <testcase classname="ptolemy.util.test.junit.AutoTests" name="[160] /home/travis/build/icyphy/ptII/ptolemy/actor/lib/test/auto/Expression2.xml (RunModel)" time="0.015" />
  <testcase classname="ptolemy.util.test.junit.AutoTests" name="[161] /home/travis/build/icyphy/ptII/ptolemy/actor/lib/test/auto/Expression3.xml (RunModel)" time="0.015" />
  <testcase classname="ptolemy.util.test.junit.AutoTests" name="[162] /home/travis/build/icyphy/ptII/ptolemy/actor/lib/test/auto/Expression4.xml (RunModel)" time="0.017" />
  <testcase classname="ptolemy.util.test.junit.AutoTests" name="[163] /home/travis/build/icyphy/ptII/ptolemy/actor/lib/test/auto/Expression5.xml (RunModel)" time="0.011" />
  <testcase classname="ptolemy.util.test.junit.AutoTests" name="[164] /home/travis/build/icyphy/ptII/ptolemy/actor/lib/test/auto/Expression6.xml (RunModel)" time="0.01" />
  <testcase classname="ptolemy.util.test.junit.AutoTests" name="[165] /home/travis/build/icyphy/ptII/ptolemy/actor/lib/test/auto/Expression7.xml (RunModel)" time="0.012" />
  <testcase classname="ptolemy.util.test.junit.AutoTests" name="[166] /home/travis/build/icyphy/ptII/ptolemy/actor/lib/test/auto/Expression8.xml (RunModel)" time="0.012" />
  <testcase classname="ptolemy.util.test.junit.AutoTests" name="[167] /home/travis/build/icyphy/ptII/ptolemy/actor/lib/test/auto/Expression9.xml (RunModel)" time="0.009" />
  <testcase classname="ptolemy.util.test.junit.AutoTests" name="[168] /home/travis/build/icyphy/ptII/ptolemy/actor/lib/test/auto/ExpressionConcatenateArrayType.xml (RunModel)" time="0.031" />
  <testcase classname="ptolemy.util.test.junit.AutoTests" name="[169] /home/travis/build/icyphy/ptII/ptolemy/actor/lib/test/auto/ExpressionConcatenateArrayType2.xml (RunModel)" time="0.014" />
  <testcase classname="ptolemy.util.test.junit.AutoTests" name="[170] /home/travis/build/icyphy/ptII/ptolemy/actor/lib/test/auto/ExpressionFix.xml (RunModel)" time="0.024" />
  <testcase classname="ptolemy.util.test.junit.AutoTests" name="[171] /home/travis/build/icyphy/ptII/ptolemy/actor/lib/test/auto/ExpressionFix2.xml (RunModel)" time="0.011" />
  <testcase classname="ptolemy.util.test.junit.AutoTests" name="[172] /home/travis/build/icyphy/ptII/ptolemy/actor/lib/test/auto/ExpressionFix3.xml (RunModel)" time="0.015" />
  <testcase classname="ptolemy.util.test.junit.AutoTests" name="[173] /home/travis/build/icyphy/ptII/ptolemy/actor/lib/test/auto/FileWriter1.xml (RunModel)" time="0.009" />
  <testcase classname="ptolemy.util.test.junit.AutoTests" name="[174] /home/travis/build/icyphy/ptII/ptolemy/actor/lib/test/auto/FileWriter2.xml (RunModel)" time="0.01" />
  <testcase classname="ptolemy.util.test.junit.AutoTests" name="[175] /home/travis/build/icyphy/ptII/ptolemy/actor/lib/test/auto/FileWriter3.xml (RunModel)" time="0.015" />
  <testcase classname="ptolemy.util.test.junit.AutoTests" name="[176] /home/travis/build/icyphy/ptII/ptolemy/actor/lib/test/auto/Gaussian.xml (RunModel)" time="0.012" />
  <testcase classname="ptolemy.util.test.junit.AutoTests" name="[177] /home/travis/build/icyphy/ptII/ptolemy/actor/lib/test/auto/Gaussian1.xml (RunModel)" time="0.012" />
  <testcase classname="ptolemy.util.test.junit.AutoTests" name="[178] /home/travis/build/icyphy/ptII/ptolemy/actor/lib/test/auto/Gaussian2.xml (RunModel)" time="0.016" />
  <testcase classname="ptolemy.util.test.junit.AutoTests" name="[179] /home/travis/build/icyphy/ptII/ptolemy/actor/lib/test/auto/GradientAdaptiveLattice.xml (RunModel)" time="0.025" />
  <testcase classname="ptolemy.util.test.junit.AutoTests" name="[180] /home/travis/build/icyphy/ptII/ptolemy/actor/lib/test/auto/IIR.xml (RunModel)" time="0.011" />
  <testcase classname="ptolemy.util.test.junit.AutoTests" name="[181] /home/travis/build/icyphy/ptII/ptolemy/actor/lib/test/auto/InputOutputTransparentPorts.xml (RunModel)" time="0.018" />
  <testcase classname="ptolemy.util.test.junit.AutoTests" name="[182] /home/travis/build/icyphy/ptII/ptolemy/actor/lib/test/auto/Interpolator.xml (RunModel)" time="0.011" />
  <testcase classname="ptolemy.util.test.junit.AutoTests" name="[183] /home/travis/build/icyphy/ptII/ptolemy/actor/lib/test/auto/InterpolatorFiringLimitDE.xml (RunModel)" time="0.012" />
  <testcase classname="ptolemy.util.test.junit.AutoTests" name="[184] /home/travis/build/icyphy/ptII/ptolemy/actor/lib/test/auto/Lattice.xml (RunModel)" time="0.008" />
  <testcase classname="ptolemy.util.test.junit.AutoTests" name="[185] /home/travis/build/icyphy/ptII/ptolemy/actor/lib/test/auto/LazyAOCTestLazy.xml (RunModel)" time="0.044" />
  <testcase classname="ptolemy.util.test.junit.AutoTests" name="[186] /home/travis/build/icyphy/ptII/ptolemy/actor/lib/test/auto/LazyAOCTestNonLazy.xml (RunModel)" time="0.05" />
  <testcase classname="ptolemy.util.test.junit.AutoTests" name="[187] /home/travis/build/icyphy/ptII/ptolemy/actor/lib/test/auto/LazyInnerClass.xml (RunModel)" time="0.055" />
  <testcase classname="ptolemy.util.test.junit.AutoTests" name="[188] /home/travis/build/icyphy/ptII/ptolemy/actor/lib/test/auto/LazyPubSub.xml (RunModel)" time="0.059" />
  <testcase classname="ptolemy.util.test.junit.AutoTests" name="[189] /home/travis/build/icyphy/ptII/ptolemy/actor/lib/test/auto/LazyPubSub2.xml (RunModel)" time="0.032" />
  <testcase classname="ptolemy.util.test.junit.AutoTests" name="[190] /home/travis/build/icyphy/ptII/ptolemy/actor/lib/test/auto/LazyPubSub3.xml (RunModel)" time="0.023" />
  <testcase classname="ptolemy.util.test.junit.AutoTests" name="[191] /home/travis/build/icyphy/ptII/ptolemy/actor/lib/test/auto/LazySubClassModel.xml (RunModel)" time="0.029" />
  <testcase classname="ptolemy.util.test.junit.AutoTests" name="[192] /home/travis/build/icyphy/ptII/ptolemy/actor/lib/test/auto/LevelCrossTest1.xml (RunModel)" time="0.011" />
  <testcase classname="ptolemy.util.test.junit.AutoTests" name="[193] /home/travis/build/icyphy/ptII/ptolemy/actor/lib/test/auto/LevelCrossTest10.xml (RunModel)" time="0.018" />
  <testcase classname="ptolemy.util.test.junit.AutoTests" name="[194] /home/travis/build/icyphy/ptII/ptolemy/actor/lib/test/auto/LevelCrossTest11.xml (RunModel)" time="0.012" />
  <testcase classname="ptolemy.util.test.junit.AutoTests" name="[195] /home/travis/build/icyphy/ptII/ptolemy/actor/lib/test/auto/LevelCrossTest12.xml (RunModel)" time="0.019" />
  <testcase classname="ptolemy.util.test.junit.AutoTests" name="[196] /home/travis/build/icyphy/ptII/ptolemy/actor/lib/test/auto/LevelCrossTest13.xml (RunModel)" time="0.016" />
  <testcase classname="ptolemy.util.test.junit.AutoTests" name="[197] /home/travis/build/icyphy/ptII/ptolemy/actor/lib/test/auto/LevelCrossTest2.xml (RunModel)" time="0.009" />
  <testcase classname="ptolemy.util.test.junit.AutoTests" name="[198] /home/travis/build/icyphy/ptII/ptolemy/actor/lib/test/auto/LevelCrossTest3.xml (RunModel)" time="0.011" />
  <testcase classname="ptolemy.util.test.junit.AutoTests" name="[199] /home/travis/build/icyphy/ptII/ptolemy/actor/lib/test/auto/LevelCrossTest4.xml (RunModel)" time="0.01" />
  <testcase classname="ptolemy.util.test.junit.AutoTests" name="[200] /home/travis/build/icyphy/ptII/ptolemy/actor/lib/test/auto/LevelCrossTest5.xml (RunModel)" time="0.012" />
  <testcase classname="ptolemy.util.test.junit.AutoTests" name="[201] /home/travis/build/icyphy/ptII/ptolemy/actor/lib/test/auto/LevelCrossTest6.xml (RunModel)" time="0.018" />
  <testcase classname="ptolemy.util.test.junit.AutoTests" name="[202] /home/travis/build/icyphy/ptII/ptolemy/actor/lib/test/auto/LevelCrossTest7.xml (RunModel)" time="0.014" />
  <testcase classname="ptolemy.util.test.junit.AutoTests" name="[203] /home/travis/build/icyphy/ptII/ptolemy/actor/lib/test/auto/LevelCrossTest8.xml (RunModel)" time="0.013" />
  <testcase classname="ptolemy.util.test.junit.AutoTests" name="[204] /home/travis/build/icyphy/ptII/ptolemy/actor/lib/test/auto/LevelCrossTest9.xml (RunModel)" time="0.016" />
  <testcase classname="ptolemy.util.test.junit.AutoTests" name="[205] /home/travis/build/icyphy/ptII/ptolemy/actor/lib/test/auto/LevinsonDurbin.xml (RunModel)" time="0.016" />
  <testcase classname="ptolemy.util.test.junit.AutoTests" name="[206] /home/travis/build/icyphy/ptII/ptolemy/actor/lib/test/auto/LevinsonDurbin2.xml (RunModel)" time="0.008" />
  <testcase classname="ptolemy.util.test.junit.AutoTests" name="[207] /home/travis/build/icyphy/ptII/ptolemy/actor/lib/test/auto/LevinsonDurbin3.xml (RunModel)" time="0.01" />
  <testcase classname="ptolemy.util.test.junit.AutoTests" name="[208] /home/travis/build/icyphy/ptII/ptolemy/actor/lib/test/auto/Limiter.xml (RunModel)" time="0.032" />
  <testcase classname="ptolemy.util.test.junit.AutoTests" name="[209] /home/travis/build/icyphy/ptII/ptolemy/actor/lib/test/auto/LinearDifferenceEquationSystem.xml (RunModel)" time="0.02" />
  <testcase classname="ptolemy.util.test.junit.AutoTests" name="[210] /home/travis/build/icyphy/ptII/ptolemy/actor/lib/test/auto/LookupTable.xml (RunModel)" time="0.02" />
  <testcase classname="ptolemy.util.test.junit.AutoTests" name="[211] /home/travis/build/icyphy/ptII/ptolemy/actor/lib/test/auto/MathFunction.xml (RunModel)" time="0.031" />
  <testcase classname="ptolemy.util.test.junit.AutoTests" name="[212] /home/travis/build/icyphy/ptII/ptolemy/actor/lib/test/auto/MathFunction2.xml (RunModel)" time="0.011" />
  <testcase classname="ptolemy.util.test.junit.AutoTests" name="[213] /home/travis/build/icyphy/ptII/ptolemy/actor/lib/test/auto/MathFunction3.xml (RunModel)" time="0.025" />
  <testcase classname="ptolemy.util.test.junit.AutoTests" name="[214] /home/travis/build/icyphy/ptII/ptolemy/actor/lib/test/auto/MatrixCropBoolean.xml (RunModel)" time="0.015" />
  <testcase classname="ptolemy.util.test.junit.AutoTests" name="[215] /home/travis/build/icyphy/ptII/ptolemy/actor/lib/test/auto/MatrixCropComplex.xml (RunModel)" time="0.011" />
  <testcase classname="ptolemy.util.test.junit.AutoTests" name="[216] /home/travis/build/icyphy/ptII/ptolemy/actor/lib/test/auto/MatrixCropDouble.xml (RunModel)" time="0.009" />
  <testcase classname="ptolemy.util.test.junit.AutoTests" name="[217] /home/travis/build/icyphy/ptII/ptolemy/actor/lib/test/auto/MatrixCropFix.xml (RunModel)" time="0.013" />
  <testcase classname="ptolemy.util.test.junit.AutoTests" name="[218] /home/travis/build/icyphy/ptII/ptolemy/actor/lib/test/auto/MatrixCropInt.xml (RunModel)" time="0.008" />
  <testcase classname="ptolemy.util.test.junit.AutoTests" name="[219] /home/travis/build/icyphy/ptII/ptolemy/actor/lib/test/auto/MatrixCropLong.xml (RunModel)" time="0.009" />
  <testcase classname="ptolemy.util.test.junit.AutoTests" name="[220] /home/travis/build/icyphy/ptII/ptolemy/actor/lib/test/auto/MatrixToArray.xml (RunModel)" time="0.059" />
  <testcase classname="ptolemy.util.test.junit.AutoTests" name="[221] /home/travis/build/icyphy/ptII/ptolemy/actor/lib/test/auto/MaxIndex.xml (RunModel)" time="0.013" />
  <testcase classname="ptolemy.util.test.junit.AutoTests" name="[222] /home/travis/build/icyphy/ptII/ptolemy/actor/lib/test/auto/Maximum.xml (RunModel)" time="0.012" />
  <testcase classname="ptolemy.util.test.junit.AutoTests" name="[223] /home/travis/build/icyphy/ptII/ptolemy/actor/lib/test/auto/MaximumComplex.xml (RunModel)" time="0.015" />
  <testcase classname="ptolemy.util.test.junit.AutoTests" name="[224] /home/travis/build/icyphy/ptII/ptolemy/actor/lib/test/auto/MethodCallTest.xml (RunModel)" time="0.025" />
  <testcase classname="ptolemy.util.test.junit.AutoTests" name="[225] /home/travis/build/icyphy/ptII/ptolemy/actor/lib/test/auto/Minimum.xml (RunModel)" time="0.012" />
  <testcase classname="ptolemy.util.test.junit.AutoTests" name="[226] /home/travis/build/icyphy/ptII/ptolemy/actor/lib/test/auto/MinimumComplex.xml (RunModel)" time="0.017" />
  <testcase classname="ptolemy.util.test.junit.AutoTests" name="[227] /home/travis/build/icyphy/ptII/ptolemy/actor/lib/test/auto/MinimumMultiports.xml (RunModel)" time="0.023" />
  <testcase classname="ptolemy.util.test.junit.AutoTests" name="[228] /home/travis/build/icyphy/ptII/ptolemy/actor/lib/test/auto/ModifyDate.xml (RunModel)" time="0.052" />
  <testcase classname="ptolemy.util.test.junit.AutoTests" name="[229] /home/travis/build/icyphy/ptII/ptolemy/actor/lib/test/auto/ModifyDate2.xml (RunModel)" time="0.03" />
  <testcase classname="ptolemy.util.test.junit.AutoTests" name="[230] /home/travis/build/icyphy/ptII/ptolemy/actor/lib/test/auto/MovingAverage.xml (RunModel)" time="0.012" />
  <testcase classname="ptolemy.util.test.junit.AutoTests" name="[231] /home/travis/build/icyphy/ptII/ptolemy/actor/lib/test/auto/MovingMaximum.xml (RunModel)" time="0.013" />
  <testcase classname="ptolemy.util.test.junit.AutoTests" name="[232] /home/travis/build/icyphy/ptII/ptolemy/actor/lib/test/auto/MultipleLinksToSameRelation.xml (RunModel)" time="0.007" />
  <testcase classname="ptolemy.util.test.junit.AutoTests" name="[233] /home/travis/build/icyphy/ptII/ptolemy/actor/lib/test/auto/MultipleLinksToSameRelationDE.xml (RunModel)" time="0.01" />
  <testcase classname="ptolemy.util.test.junit.AutoTests" name="[234] /home/travis/build/icyphy/ptII/ptolemy/actor/lib/test/auto/Multiplexor.xml (RunModel)" time="0.011" />
  <testcase classname="ptolemy.util.test.junit.AutoTests" name="[235] /home/travis/build/icyphy/ptII/ptolemy/actor/lib/test/auto/Multiplexor1.xml (RunModel)" time="0.011" />
  <testcase classname="ptolemy.util.test.junit.AutoTests" name="[236] /home/travis/build/icyphy/ptII/ptolemy/actor/lib/test/auto/Multiplexor2.xml (RunModel)" time="0.015" />
  <testcase classname="ptolemy.util.test.junit.AutoTests" name="[237] /home/travis/build/icyphy/ptII/ptolemy/actor/lib/test/auto/Multiplexor3.xml (RunModel)" time="0.008" />
  <testcase classname="ptolemy.util.test.junit.AutoTests" name="[238] /home/travis/build/icyphy/ptII/ptolemy/actor/lib/test/auto/MultiplexorDE.xml (RunModel)" time="0.019" />
  <testcase classname="ptolemy.util.test.junit.AutoTests" name="[239] /home/travis/build/icyphy/ptII/ptolemy/actor/lib/test/auto/MultiportBroadcastTest.xml (RunModel)" time="0.097" />
  <testcase classname="ptolemy.util.test.junit.AutoTests" name="[240] /home/travis/build/icyphy/ptII/ptolemy/actor/lib/test/auto/MultiportOutHangDuringGetWidth.xml (RunModel)" time="0.038" />
  <testcase classname="ptolemy.util.test.junit.AutoTests" name="[241] /home/travis/build/icyphy/ptII/ptolemy/actor/lib/test/auto/NilToken.xml (RunModel)" time="0.014" />
  <testcase classname="ptolemy.util.test.junit.AutoTests" name="[242] /home/travis/build/icyphy/ptII/ptolemy/actor/lib/test/auto/NilTokenNonStrictTest.xml (RunModel)" time="0.013" />
  <testcase classname="ptolemy.util.test.junit.AutoTests" name="[243] /home/travis/build/icyphy/ptII/ptolemy/actor/lib/test/auto/NilTokenRecord.xml (RunModel)" time="0.02" />
  <testcase classname="ptolemy.util.test.junit.AutoTests" name="[244] /home/travis/build/icyphy/ptII/ptolemy/actor/lib/test/auto/NilTokenTypeTest.xml (RunModel)" time="0.031" />
  <testcase classname="ptolemy.util.test.junit.AutoTests" name="[245] /home/travis/build/icyphy/ptII/ptolemy/actor/lib/test/auto/ObjectToken1.xml (RunModel)" time="0.008" />
  <testcase classname="ptolemy.util.test.junit.AutoTests" name="[246] /home/travis/build/icyphy/ptII/ptolemy/actor/lib/test/auto/OrderedMerge.xml (RunModel)" time="0.016" />
  <testcase classname="ptolemy.util.test.junit.AutoTests" name="[247] /home/travis/build/icyphy/ptII/ptolemy/actor/lib/test/auto/OrderedRecordDisassembler.xml (RunModel)" time="0.017" />
  <testcase classname="ptolemy.util.test.junit.AutoTests" name="[248] /home/travis/build/icyphy/ptII/ptolemy/actor/lib/test/auto/OrderedRecordDisassembler2.xml (RunModel)" time="0.017" />
  <testcase classname="ptolemy.util.test.junit.AutoTests" name="[249] /home/travis/build/icyphy/ptII/ptolemy/actor/lib/test/auto/OrderedRecordUpdater.xml (RunModel)" time="0.01" />
  <testcase classname="ptolemy.util.test.junit.AutoTests" name="[250] /home/travis/build/icyphy/ptII/ptolemy/actor/lib/test/auto/OrderedRecordUpdater2.xml (RunModel)" time="0.017" />
  <testcase classname="ptolemy.util.test.junit.AutoTests" name="[251] /home/travis/build/icyphy/ptII/ptolemy/actor/lib/test/auto/PhaseUnwrap.xml (RunModel)" time="0.011" />
  <testcase classname="ptolemy.util.test.junit.AutoTests" name="[252] /home/travis/build/icyphy/ptII/ptolemy/actor/lib/test/auto/PoissonClock.xml (RunModel)" time="0.01" />
  <testcase classname="ptolemy.util.test.junit.AutoTests" name="[253] /home/travis/build/icyphy/ptII/ptolemy/actor/lib/test/auto/PoissonClock2.xml (RunModel)" time="0.007" />
  <testcase classname="ptolemy.util.test.junit.AutoTests" name="[254] /home/travis/build/icyphy/ptII/ptolemy/actor/lib/test/auto/PoissonClock3.xml (RunModel)" time="0.013" />
  <testcase classname="ptolemy.util.test.junit.AutoTests" name="[255] /home/travis/build/icyphy/ptII/ptolemy/actor/lib/test/auto/PubSubWithInitialTokens.xml (RunModel)" time="0.016" />
  <testcase classname="ptolemy.util.test.junit.AutoTests" name="[256] /home/travis/build/icyphy/ptII/ptolemy/actor/lib/test/auto/PubSubWithInitialTokens2.xml (RunModel)" time="0.013" />
  <testcase classname="ptolemy.util.test.junit.AutoTests" name="[257] /home/travis/build/icyphy/ptII/ptolemy/actor/lib/test/auto/PublisherClassNoParameter.xml (RunModel)" time="0.02" />
  <testcase classname="ptolemy.util.test.junit.AutoTests" name="[258] /home/travis/build/icyphy/ptII/ptolemy/actor/lib/test/auto/PublisherClassParameter.xml (RunModel)" time="0.02" />
  <testcase classname="ptolemy.util.test.junit.AutoTests" name="[259] /home/travis/build/icyphy/ptII/ptolemy/actor/lib/test/auto/PublisherNonStrictTest.xml (RunModel)" time="0.013" />
  <testcase classname="ptolemy.util.test.junit.AutoTests" name="[260] /home/travis/build/icyphy/ptII/ptolemy/actor/lib/test/auto/PublisherPort1.xml (RunModel)" time="0.021" />
  <testcase classname="ptolemy.util.test.junit.AutoTests" name="[261] /home/travis/build/icyphy/ptII/ptolemy/actor/lib/test/auto/PublisherPort2.xml (RunModel)" time="0.008" />
  <testcase classname="ptolemy.util.test.junit.AutoTests" name="[262] /home/travis/build/icyphy/ptII/ptolemy/actor/lib/test/auto/PublisherPort3.xml (RunModel)" time="0.01" />
  <testcase classname="ptolemy.util.test.junit.AutoTests" name="[263] /home/travis/build/icyphy/ptII/ptolemy/actor/lib/test/auto/PublisherPort4.xml (RunModel)" time="0.01" />
  <testcase classname="ptolemy.util.test.junit.AutoTests" name="[264] /home/travis/build/icyphy/ptII/ptolemy/actor/lib/test/auto/PublisherPort5.xml (RunModel)" time="0.013" />
  <testcase classname="ptolemy.util.test.junit.AutoTests" name="[265] /home/travis/build/icyphy/ptII/ptolemy/actor/lib/test/auto/PublisherPort5LookAlike.xml (RunModel)" time="0.013" />
  <testcase classname="ptolemy.util.test.junit.AutoTests" name="[266] /home/travis/build/icyphy/ptII/ptolemy/actor/lib/test/auto/PublisherPort6.xml (RunModel)" time="0.012" />
  <testcase classname="ptolemy.util.test.junit.AutoTests" name="[267] /home/travis/build/icyphy/ptII/ptolemy/actor/lib/test/auto/PublisherPort7.xml (RunModel)" time="0.014" />
  <testcase classname="ptolemy.util.test.junit.AutoTests" name="[268] /home/travis/build/icyphy/ptII/ptolemy/actor/lib/test/auto/PublisherPort8.xml (RunModel)" time="0.014" />
  <testcase classname="ptolemy.util.test.junit.AutoTests" name="[269] /home/travis/build/icyphy/ptII/ptolemy/actor/lib/test/auto/PublisherPortSubscriberChannelVariablesAOC2.xml (RunModel)" time="0.03" />
  <testcase classname="ptolemy.util.test.junit.AutoTests" name="[270] /home/travis/build/icyphy/ptII/ptolemy/actor/lib/test/auto/PublisherPortSubscriberOpaqueWidthInference.xml (RunModel)" time="0.014" />
  <testcase classname="ptolemy.util.test.junit.AutoTests" name="[271] /home/travis/build/icyphy/ptII/ptolemy/actor/lib/test/auto/PublisherPortSubscriberPortAdjacent.xml (RunModel)" time="0.016" />
  <testcase classname="ptolemy.util.test.junit.AutoTests" name="[272] /home/travis/build/icyphy/ptII/ptolemy/actor/lib/test/auto/PublisherPortSubscriberPortExpression.xml (RunModel)" time="0.015" />
  <testcase classname="ptolemy.util.test.junit.AutoTests" name="[273] /home/travis/build/icyphy/ptII/ptolemy/actor/lib/test/auto/PublisherPortSubscriberPortOpaqueD3Reverse.xml (RunModel)" time="0.019" />
  <testcase classname="ptolemy.util.test.junit.AutoTests" name="[274] /home/travis/build/icyphy/ptII/ptolemy/actor/lib/test/auto/PublisherPortSubscriberPortOpaqueWidthInference.xml (RunModel)" time="0.015" />
  <testcase classname="ptolemy.util.test.junit.AutoTests" name="[275] /home/travis/build/icyphy/ptII/ptolemy/actor/lib/test/auto/PublisherPortToplevelSubscriberPortAOC.xml (RunModel)" time="0.008" />
  <testcase classname="ptolemy.util.test.junit.AutoTests" name="[276] /home/travis/build/icyphy/ptII/ptolemy/actor/lib/test/auto/PublisherSubscriber.xml (RunModel)" time="0.012" />
  <testcase classname="ptolemy.util.test.junit.AutoTests" name="[277] /home/travis/build/icyphy/ptII/ptolemy/actor/lib/test/auto/PublisherSubscriber10.xml (RunModel)" time="0.018" />
  <testcase classname="ptolemy.util.test.junit.AutoTests" name="[278] /home/travis/build/icyphy/ptII/ptolemy/actor/lib/test/auto/PublisherSubscriber10InitialOutputs.xml (RunModel)" time="0.018" />
  <testcase classname="ptolemy.util.test.junit.AutoTests" name="[279] /home/travis/build/icyphy/ptII/ptolemy/actor/lib/test/auto/PublisherSubscriber11.xml (RunModel)" time="0.01" />
  <testcase classname="ptolemy.util.test.junit.AutoTests" name="[280] /home/travis/build/icyphy/ptII/ptolemy/actor/lib/test/auto/PublisherSubscriber12.xml (RunModel)" time="0.012" />
  <testcase classname="ptolemy.util.test.junit.AutoTests" name="[281] /home/travis/build/icyphy/ptII/ptolemy/actor/lib/test/auto/PublisherSubscriber13.xml (RunModel)" time="0.008" />
  <testcase classname="ptolemy.util.test.junit.AutoTests" name="[282] /home/travis/build/icyphy/ptII/ptolemy/actor/lib/test/auto/PublisherSubscriber14.xml (RunModel)" time="0.016" />
  <testcase classname="ptolemy.util.test.junit.AutoTests" name="[283] /home/travis/build/icyphy/ptII/ptolemy/actor/lib/test/auto/PublisherSubscriber2.xml (RunModel)" time="0.009" />
  <testcase classname="ptolemy.util.test.junit.AutoTests" name="[284] /home/travis/build/icyphy/ptII/ptolemy/actor/lib/test/auto/PublisherSubscriber3.xml (RunModel)" time="0.009" />
  <testcase classname="ptolemy.util.test.junit.AutoTests" name="[285] /home/travis/build/icyphy/ptII/ptolemy/actor/lib/test/auto/PublisherSubscriber4.xml (RunModel)" time="0.008" />
  <testcase classname="ptolemy.util.test.junit.AutoTests" name="[286] /home/travis/build/icyphy/ptII/ptolemy/actor/lib/test/auto/PublisherSubscriber5.xml (RunModel)" time="0.012" />
  <testcase classname="ptolemy.util.test.junit.AutoTests" name="[287] /home/travis/build/icyphy/ptII/ptolemy/actor/lib/test/auto/PublisherSubscriber6.xml (RunModel)" time="0.012" />
  <testcase classname="ptolemy.util.test.junit.AutoTests" name="[288] /home/travis/build/icyphy/ptII/ptolemy/actor/lib/test/auto/PublisherSubscriber7.xml (RunModel)" time="0.012" />
  <testcase classname="ptolemy.util.test.junit.AutoTests" name="[289] /home/travis/build/icyphy/ptII/ptolemy/actor/lib/test/auto/PublisherSubscriber8.xml (RunModel)" time="0.02" />
  <testcase classname="ptolemy.util.test.junit.AutoTests" name="[290] /home/travis/build/icyphy/ptII/ptolemy/actor/lib/test/auto/PublisherSubscriber9.xml (RunModel)" time="0.017" />
  <testcase classname="ptolemy.util.test.junit.AutoTests" name="[291] /home/travis/build/icyphy/ptII/ptolemy/actor/lib/test/auto/PublisherSubscriberAdjacent.xml (RunModel)" time="0.016" />
  <testcase classname="ptolemy.util.test.junit.AutoTests" name="[292] /home/travis/build/icyphy/ptII/ptolemy/actor/lib/test/auto/PublisherSubscriberChannelVariablesAOC2.xml (RunModel)" time="0.024" />
  <testcase classname="ptolemy.util.test.junit.AutoTests" name="[293] /home/travis/build/icyphy/ptII/ptolemy/actor/lib/test/auto/PublisherSubscriberD3.xml (RunModel)" time="0.012" />
  <testcase classname="ptolemy.util.test.junit.AutoTests" name="[294] /home/travis/build/icyphy/ptII/ptolemy/actor/lib/test/auto/PublisherSubscriberD3Reverse.xml (RunModel)" time="0.01" />
  <testcase classname="ptolemy.util.test.junit.AutoTests" name="[295] /home/travis/build/icyphy/ptII/ptolemy/actor/lib/test/auto/PublisherSubscriberExpression.xml (RunModel)" time="0.016" />
  <testcase classname="ptolemy.util.test.junit.AutoTests" name="[296] /home/travis/build/icyphy/ptII/ptolemy/actor/lib/test/auto/PublisherSubscriberOpaque.xml (RunModel)" time="0.014" />
  <testcase classname="ptolemy.util.test.junit.AutoTests" name="[297] /home/travis/build/icyphy/ptII/ptolemy/actor/lib/test/auto/PublisherSubscriberOpaqueD3.xml (RunModel)" time="0.019" />
  <testcase classname="ptolemy.util.test.junit.AutoTests" name="[298] /home/travis/build/icyphy/ptII/ptolemy/actor/lib/test/auto/PublisherSubscriberOpaqueD3Reverse.xml (RunModel)" time="0.018" />
  <testcase classname="ptolemy.util.test.junit.AutoTests" name="[299] /home/travis/build/icyphy/ptII/ptolemy/actor/lib/test/auto/PublisherSubscriberOpaqueWidthInference.xml (RunModel)" time="0.017" />
  <testcase classname="ptolemy.util.test.junit.AutoTests" name="[300] /home/travis/build/icyphy/ptII/ptolemy/actor/lib/test/auto/PublisherTestSubscriber.xml (RunModel)" time="0.015" />
  <testcase classname="ptolemy.util.test.junit.AutoTests" name="[301] /home/travis/build/icyphy/ptII/ptolemy/actor/lib/test/auto/PublisherToplevelSubscriberPortAOC.xml (RunModel)" time="0.011" />
  <testcase classname="ptolemy.util.test.junit.AutoTests" name="[302] /home/travis/build/icyphy/ptII/ptolemy/actor/lib/test/auto/PulseFiringLimitDE.xml (RunModel)" time="0.012" />
  <testcase classname="ptolemy.util.test.junit.AutoTests" name="[303] /home/travis/build/icyphy/ptII/ptolemy/actor/lib/test/auto/Ramp1.xml (RunModel)" time="0.008" />
  <testcase classname="ptolemy.util.test.junit.AutoTests" name="[304] /home/travis/build/icyphy/ptII/ptolemy/actor/lib/test/auto/RampFiringLimitDE.xml (RunModel)" time="0.011" />
  <testcase classname="ptolemy.util.test.junit.AutoTests" name="[305] /home/travis/build/icyphy/ptII/ptolemy/actor/lib/test/auto/RampFiringLimitSDF.xml (RunModel)" time="0.01" />
  <testcase classname="ptolemy.util.test.junit.AutoTests" name="[306] /home/travis/build/icyphy/ptII/ptolemy/actor/lib/test/auto/RandomInteger.xml (RunModel)" time="0.007" />
  <testcase classname="ptolemy.util.test.junit.AutoTests" name="[307] /home/travis/build/icyphy/ptII/ptolemy/actor/lib/test/auto/ReadFile1.xml (RunModel)" time="0.008" />
  <testcase classname="ptolemy.util.test.junit.AutoTests" name="[308] /home/travis/build/icyphy/ptII/ptolemy/actor/lib/test/auto/ReadFile2.xml (RunModel)" time="0.007" />
  <testcase classname="ptolemy.util.test.junit.AutoTests" name="[309] /home/travis/build/icyphy/ptII/ptolemy/actor/lib/test/auto/Reader.xml (RunModel)" time="0.009" />
  <testcase classname="ptolemy.util.test.junit.AutoTests" name="[310] /home/travis/build/icyphy/ptII/ptolemy/actor/lib/test/auto/RecordAssemblerDisplayNameTest.xml (RunModel)" time="2.989" />
  <testcase classname="ptolemy.util.test.junit.AutoTests" name="[311] /home/travis/build/icyphy/ptII/ptolemy/actor/lib/test/auto/RecordAssemblerTypeError.xml (RunModel)" time="0.028" />
  <testcase classname="ptolemy.util.test.junit.AutoTests" name="[312] /home/travis/build/icyphy/ptII/ptolemy/actor/lib/test/auto/RecordDisassember.xml (RunModel)" time="0.009" />
  <testcase classname="ptolemy.util.test.junit.AutoTests" name="[313] /home/travis/build/icyphy/ptII/ptolemy/actor/lib/test/auto/RecordDisassemberDisplayNameTest.xml (RunModel)" time="0.017" />
  <testcase classname="ptolemy.util.test.junit.AutoTests" name="[314] /home/travis/build/icyphy/ptII/ptolemy/actor/lib/test/auto/RecordDisassembler.xml (RunModel)" time="0.008" />
  <testcase classname="ptolemy.util.test.junit.AutoTests" name="[315] /home/travis/build/icyphy/ptII/ptolemy/actor/lib/test/auto/RecordDisassembler2.xml (RunModel)" time="0.01" />
  <testcase classname="ptolemy.util.test.junit.AutoTests" name="[316] /home/travis/build/icyphy/ptII/ptolemy/actor/lib/test/auto/RecordUpdater.xml (RunModel)" time="0.008" />
  <testcase classname="ptolemy.util.test.junit.AutoTests" name="[317] /home/travis/build/icyphy/ptII/ptolemy/actor/lib/test/auto/RecordUpdater2.xml (RunModel)" time="0.009" />
  <testcase classname="ptolemy.util.test.junit.AutoTests" name="[318] /home/travis/build/icyphy/ptII/ptolemy/actor/lib/test/auto/RecursiveLattice.xml (RunModel)" time="0.007" />
  <testcase classname="ptolemy.util.test.junit.AutoTests" name="[319] /home/travis/build/icyphy/ptII/ptolemy/actor/lib/test/auto/Router.xml (RunModel)" time="3.023" />
  <testcase classname="ptolemy.util.test.junit.AutoTests" name="[320] /home/travis/build/icyphy/ptII/ptolemy/actor/lib/test/auto/Router2.xml (RunModel)" time="3.021" />
  <testcase classname="ptolemy.util.test.junit.AutoTests" name="[321] /home/travis/build/icyphy/ptII/ptolemy/actor/lib/test/auto/RunningMaximum.xml (RunModel)" time="0.019" />
  <testcase classname="ptolemy.util.test.junit.AutoTests" name="[322] /home/travis/build/icyphy/ptII/ptolemy/actor/lib/test/auto/RunningMinimum.xml (RunModel)" time="0.009" />
  <testcase classname="ptolemy.util.test.junit.AutoTests" name="[323] /home/travis/build/icyphy/ptII/ptolemy/actor/lib/test/auto/Scale.xml (RunModel)" time="0.007" />
  <testcase classname="ptolemy.util.test.junit.AutoTests" name="[324] /home/travis/build/icyphy/ptII/ptolemy/actor/lib/test/auto/Scale2.xml (RunModel)" time="0.009" />
  <testcase classname="ptolemy.util.test.junit.AutoTests" name="[325] /home/travis/build/icyphy/ptII/ptolemy/actor/lib/test/auto/Scale3.xml (RunModel)" time="0.013" />
  <testcase classname="ptolemy.util.test.junit.AutoTests" name="[326] /home/travis/build/icyphy/ptII/ptolemy/actor/lib/test/auto/ScaleArray.xml (RunModel)" time="0.007" />
  <testcase classname="ptolemy.util.test.junit.AutoTests" name="[327] /home/travis/build/icyphy/ptII/ptolemy/actor/lib/test/auto/ScaleArray2.xml (RunModel)" time="0.007" />
  <testcase classname="ptolemy.util.test.junit.AutoTests" name="[328] /home/travis/build/icyphy/ptII/ptolemy/actor/lib/test/auto/ScaleMatrix.xml (RunModel)" time="0.113" />
  <testcase classname="ptolemy.util.test.junit.AutoTests" name="[329] /home/travis/build/icyphy/ptII/ptolemy/actor/lib/test/auto/Select.xml (RunModel)" time="0.013" />
  <testcase classname="ptolemy.util.test.junit.AutoTests" name="[330] /home/travis/build/icyphy/ptII/ptolemy/actor/lib/test/auto/Select2.xml (RunModel)" time="0.009" />
  <testcase classname="ptolemy.util.test.junit.AutoTests" name="[331] /home/travis/build/icyphy/ptII/ptolemy/actor/lib/test/auto/SequenceToArray2.xml (RunModel)" time="0.103" />
  <testcase classname="ptolemy.util.test.junit.AutoTests" name="[332] /home/travis/build/icyphy/ptII/ptolemy/actor/lib/test/auto/SequentialClock.xml (RunModel)" time="0.012" />
  <testcase classname="ptolemy.util.test.junit.AutoTests" name="[333] /home/travis/build/icyphy/ptII/ptolemy/actor/lib/test/auto/SetVariable.xml (RunModel)" time="0.015" />
  <testcase classname="ptolemy.util.test.junit.AutoTests" name="[334] /home/travis/build/icyphy/ptII/ptolemy/actor/lib/test/auto/SetVariable2.xml (RunModel)" time="0.009" />
  <testcase classname="ptolemy.util.test.junit.AutoTests" name="[335] /home/travis/build/icyphy/ptII/ptolemy/actor/lib/test/auto/SetVariable3.xml (RunModel)" time="0.015" />
  <testcase classname="ptolemy.util.test.junit.AutoTests" name="[336] /home/travis/build/icyphy/ptII/ptolemy/actor/lib/test/auto/SetVariable4.xml (RunModel)" time="0.028" />
  <testcase classname="ptolemy.util.test.junit.AutoTests" name="[337] /home/travis/build/icyphy/ptII/ptolemy/actor/lib/test/auto/SetVariable5.xml (RunModel)" time="0.041" />
  <testcase classname="ptolemy.util.test.junit.AutoTests" name="[338] /home/travis/build/icyphy/ptII/ptolemy/actor/lib/test/auto/Sinewave.xml (RunModel)" time="0.025" />
  <testcase classname="ptolemy.util.test.junit.AutoTests" name="[339] /home/travis/build/icyphy/ptII/ptolemy/actor/lib/test/auto/Sinewave2.xml (RunModel)" time="0.014" />
  <testcase classname="ptolemy.util.test.junit.AutoTests" name="[340] /home/travis/build/icyphy/ptII/ptolemy/actor/lib/test/auto/Sinewave3.xml (RunModel)" time="0.023" />
  <testcase classname="ptolemy.util.test.junit.AutoTests" name="[341] /home/travis/build/icyphy/ptII/ptolemy/actor/lib/test/auto/SingleEvent.xml (RunModel)" time="0.007" />
  <testcase classname="ptolemy.util.test.junit.AutoTests" name="[342] /home/travis/build/icyphy/ptII/ptolemy/actor/lib/test/auto/Sleep.xml (RunModel)" time="6.014" />
  <testcase classname="ptolemy.util.test.junit.AutoTests" name="[343] /home/travis/build/icyphy/ptII/ptolemy/actor/lib/test/auto/SleepMultipleFire.xml (RunModel)" time="1.015" />
  <testcase classname="ptolemy.util.test.junit.AutoTests" name="[344] /home/travis/build/icyphy/ptII/ptolemy/actor/lib/test/auto/StopDE.xml (RunModel)" time="0.009" />
  <testcase classname="ptolemy.util.test.junit.AutoTests" name="[345] /home/travis/build/icyphy/ptII/ptolemy/actor/lib/test/auto/StopSDF.xml (RunModel)" time="0.008" />
  <testcase classname="ptolemy.util.test.junit.AutoTests" name="[346] /home/travis/build/icyphy/ptII/ptolemy/actor/lib/test/auto/StringConstant.xml (RunModel)" time="0.006" />
  <testcase classname="ptolemy.util.test.junit.AutoTests" name="[347] /home/travis/build/icyphy/ptII/ptolemy/actor/lib/test/auto/SubscriberPortInitialValues1.xml (RunModel)" time="0.012" />
  <testcase classname="ptolemy.util.test.junit.AutoTests" name="[348] /home/travis/build/icyphy/ptII/ptolemy/actor/lib/test/auto/SubscriberPortInitialValues13.xml (RunModel)" time="0.016" />
  <testcase classname="ptolemy.util.test.junit.AutoTests" name="[349] /home/travis/build/icyphy/ptII/ptolemy/actor/lib/test/auto/SubscriberPortInitialValues14.xml (RunModel)" time="0.01" />
  <testcase classname="ptolemy.util.test.junit.AutoTests" name="[350] /home/travis/build/icyphy/ptII/ptolemy/actor/lib/test/auto/SubscriberPortInitialValues2.xml (RunModel)" time="0.01" />
  <testcase classname="ptolemy.util.test.junit.AutoTests" name="[351] /home/travis/build/icyphy/ptII/ptolemy/actor/lib/test/auto/SubscriberPortInitialValues3.xml (RunModel)" time="0.013" />
  <testcase classname="ptolemy.util.test.junit.AutoTests" name="[352] /home/travis/build/icyphy/ptII/ptolemy/actor/lib/test/auto/SubscriptionAggregator.xml (RunModel)" time="0.008" />
  <testcase classname="ptolemy.util.test.junit.AutoTests" name="[353] /home/travis/build/icyphy/ptII/ptolemy/actor/lib/test/auto/SubscriptionAggregator2.xml (RunModel)" time="0.008" />
  <testcase classname="ptolemy.util.test.junit.AutoTests" name="[354] /home/travis/build/icyphy/ptII/ptolemy/actor/lib/test/auto/SubscriptionAggregator3.xml (RunModel)" time="0.009" />
  <testcase classname="ptolemy.util.test.junit.AutoTests" name="[355] /home/travis/build/icyphy/ptII/ptolemy/actor/lib/test/auto/SubscriptionAggregatorMultiply.xml (RunModel)" time="0.01" />
  <testcase classname="ptolemy.util.test.junit.AutoTests" name="[356] /home/travis/build/icyphy/ptII/ptolemy/actor/lib/test/auto/SubscriptionAggregatorPortMultiply1.xml (RunModel)" time="0.009" />
  <testcase classname="ptolemy.util.test.junit.AutoTests" name="[357] /home/travis/build/icyphy/ptII/ptolemy/actor/lib/test/auto/Switch.xml (RunModel)" time="0.013" />
  <testcase classname="ptolemy.util.test.junit.AutoTests" name="[358] /home/travis/build/icyphy/ptII/ptolemy/actor/lib/test/auto/Switch2.xml (RunModel)" time="0.006" />
  <testcase classname="ptolemy.util.test.junit.AutoTests" name="[359] /home/travis/build/icyphy/ptII/ptolemy/actor/lib/test/auto/SwitchDE.xml (RunModel)" time="0.008" />
  <testcase classname="ptolemy.util.test.junit.AutoTests" name="[360] /home/travis/build/icyphy/ptII/ptolemy/actor/lib/test/auto/SynchronizerDE.xml (RunModel)" time="0.011" />
  <testcase classname="ptolemy.util.test.junit.AutoTests" name="[361] /home/travis/build/icyphy/ptII/ptolemy/actor/lib/test/auto/Test.xml (RunModel)" time="0.006" />
  <testcase classname="ptolemy.util.test.junit.AutoTests" name="[362] /home/travis/build/icyphy/ptII/ptolemy/actor/lib/test/auto/TestExceptionAttribute1.xml (RunModel)" time="0.004" />
  <testcase classname="ptolemy.util.test.junit.AutoTests" name="[363] /home/travis/build/icyphy/ptII/ptolemy/actor/lib/test/auto/TestExceptionAttribute2.xml (RunModel)" time="0.004" />
  <testcase classname="ptolemy.util.test.junit.AutoTests" name="[364] /home/travis/build/icyphy/ptII/ptolemy/actor/lib/test/auto/TestExceptionAttribute3.xml (RunModel)" time="0.004" />
  <testcase classname="ptolemy.util.test.junit.AutoTests" name="[365] /home/travis/build/icyphy/ptII/ptolemy/actor/lib/test/auto/TestExceptionAttribute4.xml (RunModel)" time="0.004" />
  <testcase classname="ptolemy.util.test.junit.AutoTests" name="[366] /home/travis/build/icyphy/ptII/ptolemy/actor/lib/test/auto/TestExceptionHandler1.xml (RunModel)" time="0.004" />
  <testcase classname="ptolemy.util.test.junit.AutoTests" name="[367] /home/travis/build/icyphy/ptII/ptolemy/actor/lib/test/auto/TestExceptionHandler2.xml (RunModel)" time="0.004" />
  <testcase classname="ptolemy.util.test.junit.AutoTests" name="[368] /home/travis/build/icyphy/ptII/ptolemy/actor/lib/test/auto/TestExceptionHandler3.xml (RunModel)" time="0.004" />
  <testcase classname="ptolemy.util.test.junit.AutoTests" name="[369] /home/travis/build/icyphy/ptII/ptolemy/actor/lib/test/auto/TestExceptionHandler4.xml (RunModel)" time="0.004" />
  <testcase classname="ptolemy.util.test.junit.AutoTests" name="[370] /home/travis/build/icyphy/ptII/ptolemy/actor/lib/test/auto/TestRequireCorrectOrder.xml (RunModel)" time="0.006" />
  <testcase classname="ptolemy.util.test.junit.AutoTests" name="[371] /home/travis/build/icyphy/ptII/ptolemy/actor/lib/test/auto/TestSimple.xml (RunModel)" time="0.004" />
  <testcase classname="ptolemy.util.test.junit.AutoTests" name="[372] /home/travis/build/icyphy/ptII/ptolemy/actor/lib/test/auto/ThrowModelError.xml (RunModel)" time="0.007" />
  <testcase classname="ptolemy.util.test.junit.AutoTests" name="[373] /home/travis/build/icyphy/ptII/ptolemy/actor/lib/test/auto/TimeDelayMicrosteps.xml (RunModel)" time="0.009" />
  <testcase classname="ptolemy.util.test.junit.AutoTests" name="[374] /home/travis/build/icyphy/ptII/ptolemy/actor/lib/test/auto/TimeDelayMicrosteps2.xml (RunModel)" time="0.009" />
  <testcase classname="ptolemy.util.test.junit.AutoTests" name="[375] /home/travis/build/icyphy/ptII/ptolemy/actor/lib/test/auto/TimeDelayMicrosteps3.xml (RunModel)" time="0.008" />
  <testcase classname="ptolemy.util.test.junit.AutoTests" name="[376] /home/travis/build/icyphy/ptII/ptolemy/actor/lib/test/auto/TimeDelayVariableMicrosteps.xml (RunModel)" time="0.007" />
  <testcase classname="ptolemy.util.test.junit.AutoTests" name="[377] /home/travis/build/icyphy/ptII/ptolemy/actor/lib/test/auto/TimeGap.xml (RunModel)" time="0.008" />
  <testcase classname="ptolemy.util.test.junit.AutoTests" name="[378] /home/travis/build/icyphy/ptII/ptolemy/actor/lib/test/auto/TimeGap2.xml (RunModel)" time="0.007" />
  <testcase classname="ptolemy.util.test.junit.AutoTests" name="[379] /home/travis/build/icyphy/ptII/ptolemy/actor/lib/test/auto/TimedSinewave.xml (RunModel)" time="0.025" />
  <testcase classname="ptolemy.util.test.junit.AutoTests" name="[380] /home/travis/build/icyphy/ptII/ptolemy/actor/lib/test/auto/TimedSinewavePhase.xml (RunModel)" time="0.027" />
  <testcase classname="ptolemy.util.test.junit.AutoTests" name="[381] /home/travis/build/icyphy/ptII/ptolemy/actor/lib/test/auto/Timer.xml (RunModel)" time="0.011" />
  <testcase classname="ptolemy.util.test.junit.AutoTests" name="[382] /home/travis/build/icyphy/ptII/ptolemy/actor/lib/test/auto/TriangularDistTestModel.xml (RunModel)" time="0.01" />
  <testcase classname="ptolemy.util.test.junit.AutoTests" name="[383] /home/travis/build/icyphy/ptII/ptolemy/actor/lib/test/auto/TrigFunction.xml (RunModel)" time="0.005" />
  <testcase classname="ptolemy.util.test.junit.AutoTests" name="[384] /home/travis/build/icyphy/ptII/ptolemy/actor/lib/test/auto/TrigFunctionDE.xml (RunModel)" time="0.008" />
  <testcase classname="ptolemy.util.test.junit.AutoTests" name="[385] /home/travis/build/icyphy/ptII/ptolemy/actor/lib/test/auto/TrigFunctionInverse.xml (RunModel)" time="0.007" />
  <testcase classname="ptolemy.util.test.junit.AutoTests" name="[386] /home/travis/build/icyphy/ptII/ptolemy/actor/lib/test/auto/TrigFunctionTan.xml (RunModel)" time="0.005" />
  <testcase classname="ptolemy.util.test.junit.AutoTests" name="[387] /home/travis/build/icyphy/ptII/ptolemy/actor/lib/test/auto/TriggeredClock.xml (RunModel)" time="0.023" />
  <testcase classname="ptolemy.util.test.junit.AutoTests" name="[388] /home/travis/build/icyphy/ptII/ptolemy/actor/lib/test/auto/URLDirectoryReader.xml (RunModel)" time="0.07" />
  <testcase classname="ptolemy.util.test.junit.AutoTests" name="[389] /home/travis/build/icyphy/ptII/ptolemy/actor/lib/test/auto/URLDirectoryReader3.xml (RunModel)" time="1.33" />
  <testcase classname="ptolemy.util.test.junit.AutoTests" name="[390] /home/travis/build/icyphy/ptII/ptolemy/actor/lib/test/auto/UnaryMathFunction.xml (RunModel)" time="0.032" />
  <testcase classname="ptolemy.util.test.junit.AutoTests" name="[391] /home/travis/build/icyphy/ptII/ptolemy/actor/lib/test/auto/Uniform.xml (RunModel)" time="0.039" />
  <testcase classname="ptolemy.util.test.junit.AutoTests" name="[392] /home/travis/build/icyphy/ptII/ptolemy/actor/lib/test/auto/UnionDisassemblerTest.xml (RunModel)" time="0.026" />
  <testcase classname="ptolemy.util.test.junit.AutoTests" name="[393] /home/travis/build/icyphy/ptII/ptolemy/actor/lib/test/auto/UtilityFunctions.xml (RunModel)" time="0.029" />
  <testcase classname="ptolemy.util.test.junit.AutoTests" name="[394] /home/travis/build/icyphy/ptII/ptolemy/actor/lib/test/auto/VariableSleep.xml (RunModel)" time="0.541" />
  <testcase classname="ptolemy.util.test.junit.AutoTests" name="[395] /home/travis/build/icyphy/ptII/ptolemy/actor/lib/test/auto/VectorAssemblerDisassemblerCT.xml (RunModel)" time="0.114" />
  <testcase classname="ptolemy.util.test.junit.AutoTests" name="[396] /home/travis/build/icyphy/ptII/ptolemy/actor/lib/test/auto/VectorAssemblerDisassemblerDE.xml (RunModel)" time="0.013" />
  <testcase classname="ptolemy.util.test.junit.AutoTests" name="[397] /home/travis/build/icyphy/ptII/ptolemy/actor/lib/test/auto/VectorAssemblerDisassemblerSDF.xml (RunModel)" time="0.011" />
  <testcase classname="ptolemy.util.test.junit.AutoTests" name="[398] /home/travis/build/icyphy/ptII/ptolemy/actor/lib/test/auto/WallClockTime.xml (RunModel)" time="1.012" />
  <testcase classname="ptolemy.util.test.junit.AutoTests" name="[399] /home/travis/build/icyphy/ptII/ptolemy/actor/lib/test/auto/WidthTestWithSubscriberPublisher.xml (RunModel)" time="0.084" />
  <testcase classname="ptolemy.util.test.junit.AutoTests" name="[400] /home/travis/build/icyphy/ptII/ptolemy/actor/lib/test/auto/WidthTestWithSubscriberPublisher2.xml (RunModel)" time="0.023" />
  <testcase classname="ptolemy.util.test.junit.AutoTests" name="[401] /home/travis/build/icyphy/ptII/ptolemy/actor/lib/test/auto/WidthTestWithSubscriberPublisher3.xml (RunModel)" time="0.036" />
  <testcase classname="ptolemy.util.test.junit.AutoTests" name="[402] /home/travis/build/icyphy/ptII/ptolemy/actor/lib/test/auto/Writer.xml (RunModel)" time="0.01" />
  <testcase classname="ptolemy.util.test.junit.AutoTests" name="[403] /home/travis/build/icyphy/ptII/ptolemy/actor/lib/test/auto/array.xml (RunModel)" time="0.012" />
  <testcase classname="ptolemy.util.test.junit.AutoTests" name="[404] /home/travis/build/icyphy/ptII/ptolemy/actor/lib/test/auto/array2.xml (RunModel)" time="0.01" />
  <testcase classname="ptolemy.util.test.junit.AutoTests" name="[405] /home/travis/build/icyphy/ptII/ptolemy/actor/lib/test/auto/arrayType.xml (RunModel)" time="0.013" />
  <testcase classname="ptolemy.util.test.junit.AutoTests" name="[406] /home/travis/build/icyphy/ptII/ptolemy/actor/lib/test/auto/arrayType10.xml (RunModel)" time="0.01" />
  <testcase classname="ptolemy.util.test.junit.AutoTests" name="[407] /home/travis/build/icyphy/ptII/ptolemy/actor/lib/test/auto/arrayType11.xml (RunModel)" time="0.009" />
  <testcase classname="ptolemy.util.test.junit.AutoTests" name="[408] /home/travis/build/icyphy/ptII/ptolemy/actor/lib/test/auto/arrayType12.xml (RunModel)" time="0.023" />
  <testcase classname="ptolemy.util.test.junit.AutoTests" name="[409] /home/travis/build/icyphy/ptII/ptolemy/actor/lib/test/auto/arrayType13.xml (RunModel)" time="0.016" />
  <testcase classname="ptolemy.util.test.junit.AutoTests" name="[410] /home/travis/build/icyphy/ptII/ptolemy/actor/lib/test/auto/arrayType14.xml (RunModel)" time="0.011" />
  <testcase classname="ptolemy.util.test.junit.AutoTests" name="[411] /home/travis/build/icyphy/ptII/ptolemy/actor/lib/test/auto/arrayType15.xml (RunModel)" time="0.009" />
  <testcase classname="ptolemy.util.test.junit.AutoTests" name="[412] /home/travis/build/icyphy/ptII/ptolemy/actor/lib/test/auto/arrayType16.xml (RunModel)" time="0.01" />
  <testcase classname="ptolemy.util.test.junit.AutoTests" name="[413] /home/travis/build/icyphy/ptII/ptolemy/actor/lib/test/auto/arrayType17.xml (RunModel)" time="0.008" />
  <testcase classname="ptolemy.util.test.junit.AutoTests" name="[414] /home/travis/build/icyphy/ptII/ptolemy/actor/lib/test/auto/arrayType18.xml (RunModel)" time="0.01" />
  <testcase classname="ptolemy.util.test.junit.AutoTests" name="[415] /home/travis/build/icyphy/ptII/ptolemy/actor/lib/test/auto/arrayType19.xml (RunModel)" time="0.008" />
  <testcase classname="ptolemy.util.test.junit.AutoTests" name="[416] /home/travis/build/icyphy/ptII/ptolemy/actor/lib/test/auto/arrayType2.xml (RunModel)" time="0.01" />
  <testcase classname="ptolemy.util.test.junit.AutoTests" name="[417] /home/travis/build/icyphy/ptII/ptolemy/actor/lib/test/auto/arrayType20.xml (RunModel)" time="0.009" />
  <testcase classname="ptolemy.util.test.junit.AutoTests" name="[418] /home/travis/build/icyphy/ptII/ptolemy/actor/lib/test/auto/arrayType21.xml (RunModel)" time="0.007" />
  <testcase classname="ptolemy.util.test.junit.AutoTests" name="[419] /home/travis/build/icyphy/ptII/ptolemy/actor/lib/test/auto/arrayType22.xml (RunModel)" time="0.009" />
  <testcase classname="ptolemy.util.test.junit.AutoTests" name="[420] /home/travis/build/icyphy/ptII/ptolemy/actor/lib/test/auto/arrayType23.xml (RunModel)" time="0.007" />
  <testcase classname="ptolemy.util.test.junit.AutoTests" name="[421] /home/travis/build/icyphy/ptII/ptolemy/actor/lib/test/auto/arrayType24.xml (RunModel)" time="0.008" />
  <testcase classname="ptolemy.util.test.junit.AutoTests" name="[422] /home/travis/build/icyphy/ptII/ptolemy/actor/lib/test/auto/arrayType25.xml (RunModel)" time="0.008" />
  <testcase classname="ptolemy.util.test.junit.AutoTests" name="[423] /home/travis/build/icyphy/ptII/ptolemy/actor/lib/test/auto/arrayType26.xml (RunModel)" time="0.009" />
  <testcase classname="ptolemy.util.test.junit.AutoTests" name="[424] /home/travis/build/icyphy/ptII/ptolemy/actor/lib/test/auto/arrayType27.xml (RunModel)" time="0.008" />
  <testcase classname="ptolemy.util.test.junit.AutoTests" name="[425] /home/travis/build/icyphy/ptII/ptolemy/actor/lib/test/auto/arrayType28.xml (RunModel)" time="0.008" />
  <testcase classname="ptolemy.util.test.junit.AutoTests" name="[426] /home/travis/build/icyphy/ptII/ptolemy/actor/lib/test/auto/arrayType3.xml (RunModel)" time="0.009" />
  <testcase classname="ptolemy.util.test.junit.AutoTests" name="[427] /home/travis/build/icyphy/ptII/ptolemy/actor/lib/test/auto/arrayType4.xml (RunModel)" time="0.008" />
  <testcase classname="ptolemy.util.test.junit.AutoTests" name="[428] /home/travis/build/icyphy/ptII/ptolemy/actor/lib/test/auto/arrayType5.xml (RunModel)" time="0.009" />
  <testcase classname="ptolemy.util.test.junit.AutoTests" name="[429] /home/travis/build/icyphy/ptII/ptolemy/actor/lib/test/auto/arrayType6.xml (RunModel)" time="0.008" />
  <testcase classname="ptolemy.util.test.junit.AutoTests" name="[430] /home/travis/build/icyphy/ptII/ptolemy/actor/lib/test/auto/arrayType7.xml (RunModel)" time="0.02" />
  <testcase classname="ptolemy.util.test.junit.AutoTests" name="[431] /home/travis/build/icyphy/ptII/ptolemy/actor/lib/test/auto/arrayType8.xml (RunModel)" time="0.008" />
  <testcase classname="ptolemy.util.test.junit.AutoTests" name="[432] /home/travis/build/icyphy/ptII/ptolemy/actor/lib/test/auto/arrayType9.xml (RunModel)" time="0.008" />
  <testcase classname="ptolemy.util.test.junit.AutoTests" name="[433] /home/travis/build/icyphy/ptII/ptolemy/actor/lib/test/auto/cast.xml (RunModel)" time="0.008" />
  <testcase classname="ptolemy.util.test.junit.AutoTests" name="[434] /home/travis/build/icyphy/ptII/ptolemy/actor/lib/test/auto/compositeMultiPort.xml (RunModel)" time="0.017" />
  <testcase classname="ptolemy.util.test.junit.AutoTests" name="[435] /home/travis/build/icyphy/ptII/ptolemy/actor/lib/test/auto/expressionCastInference.xml (RunModel)" time="0.007" />
  <testcase classname="ptolemy.util.test.junit.AutoTests" name="[436] /home/travis/build/icyphy/ptII/ptolemy/actor/lib/test/auto/expressionCastInference2.xml (RunModel)" time="0.007" />
  <testcase classname="ptolemy.util.test.junit.AutoTests" name="[437] /home/travis/build/icyphy/ptII/ptolemy/actor/lib/test/auto/expressionInference.xml (RunModel)" time="0.007" />
  <testcase classname="ptolemy.util.test.junit.AutoTests" name="[438] /home/travis/build/icyphy/ptII/ptolemy/actor/lib/test/auto/expression_bug.xml (RunModel)" time="0.006" />
  <testcase classname="ptolemy.util.test.junit.AutoTests" name="[439] /home/travis/build/icyphy/ptII/ptolemy/actor/lib/test/auto/factorial.xml (RunModel)" time="0.045" />
  <testcase classname="ptolemy.util.test.junit.AutoTests" name="[440] /home/travis/build/icyphy/ptII/ptolemy/actor/lib/test/auto/filterTest1.xml (RunModel)" time="0.019" />
  <testcase classname="ptolemy.util.test.junit.AutoTests" name="[441] /home/travis/build/icyphy/ptII/ptolemy/actor/lib/test/auto/funcApplyInConst.xml (RunModel)" time="0.005" />
  <testcase classname="ptolemy.util.test.junit.AutoTests" name="[442] /home/travis/build/icyphy/ptII/ptolemy/actor/lib/test/auto/funcApplyInExpr.xml (RunModel)" time="0.005" />
  <testcase classname="ptolemy.util.test.junit.AutoTests" name="[443] /home/travis/build/icyphy/ptII/ptolemy/actor/lib/test/auto/function.xml (RunModel)" time="0.009" />
  <testcase classname="ptolemy.util.test.junit.AutoTests" name="[444] /home/travis/build/icyphy/ptII/ptolemy/actor/lib/test/auto/function2.xml (RunModel)" time="0.008" />
  <testcase classname="ptolemy.util.test.junit.AutoTests" name="[445] /home/travis/build/icyphy/ptII/ptolemy/actor/lib/test/auto/function3.xml (RunModel)" time="0.009" />
  <testcase classname="ptolemy.util.test.junit.AutoTests" name="[446] /home/travis/build/icyphy/ptII/ptolemy/actor/lib/test/auto/functionClosureTest1.xml (RunModel)" time="0.009" />
  <testcase classname="ptolemy.util.test.junit.AutoTests" name="[447] /home/travis/build/icyphy/ptII/ptolemy/actor/lib/test/auto/functionClosureTest2.xml (RunModel)" time="0.005" />
  <testcase classname="ptolemy.util.test.junit.AutoTests" name="[448] /home/travis/build/icyphy/ptII/ptolemy/actor/lib/test/auto/functionClosureTest3.xml (RunModel)" time="0.011" />
  <testcase classname="ptolemy.util.test.junit.AutoTests" name="[449] /home/travis/build/icyphy/ptII/ptolemy/actor/lib/test/auto/functionClosureTest4.xml (RunModel)" time="0.014" />
  <testcase classname="ptolemy.util.test.junit.AutoTests" name="[450] /home/travis/build/icyphy/ptII/ptolemy/actor/lib/test/auto/functionClosureTest5.xml (RunModel)" time="0.01" />
  <testcase classname="ptolemy.util.test.junit.AutoTests" name="[451] /home/travis/build/icyphy/ptII/ptolemy/actor/lib/test/auto/functionClosureTest6.xml (RunModel)" time="0.009" />
  <testcase classname="ptolemy.util.test.junit.AutoTests" name="[452] /home/travis/build/icyphy/ptII/ptolemy/actor/lib/test/auto/functionsOnArcs.xml (RunModel)" time="0.01" />
  <testcase classname="ptolemy.util.test.junit.AutoTests" name="[453] /home/travis/build/icyphy/ptII/ptolemy/actor/lib/test/auto/functionsOnArcsHOF.xml (RunModel)" time="0.01" />
  <testcase classname="ptolemy.util.test.junit.AutoTests" name="[454] /home/travis/build/icyphy/ptII/ptolemy/actor/lib/test/auto/logic.xml (RunModel)" time="0.015" />
  <testcase classname="ptolemy.util.test.junit.AutoTests" name="[455] /home/travis/build/icyphy/ptII/ptolemy/actor/lib/test/auto/matrixType.xml (RunModel)" time="0.008" />
  <testcase classname="ptolemy.util.test.junit.AutoTests" name="[456] /home/travis/build/icyphy/ptII/ptolemy/actor/lib/test/auto/matrixType10.xml (RunModel)" time="0.008" />
  <testcase classname="ptolemy.util.test.junit.AutoTests" name="[457] /home/travis/build/icyphy/ptII/ptolemy/actor/lib/test/auto/matrixType11.xml (RunModel)" time="0.007" />
  <testcase classname="ptolemy.util.test.junit.AutoTests" name="[458] /home/travis/build/icyphy/ptII/ptolemy/actor/lib/test/auto/matrixType12.xml (RunModel)" time="0.009" />
  <testcase classname="ptolemy.util.test.junit.AutoTests" name="[459] /home/travis/build/icyphy/ptII/ptolemy/actor/lib/test/auto/matrixType13.xml (RunModel)" time="0.009" />
  <testcase classname="ptolemy.util.test.junit.AutoTests" name="[460] /home/travis/build/icyphy/ptII/ptolemy/actor/lib/test/auto/matrixType14.xml (RunModel)" time="0.008" />
  <testcase classname="ptolemy.util.test.junit.AutoTests" name="[461] /home/travis/build/icyphy/ptII/ptolemy/actor/lib/test/auto/matrixType2.xml (RunModel)" time="0.008" />
  <testcase classname="ptolemy.util.test.junit.AutoTests" name="[462] /home/travis/build/icyphy/ptII/ptolemy/actor/lib/test/auto/matrixType3.xml (RunModel)" time="0.011" />
  <testcase classname="ptolemy.util.test.junit.AutoTests" name="[463] /home/travis/build/icyphy/ptII/ptolemy/actor/lib/test/auto/matrixType4.xml (RunModel)" time="0.007" />
  <testcase classname="ptolemy.util.test.junit.AutoTests" name="[464] /home/travis/build/icyphy/ptII/ptolemy/actor/lib/test/auto/matrixType5.xml (RunModel)" time="0.007" />
  <testcase classname="ptolemy.util.test.junit.AutoTests" name="[465] /home/travis/build/icyphy/ptII/ptolemy/actor/lib/test/auto/matrixType6.xml (RunModel)" time="0.007" />
  <testcase classname="ptolemy.util.test.junit.AutoTests" name="[466] /home/travis/build/icyphy/ptII/ptolemy/actor/lib/test/auto/matrixType7.xml (RunModel)" time="0.011" />
  <testcase classname="ptolemy.util.test.junit.AutoTests" name="[467] /home/travis/build/icyphy/ptII/ptolemy/actor/lib/test/auto/matrixType8.xml (RunModel)" time="0.007" />
  <testcase classname="ptolemy.util.test.junit.AutoTests" name="[468] /home/travis/build/icyphy/ptII/ptolemy/actor/lib/test/auto/matrixType9.xml (RunModel)" time="0.008" />
  <testcase classname="ptolemy.util.test.junit.AutoTests" name="[469] /home/travis/build/icyphy/ptII/ptolemy/actor/lib/test/auto/paraFunctest.xml (RunModel)" time="0.006" />
  <testcase classname="ptolemy.util.test.junit.AutoTests" name="[470] /home/travis/build/icyphy/ptII/ptolemy/actor/lib/test/auto/paraFunctest2.xml (RunModel)" time="0.007" />
  <testcase classname="ptolemy.util.test.junit.AutoTests" name="[471] /home/travis/build/icyphy/ptII/ptolemy/actor/lib/test/auto/parameterPassing.xml (RunModel)" time="0.007" />
  <testcase classname="ptolemy.util.test.junit.AutoTests" name="[472] /home/travis/build/icyphy/ptII/ptolemy/actor/lib/test/auto/record.xml (RunModel)" time="0.009" />
  <testcase classname="ptolemy.util.test.junit.AutoTests" name="[473] /home/travis/build/icyphy/ptII/ptolemy/actor/lib/test/auto/sizedarray1.xml (RunModel)" time="0.008" />
  <testcase classname="ptolemy.util.test.junit.AutoTests" name="[474] /home/travis/build/icyphy/ptII/ptolemy/actor/lib/test/auto/sizedarray2.xml (RunModel)" time="0.009" />
  <testcase classname="ptolemy.util.test.junit.AutoTests" name="[475] /home/travis/build/icyphy/ptII/ptolemy/actor/lib/test/auto/twoPublishers.xml (RunModel)" time="0.024" />
  <system-out><![CDATA[/home/travis/build/icyphy/ptII/ptolemy/actor/lib/test/AbsoluteValue.tcl
testDefs.tcl: setting time out to 9000 seconds at Wed Jun 13 16:13:42 UTC 2018
89 ms. Memory: 116224K Free: 107764K (93%)
7 ms. Memory: 116224K Free: 106549K (92%)
12 ms. Memory: 116224K Free: 105914K (91%)
13 ms. Memory: 116224K Free: 105310K (91%)
/home/travis/build/icyphy/ptII/ptolemy/actor/lib/test/AddSubtract.tcl
13 ms. Memory: 116224K Free: 102873K (89%)
5 ms. Memory: 116224K Free: 102253K (88%)
4 ms. Memory: 116224K Free: 101642K (87%)
13 ms. Memory: 116224K Free: 100427K (86%)
9 ms. Memory: 116224K Free: 99832K (86%)
4 ms. Memory: 116224K Free: 99221K (85%)
/home/travis/build/icyphy/ptII/ptolemy/actor/lib/test/Average.tcl
6 ms. Memory: 116224K Free: 97403K (84%)
6 ms. Memory: 116224K Free: 96196K (83%)
/home/travis/build/icyphy/ptII/ptolemy/actor/lib/test/Bernoulli.tcl
4 ms. Memory: 116224K Free: 94394K (81%)
2 ms. Memory: 116224K Free: 94394K (81%)
/home/travis/build/icyphy/ptII/ptolemy/actor/lib/test/Clock.tcl
preinitializing
resolving types
initializing
executing number 1
wrapping up
idle
10 ms. Memory: 116224K Free: 91988K (79%)
Completed execution with 5 iterations
preinitializing
resolving types
initializing
executing number 1
wrapping up
idle
4 ms. Memory: 116224K Free: 90798K (78%)
Completed execution with 5 iterations
preinitializing
resolving types
initializing
executing number 1
wrapping up
idle
3 ms. Memory: 116224K Free: 90202K (78%)
Completed execution with 5 iterations
/home/travis/build/icyphy/ptII/ptolemy/actor/lib/test/Commutator.tcl
4 ms. Memory: 116224K Free: 88400K (76%)
5 ms. Memory: 116224K Free: 87202K (75%)
8 ms. Memory: 116224K Free: 82962K (71%)
/home/travis/build/icyphy/ptII/ptolemy/actor/lib/test/Const.tcl
3 ms. Memory: 116224K Free: 81176K (70%)
14 ms. Memory: 146944K Free: 140316K (95%)
2 ms. Memory: 146944K Free: 140316K (95%)
2 ms. Memory: 146944K Free: 139112K (95%)
4 ms. Memory: 146944K Free: 138712K (94%)
26 ms. Memory: 146944K Free: 136288K (93%)
9 ms. Memory: 146944K Free: 136288K (93%)
7 ms. Memory: 146944K Free: 135084K (92%)
/home/travis/build/icyphy/ptII/ptolemy/actor/lib/test/CurrentTime.tcl
preinitializing
resolving types
initializing
executing number 1
wrapping up
idle
7 ms. Memory: 146944K Free: 131447K (89%)
Completed execution with 11 iterations
/home/travis/build/icyphy/ptII/ptolemy/actor/lib/test/DB.tcl
4 ms. Memory: 146944K Free: 130243K (89%)
2 ms. Memory: 146944K Free: 129039K (88%)
2 ms. Memory: 146944K Free: 129039K (88%)
/home/travis/build/icyphy/ptII/ptolemy/actor/lib/test/DiscreteRandomSource.tcl
preinitializing
resolving types
initializing
executing number 1
wrapping up
idle
10 ms. Memory: 146944K Free: 127835K (87%)
Completed execution with 4 iterations
preinitializing
resolving types
initializing
executing number 1
wrapping up
idle
2 ms. Memory: 146944K Free: 126631K (86%)
Completed execution with 4 iterations
preinitializing
resolving types
initializing
executing number 1
wrapping up
idle
2 ms. Memory: 146944K Free: 126631K (86%)
Completed execution with 4 iterations
preinitializing
resolving types
initializing
executing number 1
wrapping up
idle
17 ms. Memory: 146944K Free: 126631K (86%)
Completed execution with 4 iterations
preinitializing
resolving types
initializing
executing number 1
wrapping up
idle
7 ms. Memory: 146944K Free: 125427K (85%)
Completed execution with 4 iterations
/home/travis/build/icyphy/ptII/ptolemy/actor/lib/test/Distributor.tcl
8 ms. Memory: 146944K Free: 124223K (85%)
5 ms. Memory: 146944K Free: 123019K (84%)
StreamChangeRequest.changeExecuted(): <deleteEntity name="rec2"/> succeeded
StreamChangeRequest.changeExecuted(): <deleteRelation name="r2"/> succeeded
StreamChangeRequest.changeExecuted(): Record firings per iteration succeeded
8 ms. Memory: 146944K Free: 120611K (82%)
/home/travis/build/icyphy/ptII/ptolemy/actor/lib/test/Exit.tcl
Exit.tcl: this will print a message about Manager.exitAfterWrapup, which can be ignored.
3 ms. Memory: 146944K Free: 117589K (80%)
/home/travis/build/icyphy/ptII/ptolemy/actor/lib/test/Expression.tcl
8 ms. Memory: 146944K Free: 113952K (78%)
3 ms. Memory: 146944K Free: 113952K (78%)
3 ms. Memory: 146944K Free: 112748K (77%)
preinitializing
resolving types
initializing
executing number 1
wrapping up
idle
5 ms. Memory: 146944K Free: 111544K (76%)
Completed execution with 6 iterations
4 ms. Memory: 146944K Free: 110340K (75%)
2 ms. Memory: 146944K Free: 110340K (75%)
4 ms. Memory: 146944K Free: 109136K (74%)
4 ms. Memory: 146944K Free: 107932K (73%)
10 ms. Memory: 146944K Free: 106728K (73%)
/home/travis/build/icyphy/ptII/ptolemy/actor/lib/test/Gaussian.tcl
5 ms. Memory: 146944K Free: 104320K (71%)
sleeping 1 seconds: ..................................................................................................................................................................................................................................................................................................................................................................................................................................................................................................................................................................................................................................................................................................................................................................................................................................................................................................................................................................................................................................................................................................................................................................................................................................................................................................................................................................................................................................................................................................................................................................................................................................................................................................................................................................................................................................................................................................................................................................................................................................................................................................................................................................................................................................................................................................................................................................................................................................................................................................................................................................................................................................................................................................................................................................................................................................................................................................................................................................................................................................................................................................................................................................................................................................................................................................................................................................................................................................................................................................................................................................................................................................................................................................................................................................................................................................................................................................................................................................................................................................................................................................................................................................................................................................................................................................................................................................................................................................................................................................................................................................................................................................................................................................................................................................................................................................................................................................................................................................................................................................................................................................................................................................................................................................................................................................................................................................................................................................................................................................................................................................................................................................................................................................................................................................................................................................................................................................................................................................................................................................................................................................................................................................................................................................................................................................................................................................................................................................................................................................................................................................................................................................................................................................................................................................................................................................................................................................................................................................................................................................................................................................................................................................................................................................................................................................................................................................................................................................................................................................................................................................................................................................................................................................................................................................................................................................................................................................................................................................................................................................................................................................................................................................................................................................................................................................................................................................................................................................................................................................................................................................................................................................................................................................................................................................................................................................................................................................................................................................................................................................................................................................................................................................................................................................................................................................................................................................................................................................................................................................................................................................................................................................................................................................................................................................................................................................................................................................................................................................................................................................................................................................................................................................................................................................................................................................................................................................................................................................................................................................................................................................................................................................................................................................................................................................................................................................................................................................................................................................................................................................................................................................................................................................................................................................................................................................................................................................................................................................................................................................................................................................................................................................................................................................................................................................................................................................................................................................................................................................................................................................................................................................................................................................................................................................................................................................................................................................................................................................................................................................................................................................................................................................................................................................................................................................................................................................................................................................................................................................................................................................................................................................................................................................................................................................................................................................................................................................................................................................................................................................................................................................................................................................................................................................................................................................................................................................................................................................................................................................................................................................................................................................................................................................................................................................................................................................................................................................................................................................................................................................................................................................................................................................................................................................................................................................................................................................................................................................................................................................................................................................................................................................................................................................................................................................................................................................................................................................................................................................................................................................................................................................................................................................................................................................................................................................................................................................................................................................................................................................................................................................................................................................................................................................................................................................................................................................................................................................................................................................................................................................................................................................................................................................................................................................................................................................................................................................................................................................................................................................................................................................................................................................................................................................................................................................................................................................................................................................................................................................................................................................................................................................................................................................................................................................................................................................................................................................................................................................................................................................................................................................................................................................................................................................................................................................................................................................................................................................................................................................................................................................................................................................................................................................................................................................................................................................................................................................................................................................................................................................................................................................................................................................................................................................................................................................................................................................................................................................................................................................................................................................................................................................................................................................................................................................................................................................................................................................................................................................................................................................................................................................................................................................................................................................................................................................................................................................................................................................................................................................................................................................................................................................................................................................................................................................................................................................................................................................................................................................................................................................................................................................................................................................................................................................................................................................................................................................................................................................................................................................................................................................................................................................................................................................................................................................................................................................................................................................................................................................................................................................................................................................................................................................................................................................................................................................................................................................................................................................................................................................................................................................................................................................................................................................................................................................................................................................................................................................................................................................................................................................................................................................................................................................................................................................................................................................................................................................................................................................................................................................................................................................................................................................................................................................................................................................................................................................................................................................................................................................................................................................................................................................................................................................................................................................................................................................................................................................................................................................................................................................................................................................................................................................................................................................................................................................................................................................................................................................................................................................................................................................................................................................................................................................................................................................................................................................................................................................................................................................................................................................................................................................................................................................................................................................................................................................................................................................................................................................................................................................................................................................................................................................................................................................................................................................................................................................................................................................................................................5 ms. Memory: 208384K Free: 179266K (86%)
2 ms. Memory: 208384K Free: 179266K (86%)
2 ms. Memory: 208384K Free: 176862K (85%)
6 ms. Memory: 208384K Free: 176342K (85%)
5 ms. Memory: 208384K Free: 176342K (85%)
/home/travis/build/icyphy/ptII/ptolemy/actor/lib/test/IIR.tcl
/home/travis/build/icyphy/ptII/ptolemy/actor/lib/test/Interpolator.tcl
3 ms. Memory: 208384K Free: 171518K (82%)
1 ms. Memory: 208384K Free: 171518K (82%)
1 ms. Memory: 208384K Free: 171518K (82%)
2 ms. Memory: 208384K Free: 171518K (82%)
2 ms. Memory: 208384K Free: 169113K (81%)
2 ms. Memory: 208384K Free: 169113K (81%)
5 ms. Memory: 208384K Free: 166709K (80%)
2 ms. Memory: 208384K Free: 166709K (80%)
5 ms. Memory: 208384K Free: 166709K (80%)
2 ms. Memory: 208384K Free: 164305K (79%)
/home/travis/build/icyphy/ptII/ptolemy/actor/lib/test/MathFunction.tcl
6 ms. Memory: 208384K Free: 161900K (78%)
2 ms. Memory: 208384K Free: 161900K (78%)
2 ms. Memory: 208384K Free: 161900K (78%)
5 ms. Memory: 208384K Free: 159496K (77%)
3 ms. Memory: 208384K Free: 159496K (77%)
6 ms. Memory: 208384K Free: 157091K (75%)
/home/travis/build/icyphy/ptII/ptolemy/actor/lib/test/Maximum.tcl
5 ms. Memory: 208384K Free: 154687K (74%)
5 ms. Memory: 208384K Free: 154687K (74%)
9 ms. Memory: 208384K Free: 152283K (73%)
2 ms. Memory: 208384K Free: 152283K (73%)
/home/travis/build/icyphy/ptII/ptolemy/actor/lib/test/Minimum.tcl
7 ms. Memory: 208384K Free: 149878K (72%)
4 ms. Memory: 208384K Free: 149878K (72%)
2 ms. Memory: 208384K Free: 149878K (72%)
4 ms. Memory: 208384K Free: 149878K (72%)
/home/travis/build/icyphy/ptII/ptolemy/actor/lib/test/MultiplyDivide.tcl
12 ms. Memory: 208384K Free: 147466K (71%)
9 ms. Memory: 208384K Free: 147466K (71%)
2 ms. Memory: 208384K Free: 145062K (70%)
7 ms. Memory: 208384K Free: 145062K (70%)
5 ms. Memory: 208384K Free: 145062K (70%)
/home/travis/build/icyphy/ptII/ptolemy/actor/lib/test/OrderedMerge.tcl
Connections changed on port: inputA
Connections changed on port: inputB
Connections changed on port: output
Connections changed on port: output
Connections changed on port: output
Connections changed on port: input
.top. Preinitializing ...
Invoking preinitialize():  .top.OrderedMerge
Called preinitialize()
Invoking preinitialize():  .top.Ramp
Called preinitialize()
Invoking preinitialize():  .top.Ramp2
Called preinitialize()
Invoking preinitialize():  .top.Test
Called preinitialize()
Connections changed on port: inputA
Connections changed on port: output
Connections changed on port: inputB
Connections changed on port: output
Connections changed on port: output
Connections changed on port: input
.top. Finished preinitialize().
Called initialize().
Invoking initialize():  .top.OrderedMerge
Initializing actor: .top.OrderedMerge
Adding a thread: .top.OrderedMerge
Invoking initialize():  .top.Ramp
Initializing actor: .top.Ramp
Adding a thread: .top.Ramp
Invoking initialize():  .top.Ramp2
Initializing actor: .top.Ramp2
Adding a thread: .top.Ramp2
Invoking initialize():  .top.Test
Initializing actor: .top.Test
Adding a thread: .top.Test
-- Starting thread.
Called initialize()
Called prefire()
Called fire()
-- Starting thread.
Called initialize()
Called prefire()
Called fire()
Called postfire()
Called prefire()
Called fire()
-- Starting thread.
Called initialize()
Called prefire()
Called fire()
Called postfire()
Called prefire()
Called fire()
-- Starting thread.
Called initialize()
Called fire().
Checking for deadlock:
Called prefire()
There are 3 Blocked actors, 0 Stopped actors, and 4 active threads.
Called fire()
Waiting for actors to stop.
Checking for deadlock:
There are 2 Blocked actors, 0 Stopped actors, and 4 active threads.
Waiting for actors to stop.
Called postfire()
Called prefire()
Called fire()
Checking for deadlock:
Read input token from inputA with value 0.0
There are 3 Blocked actors, 0 Stopped actors, and 4 active threads.
Waiting for actors to stop.
Next port to read input from is inputB
Called postfire()
Called prefire()
Called fire()
Checking for deadlock:
There are 2 Blocked actors, 0 Stopped actors, and 4 active threads.
Read input token from inputB with value 0.0
Waiting for actors to stop.
Called postfire()
Called prefire()
Called fire()
Checking for deadlock:
There are 3 Blocked actors, 0 Stopped actors, and 4 active threads.
Waiting for actors to stop.
Checking for deadlock:
There are 2 Blocked actors, 0 Stopped actors, and 4 active threads.
Waiting for actors to stop.
Sent output token with value 0.0
-- Read input: 0.0, which is expected to match: 0.0
Next port to read input from is inputA
Called postfire()
Called prefire()
Called fire()
Called postfire()
Called prefire()
Called prefire()
Called fire()
Called fire()
Checking for deadlock:
There are 3 Blocked actors, 0 Stopped actors, and 4 active threads.
Waiting for actors to stop.
Read input token from inputA with value 1.0
Sent output token with value 0.0
-- Read input: 0.0, which is expected to match: 0.0
Called prefire()
Called fire()
Checking for deadlock:
There are 3 Blocked actors, 0 Stopped actors, and 4 active threads.
Waiting for actors to stop.
Next port to read input from is inputB
Called postfire()
Called prefire()
Called fire()
Called postfire()
Called prefire()
Called fire()
Checking for deadlock:
There are 3 Blocked actors, 0 Stopped actors, and 4 active threads.
Waiting for actors to stop.
Read input token from inputB with value 1.5
Sent output token with value 1.0
-- Read input: 1.0, which is expected to match: 1.0
Called prefire()
Called fire()
Checking for deadlock:
There are 3 Blocked actors, 0 Stopped actors, and 4 active threads.
Waiting for actors to stop.
Next port to read input from is inputA
Called postfire()
Called prefire()
Called fire()
Called postfire()
Called prefire()
Called fire()
Checking for deadlock:
There are 3 Blocked actors, 0 Stopped actors, and 4 active threads.
Waiting for actors to stop.
Read input token from inputA with value 2.0
Checking for deadlock:
There are 2 Blocked actors, 0 Stopped actors, and 4 active threads.
Waiting for actors to stop.
Sent output token with value 1.5
-- Read input: 1.5, which is expected to match: 1.5
Called prefire()
Called fire()
Checking for deadlock:
There are 3 Blocked actors, 0 Stopped actors, and 4 active threads.
Waiting for actors to stop.
Next port to read input from is inputB
Called postfire()
Called prefire()
Called fire()
Checking for deadlock:
There are 2 Blocked actors, 0 Stopped actors, and 4 active threads.
Waiting for actors to stop.
Called postfire()
Called prefire()
Called fire()
Read input token from inputB with value 3.0
Checking for deadlock:
There are 3 Blocked actors, 0 Stopped actors, and 4 active threads.
Waiting for actors to stop.
Checking for deadlock:
There are 2 Blocked actors, 0 Stopped actors, and 4 active threads.
Waiting for actors to stop.
Sent output token with value 2.0
-- Read input: 2.0, which is expected to match: 2.0
Called prefire()
Called fire()
Next port to read input from is inputA
Called postfire()
Called prefire()
Called fire()
Checking for deadlock:
There are 3 Blocked actors, 0 Stopped actors, and 4 active threads.
Waiting for actors to stop.
Checking for deadlock:
There are 2 Blocked actors, 0 Stopped actors, and 4 active threads.
Waiting for actors to stop.
Called postfire()
Called prefire()
Called fire()
Checking for deadlock:
There are 3 Blocked actors, 0 Stopped actors, and 4 active threads.
Waiting for actors to stop.
Read input token from inputA with value 3.0
Checking for deadlock:
There are 2 Blocked actors, 0 Stopped actors, and 4 active threads.
Waiting for actors to stop.
Sent output token with value 3.0
-- Read input: 3.0, which is expected to match: 3.0
Called prefire()
Called fire()
Next port to read input from is inputB
Called postfire()
Called prefire()
Called fire()
Checking for deadlock:
There are 3 Blocked actors, 0 Stopped actors, and 4 active threads.
Waiting for actors to stop.
Checking for deadlock:
There are 2 Blocked actors, 0 Stopped actors, and 4 active threads.
Waiting for actors to stop.
Read input token from inputB with value 4.5
Called postfire()
Called prefire()
Called fire()
Checking for deadlock:
There are 3 Blocked actors, 0 Stopped actors, and 4 active threads.
Waiting for actors to stop.
Checking for deadlock:
There are 2 Blocked actors, 0 Stopped actors, and 4 active threads.
Waiting for actors to stop.
Sent output token with value 3.0
-- Read input: 3.0, which is expected to match: 3.0
Called prefire()
Called fire()
Next port to read input from is inputA
Called postfire()
Called prefire()
Called fire()
Checking for deadlock:
There are 3 Blocked actors, 0 Stopped actors, and 4 active threads.
Waiting for actors to stop.
Checking for deadlock:
There are 2 Blocked actors, 0 Stopped actors, and 4 active threads.
Read input token from inputA with value 4.0
Waiting for actors to stop.
Called postfire()
Called prefire()
Called fire()
Checking for deadlock:
There are 2 Blocked actors, 0 Stopped actors, and 4 active threads.
Sent output token with value 4.0
Waiting for actors to stop.
Next port to read input from is inputA
-- Read input: 4.0, which is expected to match: 4.0
Called postfire()
Called prefire()
Called prefire()
Called fire()
Called fire()
Past the end of training data. Read and discard all inputs.
Called postfire()
Called prefire()
Called fire()
Checking for deadlock:
There are 3 Blocked actors, 0 Stopped actors, and 4 active threads.
Waiting for actors to stop.
Read input token from inputA with value 5.0
Sent output token with value 4.5
Called prefire()
Called fire()
Past the end of training data. Read and discard all inputs.
Checking for deadlock:
Next port to read input from is inputB
There are 3 Blocked actors, 0 Stopped actors, and 4 active threads.
Called postfire()
Waiting for actors to stop.
Called prefire()
Called fire()
Called postfire()
Called prefire()
Called fire()
Checking for deadlock:
There are 3 Blocked actors, 0 Stopped actors, and 4 active threads.
Waiting for actors to stop.
Read input token from inputB with value 6.0
Sent output token with value 5.0
Called prefire()
Called fire()
Past the end of training data. Read and discard all inputs.
Next port to read input from is inputA
Called postfire()
Checking for deadlock:
There are 3 Blocked actors, 0 Stopped actors, and 4 active threads.
Waiting for actors to stop.
Called prefire()
Called fire()
Called postfire()
Called prefire()
Called fire()
Checking for deadlock:
There are 3 Blocked actors, 0 Stopped actors, and 4 active threads.
Waiting for actors to stop.
Read input token from inputA with value 6.0
Called prefire()
Sent output token with value 6.0
Called fire()
Past the end of training data. Read and discard all inputs.
Next port to read input from is inputB
Checking for deadlock:
There are 3 Blocked actors, 0 Stopped actors, and 4 active threads.
Waiting for actors to stop.
Called postfire()
Called prefire()
Called fire()
Called postfire()
Called prefire()
Called fire()
Checking for deadlock:
There are 3 Blocked actors, 0 Stopped actors, and 4 active threads.
Waiting for actors to stop.
Read input token from inputB with value 7.5
Checking for deadlock:
There are 2 Blocked actors, 0 Stopped actors, and 4 active threads.
Sent output token with value 6.0
Waiting for actors to stop.
Called prefire()
Called fire()
Past the end of training data. Read and discard all inputs.
Next port to read input from is inputA
Called postfire()
Called prefire()
Called fire()
Checking for deadlock:
There are 3 Blocked actors, 0 Stopped actors, and 4 active threads.
Waiting for actors to stop.
Checking for deadlock:
There are 2 Blocked actors, 0 Stopped actors, and 4 active threads.
Waiting for actors to stop.
Read input token from inputA with value 7.0
Called postfire()
Sent output token with value 7.0
Checking for deadlock:
There are 1 Blocked actors, 0 Stopped actors, and 4 active threads.
Waiting for actors to stop.
Called prefire()
Next port to read input from is inputA
Called postfire()
Called prefire()
Called fire()
Called prefire()
Called fire()
Read input token from inputA with value 8.0
-- Thread wrapup() called.
Sent output token with value 7.5
Called wrapup()
Thread .top.Ramp is exiting.
Next port to read input from is inputB
Called postfire()
Called prefire()
-- Thread stopped.
Called fire()
Read input token from inputB with value 9.0
Called postfire()
Called prefire()
Called fire()
Called fire()
Past the end of training data. Read and discard all inputs.
Called prefire()
Called fire()
Past the end of training data. Read and discard all inputs.
Checking for deadlock:
There are 2 Blocked actors, 0 Stopped actors, and 3 active threads.
Waiting for actors to stop.
Sent output token with value 8.0
Next port to read input from is inputA
Called postfire()
Called prefire()
Called fire()
Read input token from inputA with value 9.0
Checking for deadlock:
There are 2 Blocked actors, 0 Stopped actors, and 3 active threads.
Waiting for actors to stop.
Called prefire()
Called fire()
Past the end of training data. Read and discard all inputs.
Checking for deadlock:
There are 2 Blocked actors, 0 Stopped actors, and 3 active threads.
Waiting for actors to stop.
Sent output token with value 9.0
Next port to read input from is inputB
Called postfire()
Called prefire()
Called fire()
Read input token from inputB with value 10.5
Checking for deadlock:
There are 1 Blocked actors, 0 Stopped actors, and 3 active threads.
Waiting for actors to stop.
Called postfire()
Called prefire()
Called fire()
Called prefire()
Called fire()
Past the end of training data. Read and discard all inputs.
Checking for deadlock:
There are 2 Blocked actors, 0 Stopped actors, and 3 active threads.
Waiting for actors to stop.
Sent output token with value 9.0
Checking for deadlock:
There are 1 Blocked actors, 0 Stopped actors, and 3 active threads.
Waiting for actors to stop.
Called prefire()
Called fire()
Past the end of training data. Read and discard all inputs.
Checking for deadlock:
There are 2 Blocked actors, 0 Stopped actors, and 3 active threads.
Waiting for actors to stop.
Next port to read input from is inputA
Called postfire()
Called prefire()
Called fire()
Checking for deadlock:
There are 3 Blocked actors, 0 Stopped actors, and 3 active threads.
Actors have stopped.
Checking for deadlock:
There are 3 Blocked actors, 0 Stopped actors, and 3 active threads.
Deadlock detected.
Resolving Deadlock
Checking for deadlock:
There are 3 Blocked actors, 0 Stopped actors, and 3 active threads.
Artificial Deadlock - increasing queue capacity.
increasing the capacity of receiver ptolemy.actor.TypedIOPort {.top.OrderedMerge.inputB} to 2
-- Thread wrapup() called.
Called wrapup()
Director: Called postfire().
Thread .top.Ramp2 is exiting.
-- Thread stopped.
Called postfire().
_stopRequested = false
_stopFireRequested = false
Returning from postfire(): true
Called fire().
Checking for deadlock:
There are 2 Blocked actors, 0 Stopped actors, and 2 active threads.
Actors have stopped.
Checking for deadlock:
There are 2 Blocked actors, 0 Stopped actors, and 2 active threads.
Deadlock detected.
Resolving Deadlock
Checking for deadlock:
There are 2 Blocked actors, 0 Stopped actors, and 2 active threads.
Deadlock detected: no processes blocked on write, but some are blocked on read.
Called postfire().
_stopRequested = false
_stopFireRequested = false
Returning from postfire(): false
Finished deactivating branches.
Called wrapup().
-- Thread wrapup() called.
Called wrapup()
Thread .top.Test is exiting.
-- Thread stopped.
-- Blocked Receiver call threw TerminateProcessException.
-- Thread wrapup() called.
Called wrapup()
Thread .top.OrderedMerge is exiting.
-- Thread stopped.
-- Blocked Receiver call threw TerminateProcessException.
37 ms. Memory: 208384K Free: 137742K (66%)
.top. Preinitializing ...
Invoking preinitialize():  .top.OrderedMerge
Called preinitialize()
Invoking preinitialize():  .top.Ramp
Called preinitialize()
Invoking preinitialize():  .top.Ramp2
Called preinitialize()
Invoking preinitialize():  .top.Test
Called preinitialize()
.top. Finished preinitialize().
Called initialize().
Invoking initialize():  .top.OrderedMerge
Initializing actor: .top.OrderedMerge
Adding a thread: .top.OrderedMerge
Invoking initialize():  .top.Ramp
Initializing actor: .top.Ramp
Adding a thread: .top.Ramp
Invoking initialize():  .top.Ramp2
Initializing actor: .top.Ramp2
Adding a thread: .top.Ramp2
Invoking initialize():  .top.Test
Initializing actor: .top.Test
Adding a thread: .top.Test
-- Starting thread.
Called initialize()
Called prefire()
Called fire()
-- Starting thread.
Called initialize()
Called prefire()
Called fire()
Called postfire()
Called prefire()
Called fire()
-- Starting thread.
Called initialize()
Called prefire()
Called fire()
Called postfire()
Called prefire()
Called fire()
Called fire().
Checking for deadlock:
There are 3 Blocked actors, 0 Stopped actors, and 4 active threads.
Waiting for actors to stop.
-- Starting thread.
Called initialize()
Called prefire()
Called fire()
Checking for deadlock:
There are 2 Blocked actors, 0 Stopped actors, and 4 active threads.
Waiting for actors to stop.
Called postfire()
Called prefire()
Called fire()
Checking for deadlock:
There are 3 Blocked actors, 0 Stopped actors, and 4 active threads.
Waiting for actors to stop.
Read input token from inputA with value 0.0
Next port to read input from is inputB
Called postfire()
Called prefire()
Called fire()
Checking for deadlock:
There are 2 Blocked actors, 0 Stopped actors, and 4 active threads.
Waiting for actors to stop.
Called postfire()
Called prefire()
Called fire()
Checking for deadlock:
There are 3 Blocked actors, 0 Stopped actors, and 4 active threads.
Waiting for actors to stop.
Read input token from inputB with value 0.0
Checking for deadlock:
There are 2 Blocked actors, 0 Stopped actors, and 4 active threads.
Waiting for actors to stop.
-- Read input: 0.0, which is expected to match: 0.0
Called prefire()
Called fire()
Checking for deadlock:
There are 3 Blocked actors, 0 Stopped actors, and 4 active threads.
Waiting for actors to stop.
Sent output token with value 0.0
Next port to read input from is inputA
Called postfire()
Called prefire()
Called fire()
Checking for deadlock:
There are 2 Blocked actors, 0 Stopped actors, and 4 active threads.
Waiting for actors to stop.
Called postfire()
Called prefire()
Called fire()
Checking for deadlock:
There are 3 Blocked actors, 0 Stopped actors, and 4 active threads.
Waiting for actors to stop.
Read input token from inputA with value 1.0
Checking for deadlock:
There are 2 Blocked actors, 0 Stopped actors, and 4 active threads.
Waiting for actors to stop.
-- Read input: 0.0, which is expected to match: 0.0
Called prefire()
Called fire()
Checking for deadlock:
There are 3 Blocked actors, 0 Stopped actors, and 4 active threads.
Waiting for actors to stop.
Sent output token with value 0.0
Next port to read input from is inputB
Called postfire()
Called prefire()
Called fire()
Checking for deadlock:
There are 2 Blocked actors, 0 Stopped actors, and 4 active threads.
Waiting for actors to stop.
Called postfire()
Called prefire()
Called fire()
Checking for deadlock:
There are 3 Blocked actors, 0 Stopped actors, and 4 active threads.
Waiting for actors to stop.
Read input token from inputB with value 1.5
Checking for deadlock:
There are 2 Blocked actors, 0 Stopped actors, and 4 active threads.
Waiting for actors to stop.
-- Read input: 1.0, which is expected to match: 1.0
Called prefire()
Called fire()
Checking for deadlock:
There are 3 Blocked actors, 0 Stopped actors, and 4 active threads.
Waiting for actors to stop.
Sent output token with value 1.0
Next port to read input from is inputA
Called postfire()
Called prefire()
Called fire()
Checking for deadlock:
There are 2 Blocked actors, 0 Stopped actors, and 4 active threads.
Waiting for actors to stop.
Called postfire()
Called prefire()
Called fire()
Checking for deadlock:
There are 3 Blocked actors, 0 Stopped actors, and 4 active threads.
Waiting for actors to stop.
Read input token from inputA with value 2.0
Checking for deadlock:
There are 2 Blocked actors, 0 Stopped actors, and 4 active threads.
Waiting for actors to stop.
-- Read input: 1.5, which is expected to match: 1.5
Called prefire()
Called fire()
Checking for deadlock:
There are 3 Blocked actors, 0 Stopped actors, and 4 active threads.
Waiting for actors to stop.
Sent output token with value 1.5
Next port to read input from is inputB
Called postfire()
Called prefire()
Called fire()
Checking for deadlock:
There are 2 Blocked actors, 0 Stopped actors, and 4 active threads.
Waiting for actors to stop.
Called postfire()
Called prefire()
Called fire()
Checking for deadlock:
There are 3 Blocked actors, 0 Stopped actors, and 4 active threads.
Waiting for actors to stop.
Read input token from inputB with value 3.0
Checking for deadlock:
There are 2 Blocked actors, 0 Stopped actors, and 4 active threads.
Waiting for actors to stop.
-- Read input: 2.0, which is expected to match: 2.0
Called prefire()
Called fire()
Checking for deadlock:
There are 3 Blocked actors, 0 Stopped actors, and 4 active threads.
Waiting for actors to stop.
Sent output token with value 2.0
Next port to read input from is inputA
Called postfire()
Called prefire()
Called fire()
Checking for deadlock:
There are 2 Blocked actors, 0 Stopped actors, and 4 active threads.
Waiting for actors to stop.
Called postfire()
Called prefire()
Called fire()
Checking for deadlock:
There are 3 Blocked actors, 0 Stopped actors, and 4 active threads.
Waiting for actors to stop.
Read input token from inputA with value 3.0
Checking for deadlock:
There are 2 Blocked actors, 0 Stopped actors, and 4 active threads.
Waiting for actors to stop.
-- Read input: 3.0, which is expected to match: 3.0
Called prefire()
Called fire()
Checking for deadlock:
There are 3 Blocked actors, 0 Stopped actors, and 4 active threads.
Waiting for actors to stop.
Sent output token with value 3.0
Next port to read input from is inputB
Called postfire()
Called prefire()
Called fire()
Checking for deadlock:
There are 2 Blocked actors, 0 Stopped actors, and 4 active threads.
Waiting for actors to stop.
Called postfire()
Called prefire()
Called fire()
Checking for deadlock:
There are 3 Blocked actors, 0 Stopped actors, and 4 active threads.
Waiting for actors to stop.
Read input token from inputB with value 4.5
Checking for deadlock:
There are 2 Blocked actors, 0 Stopped actors, and 4 active threads.
Waiting for actors to stop.
-- Read input: 3.0, which is expected to match: 3.0
Called prefire()
Called fire()
Checking for deadlock:
There are 3 Blocked actors, 0 Stopped actors, and 4 active threads.
Waiting for actors to stop.
Sent output token with value 3.0
Next port to read input from is inputA
Called postfire()
Called prefire()
Called fire()
Checking for deadlock:
There are 2 Blocked actors, 0 Stopped actors, and 4 active threads.
Waiting for actors to stop.
Called postfire()
Called prefire()
Called fire()
Checking for deadlock:
There are 3 Blocked actors, 0 Stopped actors, and 4 active threads.
Waiting for actors to stop.
Read input token from inputA with value 4.0
Checking for deadlock:
There are 2 Blocked actors, 0 Stopped actors, and 4 active threads.
Waiting for actors to stop.
-- Read input: 4.0, which is expected to match: 4.0
Called prefire()
Called fire()
Past the end of training data. Read and discard all inputs.
Checking for deadlock:
There are 3 Blocked actors, 0 Stopped actors, and 4 active threads.
Waiting for actors to stop.
Sent output token with value 4.0
Next port to read input from is inputA
Called postfire()
Called prefire()
Called fire()
Checking for deadlock:
There are 2 Blocked actors, 0 Stopped actors, and 4 active threads.
Waiting for actors to stop.
Called postfire()
Called prefire()
Called fire()
Checking for deadlock:
There are 3 Blocked actors, 0 Stopped actors, and 4 active threads.
Waiting for actors to stop.
Read input token from inputA with value 5.0
Checking for deadlock:
There are 2 Blocked actors, 0 Stopped actors, and 4 active threads.
Waiting for actors to stop.
Called prefire()
Called fire()
Past the end of training data. Read and discard all inputs.
Checking for deadlock:
There are 3 Blocked actors, 0 Stopped actors, and 4 active threads.
Waiting for actors to stop.
Sent output token with value 4.5
Next port to read input from is inputB
Called postfire()
Called prefire()
Called fire()
Checking for deadlock:
There are 2 Blocked actors, 0 Stopped actors, and 4 active threads.
Waiting for actors to stop.
Called postfire()
Called prefire()
Called fire()
Checking for deadlock:
There are 3 Blocked actors, 0 Stopped actors, and 4 active threads.
Waiting for actors to stop.
Read input token from inputB with value 6.0
Checking for deadlock:
There are 2 Blocked actors, 0 Stopped actors, and 4 active threads.
Waiting for actors to stop.
Called prefire()
Called fire()
Past the end of training data. Read and discard all inputs.
Checking for deadlock:
There are 3 Blocked actors, 0 Stopped actors, and 4 active threads.
Waiting for actors to stop.
Sent output token with value 5.0
Next port to read input from is inputA
Called postfire()
Called prefire()
Called fire()
Checking for deadlock:
There are 2 Blocked actors, 0 Stopped actors, and 4 active threads.
Waiting for actors to stop.
Called postfire()
Called prefire()
Called fire()
Checking for deadlock:
There are 3 Blocked actors, 0 Stopped actors, and 4 active threads.
Waiting for actors to stop.
Read input token from inputA with value 6.0
Checking for deadlock:
There are 2 Blocked actors, 0 Stopped actors, and 4 active threads.
Waiting for actors to stop.
Called prefire()
Called fire()
Past the end of training data. Read and discard all inputs.
Checking for deadlock:
There are 3 Blocked actors, 0 Stopped actors, and 4 active threads.
Waiting for actors to stop.
Sent output token with value 6.0
Next port to read input from is inputB
Called postfire()
Called prefire()
Called fire()
Checking for deadlock:
There are 2 Blocked actors, 0 Stopped actors, and 4 active threads.
Waiting for actors to stop.
Called postfire()
Called prefire()
Called fire()
Checking for deadlock:
There are 3 Blocked actors, 0 Stopped actors, and 4 active threads.
Waiting for actors to stop.
Read input token from inputB with value 7.5
Checking for deadlock:
There are 2 Blocked actors, 0 Stopped actors, and 4 active threads.
Waiting for actors to stop.
Called prefire()
Called fire()
Past the end of training data. Read and discard all inputs.
Checking for deadlock:
There are 3 Blocked actors, 0 Stopped actors, and 4 active threads.
Waiting for actors to stop.
Sent output token with value 6.0
Next port to read input from is inputA
Called postfire()
Called prefire()
Called fire()
Checking for deadlock:
There are 2 Blocked actors, 0 Stopped actors, and 4 active threads.
Waiting for actors to stop.
Called postfire()
Called prefire()
Called fire()
Checking for deadlock:
There are 3 Blocked actors, 0 Stopped actors, and 4 active threads.
Waiting for actors to stop.
Read input token from inputA with value 7.0
Checking for deadlock:
There are 2 Blocked actors, 0 Stopped actors, and 4 active threads.
Waiting for actors to stop.
Called prefire()
Called fire()
Past the end of training data. Read and discard all inputs.
Checking for deadlock:
There are 3 Blocked actors, 0 Stopped actors, and 4 active threads.
Waiting for actors to stop.
Sent output token with value 7.0
Next port to read input from is inputA
Called postfire()
Called prefire()
Called fire()
Checking for deadlock:
There are 2 Blocked actors, 0 Stopped actors, and 4 active threads.
Waiting for actors to stop.
-- Thread wrapup() called.
Called wrapup()
Thread .top.Ramp is exiting.
-- Thread stopped.
Checking for deadlock:
There are 2 Blocked actors, 0 Stopped actors, and 3 active threads.
Waiting for actors to stop.
Read input token from inputA with value 8.0
Checking for deadlock:
There are 1 Blocked actors, 0 Stopped actors, and 3 active threads.
Waiting for actors to stop.
Called prefire()
Called fire()
Past the end of training data. Read and discard all inputs.
Checking for deadlock:
There are 2 Blocked actors, 0 Stopped actors, and 3 active threads.
Waiting for actors to stop.
Sent output token with value 7.5
Next port to read input from is inputB
Called postfire()
Called prefire()
Called fire()
Checking for deadlock:
There are 1 Blocked actors, 0 Stopped actors, and 3 active threads.
Waiting for actors to stop.
Called postfire()
Called prefire()
Called fire()
Checking for deadlock:
There are 2 Blocked actors, 0 Stopped actors, and 3 active threads.
Waiting for actors to stop.
Read input token from inputB with value 9.0
Checking for deadlock:
There are 1 Blocked actors, 0 Stopped actors, and 3 active threads.
Waiting for actors to stop.
Called prefire()
Called fire()
Past the end of training data. Read and discard all inputs.
Checking for deadlock:
There are 2 Blocked actors, 0 Stopped actors, and 3 active threads.
Waiting for actors to stop.
Sent output token with value 8.0
Next port to read input from is inputA
Called postfire()
Called prefire()
Called fire()
Read input token from inputA with value 9.0
Checking for deadlock:
There are 1 Blocked actors, 0 Stopped actors, and 3 active threads.
Waiting for actors to stop.
Called prefire()
Called fire()
Past the end of training data. Read and discard all inputs.
Checking for deadlock:
There are 2 Blocked actors, 0 Stopped actors, and 3 active threads.
Waiting for actors to stop.
Sent output token with value 9.0
Next port to read input from is inputB
Called postfire()
Called prefire()
Called fire()
Checking for deadlock:
There are 1 Blocked actors, 0 Stopped actors, and 3 active threads.
Waiting for actors to stop.
Called postfire()
Called prefire()
Called fire()
Checking for deadlock:
There are 2 Blocked actors, 0 Stopped actors, and 3 active threads.
Waiting for actors to stop.
Read input token from inputB with value 10.5
Checking for deadlock:
There are 1 Blocked actors, 0 Stopped actors, and 3 active threads.
Waiting for actors to stop.
Called prefire()
Called fire()
Past the end of training data. Read and discard all inputs.
Checking for deadlock:
There are 2 Blocked actors, 0 Stopped actors, and 3 active threads.
Waiting for actors to stop.
Sent output token with value 9.0
Next port to read input from is inputA
Called postfire()
Called prefire()
Called fire()
Checking for deadlock:
There are 3 Blocked actors, 0 Stopped actors, and 3 active threads.
Actors have stopped.
Checking for deadlock:
There are 3 Blocked actors, 0 Stopped actors, and 3 active threads.
Deadlock detected.
Resolving Deadlock
Checking for deadlock:
There are 3 Blocked actors, 0 Stopped actors, and 3 active threads.
Artificial Deadlock - increasing queue capacity.
increasing the capacity of receiver ptolemy.actor.TypedIOPort {.top.OrderedMerge.inputB} to 2
Director: Called postfire().
Called postfire().
_stopRequested = false
_stopFireRequested = false
Returning from postfire(): true
Called fire().
Checking for deadlock:
There are 2 Blocked actors, 0 Stopped actors, and 3 active threads.
Waiting for actors to stop.
-- Thread wrapup() called.
Called wrapup()
Thread .top.Ramp2 is exiting.
-- Thread stopped.
Checking for deadlock:
There are 2 Blocked actors, 0 Stopped actors, and 2 active threads.
Actors have stopped.
Checking for deadlock:
There are 2 Blocked actors, 0 Stopped actors, and 2 active threads.
Deadlock detected.
Resolving Deadlock
Checking for deadlock:
There are 2 Blocked actors, 0 Stopped actors, and 2 active threads.
Deadlock detected: no processes blocked on write, but some are blocked on read.
Called postfire().
_stopRequested = false
_stopFireRequested = false
Returning from postfire(): false
Finished deactivating branches.
Called wrapup().
-- Thread wrapup() called.
Called wrapup()
Thread .top.Test is exiting.
-- Thread stopped.
-- Blocked Receiver call threw TerminateProcessException.
-- Thread wrapup() called.
Called wrapup()
Thread .top.OrderedMerge is exiting.
31 ms. Memory: 208384K Free: 132827K (64%)
/home/travis/build/icyphy/ptII/ptolemy/actor/lib/test/Publisher.tcl
-- Thread stopped.
-- Blocked Receiver call threw TerminateProcessException.
16 ms. Memory: 208384K Free: 125614K (60%)
8 ms. Memory: 208384K Free: 118400K (57%)
6 ms. Memory: 208384K Free: 115996K (56%)
7 ms. Memory: 208384K Free: 113592K (55%)
6 ms. Memory: 208384K Free: 113592K (55%)
10 ms. Memory: 208384K Free: 113592K (55%)
2 ms. Memory: 208384K Free: 111187K (53%)
5 ms. Memory: 208384K Free: 111187K (53%)
1 ms. Memory: 208384K Free: 101554K (49%)
2 ms. Memory: 208384K Free: 96745K (46%)
4 ms. Memory: 208384K Free: 96745K (46%)
2 ms. Memory: 208384K Free: 94341K (45%)
6 ms. Memory: 208384K Free: 87128K (42%)
25 ms. Memory: 208384K Free: 196718K (94%)
10 ms. Memory: 208384K Free: 184819K (89%)
/home/travis/build/icyphy/ptII/ptolemy/actor/lib/test/Pulse.tcl
2 ms. Memory: 208384K Free: 144009K (69%)
1 ms. Memory: 208384K Free: 141629K (68%)
2 ms. Memory: 208384K Free: 141629K (68%)
1 ms. Memory: 208384K Free: 141629K (68%)
1 ms. Memory: 208384K Free: 141629K (68%)
1 ms. Memory: 208384K Free: 139249K (67%)
2 ms. Memory: 208384K Free: 139249K (67%)
2 ms. Memory: 208384K Free: 139249K (67%)
1 ms. Memory: 208384K Free: 136869K (66%)
/home/travis/build/icyphy/ptII/ptolemy/actor/lib/test/Ramp.tcl
2 ms. Memory: 208384K Free: 134490K (65%)
2 ms. Memory: 208384K Free: 134490K (65%)
2 ms. Memory: 208384K Free: 134490K (65%)
2 ms. Memory: 208384K Free: 132110K (63%)
3 ms. Memory: 208384K Free: 132110K (63%)
3 ms. Memory: 208384K Free: 132110K (63%)
3 ms. Memory: 208384K Free: 129730K (62%)
5 actors
5000 microseconds per iteration to create
5 ms. Memory: 208384K Free: 127350K (61%)
2 ms. Memory: 208384K Free: 127350K (61%)
1 ms. Memory: 208384K Free: 127350K (61%)
1 ms. Memory: 208384K Free: 124970K (60%)
50 actors
24000 microseconds per iteration to create
23 ms. Memory: 208384K Free: 110692K (53%)
5 ms. Memory: 208384K Free: 108312K (52%)
5 ms. Memory: 208384K Free: 108312K (52%)
5 ms. Memory: 208384K Free: 108312K (52%)
500 actors
1318000 microseconds per iteration to create
218 ms. Memory: 332288K Free: 177974K (54%)
47 ms. Memory: 332288K Free: 173187K (52%)
48 ms. Memory: 332288K Free: 168400K (51%)
53 ms. Memory: 332288K Free: 163612K (49%)
/home/travis/build/icyphy/ptII/ptolemy/actor/lib/test/RampContinuous.tcl
7 ms. Memory: 332288K Free: 158809K (48%)
/home/travis/build/icyphy/ptII/ptolemy/actor/lib/test/RecordAssembler.tcl
5 ms. Memory: 332288K Free: 158809K (48%)
4 ms. Memory: 332288K Free: 158809K (48%)
/home/travis/build/icyphy/ptII/ptolemy/actor/lib/test/RecordDisassembler.tcl
5 ms. Memory: 332288K Free: 154021K (46%)
6 ms. Memory: 332288K Free: 154021K (46%)
3 ms. Memory: 332288K Free: 154021K (46%)
/home/travis/build/icyphy/ptII/ptolemy/actor/lib/test/Scale.tcl
3 ms. Memory: 332288K Free: 154021K (46%)
1 ms. Memory: 332288K Free: 149234K (45%)
2 ms. Memory: 332288K Free: 149234K (45%)
3 ms. Memory: 332288K Free: 149234K (45%)
3 ms. Memory: 332288K Free: 149234K (45%)
/home/travis/build/icyphy/ptII/ptolemy/actor/lib/test/SequentialClock.tcl
preinitializing
resolving types
initializing
executing number 1
wrapping up
idle
3 ms. Memory: 332288K Free: 149234K (45%)
Completed execution with 5 iterations
preinitializing
resolving types
initializing
executing number 1
wrapping up
idle
2 ms. Memory: 332288K Free: 149234K (45%)
Completed execution with 5 iterations
preinitializing
resolving types
initializing
executing number 1
wrapping up
idle
1 ms. Memory: 332288K Free: 144447K (43%)
Completed execution with 5 iterations
/home/travis/build/icyphy/ptII/ptolemy/actor/lib/test/SetVariable.tcl
5 ms. Memory: 332288K Free: 144447K (43%)
/home/travis/build/icyphy/ptII/ptolemy/actor/lib/test/Sinewave.tcl
/home/travis/build/icyphy/ptII/ptolemy/actor/lib/test/SubscriptionAggregator.tcl
8 ms. Memory: 332288K Free: 130069K (39%)
8 ms. Memory: 332288K Free: 130069K (39%)
0 ms. Memory: 332288K Free: 130069K (39%)
0 ms. Memory: 332288K Free: 130069K (39%)
8 ms. Memory: 332288K Free: 125282K (38%)
6 ms. Memory: 332288K Free: 125282K (38%)
...............................................................973 ms. Memory: 579072K Free: 248303K (43%)
/home/travis/build/icyphy/ptII/ptolemy/actor/lib/test/Test.tcl
 The next command will produce a warning about training mode,
   which may be ignored.
4 ms. Memory: 579072K Free: 248303K (43%)
1 ms. Memory: 579072K Free: 248303K (43%)
2 ms. Memory: 579072K Free: 248303K (43%)
1 ms. Memory: 579072K Free: 248303K (43%)
3 ms. Memory: 579072K Free: 248303K (43%)
3 ms. Memory: 579072K Free: 248303K (43%)
4 ms. Memory: 579072K Free: 248303K (43%)
 The next command will produce a warning about training mode,
   which may be ignored.
3 ms. Memory: 579072K Free: 238651K (41%)
 The next command will produce a warning about training mode,
   which may be ignored.
2 ms. Memory: 579072K Free: 238651K (41%)
1 ms. Memory: 579072K Free: 238651K (41%)
1 ms. Memory: 579072K Free: 238651K (41%)
3 ms. Memory: 579072K Free: 238651K (41%)
3 ms. Memory: 579072K Free: 238651K (41%)
4 ms. Memory: 579072K Free: 238651K (41%)
/home/travis/build/icyphy/ptII/ptolemy/actor/lib/test/TestExceptionHandler.tcl
 The next command will produce a warning about training mode,
   which may be ignored.
1 ms. Memory: 579072K Free: 229008K (40%)
1 ms. Memory: 579072K Free: 229008K (40%)
1 ms. Memory: 579072K Free: 229008K (40%)
/home/travis/build/icyphy/ptII/ptolemy/actor/lib/test/UnionDisassembler.tcl
20 ms. Memory: 579072K Free: 229008K (40%)
/home/travis/build/icyphy/ptII/ptolemy/actor/lib/test/VariableClock.tcl
preinitializing
resolving types
initializing
executing number 1
wrapping up
idle
8 ms. Memory: 579072K Free: 219372K (38%)
Completed execution with 11 iterations
preinitializing
resolving types
initializing
executing number 1
wrapping up
idle
2 ms. Memory: 579072K Free: 219372K (38%)
Completed execution with 10 iterations
06/13/18 04:13:49
Failed: 0  Total Tests: 234  ((Passed: 234, Newly Passed: 0)  Known Failed: 0) /home/travis/build/icyphy/ptII/ptolemy/actor/lib/test
----------------- testing (KnownFailure) /home/travis/build/icyphy/ptII/ptolemy/actor/lib/test/auto/knownFailedTests/PublisherPortToplevelSubscriber.xml
1 ms. Memory: 579072K Free: 209634K (36%)
Known Failure: java.lang.reflect.InvocationTargetException
----------------- testing (KnownFailure) /home/travis/build/icyphy/ptII/ptolemy/actor/lib/test/auto/knownFailedTests/PublisherSubscriberPortToplevel.xml
8 ms. Memory: 579072K Free: 190157K (33%)
Known Failure: java.lang.reflect.InvocationTargetException
----------------- testing (KnownFailure) /home/travis/build/icyphy/ptII/ptolemy/actor/lib/test/auto/knownFailedTests/PublisherSubscriptionAggregatorPort.xml
2 ms. Memory: 579072K Free: 170680K (29%)
Known Failure: java.lang.reflect.InvocationTargetException
----------------- testing (KnownFailure) /home/travis/build/icyphy/ptII/ptolemy/actor/lib/test/auto/knownFailedTests/sizedarray3.xml
3 ms. Memory: 579072K Free: 151204K (26%)
Known Failure: java.lang.reflect.InvocationTargetException
No auto/linux-amd64/*.xml tests in /home/travis/build/icyphy/ptII/ptolemy/actor/lib/test
AutoTests.java: About to close Vertx.
AutoTests.java: Vertx closed.

===========================================================================================
----------------- testing Wed Jun 13 16:13:49 UTC 2018 /home/travis/build/icyphy/ptII/ptolemy/actor/lib/test/auto/AbsoluteValue.xml
----------------- Instantiating /home/travis/build/icyphy/ptII/ptolemy/actor/lib/test/auto/AbsoluteValue.xml
74 ms. Memory: 581632K Free: 539761K (93%)
----------------- Invoking toplevel() on ptolemy.moml.MoMLSimpleApplication@7197f412
----------------- Done invoking toplevel() on ptolemy.moml.MoMLSimpleApplication@7197f412
reloadAllAccessors: .AbsoluteValue

===========================================================================================
----------------- testing Wed Jun 13 16:13:50 UTC 2018 /home/travis/build/icyphy/ptII/ptolemy/actor/lib/test/auto/AbsoluteValue2.xml
----------------- Instantiating /home/travis/build/icyphy/ptII/ptolemy/actor/lib/test/auto/AbsoluteValue2.xml
3 ms. Memory: 581632K Free: 518828K (89%)
----------------- Invoking toplevel() on ptolemy.moml.MoMLSimpleApplication@25386969
----------------- Done invoking toplevel() on ptolemy.moml.MoMLSimpleApplication@25386969
reloadAllAccessors: .AbsoluteValue2

===========================================================================================
----------------- testing Wed Jun 13 16:13:50 UTC 2018 /home/travis/build/icyphy/ptII/ptolemy/actor/lib/test/auto/Accumulator.xml
----------------- Instantiating /home/travis/build/icyphy/ptII/ptolemy/actor/lib/test/auto/Accumulator.xml
6 ms. Memory: 581632K Free: 509074K (88%)
----------------- Invoking toplevel() on ptolemy.moml.MoMLSimpleApplication@74c768bb
----------------- Done invoking toplevel() on ptolemy.moml.MoMLSimpleApplication@74c768bb
reloadAllAccessors: .Accumulator

===========================================================================================
----------------- testing Wed Jun 13 16:13:50 UTC 2018 /home/travis/build/icyphy/ptII/ptolemy/actor/lib/test/auto/Accumulator2.xml
----------------- Instantiating /home/travis/build/icyphy/ptII/ptolemy/actor/lib/test/auto/Accumulator2.xml
3 ms. Memory: 581632K Free: 502582K (86%)
----------------- Invoking toplevel() on ptolemy.moml.MoMLSimpleApplication@7322cde3
----------------- Done invoking toplevel() on ptolemy.moml.MoMLSimpleApplication@7322cde3
reloadAllAccessors: .Accumulator2

===========================================================================================
----------------- testing Wed Jun 13 16:13:50 UTC 2018 /home/travis/build/icyphy/ptII/ptolemy/actor/lib/test/auto/Accumulator3.xml
----------------- Instantiating /home/travis/build/icyphy/ptII/ptolemy/actor/lib/test/auto/Accumulator3.xml
2 ms. Memory: 581632K Free: 496090K (85%)
----------------- Invoking toplevel() on ptolemy.moml.MoMLSimpleApplication@35d02f73
----------------- Done invoking toplevel() on ptolemy.moml.MoMLSimpleApplication@35d02f73
reloadAllAccessors: .Accumulator3

===========================================================================================
----------------- testing Wed Jun 13 16:13:50 UTC 2018 /home/travis/build/icyphy/ptII/ptolemy/actor/lib/test/auto/ArrayAppend.xml
----------------- Instantiating /home/travis/build/icyphy/ptII/ptolemy/actor/lib/test/auto/ArrayAppend.xml
4 ms. Memory: 581632K Free: 477576K (82%)
----------------- Invoking toplevel() on ptolemy.moml.MoMLSimpleApplication@7668593c
----------------- Done invoking toplevel() on ptolemy.moml.MoMLSimpleApplication@7668593c
reloadAllAccessors: .ArrayAppend

===========================================================================================
----------------- testing Wed Jun 13 16:13:50 UTC 2018 /home/travis/build/icyphy/ptII/ptolemy/actor/lib/test/auto/ArrayAppend2.xml
----------------- Instantiating /home/travis/build/icyphy/ptII/ptolemy/actor/lib/test/auto/ArrayAppend2.xml
448 ms. Memory: 581632K Free: 389676K (67%)
----------------- Invoking toplevel() on ptolemy.moml.MoMLSimpleApplication@739202e
----------------- Done invoking toplevel() on ptolemy.moml.MoMLSimpleApplication@739202e
reloadAllAccessors: .ArrayAppend2

===========================================================================================
----------------- testing Wed Jun 13 16:13:50 UTC 2018 /home/travis/build/icyphy/ptII/ptolemy/actor/lib/test/auto/ArrayAppend3.xml
----------------- Instantiating /home/travis/build/icyphy/ptII/ptolemy/actor/lib/test/auto/ArrayAppend3.xml
6 ms. Memory: 581632K Free: 383183K (66%)
----------------- Invoking toplevel() on ptolemy.moml.MoMLSimpleApplication@2eb9f424
----------------- Done invoking toplevel() on ptolemy.moml.MoMLSimpleApplication@2eb9f424
reloadAllAccessors: .ArrayAppend3

===========================================================================================
----------------- testing Wed Jun 13 16:13:50 UTC 2018 /home/travis/build/icyphy/ptII/ptolemy/actor/lib/test/auto/ArrayAppend4.xml
----------------- Instantiating /home/travis/build/icyphy/ptII/ptolemy/actor/lib/test/auto/ArrayAppend4.xml
3 ms. Memory: 581632K Free: 376691K (65%)
----------------- Invoking toplevel() on ptolemy.moml.MoMLSimpleApplication@634e2bf
----------------- Done invoking toplevel() on ptolemy.moml.MoMLSimpleApplication@634e2bf
reloadAllAccessors: .ArrayAppend4

===========================================================================================
----------------- testing Wed Jun 13 16:13:50 UTC 2018 /home/travis/build/icyphy/ptII/ptolemy/actor/lib/test/auto/ArrayAppend5.xml
----------------- Instantiating /home/travis/build/icyphy/ptII/ptolemy/actor/lib/test/auto/ArrayAppend5.xml
3 ms. Memory: 581632K Free: 361439K (62%)
----------------- Invoking toplevel() on ptolemy.moml.MoMLSimpleApplication@767c2f76
----------------- Done invoking toplevel() on ptolemy.moml.MoMLSimpleApplication@767c2f76
reloadAllAccessors: .ArrayAppend5

===========================================================================================
----------------- testing Wed Jun 13 16:13:50 UTC 2018 /home/travis/build/icyphy/ptII/ptolemy/actor/lib/test/auto/ArrayAppend6.xml
----------------- Instantiating /home/travis/build/icyphy/ptII/ptolemy/actor/lib/test/auto/ArrayAppend6.xml
5 ms. Memory: 581632K Free: 354947K (61%)
----------------- Invoking toplevel() on ptolemy.moml.MoMLSimpleApplication@698e5c32
----------------- Done invoking toplevel() on ptolemy.moml.MoMLSimpleApplication@698e5c32
reloadAllAccessors: .ArrayAppend6

===========================================================================================
----------------- testing Wed Jun 13 16:13:50 UTC 2018 /home/travis/build/icyphy/ptII/ptolemy/actor/lib/test/auto/ArrayAppendPerformanceTest.xml
----------------- Instantiating /home/travis/build/icyphy/ptII/ptolemy/actor/lib/test/auto/ArrayAppendPerformanceTest.xml
22 ms. Memory: 581632K Free: 341939K (59%)
----------------- Invoking toplevel() on ptolemy.moml.MoMLSimpleApplication@2c37fc6a
----------------- Done invoking toplevel() on ptolemy.moml.MoMLSimpleApplication@2c37fc6a
reloadAllAccessors: .ArrayAppendPerformanceTest

===========================================================================================
----------------- testing Wed Jun 13 16:13:50 UTC 2018 /home/travis/build/icyphy/ptII/ptolemy/actor/lib/test/auto/ArrayAppendWithEmptyInput.xml
----------------- Instantiating /home/travis/build/icyphy/ptII/ptolemy/actor/lib/test/auto/ArrayAppendWithEmptyInput.xml
17 ms. Memory: 581632K Free: 332184K (57%)
----------------- Invoking toplevel() on ptolemy.moml.MoMLSimpleApplication@7809df8a
----------------- Done invoking toplevel() on ptolemy.moml.MoMLSimpleApplication@7809df8a
reloadAllAccessors: .ArrayAppendWithEmptyInput

===========================================================================================
----------------- testing Wed Jun 13 16:13:50 UTC 2018 /home/travis/build/icyphy/ptII/ptolemy/actor/lib/test/auto/ArrayAverage.xml
----------------- Instantiating /home/travis/build/icyphy/ptII/ptolemy/actor/lib/test/auto/ArrayAverage.xml
6 ms. Memory: 581632K Free: 313670K (54%)
----------------- Invoking toplevel() on ptolemy.moml.MoMLSimpleApplication@448c3f32
----------------- Done invoking toplevel() on ptolemy.moml.MoMLSimpleApplication@448c3f32
reloadAllAccessors: .ArrayAverage

===========================================================================================
----------------- testing Wed Jun 13 16:13:50 UTC 2018 /home/travis/build/icyphy/ptII/ptolemy/actor/lib/test/auto/ArrayContains.xml
----------------- Instantiating /home/travis/build/icyphy/ptII/ptolemy/actor/lib/test/auto/ArrayContains.xml
3 ms. Memory: 581632K Free: 303916K (52%)
----------------- Invoking toplevel() on ptolemy.moml.MoMLSimpleApplication@4787e2cc
----------------- Done invoking toplevel() on ptolemy.moml.MoMLSimpleApplication@4787e2cc
reloadAllAccessors: .ArrayContains

===========================================================================================
----------------- testing Wed Jun 13 16:13:51 UTC 2018 /home/travis/build/icyphy/ptII/ptolemy/actor/lib/test/auto/ArrayElement.xml
----------------- Instantiating /home/travis/build/icyphy/ptII/ptolemy/actor/lib/test/auto/ArrayElement.xml
4 ms. Memory: 581632K Free: 297424K (51%)
----------------- Invoking toplevel() on ptolemy.moml.MoMLSimpleApplication@1c37c412
----------------- Done invoking toplevel() on ptolemy.moml.MoMLSimpleApplication@1c37c412
reloadAllAccessors: .ArrayElement

===========================================================================================
----------------- testing Wed Jun 13 16:13:51 UTC 2018 /home/travis/build/icyphy/ptII/ptolemy/actor/lib/test/auto/ArrayElementAsMatrix.xml
----------------- Instantiating /home/travis/build/icyphy/ptII/ptolemy/actor/lib/test/auto/ArrayElementAsMatrix.xml
10 ms. Memory: 581632K Free: 284416K (49%)
----------------- Invoking toplevel() on ptolemy.moml.MoMLSimpleApplication@3bd4d5bb
----------------- Done invoking toplevel() on ptolemy.moml.MoMLSimpleApplication@3bd4d5bb
reloadAllAccessors: .ArrayElementAsMatrix

===========================================================================================
----------------- testing Wed Jun 13 16:13:51 UTC 2018 /home/travis/build/icyphy/ptII/ptolemy/actor/lib/test/auto/ArrayElementI.xml
----------------- Instantiating /home/travis/build/icyphy/ptII/ptolemy/actor/lib/test/auto/ArrayElementI.xml
3 ms. Memory: 581632K Free: 269163K (46%)
----------------- Invoking toplevel() on ptolemy.moml.MoMLSimpleApplication@20eff454
----------------- Done invoking toplevel() on ptolemy.moml.MoMLSimpleApplication@20eff454
reloadAllAccessors: .ArrayElementI

===========================================================================================
----------------- testing Wed Jun 13 16:13:51 UTC 2018 /home/travis/build/icyphy/ptII/ptolemy/actor/lib/test/auto/ArrayExtract.xml
----------------- Instantiating /home/travis/build/icyphy/ptII/ptolemy/actor/lib/test/auto/ArrayExtract.xml
4 ms. Memory: 581632K Free: 259409K (45%)
----------------- Invoking toplevel() on ptolemy.moml.MoMLSimpleApplication@e08249f
----------------- Done invoking toplevel() on ptolemy.moml.MoMLSimpleApplication@e08249f
reloadAllAccessors: .ArrayExtract

===========================================================================================
----------------- testing Wed Jun 13 16:13:51 UTC 2018 /home/travis/build/icyphy/ptII/ptolemy/actor/lib/test/auto/ArrayExtract2.xml
----------------- Instantiating /home/travis/build/icyphy/ptII/ptolemy/actor/lib/test/auto/ArrayExtract2.xml
2 ms. Memory: 581632K Free: 252917K (43%)
----------------- Invoking toplevel() on ptolemy.moml.MoMLSimpleApplication@17a06da6
----------------- Done invoking toplevel() on ptolemy.moml.MoMLSimpleApplication@17a06da6
reloadAllAccessors: .ArrayExtract2

===========================================================================================
----------------- testing Wed Jun 13 16:13:51 UTC 2018 /home/travis/build/icyphy/ptII/ptolemy/actor/lib/test/auto/ArrayLength.xml
----------------- Instantiating /home/travis/build/icyphy/ptII/ptolemy/actor/lib/test/auto/ArrayLength.xml
3 ms. Memory: 581632K Free: 246425K (42%)
----------------- Invoking toplevel() on ptolemy.moml.MoMLSimpleApplication@147bdf38
----------------- Done invoking toplevel() on ptolemy.moml.MoMLSimpleApplication@147bdf38
reloadAllAccessors: .ArrayLength

===========================================================================================
----------------- testing Wed Jun 13 16:13:51 UTC 2018 /home/travis/build/icyphy/ptII/ptolemy/actor/lib/test/auto/ArrayLevelCrossing.xml
----------------- Instantiating /home/travis/build/icyphy/ptII/ptolemy/actor/lib/test/auto/ArrayLevelCrossing.xml
3 ms. Memory: 581632K Free: 227911K (39%)
----------------- Invoking toplevel() on ptolemy.moml.MoMLSimpleApplication@f3f9d3c
----------------- Done invoking toplevel() on ptolemy.moml.MoMLSimpleApplication@f3f9d3c
reloadAllAccessors: .ArrayLevelCrossing

===========================================================================================
----------------- testing Wed Jun 13 16:13:51 UTC 2018 /home/travis/build/icyphy/ptII/ptolemy/actor/lib/test/auto/ArrayLevelCrossing2.xml
----------------- Instantiating /home/travis/build/icyphy/ptII/ptolemy/actor/lib/test/auto/ArrayLevelCrossing2.xml
3 ms. Memory: 581632K Free: 218156K (38%)
----------------- Invoking toplevel() on ptolemy.moml.MoMLSimpleApplication@2e94e400
----------------- Done invoking toplevel() on ptolemy.moml.MoMLSimpleApplication@2e94e400
reloadAllAccessors: .ArrayLevelCrossing2

===========================================================================================
----------------- testing Wed Jun 13 16:13:51 UTC 2018 /home/travis/build/icyphy/ptII/ptolemy/actor/lib/test/auto/ArrayPeakSearch.xml
----------------- Instantiating /home/travis/build/icyphy/ptII/ptolemy/actor/lib/test/auto/ArrayPeakSearch.xml
8 ms. Memory: 581632K Free: 205156K (35%)
----------------- Invoking toplevel() on ptolemy.moml.MoMLSimpleApplication@6a99c835
----------------- Done invoking toplevel() on ptolemy.moml.MoMLSimpleApplication@6a99c835
reloadAllAccessors: .ArrayPeakSearch

===========================================================================================
----------------- testing Wed Jun 13 16:13:51 UTC 2018 /home/travis/build/icyphy/ptII/ptolemy/actor/lib/test/auto/ArrayPeakSearch2.xml
----------------- Instantiating /home/travis/build/icyphy/ptII/ptolemy/actor/lib/test/auto/ArrayPeakSearch2.xml
3 ms. Memory: 581632K Free: 192124K (33%)
----------------- Invoking toplevel() on ptolemy.moml.MoMLSimpleApplication@148b8126
----------------- Done invoking toplevel() on ptolemy.moml.MoMLSimpleApplication@148b8126
reloadAllAccessors: .ArrayPeakSearch2

===========================================================================================
----------------- testing Wed Jun 13 16:13:51 UTC 2018 /home/travis/build/icyphy/ptII/ptolemy/actor/lib/test/auto/ArrayPeakSearch3.xml
----------------- Instantiating /home/travis/build/icyphy/ptII/ptolemy/actor/lib/test/auto/ArrayPeakSearch3.xml
4 ms. Memory: 581632K Free: 170379K (29%)
----------------- Invoking toplevel() on ptolemy.moml.MoMLSimpleApplication@d73974e
----------------- Done invoking toplevel() on ptolemy.moml.MoMLSimpleApplication@d73974e
reloadAllAccessors: .ArrayPeakSearch3

===========================================================================================
----------------- testing Wed Jun 13 16:13:51 UTC 2018 /home/travis/build/icyphy/ptII/ptolemy/actor/lib/test/auto/ArrayRemoveElement.xml
----------------- Instantiating /home/travis/build/icyphy/ptII/ptolemy/actor/lib/test/auto/ArrayRemoveElement.xml
7 ms. Memory: 581632K Free: 160625K (28%)
----------------- Invoking toplevel() on ptolemy.moml.MoMLSimpleApplication@4fe32b67
----------------- Done invoking toplevel() on ptolemy.moml.MoMLSimpleApplication@4fe32b67
reloadAllAccessors: .ArrayRemoveElement

===========================================================================================
----------------- testing Wed Jun 13 16:13:51 UTC 2018 /home/travis/build/icyphy/ptII/ptolemy/actor/lib/test/auto/ArraySort.xml
----------------- Instantiating /home/travis/build/icyphy/ptII/ptolemy/actor/lib/test/auto/ArraySort.xml
3 ms. Memory: 581632K Free: 147632K (25%)
----------------- Invoking toplevel() on ptolemy.moml.MoMLSimpleApplication@18cb383a
----------------- Done invoking toplevel() on ptolemy.moml.MoMLSimpleApplication@18cb383a
reloadAllAccessors: .ArraySort

===========================================================================================
----------------- testing Wed Jun 13 16:13:51 UTC 2018 /home/travis/build/icyphy/ptII/ptolemy/actor/lib/test/auto/ArraySum.xml
----------------- Instantiating /home/travis/build/icyphy/ptII/ptolemy/actor/lib/test/auto/ArraySum.xml
4 ms. Memory: 581632K Free: 129119K (22%)
----------------- Invoking toplevel() on ptolemy.moml.MoMLSimpleApplication@3996c2c7
----------------- Done invoking toplevel() on ptolemy.moml.MoMLSimpleApplication@3996c2c7
reloadAllAccessors: .ArraySum

===========================================================================================
----------------- testing Wed Jun 13 16:13:51 UTC 2018 /home/travis/build/icyphy/ptII/ptolemy/actor/lib/test/auto/ArrayToElements.xml
----------------- Instantiating /home/travis/build/icyphy/ptII/ptolemy/actor/lib/test/auto/ArrayToElements.xml
9 ms. Memory: 581632K Free: 119364K (21%)
----------------- Invoking toplevel() on ptolemy.moml.MoMLSimpleApplication@37a5cf95
----------------- Done invoking toplevel() on ptolemy.moml.MoMLSimpleApplication@37a5cf95
reloadAllAccessors: .ArrayToElements

===========================================================================================
----------------- testing Wed Jun 13 16:13:51 UTC 2018 /home/travis/build/icyphy/ptII/ptolemy/actor/lib/test/auto/ArrayToMatrix.xml
----------------- Instantiating /home/travis/build/icyphy/ptII/ptolemy/actor/lib/test/auto/ArrayToMatrix.xml
6 ms. Memory: 581632K Free: 99840K (17%)
----------------- Invoking toplevel() on ptolemy.moml.MoMLSimpleApplication@5177e92e
----------------- Done invoking toplevel() on ptolemy.moml.MoMLSimpleApplication@5177e92e
reloadAllAccessors: .ArrayToMatrix

===========================================================================================
----------------- testing Wed Jun 13 16:13:51 UTC 2018 /home/travis/build/icyphy/ptII/ptolemy/actor/lib/test/auto/ArrayUpdate1.xml
----------------- Instantiating /home/travis/build/icyphy/ptII/ptolemy/actor/lib/test/auto/ArrayUpdate1.xml
2 ms. Memory: 581632K Free: 93347K (16%)
----------------- Invoking toplevel() on ptolemy.moml.MoMLSimpleApplication@7e833b1c
----------------- Done invoking toplevel() on ptolemy.moml.MoMLSimpleApplication@7e833b1c
reloadAllAccessors: .ArrayUpdate1

===========================================================================================
----------------- testing Wed Jun 13 16:13:51 UTC 2018 /home/travis/build/icyphy/ptII/ptolemy/actor/lib/test/auto/ArrayUpdate2.xml
----------------- Instantiating /home/travis/build/icyphy/ptII/ptolemy/actor/lib/test/auto/ArrayUpdate2.xml
14 ms. Memory: 581632K Free: 74849K (13%)
----------------- Invoking toplevel() on ptolemy.moml.MoMLSimpleApplication@1b9d303e
----------------- Done invoking toplevel() on ptolemy.moml.MoMLSimpleApplication@1b9d303e
reloadAllAccessors: .ArrayUpdate2

===========================================================================================
----------------- testing Wed Jun 13 16:13:51 UTC 2018 /home/travis/build/icyphy/ptII/ptolemy/actor/lib/test/auto/ArrayUpdate3.xml
----------------- Instantiating /home/travis/build/icyphy/ptII/ptolemy/actor/lib/test/auto/ArrayUpdate3.xml
1 ms. Memory: 581632K Free: 68357K (12%)
----------------- Invoking toplevel() on ptolemy.moml.MoMLSimpleApplication@64d51a4f
----------------- Done invoking toplevel() on ptolemy.moml.MoMLSimpleApplication@64d51a4f
reloadAllAccessors: .ArrayUpdate3

===========================================================================================
----------------- testing Wed Jun 13 16:13:51 UTC 2018 /home/travis/build/icyphy/ptII/ptolemy/actor/lib/test/auto/Assert1.xml
----------------- Instantiating /home/travis/build/icyphy/ptII/ptolemy/actor/lib/test/auto/Assert1.xml
2 ms. Memory: 581632K Free: 61865K (11%)
----------------- Invoking toplevel() on ptolemy.moml.MoMLSimpleApplication@5027fce5
----------------- Done invoking toplevel() on ptolemy.moml.MoMLSimpleApplication@5027fce5
reloadAllAccessors: .Assert1

===========================================================================================
----------------- testing Wed Jun 13 16:13:51 UTC 2018 /home/travis/build/icyphy/ptII/ptolemy/actor/lib/test/auto/Assert2.xml
----------------- Instantiating /home/travis/build/icyphy/ptII/ptolemy/actor/lib/test/auto/Assert2.xml
6 ms. Memory: 581632K Free: 55373K (10%)
----------------- Invoking toplevel() on ptolemy.moml.MoMLSimpleApplication@2cab4437
----------------- Done invoking toplevel() on ptolemy.moml.MoMLSimpleApplication@2cab4437
reloadAllAccessors: .Assert2

===========================================================================================
----------------- testing Wed Jun 13 16:13:51 UTC 2018 /home/travis/build/icyphy/ptII/ptolemy/actor/lib/test/auto/BooleanMultiplexor.xml
----------------- Instantiating /home/travis/build/icyphy/ptII/ptolemy/actor/lib/test/auto/BooleanMultiplexor.xml
3 ms. Memory: 880128K Free: 819326K (93%)
----------------- Invoking toplevel() on ptolemy.moml.MoMLSimpleApplication@6f7a414d
----------------- Done invoking toplevel() on ptolemy.moml.MoMLSimpleApplication@6f7a414d
reloadAllAccessors: .BooleanMultiplexor

===========================================================================================
----------------- testing Wed Jun 13 16:13:51 UTC 2018 /home/travis/build/icyphy/ptII/ptolemy/actor/lib/test/auto/BooleanMultiplexor2.xml
----------------- Instantiating /home/travis/build/icyphy/ptII/ptolemy/actor/lib/test/auto/BooleanMultiplexor2.xml
11 ms. Memory: 880128K Free: 808687K (92%)
----------------- Invoking toplevel() on ptolemy.moml.MoMLSimpleApplication@72778ad9
----------------- Done invoking toplevel() on ptolemy.moml.MoMLSimpleApplication@72778ad9
reloadAllAccessors: .BooleanMultiplexor2

===========================================================================================
----------------- testing Wed Jun 13 16:13:51 UTC 2018 /home/travis/build/icyphy/ptII/ptolemy/actor/lib/test/auto/BooleanMultiplexor3.xml
----------------- Instantiating /home/travis/build/icyphy/ptII/ptolemy/actor/lib/test/auto/BooleanMultiplexor3.xml
2 ms. Memory: 880128K Free: 798297K (91%)
----------------- Invoking toplevel() on ptolemy.moml.MoMLSimpleApplication@4499c1ba
----------------- Done invoking toplevel() on ptolemy.moml.MoMLSimpleApplication@4499c1ba
reloadAllAccessors: .BooleanMultiplexor3

===========================================================================================
----------------- testing Wed Jun 13 16:13:51 UTC 2018 /home/travis/build/icyphy/ptII/ptolemy/actor/lib/test/auto/BooleanSelect.xml
----------------- Instantiating /home/travis/build/icyphy/ptII/ptolemy/actor/lib/test/auto/BooleanSelect.xml
7 ms. Memory: 880128K Free: 787907K (90%)
----------------- Invoking toplevel() on ptolemy.moml.MoMLSimpleApplication@7ad81872
----------------- Done invoking toplevel() on ptolemy.moml.MoMLSimpleApplication@7ad81872
reloadAllAccessors: .BooleanSelect

===========================================================================================
----------------- testing Wed Jun 13 16:13:51 UTC 2018 /home/travis/build/icyphy/ptII/ptolemy/actor/lib/test/auto/BooleanSelect2.xml
----------------- Instantiating /home/travis/build/icyphy/ptII/ptolemy/actor/lib/test/auto/BooleanSelect2.xml
2 ms. Memory: 880128K Free: 777516K (88%)
----------------- Invoking toplevel() on ptolemy.moml.MoMLSimpleApplication@4bc1b4f7
----------------- Done invoking toplevel() on ptolemy.moml.MoMLSimpleApplication@4bc1b4f7
reloadAllAccessors: .BooleanSelect2

===========================================================================================
----------------- testing Wed Jun 13 16:13:51 UTC 2018 /home/travis/build/icyphy/ptII/ptolemy/actor/lib/test/auto/BooleanSwitch.xml
----------------- Instantiating /home/travis/build/icyphy/ptII/ptolemy/actor/lib/test/auto/BooleanSwitch.xml
2 ms. Memory: 880128K Free: 757117K (86%)
----------------- Invoking toplevel() on ptolemy.moml.MoMLSimpleApplication@68016834
----------------- Done invoking toplevel() on ptolemy.moml.MoMLSimpleApplication@68016834
reloadAllAccessors: .BooleanSwitch

===========================================================================================
----------------- testing Wed Jun 13 16:13:51 UTC 2018 /home/travis/build/icyphy/ptII/ptolemy/actor/lib/test/auto/BooleanSwitch2.xml
----------------- Instantiating /home/travis/build/icyphy/ptII/ptolemy/actor/lib/test/auto/BooleanSwitch2.xml
2 ms. Memory: 880128K Free: 746727K (85%)
----------------- Invoking toplevel() on ptolemy.moml.MoMLSimpleApplication@607dbbd8
----------------- Done invoking toplevel() on ptolemy.moml.MoMLSimpleApplication@607dbbd8
reloadAllAccessors: .BooleanSwitch2

===========================================================================================
----------------- testing Wed Jun 13 16:13:51 UTC 2018 /home/travis/build/icyphy/ptII/ptolemy/actor/lib/test/auto/BooleanSwitchCloningBugWithClassRelationGroup.xml
----------------- Instantiating /home/travis/build/icyphy/ptII/ptolemy/actor/lib/test/auto/BooleanSwitchCloningBugWithClassRelationGroup.xml
2 ms. Memory: 880128K Free: 736336K (84%)
----------------- Invoking toplevel() on ptolemy.moml.MoMLSimpleApplication@11997526
----------------- Done invoking toplevel() on ptolemy.moml.MoMLSimpleApplication@11997526
reloadAllAccessors: .BooleanSwitchCloningBugWithClassRelationGroup

===========================================================================================
----------------- testing Wed Jun 13 16:13:51 UTC 2018 /home/travis/build/icyphy/ptII/ptolemy/actor/lib/test/auto/BusActors.xml
----------------- Instantiating /home/travis/build/icyphy/ptII/ptolemy/actor/lib/test/auto/BusActors.xml
4 ms. Memory: 880128K Free: 720751K (82%)
----------------- Invoking toplevel() on ptolemy.moml.MoMLSimpleApplication@725e21db
----------------- Done invoking toplevel() on ptolemy.moml.MoMLSimpleApplication@725e21db
reloadAllAccessors: .BusActors

===========================================================================================
----------------- testing Wed Jun 13 16:13:51 UTC 2018 /home/travis/build/icyphy/ptII/ptolemy/actor/lib/test/auto/ClassWrapper.xml
----------------- Instantiating /home/travis/build/icyphy/ptII/ptolemy/actor/lib/test/auto/ClassWrapper.xml
2 ms. Memory: 880128K Free: 700351K (80%)
----------------- Invoking toplevel() on ptolemy.moml.MoMLSimpleApplication@482e45b8
----------------- Done invoking toplevel() on ptolemy.moml.MoMLSimpleApplication@482e45b8
reloadAllAccessors: .ClassWrapper

===========================================================================================
----------------- testing Wed Jun 13 16:13:52 UTC 2018 /home/travis/build/icyphy/ptII/ptolemy/actor/lib/test/auto/Clock.xml
----------------- Instantiating /home/travis/build/icyphy/ptII/ptolemy/actor/lib/test/auto/Clock.xml
2 ms. Memory: 880128K Free: 689961K (78%)
----------------- Invoking toplevel() on ptolemy.moml.MoMLSimpleApplication@2f40ae48
----------------- Done invoking toplevel() on ptolemy.moml.MoMLSimpleApplication@2f40ae48
reloadAllAccessors: .Clock

===========================================================================================
----------------- testing Wed Jun 13 16:13:52 UTC 2018 /home/travis/build/icyphy/ptII/ptolemy/actor/lib/test/auto/Clock10.xml
----------------- Instantiating /home/travis/build/icyphy/ptII/ptolemy/actor/lib/test/auto/Clock10.xml
5 ms. Memory: 880128K Free: 679571K (77%)
----------------- Invoking toplevel() on ptolemy.moml.MoMLSimpleApplication@65992c7b
----------------- Done invoking toplevel() on ptolemy.moml.MoMLSimpleApplication@65992c7b
reloadAllAccessors: .Clock10

===========================================================================================
----------------- testing Wed Jun 13 16:13:52 UTC 2018 /home/travis/build/icyphy/ptII/ptolemy/actor/lib/test/auto/Clock11.xml
----------------- Instantiating /home/travis/build/icyphy/ptII/ptolemy/actor/lib/test/auto/Clock11.xml
5 ms. Memory: 880128K Free: 669181K (76%)
----------------- Invoking toplevel() on ptolemy.moml.MoMLSimpleApplication@6b149e0b
----------------- Done invoking toplevel() on ptolemy.moml.MoMLSimpleApplication@6b149e0b
reloadAllAccessors: .Clock11

===========================================================================================
----------------- testing Wed Jun 13 16:13:52 UTC 2018 /home/travis/build/icyphy/ptII/ptolemy/actor/lib/test/auto/Clock12.xml
----------------- Instantiating /home/travis/build/icyphy/ptII/ptolemy/actor/lib/test/auto/Clock12.xml
4 ms. Memory: 880128K Free: 658790K (75%)
----------------- Invoking toplevel() on ptolemy.moml.MoMLSimpleApplication@245a4fa8
----------------- Done invoking toplevel() on ptolemy.moml.MoMLSimpleApplication@245a4fa8
reloadAllAccessors: .Clock12

===========================================================================================
----------------- testing Wed Jun 13 16:13:52 UTC 2018 /home/travis/build/icyphy/ptII/ptolemy/actor/lib/test/auto/Clock13.xml
----------------- Instantiating /home/travis/build/icyphy/ptII/ptolemy/actor/lib/test/auto/Clock13.xml
3 ms. Memory: 880128K Free: 638391K (73%)
----------------- Invoking toplevel() on ptolemy.moml.MoMLSimpleApplication@383214c3
----------------- Done invoking toplevel() on ptolemy.moml.MoMLSimpleApplication@383214c3
reloadAllAccessors: .Clock13

===========================================================================================
----------------- testing Wed Jun 13 16:13:52 UTC 2018 /home/travis/build/icyphy/ptII/ptolemy/actor/lib/test/auto/Clock14.xml
----------------- Instantiating /home/travis/build/icyphy/ptII/ptolemy/actor/lib/test/auto/Clock14.xml
8 ms. Memory: 880128K Free: 628000K (71%)
----------------- Invoking toplevel() on ptolemy.moml.MoMLSimpleApplication@6685baa7
----------------- Done invoking toplevel() on ptolemy.moml.MoMLSimpleApplication@6685baa7
reloadAllAccessors: .Clock14

===========================================================================================
----------------- testing Wed Jun 13 16:13:52 UTC 2018 /home/travis/build/icyphy/ptII/ptolemy/actor/lib/test/auto/Clock15.xml
----------------- Instantiating /home/travis/build/icyphy/ptII/ptolemy/actor/lib/test/auto/Clock15.xml
3 ms. Memory: 880128K Free: 617610K (70%)
----------------- Invoking toplevel() on ptolemy.moml.MoMLSimpleApplication@7f613af3
----------------- Done invoking toplevel() on ptolemy.moml.MoMLSimpleApplication@7f613af3
reloadAllAccessors: .Clock15

===========================================================================================
----------------- testing Wed Jun 13 16:13:52 UTC 2018 /home/travis/build/icyphy/ptII/ptolemy/actor/lib/test/auto/Clock16.xml
----------------- Instantiating /home/travis/build/icyphy/ptII/ptolemy/actor/lib/test/auto/Clock16.xml
20 ms. Memory: 880128K Free: 596806K (68%)
----------------- Invoking toplevel() on ptolemy.moml.MoMLSimpleApplication@3aae679
----------------- Done invoking toplevel() on ptolemy.moml.MoMLSimpleApplication@3aae679
reloadAllAccessors: .Clock16

===========================================================================================
----------------- testing Wed Jun 13 16:13:52 UTC 2018 /home/travis/build/icyphy/ptII/ptolemy/actor/lib/test/auto/Clock17.xml
----------------- Instantiating /home/travis/build/icyphy/ptII/ptolemy/actor/lib/test/auto/Clock17.xml
28 ms. Memory: 880128K Free: 563402K (64%)
----------------- Invoking toplevel() on ptolemy.moml.MoMLSimpleApplication@73bb1ec
----------------- Done invoking toplevel() on ptolemy.moml.MoMLSimpleApplication@73bb1ec
reloadAllAccessors: .Clock17

===========================================================================================
----------------- testing Wed Jun 13 16:13:52 UTC 2018 /home/travis/build/icyphy/ptII/ptolemy/actor/lib/test/auto/Clock18.xml
----------------- Instantiating /home/travis/build/icyphy/ptII/ptolemy/actor/lib/test/auto/Clock18.xml
9 ms. Memory: 880128K Free: 547817K (62%)
----------------- Invoking toplevel() on ptolemy.moml.MoMLSimpleApplication@7a08296a
----------------- Done invoking toplevel() on ptolemy.moml.MoMLSimpleApplication@7a08296a
reloadAllAccessors: .Clock18

===========================================================================================
----------------- testing Wed Jun 13 16:13:52 UTC 2018 /home/travis/build/icyphy/ptII/ptolemy/actor/lib/test/auto/Clock19.xml
----------------- Instantiating /home/travis/build/icyphy/ptII/ptolemy/actor/lib/test/auto/Clock19.xml
6 ms. Memory: 880128K Free: 532216K (60%)
----------------- Invoking toplevel() on ptolemy.moml.MoMLSimpleApplication@5d1f0924
----------------- Done invoking toplevel() on ptolemy.moml.MoMLSimpleApplication@5d1f0924
reloadAllAccessors: .Clock19

===========================================================================================
----------------- testing Wed Jun 13 16:13:52 UTC 2018 /home/travis/build/icyphy/ptII/ptolemy/actor/lib/test/auto/Clock2.xml
----------------- Instantiating /home/travis/build/icyphy/ptII/ptolemy/actor/lib/test/auto/Clock2.xml
6 ms. Memory: 880128K Free: 521825K (59%)
----------------- Invoking toplevel() on ptolemy.moml.MoMLSimpleApplication@607594c1
----------------- Done invoking toplevel() on ptolemy.moml.MoMLSimpleApplication@607594c1
reloadAllAccessors: .Clock2

===========================================================================================
----------------- testing Wed Jun 13 16:13:52 UTC 2018 /home/travis/build/icyphy/ptII/ptolemy/actor/lib/test/auto/Clock20.xml
----------------- Instantiating /home/travis/build/icyphy/ptII/ptolemy/actor/lib/test/auto/Clock20.xml
7 ms. Memory: 880128K Free: 511435K (58%)
----------------- Invoking toplevel() on ptolemy.moml.MoMLSimpleApplication@68521016
----------------- Done invoking toplevel() on ptolemy.moml.MoMLSimpleApplication@68521016
reloadAllAccessors: .Clock20

===========================================================================================
----------------- testing Wed Jun 13 16:13:52 UTC 2018 /home/travis/build/icyphy/ptII/ptolemy/actor/lib/test/auto/Clock21.xml
----------------- Instantiating /home/travis/build/icyphy/ptII/ptolemy/actor/lib/test/auto/Clock21.xml
7 ms. Memory: 880128K Free: 491035K (56%)
----------------- Invoking toplevel() on ptolemy.moml.MoMLSimpleApplication@4cd4c2a0
----------------- Done invoking toplevel() on ptolemy.moml.MoMLSimpleApplication@4cd4c2a0
reloadAllAccessors: .Clock21

===========================================================================================
----------------- testing Wed Jun 13 16:13:52 UTC 2018 /home/travis/build/icyphy/ptII/ptolemy/actor/lib/test/auto/Clock22.xml
----------------- Instantiating /home/travis/build/icyphy/ptII/ptolemy/actor/lib/test/auto/Clock22.xml
3 ms. Memory: 880128K Free: 480645K (55%)
----------------- Invoking toplevel() on ptolemy.moml.MoMLSimpleApplication@686e0db0
----------------- Done invoking toplevel() on ptolemy.moml.MoMLSimpleApplication@686e0db0
reloadAllAccessors: .Clock22

===========================================================================================
----------------- testing Wed Jun 13 16:13:52 UTC 2018 /home/travis/build/icyphy/ptII/ptolemy/actor/lib/test/auto/Clock23.xml
----------------- Instantiating /home/travis/build/icyphy/ptII/ptolemy/actor/lib/test/auto/Clock23.xml
1 ms. Memory: 880128K Free: 470255K (53%)
----------------- Invoking toplevel() on ptolemy.moml.MoMLSimpleApplication@1609ab8c
----------------- Done invoking toplevel() on ptolemy.moml.MoMLSimpleApplication@1609ab8c
reloadAllAccessors: .Clock23

===========================================================================================
----------------- testing Wed Jun 13 16:13:52 UTC 2018 /home/travis/build/icyphy/ptII/ptolemy/actor/lib/test/auto/Clock24.xml
----------------- Instantiating /home/travis/build/icyphy/ptII/ptolemy/actor/lib/test/auto/Clock24.xml
2 ms. Memory: 880128K Free: 459864K (52%)
----------------- Invoking toplevel() on ptolemy.moml.MoMLSimpleApplication@47348cf1
----------------- Done invoking toplevel() on ptolemy.moml.MoMLSimpleApplication@47348cf1
reloadAllAccessors: .Clock24

===========================================================================================
----------------- testing Wed Jun 13 16:13:52 UTC 2018 /home/travis/build/icyphy/ptII/ptolemy/actor/lib/test/auto/Clock4.xml
----------------- Instantiating /home/travis/build/icyphy/ptII/ptolemy/actor/lib/test/auto/Clock4.xml
2 ms. Memory: 880128K Free: 439465K (50%)
----------------- Invoking toplevel() on ptolemy.moml.MoMLSimpleApplication@7a99ecf1
----------------- Done invoking toplevel() on ptolemy.moml.MoMLSimpleApplication@7a99ecf1
reloadAllAccessors: .Clock4

===========================================================================================
----------------- testing Wed Jun 13 16:13:52 UTC 2018 /home/travis/build/icyphy/ptII/ptolemy/actor/lib/test/auto/Clock5.xml
----------------- Instantiating /home/travis/build/icyphy/ptII/ptolemy/actor/lib/test/auto/Clock5.xml
2 ms. Memory: 880128K Free: 429074K (49%)
----------------- Invoking toplevel() on ptolemy.moml.MoMLSimpleApplication@1d3e4699
----------------- Done invoking toplevel() on ptolemy.moml.MoMLSimpleApplication@1d3e4699
reloadAllAccessors: .Clock5

===========================================================================================
----------------- testing Wed Jun 13 16:13:52 UTC 2018 /home/travis/build/icyphy/ptII/ptolemy/actor/lib/test/auto/Clock6.xml
----------------- Instantiating /home/travis/build/icyphy/ptII/ptolemy/actor/lib/test/auto/Clock6.xml
3 ms. Memory: 880128K Free: 418684K (48%)
----------------- Invoking toplevel() on ptolemy.moml.MoMLSimpleApplication@778ce577
----------------- Done invoking toplevel() on ptolemy.moml.MoMLSimpleApplication@778ce577
reloadAllAccessors: .Clock6

===========================================================================================
----------------- testing Wed Jun 13 16:13:52 UTC 2018 /home/travis/build/icyphy/ptII/ptolemy/actor/lib/test/auto/Clock7.xml
----------------- Instantiating /home/travis/build/icyphy/ptII/ptolemy/actor/lib/test/auto/Clock7.xml
2 ms. Memory: 880128K Free: 408294K (46%)
----------------- Invoking toplevel() on ptolemy.moml.MoMLSimpleApplication@26c01ba0
----------------- Done invoking toplevel() on ptolemy.moml.MoMLSimpleApplication@26c01ba0
reloadAllAccessors: .Clock7

===========================================================================================
----------------- testing Wed Jun 13 16:13:52 UTC 2018 /home/travis/build/icyphy/ptII/ptolemy/actor/lib/test/auto/Clock8.xml
----------------- Instantiating /home/travis/build/icyphy/ptII/ptolemy/actor/lib/test/auto/Clock8.xml
2 ms. Memory: 880128K Free: 397904K (45%)
----------------- Invoking toplevel() on ptolemy.moml.MoMLSimpleApplication@751ba8e8
----------------- Done invoking toplevel() on ptolemy.moml.MoMLSimpleApplication@751ba8e8
reloadAllAccessors: .Clock8

===========================================================================================
----------------- testing Wed Jun 13 16:13:52 UTC 2018 /home/travis/build/icyphy/ptII/ptolemy/actor/lib/test/auto/Clock9.xml
----------------- Instantiating /home/travis/build/icyphy/ptII/ptolemy/actor/lib/test/auto/Clock9.xml
2 ms. Memory: 880128K Free: 377504K (43%)
----------------- Invoking toplevel() on ptolemy.moml.MoMLSimpleApplication@77c07c81
----------------- Done invoking toplevel() on ptolemy.moml.MoMLSimpleApplication@77c07c81
reloadAllAccessors: .Clock9

===========================================================================================
----------------- testing Wed Jun 13 16:13:52 UTC 2018 /home/travis/build/icyphy/ptII/ptolemy/actor/lib/test/auto/CommDistDiscard.xml
----------------- Instantiating /home/travis/build/icyphy/ptII/ptolemy/actor/lib/test/auto/CommDistDiscard.xml
2 ms. Memory: 880128K Free: 367114K (42%)
----------------- Invoking toplevel() on ptolemy.moml.MoMLSimpleApplication@fb72f92
----------------- Done invoking toplevel() on ptolemy.moml.MoMLSimpleApplication@fb72f92
reloadAllAccessors: .CommDistDiscard

===========================================================================================
----------------- testing Wed Jun 13 16:13:52 UTC 2018 /home/travis/build/icyphy/ptII/ptolemy/actor/lib/test/auto/Commutator.xml
----------------- Instantiating /home/travis/build/icyphy/ptII/ptolemy/actor/lib/test/auto/Commutator.xml
1 ms. Memory: 880128K Free: 356724K (41%)
----------------- Invoking toplevel() on ptolemy.moml.MoMLSimpleApplication@390988a9
----------------- Done invoking toplevel() on ptolemy.moml.MoMLSimpleApplication@390988a9
reloadAllAccessors: .Commutator

===========================================================================================
----------------- testing Wed Jun 13 16:13:52 UTC 2018 /home/travis/build/icyphy/ptII/ptolemy/actor/lib/test/auto/Commutator2.xml
----------------- Instantiating /home/travis/build/icyphy/ptII/ptolemy/actor/lib/test/auto/Commutator2.xml
1 ms. Memory: 880128K Free: 346333K (39%)
----------------- Invoking toplevel() on ptolemy.moml.MoMLSimpleApplication@1efc8f75
----------------- Done invoking toplevel() on ptolemy.moml.MoMLSimpleApplication@1efc8f75
reloadAllAccessors: .Commutator2

===========================================================================================
----------------- testing Wed Jun 13 16:13:52 UTC 2018 /home/travis/build/icyphy/ptII/ptolemy/actor/lib/test/auto/Commutator3.xml
----------------- Instantiating /home/travis/build/icyphy/ptII/ptolemy/actor/lib/test/auto/Commutator3.xml
2 ms. Memory: 880128K Free: 325934K (37%)
----------------- Invoking toplevel() on ptolemy.moml.MoMLSimpleApplication@29e4a124
----------------- Done invoking toplevel() on ptolemy.moml.MoMLSimpleApplication@29e4a124
reloadAllAccessors: .Commutator3

===========================================================================================
----------------- testing Wed Jun 13 16:13:52 UTC 2018 /home/travis/build/icyphy/ptII/ptolemy/actor/lib/test/auto/Compare.xml
----------------- Instantiating /home/travis/build/icyphy/ptII/ptolemy/actor/lib/test/auto/Compare.xml
2 ms. Memory: 880128K Free: 315544K (36%)
----------------- Invoking toplevel() on ptolemy.moml.MoMLSimpleApplication@603f3e9
----------------- Done invoking toplevel() on ptolemy.moml.MoMLSimpleApplication@603f3e9
reloadAllAccessors: .Compare

===========================================================================================
----------------- testing Wed Jun 13 16:13:52 UTC 2018 /home/travis/build/icyphy/ptII/ptolemy/actor/lib/test/auto/CompareDE.xml
----------------- Instantiating /home/travis/build/icyphy/ptII/ptolemy/actor/lib/test/auto/CompareDE.xml
4 ms. Memory: 880128K Free: 305153K (35%)
----------------- Invoking toplevel() on ptolemy.moml.MoMLSimpleApplication@2fd1d2f
----------------- Done invoking toplevel() on ptolemy.moml.MoMLSimpleApplication@2fd1d2f
reloadAllAccessors: .CompareDE

===========================================================================================
----------------- testing Wed Jun 13 16:13:52 UTC 2018 /home/travis/build/icyphy/ptII/ptolemy/actor/lib/test/auto/ComplexDivide.xml
----------------- Instantiating /home/travis/build/icyphy/ptII/ptolemy/actor/lib/test/auto/ComplexDivide.xml
2 ms. Memory: 880128K Free: 294763K (33%)
----------------- Invoking toplevel() on ptolemy.moml.MoMLSimpleApplication@290320a6
----------------- Done invoking toplevel() on ptolemy.moml.MoMLSimpleApplication@290320a6
reloadAllAccessors: .ComplexDivide

===========================================================================================
----------------- testing Wed Jun 13 16:13:52 UTC 2018 /home/travis/build/icyphy/ptII/ptolemy/actor/lib/test/auto/ComputeHistogram.xml
----------------- Instantiating /home/travis/build/icyphy/ptII/ptolemy/actor/lib/test/auto/ComputeHistogram.xml
28 ms. Memory: 880128K Free: 279178K (32%)
----------------- Invoking toplevel() on ptolemy.moml.MoMLSimpleApplication@424f3b18
----------------- Done invoking toplevel() on ptolemy.moml.MoMLSimpleApplication@424f3b18
reloadAllAccessors: .ComputeHistogram

===========================================================================================
----------------- testing Wed Jun 13 16:13:52 UTC 2018 /home/travis/build/icyphy/ptII/ptolemy/actor/lib/test/auto/ConfigurationSelect.xml
----------------- Instantiating /home/travis/build/icyphy/ptII/ptolemy/actor/lib/test/auto/ConfigurationSelect.xml
6 ms. Memory: 880128K Free: 258778K (29%)
----------------- Invoking toplevel() on ptolemy.moml.MoMLSimpleApplication@35a48130
----------------- Done invoking toplevel() on ptolemy.moml.MoMLSimpleApplication@35a48130
reloadAllAccessors: .ConfigurationSelect

===========================================================================================
----------------- testing Wed Jun 13 16:13:52 UTC 2018 /home/travis/build/icyphy/ptII/ptolemy/actor/lib/test/auto/ConfigurationSelect2.xml
----------------- Instantiating /home/travis/build/icyphy/ptII/ptolemy/actor/lib/test/auto/ConfigurationSelect2.xml
3 ms. Memory: 880128K Free: 248388K (28%)
----------------- Invoking toplevel() on ptolemy.moml.MoMLSimpleApplication@740f0f9
----------------- Done invoking toplevel() on ptolemy.moml.MoMLSimpleApplication@740f0f9
reloadAllAccessors: .ConfigurationSelect2

===========================================================================================
----------------- testing Wed Jun 13 16:13:52 UTC 2018 /home/travis/build/icyphy/ptII/ptolemy/actor/lib/test/auto/ConfigurationSwitch.xml
----------------- Instantiating /home/travis/build/icyphy/ptII/ptolemy/actor/lib/test/auto/ConfigurationSwitch.xml
2 ms. Memory: 880128K Free: 237998K (27%)
----------------- Invoking toplevel() on ptolemy.moml.MoMLSimpleApplication@7da6fac7
----------------- Done invoking toplevel() on ptolemy.moml.MoMLSimpleApplication@7da6fac7
reloadAllAccessors: .ConfigurationSwitch

===========================================================================================
----------------- testing Wed Jun 13 16:13:52 UTC 2018 /home/travis/build/icyphy/ptII/ptolemy/actor/lib/test/auto/ConfigurationSwitch2.xml
----------------- Instantiating /home/travis/build/icyphy/ptII/ptolemy/actor/lib/test/auto/ConfigurationSwitch2.xml
2 ms. Memory: 880128K Free: 227607K (26%)
----------------- Invoking toplevel() on ptolemy.moml.MoMLSimpleApplication@57122952
----------------- Done invoking toplevel() on ptolemy.moml.MoMLSimpleApplication@57122952
reloadAllAccessors: .ConfigurationSwitch2

===========================================================================================
----------------- testing Wed Jun 13 16:13:52 UTC 2018 /home/travis/build/icyphy/ptII/ptolemy/actor/lib/test/auto/ConfigurationSwitchCloningBugWithClassRelationGroup.xml
----------------- Instantiating /home/travis/build/icyphy/ptII/ptolemy/actor/lib/test/auto/ConfigurationSwitchCloningBugWithClassRelationGroup.xml
1 ms. Memory: 880128K Free: 207208K (24%)
----------------- Invoking toplevel() on ptolemy.moml.MoMLSimpleApplication@36008661
----------------- Done invoking toplevel() on ptolemy.moml.MoMLSimpleApplication@36008661
reloadAllAccessors: .ConfigurationSwitchCloningBugWithClassRelationGroup

===========================================================================================
----------------- testing Wed Jun 13 16:13:52 UTC 2018 /home/travis/build/icyphy/ptII/ptolemy/actor/lib/test/auto/ConfigurationSwitchSelectSDF.xml
----------------- Instantiating /home/travis/build/icyphy/ptII/ptolemy/actor/lib/test/auto/ConfigurationSwitchSelectSDF.xml
3 ms. Memory: 880128K Free: 196817K (22%)
----------------- Invoking toplevel() on ptolemy.moml.MoMLSimpleApplication@5773fbad
----------------- Done invoking toplevel() on ptolemy.moml.MoMLSimpleApplication@5773fbad
reloadAllAccessors: .ConfigurationSwitchSelectSDF

===========================================================================================
----------------- testing Wed Jun 13 16:13:52 UTC 2018 /home/travis/build/icyphy/ptII/ptolemy/actor/lib/test/auto/ConfigurationSwitchSelectSDF2.xml
----------------- Instantiating /home/travis/build/icyphy/ptII/ptolemy/actor/lib/test/auto/ConfigurationSwitchSelectSDF2.xml
3 ms. Memory: 880128K Free: 186427K (21%)
----------------- Invoking toplevel() on ptolemy.moml.MoMLSimpleApplication@73f18d66
----------------- Done invoking toplevel() on ptolemy.moml.MoMLSimpleApplication@73f18d66
reloadAllAccessors: .ConfigurationSwitchSelectSDF2

===========================================================================================
----------------- testing Wed Jun 13 16:13:52 UTC 2018 /home/travis/build/icyphy/ptII/ptolemy/actor/lib/test/auto/Const.xml
----------------- Instantiating /home/travis/build/icyphy/ptII/ptolemy/actor/lib/test/auto/Const.xml
1 ms. Memory: 880128K Free: 176037K (20%)
----------------- Invoking toplevel() on ptolemy.moml.MoMLSimpleApplication@763ce006
----------------- Done invoking toplevel() on ptolemy.moml.MoMLSimpleApplication@763ce006
reloadAllAccessors: .Const

===========================================================================================
----------------- testing Wed Jun 13 16:13:52 UTC 2018 /home/travis/build/icyphy/ptII/ptolemy/actor/lib/test/auto/Const2.xml
----------------- Instantiating /home/travis/build/icyphy/ptII/ptolemy/actor/lib/test/auto/Const2.xml
2 ms. Memory: 880128K Free: 155637K (18%)
----------------- Invoking toplevel() on ptolemy.moml.MoMLSimpleApplication@663fab23
----------------- Done invoking toplevel() on ptolemy.moml.MoMLSimpleApplication@663fab23
reloadAllAccessors: .Const2

===========================================================================================
----------------- testing Wed Jun 13 16:13:53 UTC 2018 /home/travis/build/icyphy/ptII/ptolemy/actor/lib/test/auto/Const3.xml
----------------- Instantiating /home/travis/build/icyphy/ptII/ptolemy/actor/lib/test/auto/Const3.xml
2 ms. Memory: 880128K Free: 145247K (17%)
----------------- Invoking toplevel() on ptolemy.moml.MoMLSimpleApplication@69baf00c
----------------- Done invoking toplevel() on ptolemy.moml.MoMLSimpleApplication@69baf00c
reloadAllAccessors: .Const3

===========================================================================================
----------------- testing Wed Jun 13 16:13:53 UTC 2018 /home/travis/build/icyphy/ptII/ptolemy/actor/lib/test/auto/ConstantPublisherPort1.xml
----------------- Instantiating /home/travis/build/icyphy/ptII/ptolemy/actor/lib/test/auto/ConstantPublisherPort1.xml
8 ms. Memory: 880128K Free: 129662K (15%)
----------------- Invoking toplevel() on ptolemy.moml.MoMLSimpleApplication@27d30403
----------------- Done invoking toplevel() on ptolemy.moml.MoMLSimpleApplication@27d30403
reloadAllAccessors: .ConstantPublisherPort1

===========================================================================================
----------------- testing Wed Jun 13 16:13:53 UTC 2018 /home/travis/build/icyphy/ptII/ptolemy/actor/lib/test/auto/ConstantPublisherPort2.xml
----------------- Instantiating /home/travis/build/icyphy/ptII/ptolemy/actor/lib/test/auto/ConstantPublisherPort2.xml
4 ms. Memory: 880128K Free: 114060K (13%)
----------------- Invoking toplevel() on ptolemy.moml.MoMLSimpleApplication@240c92cb
----------------- Done invoking toplevel() on ptolemy.moml.MoMLSimpleApplication@240c92cb
reloadAllAccessors: .ConstantPublisherPort2

===========================================================================================
----------------- testing Wed Jun 13 16:13:53 UTC 2018 /home/travis/build/icyphy/ptII/ptolemy/actor/lib/test/auto/ConstantPublisherPort3.xml
----------------- Instantiating /home/travis/build/icyphy/ptII/ptolemy/actor/lib/test/auto/ConstantPublisherPort3.xml
4 ms. Memory: 880128K Free: 103670K (12%)
----------------- Invoking toplevel() on ptolemy.moml.MoMLSimpleApplication@11d76bce
----------------- Done invoking toplevel() on ptolemy.moml.MoMLSimpleApplication@11d76bce
reloadAllAccessors: .ConstantPublisherPort3

===========================================================================================
----------------- testing Wed Jun 13 16:13:53 UTC 2018 /home/travis/build/icyphy/ptII/ptolemy/actor/lib/test/auto/ConstantPublisherPort4.xml
----------------- Instantiating /home/travis/build/icyphy/ptII/ptolemy/actor/lib/test/auto/ConstantPublisherPort4.xml
3 ms. Memory: 880128K Free: 83271K (9%)
----------------- Invoking toplevel() on ptolemy.moml.MoMLSimpleApplication@20e6cc6
----------------- Done invoking toplevel() on ptolemy.moml.MoMLSimpleApplication@20e6cc6
reloadAllAccessors: .ConstantPublisherPort4

===========================================================================================
----------------- testing Wed Jun 13 16:13:53 UTC 2018 /home/travis/build/icyphy/ptII/ptolemy/actor/lib/test/auto/ConstantPublisherPort5.xml
----------------- Instantiating /home/travis/build/icyphy/ptII/ptolemy/actor/lib/test/auto/ConstantPublisherPort5.xml
16 ms. Memory: 880128K Free: 60462K (7%)
----------------- Invoking toplevel() on ptolemy.moml.MoMLSimpleApplication@38dad62f
----------------- Done invoking toplevel() on ptolemy.moml.MoMLSimpleApplication@38dad62f
reloadAllAccessors: .ConstantPublisherPort5

===========================================================================================
----------------- testing Wed Jun 13 16:13:53 UTC 2018 /home/travis/build/icyphy/ptII/ptolemy/actor/lib/test/auto/ConstantPublisherPort6.xml
----------------- Instantiating /home/travis/build/icyphy/ptII/ptolemy/actor/lib/test/auto/ConstantPublisherPort6.xml
17 ms. Memory: 881152K Free: 814397K (92%)
----------------- Invoking toplevel() on ptolemy.moml.MoMLSimpleApplication@176d3a59
----------------- Done invoking toplevel() on ptolemy.moml.MoMLSimpleApplication@176d3a59
reloadAllAccessors: .ConstantPublisherPort6

===========================================================================================
----------------- testing Wed Jun 13 16:13:53 UTC 2018 /home/travis/build/icyphy/ptII/ptolemy/actor/lib/test/auto/ConstantPublisherPort7.xml
----------------- Instantiating /home/travis/build/icyphy/ptII/ptolemy/actor/lib/test/auto/ConstantPublisherPort7.xml
14 ms. Memory: 881152K Free: 780913K (89%)
----------------- Invoking toplevel() on ptolemy.moml.MoMLSimpleApplication@7720b090
----------------- Done invoking toplevel() on ptolemy.moml.MoMLSimpleApplication@7720b090
reloadAllAccessors: .ConstantPublisherPort7

===========================================================================================
----------------- testing Wed Jun 13 16:13:53 UTC 2018 /home/travis/build/icyphy/ptII/ptolemy/actor/lib/test/auto/ConstraintMonitor1.xml
----------------- Instantiating /home/travis/build/icyphy/ptII/ptolemy/actor/lib/test/auto/ConstraintMonitor1.xml
3 ms. Memory: 881152K Free: 770523K (87%)
----------------- Invoking toplevel() on ptolemy.moml.MoMLSimpleApplication@129a79ea
----------------- Done invoking toplevel() on ptolemy.moml.MoMLSimpleApplication@129a79ea
reloadAllAccessors: .ConstraintMonitor1

===========================================================================================
----------------- testing Wed Jun 13 16:13:53 UTC 2018 /home/travis/build/icyphy/ptII/ptolemy/actor/lib/test/auto/ConstraintMonitor2.xml
----------------- Instantiating /home/travis/build/icyphy/ptII/ptolemy/actor/lib/test/auto/ConstraintMonitor2.xml
6 ms. Memory: 881152K Free: 760133K (86%)
----------------- Invoking toplevel() on ptolemy.moml.MoMLSimpleApplication@6ba2c55d
----------------- Done invoking toplevel() on ptolemy.moml.MoMLSimpleApplication@6ba2c55d
reloadAllAccessors: .ConstraintMonitor2

===========================================================================================
----------------- testing Wed Jun 13 16:13:53 UTC 2018 /home/travis/build/icyphy/ptII/ptolemy/actor/lib/test/auto/ConstraintMonitor3.xml
----------------- Instantiating /home/travis/build/icyphy/ptII/ptolemy/actor/lib/test/auto/ConstraintMonitor3.xml
2 ms. Memory: 881152K Free: 742395K (84%)
----------------- Invoking toplevel() on ptolemy.moml.MoMLSimpleApplication@dee7118
----------------- Done invoking toplevel() on ptolemy.moml.MoMLSimpleApplication@dee7118
reloadAllAccessors: .ConstraintMonitor3

===========================================================================================
----------------- testing Wed Jun 13 16:13:53 UTC 2018 /home/travis/build/icyphy/ptII/ptolemy/actor/lib/test/auto/ConstraintMonitor4.xml
----------------- Instantiating /home/travis/build/icyphy/ptII/ptolemy/actor/lib/test/auto/ConstraintMonitor4.xml
5 ms. Memory: 881152K Free: 732005K (83%)
----------------- Invoking toplevel() on ptolemy.moml.MoMLSimpleApplication@703ad050
----------------- Done invoking toplevel() on ptolemy.moml.MoMLSimpleApplication@703ad050
reloadAllAccessors: .ConstraintMonitor4

===========================================================================================
----------------- testing Wed Jun 13 16:13:53 UTC 2018 /home/travis/build/icyphy/ptII/ptolemy/actor/lib/test/auto/ConstraintMonitor5.xml
----------------- Instantiating /home/travis/build/icyphy/ptII/ptolemy/actor/lib/test/auto/ConstraintMonitor5.xml
4 ms. Memory: 881152K Free: 721615K (82%)
----------------- Invoking toplevel() on ptolemy.moml.MoMLSimpleApplication@6de2e92d
----------------- Done invoking toplevel() on ptolemy.moml.MoMLSimpleApplication@6de2e92d
reloadAllAccessors: .ConstraintMonitor5

===========================================================================================
----------------- testing Wed Jun 13 16:13:53 UTC 2018 /home/travis/build/icyphy/ptII/ptolemy/actor/lib/test/auto/ConstraintMonitor6.xml
----------------- Instantiating /home/travis/build/icyphy/ptII/ptolemy/actor/lib/test/auto/ConstraintMonitor6.xml
3 ms. Memory: 881152K Free: 703878K (80%)
----------------- Invoking toplevel() on ptolemy.moml.MoMLSimpleApplication@14e29ea2
----------------- Done invoking toplevel() on ptolemy.moml.MoMLSimpleApplication@14e29ea2
reloadAllAccessors: .ConstraintMonitor6

===========================================================================================
----------------- testing Wed Jun 13 16:13:53 UTC 2018 /home/travis/build/icyphy/ptII/ptolemy/actor/lib/test/auto/ConstraintMonitor7.xml
----------------- Instantiating /home/travis/build/icyphy/ptII/ptolemy/actor/lib/test/auto/ConstraintMonitor7.xml
6 ms. Memory: 881152K Free: 693487K (79%)
----------------- Invoking toplevel() on ptolemy.moml.MoMLSimpleApplication@6810c6bb
----------------- Done invoking toplevel() on ptolemy.moml.MoMLSimpleApplication@6810c6bb
reloadAllAccessors: .ConstraintMonitor7

===========================================================================================
----------------- testing Wed Jun 13 16:13:53 UTC 2018 /home/travis/build/icyphy/ptII/ptolemy/actor/lib/test/auto/ConstraintMonitor8.xml
----------------- Instantiating /home/travis/build/icyphy/ptII/ptolemy/actor/lib/test/auto/ConstraintMonitor8.xml
8 ms. Memory: 881152K Free: 683097K (78%)
----------------- Invoking toplevel() on ptolemy.moml.MoMLSimpleApplication@5e83dc7c
----------------- Done invoking toplevel() on ptolemy.moml.MoMLSimpleApplication@5e83dc7c
reloadAllAccessors: .ConstraintMonitor8

===========================================================================================
----------------- testing Wed Jun 13 16:13:53 UTC 2018 /home/travis/build/icyphy/ptII/ptolemy/actor/lib/test/auto/Counter.xml
----------------- Instantiating /home/travis/build/icyphy/ptII/ptolemy/actor/lib/test/auto/Counter.xml
2 ms. Memory: 881152K Free: 665360K (76%)
----------------- Invoking toplevel() on ptolemy.moml.MoMLSimpleApplication@2afd7bd7
----------------- Done invoking toplevel() on ptolemy.moml.MoMLSimpleApplication@2afd7bd7
reloadAllAccessors: .Counter

===========================================================================================
----------------- testing Wed Jun 13 16:13:53 UTC 2018 /home/travis/build/icyphy/ptII/ptolemy/actor/lib/test/auto/CurrentTimeSDF.xml
----------------- Instantiating /home/travis/build/icyphy/ptII/ptolemy/actor/lib/test/auto/CurrentTimeSDF.xml
1 ms. Memory: 881152K Free: 654970K (74%)
----------------- Invoking toplevel() on ptolemy.moml.MoMLSimpleApplication@4e542c6a
----------------- Done invoking toplevel() on ptolemy.moml.MoMLSimpleApplication@4e542c6a
reloadAllAccessors: .CurrentTimeSDF

===========================================================================================
----------------- testing Wed Jun 13 16:13:53 UTC 2018 /home/travis/build/icyphy/ptII/ptolemy/actor/lib/test/auto/DB.xml
----------------- Instantiating /home/travis/build/icyphy/ptII/ptolemy/actor/lib/test/auto/DB.xml
2 ms. Memory: 881152K Free: 644579K (73%)
----------------- Invoking toplevel() on ptolemy.moml.MoMLSimpleApplication@4a31ec6
----------------- Done invoking toplevel() on ptolemy.moml.MoMLSimpleApplication@4a31ec6
reloadAllAccessors: .DB

===========================================================================================
----------------- testing Wed Jun 13 16:13:53 UTC 2018 /home/travis/build/icyphy/ptII/ptolemy/actor/lib/test/auto/DBDE.xml
----------------- Instantiating /home/travis/build/icyphy/ptII/ptolemy/actor/lib/test/auto/DBDE.xml
2 ms. Memory: 881152K Free: 626842K (71%)
----------------- Invoking toplevel() on ptolemy.moml.MoMLSimpleApplication@2e22ff57
----------------- Done invoking toplevel() on ptolemy.moml.MoMLSimpleApplication@2e22ff57
reloadAllAccessors: .DBDE

===========================================================================================
----------------- testing Wed Jun 13 16:13:53 UTC 2018 /home/travis/build/icyphy/ptII/ptolemy/actor/lib/test/auto/DateConstructor.xml
----------------- Instantiating /home/travis/build/icyphy/ptII/ptolemy/actor/lib/test/auto/DateConstructor.xml
15 ms. Memory: 881152K Free: 606046K (69%)
----------------- Invoking toplevel() on ptolemy.moml.MoMLSimpleApplication@6de9d541
----------------- Done invoking toplevel() on ptolemy.moml.MoMLSimpleApplication@6de9d541
reloadAllAccessors: .DateConstructor

===========================================================================================
----------------- testing Wed Jun 13 16:13:53 UTC 2018 /home/travis/build/icyphy/ptII/ptolemy/actor/lib/test/auto/DelayTime.xml
----------------- Instantiating /home/travis/build/icyphy/ptII/ptolemy/actor/lib/test/auto/DelayTime.xml
3 ms. Memory: 881152K Free: 595656K (68%)
----------------- Invoking toplevel() on ptolemy.moml.MoMLSimpleApplication@73ed1ea7
----------------- Done invoking toplevel() on ptolemy.moml.MoMLSimpleApplication@73ed1ea7
reloadAllAccessors: .DelayTime

===========================================================================================
----------------- testing Wed Jun 13 16:13:53 UTC 2018 /home/travis/build/icyphy/ptII/ptolemy/actor/lib/test/auto/Dictionary1.xml
----------------- Instantiating /home/travis/build/icyphy/ptII/ptolemy/actor/lib/test/auto/Dictionary1.xml
2 ms. Memory: 881152K Free: 577919K (66%)
----------------- Invoking toplevel() on ptolemy.moml.MoMLSimpleApplication@499fca11
----------------- Done invoking toplevel() on ptolemy.moml.MoMLSimpleApplication@499fca11
reloadAllAccessors: .Dictionary1

===========================================================================================
----------------- testing Wed Jun 13 16:13:53 UTC 2018 /home/travis/build/icyphy/ptII/ptolemy/actor/lib/test/auto/Dictionary2.xml
----------------- Instantiating /home/travis/build/icyphy/ptII/ptolemy/actor/lib/test/auto/Dictionary2.xml
4 ms. Memory: 881152K Free: 567528K (64%)
----------------- Invoking toplevel() on ptolemy.moml.MoMLSimpleApplication@64b4ca95
----------------- Done invoking toplevel() on ptolemy.moml.MoMLSimpleApplication@64b4ca95
reloadAllAccessors: .Dictionary2

===========================================================================================
----------------- testing Wed Jun 13 16:13:53 UTC 2018 /home/travis/build/icyphy/ptII/ptolemy/actor/lib/test/auto/Dictionary3.xml
----------------- Instantiating /home/travis/build/icyphy/ptII/ptolemy/actor/lib/test/auto/Dictionary3.xml
2 ms. Memory: 881152K Free: 557138K (63%)
----------------- Invoking toplevel() on ptolemy.moml.MoMLSimpleApplication@4744f287
----------------- Done invoking toplevel() on ptolemy.moml.MoMLSimpleApplication@4744f287
reloadAllAccessors: .Dictionary3

===========================================================================================
----------------- testing Wed Jun 13 16:13:53 UTC 2018 /home/travis/build/icyphy/ptII/ptolemy/actor/lib/test/auto/Dictionary4.xml
----------------- Instantiating /home/travis/build/icyphy/ptII/ptolemy/actor/lib/test/auto/Dictionary4.xml
4 ms. Memory: 881152K Free: 546748K (62%)
----------------- Invoking toplevel() on ptolemy.moml.MoMLSimpleApplication@4777e672
----------------- Done invoking toplevel() on ptolemy.moml.MoMLSimpleApplication@4777e672
reloadAllAccessors: .Dictionary4

===========================================================================================
----------------- testing Wed Jun 13 16:13:53 UTC 2018 /home/travis/build/icyphy/ptII/ptolemy/actor/lib/test/auto/Differential.xml
----------------- Instantiating /home/travis/build/icyphy/ptII/ptolemy/actor/lib/test/auto/Differential.xml
3 ms. Memory: 881152K Free: 529011K (60%)
----------------- Invoking toplevel() on ptolemy.moml.MoMLSimpleApplication@128ccc5
----------------- Done invoking toplevel() on ptolemy.moml.MoMLSimpleApplication@128ccc5
reloadAllAccessors: .Differential

===========================================================================================
----------------- testing Wed Jun 13 16:13:53 UTC 2018 /home/travis/build/icyphy/ptII/ptolemy/actor/lib/test/auto/Director.xml
----------------- Instantiating /home/travis/build/icyphy/ptII/ptolemy/actor/lib/test/auto/Director.xml
2 ms. Memory: 881152K Free: 518620K (59%)
----------------- Invoking toplevel() on ptolemy.moml.MoMLSimpleApplication@36396053
----------------- Done invoking toplevel() on ptolemy.moml.MoMLSimpleApplication@36396053
reloadAllAccessors: .Director

===========================================================================================
----------------- testing Wed Jun 13 16:13:53 UTC 2018 /home/travis/build/icyphy/ptII/ptolemy/actor/lib/test/auto/DiscreteClock.xml
----------------- Instantiating /home/travis/build/icyphy/ptII/ptolemy/actor/lib/test/auto/DiscreteClock.xml
1 ms. Memory: 881152K Free: 508230K (58%)
----------------- Invoking toplevel() on ptolemy.moml.MoMLSimpleApplication@3c657733
----------------- Done invoking toplevel() on ptolemy.moml.MoMLSimpleApplication@3c657733
reloadAllAccessors: .DiscreteClock

===========================================================================================
----------------- testing Wed Jun 13 16:13:53 UTC 2018 /home/travis/build/icyphy/ptII/ptolemy/actor/lib/test/auto/DiscreteClock10.xml
----------------- Instantiating /home/travis/build/icyphy/ptII/ptolemy/actor/lib/test/auto/DiscreteClock10.xml
4 ms. Memory: 881152K Free: 490493K (56%)
----------------- Invoking toplevel() on ptolemy.moml.MoMLSimpleApplication@1c4b58a
----------------- Done invoking toplevel() on ptolemy.moml.MoMLSimpleApplication@1c4b58a
reloadAllAccessors: .DiscreteClock10

===========================================================================================
----------------- testing Wed Jun 13 16:13:53 UTC 2018 /home/travis/build/icyphy/ptII/ptolemy/actor/lib/test/auto/DiscreteClock11.xml
----------------- Instantiating /home/travis/build/icyphy/ptII/ptolemy/actor/lib/test/auto/DiscreteClock11.xml
2 ms. Memory: 881152K Free: 480103K (54%)
----------------- Invoking toplevel() on ptolemy.moml.MoMLSimpleApplication@1d05149
----------------- Done invoking toplevel() on ptolemy.moml.MoMLSimpleApplication@1d05149
reloadAllAccessors: .DiscreteClock11

===========================================================================================
----------------- testing Wed Jun 13 16:13:53 UTC 2018 /home/travis/build/icyphy/ptII/ptolemy/actor/lib/test/auto/DiscreteClock12.xml
----------------- Instantiating /home/travis/build/icyphy/ptII/ptolemy/actor/lib/test/auto/DiscreteClock12.xml
3 ms. Memory: 881152K Free: 469712K (53%)
----------------- Invoking toplevel() on ptolemy.moml.MoMLSimpleApplication@377f562a
----------------- Done invoking toplevel() on ptolemy.moml.MoMLSimpleApplication@377f562a
reloadAllAccessors: .DiscreteClock12

===========================================================================================
----------------- testing Wed Jun 13 16:13:53 UTC 2018 /home/travis/build/icyphy/ptII/ptolemy/actor/lib/test/auto/DiscreteClock13.xml
----------------- Instantiating /home/travis/build/icyphy/ptII/ptolemy/actor/lib/test/auto/DiscreteClock13.xml
1 ms. Memory: 881152K Free: 451975K (51%)
----------------- Invoking toplevel() on ptolemy.moml.MoMLSimpleApplication@1479c154
----------------- Done invoking toplevel() on ptolemy.moml.MoMLSimpleApplication@1479c154
reloadAllAccessors: .DiscreteClock13

===========================================================================================
----------------- testing Wed Jun 13 16:13:53 UTC 2018 /home/travis/build/icyphy/ptII/ptolemy/actor/lib/test/auto/DiscreteClock14.xml
----------------- Instantiating /home/travis/build/icyphy/ptII/ptolemy/actor/lib/test/auto/DiscreteClock14.xml
1 ms. Memory: 881152K Free: 441585K (50%)
----------------- Invoking toplevel() on ptolemy.moml.MoMLSimpleApplication@79335b2b
----------------- Done invoking toplevel() on ptolemy.moml.MoMLSimpleApplication@79335b2b
reloadAllAccessors: .DiscreteClock14

===========================================================================================
----------------- testing Wed Jun 13 16:13:53 UTC 2018 /home/travis/build/icyphy/ptII/ptolemy/actor/lib/test/auto/DiscreteClock15.xml
----------------- Instantiating /home/travis/build/icyphy/ptII/ptolemy/actor/lib/test/auto/DiscreteClock15.xml
6 ms. Memory: 881152K Free: 431195K (49%)
----------------- Invoking toplevel() on ptolemy.moml.MoMLSimpleApplication@79f9c4cc
----------------- Done invoking toplevel() on ptolemy.moml.MoMLSimpleApplication@79f9c4cc
reloadAllAccessors: .DiscreteClock15

===========================================================================================
----------------- testing Wed Jun 13 16:13:53 UTC 2018 /home/travis/build/icyphy/ptII/ptolemy/actor/lib/test/auto/DiscreteClock16.xml
----------------- Instantiating /home/travis/build/icyphy/ptII/ptolemy/actor/lib/test/auto/DiscreteClock16.xml
9 ms. Memory: 881152K Free: 408254K (46%)
----------------- Invoking toplevel() on ptolemy.moml.MoMLSimpleApplication@53f2e8a6
----------------- Done invoking toplevel() on ptolemy.moml.MoMLSimpleApplication@53f2e8a6
reloadAllAccessors: .DiscreteClock16

===========================================================================================
----------------- testing Wed Jun 13 16:13:53 UTC 2018 /home/travis/build/icyphy/ptII/ptolemy/actor/lib/test/auto/DiscreteClock17.xml
----------------- Instantiating /home/travis/build/icyphy/ptII/ptolemy/actor/lib/test/auto/DiscreteClock17.xml
15 ms. Memory: 881152K Free: 392669K (45%)
----------------- Invoking toplevel() on ptolemy.moml.MoMLSimpleApplication@404cbe82
----------------- Done invoking toplevel() on ptolemy.moml.MoMLSimpleApplication@404cbe82
reloadAllAccessors: .DiscreteClock17

===========================================================================================
----------------- testing Wed Jun 13 16:13:53 UTC 2018 /home/travis/build/icyphy/ptII/ptolemy/actor/lib/test/auto/DiscreteClock18.xml
----------------- Instantiating /home/travis/build/icyphy/ptII/ptolemy/actor/lib/test/auto/DiscreteClock18.xml
13 ms. Memory: 881152K Free: 377068K (43%)
----------------- Invoking toplevel() on ptolemy.moml.MoMLSimpleApplication@7affd93f
----------------- Done invoking toplevel() on ptolemy.moml.MoMLSimpleApplication@7affd93f
reloadAllAccessors: .DiscreteClock18

===========================================================================================
----------------- testing Wed Jun 13 16:13:53 UTC 2018 /home/travis/build/icyphy/ptII/ptolemy/actor/lib/test/auto/DiscreteClock19.xml
----------------- Instantiating /home/travis/build/icyphy/ptII/ptolemy/actor/lib/test/auto/DiscreteClock19.xml
20 ms. Memory: 881152K Free: 354120K (40%)
----------------- Invoking toplevel() on ptolemy.moml.MoMLSimpleApplication@2f8e7fc5
----------------- Done invoking toplevel() on ptolemy.moml.MoMLSimpleApplication@2f8e7fc5
reloadAllAccessors: .DiscreteClock19

===========================================================================================
----------------- testing Wed Jun 13 16:13:54 UTC 2018 /home/travis/build/icyphy/ptII/ptolemy/actor/lib/test/auto/DiscreteClock2.xml
----------------- Instantiating /home/travis/build/icyphy/ptII/ptolemy/actor/lib/test/auto/DiscreteClock2.xml
6 ms. Memory: 881152K Free: 343729K (39%)
----------------- Invoking toplevel() on ptolemy.moml.MoMLSimpleApplication@4440c2de
----------------- Done invoking toplevel() on ptolemy.moml.MoMLSimpleApplication@4440c2de
reloadAllAccessors: .DiscreteClock2

===========================================================================================
----------------- testing Wed Jun 13 16:13:54 UTC 2018 /home/travis/build/icyphy/ptII/ptolemy/actor/lib/test/auto/DiscreteClock20.xml
----------------- Instantiating /home/travis/build/icyphy/ptII/ptolemy/actor/lib/test/auto/DiscreteClock20.xml
14 ms. Memory: 881152K Free: 333339K (38%)
----------------- Invoking toplevel() on ptolemy.moml.MoMLSimpleApplication@16ac6504
----------------- Done invoking toplevel() on ptolemy.moml.MoMLSimpleApplication@16ac6504
reloadAllAccessors: .DiscreteClock20

===========================================================================================
----------------- testing Wed Jun 13 16:13:54 UTC 2018 /home/travis/build/icyphy/ptII/ptolemy/actor/lib/test/auto/DiscreteClock21.xml
----------------- Instantiating /home/travis/build/icyphy/ptII/ptolemy/actor/lib/test/auto/DiscreteClock21.xml
7 ms. Memory: 881152K Free: 315602K (36%)
----------------- Invoking toplevel() on ptolemy.moml.MoMLSimpleApplication@121c7bdb
----------------- Done invoking toplevel() on ptolemy.moml.MoMLSimpleApplication@121c7bdb
reloadAllAccessors: .DiscreteClock21

===========================================================================================
----------------- testing Wed Jun 13 16:13:54 UTC 2018 /home/travis/build/icyphy/ptII/ptolemy/actor/lib/test/auto/DiscreteClock22.xml
----------------- Instantiating /home/travis/build/icyphy/ptII/ptolemy/actor/lib/test/auto/DiscreteClock22.xml
7 ms. Memory: 1368064K Free: 1304312K (95%)
----------------- Invoking toplevel() on ptolemy.moml.MoMLSimpleApplication@62eef561
----------------- Done invoking toplevel() on ptolemy.moml.MoMLSimpleApplication@62eef561
reloadAllAccessors: .DiscreteClock22

===========================================================================================
----------------- testing Wed Jun 13 16:13:54 UTC 2018 /home/travis/build/icyphy/ptII/ptolemy/actor/lib/test/auto/DiscreteClock23.xml
----------------- Instantiating /home/travis/build/icyphy/ptII/ptolemy/actor/lib/test/auto/DiscreteClock23.xml
10 ms. Memory: 1368064K Free: 1278612K (93%)
----------------- Invoking toplevel() on ptolemy.moml.MoMLSimpleApplication@755e3ae2
----------------- Done invoking toplevel() on ptolemy.moml.MoMLSimpleApplication@755e3ae2
reloadAllAccessors: .DiscreteClock23

===========================================================================================
----------------- testing Wed Jun 13 16:13:54 UTC 2018 /home/travis/build/icyphy/ptII/ptolemy/actor/lib/test/auto/DiscreteClock24.xml
----------------- Instantiating /home/travis/build/icyphy/ptII/ptolemy/actor/lib/test/auto/DiscreteClock24.xml
1 ms. Memory: 1368064K Free: 1261989K (92%)
----------------- Invoking toplevel() on ptolemy.moml.MoMLSimpleApplication@74d0edc
----------------- Done invoking toplevel() on ptolemy.moml.MoMLSimpleApplication@74d0edc
reloadAllAccessors: .DiscreteClock24

===========================================================================================
----------------- testing Wed Jun 13 16:13:54 UTC 2018 /home/travis/build/icyphy/ptII/ptolemy/actor/lib/test/auto/DiscreteClock4.xml
----------------- Instantiating /home/travis/build/icyphy/ptII/ptolemy/actor/lib/test/auto/DiscreteClock4.xml
3 ms. Memory: 1368064K Free: 1245366K (91%)
----------------- Invoking toplevel() on ptolemy.moml.MoMLSimpleApplication@4ac8bf24
----------------- Done invoking toplevel() on ptolemy.moml.MoMLSimpleApplication@4ac8bf24
reloadAllAccessors: .DiscreteClock4

===========================================================================================
----------------- testing Wed Jun 13 16:13:54 UTC 2018 /home/travis/build/icyphy/ptII/ptolemy/actor/lib/test/auto/DiscreteClock5.xml
----------------- Instantiating /home/travis/build/icyphy/ptII/ptolemy/actor/lib/test/auto/DiscreteClock5.xml
1 ms. Memory: 1368064K Free: 1219666K (89%)
----------------- Invoking toplevel() on ptolemy.moml.MoMLSimpleApplication@1c314c10
----------------- Done invoking toplevel() on ptolemy.moml.MoMLSimpleApplication@1c314c10
reloadAllAccessors: .DiscreteClock5

===========================================================================================
----------------- testing Wed Jun 13 16:13:54 UTC 2018 /home/travis/build/icyphy/ptII/ptolemy/actor/lib/test/auto/DiscreteClock6.xml
----------------- Instantiating /home/travis/build/icyphy/ptII/ptolemy/actor/lib/test/auto/DiscreteClock6.xml
1 ms. Memory: 1368064K Free: 1203043K (88%)
----------------- Invoking toplevel() on ptolemy.moml.MoMLSimpleApplication@760a9fcf
----------------- Done invoking toplevel() on ptolemy.moml.MoMLSimpleApplication@760a9fcf
reloadAllAccessors: .DiscreteClock6

===========================================================================================
----------------- testing Wed Jun 13 16:13:54 UTC 2018 /home/travis/build/icyphy/ptII/ptolemy/actor/lib/test/auto/DiscreteClock7.xml
----------------- Instantiating /home/travis/build/icyphy/ptII/ptolemy/actor/lib/test/auto/DiscreteClock7.xml
1 ms. Memory: 1368064K Free: 1186420K (87%)
----------------- Invoking toplevel() on ptolemy.moml.MoMLSimpleApplication@36171bcd
----------------- Done invoking toplevel() on ptolemy.moml.MoMLSimpleApplication@36171bcd
reloadAllAccessors: .DiscreteClock7

===========================================================================================
----------------- testing Wed Jun 13 16:13:54 UTC 2018 /home/travis/build/icyphy/ptII/ptolemy/actor/lib/test/auto/DiscreteClock8.xml
----------------- Instantiating /home/travis/build/icyphy/ptII/ptolemy/actor/lib/test/auto/DiscreteClock8.xml
2 ms. Memory: 1368064K Free: 1169797K (86%)
----------------- Invoking toplevel() on ptolemy.moml.MoMLSimpleApplication@1aa278b0
----------------- Done invoking toplevel() on ptolemy.moml.MoMLSimpleApplication@1aa278b0
reloadAllAccessors: .DiscreteClock8

===========================================================================================
----------------- testing Wed Jun 13 16:13:54 UTC 2018 /home/travis/build/icyphy/ptII/ptolemy/actor/lib/test/auto/DiscreteClock9.xml
----------------- Instantiating /home/travis/build/icyphy/ptII/ptolemy/actor/lib/test/auto/DiscreteClock9.xml
6 ms. Memory: 1368064K Free: 1144096K (84%)
----------------- Invoking toplevel() on ptolemy.moml.MoMLSimpleApplication@25fce3a3
----------------- Done invoking toplevel() on ptolemy.moml.MoMLSimpleApplication@25fce3a3
reloadAllAccessors: .DiscreteClock9

===========================================================================================
----------------- testing Wed Jun 13 16:13:54 UTC 2018 /home/travis/build/icyphy/ptII/ptolemy/actor/lib/test/auto/DisplayArray.xml
----------------- Instantiating /home/travis/build/icyphy/ptII/ptolemy/actor/lib/test/auto/DisplayArray.xml
1 ms. Memory: 1368064K Free: 1127473K (82%)
----------------- Invoking toplevel() on ptolemy.moml.MoMLSimpleApplication@5994bb9
----------------- Done invoking toplevel() on ptolemy.moml.MoMLSimpleApplication@5994bb9
reloadAllAccessors: .DisplayArray

===========================================================================================
----------------- testing Wed Jun 13 16:13:54 UTC 2018 /home/travis/build/icyphy/ptII/ptolemy/actor/lib/test/auto/Distributor.xml
----------------- Instantiating /home/travis/build/icyphy/ptII/ptolemy/actor/lib/test/auto/Distributor.xml
1 ms. Memory: 1368064K Free: 1110850K (81%)
----------------- Invoking toplevel() on ptolemy.moml.MoMLSimpleApplication@c84292
----------------- Done invoking toplevel() on ptolemy.moml.MoMLSimpleApplication@c84292
reloadAllAccessors: .Distributor

===========================================================================================
----------------- testing Wed Jun 13 16:13:54 UTC 2018 /home/travis/build/icyphy/ptII/ptolemy/actor/lib/test/auto/Distributor2.xml
----------------- Instantiating /home/travis/build/icyphy/ptII/ptolemy/actor/lib/test/auto/Distributor2.xml
2 ms. Memory: 1368064K Free: 1094227K (80%)
----------------- Invoking toplevel() on ptolemy.moml.MoMLSimpleApplication@46d059d2
----------------- Done invoking toplevel() on ptolemy.moml.MoMLSimpleApplication@46d059d2
reloadAllAccessors: .Distributor2

===========================================================================================
----------------- testing Wed Jun 13 16:13:54 UTC 2018 /home/travis/build/icyphy/ptII/ptolemy/actor/lib/test/auto/DownSample.xml
----------------- Instantiating /home/travis/build/icyphy/ptII/ptolemy/actor/lib/test/auto/DownSample.xml
2 ms. Memory: 1368064K Free: 1068527K (78%)
----------------- Invoking toplevel() on ptolemy.moml.MoMLSimpleApplication@6b50a08c
----------------- Done invoking toplevel() on ptolemy.moml.MoMLSimpleApplication@6b50a08c
reloadAllAccessors: .DownSample

===========================================================================================
----------------- testing Wed Jun 13 16:13:54 UTC 2018 /home/travis/build/icyphy/ptII/ptolemy/actor/lib/test/auto/ElectronicUnitBase1.xml
----------------- Instantiating /home/travis/build/icyphy/ptII/ptolemy/actor/lib/test/auto/ElectronicUnitBase1.xml
19 ms. Memory: 1368064K Free: 1043576K (76%)
----------------- Invoking toplevel() on ptolemy.moml.MoMLSimpleApplication@72886ce0
----------------- Done invoking toplevel() on ptolemy.moml.MoMLSimpleApplication@72886ce0
reloadAllAccessors: .ElectronicUnitBase1

===========================================================================================
----------------- testing Wed Jun 13 16:13:54 UTC 2018 /home/travis/build/icyphy/ptII/ptolemy/actor/lib/test/auto/ElementsToArray.xml
----------------- Instantiating /home/travis/build/icyphy/ptII/ptolemy/actor/lib/test/auto/ElementsToArray.xml
2 ms. Memory: 1368064K Free: 1026953K (75%)
----------------- Invoking toplevel() on ptolemy.moml.MoMLSimpleApplication@75de092d
----------------- Done invoking toplevel() on ptolemy.moml.MoMLSimpleApplication@75de092d
reloadAllAccessors: .ElementsToArray

===========================================================================================
----------------- testing Wed Jun 13 16:13:54 UTC 2018 /home/travis/build/icyphy/ptII/ptolemy/actor/lib/test/auto/Equals.xml
----------------- Instantiating /home/travis/build/icyphy/ptII/ptolemy/actor/lib/test/auto/Equals.xml
1 ms. Memory: 1368064K Free: 1010330K (74%)
----------------- Invoking toplevel() on ptolemy.moml.MoMLSimpleApplication@79acf823
----------------- Done invoking toplevel() on ptolemy.moml.MoMLSimpleApplication@79acf823
reloadAllAccessors: .Equals

===========================================================================================
----------------- testing Wed Jun 13 16:13:54 UTC 2018 /home/travis/build/icyphy/ptII/ptolemy/actor/lib/test/auto/Exec.xml
----------------- Instantiating /home/travis/build/icyphy/ptII/ptolemy/actor/lib/test/auto/Exec.xml
8 ms. Memory: 1368064K Free: 963851K (70%)
----------------- Invoking toplevel() on ptolemy.moml.MoMLSimpleApplication@726b45ba
----------------- Done invoking toplevel() on ptolemy.moml.MoMLSimpleApplication@726b45ba
reloadAllAccessors: .Exec

===========================================================================================
----------------- testing Wed Jun 13 16:13:54 UTC 2018 /home/travis/build/icyphy/ptII/ptolemy/actor/lib/test/auto/ExecEnvironment.xml
----------------- Instantiating /home/travis/build/icyphy/ptII/ptolemy/actor/lib/test/auto/ExecEnvironment.xml
21 ms. Memory: 1368064K Free: 938916K (69%)
----------------- Invoking toplevel() on ptolemy.moml.MoMLSimpleApplication@16ddaa7f
----------------- Done invoking toplevel() on ptolemy.moml.MoMLSimpleApplication@16ddaa7f
reloadAllAccessors: .ExecEnvironment

===========================================================================================
----------------- testing Wed Jun 13 16:13:54 UTC 2018 /home/travis/build/icyphy/ptII/ptolemy/actor/lib/test/auto/ExecNonZeroReturnOutput.xml
----------------- Instantiating /home/travis/build/icyphy/ptII/ptolemy/actor/lib/test/auto/ExecNonZeroReturnOutput.xml
125 ms. Memory: 1368064K Free: 814244K (60%)
----------------- Invoking toplevel() on ptolemy.moml.MoMLSimpleApplication@6d1eacaf
----------------- Done invoking toplevel() on ptolemy.moml.MoMLSimpleApplication@6d1eacaf
reloadAllAccessors: .ExecNonZeroReturnOutput

===========================================================================================
----------------- testing Wed Jun 13 16:13:55 UTC 2018 /home/travis/build/icyphy/ptII/ptolemy/actor/lib/test/auto/ExecRunDemos.xml
----------------- Instantiating /home/travis/build/icyphy/ptII/ptolemy/actor/lib/test/auto/ExecRunDemos.xml
Finished: 34 ms. Memory: 116224K Free: 100789K (87%)

Finished: 47 ms. Memory: 116224K Free: 98307K (85%)

Finished: 56 ms. Memory: 116224K Free: 98342K (85%)

Finished: 50 ms. Memory: 116224K Free: 99496K (86%)

Finished: 35 ms. Memory: 116224K Free: 100805K (87%)

9118 ms. Memory: 1368064K Free: 706177K (52%)
----------------- Invoking toplevel() on ptolemy.moml.MoMLSimpleApplication@3fa2d2c2
----------------- Done invoking toplevel() on ptolemy.moml.MoMLSimpleApplication@3fa2d2c2
reloadAllAccessors: .ExecRunDemos

===========================================================================================
----------------- testing Wed Jun 13 16:14:04 UTC 2018 /home/travis/build/icyphy/ptII/ptolemy/actor/lib/test/auto/ExecStop.xml
----------------- Instantiating /home/travis/build/icyphy/ptII/ptolemy/actor/lib/test/auto/ExecStop.xml
5008 ms. Memory: 1368064K Free: 456066K (33%)
----------------- Invoking toplevel() on ptolemy.moml.MoMLSimpleApplication@19e0d448
----------------- Done invoking toplevel() on ptolemy.moml.MoMLSimpleApplication@19e0d448
reloadAllAccessors: .ExecStop

===========================================================================================
----------------- testing Wed Jun 13 16:14:09 UTC 2018 /home/travis/build/icyphy/ptII/ptolemy/actor/lib/test/auto/ExecutionTimeSDF.xml
----------------- Instantiating /home/travis/build/icyphy/ptII/ptolemy/actor/lib/test/auto/ExecutionTimeSDF.xml
Fired ExecutionTime: -1980967296
Fired ExecutionTime: 994800000
Fired ExecutionTime: -730567296
6004 ms. Memory: 1368064K Free: 431123K (32%)
----------------- Invoking toplevel() on ptolemy.moml.MoMLSimpleApplication@18dd864c
----------------- Done invoking toplevel() on ptolemy.moml.MoMLSimpleApplication@18dd864c
reloadAllAccessors: .ExecutionTimeSDF

===========================================================================================
----------------- testing Wed Jun 13 16:14:15 UTC 2018 /home/travis/build/icyphy/ptII/ptolemy/actor/lib/test/auto/Expression1.xml
----------------- Instantiating /home/travis/build/icyphy/ptII/ptolemy/actor/lib/test/auto/Expression1.xml
2 ms. Memory: 1368064K Free: 414500K (30%)
----------------- Invoking toplevel() on ptolemy.moml.MoMLSimpleApplication@4871589b
----------------- Done invoking toplevel() on ptolemy.moml.MoMLSimpleApplication@4871589b
reloadAllAccessors: .Expression1

===========================================================================================
----------------- testing Wed Jun 13 16:14:15 UTC 2018 /home/travis/build/icyphy/ptII/ptolemy/actor/lib/test/auto/Expression10.xml
----------------- Instantiating /home/travis/build/icyphy/ptII/ptolemy/actor/lib/test/auto/Expression10.xml
4 ms. Memory: 1368064K Free: 397877K (29%)
----------------- Invoking toplevel() on ptolemy.moml.MoMLSimpleApplication@2d46fdaa
----------------- Done invoking toplevel() on ptolemy.moml.MoMLSimpleApplication@2d46fdaa
reloadAllAccessors: .Expression10

===========================================================================================
----------------- testing Wed Jun 13 16:14:15 UTC 2018 /home/travis/build/icyphy/ptII/ptolemy/actor/lib/test/auto/Expression11.xml
----------------- Instantiating /home/travis/build/icyphy/ptII/ptolemy/actor/lib/test/auto/Expression11.xml
3 ms. Memory: 1368064K Free: 372177K (27%)
----------------- Invoking toplevel() on ptolemy.moml.MoMLSimpleApplication@71c95629
----------------- Done invoking toplevel() on ptolemy.moml.MoMLSimpleApplication@71c95629
reloadAllAccessors: .Expression11

===========================================================================================
----------------- testing Wed Jun 13 16:14:15 UTC 2018 /home/travis/build/icyphy/ptII/ptolemy/actor/lib/test/auto/Expression12.xml
----------------- Instantiating /home/travis/build/icyphy/ptII/ptolemy/actor/lib/test/auto/Expression12.xml
2 ms. Memory: 1368064K Free: 355554K (26%)
----------------- Invoking toplevel() on ptolemy.moml.MoMLSimpleApplication@3e91e519
----------------- Done invoking toplevel() on ptolemy.moml.MoMLSimpleApplication@3e91e519
reloadAllAccessors: .Expression12

===========================================================================================
----------------- testing Wed Jun 13 16:14:15 UTC 2018 /home/travis/build/icyphy/ptII/ptolemy/actor/lib/test/auto/Expression13.xml
----------------- Instantiating /home/travis/build/icyphy/ptII/ptolemy/actor/lib/test/auto/Expression13.xml
3 ms. Memory: 1368064K Free: 338931K (25%)
----------------- Invoking toplevel() on ptolemy.moml.MoMLSimpleApplication@2dd5f1bb
----------------- Done invoking toplevel() on ptolemy.moml.MoMLSimpleApplication@2dd5f1bb
reloadAllAccessors: .Expression13

===========================================================================================
----------------- testing Wed Jun 13 16:14:15 UTC 2018 /home/travis/build/icyphy/ptII/ptolemy/actor/lib/test/auto/Expression14.xml
----------------- Instantiating /home/travis/build/icyphy/ptII/ptolemy/actor/lib/test/auto/Expression14.xml
4 ms. Memory: 1368064K Free: 322308K (24%)
----------------- Invoking toplevel() on ptolemy.moml.MoMLSimpleApplication@8cad6db
----------------- Done invoking toplevel() on ptolemy.moml.MoMLSimpleApplication@8cad6db
reloadAllAccessors: .Expression14

===========================================================================================
----------------- testing Wed Jun 13 16:14:15 UTC 2018 /home/travis/build/icyphy/ptII/ptolemy/actor/lib/test/auto/Expression15.xml
----------------- Instantiating /home/travis/build/icyphy/ptII/ptolemy/actor/lib/test/auto/Expression15.xml
3 ms. Memory: 1368064K Free: 296607K (22%)
----------------- Invoking toplevel() on ptolemy.moml.MoMLSimpleApplication@51423d52
----------------- Done invoking toplevel() on ptolemy.moml.MoMLSimpleApplication@51423d52
reloadAllAccessors: .Expression15

===========================================================================================
----------------- testing Wed Jun 13 16:14:15 UTC 2018 /home/travis/build/icyphy/ptII/ptolemy/actor/lib/test/auto/Expression16.xml
----------------- Instantiating /home/travis/build/icyphy/ptII/ptolemy/actor/lib/test/auto/Expression16.xml
2 ms. Memory: 1368064K Free: 279984K (20%)
----------------- Invoking toplevel() on ptolemy.moml.MoMLSimpleApplication@18f6b9ef
----------------- Done invoking toplevel() on ptolemy.moml.MoMLSimpleApplication@18f6b9ef
reloadAllAccessors: .Expression16

===========================================================================================
----------------- testing Wed Jun 13 16:14:15 UTC 2018 /home/travis/build/icyphy/ptII/ptolemy/actor/lib/test/auto/Expression17.xml
----------------- Instantiating /home/travis/build/icyphy/ptII/ptolemy/actor/lib/test/auto/Expression17.xml
2 ms. Memory: 1368064K Free: 263362K (19%)
----------------- Invoking toplevel() on ptolemy.moml.MoMLSimpleApplication@1e73bd2a
----------------- Done invoking toplevel() on ptolemy.moml.MoMLSimpleApplication@1e73bd2a
reloadAllAccessors: .Expression17

===========================================================================================
----------------- testing Wed Jun 13 16:14:15 UTC 2018 /home/travis/build/icyphy/ptII/ptolemy/actor/lib/test/auto/Expression18.xml
----------------- Instantiating /home/travis/build/icyphy/ptII/ptolemy/actor/lib/test/auto/Expression18.xml
2 ms. Memory: 1368064K Free: 246739K (18%)
----------------- Invoking toplevel() on ptolemy.moml.MoMLSimpleApplication@45999d7c
----------------- Done invoking toplevel() on ptolemy.moml.MoMLSimpleApplication@45999d7c
reloadAllAccessors: .Expression18

===========================================================================================
----------------- testing Wed Jun 13 16:14:15 UTC 2018 /home/travis/build/icyphy/ptII/ptolemy/actor/lib/test/auto/Expression2.xml
----------------- Instantiating /home/travis/build/icyphy/ptII/ptolemy/actor/lib/test/auto/Expression2.xml
4 ms. Memory: 1368064K Free: 221038K (16%)
----------------- Invoking toplevel() on ptolemy.moml.MoMLSimpleApplication@59bc0083
----------------- Done invoking toplevel() on ptolemy.moml.MoMLSimpleApplication@59bc0083
reloadAllAccessors: .Expression2

===========================================================================================
----------------- testing Wed Jun 13 16:14:15 UTC 2018 /home/travis/build/icyphy/ptII/ptolemy/actor/lib/test/auto/Expression3.xml
----------------- Instantiating /home/travis/build/icyphy/ptII/ptolemy/actor/lib/test/auto/Expression3.xml
3 ms. Memory: 1368064K Free: 204415K (15%)
----------------- Invoking toplevel() on ptolemy.moml.MoMLSimpleApplication@2f715dde
----------------- Done invoking toplevel() on ptolemy.moml.MoMLSimpleApplication@2f715dde
reloadAllAccessors: .Expression3

===========================================================================================
----------------- testing Wed Jun 13 16:14:15 UTC 2018 /home/travis/build/icyphy/ptII/ptolemy/actor/lib/test/auto/Expression4.xml
----------------- Instantiating /home/travis/build/icyphy/ptII/ptolemy/actor/lib/test/auto/Expression4.xml
4 ms. Memory: 1368064K Free: 187792K (14%)
----------------- Invoking toplevel() on ptolemy.moml.MoMLSimpleApplication@41a1db05
----------------- Done invoking toplevel() on ptolemy.moml.MoMLSimpleApplication@41a1db05
reloadAllAccessors: .Expression4

===========================================================================================
----------------- testing Wed Jun 13 16:14:15 UTC 2018 /home/travis/build/icyphy/ptII/ptolemy/actor/lib/test/auto/Expression5.xml
----------------- Instantiating /home/travis/build/icyphy/ptII/ptolemy/actor/lib/test/auto/Expression5.xml
3 ms. Memory: 1368064K Free: 171169K (13%)
----------------- Invoking toplevel() on ptolemy.moml.MoMLSimpleApplication@42a093d0
----------------- Done invoking toplevel() on ptolemy.moml.MoMLSimpleApplication@42a093d0
reloadAllAccessors: .Expression5

===========================================================================================
----------------- testing Wed Jun 13 16:14:15 UTC 2018 /home/travis/build/icyphy/ptII/ptolemy/actor/lib/test/auto/Expression6.xml
----------------- Instantiating /home/travis/build/icyphy/ptII/ptolemy/actor/lib/test/auto/Expression6.xml
3 ms. Memory: 1368064K Free: 145469K (11%)
----------------- Invoking toplevel() on ptolemy.moml.MoMLSimpleApplication@40120d25
----------------- Done invoking toplevel() on ptolemy.moml.MoMLSimpleApplication@40120d25
reloadAllAccessors: .Expression6

===========================================================================================
----------------- testing Wed Jun 13 16:14:15 UTC 2018 /home/travis/build/icyphy/ptII/ptolemy/actor/lib/test/auto/Expression7.xml
----------------- Instantiating /home/travis/build/icyphy/ptII/ptolemy/actor/lib/test/auto/Expression7.xml
3 ms. Memory: 1368064K Free: 128846K (9%)
----------------- Invoking toplevel() on ptolemy.moml.MoMLSimpleApplication@29311306
----------------- Done invoking toplevel() on ptolemy.moml.MoMLSimpleApplication@29311306
reloadAllAccessors: .Expression7

===========================================================================================
----------------- testing Wed Jun 13 16:14:15 UTC 2018 /home/travis/build/icyphy/ptII/ptolemy/actor/lib/test/auto/Expression8.xml
----------------- Instantiating /home/travis/build/icyphy/ptII/ptolemy/actor/lib/test/auto/Expression8.xml
3 ms. Memory: 1368064K Free: 112223K (8%)
----------------- Invoking toplevel() on ptolemy.moml.MoMLSimpleApplication@57854f19
----------------- Done invoking toplevel() on ptolemy.moml.MoMLSimpleApplication@57854f19
reloadAllAccessors: .Expression8

===========================================================================================
----------------- testing Wed Jun 13 16:14:15 UTC 2018 /home/travis/build/icyphy/ptII/ptolemy/actor/lib/test/auto/Expression9.xml
----------------- Instantiating /home/travis/build/icyphy/ptII/ptolemy/actor/lib/test/auto/Expression9.xml
2 ms. Memory: 1368064K Free: 95600K (7%)
----------------- Invoking toplevel() on ptolemy.moml.MoMLSimpleApplication@579db934
----------------- Done invoking toplevel() on ptolemy.moml.MoMLSimpleApplication@579db934
reloadAllAccessors: .Expression9

===========================================================================================
----------------- testing Wed Jun 13 16:14:15 UTC 2018 /home/travis/build/icyphy/ptII/ptolemy/actor/lib/test/auto/ExpressionConcatenateArrayType.xml
----------------- Instantiating /home/travis/build/icyphy/ptII/ptolemy/actor/lib/test/auto/ExpressionConcatenateArrayType.xml
2 ms. Memory: 1368576K Free: 1318295K (96%)
----------------- Invoking toplevel() on ptolemy.moml.MoMLSimpleApplication@3f6a46c1
----------------- Done invoking toplevel() on ptolemy.moml.MoMLSimpleApplication@3f6a46c1
reloadAllAccessors: .ExpressionConcatenateArrayType

===========================================================================================
----------------- testing Wed Jun 13 16:14:15 UTC 2018 /home/travis/build/icyphy/ptII/ptolemy/actor/lib/test/auto/ExpressionConcatenateArrayType2.xml
----------------- Instantiating /home/travis/build/icyphy/ptII/ptolemy/actor/lib/test/auto/ExpressionConcatenateArrayType2.xml
1 ms. Memory: 1368576K Free: 1299292K (95%)
----------------- Invoking toplevel() on ptolemy.moml.MoMLSimpleApplication@2706daea
----------------- Done invoking toplevel() on ptolemy.moml.MoMLSimpleApplication@2706daea
reloadAllAccessors: .ExpressionConcatenateArrayType2

===========================================================================================
----------------- testing Wed Jun 13 16:14:15 UTC 2018 /home/travis/build/icyphy/ptII/ptolemy/actor/lib/test/auto/ExpressionFix.xml
----------------- Instantiating /home/travis/build/icyphy/ptII/ptolemy/actor/lib/test/auto/ExpressionFix.xml
7 ms. Memory: 1368576K Free: 1286715K (94%)
----------------- Invoking toplevel() on ptolemy.moml.MoMLSimpleApplication@1e9d351a
----------------- Done invoking toplevel() on ptolemy.moml.MoMLSimpleApplication@1e9d351a
reloadAllAccessors: .ExpressionFix

===========================================================================================
----------------- testing Wed Jun 13 16:14:15 UTC 2018 /home/travis/build/icyphy/ptII/ptolemy/actor/lib/test/auto/ExpressionFix2.xml
----------------- Instantiating /home/travis/build/icyphy/ptII/ptolemy/actor/lib/test/auto/ExpressionFix2.xml
3 ms. Memory: 1368576K Free: 1267712K (93%)
----------------- Invoking toplevel() on ptolemy.moml.MoMLSimpleApplication@4e8ddd25
----------------- Done invoking toplevel() on ptolemy.moml.MoMLSimpleApplication@4e8ddd25
reloadAllAccessors: .ExpressionFix2

===========================================================================================
----------------- testing Wed Jun 13 16:14:15 UTC 2018 /home/travis/build/icyphy/ptII/ptolemy/actor/lib/test/auto/ExpressionFix3.xml
----------------- Instantiating /home/travis/build/icyphy/ptII/ptolemy/actor/lib/test/auto/ExpressionFix3.xml
3 ms. Memory: 1368576K Free: 1255245K (92%)
----------------- Invoking toplevel() on ptolemy.moml.MoMLSimpleApplication@6444d92f
----------------- Done invoking toplevel() on ptolemy.moml.MoMLSimpleApplication@6444d92f
reloadAllAccessors: .ExpressionFix3

===========================================================================================
----------------- testing Wed Jun 13 16:14:15 UTC 2018 /home/travis/build/icyphy/ptII/ptolemy/actor/lib/test/auto/FileWriter1.xml
----------------- Instantiating /home/travis/build/icyphy/ptII/ptolemy/actor/lib/test/auto/FileWriter1.xml
2 ms. Memory: 1368576K Free: 1242778K (91%)
----------------- Invoking toplevel() on ptolemy.moml.MoMLSimpleApplication@70c81f86
----------------- Done invoking toplevel() on ptolemy.moml.MoMLSimpleApplication@70c81f86
reloadAllAccessors: .FileWriter1

===========================================================================================
----------------- testing Wed Jun 13 16:14:15 UTC 2018 /home/travis/build/icyphy/ptII/ptolemy/actor/lib/test/auto/FileWriter2.xml
----------------- Instantiating /home/travis/build/icyphy/ptII/ptolemy/actor/lib/test/auto/FileWriter2.xml
2 ms. Memory: 1368576K Free: 1223775K (89%)
----------------- Invoking toplevel() on ptolemy.moml.MoMLSimpleApplication@f680ff6
----------------- Done invoking toplevel() on ptolemy.moml.MoMLSimpleApplication@f680ff6
reloadAllAccessors: .FileWriter2

===========================================================================================
----------------- testing Wed Jun 13 16:14:15 UTC 2018 /home/travis/build/icyphy/ptII/ptolemy/actor/lib/test/auto/FileWriter3.xml
----------------- Instantiating /home/travis/build/icyphy/ptII/ptolemy/actor/lib/test/auto/FileWriter3.xml
5 ms. Memory: 1368576K Free: 1211308K (89%)
----------------- Invoking toplevel() on ptolemy.moml.MoMLSimpleApplication@607f6407
----------------- Done invoking toplevel() on ptolemy.moml.MoMLSimpleApplication@607f6407
reloadAllAccessors: .FileWriter3

===========================================================================================
----------------- testing Wed Jun 13 16:14:15 UTC 2018 /home/travis/build/icyphy/ptII/ptolemy/actor/lib/test/auto/Gaussian.xml
----------------- Instantiating /home/travis/build/icyphy/ptII/ptolemy/actor/lib/test/auto/Gaussian.xml
3 ms. Memory: 1368576K Free: 1198840K (88%)
----------------- Invoking toplevel() on ptolemy.moml.MoMLSimpleApplication@49898375
----------------- Done invoking toplevel() on ptolemy.moml.MoMLSimpleApplication@49898375
reloadAllAccessors: .Gaussian

===========================================================================================
----------------- testing Wed Jun 13 16:14:15 UTC 2018 /home/travis/build/icyphy/ptII/ptolemy/actor/lib/test/auto/Gaussian1.xml
----------------- Instantiating /home/travis/build/icyphy/ptII/ptolemy/actor/lib/test/auto/Gaussian1.xml
2 ms. Memory: 1368576K Free: 1179837K (86%)
----------------- Invoking toplevel() on ptolemy.moml.MoMLSimpleApplication@24ca6586
----------------- Done invoking toplevel() on ptolemy.moml.MoMLSimpleApplication@24ca6586
reloadAllAccessors: .Gaussian1

===========================================================================================
----------------- testing Wed Jun 13 16:14:15 UTC 2018 /home/travis/build/icyphy/ptII/ptolemy/actor/lib/test/auto/Gaussian2.xml
----------------- Instantiating /home/travis/build/icyphy/ptII/ptolemy/actor/lib/test/auto/Gaussian2.xml
4 ms. Memory: 1368576K Free: 1167370K (85%)
----------------- Invoking toplevel() on ptolemy.moml.MoMLSimpleApplication@120d7c1a
----------------- Done invoking toplevel() on ptolemy.moml.MoMLSimpleApplication@120d7c1a
reloadAllAccessors: .Gaussian2

===========================================================================================
----------------- testing Wed Jun 13 16:14:15 UTC 2018 /home/travis/build/icyphy/ptII/ptolemy/actor/lib/test/auto/GradientAdaptiveLattice.xml
----------------- Instantiating /home/travis/build/icyphy/ptII/ptolemy/actor/lib/test/auto/GradientAdaptiveLattice.xml
5 ms. Memory: 1368576K Free: 1154903K (84%)
----------------- Invoking toplevel() on ptolemy.moml.MoMLSimpleApplication@6bd3565e
----------------- Done invoking toplevel() on ptolemy.moml.MoMLSimpleApplication@6bd3565e
reloadAllAccessors: .GradientAdaptiveLattice

===========================================================================================
----------------- testing Wed Jun 13 16:14:15 UTC 2018 /home/travis/build/icyphy/ptII/ptolemy/actor/lib/test/auto/IIR.xml
----------------- Instantiating /home/travis/build/icyphy/ptII/ptolemy/actor/lib/test/auto/IIR.xml
1 ms. Memory: 1368576K Free: 1135900K (83%)
----------------- Invoking toplevel() on ptolemy.moml.MoMLSimpleApplication@136be01a
----------------- Done invoking toplevel() on ptolemy.moml.MoMLSimpleApplication@136be01a
reloadAllAccessors: .IIR

===========================================================================================
----------------- testing Wed Jun 13 16:14:15 UTC 2018 /home/travis/build/icyphy/ptII/ptolemy/actor/lib/test/auto/InputOutputTransparentPorts.xml
----------------- Instantiating /home/travis/build/icyphy/ptII/ptolemy/actor/lib/test/auto/InputOutputTransparentPorts.xml
2 ms. Memory: 1368576K Free: 1115329K (81%)
----------------- Invoking toplevel() on ptolemy.moml.MoMLSimpleApplication@5d068261
----------------- Done invoking toplevel() on ptolemy.moml.MoMLSimpleApplication@5d068261
reloadAllAccessors: .InputOutputTransparentPorts

===========================================================================================
----------------- testing Wed Jun 13 16:14:15 UTC 2018 /home/travis/build/icyphy/ptII/ptolemy/actor/lib/test/auto/Interpolator.xml
----------------- Instantiating /home/travis/build/icyphy/ptII/ptolemy/actor/lib/test/auto/Interpolator.xml
4 ms. Memory: 1368576K Free: 1102862K (81%)
----------------- Invoking toplevel() on ptolemy.moml.MoMLSimpleApplication@73d58db
----------------- Done invoking toplevel() on ptolemy.moml.MoMLSimpleApplication@73d58db
reloadAllAccessors: .Interpolator

===========================================================================================
----------------- testing Wed Jun 13 16:14:15 UTC 2018 /home/travis/build/icyphy/ptII/ptolemy/actor/lib/test/auto/InterpolatorFiringLimitDE.xml
----------------- Instantiating /home/travis/build/icyphy/ptII/ptolemy/actor/lib/test/auto/InterpolatorFiringLimitDE.xml
2 ms. Memory: 1368576K Free: 1083858K (79%)
----------------- Invoking toplevel() on ptolemy.moml.MoMLSimpleApplication@15661ede
----------------- Done invoking toplevel() on ptolemy.moml.MoMLSimpleApplication@15661ede
reloadAllAccessors: .InterpolatorFiringLimitDE

===========================================================================================
----------------- testing Wed Jun 13 16:14:15 UTC 2018 /home/travis/build/icyphy/ptII/ptolemy/actor/lib/test/auto/Lattice.xml
----------------- Instantiating /home/travis/build/icyphy/ptII/ptolemy/actor/lib/test/auto/Lattice.xml
1 ms. Memory: 1368576K Free: 1071391K (78%)
----------------- Invoking toplevel() on ptolemy.moml.MoMLSimpleApplication@108fcd7e
----------------- Done invoking toplevel() on ptolemy.moml.MoMLSimpleApplication@108fcd7e
reloadAllAccessors: .Lattice

===========================================================================================
----------------- testing Wed Jun 13 16:14:15 UTC 2018 /home/travis/build/icyphy/ptII/ptolemy/actor/lib/test/auto/LazyAOCTestLazy.xml
----------------- Instantiating /home/travis/build/icyphy/ptII/ptolemy/actor/lib/test/auto/LazyAOCTestLazy.xml
7 ms. Memory: 1368576K Free: 1058924K (77%)
----------------- Invoking toplevel() on ptolemy.moml.MoMLSimpleApplication@49066544
----------------- Done invoking toplevel() on ptolemy.moml.MoMLSimpleApplication@49066544
reloadAllAccessors: .LazyAOCTestLazy

===========================================================================================
----------------- testing Wed Jun 13 16:14:16 UTC 2018 /home/travis/build/icyphy/ptII/ptolemy/actor/lib/test/auto/LazyAOCTestNonLazy.xml
----------------- Instantiating /home/travis/build/icyphy/ptII/ptolemy/actor/lib/test/auto/LazyAOCTestNonLazy.xml
10 ms. Memory: 1368576K Free: 1039921K (76%)
----------------- Invoking toplevel() on ptolemy.moml.MoMLSimpleApplication@3354dca1
----------------- Done invoking toplevel() on ptolemy.moml.MoMLSimpleApplication@3354dca1
reloadAllAccessors: .LazyAOCTestNonLazy

===========================================================================================
----------------- testing Wed Jun 13 16:14:16 UTC 2018 /home/travis/build/icyphy/ptII/ptolemy/actor/lib/test/auto/LazyInnerClass.xml
----------------- Instantiating /home/travis/build/icyphy/ptII/ptolemy/actor/lib/test/auto/LazyInnerClass.xml
22 ms. Memory: 1368576K Free: 1027454K (75%)
----------------- Invoking toplevel() on ptolemy.moml.MoMLSimpleApplication@2644dd48
----------------- Done invoking toplevel() on ptolemy.moml.MoMLSimpleApplication@2644dd48
reloadAllAccessors: .LazyInnerClass

===========================================================================================
----------------- testing Wed Jun 13 16:14:16 UTC 2018 /home/travis/build/icyphy/ptII/ptolemy/actor/lib/test/auto/LazyPubSub.xml
----------------- Instantiating /home/travis/build/icyphy/ptII/ptolemy/actor/lib/test/auto/LazyPubSub.xml
25 ms. Memory: 1368576K Free: 1014986K (74%)
----------------- Invoking toplevel() on ptolemy.moml.MoMLSimpleApplication@67367cbb
----------------- Done invoking toplevel() on ptolemy.moml.MoMLSimpleApplication@67367cbb
reloadAllAccessors: .LazyPubSub

===========================================================================================
----------------- testing Wed Jun 13 16:14:16 UTC 2018 /home/travis/build/icyphy/ptII/ptolemy/actor/lib/test/auto/LazyPubSub2.xml
----------------- Instantiating /home/travis/build/icyphy/ptII/ptolemy/actor/lib/test/auto/LazyPubSub2.xml
15 ms. Memory: 1368576K Free: 995983K (73%)
----------------- Invoking toplevel() on ptolemy.moml.MoMLSimpleApplication@75832986
----------------- Done invoking toplevel() on ptolemy.moml.MoMLSimpleApplication@75832986
reloadAllAccessors: .LazyPubSub2

===========================================================================================
----------------- testing Wed Jun 13 16:14:16 UTC 2018 /home/travis/build/icyphy/ptII/ptolemy/actor/lib/test/auto/LazyPubSub3.xml
----------------- Instantiating /home/travis/build/icyphy/ptII/ptolemy/actor/lib/test/auto/LazyPubSub3.xml
10 ms. Memory: 1368576K Free: 983516K (72%)
----------------- Invoking toplevel() on ptolemy.moml.MoMLSimpleApplication@497c7607
----------------- Done invoking toplevel() on ptolemy.moml.MoMLSimpleApplication@497c7607
reloadAllAccessors: .LazyPubSub3

===========================================================================================
----------------- testing Wed Jun 13 16:14:16 UTC 2018 /home/travis/build/icyphy/ptII/ptolemy/actor/lib/test/auto/LazySubClassModel.xml
----------------- Instantiating /home/travis/build/icyphy/ptII/ptolemy/actor/lib/test/auto/LazySubClassModel.xml
2 ms. Memory: 1368576K Free: 958271K (70%)
----------------- Invoking toplevel() on ptolemy.moml.MoMLSimpleApplication@ad523b0
----------------- Done invoking toplevel() on ptolemy.moml.MoMLSimpleApplication@ad523b0
reloadAllAccessors: .LazySubClassModel

===========================================================================================
----------------- testing Wed Jun 13 16:14:16 UTC 2018 /home/travis/build/icyphy/ptII/ptolemy/actor/lib/test/auto/LevelCrossTest1.xml
----------------- Instantiating /home/travis/build/icyphy/ptII/ptolemy/actor/lib/test/auto/LevelCrossTest1.xml
1 ms. Memory: 1368576K Free: 945804K (69%)
----------------- Invoking toplevel() on ptolemy.moml.MoMLSimpleApplication@33834409
----------------- Done invoking toplevel() on ptolemy.moml.MoMLSimpleApplication@33834409
reloadAllAccessors: .broken

===========================================================================================
----------------- testing Wed Jun 13 16:14:16 UTC 2018 /home/travis/build/icyphy/ptII/ptolemy/actor/lib/test/auto/LevelCrossTest10.xml
----------------- Instantiating /home/travis/build/icyphy/ptII/ptolemy/actor/lib/test/auto/LevelCrossTest10.xml
1 ms. Memory: 1368576K Free: 933337K (68%)
----------------- Invoking toplevel() on ptolemy.moml.MoMLSimpleApplication@6ad02107
----------------- Done invoking toplevel() on ptolemy.moml.MoMLSimpleApplication@6ad02107
reloadAllAccessors: .LevelCrossTest10

===========================================================================================
----------------- testing Wed Jun 13 16:14:16 UTC 2018 /home/travis/build/icyphy/ptII/ptolemy/actor/lib/test/auto/LevelCrossTest11.xml
----------------- Instantiating /home/travis/build/icyphy/ptII/ptolemy/actor/lib/test/auto/LevelCrossTest11.xml
1 ms. Memory: 1368576K Free: 914333K (67%)
----------------- Invoking toplevel() on ptolemy.moml.MoMLSimpleApplication@3fcb7ee
----------------- Done invoking toplevel() on ptolemy.moml.MoMLSimpleApplication@3fcb7ee
reloadAllAccessors: .LevelCrossTest11

===========================================================================================
----------------- testing Wed Jun 13 16:14:16 UTC 2018 /home/travis/build/icyphy/ptII/ptolemy/actor/lib/test/auto/LevelCrossTest12.xml
----------------- Instantiating /home/travis/build/icyphy/ptII/ptolemy/actor/lib/test/auto/LevelCrossTest12.xml
1 ms. Memory: 1368576K Free: 901866K (66%)
----------------- Invoking toplevel() on ptolemy.moml.MoMLSimpleApplication@4e7ad700
----------------- Done invoking toplevel() on ptolemy.moml.MoMLSimpleApplication@4e7ad700
reloadAllAccessors: .LevelCrossTest12

===========================================================================================
----------------- testing Wed Jun 13 16:14:16 UTC 2018 /home/travis/build/icyphy/ptII/ptolemy/actor/lib/test/auto/LevelCrossTest13.xml
----------------- Instantiating /home/travis/build/icyphy/ptII/ptolemy/actor/lib/test/auto/LevelCrossTest13.xml
1 ms. Memory: 1368576K Free: 889399K (65%)
----------------- Invoking toplevel() on ptolemy.moml.MoMLSimpleApplication@632a211d
----------------- Done invoking toplevel() on ptolemy.moml.MoMLSimpleApplication@632a211d
reloadAllAccessors: .LevelCrossTest13

===========================================================================================
----------------- testing Wed Jun 13 16:14:16 UTC 2018 /home/travis/build/icyphy/ptII/ptolemy/actor/lib/test/auto/LevelCrossTest2.xml
----------------- Instantiating /home/travis/build/icyphy/ptII/ptolemy/actor/lib/test/auto/LevelCrossTest2.xml
1 ms. Memory: 1368576K Free: 870396K (64%)
----------------- Invoking toplevel() on ptolemy.moml.MoMLSimpleApplication@4e14de2c
----------------- Done invoking toplevel() on ptolemy.moml.MoMLSimpleApplication@4e14de2c
reloadAllAccessors: .broken

===========================================================================================
----------------- testing Wed Jun 13 16:14:16 UTC 2018 /home/travis/build/icyphy/ptII/ptolemy/actor/lib/test/auto/LevelCrossTest3.xml
----------------- Instantiating /home/travis/build/icyphy/ptII/ptolemy/actor/lib/test/auto/LevelCrossTest3.xml
1 ms. Memory: 1368576K Free: 857929K (63%)
----------------- Invoking toplevel() on ptolemy.moml.MoMLSimpleApplication@e05a16f
----------------- Done invoking toplevel() on ptolemy.moml.MoMLSimpleApplication@e05a16f
reloadAllAccessors: .LevelCrossTest3

===========================================================================================
----------------- testing Wed Jun 13 16:14:16 UTC 2018 /home/travis/build/icyphy/ptII/ptolemy/actor/lib/test/auto/LevelCrossTest4.xml
----------------- Instantiating /home/travis/build/icyphy/ptII/ptolemy/actor/lib/test/auto/LevelCrossTest4.xml
1 ms. Memory: 1368576K Free: 845461K (62%)
----------------- Invoking toplevel() on ptolemy.moml.MoMLSimpleApplication@113b975d
----------------- Done invoking toplevel() on ptolemy.moml.MoMLSimpleApplication@113b975d
reloadAllAccessors: .broken

===========================================================================================
----------------- testing Wed Jun 13 16:14:16 UTC 2018 /home/travis/build/icyphy/ptII/ptolemy/actor/lib/test/auto/LevelCrossTest5.xml
----------------- Instantiating /home/travis/build/icyphy/ptII/ptolemy/actor/lib/test/auto/LevelCrossTest5.xml
1 ms. Memory: 1368576K Free: 826458K (60%)
----------------- Invoking toplevel() on ptolemy.moml.MoMLSimpleApplication@6767a3c1
----------------- Done invoking toplevel() on ptolemy.moml.MoMLSimpleApplication@6767a3c1
reloadAllAccessors: .LevelCrossTest5

===========================================================================================
----------------- testing Wed Jun 13 16:14:16 UTC 2018 /home/travis/build/icyphy/ptII/ptolemy/actor/lib/test/auto/LevelCrossTest6.xml
----------------- Instantiating /home/travis/build/icyphy/ptII/ptolemy/actor/lib/test/auto/LevelCrossTest6.xml
1 ms. Memory: 1368576K Free: 813991K (59%)
----------------- Invoking toplevel() on ptolemy.moml.MoMLSimpleApplication@1aa0e10
----------------- Done invoking toplevel() on ptolemy.moml.MoMLSimpleApplication@1aa0e10
reloadAllAccessors: .LevelCrossTest6

===========================================================================================
----------------- testing Wed Jun 13 16:14:16 UTC 2018 /home/travis/build/icyphy/ptII/ptolemy/actor/lib/test/auto/LevelCrossTest7.xml
----------------- Instantiating /home/travis/build/icyphy/ptII/ptolemy/actor/lib/test/auto/LevelCrossTest7.xml
1 ms. Memory: 1368576K Free: 801524K (59%)
----------------- Invoking toplevel() on ptolemy.moml.MoMLSimpleApplication@6ddab0f9
----------------- Done invoking toplevel() on ptolemy.moml.MoMLSimpleApplication@6ddab0f9
reloadAllAccessors: .LevelCrossTest7

===========================================================================================
----------------- testing Wed Jun 13 16:14:16 UTC 2018 /home/travis/build/icyphy/ptII/ptolemy/actor/lib/test/auto/LevelCrossTest8.xml
----------------- Instantiating /home/travis/build/icyphy/ptII/ptolemy/actor/lib/test/auto/LevelCrossTest8.xml
1 ms. Memory: 1368576K Free: 782521K (57%)
----------------- Invoking toplevel() on ptolemy.moml.MoMLSimpleApplication@1f9a0856
----------------- Done invoking toplevel() on ptolemy.moml.MoMLSimpleApplication@1f9a0856
reloadAllAccessors: .LevelCrossTest8

===========================================================================================
----------------- testing Wed Jun 13 16:14:16 UTC 2018 /home/travis/build/icyphy/ptII/ptolemy/actor/lib/test/auto/LevelCrossTest9.xml
----------------- Instantiating /home/travis/build/icyphy/ptII/ptolemy/actor/lib/test/auto/LevelCrossTest9.xml
2 ms. Memory: 1368576K Free: 770053K (56%)
----------------- Invoking toplevel() on ptolemy.moml.MoMLSimpleApplication@1d4c64ac
----------------- Done invoking toplevel() on ptolemy.moml.MoMLSimpleApplication@1d4c64ac
reloadAllAccessors: .LevelCrossTest9

===========================================================================================
----------------- testing Wed Jun 13 16:14:16 UTC 2018 /home/travis/build/icyphy/ptII/ptolemy/actor/lib/test/auto/LevinsonDurbin.xml
----------------- Instantiating /home/travis/build/icyphy/ptII/ptolemy/actor/lib/test/auto/LevinsonDurbin.xml
6 ms. Memory: 1368576K Free: 757586K (55%)
----------------- Invoking toplevel() on ptolemy.moml.MoMLSimpleApplication@48bbb64a
----------------- Done invoking toplevel() on ptolemy.moml.MoMLSimpleApplication@48bbb64a
reloadAllAccessors: .LevinsonDurbin

===========================================================================================
----------------- testing Wed Jun 13 16:14:16 UTC 2018 /home/travis/build/icyphy/ptII/ptolemy/actor/lib/test/auto/LevinsonDurbin2.xml
----------------- Instantiating /home/travis/build/icyphy/ptII/ptolemy/actor/lib/test/auto/LevinsonDurbin2.xml
1 ms. Memory: 1368576K Free: 738583K (54%)
----------------- Invoking toplevel() on ptolemy.moml.MoMLSimpleApplication@6d4ec3d1
----------------- Done invoking toplevel() on ptolemy.moml.MoMLSimpleApplication@6d4ec3d1
reloadAllAccessors: .LevinsonDurbin2

===========================================================================================
----------------- testing Wed Jun 13 16:14:16 UTC 2018 /home/travis/build/icyphy/ptII/ptolemy/actor/lib/test/auto/LevinsonDurbin3.xml
----------------- Instantiating /home/travis/build/icyphy/ptII/ptolemy/actor/lib/test/auto/LevinsonDurbin3.xml
2 ms. Memory: 1368576K Free: 726116K (53%)
----------------- Invoking toplevel() on ptolemy.moml.MoMLSimpleApplication@6e6a4610
----------------- Done invoking toplevel() on ptolemy.moml.MoMLSimpleApplication@6e6a4610
reloadAllAccessors: .LevinsonDurbin3

===========================================================================================
----------------- testing Wed Jun 13 16:14:16 UTC 2018 /home/travis/build/icyphy/ptII/ptolemy/actor/lib/test/auto/Limiter.xml
----------------- Instantiating /home/travis/build/icyphy/ptII/ptolemy/actor/lib/test/auto/Limiter.xml
4 ms. Memory: 1368576K Free: 700871K (51%)
----------------- Invoking toplevel() on ptolemy.moml.MoMLSimpleApplication@4601e1bb
----------------- Done invoking toplevel() on ptolemy.moml.MoMLSimpleApplication@4601e1bb
reloadAllAccessors: .Limiter

===========================================================================================
----------------- testing Wed Jun 13 16:14:16 UTC 2018 /home/travis/build/icyphy/ptII/ptolemy/actor/lib/test/auto/LinearDifferenceEquationSystem.xml
----------------- Instantiating /home/travis/build/icyphy/ptII/ptolemy/actor/lib/test/auto/LinearDifferenceEquationSystem.xml
4 ms. Memory: 1368576K Free: 688404K (50%)
----------------- Invoking toplevel() on ptolemy.moml.MoMLSimpleApplication@4d9ef979
----------------- Done invoking toplevel() on ptolemy.moml.MoMLSimpleApplication@4d9ef979
reloadAllAccessors: .LinearDifferenceEquationSystem

===========================================================================================
----------------- testing Wed Jun 13 16:14:16 UTC 2018 /home/travis/build/icyphy/ptII/ptolemy/actor/lib/test/auto/LookupTable.xml
----------------- Instantiating /home/travis/build/icyphy/ptII/ptolemy/actor/lib/test/auto/LookupTable.xml
5 ms. Memory: 1368576K Free: 675936K (49%)
----------------- Invoking toplevel() on ptolemy.moml.MoMLSimpleApplication@69d9082f
----------------- Done invoking toplevel() on ptolemy.moml.MoMLSimpleApplication@69d9082f
reloadAllAccessors: .LookupTable

===========================================================================================
----------------- testing Wed Jun 13 16:14:16 UTC 2018 /home/travis/build/icyphy/ptII/ptolemy/actor/lib/test/auto/MathFunction.xml
----------------- Instantiating /home/travis/build/icyphy/ptII/ptolemy/actor/lib/test/auto/MathFunction.xml
4 ms. Memory: 1368576K Free: 656934K (48%)
----------------- Invoking toplevel() on ptolemy.moml.MoMLSimpleApplication@ae3d21c
----------------- Done invoking toplevel() on ptolemy.moml.MoMLSimpleApplication@ae3d21c
reloadAllAccessors: .MathFunction

===========================================================================================
----------------- testing Wed Jun 13 16:14:16 UTC 2018 /home/travis/build/icyphy/ptII/ptolemy/actor/lib/test/auto/MathFunction2.xml
----------------- Instantiating /home/travis/build/icyphy/ptII/ptolemy/actor/lib/test/auto/MathFunction2.xml
1 ms. Memory: 1368576K Free: 644466K (47%)
----------------- Invoking toplevel() on ptolemy.moml.MoMLSimpleApplication@31be421a
----------------- Done invoking toplevel() on ptolemy.moml.MoMLSimpleApplication@31be421a
reloadAllAccessors: .MathFunction2

===========================================================================================
----------------- testing Wed Jun 13 16:14:16 UTC 2018 /home/travis/build/icyphy/ptII/ptolemy/actor/lib/test/auto/MathFunction3.xml
----------------- Instantiating /home/travis/build/icyphy/ptII/ptolemy/actor/lib/test/auto/MathFunction3.xml
7 ms. Memory: 1368576K Free: 631999K (46%)
----------------- Invoking toplevel() on ptolemy.moml.MoMLSimpleApplication@159cfc6d
----------------- Done invoking toplevel() on ptolemy.moml.MoMLSimpleApplication@159cfc6d
reloadAllAccessors: .MathFunction3

===========================================================================================
----------------- testing Wed Jun 13 16:14:16 UTC 2018 /home/travis/build/icyphy/ptII/ptolemy/actor/lib/test/auto/MatrixCropBoolean.xml
----------------- Instantiating /home/travis/build/icyphy/ptII/ptolemy/actor/lib/test/auto/MatrixCropBoolean.xml
2 ms. Memory: 1368576K Free: 612996K (45%)
----------------- Invoking toplevel() on ptolemy.moml.MoMLSimpleApplication@25e57047
----------------- Done invoking toplevel() on ptolemy.moml.MoMLSimpleApplication@25e57047
reloadAllAccessors: .MatrixCropBoolean

===========================================================================================
----------------- testing Wed Jun 13 16:14:16 UTC 2018 /home/travis/build/icyphy/ptII/ptolemy/actor/lib/test/auto/MatrixCropComplex.xml
----------------- Instantiating /home/travis/build/icyphy/ptII/ptolemy/actor/lib/test/auto/MatrixCropComplex.xml
2 ms. Memory: 1368576K Free: 600529K (44%)
----------------- Invoking toplevel() on ptolemy.moml.MoMLSimpleApplication@710f114d
----------------- Done invoking toplevel() on ptolemy.moml.MoMLSimpleApplication@710f114d
reloadAllAccessors: .MatrixCropComplex

===========================================================================================
----------------- testing Wed Jun 13 16:14:16 UTC 2018 /home/travis/build/icyphy/ptII/ptolemy/actor/lib/test/auto/MatrixCropDouble.xml
----------------- Instantiating /home/travis/build/icyphy/ptII/ptolemy/actor/lib/test/auto/MatrixCropDouble.xml
2 ms. Memory: 1368576K Free: 588062K (43%)
----------------- Invoking toplevel() on ptolemy.moml.MoMLSimpleApplication@5fb4362
----------------- Done invoking toplevel() on ptolemy.moml.MoMLSimpleApplication@5fb4362
reloadAllAccessors: .MatrixCropDouble

===========================================================================================
----------------- testing Wed Jun 13 16:14:16 UTC 2018 /home/travis/build/icyphy/ptII/ptolemy/actor/lib/test/auto/MatrixCropFix.xml
----------------- Instantiating /home/travis/build/icyphy/ptII/ptolemy/actor/lib/test/auto/MatrixCropFix.xml
1 ms. Memory: 1368576K Free: 569059K (42%)
----------------- Invoking toplevel() on ptolemy.moml.MoMLSimpleApplication@3443ec63
----------------- Done invoking toplevel() on ptolemy.moml.MoMLSimpleApplication@3443ec63
reloadAllAccessors: .MatrixCropFix

===========================================================================================
----------------- testing Wed Jun 13 16:14:16 UTC 2018 /home/travis/build/icyphy/ptII/ptolemy/actor/lib/test/auto/MatrixCropInt.xml
----------------- Instantiating /home/travis/build/icyphy/ptII/ptolemy/actor/lib/test/auto/MatrixCropInt.xml
1 ms. Memory: 1368576K Free: 556592K (41%)
----------------- Invoking toplevel() on ptolemy.moml.MoMLSimpleApplication@28b5db03
----------------- Done invoking toplevel() on ptolemy.moml.MoMLSimpleApplication@28b5db03
reloadAllAccessors: .MatrixCropInt

===========================================================================================
----------------- testing Wed Jun 13 16:14:16 UTC 2018 /home/travis/build/icyphy/ptII/ptolemy/actor/lib/test/auto/MatrixCropLong.xml
----------------- Instantiating /home/travis/build/icyphy/ptII/ptolemy/actor/lib/test/auto/MatrixCropLong.xml
1 ms. Memory: 1368576K Free: 544124K (40%)
----------------- Invoking toplevel() on ptolemy.moml.MoMLSimpleApplication@11a7bc1a
----------------- Done invoking toplevel() on ptolemy.moml.MoMLSimpleApplication@11a7bc1a
reloadAllAccessors: .MatrixCropLong

===========================================================================================
----------------- testing Wed Jun 13 16:14:16 UTC 2018 /home/travis/build/icyphy/ptII/ptolemy/actor/lib/test/auto/MatrixToArray.xml
----------------- Instantiating /home/travis/build/icyphy/ptII/ptolemy/actor/lib/test/auto/MatrixToArray.xml
9 ms. Memory: 1368576K Free: 512630K (37%)
----------------- Invoking toplevel() on ptolemy.moml.MoMLSimpleApplication@3cccdfc5
----------------- Done invoking toplevel() on ptolemy.moml.MoMLSimpleApplication@3cccdfc5
reloadAllAccessors: .MatrixToArray

===========================================================================================
----------------- testing Wed Jun 13 16:14:16 UTC 2018 /home/travis/build/icyphy/ptII/ptolemy/actor/lib/test/auto/MaxIndex.xml
----------------- Instantiating /home/travis/build/icyphy/ptII/ptolemy/actor/lib/test/auto/MaxIndex.xml
2 ms. Memory: 1368576K Free: 500163K (37%)
----------------- Invoking toplevel() on ptolemy.moml.MoMLSimpleApplication@7e2a3b54
----------------- Done invoking toplevel() on ptolemy.moml.MoMLSimpleApplication@7e2a3b54
reloadAllAccessors: .MaxIndex

===========================================================================================
----------------- testing Wed Jun 13 16:14:16 UTC 2018 /home/travis/build/icyphy/ptII/ptolemy/actor/lib/test/auto/Maximum.xml
----------------- Instantiating /home/travis/build/icyphy/ptII/ptolemy/actor/lib/test/auto/Maximum.xml
3 ms. Memory: 1368576K Free: 481160K (35%)
----------------- Invoking toplevel() on ptolemy.moml.MoMLSimpleApplication@75d4c011
----------------- Done invoking toplevel() on ptolemy.moml.MoMLSimpleApplication@75d4c011
reloadAllAccessors: .Maximum

===========================================================================================
----------------- testing Wed Jun 13 16:14:16 UTC 2018 /home/travis/build/icyphy/ptII/ptolemy/actor/lib/test/auto/MaximumComplex.xml
----------------- Instantiating /home/travis/build/icyphy/ptII/ptolemy/actor/lib/test/auto/MaximumComplex.xml
6 ms. Memory: 1368576K Free: 468693K (34%)
----------------- Invoking toplevel() on ptolemy.moml.MoMLSimpleApplication@3beb277b
----------------- Done invoking toplevel() on ptolemy.moml.MoMLSimpleApplication@3beb277b
reloadAllAccessors: .MaximumComplex

===========================================================================================
----------------- testing Wed Jun 13 16:14:16 UTC 2018 /home/travis/build/icyphy/ptII/ptolemy/actor/lib/test/auto/MethodCallTest.xml
----------------- Instantiating /home/travis/build/icyphy/ptII/ptolemy/actor/lib/test/auto/MethodCallTest.xml
2 ms. Memory: 1368576K Free: 456226K (33%)
----------------- Invoking toplevel() on ptolemy.moml.MoMLSimpleApplication@6c14ccb8
----------------- Done invoking toplevel() on ptolemy.moml.MoMLSimpleApplication@6c14ccb8
reloadAllAccessors: .MethodCallTest

===========================================================================================
----------------- testing Wed Jun 13 16:14:17 UTC 2018 /home/travis/build/icyphy/ptII/ptolemy/actor/lib/test/auto/Minimum.xml
----------------- Instantiating /home/travis/build/icyphy/ptII/ptolemy/actor/lib/test/auto/Minimum.xml
2 ms. Memory: 1368576K Free: 437223K (32%)
----------------- Invoking toplevel() on ptolemy.moml.MoMLSimpleApplication@1b662459
----------------- Done invoking toplevel() on ptolemy.moml.MoMLSimpleApplication@1b662459
reloadAllAccessors: .Minimum

===========================================================================================
----------------- testing Wed Jun 13 16:14:17 UTC 2018 /home/travis/build/icyphy/ptII/ptolemy/actor/lib/test/auto/MinimumComplex.xml
----------------- Instantiating /home/travis/build/icyphy/ptII/ptolemy/actor/lib/test/auto/MinimumComplex.xml
2 ms. Memory: 1368576K Free: 424756K (31%)
----------------- Invoking toplevel() on ptolemy.moml.MoMLSimpleApplication@25d9e6d9
----------------- Done invoking toplevel() on ptolemy.moml.MoMLSimpleApplication@25d9e6d9
reloadAllAccessors: .MinimumComplex

===========================================================================================
----------------- testing Wed Jun 13 16:14:17 UTC 2018 /home/travis/build/icyphy/ptII/ptolemy/actor/lib/test/auto/MinimumMultiports.xml
----------------- Instantiating /home/travis/build/icyphy/ptII/ptolemy/actor/lib/test/auto/MinimumMultiports.xml
4 ms. Memory: 1368576K Free: 412289K (30%)
----------------- Invoking toplevel() on ptolemy.moml.MoMLSimpleApplication@2119ee4
----------------- Done invoking toplevel() on ptolemy.moml.MoMLSimpleApplication@2119ee4
reloadAllAccessors: .MinimumMultiports

===========================================================================================
----------------- testing Wed Jun 13 16:14:17 UTC 2018 /home/travis/build/icyphy/ptII/ptolemy/actor/lib/test/auto/ModifyDate.xml
----------------- Instantiating /home/travis/build/icyphy/ptII/ptolemy/actor/lib/test/auto/ModifyDate.xml
6 ms. Memory: 1368576K Free: 387044K (28%)
----------------- Invoking toplevel() on ptolemy.moml.MoMLSimpleApplication@4230c8ab
----------------- Done invoking toplevel() on ptolemy.moml.MoMLSimpleApplication@4230c8ab
reloadAllAccessors: .ModifyDate

===========================================================================================
----------------- testing Wed Jun 13 16:14:17 UTC 2018 /home/travis/build/icyphy/ptII/ptolemy/actor/lib/test/auto/ModifyDate2.xml
----------------- Instantiating /home/travis/build/icyphy/ptII/ptolemy/actor/lib/test/auto/ModifyDate2.xml
5 ms. Memory: 1368576K Free: 368343K (27%)
----------------- Invoking toplevel() on ptolemy.moml.MoMLSimpleApplication@70d31532
----------------- Done invoking toplevel() on ptolemy.moml.MoMLSimpleApplication@70d31532
reloadAllAccessors: .ModifyDate2

===========================================================================================
----------------- testing Wed Jun 13 16:14:17 UTC 2018 /home/travis/build/icyphy/ptII/ptolemy/actor/lib/test/auto/MovingAverage.xml
----------------- Instantiating /home/travis/build/icyphy/ptII/ptolemy/actor/lib/test/auto/MovingAverage.xml
2 ms. Memory: 1368576K Free: 355876K (26%)
----------------- Invoking toplevel() on ptolemy.moml.MoMLSimpleApplication@15fafc6c
----------------- Done invoking toplevel() on ptolemy.moml.MoMLSimpleApplication@15fafc6c
reloadAllAccessors: .MovingAverage

===========================================================================================
----------------- testing Wed Jun 13 16:14:17 UTC 2018 /home/travis/build/icyphy/ptII/ptolemy/actor/lib/test/auto/MovingMaximum.xml
----------------- Instantiating /home/travis/build/icyphy/ptII/ptolemy/actor/lib/test/auto/MovingMaximum.xml
2 ms. Memory: 1368576K Free: 336873K (25%)
----------------- Invoking toplevel() on ptolemy.moml.MoMLSimpleApplication@53041b0a
----------------- Done invoking toplevel() on ptolemy.moml.MoMLSimpleApplication@53041b0a
reloadAllAccessors: .MovingMaximum

===========================================================================================
----------------- testing Wed Jun 13 16:14:17 UTC 2018 /home/travis/build/icyphy/ptII/ptolemy/actor/lib/test/auto/MultipleLinksToSameRelation.xml
----------------- Instantiating /home/travis/build/icyphy/ptII/ptolemy/actor/lib/test/auto/MultipleLinksToSameRelation.xml
2 ms. Memory: 1368576K Free: 324406K (24%)
----------------- Invoking toplevel() on ptolemy.moml.MoMLSimpleApplication@2ef1b7be
----------------- Done invoking toplevel() on ptolemy.moml.MoMLSimpleApplication@2ef1b7be
reloadAllAccessors: .MultipleLinksToSameRelation

===========================================================================================
----------------- testing Wed Jun 13 16:14:17 UTC 2018 /home/travis/build/icyphy/ptII/ptolemy/actor/lib/test/auto/MultipleLinksToSameRelationDE.xml
----------------- Instantiating /home/travis/build/icyphy/ptII/ptolemy/actor/lib/test/auto/MultipleLinksToSameRelationDE.xml
4 ms. Memory: 1368576K Free: 305403K (22%)
----------------- Invoking toplevel() on ptolemy.moml.MoMLSimpleApplication@678abb11
----------------- Done invoking toplevel() on ptolemy.moml.MoMLSimpleApplication@678abb11
reloadAllAccessors: .MultipleLinksToSameRelationDE

===========================================================================================
----------------- testing Wed Jun 13 16:14:17 UTC 2018 /home/travis/build/icyphy/ptII/ptolemy/actor/lib/test/auto/Multiplexor.xml
----------------- Instantiating /home/travis/build/icyphy/ptII/ptolemy/actor/lib/test/auto/Multiplexor.xml
2 ms. Memory: 1368576K Free: 292936K (21%)
----------------- Invoking toplevel() on ptolemy.moml.MoMLSimpleApplication@62068dec
----------------- Done invoking toplevel() on ptolemy.moml.MoMLSimpleApplication@62068dec
reloadAllAccessors: .Multiplexor

===========================================================================================
----------------- testing Wed Jun 13 16:14:17 UTC 2018 /home/travis/build/icyphy/ptII/ptolemy/actor/lib/test/auto/Multiplexor1.xml
----------------- Instantiating /home/travis/build/icyphy/ptII/ptolemy/actor/lib/test/auto/Multiplexor1.xml
2 ms. Memory: 1368576K Free: 280469K (20%)
----------------- Invoking toplevel() on ptolemy.moml.MoMLSimpleApplication@5d39f78e
----------------- Done invoking toplevel() on ptolemy.moml.MoMLSimpleApplication@5d39f78e
reloadAllAccessors: .Multiplexor1

===========================================================================================
----------------- testing Wed Jun 13 16:14:17 UTC 2018 /home/travis/build/icyphy/ptII/ptolemy/actor/lib/test/auto/Multiplexor2.xml
----------------- Instantiating /home/travis/build/icyphy/ptII/ptolemy/actor/lib/test/auto/Multiplexor2.xml
4 ms. Memory: 1368576K Free: 261466K (19%)
----------------- Invoking toplevel() on ptolemy.moml.MoMLSimpleApplication@3340e754
----------------- Done invoking toplevel() on ptolemy.moml.MoMLSimpleApplication@3340e754
reloadAllAccessors: .Multiplexor2

===========================================================================================
----------------- testing Wed Jun 13 16:14:17 UTC 2018 /home/travis/build/icyphy/ptII/ptolemy/actor/lib/test/auto/Multiplexor3.xml
----------------- Instantiating /home/travis/build/icyphy/ptII/ptolemy/actor/lib/test/auto/Multiplexor3.xml
2 ms. Memory: 1368576K Free: 248999K (18%)
----------------- Invoking toplevel() on ptolemy.moml.MoMLSimpleApplication@4942e14f
----------------- Done invoking toplevel() on ptolemy.moml.MoMLSimpleApplication@4942e14f
reloadAllAccessors: .Multiplexor3

===========================================================================================
----------------- testing Wed Jun 13 16:14:17 UTC 2018 /home/travis/build/icyphy/ptII/ptolemy/actor/lib/test/auto/MultiplexorDE.xml
----------------- Instantiating /home/travis/build/icyphy/ptII/ptolemy/actor/lib/test/auto/MultiplexorDE.xml
2 ms. Memory: 1368576K Free: 236531K (17%)
----------------- Invoking toplevel() on ptolemy.moml.MoMLSimpleApplication@310a609e
----------------- Done invoking toplevel() on ptolemy.moml.MoMLSimpleApplication@310a609e
reloadAllAccessors: .MultiplexorDE

===========================================================================================
----------------- testing Wed Jun 13 16:14:17 UTC 2018 /home/travis/build/icyphy/ptII/ptolemy/actor/lib/test/auto/MultiportBroadcastTest.xml
----------------- Instantiating /home/travis/build/icyphy/ptII/ptolemy/actor/lib/test/auto/MultiportBroadcastTest.xml
87 ms. Memory: 1368576K Free: 217528K (16%)
----------------- Invoking toplevel() on ptolemy.moml.MoMLSimpleApplication@17cced6
----------------- Done invoking toplevel() on ptolemy.moml.MoMLSimpleApplication@17cced6
reloadAllAccessors: .MultiportBroadcastTest

===========================================================================================
----------------- testing Wed Jun 13 16:14:17 UTC 2018 /home/travis/build/icyphy/ptII/ptolemy/actor/lib/test/auto/MultiportOutHangDuringGetWidth.xml
----------------- Instantiating /home/travis/build/icyphy/ptII/ptolemy/actor/lib/test/auto/MultiportOutHangDuringGetWidth.xml
5 ms. Memory: 1368576K Free: 198827K (15%)
----------------- Invoking toplevel() on ptolemy.moml.MoMLSimpleApplication@2b7e281b
----------------- Done invoking toplevel() on ptolemy.moml.MoMLSimpleApplication@2b7e281b
reloadAllAccessors: .MultiportOutHangDuringGetWidth

===========================================================================================
----------------- testing Wed Jun 13 16:14:17 UTC 2018 /home/travis/build/icyphy/ptII/ptolemy/actor/lib/test/auto/NilToken.xml
----------------- Instantiating /home/travis/build/icyphy/ptII/ptolemy/actor/lib/test/auto/NilToken.xml
1 ms. Memory: 1368576K Free: 186360K (14%)
----------------- Invoking toplevel() on ptolemy.moml.MoMLSimpleApplication@b568974
----------------- Done invoking toplevel() on ptolemy.moml.MoMLSimpleApplication@b568974
reloadAllAccessors: .NilToken

===========================================================================================
----------------- testing Wed Jun 13 16:14:17 UTC 2018 /home/travis/build/icyphy/ptII/ptolemy/actor/lib/test/auto/NilTokenNonStrictTest.xml
----------------- Instantiating /home/travis/build/icyphy/ptII/ptolemy/actor/lib/test/auto/NilTokenNonStrictTest.xml
3 ms. Memory: 1368576K Free: 167357K (12%)
----------------- Invoking toplevel() on ptolemy.moml.MoMLSimpleApplication@58668d66
----------------- Done invoking toplevel() on ptolemy.moml.MoMLSimpleApplication@58668d66
reloadAllAccessors: .NilTokenNonStrictTest

===========================================================================================
----------------- testing Wed Jun 13 16:14:17 UTC 2018 /home/travis/build/icyphy/ptII/ptolemy/actor/lib/test/auto/NilTokenRecord.xml
----------------- Instantiating /home/travis/build/icyphy/ptII/ptolemy/actor/lib/test/auto/NilTokenRecord.xml
4 ms. Memory: 1368576K Free: 154890K (11%)
----------------- Invoking toplevel() on ptolemy.moml.MoMLSimpleApplication@4705e8af
----------------- Done invoking toplevel() on ptolemy.moml.MoMLSimpleApplication@4705e8af
reloadAllAccessors: .NilTokenRecord

===========================================================================================
----------------- testing Wed Jun 13 16:14:17 UTC 2018 /home/travis/build/icyphy/ptII/ptolemy/actor/lib/test/auto/NilTokenTypeTest.xml
----------------- Instantiating /home/travis/build/icyphy/ptII/ptolemy/actor/lib/test/auto/NilTokenTypeTest.xml
6 ms. Memory: 1368576K Free: 136181K (10%)
----------------- Invoking toplevel() on ptolemy.moml.MoMLSimpleApplication@6e17e41b
----------------- Done invoking toplevel() on ptolemy.moml.MoMLSimpleApplication@6e17e41b
reloadAllAccessors: .NilTokenTypeTest

===========================================================================================
----------------- testing Wed Jun 13 16:14:17 UTC 2018 /home/travis/build/icyphy/ptII/ptolemy/actor/lib/test/auto/ObjectToken1.xml
----------------- Instantiating /home/travis/build/icyphy/ptII/ptolemy/actor/lib/test/auto/ObjectToken1.xml
2 ms. Memory: 1368576K Free: 117178K (9%)
----------------- Invoking toplevel() on ptolemy.moml.MoMLSimpleApplication@7255016b
----------------- Done invoking toplevel() on ptolemy.moml.MoMLSimpleApplication@7255016b
reloadAllAccessors: .ObjectToken1

===========================================================================================
----------------- testing Wed Jun 13 16:14:17 UTC 2018 /home/travis/build/icyphy/ptII/ptolemy/actor/lib/test/auto/OrderedMerge.xml
----------------- Instantiating /home/travis/build/icyphy/ptII/ptolemy/actor/lib/test/auto/OrderedMerge.xml
5 ms. Memory: 1368576K Free: 82003K (6%)
----------------- Invoking toplevel() on ptolemy.moml.MoMLSimpleApplication@4a1c94f1
----------------- Done invoking toplevel() on ptolemy.moml.MoMLSimpleApplication@4a1c94f1
reloadAllAccessors: .OrderedMerge

===========================================================================================
----------------- testing Wed Jun 13 16:14:17 UTC 2018 /home/travis/build/icyphy/ptII/ptolemy/actor/lib/test/auto/OrderedRecordDisassembler.xml
----------------- Instantiating /home/travis/build/icyphy/ptII/ptolemy/actor/lib/test/auto/OrderedRecordDisassembler.xml
3 ms. Memory: 1537024K Free: 1472422K (96%)
----------------- Invoking toplevel() on ptolemy.moml.MoMLSimpleApplication@640854d8
----------------- Done invoking toplevel() on ptolemy.moml.MoMLSimpleApplication@640854d8
reloadAllAccessors: .OrderedRecordDisassembler

===========================================================================================
----------------- testing Wed Jun 13 16:14:17 UTC 2018 /home/travis/build/icyphy/ptII/ptolemy/actor/lib/test/auto/OrderedRecordDisassembler2.xml
----------------- Instantiating /home/travis/build/icyphy/ptII/ptolemy/actor/lib/test/auto/OrderedRecordDisassembler2.xml
3 ms. Memory: 1537024K Free: 1458076K (95%)
----------------- Invoking toplevel() on ptolemy.moml.MoMLSimpleApplication@14f9c138
----------------- Done invoking toplevel() on ptolemy.moml.MoMLSimpleApplication@14f9c138
reloadAllAccessors: .OrderedRecordDisassembler2

===========================================================================================
----------------- testing Wed Jun 13 16:14:17 UTC 2018 /home/travis/build/icyphy/ptII/ptolemy/actor/lib/test/auto/OrderedRecordUpdater.xml
----------------- Instantiating /home/travis/build/icyphy/ptII/ptolemy/actor/lib/test/auto/OrderedRecordUpdater.xml
1 ms. Memory: 1537024K Free: 1443730K (94%)
----------------- Invoking toplevel() on ptolemy.moml.MoMLSimpleApplication@6c2414c9
----------------- Done invoking toplevel() on ptolemy.moml.MoMLSimpleApplication@6c2414c9
reloadAllAccessors: .RecordUpdater

===========================================================================================
----------------- testing Wed Jun 13 16:14:17 UTC 2018 /home/travis/build/icyphy/ptII/ptolemy/actor/lib/test/auto/OrderedRecordUpdater2.xml
----------------- Instantiating /home/travis/build/icyphy/ptII/ptolemy/actor/lib/test/auto/OrderedRecordUpdater2.xml
3 ms. Memory: 1537024K Free: 1423010K (93%)
----------------- Invoking toplevel() on ptolemy.moml.MoMLSimpleApplication@f072909
----------------- Done invoking toplevel() on ptolemy.moml.MoMLSimpleApplication@f072909
reloadAllAccessors: .RecordUpdater2

===========================================================================================
----------------- testing Wed Jun 13 16:14:17 UTC 2018 /home/travis/build/icyphy/ptII/ptolemy/actor/lib/test/auto/PhaseUnwrap.xml
----------------- Instantiating /home/travis/build/icyphy/ptII/ptolemy/actor/lib/test/auto/PhaseUnwrap.xml
1 ms. Memory: 1537024K Free: 1408664K (92%)
----------------- Invoking toplevel() on ptolemy.moml.MoMLSimpleApplication@50e473dd
----------------- Done invoking toplevel() on ptolemy.moml.MoMLSimpleApplication@50e473dd
reloadAllAccessors: .PhaseUnwrap

===========================================================================================
----------------- testing Wed Jun 13 16:14:17 UTC 2018 /home/travis/build/icyphy/ptII/ptolemy/actor/lib/test/auto/PoissonClock.xml
----------------- Instantiating /home/travis/build/icyphy/ptII/ptolemy/actor/lib/test/auto/PoissonClock.xml
1 ms. Memory: 1537024K Free: 1394318K (91%)
----------------- Invoking toplevel() on ptolemy.moml.MoMLSimpleApplication@2b9af21a
----------------- Done invoking toplevel() on ptolemy.moml.MoMLSimpleApplication@2b9af21a
reloadAllAccessors: .PoissonClock

===========================================================================================
----------------- testing Wed Jun 13 16:14:17 UTC 2018 /home/travis/build/icyphy/ptII/ptolemy/actor/lib/test/auto/PoissonClock2.xml
----------------- Instantiating /home/travis/build/icyphy/ptII/ptolemy/actor/lib/test/auto/PoissonClock2.xml
1 ms. Memory: 1537024K Free: 1373598K (89%)
----------------- Invoking toplevel() on ptolemy.moml.MoMLSimpleApplication@39ad1901
----------------- Done invoking toplevel() on ptolemy.moml.MoMLSimpleApplication@39ad1901
reloadAllAccessors: .PoissonClock2

===========================================================================================
----------------- testing Wed Jun 13 16:14:17 UTC 2018 /home/travis/build/icyphy/ptII/ptolemy/actor/lib/test/auto/PoissonClock3.xml
----------------- Instantiating /home/travis/build/icyphy/ptII/ptolemy/actor/lib/test/auto/PoissonClock3.xml
1 ms. Memory: 1537024K Free: 1359251K (88%)
----------------- Invoking toplevel() on ptolemy.moml.MoMLSimpleApplication@70db589c
----------------- Done invoking toplevel() on ptolemy.moml.MoMLSimpleApplication@70db589c
reloadAllAccessors: .PoissonClock3

===========================================================================================
----------------- testing Wed Jun 13 16:14:17 UTC 2018 /home/travis/build/icyphy/ptII/ptolemy/actor/lib/test/auto/PubSubWithInitialTokens.xml
----------------- Instantiating /home/travis/build/icyphy/ptII/ptolemy/actor/lib/test/auto/PubSubWithInitialTokens.xml
4 ms. Memory: 1537024K Free: 1338532K (87%)
----------------- Invoking toplevel() on ptolemy.moml.MoMLSimpleApplication@30ceaba7
----------------- Done invoking toplevel() on ptolemy.moml.MoMLSimpleApplication@30ceaba7
reloadAllAccessors: .PubSubWithInitialTokens

===========================================================================================
----------------- testing Wed Jun 13 16:14:17 UTC 2018 /home/travis/build/icyphy/ptII/ptolemy/actor/lib/test/auto/PubSubWithInitialTokens2.xml
----------------- Instantiating /home/travis/build/icyphy/ptII/ptolemy/actor/lib/test/auto/PubSubWithInitialTokens2.xml
2 ms. Memory: 1537024K Free: 1324185K (86%)
----------------- Invoking toplevel() on ptolemy.moml.MoMLSimpleApplication@19662e26
----------------- Done invoking toplevel() on ptolemy.moml.MoMLSimpleApplication@19662e26
reloadAllAccessors: .PubSubWithInitialTokens2

===========================================================================================
----------------- testing Wed Jun 13 16:14:17 UTC 2018 /home/travis/build/icyphy/ptII/ptolemy/actor/lib/test/auto/PublisherClassNoParameter.xml
----------------- Instantiating /home/travis/build/icyphy/ptII/ptolemy/actor/lib/test/auto/PublisherClassNoParameter.xml
1 ms. Memory: 1537024K Free: 1302650K (85%)
----------------- Invoking toplevel() on ptolemy.moml.MoMLSimpleApplication@76f28b8c
----------------- Done invoking toplevel() on ptolemy.moml.MoMLSimpleApplication@76f28b8c
reloadAllAccessors: .PublisherClassNoParameter

===========================================================================================
----------------- testing Wed Jun 13 16:14:17 UTC 2018 /home/travis/build/icyphy/ptII/ptolemy/actor/lib/test/auto/PublisherClassParameter.xml
----------------- Instantiating /home/travis/build/icyphy/ptII/ptolemy/actor/lib/test/auto/PublisherClassParameter.xml
1 ms. Memory: 1537024K Free: 1274741K (83%)
----------------- Invoking toplevel() on ptolemy.moml.MoMLSimpleApplication@214e11b6
----------------- Done invoking toplevel() on ptolemy.moml.MoMLSimpleApplication@214e11b6
reloadAllAccessors: .PublisherClassParameter

===========================================================================================
----------------- testing Wed Jun 13 16:14:17 UTC 2018 /home/travis/build/icyphy/ptII/ptolemy/actor/lib/test/auto/PublisherNonStrictTest.xml
----------------- Instantiating /home/travis/build/icyphy/ptII/ptolemy/actor/lib/test/auto/PublisherNonStrictTest.xml
2 ms. Memory: 1537024K Free: 1260395K (82%)
----------------- Invoking toplevel() on ptolemy.moml.MoMLSimpleApplication@3d1f8d33
----------------- Done invoking toplevel() on ptolemy.moml.MoMLSimpleApplication@3d1f8d33
reloadAllAccessors: .PublisherNonStrictTest

===========================================================================================
----------------- testing Wed Jun 13 16:14:17 UTC 2018 /home/travis/build/icyphy/ptII/ptolemy/actor/lib/test/auto/PublisherPort1.xml
----------------- Instantiating /home/travis/build/icyphy/ptII/ptolemy/actor/lib/test/auto/PublisherPort1.xml
7 ms. Memory: 1537024K Free: 1246048K (81%)
----------------- Invoking toplevel() on ptolemy.moml.MoMLSimpleApplication@20390bb9
----------------- Done invoking toplevel() on ptolemy.moml.MoMLSimpleApplication@20390bb9
reloadAllAccessors: .PublisherPort1

===========================================================================================
----------------- testing Wed Jun 13 16:14:17 UTC 2018 /home/travis/build/icyphy/ptII/ptolemy/actor/lib/test/auto/PublisherPort2.xml
----------------- Instantiating /home/travis/build/icyphy/ptII/ptolemy/actor/lib/test/auto/PublisherPort2.xml
1 ms. Memory: 1537024K Free: 1225328K (80%)
----------------- Invoking toplevel() on ptolemy.moml.MoMLSimpleApplication@2785eb81
----------------- Done invoking toplevel() on ptolemy.moml.MoMLSimpleApplication@2785eb81
reloadAllAccessors: .PublisherPort2

===========================================================================================
----------------- testing Wed Jun 13 16:14:17 UTC 2018 /home/travis/build/icyphy/ptII/ptolemy/actor/lib/test/auto/PublisherPort3.xml
----------------- Instantiating /home/travis/build/icyphy/ptII/ptolemy/actor/lib/test/auto/PublisherPort3.xml
3 ms. Memory: 1537024K Free: 1210982K (79%)
----------------- Invoking toplevel() on ptolemy.moml.MoMLSimpleApplication@19405155
----------------- Done invoking toplevel() on ptolemy.moml.MoMLSimpleApplication@19405155
reloadAllAccessors: .PublisherPort3

===========================================================================================
----------------- testing Wed Jun 13 16:14:17 UTC 2018 /home/travis/build/icyphy/ptII/ptolemy/actor/lib/test/auto/PublisherPort4.xml
----------------- Instantiating /home/travis/build/icyphy/ptII/ptolemy/actor/lib/test/auto/PublisherPort4.xml
1 ms. Memory: 1537024K Free: 1190262K (77%)
----------------- Invoking toplevel() on ptolemy.moml.MoMLSimpleApplication@49629262
----------------- Done invoking toplevel() on ptolemy.moml.MoMLSimpleApplication@49629262
reloadAllAccessors: .PublisherPort4

===========================================================================================
----------------- testing Wed Jun 13 16:14:17 UTC 2018 /home/travis/build/icyphy/ptII/ptolemy/actor/lib/test/auto/PublisherPort5.xml
----------------- Instantiating /home/travis/build/icyphy/ptII/ptolemy/actor/lib/test/auto/PublisherPort5.xml
3 ms. Memory: 1537024K Free: 1175916K (77%)
----------------- Invoking toplevel() on ptolemy.moml.MoMLSimpleApplication@7e556ea3
----------------- Done invoking toplevel() on ptolemy.moml.MoMLSimpleApplication@7e556ea3
reloadAllAccessors: .PublisherPort5

===========================================================================================
----------------- testing Wed Jun 13 16:14:17 UTC 2018 /home/travis/build/icyphy/ptII/ptolemy/actor/lib/test/auto/PublisherPort5LookAlike.xml
----------------- Instantiating /home/travis/build/icyphy/ptII/ptolemy/actor/lib/test/auto/PublisherPort5LookAlike.xml
2 ms. Memory: 1537024K Free: 1161570K (76%)
----------------- Invoking toplevel() on ptolemy.moml.MoMLSimpleApplication@23924e79
----------------- Done invoking toplevel() on ptolemy.moml.MoMLSimpleApplication@23924e79
reloadAllAccessors: .PublisherPort5LookAlike

===========================================================================================
----------------- testing Wed Jun 13 16:14:17 UTC 2018 /home/travis/build/icyphy/ptII/ptolemy/actor/lib/test/auto/PublisherPort6.xml
----------------- Instantiating /home/travis/build/icyphy/ptII/ptolemy/actor/lib/test/auto/PublisherPort6.xml
2 ms. Memory: 1537024K Free: 1140850K (74%)
----------------- Invoking toplevel() on ptolemy.moml.MoMLSimpleApplication@2d9be87e
----------------- Done invoking toplevel() on ptolemy.moml.MoMLSimpleApplication@2d9be87e
reloadAllAccessors: .PublisherPort6

===========================================================================================
----------------- testing Wed Jun 13 16:14:17 UTC 2018 /home/travis/build/icyphy/ptII/ptolemy/actor/lib/test/auto/PublisherPort7.xml
----------------- Instantiating /home/travis/build/icyphy/ptII/ptolemy/actor/lib/test/auto/PublisherPort7.xml
2 ms. Memory: 1537024K Free: 1126504K (73%)
----------------- Invoking toplevel() on ptolemy.moml.MoMLSimpleApplication@234624ae
----------------- Done invoking toplevel() on ptolemy.moml.MoMLSimpleApplication@234624ae
reloadAllAccessors: .PublisherPort7

===========================================================================================
----------------- testing Wed Jun 13 16:14:17 UTC 2018 /home/travis/build/icyphy/ptII/ptolemy/actor/lib/test/auto/PublisherPort8.xml
----------------- Instantiating /home/travis/build/icyphy/ptII/ptolemy/actor/lib/test/auto/PublisherPort8.xml
3 ms. Memory: 1537024K Free: 1112157K (72%)
----------------- Invoking toplevel() on ptolemy.moml.MoMLSimpleApplication@645ff941
----------------- Done invoking toplevel() on ptolemy.moml.MoMLSimpleApplication@645ff941
reloadAllAccessors: .PublisherPort8

===========================================================================================
----------------- testing Wed Jun 13 16:14:18 UTC 2018 /home/travis/build/icyphy/ptII/ptolemy/actor/lib/test/auto/PublisherPortSubscriberChannelVariablesAOC2.xml
----------------- Instantiating /home/travis/build/icyphy/ptII/ptolemy/actor/lib/test/auto/PublisherPortSubscriberChannelVariablesAOC2.xml
2 ms. Memory: 1537024K Free: 1077067K (70%)
----------------- Invoking toplevel() on ptolemy.moml.MoMLSimpleApplication@2a4595fd
----------------- Done invoking toplevel() on ptolemy.moml.MoMLSimpleApplication@2a4595fd
reloadAllAccessors: .PublisherPortSubscriberChannelVariablesAOC2

===========================================================================================
----------------- testing Wed Jun 13 16:14:18 UTC 2018 /home/travis/build/icyphy/ptII/ptolemy/actor/lib/test/auto/PublisherPortSubscriberOpaqueWidthInference.xml
----------------- Instantiating /home/travis/build/icyphy/ptII/ptolemy/actor/lib/test/auto/PublisherPortSubscriberOpaqueWidthInference.xml
4 ms. Memory: 1537024K Free: 1062721K (69%)
----------------- Invoking toplevel() on ptolemy.moml.MoMLSimpleApplication@f0e890b
----------------- Done invoking toplevel() on ptolemy.moml.MoMLSimpleApplication@f0e890b
reloadAllAccessors: .PublisherPortSubscriberOpaqueWidthInference

===========================================================================================
----------------- testing Wed Jun 13 16:14:18 UTC 2018 /home/travis/build/icyphy/ptII/ptolemy/actor/lib/test/auto/PublisherPortSubscriberPortAdjacent.xml
----------------- Instantiating /home/travis/build/icyphy/ptII/ptolemy/actor/lib/test/auto/PublisherPortSubscriberPortAdjacent.xml
1 ms. Memory: 1537024K Free: 1042001K (68%)
----------------- Invoking toplevel() on ptolemy.moml.MoMLSimpleApplication@6400afc8
----------------- Done invoking toplevel() on ptolemy.moml.MoMLSimpleApplication@6400afc8
reloadAllAccessors: .PublisherPortSubscriberPortAdjacent

===========================================================================================
----------------- testing Wed Jun 13 16:14:18 UTC 2018 /home/travis/build/icyphy/ptII/ptolemy/actor/lib/test/auto/PublisherPortSubscriberPortExpression.xml
----------------- Instantiating /home/travis/build/icyphy/ptII/ptolemy/actor/lib/test/auto/PublisherPortSubscriberPortExpression.xml
3 ms. Memory: 1537024K Free: 1027655K (67%)
----------------- Invoking toplevel() on ptolemy.moml.MoMLSimpleApplication@7c30cbe7
----------------- Done invoking toplevel() on ptolemy.moml.MoMLSimpleApplication@7c30cbe7
reloadAllAccessors: .PublisherPortSubscriberPortExpression

===========================================================================================
----------------- testing Wed Jun 13 16:14:18 UTC 2018 /home/travis/build/icyphy/ptII/ptolemy/actor/lib/test/auto/PublisherPortSubscriberPortOpaqueD3Reverse.xml
----------------- Instantiating /home/travis/build/icyphy/ptII/ptolemy/actor/lib/test/auto/PublisherPortSubscriberPortOpaqueD3Reverse.xml
4 ms. Memory: 1537024K Free: 1013309K (66%)
----------------- Invoking toplevel() on ptolemy.moml.MoMLSimpleApplication@381e78d8
----------------- Done invoking toplevel() on ptolemy.moml.MoMLSimpleApplication@381e78d8
reloadAllAccessors: .PublisherPortSubscriberPortOpaqueD3Reverse

===========================================================================================
----------------- testing Wed Jun 13 16:14:18 UTC 2018 /home/travis/build/icyphy/ptII/ptolemy/actor/lib/test/auto/PublisherPortSubscriberPortOpaqueWidthInference.xml
----------------- Instantiating /home/travis/build/icyphy/ptII/ptolemy/actor/lib/test/auto/PublisherPortSubscriberPortOpaqueWidthInference.xml
3 ms. Memory: 1537024K Free: 992589K (65%)
----------------- Invoking toplevel() on ptolemy.moml.MoMLSimpleApplication@16a2325b
----------------- Done invoking toplevel() on ptolemy.moml.MoMLSimpleApplication@16a2325b
reloadAllAccessors: .PublisherPortSubscriberPortOpaqueWidthInference

===========================================================================================
----------------- testing Wed Jun 13 16:14:18 UTC 2018 /home/travis/build/icyphy/ptII/ptolemy/actor/lib/test/auto/PublisherPortToplevelSubscriberPortAOC.xml
----------------- Instantiating /home/travis/build/icyphy/ptII/ptolemy/actor/lib/test/auto/PublisherPortToplevelSubscriberPortAOC.xml
.PublisherPortToplevelSubscriberPortAOC.TestExceptionAttribute: initialize() was not invoked, but wrapup() was.  This is unusual, but not always a problem.  For example, exporting JNLP will do this.
0 ms. Memory: 1537024K Free: 978243K (64%)
----------------- Invoking toplevel() on ptolemy.moml.MoMLSimpleApplication@309a4db2
----------------- Done invoking toplevel() on ptolemy.moml.MoMLSimpleApplication@309a4db2
reloadAllAccessors: .PublisherPortToplevelSubscriberPortAOC

===========================================================================================
----------------- testing Wed Jun 13 16:14:18 UTC 2018 /home/travis/build/icyphy/ptII/ptolemy/actor/lib/test/auto/PublisherSubscriber.xml
----------------- Instantiating /home/travis/build/icyphy/ptII/ptolemy/actor/lib/test/auto/PublisherSubscriber.xml
3 ms. Memory: 1537024K Free: 963897K (63%)
----------------- Invoking toplevel() on ptolemy.moml.MoMLSimpleApplication@74ea52ca
----------------- Done invoking toplevel() on ptolemy.moml.MoMLSimpleApplication@74ea52ca
reloadAllAccessors: .PublisherSubscriber

===========================================================================================
----------------- testing Wed Jun 13 16:14:18 UTC 2018 /home/travis/build/icyphy/ptII/ptolemy/actor/lib/test/auto/PublisherSubscriber10.xml
----------------- Instantiating /home/travis/build/icyphy/ptII/ptolemy/actor/lib/test/auto/PublisherSubscriber10.xml
4 ms. Memory: 1537024K Free: 943177K (61%)
----------------- Invoking toplevel() on ptolemy.moml.MoMLSimpleApplication@33a76f66
----------------- Done invoking toplevel() on ptolemy.moml.MoMLSimpleApplication@33a76f66
reloadAllAccessors: .PublisherSubscriber10

===========================================================================================
----------------- testing Wed Jun 13 16:14:18 UTC 2018 /home/travis/build/icyphy/ptII/ptolemy/actor/lib/test/auto/PublisherSubscriber10InitialOutputs.xml
----------------- Instantiating /home/travis/build/icyphy/ptII/ptolemy/actor/lib/test/auto/PublisherSubscriber10InitialOutputs.xml
4 ms. Memory: 1537024K Free: 928831K (60%)
----------------- Invoking toplevel() on ptolemy.moml.MoMLSimpleApplication@7a98618f
----------------- Done invoking toplevel() on ptolemy.moml.MoMLSimpleApplication@7a98618f
reloadAllAccessors: .PublisherSubscriber10InitialOutputs

===========================================================================================
----------------- testing Wed Jun 13 16:14:18 UTC 2018 /home/travis/build/icyphy/ptII/ptolemy/actor/lib/test/auto/PublisherSubscriber11.xml
----------------- Instantiating /home/travis/build/icyphy/ptII/ptolemy/actor/lib/test/auto/PublisherSubscriber11.xml
2 ms. Memory: 1537024K Free: 908111K (59%)
----------------- Invoking toplevel() on ptolemy.moml.MoMLSimpleApplication@2f6a70c7
----------------- Done invoking toplevel() on ptolemy.moml.MoMLSimpleApplication@2f6a70c7
reloadAllAccessors: .PublisherSubscriber11

===========================================================================================
----------------- testing Wed Jun 13 16:14:18 UTC 2018 /home/travis/build/icyphy/ptII/ptolemy/actor/lib/test/auto/PublisherSubscriber12.xml
----------------- Instantiating /home/travis/build/icyphy/ptII/ptolemy/actor/lib/test/auto/PublisherSubscriber12.xml
2 ms. Memory: 1537024K Free: 893765K (58%)
----------------- Invoking toplevel() on ptolemy.moml.MoMLSimpleApplication@4357c6cc
----------------- Done invoking toplevel() on ptolemy.moml.MoMLSimpleApplication@4357c6cc
reloadAllAccessors: .PublisherSubscriber12

===========================================================================================
----------------- testing Wed Jun 13 16:14:18 UTC 2018 /home/travis/build/icyphy/ptII/ptolemy/actor/lib/test/auto/PublisherSubscriber13.xml
----------------- Instantiating /home/travis/build/icyphy/ptII/ptolemy/actor/lib/test/auto/PublisherSubscriber13.xml
2 ms. Memory: 1537024K Free: 879418K (57%)
----------------- Invoking toplevel() on ptolemy.moml.MoMLSimpleApplication@57979a77
----------------- Done invoking toplevel() on ptolemy.moml.MoMLSimpleApplication@57979a77
reloadAllAccessors: .PublisherSubscriber13

===========================================================================================
----------------- testing Wed Jun 13 16:14:18 UTC 2018 /home/travis/build/icyphy/ptII/ptolemy/actor/lib/test/auto/PublisherSubscriber14.xml
----------------- Instantiating /home/travis/build/icyphy/ptII/ptolemy/actor/lib/test/auto/PublisherSubscriber14.xml
2 ms. Memory: 1537024K Free: 858699K (56%)
----------------- Invoking toplevel() on ptolemy.moml.MoMLSimpleApplication@6a7ac4ef
----------------- Done invoking toplevel() on ptolemy.moml.MoMLSimpleApplication@6a7ac4ef
reloadAllAccessors: .PublisherSubscriber14

===========================================================================================
----------------- testing Wed Jun 13 16:14:18 UTC 2018 /home/travis/build/icyphy/ptII/ptolemy/actor/lib/test/auto/PublisherSubscriber2.xml
----------------- Instantiating /home/travis/build/icyphy/ptII/ptolemy/actor/lib/test/auto/PublisherSubscriber2.xml
2 ms. Memory: 1537024K Free: 844352K (55%)
----------------- Invoking toplevel() on ptolemy.moml.MoMLSimpleApplication@61872f83
----------------- Done invoking toplevel() on ptolemy.moml.MoMLSimpleApplication@61872f83
reloadAllAccessors: .PublisherSubscriber2

===========================================================================================
----------------- testing Wed Jun 13 16:14:18 UTC 2018 /home/travis/build/icyphy/ptII/ptolemy/actor/lib/test/auto/PublisherSubscriber3.xml
----------------- Instantiating /home/travis/build/icyphy/ptII/ptolemy/actor/lib/test/auto/PublisherSubscriber3.xml
2 ms. Memory: 1537024K Free: 823633K (54%)
----------------- Invoking toplevel() on ptolemy.moml.MoMLSimpleApplication@1068d724
----------------- Done invoking toplevel() on ptolemy.moml.MoMLSimpleApplication@1068d724
reloadAllAccessors: .PublisherSubscriber3

===========================================================================================
----------------- testing Wed Jun 13 16:14:18 UTC 2018 /home/travis/build/icyphy/ptII/ptolemy/actor/lib/test/auto/PublisherSubscriber4.xml
----------------- Instantiating /home/travis/build/icyphy/ptII/ptolemy/actor/lib/test/auto/PublisherSubscriber4.xml
2 ms. Memory: 1537024K Free: 809286K (53%)
----------------- Invoking toplevel() on ptolemy.moml.MoMLSimpleApplication@3759f6fd
----------------- Done invoking toplevel() on ptolemy.moml.MoMLSimpleApplication@3759f6fd
reloadAllAccessors: .PublisherSubscriber4

===========================================================================================
----------------- testing Wed Jun 13 16:14:18 UTC 2018 /home/travis/build/icyphy/ptII/ptolemy/actor/lib/test/auto/PublisherSubscriber5.xml
----------------- Instantiating /home/travis/build/icyphy/ptII/ptolemy/actor/lib/test/auto/PublisherSubscriber5.xml
2 ms. Memory: 1537024K Free: 794940K (52%)
----------------- Invoking toplevel() on ptolemy.moml.MoMLSimpleApplication@2f28f4c9
----------------- Done invoking toplevel() on ptolemy.moml.MoMLSimpleApplication@2f28f4c9
reloadAllAccessors: .PublisherSubscriber5

===========================================================================================
----------------- testing Wed Jun 13 16:14:18 UTC 2018 /home/travis/build/icyphy/ptII/ptolemy/actor/lib/test/auto/PublisherSubscriber6.xml
----------------- Instantiating /home/travis/build/icyphy/ptII/ptolemy/actor/lib/test/auto/PublisherSubscriber6.xml
1 ms. Memory: 1537024K Free: 774220K (50%)
----------------- Invoking toplevel() on ptolemy.moml.MoMLSimpleApplication@7da332c2
----------------- Done invoking toplevel() on ptolemy.moml.MoMLSimpleApplication@7da332c2
reloadAllAccessors: .PublisherSubscriber6

===========================================================================================
----------------- testing Wed Jun 13 16:14:18 UTC 2018 /home/travis/build/icyphy/ptII/ptolemy/actor/lib/test/auto/PublisherSubscriber7.xml
----------------- Instantiating /home/travis/build/icyphy/ptII/ptolemy/actor/lib/test/auto/PublisherSubscriber7.xml
2 ms. Memory: 1537024K Free: 759874K (49%)
----------------- Invoking toplevel() on ptolemy.moml.MoMLSimpleApplication@a23d3c7
----------------- Done invoking toplevel() on ptolemy.moml.MoMLSimpleApplication@a23d3c7
reloadAllAccessors: .PublisherSubscriber7

===========================================================================================
----------------- testing Wed Jun 13 16:14:18 UTC 2018 /home/travis/build/icyphy/ptII/ptolemy/actor/lib/test/auto/PublisherSubscriber8.xml
----------------- Instantiating /home/travis/build/icyphy/ptII/ptolemy/actor/lib/test/auto/PublisherSubscriber8.xml
8 ms. Memory: 1537024K Free: 673796K (44%)
----------------- Invoking toplevel() on ptolemy.moml.MoMLSimpleApplication@6b0e98bf
----------------- Done invoking toplevel() on ptolemy.moml.MoMLSimpleApplication@6b0e98bf
reloadAllAccessors: .PublisherSubscriber8

===========================================================================================
----------------- testing Wed Jun 13 16:14:18 UTC 2018 /home/travis/build/icyphy/ptII/ptolemy/actor/lib/test/auto/PublisherSubscriber9.xml
----------------- Instantiating /home/travis/build/icyphy/ptII/ptolemy/actor/lib/test/auto/PublisherSubscriber9.xml
4 ms. Memory: 1537024K Free: 653076K (42%)
----------------- Invoking toplevel() on ptolemy.moml.MoMLSimpleApplication@1299cb56
----------------- Done invoking toplevel() on ptolemy.moml.MoMLSimpleApplication@1299cb56
reloadAllAccessors: .PublisherSubscriber9

===========================================================================================
----------------- testing Wed Jun 13 16:14:18 UTC 2018 /home/travis/build/icyphy/ptII/ptolemy/actor/lib/test/auto/PublisherSubscriberAdjacent.xml
----------------- Instantiating /home/travis/build/icyphy/ptII/ptolemy/actor/lib/test/auto/PublisherSubscriberAdjacent.xml
2 ms. Memory: 1537024K Free: 638730K (42%)
----------------- Invoking toplevel() on ptolemy.moml.MoMLSimpleApplication@29975bb6
----------------- Done invoking toplevel() on ptolemy.moml.MoMLSimpleApplication@29975bb6
reloadAllAccessors: .PublisherSubscriberAdjacent

===========================================================================================
----------------- testing Wed Jun 13 16:14:18 UTC 2018 /home/travis/build/icyphy/ptII/ptolemy/actor/lib/test/auto/PublisherSubscriberChannelVariablesAOC2.xml
----------------- Instantiating /home/travis/build/icyphy/ptII/ptolemy/actor/lib/test/auto/PublisherSubscriberChannelVariablesAOC2.xml
3 ms. Memory: 1537024K Free: 610821K (40%)
----------------- Invoking toplevel() on ptolemy.moml.MoMLSimpleApplication@2f14b099
----------------- Done invoking toplevel() on ptolemy.moml.MoMLSimpleApplication@2f14b099
reloadAllAccessors: .PublisherSubscriberChannelVariablesAOC2

===========================================================================================
----------------- testing Wed Jun 13 16:14:18 UTC 2018 /home/travis/build/icyphy/ptII/ptolemy/actor/lib/test/auto/PublisherSubscriberD3.xml
----------------- Instantiating /home/travis/build/icyphy/ptII/ptolemy/actor/lib/test/auto/PublisherSubscriberD3.xml
1 ms. Memory: 1537024K Free: 596475K (39%)
----------------- Invoking toplevel() on ptolemy.moml.MoMLSimpleApplication@702ee18d
----------------- Done invoking toplevel() on ptolemy.moml.MoMLSimpleApplication@702ee18d
reloadAllAccessors: .PublisherSubscriberD3

===========================================================================================
----------------- testing Wed Jun 13 16:14:18 UTC 2018 /home/travis/build/icyphy/ptII/ptolemy/actor/lib/test/auto/PublisherSubscriberD3Reverse.xml
----------------- Instantiating /home/travis/build/icyphy/ptII/ptolemy/actor/lib/test/auto/PublisherSubscriberD3Reverse.xml
1 ms. Memory: 1537024K Free: 582128K (38%)
----------------- Invoking toplevel() on ptolemy.moml.MoMLSimpleApplication@7ad4c5bd
----------------- Done invoking toplevel() on ptolemy.moml.MoMLSimpleApplication@7ad4c5bd
reloadAllAccessors: .PublisherSubscriberD3Reverse

===========================================================================================
----------------- testing Wed Jun 13 16:14:18 UTC 2018 /home/travis/build/icyphy/ptII/ptolemy/actor/lib/test/auto/PublisherSubscriberExpression.xml
----------------- Instantiating /home/travis/build/icyphy/ptII/ptolemy/actor/lib/test/auto/PublisherSubscriberExpression.xml
2 ms. Memory: 1537024K Free: 561409K (37%)
----------------- Invoking toplevel() on ptolemy.moml.MoMLSimpleApplication@6784c7db
----------------- Done invoking toplevel() on ptolemy.moml.MoMLSimpleApplication@6784c7db
reloadAllAccessors: .PublisherSubscriberExpression

===========================================================================================
----------------- testing Wed Jun 13 16:14:18 UTC 2018 /home/travis/build/icyphy/ptII/ptolemy/actor/lib/test/auto/PublisherSubscriberOpaque.xml
----------------- Instantiating /home/travis/build/icyphy/ptII/ptolemy/actor/lib/test/auto/PublisherSubscriberOpaque.xml
3 ms. Memory: 1537024K Free: 547062K (36%)
----------------- Invoking toplevel() on ptolemy.moml.MoMLSimpleApplication@48fdfc39
----------------- Done invoking toplevel() on ptolemy.moml.MoMLSimpleApplication@48fdfc39
reloadAllAccessors: .PublisherSubscriberOpaque

===========================================================================================
----------------- testing Wed Jun 13 16:14:18 UTC 2018 /home/travis/build/icyphy/ptII/ptolemy/actor/lib/test/auto/PublisherSubscriberOpaqueD3.xml
----------------- Instantiating /home/travis/build/icyphy/ptII/ptolemy/actor/lib/test/auto/PublisherSubscriberOpaqueD3.xml
4 ms. Memory: 1537024K Free: 525527K (34%)
----------------- Invoking toplevel() on ptolemy.moml.MoMLSimpleApplication@2da19a1f
----------------- Done invoking toplevel() on ptolemy.moml.MoMLSimpleApplication@2da19a1f
reloadAllAccessors: .PublisherSubscriberOpaqueD3

===========================================================================================
----------------- testing Wed Jun 13 16:14:18 UTC 2018 /home/travis/build/icyphy/ptII/ptolemy/actor/lib/test/auto/PublisherSubscriberOpaqueD3Reverse.xml
----------------- Instantiating /home/travis/build/icyphy/ptII/ptolemy/actor/lib/test/auto/PublisherSubscriberOpaqueD3Reverse.xml
4 ms. Memory: 1537024K Free: 504807K (33%)
----------------- Invoking toplevel() on ptolemy.moml.MoMLSimpleApplication@40f55bf0
----------------- Done invoking toplevel() on ptolemy.moml.MoMLSimpleApplication@40f55bf0
reloadAllAccessors: .PublisherSubscriberOpaqueD3Reverse

===========================================================================================
----------------- testing Wed Jun 13 16:14:18 UTC 2018 /home/travis/build/icyphy/ptII/ptolemy/actor/lib/test/auto/PublisherSubscriberOpaqueWidthInference.xml
----------------- Instantiating /home/travis/build/icyphy/ptII/ptolemy/actor/lib/test/auto/PublisherSubscriberOpaqueWidthInference.xml
3 ms. Memory: 1537024K Free: 490461K (32%)
----------------- Invoking toplevel() on ptolemy.moml.MoMLSimpleApplication@bc2f85b
----------------- Done invoking toplevel() on ptolemy.moml.MoMLSimpleApplication@bc2f85b
reloadAllAccessors: .PublisherSubscriberOpaqueWidthInference

===========================================================================================
----------------- testing Wed Jun 13 16:14:18 UTC 2018 /home/travis/build/icyphy/ptII/ptolemy/actor/lib/test/auto/PublisherTestSubscriber.xml
----------------- Instantiating /home/travis/build/icyphy/ptII/ptolemy/actor/lib/test/auto/PublisherTestSubscriber.xml
3 ms. Memory: 1537024K Free: 469741K (31%)
----------------- Invoking toplevel() on ptolemy.moml.MoMLSimpleApplication@36bf58af
----------------- Done invoking toplevel() on ptolemy.moml.MoMLSimpleApplication@36bf58af
reloadAllAccessors: .PublisherTestSubscriber

===========================================================================================
----------------- testing Wed Jun 13 16:14:18 UTC 2018 /home/travis/build/icyphy/ptII/ptolemy/actor/lib/test/auto/PublisherToplevelSubscriberPortAOC.xml
----------------- Instantiating /home/travis/build/icyphy/ptII/ptolemy/actor/lib/test/auto/PublisherToplevelSubscriberPortAOC.xml
2 ms. Memory: 1537024K Free: 455394K (30%)
----------------- Invoking toplevel() on ptolemy.moml.MoMLSimpleApplication@1ede3065
----------------- Done invoking toplevel() on ptolemy.moml.MoMLSimpleApplication@1ede3065
reloadAllAccessors: .PublisherToplevelSubscriberPortAOC

===========================================================================================
----------------- testing Wed Jun 13 16:14:18 UTC 2018 /home/travis/build/icyphy/ptII/ptolemy/actor/lib/test/auto/PulseFiringLimitDE.xml
----------------- Instantiating /home/travis/build/icyphy/ptII/ptolemy/actor/lib/test/auto/PulseFiringLimitDE.xml
2 ms. Memory: 1537024K Free: 441048K (29%)
----------------- Invoking toplevel() on ptolemy.moml.MoMLSimpleApplication@411e58ae
----------------- Done invoking toplevel() on ptolemy.moml.MoMLSimpleApplication@411e58ae
reloadAllAccessors: .PulseFiringLimitDE

===========================================================================================
----------------- testing Wed Jun 13 16:14:18 UTC 2018 /home/travis/build/icyphy/ptII/ptolemy/actor/lib/test/auto/Ramp1.xml
----------------- Instantiating /home/travis/build/icyphy/ptII/ptolemy/actor/lib/test/auto/Ramp1.xml
2 ms. Memory: 1537024K Free: 420328K (27%)
----------------- Invoking toplevel() on ptolemy.moml.MoMLSimpleApplication@eadae7c
----------------- Done invoking toplevel() on ptolemy.moml.MoMLSimpleApplication@eadae7c
reloadAllAccessors: .Ramp1

===========================================================================================
----------------- testing Wed Jun 13 16:14:18 UTC 2018 /home/travis/build/icyphy/ptII/ptolemy/actor/lib/test/auto/RampFiringLimitDE.xml
----------------- Instantiating /home/travis/build/icyphy/ptII/ptolemy/actor/lib/test/auto/RampFiringLimitDE.xml
2 ms. Memory: 1537024K Free: 405982K (26%)
----------------- Invoking toplevel() on ptolemy.moml.MoMLSimpleApplication@4b527be5
----------------- Done invoking toplevel() on ptolemy.moml.MoMLSimpleApplication@4b527be5
reloadAllAccessors: .RampFiringLimitDE

===========================================================================================
----------------- testing Wed Jun 13 16:14:18 UTC 2018 /home/travis/build/icyphy/ptII/ptolemy/actor/lib/test/auto/RampFiringLimitSDF.xml
----------------- Instantiating /home/travis/build/icyphy/ptII/ptolemy/actor/lib/test/auto/RampFiringLimitSDF.xml
3 ms. Memory: 1537024K Free: 385262K (25%)
----------------- Invoking toplevel() on ptolemy.moml.MoMLSimpleApplication@7bdfc29e
----------------- Done invoking toplevel() on ptolemy.moml.MoMLSimpleApplication@7bdfc29e
reloadAllAccessors: .RampFiringLimitSDF

===========================================================================================
----------------- testing Wed Jun 13 16:14:18 UTC 2018 /home/travis/build/icyphy/ptII/ptolemy/actor/lib/test/auto/RandomInteger.xml
----------------- Instantiating /home/travis/build/icyphy/ptII/ptolemy/actor/lib/test/auto/RandomInteger.xml
1 ms. Memory: 1537024K Free: 370916K (24%)
----------------- Invoking toplevel() on ptolemy.moml.MoMLSimpleApplication@1105156e
----------------- Done invoking toplevel() on ptolemy.moml.MoMLSimpleApplication@1105156e
reloadAllAccessors: .RandomInteger

===========================================================================================
----------------- testing Wed Jun 13 16:14:18 UTC 2018 /home/travis/build/icyphy/ptII/ptolemy/actor/lib/test/auto/ReadFile1.xml
----------------- Instantiating /home/travis/build/icyphy/ptII/ptolemy/actor/lib/test/auto/ReadFile1.xml
1 ms. Memory: 1537024K Free: 356570K (23%)
----------------- Invoking toplevel() on ptolemy.moml.MoMLSimpleApplication@6c3f35d2
----------------- Done invoking toplevel() on ptolemy.moml.MoMLSimpleApplication@6c3f35d2
reloadAllAccessors: .ReadFile1

===========================================================================================
----------------- testing Wed Jun 13 16:14:18 UTC 2018 /home/travis/build/icyphy/ptII/ptolemy/actor/lib/test/auto/ReadFile2.xml
----------------- Instantiating /home/travis/build/icyphy/ptII/ptolemy/actor/lib/test/auto/ReadFile2.xml
0 ms. Memory: 1537024K Free: 335850K (22%)
----------------- Invoking toplevel() on ptolemy.moml.MoMLSimpleApplication@2887e615
----------------- Done invoking toplevel() on ptolemy.moml.MoMLSimpleApplication@2887e615
reloadAllAccessors: .ReadFile2

===========================================================================================
----------------- testing Wed Jun 13 16:14:18 UTC 2018 /home/travis/build/icyphy/ptII/ptolemy/actor/lib/test/auto/Reader.xml
----------------- Instantiating /home/travis/build/icyphy/ptII/ptolemy/actor/lib/test/auto/Reader.xml
actor.lib.Reader is obsolete, use actor.lib.io.ExpressionReader instead
2 ms. Memory: 1537024K Free: 321504K (21%)
----------------- Invoking toplevel() on ptolemy.moml.MoMLSimpleApplication@6d594df8
----------------- Done invoking toplevel() on ptolemy.moml.MoMLSimpleApplication@6d594df8
reloadAllAccessors: .Reader

===========================================================================================
----------------- testing Wed Jun 13 16:14:18 UTC 2018 /home/travis/build/icyphy/ptII/ptolemy/actor/lib/test/auto/RecordAssemblerDisplayNameTest.xml
----------------- Instantiating /home/travis/build/icyphy/ptII/ptolemy/actor/lib/test/auto/RecordAssemblerDisplayNameTest.xml
2978 ms. Memory: 1572864K Free: 547727K (35%)
----------------- Invoking toplevel() on ptolemy.moml.MoMLSimpleApplication@6f3b3467
----------------- Done invoking toplevel() on ptolemy.moml.MoMLSimpleApplication@6f3b3467
reloadAllAccessors: .RecordAssemblerDisplayNameTest

===========================================================================================
----------------- testing Wed Jun 13 16:14:21 UTC 2018 /home/travis/build/icyphy/ptII/ptolemy/actor/lib/test/auto/RecordAssemblerTypeError.xml
----------------- Instantiating /home/travis/build/icyphy/ptII/ptolemy/actor/lib/test/auto/RecordAssemblerTypeError.xml
4 ms. Memory: 1572864K Free: 517031K (33%)
----------------- Invoking toplevel() on ptolemy.moml.MoMLSimpleApplication@18041096
----------------- Done invoking toplevel() on ptolemy.moml.MoMLSimpleApplication@18041096
reloadAllAccessors: .RecordAssemblerTypeError

===========================================================================================
----------------- testing Wed Jun 13 16:14:21 UTC 2018 /home/travis/build/icyphy/ptII/ptolemy/actor/lib/test/auto/RecordDisassember.xml
----------------- Instantiating /home/travis/build/icyphy/ptII/ptolemy/actor/lib/test/auto/RecordDisassember.xml
3 ms. Memory: 1572864K Free: 502510K (32%)
----------------- Invoking toplevel() on ptolemy.moml.MoMLSimpleApplication@594c181b
----------------- Done invoking toplevel() on ptolemy.moml.MoMLSimpleApplication@594c181b
reloadAllAccessors: .RecordDisassember

===========================================================================================
----------------- testing Wed Jun 13 16:14:21 UTC 2018 /home/travis/build/icyphy/ptII/ptolemy/actor/lib/test/auto/RecordDisassemberDisplayNameTest.xml
----------------- Instantiating /home/travis/build/icyphy/ptII/ptolemy/actor/lib/test/auto/RecordDisassemberDisplayNameTest.xml
4 ms. Memory: 1572864K Free: 482758K (31%)
----------------- Invoking toplevel() on ptolemy.moml.MoMLSimpleApplication@6a2cde7b
----------------- Done invoking toplevel() on ptolemy.moml.MoMLSimpleApplication@6a2cde7b
reloadAllAccessors: .RecordDisassemberDisplayNameTest

===========================================================================================
----------------- testing Wed Jun 13 16:14:21 UTC 2018 /home/travis/build/icyphy/ptII/ptolemy/actor/lib/test/auto/RecordDisassembler.xml
----------------- Instantiating /home/travis/build/icyphy/ptII/ptolemy/actor/lib/test/auto/RecordDisassembler.xml
2 ms. Memory: 1572864K Free: 468238K (30%)
----------------- Invoking toplevel() on ptolemy.moml.MoMLSimpleApplication@24ad3c65
----------------- Done invoking toplevel() on ptolemy.moml.MoMLSimpleApplication@24ad3c65
reloadAllAccessors: .RecordDisassembler

===========================================================================================
----------------- testing Wed Jun 13 16:14:21 UTC 2018 /home/travis/build/icyphy/ptII/ptolemy/actor/lib/test/auto/RecordDisassembler2.xml
----------------- Instantiating /home/travis/build/icyphy/ptII/ptolemy/actor/lib/test/auto/RecordDisassembler2.xml
2 ms. Memory: 1572864K Free: 448486K (29%)
----------------- Invoking toplevel() on ptolemy.moml.MoMLSimpleApplication@730d275f
----------------- Done invoking toplevel() on ptolemy.moml.MoMLSimpleApplication@730d275f
reloadAllAccessors: .RecordDisassembler2

===========================================================================================
----------------- testing Wed Jun 13 16:14:21 UTC 2018 /home/travis/build/icyphy/ptII/ptolemy/actor/lib/test/auto/RecordUpdater.xml
----------------- Instantiating /home/travis/build/icyphy/ptII/ptolemy/actor/lib/test/auto/RecordUpdater.xml
1 ms. Memory: 1572864K Free: 433965K (28%)
----------------- Invoking toplevel() on ptolemy.moml.MoMLSimpleApplication@38eebea6
----------------- Done invoking toplevel() on ptolemy.moml.MoMLSimpleApplication@38eebea6
reloadAllAccessors: .RecordUpdater

===========================================================================================
----------------- testing Wed Jun 13 16:14:21 UTC 2018 /home/travis/build/icyphy/ptII/ptolemy/actor/lib/test/auto/RecordUpdater2.xml
----------------- Instantiating /home/travis/build/icyphy/ptII/ptolemy/actor/lib/test/auto/RecordUpdater2.xml
3 ms. Memory: 1572864K Free: 414213K (26%)
----------------- Invoking toplevel() on ptolemy.moml.MoMLSimpleApplication@26b7afbb
----------------- Done invoking toplevel() on ptolemy.moml.MoMLSimpleApplication@26b7afbb
reloadAllAccessors: .RecordUpdater2

===========================================================================================
----------------- testing Wed Jun 13 16:14:21 UTC 2018 /home/travis/build/icyphy/ptII/ptolemy/actor/lib/test/auto/RecursiveLattice.xml
----------------- Instantiating /home/travis/build/icyphy/ptII/ptolemy/actor/lib/test/auto/RecursiveLattice.xml
1 ms. Memory: 1572864K Free: 399693K (25%)
----------------- Invoking toplevel() on ptolemy.moml.MoMLSimpleApplication@45ffde82
----------------- Done invoking toplevel() on ptolemy.moml.MoMLSimpleApplication@45ffde82
reloadAllAccessors: .RecursiveLattice

===========================================================================================
----------------- testing Wed Jun 13 16:14:21 UTC 2018 /home/travis/build/icyphy/ptII/ptolemy/actor/lib/test/auto/Router.xml
----------------- Instantiating /home/travis/build/icyphy/ptII/ptolemy/actor/lib/test/auto/Router.xml
3005 ms. Memory: 1572864K Free: 379941K (24%)
----------------- Invoking toplevel() on ptolemy.moml.MoMLSimpleApplication@74ee438a
----------------- Done invoking toplevel() on ptolemy.moml.MoMLSimpleApplication@74ee438a
reloadAllAccessors: .Router

===========================================================================================
----------------- testing Wed Jun 13 16:14:24 UTC 2018 /home/travis/build/icyphy/ptII/ptolemy/actor/lib/test/auto/Router2.xml
----------------- Instantiating /home/travis/build/icyphy/ptII/ptolemy/actor/lib/test/auto/Router2.xml
3003 ms. Memory: 1572864K Free: 365420K (23%)
----------------- Invoking toplevel() on ptolemy.moml.MoMLSimpleApplication@49130f57
----------------- Done invoking toplevel() on ptolemy.moml.MoMLSimpleApplication@49130f57
reloadAllAccessors: .Router2

===========================================================================================
----------------- testing Wed Jun 13 16:14:27 UTC 2018 /home/travis/build/icyphy/ptII/ptolemy/actor/lib/test/auto/RunningMaximum.xml
----------------- Instantiating /home/travis/build/icyphy/ptII/ptolemy/actor/lib/test/auto/RunningMaximum.xml
2 ms. Memory: 1572864K Free: 345668K (22%)
----------------- Invoking toplevel() on ptolemy.moml.MoMLSimpleApplication@4b784783
----------------- Done invoking toplevel() on ptolemy.moml.MoMLSimpleApplication@4b784783
reloadAllAccessors: .RunningMaximum

===========================================================================================
----------------- testing Wed Jun 13 16:14:27 UTC 2018 /home/travis/build/icyphy/ptII/ptolemy/actor/lib/test/auto/RunningMinimum.xml
----------------- Instantiating /home/travis/build/icyphy/ptII/ptolemy/actor/lib/test/auto/RunningMinimum.xml
2 ms. Memory: 1572864K Free: 331148K (21%)
----------------- Invoking toplevel() on ptolemy.moml.MoMLSimpleApplication@4e8da55c
----------------- Done invoking toplevel() on ptolemy.moml.MoMLSimpleApplication@4e8da55c
reloadAllAccessors: .RunningMinimum

===========================================================================================
----------------- testing Wed Jun 13 16:14:27 UTC 2018 /home/travis/build/icyphy/ptII/ptolemy/actor/lib/test/auto/Scale.xml
----------------- Instantiating /home/travis/build/icyphy/ptII/ptolemy/actor/lib/test/auto/Scale.xml
1 ms. Memory: 1572864K Free: 316628K (20%)
----------------- Invoking toplevel() on ptolemy.moml.MoMLSimpleApplication@7b146dd4
----------------- Done invoking toplevel() on ptolemy.moml.MoMLSimpleApplication@7b146dd4
reloadAllAccessors: .Scale

===========================================================================================
----------------- testing Wed Jun 13 16:14:28 UTC 2018 /home/travis/build/icyphy/ptII/ptolemy/actor/lib/test/auto/Scale2.xml
----------------- Instantiating /home/travis/build/icyphy/ptII/ptolemy/actor/lib/test/auto/Scale2.xml
2 ms. Memory: 1572864K Free: 296876K (19%)
----------------- Invoking toplevel() on ptolemy.moml.MoMLSimpleApplication@5bdddc4d
----------------- Done invoking toplevel() on ptolemy.moml.MoMLSimpleApplication@5bdddc4d
reloadAllAccessors: .Scale2

===========================================================================================
----------------- testing Wed Jun 13 16:14:28 UTC 2018 /home/travis/build/icyphy/ptII/ptolemy/actor/lib/test/auto/Scale3.xml
----------------- Instantiating /home/travis/build/icyphy/ptII/ptolemy/actor/lib/test/auto/Scale3.xml
2 ms. Memory: 1572864K Free: 282355K (18%)
----------------- Invoking toplevel() on ptolemy.moml.MoMLSimpleApplication@2a31690f
----------------- Done invoking toplevel() on ptolemy.moml.MoMLSimpleApplication@2a31690f
reloadAllAccessors: .Scale3

===========================================================================================
----------------- testing Wed Jun 13 16:14:28 UTC 2018 /home/travis/build/icyphy/ptII/ptolemy/actor/lib/test/auto/ScaleArray.xml
----------------- Instantiating /home/travis/build/icyphy/ptII/ptolemy/actor/lib/test/auto/ScaleArray.xml
1 ms. Memory: 1572864K Free: 262603K (17%)
----------------- Invoking toplevel() on ptolemy.moml.MoMLSimpleApplication@6f92b5f6
----------------- Done invoking toplevel() on ptolemy.moml.MoMLSimpleApplication@6f92b5f6
reloadAllAccessors: .ScaleArray

===========================================================================================
----------------- testing Wed Jun 13 16:14:28 UTC 2018 /home/travis/build/icyphy/ptII/ptolemy/actor/lib/test/auto/ScaleArray2.xml
----------------- Instantiating /home/travis/build/icyphy/ptII/ptolemy/actor/lib/test/auto/ScaleArray2.xml
1 ms. Memory: 1572864K Free: 248083K (16%)
----------------- Invoking toplevel() on ptolemy.moml.MoMLSimpleApplication@13820b88
----------------- Done invoking toplevel() on ptolemy.moml.MoMLSimpleApplication@13820b88
reloadAllAccessors: .ScaleArray2

===========================================================================================
----------------- testing Wed Jun 13 16:14:28 UTC 2018 /home/travis/build/icyphy/ptII/ptolemy/actor/lib/test/auto/ScaleMatrix.xml
----------------- Instantiating /home/travis/build/icyphy/ptII/ptolemy/actor/lib/test/auto/ScaleMatrix.xml
107 ms. Memory: 1572864K Free: 221071K (14%)
----------------- Invoking toplevel() on ptolemy.moml.MoMLSimpleApplication@29ad1cf2
----------------- Done invoking toplevel() on ptolemy.moml.MoMLSimpleApplication@29ad1cf2
reloadAllAccessors: .ScaleMatrix

===========================================================================================
----------------- testing Wed Jun 13 16:14:28 UTC 2018 /home/travis/build/icyphy/ptII/ptolemy/actor/lib/test/auto/Select.xml
----------------- Instantiating /home/travis/build/icyphy/ptII/ptolemy/actor/lib/test/auto/Select.xml
2 ms. Memory: 1572864K Free: 206550K (13%)
----------------- Invoking toplevel() on ptolemy.moml.MoMLSimpleApplication@589bbe97
----------------- Done invoking toplevel() on ptolemy.moml.MoMLSimpleApplication@589bbe97
reloadAllAccessors: .Select

===========================================================================================
----------------- testing Wed Jun 13 16:14:28 UTC 2018 /home/travis/build/icyphy/ptII/ptolemy/actor/lib/test/auto/Select2.xml
----------------- Instantiating /home/travis/build/icyphy/ptII/ptolemy/actor/lib/test/auto/Select2.xml
1 ms. Memory: 1572864K Free: 186798K (12%)
----------------- Invoking toplevel() on ptolemy.moml.MoMLSimpleApplication@44885047
----------------- Done invoking toplevel() on ptolemy.moml.MoMLSimpleApplication@44885047
reloadAllAccessors: .Select2

===========================================================================================
----------------- testing Wed Jun 13 16:14:28 UTC 2018 /home/travis/build/icyphy/ptII/ptolemy/actor/lib/test/auto/SequenceToArray2.xml
----------------- Instantiating /home/travis/build/icyphy/ptII/ptolemy/actor/lib/test/auto/SequenceToArray2.xml
66 ms. Memory: 1572864K Free: 99676K (6%)
----------------- Invoking toplevel() on ptolemy.moml.MoMLSimpleApplication@1eefd68a
----------------- Done invoking toplevel() on ptolemy.moml.MoMLSimpleApplication@1eefd68a
reloadAllAccessors: .SequenceToArray2

===========================================================================================
----------------- testing Wed Jun 13 16:14:28 UTC 2018 /home/travis/build/icyphy/ptII/ptolemy/actor/lib/test/auto/SequentialClock.xml
----------------- Instantiating /home/travis/build/icyphy/ptII/ptolemy/actor/lib/test/auto/SequentialClock.xml
1 ms. Memory: 1572864K Free: 80403K (5%)
----------------- Invoking toplevel() on ptolemy.moml.MoMLSimpleApplication@1a75e92f
----------------- Done invoking toplevel() on ptolemy.moml.MoMLSimpleApplication@1a75e92f
reloadAllAccessors: .SequentialClock

===========================================================================================
----------------- testing Wed Jun 13 16:14:28 UTC 2018 /home/travis/build/icyphy/ptII/ptolemy/actor/lib/test/auto/SetVariable.xml
----------------- Instantiating /home/travis/build/icyphy/ptII/ptolemy/actor/lib/test/auto/SetVariable.xml
2 ms. Memory: 1702400K Free: 1649771K (97%)
----------------- Invoking toplevel() on ptolemy.moml.MoMLSimpleApplication@75ec80bb
----------------- Done invoking toplevel() on ptolemy.moml.MoMLSimpleApplication@75ec80bb
reloadAllAccessors: .SetVariable

===========================================================================================
----------------- testing Wed Jun 13 16:14:28 UTC 2018 /home/travis/build/icyphy/ptII/ptolemy/actor/lib/test/auto/SetVariable2.xml
----------------- Instantiating /home/travis/build/icyphy/ptII/ptolemy/actor/lib/test/auto/SetVariable2.xml
2 ms. Memory: 1702400K Free: 1629572K (96%)
----------------- Invoking toplevel() on ptolemy.moml.MoMLSimpleApplication@6dad6a8f
----------------- Done invoking toplevel() on ptolemy.moml.MoMLSimpleApplication@6dad6a8f
reloadAllAccessors: .SetVariable2

===========================================================================================
----------------- testing Wed Jun 13 16:14:28 UTC 2018 /home/travis/build/icyphy/ptII/ptolemy/actor/lib/test/auto/SetVariable3.xml
----------------- Instantiating /home/travis/build/icyphy/ptII/ptolemy/actor/lib/test/auto/SetVariable3.xml
7 ms. Memory: 1702400K Free: 1609373K (95%)
----------------- Invoking toplevel() on ptolemy.moml.MoMLSimpleApplication@1c732d70
----------------- Done invoking toplevel() on ptolemy.moml.MoMLSimpleApplication@1c732d70
reloadAllAccessors: .SetVariable3

===========================================================================================
----------------- testing Wed Jun 13 16:14:28 UTC 2018 /home/travis/build/icyphy/ptII/ptolemy/actor/lib/test/auto/SetVariable4.xml
----------------- Instantiating /home/travis/build/icyphy/ptII/ptolemy/actor/lib/test/auto/SetVariable4.xml
17 ms. Memory: 1702400K Free: 1537372K (90%)
----------------- Invoking toplevel() on ptolemy.moml.MoMLSimpleApplication@3ac22bf7
----------------- Done invoking toplevel() on ptolemy.moml.MoMLSimpleApplication@3ac22bf7
reloadAllAccessors: .SetVariable4

===========================================================================================
----------------- testing Wed Jun 13 16:14:28 UTC 2018 /home/travis/build/icyphy/ptII/ptolemy/actor/lib/test/auto/SetVariable5.xml
----------------- Instantiating /home/travis/build/icyphy/ptII/ptolemy/actor/lib/test/auto/SetVariable5.xml
15 ms. Memory: 1702400K Free: 1517173K (89%)
----------------- Invoking toplevel() on ptolemy.moml.MoMLSimpleApplication@7ac0de3d
----------------- Done invoking toplevel() on ptolemy.moml.MoMLSimpleApplication@7ac0de3d
reloadAllAccessors: .SetVariable5

===========================================================================================
----------------- testing Wed Jun 13 16:14:28 UTC 2018 /home/travis/build/icyphy/ptII/ptolemy/actor/lib/test/auto/Sinewave.xml
----------------- Instantiating /home/travis/build/icyphy/ptII/ptolemy/actor/lib/test/auto/Sinewave.xml
4 ms. Memory: 1702400K Free: 1493157K (88%)
----------------- Invoking toplevel() on ptolemy.moml.MoMLSimpleApplication@fedcf97
----------------- Done invoking toplevel() on ptolemy.moml.MoMLSimpleApplication@fedcf97
reloadAllAccessors: .Sinewave

===========================================================================================
----------------- testing Wed Jun 13 16:14:28 UTC 2018 /home/travis/build/icyphy/ptII/ptolemy/actor/lib/test/auto/Sinewave2.xml
----------------- Instantiating /home/travis/build/icyphy/ptII/ptolemy/actor/lib/test/auto/Sinewave2.xml
4 ms. Memory: 1702400K Free: 1472958K (87%)
----------------- Invoking toplevel() on ptolemy.moml.MoMLSimpleApplication@54c5a7a8
----------------- Done invoking toplevel() on ptolemy.moml.MoMLSimpleApplication@54c5a7a8
reloadAllAccessors: .Sinewave2

===========================================================================================
----------------- testing Wed Jun 13 16:14:28 UTC 2018 /home/travis/build/icyphy/ptII/ptolemy/actor/lib/test/auto/Sinewave3.xml
----------------- Instantiating /home/travis/build/icyphy/ptII/ptolemy/actor/lib/test/auto/Sinewave3.xml
10 ms. Memory: 1702400K Free: 1452759K (85%)
----------------- Invoking toplevel() on ptolemy.moml.MoMLSimpleApplication@5ec17cd2
----------------- Done invoking toplevel() on ptolemy.moml.MoMLSimpleApplication@5ec17cd2
reloadAllAccessors: .Sinewave3

===========================================================================================
----------------- testing Wed Jun 13 16:14:28 UTC 2018 /home/travis/build/icyphy/ptII/ptolemy/actor/lib/test/auto/SingleEvent.xml
----------------- Instantiating /home/travis/build/icyphy/ptII/ptolemy/actor/lib/test/auto/SingleEvent.xml
1 ms. Memory: 1702400K Free: 1436759K (84%)
----------------- Invoking toplevel() on ptolemy.moml.MoMLSimpleApplication@76f62224
----------------- Done invoking toplevel() on ptolemy.moml.MoMLSimpleApplication@76f62224
reloadAllAccessors: .SingleEvent

===========================================================================================
----------------- testing Wed Jun 13 16:14:28 UTC 2018 /home/travis/build/icyphy/ptII/ptolemy/actor/lib/test/auto/Sleep.xml
----------------- Instantiating /home/travis/build/icyphy/ptII/ptolemy/actor/lib/test/auto/Sleep.xml
6003 ms. Memory: 1702400K Free: 1416560K (83%)
----------------- Invoking toplevel() on ptolemy.moml.MoMLSimpleApplication@4ed690ff
----------------- Done invoking toplevel() on ptolemy.moml.MoMLSimpleApplication@4ed690ff
reloadAllAccessors: .Sleep

===========================================================================================
----------------- testing Wed Jun 13 16:14:34 UTC 2018 /home/travis/build/icyphy/ptII/ptolemy/actor/lib/test/auto/SleepMultipleFire.xml
----------------- Instantiating /home/travis/build/icyphy/ptII/ptolemy/actor/lib/test/auto/SleepMultipleFire.xml
1004 ms. Memory: 1702400K Free: 1400560K (82%)
----------------- Invoking toplevel() on ptolemy.moml.MoMLSimpleApplication@61ad8f15
----------------- Done invoking toplevel() on ptolemy.moml.MoMLSimpleApplication@61ad8f15
reloadAllAccessors: .SleepMultipleFire

===========================================================================================
----------------- testing Wed Jun 13 16:14:35 UTC 2018 /home/travis/build/icyphy/ptII/ptolemy/actor/lib/test/auto/StopDE.xml
----------------- Instantiating /home/travis/build/icyphy/ptII/ptolemy/actor/lib/test/auto/StopDE.xml
1 ms. Memory: 1702400K Free: 1380361K (81%)
----------------- Invoking toplevel() on ptolemy.moml.MoMLSimpleApplication@15d6fb95
----------------- Done invoking toplevel() on ptolemy.moml.MoMLSimpleApplication@15d6fb95
reloadAllAccessors: .StopDE

===========================================================================================
----------------- testing Wed Jun 13 16:14:35 UTC 2018 /home/travis/build/icyphy/ptII/ptolemy/actor/lib/test/auto/StopSDF.xml
----------------- Instantiating /home/travis/build/icyphy/ptII/ptolemy/actor/lib/test/auto/StopSDF.xml
2 ms. Memory: 1702400K Free: 1364361K (80%)
----------------- Invoking toplevel() on ptolemy.moml.MoMLSimpleApplication@55eeed39
----------------- Done invoking toplevel() on ptolemy.moml.MoMLSimpleApplication@55eeed39
reloadAllAccessors: .StopSDF

===========================================================================================
----------------- testing Wed Jun 13 16:14:35 UTC 2018 /home/travis/build/icyphy/ptII/ptolemy/actor/lib/test/auto/StringConstant.xml
----------------- Instantiating /home/travis/build/icyphy/ptII/ptolemy/actor/lib/test/auto/StringConstant.xml
1 ms. Memory: 1702400K Free: 1344162K (79%)
----------------- Invoking toplevel() on ptolemy.moml.MoMLSimpleApplication@1f2f3ffe
----------------- Done invoking toplevel() on ptolemy.moml.MoMLSimpleApplication@1f2f3ffe
reloadAllAccessors: .StringConstant

===========================================================================================
----------------- testing Wed Jun 13 16:14:35 UTC 2018 /home/travis/build/icyphy/ptII/ptolemy/actor/lib/test/auto/SubscriberPortInitialValues1.xml
----------------- Instantiating /home/travis/build/icyphy/ptII/ptolemy/actor/lib/test/auto/SubscriberPortInitialValues1.xml
4 ms. Memory: 1702400K Free: 1323963K (78%)
----------------- Invoking toplevel() on ptolemy.moml.MoMLSimpleApplication@6ee70df3
----------------- Done invoking toplevel() on ptolemy.moml.MoMLSimpleApplication@6ee70df3
reloadAllAccessors: .SubscriberPortInitialValues1

===========================================================================================
----------------- testing Wed Jun 13 16:14:35 UTC 2018 /home/travis/build/icyphy/ptII/ptolemy/actor/lib/test/auto/SubscriberPortInitialValues13.xml
----------------- Instantiating /home/travis/build/icyphy/ptII/ptolemy/actor/lib/test/auto/SubscriberPortInitialValues13.xml
3 ms. Memory: 1702400K Free: 1299947K (76%)
----------------- Invoking toplevel() on ptolemy.moml.MoMLSimpleApplication@2d2a29e9
----------------- Done invoking toplevel() on ptolemy.moml.MoMLSimpleApplication@2d2a29e9
reloadAllAccessors: .SubscriberPortInitialValues13

===========================================================================================
----------------- testing Wed Jun 13 16:14:35 UTC 2018 /home/travis/build/icyphy/ptII/ptolemy/actor/lib/test/auto/SubscriberPortInitialValues14.xml
----------------- Instantiating /home/travis/build/icyphy/ptII/ptolemy/actor/lib/test/auto/SubscriberPortInitialValues14.xml
2 ms. Memory: 1702400K Free: 1279748K (75%)
----------------- Invoking toplevel() on ptolemy.moml.MoMLSimpleApplication@74a47d5e
----------------- Done invoking toplevel() on ptolemy.moml.MoMLSimpleApplication@74a47d5e
reloadAllAccessors: .SubscriberPortInitialValues14

===========================================================================================
----------------- testing Wed Jun 13 16:14:35 UTC 2018 /home/travis/build/icyphy/ptII/ptolemy/actor/lib/test/auto/SubscriberPortInitialValues2.xml
----------------- Instantiating /home/travis/build/icyphy/ptII/ptolemy/actor/lib/test/auto/SubscriberPortInitialValues2.xml
2 ms. Memory: 1702400K Free: 1263748K (74%)
----------------- Invoking toplevel() on ptolemy.moml.MoMLSimpleApplication@60a0ae94
----------------- Done invoking toplevel() on ptolemy.moml.MoMLSimpleApplication@60a0ae94
reloadAllAccessors: .SubscriberPortInitialValues2

===========================================================================================
----------------- testing Wed Jun 13 16:14:35 UTC 2018 /home/travis/build/icyphy/ptII/ptolemy/actor/lib/test/auto/SubscriberPortInitialValues3.xml
----------------- Instantiating /home/travis/build/icyphy/ptII/ptolemy/actor/lib/test/auto/SubscriberPortInitialValues3.xml
3 ms. Memory: 1702400K Free: 1235549K (73%)
----------------- Invoking toplevel() on ptolemy.moml.MoMLSimpleApplication@459c7194
----------------- Done invoking toplevel() on ptolemy.moml.MoMLSimpleApplication@459c7194
reloadAllAccessors: .SubscriberPortInitialValues3

===========================================================================================
----------------- testing Wed Jun 13 16:14:35 UTC 2018 /home/travis/build/icyphy/ptII/ptolemy/actor/lib/test/auto/SubscriptionAggregator.xml
----------------- Instantiating /home/travis/build/icyphy/ptII/ptolemy/actor/lib/test/auto/SubscriptionAggregator.xml
2 ms. Memory: 1702400K Free: 1215350K (71%)
----------------- Invoking toplevel() on ptolemy.moml.MoMLSimpleApplication@7c586f9d
----------------- Done invoking toplevel() on ptolemy.moml.MoMLSimpleApplication@7c586f9d
reloadAllAccessors: .SubscriptionAggregator

===========================================================================================
----------------- testing Wed Jun 13 16:14:35 UTC 2018 /home/travis/build/icyphy/ptII/ptolemy/actor/lib/test/auto/SubscriptionAggregator2.xml
----------------- Instantiating /home/travis/build/icyphy/ptII/ptolemy/actor/lib/test/auto/SubscriptionAggregator2.xml
2 ms. Memory: 1702400K Free: 1199350K (70%)
----------------- Invoking toplevel() on ptolemy.moml.MoMLSimpleApplication@674b0541
----------------- Done invoking toplevel() on ptolemy.moml.MoMLSimpleApplication@674b0541
reloadAllAccessors: .SubscriptionAggregator2

===========================================================================================
----------------- testing Wed Jun 13 16:14:35 UTC 2018 /home/travis/build/icyphy/ptII/ptolemy/actor/lib/test/auto/SubscriptionAggregator3.xml
----------------- Instantiating /home/travis/build/icyphy/ptII/ptolemy/actor/lib/test/auto/SubscriptionAggregator3.xml
2 ms. Memory: 1702400K Free: 1179151K (69%)
----------------- Invoking toplevel() on ptolemy.moml.MoMLSimpleApplication@39e43f55
----------------- Done invoking toplevel() on ptolemy.moml.MoMLSimpleApplication@39e43f55
reloadAllAccessors: .SubscriptionAggregator3

===========================================================================================
----------------- testing Wed Jun 13 16:14:35 UTC 2018 /home/travis/build/icyphy/ptII/ptolemy/actor/lib/test/auto/SubscriptionAggregatorMultiply.xml
----------------- Instantiating /home/travis/build/icyphy/ptII/ptolemy/actor/lib/test/auto/SubscriptionAggregatorMultiply.xml
2 ms. Memory: 1702400K Free: 1163151K (68%)
----------------- Invoking toplevel() on ptolemy.moml.MoMLSimpleApplication@3b506a30
----------------- Done invoking toplevel() on ptolemy.moml.MoMLSimpleApplication@3b506a30
reloadAllAccessors: .SubscriptionAggregatorMultiply

===========================================================================================
----------------- testing Wed Jun 13 16:14:35 UTC 2018 /home/travis/build/icyphy/ptII/ptolemy/actor/lib/test/auto/SubscriptionAggregatorPortMultiply1.xml
----------------- Instantiating /home/travis/build/icyphy/ptII/ptolemy/actor/lib/test/auto/SubscriptionAggregatorPortMultiply1.xml
2 ms. Memory: 1702400K Free: 1142952K (67%)
----------------- Invoking toplevel() on ptolemy.moml.MoMLSimpleApplication@7f463f0d
----------------- Done invoking toplevel() on ptolemy.moml.MoMLSimpleApplication@7f463f0d
reloadAllAccessors: .SubscriptionAggregatorPortMultiply1

===========================================================================================
----------------- testing Wed Jun 13 16:14:35 UTC 2018 /home/travis/build/icyphy/ptII/ptolemy/actor/lib/test/auto/Switch.xml
----------------- Instantiating /home/travis/build/icyphy/ptII/ptolemy/actor/lib/test/auto/Switch.xml
2 ms. Memory: 1702400K Free: 1074753K (63%)
----------------- Invoking toplevel() on ptolemy.moml.MoMLSimpleApplication@842cc38
----------------- Done invoking toplevel() on ptolemy.moml.MoMLSimpleApplication@842cc38
reloadAllAccessors: .Switch

===========================================================================================
----------------- testing Wed Jun 13 16:14:35 UTC 2018 /home/travis/build/icyphy/ptII/ptolemy/actor/lib/test/auto/Switch2.xml
----------------- Instantiating /home/travis/build/icyphy/ptII/ptolemy/actor/lib/test/auto/Switch2.xml
1 ms. Memory: 1702400K Free: 1058714K (62%)
----------------- Invoking toplevel() on ptolemy.moml.MoMLSimpleApplication@7a6133a1
----------------- Done invoking toplevel() on ptolemy.moml.MoMLSimpleApplication@7a6133a1
reloadAllAccessors: .Switch2

===========================================================================================
----------------- testing Wed Jun 13 16:14:35 UTC 2018 /home/travis/build/icyphy/ptII/ptolemy/actor/lib/test/auto/SwitchDE.xml
----------------- Instantiating /home/travis/build/icyphy/ptII/ptolemy/actor/lib/test/auto/SwitchDE.xml
1 ms. Memory: 1702400K Free: 1038515K (61%)
----------------- Invoking toplevel() on ptolemy.moml.MoMLSimpleApplication@5ff92ede
----------------- Done invoking toplevel() on ptolemy.moml.MoMLSimpleApplication@5ff92ede
reloadAllAccessors: .SwitchDE

===========================================================================================
----------------- testing Wed Jun 13 16:14:35 UTC 2018 /home/travis/build/icyphy/ptII/ptolemy/actor/lib/test/auto/SynchronizerDE.xml
----------------- Instantiating /home/travis/build/icyphy/ptII/ptolemy/actor/lib/test/auto/SynchronizerDE.xml
2 ms. Memory: 1702400K Free: 1022515K (60%)
----------------- Invoking toplevel() on ptolemy.moml.MoMLSimpleApplication@707a2d49
----------------- Done invoking toplevel() on ptolemy.moml.MoMLSimpleApplication@707a2d49
reloadAllAccessors: .SynchronizerDE

===========================================================================================
----------------- testing Wed Jun 13 16:14:35 UTC 2018 /home/travis/build/icyphy/ptII/ptolemy/actor/lib/test/auto/Test.xml
----------------- Instantiating /home/travis/build/icyphy/ptII/ptolemy/actor/lib/test/auto/Test.xml
2 ms. Memory: 1702400K Free: 1002316K (59%)
----------------- Invoking toplevel() on ptolemy.moml.MoMLSimpleApplication@63859be7
----------------- Done invoking toplevel() on ptolemy.moml.MoMLSimpleApplication@63859be7
reloadAllAccessors: .Test

===========================================================================================
----------------- testing Wed Jun 13 16:14:35 UTC 2018 /home/travis/build/icyphy/ptII/ptolemy/actor/lib/test/auto/TestExceptionAttribute1.xml
----------------- Instantiating /home/travis/build/icyphy/ptII/ptolemy/actor/lib/test/auto/TestExceptionAttribute1.xml
0 ms. Memory: 1702400K Free: 986316K (58%)
----------------- Invoking toplevel() on ptolemy.moml.MoMLSimpleApplication@5cacb9a8
----------------- Done invoking toplevel() on ptolemy.moml.MoMLSimpleApplication@5cacb9a8
reloadAllAccessors: .TestExceptionAttribute1

===========================================================================================
----------------- testing Wed Jun 13 16:14:35 UTC 2018 /home/travis/build/icyphy/ptII/ptolemy/actor/lib/test/auto/TestExceptionAttribute2.xml
----------------- Instantiating /home/travis/build/icyphy/ptII/ptolemy/actor/lib/test/auto/TestExceptionAttribute2.xml
1 ms. Memory: 1702400K Free: 966117K (57%)
----------------- Invoking toplevel() on ptolemy.moml.MoMLSimpleApplication@6c2db550
----------------- Done invoking toplevel() on ptolemy.moml.MoMLSimpleApplication@6c2db550
reloadAllAccessors: .TestExceptionAttribute2

===========================================================================================
----------------- testing Wed Jun 13 16:14:35 UTC 2018 /home/travis/build/icyphy/ptII/ptolemy/actor/lib/test/auto/TestExceptionAttribute3.xml
----------------- Instantiating /home/travis/build/icyphy/ptII/ptolemy/actor/lib/test/auto/TestExceptionAttribute3.xml
.TestExceptionAttribute3.TestExceptionAttribute: initialize() was not invoked, but wrapup() was.  This is unusual, but not always a problem.  For example, exporting JNLP will do this.
1 ms. Memory: 1702400K Free: 945918K (56%)
----------------- Invoking toplevel() on ptolemy.moml.MoMLSimpleApplication@37ccf144
----------------- Done invoking toplevel() on ptolemy.moml.MoMLSimpleApplication@37ccf144
reloadAllAccessors: .TestExceptionAttribute3

===========================================================================================
----------------- testing Wed Jun 13 16:14:35 UTC 2018 /home/travis/build/icyphy/ptII/ptolemy/actor/lib/test/auto/TestExceptionAttribute4.xml
----------------- Instantiating /home/travis/build/icyphy/ptII/ptolemy/actor/lib/test/auto/TestExceptionAttribute4.xml
.TestExceptionAttribute4.TestExceptionAttribute: initialize() was not invoked, but wrapup() was.  This is unusual, but not always a problem.  For example, exporting JNLP will do this.
.TestExceptionAttribute4.TestExceptionAttribute2: initialize() was not invoked, but wrapup() was.  This is unusual, but not always a problem.  For example, exporting JNLP will do this.
0 ms. Memory: 1702400K Free: 929918K (55%)
----------------- Invoking toplevel() on ptolemy.moml.MoMLSimpleApplication@7608146e
----------------- Done invoking toplevel() on ptolemy.moml.MoMLSimpleApplication@7608146e
reloadAllAccessors: .TestExceptionAttribute4

===========================================================================================
----------------- testing Wed Jun 13 16:14:35 UTC 2018 /home/travis/build/icyphy/ptII/ptolemy/actor/lib/test/auto/TestExceptionHandler1.xml
----------------- Instantiating /home/travis/build/icyphy/ptII/ptolemy/actor/lib/test/auto/TestExceptionHandler1.xml
1 ms. Memory: 1702400K Free: 909718K (53%)
----------------- Invoking toplevel() on ptolemy.moml.MoMLSimpleApplication@df03832
----------------- Done invoking toplevel() on ptolemy.moml.MoMLSimpleApplication@df03832
reloadAllAccessors: .TestExceptionHandler1

===========================================================================================
----------------- testing Wed Jun 13 16:14:35 UTC 2018 /home/travis/build/icyphy/ptII/ptolemy/actor/lib/test/auto/TestExceptionHandler2.xml
----------------- Instantiating /home/travis/build/icyphy/ptII/ptolemy/actor/lib/test/auto/TestExceptionHandler2.xml
1 ms. Memory: 1702400K Free: 893718K (52%)
----------------- Invoking toplevel() on ptolemy.moml.MoMLSimpleApplication@3f156ebc
----------------- Done invoking toplevel() on ptolemy.moml.MoMLSimpleApplication@3f156ebc
reloadAllAccessors: .TestExceptionHandler2

===========================================================================================
----------------- testing Wed Jun 13 16:14:35 UTC 2018 /home/travis/build/icyphy/ptII/ptolemy/actor/lib/test/auto/TestExceptionHandler3.xml
----------------- Instantiating /home/travis/build/icyphy/ptII/ptolemy/actor/lib/test/auto/TestExceptionHandler3.xml
0 ms. Memory: 1702400K Free: 873519K (51%)
----------------- Invoking toplevel() on ptolemy.moml.MoMLSimpleApplication@57bdcab3
----------------- Done invoking toplevel() on ptolemy.moml.MoMLSimpleApplication@57bdcab3
reloadAllAccessors: .TestExceptionHandler3

===========================================================================================
----------------- testing Wed Jun 13 16:14:35 UTC 2018 /home/travis/build/icyphy/ptII/ptolemy/actor/lib/test/auto/TestExceptionHandler4.xml
----------------- Instantiating /home/travis/build/icyphy/ptII/ptolemy/actor/lib/test/auto/TestExceptionHandler4.xml
0 ms. Memory: 1702400K Free: 853320K (50%)
----------------- Invoking toplevel() on ptolemy.moml.MoMLSimpleApplication@661c085d
----------------- Done invoking toplevel() on ptolemy.moml.MoMLSimpleApplication@661c085d
reloadAllAccessors: .TestExceptionHandler4

===========================================================================================
----------------- testing Wed Jun 13 16:14:35 UTC 2018 /home/travis/build/icyphy/ptII/ptolemy/actor/lib/test/auto/TestRequireCorrectOrder.xml
----------------- Instantiating /home/travis/build/icyphy/ptII/ptolemy/actor/lib/test/auto/TestRequireCorrectOrder.xml
1 ms. Memory: 1702400K Free: 837320K (49%)
----------------- Invoking toplevel() on ptolemy.moml.MoMLSimpleApplication@7ba9bffc
----------------- Done invoking toplevel() on ptolemy.moml.MoMLSimpleApplication@7ba9bffc
reloadAllAccessors: .TestRequireCorrectOrder

===========================================================================================
----------------- testing Wed Jun 13 16:14:35 UTC 2018 /home/travis/build/icyphy/ptII/ptolemy/actor/lib/test/auto/TestSimple.xml
----------------- Instantiating /home/travis/build/icyphy/ptII/ptolemy/actor/lib/test/auto/TestSimple.xml
1 ms. Memory: 1702400K Free: 817121K (48%)
----------------- Invoking toplevel() on ptolemy.moml.MoMLSimpleApplication@46df9e07
----------------- Done invoking toplevel() on ptolemy.moml.MoMLSimpleApplication@46df9e07
reloadAllAccessors: .TestSimple

===========================================================================================
----------------- testing Wed Jun 13 16:14:35 UTC 2018 /home/travis/build/icyphy/ptII/ptolemy/actor/lib/test/auto/ThrowModelError.xml
----------------- Instantiating /home/travis/build/icyphy/ptII/ptolemy/actor/lib/test/auto/ThrowModelError.xml
1 ms. Memory: 1702400K Free: 801121K (47%)
----------------- Invoking toplevel() on ptolemy.moml.MoMLSimpleApplication@1a0c894f
----------------- Done invoking toplevel() on ptolemy.moml.MoMLSimpleApplication@1a0c894f
reloadAllAccessors: .ThrowModelError

===========================================================================================
----------------- testing Wed Jun 13 16:14:35 UTC 2018 /home/travis/build/icyphy/ptII/ptolemy/actor/lib/test/auto/TimeDelayMicrosteps.xml
----------------- Instantiating /home/travis/build/icyphy/ptII/ptolemy/actor/lib/test/auto/TimeDelayMicrosteps.xml
1 ms. Memory: 1702400K Free: 780922K (46%)
----------------- Invoking toplevel() on ptolemy.moml.MoMLSimpleApplication@49bc5f0d
----------------- Done invoking toplevel() on ptolemy.moml.MoMLSimpleApplication@49bc5f0d
reloadAllAccessors: .TimeDelayMicrosteps

===========================================================================================
----------------- testing Wed Jun 13 16:14:35 UTC 2018 /home/travis/build/icyphy/ptII/ptolemy/actor/lib/test/auto/TimeDelayMicrosteps2.xml
----------------- Instantiating /home/travis/build/icyphy/ptII/ptolemy/actor/lib/test/auto/TimeDelayMicrosteps2.xml
2 ms. Memory: 1702400K Free: 760723K (45%)
----------------- Invoking toplevel() on ptolemy.moml.MoMLSimpleApplication@6071d7f7
----------------- Done invoking toplevel() on ptolemy.moml.MoMLSimpleApplication@6071d7f7
reloadAllAccessors: .TimeDelayMicrosteps2

===========================================================================================
----------------- testing Wed Jun 13 16:14:35 UTC 2018 /home/travis/build/icyphy/ptII/ptolemy/actor/lib/test/auto/TimeDelayMicrosteps3.xml
----------------- Instantiating /home/travis/build/icyphy/ptII/ptolemy/actor/lib/test/auto/TimeDelayMicrosteps3.xml
2 ms. Memory: 1702400K Free: 744723K (44%)
----------------- Invoking toplevel() on ptolemy.moml.MoMLSimpleApplication@4b9ecb42
----------------- Done invoking toplevel() on ptolemy.moml.MoMLSimpleApplication@4b9ecb42
reloadAllAccessors: .TimeDelayMicrosteps3

===========================================================================================
----------------- testing Wed Jun 13 16:14:35 UTC 2018 /home/travis/build/icyphy/ptII/ptolemy/actor/lib/test/auto/TimeDelayVariableMicrosteps.xml
----------------- Instantiating /home/travis/build/icyphy/ptII/ptolemy/actor/lib/test/auto/TimeDelayVariableMicrosteps.xml
1 ms. Memory: 1702400K Free: 724524K (43%)
----------------- Invoking toplevel() on ptolemy.moml.MoMLSimpleApplication@2c1220ef
----------------- Done invoking toplevel() on ptolemy.moml.MoMLSimpleApplication@2c1220ef
reloadAllAccessors: .TimeDelayVariableMicrosteps

===========================================================================================
----------------- testing Wed Jun 13 16:14:35 UTC 2018 /home/travis/build/icyphy/ptII/ptolemy/actor/lib/test/auto/TimeGap.xml
----------------- Instantiating /home/travis/build/icyphy/ptII/ptolemy/actor/lib/test/auto/TimeGap.xml
2 ms. Memory: 1702400K Free: 708524K (42%)
----------------- Invoking toplevel() on ptolemy.moml.MoMLSimpleApplication@3a4affbc
----------------- Done invoking toplevel() on ptolemy.moml.MoMLSimpleApplication@3a4affbc
reloadAllAccessors: .TimeGap

===========================================================================================
----------------- testing Wed Jun 13 16:14:35 UTC 2018 /home/travis/build/icyphy/ptII/ptolemy/actor/lib/test/auto/TimeGap2.xml
----------------- Instantiating /home/travis/build/icyphy/ptII/ptolemy/actor/lib/test/auto/TimeGap2.xml
2 ms. Memory: 1702400K Free: 688325K (40%)
----------------- Invoking toplevel() on ptolemy.moml.MoMLSimpleApplication@4d3cd9eb
----------------- Done invoking toplevel() on ptolemy.moml.MoMLSimpleApplication@4d3cd9eb
reloadAllAccessors: .TimeGap2

===========================================================================================
----------------- testing Wed Jun 13 16:14:35 UTC 2018 /home/travis/build/icyphy/ptII/ptolemy/actor/lib/test/auto/TimedSinewave.xml
----------------- Instantiating /home/travis/build/icyphy/ptII/ptolemy/actor/lib/test/auto/TimedSinewave.xml
8 ms. Memory: 1702400K Free: 660126K (39%)
----------------- Invoking toplevel() on ptolemy.moml.MoMLSimpleApplication@d7ba43c
----------------- Done invoking toplevel() on ptolemy.moml.MoMLSimpleApplication@d7ba43c
reloadAllAccessors: .TimedSinewave

===========================================================================================
----------------- testing Wed Jun 13 16:14:36 UTC 2018 /home/travis/build/icyphy/ptII/ptolemy/actor/lib/test/auto/TimedSinewavePhase.xml
----------------- Instantiating /home/travis/build/icyphy/ptII/ptolemy/actor/lib/test/auto/TimedSinewavePhase.xml
6 ms. Memory: 1702400K Free: 644126K (38%)
----------------- Invoking toplevel() on ptolemy.moml.MoMLSimpleApplication@662401f3
----------------- Done invoking toplevel() on ptolemy.moml.MoMLSimpleApplication@662401f3
reloadAllAccessors: .TimedSinewavePhase

===========================================================================================
----------------- testing Wed Jun 13 16:14:36 UTC 2018 /home/travis/build/icyphy/ptII/ptolemy/actor/lib/test/auto/Timer.xml
----------------- Instantiating /home/travis/build/icyphy/ptII/ptolemy/actor/lib/test/auto/Timer.xml
1 ms. Memory: 1702400K Free: 623927K (37%)
----------------- Invoking toplevel() on ptolemy.moml.MoMLSimpleApplication@6ff1383b
----------------- Done invoking toplevel() on ptolemy.moml.MoMLSimpleApplication@6ff1383b
reloadAllAccessors: .Timer

===========================================================================================
----------------- testing Wed Jun 13 16:14:36 UTC 2018 /home/travis/build/icyphy/ptII/ptolemy/actor/lib/test/auto/TriangularDistTestModel.xml
----------------- Instantiating /home/travis/build/icyphy/ptII/ptolemy/actor/lib/test/auto/TriangularDistTestModel.xml
1 ms. Memory: 1702400K Free: 607927K (36%)
----------------- Invoking toplevel() on ptolemy.moml.MoMLSimpleApplication@721da1a7
----------------- Done invoking toplevel() on ptolemy.moml.MoMLSimpleApplication@721da1a7
reloadAllAccessors: .TriangularDistTestModel

===========================================================================================
----------------- testing Wed Jun 13 16:14:36 UTC 2018 /home/travis/build/icyphy/ptII/ptolemy/actor/lib/test/auto/TrigFunction.xml
----------------- Instantiating /home/travis/build/icyphy/ptII/ptolemy/actor/lib/test/auto/TrigFunction.xml
1 ms. Memory: 1702400K Free: 587728K (35%)
----------------- Invoking toplevel() on ptolemy.moml.MoMLSimpleApplication@2936ecff
----------------- Done invoking toplevel() on ptolemy.moml.MoMLSimpleApplication@2936ecff
reloadAllAccessors: .TrigFunction

===========================================================================================
----------------- testing Wed Jun 13 16:14:36 UTC 2018 /home/travis/build/icyphy/ptII/ptolemy/actor/lib/test/auto/TrigFunctionDE.xml
----------------- Instantiating /home/travis/build/icyphy/ptII/ptolemy/actor/lib/test/auto/TrigFunctionDE.xml
1 ms. Memory: 1702400K Free: 571728K (34%)
----------------- Invoking toplevel() on ptolemy.moml.MoMLSimpleApplication@7a53c53b
----------------- Done invoking toplevel() on ptolemy.moml.MoMLSimpleApplication@7a53c53b
reloadAllAccessors: .TrigFunctionDE

===========================================================================================
----------------- testing Wed Jun 13 16:14:36 UTC 2018 /home/travis/build/icyphy/ptII/ptolemy/actor/lib/test/auto/TrigFunctionInverse.xml
----------------- Instantiating /home/travis/build/icyphy/ptII/ptolemy/actor/lib/test/auto/TrigFunctionInverse.xml
1 ms. Memory: 1702400K Free: 551529K (32%)
----------------- Invoking toplevel() on ptolemy.moml.MoMLSimpleApplication@60a0eb29
----------------- Done invoking toplevel() on ptolemy.moml.MoMLSimpleApplication@60a0eb29
reloadAllAccessors: .TrigFunctionInverse

===========================================================================================
----------------- testing Wed Jun 13 16:14:36 UTC 2018 /home/travis/build/icyphy/ptII/ptolemy/actor/lib/test/auto/TrigFunctionTan.xml
----------------- Instantiating /home/travis/build/icyphy/ptII/ptolemy/actor/lib/test/auto/TrigFunctionTan.xml
1 ms. Memory: 1702400K Free: 531330K (31%)
----------------- Invoking toplevel() on ptolemy.moml.MoMLSimpleApplication@791acd53
----------------- Done invoking toplevel() on ptolemy.moml.MoMLSimpleApplication@791acd53
reloadAllAccessors: .TrigFunctionTan

===========================================================================================
----------------- testing Wed Jun 13 16:14:36 UTC 2018 /home/travis/build/icyphy/ptII/ptolemy/actor/lib/test/auto/TriggeredClock.xml
----------------- Instantiating /home/travis/build/icyphy/ptII/ptolemy/actor/lib/test/auto/TriggeredClock.xml
3 ms. Memory: 1702400K Free: 515330K (30%)
----------------- Invoking toplevel() on ptolemy.moml.MoMLSimpleApplication@259b7761
----------------- Done invoking toplevel() on ptolemy.moml.MoMLSimpleApplication@259b7761
reloadAllAccessors: .TriggeredClock

===========================================================================================
----------------- testing Wed Jun 13 16:14:36 UTC 2018 /home/travis/build/icyphy/ptII/ptolemy/actor/lib/test/auto/URLDirectoryReader.xml
----------------- Instantiating /home/travis/build/icyphy/ptII/ptolemy/actor/lib/test/auto/URLDirectoryReader.xml
15 ms. Memory: 1702400K Free: 495130K (29%)
----------------- Invoking toplevel() on ptolemy.moml.MoMLSimpleApplication@616ed22
----------------- Done invoking toplevel() on ptolemy.moml.MoMLSimpleApplication@616ed22
reloadAllAccessors: .URLDirectoryReader

===========================================================================================
----------------- testing Wed Jun 13 16:14:36 UTC 2018 /home/travis/build/icyphy/ptII/ptolemy/actor/lib/test/auto/URLDirectoryReader3.xml
----------------- Instantiating /home/travis/build/icyphy/ptII/ptolemy/actor/lib/test/auto/URLDirectoryReader3.xml
1121 ms. Memory: 1702400K Free: 431130K (25%)
----------------- Invoking toplevel() on ptolemy.moml.MoMLSimpleApplication@6cd19ac8
----------------- Done invoking toplevel() on ptolemy.moml.MoMLSimpleApplication@6cd19ac8
reloadAllAccessors: .URLDirectoryReader3

===========================================================================================
----------------- testing Wed Jun 13 16:14:37 UTC 2018 /home/travis/build/icyphy/ptII/ptolemy/actor/lib/test/auto/UnaryMathFunction.xml
----------------- Instantiating /home/travis/build/icyphy/ptII/ptolemy/actor/lib/test/auto/UnaryMathFunction.xml
8 ms. Memory: 1702400K Free: 410931K (24%)
----------------- Invoking toplevel() on ptolemy.moml.MoMLSimpleApplication@13f99ad5
----------------- Done invoking toplevel() on ptolemy.moml.MoMLSimpleApplication@13f99ad5
reloadAllAccessors: .UnaryMathFunction

===========================================================================================
----------------- testing Wed Jun 13 16:14:37 UTC 2018 /home/travis/build/icyphy/ptII/ptolemy/actor/lib/test/auto/Uniform.xml
----------------- Instantiating /home/travis/build/icyphy/ptII/ptolemy/actor/lib/test/auto/Uniform.xml
14 ms. Memory: 1702400K Free: 390732K (23%)
----------------- Invoking toplevel() on ptolemy.moml.MoMLSimpleApplication@2222ee57
----------------- Done invoking toplevel() on ptolemy.moml.MoMLSimpleApplication@2222ee57
reloadAllAccessors: .Uniform

===========================================================================================
----------------- testing Wed Jun 13 16:14:37 UTC 2018 /home/travis/build/icyphy/ptII/ptolemy/actor/lib/test/auto/UnionDisassemblerTest.xml
----------------- Instantiating /home/travis/build/icyphy/ptII/ptolemy/actor/lib/test/auto/UnionDisassemblerTest.xml
14 ms. Memory: 1702400K Free: 374732K (22%)
----------------- Invoking toplevel() on ptolemy.moml.MoMLSimpleApplication@41322fe6
----------------- Done invoking toplevel() on ptolemy.moml.MoMLSimpleApplication@41322fe6
reloadAllAccessors: .UnionDisassemblerTest

===========================================================================================
----------------- testing Wed Jun 13 16:14:37 UTC 2018 /home/travis/build/icyphy/ptII/ptolemy/actor/lib/test/auto/UtilityFunctions.xml
----------------- Instantiating /home/travis/build/icyphy/ptII/ptolemy/actor/lib/test/auto/UtilityFunctions.xml
9 ms. Memory: 1702400K Free: 354533K (21%)
----------------- Invoking toplevel() on ptolemy.moml.MoMLSimpleApplication@606cc894
----------------- Done invoking toplevel() on ptolemy.moml.MoMLSimpleApplication@606cc894
reloadAllAccessors: .UtilityFunctions

===========================================================================================
----------------- testing Wed Jun 13 16:14:37 UTC 2018 /home/travis/build/icyphy/ptII/ptolemy/actor/lib/test/auto/VariableSleep.xml
----------------- Instantiating /home/travis/build/icyphy/ptII/ptolemy/actor/lib/test/auto/VariableSleep.xml
508 ms. Memory: 1702400K Free: 338533K (20%)
----------------- Invoking toplevel() on ptolemy.moml.MoMLSimpleApplication@254eb33c
----------------- Done invoking toplevel() on ptolemy.moml.MoMLSimpleApplication@254eb33c
reloadAllAccessors: .VariableSleep

===========================================================================================
----------------- testing Wed Jun 13 16:14:38 UTC 2018 /home/travis/build/icyphy/ptII/ptolemy/actor/lib/test/auto/VectorAssemblerDisassemblerCT.xml
----------------- Instantiating /home/travis/build/icyphy/ptII/ptolemy/actor/lib/test/auto/VectorAssemblerDisassemblerCT.xml
71 ms. Memory: 1702400K Free: 302302K (18%)
----------------- Invoking toplevel() on ptolemy.moml.MoMLSimpleApplication@5babfe87
----------------- Done invoking toplevel() on ptolemy.moml.MoMLSimpleApplication@5babfe87
reloadAllAccessors: .VectorAssemblerDisassemblerCT

===========================================================================================
----------------- testing Wed Jun 13 16:14:38 UTC 2018 /home/travis/build/icyphy/ptII/ptolemy/actor/lib/test/auto/VectorAssemblerDisassemblerDE.xml
----------------- Instantiating /home/travis/build/icyphy/ptII/ptolemy/actor/lib/test/auto/VectorAssemblerDisassemblerDE.xml
2 ms. Memory: 1702400K Free: 282103K (17%)
----------------- Invoking toplevel() on ptolemy.moml.MoMLSimpleApplication@5719129b
----------------- Done invoking toplevel() on ptolemy.moml.MoMLSimpleApplication@5719129b
reloadAllAccessors: .VectorAssemblerDisassemblerDE

===========================================================================================
----------------- testing Wed Jun 13 16:14:38 UTC 2018 /home/travis/build/icyphy/ptII/ptolemy/actor/lib/test/auto/VectorAssemblerDisassemblerSDF.xml
----------------- Instantiating /home/travis/build/icyphy/ptII/ptolemy/actor/lib/test/auto/VectorAssemblerDisassemblerSDF.xml
2 ms. Memory: 1702400K Free: 266103K (16%)
----------------- Invoking toplevel() on ptolemy.moml.MoMLSimpleApplication@564eda59
----------------- Done invoking toplevel() on ptolemy.moml.MoMLSimpleApplication@564eda59
reloadAllAccessors: .VectorAssemblerDisassemblerSDF

===========================================================================================
----------------- testing Wed Jun 13 16:14:38 UTC 2018 /home/travis/build/icyphy/ptII/ptolemy/actor/lib/test/auto/WallClockTime.xml
----------------- Instantiating /home/travis/build/icyphy/ptII/ptolemy/actor/lib/test/auto/WallClockTime.xml
1004 ms. Memory: 1702400K Free: 245903K (14%)
----------------- Invoking toplevel() on ptolemy.moml.MoMLSimpleApplication@790f4e4a
----------------- Done invoking toplevel() on ptolemy.moml.MoMLSimpleApplication@790f4e4a
reloadAllAccessors: .WallClockTime

===========================================================================================
----------------- testing Wed Jun 13 16:14:39 UTC 2018 /home/travis/build/icyphy/ptII/ptolemy/actor/lib/test/auto/WidthTestWithSubscriberPublisher.xml
----------------- Instantiating /home/travis/build/icyphy/ptII/ptolemy/actor/lib/test/auto/WidthTestWithSubscriberPublisher.xml
9 ms. Memory: 1702400K Free: 213887K (13%)
----------------- Invoking toplevel() on ptolemy.moml.MoMLSimpleApplication@15f45fee
----------------- Done invoking toplevel() on ptolemy.moml.MoMLSimpleApplication@15f45fee
reloadAllAccessors: .WidthTestWithSubscriberPublisher

===========================================================================================
----------------- testing Wed Jun 13 16:14:39 UTC 2018 /home/travis/build/icyphy/ptII/ptolemy/actor/lib/test/auto/WidthTestWithSubscriberPublisher2.xml
----------------- Instantiating /home/travis/build/icyphy/ptII/ptolemy/actor/lib/test/auto/WidthTestWithSubscriberPublisher2.xml
5 ms. Memory: 1702400K Free: 193688K (11%)
----------------- Invoking toplevel() on ptolemy.moml.MoMLSimpleApplication@35e28492
----------------- Done invoking toplevel() on ptolemy.moml.MoMLSimpleApplication@35e28492
reloadAllAccessors: .WidthTestWithSubscriberPublisher2

===========================================================================================
----------------- testing Wed Jun 13 16:14:39 UTC 2018 /home/travis/build/icyphy/ptII/ptolemy/actor/lib/test/auto/WidthTestWithSubscriberPublisher3.xml
----------------- Instantiating /home/travis/build/icyphy/ptII/ptolemy/actor/lib/test/auto/WidthTestWithSubscriberPublisher3.xml
3 ms. Memory: 1702400K Free: 173489K (10%)
----------------- Invoking toplevel() on ptolemy.moml.MoMLSimpleApplication@2cd347ed
----------------- Done invoking toplevel() on ptolemy.moml.MoMLSimpleApplication@2cd347ed
reloadAllAccessors: .WidthTestWithSubscriberPublisher3

===========================================================================================
----------------- testing Wed Jun 13 16:14:39 UTC 2018 /home/travis/build/icyphy/ptII/ptolemy/actor/lib/test/auto/Writer.xml
----------------- Instantiating /home/travis/build/icyphy/ptII/ptolemy/actor/lib/test/auto/Writer.xml
0
1
2
3
4
3 ms. Memory: 1702400K Free: 157489K (9%)
----------------- Invoking toplevel() on ptolemy.moml.MoMLSimpleApplication@411be3fe
----------------- Done invoking toplevel() on ptolemy.moml.MoMLSimpleApplication@411be3fe
reloadAllAccessors: .Writer

===========================================================================================
----------------- testing Wed Jun 13 16:14:39 UTC 2018 /home/travis/build/icyphy/ptII/ptolemy/actor/lib/test/auto/array.xml
----------------- Instantiating /home/travis/build/icyphy/ptII/ptolemy/actor/lib/test/auto/array.xml
2 ms. Memory: 1702400K Free: 137290K (8%)
----------------- Invoking toplevel() on ptolemy.moml.MoMLSimpleApplication@65844ec2
----------------- Done invoking toplevel() on ptolemy.moml.MoMLSimpleApplication@65844ec2
reloadAllAccessors: .array

===========================================================================================
----------------- testing Wed Jun 13 16:14:39 UTC 2018 /home/travis/build/icyphy/ptII/ptolemy/actor/lib/test/auto/array2.xml
----------------- Instantiating /home/travis/build/icyphy/ptII/ptolemy/actor/lib/test/auto/array2.xml
2 ms. Memory: 1702400K Free: 117091K (7%)
----------------- Invoking toplevel() on ptolemy.moml.MoMLSimpleApplication@5b2bfd8f
----------------- Done invoking toplevel() on ptolemy.moml.MoMLSimpleApplication@5b2bfd8f
reloadAllAccessors: .array2

===========================================================================================
----------------- testing Wed Jun 13 16:14:39 UTC 2018 /home/travis/build/icyphy/ptII/ptolemy/actor/lib/test/auto/arrayType.xml
----------------- Instantiating /home/travis/build/icyphy/ptII/ptolemy/actor/lib/test/auto/arrayType.xml
3 ms. Memory: 1702400K Free: 101091K (6%)
----------------- Invoking toplevel() on ptolemy.moml.MoMLSimpleApplication@525ec57e
----------------- Done invoking toplevel() on ptolemy.moml.MoMLSimpleApplication@525ec57e
reloadAllAccessors: .arrayType

===========================================================================================
----------------- testing Wed Jun 13 16:14:39 UTC 2018 /home/travis/build/icyphy/ptII/ptolemy/actor/lib/test/auto/arrayType10.xml
----------------- Instantiating /home/travis/build/icyphy/ptII/ptolemy/actor/lib/test/auto/arrayType10.xml
2 ms. Memory: 1702400K Free: 80892K (5%)
----------------- Invoking toplevel() on ptolemy.moml.MoMLSimpleApplication@3fff6d5e
----------------- Done invoking toplevel() on ptolemy.moml.MoMLSimpleApplication@3fff6d5e
reloadAllAccessors: .arrayType10

===========================================================================================
----------------- testing Wed Jun 13 16:14:39 UTC 2018 /home/travis/build/icyphy/ptII/ptolemy/actor/lib/test/auto/arrayType11.xml
----------------- Instantiating /home/travis/build/icyphy/ptII/ptolemy/actor/lib/test/auto/arrayType11.xml
1 ms. Memory: 1702400K Free: 64892K (4%)
----------------- Invoking toplevel() on ptolemy.moml.MoMLSimpleApplication@10852296
----------------- Done invoking toplevel() on ptolemy.moml.MoMLSimpleApplication@10852296
reloadAllAccessors: .arrayType11

===========================================================================================
----------------- testing Wed Jun 13 16:14:39 UTC 2018 /home/travis/build/icyphy/ptII/ptolemy/actor/lib/test/auto/arrayType12.xml
----------------- Instantiating /home/travis/build/icyphy/ptII/ptolemy/actor/lib/test/auto/arrayType12.xml
1 ms. Memory: 1719808K Free: 1652139K (96%)
----------------- Invoking toplevel() on ptolemy.moml.MoMLSimpleApplication@5ae2343c
----------------- Done invoking toplevel() on ptolemy.moml.MoMLSimpleApplication@5ae2343c
reloadAllAccessors: .arrayType12

===========================================================================================
----------------- testing Wed Jun 13 16:14:39 UTC 2018 /home/travis/build/icyphy/ptII/ptolemy/actor/lib/test/auto/arrayType13.xml
----------------- Instantiating /home/travis/build/icyphy/ptII/ptolemy/actor/lib/test/auto/arrayType13.xml
2 ms. Memory: 1719808K Free: 1632093K (95%)
----------------- Invoking toplevel() on ptolemy.moml.MoMLSimpleApplication@72a53248
----------------- Done invoking toplevel() on ptolemy.moml.MoMLSimpleApplication@72a53248
reloadAllAccessors: .arrayType13

===========================================================================================
----------------- testing Wed Jun 13 16:14:39 UTC 2018 /home/travis/build/icyphy/ptII/ptolemy/actor/lib/test/auto/arrayType14.xml
----------------- Instantiating /home/travis/build/icyphy/ptII/ptolemy/actor/lib/test/auto/arrayType14.xml
1 ms. Memory: 1719808K Free: 1612047K (94%)
----------------- Invoking toplevel() on ptolemy.moml.MoMLSimpleApplication@58631a7a
----------------- Done invoking toplevel() on ptolemy.moml.MoMLSimpleApplication@58631a7a
reloadAllAccessors: .arrayType14

===========================================================================================
----------------- testing Wed Jun 13 16:14:39 UTC 2018 /home/travis/build/icyphy/ptII/ptolemy/actor/lib/test/auto/arrayType15.xml
----------------- Instantiating /home/travis/build/icyphy/ptII/ptolemy/actor/lib/test/auto/arrayType15.xml
2 ms. Memory: 1719808K Free: 1596047K (93%)
----------------- Invoking toplevel() on ptolemy.moml.MoMLSimpleApplication@596b71b0
----------------- Done invoking toplevel() on ptolemy.moml.MoMLSimpleApplication@596b71b0
reloadAllAccessors: .arrayType15

===========================================================================================
----------------- testing Wed Jun 13 16:14:39 UTC 2018 /home/travis/build/icyphy/ptII/ptolemy/actor/lib/test/auto/arrayType16.xml
----------------- Instantiating /home/travis/build/icyphy/ptII/ptolemy/actor/lib/test/auto/arrayType16.xml
1 ms. Memory: 1719808K Free: 1576001K (92%)
----------------- Invoking toplevel() on ptolemy.moml.MoMLSimpleApplication@6c3c6bec
----------------- Done invoking toplevel() on ptolemy.moml.MoMLSimpleApplication@6c3c6bec
reloadAllAccessors: .arrayType16

===========================================================================================
----------------- testing Wed Jun 13 16:14:39 UTC 2018 /home/travis/build/icyphy/ptII/ptolemy/actor/lib/test/auto/arrayType17.xml
----------------- Instantiating /home/travis/build/icyphy/ptII/ptolemy/actor/lib/test/auto/arrayType17.xml
1 ms. Memory: 1719808K Free: 1555955K (90%)
----------------- Invoking toplevel() on ptolemy.moml.MoMLSimpleApplication@66024b29
----------------- Done invoking toplevel() on ptolemy.moml.MoMLSimpleApplication@66024b29
reloadAllAccessors: .arrayType17

===========================================================================================
----------------- testing Wed Jun 13 16:14:39 UTC 2018 /home/travis/build/icyphy/ptII/ptolemy/actor/lib/test/auto/arrayType18.xml
----------------- Instantiating /home/travis/build/icyphy/ptII/ptolemy/actor/lib/test/auto/arrayType18.xml
1 ms. Memory: 1719808K Free: 1539955K (90%)
----------------- Invoking toplevel() on ptolemy.moml.MoMLSimpleApplication@1efa2ab3
----------------- Done invoking toplevel() on ptolemy.moml.MoMLSimpleApplication@1efa2ab3
reloadAllAccessors: .arrayType18

===========================================================================================
----------------- testing Wed Jun 13 16:14:39 UTC 2018 /home/travis/build/icyphy/ptII/ptolemy/actor/lib/test/auto/arrayType19.xml
----------------- Instantiating /home/travis/build/icyphy/ptII/ptolemy/actor/lib/test/auto/arrayType19.xml
1 ms. Memory: 1719808K Free: 1519909K (88%)
----------------- Invoking toplevel() on ptolemy.moml.MoMLSimpleApplication@19abb04b
----------------- Done invoking toplevel() on ptolemy.moml.MoMLSimpleApplication@19abb04b
reloadAllAccessors: .arrayType19

===========================================================================================
----------------- testing Wed Jun 13 16:14:39 UTC 2018 /home/travis/build/icyphy/ptII/ptolemy/actor/lib/test/auto/arrayType2.xml
----------------- Instantiating /home/travis/build/icyphy/ptII/ptolemy/actor/lib/test/auto/arrayType2.xml
2 ms. Memory: 1719808K Free: 1499863K (87%)
----------------- Invoking toplevel() on ptolemy.moml.MoMLSimpleApplication@2ade41aa
----------------- Done invoking toplevel() on ptolemy.moml.MoMLSimpleApplication@2ade41aa
reloadAllAccessors: .arrayType2

===========================================================================================
----------------- testing Wed Jun 13 16:14:39 UTC 2018 /home/travis/build/icyphy/ptII/ptolemy/actor/lib/test/auto/arrayType20.xml
----------------- Instantiating /home/travis/build/icyphy/ptII/ptolemy/actor/lib/test/auto/arrayType20.xml
1 ms. Memory: 1719808K Free: 1483863K (86%)
----------------- Invoking toplevel() on ptolemy.moml.MoMLSimpleApplication@7e01d473
----------------- Done invoking toplevel() on ptolemy.moml.MoMLSimpleApplication@7e01d473
reloadAllAccessors: .arrayType20

===========================================================================================
----------------- testing Wed Jun 13 16:14:39 UTC 2018 /home/travis/build/icyphy/ptII/ptolemy/actor/lib/test/auto/arrayType21.xml
----------------- Instantiating /home/travis/build/icyphy/ptII/ptolemy/actor/lib/test/auto/arrayType21.xml
1 ms. Memory: 1719808K Free: 1463816K (85%)
----------------- Invoking toplevel() on ptolemy.moml.MoMLSimpleApplication@11a8c5f8
----------------- Done invoking toplevel() on ptolemy.moml.MoMLSimpleApplication@11a8c5f8
reloadAllAccessors: .arrayType21

===========================================================================================
----------------- testing Wed Jun 13 16:14:39 UTC 2018 /home/travis/build/icyphy/ptII/ptolemy/actor/lib/test/auto/arrayType22.xml
----------------- Instantiating /home/travis/build/icyphy/ptII/ptolemy/actor/lib/test/auto/arrayType22.xml
2 ms. Memory: 1719808K Free: 1447816K (84%)
----------------- Invoking toplevel() on ptolemy.moml.MoMLSimpleApplication@6baab0ee
----------------- Done invoking toplevel() on ptolemy.moml.MoMLSimpleApplication@6baab0ee
reloadAllAccessors: .arrayType22

===========================================================================================
----------------- testing Wed Jun 13 16:14:39 UTC 2018 /home/travis/build/icyphy/ptII/ptolemy/actor/lib/test/auto/arrayType23.xml
----------------- Instantiating /home/travis/build/icyphy/ptII/ptolemy/actor/lib/test/auto/arrayType23.xml
1 ms. Memory: 1719808K Free: 1427770K (83%)
----------------- Invoking toplevel() on ptolemy.moml.MoMLSimpleApplication@52b27de7
----------------- Done invoking toplevel() on ptolemy.moml.MoMLSimpleApplication@52b27de7
reloadAllAccessors: .arrayType23

===========================================================================================
----------------- testing Wed Jun 13 16:14:39 UTC 2018 /home/travis/build/icyphy/ptII/ptolemy/actor/lib/test/auto/arrayType24.xml
----------------- Instantiating /home/travis/build/icyphy/ptII/ptolemy/actor/lib/test/auto/arrayType24.xml
2 ms. Memory: 1719808K Free: 1407724K (82%)
----------------- Invoking toplevel() on ptolemy.moml.MoMLSimpleApplication@5022a983
----------------- Done invoking toplevel() on ptolemy.moml.MoMLSimpleApplication@5022a983
reloadAllAccessors: .arrayType24

===========================================================================================
----------------- testing Wed Jun 13 16:14:39 UTC 2018 /home/travis/build/icyphy/ptII/ptolemy/actor/lib/test/auto/arrayType25.xml
----------------- Instantiating /home/travis/build/icyphy/ptII/ptolemy/actor/lib/test/auto/arrayType25.xml
1 ms. Memory: 1719808K Free: 1391724K (81%)
----------------- Invoking toplevel() on ptolemy.moml.MoMLSimpleApplication@7e378e9e
----------------- Done invoking toplevel() on ptolemy.moml.MoMLSimpleApplication@7e378e9e
reloadAllAccessors: .arrayType25

===========================================================================================
----------------- testing Wed Jun 13 16:14:39 UTC 2018 /home/travis/build/icyphy/ptII/ptolemy/actor/lib/test/auto/arrayType26.xml
----------------- Instantiating /home/travis/build/icyphy/ptII/ptolemy/actor/lib/test/auto/arrayType26.xml
1 ms. Memory: 1719808K Free: 1371678K (80%)
----------------- Invoking toplevel() on ptolemy.moml.MoMLSimpleApplication@321f5fd2
----------------- Done invoking toplevel() on ptolemy.moml.MoMLSimpleApplication@321f5fd2
reloadAllAccessors: .arrayType26

===========================================================================================
----------------- testing Wed Jun 13 16:14:39 UTC 2018 /home/travis/build/icyphy/ptII/ptolemy/actor/lib/test/auto/arrayType27.xml
----------------- Instantiating /home/travis/build/icyphy/ptII/ptolemy/actor/lib/test/auto/arrayType27.xml
2 ms. Memory: 1719808K Free: 1351632K (79%)
----------------- Invoking toplevel() on ptolemy.moml.MoMLSimpleApplication@7f9f7133
----------------- Done invoking toplevel() on ptolemy.moml.MoMLSimpleApplication@7f9f7133
reloadAllAccessors: .arrayType27

===========================================================================================
----------------- testing Wed Jun 13 16:14:39 UTC 2018 /home/travis/build/icyphy/ptII/ptolemy/actor/lib/test/auto/arrayType28.xml
----------------- Instantiating /home/travis/build/icyphy/ptII/ptolemy/actor/lib/test/auto/arrayType28.xml
1 ms. Memory: 1719808K Free: 1335632K (78%)
----------------- Invoking toplevel() on ptolemy.moml.MoMLSimpleApplication@65fd9244
----------------- Done invoking toplevel() on ptolemy.moml.MoMLSimpleApplication@65fd9244
reloadAllAccessors: .arrayType28

===========================================================================================
----------------- testing Wed Jun 13 16:14:39 UTC 2018 /home/travis/build/icyphy/ptII/ptolemy/actor/lib/test/auto/arrayType3.xml
----------------- Instantiating /home/travis/build/icyphy/ptII/ptolemy/actor/lib/test/auto/arrayType3.xml
2 ms. Memory: 1719808K Free: 1315585K (76%)
----------------- Invoking toplevel() on ptolemy.moml.MoMLSimpleApplication@180a7c00
----------------- Done invoking toplevel() on ptolemy.moml.MoMLSimpleApplication@180a7c00
reloadAllAccessors: .arrayType3

===========================================================================================
----------------- testing Wed Jun 13 16:14:39 UTC 2018 /home/travis/build/icyphy/ptII/ptolemy/actor/lib/test/auto/arrayType4.xml
----------------- Instantiating /home/travis/build/icyphy/ptII/ptolemy/actor/lib/test/auto/arrayType4.xml
2 ms. Memory: 1719808K Free: 1299585K (76%)
----------------- Invoking toplevel() on ptolemy.moml.MoMLSimpleApplication@28aa1efc
----------------- Done invoking toplevel() on ptolemy.moml.MoMLSimpleApplication@28aa1efc
reloadAllAccessors: .arrayType4

===========================================================================================
----------------- testing Wed Jun 13 16:14:39 UTC 2018 /home/travis/build/icyphy/ptII/ptolemy/actor/lib/test/auto/arrayType5.xml
----------------- Instantiating /home/travis/build/icyphy/ptII/ptolemy/actor/lib/test/auto/arrayType5.xml
3 ms. Memory: 1719808K Free: 1279514K (74%)
----------------- Invoking toplevel() on ptolemy.moml.MoMLSimpleApplication@2eee9b42
----------------- Done invoking toplevel() on ptolemy.moml.MoMLSimpleApplication@2eee9b42
reloadAllAccessors: .arrayType5

===========================================================================================
----------------- testing Wed Jun 13 16:14:39 UTC 2018 /home/travis/build/icyphy/ptII/ptolemy/actor/lib/test/auto/arrayType6.xml
----------------- Instantiating /home/travis/build/icyphy/ptII/ptolemy/actor/lib/test/auto/arrayType6.xml
1 ms. Memory: 1719808K Free: 1259468K (73%)
----------------- Invoking toplevel() on ptolemy.moml.MoMLSimpleApplication@74818620
----------------- Done invoking toplevel() on ptolemy.moml.MoMLSimpleApplication@74818620
reloadAllAccessors: .arrayType6

===========================================================================================
----------------- testing Wed Jun 13 16:14:40 UTC 2018 /home/travis/build/icyphy/ptII/ptolemy/actor/lib/test/auto/arrayType7.xml
----------------- Instantiating /home/travis/build/icyphy/ptII/ptolemy/actor/lib/test/auto/arrayType7.xml
1 ms. Memory: 1719808K Free: 1243468K (72%)
----------------- Invoking toplevel() on ptolemy.moml.MoMLSimpleApplication@39c7cdf3
----------------- Done invoking toplevel() on ptolemy.moml.MoMLSimpleApplication@39c7cdf3
reloadAllAccessors: .arrayType7

===========================================================================================
----------------- testing Wed Jun 13 16:14:40 UTC 2018 /home/travis/build/icyphy/ptII/ptolemy/actor/lib/test/auto/arrayType8.xml
----------------- Instantiating /home/travis/build/icyphy/ptII/ptolemy/actor/lib/test/auto/arrayType8.xml
1 ms. Memory: 1719808K Free: 1223422K (71%)
----------------- Invoking toplevel() on ptolemy.moml.MoMLSimpleApplication@2d05de69
----------------- Done invoking toplevel() on ptolemy.moml.MoMLSimpleApplication@2d05de69
reloadAllAccessors: .arrayType8

===========================================================================================
----------------- testing Wed Jun 13 16:14:40 UTC 2018 /home/travis/build/icyphy/ptII/ptolemy/actor/lib/test/auto/arrayType9.xml
----------------- Instantiating /home/travis/build/icyphy/ptII/ptolemy/actor/lib/test/auto/arrayType9.xml
2 ms. Memory: 1719808K Free: 1203376K (70%)
----------------- Invoking toplevel() on ptolemy.moml.MoMLSimpleApplication@18cbad49
----------------- Done invoking toplevel() on ptolemy.moml.MoMLSimpleApplication@18cbad49
reloadAllAccessors: .arrayType9

===========================================================================================
----------------- testing Wed Jun 13 16:14:40 UTC 2018 /home/travis/build/icyphy/ptII/ptolemy/actor/lib/test/auto/cast.xml
----------------- Instantiating /home/travis/build/icyphy/ptII/ptolemy/actor/lib/test/auto/cast.xml
2 ms. Memory: 1719808K Free: 1187376K (69%)
----------------- Invoking toplevel() on ptolemy.moml.MoMLSimpleApplication@56760858
----------------- Done invoking toplevel() on ptolemy.moml.MoMLSimpleApplication@56760858
reloadAllAccessors: .cast

===========================================================================================
----------------- testing Wed Jun 13 16:14:40 UTC 2018 /home/travis/build/icyphy/ptII/ptolemy/actor/lib/test/auto/compositeMultiPort.xml
----------------- Instantiating /home/travis/build/icyphy/ptII/ptolemy/actor/lib/test/auto/compositeMultiPort.xml
2 ms. Memory: 1719808K Free: 1167329K (68%)
----------------- Invoking toplevel() on ptolemy.moml.MoMLSimpleApplication@27fbc612
----------------- Done invoking toplevel() on ptolemy.moml.MoMLSimpleApplication@27fbc612
reloadAllAccessors: .compositeMultiPort

===========================================================================================
----------------- testing Wed Jun 13 16:14:40 UTC 2018 /home/travis/build/icyphy/ptII/ptolemy/actor/lib/test/auto/expressionCastInference.xml
----------------- Instantiating /home/travis/build/icyphy/ptII/ptolemy/actor/lib/test/auto/expressionCastInference.xml
2 ms. Memory: 1719808K Free: 1147283K (67%)
----------------- Invoking toplevel() on ptolemy.moml.MoMLSimpleApplication@2ea6775d
----------------- Done invoking toplevel() on ptolemy.moml.MoMLSimpleApplication@2ea6775d
reloadAllAccessors: .expressionCastInference

===========================================================================================
----------------- testing Wed Jun 13 16:14:40 UTC 2018 /home/travis/build/icyphy/ptII/ptolemy/actor/lib/test/auto/expressionCastInference2.xml
----------------- Instantiating /home/travis/build/icyphy/ptII/ptolemy/actor/lib/test/auto/expressionCastInference2.xml
2 ms. Memory: 1719808K Free: 1131283K (66%)
----------------- Invoking toplevel() on ptolemy.moml.MoMLSimpleApplication@1cfe09cd
----------------- Done invoking toplevel() on ptolemy.moml.MoMLSimpleApplication@1cfe09cd
reloadAllAccessors: .expressionCastInference2

===========================================================================================
----------------- testing Wed Jun 13 16:14:40 UTC 2018 /home/travis/build/icyphy/ptII/ptolemy/actor/lib/test/auto/expressionInference.xml
----------------- Instantiating /home/travis/build/icyphy/ptII/ptolemy/actor/lib/test/auto/expressionInference.xml
1 ms. Memory: 1719808K Free: 1111237K (65%)
----------------- Invoking toplevel() on ptolemy.moml.MoMLSimpleApplication@7c484218
----------------- Done invoking toplevel() on ptolemy.moml.MoMLSimpleApplication@7c484218
reloadAllAccessors: .expressionInference

===========================================================================================
----------------- testing Wed Jun 13 16:14:40 UTC 2018 /home/travis/build/icyphy/ptII/ptolemy/actor/lib/test/auto/expression_bug.xml
----------------- Instantiating /home/travis/build/icyphy/ptII/ptolemy/actor/lib/test/auto/expression_bug.xml
1 ms. Memory: 1719808K Free: 1095237K (64%)
----------------- Invoking toplevel() on ptolemy.moml.MoMLSimpleApplication@30e884aa
----------------- Done invoking toplevel() on ptolemy.moml.MoMLSimpleApplication@30e884aa
reloadAllAccessors: .expression_bug

===========================================================================================
----------------- testing Wed Jun 13 16:14:40 UTC 2018 /home/travis/build/icyphy/ptII/ptolemy/actor/lib/test/auto/factorial.xml
----------------- Instantiating /home/travis/build/icyphy/ptII/ptolemy/actor/lib/test/auto/factorial.xml
32 ms. Memory: 1719808K Free: 1075191K (63%)
----------------- Invoking toplevel() on ptolemy.moml.MoMLSimpleApplication@5075848a
----------------- Done invoking toplevel() on ptolemy.moml.MoMLSimpleApplication@5075848a
reloadAllAccessors: .factorial

===========================================================================================
----------------- testing Wed Jun 13 16:14:40 UTC 2018 /home/travis/build/icyphy/ptII/ptolemy/actor/lib/test/auto/filterTest1.xml
----------------- Instantiating /home/travis/build/icyphy/ptII/ptolemy/actor/lib/test/auto/filterTest1.xml
6 ms. Memory: 1719808K Free: 1055145K (61%)
----------------- Invoking toplevel() on ptolemy.moml.MoMLSimpleApplication@1ed844b
----------------- Done invoking toplevel() on ptolemy.moml.MoMLSimpleApplication@1ed844b
reloadAllAccessors: .filterTest1

===========================================================================================
----------------- testing Wed Jun 13 16:14:40 UTC 2018 /home/travis/build/icyphy/ptII/ptolemy/actor/lib/test/auto/funcApplyInConst.xml
----------------- Instantiating /home/travis/build/icyphy/ptII/ptolemy/actor/lib/test/auto/funcApplyInConst.xml
1 ms. Memory: 1719808K Free: 1039145K (60%)
----------------- Invoking toplevel() on ptolemy.moml.MoMLSimpleApplication@2c31d61
----------------- Done invoking toplevel() on ptolemy.moml.MoMLSimpleApplication@2c31d61
reloadAllAccessors: .funcApplyInConst

===========================================================================================
----------------- testing Wed Jun 13 16:14:40 UTC 2018 /home/travis/build/icyphy/ptII/ptolemy/actor/lib/test/auto/funcApplyInExpr.xml
----------------- Instantiating /home/travis/build/icyphy/ptII/ptolemy/actor/lib/test/auto/funcApplyInExpr.xml
1 ms. Memory: 1719808K Free: 1019099K (59%)
----------------- Invoking toplevel() on ptolemy.moml.MoMLSimpleApplication@49c945d6
----------------- Done invoking toplevel() on ptolemy.moml.MoMLSimpleApplication@49c945d6
reloadAllAccessors: .funcApplyInExpr

===========================================================================================
----------------- testing Wed Jun 13 16:14:40 UTC 2018 /home/travis/build/icyphy/ptII/ptolemy/actor/lib/test/auto/function.xml
----------------- Instantiating /home/travis/build/icyphy/ptII/ptolemy/actor/lib/test/auto/function.xml
1 ms. Memory: 1719808K Free: 999053K (58%)
----------------- Invoking toplevel() on ptolemy.moml.MoMLSimpleApplication@65c42c59
----------------- Done invoking toplevel() on ptolemy.moml.MoMLSimpleApplication@65c42c59
reloadAllAccessors: .function

===========================================================================================
----------------- testing Wed Jun 13 16:14:40 UTC 2018 /home/travis/build/icyphy/ptII/ptolemy/actor/lib/test/auto/function2.xml
----------------- Instantiating /home/travis/build/icyphy/ptII/ptolemy/actor/lib/test/auto/function2.xml
1 ms. Memory: 1719808K Free: 983053K (57%)
----------------- Invoking toplevel() on ptolemy.moml.MoMLSimpleApplication@7020ad0b
----------------- Done invoking toplevel() on ptolemy.moml.MoMLSimpleApplication@7020ad0b
reloadAllAccessors: .function2

===========================================================================================
----------------- testing Wed Jun 13 16:14:40 UTC 2018 /home/travis/build/icyphy/ptII/ptolemy/actor/lib/test/auto/function3.xml
----------------- Instantiating /home/travis/build/icyphy/ptII/ptolemy/actor/lib/test/auto/function3.xml
1 ms. Memory: 1719808K Free: 963006K (56%)
----------------- Invoking toplevel() on ptolemy.moml.MoMLSimpleApplication@72f880c9
----------------- Done invoking toplevel() on ptolemy.moml.MoMLSimpleApplication@72f880c9
reloadAllAccessors: .function3

===========================================================================================
----------------- testing Wed Jun 13 16:14:40 UTC 2018 /home/travis/build/icyphy/ptII/ptolemy/actor/lib/test/auto/functionClosureTest1.xml
----------------- Instantiating /home/travis/build/icyphy/ptII/ptolemy/actor/lib/test/auto/functionClosureTest1.xml
2 ms. Memory: 1719808K Free: 942960K (55%)
----------------- Invoking toplevel() on ptolemy.moml.MoMLSimpleApplication@4e4369da
----------------- Done invoking toplevel() on ptolemy.moml.MoMLSimpleApplication@4e4369da
reloadAllAccessors: .functionClosureTest1

===========================================================================================
----------------- testing Wed Jun 13 16:14:40 UTC 2018 /home/travis/build/icyphy/ptII/ptolemy/actor/lib/test/auto/functionClosureTest2.xml
----------------- Instantiating /home/travis/build/icyphy/ptII/ptolemy/actor/lib/test/auto/functionClosureTest2.xml
1 ms. Memory: 1719808K Free: 926960K (54%)
----------------- Invoking toplevel() on ptolemy.moml.MoMLSimpleApplication@1ce05648
----------------- Done invoking toplevel() on ptolemy.moml.MoMLSimpleApplication@1ce05648
reloadAllAccessors: .functionClosureTest2

===========================================================================================
----------------- testing Wed Jun 13 16:14:40 UTC 2018 /home/travis/build/icyphy/ptII/ptolemy/actor/lib/test/auto/functionClosureTest3.xml
----------------- Instantiating /home/travis/build/icyphy/ptII/ptolemy/actor/lib/test/auto/functionClosureTest3.xml
5 ms. Memory: 1719808K Free: 906914K (53%)
----------------- Invoking toplevel() on ptolemy.moml.MoMLSimpleApplication@997a1db
----------------- Done invoking toplevel() on ptolemy.moml.MoMLSimpleApplication@997a1db
reloadAllAccessors: .functionClosureTest3

===========================================================================================
----------------- testing Wed Jun 13 16:14:40 UTC 2018 /home/travis/build/icyphy/ptII/ptolemy/actor/lib/test/auto/functionClosureTest4.xml
----------------- Instantiating /home/travis/build/icyphy/ptII/ptolemy/actor/lib/test/auto/functionClosureTest4.xml
3 ms. Memory: 1719808K Free: 890914K (52%)
----------------- Invoking toplevel() on ptolemy.moml.MoMLSimpleApplication@5843a69
----------------- Done invoking toplevel() on ptolemy.moml.MoMLSimpleApplication@5843a69
reloadAllAccessors: .functionClosureTest4

===========================================================================================
----------------- testing Wed Jun 13 16:14:40 UTC 2018 /home/travis/build/icyphy/ptII/ptolemy/actor/lib/test/auto/functionClosureTest5.xml
----------------- Instantiating /home/travis/build/icyphy/ptII/ptolemy/actor/lib/test/auto/functionClosureTest5.xml
3 ms. Memory: 1719808K Free: 870868K (51%)
----------------- Invoking toplevel() on ptolemy.moml.MoMLSimpleApplication@7c25fd54
----------------- Done invoking toplevel() on ptolemy.moml.MoMLSimpleApplication@7c25fd54
reloadAllAccessors: .functionClosureTest5

===========================================================================================
----------------- testing Wed Jun 13 16:14:40 UTC 2018 /home/travis/build/icyphy/ptII/ptolemy/actor/lib/test/auto/functionClosureTest6.xml
----------------- Instantiating /home/travis/build/icyphy/ptII/ptolemy/actor/lib/test/auto/functionClosureTest6.xml
1 ms. Memory: 1719808K Free: 850822K (49%)
----------------- Invoking toplevel() on ptolemy.moml.MoMLSimpleApplication@7351a707
----------------- Done invoking toplevel() on ptolemy.moml.MoMLSimpleApplication@7351a707
reloadAllAccessors: .functionClosureTest6

===========================================================================================
----------------- testing Wed Jun 13 16:14:40 UTC 2018 /home/travis/build/icyphy/ptII/ptolemy/actor/lib/test/auto/functionsOnArcs.xml
----------------- Instantiating /home/travis/build/icyphy/ptII/ptolemy/actor/lib/test/auto/functionsOnArcs.xml
1 ms. Memory: 1719808K Free: 834822K (49%)
----------------- Invoking toplevel() on ptolemy.moml.MoMLSimpleApplication@1530c0e9
----------------- Done invoking toplevel() on ptolemy.moml.MoMLSimpleApplication@1530c0e9
reloadAllAccessors: .functionsOnArcs

===========================================================================================
----------------- testing Wed Jun 13 16:14:40 UTC 2018 /home/travis/build/icyphy/ptII/ptolemy/actor/lib/test/auto/functionsOnArcsHOF.xml
----------------- Instantiating /home/travis/build/icyphy/ptII/ptolemy/actor/lib/test/auto/functionsOnArcsHOF.xml
3 ms. Memory: 1719808K Free: 814776K (47%)
----------------- Invoking toplevel() on ptolemy.moml.MoMLSimpleApplication@22ff7e8c
----------------- Done invoking toplevel() on ptolemy.moml.MoMLSimpleApplication@22ff7e8c
reloadAllAccessors: .functionsOnArcsHOF

===========================================================================================
----------------- testing Wed Jun 13 16:14:40 UTC 2018 /home/travis/build/icyphy/ptII/ptolemy/actor/lib/test/auto/logic.xml
----------------- Instantiating /home/travis/build/icyphy/ptII/ptolemy/actor/lib/test/auto/logic.xml
1 ms. Memory: 1719808K Free: 794730K (46%)
----------------- Invoking toplevel() on ptolemy.moml.MoMLSimpleApplication@7bfd504b
----------------- Done invoking toplevel() on ptolemy.moml.MoMLSimpleApplication@7bfd504b
reloadAllAccessors: .logic

===========================================================================================
----------------- testing Wed Jun 13 16:14:40 UTC 2018 /home/travis/build/icyphy/ptII/ptolemy/actor/lib/test/auto/matrixType.xml
----------------- Instantiating /home/travis/build/icyphy/ptII/ptolemy/actor/lib/test/auto/matrixType.xml
1 ms. Memory: 1719808K Free: 778730K (45%)
----------------- Invoking toplevel() on ptolemy.moml.MoMLSimpleApplication@2d272466
----------------- Done invoking toplevel() on ptolemy.moml.MoMLSimpleApplication@2d272466
reloadAllAccessors: .matrixType

===========================================================================================
----------------- testing Wed Jun 13 16:14:40 UTC 2018 /home/travis/build/icyphy/ptII/ptolemy/actor/lib/test/auto/matrixType10.xml
----------------- Instantiating /home/travis/build/icyphy/ptII/ptolemy/actor/lib/test/auto/matrixType10.xml
2 ms. Memory: 1719808K Free: 758683K (44%)
----------------- Invoking toplevel() on ptolemy.moml.MoMLSimpleApplication@47bb6531
----------------- Done invoking toplevel() on ptolemy.moml.MoMLSimpleApplication@47bb6531
reloadAllAccessors: .matrixType10

===========================================================================================
----------------- testing Wed Jun 13 16:14:40 UTC 2018 /home/travis/build/icyphy/ptII/ptolemy/actor/lib/test/auto/matrixType11.xml
----------------- Instantiating /home/travis/build/icyphy/ptII/ptolemy/actor/lib/test/auto/matrixType11.xml
1 ms. Memory: 1719808K Free: 738637K (43%)
----------------- Invoking toplevel() on ptolemy.moml.MoMLSimpleApplication@d5ed216
----------------- Done invoking toplevel() on ptolemy.moml.MoMLSimpleApplication@d5ed216
reloadAllAccessors: .matrixType11

===========================================================================================
----------------- testing Wed Jun 13 16:14:40 UTC 2018 /home/travis/build/icyphy/ptII/ptolemy/actor/lib/test/auto/matrixType12.xml
----------------- Instantiating /home/travis/build/icyphy/ptII/ptolemy/actor/lib/test/auto/matrixType12.xml
1 ms. Memory: 1719808K Free: 722637K (42%)
----------------- Invoking toplevel() on ptolemy.moml.MoMLSimpleApplication@1a682c04
----------------- Done invoking toplevel() on ptolemy.moml.MoMLSimpleApplication@1a682c04
reloadAllAccessors: .matrixType12

===========================================================================================
----------------- testing Wed Jun 13 16:14:40 UTC 2018 /home/travis/build/icyphy/ptII/ptolemy/actor/lib/test/auto/matrixType13.xml
----------------- Instantiating /home/travis/build/icyphy/ptII/ptolemy/actor/lib/test/auto/matrixType13.xml
1 ms. Memory: 1719808K Free: 702591K (41%)
----------------- Invoking toplevel() on ptolemy.moml.MoMLSimpleApplication@15f144c1
----------------- Done invoking toplevel() on ptolemy.moml.MoMLSimpleApplication@15f144c1
reloadAllAccessors: .matrixType13

===========================================================================================
----------------- testing Wed Jun 13 16:14:40 UTC 2018 /home/travis/build/icyphy/ptII/ptolemy/actor/lib/test/auto/matrixType14.xml
----------------- Instantiating /home/travis/build/icyphy/ptII/ptolemy/actor/lib/test/auto/matrixType14.xml
1 ms. Memory: 1719808K Free: 682544K (40%)
----------------- Invoking toplevel() on ptolemy.moml.MoMLSimpleApplication@7eea7441
----------------- Done invoking toplevel() on ptolemy.moml.MoMLSimpleApplication@7eea7441
reloadAllAccessors: .matrixType14

===========================================================================================
----------------- testing Wed Jun 13 16:14:40 UTC 2018 /home/travis/build/icyphy/ptII/ptolemy/actor/lib/test/auto/matrixType2.xml
----------------- Instantiating /home/travis/build/icyphy/ptII/ptolemy/actor/lib/test/auto/matrixType2.xml
1 ms. Memory: 1719808K Free: 666544K (39%)
----------------- Invoking toplevel() on ptolemy.moml.MoMLSimpleApplication@2acc1046
----------------- Done invoking toplevel() on ptolemy.moml.MoMLSimpleApplication@2acc1046
reloadAllAccessors: .matrixType2

===========================================================================================
----------------- testing Wed Jun 13 16:14:40 UTC 2018 /home/travis/build/icyphy/ptII/ptolemy/actor/lib/test/auto/matrixType3.xml
----------------- Instantiating /home/travis/build/icyphy/ptII/ptolemy/actor/lib/test/auto/matrixType3.xml
3 ms. Memory: 1719808K Free: 646498K (38%)
----------------- Invoking toplevel() on ptolemy.moml.MoMLSimpleApplication@46c09561
----------------- Done invoking toplevel() on ptolemy.moml.MoMLSimpleApplication@46c09561
reloadAllAccessors: .matrixType3

===========================================================================================
----------------- testing Wed Jun 13 16:14:40 UTC 2018 /home/travis/build/icyphy/ptII/ptolemy/actor/lib/test/auto/matrixType4.xml
----------------- Instantiating /home/travis/build/icyphy/ptII/ptolemy/actor/lib/test/auto/matrixType4.xml
2 ms. Memory: 1719808K Free: 630498K (37%)
----------------- Invoking toplevel() on ptolemy.moml.MoMLSimpleApplication@1ee11ba5
----------------- Done invoking toplevel() on ptolemy.moml.MoMLSimpleApplication@1ee11ba5
reloadAllAccessors: .matrixType4

===========================================================================================
----------------- testing Wed Jun 13 16:14:40 UTC 2018 /home/travis/build/icyphy/ptII/ptolemy/actor/lib/test/auto/matrixType5.xml
----------------- Instantiating /home/travis/build/icyphy/ptII/ptolemy/actor/lib/test/auto/matrixType5.xml
1 ms. Memory: 1719808K Free: 610452K (35%)
----------------- Invoking toplevel() on ptolemy.moml.MoMLSimpleApplication@16e68bfc
----------------- Done invoking toplevel() on ptolemy.moml.MoMLSimpleApplication@16e68bfc
reloadAllAccessors: .matrixType5

===========================================================================================
----------------- testing Wed Jun 13 16:14:40 UTC 2018 /home/travis/build/icyphy/ptII/ptolemy/actor/lib/test/auto/matrixType6.xml
----------------- Instantiating /home/travis/build/icyphy/ptII/ptolemy/actor/lib/test/auto/matrixType6.xml
1 ms. Memory: 1719808K Free: 590406K (34%)
----------------- Invoking toplevel() on ptolemy.moml.MoMLSimpleApplication@35d8f7d8
----------------- Done invoking toplevel() on ptolemy.moml.MoMLSimpleApplication@35d8f7d8
reloadAllAccessors: .matrixType6

===========================================================================================
----------------- testing Wed Jun 13 16:14:40 UTC 2018 /home/travis/build/icyphy/ptII/ptolemy/actor/lib/test/auto/matrixType7.xml
----------------- Instantiating /home/travis/build/icyphy/ptII/ptolemy/actor/lib/test/auto/matrixType7.xml
4 ms. Memory: 1719808K Free: 574406K (33%)
----------------- Invoking toplevel() on ptolemy.moml.MoMLSimpleApplication@3b6e8c5e
----------------- Done invoking toplevel() on ptolemy.moml.MoMLSimpleApplication@3b6e8c5e
reloadAllAccessors: .matrixType7

===========================================================================================
----------------- testing Wed Jun 13 16:14:40 UTC 2018 /home/travis/build/icyphy/ptII/ptolemy/actor/lib/test/auto/matrixType8.xml
----------------- Instantiating /home/travis/build/icyphy/ptII/ptolemy/actor/lib/test/auto/matrixType8.xml
1 ms. Memory: 1719808K Free: 554360K (32%)
----------------- Invoking toplevel() on ptolemy.moml.MoMLSimpleApplication@1bab29f9
----------------- Done invoking toplevel() on ptolemy.moml.MoMLSimpleApplication@1bab29f9
reloadAllAccessors: .matrixType8

===========================================================================================
----------------- testing Wed Jun 13 16:14:40 UTC 2018 /home/travis/build/icyphy/ptII/ptolemy/actor/lib/test/auto/matrixType9.xml
----------------- Instantiating /home/travis/build/icyphy/ptII/ptolemy/actor/lib/test/auto/matrixType9.xml
1 ms. Memory: 1719808K Free: 534314K (31%)
----------------- Invoking toplevel() on ptolemy.moml.MoMLSimpleApplication@6bceec04
----------------- Done invoking toplevel() on ptolemy.moml.MoMLSimpleApplication@6bceec04
reloadAllAccessors: .matrixType9

===========================================================================================
----------------- testing Wed Jun 13 16:14:40 UTC 2018 /home/travis/build/icyphy/ptII/ptolemy/actor/lib/test/auto/paraFunctest.xml
----------------- Instantiating /home/travis/build/icyphy/ptII/ptolemy/actor/lib/test/auto/paraFunctest.xml
2 ms. Memory: 1719808K Free: 518314K (30%)
----------------- Invoking toplevel() on ptolemy.moml.MoMLSimpleApplication@1a25f56d
----------------- Done invoking toplevel() on ptolemy.moml.MoMLSimpleApplication@1a25f56d
reloadAllAccessors: .paraFunctest

===========================================================================================
----------------- testing Wed Jun 13 16:14:40 UTC 2018 /home/travis/build/icyphy/ptII/ptolemy/actor/lib/test/auto/paraFunctest2.xml
----------------- Instantiating /home/travis/build/icyphy/ptII/ptolemy/actor/lib/test/auto/paraFunctest2.xml
1 ms. Memory: 1719808K Free: 498268K (29%)
----------------- Invoking toplevel() on ptolemy.moml.MoMLSimpleApplication@2887671
----------------- Done invoking toplevel() on ptolemy.moml.MoMLSimpleApplication@2887671
reloadAllAccessors: .paraFunctest2

===========================================================================================
----------------- testing Wed Jun 13 16:14:40 UTC 2018 /home/travis/build/icyphy/ptII/ptolemy/actor/lib/test/auto/parameterPassing.xml
----------------- Instantiating /home/travis/build/icyphy/ptII/ptolemy/actor/lib/test/auto/parameterPassing.xml
1 ms. Memory: 1719808K Free: 478221K (28%)
----------------- Invoking toplevel() on ptolemy.moml.MoMLSimpleApplication@357b13
----------------- Done invoking toplevel() on ptolemy.moml.MoMLSimpleApplication@357b13
reloadAllAccessors: .parameterPassing

===========================================================================================
----------------- testing Wed Jun 13 16:14:40 UTC 2018 /home/travis/build/icyphy/ptII/ptolemy/actor/lib/test/auto/record.xml
----------------- Instantiating /home/travis/build/icyphy/ptII/ptolemy/actor/lib/test/auto/record.xml
2 ms. Memory: 1719808K Free: 462221K (27%)
----------------- Invoking toplevel() on ptolemy.moml.MoMLSimpleApplication@6e6318f6
----------------- Done invoking toplevel() on ptolemy.moml.MoMLSimpleApplication@6e6318f6
reloadAllAccessors: .record

===========================================================================================
----------------- testing Wed Jun 13 16:14:40 UTC 2018 /home/travis/build/icyphy/ptII/ptolemy/actor/lib/test/auto/sizedarray1.xml
----------------- Instantiating /home/travis/build/icyphy/ptII/ptolemy/actor/lib/test/auto/sizedarray1.xml
1 ms. Memory: 1719808K Free: 442175K (26%)
----------------- Invoking toplevel() on ptolemy.moml.MoMLSimpleApplication@628abd24
----------------- Done invoking toplevel() on ptolemy.moml.MoMLSimpleApplication@628abd24
reloadAllAccessors: .sizedarray1

===========================================================================================
----------------- testing Wed Jun 13 16:14:40 UTC 2018 /home/travis/build/icyphy/ptII/ptolemy/actor/lib/test/auto/sizedarray2.xml
----------------- Instantiating /home/travis/build/icyphy/ptII/ptolemy/actor/lib/test/auto/sizedarray2.xml
2 ms. Memory: 1719808K Free: 422129K (25%)
----------------- Invoking toplevel() on ptolemy.moml.MoMLSimpleApplication@7f8b7420
----------------- Done invoking toplevel() on ptolemy.moml.MoMLSimpleApplication@7f8b7420
reloadAllAccessors: .sizedarray2

===========================================================================================
----------------- testing Wed Jun 13 16:14:40 UTC 2018 /home/travis/build/icyphy/ptII/ptolemy/actor/lib/test/auto/twoPublishers.xml
----------------- Instantiating /home/travis/build/icyphy/ptII/ptolemy/actor/lib/test/auto/twoPublishers.xml
2 ms. Memory: 1719808K Free: 398113K (23%)
----------------- Invoking toplevel() on ptolemy.moml.MoMLSimpleApplication@226a729e
----------------- Done invoking toplevel() on ptolemy.moml.MoMLSimpleApplication@226a729e
reloadAllAccessors: .twoPublishers
AutoTests.java: About to close Vertx.
AutoTests.java: Vertx closed.
]]></system-out>
  <system-err><![CDATA[java.lang.RuntimeException: Execution failed
	at ptolemy.moml.MoMLSimpleApplication$UnloadThread.run(MoMLSimpleApplication.java:402)
Caused by: java.lang.RuntimeException: Normally, we would exit here because Manager.exitAfterWrapup() was called.  However, because the ptolemy.ptII.exitAfterWrapup property is set, we throw this exception instead.
	at ptolemy.util.StringUtilities.exit(StringUtilities.java:363)
	at ptolemy.actor.Manager.wrapup(Manager.java:1531)
	at ptolemy.actor.Manager.execute(Manager.java:407)
	at ptolemy.actor.Manager.run(Manager.java:1263)
	at ptolemy.actor.Manager$PtolemyRunThread.run(Manager.java:1915)
Warning: '.top.test' is in training mode, set the trainingMode parameter to false before checking in
Warning: '.top.test' is in training mode, set the trainingMode parameter to false before checking in
Warning: '.top.test' is in training mode, set the trainingMode parameter to false before checking in
Warning: '.BooleanSwitch_RegressionTest_WrongTrainingValues.Test' is in training mode, set the trainingMode parameter to false before checking in
Warning: '.BooleanSwitch_RegressionTest_WrongTrainingValues.Test2' is in training mode, set the trainingMode parameter to false before checking in
Warning: '.BooleanSwitch_RegressionTest_WrongTrainingValues.Test2' The test produced 0 tokens.
Warning: '.top.testExceptionHandler' is in training mode, set the trainingMode parameter to false before checking in
java.lang.RuntimeException: Execution failed
	at ptolemy.moml.MoMLSimpleApplication$UnloadThread.run(MoMLSimpleApplication.java:402)
Caused by: ptolemy.kernel.util.IllegalActionException: PublisherPorts cannot be used at the top level, use a Publisher actor instead.
  in .PublisherPortToplevelSubscriber.PublisherPort
	at ptolemy.actor.PublisherPort.preinitialize(PublisherPort.java:403)
	at ptolemy.actor.CompositeActor.preinitialize(CompositeActor.java:1769)
	at ptolemy.actor.Manager.preinitializeAndResolveTypes(Manager.java:1040)
	at ptolemy.actor.Manager.initialize(Manager.java:710)
	at ptolemy.actor.Manager.execute(Manager.java:356)
	at ptolemy.actor.Manager.run(Manager.java:1263)
	at ptolemy.actor.Manager$PtolemyRunThread.run(Manager.java:1915)
java.lang.reflect.InvocationTargetException
	at sun.reflect.NativeConstructorAccessorImpl.newInstance0(Native Method)
	at sun.reflect.NativeConstructorAccessorImpl.newInstance(NativeConstructorAccessorImpl.java:62)
	at sun.reflect.DelegatingConstructorAccessorImpl.newInstance(DelegatingConstructorAccessorImpl.java:45)
	at java.lang.reflect.Constructor.newInstance(Constructor.java:423)
	at ptolemy.util.test.junit.AutoKnownFailedTests.RunModel(AutoKnownFailedTests.java:107)
	at sun.reflect.NativeMethodAccessorImpl.invoke0(Native Method)
	at sun.reflect.NativeMethodAccessorImpl.invoke(NativeMethodAccessorImpl.java:62)
	at sun.reflect.DelegatingMethodAccessorImpl.invoke(DelegatingMethodAccessorImpl.java:43)
	at java.lang.reflect.Method.invoke(Method.java:498)
	at org.junit.runners.model.FrameworkMethod$1.runReflectiveCall(FrameworkMethod.java:44)
	at org.junit.internal.runners.model.ReflectiveCallable.run(ReflectiveCallable.java:15)
	at org.junit.runners.model.FrameworkMethod.invokeExplosively(FrameworkMethod.java:41)
	at junitparams.internal.InvokeParameterisedMethod.evaluate(InvokeParameterisedMethod.java:102)
	at org.junit.internal.runners.statements.FailOnTimeout$1.run(FailOnTimeout.java:28)
Caused by: ptolemy.kernel.util.IllegalActionException: PublisherPorts cannot be used at the top level, use a Publisher actor instead.
  in .PublisherPortToplevelSubscriber.PublisherPort
	at ptolemy.actor.PublisherPort.preinitialize(PublisherPort.java:403)
	at ptolemy.actor.CompositeActor.preinitialize(CompositeActor.java:1769)
	at ptolemy.actor.Manager.preinitializeAndResolveTypes(Manager.java:1040)
	at ptolemy.actor.Manager.initialize(Manager.java:710)
	at ptolemy.actor.Manager.execute(Manager.java:356)
	at ptolemy.actor.Manager.run(Manager.java:1263)
	at ptolemy.actor.Manager$PtolemyRunThread.run(Manager.java:1915)
java.lang.RuntimeException: Execution failed
	at ptolemy.moml.MoMLSimpleApplication$UnloadThread.run(MoMLSimpleApplication.java:402)
Caused by: ptolemy.kernel.util.IllegalActionException: SubscriberPorts cannot be used at the top level, use a Subscriber actor instead.
  in .PublisherSubscriberPortToplevel.SubscriberPort
	at ptolemy.actor.SubscriberPort.preinitialize(SubscriberPort.java:328)
	at ptolemy.actor.CompositeActor.preinitialize(CompositeActor.java:1769)
	at ptolemy.actor.Manager.preinitializeAndResolveTypes(Manager.java:1040)
	at ptolemy.actor.Manager.initialize(Manager.java:710)
	at ptolemy.actor.Manager.execute(Manager.java:356)
	at ptolemy.actor.Manager.run(Manager.java:1263)
	at ptolemy.actor.Manager$PtolemyRunThread.run(Manager.java:1915)
java.lang.reflect.InvocationTargetException
	at sun.reflect.NativeConstructorAccessorImpl.newInstance0(Native Method)
	at sun.reflect.NativeConstructorAccessorImpl.newInstance(NativeConstructorAccessorImpl.java:62)
	at sun.reflect.DelegatingConstructorAccessorImpl.newInstance(DelegatingConstructorAccessorImpl.java:45)
	at java.lang.reflect.Constructor.newInstance(Constructor.java:423)
	at ptolemy.util.test.junit.AutoKnownFailedTests.RunModel(AutoKnownFailedTests.java:107)
	at sun.reflect.NativeMethodAccessorImpl.invoke0(Native Method)
	at sun.reflect.NativeMethodAccessorImpl.invoke(NativeMethodAccessorImpl.java:62)
	at sun.reflect.DelegatingMethodAccessorImpl.invoke(DelegatingMethodAccessorImpl.java:43)
	at java.lang.reflect.Method.invoke(Method.java:498)
	at org.junit.runners.model.FrameworkMethod$1.runReflectiveCall(FrameworkMethod.java:44)
	at org.junit.internal.runners.model.ReflectiveCallable.run(ReflectiveCallable.java:15)
	at org.junit.runners.model.FrameworkMethod.invokeExplosively(FrameworkMethod.java:41)
	at junitparams.internal.InvokeParameterisedMethod.evaluate(InvokeParameterisedMethod.java:102)
	at org.junit.internal.runners.statements.FailOnTimeout$1.run(FailOnTimeout.java:28)
Caused by: ptolemy.kernel.util.IllegalActionException: SubscriberPorts cannot be used at the top level, use a Subscriber actor instead.
  in .PublisherSubscriberPortToplevel.SubscriberPort
	at ptolemy.actor.SubscriberPort.preinitialize(SubscriberPort.java:328)
	at ptolemy.actor.CompositeActor.preinitialize(CompositeActor.java:1769)
	at ptolemy.actor.Manager.preinitializeAndResolveTypes(Manager.java:1040)
	at ptolemy.actor.Manager.initialize(Manager.java:710)
	at ptolemy.actor.Manager.execute(Manager.java:356)
	at ptolemy.actor.Manager.run(Manager.java:1263)
	at ptolemy.actor.Manager$PtolemyRunThread.run(Manager.java:1915)
java.lang.RuntimeException: Execution failed
	at ptolemy.moml.MoMLSimpleApplication$UnloadThread.run(MoMLSimpleApplication.java:402)
Caused by: ptolemy.kernel.util.IllegalActionException: SubscriptionAggregatorPorts cannot be used at the top level, use a SubscriptionAggregator actor instead.
  in .PublisherSubscriptionAggregatorPort.SubscriptionAggregatorPort
	at ptolemy.actor.SubscriptionAggregatorPort.preinitialize(SubscriptionAggregatorPort.java:353)
	at ptolemy.actor.CompositeActor.preinitialize(CompositeActor.java:1769)
	at ptolemy.actor.Manager.preinitializeAndResolveTypes(Manager.java:1040)
	at ptolemy.actor.Manager.initialize(Manager.java:710)
	at ptolemy.actor.Manager.execute(Manager.java:356)
	at ptolemy.actor.Manager.run(Manager.java:1263)
	at ptolemy.actor.Manager$PtolemyRunThread.run(Manager.java:1915)
java.lang.reflect.InvocationTargetException
	at sun.reflect.NativeConstructorAccessorImpl.newInstance0(Native Method)
	at sun.reflect.NativeConstructorAccessorImpl.newInstance(NativeConstructorAccessorImpl.java:62)
	at sun.reflect.DelegatingConstructorAccessorImpl.newInstance(DelegatingConstructorAccessorImpl.java:45)
	at java.lang.reflect.Constructor.newInstance(Constructor.java:423)
	at ptolemy.util.test.junit.AutoKnownFailedTests.RunModel(AutoKnownFailedTests.java:107)
	at sun.reflect.NativeMethodAccessorImpl.invoke0(Native Method)
	at sun.reflect.NativeMethodAccessorImpl.invoke(NativeMethodAccessorImpl.java:62)
	at sun.reflect.DelegatingMethodAccessorImpl.invoke(DelegatingMethodAccessorImpl.java:43)
	at java.lang.reflect.Method.invoke(Method.java:498)
	at org.junit.runners.model.FrameworkMethod$1.runReflectiveCall(FrameworkMethod.java:44)
	at org.junit.internal.runners.model.ReflectiveCallable.run(ReflectiveCallable.java:15)
	at org.junit.runners.model.FrameworkMethod.invokeExplosively(FrameworkMethod.java:41)
	at junitparams.internal.InvokeParameterisedMethod.evaluate(InvokeParameterisedMethod.java:102)
	at org.junit.internal.runners.statements.FailOnTimeout$1.run(FailOnTimeout.java:28)
Caused by: ptolemy.kernel.util.IllegalActionException: SubscriptionAggregatorPorts cannot be used at the top level, use a SubscriptionAggregator actor instead.
  in .PublisherSubscriptionAggregatorPort.SubscriptionAggregatorPort
	at ptolemy.actor.SubscriptionAggregatorPort.preinitialize(SubscriptionAggregatorPort.java:353)
	at ptolemy.actor.CompositeActor.preinitialize(CompositeActor.java:1769)
	at ptolemy.actor.Manager.preinitializeAndResolveTypes(Manager.java:1040)
	at ptolemy.actor.Manager.initialize(Manager.java:710)
	at ptolemy.actor.Manager.execute(Manager.java:356)
	at ptolemy.actor.Manager.run(Manager.java:1263)
	at ptolemy.actor.Manager$PtolemyRunThread.run(Manager.java:1915)
java.lang.RuntimeException: Execution failed
	at ptolemy.moml.MoMLSimpleApplication$UnloadThread.run(MoMLSimpleApplication.java:402)
Caused by: ptolemy.kernel.util.IllegalActionException: TypeTest actor has no training data.
  in .sizedarray3.TypeTest
	at ptolemy.actor.lib.TypeTest.initialize(TypeTest.java:250)
	at ptolemy.actor.Director.initialize(Director.java:938)
	at ptolemy.actor.Director.initialize(Director.java:907)
	at ptolemy.actor.sched.StaticSchedulingDirector.initialize(StaticSchedulingDirector.java:159)
	at ptolemy.domains.sdf.kernel.SDFDirector.initialize(SDFDirector.java:544)
	at ptolemy.actor.CompositeActor.initialize(CompositeActor.java:935)
	at ptolemy.actor.Manager.initialize(Manager.java:724)
	at ptolemy.actor.Manager.execute(Manager.java:356)
	at ptolemy.actor.Manager.run(Manager.java:1263)
	at ptolemy.actor.Manager$PtolemyRunThread.run(Manager.java:1915)
java.lang.reflect.InvocationTargetException
	at sun.reflect.NativeConstructorAccessorImpl.newInstance0(Native Method)
	at sun.reflect.NativeConstructorAccessorImpl.newInstance(NativeConstructorAccessorImpl.java:62)
	at sun.reflect.DelegatingConstructorAccessorImpl.newInstance(DelegatingConstructorAccessorImpl.java:45)
	at java.lang.reflect.Constructor.newInstance(Constructor.java:423)
	at ptolemy.util.test.junit.AutoKnownFailedTests.RunModel(AutoKnownFailedTests.java:107)
	at sun.reflect.NativeMethodAccessorImpl.invoke0(Native Method)
	at sun.reflect.NativeMethodAccessorImpl.invoke(NativeMethodAccessorImpl.java:62)
	at sun.reflect.DelegatingMethodAccessorImpl.invoke(DelegatingMethodAccessorImpl.java:43)
	at java.lang.reflect.Method.invoke(Method.java:498)
	at org.junit.runners.model.FrameworkMethod$1.runReflectiveCall(FrameworkMethod.java:44)
	at org.junit.internal.runners.model.ReflectiveCallable.run(ReflectiveCallable.java:15)
	at org.junit.runners.model.FrameworkMethod.invokeExplosively(FrameworkMethod.java:41)
	at junitparams.internal.InvokeParameterisedMethod.evaluate(InvokeParameterisedMethod.java:102)
	at org.junit.internal.runners.statements.FailOnTimeout$1.run(FailOnTimeout.java:28)
Caused by: ptolemy.kernel.util.IllegalActionException: TypeTest actor has no training data.
  in .sizedarray3.TypeTest
	at ptolemy.actor.lib.TypeTest.initialize(TypeTest.java:250)
	at ptolemy.actor.Director.initialize(Director.java:938)
	at ptolemy.actor.Director.initialize(Director.java:907)
	at ptolemy.actor.sched.StaticSchedulingDirector.initialize(StaticSchedulingDirector.java:159)
	at ptolemy.domains.sdf.kernel.SDFDirector.initialize(SDFDirector.java:544)
	at ptolemy.actor.CompositeActor.initialize(CompositeActor.java:935)
	at ptolemy.actor.Manager.initialize(Manager.java:724)
	at ptolemy.actor.Manager.execute(Manager.java:356)
	at ptolemy.actor.Manager.run(Manager.java:1263)
	at ptolemy.actor.Manager$PtolemyRunThread.run(Manager.java:1915)
ptolemy.kernel.util.InternalErrorException: Exec Stderr Gobbler-1: Failed while reading from java.lang.UNIXProcess$ProcessPipeInputStream@451a9cdc. To avoid this, try setting the ignoreIOExceptionReadErrors parameter to true.null
  in .Exec.Exec
Because:
Stream closed
	at ptolemy.actor.lib.Exec$_StreamReaderThread._read(Exec.java:762)
	at ptolemy.actor.lib.Exec$_StreamReaderThread.run(Exec.java:706)
Caused by: java.io.IOException: Stream closed
	at sun.nio.cs.StreamDecoder.ensureOpen(StreamDecoder.java:46)
	at sun.nio.cs.StreamDecoder.read(StreamDecoder.java:148)
	at java.io.InputStreamReader.read(InputStreamReader.java:184)
	at ptolemy.actor.lib.Exec$_StreamReaderThread._read(Exec.java:724)
	... 1 more
Caused by: java.io.IOException: Stream closed
	at sun.nio.cs.StreamDecoder.ensureOpen(StreamDecoder.java:46)
	at sun.nio.cs.StreamDecoder.read(StreamDecoder.java:148)
	at java.io.InputStreamReader.read(InputStreamReader.java:184)
	at ptolemy.actor.lib.Exec$_StreamReaderThread._read(Exec.java:724)
	at ptolemy.actor.lib.Exec$_StreamReaderThread.run(Exec.java:706)
]]></system-err>
</testsuite>
