<?xml version="1.0" encoding="UTF-8" ?>
<testsuite errors="0" failures="0" hostname="travis-job-c118c03c-cb46-4dcc-a95e-3a31ef2bb1f8" name="ptolemy.domains.de.test.junit.JUnitTclTest" skipped="0" tests="101" time="135.778" timestamp="2019-08-09T05:17:52">
  <properties>
    <property name="npm.executable" value="npm" />
    <property name="env.TRAVIS_ROOT" value="/" />
    <property name="ptII.mk.exists" value="true" />
    <property name="env.TRAVIS_APP_HOST" value="build.travis-ci.org" />
    <property name="env.rvm_bin_path" value="/home/travis/.rvm/bin" />
    <property name="java.home" value="/usr/local/lib/jvm/openjdk11" />
    <property name="env.TRAVIS_JOB_NUMBER" value="1291.9" />
    <property name="env.TRAVIS_HOME" value="/home/travis" />
    <property name="env.DISPLAY" value=":99.0" />
    <property name="env.TRAVIS_INIT" value="systemd" />
    <property name="env.SSH_TTY" value="/dev/pts/0" />
    <property name="java.net.preferIPv4Stack" value="true" />
    <property name="env.RUN_TESTS" value="true" />
    <property name="timeout.short" value="1000000" />
    <property name="junit.formatter" value="xml" />
    <property name="env.TRAVIS_SUDO" value="true" />
    <property name="env.TRAVIS_JOB_NAME" value="" />
    <property name="env.TRAVIS_STACK_NODE_ATTRIBUTES" value="/.node-attributes.yml" />
    <property name="env.LOGNAME" value="travis" />
    <property name="jsdoc.home" value="node_modules/@terraswarm/jsdoc" />
    <property name="debuglevel" value="source,lines,vars" />
    <property name="checkstyle.formatter" value="xml" />
    <property name="env._system_version" value="16.04" />
    <property name="bin.vergil.makeable" value="true" />
    <property name="sun.os.patch.level" value="unknown" />
    <property name="java.vendor.url" value="http://java.oracle.com/" />
    <property name="env.TRAVIS_BUILD_WEB_URL" value="https://travis-ci.org/icyphy/ptII/builds/569655986" />
    <property name="java.version" value="11.0.2" />
    <property name="env.TZ" value="UTC" />
    <property name="env.TRAVIS_PULL_REQUEST_SHA" value="" />
    <property name="env.PT_NO_NET" value="true" />
    <property name="env.TRAVIS_SECURE_ENV_VARS" value="true" />
    <property name="env._system_type" value="Linux" />
    <property name="java.vendor.url.bug" value="http://bugreport.java.com/bugreport/" />
    <property name="npmjs-org-is-up" value="true" />
    <property name="env.LANGUAGE" value="en_US.UTF-8" />
    <property name="env.SSH_CLIENT" value="10.16.3.5 53154 22" />
    <property name="env.GEM_HOME" value="/home/travis/.rvm/gems/ruby-2.5.3" />
    <property name="env.HAS_ANTARES_THREE_LITTLE_FRONZIES_BADGE" value="true" />
    <property name="java.version.date" value="2019-01-15" />
    <property name="env.PS4" value="+" />
    <property name="ant.project.invoked-targets" value="build,test.core2.xml" />
    <property name="env.TRAVIS_PULL_REQUEST_BRANCH" value="" />
    <property name="env.TRAVIS_REPO_SLUG" value="icyphy/ptII" />
    <property name="env.XDG_DATA_DIRS" value="/usr/local/share:/usr/share:/var/lib/snapd/desktop" />
    <property name="jdk.debug" value="release" />
    <property name="env.TRAVIS_APT_PROXY" value="http://apt.cache.travis-ci.com" />
    <property name="node.in.path" value="true" />
    <property name="user.name" value="travis" />
    <property name="java.maxmemory" value="1400m" />
    <property name="env.RUBY_VERSION" value="ruby-2.5.3" />
    <property name="env.LANG" value="en_US.UTF-8" />
    <property name="sun.io.unicode.encoding" value="UnicodeLittle" />
    <property name="sun.jnu.encoding" value="UTF-8" />
    <property name="java.runtime.name" value="OpenJDK Runtime Environment" />
    <property name="usefile" value="false" />
    <property name="return.code" value="0" />
    <property name="junit.single.formatter" value="plain" />
    <property name="env.DYLD_LIBRARY_PATH" value="/home/travis/pthla/certi-tools/lib:" />
    <property name="env.DEBIAN_FRONTEND" value="noninteractive" />
    <property name="env.SSH_CONNECTION" value="10.16.3.5 53154 10.20.0.7 22" />
    <property name="env.MYSQL_UNIX_PORT" value="/var/run/mysqld/mysqld.sock" />
    <property name="env.LC_ALL" value="en_US.UTF-8" />
    <property name="env.TRAVIS_ALLOW_FAILURE" value="false" />
    <property name="env.TRAVIS_JOB_WEB_URL" value="https://travis-ci.org/icyphy/ptII/jobs/569655995" />
    <property name="java.specification.name" value="Java Platform API Specification" />
    <property name="node.works" value="true" />
    <property name="user.timezone" value="" />
    <property name="path.separator" value=":" />
    <property name="env.TRAVIS_ENABLE_INFRA_DETECTION" value="true" />
    <property name="env.PYTHON_CFLAGS" value="-g -fstack-protector --param=ssp-buffer-size=4 -Wformat -Werror=format-security" />
    <property name="timeout.long" value="4000000" />
    <property name="env.CERTI_HOME" value="/home/travis/pthla/certi-tools" />
    <property name="ant.file.ptII" value="/home/travis/build/icyphy/ptII/build.xml" />
    <property name="javadoc.packagenames" value="com.*,diva.*,lbnl.*,org.hlacerti.*,org.json.*,org.ptolemy.*,org.terraswarm.*,ptolemy.*,ptserver.*" />
    <property name="file.encoding" value="UTF-8" />
    <property name="env.TRAVIS_PULL_REQUEST_SLUG" value="" />
    <property name="ant.project.default-target" value="build" />
    <property name="env.GIT_ASKPASS" value="echo" />
    <property name="env.HOME" value="/home/travis" />
    <property name="sun.java.command" value="org.apache.tools.ant.taskdefs.optional.junit.JUnitTestRunner ptolemy.domains.de.test.junit.JUnitTclTest skipNonTests=false filtertrace=true haltOnError=false haltOnFailure=false formatter=org.apache.tools.ant.taskdefs.optional.junit.OutErrSummaryJUnitResultFormatter showoutput=true outputtoformatters=true logfailedtests=true threadid=0 logtestlistenerevents=false formatter=org.apache.tools.ant.taskdefs.optional.junit.XMLJUnitResultFormatter,/home/travis/build/icyphy/ptII/reports/junit/TEST-ptolemy.domains.de.test.junit.JUnitTclTest.xml crashfile=/home/travis/build/icyphy/ptII/junitvmwatcher8194020804538979166.properties propsfile=/home/travis/build/icyphy/ptII/junit11346157719271531835.properties" />
    <property name="env.COMPOSER_NO_INTERACTION" value="1" />
    <property name="env.MANPATH" value="/home/travis/.nvm/versions/node/v7.10.1/share/man:/home/travis/.rvm/rubies/ruby-2.5.3/share/man:/usr/local/cmake-3.12.4/man:/usr/local/clang-7.0.0/share/man:/usr/local/man:/usr/local/share/man:/usr/share/man:/home/travis/.rvm/man" />
    <property name="env.TRAVIS_TIMER_ID" value="0d5e6e08" />
    <property name="ant.file" value="/home/travis/build/icyphy/ptII/build.xml" />
    <property name="env.TRAVIS_COMMIT_RANGE" value="42e172ae347fdc5d0e580488fa33ff6bc00cac99...f9c12c6b2ccbd758ceec4e9ffc44e2f31da246f0" />
    <property name="env._system_name" value="Ubuntu" />
    <property name="ptII.classpath.optional.property" value="/home/travis/build/icyphy/ptII/lib/bsh-2.0b4.jar:/home/travis/build/icyphy/ptII/lib/ptCal.jar:/home/travis/build/icyphy/ptII/lib/java_cup.jar:/home/travis/build/icyphy/ptII/lib/saxon8.jar:/home/travis/build/icyphy/ptII/lib/saxon8-dom.jar:/home/travis/build/icyphy/ptII/lib/chic.jar:/home/travis/build/icyphy/ptII/lib/ptcolt.jar:/home/travis/build/icyphy/ptII/vendors/misc/itext/iText.jar:/home/travis/build/icyphy/ptII/lib/g4ltl.jar:/home/travis/build/icyphy/ptII/lib/StructuralCoder.jar:/home/travis/build/icyphy/ptII/lib/jcerti.jar:/home/travis/build/icyphy/ptII/lib/javax.mail.jar:/home/travis/build/icyphy/ptII/vendors/JMF-2.1.1e/lib/jmf.jar:/home/travis/build/icyphy/ptII/lib/jna-4.0.0-variadic.jar:/home/travis/build/icyphy/ptII/vendors/misc/joystick/Joystick.jar:/home/travis/build/icyphy/ptII/lib/ptjacl.jar:/home/travis/build/icyphy/ptII/lib/jsoup-1.8.2.jar:/home/travis/build/icyphy/ptII/lib/junit-4.8.2.jar:/home/travis/build/icyphy/ptII/lib/JUnitParams-0.4.0.jar:/home/travis/build/icyphy/ptII/ptolemy/actor/lib/excel/jxl.jar:/home/travis/build/icyphy/ptII/lib/jython.jar:/home/travis/build/icyphy/ptII/lib/kieler.jar:/home/travis/build/icyphy/ptII/vendors/opencv/share/OpenCV/java/opencv-341.jar:/home/travis/build/icyphy/ptII/lib/oscP5.jar:/home/travis/build/icyphy/ptII/lib/nrjavaserial-3.11.0.devel.jar:/home/travis/build/icyphy/ptII/vendors/j3d/lib/Linux/j3dcore.jar:/home/travis/build/icyphy/ptII/vendors/j3d/lib/Linux/j3dutils.jar:/home/travis/build/icyphy/ptII/vendors/j3d/lib/Linux/vecmath.jar:/home/travis/build/icyphy/ptII/vendors/jogl/lib/Linux/gluegen-rt-natives-linux-amd64.jar:/home/travis/build/icyphy/ptII/vendors/jogl/lib/Linux/gluegen-rt.jar:/home/travis/build/icyphy/ptII/vendors/jogl/lib/Linux/jogl-all-natives-linux-amd64.jar:/home/travis/build/icyphy/ptII/vendors/jogl/lib/Linux/jogl-all.jar:/home/travis/build/icyphy/ptII/ptolemy/distributed/jini/jar/jini-core.jar:/home/travis/build/icyphy/ptII/ptolemy/distributed/jini/jar/jini-ext.jar:/home/travis/build/icyphy/ptII/ptolemy/distributed/jini/jar/sun-util.jar:/home/travis/build/icyphy/ptII/lib/protobuf-java-2.4.1.jar:/home/travis/build/icyphy/ptII/lib/org.eclipse.paho.client.mqttv3.jar:/home/travis/build/icyphy/ptII/lib/mapss.jar:/home/travis/build/icyphy/ptII/ptolemy/actor/ptalon/antlr/antlr.jar:/home/travis/build/icyphy/ptII/lib/JRI.jar:/home/travis/build/icyphy/ptII/lib/commons-lang-2.6.jar:/home/travis/build/icyphy/ptII/lib/commons-logging-1.1.1.jar:/home/travis/build/icyphy/ptII/lib/sootclasses.jar:/home/travis/build/icyphy/ptII/ptolemy/actor/lib/database/mysql-connector-java-5.1.6-bin.jar:/home/travis/build/icyphy/ptII/vendors/misc/sphinx4/sphinx4-data-5prealpha.jar:/home/travis/build/icyphy/ptII/vendors/misc/sphinx4/sphinx4-core-5prealpha.jar:/home/travis/build/icyphy/ptII/lib/PDFRenderer.jar:/home/travis/build/icyphy/ptII/lib/svgSalamander.jar:/home/travis/build/icyphy/ptII/lib/rsyntaxtextarea-2.6.0-SNAPSHOT.jar:/home/travis/build/icyphy/ptII/lib/hazelcast-3.8.2.jar:/home/travis/build/icyphy/ptII/lib/jackson-annotations-2.9.0.jar:/home/travis/build/icyphy/ptII/lib/jackson-core-2.9.3.jar:/home/travis/build/icyphy/ptII/lib/jackson-databind-2.9.3.jar:/home/travis/build/icyphy/ptII/lib/netty-buffer-4.1.19.Final.jar:/home/travis/build/icyphy/ptII/lib/netty-codec-4.1.19.Final.jar:/home/travis/build/icyphy/ptII/lib/netty-codec-dns-4.1.19.Final.jar:/home/travis/build/icyphy/ptII/lib/netty-codec-http-4.1.19.Final.jar:/home/travis/build/icyphy/ptII/lib/netty-codec-http2-4.1.19.Final.jar:/home/travis/build/icyphy/ptII/lib/netty-common-4.1.19.Final.jar:/home/travis/build/icyphy/ptII/lib/netty-handler-4.1.19.Final.jar:/home/travis/build/icyphy/ptII/lib/netty-resolver-4.1.19.Final.jar:/home/travis/build/icyphy/ptII/lib/netty-resolver-dns-4.1.19.Final.jar:/home/travis/build/icyphy/ptII/lib/netty-transport-4.1.19.Final.jar:/home/travis/build/icyphy/ptII/lib/vertx-codegen-3.5.1.jar:/home/travis/build/icyphy/ptII/lib/vertx-core-3.5.2-SNAPSHOT.jar:/home/travis/build/icyphy/ptII/lib/vertx-hazelcast-3.5.1.jar:/home/travis/build/icyphy/ptII/lib/vertx-lang-js-3.5.1.jar:/home/travis/build/icyphy/ptII/lib/vertx-service-proxy-3.5.1.jar:/home/travis/build/icyphy/ptII/lib/vertx-web-3.5.1.jar:/home/travis/build/icyphy/ptII/lib/slf4j-api-1.7.13.jar:/home/travis/build/icyphy/ptII/lib/slf4j-simple-1.7.13.jar:/home/travis/build/icyphy/ptII/lib/webcam-capture-0.3.12.jar:/home/travis/build/icyphy/ptII/lib/bridj-0.7.0.jar:/home/travis/build/icyphy/ptII/lib/xbjlib-1.1.0.nrjavaserial.jar" />
    <property name="timeout" value="2400000" />
    <property name="test.batch" value="**/junit/*.java" />
    <property name="env._" value="/usr/bin/timeout" />
    <property name="java.io.tmpdir" value="/tmp" />
    <property name="user.language" value="en" />
    <property name="env.TRAVIS_INTERNAL_RUBY_REGEX" value="^ruby-(2\.[0-4]\.[0-9]|1\.9\.3)" />
    <property name="env.HISTCONTROL" value="ignoredups:ignorespace" />
    <property name="env.GOROOT" value="/home/travis/.gimme/versions/go1.11.1.linux.amd64" />
    <property name="line.separator" value="&#xa;" />
    <property name="target" value="11" />
    <property name="env.TRAVIS_BUILD_DIR" value="/home/travis/build/icyphy/ptII" />
    <property name="env.ANT_OPTS" value="-Xmx2048m" />
    <property name="ant.file.type" value="file" />
    <property name="ptolemy.ptII.batchMode" value="true" />
    <property name="env.HISTSIZE" value="1000" />
    <property name="env.MERB_ENV" value="test" />
    <property name="java.vm.info" value="mixed mode" />
    <property name="source" value="11" />
    <property name="java.vm.specification.name" value="Java Virtual Machine Specification" />
    <property name="env.TRAVIS_TEST_RESULT" value="0" />
    <property name="jsdoc.command" value="node_modules/@terraswarm/jsdoc/jsdoc.js" />
    <property name="npm.works" value="true" />
    <property name="cobertura.dir" value="/home/travis/build/icyphy/ptII/vendors/cobertura-2.0.3" />
    <property name="jsdoc.command.exists" value="true" />
    <property name="env.rvm_path" value="/home/travis/.rvm" />
    <property name="env.GEM_PATH" value="/home/travis/.rvm/gems/ruby-2.5.3:/home/travis/.rvm/gems/ruby-2.5.3@global" />
    <property name="env.LC_CTYPE" value="en_US.UTF-8" />
    <property name="env.TRAVIS_CMD" value="$PTII/bin/ptIITravisBuild.sh $SECONDS" />
    <property name="java.awt.printerjob" value="sun.print.PSPrinterJob" />
    <property name="env.TRAVIS_STACK_NAME" value="sardonyx" />
    <property name="env.TRAVIS_TIMER_START_TIME" value="1565327622110407116" />
    <property name="ant.version" value="Apache Ant(TM) version 1.10.1 compiled on February 2 2017" />
    <property name="ptII.reports" value="/home/travis/build/icyphy/ptII/reports" />
    <property name="env.TRAVIS_STACK_TIMESTAMP" value="2019-03-25 16:16:56 UTC" />
    <property name="ant.file.type.ptII" value="file" />
    <property name="env.RBENV_SHELL" value="bash" />
    <property name="os.name" value="Linux" />
    <property name="java.specification.vendor" value="Oracle Corporation" />
    <property name="env.rvm_version" value="1.29.7 (latest)" />
    <property name="env.TRAVIS_INFRA" value="unknown" />
    <property name="env.TERM" value="xterm" />
    <property name="java.vm.name" value="OpenJDK 64-Bit Server VM" />
    <property name="env.TRAVIS_BUILD_NUMBER" value="1291" />
    <property name="env.CI" value="true" />
    <property name="java.library.path" value="/home/travis/pthla/certi-tools/lib:/usr/lib/jni:/usr/local/share/OpenCV/java/:/usr/share/OpenCV/java::/usr/java/packages/lib:/usr/lib64:/lib64:/lib:/usr/lib" />
    <property name="jdk.module.path" value="/home/travis/build/icyphy/ptII/vendors/javafx/javafx-sdk-11.0.2/lib:" />
    <property name="env.rvm_prefix" value="/home/travis" />
    <property name="env.PATH" value="/home/travis/pthla/certi-tools/share/scripts:/home/travis/.rvm/gems/ruby-2.5.3/bin:/home/travis/.rvm/gems/ruby-2.5.3@global/bin:/home/travis/.rvm/rubies/ruby-2.5.3/bin:/home/travis/.rvm/bin:/home/travis/.nvm/versions/node/v7.10.1/bin:./node_modules/.bin:/home/travis/build/icyphy/ptII/bin:/home/travis/pthla/certi-tools/bin:/home/travis/bin:/home/travis/.local/bin:/usr/local/lib/jvm/openjdk11/bin:/opt/pyenv/shims:/home/travis/.phpenv/shims:/home/travis/perl5/perlbrew/bin:/home/travis/gopath/bin:/home/travis/.gimme/versions/go1.11.1.linux.amd64/bin:/usr/local/maven-3.6.0/bin:/usr/local/cmake-3.12.4/bin:/usr/local/clang-7.0.0/bin:/usr/local/sbin:/usr/local/bin:/usr/sbin:/usr/bin:/sbin:/bin:/snap/bin:/home/travis/.phpenv/bin:/opt/pyenv/bin:/home/travis/.yarn/bin" />
    <property name="env.TRAVIS_OS_NAME" value="linux" />
    <property name="ant.java.version" value="9" />
    <property name="basedir" value="/home/travis/build/icyphy/ptII" />
    <property name="java.class.version" value="55.0" />
    <property name="env.SHLVL" value="3" />
    <property name="env.LD_LIBRARY_PATH" value="/home/travis/pthla/certi-tools/lib:/usr/lib/jni:/usr/local/share/OpenCV/java/:/usr/share/OpenCV/java:" />
    <property name="env.RACK_ENV" value="test" />
    <property name="ant.home" value="/home/travis/build/icyphy/ptII/ant" />
    <property name="env.NVM_DIR" value="/home/travis/.nvm" />
    <property name="env.CERTI_FOM_PATH" value="/home/travis/pthla/certi-tools/share/federations" />
    <property name="env.TRAVIS_BUILD_ID" value="569655986" />
    <property name="env.PYENV_ROOT" value="/opt/pyenv" />
    <property name="env.TRAVIS_UID" value="2000" />
    <property name="prism.verbose" value="true" />
    <property name="env.NVM_BIN" value="/home/travis/.nvm/versions/node/v7.10.1/bin" />
    <property name="env.TRAVIS_COMMIT" value="f9c12c6b2ccbd758ceec4e9ffc44e2f31da246f0" />
    <property name="env._system_arch" value="x86_64" />
    <property name="node.executable" value="node" />
    <property name="sun.boot.library.path" value="/usr/local/lib/jvm/openjdk11/lib" />
    <property name="sun.management.compiler" value="HotSpot 64-Bit Tiered Compilers" />
    <property name="java.awt.graphicsenv" value="sun.awt.X11GraphicsEnvironment" />
    <property name="env.GOPATH" value="/home/travis/gopath" />
    <property name="ptolemy.ptII.dir" value="/home/travis/build/icyphy/ptII" />
    <property name="env.USER" value="travis" />
    <property name="env.HISTFILESIZE" value="2000" />
    <property name="timeout.longest" value="19000000" />
    <property name="env.PERLBREW_SHELLRC_VERSION" value="0.86" />
    <property name="env.TRAVIS_STACK_FEATURES" value="basic couchdb disabled-ipv6 docker docker-compose elasticsearch firefox go-toolchain google-chrome jdk memcached mongodb mysql nodejs_interpreter perl_interpreter perlbrew phantomjs postgresql python_interpreter redis ruby_interpreter sqlite xserver" />
    <property name="env.TRAVIS_PULL_REQUEST" value="false" />
    <property name="env.PYENV_SHELL" value="bash" />
    <property name="ant.project.name" value="ptII" />
    <property name="env.ANSI_RESET" value="\033[0m" />
    <property name="java.vm.specification.version" value="11" />
    <property name="env.TRAVIS_DIST" value="xenial" />
    <property name="env.CERTI_VERSION" value="4.0.0" />
    <property name="env.CERTI_HOST" value="localhost" />
    <property name="awt.toolkit" value="sun.awt.X11.XToolkit" />
    <property name="env.MY_RUBY_HOME" value="/home/travis/.rvm/rubies/ruby-2.5.3" />
    <property name="sun.cpu.isalist" value="" />
    <property name="env.TRAVIS_TMPDIR" value="/tmp/tmp.puiTHsKCCK" />
    <property name="java.vm.compressedOopsMode" value="Zero based" />
    <property name="os.version" value="4.15.0-1028-gcp" />
    <property name="user.home" value="/home/travis" />
    <property name="java.vm.vendor" value="Oracle Corporation" />
    <property name="env.TRAVIS_TAG" value="nightly" />
    <property name="env.ANSI_YELLOW" value="\033[33;1m" />
    <property name="env.TRAVIS_FILTERED" value="redirect_io" />
    <property name="env.ANSI_GREEN" value="\033[32;1m" />
    <property name="env.JAVA_HOME" value="/usr/local/lib/jvm/openjdk11" />
    <property name="javadoc.excludepackagenames" value="adm.cvs2svn.*,build.*,config.*,doc.coding.templates.*,jni.test.jni.meaningOfLife.*,jni.test.jni.testDeux.*,jni.test.jni.testTrois.*,org.terraswarm.accessor.accessors.web.node_modules.*,org.terraswarm.accessor.accessors.web.hosts.cordova.demo.*,org.terraswarm.accessor.accessors.web.hosts.cordova.plugins.*,org.terraswarm.accessor.accessors-svn.*,pt-modules.*,ptolemy.apps.agilent.*,ptolemy.apps.anytimecontrol.*,ptolemy.apps.apes.*,ptolemy.apps.charon.*,ptolemy.apps.crazyboard.*,ptolemy.apps.eclipse.*,ptolemy.apps.etherealSting.*,ptolemy.apps.fullscreen.*,ptolemy.apps.giotto.*,ptolemy.apps.ia.*,ptolemy.apps.interfaces.*,ptolemy.apps.jmf.*,ptolemy.apps.kurt.*,ptolemy.apps.kvm.*,ptolemy.apps.lego.*,ptolemy.apps.lejos.*,ptolemy.apps.midp.*,ptolemy.apps.mobileCoding.*,ptolemy.apps.pendulum.*,ptolemy.apps.rijndael.*,ptolemy.apps.robot.*,ptolemy.apps.security.*,ptolemy.apps.sobel.*,ptolemy.apps.soot.*,ptolemy.apps.throttle.*,ptolemy.apps.tini.*,ptolemy.apps.transmission.*,ptolemy.apps.vergil.*,ptolemy.apps.waba.*,ptolemy.apps.websensor.*,ptolemy.apps.webstart.*,ptolemy.apps.xsl.*,ptolemy.apps.zaurus.*,ptolemy.codegen.c.actor.lib.oldJavaFiles.*,ptolemy.codegen.dsp.lib.*,ptolemy.codegen.kernel.newInterfaces.*,ptolemy.codegen.lib.*,ptolemy.copernicus.kernel.fragment.*,ptolemy.copernicus.shallow.cg.*,ptolemy.domains.giotto.demo.Hierarchy.Hierarchy.*,ptolemy.domains.giotto.demo.Multimode.Multimode.*,ptolemy.domains.giotto.demo.Simple.Simple.*,ptolemy.domains.gr.lib.experimental.*,ptolemy.domains.gro.*,ptolemy.domains.pdf.*,ptolemy.domains.ptinyos.demo.Surge.output.*,ptolemy.moml.test.NoPackageActor.java*,ptolemy.plot.adm.*,ptolemy.plot.servlet.*,reports.*,signed.*,src.*,target.*,vendors.*,ptolemy.copernicus.applet.*,ptolemy.media.viewer.*,ptolemy.actor.corba.*,doc.doclets.*,ptolemy.apps.eclipse.awt.*,ptolemy.backtrack.*,ptolemy.backtrack.ast.*,ptolemy.cg.adapter.generic.program.procedural.c.mbed*,ptolemy.homer.*,ptolemy.actor.lib.jai.*,org.ptolemy.scala.*,diva.util.java2d.svg.*,ptolemy.domains.ptinyos.*,ptolemy.actor.lib.fmi.fmipp.*,,org.terraswarm.accessor.accessors.web.node_modules.*,org.terraswarm.accessor.accessors-svn,ptolemy.apps.*,ptolemy.actor.ptalon.demo.ptinyos.SendAndReceiveCnt.output,ptolemy.actor.ptalon.demo.ptinyos.SenseToLeds.output,ptolemy.domains.ptinyos.demo.CntToLedsAndRfm.output,ptolemy.domains.ptinyos.demo.RfmToLeds.output,ptolemy.domains.ptinyos.demo.SendAndReceiveCnt.output,ptolemy.domains.ptinyos.demo.SenseToLeds.output,ptolemy.actor.lib.jjs.modules.udpSocket.*" />
    <property name="env.PTII" value="/home/travis/build/icyphy/ptII" />
    <property name="env.XDG_SESSION_ID" value="2" />
    <property name="keystore" value="ptKeystore" />
    <property name="env.TRAVIS_COMMIT_MESSAGE" value="Removed mention of svn." />
    <property name="junit.output.dir" value="/home/travis/build/icyphy/ptII/reports/junit" />
    <property name="npm.return.code" value="0" />
    <property name="user.dir" value="/home/travis/build/icyphy/ptII/ptolemy/domains/de/test" />
    <property name="env.TRAVIS_NODE_VERSION" value="7" />
    <property name="env.TRAVIS_EVENT_TYPE" value="cron" />
    <property name="env.MAIL" value="/var/mail/travis" />
    <property name="env.PERLBREW_ROOT" value="/home/travis/perl5/perlbrew" />
    <property name="env.PWD" value="/home/travis/build/icyphy/ptII" />
    <property name="timeout.npm" value="45000" />
    <property name="env.PT_TRAVIS_TEST_CORE2_XML" value="true" />
    <property name="env.TRAVIS_ARCH" value="amd64" />
    <property name="sun.cpu.endian" value="little" />
    <property name="env.PAGER" value="cat" />
    <property name="env.TRAVIS_BUILD_STAGE_NAME" value="Test" />
    <property name="env.PERLBREW_HOME" value="/home/travis/.perlbrew" />
    <property name="java.vm.version" value="11.0.2+9" />
    <property name="env.RAILS_ENV" value="test" />
    <property name="java.class.path" value="/home/travis/build/icyphy/ptII:/home/travis/build/icyphy/ptII/lib/bsh-2.0b4.jar:/home/travis/build/icyphy/ptII/lib/ptCal.jar:/home/travis/build/icyphy/ptII/lib/java_cup.jar:/home/travis/build/icyphy/ptII/lib/saxon8.jar:/home/travis/build/icyphy/ptII/lib/saxon8-dom.jar:/home/travis/build/icyphy/ptII/lib/chic.jar:/home/travis/build/icyphy/ptII/lib/ptcolt.jar:/home/travis/build/icyphy/ptII/vendors/misc/itext/iText.jar:/home/travis/build/icyphy/ptII/lib/g4ltl.jar:/home/travis/build/icyphy/ptII/lib/StructuralCoder.jar:/home/travis/build/icyphy/ptII/lib/jcerti.jar:/home/travis/build/icyphy/ptII/lib/javax.mail.jar:/home/travis/build/icyphy/ptII/vendors/JMF-2.1.1e/lib/jmf.jar:/home/travis/build/icyphy/ptII/lib/jna-4.0.0-variadic.jar:/home/travis/build/icyphy/ptII/vendors/misc/joystick/Joystick.jar:/home/travis/build/icyphy/ptII/lib/ptjacl.jar:/home/travis/build/icyphy/ptII/lib/jsoup-1.8.2.jar:/home/travis/build/icyphy/ptII/lib/junit-4.8.2.jar:/home/travis/build/icyphy/ptII/lib/JUnitParams-0.4.0.jar:/home/travis/build/icyphy/ptII/ptolemy/actor/lib/excel/jxl.jar:/home/travis/build/icyphy/ptII/lib/jython.jar:/home/travis/build/icyphy/ptII/lib/kieler.jar:/home/travis/build/icyphy/ptII/vendors/opencv/share/OpenCV/java/opencv-341.jar:/home/travis/build/icyphy/ptII/lib/oscP5.jar:/home/travis/build/icyphy/ptII/lib/nrjavaserial-3.11.0.devel.jar:/home/travis/build/icyphy/ptII/vendors/j3d/lib/Linux/j3dcore.jar:/home/travis/build/icyphy/ptII/vendors/j3d/lib/Linux/j3dutils.jar:/home/travis/build/icyphy/ptII/vendors/j3d/lib/Linux/vecmath.jar:/home/travis/build/icyphy/ptII/vendors/jogl/lib/Linux/gluegen-rt-natives-linux-amd64.jar:/home/travis/build/icyphy/ptII/vendors/jogl/lib/Linux/gluegen-rt.jar:/home/travis/build/icyphy/ptII/vendors/jogl/lib/Linux/jogl-all-natives-linux-amd64.jar:/home/travis/build/icyphy/ptII/vendors/jogl/lib/Linux/jogl-all.jar:/home/travis/build/icyphy/ptII/ptolemy/distributed/jini/jar/jini-core.jar:/home/travis/build/icyphy/ptII/ptolemy/distributed/jini/jar/jini-ext.jar:/home/travis/build/icyphy/ptII/ptolemy/distributed/jini/jar/sun-util.jar:/home/travis/build/icyphy/ptII/lib/protobuf-java-2.4.1.jar:/home/travis/build/icyphy/ptII/lib/org.eclipse.paho.client.mqttv3.jar:/home/travis/build/icyphy/ptII/lib/mapss.jar:/home/travis/build/icyphy/ptII/ptolemy/actor/ptalon/antlr/antlr.jar:/home/travis/build/icyphy/ptII/lib/JRI.jar:/home/travis/build/icyphy/ptII/lib/commons-lang-2.6.jar:/home/travis/build/icyphy/ptII/lib/commons-logging-1.1.1.jar:/home/travis/build/icyphy/ptII/lib/sootclasses.jar:/home/travis/build/icyphy/ptII/ptolemy/actor/lib/database/mysql-connector-java-5.1.6-bin.jar:/home/travis/build/icyphy/ptII/vendors/misc/sphinx4/sphinx4-data-5prealpha.jar:/home/travis/build/icyphy/ptII/vendors/misc/sphinx4/sphinx4-core-5prealpha.jar:/home/travis/build/icyphy/ptII/lib/PDFRenderer.jar:/home/travis/build/icyphy/ptII/lib/svgSalamander.jar:/home/travis/build/icyphy/ptII/lib/rsyntaxtextarea-2.6.0-SNAPSHOT.jar:/home/travis/build/icyphy/ptII/lib/hazelcast-3.8.2.jar:/home/travis/build/icyphy/ptII/lib/jackson-annotations-2.9.0.jar:/home/travis/build/icyphy/ptII/lib/jackson-core-2.9.3.jar:/home/travis/build/icyphy/ptII/lib/jackson-databind-2.9.3.jar:/home/travis/build/icyphy/ptII/lib/netty-buffer-4.1.19.Final.jar:/home/travis/build/icyphy/ptII/lib/netty-codec-4.1.19.Final.jar:/home/travis/build/icyphy/ptII/lib/netty-codec-dns-4.1.19.Final.jar:/home/travis/build/icyphy/ptII/lib/netty-codec-http-4.1.19.Final.jar:/home/travis/build/icyphy/ptII/lib/netty-codec-http2-4.1.19.Final.jar:/home/travis/build/icyphy/ptII/lib/netty-common-4.1.19.Final.jar:/home/travis/build/icyphy/ptII/lib/netty-handler-4.1.19.Final.jar:/home/travis/build/icyphy/ptII/lib/netty-resolver-4.1.19.Final.jar:/home/travis/build/icyphy/ptII/lib/netty-resolver-dns-4.1.19.Final.jar:/home/travis/build/icyphy/ptII/lib/netty-transport-4.1.19.Final.jar:/home/travis/build/icyphy/ptII/lib/vertx-codegen-3.5.1.jar:/home/travis/build/icyphy/ptII/lib/vertx-core-3.5.2-SNAPSHOT.jar:/home/travis/build/icyphy/ptII/lib/vertx-hazelcast-3.5.1.jar:/home/travis/build/icyphy/ptII/lib/vertx-lang-js-3.5.1.jar:/home/travis/build/icyphy/ptII/lib/vertx-service-proxy-3.5.1.jar:/home/travis/build/icyphy/ptII/lib/vertx-web-3.5.1.jar:/home/travis/build/icyphy/ptII/lib/slf4j-api-1.7.13.jar:/home/travis/build/icyphy/ptII/lib/slf4j-simple-1.7.13.jar:/home/travis/build/icyphy/ptII/lib/webcam-capture-0.3.12.jar:/home/travis/build/icyphy/ptII/lib/bridj-0.7.0.jar:/home/travis/build/icyphy/ptII/lib/xbjlib-1.1.0.nrjavaserial.jar:/home/travis/build/icyphy/ptII/ptolemy/moml/test:/home/travis/build/icyphy/ptII/ant/lib/ant-launcher.jar:/home/travis/build/icyphy/ptII/ant/lib/ant.jar:/home/travis/build/icyphy/ptII/ant/lib/ant-junit.jar:/home/travis/build/icyphy/ptII/ant/lib/ant-junit4.jar" />
    <property name="ant.library.dir" value="/home/travis/build/icyphy/ptII/ant/lib" />
    <property name="os.arch" value="amd64" />
    <property name="env.CONTINUOUS_INTEGRATION" value="true" />
    <property name="env.TRAVIS_LANGUAGE" value="node_js" />
    <property name="env.TRAVIS_STACK_LANGUAGES" value="__sardonyx__ c c++ clojure cplusplus cpp default generic go groovy java node_js php pure_java python ruby scala" />
    <property name="test.name" value="ptolemy.actor.lib.test.junit.JUnitTclTest" />
    <property name="env.APT_KEY_DONT_WARN_ON_DANGEROUS_USAGE" value="1" />
    <property name="sun.java.launcher" value="SUN_STANDARD" />
    <property name="env.PYTHON_CONFIGURE_OPTS" value="--enable-unicode=ucs4 --with-wide-unicode --enable-shared --enable-ipv6 --enable-loadable-sqlite-extensions --with-computed-gotos" />
    <property name="ant.core.lib" value="/home/travis/build/icyphy/ptII/ant/lib/ant.jar" />
    <property name="java.vm.specification.vendor" value="Oracle Corporation" />
    <property name="env.BCVTB_HOME" value="/home/travis/build/icyphy/ptII/lbnl" />
    <property name="file.separator" value="/" />
    <property name="spotbugs.home" value="/home/travis/build/icyphy/ptII/vendors/spotbugs-3.1.1" />
    <property name="java.runtime.version" value="11.0.2+9" />
    <property name="env.ANSI_CLEAR" value="\033[0K" />
    <property name="javafx.verbose" value="true" />
    <property name="env.HAS_JOSH_K_SEAL_OF_APPROVAL" value="true" />
    <property name="env.XDG_RUNTIME_DIR" value="/run/user/2000" />
    <property name="env.TRAVIS_OSX_IMAGE" value="" />
    <property name="env.TRAVIS_JOB_ID" value="569655995" />
    <property name="env.TRAVIS_BRANCH" value="master" />
    <property name="user.country" value="US" />
    <property name="env.CERTI_HOME_TRAVIS" value="/home/travis/pthla/certi-tools" />
    <property name="env.SHELL" value="/bin/bash" />
    <property name="java.maxmemory.large" value="3200m" />
    <property name="model" value="" />
    <property name="env.CASHER_DIR" value="/home/travis/.casher" />
    <property name="env.NVM_CD_FLAGS" value="" />
    <property name="java.vendor.version" value="18.9" />
    <property name="jshint.executable" value="/home/travis/node_modules/jshint/bin/jshint" />
    <property name="env.JRUBY_OPTS" value=" --client -J-XX:+TieredCompilation -J-XX:TieredStopAtLevel=1 -J-Xss2m -Xcompile.invokedynamic=false" />
    <property name="java.vendor" value="Oracle Corporation" />
    <property name="env.TRAVIS_PRE_CHEF_BOOTSTRAP_TIME" value="2019-03-25T16:16:42" />
    <property name="env.TRAVIS_STACK_JOB_BOARD_REGISTER" value="/.job-board-register.yml" />
    <property name="env.ANSI_RED" value="\033[31;1m" />
    <property name="java.specification.version" value="11" />
    <property name="env.IRBRC" value="/home/travis/.rvm/rubies/ruby-2.5.3/.irbrc" />
    <property name="env.TRAVIS" value="true" />
    <property name="sun.arch.data.model" value="64" />
  </properties>
  <testcase classname="ptolemy.util.test.junit.TclTests" name="[0] /home/travis/build/icyphy/ptII/ptolemy/domains/de/test/DependencyLoop.tcl (RunTclFile)" time="1.044" />
  <testcase classname="ptolemy.util.test.junit.TclTests" name="[1] /home/travis/build/icyphy/ptII/ptolemy/domains/de/test/RunDETestsAsQSS.tcl (RunTclFile)" time="92.845" />
  <testcase classname="ptolemy.util.test.junit.AutoKnownFailedTests" name="[0] /home/travis/build/icyphy/ptII/ptolemy/domains/de/test/auto/knownFailedTests/DESDFClockTest.xml (RunModel)" time="2.026" />
  <testcase classname="ptolemy.util.test.junit.AutoKnownFailedTests" name="[1] /home/travis/build/icyphy/ptII/ptolemy/domains/de/test/auto/knownFailedTests/DirectFeedback.xml (RunModel)" time="0.012" />
  <testcase classname="ptolemy.util.test.junit.AutoKnownFailedTests" name="[2] /home/travis/build/icyphy/ptII/ptolemy/domains/de/test/auto/knownFailedTests/FSMSource.xml (RunModel)" time="0.03" />
  <testcase classname="ptolemy.util.test.junit.AutoKnownFailedTests" name="[3] /home/travis/build/icyphy/ptII/ptolemy/domains/de/test/auto/knownFailedTests/HierarchicalModel.xml (RunModel)" time="0.037" />
  <testcase classname="ptolemy.util.test.junit.AutoKnownFailedTests" name="[4] /home/travis/build/icyphy/ptII/ptolemy/domains/de/test/auto/knownFailedTests/dependencyLoop.xml (RunModel)" time="0.045" />
  <testcase classname="ptolemy.util.test.junit.AutoKnownFailedTests" name="[5] /home/travis/build/icyphy/ptII/ptolemy/domains/de/test/auto/knownFailedTests/dependencyLoop2.xml (RunModel)" time="0.036" />
  <testcase classname="ptolemy.util.test.junit.AutoNameArchTests" name="[0] ThereAreNoAutoArchTests (RunModel)" time="0.001" />
  <testcase classname="ptolemy.util.test.junit.AutoTests" name="[0] /home/travis/build/icyphy/ptII/ptolemy/domains/de/test/auto/ActorDepthCalculation_actorWithoutPorts.xml (RunModel)" time="0.011" />
  <testcase classname="ptolemy.util.test.junit.AutoTests" name="[1] /home/travis/build/icyphy/ptII/ptolemy/domains/de/test/auto/AssemblyLine.xml (RunModel)" time="0.016" />
  <testcase classname="ptolemy.util.test.junit.AutoTests" name="[2] /home/travis/build/icyphy/ptII/ptolemy/domains/de/test/auto/CQBug1.xml (RunModel)" time="0.006" />
  <testcase classname="ptolemy.util.test.junit.AutoTests" name="[3] /home/travis/build/icyphy/ptII/ptolemy/domains/de/test/auto/CancelFireAt.xml (RunModel)" time="0.022" />
  <testcase classname="ptolemy.util.test.junit.AutoTests" name="[4] /home/travis/build/icyphy/ptII/ptolemy/domains/de/test/auto/CausalityAndComposabilityAnalysis.xml (RunModel)" time="0.009" />
  <testcase classname="ptolemy.util.test.junit.AutoTests" name="[5] /home/travis/build/icyphy/ptII/ptolemy/domains/de/test/auto/CausalityInterface1.xml (RunModel)" time="0.018" />
  <testcase classname="ptolemy.util.test.junit.AutoTests" name="[6] /home/travis/build/icyphy/ptII/ptolemy/domains/de/test/auto/CausalityInterface15.xml (RunModel)" time="0.013" />
  <testcase classname="ptolemy.util.test.junit.AutoTests" name="[7] /home/travis/build/icyphy/ptII/ptolemy/domains/de/test/auto/CausalityInterface2.xml (RunModel)" time="0.014" />
  <testcase classname="ptolemy.util.test.junit.AutoTests" name="[8] /home/travis/build/icyphy/ptII/ptolemy/domains/de/test/auto/CausalityInterface3.xml (RunModel)" time="0.015" />
  <testcase classname="ptolemy.util.test.junit.AutoTests" name="[9] /home/travis/build/icyphy/ptII/ptolemy/domains/de/test/auto/ClockDrift.xml (RunModel)" time="0.041" />
  <testcase classname="ptolemy.util.test.junit.AutoTests" name="[10] /home/travis/build/icyphy/ptII/ptolemy/domains/de/test/auto/ClockDriftAndValueChange.xml (RunModel)" time="0.036" />
  <testcase classname="ptolemy.util.test.junit.AutoTests" name="[11] /home/travis/build/icyphy/ptII/ptolemy/domains/de/test/auto/ClockDriftChange.xml (RunModel)" time="0.04" />
  <testcase classname="ptolemy.util.test.junit.AutoTests" name="[12] /home/travis/build/icyphy/ptII/ptolemy/domains/de/test/auto/ComposableCausalityAnalysis.xml (RunModel)" time="0.019" />
  <testcase classname="ptolemy.util.test.junit.AutoTests" name="[13] /home/travis/build/icyphy/ptII/ptolemy/domains/de/test/auto/DEFixedPointLimitation.xml (RunModel)" time="0.01" />
  <testcase classname="ptolemy.util.test.junit.AutoTests" name="[14] /home/travis/build/icyphy/ptII/ptolemy/domains/de/test/auto/DEScheduleTest.xml (RunModel)" time="0.015" />
  <testcase classname="ptolemy.util.test.junit.AutoTests" name="[15] /home/travis/build/icyphy/ptII/ptolemy/domains/de/test/auto/DEinDEwithStartTimes.xml (RunModel)" time="0.014" />
  <testcase classname="ptolemy.util.test.junit.AutoTests" name="[16] /home/travis/build/icyphy/ptII/ptolemy/domains/de/test/auto/DEinDEwithStartTimes2.xml (RunModel)" time="0.015" />
  <testcase classname="ptolemy.util.test.junit.AutoTests" name="[17] /home/travis/build/icyphy/ptII/ptolemy/domains/de/test/auto/DateDemo.xml (RunModel)" time="0.048" />
  <testcase classname="ptolemy.util.test.junit.AutoTests" name="[18] /home/travis/build/icyphy/ptII/ptolemy/domains/de/test/auto/DateToEvent.xml (RunModel)" time="2.046" />
  <testcase classname="ptolemy.util.test.junit.AutoTests" name="[19] /home/travis/build/icyphy/ptII/ptolemy/domains/de/test/auto/DepthTest1.xml (RunModel)" time="0.009" />
  <testcase classname="ptolemy.util.test.junit.AutoTests" name="[20] /home/travis/build/icyphy/ptII/ptolemy/domains/de/test/auto/DepthTest2.xml (RunModel)" time="0.019" />
  <testcase classname="ptolemy.util.test.junit.AutoTests" name="[21] /home/travis/build/icyphy/ptII/ptolemy/domains/de/test/auto/DepthTest3.xml (RunModel)" time="0.013" />
  <testcase classname="ptolemy.util.test.junit.AutoTests" name="[22] /home/travis/build/icyphy/ptII/ptolemy/domains/de/test/auto/DepthTest4.xml (RunModel)" time="0.022" />
  <testcase classname="ptolemy.util.test.junit.AutoTests" name="[23] /home/travis/build/icyphy/ptII/ptolemy/domains/de/test/auto/DepthTest5.xml (RunModel)" time="0.016" />
  <testcase classname="ptolemy.util.test.junit.AutoTests" name="[24] /home/travis/build/icyphy/ptII/ptolemy/domains/de/test/auto/DepthTest6.xml (RunModel)" time="0.025" />
  <testcase classname="ptolemy.util.test.junit.AutoTests" name="[25] /home/travis/build/icyphy/ptII/ptolemy/domains/de/test/auto/DepthTest7.xml (RunModel)" time="0.015" />
  <testcase classname="ptolemy.util.test.junit.AutoTests" name="[26] /home/travis/build/icyphy/ptII/ptolemy/domains/de/test/auto/EventToDate.xml (RunModel)" time="3.042" />
  <testcase classname="ptolemy.util.test.junit.AutoTests" name="[27] /home/travis/build/icyphy/ptII/ptolemy/domains/de/test/auto/FSM1.xml (RunModel)" time="0.037" />
  <testcase classname="ptolemy.util.test.junit.AutoTests" name="[28] /home/travis/build/icyphy/ptII/ptolemy/domains/de/test/auto/FSM7.xml (RunModel)" time="0.047" />
  <testcase classname="ptolemy.util.test.junit.AutoTests" name="[29] /home/travis/build/icyphy/ptII/ptolemy/domains/de/test/auto/Inspection.xml (RunModel)" time="0.05" />
  <testcase classname="ptolemy.util.test.junit.AutoTests" name="[30] /home/travis/build/icyphy/ptII/ptolemy/domains/de/test/auto/Iteration.xml (RunModel)" time="0.03" />
  <testcase classname="ptolemy.util.test.junit.AutoTests" name="[31] /home/travis/build/icyphy/ptII/ptolemy/domains/de/test/auto/LineFault.xml (RunModel)" time="0.635" />
  <testcase classname="ptolemy.util.test.junit.AutoTests" name="[32] /home/travis/build/icyphy/ptII/ptolemy/domains/de/test/auto/MergeModel1Add.xml (RunModel)" time="0.053" />
  <testcase classname="ptolemy.util.test.junit.AutoTests" name="[33] /home/travis/build/icyphy/ptII/ptolemy/domains/de/test/auto/MergeModel2Add.xml (RunModel)" time="0.039" />
  <testcase classname="ptolemy.util.test.junit.AutoTests" name="[34] /home/travis/build/icyphy/ptII/ptolemy/domains/de/test/auto/MergeModel3Add.xml (RunModel)" time="0.043" />
  <testcase classname="ptolemy.util.test.junit.AutoTests" name="[35] /home/travis/build/icyphy/ptII/ptolemy/domains/de/test/auto/MergeWithoutDiscard.xml (RunModel)" time="0.011" />
  <testcase classname="ptolemy.util.test.junit.AutoTests" name="[36] /home/travis/build/icyphy/ptII/ptolemy/domains/de/test/auto/Modal1.xml (RunModel)" time="0.025" />
  <testcase classname="ptolemy.util.test.junit.AutoTests" name="[37] /home/travis/build/icyphy/ptII/ptolemy/domains/de/test/auto/Modal2.xml (RunModel)" time="0.035" />
  <testcase classname="ptolemy.util.test.junit.AutoTests" name="[38] /home/travis/build/icyphy/ptII/ptolemy/domains/de/test/auto/Modal3.xml (RunModel)" time="0.032" />
  <testcase classname="ptolemy.util.test.junit.AutoTests" name="[39] /home/travis/build/icyphy/ptII/ptolemy/domains/de/test/auto/Modal4.xml (RunModel)" time="0.036" />
  <testcase classname="ptolemy.util.test.junit.AutoTests" name="[40] /home/travis/build/icyphy/ptII/ptolemy/domains/de/test/auto/Modal5.xml (RunModel)" time="0.031" />
  <testcase classname="ptolemy.util.test.junit.AutoTests" name="[41] /home/travis/build/icyphy/ptII/ptolemy/domains/de/test/auto/Modal6.xml (RunModel)" time="0.033" />
  <testcase classname="ptolemy.util.test.junit.AutoTests" name="[42] /home/travis/build/icyphy/ptII/ptolemy/domains/de/test/auto/Modal7.xml (RunModel)" time="0.036" />
  <testcase classname="ptolemy.util.test.junit.AutoTests" name="[43] /home/travis/build/icyphy/ptII/ptolemy/domains/de/test/auto/ModalModel.xml (RunModel)" time="0.184" />
  <testcase classname="ptolemy.util.test.junit.AutoTests" name="[44] /home/travis/build/icyphy/ptII/ptolemy/domains/de/test/auto/ModalSource.xml (RunModel)" time="0.019" />
  <testcase classname="ptolemy.util.test.junit.AutoTests" name="[45] /home/travis/build/icyphy/ptII/ptolemy/domains/de/test/auto/NonInterruptibleTimerZeroDelay.xml (RunModel)" time="0.015" />
  <testcase classname="ptolemy.util.test.junit.AutoTests" name="[46] /home/travis/build/icyphy/ptII/ptolemy/domains/de/test/auto/OpenQueueingNetwork.xml (RunModel)" time="2.412" />
  <testcase classname="ptolemy.util.test.junit.AutoTests" name="[47] /home/travis/build/icyphy/ptII/ptolemy/domains/de/test/auto/OpenQueuingNetwork.xml (RunModel)" time="0.281" />
  <testcase classname="ptolemy.util.test.junit.AutoTests" name="[48] /home/travis/build/icyphy/ptII/ptolemy/domains/de/test/auto/PeriodicSampler.xml (RunModel)" time="0.018" />
  <testcase classname="ptolemy.util.test.junit.AutoTests" name="[49] /home/travis/build/icyphy/ptII/ptolemy/domains/de/test/auto/PersistentIO.xml (RunModel)" time="0.032" />
  <testcase classname="ptolemy.util.test.junit.AutoTests" name="[50] /home/travis/build/icyphy/ptII/ptolemy/domains/de/test/auto/PortParameterResetOnInitialize.xml (RunModel)" time="0.017" />
  <testcase classname="ptolemy.util.test.junit.AutoTests" name="[51] /home/travis/build/icyphy/ptII/ptolemy/domains/de/test/auto/PortParameterUpdates.xml (RunModel)" time="0.017" />
  <testcase classname="ptolemy.util.test.junit.AutoTests" name="[52] /home/travis/build/icyphy/ptII/ptolemy/domains/de/test/auto/QueueAndServer.xml (RunModel)" time="0.026" />
  <testcase classname="ptolemy.util.test.junit.AutoTests" name="[53] /home/travis/build/icyphy/ptII/ptolemy/domains/de/test/auto/Records.xml (RunModel)" time="0.022" />
  <testcase classname="ptolemy.util.test.junit.AutoTests" name="[54] /home/travis/build/icyphy/ptII/ptolemy/domains/de/test/auto/ResetTransitionWithStartTime1.xml (RunModel)" time="0.025" />
  <testcase classname="ptolemy.util.test.junit.AutoTests" name="[55] /home/travis/build/icyphy/ptII/ptolemy/domains/de/test/auto/ResetTransitionWithStartTime2.xml (RunModel)" time="0.027" />
  <testcase classname="ptolemy.util.test.junit.AutoTests" name="[56] /home/travis/build/icyphy/ptII/ptolemy/domains/de/test/auto/ResetTransitionWithStartTime3.xml (RunModel)" time="0.027" />
  <testcase classname="ptolemy.util.test.junit.AutoTests" name="[57] /home/travis/build/icyphy/ptII/ptolemy/domains/de/test/auto/ResetTransitionWithStartTime4.xml (RunModel)" time="0.022" />
  <testcase classname="ptolemy.util.test.junit.AutoTests" name="[58] /home/travis/build/icyphy/ptII/ptolemy/domains/de/test/auto/ResettableTimer1.xml (RunModel)" time="0.012" />
  <testcase classname="ptolemy.util.test.junit.AutoTests" name="[59] /home/travis/build/icyphy/ptII/ptolemy/domains/de/test/auto/ResettableTimer2.xml (RunModel)" time="0.017" />
  <testcase classname="ptolemy.util.test.junit.AutoTests" name="[60] /home/travis/build/icyphy/ptII/ptolemy/domains/de/test/auto/ResettableTimer3.xml (RunModel)" time="0.01" />
  <testcase classname="ptolemy.util.test.junit.AutoTests" name="[61] /home/travis/build/icyphy/ptII/ptolemy/domains/de/test/auto/ResettableTimer4.xml (RunModel)" time="0.012" />
  <testcase classname="ptolemy.util.test.junit.AutoTests" name="[62] /home/travis/build/icyphy/ptII/ptolemy/domains/de/test/auto/ResettableTimer5.xml (RunModel)" time="0.01" />
  <testcase classname="ptolemy.util.test.junit.AutoTests" name="[63] /home/travis/build/icyphy/ptII/ptolemy/domains/de/test/auto/ResettableTimer6.xml (RunModel)" time="0.018" />
  <testcase classname="ptolemy.util.test.junit.AutoTests" name="[64] /home/travis/build/icyphy/ptII/ptolemy/domains/de/test/auto/ServerZeroDelay.xml (RunModel)" time="0.009" />
  <testcase classname="ptolemy.util.test.junit.AutoTests" name="[65] /home/travis/build/icyphy/ptII/ptolemy/domains/de/test/auto/SmartSender.xml (RunModel)" time="3.008" />
  <testcase classname="ptolemy.util.test.junit.AutoTests" name="[66] /home/travis/build/icyphy/ptII/ptolemy/domains/de/test/auto/ThreadedComposite.xml (RunModel)" time="0.121" />
  <testcase classname="ptolemy.util.test.junit.AutoTests" name="[67] /home/travis/build/icyphy/ptII/ptolemy/domains/de/test/auto/Time.xml (RunModel)" time="0.486" />
  <testcase classname="ptolemy.util.test.junit.AutoTests" name="[68] /home/travis/build/icyphy/ptII/ptolemy/domains/de/test/auto/TimeDelayZeroDelay.xml (RunModel)" time="0.012" />
  <testcase classname="ptolemy.util.test.junit.AutoTests" name="[69] /home/travis/build/icyphy/ptII/ptolemy/domains/de/test/auto/TimerZeroDelay.xml (RunModel)" time="0.014" />
  <testcase classname="ptolemy.util.test.junit.AutoTests" name="[70] /home/travis/build/icyphy/ptII/ptolemy/domains/de/test/auto/TimingParadox.xml (RunModel)" time="0.416" />
  <testcase classname="ptolemy.util.test.junit.AutoTests" name="[71] /home/travis/build/icyphy/ptII/ptolemy/domains/de/test/auto/TransferInputs.xml (RunModel)" time="0.019" />
  <testcase classname="ptolemy.util.test.junit.AutoTests" name="[72] /home/travis/build/icyphy/ptII/ptolemy/domains/de/test/auto/TransferOutputs2.xml (RunModel)" time="0.017" />
  <testcase classname="ptolemy.util.test.junit.AutoTests" name="[73] /home/travis/build/icyphy/ptII/ptolemy/domains/de/test/auto/Trilateration.xml (RunModel)" time="12.932" />
  <testcase classname="ptolemy.util.test.junit.AutoTests" name="[74] /home/travis/build/icyphy/ptII/ptolemy/domains/de/test/auto/TwoSigmaDelta.xml (RunModel)" time="2.055" />
  <testcase classname="ptolemy.util.test.junit.AutoTests" name="[75] /home/travis/build/icyphy/ptII/ptolemy/domains/de/test/auto/VariableDelay.xml (RunModel)" time="0.012" />
  <testcase classname="ptolemy.util.test.junit.AutoTests" name="[76] /home/travis/build/icyphy/ptII/ptolemy/domains/de/test/auto/VariableDelay2.xml (RunModel)" time="0.009" />
  <testcase classname="ptolemy.util.test.junit.AutoTests" name="[77] /home/travis/build/icyphy/ptII/ptolemy/domains/de/test/auto/VariableDelayZeroDelay.xml (RunModel)" time="0.012" />
  <testcase classname="ptolemy.util.test.junit.AutoTests" name="[78] /home/travis/build/icyphy/ptII/ptolemy/domains/de/test/auto/VariableDelayZeroDelay2.xml (RunModel)" time="0.013" />
  <testcase classname="ptolemy.util.test.junit.AutoTests" name="[79] /home/travis/build/icyphy/ptII/ptolemy/domains/de/test/auto/deInCt.xml (RunModel)" time="0.015" />
  <testcase classname="ptolemy.util.test.junit.AutoTests" name="[80] /home/travis/build/icyphy/ptII/ptolemy/domains/de/test/auto/deInCt2.xml (RunModel)" time="0.024" />
  <testcase classname="ptolemy.util.test.junit.AutoTests" name="[81] /home/travis/build/icyphy/ptII/ptolemy/domains/de/test/auto/dynamicCausalityInterface1.xml (RunModel)" time="0.024" />
  <testcase classname="ptolemy.util.test.junit.AutoTests" name="[82] /home/travis/build/icyphy/ptII/ptolemy/domains/de/test/auto/fsm_de_test.xml (RunModel)" time="0.026" />
  <testcase classname="ptolemy.util.test.junit.AutoTests" name="[83] /home/travis/build/icyphy/ptII/ptolemy/domains/de/test/auto/functionDependencyReconstruction.xml (RunModel)" time="0.032" />
  <testcase classname="ptolemy.util.test.junit.AutoTests" name="[84] /home/travis/build/icyphy/ptII/ptolemy/domains/de/test/auto/multirate.xml (RunModel)" time="0.016" />
  <testcase classname="ptolemy.util.test.junit.AutoTests" name="[85] /home/travis/build/icyphy/ptII/ptolemy/domains/de/test/auto/multirate2.xml (RunModel)" time="0.015" />
  <testcase classname="ptolemy.util.test.junit.AutoTests" name="[86] /home/travis/build/icyphy/ptII/ptolemy/domains/de/test/auto/realtime.xml (RunModel)" time="10.01" />
  <testcase classname="ptolemy.util.test.junit.AutoTests" name="[87] /home/travis/build/icyphy/ptII/ptolemy/domains/de/test/auto/relationGroup.xml (RunModel)" time="0.012" />
  <testcase classname="ptolemy.util.test.junit.AutoTests" name="[88] /home/travis/build/icyphy/ptII/ptolemy/domains/de/test/auto/relationGroup2.xml (RunModel)" time="0.007" />
  <testcase classname="ptolemy.util.test.junit.AutoTests" name="[89] /home/travis/build/icyphy/ptII/ptolemy/domains/de/test/auto/sortWithOpaquePorts.xml (RunModel)" time="0.01" />
  <testcase classname="ptolemy.util.test.junit.AutoTests" name="[90] /home/travis/build/icyphy/ptII/ptolemy/domains/de/test/auto/transferInputsandOutputs.xml (RunModel)" time="0.017" />
  <testcase classname="ptolemy.util.test.junit.AutoTests" name="[91] /home/travis/build/icyphy/ptII/ptolemy/domains/de/test/auto/triggerType.xml (RunModel)" time="0.012" />
  <system-out><![CDATA[/home/travis/build/icyphy/ptII/ptolemy/domains/de/test/DependencyLoop.tcl
testDefs.tcl: setting time out to 9000 seconds at Fri Aug 09 05:17:52 UTC 2019
59 ms. Memory: 120832K Free: 72134K (60%)
12 ms. Memory: 120832K Free: 54711K (45%)
/home/travis/build/icyphy/ptII/ptolemy/domains/de/test/RunDETestsAsQSS.tcl
Run the DE tests using ptolemy.domains.qss.test.QSSDirectorTest, which extends QSSDirector and prints a message in the constructors.
------------------ testing $PTII/ptolemy/domains/de/test/auto/knownFailedTests/DirectFeedback.xml (Known Failure) 
72 ms. Memory: 120832K Free: 48582K (40%)


==== $PTIIhome/travis/build/icyphy/ptII/ptolemy/domains/de/test/../../../../: Auto Automatic test in file $PTII/ptolemy/domains/de/test/auto/knownFailedTests/DirectFeedback.xml
==== Contents of test case:

	    # FIXME: we should use $relativeFilename here, but it
	    # might have backslashes under Windows, which causes no end
	    # of trouble.
	    createAndExecute $file
	    list {}
	
.... Test generated KNOWN error:
    while executing
ptolemy.kernel.util.IllegalActionException: Test fails in iteration 1.
Value was: 1.0. Should have been: 2.0
  in .DirectFeedback.Test
	at ptolemy.actor.lib.Test.fire(Test.java:268)
	at ptolemy.domains.de.kernel.DEDirector._fire(DEDirector.java:1949)
	at ptolemy.domains.de.kernel.DEDirector.fire(DEDirector.java:502)
	at ptolemy.actor.CompositeActor.fire(CompositeActor.java:455)
	at ptolemy.actor.Manager.iterate(Manager.java:851)
	at ptolemy.actor.Manager.execute(Manager.java:369)
	at ptolemy.actor.Manager.run(Manager.java:1263)
	at ptolemy.actor.Manager$PtolemyRunThread.run(Manager.java:1933)

    while executing
ptolemy.kernel.util.IllegalActionException: Test fails in iteration 1.
Value was: 1.0. Should have been: 2.0
  in .DirectFeedback.Test
    while executing
"java::new ptolemy.moml.MoMLSimpleApplication $file
"
    (procedure "createAndExecute" line 2)
    invoked from within
"createAndExecute $file"
    ("uplevel" body line 5)
    invoked from within
"uplevel $contents_of_test"
------------------ testing $PTII/ptolemy/domains/de/test/auto/knownFailedTests/dependencyLoop.xml (Known Failure) 
48 ms. Memory: 120832K Free: 108216K (90%)


==== $PTIIhome/travis/build/icyphy/ptII/ptolemy/domains/de/test/../../../../: Auto Automatic test in file $PTII/ptolemy/domains/de/test/auto/knownFailedTests/dependencyLoop.xml
==== Contents of test case:

	    # FIXME: we should use $relativeFilename here, but it
	    # might have backslashes under Windows, which causes no end
	    # of trouble.
	    createAndExecute $file
	    list {}
	
.... Test generated KNOWN error:
    while executing
ptolemy.kernel.util.IllegalActionException: Found a zero delay loop containing .dependencyLoop.original
  in .dependencyLoop and .dependencyLoop.original
	at ptolemy.actor.util.CausalityInterfaceForComposites._computeOutputPortDepth(CausalityInterfaceForComposites.java:759)
	at ptolemy.actor.util.CausalityInterfaceForComposites._computeInputDepth(CausalityInterfaceForComposites.java:696)
	at ptolemy.actor.util.CausalityInterfaceForComposites._computeOutputPortDepth(CausalityInterfaceForComposites.java:765)
	at ptolemy.actor.util.CausalityInterfaceForComposites._computeInputDepth(CausalityInterfaceForComposites.java:696)
	at ptolemy.actor.util.CausalityInterfaceForComposites._computeOutputPortDepth(CausalityInterfaceForComposites.java:765)
	at ptolemy.actor.util.CausalityInterfaceForComposites._computeInputDepth(CausalityInterfaceForComposites.java:696)
	at ptolemy.actor.util.CausalityInterfaceForComposites._computeActorDepth(CausalityInterfaceForComposites.java:532)
	at ptolemy.actor.util.CausalityInterfaceForComposites.checkForCycles(CausalityInterfaceForComposites.java:96)
	at ptolemy.domains.de.kernel.DEDirector.preinitialize(DEDirector.java:1338)
	at ptolemy.actor.CompositeActor.preinitialize(CompositeActor.java:1828)
	at ptolemy.actor.Manager.preinitializeAndResolveTypes(Manager.java:1040)
	at ptolemy.actor.Manager.initialize(Manager.java:710)
	at ptolemy.actor.Manager.execute(Manager.java:356)
	at ptolemy.actor.Manager.run(Manager.java:1263)
	at ptolemy.actor.Manager$PtolemyRunThread.run(Manager.java:1933)

    while executing
ptolemy.kernel.util.IllegalActionException: Found a zero delay loop containing .dependencyLoop.original
  in .dependencyLoop and .dependencyLoop.original
    while executing
"java::new ptolemy.moml.MoMLSimpleApplication $file
"
    (procedure "createAndExecute" line 2)
    invoked from within
"createAndExecute $file"
    ("uplevel" body line 5)
    invoked from within
"uplevel $contents_of_test"
------------------ testing $PTII/ptolemy/domains/de/test/auto/knownFailedTests/FSMSource.xml (Known Failure) 
65 ms. Memory: 120832K Free: 99061K (82%)
!!!! Auto was marked as failing, but now passes
------------------ testing $PTII/ptolemy/domains/de/test/auto/knownFailedTests/HierarchicalModel.xml (Known Failure) 
13 ms. Memory: 120832K Free: 81653K (68%)


==== $PTIIhome/travis/build/icyphy/ptII/ptolemy/domains/de/test/../../../../: Auto Automatic test in file $PTII/ptolemy/domains/de/test/auto/knownFailedTests/HierarchicalModel.xml
==== Contents of test case:

	    # FIXME: we should use $relativeFilename here, but it
	    # might have backslashes under Windows, which causes no end
	    # of trouble.
	    createAndExecute $file
	    list {}
	
.... Test generated KNOWN error:
    while executing
ptolemy.kernel.util.IllegalActionException: Found a zero delay loop containing .HierarchicalModel.A
  in .HierarchicalModel and .HierarchicalModel.A
	at ptolemy.actor.util.CausalityInterfaceForComposites._computeOutputPortDepth(CausalityInterfaceForComposites.java:759)
	at ptolemy.actor.util.CausalityInterfaceForComposites._computeInputDepth(CausalityInterfaceForComposites.java:696)
	at ptolemy.actor.util.CausalityInterfaceForComposites._computeOutputPortDepth(CausalityInterfaceForComposites.java:765)
	at ptolemy.actor.util.CausalityInterfaceForComposites._computeInputDepth(CausalityInterfaceForComposites.java:696)
	at ptolemy.actor.util.CausalityInterfaceForComposites._computeOutputPortDepth(CausalityInterfaceForComposites.java:765)
	at ptolemy.actor.util.CausalityInterfaceForComposites._computeInputDepth(CausalityInterfaceForComposites.java:696)
	at ptolemy.actor.util.CausalityInterfaceForComposites._computeActorDepth(CausalityInterfaceForComposites.java:532)
	at ptolemy.actor.util.CausalityInterfaceForComposites.checkForCycles(CausalityInterfaceForComposites.java:96)
	at ptolemy.domains.de.kernel.DEDirector.preinitialize(DEDirector.java:1338)
	at ptolemy.actor.CompositeActor.preinitialize(CompositeActor.java:1828)
	at ptolemy.actor.Manager.preinitializeAndResolveTypes(Manager.java:1040)
	at ptolemy.actor.Manager.initialize(Manager.java:710)
	at ptolemy.actor.Manager.execute(Manager.java:356)
	at ptolemy.actor.Manager.run(Manager.java:1263)
	at ptolemy.actor.Manager$PtolemyRunThread.run(Manager.java:1933)

    while executing
ptolemy.kernel.util.IllegalActionException: Found a zero delay loop containing .HierarchicalModel.A
  in .HierarchicalModel and .HierarchicalModel.A
    while executing
"java::new ptolemy.moml.MoMLSimpleApplication $file
"
    (procedure "createAndExecute" line 2)
    invoked from within
"createAndExecute $file"
    ("uplevel" body line 5)
    invoked from within
"uplevel $contents_of_test"
------------------ testing $PTII/ptolemy/domains/de/test/auto/knownFailedTests/dependencyLoop2.xml (Known Failure) 
21 ms. Memory: 120832K Free: 106433K (88%)


==== $PTIIhome/travis/build/icyphy/ptII/ptolemy/domains/de/test/../../../../: Auto Automatic test in file $PTII/ptolemy/domains/de/test/auto/knownFailedTests/dependencyLoop2.xml
==== Contents of test case:

	    # FIXME: we should use $relativeFilename here, but it
	    # might have backslashes under Windows, which causes no end
	    # of trouble.
	    createAndExecute $file
	    list {}
	
.... Test generated KNOWN error:
    while executing
ptolemy.kernel.util.IllegalActionException: Found a zero delay loop containing .dependencyLoop2.original
  in .dependencyLoop2 and .dependencyLoop2.original
	at ptolemy.actor.util.CausalityInterfaceForComposites._computeOutputPortDepth(CausalityInterfaceForComposites.java:759)
	at ptolemy.actor.util.CausalityInterfaceForComposites._computeInputDepth(CausalityInterfaceForComposites.java:696)
	at ptolemy.actor.util.CausalityInterfaceForComposites._computeOutputPortDepth(CausalityInterfaceForComposites.java:765)
	at ptolemy.actor.util.CausalityInterfaceForComposites._computeInputDepth(CausalityInterfaceForComposites.java:696)
	at ptolemy.actor.util.CausalityInterfaceForComposites._computeOutputPortDepth(CausalityInterfaceForComposites.java:765)
	at ptolemy.actor.util.CausalityInterfaceForComposites._computeInputDepth(CausalityInterfaceForComposites.java:696)
	at ptolemy.actor.util.CausalityInterfaceForComposites._computeActorDepth(CausalityInterfaceForComposites.java:532)
	at ptolemy.actor.util.CausalityInterfaceForComposites.checkForCycles(CausalityInterfaceForComposites.java:96)
	at ptolemy.domains.de.kernel.DEDirector.preinitialize(DEDirector.java:1338)
	at ptolemy.actor.CompositeActor.preinitialize(CompositeActor.java:1828)
	at ptolemy.actor.Manager.preinitializeAndResolveTypes(Manager.java:1040)
	at ptolemy.actor.Manager.initialize(Manager.java:710)
	at ptolemy.actor.Manager.execute(Manager.java:356)
	at ptolemy.actor.Manager.run(Manager.java:1263)
	at ptolemy.actor.Manager$PtolemyRunThread.run(Manager.java:1933)

    while executing
ptolemy.kernel.util.IllegalActionException: Found a zero delay loop containing .dependencyLoop2.original
  in .dependencyLoop2 and .dependencyLoop2.original
    while executing
"java::new ptolemy.moml.MoMLSimpleApplication $file
"
    (procedure "createAndExecute" line 2)
    invoked from within
"createAndExecute $file"
    ("uplevel" body line 5)
    invoked from within
"uplevel $contents_of_test"
------------------ testing $PTII/ptolemy/domains/de/test/auto/knownFailedTests/DESDFClockTest.xml (Known Failure) 
2047 ms. Memory: 120832K Free: 93157K (77%)


==== $PTIIhome/travis/build/icyphy/ptII/ptolemy/domains/de/test/../../../../: Auto Automatic test in file $PTII/ptolemy/domains/de/test/auto/knownFailedTests/DESDFClockTest.xml
==== Contents of test case:

	    # FIXME: we should use $relativeFilename here, but it
	    # might have backslashes under Windows, which causes no end
	    # of trouble.
	    createAndExecute $file
	    list {}
	
.... Test generated KNOWN error:
    while executing
ptolemy.kernel.util.IllegalActionException: Actor is not ready to fire.  Perhaps UpSample.prefire() returned false? Try debugging the actor by selecting "Listen to Actor".  Also, for SDF check moml for tokenConsumptionRate on input.
  in .DESDFClockTest.Play Bell.Copy1:SDF Director and .DESDFClockTest.Play Bell.UpSample
	at ptolemy.actor.sched.StaticSchedulingDirector.fire(StaticSchedulingDirector.java:227)
	at ptolemy.domains.sdf.kernel.SDFDirector.fire(SDFDirector.java:500)
	at ptolemy.actor.CompositeActor.fire(CompositeActor.java:455)
	at ptolemy.domains.de.kernel.DEDirector._fire(DEDirector.java:1949)
	at ptolemy.domains.de.kernel.DEDirector.fire(DEDirector.java:502)
	at ptolemy.actor.CompositeActor.fire(CompositeActor.java:455)
	at ptolemy.actor.Manager.iterate(Manager.java:851)
	at ptolemy.actor.Manager.execute(Manager.java:369)
	at ptolemy.actor.Manager.run(Manager.java:1263)
	at ptolemy.actor.Manager$PtolemyRunThread.run(Manager.java:1933)

    while executing
ptolemy.kernel.util.IllegalActionException: Actor is not ready to fire.  Perhaps UpSample.prefire() returned false? Try debugging the actor by selecting "Listen to Actor".  Also, for SDF check moml for tokenConsumptionRate on input.
  in .DESDFClockTest.Play Bell.Copy1:SDF Director and .DESDFClockTest.Play Bell.UpSample
    while executing
"java::new ptolemy.moml.MoMLSimpleApplication $file
"
    (procedure "createAndExecute" line 2)
    invoked from within
"createAndExecute $file"
    ("uplevel" body line 5)
    invoked from within
"uplevel $contents_of_test"
------------------ testing $PTII/ptolemy/domains/de/test/auto/ActorDepthCalculation_actorWithoutPorts.xml
auto.tcl: Setting watchdog for 200 seconds at Fri Aug 09 05:17:56 UTC 2019
11 ms. Memory: 120832K Free: 85961K (71%)
ptolemy.util.test.WatchDog.cancel(): canceling Fri Aug 09 05:17:56 UTC 2019
auto.tcl: Setting watchdog for 200 seconds at Fri Aug 09 05:17:56 UTC 2019
4 ms. Memory: 120832K Free: 84818K (70%)
ptolemy.util.test.WatchDog.cancel(): canceling Fri Aug 09 05:17:56 UTC 2019
------------------ testing $PTII/ptolemy/domains/de/test/auto/AssemblyLine.xml
auto.tcl: Setting watchdog for 200 seconds at Fri Aug 09 05:17:56 UTC 2019
10 ms. Memory: 48128K Free: 26049K (54%)
ptolemy.util.test.WatchDog.cancel(): canceling Fri Aug 09 05:17:56 UTC 2019
auto.tcl: Setting watchdog for 200 seconds at Fri Aug 09 05:17:56 UTC 2019
7 ms. Memory: 48128K Free: 25321K (53%)
ptolemy.util.test.WatchDog.cancel(): canceling Fri Aug 09 05:17:56 UTC 2019
------------------ testing $PTII/ptolemy/domains/de/test/auto/CQBug1.xml
auto.tcl: Setting watchdog for 200 seconds at Fri Aug 09 05:17:56 UTC 2019
3 ms. Memory: 48128K Free: 31458K (65%)
ptolemy.util.test.WatchDog.cancel(): canceling Fri Aug 09 05:17:56 UTC 2019
auto.tcl: Setting watchdog for 200 seconds at Fri Aug 09 05:17:56 UTC 2019
3 ms. Memory: 48128K Free: 31024K (64%)
ptolemy.util.test.WatchDog.cancel(): canceling Fri Aug 09 05:17:56 UTC 2019
------------------ testing $PTII/ptolemy/domains/de/test/auto/CancelFireAt.xml
auto.tcl: Setting watchdog for 200 seconds at Fri Aug 09 05:17:56 UTC 2019
4 ms. Memory: 45056K Free: 29563K (66%)
ptolemy.util.test.WatchDog.cancel(): canceling Fri Aug 09 05:17:56 UTC 2019
auto.tcl: Setting watchdog for 200 seconds at Fri Aug 09 05:17:56 UTC 2019
3 ms. Memory: 45056K Free: 29131K (65%)
ptolemy.util.test.WatchDog.cancel(): canceling Fri Aug 09 05:17:56 UTC 2019
------------------ testing $PTII/ptolemy/domains/de/test/auto/CausalityAndComposabilityAnalysis.xml
auto.tcl: Setting watchdog for 200 seconds at Fri Aug 09 05:17:57 UTC 2019
13 ms. Memory: 45056K Free: 27922K (62%)
ptolemy.util.test.WatchDog.cancel(): canceling Fri Aug 09 05:17:57 UTC 2019
auto.tcl: Setting watchdog for 200 seconds at Fri Aug 09 05:17:57 UTC 2019
6 ms. Memory: 45056K Free: 26989K (60%)
ptolemy.util.test.WatchDog.cancel(): canceling Fri Aug 09 05:17:57 UTC 2019
------------------ testing $PTII/ptolemy/domains/de/test/auto/CausalityInterface1.xml
auto.tcl: Setting watchdog for 200 seconds at Fri Aug 09 05:17:57 UTC 2019
32 ms. Memory: 45056K Free: 26379K (59%)
ptolemy.util.test.WatchDog.cancel(): canceling Fri Aug 09 05:17:57 UTC 2019
auto.tcl: Setting watchdog for 200 seconds at Fri Aug 09 05:17:57 UTC 2019
6 ms. Memory: 45056K Free: 25402K (56%)
ptolemy.util.test.WatchDog.cancel(): canceling Fri Aug 09 05:17:57 UTC 2019
------------------ testing $PTII/ptolemy/domains/de/test/auto/CausalityInterface15.xml
auto.tcl: Setting watchdog for 200 seconds at Fri Aug 09 05:17:57 UTC 2019
7 ms. Memory: 45056K Free: 26307K (58%)
ptolemy.util.test.WatchDog.cancel(): canceling Fri Aug 09 05:17:57 UTC 2019
auto.tcl: Setting watchdog for 200 seconds at Fri Aug 09 05:17:57 UTC 2019
6 ms. Memory: 45056K Free: 25328K (56%)
ptolemy.util.test.WatchDog.cancel(): canceling Fri Aug 09 05:17:57 UTC 2019
------------------ testing $PTII/ptolemy/domains/de/test/auto/CausalityInterface2.xml
auto.tcl: Setting watchdog for 200 seconds at Fri Aug 09 05:17:57 UTC 2019
5 ms. Memory: 45056K Free: 26773K (59%)
ptolemy.util.test.WatchDog.cancel(): canceling Fri Aug 09 05:17:57 UTC 2019
auto.tcl: Setting watchdog for 200 seconds at Fri Aug 09 05:17:57 UTC 2019
4 ms. Memory: 45056K Free: 25802K (57%)
ptolemy.util.test.WatchDog.cancel(): canceling Fri Aug 09 05:17:57 UTC 2019
------------------ testing $PTII/ptolemy/domains/de/test/auto/CausalityInterface3.xml
auto.tcl: Setting watchdog for 200 seconds at Fri Aug 09 05:17:57 UTC 2019
9 ms. Memory: 45056K Free: 26452K (59%)
ptolemy.util.test.WatchDog.cancel(): canceling Fri Aug 09 05:17:57 UTC 2019
auto.tcl: Setting watchdog for 200 seconds at Fri Aug 09 05:17:57 UTC 2019
3 ms. Memory: 45056K Free: 25655K (57%)
ptolemy.util.test.WatchDog.cancel(): canceling Fri Aug 09 05:17:57 UTC 2019
------------------ testing $PTII/ptolemy/domains/de/test/auto/ClockDrift.xml
auto.tcl: Setting watchdog for 200 seconds at Fri Aug 09 05:17:57 UTC 2019
60 ms. Memory: 45056K Free: 19067K (42%)
ptolemy.util.test.WatchDog.cancel(): canceling Fri Aug 09 05:17:57 UTC 2019
auto.tcl: Setting watchdog for 200 seconds at Fri Aug 09 05:17:57 UTC 2019
63 ms. Memory: 45056K Free: 16046K (36%)
ptolemy.util.test.WatchDog.cancel(): canceling Fri Aug 09 05:17:57 UTC 2019
------------------ testing $PTII/ptolemy/domains/de/test/auto/ClockDriftAndValueChange.xml
auto.tcl: Setting watchdog for 200 seconds at Fri Aug 09 05:17:57 UTC 2019
54 ms. Memory: 45056K Free: 19118K (42%)
ptolemy.util.test.WatchDog.cancel(): canceling Fri Aug 09 05:17:57 UTC 2019
auto.tcl: Setting watchdog for 200 seconds at Fri Aug 09 05:17:57 UTC 2019
32 ms. Memory: 45056K Free: 16274K (36%)
ptolemy.util.test.WatchDog.cancel(): canceling Fri Aug 09 05:17:57 UTC 2019
------------------ testing $PTII/ptolemy/domains/de/test/auto/ClockDriftChange.xml
auto.tcl: Setting watchdog for 200 seconds at Fri Aug 09 05:17:57 UTC 2019
20 ms. Memory: 45056K Free: 21176K (47%)
ptolemy.util.test.WatchDog.cancel(): canceling Fri Aug 09 05:17:57 UTC 2019
auto.tcl: Setting watchdog for 200 seconds at Fri Aug 09 05:17:58 UTC 2019
21 ms. Memory: 45056K Free: 18641K (41%)
ptolemy.util.test.WatchDog.cancel(): canceling Fri Aug 09 05:17:58 UTC 2019
------------------ testing $PTII/ptolemy/domains/de/test/auto/ComposableCausalityAnalysis.xml
auto.tcl: Setting watchdog for 200 seconds at Fri Aug 09 05:17:58 UTC 2019
1 ms. Memory: 45056K Free: 25525K (57%)
ptolemy.util.test.WatchDog.cancel(): canceling Fri Aug 09 05:17:58 UTC 2019
auto.tcl: Setting watchdog for 200 seconds at Fri Aug 09 05:17:58 UTC 2019
5 ms. Memory: 45056K Free: 24265K (54%)
ptolemy.util.test.WatchDog.cancel(): canceling Fri Aug 09 05:17:58 UTC 2019
------------------ testing $PTII/ptolemy/domains/de/test/auto/DEFixedPointLimitation.xml
auto.tcl: Setting watchdog for 200 seconds at Fri Aug 09 05:17:58 UTC 2019
2 ms. Memory: 45056K Free: 26933K (60%)
ptolemy.util.test.WatchDog.cancel(): canceling Fri Aug 09 05:17:58 UTC 2019
auto.tcl: Setting watchdog for 200 seconds at Fri Aug 09 05:17:58 UTC 2019
1 ms. Memory: 45056K Free: 26012K (58%)
ptolemy.util.test.WatchDog.cancel(): canceling Fri Aug 09 05:17:58 UTC 2019
------------------ testing $PTII/ptolemy/domains/de/test/auto/DEScheduleTest.xml
auto.tcl: Setting watchdog for 200 seconds at Fri Aug 09 05:17:58 UTC 2019
6 ms. Memory: 45056K Free: 27164K (60%)
ptolemy.util.test.WatchDog.cancel(): canceling Fri Aug 09 05:17:58 UTC 2019
auto.tcl: Setting watchdog for 200 seconds at Fri Aug 09 05:17:58 UTC 2019
3 ms. Memory: 45056K Free: 26447K (59%)
ptolemy.util.test.WatchDog.cancel(): canceling Fri Aug 09 05:17:58 UTC 2019
------------------ testing $PTII/ptolemy/domains/de/test/auto/DEinDEwithStartTimes.xml
auto.tcl: Setting watchdog for 200 seconds at Fri Aug 09 05:17:58 UTC 2019
6 ms. Memory: 45056K Free: 25445K (56%)
ptolemy.util.test.WatchDog.cancel(): canceling Fri Aug 09 05:17:58 UTC 2019
auto.tcl: Setting watchdog for 200 seconds at Fri Aug 09 05:17:58 UTC 2019
6 ms. Memory: 45056K Free: 24330K (54%)
ptolemy.util.test.WatchDog.cancel(): canceling Fri Aug 09 05:17:58 UTC 2019
------------------ testing $PTII/ptolemy/domains/de/test/auto/DEinDEwithStartTimes2.xml
auto.tcl: Setting watchdog for 200 seconds at Fri Aug 09 05:17:58 UTC 2019
7 ms. Memory: 45056K Free: 24663K (55%)
ptolemy.util.test.WatchDog.cancel(): canceling Fri Aug 09 05:17:58 UTC 2019
auto.tcl: Setting watchdog for 200 seconds at Fri Aug 09 05:17:58 UTC 2019
7 ms. Memory: 45056K Free: 23285K (52%)
ptolemy.util.test.WatchDog.cancel(): canceling Fri Aug 09 05:17:58 UTC 2019
------------------ testing $PTII/ptolemy/domains/de/test/auto/DateDemo.xml
auto.tcl: Setting watchdog for 200 seconds at Fri Aug 09 05:17:58 UTC 2019
27 ms. Memory: 45056K Free: 18937K (42%)
ptolemy.util.test.WatchDog.cancel(): canceling Fri Aug 09 05:17:58 UTC 2019
auto.tcl: Setting watchdog for 200 seconds at Fri Aug 09 05:17:58 UTC 2019
7 ms. Memory: 45056K Free: 17366K (39%)
ptolemy.util.test.WatchDog.cancel(): canceling Fri Aug 09 05:17:58 UTC 2019
------------------ testing $PTII/ptolemy/domains/de/test/auto/DateToEvent.xml
auto.tcl: Setting watchdog for 200 seconds at Fri Aug 09 05:17:58 UTC 2019
2014 ms. Memory: 45056K Free: 14848K (33%)
ptolemy.util.test.WatchDog.cancel(): canceling Fri Aug 09 05:18:00 UTC 2019
auto.tcl: Setting watchdog for 200 seconds at Fri Aug 09 05:18:00 UTC 2019
2006 ms. Memory: 45056K Free: 14103K (31%)
ptolemy.util.test.WatchDog.cancel(): canceling Fri Aug 09 05:18:02 UTC 2019
------------------ testing $PTII/ptolemy/domains/de/test/auto/DepthTest1.xml
auto.tcl: Setting watchdog for 200 seconds at Fri Aug 09 05:18:02 UTC 2019
4 ms. Memory: 45056K Free: 27708K (61%)
ptolemy.util.test.WatchDog.cancel(): canceling Fri Aug 09 05:18:02 UTC 2019
auto.tcl: Setting watchdog for 200 seconds at Fri Aug 09 05:18:02 UTC 2019
2 ms. Memory: 45056K Free: 27327K (61%)
ptolemy.util.test.WatchDog.cancel(): canceling Fri Aug 09 05:18:02 UTC 2019
------------------ testing $PTII/ptolemy/domains/de/test/auto/DepthTest2.xml
auto.tcl: Setting watchdog for 200 seconds at Fri Aug 09 05:18:02 UTC 2019
10 ms. Memory: 45056K Free: 24871K (55%)
ptolemy.util.test.WatchDog.cancel(): canceling Fri Aug 09 05:18:02 UTC 2019
auto.tcl: Setting watchdog for 200 seconds at Fri Aug 09 05:18:02 UTC 2019
3 ms. Memory: 45056K Free: 24481K (54%)
ptolemy.util.test.WatchDog.cancel(): canceling Fri Aug 09 05:18:02 UTC 2019
------------------ testing $PTII/ptolemy/domains/de/test/auto/DepthTest3.xml
auto.tcl: Setting watchdog for 200 seconds at Fri Aug 09 05:18:03 UTC 2019
2 ms. Memory: 45056K Free: 28323K (63%)
ptolemy.util.test.WatchDog.cancel(): canceling Fri Aug 09 05:18:03 UTC 2019
auto.tcl: Setting watchdog for 200 seconds at Fri Aug 09 05:18:03 UTC 2019
1 ms. Memory: 45056K Free: 27917K (62%)
ptolemy.util.test.WatchDog.cancel(): canceling Fri Aug 09 05:18:03 UTC 2019
------------------ testing $PTII/ptolemy/domains/de/test/auto/DepthTest4.xml
auto.tcl: Setting watchdog for 200 seconds at Fri Aug 09 05:18:03 UTC 2019
3 ms. Memory: 45056K Free: 26687K (59%)
ptolemy.util.test.WatchDog.cancel(): canceling Fri Aug 09 05:18:03 UTC 2019
auto.tcl: Setting watchdog for 200 seconds at Fri Aug 09 05:18:03 UTC 2019
3 ms. Memory: 45056K Free: 25977K (58%)
ptolemy.util.test.WatchDog.cancel(): canceling Fri Aug 09 05:18:03 UTC 2019
------------------ testing $PTII/ptolemy/domains/de/test/auto/DepthTest5.xml
auto.tcl: Setting watchdog for 200 seconds at Fri Aug 09 05:18:03 UTC 2019
3 ms. Memory: 45056K Free: 26091K (58%)
ptolemy.util.test.WatchDog.cancel(): canceling Fri Aug 09 05:18:03 UTC 2019
auto.tcl: Setting watchdog for 200 seconds at Fri Aug 09 05:18:03 UTC 2019
3 ms. Memory: 45056K Free: 25362K (56%)
ptolemy.util.test.WatchDog.cancel(): canceling Fri Aug 09 05:18:03 UTC 2019
------------------ testing $PTII/ptolemy/domains/de/test/auto/DepthTest6.xml
auto.tcl: Setting watchdog for 200 seconds at Fri Aug 09 05:18:03 UTC 2019
4 ms. Memory: 45056K Free: 25812K (57%)
ptolemy.util.test.WatchDog.cancel(): canceling Fri Aug 09 05:18:03 UTC 2019
auto.tcl: Setting watchdog for 200 seconds at Fri Aug 09 05:18:03 UTC 2019
3 ms. Memory: 45056K Free: 25389K (56%)
ptolemy.util.test.WatchDog.cancel(): canceling Fri Aug 09 05:18:03 UTC 2019
------------------ testing $PTII/ptolemy/domains/de/test/auto/DepthTest7.xml
auto.tcl: Setting watchdog for 200 seconds at Fri Aug 09 05:18:03 UTC 2019
3 ms. Memory: 45056K Free: 26404K (59%)
ptolemy.util.test.WatchDog.cancel(): canceling Fri Aug 09 05:18:03 UTC 2019
auto.tcl: Setting watchdog for 200 seconds at Fri Aug 09 05:18:03 UTC 2019
2 ms. Memory: 45056K Free: 25487K (57%)
ptolemy.util.test.WatchDog.cancel(): canceling Fri Aug 09 05:18:03 UTC 2019
------------------ testing $PTII/ptolemy/domains/de/test/auto/EventToDate.xml
auto.tcl: Setting watchdog for 200 seconds at Fri Aug 09 05:18:03 UTC 2019
3006 ms. Memory: 45056K Free: 17378K (39%)
ptolemy.util.test.WatchDog.cancel(): canceling Fri Aug 09 05:18:06 UTC 2019
auto.tcl: Setting watchdog for 200 seconds at Fri Aug 09 05:18:06 UTC 2019
3007 ms. Memory: 45056K Free: 16721K (37%)
ptolemy.util.test.WatchDog.cancel(): canceling Fri Aug 09 05:18:09 UTC 2019
------------------ testing $PTII/ptolemy/domains/de/test/auto/FSM1.xml
auto.tcl: Setting watchdog for 200 seconds at Fri Aug 09 05:18:09 UTC 2019
43 ms. Memory: 45056K Free: 18609K (41%)
ptolemy.util.test.WatchDog.cancel(): canceling Fri Aug 09 05:18:09 UTC 2019
auto.tcl: Setting watchdog for 200 seconds at Fri Aug 09 05:18:09 UTC 2019
25 ms. Memory: 45056K Free: 15349K (34%)
ptolemy.util.test.WatchDog.cancel(): canceling Fri Aug 09 05:18:09 UTC 2019
------------------ testing $PTII/ptolemy/domains/de/test/auto/FSM7.xml
auto.tcl: Setting watchdog for 200 seconds at Fri Aug 09 05:18:09 UTC 2019
15 ms. Memory: 45056K Free: 18348K (41%)
ptolemy.util.test.WatchDog.cancel(): canceling Fri Aug 09 05:18:09 UTC 2019
auto.tcl: Setting watchdog for 200 seconds at Fri Aug 09 05:18:09 UTC 2019
23 ms. Memory: 45056K Free: 15221K (34%)
ptolemy.util.test.WatchDog.cancel(): canceling Fri Aug 09 05:18:09 UTC 2019
------------------ testing $PTII/ptolemy/domains/de/test/auto/Inspection.xml
auto.tcl: Setting watchdog for 200 seconds at Fri Aug 09 05:18:09 UTC 2019
22 ms. Memory: 45056K Free: 18132K (40%)
ptolemy.util.test.WatchDog.cancel(): canceling Fri Aug 09 05:18:09 UTC 2019
auto.tcl: Setting watchdog for 200 seconds at Fri Aug 09 05:18:09 UTC 2019
18 ms. Memory: 45056K Free: 16392K (36%)
ptolemy.util.test.WatchDog.cancel(): canceling Fri Aug 09 05:18:09 UTC 2019
------------------ testing $PTII/ptolemy/domains/de/test/auto/Iteration.xml
auto.tcl: Setting watchdog for 200 seconds at Fri Aug 09 05:18:09 UTC 2019
7 ms. Memory: 45056K Free: 23847K (53%)
ptolemy.util.test.WatchDog.cancel(): canceling Fri Aug 09 05:18:10 UTC 2019
auto.tcl: Setting watchdog for 200 seconds at Fri Aug 09 05:18:10 UTC 2019
7 ms. Memory: 45056K Free: 22464K (50%)
ptolemy.util.test.WatchDog.cancel(): canceling Fri Aug 09 05:18:10 UTC 2019
------------------ testing $PTII/ptolemy/domains/de/test/auto/LineFault.xml
auto.tcl: Setting watchdog for 200 seconds at Fri Aug 09 05:18:10 UTC 2019
752 ms. Memory: 45056K Free: 25234K (56%)
ptolemy.util.test.WatchDog.cancel(): canceling Fri Aug 09 05:18:11 UTC 2019
auto.tcl: Setting watchdog for 200 seconds at Fri Aug 09 05:18:11 UTC 2019
631 ms. Memory: 56320K Free: 20369K (36%)
ptolemy.util.test.WatchDog.cancel(): canceling Fri Aug 09 05:18:11 UTC 2019
------------------ testing $PTII/ptolemy/domains/de/test/auto/MergeModel1Add.xml
auto.tcl: Setting watchdog for 200 seconds at Fri Aug 09 05:18:11 UTC 2019
24 ms. Memory: 55296K Free: 20088K (36%)
ptolemy.util.test.WatchDog.cancel(): canceling Fri Aug 09 05:18:11 UTC 2019
auto.tcl: Setting watchdog for 200 seconds at Fri Aug 09 05:18:11 UTC 2019
11 ms. Memory: 55296K Free: 18491K (33%)
ptolemy.util.test.WatchDog.cancel(): canceling Fri Aug 09 05:18:11 UTC 2019
------------------ testing $PTII/ptolemy/domains/de/test/auto/MergeModel2Add.xml
auto.tcl: Setting watchdog for 200 seconds at Fri Aug 09 05:18:11 UTC 2019
8 ms. Memory: 51200K Free: 17870K (35%)
ptolemy.util.test.WatchDog.cancel(): canceling Fri Aug 09 05:18:12 UTC 2019
auto.tcl: Setting watchdog for 200 seconds at Fri Aug 09 05:18:12 UTC 2019
8 ms. Memory: 51200K Free: 16105K (31%)
ptolemy.util.test.WatchDog.cancel(): canceling Fri Aug 09 05:18:12 UTC 2019
------------------ testing $PTII/ptolemy/domains/de/test/auto/MergeModel3Add.xml
auto.tcl: Setting watchdog for 200 seconds at Fri Aug 09 05:18:12 UTC 2019
11 ms. Memory: 51200K Free: 18082K (35%)
ptolemy.util.test.WatchDog.cancel(): canceling Fri Aug 09 05:18:12 UTC 2019
auto.tcl: Setting watchdog for 200 seconds at Fri Aug 09 05:18:12 UTC 2019
10 ms. Memory: 51200K Free: 16509K (32%)
ptolemy.util.test.WatchDog.cancel(): canceling Fri Aug 09 05:18:12 UTC 2019
------------------ testing $PTII/ptolemy/domains/de/test/auto/MergeWithoutDiscard.xml
auto.tcl: Setting watchdog for 200 seconds at Fri Aug 09 05:18:12 UTC 2019
2 ms. Memory: 51200K Free: 32408K (63%)
ptolemy.util.test.WatchDog.cancel(): canceling Fri Aug 09 05:18:12 UTC 2019
auto.tcl: Setting watchdog for 200 seconds at Fri Aug 09 05:18:12 UTC 2019
2 ms. Memory: 51200K Free: 31997K (62%)
ptolemy.util.test.WatchDog.cancel(): canceling Fri Aug 09 05:18:12 UTC 2019
------------------ testing $PTII/ptolemy/domains/de/test/auto/Modal1.xml
auto.tcl: Setting watchdog for 200 seconds at Fri Aug 09 05:18:12 UTC 2019
12 ms. Memory: 51200K Free: 24543K (48%)
ptolemy.util.test.WatchDog.cancel(): canceling Fri Aug 09 05:18:12 UTC 2019
auto.tcl: Setting watchdog for 200 seconds at Fri Aug 09 05:18:12 UTC 2019
12 ms. Memory: 51200K Free: 21130K (41%)
ptolemy.util.test.WatchDog.cancel(): canceling Fri Aug 09 05:18:12 UTC 2019
------------------ testing $PTII/ptolemy/domains/de/test/auto/Modal2.xml
auto.tcl: Setting watchdog for 200 seconds at Fri Aug 09 05:18:12 UTC 2019
17 ms. Memory: 51200K Free: 24645K (48%)
ptolemy.util.test.WatchDog.cancel(): canceling Fri Aug 09 05:18:12 UTC 2019
auto.tcl: Setting watchdog for 200 seconds at Fri Aug 09 05:18:12 UTC 2019
19 ms. Memory: 51200K Free: 21398K (42%)
ptolemy.util.test.WatchDog.cancel(): canceling Fri Aug 09 05:18:12 UTC 2019
------------------ testing $PTII/ptolemy/domains/de/test/auto/Modal3.xml
auto.tcl: Setting watchdog for 200 seconds at Fri Aug 09 05:18:12 UTC 2019
20 ms. Memory: 51200K Free: 24371K (48%)
ptolemy.util.test.WatchDog.cancel(): canceling Fri Aug 09 05:18:12 UTC 2019
auto.tcl: Setting watchdog for 200 seconds at Fri Aug 09 05:18:12 UTC 2019
13 ms. Memory: 51200K Free: 21417K (42%)
ptolemy.util.test.WatchDog.cancel(): canceling Fri Aug 09 05:18:12 UTC 2019
------------------ testing $PTII/ptolemy/domains/de/test/auto/Modal4.xml
auto.tcl: Setting watchdog for 200 seconds at Fri Aug 09 05:18:12 UTC 2019
29 ms. Memory: 48128K Free: 20285K (42%)
ptolemy.util.test.WatchDog.cancel(): canceling Fri Aug 09 05:18:12 UTC 2019
auto.tcl: Setting watchdog for 200 seconds at Fri Aug 09 05:18:12 UTC 2019
29 ms. Memory: 48128K Free: 16328K (34%)
ptolemy.util.test.WatchDog.cancel(): canceling Fri Aug 09 05:18:12 UTC 2019
------------------ testing $PTII/ptolemy/domains/de/test/auto/Modal5.xml
auto.tcl: Setting watchdog for 200 seconds at Fri Aug 09 05:18:12 UTC 2019
16 ms. Memory: 48128K Free: 20507K (43%)
ptolemy.util.test.WatchDog.cancel(): canceling Fri Aug 09 05:18:12 UTC 2019
auto.tcl: Setting watchdog for 200 seconds at Fri Aug 09 05:18:12 UTC 2019
13 ms. Memory: 48128K Free: 16676K (35%)
ptolemy.util.test.WatchDog.cancel(): canceling Fri Aug 09 05:18:12 UTC 2019
------------------ testing $PTII/ptolemy/domains/de/test/auto/Modal6.xml
auto.tcl: Setting watchdog for 200 seconds at Fri Aug 09 05:18:12 UTC 2019
20 ms. Memory: 48128K Free: 21316K (44%)
ptolemy.util.test.WatchDog.cancel(): canceling Fri Aug 09 05:18:12 UTC 2019
auto.tcl: Setting watchdog for 200 seconds at Fri Aug 09 05:18:12 UTC 2019
15 ms. Memory: 48128K Free: 17332K (36%)
ptolemy.util.test.WatchDog.cancel(): canceling Fri Aug 09 05:18:12 UTC 2019
------------------ testing $PTII/ptolemy/domains/de/test/auto/Modal7.xml
auto.tcl: Setting watchdog for 200 seconds at Fri Aug 09 05:18:12 UTC 2019
11 ms. Memory: 48128K Free: 20319K (42%)
ptolemy.util.test.WatchDog.cancel(): canceling Fri Aug 09 05:18:13 UTC 2019
auto.tcl: Setting watchdog for 200 seconds at Fri Aug 09 05:18:13 UTC 2019
15 ms. Memory: 48128K Free: 16676K (35%)
ptolemy.util.test.WatchDog.cancel(): canceling Fri Aug 09 05:18:13 UTC 2019
------------------ testing $PTII/ptolemy/domains/de/test/auto/ModalModel.xml
auto.tcl: Setting watchdog for 200 seconds at Fri Aug 09 05:18:13 UTC 2019
267 ms. Memory: 67584K Free: 47126K (70%)
ptolemy.util.test.WatchDog.cancel(): canceling Fri Aug 09 05:18:13 UTC 2019
auto.tcl: Setting watchdog for 200 seconds at Fri Aug 09 05:18:13 UTC 2019
209 ms. Memory: 67584K Free: 47511K (70%)
ptolemy.util.test.WatchDog.cancel(): canceling Fri Aug 09 05:18:13 UTC 2019
------------------ testing $PTII/ptolemy/domains/de/test/auto/ModalSource.xml
auto.tcl: Setting watchdog for 200 seconds at Fri Aug 09 05:18:13 UTC 2019
7 ms. Memory: 55296K Free: 31990K (58%)
ptolemy.util.test.WatchDog.cancel(): canceling Fri Aug 09 05:18:13 UTC 2019
auto.tcl: Setting watchdog for 200 seconds at Fri Aug 09 05:18:13 UTC 2019
6 ms. Memory: 55296K Free: 29999K (54%)
ptolemy.util.test.WatchDog.cancel(): canceling Fri Aug 09 05:18:13 UTC 2019
------------------ testing $PTII/ptolemy/domains/de/test/auto/NonInterruptibleTimerZeroDelay.xml
auto.tcl: Setting watchdog for 200 seconds at Fri Aug 09 05:18:13 UTC 2019
4 ms. Memory: 48128K Free: 30337K (63%)
ptolemy.util.test.WatchDog.cancel(): canceling Fri Aug 09 05:18:13 UTC 2019
auto.tcl: Setting watchdog for 200 seconds at Fri Aug 09 05:18:13 UTC 2019
3 ms. Memory: 48128K Free: 29643K (62%)
ptolemy.util.test.WatchDog.cancel(): canceling Fri Aug 09 05:18:13 UTC 2019
------------------ testing $PTII/ptolemy/domains/de/test/auto/OpenQueueingNetwork.xml
auto.tcl: Setting watchdog for 200 seconds at Fri Aug 09 05:18:13 UTC 2019
3276 ms. Memory: 106496K Free: 52419K (49%)
ptolemy.util.test.WatchDog.cancel(): canceling Fri Aug 09 05:18:17 UTC 2019
auto.tcl: Setting watchdog for 200 seconds at Fri Aug 09 05:18:17 UTC 2019
3015 ms. Memory: 159744K Free: 90846K (57%)
ptolemy.util.test.WatchDog.cancel(): canceling Fri Aug 09 05:18:20 UTC 2019
------------------ testing $PTII/ptolemy/domains/de/test/auto/OpenQueuingNetwork.xml
auto.tcl: Setting watchdog for 200 seconds at Fri Aug 09 05:18:20 UTC 2019
293 ms. Memory: 55296K Free: 26413K (48%)
ptolemy.util.test.WatchDog.cancel(): canceling Fri Aug 09 05:18:20 UTC 2019
auto.tcl: Setting watchdog for 200 seconds at Fri Aug 09 05:18:20 UTC 2019
282 ms. Memory: 55296K Free: 36043K (65%)
ptolemy.util.test.WatchDog.cancel(): canceling Fri Aug 09 05:18:21 UTC 2019
------------------ testing $PTII/ptolemy/domains/de/test/auto/PeriodicSampler.xml
auto.tcl: Setting watchdog for 200 seconds at Fri Aug 09 05:18:21 UTC 2019
3 ms. Memory: 51200K Free: 32560K (64%)
ptolemy.util.test.WatchDog.cancel(): canceling Fri Aug 09 05:18:21 UTC 2019
auto.tcl: Setting watchdog for 200 seconds at Fri Aug 09 05:18:21 UTC 2019
2 ms. Memory: 51200K Free: 32040K (63%)
ptolemy.util.test.WatchDog.cancel(): canceling Fri Aug 09 05:18:21 UTC 2019
------------------ testing $PTII/ptolemy/domains/de/test/auto/PersistentIO.xml
auto.tcl: Setting watchdog for 200 seconds at Fri Aug 09 05:18:21 UTC 2019
18 ms. Memory: 48128K Free: 24412K (51%)
ptolemy.util.test.WatchDog.cancel(): canceling Fri Aug 09 05:18:21 UTC 2019
auto.tcl: Setting watchdog for 200 seconds at Fri Aug 09 05:18:21 UTC 2019
4 ms. Memory: 48128K Free: 22937K (48%)
ptolemy.util.test.WatchDog.cancel(): canceling Fri Aug 09 05:18:21 UTC 2019
------------------ testing $PTII/ptolemy/domains/de/test/auto/PortParameterResetOnInitialize.xml
auto.tcl: Setting watchdog for 200 seconds at Fri Aug 09 05:18:21 UTC 2019
2 ms. Memory: 48128K Free: 29399K (61%)
ptolemy.util.test.WatchDog.cancel(): canceling Fri Aug 09 05:18:21 UTC 2019
auto.tcl: Setting watchdog for 200 seconds at Fri Aug 09 05:18:21 UTC 2019
2 ms. Memory: 48128K Free: 28903K (60%)
ptolemy.util.test.WatchDog.cancel(): canceling Fri Aug 09 05:18:21 UTC 2019
------------------ testing $PTII/ptolemy/domains/de/test/auto/PortParameterUpdates.xml
auto.tcl: Setting watchdog for 200 seconds at Fri Aug 09 05:18:21 UTC 2019
5 ms. Memory: 48128K Free: 27495K (57%)
ptolemy.util.test.WatchDog.cancel(): canceling Fri Aug 09 05:18:21 UTC 2019
auto.tcl: Setting watchdog for 200 seconds at Fri Aug 09 05:18:21 UTC 2019
6 ms. Memory: 48128K Free: 25995K (54%)
ptolemy.util.test.WatchDog.cancel(): canceling Fri Aug 09 05:18:21 UTC 2019
------------------ testing $PTII/ptolemy/domains/de/test/auto/QueueAndServer.xml
auto.tcl: Setting watchdog for 200 seconds at Fri Aug 09 05:18:21 UTC 2019
10 ms. Memory: 48128K Free: 26414K (55%)
ptolemy.util.test.WatchDog.cancel(): canceling Fri Aug 09 05:18:21 UTC 2019
auto.tcl: Setting watchdog for 200 seconds at Fri Aug 09 05:18:21 UTC 2019
7 ms. Memory: 48128K Free: 24948K (52%)
ptolemy.util.test.WatchDog.cancel(): canceling Fri Aug 09 05:18:21 UTC 2019
------------------ testing $PTII/ptolemy/domains/de/test/auto/Records.xml
auto.tcl: Setting watchdog for 200 seconds at Fri Aug 09 05:18:21 UTC 2019
5 ms. Memory: 48128K Free: 28939K (60%)
ptolemy.util.test.WatchDog.cancel(): canceling Fri Aug 09 05:18:21 UTC 2019
auto.tcl: Setting watchdog for 200 seconds at Fri Aug 09 05:18:21 UTC 2019
3 ms. Memory: 48128K Free: 28437K (59%)
ptolemy.util.test.WatchDog.cancel(): canceling Fri Aug 09 05:18:21 UTC 2019
------------------ testing $PTII/ptolemy/domains/de/test/auto/ResetTransitionWithStartTime1.xml
auto.tcl: Setting watchdog for 200 seconds at Fri Aug 09 05:18:21 UTC 2019
6 ms. Memory: 48128K Free: 25897K (54%)
ptolemy.util.test.WatchDog.cancel(): canceling Fri Aug 09 05:18:21 UTC 2019
auto.tcl: Setting watchdog for 200 seconds at Fri Aug 09 05:18:21 UTC 2019
7 ms. Memory: 48128K Free: 23387K (49%)
ptolemy.util.test.WatchDog.cancel(): canceling Fri Aug 09 05:18:21 UTC 2019
------------------ testing $PTII/ptolemy/domains/de/test/auto/ResetTransitionWithStartTime2.xml
auto.tcl: Setting watchdog for 200 seconds at Fri Aug 09 05:18:21 UTC 2019
5 ms. Memory: 48128K Free: 25851K (54%)
ptolemy.util.test.WatchDog.cancel(): canceling Fri Aug 09 05:18:21 UTC 2019
auto.tcl: Setting watchdog for 200 seconds at Fri Aug 09 05:18:21 UTC 2019
7 ms. Memory: 48128K Free: 23328K (48%)
ptolemy.util.test.WatchDog.cancel(): canceling Fri Aug 09 05:18:21 UTC 2019
------------------ testing $PTII/ptolemy/domains/de/test/auto/ResetTransitionWithStartTime3.xml
auto.tcl: Setting watchdog for 200 seconds at Fri Aug 09 05:18:21 UTC 2019
11 ms. Memory: 48128K Free: 25850K (54%)
ptolemy.util.test.WatchDog.cancel(): canceling Fri Aug 09 05:18:21 UTC 2019
auto.tcl: Setting watchdog for 200 seconds at Fri Aug 09 05:18:21 UTC 2019
7 ms. Memory: 48128K Free: 23340K (48%)
ptolemy.util.test.WatchDog.cancel(): canceling Fri Aug 09 05:18:21 UTC 2019
------------------ testing $PTII/ptolemy/domains/de/test/auto/ResetTransitionWithStartTime4.xml
auto.tcl: Setting watchdog for 200 seconds at Fri Aug 09 05:18:22 UTC 2019
10 ms. Memory: 48128K Free: 26280K (55%)
ptolemy.util.test.WatchDog.cancel(): canceling Fri Aug 09 05:18:22 UTC 2019
auto.tcl: Setting watchdog for 200 seconds at Fri Aug 09 05:18:22 UTC 2019
4 ms. Memory: 48128K Free: 24878K (52%)
ptolemy.util.test.WatchDog.cancel(): canceling Fri Aug 09 05:18:22 UTC 2019
------------------ testing $PTII/ptolemy/domains/de/test/auto/ResettableTimer1.xml
auto.tcl: Setting watchdog for 200 seconds at Fri Aug 09 05:18:22 UTC 2019
4 ms. Memory: 48128K Free: 30315K (63%)
ptolemy.util.test.WatchDog.cancel(): canceling Fri Aug 09 05:18:22 UTC 2019
auto.tcl: Setting watchdog for 200 seconds at Fri Aug 09 05:18:22 UTC 2019
3 ms. Memory: 48128K Free: 29443K (61%)
ptolemy.util.test.WatchDog.cancel(): canceling Fri Aug 09 05:18:22 UTC 2019
------------------ testing $PTII/ptolemy/domains/de/test/auto/ResettableTimer2.xml
auto.tcl: Setting watchdog for 200 seconds at Fri Aug 09 05:18:22 UTC 2019
2 ms. Memory: 48128K Free: 30114K (63%)
ptolemy.util.test.WatchDog.cancel(): canceling Fri Aug 09 05:18:22 UTC 2019
auto.tcl: Setting watchdog for 200 seconds at Fri Aug 09 05:18:22 UTC 2019
2 ms. Memory: 48128K Free: 29026K (60%)
ptolemy.util.test.WatchDog.cancel(): canceling Fri Aug 09 05:18:22 UTC 2019
------------------ testing $PTII/ptolemy/domains/de/test/auto/ResettableTimer3.xml
auto.tcl: Setting watchdog for 200 seconds at Fri Aug 09 05:18:22 UTC 2019
1 ms. Memory: 48128K Free: 29982K (62%)
ptolemy.util.test.WatchDog.cancel(): canceling Fri Aug 09 05:18:22 UTC 2019
auto.tcl: Setting watchdog for 200 seconds at Fri Aug 09 05:18:22 UTC 2019
1 ms. Memory: 48128K Free: 29980K (62%)
ptolemy.util.test.WatchDog.cancel(): canceling Fri Aug 09 05:18:22 UTC 2019
------------------ testing $PTII/ptolemy/domains/de/test/auto/ResettableTimer4.xml
auto.tcl: Setting watchdog for 200 seconds at Fri Aug 09 05:18:22 UTC 2019
2 ms. Memory: 48128K Free: 30016K (62%)
ptolemy.util.test.WatchDog.cancel(): canceling Fri Aug 09 05:18:22 UTC 2019
auto.tcl: Setting watchdog for 200 seconds at Fri Aug 09 05:18:22 UTC 2019
1 ms. Memory: 48128K Free: 29520K (61%)
ptolemy.util.test.WatchDog.cancel(): canceling Fri Aug 09 05:18:22 UTC 2019
------------------ testing $PTII/ptolemy/domains/de/test/auto/ResettableTimer5.xml
auto.tcl: Setting watchdog for 200 seconds at Fri Aug 09 05:18:22 UTC 2019
3 ms. Memory: 48128K Free: 29466K (61%)
ptolemy.util.test.WatchDog.cancel(): canceling Fri Aug 09 05:18:22 UTC 2019
auto.tcl: Setting watchdog for 200 seconds at Fri Aug 09 05:18:22 UTC 2019
2 ms. Memory: 48128K Free: 28988K (60%)
ptolemy.util.test.WatchDog.cancel(): canceling Fri Aug 09 05:18:22 UTC 2019
------------------ testing $PTII/ptolemy/domains/de/test/auto/ResettableTimer6.xml
auto.tcl: Setting watchdog for 200 seconds at Fri Aug 09 05:18:22 UTC 2019
1 ms. Memory: 48128K Free: 29456K (61%)
ptolemy.util.test.WatchDog.cancel(): canceling Fri Aug 09 05:18:22 UTC 2019
auto.tcl: Setting watchdog for 200 seconds at Fri Aug 09 05:18:22 UTC 2019
2 ms. Memory: 48128K Free: 28960K (60%)
ptolemy.util.test.WatchDog.cancel(): canceling Fri Aug 09 05:18:22 UTC 2019
------------------ testing $PTII/ptolemy/domains/de/test/auto/ServerZeroDelay.xml
auto.tcl: Setting watchdog for 200 seconds at Fri Aug 09 05:18:22 UTC 2019
3 ms. Memory: 48128K Free: 29975K (62%)
ptolemy.util.test.WatchDog.cancel(): canceling Fri Aug 09 05:18:22 UTC 2019
auto.tcl: Setting watchdog for 200 seconds at Fri Aug 09 05:18:22 UTC 2019
3 ms. Memory: 48128K Free: 29023K (60%)
ptolemy.util.test.WatchDog.cancel(): canceling Fri Aug 09 05:18:22 UTC 2019
------------------ testing $PTII/ptolemy/domains/de/test/auto/SmartSender.xml
auto.tcl: Setting watchdog for 200 seconds at Fri Aug 09 05:18:22 UTC 2019
3001 ms. Memory: 48128K Free: 29990K (62%)
ptolemy.util.test.WatchDog.cancel(): canceling Fri Aug 09 05:18:25 UTC 2019
auto.tcl: Setting watchdog for 200 seconds at Fri Aug 09 05:18:25 UTC 2019
3002 ms. Memory: 48128K Free: 29494K (61%)
ptolemy.util.test.WatchDog.cancel(): canceling Fri Aug 09 05:18:28 UTC 2019
------------------ testing $PTII/ptolemy/domains/de/test/auto/ThreadedComposite.xml
auto.tcl: Setting watchdog for 200 seconds at Fri Aug 09 05:18:28 UTC 2019
248 ms. Memory: 48128K Free: 10527K (22%)
ptolemy.util.test.WatchDog.cancel(): canceling Fri Aug 09 05:18:29 UTC 2019
auto.tcl: Setting watchdog for 200 seconds at Fri Aug 09 05:18:29 UTC 2019
137 ms. Memory: 48128K Free: 23887K (50%)
ptolemy.util.test.WatchDog.cancel(): canceling Fri Aug 09 05:18:29 UTC 2019
------------------ testing $PTII/ptolemy/domains/de/test/auto/Time.xml
auto.tcl: Setting watchdog for 200 seconds at Fri Aug 09 05:18:29 UTC 2019
626 ms. Memory: 48128K Free: 31200K (65%)
ptolemy.util.test.WatchDog.cancel(): canceling Fri Aug 09 05:18:29 UTC 2019
auto.tcl: Setting watchdog for 200 seconds at Fri Aug 09 05:18:29 UTC 2019
627 ms. Memory: 48128K Free: 31816K (66%)
ptolemy.util.test.WatchDog.cancel(): canceling Fri Aug 09 05:18:30 UTC 2019
------------------ testing $PTII/ptolemy/domains/de/test/auto/TimeDelayZeroDelay.xml
auto.tcl: Setting watchdog for 200 seconds at Fri Aug 09 05:18:30 UTC 2019
3 ms. Memory: 48128K Free: 30379K (63%)
ptolemy.util.test.WatchDog.cancel(): canceling Fri Aug 09 05:18:30 UTC 2019
auto.tcl: Setting watchdog for 200 seconds at Fri Aug 09 05:18:30 UTC 2019
2 ms. Memory: 48128K Free: 29483K (61%)
ptolemy.util.test.WatchDog.cancel(): canceling Fri Aug 09 05:18:30 UTC 2019
------------------ testing $PTII/ptolemy/domains/de/test/auto/TimerZeroDelay.xml
auto.tcl: Setting watchdog for 200 seconds at Fri Aug 09 05:18:30 UTC 2019
3 ms. Memory: 48128K Free: 30421K (63%)
ptolemy.util.test.WatchDog.cancel(): canceling Fri Aug 09 05:18:30 UTC 2019
auto.tcl: Setting watchdog for 200 seconds at Fri Aug 09 05:18:30 UTC 2019
2 ms. Memory: 48128K Free: 29941K (62%)
ptolemy.util.test.WatchDog.cancel(): canceling Fri Aug 09 05:18:30 UTC 2019
------------------ testing $PTII/ptolemy/domains/de/test/auto/TimingParadox.xml
auto.tcl: Setting watchdog for 200 seconds at Fri Aug 09 05:18:30 UTC 2019
466 ms. Memory: 48128K Free: 12992K (27%)
ptolemy.util.test.WatchDog.cancel(): canceling Fri Aug 09 05:18:31 UTC 2019
auto.tcl: Setting watchdog for 200 seconds at Fri Aug 09 05:18:31 UTC 2019
444 ms. Memory: 48128K Free: 26323K (55%)
ptolemy.util.test.WatchDog.cancel(): canceling Fri Aug 09 05:18:31 UTC 2019
------------------ testing $PTII/ptolemy/domains/de/test/auto/TransferInputs.xml
auto.tcl: Setting watchdog for 200 seconds at Fri Aug 09 05:18:31 UTC 2019
1 ms. Memory: 48128K Free: 28409K (59%)
ptolemy.util.test.WatchDog.cancel(): canceling Fri Aug 09 05:18:31 UTC 2019
auto.tcl: Setting watchdog for 200 seconds at Fri Aug 09 05:18:31 UTC 2019
2 ms. Memory: 48128K Free: 27554K (57%)
ptolemy.util.test.WatchDog.cancel(): canceling Fri Aug 09 05:18:31 UTC 2019
------------------ testing $PTII/ptolemy/domains/de/test/auto/TransferOutputs2.xml
auto.tcl: Setting watchdog for 200 seconds at Fri Aug 09 05:18:31 UTC 2019
3 ms. Memory: 48128K Free: 25852K (54%)
ptolemy.util.test.WatchDog.cancel(): canceling Fri Aug 09 05:18:31 UTC 2019
auto.tcl: Setting watchdog for 200 seconds at Fri Aug 09 05:18:31 UTC 2019
3 ms. Memory: 48128K Free: 24454K (51%)
ptolemy.util.test.WatchDog.cancel(): canceling Fri Aug 09 05:18:31 UTC 2019
------------------ testing $PTII/ptolemy/domains/de/test/auto/Trilateration.xml
auto.tcl: Setting watchdog for 200 seconds at Fri Aug 09 05:18:31 UTC 2019
14873 ms. Memory: 563200K Free: 332876K (59%)
ptolemy.util.test.WatchDog.cancel(): canceling Fri Aug 09 05:18:48 UTC 2019
auto.tcl: Setting watchdog for 200 seconds at Fri Aug 09 05:18:48 UTC 2019
11549 ms. Memory: 563200K Free: 364541K (65%)
ptolemy.util.test.WatchDog.cancel(): canceling Fri Aug 09 05:18:59 UTC 2019
------------------ testing $PTII/ptolemy/domains/de/test/auto/TwoSigmaDelta.xml
auto.tcl: Setting watchdog for 200 seconds at Fri Aug 09 05:18:59 UTC 2019
2740 ms. Memory: 89088K Free: 61840K (69%)
ptolemy.util.test.WatchDog.cancel(): canceling Fri Aug 09 05:19:02 UTC 2019
auto.tcl: Setting watchdog for 200 seconds at Fri Aug 09 05:19:02 UTC 2019
2106 ms. Memory: 89088K Free: 52667K (59%)
ptolemy.util.test.WatchDog.cancel(): canceling Fri Aug 09 05:19:04 UTC 2019
------------------ testing $PTII/ptolemy/domains/de/test/auto/VariableDelay.xml
auto.tcl: Setting watchdog for 200 seconds at Fri Aug 09 05:19:04 UTC 2019
4 ms. Memory: 51200K Free: 31955K (62%)
ptolemy.util.test.WatchDog.cancel(): canceling Fri Aug 09 05:19:04 UTC 2019
auto.tcl: Setting watchdog for 200 seconds at Fri Aug 09 05:19:04 UTC 2019
2 ms. Memory: 51200K Free: 30961K (60%)
ptolemy.util.test.WatchDog.cancel(): canceling Fri Aug 09 05:19:04 UTC 2019
------------------ testing $PTII/ptolemy/domains/de/test/auto/VariableDelay2.xml
auto.tcl: Setting watchdog for 200 seconds at Fri Aug 09 05:19:04 UTC 2019
9 ms. Memory: 51200K Free: 32369K (63%)
ptolemy.util.test.WatchDog.cancel(): canceling Fri Aug 09 05:19:04 UTC 2019
auto.tcl: Setting watchdog for 200 seconds at Fri Aug 09 05:19:04 UTC 2019
2 ms. Memory: 51200K Free: 31873K (62%)
ptolemy.util.test.WatchDog.cancel(): canceling Fri Aug 09 05:19:04 UTC 2019
------------------ testing $PTII/ptolemy/domains/de/test/auto/VariableDelayZeroDelay.xml
auto.tcl: Setting watchdog for 200 seconds at Fri Aug 09 05:19:04 UTC 2019
2 ms. Memory: 51200K Free: 32897K (64%)
ptolemy.util.test.WatchDog.cancel(): canceling Fri Aug 09 05:19:04 UTC 2019
auto.tcl: Setting watchdog for 200 seconds at Fri Aug 09 05:19:04 UTC 2019
2 ms. Memory: 51200K Free: 32353K (63%)
ptolemy.util.test.WatchDog.cancel(): canceling Fri Aug 09 05:19:04 UTC 2019
------------------ testing $PTII/ptolemy/domains/de/test/auto/VariableDelayZeroDelay2.xml
auto.tcl: Setting watchdog for 200 seconds at Fri Aug 09 05:19:04 UTC 2019
2 ms. Memory: 51200K Free: 32896K (64%)
ptolemy.util.test.WatchDog.cancel(): canceling Fri Aug 09 05:19:04 UTC 2019
auto.tcl: Setting watchdog for 200 seconds at Fri Aug 09 05:19:04 UTC 2019
1 ms. Memory: 51200K Free: 31872K (62%)
ptolemy.util.test.WatchDog.cancel(): canceling Fri Aug 09 05:19:04 UTC 2019
------------------ testing $PTII/ptolemy/domains/de/test/auto/deInCt.xml
auto.tcl: Setting watchdog for 200 seconds at Fri Aug 09 05:19:04 UTC 2019
0
1
1
0
0
1
1
1
1
0
0
0
1
1
1
0
0
0
1
1
1
0
0
0
1
1
1
1
0
0
0
1
1
1
0
0
0
1
1
0
0
0
0
0
18 ms. Memory: 51200K Free: 31869K (62%)
ptolemy.util.test.WatchDog.cancel(): canceling Fri Aug 09 05:19:05 UTC 2019
auto.tcl: Setting watchdog for 200 seconds at Fri Aug 09 05:19:05 UTC 2019
0
1
1
1
0
0
0
1
1
1
0
0
0
1
1
1
0
0
0
0
0
0
1
1
1
1
0
0
1
1
1
0
0
0
1
1
1
0
0
0
1
1
1
1
8 ms. Memory: 51200K Free: 30331K (59%)
ptolemy.util.test.WatchDog.cancel(): canceling Fri Aug 09 05:19:05 UTC 2019
------------------ testing $PTII/ptolemy/domains/de/test/auto/deInCt2.xml
auto.tcl: Setting watchdog for 200 seconds at Fri Aug 09 05:19:05 UTC 2019
0
1
1
1
0
0
1
1
1
0
0
1
1
1
0
0
1
1
1
0
0
1
1
1
0
0
1
1
1
0
0
1
1
1
0
0
1
1
1
0
0
0
9 ms. Memory: 51200K Free: 31871K (62%)
ptolemy.util.test.WatchDog.cancel(): canceling Fri Aug 09 05:19:05 UTC 2019
auto.tcl: Setting watchdog for 200 seconds at Fri Aug 09 05:19:05 UTC 2019
0
1
1
1
0
0
1
1
1
0
0
1
1
1
0
0
1
1
1
0
0
1
1
1
0
0
1
1
1
0
0
1
1
1
0
0
1
1
1
0
0
0
6 ms. Memory: 51200K Free: 30319K (59%)
ptolemy.util.test.WatchDog.cancel(): canceling Fri Aug 09 05:19:05 UTC 2019
------------------ testing $PTII/ptolemy/domains/de/test/auto/dynamicCausalityInterface1.xml
auto.tcl: Setting watchdog for 200 seconds at Fri Aug 09 05:19:05 UTC 2019
1 ms. Memory: 51200K Free: 27769K (54%)
ptolemy.util.test.WatchDog.cancel(): canceling Fri Aug 09 05:19:05 UTC 2019
auto.tcl: Setting watchdog for 200 seconds at Fri Aug 09 05:19:05 UTC 2019
1 ms. Memory: 51200K Free: 27255K (53%)
ptolemy.util.test.WatchDog.cancel(): canceling Fri Aug 09 05:19:05 UTC 2019
------------------ testing $PTII/ptolemy/domains/de/test/auto/fsm_de_test.xml
auto.tcl: Setting watchdog for 200 seconds at Fri Aug 09 05:19:05 UTC 2019
9 ms. Memory: 51200K Free: 27668K (54%)
ptolemy.util.test.WatchDog.cancel(): canceling Fri Aug 09 05:19:05 UTC 2019
auto.tcl: Setting watchdog for 200 seconds at Fri Aug 09 05:19:05 UTC 2019
10 ms. Memory: 51200K Free: 25620K (50%)
ptolemy.util.test.WatchDog.cancel(): canceling Fri Aug 09 05:19:05 UTC 2019
------------------ testing $PTII/ptolemy/domains/de/test/auto/functionDependencyReconstruction.xml
auto.tcl: Setting watchdog for 200 seconds at Fri Aug 09 05:19:05 UTC 2019
3 ms. Memory: 51200K Free: 21514K (42%)
ptolemy.util.test.WatchDog.cancel(): canceling Fri Aug 09 05:19:05 UTC 2019
auto.tcl: Setting watchdog for 200 seconds at Fri Aug 09 05:19:05 UTC 2019
3 ms. Memory: 51200K Free: 19466K (38%)
ptolemy.util.test.WatchDog.cancel(): canceling Fri Aug 09 05:19:05 UTC 2019
------------------ testing $PTII/ptolemy/domains/de/test/auto/multirate.xml
auto.tcl: Setting watchdog for 200 seconds at Fri Aug 09 05:19:05 UTC 2019
3 ms. Memory: 51200K Free: 30116K (59%)
ptolemy.util.test.WatchDog.cancel(): canceling Fri Aug 09 05:19:05 UTC 2019
auto.tcl: Setting watchdog for 200 seconds at Fri Aug 09 05:19:05 UTC 2019
3 ms. Memory: 51200K Free: 28596K (56%)
ptolemy.util.test.WatchDog.cancel(): canceling Fri Aug 09 05:19:05 UTC 2019
------------------ testing $PTII/ptolemy/domains/de/test/auto/multirate2.xml
auto.tcl: Setting watchdog for 200 seconds at Fri Aug 09 05:19:05 UTC 2019
3 ms. Memory: 51200K Free: 30298K (59%)
ptolemy.util.test.WatchDog.cancel(): canceling Fri Aug 09 05:19:05 UTC 2019
auto.tcl: Setting watchdog for 200 seconds at Fri Aug 09 05:19:05 UTC 2019
3 ms. Memory: 51200K Free: 28778K (56%)
ptolemy.util.test.WatchDog.cancel(): canceling Fri Aug 09 05:19:05 UTC 2019
------------------ testing $PTII/ptolemy/domains/de/test/auto/realtime.xml
auto.tcl: Setting watchdog for 200 seconds at Fri Aug 09 05:19:05 UTC 2019
10001 ms. Memory: 51200K Free: 32572K (64%)
ptolemy.util.test.WatchDog.cancel(): canceling Fri Aug 09 05:19:15 UTC 2019
auto.tcl: Setting watchdog for 200 seconds at Fri Aug 09 05:19:15 UTC 2019
10003 ms. Memory: 51200K Free: 31847K (62%)
ptolemy.util.test.WatchDog.cancel(): canceling Fri Aug 09 05:19:25 UTC 2019
------------------ testing $PTII/ptolemy/domains/de/test/auto/relationGroup.xml
auto.tcl: Setting watchdog for 200 seconds at Fri Aug 09 05:19:25 UTC 2019
1 ms. Memory: 51200K Free: 33622K (66%)
ptolemy.util.test.WatchDog.cancel(): canceling Fri Aug 09 05:19:25 UTC 2019
auto.tcl: Setting watchdog for 200 seconds at Fri Aug 09 05:19:25 UTC 2019
1 ms. Memory: 51200K Free: 33110K (65%)
ptolemy.util.test.WatchDog.cancel(): canceling Fri Aug 09 05:19:25 UTC 2019
------------------ testing $PTII/ptolemy/domains/de/test/auto/relationGroup2.xml
auto.tcl: Setting watchdog for 200 seconds at Fri Aug 09 05:19:25 UTC 2019
2 ms. Memory: 51200K Free: 33434K (65%)
ptolemy.util.test.WatchDog.cancel(): canceling Fri Aug 09 05:19:25 UTC 2019
auto.tcl: Setting watchdog for 200 seconds at Fri Aug 09 05:19:25 UTC 2019
2 ms. Memory: 51200K Free: 32924K (64%)
ptolemy.util.test.WatchDog.cancel(): canceling Fri Aug 09 05:19:25 UTC 2019
------------------ testing $PTII/ptolemy/domains/de/test/auto/sortWithOpaquePorts.xml
auto.tcl: Setting watchdog for 200 seconds at Fri Aug 09 05:19:25 UTC 2019
2 ms. Memory: 48128K Free: 29338K (61%)
ptolemy.util.test.WatchDog.cancel(): canceling Fri Aug 09 05:19:25 UTC 2019
auto.tcl: Setting watchdog for 200 seconds at Fri Aug 09 05:19:25 UTC 2019
2 ms. Memory: 48128K Free: 27804K (58%)
ptolemy.util.test.WatchDog.cancel(): canceling Fri Aug 09 05:19:25 UTC 2019
------------------ testing $PTII/ptolemy/domains/de/test/auto/transferInputsandOutputs.xml
auto.tcl: Setting watchdog for 200 seconds at Fri Aug 09 05:19:25 UTC 2019
2 ms. Memory: 48128K Free: 26767K (56%)
ptolemy.util.test.WatchDog.cancel(): canceling Fri Aug 09 05:19:25 UTC 2019
auto.tcl: Setting watchdog for 200 seconds at Fri Aug 09 05:19:25 UTC 2019
2 ms. Memory: 48128K Free: 25771K (54%)
ptolemy.util.test.WatchDog.cancel(): canceling Fri Aug 09 05:19:25 UTC 2019
------------------ testing $PTII/ptolemy/domains/de/test/auto/triggerType.xml
auto.tcl: Setting watchdog for 200 seconds at Fri Aug 09 05:19:25 UTC 2019
2 ms. Memory: 48128K Free: 29792K (62%)
ptolemy.util.test.WatchDog.cancel(): canceling Fri Aug 09 05:19:25 UTC 2019
auto.tcl: Setting watchdog for 200 seconds at Fri Aug 09 05:19:25 UTC 2019
1 ms. Memory: 48128K Free: 28768K (60%)
ptolemy.util.test.WatchDog.cancel(): canceling Fri Aug 09 05:19:25 UTC 2019
08/09/19 05:19:26
Failed: 0  Total Tests: 192  ((Passed: 187, Newly Passed: 1)  Known Failed: 5) /home/travis/build/icyphy/ptII/ptolemy/domains/de/test
08/09/19 05:19:26
Failed: 0  Total Tests: 192  ((Passed: 187, Newly Passed: 1)  Known Failed: 5) /home/travis/build/icyphy/ptII/ptolemy/domains/de/test
----------------- testing (KnownFailure) /home/travis/build/icyphy/ptII/ptolemy/domains/de/test/auto/knownFailedTests/DESDFClockTest.xml
2009 ms. Memory: 48128K Free: 22677K (47%)
Known Failure: java.lang.reflect.InvocationTargetException
----------------- testing (KnownFailure) /home/travis/build/icyphy/ptII/ptolemy/domains/de/test/auto/knownFailedTests/DirectFeedback.xml
1 ms. Memory: 48128K Free: 19091K (40%)
Known Failure: java.lang.reflect.InvocationTargetException
----------------- testing (KnownFailure) /home/travis/build/icyphy/ptII/ptolemy/domains/de/test/auto/knownFailedTests/FSMSource.xml
8 ms. Memory: 48128K Free: 11413K (24%)
----------------- testing (KnownFailure) /home/travis/build/icyphy/ptII/ptolemy/domains/de/test/auto/knownFailedTests/HierarchicalModel.xml
1 ms. Memory: 48128K Free: 22203K (46%)
Known Failure: java.lang.reflect.InvocationTargetException
----------------- testing (KnownFailure) /home/travis/build/icyphy/ptII/ptolemy/domains/de/test/auto/knownFailedTests/dependencyLoop.xml
7 ms. Memory: 48128K Free: 32944K (68%)
Known Failure: java.lang.reflect.InvocationTargetException
----------------- testing (KnownFailure) /home/travis/build/icyphy/ptII/ptolemy/domains/de/test/auto/knownFailedTests/dependencyLoop2.xml
6 ms. Memory: 48128K Free: 17289K (36%)
Known Failure: java.lang.reflect.InvocationTargetException
No auto/linux-amd64/*.xml tests in /home/travis/build/icyphy/ptII/ptolemy/domains/de/test
AutoTests.java: About to close Vertx.
AutoTests.java: Vertx closed.

===========================================================================================
----------------- testing Fri Aug 09 05:19:28 UTC 2019 /home/travis/build/icyphy/ptII/ptolemy/domains/de/test/auto/ActorDepthCalculation_actorWithoutPorts.xml
----------------- Instantiating /home/travis/build/icyphy/ptII/ptolemy/domains/de/test/auto/ActorDepthCalculation_actorWithoutPorts.xml
1 ms. Memory: 48128K Free: 10692K (22%)
----------------- Invoking toplevel() on ptolemy.moml.MoMLSimpleApplication@2549bba1
----------------- Done invoking toplevel() on ptolemy.moml.MoMLSimpleApplication@2549bba1
reloadAllAccessors: .ActorDepthCalculation_actorWithoutPorts

===========================================================================================
----------------- testing Fri Aug 09 05:19:28 UTC 2019 /home/travis/build/icyphy/ptII/ptolemy/domains/de/test/auto/AssemblyLine.xml
----------------- Instantiating /home/travis/build/icyphy/ptII/ptolemy/domains/de/test/auto/AssemblyLine.xml
1 ms. Memory: 48128K Free: 30504K (63%)
----------------- Invoking toplevel() on ptolemy.moml.MoMLSimpleApplication@747f1723
----------------- Done invoking toplevel() on ptolemy.moml.MoMLSimpleApplication@747f1723
reloadAllAccessors: .AssemblyLine

===========================================================================================
----------------- testing Fri Aug 09 05:19:28 UTC 2019 /home/travis/build/icyphy/ptII/ptolemy/domains/de/test/auto/CQBug1.xml
----------------- Instantiating /home/travis/build/icyphy/ptII/ptolemy/domains/de/test/auto/CQBug1.xml
1 ms. Memory: 48128K Free: 27480K (57%)
----------------- Invoking toplevel() on ptolemy.moml.MoMLSimpleApplication@7421e334
----------------- Done invoking toplevel() on ptolemy.moml.MoMLSimpleApplication@7421e334
reloadAllAccessors: .CQBug1

===========================================================================================
----------------- testing Fri Aug 09 05:19:28 UTC 2019 /home/travis/build/icyphy/ptII/ptolemy/domains/de/test/auto/CancelFireAt.xml
----------------- Instantiating /home/travis/build/icyphy/ptII/ptolemy/domains/de/test/auto/CancelFireAt.xml
13 ms. Memory: 48128K Free: 24994K (52%)
----------------- Invoking toplevel() on ptolemy.moml.MoMLSimpleApplication@65c3c18a
----------------- Done invoking toplevel() on ptolemy.moml.MoMLSimpleApplication@65c3c18a
reloadAllAccessors: .CancelFireAt

===========================================================================================
----------------- testing Fri Aug 09 05:19:28 UTC 2019 /home/travis/build/icyphy/ptII/ptolemy/domains/de/test/auto/CausalityAndComposabilityAnalysis.xml
----------------- Instantiating /home/travis/build/icyphy/ptII/ptolemy/domains/de/test/auto/CausalityAndComposabilityAnalysis.xml
2 ms. Memory: 48128K Free: 20909K (43%)
----------------- Invoking toplevel() on ptolemy.moml.MoMLSimpleApplication@6cb816f2
----------------- Done invoking toplevel() on ptolemy.moml.MoMLSimpleApplication@6cb816f2
reloadAllAccessors: .CausalityAndComposabilityAnalysis

===========================================================================================
----------------- testing Fri Aug 09 05:19:28 UTC 2019 /home/travis/build/icyphy/ptII/ptolemy/domains/de/test/auto/CausalityInterface1.xml
----------------- Instantiating /home/travis/build/icyphy/ptII/ptolemy/domains/de/test/auto/CausalityInterface1.xml
5 ms. Memory: 48128K Free: 16176K (34%)
----------------- Invoking toplevel() on ptolemy.moml.MoMLSimpleApplication@6654d54
----------------- Done invoking toplevel() on ptolemy.moml.MoMLSimpleApplication@6654d54
reloadAllAccessors: .CausalityInterface1

===========================================================================================
----------------- testing Fri Aug 09 05:19:28 UTC 2019 /home/travis/build/icyphy/ptII/ptolemy/domains/de/test/auto/CausalityInterface15.xml
----------------- Instantiating /home/travis/build/icyphy/ptII/ptolemy/domains/de/test/auto/CausalityInterface15.xml
1 ms. Memory: 48128K Free: 10691K (22%)
----------------- Invoking toplevel() on ptolemy.moml.MoMLSimpleApplication@36515c6b
----------------- Done invoking toplevel() on ptolemy.moml.MoMLSimpleApplication@36515c6b
reloadAllAccessors: .CausalityInterface15

===========================================================================================
----------------- testing Fri Aug 09 05:19:28 UTC 2019 /home/travis/build/icyphy/ptII/ptolemy/domains/de/test/auto/CausalityInterface2.xml
----------------- Instantiating /home/travis/build/icyphy/ptII/ptolemy/domains/de/test/auto/CausalityInterface2.xml
2 ms. Memory: 48128K Free: 32703K (68%)
----------------- Invoking toplevel() on ptolemy.moml.MoMLSimpleApplication@4c52abc9
----------------- Done invoking toplevel() on ptolemy.moml.MoMLSimpleApplication@4c52abc9
reloadAllAccessors: .CausalityInterface2

===========================================================================================
----------------- testing Fri Aug 09 05:19:28 UTC 2019 /home/travis/build/icyphy/ptII/ptolemy/domains/de/test/auto/CausalityInterface3.xml
----------------- Instantiating /home/travis/build/icyphy/ptII/ptolemy/domains/de/test/auto/CausalityInterface3.xml
2 ms. Memory: 48128K Free: 27692K (58%)
----------------- Invoking toplevel() on ptolemy.moml.MoMLSimpleApplication@6128aa5d
----------------- Done invoking toplevel() on ptolemy.moml.MoMLSimpleApplication@6128aa5d
reloadAllAccessors: .CausalityInterface3

===========================================================================================
----------------- testing Fri Aug 09 05:19:28 UTC 2019 /home/travis/build/icyphy/ptII/ptolemy/domains/de/test/auto/ClockDrift.xml
----------------- Instantiating /home/travis/build/icyphy/ptII/ptolemy/domains/de/test/auto/ClockDrift.xml
13 ms. Memory: 48128K Free: 15814K (33%)
----------------- Invoking toplevel() on ptolemy.moml.MoMLSimpleApplication@6e69a547
----------------- Done invoking toplevel() on ptolemy.moml.MoMLSimpleApplication@6e69a547
reloadAllAccessors: .ClockDrift

===========================================================================================
----------------- testing Fri Aug 09 05:19:28 UTC 2019 /home/travis/build/icyphy/ptII/ptolemy/domains/de/test/auto/ClockDriftAndValueChange.xml
----------------- Instantiating /home/travis/build/icyphy/ptII/ptolemy/domains/de/test/auto/ClockDriftAndValueChange.xml
18 ms. Memory: 48128K Free: 30827K (64%)
----------------- Invoking toplevel() on ptolemy.moml.MoMLSimpleApplication@4a910637
----------------- Done invoking toplevel() on ptolemy.moml.MoMLSimpleApplication@4a910637
reloadAllAccessors: .ClockDriftAndValueChange

===========================================================================================
----------------- testing Fri Aug 09 05:19:28 UTC 2019 /home/travis/build/icyphy/ptII/ptolemy/domains/de/test/auto/ClockDriftChange.xml
----------------- Instantiating /home/travis/build/icyphy/ptII/ptolemy/domains/de/test/auto/ClockDriftChange.xml
10 ms. Memory: 48128K Free: 20501K (43%)
----------------- Invoking toplevel() on ptolemy.moml.MoMLSimpleApplication@77478857
----------------- Done invoking toplevel() on ptolemy.moml.MoMLSimpleApplication@77478857
reloadAllAccessors: .ClockDriftChange

===========================================================================================
----------------- testing Fri Aug 09 05:19:28 UTC 2019 /home/travis/build/icyphy/ptII/ptolemy/domains/de/test/auto/ComposableCausalityAnalysis.xml
----------------- Instantiating /home/travis/build/icyphy/ptII/ptolemy/domains/de/test/auto/ComposableCausalityAnalysis.xml
2 ms. Memory: 48128K Free: 14543K (30%)
----------------- Invoking toplevel() on ptolemy.moml.MoMLSimpleApplication@7b814f00
----------------- Done invoking toplevel() on ptolemy.moml.MoMLSimpleApplication@7b814f00
reloadAllAccessors: .ComposableCausalityAnalysis

===========================================================================================
----------------- testing Fri Aug 09 05:19:28 UTC 2019 /home/travis/build/icyphy/ptII/ptolemy/domains/de/test/auto/DEFixedPointLimitation.xml
----------------- Instantiating /home/travis/build/icyphy/ptII/ptolemy/domains/de/test/auto/DEFixedPointLimitation.xml
1 ms. Memory: 48128K Free: 10008K (21%)
----------------- Invoking toplevel() on ptolemy.moml.MoMLSimpleApplication@202c797e
----------------- Done invoking toplevel() on ptolemy.moml.MoMLSimpleApplication@202c797e
reloadAllAccessors: .DEFixedPointLimitation

===========================================================================================
----------------- testing Fri Aug 09 05:19:28 UTC 2019 /home/travis/build/icyphy/ptII/ptolemy/domains/de/test/auto/DEScheduleTest.xml
----------------- Instantiating /home/travis/build/icyphy/ptII/ptolemy/domains/de/test/auto/DEScheduleTest.xml
2 ms. Memory: 48128K Free: 31523K (65%)
----------------- Invoking toplevel() on ptolemy.moml.MoMLSimpleApplication@74817c84
----------------- Done invoking toplevel() on ptolemy.moml.MoMLSimpleApplication@74817c84
reloadAllAccessors: .DEScheduleTest

===========================================================================================
----------------- testing Fri Aug 09 05:19:28 UTC 2019 /home/travis/build/icyphy/ptII/ptolemy/domains/de/test/auto/DEinDEwithStartTimes.xml
----------------- Instantiating /home/travis/build/icyphy/ptII/ptolemy/domains/de/test/auto/DEinDEwithStartTimes.xml
2 ms. Memory: 48128K Free: 25811K (54%)
----------------- Invoking toplevel() on ptolemy.moml.MoMLSimpleApplication@64df1464
----------------- Done invoking toplevel() on ptolemy.moml.MoMLSimpleApplication@64df1464
reloadAllAccessors: .DEinDEwithStartTimes

===========================================================================================
----------------- testing Fri Aug 09 05:19:28 UTC 2019 /home/travis/build/icyphy/ptII/ptolemy/domains/de/test/auto/DEinDEwithStartTimes2.xml
----------------- Instantiating /home/travis/build/icyphy/ptII/ptolemy/domains/de/test/auto/DEinDEwithStartTimes2.xml
2 ms. Memory: 48128K Free: 19048K (40%)
----------------- Invoking toplevel() on ptolemy.moml.MoMLSimpleApplication@427f94d7
----------------- Done invoking toplevel() on ptolemy.moml.MoMLSimpleApplication@427f94d7
reloadAllAccessors: .DEinDEwithStartTimes2

===========================================================================================
----------------- testing Fri Aug 09 05:19:28 UTC 2019 /home/travis/build/icyphy/ptII/ptolemy/domains/de/test/auto/DateDemo.xml
----------------- Instantiating /home/travis/build/icyphy/ptII/ptolemy/domains/de/test/auto/DateDemo.xml
18 ms. Memory: 48128K Free: 7971K (17%)
----------------- Invoking toplevel() on ptolemy.moml.MoMLSimpleApplication@f1d337f
----------------- Done invoking toplevel() on ptolemy.moml.MoMLSimpleApplication@f1d337f
reloadAllAccessors: .DateDemo

===========================================================================================
----------------- testing Fri Aug 09 05:19:28 UTC 2019 /home/travis/build/icyphy/ptII/ptolemy/domains/de/test/auto/DateToEvent.xml
----------------- Instantiating /home/travis/build/icyphy/ptII/ptolemy/domains/de/test/auto/DateToEvent.xml
2006 ms. Memory: 48128K Free: 17461K (36%)
----------------- Invoking toplevel() on ptolemy.moml.MoMLSimpleApplication@29d6cbf6
----------------- Done invoking toplevel() on ptolemy.moml.MoMLSimpleApplication@29d6cbf6
reloadAllAccessors: .DateToEvent

===========================================================================================
----------------- testing Fri Aug 09 05:19:30 UTC 2019 /home/travis/build/icyphy/ptII/ptolemy/domains/de/test/auto/DepthTest1.xml
----------------- Instantiating /home/travis/build/icyphy/ptII/ptolemy/domains/de/test/auto/DepthTest1.xml
1 ms. Memory: 48128K Free: 14522K (30%)
----------------- Invoking toplevel() on ptolemy.moml.MoMLSimpleApplication@592b4e5
----------------- Done invoking toplevel() on ptolemy.moml.MoMLSimpleApplication@592b4e5
reloadAllAccessors: .DepthTest1

===========================================================================================
----------------- testing Fri Aug 09 05:19:30 UTC 2019 /home/travis/build/icyphy/ptII/ptolemy/domains/de/test/auto/DepthTest2.xml
----------------- Instantiating /home/travis/build/icyphy/ptII/ptolemy/domains/de/test/auto/DepthTest2.xml
2 ms. Memory: 48128K Free: 8151K (17%)
----------------- Invoking toplevel() on ptolemy.moml.MoMLSimpleApplication@e5f52
----------------- Done invoking toplevel() on ptolemy.moml.MoMLSimpleApplication@e5f52
reloadAllAccessors: .DepthTest2

===========================================================================================
----------------- testing Fri Aug 09 05:19:30 UTC 2019 /home/travis/build/icyphy/ptII/ptolemy/domains/de/test/auto/DepthTest3.xml
----------------- Instantiating /home/travis/build/icyphy/ptII/ptolemy/domains/de/test/auto/DepthTest3.xml
1 ms. Memory: 48128K Free: 30853K (64%)
----------------- Invoking toplevel() on ptolemy.moml.MoMLSimpleApplication@38429ada
----------------- Done invoking toplevel() on ptolemy.moml.MoMLSimpleApplication@38429ada
reloadAllAccessors: .DepthTest3

===========================================================================================
----------------- testing Fri Aug 09 05:19:30 UTC 2019 /home/travis/build/icyphy/ptII/ptolemy/domains/de/test/auto/DepthTest4.xml
----------------- Instantiating /home/travis/build/icyphy/ptII/ptolemy/domains/de/test/auto/DepthTest4.xml
2 ms. Memory: 48128K Free: 26160K (54%)
----------------- Invoking toplevel() on ptolemy.moml.MoMLSimpleApplication@2dad2e80
----------------- Done invoking toplevel() on ptolemy.moml.MoMLSimpleApplication@2dad2e80
reloadAllAccessors: .DepthTest4

===========================================================================================
----------------- testing Fri Aug 09 05:19:30 UTC 2019 /home/travis/build/icyphy/ptII/ptolemy/domains/de/test/auto/DepthTest5.xml
----------------- Instantiating /home/travis/build/icyphy/ptII/ptolemy/domains/de/test/auto/DepthTest5.xml
2 ms. Memory: 48128K Free: 20870K (43%)
----------------- Invoking toplevel() on ptolemy.moml.MoMLSimpleApplication@6762d726
----------------- Done invoking toplevel() on ptolemy.moml.MoMLSimpleApplication@6762d726
reloadAllAccessors: .DepthTest5

===========================================================================================
----------------- testing Fri Aug 09 05:19:30 UTC 2019 /home/travis/build/icyphy/ptII/ptolemy/domains/de/test/auto/DepthTest6.xml
----------------- Instantiating /home/travis/build/icyphy/ptII/ptolemy/domains/de/test/auto/DepthTest6.xml
2 ms. Memory: 48128K Free: 15541K (32%)
----------------- Invoking toplevel() on ptolemy.moml.MoMLSimpleApplication@1090c98a
----------------- Done invoking toplevel() on ptolemy.moml.MoMLSimpleApplication@1090c98a
reloadAllAccessors: .DepthTest6

===========================================================================================
----------------- testing Fri Aug 09 05:19:30 UTC 2019 /home/travis/build/icyphy/ptII/ptolemy/domains/de/test/auto/DepthTest7.xml
----------------- Instantiating /home/travis/build/icyphy/ptII/ptolemy/domains/de/test/auto/DepthTest7.xml
2 ms. Memory: 48128K Free: 10630K (22%)
----------------- Invoking toplevel() on ptolemy.moml.MoMLSimpleApplication@42dd7acd
----------------- Done invoking toplevel() on ptolemy.moml.MoMLSimpleApplication@42dd7acd
reloadAllAccessors: .DepthTest7

===========================================================================================
----------------- testing Fri Aug 09 05:19:30 UTC 2019 /home/travis/build/icyphy/ptII/ptolemy/domains/de/test/auto/EventToDate.xml
----------------- Instantiating /home/travis/build/icyphy/ptII/ptolemy/domains/de/test/auto/EventToDate.xml
3003 ms. Memory: 48128K Free: 22756K (47%)
----------------- Invoking toplevel() on ptolemy.moml.MoMLSimpleApplication@73b6083d
----------------- Done invoking toplevel() on ptolemy.moml.MoMLSimpleApplication@73b6083d
reloadAllAccessors: .EventToDate

===========================================================================================
----------------- testing Fri Aug 09 05:19:33 UTC 2019 /home/travis/build/icyphy/ptII/ptolemy/domains/de/test/auto/FSM1.xml
----------------- Instantiating /home/travis/build/icyphy/ptII/ptolemy/domains/de/test/auto/FSM1.xml
15 ms. Memory: 48128K Free: 10793K (22%)
----------------- Invoking toplevel() on ptolemy.moml.MoMLSimpleApplication@6380326e
----------------- Done invoking toplevel() on ptolemy.moml.MoMLSimpleApplication@6380326e
reloadAllAccessors: .FSM1

===========================================================================================
----------------- testing Fri Aug 09 05:19:33 UTC 2019 /home/travis/build/icyphy/ptII/ptolemy/domains/de/test/auto/FSM7.xml
----------------- Instantiating /home/travis/build/icyphy/ptII/ptolemy/domains/de/test/auto/FSM7.xml
18 ms. Memory: 48128K Free: 24177K (50%)
----------------- Invoking toplevel() on ptolemy.moml.MoMLSimpleApplication@251bb409
----------------- Done invoking toplevel() on ptolemy.moml.MoMLSimpleApplication@251bb409
reloadAllAccessors: .FSM7

===========================================================================================
----------------- testing Fri Aug 09 05:19:33 UTC 2019 /home/travis/build/icyphy/ptII/ptolemy/domains/de/test/auto/Inspection.xml
----------------- Instantiating /home/travis/build/icyphy/ptII/ptolemy/domains/de/test/auto/Inspection.xml
16 ms. Memory: 48128K Free: 11968K (25%)
----------------- Invoking toplevel() on ptolemy.moml.MoMLSimpleApplication@4bcc4a41
----------------- Done invoking toplevel() on ptolemy.moml.MoMLSimpleApplication@4bcc4a41
reloadAllAccessors: .Inspection

===========================================================================================
----------------- testing Fri Aug 09 05:19:33 UTC 2019 /home/travis/build/icyphy/ptII/ptolemy/domains/de/test/auto/Iteration.xml
----------------- Instantiating /home/travis/build/icyphy/ptII/ptolemy/domains/de/test/auto/Iteration.xml
12 ms. Memory: 48128K Free: 30843K (64%)
----------------- Invoking toplevel() on ptolemy.moml.MoMLSimpleApplication@77fafe24
----------------- Done invoking toplevel() on ptolemy.moml.MoMLSimpleApplication@77fafe24
reloadAllAccessors: .Iteration

===========================================================================================
----------------- testing Fri Aug 09 05:19:34 UTC 2019 /home/travis/build/icyphy/ptII/ptolemy/domains/de/test/auto/LineFault.xml
----------------- Instantiating /home/travis/build/icyphy/ptII/ptolemy/domains/de/test/auto/LineFault.xml
510 ms. Memory: 48128K Free: 14982K (31%)
----------------- Invoking toplevel() on ptolemy.moml.MoMLSimpleApplication@3d5353b0
----------------- Done invoking toplevel() on ptolemy.moml.MoMLSimpleApplication@3d5353b0
reloadAllAccessors: .LineFault

===========================================================================================
----------------- testing Fri Aug 09 05:19:34 UTC 2019 /home/travis/build/icyphy/ptII/ptolemy/domains/de/test/auto/MergeModel1Add.xml
----------------- Instantiating /home/travis/build/icyphy/ptII/ptolemy/domains/de/test/auto/MergeModel1Add.xml
8 ms. Memory: 48128K Free: 20560K (43%)
----------------- Invoking toplevel() on ptolemy.moml.MoMLSimpleApplication@4ada4487
----------------- Done invoking toplevel() on ptolemy.moml.MoMLSimpleApplication@4ada4487
reloadAllAccessors: .MergeModel1Add

===========================================================================================
----------------- testing Fri Aug 09 05:19:34 UTC 2019 /home/travis/build/icyphy/ptII/ptolemy/domains/de/test/auto/MergeModel2Add.xml
----------------- Instantiating /home/travis/build/icyphy/ptII/ptolemy/domains/de/test/auto/MergeModel2Add.xml
6 ms. Memory: 48128K Free: 26664K (55%)
----------------- Invoking toplevel() on ptolemy.moml.MoMLSimpleApplication@5650e8ec
----------------- Done invoking toplevel() on ptolemy.moml.MoMLSimpleApplication@5650e8ec
reloadAllAccessors: .MergeModel2Add

===========================================================================================
----------------- testing Fri Aug 09 05:19:34 UTC 2019 /home/travis/build/icyphy/ptII/ptolemy/domains/de/test/auto/MergeModel3Add.xml
----------------- Instantiating /home/travis/build/icyphy/ptII/ptolemy/domains/de/test/auto/MergeModel3Add.xml
11 ms. Memory: 48128K Free: 32131K (67%)
----------------- Invoking toplevel() on ptolemy.moml.MoMLSimpleApplication@c1e364d
----------------- Done invoking toplevel() on ptolemy.moml.MoMLSimpleApplication@c1e364d
reloadAllAccessors: .MergeModel3Add

===========================================================================================
----------------- testing Fri Aug 09 05:19:34 UTC 2019 /home/travis/build/icyphy/ptII/ptolemy/domains/de/test/auto/MergeWithoutDiscard.xml
----------------- Instantiating /home/travis/build/icyphy/ptII/ptolemy/domains/de/test/auto/MergeWithoutDiscard.xml
1 ms. Memory: 48128K Free: 27937K (58%)
----------------- Invoking toplevel() on ptolemy.moml.MoMLSimpleApplication@131e8ebb
----------------- Done invoking toplevel() on ptolemy.moml.MoMLSimpleApplication@131e8ebb
reloadAllAccessors: .MergeWithoutDiscard

===========================================================================================
----------------- testing Fri Aug 09 05:19:34 UTC 2019 /home/travis/build/icyphy/ptII/ptolemy/domains/de/test/auto/Modal1.xml
----------------- Instantiating /home/travis/build/icyphy/ptII/ptolemy/domains/de/test/auto/Modal1.xml
7 ms. Memory: 48128K Free: 15691K (33%)
----------------- Invoking toplevel() on ptolemy.moml.MoMLSimpleApplication@658ba576
----------------- Done invoking toplevel() on ptolemy.moml.MoMLSimpleApplication@658ba576
reloadAllAccessors: .Modal1

===========================================================================================
----------------- testing Fri Aug 09 05:19:34 UTC 2019 /home/travis/build/icyphy/ptII/ptolemy/domains/de/test/auto/Modal2.xml
----------------- Instantiating /home/travis/build/icyphy/ptII/ptolemy/domains/de/test/auto/Modal2.xml
13 ms. Memory: 48128K Free: 27325K (57%)
----------------- Invoking toplevel() on ptolemy.moml.MoMLSimpleApplication@6f485349
----------------- Done invoking toplevel() on ptolemy.moml.MoMLSimpleApplication@6f485349
reloadAllAccessors: .Modal2

===========================================================================================
----------------- testing Fri Aug 09 05:19:34 UTC 2019 /home/travis/build/icyphy/ptII/ptolemy/domains/de/test/auto/Modal3.xml
----------------- Instantiating /home/travis/build/icyphy/ptII/ptolemy/domains/de/test/auto/Modal3.xml
9 ms. Memory: 48128K Free: 15051K (31%)
----------------- Invoking toplevel() on ptolemy.moml.MoMLSimpleApplication@1a278f63
----------------- Done invoking toplevel() on ptolemy.moml.MoMLSimpleApplication@1a278f63
reloadAllAccessors: .Modal3

===========================================================================================
----------------- testing Fri Aug 09 05:19:34 UTC 2019 /home/travis/build/icyphy/ptII/ptolemy/domains/de/test/auto/Modal4.xml
----------------- Instantiating /home/travis/build/icyphy/ptII/ptolemy/domains/de/test/auto/Modal4.xml
12 ms. Memory: 48128K Free: 25526K (53%)
----------------- Invoking toplevel() on ptolemy.moml.MoMLSimpleApplication@6b55c963
----------------- Done invoking toplevel() on ptolemy.moml.MoMLSimpleApplication@6b55c963
reloadAllAccessors: .Modal4

===========================================================================================
----------------- testing Fri Aug 09 05:19:34 UTC 2019 /home/travis/build/icyphy/ptII/ptolemy/domains/de/test/auto/Modal5.xml
----------------- Instantiating /home/travis/build/icyphy/ptII/ptolemy/domains/de/test/auto/Modal5.xml
9 ms. Memory: 48128K Free: 12435K (26%)
----------------- Invoking toplevel() on ptolemy.moml.MoMLSimpleApplication@918c15e
----------------- Done invoking toplevel() on ptolemy.moml.MoMLSimpleApplication@918c15e
reloadAllAccessors: .Modal5

===========================================================================================
----------------- testing Fri Aug 09 05:19:34 UTC 2019 /home/travis/build/icyphy/ptII/ptolemy/domains/de/test/auto/Modal6.xml
----------------- Instantiating /home/travis/build/icyphy/ptII/ptolemy/domains/de/test/auto/Modal6.xml
10 ms. Memory: 48128K Free: 23698K (49%)
----------------- Invoking toplevel() on ptolemy.moml.MoMLSimpleApplication@5a0c759d
----------------- Done invoking toplevel() on ptolemy.moml.MoMLSimpleApplication@5a0c759d
reloadAllAccessors: .Modal6

===========================================================================================
----------------- testing Fri Aug 09 05:19:35 UTC 2019 /home/travis/build/icyphy/ptII/ptolemy/domains/de/test/auto/Modal7.xml
----------------- Instantiating /home/travis/build/icyphy/ptII/ptolemy/domains/de/test/auto/Modal7.xml
7 ms. Memory: 48128K Free: 10416K (22%)
----------------- Invoking toplevel() on ptolemy.moml.MoMLSimpleApplication@5079e2fe
----------------- Done invoking toplevel() on ptolemy.moml.MoMLSimpleApplication@5079e2fe
reloadAllAccessors: .Modal7

===========================================================================================
----------------- testing Fri Aug 09 05:19:35 UTC 2019 /home/travis/build/icyphy/ptII/ptolemy/domains/de/test/auto/ModalModel.xml
----------------- Instantiating /home/travis/build/icyphy/ptII/ptolemy/domains/de/test/auto/ModalModel.xml
136 ms. Memory: 62464K Free: 26778K (43%)
----------------- Invoking toplevel() on ptolemy.moml.MoMLSimpleApplication@5fe6abc2
----------------- Done invoking toplevel() on ptolemy.moml.MoMLSimpleApplication@5fe6abc2
reloadAllAccessors: .ModalModel

===========================================================================================
----------------- testing Fri Aug 09 05:19:35 UTC 2019 /home/travis/build/icyphy/ptII/ptolemy/domains/de/test/auto/ModalSource.xml
----------------- Instantiating /home/travis/build/icyphy/ptII/ptolemy/domains/de/test/auto/ModalSource.xml
5 ms. Memory: 62464K Free: 18423K (29%)
----------------- Invoking toplevel() on ptolemy.moml.MoMLSimpleApplication@2a7de5cb
----------------- Done invoking toplevel() on ptolemy.moml.MoMLSimpleApplication@2a7de5cb
reloadAllAccessors: .ModalSource

===========================================================================================
----------------- testing Fri Aug 09 05:19:35 UTC 2019 /home/travis/build/icyphy/ptII/ptolemy/domains/de/test/auto/NonInterruptibleTimerZeroDelay.xml
----------------- Instantiating /home/travis/build/icyphy/ptII/ptolemy/domains/de/test/auto/NonInterruptibleTimerZeroDelay.xml
2 ms. Memory: 62464K Free: 43528K (70%)
----------------- Invoking toplevel() on ptolemy.moml.MoMLSimpleApplication@afbf882
----------------- Done invoking toplevel() on ptolemy.moml.MoMLSimpleApplication@afbf882
reloadAllAccessors: .NonInterruptibleTimerZeroDelay

===========================================================================================
----------------- testing Fri Aug 09 05:19:35 UTC 2019 /home/travis/build/icyphy/ptII/ptolemy/domains/de/test/auto/OpenQueueingNetwork.xml
----------------- Instantiating /home/travis/build/icyphy/ptII/ptolemy/domains/de/test/auto/OpenQueueingNetwork.xml
2310 ms. Memory: 160768K Free: 84021K (52%)
----------------- Invoking toplevel() on ptolemy.moml.MoMLSimpleApplication@4f24de1c
----------------- Done invoking toplevel() on ptolemy.moml.MoMLSimpleApplication@4f24de1c
reloadAllAccessors: .OpenQueueingNetwork

===========================================================================================
----------------- testing Fri Aug 09 05:19:37 UTC 2019 /home/travis/build/icyphy/ptII/ptolemy/domains/de/test/auto/OpenQueuingNetwork.xml
----------------- Instantiating /home/travis/build/icyphy/ptII/ptolemy/domains/de/test/auto/OpenQueuingNetwork.xml
224 ms. Memory: 160768K Free: 92009K (57%)
----------------- Invoking toplevel() on ptolemy.moml.MoMLSimpleApplication@6e17e938
----------------- Done invoking toplevel() on ptolemy.moml.MoMLSimpleApplication@6e17e938
reloadAllAccessors: .OpenQueuingNetwork

===========================================================================================
----------------- testing Fri Aug 09 05:19:37 UTC 2019 /home/travis/build/icyphy/ptII/ptolemy/domains/de/test/auto/PeriodicSampler.xml
----------------- Instantiating /home/travis/build/icyphy/ptII/ptolemy/domains/de/test/auto/PeriodicSampler.xml
2 ms. Memory: 160768K Free: 87913K (55%)
----------------- Invoking toplevel() on ptolemy.moml.MoMLSimpleApplication@17b1b74a
----------------- Done invoking toplevel() on ptolemy.moml.MoMLSimpleApplication@17b1b74a
reloadAllAccessors: .PeriodicSampler

===========================================================================================
----------------- testing Fri Aug 09 05:19:37 UTC 2019 /home/travis/build/icyphy/ptII/ptolemy/domains/de/test/auto/PersistentIO.xml
----------------- Instantiating /home/travis/build/icyphy/ptII/ptolemy/domains/de/test/auto/PersistentIO.xml
6 ms. Memory: 160768K Free: 78153K (49%)
----------------- Invoking toplevel() on ptolemy.moml.MoMLSimpleApplication@7daad6
----------------- Done invoking toplevel() on ptolemy.moml.MoMLSimpleApplication@7daad6
reloadAllAccessors: .PersistentIO

===========================================================================================
----------------- testing Fri Aug 09 05:19:38 UTC 2019 /home/travis/build/icyphy/ptII/ptolemy/domains/de/test/auto/PortParameterResetOnInitialize.xml
----------------- Instantiating /home/travis/build/icyphy/ptII/ptolemy/domains/de/test/auto/PortParameterResetOnInitialize.xml
2 ms. Memory: 160768K Free: 73577K (46%)
----------------- Invoking toplevel() on ptolemy.moml.MoMLSimpleApplication@57346338
----------------- Done invoking toplevel() on ptolemy.moml.MoMLSimpleApplication@57346338
reloadAllAccessors: .PortParameterResetOnInitialize

===========================================================================================
----------------- testing Fri Aug 09 05:19:38 UTC 2019 /home/travis/build/icyphy/ptII/ptolemy/domains/de/test/auto/PortParameterUpdates.xml
----------------- Instantiating /home/travis/build/icyphy/ptII/ptolemy/domains/de/test/auto/PortParameterUpdates.xml
4 ms. Memory: 160768K Free: 67433K (42%)
----------------- Invoking toplevel() on ptolemy.moml.MoMLSimpleApplication@75014321
----------------- Done invoking toplevel() on ptolemy.moml.MoMLSimpleApplication@75014321
reloadAllAccessors: .PortParameterUpdates

===========================================================================================
----------------- testing Fri Aug 09 05:19:38 UTC 2019 /home/travis/build/icyphy/ptII/ptolemy/domains/de/test/auto/QueueAndServer.xml
----------------- Instantiating /home/travis/build/icyphy/ptII/ptolemy/domains/de/test/auto/QueueAndServer.xml
8 ms. Memory: 160768K Free: 59751K (37%)
----------------- Invoking toplevel() on ptolemy.moml.MoMLSimpleApplication@36e5134d
----------------- Done invoking toplevel() on ptolemy.moml.MoMLSimpleApplication@36e5134d
reloadAllAccessors: .QueueAndServer

===========================================================================================
----------------- testing Fri Aug 09 05:19:38 UTC 2019 /home/travis/build/icyphy/ptII/ptolemy/domains/de/test/auto/Records.xml
----------------- Instantiating /home/travis/build/icyphy/ptII/ptolemy/domains/de/test/auto/Records.xml
4 ms. Memory: 202752K Free: 186190K (92%)
----------------- Invoking toplevel() on ptolemy.moml.MoMLSimpleApplication@662f9a8c
----------------- Done invoking toplevel() on ptolemy.moml.MoMLSimpleApplication@662f9a8c
reloadAllAccessors: .Records

===========================================================================================
----------------- testing Fri Aug 09 05:19:38 UTC 2019 /home/travis/build/icyphy/ptII/ptolemy/domains/de/test/auto/ResetTransitionWithStartTime1.xml
----------------- Instantiating /home/travis/build/icyphy/ptII/ptolemy/domains/de/test/auto/ResetTransitionWithStartTime1.xml
9 ms. Memory: 202752K Free: 177998K (88%)
----------------- Invoking toplevel() on ptolemy.moml.MoMLSimpleApplication@257a7fda
----------------- Done invoking toplevel() on ptolemy.moml.MoMLSimpleApplication@257a7fda
reloadAllAccessors: .ResetTransitionWithStartTime1

===========================================================================================
----------------- testing Fri Aug 09 05:19:38 UTC 2019 /home/travis/build/icyphy/ptII/ptolemy/domains/de/test/auto/ResetTransitionWithStartTime2.xml
----------------- Instantiating /home/travis/build/icyphy/ptII/ptolemy/domains/de/test/auto/ResetTransitionWithStartTime2.xml
8 ms. Memory: 202752K Free: 169806K (84%)
----------------- Invoking toplevel() on ptolemy.moml.MoMLSimpleApplication@4b726a5d
----------------- Done invoking toplevel() on ptolemy.moml.MoMLSimpleApplication@4b726a5d
reloadAllAccessors: .ResetTransitionWithStartTime2

===========================================================================================
----------------- testing Fri Aug 09 05:19:38 UTC 2019 /home/travis/build/icyphy/ptII/ptolemy/domains/de/test/auto/ResetTransitionWithStartTime3.xml
----------------- Instantiating /home/travis/build/icyphy/ptII/ptolemy/domains/de/test/auto/ResetTransitionWithStartTime3.xml
8 ms. Memory: 202752K Free: 161614K (80%)
----------------- Invoking toplevel() on ptolemy.moml.MoMLSimpleApplication@85e1f8c
----------------- Done invoking toplevel() on ptolemy.moml.MoMLSimpleApplication@85e1f8c
reloadAllAccessors: .ResetTransitionWithStartTime3

===========================================================================================
----------------- testing Fri Aug 09 05:19:38 UTC 2019 /home/travis/build/icyphy/ptII/ptolemy/domains/de/test/auto/ResetTransitionWithStartTime4.xml
----------------- Instantiating /home/travis/build/icyphy/ptII/ptolemy/domains/de/test/auto/ResetTransitionWithStartTime4.xml
4 ms. Memory: 202752K Free: 153950K (76%)
----------------- Invoking toplevel() on ptolemy.moml.MoMLSimpleApplication@7cbda3f
----------------- Done invoking toplevel() on ptolemy.moml.MoMLSimpleApplication@7cbda3f
reloadAllAccessors: .ResetTransitionWithStartTime4

===========================================================================================
----------------- testing Fri Aug 09 05:19:38 UTC 2019 /home/travis/build/icyphy/ptII/ptolemy/domains/de/test/auto/ResettableTimer1.xml
----------------- Instantiating /home/travis/build/icyphy/ptII/ptolemy/domains/de/test/auto/ResettableTimer1.xml
2 ms. Memory: 202752K Free: 149854K (74%)
----------------- Invoking toplevel() on ptolemy.moml.MoMLSimpleApplication@2d50196a
----------------- Done invoking toplevel() on ptolemy.moml.MoMLSimpleApplication@2d50196a
reloadAllAccessors: .ResettableTimer1

===========================================================================================
----------------- testing Fri Aug 09 05:19:38 UTC 2019 /home/travis/build/icyphy/ptII/ptolemy/domains/de/test/auto/ResettableTimer2.xml
----------------- Instantiating /home/travis/build/icyphy/ptII/ptolemy/domains/de/test/auto/ResettableTimer2.xml
4 ms. Memory: 202752K Free: 145758K (72%)
----------------- Invoking toplevel() on ptolemy.moml.MoMLSimpleApplication@3f028229
----------------- Done invoking toplevel() on ptolemy.moml.MoMLSimpleApplication@3f028229
reloadAllAccessors: .ResettableTimer2

===========================================================================================
----------------- testing Fri Aug 09 05:19:38 UTC 2019 /home/travis/build/icyphy/ptII/ptolemy/domains/de/test/auto/ResettableTimer3.xml
----------------- Instantiating /home/travis/build/icyphy/ptII/ptolemy/domains/de/test/auto/ResettableTimer3.xml
1 ms. Memory: 202752K Free: 142158K (70%)
----------------- Invoking toplevel() on ptolemy.moml.MoMLSimpleApplication@2fee1bf7
----------------- Done invoking toplevel() on ptolemy.moml.MoMLSimpleApplication@2fee1bf7
reloadAllAccessors: .ResettableTimer3

===========================================================================================
----------------- testing Fri Aug 09 05:19:38 UTC 2019 /home/travis/build/icyphy/ptII/ptolemy/domains/de/test/auto/ResettableTimer4.xml
----------------- Instantiating /home/travis/build/icyphy/ptII/ptolemy/domains/de/test/auto/ResettableTimer4.xml
1 ms. Memory: 202752K Free: 138076K (68%)
----------------- Invoking toplevel() on ptolemy.moml.MoMLSimpleApplication@53d00f51
----------------- Done invoking toplevel() on ptolemy.moml.MoMLSimpleApplication@53d00f51
reloadAllAccessors: .ResettableTimer4

===========================================================================================
----------------- testing Fri Aug 09 05:19:38 UTC 2019 /home/travis/build/icyphy/ptII/ptolemy/domains/de/test/auto/ResettableTimer5.xml
----------------- Instantiating /home/travis/build/icyphy/ptII/ptolemy/domains/de/test/auto/ResettableTimer5.xml
3 ms. Memory: 202752K Free: 133980K (66%)
----------------- Invoking toplevel() on ptolemy.moml.MoMLSimpleApplication@479a2c67
----------------- Done invoking toplevel() on ptolemy.moml.MoMLSimpleApplication@479a2c67
reloadAllAccessors: .ResettableTimer5

===========================================================================================
----------------- testing Fri Aug 09 05:19:38 UTC 2019 /home/travis/build/icyphy/ptII/ptolemy/domains/de/test/auto/ResettableTimer6.xml
----------------- Instantiating /home/travis/build/icyphy/ptII/ptolemy/domains/de/test/auto/ResettableTimer6.xml
7 ms. Memory: 202752K Free: 129372K (64%)
----------------- Invoking toplevel() on ptolemy.moml.MoMLSimpleApplication@385dfe29
----------------- Done invoking toplevel() on ptolemy.moml.MoMLSimpleApplication@385dfe29
reloadAllAccessors: .ResettableTimer6

===========================================================================================
----------------- testing Fri Aug 09 05:19:38 UTC 2019 /home/travis/build/icyphy/ptII/ptolemy/domains/de/test/auto/ServerZeroDelay.xml
----------------- Instantiating /home/travis/build/icyphy/ptII/ptolemy/domains/de/test/auto/ServerZeroDelay.xml
2 ms. Memory: 202752K Free: 125278K (62%)
----------------- Invoking toplevel() on ptolemy.moml.MoMLSimpleApplication@776cb5ea
----------------- Done invoking toplevel() on ptolemy.moml.MoMLSimpleApplication@776cb5ea
reloadAllAccessors: .ServerZeroDelay

===========================================================================================
----------------- testing Fri Aug 09 05:19:38 UTC 2019 /home/travis/build/icyphy/ptII/ptolemy/domains/de/test/auto/SmartSender.xml
----------------- Instantiating /home/travis/build/icyphy/ptII/ptolemy/domains/de/test/auto/SmartSender.xml
3001 ms. Memory: 202752K Free: 121182K (60%)
----------------- Invoking toplevel() on ptolemy.moml.MoMLSimpleApplication@5f3c8520
----------------- Done invoking toplevel() on ptolemy.moml.MoMLSimpleApplication@5f3c8520
reloadAllAccessors: .SmartSender

===========================================================================================
----------------- testing Fri Aug 09 05:19:41 UTC 2019 /home/travis/build/icyphy/ptII/ptolemy/domains/de/test/auto/ThreadedComposite.xml
----------------- Instantiating /home/travis/build/icyphy/ptII/ptolemy/domains/de/test/auto/ThreadedComposite.xml
99 ms. Memory: 202752K Free: 100702K (50%)
----------------- Invoking toplevel() on ptolemy.moml.MoMLSimpleApplication@1747e112
----------------- Done invoking toplevel() on ptolemy.moml.MoMLSimpleApplication@1747e112
reloadAllAccessors: .ThreadedComposite

===========================================================================================
----------------- testing Fri Aug 09 05:19:41 UTC 2019 /home/travis/build/icyphy/ptII/ptolemy/domains/de/test/auto/Time.xml
----------------- Instantiating /home/travis/build/icyphy/ptII/ptolemy/domains/de/test/auto/Time.xml
473 ms. Memory: 202752K Free: 161231K (80%)
----------------- Invoking toplevel() on ptolemy.moml.MoMLSimpleApplication@32b389fe
----------------- Done invoking toplevel() on ptolemy.moml.MoMLSimpleApplication@32b389fe
reloadAllAccessors: .Time

===========================================================================================
----------------- testing Fri Aug 09 05:19:41 UTC 2019 /home/travis/build/icyphy/ptII/ptolemy/domains/de/test/auto/TimeDelayZeroDelay.xml
----------------- Instantiating /home/travis/build/icyphy/ptII/ptolemy/domains/de/test/auto/TimeDelayZeroDelay.xml
3 ms. Memory: 202752K Free: 157114K (77%)
----------------- Invoking toplevel() on ptolemy.moml.MoMLSimpleApplication@b4622ce
----------------- Done invoking toplevel() on ptolemy.moml.MoMLSimpleApplication@b4622ce
reloadAllAccessors: .TimeDelayZeroDelay

===========================================================================================
----------------- testing Fri Aug 09 05:19:41 UTC 2019 /home/travis/build/icyphy/ptII/ptolemy/domains/de/test/auto/TimerZeroDelay.xml
----------------- Instantiating /home/travis/build/icyphy/ptII/ptolemy/domains/de/test/auto/TimerZeroDelay.xml
4 ms. Memory: 202752K Free: 153018K (75%)
----------------- Invoking toplevel() on ptolemy.moml.MoMLSimpleApplication@14f2f79a
----------------- Done invoking toplevel() on ptolemy.moml.MoMLSimpleApplication@14f2f79a
reloadAllAccessors: .TimerZeroDelay

===========================================================================================
----------------- testing Fri Aug 09 05:19:41 UTC 2019 /home/travis/build/icyphy/ptII/ptolemy/domains/de/test/auto/TimingParadox.xml
----------------- Instantiating /home/travis/build/icyphy/ptII/ptolemy/domains/de/test/auto/TimingParadox.xml
352 ms. Memory: 202752K Free: 85434K (42%)
----------------- Invoking toplevel() on ptolemy.moml.MoMLSimpleApplication@21252c42
----------------- Done invoking toplevel() on ptolemy.moml.MoMLSimpleApplication@21252c42
reloadAllAccessors: .TimingParadox

===========================================================================================
----------------- testing Fri Aug 09 05:19:42 UTC 2019 /home/travis/build/icyphy/ptII/ptolemy/domains/de/test/auto/TransferInputs.xml
----------------- Instantiating /home/travis/build/icyphy/ptII/ptolemy/domains/de/test/auto/TransferInputs.xml
2 ms. Memory: 202752K Free: 80794K (40%)
----------------- Invoking toplevel() on ptolemy.moml.MoMLSimpleApplication@6e67fefb
----------------- Done invoking toplevel() on ptolemy.moml.MoMLSimpleApplication@6e67fefb
reloadAllAccessors: .TransferInputs

===========================================================================================
----------------- testing Fri Aug 09 05:19:42 UTC 2019 /home/travis/build/icyphy/ptII/ptolemy/domains/de/test/auto/TransferOutputs2.xml
----------------- Instantiating /home/travis/build/icyphy/ptII/ptolemy/domains/de/test/auto/TransferOutputs2.xml
3 ms. Memory: 202752K Free: 72632K (36%)
----------------- Invoking toplevel() on ptolemy.moml.MoMLSimpleApplication@2e8a335b
----------------- Done invoking toplevel() on ptolemy.moml.MoMLSimpleApplication@2e8a335b
reloadAllAccessors: .TransferOutputs2

===========================================================================================
----------------- testing Fri Aug 09 05:19:42 UTC 2019 /home/travis/build/icyphy/ptII/ptolemy/domains/de/test/auto/Trilateration.xml
----------------- Instantiating /home/travis/build/icyphy/ptII/ptolemy/domains/de/test/auto/Trilateration.xml
12229 ms. Memory: 364544K Free: 280261K (77%)
----------------- Invoking toplevel() on ptolemy.moml.MoMLSimpleApplication@5f8569fa
----------------- Done invoking toplevel() on ptolemy.moml.MoMLSimpleApplication@5f8569fa
reloadAllAccessors: .Trilateration

===========================================================================================
----------------- testing Fri Aug 09 05:19:55 UTC 2019 /home/travis/build/icyphy/ptII/ptolemy/domains/de/test/auto/TwoSigmaDelta.xml
----------------- Instantiating /home/travis/build/icyphy/ptII/ptolemy/domains/de/test/auto/TwoSigmaDelta.xml
1998 ms. Memory: 364544K Free: 288218K (79%)
----------------- Invoking toplevel() on ptolemy.moml.MoMLSimpleApplication@1bed9378
----------------- Done invoking toplevel() on ptolemy.moml.MoMLSimpleApplication@1bed9378
reloadAllAccessors: .TwoSigmaDelta

===========================================================================================
----------------- testing Fri Aug 09 05:19:57 UTC 2019 /home/travis/build/icyphy/ptII/ptolemy/domains/de/test/auto/VariableDelay.xml
----------------- Instantiating /home/travis/build/icyphy/ptII/ptolemy/domains/de/test/auto/VariableDelay.xml
2 ms. Memory: 364544K Free: 283068K (78%)
----------------- Invoking toplevel() on ptolemy.moml.MoMLSimpleApplication@4557a4c
----------------- Done invoking toplevel() on ptolemy.moml.MoMLSimpleApplication@4557a4c
reloadAllAccessors: .VariableDelay

===========================================================================================
----------------- testing Fri Aug 09 05:19:57 UTC 2019 /home/travis/build/icyphy/ptII/ptolemy/domains/de/test/auto/VariableDelay2.xml
----------------- Instantiating /home/travis/build/icyphy/ptII/ptolemy/domains/de/test/auto/VariableDelay2.xml
1 ms. Memory: 364544K Free: 278492K (76%)
----------------- Invoking toplevel() on ptolemy.moml.MoMLSimpleApplication@55187b25
----------------- Done invoking toplevel() on ptolemy.moml.MoMLSimpleApplication@55187b25
reloadAllAccessors: .VariableDelay2

===========================================================================================
----------------- testing Fri Aug 09 05:19:57 UTC 2019 /home/travis/build/icyphy/ptII/ptolemy/domains/de/test/auto/VariableDelayZeroDelay.xml
----------------- Instantiating /home/travis/build/icyphy/ptII/ptolemy/domains/de/test/auto/VariableDelayZeroDelay.xml
2 ms. Memory: 364544K Free: 274396K (75%)
----------------- Invoking toplevel() on ptolemy.moml.MoMLSimpleApplication@9369aba
----------------- Done invoking toplevel() on ptolemy.moml.MoMLSimpleApplication@9369aba
reloadAllAccessors: .VariableDelayZeroDelay

===========================================================================================
----------------- testing Fri Aug 09 05:19:57 UTC 2019 /home/travis/build/icyphy/ptII/ptolemy/domains/de/test/auto/VariableDelayZeroDelay2.xml
----------------- Instantiating /home/travis/build/icyphy/ptII/ptolemy/domains/de/test/auto/VariableDelayZeroDelay2.xml
2 ms. Memory: 364544K Free: 270300K (74%)
----------------- Invoking toplevel() on ptolemy.moml.MoMLSimpleApplication@6c02d0f4
----------------- Done invoking toplevel() on ptolemy.moml.MoMLSimpleApplication@6c02d0f4
reloadAllAccessors: .VariableDelayZeroDelay2

===========================================================================================
----------------- testing Fri Aug 09 05:19:57 UTC 2019 /home/travis/build/icyphy/ptII/ptolemy/domains/de/test/auto/deInCt.xml
----------------- Instantiating /home/travis/build/icyphy/ptII/ptolemy/domains/de/test/auto/deInCt.xml
0
1
1
1
0
0
0
1
1
1
1
0
0
0
1
1
1
1
0
0
0
1
1
1
0
0
0
1
1
1
0
0
0
0
1
1
1
0
0
1
1
1
1
1
5 ms. Memory: 364544K Free: 265180K (73%)
----------------- Invoking toplevel() on ptolemy.moml.MoMLSimpleApplication@6dd4bb9d
----------------- Done invoking toplevel() on ptolemy.moml.MoMLSimpleApplication@6dd4bb9d
reloadAllAccessors: .deInCt

===========================================================================================
----------------- testing Fri Aug 09 05:19:57 UTC 2019 /home/travis/build/icyphy/ptII/ptolemy/domains/de/test/auto/deInCt2.xml
----------------- Instantiating /home/travis/build/icyphy/ptII/ptolemy/domains/de/test/auto/deInCt2.xml
0
1
1
1
0
0
1
1
1
0
0
1
1
1
0
0
1
1
1
0
0
1
1
1
0
0
1
1
1
0
0
1
1
1
0
0
1
1
1
0
0
0
14 ms. Memory: 364544K Free: 260058K (71%)
----------------- Invoking toplevel() on ptolemy.moml.MoMLSimpleApplication@371c8c65
----------------- Done invoking toplevel() on ptolemy.moml.MoMLSimpleApplication@371c8c65
reloadAllAccessors: .deInCt2

===========================================================================================
----------------- testing Fri Aug 09 05:19:57 UTC 2019 /home/travis/build/icyphy/ptII/ptolemy/domains/de/test/auto/dynamicCausalityInterface1.xml
----------------- Instantiating /home/travis/build/icyphy/ptII/ptolemy/domains/de/test/auto/dynamicCausalityInterface1.xml
1 ms. Memory: 364544K Free: 250844K (69%)
----------------- Invoking toplevel() on ptolemy.moml.MoMLSimpleApplication@49b4cf3b
----------------- Done invoking toplevel() on ptolemy.moml.MoMLSimpleApplication@49b4cf3b
reloadAllAccessors: .dynamicCausalityInterface1

===========================================================================================
----------------- testing Fri Aug 09 05:19:57 UTC 2019 /home/travis/build/icyphy/ptII/ptolemy/domains/de/test/auto/fsm_de_test.xml
----------------- Instantiating /home/travis/build/icyphy/ptII/ptolemy/domains/de/test/auto/fsm_de_test.xml
5 ms. Memory: 364544K Free: 241628K (66%)
----------------- Invoking toplevel() on ptolemy.moml.MoMLSimpleApplication@35aae6c7
----------------- Done invoking toplevel() on ptolemy.moml.MoMLSimpleApplication@35aae6c7
reloadAllAccessors: .fsm_de_test

===========================================================================================
----------------- testing Fri Aug 09 05:19:57 UTC 2019 /home/travis/build/icyphy/ptII/ptolemy/domains/de/test/auto/functionDependencyReconstruction.xml
----------------- Instantiating /home/travis/build/icyphy/ptII/ptolemy/domains/de/test/auto/functionDependencyReconstruction.xml
2 ms. Memory: 364544K Free: 226748K (62%)
----------------- Invoking toplevel() on ptolemy.moml.MoMLSimpleApplication@732c2605
----------------- Done invoking toplevel() on ptolemy.moml.MoMLSimpleApplication@732c2605
reloadAllAccessors: .functionDependencyReconstruction

===========================================================================================
----------------- testing Fri Aug 09 05:19:57 UTC 2019 /home/travis/build/icyphy/ptII/ptolemy/domains/de/test/auto/multirate.xml
----------------- Instantiating /home/travis/build/icyphy/ptII/ptolemy/domains/de/test/auto/multirate.xml
2 ms. Memory: 364544K Free: 219596K (60%)
----------------- Invoking toplevel() on ptolemy.moml.MoMLSimpleApplication@1aec1d
----------------- Done invoking toplevel() on ptolemy.moml.MoMLSimpleApplication@1aec1d
reloadAllAccessors: .multirate

===========================================================================================
----------------- testing Fri Aug 09 05:19:57 UTC 2019 /home/travis/build/icyphy/ptII/ptolemy/domains/de/test/auto/multirate2.xml
----------------- Instantiating /home/travis/build/icyphy/ptII/ptolemy/domains/de/test/auto/multirate2.xml
2 ms. Memory: 364544K Free: 212956K (58%)
----------------- Invoking toplevel() on ptolemy.moml.MoMLSimpleApplication@49b9bef6
----------------- Done invoking toplevel() on ptolemy.moml.MoMLSimpleApplication@49b9bef6
reloadAllAccessors: .multirate2

===========================================================================================
----------------- testing Fri Aug 09 05:19:57 UTC 2019 /home/travis/build/icyphy/ptII/ptolemy/domains/de/test/auto/realtime.xml
----------------- Instantiating /home/travis/build/icyphy/ptII/ptolemy/domains/de/test/auto/realtime.xml
10001 ms. Memory: 364544K Free: 208346K (57%)
----------------- Invoking toplevel() on ptolemy.moml.MoMLSimpleApplication@7a28a1f2
----------------- Done invoking toplevel() on ptolemy.moml.MoMLSimpleApplication@7a28a1f2
reloadAllAccessors: .realtime

===========================================================================================
----------------- testing Fri Aug 09 05:20:07 UTC 2019 /home/travis/build/icyphy/ptII/ptolemy/domains/de/test/auto/relationGroup.xml
----------------- Instantiating /home/travis/build/icyphy/ptII/ptolemy/domains/de/test/auto/relationGroup.xml
1 ms. Memory: 364544K Free: 204764K (56%)
----------------- Invoking toplevel() on ptolemy.moml.MoMLSimpleApplication@2155e102
----------------- Done invoking toplevel() on ptolemy.moml.MoMLSimpleApplication@2155e102
reloadAllAccessors: .relationGroup

===========================================================================================
----------------- testing Fri Aug 09 05:20:07 UTC 2019 /home/travis/build/icyphy/ptII/ptolemy/domains/de/test/auto/relationGroup2.xml
----------------- Instantiating /home/travis/build/icyphy/ptII/ptolemy/domains/de/test/auto/relationGroup2.xml
2 ms. Memory: 364544K Free: 201178K (55%)
----------------- Invoking toplevel() on ptolemy.moml.MoMLSimpleApplication@165f2a7d
----------------- Done invoking toplevel() on ptolemy.moml.MoMLSimpleApplication@165f2a7d
reloadAllAccessors: .relationGroup2

===========================================================================================
----------------- testing Fri Aug 09 05:20:07 UTC 2019 /home/travis/build/icyphy/ptII/ptolemy/domains/de/test/auto/sortWithOpaquePorts.xml
----------------- Instantiating /home/travis/build/icyphy/ptII/ptolemy/domains/de/test/auto/sortWithOpaquePorts.xml
1 ms. Memory: 364544K Free: 196572K (54%)
----------------- Invoking toplevel() on ptolemy.moml.MoMLSimpleApplication@5ed0d9b7
----------------- Done invoking toplevel() on ptolemy.moml.MoMLSimpleApplication@5ed0d9b7
reloadAllAccessors: .sortWithOpaquePorts

===========================================================================================
----------------- testing Fri Aug 09 05:20:07 UTC 2019 /home/travis/build/icyphy/ptII/ptolemy/domains/de/test/auto/transferInputsandOutputs.xml
----------------- Instantiating /home/travis/build/icyphy/ptII/ptolemy/domains/de/test/auto/transferInputsandOutputs.xml
2 ms. Memory: 364544K Free: 189404K (52%)
----------------- Invoking toplevel() on ptolemy.moml.MoMLSimpleApplication@1cb176e2
----------------- Done invoking toplevel() on ptolemy.moml.MoMLSimpleApplication@1cb176e2
reloadAllAccessors: .transferInputsandOutputs

===========================================================================================
----------------- testing Fri Aug 09 05:20:07 UTC 2019 /home/travis/build/icyphy/ptII/ptolemy/domains/de/test/auto/triggerType.xml
----------------- Instantiating /home/travis/build/icyphy/ptII/ptolemy/domains/de/test/auto/triggerType.xml
1 ms. Memory: 364544K Free: 185308K (51%)
----------------- Invoking toplevel() on ptolemy.moml.MoMLSimpleApplication@49328ec6
----------------- Done invoking toplevel() on ptolemy.moml.MoMLSimpleApplication@49328ec6
reloadAllAccessors: .triggerType
AutoTests.java: About to close Vertx.
AutoTests.java: Vertx closed.
]]></system-out>
  <system-err><![CDATA[java.lang.RuntimeException: Execution failed
	at ptolemy.moml.MoMLSimpleApplication$UnloadThread.run(MoMLSimpleApplication.java:402)
Caused by: ptolemy.kernel.util.IllegalActionException: Found a zero delay loop containing .dependencyLoop.original
  in .dependencyLoop and .dependencyLoop.original
	at ptolemy.actor.util.CausalityInterfaceForComposites._computeOutputPortDepth(CausalityInterfaceForComposites.java:759)
	at ptolemy.actor.util.CausalityInterfaceForComposites._computeInputDepth(CausalityInterfaceForComposites.java:696)
	at ptolemy.actor.util.CausalityInterfaceForComposites._computeOutputPortDepth(CausalityInterfaceForComposites.java:765)
	at ptolemy.actor.util.CausalityInterfaceForComposites._computeInputDepth(CausalityInterfaceForComposites.java:696)
	at ptolemy.actor.util.CausalityInterfaceForComposites._computeOutputPortDepth(CausalityInterfaceForComposites.java:765)
	at ptolemy.actor.util.CausalityInterfaceForComposites._computeInputDepth(CausalityInterfaceForComposites.java:696)
	at ptolemy.actor.util.CausalityInterfaceForComposites._computeActorDepth(CausalityInterfaceForComposites.java:532)
	at ptolemy.actor.util.CausalityInterfaceForComposites.checkForCycles(CausalityInterfaceForComposites.java:96)
	at ptolemy.domains.de.kernel.DEDirector.preinitialize(DEDirector.java:1338)
	at ptolemy.actor.CompositeActor.preinitialize(CompositeActor.java:1828)
	at ptolemy.actor.Manager.preinitializeAndResolveTypes(Manager.java:1040)
	at ptolemy.actor.Manager.initialize(Manager.java:710)
	at ptolemy.actor.Manager.execute(Manager.java:356)
	at ptolemy.actor.Manager.run(Manager.java:1263)
	at ptolemy.actor.Manager$PtolemyRunThread.run(Manager.java:1933)
java.lang.RuntimeException: Execution failed
	at ptolemy.moml.MoMLSimpleApplication$UnloadThread.run(MoMLSimpleApplication.java:402)
Caused by: ptolemy.kernel.util.IllegalActionException: Found a zero delay loop containing .dependencyLoop2.original
  in .dependencyLoop2 and .dependencyLoop2.original
	at ptolemy.actor.util.CausalityInterfaceForComposites._computeOutputPortDepth(CausalityInterfaceForComposites.java:759)
	at ptolemy.actor.util.CausalityInterfaceForComposites._computeInputDepth(CausalityInterfaceForComposites.java:696)
	at ptolemy.actor.util.CausalityInterfaceForComposites._computeOutputPortDepth(CausalityInterfaceForComposites.java:765)
	at ptolemy.actor.util.CausalityInterfaceForComposites._computeInputDepth(CausalityInterfaceForComposites.java:696)
	at ptolemy.actor.util.CausalityInterfaceForComposites._computeOutputPortDepth(CausalityInterfaceForComposites.java:765)
	at ptolemy.actor.util.CausalityInterfaceForComposites._computeInputDepth(CausalityInterfaceForComposites.java:696)
	at ptolemy.actor.util.CausalityInterfaceForComposites._computeActorDepth(CausalityInterfaceForComposites.java:532)
	at ptolemy.actor.util.CausalityInterfaceForComposites.checkForCycles(CausalityInterfaceForComposites.java:96)
	at ptolemy.domains.de.kernel.DEDirector.preinitialize(DEDirector.java:1338)
	at ptolemy.actor.CompositeActor.preinitialize(CompositeActor.java:1828)
	at ptolemy.actor.Manager.preinitializeAndResolveTypes(Manager.java:1040)
	at ptolemy.actor.Manager.initialize(Manager.java:710)
	at ptolemy.actor.Manager.execute(Manager.java:356)
	at ptolemy.actor.Manager.run(Manager.java:1263)
	at ptolemy.actor.Manager$PtolemyRunThread.run(Manager.java:1933)
java.lang.RuntimeException: Execution failed
	at ptolemy.moml.MoMLSimpleApplication$UnloadThread.run(MoMLSimpleApplication.java:402)
Caused by: ptolemy.kernel.util.IllegalActionException: Test fails in iteration 1.
Value was: 1.0. Should have been: 2.0
  in .DirectFeedback.Test
	at ptolemy.actor.lib.Test.fire(Test.java:268)
	at ptolemy.domains.de.kernel.DEDirector._fire(DEDirector.java:1949)
	at ptolemy.domains.de.kernel.DEDirector.fire(DEDirector.java:502)
	at ptolemy.actor.CompositeActor.fire(CompositeActor.java:455)
	at ptolemy.actor.Manager.iterate(Manager.java:851)
	at ptolemy.actor.Manager.execute(Manager.java:369)
	at ptolemy.actor.Manager.run(Manager.java:1263)
	at ptolemy.actor.Manager$PtolemyRunThread.run(Manager.java:1933)
java.lang.RuntimeException: Execution failed
	at ptolemy.moml.MoMLSimpleApplication$UnloadThread.run(MoMLSimpleApplication.java:402)
Caused by: ptolemy.kernel.util.IllegalActionException: Found a zero delay loop containing .dependencyLoop.original
  in .dependencyLoop and .dependencyLoop.original
	at ptolemy.actor.util.CausalityInterfaceForComposites._computeOutputPortDepth(CausalityInterfaceForComposites.java:759)
	at ptolemy.actor.util.CausalityInterfaceForComposites._computeInputDepth(CausalityInterfaceForComposites.java:696)
	at ptolemy.actor.util.CausalityInterfaceForComposites._computeOutputPortDepth(CausalityInterfaceForComposites.java:765)
	at ptolemy.actor.util.CausalityInterfaceForComposites._computeInputDepth(CausalityInterfaceForComposites.java:696)
	at ptolemy.actor.util.CausalityInterfaceForComposites._computeOutputPortDepth(CausalityInterfaceForComposites.java:765)
	at ptolemy.actor.util.CausalityInterfaceForComposites._computeInputDepth(CausalityInterfaceForComposites.java:696)
	at ptolemy.actor.util.CausalityInterfaceForComposites._computeActorDepth(CausalityInterfaceForComposites.java:532)
	at ptolemy.actor.util.CausalityInterfaceForComposites.checkForCycles(CausalityInterfaceForComposites.java:96)
	at ptolemy.domains.de.kernel.DEDirector.preinitialize(DEDirector.java:1338)
	at ptolemy.actor.CompositeActor.preinitialize(CompositeActor.java:1828)
	at ptolemy.actor.Manager.preinitializeAndResolveTypes(Manager.java:1040)
	at ptolemy.actor.Manager.initialize(Manager.java:710)
	at ptolemy.actor.Manager.execute(Manager.java:356)
	at ptolemy.actor.Manager.run(Manager.java:1263)
	at ptolemy.actor.Manager$PtolemyRunThread.run(Manager.java:1933)
java.lang.RuntimeException: Execution failed
	at ptolemy.moml.MoMLSimpleApplication$UnloadThread.run(MoMLSimpleApplication.java:402)
Caused by: ptolemy.kernel.util.IllegalActionException: Found a zero delay loop containing .HierarchicalModel.A
  in .HierarchicalModel and .HierarchicalModel.A
	at ptolemy.actor.util.CausalityInterfaceForComposites._computeOutputPortDepth(CausalityInterfaceForComposites.java:759)
	at ptolemy.actor.util.CausalityInterfaceForComposites._computeInputDepth(CausalityInterfaceForComposites.java:696)
	at ptolemy.actor.util.CausalityInterfaceForComposites._computeOutputPortDepth(CausalityInterfaceForComposites.java:765)
	at ptolemy.actor.util.CausalityInterfaceForComposites._computeInputDepth(CausalityInterfaceForComposites.java:696)
	at ptolemy.actor.util.CausalityInterfaceForComposites._computeOutputPortDepth(CausalityInterfaceForComposites.java:765)
	at ptolemy.actor.util.CausalityInterfaceForComposites._computeInputDepth(CausalityInterfaceForComposites.java:696)
	at ptolemy.actor.util.CausalityInterfaceForComposites._computeActorDepth(CausalityInterfaceForComposites.java:532)
	at ptolemy.actor.util.CausalityInterfaceForComposites.checkForCycles(CausalityInterfaceForComposites.java:96)
	at ptolemy.domains.de.kernel.DEDirector.preinitialize(DEDirector.java:1338)
	at ptolemy.actor.CompositeActor.preinitialize(CompositeActor.java:1828)
	at ptolemy.actor.Manager.preinitializeAndResolveTypes(Manager.java:1040)
	at ptolemy.actor.Manager.initialize(Manager.java:710)
	at ptolemy.actor.Manager.execute(Manager.java:356)
	at ptolemy.actor.Manager.run(Manager.java:1263)
	at ptolemy.actor.Manager$PtolemyRunThread.run(Manager.java:1933)
java.lang.RuntimeException: Execution failed
	at ptolemy.moml.MoMLSimpleApplication$UnloadThread.run(MoMLSimpleApplication.java:402)
Caused by: ptolemy.kernel.util.IllegalActionException: Found a zero delay loop containing .dependencyLoop2.original
  in .dependencyLoop2 and .dependencyLoop2.original
	at ptolemy.actor.util.CausalityInterfaceForComposites._computeOutputPortDepth(CausalityInterfaceForComposites.java:759)
	at ptolemy.actor.util.CausalityInterfaceForComposites._computeInputDepth(CausalityInterfaceForComposites.java:696)
	at ptolemy.actor.util.CausalityInterfaceForComposites._computeOutputPortDepth(CausalityInterfaceForComposites.java:765)
	at ptolemy.actor.util.CausalityInterfaceForComposites._computeInputDepth(CausalityInterfaceForComposites.java:696)
	at ptolemy.actor.util.CausalityInterfaceForComposites._computeOutputPortDepth(CausalityInterfaceForComposites.java:765)
	at ptolemy.actor.util.CausalityInterfaceForComposites._computeInputDepth(CausalityInterfaceForComposites.java:696)
	at ptolemy.actor.util.CausalityInterfaceForComposites._computeActorDepth(CausalityInterfaceForComposites.java:532)
	at ptolemy.actor.util.CausalityInterfaceForComposites.checkForCycles(CausalityInterfaceForComposites.java:96)
	at ptolemy.domains.de.kernel.DEDirector.preinitialize(DEDirector.java:1338)
	at ptolemy.actor.CompositeActor.preinitialize(CompositeActor.java:1828)
	at ptolemy.actor.Manager.preinitializeAndResolveTypes(Manager.java:1040)
	at ptolemy.actor.Manager.initialize(Manager.java:710)
	at ptolemy.actor.Manager.execute(Manager.java:356)
	at ptolemy.actor.Manager.run(Manager.java:1263)
	at ptolemy.actor.Manager$PtolemyRunThread.run(Manager.java:1933)
java.lang.RuntimeException: Execution failed
	at ptolemy.moml.MoMLSimpleApplication$UnloadThread.run(MoMLSimpleApplication.java:402)
Caused by: ptolemy.kernel.util.IllegalActionException: Actor is not ready to fire.  Perhaps UpSample.prefire() returned false? Try debugging the actor by selecting "Listen to Actor".  Also, for SDF check moml for tokenConsumptionRate on input.
  in .DESDFClockTest.Play Bell.Copy1:SDF Director and .DESDFClockTest.Play Bell.UpSample
	at ptolemy.actor.sched.StaticSchedulingDirector.fire(StaticSchedulingDirector.java:227)
	at ptolemy.domains.sdf.kernel.SDFDirector.fire(SDFDirector.java:500)
	at ptolemy.actor.CompositeActor.fire(CompositeActor.java:455)
	at ptolemy.domains.de.kernel.DEDirector._fire(DEDirector.java:1949)
	at ptolemy.domains.de.kernel.DEDirector.fire(DEDirector.java:502)
	at ptolemy.actor.CompositeActor.fire(CompositeActor.java:455)
	at ptolemy.actor.Manager.iterate(Manager.java:851)
	at ptolemy.actor.Manager.execute(Manager.java:369)
	at ptolemy.actor.Manager.run(Manager.java:1263)
	at ptolemy.actor.Manager$PtolemyRunThread.run(Manager.java:1933)
java.lang.RuntimeException: Execution failed
	at ptolemy.moml.MoMLSimpleApplication$UnloadThread.run(MoMLSimpleApplication.java:402)
Caused by: ptolemy.kernel.util.IllegalActionException: Actor is not ready to fire.  Perhaps UpSample.prefire() returned false? Try debugging the actor by selecting "Listen to Actor".  Also, for SDF check moml for tokenConsumptionRate on input.
  in .DESDFClockTest.Play Bell.Copy1:SDF Director and .DESDFClockTest.Play Bell.UpSample
	at ptolemy.actor.sched.StaticSchedulingDirector.fire(StaticSchedulingDirector.java:227)
	at ptolemy.domains.sdf.kernel.SDFDirector.fire(SDFDirector.java:500)
	at ptolemy.actor.CompositeActor.fire(CompositeActor.java:455)
	at ptolemy.domains.de.kernel.DEDirector._fire(DEDirector.java:1949)
	at ptolemy.domains.de.kernel.DEDirector.fire(DEDirector.java:502)
	at ptolemy.actor.CompositeActor.fire(CompositeActor.java:455)
	at ptolemy.actor.Manager.iterate(Manager.java:851)
	at ptolemy.actor.Manager.execute(Manager.java:369)
	at ptolemy.actor.Manager.run(Manager.java:1263)
	at ptolemy.actor.Manager$PtolemyRunThread.run(Manager.java:1933)
java.lang.reflect.InvocationTargetException
	at java.base/jdk.internal.reflect.NativeConstructorAccessorImpl.newInstance0(Native Method)
	at java.base/jdk.internal.reflect.NativeConstructorAccessorImpl.newInstance(NativeConstructorAccessorImpl.java:62)
	at java.base/jdk.internal.reflect.DelegatingConstructorAccessorImpl.newInstance(DelegatingConstructorAccessorImpl.java:45)
	at java.base/java.lang.reflect.Constructor.newInstance(Constructor.java:490)
	at ptolemy.util.test.junit.AutoKnownFailedTests.RunModel(AutoKnownFailedTests.java:105)
	at java.base/jdk.internal.reflect.NativeMethodAccessorImpl.invoke0(Native Method)
	at java.base/jdk.internal.reflect.NativeMethodAccessorImpl.invoke(NativeMethodAccessorImpl.java:62)
	at java.base/jdk.internal.reflect.DelegatingMethodAccessorImpl.invoke(DelegatingMethodAccessorImpl.java:43)
	at java.base/java.lang.reflect.Method.invoke(Method.java:566)
	at org.junit.runners.model.FrameworkMethod$1.runReflectiveCall(FrameworkMethod.java:44)
	at org.junit.internal.runners.model.ReflectiveCallable.run(ReflectiveCallable.java:15)
	at org.junit.runners.model.FrameworkMethod.invokeExplosively(FrameworkMethod.java:41)
	at junitparams.internal.InvokeParameterisedMethod.evaluate(InvokeParameterisedMethod.java:102)
	at org.junit.internal.runners.statements.FailOnTimeout$1.run(FailOnTimeout.java:28)
Caused by: ptolemy.kernel.util.IllegalActionException: Actor is not ready to fire.  Perhaps UpSample.prefire() returned false? Try debugging the actor by selecting "Listen to Actor".  Also, for SDF check moml for tokenConsumptionRate on input.
  in .DESDFClockTest.Play Bell.Copy1:SDF Director and .DESDFClockTest.Play Bell.UpSample
	at ptolemy.actor.sched.StaticSchedulingDirector.fire(StaticSchedulingDirector.java:227)
	at ptolemy.domains.sdf.kernel.SDFDirector.fire(SDFDirector.java:500)
	at ptolemy.actor.CompositeActor.fire(CompositeActor.java:455)
	at ptolemy.domains.de.kernel.DEDirector._fire(DEDirector.java:1949)
	at ptolemy.domains.de.kernel.DEDirector.fire(DEDirector.java:502)
	at ptolemy.actor.CompositeActor.fire(CompositeActor.java:455)
	at ptolemy.actor.Manager.iterate(Manager.java:851)
	at ptolemy.actor.Manager.execute(Manager.java:369)
	at ptolemy.actor.Manager.run(Manager.java:1263)
	at ptolemy.actor.Manager$PtolemyRunThread.run(Manager.java:1933)
java.lang.RuntimeException: Execution failed
	at ptolemy.moml.MoMLSimpleApplication$UnloadThread.run(MoMLSimpleApplication.java:402)
Caused by: ptolemy.kernel.util.IllegalActionException: Test fails in iteration 1.
Value was: 1.0. Should have been: 2.0
  in .DirectFeedback.Test
	at ptolemy.actor.lib.Test.fire(Test.java:268)
	at ptolemy.domains.de.kernel.DEDirector._fire(DEDirector.java:1949)
	at ptolemy.domains.de.kernel.DEDirector.fire(DEDirector.java:502)
	at ptolemy.actor.CompositeActor.fire(CompositeActor.java:455)
	at ptolemy.actor.Manager.iterate(Manager.java:851)
	at ptolemy.actor.Manager.execute(Manager.java:369)
	at ptolemy.actor.Manager.run(Manager.java:1263)
	at ptolemy.actor.Manager$PtolemyRunThread.run(Manager.java:1933)
java.lang.reflect.InvocationTargetException
	at java.base/jdk.internal.reflect.NativeConstructorAccessorImpl.newInstance0(Native Method)
	at java.base/jdk.internal.reflect.NativeConstructorAccessorImpl.newInstance(NativeConstructorAccessorImpl.java:62)
	at java.base/jdk.internal.reflect.DelegatingConstructorAccessorImpl.newInstance(DelegatingConstructorAccessorImpl.java:45)
	at java.base/java.lang.reflect.Constructor.newInstance(Constructor.java:490)
	at ptolemy.util.test.junit.AutoKnownFailedTests.RunModel(AutoKnownFailedTests.java:105)
	at java.base/jdk.internal.reflect.NativeMethodAccessorImpl.invoke0(Native Method)
	at java.base/jdk.internal.reflect.NativeMethodAccessorImpl.invoke(NativeMethodAccessorImpl.java:62)
	at java.base/jdk.internal.reflect.DelegatingMethodAccessorImpl.invoke(DelegatingMethodAccessorImpl.java:43)
	at java.base/java.lang.reflect.Method.invoke(Method.java:566)
	at org.junit.runners.model.FrameworkMethod$1.runReflectiveCall(FrameworkMethod.java:44)
	at org.junit.internal.runners.model.ReflectiveCallable.run(ReflectiveCallable.java:15)
	at org.junit.runners.model.FrameworkMethod.invokeExplosively(FrameworkMethod.java:41)
	at junitparams.internal.InvokeParameterisedMethod.evaluate(InvokeParameterisedMethod.java:102)
	at org.junit.internal.runners.statements.FailOnTimeout$1.run(FailOnTimeout.java:28)
Caused by: ptolemy.kernel.util.IllegalActionException: Test fails in iteration 1.
Value was: 1.0. Should have been: 2.0
  in .DirectFeedback.Test
	at ptolemy.actor.lib.Test.fire(Test.java:268)
	at ptolemy.domains.de.kernel.DEDirector._fire(DEDirector.java:1949)
	at ptolemy.domains.de.kernel.DEDirector.fire(DEDirector.java:502)
	at ptolemy.actor.CompositeActor.fire(CompositeActor.java:455)
	at ptolemy.actor.Manager.iterate(Manager.java:851)
	at ptolemy.actor.Manager.execute(Manager.java:369)
	at ptolemy.actor.Manager.run(Manager.java:1263)
	at ptolemy.actor.Manager$PtolemyRunThread.run(Manager.java:1933)
java.lang.RuntimeException: Execution failed
	at ptolemy.moml.MoMLSimpleApplication$UnloadThread.run(MoMLSimpleApplication.java:402)
Caused by: ptolemy.kernel.util.IllegalActionException: Found a zero delay loop containing .HierarchicalModel.A
  in .HierarchicalModel and .HierarchicalModel.A
	at ptolemy.actor.util.CausalityInterfaceForComposites._computeOutputPortDepth(CausalityInterfaceForComposites.java:759)
	at ptolemy.actor.util.CausalityInterfaceForComposites._computeInputDepth(CausalityInterfaceForComposites.java:696)
	at ptolemy.actor.util.CausalityInterfaceForComposites._computeOutputPortDepth(CausalityInterfaceForComposites.java:765)
	at ptolemy.actor.util.CausalityInterfaceForComposites._computeInputDepth(CausalityInterfaceForComposites.java:696)
	at ptolemy.actor.util.CausalityInterfaceForComposites._computeOutputPortDepth(CausalityInterfaceForComposites.java:765)
	at ptolemy.actor.util.CausalityInterfaceForComposites._computeInputDepth(CausalityInterfaceForComposites.java:696)
	at ptolemy.actor.util.CausalityInterfaceForComposites._computeActorDepth(CausalityInterfaceForComposites.java:532)
	at ptolemy.actor.util.CausalityInterfaceForComposites.checkForCycles(CausalityInterfaceForComposites.java:96)
	at ptolemy.domains.de.kernel.DEDirector.preinitialize(DEDirector.java:1338)
	at ptolemy.actor.CompositeActor.preinitialize(CompositeActor.java:1828)
	at ptolemy.actor.Manager.preinitializeAndResolveTypes(Manager.java:1040)
	at ptolemy.actor.Manager.initialize(Manager.java:710)
	at ptolemy.actor.Manager.execute(Manager.java:356)
	at ptolemy.actor.Manager.run(Manager.java:1263)
	at ptolemy.actor.Manager$PtolemyRunThread.run(Manager.java:1933)
java.lang.reflect.InvocationTargetException
	at java.base/jdk.internal.reflect.NativeConstructorAccessorImpl.newInstance0(Native Method)
	at java.base/jdk.internal.reflect.NativeConstructorAccessorImpl.newInstance(NativeConstructorAccessorImpl.java:62)
	at java.base/jdk.internal.reflect.DelegatingConstructorAccessorImpl.newInstance(DelegatingConstructorAccessorImpl.java:45)
	at java.base/java.lang.reflect.Constructor.newInstance(Constructor.java:490)
	at ptolemy.util.test.junit.AutoKnownFailedTests.RunModel(AutoKnownFailedTests.java:105)
	at java.base/jdk.internal.reflect.NativeMethodAccessorImpl.invoke0(Native Method)
	at java.base/jdk.internal.reflect.NativeMethodAccessorImpl.invoke(NativeMethodAccessorImpl.java:62)
	at java.base/jdk.internal.reflect.DelegatingMethodAccessorImpl.invoke(DelegatingMethodAccessorImpl.java:43)
	at java.base/java.lang.reflect.Method.invoke(Method.java:566)
	at org.junit.runners.model.FrameworkMethod$1.runReflectiveCall(FrameworkMethod.java:44)
	at org.junit.internal.runners.model.ReflectiveCallable.run(ReflectiveCallable.java:15)
	at org.junit.runners.model.FrameworkMethod.invokeExplosively(FrameworkMethod.java:41)
	at junitparams.internal.InvokeParameterisedMethod.evaluate(InvokeParameterisedMethod.java:102)
	at org.junit.internal.runners.statements.FailOnTimeout$1.run(FailOnTimeout.java:28)
Caused by: ptolemy.kernel.util.IllegalActionException: Found a zero delay loop containing .HierarchicalModel.A
  in .HierarchicalModel and .HierarchicalModel.A
	at ptolemy.actor.util.CausalityInterfaceForComposites._computeOutputPortDepth(CausalityInterfaceForComposites.java:759)
	at ptolemy.actor.util.CausalityInterfaceForComposites._computeInputDepth(CausalityInterfaceForComposites.java:696)
	at ptolemy.actor.util.CausalityInterfaceForComposites._computeOutputPortDepth(CausalityInterfaceForComposites.java:765)
	at ptolemy.actor.util.CausalityInterfaceForComposites._computeInputDepth(CausalityInterfaceForComposites.java:696)
	at ptolemy.actor.util.CausalityInterfaceForComposites._computeOutputPortDepth(CausalityInterfaceForComposites.java:765)
	at ptolemy.actor.util.CausalityInterfaceForComposites._computeInputDepth(CausalityInterfaceForComposites.java:696)
	at ptolemy.actor.util.CausalityInterfaceForComposites._computeActorDepth(CausalityInterfaceForComposites.java:532)
	at ptolemy.actor.util.CausalityInterfaceForComposites.checkForCycles(CausalityInterfaceForComposites.java:96)
	at ptolemy.domains.de.kernel.DEDirector.preinitialize(DEDirector.java:1338)
	at ptolemy.actor.CompositeActor.preinitialize(CompositeActor.java:1828)
	at ptolemy.actor.Manager.preinitializeAndResolveTypes(Manager.java:1040)
	at ptolemy.actor.Manager.initialize(Manager.java:710)
	at ptolemy.actor.Manager.execute(Manager.java:356)
	at ptolemy.actor.Manager.run(Manager.java:1263)
	at ptolemy.actor.Manager$PtolemyRunThread.run(Manager.java:1933)
java.lang.RuntimeException: Execution failed
	at ptolemy.moml.MoMLSimpleApplication$UnloadThread.run(MoMLSimpleApplication.java:402)
Caused by: ptolemy.kernel.util.IllegalActionException: Found a zero delay loop containing .dependencyLoop.original
  in .dependencyLoop and .dependencyLoop.original
	at ptolemy.actor.util.CausalityInterfaceForComposites._computeOutputPortDepth(CausalityInterfaceForComposites.java:759)
	at ptolemy.actor.util.CausalityInterfaceForComposites._computeInputDepth(CausalityInterfaceForComposites.java:696)
	at ptolemy.actor.util.CausalityInterfaceForComposites._computeOutputPortDepth(CausalityInterfaceForComposites.java:765)
	at ptolemy.actor.util.CausalityInterfaceForComposites._computeInputDepth(CausalityInterfaceForComposites.java:696)
	at ptolemy.actor.util.CausalityInterfaceForComposites._computeOutputPortDepth(CausalityInterfaceForComposites.java:765)
	at ptolemy.actor.util.CausalityInterfaceForComposites._computeInputDepth(CausalityInterfaceForComposites.java:696)
	at ptolemy.actor.util.CausalityInterfaceForComposites._computeActorDepth(CausalityInterfaceForComposites.java:532)
	at ptolemy.actor.util.CausalityInterfaceForComposites.checkForCycles(CausalityInterfaceForComposites.java:96)
	at ptolemy.domains.de.kernel.DEDirector.preinitialize(DEDirector.java:1338)
	at ptolemy.actor.CompositeActor.preinitialize(CompositeActor.java:1828)
	at ptolemy.actor.Manager.preinitializeAndResolveTypes(Manager.java:1040)
	at ptolemy.actor.Manager.initialize(Manager.java:710)
	at ptolemy.actor.Manager.execute(Manager.java:356)
	at ptolemy.actor.Manager.run(Manager.java:1263)
	at ptolemy.actor.Manager$PtolemyRunThread.run(Manager.java:1933)
java.lang.reflect.InvocationTargetException
	at java.base/jdk.internal.reflect.NativeConstructorAccessorImpl.newInstance0(Native Method)
	at java.base/jdk.internal.reflect.NativeConstructorAccessorImpl.newInstance(NativeConstructorAccessorImpl.java:62)
	at java.base/jdk.internal.reflect.DelegatingConstructorAccessorImpl.newInstance(DelegatingConstructorAccessorImpl.java:45)
	at java.base/java.lang.reflect.Constructor.newInstance(Constructor.java:490)
	at ptolemy.util.test.junit.AutoKnownFailedTests.RunModel(AutoKnownFailedTests.java:105)
	at java.base/jdk.internal.reflect.NativeMethodAccessorImpl.invoke0(Native Method)
	at java.base/jdk.internal.reflect.NativeMethodAccessorImpl.invoke(NativeMethodAccessorImpl.java:62)
	at java.base/jdk.internal.reflect.DelegatingMethodAccessorImpl.invoke(DelegatingMethodAccessorImpl.java:43)
	at java.base/java.lang.reflect.Method.invoke(Method.java:566)
	at org.junit.runners.model.FrameworkMethod$1.runReflectiveCall(FrameworkMethod.java:44)
	at org.junit.internal.runners.model.ReflectiveCallable.run(ReflectiveCallable.java:15)
	at org.junit.runners.model.FrameworkMethod.invokeExplosively(FrameworkMethod.java:41)
	at junitparams.internal.InvokeParameterisedMethod.evaluate(InvokeParameterisedMethod.java:102)
	at org.junit.internal.runners.statements.FailOnTimeout$1.run(FailOnTimeout.java:28)
Caused by: ptolemy.kernel.util.IllegalActionException: Found a zero delay loop containing .dependencyLoop.original
  in .dependencyLoop and .dependencyLoop.original
	at ptolemy.actor.util.CausalityInterfaceForComposites._computeOutputPortDepth(CausalityInterfaceForComposites.java:759)
	at ptolemy.actor.util.CausalityInterfaceForComposites._computeInputDepth(CausalityInterfaceForComposites.java:696)
	at ptolemy.actor.util.CausalityInterfaceForComposites._computeOutputPortDepth(CausalityInterfaceForComposites.java:765)
	at ptolemy.actor.util.CausalityInterfaceForComposites._computeInputDepth(CausalityInterfaceForComposites.java:696)
	at ptolemy.actor.util.CausalityInterfaceForComposites._computeOutputPortDepth(CausalityInterfaceForComposites.java:765)
	at ptolemy.actor.util.CausalityInterfaceForComposites._computeInputDepth(CausalityInterfaceForComposites.java:696)
	at ptolemy.actor.util.CausalityInterfaceForComposites._computeActorDepth(CausalityInterfaceForComposites.java:532)
	at ptolemy.actor.util.CausalityInterfaceForComposites.checkForCycles(CausalityInterfaceForComposites.java:96)
	at ptolemy.domains.de.kernel.DEDirector.preinitialize(DEDirector.java:1338)
	at ptolemy.actor.CompositeActor.preinitialize(CompositeActor.java:1828)
	at ptolemy.actor.Manager.preinitializeAndResolveTypes(Manager.java:1040)
	at ptolemy.actor.Manager.initialize(Manager.java:710)
	at ptolemy.actor.Manager.execute(Manager.java:356)
	at ptolemy.actor.Manager.run(Manager.java:1263)
	at ptolemy.actor.Manager$PtolemyRunThread.run(Manager.java:1933)
java.lang.RuntimeException: Execution failed
	at ptolemy.moml.MoMLSimpleApplication$UnloadThread.run(MoMLSimpleApplication.java:402)
Caused by: ptolemy.kernel.util.IllegalActionException: Found a zero delay loop containing .dependencyLoop2.original
  in .dependencyLoop2 and .dependencyLoop2.original
	at ptolemy.actor.util.CausalityInterfaceForComposites._computeOutputPortDepth(CausalityInterfaceForComposites.java:759)
	at ptolemy.actor.util.CausalityInterfaceForComposites._computeInputDepth(CausalityInterfaceForComposites.java:696)
	at ptolemy.actor.util.CausalityInterfaceForComposites._computeOutputPortDepth(CausalityInterfaceForComposites.java:765)
	at ptolemy.actor.util.CausalityInterfaceForComposites._computeInputDepth(CausalityInterfaceForComposites.java:696)
	at ptolemy.actor.util.CausalityInterfaceForComposites._computeOutputPortDepth(CausalityInterfaceForComposites.java:765)
	at ptolemy.actor.util.CausalityInterfaceForComposites._computeInputDepth(CausalityInterfaceForComposites.java:696)
	at ptolemy.actor.util.CausalityInterfaceForComposites._computeActorDepth(CausalityInterfaceForComposites.java:532)
	at ptolemy.actor.util.CausalityInterfaceForComposites.checkForCycles(CausalityInterfaceForComposites.java:96)
	at ptolemy.domains.de.kernel.DEDirector.preinitialize(DEDirector.java:1338)
	at ptolemy.actor.CompositeActor.preinitialize(CompositeActor.java:1828)
	at ptolemy.actor.Manager.preinitializeAndResolveTypes(Manager.java:1040)
	at ptolemy.actor.Manager.initialize(Manager.java:710)
	at ptolemy.actor.Manager.execute(Manager.java:356)
	at ptolemy.actor.Manager.run(Manager.java:1263)
	at ptolemy.actor.Manager$PtolemyRunThread.run(Manager.java:1933)
java.lang.reflect.InvocationTargetException
	at java.base/jdk.internal.reflect.NativeConstructorAccessorImpl.newInstance0(Native Method)
	at java.base/jdk.internal.reflect.NativeConstructorAccessorImpl.newInstance(NativeConstructorAccessorImpl.java:62)
	at java.base/jdk.internal.reflect.DelegatingConstructorAccessorImpl.newInstance(DelegatingConstructorAccessorImpl.java:45)
	at java.base/java.lang.reflect.Constructor.newInstance(Constructor.java:490)
	at ptolemy.util.test.junit.AutoKnownFailedTests.RunModel(AutoKnownFailedTests.java:105)
	at java.base/jdk.internal.reflect.NativeMethodAccessorImpl.invoke0(Native Method)
	at java.base/jdk.internal.reflect.NativeMethodAccessorImpl.invoke(NativeMethodAccessorImpl.java:62)
	at java.base/jdk.internal.reflect.DelegatingMethodAccessorImpl.invoke(DelegatingMethodAccessorImpl.java:43)
	at java.base/java.lang.reflect.Method.invoke(Method.java:566)
	at org.junit.runners.model.FrameworkMethod$1.runReflectiveCall(FrameworkMethod.java:44)
	at org.junit.internal.runners.model.ReflectiveCallable.run(ReflectiveCallable.java:15)
	at org.junit.runners.model.FrameworkMethod.invokeExplosively(FrameworkMethod.java:41)
	at junitparams.internal.InvokeParameterisedMethod.evaluate(InvokeParameterisedMethod.java:102)
	at org.junit.internal.runners.statements.FailOnTimeout$1.run(FailOnTimeout.java:28)
Caused by: ptolemy.kernel.util.IllegalActionException: Found a zero delay loop containing .dependencyLoop2.original
  in .dependencyLoop2 and .dependencyLoop2.original
	at ptolemy.actor.util.CausalityInterfaceForComposites._computeOutputPortDepth(CausalityInterfaceForComposites.java:759)
	at ptolemy.actor.util.CausalityInterfaceForComposites._computeInputDepth(CausalityInterfaceForComposites.java:696)
	at ptolemy.actor.util.CausalityInterfaceForComposites._computeOutputPortDepth(CausalityInterfaceForComposites.java:765)
	at ptolemy.actor.util.CausalityInterfaceForComposites._computeInputDepth(CausalityInterfaceForComposites.java:696)
	at ptolemy.actor.util.CausalityInterfaceForComposites._computeOutputPortDepth(CausalityInterfaceForComposites.java:765)
	at ptolemy.actor.util.CausalityInterfaceForComposites._computeInputDepth(CausalityInterfaceForComposites.java:696)
	at ptolemy.actor.util.CausalityInterfaceForComposites._computeActorDepth(CausalityInterfaceForComposites.java:532)
	at ptolemy.actor.util.CausalityInterfaceForComposites.checkForCycles(CausalityInterfaceForComposites.java:96)
	at ptolemy.domains.de.kernel.DEDirector.preinitialize(DEDirector.java:1338)
	at ptolemy.actor.CompositeActor.preinitialize(CompositeActor.java:1828)
	at ptolemy.actor.Manager.preinitializeAndResolveTypes(Manager.java:1040)
	at ptolemy.actor.Manager.initialize(Manager.java:710)
	at ptolemy.actor.Manager.execute(Manager.java:356)
	at ptolemy.actor.Manager.run(Manager.java:1263)
	at ptolemy.actor.Manager$PtolemyRunThread.run(Manager.java:1933)
]]></system-err>
</testsuite>
