<?xml version="1.0" encoding="UTF-8" ?>
<testsuite errors="0" failures="0" hostname="travis-job-180fe8bd-c4e6-4098-81c9-6e8386fbfbc7" name="ptolemy.domains.sr.test.junit.JUnitTclTest" skipped="0" tests="35" time="4.737" timestamp="2019-08-05T18:52:25">
  <properties>
    <property name="npm.executable" value="npm" />
    <property name="env.TRAVIS_ROOT" value="/" />
    <property name="ptII.mk.exists" value="true" />
    <property name="env.TRAVIS_APP_HOST" value="build.travis-ci.org" />
    <property name="env.rvm_bin_path" value="/home/travis/.rvm/bin" />
    <property name="java.home" value="/usr/local/lib/jvm/openjdk11" />
    <property name="env.TRAVIS_JOB_NUMBER" value="1286.9" />
    <property name="env.TRAVIS_HOME" value="/home/travis" />
    <property name="env.DISPLAY" value=":99.0" />
    <property name="env.TRAVIS_INIT" value="systemd" />
    <property name="env.SSH_TTY" value="/dev/pts/0" />
    <property name="java.net.preferIPv4Stack" value="true" />
    <property name="env.RUN_TESTS" value="true" />
    <property name="timeout.short" value="1000000" />
    <property name="junit.formatter" value="xml" />
    <property name="env.TRAVIS_SUDO" value="true" />
    <property name="env.TRAVIS_JOB_NAME" value="" />
    <property name="env.TRAVIS_STACK_NODE_ATTRIBUTES" value="/.node-attributes.yml" />
    <property name="env.LOGNAME" value="travis" />
    <property name="jsdoc.home" value="node_modules/@terraswarm/jsdoc" />
    <property name="debuglevel" value="source,lines,vars" />
    <property name="checkstyle.formatter" value="xml" />
    <property name="env._system_version" value="16.04" />
    <property name="bin.vergil.makeable" value="true" />
    <property name="sun.os.patch.level" value="unknown" />
    <property name="java.vendor.url" value="http://java.oracle.com/" />
    <property name="env.TRAVIS_BUILD_WEB_URL" value="https://travis-ci.org/icyphy/ptII/builds/567994364" />
    <property name="java.version" value="11.0.2" />
    <property name="env.TZ" value="UTC" />
    <property name="env.TRAVIS_PULL_REQUEST_SHA" value="" />
    <property name="env.PT_NO_NET" value="true" />
    <property name="env.TRAVIS_SECURE_ENV_VARS" value="true" />
    <property name="env._system_type" value="Linux" />
    <property name="java.vendor.url.bug" value="http://bugreport.java.com/bugreport/" />
    <property name="npmjs-org-is-up" value="true" />
    <property name="env.LANGUAGE" value="en_US.UTF-8" />
    <property name="env.SSH_CLIENT" value="10.24.13.8 36990 22" />
    <property name="env.GEM_HOME" value="/home/travis/.rvm/gems/ruby-2.5.3" />
    <property name="env.HAS_ANTARES_THREE_LITTLE_FRONZIES_BADGE" value="true" />
    <property name="java.version.date" value="2019-01-15" />
    <property name="env.PS4" value="+" />
    <property name="ant.project.invoked-targets" value="build,test.core2.xml" />
    <property name="env.TRAVIS_PULL_REQUEST_BRANCH" value="" />
    <property name="env.TRAVIS_REPO_SLUG" value="icyphy/ptII" />
    <property name="env.XDG_DATA_DIRS" value="/usr/local/share:/usr/share:/var/lib/snapd/desktop" />
    <property name="jdk.debug" value="release" />
    <property name="env.TRAVIS_APT_PROXY" value="http://apt.cache.travis-ci.com" />
    <property name="node.in.path" value="true" />
    <property name="user.name" value="travis" />
    <property name="java.maxmemory" value="1400m" />
    <property name="env.RUBY_VERSION" value="ruby-2.5.3" />
    <property name="env.LANG" value="en_US.UTF-8" />
    <property name="sun.io.unicode.encoding" value="UnicodeLittle" />
    <property name="sun.jnu.encoding" value="UTF-8" />
    <property name="java.runtime.name" value="OpenJDK Runtime Environment" />
    <property name="usefile" value="false" />
    <property name="return.code" value="0" />
    <property name="junit.single.formatter" value="plain" />
    <property name="env.DYLD_LIBRARY_PATH" value="/home/travis/pthla/certi-tools/lib:" />
    <property name="env.DEBIAN_FRONTEND" value="noninteractive" />
    <property name="env.SSH_CONNECTION" value="10.24.13.8 36990 10.20.0.4 22" />
    <property name="env.MYSQL_UNIX_PORT" value="/var/run/mysqld/mysqld.sock" />
    <property name="env.LC_ALL" value="en_US.UTF-8" />
    <property name="env.TRAVIS_ALLOW_FAILURE" value="false" />
    <property name="env.TRAVIS_JOB_WEB_URL" value="https://travis-ci.org/icyphy/ptII/jobs/567994373" />
    <property name="java.specification.name" value="Java Platform API Specification" />
    <property name="node.works" value="true" />
    <property name="user.timezone" value="" />
    <property name="path.separator" value=":" />
    <property name="env.TRAVIS_ENABLE_INFRA_DETECTION" value="true" />
    <property name="env.PYTHON_CFLAGS" value="-g -fstack-protector --param=ssp-buffer-size=4 -Wformat -Werror=format-security" />
    <property name="timeout.long" value="4000000" />
    <property name="env.CERTI_HOME" value="/home/travis/pthla/certi-tools" />
    <property name="ant.file.ptII" value="/home/travis/build/icyphy/ptII/build.xml" />
    <property name="javadoc.packagenames" value="com.*,diva.*,lbnl.*,org.hlacerti.*,org.json.*,org.ptolemy.*,org.terraswarm.*,ptolemy.*,ptserver.*" />
    <property name="file.encoding" value="UTF-8" />
    <property name="env.TRAVIS_PULL_REQUEST_SLUG" value="" />
    <property name="ant.project.default-target" value="build" />
    <property name="env.GIT_ASKPASS" value="echo" />
    <property name="env.HOME" value="/home/travis" />
    <property name="sun.java.command" value="org.apache.tools.ant.taskdefs.optional.junit.JUnitTestRunner ptolemy.domains.sr.test.junit.JUnitTclTest skipNonTests=false filtertrace=true haltOnError=false haltOnFailure=false formatter=org.apache.tools.ant.taskdefs.optional.junit.OutErrSummaryJUnitResultFormatter showoutput=true outputtoformatters=true logfailedtests=true threadid=0 logtestlistenerevents=false formatter=org.apache.tools.ant.taskdefs.optional.junit.XMLJUnitResultFormatter,/home/travis/build/icyphy/ptII/reports/junit/TEST-ptolemy.domains.sr.test.junit.JUnitTclTest.xml crashfile=/home/travis/build/icyphy/ptII/junitvmwatcher16717741861370403755.properties propsfile=/home/travis/build/icyphy/ptII/junit3008059010587257472.properties" />
    <property name="env.COMPOSER_NO_INTERACTION" value="1" />
    <property name="env.MANPATH" value="/home/travis/.nvm/versions/node/v7.10.1/share/man:/home/travis/.rvm/rubies/ruby-2.5.3/share/man:/usr/local/cmake-3.12.4/man:/usr/local/clang-7.0.0/share/man:/usr/local/man:/usr/local/share/man:/usr/share/man:/home/travis/.rvm/man" />
    <property name="env.TRAVIS_TIMER_ID" value="01f07b9c" />
    <property name="ant.file" value="/home/travis/build/icyphy/ptII/build.xml" />
    <property name="env.TRAVIS_COMMIT_RANGE" value="0fc25f2a9b1a...5ce035d1dd58" />
    <property name="env._system_name" value="Ubuntu" />
    <property name="ptII.classpath.optional.property" value="/home/travis/build/icyphy/ptII/lib/bsh-2.0b4.jar:/home/travis/build/icyphy/ptII/lib/ptCal.jar:/home/travis/build/icyphy/ptII/lib/java_cup.jar:/home/travis/build/icyphy/ptII/lib/saxon8.jar:/home/travis/build/icyphy/ptII/lib/saxon8-dom.jar:/home/travis/build/icyphy/ptII/lib/chic.jar:/home/travis/build/icyphy/ptII/lib/ptcolt.jar:/home/travis/build/icyphy/ptII/vendors/misc/itext/iText.jar:/home/travis/build/icyphy/ptII/lib/g4ltl.jar:/home/travis/build/icyphy/ptII/lib/StructuralCoder.jar:/home/travis/build/icyphy/ptII/lib/jcerti.jar:/home/travis/build/icyphy/ptII/lib/javax.mail.jar:/home/travis/build/icyphy/ptII/vendors/JMF-2.1.1e/lib/jmf.jar:/home/travis/build/icyphy/ptII/lib/jna-4.0.0-variadic.jar:/home/travis/build/icyphy/ptII/vendors/misc/joystick/Joystick.jar:/home/travis/build/icyphy/ptII/lib/ptjacl.jar:/home/travis/build/icyphy/ptII/lib/jsoup-1.8.2.jar:/home/travis/build/icyphy/ptII/lib/junit-4.8.2.jar:/home/travis/build/icyphy/ptII/lib/JUnitParams-0.4.0.jar:/home/travis/build/icyphy/ptII/ptolemy/actor/lib/excel/jxl.jar:/home/travis/build/icyphy/ptII/lib/jython.jar:/home/travis/build/icyphy/ptII/lib/kieler.jar:/home/travis/build/icyphy/ptII/vendors/opencv/share/OpenCV/java/opencv-341.jar:/home/travis/build/icyphy/ptII/lib/oscP5.jar:/home/travis/build/icyphy/ptII/lib/nrjavaserial-3.11.0.devel.jar:/home/travis/build/icyphy/ptII/vendors/j3d/lib/Linux/j3dcore.jar:/home/travis/build/icyphy/ptII/vendors/j3d/lib/Linux/j3dutils.jar:/home/travis/build/icyphy/ptII/vendors/j3d/lib/Linux/vecmath.jar:/home/travis/build/icyphy/ptII/vendors/jogl/lib/Linux/gluegen-rt-natives-linux-amd64.jar:/home/travis/build/icyphy/ptII/vendors/jogl/lib/Linux/gluegen-rt.jar:/home/travis/build/icyphy/ptII/vendors/jogl/lib/Linux/jogl-all-natives-linux-amd64.jar:/home/travis/build/icyphy/ptII/vendors/jogl/lib/Linux/jogl-all.jar:/home/travis/build/icyphy/ptII/ptolemy/distributed/jini/jar/jini-core.jar:/home/travis/build/icyphy/ptII/ptolemy/distributed/jini/jar/jini-ext.jar:/home/travis/build/icyphy/ptII/ptolemy/distributed/jini/jar/sun-util.jar:/home/travis/build/icyphy/ptII/lib/protobuf-java-2.4.1.jar:/home/travis/build/icyphy/ptII/lib/org.eclipse.paho.client.mqttv3.jar:/home/travis/build/icyphy/ptII/lib/mapss.jar:/home/travis/build/icyphy/ptII/ptolemy/actor/ptalon/antlr/antlr.jar:/home/travis/build/icyphy/ptII/lib/JRI.jar:/home/travis/build/icyphy/ptII/lib/commons-lang-2.6.jar:/home/travis/build/icyphy/ptII/lib/commons-logging-1.1.1.jar:/home/travis/build/icyphy/ptII/lib/sootclasses.jar:/home/travis/build/icyphy/ptII/ptolemy/actor/lib/database/mysql-connector-java-5.1.6-bin.jar:/home/travis/build/icyphy/ptII/vendors/misc/sphinx4/sphinx4-data-5prealpha.jar:/home/travis/build/icyphy/ptII/vendors/misc/sphinx4/sphinx4-core-5prealpha.jar:/home/travis/build/icyphy/ptII/lib/PDFRenderer.jar:/home/travis/build/icyphy/ptII/lib/svgSalamander.jar:/home/travis/build/icyphy/ptII/lib/rsyntaxtextarea-2.6.0-SNAPSHOT.jar:/home/travis/build/icyphy/ptII/lib/hazelcast-3.8.2.jar:/home/travis/build/icyphy/ptII/lib/jackson-annotations-2.9.0.jar:/home/travis/build/icyphy/ptII/lib/jackson-core-2.9.3.jar:/home/travis/build/icyphy/ptII/lib/jackson-databind-2.9.3.jar:/home/travis/build/icyphy/ptII/lib/netty-buffer-4.1.19.Final.jar:/home/travis/build/icyphy/ptII/lib/netty-codec-4.1.19.Final.jar:/home/travis/build/icyphy/ptII/lib/netty-codec-dns-4.1.19.Final.jar:/home/travis/build/icyphy/ptII/lib/netty-codec-http-4.1.19.Final.jar:/home/travis/build/icyphy/ptII/lib/netty-codec-http2-4.1.19.Final.jar:/home/travis/build/icyphy/ptII/lib/netty-common-4.1.19.Final.jar:/home/travis/build/icyphy/ptII/lib/netty-handler-4.1.19.Final.jar:/home/travis/build/icyphy/ptII/lib/netty-resolver-4.1.19.Final.jar:/home/travis/build/icyphy/ptII/lib/netty-resolver-dns-4.1.19.Final.jar:/home/travis/build/icyphy/ptII/lib/netty-transport-4.1.19.Final.jar:/home/travis/build/icyphy/ptII/lib/vertx-codegen-3.5.1.jar:/home/travis/build/icyphy/ptII/lib/vertx-core-3.5.2-SNAPSHOT.jar:/home/travis/build/icyphy/ptII/lib/vertx-hazelcast-3.5.1.jar:/home/travis/build/icyphy/ptII/lib/vertx-lang-js-3.5.1.jar:/home/travis/build/icyphy/ptII/lib/vertx-service-proxy-3.5.1.jar:/home/travis/build/icyphy/ptII/lib/vertx-web-3.5.1.jar:/home/travis/build/icyphy/ptII/lib/slf4j-api-1.7.13.jar:/home/travis/build/icyphy/ptII/lib/slf4j-simple-1.7.13.jar:/home/travis/build/icyphy/ptII/lib/webcam-capture-0.3.12.jar:/home/travis/build/icyphy/ptII/lib/bridj-0.7.0.jar:/home/travis/build/icyphy/ptII/lib/xbjlib-1.1.0.nrjavaserial.jar" />
    <property name="timeout" value="2400000" />
    <property name="test.batch" value="**/junit/*.java" />
    <property name="env._" value="/usr/bin/timeout" />
    <property name="java.io.tmpdir" value="/tmp" />
    <property name="user.language" value="en" />
    <property name="env.TRAVIS_INTERNAL_RUBY_REGEX" value="^ruby-(2\.[0-4]\.[0-9]|1\.9\.3)" />
    <property name="env.HISTCONTROL" value="ignoredups:ignorespace" />
    <property name="env.GOROOT" value="/home/travis/.gimme/versions/go1.11.1.linux.amd64" />
    <property name="line.separator" value="&#xa;" />
    <property name="target" value="11" />
    <property name="env.TRAVIS_BUILD_DIR" value="/home/travis/build/icyphy/ptII" />
    <property name="env.ANT_OPTS" value="-Xmx2048m" />
    <property name="ant.file.type" value="file" />
    <property name="ptolemy.ptII.batchMode" value="true" />
    <property name="env.HISTSIZE" value="1000" />
    <property name="env.MERB_ENV" value="test" />
    <property name="java.vm.info" value="mixed mode" />
    <property name="source" value="11" />
    <property name="java.vm.specification.name" value="Java Virtual Machine Specification" />
    <property name="env.TRAVIS_TEST_RESULT" value="0" />
    <property name="jsdoc.command" value="node_modules/@terraswarm/jsdoc/jsdoc.js" />
    <property name="npm.works" value="true" />
    <property name="cobertura.dir" value="/home/travis/build/icyphy/ptII/vendors/cobertura-2.0.3" />
    <property name="jsdoc.command.exists" value="true" />
    <property name="env.rvm_path" value="/home/travis/.rvm" />
    <property name="env.GEM_PATH" value="/home/travis/.rvm/gems/ruby-2.5.3:/home/travis/.rvm/gems/ruby-2.5.3@global" />
    <property name="env.LC_CTYPE" value="en_US.UTF-8" />
    <property name="env.TRAVIS_CMD" value="$PTII/bin/ptIITravisBuild.sh $SECONDS" />
    <property name="java.awt.printerjob" value="sun.print.PSPrinterJob" />
    <property name="env.TRAVIS_STACK_NAME" value="sardonyx" />
    <property name="env.TRAVIS_TIMER_START_TIME" value="1565028707739021345" />
    <property name="ant.version" value="Apache Ant(TM) version 1.10.1 compiled on February 2 2017" />
    <property name="ptII.reports" value="/home/travis/build/icyphy/ptII/reports" />
    <property name="env.TRAVIS_STACK_TIMESTAMP" value="2019-03-25 16:16:56 UTC" />
    <property name="ant.file.type.ptII" value="file" />
    <property name="env.RBENV_SHELL" value="bash" />
    <property name="os.name" value="Linux" />
    <property name="java.specification.vendor" value="Oracle Corporation" />
    <property name="env.rvm_version" value="1.29.7 (latest)" />
    <property name="env.TRAVIS_INFRA" value="gce" />
    <property name="env.TERM" value="xterm" />
    <property name="java.vm.name" value="OpenJDK 64-Bit Server VM" />
    <property name="env.TRAVIS_BUILD_NUMBER" value="1286" />
    <property name="env.CI" value="true" />
    <property name="java.library.path" value="/home/travis/pthla/certi-tools/lib:/usr/lib/jni:/usr/local/share/OpenCV/java/:/usr/share/OpenCV/java::/usr/java/packages/lib:/usr/lib64:/lib64:/lib:/usr/lib" />
    <property name="jdk.module.path" value="/home/travis/build/icyphy/ptII/vendors/javafx/javafx-sdk-11.0.2/lib:" />
    <property name="env.rvm_prefix" value="/home/travis" />
    <property name="env.PATH" value="/home/travis/pthla/certi-tools/share/scripts:/home/travis/.rvm/gems/ruby-2.5.3/bin:/home/travis/.rvm/gems/ruby-2.5.3@global/bin:/home/travis/.rvm/rubies/ruby-2.5.3/bin:/home/travis/.rvm/bin:/home/travis/.nvm/versions/node/v7.10.1/bin:./node_modules/.bin:/home/travis/build/icyphy/ptII/bin:/home/travis/pthla/certi-tools/bin:/home/travis/bin:/home/travis/.local/bin:/usr/local/lib/jvm/openjdk11/bin:/opt/pyenv/shims:/home/travis/.phpenv/shims:/home/travis/perl5/perlbrew/bin:/home/travis/gopath/bin:/home/travis/.gimme/versions/go1.11.1.linux.amd64/bin:/usr/local/maven-3.6.0/bin:/usr/local/cmake-3.12.4/bin:/usr/local/clang-7.0.0/bin:/usr/local/sbin:/usr/local/bin:/usr/sbin:/usr/bin:/sbin:/bin:/snap/bin:/home/travis/.phpenv/bin:/opt/pyenv/bin:/home/travis/.yarn/bin" />
    <property name="env.TRAVIS_OS_NAME" value="linux" />
    <property name="ant.java.version" value="9" />
    <property name="basedir" value="/home/travis/build/icyphy/ptII" />
    <property name="java.class.version" value="55.0" />
    <property name="env.SHLVL" value="3" />
    <property name="env.LD_LIBRARY_PATH" value="/home/travis/pthla/certi-tools/lib:/usr/lib/jni:/usr/local/share/OpenCV/java/:/usr/share/OpenCV/java:" />
    <property name="env.RACK_ENV" value="test" />
    <property name="ant.home" value="/home/travis/build/icyphy/ptII/ant" />
    <property name="env.NVM_DIR" value="/home/travis/.nvm" />
    <property name="env.CERTI_FOM_PATH" value="/home/travis/pthla/certi-tools/share/federations" />
    <property name="env.TRAVIS_BUILD_ID" value="567994364" />
    <property name="env.PYENV_ROOT" value="/opt/pyenv" />
    <property name="env.TRAVIS_UID" value="2000" />
    <property name="prism.verbose" value="true" />
    <property name="env.NVM_BIN" value="/home/travis/.nvm/versions/node/v7.10.1/bin" />
    <property name="env.TRAVIS_COMMIT" value="5ce035d1dd5819b5ac1cd52a285d081dedcf4dbd" />
    <property name="env._system_arch" value="x86_64" />
    <property name="node.executable" value="node" />
    <property name="sun.boot.library.path" value="/usr/local/lib/jvm/openjdk11/lib" />
    <property name="sun.management.compiler" value="HotSpot 64-Bit Tiered Compilers" />
    <property name="java.awt.graphicsenv" value="sun.awt.X11GraphicsEnvironment" />
    <property name="env.GOPATH" value="/home/travis/gopath" />
    <property name="ptolemy.ptII.dir" value="/home/travis/build/icyphy/ptII" />
    <property name="env.USER" value="travis" />
    <property name="env.HISTFILESIZE" value="2000" />
    <property name="timeout.longest" value="19000000" />
    <property name="env.PERLBREW_SHELLRC_VERSION" value="0.86" />
    <property name="env.TRAVIS_STACK_FEATURES" value="basic couchdb disabled-ipv6 docker docker-compose elasticsearch firefox go-toolchain google-chrome jdk memcached mongodb mysql nodejs_interpreter perl_interpreter perlbrew phantomjs postgresql python_interpreter redis ruby_interpreter sqlite xserver" />
    <property name="env.TRAVIS_PULL_REQUEST" value="false" />
    <property name="env.PYENV_SHELL" value="bash" />
    <property name="ant.project.name" value="ptII" />
    <property name="env.ANSI_RESET" value="\033[0m" />
    <property name="java.vm.specification.version" value="11" />
    <property name="env.TRAVIS_DIST" value="xenial" />
    <property name="env.CERTI_VERSION" value="4.0.0" />
    <property name="env.CERTI_HOST" value="localhost" />
    <property name="awt.toolkit" value="sun.awt.X11.XToolkit" />
    <property name="env.MY_RUBY_HOME" value="/home/travis/.rvm/rubies/ruby-2.5.3" />
    <property name="sun.cpu.isalist" value="" />
    <property name="env.TRAVIS_TMPDIR" value="/tmp/tmp.joFXEDEH0N" />
    <property name="java.vm.compressedOopsMode" value="Zero based" />
    <property name="os.version" value="4.15.0-1028-gcp" />
    <property name="user.home" value="/home/travis" />
    <property name="java.vm.vendor" value="Oracle Corporation" />
    <property name="env.TRAVIS_TAG" value="nightly" />
    <property name="env.ANSI_YELLOW" value="\033[33;1m" />
    <property name="env.TRAVIS_FILTERED" value="redirect_io" />
    <property name="env.ANSI_GREEN" value="\033[32;1m" />
    <property name="env.JAVA_HOME" value="/usr/local/lib/jvm/openjdk11" />
    <property name="javadoc.excludepackagenames" value="adm.cvs2svn.*,build.*,config.*,doc.coding.templates.*,jni.test.jni.meaningOfLife.*,jni.test.jni.testDeux.*,jni.test.jni.testTrois.*,org.terraswarm.accessor.accessors.web.node_modules.*,org.terraswarm.accessor.accessors.web.hosts.cordova.demo.*,org.terraswarm.accessor.accessors.web.hosts.cordova.plugins.*,org.terraswarm.accessor.accessors-svn.*,pt-modules.*,ptolemy.apps.agilent.*,ptolemy.apps.anytimecontrol.*,ptolemy.apps.apes.*,ptolemy.apps.charon.*,ptolemy.apps.crazyboard.*,ptolemy.apps.eclipse.*,ptolemy.apps.etherealSting.*,ptolemy.apps.fullscreen.*,ptolemy.apps.giotto.*,ptolemy.apps.ia.*,ptolemy.apps.interfaces.*,ptolemy.apps.jmf.*,ptolemy.apps.kurt.*,ptolemy.apps.kvm.*,ptolemy.apps.lego.*,ptolemy.apps.lejos.*,ptolemy.apps.midp.*,ptolemy.apps.mobileCoding.*,ptolemy.apps.pendulum.*,ptolemy.apps.rijndael.*,ptolemy.apps.robot.*,ptolemy.apps.security.*,ptolemy.apps.sobel.*,ptolemy.apps.soot.*,ptolemy.apps.throttle.*,ptolemy.apps.tini.*,ptolemy.apps.transmission.*,ptolemy.apps.vergil.*,ptolemy.apps.waba.*,ptolemy.apps.websensor.*,ptolemy.apps.webstart.*,ptolemy.apps.xsl.*,ptolemy.apps.zaurus.*,ptolemy.codegen.c.actor.lib.oldJavaFiles.*,ptolemy.codegen.dsp.lib.*,ptolemy.codegen.kernel.newInterfaces.*,ptolemy.codegen.lib.*,ptolemy.copernicus.kernel.fragment.*,ptolemy.copernicus.shallow.cg.*,ptolemy.domains.giotto.demo.Hierarchy.Hierarchy.*,ptolemy.domains.giotto.demo.Multimode.Multimode.*,ptolemy.domains.giotto.demo.Simple.Simple.*,ptolemy.domains.gr.lib.experimental.*,ptolemy.domains.gro.*,ptolemy.domains.pdf.*,ptolemy.domains.ptinyos.demo.Surge.output.*,ptolemy.moml.test.NoPackageActor.java*,ptolemy.plot.adm.*,ptolemy.plot.servlet.*,reports.*,signed.*,src.*,target.*,vendors.*,ptolemy.copernicus.applet.*,ptolemy.media.viewer.*,ptolemy.actor.corba.*,doc.doclets.*,ptolemy.apps.eclipse.awt.*,ptolemy.backtrack.*,ptolemy.backtrack.ast.*,ptolemy.cg.adapter.generic.program.procedural.c.mbed*,ptolemy.homer.*,ptolemy.actor.lib.jai.*,org.ptolemy.scala.*,diva.util.java2d.svg.*,ptolemy.domains.ptinyos.*,ptolemy.actor.lib.fmi.fmipp.*,,org.terraswarm.accessor.accessors.web.node_modules.*,org.terraswarm.accessor.accessors-svn,ptolemy.apps.*,ptolemy.actor.ptalon.demo.ptinyos.SendAndReceiveCnt.output,ptolemy.actor.ptalon.demo.ptinyos.SenseToLeds.output,ptolemy.domains.ptinyos.demo.CntToLedsAndRfm.output,ptolemy.domains.ptinyos.demo.RfmToLeds.output,ptolemy.domains.ptinyos.demo.SendAndReceiveCnt.output,ptolemy.domains.ptinyos.demo.SenseToLeds.output,ptolemy.actor.lib.jjs.modules.udpSocket.*" />
    <property name="env.PTII" value="/home/travis/build/icyphy/ptII" />
    <property name="env.XDG_SESSION_ID" value="2" />
    <property name="keystore" value="ptKeystore" />
    <property name="env.TRAVIS_COMMIT_MESSAGE" value="Updated copyright year to 2019 in preparation for Triquetrum release." />
    <property name="junit.output.dir" value="/home/travis/build/icyphy/ptII/reports/junit" />
    <property name="npm.return.code" value="0" />
    <property name="user.dir" value="/home/travis/build/icyphy/ptII/ptolemy/domains/sr/test" />
    <property name="env.TRAVIS_NODE_VERSION" value="7" />
    <property name="env.TRAVIS_EVENT_TYPE" value="push" />
    <property name="env.MAIL" value="/var/mail/travis" />
    <property name="env.PERLBREW_ROOT" value="/home/travis/perl5/perlbrew" />
    <property name="env.PWD" value="/home/travis/build/icyphy/ptII" />
    <property name="timeout.npm" value="45000" />
    <property name="env.PT_TRAVIS_TEST_CORE2_XML" value="true" />
    <property name="env.TRAVIS_ARCH" value="amd64" />
    <property name="sun.cpu.endian" value="little" />
    <property name="env.PAGER" value="cat" />
    <property name="env.TRAVIS_BUILD_STAGE_NAME" value="Test" />
    <property name="env.PERLBREW_HOME" value="/home/travis/.perlbrew" />
    <property name="java.vm.version" value="11.0.2+9" />
    <property name="env.RAILS_ENV" value="test" />
    <property name="java.class.path" value="/home/travis/build/icyphy/ptII:/home/travis/build/icyphy/ptII/lib/bsh-2.0b4.jar:/home/travis/build/icyphy/ptII/lib/ptCal.jar:/home/travis/build/icyphy/ptII/lib/java_cup.jar:/home/travis/build/icyphy/ptII/lib/saxon8.jar:/home/travis/build/icyphy/ptII/lib/saxon8-dom.jar:/home/travis/build/icyphy/ptII/lib/chic.jar:/home/travis/build/icyphy/ptII/lib/ptcolt.jar:/home/travis/build/icyphy/ptII/vendors/misc/itext/iText.jar:/home/travis/build/icyphy/ptII/lib/g4ltl.jar:/home/travis/build/icyphy/ptII/lib/StructuralCoder.jar:/home/travis/build/icyphy/ptII/lib/jcerti.jar:/home/travis/build/icyphy/ptII/lib/javax.mail.jar:/home/travis/build/icyphy/ptII/vendors/JMF-2.1.1e/lib/jmf.jar:/home/travis/build/icyphy/ptII/lib/jna-4.0.0-variadic.jar:/home/travis/build/icyphy/ptII/vendors/misc/joystick/Joystick.jar:/home/travis/build/icyphy/ptII/lib/ptjacl.jar:/home/travis/build/icyphy/ptII/lib/jsoup-1.8.2.jar:/home/travis/build/icyphy/ptII/lib/junit-4.8.2.jar:/home/travis/build/icyphy/ptII/lib/JUnitParams-0.4.0.jar:/home/travis/build/icyphy/ptII/ptolemy/actor/lib/excel/jxl.jar:/home/travis/build/icyphy/ptII/lib/jython.jar:/home/travis/build/icyphy/ptII/lib/kieler.jar:/home/travis/build/icyphy/ptII/vendors/opencv/share/OpenCV/java/opencv-341.jar:/home/travis/build/icyphy/ptII/lib/oscP5.jar:/home/travis/build/icyphy/ptII/lib/nrjavaserial-3.11.0.devel.jar:/home/travis/build/icyphy/ptII/vendors/j3d/lib/Linux/j3dcore.jar:/home/travis/build/icyphy/ptII/vendors/j3d/lib/Linux/j3dutils.jar:/home/travis/build/icyphy/ptII/vendors/j3d/lib/Linux/vecmath.jar:/home/travis/build/icyphy/ptII/vendors/jogl/lib/Linux/gluegen-rt-natives-linux-amd64.jar:/home/travis/build/icyphy/ptII/vendors/jogl/lib/Linux/gluegen-rt.jar:/home/travis/build/icyphy/ptII/vendors/jogl/lib/Linux/jogl-all-natives-linux-amd64.jar:/home/travis/build/icyphy/ptII/vendors/jogl/lib/Linux/jogl-all.jar:/home/travis/build/icyphy/ptII/ptolemy/distributed/jini/jar/jini-core.jar:/home/travis/build/icyphy/ptII/ptolemy/distributed/jini/jar/jini-ext.jar:/home/travis/build/icyphy/ptII/ptolemy/distributed/jini/jar/sun-util.jar:/home/travis/build/icyphy/ptII/lib/protobuf-java-2.4.1.jar:/home/travis/build/icyphy/ptII/lib/org.eclipse.paho.client.mqttv3.jar:/home/travis/build/icyphy/ptII/lib/mapss.jar:/home/travis/build/icyphy/ptII/ptolemy/actor/ptalon/antlr/antlr.jar:/home/travis/build/icyphy/ptII/lib/JRI.jar:/home/travis/build/icyphy/ptII/lib/commons-lang-2.6.jar:/home/travis/build/icyphy/ptII/lib/commons-logging-1.1.1.jar:/home/travis/build/icyphy/ptII/lib/sootclasses.jar:/home/travis/build/icyphy/ptII/ptolemy/actor/lib/database/mysql-connector-java-5.1.6-bin.jar:/home/travis/build/icyphy/ptII/vendors/misc/sphinx4/sphinx4-data-5prealpha.jar:/home/travis/build/icyphy/ptII/vendors/misc/sphinx4/sphinx4-core-5prealpha.jar:/home/travis/build/icyphy/ptII/lib/PDFRenderer.jar:/home/travis/build/icyphy/ptII/lib/svgSalamander.jar:/home/travis/build/icyphy/ptII/lib/rsyntaxtextarea-2.6.0-SNAPSHOT.jar:/home/travis/build/icyphy/ptII/lib/hazelcast-3.8.2.jar:/home/travis/build/icyphy/ptII/lib/jackson-annotations-2.9.0.jar:/home/travis/build/icyphy/ptII/lib/jackson-core-2.9.3.jar:/home/travis/build/icyphy/ptII/lib/jackson-databind-2.9.3.jar:/home/travis/build/icyphy/ptII/lib/netty-buffer-4.1.19.Final.jar:/home/travis/build/icyphy/ptII/lib/netty-codec-4.1.19.Final.jar:/home/travis/build/icyphy/ptII/lib/netty-codec-dns-4.1.19.Final.jar:/home/travis/build/icyphy/ptII/lib/netty-codec-http-4.1.19.Final.jar:/home/travis/build/icyphy/ptII/lib/netty-codec-http2-4.1.19.Final.jar:/home/travis/build/icyphy/ptII/lib/netty-common-4.1.19.Final.jar:/home/travis/build/icyphy/ptII/lib/netty-handler-4.1.19.Final.jar:/home/travis/build/icyphy/ptII/lib/netty-resolver-4.1.19.Final.jar:/home/travis/build/icyphy/ptII/lib/netty-resolver-dns-4.1.19.Final.jar:/home/travis/build/icyphy/ptII/lib/netty-transport-4.1.19.Final.jar:/home/travis/build/icyphy/ptII/lib/vertx-codegen-3.5.1.jar:/home/travis/build/icyphy/ptII/lib/vertx-core-3.5.2-SNAPSHOT.jar:/home/travis/build/icyphy/ptII/lib/vertx-hazelcast-3.5.1.jar:/home/travis/build/icyphy/ptII/lib/vertx-lang-js-3.5.1.jar:/home/travis/build/icyphy/ptII/lib/vertx-service-proxy-3.5.1.jar:/home/travis/build/icyphy/ptII/lib/vertx-web-3.5.1.jar:/home/travis/build/icyphy/ptII/lib/slf4j-api-1.7.13.jar:/home/travis/build/icyphy/ptII/lib/slf4j-simple-1.7.13.jar:/home/travis/build/icyphy/ptII/lib/webcam-capture-0.3.12.jar:/home/travis/build/icyphy/ptII/lib/bridj-0.7.0.jar:/home/travis/build/icyphy/ptII/lib/xbjlib-1.1.0.nrjavaserial.jar:/home/travis/build/icyphy/ptII/ptolemy/moml/test:/home/travis/build/icyphy/ptII/ant/lib/ant-launcher.jar:/home/travis/build/icyphy/ptII/ant/lib/ant.jar:/home/travis/build/icyphy/ptII/ant/lib/ant-junit.jar:/home/travis/build/icyphy/ptII/ant/lib/ant-junit4.jar" />
    <property name="ant.library.dir" value="/home/travis/build/icyphy/ptII/ant/lib" />
    <property name="os.arch" value="amd64" />
    <property name="env.CONTINUOUS_INTEGRATION" value="true" />
    <property name="env.TRAVIS_LANGUAGE" value="node_js" />
    <property name="env.TRAVIS_STACK_LANGUAGES" value="__sardonyx__ c c++ clojure cplusplus cpp default generic go groovy java node_js php pure_java python ruby scala" />
    <property name="test.name" value="ptolemy.actor.lib.test.junit.JUnitTclTest" />
    <property name="env.APT_KEY_DONT_WARN_ON_DANGEROUS_USAGE" value="1" />
    <property name="sun.java.launcher" value="SUN_STANDARD" />
    <property name="env.PYTHON_CONFIGURE_OPTS" value="--enable-unicode=ucs4 --with-wide-unicode --enable-shared --enable-ipv6 --enable-loadable-sqlite-extensions --with-computed-gotos" />
    <property name="ant.core.lib" value="/home/travis/build/icyphy/ptII/ant/lib/ant.jar" />
    <property name="java.vm.specification.vendor" value="Oracle Corporation" />
    <property name="env.BCVTB_HOME" value="/home/travis/build/icyphy/ptII/lbnl" />
    <property name="file.separator" value="/" />
    <property name="spotbugs.home" value="/home/travis/build/icyphy/ptII/vendors/spotbugs-3.1.1" />
    <property name="java.runtime.version" value="11.0.2+9" />
    <property name="env.ANSI_CLEAR" value="\033[0K" />
    <property name="javafx.verbose" value="true" />
    <property name="env.HAS_JOSH_K_SEAL_OF_APPROVAL" value="true" />
    <property name="env.XDG_RUNTIME_DIR" value="/run/user/2000" />
    <property name="env.TRAVIS_OSX_IMAGE" value="" />
    <property name="env.TRAVIS_JOB_ID" value="567994373" />
    <property name="env.TRAVIS_BRANCH" value="master" />
    <property name="user.country" value="US" />
    <property name="env.CERTI_HOME_TRAVIS" value="/home/travis/pthla/certi-tools" />
    <property name="env.SHELL" value="/bin/bash" />
    <property name="java.maxmemory.large" value="3200m" />
    <property name="model" value="" />
    <property name="env.CASHER_DIR" value="/home/travis/.casher" />
    <property name="env.NVM_CD_FLAGS" value="" />
    <property name="java.vendor.version" value="18.9" />
    <property name="jshint.executable" value="/home/travis/node_modules/jshint/bin/jshint" />
    <property name="env.JRUBY_OPTS" value=" --client -J-XX:+TieredCompilation -J-XX:TieredStopAtLevel=1 -J-Xss2m -Xcompile.invokedynamic=false" />
    <property name="java.vendor" value="Oracle Corporation" />
    <property name="env.TRAVIS_PRE_CHEF_BOOTSTRAP_TIME" value="2019-03-25T16:16:42" />
    <property name="env.TRAVIS_STACK_JOB_BOARD_REGISTER" value="/.job-board-register.yml" />
    <property name="env.ANSI_RED" value="\033[31;1m" />
    <property name="java.specification.version" value="11" />
    <property name="env.IRBRC" value="/home/travis/.rvm/rubies/ruby-2.5.3/.irbrc" />
    <property name="env.TRAVIS" value="true" />
    <property name="sun.arch.data.model" value="64" />
  </properties>
  <testcase classname="ptolemy.util.test.junit.TclTests" name="[0] ThereAreNoTclTests (RunTclFile)" time="0.014" />
  <testcase classname="ptolemy.util.test.junit.AutoKnownFailedTests" name="[0] ThereAreNoKnowFailedTests (RunModel)" time="0.008" />
  <testcase classname="ptolemy.util.test.junit.AutoNameArchTests" name="[0] ThereAreNoAutoArchTests (RunModel)" time="0.022" />
  <testcase classname="ptolemy.util.test.junit.AutoTests" name="[0] /home/travis/build/icyphy/ptII/ptolemy/domains/sr/test/auto/ABRO.xml (RunModel)" time="0.749" />
  <testcase classname="ptolemy.util.test.junit.AutoTests" name="[1] /home/travis/build/icyphy/ptII/ptolemy/domains/sr/test/auto/BinaryNonstrictLogicGate.xml (RunModel)" time="0.031" />
  <testcase classname="ptolemy.util.test.junit.AutoTests" name="[2] /home/travis/build/icyphy/ptII/ptolemy/domains/sr/test/auto/CausalityLoop.xml (RunModel)" time="0.025" />
  <testcase classname="ptolemy.util.test.junit.AutoTests" name="[3] /home/travis/build/icyphy/ptII/ptolemy/domains/sr/test/auto/CausalityLoopErrorCaught.xml (RunModel)" time="0.087" />
  <testcase classname="ptolemy.util.test.junit.AutoTests" name="[4] /home/travis/build/icyphy/ptII/ptolemy/domains/sr/test/auto/CyPhySimFinerSubclock.xml (RunModel)" time="0.115" />
  <testcase classname="ptolemy.util.test.junit.AutoTests" name="[5] /home/travis/build/icyphy/ptII/ptolemy/domains/sr/test/auto/CyPhySimFinerSubclock2.xml (RunModel)" time="0.093" />
  <testcase classname="ptolemy.util.test.junit.AutoTests" name="[6] /home/travis/build/icyphy/ptII/ptolemy/domains/sr/test/auto/DEinSRinDE.xml (RunModel)" time="0.153" />
  <testcase classname="ptolemy.util.test.junit.AutoTests" name="[7] /home/travis/build/icyphy/ptII/ptolemy/domains/sr/test/auto/FeedbackLoop.xml (RunModel)" time="0.026" />
  <testcase classname="ptolemy.util.test.junit.AutoTests" name="[8] /home/travis/build/icyphy/ptII/ptolemy/domains/sr/test/auto/FinalState.xml (RunModel)" time="0.056" />
  <testcase classname="ptolemy.util.test.junit.AutoTests" name="[9] /home/travis/build/icyphy/ptII/ptolemy/domains/sr/test/auto/GuardedCount.xml (RunModel)" time="0.112" />
  <testcase classname="ptolemy.util.test.junit.AutoTests" name="[10] /home/travis/build/icyphy/ptII/ptolemy/domains/sr/test/auto/GuardedCountTimed.xml (RunModel)" time="0.074" />
  <testcase classname="ptolemy.util.test.junit.AutoTests" name="[11] /home/travis/build/icyphy/ptII/ptolemy/domains/sr/test/auto/MayAnalysisBreaksCausalityLoop.xml (RunModel)" time="0.057" />
  <testcase classname="ptolemy.util.test.junit.AutoTests" name="[12] /home/travis/build/icyphy/ptII/ptolemy/domains/sr/test/auto/MultipleOutputs.xml (RunModel)" time="0.083" />
  <testcase classname="ptolemy.util.test.junit.AutoTests" name="[13] /home/travis/build/icyphy/ptII/ptolemy/domains/sr/test/auto/MultipleOutputs2.xml (RunModel)" time="0.063" />
  <testcase classname="ptolemy.util.test.junit.AutoTests" name="[14] /home/travis/build/icyphy/ptII/ptolemy/domains/sr/test/auto/MultipleOutputs3.xml (RunModel)" time="0.074" />
  <testcase classname="ptolemy.util.test.junit.AutoTests" name="[15] /home/travis/build/icyphy/ptII/ptolemy/domains/sr/test/auto/QuantizedTime.xml (RunModel)" time="0.046" />
  <testcase classname="ptolemy.util.test.junit.AutoTests" name="[16] /home/travis/build/icyphy/ptII/ptolemy/domains/sr/test/auto/QuantizedTimeException.xml (RunModel)" time="0.056" />
  <testcase classname="ptolemy.util.test.junit.AutoTests" name="[17] /home/travis/build/icyphy/ptII/ptolemy/domains/sr/test/auto/SRActorOrientedModalModel.xml (RunModel)" time="0.579" />
  <testcase classname="ptolemy.util.test.junit.AutoTests" name="[18] /home/travis/build/icyphy/ptII/ptolemy/domains/sr/test/auto/SRcombine.xml (RunModel)" time="0.052" />
  <testcase classname="ptolemy.util.test.junit.AutoTests" name="[19] /home/travis/build/icyphy/ptII/ptolemy/domains/sr/test/auto/SRinDE.xml (RunModel)" time="0.047" />
  <testcase classname="ptolemy.util.test.junit.AutoTests" name="[20] /home/travis/build/icyphy/ptII/ptolemy/domains/sr/test/auto/SRinDEkickStart.xml (RunModel)" time="0.038" />
  <testcase classname="ptolemy.util.test.junit.AutoTests" name="[21] /home/travis/build/icyphy/ptII/ptolemy/domains/sr/test/auto/SRinDEsimpler.xml (RunModel)" time="0.027" />
  <testcase classname="ptolemy.util.test.junit.AutoTests" name="[22] /home/travis/build/icyphy/ptII/ptolemy/domains/sr/test/auto/SRinDEsimpler2.xml (RunModel)" time="0.034" />
  <testcase classname="ptolemy.util.test.junit.AutoTests" name="[23] /home/travis/build/icyphy/ptII/ptolemy/domains/sr/test/auto/SRinDEsimpler3.xml (RunModel)" time="0.044" />
  <testcase classname="ptolemy.util.test.junit.AutoTests" name="[24] /home/travis/build/icyphy/ptII/ptolemy/domains/sr/test/auto/SRmodalSuperdense.xml (RunModel)" time="0.045" />
  <testcase classname="ptolemy.util.test.junit.AutoTests" name="[25] /home/travis/build/icyphy/ptII/ptolemy/domains/sr/test/auto/SRmodalSuperdense2.xml (RunModel)" time="0.04" />
  <testcase classname="ptolemy.util.test.junit.AutoTests" name="[26] /home/travis/build/icyphy/ptII/ptolemy/domains/sr/test/auto/SRsubclock.xml (RunModel)" time="0.016" />
  <testcase classname="ptolemy.util.test.junit.AutoTests" name="[27] /home/travis/build/icyphy/ptII/ptolemy/domains/sr/test/auto/SRsubclock2.xml (RunModel)" time="0.026" />
  <testcase classname="ptolemy.util.test.junit.AutoTests" name="[28] /home/travis/build/icyphy/ptII/ptolemy/domains/sr/test/auto/TokenRing.xml (RunModel)" time="0.108" />
  <testcase classname="ptolemy.util.test.junit.AutoTests" name="[29] /home/travis/build/icyphy/ptII/ptolemy/domains/sr/test/auto/TrafficLight.xml (RunModel)" time="0.422" />
  <testcase classname="ptolemy.util.test.junit.AutoTests" name="[30] /home/travis/build/icyphy/ptII/ptolemy/domains/sr/test/auto/WirelessDeployment.xml (RunModel)" time="0.574" />
  <testcase classname="ptolemy.util.test.junit.AutoTests" name="[31] /home/travis/build/icyphy/ptII/ptolemy/domains/sr/test/auto/dynamicCausalityInterface1.xml (RunModel)" time="0.047" />
  <system-out><![CDATA[No tcl tests in /home/travis/build/icyphy/ptII/ptolemy/domains/sr/test
No auto/knownFailedTests/*.xml tests in /home/travis/build/icyphy/ptII/ptolemy/domains/sr/test
No auto/linux-amd64/*.xml tests in /home/travis/build/icyphy/ptII/ptolemy/domains/sr/test
AutoTests.java: About to close Vertx.
AutoTests.java: Vertx closed.

===========================================================================================
----------------- testing Mon Aug 05 18:52:25 UTC 2019 /home/travis/build/icyphy/ptII/ptolemy/domains/sr/test/auto/ABRO.xml
----------------- Instantiating /home/travis/build/icyphy/ptII/ptolemy/domains/sr/test/auto/ABRO.xml
171 ms. Memory: 120832K Free: 100601K (83%)
----------------- Invoking toplevel() on ptolemy.moml.MoMLSimpleApplication@2d91ee53
----------------- Done invoking toplevel() on ptolemy.moml.MoMLSimpleApplication@2d91ee53
reloadAllAccessors: .ABRO

===========================================================================================
----------------- testing Mon Aug 05 18:52:26 UTC 2019 /home/travis/build/icyphy/ptII/ptolemy/domains/sr/test/auto/BinaryNonstrictLogicGate.xml
----------------- Instantiating /home/travis/build/icyphy/ptII/ptolemy/domains/sr/test/auto/BinaryNonstrictLogicGate.xml
4 ms. Memory: 120832K Free: 96551K (80%)
----------------- Invoking toplevel() on ptolemy.moml.MoMLSimpleApplication@b912ec1
----------------- Done invoking toplevel() on ptolemy.moml.MoMLSimpleApplication@b912ec1
reloadAllAccessors: .BinaryNonstrictLogicGate

===========================================================================================
----------------- testing Mon Aug 05 18:52:26 UTC 2019 /home/travis/build/icyphy/ptII/ptolemy/domains/sr/test/auto/CausalityLoop.xml
----------------- Instantiating /home/travis/build/icyphy/ptII/ptolemy/domains/sr/test/auto/CausalityLoop.xml
4 ms. Memory: 120832K Free: 94489K (78%)
----------------- Invoking toplevel() on ptolemy.moml.MoMLSimpleApplication@77054699
----------------- Done invoking toplevel() on ptolemy.moml.MoMLSimpleApplication@77054699
reloadAllAccessors: .CausalityLoop

===========================================================================================
----------------- testing Mon Aug 05 18:52:26 UTC 2019 /home/travis/build/icyphy/ptII/ptolemy/domains/sr/test/auto/CausalityLoopErrorCaught.xml
----------------- Instantiating /home/travis/build/icyphy/ptII/ptolemy/domains/sr/test/auto/CausalityLoopErrorCaught.xml
32 ms. Memory: 120832K Free: 87073K (72%)
----------------- Invoking toplevel() on ptolemy.moml.MoMLSimpleApplication@63ec8b66
----------------- Done invoking toplevel() on ptolemy.moml.MoMLSimpleApplication@63ec8b66
reloadAllAccessors: .CausalityLoopErrorCaught

===========================================================================================
----------------- testing Mon Aug 05 18:52:26 UTC 2019 /home/travis/build/icyphy/ptII/ptolemy/domains/sr/test/auto/CyPhySimFinerSubclock.xml
----------------- Instantiating /home/travis/build/icyphy/ptII/ptolemy/domains/sr/test/auto/CyPhySimFinerSubclock.xml
30 ms. Memory: 120832K Free: 80388K (67%)
----------------- Invoking toplevel() on ptolemy.moml.MoMLSimpleApplication@11f66a0f
----------------- Done invoking toplevel() on ptolemy.moml.MoMLSimpleApplication@11f66a0f
reloadAllAccessors: .CyPhySimFinerSubclock

===========================================================================================
----------------- testing Mon Aug 05 18:52:26 UTC 2019 /home/travis/build/icyphy/ptII/ptolemy/domains/sr/test/auto/CyPhySimFinerSubclock2.xml
----------------- Instantiating /home/travis/build/icyphy/ptII/ptolemy/domains/sr/test/auto/CyPhySimFinerSubclock2.xml
34 ms. Memory: 120832K Free: 106967K (89%)
----------------- Invoking toplevel() on ptolemy.moml.MoMLSimpleApplication@3b4a4f94
----------------- Done invoking toplevel() on ptolemy.moml.MoMLSimpleApplication@3b4a4f94
reloadAllAccessors: .CyPhySimFinerSubclock2

===========================================================================================
----------------- testing Mon Aug 05 18:52:26 UTC 2019 /home/travis/build/icyphy/ptII/ptolemy/domains/sr/test/auto/DEinSRinDE.xml
----------------- Instantiating /home/travis/build/icyphy/ptII/ptolemy/domains/sr/test/auto/DEinSRinDE.xml
58 ms. Memory: 120832K Free: 96166K (80%)
----------------- Invoking toplevel() on ptolemy.moml.MoMLSimpleApplication@3769c226
----------------- Done invoking toplevel() on ptolemy.moml.MoMLSimpleApplication@3769c226
reloadAllAccessors: .DEinSRinDE

===========================================================================================
----------------- testing Mon Aug 05 18:52:26 UTC 2019 /home/travis/build/icyphy/ptII/ptolemy/domains/sr/test/auto/FeedbackLoop.xml
----------------- Instantiating /home/travis/build/icyphy/ptII/ptolemy/domains/sr/test/auto/FeedbackLoop.xml
5 ms. Memory: 120832K Free: 92991K (77%)
----------------- Invoking toplevel() on ptolemy.moml.MoMLSimpleApplication@160fe8f4
----------------- Done invoking toplevel() on ptolemy.moml.MoMLSimpleApplication@160fe8f4
reloadAllAccessors: .FeedbackLoop

===========================================================================================
----------------- testing Mon Aug 05 18:52:27 UTC 2019 /home/travis/build/icyphy/ptII/ptolemy/domains/sr/test/auto/FinalState.xml
----------------- Instantiating /home/travis/build/icyphy/ptII/ptolemy/domains/sr/test/auto/FinalState.xml
8 ms. Memory: 120832K Free: 87640K (73%)
----------------- Invoking toplevel() on ptolemy.moml.MoMLSimpleApplication@4da5b378
----------------- Done invoking toplevel() on ptolemy.moml.MoMLSimpleApplication@4da5b378
reloadAllAccessors: .FinalState

===========================================================================================
----------------- testing Mon Aug 05 18:52:27 UTC 2019 /home/travis/build/icyphy/ptII/ptolemy/domains/sr/test/auto/GuardedCount.xml
----------------- Instantiating /home/travis/build/icyphy/ptII/ptolemy/domains/sr/test/auto/GuardedCount.xml
22 ms. Memory: 120832K Free: 79469K (66%)
----------------- Invoking toplevel() on ptolemy.moml.MoMLSimpleApplication@6773d8a
----------------- Done invoking toplevel() on ptolemy.moml.MoMLSimpleApplication@6773d8a
reloadAllAccessors: .GuardedCount

===========================================================================================
----------------- testing Mon Aug 05 18:52:27 UTC 2019 /home/travis/build/icyphy/ptII/ptolemy/domains/sr/test/auto/GuardedCountTimed.xml
----------------- Instantiating /home/travis/build/icyphy/ptII/ptolemy/domains/sr/test/auto/GuardedCountTimed.xml
26 ms. Memory: 120832K Free: 71183K (59%)
----------------- Invoking toplevel() on ptolemy.moml.MoMLSimpleApplication@65688db9
----------------- Done invoking toplevel() on ptolemy.moml.MoMLSimpleApplication@65688db9
reloadAllAccessors: .GuardedCountTimed

===========================================================================================
----------------- testing Mon Aug 05 18:52:27 UTC 2019 /home/travis/build/icyphy/ptII/ptolemy/domains/sr/test/auto/MayAnalysisBreaksCausalityLoop.xml
----------------- Instantiating /home/travis/build/icyphy/ptII/ptolemy/domains/sr/test/auto/MayAnalysisBreaksCausalityLoop.xml
7 ms. Memory: 155648K Free: 141300K (91%)
----------------- Invoking toplevel() on ptolemy.moml.MoMLSimpleApplication@658f0185
----------------- Done invoking toplevel() on ptolemy.moml.MoMLSimpleApplication@658f0185
reloadAllAccessors: .MayAnalysisBreaksCausalityLoop

===========================================================================================
----------------- testing Mon Aug 05 18:52:27 UTC 2019 /home/travis/build/icyphy/ptII/ptolemy/domains/sr/test/auto/MultipleOutputs.xml
----------------- Instantiating /home/travis/build/icyphy/ptII/ptolemy/domains/sr/test/auto/MultipleOutputs.xml
19 ms. Memory: 155648K Free: 133502K (86%)
----------------- Invoking toplevel() on ptolemy.moml.MoMLSimpleApplication@19e977b7
----------------- Done invoking toplevel() on ptolemy.moml.MoMLSimpleApplication@19e977b7
reloadAllAccessors: .MultipleOutputs

===========================================================================================
----------------- testing Mon Aug 05 18:52:27 UTC 2019 /home/travis/build/icyphy/ptII/ptolemy/domains/sr/test/auto/MultipleOutputs2.xml
----------------- Instantiating /home/travis/build/icyphy/ptII/ptolemy/domains/sr/test/auto/MultipleOutputs2.xml
20 ms. Memory: 155648K Free: 126334K (81%)
----------------- Invoking toplevel() on ptolemy.moml.MoMLSimpleApplication@39ec43a5
----------------- Done invoking toplevel() on ptolemy.moml.MoMLSimpleApplication@39ec43a5
reloadAllAccessors: .MultipleOutputs2

===========================================================================================
----------------- testing Mon Aug 05 18:52:27 UTC 2019 /home/travis/build/icyphy/ptII/ptolemy/domains/sr/test/auto/MultipleOutputs3.xml
----------------- Instantiating /home/travis/build/icyphy/ptII/ptolemy/domains/sr/test/auto/MultipleOutputs3.xml
24 ms. Memory: 155648K Free: 118394K (76%)
----------------- Invoking toplevel() on ptolemy.moml.MoMLSimpleApplication@5ed11f18
----------------- Done invoking toplevel() on ptolemy.moml.MoMLSimpleApplication@5ed11f18
reloadAllAccessors: .MultipleOutputs3

===========================================================================================
----------------- testing Mon Aug 05 18:52:27 UTC 2019 /home/travis/build/icyphy/ptII/ptolemy/domains/sr/test/auto/QuantizedTime.xml
----------------- Instantiating /home/travis/build/icyphy/ptII/ptolemy/domains/sr/test/auto/QuantizedTime.xml
11 ms. Memory: 155648K Free: 113682K (73%)
----------------- Invoking toplevel() on ptolemy.moml.MoMLSimpleApplication@23c7793a
----------------- Done invoking toplevel() on ptolemy.moml.MoMLSimpleApplication@23c7793a
reloadAllAccessors: .QuantizedTime

===========================================================================================
----------------- testing Mon Aug 05 18:52:27 UTC 2019 /home/travis/build/icyphy/ptII/ptolemy/domains/sr/test/auto/QuantizedTimeException.xml
----------------- Instantiating /home/travis/build/icyphy/ptII/ptolemy/domains/sr/test/auto/QuantizedTimeException.xml
23 ms. Memory: 155648K Free: 108562K (70%)
----------------- Invoking toplevel() on ptolemy.moml.MoMLSimpleApplication@57d49ae9
----------------- Done invoking toplevel() on ptolemy.moml.MoMLSimpleApplication@57d49ae9
reloadAllAccessors: .QuantizedTimeException

===========================================================================================
----------------- testing Mon Aug 05 18:52:27 UTC 2019 /home/travis/build/icyphy/ptII/ptolemy/domains/sr/test/auto/SRActorOrientedModalModel.xml
----------------- Instantiating /home/travis/build/icyphy/ptII/ptolemy/domains/sr/test/auto/SRActorOrientedModalModel.xml
407 ms. Memory: 155648K Free: 91553K (59%)
----------------- Invoking toplevel() on ptolemy.moml.MoMLSimpleApplication@2760a5a1
----------------- Done invoking toplevel() on ptolemy.moml.MoMLSimpleApplication@2760a5a1
reloadAllAccessors: .SRActorOrientedModalModel

===========================================================================================
----------------- testing Mon Aug 05 18:52:28 UTC 2019 /home/travis/build/icyphy/ptII/ptolemy/domains/sr/test/auto/SRcombine.xml
----------------- Instantiating /home/travis/build/icyphy/ptII/ptolemy/domains/sr/test/auto/SRcombine.xml
16 ms. Memory: 155648K Free: 83911K (54%)
----------------- Invoking toplevel() on ptolemy.moml.MoMLSimpleApplication@293f5521
----------------- Done invoking toplevel() on ptolemy.moml.MoMLSimpleApplication@293f5521
reloadAllAccessors: .SRcombine

===========================================================================================
----------------- testing Mon Aug 05 18:52:28 UTC 2019 /home/travis/build/icyphy/ptII/ptolemy/domains/sr/test/auto/SRinDE.xml
----------------- Instantiating /home/travis/build/icyphy/ptII/ptolemy/domains/sr/test/auto/SRinDE.xml
10 ms. Memory: 155648K Free: 76581K (49%)
----------------- Invoking toplevel() on ptolemy.moml.MoMLSimpleApplication@2983789b
----------------- Done invoking toplevel() on ptolemy.moml.MoMLSimpleApplication@2983789b
reloadAllAccessors: .SRinDE

===========================================================================================
----------------- testing Mon Aug 05 18:52:28 UTC 2019 /home/travis/build/icyphy/ptII/ptolemy/domains/sr/test/auto/SRinDEkickStart.xml
----------------- Instantiating /home/travis/build/icyphy/ptII/ptolemy/domains/sr/test/auto/SRinDEkickStart.xml
10 ms. Memory: 155648K Free: 71585K (46%)
----------------- Invoking toplevel() on ptolemy.moml.MoMLSimpleApplication@134f8de1
----------------- Done invoking toplevel() on ptolemy.moml.MoMLSimpleApplication@134f8de1
reloadAllAccessors: .SRinDEkickStart

===========================================================================================
----------------- testing Mon Aug 05 18:52:28 UTC 2019 /home/travis/build/icyphy/ptII/ptolemy/domains/sr/test/auto/SRinDEsimpler.xml
----------------- Instantiating /home/travis/build/icyphy/ptII/ptolemy/domains/sr/test/auto/SRinDEsimpler.xml
7 ms. Memory: 155648K Free: 67481K (43%)
----------------- Invoking toplevel() on ptolemy.moml.MoMLSimpleApplication@107c117d
----------------- Done invoking toplevel() on ptolemy.moml.MoMLSimpleApplication@107c117d
reloadAllAccessors: .SRinDEsimpler

===========================================================================================
----------------- testing Mon Aug 05 18:52:28 UTC 2019 /home/travis/build/icyphy/ptII/ptolemy/domains/sr/test/auto/SRinDEsimpler2.xml
----------------- Instantiating /home/travis/build/icyphy/ptII/ptolemy/domains/sr/test/auto/SRinDEsimpler2.xml
6 ms. Memory: 155648K Free: 62823K (40%)
----------------- Invoking toplevel() on ptolemy.moml.MoMLSimpleApplication@4d4580c1
----------------- Done invoking toplevel() on ptolemy.moml.MoMLSimpleApplication@4d4580c1
reloadAllAccessors: .SRinDEsimpler2

===========================================================================================
----------------- testing Mon Aug 05 18:52:28 UTC 2019 /home/travis/build/icyphy/ptII/ptolemy/domains/sr/test/auto/SRinDEsimpler3.xml
----------------- Instantiating /home/travis/build/icyphy/ptII/ptolemy/domains/sr/test/auto/SRinDEsimpler3.xml
5 ms. Memory: 155648K Free: 56693K (36%)
----------------- Invoking toplevel() on ptolemy.moml.MoMLSimpleApplication@107fac21
----------------- Done invoking toplevel() on ptolemy.moml.MoMLSimpleApplication@107fac21
reloadAllAccessors: .SRinDEsimpler3

===========================================================================================
----------------- testing Mon Aug 05 18:52:28 UTC 2019 /home/travis/build/icyphy/ptII/ptolemy/domains/sr/test/auto/SRmodalSuperdense.xml
----------------- Instantiating /home/travis/build/icyphy/ptII/ptolemy/domains/sr/test/auto/SRmodalSuperdense.xml
11 ms. Memory: 155648K Free: 132715K (85%)
----------------- Invoking toplevel() on ptolemy.moml.MoMLSimpleApplication@32f5095c
----------------- Done invoking toplevel() on ptolemy.moml.MoMLSimpleApplication@32f5095c
reloadAllAccessors: .SRmodalSuperdense

===========================================================================================
----------------- testing Mon Aug 05 18:52:28 UTC 2019 /home/travis/build/icyphy/ptII/ptolemy/domains/sr/test/auto/SRmodalSuperdense2.xml
----------------- Instantiating /home/travis/build/icyphy/ptII/ptolemy/domains/sr/test/auto/SRmodalSuperdense2.xml
11 ms. Memory: 155648K Free: 121445K (78%)
----------------- Invoking toplevel() on ptolemy.moml.MoMLSimpleApplication@4d2d8775
----------------- Done invoking toplevel() on ptolemy.moml.MoMLSimpleApplication@4d2d8775
reloadAllAccessors: .SRmodalSuperdense2

===========================================================================================
----------------- testing Mon Aug 05 18:52:28 UTC 2019 /home/travis/build/icyphy/ptII/ptolemy/domains/sr/test/auto/SRsubclock.xml
----------------- Instantiating /home/travis/build/icyphy/ptII/ptolemy/domains/sr/test/auto/SRsubclock.xml
4 ms. Memory: 155648K Free: 116845K (75%)
----------------- Invoking toplevel() on ptolemy.moml.MoMLSimpleApplication@647f6fbb
----------------- Done invoking toplevel() on ptolemy.moml.MoMLSimpleApplication@647f6fbb
reloadAllAccessors: .SRsubclock

===========================================================================================
----------------- testing Mon Aug 05 18:52:28 UTC 2019 /home/travis/build/icyphy/ptII/ptolemy/domains/sr/test/auto/SRsubclock2.xml
----------------- Instantiating /home/travis/build/icyphy/ptII/ptolemy/domains/sr/test/auto/SRsubclock2.xml
7 ms. Memory: 155648K Free: 111211K (71%)
----------------- Invoking toplevel() on ptolemy.moml.MoMLSimpleApplication@47ec3a5
----------------- Done invoking toplevel() on ptolemy.moml.MoMLSimpleApplication@47ec3a5
reloadAllAccessors: .SRsubclock2

===========================================================================================
----------------- testing Mon Aug 05 18:52:28 UTC 2019 /home/travis/build/icyphy/ptII/ptolemy/domains/sr/test/auto/TokenRing.xml
----------------- Instantiating /home/travis/build/icyphy/ptII/ptolemy/domains/sr/test/auto/TokenRing.xml
18 ms. Memory: 155648K Free: 90221K (58%)
----------------- Invoking toplevel() on ptolemy.moml.MoMLSimpleApplication@6bab5ee4
----------------- Done invoking toplevel() on ptolemy.moml.MoMLSimpleApplication@6bab5ee4
reloadAllAccessors: .TokenRing

===========================================================================================
----------------- testing Mon Aug 05 18:52:28 UTC 2019 /home/travis/build/icyphy/ptII/ptolemy/domains/sr/test/auto/TrafficLight.xml
----------------- Instantiating /home/travis/build/icyphy/ptII/ptolemy/domains/sr/test/auto/TrafficLight.xml
221 ms. Memory: 155648K Free: 55966K (36%)
----------------- Invoking toplevel() on ptolemy.moml.MoMLSimpleApplication@157eec13
----------------- Done invoking toplevel() on ptolemy.moml.MoMLSimpleApplication@157eec13
reloadAllAccessors: .TrafficLight

===========================================================================================
----------------- testing Mon Aug 05 18:52:29 UTC 2019 /home/travis/build/icyphy/ptII/ptolemy/domains/sr/test/auto/WirelessDeployment.xml
----------------- Instantiating /home/travis/build/icyphy/ptII/ptolemy/domains/sr/test/auto/WirelessDeployment.xml
386 ms. Memory: 187392K Free: 111926K (60%)
----------------- Invoking toplevel() on ptolemy.moml.MoMLSimpleApplication@1a6576a2
----------------- Done invoking toplevel() on ptolemy.moml.MoMLSimpleApplication@1a6576a2
reloadAllAccessors: .WirelessDeployment

===========================================================================================
----------------- testing Mon Aug 05 18:52:29 UTC 2019 /home/travis/build/icyphy/ptII/ptolemy/domains/sr/test/auto/dynamicCausalityInterface1.xml
----------------- Instantiating /home/travis/build/icyphy/ptII/ptolemy/domains/sr/test/auto/dynamicCausalityInterface1.xml
14 ms. Memory: 187392K Free: 101190K (54%)
----------------- Invoking toplevel() on ptolemy.moml.MoMLSimpleApplication@1cdfb0c6
----------------- Done invoking toplevel() on ptolemy.moml.MoMLSimpleApplication@1cdfb0c6
reloadAllAccessors: .dynamicCausalityInterface1
AutoTests.java: About to close Vertx.
AutoTests.java: Vertx closed.
]]></system-out>
  <system-err><![CDATA[]]></system-err>
</testsuite>
