<?xml version="1.0" encoding="UTF-8" ?>
<testsuite errors="0" failures="1" hostname="travis-job-624c4d29-dfa6-4281-aa03-867203456d58" name="ptolemy.actor.lib.test.junit.JUnitTclTest" skipped="0" tests="517" time="64.83" timestamp="2019-07-18T21:25:48">
  <properties>
    <property name="npm.executable" value="npm" />
    <property name="env.TRAVIS_ROOT" value="/" />
    <property name="ptII.mk.exists" value="true" />
    <property name="env.TRAVIS_APP_HOST" value="build.travis-ci.org" />
    <property name="env.rvm_bin_path" value="/home/travis/.rvm/bin" />
    <property name="java.home" value="/usr/local/lib/jvm/openjdk11" />
    <property name="env.TRAVIS_JOB_NUMBER" value="1254.8" />
    <property name="env.TRAVIS_HOME" value="/home/travis" />
    <property name="env.DISPLAY" value=":99.0" />
    <property name="env.TRAVIS_INIT" value="systemd" />
    <property name="env.SSH_TTY" value="/dev/pts/0" />
    <property name="java.net.preferIPv4Stack" value="true" />
    <property name="env.RUN_TESTS" value="true" />
    <property name="timeout.short" value="1000000" />
    <property name="junit.formatter" value="xml" />
    <property name="env.TRAVIS_SUDO" value="true" />
    <property name="env.TRAVIS_JOB_NAME" value="" />
    <property name="env.TRAVIS_STACK_NODE_ATTRIBUTES" value="/.node-attributes.yml" />
    <property name="env.LOGNAME" value="travis" />
    <property name="env.PT_TRAVIS_TEST_CORE1_XML" value="true" />
    <property name="jsdoc.home" value="node_modules/@terraswarm/jsdoc" />
    <property name="debuglevel" value="source,lines,vars" />
    <property name="checkstyle.formatter" value="xml" />
    <property name="env._system_version" value="16.04" />
    <property name="bin.vergil.makeable" value="true" />
    <property name="sun.os.patch.level" value="unknown" />
    <property name="java.vendor.url" value="http://java.oracle.com/" />
    <property name="env.TRAVIS_BUILD_WEB_URL" value="https://travis-ci.org/icyphy/ptII/builds/560683429" />
    <property name="java.version" value="11.0.2" />
    <property name="env.TZ" value="UTC" />
    <property name="env.TRAVIS_PULL_REQUEST_SHA" value="" />
    <property name="env.PT_NO_NET" value="true" />
    <property name="env.TRAVIS_SECURE_ENV_VARS" value="true" />
    <property name="env._system_type" value="Linux" />
    <property name="java.vendor.url.bug" value="http://bugreport.java.com/bugreport/" />
    <property name="npmjs-org-is-up" value="true" />
    <property name="env.LANGUAGE" value="en_US.UTF-8" />
    <property name="env.SSH_CLIENT" value="10.10.4.55 38182 22" />
    <property name="env.GEM_HOME" value="/home/travis/.rvm/gems/ruby-2.5.3" />
    <property name="env.HAS_ANTARES_THREE_LITTLE_FRONZIES_BADGE" value="true" />
    <property name="java.version.date" value="2019-01-15" />
    <property name="env.PS4" value="+" />
    <property name="ant.project.invoked-targets" value="build,test.core1.xml" />
    <property name="env.TRAVIS_PULL_REQUEST_BRANCH" value="" />
    <property name="env.TRAVIS_REPO_SLUG" value="icyphy/ptII" />
    <property name="env.XDG_DATA_DIRS" value="/usr/local/share:/usr/share:/var/lib/snapd/desktop" />
    <property name="jdk.debug" value="release" />
    <property name="env.TRAVIS_APT_PROXY" value="http://apt.cache.travis-ci.com" />
    <property name="node.in.path" value="true" />
    <property name="user.name" value="travis" />
    <property name="java.maxmemory" value="1400m" />
    <property name="env.RUBY_VERSION" value="ruby-2.5.3" />
    <property name="env.LANG" value="en_US.UTF-8" />
    <property name="sun.io.unicode.encoding" value="UnicodeLittle" />
    <property name="sun.jnu.encoding" value="UTF-8" />
    <property name="java.runtime.name" value="OpenJDK Runtime Environment" />
    <property name="usefile" value="false" />
    <property name="return.code" value="0" />
    <property name="junit.single.formatter" value="plain" />
    <property name="env.DYLD_LIBRARY_PATH" value="/home/travis/pthla/certi-tools/lib:" />
    <property name="env.DEBIAN_FRONTEND" value="noninteractive" />
    <property name="env.SSH_CONNECTION" value="10.10.4.55 38182 10.20.3.29 22" />
    <property name="env.MYSQL_UNIX_PORT" value="/var/run/mysqld/mysqld.sock" />
    <property name="env.LC_ALL" value="en_US.UTF-8" />
    <property name="env.TRAVIS_ALLOW_FAILURE" value="false" />
    <property name="env.TRAVIS_JOB_WEB_URL" value="https://travis-ci.org/icyphy/ptII/jobs/560683437" />
    <property name="java.specification.name" value="Java Platform API Specification" />
    <property name="node.works" value="true" />
    <property name="user.timezone" value="" />
    <property name="path.separator" value=":" />
    <property name="env.TRAVIS_ENABLE_INFRA_DETECTION" value="true" />
    <property name="env.PYTHON_CFLAGS" value="-g -fstack-protector --param=ssp-buffer-size=4 -Wformat -Werror=format-security" />
    <property name="timeout.long" value="4000000" />
    <property name="env.CERTI_HOME" value="/home/travis/pthla/certi-tools" />
    <property name="ant.file.ptII" value="/home/travis/build/icyphy/ptII/build.xml" />
    <property name="javadoc.packagenames" value="com.*,diva.*,lbnl.*,org.hlacerti.*,org.json.*,org.ptolemy.*,org.terraswarm.*,ptolemy.*,ptserver.*" />
    <property name="file.encoding" value="UTF-8" />
    <property name="env.TRAVIS_PULL_REQUEST_SLUG" value="" />
    <property name="ant.project.default-target" value="build" />
    <property name="env.GIT_ASKPASS" value="echo" />
    <property name="env.HOME" value="/home/travis" />
    <property name="sun.java.command" value="org.apache.tools.ant.taskdefs.optional.junit.JUnitTestRunner ptolemy.actor.lib.test.junit.JUnitTclTest skipNonTests=false filtertrace=true haltOnError=false haltOnFailure=false formatter=org.apache.tools.ant.taskdefs.optional.junit.OutErrSummaryJUnitResultFormatter showoutput=true outputtoformatters=true logfailedtests=true threadid=0 logtestlistenerevents=false formatter=org.apache.tools.ant.taskdefs.optional.junit.XMLJUnitResultFormatter,/home/travis/build/icyphy/ptII/reports/junit/TEST-ptolemy.actor.lib.test.junit.JUnitTclTest.xml crashfile=/home/travis/build/icyphy/ptII/junitvmwatcher15725554970107285631.properties propsfile=/home/travis/build/icyphy/ptII/junit303893796054009784.properties" />
    <property name="env.COMPOSER_NO_INTERACTION" value="1" />
    <property name="env.MANPATH" value="/home/travis/.nvm/versions/node/v7.10.1/share/man:/home/travis/.rvm/rubies/ruby-2.5.3/share/man:/usr/local/cmake-3.12.4/man:/usr/local/clang-7.0.0/share/man:/usr/local/man:/usr/local/share/man:/usr/share/man:/home/travis/.rvm/man" />
    <property name="env.TRAVIS_TIMER_ID" value="249fe916" />
    <property name="ant.file" value="/home/travis/build/icyphy/ptII/build.xml" />
    <property name="env.TRAVIS_COMMIT_RANGE" value="7a7e81860998...dad22e24cfbd" />
    <property name="env._system_name" value="Ubuntu" />
    <property name="ptII.classpath.optional.property" value="/home/travis/build/icyphy/ptII/lib/bsh-2.0b4.jar:/home/travis/build/icyphy/ptII/lib/ptCal.jar:/home/travis/build/icyphy/ptII/lib/java_cup.jar:/home/travis/build/icyphy/ptII/lib/saxon8.jar:/home/travis/build/icyphy/ptII/lib/saxon8-dom.jar:/home/travis/build/icyphy/ptII/lib/chic.jar:/home/travis/build/icyphy/ptII/lib/ptcolt.jar:/home/travis/build/icyphy/ptII/vendors/misc/itext/iText.jar:/home/travis/build/icyphy/ptII/lib/g4ltl.jar:/home/travis/build/icyphy/ptII/lib/StructuralCoder.jar:/home/travis/build/icyphy/ptII/lib/jcerti.jar:/home/travis/build/icyphy/ptII/lib/javax.mail.jar:/home/travis/build/icyphy/ptII/vendors/JMF-2.1.1e/lib/jmf.jar:/home/travis/build/icyphy/ptII/lib/jna-4.0.0-variadic.jar:/home/travis/build/icyphy/ptII/vendors/misc/joystick/Joystick.jar:/home/travis/build/icyphy/ptII/lib/ptjacl.jar:/home/travis/build/icyphy/ptII/lib/jsoup-1.8.2.jar:/home/travis/build/icyphy/ptII/lib/junit-4.8.2.jar:/home/travis/build/icyphy/ptII/lib/JUnitParams-0.4.0.jar:/home/travis/build/icyphy/ptII/ptolemy/actor/lib/excel/jxl.jar:/home/travis/build/icyphy/ptII/lib/jython.jar:/home/travis/build/icyphy/ptII/lib/kieler.jar:/home/travis/build/icyphy/ptII/vendors/opencv/share/OpenCV/java/opencv-341.jar:/home/travis/build/icyphy/ptII/lib/oscP5.jar:/home/travis/build/icyphy/ptII/lib/nrjavaserial-3.11.0.devel.jar:/home/travis/build/icyphy/ptII/vendors/j3d/lib/Linux/j3dcore.jar:/home/travis/build/icyphy/ptII/vendors/j3d/lib/Linux/j3dutils.jar:/home/travis/build/icyphy/ptII/vendors/j3d/lib/Linux/vecmath.jar:/home/travis/build/icyphy/ptII/vendors/jogl/lib/Linux/gluegen-rt-natives-linux-amd64.jar:/home/travis/build/icyphy/ptII/vendors/jogl/lib/Linux/gluegen-rt.jar:/home/travis/build/icyphy/ptII/vendors/jogl/lib/Linux/jogl-all-natives-linux-amd64.jar:/home/travis/build/icyphy/ptII/vendors/jogl/lib/Linux/jogl-all.jar:/home/travis/build/icyphy/ptII/ptolemy/distributed/jini/jar/jini-core.jar:/home/travis/build/icyphy/ptII/ptolemy/distributed/jini/jar/jini-ext.jar:/home/travis/build/icyphy/ptII/ptolemy/distributed/jini/jar/sun-util.jar:/home/travis/build/icyphy/ptII/lib/protobuf-java-2.4.1.jar:/home/travis/build/icyphy/ptII/lib/org.eclipse.paho.client.mqttv3.jar:/home/travis/build/icyphy/ptII/lib/mapss.jar:/home/travis/build/icyphy/ptII/ptolemy/actor/ptalon/antlr/antlr.jar:/home/travis/build/icyphy/ptII/lib/JRI.jar:/home/travis/build/icyphy/ptII/lib/commons-lang-2.6.jar:/home/travis/build/icyphy/ptII/lib/commons-logging-1.1.1.jar:/home/travis/build/icyphy/ptII/lib/sootclasses.jar:/home/travis/build/icyphy/ptII/ptolemy/actor/lib/database/mysql-connector-java-5.1.6-bin.jar:/home/travis/build/icyphy/ptII/vendors/misc/sphinx4/sphinx4-data-5prealpha.jar:/home/travis/build/icyphy/ptII/vendors/misc/sphinx4/sphinx4-core-5prealpha.jar:/home/travis/build/icyphy/ptII/lib/PDFRenderer.jar:/home/travis/build/icyphy/ptII/lib/svgSalamander.jar:/home/travis/build/icyphy/ptII/lib/rsyntaxtextarea-2.6.0-SNAPSHOT.jar:/home/travis/build/icyphy/ptII/lib/hazelcast-3.8.2.jar:/home/travis/build/icyphy/ptII/lib/jackson-annotations-2.9.0.jar:/home/travis/build/icyphy/ptII/lib/jackson-core-2.9.3.jar:/home/travis/build/icyphy/ptII/lib/jackson-databind-2.9.3.jar:/home/travis/build/icyphy/ptII/lib/netty-buffer-4.1.19.Final.jar:/home/travis/build/icyphy/ptII/lib/netty-codec-4.1.19.Final.jar:/home/travis/build/icyphy/ptII/lib/netty-codec-dns-4.1.19.Final.jar:/home/travis/build/icyphy/ptII/lib/netty-codec-http-4.1.19.Final.jar:/home/travis/build/icyphy/ptII/lib/netty-codec-http2-4.1.19.Final.jar:/home/travis/build/icyphy/ptII/lib/netty-common-4.1.19.Final.jar:/home/travis/build/icyphy/ptII/lib/netty-handler-4.1.19.Final.jar:/home/travis/build/icyphy/ptII/lib/netty-resolver-4.1.19.Final.jar:/home/travis/build/icyphy/ptII/lib/netty-resolver-dns-4.1.19.Final.jar:/home/travis/build/icyphy/ptII/lib/netty-transport-4.1.19.Final.jar:/home/travis/build/icyphy/ptII/lib/vertx-codegen-3.5.1.jar:/home/travis/build/icyphy/ptII/lib/vertx-core-3.5.2-SNAPSHOT.jar:/home/travis/build/icyphy/ptII/lib/vertx-hazelcast-3.5.1.jar:/home/travis/build/icyphy/ptII/lib/vertx-lang-js-3.5.1.jar:/home/travis/build/icyphy/ptII/lib/vertx-service-proxy-3.5.1.jar:/home/travis/build/icyphy/ptII/lib/vertx-web-3.5.1.jar:/home/travis/build/icyphy/ptII/lib/slf4j-api-1.7.13.jar:/home/travis/build/icyphy/ptII/lib/slf4j-simple-1.7.13.jar:/home/travis/build/icyphy/ptII/lib/webcam-capture-0.3.12.jar:/home/travis/build/icyphy/ptII/lib/bridj-0.7.0.jar:/home/travis/build/icyphy/ptII/lib/xbjlib-1.1.0.nrjavaserial.jar" />
    <property name="timeout" value="2400000" />
    <property name="test.batch" value="**/junit/*.java" />
    <property name="env._" value="/usr/bin/timeout" />
    <property name="java.io.tmpdir" value="/tmp" />
    <property name="user.language" value="en" />
    <property name="env.TRAVIS_INTERNAL_RUBY_REGEX" value="^ruby-(2\.[0-4]\.[0-9]|1\.9\.3)" />
    <property name="env.HISTCONTROL" value="ignoredups:ignorespace" />
    <property name="env.GOROOT" value="/home/travis/.gimme/versions/go1.11.1.linux.amd64" />
    <property name="line.separator" value="&#xa;" />
    <property name="target" value="11" />
    <property name="env.TRAVIS_BUILD_DIR" value="/home/travis/build/icyphy/ptII" />
    <property name="env.ANT_OPTS" value="-Xmx2048m" />
    <property name="ant.file.type" value="file" />
    <property name="ptolemy.ptII.batchMode" value="true" />
    <property name="env.HISTSIZE" value="1000" />
    <property name="env.MERB_ENV" value="test" />
    <property name="java.vm.info" value="mixed mode" />
    <property name="source" value="11" />
    <property name="java.vm.specification.name" value="Java Virtual Machine Specification" />
    <property name="env.TRAVIS_TEST_RESULT" value="0" />
    <property name="jsdoc.command" value="node_modules/@terraswarm/jsdoc/jsdoc.js" />
    <property name="npm.works" value="true" />
    <property name="cobertura.dir" value="/home/travis/build/icyphy/ptII/vendors/cobertura-2.0.3" />
    <property name="jsdoc.command.exists" value="true" />
    <property name="env.rvm_path" value="/home/travis/.rvm" />
    <property name="env.GEM_PATH" value="/home/travis/.rvm/gems/ruby-2.5.3:/home/travis/.rvm/gems/ruby-2.5.3@global" />
    <property name="env.LC_CTYPE" value="en_US.UTF-8" />
    <property name="env.TRAVIS_CMD" value="$PTII/bin/ptIITravisBuild.sh $SECONDS" />
    <property name="java.awt.printerjob" value="sun.print.PSPrinterJob" />
    <property name="env.TRAVIS_STACK_NAME" value="sardonyx" />
    <property name="env.TRAVIS_TIMER_START_TIME" value="1563484420949723559" />
    <property name="ant.version" value="Apache Ant(TM) version 1.10.1 compiled on February 2 2017" />
    <property name="ptII.reports" value="/home/travis/build/icyphy/ptII/reports" />
    <property name="env.TRAVIS_STACK_TIMESTAMP" value="2019-03-25 16:16:56 UTC" />
    <property name="ant.file.type.ptII" value="file" />
    <property name="env.RBENV_SHELL" value="bash" />
    <property name="os.name" value="Linux" />
    <property name="java.specification.vendor" value="Oracle Corporation" />
    <property name="env.rvm_version" value="1.29.7 (latest)" />
    <property name="env.TRAVIS_INFRA" value="gce" />
    <property name="env.TERM" value="xterm" />
    <property name="java.vm.name" value="OpenJDK 64-Bit Server VM" />
    <property name="env.TRAVIS_BUILD_NUMBER" value="1254" />
    <property name="env.CI" value="true" />
    <property name="java.library.path" value="/home/travis/pthla/certi-tools/lib:/usr/lib/jni:/usr/local/share/OpenCV/java/:/usr/share/OpenCV/java::/usr/java/packages/lib:/usr/lib64:/lib64:/lib:/usr/lib" />
    <property name="jdk.module.path" value="/home/travis/build/icyphy/ptII/vendors/javafx/javafx-sdk-11.0.2/lib:" />
    <property name="env.rvm_prefix" value="/home/travis" />
    <property name="env.PATH" value="/home/travis/pthla/certi-tools/share/scripts:/home/travis/.rvm/gems/ruby-2.5.3/bin:/home/travis/.rvm/gems/ruby-2.5.3@global/bin:/home/travis/.rvm/rubies/ruby-2.5.3/bin:/home/travis/.rvm/bin:/home/travis/.nvm/versions/node/v7.10.1/bin:./node_modules/.bin:/home/travis/build/icyphy/ptII/bin:/home/travis/pthla/certi-tools/bin:/home/travis/bin:/home/travis/.local/bin:/usr/local/lib/jvm/openjdk11/bin:/opt/pyenv/shims:/home/travis/.phpenv/shims:/home/travis/perl5/perlbrew/bin:/home/travis/gopath/bin:/home/travis/.gimme/versions/go1.11.1.linux.amd64/bin:/usr/local/maven-3.6.0/bin:/usr/local/cmake-3.12.4/bin:/usr/local/clang-7.0.0/bin:/usr/local/sbin:/usr/local/bin:/usr/sbin:/usr/bin:/sbin:/bin:/snap/bin:/home/travis/.phpenv/bin:/opt/pyenv/bin:/home/travis/.yarn/bin" />
    <property name="env.TRAVIS_OS_NAME" value="linux" />
    <property name="ant.java.version" value="9" />
    <property name="basedir" value="/home/travis/build/icyphy/ptII" />
    <property name="java.class.version" value="55.0" />
    <property name="env.SHLVL" value="3" />
    <property name="env.LD_LIBRARY_PATH" value="/home/travis/pthla/certi-tools/lib:/usr/lib/jni:/usr/local/share/OpenCV/java/:/usr/share/OpenCV/java:" />
    <property name="env.RACK_ENV" value="test" />
    <property name="ant.home" value="/home/travis/build/icyphy/ptII/ant" />
    <property name="env.NVM_DIR" value="/home/travis/.nvm" />
    <property name="env.CERTI_FOM_PATH" value="/home/travis/pthla/certi-tools/share/federations" />
    <property name="env.TRAVIS_BUILD_ID" value="560683429" />
    <property name="env.PYENV_ROOT" value="/opt/pyenv" />
    <property name="env.TRAVIS_UID" value="2000" />
    <property name="prism.verbose" value="true" />
    <property name="env.NVM_BIN" value="/home/travis/.nvm/versions/node/v7.10.1/bin" />
    <property name="env.TRAVIS_COMMIT" value="dad22e24cfbde6c3ee693b4ed7450acd4c6a51b9" />
    <property name="env._system_arch" value="x86_64" />
    <property name="node.executable" value="node" />
    <property name="sun.boot.library.path" value="/usr/local/lib/jvm/openjdk11/lib" />
    <property name="sun.management.compiler" value="HotSpot 64-Bit Tiered Compilers" />
    <property name="java.awt.graphicsenv" value="sun.awt.X11GraphicsEnvironment" />
    <property name="env.GOPATH" value="/home/travis/gopath" />
    <property name="ptolemy.ptII.dir" value="/home/travis/build/icyphy/ptII" />
    <property name="env.USER" value="travis" />
    <property name="env.HISTFILESIZE" value="2000" />
    <property name="timeout.longest" value="19000000" />
    <property name="env.PERLBREW_SHELLRC_VERSION" value="0.86" />
    <property name="env.TRAVIS_STACK_FEATURES" value="basic couchdb disabled-ipv6 docker docker-compose elasticsearch firefox go-toolchain google-chrome jdk memcached mongodb mysql nodejs_interpreter perl_interpreter perlbrew phantomjs postgresql python_interpreter redis ruby_interpreter sqlite xserver" />
    <property name="env.TRAVIS_PULL_REQUEST" value="false" />
    <property name="env.PYENV_SHELL" value="bash" />
    <property name="ant.project.name" value="ptII" />
    <property name="env.ANSI_RESET" value="\033[0m" />
    <property name="java.vm.specification.version" value="11" />
    <property name="env.TRAVIS_DIST" value="xenial" />
    <property name="env.CERTI_VERSION" value="4.0.0" />
    <property name="env.CERTI_HOST" value="localhost" />
    <property name="awt.toolkit" value="sun.awt.X11.XToolkit" />
    <property name="env.MY_RUBY_HOME" value="/home/travis/.rvm/rubies/ruby-2.5.3" />
    <property name="sun.cpu.isalist" value="" />
    <property name="env.TRAVIS_TMPDIR" value="/tmp/tmp.rIHdgaZJhm" />
    <property name="java.vm.compressedOopsMode" value="Zero based" />
    <property name="os.version" value="4.15.0-1028-gcp" />
    <property name="user.home" value="/home/travis" />
    <property name="java.vm.vendor" value="Oracle Corporation" />
    <property name="env.TRAVIS_TAG" value="nightly" />
    <property name="env.ANSI_YELLOW" value="\033[33;1m" />
    <property name="env.TRAVIS_FILTERED" value="redirect_io" />
    <property name="env.ANSI_GREEN" value="\033[32;1m" />
    <property name="env.JAVA_HOME" value="/usr/local/lib/jvm/openjdk11" />
    <property name="javadoc.excludepackagenames" value="adm.cvs2svn.*,build.*,config.*,doc.coding.templates.*,jni.test.jni.meaningOfLife.*,jni.test.jni.testDeux.*,jni.test.jni.testTrois.*,org.terraswarm.accessor.accessors.web.node_modules.*,org.terraswarm.accessor.accessors.web.hosts.cordova.demo.*,org.terraswarm.accessor.accessors.web.hosts.cordova.plugins.*,org.terraswarm.accessor.accessors-svn.*,pt-modules.*,ptolemy.apps.agilent.*,ptolemy.apps.anytimecontrol.*,ptolemy.apps.apes.*,ptolemy.apps.charon.*,ptolemy.apps.crazyboard.*,ptolemy.apps.eclipse.*,ptolemy.apps.etherealSting.*,ptolemy.apps.fullscreen.*,ptolemy.apps.giotto.*,ptolemy.apps.ia.*,ptolemy.apps.interfaces.*,ptolemy.apps.jmf.*,ptolemy.apps.kurt.*,ptolemy.apps.kvm.*,ptolemy.apps.lego.*,ptolemy.apps.lejos.*,ptolemy.apps.midp.*,ptolemy.apps.mobileCoding.*,ptolemy.apps.pendulum.*,ptolemy.apps.rijndael.*,ptolemy.apps.robot.*,ptolemy.apps.security.*,ptolemy.apps.sobel.*,ptolemy.apps.soot.*,ptolemy.apps.throttle.*,ptolemy.apps.tini.*,ptolemy.apps.transmission.*,ptolemy.apps.vergil.*,ptolemy.apps.waba.*,ptolemy.apps.websensor.*,ptolemy.apps.webstart.*,ptolemy.apps.xsl.*,ptolemy.apps.zaurus.*,ptolemy.codegen.c.actor.lib.oldJavaFiles.*,ptolemy.codegen.dsp.lib.*,ptolemy.codegen.kernel.newInterfaces.*,ptolemy.codegen.lib.*,ptolemy.copernicus.kernel.fragment.*,ptolemy.copernicus.shallow.cg.*,ptolemy.domains.giotto.demo.Hierarchy.Hierarchy.*,ptolemy.domains.giotto.demo.Multimode.Multimode.*,ptolemy.domains.giotto.demo.Simple.Simple.*,ptolemy.domains.gr.lib.experimental.*,ptolemy.domains.gro.*,ptolemy.domains.pdf.*,ptolemy.domains.ptinyos.demo.Surge.output.*,ptolemy.moml.test.NoPackageActor.java*,ptolemy.plot.adm.*,ptolemy.plot.servlet.*,reports.*,signed.*,src.*,target.*,vendors.*,ptolemy.copernicus.applet.*,ptolemy.media.viewer.*,ptolemy.actor.corba.*,doc.doclets.*,ptolemy.apps.eclipse.awt.*,ptolemy.backtrack.*,ptolemy.backtrack.ast.*,ptolemy.cg.adapter.generic.program.procedural.c.mbed*,ptolemy.homer.*,ptolemy.actor.lib.jai.*,org.ptolemy.scala.*,diva.util.java2d.svg.*,ptolemy.domains.ptinyos.*,ptolemy.actor.lib.fmi.fmipp.*,,org.terraswarm.accessor.accessors.web.node_modules.*,org.terraswarm.accessor.accessors-svn,ptolemy.apps.*,ptolemy.actor.ptalon.demo.ptinyos.SendAndReceiveCnt.output,ptolemy.actor.ptalon.demo.ptinyos.SenseToLeds.output,ptolemy.domains.ptinyos.demo.CntToLedsAndRfm.output,ptolemy.domains.ptinyos.demo.RfmToLeds.output,ptolemy.domains.ptinyos.demo.SendAndReceiveCnt.output,ptolemy.domains.ptinyos.demo.SenseToLeds.output,ptolemy.actor.lib.jjs.modules.udpSocket.*" />
    <property name="env.PTII" value="/home/travis/build/icyphy/ptII" />
    <property name="env.XDG_SESSION_ID" value="2" />
    <property name="keystore" value="ptKeystore" />
    <property name="env.TRAVIS_COMMIT_MESSAGE" value="If we can&apos;t create the Font3D, then try with the default font." />
    <property name="junit.output.dir" value="/home/travis/build/icyphy/ptII/reports/junit" />
    <property name="npm.return.code" value="0" />
    <property name="user.dir" value="/home/travis/build/icyphy/ptII/ptolemy/actor/lib/test" />
    <property name="env.TRAVIS_NODE_VERSION" value="7" />
    <property name="env.TRAVIS_EVENT_TYPE" value="push" />
    <property name="env.MAIL" value="/var/mail/travis" />
    <property name="env.PERLBREW_ROOT" value="/home/travis/perl5/perlbrew" />
    <property name="env.PWD" value="/home/travis/build/icyphy/ptII" />
    <property name="timeout.npm" value="45000" />
    <property name="env.TRAVIS_ARCH" value="amd64" />
    <property name="sun.cpu.endian" value="little" />
    <property name="env.PAGER" value="cat" />
    <property name="env.TRAVIS_BUILD_STAGE_NAME" value="Test" />
    <property name="env.PERLBREW_HOME" value="/home/travis/.perlbrew" />
    <property name="java.vm.version" value="11.0.2+9" />
    <property name="env.RAILS_ENV" value="test" />
    <property name="java.class.path" value="/home/travis/.ptolemyII:/home/travis/.ptolemyII/*:/home/travis/build/icyphy/ptII:/home/travis/build/icyphy/ptII/lib/bsh-2.0b4.jar:/home/travis/build/icyphy/ptII/lib/ptCal.jar:/home/travis/build/icyphy/ptII/lib/java_cup.jar:/home/travis/build/icyphy/ptII/lib/saxon8.jar:/home/travis/build/icyphy/ptII/lib/saxon8-dom.jar:/home/travis/build/icyphy/ptII/lib/chic.jar:/home/travis/build/icyphy/ptII/lib/ptcolt.jar:/home/travis/build/icyphy/ptII/vendors/misc/itext/iText.jar:/home/travis/build/icyphy/ptII/lib/g4ltl.jar:/home/travis/build/icyphy/ptII/lib/StructuralCoder.jar:/home/travis/build/icyphy/ptII/lib/jcerti.jar:/home/travis/build/icyphy/ptII/lib/javax.mail.jar:/home/travis/build/icyphy/ptII/vendors/JMF-2.1.1e/lib/jmf.jar:/home/travis/build/icyphy/ptII/lib/jna-4.0.0-variadic.jar:/home/travis/build/icyphy/ptII/vendors/misc/joystick/Joystick.jar:/home/travis/build/icyphy/ptII/lib/ptjacl.jar:/home/travis/build/icyphy/ptII/lib/jsoup-1.8.2.jar:/home/travis/build/icyphy/ptII/lib/junit-4.8.2.jar:/home/travis/build/icyphy/ptII/lib/JUnitParams-0.4.0.jar:/home/travis/build/icyphy/ptII/ptolemy/actor/lib/excel/jxl.jar:/home/travis/build/icyphy/ptII/lib/jython.jar:/home/travis/build/icyphy/ptII/lib/kieler.jar:/home/travis/build/icyphy/ptII/vendors/opencv/share/OpenCV/java/opencv-341.jar:/home/travis/build/icyphy/ptII/lib/oscP5.jar:/home/travis/build/icyphy/ptII/lib/nrjavaserial-3.11.0.devel.jar:/home/travis/build/icyphy/ptII/vendors/j3d/lib/Linux/j3dcore.jar:/home/travis/build/icyphy/ptII/vendors/j3d/lib/Linux/j3dutils.jar:/home/travis/build/icyphy/ptII/vendors/j3d/lib/Linux/vecmath.jar:/home/travis/build/icyphy/ptII/vendors/jogl/lib/Linux/gluegen-rt-natives-linux-amd64.jar:/home/travis/build/icyphy/ptII/vendors/jogl/lib/Linux/gluegen-rt.jar:/home/travis/build/icyphy/ptII/vendors/jogl/lib/Linux/jogl-all-natives-linux-amd64.jar:/home/travis/build/icyphy/ptII/vendors/jogl/lib/Linux/jogl-all.jar:/home/travis/build/icyphy/ptII/ptolemy/distributed/jini/jar/jini-core.jar:/home/travis/build/icyphy/ptII/ptolemy/distributed/jini/jar/jini-ext.jar:/home/travis/build/icyphy/ptII/ptolemy/distributed/jini/jar/sun-util.jar:/home/travis/build/icyphy/ptII/lib/protobuf-java-2.4.1.jar:/home/travis/build/icyphy/ptII/lib/org.eclipse.paho.client.mqttv3.jar:/home/travis/build/icyphy/ptII/lib/mapss.jar:/home/travis/build/icyphy/ptII/ptolemy/actor/ptalon/antlr/antlr.jar:/home/travis/build/icyphy/ptII/lib/JRI.jar:/home/travis/build/icyphy/ptII/lib/commons-lang-2.6.jar:/home/travis/build/icyphy/ptII/lib/commons-logging-1.1.1.jar:/home/travis/build/icyphy/ptII/lib/sootclasses.jar:/home/travis/build/icyphy/ptII/ptolemy/actor/lib/database/mysql-connector-java-5.1.6-bin.jar:/home/travis/build/icyphy/ptII/vendors/misc/sphinx4/sphinx4-data-5prealpha.jar:/home/travis/build/icyphy/ptII/vendors/misc/sphinx4/sphinx4-core-5prealpha.jar:/home/travis/build/icyphy/ptII/lib/PDFRenderer.jar:/home/travis/build/icyphy/ptII/lib/svgSalamander.jar:/home/travis/build/icyphy/ptII/lib/rsyntaxtextarea-2.6.0-SNAPSHOT.jar:/home/travis/build/icyphy/ptII/lib/hazelcast-3.8.2.jar:/home/travis/build/icyphy/ptII/lib/jackson-annotations-2.9.0.jar:/home/travis/build/icyphy/ptII/lib/jackson-core-2.9.3.jar:/home/travis/build/icyphy/ptII/lib/jackson-databind-2.9.3.jar:/home/travis/build/icyphy/ptII/lib/netty-buffer-4.1.19.Final.jar:/home/travis/build/icyphy/ptII/lib/netty-codec-4.1.19.Final.jar:/home/travis/build/icyphy/ptII/lib/netty-codec-dns-4.1.19.Final.jar:/home/travis/build/icyphy/ptII/lib/netty-codec-http-4.1.19.Final.jar:/home/travis/build/icyphy/ptII/lib/netty-codec-http2-4.1.19.Final.jar:/home/travis/build/icyphy/ptII/lib/netty-common-4.1.19.Final.jar:/home/travis/build/icyphy/ptII/lib/netty-handler-4.1.19.Final.jar:/home/travis/build/icyphy/ptII/lib/netty-resolver-4.1.19.Final.jar:/home/travis/build/icyphy/ptII/lib/netty-resolver-dns-4.1.19.Final.jar:/home/travis/build/icyphy/ptII/lib/netty-transport-4.1.19.Final.jar:/home/travis/build/icyphy/ptII/lib/vertx-codegen-3.5.1.jar:/home/travis/build/icyphy/ptII/lib/vertx-core-3.5.2-SNAPSHOT.jar:/home/travis/build/icyphy/ptII/lib/vertx-hazelcast-3.5.1.jar:/home/travis/build/icyphy/ptII/lib/vertx-lang-js-3.5.1.jar:/home/travis/build/icyphy/ptII/lib/vertx-service-proxy-3.5.1.jar:/home/travis/build/icyphy/ptII/lib/vertx-web-3.5.1.jar:/home/travis/build/icyphy/ptII/lib/slf4j-api-1.7.13.jar:/home/travis/build/icyphy/ptII/lib/slf4j-simple-1.7.13.jar:/home/travis/build/icyphy/ptII/lib/webcam-capture-0.3.12.jar:/home/travis/build/icyphy/ptII/lib/bridj-0.7.0.jar:/home/travis/build/icyphy/ptII/lib/xbjlib-1.1.0.nrjavaserial.jar:/home/travis/build/icyphy/ptII/ptolemy/moml/test:/home/travis/build/icyphy/ptII/ant/lib/ant-launcher.jar:/home/travis/build/icyphy/ptII/ant/lib/ant.jar:/home/travis/build/icyphy/ptII/ant/lib/ant-junit.jar:/home/travis/build/icyphy/ptII/ant/lib/ant-junit4.jar" />
    <property name="ant.library.dir" value="/home/travis/build/icyphy/ptII/ant/lib" />
    <property name="os.arch" value="amd64" />
    <property name="env.CONTINUOUS_INTEGRATION" value="true" />
    <property name="env.TRAVIS_LANGUAGE" value="node_js" />
    <property name="env.TRAVIS_STACK_LANGUAGES" value="__sardonyx__ c c++ clojure cplusplus cpp default generic go groovy java node_js php pure_java python ruby scala" />
    <property name="test.name" value="ptolemy.actor.lib.test.junit.JUnitTclTest" />
    <property name="env.APT_KEY_DONT_WARN_ON_DANGEROUS_USAGE" value="1" />
    <property name="sun.java.launcher" value="SUN_STANDARD" />
    <property name="env.PYTHON_CONFIGURE_OPTS" value="--enable-unicode=ucs4 --with-wide-unicode --enable-shared --enable-ipv6 --enable-loadable-sqlite-extensions --with-computed-gotos" />
    <property name="ant.core.lib" value="/home/travis/build/icyphy/ptII/ant/lib/ant.jar" />
    <property name="java.vm.specification.vendor" value="Oracle Corporation" />
    <property name="env.BCVTB_HOME" value="/home/travis/build/icyphy/ptII/lbnl" />
    <property name="file.separator" value="/" />
    <property name="spotbugs.home" value="/home/travis/build/icyphy/ptII/vendors/spotbugs-3.1.1" />
    <property name="java.runtime.version" value="11.0.2+9" />
    <property name="env.ANSI_CLEAR" value="\033[0K" />
    <property name="javafx.verbose" value="true" />
    <property name="env.HAS_JOSH_K_SEAL_OF_APPROVAL" value="true" />
    <property name="env.XDG_RUNTIME_DIR" value="/run/user/2000" />
    <property name="env.TRAVIS_OSX_IMAGE" value="" />
    <property name="env.TRAVIS_JOB_ID" value="560683437" />
    <property name="env.TRAVIS_BRANCH" value="master" />
    <property name="user.country" value="US" />
    <property name="env.CERTI_HOME_TRAVIS" value="/home/travis/pthla/certi-tools" />
    <property name="env.SHELL" value="/bin/bash" />
    <property name="java.maxmemory.large" value="4000m" />
    <property name="model" value="" />
    <property name="env.CASHER_DIR" value="/home/travis/.casher" />
    <property name="env.NVM_CD_FLAGS" value="" />
    <property name="java.vendor.version" value="18.9" />
    <property name="jshint.executable" value="/home/travis/node_modules/jshint/bin/jshint" />
    <property name="env.JRUBY_OPTS" value=" --client -J-XX:+TieredCompilation -J-XX:TieredStopAtLevel=1 -J-Xss2m -Xcompile.invokedynamic=false" />
    <property name="java.vendor" value="Oracle Corporation" />
    <property name="env.TRAVIS_PRE_CHEF_BOOTSTRAP_TIME" value="2019-03-25T16:16:42" />
    <property name="env.TRAVIS_STACK_JOB_BOARD_REGISTER" value="/.job-board-register.yml" />
    <property name="env.ANSI_RED" value="\033[31;1m" />
    <property name="java.specification.version" value="11" />
    <property name="env.IRBRC" value="/home/travis/.rvm/rubies/ruby-2.5.3/.irbrc" />
    <property name="env.TRAVIS" value="true" />
    <property name="sun.arch.data.model" value="64" />
  </properties>
  <testcase classname="ptolemy.util.test.junit.TclTests" name="[0] /home/travis/build/icyphy/ptII/ptolemy/actor/lib/test/AbsoluteValue.tcl (RunTclFile)" time="0.685" />
  <testcase classname="ptolemy.util.test.junit.TclTests" name="[1] /home/travis/build/icyphy/ptII/ptolemy/actor/lib/test/AddSubtract.tcl (RunTclFile)" time="0.179" />
  <testcase classname="ptolemy.util.test.junit.TclTests" name="[2] /home/travis/build/icyphy/ptII/ptolemy/actor/lib/test/Average.tcl (RunTclFile)" time="0.035" />
  <testcase classname="ptolemy.util.test.junit.TclTests" name="[3] /home/travis/build/icyphy/ptII/ptolemy/actor/lib/test/Bernoulli.tcl (RunTclFile)" time="0.022" />
  <testcase classname="ptolemy.util.test.junit.TclTests" name="[4] /home/travis/build/icyphy/ptII/ptolemy/actor/lib/test/Clock.tcl (RunTclFile)" time="0.097" />
  <testcase classname="ptolemy.util.test.junit.TclTests" name="[5] /home/travis/build/icyphy/ptII/ptolemy/actor/lib/test/Commutator.tcl (RunTclFile)" time="0.158" />
  <testcase classname="ptolemy.util.test.junit.TclTests" name="[6] /home/travis/build/icyphy/ptII/ptolemy/actor/lib/test/Const.tcl (RunTclFile)" time="0.154" />
  <testcase classname="ptolemy.util.test.junit.TclTests" name="[7] /home/travis/build/icyphy/ptII/ptolemy/actor/lib/test/CurrentTime.tcl (RunTclFile)" time="0.053" />
  <testcase classname="ptolemy.util.test.junit.TclTests" name="[8] /home/travis/build/icyphy/ptII/ptolemy/actor/lib/test/DB.tcl (RunTclFile)" time="0.062" />
  <testcase classname="ptolemy.util.test.junit.TclTests" name="[9] /home/travis/build/icyphy/ptII/ptolemy/actor/lib/test/DiscreteRandomSource.tcl (RunTclFile)" time="0.03" />
  <testcase classname="ptolemy.util.test.junit.TclTests" name="[10] /home/travis/build/icyphy/ptII/ptolemy/actor/lib/test/Distributor.tcl (RunTclFile)" time="0.042" />
  <testcase classname="ptolemy.util.test.junit.TclTests" name="[11] /home/travis/build/icyphy/ptII/ptolemy/actor/lib/test/Exit.tcl (RunTclFile)" time="0.096" />
  <testcase classname="ptolemy.util.test.junit.TclTests" name="[12] /home/travis/build/icyphy/ptII/ptolemy/actor/lib/test/Expression.tcl (RunTclFile)" time="0.128" />
  <testcase classname="ptolemy.util.test.junit.TclTests" name="[13] /home/travis/build/icyphy/ptII/ptolemy/actor/lib/test/Gaussian.tcl (RunTclFile)" time="0.102" />
  <testcase classname="ptolemy.util.test.junit.TclTests" name="[14] /home/travis/build/icyphy/ptII/ptolemy/actor/lib/test/IIR.tcl (RunTclFile)" time="0.043" />
  <testcase classname="ptolemy.util.test.junit.TclTests" name="[15] /home/travis/build/icyphy/ptII/ptolemy/actor/lib/test/Interpolator.tcl (RunTclFile)" time="0.069" />
  <testcase classname="ptolemy.util.test.junit.TclTests" name="[16] /home/travis/build/icyphy/ptII/ptolemy/actor/lib/test/MathFunction.tcl (RunTclFile)" time="0.083" />
  <testcase classname="ptolemy.util.test.junit.TclTests" name="[17] /home/travis/build/icyphy/ptII/ptolemy/actor/lib/test/Maximum.tcl (RunTclFile)" time="0.055" />
  <testcase classname="ptolemy.util.test.junit.TclTests" name="[18] /home/travis/build/icyphy/ptII/ptolemy/actor/lib/test/Minimum.tcl (RunTclFile)" time="0.053" />
  <testcase classname="ptolemy.util.test.junit.TclTests" name="[19] /home/travis/build/icyphy/ptII/ptolemy/actor/lib/test/MultiplyDivide.tcl (RunTclFile)" time="0.032" />
  <testcase classname="ptolemy.util.test.junit.TclTests" name="[20] /home/travis/build/icyphy/ptII/ptolemy/actor/lib/test/OrderedMerge.tcl (RunTclFile)" time="0.137" />
  <testcase classname="ptolemy.util.test.junit.TclTests" name="[21] /home/travis/build/icyphy/ptII/ptolemy/actor/lib/test/Publisher.tcl (RunTclFile)" time="0.977" />
  <testcase classname="ptolemy.util.test.junit.TclTests" name="[22] /home/travis/build/icyphy/ptII/ptolemy/actor/lib/test/Pulse.tcl (RunTclFile)" time="0.108" />
  <testcase classname="ptolemy.util.test.junit.TclTests" name="[23] /home/travis/build/icyphy/ptII/ptolemy/actor/lib/test/Ramp.tcl (RunTclFile)" time="2.573" />
  <testcase classname="ptolemy.util.test.junit.TclTests" name="[24] /home/travis/build/icyphy/ptII/ptolemy/actor/lib/test/RampContinuous.tcl (RunTclFile)" time="0.019" />
  <testcase classname="ptolemy.util.test.junit.TclTests" name="[25] /home/travis/build/icyphy/ptII/ptolemy/actor/lib/test/RecordAssembler.tcl (RunTclFile)" time="0.017" />
  <testcase classname="ptolemy.util.test.junit.TclTests" name="[26] /home/travis/build/icyphy/ptII/ptolemy/actor/lib/test/RecordDisassembler.tcl (RunTclFile)" time="0.022" />
  <testcase classname="ptolemy.util.test.junit.TclTests" name="[27] /home/travis/build/icyphy/ptII/ptolemy/actor/lib/test/Scale.tcl (RunTclFile)" time="0.019" />
  <testcase classname="ptolemy.util.test.junit.TclTests" name="[28] /home/travis/build/icyphy/ptII/ptolemy/actor/lib/test/SequentialClock.tcl (RunTclFile)" time="0.015" />
  <testcase classname="ptolemy.util.test.junit.TclTests" name="[29] /home/travis/build/icyphy/ptII/ptolemy/actor/lib/test/SetVariable.tcl (RunTclFile)" time="0.025">
    <failure message="Number of failed tests is has increased. expected:&lt;0&gt; but was:&lt;1&gt;" type="junit.framework.AssertionFailedError">junit.framework.AssertionFailedError: Number of failed tests is has increased. expected:&lt;0&gt; but was:&lt;1&gt;
	at ptolemy.util.test.junit.TclTests.RunTclFile(TclTests.java:286)
	at jdk.internal.reflect.GeneratedMethodAccessor19.invoke(Unknown Source)
	at java.base/jdk.internal.reflect.DelegatingMethodAccessorImpl.invoke(DelegatingMethodAccessorImpl.java:43)
	at junitparams.internal.InvokeParameterisedMethod.evaluate(InvokeParameterisedMethod.java:102)
	at junitparams.internal.ParameterisedTestMethodRunner.runMethodInvoker(ParameterisedTestMethodRunner.java:47)
	at junitparams.internal.ParameterisedTestMethodRunner.runTestMethod(ParameterisedTestMethodRunner.java:41)
	at junitparams.internal.ParameterisedTestClassRunner.runParameterisedTest(ParameterisedTestClassRunner.java:143)
	at junitparams.JUnitParamsRunner.runChild(JUnitParamsRunner.java:237)
	at junitparams.JUnitParamsRunner.runChild(JUnitParamsRunner.java:215)
</failure>
  </testcase>
  <testcase classname="ptolemy.util.test.junit.TclTests" name="[30] /home/travis/build/icyphy/ptII/ptolemy/actor/lib/test/Sinewave.tcl (RunTclFile)" time="0.028" />
  <testcase classname="ptolemy.util.test.junit.TclTests" name="[31] /home/travis/build/icyphy/ptII/ptolemy/actor/lib/test/SubscriptionAggregator.tcl (RunTclFile)" time="2.307" />
  <testcase classname="ptolemy.util.test.junit.TclTests" name="[32] /home/travis/build/icyphy/ptII/ptolemy/actor/lib/test/Test.tcl (RunTclFile)" time="0.158" />
  <testcase classname="ptolemy.util.test.junit.TclTests" name="[33] /home/travis/build/icyphy/ptII/ptolemy/actor/lib/test/TestExceptionHandler.tcl (RunTclFile)" time="0.014" />
  <testcase classname="ptolemy.util.test.junit.TclTests" name="[34] /home/travis/build/icyphy/ptII/ptolemy/actor/lib/test/UnionDisassembler.tcl (RunTclFile)" time="0.084" />
  <testcase classname="ptolemy.util.test.junit.TclTests" name="[35] /home/travis/build/icyphy/ptII/ptolemy/actor/lib/test/VariableClock.tcl (RunTclFile)" time="0.016" />
  <testcase classname="ptolemy.util.test.junit.AutoKnownFailedTests" name="[0] /home/travis/build/icyphy/ptII/ptolemy/actor/lib/test/auto/knownFailedTests/PublisherPortToplevelSubscriber.xml (RunModel)" time="0.03" />
  <testcase classname="ptolemy.util.test.junit.AutoKnownFailedTests" name="[1] /home/travis/build/icyphy/ptII/ptolemy/actor/lib/test/auto/knownFailedTests/PublisherSubscriberPortToplevel.xml (RunModel)" time="0.024" />
  <testcase classname="ptolemy.util.test.junit.AutoKnownFailedTests" name="[2] /home/travis/build/icyphy/ptII/ptolemy/actor/lib/test/auto/knownFailedTests/PublisherSubscriptionAggregatorPort.xml (RunModel)" time="0.026" />
  <testcase classname="ptolemy.util.test.junit.AutoKnownFailedTests" name="[3] /home/travis/build/icyphy/ptII/ptolemy/actor/lib/test/auto/knownFailedTests/sizedarray3.xml (RunModel)" time="0.031" />
  <testcase classname="ptolemy.util.test.junit.AutoNameArchTests" name="[0] ThereAreNoAutoArchTests (RunModel)" time="0.002" />
  <testcase classname="ptolemy.util.test.junit.AutoTests" name="[0] /home/travis/build/icyphy/ptII/ptolemy/actor/lib/test/auto/AbsoluteValue.xml (RunModel)" time="0.136" />
  <testcase classname="ptolemy.util.test.junit.AutoTests" name="[1] /home/travis/build/icyphy/ptII/ptolemy/actor/lib/test/auto/AbsoluteValue2.xml (RunModel)" time="0.032" />
  <testcase classname="ptolemy.util.test.junit.AutoTests" name="[2] /home/travis/build/icyphy/ptII/ptolemy/actor/lib/test/auto/Accumulator.xml (RunModel)" time="0.068" />
  <testcase classname="ptolemy.util.test.junit.AutoTests" name="[3] /home/travis/build/icyphy/ptII/ptolemy/actor/lib/test/auto/Accumulator2.xml (RunModel)" time="0.053" />
  <testcase classname="ptolemy.util.test.junit.AutoTests" name="[4] /home/travis/build/icyphy/ptII/ptolemy/actor/lib/test/auto/Accumulator3.xml (RunModel)" time="0.041" />
  <testcase classname="ptolemy.util.test.junit.AutoTests" name="[5] /home/travis/build/icyphy/ptII/ptolemy/actor/lib/test/auto/ArrayAppend.xml (RunModel)" time="0.061" />
  <testcase classname="ptolemy.util.test.junit.AutoTests" name="[6] /home/travis/build/icyphy/ptII/ptolemy/actor/lib/test/auto/ArrayAppend2.xml (RunModel)" time="0.416" />
  <testcase classname="ptolemy.util.test.junit.AutoTests" name="[7] /home/travis/build/icyphy/ptII/ptolemy/actor/lib/test/auto/ArrayAppend3.xml (RunModel)" time="0.021" />
  <testcase classname="ptolemy.util.test.junit.AutoTests" name="[8] /home/travis/build/icyphy/ptII/ptolemy/actor/lib/test/auto/ArrayAppend4.xml (RunModel)" time="0.018" />
  <testcase classname="ptolemy.util.test.junit.AutoTests" name="[9] /home/travis/build/icyphy/ptII/ptolemy/actor/lib/test/auto/ArrayAppend5.xml (RunModel)" time="0.042" />
  <testcase classname="ptolemy.util.test.junit.AutoTests" name="[10] /home/travis/build/icyphy/ptII/ptolemy/actor/lib/test/auto/ArrayAppend6.xml (RunModel)" time="0.029" />
  <testcase classname="ptolemy.util.test.junit.AutoTests" name="[11] /home/travis/build/icyphy/ptII/ptolemy/actor/lib/test/auto/ArrayAppendPerformanceTest.xml (RunModel)" time="0.08" />
  <testcase classname="ptolemy.util.test.junit.AutoTests" name="[12] /home/travis/build/icyphy/ptII/ptolemy/actor/lib/test/auto/ArrayAppendWithEmptyInput.xml (RunModel)" time="0.059" />
  <testcase classname="ptolemy.util.test.junit.AutoTests" name="[13] /home/travis/build/icyphy/ptII/ptolemy/actor/lib/test/auto/ArrayAverage.xml (RunModel)" time="0.066" />
  <testcase classname="ptolemy.util.test.junit.AutoTests" name="[14] /home/travis/build/icyphy/ptII/ptolemy/actor/lib/test/auto/ArrayContains.xml (RunModel)" time="0.033" />
  <testcase classname="ptolemy.util.test.junit.AutoTests" name="[15] /home/travis/build/icyphy/ptII/ptolemy/actor/lib/test/auto/ArrayElement.xml (RunModel)" time="0.031" />
  <testcase classname="ptolemy.util.test.junit.AutoTests" name="[16] /home/travis/build/icyphy/ptII/ptolemy/actor/lib/test/auto/ArrayElementAsMatrix.xml (RunModel)" time="0.064" />
  <testcase classname="ptolemy.util.test.junit.AutoTests" name="[17] /home/travis/build/icyphy/ptII/ptolemy/actor/lib/test/auto/ArrayElementI.xml (RunModel)" time="0.039" />
  <testcase classname="ptolemy.util.test.junit.AutoTests" name="[18] /home/travis/build/icyphy/ptII/ptolemy/actor/lib/test/auto/ArrayExtract.xml (RunModel)" time="0.036" />
  <testcase classname="ptolemy.util.test.junit.AutoTests" name="[19] /home/travis/build/icyphy/ptII/ptolemy/actor/lib/test/auto/ArrayExtract2.xml (RunModel)" time="0.023" />
  <testcase classname="ptolemy.util.test.junit.AutoTests" name="[20] /home/travis/build/icyphy/ptII/ptolemy/actor/lib/test/auto/ArrayLength.xml (RunModel)" time="0.017" />
  <testcase classname="ptolemy.util.test.junit.AutoTests" name="[21] /home/travis/build/icyphy/ptII/ptolemy/actor/lib/test/auto/ArrayLevelCrossing.xml (RunModel)" time="0.027" />
  <testcase classname="ptolemy.util.test.junit.AutoTests" name="[22] /home/travis/build/icyphy/ptII/ptolemy/actor/lib/test/auto/ArrayLevelCrossing2.xml (RunModel)" time="0.04" />
  <testcase classname="ptolemy.util.test.junit.AutoTests" name="[23] /home/travis/build/icyphy/ptII/ptolemy/actor/lib/test/auto/ArrayPeakSearch.xml (RunModel)" time="0.034" />
  <testcase classname="ptolemy.util.test.junit.AutoTests" name="[24] /home/travis/build/icyphy/ptII/ptolemy/actor/lib/test/auto/ArrayPeakSearch2.xml (RunModel)" time="0.034" />
  <testcase classname="ptolemy.util.test.junit.AutoTests" name="[25] /home/travis/build/icyphy/ptII/ptolemy/actor/lib/test/auto/ArrayPeakSearch3.xml (RunModel)" time="0.03" />
  <testcase classname="ptolemy.util.test.junit.AutoTests" name="[26] /home/travis/build/icyphy/ptII/ptolemy/actor/lib/test/auto/ArrayRemoveElement.xml (RunModel)" time="0.025" />
  <testcase classname="ptolemy.util.test.junit.AutoTests" name="[27] /home/travis/build/icyphy/ptII/ptolemy/actor/lib/test/auto/ArraySort.xml (RunModel)" time="0.03" />
  <testcase classname="ptolemy.util.test.junit.AutoTests" name="[28] /home/travis/build/icyphy/ptII/ptolemy/actor/lib/test/auto/ArraySum.xml (RunModel)" time="0.017" />
  <testcase classname="ptolemy.util.test.junit.AutoTests" name="[29] /home/travis/build/icyphy/ptII/ptolemy/actor/lib/test/auto/ArrayToElements.xml (RunModel)" time="0.025" />
  <testcase classname="ptolemy.util.test.junit.AutoTests" name="[30] /home/travis/build/icyphy/ptII/ptolemy/actor/lib/test/auto/ArrayToMatrix.xml (RunModel)" time="0.046" />
  <testcase classname="ptolemy.util.test.junit.AutoTests" name="[31] /home/travis/build/icyphy/ptII/ptolemy/actor/lib/test/auto/ArrayUpdate1.xml (RunModel)" time="0.021" />
  <testcase classname="ptolemy.util.test.junit.AutoTests" name="[32] /home/travis/build/icyphy/ptII/ptolemy/actor/lib/test/auto/ArrayUpdate2.xml (RunModel)" time="0.032" />
  <testcase classname="ptolemy.util.test.junit.AutoTests" name="[33] /home/travis/build/icyphy/ptII/ptolemy/actor/lib/test/auto/ArrayUpdate3.xml (RunModel)" time="0.026" />
  <testcase classname="ptolemy.util.test.junit.AutoTests" name="[34] /home/travis/build/icyphy/ptII/ptolemy/actor/lib/test/auto/Assert1.xml (RunModel)" time="0.025" />
  <testcase classname="ptolemy.util.test.junit.AutoTests" name="[35] /home/travis/build/icyphy/ptII/ptolemy/actor/lib/test/auto/Assert2.xml (RunModel)" time="0.016" />
  <testcase classname="ptolemy.util.test.junit.AutoTests" name="[36] /home/travis/build/icyphy/ptII/ptolemy/actor/lib/test/auto/BooleanMultiplexor.xml (RunModel)" time="0.028" />
  <testcase classname="ptolemy.util.test.junit.AutoTests" name="[37] /home/travis/build/icyphy/ptII/ptolemy/actor/lib/test/auto/BooleanMultiplexor2.xml (RunModel)" time="0.028" />
  <testcase classname="ptolemy.util.test.junit.AutoTests" name="[38] /home/travis/build/icyphy/ptII/ptolemy/actor/lib/test/auto/BooleanMultiplexor3.xml (RunModel)" time="0.03" />
  <testcase classname="ptolemy.util.test.junit.AutoTests" name="[39] /home/travis/build/icyphy/ptII/ptolemy/actor/lib/test/auto/BooleanSelect.xml (RunModel)" time="0.022" />
  <testcase classname="ptolemy.util.test.junit.AutoTests" name="[40] /home/travis/build/icyphy/ptII/ptolemy/actor/lib/test/auto/BooleanSelect2.xml (RunModel)" time="0.016" />
  <testcase classname="ptolemy.util.test.junit.AutoTests" name="[41] /home/travis/build/icyphy/ptII/ptolemy/actor/lib/test/auto/BooleanSwitch.xml (RunModel)" time="0.033" />
  <testcase classname="ptolemy.util.test.junit.AutoTests" name="[42] /home/travis/build/icyphy/ptII/ptolemy/actor/lib/test/auto/BooleanSwitch2.xml (RunModel)" time="0.02" />
  <testcase classname="ptolemy.util.test.junit.AutoTests" name="[43] /home/travis/build/icyphy/ptII/ptolemy/actor/lib/test/auto/BooleanSwitchCloningBugWithClassRelationGroup.xml (RunModel)" time="0.032" />
  <testcase classname="ptolemy.util.test.junit.AutoTests" name="[44] /home/travis/build/icyphy/ptII/ptolemy/actor/lib/test/auto/BusActors.xml (RunModel)" time="0.055" />
  <testcase classname="ptolemy.util.test.junit.AutoTests" name="[45] /home/travis/build/icyphy/ptII/ptolemy/actor/lib/test/auto/ClassWrapper.xml (RunModel)" time="0.038" />
  <testcase classname="ptolemy.util.test.junit.AutoTests" name="[46] /home/travis/build/icyphy/ptII/ptolemy/actor/lib/test/auto/Clock.xml (RunModel)" time="0.026" />
  <testcase classname="ptolemy.util.test.junit.AutoTests" name="[47] /home/travis/build/icyphy/ptII/ptolemy/actor/lib/test/auto/Clock10.xml (RunModel)" time="0.026" />
  <testcase classname="ptolemy.util.test.junit.AutoTests" name="[48] /home/travis/build/icyphy/ptII/ptolemy/actor/lib/test/auto/Clock11.xml (RunModel)" time="0.028" />
  <testcase classname="ptolemy.util.test.junit.AutoTests" name="[49] /home/travis/build/icyphy/ptII/ptolemy/actor/lib/test/auto/Clock12.xml (RunModel)" time="0.029" />
  <testcase classname="ptolemy.util.test.junit.AutoTests" name="[50] /home/travis/build/icyphy/ptII/ptolemy/actor/lib/test/auto/Clock13.xml (RunModel)" time="0.026" />
  <testcase classname="ptolemy.util.test.junit.AutoTests" name="[51] /home/travis/build/icyphy/ptII/ptolemy/actor/lib/test/auto/Clock14.xml (RunModel)" time="0.025" />
  <testcase classname="ptolemy.util.test.junit.AutoTests" name="[52] /home/travis/build/icyphy/ptII/ptolemy/actor/lib/test/auto/Clock15.xml (RunModel)" time="0.021" />
  <testcase classname="ptolemy.util.test.junit.AutoTests" name="[53] /home/travis/build/icyphy/ptII/ptolemy/actor/lib/test/auto/Clock16.xml (RunModel)" time="0.116" />
  <testcase classname="ptolemy.util.test.junit.AutoTests" name="[54] /home/travis/build/icyphy/ptII/ptolemy/actor/lib/test/auto/Clock17.xml (RunModel)" time="0.083" />
  <testcase classname="ptolemy.util.test.junit.AutoTests" name="[55] /home/travis/build/icyphy/ptII/ptolemy/actor/lib/test/auto/Clock18.xml (RunModel)" time="0.064" />
  <testcase classname="ptolemy.util.test.junit.AutoTests" name="[56] /home/travis/build/icyphy/ptII/ptolemy/actor/lib/test/auto/Clock19.xml (RunModel)" time="0.052" />
  <testcase classname="ptolemy.util.test.junit.AutoTests" name="[57] /home/travis/build/icyphy/ptII/ptolemy/actor/lib/test/auto/Clock2.xml (RunModel)" time="0.018" />
  <testcase classname="ptolemy.util.test.junit.AutoTests" name="[58] /home/travis/build/icyphy/ptII/ptolemy/actor/lib/test/auto/Clock20.xml (RunModel)" time="0.029" />
  <testcase classname="ptolemy.util.test.junit.AutoTests" name="[59] /home/travis/build/icyphy/ptII/ptolemy/actor/lib/test/auto/Clock21.xml (RunModel)" time="0.022" />
  <testcase classname="ptolemy.util.test.junit.AutoTests" name="[60] /home/travis/build/icyphy/ptII/ptolemy/actor/lib/test/auto/Clock22.xml (RunModel)" time="0.019" />
  <testcase classname="ptolemy.util.test.junit.AutoTests" name="[61] /home/travis/build/icyphy/ptII/ptolemy/actor/lib/test/auto/Clock23.xml (RunModel)" time="0.023" />
  <testcase classname="ptolemy.util.test.junit.AutoTests" name="[62] /home/travis/build/icyphy/ptII/ptolemy/actor/lib/test/auto/Clock24.xml (RunModel)" time="0.019" />
  <testcase classname="ptolemy.util.test.junit.AutoTests" name="[63] /home/travis/build/icyphy/ptII/ptolemy/actor/lib/test/auto/Clock4.xml (RunModel)" time="0.013" />
  <testcase classname="ptolemy.util.test.junit.AutoTests" name="[64] /home/travis/build/icyphy/ptII/ptolemy/actor/lib/test/auto/Clock5.xml (RunModel)" time="0.013" />
  <testcase classname="ptolemy.util.test.junit.AutoTests" name="[65] /home/travis/build/icyphy/ptII/ptolemy/actor/lib/test/auto/Clock6.xml (RunModel)" time="0.015" />
  <testcase classname="ptolemy.util.test.junit.AutoTests" name="[66] /home/travis/build/icyphy/ptII/ptolemy/actor/lib/test/auto/Clock7.xml (RunModel)" time="0.012" />
  <testcase classname="ptolemy.util.test.junit.AutoTests" name="[67] /home/travis/build/icyphy/ptII/ptolemy/actor/lib/test/auto/Clock8.xml (RunModel)" time="0.018" />
  <testcase classname="ptolemy.util.test.junit.AutoTests" name="[68] /home/travis/build/icyphy/ptII/ptolemy/actor/lib/test/auto/Clock9.xml (RunModel)" time="0.019" />
  <testcase classname="ptolemy.util.test.junit.AutoTests" name="[69] /home/travis/build/icyphy/ptII/ptolemy/actor/lib/test/auto/CommDistDiscard.xml (RunModel)" time="0.029" />
  <testcase classname="ptolemy.util.test.junit.AutoTests" name="[70] /home/travis/build/icyphy/ptII/ptolemy/actor/lib/test/auto/Commutator.xml (RunModel)" time="0.019" />
  <testcase classname="ptolemy.util.test.junit.AutoTests" name="[71] /home/travis/build/icyphy/ptII/ptolemy/actor/lib/test/auto/Commutator2.xml (RunModel)" time="0.013" />
  <testcase classname="ptolemy.util.test.junit.AutoTests" name="[72] /home/travis/build/icyphy/ptII/ptolemy/actor/lib/test/auto/Commutator3.xml (RunModel)" time="0.016" />
  <testcase classname="ptolemy.util.test.junit.AutoTests" name="[73] /home/travis/build/icyphy/ptII/ptolemy/actor/lib/test/auto/Compare.xml (RunModel)" time="0.03" />
  <testcase classname="ptolemy.util.test.junit.AutoTests" name="[74] /home/travis/build/icyphy/ptII/ptolemy/actor/lib/test/auto/CompareDE.xml (RunModel)" time="0.021" />
  <testcase classname="ptolemy.util.test.junit.AutoTests" name="[75] /home/travis/build/icyphy/ptII/ptolemy/actor/lib/test/auto/ComplexDivide.xml (RunModel)" time="0.01" />
  <testcase classname="ptolemy.util.test.junit.AutoTests" name="[76] /home/travis/build/icyphy/ptII/ptolemy/actor/lib/test/auto/ComputeHistogram.xml (RunModel)" time="0.074" />
  <testcase classname="ptolemy.util.test.junit.AutoTests" name="[77] /home/travis/build/icyphy/ptII/ptolemy/actor/lib/test/auto/ConfigurationSelect.xml (RunModel)" time="0.019" />
  <testcase classname="ptolemy.util.test.junit.AutoTests" name="[78] /home/travis/build/icyphy/ptII/ptolemy/actor/lib/test/auto/ConfigurationSelect2.xml (RunModel)" time="0.018" />
  <testcase classname="ptolemy.util.test.junit.AutoTests" name="[79] /home/travis/build/icyphy/ptII/ptolemy/actor/lib/test/auto/ConfigurationSwitch.xml (RunModel)" time="0.025" />
  <testcase classname="ptolemy.util.test.junit.AutoTests" name="[80] /home/travis/build/icyphy/ptII/ptolemy/actor/lib/test/auto/ConfigurationSwitch2.xml (RunModel)" time="0.025" />
  <testcase classname="ptolemy.util.test.junit.AutoTests" name="[81] /home/travis/build/icyphy/ptII/ptolemy/actor/lib/test/auto/ConfigurationSwitchCloningBugWithClassRelationGroup.xml (RunModel)" time="0.025" />
  <testcase classname="ptolemy.util.test.junit.AutoTests" name="[82] /home/travis/build/icyphy/ptII/ptolemy/actor/lib/test/auto/ConfigurationSwitchSelectSDF.xml (RunModel)" time="0.014" />
  <testcase classname="ptolemy.util.test.junit.AutoTests" name="[83] /home/travis/build/icyphy/ptII/ptolemy/actor/lib/test/auto/ConfigurationSwitchSelectSDF2.xml (RunModel)" time="0.013" />
  <testcase classname="ptolemy.util.test.junit.AutoTests" name="[84] /home/travis/build/icyphy/ptII/ptolemy/actor/lib/test/auto/Const.xml (RunModel)" time="0.007" />
  <testcase classname="ptolemy.util.test.junit.AutoTests" name="[85] /home/travis/build/icyphy/ptII/ptolemy/actor/lib/test/auto/Const2.xml (RunModel)" time="0.009" />
  <testcase classname="ptolemy.util.test.junit.AutoTests" name="[86] /home/travis/build/icyphy/ptII/ptolemy/actor/lib/test/auto/Const3.xml (RunModel)" time="0.009" />
  <testcase classname="ptolemy.util.test.junit.AutoTests" name="[87] /home/travis/build/icyphy/ptII/ptolemy/actor/lib/test/auto/ConstantPublisherPort1.xml (RunModel)" time="0.018" />
  <testcase classname="ptolemy.util.test.junit.AutoTests" name="[88] /home/travis/build/icyphy/ptII/ptolemy/actor/lib/test/auto/ConstantPublisherPort2.xml (RunModel)" time="0.025" />
  <testcase classname="ptolemy.util.test.junit.AutoTests" name="[89] /home/travis/build/icyphy/ptII/ptolemy/actor/lib/test/auto/ConstantPublisherPort3.xml (RunModel)" time="0.017" />
  <testcase classname="ptolemy.util.test.junit.AutoTests" name="[90] /home/travis/build/icyphy/ptII/ptolemy/actor/lib/test/auto/ConstantPublisherPort4.xml (RunModel)" time="0.016" />
  <testcase classname="ptolemy.util.test.junit.AutoTests" name="[91] /home/travis/build/icyphy/ptII/ptolemy/actor/lib/test/auto/ConstantPublisherPort5.xml (RunModel)" time="0.045" />
  <testcase classname="ptolemy.util.test.junit.AutoTests" name="[92] /home/travis/build/icyphy/ptII/ptolemy/actor/lib/test/auto/ConstantPublisherPort6.xml (RunModel)" time="0.028" />
  <testcase classname="ptolemy.util.test.junit.AutoTests" name="[93] /home/travis/build/icyphy/ptII/ptolemy/actor/lib/test/auto/ConstantPublisherPort7.xml (RunModel)" time="0.035" />
  <testcase classname="ptolemy.util.test.junit.AutoTests" name="[94] /home/travis/build/icyphy/ptII/ptolemy/actor/lib/test/auto/ConstraintMonitor1.xml (RunModel)" time="0.046" />
  <testcase classname="ptolemy.util.test.junit.AutoTests" name="[95] /home/travis/build/icyphy/ptII/ptolemy/actor/lib/test/auto/ConstraintMonitor2.xml (RunModel)" time="0.015" />
  <testcase classname="ptolemy.util.test.junit.AutoTests" name="[96] /home/travis/build/icyphy/ptII/ptolemy/actor/lib/test/auto/ConstraintMonitor3.xml (RunModel)" time="0.019" />
  <testcase classname="ptolemy.util.test.junit.AutoTests" name="[97] /home/travis/build/icyphy/ptII/ptolemy/actor/lib/test/auto/ConstraintMonitor4.xml (RunModel)" time="0.013" />
  <testcase classname="ptolemy.util.test.junit.AutoTests" name="[98] /home/travis/build/icyphy/ptII/ptolemy/actor/lib/test/auto/ConstraintMonitor5.xml (RunModel)" time="0.016" />
  <testcase classname="ptolemy.util.test.junit.AutoTests" name="[99] /home/travis/build/icyphy/ptII/ptolemy/actor/lib/test/auto/ConstraintMonitor6.xml (RunModel)" time="0.021" />
  <testcase classname="ptolemy.util.test.junit.AutoTests" name="[100] /home/travis/build/icyphy/ptII/ptolemy/actor/lib/test/auto/ConstraintMonitor7.xml (RunModel)" time="0.021" />
  <testcase classname="ptolemy.util.test.junit.AutoTests" name="[101] /home/travis/build/icyphy/ptII/ptolemy/actor/lib/test/auto/ConstraintMonitor8.xml (RunModel)" time="0.022" />
  <testcase classname="ptolemy.util.test.junit.AutoTests" name="[102] /home/travis/build/icyphy/ptII/ptolemy/actor/lib/test/auto/Counter.xml (RunModel)" time="0.016" />
  <testcase classname="ptolemy.util.test.junit.AutoTests" name="[103] /home/travis/build/icyphy/ptII/ptolemy/actor/lib/test/auto/CurrentTimeSDF.xml (RunModel)" time="0.01" />
  <testcase classname="ptolemy.util.test.junit.AutoTests" name="[104] /home/travis/build/icyphy/ptII/ptolemy/actor/lib/test/auto/DB.xml (RunModel)" time="0.016" />
  <testcase classname="ptolemy.util.test.junit.AutoTests" name="[105] /home/travis/build/icyphy/ptII/ptolemy/actor/lib/test/auto/DBDE.xml (RunModel)" time="0.014" />
  <testcase classname="ptolemy.util.test.junit.AutoTests" name="[106] /home/travis/build/icyphy/ptII/ptolemy/actor/lib/test/auto/DateConstructor.xml (RunModel)" time="0.088" />
  <testcase classname="ptolemy.util.test.junit.AutoTests" name="[107] /home/travis/build/icyphy/ptII/ptolemy/actor/lib/test/auto/DelayTime.xml (RunModel)" time="0.018" />
  <testcase classname="ptolemy.util.test.junit.AutoTests" name="[108] /home/travis/build/icyphy/ptII/ptolemy/actor/lib/test/auto/Dictionary1.xml (RunModel)" time="0.02" />
  <testcase classname="ptolemy.util.test.junit.AutoTests" name="[109] /home/travis/build/icyphy/ptII/ptolemy/actor/lib/test/auto/Dictionary2.xml (RunModel)" time="0.019" />
  <testcase classname="ptolemy.util.test.junit.AutoTests" name="[110] /home/travis/build/icyphy/ptII/ptolemy/actor/lib/test/auto/Dictionary3.xml (RunModel)" time="0.015" />
  <testcase classname="ptolemy.util.test.junit.AutoTests" name="[111] /home/travis/build/icyphy/ptII/ptolemy/actor/lib/test/auto/Dictionary4.xml (RunModel)" time="0.02" />
  <testcase classname="ptolemy.util.test.junit.AutoTests" name="[112] /home/travis/build/icyphy/ptII/ptolemy/actor/lib/test/auto/Differential.xml (RunModel)" time="0.012" />
  <testcase classname="ptolemy.util.test.junit.AutoTests" name="[113] /home/travis/build/icyphy/ptII/ptolemy/actor/lib/test/auto/Director.xml (RunModel)" time="0.01" />
  <testcase classname="ptolemy.util.test.junit.AutoTests" name="[114] /home/travis/build/icyphy/ptII/ptolemy/actor/lib/test/auto/DiscreteClock.xml (RunModel)" time="0.009" />
  <testcase classname="ptolemy.util.test.junit.AutoTests" name="[115] /home/travis/build/icyphy/ptII/ptolemy/actor/lib/test/auto/DiscreteClock10.xml (RunModel)" time="0.016" />
  <testcase classname="ptolemy.util.test.junit.AutoTests" name="[116] /home/travis/build/icyphy/ptII/ptolemy/actor/lib/test/auto/DiscreteClock11.xml (RunModel)" time="0.011" />
  <testcase classname="ptolemy.util.test.junit.AutoTests" name="[117] /home/travis/build/icyphy/ptII/ptolemy/actor/lib/test/auto/DiscreteClock12.xml (RunModel)" time="0.015" />
  <testcase classname="ptolemy.util.test.junit.AutoTests" name="[118] /home/travis/build/icyphy/ptII/ptolemy/actor/lib/test/auto/DiscreteClock13.xml (RunModel)" time="0.017" />
  <testcase classname="ptolemy.util.test.junit.AutoTests" name="[119] /home/travis/build/icyphy/ptII/ptolemy/actor/lib/test/auto/DiscreteClock14.xml (RunModel)" time="0.015" />
  <testcase classname="ptolemy.util.test.junit.AutoTests" name="[120] /home/travis/build/icyphy/ptII/ptolemy/actor/lib/test/auto/DiscreteClock15.xml (RunModel)" time="0.016" />
  <testcase classname="ptolemy.util.test.junit.AutoTests" name="[121] /home/travis/build/icyphy/ptII/ptolemy/actor/lib/test/auto/DiscreteClock16.xml (RunModel)" time="0.051" />
  <testcase classname="ptolemy.util.test.junit.AutoTests" name="[122] /home/travis/build/icyphy/ptII/ptolemy/actor/lib/test/auto/DiscreteClock17.xml (RunModel)" time="0.044" />
  <testcase classname="ptolemy.util.test.junit.AutoTests" name="[123] /home/travis/build/icyphy/ptII/ptolemy/actor/lib/test/auto/DiscreteClock18.xml (RunModel)" time="0.043" />
  <testcase classname="ptolemy.util.test.junit.AutoTests" name="[124] /home/travis/build/icyphy/ptII/ptolemy/actor/lib/test/auto/DiscreteClock19.xml (RunModel)" time="0.065" />
  <testcase classname="ptolemy.util.test.junit.AutoTests" name="[125] /home/travis/build/icyphy/ptII/ptolemy/actor/lib/test/auto/DiscreteClock2.xml (RunModel)" time="0.015" />
  <testcase classname="ptolemy.util.test.junit.AutoTests" name="[126] /home/travis/build/icyphy/ptII/ptolemy/actor/lib/test/auto/DiscreteClock20.xml (RunModel)" time="0.022" />
  <testcase classname="ptolemy.util.test.junit.AutoTests" name="[127] /home/travis/build/icyphy/ptII/ptolemy/actor/lib/test/auto/DiscreteClock21.xml (RunModel)" time="0.026" />
  <testcase classname="ptolemy.util.test.junit.AutoTests" name="[128] /home/travis/build/icyphy/ptII/ptolemy/actor/lib/test/auto/DiscreteClock22.xml (RunModel)" time="0.017" />
  <testcase classname="ptolemy.util.test.junit.AutoTests" name="[129] /home/travis/build/icyphy/ptII/ptolemy/actor/lib/test/auto/DiscreteClock23.xml (RunModel)" time="0.025" />
  <testcase classname="ptolemy.util.test.junit.AutoTests" name="[130] /home/travis/build/icyphy/ptII/ptolemy/actor/lib/test/auto/DiscreteClock24.xml (RunModel)" time="0.016" />
  <testcase classname="ptolemy.util.test.junit.AutoTests" name="[131] /home/travis/build/icyphy/ptII/ptolemy/actor/lib/test/auto/DiscreteClock4.xml (RunModel)" time="0.014" />
  <testcase classname="ptolemy.util.test.junit.AutoTests" name="[132] /home/travis/build/icyphy/ptII/ptolemy/actor/lib/test/auto/DiscreteClock5.xml (RunModel)" time="0.011" />
  <testcase classname="ptolemy.util.test.junit.AutoTests" name="[133] /home/travis/build/icyphy/ptII/ptolemy/actor/lib/test/auto/DiscreteClock6.xml (RunModel)" time="0.012" />
  <testcase classname="ptolemy.util.test.junit.AutoTests" name="[134] /home/travis/build/icyphy/ptII/ptolemy/actor/lib/test/auto/DiscreteClock7.xml (RunModel)" time="0.012" />
  <testcase classname="ptolemy.util.test.junit.AutoTests" name="[135] /home/travis/build/icyphy/ptII/ptolemy/actor/lib/test/auto/DiscreteClock8.xml (RunModel)" time="0.025" />
  <testcase classname="ptolemy.util.test.junit.AutoTests" name="[136] /home/travis/build/icyphy/ptII/ptolemy/actor/lib/test/auto/DiscreteClock9.xml (RunModel)" time="0.015" />
  <testcase classname="ptolemy.util.test.junit.AutoTests" name="[137] /home/travis/build/icyphy/ptII/ptolemy/actor/lib/test/auto/DisplayArray.xml (RunModel)" time="0.01" />
  <testcase classname="ptolemy.util.test.junit.AutoTests" name="[138] /home/travis/build/icyphy/ptII/ptolemy/actor/lib/test/auto/Distributor.xml (RunModel)" time="0.01" />
  <testcase classname="ptolemy.util.test.junit.AutoTests" name="[139] /home/travis/build/icyphy/ptII/ptolemy/actor/lib/test/auto/Distributor2.xml (RunModel)" time="0.013" />
  <testcase classname="ptolemy.util.test.junit.AutoTests" name="[140] /home/travis/build/icyphy/ptII/ptolemy/actor/lib/test/auto/DownSample.xml (RunModel)" time="0.013" />
  <testcase classname="ptolemy.util.test.junit.AutoTests" name="[141] /home/travis/build/icyphy/ptII/ptolemy/actor/lib/test/auto/ElectronicUnitBase1.xml (RunModel)" time="0.095" />
  <testcase classname="ptolemy.util.test.junit.AutoTests" name="[142] /home/travis/build/icyphy/ptII/ptolemy/actor/lib/test/auto/ElementsToArray.xml (RunModel)" time="0.012" />
  <testcase classname="ptolemy.util.test.junit.AutoTests" name="[143] /home/travis/build/icyphy/ptII/ptolemy/actor/lib/test/auto/Equals.xml (RunModel)" time="0.023" />
  <testcase classname="ptolemy.util.test.junit.AutoTests" name="[144] /home/travis/build/icyphy/ptII/ptolemy/actor/lib/test/auto/Exec.xml (RunModel)" time="0.039" />
  <testcase classname="ptolemy.util.test.junit.AutoTests" name="[145] /home/travis/build/icyphy/ptII/ptolemy/actor/lib/test/auto/ExecEnvironment.xml (RunModel)" time="0.054" />
  <testcase classname="ptolemy.util.test.junit.AutoTests" name="[146] /home/travis/build/icyphy/ptII/ptolemy/actor/lib/test/auto/ExecNonZeroReturnOutput.xml (RunModel)" time="0.235" />
  <testcase classname="ptolemy.util.test.junit.AutoTests" name="[147] /home/travis/build/icyphy/ptII/ptolemy/actor/lib/test/auto/ExecRunDemos.xml (RunModel)" time="10.903" />
  <testcase classname="ptolemy.util.test.junit.AutoTests" name="[148] /home/travis/build/icyphy/ptII/ptolemy/actor/lib/test/auto/ExecStop.xml (RunModel)" time="5.039" />
  <testcase classname="ptolemy.util.test.junit.AutoTests" name="[149] /home/travis/build/icyphy/ptII/ptolemy/actor/lib/test/auto/ExecutionTimeSDF.xml (RunModel)" time="6.049" />
  <testcase classname="ptolemy.util.test.junit.AutoTests" name="[150] /home/travis/build/icyphy/ptII/ptolemy/actor/lib/test/auto/Expression1.xml (RunModel)" time="0.03" />
  <testcase classname="ptolemy.util.test.junit.AutoTests" name="[151] /home/travis/build/icyphy/ptII/ptolemy/actor/lib/test/auto/Expression10.xml (RunModel)" time="0.019" />
  <testcase classname="ptolemy.util.test.junit.AutoTests" name="[152] /home/travis/build/icyphy/ptII/ptolemy/actor/lib/test/auto/Expression11.xml (RunModel)" time="0.012" />
  <testcase classname="ptolemy.util.test.junit.AutoTests" name="[153] /home/travis/build/icyphy/ptII/ptolemy/actor/lib/test/auto/Expression12.xml (RunModel)" time="0.015" />
  <testcase classname="ptolemy.util.test.junit.AutoTests" name="[154] /home/travis/build/icyphy/ptII/ptolemy/actor/lib/test/auto/Expression13.xml (RunModel)" time="0.012" />
  <testcase classname="ptolemy.util.test.junit.AutoTests" name="[155] /home/travis/build/icyphy/ptII/ptolemy/actor/lib/test/auto/Expression14.xml (RunModel)" time="0.019" />
  <testcase classname="ptolemy.util.test.junit.AutoTests" name="[156] /home/travis/build/icyphy/ptII/ptolemy/actor/lib/test/auto/Expression15.xml (RunModel)" time="0.008" />
  <testcase classname="ptolemy.util.test.junit.AutoTests" name="[157] /home/travis/build/icyphy/ptII/ptolemy/actor/lib/test/auto/Expression16.xml (RunModel)" time="0.014" />
  <testcase classname="ptolemy.util.test.junit.AutoTests" name="[158] /home/travis/build/icyphy/ptII/ptolemy/actor/lib/test/auto/Expression17.xml (RunModel)" time="0.015" />
  <testcase classname="ptolemy.util.test.junit.AutoTests" name="[159] /home/travis/build/icyphy/ptII/ptolemy/actor/lib/test/auto/Expression18.xml (RunModel)" time="0.014" />
  <testcase classname="ptolemy.util.test.junit.AutoTests" name="[160] /home/travis/build/icyphy/ptII/ptolemy/actor/lib/test/auto/Expression2.xml (RunModel)" time="0.011" />
  <testcase classname="ptolemy.util.test.junit.AutoTests" name="[161] /home/travis/build/icyphy/ptII/ptolemy/actor/lib/test/auto/Expression3.xml (RunModel)" time="0.015" />
  <testcase classname="ptolemy.util.test.junit.AutoTests" name="[162] /home/travis/build/icyphy/ptII/ptolemy/actor/lib/test/auto/Expression4.xml (RunModel)" time="0.02" />
  <testcase classname="ptolemy.util.test.junit.AutoTests" name="[163] /home/travis/build/icyphy/ptII/ptolemy/actor/lib/test/auto/Expression5.xml (RunModel)" time="0.012" />
  <testcase classname="ptolemy.util.test.junit.AutoTests" name="[164] /home/travis/build/icyphy/ptII/ptolemy/actor/lib/test/auto/Expression6.xml (RunModel)" time="0.01" />
  <testcase classname="ptolemy.util.test.junit.AutoTests" name="[165] /home/travis/build/icyphy/ptII/ptolemy/actor/lib/test/auto/Expression7.xml (RunModel)" time="0.013" />
  <testcase classname="ptolemy.util.test.junit.AutoTests" name="[166] /home/travis/build/icyphy/ptII/ptolemy/actor/lib/test/auto/Expression8.xml (RunModel)" time="0.018" />
  <testcase classname="ptolemy.util.test.junit.AutoTests" name="[167] /home/travis/build/icyphy/ptII/ptolemy/actor/lib/test/auto/Expression9.xml (RunModel)" time="0.008" />
  <testcase classname="ptolemy.util.test.junit.AutoTests" name="[168] /home/travis/build/icyphy/ptII/ptolemy/actor/lib/test/auto/ExpressionConcatenateArrayType.xml (RunModel)" time="0.037" />
  <testcase classname="ptolemy.util.test.junit.AutoTests" name="[169] /home/travis/build/icyphy/ptII/ptolemy/actor/lib/test/auto/ExpressionConcatenateArrayType2.xml (RunModel)" time="0.028" />
  <testcase classname="ptolemy.util.test.junit.AutoTests" name="[170] /home/travis/build/icyphy/ptII/ptolemy/actor/lib/test/auto/ExpressionFix.xml (RunModel)" time="0.051" />
  <testcase classname="ptolemy.util.test.junit.AutoTests" name="[171] /home/travis/build/icyphy/ptII/ptolemy/actor/lib/test/auto/ExpressionFix2.xml (RunModel)" time="0.012" />
  <testcase classname="ptolemy.util.test.junit.AutoTests" name="[172] /home/travis/build/icyphy/ptII/ptolemy/actor/lib/test/auto/ExpressionFix3.xml (RunModel)" time="0.013" />
  <testcase classname="ptolemy.util.test.junit.AutoTests" name="[173] /home/travis/build/icyphy/ptII/ptolemy/actor/lib/test/auto/FileWriter1.xml (RunModel)" time="0.011" />
  <testcase classname="ptolemy.util.test.junit.AutoTests" name="[174] /home/travis/build/icyphy/ptII/ptolemy/actor/lib/test/auto/FileWriter2.xml (RunModel)" time="0.011" />
  <testcase classname="ptolemy.util.test.junit.AutoTests" name="[175] /home/travis/build/icyphy/ptII/ptolemy/actor/lib/test/auto/FileWriter3.xml (RunModel)" time="0.011" />
  <testcase classname="ptolemy.util.test.junit.AutoTests" name="[176] /home/travis/build/icyphy/ptII/ptolemy/actor/lib/test/auto/Gaussian.xml (RunModel)" time="0.013" />
  <testcase classname="ptolemy.util.test.junit.AutoTests" name="[177] /home/travis/build/icyphy/ptII/ptolemy/actor/lib/test/auto/Gaussian1.xml (RunModel)" time="0.02" />
  <testcase classname="ptolemy.util.test.junit.AutoTests" name="[178] /home/travis/build/icyphy/ptII/ptolemy/actor/lib/test/auto/Gaussian2.xml (RunModel)" time="0.02" />
  <testcase classname="ptolemy.util.test.junit.AutoTests" name="[179] /home/travis/build/icyphy/ptII/ptolemy/actor/lib/test/auto/GradientAdaptiveLattice.xml (RunModel)" time="0.021" />
  <testcase classname="ptolemy.util.test.junit.AutoTests" name="[180] /home/travis/build/icyphy/ptII/ptolemy/actor/lib/test/auto/IIR.xml (RunModel)" time="0.012" />
  <testcase classname="ptolemy.util.test.junit.AutoTests" name="[181] /home/travis/build/icyphy/ptII/ptolemy/actor/lib/test/auto/InputOutputTransparentPorts.xml (RunModel)" time="0.023" />
  <testcase classname="ptolemy.util.test.junit.AutoTests" name="[182] /home/travis/build/icyphy/ptII/ptolemy/actor/lib/test/auto/Interpolator.xml (RunModel)" time="0.012" />
  <testcase classname="ptolemy.util.test.junit.AutoTests" name="[183] /home/travis/build/icyphy/ptII/ptolemy/actor/lib/test/auto/InterpolatorFiringLimitDE.xml (RunModel)" time="0.014" />
  <testcase classname="ptolemy.util.test.junit.AutoTests" name="[184] /home/travis/build/icyphy/ptII/ptolemy/actor/lib/test/auto/Lattice.xml (RunModel)" time="0.011" />
  <testcase classname="ptolemy.util.test.junit.AutoTests" name="[185] /home/travis/build/icyphy/ptII/ptolemy/actor/lib/test/auto/LazyAOCTestLazy.xml (RunModel)" time="0.022" />
  <testcase classname="ptolemy.util.test.junit.AutoTests" name="[186] /home/travis/build/icyphy/ptII/ptolemy/actor/lib/test/auto/LazyAOCTestNonLazy.xml (RunModel)" time="0.052" />
  <testcase classname="ptolemy.util.test.junit.AutoTests" name="[187] /home/travis/build/icyphy/ptII/ptolemy/actor/lib/test/auto/LazyInnerClass.xml (RunModel)" time="0.055" />
  <testcase classname="ptolemy.util.test.junit.AutoTests" name="[188] /home/travis/build/icyphy/ptII/ptolemy/actor/lib/test/auto/LazyPubSub.xml (RunModel)" time="0.064" />
  <testcase classname="ptolemy.util.test.junit.AutoTests" name="[189] /home/travis/build/icyphy/ptII/ptolemy/actor/lib/test/auto/LazyPubSub2.xml (RunModel)" time="0.051" />
  <testcase classname="ptolemy.util.test.junit.AutoTests" name="[190] /home/travis/build/icyphy/ptII/ptolemy/actor/lib/test/auto/LazyPubSub3.xml (RunModel)" time="0.028" />
  <testcase classname="ptolemy.util.test.junit.AutoTests" name="[191] /home/travis/build/icyphy/ptII/ptolemy/actor/lib/test/auto/LazySubClassModel.xml (RunModel)" time="0.023" />
  <testcase classname="ptolemy.util.test.junit.AutoTests" name="[192] /home/travis/build/icyphy/ptII/ptolemy/actor/lib/test/auto/LevelCrossTest1.xml (RunModel)" time="0.03" />
  <testcase classname="ptolemy.util.test.junit.AutoTests" name="[193] /home/travis/build/icyphy/ptII/ptolemy/actor/lib/test/auto/LevelCrossTest10.xml (RunModel)" time="0.015" />
  <testcase classname="ptolemy.util.test.junit.AutoTests" name="[194] /home/travis/build/icyphy/ptII/ptolemy/actor/lib/test/auto/LevelCrossTest11.xml (RunModel)" time="0.026" />
  <testcase classname="ptolemy.util.test.junit.AutoTests" name="[195] /home/travis/build/icyphy/ptII/ptolemy/actor/lib/test/auto/LevelCrossTest12.xml (RunModel)" time="0.015" />
  <testcase classname="ptolemy.util.test.junit.AutoTests" name="[196] /home/travis/build/icyphy/ptII/ptolemy/actor/lib/test/auto/LevelCrossTest13.xml (RunModel)" time="0.014" />
  <testcase classname="ptolemy.util.test.junit.AutoTests" name="[197] /home/travis/build/icyphy/ptII/ptolemy/actor/lib/test/auto/LevelCrossTest2.xml (RunModel)" time="0.011" />
  <testcase classname="ptolemy.util.test.junit.AutoTests" name="[198] /home/travis/build/icyphy/ptII/ptolemy/actor/lib/test/auto/LevelCrossTest3.xml (RunModel)" time="0.013" />
  <testcase classname="ptolemy.util.test.junit.AutoTests" name="[199] /home/travis/build/icyphy/ptII/ptolemy/actor/lib/test/auto/LevelCrossTest4.xml (RunModel)" time="0.012" />
  <testcase classname="ptolemy.util.test.junit.AutoTests" name="[200] /home/travis/build/icyphy/ptII/ptolemy/actor/lib/test/auto/LevelCrossTest5.xml (RunModel)" time="0.015" />
  <testcase classname="ptolemy.util.test.junit.AutoTests" name="[201] /home/travis/build/icyphy/ptII/ptolemy/actor/lib/test/auto/LevelCrossTest6.xml (RunModel)" time="0.013" />
  <testcase classname="ptolemy.util.test.junit.AutoTests" name="[202] /home/travis/build/icyphy/ptII/ptolemy/actor/lib/test/auto/LevelCrossTest7.xml (RunModel)" time="0.02" />
  <testcase classname="ptolemy.util.test.junit.AutoTests" name="[203] /home/travis/build/icyphy/ptII/ptolemy/actor/lib/test/auto/LevelCrossTest8.xml (RunModel)" time="0.015" />
  <testcase classname="ptolemy.util.test.junit.AutoTests" name="[204] /home/travis/build/icyphy/ptII/ptolemy/actor/lib/test/auto/LevelCrossTest9.xml (RunModel)" time="0.016" />
  <testcase classname="ptolemy.util.test.junit.AutoTests" name="[205] /home/travis/build/icyphy/ptII/ptolemy/actor/lib/test/auto/LevinsonDurbin.xml (RunModel)" time="0.01" />
  <testcase classname="ptolemy.util.test.junit.AutoTests" name="[206] /home/travis/build/icyphy/ptII/ptolemy/actor/lib/test/auto/LevinsonDurbin2.xml (RunModel)" time="0.014" />
  <testcase classname="ptolemy.util.test.junit.AutoTests" name="[207] /home/travis/build/icyphy/ptII/ptolemy/actor/lib/test/auto/LevinsonDurbin3.xml (RunModel)" time="0.009" />
  <testcase classname="ptolemy.util.test.junit.AutoTests" name="[208] /home/travis/build/icyphy/ptII/ptolemy/actor/lib/test/auto/Limiter.xml (RunModel)" time="0.051" />
  <testcase classname="ptolemy.util.test.junit.AutoTests" name="[209] /home/travis/build/icyphy/ptII/ptolemy/actor/lib/test/auto/LinearDifferenceEquationSystem.xml (RunModel)" time="0.023" />
  <testcase classname="ptolemy.util.test.junit.AutoTests" name="[210] /home/travis/build/icyphy/ptII/ptolemy/actor/lib/test/auto/LookupTable.xml (RunModel)" time="0.013" />
  <testcase classname="ptolemy.util.test.junit.AutoTests" name="[211] /home/travis/build/icyphy/ptII/ptolemy/actor/lib/test/auto/MathFunction.xml (RunModel)" time="0.022" />
  <testcase classname="ptolemy.util.test.junit.AutoTests" name="[212] /home/travis/build/icyphy/ptII/ptolemy/actor/lib/test/auto/MathFunction2.xml (RunModel)" time="0.018" />
  <testcase classname="ptolemy.util.test.junit.AutoTests" name="[213] /home/travis/build/icyphy/ptII/ptolemy/actor/lib/test/auto/MathFunction3.xml (RunModel)" time="0.035" />
  <testcase classname="ptolemy.util.test.junit.AutoTests" name="[214] /home/travis/build/icyphy/ptII/ptolemy/actor/lib/test/auto/MatrixCropBoolean.xml (RunModel)" time="0.022" />
  <testcase classname="ptolemy.util.test.junit.AutoTests" name="[215] /home/travis/build/icyphy/ptII/ptolemy/actor/lib/test/auto/MatrixCropComplex.xml (RunModel)" time="0.017" />
  <testcase classname="ptolemy.util.test.junit.AutoTests" name="[216] /home/travis/build/icyphy/ptII/ptolemy/actor/lib/test/auto/MatrixCropDouble.xml (RunModel)" time="0.012" />
  <testcase classname="ptolemy.util.test.junit.AutoTests" name="[217] /home/travis/build/icyphy/ptII/ptolemy/actor/lib/test/auto/MatrixCropFix.xml (RunModel)" time="0.015" />
  <testcase classname="ptolemy.util.test.junit.AutoTests" name="[218] /home/travis/build/icyphy/ptII/ptolemy/actor/lib/test/auto/MatrixCropInt.xml (RunModel)" time="0.011" />
  <testcase classname="ptolemy.util.test.junit.AutoTests" name="[219] /home/travis/build/icyphy/ptII/ptolemy/actor/lib/test/auto/MatrixCropLong.xml (RunModel)" time="0.009" />
  <testcase classname="ptolemy.util.test.junit.AutoTests" name="[220] /home/travis/build/icyphy/ptII/ptolemy/actor/lib/test/auto/MatrixToArray.xml (RunModel)" time="0.052" />
  <testcase classname="ptolemy.util.test.junit.AutoTests" name="[221] /home/travis/build/icyphy/ptII/ptolemy/actor/lib/test/auto/MaxIndex.xml (RunModel)" time="0.012" />
  <testcase classname="ptolemy.util.test.junit.AutoTests" name="[222] /home/travis/build/icyphy/ptII/ptolemy/actor/lib/test/auto/Maximum.xml (RunModel)" time="0.018" />
  <testcase classname="ptolemy.util.test.junit.AutoTests" name="[223] /home/travis/build/icyphy/ptII/ptolemy/actor/lib/test/auto/MaximumComplex.xml (RunModel)" time="0.015" />
  <testcase classname="ptolemy.util.test.junit.AutoTests" name="[224] /home/travis/build/icyphy/ptII/ptolemy/actor/lib/test/auto/MethodCallTest.xml (RunModel)" time="0.024" />
  <testcase classname="ptolemy.util.test.junit.AutoTests" name="[225] /home/travis/build/icyphy/ptII/ptolemy/actor/lib/test/auto/Minimum.xml (RunModel)" time="0.016" />
  <testcase classname="ptolemy.util.test.junit.AutoTests" name="[226] /home/travis/build/icyphy/ptII/ptolemy/actor/lib/test/auto/MinimumComplex.xml (RunModel)" time="0.03" />
  <testcase classname="ptolemy.util.test.junit.AutoTests" name="[227] /home/travis/build/icyphy/ptII/ptolemy/actor/lib/test/auto/MinimumMultiports.xml (RunModel)" time="0.019" />
  <testcase classname="ptolemy.util.test.junit.AutoTests" name="[228] /home/travis/build/icyphy/ptII/ptolemy/actor/lib/test/auto/ModifyDate.xml (RunModel)" time="0.045" />
  <testcase classname="ptolemy.util.test.junit.AutoTests" name="[229] /home/travis/build/icyphy/ptII/ptolemy/actor/lib/test/auto/ModifyDate2.xml (RunModel)" time="0.029" />
  <testcase classname="ptolemy.util.test.junit.AutoTests" name="[230] /home/travis/build/icyphy/ptII/ptolemy/actor/lib/test/auto/MovingAverage.xml (RunModel)" time="0.012" />
  <testcase classname="ptolemy.util.test.junit.AutoTests" name="[231] /home/travis/build/icyphy/ptII/ptolemy/actor/lib/test/auto/MovingMaximum.xml (RunModel)" time="0.012" />
  <testcase classname="ptolemy.util.test.junit.AutoTests" name="[232] /home/travis/build/icyphy/ptII/ptolemy/actor/lib/test/auto/MultipleLinksToSameRelation.xml (RunModel)" time="0.007" />
  <testcase classname="ptolemy.util.test.junit.AutoTests" name="[233] /home/travis/build/icyphy/ptII/ptolemy/actor/lib/test/auto/MultipleLinksToSameRelationDE.xml (RunModel)" time="0.014" />
  <testcase classname="ptolemy.util.test.junit.AutoTests" name="[234] /home/travis/build/icyphy/ptII/ptolemy/actor/lib/test/auto/Multiplexor.xml (RunModel)" time="0.018" />
  <testcase classname="ptolemy.util.test.junit.AutoTests" name="[235] /home/travis/build/icyphy/ptII/ptolemy/actor/lib/test/auto/Multiplexor1.xml (RunModel)" time="0.02" />
  <testcase classname="ptolemy.util.test.junit.AutoTests" name="[236] /home/travis/build/icyphy/ptII/ptolemy/actor/lib/test/auto/Multiplexor2.xml (RunModel)" time="0.017" />
  <testcase classname="ptolemy.util.test.junit.AutoTests" name="[237] /home/travis/build/icyphy/ptII/ptolemy/actor/lib/test/auto/Multiplexor3.xml (RunModel)" time="0.01" />
  <testcase classname="ptolemy.util.test.junit.AutoTests" name="[238] /home/travis/build/icyphy/ptII/ptolemy/actor/lib/test/auto/MultiplexorDE.xml (RunModel)" time="0.02" />
  <testcase classname="ptolemy.util.test.junit.AutoTests" name="[239] /home/travis/build/icyphy/ptII/ptolemy/actor/lib/test/auto/MultiportBroadcastTest.xml (RunModel)" time="0.108" />
  <testcase classname="ptolemy.util.test.junit.AutoTests" name="[240] /home/travis/build/icyphy/ptII/ptolemy/actor/lib/test/auto/MultiportOutHangDuringGetWidth.xml (RunModel)" time="0.038" />
  <testcase classname="ptolemy.util.test.junit.AutoTests" name="[241] /home/travis/build/icyphy/ptII/ptolemy/actor/lib/test/auto/NilToken.xml (RunModel)" time="0.014" />
  <testcase classname="ptolemy.util.test.junit.AutoTests" name="[242] /home/travis/build/icyphy/ptII/ptolemy/actor/lib/test/auto/NilTokenNonStrictTest.xml (RunModel)" time="0.011" />
  <testcase classname="ptolemy.util.test.junit.AutoTests" name="[243] /home/travis/build/icyphy/ptII/ptolemy/actor/lib/test/auto/NilTokenRecord.xml (RunModel)" time="0.022" />
  <testcase classname="ptolemy.util.test.junit.AutoTests" name="[244] /home/travis/build/icyphy/ptII/ptolemy/actor/lib/test/auto/NilTokenTypeTest.xml (RunModel)" time="0.028" />
  <testcase classname="ptolemy.util.test.junit.AutoTests" name="[245] /home/travis/build/icyphy/ptII/ptolemy/actor/lib/test/auto/ObjectToken1.xml (RunModel)" time="0.009" />
  <testcase classname="ptolemy.util.test.junit.AutoTests" name="[246] /home/travis/build/icyphy/ptII/ptolemy/actor/lib/test/auto/OrderedMerge.xml (RunModel)" time="0.015" />
  <testcase classname="ptolemy.util.test.junit.AutoTests" name="[247] /home/travis/build/icyphy/ptII/ptolemy/actor/lib/test/auto/OrderedRecordDisassembler.xml (RunModel)" time="0.016" />
  <testcase classname="ptolemy.util.test.junit.AutoTests" name="[248] /home/travis/build/icyphy/ptII/ptolemy/actor/lib/test/auto/OrderedRecordDisassembler2.xml (RunModel)" time="0.018" />
  <testcase classname="ptolemy.util.test.junit.AutoTests" name="[249] /home/travis/build/icyphy/ptII/ptolemy/actor/lib/test/auto/OrderedRecordUpdater.xml (RunModel)" time="0.012" />
  <testcase classname="ptolemy.util.test.junit.AutoTests" name="[250] /home/travis/build/icyphy/ptII/ptolemy/actor/lib/test/auto/OrderedRecordUpdater2.xml (RunModel)" time="0.021" />
  <testcase classname="ptolemy.util.test.junit.AutoTests" name="[251] /home/travis/build/icyphy/ptII/ptolemy/actor/lib/test/auto/PhaseUnwrap.xml (RunModel)" time="0.013" />
  <testcase classname="ptolemy.util.test.junit.AutoTests" name="[252] /home/travis/build/icyphy/ptII/ptolemy/actor/lib/test/auto/PoissonClock.xml (RunModel)" time="0.012" />
  <testcase classname="ptolemy.util.test.junit.AutoTests" name="[253] /home/travis/build/icyphy/ptII/ptolemy/actor/lib/test/auto/PoissonClock2.xml (RunModel)" time="0.009" />
  <testcase classname="ptolemy.util.test.junit.AutoTests" name="[254] /home/travis/build/icyphy/ptII/ptolemy/actor/lib/test/auto/PoissonClock3.xml (RunModel)" time="0.03" />
  <testcase classname="ptolemy.util.test.junit.AutoTests" name="[255] /home/travis/build/icyphy/ptII/ptolemy/actor/lib/test/auto/PubSubWithInitialTokens.xml (RunModel)" time="0.018" />
  <testcase classname="ptolemy.util.test.junit.AutoTests" name="[256] /home/travis/build/icyphy/ptII/ptolemy/actor/lib/test/auto/PubSubWithInitialTokens2.xml (RunModel)" time="0.014" />
  <testcase classname="ptolemy.util.test.junit.AutoTests" name="[257] /home/travis/build/icyphy/ptII/ptolemy/actor/lib/test/auto/PublisherClassNoParameter.xml (RunModel)" time="0.025" />
  <testcase classname="ptolemy.util.test.junit.AutoTests" name="[258] /home/travis/build/icyphy/ptII/ptolemy/actor/lib/test/auto/PublisherClassParameter.xml (RunModel)" time="0.021" />
  <testcase classname="ptolemy.util.test.junit.AutoTests" name="[259] /home/travis/build/icyphy/ptII/ptolemy/actor/lib/test/auto/PublisherNonStrictTest.xml (RunModel)" time="0.016" />
  <testcase classname="ptolemy.util.test.junit.AutoTests" name="[260] /home/travis/build/icyphy/ptII/ptolemy/actor/lib/test/auto/PublisherPort1.xml (RunModel)" time="0.01" />
  <testcase classname="ptolemy.util.test.junit.AutoTests" name="[261] /home/travis/build/icyphy/ptII/ptolemy/actor/lib/test/auto/PublisherPort2.xml (RunModel)" time="0.009" />
  <testcase classname="ptolemy.util.test.junit.AutoTests" name="[262] /home/travis/build/icyphy/ptII/ptolemy/actor/lib/test/auto/PublisherPort3.xml (RunModel)" time="0.021" />
  <testcase classname="ptolemy.util.test.junit.AutoTests" name="[263] /home/travis/build/icyphy/ptII/ptolemy/actor/lib/test/auto/PublisherPort4.xml (RunModel)" time="0.017" />
  <testcase classname="ptolemy.util.test.junit.AutoTests" name="[264] /home/travis/build/icyphy/ptII/ptolemy/actor/lib/test/auto/PublisherPort5.xml (RunModel)" time="0.015" />
  <testcase classname="ptolemy.util.test.junit.AutoTests" name="[265] /home/travis/build/icyphy/ptII/ptolemy/actor/lib/test/auto/PublisherPort5LookAlike.xml (RunModel)" time="0.019" />
  <testcase classname="ptolemy.util.test.junit.AutoTests" name="[266] /home/travis/build/icyphy/ptII/ptolemy/actor/lib/test/auto/PublisherPort6.xml (RunModel)" time="0.013" />
  <testcase classname="ptolemy.util.test.junit.AutoTests" name="[267] /home/travis/build/icyphy/ptII/ptolemy/actor/lib/test/auto/PublisherPort7.xml (RunModel)" time="0.017" />
  <testcase classname="ptolemy.util.test.junit.AutoTests" name="[268] /home/travis/build/icyphy/ptII/ptolemy/actor/lib/test/auto/PublisherPort8.xml (RunModel)" time="0.017" />
  <testcase classname="ptolemy.util.test.junit.AutoTests" name="[269] /home/travis/build/icyphy/ptII/ptolemy/actor/lib/test/auto/PublisherPortSubscriberChannelVariablesAOC2.xml (RunModel)" time="0.039" />
  <testcase classname="ptolemy.util.test.junit.AutoTests" name="[270] /home/travis/build/icyphy/ptII/ptolemy/actor/lib/test/auto/PublisherPortSubscriberOpaqueWidthInference.xml (RunModel)" time="0.014" />
  <testcase classname="ptolemy.util.test.junit.AutoTests" name="[271] /home/travis/build/icyphy/ptII/ptolemy/actor/lib/test/auto/PublisherPortSubscriberPortAdjacent.xml (RunModel)" time="0.02" />
  <testcase classname="ptolemy.util.test.junit.AutoTests" name="[272] /home/travis/build/icyphy/ptII/ptolemy/actor/lib/test/auto/PublisherPortSubscriberPortExpression.xml (RunModel)" time="0.025" />
  <testcase classname="ptolemy.util.test.junit.AutoTests" name="[273] /home/travis/build/icyphy/ptII/ptolemy/actor/lib/test/auto/PublisherPortSubscriberPortOpaqueD3Reverse.xml (RunModel)" time="0.023" />
  <testcase classname="ptolemy.util.test.junit.AutoTests" name="[274] /home/travis/build/icyphy/ptII/ptolemy/actor/lib/test/auto/PublisherPortSubscriberPortOpaqueWidthInference.xml (RunModel)" time="0.016" />
  <testcase classname="ptolemy.util.test.junit.AutoTests" name="[275] /home/travis/build/icyphy/ptII/ptolemy/actor/lib/test/auto/PublisherPortToplevelSubscriberPortAOC.xml (RunModel)" time="0.012" />
  <testcase classname="ptolemy.util.test.junit.AutoTests" name="[276] /home/travis/build/icyphy/ptII/ptolemy/actor/lib/test/auto/PublisherSubscriber.xml (RunModel)" time="0.014" />
  <testcase classname="ptolemy.util.test.junit.AutoTests" name="[277] /home/travis/build/icyphy/ptII/ptolemy/actor/lib/test/auto/PublisherSubscriber10.xml (RunModel)" time="0.023" />
  <testcase classname="ptolemy.util.test.junit.AutoTests" name="[278] /home/travis/build/icyphy/ptII/ptolemy/actor/lib/test/auto/PublisherSubscriber10InitialOutputs.xml (RunModel)" time="0.033" />
  <testcase classname="ptolemy.util.test.junit.AutoTests" name="[279] /home/travis/build/icyphy/ptII/ptolemy/actor/lib/test/auto/PublisherSubscriber11.xml (RunModel)" time="0.017" />
  <testcase classname="ptolemy.util.test.junit.AutoTests" name="[280] /home/travis/build/icyphy/ptII/ptolemy/actor/lib/test/auto/PublisherSubscriber12.xml (RunModel)" time="0.023" />
  <testcase classname="ptolemy.util.test.junit.AutoTests" name="[281] /home/travis/build/icyphy/ptII/ptolemy/actor/lib/test/auto/PublisherSubscriber13.xml (RunModel)" time="0.01" />
  <testcase classname="ptolemy.util.test.junit.AutoTests" name="[282] /home/travis/build/icyphy/ptII/ptolemy/actor/lib/test/auto/PublisherSubscriber14.xml (RunModel)" time="0.031" />
  <testcase classname="ptolemy.util.test.junit.AutoTests" name="[283] /home/travis/build/icyphy/ptII/ptolemy/actor/lib/test/auto/PublisherSubscriber2.xml (RunModel)" time="0.012" />
  <testcase classname="ptolemy.util.test.junit.AutoTests" name="[284] /home/travis/build/icyphy/ptII/ptolemy/actor/lib/test/auto/PublisherSubscriber3.xml (RunModel)" time="0.01" />
  <testcase classname="ptolemy.util.test.junit.AutoTests" name="[285] /home/travis/build/icyphy/ptII/ptolemy/actor/lib/test/auto/PublisherSubscriber4.xml (RunModel)" time="0.009" />
  <testcase classname="ptolemy.util.test.junit.AutoTests" name="[286] /home/travis/build/icyphy/ptII/ptolemy/actor/lib/test/auto/PublisherSubscriber5.xml (RunModel)" time="0.013" />
  <testcase classname="ptolemy.util.test.junit.AutoTests" name="[287] /home/travis/build/icyphy/ptII/ptolemy/actor/lib/test/auto/PublisherSubscriber6.xml (RunModel)" time="0.017" />
  <testcase classname="ptolemy.util.test.junit.AutoTests" name="[288] /home/travis/build/icyphy/ptII/ptolemy/actor/lib/test/auto/PublisherSubscriber7.xml (RunModel)" time="0.021" />
  <testcase classname="ptolemy.util.test.junit.AutoTests" name="[289] /home/travis/build/icyphy/ptII/ptolemy/actor/lib/test/auto/PublisherSubscriber8.xml (RunModel)" time="0.035" />
  <testcase classname="ptolemy.util.test.junit.AutoTests" name="[290] /home/travis/build/icyphy/ptII/ptolemy/actor/lib/test/auto/PublisherSubscriber9.xml (RunModel)" time="0.02" />
  <testcase classname="ptolemy.util.test.junit.AutoTests" name="[291] /home/travis/build/icyphy/ptII/ptolemy/actor/lib/test/auto/PublisherSubscriberAdjacent.xml (RunModel)" time="0.017" />
  <testcase classname="ptolemy.util.test.junit.AutoTests" name="[292] /home/travis/build/icyphy/ptII/ptolemy/actor/lib/test/auto/PublisherSubscriberChannelVariablesAOC2.xml (RunModel)" time="0.027" />
  <testcase classname="ptolemy.util.test.junit.AutoTests" name="[293] /home/travis/build/icyphy/ptII/ptolemy/actor/lib/test/auto/PublisherSubscriberD3.xml (RunModel)" time="0.014" />
  <testcase classname="ptolemy.util.test.junit.AutoTests" name="[294] /home/travis/build/icyphy/ptII/ptolemy/actor/lib/test/auto/PublisherSubscriberD3Reverse.xml (RunModel)" time="0.014" />
  <testcase classname="ptolemy.util.test.junit.AutoTests" name="[295] /home/travis/build/icyphy/ptII/ptolemy/actor/lib/test/auto/PublisherSubscriberExpression.xml (RunModel)" time="0.017" />
  <testcase classname="ptolemy.util.test.junit.AutoTests" name="[296] /home/travis/build/icyphy/ptII/ptolemy/actor/lib/test/auto/PublisherSubscriberOpaque.xml (RunModel)" time="0.035" />
  <testcase classname="ptolemy.util.test.junit.AutoTests" name="[297] /home/travis/build/icyphy/ptII/ptolemy/actor/lib/test/auto/PublisherSubscriberOpaqueD3.xml (RunModel)" time="0.048" />
  <testcase classname="ptolemy.util.test.junit.AutoTests" name="[298] /home/travis/build/icyphy/ptII/ptolemy/actor/lib/test/auto/PublisherSubscriberOpaqueD3Reverse.xml (RunModel)" time="0.024" />
  <testcase classname="ptolemy.util.test.junit.AutoTests" name="[299] /home/travis/build/icyphy/ptII/ptolemy/actor/lib/test/auto/PublisherSubscriberOpaqueWidthInference.xml (RunModel)" time="0.018" />
  <testcase classname="ptolemy.util.test.junit.AutoTests" name="[300] /home/travis/build/icyphy/ptII/ptolemy/actor/lib/test/auto/PublisherTestSubscriber.xml (RunModel)" time="0.017" />
  <testcase classname="ptolemy.util.test.junit.AutoTests" name="[301] /home/travis/build/icyphy/ptII/ptolemy/actor/lib/test/auto/PublisherToplevelSubscriberPortAOC.xml (RunModel)" time="0.012" />
  <testcase classname="ptolemy.util.test.junit.AutoTests" name="[302] /home/travis/build/icyphy/ptII/ptolemy/actor/lib/test/auto/PulseFiringLimitDE.xml (RunModel)" time="0.014" />
  <testcase classname="ptolemy.util.test.junit.AutoTests" name="[303] /home/travis/build/icyphy/ptII/ptolemy/actor/lib/test/auto/Ramp1.xml (RunModel)" time="0.008" />
  <testcase classname="ptolemy.util.test.junit.AutoTests" name="[304] /home/travis/build/icyphy/ptII/ptolemy/actor/lib/test/auto/RampFiringLimitDE.xml (RunModel)" time="0.011" />
  <testcase classname="ptolemy.util.test.junit.AutoTests" name="[305] /home/travis/build/icyphy/ptII/ptolemy/actor/lib/test/auto/RampFiringLimitSDF.xml (RunModel)" time="0.011" />
  <testcase classname="ptolemy.util.test.junit.AutoTests" name="[306] /home/travis/build/icyphy/ptII/ptolemy/actor/lib/test/auto/RandomInteger.xml (RunModel)" time="0.009" />
  <testcase classname="ptolemy.util.test.junit.AutoTests" name="[307] /home/travis/build/icyphy/ptII/ptolemy/actor/lib/test/auto/ReadFile1.xml (RunModel)" time="0.02" />
  <testcase classname="ptolemy.util.test.junit.AutoTests" name="[308] /home/travis/build/icyphy/ptII/ptolemy/actor/lib/test/auto/ReadFile2.xml (RunModel)" time="0.009" />
  <testcase classname="ptolemy.util.test.junit.AutoTests" name="[309] /home/travis/build/icyphy/ptII/ptolemy/actor/lib/test/auto/Reader.xml (RunModel)" time="0.015" />
  <testcase classname="ptolemy.util.test.junit.AutoTests" name="[310] /home/travis/build/icyphy/ptII/ptolemy/actor/lib/test/auto/RecordAssemblerDisplayNameTest.xml (RunModel)" time="3.778" />
  <testcase classname="ptolemy.util.test.junit.AutoTests" name="[311] /home/travis/build/icyphy/ptII/ptolemy/actor/lib/test/auto/RecordAssemblerTypeError.xml (RunModel)" time="0.034" />
  <testcase classname="ptolemy.util.test.junit.AutoTests" name="[312] /home/travis/build/icyphy/ptII/ptolemy/actor/lib/test/auto/RecordDisassember.xml (RunModel)" time="0.019" />
  <testcase classname="ptolemy.util.test.junit.AutoTests" name="[313] /home/travis/build/icyphy/ptII/ptolemy/actor/lib/test/auto/RecordDisassemberDisplayNameTest.xml (RunModel)" time="0.025" />
  <testcase classname="ptolemy.util.test.junit.AutoTests" name="[314] /home/travis/build/icyphy/ptII/ptolemy/actor/lib/test/auto/RecordDisassembler.xml (RunModel)" time="0.013" />
  <testcase classname="ptolemy.util.test.junit.AutoTests" name="[315] /home/travis/build/icyphy/ptII/ptolemy/actor/lib/test/auto/RecordDisassembler2.xml (RunModel)" time="0.011" />
  <testcase classname="ptolemy.util.test.junit.AutoTests" name="[316] /home/travis/build/icyphy/ptII/ptolemy/actor/lib/test/auto/RecordUpdater.xml (RunModel)" time="0.011" />
  <testcase classname="ptolemy.util.test.junit.AutoTests" name="[317] /home/travis/build/icyphy/ptII/ptolemy/actor/lib/test/auto/RecordUpdater2.xml (RunModel)" time="0.01" />
  <testcase classname="ptolemy.util.test.junit.AutoTests" name="[318] /home/travis/build/icyphy/ptII/ptolemy/actor/lib/test/auto/RecursiveLattice.xml (RunModel)" time="0.009" />
  <testcase classname="ptolemy.util.test.junit.AutoTests" name="[319] /home/travis/build/icyphy/ptII/ptolemy/actor/lib/test/auto/Router.xml (RunModel)" time="3.026" />
  <testcase classname="ptolemy.util.test.junit.AutoTests" name="[320] /home/travis/build/icyphy/ptII/ptolemy/actor/lib/test/auto/Router2.xml (RunModel)" time="3.022" />
  <testcase classname="ptolemy.util.test.junit.AutoTests" name="[321] /home/travis/build/icyphy/ptII/ptolemy/actor/lib/test/auto/RunningMaximum.xml (RunModel)" time="0.019" />
  <testcase classname="ptolemy.util.test.junit.AutoTests" name="[322] /home/travis/build/icyphy/ptII/ptolemy/actor/lib/test/auto/RunningMinimum.xml (RunModel)" time="0.02" />
  <testcase classname="ptolemy.util.test.junit.AutoTests" name="[323] /home/travis/build/icyphy/ptII/ptolemy/actor/lib/test/auto/Scale.xml (RunModel)" time="0.02" />
  <testcase classname="ptolemy.util.test.junit.AutoTests" name="[324] /home/travis/build/icyphy/ptII/ptolemy/actor/lib/test/auto/Scale2.xml (RunModel)" time="0.028" />
  <testcase classname="ptolemy.util.test.junit.AutoTests" name="[325] /home/travis/build/icyphy/ptII/ptolemy/actor/lib/test/auto/Scale3.xml (RunModel)" time="0.021" />
  <testcase classname="ptolemy.util.test.junit.AutoTests" name="[326] /home/travis/build/icyphy/ptII/ptolemy/actor/lib/test/auto/ScaleArray.xml (RunModel)" time="0.013" />
  <testcase classname="ptolemy.util.test.junit.AutoTests" name="[327] /home/travis/build/icyphy/ptII/ptolemy/actor/lib/test/auto/ScaleArray2.xml (RunModel)" time="0.009" />
  <testcase classname="ptolemy.util.test.junit.AutoTests" name="[328] /home/travis/build/icyphy/ptII/ptolemy/actor/lib/test/auto/ScaleMatrix.xml (RunModel)" time="0.176" />
  <testcase classname="ptolemy.util.test.junit.AutoTests" name="[329] /home/travis/build/icyphy/ptII/ptolemy/actor/lib/test/auto/Select.xml (RunModel)" time="0.021" />
  <testcase classname="ptolemy.util.test.junit.AutoTests" name="[330] /home/travis/build/icyphy/ptII/ptolemy/actor/lib/test/auto/Select2.xml (RunModel)" time="0.009" />
  <testcase classname="ptolemy.util.test.junit.AutoTests" name="[331] /home/travis/build/icyphy/ptII/ptolemy/actor/lib/test/auto/SequenceToArray2.xml (RunModel)" time="0.144" />
  <testcase classname="ptolemy.util.test.junit.AutoTests" name="[332] /home/travis/build/icyphy/ptII/ptolemy/actor/lib/test/auto/SequentialClock.xml (RunModel)" time="0.011" />
  <testcase classname="ptolemy.util.test.junit.AutoTests" name="[333] /home/travis/build/icyphy/ptII/ptolemy/actor/lib/test/auto/SetVariable.xml (RunModel)" time="0.01" />
  <testcase classname="ptolemy.util.test.junit.AutoTests" name="[334] /home/travis/build/icyphy/ptII/ptolemy/actor/lib/test/auto/SetVariable2.xml (RunModel)" time="0.01" />
  <testcase classname="ptolemy.util.test.junit.AutoTests" name="[335] /home/travis/build/icyphy/ptII/ptolemy/actor/lib/test/auto/SetVariable3.xml (RunModel)" time="0.018" />
  <testcase classname="ptolemy.util.test.junit.AutoTests" name="[336] /home/travis/build/icyphy/ptII/ptolemy/actor/lib/test/auto/SetVariable4.xml (RunModel)" time="0.027" />
  <testcase classname="ptolemy.util.test.junit.AutoTests" name="[337] /home/travis/build/icyphy/ptII/ptolemy/actor/lib/test/auto/SetVariable5.xml (RunModel)" time="0.045" />
  <testcase classname="ptolemy.util.test.junit.AutoTests" name="[338] /home/travis/build/icyphy/ptII/ptolemy/actor/lib/test/auto/Sinewave.xml (RunModel)" time="0.027" />
  <testcase classname="ptolemy.util.test.junit.AutoTests" name="[339] /home/travis/build/icyphy/ptII/ptolemy/actor/lib/test/auto/Sinewave2.xml (RunModel)" time="0.021" />
  <testcase classname="ptolemy.util.test.junit.AutoTests" name="[340] /home/travis/build/icyphy/ptII/ptolemy/actor/lib/test/auto/Sinewave3.xml (RunModel)" time="0.025" />
  <testcase classname="ptolemy.util.test.junit.AutoTests" name="[341] /home/travis/build/icyphy/ptII/ptolemy/actor/lib/test/auto/SingleEvent.xml (RunModel)" time="0.007" />
  <testcase classname="ptolemy.util.test.junit.AutoTests" name="[342] /home/travis/build/icyphy/ptII/ptolemy/actor/lib/test/auto/Sleep.xml (RunModel)" time="6.023" />
  <testcase classname="ptolemy.util.test.junit.AutoTests" name="[343] /home/travis/build/icyphy/ptII/ptolemy/actor/lib/test/auto/SleepMultipleFire.xml (RunModel)" time="1.021" />
  <testcase classname="ptolemy.util.test.junit.AutoTests" name="[344] /home/travis/build/icyphy/ptII/ptolemy/actor/lib/test/auto/StopDE.xml (RunModel)" time="0.02" />
  <testcase classname="ptolemy.util.test.junit.AutoTests" name="[345] /home/travis/build/icyphy/ptII/ptolemy/actor/lib/test/auto/StopSDF.xml (RunModel)" time="0.019" />
  <testcase classname="ptolemy.util.test.junit.AutoTests" name="[346] /home/travis/build/icyphy/ptII/ptolemy/actor/lib/test/auto/StringConstant.xml (RunModel)" time="0.019" />
  <testcase classname="ptolemy.util.test.junit.AutoTests" name="[347] /home/travis/build/icyphy/ptII/ptolemy/actor/lib/test/auto/SubscriberPortInitialValues1.xml (RunModel)" time="0.025" />
  <testcase classname="ptolemy.util.test.junit.AutoTests" name="[348] /home/travis/build/icyphy/ptII/ptolemy/actor/lib/test/auto/SubscriberPortInitialValues13.xml (RunModel)" time="0.03" />
  <testcase classname="ptolemy.util.test.junit.AutoTests" name="[349] /home/travis/build/icyphy/ptII/ptolemy/actor/lib/test/auto/SubscriberPortInitialValues14.xml (RunModel)" time="0.017" />
  <testcase classname="ptolemy.util.test.junit.AutoTests" name="[350] /home/travis/build/icyphy/ptII/ptolemy/actor/lib/test/auto/SubscriberPortInitialValues2.xml (RunModel)" time="0.017" />
  <testcase classname="ptolemy.util.test.junit.AutoTests" name="[351] /home/travis/build/icyphy/ptII/ptolemy/actor/lib/test/auto/SubscriberPortInitialValues3.xml (RunModel)" time="0.028" />
  <testcase classname="ptolemy.util.test.junit.AutoTests" name="[352] /home/travis/build/icyphy/ptII/ptolemy/actor/lib/test/auto/SubscriptionAggregator.xml (RunModel)" time="0.013" />
  <testcase classname="ptolemy.util.test.junit.AutoTests" name="[353] /home/travis/build/icyphy/ptII/ptolemy/actor/lib/test/auto/SubscriptionAggregator2.xml (RunModel)" time="0.013" />
  <testcase classname="ptolemy.util.test.junit.AutoTests" name="[354] /home/travis/build/icyphy/ptII/ptolemy/actor/lib/test/auto/SubscriptionAggregator3.xml (RunModel)" time="0.019" />
  <testcase classname="ptolemy.util.test.junit.AutoTests" name="[355] /home/travis/build/icyphy/ptII/ptolemy/actor/lib/test/auto/SubscriptionAggregatorMultiply.xml (RunModel)" time="0.026" />
  <testcase classname="ptolemy.util.test.junit.AutoTests" name="[356] /home/travis/build/icyphy/ptII/ptolemy/actor/lib/test/auto/SubscriptionAggregatorPortMultiply1.xml (RunModel)" time="0.015" />
  <testcase classname="ptolemy.util.test.junit.AutoTests" name="[357] /home/travis/build/icyphy/ptII/ptolemy/actor/lib/test/auto/Switch.xml (RunModel)" time="0.02" />
  <testcase classname="ptolemy.util.test.junit.AutoTests" name="[358] /home/travis/build/icyphy/ptII/ptolemy/actor/lib/test/auto/Switch2.xml (RunModel)" time="0.034" />
  <testcase classname="ptolemy.util.test.junit.AutoTests" name="[359] /home/travis/build/icyphy/ptII/ptolemy/actor/lib/test/auto/SwitchDE.xml (RunModel)" time="0.015" />
  <testcase classname="ptolemy.util.test.junit.AutoTests" name="[360] /home/travis/build/icyphy/ptII/ptolemy/actor/lib/test/auto/SynchronizerDE.xml (RunModel)" time="0.023" />
  <testcase classname="ptolemy.util.test.junit.AutoTests" name="[361] /home/travis/build/icyphy/ptII/ptolemy/actor/lib/test/auto/Test.xml (RunModel)" time="0.016" />
  <testcase classname="ptolemy.util.test.junit.AutoTests" name="[362] /home/travis/build/icyphy/ptII/ptolemy/actor/lib/test/auto/TestExceptionAttribute1.xml (RunModel)" time="0.016" />
  <testcase classname="ptolemy.util.test.junit.AutoTests" name="[363] /home/travis/build/icyphy/ptII/ptolemy/actor/lib/test/auto/TestExceptionAttribute2.xml (RunModel)" time="0.009" />
  <testcase classname="ptolemy.util.test.junit.AutoTests" name="[364] /home/travis/build/icyphy/ptII/ptolemy/actor/lib/test/auto/TestExceptionAttribute3.xml (RunModel)" time="0.013" />
  <testcase classname="ptolemy.util.test.junit.AutoTests" name="[365] /home/travis/build/icyphy/ptII/ptolemy/actor/lib/test/auto/TestExceptionAttribute4.xml (RunModel)" time="0.008" />
  <testcase classname="ptolemy.util.test.junit.AutoTests" name="[366] /home/travis/build/icyphy/ptII/ptolemy/actor/lib/test/auto/TestExceptionHandler1.xml (RunModel)" time="0.009" />
  <testcase classname="ptolemy.util.test.junit.AutoTests" name="[367] /home/travis/build/icyphy/ptII/ptolemy/actor/lib/test/auto/TestExceptionHandler2.xml (RunModel)" time="0.017" />
  <testcase classname="ptolemy.util.test.junit.AutoTests" name="[368] /home/travis/build/icyphy/ptII/ptolemy/actor/lib/test/auto/TestExceptionHandler3.xml (RunModel)" time="0.007" />
  <testcase classname="ptolemy.util.test.junit.AutoTests" name="[369] /home/travis/build/icyphy/ptII/ptolemy/actor/lib/test/auto/TestExceptionHandler4.xml (RunModel)" time="0.008" />
  <testcase classname="ptolemy.util.test.junit.AutoTests" name="[370] /home/travis/build/icyphy/ptII/ptolemy/actor/lib/test/auto/TestRequireCorrectOrder.xml (RunModel)" time="0.015" />
  <testcase classname="ptolemy.util.test.junit.AutoTests" name="[371] /home/travis/build/icyphy/ptII/ptolemy/actor/lib/test/auto/TestSimple.xml (RunModel)" time="0.007" />
  <testcase classname="ptolemy.util.test.junit.AutoTests" name="[372] /home/travis/build/icyphy/ptII/ptolemy/actor/lib/test/auto/ThrowModelError.xml (RunModel)" time="0.014" />
  <testcase classname="ptolemy.util.test.junit.AutoTests" name="[373] /home/travis/build/icyphy/ptII/ptolemy/actor/lib/test/auto/TimeDelayMicrosteps.xml (RunModel)" time="0.017" />
  <testcase classname="ptolemy.util.test.junit.AutoTests" name="[374] /home/travis/build/icyphy/ptII/ptolemy/actor/lib/test/auto/TimeDelayMicrosteps2.xml (RunModel)" time="0.015" />
  <testcase classname="ptolemy.util.test.junit.AutoTests" name="[375] /home/travis/build/icyphy/ptII/ptolemy/actor/lib/test/auto/TimeDelayMicrosteps3.xml (RunModel)" time="0.013" />
  <testcase classname="ptolemy.util.test.junit.AutoTests" name="[376] /home/travis/build/icyphy/ptII/ptolemy/actor/lib/test/auto/TimeDelayVariableMicrosteps.xml (RunModel)" time="0.014" />
  <testcase classname="ptolemy.util.test.junit.AutoTests" name="[377] /home/travis/build/icyphy/ptII/ptolemy/actor/lib/test/auto/TimeGap.xml (RunModel)" time="0.016" />
  <testcase classname="ptolemy.util.test.junit.AutoTests" name="[378] /home/travis/build/icyphy/ptII/ptolemy/actor/lib/test/auto/TimeGap2.xml (RunModel)" time="0.011" />
  <testcase classname="ptolemy.util.test.junit.AutoTests" name="[379] /home/travis/build/icyphy/ptII/ptolemy/actor/lib/test/auto/TimedSinewave.xml (RunModel)" time="0.062" />
  <testcase classname="ptolemy.util.test.junit.AutoTests" name="[380] /home/travis/build/icyphy/ptII/ptolemy/actor/lib/test/auto/TimedSinewavePhase.xml (RunModel)" time="0.038" />
  <testcase classname="ptolemy.util.test.junit.AutoTests" name="[381] /home/travis/build/icyphy/ptII/ptolemy/actor/lib/test/auto/Timer.xml (RunModel)" time="0.022" />
  <testcase classname="ptolemy.util.test.junit.AutoTests" name="[382] /home/travis/build/icyphy/ptII/ptolemy/actor/lib/test/auto/TriangularDistTestModel.xml (RunModel)" time="0.02" />
  <testcase classname="ptolemy.util.test.junit.AutoTests" name="[383] /home/travis/build/icyphy/ptII/ptolemy/actor/lib/test/auto/TrigFunction.xml (RunModel)" time="0.01" />
  <testcase classname="ptolemy.util.test.junit.AutoTests" name="[384] /home/travis/build/icyphy/ptII/ptolemy/actor/lib/test/auto/TrigFunctionDE.xml (RunModel)" time="0.012" />
  <testcase classname="ptolemy.util.test.junit.AutoTests" name="[385] /home/travis/build/icyphy/ptII/ptolemy/actor/lib/test/auto/TrigFunctionInverse.xml (RunModel)" time="0.011" />
  <testcase classname="ptolemy.util.test.junit.AutoTests" name="[386] /home/travis/build/icyphy/ptII/ptolemy/actor/lib/test/auto/TrigFunctionTan.xml (RunModel)" time="0.007" />
  <testcase classname="ptolemy.util.test.junit.AutoTests" name="[387] /home/travis/build/icyphy/ptII/ptolemy/actor/lib/test/auto/TriggeredClock.xml (RunModel)" time="0.01" />
  <testcase classname="ptolemy.util.test.junit.AutoTests" name="[388] /home/travis/build/icyphy/ptII/ptolemy/actor/lib/test/auto/URLDirectoryReader.xml (RunModel)" time="0.139" />
  <testcase classname="ptolemy.util.test.junit.AutoTests" name="[389] /home/travis/build/icyphy/ptII/ptolemy/actor/lib/test/auto/URLDirectoryReader3.xml (RunModel)" time="1.433" />
  <testcase classname="ptolemy.util.test.junit.AutoTests" name="[390] /home/travis/build/icyphy/ptII/ptolemy/actor/lib/test/auto/UnaryMathFunction.xml (RunModel)" time="0.021" />
  <testcase classname="ptolemy.util.test.junit.AutoTests" name="[391] /home/travis/build/icyphy/ptII/ptolemy/actor/lib/test/auto/Uniform.xml (RunModel)" time="0.013" />
  <testcase classname="ptolemy.util.test.junit.AutoTests" name="[392] /home/travis/build/icyphy/ptII/ptolemy/actor/lib/test/auto/UnionDisassemblerTest.xml (RunModel)" time="0.011" />
  <testcase classname="ptolemy.util.test.junit.AutoTests" name="[393] /home/travis/build/icyphy/ptII/ptolemy/actor/lib/test/auto/UtilityFunctions.xml (RunModel)" time="0.021" />
  <testcase classname="ptolemy.util.test.junit.AutoTests" name="[394] /home/travis/build/icyphy/ptII/ptolemy/actor/lib/test/auto/VariableSleep.xml (RunModel)" time="0.515" />
  <testcase classname="ptolemy.util.test.junit.AutoTests" name="[395] /home/travis/build/icyphy/ptII/ptolemy/actor/lib/test/auto/VectorAssemblerDisassemblerCT.xml (RunModel)" time="0.143" />
  <testcase classname="ptolemy.util.test.junit.AutoTests" name="[396] /home/travis/build/icyphy/ptII/ptolemy/actor/lib/test/auto/VectorAssemblerDisassemblerDE.xml (RunModel)" time="0.02" />
  <testcase classname="ptolemy.util.test.junit.AutoTests" name="[397] /home/travis/build/icyphy/ptII/ptolemy/actor/lib/test/auto/VectorAssemblerDisassemblerSDF.xml (RunModel)" time="0.013" />
  <testcase classname="ptolemy.util.test.junit.AutoTests" name="[398] /home/travis/build/icyphy/ptII/ptolemy/actor/lib/test/auto/WallClockTime.xml (RunModel)" time="1.013" />
  <testcase classname="ptolemy.util.test.junit.AutoTests" name="[399] /home/travis/build/icyphy/ptII/ptolemy/actor/lib/test/auto/WidthTestWithSubscriberPublisher.xml (RunModel)" time="0.054" />
  <testcase classname="ptolemy.util.test.junit.AutoTests" name="[400] /home/travis/build/icyphy/ptII/ptolemy/actor/lib/test/auto/WidthTestWithSubscriberPublisher2.xml (RunModel)" time="0.015" />
  <testcase classname="ptolemy.util.test.junit.AutoTests" name="[401] /home/travis/build/icyphy/ptII/ptolemy/actor/lib/test/auto/WidthTestWithSubscriberPublisher3.xml (RunModel)" time="0.015" />
  <testcase classname="ptolemy.util.test.junit.AutoTests" name="[402] /home/travis/build/icyphy/ptII/ptolemy/actor/lib/test/auto/Writer.xml (RunModel)" time="0.009" />
  <testcase classname="ptolemy.util.test.junit.AutoTests" name="[403] /home/travis/build/icyphy/ptII/ptolemy/actor/lib/test/auto/array.xml (RunModel)" time="0.009" />
  <testcase classname="ptolemy.util.test.junit.AutoTests" name="[404] /home/travis/build/icyphy/ptII/ptolemy/actor/lib/test/auto/array2.xml (RunModel)" time="0.031" />
  <testcase classname="ptolemy.util.test.junit.AutoTests" name="[405] /home/travis/build/icyphy/ptII/ptolemy/actor/lib/test/auto/arrayType.xml (RunModel)" time="0.011" />
  <testcase classname="ptolemy.util.test.junit.AutoTests" name="[406] /home/travis/build/icyphy/ptII/ptolemy/actor/lib/test/auto/arrayType10.xml (RunModel)" time="0.01" />
  <testcase classname="ptolemy.util.test.junit.AutoTests" name="[407] /home/travis/build/icyphy/ptII/ptolemy/actor/lib/test/auto/arrayType11.xml (RunModel)" time="0.01" />
  <testcase classname="ptolemy.util.test.junit.AutoTests" name="[408] /home/travis/build/icyphy/ptII/ptolemy/actor/lib/test/auto/arrayType12.xml (RunModel)" time="0.012" />
  <testcase classname="ptolemy.util.test.junit.AutoTests" name="[409] /home/travis/build/icyphy/ptII/ptolemy/actor/lib/test/auto/arrayType13.xml (RunModel)" time="0.011" />
  <testcase classname="ptolemy.util.test.junit.AutoTests" name="[410] /home/travis/build/icyphy/ptII/ptolemy/actor/lib/test/auto/arrayType14.xml (RunModel)" time="0.01" />
  <testcase classname="ptolemy.util.test.junit.AutoTests" name="[411] /home/travis/build/icyphy/ptII/ptolemy/actor/lib/test/auto/arrayType15.xml (RunModel)" time="0.011" />
  <testcase classname="ptolemy.util.test.junit.AutoTests" name="[412] /home/travis/build/icyphy/ptII/ptolemy/actor/lib/test/auto/arrayType16.xml (RunModel)" time="0.01" />
  <testcase classname="ptolemy.util.test.junit.AutoTests" name="[413] /home/travis/build/icyphy/ptII/ptolemy/actor/lib/test/auto/arrayType17.xml (RunModel)" time="0.01" />
  <testcase classname="ptolemy.util.test.junit.AutoTests" name="[414] /home/travis/build/icyphy/ptII/ptolemy/actor/lib/test/auto/arrayType18.xml (RunModel)" time="0.009" />
  <testcase classname="ptolemy.util.test.junit.AutoTests" name="[415] /home/travis/build/icyphy/ptII/ptolemy/actor/lib/test/auto/arrayType19.xml (RunModel)" time="0.009" />
  <testcase classname="ptolemy.util.test.junit.AutoTests" name="[416] /home/travis/build/icyphy/ptII/ptolemy/actor/lib/test/auto/arrayType2.xml (RunModel)" time="0.01" />
  <testcase classname="ptolemy.util.test.junit.AutoTests" name="[417] /home/travis/build/icyphy/ptII/ptolemy/actor/lib/test/auto/arrayType20.xml (RunModel)" time="0.01" />
  <testcase classname="ptolemy.util.test.junit.AutoTests" name="[418] /home/travis/build/icyphy/ptII/ptolemy/actor/lib/test/auto/arrayType21.xml (RunModel)" time="0.01" />
  <testcase classname="ptolemy.util.test.junit.AutoTests" name="[419] /home/travis/build/icyphy/ptII/ptolemy/actor/lib/test/auto/arrayType22.xml (RunModel)" time="0.009" />
  <testcase classname="ptolemy.util.test.junit.AutoTests" name="[420] /home/travis/build/icyphy/ptII/ptolemy/actor/lib/test/auto/arrayType23.xml (RunModel)" time="0.009" />
  <testcase classname="ptolemy.util.test.junit.AutoTests" name="[421] /home/travis/build/icyphy/ptII/ptolemy/actor/lib/test/auto/arrayType24.xml (RunModel)" time="0.017" />
  <testcase classname="ptolemy.util.test.junit.AutoTests" name="[422] /home/travis/build/icyphy/ptII/ptolemy/actor/lib/test/auto/arrayType25.xml (RunModel)" time="0.01" />
  <testcase classname="ptolemy.util.test.junit.AutoTests" name="[423] /home/travis/build/icyphy/ptII/ptolemy/actor/lib/test/auto/arrayType26.xml (RunModel)" time="0.01" />
  <testcase classname="ptolemy.util.test.junit.AutoTests" name="[424] /home/travis/build/icyphy/ptII/ptolemy/actor/lib/test/auto/arrayType27.xml (RunModel)" time="0.011" />
  <testcase classname="ptolemy.util.test.junit.AutoTests" name="[425] /home/travis/build/icyphy/ptII/ptolemy/actor/lib/test/auto/arrayType28.xml (RunModel)" time="0.011" />
  <testcase classname="ptolemy.util.test.junit.AutoTests" name="[426] /home/travis/build/icyphy/ptII/ptolemy/actor/lib/test/auto/arrayType3.xml (RunModel)" time="0.009" />
  <testcase classname="ptolemy.util.test.junit.AutoTests" name="[427] /home/travis/build/icyphy/ptII/ptolemy/actor/lib/test/auto/arrayType4.xml (RunModel)" time="0.01" />
  <testcase classname="ptolemy.util.test.junit.AutoTests" name="[428] /home/travis/build/icyphy/ptII/ptolemy/actor/lib/test/auto/arrayType5.xml (RunModel)" time="0.008" />
  <testcase classname="ptolemy.util.test.junit.AutoTests" name="[429] /home/travis/build/icyphy/ptII/ptolemy/actor/lib/test/auto/arrayType6.xml (RunModel)" time="0.009" />
  <testcase classname="ptolemy.util.test.junit.AutoTests" name="[430] /home/travis/build/icyphy/ptII/ptolemy/actor/lib/test/auto/arrayType7.xml (RunModel)" time="0.008" />
  <testcase classname="ptolemy.util.test.junit.AutoTests" name="[431] /home/travis/build/icyphy/ptII/ptolemy/actor/lib/test/auto/arrayType8.xml (RunModel)" time="0.009" />
  <testcase classname="ptolemy.util.test.junit.AutoTests" name="[432] /home/travis/build/icyphy/ptII/ptolemy/actor/lib/test/auto/arrayType9.xml (RunModel)" time="0.03" />
  <testcase classname="ptolemy.util.test.junit.AutoTests" name="[433] /home/travis/build/icyphy/ptII/ptolemy/actor/lib/test/auto/cast.xml (RunModel)" time="0.037" />
  <testcase classname="ptolemy.util.test.junit.AutoTests" name="[434] /home/travis/build/icyphy/ptII/ptolemy/actor/lib/test/auto/compositeMultiPort.xml (RunModel)" time="0.047" />
  <testcase classname="ptolemy.util.test.junit.AutoTests" name="[435] /home/travis/build/icyphy/ptII/ptolemy/actor/lib/test/auto/expressionCastInference.xml (RunModel)" time="0.039" />
  <testcase classname="ptolemy.util.test.junit.AutoTests" name="[436] /home/travis/build/icyphy/ptII/ptolemy/actor/lib/test/auto/expressionCastInference2.xml (RunModel)" time="0.034" />
  <testcase classname="ptolemy.util.test.junit.AutoTests" name="[437] /home/travis/build/icyphy/ptII/ptolemy/actor/lib/test/auto/expressionInference.xml (RunModel)" time="0.054" />
  <testcase classname="ptolemy.util.test.junit.AutoTests" name="[438] /home/travis/build/icyphy/ptII/ptolemy/actor/lib/test/auto/expression_bug.xml (RunModel)" time="0.037" />
  <testcase classname="ptolemy.util.test.junit.AutoTests" name="[439] /home/travis/build/icyphy/ptII/ptolemy/actor/lib/test/auto/factorial.xml (RunModel)" time="0.094" />
  <testcase classname="ptolemy.util.test.junit.AutoTests" name="[440] /home/travis/build/icyphy/ptII/ptolemy/actor/lib/test/auto/filterTest1.xml (RunModel)" time="0.017" />
  <testcase classname="ptolemy.util.test.junit.AutoTests" name="[441] /home/travis/build/icyphy/ptII/ptolemy/actor/lib/test/auto/funcApplyInConst.xml (RunModel)" time="0.007" />
  <testcase classname="ptolemy.util.test.junit.AutoTests" name="[442] /home/travis/build/icyphy/ptII/ptolemy/actor/lib/test/auto/funcApplyInExpr.xml (RunModel)" time="0.006" />
  <testcase classname="ptolemy.util.test.junit.AutoTests" name="[443] /home/travis/build/icyphy/ptII/ptolemy/actor/lib/test/auto/function.xml (RunModel)" time="0.01" />
  <testcase classname="ptolemy.util.test.junit.AutoTests" name="[444] /home/travis/build/icyphy/ptII/ptolemy/actor/lib/test/auto/function2.xml (RunModel)" time="0.009" />
  <testcase classname="ptolemy.util.test.junit.AutoTests" name="[445] /home/travis/build/icyphy/ptII/ptolemy/actor/lib/test/auto/function3.xml (RunModel)" time="0.008" />
  <testcase classname="ptolemy.util.test.junit.AutoTests" name="[446] /home/travis/build/icyphy/ptII/ptolemy/actor/lib/test/auto/functionClosureTest1.xml (RunModel)" time="0.011" />
  <testcase classname="ptolemy.util.test.junit.AutoTests" name="[447] /home/travis/build/icyphy/ptII/ptolemy/actor/lib/test/auto/functionClosureTest2.xml (RunModel)" time="0.008" />
  <testcase classname="ptolemy.util.test.junit.AutoTests" name="[448] /home/travis/build/icyphy/ptII/ptolemy/actor/lib/test/auto/functionClosureTest3.xml (RunModel)" time="0.011" />
  <testcase classname="ptolemy.util.test.junit.AutoTests" name="[449] /home/travis/build/icyphy/ptII/ptolemy/actor/lib/test/auto/functionClosureTest4.xml (RunModel)" time="0.017" />
  <testcase classname="ptolemy.util.test.junit.AutoTests" name="[450] /home/travis/build/icyphy/ptII/ptolemy/actor/lib/test/auto/functionClosureTest5.xml (RunModel)" time="0.013" />
  <testcase classname="ptolemy.util.test.junit.AutoTests" name="[451] /home/travis/build/icyphy/ptII/ptolemy/actor/lib/test/auto/functionClosureTest6.xml (RunModel)" time="0.009" />
  <testcase classname="ptolemy.util.test.junit.AutoTests" name="[452] /home/travis/build/icyphy/ptII/ptolemy/actor/lib/test/auto/functionsOnArcs.xml (RunModel)" time="0.013" />
  <testcase classname="ptolemy.util.test.junit.AutoTests" name="[453] /home/travis/build/icyphy/ptII/ptolemy/actor/lib/test/auto/functionsOnArcsHOF.xml (RunModel)" time="0.015" />
  <testcase classname="ptolemy.util.test.junit.AutoTests" name="[454] /home/travis/build/icyphy/ptII/ptolemy/actor/lib/test/auto/logic.xml (RunModel)" time="0.019" />
  <testcase classname="ptolemy.util.test.junit.AutoTests" name="[455] /home/travis/build/icyphy/ptII/ptolemy/actor/lib/test/auto/matrixType.xml (RunModel)" time="0.009" />
  <testcase classname="ptolemy.util.test.junit.AutoTests" name="[456] /home/travis/build/icyphy/ptII/ptolemy/actor/lib/test/auto/matrixType10.xml (RunModel)" time="0.009" />
  <testcase classname="ptolemy.util.test.junit.AutoTests" name="[457] /home/travis/build/icyphy/ptII/ptolemy/actor/lib/test/auto/matrixType11.xml (RunModel)" time="0.009" />
  <testcase classname="ptolemy.util.test.junit.AutoTests" name="[458] /home/travis/build/icyphy/ptII/ptolemy/actor/lib/test/auto/matrixType12.xml (RunModel)" time="0.012" />
  <testcase classname="ptolemy.util.test.junit.AutoTests" name="[459] /home/travis/build/icyphy/ptII/ptolemy/actor/lib/test/auto/matrixType13.xml (RunModel)" time="0.009" />
  <testcase classname="ptolemy.util.test.junit.AutoTests" name="[460] /home/travis/build/icyphy/ptII/ptolemy/actor/lib/test/auto/matrixType14.xml (RunModel)" time="0.011" />
  <testcase classname="ptolemy.util.test.junit.AutoTests" name="[461] /home/travis/build/icyphy/ptII/ptolemy/actor/lib/test/auto/matrixType2.xml (RunModel)" time="0.009" />
  <testcase classname="ptolemy.util.test.junit.AutoTests" name="[462] /home/travis/build/icyphy/ptII/ptolemy/actor/lib/test/auto/matrixType3.xml (RunModel)" time="0.011" />
  <testcase classname="ptolemy.util.test.junit.AutoTests" name="[463] /home/travis/build/icyphy/ptII/ptolemy/actor/lib/test/auto/matrixType4.xml (RunModel)" time="0.009" />
  <testcase classname="ptolemy.util.test.junit.AutoTests" name="[464] /home/travis/build/icyphy/ptII/ptolemy/actor/lib/test/auto/matrixType5.xml (RunModel)" time="0.009" />
  <testcase classname="ptolemy.util.test.junit.AutoTests" name="[465] /home/travis/build/icyphy/ptII/ptolemy/actor/lib/test/auto/matrixType6.xml (RunModel)" time="0.008" />
  <testcase classname="ptolemy.util.test.junit.AutoTests" name="[466] /home/travis/build/icyphy/ptII/ptolemy/actor/lib/test/auto/matrixType7.xml (RunModel)" time="0.009" />
  <testcase classname="ptolemy.util.test.junit.AutoTests" name="[467] /home/travis/build/icyphy/ptII/ptolemy/actor/lib/test/auto/matrixType8.xml (RunModel)" time="0.009" />
  <testcase classname="ptolemy.util.test.junit.AutoTests" name="[468] /home/travis/build/icyphy/ptII/ptolemy/actor/lib/test/auto/matrixType9.xml (RunModel)" time="0.009" />
  <testcase classname="ptolemy.util.test.junit.AutoTests" name="[469] /home/travis/build/icyphy/ptII/ptolemy/actor/lib/test/auto/paraFunctest.xml (RunModel)" time="0.008" />
  <testcase classname="ptolemy.util.test.junit.AutoTests" name="[470] /home/travis/build/icyphy/ptII/ptolemy/actor/lib/test/auto/paraFunctest2.xml (RunModel)" time="0.009" />
  <testcase classname="ptolemy.util.test.junit.AutoTests" name="[471] /home/travis/build/icyphy/ptII/ptolemy/actor/lib/test/auto/parameterPassing.xml (RunModel)" time="0.008" />
  <testcase classname="ptolemy.util.test.junit.AutoTests" name="[472] /home/travis/build/icyphy/ptII/ptolemy/actor/lib/test/auto/record.xml (RunModel)" time="0.01" />
  <testcase classname="ptolemy.util.test.junit.AutoTests" name="[473] /home/travis/build/icyphy/ptII/ptolemy/actor/lib/test/auto/sizedarray1.xml (RunModel)" time="0.01" />
  <testcase classname="ptolemy.util.test.junit.AutoTests" name="[474] /home/travis/build/icyphy/ptII/ptolemy/actor/lib/test/auto/sizedarray2.xml (RunModel)" time="0.011" />
  <testcase classname="ptolemy.util.test.junit.AutoTests" name="[475] /home/travis/build/icyphy/ptII/ptolemy/actor/lib/test/auto/twoPublishers.xml (RunModel)" time="0.029" />
  <system-out><![CDATA[/home/travis/build/icyphy/ptII/ptolemy/actor/lib/test/AbsoluteValue.tcl
testDefs.tcl: setting time out to 9000 seconds at Thu Jul 18 21:25:49 UTC 2019
110 ms. Memory: 120832K Free: 85960K (71%)
11 ms. Memory: 120832K Free: 84422K (70%)
20 ms. Memory: 120832K Free: 83398K (69%)
12 ms. Memory: 120832K Free: 82888K (69%)
/home/travis/build/icyphy/ptII/ptolemy/actor/lib/test/AddSubtract.tcl
20 ms. Memory: 120832K Free: 80840K (67%)
7 ms. Memory: 120832K Free: 79816K (66%)
6 ms. Memory: 120832K Free: 79302K (66%)
9 ms. Memory: 120832K Free: 78263K (65%)
73 ms. Memory: 120832K Free: 75720K (63%)
16 ms. Memory: 120832K Free: 74696K (62%)
/home/travis/build/icyphy/ptII/ptolemy/actor/lib/test/Average.tcl
8 ms. Memory: 120832K Free: 73143K (61%)
7 ms. Memory: 120832K Free: 71624K (59%)
/home/travis/build/icyphy/ptII/ptolemy/actor/lib/test/Bernoulli.tcl
5 ms. Memory: 120832K Free: 70071K (58%)
2 ms. Memory: 120832K Free: 70071K (58%)
/home/travis/build/icyphy/ptII/ptolemy/actor/lib/test/Clock.tcl
preinitializing
resolving types
initializing
executing number 1
wrapping up
idle
35 ms. Memory: 120832K Free: 67014K (55%)
Completed execution with 5 iterations
preinitializing
resolving types
initializing
executing number 1
wrapping up
idle
4 ms. Memory: 120832K Free: 66504K (55%)
Completed execution with 5 iterations
preinitializing
resolving types
initializing
executing number 1
wrapping up
idle
21 ms. Memory: 120832K Free: 65983K (55%)
Completed execution with 5 iterations
/home/travis/build/icyphy/ptII/ptolemy/actor/lib/test/Commutator.tcl
7 ms. Memory: 120832K Free: 63942K (53%)
8 ms. Memory: 120832K Free: 62903K (52%)
15 ms. Memory: 120832K Free: 57288K (47%)
/home/travis/build/icyphy/ptII/ptolemy/actor/lib/test/Const.tcl
5 ms. Memory: 120832K Free: 55735K (46%)
2 ms. Memory: 120832K Free: 55240K (46%)
4 ms. Memory: 120832K Free: 54726K (45%)
3 ms. Memory: 120832K Free: 54216K (45%)
2 ms. Memory: 120832K Free: 53192K (44%)
30 ms. Memory: 120832K Free: 51654K (43%)
15 ms. Memory: 120832K Free: 50615K (42%)
5 ms. Memory: 120832K Free: 49606K (41%)
/home/travis/build/icyphy/ptII/ptolemy/actor/lib/test/CurrentTime.tcl
preinitializing
resolving types
initializing
executing number 1
wrapping up
idle
17 ms. Memory: 120832K Free: 48072K (40%)
Completed execution with 11 iterations
/home/travis/build/icyphy/ptII/ptolemy/actor/lib/test/DB.tcl
5 ms. Memory: 120832K Free: 46024K (38%)
30 ms. Memory: 120832K Free: 107334K (89%)
10 ms. Memory: 120832K Free: 106824K (88%)
/home/travis/build/icyphy/ptII/ptolemy/actor/lib/test/DiscreteRandomSource.tcl
preinitializing
resolving types
initializing
executing number 1
wrapping up
idle
5 ms. Memory: 120832K Free: 105271K (87%)
Completed execution with 4 iterations
preinitializing
resolving types
initializing
executing number 1
wrapping up
idle
2 ms. Memory: 120832K Free: 104776K (87%)
Completed execution with 4 iterations
preinitializing
resolving types
initializing
executing number 1
wrapping up
idle
3 ms. Memory: 120832K Free: 104262K (86%)
Completed execution with 4 iterations
preinitializing
resolving types
initializing
executing number 1
wrapping up
idle
3 ms. Memory: 120832K Free: 104262K (86%)
Completed execution with 4 iterations
preinitializing
resolving types
initializing
executing number 1
wrapping up
idle
4 ms. Memory: 120832K Free: 103752K (86%)
Completed execution with 4 iterations
/home/travis/build/icyphy/ptII/ptolemy/actor/lib/test/Distributor.tcl
5 ms. Memory: 120832K Free: 102199K (85%)
4 ms. Memory: 120832K Free: 101190K (84%)
StreamChangeRequest.changeExecuted(): <deleteEntity name="rec2"/> succeeded
StreamChangeRequest.changeExecuted(): <deleteRelation name="r2"/> succeeded
StreamChangeRequest.changeExecuted(): Record firings per iteration succeeded
5 ms. Memory: 120832K Free: 98632K (82%)
/home/travis/build/icyphy/ptII/ptolemy/actor/lib/test/Exit.tcl
Exit.tcl: this will print a message about Manager.exitAfterWrapup, which can be ignored.
10 ms. Memory: 120832K Free: 95560K (79%)
/home/travis/build/icyphy/ptII/ptolemy/actor/lib/test/Expression.tcl
23 ms. Memory: 120832K Free: 104986K (87%)
10 ms. Memory: 120832K Free: 103979K (86%)
10 ms. Memory: 120832K Free: 103462K (86%)
preinitializing
resolving types
initializing
executing number 1
wrapping up
idle
5 ms. Memory: 120832K Free: 101953K (84%)
Completed execution with 6 iterations
4 ms. Memory: 120832K Free: 100899K (84%)
3 ms. Memory: 120832K Free: 100374K (83%)
5 ms. Memory: 120832K Free: 99380K (82%)
5 ms. Memory: 120832K Free: 97842K (81%)
4 ms. Memory: 120832K Free: 96819K (80%)
/home/travis/build/icyphy/ptII/ptolemy/actor/lib/test/Gaussian.tcl
5 ms. Memory: 120832K Free: 94786K (78%)
sleeping 1 seconds: .................................................................................................................................................................................................................................................................................................................................................................................................................................................................................................................................................................................................................................................................................................................................................................................................................................................................................................................................................................................................................................................................................................................4 ms. Memory: 120832K Free: 89664K (74%)
3 ms. Memory: 120832K Free: 89118K (74%)
2 ms. Memory: 120832K Free: 88627K (73%)
5 ms. Memory: 120832K Free: 88070K (73%)
5 ms. Memory: 120832K Free: 87070K (72%)
/home/travis/build/icyphy/ptII/ptolemy/actor/lib/test/IIR.tcl
/home/travis/build/icyphy/ptII/ptolemy/actor/lib/test/Interpolator.tcl
4 ms. Memory: 120832K Free: 83528K (69%)
2 ms. Memory: 120832K Free: 82996K (69%)
2 ms. Memory: 120832K Free: 82496K (68%)
2 ms. Memory: 120832K Free: 81972K (68%)
7 ms. Memory: 120832K Free: 106430K (88%)
1 ms. Memory: 120832K Free: 105920K (88%)
3 ms. Memory: 120832K Free: 104894K (87%)
2 ms. Memory: 120832K Free: 103872K (86%)
3 ms. Memory: 120832K Free: 102848K (85%)
3 ms. Memory: 120832K Free: 102334K (85%)
/home/travis/build/icyphy/ptII/ptolemy/actor/lib/test/MathFunction.tcl
5 ms. Memory: 120832K Free: 99776K (83%)
3 ms. Memory: 120832K Free: 98223K (81%)
3 ms. Memory: 120832K Free: 97207K (80%)
4 ms. Memory: 120832K Free: 96704K (80%)
14 ms. Memory: 120832K Free: 95159K (79%)
14 ms. Memory: 120832K Free: 93103K (77%)
/home/travis/build/icyphy/ptII/ptolemy/actor/lib/test/Maximum.tcl
7 ms. Memory: 120832K Free: 91584K (76%)
7 ms. Memory: 120832K Free: 90560K (75%)
7 ms. Memory: 120832K Free: 90046K (75%)
10 ms. Memory: 120832K Free: 89536K (74%)
/home/travis/build/icyphy/ptII/ptolemy/actor/lib/test/Minimum.tcl
10 ms. Memory: 120832K Free: 87488K (72%)
6 ms. Memory: 120832K Free: 86959K (72%)
6 ms. Memory: 120832K Free: 86464K (72%)
4 ms. Memory: 120832K Free: 85440K (71%)
/home/travis/build/icyphy/ptII/ptolemy/actor/lib/test/MultiplyDivide.tcl
5 ms. Memory: 120832K Free: 83392K (69%)
2 ms. Memory: 120832K Free: 82863K (69%)
3 ms. Memory: 120832K Free: 82368K (68%)
3 ms. Memory: 120832K Free: 81344K (67%)
2 ms. Memory: 120832K Free: 80799K (67%)
/home/travis/build/icyphy/ptII/ptolemy/actor/lib/test/OrderedMerge.tcl
Connections changed on port: inputA
Connections changed on port: inputB
Connections changed on port: output
Connections changed on port: output
Connections changed on port: output
Connections changed on port: input
.top. Preinitializing ...
Invoking preinitialize():  .top.OrderedMerge
Called preinitialize()
Invoking preinitialize():  .top.Ramp
Called preinitialize()
Invoking preinitialize():  .top.Ramp2
Called preinitialize()
Invoking preinitialize():  .top.Test
Called preinitialize()
Connections changed on port: inputA
Connections changed on port: output
Connections changed on port: output
Connections changed on port: input
Connections changed on port: inputB
Connections changed on port: output
.top. Finished preinitialize().
Called initialize().
Invoking initialize():  .top.OrderedMerge
Initializing actor: .top.OrderedMerge
Adding a thread: .top.OrderedMerge
Invoking initialize():  .top.Ramp
Initializing actor: .top.Ramp
Adding a thread: .top.Ramp
Invoking initialize():  .top.Ramp2
Initializing actor: .top.Ramp2
Adding a thread: .top.Ramp2
Invoking initialize():  .top.Test
Initializing actor: .top.Test
Adding a thread: .top.Test
Called fire().
Checking for deadlock:
-- Starting thread.
Called initialize()
Called prefire()
Called fire()
-- Starting thread.
Called initialize()
-- Starting thread.
Called initialize()
-- Starting thread.
Called prefire()
Called initialize()
Called prefire()
Called fire()
Called fire()
Called prefire()
Called fire()
There are 0 Blocked actors, 0 Stopped actors, and 4 active threads.
Waiting for actors to stop.
Called postfire()
Called postfire()
Called prefire()
Called prefire()
Called fire()
Called fire()
Read input token from inputA with value 0.0
Next port to read input from is inputB
Called postfire()
Called prefire()
Called fire()
Checking for deadlock:
There are 2 Blocked actors, 0 Stopped actors, and 4 active threads.
Waiting for actors to stop.
Called postfire()
Called postfire()
Called prefire()
Called prefire()
Called fire()
Called fire()
Read input token from inputB with value 0.0
Sent output token with value 0.0
Next port to read input from is inputA
Called postfire()
Called prefire()
Called fire()
Read input token from inputA with value 1.0
Checking for deadlock:
There are 2 Blocked actors, 0 Stopped actors, and 4 active threads.
Waiting for actors to stop.
Called postfire()
Called prefire()
Called fire()
-- Read input: 0.0, which is expected to match: 0.0
Called prefire()
Called fire()
Checking for deadlock:
There are 3 Blocked actors, 0 Stopped actors, and 4 active threads.
Waiting for actors to stop.
-- Read input: 0.0, which is expected to match: 0.0
Called prefire()
Called fire()
Sent output token with value 0.0
Next port to read input from is inputB
Called postfire()
Called prefire()
Called fire()
Read input token from inputB with value 1.5
Sent output token with value 1.0
Next port to read input from is inputA
Called postfire()
Called prefire()
Called fire()
Read input token from inputA with value 2.0
Checking for deadlock:
There are 1 Blocked actors, 0 Stopped actors, and 4 active threads.
Waiting for actors to stop.
Called postfire()
Called prefire()
Called fire()
Called postfire()
Called prefire()
Called fire()
-- Read input: 1.0, which is expected to match: 1.0
Called prefire()
Called fire()
Checking for deadlock:
There are 3 Blocked actors, 0 Stopped actors, and 4 active threads.
Waiting for actors to stop.
-- Read input: 1.5, which is expected to match: 1.5
Called prefire()
Called fire()
Sent output token with value 1.5
Next port to read input from is inputB
Called postfire()
Called prefire()
Called fire()
Read input token from inputB with value 3.0
Sent output token with value 2.0
Next port to read input from is inputA
Called postfire()
Called prefire()
Called fire()
Read input token from inputA with value 3.0
Checking for deadlock:
There are 1 Blocked actors, 0 Stopped actors, and 4 active threads.
Waiting for actors to stop.
Called postfire()
Called prefire()
Called fire()
Called postfire()
-- Read input: 2.0, which is expected to match: 2.0
Called prefire()
Called fire()
Called prefire()
Called fire()
Checking for deadlock:
There are 3 Blocked actors, 0 Stopped actors, and 4 active threads.
Waiting for actors to stop.
-- Read input: 3.0, which is expected to match: 3.0
Called prefire()
Called fire()
Sent output token with value 3.0
Next port to read input from is inputB
Called postfire()
Called prefire()
Called fire()
Read input token from inputB with value 4.5
Sent output token with value 3.0
Next port to read input from is inputA
Called postfire()
Called prefire()
Called fire()
Read input token from inputA with value 4.0
Checking for deadlock:
There are 1 Blocked actors, 0 Stopped actors, and 4 active threads.
Waiting for actors to stop.
Called postfire()
Called prefire()
Called fire()
Called postfire()
Called prefire()
-- Read input: 3.0, which is expected to match: 3.0
Called fire()
Called prefire()
Called fire()
Checking for deadlock:
There are 3 Blocked actors, 0 Stopped actors, and 4 active threads.
Waiting for actors to stop.
-- Read input: 4.0, which is expected to match: 4.0
Called prefire()
Called fire()
Past the end of training data. Read and discard all inputs.
Checking for deadlock:
There are 3 Blocked actors, 0 Stopped actors, and 4 active threads.
Waiting for actors to stop.
Sent output token with value 4.0
Next port to read input from is inputA
Called postfire()
Called prefire()
Called fire()
Called postfire()
Called prefire()
Called fire()
Checking for deadlock:
There are 3 Blocked actors, 0 Stopped actors, and 4 active threads.
Waiting for actors to stop.
Read input token from inputA with value 5.0
Called prefire()
Called fire()
Past the end of training data. Read and discard all inputs.
Checking for deadlock:
There are 3 Blocked actors, 0 Stopped actors, and 4 active threads.
Waiting for actors to stop.
Sent output token with value 4.5
Next port to read input from is inputB
Called postfire()
Called prefire()
Called fire()
Checking for deadlock:
Called postfire()
There are 2 Blocked actors, 0 Stopped actors, and 4 active threads.
Called prefire()
Waiting for actors to stop.
Called fire()
Checking for deadlock:
There are 3 Blocked actors, 0 Stopped actors, and 4 active threads.
Waiting for actors to stop.
Read input token from inputB with value 6.0
Checking for deadlock:
There are 2 Blocked actors, 0 Stopped actors, and 4 active threads.
Waiting for actors to stop.
Called prefire()
Called fire()
Past the end of training data. Read and discard all inputs.
Checking for deadlock:
There are 3 Blocked actors, 0 Stopped actors, and 4 active threads.
Waiting for actors to stop.
Sent output token with value 5.0
Next port to read input from is inputA
Called postfire()
Called prefire()
Called fire()
Read input token from inputA with value 6.0
Sent output token with value 6.0
Next port to read input from is inputB
Called postfire()
Called prefire()
Called fire()
Read input token from inputB with value 7.5
Checking for deadlock:
There are 0 Blocked actors, 0 Stopped actors, and 4 active threads.
Waiting for actors to stop.
Called postfire()
Called postfire()
Called prefire()
Called fire()
Called prefire()
Called fire()
Past the end of training data. Read and discard all inputs.
Called prefire()
Called fire()
Checking for deadlock:
There are 3 Blocked actors, 0 Stopped actors, and 4 active threads.
Waiting for actors to stop.
Called prefire()
Called fire()
Sent output token with value 6.0
Past the end of training data. Read and discard all inputs.
Next port to read input from is inputA
Called postfire()
Called prefire()
Called fire()
Read input token from inputA with value 7.0
Sent output token with value 7.0
Next port to read input from is inputA
Called postfire()
Called prefire()
Called fire()
Checking for deadlock:
There are 2 Blocked actors, 0 Stopped actors, and 4 active threads.
Waiting for actors to stop.
Called prefire()
Called fire()
Past the end of training data. Read and discard all inputs.
Called postfire()
Called prefire()
Called fire()
Checking for deadlock:
There are 3 Blocked actors, 0 Stopped actors, and 4 active threads.
Waiting for actors to stop.
Read input token from inputA with value 8.0
Sent output token with value 7.5
Next port to read input from is inputB
Called postfire()
Called prefire()
Called fire()
Read input token from inputB with value 9.0
Checking for deadlock:
There are 1 Blocked actors, 0 Stopped actors, and 4 active threads.
Waiting for actors to stop.
Called postfire()
Called prefire()
-- Thread wrapup() called.
Called wrapup()
Called prefire()
Called fire()
Past the end of training data. Read and discard all inputs.
Called fire()
Thread .top.Ramp is exiting.
-- Thread stopped.
Checking for deadlock:
There are 2 Blocked actors, 0 Stopped actors, and 3 active threads.
Waiting for actors to stop.
Called prefire()
Called fire()
Past the end of training data. Read and discard all inputs.
Checking for deadlock:
There are 2 Blocked actors, 0 Stopped actors, and 3 active threads.
Waiting for actors to stop.
Sent output token with value 8.0
Next port to read input from is inputA
Called postfire()
Called prefire()
Called fire()
Read input token from inputA with value 9.0
Sent output token with value 9.0
Called prefire()
Called fire()
Past the end of training data. Read and discard all inputs.
Next port to read input from is inputB
Called postfire()
Called prefire()
Checking for deadlock:
There are 2 Blocked actors, 0 Stopped actors, and 3 active threads.
Waiting for actors to stop.
Called fire()
Checking for deadlock:
There are 1 Blocked actors, 0 Stopped actors, and 3 active threads.
Waiting for actors to stop.
Called postfire()
Called prefire()
Called fire()
Checking for deadlock:
There are 2 Blocked actors, 0 Stopped actors, and 3 active threads.
Waiting for actors to stop.
Read input token from inputB with value 10.5
Checking for deadlock:
There are 1 Blocked actors, 0 Stopped actors, and 3 active threads.
Waiting for actors to stop.
Called prefire()
Called fire()
Past the end of training data. Read and discard all inputs.
Checking for deadlock:
There are 2 Blocked actors, 0 Stopped actors, and 3 active threads.
Waiting for actors to stop.
Sent output token with value 9.0
Next port to read input from is inputA
Called postfire()
Called prefire()
Called fire()
Checking for deadlock:
There are 3 Blocked actors, 0 Stopped actors, and 3 active threads.
Actors have stopped.
Checking for deadlock:
There are 3 Blocked actors, 0 Stopped actors, and 3 active threads.
Deadlock detected.
Resolving Deadlock
Checking for deadlock:
There are 3 Blocked actors, 0 Stopped actors, and 3 active threads.
Artificial Deadlock - increasing queue capacity.
increasing the capacity of receiver ptolemy.actor.TypedIOPort {.top.OrderedMerge.inputB} to 2
Director: Called postfire().
-- Thread wrapup() called.
Called wrapup()
Called postfire().
_stopRequested = false
_stopFireRequested = false
Returning from postfire(): true
Thread .top.Ramp2 is exiting.
-- Thread stopped.
Called fire().
Checking for deadlock:
There are 2 Blocked actors, 0 Stopped actors, and 2 active threads.
Actors have stopped.
Checking for deadlock:
There are 2 Blocked actors, 0 Stopped actors, and 2 active threads.
Deadlock detected.
Resolving Deadlock
Checking for deadlock:
There are 2 Blocked actors, 0 Stopped actors, and 2 active threads.
Deadlock detected: no processes blocked on write, but some are blocked on read.
Called postfire().
_stopRequested = false
_stopFireRequested = false
Returning from postfire(): false
Finished deactivating branches.
Called wrapup().
-- Thread wrapup() called.
Called wrapup()
-- Thread wrapup() called.
Called wrapup()
Thread .top.OrderedMerge is exiting.
-- Thread stopped.
Thread .top.Test is exiting.
-- Blocked Receiver call threw TerminateProcessException.
-- Thread stopped.
-- Blocked Receiver call threw TerminateProcessException.
77 ms. Memory: 120832K Free: 76734K (64%)
.top. Preinitializing ...
Invoking preinitialize():  .top.OrderedMerge
Called preinitialize()
Invoking preinitialize():  .top.Ramp
Called preinitialize()
Invoking preinitialize():  .top.Ramp2
Called preinitialize()
Invoking preinitialize():  .top.Test
Called preinitialize()
.top. Finished preinitialize().
Called initialize().
Invoking initialize():  .top.OrderedMerge
Initializing actor: .top.OrderedMerge
Adding a thread: .top.OrderedMerge
Invoking initialize():  .top.Ramp
Initializing actor: .top.Ramp
Adding a thread: .top.Ramp
Invoking initialize():  .top.Ramp2
Initializing actor: .top.Ramp2
Adding a thread: .top.Ramp2
Invoking initialize():  .top.Test
Initializing actor: .top.Test
Adding a thread: .top.Test
-- Starting thread.
Called initialize()
-- Starting thread.
Called initialize()
Called prefire()
Called fire()
Called prefire()
Called fire()
Called postfire()
Called prefire()
Called fire()
Called fire().
Checking for deadlock:
There are 2 Blocked actors, 0 Stopped actors, and 4 active threads.
Waiting for actors to stop.
-- Starting thread.
Called initialize()
Called prefire()
Called fire()
Checking for deadlock:
There are 3 Blocked actors, 0 Stopped actors, and 4 active threads.
Waiting for actors to stop.
-- Starting thread.
Called initialize()
Called prefire()
Called fire()
Called postfire()
Called prefire()
Called fire()
Checking for deadlock:
There are 3 Blocked actors, 0 Stopped actors, and 4 active threads.
Waiting for actors to stop.
Read input token from inputA with value 0.0
Next port to read input from is inputB
Called postfire()
Called prefire()
Called fire()
Checking for deadlock:
There are 1 Blocked actors, 0 Stopped actors, and 4 active threads.
Waiting for actors to stop.
Read input token from inputB with value 0.0
Called postfire()
Called prefire()
Called fire()
Checking for deadlock:
There are 0 Blocked actors, 0 Stopped actors, and 4 active threads.
Waiting for actors to stop.
-- Read input: 0.0, which is expected to match: 0.0
Called prefire()
Called fire()
Checking for deadlock:
There are 2 Blocked actors, 0 Stopped actors, and 4 active threads.
Waiting for actors to stop.
Called postfire()
Called prefire()
Sent output token with value 0.0
Next port to read input from is inputA
Called postfire()
Called prefire()
Called fire()
Called fire()
Called postfire()
Called prefire()
Called fire()
Read input token from inputA with value 1.0
Sent output token with value 0.0
-- Read input: 0.0, which is expected to match: 0.0
Next port to read input from is inputB
Called postfire()
Called prefire()
Called prefire()
Called fire()
Called fire()
Read input token from inputB with value 1.5
Checking for deadlock:
There are 2 Blocked actors, 0 Stopped actors, and 4 active threads.
Waiting for actors to stop.
Called postfire()
Called prefire()
Called fire()
Sent output token with value 1.0
Next port to read input from is inputA
Called postfire()
Called prefire()
Called fire()
-- Read input: 1.0, which is expected to match: 1.0
Read input token from inputA with value 2.0
Called prefire()
Called fire()
Sent output token with value 1.5
-- Read input: 1.5, which is expected to match: 1.5
Next port to read input from is inputB
Called postfire()
Called prefire()
Called fire()
Called prefire()
Called fire()
Checking for deadlock:
There are 1 Blocked actors, 0 Stopped actors, and 4 active threads.
Read input token from inputB with value 3.0
Waiting for actors to stop.
Sent output token with value 2.0
Next port to read input from is inputA
-- Read input: 2.0, which is expected to match: 2.0
Called postfire()
Called prefire()
Called prefire()
Called fire()
Called postfire()
Called prefire()
Called fire()
Checking for deadlock:
There are 2 Blocked actors, 0 Stopped actors, and 4 active threads.
Waiting for actors to stop.
Called fire()
Checking for deadlock:
There are 3 Blocked actors, 0 Stopped actors, and 4 active threads.
Waiting for actors to stop.
Checking for deadlock:
There are 2 Blocked actors, 0 Stopped actors, and 4 active threads.
Waiting for actors to stop.
Called postfire()
Called prefire()
Called fire()
Read input token from inputA with value 3.0
Called postfire()
Called prefire()
Checking for deadlock:
There are 1 Blocked actors, 0 Stopped actors, and 4 active threads.
Waiting for actors to stop.
-- Read input: 3.0, which is expected to match: 3.0
Sent output token with value 3.0
Called prefire()
Called fire()
Next port to read input from is inputB
Called postfire()
Called prefire()
Called fire()
Checking for deadlock:
There are 1 Blocked actors, 0 Stopped actors, and 4 active threads.
Waiting for actors to stop.
Read input token from inputB with value 4.5
Called postfire()
Called prefire()
Called fire()
Sent output token with value 3.0
Checking for deadlock:
There are 1 Blocked actors, 0 Stopped actors, and 4 active threads.
Waiting for actors to stop.
Next port to read input from is inputA
Called postfire()
Called prefire()
Called fire()
-- Read input: 3.0, which is expected to match: 3.0
Read input token from inputA with value 4.0
Called prefire()
Called fire()
Sent output token with value 4.0
Next port to read input from is inputA
Called postfire()
Called prefire()
Called fire()
-- Read input: 4.0, which is expected to match: 4.0
Called prefire()
Called fire()
Past the end of training data. Read and discard all inputs.
Checking for deadlock:
There are 3 Blocked actors, 0 Stopped actors, and 4 active threads.
Waiting for actors to stop.
Called fire()
Checking for deadlock:
There are 2 Blocked actors, 0 Stopped actors, and 4 active threads.
Waiting for actors to stop.
Called postfire()
Called prefire()
Called fire()
Read input token from inputA with value 5.0
Called prefire()
Called fire()
Past the end of training data. Read and discard all inputs.
Checking for deadlock:
There are 2 Blocked actors, 0 Stopped actors, and 4 active threads.
Waiting for actors to stop.
Called postfire()
Sent output token with value 4.5
Next port to read input from is inputB
Called postfire()
Called prefire()
Called fire()
Checking for deadlock:
There are 1 Blocked actors, 0 Stopped actors, and 4 active threads.
Waiting for actors to stop.
Called postfire()
Called prefire()
Called fire()
Checking for deadlock:
There are 2 Blocked actors, 0 Stopped actors, and 4 active threads.
Waiting for actors to stop.
Called prefire()
Read input token from inputB with value 6.0
Checking for deadlock:
Sent output token with value 5.0
Called fire()
There are 1 Blocked actors, 0 Stopped actors, and 4 active threads.
Waiting for actors to stop.
Next port to read input from is inputA
Called postfire()
Called prefire()
Called fire()
Called prefire()
Called fire()
Past the end of training data. Read and discard all inputs.
Read input token from inputA with value 6.0
Checking for deadlock:
There are 2 Blocked actors, 0 Stopped actors, and 4 active threads.
Waiting for actors to stop.
Called postfire()
Called prefire()
Called fire()
Sent output token with value 6.0
Next port to read input from is inputB
Called postfire()
Called prefire()
Called fire()
Called prefire()
Called fire()
Past the end of training data. Read and discard all inputs.
Read input token from inputB with value 7.5
Checking for deadlock:
There are 2 Blocked actors, 0 Stopped actors, and 4 active threads.
Waiting for actors to stop.
Called postfire()
Sent output token with value 6.0
Called prefire()
Called fire()
Next port to read input from is inputA
Called postfire()
Called prefire()
Checking for deadlock:
Called fire()
There are 2 Blocked actors, 0 Stopped actors, and 4 active threads.
Waiting for actors to stop.
Called prefire()
Called fire()
Past the end of training data. Read and discard all inputs.
Read input token from inputA with value 7.0
Checking for deadlock:
There are 1 Blocked actors, 0 Stopped actors, and 4 active threads.
Sent output token with value 7.0
Waiting for actors to stop.
Next port to read input from is inputA
Called postfire()
Called prefire()
Called fire()
Called prefire()
Called fire()
Past the end of training data. Read and discard all inputs.
Checking for deadlock:
There are 3 Blocked actors, 0 Stopped actors, and 4 active threads.
Waiting for actors to stop.
Checking for deadlock:
Read input token from inputA with value 8.0
There are 2 Blocked actors, 0 Stopped actors, and 4 active threads.
Waiting for actors to stop.
Called postfire()
Sent output token with value 7.5
Checking for deadlock:
There are 1 Blocked actors, 0 Stopped actors, and 4 active threads.
Waiting for actors to stop.
Called prefire()
Called fire()
Next port to read input from is inputB
Called prefire()
Past the end of training data. Read and discard all inputs.
Called postfire()
Called prefire()
Called fire()
Checking for deadlock:
There are 1 Blocked actors, 0 Stopped actors, and 4 active threads.
Waiting for actors to stop.
Read input token from inputB with value 9.0
Called postfire()
Called prefire()
Called fire()
Sent output token with value 8.0
Checking for deadlock:
Next port to read input from is inputA
Called postfire()
Called prefire()
Called fire()
There are 1 Blocked actors, 0 Stopped actors, and 4 active threads.
Called fire()
Waiting for actors to stop.
Called prefire()
Called fire()
Past the end of training data. Read and discard all inputs.
Checking for deadlock:
There are 3 Blocked actors, 0 Stopped actors, and 4 active threads.
Waiting for actors to stop.
Checking for deadlock:
There are 2 Blocked actors, 0 Stopped actors, and 4 active threads.
Waiting for actors to stop.
Read input token from inputA with value 9.0
-- Thread wrapup() called.
Called wrapup()
Checking for deadlock:
There are 1 Blocked actors, 0 Stopped actors, and 4 active threads.
Sent output token with value 9.0
Called prefire()
Called fire()
Past the end of training data. Read and discard all inputs.
Waiting for actors to stop.
Next port to read input from is inputB
Called postfire()
Called prefire()
Called fire()
Checking for deadlock:
There are 2 Blocked actors, 0 Stopped actors, and 4 active threads.
Waiting for actors to stop.
Called postfire()
Called prefire()
Called fire()
Read input token from inputB with value 10.5
Checking for deadlock:
There are 2 Blocked actors, 0 Stopped actors, and 4 active threads.
Waiting for actors to stop.
Sent output token with value 9.0
Next port to read input from is inputA
Called postfire()
Called prefire()
Called fire()
Thread .top.Ramp is exiting.
Called prefire()
Called fire()
Past the end of training data. Read and discard all inputs.
Checking for deadlock:
There are 3 Blocked actors, 0 Stopped actors, and 3 active threads.
Actors have stopped.
Checking for deadlock:
There are 3 Blocked actors, 0 Stopped actors, and 3 active threads.
Deadlock detected.
Resolving Deadlock
Checking for deadlock:
There are 3 Blocked actors, 0 Stopped actors, and 3 active threads.
Artificial Deadlock - increasing queue capacity.
increasing the capacity of receiver ptolemy.actor.TypedIOPort {.top.OrderedMerge.inputB} to 2
Director: Called postfire().
Called postfire().
_stopRequested = false
_stopFireRequested = false
Returning from postfire(): true
Called fire().
Checking for deadlock:
There are 2 Blocked actors, 0 Stopped actors, and 3 active threads.
Waiting for actors to stop.
-- Thread wrapup() called.
Called wrapup()
Thread .top.Ramp2 is exiting.
-- Thread stopped.
Checking for deadlock:
There are 2 Blocked actors, 0 Stopped actors, and 2 active threads.
Actors have stopped.
Checking for deadlock:
There are 2 Blocked actors, 0 Stopped actors, and 2 active threads.
Deadlock detected.
Resolving Deadlock
Checking for deadlock:
There are 2 Blocked actors, 0 Stopped actors, and 2 active threads.
Deadlock detected: no processes blocked on write, but some are blocked on read.
Called postfire().
_stopRequested = false
_stopFireRequested = false
Returning from postfire(): false
Finished deactivating branches.
Called wrapup().
-- Thread stopped.
-- Thread wrapup() called.
Called wrapup()
-- Thread wrapup() called.
Called wrapup()
Thread .top.OrderedMerge is exiting.
-- Thread stopped.
-- Blocked Receiver call threw TerminateProcessException.
Thread .top.Test is exiting.
-- Thread stopped.
-- Blocked Receiver call threw TerminateProcessException.
34 ms. Memory: 120832K Free: 75484K (62%)
/home/travis/build/icyphy/ptII/ptolemy/actor/lib/test/Publisher.tcl
24 ms. Memory: 120832K Free: 104894K (87%)
8 ms. Memory: 120832K Free: 99776K (83%)
6 ms. Memory: 120832K Free: 102089K (84%)
13 ms. Memory: 120832K Free: 101129K (84%)
6 ms. Memory: 120832K Free: 100119K (83%)
9 ms. Memory: 120832K Free: 99609K (82%)
3 ms. Memory: 120832K Free: 98585K (82%)
14 ms. Memory: 120832K Free: 97561K (81%)
23 ms. Memory: 120832K Free: 87831K (73%)
7 ms. Memory: 120832K Free: 83735K (69%)
4 ms. Memory: 120832K Free: 83225K (69%)
5 ms. Memory: 120832K Free: 81177K (67%)
8 ms. Memory: 120832K Free: 73495K (61%)
28 ms. Memory: 120832K Free: 104281K (86%)
7 ms. Memory: 120832K Free: 93017K (77%)
/home/travis/build/icyphy/ptII/ptolemy/actor/lib/test/Pulse.tcl
6 ms. Memory: 149504K Free: 131987K (88%)
11 ms. Memory: 149504K Free: 131477K (88%)
2 ms. Memory: 149504K Free: 130963K (88%)
2 ms. Memory: 149504K Free: 130453K (87%)
9 ms. Memory: 149504K Free: 129939K (87%)
11 ms. Memory: 149504K Free: 128405K (86%)
7 ms. Memory: 149504K Free: 127381K (85%)
5 ms. Memory: 149504K Free: 126861K (85%)
6 ms. Memory: 149504K Free: 126357K (85%)
/home/travis/build/icyphy/ptII/ptolemy/actor/lib/test/Ramp.tcl
9 ms. Memory: 149504K Free: 124309K (83%)
4 ms. Memory: 149504K Free: 123285K (82%)
4 ms. Memory: 149504K Free: 122757K (82%)
3 ms. Memory: 149504K Free: 121733K (81%)
6 ms. Memory: 149504K Free: 121237K (81%)
10 ms. Memory: 149504K Free: 120213K (80%)
7 ms. Memory: 149504K Free: 119189K (80%)
5 actors
11000 microseconds per iteration to create
15 ms. Memory: 149504K Free: 116613K (78%)
2 ms. Memory: 149504K Free: 116117K (78%)
6 ms. Memory: 149504K Free: 115597K (77%)
3 ms. Memory: 149504K Free: 114565K (77%)
50 actors
52000 microseconds per iteration to create
49 ms. Memory: 149504K Free: 99219K (66%)
22 ms. Memory: 149504K Free: 98195K (66%)
19 ms. Memory: 149504K Free: 97171K (65%)
5 ms. Memory: 149504K Free: 96147K (64%)
500 actors
1931000 microseconds per iteration to create
234 ms. Memory: 149504K Free: 57864K (39%)
54 ms. Memory: 149504K Free: 123083K (82%)
37 ms. Memory: 149504K Free: 117963K (79%)
42 ms. Memory: 149504K Free: 112843K (75%)
/home/travis/build/icyphy/ptII/ptolemy/actor/lib/test/RampContinuous.tcl
8 ms. Memory: 149504K Free: 111291K (74%)
/home/travis/build/icyphy/ptII/ptolemy/actor/lib/test/RecordAssembler.tcl
5 ms. Memory: 149504K Free: 109771K (73%)
4 ms. Memory: 149504K Free: 108747K (73%)
/home/travis/build/icyphy/ptII/ptolemy/actor/lib/test/RecordDisassembler.tcl
6 ms. Memory: 149504K Free: 106699K (71%)
3 ms. Memory: 149504K Free: 106171K (71%)
3 ms. Memory: 149504K Free: 105131K (70%)
/home/travis/build/icyphy/ptII/ptolemy/actor/lib/test/Scale.tcl
3 ms. Memory: 149504K Free: 103113K (69%)
2 ms. Memory: 149504K Free: 102089K (68%)
1 ms. Memory: 149504K Free: 101579K (68%)
2 ms. Memory: 149504K Free: 100555K (67%)
2 ms. Memory: 149504K Free: 100035K (67%)
/home/travis/build/icyphy/ptII/ptolemy/actor/lib/test/SequentialClock.tcl
preinitializing
resolving types
initializing
executing number 1
wrapping up
idle
3 ms. Memory: 149504K Free: 98507K (66%)
Completed execution with 5 iterations
preinitializing
resolving types
initializing
executing number 1
wrapping up
idle
1 ms. Memory: 149504K Free: 97979K (66%)
Completed execution with 5 iterations
preinitializing
resolving types
initializing
executing number 1
wrapping up
idle
2 ms. Memory: 149504K Free: 97483K (65%)
Completed execution with 5 iterations
/home/travis/build/icyphy/ptII/ptolemy/actor/lib/test/SetVariable.tcl
4 ms. Memory: 149504K Free: 95435K (64%)


==== $PTII/ptolemy/actor/lib/test/SetVariable.tcl: SetVariable-3.1 changeFailed
==== Contents of test case:

    #Uses 2.1 above
    jdkCaptureErr {
        # This test was failing if we ran Exit.tcl and then this test.
        # MessageHandler.error() now actually throws the Exception.
	catch {$setVariable changeFailed [java::null]  [java::new Exception {Test exception for SetVariable.changeFailed()}]} errMsg
    } results
    list [string range $results 0 89] "\n" $errMsg

==== Result was:
{java.lang.Exception: Test exception for SetVariable.changeFailed()
	at java.base/jdk.inter} {
} {java.lang.RuntimeException: java.lang.Exception: Test exception for SetVariable.changeFailed()}
---- Result should have been:
{Failed to set variable.
java.lang.Exception: Test exception for SetVariable.changeFailed()} {
} {java.lang.RuntimeException: java.lang.Exception: Test exception for SetVariable.changeFailed()}
---- SetVariable-3.1 FAILED
/home/travis/build/icyphy/ptII/ptolemy/actor/lib/test/Sinewave.tcl
/home/travis/build/icyphy/ptII/ptolemy/actor/lib/test/SubscriptionAggregator.tcl
4 ms. Memory: 149504K Free: 83643K (56%)
2 ms. Memory: 149504K Free: 82633K (55%)
0 ms. Memory: 149504K Free: 82633K (55%)
1 ms. Memory: 149504K Free: 82123K (55%)
5 ms. Memory: 149504K Free: 78507K (53%)
10 ms. Memory: 149504K Free: 76489K (51%)
...............................................................1093 ms. Memory: 268288K Free: 129278K (48%)
/home/travis/build/icyphy/ptII/ptolemy/actor/lib/test/Test.tcl
 The next command will produce a warning about training mode,
   which may be ignored.
6 ms. Memory: 268288K Free: 127199K (47%)
3 ms. Memory: 268288K Free: 126175K (47%)
1 ms. Memory: 268288K Free: 125696K (47%)
2 ms. Memory: 268288K Free: 125182K (47%)
1 ms. Memory: 268288K Free: 124672K (46%)
3 ms. Memory: 268288K Free: 123119K (46%)
53 ms. Memory: 268288K Free: 222703K (83%)
 The next command will produce a warning about training mode,
   which may be ignored.
4 ms. Memory: 268288K Free: 220160K (82%)
 The next command will produce a warning about training mode,
   which may be ignored.
3 ms. Memory: 268288K Free: 219136K (82%)
1 ms. Memory: 268288K Free: 218607K (81%)
1 ms. Memory: 268288K Free: 218112K (81%)
1 ms. Memory: 268288K Free: 217583K (81%)
12 ms. Memory: 268288K Free: 216574K (81%)
6 ms. Memory: 268288K Free: 212478K (79%)
/home/travis/build/icyphy/ptII/ptolemy/actor/lib/test/TestExceptionHandler.tcl
 The next command will produce a warning about training mode,
   which may be ignored.
3 ms. Memory: 268288K Free: 211439K (79%)
1 ms. Memory: 268288K Free: 210944K (79%)
1 ms. Memory: 268288K Free: 210415K (78%)
/home/travis/build/icyphy/ptII/ptolemy/actor/lib/test/UnionDisassembler.tcl
29 ms. Memory: 268288K Free: 203262K (76%)
/home/travis/build/icyphy/ptII/ptolemy/actor/lib/test/VariableClock.tcl
preinitializing
resolving types
initializing
executing number 1
wrapping up
idle
3 ms. Memory: 268288K Free: 201199K (75%)
Completed execution with 11 iterations
preinitializing
resolving types
initializing
executing number 1
wrapping up
idle
3 ms. Memory: 268288K Free: 199680K (74%)
Completed execution with 10 iterations
07/18/19 09:25:57
Failed: 1  Total Tests: 234  ((Passed: 233, Newly Passed: 0)  Known Failed: 0) /home/travis/build/icyphy/ptII/ptolemy/actor/lib/test
----------------- testing (KnownFailure) /home/travis/build/icyphy/ptII/ptolemy/actor/lib/test/auto/knownFailedTests/PublisherPortToplevelSubscriber.xml
0 ms. Memory: 268288K Free: 196608K (73%)
Known Failure: java.lang.reflect.InvocationTargetException
----------------- testing (KnownFailure) /home/travis/build/icyphy/ptII/ptolemy/actor/lib/test/auto/knownFailedTests/PublisherSubscriberPortToplevel.xml
0 ms. Memory: 268288K Free: 192512K (72%)
Known Failure: java.lang.reflect.InvocationTargetException
----------------- testing (KnownFailure) /home/travis/build/icyphy/ptII/ptolemy/actor/lib/test/auto/knownFailedTests/PublisherSubscriptionAggregatorPort.xml
0 ms. Memory: 268288K Free: 187902K (70%)
Known Failure: java.lang.reflect.InvocationTargetException
----------------- testing (KnownFailure) /home/travis/build/icyphy/ptII/ptolemy/actor/lib/test/auto/knownFailedTests/sizedarray3.xml
4 ms. Memory: 268288K Free: 183806K (69%)
Known Failure: java.lang.reflect.InvocationTargetException
No auto/linux-amd64/*.xml tests in /home/travis/build/icyphy/ptII/ptolemy/actor/lib/test
AutoTests.java: About to close Vertx.
AutoTests.java: Vertx closed.

===========================================================================================
----------------- testing Thu Jul 18 21:25:58 UTC 2019 /home/travis/build/icyphy/ptII/ptolemy/actor/lib/test/auto/AbsoluteValue.xml
----------------- Instantiating /home/travis/build/icyphy/ptII/ptolemy/actor/lib/test/auto/AbsoluteValue.xml
5 ms. Memory: 268288K Free: 161278K (60%)
----------------- Invoking toplevel() on ptolemy.moml.MoMLSimpleApplication@13293ce3
----------------- Done invoking toplevel() on ptolemy.moml.MoMLSimpleApplication@13293ce3
reloadAllAccessors: .AbsoluteValue

===========================================================================================
----------------- testing Thu Jul 18 21:25:58 UTC 2019 /home/travis/build/icyphy/ptII/ptolemy/actor/lib/test/auto/AbsoluteValue2.xml
----------------- Instantiating /home/travis/build/icyphy/ptII/ptolemy/actor/lib/test/auto/AbsoluteValue2.xml
5 ms. Memory: 268288K Free: 154624K (58%)
----------------- Invoking toplevel() on ptolemy.moml.MoMLSimpleApplication@4dc4e154
----------------- Done invoking toplevel() on ptolemy.moml.MoMLSimpleApplication@4dc4e154
reloadAllAccessors: .AbsoluteValue2

===========================================================================================
----------------- testing Thu Jul 18 21:25:58 UTC 2019 /home/travis/build/icyphy/ptII/ptolemy/actor/lib/test/auto/Accumulator.xml
----------------- Instantiating /home/travis/build/icyphy/ptII/ptolemy/actor/lib/test/auto/Accumulator.xml
6 ms. Memory: 268288K Free: 147966K (55%)
----------------- Invoking toplevel() on ptolemy.moml.MoMLSimpleApplication@296fc167
----------------- Done invoking toplevel() on ptolemy.moml.MoMLSimpleApplication@296fc167
reloadAllAccessors: .Accumulator

===========================================================================================
----------------- testing Thu Jul 18 21:25:58 UTC 2019 /home/travis/build/icyphy/ptII/ptolemy/actor/lib/test/auto/Accumulator2.xml
----------------- Instantiating /home/travis/build/icyphy/ptII/ptolemy/actor/lib/test/auto/Accumulator2.xml
4 ms. Memory: 268288K Free: 142846K (53%)
----------------- Invoking toplevel() on ptolemy.moml.MoMLSimpleApplication@6e30e435
----------------- Done invoking toplevel() on ptolemy.moml.MoMLSimpleApplication@6e30e435
reloadAllAccessors: .Accumulator2

===========================================================================================
----------------- testing Thu Jul 18 21:25:58 UTC 2019 /home/travis/build/icyphy/ptII/ptolemy/actor/lib/test/auto/Accumulator3.xml
----------------- Instantiating /home/travis/build/icyphy/ptII/ptolemy/actor/lib/test/auto/Accumulator3.xml
3 ms. Memory: 268288K Free: 138240K (52%)
----------------- Invoking toplevel() on ptolemy.moml.MoMLSimpleApplication@ff08141
----------------- Done invoking toplevel() on ptolemy.moml.MoMLSimpleApplication@ff08141
reloadAllAccessors: .Accumulator3

===========================================================================================
----------------- testing Thu Jul 18 21:25:58 UTC 2019 /home/travis/build/icyphy/ptII/ptolemy/actor/lib/test/auto/ArrayAppend.xml
----------------- Instantiating /home/travis/build/icyphy/ptII/ptolemy/actor/lib/test/auto/ArrayAppend.xml
5 ms. Memory: 268288K Free: 132575K (49%)
----------------- Invoking toplevel() on ptolemy.moml.MoMLSimpleApplication@1e86588
----------------- Done invoking toplevel() on ptolemy.moml.MoMLSimpleApplication@1e86588
reloadAllAccessors: .ArrayAppend

===========================================================================================
----------------- testing Thu Jul 18 21:25:58 UTC 2019 /home/travis/build/icyphy/ptII/ptolemy/actor/lib/test/auto/ArrayAppend2.xml
----------------- Instantiating /home/travis/build/icyphy/ptII/ptolemy/actor/lib/test/auto/ArrayAppend2.xml
396 ms. Memory: 268288K Free: 183808K (69%)
----------------- Invoking toplevel() on ptolemy.moml.MoMLSimpleApplication@3e589cc8
----------------- Done invoking toplevel() on ptolemy.moml.MoMLSimpleApplication@3e589cc8
reloadAllAccessors: .ArrayAppend2

===========================================================================================
----------------- testing Thu Jul 18 21:25:59 UTC 2019 /home/travis/build/icyphy/ptII/ptolemy/actor/lib/test/auto/ArrayAppend3.xml
----------------- Instantiating /home/travis/build/icyphy/ptII/ptolemy/actor/lib/test/auto/ArrayAppend3.xml
4 ms. Memory: 268288K Free: 177664K (66%)
----------------- Invoking toplevel() on ptolemy.moml.MoMLSimpleApplication@323bdd41
----------------- Done invoking toplevel() on ptolemy.moml.MoMLSimpleApplication@323bdd41
reloadAllAccessors: .ArrayAppend3

===========================================================================================
----------------- testing Thu Jul 18 21:25:59 UTC 2019 /home/travis/build/icyphy/ptII/ptolemy/actor/lib/test/auto/ArrayAppend4.xml
----------------- Instantiating /home/travis/build/icyphy/ptII/ptolemy/actor/lib/test/auto/ArrayAppend4.xml
2 ms. Memory: 268288K Free: 173054K (65%)
----------------- Invoking toplevel() on ptolemy.moml.MoMLSimpleApplication@105bc15f
----------------- Done invoking toplevel() on ptolemy.moml.MoMLSimpleApplication@105bc15f
reloadAllAccessors: .ArrayAppend4

===========================================================================================
----------------- testing Thu Jul 18 21:25:59 UTC 2019 /home/travis/build/icyphy/ptII/ptolemy/actor/lib/test/auto/ArrayAppend5.xml
----------------- Instantiating /home/travis/build/icyphy/ptII/ptolemy/actor/lib/test/auto/ArrayAppend5.xml
5 ms. Memory: 268288K Free: 167424K (62%)
----------------- Invoking toplevel() on ptolemy.moml.MoMLSimpleApplication@22e26ad0
----------------- Done invoking toplevel() on ptolemy.moml.MoMLSimpleApplication@22e26ad0
reloadAllAccessors: .ArrayAppend5

===========================================================================================
----------------- testing Thu Jul 18 21:25:59 UTC 2019 /home/travis/build/icyphy/ptII/ptolemy/actor/lib/test/auto/ArrayAppend6.xml
----------------- Instantiating /home/travis/build/icyphy/ptII/ptolemy/actor/lib/test/auto/ArrayAppend6.xml
4 ms. Memory: 268288K Free: 161790K (60%)
----------------- Invoking toplevel() on ptolemy.moml.MoMLSimpleApplication@1b39427f
----------------- Done invoking toplevel() on ptolemy.moml.MoMLSimpleApplication@1b39427f
reloadAllAccessors: .ArrayAppend6

===========================================================================================
----------------- testing Thu Jul 18 21:25:59 UTC 2019 /home/travis/build/icyphy/ptII/ptolemy/actor/lib/test/auto/ArrayAppendPerformanceTest.xml
----------------- Instantiating /home/travis/build/icyphy/ptII/ptolemy/actor/lib/test/auto/ArrayAppendPerformanceTest.xml
48 ms. Memory: 268288K Free: 151550K (56%)
----------------- Invoking toplevel() on ptolemy.moml.MoMLSimpleApplication@66c86938
----------------- Done invoking toplevel() on ptolemy.moml.MoMLSimpleApplication@66c86938
reloadAllAccessors: .ArrayAppendPerformanceTest

===========================================================================================
----------------- testing Thu Jul 18 21:25:59 UTC 2019 /home/travis/build/icyphy/ptII/ptolemy/actor/lib/test/auto/ArrayAppendWithEmptyInput.xml
----------------- Instantiating /home/travis/build/icyphy/ptII/ptolemy/actor/lib/test/auto/ArrayAppendWithEmptyInput.xml
10 ms. Memory: 268288K Free: 143358K (53%)
----------------- Invoking toplevel() on ptolemy.moml.MoMLSimpleApplication@236bbc72
----------------- Done invoking toplevel() on ptolemy.moml.MoMLSimpleApplication@236bbc72
reloadAllAccessors: .ArrayAppendWithEmptyInput

===========================================================================================
----------------- testing Thu Jul 18 21:25:59 UTC 2019 /home/travis/build/icyphy/ptII/ptolemy/actor/lib/test/auto/ArrayAverage.xml
----------------- Instantiating /home/travis/build/icyphy/ptII/ptolemy/actor/lib/test/auto/ArrayAverage.xml
10 ms. Memory: 268288K Free: 135680K (51%)
----------------- Invoking toplevel() on ptolemy.moml.MoMLSimpleApplication@66c2e553
----------------- Done invoking toplevel() on ptolemy.moml.MoMLSimpleApplication@66c2e553
reloadAllAccessors: .ArrayAverage

===========================================================================================
----------------- testing Thu Jul 18 21:25:59 UTC 2019 /home/travis/build/icyphy/ptII/ptolemy/actor/lib/test/auto/ArrayContains.xml
----------------- Instantiating /home/travis/build/icyphy/ptII/ptolemy/actor/lib/test/auto/ArrayContains.xml
6 ms. Memory: 268288K Free: 129536K (48%)
----------------- Invoking toplevel() on ptolemy.moml.MoMLSimpleApplication@dca38b3
----------------- Done invoking toplevel() on ptolemy.moml.MoMLSimpleApplication@dca38b3
reloadAllAccessors: .ArrayContains

===========================================================================================
----------------- testing Thu Jul 18 21:25:59 UTC 2019 /home/travis/build/icyphy/ptII/ptolemy/actor/lib/test/auto/ArrayElement.xml
----------------- Instantiating /home/travis/build/icyphy/ptII/ptolemy/actor/lib/test/auto/ArrayElement.xml
5 ms. Memory: 268288K Free: 123902K (46%)
----------------- Invoking toplevel() on ptolemy.moml.MoMLSimpleApplication@420812e4
----------------- Done invoking toplevel() on ptolemy.moml.MoMLSimpleApplication@420812e4
reloadAllAccessors: .ArrayElement

===========================================================================================
----------------- testing Thu Jul 18 21:25:59 UTC 2019 /home/travis/build/icyphy/ptII/ptolemy/actor/lib/test/auto/ArrayElementAsMatrix.xml
----------------- Instantiating /home/travis/build/icyphy/ptII/ptolemy/actor/lib/test/auto/ArrayElementAsMatrix.xml
26 ms. Memory: 268288K Free: 114176K (43%)
----------------- Invoking toplevel() on ptolemy.moml.MoMLSimpleApplication@4ac92db
----------------- Done invoking toplevel() on ptolemy.moml.MoMLSimpleApplication@4ac92db
reloadAllAccessors: .ArrayElementAsMatrix

===========================================================================================
----------------- testing Thu Jul 18 21:25:59 UTC 2019 /home/travis/build/icyphy/ptII/ptolemy/actor/lib/test/auto/ArrayElementI.xml
----------------- Instantiating /home/travis/build/icyphy/ptII/ptolemy/actor/lib/test/auto/ArrayElementI.xml
3 ms. Memory: 268288K Free: 108542K (40%)
----------------- Invoking toplevel() on ptolemy.moml.MoMLSimpleApplication@1509cf49
----------------- Done invoking toplevel() on ptolemy.moml.MoMLSimpleApplication@1509cf49
reloadAllAccessors: .ArrayElementI

===========================================================================================
----------------- testing Thu Jul 18 21:25:59 UTC 2019 /home/travis/build/icyphy/ptII/ptolemy/actor/lib/test/auto/ArrayExtract.xml
----------------- Instantiating /home/travis/build/icyphy/ptII/ptolemy/actor/lib/test/auto/ArrayExtract.xml
5 ms. Memory: 268288K Free: 100350K (37%)
----------------- Invoking toplevel() on ptolemy.moml.MoMLSimpleApplication@46cbb1d9
----------------- Done invoking toplevel() on ptolemy.moml.MoMLSimpleApplication@46cbb1d9
reloadAllAccessors: .ArrayExtract

===========================================================================================
----------------- testing Thu Jul 18 21:25:59 UTC 2019 /home/travis/build/icyphy/ptII/ptolemy/actor/lib/test/auto/ArrayExtract2.xml
----------------- Instantiating /home/travis/build/icyphy/ptII/ptolemy/actor/lib/test/auto/ArrayExtract2.xml
2 ms. Memory: 268288K Free: 94720K (35%)
----------------- Invoking toplevel() on ptolemy.moml.MoMLSimpleApplication@42cb325d
----------------- Done invoking toplevel() on ptolemy.moml.MoMLSimpleApplication@42cb325d
reloadAllAccessors: .ArrayExtract2

===========================================================================================
----------------- testing Thu Jul 18 21:25:59 UTC 2019 /home/travis/build/icyphy/ptII/ptolemy/actor/lib/test/auto/ArrayLength.xml
----------------- Instantiating /home/travis/build/icyphy/ptII/ptolemy/actor/lib/test/auto/ArrayLength.xml
2 ms. Memory: 268288K Free: 91134K (34%)
----------------- Invoking toplevel() on ptolemy.moml.MoMLSimpleApplication@5c6683ef
----------------- Done invoking toplevel() on ptolemy.moml.MoMLSimpleApplication@5c6683ef
reloadAllAccessors: .ArrayLength

===========================================================================================
----------------- testing Thu Jul 18 21:25:59 UTC 2019 /home/travis/build/icyphy/ptII/ptolemy/actor/lib/test/auto/ArrayLevelCrossing.xml
----------------- Instantiating /home/travis/build/icyphy/ptII/ptolemy/actor/lib/test/auto/ArrayLevelCrossing.xml
4 ms. Memory: 268288K Free: 82942K (31%)
----------------- Invoking toplevel() on ptolemy.moml.MoMLSimpleApplication@16af9778
----------------- Done invoking toplevel() on ptolemy.moml.MoMLSimpleApplication@16af9778
reloadAllAccessors: .ArrayLevelCrossing

===========================================================================================
----------------- testing Thu Jul 18 21:25:59 UTC 2019 /home/travis/build/icyphy/ptII/ptolemy/actor/lib/test/auto/ArrayLevelCrossing2.xml
----------------- Instantiating /home/travis/build/icyphy/ptII/ptolemy/actor/lib/test/auto/ArrayLevelCrossing2.xml
3 ms. Memory: 268288K Free: 217654K (81%)
----------------- Invoking toplevel() on ptolemy.moml.MoMLSimpleApplication@5d5fea0d
----------------- Done invoking toplevel() on ptolemy.moml.MoMLSimpleApplication@5d5fea0d
reloadAllAccessors: .ArrayLevelCrossing2

===========================================================================================
----------------- testing Thu Jul 18 21:26:00 UTC 2019 /home/travis/build/icyphy/ptII/ptolemy/actor/lib/test/auto/ArrayPeakSearch.xml
----------------- Instantiating /home/travis/build/icyphy/ptII/ptolemy/actor/lib/test/auto/ArrayPeakSearch.xml
5 ms. Memory: 268288K Free: 208438K (78%)
----------------- Invoking toplevel() on ptolemy.moml.MoMLSimpleApplication@6138b82e
----------------- Done invoking toplevel() on ptolemy.moml.MoMLSimpleApplication@6138b82e
reloadAllAccessors: .ArrayPeakSearch

===========================================================================================
----------------- testing Thu Jul 18 21:26:00 UTC 2019 /home/travis/build/icyphy/ptII/ptolemy/actor/lib/test/auto/ArrayPeakSearch2.xml
----------------- Instantiating /home/travis/build/icyphy/ptII/ptolemy/actor/lib/test/auto/ArrayPeakSearch2.xml
5 ms. Memory: 268288K Free: 198198K (74%)
----------------- Invoking toplevel() on ptolemy.moml.MoMLSimpleApplication@1ce9415e
----------------- Done invoking toplevel() on ptolemy.moml.MoMLSimpleApplication@1ce9415e
reloadAllAccessors: .ArrayPeakSearch2

===========================================================================================
----------------- testing Thu Jul 18 21:26:00 UTC 2019 /home/travis/build/icyphy/ptII/ptolemy/actor/lib/test/auto/ArrayPeakSearch3.xml
----------------- Instantiating /home/travis/build/icyphy/ptII/ptolemy/actor/lib/test/auto/ArrayPeakSearch3.xml
4 ms. Memory: 268288K Free: 188982K (70%)
----------------- Invoking toplevel() on ptolemy.moml.MoMLSimpleApplication@1322a608
----------------- Done invoking toplevel() on ptolemy.moml.MoMLSimpleApplication@1322a608
reloadAllAccessors: .ArrayPeakSearch3

===========================================================================================
----------------- testing Thu Jul 18 21:26:00 UTC 2019 /home/travis/build/icyphy/ptII/ptolemy/actor/lib/test/auto/ArrayRemoveElement.xml
----------------- Instantiating /home/travis/build/icyphy/ptII/ptolemy/actor/lib/test/auto/ArrayRemoveElement.xml
4 ms. Memory: 268288K Free: 181300K (68%)
----------------- Invoking toplevel() on ptolemy.moml.MoMLSimpleApplication@7feebd66
----------------- Done invoking toplevel() on ptolemy.moml.MoMLSimpleApplication@7feebd66
reloadAllAccessors: .ArrayRemoveElement

===========================================================================================
----------------- testing Thu Jul 18 21:26:00 UTC 2019 /home/travis/build/icyphy/ptII/ptolemy/actor/lib/test/auto/ArraySort.xml
----------------- Instantiating /home/travis/build/icyphy/ptII/ptolemy/actor/lib/test/auto/ArraySort.xml
7 ms. Memory: 268288K Free: 172084K (64%)
----------------- Invoking toplevel() on ptolemy.moml.MoMLSimpleApplication@771a8619
----------------- Done invoking toplevel() on ptolemy.moml.MoMLSimpleApplication@771a8619
reloadAllAccessors: .ArraySort

===========================================================================================
----------------- testing Thu Jul 18 21:26:00 UTC 2019 /home/travis/build/icyphy/ptII/ptolemy/actor/lib/test/auto/ArraySum.xml
----------------- Instantiating /home/travis/build/icyphy/ptII/ptolemy/actor/lib/test/auto/ArraySum.xml
4 ms. Memory: 268288K Free: 166964K (62%)
----------------- Invoking toplevel() on ptolemy.moml.MoMLSimpleApplication@6835015e
----------------- Done invoking toplevel() on ptolemy.moml.MoMLSimpleApplication@6835015e
reloadAllAccessors: .ArraySum

===========================================================================================
----------------- testing Thu Jul 18 21:26:00 UTC 2019 /home/travis/build/icyphy/ptII/ptolemy/actor/lib/test/auto/ArrayToElements.xml
----------------- Instantiating /home/travis/build/icyphy/ptII/ptolemy/actor/lib/test/auto/ArrayToElements.xml
8 ms. Memory: 268288K Free: 161334K (60%)
----------------- Invoking toplevel() on ptolemy.moml.MoMLSimpleApplication@33510da2
----------------- Done invoking toplevel() on ptolemy.moml.MoMLSimpleApplication@33510da2
reloadAllAccessors: .ArrayToElements

===========================================================================================
----------------- testing Thu Jul 18 21:26:00 UTC 2019 /home/travis/build/icyphy/ptII/ptolemy/actor/lib/test/auto/ArrayToMatrix.xml
----------------- Instantiating /home/travis/build/icyphy/ptII/ptolemy/actor/lib/test/auto/ArrayToMatrix.xml
8 ms. Memory: 268288K Free: 147508K (55%)
----------------- Invoking toplevel() on ptolemy.moml.MoMLSimpleApplication@3d518c6
----------------- Done invoking toplevel() on ptolemy.moml.MoMLSimpleApplication@3d518c6
reloadAllAccessors: .ArrayToMatrix

===========================================================================================
----------------- testing Thu Jul 18 21:26:00 UTC 2019 /home/travis/build/icyphy/ptII/ptolemy/actor/lib/test/auto/ArrayUpdate1.xml
----------------- Instantiating /home/travis/build/icyphy/ptII/ptolemy/actor/lib/test/auto/ArrayUpdate1.xml
5 ms. Memory: 268288K Free: 142388K (53%)
----------------- Invoking toplevel() on ptolemy.moml.MoMLSimpleApplication@4e230b16
----------------- Done invoking toplevel() on ptolemy.moml.MoMLSimpleApplication@4e230b16
reloadAllAccessors: .ArrayUpdate1

===========================================================================================
----------------- testing Thu Jul 18 21:26:00 UTC 2019 /home/travis/build/icyphy/ptII/ptolemy/actor/lib/test/auto/ArrayUpdate2.xml
----------------- Instantiating /home/travis/build/icyphy/ptII/ptolemy/actor/lib/test/auto/ArrayUpdate2.xml
8 ms. Memory: 268288K Free: 136244K (51%)
----------------- Invoking toplevel() on ptolemy.moml.MoMLSimpleApplication@78e747e3
----------------- Done invoking toplevel() on ptolemy.moml.MoMLSimpleApplication@78e747e3
reloadAllAccessors: .ArrayUpdate2

===========================================================================================
----------------- testing Thu Jul 18 21:26:00 UTC 2019 /home/travis/build/icyphy/ptII/ptolemy/actor/lib/test/auto/ArrayUpdate3.xml
----------------- Instantiating /home/travis/build/icyphy/ptII/ptolemy/actor/lib/test/auto/ArrayUpdate3.xml
5 ms. Memory: 268288K Free: 131124K (49%)
----------------- Invoking toplevel() on ptolemy.moml.MoMLSimpleApplication@60cbe90a
----------------- Done invoking toplevel() on ptolemy.moml.MoMLSimpleApplication@60cbe90a
reloadAllAccessors: .ArrayUpdate3

===========================================================================================
----------------- testing Thu Jul 18 21:26:00 UTC 2019 /home/travis/build/icyphy/ptII/ptolemy/actor/lib/test/auto/Assert1.xml
----------------- Instantiating /home/travis/build/icyphy/ptII/ptolemy/actor/lib/test/auto/Assert1.xml
7 ms. Memory: 268288K Free: 127028K (47%)
----------------- Invoking toplevel() on ptolemy.moml.MoMLSimpleApplication@349552ef
----------------- Done invoking toplevel() on ptolemy.moml.MoMLSimpleApplication@349552ef
reloadAllAccessors: .Assert1

===========================================================================================
----------------- testing Thu Jul 18 21:26:00 UTC 2019 /home/travis/build/icyphy/ptII/ptolemy/actor/lib/test/auto/Assert2.xml
----------------- Instantiating /home/travis/build/icyphy/ptII/ptolemy/actor/lib/test/auto/Assert2.xml
2 ms. Memory: 268288K Free: 121908K (45%)
----------------- Invoking toplevel() on ptolemy.moml.MoMLSimpleApplication@1791baf2
----------------- Done invoking toplevel() on ptolemy.moml.MoMLSimpleApplication@1791baf2
reloadAllAccessors: .Assert2

===========================================================================================
----------------- testing Thu Jul 18 21:26:00 UTC 2019 /home/travis/build/icyphy/ptII/ptolemy/actor/lib/test/auto/BooleanMultiplexor.xml
----------------- Instantiating /home/travis/build/icyphy/ptII/ptolemy/actor/lib/test/auto/BooleanMultiplexor.xml
3 ms. Memory: 268288K Free: 116774K (44%)
----------------- Invoking toplevel() on ptolemy.moml.MoMLSimpleApplication@1fd2ae1
----------------- Done invoking toplevel() on ptolemy.moml.MoMLSimpleApplication@1fd2ae1
reloadAllAccessors: .BooleanMultiplexor

===========================================================================================
----------------- testing Thu Jul 18 21:26:00 UTC 2019 /home/travis/build/icyphy/ptII/ptolemy/actor/lib/test/auto/BooleanMultiplexor2.xml
----------------- Instantiating /home/travis/build/icyphy/ptII/ptolemy/actor/lib/test/auto/BooleanMultiplexor2.xml
11 ms. Memory: 268288K Free: 110134K (41%)
----------------- Invoking toplevel() on ptolemy.moml.MoMLSimpleApplication@271ba4a6
----------------- Done invoking toplevel() on ptolemy.moml.MoMLSimpleApplication@271ba4a6
reloadAllAccessors: .BooleanMultiplexor2

===========================================================================================
----------------- testing Thu Jul 18 21:26:00 UTC 2019 /home/travis/build/icyphy/ptII/ptolemy/actor/lib/test/auto/BooleanMultiplexor3.xml
----------------- Instantiating /home/travis/build/icyphy/ptII/ptolemy/actor/lib/test/auto/BooleanMultiplexor3.xml
8 ms. Memory: 268288K Free: 106038K (40%)
----------------- Invoking toplevel() on ptolemy.moml.MoMLSimpleApplication@f467e33
----------------- Done invoking toplevel() on ptolemy.moml.MoMLSimpleApplication@f467e33
reloadAllAccessors: .BooleanMultiplexor3

===========================================================================================
----------------- testing Thu Jul 18 21:26:00 UTC 2019 /home/travis/build/icyphy/ptII/ptolemy/actor/lib/test/auto/BooleanSelect.xml
----------------- Instantiating /home/travis/build/icyphy/ptII/ptolemy/actor/lib/test/auto/BooleanSelect.xml
5 ms. Memory: 268288K Free: 99894K (37%)
----------------- Invoking toplevel() on ptolemy.moml.MoMLSimpleApplication@3b36927a
----------------- Done invoking toplevel() on ptolemy.moml.MoMLSimpleApplication@3b36927a
reloadAllAccessors: .BooleanSelect

===========================================================================================
----------------- testing Thu Jul 18 21:26:00 UTC 2019 /home/travis/build/icyphy/ptII/ptolemy/actor/lib/test/auto/BooleanSelect2.xml
----------------- Instantiating /home/travis/build/icyphy/ptII/ptolemy/actor/lib/test/auto/BooleanSelect2.xml
1 ms. Memory: 268288K Free: 95798K (36%)
----------------- Invoking toplevel() on ptolemy.moml.MoMLSimpleApplication@43f7624b
----------------- Done invoking toplevel() on ptolemy.moml.MoMLSimpleApplication@43f7624b
reloadAllAccessors: .BooleanSelect2

===========================================================================================
----------------- testing Thu Jul 18 21:26:00 UTC 2019 /home/travis/build/icyphy/ptII/ptolemy/actor/lib/test/auto/BooleanSwitch.xml
----------------- Instantiating /home/travis/build/icyphy/ptII/ptolemy/actor/lib/test/auto/BooleanSwitch.xml
17 ms. Memory: 268288K Free: 89136K (33%)
----------------- Invoking toplevel() on ptolemy.moml.MoMLSimpleApplication@65716bb
----------------- Done invoking toplevel() on ptolemy.moml.MoMLSimpleApplication@65716bb
reloadAllAccessors: .BooleanSwitch

===========================================================================================
----------------- testing Thu Jul 18 21:26:00 UTC 2019 /home/travis/build/icyphy/ptII/ptolemy/actor/lib/test/auto/BooleanSwitch2.xml
----------------- Instantiating /home/travis/build/icyphy/ptII/ptolemy/actor/lib/test/auto/BooleanSwitch2.xml
3 ms. Memory: 268288K Free: 85044K (32%)
----------------- Invoking toplevel() on ptolemy.moml.MoMLSimpleApplication@62e78e71
----------------- Done invoking toplevel() on ptolemy.moml.MoMLSimpleApplication@62e78e71
reloadAllAccessors: .BooleanSwitch2

===========================================================================================
----------------- testing Thu Jul 18 21:26:00 UTC 2019 /home/travis/build/icyphy/ptII/ptolemy/actor/lib/test/auto/BooleanSwitchCloningBugWithClassRelationGroup.xml
----------------- Instantiating /home/travis/build/icyphy/ptII/ptolemy/actor/lib/test/auto/BooleanSwitchCloningBugWithClassRelationGroup.xml
3 ms. Memory: 268288K Free: 78390K (29%)
----------------- Invoking toplevel() on ptolemy.moml.MoMLSimpleApplication@223ee7eb
----------------- Done invoking toplevel() on ptolemy.moml.MoMLSimpleApplication@223ee7eb
reloadAllAccessors: .BooleanSwitchCloningBugWithClassRelationGroup

===========================================================================================
----------------- testing Thu Jul 18 21:26:00 UTC 2019 /home/travis/build/icyphy/ptII/ptolemy/actor/lib/test/auto/BusActors.xml
----------------- Instantiating /home/travis/build/icyphy/ptII/ptolemy/actor/lib/test/auto/BusActors.xml
12 ms. Memory: 268288K Free: 70708K (26%)
----------------- Invoking toplevel() on ptolemy.moml.MoMLSimpleApplication@a8f2dfe
----------------- Done invoking toplevel() on ptolemy.moml.MoMLSimpleApplication@a8f2dfe
reloadAllAccessors: .BusActors

===========================================================================================
----------------- testing Thu Jul 18 21:26:00 UTC 2019 /home/travis/build/icyphy/ptII/ptolemy/actor/lib/test/auto/ClassWrapper.xml
----------------- Instantiating /home/travis/build/icyphy/ptII/ptolemy/actor/lib/test/auto/ClassWrapper.xml
4 ms. Memory: 268288K Free: 66102K (25%)
----------------- Invoking toplevel() on ptolemy.moml.MoMLSimpleApplication@475737b9
----------------- Done invoking toplevel() on ptolemy.moml.MoMLSimpleApplication@475737b9
reloadAllAccessors: .ClassWrapper

===========================================================================================
----------------- testing Thu Jul 18 21:26:00 UTC 2019 /home/travis/build/icyphy/ptII/ptolemy/actor/lib/test/auto/Clock.xml
----------------- Instantiating /home/travis/build/icyphy/ptII/ptolemy/actor/lib/test/auto/Clock.xml
4 ms. Memory: 446464K Free: 398091K (89%)
----------------- Invoking toplevel() on ptolemy.moml.MoMLSimpleApplication@42dc36b2
----------------- Done invoking toplevel() on ptolemy.moml.MoMLSimpleApplication@42dc36b2
reloadAllAccessors: .Clock

===========================================================================================
----------------- testing Thu Jul 18 21:26:00 UTC 2019 /home/travis/build/icyphy/ptII/ptolemy/actor/lib/test/auto/Clock10.xml
----------------- Instantiating /home/travis/build/icyphy/ptII/ptolemy/actor/lib/test/auto/Clock10.xml
6 ms. Memory: 446464K Free: 391918K (88%)
----------------- Invoking toplevel() on ptolemy.moml.MoMLSimpleApplication@380972c7
----------------- Done invoking toplevel() on ptolemy.moml.MoMLSimpleApplication@380972c7
reloadAllAccessors: .Clock10

===========================================================================================
----------------- testing Thu Jul 18 21:26:00 UTC 2019 /home/travis/build/icyphy/ptII/ptolemy/actor/lib/test/auto/Clock11.xml
----------------- Instantiating /home/travis/build/icyphy/ptII/ptolemy/actor/lib/test/auto/Clock11.xml
10 ms. Memory: 446464K Free: 385774K (86%)
----------------- Invoking toplevel() on ptolemy.moml.MoMLSimpleApplication@206d4d3f
----------------- Done invoking toplevel() on ptolemy.moml.MoMLSimpleApplication@206d4d3f
reloadAllAccessors: .Clock11

===========================================================================================
----------------- testing Thu Jul 18 21:26:00 UTC 2019 /home/travis/build/icyphy/ptII/ptolemy/actor/lib/test/auto/Clock12.xml
----------------- Instantiating /home/travis/build/icyphy/ptII/ptolemy/actor/lib/test/auto/Clock12.xml
6 ms. Memory: 446464K Free: 380140K (85%)
----------------- Invoking toplevel() on ptolemy.moml.MoMLSimpleApplication@4c7fad9f
----------------- Done invoking toplevel() on ptolemy.moml.MoMLSimpleApplication@4c7fad9f
reloadAllAccessors: .Clock12

===========================================================================================
----------------- testing Thu Jul 18 21:26:00 UTC 2019 /home/travis/build/icyphy/ptII/ptolemy/actor/lib/test/auto/Clock13.xml
----------------- Instantiating /home/travis/build/icyphy/ptII/ptolemy/actor/lib/test/auto/Clock13.xml
8 ms. Memory: 446464K Free: 373966K (84%)
----------------- Invoking toplevel() on ptolemy.moml.MoMLSimpleApplication@36cf3343
----------------- Done invoking toplevel() on ptolemy.moml.MoMLSimpleApplication@36cf3343
reloadAllAccessors: .Clock13

===========================================================================================
----------------- testing Thu Jul 18 21:26:00 UTC 2019 /home/travis/build/icyphy/ptII/ptolemy/actor/lib/test/auto/Clock14.xml
----------------- Instantiating /home/travis/build/icyphy/ptII/ptolemy/actor/lib/test/auto/Clock14.xml
7 ms. Memory: 446464K Free: 368366K (83%)
----------------- Invoking toplevel() on ptolemy.moml.MoMLSimpleApplication@6c24729
----------------- Done invoking toplevel() on ptolemy.moml.MoMLSimpleApplication@6c24729
reloadAllAccessors: .Clock14

===========================================================================================
----------------- testing Thu Jul 18 21:26:01 UTC 2019 /home/travis/build/icyphy/ptII/ptolemy/actor/lib/test/auto/Clock15.xml
----------------- Instantiating /home/travis/build/icyphy/ptII/ptolemy/actor/lib/test/auto/Clock15.xml
7 ms. Memory: 446464K Free: 362222K (81%)
----------------- Invoking toplevel() on ptolemy.moml.MoMLSimpleApplication@53efd7f1
----------------- Done invoking toplevel() on ptolemy.moml.MoMLSimpleApplication@53efd7f1
reloadAllAccessors: .Clock15

===========================================================================================
----------------- testing Thu Jul 18 21:26:01 UTC 2019 /home/travis/build/icyphy/ptII/ptolemy/actor/lib/test/auto/Clock16.xml
----------------- Instantiating /home/travis/build/icyphy/ptII/ptolemy/actor/lib/test/auto/Clock16.xml
43 ms. Memory: 446464K Free: 347358K (78%)
----------------- Invoking toplevel() on ptolemy.moml.MoMLSimpleApplication@34acf017
----------------- Done invoking toplevel() on ptolemy.moml.MoMLSimpleApplication@34acf017
reloadAllAccessors: .Clock16

===========================================================================================
----------------- testing Thu Jul 18 21:26:01 UTC 2019 /home/travis/build/icyphy/ptII/ptolemy/actor/lib/test/auto/Clock17.xml
----------------- Instantiating /home/travis/build/icyphy/ptII/ptolemy/actor/lib/test/auto/Clock17.xml
34 ms. Memory: 446464K Free: 333036K (75%)
----------------- Invoking toplevel() on ptolemy.moml.MoMLSimpleApplication@dcec0a0
----------------- Done invoking toplevel() on ptolemy.moml.MoMLSimpleApplication@dcec0a0
reloadAllAccessors: .Clock17

===========================================================================================
----------------- testing Thu Jul 18 21:26:01 UTC 2019 /home/travis/build/icyphy/ptII/ptolemy/actor/lib/test/auto/Clock18.xml
----------------- Instantiating /home/travis/build/icyphy/ptII/ptolemy/actor/lib/test/auto/Clock18.xml
29 ms. Memory: 446464K Free: 319710K (72%)
----------------- Invoking toplevel() on ptolemy.moml.MoMLSimpleApplication@61c814
----------------- Done invoking toplevel() on ptolemy.moml.MoMLSimpleApplication@61c814
reloadAllAccessors: .Clock18

===========================================================================================
----------------- testing Thu Jul 18 21:26:01 UTC 2019 /home/travis/build/icyphy/ptII/ptolemy/actor/lib/test/auto/Clock19.xml
----------------- Instantiating /home/travis/build/icyphy/ptII/ptolemy/actor/lib/test/auto/Clock19.xml
16 ms. Memory: 446464K Free: 306412K (69%)
----------------- Invoking toplevel() on ptolemy.moml.MoMLSimpleApplication@312bc489
----------------- Done invoking toplevel() on ptolemy.moml.MoMLSimpleApplication@312bc489
reloadAllAccessors: .Clock19

===========================================================================================
----------------- testing Thu Jul 18 21:26:01 UTC 2019 /home/travis/build/icyphy/ptII/ptolemy/actor/lib/test/auto/Clock2.xml
----------------- Instantiating /home/travis/build/icyphy/ptII/ptolemy/actor/lib/test/auto/Clock2.xml
9 ms. Memory: 446464K Free: 301806K (68%)
----------------- Invoking toplevel() on ptolemy.moml.MoMLSimpleApplication@21e2c4ac
----------------- Done invoking toplevel() on ptolemy.moml.MoMLSimpleApplication@21e2c4ac
reloadAllAccessors: .Clock2

===========================================================================================
----------------- testing Thu Jul 18 21:26:01 UTC 2019 /home/travis/build/icyphy/ptII/ptolemy/actor/lib/test/auto/Clock20.xml
----------------- Instantiating /home/travis/build/icyphy/ptII/ptolemy/actor/lib/test/auto/Clock20.xml
12 ms. Memory: 446464K Free: 296686K (66%)
----------------- Invoking toplevel() on ptolemy.moml.MoMLSimpleApplication@768d8ef
----------------- Done invoking toplevel() on ptolemy.moml.MoMLSimpleApplication@768d8ef
reloadAllAccessors: .Clock20

===========================================================================================
----------------- testing Thu Jul 18 21:26:01 UTC 2019 /home/travis/build/icyphy/ptII/ptolemy/actor/lib/test/auto/Clock21.xml
----------------- Instantiating /home/travis/build/icyphy/ptII/ptolemy/actor/lib/test/auto/Clock21.xml
6 ms. Memory: 446464K Free: 291052K (65%)
----------------- Invoking toplevel() on ptolemy.moml.MoMLSimpleApplication@35e9d71b
----------------- Done invoking toplevel() on ptolemy.moml.MoMLSimpleApplication@35e9d71b
reloadAllAccessors: .Clock21

===========================================================================================
----------------- testing Thu Jul 18 21:26:01 UTC 2019 /home/travis/build/icyphy/ptII/ptolemy/actor/lib/test/auto/Clock22.xml
----------------- Instantiating /home/travis/build/icyphy/ptII/ptolemy/actor/lib/test/auto/Clock22.xml
6 ms. Memory: 446464K Free: 285932K (64%)
----------------- Invoking toplevel() on ptolemy.moml.MoMLSimpleApplication@5cc1c1ca
----------------- Done invoking toplevel() on ptolemy.moml.MoMLSimpleApplication@5cc1c1ca
reloadAllAccessors: .Clock22

===========================================================================================
----------------- testing Thu Jul 18 21:26:01 UTC 2019 /home/travis/build/icyphy/ptII/ptolemy/actor/lib/test/auto/Clock23.xml
----------------- Instantiating /home/travis/build/icyphy/ptII/ptolemy/actor/lib/test/auto/Clock23.xml
7 ms. Memory: 446464K Free: 280302K (63%)
----------------- Invoking toplevel() on ptolemy.moml.MoMLSimpleApplication@670e3202
----------------- Done invoking toplevel() on ptolemy.moml.MoMLSimpleApplication@670e3202
reloadAllAccessors: .Clock23

===========================================================================================
----------------- testing Thu Jul 18 21:26:01 UTC 2019 /home/travis/build/icyphy/ptII/ptolemy/actor/lib/test/auto/Clock24.xml
----------------- Instantiating /home/travis/build/icyphy/ptII/ptolemy/actor/lib/test/auto/Clock24.xml
6 ms. Memory: 446464K Free: 275182K (62%)
----------------- Invoking toplevel() on ptolemy.moml.MoMLSimpleApplication@673d135a
----------------- Done invoking toplevel() on ptolemy.moml.MoMLSimpleApplication@673d135a
reloadAllAccessors: .Clock24

===========================================================================================
----------------- testing Thu Jul 18 21:26:01 UTC 2019 /home/travis/build/icyphy/ptII/ptolemy/actor/lib/test/auto/Clock4.xml
----------------- Instantiating /home/travis/build/icyphy/ptII/ptolemy/actor/lib/test/auto/Clock4.xml
1 ms. Memory: 446464K Free: 270062K (60%)
----------------- Invoking toplevel() on ptolemy.moml.MoMLSimpleApplication@672825a1
----------------- Done invoking toplevel() on ptolemy.moml.MoMLSimpleApplication@672825a1
reloadAllAccessors: .Clock4

===========================================================================================
----------------- testing Thu Jul 18 21:26:01 UTC 2019 /home/travis/build/icyphy/ptII/ptolemy/actor/lib/test/auto/Clock5.xml
----------------- Instantiating /home/travis/build/icyphy/ptII/ptolemy/actor/lib/test/auto/Clock5.xml
2 ms. Memory: 446464K Free: 264422K (59%)
----------------- Invoking toplevel() on ptolemy.moml.MoMLSimpleApplication@10f8618c
----------------- Done invoking toplevel() on ptolemy.moml.MoMLSimpleApplication@10f8618c
reloadAllAccessors: .Clock5

===========================================================================================
----------------- testing Thu Jul 18 21:26:01 UTC 2019 /home/travis/build/icyphy/ptII/ptolemy/actor/lib/test/auto/Clock6.xml
----------------- Instantiating /home/travis/build/icyphy/ptII/ptolemy/actor/lib/test/auto/Clock6.xml
3 ms. Memory: 446464K Free: 260332K (58%)
----------------- Invoking toplevel() on ptolemy.moml.MoMLSimpleApplication@5401a062
----------------- Done invoking toplevel() on ptolemy.moml.MoMLSimpleApplication@5401a062
reloadAllAccessors: .Clock6

===========================================================================================
----------------- testing Thu Jul 18 21:26:01 UTC 2019 /home/travis/build/icyphy/ptII/ptolemy/actor/lib/test/auto/Clock7.xml
----------------- Instantiating /home/travis/build/icyphy/ptII/ptolemy/actor/lib/test/auto/Clock7.xml
2 ms. Memory: 446464K Free: 255212K (57%)
----------------- Invoking toplevel() on ptolemy.moml.MoMLSimpleApplication@47640728
----------------- Done invoking toplevel() on ptolemy.moml.MoMLSimpleApplication@47640728
reloadAllAccessors: .Clock7

===========================================================================================
----------------- testing Thu Jul 18 21:26:01 UTC 2019 /home/travis/build/icyphy/ptII/ptolemy/actor/lib/test/auto/Clock8.xml
----------------- Instantiating /home/travis/build/icyphy/ptII/ptolemy/actor/lib/test/auto/Clock8.xml
6 ms. Memory: 446464K Free: 250086K (56%)
----------------- Invoking toplevel() on ptolemy.moml.MoMLSimpleApplication@b60ea99
----------------- Done invoking toplevel() on ptolemy.moml.MoMLSimpleApplication@b60ea99
reloadAllAccessors: .Clock8

===========================================================================================
----------------- testing Thu Jul 18 21:26:01 UTC 2019 /home/travis/build/icyphy/ptII/ptolemy/actor/lib/test/auto/Clock9.xml
----------------- Instantiating /home/travis/build/icyphy/ptII/ptolemy/actor/lib/test/auto/Clock9.xml
7 ms. Memory: 446464K Free: 244462K (55%)
----------------- Invoking toplevel() on ptolemy.moml.MoMLSimpleApplication@d16b37c
----------------- Done invoking toplevel() on ptolemy.moml.MoMLSimpleApplication@d16b37c
reloadAllAccessors: .Clock9

===========================================================================================
----------------- testing Thu Jul 18 21:26:01 UTC 2019 /home/travis/build/icyphy/ptII/ptolemy/actor/lib/test/auto/CommDistDiscard.xml
----------------- Instantiating /home/travis/build/icyphy/ptII/ptolemy/actor/lib/test/auto/CommDistDiscard.xml
4 ms. Memory: 446464K Free: 238828K (53%)
----------------- Invoking toplevel() on ptolemy.moml.MoMLSimpleApplication@6827ff79
----------------- Done invoking toplevel() on ptolemy.moml.MoMLSimpleApplication@6827ff79
reloadAllAccessors: .CommDistDiscard

===========================================================================================
----------------- testing Thu Jul 18 21:26:01 UTC 2019 /home/travis/build/icyphy/ptII/ptolemy/actor/lib/test/auto/Commutator.xml
----------------- Instantiating /home/travis/build/icyphy/ptII/ptolemy/actor/lib/test/auto/Commutator.xml
2 ms. Memory: 446464K Free: 234732K (53%)
----------------- Invoking toplevel() on ptolemy.moml.MoMLSimpleApplication@4771209f
----------------- Done invoking toplevel() on ptolemy.moml.MoMLSimpleApplication@4771209f
reloadAllAccessors: .Commutator

===========================================================================================
----------------- testing Thu Jul 18 21:26:01 UTC 2019 /home/travis/build/icyphy/ptII/ptolemy/actor/lib/test/auto/Commutator2.xml
----------------- Instantiating /home/travis/build/icyphy/ptII/ptolemy/actor/lib/test/auto/Commutator2.xml
2 ms. Memory: 446464K Free: 230126K (52%)
----------------- Invoking toplevel() on ptolemy.moml.MoMLSimpleApplication@24e7b7e5
----------------- Done invoking toplevel() on ptolemy.moml.MoMLSimpleApplication@24e7b7e5
reloadAllAccessors: .Commutator2

===========================================================================================
----------------- testing Thu Jul 18 21:26:01 UTC 2019 /home/travis/build/icyphy/ptII/ptolemy/actor/lib/test/auto/Commutator3.xml
----------------- Instantiating /home/travis/build/icyphy/ptII/ptolemy/actor/lib/test/auto/Commutator3.xml
3 ms. Memory: 446464K Free: 226030K (51%)
----------------- Invoking toplevel() on ptolemy.moml.MoMLSimpleApplication@2f35aab3
----------------- Done invoking toplevel() on ptolemy.moml.MoMLSimpleApplication@2f35aab3
reloadAllAccessors: .Commutator3

===========================================================================================
----------------- testing Thu Jul 18 21:26:01 UTC 2019 /home/travis/build/icyphy/ptII/ptolemy/actor/lib/test/auto/Compare.xml
----------------- Instantiating /home/travis/build/icyphy/ptII/ptolemy/actor/lib/test/auto/Compare.xml
2 ms. Memory: 446464K Free: 219372K (49%)
----------------- Invoking toplevel() on ptolemy.moml.MoMLSimpleApplication@54e24f85
----------------- Done invoking toplevel() on ptolemy.moml.MoMLSimpleApplication@54e24f85
reloadAllAccessors: .Compare

===========================================================================================
----------------- testing Thu Jul 18 21:26:01 UTC 2019 /home/travis/build/icyphy/ptII/ptolemy/actor/lib/test/auto/CompareDE.xml
----------------- Instantiating /home/travis/build/icyphy/ptII/ptolemy/actor/lib/test/auto/CompareDE.xml
4 ms. Memory: 446464K Free: 212190K (48%)
----------------- Invoking toplevel() on ptolemy.moml.MoMLSimpleApplication@482af0d4
----------------- Done invoking toplevel() on ptolemy.moml.MoMLSimpleApplication@482af0d4
reloadAllAccessors: .CompareDE

===========================================================================================
----------------- testing Thu Jul 18 21:26:01 UTC 2019 /home/travis/build/icyphy/ptII/ptolemy/actor/lib/test/auto/ComplexDivide.xml
----------------- Instantiating /home/travis/build/icyphy/ptII/ptolemy/actor/lib/test/auto/ComplexDivide.xml
1 ms. Memory: 446464K Free: 208622K (47%)
----------------- Invoking toplevel() on ptolemy.moml.MoMLSimpleApplication@2771b2ab
----------------- Done invoking toplevel() on ptolemy.moml.MoMLSimpleApplication@2771b2ab
reloadAllAccessors: .ComplexDivide

===========================================================================================
----------------- testing Thu Jul 18 21:26:01 UTC 2019 /home/travis/build/icyphy/ptII/ptolemy/actor/lib/test/auto/ComputeHistogram.xml
----------------- Instantiating /home/travis/build/icyphy/ptII/ptolemy/actor/lib/test/auto/ComputeHistogram.xml
36 ms. Memory: 446464K Free: 195820K (44%)
----------------- Invoking toplevel() on ptolemy.moml.MoMLSimpleApplication@8a2bd3b
----------------- Done invoking toplevel() on ptolemy.moml.MoMLSimpleApplication@8a2bd3b
reloadAllAccessors: .ComputeHistogram

===========================================================================================
----------------- testing Thu Jul 18 21:26:01 UTC 2019 /home/travis/build/icyphy/ptII/ptolemy/actor/lib/test/auto/ConfigurationSelect.xml
----------------- Instantiating /home/travis/build/icyphy/ptII/ptolemy/actor/lib/test/auto/ConfigurationSelect.xml
2 ms. Memory: 446464K Free: 190694K (43%)
----------------- Invoking toplevel() on ptolemy.moml.MoMLSimpleApplication@51fd1cb6
----------------- Done invoking toplevel() on ptolemy.moml.MoMLSimpleApplication@51fd1cb6
reloadAllAccessors: .ConfigurationSelect

===========================================================================================
----------------- testing Thu Jul 18 21:26:01 UTC 2019 /home/travis/build/icyphy/ptII/ptolemy/actor/lib/test/auto/ConfigurationSelect2.xml
----------------- Instantiating /home/travis/build/icyphy/ptII/ptolemy/actor/lib/test/auto/ConfigurationSelect2.xml
2 ms. Memory: 446464K Free: 186094K (42%)
----------------- Invoking toplevel() on ptolemy.moml.MoMLSimpleApplication@2bc9d803
----------------- Done invoking toplevel() on ptolemy.moml.MoMLSimpleApplication@2bc9d803
reloadAllAccessors: .ConfigurationSelect2

===========================================================================================
----------------- testing Thu Jul 18 21:26:01 UTC 2019 /home/travis/build/icyphy/ptII/ptolemy/actor/lib/test/auto/ConfigurationSwitch.xml
----------------- Instantiating /home/travis/build/icyphy/ptII/ptolemy/actor/lib/test/auto/ConfigurationSwitch.xml
2 ms. Memory: 446464K Free: 180460K (40%)
----------------- Invoking toplevel() on ptolemy.moml.MoMLSimpleApplication@3e755d63
----------------- Done invoking toplevel() on ptolemy.moml.MoMLSimpleApplication@3e755d63
reloadAllAccessors: .ConfigurationSwitch

===========================================================================================
----------------- testing Thu Jul 18 21:26:02 UTC 2019 /home/travis/build/icyphy/ptII/ptolemy/actor/lib/test/auto/ConfigurationSwitch2.xml
----------------- Instantiating /home/travis/build/icyphy/ptII/ptolemy/actor/lib/test/auto/ConfigurationSwitch2.xml
2 ms. Memory: 446464K Free: 175340K (39%)
----------------- Invoking toplevel() on ptolemy.moml.MoMLSimpleApplication@ac271a8
----------------- Done invoking toplevel() on ptolemy.moml.MoMLSimpleApplication@ac271a8
reloadAllAccessors: .ConfigurationSwitch2

===========================================================================================
----------------- testing Thu Jul 18 21:26:02 UTC 2019 /home/travis/build/icyphy/ptII/ptolemy/actor/lib/test/auto/ConfigurationSwitchCloningBugWithClassRelationGroup.xml
----------------- Instantiating /home/travis/build/icyphy/ptII/ptolemy/actor/lib/test/auto/ConfigurationSwitchCloningBugWithClassRelationGroup.xml
1 ms. Memory: 446464K Free: 168686K (38%)
----------------- Invoking toplevel() on ptolemy.moml.MoMLSimpleApplication@6c22826e
----------------- Done invoking toplevel() on ptolemy.moml.MoMLSimpleApplication@6c22826e
reloadAllAccessors: .ConfigurationSwitchCloningBugWithClassRelationGroup

===========================================================================================
----------------- testing Thu Jul 18 21:26:02 UTC 2019 /home/travis/build/icyphy/ptII/ptolemy/actor/lib/test/auto/ConfigurationSwitchSelectSDF.xml
----------------- Instantiating /home/travis/build/icyphy/ptII/ptolemy/actor/lib/test/auto/ConfigurationSwitchSelectSDF.xml
3 ms. Memory: 446464K Free: 163052K (37%)
----------------- Invoking toplevel() on ptolemy.moml.MoMLSimpleApplication@28afa16a
----------------- Done invoking toplevel() on ptolemy.moml.MoMLSimpleApplication@28afa16a
reloadAllAccessors: .ConfigurationSwitchSelectSDF

===========================================================================================
----------------- testing Thu Jul 18 21:26:02 UTC 2019 /home/travis/build/icyphy/ptII/ptolemy/actor/lib/test/auto/ConfigurationSwitchSelectSDF2.xml
----------------- Instantiating /home/travis/build/icyphy/ptII/ptolemy/actor/lib/test/auto/ConfigurationSwitchSelectSDF2.xml
2 ms. Memory: 446464K Free: 157422K (35%)
----------------- Invoking toplevel() on ptolemy.moml.MoMLSimpleApplication@7c55647a
----------------- Done invoking toplevel() on ptolemy.moml.MoMLSimpleApplication@7c55647a
reloadAllAccessors: .ConfigurationSwitchSelectSDF2

===========================================================================================
----------------- testing Thu Jul 18 21:26:02 UTC 2019 /home/travis/build/icyphy/ptII/ptolemy/actor/lib/test/auto/Const.xml
----------------- Instantiating /home/travis/build/icyphy/ptII/ptolemy/actor/lib/test/auto/Const.xml
1 ms. Memory: 446464K Free: 153836K (34%)
----------------- Invoking toplevel() on ptolemy.moml.MoMLSimpleApplication@4b39a602
----------------- Done invoking toplevel() on ptolemy.moml.MoMLSimpleApplication@4b39a602
reloadAllAccessors: .Const

===========================================================================================
----------------- testing Thu Jul 18 21:26:02 UTC 2019 /home/travis/build/icyphy/ptII/ptolemy/actor/lib/test/auto/Const2.xml
----------------- Instantiating /home/travis/build/icyphy/ptII/ptolemy/actor/lib/test/auto/Const2.xml
1 ms. Memory: 446464K Free: 150254K (34%)
----------------- Invoking toplevel() on ptolemy.moml.MoMLSimpleApplication@3b6b1acd
----------------- Done invoking toplevel() on ptolemy.moml.MoMLSimpleApplication@3b6b1acd
reloadAllAccessors: .Const2

===========================================================================================
----------------- testing Thu Jul 18 21:26:02 UTC 2019 /home/travis/build/icyphy/ptII/ptolemy/actor/lib/test/auto/Const3.xml
----------------- Instantiating /home/travis/build/icyphy/ptII/ptolemy/actor/lib/test/auto/Const3.xml
1 ms. Memory: 446464K Free: 147182K (33%)
----------------- Invoking toplevel() on ptolemy.moml.MoMLSimpleApplication@1b26d62c
----------------- Done invoking toplevel() on ptolemy.moml.MoMLSimpleApplication@1b26d62c
reloadAllAccessors: .Const3

===========================================================================================
----------------- testing Thu Jul 18 21:26:02 UTC 2019 /home/travis/build/icyphy/ptII/ptolemy/actor/lib/test/auto/ConstantPublisherPort1.xml
----------------- Instantiating /home/travis/build/icyphy/ptII/ptolemy/actor/lib/test/auto/ConstantPublisherPort1.xml
6 ms. Memory: 446464K Free: 138476K (31%)
----------------- Invoking toplevel() on ptolemy.moml.MoMLSimpleApplication@43c60721
----------------- Done invoking toplevel() on ptolemy.moml.MoMLSimpleApplication@43c60721
reloadAllAccessors: .ConstantPublisherPort1

===========================================================================================
----------------- testing Thu Jul 18 21:26:02 UTC 2019 /home/travis/build/icyphy/ptII/ptolemy/actor/lib/test/auto/ConstantPublisherPort2.xml
----------------- Instantiating /home/travis/build/icyphy/ptII/ptolemy/actor/lib/test/auto/ConstantPublisherPort2.xml
4 ms. Memory: 446464K Free: 395083K (88%)
----------------- Invoking toplevel() on ptolemy.moml.MoMLSimpleApplication@4b3a377d
----------------- Done invoking toplevel() on ptolemy.moml.MoMLSimpleApplication@4b3a377d
reloadAllAccessors: .ConstantPublisherPort2

===========================================================================================
----------------- testing Thu Jul 18 21:26:02 UTC 2019 /home/travis/build/icyphy/ptII/ptolemy/actor/lib/test/auto/ConstantPublisherPort3.xml
----------------- Instantiating /home/travis/build/icyphy/ptII/ptolemy/actor/lib/test/auto/ConstantPublisherPort3.xml
4 ms. Memory: 446464K Free: 387405K (87%)
----------------- Invoking toplevel() on ptolemy.moml.MoMLSimpleApplication@5fb2c3de
----------------- Done invoking toplevel() on ptolemy.moml.MoMLSimpleApplication@5fb2c3de
reloadAllAccessors: .ConstantPublisherPort3

===========================================================================================
----------------- testing Thu Jul 18 21:26:02 UTC 2019 /home/travis/build/icyphy/ptII/ptolemy/actor/lib/test/auto/ConstantPublisherPort4.xml
----------------- Instantiating /home/travis/build/icyphy/ptII/ptolemy/actor/lib/test/auto/ConstantPublisherPort4.xml
3 ms. Memory: 446464K Free: 380237K (85%)
----------------- Invoking toplevel() on ptolemy.moml.MoMLSimpleApplication@64ae26f9
----------------- Done invoking toplevel() on ptolemy.moml.MoMLSimpleApplication@64ae26f9
reloadAllAccessors: .ConstantPublisherPort4

===========================================================================================
----------------- testing Thu Jul 18 21:26:02 UTC 2019 /home/travis/build/icyphy/ptII/ptolemy/actor/lib/test/auto/ConstantPublisherPort5.xml
----------------- Instantiating /home/travis/build/icyphy/ptII/ptolemy/actor/lib/test/auto/ConstantPublisherPort5.xml
31 ms. Memory: 446464K Free: 371531K (83%)
----------------- Invoking toplevel() on ptolemy.moml.MoMLSimpleApplication@37ec5091
----------------- Done invoking toplevel() on ptolemy.moml.MoMLSimpleApplication@37ec5091
reloadAllAccessors: .ConstantPublisherPort5

===========================================================================================
----------------- testing Thu Jul 18 21:26:02 UTC 2019 /home/travis/build/icyphy/ptII/ptolemy/actor/lib/test/auto/ConstantPublisherPort6.xml
----------------- Instantiating /home/travis/build/icyphy/ptII/ptolemy/actor/lib/test/auto/ConstantPublisherPort6.xml
14 ms. Memory: 446464K Free: 362315K (81%)
----------------- Invoking toplevel() on ptolemy.moml.MoMLSimpleApplication@486a4b28
----------------- Done invoking toplevel() on ptolemy.moml.MoMLSimpleApplication@486a4b28
reloadAllAccessors: .ConstantPublisherPort6

===========================================================================================
----------------- testing Thu Jul 18 21:26:02 UTC 2019 /home/travis/build/icyphy/ptII/ptolemy/actor/lib/test/auto/ConstantPublisherPort7.xml
----------------- Instantiating /home/travis/build/icyphy/ptII/ptolemy/actor/lib/test/auto/ConstantPublisherPort7.xml
17 ms. Memory: 446464K Free: 353099K (79%)
----------------- Invoking toplevel() on ptolemy.moml.MoMLSimpleApplication@28b4e3c1
----------------- Done invoking toplevel() on ptolemy.moml.MoMLSimpleApplication@28b4e3c1
reloadAllAccessors: .ConstantPublisherPort7

===========================================================================================
----------------- testing Thu Jul 18 21:26:02 UTC 2019 /home/travis/build/icyphy/ptII/ptolemy/actor/lib/test/auto/ConstraintMonitor1.xml
----------------- Instantiating /home/travis/build/icyphy/ptII/ptolemy/actor/lib/test/auto/ConstraintMonitor1.xml
5 ms. Memory: 446464K Free: 348493K (78%)
----------------- Invoking toplevel() on ptolemy.moml.MoMLSimpleApplication@33b13680
----------------- Done invoking toplevel() on ptolemy.moml.MoMLSimpleApplication@33b13680
reloadAllAccessors: .ConstraintMonitor1

===========================================================================================
----------------- testing Thu Jul 18 21:26:02 UTC 2019 /home/travis/build/icyphy/ptII/ptolemy/actor/lib/test/auto/ConstraintMonitor2.xml
----------------- Instantiating /home/travis/build/icyphy/ptII/ptolemy/actor/lib/test/auto/ConstraintMonitor2.xml
5 ms. Memory: 446464K Free: 343883K (77%)
----------------- Invoking toplevel() on ptolemy.moml.MoMLSimpleApplication@7c330146
----------------- Done invoking toplevel() on ptolemy.moml.MoMLSimpleApplication@7c330146
reloadAllAccessors: .ConstraintMonitor2

===========================================================================================
----------------- testing Thu Jul 18 21:26:02 UTC 2019 /home/travis/build/icyphy/ptII/ptolemy/actor/lib/test/auto/ConstraintMonitor3.xml
----------------- Instantiating /home/travis/build/icyphy/ptII/ptolemy/actor/lib/test/auto/ConstraintMonitor3.xml
5 ms. Memory: 446464K Free: 339277K (76%)
----------------- Invoking toplevel() on ptolemy.moml.MoMLSimpleApplication@1b10476f
----------------- Done invoking toplevel() on ptolemy.moml.MoMLSimpleApplication@1b10476f
reloadAllAccessors: .ConstraintMonitor3

===========================================================================================
----------------- testing Thu Jul 18 21:26:02 UTC 2019 /home/travis/build/icyphy/ptII/ptolemy/actor/lib/test/auto/ConstraintMonitor4.xml
----------------- Instantiating /home/travis/build/icyphy/ptII/ptolemy/actor/lib/test/auto/ConstraintMonitor4.xml
1 ms. Memory: 446464K Free: 334667K (75%)
----------------- Invoking toplevel() on ptolemy.moml.MoMLSimpleApplication@7b1919bb
----------------- Done invoking toplevel() on ptolemy.moml.MoMLSimpleApplication@7b1919bb
reloadAllAccessors: .ConstraintMonitor4

===========================================================================================
----------------- testing Thu Jul 18 21:26:02 UTC 2019 /home/travis/build/icyphy/ptII/ptolemy/actor/lib/test/auto/ConstraintMonitor5.xml
----------------- Instantiating /home/travis/build/icyphy/ptII/ptolemy/actor/lib/test/auto/ConstraintMonitor5.xml
5 ms. Memory: 446464K Free: 329547K (74%)
----------------- Invoking toplevel() on ptolemy.moml.MoMLSimpleApplication@7acb73a8
----------------- Done invoking toplevel() on ptolemy.moml.MoMLSimpleApplication@7acb73a8
reloadAllAccessors: .ConstraintMonitor5

===========================================================================================
----------------- testing Thu Jul 18 21:26:02 UTC 2019 /home/travis/build/icyphy/ptII/ptolemy/actor/lib/test/auto/ConstraintMonitor6.xml
----------------- Instantiating /home/travis/build/icyphy/ptII/ptolemy/actor/lib/test/auto/ConstraintMonitor6.xml
6 ms. Memory: 446464K Free: 323917K (73%)
----------------- Invoking toplevel() on ptolemy.moml.MoMLSimpleApplication@2fd88637
----------------- Done invoking toplevel() on ptolemy.moml.MoMLSimpleApplication@2fd88637
reloadAllAccessors: .ConstraintMonitor6

===========================================================================================
----------------- testing Thu Jul 18 21:26:02 UTC 2019 /home/travis/build/icyphy/ptII/ptolemy/actor/lib/test/auto/ConstraintMonitor7.xml
----------------- Instantiating /home/travis/build/icyphy/ptII/ptolemy/actor/lib/test/auto/ConstraintMonitor7.xml
6 ms. Memory: 446464K Free: 317773K (71%)
----------------- Invoking toplevel() on ptolemy.moml.MoMLSimpleApplication@56856d2c
----------------- Done invoking toplevel() on ptolemy.moml.MoMLSimpleApplication@56856d2c
reloadAllAccessors: .ConstraintMonitor7

===========================================================================================
----------------- testing Thu Jul 18 21:26:02 UTC 2019 /home/travis/build/icyphy/ptII/ptolemy/actor/lib/test/auto/ConstraintMonitor8.xml
----------------- Instantiating /home/travis/build/icyphy/ptII/ptolemy/actor/lib/test/auto/ConstraintMonitor8.xml
7 ms. Memory: 446464K Free: 310091K (69%)
----------------- Invoking toplevel() on ptolemy.moml.MoMLSimpleApplication@5a3f1b59
----------------- Done invoking toplevel() on ptolemy.moml.MoMLSimpleApplication@5a3f1b59
reloadAllAccessors: .ConstraintMonitor8

===========================================================================================
----------------- testing Thu Jul 18 21:26:02 UTC 2019 /home/travis/build/icyphy/ptII/ptolemy/actor/lib/test/auto/Counter.xml
----------------- Instantiating /home/travis/build/icyphy/ptII/ptolemy/actor/lib/test/auto/Counter.xml
3 ms. Memory: 446464K Free: 305485K (68%)
----------------- Invoking toplevel() on ptolemy.moml.MoMLSimpleApplication@75664cac
----------------- Done invoking toplevel() on ptolemy.moml.MoMLSimpleApplication@75664cac
reloadAllAccessors: .Counter

===========================================================================================
----------------- testing Thu Jul 18 21:26:02 UTC 2019 /home/travis/build/icyphy/ptII/ptolemy/actor/lib/test/auto/CurrentTimeSDF.xml
----------------- Instantiating /home/travis/build/icyphy/ptII/ptolemy/actor/lib/test/auto/CurrentTimeSDF.xml
3 ms. Memory: 446464K Free: 301389K (68%)
----------------- Invoking toplevel() on ptolemy.moml.MoMLSimpleApplication@3f95a53d
----------------- Done invoking toplevel() on ptolemy.moml.MoMLSimpleApplication@3f95a53d
reloadAllAccessors: .CurrentTimeSDF

===========================================================================================
----------------- testing Thu Jul 18 21:26:02 UTC 2019 /home/travis/build/icyphy/ptII/ptolemy/actor/lib/test/auto/DB.xml
----------------- Instantiating /home/travis/build/icyphy/ptII/ptolemy/actor/lib/test/auto/DB.xml
3 ms. Memory: 446464K Free: 295755K (66%)
----------------- Invoking toplevel() on ptolemy.moml.MoMLSimpleApplication@648782b5
----------------- Done invoking toplevel() on ptolemy.moml.MoMLSimpleApplication@648782b5
reloadAllAccessors: .DB

===========================================================================================
----------------- testing Thu Jul 18 21:26:02 UTC 2019 /home/travis/build/icyphy/ptII/ptolemy/actor/lib/test/auto/DBDE.xml
----------------- Instantiating /home/travis/build/icyphy/ptII/ptolemy/actor/lib/test/auto/DBDE.xml
2 ms. Memory: 446464K Free: 290125K (65%)
----------------- Invoking toplevel() on ptolemy.moml.MoMLSimpleApplication@57499189
----------------- Done invoking toplevel() on ptolemy.moml.MoMLSimpleApplication@57499189
reloadAllAccessors: .DBDE

===========================================================================================
----------------- testing Thu Jul 18 21:26:02 UTC 2019 /home/travis/build/icyphy/ptII/ptolemy/actor/lib/test/auto/DateConstructor.xml
----------------- Instantiating /home/travis/build/icyphy/ptII/ptolemy/actor/lib/test/auto/DateConstructor.xml
42 ms. Memory: 446464K Free: 272717K (61%)
----------------- Invoking toplevel() on ptolemy.moml.MoMLSimpleApplication@3935463e
----------------- Done invoking toplevel() on ptolemy.moml.MoMLSimpleApplication@3935463e
reloadAllAccessors: .DateConstructor

===========================================================================================
----------------- testing Thu Jul 18 21:26:02 UTC 2019 /home/travis/build/icyphy/ptII/ptolemy/actor/lib/test/auto/DelayTime.xml
----------------- Instantiating /home/travis/build/icyphy/ptII/ptolemy/actor/lib/test/auto/DelayTime.xml
7 ms. Memory: 446464K Free: 267597K (60%)
----------------- Invoking toplevel() on ptolemy.moml.MoMLSimpleApplication@72650bf6
----------------- Done invoking toplevel() on ptolemy.moml.MoMLSimpleApplication@72650bf6
reloadAllAccessors: .DelayTime

===========================================================================================
----------------- testing Thu Jul 18 21:26:02 UTC 2019 /home/travis/build/icyphy/ptII/ptolemy/actor/lib/test/auto/Dictionary1.xml
----------------- Instantiating /home/travis/build/icyphy/ptII/ptolemy/actor/lib/test/auto/Dictionary1.xml
2 ms. Memory: 446464K Free: 262477K (59%)
----------------- Invoking toplevel() on ptolemy.moml.MoMLSimpleApplication@6f35af6e
----------------- Done invoking toplevel() on ptolemy.moml.MoMLSimpleApplication@6f35af6e
reloadAllAccessors: .Dictionary1

===========================================================================================
----------------- testing Thu Jul 18 21:26:02 UTC 2019 /home/travis/build/icyphy/ptII/ptolemy/actor/lib/test/auto/Dictionary2.xml
----------------- Instantiating /home/travis/build/icyphy/ptII/ptolemy/actor/lib/test/auto/Dictionary2.xml
5 ms. Memory: 446464K Free: 256843K (58%)
----------------- Invoking toplevel() on ptolemy.moml.MoMLSimpleApplication@4b26187b
----------------- Done invoking toplevel() on ptolemy.moml.MoMLSimpleApplication@4b26187b
reloadAllAccessors: .Dictionary2

===========================================================================================
----------------- testing Thu Jul 18 21:26:02 UTC 2019 /home/travis/build/icyphy/ptII/ptolemy/actor/lib/test/auto/Dictionary3.xml
----------------- Instantiating /home/travis/build/icyphy/ptII/ptolemy/actor/lib/test/auto/Dictionary3.xml
1 ms. Memory: 446464K Free: 251213K (56%)
----------------- Invoking toplevel() on ptolemy.moml.MoMLSimpleApplication@72a39690
----------------- Done invoking toplevel() on ptolemy.moml.MoMLSimpleApplication@72a39690
reloadAllAccessors: .Dictionary3

===========================================================================================
----------------- testing Thu Jul 18 21:26:02 UTC 2019 /home/travis/build/icyphy/ptII/ptolemy/actor/lib/test/auto/Dictionary4.xml
----------------- Instantiating /home/travis/build/icyphy/ptII/ptolemy/actor/lib/test/auto/Dictionary4.xml
3 ms. Memory: 446464K Free: 244555K (55%)
----------------- Invoking toplevel() on ptolemy.moml.MoMLSimpleApplication@1d8a017e
----------------- Done invoking toplevel() on ptolemy.moml.MoMLSimpleApplication@1d8a017e
reloadAllAccessors: .Dictionary4

===========================================================================================
----------------- testing Thu Jul 18 21:26:02 UTC 2019 /home/travis/build/icyphy/ptII/ptolemy/actor/lib/test/auto/Differential.xml
----------------- Instantiating /home/travis/build/icyphy/ptII/ptolemy/actor/lib/test/auto/Differential.xml
3 ms. Memory: 446464K Free: 239949K (54%)
----------------- Invoking toplevel() on ptolemy.moml.MoMLSimpleApplication@2aaecc2c
----------------- Done invoking toplevel() on ptolemy.moml.MoMLSimpleApplication@2aaecc2c
reloadAllAccessors: .Differential

===========================================================================================
----------------- testing Thu Jul 18 21:26:02 UTC 2019 /home/travis/build/icyphy/ptII/ptolemy/actor/lib/test/auto/Director.xml
----------------- Instantiating /home/travis/build/icyphy/ptII/ptolemy/actor/lib/test/auto/Director.xml
2 ms. Memory: 446464K Free: 236363K (53%)
----------------- Invoking toplevel() on ptolemy.moml.MoMLSimpleApplication@a4cd85f
----------------- Done invoking toplevel() on ptolemy.moml.MoMLSimpleApplication@a4cd85f
reloadAllAccessors: .Director

===========================================================================================
----------------- testing Thu Jul 18 21:26:02 UTC 2019 /home/travis/build/icyphy/ptII/ptolemy/actor/lib/test/auto/DiscreteClock.xml
----------------- Instantiating /home/travis/build/icyphy/ptII/ptolemy/actor/lib/test/auto/DiscreteClock.xml
2 ms. Memory: 446464K Free: 232267K (52%)
----------------- Invoking toplevel() on ptolemy.moml.MoMLSimpleApplication@508e8904
----------------- Done invoking toplevel() on ptolemy.moml.MoMLSimpleApplication@508e8904
reloadAllAccessors: .DiscreteClock

===========================================================================================
----------------- testing Thu Jul 18 21:26:02 UTC 2019 /home/travis/build/icyphy/ptII/ptolemy/actor/lib/test/auto/DiscreteClock10.xml
----------------- Instantiating /home/travis/build/icyphy/ptII/ptolemy/actor/lib/test/auto/DiscreteClock10.xml
6 ms. Memory: 446464K Free: 226637K (51%)
----------------- Invoking toplevel() on ptolemy.moml.MoMLSimpleApplication@2986e848
----------------- Done invoking toplevel() on ptolemy.moml.MoMLSimpleApplication@2986e848
reloadAllAccessors: .DiscreteClock10

===========================================================================================
----------------- testing Thu Jul 18 21:26:02 UTC 2019 /home/travis/build/icyphy/ptII/ptolemy/actor/lib/test/auto/DiscreteClock11.xml
----------------- Instantiating /home/travis/build/icyphy/ptII/ptolemy/actor/lib/test/auto/DiscreteClock11.xml
2 ms. Memory: 446464K Free: 220493K (49%)
----------------- Invoking toplevel() on ptolemy.moml.MoMLSimpleApplication@3f24dca2
----------------- Done invoking toplevel() on ptolemy.moml.MoMLSimpleApplication@3f24dca2
reloadAllAccessors: .DiscreteClock11

===========================================================================================
----------------- testing Thu Jul 18 21:26:02 UTC 2019 /home/travis/build/icyphy/ptII/ptolemy/actor/lib/test/auto/DiscreteClock12.xml
----------------- Instantiating /home/travis/build/icyphy/ptII/ptolemy/actor/lib/test/auto/DiscreteClock12.xml
3 ms. Memory: 446464K Free: 214349K (48%)
----------------- Invoking toplevel() on ptolemy.moml.MoMLSimpleApplication@41e3b3f5
----------------- Done invoking toplevel() on ptolemy.moml.MoMLSimpleApplication@41e3b3f5
reloadAllAccessors: .DiscreteClock12

===========================================================================================
----------------- testing Thu Jul 18 21:26:03 UTC 2019 /home/travis/build/icyphy/ptII/ptolemy/actor/lib/test/auto/DiscreteClock13.xml
----------------- Instantiating /home/travis/build/icyphy/ptII/ptolemy/actor/lib/test/auto/DiscreteClock13.xml
5 ms. Memory: 446464K Free: 208701K (47%)
----------------- Invoking toplevel() on ptolemy.moml.MoMLSimpleApplication@2aa2d240
----------------- Done invoking toplevel() on ptolemy.moml.MoMLSimpleApplication@2aa2d240
reloadAllAccessors: .DiscreteClock13

===========================================================================================
----------------- testing Thu Jul 18 21:26:03 UTC 2019 /home/travis/build/icyphy/ptII/ptolemy/actor/lib/test/auto/DiscreteClock14.xml
----------------- Instantiating /home/travis/build/icyphy/ptII/ptolemy/actor/lib/test/auto/DiscreteClock14.xml
6 ms. Memory: 446464K Free: 202565K (45%)
----------------- Invoking toplevel() on ptolemy.moml.MoMLSimpleApplication@331dbaa6
----------------- Done invoking toplevel() on ptolemy.moml.MoMLSimpleApplication@331dbaa6
reloadAllAccessors: .DiscreteClock14

===========================================================================================
----------------- testing Thu Jul 18 21:26:03 UTC 2019 /home/travis/build/icyphy/ptII/ptolemy/actor/lib/test/auto/DiscreteClock15.xml
----------------- Instantiating /home/travis/build/icyphy/ptII/ptolemy/actor/lib/test/auto/DiscreteClock15.xml
3 ms. Memory: 446464K Free: 196421K (44%)
----------------- Invoking toplevel() on ptolemy.moml.MoMLSimpleApplication@28867a70
----------------- Done invoking toplevel() on ptolemy.moml.MoMLSimpleApplication@28867a70
reloadAllAccessors: .DiscreteClock15

===========================================================================================
----------------- testing Thu Jul 18 21:26:03 UTC 2019 /home/travis/build/icyphy/ptII/ptolemy/actor/lib/test/auto/DiscreteClock16.xml
----------------- Instantiating /home/travis/build/icyphy/ptII/ptolemy/actor/lib/test/auto/DiscreteClock16.xml
20 ms. Memory: 446464K Free: 182605K (41%)
----------------- Invoking toplevel() on ptolemy.moml.MoMLSimpleApplication@2b796901
----------------- Done invoking toplevel() on ptolemy.moml.MoMLSimpleApplication@2b796901
reloadAllAccessors: .DiscreteClock16

===========================================================================================
----------------- testing Thu Jul 18 21:26:03 UTC 2019 /home/travis/build/icyphy/ptII/ptolemy/actor/lib/test/auto/DiscreteClock17.xml
----------------- Instantiating /home/travis/build/icyphy/ptII/ptolemy/actor/lib/test/auto/DiscreteClock17.xml
19 ms. Memory: 446464K Free: 167755K (38%)
----------------- Invoking toplevel() on ptolemy.moml.MoMLSimpleApplication@38d80787
----------------- Done invoking toplevel() on ptolemy.moml.MoMLSimpleApplication@38d80787
reloadAllAccessors: .DiscreteClock17

===========================================================================================
----------------- testing Thu Jul 18 21:26:03 UTC 2019 /home/travis/build/icyphy/ptII/ptolemy/actor/lib/test/auto/DiscreteClock18.xml
----------------- Instantiating /home/travis/build/icyphy/ptII/ptolemy/actor/lib/test/auto/DiscreteClock18.xml
21 ms. Memory: 446464K Free: 154437K (35%)
----------------- Invoking toplevel() on ptolemy.moml.MoMLSimpleApplication@2ab62c33
----------------- Done invoking toplevel() on ptolemy.moml.MoMLSimpleApplication@2ab62c33
reloadAllAccessors: .DiscreteClock18

===========================================================================================
----------------- testing Thu Jul 18 21:26:03 UTC 2019 /home/travis/build/icyphy/ptII/ptolemy/actor/lib/test/auto/DiscreteClock19.xml
----------------- Instantiating /home/travis/build/icyphy/ptII/ptolemy/actor/lib/test/auto/DiscreteClock19.xml
28 ms. Memory: 446464K Free: 140621K (31%)
----------------- Invoking toplevel() on ptolemy.moml.MoMLSimpleApplication@20c9e966
----------------- Done invoking toplevel() on ptolemy.moml.MoMLSimpleApplication@20c9e966
reloadAllAccessors: .DiscreteClock19

===========================================================================================
----------------- testing Thu Jul 18 21:26:03 UTC 2019 /home/travis/build/icyphy/ptII/ptolemy/actor/lib/test/auto/DiscreteClock2.xml
----------------- Instantiating /home/travis/build/icyphy/ptII/ptolemy/actor/lib/test/auto/DiscreteClock2.xml
4 ms. Memory: 446464K Free: 135501K (30%)
----------------- Invoking toplevel() on ptolemy.moml.MoMLSimpleApplication@601602eb
----------------- Done invoking toplevel() on ptolemy.moml.MoMLSimpleApplication@601602eb
reloadAllAccessors: .DiscreteClock2

===========================================================================================
----------------- testing Thu Jul 18 21:26:03 UTC 2019 /home/travis/build/icyphy/ptII/ptolemy/actor/lib/test/auto/DiscreteClock20.xml
----------------- Instantiating /home/travis/build/icyphy/ptII/ptolemy/actor/lib/test/auto/DiscreteClock20.xml
6 ms. Memory: 446464K Free: 393843K (88%)
----------------- Invoking toplevel() on ptolemy.moml.MoMLSimpleApplication@7e131312
----------------- Done invoking toplevel() on ptolemy.moml.MoMLSimpleApplication@7e131312
reloadAllAccessors: .DiscreteClock20

===========================================================================================
----------------- testing Thu Jul 18 21:26:03 UTC 2019 /home/travis/build/icyphy/ptII/ptolemy/actor/lib/test/auto/DiscreteClock21.xml
----------------- Instantiating /home/travis/build/icyphy/ptII/ptolemy/actor/lib/test/auto/DiscreteClock21.xml
10 ms. Memory: 446464K Free: 388723K (87%)
----------------- Invoking toplevel() on ptolemy.moml.MoMLSimpleApplication@fe27e81
----------------- Done invoking toplevel() on ptolemy.moml.MoMLSimpleApplication@fe27e81
reloadAllAccessors: .DiscreteClock21

===========================================================================================
----------------- testing Thu Jul 18 21:26:03 UTC 2019 /home/travis/build/icyphy/ptII/ptolemy/actor/lib/test/auto/DiscreteClock22.xml
----------------- Instantiating /home/travis/build/icyphy/ptII/ptolemy/actor/lib/test/auto/DiscreteClock22.xml
7 ms. Memory: 446464K Free: 383093K (86%)
----------------- Invoking toplevel() on ptolemy.moml.MoMLSimpleApplication@6d3c73c1
----------------- Done invoking toplevel() on ptolemy.moml.MoMLSimpleApplication@6d3c73c1
reloadAllAccessors: .DiscreteClock22

===========================================================================================
----------------- testing Thu Jul 18 21:26:03 UTC 2019 /home/travis/build/icyphy/ptII/ptolemy/actor/lib/test/auto/DiscreteClock23.xml
----------------- Instantiating /home/travis/build/icyphy/ptII/ptolemy/actor/lib/test/auto/DiscreteClock23.xml
12 ms. Memory: 446464K Free: 377459K (85%)
----------------- Invoking toplevel() on ptolemy.moml.MoMLSimpleApplication@36e066f8
----------------- Done invoking toplevel() on ptolemy.moml.MoMLSimpleApplication@36e066f8
reloadAllAccessors: .DiscreteClock23

===========================================================================================
----------------- testing Thu Jul 18 21:26:03 UTC 2019 /home/travis/build/icyphy/ptII/ptolemy/actor/lib/test/auto/DiscreteClock24.xml
----------------- Instantiating /home/travis/build/icyphy/ptII/ptolemy/actor/lib/test/auto/DiscreteClock24.xml
5 ms. Memory: 446464K Free: 371829K (83%)
----------------- Invoking toplevel() on ptolemy.moml.MoMLSimpleApplication@6226f260
----------------- Done invoking toplevel() on ptolemy.moml.MoMLSimpleApplication@6226f260
reloadAllAccessors: .DiscreteClock24

===========================================================================================
----------------- testing Thu Jul 18 21:26:03 UTC 2019 /home/travis/build/icyphy/ptII/ptolemy/actor/lib/test/auto/DiscreteClock4.xml
----------------- Instantiating /home/travis/build/icyphy/ptII/ptolemy/actor/lib/test/auto/DiscreteClock4.xml
4 ms. Memory: 446464K Free: 366709K (82%)
----------------- Invoking toplevel() on ptolemy.moml.MoMLSimpleApplication@276cfb20
----------------- Done invoking toplevel() on ptolemy.moml.MoMLSimpleApplication@276cfb20
reloadAllAccessors: .DiscreteClock4

===========================================================================================
----------------- testing Thu Jul 18 21:26:03 UTC 2019 /home/travis/build/icyphy/ptII/ptolemy/actor/lib/test/auto/DiscreteClock5.xml
----------------- Instantiating /home/travis/build/icyphy/ptII/ptolemy/actor/lib/test/auto/DiscreteClock5.xml
2 ms. Memory: 446464K Free: 361069K (81%)
----------------- Invoking toplevel() on ptolemy.moml.MoMLSimpleApplication@272facbf
----------------- Done invoking toplevel() on ptolemy.moml.MoMLSimpleApplication@272facbf
reloadAllAccessors: .DiscreteClock5

===========================================================================================
----------------- testing Thu Jul 18 21:26:03 UTC 2019 /home/travis/build/icyphy/ptII/ptolemy/actor/lib/test/auto/DiscreteClock6.xml
----------------- Instantiating /home/travis/build/icyphy/ptII/ptolemy/actor/lib/test/auto/DiscreteClock6.xml
2 ms. Memory: 446464K Free: 356469K (80%)
----------------- Invoking toplevel() on ptolemy.moml.MoMLSimpleApplication@49854818
----------------- Done invoking toplevel() on ptolemy.moml.MoMLSimpleApplication@49854818
reloadAllAccessors: .DiscreteClock6

===========================================================================================
----------------- testing Thu Jul 18 21:26:03 UTC 2019 /home/travis/build/icyphy/ptII/ptolemy/actor/lib/test/auto/DiscreteClock7.xml
----------------- Instantiating /home/travis/build/icyphy/ptII/ptolemy/actor/lib/test/auto/DiscreteClock7.xml
2 ms. Memory: 446464K Free: 351859K (79%)
----------------- Invoking toplevel() on ptolemy.moml.MoMLSimpleApplication@24cff2c2
----------------- Done invoking toplevel() on ptolemy.moml.MoMLSimpleApplication@24cff2c2
reloadAllAccessors: .DiscreteClock7

===========================================================================================
----------------- testing Thu Jul 18 21:26:03 UTC 2019 /home/travis/build/icyphy/ptII/ptolemy/actor/lib/test/auto/DiscreteClock8.xml
----------------- Instantiating /home/travis/build/icyphy/ptII/ptolemy/actor/lib/test/auto/DiscreteClock8.xml
5 ms. Memory: 446464K Free: 346709K (78%)
----------------- Invoking toplevel() on ptolemy.moml.MoMLSimpleApplication@6bd1ba61
----------------- Done invoking toplevel() on ptolemy.moml.MoMLSimpleApplication@6bd1ba61
reloadAllAccessors: .DiscreteClock8

===========================================================================================
----------------- testing Thu Jul 18 21:26:03 UTC 2019 /home/travis/build/icyphy/ptII/ptolemy/actor/lib/test/auto/DiscreteClock9.xml
----------------- Instantiating /home/travis/build/icyphy/ptII/ptolemy/actor/lib/test/auto/DiscreteClock9.xml
4 ms. Memory: 446464K Free: 340565K (76%)
----------------- Invoking toplevel() on ptolemy.moml.MoMLSimpleApplication@14928c38
----------------- Done invoking toplevel() on ptolemy.moml.MoMLSimpleApplication@14928c38
reloadAllAccessors: .DiscreteClock9

===========================================================================================
----------------- testing Thu Jul 18 21:26:03 UTC 2019 /home/travis/build/icyphy/ptII/ptolemy/actor/lib/test/auto/DisplayArray.xml
----------------- Instantiating /home/travis/build/icyphy/ptII/ptolemy/actor/lib/test/auto/DisplayArray.xml
2 ms. Memory: 446464K Free: 337013K (75%)
----------------- Invoking toplevel() on ptolemy.moml.MoMLSimpleApplication@feae7c0
----------------- Done invoking toplevel() on ptolemy.moml.MoMLSimpleApplication@feae7c0
reloadAllAccessors: .DisplayArray

===========================================================================================
----------------- testing Thu Jul 18 21:26:03 UTC 2019 /home/travis/build/icyphy/ptII/ptolemy/actor/lib/test/auto/Distributor.xml
----------------- Instantiating /home/travis/build/icyphy/ptII/ptolemy/actor/lib/test/auto/Distributor.xml
2 ms. Memory: 446464K Free: 331893K (74%)
----------------- Invoking toplevel() on ptolemy.moml.MoMLSimpleApplication@6c4d35e6
----------------- Done invoking toplevel() on ptolemy.moml.MoMLSimpleApplication@6c4d35e6
reloadAllAccessors: .Distributor

===========================================================================================
----------------- testing Thu Jul 18 21:26:03 UTC 2019 /home/travis/build/icyphy/ptII/ptolemy/actor/lib/test/auto/Distributor2.xml
----------------- Instantiating /home/travis/build/icyphy/ptII/ptolemy/actor/lib/test/auto/Distributor2.xml
2 ms. Memory: 446464K Free: 326773K (73%)
----------------- Invoking toplevel() on ptolemy.moml.MoMLSimpleApplication@2d69416e
----------------- Done invoking toplevel() on ptolemy.moml.MoMLSimpleApplication@2d69416e
reloadAllAccessors: .Distributor2

===========================================================================================
----------------- testing Thu Jul 18 21:26:03 UTC 2019 /home/travis/build/icyphy/ptII/ptolemy/actor/lib/test/auto/DownSample.xml
----------------- Instantiating /home/travis/build/icyphy/ptII/ptolemy/actor/lib/test/auto/DownSample.xml
2 ms. Memory: 446464K Free: 322677K (72%)
----------------- Invoking toplevel() on ptolemy.moml.MoMLSimpleApplication@4ea6aeee
----------------- Done invoking toplevel() on ptolemy.moml.MoMLSimpleApplication@4ea6aeee
reloadAllAccessors: .DownSample

===========================================================================================
----------------- testing Thu Jul 18 21:26:03 UTC 2019 /home/travis/build/icyphy/ptII/ptolemy/actor/lib/test/auto/ElectronicUnitBase1.xml
----------------- Instantiating /home/travis/build/icyphy/ptII/ptolemy/actor/lib/test/auto/ElectronicUnitBase1.xml
14 ms. Memory: 446464K Free: 306293K (69%)
----------------- Invoking toplevel() on ptolemy.moml.MoMLSimpleApplication@60b51145
----------------- Done invoking toplevel() on ptolemy.moml.MoMLSimpleApplication@60b51145
reloadAllAccessors: .ElectronicUnitBase1

===========================================================================================
----------------- testing Thu Jul 18 21:26:03 UTC 2019 /home/travis/build/icyphy/ptII/ptolemy/actor/lib/test/auto/ElementsToArray.xml
----------------- Instantiating /home/travis/build/icyphy/ptII/ptolemy/actor/lib/test/auto/ElementsToArray.xml
4 ms. Memory: 446464K Free: 301173K (67%)
----------------- Invoking toplevel() on ptolemy.moml.MoMLSimpleApplication@1a4b7f63
----------------- Done invoking toplevel() on ptolemy.moml.MoMLSimpleApplication@1a4b7f63
reloadAllAccessors: .ElementsToArray

===========================================================================================
----------------- testing Thu Jul 18 21:26:03 UTC 2019 /home/travis/build/icyphy/ptII/ptolemy/actor/lib/test/auto/Equals.xml
----------------- Instantiating /home/travis/build/icyphy/ptII/ptolemy/actor/lib/test/auto/Equals.xml
3 ms. Memory: 446464K Free: 296563K (66%)
----------------- Invoking toplevel() on ptolemy.moml.MoMLSimpleApplication@62a64088
----------------- Done invoking toplevel() on ptolemy.moml.MoMLSimpleApplication@62a64088
reloadAllAccessors: .Equals

===========================================================================================
----------------- testing Thu Jul 18 21:26:03 UTC 2019 /home/travis/build/icyphy/ptII/ptolemy/actor/lib/test/auto/Exec.xml
----------------- Instantiating /home/travis/build/icyphy/ptII/ptolemy/actor/lib/test/auto/Exec.xml
23 ms. Memory: 446464K Free: 290419K (65%)
----------------- Invoking toplevel() on ptolemy.moml.MoMLSimpleApplication@68fb0b0d
----------------- Done invoking toplevel() on ptolemy.moml.MoMLSimpleApplication@68fb0b0d
reloadAllAccessors: .Exec

===========================================================================================
----------------- testing Thu Jul 18 21:26:03 UTC 2019 /home/travis/build/icyphy/ptII/ptolemy/actor/lib/test/auto/ExecEnvironment.xml
----------------- Instantiating /home/travis/build/icyphy/ptII/ptolemy/actor/lib/test/auto/ExecEnvironment.xml
41 ms. Memory: 446464K Free: 284789K (64%)
----------------- Invoking toplevel() on ptolemy.moml.MoMLSimpleApplication@426d383f
----------------- Done invoking toplevel() on ptolemy.moml.MoMLSimpleApplication@426d383f
reloadAllAccessors: .ExecEnvironment

===========================================================================================
----------------- testing Thu Jul 18 21:26:03 UTC 2019 /home/travis/build/icyphy/ptII/ptolemy/actor/lib/test/auto/ExecNonZeroReturnOutput.xml
----------------- Instantiating /home/travis/build/icyphy/ptII/ptolemy/actor/lib/test/auto/ExecNonZeroReturnOutput.xml
217 ms. Memory: 446464K Free: 273525K (61%)
----------------- Invoking toplevel() on ptolemy.moml.MoMLSimpleApplication@dc819e6
----------------- Done invoking toplevel() on ptolemy.moml.MoMLSimpleApplication@dc819e6
reloadAllAccessors: .ExecNonZeroReturnOutput

===========================================================================================
----------------- testing Thu Jul 18 21:26:04 UTC 2019 /home/travis/build/icyphy/ptII/ptolemy/actor/lib/test/auto/ExecRunDemos.xml
----------------- Instantiating /home/travis/build/icyphy/ptII/ptolemy/actor/lib/test/auto/ExecRunDemos.xml
Finished: 80 ms. Memory: 120832K Free: 104396K (86%)

Finished: 61 ms. Memory: 120832K Free: 109738K (91%)

Finished: 110 ms. Memory: 120832K Free: 110704K (92%)

Finished: 81 ms. Memory: 120832K Free: 103191K (85%)

Finished: 75 ms. Memory: 120832K Free: 103897K (86%)

10856 ms. Memory: 446464K Free: 253043K (57%)
----------------- Invoking toplevel() on ptolemy.moml.MoMLSimpleApplication@77d735f7
----------------- Done invoking toplevel() on ptolemy.moml.MoMLSimpleApplication@77d735f7
reloadAllAccessors: .ExecRunDemos

===========================================================================================
----------------- testing Thu Jul 18 21:26:15 UTC 2019 /home/travis/build/icyphy/ptII/ptolemy/actor/lib/test/auto/ExecStop.xml
----------------- Instantiating /home/travis/build/icyphy/ptII/ptolemy/actor/lib/test/auto/ExecStop.xml
5017 ms. Memory: 446464K Free: 138867K (31%)
----------------- Invoking toplevel() on ptolemy.moml.MoMLSimpleApplication@2ec0f469
----------------- Done invoking toplevel() on ptolemy.moml.MoMLSimpleApplication@2ec0f469
reloadAllAccessors: .ExecStop

===========================================================================================
----------------- testing Thu Jul 18 21:26:20 UTC 2019 /home/travis/build/icyphy/ptII/ptolemy/actor/lib/test/auto/ExecutionTimeSDF.xml
----------------- Instantiating /home/travis/build/icyphy/ptII/ptolemy/actor/lib/test/auto/ExecutionTimeSDF.xml
Fired ExecutionTime: -2131767296
Fired ExecutionTime: 1061600000
Fired ExecutionTime: -1122967296
6009 ms. Memory: 446464K Free: 390392K (87%)
----------------- Invoking toplevel() on ptolemy.moml.MoMLSimpleApplication@15b71ff
----------------- Done invoking toplevel() on ptolemy.moml.MoMLSimpleApplication@15b71ff
reloadAllAccessors: .ExecutionTimeSDF

===========================================================================================
----------------- testing Thu Jul 18 21:26:26 UTC 2019 /home/travis/build/icyphy/ptII/ptolemy/actor/lib/test/auto/Expression1.xml
----------------- Instantiating /home/travis/build/icyphy/ptII/ptolemy/actor/lib/test/auto/Expression1.xml
1 ms. Memory: 446464K Free: 386816K (87%)
----------------- Invoking toplevel() on ptolemy.moml.MoMLSimpleApplication@38df907b
----------------- Done invoking toplevel() on ptolemy.moml.MoMLSimpleApplication@38df907b
reloadAllAccessors: .Expression1

===========================================================================================
----------------- testing Thu Jul 18 21:26:26 UTC 2019 /home/travis/build/icyphy/ptII/ptolemy/actor/lib/test/auto/Expression10.xml
----------------- Instantiating /home/travis/build/icyphy/ptII/ptolemy/actor/lib/test/auto/Expression10.xml
8 ms. Memory: 446464K Free: 381182K (85%)
----------------- Invoking toplevel() on ptolemy.moml.MoMLSimpleApplication@64da6ea0
----------------- Done invoking toplevel() on ptolemy.moml.MoMLSimpleApplication@64da6ea0
reloadAllAccessors: .Expression10

===========================================================================================
----------------- testing Thu Jul 18 21:26:26 UTC 2019 /home/travis/build/icyphy/ptII/ptolemy/actor/lib/test/auto/Expression11.xml
----------------- Instantiating /home/travis/build/icyphy/ptII/ptolemy/actor/lib/test/auto/Expression11.xml
2 ms. Memory: 446464K Free: 376062K (84%)
----------------- Invoking toplevel() on ptolemy.moml.MoMLSimpleApplication@147d8d6e
----------------- Done invoking toplevel() on ptolemy.moml.MoMLSimpleApplication@147d8d6e
reloadAllAccessors: .Expression11

===========================================================================================
----------------- testing Thu Jul 18 21:26:26 UTC 2019 /home/travis/build/icyphy/ptII/ptolemy/actor/lib/test/auto/Expression12.xml
----------------- Instantiating /home/travis/build/icyphy/ptII/ptolemy/actor/lib/test/auto/Expression12.xml
4 ms. Memory: 446464K Free: 370432K (83%)
----------------- Invoking toplevel() on ptolemy.moml.MoMLSimpleApplication@690081b8
----------------- Done invoking toplevel() on ptolemy.moml.MoMLSimpleApplication@690081b8
reloadAllAccessors: .Expression12

===========================================================================================
----------------- testing Thu Jul 18 21:26:26 UTC 2019 /home/travis/build/icyphy/ptII/ptolemy/actor/lib/test/auto/Expression13.xml
----------------- Instantiating /home/travis/build/icyphy/ptII/ptolemy/actor/lib/test/auto/Expression13.xml
4 ms. Memory: 446464K Free: 365312K (82%)
----------------- Invoking toplevel() on ptolemy.moml.MoMLSimpleApplication@6eeaa8d3
----------------- Done invoking toplevel() on ptolemy.moml.MoMLSimpleApplication@6eeaa8d3
reloadAllAccessors: .Expression13

===========================================================================================
----------------- testing Thu Jul 18 21:26:26 UTC 2019 /home/travis/build/icyphy/ptII/ptolemy/actor/lib/test/auto/Expression14.xml
----------------- Instantiating /home/travis/build/icyphy/ptII/ptolemy/actor/lib/test/auto/Expression14.xml
7 ms. Memory: 446464K Free: 359678K (81%)
----------------- Invoking toplevel() on ptolemy.moml.MoMLSimpleApplication@18e2eb26
----------------- Done invoking toplevel() on ptolemy.moml.MoMLSimpleApplication@18e2eb26
reloadAllAccessors: .Expression14

===========================================================================================
----------------- testing Thu Jul 18 21:26:26 UTC 2019 /home/travis/build/icyphy/ptII/ptolemy/actor/lib/test/auto/Expression15.xml
----------------- Instantiating /home/travis/build/icyphy/ptII/ptolemy/actor/lib/test/auto/Expression15.xml
1 ms. Memory: 446464K Free: 355582K (80%)
----------------- Invoking toplevel() on ptolemy.moml.MoMLSimpleApplication@3ff64982
----------------- Done invoking toplevel() on ptolemy.moml.MoMLSimpleApplication@3ff64982
reloadAllAccessors: .Expression15

===========================================================================================
----------------- testing Thu Jul 18 21:26:26 UTC 2019 /home/travis/build/icyphy/ptII/ptolemy/actor/lib/test/auto/Expression16.xml
----------------- Instantiating /home/travis/build/icyphy/ptII/ptolemy/actor/lib/test/auto/Expression16.xml
4 ms. Memory: 446464K Free: 350462K (78%)
----------------- Invoking toplevel() on ptolemy.moml.MoMLSimpleApplication@5dc6fbe7
----------------- Done invoking toplevel() on ptolemy.moml.MoMLSimpleApplication@5dc6fbe7
reloadAllAccessors: .Expression16

===========================================================================================
----------------- testing Thu Jul 18 21:26:26 UTC 2019 /home/travis/build/icyphy/ptII/ptolemy/actor/lib/test/auto/Expression17.xml
----------------- Instantiating /home/travis/build/icyphy/ptII/ptolemy/actor/lib/test/auto/Expression17.xml
3 ms. Memory: 446464K Free: 345342K (77%)
----------------- Invoking toplevel() on ptolemy.moml.MoMLSimpleApplication@2ab9f950
----------------- Done invoking toplevel() on ptolemy.moml.MoMLSimpleApplication@2ab9f950
reloadAllAccessors: .Expression17

===========================================================================================
----------------- testing Thu Jul 18 21:26:26 UTC 2019 /home/travis/build/icyphy/ptII/ptolemy/actor/lib/test/auto/Expression18.xml
----------------- Instantiating /home/travis/build/icyphy/ptII/ptolemy/actor/lib/test/auto/Expression18.xml
3 ms. Memory: 446464K Free: 340222K (76%)
----------------- Invoking toplevel() on ptolemy.moml.MoMLSimpleApplication@416c7c7c
----------------- Done invoking toplevel() on ptolemy.moml.MoMLSimpleApplication@416c7c7c
reloadAllAccessors: .Expression18

===========================================================================================
----------------- testing Thu Jul 18 21:26:26 UTC 2019 /home/travis/build/icyphy/ptII/ptolemy/actor/lib/test/auto/Expression2.xml
----------------- Instantiating /home/travis/build/icyphy/ptII/ptolemy/actor/lib/test/auto/Expression2.xml
3 ms. Memory: 446464K Free: 335616K (75%)
----------------- Invoking toplevel() on ptolemy.moml.MoMLSimpleApplication@3f2868cd
----------------- Done invoking toplevel() on ptolemy.moml.MoMLSimpleApplication@3f2868cd
reloadAllAccessors: .Expression2

===========================================================================================
----------------- testing Thu Jul 18 21:26:26 UTC 2019 /home/travis/build/icyphy/ptII/ptolemy/actor/lib/test/auto/Expression3.xml
----------------- Instantiating /home/travis/build/icyphy/ptII/ptolemy/actor/lib/test/auto/Expression3.xml
6 ms. Memory: 446464K Free: 330496K (74%)
----------------- Invoking toplevel() on ptolemy.moml.MoMLSimpleApplication@4a041664
----------------- Done invoking toplevel() on ptolemy.moml.MoMLSimpleApplication@4a041664
reloadAllAccessors: .Expression3

===========================================================================================
----------------- testing Thu Jul 18 21:26:26 UTC 2019 /home/travis/build/icyphy/ptII/ptolemy/actor/lib/test/auto/Expression4.xml
----------------- Instantiating /home/travis/build/icyphy/ptII/ptolemy/actor/lib/test/auto/Expression4.xml
6 ms. Memory: 446464K Free: 322814K (72%)
----------------- Invoking toplevel() on ptolemy.moml.MoMLSimpleApplication@3d895e09
----------------- Done invoking toplevel() on ptolemy.moml.MoMLSimpleApplication@3d895e09
reloadAllAccessors: .Expression4

===========================================================================================
----------------- testing Thu Jul 18 21:26:26 UTC 2019 /home/travis/build/icyphy/ptII/ptolemy/actor/lib/test/auto/Expression5.xml
----------------- Instantiating /home/travis/build/icyphy/ptII/ptolemy/actor/lib/test/auto/Expression5.xml
4 ms. Memory: 446464K Free: 317694K (71%)
----------------- Invoking toplevel() on ptolemy.moml.MoMLSimpleApplication@740659c5
----------------- Done invoking toplevel() on ptolemy.moml.MoMLSimpleApplication@740659c5
reloadAllAccessors: .Expression5

===========================================================================================
----------------- testing Thu Jul 18 21:26:26 UTC 2019 /home/travis/build/icyphy/ptII/ptolemy/actor/lib/test/auto/Expression6.xml
----------------- Instantiating /home/travis/build/icyphy/ptII/ptolemy/actor/lib/test/auto/Expression6.xml
2 ms. Memory: 446464K Free: 313088K (70%)
----------------- Invoking toplevel() on ptolemy.moml.MoMLSimpleApplication@ec179d7
----------------- Done invoking toplevel() on ptolemy.moml.MoMLSimpleApplication@ec179d7
reloadAllAccessors: .Expression6

===========================================================================================
----------------- testing Thu Jul 18 21:26:26 UTC 2019 /home/travis/build/icyphy/ptII/ptolemy/actor/lib/test/auto/Expression7.xml
----------------- Instantiating /home/travis/build/icyphy/ptII/ptolemy/actor/lib/test/auto/Expression7.xml
2 ms. Memory: 446464K Free: 307968K (69%)
----------------- Invoking toplevel() on ptolemy.moml.MoMLSimpleApplication@108bc2aa
----------------- Done invoking toplevel() on ptolemy.moml.MoMLSimpleApplication@108bc2aa
reloadAllAccessors: .Expression7

===========================================================================================
----------------- testing Thu Jul 18 21:26:26 UTC 2019 /home/travis/build/icyphy/ptII/ptolemy/actor/lib/test/auto/Expression8.xml
----------------- Instantiating /home/travis/build/icyphy/ptII/ptolemy/actor/lib/test/auto/Expression8.xml
11 ms. Memory: 446464K Free: 303358K (68%)
----------------- Invoking toplevel() on ptolemy.moml.MoMLSimpleApplication@1b334165
----------------- Done invoking toplevel() on ptolemy.moml.MoMLSimpleApplication@1b334165
reloadAllAccessors: .Expression8

===========================================================================================
----------------- testing Thu Jul 18 21:26:26 UTC 2019 /home/travis/build/icyphy/ptII/ptolemy/actor/lib/test/auto/Expression9.xml
----------------- Instantiating /home/travis/build/icyphy/ptII/ptolemy/actor/lib/test/auto/Expression9.xml
1 ms. Memory: 446464K Free: 299262K (67%)
----------------- Invoking toplevel() on ptolemy.moml.MoMLSimpleApplication@5081614b
----------------- Done invoking toplevel() on ptolemy.moml.MoMLSimpleApplication@5081614b
reloadAllAccessors: .Expression9

===========================================================================================
----------------- testing Thu Jul 18 21:26:26 UTC 2019 /home/travis/build/icyphy/ptII/ptolemy/actor/lib/test/auto/ExpressionConcatenateArrayType.xml
----------------- Instantiating /home/travis/build/icyphy/ptII/ptolemy/actor/lib/test/auto/ExpressionConcatenateArrayType.xml
4 ms. Memory: 446464K Free: 292608K (66%)
----------------- Invoking toplevel() on ptolemy.moml.MoMLSimpleApplication@728d92ae
----------------- Done invoking toplevel() on ptolemy.moml.MoMLSimpleApplication@728d92ae
reloadAllAccessors: .ExpressionConcatenateArrayType

===========================================================================================
----------------- testing Thu Jul 18 21:26:26 UTC 2019 /home/travis/build/icyphy/ptII/ptolemy/actor/lib/test/auto/ExpressionConcatenateArrayType2.xml
----------------- Instantiating /home/travis/build/icyphy/ptII/ptolemy/actor/lib/test/auto/ExpressionConcatenateArrayType2.xml
6 ms. Memory: 446464K Free: 286974K (64%)
----------------- Invoking toplevel() on ptolemy.moml.MoMLSimpleApplication@27038a89
----------------- Done invoking toplevel() on ptolemy.moml.MoMLSimpleApplication@27038a89
reloadAllAccessors: .ExpressionConcatenateArrayType2

===========================================================================================
----------------- testing Thu Jul 18 21:26:26 UTC 2019 /home/travis/build/icyphy/ptII/ptolemy/actor/lib/test/auto/ExpressionFix.xml
----------------- Instantiating /home/travis/build/icyphy/ptII/ptolemy/actor/lib/test/auto/ExpressionFix.xml
26 ms. Memory: 446464K Free: 280320K (63%)
----------------- Invoking toplevel() on ptolemy.moml.MoMLSimpleApplication@6ec0d729
----------------- Done invoking toplevel() on ptolemy.moml.MoMLSimpleApplication@6ec0d729
reloadAllAccessors: .ExpressionFix

===========================================================================================
----------------- testing Thu Jul 18 21:26:26 UTC 2019 /home/travis/build/icyphy/ptII/ptolemy/actor/lib/test/auto/ExpressionFix2.xml
----------------- Instantiating /home/travis/build/icyphy/ptII/ptolemy/actor/lib/test/auto/ExpressionFix2.xml
3 ms. Memory: 446464K Free: 275710K (62%)
----------------- Invoking toplevel() on ptolemy.moml.MoMLSimpleApplication@1eecc1a
----------------- Done invoking toplevel() on ptolemy.moml.MoMLSimpleApplication@1eecc1a
reloadAllAccessors: .ExpressionFix2

===========================================================================================
----------------- testing Thu Jul 18 21:26:26 UTC 2019 /home/travis/build/icyphy/ptII/ptolemy/actor/lib/test/auto/ExpressionFix3.xml
----------------- Instantiating /home/travis/build/icyphy/ptII/ptolemy/actor/lib/test/auto/ExpressionFix3.xml
3 ms. Memory: 446464K Free: 271614K (61%)
----------------- Invoking toplevel() on ptolemy.moml.MoMLSimpleApplication@4e32da2d
----------------- Done invoking toplevel() on ptolemy.moml.MoMLSimpleApplication@4e32da2d
reloadAllAccessors: .ExpressionFix3

===========================================================================================
----------------- testing Thu Jul 18 21:26:26 UTC 2019 /home/travis/build/icyphy/ptII/ptolemy/actor/lib/test/auto/FileWriter1.xml
----------------- Instantiating /home/travis/build/icyphy/ptII/ptolemy/actor/lib/test/auto/FileWriter1.xml
3 ms. Memory: 446464K Free: 267518K (60%)
----------------- Invoking toplevel() on ptolemy.moml.MoMLSimpleApplication@64a46907
----------------- Done invoking toplevel() on ptolemy.moml.MoMLSimpleApplication@64a46907
reloadAllAccessors: .FileWriter1

===========================================================================================
----------------- testing Thu Jul 18 21:26:26 UTC 2019 /home/travis/build/icyphy/ptII/ptolemy/actor/lib/test/auto/FileWriter2.xml
----------------- Instantiating /home/travis/build/icyphy/ptII/ptolemy/actor/lib/test/auto/FileWriter2.xml
3 ms. Memory: 446464K Free: 262912K (59%)
----------------- Invoking toplevel() on ptolemy.moml.MoMLSimpleApplication@7a9e8a04
----------------- Done invoking toplevel() on ptolemy.moml.MoMLSimpleApplication@7a9e8a04
reloadAllAccessors: .FileWriter2

===========================================================================================
----------------- testing Thu Jul 18 21:26:26 UTC 2019 /home/travis/build/icyphy/ptII/ptolemy/actor/lib/test/auto/FileWriter3.xml
----------------- Instantiating /home/travis/build/icyphy/ptII/ptolemy/actor/lib/test/auto/FileWriter3.xml
2 ms. Memory: 446464K Free: 258816K (58%)
----------------- Invoking toplevel() on ptolemy.moml.MoMLSimpleApplication@1bfe4a5c
----------------- Done invoking toplevel() on ptolemy.moml.MoMLSimpleApplication@1bfe4a5c
reloadAllAccessors: .FileWriter3

===========================================================================================
----------------- testing Thu Jul 18 21:26:26 UTC 2019 /home/travis/build/icyphy/ptII/ptolemy/actor/lib/test/auto/Gaussian.xml
----------------- Instantiating /home/travis/build/icyphy/ptII/ptolemy/actor/lib/test/auto/Gaussian.xml
2 ms. Memory: 446464K Free: 254192K (57%)
----------------- Invoking toplevel() on ptolemy.moml.MoMLSimpleApplication@15b51694
----------------- Done invoking toplevel() on ptolemy.moml.MoMLSimpleApplication@15b51694
reloadAllAccessors: .Gaussian

===========================================================================================
----------------- testing Thu Jul 18 21:26:26 UTC 2019 /home/travis/build/icyphy/ptII/ptolemy/actor/lib/test/auto/Gaussian1.xml
----------------- Instantiating /home/travis/build/icyphy/ptII/ptolemy/actor/lib/test/auto/Gaussian1.xml
9 ms. Memory: 446464K Free: 249072K (56%)
----------------- Invoking toplevel() on ptolemy.moml.MoMLSimpleApplication@1478d4f3
----------------- Done invoking toplevel() on ptolemy.moml.MoMLSimpleApplication@1478d4f3
reloadAllAccessors: .Gaussian1

===========================================================================================
----------------- testing Thu Jul 18 21:26:26 UTC 2019 /home/travis/build/icyphy/ptII/ptolemy/actor/lib/test/auto/Gaussian2.xml
----------------- Instantiating /home/travis/build/icyphy/ptII/ptolemy/actor/lib/test/auto/Gaussian2.xml
2 ms. Memory: 446464K Free: 243456K (55%)
----------------- Invoking toplevel() on ptolemy.moml.MoMLSimpleApplication@2f23514d
----------------- Done invoking toplevel() on ptolemy.moml.MoMLSimpleApplication@2f23514d
reloadAllAccessors: .Gaussian2

===========================================================================================
----------------- testing Thu Jul 18 21:26:26 UTC 2019 /home/travis/build/icyphy/ptII/ptolemy/actor/lib/test/auto/GradientAdaptiveLattice.xml
----------------- Instantiating /home/travis/build/icyphy/ptII/ptolemy/actor/lib/test/auto/GradientAdaptiveLattice.xml
5 ms. Memory: 446464K Free: 237822K (53%)
----------------- Invoking toplevel() on ptolemy.moml.MoMLSimpleApplication@9261f87
----------------- Done invoking toplevel() on ptolemy.moml.MoMLSimpleApplication@9261f87
reloadAllAccessors: .GradientAdaptiveLattice

===========================================================================================
----------------- testing Thu Jul 18 21:26:26 UTC 2019 /home/travis/build/icyphy/ptII/ptolemy/actor/lib/test/auto/IIR.xml
----------------- Instantiating /home/travis/build/icyphy/ptII/ptolemy/actor/lib/test/auto/IIR.xml
2 ms. Memory: 446464K Free: 233726K (52%)
----------------- Invoking toplevel() on ptolemy.moml.MoMLSimpleApplication@1d942006
----------------- Done invoking toplevel() on ptolemy.moml.MoMLSimpleApplication@1d942006
reloadAllAccessors: .IIR

===========================================================================================
----------------- testing Thu Jul 18 21:26:26 UTC 2019 /home/travis/build/icyphy/ptII/ptolemy/actor/lib/test/auto/InputOutputTransparentPorts.xml
----------------- Instantiating /home/travis/build/icyphy/ptII/ptolemy/actor/lib/test/auto/InputOutputTransparentPorts.xml
2 ms. Memory: 446464K Free: 226558K (51%)
----------------- Invoking toplevel() on ptolemy.moml.MoMLSimpleApplication@1ecebd14
----------------- Done invoking toplevel() on ptolemy.moml.MoMLSimpleApplication@1ecebd14
reloadAllAccessors: .InputOutputTransparentPorts

===========================================================================================
----------------- testing Thu Jul 18 21:26:26 UTC 2019 /home/travis/build/icyphy/ptII/ptolemy/actor/lib/test/auto/Interpolator.xml
----------------- Instantiating /home/travis/build/icyphy/ptII/ptolemy/actor/lib/test/auto/Interpolator.xml
3 ms. Memory: 446464K Free: 222462K (50%)
----------------- Invoking toplevel() on ptolemy.moml.MoMLSimpleApplication@481a92e8
----------------- Done invoking toplevel() on ptolemy.moml.MoMLSimpleApplication@481a92e8
reloadAllAccessors: .Interpolator

===========================================================================================
----------------- testing Thu Jul 18 21:26:26 UTC 2019 /home/travis/build/icyphy/ptII/ptolemy/actor/lib/test/auto/InterpolatorFiringLimitDE.xml
----------------- Instantiating /home/travis/build/icyphy/ptII/ptolemy/actor/lib/test/auto/InterpolatorFiringLimitDE.xml
3 ms. Memory: 446464K Free: 215808K (48%)
----------------- Invoking toplevel() on ptolemy.moml.MoMLSimpleApplication@2c89ee62
----------------- Done invoking toplevel() on ptolemy.moml.MoMLSimpleApplication@2c89ee62
reloadAllAccessors: .InterpolatorFiringLimitDE

===========================================================================================
----------------- testing Thu Jul 18 21:26:26 UTC 2019 /home/travis/build/icyphy/ptII/ptolemy/actor/lib/test/auto/Lattice.xml
----------------- Instantiating /home/travis/build/icyphy/ptII/ptolemy/actor/lib/test/auto/Lattice.xml
2 ms. Memory: 446464K Free: 211712K (47%)
----------------- Invoking toplevel() on ptolemy.moml.MoMLSimpleApplication@66050a89
----------------- Done invoking toplevel() on ptolemy.moml.MoMLSimpleApplication@66050a89
reloadAllAccessors: .Lattice

===========================================================================================
----------------- testing Thu Jul 18 21:26:26 UTC 2019 /home/travis/build/icyphy/ptII/ptolemy/actor/lib/test/auto/LazyAOCTestLazy.xml
----------------- Instantiating /home/travis/build/icyphy/ptII/ptolemy/actor/lib/test/auto/LazyAOCTestLazy.xml
8 ms. Memory: 446464K Free: 205568K (46%)
----------------- Invoking toplevel() on ptolemy.moml.MoMLSimpleApplication@f833177
----------------- Done invoking toplevel() on ptolemy.moml.MoMLSimpleApplication@f833177
reloadAllAccessors: .LazyAOCTestLazy

===========================================================================================
----------------- testing Thu Jul 18 21:26:26 UTC 2019 /home/travis/build/icyphy/ptII/ptolemy/actor/lib/test/auto/LazyAOCTestNonLazy.xml
----------------- Instantiating /home/travis/build/icyphy/ptII/ptolemy/actor/lib/test/auto/LazyAOCTestNonLazy.xml
2 ms. Memory: 446464K Free: 198400K (44%)
----------------- Invoking toplevel() on ptolemy.moml.MoMLSimpleApplication@f94c407
----------------- Done invoking toplevel() on ptolemy.moml.MoMLSimpleApplication@f94c407
reloadAllAccessors: .LazyAOCTestNonLazy

===========================================================================================
----------------- testing Thu Jul 18 21:26:27 UTC 2019 /home/travis/build/icyphy/ptII/ptolemy/actor/lib/test/auto/LazyInnerClass.xml
----------------- Instantiating /home/travis/build/icyphy/ptII/ptolemy/actor/lib/test/auto/LazyInnerClass.xml
20 ms. Memory: 446464K Free: 189694K (42%)
----------------- Invoking toplevel() on ptolemy.moml.MoMLSimpleApplication@24849a10
----------------- Done invoking toplevel() on ptolemy.moml.MoMLSimpleApplication@24849a10
reloadAllAccessors: .LazyInnerClass

===========================================================================================
----------------- testing Thu Jul 18 21:26:27 UTC 2019 /home/travis/build/icyphy/ptII/ptolemy/actor/lib/test/auto/LazyPubSub.xml
----------------- Instantiating /home/travis/build/icyphy/ptII/ptolemy/actor/lib/test/auto/LazyPubSub.xml
26 ms. Memory: 446464K Free: 179454K (40%)
----------------- Invoking toplevel() on ptolemy.moml.MoMLSimpleApplication@62f32975
----------------- Done invoking toplevel() on ptolemy.moml.MoMLSimpleApplication@62f32975
reloadAllAccessors: .LazyPubSub

===========================================================================================
----------------- testing Thu Jul 18 21:26:27 UTC 2019 /home/travis/build/icyphy/ptII/ptolemy/actor/lib/test/auto/LazyPubSub2.xml
----------------- Instantiating /home/travis/build/icyphy/ptII/ptolemy/actor/lib/test/auto/LazyPubSub2.xml
13 ms. Memory: 446464K Free: 170238K (38%)
----------------- Invoking toplevel() on ptolemy.moml.MoMLSimpleApplication@7e038b9e
----------------- Done invoking toplevel() on ptolemy.moml.MoMLSimpleApplication@7e038b9e
reloadAllAccessors: .LazyPubSub2

===========================================================================================
----------------- testing Thu Jul 18 21:26:27 UTC 2019 /home/travis/build/icyphy/ptII/ptolemy/actor/lib/test/auto/LazyPubSub3.xml
----------------- Instantiating /home/travis/build/icyphy/ptII/ptolemy/actor/lib/test/auto/LazyPubSub3.xml
14 ms. Memory: 446464K Free: 159998K (36%)
----------------- Invoking toplevel() on ptolemy.moml.MoMLSimpleApplication@490366e4
----------------- Done invoking toplevel() on ptolemy.moml.MoMLSimpleApplication@490366e4
reloadAllAccessors: .LazyPubSub3

===========================================================================================
----------------- testing Thu Jul 18 21:26:27 UTC 2019 /home/travis/build/icyphy/ptII/ptolemy/actor/lib/test/auto/LazySubClassModel.xml
----------------- Instantiating /home/travis/build/icyphy/ptII/ptolemy/actor/lib/test/auto/LazySubClassModel.xml
2 ms. Memory: 446464K Free: 150782K (34%)
----------------- Invoking toplevel() on ptolemy.moml.MoMLSimpleApplication@2842842d
----------------- Done invoking toplevel() on ptolemy.moml.MoMLSimpleApplication@2842842d
reloadAllAccessors: .LazySubClassModel

===========================================================================================
----------------- testing Thu Jul 18 21:26:27 UTC 2019 /home/travis/build/icyphy/ptII/ptolemy/actor/lib/test/auto/LevelCrossTest1.xml
----------------- Instantiating /home/travis/build/icyphy/ptII/ptolemy/actor/lib/test/auto/LevelCrossTest1.xml
1 ms. Memory: 446464K Free: 145152K (33%)
----------------- Invoking toplevel() on ptolemy.moml.MoMLSimpleApplication@e6bfcba
----------------- Done invoking toplevel() on ptolemy.moml.MoMLSimpleApplication@e6bfcba
reloadAllAccessors: .broken

===========================================================================================
----------------- testing Thu Jul 18 21:26:27 UTC 2019 /home/travis/build/icyphy/ptII/ptolemy/actor/lib/test/auto/LevelCrossTest10.xml
----------------- Instantiating /home/travis/build/icyphy/ptII/ptolemy/actor/lib/test/auto/LevelCrossTest10.xml
2 ms. Memory: 446464K Free: 137984K (31%)
----------------- Invoking toplevel() on ptolemy.moml.MoMLSimpleApplication@f9245b8
----------------- Done invoking toplevel() on ptolemy.moml.MoMLSimpleApplication@f9245b8
reloadAllAccessors: .LevelCrossTest10

===========================================================================================
----------------- testing Thu Jul 18 21:26:27 UTC 2019 /home/travis/build/icyphy/ptII/ptolemy/actor/lib/test/auto/LevelCrossTest11.xml
----------------- Instantiating /home/travis/build/icyphy/ptII/ptolemy/actor/lib/test/auto/LevelCrossTest11.xml
1 ms. Memory: 446464K Free: 393882K (88%)
----------------- Invoking toplevel() on ptolemy.moml.MoMLSimpleApplication@5b4c3f62
----------------- Done invoking toplevel() on ptolemy.moml.MoMLSimpleApplication@5b4c3f62
reloadAllAccessors: .LevelCrossTest11

===========================================================================================
----------------- testing Thu Jul 18 21:26:27 UTC 2019 /home/travis/build/icyphy/ptII/ptolemy/actor/lib/test/auto/LevelCrossTest12.xml
----------------- Instantiating /home/travis/build/icyphy/ptII/ptolemy/actor/lib/test/auto/LevelCrossTest12.xml
1 ms. Memory: 446464K Free: 386505K (87%)
----------------- Invoking toplevel() on ptolemy.moml.MoMLSimpleApplication@85895d9
----------------- Done invoking toplevel() on ptolemy.moml.MoMLSimpleApplication@85895d9
reloadAllAccessors: .LevelCrossTest12

===========================================================================================
----------------- testing Thu Jul 18 21:26:27 UTC 2019 /home/travis/build/icyphy/ptII/ptolemy/actor/lib/test/auto/LevelCrossTest13.xml
----------------- Instantiating /home/travis/build/icyphy/ptII/ptolemy/actor/lib/test/auto/LevelCrossTest13.xml
1 ms. Memory: 446464K Free: 379337K (85%)
----------------- Invoking toplevel() on ptolemy.moml.MoMLSimpleApplication@6fba2ee1
----------------- Done invoking toplevel() on ptolemy.moml.MoMLSimpleApplication@6fba2ee1
reloadAllAccessors: .LevelCrossTest13

===========================================================================================
----------------- testing Thu Jul 18 21:26:27 UTC 2019 /home/travis/build/icyphy/ptII/ptolemy/actor/lib/test/auto/LevelCrossTest2.xml
----------------- Instantiating /home/travis/build/icyphy/ptII/ptolemy/actor/lib/test/auto/LevelCrossTest2.xml
2 ms. Memory: 446464K Free: 373703K (84%)
----------------- Invoking toplevel() on ptolemy.moml.MoMLSimpleApplication@6afeb3f0
----------------- Done invoking toplevel() on ptolemy.moml.MoMLSimpleApplication@6afeb3f0
reloadAllAccessors: .broken

===========================================================================================
----------------- testing Thu Jul 18 21:26:27 UTC 2019 /home/travis/build/icyphy/ptII/ptolemy/actor/lib/test/auto/LevelCrossTest3.xml
----------------- Instantiating /home/travis/build/icyphy/ptII/ptolemy/actor/lib/test/auto/LevelCrossTest3.xml
2 ms. Memory: 446464K Free: 367559K (82%)
----------------- Invoking toplevel() on ptolemy.moml.MoMLSimpleApplication@2e2580d5
----------------- Done invoking toplevel() on ptolemy.moml.MoMLSimpleApplication@2e2580d5
reloadAllAccessors: .LevelCrossTest3

===========================================================================================
----------------- testing Thu Jul 18 21:26:27 UTC 2019 /home/travis/build/icyphy/ptII/ptolemy/actor/lib/test/auto/LevelCrossTest4.xml
----------------- Instantiating /home/travis/build/icyphy/ptII/ptolemy/actor/lib/test/auto/LevelCrossTest4.xml
1 ms. Memory: 446464K Free: 361929K (81%)
----------------- Invoking toplevel() on ptolemy.moml.MoMLSimpleApplication@46df3fac
----------------- Done invoking toplevel() on ptolemy.moml.MoMLSimpleApplication@46df3fac
reloadAllAccessors: .broken

===========================================================================================
----------------- testing Thu Jul 18 21:26:27 UTC 2019 /home/travis/build/icyphy/ptII/ptolemy/actor/lib/test/auto/LevelCrossTest5.xml
----------------- Instantiating /home/travis/build/icyphy/ptII/ptolemy/actor/lib/test/auto/LevelCrossTest5.xml
4 ms. Memory: 446464K Free: 355271K (80%)
----------------- Invoking toplevel() on ptolemy.moml.MoMLSimpleApplication@17b80d9e
----------------- Done invoking toplevel() on ptolemy.moml.MoMLSimpleApplication@17b80d9e
reloadAllAccessors: .LevelCrossTest5

===========================================================================================
----------------- testing Thu Jul 18 21:26:27 UTC 2019 /home/travis/build/icyphy/ptII/ptolemy/actor/lib/test/auto/LevelCrossTest6.xml
----------------- Instantiating /home/travis/build/icyphy/ptII/ptolemy/actor/lib/test/auto/LevelCrossTest6.xml
1 ms. Memory: 446464K Free: 348103K (78%)
----------------- Invoking toplevel() on ptolemy.moml.MoMLSimpleApplication@5162e7d4
----------------- Done invoking toplevel() on ptolemy.moml.MoMLSimpleApplication@5162e7d4
reloadAllAccessors: .LevelCrossTest6

===========================================================================================
----------------- testing Thu Jul 18 21:26:27 UTC 2019 /home/travis/build/icyphy/ptII/ptolemy/actor/lib/test/auto/LevelCrossTest7.xml
----------------- Instantiating /home/travis/build/icyphy/ptII/ptolemy/actor/lib/test/auto/LevelCrossTest7.xml
2 ms. Memory: 446464K Free: 340935K (76%)
----------------- Invoking toplevel() on ptolemy.moml.MoMLSimpleApplication@3fcf4a7e
----------------- Done invoking toplevel() on ptolemy.moml.MoMLSimpleApplication@3fcf4a7e
reloadAllAccessors: .LevelCrossTest7

===========================================================================================
----------------- testing Thu Jul 18 21:26:27 UTC 2019 /home/travis/build/icyphy/ptII/ptolemy/actor/lib/test/auto/LevelCrossTest8.xml
----------------- Instantiating /home/travis/build/icyphy/ptII/ptolemy/actor/lib/test/auto/LevelCrossTest8.xml
1 ms. Memory: 446464K Free: 333257K (75%)
----------------- Invoking toplevel() on ptolemy.moml.MoMLSimpleApplication@540cb63a
----------------- Done invoking toplevel() on ptolemy.moml.MoMLSimpleApplication@540cb63a
reloadAllAccessors: .LevelCrossTest8

===========================================================================================
----------------- testing Thu Jul 18 21:26:27 UTC 2019 /home/travis/build/icyphy/ptII/ptolemy/actor/lib/test/auto/LevelCrossTest9.xml
----------------- Instantiating /home/travis/build/icyphy/ptII/ptolemy/actor/lib/test/auto/LevelCrossTest9.xml
1 ms. Memory: 446464K Free: 325575K (73%)
----------------- Invoking toplevel() on ptolemy.moml.MoMLSimpleApplication@da2db4b
----------------- Done invoking toplevel() on ptolemy.moml.MoMLSimpleApplication@da2db4b
reloadAllAccessors: .LevelCrossTest9

===========================================================================================
----------------- testing Thu Jul 18 21:26:27 UTC 2019 /home/travis/build/icyphy/ptII/ptolemy/actor/lib/test/auto/LevinsonDurbin.xml
----------------- Instantiating /home/travis/build/icyphy/ptII/ptolemy/actor/lib/test/auto/LevinsonDurbin.xml
1 ms. Memory: 446464K Free: 321479K (72%)
----------------- Invoking toplevel() on ptolemy.moml.MoMLSimpleApplication@6af57daa
----------------- Done invoking toplevel() on ptolemy.moml.MoMLSimpleApplication@6af57daa
reloadAllAccessors: .LevinsonDurbin

===========================================================================================
----------------- testing Thu Jul 18 21:26:27 UTC 2019 /home/travis/build/icyphy/ptII/ptolemy/actor/lib/test/auto/LevinsonDurbin2.xml
----------------- Instantiating /home/travis/build/icyphy/ptII/ptolemy/actor/lib/test/auto/LevinsonDurbin2.xml
6 ms. Memory: 446464K Free: 317383K (71%)
----------------- Invoking toplevel() on ptolemy.moml.MoMLSimpleApplication@2fac4cb
----------------- Done invoking toplevel() on ptolemy.moml.MoMLSimpleApplication@2fac4cb
reloadAllAccessors: .LevinsonDurbin2

===========================================================================================
----------------- testing Thu Jul 18 21:26:27 UTC 2019 /home/travis/build/icyphy/ptII/ptolemy/actor/lib/test/auto/LevinsonDurbin3.xml
----------------- Instantiating /home/travis/build/icyphy/ptII/ptolemy/actor/lib/test/auto/LevinsonDurbin3.xml
2 ms. Memory: 446464K Free: 313287K (70%)
----------------- Invoking toplevel() on ptolemy.moml.MoMLSimpleApplication@4683a861
----------------- Done invoking toplevel() on ptolemy.moml.MoMLSimpleApplication@4683a861
reloadAllAccessors: .LevinsonDurbin3

===========================================================================================
----------------- testing Thu Jul 18 21:26:27 UTC 2019 /home/travis/build/icyphy/ptII/ptolemy/actor/lib/test/auto/Limiter.xml
----------------- Instantiating /home/travis/build/icyphy/ptII/ptolemy/actor/lib/test/auto/Limiter.xml
12 ms. Memory: 446464K Free: 304071K (68%)
----------------- Invoking toplevel() on ptolemy.moml.MoMLSimpleApplication@694e19a9
----------------- Done invoking toplevel() on ptolemy.moml.MoMLSimpleApplication@694e19a9
reloadAllAccessors: .Limiter

===========================================================================================
----------------- testing Thu Jul 18 21:26:27 UTC 2019 /home/travis/build/icyphy/ptII/ptolemy/actor/lib/test/auto/LinearDifferenceEquationSystem.xml
----------------- Instantiating /home/travis/build/icyphy/ptII/ptolemy/actor/lib/test/auto/LinearDifferenceEquationSystem.xml
4 ms. Memory: 446464K Free: 296903K (67%)
----------------- Invoking toplevel() on ptolemy.moml.MoMLSimpleApplication@73b88ed7
----------------- Done invoking toplevel() on ptolemy.moml.MoMLSimpleApplication@73b88ed7
reloadAllAccessors: .LinearDifferenceEquationSystem

===========================================================================================
----------------- testing Thu Jul 18 21:26:27 UTC 2019 /home/travis/build/icyphy/ptII/ptolemy/actor/lib/test/auto/LookupTable.xml
----------------- Instantiating /home/travis/build/icyphy/ptII/ptolemy/actor/lib/test/auto/LookupTable.xml
2 ms. Memory: 446464K Free: 292297K (65%)
----------------- Invoking toplevel() on ptolemy.moml.MoMLSimpleApplication@26c7a1a5
----------------- Done invoking toplevel() on ptolemy.moml.MoMLSimpleApplication@26c7a1a5
reloadAllAccessors: .LookupTable

===========================================================================================
----------------- testing Thu Jul 18 21:26:27 UTC 2019 /home/travis/build/icyphy/ptII/ptolemy/actor/lib/test/auto/MathFunction.xml
----------------- Instantiating /home/travis/build/icyphy/ptII/ptolemy/actor/lib/test/auto/MathFunction.xml
2 ms. Memory: 446464K Free: 284105K (64%)
----------------- Invoking toplevel() on ptolemy.moml.MoMLSimpleApplication@263f0b80
----------------- Done invoking toplevel() on ptolemy.moml.MoMLSimpleApplication@263f0b80
reloadAllAccessors: .MathFunction

===========================================================================================
----------------- testing Thu Jul 18 21:26:27 UTC 2019 /home/travis/build/icyphy/ptII/ptolemy/actor/lib/test/auto/MathFunction2.xml
----------------- Instantiating /home/travis/build/icyphy/ptII/ptolemy/actor/lib/test/auto/MathFunction2.xml
7 ms. Memory: 446464K Free: 280009K (63%)
----------------- Invoking toplevel() on ptolemy.moml.MoMLSimpleApplication@7e5be6c7
----------------- Done invoking toplevel() on ptolemy.moml.MoMLSimpleApplication@7e5be6c7
reloadAllAccessors: .MathFunction2

===========================================================================================
----------------- testing Thu Jul 18 21:26:27 UTC 2019 /home/travis/build/icyphy/ptII/ptolemy/actor/lib/test/auto/MathFunction3.xml
----------------- Instantiating /home/travis/build/icyphy/ptII/ptolemy/actor/lib/test/auto/MathFunction3.xml
2 ms. Memory: 446464K Free: 272841K (61%)
----------------- Invoking toplevel() on ptolemy.moml.MoMLSimpleApplication@251b86ed
----------------- Done invoking toplevel() on ptolemy.moml.MoMLSimpleApplication@251b86ed
reloadAllAccessors: .MathFunction3

===========================================================================================
----------------- testing Thu Jul 18 21:26:27 UTC 2019 /home/travis/build/icyphy/ptII/ptolemy/actor/lib/test/auto/MatrixCropBoolean.xml
----------------- Instantiating /home/travis/build/icyphy/ptII/ptolemy/actor/lib/test/auto/MatrixCropBoolean.xml
2 ms. Memory: 446464K Free: 267721K (60%)
----------------- Invoking toplevel() on ptolemy.moml.MoMLSimpleApplication@3c78eec7
----------------- Done invoking toplevel() on ptolemy.moml.MoMLSimpleApplication@3c78eec7
reloadAllAccessors: .MatrixCropBoolean

===========================================================================================
----------------- testing Thu Jul 18 21:26:27 UTC 2019 /home/travis/build/icyphy/ptII/ptolemy/actor/lib/test/auto/MatrixCropComplex.xml
----------------- Instantiating /home/travis/build/icyphy/ptII/ptolemy/actor/lib/test/auto/MatrixCropComplex.xml
7 ms. Memory: 446464K Free: 262601K (59%)
----------------- Invoking toplevel() on ptolemy.moml.MoMLSimpleApplication@7c3c8344
----------------- Done invoking toplevel() on ptolemy.moml.MoMLSimpleApplication@7c3c8344
reloadAllAccessors: .MatrixCropComplex

===========================================================================================
----------------- testing Thu Jul 18 21:26:27 UTC 2019 /home/travis/build/icyphy/ptII/ptolemy/actor/lib/test/auto/MatrixCropDouble.xml
----------------- Instantiating /home/travis/build/icyphy/ptII/ptolemy/actor/lib/test/auto/MatrixCropDouble.xml
4 ms. Memory: 446464K Free: 257961K (58%)
----------------- Invoking toplevel() on ptolemy.moml.MoMLSimpleApplication@76c21d98
----------------- Done invoking toplevel() on ptolemy.moml.MoMLSimpleApplication@76c21d98
reloadAllAccessors: .MatrixCropDouble

===========================================================================================
----------------- testing Thu Jul 18 21:26:27 UTC 2019 /home/travis/build/icyphy/ptII/ptolemy/actor/lib/test/auto/MatrixCropFix.xml
----------------- Instantiating /home/travis/build/icyphy/ptII/ptolemy/actor/lib/test/auto/MatrixCropFix.xml
2 ms. Memory: 446464K Free: 252361K (57%)
----------------- Invoking toplevel() on ptolemy.moml.MoMLSimpleApplication@2d44aad1
----------------- Done invoking toplevel() on ptolemy.moml.MoMLSimpleApplication@2d44aad1
reloadAllAccessors: .MatrixCropFix

===========================================================================================
----------------- testing Thu Jul 18 21:26:27 UTC 2019 /home/travis/build/icyphy/ptII/ptolemy/actor/lib/test/auto/MatrixCropInt.xml
----------------- Instantiating /home/travis/build/icyphy/ptII/ptolemy/actor/lib/test/auto/MatrixCropInt.xml
2 ms. Memory: 446464K Free: 247241K (55%)
----------------- Invoking toplevel() on ptolemy.moml.MoMLSimpleApplication@50e62fe3
----------------- Done invoking toplevel() on ptolemy.moml.MoMLSimpleApplication@50e62fe3
reloadAllAccessors: .MatrixCropInt

===========================================================================================
----------------- testing Thu Jul 18 21:26:27 UTC 2019 /home/travis/build/icyphy/ptII/ptolemy/actor/lib/test/auto/MatrixCropLong.xml
----------------- Instantiating /home/travis/build/icyphy/ptII/ptolemy/actor/lib/test/auto/MatrixCropLong.xml
2 ms. Memory: 446464K Free: 242601K (54%)
----------------- Invoking toplevel() on ptolemy.moml.MoMLSimpleApplication@5e130584
----------------- Done invoking toplevel() on ptolemy.moml.MoMLSimpleApplication@5e130584
reloadAllAccessors: .MatrixCropLong

===========================================================================================
----------------- testing Thu Jul 18 21:26:27 UTC 2019 /home/travis/build/icyphy/ptII/ptolemy/actor/lib/test/auto/MatrixToArray.xml
----------------- Instantiating /home/travis/build/icyphy/ptII/ptolemy/actor/lib/test/auto/MatrixToArray.xml
7 ms. Memory: 446464K Free: 227785K (51%)
----------------- Invoking toplevel() on ptolemy.moml.MoMLSimpleApplication@1f6d02bc
----------------- Done invoking toplevel() on ptolemy.moml.MoMLSimpleApplication@1f6d02bc
reloadAllAccessors: .MatrixToArray

===========================================================================================
----------------- testing Thu Jul 18 21:26:27 UTC 2019 /home/travis/build/icyphy/ptII/ptolemy/actor/lib/test/auto/MaxIndex.xml
----------------- Instantiating /home/travis/build/icyphy/ptII/ptolemy/actor/lib/test/auto/MaxIndex.xml
2 ms. Memory: 446464K Free: 222665K (50%)
----------------- Invoking toplevel() on ptolemy.moml.MoMLSimpleApplication@315ed08e
----------------- Done invoking toplevel() on ptolemy.moml.MoMLSimpleApplication@315ed08e
reloadAllAccessors: .MaxIndex

===========================================================================================
----------------- testing Thu Jul 18 21:26:27 UTC 2019 /home/travis/build/icyphy/ptII/ptolemy/actor/lib/test/auto/Maximum.xml
----------------- Instantiating /home/travis/build/icyphy/ptII/ptolemy/actor/lib/test/auto/Maximum.xml
7 ms. Memory: 446464K Free: 215977K (48%)
----------------- Invoking toplevel() on ptolemy.moml.MoMLSimpleApplication@73dadbba
----------------- Done invoking toplevel() on ptolemy.moml.MoMLSimpleApplication@73dadbba
reloadAllAccessors: .Maximum

===========================================================================================
----------------- testing Thu Jul 18 21:26:27 UTC 2019 /home/travis/build/icyphy/ptII/ptolemy/actor/lib/test/auto/MaximumComplex.xml
----------------- Instantiating /home/travis/build/icyphy/ptII/ptolemy/actor/lib/test/auto/MaximumComplex.xml
4 ms. Memory: 446464K Free: 209849K (47%)
----------------- Invoking toplevel() on ptolemy.moml.MoMLSimpleApplication@79f10375
----------------- Done invoking toplevel() on ptolemy.moml.MoMLSimpleApplication@79f10375
reloadAllAccessors: .MaximumComplex

===========================================================================================
----------------- testing Thu Jul 18 21:26:28 UTC 2019 /home/travis/build/icyphy/ptII/ptolemy/actor/lib/test/auto/MethodCallTest.xml
----------------- Instantiating /home/travis/build/icyphy/ptII/ptolemy/actor/lib/test/auto/MethodCallTest.xml
3 ms. Memory: 446464K Free: 203209K (46%)
----------------- Invoking toplevel() on ptolemy.moml.MoMLSimpleApplication@3f206515
----------------- Done invoking toplevel() on ptolemy.moml.MoMLSimpleApplication@3f206515
reloadAllAccessors: .MethodCallTest

===========================================================================================
----------------- testing Thu Jul 18 21:26:28 UTC 2019 /home/travis/build/icyphy/ptII/ptolemy/actor/lib/test/auto/Minimum.xml
----------------- Instantiating /home/travis/build/icyphy/ptII/ptolemy/actor/lib/test/auto/Minimum.xml
3 ms. Memory: 446464K Free: 197065K (44%)
----------------- Invoking toplevel() on ptolemy.moml.MoMLSimpleApplication@160fdf
----------------- Done invoking toplevel() on ptolemy.moml.MoMLSimpleApplication@160fdf
reloadAllAccessors: .Minimum

===========================================================================================
----------------- testing Thu Jul 18 21:26:28 UTC 2019 /home/travis/build/icyphy/ptII/ptolemy/actor/lib/test/auto/MinimumComplex.xml
----------------- Instantiating /home/travis/build/icyphy/ptII/ptolemy/actor/lib/test/auto/MinimumComplex.xml
3 ms. Memory: 446464K Free: 190921K (43%)
----------------- Invoking toplevel() on ptolemy.moml.MoMLSimpleApplication@7101ef13
----------------- Done invoking toplevel() on ptolemy.moml.MoMLSimpleApplication@7101ef13
reloadAllAccessors: .MinimumComplex

===========================================================================================
----------------- testing Thu Jul 18 21:26:28 UTC 2019 /home/travis/build/icyphy/ptII/ptolemy/actor/lib/test/auto/MinimumMultiports.xml
----------------- Instantiating /home/travis/build/icyphy/ptII/ptolemy/actor/lib/test/auto/MinimumMultiports.xml
4 ms. Memory: 446464K Free: 182201K (41%)
----------------- Invoking toplevel() on ptolemy.moml.MoMLSimpleApplication@4332ac41
----------------- Done invoking toplevel() on ptolemy.moml.MoMLSimpleApplication@4332ac41
reloadAllAccessors: .MinimumMultiports

===========================================================================================
----------------- testing Thu Jul 18 21:26:28 UTC 2019 /home/travis/build/icyphy/ptII/ptolemy/actor/lib/test/auto/ModifyDate.xml
----------------- Instantiating /home/travis/build/icyphy/ptII/ptolemy/actor/lib/test/auto/ModifyDate.xml
8 ms. Memory: 446464K Free: 168903K (38%)
----------------- Invoking toplevel() on ptolemy.moml.MoMLSimpleApplication@5aa68a13
----------------- Done invoking toplevel() on ptolemy.moml.MoMLSimpleApplication@5aa68a13
reloadAllAccessors: .ModifyDate

===========================================================================================
----------------- testing Thu Jul 18 21:26:28 UTC 2019 /home/travis/build/icyphy/ptII/ptolemy/actor/lib/test/auto/ModifyDate2.xml
----------------- Instantiating /home/travis/build/icyphy/ptII/ptolemy/actor/lib/test/auto/ModifyDate2.xml
5 ms. Memory: 446464K Free: 160201K (36%)
----------------- Invoking toplevel() on ptolemy.moml.MoMLSimpleApplication@19f9baad
----------------- Done invoking toplevel() on ptolemy.moml.MoMLSimpleApplication@19f9baad
reloadAllAccessors: .ModifyDate2

===========================================================================================
----------------- testing Thu Jul 18 21:26:28 UTC 2019 /home/travis/build/icyphy/ptII/ptolemy/actor/lib/test/auto/MovingAverage.xml
----------------- Instantiating /home/travis/build/icyphy/ptII/ptolemy/actor/lib/test/auto/MovingAverage.xml
1 ms. Memory: 446464K Free: 155081K (35%)
----------------- Invoking toplevel() on ptolemy.moml.MoMLSimpleApplication@46e0de45
----------------- Done invoking toplevel() on ptolemy.moml.MoMLSimpleApplication@46e0de45
reloadAllAccessors: .MovingAverage

===========================================================================================
----------------- testing Thu Jul 18 21:26:28 UTC 2019 /home/travis/build/icyphy/ptII/ptolemy/actor/lib/test/auto/MovingMaximum.xml
----------------- Instantiating /home/travis/build/icyphy/ptII/ptolemy/actor/lib/test/auto/MovingMaximum.xml
1 ms. Memory: 446464K Free: 150471K (34%)
----------------- Invoking toplevel() on ptolemy.moml.MoMLSimpleApplication@2c54f
----------------- Done invoking toplevel() on ptolemy.moml.MoMLSimpleApplication@2c54f
reloadAllAccessors: .MovingMaximum

===========================================================================================
----------------- testing Thu Jul 18 21:26:28 UTC 2019 /home/travis/build/icyphy/ptII/ptolemy/actor/lib/test/auto/MultipleLinksToSameRelation.xml
----------------- Instantiating /home/travis/build/icyphy/ptII/ptolemy/actor/lib/test/auto/MultipleLinksToSameRelation.xml
1 ms. Memory: 446464K Free: 146375K (33%)
----------------- Invoking toplevel() on ptolemy.moml.MoMLSimpleApplication@68759c8f
----------------- Done invoking toplevel() on ptolemy.moml.MoMLSimpleApplication@68759c8f
reloadAllAccessors: .MultipleLinksToSameRelation

===========================================================================================
----------------- testing Thu Jul 18 21:26:28 UTC 2019 /home/travis/build/icyphy/ptII/ptolemy/actor/lib/test/auto/MultipleLinksToSameRelationDE.xml
----------------- Instantiating /home/travis/build/icyphy/ptII/ptolemy/actor/lib/test/auto/MultipleLinksToSameRelationDE.xml
8 ms. Memory: 446464K Free: 141769K (32%)
----------------- Invoking toplevel() on ptolemy.moml.MoMLSimpleApplication@64d2c112
----------------- Done invoking toplevel() on ptolemy.moml.MoMLSimpleApplication@64d2c112
reloadAllAccessors: .MultipleLinksToSameRelationDE

===========================================================================================
----------------- testing Thu Jul 18 21:26:28 UTC 2019 /home/travis/build/icyphy/ptII/ptolemy/actor/lib/test/auto/Multiplexor.xml
----------------- Instantiating /home/travis/build/icyphy/ptII/ptolemy/actor/lib/test/auto/Multiplexor.xml
2 ms. Memory: 446464K Free: 136135K (30%)
----------------- Invoking toplevel() on ptolemy.moml.MoMLSimpleApplication@1c4b49d1
----------------- Done invoking toplevel() on ptolemy.moml.MoMLSimpleApplication@1c4b49d1
reloadAllAccessors: .Multiplexor

===========================================================================================
----------------- testing Thu Jul 18 21:26:28 UTC 2019 /home/travis/build/icyphy/ptII/ptolemy/actor/lib/test/auto/Multiplexor1.xml
----------------- Instantiating /home/travis/build/icyphy/ptII/ptolemy/actor/lib/test/auto/Multiplexor1.xml
2 ms. Memory: 446464K Free: 393643K (88%)
----------------- Invoking toplevel() on ptolemy.moml.MoMLSimpleApplication@2e1617fc
----------------- Done invoking toplevel() on ptolemy.moml.MoMLSimpleApplication@2e1617fc
reloadAllAccessors: .Multiplexor1

===========================================================================================
----------------- testing Thu Jul 18 21:26:28 UTC 2019 /home/travis/build/icyphy/ptII/ptolemy/actor/lib/test/auto/Multiplexor2.xml
----------------- Instantiating /home/travis/build/icyphy/ptII/ptolemy/actor/lib/test/auto/Multiplexor2.xml
6 ms. Memory: 446464K Free: 386473K (87%)
----------------- Invoking toplevel() on ptolemy.moml.MoMLSimpleApplication@1f7f1c1d
----------------- Done invoking toplevel() on ptolemy.moml.MoMLSimpleApplication@1f7f1c1d
reloadAllAccessors: .Multiplexor2

===========================================================================================
----------------- testing Thu Jul 18 21:26:28 UTC 2019 /home/travis/build/icyphy/ptII/ptolemy/actor/lib/test/auto/Multiplexor3.xml
----------------- Instantiating /home/travis/build/icyphy/ptII/ptolemy/actor/lib/test/auto/Multiplexor3.xml
2 ms. Memory: 446464K Free: 382379K (86%)
----------------- Invoking toplevel() on ptolemy.moml.MoMLSimpleApplication@26e3dc83
----------------- Done invoking toplevel() on ptolemy.moml.MoMLSimpleApplication@26e3dc83
reloadAllAccessors: .Multiplexor3

===========================================================================================
----------------- testing Thu Jul 18 21:26:28 UTC 2019 /home/travis/build/icyphy/ptII/ptolemy/actor/lib/test/auto/MultiplexorDE.xml
----------------- Instantiating /home/travis/build/icyphy/ptII/ptolemy/actor/lib/test/auto/MultiplexorDE.xml
5 ms. Memory: 446464K Free: 374667K (84%)
----------------- Invoking toplevel() on ptolemy.moml.MoMLSimpleApplication@3f33bc12
----------------- Done invoking toplevel() on ptolemy.moml.MoMLSimpleApplication@3f33bc12
reloadAllAccessors: .MultiplexorDE

===========================================================================================
----------------- testing Thu Jul 18 21:26:28 UTC 2019 /home/travis/build/icyphy/ptII/ptolemy/actor/lib/test/auto/MultiportBroadcastTest.xml
----------------- Instantiating /home/travis/build/icyphy/ptII/ptolemy/actor/lib/test/auto/MultiportBroadcastTest.xml
98 ms. Memory: 446464K Free: 368043K (82%)
----------------- Invoking toplevel() on ptolemy.moml.MoMLSimpleApplication@1b21b3de
----------------- Done invoking toplevel() on ptolemy.moml.MoMLSimpleApplication@1b21b3de
reloadAllAccessors: .MultiportBroadcastTest

===========================================================================================
----------------- testing Thu Jul 18 21:26:28 UTC 2019 /home/travis/build/icyphy/ptII/ptolemy/actor/lib/test/auto/MultiportOutHangDuringGetWidth.xml
----------------- Instantiating /home/travis/build/icyphy/ptII/ptolemy/actor/lib/test/auto/MultiportOutHangDuringGetWidth.xml
7 ms. Memory: 446464K Free: 355755K (80%)
----------------- Invoking toplevel() on ptolemy.moml.MoMLSimpleApplication@16584db0
----------------- Done invoking toplevel() on ptolemy.moml.MoMLSimpleApplication@16584db0
reloadAllAccessors: .MultiportOutHangDuringGetWidth

===========================================================================================
----------------- testing Thu Jul 18 21:26:28 UTC 2019 /home/travis/build/icyphy/ptII/ptolemy/actor/lib/test/auto/NilToken.xml
----------------- Instantiating /home/travis/build/icyphy/ptII/ptolemy/actor/lib/test/auto/NilToken.xml
1 ms. Memory: 446464K Free: 351659K (79%)
----------------- Invoking toplevel() on ptolemy.moml.MoMLSimpleApplication@4d8357d8
----------------- Done invoking toplevel() on ptolemy.moml.MoMLSimpleApplication@4d8357d8
reloadAllAccessors: .NilToken

===========================================================================================
----------------- testing Thu Jul 18 21:26:28 UTC 2019 /home/travis/build/icyphy/ptII/ptolemy/actor/lib/test/auto/NilTokenNonStrictTest.xml
----------------- Instantiating /home/travis/build/icyphy/ptII/ptolemy/actor/lib/test/auto/NilTokenNonStrictTest.xml
2 ms. Memory: 446464K Free: 347049K (78%)
----------------- Invoking toplevel() on ptolemy.moml.MoMLSimpleApplication@5d75659d
----------------- Done invoking toplevel() on ptolemy.moml.MoMLSimpleApplication@5d75659d
reloadAllAccessors: .NilTokenNonStrictTest

===========================================================================================
----------------- testing Thu Jul 18 21:26:28 UTC 2019 /home/travis/build/icyphy/ptII/ptolemy/actor/lib/test/auto/NilTokenRecord.xml
----------------- Instantiating /home/travis/build/icyphy/ptII/ptolemy/actor/lib/test/auto/NilTokenRecord.xml
5 ms. Memory: 446464K Free: 340395K (76%)
----------------- Invoking toplevel() on ptolemy.moml.MoMLSimpleApplication@45753559
----------------- Done invoking toplevel() on ptolemy.moml.MoMLSimpleApplication@45753559
reloadAllAccessors: .NilTokenRecord

===========================================================================================
----------------- testing Thu Jul 18 21:26:28 UTC 2019 /home/travis/build/icyphy/ptII/ptolemy/actor/lib/test/auto/NilTokenTypeTest.xml
----------------- Instantiating /home/travis/build/icyphy/ptII/ptolemy/actor/lib/test/auto/NilTokenTypeTest.xml
7 ms. Memory: 446464K Free: 330665K (74%)
----------------- Invoking toplevel() on ptolemy.moml.MoMLSimpleApplication@3ffbd150
----------------- Done invoking toplevel() on ptolemy.moml.MoMLSimpleApplication@3ffbd150
reloadAllAccessors: .NilTokenTypeTest

===========================================================================================
----------------- testing Thu Jul 18 21:26:28 UTC 2019 /home/travis/build/icyphy/ptII/ptolemy/actor/lib/test/auto/ObjectToken1.xml
----------------- Instantiating /home/travis/build/icyphy/ptII/ptolemy/actor/lib/test/auto/ObjectToken1.xml
2 ms. Memory: 446464K Free: 326569K (73%)
----------------- Invoking toplevel() on ptolemy.moml.MoMLSimpleApplication@103b6021
----------------- Done invoking toplevel() on ptolemy.moml.MoMLSimpleApplication@103b6021
reloadAllAccessors: .ObjectToken1

===========================================================================================
----------------- testing Thu Jul 18 21:26:28 UTC 2019 /home/travis/build/icyphy/ptII/ptolemy/actor/lib/test/auto/OrderedMerge.xml
----------------- Instantiating /home/travis/build/icyphy/ptII/ptolemy/actor/lib/test/auto/OrderedMerge.xml
8 ms. Memory: 446464K Free: 320939K (72%)
----------------- Invoking toplevel() on ptolemy.moml.MoMLSimpleApplication@3844a4cd
----------------- Done invoking toplevel() on ptolemy.moml.MoMLSimpleApplication@3844a4cd
reloadAllAccessors: .OrderedMerge

===========================================================================================
----------------- testing Thu Jul 18 21:26:28 UTC 2019 /home/travis/build/icyphy/ptII/ptolemy/actor/lib/test/auto/OrderedRecordDisassembler.xml
----------------- Instantiating /home/travis/build/icyphy/ptII/ptolemy/actor/lib/test/auto/OrderedRecordDisassembler.xml
3 ms. Memory: 446464K Free: 315819K (71%)
----------------- Invoking toplevel() on ptolemy.moml.MoMLSimpleApplication@fe70bb3
----------------- Done invoking toplevel() on ptolemy.moml.MoMLSimpleApplication@fe70bb3
reloadAllAccessors: .OrderedRecordDisassembler

===========================================================================================
----------------- testing Thu Jul 18 21:26:28 UTC 2019 /home/travis/build/icyphy/ptII/ptolemy/actor/lib/test/auto/OrderedRecordDisassembler2.xml
----------------- Instantiating /home/travis/build/icyphy/ptII/ptolemy/actor/lib/test/auto/OrderedRecordDisassembler2.xml
4 ms. Memory: 446464K Free: 308123K (69%)
----------------- Invoking toplevel() on ptolemy.moml.MoMLSimpleApplication@69b51f3d
----------------- Done invoking toplevel() on ptolemy.moml.MoMLSimpleApplication@69b51f3d
reloadAllAccessors: .OrderedRecordDisassembler2

===========================================================================================
----------------- testing Thu Jul 18 21:26:28 UTC 2019 /home/travis/build/icyphy/ptII/ptolemy/actor/lib/test/auto/OrderedRecordUpdater.xml
----------------- Instantiating /home/travis/build/icyphy/ptII/ptolemy/actor/lib/test/auto/OrderedRecordUpdater.xml
2 ms. Memory: 446464K Free: 303017K (68%)
----------------- Invoking toplevel() on ptolemy.moml.MoMLSimpleApplication@562cfb42
----------------- Done invoking toplevel() on ptolemy.moml.MoMLSimpleApplication@562cfb42
reloadAllAccessors: .RecordUpdater

===========================================================================================
----------------- testing Thu Jul 18 21:26:28 UTC 2019 /home/travis/build/icyphy/ptII/ptolemy/actor/lib/test/auto/OrderedRecordUpdater2.xml
----------------- Instantiating /home/travis/build/icyphy/ptII/ptolemy/actor/lib/test/auto/OrderedRecordUpdater2.xml
2 ms. Memory: 446464K Free: 297897K (67%)
----------------- Invoking toplevel() on ptolemy.moml.MoMLSimpleApplication@1248b5f8
----------------- Done invoking toplevel() on ptolemy.moml.MoMLSimpleApplication@1248b5f8
reloadAllAccessors: .RecordUpdater2

===========================================================================================
----------------- testing Thu Jul 18 21:26:28 UTC 2019 /home/travis/build/icyphy/ptII/ptolemy/actor/lib/test/auto/PhaseUnwrap.xml
----------------- Instantiating /home/travis/build/icyphy/ptII/ptolemy/actor/lib/test/auto/PhaseUnwrap.xml
2 ms. Memory: 446464K Free: 293291K (66%)
----------------- Invoking toplevel() on ptolemy.moml.MoMLSimpleApplication@798b57d6
----------------- Done invoking toplevel() on ptolemy.moml.MoMLSimpleApplication@798b57d6
reloadAllAccessors: .PhaseUnwrap

===========================================================================================
----------------- testing Thu Jul 18 21:26:28 UTC 2019 /home/travis/build/icyphy/ptII/ptolemy/actor/lib/test/auto/PoissonClock.xml
----------------- Instantiating /home/travis/build/icyphy/ptII/ptolemy/actor/lib/test/auto/PoissonClock.xml
1 ms. Memory: 446464K Free: 289195K (65%)
----------------- Invoking toplevel() on ptolemy.moml.MoMLSimpleApplication@e676d98
----------------- Done invoking toplevel() on ptolemy.moml.MoMLSimpleApplication@e676d98
reloadAllAccessors: .PoissonClock

===========================================================================================
----------------- testing Thu Jul 18 21:26:28 UTC 2019 /home/travis/build/icyphy/ptII/ptolemy/actor/lib/test/auto/PoissonClock2.xml
----------------- Instantiating /home/travis/build/icyphy/ptII/ptolemy/actor/lib/test/auto/PoissonClock2.xml
2 ms. Memory: 446464K Free: 284075K (64%)
----------------- Invoking toplevel() on ptolemy.moml.MoMLSimpleApplication@19b1d9b7
----------------- Done invoking toplevel() on ptolemy.moml.MoMLSimpleApplication@19b1d9b7
reloadAllAccessors: .PoissonClock2

===========================================================================================
----------------- testing Thu Jul 18 21:26:28 UTC 2019 /home/travis/build/icyphy/ptII/ptolemy/actor/lib/test/auto/PoissonClock3.xml
----------------- Instantiating /home/travis/build/icyphy/ptII/ptolemy/actor/lib/test/auto/PoissonClock3.xml
2 ms. Memory: 446464K Free: 279465K (63%)
----------------- Invoking toplevel() on ptolemy.moml.MoMLSimpleApplication@33e03248
----------------- Done invoking toplevel() on ptolemy.moml.MoMLSimpleApplication@33e03248
reloadAllAccessors: .PoissonClock3

===========================================================================================
----------------- testing Thu Jul 18 21:26:28 UTC 2019 /home/travis/build/icyphy/ptII/ptolemy/actor/lib/test/auto/PubSubWithInitialTokens.xml
----------------- Instantiating /home/travis/build/icyphy/ptII/ptolemy/actor/lib/test/auto/PubSubWithInitialTokens.xml
3 ms. Memory: 446464K Free: 273835K (61%)
----------------- Invoking toplevel() on ptolemy.moml.MoMLSimpleApplication@4a3aa1a3
----------------- Done invoking toplevel() on ptolemy.moml.MoMLSimpleApplication@4a3aa1a3
reloadAllAccessors: .PubSubWithInitialTokens

===========================================================================================
----------------- testing Thu Jul 18 21:26:28 UTC 2019 /home/travis/build/icyphy/ptII/ptolemy/actor/lib/test/auto/PubSubWithInitialTokens2.xml
----------------- Instantiating /home/travis/build/icyphy/ptII/ptolemy/actor/lib/test/auto/PubSubWithInitialTokens2.xml
4 ms. Memory: 446464K Free: 267691K (60%)
----------------- Invoking toplevel() on ptolemy.moml.MoMLSimpleApplication@74723912
----------------- Done invoking toplevel() on ptolemy.moml.MoMLSimpleApplication@74723912
reloadAllAccessors: .PubSubWithInitialTokens2

===========================================================================================
----------------- testing Thu Jul 18 21:26:28 UTC 2019 /home/travis/build/icyphy/ptII/ptolemy/actor/lib/test/auto/PublisherClassNoParameter.xml
----------------- Instantiating /home/travis/build/icyphy/ptII/ptolemy/actor/lib/test/auto/PublisherClassNoParameter.xml
2 ms. Memory: 446464K Free: 257961K (58%)
----------------- Invoking toplevel() on ptolemy.moml.MoMLSimpleApplication@3e7c0908
----------------- Done invoking toplevel() on ptolemy.moml.MoMLSimpleApplication@3e7c0908
reloadAllAccessors: .PublisherClassNoParameter

===========================================================================================
----------------- testing Thu Jul 18 21:26:28 UTC 2019 /home/travis/build/icyphy/ptII/ptolemy/actor/lib/test/auto/PublisherClassParameter.xml
----------------- Instantiating /home/travis/build/icyphy/ptII/ptolemy/actor/lib/test/auto/PublisherClassParameter.xml
2 ms. Memory: 446464K Free: 247211K (55%)
----------------- Invoking toplevel() on ptolemy.moml.MoMLSimpleApplication@6374fa0b
----------------- Done invoking toplevel() on ptolemy.moml.MoMLSimpleApplication@6374fa0b
reloadAllAccessors: .PublisherClassParameter

===========================================================================================
----------------- testing Thu Jul 18 21:26:28 UTC 2019 /home/travis/build/icyphy/ptII/ptolemy/actor/lib/test/auto/PublisherNonStrictTest.xml
----------------- Instantiating /home/travis/build/icyphy/ptII/ptolemy/actor/lib/test/auto/PublisherNonStrictTest.xml
3 ms. Memory: 446464K Free: 239523K (54%)
----------------- Invoking toplevel() on ptolemy.moml.MoMLSimpleApplication@2969b7ca
----------------- Done invoking toplevel() on ptolemy.moml.MoMLSimpleApplication@2969b7ca
reloadAllAccessors: .PublisherNonStrictTest

===========================================================================================
----------------- testing Thu Jul 18 21:26:28 UTC 2019 /home/travis/build/icyphy/ptII/ptolemy/actor/lib/test/auto/PublisherPort1.xml
----------------- Instantiating /home/travis/build/icyphy/ptII/ptolemy/actor/lib/test/auto/PublisherPort1.xml
2 ms. Memory: 446464K Free: 233899K (52%)
----------------- Invoking toplevel() on ptolemy.moml.MoMLSimpleApplication@6f85958c
----------------- Done invoking toplevel() on ptolemy.moml.MoMLSimpleApplication@6f85958c
reloadAllAccessors: .PublisherPort1

===========================================================================================
----------------- testing Thu Jul 18 21:26:28 UTC 2019 /home/travis/build/icyphy/ptII/ptolemy/actor/lib/test/auto/PublisherPort2.xml
----------------- Instantiating /home/travis/build/icyphy/ptII/ptolemy/actor/lib/test/auto/PublisherPort2.xml
1 ms. Memory: 446464K Free: 228779K (51%)
----------------- Invoking toplevel() on ptolemy.moml.MoMLSimpleApplication@c1410f2
----------------- Done invoking toplevel() on ptolemy.moml.MoMLSimpleApplication@c1410f2
reloadAllAccessors: .PublisherPort2

===========================================================================================
----------------- testing Thu Jul 18 21:26:28 UTC 2019 /home/travis/build/icyphy/ptII/ptolemy/actor/lib/test/auto/PublisherPort3.xml
----------------- Instantiating /home/travis/build/icyphy/ptII/ptolemy/actor/lib/test/auto/PublisherPort3.xml
13 ms. Memory: 446464K Free: 222091K (50%)
----------------- Invoking toplevel() on ptolemy.moml.MoMLSimpleApplication@7859550b
----------------- Done invoking toplevel() on ptolemy.moml.MoMLSimpleApplication@7859550b
reloadAllAccessors: .PublisherPort3

===========================================================================================
----------------- testing Thu Jul 18 21:26:28 UTC 2019 /home/travis/build/icyphy/ptII/ptolemy/actor/lib/test/auto/PublisherPort4.xml
----------------- Instantiating /home/travis/build/icyphy/ptII/ptolemy/actor/lib/test/auto/PublisherPort4.xml
2 ms. Memory: 446464K Free: 215971K (48%)
----------------- Invoking toplevel() on ptolemy.moml.MoMLSimpleApplication@1e9ac341
----------------- Done invoking toplevel() on ptolemy.moml.MoMLSimpleApplication@1e9ac341
reloadAllAccessors: .PublisherPort4

===========================================================================================
----------------- testing Thu Jul 18 21:26:28 UTC 2019 /home/travis/build/icyphy/ptII/ptolemy/actor/lib/test/auto/PublisherPort5.xml
----------------- Instantiating /home/travis/build/icyphy/ptII/ptolemy/actor/lib/test/auto/PublisherPort5.xml
3 ms. Memory: 446464K Free: 208299K (47%)
----------------- Invoking toplevel() on ptolemy.moml.MoMLSimpleApplication@3e6d3806
----------------- Done invoking toplevel() on ptolemy.moml.MoMLSimpleApplication@3e6d3806
reloadAllAccessors: .PublisherPort5

===========================================================================================
----------------- testing Thu Jul 18 21:26:29 UTC 2019 /home/travis/build/icyphy/ptII/ptolemy/actor/lib/test/auto/PublisherPort5LookAlike.xml
----------------- Instantiating /home/travis/build/icyphy/ptII/ptolemy/actor/lib/test/auto/PublisherPort5LookAlike.xml
9 ms. Memory: 446464K Free: 200611K (45%)
----------------- Invoking toplevel() on ptolemy.moml.MoMLSimpleApplication@7f462d57
----------------- Done invoking toplevel() on ptolemy.moml.MoMLSimpleApplication@7f462d57
reloadAllAccessors: .PublisherPort5LookAlike

===========================================================================================
----------------- testing Thu Jul 18 21:26:29 UTC 2019 /home/travis/build/icyphy/ptII/ptolemy/actor/lib/test/auto/PublisherPort6.xml
----------------- Instantiating /home/travis/build/icyphy/ptII/ptolemy/actor/lib/test/auto/PublisherPort6.xml
2 ms. Memory: 446464K Free: 193963K (43%)
----------------- Invoking toplevel() on ptolemy.moml.MoMLSimpleApplication@4560066e
----------------- Done invoking toplevel() on ptolemy.moml.MoMLSimpleApplication@4560066e
reloadAllAccessors: .PublisherPort6

===========================================================================================
----------------- testing Thu Jul 18 21:26:29 UTC 2019 /home/travis/build/icyphy/ptII/ptolemy/actor/lib/test/auto/PublisherPort7.xml
----------------- Instantiating /home/travis/build/icyphy/ptII/ptolemy/actor/lib/test/auto/PublisherPort7.xml
4 ms. Memory: 446464K Free: 186281K (42%)
----------------- Invoking toplevel() on ptolemy.moml.MoMLSimpleApplication@4a4fdee4
----------------- Done invoking toplevel() on ptolemy.moml.MoMLSimpleApplication@4a4fdee4
reloadAllAccessors: .PublisherPort7

===========================================================================================
----------------- testing Thu Jul 18 21:26:29 UTC 2019 /home/travis/build/icyphy/ptII/ptolemy/actor/lib/test/auto/PublisherPort8.xml
----------------- Instantiating /home/travis/build/icyphy/ptII/ptolemy/actor/lib/test/auto/PublisherPort8.xml
4 ms. Memory: 446464K Free: 177579K (40%)
----------------- Invoking toplevel() on ptolemy.moml.MoMLSimpleApplication@29b56eb0
----------------- Done invoking toplevel() on ptolemy.moml.MoMLSimpleApplication@29b56eb0
reloadAllAccessors: .PublisherPort8

===========================================================================================
----------------- testing Thu Jul 18 21:26:29 UTC 2019 /home/travis/build/icyphy/ptII/ptolemy/actor/lib/test/auto/PublisherPortSubscriberChannelVariablesAOC2.xml
----------------- Instantiating /home/travis/build/icyphy/ptII/ptolemy/actor/lib/test/auto/PublisherPortSubscriberChannelVariablesAOC2.xml
3 ms. Memory: 446464K Free: 159657K (36%)
----------------- Invoking toplevel() on ptolemy.moml.MoMLSimpleApplication@4460d90e
----------------- Done invoking toplevel() on ptolemy.moml.MoMLSimpleApplication@4460d90e
reloadAllAccessors: .PublisherPortSubscriberChannelVariablesAOC2

===========================================================================================
----------------- testing Thu Jul 18 21:26:29 UTC 2019 /home/travis/build/icyphy/ptII/ptolemy/actor/lib/test/auto/PublisherPortSubscriberOpaqueWidthInference.xml
----------------- Instantiating /home/travis/build/icyphy/ptII/ptolemy/actor/lib/test/auto/PublisherPortSubscriberOpaqueWidthInference.xml
3 ms. Memory: 446464K Free: 151451K (34%)
----------------- Invoking toplevel() on ptolemy.moml.MoMLSimpleApplication@2236c5c2
----------------- Done invoking toplevel() on ptolemy.moml.MoMLSimpleApplication@2236c5c2
reloadAllAccessors: .PublisherPortSubscriberOpaqueWidthInference

===========================================================================================
----------------- testing Thu Jul 18 21:26:29 UTC 2019 /home/travis/build/icyphy/ptII/ptolemy/actor/lib/test/auto/PublisherPortSubscriberPortAdjacent.xml
----------------- Instantiating /home/travis/build/icyphy/ptII/ptolemy/actor/lib/test/auto/PublisherPortSubscriberPortAdjacent.xml
2 ms. Memory: 446464K Free: 142763K (32%)
----------------- Invoking toplevel() on ptolemy.moml.MoMLSimpleApplication@97a47fb
----------------- Done invoking toplevel() on ptolemy.moml.MoMLSimpleApplication@97a47fb
reloadAllAccessors: .PublisherPortSubscriberPortAdjacent

===========================================================================================
----------------- testing Thu Jul 18 21:26:29 UTC 2019 /home/travis/build/icyphy/ptII/ptolemy/actor/lib/test/auto/PublisherPortSubscriberPortExpression.xml
----------------- Instantiating /home/travis/build/icyphy/ptII/ptolemy/actor/lib/test/auto/PublisherPortSubscriberPortExpression.xml
3 ms. Memory: 446464K Free: 135067K (30%)
----------------- Invoking toplevel() on ptolemy.moml.MoMLSimpleApplication@44d64e8d
----------------- Done invoking toplevel() on ptolemy.moml.MoMLSimpleApplication@44d64e8d
reloadAllAccessors: .PublisherPortSubscriberPortExpression

===========================================================================================
----------------- testing Thu Jul 18 21:26:29 UTC 2019 /home/travis/build/icyphy/ptII/ptolemy/actor/lib/test/auto/PublisherPortSubscriberPortOpaqueD3Reverse.xml
----------------- Instantiating /home/travis/build/icyphy/ptII/ptolemy/actor/lib/test/auto/PublisherPortSubscriberPortOpaqueD3Reverse.xml
10 ms. Memory: 446464K Free: 388024K (87%)
----------------- Invoking toplevel() on ptolemy.moml.MoMLSimpleApplication@42f0286c
----------------- Done invoking toplevel() on ptolemy.moml.MoMLSimpleApplication@42f0286c
reloadAllAccessors: .PublisherPortSubscriberPortOpaqueD3Reverse

===========================================================================================
----------------- testing Thu Jul 18 21:26:29 UTC 2019 /home/travis/build/icyphy/ptII/ptolemy/actor/lib/test/auto/PublisherPortSubscriberPortOpaqueWidthInference.xml
----------------- Instantiating /home/travis/build/icyphy/ptII/ptolemy/actor/lib/test/auto/PublisherPortSubscriberPortOpaqueWidthInference.xml
4 ms. Memory: 446464K Free: 380346K (85%)
----------------- Invoking toplevel() on ptolemy.moml.MoMLSimpleApplication@2a4d1907
----------------- Done invoking toplevel() on ptolemy.moml.MoMLSimpleApplication@2a4d1907
reloadAllAccessors: .PublisherPortSubscriberPortOpaqueWidthInference

===========================================================================================
----------------- testing Thu Jul 18 21:26:29 UTC 2019 /home/travis/build/icyphy/ptII/ptolemy/actor/lib/test/auto/PublisherPortToplevelSubscriberPortAOC.xml
----------------- Instantiating /home/travis/build/icyphy/ptII/ptolemy/actor/lib/test/auto/PublisherPortToplevelSubscriberPortAOC.xml
.PublisherPortToplevelSubscriberPortAOC.TestExceptionAttribute: initialize() was not invoked, but wrapup() was.  This is unusual, but not always a problem.  For example, exporting JNLP will do this.
1 ms. Memory: 446464K Free: 374712K (84%)
----------------- Invoking toplevel() on ptolemy.moml.MoMLSimpleApplication@1cccf77c
----------------- Done invoking toplevel() on ptolemy.moml.MoMLSimpleApplication@1cccf77c
reloadAllAccessors: .PublisherPortToplevelSubscriberPortAOC

===========================================================================================
----------------- testing Thu Jul 18 21:26:29 UTC 2019 /home/travis/build/icyphy/ptII/ptolemy/actor/lib/test/auto/PublisherSubscriber.xml
----------------- Instantiating /home/travis/build/icyphy/ptII/ptolemy/actor/lib/test/auto/PublisherSubscriber.xml
3 ms. Memory: 446464K Free: 367514K (82%)
----------------- Invoking toplevel() on ptolemy.moml.MoMLSimpleApplication@5226bd9
----------------- Done invoking toplevel() on ptolemy.moml.MoMLSimpleApplication@5226bd9
reloadAllAccessors: .PublisherSubscriber

===========================================================================================
----------------- testing Thu Jul 18 21:26:29 UTC 2019 /home/travis/build/icyphy/ptII/ptolemy/actor/lib/test/auto/PublisherSubscriber10.xml
----------------- Instantiating /home/travis/build/icyphy/ptII/ptolemy/actor/lib/test/auto/PublisherSubscriber10.xml
8 ms. Memory: 446464K Free: 357304K (80%)
----------------- Invoking toplevel() on ptolemy.moml.MoMLSimpleApplication@7a17ad3b
----------------- Done invoking toplevel() on ptolemy.moml.MoMLSimpleApplication@7a17ad3b
reloadAllAccessors: .PublisherSubscriber10

===========================================================================================
----------------- testing Thu Jul 18 21:26:29 UTC 2019 /home/travis/build/icyphy/ptII/ptolemy/actor/lib/test/auto/PublisherSubscriber10InitialOutputs.xml
----------------- Instantiating /home/travis/build/icyphy/ptII/ptolemy/actor/lib/test/auto/PublisherSubscriber10InitialOutputs.xml
17 ms. Memory: 446464K Free: 348088K (78%)
----------------- Invoking toplevel() on ptolemy.moml.MoMLSimpleApplication@2f531df
----------------- Done invoking toplevel() on ptolemy.moml.MoMLSimpleApplication@2f531df
reloadAllAccessors: .PublisherSubscriber10InitialOutputs

===========================================================================================
----------------- testing Thu Jul 18 21:26:29 UTC 2019 /home/travis/build/icyphy/ptII/ptolemy/actor/lib/test/auto/PublisherSubscriber11.xml
----------------- Instantiating /home/travis/build/icyphy/ptII/ptolemy/actor/lib/test/auto/PublisherSubscriber11.xml
3 ms. Memory: 446464K Free: 341914K (77%)
----------------- Invoking toplevel() on ptolemy.moml.MoMLSimpleApplication@1b107c40
----------------- Done invoking toplevel() on ptolemy.moml.MoMLSimpleApplication@1b107c40
reloadAllAccessors: .PublisherSubscriber11

===========================================================================================
----------------- testing Thu Jul 18 21:26:29 UTC 2019 /home/travis/build/icyphy/ptII/ptolemy/actor/lib/test/auto/PublisherSubscriber12.xml
----------------- Instantiating /home/travis/build/icyphy/ptII/ptolemy/actor/lib/test/auto/PublisherSubscriber12.xml
5 ms. Memory: 446464K Free: 335290K (75%)
----------------- Invoking toplevel() on ptolemy.moml.MoMLSimpleApplication@8d6e98a
----------------- Done invoking toplevel() on ptolemy.moml.MoMLSimpleApplication@8d6e98a
reloadAllAccessors: .PublisherSubscriber12

===========================================================================================
----------------- testing Thu Jul 18 21:26:29 UTC 2019 /home/travis/build/icyphy/ptII/ptolemy/actor/lib/test/auto/PublisherSubscriber13.xml
----------------- Instantiating /home/travis/build/icyphy/ptII/ptolemy/actor/lib/test/auto/PublisherSubscriber13.xml
2 ms. Memory: 446464K Free: 329626K (74%)
----------------- Invoking toplevel() on ptolemy.moml.MoMLSimpleApplication@3d2d1bd7
----------------- Done invoking toplevel() on ptolemy.moml.MoMLSimpleApplication@3d2d1bd7
reloadAllAccessors: .PublisherSubscriber13

===========================================================================================
----------------- testing Thu Jul 18 21:26:29 UTC 2019 /home/travis/build/icyphy/ptII/ptolemy/actor/lib/test/auto/PublisherSubscriber14.xml
----------------- Instantiating /home/travis/build/icyphy/ptII/ptolemy/actor/lib/test/auto/PublisherSubscriber14.xml
2 ms. Memory: 446464K Free: 320954K (72%)
----------------- Invoking toplevel() on ptolemy.moml.MoMLSimpleApplication@507d35a0
----------------- Done invoking toplevel() on ptolemy.moml.MoMLSimpleApplication@507d35a0
reloadAllAccessors: .PublisherSubscriber14

===========================================================================================
----------------- testing Thu Jul 18 21:26:29 UTC 2019 /home/travis/build/icyphy/ptII/ptolemy/actor/lib/test/auto/PublisherSubscriber2.xml
----------------- Instantiating /home/travis/build/icyphy/ptII/ptolemy/actor/lib/test/auto/PublisherSubscriber2.xml
4 ms. Memory: 446464K Free: 314810K (71%)
----------------- Invoking toplevel() on ptolemy.moml.MoMLSimpleApplication@3c2df502
----------------- Done invoking toplevel() on ptolemy.moml.MoMLSimpleApplication@3c2df502
reloadAllAccessors: .PublisherSubscriber2

===========================================================================================
----------------- testing Thu Jul 18 21:26:29 UTC 2019 /home/travis/build/icyphy/ptII/ptolemy/actor/lib/test/auto/PublisherSubscriber3.xml
----------------- Instantiating /home/travis/build/icyphy/ptII/ptolemy/actor/lib/test/auto/PublisherSubscriber3.xml
1 ms. Memory: 446464K Free: 309146K (69%)
----------------- Invoking toplevel() on ptolemy.moml.MoMLSimpleApplication@28d46be9
----------------- Done invoking toplevel() on ptolemy.moml.MoMLSimpleApplication@28d46be9
reloadAllAccessors: .PublisherSubscriber3

===========================================================================================
----------------- testing Thu Jul 18 21:26:29 UTC 2019 /home/travis/build/icyphy/ptII/ptolemy/actor/lib/test/auto/PublisherSubscriber4.xml
----------------- Instantiating /home/travis/build/icyphy/ptII/ptolemy/actor/lib/test/auto/PublisherSubscriber4.xml
2 ms. Memory: 446464K Free: 303546K (68%)
----------------- Invoking toplevel() on ptolemy.moml.MoMLSimpleApplication@6151a4c2
----------------- Done invoking toplevel() on ptolemy.moml.MoMLSimpleApplication@6151a4c2
reloadAllAccessors: .PublisherSubscriber4

===========================================================================================
----------------- testing Thu Jul 18 21:26:29 UTC 2019 /home/travis/build/icyphy/ptII/ptolemy/actor/lib/test/auto/PublisherSubscriber5.xml
----------------- Instantiating /home/travis/build/icyphy/ptII/ptolemy/actor/lib/test/auto/PublisherSubscriber5.xml
2 ms. Memory: 446464K Free: 296882K (66%)
----------------- Invoking toplevel() on ptolemy.moml.MoMLSimpleApplication@55bf2b6
----------------- Done invoking toplevel() on ptolemy.moml.MoMLSimpleApplication@55bf2b6
reloadAllAccessors: .PublisherSubscriber5

===========================================================================================
----------------- testing Thu Jul 18 21:26:29 UTC 2019 /home/travis/build/icyphy/ptII/ptolemy/actor/lib/test/auto/PublisherSubscriber6.xml
----------------- Instantiating /home/travis/build/icyphy/ptII/ptolemy/actor/lib/test/auto/PublisherSubscriber6.xml
4 ms. Memory: 446464K Free: 290234K (65%)
----------------- Invoking toplevel() on ptolemy.moml.MoMLSimpleApplication@34d74597
----------------- Done invoking toplevel() on ptolemy.moml.MoMLSimpleApplication@34d74597
reloadAllAccessors: .PublisherSubscriber6

===========================================================================================
----------------- testing Thu Jul 18 21:26:29 UTC 2019 /home/travis/build/icyphy/ptII/ptolemy/actor/lib/test/auto/PublisherSubscriber7.xml
----------------- Instantiating /home/travis/build/icyphy/ptII/ptolemy/actor/lib/test/auto/PublisherSubscriber7.xml
8 ms. Memory: 446464K Free: 283576K (64%)
----------------- Invoking toplevel() on ptolemy.moml.MoMLSimpleApplication@36793f6e
----------------- Done invoking toplevel() on ptolemy.moml.MoMLSimpleApplication@36793f6e
reloadAllAccessors: .PublisherSubscriber7

===========================================================================================
----------------- testing Thu Jul 18 21:26:29 UTC 2019 /home/travis/build/icyphy/ptII/ptolemy/actor/lib/test/auto/PublisherSubscriber8.xml
----------------- Instantiating /home/travis/build/icyphy/ptII/ptolemy/actor/lib/test/auto/PublisherSubscriber8.xml
21 ms. Memory: 446464K Free: 271288K (61%)
----------------- Invoking toplevel() on ptolemy.moml.MoMLSimpleApplication@671dd55e
----------------- Done invoking toplevel() on ptolemy.moml.MoMLSimpleApplication@671dd55e
reloadAllAccessors: .PublisherSubscriber8

===========================================================================================
----------------- testing Thu Jul 18 21:26:29 UTC 2019 /home/travis/build/icyphy/ptII/ptolemy/actor/lib/test/auto/PublisherSubscriber9.xml
----------------- Instantiating /home/travis/build/icyphy/ptII/ptolemy/actor/lib/test/auto/PublisherSubscriber9.xml
3 ms. Memory: 446464K Free: 264120K (59%)
----------------- Invoking toplevel() on ptolemy.moml.MoMLSimpleApplication@219ceb83
----------------- Done invoking toplevel() on ptolemy.moml.MoMLSimpleApplication@219ceb83
reloadAllAccessors: .PublisherSubscriber9

===========================================================================================
----------------- testing Thu Jul 18 21:26:29 UTC 2019 /home/travis/build/icyphy/ptII/ptolemy/actor/lib/test/auto/PublisherSubscriberAdjacent.xml
----------------- Instantiating /home/travis/build/icyphy/ptII/ptolemy/actor/lib/test/auto/PublisherSubscriberAdjacent.xml
2 ms. Memory: 446464K Free: 255928K (57%)
----------------- Invoking toplevel() on ptolemy.moml.MoMLSimpleApplication@37bb06bf
----------------- Done invoking toplevel() on ptolemy.moml.MoMLSimpleApplication@37bb06bf
reloadAllAccessors: .PublisherSubscriberAdjacent

===========================================================================================
----------------- testing Thu Jul 18 21:26:29 UTC 2019 /home/travis/build/icyphy/ptII/ptolemy/actor/lib/test/auto/PublisherSubscriberChannelVariablesAOC2.xml
----------------- Instantiating /home/travis/build/icyphy/ptII/ptolemy/actor/lib/test/auto/PublisherSubscriberChannelVariablesAOC2.xml
2 ms. Memory: 446464K Free: 241082K (54%)
----------------- Invoking toplevel() on ptolemy.moml.MoMLSimpleApplication@2b73b102
----------------- Done invoking toplevel() on ptolemy.moml.MoMLSimpleApplication@2b73b102
reloadAllAccessors: .PublisherSubscriberChannelVariablesAOC2

===========================================================================================
----------------- testing Thu Jul 18 21:26:29 UTC 2019 /home/travis/build/icyphy/ptII/ptolemy/actor/lib/test/auto/PublisherSubscriberD3.xml
----------------- Instantiating /home/travis/build/icyphy/ptII/ptolemy/actor/lib/test/auto/PublisherSubscriberD3.xml
2 ms. Memory: 446464K Free: 233914K (52%)
----------------- Invoking toplevel() on ptolemy.moml.MoMLSimpleApplication@2860e282
----------------- Done invoking toplevel() on ptolemy.moml.MoMLSimpleApplication@2860e282
reloadAllAccessors: .PublisherSubscriberD3

===========================================================================================
----------------- testing Thu Jul 18 21:26:29 UTC 2019 /home/travis/build/icyphy/ptII/ptolemy/actor/lib/test/auto/PublisherSubscriberD3Reverse.xml
----------------- Instantiating /home/travis/build/icyphy/ptII/ptolemy/actor/lib/test/auto/PublisherSubscriberD3Reverse.xml
2 ms. Memory: 446464K Free: 227256K (51%)
----------------- Invoking toplevel() on ptolemy.moml.MoMLSimpleApplication@7f89ef9a
----------------- Done invoking toplevel() on ptolemy.moml.MoMLSimpleApplication@7f89ef9a
reloadAllAccessors: .PublisherSubscriberD3Reverse

===========================================================================================
----------------- testing Thu Jul 18 21:26:29 UTC 2019 /home/travis/build/icyphy/ptII/ptolemy/actor/lib/test/auto/PublisherSubscriberExpression.xml
----------------- Instantiating /home/travis/build/icyphy/ptII/ptolemy/actor/lib/test/auto/PublisherSubscriberExpression.xml
4 ms. Memory: 446464K Free: 218554K (49%)
----------------- Invoking toplevel() on ptolemy.moml.MoMLSimpleApplication@59a4f2be
----------------- Done invoking toplevel() on ptolemy.moml.MoMLSimpleApplication@59a4f2be
reloadAllAccessors: .PublisherSubscriberExpression

===========================================================================================
----------------- testing Thu Jul 18 21:26:29 UTC 2019 /home/travis/build/icyphy/ptII/ptolemy/actor/lib/test/auto/PublisherSubscriberOpaque.xml
----------------- Instantiating /home/travis/build/icyphy/ptII/ptolemy/actor/lib/test/auto/PublisherSubscriberOpaque.xml
4 ms. Memory: 446464K Free: 210362K (47%)
----------------- Invoking toplevel() on ptolemy.moml.MoMLSimpleApplication@4e5c7823
----------------- Done invoking toplevel() on ptolemy.moml.MoMLSimpleApplication@4e5c7823
reloadAllAccessors: .PublisherSubscriberOpaque

===========================================================================================
----------------- testing Thu Jul 18 21:26:29 UTC 2019 /home/travis/build/icyphy/ptII/ptolemy/actor/lib/test/auto/PublisherSubscriberOpaqueD3.xml
----------------- Instantiating /home/travis/build/icyphy/ptII/ptolemy/actor/lib/test/auto/PublisherSubscriberOpaqueD3.xml
6 ms. Memory: 446464K Free: 199098K (45%)
----------------- Invoking toplevel() on ptolemy.moml.MoMLSimpleApplication@24bdecd
----------------- Done invoking toplevel() on ptolemy.moml.MoMLSimpleApplication@24bdecd
reloadAllAccessors: .PublisherSubscriberOpaqueD3

===========================================================================================
----------------- testing Thu Jul 18 21:26:29 UTC 2019 /home/travis/build/icyphy/ptII/ptolemy/actor/lib/test/auto/PublisherSubscriberOpaqueD3Reverse.xml
----------------- Instantiating /home/travis/build/icyphy/ptII/ptolemy/actor/lib/test/auto/PublisherSubscriberOpaqueD3Reverse.xml
9 ms. Memory: 446464K Free: 188344K (42%)
----------------- Invoking toplevel() on ptolemy.moml.MoMLSimpleApplication@568eaf81
----------------- Done invoking toplevel() on ptolemy.moml.MoMLSimpleApplication@568eaf81
reloadAllAccessors: .PublisherSubscriberOpaqueD3Reverse

===========================================================================================
----------------- testing Thu Jul 18 21:26:29 UTC 2019 /home/travis/build/icyphy/ptII/ptolemy/actor/lib/test/auto/PublisherSubscriberOpaqueWidthInference.xml
----------------- Instantiating /home/travis/build/icyphy/ptII/ptolemy/actor/lib/test/auto/PublisherSubscriberOpaqueWidthInference.xml
5 ms. Memory: 446464K Free: 179642K (40%)
----------------- Invoking toplevel() on ptolemy.moml.MoMLSimpleApplication@50a8772b
----------------- Done invoking toplevel() on ptolemy.moml.MoMLSimpleApplication@50a8772b
reloadAllAccessors: .PublisherSubscriberOpaqueWidthInference

===========================================================================================
----------------- testing Thu Jul 18 21:26:29 UTC 2019 /home/travis/build/icyphy/ptII/ptolemy/actor/lib/test/auto/PublisherTestSubscriber.xml
----------------- Instantiating /home/travis/build/icyphy/ptII/ptolemy/actor/lib/test/auto/PublisherTestSubscriber.xml
3 ms. Memory: 446464K Free: 171954K (39%)
----------------- Invoking toplevel() on ptolemy.moml.MoMLSimpleApplication@5ca84919
----------------- Done invoking toplevel() on ptolemy.moml.MoMLSimpleApplication@5ca84919
reloadAllAccessors: .PublisherTestSubscriber

===========================================================================================
----------------- testing Thu Jul 18 21:26:29 UTC 2019 /home/travis/build/icyphy/ptII/ptolemy/actor/lib/test/auto/PublisherToplevelSubscriberPortAOC.xml
----------------- Instantiating /home/travis/build/icyphy/ptII/ptolemy/actor/lib/test/auto/PublisherToplevelSubscriberPortAOC.xml
2 ms. Memory: 446464K Free: 165306K (37%)
----------------- Invoking toplevel() on ptolemy.moml.MoMLSimpleApplication@5cb122f6
----------------- Done invoking toplevel() on ptolemy.moml.MoMLSimpleApplication@5cb122f6
reloadAllAccessors: .PublisherToplevelSubscriberPortAOC

===========================================================================================
----------------- testing Thu Jul 18 21:26:29 UTC 2019 /home/travis/build/icyphy/ptII/ptolemy/actor/lib/test/auto/PulseFiringLimitDE.xml
----------------- Instantiating /home/travis/build/icyphy/ptII/ptolemy/actor/lib/test/auto/PulseFiringLimitDE.xml
2 ms. Memory: 446464K Free: 159162K (36%)
----------------- Invoking toplevel() on ptolemy.moml.MoMLSimpleApplication@1c4fb2d1
----------------- Done invoking toplevel() on ptolemy.moml.MoMLSimpleApplication@1c4fb2d1
reloadAllAccessors: .PulseFiringLimitDE

===========================================================================================
----------------- testing Thu Jul 18 21:26:29 UTC 2019 /home/travis/build/icyphy/ptII/ptolemy/actor/lib/test/auto/Ramp1.xml
----------------- Instantiating /home/travis/build/icyphy/ptII/ptolemy/actor/lib/test/auto/Ramp1.xml
1 ms. Memory: 446464K Free: 155066K (35%)
----------------- Invoking toplevel() on ptolemy.moml.MoMLSimpleApplication@5a112e79
----------------- Done invoking toplevel() on ptolemy.moml.MoMLSimpleApplication@5a112e79
reloadAllAccessors: .Ramp1

===========================================================================================
----------------- testing Thu Jul 18 21:26:29 UTC 2019 /home/travis/build/icyphy/ptII/ptolemy/actor/lib/test/auto/RampFiringLimitDE.xml
----------------- Instantiating /home/travis/build/icyphy/ptII/ptolemy/actor/lib/test/auto/RampFiringLimitDE.xml
3 ms. Memory: 446464K Free: 147898K (33%)
----------------- Invoking toplevel() on ptolemy.moml.MoMLSimpleApplication@3f9f520e
----------------- Done invoking toplevel() on ptolemy.moml.MoMLSimpleApplication@3f9f520e
reloadAllAccessors: .RampFiringLimitDE

===========================================================================================
----------------- testing Thu Jul 18 21:26:29 UTC 2019 /home/travis/build/icyphy/ptII/ptolemy/actor/lib/test/auto/RampFiringLimitSDF.xml
----------------- Instantiating /home/travis/build/icyphy/ptII/ptolemy/actor/lib/test/auto/RampFiringLimitSDF.xml
2 ms. Memory: 446464K Free: 142778K (32%)
----------------- Invoking toplevel() on ptolemy.moml.MoMLSimpleApplication@3cb7f3b
----------------- Done invoking toplevel() on ptolemy.moml.MoMLSimpleApplication@3cb7f3b
reloadAllAccessors: .RampFiringLimitSDF

===========================================================================================
----------------- testing Thu Jul 18 21:26:29 UTC 2019 /home/travis/build/icyphy/ptII/ptolemy/actor/lib/test/auto/RandomInteger.xml
----------------- Instantiating /home/travis/build/icyphy/ptII/ptolemy/actor/lib/test/auto/RandomInteger.xml
1 ms. Memory: 446464K Free: 138682K (31%)
----------------- Invoking toplevel() on ptolemy.moml.MoMLSimpleApplication@7aea321b
----------------- Done invoking toplevel() on ptolemy.moml.MoMLSimpleApplication@7aea321b
reloadAllAccessors: .RandomInteger

===========================================================================================
----------------- testing Thu Jul 18 21:26:29 UTC 2019 /home/travis/build/icyphy/ptII/ptolemy/actor/lib/test/auto/ReadFile1.xml
----------------- Instantiating /home/travis/build/icyphy/ptII/ptolemy/actor/lib/test/auto/ReadFile1.xml
12 ms. Memory: 446464K Free: 397470K (89%)
----------------- Invoking toplevel() on ptolemy.moml.MoMLSimpleApplication@75bceeb4
----------------- Done invoking toplevel() on ptolemy.moml.MoMLSimpleApplication@75bceeb4
reloadAllAccessors: .ReadFile1

===========================================================================================
----------------- testing Thu Jul 18 21:26:30 UTC 2019 /home/travis/build/icyphy/ptII/ptolemy/actor/lib/test/auto/ReadFile2.xml
----------------- Instantiating /home/travis/build/icyphy/ptII/ptolemy/actor/lib/test/auto/ReadFile2.xml
1 ms. Memory: 446464K Free: 392613K (88%)
----------------- Invoking toplevel() on ptolemy.moml.MoMLSimpleApplication@1e01c494
----------------- Done invoking toplevel() on ptolemy.moml.MoMLSimpleApplication@1e01c494
reloadAllAccessors: .ReadFile2

===========================================================================================
----------------- testing Thu Jul 18 21:26:30 UTC 2019 /home/travis/build/icyphy/ptII/ptolemy/actor/lib/test/auto/Reader.xml
----------------- Instantiating /home/travis/build/icyphy/ptII/ptolemy/actor/lib/test/auto/Reader.xml
actor.lib.Reader is obsolete, use actor.lib.io.ExpressionReader instead
4 ms. Memory: 446464K Free: 388517K (87%)
----------------- Invoking toplevel() on ptolemy.moml.MoMLSimpleApplication@131d98ee
----------------- Done invoking toplevel() on ptolemy.moml.MoMLSimpleApplication@131d98ee
reloadAllAccessors: .Reader

===========================================================================================
----------------- testing Thu Jul 18 21:26:30 UTC 2019 /home/travis/build/icyphy/ptII/ptolemy/actor/lib/test/auto/RecordAssemblerDisplayNameTest.xml
----------------- Instantiating /home/travis/build/icyphy/ptII/ptolemy/actor/lib/test/auto/RecordAssemblerDisplayNameTest.xml
3768 ms. Memory: 446464K Free: 218694K (49%)
----------------- Invoking toplevel() on ptolemy.moml.MoMLSimpleApplication@ccc7356
----------------- Done invoking toplevel() on ptolemy.moml.MoMLSimpleApplication@ccc7356
reloadAllAccessors: .RecordAssemblerDisplayNameTest

===========================================================================================
----------------- testing Thu Jul 18 21:26:33 UTC 2019 /home/travis/build/icyphy/ptII/ptolemy/actor/lib/test/auto/RecordAssemblerTypeError.xml
----------------- Instantiating /home/travis/build/icyphy/ptII/ptolemy/actor/lib/test/auto/RecordAssemblerTypeError.xml
11 ms. Memory: 446464K Free: 208968K (47%)
----------------- Invoking toplevel() on ptolemy.moml.MoMLSimpleApplication@5df3883a
----------------- Done invoking toplevel() on ptolemy.moml.MoMLSimpleApplication@5df3883a
reloadAllAccessors: .RecordAssemblerTypeError

===========================================================================================
----------------- testing Thu Jul 18 21:26:33 UTC 2019 /home/travis/build/icyphy/ptII/ptolemy/actor/lib/test/auto/RecordDisassember.xml
----------------- Instantiating /home/travis/build/icyphy/ptII/ptolemy/actor/lib/test/auto/RecordDisassember.xml
11 ms. Memory: 446464K Free: 204328K (46%)
----------------- Invoking toplevel() on ptolemy.moml.MoMLSimpleApplication@2091a26b
----------------- Done invoking toplevel() on ptolemy.moml.MoMLSimpleApplication@2091a26b
reloadAllAccessors: .RecordDisassember

===========================================================================================
----------------- testing Thu Jul 18 21:26:33 UTC 2019 /home/travis/build/icyphy/ptII/ptolemy/actor/lib/test/auto/RecordDisassemberDisplayNameTest.xml
----------------- Instantiating /home/travis/build/icyphy/ptII/ptolemy/actor/lib/test/auto/RecordDisassemberDisplayNameTest.xml
7 ms. Memory: 446464K Free: 195656K (44%)
----------------- Invoking toplevel() on ptolemy.moml.MoMLSimpleApplication@2249a2c4
----------------- Done invoking toplevel() on ptolemy.moml.MoMLSimpleApplication@2249a2c4
reloadAllAccessors: .RecordDisassemberDisplayNameTest

===========================================================================================
----------------- testing Thu Jul 18 21:26:33 UTC 2019 /home/travis/build/icyphy/ptII/ptolemy/actor/lib/test/auto/RecordDisassembler.xml
----------------- Instantiating /home/travis/build/icyphy/ptII/ptolemy/actor/lib/test/auto/RecordDisassembler.xml
3 ms. Memory: 446464K Free: 190536K (43%)
----------------- Invoking toplevel() on ptolemy.moml.MoMLSimpleApplication@1aa8860f
----------------- Done invoking toplevel() on ptolemy.moml.MoMLSimpleApplication@1aa8860f
reloadAllAccessors: .RecordDisassembler

===========================================================================================
----------------- testing Thu Jul 18 21:26:33 UTC 2019 /home/travis/build/icyphy/ptII/ptolemy/actor/lib/test/auto/RecordDisassembler2.xml
----------------- Instantiating /home/travis/build/icyphy/ptII/ptolemy/actor/lib/test/auto/RecordDisassembler2.xml
3 ms. Memory: 446464K Free: 185416K (42%)
----------------- Invoking toplevel() on ptolemy.moml.MoMLSimpleApplication@11e684b7
----------------- Done invoking toplevel() on ptolemy.moml.MoMLSimpleApplication@11e684b7
reloadAllAccessors: .RecordDisassembler2

===========================================================================================
----------------- testing Thu Jul 18 21:26:33 UTC 2019 /home/travis/build/icyphy/ptII/ptolemy/actor/lib/test/auto/RecordUpdater.xml
----------------- Instantiating /home/travis/build/icyphy/ptII/ptolemy/actor/lib/test/auto/RecordUpdater.xml
4 ms. Memory: 446464K Free: 180296K (40%)
----------------- Invoking toplevel() on ptolemy.moml.MoMLSimpleApplication@7d2035dd
----------------- Done invoking toplevel() on ptolemy.moml.MoMLSimpleApplication@7d2035dd
reloadAllAccessors: .RecordUpdater

===========================================================================================
----------------- testing Thu Jul 18 21:26:33 UTC 2019 /home/travis/build/icyphy/ptII/ptolemy/actor/lib/test/auto/RecordUpdater2.xml
----------------- Instantiating /home/travis/build/icyphy/ptII/ptolemy/actor/lib/test/auto/RecordUpdater2.xml
1 ms. Memory: 446464K Free: 175686K (39%)
----------------- Invoking toplevel() on ptolemy.moml.MoMLSimpleApplication@687bebe2
----------------- Done invoking toplevel() on ptolemy.moml.MoMLSimpleApplication@687bebe2
reloadAllAccessors: .RecordUpdater2

===========================================================================================
----------------- testing Thu Jul 18 21:26:33 UTC 2019 /home/travis/build/icyphy/ptII/ptolemy/actor/lib/test/auto/RecursiveLattice.xml
----------------- Instantiating /home/travis/build/icyphy/ptII/ptolemy/actor/lib/test/auto/RecursiveLattice.xml
2 ms. Memory: 446464K Free: 171560K (38%)
----------------- Invoking toplevel() on ptolemy.moml.MoMLSimpleApplication@491b6f82
----------------- Done invoking toplevel() on ptolemy.moml.MoMLSimpleApplication@491b6f82
reloadAllAccessors: .RecursiveLattice

===========================================================================================
----------------- testing Thu Jul 18 21:26:34 UTC 2019 /home/travis/build/icyphy/ptII/ptolemy/actor/lib/test/auto/Router.xml
----------------- Instantiating /home/travis/build/icyphy/ptII/ptolemy/actor/lib/test/auto/Router.xml
3003 ms. Memory: 446464K Free: 160840K (36%)
----------------- Invoking toplevel() on ptolemy.moml.MoMLSimpleApplication@6dbe4c47
----------------- Done invoking toplevel() on ptolemy.moml.MoMLSimpleApplication@6dbe4c47
reloadAllAccessors: .Router

===========================================================================================
----------------- testing Thu Jul 18 21:26:37 UTC 2019 /home/travis/build/icyphy/ptII/ptolemy/actor/lib/test/auto/Router2.xml
----------------- Instantiating /home/travis/build/icyphy/ptII/ptolemy/actor/lib/test/auto/Router2.xml
3005 ms. Memory: 446464K Free: 150600K (34%)
----------------- Invoking toplevel() on ptolemy.moml.MoMLSimpleApplication@5523be38
----------------- Done invoking toplevel() on ptolemy.moml.MoMLSimpleApplication@5523be38
reloadAllAccessors: .Router2

===========================================================================================
----------------- testing Thu Jul 18 21:26:40 UTC 2019 /home/travis/build/icyphy/ptII/ptolemy/actor/lib/test/auto/RunningMaximum.xml
----------------- Instantiating /home/travis/build/icyphy/ptII/ptolemy/actor/lib/test/auto/RunningMaximum.xml
2 ms. Memory: 446464K Free: 145990K (33%)
----------------- Invoking toplevel() on ptolemy.moml.MoMLSimpleApplication@2ef5295b
----------------- Done invoking toplevel() on ptolemy.moml.MoMLSimpleApplication@2ef5295b
reloadAllAccessors: .RunningMaximum

===========================================================================================
----------------- testing Thu Jul 18 21:26:40 UTC 2019 /home/travis/build/icyphy/ptII/ptolemy/actor/lib/test/auto/RunningMinimum.xml
----------------- Instantiating /home/travis/build/icyphy/ptII/ptolemy/actor/lib/test/auto/RunningMinimum.xml
5 ms. Memory: 446464K Free: 141384K (32%)
----------------- Invoking toplevel() on ptolemy.moml.MoMLSimpleApplication@3b16f137
----------------- Done invoking toplevel() on ptolemy.moml.MoMLSimpleApplication@3b16f137
reloadAllAccessors: .RunningMinimum

===========================================================================================
----------------- testing Thu Jul 18 21:26:40 UTC 2019 /home/travis/build/icyphy/ptII/ptolemy/actor/lib/test/auto/Scale.xml
----------------- Instantiating /home/travis/build/icyphy/ptII/ptolemy/actor/lib/test/auto/Scale.xml
2 ms. Memory: 446464K Free: 136774K (31%)
----------------- Invoking toplevel() on ptolemy.moml.MoMLSimpleApplication@4cf58653
----------------- Done invoking toplevel() on ptolemy.moml.MoMLSimpleApplication@4cf58653
reloadAllAccessors: .Scale

===========================================================================================
----------------- testing Thu Jul 18 21:26:40 UTC 2019 /home/travis/build/icyphy/ptII/ptolemy/actor/lib/test/auto/Scale2.xml
----------------- Instantiating /home/travis/build/icyphy/ptII/ptolemy/actor/lib/test/auto/Scale2.xml
6 ms. Memory: 446464K Free: 394757K (88%)
----------------- Invoking toplevel() on ptolemy.moml.MoMLSimpleApplication@7541c196
----------------- Done invoking toplevel() on ptolemy.moml.MoMLSimpleApplication@7541c196
reloadAllAccessors: .Scale2

===========================================================================================
----------------- testing Thu Jul 18 21:26:40 UTC 2019 /home/travis/build/icyphy/ptII/ptolemy/actor/lib/test/auto/Scale3.xml
----------------- Instantiating /home/travis/build/icyphy/ptII/ptolemy/actor/lib/test/auto/Scale3.xml
10 ms. Memory: 446464K Free: 388117K (87%)
----------------- Invoking toplevel() on ptolemy.moml.MoMLSimpleApplication@165debf6
----------------- Done invoking toplevel() on ptolemy.moml.MoMLSimpleApplication@165debf6
reloadAllAccessors: .Scale3

===========================================================================================
----------------- testing Thu Jul 18 21:26:40 UTC 2019 /home/travis/build/icyphy/ptII/ptolemy/actor/lib/test/auto/ScaleArray.xml
----------------- Instantiating /home/travis/build/icyphy/ptII/ptolemy/actor/lib/test/auto/ScaleArray.xml
1 ms. Memory: 446464K Free: 383507K (86%)
----------------- Invoking toplevel() on ptolemy.moml.MoMLSimpleApplication@3edd70cf
----------------- Done invoking toplevel() on ptolemy.moml.MoMLSimpleApplication@3edd70cf
reloadAllAccessors: .ScaleArray

===========================================================================================
----------------- testing Thu Jul 18 21:26:40 UTC 2019 /home/travis/build/icyphy/ptII/ptolemy/actor/lib/test/auto/ScaleArray2.xml
----------------- Instantiating /home/travis/build/icyphy/ptII/ptolemy/actor/lib/test/auto/ScaleArray2.xml
1 ms. Memory: 446464K Free: 378901K (85%)
----------------- Invoking toplevel() on ptolemy.moml.MoMLSimpleApplication@11ef6393
----------------- Done invoking toplevel() on ptolemy.moml.MoMLSimpleApplication@11ef6393
reloadAllAccessors: .ScaleArray2

===========================================================================================
----------------- testing Thu Jul 18 21:26:40 UTC 2019 /home/travis/build/icyphy/ptII/ptolemy/actor/lib/test/auto/ScaleMatrix.xml
----------------- Instantiating /home/travis/build/icyphy/ptII/ptolemy/actor/lib/test/auto/ScaleMatrix.xml
168 ms. Memory: 446464K Free: 366099K (82%)
----------------- Invoking toplevel() on ptolemy.moml.MoMLSimpleApplication@3de69b5c
----------------- Done invoking toplevel() on ptolemy.moml.MoMLSimpleApplication@3de69b5c
reloadAllAccessors: .ScaleMatrix

===========================================================================================
----------------- testing Thu Jul 18 21:26:40 UTC 2019 /home/travis/build/icyphy/ptII/ptolemy/actor/lib/test/auto/Select.xml
----------------- Instantiating /home/travis/build/icyphy/ptII/ptolemy/actor/lib/test/auto/Select.xml
3 ms. Memory: 446464K Free: 359445K (81%)
----------------- Invoking toplevel() on ptolemy.moml.MoMLSimpleApplication@2e76ba14
----------------- Done invoking toplevel() on ptolemy.moml.MoMLSimpleApplication@2e76ba14
reloadAllAccessors: .Select

===========================================================================================
----------------- testing Thu Jul 18 21:26:40 UTC 2019 /home/travis/build/icyphy/ptII/ptolemy/actor/lib/test/auto/Select2.xml
----------------- Instantiating /home/travis/build/icyphy/ptII/ptolemy/actor/lib/test/auto/Select2.xml
1 ms. Memory: 446464K Free: 354835K (79%)
----------------- Invoking toplevel() on ptolemy.moml.MoMLSimpleApplication@4a1f9aaf
----------------- Done invoking toplevel() on ptolemy.moml.MoMLSimpleApplication@4a1f9aaf
reloadAllAccessors: .Select2

===========================================================================================
----------------- testing Thu Jul 18 21:26:40 UTC 2019 /home/travis/build/icyphy/ptII/ptolemy/actor/lib/test/auto/SequenceToArray2.xml
----------------- Instantiating /home/travis/build/icyphy/ptII/ptolemy/actor/lib/test/auto/SequenceToArray2.xml
105 ms. Memory: 446464K Free: 330773K (74%)
----------------- Invoking toplevel() on ptolemy.moml.MoMLSimpleApplication@71657e3c
----------------- Done invoking toplevel() on ptolemy.moml.MoMLSimpleApplication@71657e3c
reloadAllAccessors: .SequenceToArray2

===========================================================================================
----------------- testing Thu Jul 18 21:26:40 UTC 2019 /home/travis/build/icyphy/ptII/ptolemy/actor/lib/test/auto/SequentialClock.xml
----------------- Instantiating /home/travis/build/icyphy/ptII/ptolemy/actor/lib/test/auto/SequentialClock.xml
2 ms. Memory: 446464K Free: 326677K (73%)
----------------- Invoking toplevel() on ptolemy.moml.MoMLSimpleApplication@1af1176b
----------------- Done invoking toplevel() on ptolemy.moml.MoMLSimpleApplication@1af1176b
reloadAllAccessors: .SequentialClock

===========================================================================================
----------------- testing Thu Jul 18 21:26:40 UTC 2019 /home/travis/build/icyphy/ptII/ptolemy/actor/lib/test/auto/SetVariable.xml
----------------- Instantiating /home/travis/build/icyphy/ptII/ptolemy/actor/lib/test/auto/SetVariable.xml
2 ms. Memory: 446464K Free: 322067K (72%)
----------------- Invoking toplevel() on ptolemy.moml.MoMLSimpleApplication@794b2f4d
----------------- Done invoking toplevel() on ptolemy.moml.MoMLSimpleApplication@794b2f4d
reloadAllAccessors: .SetVariable

===========================================================================================
----------------- testing Thu Jul 18 21:26:40 UTC 2019 /home/travis/build/icyphy/ptII/ptolemy/actor/lib/test/auto/SetVariable2.xml
----------------- Instantiating /home/travis/build/icyphy/ptII/ptolemy/actor/lib/test/auto/SetVariable2.xml
2 ms. Memory: 446464K Free: 316437K (71%)
----------------- Invoking toplevel() on ptolemy.moml.MoMLSimpleApplication@70bc2cda
----------------- Done invoking toplevel() on ptolemy.moml.MoMLSimpleApplication@70bc2cda
reloadAllAccessors: .SetVariable2

===========================================================================================
----------------- testing Thu Jul 18 21:26:40 UTC 2019 /home/travis/build/icyphy/ptII/ptolemy/actor/lib/test/auto/SetVariable3.xml
----------------- Instantiating /home/travis/build/icyphy/ptII/ptolemy/actor/lib/test/auto/SetVariable3.xml
8 ms. Memory: 446464K Free: 311317K (70%)
----------------- Invoking toplevel() on ptolemy.moml.MoMLSimpleApplication@4ca331d
----------------- Done invoking toplevel() on ptolemy.moml.MoMLSimpleApplication@4ca331d
reloadAllAccessors: .SetVariable3

===========================================================================================
----------------- testing Thu Jul 18 21:26:40 UTC 2019 /home/travis/build/icyphy/ptII/ptolemy/actor/lib/test/auto/SetVariable4.xml
----------------- Instantiating /home/travis/build/icyphy/ptII/ptolemy/actor/lib/test/auto/SetVariable4.xml
17 ms. Memory: 446464K Free: 302099K (68%)
----------------- Invoking toplevel() on ptolemy.moml.MoMLSimpleApplication@7c5e1bdf
----------------- Done invoking toplevel() on ptolemy.moml.MoMLSimpleApplication@7c5e1bdf
reloadAllAccessors: .SetVariable4

===========================================================================================
----------------- testing Thu Jul 18 21:26:40 UTC 2019 /home/travis/build/icyphy/ptII/ptolemy/actor/lib/test/auto/SetVariable5.xml
----------------- Instantiating /home/travis/build/icyphy/ptII/ptolemy/actor/lib/test/auto/SetVariable5.xml
25 ms. Memory: 446464K Free: 292885K (66%)
----------------- Invoking toplevel() on ptolemy.moml.MoMLSimpleApplication@46760578
----------------- Done invoking toplevel() on ptolemy.moml.MoMLSimpleApplication@46760578
reloadAllAccessors: .SetVariable5

===========================================================================================
----------------- testing Thu Jul 18 21:26:40 UTC 2019 /home/travis/build/icyphy/ptII/ptolemy/actor/lib/test/auto/Sinewave.xml
----------------- Instantiating /home/travis/build/icyphy/ptII/ptolemy/actor/lib/test/auto/Sinewave.xml
5 ms. Memory: 446464K Free: 281621K (63%)
----------------- Invoking toplevel() on ptolemy.moml.MoMLSimpleApplication@7f650439
----------------- Done invoking toplevel() on ptolemy.moml.MoMLSimpleApplication@7f650439
reloadAllAccessors: .Sinewave

===========================================================================================
----------------- testing Thu Jul 18 21:26:40 UTC 2019 /home/travis/build/icyphy/ptII/ptolemy/actor/lib/test/auto/Sinewave2.xml
----------------- Instantiating /home/travis/build/icyphy/ptII/ptolemy/actor/lib/test/auto/Sinewave2.xml
10 ms. Memory: 446464K Free: 273925K (61%)
----------------- Invoking toplevel() on ptolemy.moml.MoMLSimpleApplication@568f5dcc
----------------- Done invoking toplevel() on ptolemy.moml.MoMLSimpleApplication@568f5dcc
reloadAllAccessors: .Sinewave2

===========================================================================================
----------------- testing Thu Jul 18 21:26:40 UTC 2019 /home/travis/build/icyphy/ptII/ptolemy/actor/lib/test/auto/Sinewave3.xml
----------------- Instantiating /home/travis/build/icyphy/ptII/ptolemy/actor/lib/test/auto/Sinewave3.xml
11 ms. Memory: 446464K Free: 265237K (59%)
----------------- Invoking toplevel() on ptolemy.moml.MoMLSimpleApplication@59a5074a
----------------- Done invoking toplevel() on ptolemy.moml.MoMLSimpleApplication@59a5074a
reloadAllAccessors: .Sinewave3

===========================================================================================
----------------- testing Thu Jul 18 21:26:40 UTC 2019 /home/travis/build/icyphy/ptII/ptolemy/actor/lib/test/auto/SingleEvent.xml
----------------- Instantiating /home/travis/build/icyphy/ptII/ptolemy/actor/lib/test/auto/SingleEvent.xml
1 ms. Memory: 446464K Free: 261141K (58%)
----------------- Invoking toplevel() on ptolemy.moml.MoMLSimpleApplication@58828105
----------------- Done invoking toplevel() on ptolemy.moml.MoMLSimpleApplication@58828105
reloadAllAccessors: .SingleEvent

===========================================================================================
----------------- testing Thu Jul 18 21:26:40 UTC 2019 /home/travis/build/icyphy/ptII/ptolemy/actor/lib/test/auto/Sleep.xml
----------------- Instantiating /home/travis/build/icyphy/ptII/ptolemy/actor/lib/test/auto/Sleep.xml
6004 ms. Memory: 446464K Free: 254997K (57%)
----------------- Invoking toplevel() on ptolemy.moml.MoMLSimpleApplication@68bf5b33
----------------- Done invoking toplevel() on ptolemy.moml.MoMLSimpleApplication@68bf5b33
reloadAllAccessors: .Sleep

===========================================================================================
----------------- testing Thu Jul 18 21:26:46 UTC 2019 /home/travis/build/icyphy/ptII/ptolemy/actor/lib/test/auto/SleepMultipleFire.xml
----------------- Instantiating /home/travis/build/icyphy/ptII/ptolemy/actor/lib/test/auto/SleepMultipleFire.xml
1008 ms. Memory: 446464K Free: 249363K (56%)
----------------- Invoking toplevel() on ptolemy.moml.MoMLSimpleApplication@3984b738
----------------- Done invoking toplevel() on ptolemy.moml.MoMLSimpleApplication@3984b738
reloadAllAccessors: .SleepMultipleFire

===========================================================================================
----------------- testing Thu Jul 18 21:26:47 UTC 2019 /home/travis/build/icyphy/ptII/ptolemy/actor/lib/test/auto/StopDE.xml
----------------- Instantiating /home/travis/build/icyphy/ptII/ptolemy/actor/lib/test/auto/StopDE.xml
5 ms. Memory: 446464K Free: 243733K (55%)
----------------- Invoking toplevel() on ptolemy.moml.MoMLSimpleApplication@2bbb9555
----------------- Done invoking toplevel() on ptolemy.moml.MoMLSimpleApplication@2bbb9555
reloadAllAccessors: .StopDE

===========================================================================================
----------------- testing Thu Jul 18 21:26:47 UTC 2019 /home/travis/build/icyphy/ptII/ptolemy/actor/lib/test/auto/StopSDF.xml
----------------- Instantiating /home/travis/build/icyphy/ptII/ptolemy/actor/lib/test/auto/StopSDF.xml
5 ms. Memory: 446464K Free: 238613K (53%)
----------------- Invoking toplevel() on ptolemy.moml.MoMLSimpleApplication@7761b2a2
----------------- Done invoking toplevel() on ptolemy.moml.MoMLSimpleApplication@7761b2a2
reloadAllAccessors: .StopSDF

===========================================================================================
----------------- testing Thu Jul 18 21:26:47 UTC 2019 /home/travis/build/icyphy/ptII/ptolemy/actor/lib/test/auto/StringConstant.xml
----------------- Instantiating /home/travis/build/icyphy/ptII/ptolemy/actor/lib/test/auto/StringConstant.xml
11 ms. Memory: 446464K Free: 233493K (52%)
----------------- Invoking toplevel() on ptolemy.moml.MoMLSimpleApplication@65ba2c83
----------------- Done invoking toplevel() on ptolemy.moml.MoMLSimpleApplication@65ba2c83
reloadAllAccessors: .StringConstant

===========================================================================================
----------------- testing Thu Jul 18 21:26:47 UTC 2019 /home/travis/build/icyphy/ptII/ptolemy/actor/lib/test/auto/SubscriberPortInitialValues1.xml
----------------- Instantiating /home/travis/build/icyphy/ptII/ptolemy/actor/lib/test/auto/SubscriberPortInitialValues1.xml
11 ms. Memory: 446464K Free: 224787K (50%)
----------------- Invoking toplevel() on ptolemy.moml.MoMLSimpleApplication@73b1c78c
----------------- Done invoking toplevel() on ptolemy.moml.MoMLSimpleApplication@73b1c78c
reloadAllAccessors: .SubscriberPortInitialValues1

===========================================================================================
----------------- testing Thu Jul 18 21:26:47 UTC 2019 /home/travis/build/icyphy/ptII/ptolemy/actor/lib/test/auto/SubscriberPortInitialValues13.xml
----------------- Instantiating /home/travis/build/icyphy/ptII/ptolemy/actor/lib/test/auto/SubscriberPortInitialValues13.xml
8 ms. Memory: 446464K Free: 211989K (47%)
----------------- Invoking toplevel() on ptolemy.moml.MoMLSimpleApplication@7fe4fd34
----------------- Done invoking toplevel() on ptolemy.moml.MoMLSimpleApplication@7fe4fd34
reloadAllAccessors: .SubscriberPortInitialValues13

===========================================================================================
----------------- testing Thu Jul 18 21:26:48 UTC 2019 /home/travis/build/icyphy/ptII/ptolemy/actor/lib/test/auto/SubscriberPortInitialValues14.xml
----------------- Instantiating /home/travis/build/icyphy/ptII/ptolemy/actor/lib/test/auto/SubscriberPortInitialValues14.xml
5 ms. Memory: 446464K Free: 204307K (46%)
----------------- Invoking toplevel() on ptolemy.moml.MoMLSimpleApplication@3d83adca
----------------- Done invoking toplevel() on ptolemy.moml.MoMLSimpleApplication@3d83adca
reloadAllAccessors: .SubscriberPortInitialValues14

===========================================================================================
----------------- testing Thu Jul 18 21:26:48 UTC 2019 /home/travis/build/icyphy/ptII/ptolemy/actor/lib/test/auto/SubscriberPortInitialValues2.xml
----------------- Instantiating /home/travis/build/icyphy/ptII/ptolemy/actor/lib/test/auto/SubscriberPortInitialValues2.xml
5 ms. Memory: 446464K Free: 196629K (44%)
----------------- Invoking toplevel() on ptolemy.moml.MoMLSimpleApplication@155398e2
----------------- Done invoking toplevel() on ptolemy.moml.MoMLSimpleApplication@155398e2
reloadAllAccessors: .SubscriberPortInitialValues2

===========================================================================================
----------------- testing Thu Jul 18 21:26:48 UTC 2019 /home/travis/build/icyphy/ptII/ptolemy/actor/lib/test/auto/SubscriberPortInitialValues3.xml
----------------- Instantiating /home/travis/build/icyphy/ptII/ptolemy/actor/lib/test/auto/SubscriberPortInitialValues3.xml
9 ms. Memory: 446464K Free: 185365K (42%)
----------------- Invoking toplevel() on ptolemy.moml.MoMLSimpleApplication@6098198a
----------------- Done invoking toplevel() on ptolemy.moml.MoMLSimpleApplication@6098198a
reloadAllAccessors: .SubscriberPortInitialValues3

===========================================================================================
----------------- testing Thu Jul 18 21:26:48 UTC 2019 /home/travis/build/icyphy/ptII/ptolemy/actor/lib/test/auto/SubscriptionAggregator.xml
----------------- Instantiating /home/travis/build/icyphy/ptII/ptolemy/actor/lib/test/auto/SubscriptionAggregator.xml
3 ms. Memory: 446464K Free: 178197K (40%)
----------------- Invoking toplevel() on ptolemy.moml.MoMLSimpleApplication@4479365e
----------------- Done invoking toplevel() on ptolemy.moml.MoMLSimpleApplication@4479365e
reloadAllAccessors: .SubscriptionAggregator

===========================================================================================
----------------- testing Thu Jul 18 21:26:48 UTC 2019 /home/travis/build/icyphy/ptII/ptolemy/actor/lib/test/auto/SubscriptionAggregator2.xml
----------------- Instantiating /home/travis/build/icyphy/ptII/ptolemy/actor/lib/test/auto/SubscriptionAggregator2.xml
2 ms. Memory: 446464K Free: 171533K (38%)
----------------- Invoking toplevel() on ptolemy.moml.MoMLSimpleApplication@4cb9fd25
----------------- Done invoking toplevel() on ptolemy.moml.MoMLSimpleApplication@4cb9fd25
reloadAllAccessors: .SubscriptionAggregator2

===========================================================================================
----------------- testing Thu Jul 18 21:26:48 UTC 2019 /home/travis/build/icyphy/ptII/ptolemy/actor/lib/test/auto/SubscriptionAggregator3.xml
----------------- Instantiating /home/travis/build/icyphy/ptII/ptolemy/actor/lib/test/auto/SubscriptionAggregator3.xml
4 ms. Memory: 446464K Free: 163341K (37%)
----------------- Invoking toplevel() on ptolemy.moml.MoMLSimpleApplication@6ee96e92
----------------- Done invoking toplevel() on ptolemy.moml.MoMLSimpleApplication@6ee96e92
reloadAllAccessors: .SubscriptionAggregator3

===========================================================================================
----------------- testing Thu Jul 18 21:26:48 UTC 2019 /home/travis/build/icyphy/ptII/ptolemy/actor/lib/test/auto/SubscriptionAggregatorMultiply.xml
----------------- Instantiating /home/travis/build/icyphy/ptII/ptolemy/actor/lib/test/auto/SubscriptionAggregatorMultiply.xml
15 ms. Memory: 446464K Free: 154125K (35%)
----------------- Invoking toplevel() on ptolemy.moml.MoMLSimpleApplication@7c1fbbf
----------------- Done invoking toplevel() on ptolemy.moml.MoMLSimpleApplication@7c1fbbf
reloadAllAccessors: .SubscriptionAggregatorMultiply

===========================================================================================
----------------- testing Thu Jul 18 21:26:48 UTC 2019 /home/travis/build/icyphy/ptII/ptolemy/actor/lib/test/auto/SubscriptionAggregatorPortMultiply1.xml
----------------- Instantiating /home/travis/build/icyphy/ptII/ptolemy/actor/lib/test/auto/SubscriptionAggregatorPortMultiply1.xml
3 ms. Memory: 446464K Free: 145939K (33%)
----------------- Invoking toplevel() on ptolemy.moml.MoMLSimpleApplication@2b86fa56
----------------- Done invoking toplevel() on ptolemy.moml.MoMLSimpleApplication@2b86fa56
reloadAllAccessors: .SubscriptionAggregatorPortMultiply1

===========================================================================================
----------------- testing Thu Jul 18 21:26:48 UTC 2019 /home/travis/build/icyphy/ptII/ptolemy/actor/lib/test/auto/Switch.xml
----------------- Instantiating /home/travis/build/icyphy/ptII/ptolemy/actor/lib/test/auto/Switch.xml
10 ms. Memory: 446464K Free: 137747K (31%)
----------------- Invoking toplevel() on ptolemy.moml.MoMLSimpleApplication@234eef1
----------------- Done invoking toplevel() on ptolemy.moml.MoMLSimpleApplication@234eef1
reloadAllAccessors: .Switch

===========================================================================================
----------------- testing Thu Jul 18 21:26:48 UTC 2019 /home/travis/build/icyphy/ptII/ptolemy/actor/lib/test/auto/Switch2.xml
----------------- Instantiating /home/travis/build/icyphy/ptII/ptolemy/actor/lib/test/auto/Switch2.xml
1 ms. Memory: 446464K Free: 396105K (89%)
----------------- Invoking toplevel() on ptolemy.moml.MoMLSimpleApplication@3dcff004
----------------- Done invoking toplevel() on ptolemy.moml.MoMLSimpleApplication@3dcff004
reloadAllAccessors: .Switch2

===========================================================================================
----------------- testing Thu Jul 18 21:26:48 UTC 2019 /home/travis/build/icyphy/ptII/ptolemy/actor/lib/test/auto/SwitchDE.xml
----------------- Instantiating /home/travis/build/icyphy/ptII/ptolemy/actor/lib/test/auto/SwitchDE.xml
5 ms. Memory: 446464K Free: 389417K (87%)
----------------- Invoking toplevel() on ptolemy.moml.MoMLSimpleApplication@49bedd15
----------------- Done invoking toplevel() on ptolemy.moml.MoMLSimpleApplication@49bedd15
reloadAllAccessors: .SwitchDE

===========================================================================================
----------------- testing Thu Jul 18 21:26:48 UTC 2019 /home/travis/build/icyphy/ptII/ptolemy/actor/lib/test/auto/SynchronizerDE.xml
----------------- Instantiating /home/travis/build/icyphy/ptII/ptolemy/actor/lib/test/auto/SynchronizerDE.xml
8 ms. Memory: 446464K Free: 381225K (85%)
----------------- Invoking toplevel() on ptolemy.moml.MoMLSimpleApplication@686456f8
----------------- Done invoking toplevel() on ptolemy.moml.MoMLSimpleApplication@686456f8
reloadAllAccessors: .SynchronizerDE

===========================================================================================
----------------- testing Thu Jul 18 21:26:48 UTC 2019 /home/travis/build/icyphy/ptII/ptolemy/actor/lib/test/auto/Test.xml
----------------- Instantiating /home/travis/build/icyphy/ptII/ptolemy/actor/lib/test/auto/Test.xml
9 ms. Memory: 446464K Free: 376105K (84%)
----------------- Invoking toplevel() on ptolemy.moml.MoMLSimpleApplication@6cb43088
----------------- Done invoking toplevel() on ptolemy.moml.MoMLSimpleApplication@6cb43088
reloadAllAccessors: .Test

===========================================================================================
----------------- testing Thu Jul 18 21:26:48 UTC 2019 /home/travis/build/icyphy/ptII/ptolemy/actor/lib/test/auto/TestExceptionAttribute1.xml
----------------- Instantiating /home/travis/build/icyphy/ptII/ptolemy/actor/lib/test/auto/TestExceptionAttribute1.xml
1 ms. Memory: 446464K Free: 372039K (83%)
----------------- Invoking toplevel() on ptolemy.moml.MoMLSimpleApplication@50cf7377
----------------- Done invoking toplevel() on ptolemy.moml.MoMLSimpleApplication@50cf7377
reloadAllAccessors: .TestExceptionAttribute1

===========================================================================================
----------------- testing Thu Jul 18 21:26:48 UTC 2019 /home/travis/build/icyphy/ptII/ptolemy/actor/lib/test/auto/TestExceptionAttribute2.xml
----------------- Instantiating /home/travis/build/icyphy/ptII/ptolemy/actor/lib/test/auto/TestExceptionAttribute2.xml
1 ms. Memory: 446464K Free: 368457K (83%)
----------------- Invoking toplevel() on ptolemy.moml.MoMLSimpleApplication@7b792e41
----------------- Done invoking toplevel() on ptolemy.moml.MoMLSimpleApplication@7b792e41
reloadAllAccessors: .TestExceptionAttribute2

===========================================================================================
----------------- testing Thu Jul 18 21:26:48 UTC 2019 /home/travis/build/icyphy/ptII/ptolemy/actor/lib/test/auto/TestExceptionAttribute3.xml
----------------- Instantiating /home/travis/build/icyphy/ptII/ptolemy/actor/lib/test/auto/TestExceptionAttribute3.xml
.TestExceptionAttribute3.TestExceptionAttribute: initialize() was not invoked, but wrapup() was.  This is unusual, but not always a problem.  For example, exporting JNLP will do this.
1 ms. Memory: 446464K Free: 364871K (82%)
----------------- Invoking toplevel() on ptolemy.moml.MoMLSimpleApplication@4bcbf879
----------------- Done invoking toplevel() on ptolemy.moml.MoMLSimpleApplication@4bcbf879
reloadAllAccessors: .TestExceptionAttribute3

===========================================================================================
----------------- testing Thu Jul 18 21:26:48 UTC 2019 /home/travis/build/icyphy/ptII/ptolemy/actor/lib/test/auto/TestExceptionAttribute4.xml
----------------- Instantiating /home/travis/build/icyphy/ptII/ptolemy/actor/lib/test/auto/TestExceptionAttribute4.xml
.TestExceptionAttribute4.TestExceptionAttribute: initialize() was not invoked, but wrapup() was.  This is unusual, but not always a problem.  For example, exporting JNLP will do this.
.TestExceptionAttribute4.TestExceptionAttribute2: initialize() was not invoked, but wrapup() was.  This is unusual, but not always a problem.  For example, exporting JNLP will do this.
1 ms. Memory: 446464K Free: 360775K (81%)
----------------- Invoking toplevel() on ptolemy.moml.MoMLSimpleApplication@113a3a1b
----------------- Done invoking toplevel() on ptolemy.moml.MoMLSimpleApplication@113a3a1b
reloadAllAccessors: .TestExceptionAttribute4

===========================================================================================
----------------- testing Thu Jul 18 21:26:48 UTC 2019 /home/travis/build/icyphy/ptII/ptolemy/actor/lib/test/auto/TestExceptionHandler1.xml
----------------- Instantiating /home/travis/build/icyphy/ptII/ptolemy/actor/lib/test/auto/TestExceptionHandler1.xml
1 ms. Memory: 446464K Free: 356679K (80%)
----------------- Invoking toplevel() on ptolemy.moml.MoMLSimpleApplication@73d311ee
----------------- Done invoking toplevel() on ptolemy.moml.MoMLSimpleApplication@73d311ee
reloadAllAccessors: .TestExceptionHandler1

===========================================================================================
----------------- testing Thu Jul 18 21:26:48 UTC 2019 /home/travis/build/icyphy/ptII/ptolemy/actor/lib/test/auto/TestExceptionHandler2.xml
----------------- Instantiating /home/travis/build/icyphy/ptII/ptolemy/actor/lib/test/auto/TestExceptionHandler2.xml
2 ms. Memory: 446464K Free: 353097K (79%)
----------------- Invoking toplevel() on ptolemy.moml.MoMLSimpleApplication@1b7665b6
----------------- Done invoking toplevel() on ptolemy.moml.MoMLSimpleApplication@1b7665b6
reloadAllAccessors: .TestExceptionHandler2

===========================================================================================
----------------- testing Thu Jul 18 21:26:48 UTC 2019 /home/travis/build/icyphy/ptII/ptolemy/actor/lib/test/auto/TestExceptionHandler3.xml
----------------- Instantiating /home/travis/build/icyphy/ptII/ptolemy/actor/lib/test/auto/TestExceptionHandler3.xml
1 ms. Memory: 446464K Free: 349511K (78%)
----------------- Invoking toplevel() on ptolemy.moml.MoMLSimpleApplication@36dfe5ff
----------------- Done invoking toplevel() on ptolemy.moml.MoMLSimpleApplication@36dfe5ff
reloadAllAccessors: .TestExceptionHandler3

===========================================================================================
----------------- testing Thu Jul 18 21:26:48 UTC 2019 /home/travis/build/icyphy/ptII/ptolemy/actor/lib/test/auto/TestExceptionHandler4.xml
----------------- Instantiating /home/travis/build/icyphy/ptII/ptolemy/actor/lib/test/auto/TestExceptionHandler4.xml
1 ms. Memory: 446464K Free: 345415K (77%)
----------------- Invoking toplevel() on ptolemy.moml.MoMLSimpleApplication@41254f49
----------------- Done invoking toplevel() on ptolemy.moml.MoMLSimpleApplication@41254f49
reloadAllAccessors: .TestExceptionHandler4

===========================================================================================
----------------- testing Thu Jul 18 21:26:48 UTC 2019 /home/travis/build/icyphy/ptII/ptolemy/actor/lib/test/auto/TestRequireCorrectOrder.xml
----------------- Instantiating /home/travis/build/icyphy/ptII/ptolemy/actor/lib/test/auto/TestRequireCorrectOrder.xml
7 ms. Memory: 446464K Free: 339785K (76%)
----------------- Invoking toplevel() on ptolemy.moml.MoMLSimpleApplication@1b1fbfb8
----------------- Done invoking toplevel() on ptolemy.moml.MoMLSimpleApplication@1b1fbfb8
reloadAllAccessors: .TestRequireCorrectOrder

===========================================================================================
----------------- testing Thu Jul 18 21:26:48 UTC 2019 /home/travis/build/icyphy/ptII/ptolemy/actor/lib/test/auto/TestSimple.xml
----------------- Instantiating /home/travis/build/icyphy/ptII/ptolemy/actor/lib/test/auto/TestSimple.xml
2 ms. Memory: 446464K Free: 335175K (75%)
----------------- Invoking toplevel() on ptolemy.moml.MoMLSimpleApplication@7b2cefd8
----------------- Done invoking toplevel() on ptolemy.moml.MoMLSimpleApplication@7b2cefd8
reloadAllAccessors: .TestSimple

===========================================================================================
----------------- testing Thu Jul 18 21:26:48 UTC 2019 /home/travis/build/icyphy/ptII/ptolemy/actor/lib/test/auto/ThrowModelError.xml
----------------- Instantiating /home/travis/build/icyphy/ptII/ptolemy/actor/lib/test/auto/ThrowModelError.xml
2 ms. Memory: 446464K Free: 330569K (74%)
----------------- Invoking toplevel() on ptolemy.moml.MoMLSimpleApplication@2d20fd2e
----------------- Done invoking toplevel() on ptolemy.moml.MoMLSimpleApplication@2d20fd2e
reloadAllAccessors: .ThrowModelError

===========================================================================================
----------------- testing Thu Jul 18 21:26:48 UTC 2019 /home/travis/build/icyphy/ptII/ptolemy/actor/lib/test/auto/TimeDelayMicrosteps.xml
----------------- Instantiating /home/travis/build/icyphy/ptII/ptolemy/actor/lib/test/auto/TimeDelayMicrosteps.xml
3 ms. Memory: 446464K Free: 323897K (73%)
----------------- Invoking toplevel() on ptolemy.moml.MoMLSimpleApplication@48ec2aa4
----------------- Done invoking toplevel() on ptolemy.moml.MoMLSimpleApplication@48ec2aa4
reloadAllAccessors: .TimeDelayMicrosteps

===========================================================================================
----------------- testing Thu Jul 18 21:26:48 UTC 2019 /home/travis/build/icyphy/ptII/ptolemy/actor/lib/test/auto/TimeDelayMicrosteps2.xml
----------------- Instantiating /home/travis/build/icyphy/ptII/ptolemy/actor/lib/test/auto/TimeDelayMicrosteps2.xml
4 ms. Memory: 446464K Free: 316233K (71%)
----------------- Invoking toplevel() on ptolemy.moml.MoMLSimpleApplication@14cac419
----------------- Done invoking toplevel() on ptolemy.moml.MoMLSimpleApplication@14cac419
reloadAllAccessors: .TimeDelayMicrosteps2

===========================================================================================
----------------- testing Thu Jul 18 21:26:48 UTC 2019 /home/travis/build/icyphy/ptII/ptolemy/actor/lib/test/auto/TimeDelayMicrosteps3.xml
----------------- Instantiating /home/travis/build/icyphy/ptII/ptolemy/actor/lib/test/auto/TimeDelayMicrosteps3.xml
4 ms. Memory: 446464K Free: 309569K (69%)
----------------- Invoking toplevel() on ptolemy.moml.MoMLSimpleApplication@7a099521
----------------- Done invoking toplevel() on ptolemy.moml.MoMLSimpleApplication@7a099521
reloadAllAccessors: .TimeDelayMicrosteps3

===========================================================================================
----------------- testing Thu Jul 18 21:26:48 UTC 2019 /home/travis/build/icyphy/ptII/ptolemy/actor/lib/test/auto/TimeDelayVariableMicrosteps.xml
----------------- Instantiating /home/travis/build/icyphy/ptII/ptolemy/actor/lib/test/auto/TimeDelayVariableMicrosteps.xml
3 ms. Memory: 446464K Free: 303431K (68%)
----------------- Invoking toplevel() on ptolemy.moml.MoMLSimpleApplication@752a6b76
----------------- Done invoking toplevel() on ptolemy.moml.MoMLSimpleApplication@752a6b76
reloadAllAccessors: .TimeDelayVariableMicrosteps

===========================================================================================
----------------- testing Thu Jul 18 21:26:48 UTC 2019 /home/travis/build/icyphy/ptII/ptolemy/actor/lib/test/auto/TimeGap.xml
----------------- Instantiating /home/travis/build/icyphy/ptII/ptolemy/actor/lib/test/auto/TimeGap.xml
2 ms. Memory: 446464K Free: 298297K (67%)
----------------- Invoking toplevel() on ptolemy.moml.MoMLSimpleApplication@521b5e05
----------------- Done invoking toplevel() on ptolemy.moml.MoMLSimpleApplication@521b5e05
reloadAllAccessors: .TimeGap

===========================================================================================
----------------- testing Thu Jul 18 21:26:48 UTC 2019 /home/travis/build/icyphy/ptII/ptolemy/actor/lib/test/auto/TimeGap2.xml
----------------- Instantiating /home/travis/build/icyphy/ptII/ptolemy/actor/lib/test/auto/TimeGap2.xml
1 ms. Memory: 446464K Free: 292137K (65%)
----------------- Invoking toplevel() on ptolemy.moml.MoMLSimpleApplication@7df76b37
----------------- Done invoking toplevel() on ptolemy.moml.MoMLSimpleApplication@7df76b37
reloadAllAccessors: .TimeGap2

===========================================================================================
----------------- testing Thu Jul 18 21:26:48 UTC 2019 /home/travis/build/icyphy/ptII/ptolemy/actor/lib/test/auto/TimedSinewave.xml
----------------- Instantiating /home/travis/build/icyphy/ptII/ptolemy/actor/lib/test/auto/TimedSinewave.xml
27 ms. Memory: 446464K Free: 277831K (62%)
----------------- Invoking toplevel() on ptolemy.moml.MoMLSimpleApplication@5ec2580a
----------------- Done invoking toplevel() on ptolemy.moml.MoMLSimpleApplication@5ec2580a
reloadAllAccessors: .TimedSinewave

===========================================================================================
----------------- testing Thu Jul 18 21:26:48 UTC 2019 /home/travis/build/icyphy/ptII/ptolemy/actor/lib/test/auto/TimedSinewavePhase.xml
----------------- Instantiating /home/travis/build/icyphy/ptII/ptolemy/actor/lib/test/auto/TimedSinewavePhase.xml
11 ms. Memory: 446464K Free: 268105K (60%)
----------------- Invoking toplevel() on ptolemy.moml.MoMLSimpleApplication@36fc088d
----------------- Done invoking toplevel() on ptolemy.moml.MoMLSimpleApplication@36fc088d
reloadAllAccessors: .TimedSinewavePhase

===========================================================================================
----------------- testing Thu Jul 18 21:26:48 UTC 2019 /home/travis/build/icyphy/ptII/ptolemy/actor/lib/test/auto/Timer.xml
----------------- Instantiating /home/travis/build/icyphy/ptII/ptolemy/actor/lib/test/auto/Timer.xml
6 ms. Memory: 446464K Free: 261961K (59%)
----------------- Invoking toplevel() on ptolemy.moml.MoMLSimpleApplication@6aefadba
----------------- Done invoking toplevel() on ptolemy.moml.MoMLSimpleApplication@6aefadba
reloadAllAccessors: .Timer

===========================================================================================
----------------- testing Thu Jul 18 21:26:48 UTC 2019 /home/travis/build/icyphy/ptII/ptolemy/actor/lib/test/auto/TriangularDistTestModel.xml
----------------- Instantiating /home/travis/build/icyphy/ptII/ptolemy/actor/lib/test/auto/TriangularDistTestModel.xml
2 ms. Memory: 446464K Free: 256297K (57%)
----------------- Invoking toplevel() on ptolemy.moml.MoMLSimpleApplication@6c23d46a
----------------- Done invoking toplevel() on ptolemy.moml.MoMLSimpleApplication@6c23d46a
reloadAllAccessors: .TriangularDistTestModel

===========================================================================================
----------------- testing Thu Jul 18 21:26:48 UTC 2019 /home/travis/build/icyphy/ptII/ptolemy/actor/lib/test/auto/TrigFunction.xml
----------------- Instantiating /home/travis/build/icyphy/ptII/ptolemy/actor/lib/test/auto/TrigFunction.xml
2 ms. Memory: 446464K Free: 251207K (56%)
----------------- Invoking toplevel() on ptolemy.moml.MoMLSimpleApplication@3c6e9364
----------------- Done invoking toplevel() on ptolemy.moml.MoMLSimpleApplication@3c6e9364
reloadAllAccessors: .TrigFunction

===========================================================================================
----------------- testing Thu Jul 18 21:26:48 UTC 2019 /home/travis/build/icyphy/ptII/ptolemy/actor/lib/test/auto/TrigFunctionDE.xml
----------------- Instantiating /home/travis/build/icyphy/ptII/ptolemy/actor/lib/test/auto/TrigFunctionDE.xml
1 ms. Memory: 446464K Free: 245063K (55%)
----------------- Invoking toplevel() on ptolemy.moml.MoMLSimpleApplication@9cd1d41
----------------- Done invoking toplevel() on ptolemy.moml.MoMLSimpleApplication@9cd1d41
reloadAllAccessors: .TrigFunctionDE

===========================================================================================
----------------- testing Thu Jul 18 21:26:48 UTC 2019 /home/travis/build/icyphy/ptII/ptolemy/actor/lib/test/auto/TrigFunctionInverse.xml
----------------- Instantiating /home/travis/build/icyphy/ptII/ptolemy/actor/lib/test/auto/TrigFunctionInverse.xml
3 ms. Memory: 446464K Free: 239943K (54%)
----------------- Invoking toplevel() on ptolemy.moml.MoMLSimpleApplication@2dda0eeb
----------------- Done invoking toplevel() on ptolemy.moml.MoMLSimpleApplication@2dda0eeb
reloadAllAccessors: .TrigFunctionInverse

===========================================================================================
----------------- testing Thu Jul 18 21:26:48 UTC 2019 /home/travis/build/icyphy/ptII/ptolemy/actor/lib/test/auto/TrigFunctionTan.xml
----------------- Instantiating /home/travis/build/icyphy/ptII/ptolemy/actor/lib/test/auto/TrigFunctionTan.xml
2 ms. Memory: 446464K Free: 235337K (53%)
----------------- Invoking toplevel() on ptolemy.moml.MoMLSimpleApplication@5169e80d
----------------- Done invoking toplevel() on ptolemy.moml.MoMLSimpleApplication@5169e80d
reloadAllAccessors: .TrigFunctionTan

===========================================================================================
----------------- testing Thu Jul 18 21:26:48 UTC 2019 /home/travis/build/icyphy/ptII/ptolemy/actor/lib/test/auto/TriggeredClock.xml
----------------- Instantiating /home/travis/build/icyphy/ptII/ptolemy/actor/lib/test/auto/TriggeredClock.xml
1 ms. Memory: 446464K Free: 230217K (52%)
----------------- Invoking toplevel() on ptolemy.moml.MoMLSimpleApplication@4a34f18b
----------------- Done invoking toplevel() on ptolemy.moml.MoMLSimpleApplication@4a34f18b
reloadAllAccessors: .TriggeredClock

===========================================================================================
----------------- testing Thu Jul 18 21:26:48 UTC 2019 /home/travis/build/icyphy/ptII/ptolemy/actor/lib/test/auto/URLDirectoryReader.xml
----------------- Instantiating /home/travis/build/icyphy/ptII/ptolemy/actor/lib/test/auto/URLDirectoryReader.xml
48 ms. Memory: 446464K Free: 219977K (49%)
----------------- Invoking toplevel() on ptolemy.moml.MoMLSimpleApplication@718c0355
----------------- Done invoking toplevel() on ptolemy.moml.MoMLSimpleApplication@718c0355
reloadAllAccessors: .URLDirectoryReader

===========================================================================================
----------------- testing Thu Jul 18 21:26:48 UTC 2019 /home/travis/build/icyphy/ptII/ptolemy/actor/lib/test/auto/URLDirectoryReader3.xml
----------------- Instantiating /home/travis/build/icyphy/ptII/ptolemy/actor/lib/test/auto/URLDirectoryReader3.xml
1194 ms. Memory: 446464K Free: 388195K (87%)
----------------- Invoking toplevel() on ptolemy.moml.MoMLSimpleApplication@47c7ae88
----------------- Done invoking toplevel() on ptolemy.moml.MoMLSimpleApplication@47c7ae88
reloadAllAccessors: .URLDirectoryReader3

===========================================================================================
----------------- testing Thu Jul 18 21:26:50 UTC 2019 /home/travis/build/icyphy/ptII/ptolemy/actor/lib/test/auto/UnaryMathFunction.xml
----------------- Instantiating /home/travis/build/icyphy/ptII/ptolemy/actor/lib/test/auto/UnaryMathFunction.xml
3 ms. Memory: 446464K Free: 380409K (85%)
----------------- Invoking toplevel() on ptolemy.moml.MoMLSimpleApplication@74b17f3
----------------- Done invoking toplevel() on ptolemy.moml.MoMLSimpleApplication@74b17f3
reloadAllAccessors: .UnaryMathFunction

===========================================================================================
----------------- testing Thu Jul 18 21:26:50 UTC 2019 /home/travis/build/icyphy/ptII/ptolemy/actor/lib/test/auto/Uniform.xml
----------------- Instantiating /home/travis/build/icyphy/ptII/ptolemy/actor/lib/test/auto/Uniform.xml
2 ms. Memory: 446464K Free: 375803K (84%)
----------------- Invoking toplevel() on ptolemy.moml.MoMLSimpleApplication@75ff61d7
----------------- Done invoking toplevel() on ptolemy.moml.MoMLSimpleApplication@75ff61d7
reloadAllAccessors: .Uniform

===========================================================================================
----------------- testing Thu Jul 18 21:26:50 UTC 2019 /home/travis/build/icyphy/ptII/ptolemy/actor/lib/test/auto/UnionDisassemblerTest.xml
----------------- Instantiating /home/travis/build/icyphy/ptII/ptolemy/actor/lib/test/auto/UnionDisassemblerTest.xml
9 ms. Memory: 446464K Free: 372187K (83%)
----------------- Invoking toplevel() on ptolemy.moml.MoMLSimpleApplication@5188424e
----------------- Done invoking toplevel() on ptolemy.moml.MoMLSimpleApplication@5188424e
reloadAllAccessors: .UnionDisassemblerTest

===========================================================================================
----------------- testing Thu Jul 18 21:26:50 UTC 2019 /home/travis/build/icyphy/ptII/ptolemy/actor/lib/test/auto/UtilityFunctions.xml
----------------- Instantiating /home/travis/build/icyphy/ptII/ptolemy/actor/lib/test/auto/UtilityFunctions.xml
2 ms. Memory: 446464K Free: 367611K (82%)
----------------- Invoking toplevel() on ptolemy.moml.MoMLSimpleApplication@798d782e
----------------- Done invoking toplevel() on ptolemy.moml.MoMLSimpleApplication@798d782e
reloadAllAccessors: .UtilityFunctions

===========================================================================================
----------------- testing Thu Jul 18 21:26:50 UTC 2019 /home/travis/build/icyphy/ptII/ptolemy/actor/lib/test/auto/VariableSleep.xml
----------------- Instantiating /home/travis/build/icyphy/ptII/ptolemy/actor/lib/test/auto/VariableSleep.xml
503 ms. Memory: 446464K Free: 362491K (81%)
----------------- Invoking toplevel() on ptolemy.moml.MoMLSimpleApplication@53748fc1
----------------- Done invoking toplevel() on ptolemy.moml.MoMLSimpleApplication@53748fc1
reloadAllAccessors: .VariableSleep

===========================================================================================
----------------- testing Thu Jul 18 21:26:51 UTC 2019 /home/travis/build/icyphy/ptII/ptolemy/actor/lib/test/auto/VectorAssemblerDisassemblerCT.xml
----------------- Instantiating /home/travis/build/icyphy/ptII/ptolemy/actor/lib/test/auto/VectorAssemblerDisassemblerCT.xml
84 ms. Memory: 446464K Free: 342521K (77%)
----------------- Invoking toplevel() on ptolemy.moml.MoMLSimpleApplication@78c78092
----------------- Done invoking toplevel() on ptolemy.moml.MoMLSimpleApplication@78c78092
reloadAllAccessors: .VectorAssemblerDisassemblerCT

===========================================================================================
----------------- testing Thu Jul 18 21:26:51 UTC 2019 /home/travis/build/icyphy/ptII/ptolemy/actor/lib/test/auto/VectorAssemblerDisassemblerDE.xml
----------------- Instantiating /home/travis/build/icyphy/ptII/ptolemy/actor/lib/test/auto/VectorAssemblerDisassemblerDE.xml
2 ms. Memory: 446464K Free: 334843K (75%)
----------------- Invoking toplevel() on ptolemy.moml.MoMLSimpleApplication@276d0c88
----------------- Done invoking toplevel() on ptolemy.moml.MoMLSimpleApplication@276d0c88
reloadAllAccessors: .VectorAssemblerDisassemblerDE

===========================================================================================
----------------- testing Thu Jul 18 21:26:51 UTC 2019 /home/travis/build/icyphy/ptII/ptolemy/actor/lib/test/auto/VectorAssemblerDisassemblerSDF.xml
----------------- Instantiating /home/travis/build/icyphy/ptII/ptolemy/actor/lib/test/auto/VectorAssemblerDisassemblerSDF.xml
3 ms. Memory: 446464K Free: 328185K (74%)
----------------- Invoking toplevel() on ptolemy.moml.MoMLSimpleApplication@36f0bbc3
----------------- Done invoking toplevel() on ptolemy.moml.MoMLSimpleApplication@36f0bbc3
reloadAllAccessors: .VectorAssemblerDisassemblerSDF

===========================================================================================
----------------- testing Thu Jul 18 21:26:51 UTC 2019 /home/travis/build/icyphy/ptII/ptolemy/actor/lib/test/auto/WallClockTime.xml
----------------- Instantiating /home/travis/build/icyphy/ptII/ptolemy/actor/lib/test/auto/WallClockTime.xml
1005 ms. Memory: 446464K Free: 323065K (72%)
----------------- Invoking toplevel() on ptolemy.moml.MoMLSimpleApplication@38973ba2
----------------- Done invoking toplevel() on ptolemy.moml.MoMLSimpleApplication@38973ba2
reloadAllAccessors: .WallClockTime

===========================================================================================
----------------- testing Thu Jul 18 21:26:52 UTC 2019 /home/travis/build/icyphy/ptII/ptolemy/actor/lib/test/auto/WidthTestWithSubscriberPublisher.xml
----------------- Instantiating /home/travis/build/icyphy/ptII/ptolemy/actor/lib/test/auto/WidthTestWithSubscriberPublisher.xml
8 ms. Memory: 446464K Free: 304633K (68%)
----------------- Invoking toplevel() on ptolemy.moml.MoMLSimpleApplication@1b133c9a
----------------- Done invoking toplevel() on ptolemy.moml.MoMLSimpleApplication@1b133c9a
reloadAllAccessors: .WidthTestWithSubscriberPublisher

===========================================================================================
----------------- testing Thu Jul 18 21:26:52 UTC 2019 /home/travis/build/icyphy/ptII/ptolemy/actor/lib/test/auto/WidthTestWithSubscriberPublisher2.xml
----------------- Instantiating /home/travis/build/icyphy/ptII/ptolemy/actor/lib/test/auto/WidthTestWithSubscriberPublisher2.xml
3 ms. Memory: 446464K Free: 298489K (67%)
----------------- Invoking toplevel() on ptolemy.moml.MoMLSimpleApplication@22b5727
----------------- Done invoking toplevel() on ptolemy.moml.MoMLSimpleApplication@22b5727
reloadAllAccessors: .WidthTestWithSubscriberPublisher2

===========================================================================================
----------------- testing Thu Jul 18 21:26:52 UTC 2019 /home/travis/build/icyphy/ptII/ptolemy/actor/lib/test/auto/WidthTestWithSubscriberPublisher3.xml
----------------- Instantiating /home/travis/build/icyphy/ptII/ptolemy/actor/lib/test/auto/WidthTestWithSubscriberPublisher3.xml
2 ms. Memory: 446464K Free: 292859K (66%)
----------------- Invoking toplevel() on ptolemy.moml.MoMLSimpleApplication@738eac1e
----------------- Done invoking toplevel() on ptolemy.moml.MoMLSimpleApplication@738eac1e
reloadAllAccessors: .WidthTestWithSubscriberPublisher3

===========================================================================================
----------------- testing Thu Jul 18 21:26:52 UTC 2019 /home/travis/build/icyphy/ptII/ptolemy/actor/lib/test/auto/Writer.xml
----------------- Instantiating /home/travis/build/icyphy/ptII/ptolemy/actor/lib/test/auto/Writer.xml
0
1
2
3
4
1 ms. Memory: 446464K Free: 288219K (65%)
----------------- Invoking toplevel() on ptolemy.moml.MoMLSimpleApplication@7c001f9f
----------------- Done invoking toplevel() on ptolemy.moml.MoMLSimpleApplication@7c001f9f
reloadAllAccessors: .Writer

===========================================================================================
----------------- testing Thu Jul 18 21:26:52 UTC 2019 /home/travis/build/icyphy/ptII/ptolemy/actor/lib/test/auto/array.xml
----------------- Instantiating /home/travis/build/icyphy/ptII/ptolemy/actor/lib/test/auto/array.xml
2 ms. Memory: 446464K Free: 283643K (64%)
----------------- Invoking toplevel() on ptolemy.moml.MoMLSimpleApplication@5b3f2f14
----------------- Done invoking toplevel() on ptolemy.moml.MoMLSimpleApplication@5b3f2f14
reloadAllAccessors: .array

===========================================================================================
----------------- testing Thu Jul 18 21:26:52 UTC 2019 /home/travis/build/icyphy/ptII/ptolemy/actor/lib/test/auto/array2.xml
----------------- Instantiating /home/travis/build/icyphy/ptII/ptolemy/actor/lib/test/auto/array2.xml
6 ms. Memory: 446464K Free: 278523K (62%)
----------------- Invoking toplevel() on ptolemy.moml.MoMLSimpleApplication@90e5621
----------------- Done invoking toplevel() on ptolemy.moml.MoMLSimpleApplication@90e5621
reloadAllAccessors: .array2

===========================================================================================
----------------- testing Thu Jul 18 21:26:52 UTC 2019 /home/travis/build/icyphy/ptII/ptolemy/actor/lib/test/auto/arrayType.xml
----------------- Instantiating /home/travis/build/icyphy/ptII/ptolemy/actor/lib/test/auto/arrayType.xml
2 ms. Memory: 446464K Free: 273403K (61%)
----------------- Invoking toplevel() on ptolemy.moml.MoMLSimpleApplication@46a5a354
----------------- Done invoking toplevel() on ptolemy.moml.MoMLSimpleApplication@46a5a354
reloadAllAccessors: .arrayType

===========================================================================================
----------------- testing Thu Jul 18 21:26:52 UTC 2019 /home/travis/build/icyphy/ptII/ptolemy/actor/lib/test/auto/arrayType10.xml
----------------- Instantiating /home/travis/build/icyphy/ptII/ptolemy/actor/lib/test/auto/arrayType10.xml
2 ms. Memory: 446464K Free: 268793K (60%)
----------------- Invoking toplevel() on ptolemy.moml.MoMLSimpleApplication@33df0d79
----------------- Done invoking toplevel() on ptolemy.moml.MoMLSimpleApplication@33df0d79
reloadAllAccessors: .arrayType10

===========================================================================================
----------------- testing Thu Jul 18 21:26:52 UTC 2019 /home/travis/build/icyphy/ptII/ptolemy/actor/lib/test/auto/arrayType11.xml
----------------- Instantiating /home/travis/build/icyphy/ptII/ptolemy/actor/lib/test/auto/arrayType11.xml
1 ms. Memory: 446464K Free: 263673K (59%)
----------------- Invoking toplevel() on ptolemy.moml.MoMLSimpleApplication@1951fe52
----------------- Done invoking toplevel() on ptolemy.moml.MoMLSimpleApplication@1951fe52
reloadAllAccessors: .arrayType11

===========================================================================================
----------------- testing Thu Jul 18 21:26:52 UTC 2019 /home/travis/build/icyphy/ptII/ptolemy/actor/lib/test/auto/arrayType12.xml
----------------- Instantiating /home/travis/build/icyphy/ptII/ptolemy/actor/lib/test/auto/arrayType12.xml
3 ms. Memory: 446464K Free: 259067K (58%)
----------------- Invoking toplevel() on ptolemy.moml.MoMLSimpleApplication@38b4d469
----------------- Done invoking toplevel() on ptolemy.moml.MoMLSimpleApplication@38b4d469
reloadAllAccessors: .arrayType12

===========================================================================================
----------------- testing Thu Jul 18 21:26:52 UTC 2019 /home/travis/build/icyphy/ptII/ptolemy/actor/lib/test/auto/arrayType13.xml
----------------- Instantiating /home/travis/build/icyphy/ptII/ptolemy/actor/lib/test/auto/arrayType13.xml
1 ms. Memory: 446464K Free: 253947K (57%)
----------------- Invoking toplevel() on ptolemy.moml.MoMLSimpleApplication@46de0a37
----------------- Done invoking toplevel() on ptolemy.moml.MoMLSimpleApplication@46de0a37
reloadAllAccessors: .arrayType13

===========================================================================================
----------------- testing Thu Jul 18 21:26:52 UTC 2019 /home/travis/build/icyphy/ptII/ptolemy/actor/lib/test/auto/arrayType14.xml
----------------- Instantiating /home/travis/build/icyphy/ptII/ptolemy/actor/lib/test/auto/arrayType14.xml
1 ms. Memory: 446464K Free: 248299K (56%)
----------------- Invoking toplevel() on ptolemy.moml.MoMLSimpleApplication@2c1ae056
----------------- Done invoking toplevel() on ptolemy.moml.MoMLSimpleApplication@2c1ae056
reloadAllAccessors: .arrayType14

===========================================================================================
----------------- testing Thu Jul 18 21:26:52 UTC 2019 /home/travis/build/icyphy/ptII/ptolemy/actor/lib/test/auto/arrayType15.xml
----------------- Instantiating /home/travis/build/icyphy/ptII/ptolemy/actor/lib/test/auto/arrayType15.xml
3 ms. Memory: 446464K Free: 243193K (54%)
----------------- Invoking toplevel() on ptolemy.moml.MoMLSimpleApplication@5e4db58d
----------------- Done invoking toplevel() on ptolemy.moml.MoMLSimpleApplication@5e4db58d
reloadAllAccessors: .arrayType15

===========================================================================================
----------------- testing Thu Jul 18 21:26:52 UTC 2019 /home/travis/build/icyphy/ptII/ptolemy/actor/lib/test/auto/arrayType16.xml
----------------- Instantiating /home/travis/build/icyphy/ptII/ptolemy/actor/lib/test/auto/arrayType16.xml
2 ms. Memory: 446464K Free: 238073K (53%)
----------------- Invoking toplevel() on ptolemy.moml.MoMLSimpleApplication@2ada5d3c
----------------- Done invoking toplevel() on ptolemy.moml.MoMLSimpleApplication@2ada5d3c
reloadAllAccessors: .arrayType16

===========================================================================================
----------------- testing Thu Jul 18 21:26:52 UTC 2019 /home/travis/build/icyphy/ptII/ptolemy/actor/lib/test/auto/arrayType17.xml
----------------- Instantiating /home/travis/build/icyphy/ptII/ptolemy/actor/lib/test/auto/arrayType17.xml
2 ms. Memory: 446464K Free: 232443K (52%)
----------------- Invoking toplevel() on ptolemy.moml.MoMLSimpleApplication@54852cf6
----------------- Done invoking toplevel() on ptolemy.moml.MoMLSimpleApplication@54852cf6
reloadAllAccessors: .arrayType17

===========================================================================================
----------------- testing Thu Jul 18 21:26:52 UTC 2019 /home/travis/build/icyphy/ptII/ptolemy/actor/lib/test/auto/arrayType18.xml
----------------- Instantiating /home/travis/build/icyphy/ptII/ptolemy/actor/lib/test/auto/arrayType18.xml
1 ms. Memory: 446464K Free: 227833K (51%)
----------------- Invoking toplevel() on ptolemy.moml.MoMLSimpleApplication@7ecbb54b
----------------- Done invoking toplevel() on ptolemy.moml.MoMLSimpleApplication@7ecbb54b
reloadAllAccessors: .arrayType18

===========================================================================================
----------------- testing Thu Jul 18 21:26:52 UTC 2019 /home/travis/build/icyphy/ptII/ptolemy/actor/lib/test/auto/arrayType19.xml
----------------- Instantiating /home/travis/build/icyphy/ptII/ptolemy/actor/lib/test/auto/arrayType19.xml
1 ms. Memory: 446464K Free: 222713K (50%)
----------------- Invoking toplevel() on ptolemy.moml.MoMLSimpleApplication@598d99ea
----------------- Done invoking toplevel() on ptolemy.moml.MoMLSimpleApplication@598d99ea
reloadAllAccessors: .arrayType19

===========================================================================================
----------------- testing Thu Jul 18 21:26:52 UTC 2019 /home/travis/build/icyphy/ptII/ptolemy/actor/lib/test/auto/arrayType2.xml
----------------- Instantiating /home/travis/build/icyphy/ptII/ptolemy/actor/lib/test/auto/arrayType2.xml
1 ms. Memory: 446464K Free: 217593K (49%)
----------------- Invoking toplevel() on ptolemy.moml.MoMLSimpleApplication@59bcde1c
----------------- Done invoking toplevel() on ptolemy.moml.MoMLSimpleApplication@59bcde1c
reloadAllAccessors: .arrayType2

===========================================================================================
----------------- testing Thu Jul 18 21:26:52 UTC 2019 /home/travis/build/icyphy/ptII/ptolemy/actor/lib/test/auto/arrayType20.xml
----------------- Instantiating /home/travis/build/icyphy/ptII/ptolemy/actor/lib/test/auto/arrayType20.xml
2 ms. Memory: 446464K Free: 212987K (48%)
----------------- Invoking toplevel() on ptolemy.moml.MoMLSimpleApplication@268d5c99
----------------- Done invoking toplevel() on ptolemy.moml.MoMLSimpleApplication@268d5c99
reloadAllAccessors: .arrayType20

===========================================================================================
----------------- testing Thu Jul 18 21:26:52 UTC 2019 /home/travis/build/icyphy/ptII/ptolemy/actor/lib/test/auto/arrayType21.xml
----------------- Instantiating /home/travis/build/icyphy/ptII/ptolemy/actor/lib/test/auto/arrayType21.xml
1 ms. Memory: 446464K Free: 207867K (47%)
----------------- Invoking toplevel() on ptolemy.moml.MoMLSimpleApplication@2b0671ab
----------------- Done invoking toplevel() on ptolemy.moml.MoMLSimpleApplication@2b0671ab
reloadAllAccessors: .arrayType21

===========================================================================================
----------------- testing Thu Jul 18 21:26:52 UTC 2019 /home/travis/build/icyphy/ptII/ptolemy/actor/lib/test/auto/arrayType22.xml
----------------- Instantiating /home/travis/build/icyphy/ptII/ptolemy/actor/lib/test/auto/arrayType22.xml
2 ms. Memory: 446464K Free: 203257K (46%)
----------------- Invoking toplevel() on ptolemy.moml.MoMLSimpleApplication@68ba9da5
----------------- Done invoking toplevel() on ptolemy.moml.MoMLSimpleApplication@68ba9da5
reloadAllAccessors: .arrayType22

===========================================================================================
----------------- testing Thu Jul 18 21:26:52 UTC 2019 /home/travis/build/icyphy/ptII/ptolemy/actor/lib/test/auto/arrayType23.xml
----------------- Instantiating /home/travis/build/icyphy/ptII/ptolemy/actor/lib/test/auto/arrayType23.xml
1 ms. Memory: 446464K Free: 198651K (44%)
----------------- Invoking toplevel() on ptolemy.moml.MoMLSimpleApplication@5a308cd8
----------------- Done invoking toplevel() on ptolemy.moml.MoMLSimpleApplication@5a308cd8
reloadAllAccessors: .arrayType23

===========================================================================================
----------------- testing Thu Jul 18 21:26:52 UTC 2019 /home/travis/build/icyphy/ptII/ptolemy/actor/lib/test/auto/arrayType24.xml
----------------- Instantiating /home/travis/build/icyphy/ptII/ptolemy/actor/lib/test/auto/arrayType24.xml
6 ms. Memory: 446464K Free: 192507K (43%)
----------------- Invoking toplevel() on ptolemy.moml.MoMLSimpleApplication@77adb9b0
----------------- Done invoking toplevel() on ptolemy.moml.MoMLSimpleApplication@77adb9b0
reloadAllAccessors: .arrayType24

===========================================================================================
----------------- testing Thu Jul 18 21:26:52 UTC 2019 /home/travis/build/icyphy/ptII/ptolemy/actor/lib/test/auto/arrayType25.xml
----------------- Instantiating /home/travis/build/icyphy/ptII/ptolemy/actor/lib/test/auto/arrayType25.xml
2 ms. Memory: 446464K Free: 187387K (42%)
----------------- Invoking toplevel() on ptolemy.moml.MoMLSimpleApplication@3c556eba
----------------- Done invoking toplevel() on ptolemy.moml.MoMLSimpleApplication@3c556eba
reloadAllAccessors: .arrayType25

===========================================================================================
----------------- testing Thu Jul 18 21:26:52 UTC 2019 /home/travis/build/icyphy/ptII/ptolemy/actor/lib/test/auto/arrayType26.xml
----------------- Instantiating /home/travis/build/icyphy/ptII/ptolemy/actor/lib/test/auto/arrayType26.xml
2 ms. Memory: 446464K Free: 181753K (41%)
----------------- Invoking toplevel() on ptolemy.moml.MoMLSimpleApplication@503bc603
----------------- Done invoking toplevel() on ptolemy.moml.MoMLSimpleApplication@503bc603
reloadAllAccessors: .arrayType26

===========================================================================================
----------------- testing Thu Jul 18 21:26:52 UTC 2019 /home/travis/build/icyphy/ptII/ptolemy/actor/lib/test/auto/arrayType27.xml
----------------- Instantiating /home/travis/build/icyphy/ptII/ptolemy/actor/lib/test/auto/arrayType27.xml
3 ms. Memory: 446464K Free: 176619K (40%)
----------------- Invoking toplevel() on ptolemy.moml.MoMLSimpleApplication@485bdf9b
----------------- Done invoking toplevel() on ptolemy.moml.MoMLSimpleApplication@485bdf9b
reloadAllAccessors: .arrayType27

===========================================================================================
----------------- testing Thu Jul 18 21:26:52 UTC 2019 /home/travis/build/icyphy/ptII/ptolemy/actor/lib/test/auto/arrayType28.xml
----------------- Instantiating /home/travis/build/icyphy/ptII/ptolemy/actor/lib/test/auto/arrayType28.xml
2 ms. Memory: 446464K Free: 171003K (38%)
----------------- Invoking toplevel() on ptolemy.moml.MoMLSimpleApplication@73fcaf08
----------------- Done invoking toplevel() on ptolemy.moml.MoMLSimpleApplication@73fcaf08
reloadAllAccessors: .arrayType28

===========================================================================================
----------------- testing Thu Jul 18 21:26:52 UTC 2019 /home/travis/build/icyphy/ptII/ptolemy/actor/lib/test/auto/arrayType3.xml
----------------- Instantiating /home/travis/build/icyphy/ptII/ptolemy/actor/lib/test/auto/arrayType3.xml
2 ms. Memory: 446464K Free: 165883K (37%)
----------------- Invoking toplevel() on ptolemy.moml.MoMLSimpleApplication@72376bb9
----------------- Done invoking toplevel() on ptolemy.moml.MoMLSimpleApplication@72376bb9
reloadAllAccessors: .arrayType3

===========================================================================================
----------------- testing Thu Jul 18 21:26:52 UTC 2019 /home/travis/build/icyphy/ptII/ptolemy/actor/lib/test/auto/arrayType4.xml
----------------- Instantiating /home/travis/build/icyphy/ptII/ptolemy/actor/lib/test/auto/arrayType4.xml
2 ms. Memory: 446464K Free: 160763K (36%)
----------------- Invoking toplevel() on ptolemy.moml.MoMLSimpleApplication@5312749a
----------------- Done invoking toplevel() on ptolemy.moml.MoMLSimpleApplication@5312749a
reloadAllAccessors: .arrayType4

===========================================================================================
----------------- testing Thu Jul 18 21:26:52 UTC 2019 /home/travis/build/icyphy/ptII/ptolemy/actor/lib/test/auto/arrayType5.xml
----------------- Instantiating /home/travis/build/icyphy/ptII/ptolemy/actor/lib/test/auto/arrayType5.xml
2 ms. Memory: 446464K Free: 155129K (35%)
----------------- Invoking toplevel() on ptolemy.moml.MoMLSimpleApplication@724ad146
----------------- Done invoking toplevel() on ptolemy.moml.MoMLSimpleApplication@724ad146
reloadAllAccessors: .arrayType5

===========================================================================================
----------------- testing Thu Jul 18 21:26:52 UTC 2019 /home/travis/build/icyphy/ptII/ptolemy/actor/lib/test/auto/arrayType6.xml
----------------- Instantiating /home/travis/build/icyphy/ptII/ptolemy/actor/lib/test/auto/arrayType6.xml
1 ms. Memory: 446464K Free: 150523K (34%)
----------------- Invoking toplevel() on ptolemy.moml.MoMLSimpleApplication@6c4b17e8
----------------- Done invoking toplevel() on ptolemy.moml.MoMLSimpleApplication@6c4b17e8
reloadAllAccessors: .arrayType6

===========================================================================================
----------------- testing Thu Jul 18 21:26:52 UTC 2019 /home/travis/build/icyphy/ptII/ptolemy/actor/lib/test/auto/arrayType7.xml
----------------- Instantiating /home/travis/build/icyphy/ptII/ptolemy/actor/lib/test/auto/arrayType7.xml
2 ms. Memory: 446464K Free: 145403K (33%)
----------------- Invoking toplevel() on ptolemy.moml.MoMLSimpleApplication@88266da
----------------- Done invoking toplevel() on ptolemy.moml.MoMLSimpleApplication@88266da
reloadAllAccessors: .arrayType7

===========================================================================================
----------------- testing Thu Jul 18 21:26:52 UTC 2019 /home/travis/build/icyphy/ptII/ptolemy/actor/lib/test/auto/arrayType8.xml
----------------- Instantiating /home/travis/build/icyphy/ptII/ptolemy/actor/lib/test/auto/arrayType8.xml
1 ms. Memory: 446464K Free: 140793K (32%)
----------------- Invoking toplevel() on ptolemy.moml.MoMLSimpleApplication@4e1723a9
----------------- Done invoking toplevel() on ptolemy.moml.MoMLSimpleApplication@4e1723a9
reloadAllAccessors: .arrayType8

===========================================================================================
----------------- testing Thu Jul 18 21:26:52 UTC 2019 /home/travis/build/icyphy/ptII/ptolemy/actor/lib/test/auto/arrayType9.xml
----------------- Instantiating /home/travis/build/icyphy/ptII/ptolemy/actor/lib/test/auto/arrayType9.xml
7 ms. Memory: 446464K Free: 135673K (30%)
----------------- Invoking toplevel() on ptolemy.moml.MoMLSimpleApplication@47a041f
----------------- Done invoking toplevel() on ptolemy.moml.MoMLSimpleApplication@47a041f
reloadAllAccessors: .arrayType9

===========================================================================================
----------------- testing Thu Jul 18 21:26:52 UTC 2019 /home/travis/build/icyphy/ptII/ptolemy/actor/lib/test/auto/cast.xml
----------------- Instantiating /home/travis/build/icyphy/ptII/ptolemy/actor/lib/test/auto/cast.xml
3 ms. Memory: 446464K Free: 392070K (88%)
----------------- Invoking toplevel() on ptolemy.moml.MoMLSimpleApplication@52ac6335
----------------- Done invoking toplevel() on ptolemy.moml.MoMLSimpleApplication@52ac6335
reloadAllAccessors: .cast

===========================================================================================
----------------- testing Thu Jul 18 21:26:52 UTC 2019 /home/travis/build/icyphy/ptII/ptolemy/actor/lib/test/auto/compositeMultiPort.xml
----------------- Instantiating /home/travis/build/icyphy/ptII/ptolemy/actor/lib/test/auto/compositeMultiPort.xml
4 ms. Memory: 446464K Free: 382358K (86%)
----------------- Invoking toplevel() on ptolemy.moml.MoMLSimpleApplication@6ce1e0cf
----------------- Done invoking toplevel() on ptolemy.moml.MoMLSimpleApplication@6ce1e0cf
reloadAllAccessors: .compositeMultiPort

===========================================================================================
----------------- testing Thu Jul 18 21:26:52 UTC 2019 /home/travis/build/icyphy/ptII/ptolemy/actor/lib/test/auto/expressionCastInference.xml
----------------- Instantiating /home/travis/build/icyphy/ptII/ptolemy/actor/lib/test/auto/expressionCastInference.xml
2 ms. Memory: 446464K Free: 377748K (85%)
----------------- Invoking toplevel() on ptolemy.moml.MoMLSimpleApplication@3fe533a3
----------------- Done invoking toplevel() on ptolemy.moml.MoMLSimpleApplication@3fe533a3
reloadAllAccessors: .expressionCastInference

===========================================================================================
----------------- testing Thu Jul 18 21:26:52 UTC 2019 /home/travis/build/icyphy/ptII/ptolemy/actor/lib/test/auto/expressionCastInference2.xml
----------------- Instantiating /home/travis/build/icyphy/ptII/ptolemy/actor/lib/test/auto/expressionCastInference2.xml
3 ms. Memory: 446464K Free: 372628K (83%)
----------------- Invoking toplevel() on ptolemy.moml.MoMLSimpleApplication@28bccee4
----------------- Done invoking toplevel() on ptolemy.moml.MoMLSimpleApplication@28bccee4
reloadAllAccessors: .expressionCastInference2

===========================================================================================
----------------- testing Thu Jul 18 21:26:53 UTC 2019 /home/travis/build/icyphy/ptII/ptolemy/actor/lib/test/auto/expressionInference.xml
----------------- Instantiating /home/travis/build/icyphy/ptII/ptolemy/actor/lib/test/auto/expressionInference.xml
22 ms. Memory: 446464K Free: 368532K (83%)
----------------- Invoking toplevel() on ptolemy.moml.MoMLSimpleApplication@2fa9fb7e
----------------- Done invoking toplevel() on ptolemy.moml.MoMLSimpleApplication@2fa9fb7e
reloadAllAccessors: .expressionInference

===========================================================================================
----------------- testing Thu Jul 18 21:26:53 UTC 2019 /home/travis/build/icyphy/ptII/ptolemy/actor/lib/test/auto/expression_bug.xml
----------------- Instantiating /home/travis/build/icyphy/ptII/ptolemy/actor/lib/test/auto/expression_bug.xml
1 ms. Memory: 446464K Free: 363412K (81%)
----------------- Invoking toplevel() on ptolemy.moml.MoMLSimpleApplication@395276a2
----------------- Done invoking toplevel() on ptolemy.moml.MoMLSimpleApplication@395276a2
reloadAllAccessors: .expression_bug

===========================================================================================
----------------- testing Thu Jul 18 21:26:53 UTC 2019 /home/travis/build/icyphy/ptII/ptolemy/actor/lib/test/auto/factorial.xml
----------------- Instantiating /home/travis/build/icyphy/ptII/ptolemy/actor/lib/test/auto/factorial.xml
51 ms. Memory: 446464K Free: 355220K (80%)
----------------- Invoking toplevel() on ptolemy.moml.MoMLSimpleApplication@348b146c
----------------- Done invoking toplevel() on ptolemy.moml.MoMLSimpleApplication@348b146c
reloadAllAccessors: .factorial

===========================================================================================
----------------- testing Thu Jul 18 21:26:53 UTC 2019 /home/travis/build/icyphy/ptII/ptolemy/actor/lib/test/auto/filterTest1.xml
----------------- Instantiating /home/travis/build/icyphy/ptII/ptolemy/actor/lib/test/auto/filterTest1.xml
3 ms. Memory: 446464K Free: 349076K (78%)
----------------- Invoking toplevel() on ptolemy.moml.MoMLSimpleApplication@2715f96b
----------------- Done invoking toplevel() on ptolemy.moml.MoMLSimpleApplication@2715f96b
reloadAllAccessors: .filterTest1

===========================================================================================
----------------- testing Thu Jul 18 21:26:53 UTC 2019 /home/travis/build/icyphy/ptII/ptolemy/actor/lib/test/auto/funcApplyInConst.xml
----------------- Instantiating /home/travis/build/icyphy/ptII/ptolemy/actor/lib/test/auto/funcApplyInConst.xml
1 ms. Memory: 446464K Free: 345494K (77%)
----------------- Invoking toplevel() on ptolemy.moml.MoMLSimpleApplication@85203e3
----------------- Done invoking toplevel() on ptolemy.moml.MoMLSimpleApplication@85203e3
reloadAllAccessors: .funcApplyInConst

===========================================================================================
----------------- testing Thu Jul 18 21:26:53 UTC 2019 /home/travis/build/icyphy/ptII/ptolemy/actor/lib/test/auto/funcApplyInExpr.xml
----------------- Instantiating /home/travis/build/icyphy/ptII/ptolemy/actor/lib/test/auto/funcApplyInExpr.xml
2 ms. Memory: 446464K Free: 341908K (77%)
----------------- Invoking toplevel() on ptolemy.moml.MoMLSimpleApplication@79147ffe
----------------- Done invoking toplevel() on ptolemy.moml.MoMLSimpleApplication@79147ffe
reloadAllAccessors: .funcApplyInExpr

===========================================================================================
----------------- testing Thu Jul 18 21:26:53 UTC 2019 /home/travis/build/icyphy/ptII/ptolemy/actor/lib/test/auto/function.xml
----------------- Instantiating /home/travis/build/icyphy/ptII/ptolemy/actor/lib/test/auto/function.xml
2 ms. Memory: 446464K Free: 336788K (75%)
----------------- Invoking toplevel() on ptolemy.moml.MoMLSimpleApplication@6171d72f
----------------- Done invoking toplevel() on ptolemy.moml.MoMLSimpleApplication@6171d72f
reloadAllAccessors: .function

===========================================================================================
----------------- testing Thu Jul 18 21:26:53 UTC 2019 /home/travis/build/icyphy/ptII/ptolemy/actor/lib/test/auto/function2.xml
----------------- Instantiating /home/travis/build/icyphy/ptII/ptolemy/actor/lib/test/auto/function2.xml
2 ms. Memory: 446464K Free: 332182K (74%)
----------------- Invoking toplevel() on ptolemy.moml.MoMLSimpleApplication@2eaa957c
----------------- Done invoking toplevel() on ptolemy.moml.MoMLSimpleApplication@2eaa957c
reloadAllAccessors: .function2

===========================================================================================
----------------- testing Thu Jul 18 21:26:53 UTC 2019 /home/travis/build/icyphy/ptII/ptolemy/actor/lib/test/auto/function3.xml
----------------- Instantiating /home/travis/build/icyphy/ptII/ptolemy/actor/lib/test/auto/function3.xml
2 ms. Memory: 446464K Free: 328086K (73%)
----------------- Invoking toplevel() on ptolemy.moml.MoMLSimpleApplication@24372ce5
----------------- Done invoking toplevel() on ptolemy.moml.MoMLSimpleApplication@24372ce5
reloadAllAccessors: .function3

===========================================================================================
----------------- testing Thu Jul 18 21:26:53 UTC 2019 /home/travis/build/icyphy/ptII/ptolemy/actor/lib/test/auto/functionClosureTest1.xml
----------------- Instantiating /home/travis/build/icyphy/ptII/ptolemy/actor/lib/test/auto/functionClosureTest1.xml
1 ms. Memory: 446464K Free: 322446K (72%)
----------------- Invoking toplevel() on ptolemy.moml.MoMLSimpleApplication@2cbf220
----------------- Done invoking toplevel() on ptolemy.moml.MoMLSimpleApplication@2cbf220
reloadAllAccessors: .functionClosureTest1

===========================================================================================
----------------- testing Thu Jul 18 21:26:53 UTC 2019 /home/travis/build/icyphy/ptII/ptolemy/actor/lib/test/auto/functionClosureTest2.xml
----------------- Instantiating /home/travis/build/icyphy/ptII/ptolemy/actor/lib/test/auto/functionClosureTest2.xml
2 ms. Memory: 446464K Free: 318356K (71%)
----------------- Invoking toplevel() on ptolemy.moml.MoMLSimpleApplication@4f5c647d
----------------- Done invoking toplevel() on ptolemy.moml.MoMLSimpleApplication@4f5c647d
reloadAllAccessors: .functionClosureTest2

===========================================================================================
----------------- testing Thu Jul 18 21:26:53 UTC 2019 /home/travis/build/icyphy/ptII/ptolemy/actor/lib/test/auto/functionClosureTest3.xml
----------------- Instantiating /home/travis/build/icyphy/ptII/ptolemy/actor/lib/test/auto/functionClosureTest3.xml
2 ms. Memory: 446464K Free: 313236K (70%)
----------------- Invoking toplevel() on ptolemy.moml.MoMLSimpleApplication@7b2a0958
----------------- Done invoking toplevel() on ptolemy.moml.MoMLSimpleApplication@7b2a0958
reloadAllAccessors: .functionClosureTest3

===========================================================================================
----------------- testing Thu Jul 18 21:26:53 UTC 2019 /home/travis/build/icyphy/ptII/ptolemy/actor/lib/test/auto/functionClosureTest4.xml
----------------- Instantiating /home/travis/build/icyphy/ptII/ptolemy/actor/lib/test/auto/functionClosureTest4.xml
5 ms. Memory: 446464K Free: 306582K (69%)
----------------- Invoking toplevel() on ptolemy.moml.MoMLSimpleApplication@58798c04
----------------- Done invoking toplevel() on ptolemy.moml.MoMLSimpleApplication@58798c04
reloadAllAccessors: .functionClosureTest4

===========================================================================================
----------------- testing Thu Jul 18 21:26:53 UTC 2019 /home/travis/build/icyphy/ptII/ptolemy/actor/lib/test/auto/functionClosureTest5.xml
----------------- Instantiating /home/travis/build/icyphy/ptII/ptolemy/actor/lib/test/auto/functionClosureTest5.xml
3 ms. Memory: 446464K Free: 301462K (68%)
----------------- Invoking toplevel() on ptolemy.moml.MoMLSimpleApplication@62dc38b0
----------------- Done invoking toplevel() on ptolemy.moml.MoMLSimpleApplication@62dc38b0
reloadAllAccessors: .functionClosureTest5

===========================================================================================
----------------- testing Thu Jul 18 21:26:53 UTC 2019 /home/travis/build/icyphy/ptII/ptolemy/actor/lib/test/auto/functionClosureTest6.xml
----------------- Instantiating /home/travis/build/icyphy/ptII/ptolemy/actor/lib/test/auto/functionClosureTest6.xml
2 ms. Memory: 446464K Free: 296342K (66%)
----------------- Invoking toplevel() on ptolemy.moml.MoMLSimpleApplication@47e41851
----------------- Done invoking toplevel() on ptolemy.moml.MoMLSimpleApplication@47e41851
reloadAllAccessors: .functionClosureTest6

===========================================================================================
----------------- testing Thu Jul 18 21:26:53 UTC 2019 /home/travis/build/icyphy/ptII/ptolemy/actor/lib/test/auto/functionsOnArcs.xml
----------------- Instantiating /home/travis/build/icyphy/ptII/ptolemy/actor/lib/test/auto/functionsOnArcs.xml
6 ms. Memory: 446464K Free: 291222K (65%)
----------------- Invoking toplevel() on ptolemy.moml.MoMLSimpleApplication@c8c98
----------------- Done invoking toplevel() on ptolemy.moml.MoMLSimpleApplication@c8c98
reloadAllAccessors: .functionsOnArcs

===========================================================================================
----------------- testing Thu Jul 18 21:26:53 UTC 2019 /home/travis/build/icyphy/ptII/ptolemy/actor/lib/test/auto/functionsOnArcsHOF.xml
----------------- Instantiating /home/travis/build/icyphy/ptII/ptolemy/actor/lib/test/auto/functionsOnArcsHOF.xml
7 ms. Memory: 446464K Free: 285078K (64%)
----------------- Invoking toplevel() on ptolemy.moml.MoMLSimpleApplication@6d6fbf82
----------------- Done invoking toplevel() on ptolemy.moml.MoMLSimpleApplication@6d6fbf82
reloadAllAccessors: .functionsOnArcsHOF

===========================================================================================
----------------- testing Thu Jul 18 21:26:53 UTC 2019 /home/travis/build/icyphy/ptII/ptolemy/actor/lib/test/auto/logic.xml
----------------- Instantiating /home/travis/build/icyphy/ptII/ptolemy/actor/lib/test/auto/logic.xml
2 ms. Memory: 446464K Free: 277910K (62%)
----------------- Invoking toplevel() on ptolemy.moml.MoMLSimpleApplication@7722d94b
----------------- Done invoking toplevel() on ptolemy.moml.MoMLSimpleApplication@7722d94b
reloadAllAccessors: .logic

===========================================================================================
----------------- testing Thu Jul 18 21:26:53 UTC 2019 /home/travis/build/icyphy/ptII/ptolemy/actor/lib/test/auto/matrixType.xml
----------------- Instantiating /home/travis/build/icyphy/ptII/ptolemy/actor/lib/test/auto/matrixType.xml
2 ms. Memory: 446464K Free: 272276K (61%)
----------------- Invoking toplevel() on ptolemy.moml.MoMLSimpleApplication@15806306
----------------- Done invoking toplevel() on ptolemy.moml.MoMLSimpleApplication@15806306
reloadAllAccessors: .matrixType

===========================================================================================
----------------- testing Thu Jul 18 21:26:53 UTC 2019 /home/travis/build/icyphy/ptII/ptolemy/actor/lib/test/auto/matrixType10.xml
----------------- Instantiating /home/travis/build/icyphy/ptII/ptolemy/actor/lib/test/auto/matrixType10.xml
1 ms. Memory: 446464K Free: 267670K (60%)
----------------- Invoking toplevel() on ptolemy.moml.MoMLSimpleApplication@518c6325
----------------- Done invoking toplevel() on ptolemy.moml.MoMLSimpleApplication@518c6325
reloadAllAccessors: .matrixType10

===========================================================================================
----------------- testing Thu Jul 18 21:26:53 UTC 2019 /home/travis/build/icyphy/ptII/ptolemy/actor/lib/test/auto/matrixType11.xml
----------------- Instantiating /home/travis/build/icyphy/ptII/ptolemy/actor/lib/test/auto/matrixType11.xml
2 ms. Memory: 446464K Free: 262550K (59%)
----------------- Invoking toplevel() on ptolemy.moml.MoMLSimpleApplication@68e19d28
----------------- Done invoking toplevel() on ptolemy.moml.MoMLSimpleApplication@68e19d28
reloadAllAccessors: .matrixType11

===========================================================================================
----------------- testing Thu Jul 18 21:26:53 UTC 2019 /home/travis/build/icyphy/ptII/ptolemy/actor/lib/test/auto/matrixType12.xml
----------------- Instantiating /home/travis/build/icyphy/ptII/ptolemy/actor/lib/test/auto/matrixType12.xml
2 ms. Memory: 446464K Free: 257940K (58%)
----------------- Invoking toplevel() on ptolemy.moml.MoMLSimpleApplication@6c110cd
----------------- Done invoking toplevel() on ptolemy.moml.MoMLSimpleApplication@6c110cd
reloadAllAccessors: .matrixType12

===========================================================================================
----------------- testing Thu Jul 18 21:26:53 UTC 2019 /home/travis/build/icyphy/ptII/ptolemy/actor/lib/test/auto/matrixType13.xml
----------------- Instantiating /home/travis/build/icyphy/ptII/ptolemy/actor/lib/test/auto/matrixType13.xml
2 ms. Memory: 446464K Free: 252820K (57%)
----------------- Invoking toplevel() on ptolemy.moml.MoMLSimpleApplication@372ff1ea
----------------- Done invoking toplevel() on ptolemy.moml.MoMLSimpleApplication@372ff1ea
reloadAllAccessors: .matrixType13

===========================================================================================
----------------- testing Thu Jul 18 21:26:53 UTC 2019 /home/travis/build/icyphy/ptII/ptolemy/actor/lib/test/auto/matrixType14.xml
----------------- Instantiating /home/travis/build/icyphy/ptII/ptolemy/actor/lib/test/auto/matrixType14.xml
2 ms. Memory: 446464K Free: 247700K (55%)
----------------- Invoking toplevel() on ptolemy.moml.MoMLSimpleApplication@3e81d900
----------------- Done invoking toplevel() on ptolemy.moml.MoMLSimpleApplication@3e81d900
reloadAllAccessors: .matrixType14

===========================================================================================
----------------- testing Thu Jul 18 21:26:53 UTC 2019 /home/travis/build/icyphy/ptII/ptolemy/actor/lib/test/auto/matrixType2.xml
----------------- Instantiating /home/travis/build/icyphy/ptII/ptolemy/actor/lib/test/auto/matrixType2.xml
2 ms. Memory: 446464K Free: 242580K (54%)
----------------- Invoking toplevel() on ptolemy.moml.MoMLSimpleApplication@4604105b
----------------- Done invoking toplevel() on ptolemy.moml.MoMLSimpleApplication@4604105b
reloadAllAccessors: .matrixType2

===========================================================================================
----------------- testing Thu Jul 18 21:26:53 UTC 2019 /home/travis/build/icyphy/ptII/ptolemy/actor/lib/test/auto/matrixType3.xml
----------------- Instantiating /home/travis/build/icyphy/ptII/ptolemy/actor/lib/test/auto/matrixType3.xml
3 ms. Memory: 446464K Free: 237974K (53%)
----------------- Invoking toplevel() on ptolemy.moml.MoMLSimpleApplication@57c2d794
----------------- Done invoking toplevel() on ptolemy.moml.MoMLSimpleApplication@57c2d794
reloadAllAccessors: .matrixType3

===========================================================================================
----------------- testing Thu Jul 18 21:26:53 UTC 2019 /home/travis/build/icyphy/ptII/ptolemy/actor/lib/test/auto/matrixType4.xml
----------------- Instantiating /home/travis/build/icyphy/ptII/ptolemy/actor/lib/test/auto/matrixType4.xml
1 ms. Memory: 446464K Free: 232854K (52%)
----------------- Invoking toplevel() on ptolemy.moml.MoMLSimpleApplication@1588c7a5
----------------- Done invoking toplevel() on ptolemy.moml.MoMLSimpleApplication@1588c7a5
reloadAllAccessors: .matrixType4

===========================================================================================
----------------- testing Thu Jul 18 21:26:53 UTC 2019 /home/travis/build/icyphy/ptII/ptolemy/actor/lib/test/auto/matrixType5.xml
----------------- Instantiating /home/travis/build/icyphy/ptII/ptolemy/actor/lib/test/auto/matrixType5.xml
1 ms. Memory: 446464K Free: 228244K (51%)
----------------- Invoking toplevel() on ptolemy.moml.MoMLSimpleApplication@4fea5c88
----------------- Done invoking toplevel() on ptolemy.moml.MoMLSimpleApplication@4fea5c88
reloadAllAccessors: .matrixType5

===========================================================================================
----------------- testing Thu Jul 18 21:26:53 UTC 2019 /home/travis/build/icyphy/ptII/ptolemy/actor/lib/test/auto/matrixType6.xml
----------------- Instantiating /home/travis/build/icyphy/ptII/ptolemy/actor/lib/test/auto/matrixType6.xml
1 ms. Memory: 446464K Free: 223124K (50%)
----------------- Invoking toplevel() on ptolemy.moml.MoMLSimpleApplication@1a44f8a0
----------------- Done invoking toplevel() on ptolemy.moml.MoMLSimpleApplication@1a44f8a0
reloadAllAccessors: .matrixType6

===========================================================================================
----------------- testing Thu Jul 18 21:26:53 UTC 2019 /home/travis/build/icyphy/ptII/ptolemy/actor/lib/test/auto/matrixType7.xml
----------------- Instantiating /home/travis/build/icyphy/ptII/ptolemy/actor/lib/test/auto/matrixType7.xml
2 ms. Memory: 446464K Free: 218518K (49%)
----------------- Invoking toplevel() on ptolemy.moml.MoMLSimpleApplication@7e071860
----------------- Done invoking toplevel() on ptolemy.moml.MoMLSimpleApplication@7e071860
reloadAllAccessors: .matrixType7

===========================================================================================
----------------- testing Thu Jul 18 21:26:53 UTC 2019 /home/travis/build/icyphy/ptII/ptolemy/actor/lib/test/auto/matrixType8.xml
----------------- Instantiating /home/travis/build/icyphy/ptII/ptolemy/actor/lib/test/auto/matrixType8.xml
2 ms. Memory: 446464K Free: 213398K (48%)
----------------- Invoking toplevel() on ptolemy.moml.MoMLSimpleApplication@282410e7
----------------- Done invoking toplevel() on ptolemy.moml.MoMLSimpleApplication@282410e7
reloadAllAccessors: .matrixType8

===========================================================================================
----------------- testing Thu Jul 18 21:26:53 UTC 2019 /home/travis/build/icyphy/ptII/ptolemy/actor/lib/test/auto/matrixType9.xml
----------------- Instantiating /home/travis/build/icyphy/ptII/ptolemy/actor/lib/test/auto/matrixType9.xml
1 ms. Memory: 446464K Free: 208788K (47%)
----------------- Invoking toplevel() on ptolemy.moml.MoMLSimpleApplication@6256c091
----------------- Done invoking toplevel() on ptolemy.moml.MoMLSimpleApplication@6256c091
reloadAllAccessors: .matrixType9

===========================================================================================
----------------- testing Thu Jul 18 21:26:53 UTC 2019 /home/travis/build/icyphy/ptII/ptolemy/actor/lib/test/auto/paraFunctest.xml
----------------- Instantiating /home/travis/build/icyphy/ptII/ptolemy/actor/lib/test/auto/paraFunctest.xml
2 ms. Memory: 446464K Free: 204182K (46%)
----------------- Invoking toplevel() on ptolemy.moml.MoMLSimpleApplication@f0fd306
----------------- Done invoking toplevel() on ptolemy.moml.MoMLSimpleApplication@f0fd306
reloadAllAccessors: .paraFunctest

===========================================================================================
----------------- testing Thu Jul 18 21:26:53 UTC 2019 /home/travis/build/icyphy/ptII/ptolemy/actor/lib/test/auto/paraFunctest2.xml
----------------- Instantiating /home/travis/build/icyphy/ptII/ptolemy/actor/lib/test/auto/paraFunctest2.xml
1 ms. Memory: 446464K Free: 199572K (45%)
----------------- Invoking toplevel() on ptolemy.moml.MoMLSimpleApplication@6d526937
----------------- Done invoking toplevel() on ptolemy.moml.MoMLSimpleApplication@6d526937
reloadAllAccessors: .paraFunctest2

===========================================================================================
----------------- testing Thu Jul 18 21:26:53 UTC 2019 /home/travis/build/icyphy/ptII/ptolemy/actor/lib/test/auto/parameterPassing.xml
----------------- Instantiating /home/travis/build/icyphy/ptII/ptolemy/actor/lib/test/auto/parameterPassing.xml
1 ms. Memory: 446464K Free: 194966K (44%)
----------------- Invoking toplevel() on ptolemy.moml.MoMLSimpleApplication@266e181f
----------------- Done invoking toplevel() on ptolemy.moml.MoMLSimpleApplication@266e181f
reloadAllAccessors: .parameterPassing

===========================================================================================
----------------- testing Thu Jul 18 21:26:53 UTC 2019 /home/travis/build/icyphy/ptII/ptolemy/actor/lib/test/auto/record.xml
----------------- Instantiating /home/travis/build/icyphy/ptII/ptolemy/actor/lib/test/auto/record.xml
2 ms. Memory: 446464K Free: 190356K (43%)
----------------- Invoking toplevel() on ptolemy.moml.MoMLSimpleApplication@458d62d6
----------------- Done invoking toplevel() on ptolemy.moml.MoMLSimpleApplication@458d62d6
reloadAllAccessors: .record

===========================================================================================
----------------- testing Thu Jul 18 21:26:53 UTC 2019 /home/travis/build/icyphy/ptII/ptolemy/actor/lib/test/auto/sizedarray1.xml
----------------- Instantiating /home/travis/build/icyphy/ptII/ptolemy/actor/lib/test/auto/sizedarray1.xml
1 ms. Memory: 446464K Free: 184726K (41%)
----------------- Invoking toplevel() on ptolemy.moml.MoMLSimpleApplication@7d601864
----------------- Done invoking toplevel() on ptolemy.moml.MoMLSimpleApplication@7d601864
reloadAllAccessors: .sizedarray1

===========================================================================================
----------------- testing Thu Jul 18 21:26:53 UTC 2019 /home/travis/build/icyphy/ptII/ptolemy/actor/lib/test/auto/sizedarray2.xml
----------------- Instantiating /home/travis/build/icyphy/ptII/ptolemy/actor/lib/test/auto/sizedarray2.xml
3 ms. Memory: 446464K Free: 179606K (40%)
----------------- Invoking toplevel() on ptolemy.moml.MoMLSimpleApplication@2160b4c8
----------------- Done invoking toplevel() on ptolemy.moml.MoMLSimpleApplication@2160b4c8
reloadAllAccessors: .sizedarray2

===========================================================================================
----------------- testing Thu Jul 18 21:26:53 UTC 2019 /home/travis/build/icyphy/ptII/ptolemy/actor/lib/test/auto/twoPublishers.xml
----------------- Instantiating /home/travis/build/icyphy/ptII/ptolemy/actor/lib/test/auto/twoPublishers.xml
7 ms. Memory: 446464K Free: 168838K (38%)
----------------- Invoking toplevel() on ptolemy.moml.MoMLSimpleApplication@366f2479
----------------- Done invoking toplevel() on ptolemy.moml.MoMLSimpleApplication@366f2479
reloadAllAccessors: .twoPublishers
AutoTests.java: About to close Vertx.
AutoTests.java: Vertx closed.
]]></system-out>
  <system-err><![CDATA[java.lang.RuntimeException: Execution failed
	at ptolemy.moml.MoMLSimpleApplication$UnloadThread.run(MoMLSimpleApplication.java:402)
Caused by: java.lang.RuntimeException: StringUtilities.exit() was called. Normally, we would exit here because Manager.exitAfterWrapup() was called.  However, because the ptolemy.ptII.exitAfterWrapup property is set, we throw this exception instead.
	at ptolemy.util.StringUtilities.exit(StringUtilities.java:363)
	at ptolemy.actor.Manager.wrapup(Manager.java:1549)
	at ptolemy.actor.Manager.execute(Manager.java:407)
	at ptolemy.actor.Manager.run(Manager.java:1263)
	at ptolemy.actor.Manager$PtolemyRunThread.run(Manager.java:1933)
Warning: '.top.test' is in training mode, set the trainingMode parameter to false before checking in
Warning: '.top.test' is in training mode, set the trainingMode parameter to false before checking in
Warning: '.top.test' is in training mode, set the trainingMode parameter to false before checking in
Warning: '.BooleanSwitch_RegressionTest_WrongTrainingValues.Test' is in training mode, set the trainingMode parameter to false before checking in
Warning: '.BooleanSwitch_RegressionTest_WrongTrainingValues.Test2' is in training mode, set the trainingMode parameter to false before checking in
Warning: '.BooleanSwitch_RegressionTest_WrongTrainingValues.Test2' The test produced 0 tokens.
Warning: '.top.testExceptionHandler' is in training mode, set the trainingMode parameter to false before checking in
java.lang.RuntimeException: Execution failed
	at ptolemy.moml.MoMLSimpleApplication$UnloadThread.run(MoMLSimpleApplication.java:402)
Caused by: ptolemy.kernel.util.IllegalActionException: PublisherPorts cannot be used at the top level, use a Publisher actor instead.
  in .PublisherPortToplevelSubscriber.PublisherPort
	at ptolemy.actor.PublisherPort.preinitialize(PublisherPort.java:403)
	at ptolemy.actor.CompositeActor.preinitialize(CompositeActor.java:1769)
	at ptolemy.actor.Manager.preinitializeAndResolveTypes(Manager.java:1040)
	at ptolemy.actor.Manager.initialize(Manager.java:710)
	at ptolemy.actor.Manager.execute(Manager.java:356)
	at ptolemy.actor.Manager.run(Manager.java:1263)
	at ptolemy.actor.Manager$PtolemyRunThread.run(Manager.java:1933)
java.lang.reflect.InvocationTargetException
	at java.base/jdk.internal.reflect.NativeConstructorAccessorImpl.newInstance0(Native Method)
	at java.base/jdk.internal.reflect.NativeConstructorAccessorImpl.newInstance(NativeConstructorAccessorImpl.java:62)
	at java.base/jdk.internal.reflect.DelegatingConstructorAccessorImpl.newInstance(DelegatingConstructorAccessorImpl.java:45)
	at java.base/java.lang.reflect.Constructor.newInstance(Constructor.java:490)
	at ptolemy.util.test.junit.AutoKnownFailedTests.RunModel(AutoKnownFailedTests.java:105)
	at java.base/jdk.internal.reflect.NativeMethodAccessorImpl.invoke0(Native Method)
	at java.base/jdk.internal.reflect.NativeMethodAccessorImpl.invoke(NativeMethodAccessorImpl.java:62)
	at java.base/jdk.internal.reflect.DelegatingMethodAccessorImpl.invoke(DelegatingMethodAccessorImpl.java:43)
	at java.base/java.lang.reflect.Method.invoke(Method.java:566)
	at org.junit.runners.model.FrameworkMethod$1.runReflectiveCall(FrameworkMethod.java:44)
	at org.junit.internal.runners.model.ReflectiveCallable.run(ReflectiveCallable.java:15)
	at org.junit.runners.model.FrameworkMethod.invokeExplosively(FrameworkMethod.java:41)
	at junitparams.internal.InvokeParameterisedMethod.evaluate(InvokeParameterisedMethod.java:102)
	at org.junit.internal.runners.statements.FailOnTimeout$1.run(FailOnTimeout.java:28)
Caused by: ptolemy.kernel.util.IllegalActionException: PublisherPorts cannot be used at the top level, use a Publisher actor instead.
  in .PublisherPortToplevelSubscriber.PublisherPort
	at ptolemy.actor.PublisherPort.preinitialize(PublisherPort.java:403)
	at ptolemy.actor.CompositeActor.preinitialize(CompositeActor.java:1769)
	at ptolemy.actor.Manager.preinitializeAndResolveTypes(Manager.java:1040)
	at ptolemy.actor.Manager.initialize(Manager.java:710)
	at ptolemy.actor.Manager.execute(Manager.java:356)
	at ptolemy.actor.Manager.run(Manager.java:1263)
	at ptolemy.actor.Manager$PtolemyRunThread.run(Manager.java:1933)
java.lang.RuntimeException: Execution failed
	at ptolemy.moml.MoMLSimpleApplication$UnloadThread.run(MoMLSimpleApplication.java:402)
Caused by: ptolemy.kernel.util.IllegalActionException: SubscriberPorts cannot be used at the top level, use a Subscriber actor instead.
  in .PublisherSubscriberPortToplevel.SubscriberPort
	at ptolemy.actor.SubscriberPort.preinitialize(SubscriberPort.java:328)
	at ptolemy.actor.CompositeActor.preinitialize(CompositeActor.java:1769)
	at ptolemy.actor.Manager.preinitializeAndResolveTypes(Manager.java:1040)
	at ptolemy.actor.Manager.initialize(Manager.java:710)
	at ptolemy.actor.Manager.execute(Manager.java:356)
	at ptolemy.actor.Manager.run(Manager.java:1263)
	at ptolemy.actor.Manager$PtolemyRunThread.run(Manager.java:1933)
java.lang.reflect.InvocationTargetException
	at java.base/jdk.internal.reflect.NativeConstructorAccessorImpl.newInstance0(Native Method)
	at java.base/jdk.internal.reflect.NativeConstructorAccessorImpl.newInstance(NativeConstructorAccessorImpl.java:62)
	at java.base/jdk.internal.reflect.DelegatingConstructorAccessorImpl.newInstance(DelegatingConstructorAccessorImpl.java:45)
	at java.base/java.lang.reflect.Constructor.newInstance(Constructor.java:490)
	at ptolemy.util.test.junit.AutoKnownFailedTests.RunModel(AutoKnownFailedTests.java:105)
	at java.base/jdk.internal.reflect.NativeMethodAccessorImpl.invoke0(Native Method)
	at java.base/jdk.internal.reflect.NativeMethodAccessorImpl.invoke(NativeMethodAccessorImpl.java:62)
	at java.base/jdk.internal.reflect.DelegatingMethodAccessorImpl.invoke(DelegatingMethodAccessorImpl.java:43)
	at java.base/java.lang.reflect.Method.invoke(Method.java:566)
	at org.junit.runners.model.FrameworkMethod$1.runReflectiveCall(FrameworkMethod.java:44)
	at org.junit.internal.runners.model.ReflectiveCallable.run(ReflectiveCallable.java:15)
	at org.junit.runners.model.FrameworkMethod.invokeExplosively(FrameworkMethod.java:41)
	at junitparams.internal.InvokeParameterisedMethod.evaluate(InvokeParameterisedMethod.java:102)
	at org.junit.internal.runners.statements.FailOnTimeout$1.run(FailOnTimeout.java:28)
Caused by: ptolemy.kernel.util.IllegalActionException: SubscriberPorts cannot be used at the top level, use a Subscriber actor instead.
  in .PublisherSubscriberPortToplevel.SubscriberPort
	at ptolemy.actor.SubscriberPort.preinitialize(SubscriberPort.java:328)
	at ptolemy.actor.CompositeActor.preinitialize(CompositeActor.java:1769)
	at ptolemy.actor.Manager.preinitializeAndResolveTypes(Manager.java:1040)
	at ptolemy.actor.Manager.initialize(Manager.java:710)
	at ptolemy.actor.Manager.execute(Manager.java:356)
	at ptolemy.actor.Manager.run(Manager.java:1263)
	at ptolemy.actor.Manager$PtolemyRunThread.run(Manager.java:1933)
java.lang.RuntimeException: Execution failed
	at ptolemy.moml.MoMLSimpleApplication$UnloadThread.run(MoMLSimpleApplication.java:402)
Caused by: ptolemy.kernel.util.IllegalActionException: SubscriptionAggregatorPorts cannot be used at the top level, use a SubscriptionAggregator actor instead.
  in .PublisherSubscriptionAggregatorPort.SubscriptionAggregatorPort
	at ptolemy.actor.SubscriptionAggregatorPort.preinitialize(SubscriptionAggregatorPort.java:353)
	at ptolemy.actor.CompositeActor.preinitialize(CompositeActor.java:1769)
	at ptolemy.actor.Manager.preinitializeAndResolveTypes(Manager.java:1040)
	at ptolemy.actor.Manager.initialize(Manager.java:710)
	at ptolemy.actor.Manager.execute(Manager.java:356)
	at ptolemy.actor.Manager.run(Manager.java:1263)
	at ptolemy.actor.Manager$PtolemyRunThread.run(Manager.java:1933)
java.lang.reflect.InvocationTargetException
	at java.base/jdk.internal.reflect.NativeConstructorAccessorImpl.newInstance0(Native Method)
	at java.base/jdk.internal.reflect.NativeConstructorAccessorImpl.newInstance(NativeConstructorAccessorImpl.java:62)
	at java.base/jdk.internal.reflect.DelegatingConstructorAccessorImpl.newInstance(DelegatingConstructorAccessorImpl.java:45)
	at java.base/java.lang.reflect.Constructor.newInstance(Constructor.java:490)
	at ptolemy.util.test.junit.AutoKnownFailedTests.RunModel(AutoKnownFailedTests.java:105)
	at java.base/jdk.internal.reflect.NativeMethodAccessorImpl.invoke0(Native Method)
	at java.base/jdk.internal.reflect.NativeMethodAccessorImpl.invoke(NativeMethodAccessorImpl.java:62)
	at java.base/jdk.internal.reflect.DelegatingMethodAccessorImpl.invoke(DelegatingMethodAccessorImpl.java:43)
	at java.base/java.lang.reflect.Method.invoke(Method.java:566)
	at org.junit.runners.model.FrameworkMethod$1.runReflectiveCall(FrameworkMethod.java:44)
	at org.junit.internal.runners.model.ReflectiveCallable.run(ReflectiveCallable.java:15)
	at org.junit.runners.model.FrameworkMethod.invokeExplosively(FrameworkMethod.java:41)
	at junitparams.internal.InvokeParameterisedMethod.evaluate(InvokeParameterisedMethod.java:102)
	at org.junit.internal.runners.statements.FailOnTimeout$1.run(FailOnTimeout.java:28)
Caused by: ptolemy.kernel.util.IllegalActionException: SubscriptionAggregatorPorts cannot be used at the top level, use a SubscriptionAggregator actor instead.
  in .PublisherSubscriptionAggregatorPort.SubscriptionAggregatorPort
	at ptolemy.actor.SubscriptionAggregatorPort.preinitialize(SubscriptionAggregatorPort.java:353)
	at ptolemy.actor.CompositeActor.preinitialize(CompositeActor.java:1769)
	at ptolemy.actor.Manager.preinitializeAndResolveTypes(Manager.java:1040)
	at ptolemy.actor.Manager.initialize(Manager.java:710)
	at ptolemy.actor.Manager.execute(Manager.java:356)
	at ptolemy.actor.Manager.run(Manager.java:1263)
	at ptolemy.actor.Manager$PtolemyRunThread.run(Manager.java:1933)
java.lang.RuntimeException: Execution failed
	at ptolemy.moml.MoMLSimpleApplication$UnloadThread.run(MoMLSimpleApplication.java:402)
Caused by: ptolemy.kernel.util.IllegalActionException: TypeTest actor has no training data.
  in .sizedarray3.TypeTest
	at ptolemy.actor.lib.TypeTest.initialize(TypeTest.java:250)
	at ptolemy.actor.Director.initialize(Director.java:938)
	at ptolemy.actor.Director.initialize(Director.java:907)
	at ptolemy.actor.sched.StaticSchedulingDirector.initialize(StaticSchedulingDirector.java:159)
	at ptolemy.domains.sdf.kernel.SDFDirector.initialize(SDFDirector.java:544)
	at ptolemy.actor.CompositeActor.initialize(CompositeActor.java:935)
	at ptolemy.actor.Manager.initialize(Manager.java:724)
	at ptolemy.actor.Manager.execute(Manager.java:356)
	at ptolemy.actor.Manager.run(Manager.java:1263)
	at ptolemy.actor.Manager$PtolemyRunThread.run(Manager.java:1933)
java.lang.reflect.InvocationTargetException
	at java.base/jdk.internal.reflect.NativeConstructorAccessorImpl.newInstance0(Native Method)
	at java.base/jdk.internal.reflect.NativeConstructorAccessorImpl.newInstance(NativeConstructorAccessorImpl.java:62)
	at java.base/jdk.internal.reflect.DelegatingConstructorAccessorImpl.newInstance(DelegatingConstructorAccessorImpl.java:45)
	at java.base/java.lang.reflect.Constructor.newInstance(Constructor.java:490)
	at ptolemy.util.test.junit.AutoKnownFailedTests.RunModel(AutoKnownFailedTests.java:105)
	at java.base/jdk.internal.reflect.NativeMethodAccessorImpl.invoke0(Native Method)
	at java.base/jdk.internal.reflect.NativeMethodAccessorImpl.invoke(NativeMethodAccessorImpl.java:62)
	at java.base/jdk.internal.reflect.DelegatingMethodAccessorImpl.invoke(DelegatingMethodAccessorImpl.java:43)
	at java.base/java.lang.reflect.Method.invoke(Method.java:566)
	at org.junit.runners.model.FrameworkMethod$1.runReflectiveCall(FrameworkMethod.java:44)
	at org.junit.internal.runners.model.ReflectiveCallable.run(ReflectiveCallable.java:15)
	at org.junit.runners.model.FrameworkMethod.invokeExplosively(FrameworkMethod.java:41)
	at junitparams.internal.InvokeParameterisedMethod.evaluate(InvokeParameterisedMethod.java:102)
	at org.junit.internal.runners.statements.FailOnTimeout$1.run(FailOnTimeout.java:28)
Caused by: ptolemy.kernel.util.IllegalActionException: TypeTest actor has no training data.
  in .sizedarray3.TypeTest
	at ptolemy.actor.lib.TypeTest.initialize(TypeTest.java:250)
	at ptolemy.actor.Director.initialize(Director.java:938)
	at ptolemy.actor.Director.initialize(Director.java:907)
	at ptolemy.actor.sched.StaticSchedulingDirector.initialize(StaticSchedulingDirector.java:159)
	at ptolemy.domains.sdf.kernel.SDFDirector.initialize(SDFDirector.java:544)
	at ptolemy.actor.CompositeActor.initialize(CompositeActor.java:935)
	at ptolemy.actor.Manager.initialize(Manager.java:724)
	at ptolemy.actor.Manager.execute(Manager.java:356)
	at ptolemy.actor.Manager.run(Manager.java:1263)
	at ptolemy.actor.Manager$PtolemyRunThread.run(Manager.java:1933)
]]></system-err>
</testsuite>
