<?xml version="1.0" encoding="UTF-8" ?>
<testsuite errors="0" failures="0" hostname="travis-job-05cfa55a-25a6-4636-95a7-85db03b7e51e" name="ptolemy.domains.de.test.junit.JUnitTclTest" skipped="0" tests="101" time="125.413" timestamp="2020-10-13T11:55:54">
  <properties>
    <property name="npm.executable" value="npm" />
    <property name="env.TRAVIS_ROOT" value="/" />
    <property name="ptII.mk.exists" value="true" />
    <property name="env.TRAVIS_APP_HOST" value="build.travis-ci.com" />
    <property name="env.rvm_bin_path" value="/home/travis/.rvm/bin" />
    <property name="java.home" value="/usr/local/lib/jvm/openjdk11" />
    <property name="env.TRAVIS_JOB_NUMBER" value="1795.9" />
    <property name="env.TRAVIS_HOME" value="/home/travis" />
    <property name="env.DISPLAY" value=":99.0" />
    <property name="env.TRAVIS_INIT" value="systemd" />
    <property name="env.SSH_TTY" value="/dev/pts/0" />
    <property name="java.net.preferIPv4Stack" value="true" />
    <property name="env.RUN_TESTS" value="true" />
    <property name="timeout.short" value="1000000" />
    <property name="junit.formatter" value="xml" />
    <property name="env.TRAVIS_SUDO" value="true" />
    <property name="env.TRAVIS_JOB_NAME" value="" />
    <property name="env.TRAVIS_STACK_NODE_ATTRIBUTES" value="/.node-attributes.yml" />
    <property name="env.LOGNAME" value="travis" />
    <property name="jsdoc.home" value="node_modules/@terraswarm/jsdoc" />
    <property name="debuglevel" value="source,lines,vars" />
    <property name="checkstyle.formatter" value="xml" />
    <property name="bin.vergil.makeable" value="true" />
    <property name="sun.os.patch.level" value="unknown" />
    <property name="java.vendor.url" value="http://java.oracle.com/" />
    <property name="env.TRAVIS_BUILD_WEB_URL" value="https://travis-ci.com/icyphy/ptII/builds/189694658" />
    <property name="java.version" value="11.0.2" />
    <property name="env.TZ" value="UTC" />
    <property name="env.TRAVIS_PULL_REQUEST_SHA" value="" />
    <property name="env.PT_NO_NET" value="true" />
    <property name="env.TRAVIS_SECURE_ENV_VARS" value="true" />
    <property name="java.vendor.url.bug" value="http://bugreport.java.com/bugreport/" />
    <property name="npmjs-org-is-up" value="true" />
    <property name="env.LANGUAGE" value="en_US.UTF-8" />
    <property name="env.SSH_CLIENT" value="10.16.4.6 38764 22" />
    <property name="env.GEM_HOME" value="/home/travis/.rvm/gems/ruby-2.5.3" />
    <property name="env.HAS_ANTARES_THREE_LITTLE_FRONZIES_BADGE" value="true" />
    <property name="java.version.date" value="2019-01-15" />
    <property name="env.PS4" value="+" />
    <property name="ant.project.invoked-targets" value="build,test.core2.xml" />
    <property name="env.TRAVIS_PULL_REQUEST_BRANCH" value="" />
    <property name="env.TRAVIS_REPO_SLUG" value="icyphy/ptII" />
    <property name="env.XDG_DATA_DIRS" value="/usr/local/share:/usr/share:/var/lib/snapd/desktop" />
    <property name="jdk.debug" value="release" />
    <property name="env.TRAVIS_APT_PROXY" value="http://build-cache.travisci.net" />
    <property name="env.TRAVIS_CPU_ARCH" value="amd64" />
    <property name="node.in.path" value="true" />
    <property name="user.name" value="travis" />
    <property name="java.maxmemory" value="1400m" />
    <property name="env.RUBY_VERSION" value="ruby-2.5.3" />
    <property name="env.LANG" value="en_US.UTF-8" />
    <property name="sun.io.unicode.encoding" value="UnicodeLittle" />
    <property name="sun.jnu.encoding" value="UTF-8" />
    <property name="java.runtime.name" value="OpenJDK Runtime Environment" />
    <property name="usefile" value="false" />
    <property name="return.code" value="0" />
    <property name="junit.single.formatter" value="plain" />
    <property name="env.DYLD_LIBRARY_PATH" value="/home/travis/pthla/certi-tools/lib:" />
    <property name="env.DEBIAN_FRONTEND" value="noninteractive" />
    <property name="env.SSH_CONNECTION" value="10.16.4.6 38764 10.30.2.104 22" />
    <property name="env.MYSQL_UNIX_PORT" value="/var/run/mysqld/mysqld.sock" />
    <property name="env.LC_ALL" value="en_US.UTF-8" />
    <property name="env.TRAVIS_ALLOW_FAILURE" value="" />
    <property name="env.TRAVIS_JOB_WEB_URL" value="https://travis-ci.com/icyphy/ptII/jobs/398786572" />
    <property name="java.specification.name" value="Java Platform API Specification" />
    <property name="node.works" value="true" />
    <property name="user.timezone" value="" />
    <property name="path.separator" value=":" />
    <property name="env.TRAVIS_ENABLE_INFRA_DETECTION" value="true" />
    <property name="env.PYTHON_CFLAGS" value="-g -fstack-protector --param=ssp-buffer-size=4 -Wformat -Werror=format-security" />
    <property name="timeout.long" value="4000000" />
    <property name="env.CERTI_HOME" value="/home/travis/pthla/certi-tools" />
    <property name="ant.file.ptII" value="/home/travis/build/icyphy/ptII/build.xml" />
    <property name="javadoc.packagenames" value="com.*,diva.*,lbnl.*,org.hlacerti.*,org.json.*,org.ptolemy.*,org.terraswarm.*,ptolemy.*,ptserver.*" />
    <property name="file.encoding" value="UTF-8" />
    <property name="env.TRAVIS_PULL_REQUEST_SLUG" value="" />
    <property name="ant.project.default-target" value="build" />
    <property name="env.GIT_ASKPASS" value="echo" />
    <property name="env.HOME" value="/home/travis" />
    <property name="sun.java.command" value="org.apache.tools.ant.taskdefs.optional.junit.JUnitTestRunner ptolemy.domains.de.test.junit.JUnitTclTest skipNonTests=false filtertrace=true haltOnError=false haltOnFailure=false formatter=org.apache.tools.ant.taskdefs.optional.junit.OutErrSummaryJUnitResultFormatter showoutput=true outputtoformatters=true logfailedtests=true threadid=0 logtestlistenerevents=false formatter=org.apache.tools.ant.taskdefs.optional.junit.XMLJUnitResultFormatter,/home/travis/build/icyphy/ptII/reports/junit/TEST-ptolemy.domains.de.test.junit.JUnitTclTest.xml crashfile=/home/travis/build/icyphy/ptII/junitvmwatcher17656264689909899244.properties propsfile=/home/travis/build/icyphy/ptII/junit18181722960601765981.properties" />
    <property name="env.COMPOSER_NO_INTERACTION" value="1" />
    <property name="env.MANPATH" value="/home/travis/.nvm/versions/node/v7.10.1/share/man:/home/travis/.rvm/rubies/ruby-2.5.3/share/man:/usr/local/cmake-3.12.4/man:/usr/local/clang-7.0.0/share/man:/usr/local/man:/usr/local/share/man:/usr/share/man:/home/travis/.rvm/man" />
    <property name="env.TRAVIS_TIMER_ID" value="0df689d3" />
    <property name="ant.file" value="/home/travis/build/icyphy/ptII/build.xml" />
    <property name="env.TRAVIS_COMMIT_RANGE" value="" />
    <property name="ptII.classpath.optional.property" value="/home/travis/build/icyphy/ptII/lib/bsh-2.0b4.jar:/home/travis/build/icyphy/ptII/lib/ptCal.jar:/home/travis/build/icyphy/ptII/lib/java_cup.jar:/home/travis/build/icyphy/ptII/lib/saxon8.jar:/home/travis/build/icyphy/ptII/lib/saxon8-dom.jar:/home/travis/build/icyphy/ptII/lib/chic.jar:/home/travis/build/icyphy/ptII/lib/ptcolt.jar:/home/travis/build/icyphy/ptII/vendors/misc/itext/iText.jar:/home/travis/build/icyphy/ptII/lib/g4ltl.jar:/home/travis/build/icyphy/ptII/lib/StructuralCoder.jar:/home/travis/build/icyphy/ptII/lib/jcerti.jar:/home/travis/build/icyphy/ptII/lib/javax.mail.jar:/home/travis/build/icyphy/ptII/vendors/JMF-2.1.1e/lib/jmf.jar:/home/travis/build/icyphy/ptII/lib/jna-4.0.0-variadic.jar:/home/travis/build/icyphy/ptII/vendors/misc/joystick/Joystick.jar:/home/travis/build/icyphy/ptII/lib/ptjacl.jar:/home/travis/build/icyphy/ptII/lib/jsoup-1.8.2.jar:/home/travis/build/icyphy/ptII/lib/junit-4.8.2.jar:/home/travis/build/icyphy/ptII/lib/JUnitParams-0.4.0.jar:/home/travis/build/icyphy/ptII/ptolemy/actor/lib/excel/jxl.jar:/home/travis/build/icyphy/ptII/lib/jython.jar:/home/travis/build/icyphy/ptII/lib/kieler.jar:/home/travis/build/icyphy/ptII/vendors/opencv/share/OpenCV/java/opencv-341.jar:/home/travis/build/icyphy/ptII/lib/oscP5.jar:/home/travis/build/icyphy/ptII/lib/nrjavaserial-3.11.0.devel.jar:/home/travis/build/icyphy/ptII/vendors/j3d/lib/Linux/j3dcore.jar:/home/travis/build/icyphy/ptII/vendors/j3d/lib/Linux/j3dutils.jar:/home/travis/build/icyphy/ptII/vendors/j3d/lib/Linux/vecmath.jar:/home/travis/build/icyphy/ptII/vendors/jogl/lib/Linux/gluegen-rt-natives-linux-amd64.jar:/home/travis/build/icyphy/ptII/vendors/jogl/lib/Linux/gluegen-rt.jar:/home/travis/build/icyphy/ptII/vendors/jogl/lib/Linux/jogl-all-natives-linux-amd64.jar:/home/travis/build/icyphy/ptII/vendors/jogl/lib/Linux/jogl-all.jar:/home/travis/build/icyphy/ptII/ptolemy/distributed/jini/jar/jini-core.jar:/home/travis/build/icyphy/ptII/ptolemy/distributed/jini/jar/jini-ext.jar:/home/travis/build/icyphy/ptII/ptolemy/distributed/jini/jar/sun-util.jar:/home/travis/build/icyphy/ptII/lib/protobuf-java-2.4.1.jar:/home/travis/build/icyphy/ptII/lib/org.eclipse.paho.client.mqttv3.jar:/home/travis/build/icyphy/ptII/lib/mapss.jar:/home/travis/build/icyphy/ptII/ptolemy/actor/ptalon/antlr/antlr.jar:/home/travis/build/icyphy/ptII/lib/JRI.jar:/home/travis/build/icyphy/ptII/lib/commons-lang-2.6.jar:/home/travis/build/icyphy/ptII/lib/commons-logging-1.1.1.jar:/home/travis/build/icyphy/ptII/lib/sootclasses.jar:/home/travis/build/icyphy/ptII/ptolemy/actor/lib/database/mysql-connector-java-5.1.6-bin.jar:/home/travis/build/icyphy/ptII/vendors/misc/sphinx4/sphinx4-data-5prealpha.jar:/home/travis/build/icyphy/ptII/vendors/misc/sphinx4/sphinx4-core-5prealpha.jar:/home/travis/build/icyphy/ptII/lib/PDFRenderer.jar:/home/travis/build/icyphy/ptII/lib/svgSalamander.jar:/home/travis/build/icyphy/ptII/lib/rsyntaxtextarea-2.6.0-SNAPSHOT.jar:/home/travis/build/icyphy/ptII/lib/hazelcast-3.8.2.jar:/home/travis/build/icyphy/ptII/lib/jackson-annotations-2.9.0.jar:/home/travis/build/icyphy/ptII/lib/jackson-core-2.9.3.jar:/home/travis/build/icyphy/ptII/lib/jackson-databind-2.9.3.jar:/home/travis/build/icyphy/ptII/lib/netty-buffer-4.1.19.Final.jar:/home/travis/build/icyphy/ptII/lib/netty-codec-4.1.19.Final.jar:/home/travis/build/icyphy/ptII/lib/netty-codec-dns-4.1.19.Final.jar:/home/travis/build/icyphy/ptII/lib/netty-codec-http-4.1.19.Final.jar:/home/travis/build/icyphy/ptII/lib/netty-codec-http2-4.1.19.Final.jar:/home/travis/build/icyphy/ptII/lib/netty-common-4.1.19.Final.jar:/home/travis/build/icyphy/ptII/lib/netty-handler-4.1.19.Final.jar:/home/travis/build/icyphy/ptII/lib/netty-resolver-4.1.19.Final.jar:/home/travis/build/icyphy/ptII/lib/netty-resolver-dns-4.1.19.Final.jar:/home/travis/build/icyphy/ptII/lib/netty-transport-4.1.19.Final.jar:/home/travis/build/icyphy/ptII/lib/vertx-codegen-3.5.1.jar:/home/travis/build/icyphy/ptII/lib/vertx-core-3.5.2-SNAPSHOT.jar:/home/travis/build/icyphy/ptII/lib/vertx-hazelcast-3.5.1.jar:/home/travis/build/icyphy/ptII/lib/vertx-lang-js-3.5.1.jar:/home/travis/build/icyphy/ptII/lib/vertx-service-proxy-3.5.1.jar:/home/travis/build/icyphy/ptII/lib/vertx-web-3.5.1.jar:/home/travis/build/icyphy/ptII/lib/slf4j-api-1.7.13.jar:/home/travis/build/icyphy/ptII/lib/slf4j-simple-1.7.13.jar:/home/travis/build/icyphy/ptII/lib/webcam-capture-0.3.12.jar:/home/travis/build/icyphy/ptII/lib/bridj-0.7.0.jar:/home/travis/build/icyphy/ptII/lib/xbjlib-1.1.0.nrjavaserial.jar" />
    <property name="timeout" value="2400000" />
    <property name="test.batch" value="**/junit/*.java" />
    <property name="env._" value="/usr/bin/timeout" />
    <property name="java.io.tmpdir" value="/tmp" />
    <property name="user.language" value="en" />
    <property name="env.TRAVIS_INTERNAL_RUBY_REGEX" value="^ruby-(2\.[0-4]\.[0-9]|1\.9\.3)" />
    <property name="env.HISTCONTROL" value="ignoredups:ignorespace" />
    <property name="env.GOROOT" value="/home/travis/.gimme/versions/go1.11.1.linux.amd64" />
    <property name="line.separator" value="&#xa;" />
    <property name="target" value="11" />
    <property name="env.TRAVIS_BUILD_DIR" value="/home/travis/build/icyphy/ptII" />
    <property name="env.ANT_OPTS" value="-Xmx2048m" />
    <property name="ant.file.type" value="file" />
    <property name="ptolemy.ptII.batchMode" value="true" />
    <property name="env.HISTSIZE" value="1000" />
    <property name="env.MERB_ENV" value="test" />
    <property name="java.vm.info" value="mixed mode" />
    <property name="source" value="11" />
    <property name="java.vm.specification.name" value="Java Virtual Machine Specification" />
    <property name="env.TRAVIS_TEST_RESULT" value="0" />
    <property name="jsdoc.command" value="node_modules/@terraswarm/jsdoc/jsdoc.js" />
    <property name="npm.works" value="true" />
    <property name="cobertura.dir" value="/home/travis/build/icyphy/ptII/vendors/cobertura-2.0.3" />
    <property name="jsdoc.command.exists" value="true" />
    <property name="env.rvm_path" value="/home/travis/.rvm" />
    <property name="env.GEM_PATH" value="/home/travis/.rvm/gems/ruby-2.5.3:/home/travis/.rvm/gems/ruby-2.5.3@global" />
    <property name="env.LC_CTYPE" value="en_US.UTF-8" />
    <property name="env.TRAVIS_CMD" value="$PTII/bin/ptIITravisBuild.sh $SECONDS" />
    <property name="java.awt.printerjob" value="sun.print.PSPrinterJob" />
    <property name="env.TRAVIS_STACK_NAME" value="sardonyx" />
    <property name="env.TRAVIS_TIMER_START_TIME" value="1602589964904674608" />
    <property name="ant.version" value="Apache Ant(TM) version 1.10.1 compiled on February 2 2017" />
    <property name="ptII.reports" value="/home/travis/build/icyphy/ptII/reports" />
    <property name="env.TRAVIS_STACK_TIMESTAMP" value="2020-06-24 13:13:18 UTC" />
    <property name="ant.file.type.ptII" value="file" />
    <property name="env.RBENV_SHELL" value="bash" />
    <property name="os.name" value="Linux" />
    <property name="java.specification.vendor" value="Oracle Corporation" />
    <property name="env.rvm_version" value="1.29.10 (latest)" />
    <property name="env.TRAVIS_INFRA" value="unknown" />
    <property name="env.TERM" value="xterm" />
    <property name="java.vm.name" value="OpenJDK 64-Bit Server VM" />
    <property name="env.TRAVIS_BUILD_NUMBER" value="1795" />
    <property name="env.CI" value="true" />
    <property name="java.library.path" value="/home/travis/pthla/certi-tools/lib:/usr/lib/jni:/usr/local/share/OpenCV/java/:/usr/share/OpenCV/java::/usr/java/packages/lib:/usr/lib64:/lib64:/lib:/usr/lib" />
    <property name="jdk.module.path" value="/home/travis/build/icyphy/ptII/vendors/javafx/javafx-sdk-11.0.2/lib:" />
    <property name="env.rvm_prefix" value="/home/travis" />
    <property name="env.PATH" value="/home/travis/pthla/certi-tools/share/scripts:/home/travis/.rvm/gems/ruby-2.5.3/bin:/home/travis/.rvm/gems/ruby-2.5.3@global/bin:/home/travis/.rvm/rubies/ruby-2.5.3/bin:/home/travis/.rvm/bin:/home/travis/.nvm/versions/node/v7.10.1/bin:./node_modules/.bin:/home/travis/build/icyphy/ptII/bin:/home/travis/pthla/certi-tools/bin:/home/travis/bin:/home/travis/.local/bin:/usr/local/lib/jvm/openjdk11/bin:/opt/pyenv/shims:/home/travis/.phpenv/shims:/home/travis/perl5/perlbrew/bin:/home/travis/gopath/bin:/home/travis/.gimme/versions/go1.11.1.linux.amd64/bin:/usr/local/maven-3.6.3/bin:/usr/local/cmake-3.12.4/bin:/usr/local/clang-7.0.0/bin:/usr/local/sbin:/usr/local/bin:/usr/sbin:/usr/bin:/sbin:/bin:/snap/bin:/home/travis/.phpenv/bin:/opt/pyenv/bin:/home/travis/.yarn/bin" />
    <property name="env.TRAVIS_OS_NAME" value="linux" />
    <property name="ant.java.version" value="9" />
    <property name="basedir" value="/home/travis/build/icyphy/ptII" />
    <property name="java.class.version" value="55.0" />
    <property name="env.SHLVL" value="3" />
    <property name="env.LD_LIBRARY_PATH" value="/home/travis/pthla/certi-tools/lib:/usr/lib/jni:/usr/local/share/OpenCV/java/:/usr/share/OpenCV/java:" />
    <property name="env.RACK_ENV" value="test" />
    <property name="ant.home" value="/home/travis/build/icyphy/ptII/ant" />
    <property name="env.NVM_DIR" value="/home/travis/.nvm" />
    <property name="env.CERTI_FOM_PATH" value="/home/travis/pthla/certi-tools/share/federations" />
    <property name="env.TRAVIS_BUILD_ID" value="189694658" />
    <property name="env.PYENV_ROOT" value="/opt/pyenv" />
    <property name="env.TRAVIS_UID" value="2000" />
    <property name="prism.verbose" value="true" />
    <property name="env.NVM_BIN" value="/home/travis/.nvm/versions/node/v7.10.1/bin" />
    <property name="env.TRAVIS_COMMIT" value="c82bfed2216076ccc1caf22367304b6e85a1ea23" />
    <property name="node.executable" value="node" />
    <property name="sun.boot.library.path" value="/usr/local/lib/jvm/openjdk11/lib" />
    <property name="sun.management.compiler" value="HotSpot 64-Bit Tiered Compilers" />
    <property name="java.awt.graphicsenv" value="sun.awt.X11GraphicsEnvironment" />
    <property name="env.GOPATH" value="/home/travis/gopath" />
    <property name="ptolemy.ptII.dir" value="/home/travis/build/icyphy/ptII" />
    <property name="env.USER" value="travis" />
    <property name="env.HISTFILESIZE" value="2000" />
    <property name="env.NVM_INC" value="/home/travis/.nvm/versions/node/v7.10.1/include/node" />
    <property name="timeout.longest" value="19000000" />
    <property name="env.PERLBREW_SHELLRC_VERSION" value="0.88" />
    <property name="env.TRAVIS_STACK_FEATURES" value="basic couchdb disabled-ipv6 docker docker-compose elasticsearch firefox go-toolchain google-chrome jdk memcached mongodb mysql nodejs_interpreter perl_interpreter perlbrew phantomjs postgresql python_interpreter redis ruby_interpreter sqlite xserver" />
    <property name="env.TRAVIS_PULL_REQUEST" value="false" />
    <property name="env.PYENV_SHELL" value="bash" />
    <property name="ant.project.name" value="ptII" />
    <property name="env.ANSI_RESET" value="\033[0m" />
    <property name="java.vm.specification.version" value="11" />
    <property name="env.TRAVIS_DIST" value="xenial" />
    <property name="env.CERTI_VERSION" value="4.0.0" />
    <property name="env.CERTI_HOST" value="localhost" />
    <property name="awt.toolkit" value="sun.awt.X11.XToolkit" />
    <property name="env.MY_RUBY_HOME" value="/home/travis/.rvm/rubies/ruby-2.5.3" />
    <property name="sun.cpu.isalist" value="" />
    <property name="env.TRAVIS_TMPDIR" value="/tmp/tmp.t9uiXbFyAh" />
    <property name="java.vm.compressedOopsMode" value="Zero based" />
    <property name="os.version" value="4.15.0-1077-gcp" />
    <property name="user.home" value="/home/travis" />
    <property name="java.vm.vendor" value="Oracle Corporation" />
    <property name="env.TRAVIS_TAG" value="nightly" />
    <property name="env.ANSI_YELLOW" value="\033[33;1m" />
    <property name="env.TRAVIS_FILTERED" value="redirect_io" />
    <property name="env.ANSI_GREEN" value="\033[32;1m" />
    <property name="env.JAVA_HOME" value="/usr/local/lib/jvm/openjdk11" />
    <property name="javadoc.excludepackagenames" value="adm.cvs2svn.*,build.*,config.*,doc.coding.templates.*,jni.test.jni.meaningOfLife.*,jni.test.jni.testDeux.*,jni.test.jni.testTrois.*,org.terraswarm.accessor.accessors.web.node_modules.*,org.terraswarm.accessor.accessors.web.hosts.cordova.demo.*,org.terraswarm.accessor.accessors.web.hosts.cordova.plugins.*,org.terraswarm.accessor.accessors-svn.*,pt-modules.*,ptolemy.apps.agilent.*,ptolemy.apps.anytimecontrol.*,ptolemy.apps.apes.*,ptolemy.apps.charon.*,ptolemy.apps.crazyboard.*,ptolemy.apps.eclipse.*,ptolemy.apps.etherealSting.*,ptolemy.apps.fullscreen.*,ptolemy.apps.giotto.*,ptolemy.apps.ia.*,ptolemy.apps.interfaces.*,ptolemy.apps.jmf.*,ptolemy.apps.kurt.*,ptolemy.apps.kvm.*,ptolemy.apps.lego.*,ptolemy.apps.lejos.*,ptolemy.apps.midp.*,ptolemy.apps.mobileCoding.*,ptolemy.apps.pendulum.*,ptolemy.apps.rijndael.*,ptolemy.apps.robot.*,ptolemy.apps.security.*,ptolemy.apps.sobel.*,ptolemy.apps.soot.*,ptolemy.apps.throttle.*,ptolemy.apps.tini.*,ptolemy.apps.transmission.*,ptolemy.apps.vergil.*,ptolemy.apps.waba.*,ptolemy.apps.websensor.*,ptolemy.apps.webstart.*,ptolemy.apps.xsl.*,ptolemy.apps.zaurus.*,ptolemy.codegen.c.actor.lib.oldJavaFiles.*,ptolemy.codegen.dsp.lib.*,ptolemy.codegen.kernel.newInterfaces.*,ptolemy.codegen.lib.*,ptolemy.copernicus.kernel.fragment.*,ptolemy.copernicus.shallow.cg.*,ptolemy.domains.giotto.demo.Hierarchy.Hierarchy.*,ptolemy.domains.giotto.demo.Multimode.Multimode.*,ptolemy.domains.giotto.demo.Simple.Simple.*,ptolemy.domains.gr.lib.experimental.*,ptolemy.domains.gro.*,ptolemy.domains.pdf.*,ptolemy.domains.ptinyos.demo.Surge.output.*,ptolemy.moml.test.NoPackageActor.java*,ptolemy.plot.adm.*,ptolemy.plot.servlet.*,reports.*,signed.*,src.*,target.*,vendors.*,ptolemy.copernicus.applet.*,ptolemy.media.viewer.*,ptolemy.actor.corba.*,doc.doclets.*,ptolemy.apps.eclipse.awt.*,ptolemy.backtrack.*,ptolemy.backtrack.ast.*,ptolemy.cg.adapter.generic.program.procedural.c.mbed*,ptolemy.homer.*,ptolemy.actor.lib.jai.*,org.ptolemy.scala.*,diva.util.java2d.svg.*,ptolemy.domains.ptinyos.*,ptolemy.actor.lib.fmi.fmipp.*,,org.terraswarm.accessor.accessors.web.node_modules.*,org.terraswarm.accessor.accessors-svn,ptolemy.apps.*,ptolemy.actor.ptalon.demo.ptinyos.SendAndReceiveCnt.output,ptolemy.actor.ptalon.demo.ptinyos.SenseToLeds.output,ptolemy.domains.ptinyos.demo.CntToLedsAndRfm.output,ptolemy.domains.ptinyos.demo.RfmToLeds.output,ptolemy.domains.ptinyos.demo.SendAndReceiveCnt.output,ptolemy.domains.ptinyos.demo.SenseToLeds.output,ptolemy.actor.lib.jjs.modules.udpSocket.*" />
    <property name="env.PTII" value="/home/travis/build/icyphy/ptII" />
    <property name="env.XDG_SESSION_ID" value="2" />
    <property name="keystore" value="ptKeystore" />
    <property name="env.TRAVIS_COMMIT_MESSAGE" value="Bump junit from 4.8.2 to 4.13.1&#xa;&#xa;Bumps [junit](https://github.com/junit-team/junit4) from 4.8.2 to 4.13.1.&#xa;- [Release notes](https://github.com/junit-team/junit4/releases)&#xa;- [Changelog](https://github.com/junit-team/junit4/blob/main/doc/ReleaseNotes4.13.1.md)&#xa;- [Commits](https://github.com/junit-team/junit4/compare/r4.8.2...r4.13.1)&#xa;&#xa;Signed-off-by: dependabot[bot] &lt;support@github.com&gt;" />
    <property name="junit.output.dir" value="/home/travis/build/icyphy/ptII/reports/junit" />
    <property name="npm.return.code" value="0" />
    <property name="user.dir" value="/home/travis/build/icyphy/ptII/ptolemy/domains/de/test" />
    <property name="env.TRAVIS_NODE_VERSION" value="7" />
    <property name="env.TRAVIS_EVENT_TYPE" value="push" />
    <property name="env.MAIL" value="/var/mail/travis" />
    <property name="env.PERLBREW_ROOT" value="/home/travis/perl5/perlbrew" />
    <property name="env.PWD" value="/home/travis/build/icyphy/ptII" />
    <property name="timeout.npm" value="45000" />
    <property name="env.PT_TRAVIS_TEST_CORE2_XML" value="true" />
    <property name="env.TRAVIS_ARCH" value="amd64" />
    <property name="sun.cpu.endian" value="little" />
    <property name="env.PAGER" value="cat" />
    <property name="env.TRAVIS_BUILD_STAGE_NAME" value="test" />
    <property name="env.PERLBREW_HOME" value="/home/travis/.perlbrew" />
    <property name="java.vm.version" value="11.0.2+9" />
    <property name="env.RAILS_ENV" value="test" />
    <property name="java.class.path" value="/home/travis/build/icyphy/ptII:/home/travis/build/icyphy/ptII/lib/bsh-2.0b4.jar:/home/travis/build/icyphy/ptII/lib/ptCal.jar:/home/travis/build/icyphy/ptII/lib/java_cup.jar:/home/travis/build/icyphy/ptII/lib/saxon8.jar:/home/travis/build/icyphy/ptII/lib/saxon8-dom.jar:/home/travis/build/icyphy/ptII/lib/chic.jar:/home/travis/build/icyphy/ptII/lib/ptcolt.jar:/home/travis/build/icyphy/ptII/vendors/misc/itext/iText.jar:/home/travis/build/icyphy/ptII/lib/g4ltl.jar:/home/travis/build/icyphy/ptII/lib/StructuralCoder.jar:/home/travis/build/icyphy/ptII/lib/jcerti.jar:/home/travis/build/icyphy/ptII/lib/javax.mail.jar:/home/travis/build/icyphy/ptII/vendors/JMF-2.1.1e/lib/jmf.jar:/home/travis/build/icyphy/ptII/lib/jna-4.0.0-variadic.jar:/home/travis/build/icyphy/ptII/vendors/misc/joystick/Joystick.jar:/home/travis/build/icyphy/ptII/lib/ptjacl.jar:/home/travis/build/icyphy/ptII/lib/jsoup-1.8.2.jar:/home/travis/build/icyphy/ptII/lib/junit-4.8.2.jar:/home/travis/build/icyphy/ptII/lib/JUnitParams-0.4.0.jar:/home/travis/build/icyphy/ptII/ptolemy/actor/lib/excel/jxl.jar:/home/travis/build/icyphy/ptII/lib/jython.jar:/home/travis/build/icyphy/ptII/lib/kieler.jar:/home/travis/build/icyphy/ptII/vendors/opencv/share/OpenCV/java/opencv-341.jar:/home/travis/build/icyphy/ptII/lib/oscP5.jar:/home/travis/build/icyphy/ptII/lib/nrjavaserial-3.11.0.devel.jar:/home/travis/build/icyphy/ptII/vendors/j3d/lib/Linux/j3dcore.jar:/home/travis/build/icyphy/ptII/vendors/j3d/lib/Linux/j3dutils.jar:/home/travis/build/icyphy/ptII/vendors/j3d/lib/Linux/vecmath.jar:/home/travis/build/icyphy/ptII/vendors/jogl/lib/Linux/gluegen-rt-natives-linux-amd64.jar:/home/travis/build/icyphy/ptII/vendors/jogl/lib/Linux/gluegen-rt.jar:/home/travis/build/icyphy/ptII/vendors/jogl/lib/Linux/jogl-all-natives-linux-amd64.jar:/home/travis/build/icyphy/ptII/vendors/jogl/lib/Linux/jogl-all.jar:/home/travis/build/icyphy/ptII/ptolemy/distributed/jini/jar/jini-core.jar:/home/travis/build/icyphy/ptII/ptolemy/distributed/jini/jar/jini-ext.jar:/home/travis/build/icyphy/ptII/ptolemy/distributed/jini/jar/sun-util.jar:/home/travis/build/icyphy/ptII/lib/protobuf-java-2.4.1.jar:/home/travis/build/icyphy/ptII/lib/org.eclipse.paho.client.mqttv3.jar:/home/travis/build/icyphy/ptII/lib/mapss.jar:/home/travis/build/icyphy/ptII/ptolemy/actor/ptalon/antlr/antlr.jar:/home/travis/build/icyphy/ptII/lib/JRI.jar:/home/travis/build/icyphy/ptII/lib/commons-lang-2.6.jar:/home/travis/build/icyphy/ptII/lib/commons-logging-1.1.1.jar:/home/travis/build/icyphy/ptII/lib/sootclasses.jar:/home/travis/build/icyphy/ptII/ptolemy/actor/lib/database/mysql-connector-java-5.1.6-bin.jar:/home/travis/build/icyphy/ptII/vendors/misc/sphinx4/sphinx4-data-5prealpha.jar:/home/travis/build/icyphy/ptII/vendors/misc/sphinx4/sphinx4-core-5prealpha.jar:/home/travis/build/icyphy/ptII/lib/PDFRenderer.jar:/home/travis/build/icyphy/ptII/lib/svgSalamander.jar:/home/travis/build/icyphy/ptII/lib/rsyntaxtextarea-2.6.0-SNAPSHOT.jar:/home/travis/build/icyphy/ptII/lib/hazelcast-3.8.2.jar:/home/travis/build/icyphy/ptII/lib/jackson-annotations-2.9.0.jar:/home/travis/build/icyphy/ptII/lib/jackson-core-2.9.3.jar:/home/travis/build/icyphy/ptII/lib/jackson-databind-2.9.3.jar:/home/travis/build/icyphy/ptII/lib/netty-buffer-4.1.19.Final.jar:/home/travis/build/icyphy/ptII/lib/netty-codec-4.1.19.Final.jar:/home/travis/build/icyphy/ptII/lib/netty-codec-dns-4.1.19.Final.jar:/home/travis/build/icyphy/ptII/lib/netty-codec-http-4.1.19.Final.jar:/home/travis/build/icyphy/ptII/lib/netty-codec-http2-4.1.19.Final.jar:/home/travis/build/icyphy/ptII/lib/netty-common-4.1.19.Final.jar:/home/travis/build/icyphy/ptII/lib/netty-handler-4.1.19.Final.jar:/home/travis/build/icyphy/ptII/lib/netty-resolver-4.1.19.Final.jar:/home/travis/build/icyphy/ptII/lib/netty-resolver-dns-4.1.19.Final.jar:/home/travis/build/icyphy/ptII/lib/netty-transport-4.1.19.Final.jar:/home/travis/build/icyphy/ptII/lib/vertx-codegen-3.5.1.jar:/home/travis/build/icyphy/ptII/lib/vertx-core-3.5.2-SNAPSHOT.jar:/home/travis/build/icyphy/ptII/lib/vertx-hazelcast-3.5.1.jar:/home/travis/build/icyphy/ptII/lib/vertx-lang-js-3.5.1.jar:/home/travis/build/icyphy/ptII/lib/vertx-service-proxy-3.5.1.jar:/home/travis/build/icyphy/ptII/lib/vertx-web-3.5.1.jar:/home/travis/build/icyphy/ptII/lib/slf4j-api-1.7.13.jar:/home/travis/build/icyphy/ptII/lib/slf4j-simple-1.7.13.jar:/home/travis/build/icyphy/ptII/lib/webcam-capture-0.3.12.jar:/home/travis/build/icyphy/ptII/lib/bridj-0.7.0.jar:/home/travis/build/icyphy/ptII/lib/xbjlib-1.1.0.nrjavaserial.jar:/home/travis/build/icyphy/ptII/ptolemy/moml/test:/home/travis/build/icyphy/ptII/ant/lib/ant-launcher.jar:/home/travis/build/icyphy/ptII/ant/lib/ant.jar:/home/travis/build/icyphy/ptII/ant/lib/ant-junit.jar:/home/travis/build/icyphy/ptII/ant/lib/ant-junit4.jar" />
    <property name="ant.library.dir" value="/home/travis/build/icyphy/ptII/ant/lib" />
    <property name="os.arch" value="amd64" />
    <property name="env.CONTINUOUS_INTEGRATION" value="true" />
    <property name="env.TRAVIS_LANGUAGE" value="node_js" />
    <property name="env.TRAVIS_STACK_LANGUAGES" value="__sardonyx__ c c++ clojure cplusplus cpp default generic go groovy java node_js php pure_java python ruby scala" />
    <property name="test.name" value="ptolemy.actor.lib.test.junit.JUnitTclTest" />
    <property name="env.APT_KEY_DONT_WARN_ON_DANGEROUS_USAGE" value="1" />
    <property name="sun.java.launcher" value="SUN_STANDARD" />
    <property name="env.PYTHON_CONFIGURE_OPTS" value="--enable-unicode=ucs4 --with-wide-unicode --enable-shared --enable-ipv6 --enable-loadable-sqlite-extensions --with-computed-gotos" />
    <property name="ant.core.lib" value="/home/travis/build/icyphy/ptII/ant/lib/ant.jar" />
    <property name="java.vm.specification.vendor" value="Oracle Corporation" />
    <property name="env.BCVTB_HOME" value="/home/travis/build/icyphy/ptII/lbnl" />
    <property name="file.separator" value="/" />
    <property name="spotbugs.home" value="/home/travis/build/icyphy/ptII/vendors/spotbugs-3.1.1" />
    <property name="java.runtime.version" value="11.0.2+9" />
    <property name="javafx.verbose" value="true" />
    <property name="env.ANSI_CLEAR" value="\033[0K" />
    <property name="env.HAS_JOSH_K_SEAL_OF_APPROVAL" value="true" />
    <property name="env.XDG_RUNTIME_DIR" value="/run/user/2000" />
    <property name="env.TRAVIS_OSX_IMAGE" value="" />
    <property name="env.TRAVIS_JOB_ID" value="398786572" />
    <property name="env.TRAVIS_BRANCH" value="dependabot/maven/junit-junit-4.13.1" />
    <property name="user.country" value="US" />
    <property name="env.CERTI_HOME_TRAVIS" value="/home/travis/pthla/certi-tools" />
    <property name="env.SHELL" value="/bin/bash" />
    <property name="java.maxmemory.large" value="3200m" />
    <property name="model" value="" />
    <property name="env.CASHER_DIR" value="/home/travis/.casher" />
    <property name="env.NVM_CD_FLAGS" value="" />
    <property name="java.vendor.version" value="18.9" />
    <property name="jshint.executable" value="/home/travis/node_modules/jshint/bin/jshint" />
    <property name="env.JRUBY_OPTS" value=" --client -J-XX:+TieredCompilation -J-XX:TieredStopAtLevel=1 -J-Xss2m -Xcompile.invokedynamic=false" />
    <property name="java.vendor" value="Oracle Corporation" />
    <property name="env.TRAVIS_PRE_CHEF_BOOTSTRAP_TIME" value="2020-06-24T13:13:03" />
    <property name="env.TRAVIS_STACK_JOB_BOARD_REGISTER" value="/.job-board-register.yml" />
    <property name="env.ANSI_RED" value="\033[31;1m" />
    <property name="java.specification.version" value="11" />
    <property name="env.IRBRC" value="/home/travis/.rvm/rubies/ruby-2.5.3/.irbrc" />
    <property name="env.TRAVIS" value="true" />
    <property name="sun.arch.data.model" value="64" />
  </properties>
  <testcase classname="ptolemy.util.test.junit.TclTests" name="[0] /home/travis/build/icyphy/ptII/ptolemy/domains/de/test/DependencyLoop.tcl (RunTclFile)" time="0.96" />
  <testcase classname="ptolemy.util.test.junit.TclTests" name="[1] /home/travis/build/icyphy/ptII/ptolemy/domains/de/test/RunDETestsAsQSS.tcl (RunTclFile)" time="86.795" />
  <testcase classname="ptolemy.util.test.junit.AutoKnownFailedTests" name="[0] /home/travis/build/icyphy/ptII/ptolemy/domains/de/test/auto/knownFailedTests/DESDFClockTest.xml (RunModel)" time="2.057" />
  <testcase classname="ptolemy.util.test.junit.AutoKnownFailedTests" name="[1] /home/travis/build/icyphy/ptII/ptolemy/domains/de/test/auto/knownFailedTests/DirectFeedback.xml (RunModel)" time="0.028" />
  <testcase classname="ptolemy.util.test.junit.AutoKnownFailedTests" name="[2] /home/travis/build/icyphy/ptII/ptolemy/domains/de/test/auto/knownFailedTests/FSMSource.xml (RunModel)" time="0.025" />
  <testcase classname="ptolemy.util.test.junit.AutoKnownFailedTests" name="[3] /home/travis/build/icyphy/ptII/ptolemy/domains/de/test/auto/knownFailedTests/HierarchicalModel.xml (RunModel)" time="0.056" />
  <testcase classname="ptolemy.util.test.junit.AutoKnownFailedTests" name="[4] /home/travis/build/icyphy/ptII/ptolemy/domains/de/test/auto/knownFailedTests/dependencyLoop.xml (RunModel)" time="0.042" />
  <testcase classname="ptolemy.util.test.junit.AutoKnownFailedTests" name="[5] /home/travis/build/icyphy/ptII/ptolemy/domains/de/test/auto/knownFailedTests/dependencyLoop2.xml (RunModel)" time="0.039" />
  <testcase classname="ptolemy.util.test.junit.AutoNameArchTests" name="[0] ThereAreNoAutoArchTests (RunModel)" time="0.001" />
  <testcase classname="ptolemy.util.test.junit.AutoTests" name="[0] /home/travis/build/icyphy/ptII/ptolemy/domains/de/test/auto/ActorDepthCalculation_actorWithoutPorts.xml (RunModel)" time="0.025" />
  <testcase classname="ptolemy.util.test.junit.AutoTests" name="[1] /home/travis/build/icyphy/ptII/ptolemy/domains/de/test/auto/AssemblyLine.xml (RunModel)" time="0.022" />
  <testcase classname="ptolemy.util.test.junit.AutoTests" name="[2] /home/travis/build/icyphy/ptII/ptolemy/domains/de/test/auto/CQBug1.xml (RunModel)" time="0.007" />
  <testcase classname="ptolemy.util.test.junit.AutoTests" name="[3] /home/travis/build/icyphy/ptII/ptolemy/domains/de/test/auto/CancelFireAt.xml (RunModel)" time="0.014" />
  <testcase classname="ptolemy.util.test.junit.AutoTests" name="[4] /home/travis/build/icyphy/ptII/ptolemy/domains/de/test/auto/CausalityAndComposabilityAnalysis.xml (RunModel)" time="0.016" />
  <testcase classname="ptolemy.util.test.junit.AutoTests" name="[5] /home/travis/build/icyphy/ptII/ptolemy/domains/de/test/auto/CausalityInterface1.xml (RunModel)" time="0.012" />
  <testcase classname="ptolemy.util.test.junit.AutoTests" name="[6] /home/travis/build/icyphy/ptII/ptolemy/domains/de/test/auto/CausalityInterface15.xml (RunModel)" time="0.025" />
  <testcase classname="ptolemy.util.test.junit.AutoTests" name="[7] /home/travis/build/icyphy/ptII/ptolemy/domains/de/test/auto/CausalityInterface2.xml (RunModel)" time="0.015" />
  <testcase classname="ptolemy.util.test.junit.AutoTests" name="[8] /home/travis/build/icyphy/ptII/ptolemy/domains/de/test/auto/CausalityInterface3.xml (RunModel)" time="0.012" />
  <testcase classname="ptolemy.util.test.junit.AutoTests" name="[9] /home/travis/build/icyphy/ptII/ptolemy/domains/de/test/auto/ClockDrift.xml (RunModel)" time="0.041" />
  <testcase classname="ptolemy.util.test.junit.AutoTests" name="[10] /home/travis/build/icyphy/ptII/ptolemy/domains/de/test/auto/ClockDriftAndValueChange.xml (RunModel)" time="0.029" />
  <testcase classname="ptolemy.util.test.junit.AutoTests" name="[11] /home/travis/build/icyphy/ptII/ptolemy/domains/de/test/auto/ClockDriftChange.xml (RunModel)" time="0.032" />
  <testcase classname="ptolemy.util.test.junit.AutoTests" name="[12] /home/travis/build/icyphy/ptII/ptolemy/domains/de/test/auto/ComposableCausalityAnalysis.xml (RunModel)" time="0.012" />
  <testcase classname="ptolemy.util.test.junit.AutoTests" name="[13] /home/travis/build/icyphy/ptII/ptolemy/domains/de/test/auto/DEFixedPointLimitation.xml (RunModel)" time="0.008" />
  <testcase classname="ptolemy.util.test.junit.AutoTests" name="[14] /home/travis/build/icyphy/ptII/ptolemy/domains/de/test/auto/DEScheduleTest.xml (RunModel)" time="0.014" />
  <testcase classname="ptolemy.util.test.junit.AutoTests" name="[15] /home/travis/build/icyphy/ptII/ptolemy/domains/de/test/auto/DEinDEwithStartTimes.xml (RunModel)" time="0.014" />
  <testcase classname="ptolemy.util.test.junit.AutoTests" name="[16] /home/travis/build/icyphy/ptII/ptolemy/domains/de/test/auto/DEinDEwithStartTimes2.xml (RunModel)" time="0.018" />
  <testcase classname="ptolemy.util.test.junit.AutoTests" name="[17] /home/travis/build/icyphy/ptII/ptolemy/domains/de/test/auto/DateDemo.xml (RunModel)" time="0.032" />
  <testcase classname="ptolemy.util.test.junit.AutoTests" name="[18] /home/travis/build/icyphy/ptII/ptolemy/domains/de/test/auto/DateToEvent.xml (RunModel)" time="2.039" />
  <testcase classname="ptolemy.util.test.junit.AutoTests" name="[19] /home/travis/build/icyphy/ptII/ptolemy/domains/de/test/auto/DepthTest1.xml (RunModel)" time="0.01" />
  <testcase classname="ptolemy.util.test.junit.AutoTests" name="[20] /home/travis/build/icyphy/ptII/ptolemy/domains/de/test/auto/DepthTest2.xml (RunModel)" time="0.023" />
  <testcase classname="ptolemy.util.test.junit.AutoTests" name="[21] /home/travis/build/icyphy/ptII/ptolemy/domains/de/test/auto/DepthTest3.xml (RunModel)" time="0.009" />
  <testcase classname="ptolemy.util.test.junit.AutoTests" name="[22] /home/travis/build/icyphy/ptII/ptolemy/domains/de/test/auto/DepthTest4.xml (RunModel)" time="0.02" />
  <testcase classname="ptolemy.util.test.junit.AutoTests" name="[23] /home/travis/build/icyphy/ptII/ptolemy/domains/de/test/auto/DepthTest5.xml (RunModel)" time="0.013" />
  <testcase classname="ptolemy.util.test.junit.AutoTests" name="[24] /home/travis/build/icyphy/ptII/ptolemy/domains/de/test/auto/DepthTest6.xml (RunModel)" time="0.015" />
  <testcase classname="ptolemy.util.test.junit.AutoTests" name="[25] /home/travis/build/icyphy/ptII/ptolemy/domains/de/test/auto/DepthTest7.xml (RunModel)" time="0.015" />
  <testcase classname="ptolemy.util.test.junit.AutoTests" name="[26] /home/travis/build/icyphy/ptII/ptolemy/domains/de/test/auto/EventToDate.xml (RunModel)" time="3.037" />
  <testcase classname="ptolemy.util.test.junit.AutoTests" name="[27] /home/travis/build/icyphy/ptII/ptolemy/domains/de/test/auto/FSM1.xml (RunModel)" time="0.038" />
  <testcase classname="ptolemy.util.test.junit.AutoTests" name="[28] /home/travis/build/icyphy/ptII/ptolemy/domains/de/test/auto/FSM7.xml (RunModel)" time="0.037" />
  <testcase classname="ptolemy.util.test.junit.AutoTests" name="[29] /home/travis/build/icyphy/ptII/ptolemy/domains/de/test/auto/Inspection.xml (RunModel)" time="0.035" />
  <testcase classname="ptolemy.util.test.junit.AutoTests" name="[30] /home/travis/build/icyphy/ptII/ptolemy/domains/de/test/auto/Iteration.xml (RunModel)" time="0.026" />
  <testcase classname="ptolemy.util.test.junit.AutoTests" name="[31] /home/travis/build/icyphy/ptII/ptolemy/domains/de/test/auto/LineFault.xml (RunModel)" time="0.531" />
  <testcase classname="ptolemy.util.test.junit.AutoTests" name="[32] /home/travis/build/icyphy/ptII/ptolemy/domains/de/test/auto/MergeModel1Add.xml (RunModel)" time="0.041" />
  <testcase classname="ptolemy.util.test.junit.AutoTests" name="[33] /home/travis/build/icyphy/ptII/ptolemy/domains/de/test/auto/MergeModel2Add.xml (RunModel)" time="0.033" />
  <testcase classname="ptolemy.util.test.junit.AutoTests" name="[34] /home/travis/build/icyphy/ptII/ptolemy/domains/de/test/auto/MergeModel3Add.xml (RunModel)" time="0.042" />
  <testcase classname="ptolemy.util.test.junit.AutoTests" name="[35] /home/travis/build/icyphy/ptII/ptolemy/domains/de/test/auto/MergeWithoutDiscard.xml (RunModel)" time="0.015" />
  <testcase classname="ptolemy.util.test.junit.AutoTests" name="[36] /home/travis/build/icyphy/ptII/ptolemy/domains/de/test/auto/Modal1.xml (RunModel)" time="0.031" />
  <testcase classname="ptolemy.util.test.junit.AutoTests" name="[37] /home/travis/build/icyphy/ptII/ptolemy/domains/de/test/auto/Modal2.xml (RunModel)" time="0.026" />
  <testcase classname="ptolemy.util.test.junit.AutoTests" name="[38] /home/travis/build/icyphy/ptII/ptolemy/domains/de/test/auto/Modal3.xml (RunModel)" time="0.025" />
  <testcase classname="ptolemy.util.test.junit.AutoTests" name="[39] /home/travis/build/icyphy/ptII/ptolemy/domains/de/test/auto/Modal4.xml (RunModel)" time="0.03" />
  <testcase classname="ptolemy.util.test.junit.AutoTests" name="[40] /home/travis/build/icyphy/ptII/ptolemy/domains/de/test/auto/Modal5.xml (RunModel)" time="0.034" />
  <testcase classname="ptolemy.util.test.junit.AutoTests" name="[41] /home/travis/build/icyphy/ptII/ptolemy/domains/de/test/auto/Modal6.xml (RunModel)" time="0.029" />
  <testcase classname="ptolemy.util.test.junit.AutoTests" name="[42] /home/travis/build/icyphy/ptII/ptolemy/domains/de/test/auto/Modal7.xml (RunModel)" time="0.028" />
  <testcase classname="ptolemy.util.test.junit.AutoTests" name="[43] /home/travis/build/icyphy/ptII/ptolemy/domains/de/test/auto/ModalModel.xml (RunModel)" time="0.161" />
  <testcase classname="ptolemy.util.test.junit.AutoTests" name="[44] /home/travis/build/icyphy/ptII/ptolemy/domains/de/test/auto/ModalSource.xml (RunModel)" time="0.028" />
  <testcase classname="ptolemy.util.test.junit.AutoTests" name="[45] /home/travis/build/icyphy/ptII/ptolemy/domains/de/test/auto/NonInterruptibleTimerZeroDelay.xml (RunModel)" time="0.012" />
  <testcase classname="ptolemy.util.test.junit.AutoTests" name="[46] /home/travis/build/icyphy/ptII/ptolemy/domains/de/test/auto/OpenQueueingNetwork.xml (RunModel)" time="1.995" />
  <testcase classname="ptolemy.util.test.junit.AutoTests" name="[47] /home/travis/build/icyphy/ptII/ptolemy/domains/de/test/auto/OpenQueuingNetwork.xml (RunModel)" time="0.262" />
  <testcase classname="ptolemy.util.test.junit.AutoTests" name="[48] /home/travis/build/icyphy/ptII/ptolemy/domains/de/test/auto/PeriodicSampler.xml (RunModel)" time="0.014" />
  <testcase classname="ptolemy.util.test.junit.AutoTests" name="[49] /home/travis/build/icyphy/ptII/ptolemy/domains/de/test/auto/PersistentIO.xml (RunModel)" time="0.022" />
  <testcase classname="ptolemy.util.test.junit.AutoTests" name="[50] /home/travis/build/icyphy/ptII/ptolemy/domains/de/test/auto/PortParameterResetOnInitialize.xml (RunModel)" time="0.009" />
  <testcase classname="ptolemy.util.test.junit.AutoTests" name="[51] /home/travis/build/icyphy/ptII/ptolemy/domains/de/test/auto/PortParameterUpdates.xml (RunModel)" time="0.032" />
  <testcase classname="ptolemy.util.test.junit.AutoTests" name="[52] /home/travis/build/icyphy/ptII/ptolemy/domains/de/test/auto/QueueAndServer.xml (RunModel)" time="0.019" />
  <testcase classname="ptolemy.util.test.junit.AutoTests" name="[53] /home/travis/build/icyphy/ptII/ptolemy/domains/de/test/auto/Records.xml (RunModel)" time="0.021" />
  <testcase classname="ptolemy.util.test.junit.AutoTests" name="[54] /home/travis/build/icyphy/ptII/ptolemy/domains/de/test/auto/ResetTransitionWithStartTime1.xml (RunModel)" time="0.025" />
  <testcase classname="ptolemy.util.test.junit.AutoTests" name="[55] /home/travis/build/icyphy/ptII/ptolemy/domains/de/test/auto/ResetTransitionWithStartTime2.xml (RunModel)" time="0.022" />
  <testcase classname="ptolemy.util.test.junit.AutoTests" name="[56] /home/travis/build/icyphy/ptII/ptolemy/domains/de/test/auto/ResetTransitionWithStartTime3.xml (RunModel)" time="0.026" />
  <testcase classname="ptolemy.util.test.junit.AutoTests" name="[57] /home/travis/build/icyphy/ptII/ptolemy/domains/de/test/auto/ResetTransitionWithStartTime4.xml (RunModel)" time="0.018" />
  <testcase classname="ptolemy.util.test.junit.AutoTests" name="[58] /home/travis/build/icyphy/ptII/ptolemy/domains/de/test/auto/ResettableTimer1.xml (RunModel)" time="0.01" />
  <testcase classname="ptolemy.util.test.junit.AutoTests" name="[59] /home/travis/build/icyphy/ptII/ptolemy/domains/de/test/auto/ResettableTimer2.xml (RunModel)" time="0.009" />
  <testcase classname="ptolemy.util.test.junit.AutoTests" name="[60] /home/travis/build/icyphy/ptII/ptolemy/domains/de/test/auto/ResettableTimer3.xml (RunModel)" time="0.008" />
  <testcase classname="ptolemy.util.test.junit.AutoTests" name="[61] /home/travis/build/icyphy/ptII/ptolemy/domains/de/test/auto/ResettableTimer4.xml (RunModel)" time="0.009" />
  <testcase classname="ptolemy.util.test.junit.AutoTests" name="[62] /home/travis/build/icyphy/ptII/ptolemy/domains/de/test/auto/ResettableTimer5.xml (RunModel)" time="0.009" />
  <testcase classname="ptolemy.util.test.junit.AutoTests" name="[63] /home/travis/build/icyphy/ptII/ptolemy/domains/de/test/auto/ResettableTimer6.xml (RunModel)" time="0.013" />
  <testcase classname="ptolemy.util.test.junit.AutoTests" name="[64] /home/travis/build/icyphy/ptII/ptolemy/domains/de/test/auto/ServerZeroDelay.xml (RunModel)" time="0.008" />
  <testcase classname="ptolemy.util.test.junit.AutoTests" name="[65] /home/travis/build/icyphy/ptII/ptolemy/domains/de/test/auto/SmartSender.xml (RunModel)" time="3.007" />
  <testcase classname="ptolemy.util.test.junit.AutoTests" name="[66] /home/travis/build/icyphy/ptII/ptolemy/domains/de/test/auto/ThreadedComposite.xml (RunModel)" time="0.121" />
  <testcase classname="ptolemy.util.test.junit.AutoTests" name="[67] /home/travis/build/icyphy/ptII/ptolemy/domains/de/test/auto/Time.xml (RunModel)" time="0.364" />
  <testcase classname="ptolemy.util.test.junit.AutoTests" name="[68] /home/travis/build/icyphy/ptII/ptolemy/domains/de/test/auto/TimeDelayZeroDelay.xml (RunModel)" time="0.011" />
  <testcase classname="ptolemy.util.test.junit.AutoTests" name="[69] /home/travis/build/icyphy/ptII/ptolemy/domains/de/test/auto/TimerZeroDelay.xml (RunModel)" time="0.013" />
  <testcase classname="ptolemy.util.test.junit.AutoTests" name="[70] /home/travis/build/icyphy/ptII/ptolemy/domains/de/test/auto/TimingParadox.xml (RunModel)" time="0.316" />
  <testcase classname="ptolemy.util.test.junit.AutoTests" name="[71] /home/travis/build/icyphy/ptII/ptolemy/domains/de/test/auto/TransferInputs.xml (RunModel)" time="0.014" />
  <testcase classname="ptolemy.util.test.junit.AutoTests" name="[72] /home/travis/build/icyphy/ptII/ptolemy/domains/de/test/auto/TransferOutputs2.xml (RunModel)" time="0.013" />
  <testcase classname="ptolemy.util.test.junit.AutoTests" name="[73] /home/travis/build/icyphy/ptII/ptolemy/domains/de/test/auto/Trilateration.xml (RunModel)" time="10.042" />
  <testcase classname="ptolemy.util.test.junit.AutoTests" name="[74] /home/travis/build/icyphy/ptII/ptolemy/domains/de/test/auto/TwoSigmaDelta.xml (RunModel)" time="1.648" />
  <testcase classname="ptolemy.util.test.junit.AutoTests" name="[75] /home/travis/build/icyphy/ptII/ptolemy/domains/de/test/auto/VariableDelay.xml (RunModel)" time="0.012" />
  <testcase classname="ptolemy.util.test.junit.AutoTests" name="[76] /home/travis/build/icyphy/ptII/ptolemy/domains/de/test/auto/VariableDelay2.xml (RunModel)" time="0.008" />
  <testcase classname="ptolemy.util.test.junit.AutoTests" name="[77] /home/travis/build/icyphy/ptII/ptolemy/domains/de/test/auto/VariableDelayZeroDelay.xml (RunModel)" time="0.023" />
  <testcase classname="ptolemy.util.test.junit.AutoTests" name="[78] /home/travis/build/icyphy/ptII/ptolemy/domains/de/test/auto/VariableDelayZeroDelay2.xml (RunModel)" time="0.014" />
  <testcase classname="ptolemy.util.test.junit.AutoTests" name="[79] /home/travis/build/icyphy/ptII/ptolemy/domains/de/test/auto/deInCt.xml (RunModel)" time="0.012" />
  <testcase classname="ptolemy.util.test.junit.AutoTests" name="[80] /home/travis/build/icyphy/ptII/ptolemy/domains/de/test/auto/deInCt2.xml (RunModel)" time="0.014" />
  <testcase classname="ptolemy.util.test.junit.AutoTests" name="[81] /home/travis/build/icyphy/ptII/ptolemy/domains/de/test/auto/dynamicCausalityInterface1.xml (RunModel)" time="0.014" />
  <testcase classname="ptolemy.util.test.junit.AutoTests" name="[82] /home/travis/build/icyphy/ptII/ptolemy/domains/de/test/auto/fsm_de_test.xml (RunModel)" time="0.023" />
  <testcase classname="ptolemy.util.test.junit.AutoTests" name="[83] /home/travis/build/icyphy/ptII/ptolemy/domains/de/test/auto/functionDependencyReconstruction.xml (RunModel)" time="0.034" />
  <testcase classname="ptolemy.util.test.junit.AutoTests" name="[84] /home/travis/build/icyphy/ptII/ptolemy/domains/de/test/auto/multirate.xml (RunModel)" time="0.018" />
  <testcase classname="ptolemy.util.test.junit.AutoTests" name="[85] /home/travis/build/icyphy/ptII/ptolemy/domains/de/test/auto/multirate2.xml (RunModel)" time="0.015" />
  <testcase classname="ptolemy.util.test.junit.AutoTests" name="[86] /home/travis/build/icyphy/ptII/ptolemy/domains/de/test/auto/realtime.xml (RunModel)" time="10.009" />
  <testcase classname="ptolemy.util.test.junit.AutoTests" name="[87] /home/travis/build/icyphy/ptII/ptolemy/domains/de/test/auto/relationGroup.xml (RunModel)" time="0.012" />
  <testcase classname="ptolemy.util.test.junit.AutoTests" name="[88] /home/travis/build/icyphy/ptII/ptolemy/domains/de/test/auto/relationGroup2.xml (RunModel)" time="0.01" />
  <testcase classname="ptolemy.util.test.junit.AutoTests" name="[89] /home/travis/build/icyphy/ptII/ptolemy/domains/de/test/auto/sortWithOpaquePorts.xml (RunModel)" time="0.011" />
  <testcase classname="ptolemy.util.test.junit.AutoTests" name="[90] /home/travis/build/icyphy/ptII/ptolemy/domains/de/test/auto/transferInputsandOutputs.xml (RunModel)" time="0.018" />
  <testcase classname="ptolemy.util.test.junit.AutoTests" name="[91] /home/travis/build/icyphy/ptII/ptolemy/domains/de/test/auto/triggerType.xml (RunModel)" time="0.01" />
  <system-out><![CDATA[/home/travis/build/icyphy/ptII/ptolemy/domains/de/test/DependencyLoop.tcl
testDefs.tcl: setting time out to 9000 seconds at Tue Oct 13 11:55:55 UTC 2020
52 ms. Memory: 129024K Free: 78792K (61%)
32 ms. Memory: 129024K Free: 61384K (48%)
/home/travis/build/icyphy/ptII/ptolemy/domains/de/test/RunDETestsAsQSS.tcl
Run the DE tests using ptolemy.domains.qss.test.QSSDirectorTest, which extends QSSDirector and prints a message in the constructors.
------------------ testing $PTII/ptolemy/domains/de/test/auto/knownFailedTests/DirectFeedback.xml (Known Failure) 
41 ms. Memory: 129024K Free: 56264K (44%)


==== $PTIIhome/travis/build/icyphy/ptII/ptolemy/domains/de/test/../../../../: Auto Automatic test in file $PTII/ptolemy/domains/de/test/auto/knownFailedTests/DirectFeedback.xml
==== Contents of test case:

	    # FIXME: we should use $relativeFilename here, but it
	    # might have backslashes under Windows, which causes no end
	    # of trouble.
	    createAndExecute $file
	    list {}
	
.... Test generated KNOWN error:
    while executing
ptolemy.kernel.util.IllegalActionException: Test fails in iteration 1.
Value was: 1.0. Should have been: 2.0
  in .DirectFeedback.Test
	at ptolemy.actor.lib.Test.fire(Test.java:268)
	at ptolemy.domains.de.kernel.DEDirector._fire(DEDirector.java:1949)
	at ptolemy.domains.de.kernel.DEDirector.fire(DEDirector.java:502)
	at ptolemy.actor.CompositeActor.fire(CompositeActor.java:455)
	at ptolemy.actor.Manager.iterate(Manager.java:851)
	at ptolemy.actor.Manager.execute(Manager.java:369)
	at ptolemy.actor.Manager.run(Manager.java:1263)
	at ptolemy.actor.Manager$PtolemyRunThread.run(Manager.java:1933)

    while executing
ptolemy.kernel.util.IllegalActionException: Test fails in iteration 1.
Value was: 1.0. Should have been: 2.0
  in .DirectFeedback.Test
    while executing
"java::new ptolemy.moml.MoMLSimpleApplication $file
"
    (procedure "createAndExecute" line 2)
    invoked from within
"createAndExecute $file"
    ("uplevel" body line 5)
    invoked from within
"uplevel $contents_of_test"
------------------ testing $PTII/ptolemy/domains/de/test/auto/knownFailedTests/dependencyLoop.xml (Known Failure) 
11 ms. Memory: 129024K Free: 52678K (41%)


==== $PTIIhome/travis/build/icyphy/ptII/ptolemy/domains/de/test/../../../../: Auto Automatic test in file $PTII/ptolemy/domains/de/test/auto/knownFailedTests/dependencyLoop.xml
==== Contents of test case:

	    # FIXME: we should use $relativeFilename here, but it
	    # might have backslashes under Windows, which causes no end
	    # of trouble.
	    createAndExecute $file
	    list {}
	
.... Test generated KNOWN error:
    while executing
ptolemy.kernel.util.IllegalActionException: Found a zero delay loop containing .dependencyLoop.original
  in .dependencyLoop and .dependencyLoop.original
	at ptolemy.actor.util.CausalityInterfaceForComposites._computeOutputPortDepth(CausalityInterfaceForComposites.java:759)
	at ptolemy.actor.util.CausalityInterfaceForComposites._computeInputDepth(CausalityInterfaceForComposites.java:696)
	at ptolemy.actor.util.CausalityInterfaceForComposites._computeOutputPortDepth(CausalityInterfaceForComposites.java:765)
	at ptolemy.actor.util.CausalityInterfaceForComposites._computeInputDepth(CausalityInterfaceForComposites.java:696)
	at ptolemy.actor.util.CausalityInterfaceForComposites._computeOutputPortDepth(CausalityInterfaceForComposites.java:765)
	at ptolemy.actor.util.CausalityInterfaceForComposites._computeInputDepth(CausalityInterfaceForComposites.java:696)
	at ptolemy.actor.util.CausalityInterfaceForComposites._computeActorDepth(CausalityInterfaceForComposites.java:532)
	at ptolemy.actor.util.CausalityInterfaceForComposites.checkForCycles(CausalityInterfaceForComposites.java:96)
	at ptolemy.domains.de.kernel.DEDirector.preinitialize(DEDirector.java:1338)
	at ptolemy.actor.CompositeActor.preinitialize(CompositeActor.java:1828)
	at ptolemy.actor.Manager.preinitializeAndResolveTypes(Manager.java:1040)
	at ptolemy.actor.Manager.initialize(Manager.java:710)
	at ptolemy.actor.Manager.execute(Manager.java:356)
	at ptolemy.actor.Manager.run(Manager.java:1263)
	at ptolemy.actor.Manager$PtolemyRunThread.run(Manager.java:1933)

    while executing
ptolemy.kernel.util.IllegalActionException: Found a zero delay loop containing .dependencyLoop.original
  in .dependencyLoop and .dependencyLoop.original
    while executing
"java::new ptolemy.moml.MoMLSimpleApplication $file
"
    (procedure "createAndExecute" line 2)
    invoked from within
"createAndExecute $file"
    ("uplevel" body line 5)
    invoked from within
"uplevel $contents_of_test"
------------------ testing $PTII/ptolemy/domains/de/test/auto/knownFailedTests/FSMSource.xml (Known Failure) 
70 ms. Memory: 129024K Free: 110336K (86%)
!!!! Auto was marked as failing, but now passes
------------------ testing $PTII/ptolemy/domains/de/test/auto/knownFailedTests/HierarchicalModel.xml (Known Failure) 
6 ms. Memory: 129024K Free: 93269K (72%)


==== $PTIIhome/travis/build/icyphy/ptII/ptolemy/domains/de/test/../../../../: Auto Automatic test in file $PTII/ptolemy/domains/de/test/auto/knownFailedTests/HierarchicalModel.xml
==== Contents of test case:

	    # FIXME: we should use $relativeFilename here, but it
	    # might have backslashes under Windows, which causes no end
	    # of trouble.
	    createAndExecute $file
	    list {}
	
.... Test generated KNOWN error:
    while executing
ptolemy.kernel.util.IllegalActionException: Found a zero delay loop containing .HierarchicalModel.A
  in .HierarchicalModel and .HierarchicalModel.A
	at ptolemy.actor.util.CausalityInterfaceForComposites._computeOutputPortDepth(CausalityInterfaceForComposites.java:759)
	at ptolemy.actor.util.CausalityInterfaceForComposites._computeInputDepth(CausalityInterfaceForComposites.java:696)
	at ptolemy.actor.util.CausalityInterfaceForComposites._computeOutputPortDepth(CausalityInterfaceForComposites.java:765)
	at ptolemy.actor.util.CausalityInterfaceForComposites._computeInputDepth(CausalityInterfaceForComposites.java:696)
	at ptolemy.actor.util.CausalityInterfaceForComposites._computeOutputPortDepth(CausalityInterfaceForComposites.java:765)
	at ptolemy.actor.util.CausalityInterfaceForComposites._computeInputDepth(CausalityInterfaceForComposites.java:696)
	at ptolemy.actor.util.CausalityInterfaceForComposites._computeActorDepth(CausalityInterfaceForComposites.java:532)
	at ptolemy.actor.util.CausalityInterfaceForComposites.checkForCycles(CausalityInterfaceForComposites.java:96)
	at ptolemy.domains.de.kernel.DEDirector.preinitialize(DEDirector.java:1338)
	at ptolemy.actor.CompositeActor.preinitialize(CompositeActor.java:1828)
	at ptolemy.actor.Manager.preinitializeAndResolveTypes(Manager.java:1040)
	at ptolemy.actor.Manager.initialize(Manager.java:710)
	at ptolemy.actor.Manager.execute(Manager.java:356)
	at ptolemy.actor.Manager.run(Manager.java:1263)
	at ptolemy.actor.Manager$PtolemyRunThread.run(Manager.java:1933)

    while executing
ptolemy.kernel.util.IllegalActionException: Found a zero delay loop containing .HierarchicalModel.A
  in .HierarchicalModel and .HierarchicalModel.A
    while executing
"java::new ptolemy.moml.MoMLSimpleApplication $file
"
    (procedure "createAndExecute" line 2)
    invoked from within
"createAndExecute $file"
    ("uplevel" body line 5)
    invoked from within
"uplevel $contents_of_test"
------------------ testing $PTII/ptolemy/domains/de/test/auto/knownFailedTests/dependencyLoop2.xml (Known Failure) 
16 ms. Memory: 129024K Free: 77186K (60%)


==== $PTIIhome/travis/build/icyphy/ptII/ptolemy/domains/de/test/../../../../: Auto Automatic test in file $PTII/ptolemy/domains/de/test/auto/knownFailedTests/dependencyLoop2.xml
==== Contents of test case:

	    # FIXME: we should use $relativeFilename here, but it
	    # might have backslashes under Windows, which causes no end
	    # of trouble.
	    createAndExecute $file
	    list {}
	
.... Test generated KNOWN error:
    while executing
ptolemy.kernel.util.IllegalActionException: Found a zero delay loop containing .dependencyLoop2.original
  in .dependencyLoop2 and .dependencyLoop2.original
	at ptolemy.actor.util.CausalityInterfaceForComposites._computeOutputPortDepth(CausalityInterfaceForComposites.java:759)
	at ptolemy.actor.util.CausalityInterfaceForComposites._computeInputDepth(CausalityInterfaceForComposites.java:696)
	at ptolemy.actor.util.CausalityInterfaceForComposites._computeOutputPortDepth(CausalityInterfaceForComposites.java:765)
	at ptolemy.actor.util.CausalityInterfaceForComposites._computeInputDepth(CausalityInterfaceForComposites.java:696)
	at ptolemy.actor.util.CausalityInterfaceForComposites._computeOutputPortDepth(CausalityInterfaceForComposites.java:765)
	at ptolemy.actor.util.CausalityInterfaceForComposites._computeInputDepth(CausalityInterfaceForComposites.java:696)
	at ptolemy.actor.util.CausalityInterfaceForComposites._computeActorDepth(CausalityInterfaceForComposites.java:532)
	at ptolemy.actor.util.CausalityInterfaceForComposites.checkForCycles(CausalityInterfaceForComposites.java:96)
	at ptolemy.domains.de.kernel.DEDirector.preinitialize(DEDirector.java:1338)
	at ptolemy.actor.CompositeActor.preinitialize(CompositeActor.java:1828)
	at ptolemy.actor.Manager.preinitializeAndResolveTypes(Manager.java:1040)
	at ptolemy.actor.Manager.initialize(Manager.java:710)
	at ptolemy.actor.Manager.execute(Manager.java:356)
	at ptolemy.actor.Manager.run(Manager.java:1263)
	at ptolemy.actor.Manager$PtolemyRunThread.run(Manager.java:1933)

    while executing
ptolemy.kernel.util.IllegalActionException: Found a zero delay loop containing .dependencyLoop2.original
  in .dependencyLoop2 and .dependencyLoop2.original
    while executing
"java::new ptolemy.moml.MoMLSimpleApplication $file
"
    (procedure "createAndExecute" line 2)
    invoked from within
"createAndExecute $file"
    ("uplevel" body line 5)
    invoked from within
"uplevel $contents_of_test"
------------------ testing $PTII/ptolemy/domains/de/test/auto/knownFailedTests/DESDFClockTest.xml (Known Failure) 
2069 ms. Memory: 129024K Free: 107404K (83%)


==== $PTIIhome/travis/build/icyphy/ptII/ptolemy/domains/de/test/../../../../: Auto Automatic test in file $PTII/ptolemy/domains/de/test/auto/knownFailedTests/DESDFClockTest.xml
==== Contents of test case:

	    # FIXME: we should use $relativeFilename here, but it
	    # might have backslashes under Windows, which causes no end
	    # of trouble.
	    createAndExecute $file
	    list {}
	
.... Test generated KNOWN error:
    while executing
ptolemy.kernel.util.IllegalActionException: Actor is not ready to fire.  Perhaps UpSample.prefire() returned false? Try debugging the actor by selecting "Listen to Actor".  Also, for SDF check moml for tokenConsumptionRate on input.
  in .DESDFClockTest.Play Bell.Copy1:SDF Director and .DESDFClockTest.Play Bell.UpSample
	at ptolemy.actor.sched.StaticSchedulingDirector.fire(StaticSchedulingDirector.java:227)
	at ptolemy.domains.sdf.kernel.SDFDirector.fire(SDFDirector.java:500)
	at ptolemy.actor.CompositeActor.fire(CompositeActor.java:455)
	at ptolemy.domains.de.kernel.DEDirector._fire(DEDirector.java:1949)
	at ptolemy.domains.de.kernel.DEDirector.fire(DEDirector.java:502)
	at ptolemy.actor.CompositeActor.fire(CompositeActor.java:455)
	at ptolemy.actor.Manager.iterate(Manager.java:851)
	at ptolemy.actor.Manager.execute(Manager.java:369)
	at ptolemy.actor.Manager.run(Manager.java:1263)
	at ptolemy.actor.Manager$PtolemyRunThread.run(Manager.java:1933)

    while executing
ptolemy.kernel.util.IllegalActionException: Actor is not ready to fire.  Perhaps UpSample.prefire() returned false? Try debugging the actor by selecting "Listen to Actor".  Also, for SDF check moml for tokenConsumptionRate on input.
  in .DESDFClockTest.Play Bell.Copy1:SDF Director and .DESDFClockTest.Play Bell.UpSample
    while executing
"java::new ptolemy.moml.MoMLSimpleApplication $file
"
    (procedure "createAndExecute" line 2)
    invoked from within
"createAndExecute $file"
    ("uplevel" body line 5)
    invoked from within
"uplevel $contents_of_test"
------------------ testing $PTII/ptolemy/domains/de/test/auto/ActorDepthCalculation_actorWithoutPorts.xml
auto.tcl: Setting watchdog for 200 seconds at Tue Oct 13 11:55:58 UTC 2020
4 ms. Memory: 129024K Free: 99726K (77%)
ptolemy.util.test.WatchDog.cancel(): canceling Tue Oct 13 11:55:58 UTC 2020
auto.tcl: Setting watchdog for 200 seconds at Tue Oct 13 11:55:58 UTC 2020
5 ms. Memory: 129024K Free: 98174K (76%)
ptolemy.util.test.WatchDog.cancel(): canceling Tue Oct 13 11:55:58 UTC 2020
------------------ testing $PTII/ptolemy/domains/de/test/auto/AssemblyLine.xml
auto.tcl: Setting watchdog for 200 seconds at Tue Oct 13 11:55:59 UTC 2020
7 ms. Memory: 55296K Free: 31556K (57%)
ptolemy.util.test.WatchDog.cancel(): canceling Tue Oct 13 11:55:59 UTC 2020
auto.tcl: Setting watchdog for 200 seconds at Tue Oct 13 11:55:59 UTC 2020
6 ms. Memory: 55296K Free: 30821K (56%)
ptolemy.util.test.WatchDog.cancel(): canceling Tue Oct 13 11:55:59 UTC 2020
------------------ testing $PTII/ptolemy/domains/de/test/auto/CQBug1.xml
auto.tcl: Setting watchdog for 200 seconds at Tue Oct 13 11:55:59 UTC 2020
3 ms. Memory: 51200K Free: 33230K (65%)
ptolemy.util.test.WatchDog.cancel(): canceling Tue Oct 13 11:55:59 UTC 2020
auto.tcl: Setting watchdog for 200 seconds at Tue Oct 13 11:55:59 UTC 2020
3 ms. Memory: 51200K Free: 32795K (64%)
ptolemy.util.test.WatchDog.cancel(): canceling Tue Oct 13 11:55:59 UTC 2020
------------------ testing $PTII/ptolemy/domains/de/test/auto/CancelFireAt.xml
auto.tcl: Setting watchdog for 200 seconds at Tue Oct 13 11:55:59 UTC 2020
2 ms. Memory: 51200K Free: 34681K (68%)
ptolemy.util.test.WatchDog.cancel(): canceling Tue Oct 13 11:55:59 UTC 2020
auto.tcl: Setting watchdog for 200 seconds at Tue Oct 13 11:55:59 UTC 2020
2 ms. Memory: 51200K Free: 34186K (67%)
ptolemy.util.test.WatchDog.cancel(): canceling Tue Oct 13 11:55:59 UTC 2020
------------------ testing $PTII/ptolemy/domains/de/test/auto/CausalityAndComposabilityAnalysis.xml
auto.tcl: Setting watchdog for 200 seconds at Tue Oct 13 11:55:59 UTC 2020
14 ms. Memory: 51200K Free: 32399K (63%)
ptolemy.util.test.WatchDog.cancel(): canceling Tue Oct 13 11:55:59 UTC 2020
auto.tcl: Setting watchdog for 200 seconds at Tue Oct 13 11:55:59 UTC 2020
8 ms. Memory: 51200K Free: 31955K (62%)
ptolemy.util.test.WatchDog.cancel(): canceling Tue Oct 13 11:55:59 UTC 2020
------------------ testing $PTII/ptolemy/domains/de/test/auto/CausalityInterface1.xml
auto.tcl: Setting watchdog for 200 seconds at Tue Oct 13 11:55:59 UTC 2020
31 ms. Memory: 51200K Free: 31360K (61%)
ptolemy.util.test.WatchDog.cancel(): canceling Tue Oct 13 11:55:59 UTC 2020
auto.tcl: Setting watchdog for 200 seconds at Tue Oct 13 11:55:59 UTC 2020
3 ms. Memory: 51200K Free: 30383K (59%)
ptolemy.util.test.WatchDog.cancel(): canceling Tue Oct 13 11:55:59 UTC 2020
------------------ testing $PTII/ptolemy/domains/de/test/auto/CausalityInterface15.xml
auto.tcl: Setting watchdog for 200 seconds at Tue Oct 13 11:55:59 UTC 2020
8 ms. Memory: 51200K Free: 30940K (60%)
ptolemy.util.test.WatchDog.cancel(): canceling Tue Oct 13 11:55:59 UTC 2020
auto.tcl: Setting watchdog for 200 seconds at Tue Oct 13 11:55:59 UTC 2020
4 ms. Memory: 51200K Free: 30327K (59%)
ptolemy.util.test.WatchDog.cancel(): canceling Tue Oct 13 11:55:59 UTC 2020
------------------ testing $PTII/ptolemy/domains/de/test/auto/CausalityInterface2.xml
auto.tcl: Setting watchdog for 200 seconds at Tue Oct 13 11:55:59 UTC 2020
5 ms. Memory: 51200K Free: 32024K (63%)
ptolemy.util.test.WatchDog.cancel(): canceling Tue Oct 13 11:55:59 UTC 2020
auto.tcl: Setting watchdog for 200 seconds at Tue Oct 13 11:55:59 UTC 2020
3 ms. Memory: 51200K Free: 31358K (61%)
ptolemy.util.test.WatchDog.cancel(): canceling Tue Oct 13 11:55:59 UTC 2020
------------------ testing $PTII/ptolemy/domains/de/test/auto/CausalityInterface3.xml
auto.tcl: Setting watchdog for 200 seconds at Tue Oct 13 11:55:59 UTC 2020
4 ms. Memory: 51200K Free: 31543K (62%)
ptolemy.util.test.WatchDog.cancel(): canceling Tue Oct 13 11:55:59 UTC 2020
auto.tcl: Setting watchdog for 200 seconds at Tue Oct 13 11:55:59 UTC 2020
3 ms. Memory: 51200K Free: 31056K (61%)
ptolemy.util.test.WatchDog.cancel(): canceling Tue Oct 13 11:56:00 UTC 2020
------------------ testing $PTII/ptolemy/domains/de/test/auto/ClockDrift.xml
auto.tcl: Setting watchdog for 200 seconds at Tue Oct 13 11:56:00 UTC 2020
53 ms. Memory: 51200K Free: 24126K (47%)
ptolemy.util.test.WatchDog.cancel(): canceling Tue Oct 13 11:56:00 UTC 2020
auto.tcl: Setting watchdog for 200 seconds at Tue Oct 13 11:56:00 UTC 2020
75 ms. Memory: 51200K Free: 20645K (40%)
ptolemy.util.test.WatchDog.cancel(): canceling Tue Oct 13 11:56:00 UTC 2020
------------------ testing $PTII/ptolemy/domains/de/test/auto/ClockDriftAndValueChange.xml
auto.tcl: Setting watchdog for 200 seconds at Tue Oct 13 11:56:00 UTC 2020
34 ms. Memory: 51200K Free: 23971K (47%)
ptolemy.util.test.WatchDog.cancel(): canceling Tue Oct 13 11:56:00 UTC 2020
auto.tcl: Setting watchdog for 200 seconds at Tue Oct 13 11:56:00 UTC 2020
31 ms. Memory: 51200K Free: 20985K (41%)
ptolemy.util.test.WatchDog.cancel(): canceling Tue Oct 13 11:56:00 UTC 2020
------------------ testing $PTII/ptolemy/domains/de/test/auto/ClockDriftChange.xml
auto.tcl: Setting watchdog for 200 seconds at Tue Oct 13 11:56:00 UTC 2020
21 ms. Memory: 51200K Free: 26019K (51%)
ptolemy.util.test.WatchDog.cancel(): canceling Tue Oct 13 11:56:00 UTC 2020
auto.tcl: Setting watchdog for 200 seconds at Tue Oct 13 11:56:00 UTC 2020
20 ms. Memory: 51200K Free: 23638K (46%)
ptolemy.util.test.WatchDog.cancel(): canceling Tue Oct 13 11:56:00 UTC 2020
------------------ testing $PTII/ptolemy/domains/de/test/auto/ComposableCausalityAnalysis.xml
auto.tcl: Setting watchdog for 200 seconds at Tue Oct 13 11:56:00 UTC 2020
2 ms. Memory: 51200K Free: 30825K (60%)
ptolemy.util.test.WatchDog.cancel(): canceling Tue Oct 13 11:56:00 UTC 2020
auto.tcl: Setting watchdog for 200 seconds at Tue Oct 13 11:56:00 UTC 2020
5 ms. Memory: 51200K Free: 29750K (58%)
ptolemy.util.test.WatchDog.cancel(): canceling Tue Oct 13 11:56:00 UTC 2020
------------------ testing $PTII/ptolemy/domains/de/test/auto/DEFixedPointLimitation.xml
auto.tcl: Setting watchdog for 200 seconds at Tue Oct 13 11:56:00 UTC 2020
11 ms. Memory: 48128K Free: 29187K (61%)
ptolemy.util.test.WatchDog.cancel(): canceling Tue Oct 13 11:56:00 UTC 2020
auto.tcl: Setting watchdog for 200 seconds at Tue Oct 13 11:56:00 UTC 2020
2 ms. Memory: 48128K Free: 28309K (59%)
ptolemy.util.test.WatchDog.cancel(): canceling Tue Oct 13 11:56:00 UTC 2020
------------------ testing $PTII/ptolemy/domains/de/test/auto/DEScheduleTest.xml
auto.tcl: Setting watchdog for 200 seconds at Tue Oct 13 11:56:00 UTC 2020
4 ms. Memory: 48128K Free: 29529K (61%)
ptolemy.util.test.WatchDog.cancel(): canceling Tue Oct 13 11:56:00 UTC 2020
auto.tcl: Setting watchdog for 200 seconds at Tue Oct 13 11:56:00 UTC 2020
3 ms. Memory: 48128K Free: 28753K (60%)
ptolemy.util.test.WatchDog.cancel(): canceling Tue Oct 13 11:56:00 UTC 2020
------------------ testing $PTII/ptolemy/domains/de/test/auto/DEinDEwithStartTimes.xml
auto.tcl: Setting watchdog for 200 seconds at Tue Oct 13 11:56:00 UTC 2020
4 ms. Memory: 48128K Free: 27722K (58%)
ptolemy.util.test.WatchDog.cancel(): canceling Tue Oct 13 11:56:00 UTC 2020
auto.tcl: Setting watchdog for 200 seconds at Tue Oct 13 11:56:00 UTC 2020
3 ms. Memory: 48128K Free: 26657K (55%)
ptolemy.util.test.WatchDog.cancel(): canceling Tue Oct 13 11:56:00 UTC 2020
------------------ testing $PTII/ptolemy/domains/de/test/auto/DEinDEwithStartTimes2.xml
auto.tcl: Setting watchdog for 200 seconds at Tue Oct 13 11:56:00 UTC 2020
6 ms. Memory: 48128K Free: 26934K (56%)
ptolemy.util.test.WatchDog.cancel(): canceling Tue Oct 13 11:56:00 UTC 2020
auto.tcl: Setting watchdog for 200 seconds at Tue Oct 13 11:56:00 UTC 2020
4 ms. Memory: 48128K Free: 25612K (53%)
ptolemy.util.test.WatchDog.cancel(): canceling Tue Oct 13 11:56:00 UTC 2020
------------------ testing $PTII/ptolemy/domains/de/test/auto/DateDemo.xml
auto.tcl: Setting watchdog for 200 seconds at Tue Oct 13 11:56:00 UTC 2020
12 ms. Memory: 48128K Free: 21252K (44%)
ptolemy.util.test.WatchDog.cancel(): canceling Tue Oct 13 11:56:00 UTC 2020
auto.tcl: Setting watchdog for 200 seconds at Tue Oct 13 11:56:00 UTC 2020
7 ms. Memory: 48128K Free: 19662K (41%)
ptolemy.util.test.WatchDog.cancel(): canceling Tue Oct 13 11:56:00 UTC 2020
------------------ testing $PTII/ptolemy/domains/de/test/auto/DateToEvent.xml
auto.tcl: Setting watchdog for 200 seconds at Tue Oct 13 11:56:01 UTC 2020
2009 ms. Memory: 48128K Free: 16497K (34%)
ptolemy.util.test.WatchDog.cancel(): canceling Tue Oct 13 11:56:03 UTC 2020
auto.tcl: Setting watchdog for 200 seconds at Tue Oct 13 11:56:03 UTC 2020
2005 ms. Memory: 48128K Free: 16151K (34%)
ptolemy.util.test.WatchDog.cancel(): canceling Tue Oct 13 11:56:05 UTC 2020
------------------ testing $PTII/ptolemy/domains/de/test/auto/DepthTest1.xml
auto.tcl: Setting watchdog for 200 seconds at Tue Oct 13 11:56:05 UTC 2020
2 ms. Memory: 48128K Free: 30321K (63%)
ptolemy.util.test.WatchDog.cancel(): canceling Tue Oct 13 11:56:05 UTC 2020
auto.tcl: Setting watchdog for 200 seconds at Tue Oct 13 11:56:05 UTC 2020
2 ms. Memory: 48128K Free: 29935K (62%)
ptolemy.util.test.WatchDog.cancel(): canceling Tue Oct 13 11:56:05 UTC 2020
------------------ testing $PTII/ptolemy/domains/de/test/auto/DepthTest2.xml
auto.tcl: Setting watchdog for 200 seconds at Tue Oct 13 11:56:05 UTC 2020
9 ms. Memory: 48128K Free: 27182K (56%)
ptolemy.util.test.WatchDog.cancel(): canceling Tue Oct 13 11:56:05 UTC 2020
auto.tcl: Setting watchdog for 200 seconds at Tue Oct 13 11:56:05 UTC 2020
7 ms. Memory: 48128K Free: 26780K (56%)
ptolemy.util.test.WatchDog.cancel(): canceling Tue Oct 13 11:56:05 UTC 2020
------------------ testing $PTII/ptolemy/domains/de/test/auto/DepthTest3.xml
auto.tcl: Setting watchdog for 200 seconds at Tue Oct 13 11:56:05 UTC 2020
4 ms. Memory: 48128K Free: 30651K (64%)
ptolemy.util.test.WatchDog.cancel(): canceling Tue Oct 13 11:56:05 UTC 2020
auto.tcl: Setting watchdog for 200 seconds at Tue Oct 13 11:56:05 UTC 2020
2 ms. Memory: 48128K Free: 30218K (63%)
ptolemy.util.test.WatchDog.cancel(): canceling Tue Oct 13 11:56:05 UTC 2020
------------------ testing $PTII/ptolemy/domains/de/test/auto/DepthTest4.xml
auto.tcl: Setting watchdog for 200 seconds at Tue Oct 13 11:56:05 UTC 2020
5 ms. Memory: 48128K Free: 28686K (60%)
ptolemy.util.test.WatchDog.cancel(): canceling Tue Oct 13 11:56:05 UTC 2020
auto.tcl: Setting watchdog for 200 seconds at Tue Oct 13 11:56:05 UTC 2020
2 ms. Memory: 48128K Free: 28253K (59%)
ptolemy.util.test.WatchDog.cancel(): canceling Tue Oct 13 11:56:05 UTC 2020
------------------ testing $PTII/ptolemy/domains/de/test/auto/DepthTest5.xml
auto.tcl: Setting watchdog for 200 seconds at Tue Oct 13 11:56:05 UTC 2020
3 ms. Memory: 48128K Free: 28163K (59%)
ptolemy.util.test.WatchDog.cancel(): canceling Tue Oct 13 11:56:05 UTC 2020
auto.tcl: Setting watchdog for 200 seconds at Tue Oct 13 11:56:05 UTC 2020
1 ms. Memory: 48128K Free: 27722K (58%)
ptolemy.util.test.WatchDog.cancel(): canceling Tue Oct 13 11:56:05 UTC 2020
------------------ testing $PTII/ptolemy/domains/de/test/auto/DepthTest6.xml
auto.tcl: Setting watchdog for 200 seconds at Tue Oct 13 11:56:05 UTC 2020
3 ms. Memory: 48128K Free: 27905K (58%)
ptolemy.util.test.WatchDog.cancel(): canceling Tue Oct 13 11:56:05 UTC 2020
auto.tcl: Setting watchdog for 200 seconds at Tue Oct 13 11:56:05 UTC 2020
2 ms. Memory: 48128K Free: 27157K (56%)
ptolemy.util.test.WatchDog.cancel(): canceling Tue Oct 13 11:56:05 UTC 2020
------------------ testing $PTII/ptolemy/domains/de/test/auto/DepthTest7.xml
auto.tcl: Setting watchdog for 200 seconds at Tue Oct 13 11:56:05 UTC 2020
6 ms. Memory: 48128K Free: 28926K (60%)
ptolemy.util.test.WatchDog.cancel(): canceling Tue Oct 13 11:56:05 UTC 2020
auto.tcl: Setting watchdog for 200 seconds at Tue Oct 13 11:56:05 UTC 2020
2 ms. Memory: 48128K Free: 28178K (59%)
ptolemy.util.test.WatchDog.cancel(): canceling Tue Oct 13 11:56:05 UTC 2020
------------------ testing $PTII/ptolemy/domains/de/test/auto/EventToDate.xml
auto.tcl: Setting watchdog for 200 seconds at Tue Oct 13 11:56:05 UTC 2020
3017 ms. Memory: 48128K Free: 19660K (41%)
ptolemy.util.test.WatchDog.cancel(): canceling Tue Oct 13 11:56:08 UTC 2020
auto.tcl: Setting watchdog for 200 seconds at Tue Oct 13 11:56:08 UTC 2020
3004 ms. Memory: 48128K Free: 19012K (40%)
ptolemy.util.test.WatchDog.cancel(): canceling Tue Oct 13 11:56:11 UTC 2020
------------------ testing $PTII/ptolemy/domains/de/test/auto/FSM1.xml
auto.tcl: Setting watchdog for 200 seconds at Tue Oct 13 11:56:11 UTC 2020
33 ms. Memory: 48128K Free: 20928K (43%)
ptolemy.util.test.WatchDog.cancel(): canceling Tue Oct 13 11:56:11 UTC 2020
auto.tcl: Setting watchdog for 200 seconds at Tue Oct 13 11:56:11 UTC 2020
18 ms. Memory: 48128K Free: 17691K (37%)
ptolemy.util.test.WatchDog.cancel(): canceling Tue Oct 13 11:56:11 UTC 2020
------------------ testing $PTII/ptolemy/domains/de/test/auto/FSM7.xml
auto.tcl: Setting watchdog for 200 seconds at Tue Oct 13 11:56:11 UTC 2020
22 ms. Memory: 48128K Free: 20619K (43%)
ptolemy.util.test.WatchDog.cancel(): canceling Tue Oct 13 11:56:11 UTC 2020
auto.tcl: Setting watchdog for 200 seconds at Tue Oct 13 11:56:11 UTC 2020
19 ms. Memory: 48128K Free: 17263K (36%)
ptolemy.util.test.WatchDog.cancel(): canceling Tue Oct 13 11:56:11 UTC 2020
------------------ testing $PTII/ptolemy/domains/de/test/auto/Inspection.xml
auto.tcl: Setting watchdog for 200 seconds at Tue Oct 13 11:56:11 UTC 2020
29 ms. Memory: 48128K Free: 20667K (43%)
ptolemy.util.test.WatchDog.cancel(): canceling Tue Oct 13 11:56:12 UTC 2020
auto.tcl: Setting watchdog for 200 seconds at Tue Oct 13 11:56:12 UTC 2020
34 ms. Memory: 48128K Free: 18927K (39%)
ptolemy.util.test.WatchDog.cancel(): canceling Tue Oct 13 11:56:12 UTC 2020
------------------ testing $PTII/ptolemy/domains/de/test/auto/Iteration.xml
auto.tcl: Setting watchdog for 200 seconds at Tue Oct 13 11:56:12 UTC 2020
8 ms. Memory: 48128K Free: 26381K (55%)
ptolemy.util.test.WatchDog.cancel(): canceling Tue Oct 13 11:56:12 UTC 2020
auto.tcl: Setting watchdog for 200 seconds at Tue Oct 13 11:56:12 UTC 2020
9 ms. Memory: 48128K Free: 24982K (52%)
ptolemy.util.test.WatchDog.cancel(): canceling Tue Oct 13 11:56:12 UTC 2020
------------------ testing $PTII/ptolemy/domains/de/test/auto/LineFault.xml
auto.tcl: Setting watchdog for 200 seconds at Tue Oct 13 11:56:12 UTC 2020
592 ms. Memory: 48128K Free: 23734K (49%)
ptolemy.util.test.WatchDog.cancel(): canceling Tue Oct 13 11:56:13 UTC 2020
auto.tcl: Setting watchdog for 200 seconds at Tue Oct 13 11:56:13 UTC 2020
495 ms. Memory: 58368K Free: 19637K (34%)
ptolemy.util.test.WatchDog.cancel(): canceling Tue Oct 13 11:56:13 UTC 2020
------------------ testing $PTII/ptolemy/domains/de/test/auto/MergeModel1Add.xml
auto.tcl: Setting watchdog for 200 seconds at Tue Oct 13 11:56:13 UTC 2020
17 ms. Memory: 58368K Free: 22603K (39%)
ptolemy.util.test.WatchDog.cancel(): canceling Tue Oct 13 11:56:13 UTC 2020
auto.tcl: Setting watchdog for 200 seconds at Tue Oct 13 11:56:13 UTC 2020
10 ms. Memory: 58368K Free: 20929K (36%)
ptolemy.util.test.WatchDog.cancel(): canceling Tue Oct 13 11:56:13 UTC 2020
------------------ testing $PTII/ptolemy/domains/de/test/auto/MergeModel2Add.xml
auto.tcl: Setting watchdog for 200 seconds at Tue Oct 13 11:56:13 UTC 2020
10 ms. Memory: 55296K Free: 21337K (39%)
ptolemy.util.test.WatchDog.cancel(): canceling Tue Oct 13 11:56:13 UTC 2020
auto.tcl: Setting watchdog for 200 seconds at Tue Oct 13 11:56:13 UTC 2020
6 ms. Memory: 55296K Free: 19624K (35%)
ptolemy.util.test.WatchDog.cancel(): canceling Tue Oct 13 11:56:13 UTC 2020
------------------ testing $PTII/ptolemy/domains/de/test/auto/MergeModel3Add.xml
auto.tcl: Setting watchdog for 200 seconds at Tue Oct 13 11:56:13 UTC 2020
9 ms. Memory: 55296K Free: 21585K (39%)
ptolemy.util.test.WatchDog.cancel(): canceling Tue Oct 13 11:56:13 UTC 2020
auto.tcl: Setting watchdog for 200 seconds at Tue Oct 13 11:56:13 UTC 2020
9 ms. Memory: 55296K Free: 19633K (36%)
ptolemy.util.test.WatchDog.cancel(): canceling Tue Oct 13 11:56:13 UTC 2020
------------------ testing $PTII/ptolemy/domains/de/test/auto/MergeWithoutDiscard.xml
auto.tcl: Setting watchdog for 200 seconds at Tue Oct 13 11:56:13 UTC 2020
1 ms. Memory: 55296K Free: 35943K (65%)
ptolemy.util.test.WatchDog.cancel(): canceling Tue Oct 13 11:56:13 UTC 2020
auto.tcl: Setting watchdog for 200 seconds at Tue Oct 13 11:56:13 UTC 2020
1 ms. Memory: 55296K Free: 35510K (64%)
ptolemy.util.test.WatchDog.cancel(): canceling Tue Oct 13 11:56:13 UTC 2020
------------------ testing $PTII/ptolemy/domains/de/test/auto/Modal1.xml
auto.tcl: Setting watchdog for 200 seconds at Tue Oct 13 11:56:14 UTC 2020
15 ms. Memory: 51200K Free: 23986K (47%)
ptolemy.util.test.WatchDog.cancel(): canceling Tue Oct 13 11:56:14 UTC 2020
auto.tcl: Setting watchdog for 200 seconds at Tue Oct 13 11:56:14 UTC 2020
19 ms. Memory: 51200K Free: 20562K (40%)
ptolemy.util.test.WatchDog.cancel(): canceling Tue Oct 13 11:56:14 UTC 2020
------------------ testing $PTII/ptolemy/domains/de/test/auto/Modal2.xml
auto.tcl: Setting watchdog for 200 seconds at Tue Oct 13 11:56:14 UTC 2020
10 ms. Memory: 51200K Free: 24096K (47%)
ptolemy.util.test.WatchDog.cancel(): canceling Tue Oct 13 11:56:14 UTC 2020
auto.tcl: Setting watchdog for 200 seconds at Tue Oct 13 11:56:14 UTC 2020
11 ms. Memory: 51200K Free: 20849K (41%)
ptolemy.util.test.WatchDog.cancel(): canceling Tue Oct 13 11:56:14 UTC 2020
------------------ testing $PTII/ptolemy/domains/de/test/auto/Modal3.xml
auto.tcl: Setting watchdog for 200 seconds at Tue Oct 13 11:56:14 UTC 2020
10 ms. Memory: 51200K Free: 23828K (47%)
ptolemy.util.test.WatchDog.cancel(): canceling Tue Oct 13 11:56:14 UTC 2020
auto.tcl: Setting watchdog for 200 seconds at Tue Oct 13 11:56:14 UTC 2020
12 ms. Memory: 51200K Free: 20874K (41%)
ptolemy.util.test.WatchDog.cancel(): canceling Tue Oct 13 11:56:14 UTC 2020
------------------ testing $PTII/ptolemy/domains/de/test/auto/Modal4.xml
auto.tcl: Setting watchdog for 200 seconds at Tue Oct 13 11:56:14 UTC 2020
25 ms. Memory: 51200K Free: 23082K (45%)
ptolemy.util.test.WatchDog.cancel(): canceling Tue Oct 13 11:56:14 UTC 2020
auto.tcl: Setting watchdog for 200 seconds at Tue Oct 13 11:56:14 UTC 2020
17 ms. Memory: 51200K Free: 19223K (38%)
ptolemy.util.test.WatchDog.cancel(): canceling Tue Oct 13 11:56:14 UTC 2020
------------------ testing $PTII/ptolemy/domains/de/test/auto/Modal5.xml
auto.tcl: Setting watchdog for 200 seconds at Tue Oct 13 11:56:14 UTC 2020
14 ms. Memory: 51200K Free: 23054K (45%)
ptolemy.util.test.WatchDog.cancel(): canceling Tue Oct 13 11:56:14 UTC 2020
auto.tcl: Setting watchdog for 200 seconds at Tue Oct 13 11:56:14 UTC 2020
13 ms. Memory: 51200K Free: 19210K (38%)
ptolemy.util.test.WatchDog.cancel(): canceling Tue Oct 13 11:56:14 UTC 2020
------------------ testing $PTII/ptolemy/domains/de/test/auto/Modal6.xml
auto.tcl: Setting watchdog for 200 seconds at Tue Oct 13 11:56:14 UTC 2020
12 ms. Memory: 51200K Free: 23854K (47%)
ptolemy.util.test.WatchDog.cancel(): canceling Tue Oct 13 11:56:14 UTC 2020
auto.tcl: Setting watchdog for 200 seconds at Tue Oct 13 11:56:14 UTC 2020
14 ms. Memory: 51200K Free: 19857K (39%)
ptolemy.util.test.WatchDog.cancel(): canceling Tue Oct 13 11:56:14 UTC 2020
------------------ testing $PTII/ptolemy/domains/de/test/auto/Modal7.xml
auto.tcl: Setting watchdog for 200 seconds at Tue Oct 13 11:56:14 UTC 2020
15 ms. Memory: 51200K Free: 22832K (45%)
ptolemy.util.test.WatchDog.cancel(): canceling Tue Oct 13 11:56:14 UTC 2020
auto.tcl: Setting watchdog for 200 seconds at Tue Oct 13 11:56:14 UTC 2020
10 ms. Memory: 51200K Free: 19209K (38%)
ptolemy.util.test.WatchDog.cancel(): canceling Tue Oct 13 11:56:14 UTC 2020
------------------ testing $PTII/ptolemy/domains/de/test/auto/ModalModel.xml
auto.tcl: Setting watchdog for 200 seconds at Tue Oct 13 11:56:14 UTC 2020
212 ms. Memory: 51200K Free: 12343K (24%)
ptolemy.util.test.WatchDog.cancel(): canceling Tue Oct 13 11:56:15 UTC 2020
auto.tcl: Setting watchdog for 200 seconds at Tue Oct 13 11:56:15 UTC 2020
216 ms. Memory: 67584K Free: 48506K (72%)
ptolemy.util.test.WatchDog.cancel(): canceling Tue Oct 13 11:56:15 UTC 2020
------------------ testing $PTII/ptolemy/domains/de/test/auto/ModalSource.xml
auto.tcl: Setting watchdog for 200 seconds at Tue Oct 13 11:56:15 UTC 2020
6 ms. Memory: 55296K Free: 31979K (58%)
ptolemy.util.test.WatchDog.cancel(): canceling Tue Oct 13 11:56:15 UTC 2020
auto.tcl: Setting watchdog for 200 seconds at Tue Oct 13 11:56:15 UTC 2020
6 ms. Memory: 55296K Free: 29931K (54%)
ptolemy.util.test.WatchDog.cancel(): canceling Tue Oct 13 11:56:15 UTC 2020
------------------ testing $PTII/ptolemy/domains/de/test/auto/NonInterruptibleTimerZeroDelay.xml
auto.tcl: Setting watchdog for 200 seconds at Tue Oct 13 11:56:15 UTC 2020
3 ms. Memory: 51200K Free: 33025K (65%)
ptolemy.util.test.WatchDog.cancel(): canceling Tue Oct 13 11:56:15 UTC 2020
auto.tcl: Setting watchdog for 200 seconds at Tue Oct 13 11:56:15 UTC 2020
2 ms. Memory: 51200K Free: 32146K (63%)
ptolemy.util.test.WatchDog.cancel(): canceling Tue Oct 13 11:56:15 UTC 2020
------------------ testing $PTII/ptolemy/domains/de/test/auto/OpenQueueingNetwork.xml
auto.tcl: Setting watchdog for 200 seconds at Tue Oct 13 11:56:15 UTC 2020
2984 ms. Memory: 113664K Free: 90790K (80%)
ptolemy.util.test.WatchDog.cancel(): canceling Tue Oct 13 11:56:18 UTC 2020
auto.tcl: Setting watchdog for 200 seconds at Tue Oct 13 11:56:18 UTC 2020
2721 ms. Memory: 137216K Free: 82040K (60%)
ptolemy.util.test.WatchDog.cancel(): canceling Tue Oct 13 11:56:21 UTC 2020
------------------ testing $PTII/ptolemy/domains/de/test/auto/OpenQueuingNetwork.xml
auto.tcl: Setting watchdog for 200 seconds at Tue Oct 13 11:56:21 UTC 2020
285 ms. Memory: 55296K Free: 24899K (45%)
ptolemy.util.test.WatchDog.cancel(): canceling Tue Oct 13 11:56:21 UTC 2020
auto.tcl: Setting watchdog for 200 seconds at Tue Oct 13 11:56:21 UTC 2020
279 ms. Memory: 55296K Free: 33963K (61%)
ptolemy.util.test.WatchDog.cancel(): canceling Tue Oct 13 11:56:21 UTC 2020
------------------ testing $PTII/ptolemy/domains/de/test/auto/PeriodicSampler.xml
auto.tcl: Setting watchdog for 200 seconds at Tue Oct 13 11:56:22 UTC 2020
3 ms. Memory: 55296K Free: 36117K (65%)
ptolemy.util.test.WatchDog.cancel(): canceling Tue Oct 13 11:56:22 UTC 2020
auto.tcl: Setting watchdog for 200 seconds at Tue Oct 13 11:56:22 UTC 2020
2 ms. Memory: 55296K Free: 35592K (64%)
ptolemy.util.test.WatchDog.cancel(): canceling Tue Oct 13 11:56:22 UTC 2020
------------------ testing $PTII/ptolemy/domains/de/test/auto/PersistentIO.xml
auto.tcl: Setting watchdog for 200 seconds at Tue Oct 13 11:56:22 UTC 2020
4 ms. Memory: 51200K Free: 26945K (53%)
ptolemy.util.test.WatchDog.cancel(): canceling Tue Oct 13 11:56:22 UTC 2020
auto.tcl: Setting watchdog for 200 seconds at Tue Oct 13 11:56:22 UTC 2020
3 ms. Memory: 51200K Free: 25430K (50%)
ptolemy.util.test.WatchDog.cancel(): canceling Tue Oct 13 11:56:22 UTC 2020
------------------ testing $PTII/ptolemy/domains/de/test/auto/PortParameterResetOnInitialize.xml
auto.tcl: Setting watchdog for 200 seconds at Tue Oct 13 11:56:22 UTC 2020
2 ms. Memory: 51200K Free: 31929K (62%)
ptolemy.util.test.WatchDog.cancel(): canceling Tue Oct 13 11:56:22 UTC 2020
auto.tcl: Setting watchdog for 200 seconds at Tue Oct 13 11:56:22 UTC 2020
2 ms. Memory: 51200K Free: 31433K (61%)
ptolemy.util.test.WatchDog.cancel(): canceling Tue Oct 13 11:56:22 UTC 2020
------------------ testing $PTII/ptolemy/domains/de/test/auto/PortParameterUpdates.xml
auto.tcl: Setting watchdog for 200 seconds at Tue Oct 13 11:56:22 UTC 2020
4 ms. Memory: 51200K Free: 30022K (59%)
ptolemy.util.test.WatchDog.cancel(): canceling Tue Oct 13 11:56:22 UTC 2020
auto.tcl: Setting watchdog for 200 seconds at Tue Oct 13 11:56:22 UTC 2020
5 ms. Memory: 51200K Free: 28992K (57%)
ptolemy.util.test.WatchDog.cancel(): canceling Tue Oct 13 11:56:22 UTC 2020
------------------ testing $PTII/ptolemy/domains/de/test/auto/QueueAndServer.xml
auto.tcl: Setting watchdog for 200 seconds at Tue Oct 13 11:56:22 UTC 2020
12 ms. Memory: 51200K Free: 28967K (57%)
ptolemy.util.test.WatchDog.cancel(): canceling Tue Oct 13 11:56:22 UTC 2020
auto.tcl: Setting watchdog for 200 seconds at Tue Oct 13 11:56:22 UTC 2020
6 ms. Memory: 51200K Free: 27457K (54%)
ptolemy.util.test.WatchDog.cancel(): canceling Tue Oct 13 11:56:22 UTC 2020
------------------ testing $PTII/ptolemy/domains/de/test/auto/Records.xml
auto.tcl: Setting watchdog for 200 seconds at Tue Oct 13 11:56:22 UTC 2020
3 ms. Memory: 51200K Free: 31184K (61%)
ptolemy.util.test.WatchDog.cancel(): canceling Tue Oct 13 11:56:22 UTC 2020
auto.tcl: Setting watchdog for 200 seconds at Tue Oct 13 11:56:22 UTC 2020
2 ms. Memory: 51200K Free: 30677K (60%)
ptolemy.util.test.WatchDog.cancel(): canceling Tue Oct 13 11:56:22 UTC 2020
------------------ testing $PTII/ptolemy/domains/de/test/auto/ResetTransitionWithStartTime1.xml
auto.tcl: Setting watchdog for 200 seconds at Tue Oct 13 11:56:22 UTC 2020
10 ms. Memory: 51200K Free: 28429K (56%)
ptolemy.util.test.WatchDog.cancel(): canceling Tue Oct 13 11:56:22 UTC 2020
auto.tcl: Setting watchdog for 200 seconds at Tue Oct 13 11:56:22 UTC 2020
7 ms. Memory: 51200K Free: 26408K (52%)
ptolemy.util.test.WatchDog.cancel(): canceling Tue Oct 13 11:56:22 UTC 2020
------------------ testing $PTII/ptolemy/domains/de/test/auto/ResetTransitionWithStartTime2.xml
auto.tcl: Setting watchdog for 200 seconds at Tue Oct 13 11:56:22 UTC 2020
6 ms. Memory: 51200K Free: 28384K (55%)
ptolemy.util.test.WatchDog.cancel(): canceling Tue Oct 13 11:56:22 UTC 2020
auto.tcl: Setting watchdog for 200 seconds at Tue Oct 13 11:56:22 UTC 2020
6 ms. Memory: 51200K Free: 26346K (51%)
ptolemy.util.test.WatchDog.cancel(): canceling Tue Oct 13 11:56:22 UTC 2020
------------------ testing $PTII/ptolemy/domains/de/test/auto/ResetTransitionWithStartTime3.xml
auto.tcl: Setting watchdog for 200 seconds at Tue Oct 13 11:56:22 UTC 2020
6 ms. Memory: 51200K Free: 28383K (55%)
ptolemy.util.test.WatchDog.cancel(): canceling Tue Oct 13 11:56:22 UTC 2020
auto.tcl: Setting watchdog for 200 seconds at Tue Oct 13 11:56:22 UTC 2020
7 ms. Memory: 51200K Free: 26362K (51%)
ptolemy.util.test.WatchDog.cancel(): canceling Tue Oct 13 11:56:22 UTC 2020
------------------ testing $PTII/ptolemy/domains/de/test/auto/ResetTransitionWithStartTime4.xml
auto.tcl: Setting watchdog for 200 seconds at Tue Oct 13 11:56:22 UTC 2020
7 ms. Memory: 51200K Free: 28828K (56%)
ptolemy.util.test.WatchDog.cancel(): canceling Tue Oct 13 11:56:22 UTC 2020
auto.tcl: Setting watchdog for 200 seconds at Tue Oct 13 11:56:22 UTC 2020
2 ms. Memory: 51200K Free: 27382K (53%)
ptolemy.util.test.WatchDog.cancel(): canceling Tue Oct 13 11:56:22 UTC 2020
------------------ testing $PTII/ptolemy/domains/de/test/auto/ResettableTimer1.xml
auto.tcl: Setting watchdog for 200 seconds at Tue Oct 13 11:56:22 UTC 2020
2 ms. Memory: 51200K Free: 32576K (64%)
ptolemy.util.test.WatchDog.cancel(): canceling Tue Oct 13 11:56:22 UTC 2020
auto.tcl: Setting watchdog for 200 seconds at Tue Oct 13 11:56:22 UTC 2020
2 ms. Memory: 51200K Free: 31938K (62%)
ptolemy.util.test.WatchDog.cancel(): canceling Tue Oct 13 11:56:22 UTC 2020
------------------ testing $PTII/ptolemy/domains/de/test/auto/ResettableTimer2.xml
auto.tcl: Setting watchdog for 200 seconds at Tue Oct 13 11:56:22 UTC 2020
3 ms. Memory: 51200K Free: 32654K (64%)
ptolemy.util.test.WatchDog.cancel(): canceling Tue Oct 13 11:56:22 UTC 2020
auto.tcl: Setting watchdog for 200 seconds at Tue Oct 13 11:56:22 UTC 2020
2 ms. Memory: 51200K Free: 32024K (63%)
ptolemy.util.test.WatchDog.cancel(): canceling Tue Oct 13 11:56:22 UTC 2020
------------------ testing $PTII/ptolemy/domains/de/test/auto/ResettableTimer3.xml
auto.tcl: Setting watchdog for 200 seconds at Tue Oct 13 11:56:22 UTC 2020
1 ms. Memory: 51200K Free: 32521K (64%)
ptolemy.util.test.WatchDog.cancel(): canceling Tue Oct 13 11:56:22 UTC 2020
auto.tcl: Setting watchdog for 200 seconds at Tue Oct 13 11:56:22 UTC 2020
2 ms. Memory: 51200K Free: 32521K (64%)
ptolemy.util.test.WatchDog.cancel(): canceling Tue Oct 13 11:56:22 UTC 2020
------------------ testing $PTII/ptolemy/domains/de/test/auto/ResettableTimer4.xml
auto.tcl: Setting watchdog for 200 seconds at Tue Oct 13 11:56:22 UTC 2020
2 ms. Memory: 51200K Free: 32534K (64%)
ptolemy.util.test.WatchDog.cancel(): canceling Tue Oct 13 11:56:22 UTC 2020
auto.tcl: Setting watchdog for 200 seconds at Tue Oct 13 11:56:22 UTC 2020
2 ms. Memory: 51200K Free: 32036K (63%)
ptolemy.util.test.WatchDog.cancel(): canceling Tue Oct 13 11:56:22 UTC 2020
------------------ testing $PTII/ptolemy/domains/de/test/auto/ResettableTimer5.xml
auto.tcl: Setting watchdog for 200 seconds at Tue Oct 13 11:56:22 UTC 2020
2 ms. Memory: 51200K Free: 31983K (62%)
ptolemy.util.test.WatchDog.cancel(): canceling Tue Oct 13 11:56:22 UTC 2020
auto.tcl: Setting watchdog for 200 seconds at Tue Oct 13 11:56:22 UTC 2020
1 ms. Memory: 51200K Free: 31503K (62%)
ptolemy.util.test.WatchDog.cancel(): canceling Tue Oct 13 11:56:22 UTC 2020
------------------ testing $PTII/ptolemy/domains/de/test/auto/ResettableTimer6.xml
auto.tcl: Setting watchdog for 200 seconds at Tue Oct 13 11:56:22 UTC 2020
1 ms. Memory: 51200K Free: 32004K (63%)
ptolemy.util.test.WatchDog.cancel(): canceling Tue Oct 13 11:56:22 UTC 2020
auto.tcl: Setting watchdog for 200 seconds at Tue Oct 13 11:56:22 UTC 2020
1 ms. Memory: 51200K Free: 31494K (62%)
ptolemy.util.test.WatchDog.cancel(): canceling Tue Oct 13 11:56:23 UTC 2020
------------------ testing $PTII/ptolemy/domains/de/test/auto/ServerZeroDelay.xml
auto.tcl: Setting watchdog for 200 seconds at Tue Oct 13 11:56:23 UTC 2020
4 ms. Memory: 51200K Free: 32509K (63%)
ptolemy.util.test.WatchDog.cancel(): canceling Tue Oct 13 11:56:23 UTC 2020
auto.tcl: Setting watchdog for 200 seconds at Tue Oct 13 11:56:23 UTC 2020
2 ms. Memory: 51200K Free: 31485K (61%)
ptolemy.util.test.WatchDog.cancel(): canceling Tue Oct 13 11:56:23 UTC 2020
------------------ testing $PTII/ptolemy/domains/de/test/auto/SmartSender.xml
auto.tcl: Setting watchdog for 200 seconds at Tue Oct 13 11:56:23 UTC 2020
3001 ms. Memory: 51200K Free: 32503K (63%)
ptolemy.util.test.WatchDog.cancel(): canceling Tue Oct 13 11:56:26 UTC 2020
auto.tcl: Setting watchdog for 200 seconds at Tue Oct 13 11:56:26 UTC 2020
3002 ms. Memory: 51200K Free: 32010K (63%)
ptolemy.util.test.WatchDog.cancel(): canceling Tue Oct 13 11:56:29 UTC 2020
------------------ testing $PTII/ptolemy/domains/de/test/auto/ThreadedComposite.xml
auto.tcl: Setting watchdog for 200 seconds at Tue Oct 13 11:56:29 UTC 2020
235 ms. Memory: 51200K Free: 13062K (26%)
ptolemy.util.test.WatchDog.cancel(): canceling Tue Oct 13 11:56:29 UTC 2020
auto.tcl: Setting watchdog for 200 seconds at Tue Oct 13 11:56:29 UTC 2020
198 ms. Memory: 51200K Free: 26982K (53%)
ptolemy.util.test.WatchDog.cancel(): canceling Tue Oct 13 11:56:29 UTC 2020
------------------ testing $PTII/ptolemy/domains/de/test/auto/Time.xml
auto.tcl: Setting watchdog for 200 seconds at Tue Oct 13 11:56:29 UTC 2020
530 ms. Memory: 69632K Free: 51527K (74%)
ptolemy.util.test.WatchDog.cancel(): canceling Tue Oct 13 11:56:30 UTC 2020
auto.tcl: Setting watchdog for 200 seconds at Tue Oct 13 11:56:30 UTC 2020
537 ms. Memory: 69632K Free: 34111K (49%)
ptolemy.util.test.WatchDog.cancel(): canceling Tue Oct 13 11:56:30 UTC 2020
------------------ testing $PTII/ptolemy/domains/de/test/auto/TimeDelayZeroDelay.xml
auto.tcl: Setting watchdog for 200 seconds at Tue Oct 13 11:56:30 UTC 2020
2 ms. Memory: 51200K Free: 32433K (63%)
ptolemy.util.test.WatchDog.cancel(): canceling Tue Oct 13 11:56:30 UTC 2020
auto.tcl: Setting watchdog for 200 seconds at Tue Oct 13 11:56:30 UTC 2020
2 ms. Memory: 51200K Free: 31967K (62%)
ptolemy.util.test.WatchDog.cancel(): canceling Tue Oct 13 11:56:30 UTC 2020
------------------ testing $PTII/ptolemy/domains/de/test/auto/TimerZeroDelay.xml
auto.tcl: Setting watchdog for 200 seconds at Tue Oct 13 11:56:30 UTC 2020
2 ms. Memory: 51200K Free: 32850K (64%)
ptolemy.util.test.WatchDog.cancel(): canceling Tue Oct 13 11:56:30 UTC 2020
auto.tcl: Setting watchdog for 200 seconds at Tue Oct 13 11:56:30 UTC 2020
2 ms. Memory: 51200K Free: 32017K (63%)
ptolemy.util.test.WatchDog.cancel(): canceling Tue Oct 13 11:56:30 UTC 2020
------------------ testing $PTII/ptolemy/domains/de/test/auto/TimingParadox.xml
auto.tcl: Setting watchdog for 200 seconds at Tue Oct 13 11:56:30 UTC 2020
346 ms. Memory: 51200K Free: 19557K (38%)
ptolemy.util.test.WatchDog.cancel(): canceling Tue Oct 13 11:56:31 UTC 2020
auto.tcl: Setting watchdog for 200 seconds at Tue Oct 13 11:56:31 UTC 2020
287 ms. Memory: 51200K Free: 8719K (17%)
ptolemy.util.test.WatchDog.cancel(): canceling Tue Oct 13 11:56:31 UTC 2020
------------------ testing $PTII/ptolemy/domains/de/test/auto/TransferInputs.xml
auto.tcl: Setting watchdog for 200 seconds at Tue Oct 13 11:56:31 UTC 2020
1 ms. Memory: 51200K Free: 30945K (60%)
ptolemy.util.test.WatchDog.cancel(): canceling Tue Oct 13 11:56:31 UTC 2020
auto.tcl: Setting watchdog for 200 seconds at Tue Oct 13 11:56:31 UTC 2020
1 ms. Memory: 51200K Free: 30031K (59%)
ptolemy.util.test.WatchDog.cancel(): canceling Tue Oct 13 11:56:31 UTC 2020
------------------ testing $PTII/ptolemy/domains/de/test/auto/TransferOutputs2.xml
auto.tcl: Setting watchdog for 200 seconds at Tue Oct 13 11:56:31 UTC 2020
3 ms. Memory: 51200K Free: 28386K (55%)
ptolemy.util.test.WatchDog.cancel(): canceling Tue Oct 13 11:56:31 UTC 2020
auto.tcl: Setting watchdog for 200 seconds at Tue Oct 13 11:56:31 UTC 2020
3 ms. Memory: 51200K Free: 26960K (53%)
ptolemy.util.test.WatchDog.cancel(): canceling Tue Oct 13 11:56:31 UTC 2020
------------------ testing $PTII/ptolemy/domains/de/test/auto/Trilateration.xml
auto.tcl: Setting watchdog for 200 seconds at Tue Oct 13 11:56:31 UTC 2020
13903 ms. Memory: 588800K Free: 409409K (70%)
ptolemy.util.test.WatchDog.cancel(): canceling Tue Oct 13 11:56:46 UTC 2020
auto.tcl: Setting watchdog for 200 seconds at Tue Oct 13 11:56:46 UTC 2020
10187 ms. Memory: 588800K Free: 539055K (92%)
ptolemy.util.test.WatchDog.cancel(): canceling Tue Oct 13 11:56:57 UTC 2020
------------------ testing $PTII/ptolemy/domains/de/test/auto/TwoSigmaDelta.xml
auto.tcl: Setting watchdog for 200 seconds at Tue Oct 13 11:56:57 UTC 2020
2355 ms. Memory: 92160K Free: 31157K (34%)
ptolemy.util.test.WatchDog.cancel(): canceling Tue Oct 13 11:56:59 UTC 2020
auto.tcl: Setting watchdog for 200 seconds at Tue Oct 13 11:56:59 UTC 2020
1906 ms. Memory: 92160K Free: 22437K (24%)
ptolemy.util.test.WatchDog.cancel(): canceling Tue Oct 13 11:57:01 UTC 2020
------------------ testing $PTII/ptolemy/domains/de/test/auto/VariableDelay.xml
auto.tcl: Setting watchdog for 200 seconds at Tue Oct 13 11:57:01 UTC 2020
2 ms. Memory: 55296K Free: 35515K (64%)
ptolemy.util.test.WatchDog.cancel(): canceling Tue Oct 13 11:57:01 UTC 2020
auto.tcl: Setting watchdog for 200 seconds at Tue Oct 13 11:57:01 UTC 2020
1 ms. Memory: 55296K Free: 34521K (62%)
ptolemy.util.test.WatchDog.cancel(): canceling Tue Oct 13 11:57:01 UTC 2020
------------------ testing $PTII/ptolemy/domains/de/test/auto/VariableDelay2.xml
auto.tcl: Setting watchdog for 200 seconds at Tue Oct 13 11:57:01 UTC 2020
9 ms. Memory: 55296K Free: 36108K (65%)
ptolemy.util.test.WatchDog.cancel(): canceling Tue Oct 13 11:57:01 UTC 2020
auto.tcl: Setting watchdog for 200 seconds at Tue Oct 13 11:57:01 UTC 2020
2 ms. Memory: 55296K Free: 35596K (64%)
ptolemy.util.test.WatchDog.cancel(): canceling Tue Oct 13 11:57:01 UTC 2020
------------------ testing $PTII/ptolemy/domains/de/test/auto/VariableDelayZeroDelay.xml
auto.tcl: Setting watchdog for 200 seconds at Tue Oct 13 11:57:01 UTC 2020
2 ms. Memory: 51200K Free: 32459K (63%)
ptolemy.util.test.WatchDog.cancel(): canceling Tue Oct 13 11:57:01 UTC 2020
auto.tcl: Setting watchdog for 200 seconds at Tue Oct 13 11:57:01 UTC 2020
2 ms. Memory: 51200K Free: 31832K (62%)
ptolemy.util.test.WatchDog.cancel(): canceling Tue Oct 13 11:57:01 UTC 2020
------------------ testing $PTII/ptolemy/domains/de/test/auto/VariableDelayZeroDelay2.xml
auto.tcl: Setting watchdog for 200 seconds at Tue Oct 13 11:57:01 UTC 2020
2 ms. Memory: 51200K Free: 32359K (63%)
ptolemy.util.test.WatchDog.cancel(): canceling Tue Oct 13 11:57:01 UTC 2020
auto.tcl: Setting watchdog for 200 seconds at Tue Oct 13 11:57:01 UTC 2020
2 ms. Memory: 51200K Free: 31335K (61%)
ptolemy.util.test.WatchDog.cancel(): canceling Tue Oct 13 11:57:01 UTC 2020
------------------ testing $PTII/ptolemy/domains/de/test/auto/deInCt.xml
auto.tcl: Setting watchdog for 200 seconds at Tue Oct 13 11:57:01 UTC 2020
0
1
1
1
1
1
1
1
0
0
0
0
1
1
0
0
0
0
0
1
1
1
1
0
0
0
1
1
1
12 ms. Memory: 51200K Free: 31333K (61%)
ptolemy.util.test.WatchDog.cancel(): canceling Tue Oct 13 11:57:01 UTC 2020
auto.tcl: Setting watchdog for 200 seconds at Tue Oct 13 11:57:01 UTC 2020
0
1
1
0
0
0
1
1
1
0
0
0
1
1
1
0
0
0
1
1
1
1
1
1
1
1
0
0
0
1
1
1
1
9 ms. Memory: 51200K Free: 29795K (58%)
ptolemy.util.test.WatchDog.cancel(): canceling Tue Oct 13 11:57:01 UTC 2020
------------------ testing $PTII/ptolemy/domains/de/test/auto/deInCt2.xml
auto.tcl: Setting watchdog for 200 seconds at Tue Oct 13 11:57:01 UTC 2020
0
1
1
1
0
0
1
1
1
0
0
1
1
1
0
0
1
1
1
0
0
1
1
1
0
0
1
1
1
0
0
1
1
1
0
0
1
1
1
0
0
0
9 ms. Memory: 51200K Free: 31335K (61%)
ptolemy.util.test.WatchDog.cancel(): canceling Tue Oct 13 11:57:01 UTC 2020
auto.tcl: Setting watchdog for 200 seconds at Tue Oct 13 11:57:01 UTC 2020
0
1
1
1
0
0
1
1
1
0
0
1
1
1
0
0
1
1
1
0
0
1
1
1
0
0
1
1
1
0
0
1
1
1
0
0
1
1
1
0
0
0
9 ms. Memory: 51200K Free: 29783K (58%)
ptolemy.util.test.WatchDog.cancel(): canceling Tue Oct 13 11:57:01 UTC 2020
------------------ testing $PTII/ptolemy/domains/de/test/auto/dynamicCausalityInterface1.xml
auto.tcl: Setting watchdog for 200 seconds at Tue Oct 13 11:57:01 UTC 2020
1 ms. Memory: 51200K Free: 27234K (53%)
ptolemy.util.test.WatchDog.cancel(): canceling Tue Oct 13 11:57:02 UTC 2020
auto.tcl: Setting watchdog for 200 seconds at Tue Oct 13 11:57:02 UTC 2020
1 ms. Memory: 51200K Free: 26724K (52%)
ptolemy.util.test.WatchDog.cancel(): canceling Tue Oct 13 11:57:02 UTC 2020
------------------ testing $PTII/ptolemy/domains/de/test/auto/fsm_de_test.xml
auto.tcl: Setting watchdog for 200 seconds at Tue Oct 13 11:57:02 UTC 2020
16 ms. Memory: 51200K Free: 27132K (53%)
ptolemy.util.test.WatchDog.cancel(): canceling Tue Oct 13 11:57:02 UTC 2020
auto.tcl: Setting watchdog for 200 seconds at Tue Oct 13 11:57:02 UTC 2020
6 ms. Memory: 51200K Free: 25084K (49%)
ptolemy.util.test.WatchDog.cancel(): canceling Tue Oct 13 11:57:02 UTC 2020
------------------ testing $PTII/ptolemy/domains/de/test/auto/functionDependencyReconstruction.xml
auto.tcl: Setting watchdog for 200 seconds at Tue Oct 13 11:57:02 UTC 2020
2 ms. Memory: 51200K Free: 20978K (41%)
ptolemy.util.test.WatchDog.cancel(): canceling Tue Oct 13 11:57:02 UTC 2020
auto.tcl: Setting watchdog for 200 seconds at Tue Oct 13 11:57:02 UTC 2020
2 ms. Memory: 51200K Free: 18930K (37%)
ptolemy.util.test.WatchDog.cancel(): canceling Tue Oct 13 11:57:02 UTC 2020
------------------ testing $PTII/ptolemy/domains/de/test/auto/multirate.xml
auto.tcl: Setting watchdog for 200 seconds at Tue Oct 13 11:57:02 UTC 2020
3 ms. Memory: 51200K Free: 29548K (58%)
ptolemy.util.test.WatchDog.cancel(): canceling Tue Oct 13 11:57:02 UTC 2020
auto.tcl: Setting watchdog for 200 seconds at Tue Oct 13 11:57:02 UTC 2020
3 ms. Memory: 51200K Free: 28028K (55%)
ptolemy.util.test.WatchDog.cancel(): canceling Tue Oct 13 11:57:02 UTC 2020
------------------ testing $PTII/ptolemy/domains/de/test/auto/multirate2.xml
auto.tcl: Setting watchdog for 200 seconds at Tue Oct 13 11:57:02 UTC 2020
5 ms. Memory: 51200K Free: 29954K (59%)
ptolemy.util.test.WatchDog.cancel(): canceling Tue Oct 13 11:57:02 UTC 2020
auto.tcl: Setting watchdog for 200 seconds at Tue Oct 13 11:57:02 UTC 2020
3 ms. Memory: 51200K Free: 28229K (55%)
ptolemy.util.test.WatchDog.cancel(): canceling Tue Oct 13 11:57:02 UTC 2020
------------------ testing $PTII/ptolemy/domains/de/test/auto/realtime.xml
auto.tcl: Setting watchdog for 200 seconds at Tue Oct 13 11:57:02 UTC 2020
10001 ms. Memory: 51200K Free: 32004K (63%)
ptolemy.util.test.WatchDog.cancel(): canceling Tue Oct 13 11:57:12 UTC 2020
auto.tcl: Setting watchdog for 200 seconds at Tue Oct 13 11:57:12 UTC 2020
10003 ms. Memory: 51200K Free: 31279K (61%)
ptolemy.util.test.WatchDog.cancel(): canceling Tue Oct 13 11:57:22 UTC 2020
------------------ testing $PTII/ptolemy/domains/de/test/auto/relationGroup.xml
auto.tcl: Setting watchdog for 200 seconds at Tue Oct 13 11:57:22 UTC 2020
3 ms. Memory: 51200K Free: 33085K (65%)
ptolemy.util.test.WatchDog.cancel(): canceling Tue Oct 13 11:57:22 UTC 2020
auto.tcl: Setting watchdog for 200 seconds at Tue Oct 13 11:57:22 UTC 2020
1 ms. Memory: 51200K Free: 32557K (64%)
ptolemy.util.test.WatchDog.cancel(): canceling Tue Oct 13 11:57:22 UTC 2020
------------------ testing $PTII/ptolemy/domains/de/test/auto/relationGroup2.xml
auto.tcl: Setting watchdog for 200 seconds at Tue Oct 13 11:57:22 UTC 2020
1 ms. Memory: 51200K Free: 33111K (65%)
ptolemy.util.test.WatchDog.cancel(): canceling Tue Oct 13 11:57:22 UTC 2020
auto.tcl: Setting watchdog for 200 seconds at Tue Oct 13 11:57:22 UTC 2020
2 ms. Memory: 51200K Free: 32599K (64%)
ptolemy.util.test.WatchDog.cancel(): canceling Tue Oct 13 11:57:22 UTC 2020
------------------ testing $PTII/ptolemy/domains/de/test/auto/sortWithOpaquePorts.xml
auto.tcl: Setting watchdog for 200 seconds at Tue Oct 13 11:57:22 UTC 2020
2 ms. Memory: 51200K Free: 31859K (62%)
ptolemy.util.test.WatchDog.cancel(): canceling Tue Oct 13 11:57:22 UTC 2020
auto.tcl: Setting watchdog for 200 seconds at Tue Oct 13 11:57:22 UTC 2020
2 ms. Memory: 51200K Free: 30835K (60%)
ptolemy.util.test.WatchDog.cancel(): canceling Tue Oct 13 11:57:22 UTC 2020
------------------ testing $PTII/ptolemy/domains/de/test/auto/transferInputsandOutputs.xml
auto.tcl: Setting watchdog for 200 seconds at Tue Oct 13 11:57:22 UTC 2020
3 ms. Memory: 51200K Free: 29302K (57%)
ptolemy.util.test.WatchDog.cancel(): canceling Tue Oct 13 11:57:22 UTC 2020
auto.tcl: Setting watchdog for 200 seconds at Tue Oct 13 11:57:22 UTC 2020
2 ms. Memory: 51200K Free: 28278K (55%)
ptolemy.util.test.WatchDog.cancel(): canceling Tue Oct 13 11:57:22 UTC 2020
------------------ testing $PTII/ptolemy/domains/de/test/auto/triggerType.xml
auto.tcl: Setting watchdog for 200 seconds at Tue Oct 13 11:57:22 UTC 2020
1 ms. Memory: 51200K Free: 32328K (63%)
ptolemy.util.test.WatchDog.cancel(): canceling Tue Oct 13 11:57:22 UTC 2020
auto.tcl: Setting watchdog for 200 seconds at Tue Oct 13 11:57:22 UTC 2020
2 ms. Memory: 51200K Free: 31304K (61%)
ptolemy.util.test.WatchDog.cancel(): canceling Tue Oct 13 11:57:22 UTC 2020
10/13/20 11:57:22
Failed: 0  Total Tests: 192  ((Passed: 187, Newly Passed: 1)  Known Failed: 5) /home/travis/build/icyphy/ptII/ptolemy/domains/de/test
10/13/20 11:57:22
Failed: 0  Total Tests: 192  ((Passed: 187, Newly Passed: 1)  Known Failed: 5) /home/travis/build/icyphy/ptII/ptolemy/domains/de/test
----------------- testing (KnownFailure) /home/travis/build/icyphy/ptII/ptolemy/domains/de/test/auto/knownFailedTests/DESDFClockTest.xml
2011 ms. Memory: 51200K Free: 25722K (50%)
Known Failure: java.lang.reflect.InvocationTargetException
----------------- testing (KnownFailure) /home/travis/build/icyphy/ptII/ptolemy/domains/de/test/auto/knownFailedTests/DirectFeedback.xml
7 ms. Memory: 51200K Free: 22140K (43%)
Known Failure: java.lang.reflect.InvocationTargetException
----------------- testing (KnownFailure) /home/travis/build/icyphy/ptII/ptolemy/domains/de/test/auto/knownFailedTests/FSMSource.xml
6 ms. Memory: 51200K Free: 14972K (29%)
----------------- testing (KnownFailure) /home/travis/build/icyphy/ptII/ptolemy/domains/de/test/auto/knownFailedTests/HierarchicalModel.xml
2 ms. Memory: 51200K Free: 28104K (55%)
Known Failure: java.lang.reflect.InvocationTargetException
----------------- testing (KnownFailure) /home/travis/build/icyphy/ptII/ptolemy/domains/de/test/auto/knownFailedTests/dependencyLoop.xml
2 ms. Memory: 51200K Free: 12551K (25%)
Known Failure: java.lang.reflect.InvocationTargetException
----------------- testing (KnownFailure) /home/travis/build/icyphy/ptII/ptolemy/domains/de/test/auto/knownFailedTests/dependencyLoop2.xml
2 ms. Memory: 51200K Free: 26154K (51%)
Known Failure: java.lang.reflect.InvocationTargetException
No auto/linux-amd64/*.xml tests in /home/travis/build/icyphy/ptII/ptolemy/domains/de/test
AutoTests.java: About to close Vertx.
AutoTests.java: Vertx closed.

===========================================================================================
----------------- testing Tue Oct 13 11:57:25 UTC 2020 /home/travis/build/icyphy/ptII/ptolemy/domains/de/test/auto/ActorDepthCalculation_actorWithoutPorts.xml
----------------- Instantiating /home/travis/build/icyphy/ptII/ptolemy/domains/de/test/auto/ActorDepthCalculation_actorWithoutPorts.xml
3 ms. Memory: 51200K Free: 19319K (38%)
----------------- Invoking toplevel() on ptolemy.moml.MoMLSimpleApplication@6c02127d
----------------- Done invoking toplevel() on ptolemy.moml.MoMLSimpleApplication@6c02127d
reloadAllAccessors: .ActorDepthCalculation_actorWithoutPorts

===========================================================================================
----------------- testing Tue Oct 13 11:57:25 UTC 2020 /home/travis/build/icyphy/ptII/ptolemy/domains/de/test/auto/AssemblyLine.xml
----------------- Instantiating /home/travis/build/icyphy/ptII/ptolemy/domains/de/test/auto/AssemblyLine.xml
3 ms. Memory: 51200K Free: 12440K (24%)
----------------- Invoking toplevel() on ptolemy.moml.MoMLSimpleApplication@4888d3a7
----------------- Done invoking toplevel() on ptolemy.moml.MoMLSimpleApplication@4888d3a7
reloadAllAccessors: .AssemblyLine

===========================================================================================
----------------- testing Tue Oct 13 11:57:25 UTC 2020 /home/travis/build/icyphy/ptII/ptolemy/domains/de/test/auto/CQBug1.xml
----------------- Instantiating /home/travis/build/icyphy/ptII/ptolemy/domains/de/test/auto/CQBug1.xml
1 ms. Memory: 51200K Free: 9368K (18%)
----------------- Invoking toplevel() on ptolemy.moml.MoMLSimpleApplication@76ec3fee
----------------- Done invoking toplevel() on ptolemy.moml.MoMLSimpleApplication@76ec3fee
reloadAllAccessors: .CQBug1

===========================================================================================
----------------- testing Tue Oct 13 11:57:25 UTC 2020 /home/travis/build/icyphy/ptII/ptolemy/domains/de/test/auto/CancelFireAt.xml
----------------- Instantiating /home/travis/build/icyphy/ptII/ptolemy/domains/de/test/auto/CancelFireAt.xml
5 ms. Memory: 51200K Free: 35932K (70%)
----------------- Invoking toplevel() on ptolemy.moml.MoMLSimpleApplication@4df64f21
----------------- Done invoking toplevel() on ptolemy.moml.MoMLSimpleApplication@4df64f21
reloadAllAccessors: .CancelFireAt

===========================================================================================
----------------- testing Tue Oct 13 11:57:25 UTC 2020 /home/travis/build/icyphy/ptII/ptolemy/domains/de/test/auto/CausalityAndComposabilityAnalysis.xml
----------------- Instantiating /home/travis/build/icyphy/ptII/ptolemy/domains/de/test/auto/CausalityAndComposabilityAnalysis.xml
5 ms. Memory: 51200K Free: 31555K (62%)
----------------- Invoking toplevel() on ptolemy.moml.MoMLSimpleApplication@3241446
----------------- Done invoking toplevel() on ptolemy.moml.MoMLSimpleApplication@3241446
reloadAllAccessors: .CausalityAndComposabilityAnalysis

===========================================================================================
----------------- testing Tue Oct 13 11:57:25 UTC 2020 /home/travis/build/icyphy/ptII/ptolemy/domains/de/test/auto/CausalityInterface1.xml
----------------- Instantiating /home/travis/build/icyphy/ptII/ptolemy/domains/de/test/auto/CausalityInterface1.xml
4 ms. Memory: 51200K Free: 26618K (52%)
----------------- Invoking toplevel() on ptolemy.moml.MoMLSimpleApplication@1fd6248
----------------- Done invoking toplevel() on ptolemy.moml.MoMLSimpleApplication@1fd6248
reloadAllAccessors: .CausalityInterface1

===========================================================================================
----------------- testing Tue Oct 13 11:57:25 UTC 2020 /home/travis/build/icyphy/ptII/ptolemy/domains/de/test/auto/CausalityInterface15.xml
----------------- Instantiating /home/travis/build/icyphy/ptII/ptolemy/domains/de/test/auto/CausalityInterface15.xml
9 ms. Memory: 51200K Free: 21052K (41%)
----------------- Invoking toplevel() on ptolemy.moml.MoMLSimpleApplication@7fa50307
----------------- Done invoking toplevel() on ptolemy.moml.MoMLSimpleApplication@7fa50307
reloadAllAccessors: .CausalityInterface15

===========================================================================================
----------------- testing Tue Oct 13 11:57:25 UTC 2020 /home/travis/build/icyphy/ptII/ptolemy/domains/de/test/auto/CausalityInterface2.xml
----------------- Instantiating /home/travis/build/icyphy/ptII/ptolemy/domains/de/test/auto/CausalityInterface2.xml
2 ms. Memory: 51200K Free: 16586K (32%)
----------------- Invoking toplevel() on ptolemy.moml.MoMLSimpleApplication@18dfc6ef
----------------- Done invoking toplevel() on ptolemy.moml.MoMLSimpleApplication@18dfc6ef
reloadAllAccessors: .CausalityInterface2

===========================================================================================
----------------- testing Tue Oct 13 11:57:25 UTC 2020 /home/travis/build/icyphy/ptII/ptolemy/domains/de/test/auto/CausalityInterface3.xml
----------------- Instantiating /home/travis/build/icyphy/ptII/ptolemy/domains/de/test/auto/CausalityInterface3.xml
3 ms. Memory: 51200K Free: 11711K (23%)
----------------- Invoking toplevel() on ptolemy.moml.MoMLSimpleApplication@5a01cf09
----------------- Done invoking toplevel() on ptolemy.moml.MoMLSimpleApplication@5a01cf09
reloadAllAccessors: .CausalityInterface3

===========================================================================================
----------------- testing Tue Oct 13 11:57:25 UTC 2020 /home/travis/build/icyphy/ptII/ptolemy/domains/de/test/auto/ClockDrift.xml
----------------- Instantiating /home/travis/build/icyphy/ptII/ptolemy/domains/de/test/auto/ClockDrift.xml
15 ms. Memory: 51200K Free: 28106K (55%)
----------------- Invoking toplevel() on ptolemy.moml.MoMLSimpleApplication@7c9b9bda
----------------- Done invoking toplevel() on ptolemy.moml.MoMLSimpleApplication@7c9b9bda
reloadAllAccessors: .ClockDrift

===========================================================================================
----------------- testing Tue Oct 13 11:57:25 UTC 2020 /home/travis/build/icyphy/ptII/ptolemy/domains/de/test/auto/ClockDriftAndValueChange.xml
----------------- Instantiating /home/travis/build/icyphy/ptII/ptolemy/domains/de/test/auto/ClockDriftAndValueChange.xml
9 ms. Memory: 51200K Free: 16391K (32%)
----------------- Invoking toplevel() on ptolemy.moml.MoMLSimpleApplication@676a7148
----------------- Done invoking toplevel() on ptolemy.moml.MoMLSimpleApplication@676a7148
reloadAllAccessors: .ClockDriftAndValueChange

===========================================================================================
----------------- testing Tue Oct 13 11:57:25 UTC 2020 /home/travis/build/icyphy/ptII/ptolemy/domains/de/test/auto/ClockDriftChange.xml
----------------- Instantiating /home/travis/build/icyphy/ptII/ptolemy/domains/de/test/auto/ClockDriftChange.xml
13 ms. Memory: 51200K Free: 35315K (69%)
----------------- Invoking toplevel() on ptolemy.moml.MoMLSimpleApplication@59a6ec29
----------------- Done invoking toplevel() on ptolemy.moml.MoMLSimpleApplication@59a6ec29
reloadAllAccessors: .ClockDriftChange

===========================================================================================
----------------- testing Tue Oct 13 11:57:25 UTC 2020 /home/travis/build/icyphy/ptII/ptolemy/domains/de/test/auto/ComposableCausalityAnalysis.xml
----------------- Instantiating /home/travis/build/icyphy/ptII/ptolemy/domains/de/test/auto/ComposableCausalityAnalysis.xml
1 ms. Memory: 51200K Free: 29301K (57%)
----------------- Invoking toplevel() on ptolemy.moml.MoMLSimpleApplication@6f94951c
----------------- Done invoking toplevel() on ptolemy.moml.MoMLSimpleApplication@6f94951c
reloadAllAccessors: .ComposableCausalityAnalysis

===========================================================================================
----------------- testing Tue Oct 13 11:57:25 UTC 2020 /home/travis/build/icyphy/ptII/ptolemy/domains/de/test/auto/DEFixedPointLimitation.xml
----------------- Instantiating /home/travis/build/icyphy/ptII/ptolemy/domains/de/test/auto/DEFixedPointLimitation.xml
1 ms. Memory: 51200K Free: 24641K (48%)
----------------- Invoking toplevel() on ptolemy.moml.MoMLSimpleApplication@8c16e43
----------------- Done invoking toplevel() on ptolemy.moml.MoMLSimpleApplication@8c16e43
reloadAllAccessors: .DEFixedPointLimitation

===========================================================================================
----------------- testing Tue Oct 13 11:57:25 UTC 2020 /home/travis/build/icyphy/ptII/ptolemy/domains/de/test/auto/DEScheduleTest.xml
----------------- Instantiating /home/travis/build/icyphy/ptII/ptolemy/domains/de/test/auto/DEScheduleTest.xml
2 ms. Memory: 51200K Free: 20354K (40%)
----------------- Invoking toplevel() on ptolemy.moml.MoMLSimpleApplication@6f928488
----------------- Done invoking toplevel() on ptolemy.moml.MoMLSimpleApplication@6f928488
reloadAllAccessors: .DEScheduleTest

===========================================================================================
----------------- testing Tue Oct 13 11:57:25 UTC 2020 /home/travis/build/icyphy/ptII/ptolemy/domains/de/test/auto/DEinDEwithStartTimes.xml
----------------- Instantiating /home/travis/build/icyphy/ptII/ptolemy/domains/de/test/auto/DEinDEwithStartTimes.xml
2 ms. Memory: 51200K Free: 14595K (29%)
----------------- Invoking toplevel() on ptolemy.moml.MoMLSimpleApplication@16e0abd7
----------------- Done invoking toplevel() on ptolemy.moml.MoMLSimpleApplication@16e0abd7
reloadAllAccessors: .DEinDEwithStartTimes

===========================================================================================
----------------- testing Tue Oct 13 11:57:25 UTC 2020 /home/travis/build/icyphy/ptII/ptolemy/domains/de/test/auto/DEinDEwithStartTimes2.xml
----------------- Instantiating /home/travis/build/icyphy/ptII/ptolemy/domains/de/test/auto/DEinDEwithStartTimes2.xml
2 ms. Memory: 51200K Free: 8220K (16%)
----------------- Invoking toplevel() on ptolemy.moml.MoMLSimpleApplication@3cd22a57
----------------- Done invoking toplevel() on ptolemy.moml.MoMLSimpleApplication@3cd22a57
reloadAllAccessors: .DEinDEwithStartTimes2

===========================================================================================
----------------- testing Tue Oct 13 11:57:25 UTC 2020 /home/travis/build/icyphy/ptII/ptolemy/domains/de/test/auto/DateDemo.xml
----------------- Instantiating /home/travis/build/icyphy/ptII/ptolemy/domains/de/test/auto/DateDemo.xml
6 ms. Memory: 51200K Free: 25757K (50%)
----------------- Invoking toplevel() on ptolemy.moml.MoMLSimpleApplication@5a76e757
----------------- Done invoking toplevel() on ptolemy.moml.MoMLSimpleApplication@5a76e757
reloadAllAccessors: .DateDemo

===========================================================================================
----------------- testing Tue Oct 13 11:57:25 UTC 2020 /home/travis/build/icyphy/ptII/ptolemy/domains/de/test/auto/DateToEvent.xml
----------------- Instantiating /home/travis/build/icyphy/ptII/ptolemy/domains/de/test/auto/DateToEvent.xml
2004 ms. Memory: 51200K Free: 10208K (20%)
----------------- Invoking toplevel() on ptolemy.moml.MoMLSimpleApplication@54453ab9
----------------- Done invoking toplevel() on ptolemy.moml.MoMLSimpleApplication@54453ab9
reloadAllAccessors: .DateToEvent

===========================================================================================
----------------- testing Tue Oct 13 11:57:27 UTC 2020 /home/travis/build/icyphy/ptII/ptolemy/domains/de/test/auto/DepthTest1.xml
----------------- Instantiating /home/travis/build/icyphy/ptII/ptolemy/domains/de/test/auto/DepthTest1.xml
1 ms. Memory: 51200K Free: 34979K (68%)
----------------- Invoking toplevel() on ptolemy.moml.MoMLSimpleApplication@13714724
----------------- Done invoking toplevel() on ptolemy.moml.MoMLSimpleApplication@13714724
reloadAllAccessors: .DepthTest1

===========================================================================================
----------------- testing Tue Oct 13 11:57:27 UTC 2020 /home/travis/build/icyphy/ptII/ptolemy/domains/de/test/auto/DepthTest2.xml
----------------- Instantiating /home/travis/build/icyphy/ptII/ptolemy/domains/de/test/auto/DepthTest2.xml
2 ms. Memory: 51200K Free: 28465K (56%)
----------------- Invoking toplevel() on ptolemy.moml.MoMLSimpleApplication@5d7cb1c1
----------------- Done invoking toplevel() on ptolemy.moml.MoMLSimpleApplication@5d7cb1c1
reloadAllAccessors: .DepthTest2

===========================================================================================
----------------- testing Tue Oct 13 11:57:27 UTC 2020 /home/travis/build/icyphy/ptII/ptolemy/domains/de/test/auto/DepthTest3.xml
----------------- Instantiating /home/travis/build/icyphy/ptII/ptolemy/domains/de/test/auto/DepthTest3.xml
1 ms. Memory: 51200K Free: 25331K (49%)
----------------- Invoking toplevel() on ptolemy.moml.MoMLSimpleApplication@717e9ec2
----------------- Done invoking toplevel() on ptolemy.moml.MoMLSimpleApplication@717e9ec2
reloadAllAccessors: .DepthTest3

===========================================================================================
----------------- testing Tue Oct 13 11:57:27 UTC 2020 /home/travis/build/icyphy/ptII/ptolemy/domains/de/test/auto/DepthTest4.xml
----------------- Instantiating /home/travis/build/icyphy/ptII/ptolemy/domains/de/test/auto/DepthTest4.xml
1 ms. Memory: 51200K Free: 20643K (40%)
----------------- Invoking toplevel() on ptolemy.moml.MoMLSimpleApplication@645aa3ae
----------------- Done invoking toplevel() on ptolemy.moml.MoMLSimpleApplication@645aa3ae
reloadAllAccessors: .DepthTest4

===========================================================================================
----------------- testing Tue Oct 13 11:57:27 UTC 2020 /home/travis/build/icyphy/ptII/ptolemy/domains/de/test/auto/DepthTest5.xml
----------------- Instantiating /home/travis/build/icyphy/ptII/ptolemy/domains/de/test/auto/DepthTest5.xml
2 ms. Memory: 51200K Free: 15337K (30%)
----------------- Invoking toplevel() on ptolemy.moml.MoMLSimpleApplication@e34de70
----------------- Done invoking toplevel() on ptolemy.moml.MoMLSimpleApplication@e34de70
reloadAllAccessors: .DepthTest5

===========================================================================================
----------------- testing Tue Oct 13 11:57:27 UTC 2020 /home/travis/build/icyphy/ptII/ptolemy/domains/de/test/auto/DepthTest6.xml
----------------- Instantiating /home/travis/build/icyphy/ptII/ptolemy/domains/de/test/auto/DepthTest6.xml
2 ms. Memory: 51200K Free: 10033K (20%)
----------------- Invoking toplevel() on ptolemy.moml.MoMLSimpleApplication@3dc4b47c
----------------- Done invoking toplevel() on ptolemy.moml.MoMLSimpleApplication@3dc4b47c
reloadAllAccessors: .DepthTest6

===========================================================================================
----------------- testing Tue Oct 13 11:57:27 UTC 2020 /home/travis/build/icyphy/ptII/ptolemy/domains/de/test/auto/DepthTest7.xml
----------------- Instantiating /home/travis/build/icyphy/ptII/ptolemy/domains/de/test/auto/DepthTest7.xml
1 ms. Memory: 51200K Free: 32897K (64%)
----------------- Invoking toplevel() on ptolemy.moml.MoMLSimpleApplication@4da95fb2
----------------- Done invoking toplevel() on ptolemy.moml.MoMLSimpleApplication@4da95fb2
reloadAllAccessors: .DepthTest7

===========================================================================================
----------------- testing Tue Oct 13 11:57:27 UTC 2020 /home/travis/build/icyphy/ptII/ptolemy/domains/de/test/auto/EventToDate.xml
----------------- Instantiating /home/travis/build/icyphy/ptII/ptolemy/domains/de/test/auto/EventToDate.xml
3003 ms. Memory: 51200K Free: 19335K (38%)
----------------- Invoking toplevel() on ptolemy.moml.MoMLSimpleApplication@31afed36
----------------- Done invoking toplevel() on ptolemy.moml.MoMLSimpleApplication@31afed36
reloadAllAccessors: .EventToDate

===========================================================================================
----------------- testing Tue Oct 13 11:57:30 UTC 2020 /home/travis/build/icyphy/ptII/ptolemy/domains/de/test/auto/FSM1.xml
----------------- Instantiating /home/travis/build/icyphy/ptII/ptolemy/domains/de/test/auto/FSM1.xml
18 ms. Memory: 51200K Free: 34992K (68%)
----------------- Invoking toplevel() on ptolemy.moml.MoMLSimpleApplication@2094b465
----------------- Done invoking toplevel() on ptolemy.moml.MoMLSimpleApplication@2094b465
reloadAllAccessors: .FSM1

===========================================================================================
----------------- testing Tue Oct 13 11:57:30 UTC 2020 /home/travis/build/icyphy/ptII/ptolemy/domains/de/test/auto/FSM7.xml
----------------- Instantiating /home/travis/build/icyphy/ptII/ptolemy/domains/de/test/auto/FSM7.xml
16 ms. Memory: 51200K Free: 22431K (44%)
----------------- Invoking toplevel() on ptolemy.moml.MoMLSimpleApplication@4ab00dc9
----------------- Done invoking toplevel() on ptolemy.moml.MoMLSimpleApplication@4ab00dc9
reloadAllAccessors: .FSM7

===========================================================================================
----------------- testing Tue Oct 13 11:57:30 UTC 2020 /home/travis/build/icyphy/ptII/ptolemy/domains/de/test/auto/Inspection.xml
----------------- Instantiating /home/travis/build/icyphy/ptII/ptolemy/domains/de/test/auto/Inspection.xml
12 ms. Memory: 51200K Free: 10143K (20%)
----------------- Invoking toplevel() on ptolemy.moml.MoMLSimpleApplication@444f2622
----------------- Done invoking toplevel() on ptolemy.moml.MoMLSimpleApplication@444f2622
reloadAllAccessors: .Inspection

===========================================================================================
----------------- testing Tue Oct 13 11:57:30 UTC 2020 /home/travis/build/icyphy/ptII/ptolemy/domains/de/test/auto/Iteration.xml
----------------- Instantiating /home/travis/build/icyphy/ptII/ptolemy/domains/de/test/auto/Iteration.xml
11 ms. Memory: 51200K Free: 30650K (60%)
----------------- Invoking toplevel() on ptolemy.moml.MoMLSimpleApplication@61a47a65
----------------- Done invoking toplevel() on ptolemy.moml.MoMLSimpleApplication@61a47a65
reloadAllAccessors: .Iteration

===========================================================================================
----------------- testing Tue Oct 13 11:57:30 UTC 2020 /home/travis/build/icyphy/ptII/ptolemy/domains/de/test/auto/LineFault.xml
----------------- Instantiating /home/travis/build/icyphy/ptII/ptolemy/domains/de/test/auto/LineFault.xml
413 ms. Memory: 51200K Free: 23231K (45%)
----------------- Invoking toplevel() on ptolemy.moml.MoMLSimpleApplication@653db29e
----------------- Done invoking toplevel() on ptolemy.moml.MoMLSimpleApplication@653db29e
reloadAllAccessors: .LineFault

===========================================================================================
----------------- testing Tue Oct 13 11:57:31 UTC 2020 /home/travis/build/icyphy/ptII/ptolemy/domains/de/test/auto/MergeModel1Add.xml
----------------- Instantiating /home/travis/build/icyphy/ptII/ptolemy/domains/de/test/auto/MergeModel1Add.xml
5 ms. Memory: 51200K Free: 30668K (60%)
----------------- Invoking toplevel() on ptolemy.moml.MoMLSimpleApplication@11a628ad
----------------- Done invoking toplevel() on ptolemy.moml.MoMLSimpleApplication@11a628ad
reloadAllAccessors: .MergeModel1Add

===========================================================================================
----------------- testing Tue Oct 13 11:57:31 UTC 2020 /home/travis/build/icyphy/ptII/ptolemy/domains/de/test/auto/MergeModel2Add.xml
----------------- Instantiating /home/travis/build/icyphy/ptII/ptolemy/domains/de/test/auto/MergeModel2Add.xml
5 ms. Memory: 51200K Free: 12492K (24%)
----------------- Invoking toplevel() on ptolemy.moml.MoMLSimpleApplication@78c136de
----------------- Done invoking toplevel() on ptolemy.moml.MoMLSimpleApplication@78c136de
reloadAllAccessors: .MergeModel2Add

===========================================================================================
----------------- testing Tue Oct 13 11:57:31 UTC 2020 /home/travis/build/icyphy/ptII/ptolemy/domains/de/test/auto/MergeModel3Add.xml
----------------- Instantiating /home/travis/build/icyphy/ptII/ptolemy/domains/de/test/auto/MergeModel3Add.xml
5 ms. Memory: 51200K Free: 20514K (40%)
----------------- Invoking toplevel() on ptolemy.moml.MoMLSimpleApplication@5a8ab68d
----------------- Done invoking toplevel() on ptolemy.moml.MoMLSimpleApplication@5a8ab68d
reloadAllAccessors: .MergeModel3Add

===========================================================================================
----------------- testing Tue Oct 13 11:57:31 UTC 2020 /home/travis/build/icyphy/ptII/ptolemy/domains/de/test/auto/MergeWithoutDiscard.xml
----------------- Instantiating /home/travis/build/icyphy/ptII/ptolemy/domains/de/test/auto/MergeWithoutDiscard.xml
1 ms. Memory: 51200K Free: 16356K (32%)
----------------- Invoking toplevel() on ptolemy.moml.MoMLSimpleApplication@2016fcab
----------------- Done invoking toplevel() on ptolemy.moml.MoMLSimpleApplication@2016fcab
reloadAllAccessors: .MergeWithoutDiscard

===========================================================================================
----------------- testing Tue Oct 13 11:57:31 UTC 2020 /home/travis/build/icyphy/ptII/ptolemy/domains/de/test/auto/Modal1.xml
----------------- Instantiating /home/travis/build/icyphy/ptII/ptolemy/domains/de/test/auto/Modal1.xml
9 ms. Memory: 51200K Free: 30013K (59%)
----------------- Invoking toplevel() on ptolemy.moml.MoMLSimpleApplication@1c092e2b
----------------- Done invoking toplevel() on ptolemy.moml.MoMLSimpleApplication@1c092e2b
reloadAllAccessors: .Modal1

===========================================================================================
----------------- testing Tue Oct 13 11:57:31 UTC 2020 /home/travis/build/icyphy/ptII/ptolemy/domains/de/test/auto/Modal2.xml
----------------- Instantiating /home/travis/build/icyphy/ptII/ptolemy/domains/de/test/auto/Modal2.xml
9 ms. Memory: 51200K Free: 17739K (35%)
----------------- Invoking toplevel() on ptolemy.moml.MoMLSimpleApplication@2a26cb2d
----------------- Done invoking toplevel() on ptolemy.moml.MoMLSimpleApplication@2a26cb2d
reloadAllAccessors: .Modal2

===========================================================================================
----------------- testing Tue Oct 13 11:57:31 UTC 2020 /home/travis/build/icyphy/ptII/ptolemy/domains/de/test/auto/Modal3.xml
----------------- Instantiating /home/travis/build/icyphy/ptII/ptolemy/domains/de/test/auto/Modal3.xml
7 ms. Memory: 51200K Free: 31028K (61%)
----------------- Invoking toplevel() on ptolemy.moml.MoMLSimpleApplication@2b398094
----------------- Done invoking toplevel() on ptolemy.moml.MoMLSimpleApplication@2b398094
reloadAllAccessors: .Modal3

===========================================================================================
----------------- testing Tue Oct 13 11:57:31 UTC 2020 /home/travis/build/icyphy/ptII/ptolemy/domains/de/test/auto/Modal4.xml
----------------- Instantiating /home/travis/build/icyphy/ptII/ptolemy/domains/de/test/auto/Modal4.xml
10 ms. Memory: 51200K Free: 17974K (35%)
----------------- Invoking toplevel() on ptolemy.moml.MoMLSimpleApplication@13347105
----------------- Done invoking toplevel() on ptolemy.moml.MoMLSimpleApplication@13347105
reloadAllAccessors: .Modal4

===========================================================================================
----------------- testing Tue Oct 13 11:57:31 UTC 2020 /home/travis/build/icyphy/ptII/ptolemy/domains/de/test/auto/Modal5.xml
----------------- Instantiating /home/travis/build/icyphy/ptII/ptolemy/domains/de/test/auto/Modal5.xml
14 ms. Memory: 51200K Free: 30564K (60%)
----------------- Invoking toplevel() on ptolemy.moml.MoMLSimpleApplication@918c15e
----------------- Done invoking toplevel() on ptolemy.moml.MoMLSimpleApplication@918c15e
reloadAllAccessors: .Modal5

===========================================================================================
----------------- testing Tue Oct 13 11:57:31 UTC 2020 /home/travis/build/icyphy/ptII/ptolemy/domains/de/test/auto/Modal6.xml
----------------- Instantiating /home/travis/build/icyphy/ptII/ptolemy/domains/de/test/auto/Modal6.xml
9 ms. Memory: 51200K Free: 18276K (36%)
----------------- Invoking toplevel() on ptolemy.moml.MoMLSimpleApplication@6d7fe56d
----------------- Done invoking toplevel() on ptolemy.moml.MoMLSimpleApplication@6d7fe56d
reloadAllAccessors: .Modal6

===========================================================================================
----------------- testing Tue Oct 13 11:57:31 UTC 2020 /home/travis/build/icyphy/ptII/ptolemy/domains/de/test/auto/Modal7.xml
----------------- Instantiating /home/travis/build/icyphy/ptII/ptolemy/domains/de/test/auto/Modal7.xml
7 ms. Memory: 51200K Free: 30514K (60%)
----------------- Invoking toplevel() on ptolemy.moml.MoMLSimpleApplication@34139132
----------------- Done invoking toplevel() on ptolemy.moml.MoMLSimpleApplication@34139132
reloadAllAccessors: .Modal7

===========================================================================================
----------------- testing Tue Oct 13 11:57:31 UTC 2020 /home/travis/build/icyphy/ptII/ptolemy/domains/de/test/auto/ModalModel.xml
----------------- Instantiating /home/travis/build/icyphy/ptII/ptolemy/domains/de/test/auto/ModalModel.xml
119 ms. Memory: 51200K Free: 13402K (26%)
----------------- Invoking toplevel() on ptolemy.moml.MoMLSimpleApplication@7fa7660d
----------------- Done invoking toplevel() on ptolemy.moml.MoMLSimpleApplication@7fa7660d
reloadAllAccessors: .ModalModel

===========================================================================================
----------------- testing Tue Oct 13 11:57:31 UTC 2020 /home/travis/build/icyphy/ptII/ptolemy/domains/de/test/auto/ModalSource.xml
----------------- Instantiating /home/travis/build/icyphy/ptII/ptolemy/domains/de/test/auto/ModalSource.xml
6 ms. Memory: 61440K Free: 41202K (67%)
----------------- Invoking toplevel() on ptolemy.moml.MoMLSimpleApplication@683ce683
----------------- Done invoking toplevel() on ptolemy.moml.MoMLSimpleApplication@683ce683
reloadAllAccessors: .ModalSource

===========================================================================================
----------------- testing Tue Oct 13 11:57:31 UTC 2020 /home/travis/build/icyphy/ptII/ptolemy/domains/de/test/auto/NonInterruptibleTimerZeroDelay.xml
----------------- Instantiating /home/travis/build/icyphy/ptII/ptolemy/domains/de/test/auto/NonInterruptibleTimerZeroDelay.xml
2 ms. Memory: 61440K Free: 37748K (61%)
----------------- Invoking toplevel() on ptolemy.moml.MoMLSimpleApplication@afbf882
----------------- Done invoking toplevel() on ptolemy.moml.MoMLSimpleApplication@afbf882
reloadAllAccessors: .NonInterruptibleTimerZeroDelay

===========================================================================================
----------------- testing Tue Oct 13 11:57:31 UTC 2020 /home/travis/build/icyphy/ptII/ptolemy/domains/de/test/auto/OpenQueueingNetwork.xml
----------------- Instantiating /home/travis/build/icyphy/ptII/ptolemy/domains/de/test/auto/OpenQueueingNetwork.xml
1909 ms. Memory: 146432K Free: 82938K (57%)
----------------- Invoking toplevel() on ptolemy.moml.MoMLSimpleApplication@68ed4bc9
----------------- Done invoking toplevel() on ptolemy.moml.MoMLSimpleApplication@68ed4bc9
reloadAllAccessors: .OpenQueueingNetwork

===========================================================================================
----------------- testing Tue Oct 13 11:57:33 UTC 2020 /home/travis/build/icyphy/ptII/ptolemy/domains/de/test/auto/OpenQueuingNetwork.xml
----------------- Instantiating /home/travis/build/icyphy/ptII/ptolemy/domains/de/test/auto/OpenQueuingNetwork.xml
212 ms. Memory: 146432K Free: 84470K (58%)
----------------- Invoking toplevel() on ptolemy.moml.MoMLSimpleApplication@50c37f9e
----------------- Done invoking toplevel() on ptolemy.moml.MoMLSimpleApplication@50c37f9e
reloadAllAccessors: .OpenQueuingNetwork

===========================================================================================
----------------- testing Tue Oct 13 11:57:34 UTC 2020 /home/travis/build/icyphy/ptII/ptolemy/domains/de/test/auto/PeriodicSampler.xml
----------------- Instantiating /home/travis/build/icyphy/ptII/ptolemy/domains/de/test/auto/PeriodicSampler.xml
2 ms. Memory: 146432K Free: 80322K (55%)
----------------- Invoking toplevel() on ptolemy.moml.MoMLSimpleApplication@2e0fc72a
----------------- Done invoking toplevel() on ptolemy.moml.MoMLSimpleApplication@2e0fc72a
reloadAllAccessors: .PeriodicSampler

===========================================================================================
----------------- testing Tue Oct 13 11:57:34 UTC 2020 /home/travis/build/icyphy/ptII/ptolemy/domains/de/test/auto/PersistentIO.xml
----------------- Instantiating /home/travis/build/icyphy/ptII/ptolemy/domains/de/test/auto/PersistentIO.xml
5 ms. Memory: 146432K Free: 70562K (48%)
----------------- Invoking toplevel() on ptolemy.moml.MoMLSimpleApplication@77a09081
----------------- Done invoking toplevel() on ptolemy.moml.MoMLSimpleApplication@77a09081
reloadAllAccessors: .PersistentIO

===========================================================================================
----------------- testing Tue Oct 13 11:57:34 UTC 2020 /home/travis/build/icyphy/ptII/ptolemy/domains/de/test/auto/PortParameterResetOnInitialize.xml
----------------- Instantiating /home/travis/build/icyphy/ptII/ptolemy/domains/de/test/auto/PortParameterResetOnInitialize.xml
2 ms. Memory: 146432K Free: 65986K (45%)
----------------- Invoking toplevel() on ptolemy.moml.MoMLSimpleApplication@72d0a817
----------------- Done invoking toplevel() on ptolemy.moml.MoMLSimpleApplication@72d0a817
reloadAllAccessors: .PortParameterResetOnInitialize

===========================================================================================
----------------- testing Tue Oct 13 11:57:34 UTC 2020 /home/travis/build/icyphy/ptII/ptolemy/domains/de/test/auto/PortParameterUpdates.xml
----------------- Instantiating /home/travis/build/icyphy/ptII/ptolemy/domains/de/test/auto/PortParameterUpdates.xml
6 ms. Memory: 146432K Free: 59314K (41%)
----------------- Invoking toplevel() on ptolemy.moml.MoMLSimpleApplication@52a701ba
----------------- Done invoking toplevel() on ptolemy.moml.MoMLSimpleApplication@52a701ba
reloadAllAccessors: .PortParameterUpdates

===========================================================================================
----------------- testing Tue Oct 13 11:57:34 UTC 2020 /home/travis/build/icyphy/ptII/ptolemy/domains/de/test/auto/QueueAndServer.xml
----------------- Instantiating /home/travis/build/icyphy/ptII/ptolemy/domains/de/test/auto/QueueAndServer.xml
6 ms. Memory: 146432K Free: 51650K (35%)
----------------- Invoking toplevel() on ptolemy.moml.MoMLSimpleApplication@566b29aa
----------------- Done invoking toplevel() on ptolemy.moml.MoMLSimpleApplication@566b29aa
reloadAllAccessors: .QueueAndServer

===========================================================================================
----------------- testing Tue Oct 13 11:57:34 UTC 2020 /home/travis/build/icyphy/ptII/ptolemy/domains/de/test/auto/Records.xml
----------------- Instantiating /home/travis/build/icyphy/ptII/ptolemy/domains/de/test/auto/Records.xml
7 ms. Memory: 176128K Free: 158579K (90%)
----------------- Invoking toplevel() on ptolemy.moml.MoMLSimpleApplication@25b2928d
----------------- Done invoking toplevel() on ptolemy.moml.MoMLSimpleApplication@25b2928d
reloadAllAccessors: .Records

===========================================================================================
----------------- testing Tue Oct 13 11:57:34 UTC 2020 /home/travis/build/icyphy/ptII/ptolemy/domains/de/test/auto/ResetTransitionWithStartTime1.xml
----------------- Instantiating /home/travis/build/icyphy/ptII/ptolemy/domains/de/test/auto/ResetTransitionWithStartTime1.xml
6 ms. Memory: 176128K Free: 150387K (85%)
----------------- Invoking toplevel() on ptolemy.moml.MoMLSimpleApplication@28db0b3f
----------------- Done invoking toplevel() on ptolemy.moml.MoMLSimpleApplication@28db0b3f
reloadAllAccessors: .ResetTransitionWithStartTime1

===========================================================================================
----------------- testing Tue Oct 13 11:57:34 UTC 2020 /home/travis/build/icyphy/ptII/ptolemy/domains/de/test/auto/ResetTransitionWithStartTime2.xml
----------------- Instantiating /home/travis/build/icyphy/ptII/ptolemy/domains/de/test/auto/ResetTransitionWithStartTime2.xml
6 ms. Memory: 176128K Free: 142195K (81%)
----------------- Invoking toplevel() on ptolemy.moml.MoMLSimpleApplication@394f5a39
----------------- Done invoking toplevel() on ptolemy.moml.MoMLSimpleApplication@394f5a39
reloadAllAccessors: .ResetTransitionWithStartTime2

===========================================================================================
----------------- testing Tue Oct 13 11:57:34 UTC 2020 /home/travis/build/icyphy/ptII/ptolemy/domains/de/test/auto/ResetTransitionWithStartTime3.xml
----------------- Instantiating /home/travis/build/icyphy/ptII/ptolemy/domains/de/test/auto/ResetTransitionWithStartTime3.xml
8 ms. Memory: 176128K Free: 134003K (76%)
----------------- Invoking toplevel() on ptolemy.moml.MoMLSimpleApplication@111eab9f
----------------- Done invoking toplevel() on ptolemy.moml.MoMLSimpleApplication@111eab9f
reloadAllAccessors: .ResetTransitionWithStartTime3

===========================================================================================
----------------- testing Tue Oct 13 11:57:34 UTC 2020 /home/travis/build/icyphy/ptII/ptolemy/domains/de/test/auto/ResetTransitionWithStartTime4.xml
----------------- Instantiating /home/travis/build/icyphy/ptII/ptolemy/domains/de/test/auto/ResetTransitionWithStartTime4.xml
3 ms. Memory: 176128K Free: 126315K (72%)
----------------- Invoking toplevel() on ptolemy.moml.MoMLSimpleApplication@87b2b41
----------------- Done invoking toplevel() on ptolemy.moml.MoMLSimpleApplication@87b2b41
reloadAllAccessors: .ResetTransitionWithStartTime4

===========================================================================================
----------------- testing Tue Oct 13 11:57:34 UTC 2020 /home/travis/build/icyphy/ptII/ptolemy/domains/de/test/auto/ResettableTimer1.xml
----------------- Instantiating /home/travis/build/icyphy/ptII/ptolemy/domains/de/test/auto/ResettableTimer1.xml
3 ms. Memory: 176128K Free: 122225K (69%)
----------------- Invoking toplevel() on ptolemy.moml.MoMLSimpleApplication@159510ec
----------------- Done invoking toplevel() on ptolemy.moml.MoMLSimpleApplication@159510ec
reloadAllAccessors: .ResettableTimer1

===========================================================================================
----------------- testing Tue Oct 13 11:57:34 UTC 2020 /home/travis/build/icyphy/ptII/ptolemy/domains/de/test/auto/ResettableTimer2.xml
----------------- Instantiating /home/travis/build/icyphy/ptII/ptolemy/domains/de/test/auto/ResettableTimer2.xml
1 ms. Memory: 176128K Free: 118129K (67%)
----------------- Invoking toplevel() on ptolemy.moml.MoMLSimpleApplication@5a89324e
----------------- Done invoking toplevel() on ptolemy.moml.MoMLSimpleApplication@5a89324e
reloadAllAccessors: .ResettableTimer2

===========================================================================================
----------------- testing Tue Oct 13 11:57:34 UTC 2020 /home/travis/build/icyphy/ptII/ptolemy/domains/de/test/auto/ResettableTimer3.xml
----------------- Instantiating /home/travis/build/icyphy/ptII/ptolemy/domains/de/test/auto/ResettableTimer3.xml
1 ms. Memory: 176128K Free: 114547K (65%)
----------------- Invoking toplevel() on ptolemy.moml.MoMLSimpleApplication@600a5591
----------------- Done invoking toplevel() on ptolemy.moml.MoMLSimpleApplication@600a5591
reloadAllAccessors: .ResettableTimer3

===========================================================================================
----------------- testing Tue Oct 13 11:57:34 UTC 2020 /home/travis/build/icyphy/ptII/ptolemy/domains/de/test/auto/ResettableTimer4.xml
----------------- Instantiating /home/travis/build/icyphy/ptII/ptolemy/domains/de/test/auto/ResettableTimer4.xml
1 ms. Memory: 176128K Free: 110451K (63%)
----------------- Invoking toplevel() on ptolemy.moml.MoMLSimpleApplication@3f7bed8f
----------------- Done invoking toplevel() on ptolemy.moml.MoMLSimpleApplication@3f7bed8f
reloadAllAccessors: .ResettableTimer4

===========================================================================================
----------------- testing Tue Oct 13 11:57:34 UTC 2020 /home/travis/build/icyphy/ptII/ptolemy/domains/de/test/auto/ResettableTimer5.xml
----------------- Instantiating /home/travis/build/icyphy/ptII/ptolemy/domains/de/test/auto/ResettableTimer5.xml
1 ms. Memory: 176128K Free: 106355K (60%)
----------------- Invoking toplevel() on ptolemy.moml.MoMLSimpleApplication@7d922fc5
----------------- Done invoking toplevel() on ptolemy.moml.MoMLSimpleApplication@7d922fc5
reloadAllAccessors: .ResettableTimer5

===========================================================================================
----------------- testing Tue Oct 13 11:57:34 UTC 2020 /home/travis/build/icyphy/ptII/ptolemy/domains/de/test/auto/ResettableTimer6.xml
----------------- Instantiating /home/travis/build/icyphy/ptII/ptolemy/domains/de/test/auto/ResettableTimer6.xml
6 ms. Memory: 176128K Free: 101742K (58%)
----------------- Invoking toplevel() on ptolemy.moml.MoMLSimpleApplication@2c4798a7
----------------- Done invoking toplevel() on ptolemy.moml.MoMLSimpleApplication@2c4798a7
reloadAllAccessors: .ResettableTimer6

===========================================================================================
----------------- testing Tue Oct 13 11:57:34 UTC 2020 /home/travis/build/icyphy/ptII/ptolemy/domains/de/test/auto/ServerZeroDelay.xml
----------------- Instantiating /home/travis/build/icyphy/ptII/ptolemy/domains/de/test/auto/ServerZeroDelay.xml
2 ms. Memory: 176128K Free: 97619K (55%)
----------------- Invoking toplevel() on ptolemy.moml.MoMLSimpleApplication@66a8df63
----------------- Done invoking toplevel() on ptolemy.moml.MoMLSimpleApplication@66a8df63
reloadAllAccessors: .ServerZeroDelay

===========================================================================================
----------------- testing Tue Oct 13 11:57:34 UTC 2020 /home/travis/build/icyphy/ptII/ptolemy/domains/de/test/auto/SmartSender.xml
----------------- Instantiating /home/travis/build/icyphy/ptII/ptolemy/domains/de/test/auto/SmartSender.xml
3000 ms. Memory: 176128K Free: 93553K (53%)
----------------- Invoking toplevel() on ptolemy.moml.MoMLSimpleApplication@172f5e50
----------------- Done invoking toplevel() on ptolemy.moml.MoMLSimpleApplication@172f5e50
reloadAllAccessors: .SmartSender

===========================================================================================
----------------- testing Tue Oct 13 11:57:37 UTC 2020 /home/travis/build/icyphy/ptII/ptolemy/domains/de/test/auto/ThreadedComposite.xml
----------------- Instantiating /home/travis/build/icyphy/ptII/ptolemy/domains/de/test/auto/ThreadedComposite.xml
94 ms. Memory: 176128K Free: 72563K (41%)
----------------- Invoking toplevel() on ptolemy.moml.MoMLSimpleApplication@4d9f1de2
----------------- Done invoking toplevel() on ptolemy.moml.MoMLSimpleApplication@4d9f1de2
reloadAllAccessors: .ThreadedComposite

===========================================================================================
----------------- testing Tue Oct 13 11:57:37 UTC 2020 /home/travis/build/icyphy/ptII/ptolemy/domains/de/test/auto/Time.xml
----------------- Instantiating /home/travis/build/icyphy/ptII/ptolemy/domains/de/test/auto/Time.xml
355 ms. Memory: 176128K Free: 118363K (67%)
----------------- Invoking toplevel() on ptolemy.moml.MoMLSimpleApplication@1030d28d
----------------- Done invoking toplevel() on ptolemy.moml.MoMLSimpleApplication@1030d28d
reloadAllAccessors: .Time

===========================================================================================
----------------- testing Tue Oct 13 11:57:37 UTC 2020 /home/travis/build/icyphy/ptII/ptolemy/domains/de/test/auto/TimeDelayZeroDelay.xml
----------------- Instantiating /home/travis/build/icyphy/ptII/ptolemy/domains/de/test/auto/TimeDelayZeroDelay.xml
1 ms. Memory: 176128K Free: 114086K (65%)
----------------- Invoking toplevel() on ptolemy.moml.MoMLSimpleApplication@59e03970
----------------- Done invoking toplevel() on ptolemy.moml.MoMLSimpleApplication@59e03970
reloadAllAccessors: .TimeDelayZeroDelay

===========================================================================================
----------------- testing Tue Oct 13 11:57:37 UTC 2020 /home/travis/build/icyphy/ptII/ptolemy/domains/de/test/auto/TimerZeroDelay.xml
----------------- Instantiating /home/travis/build/icyphy/ptII/ptolemy/domains/de/test/auto/TimerZeroDelay.xml
3 ms. Memory: 176128K Free: 109990K (62%)
----------------- Invoking toplevel() on ptolemy.moml.MoMLSimpleApplication@444aa9c8
----------------- Done invoking toplevel() on ptolemy.moml.MoMLSimpleApplication@444aa9c8
reloadAllAccessors: .TimerZeroDelay

===========================================================================================
----------------- testing Tue Oct 13 11:57:37 UTC 2020 /home/travis/build/icyphy/ptII/ptolemy/domains/de/test/auto/TimingParadox.xml
----------------- Instantiating /home/travis/build/icyphy/ptII/ptolemy/domains/de/test/auto/TimingParadox.xml
259 ms. Memory: 176128K Free: 144930K (82%)
----------------- Invoking toplevel() on ptolemy.moml.MoMLSimpleApplication@62c23b3d
----------------- Done invoking toplevel() on ptolemy.moml.MoMLSimpleApplication@62c23b3d
reloadAllAccessors: .TimingParadox

===========================================================================================
----------------- testing Tue Oct 13 11:57:38 UTC 2020 /home/travis/build/icyphy/ptII/ptolemy/domains/de/test/auto/TransferInputs.xml
----------------- Instantiating /home/travis/build/icyphy/ptII/ptolemy/domains/de/test/auto/TransferInputs.xml
1 ms. Memory: 176128K Free: 139745K (79%)
----------------- Invoking toplevel() on ptolemy.moml.MoMLSimpleApplication@17524046
----------------- Done invoking toplevel() on ptolemy.moml.MoMLSimpleApplication@17524046
reloadAllAccessors: .TransferInputs

===========================================================================================
----------------- testing Tue Oct 13 11:57:38 UTC 2020 /home/travis/build/icyphy/ptII/ptolemy/domains/de/test/auto/TransferOutputs2.xml
----------------- Instantiating /home/travis/build/icyphy/ptII/ptolemy/domains/de/test/auto/TransferOutputs2.xml
2 ms. Memory: 176128K Free: 131567K (75%)
----------------- Invoking toplevel() on ptolemy.moml.MoMLSimpleApplication@2c1c9ff6
----------------- Done invoking toplevel() on ptolemy.moml.MoMLSimpleApplication@2c1c9ff6
reloadAllAccessors: .TransferOutputs2

===========================================================================================
----------------- testing Tue Oct 13 11:57:38 UTC 2020 /home/travis/build/icyphy/ptII/ptolemy/domains/de/test/auto/Trilateration.xml
----------------- Instantiating /home/travis/build/icyphy/ptII/ptolemy/domains/de/test/auto/Trilateration.xml
9386 ms. Memory: 405504K Free: 155861K (38%)
----------------- Invoking toplevel() on ptolemy.moml.MoMLSimpleApplication@3db8a6cf
----------------- Done invoking toplevel() on ptolemy.moml.MoMLSimpleApplication@3db8a6cf
reloadAllAccessors: .Trilateration

===========================================================================================
----------------- testing Tue Oct 13 11:57:48 UTC 2020 /home/travis/build/icyphy/ptII/ptolemy/domains/de/test/auto/TwoSigmaDelta.xml
----------------- Instantiating /home/travis/build/icyphy/ptII/ptolemy/domains/de/test/auto/TwoSigmaDelta.xml
1611 ms. Memory: 405504K Free: 188867K (47%)
----------------- Invoking toplevel() on ptolemy.moml.MoMLSimpleApplication@31fb3ab6
----------------- Done invoking toplevel() on ptolemy.moml.MoMLSimpleApplication@31fb3ab6
reloadAllAccessors: .TwoSigmaDelta

===========================================================================================
----------------- testing Tue Oct 13 11:57:49 UTC 2020 /home/travis/build/icyphy/ptII/ptolemy/domains/de/test/auto/VariableDelay.xml
----------------- Instantiating /home/travis/build/icyphy/ptII/ptolemy/domains/de/test/auto/VariableDelay.xml
1 ms. Memory: 405504K Free: 183992K (45%)
----------------- Invoking toplevel() on ptolemy.moml.MoMLSimpleApplication@2ceef43
----------------- Done invoking toplevel() on ptolemy.moml.MoMLSimpleApplication@2ceef43
reloadAllAccessors: .VariableDelay

===========================================================================================
----------------- testing Tue Oct 13 11:57:49 UTC 2020 /home/travis/build/icyphy/ptII/ptolemy/domains/de/test/auto/VariableDelay2.xml
----------------- Instantiating /home/travis/build/icyphy/ptII/ptolemy/domains/de/test/auto/VariableDelay2.xml
1 ms. Memory: 405504K Free: 179400K (44%)
----------------- Invoking toplevel() on ptolemy.moml.MoMLSimpleApplication@6d87296a
----------------- Done invoking toplevel() on ptolemy.moml.MoMLSimpleApplication@6d87296a
reloadAllAccessors: .VariableDelay2

===========================================================================================
----------------- testing Tue Oct 13 11:57:50 UTC 2020 /home/travis/build/icyphy/ptII/ptolemy/domains/de/test/auto/VariableDelayZeroDelay.xml
----------------- Instantiating /home/travis/build/icyphy/ptII/ptolemy/domains/de/test/auto/VariableDelayZeroDelay.xml
5 ms. Memory: 405504K Free: 175304K (43%)
----------------- Invoking toplevel() on ptolemy.moml.MoMLSimpleApplication@2828000a
----------------- Done invoking toplevel() on ptolemy.moml.MoMLSimpleApplication@2828000a
reloadAllAccessors: .VariableDelayZeroDelay

===========================================================================================
----------------- testing Tue Oct 13 11:57:50 UTC 2020 /home/travis/build/icyphy/ptII/ptolemy/domains/de/test/auto/VariableDelayZeroDelay2.xml
----------------- Instantiating /home/travis/build/icyphy/ptII/ptolemy/domains/de/test/auto/VariableDelayZeroDelay2.xml
2 ms. Memory: 405504K Free: 170694K (42%)
----------------- Invoking toplevel() on ptolemy.moml.MoMLSimpleApplication@2ca5a62e
----------------- Done invoking toplevel() on ptolemy.moml.MoMLSimpleApplication@2ca5a62e
reloadAllAccessors: .VariableDelayZeroDelay2

===========================================================================================
----------------- testing Tue Oct 13 11:57:50 UTC 2020 /home/travis/build/icyphy/ptII/ptolemy/domains/de/test/auto/deInCt.xml
----------------- Instantiating /home/travis/build/icyphy/ptII/ptolemy/domains/de/test/auto/deInCt.xml
0
1
1
0
0
0
1
1
1
0
0
0
0
0
0
1
1
1
0
0
0
1
1
0
0
0
0
1
1
1
1
1
1
1
4 ms. Memory: 405504K Free: 165574K (41%)
----------------- Invoking toplevel() on ptolemy.moml.MoMLSimpleApplication@3e8867a1
----------------- Done invoking toplevel() on ptolemy.moml.MoMLSimpleApplication@3e8867a1
reloadAllAccessors: .deInCt

===========================================================================================
----------------- testing Tue Oct 13 11:57:50 UTC 2020 /home/travis/build/icyphy/ptII/ptolemy/domains/de/test/auto/deInCt2.xml
----------------- Instantiating /home/travis/build/icyphy/ptII/ptolemy/domains/de/test/auto/deInCt2.xml
0
1
1
1
0
0
1
1
1
0
0
1
1
1
0
0
1
1
1
0
0
1
1
1
0
0
1
1
1
0
0
1
1
1
0
0
1
1
1
0
0
0
8 ms. Memory: 405504K Free: 160448K (40%)
----------------- Invoking toplevel() on ptolemy.moml.MoMLSimpleApplication@67171fe7
----------------- Done invoking toplevel() on ptolemy.moml.MoMLSimpleApplication@67171fe7
reloadAllAccessors: .deInCt2

===========================================================================================
----------------- testing Tue Oct 13 11:57:50 UTC 2020 /home/travis/build/icyphy/ptII/ptolemy/domains/de/test/auto/dynamicCausalityInterface1.xml
----------------- Instantiating /home/travis/build/icyphy/ptII/ptolemy/domains/de/test/auto/dynamicCausalityInterface1.xml
1 ms. Memory: 405504K Free: 151238K (37%)
----------------- Invoking toplevel() on ptolemy.moml.MoMLSimpleApplication@78fce9e7
----------------- Done invoking toplevel() on ptolemy.moml.MoMLSimpleApplication@78fce9e7
reloadAllAccessors: .dynamicCausalityInterface1

===========================================================================================
----------------- testing Tue Oct 13 11:57:50 UTC 2020 /home/travis/build/icyphy/ptII/ptolemy/domains/de/test/auto/fsm_de_test.xml
----------------- Instantiating /home/travis/build/icyphy/ptII/ptolemy/domains/de/test/auto/fsm_de_test.xml
5 ms. Memory: 405504K Free: 141992K (35%)
----------------- Invoking toplevel() on ptolemy.moml.MoMLSimpleApplication@5273fc46
----------------- Done invoking toplevel() on ptolemy.moml.MoMLSimpleApplication@5273fc46
reloadAllAccessors: .fsm_de_test

===========================================================================================
----------------- testing Tue Oct 13 11:57:50 UTC 2020 /home/travis/build/icyphy/ptII/ptolemy/domains/de/test/auto/functionDependencyReconstruction.xml
----------------- Instantiating /home/travis/build/icyphy/ptII/ptolemy/domains/de/test/auto/functionDependencyReconstruction.xml
2 ms. Memory: 405504K Free: 368985K (91%)
----------------- Invoking toplevel() on ptolemy.moml.MoMLSimpleApplication@26fce983
----------------- Done invoking toplevel() on ptolemy.moml.MoMLSimpleApplication@26fce983
reloadAllAccessors: .functionDependencyReconstruction

===========================================================================================
----------------- testing Tue Oct 13 11:57:50 UTC 2020 /home/travis/build/icyphy/ptII/ptolemy/domains/de/test/auto/multirate.xml
----------------- Instantiating /home/travis/build/icyphy/ptII/ptolemy/domains/de/test/auto/multirate.xml
2 ms. Memory: 405504K Free: 361817K (89%)
----------------- Invoking toplevel() on ptolemy.moml.MoMLSimpleApplication@662335df
----------------- Done invoking toplevel() on ptolemy.moml.MoMLSimpleApplication@662335df
reloadAllAccessors: .multirate

===========================================================================================
----------------- testing Tue Oct 13 11:57:50 UTC 2020 /home/travis/build/icyphy/ptII/ptolemy/domains/de/test/auto/multirate2.xml
----------------- Instantiating /home/travis/build/icyphy/ptII/ptolemy/domains/de/test/auto/multirate2.xml
3 ms. Memory: 405504K Free: 355145K (88%)
----------------- Invoking toplevel() on ptolemy.moml.MoMLSimpleApplication@ce2d0ce
----------------- Done invoking toplevel() on ptolemy.moml.MoMLSimpleApplication@ce2d0ce
reloadAllAccessors: .multirate2

===========================================================================================
----------------- testing Tue Oct 13 11:57:50 UTC 2020 /home/travis/build/icyphy/ptII/ptolemy/domains/de/test/auto/realtime.xml
----------------- Instantiating /home/travis/build/icyphy/ptII/ptolemy/domains/de/test/auto/realtime.xml
10002 ms. Memory: 405504K Free: 350553K (86%)
----------------- Invoking toplevel() on ptolemy.moml.MoMLSimpleApplication@76d48b88
----------------- Done invoking toplevel() on ptolemy.moml.MoMLSimpleApplication@76d48b88
reloadAllAccessors: .realtime

===========================================================================================
----------------- testing Tue Oct 13 11:58:00 UTC 2020 /home/travis/build/icyphy/ptII/ptolemy/domains/de/test/auto/relationGroup.xml
----------------- Instantiating /home/travis/build/icyphy/ptII/ptolemy/domains/de/test/auto/relationGroup.xml
1 ms. Memory: 405504K Free: 346967K (86%)
----------------- Invoking toplevel() on ptolemy.moml.MoMLSimpleApplication@793f71bd
----------------- Done invoking toplevel() on ptolemy.moml.MoMLSimpleApplication@793f71bd
reloadAllAccessors: .relationGroup

===========================================================================================
----------------- testing Tue Oct 13 11:58:00 UTC 2020 /home/travis/build/icyphy/ptII/ptolemy/domains/de/test/auto/relationGroup2.xml
----------------- Instantiating /home/travis/build/icyphy/ptII/ptolemy/domains/de/test/auto/relationGroup2.xml
1 ms. Memory: 405504K Free: 343385K (85%)
----------------- Invoking toplevel() on ptolemy.moml.MoMLSimpleApplication@2a7252ac
----------------- Done invoking toplevel() on ptolemy.moml.MoMLSimpleApplication@2a7252ac
reloadAllAccessors: .relationGroup2

===========================================================================================
----------------- testing Tue Oct 13 11:58:00 UTC 2020 /home/travis/build/icyphy/ptII/ptolemy/domains/de/test/auto/sortWithOpaquePorts.xml
----------------- Instantiating /home/travis/build/icyphy/ptII/ptolemy/domains/de/test/auto/sortWithOpaquePorts.xml
1 ms. Memory: 405504K Free: 338761K (84%)
----------------- Invoking toplevel() on ptolemy.moml.MoMLSimpleApplication@2bf58913
----------------- Done invoking toplevel() on ptolemy.moml.MoMLSimpleApplication@2bf58913
reloadAllAccessors: .sortWithOpaquePorts

===========================================================================================
----------------- testing Tue Oct 13 11:58:00 UTC 2020 /home/travis/build/icyphy/ptII/ptolemy/domains/de/test/auto/transferInputsandOutputs.xml
----------------- Instantiating /home/travis/build/icyphy/ptII/ptolemy/domains/de/test/auto/transferInputsandOutputs.xml
2 ms. Memory: 405504K Free: 331607K (82%)
----------------- Invoking toplevel() on ptolemy.moml.MoMLSimpleApplication@52aca71a
----------------- Done invoking toplevel() on ptolemy.moml.MoMLSimpleApplication@52aca71a
reloadAllAccessors: .transferInputsandOutputs

===========================================================================================
----------------- testing Tue Oct 13 11:58:00 UTC 2020 /home/travis/build/icyphy/ptII/ptolemy/domains/de/test/auto/triggerType.xml
----------------- Instantiating /home/travis/build/icyphy/ptII/ptolemy/domains/de/test/auto/triggerType.xml
1 ms. Memory: 405504K Free: 327497K (81%)
----------------- Invoking toplevel() on ptolemy.moml.MoMLSimpleApplication@4c8a0dd5
----------------- Done invoking toplevel() on ptolemy.moml.MoMLSimpleApplication@4c8a0dd5
reloadAllAccessors: .triggerType
AutoTests.java: About to close Vertx.
AutoTests.java: Vertx closed.
]]></system-out>
  <system-err><![CDATA[java.lang.RuntimeException: Execution failed
	at ptolemy.moml.MoMLSimpleApplication$UnloadThread.run(MoMLSimpleApplication.java:402)
Caused by: ptolemy.kernel.util.IllegalActionException: Found a zero delay loop containing .dependencyLoop.original
  in .dependencyLoop and .dependencyLoop.original
	at ptolemy.actor.util.CausalityInterfaceForComposites._computeOutputPortDepth(CausalityInterfaceForComposites.java:759)
	at ptolemy.actor.util.CausalityInterfaceForComposites._computeInputDepth(CausalityInterfaceForComposites.java:696)
	at ptolemy.actor.util.CausalityInterfaceForComposites._computeOutputPortDepth(CausalityInterfaceForComposites.java:765)
	at ptolemy.actor.util.CausalityInterfaceForComposites._computeInputDepth(CausalityInterfaceForComposites.java:696)
	at ptolemy.actor.util.CausalityInterfaceForComposites._computeOutputPortDepth(CausalityInterfaceForComposites.java:765)
	at ptolemy.actor.util.CausalityInterfaceForComposites._computeInputDepth(CausalityInterfaceForComposites.java:696)
	at ptolemy.actor.util.CausalityInterfaceForComposites._computeActorDepth(CausalityInterfaceForComposites.java:532)
	at ptolemy.actor.util.CausalityInterfaceForComposites.checkForCycles(CausalityInterfaceForComposites.java:96)
	at ptolemy.domains.de.kernel.DEDirector.preinitialize(DEDirector.java:1338)
	at ptolemy.actor.CompositeActor.preinitialize(CompositeActor.java:1828)
	at ptolemy.actor.Manager.preinitializeAndResolveTypes(Manager.java:1040)
	at ptolemy.actor.Manager.initialize(Manager.java:710)
	at ptolemy.actor.Manager.execute(Manager.java:356)
	at ptolemy.actor.Manager.run(Manager.java:1263)
	at ptolemy.actor.Manager$PtolemyRunThread.run(Manager.java:1933)
java.lang.RuntimeException: Execution failed
	at ptolemy.moml.MoMLSimpleApplication$UnloadThread.run(MoMLSimpleApplication.java:402)
Caused by: ptolemy.kernel.util.IllegalActionException: Found a zero delay loop containing .dependencyLoop2.original
  in .dependencyLoop2 and .dependencyLoop2.original
	at ptolemy.actor.util.CausalityInterfaceForComposites._computeOutputPortDepth(CausalityInterfaceForComposites.java:759)
	at ptolemy.actor.util.CausalityInterfaceForComposites._computeInputDepth(CausalityInterfaceForComposites.java:696)
	at ptolemy.actor.util.CausalityInterfaceForComposites._computeOutputPortDepth(CausalityInterfaceForComposites.java:765)
	at ptolemy.actor.util.CausalityInterfaceForComposites._computeInputDepth(CausalityInterfaceForComposites.java:696)
	at ptolemy.actor.util.CausalityInterfaceForComposites._computeOutputPortDepth(CausalityInterfaceForComposites.java:765)
	at ptolemy.actor.util.CausalityInterfaceForComposites._computeInputDepth(CausalityInterfaceForComposites.java:696)
	at ptolemy.actor.util.CausalityInterfaceForComposites._computeActorDepth(CausalityInterfaceForComposites.java:532)
	at ptolemy.actor.util.CausalityInterfaceForComposites.checkForCycles(CausalityInterfaceForComposites.java:96)
	at ptolemy.domains.de.kernel.DEDirector.preinitialize(DEDirector.java:1338)
	at ptolemy.actor.CompositeActor.preinitialize(CompositeActor.java:1828)
	at ptolemy.actor.Manager.preinitializeAndResolveTypes(Manager.java:1040)
	at ptolemy.actor.Manager.initialize(Manager.java:710)
	at ptolemy.actor.Manager.execute(Manager.java:356)
	at ptolemy.actor.Manager.run(Manager.java:1263)
	at ptolemy.actor.Manager$PtolemyRunThread.run(Manager.java:1933)
java.lang.RuntimeException: Execution failed
	at ptolemy.moml.MoMLSimpleApplication$UnloadThread.run(MoMLSimpleApplication.java:402)
Caused by: ptolemy.kernel.util.IllegalActionException: Test fails in iteration 1.
Value was: 1.0. Should have been: 2.0
  in .DirectFeedback.Test
	at ptolemy.actor.lib.Test.fire(Test.java:268)
	at ptolemy.domains.de.kernel.DEDirector._fire(DEDirector.java:1949)
	at ptolemy.domains.de.kernel.DEDirector.fire(DEDirector.java:502)
	at ptolemy.actor.CompositeActor.fire(CompositeActor.java:455)
	at ptolemy.actor.Manager.iterate(Manager.java:851)
	at ptolemy.actor.Manager.execute(Manager.java:369)
	at ptolemy.actor.Manager.run(Manager.java:1263)
	at ptolemy.actor.Manager$PtolemyRunThread.run(Manager.java:1933)
java.lang.RuntimeException: Execution failed
	at ptolemy.moml.MoMLSimpleApplication$UnloadThread.run(MoMLSimpleApplication.java:402)
Caused by: ptolemy.kernel.util.IllegalActionException: Found a zero delay loop containing .dependencyLoop.original
  in .dependencyLoop and .dependencyLoop.original
	at ptolemy.actor.util.CausalityInterfaceForComposites._computeOutputPortDepth(CausalityInterfaceForComposites.java:759)
	at ptolemy.actor.util.CausalityInterfaceForComposites._computeInputDepth(CausalityInterfaceForComposites.java:696)
	at ptolemy.actor.util.CausalityInterfaceForComposites._computeOutputPortDepth(CausalityInterfaceForComposites.java:765)
	at ptolemy.actor.util.CausalityInterfaceForComposites._computeInputDepth(CausalityInterfaceForComposites.java:696)
	at ptolemy.actor.util.CausalityInterfaceForComposites._computeOutputPortDepth(CausalityInterfaceForComposites.java:765)
	at ptolemy.actor.util.CausalityInterfaceForComposites._computeInputDepth(CausalityInterfaceForComposites.java:696)
	at ptolemy.actor.util.CausalityInterfaceForComposites._computeActorDepth(CausalityInterfaceForComposites.java:532)
	at ptolemy.actor.util.CausalityInterfaceForComposites.checkForCycles(CausalityInterfaceForComposites.java:96)
	at ptolemy.domains.de.kernel.DEDirector.preinitialize(DEDirector.java:1338)
	at ptolemy.actor.CompositeActor.preinitialize(CompositeActor.java:1828)
	at ptolemy.actor.Manager.preinitializeAndResolveTypes(Manager.java:1040)
	at ptolemy.actor.Manager.initialize(Manager.java:710)
	at ptolemy.actor.Manager.execute(Manager.java:356)
	at ptolemy.actor.Manager.run(Manager.java:1263)
	at ptolemy.actor.Manager$PtolemyRunThread.run(Manager.java:1933)
java.lang.RuntimeException: Execution failed
	at ptolemy.moml.MoMLSimpleApplication$UnloadThread.run(MoMLSimpleApplication.java:402)
Caused by: ptolemy.kernel.util.IllegalActionException: Found a zero delay loop containing .HierarchicalModel.A
  in .HierarchicalModel and .HierarchicalModel.A
	at ptolemy.actor.util.CausalityInterfaceForComposites._computeOutputPortDepth(CausalityInterfaceForComposites.java:759)
	at ptolemy.actor.util.CausalityInterfaceForComposites._computeInputDepth(CausalityInterfaceForComposites.java:696)
	at ptolemy.actor.util.CausalityInterfaceForComposites._computeOutputPortDepth(CausalityInterfaceForComposites.java:765)
	at ptolemy.actor.util.CausalityInterfaceForComposites._computeInputDepth(CausalityInterfaceForComposites.java:696)
	at ptolemy.actor.util.CausalityInterfaceForComposites._computeOutputPortDepth(CausalityInterfaceForComposites.java:765)
	at ptolemy.actor.util.CausalityInterfaceForComposites._computeInputDepth(CausalityInterfaceForComposites.java:696)
	at ptolemy.actor.util.CausalityInterfaceForComposites._computeActorDepth(CausalityInterfaceForComposites.java:532)
	at ptolemy.actor.util.CausalityInterfaceForComposites.checkForCycles(CausalityInterfaceForComposites.java:96)
	at ptolemy.domains.de.kernel.DEDirector.preinitialize(DEDirector.java:1338)
	at ptolemy.actor.CompositeActor.preinitialize(CompositeActor.java:1828)
	at ptolemy.actor.Manager.preinitializeAndResolveTypes(Manager.java:1040)
	at ptolemy.actor.Manager.initialize(Manager.java:710)
	at ptolemy.actor.Manager.execute(Manager.java:356)
	at ptolemy.actor.Manager.run(Manager.java:1263)
	at ptolemy.actor.Manager$PtolemyRunThread.run(Manager.java:1933)
java.lang.RuntimeException: Execution failed
	at ptolemy.moml.MoMLSimpleApplication$UnloadThread.run(MoMLSimpleApplication.java:402)
Caused by: ptolemy.kernel.util.IllegalActionException: Found a zero delay loop containing .dependencyLoop2.original
  in .dependencyLoop2 and .dependencyLoop2.original
	at ptolemy.actor.util.CausalityInterfaceForComposites._computeOutputPortDepth(CausalityInterfaceForComposites.java:759)
	at ptolemy.actor.util.CausalityInterfaceForComposites._computeInputDepth(CausalityInterfaceForComposites.java:696)
	at ptolemy.actor.util.CausalityInterfaceForComposites._computeOutputPortDepth(CausalityInterfaceForComposites.java:765)
	at ptolemy.actor.util.CausalityInterfaceForComposites._computeInputDepth(CausalityInterfaceForComposites.java:696)
	at ptolemy.actor.util.CausalityInterfaceForComposites._computeOutputPortDepth(CausalityInterfaceForComposites.java:765)
	at ptolemy.actor.util.CausalityInterfaceForComposites._computeInputDepth(CausalityInterfaceForComposites.java:696)
	at ptolemy.actor.util.CausalityInterfaceForComposites._computeActorDepth(CausalityInterfaceForComposites.java:532)
	at ptolemy.actor.util.CausalityInterfaceForComposites.checkForCycles(CausalityInterfaceForComposites.java:96)
	at ptolemy.domains.de.kernel.DEDirector.preinitialize(DEDirector.java:1338)
	at ptolemy.actor.CompositeActor.preinitialize(CompositeActor.java:1828)
	at ptolemy.actor.Manager.preinitializeAndResolveTypes(Manager.java:1040)
	at ptolemy.actor.Manager.initialize(Manager.java:710)
	at ptolemy.actor.Manager.execute(Manager.java:356)
	at ptolemy.actor.Manager.run(Manager.java:1263)
	at ptolemy.actor.Manager$PtolemyRunThread.run(Manager.java:1933)
java.lang.RuntimeException: Execution failed
	at ptolemy.moml.MoMLSimpleApplication$UnloadThread.run(MoMLSimpleApplication.java:402)
Caused by: ptolemy.kernel.util.IllegalActionException: Actor is not ready to fire.  Perhaps UpSample.prefire() returned false? Try debugging the actor by selecting "Listen to Actor".  Also, for SDF check moml for tokenConsumptionRate on input.
  in .DESDFClockTest.Play Bell.Copy1:SDF Director and .DESDFClockTest.Play Bell.UpSample
	at ptolemy.actor.sched.StaticSchedulingDirector.fire(StaticSchedulingDirector.java:227)
	at ptolemy.domains.sdf.kernel.SDFDirector.fire(SDFDirector.java:500)
	at ptolemy.actor.CompositeActor.fire(CompositeActor.java:455)
	at ptolemy.domains.de.kernel.DEDirector._fire(DEDirector.java:1949)
	at ptolemy.domains.de.kernel.DEDirector.fire(DEDirector.java:502)
	at ptolemy.actor.CompositeActor.fire(CompositeActor.java:455)
	at ptolemy.actor.Manager.iterate(Manager.java:851)
	at ptolemy.actor.Manager.execute(Manager.java:369)
	at ptolemy.actor.Manager.run(Manager.java:1263)
	at ptolemy.actor.Manager$PtolemyRunThread.run(Manager.java:1933)
java.lang.RuntimeException: Execution failed
	at ptolemy.moml.MoMLSimpleApplication$UnloadThread.run(MoMLSimpleApplication.java:402)
Caused by: ptolemy.kernel.util.IllegalActionException: Actor is not ready to fire.  Perhaps UpSample.prefire() returned false? Try debugging the actor by selecting "Listen to Actor".  Also, for SDF check moml for tokenConsumptionRate on input.
  in .DESDFClockTest.Play Bell.Copy1:SDF Director and .DESDFClockTest.Play Bell.UpSample
	at ptolemy.actor.sched.StaticSchedulingDirector.fire(StaticSchedulingDirector.java:227)
	at ptolemy.domains.sdf.kernel.SDFDirector.fire(SDFDirector.java:500)
	at ptolemy.actor.CompositeActor.fire(CompositeActor.java:455)
	at ptolemy.domains.de.kernel.DEDirector._fire(DEDirector.java:1949)
	at ptolemy.domains.de.kernel.DEDirector.fire(DEDirector.java:502)
	at ptolemy.actor.CompositeActor.fire(CompositeActor.java:455)
	at ptolemy.actor.Manager.iterate(Manager.java:851)
	at ptolemy.actor.Manager.execute(Manager.java:369)
	at ptolemy.actor.Manager.run(Manager.java:1263)
	at ptolemy.actor.Manager$PtolemyRunThread.run(Manager.java:1933)
java.lang.reflect.InvocationTargetException
	at java.base/jdk.internal.reflect.NativeConstructorAccessorImpl.newInstance0(Native Method)
	at java.base/jdk.internal.reflect.NativeConstructorAccessorImpl.newInstance(NativeConstructorAccessorImpl.java:62)
	at java.base/jdk.internal.reflect.DelegatingConstructorAccessorImpl.newInstance(DelegatingConstructorAccessorImpl.java:45)
	at java.base/java.lang.reflect.Constructor.newInstance(Constructor.java:490)
	at ptolemy.util.test.junit.AutoKnownFailedTests.RunModel(AutoKnownFailedTests.java:105)
	at java.base/jdk.internal.reflect.NativeMethodAccessorImpl.invoke0(Native Method)
	at java.base/jdk.internal.reflect.NativeMethodAccessorImpl.invoke(NativeMethodAccessorImpl.java:62)
	at java.base/jdk.internal.reflect.DelegatingMethodAccessorImpl.invoke(DelegatingMethodAccessorImpl.java:43)
	at java.base/java.lang.reflect.Method.invoke(Method.java:566)
	at org.junit.runners.model.FrameworkMethod$1.runReflectiveCall(FrameworkMethod.java:44)
	at org.junit.internal.runners.model.ReflectiveCallable.run(ReflectiveCallable.java:15)
	at org.junit.runners.model.FrameworkMethod.invokeExplosively(FrameworkMethod.java:41)
	at junitparams.internal.InvokeParameterisedMethod.evaluate(InvokeParameterisedMethod.java:102)
	at org.junit.internal.runners.statements.FailOnTimeout$1.run(FailOnTimeout.java:28)
Caused by: ptolemy.kernel.util.IllegalActionException: Actor is not ready to fire.  Perhaps UpSample.prefire() returned false? Try debugging the actor by selecting "Listen to Actor".  Also, for SDF check moml for tokenConsumptionRate on input.
  in .DESDFClockTest.Play Bell.Copy1:SDF Director and .DESDFClockTest.Play Bell.UpSample
	at ptolemy.actor.sched.StaticSchedulingDirector.fire(StaticSchedulingDirector.java:227)
	at ptolemy.domains.sdf.kernel.SDFDirector.fire(SDFDirector.java:500)
	at ptolemy.actor.CompositeActor.fire(CompositeActor.java:455)
	at ptolemy.domains.de.kernel.DEDirector._fire(DEDirector.java:1949)
	at ptolemy.domains.de.kernel.DEDirector.fire(DEDirector.java:502)
	at ptolemy.actor.CompositeActor.fire(CompositeActor.java:455)
	at ptolemy.actor.Manager.iterate(Manager.java:851)
	at ptolemy.actor.Manager.execute(Manager.java:369)
	at ptolemy.actor.Manager.run(Manager.java:1263)
	at ptolemy.actor.Manager$PtolemyRunThread.run(Manager.java:1933)
java.lang.RuntimeException: Execution failed
	at ptolemy.moml.MoMLSimpleApplication$UnloadThread.run(MoMLSimpleApplication.java:402)
Caused by: ptolemy.kernel.util.IllegalActionException: Test fails in iteration 1.
Value was: 1.0. Should have been: 2.0
  in .DirectFeedback.Test
	at ptolemy.actor.lib.Test.fire(Test.java:268)
	at ptolemy.domains.de.kernel.DEDirector._fire(DEDirector.java:1949)
	at ptolemy.domains.de.kernel.DEDirector.fire(DEDirector.java:502)
	at ptolemy.actor.CompositeActor.fire(CompositeActor.java:455)
	at ptolemy.actor.Manager.iterate(Manager.java:851)
	at ptolemy.actor.Manager.execute(Manager.java:369)
	at ptolemy.actor.Manager.run(Manager.java:1263)
	at ptolemy.actor.Manager$PtolemyRunThread.run(Manager.java:1933)
java.lang.reflect.InvocationTargetException
	at java.base/jdk.internal.reflect.NativeConstructorAccessorImpl.newInstance0(Native Method)
	at java.base/jdk.internal.reflect.NativeConstructorAccessorImpl.newInstance(NativeConstructorAccessorImpl.java:62)
	at java.base/jdk.internal.reflect.DelegatingConstructorAccessorImpl.newInstance(DelegatingConstructorAccessorImpl.java:45)
	at java.base/java.lang.reflect.Constructor.newInstance(Constructor.java:490)
	at ptolemy.util.test.junit.AutoKnownFailedTests.RunModel(AutoKnownFailedTests.java:105)
	at java.base/jdk.internal.reflect.NativeMethodAccessorImpl.invoke0(Native Method)
	at java.base/jdk.internal.reflect.NativeMethodAccessorImpl.invoke(NativeMethodAccessorImpl.java:62)
	at java.base/jdk.internal.reflect.DelegatingMethodAccessorImpl.invoke(DelegatingMethodAccessorImpl.java:43)
	at java.base/java.lang.reflect.Method.invoke(Method.java:566)
	at org.junit.runners.model.FrameworkMethod$1.runReflectiveCall(FrameworkMethod.java:44)
	at org.junit.internal.runners.model.ReflectiveCallable.run(ReflectiveCallable.java:15)
	at org.junit.runners.model.FrameworkMethod.invokeExplosively(FrameworkMethod.java:41)
	at junitparams.internal.InvokeParameterisedMethod.evaluate(InvokeParameterisedMethod.java:102)
	at org.junit.internal.runners.statements.FailOnTimeout$1.run(FailOnTimeout.java:28)
Caused by: ptolemy.kernel.util.IllegalActionException: Test fails in iteration 1.
Value was: 1.0. Should have been: 2.0
  in .DirectFeedback.Test
	at ptolemy.actor.lib.Test.fire(Test.java:268)
	at ptolemy.domains.de.kernel.DEDirector._fire(DEDirector.java:1949)
	at ptolemy.domains.de.kernel.DEDirector.fire(DEDirector.java:502)
	at ptolemy.actor.CompositeActor.fire(CompositeActor.java:455)
	at ptolemy.actor.Manager.iterate(Manager.java:851)
	at ptolemy.actor.Manager.execute(Manager.java:369)
	at ptolemy.actor.Manager.run(Manager.java:1263)
	at ptolemy.actor.Manager$PtolemyRunThread.run(Manager.java:1933)
java.lang.RuntimeException: Execution failed
	at ptolemy.moml.MoMLSimpleApplication$UnloadThread.run(MoMLSimpleApplication.java:402)
Caused by: ptolemy.kernel.util.IllegalActionException: Found a zero delay loop containing .HierarchicalModel.A
  in .HierarchicalModel and .HierarchicalModel.A
	at ptolemy.actor.util.CausalityInterfaceForComposites._computeOutputPortDepth(CausalityInterfaceForComposites.java:759)
	at ptolemy.actor.util.CausalityInterfaceForComposites._computeInputDepth(CausalityInterfaceForComposites.java:696)
	at ptolemy.actor.util.CausalityInterfaceForComposites._computeOutputPortDepth(CausalityInterfaceForComposites.java:765)
	at ptolemy.actor.util.CausalityInterfaceForComposites._computeInputDepth(CausalityInterfaceForComposites.java:696)
	at ptolemy.actor.util.CausalityInterfaceForComposites._computeOutputPortDepth(CausalityInterfaceForComposites.java:765)
	at ptolemy.actor.util.CausalityInterfaceForComposites._computeInputDepth(CausalityInterfaceForComposites.java:696)
	at ptolemy.actor.util.CausalityInterfaceForComposites._computeActorDepth(CausalityInterfaceForComposites.java:532)
	at ptolemy.actor.util.CausalityInterfaceForComposites.checkForCycles(CausalityInterfaceForComposites.java:96)
	at ptolemy.domains.de.kernel.DEDirector.preinitialize(DEDirector.java:1338)
	at ptolemy.actor.CompositeActor.preinitialize(CompositeActor.java:1828)
	at ptolemy.actor.Manager.preinitializeAndResolveTypes(Manager.java:1040)
	at ptolemy.actor.Manager.initialize(Manager.java:710)
	at ptolemy.actor.Manager.execute(Manager.java:356)
	at ptolemy.actor.Manager.run(Manager.java:1263)
	at ptolemy.actor.Manager$PtolemyRunThread.run(Manager.java:1933)
java.lang.reflect.InvocationTargetException
	at java.base/jdk.internal.reflect.NativeConstructorAccessorImpl.newInstance0(Native Method)
	at java.base/jdk.internal.reflect.NativeConstructorAccessorImpl.newInstance(NativeConstructorAccessorImpl.java:62)
	at java.base/jdk.internal.reflect.DelegatingConstructorAccessorImpl.newInstance(DelegatingConstructorAccessorImpl.java:45)
	at java.base/java.lang.reflect.Constructor.newInstance(Constructor.java:490)
	at ptolemy.util.test.junit.AutoKnownFailedTests.RunModel(AutoKnownFailedTests.java:105)
	at java.base/jdk.internal.reflect.NativeMethodAccessorImpl.invoke0(Native Method)
	at java.base/jdk.internal.reflect.NativeMethodAccessorImpl.invoke(NativeMethodAccessorImpl.java:62)
	at java.base/jdk.internal.reflect.DelegatingMethodAccessorImpl.invoke(DelegatingMethodAccessorImpl.java:43)
	at java.base/java.lang.reflect.Method.invoke(Method.java:566)
	at org.junit.runners.model.FrameworkMethod$1.runReflectiveCall(FrameworkMethod.java:44)
	at org.junit.internal.runners.model.ReflectiveCallable.run(ReflectiveCallable.java:15)
	at org.junit.runners.model.FrameworkMethod.invokeExplosively(FrameworkMethod.java:41)
	at junitparams.internal.InvokeParameterisedMethod.evaluate(InvokeParameterisedMethod.java:102)
	at org.junit.internal.runners.statements.FailOnTimeout$1.run(FailOnTimeout.java:28)
Caused by: ptolemy.kernel.util.IllegalActionException: Found a zero delay loop containing .HierarchicalModel.A
  in .HierarchicalModel and .HierarchicalModel.A
	at ptolemy.actor.util.CausalityInterfaceForComposites._computeOutputPortDepth(CausalityInterfaceForComposites.java:759)
	at ptolemy.actor.util.CausalityInterfaceForComposites._computeInputDepth(CausalityInterfaceForComposites.java:696)
	at ptolemy.actor.util.CausalityInterfaceForComposites._computeOutputPortDepth(CausalityInterfaceForComposites.java:765)
	at ptolemy.actor.util.CausalityInterfaceForComposites._computeInputDepth(CausalityInterfaceForComposites.java:696)
	at ptolemy.actor.util.CausalityInterfaceForComposites._computeOutputPortDepth(CausalityInterfaceForComposites.java:765)
	at ptolemy.actor.util.CausalityInterfaceForComposites._computeInputDepth(CausalityInterfaceForComposites.java:696)
	at ptolemy.actor.util.CausalityInterfaceForComposites._computeActorDepth(CausalityInterfaceForComposites.java:532)
	at ptolemy.actor.util.CausalityInterfaceForComposites.checkForCycles(CausalityInterfaceForComposites.java:96)
	at ptolemy.domains.de.kernel.DEDirector.preinitialize(DEDirector.java:1338)
	at ptolemy.actor.CompositeActor.preinitialize(CompositeActor.java:1828)
	at ptolemy.actor.Manager.preinitializeAndResolveTypes(Manager.java:1040)
	at ptolemy.actor.Manager.initialize(Manager.java:710)
	at ptolemy.actor.Manager.execute(Manager.java:356)
	at ptolemy.actor.Manager.run(Manager.java:1263)
	at ptolemy.actor.Manager$PtolemyRunThread.run(Manager.java:1933)
java.lang.RuntimeException: Execution failed
	at ptolemy.moml.MoMLSimpleApplication$UnloadThread.run(MoMLSimpleApplication.java:402)
Caused by: ptolemy.kernel.util.IllegalActionException: Found a zero delay loop containing .dependencyLoop.original
  in .dependencyLoop and .dependencyLoop.original
	at ptolemy.actor.util.CausalityInterfaceForComposites._computeOutputPortDepth(CausalityInterfaceForComposites.java:759)
	at ptolemy.actor.util.CausalityInterfaceForComposites._computeInputDepth(CausalityInterfaceForComposites.java:696)
	at ptolemy.actor.util.CausalityInterfaceForComposites._computeOutputPortDepth(CausalityInterfaceForComposites.java:765)
	at ptolemy.actor.util.CausalityInterfaceForComposites._computeInputDepth(CausalityInterfaceForComposites.java:696)
	at ptolemy.actor.util.CausalityInterfaceForComposites._computeOutputPortDepth(CausalityInterfaceForComposites.java:765)
	at ptolemy.actor.util.CausalityInterfaceForComposites._computeInputDepth(CausalityInterfaceForComposites.java:696)
	at ptolemy.actor.util.CausalityInterfaceForComposites._computeActorDepth(CausalityInterfaceForComposites.java:532)
	at ptolemy.actor.util.CausalityInterfaceForComposites.checkForCycles(CausalityInterfaceForComposites.java:96)
	at ptolemy.domains.de.kernel.DEDirector.preinitialize(DEDirector.java:1338)
	at ptolemy.actor.CompositeActor.preinitialize(CompositeActor.java:1828)
	at ptolemy.actor.Manager.preinitializeAndResolveTypes(Manager.java:1040)
	at ptolemy.actor.Manager.initialize(Manager.java:710)
	at ptolemy.actor.Manager.execute(Manager.java:356)
	at ptolemy.actor.Manager.run(Manager.java:1263)
	at ptolemy.actor.Manager$PtolemyRunThread.run(Manager.java:1933)
java.lang.reflect.InvocationTargetException
	at java.base/jdk.internal.reflect.NativeConstructorAccessorImpl.newInstance0(Native Method)
	at java.base/jdk.internal.reflect.NativeConstructorAccessorImpl.newInstance(NativeConstructorAccessorImpl.java:62)
	at java.base/jdk.internal.reflect.DelegatingConstructorAccessorImpl.newInstance(DelegatingConstructorAccessorImpl.java:45)
	at java.base/java.lang.reflect.Constructor.newInstance(Constructor.java:490)
	at ptolemy.util.test.junit.AutoKnownFailedTests.RunModel(AutoKnownFailedTests.java:105)
	at java.base/jdk.internal.reflect.NativeMethodAccessorImpl.invoke0(Native Method)
	at java.base/jdk.internal.reflect.NativeMethodAccessorImpl.invoke(NativeMethodAccessorImpl.java:62)
	at java.base/jdk.internal.reflect.DelegatingMethodAccessorImpl.invoke(DelegatingMethodAccessorImpl.java:43)
	at java.base/java.lang.reflect.Method.invoke(Method.java:566)
	at org.junit.runners.model.FrameworkMethod$1.runReflectiveCall(FrameworkMethod.java:44)
	at org.junit.internal.runners.model.ReflectiveCallable.run(ReflectiveCallable.java:15)
	at org.junit.runners.model.FrameworkMethod.invokeExplosively(FrameworkMethod.java:41)
	at junitparams.internal.InvokeParameterisedMethod.evaluate(InvokeParameterisedMethod.java:102)
	at org.junit.internal.runners.statements.FailOnTimeout$1.run(FailOnTimeout.java:28)
Caused by: ptolemy.kernel.util.IllegalActionException: Found a zero delay loop containing .dependencyLoop.original
  in .dependencyLoop and .dependencyLoop.original
	at ptolemy.actor.util.CausalityInterfaceForComposites._computeOutputPortDepth(CausalityInterfaceForComposites.java:759)
	at ptolemy.actor.util.CausalityInterfaceForComposites._computeInputDepth(CausalityInterfaceForComposites.java:696)
	at ptolemy.actor.util.CausalityInterfaceForComposites._computeOutputPortDepth(CausalityInterfaceForComposites.java:765)
	at ptolemy.actor.util.CausalityInterfaceForComposites._computeInputDepth(CausalityInterfaceForComposites.java:696)
	at ptolemy.actor.util.CausalityInterfaceForComposites._computeOutputPortDepth(CausalityInterfaceForComposites.java:765)
	at ptolemy.actor.util.CausalityInterfaceForComposites._computeInputDepth(CausalityInterfaceForComposites.java:696)
	at ptolemy.actor.util.CausalityInterfaceForComposites._computeActorDepth(CausalityInterfaceForComposites.java:532)
	at ptolemy.actor.util.CausalityInterfaceForComposites.checkForCycles(CausalityInterfaceForComposites.java:96)
	at ptolemy.domains.de.kernel.DEDirector.preinitialize(DEDirector.java:1338)
	at ptolemy.actor.CompositeActor.preinitialize(CompositeActor.java:1828)
	at ptolemy.actor.Manager.preinitializeAndResolveTypes(Manager.java:1040)
	at ptolemy.actor.Manager.initialize(Manager.java:710)
	at ptolemy.actor.Manager.execute(Manager.java:356)
	at ptolemy.actor.Manager.run(Manager.java:1263)
	at ptolemy.actor.Manager$PtolemyRunThread.run(Manager.java:1933)
java.lang.RuntimeException: Execution failed
	at ptolemy.moml.MoMLSimpleApplication$UnloadThread.run(MoMLSimpleApplication.java:402)
Caused by: ptolemy.kernel.util.IllegalActionException: Found a zero delay loop containing .dependencyLoop2.original
  in .dependencyLoop2 and .dependencyLoop2.original
	at ptolemy.actor.util.CausalityInterfaceForComposites._computeOutputPortDepth(CausalityInterfaceForComposites.java:759)
	at ptolemy.actor.util.CausalityInterfaceForComposites._computeInputDepth(CausalityInterfaceForComposites.java:696)
	at ptolemy.actor.util.CausalityInterfaceForComposites._computeOutputPortDepth(CausalityInterfaceForComposites.java:765)
	at ptolemy.actor.util.CausalityInterfaceForComposites._computeInputDepth(CausalityInterfaceForComposites.java:696)
	at ptolemy.actor.util.CausalityInterfaceForComposites._computeOutputPortDepth(CausalityInterfaceForComposites.java:765)
	at ptolemy.actor.util.CausalityInterfaceForComposites._computeInputDepth(CausalityInterfaceForComposites.java:696)
	at ptolemy.actor.util.CausalityInterfaceForComposites._computeActorDepth(CausalityInterfaceForComposites.java:532)
	at ptolemy.actor.util.CausalityInterfaceForComposites.checkForCycles(CausalityInterfaceForComposites.java:96)
	at ptolemy.domains.de.kernel.DEDirector.preinitialize(DEDirector.java:1338)
	at ptolemy.actor.CompositeActor.preinitialize(CompositeActor.java:1828)
	at ptolemy.actor.Manager.preinitializeAndResolveTypes(Manager.java:1040)
	at ptolemy.actor.Manager.initialize(Manager.java:710)
	at ptolemy.actor.Manager.execute(Manager.java:356)
	at ptolemy.actor.Manager.run(Manager.java:1263)
	at ptolemy.actor.Manager$PtolemyRunThread.run(Manager.java:1933)
java.lang.reflect.InvocationTargetException
	at java.base/jdk.internal.reflect.NativeConstructorAccessorImpl.newInstance0(Native Method)
	at java.base/jdk.internal.reflect.NativeConstructorAccessorImpl.newInstance(NativeConstructorAccessorImpl.java:62)
	at java.base/jdk.internal.reflect.DelegatingConstructorAccessorImpl.newInstance(DelegatingConstructorAccessorImpl.java:45)
	at java.base/java.lang.reflect.Constructor.newInstance(Constructor.java:490)
	at ptolemy.util.test.junit.AutoKnownFailedTests.RunModel(AutoKnownFailedTests.java:105)
	at java.base/jdk.internal.reflect.NativeMethodAccessorImpl.invoke0(Native Method)
	at java.base/jdk.internal.reflect.NativeMethodAccessorImpl.invoke(NativeMethodAccessorImpl.java:62)
	at java.base/jdk.internal.reflect.DelegatingMethodAccessorImpl.invoke(DelegatingMethodAccessorImpl.java:43)
	at java.base/java.lang.reflect.Method.invoke(Method.java:566)
	at org.junit.runners.model.FrameworkMethod$1.runReflectiveCall(FrameworkMethod.java:44)
	at org.junit.internal.runners.model.ReflectiveCallable.run(ReflectiveCallable.java:15)
	at org.junit.runners.model.FrameworkMethod.invokeExplosively(FrameworkMethod.java:41)
	at junitparams.internal.InvokeParameterisedMethod.evaluate(InvokeParameterisedMethod.java:102)
	at org.junit.internal.runners.statements.FailOnTimeout$1.run(FailOnTimeout.java:28)
Caused by: ptolemy.kernel.util.IllegalActionException: Found a zero delay loop containing .dependencyLoop2.original
  in .dependencyLoop2 and .dependencyLoop2.original
	at ptolemy.actor.util.CausalityInterfaceForComposites._computeOutputPortDepth(CausalityInterfaceForComposites.java:759)
	at ptolemy.actor.util.CausalityInterfaceForComposites._computeInputDepth(CausalityInterfaceForComposites.java:696)
	at ptolemy.actor.util.CausalityInterfaceForComposites._computeOutputPortDepth(CausalityInterfaceForComposites.java:765)
	at ptolemy.actor.util.CausalityInterfaceForComposites._computeInputDepth(CausalityInterfaceForComposites.java:696)
	at ptolemy.actor.util.CausalityInterfaceForComposites._computeOutputPortDepth(CausalityInterfaceForComposites.java:765)
	at ptolemy.actor.util.CausalityInterfaceForComposites._computeInputDepth(CausalityInterfaceForComposites.java:696)
	at ptolemy.actor.util.CausalityInterfaceForComposites._computeActorDepth(CausalityInterfaceForComposites.java:532)
	at ptolemy.actor.util.CausalityInterfaceForComposites.checkForCycles(CausalityInterfaceForComposites.java:96)
	at ptolemy.domains.de.kernel.DEDirector.preinitialize(DEDirector.java:1338)
	at ptolemy.actor.CompositeActor.preinitialize(CompositeActor.java:1828)
	at ptolemy.actor.Manager.preinitializeAndResolveTypes(Manager.java:1040)
	at ptolemy.actor.Manager.initialize(Manager.java:710)
	at ptolemy.actor.Manager.execute(Manager.java:356)
	at ptolemy.actor.Manager.run(Manager.java:1263)
	at ptolemy.actor.Manager$PtolemyRunThread.run(Manager.java:1933)
]]></system-err>
</testsuite>
