<?xml version="1.0" encoding="UTF-8" ?>
<testsuite errors="0" failures="0" hostname="travis-job-d6410447-618f-4b6b-aa6d-89a70f72dd6c" name="ptolemy.actor.lib.test.junit.JUnitTclTest" skipped="0" tests="517" time="58.579" timestamp="2020-06-22T14:49:08">
  <properties>
    <property name="npm.executable" value="npm" />
    <property name="env.TRAVIS_ROOT" value="/" />
    <property name="ptII.mk.exists" value="true" />
    <property name="env.TRAVIS_APP_HOST" value="build.travis-ci.org" />
    <property name="env.rvm_bin_path" value="/home/travis/.rvm/bin" />
    <property name="java.home" value="/usr/local/lib/jvm/openjdk11" />
    <property name="env.TRAVIS_JOB_NUMBER" value="1670.8" />
    <property name="env.TRAVIS_HOME" value="/home/travis" />
    <property name="env.DISPLAY" value=":99.0" />
    <property name="env.TRAVIS_INIT" value="systemd" />
    <property name="env.SSH_TTY" value="/dev/pts/0" />
    <property name="java.net.preferIPv4Stack" value="true" />
    <property name="env.RUN_TESTS" value="true" />
    <property name="timeout.short" value="1000000" />
    <property name="junit.formatter" value="xml" />
    <property name="env.TRAVIS_SUDO" value="true" />
    <property name="env.TRAVIS_JOB_NAME" value="" />
    <property name="env.TRAVIS_STACK_NODE_ATTRIBUTES" value="/.node-attributes.yml" />
    <property name="env.LOGNAME" value="travis" />
    <property name="env.PT_TRAVIS_TEST_CORE1_XML" value="true" />
    <property name="jsdoc.home" value="node_modules/@terraswarm/jsdoc" />
    <property name="debuglevel" value="source,lines,vars" />
    <property name="checkstyle.formatter" value="xml" />
    <property name="env._system_version" value="16.04" />
    <property name="bin.vergil.makeable" value="true" />
    <property name="sun.os.patch.level" value="unknown" />
    <property name="java.vendor.url" value="http://java.oracle.com/" />
    <property name="env.TRAVIS_BUILD_WEB_URL" value="https://travis-ci.org/icyphy/ptII/builds/700904831" />
    <property name="java.version" value="11.0.2" />
    <property name="env.TZ" value="UTC" />
    <property name="env.TRAVIS_PULL_REQUEST_SHA" value="" />
    <property name="env.PT_NO_NET" value="true" />
    <property name="env.TRAVIS_SECURE_ENV_VARS" value="true" />
    <property name="env._system_type" value="Linux" />
    <property name="java.vendor.url.bug" value="http://bugreport.java.com/bugreport/" />
    <property name="npmjs-org-is-up" value="true" />
    <property name="env.LANGUAGE" value="en_US.UTF-8" />
    <property name="env.SSH_CLIENT" value="10.16.5.106 49546 22" />
    <property name="env.GEM_HOME" value="/home/travis/.rvm/gems/ruby-2.5.3" />
    <property name="env.HAS_ANTARES_THREE_LITTLE_FRONZIES_BADGE" value="true" />
    <property name="java.version.date" value="2019-01-15" />
    <property name="env.PS4" value="+" />
    <property name="ant.project.invoked-targets" value="build,test.core1.xml" />
    <property name="env.TRAVIS_PULL_REQUEST_BRANCH" value="" />
    <property name="env.TRAVIS_REPO_SLUG" value="icyphy/ptII" />
    <property name="env.XDG_DATA_DIRS" value="/usr/local/share:/usr/share:/var/lib/snapd/desktop" />
    <property name="jdk.debug" value="release" />
    <property name="env.TRAVIS_APT_PROXY" value="http://build-cache.travisci.net" />
    <property name="env.TRAVIS_CPU_ARCH" value="amd64" />
    <property name="node.in.path" value="true" />
    <property name="user.name" value="travis" />
    <property name="java.maxmemory" value="1400m" />
    <property name="env.RUBY_VERSION" value="ruby-2.5.3" />
    <property name="env.LANG" value="en_US.UTF-8" />
    <property name="sun.io.unicode.encoding" value="UnicodeLittle" />
    <property name="sun.jnu.encoding" value="UTF-8" />
    <property name="java.runtime.name" value="OpenJDK Runtime Environment" />
    <property name="usefile" value="false" />
    <property name="return.code" value="0" />
    <property name="junit.single.formatter" value="plain" />
    <property name="env.DYLD_LIBRARY_PATH" value="/home/travis/pthla/certi-tools/lib:" />
    <property name="env.DEBIAN_FRONTEND" value="noninteractive" />
    <property name="env.SSH_CONNECTION" value="10.16.5.106 49546 10.20.0.179 22" />
    <property name="env.MYSQL_UNIX_PORT" value="/var/run/mysqld/mysqld.sock" />
    <property name="env.LC_ALL" value="en_US.UTF-8" />
    <property name="env.TRAVIS_ALLOW_FAILURE" value="" />
    <property name="env.TRAVIS_JOB_WEB_URL" value="https://travis-ci.org/icyphy/ptII/jobs/700904859" />
    <property name="java.specification.name" value="Java Platform API Specification" />
    <property name="node.works" value="true" />
    <property name="user.timezone" value="" />
    <property name="path.separator" value=":" />
    <property name="env.TRAVIS_ENABLE_INFRA_DETECTION" value="true" />
    <property name="env.PYTHON_CFLAGS" value="-g -fstack-protector --param=ssp-buffer-size=4 -Wformat -Werror=format-security" />
    <property name="timeout.long" value="4000000" />
    <property name="env.CERTI_HOME" value="/home/travis/pthla/certi-tools" />
    <property name="ant.file.ptII" value="/home/travis/build/icyphy/ptII/build.xml" />
    <property name="javadoc.packagenames" value="com.*,diva.*,lbnl.*,org.hlacerti.*,org.json.*,org.ptolemy.*,org.terraswarm.*,ptolemy.*,ptserver.*" />
    <property name="file.encoding" value="UTF-8" />
    <property name="env.TRAVIS_PULL_REQUEST_SLUG" value="" />
    <property name="ant.project.default-target" value="build" />
    <property name="env.GIT_ASKPASS" value="echo" />
    <property name="env.HOME" value="/home/travis" />
    <property name="sun.java.command" value="org.apache.tools.ant.taskdefs.optional.junit.JUnitTestRunner ptolemy.actor.lib.test.junit.JUnitTclTest skipNonTests=false filtertrace=true haltOnError=false haltOnFailure=false formatter=org.apache.tools.ant.taskdefs.optional.junit.OutErrSummaryJUnitResultFormatter showoutput=true outputtoformatters=true logfailedtests=true threadid=0 logtestlistenerevents=false formatter=org.apache.tools.ant.taskdefs.optional.junit.XMLJUnitResultFormatter,/home/travis/build/icyphy/ptII/reports/junit/TEST-ptolemy.actor.lib.test.junit.JUnitTclTest.xml crashfile=/home/travis/build/icyphy/ptII/junitvmwatcher4756677186604876152.properties propsfile=/home/travis/build/icyphy/ptII/junit5375927675792757429.properties" />
    <property name="env.COMPOSER_NO_INTERACTION" value="1" />
    <property name="env.MANPATH" value="/home/travis/.nvm/versions/node/v7.10.1/share/man:/home/travis/.rvm/rubies/ruby-2.5.3/share/man:/usr/local/cmake-3.12.4/man:/usr/local/clang-7.0.0/share/man:/usr/local/man:/usr/local/share/man:/usr/share/man:/home/travis/.rvm/man" />
    <property name="env.TRAVIS_TIMER_ID" value="2762d3f3" />
    <property name="ant.file" value="/home/travis/build/icyphy/ptII/build.xml" />
    <property name="env.TRAVIS_COMMIT_RANGE" value="3e950cfe0f3c004454147d0a7dfedd7f8d8e77cc...52bfcaaec950ad6b43d11ffdb9cd3f924b0c1f76" />
    <property name="env._system_name" value="Ubuntu" />
    <property name="ptII.classpath.optional.property" value="/home/travis/build/icyphy/ptII/lib/bsh-2.0b4.jar:/home/travis/build/icyphy/ptII/lib/ptCal.jar:/home/travis/build/icyphy/ptII/lib/java_cup.jar:/home/travis/build/icyphy/ptII/lib/saxon8.jar:/home/travis/build/icyphy/ptII/lib/saxon8-dom.jar:/home/travis/build/icyphy/ptII/lib/chic.jar:/home/travis/build/icyphy/ptII/lib/ptcolt.jar:/home/travis/build/icyphy/ptII/vendors/misc/itext/iText.jar:/home/travis/build/icyphy/ptII/lib/g4ltl.jar:/home/travis/build/icyphy/ptII/lib/StructuralCoder.jar:/home/travis/build/icyphy/ptII/lib/jcerti.jar:/home/travis/build/icyphy/ptII/lib/javax.mail.jar:/home/travis/build/icyphy/ptII/vendors/JMF-2.1.1e/lib/jmf.jar:/home/travis/build/icyphy/ptII/lib/jna-4.0.0-variadic.jar:/home/travis/build/icyphy/ptII/vendors/misc/joystick/Joystick.jar:/home/travis/build/icyphy/ptII/lib/ptjacl.jar:/home/travis/build/icyphy/ptII/lib/jsoup-1.8.2.jar:/home/travis/build/icyphy/ptII/lib/junit-4.8.2.jar:/home/travis/build/icyphy/ptII/lib/JUnitParams-0.4.0.jar:/home/travis/build/icyphy/ptII/ptolemy/actor/lib/excel/jxl.jar:/home/travis/build/icyphy/ptII/lib/jython.jar:/home/travis/build/icyphy/ptII/lib/kieler.jar:/home/travis/build/icyphy/ptII/vendors/opencv/share/OpenCV/java/opencv-341.jar:/home/travis/build/icyphy/ptII/lib/oscP5.jar:/home/travis/build/icyphy/ptII/lib/nrjavaserial-3.11.0.devel.jar:/home/travis/build/icyphy/ptII/vendors/j3d/lib/Linux/j3dcore.jar:/home/travis/build/icyphy/ptII/vendors/j3d/lib/Linux/j3dutils.jar:/home/travis/build/icyphy/ptII/vendors/j3d/lib/Linux/vecmath.jar:/home/travis/build/icyphy/ptII/vendors/jogl/lib/Linux/gluegen-rt-natives-linux-amd64.jar:/home/travis/build/icyphy/ptII/vendors/jogl/lib/Linux/gluegen-rt.jar:/home/travis/build/icyphy/ptII/vendors/jogl/lib/Linux/jogl-all-natives-linux-amd64.jar:/home/travis/build/icyphy/ptII/vendors/jogl/lib/Linux/jogl-all.jar:/home/travis/build/icyphy/ptII/ptolemy/distributed/jini/jar/jini-core.jar:/home/travis/build/icyphy/ptII/ptolemy/distributed/jini/jar/jini-ext.jar:/home/travis/build/icyphy/ptII/ptolemy/distributed/jini/jar/sun-util.jar:/home/travis/build/icyphy/ptII/lib/protobuf-java-2.4.1.jar:/home/travis/build/icyphy/ptII/lib/org.eclipse.paho.client.mqttv3.jar:/home/travis/build/icyphy/ptII/lib/mapss.jar:/home/travis/build/icyphy/ptII/ptolemy/actor/ptalon/antlr/antlr.jar:/home/travis/build/icyphy/ptII/lib/JRI.jar:/home/travis/build/icyphy/ptII/lib/commons-lang-2.6.jar:/home/travis/build/icyphy/ptII/lib/commons-logging-1.1.1.jar:/home/travis/build/icyphy/ptII/lib/sootclasses.jar:/home/travis/build/icyphy/ptII/ptolemy/actor/lib/database/mysql-connector-java-5.1.6-bin.jar:/home/travis/build/icyphy/ptII/vendors/misc/sphinx4/sphinx4-data-5prealpha.jar:/home/travis/build/icyphy/ptII/vendors/misc/sphinx4/sphinx4-core-5prealpha.jar:/home/travis/build/icyphy/ptII/lib/PDFRenderer.jar:/home/travis/build/icyphy/ptII/lib/svgSalamander.jar:/home/travis/build/icyphy/ptII/lib/rsyntaxtextarea-2.6.0-SNAPSHOT.jar:/home/travis/build/icyphy/ptII/lib/hazelcast-3.8.2.jar:/home/travis/build/icyphy/ptII/lib/jackson-annotations-2.9.0.jar:/home/travis/build/icyphy/ptII/lib/jackson-core-2.9.3.jar:/home/travis/build/icyphy/ptII/lib/jackson-databind-2.9.3.jar:/home/travis/build/icyphy/ptII/lib/netty-buffer-4.1.19.Final.jar:/home/travis/build/icyphy/ptII/lib/netty-codec-4.1.19.Final.jar:/home/travis/build/icyphy/ptII/lib/netty-codec-dns-4.1.19.Final.jar:/home/travis/build/icyphy/ptII/lib/netty-codec-http-4.1.19.Final.jar:/home/travis/build/icyphy/ptII/lib/netty-codec-http2-4.1.19.Final.jar:/home/travis/build/icyphy/ptII/lib/netty-common-4.1.19.Final.jar:/home/travis/build/icyphy/ptII/lib/netty-handler-4.1.19.Final.jar:/home/travis/build/icyphy/ptII/lib/netty-resolver-4.1.19.Final.jar:/home/travis/build/icyphy/ptII/lib/netty-resolver-dns-4.1.19.Final.jar:/home/travis/build/icyphy/ptII/lib/netty-transport-4.1.19.Final.jar:/home/travis/build/icyphy/ptII/lib/vertx-codegen-3.5.1.jar:/home/travis/build/icyphy/ptII/lib/vertx-core-3.5.2-SNAPSHOT.jar:/home/travis/build/icyphy/ptII/lib/vertx-hazelcast-3.5.1.jar:/home/travis/build/icyphy/ptII/lib/vertx-lang-js-3.5.1.jar:/home/travis/build/icyphy/ptII/lib/vertx-service-proxy-3.5.1.jar:/home/travis/build/icyphy/ptII/lib/vertx-web-3.5.1.jar:/home/travis/build/icyphy/ptII/lib/slf4j-api-1.7.13.jar:/home/travis/build/icyphy/ptII/lib/slf4j-simple-1.7.13.jar:/home/travis/build/icyphy/ptII/lib/webcam-capture-0.3.12.jar:/home/travis/build/icyphy/ptII/lib/bridj-0.7.0.jar:/home/travis/build/icyphy/ptII/lib/xbjlib-1.1.0.nrjavaserial.jar" />
    <property name="timeout" value="2400000" />
    <property name="test.batch" value="**/junit/*.java" />
    <property name="env._" value="/usr/bin/timeout" />
    <property name="java.io.tmpdir" value="/tmp" />
    <property name="user.language" value="en" />
    <property name="env.TRAVIS_INTERNAL_RUBY_REGEX" value="^ruby-(2\.[0-4]\.[0-9]|1\.9\.3)" />
    <property name="env.HISTCONTROL" value="ignoredups:ignorespace" />
    <property name="env.GOROOT" value="/home/travis/.gimme/versions/go1.11.1.linux.amd64" />
    <property name="line.separator" value="&#xa;" />
    <property name="target" value="11" />
    <property name="env.TRAVIS_BUILD_DIR" value="/home/travis/build/icyphy/ptII" />
    <property name="env.ANT_OPTS" value="-Xmx2048m" />
    <property name="ant.file.type" value="file" />
    <property name="ptolemy.ptII.batchMode" value="true" />
    <property name="env.HISTSIZE" value="1000" />
    <property name="env.MERB_ENV" value="test" />
    <property name="java.vm.info" value="mixed mode" />
    <property name="source" value="11" />
    <property name="java.vm.specification.name" value="Java Virtual Machine Specification" />
    <property name="env.TRAVIS_TEST_RESULT" value="0" />
    <property name="jsdoc.command" value="node_modules/@terraswarm/jsdoc/jsdoc.js" />
    <property name="npm.works" value="true" />
    <property name="cobertura.dir" value="/home/travis/build/icyphy/ptII/vendors/cobertura-2.0.3" />
    <property name="jsdoc.command.exists" value="true" />
    <property name="env.rvm_path" value="/home/travis/.rvm" />
    <property name="env.GEM_PATH" value="/home/travis/.rvm/gems/ruby-2.5.3:/home/travis/.rvm/gems/ruby-2.5.3@global" />
    <property name="env.LC_CTYPE" value="en_US.UTF-8" />
    <property name="env.TRAVIS_CMD" value="$PTII/bin/ptIITravisBuild.sh $SECONDS" />
    <property name="java.awt.printerjob" value="sun.print.PSPrinterJob" />
    <property name="env.TRAVIS_STACK_NAME" value="sardonyx" />
    <property name="env.TRAVIS_TIMER_START_TIME" value="1592836752792012997" />
    <property name="ant.version" value="Apache Ant(TM) version 1.10.1 compiled on February 2 2017" />
    <property name="ptII.reports" value="/home/travis/build/icyphy/ptII/reports" />
    <property name="env.TRAVIS_STACK_TIMESTAMP" value="2019-03-25 16:16:56 UTC" />
    <property name="ant.file.type.ptII" value="file" />
    <property name="env.RBENV_SHELL" value="bash" />
    <property name="os.name" value="Linux" />
    <property name="java.specification.vendor" value="Oracle Corporation" />
    <property name="env.rvm_version" value="1.29.7 (latest)" />
    <property name="env.TRAVIS_INFRA" value="unknown" />
    <property name="env.TERM" value="xterm" />
    <property name="java.vm.name" value="OpenJDK 64-Bit Server VM" />
    <property name="env.TRAVIS_BUILD_NUMBER" value="1670" />
    <property name="env.CI" value="true" />
    <property name="java.library.path" value="/home/travis/pthla/certi-tools/lib:/usr/lib/jni:/usr/local/share/OpenCV/java/:/usr/share/OpenCV/java::/usr/java/packages/lib:/usr/lib64:/lib64:/lib:/usr/lib" />
    <property name="jdk.module.path" value="/home/travis/build/icyphy/ptII/vendors/javafx/javafx-sdk-11.0.2/lib:" />
    <property name="env.rvm_prefix" value="/home/travis" />
    <property name="env.PATH" value="/home/travis/pthla/certi-tools/share/scripts:/home/travis/.rvm/gems/ruby-2.5.3/bin:/home/travis/.rvm/gems/ruby-2.5.3@global/bin:/home/travis/.rvm/rubies/ruby-2.5.3/bin:/home/travis/.rvm/bin:/home/travis/.nvm/versions/node/v7.10.1/bin:./node_modules/.bin:/home/travis/build/icyphy/ptII/bin:/home/travis/pthla/certi-tools/bin:/home/travis/bin:/home/travis/.local/bin:/usr/local/lib/jvm/openjdk11/bin:/opt/pyenv/shims:/home/travis/.phpenv/shims:/home/travis/perl5/perlbrew/bin:/home/travis/gopath/bin:/home/travis/.gimme/versions/go1.11.1.linux.amd64/bin:/usr/local/maven-3.6.0/bin:/usr/local/cmake-3.12.4/bin:/usr/local/clang-7.0.0/bin:/usr/local/sbin:/usr/local/bin:/usr/sbin:/usr/bin:/sbin:/bin:/snap/bin:/home/travis/.phpenv/bin:/opt/pyenv/bin:/home/travis/.yarn/bin" />
    <property name="env.TRAVIS_OS_NAME" value="linux" />
    <property name="ant.java.version" value="9" />
    <property name="basedir" value="/home/travis/build/icyphy/ptII" />
    <property name="java.class.version" value="55.0" />
    <property name="env.SHLVL" value="3" />
    <property name="env.LD_LIBRARY_PATH" value="/home/travis/pthla/certi-tools/lib:/usr/lib/jni:/usr/local/share/OpenCV/java/:/usr/share/OpenCV/java:" />
    <property name="env.RACK_ENV" value="test" />
    <property name="ant.home" value="/home/travis/build/icyphy/ptII/ant" />
    <property name="env.NVM_DIR" value="/home/travis/.nvm" />
    <property name="env.CERTI_FOM_PATH" value="/home/travis/pthla/certi-tools/share/federations" />
    <property name="env.TRAVIS_BUILD_ID" value="700904831" />
    <property name="env.PYENV_ROOT" value="/opt/pyenv" />
    <property name="env.TRAVIS_UID" value="2000" />
    <property name="prism.verbose" value="true" />
    <property name="env.NVM_BIN" value="/home/travis/.nvm/versions/node/v7.10.1/bin" />
    <property name="env.TRAVIS_COMMIT" value="52bfcaaec950ad6b43d11ffdb9cd3f924b0c1f76" />
    <property name="env._system_arch" value="x86_64" />
    <property name="node.executable" value="node" />
    <property name="sun.boot.library.path" value="/usr/local/lib/jvm/openjdk11/lib" />
    <property name="sun.management.compiler" value="HotSpot 64-Bit Tiered Compilers" />
    <property name="java.awt.graphicsenv" value="sun.awt.X11GraphicsEnvironment" />
    <property name="env.GOPATH" value="/home/travis/gopath" />
    <property name="ptolemy.ptII.dir" value="/home/travis/build/icyphy/ptII" />
    <property name="env.USER" value="travis" />
    <property name="env.HISTFILESIZE" value="2000" />
    <property name="env.NVM_INC" value="/home/travis/.nvm/versions/node/v7.10.1/include/node" />
    <property name="timeout.longest" value="19000000" />
    <property name="env.PERLBREW_SHELLRC_VERSION" value="0.86" />
    <property name="env.TRAVIS_STACK_FEATURES" value="basic couchdb disabled-ipv6 docker docker-compose elasticsearch firefox go-toolchain google-chrome jdk memcached mongodb mysql nodejs_interpreter perl_interpreter perlbrew phantomjs postgresql python_interpreter redis ruby_interpreter sqlite xserver" />
    <property name="env.TRAVIS_PULL_REQUEST" value="false" />
    <property name="env.PYENV_SHELL" value="bash" />
    <property name="ant.project.name" value="ptII" />
    <property name="env.ANSI_RESET" value="\033[0m" />
    <property name="java.vm.specification.version" value="11" />
    <property name="env.TRAVIS_DIST" value="xenial" />
    <property name="env.CERTI_VERSION" value="4.0.0" />
    <property name="env.CERTI_HOST" value="localhost" />
    <property name="awt.toolkit" value="sun.awt.X11.XToolkit" />
    <property name="env.MY_RUBY_HOME" value="/home/travis/.rvm/rubies/ruby-2.5.3" />
    <property name="sun.cpu.isalist" value="" />
    <property name="env.TRAVIS_TMPDIR" value="/tmp/tmp.0nXqMZwAAN" />
    <property name="java.vm.compressedOopsMode" value="Zero based" />
    <property name="os.version" value="4.15.0-1028-gcp" />
    <property name="user.home" value="/home/travis" />
    <property name="java.vm.vendor" value="Oracle Corporation" />
    <property name="env.TRAVIS_TAG" value="nightly" />
    <property name="env.ANSI_YELLOW" value="\033[33;1m" />
    <property name="env.TRAVIS_FILTERED" value="redirect_io" />
    <property name="env.ANSI_GREEN" value="\033[32;1m" />
    <property name="env.JAVA_HOME" value="/usr/local/lib/jvm/openjdk11" />
    <property name="javadoc.excludepackagenames" value="adm.cvs2svn.*,build.*,config.*,doc.coding.templates.*,jni.test.jni.meaningOfLife.*,jni.test.jni.testDeux.*,jni.test.jni.testTrois.*,org.terraswarm.accessor.accessors.web.node_modules.*,org.terraswarm.accessor.accessors.web.hosts.cordova.demo.*,org.terraswarm.accessor.accessors.web.hosts.cordova.plugins.*,org.terraswarm.accessor.accessors-svn.*,pt-modules.*,ptolemy.apps.agilent.*,ptolemy.apps.anytimecontrol.*,ptolemy.apps.apes.*,ptolemy.apps.charon.*,ptolemy.apps.crazyboard.*,ptolemy.apps.eclipse.*,ptolemy.apps.etherealSting.*,ptolemy.apps.fullscreen.*,ptolemy.apps.giotto.*,ptolemy.apps.ia.*,ptolemy.apps.interfaces.*,ptolemy.apps.jmf.*,ptolemy.apps.kurt.*,ptolemy.apps.kvm.*,ptolemy.apps.lego.*,ptolemy.apps.lejos.*,ptolemy.apps.midp.*,ptolemy.apps.mobileCoding.*,ptolemy.apps.pendulum.*,ptolemy.apps.rijndael.*,ptolemy.apps.robot.*,ptolemy.apps.security.*,ptolemy.apps.sobel.*,ptolemy.apps.soot.*,ptolemy.apps.throttle.*,ptolemy.apps.tini.*,ptolemy.apps.transmission.*,ptolemy.apps.vergil.*,ptolemy.apps.waba.*,ptolemy.apps.websensor.*,ptolemy.apps.webstart.*,ptolemy.apps.xsl.*,ptolemy.apps.zaurus.*,ptolemy.codegen.c.actor.lib.oldJavaFiles.*,ptolemy.codegen.dsp.lib.*,ptolemy.codegen.kernel.newInterfaces.*,ptolemy.codegen.lib.*,ptolemy.copernicus.kernel.fragment.*,ptolemy.copernicus.shallow.cg.*,ptolemy.domains.giotto.demo.Hierarchy.Hierarchy.*,ptolemy.domains.giotto.demo.Multimode.Multimode.*,ptolemy.domains.giotto.demo.Simple.Simple.*,ptolemy.domains.gr.lib.experimental.*,ptolemy.domains.gro.*,ptolemy.domains.pdf.*,ptolemy.domains.ptinyos.demo.Surge.output.*,ptolemy.moml.test.NoPackageActor.java*,ptolemy.plot.adm.*,ptolemy.plot.servlet.*,reports.*,signed.*,src.*,target.*,vendors.*,ptolemy.copernicus.applet.*,ptolemy.media.viewer.*,ptolemy.actor.corba.*,doc.doclets.*,ptolemy.apps.eclipse.awt.*,ptolemy.backtrack.*,ptolemy.backtrack.ast.*,ptolemy.cg.adapter.generic.program.procedural.c.mbed*,ptolemy.homer.*,ptolemy.actor.lib.jai.*,org.ptolemy.scala.*,diva.util.java2d.svg.*,ptolemy.domains.ptinyos.*,ptolemy.actor.lib.fmi.fmipp.*,,org.terraswarm.accessor.accessors.web.node_modules.*,org.terraswarm.accessor.accessors-svn,ptolemy.apps.*,ptolemy.actor.ptalon.demo.ptinyos.SendAndReceiveCnt.output,ptolemy.actor.ptalon.demo.ptinyos.SenseToLeds.output,ptolemy.domains.ptinyos.demo.CntToLedsAndRfm.output,ptolemy.domains.ptinyos.demo.RfmToLeds.output,ptolemy.domains.ptinyos.demo.SendAndReceiveCnt.output,ptolemy.domains.ptinyos.demo.SenseToLeds.output,ptolemy.actor.lib.jjs.modules.udpSocket.*" />
    <property name="env.PTII" value="/home/travis/build/icyphy/ptII" />
    <property name="env.XDG_SESSION_ID" value="2" />
    <property name="keystore" value="ptKeystore" />
    <property name="env.TRAVIS_COMMIT_MESSAGE" value="Updating models using array data type." />
    <property name="junit.output.dir" value="/home/travis/build/icyphy/ptII/reports/junit" />
    <property name="npm.return.code" value="0" />
    <property name="user.dir" value="/home/travis/build/icyphy/ptII/ptolemy/actor/lib/test" />
    <property name="env.TRAVIS_NODE_VERSION" value="7" />
    <property name="env.TRAVIS_EVENT_TYPE" value="cron" />
    <property name="env.MAIL" value="/var/mail/travis" />
    <property name="env.PERLBREW_ROOT" value="/home/travis/perl5/perlbrew" />
    <property name="env.PWD" value="/home/travis/build/icyphy/ptII" />
    <property name="timeout.npm" value="45000" />
    <property name="env.TRAVIS_ARCH" value="amd64" />
    <property name="sun.cpu.endian" value="little" />
    <property name="env.PAGER" value="cat" />
    <property name="env.TRAVIS_BUILD_STAGE_NAME" value="test" />
    <property name="env.PERLBREW_HOME" value="/home/travis/.perlbrew" />
    <property name="java.vm.version" value="11.0.2+9" />
    <property name="env.RAILS_ENV" value="test" />
    <property name="java.class.path" value="/home/travis/.ptolemyII:/home/travis/.ptolemyII/*:/home/travis/build/icyphy/ptII:/home/travis/build/icyphy/ptII/lib/bsh-2.0b4.jar:/home/travis/build/icyphy/ptII/lib/ptCal.jar:/home/travis/build/icyphy/ptII/lib/java_cup.jar:/home/travis/build/icyphy/ptII/lib/saxon8.jar:/home/travis/build/icyphy/ptII/lib/saxon8-dom.jar:/home/travis/build/icyphy/ptII/lib/chic.jar:/home/travis/build/icyphy/ptII/lib/ptcolt.jar:/home/travis/build/icyphy/ptII/vendors/misc/itext/iText.jar:/home/travis/build/icyphy/ptII/lib/g4ltl.jar:/home/travis/build/icyphy/ptII/lib/StructuralCoder.jar:/home/travis/build/icyphy/ptII/lib/jcerti.jar:/home/travis/build/icyphy/ptII/lib/javax.mail.jar:/home/travis/build/icyphy/ptII/vendors/JMF-2.1.1e/lib/jmf.jar:/home/travis/build/icyphy/ptII/lib/jna-4.0.0-variadic.jar:/home/travis/build/icyphy/ptII/vendors/misc/joystick/Joystick.jar:/home/travis/build/icyphy/ptII/lib/ptjacl.jar:/home/travis/build/icyphy/ptII/lib/jsoup-1.8.2.jar:/home/travis/build/icyphy/ptII/lib/junit-4.8.2.jar:/home/travis/build/icyphy/ptII/lib/JUnitParams-0.4.0.jar:/home/travis/build/icyphy/ptII/ptolemy/actor/lib/excel/jxl.jar:/home/travis/build/icyphy/ptII/lib/jython.jar:/home/travis/build/icyphy/ptII/lib/kieler.jar:/home/travis/build/icyphy/ptII/vendors/opencv/share/OpenCV/java/opencv-341.jar:/home/travis/build/icyphy/ptII/lib/oscP5.jar:/home/travis/build/icyphy/ptII/lib/nrjavaserial-3.11.0.devel.jar:/home/travis/build/icyphy/ptII/vendors/j3d/lib/Linux/j3dcore.jar:/home/travis/build/icyphy/ptII/vendors/j3d/lib/Linux/j3dutils.jar:/home/travis/build/icyphy/ptII/vendors/j3d/lib/Linux/vecmath.jar:/home/travis/build/icyphy/ptII/vendors/jogl/lib/Linux/gluegen-rt-natives-linux-amd64.jar:/home/travis/build/icyphy/ptII/vendors/jogl/lib/Linux/gluegen-rt.jar:/home/travis/build/icyphy/ptII/vendors/jogl/lib/Linux/jogl-all-natives-linux-amd64.jar:/home/travis/build/icyphy/ptII/vendors/jogl/lib/Linux/jogl-all.jar:/home/travis/build/icyphy/ptII/ptolemy/distributed/jini/jar/jini-core.jar:/home/travis/build/icyphy/ptII/ptolemy/distributed/jini/jar/jini-ext.jar:/home/travis/build/icyphy/ptII/ptolemy/distributed/jini/jar/sun-util.jar:/home/travis/build/icyphy/ptII/lib/protobuf-java-2.4.1.jar:/home/travis/build/icyphy/ptII/lib/org.eclipse.paho.client.mqttv3.jar:/home/travis/build/icyphy/ptII/lib/mapss.jar:/home/travis/build/icyphy/ptII/ptolemy/actor/ptalon/antlr/antlr.jar:/home/travis/build/icyphy/ptII/lib/JRI.jar:/home/travis/build/icyphy/ptII/lib/commons-lang-2.6.jar:/home/travis/build/icyphy/ptII/lib/commons-logging-1.1.1.jar:/home/travis/build/icyphy/ptII/lib/sootclasses.jar:/home/travis/build/icyphy/ptII/ptolemy/actor/lib/database/mysql-connector-java-5.1.6-bin.jar:/home/travis/build/icyphy/ptII/vendors/misc/sphinx4/sphinx4-data-5prealpha.jar:/home/travis/build/icyphy/ptII/vendors/misc/sphinx4/sphinx4-core-5prealpha.jar:/home/travis/build/icyphy/ptII/lib/PDFRenderer.jar:/home/travis/build/icyphy/ptII/lib/svgSalamander.jar:/home/travis/build/icyphy/ptII/lib/rsyntaxtextarea-2.6.0-SNAPSHOT.jar:/home/travis/build/icyphy/ptII/lib/hazelcast-3.8.2.jar:/home/travis/build/icyphy/ptII/lib/jackson-annotations-2.9.0.jar:/home/travis/build/icyphy/ptII/lib/jackson-core-2.9.3.jar:/home/travis/build/icyphy/ptII/lib/jackson-databind-2.9.3.jar:/home/travis/build/icyphy/ptII/lib/netty-buffer-4.1.19.Final.jar:/home/travis/build/icyphy/ptII/lib/netty-codec-4.1.19.Final.jar:/home/travis/build/icyphy/ptII/lib/netty-codec-dns-4.1.19.Final.jar:/home/travis/build/icyphy/ptII/lib/netty-codec-http-4.1.19.Final.jar:/home/travis/build/icyphy/ptII/lib/netty-codec-http2-4.1.19.Final.jar:/home/travis/build/icyphy/ptII/lib/netty-common-4.1.19.Final.jar:/home/travis/build/icyphy/ptII/lib/netty-handler-4.1.19.Final.jar:/home/travis/build/icyphy/ptII/lib/netty-resolver-4.1.19.Final.jar:/home/travis/build/icyphy/ptII/lib/netty-resolver-dns-4.1.19.Final.jar:/home/travis/build/icyphy/ptII/lib/netty-transport-4.1.19.Final.jar:/home/travis/build/icyphy/ptII/lib/vertx-codegen-3.5.1.jar:/home/travis/build/icyphy/ptII/lib/vertx-core-3.5.2-SNAPSHOT.jar:/home/travis/build/icyphy/ptII/lib/vertx-hazelcast-3.5.1.jar:/home/travis/build/icyphy/ptII/lib/vertx-lang-js-3.5.1.jar:/home/travis/build/icyphy/ptII/lib/vertx-service-proxy-3.5.1.jar:/home/travis/build/icyphy/ptII/lib/vertx-web-3.5.1.jar:/home/travis/build/icyphy/ptII/lib/slf4j-api-1.7.13.jar:/home/travis/build/icyphy/ptII/lib/slf4j-simple-1.7.13.jar:/home/travis/build/icyphy/ptII/lib/webcam-capture-0.3.12.jar:/home/travis/build/icyphy/ptII/lib/bridj-0.7.0.jar:/home/travis/build/icyphy/ptII/lib/xbjlib-1.1.0.nrjavaserial.jar:/home/travis/build/icyphy/ptII/ptolemy/moml/test:/home/travis/build/icyphy/ptII/ant/lib/ant-launcher.jar:/home/travis/build/icyphy/ptII/ant/lib/ant.jar:/home/travis/build/icyphy/ptII/ant/lib/ant-junit.jar:/home/travis/build/icyphy/ptII/ant/lib/ant-junit4.jar" />
    <property name="ant.library.dir" value="/home/travis/build/icyphy/ptII/ant/lib" />
    <property name="os.arch" value="amd64" />
    <property name="env.CONTINUOUS_INTEGRATION" value="true" />
    <property name="env.TRAVIS_LANGUAGE" value="node_js" />
    <property name="env.TRAVIS_STACK_LANGUAGES" value="__sardonyx__ c c++ clojure cplusplus cpp default generic go groovy java node_js php pure_java python ruby scala" />
    <property name="test.name" value="ptolemy.actor.lib.test.junit.JUnitTclTest" />
    <property name="env.APT_KEY_DONT_WARN_ON_DANGEROUS_USAGE" value="1" />
    <property name="sun.java.launcher" value="SUN_STANDARD" />
    <property name="env.PYTHON_CONFIGURE_OPTS" value="--enable-unicode=ucs4 --with-wide-unicode --enable-shared --enable-ipv6 --enable-loadable-sqlite-extensions --with-computed-gotos" />
    <property name="ant.core.lib" value="/home/travis/build/icyphy/ptII/ant/lib/ant.jar" />
    <property name="java.vm.specification.vendor" value="Oracle Corporation" />
    <property name="env.BCVTB_HOME" value="/home/travis/build/icyphy/ptII/lbnl" />
    <property name="file.separator" value="/" />
    <property name="spotbugs.home" value="/home/travis/build/icyphy/ptII/vendors/spotbugs-3.1.1" />
    <property name="java.runtime.version" value="11.0.2+9" />
    <property name="env.ANSI_CLEAR" value="\033[0K" />
    <property name="javafx.verbose" value="true" />
    <property name="env.HAS_JOSH_K_SEAL_OF_APPROVAL" value="true" />
    <property name="env.XDG_RUNTIME_DIR" value="/run/user/2000" />
    <property name="env.TRAVIS_OSX_IMAGE" value="" />
    <property name="env.TRAVIS_JOB_ID" value="700904859" />
    <property name="env.TRAVIS_BRANCH" value="master" />
    <property name="user.country" value="US" />
    <property name="env.CERTI_HOME_TRAVIS" value="/home/travis/pthla/certi-tools" />
    <property name="env.SHELL" value="/bin/bash" />
    <property name="java.maxmemory.large" value="3200m" />
    <property name="model" value="" />
    <property name="env.CASHER_DIR" value="/home/travis/.casher" />
    <property name="env.NVM_CD_FLAGS" value="" />
    <property name="java.vendor.version" value="18.9" />
    <property name="jshint.executable" value="/home/travis/node_modules/jshint/bin/jshint" />
    <property name="env.JRUBY_OPTS" value=" --client -J-XX:+TieredCompilation -J-XX:TieredStopAtLevel=1 -J-Xss2m -Xcompile.invokedynamic=false" />
    <property name="java.vendor" value="Oracle Corporation" />
    <property name="env.TRAVIS_PRE_CHEF_BOOTSTRAP_TIME" value="2019-03-25T16:16:42" />
    <property name="env.TRAVIS_STACK_JOB_BOARD_REGISTER" value="/.job-board-register.yml" />
    <property name="env.ANSI_RED" value="\033[31;1m" />
    <property name="java.specification.version" value="11" />
    <property name="env.IRBRC" value="/home/travis/.rvm/rubies/ruby-2.5.3/.irbrc" />
    <property name="env.TRAVIS" value="true" />
    <property name="sun.arch.data.model" value="64" />
  </properties>
  <testcase classname="ptolemy.util.test.junit.TclTests" name="[0] /home/travis/build/icyphy/ptII/ptolemy/actor/lib/test/AbsoluteValue.tcl (RunTclFile)" time="0.496" />
  <testcase classname="ptolemy.util.test.junit.TclTests" name="[1] /home/travis/build/icyphy/ptII/ptolemy/actor/lib/test/AddSubtract.tcl (RunTclFile)" time="0.177" />
  <testcase classname="ptolemy.util.test.junit.TclTests" name="[2] /home/travis/build/icyphy/ptII/ptolemy/actor/lib/test/Average.tcl (RunTclFile)" time="0.068" />
  <testcase classname="ptolemy.util.test.junit.TclTests" name="[3] /home/travis/build/icyphy/ptII/ptolemy/actor/lib/test/Bernoulli.tcl (RunTclFile)" time="0.033" />
  <testcase classname="ptolemy.util.test.junit.TclTests" name="[4] /home/travis/build/icyphy/ptII/ptolemy/actor/lib/test/Clock.tcl (RunTclFile)" time="0.101" />
  <testcase classname="ptolemy.util.test.junit.TclTests" name="[5] /home/travis/build/icyphy/ptII/ptolemy/actor/lib/test/Commutator.tcl (RunTclFile)" time="0.124" />
  <testcase classname="ptolemy.util.test.junit.TclTests" name="[6] /home/travis/build/icyphy/ptII/ptolemy/actor/lib/test/Const.tcl (RunTclFile)" time="0.102" />
  <testcase classname="ptolemy.util.test.junit.TclTests" name="[7] /home/travis/build/icyphy/ptII/ptolemy/actor/lib/test/CurrentTime.tcl (RunTclFile)" time="0.032" />
  <testcase classname="ptolemy.util.test.junit.TclTests" name="[8] /home/travis/build/icyphy/ptII/ptolemy/actor/lib/test/DB.tcl (RunTclFile)" time="0.04" />
  <testcase classname="ptolemy.util.test.junit.TclTests" name="[9] /home/travis/build/icyphy/ptII/ptolemy/actor/lib/test/DiscreteRandomSource.tcl (RunTclFile)" time="0.041" />
  <testcase classname="ptolemy.util.test.junit.TclTests" name="[10] /home/travis/build/icyphy/ptII/ptolemy/actor/lib/test/Distributor.tcl (RunTclFile)" time="0.086" />
  <testcase classname="ptolemy.util.test.junit.TclTests" name="[11] /home/travis/build/icyphy/ptII/ptolemy/actor/lib/test/Exit.tcl (RunTclFile)" time="0.097" />
  <testcase classname="ptolemy.util.test.junit.TclTests" name="[12] /home/travis/build/icyphy/ptII/ptolemy/actor/lib/test/Expression.tcl (RunTclFile)" time="0.065" />
  <testcase classname="ptolemy.util.test.junit.TclTests" name="[13] /home/travis/build/icyphy/ptII/ptolemy/actor/lib/test/Gaussian.tcl (RunTclFile)" time="0.271" />
  <testcase classname="ptolemy.util.test.junit.TclTests" name="[14] /home/travis/build/icyphy/ptII/ptolemy/actor/lib/test/IIR.tcl (RunTclFile)" time="0.02" />
  <testcase classname="ptolemy.util.test.junit.TclTests" name="[15] /home/travis/build/icyphy/ptII/ptolemy/actor/lib/test/Interpolator.tcl (RunTclFile)" time="0.071" />
  <testcase classname="ptolemy.util.test.junit.TclTests" name="[16] /home/travis/build/icyphy/ptII/ptolemy/actor/lib/test/MathFunction.tcl (RunTclFile)" time="0.065" />
  <testcase classname="ptolemy.util.test.junit.TclTests" name="[17] /home/travis/build/icyphy/ptII/ptolemy/actor/lib/test/Maximum.tcl (RunTclFile)" time="0.035" />
  <testcase classname="ptolemy.util.test.junit.TclTests" name="[18] /home/travis/build/icyphy/ptII/ptolemy/actor/lib/test/Minimum.tcl (RunTclFile)" time="0.029" />
  <testcase classname="ptolemy.util.test.junit.TclTests" name="[19] /home/travis/build/icyphy/ptII/ptolemy/actor/lib/test/MultiplyDivide.tcl (RunTclFile)" time="0.034" />
  <testcase classname="ptolemy.util.test.junit.TclTests" name="[20] /home/travis/build/icyphy/ptII/ptolemy/actor/lib/test/OrderedMerge.tcl (RunTclFile)" time="0.093" />
  <testcase classname="ptolemy.util.test.junit.TclTests" name="[21] /home/travis/build/icyphy/ptII/ptolemy/actor/lib/test/Publisher.tcl (RunTclFile)" time="0.732" />
  <testcase classname="ptolemy.util.test.junit.TclTests" name="[22] /home/travis/build/icyphy/ptII/ptolemy/actor/lib/test/Pulse.tcl (RunTclFile)" time="0.046" />
  <testcase classname="ptolemy.util.test.junit.TclTests" name="[23] /home/travis/build/icyphy/ptII/ptolemy/actor/lib/test/Ramp.tcl (RunTclFile)" time="2.04" />
  <testcase classname="ptolemy.util.test.junit.TclTests" name="[24] /home/travis/build/icyphy/ptII/ptolemy/actor/lib/test/RampContinuous.tcl (RunTclFile)" time="0.016" />
  <testcase classname="ptolemy.util.test.junit.TclTests" name="[25] /home/travis/build/icyphy/ptII/ptolemy/actor/lib/test/RecordAssembler.tcl (RunTclFile)" time="0.015" />
  <testcase classname="ptolemy.util.test.junit.TclTests" name="[26] /home/travis/build/icyphy/ptII/ptolemy/actor/lib/test/RecordDisassembler.tcl (RunTclFile)" time="0.031" />
  <testcase classname="ptolemy.util.test.junit.TclTests" name="[27] /home/travis/build/icyphy/ptII/ptolemy/actor/lib/test/Scale.tcl (RunTclFile)" time="0.02" />
  <testcase classname="ptolemy.util.test.junit.TclTests" name="[28] /home/travis/build/icyphy/ptII/ptolemy/actor/lib/test/SequentialClock.tcl (RunTclFile)" time="0.014" />
  <testcase classname="ptolemy.util.test.junit.TclTests" name="[29] /home/travis/build/icyphy/ptII/ptolemy/actor/lib/test/SetVariable.tcl (RunTclFile)" time="0.015" />
  <testcase classname="ptolemy.util.test.junit.TclTests" name="[30] /home/travis/build/icyphy/ptII/ptolemy/actor/lib/test/Sinewave.tcl (RunTclFile)" time="0.057" />
  <testcase classname="ptolemy.util.test.junit.TclTests" name="[31] /home/travis/build/icyphy/ptII/ptolemy/actor/lib/test/SubscriptionAggregator.tcl (RunTclFile)" time="2.02" />
  <testcase classname="ptolemy.util.test.junit.TclTests" name="[32] /home/travis/build/icyphy/ptII/ptolemy/actor/lib/test/Test.tcl (RunTclFile)" time="0.199" />
  <testcase classname="ptolemy.util.test.junit.TclTests" name="[33] /home/travis/build/icyphy/ptII/ptolemy/actor/lib/test/TestExceptionHandler.tcl (RunTclFile)" time="0.01" />
  <testcase classname="ptolemy.util.test.junit.TclTests" name="[34] /home/travis/build/icyphy/ptII/ptolemy/actor/lib/test/UnionDisassembler.tcl (RunTclFile)" time="0.044" />
  <testcase classname="ptolemy.util.test.junit.TclTests" name="[35] /home/travis/build/icyphy/ptII/ptolemy/actor/lib/test/VariableClock.tcl (RunTclFile)" time="0.015" />
  <testcase classname="ptolemy.util.test.junit.AutoKnownFailedTests" name="[0] /home/travis/build/icyphy/ptII/ptolemy/actor/lib/test/auto/knownFailedTests/PublisherPortToplevelSubscriber.xml (RunModel)" time="0.03" />
  <testcase classname="ptolemy.util.test.junit.AutoKnownFailedTests" name="[1] /home/travis/build/icyphy/ptII/ptolemy/actor/lib/test/auto/knownFailedTests/PublisherSubscriberPortToplevel.xml (RunModel)" time="0.019" />
  <testcase classname="ptolemy.util.test.junit.AutoKnownFailedTests" name="[2] /home/travis/build/icyphy/ptII/ptolemy/actor/lib/test/auto/knownFailedTests/PublisherSubscriptionAggregatorPort.xml (RunModel)" time="0.019" />
  <testcase classname="ptolemy.util.test.junit.AutoKnownFailedTests" name="[3] /home/travis/build/icyphy/ptII/ptolemy/actor/lib/test/auto/knownFailedTests/sizedarray3.xml (RunModel)" time="0.025" />
  <testcase classname="ptolemy.util.test.junit.AutoNameArchTests" name="[0] ThereAreNoAutoArchTests (RunModel)" time="0.001" />
  <testcase classname="ptolemy.util.test.junit.AutoTests" name="[0] /home/travis/build/icyphy/ptII/ptolemy/actor/lib/test/auto/AbsoluteValue.xml (RunModel)" time="0.088" />
  <testcase classname="ptolemy.util.test.junit.AutoTests" name="[1] /home/travis/build/icyphy/ptII/ptolemy/actor/lib/test/auto/AbsoluteValue2.xml (RunModel)" time="0.067" />
  <testcase classname="ptolemy.util.test.junit.AutoTests" name="[2] /home/travis/build/icyphy/ptII/ptolemy/actor/lib/test/auto/Accumulator.xml (RunModel)" time="0.064" />
  <testcase classname="ptolemy.util.test.junit.AutoTests" name="[3] /home/travis/build/icyphy/ptII/ptolemy/actor/lib/test/auto/Accumulator2.xml (RunModel)" time="0.047" />
  <testcase classname="ptolemy.util.test.junit.AutoTests" name="[4] /home/travis/build/icyphy/ptII/ptolemy/actor/lib/test/auto/Accumulator3.xml (RunModel)" time="0.017" />
  <testcase classname="ptolemy.util.test.junit.AutoTests" name="[5] /home/travis/build/icyphy/ptII/ptolemy/actor/lib/test/auto/ArrayAppend.xml (RunModel)" time="0.039" />
  <testcase classname="ptolemy.util.test.junit.AutoTests" name="[6] /home/travis/build/icyphy/ptII/ptolemy/actor/lib/test/auto/ArrayAppend2.xml (RunModel)" time="0.476" />
  <testcase classname="ptolemy.util.test.junit.AutoTests" name="[7] /home/travis/build/icyphy/ptII/ptolemy/actor/lib/test/auto/ArrayAppend3.xml (RunModel)" time="0.039" />
  <testcase classname="ptolemy.util.test.junit.AutoTests" name="[8] /home/travis/build/icyphy/ptII/ptolemy/actor/lib/test/auto/ArrayAppend4.xml (RunModel)" time="0.027" />
  <testcase classname="ptolemy.util.test.junit.AutoTests" name="[9] /home/travis/build/icyphy/ptII/ptolemy/actor/lib/test/auto/ArrayAppend5.xml (RunModel)" time="0.017" />
  <testcase classname="ptolemy.util.test.junit.AutoTests" name="[10] /home/travis/build/icyphy/ptII/ptolemy/actor/lib/test/auto/ArrayAppend6.xml (RunModel)" time="0.018" />
  <testcase classname="ptolemy.util.test.junit.AutoTests" name="[11] /home/travis/build/icyphy/ptII/ptolemy/actor/lib/test/auto/ArrayAppendPerformanceTest.xml (RunModel)" time="0.046" />
  <testcase classname="ptolemy.util.test.junit.AutoTests" name="[12] /home/travis/build/icyphy/ptII/ptolemy/actor/lib/test/auto/ArrayAppendWithEmptyInput.xml (RunModel)" time="0.026" />
  <testcase classname="ptolemy.util.test.junit.AutoTests" name="[13] /home/travis/build/icyphy/ptII/ptolemy/actor/lib/test/auto/ArrayAverage.xml (RunModel)" time="0.028" />
  <testcase classname="ptolemy.util.test.junit.AutoTests" name="[14] /home/travis/build/icyphy/ptII/ptolemy/actor/lib/test/auto/ArrayContains.xml (RunModel)" time="0.026" />
  <testcase classname="ptolemy.util.test.junit.AutoTests" name="[15] /home/travis/build/icyphy/ptII/ptolemy/actor/lib/test/auto/ArrayElement.xml (RunModel)" time="0.027" />
  <testcase classname="ptolemy.util.test.junit.AutoTests" name="[16] /home/travis/build/icyphy/ptII/ptolemy/actor/lib/test/auto/ArrayElementAsMatrix.xml (RunModel)" time="0.05" />
  <testcase classname="ptolemy.util.test.junit.AutoTests" name="[17] /home/travis/build/icyphy/ptII/ptolemy/actor/lib/test/auto/ArrayElementI.xml (RunModel)" time="0.015" />
  <testcase classname="ptolemy.util.test.junit.AutoTests" name="[18] /home/travis/build/icyphy/ptII/ptolemy/actor/lib/test/auto/ArrayExtract.xml (RunModel)" time="0.038" />
  <testcase classname="ptolemy.util.test.junit.AutoTests" name="[19] /home/travis/build/icyphy/ptII/ptolemy/actor/lib/test/auto/ArrayExtract2.xml (RunModel)" time="0.016" />
  <testcase classname="ptolemy.util.test.junit.AutoTests" name="[20] /home/travis/build/icyphy/ptII/ptolemy/actor/lib/test/auto/ArrayLength.xml (RunModel)" time="0.021" />
  <testcase classname="ptolemy.util.test.junit.AutoTests" name="[21] /home/travis/build/icyphy/ptII/ptolemy/actor/lib/test/auto/ArrayLevelCrossing.xml (RunModel)" time="0.042" />
  <testcase classname="ptolemy.util.test.junit.AutoTests" name="[22] /home/travis/build/icyphy/ptII/ptolemy/actor/lib/test/auto/ArrayLevelCrossing2.xml (RunModel)" time="0.021" />
  <testcase classname="ptolemy.util.test.junit.AutoTests" name="[23] /home/travis/build/icyphy/ptII/ptolemy/actor/lib/test/auto/ArrayPeakSearch.xml (RunModel)" time="0.086" />
  <testcase classname="ptolemy.util.test.junit.AutoTests" name="[24] /home/travis/build/icyphy/ptII/ptolemy/actor/lib/test/auto/ArrayPeakSearch2.xml (RunModel)" time="0.035" />
  <testcase classname="ptolemy.util.test.junit.AutoTests" name="[25] /home/travis/build/icyphy/ptII/ptolemy/actor/lib/test/auto/ArrayPeakSearch3.xml (RunModel)" time="0.032" />
  <testcase classname="ptolemy.util.test.junit.AutoTests" name="[26] /home/travis/build/icyphy/ptII/ptolemy/actor/lib/test/auto/ArrayRemoveElement.xml (RunModel)" time="0.026" />
  <testcase classname="ptolemy.util.test.junit.AutoTests" name="[27] /home/travis/build/icyphy/ptII/ptolemy/actor/lib/test/auto/ArraySort.xml (RunModel)" time="0.031" />
  <testcase classname="ptolemy.util.test.junit.AutoTests" name="[28] /home/travis/build/icyphy/ptII/ptolemy/actor/lib/test/auto/ArraySum.xml (RunModel)" time="0.016" />
  <testcase classname="ptolemy.util.test.junit.AutoTests" name="[29] /home/travis/build/icyphy/ptII/ptolemy/actor/lib/test/auto/ArrayToElements.xml (RunModel)" time="0.021" />
  <testcase classname="ptolemy.util.test.junit.AutoTests" name="[30] /home/travis/build/icyphy/ptII/ptolemy/actor/lib/test/auto/ArrayToMatrix.xml (RunModel)" time="0.063" />
  <testcase classname="ptolemy.util.test.junit.AutoTests" name="[31] /home/travis/build/icyphy/ptII/ptolemy/actor/lib/test/auto/ArrayUpdate1.xml (RunModel)" time="0.017" />
  <testcase classname="ptolemy.util.test.junit.AutoTests" name="[32] /home/travis/build/icyphy/ptII/ptolemy/actor/lib/test/auto/ArrayUpdate2.xml (RunModel)" time="0.024" />
  <testcase classname="ptolemy.util.test.junit.AutoTests" name="[33] /home/travis/build/icyphy/ptII/ptolemy/actor/lib/test/auto/ArrayUpdate3.xml (RunModel)" time="0.013" />
  <testcase classname="ptolemy.util.test.junit.AutoTests" name="[34] /home/travis/build/icyphy/ptII/ptolemy/actor/lib/test/auto/Assert1.xml (RunModel)" time="0.018" />
  <testcase classname="ptolemy.util.test.junit.AutoTests" name="[35] /home/travis/build/icyphy/ptII/ptolemy/actor/lib/test/auto/Assert2.xml (RunModel)" time="0.017" />
  <testcase classname="ptolemy.util.test.junit.AutoTests" name="[36] /home/travis/build/icyphy/ptII/ptolemy/actor/lib/test/auto/BooleanMultiplexor.xml (RunModel)" time="0.012" />
  <testcase classname="ptolemy.util.test.junit.AutoTests" name="[37] /home/travis/build/icyphy/ptII/ptolemy/actor/lib/test/auto/BooleanMultiplexor2.xml (RunModel)" time="0.025" />
  <testcase classname="ptolemy.util.test.junit.AutoTests" name="[38] /home/travis/build/icyphy/ptII/ptolemy/actor/lib/test/auto/BooleanMultiplexor3.xml (RunModel)" time="0.022" />
  <testcase classname="ptolemy.util.test.junit.AutoTests" name="[39] /home/travis/build/icyphy/ptII/ptolemy/actor/lib/test/auto/BooleanSelect.xml (RunModel)" time="0.02" />
  <testcase classname="ptolemy.util.test.junit.AutoTests" name="[40] /home/travis/build/icyphy/ptII/ptolemy/actor/lib/test/auto/BooleanSelect2.xml (RunModel)" time="0.013" />
  <testcase classname="ptolemy.util.test.junit.AutoTests" name="[41] /home/travis/build/icyphy/ptII/ptolemy/actor/lib/test/auto/BooleanSwitch.xml (RunModel)" time="0.04" />
  <testcase classname="ptolemy.util.test.junit.AutoTests" name="[42] /home/travis/build/icyphy/ptII/ptolemy/actor/lib/test/auto/BooleanSwitch2.xml (RunModel)" time="0.014" />
  <testcase classname="ptolemy.util.test.junit.AutoTests" name="[43] /home/travis/build/icyphy/ptII/ptolemy/actor/lib/test/auto/BooleanSwitchCloningBugWithClassRelationGroup.xml (RunModel)" time="0.025" />
  <testcase classname="ptolemy.util.test.junit.AutoTests" name="[44] /home/travis/build/icyphy/ptII/ptolemy/actor/lib/test/auto/BusActors.xml (RunModel)" time="0.048" />
  <testcase classname="ptolemy.util.test.junit.AutoTests" name="[45] /home/travis/build/icyphy/ptII/ptolemy/actor/lib/test/auto/ClassWrapper.xml (RunModel)" time="0.019" />
  <testcase classname="ptolemy.util.test.junit.AutoTests" name="[46] /home/travis/build/icyphy/ptII/ptolemy/actor/lib/test/auto/Clock.xml (RunModel)" time="0.009" />
  <testcase classname="ptolemy.util.test.junit.AutoTests" name="[47] /home/travis/build/icyphy/ptII/ptolemy/actor/lib/test/auto/Clock10.xml (RunModel)" time="0.02" />
  <testcase classname="ptolemy.util.test.junit.AutoTests" name="[48] /home/travis/build/icyphy/ptII/ptolemy/actor/lib/test/auto/Clock11.xml (RunModel)" time="0.016" />
  <testcase classname="ptolemy.util.test.junit.AutoTests" name="[49] /home/travis/build/icyphy/ptII/ptolemy/actor/lib/test/auto/Clock12.xml (RunModel)" time="0.016" />
  <testcase classname="ptolemy.util.test.junit.AutoTests" name="[50] /home/travis/build/icyphy/ptII/ptolemy/actor/lib/test/auto/Clock13.xml (RunModel)" time="0.012" />
  <testcase classname="ptolemy.util.test.junit.AutoTests" name="[51] /home/travis/build/icyphy/ptII/ptolemy/actor/lib/test/auto/Clock14.xml (RunModel)" time="0.015" />
  <testcase classname="ptolemy.util.test.junit.AutoTests" name="[52] /home/travis/build/icyphy/ptII/ptolemy/actor/lib/test/auto/Clock15.xml (RunModel)" time="0.009" />
  <testcase classname="ptolemy.util.test.junit.AutoTests" name="[53] /home/travis/build/icyphy/ptII/ptolemy/actor/lib/test/auto/Clock16.xml (RunModel)" time="0.076" />
  <testcase classname="ptolemy.util.test.junit.AutoTests" name="[54] /home/travis/build/icyphy/ptII/ptolemy/actor/lib/test/auto/Clock17.xml (RunModel)" time="0.049" />
  <testcase classname="ptolemy.util.test.junit.AutoTests" name="[55] /home/travis/build/icyphy/ptII/ptolemy/actor/lib/test/auto/Clock18.xml (RunModel)" time="0.033" />
  <testcase classname="ptolemy.util.test.junit.AutoTests" name="[56] /home/travis/build/icyphy/ptII/ptolemy/actor/lib/test/auto/Clock19.xml (RunModel)" time="0.031" />
  <testcase classname="ptolemy.util.test.junit.AutoTests" name="[57] /home/travis/build/icyphy/ptII/ptolemy/actor/lib/test/auto/Clock2.xml (RunModel)" time="0.009" />
  <testcase classname="ptolemy.util.test.junit.AutoTests" name="[58] /home/travis/build/icyphy/ptII/ptolemy/actor/lib/test/auto/Clock20.xml (RunModel)" time="0.012" />
  <testcase classname="ptolemy.util.test.junit.AutoTests" name="[59] /home/travis/build/icyphy/ptII/ptolemy/actor/lib/test/auto/Clock21.xml (RunModel)" time="0.011" />
  <testcase classname="ptolemy.util.test.junit.AutoTests" name="[60] /home/travis/build/icyphy/ptII/ptolemy/actor/lib/test/auto/Clock22.xml (RunModel)" time="0.011" />
  <testcase classname="ptolemy.util.test.junit.AutoTests" name="[61] /home/travis/build/icyphy/ptII/ptolemy/actor/lib/test/auto/Clock23.xml (RunModel)" time="0.014" />
  <testcase classname="ptolemy.util.test.junit.AutoTests" name="[62] /home/travis/build/icyphy/ptII/ptolemy/actor/lib/test/auto/Clock24.xml (RunModel)" time="0.012" />
  <testcase classname="ptolemy.util.test.junit.AutoTests" name="[63] /home/travis/build/icyphy/ptII/ptolemy/actor/lib/test/auto/Clock4.xml (RunModel)" time="0.008" />
  <testcase classname="ptolemy.util.test.junit.AutoTests" name="[64] /home/travis/build/icyphy/ptII/ptolemy/actor/lib/test/auto/Clock5.xml (RunModel)" time="0.008" />
  <testcase classname="ptolemy.util.test.junit.AutoTests" name="[65] /home/travis/build/icyphy/ptII/ptolemy/actor/lib/test/auto/Clock6.xml (RunModel)" time="0.007" />
  <testcase classname="ptolemy.util.test.junit.AutoTests" name="[66] /home/travis/build/icyphy/ptII/ptolemy/actor/lib/test/auto/Clock7.xml (RunModel)" time="0.011" />
  <testcase classname="ptolemy.util.test.junit.AutoTests" name="[67] /home/travis/build/icyphy/ptII/ptolemy/actor/lib/test/auto/Clock8.xml (RunModel)" time="0.009" />
  <testcase classname="ptolemy.util.test.junit.AutoTests" name="[68] /home/travis/build/icyphy/ptII/ptolemy/actor/lib/test/auto/Clock9.xml (RunModel)" time="0.009" />
  <testcase classname="ptolemy.util.test.junit.AutoTests" name="[69] /home/travis/build/icyphy/ptII/ptolemy/actor/lib/test/auto/CommDistDiscard.xml (RunModel)" time="0.035" />
  <testcase classname="ptolemy.util.test.junit.AutoTests" name="[70] /home/travis/build/icyphy/ptII/ptolemy/actor/lib/test/auto/Commutator.xml (RunModel)" time="0.021" />
  <testcase classname="ptolemy.util.test.junit.AutoTests" name="[71] /home/travis/build/icyphy/ptII/ptolemy/actor/lib/test/auto/Commutator2.xml (RunModel)" time="0.01" />
  <testcase classname="ptolemy.util.test.junit.AutoTests" name="[72] /home/travis/build/icyphy/ptII/ptolemy/actor/lib/test/auto/Commutator3.xml (RunModel)" time="0.012" />
  <testcase classname="ptolemy.util.test.junit.AutoTests" name="[73] /home/travis/build/icyphy/ptII/ptolemy/actor/lib/test/auto/Compare.xml (RunModel)" time="0.02" />
  <testcase classname="ptolemy.util.test.junit.AutoTests" name="[74] /home/travis/build/icyphy/ptII/ptolemy/actor/lib/test/auto/CompareDE.xml (RunModel)" time="0.023" />
  <testcase classname="ptolemy.util.test.junit.AutoTests" name="[75] /home/travis/build/icyphy/ptII/ptolemy/actor/lib/test/auto/ComplexDivide.xml (RunModel)" time="0.009" />
  <testcase classname="ptolemy.util.test.junit.AutoTests" name="[76] /home/travis/build/icyphy/ptII/ptolemy/actor/lib/test/auto/ComputeHistogram.xml (RunModel)" time="0.065" />
  <testcase classname="ptolemy.util.test.junit.AutoTests" name="[77] /home/travis/build/icyphy/ptII/ptolemy/actor/lib/test/auto/ConfigurationSelect.xml (RunModel)" time="0.023" />
  <testcase classname="ptolemy.util.test.junit.AutoTests" name="[78] /home/travis/build/icyphy/ptII/ptolemy/actor/lib/test/auto/ConfigurationSelect2.xml (RunModel)" time="0.015" />
  <testcase classname="ptolemy.util.test.junit.AutoTests" name="[79] /home/travis/build/icyphy/ptII/ptolemy/actor/lib/test/auto/ConfigurationSwitch.xml (RunModel)" time="0.026" />
  <testcase classname="ptolemy.util.test.junit.AutoTests" name="[80] /home/travis/build/icyphy/ptII/ptolemy/actor/lib/test/auto/ConfigurationSwitch2.xml (RunModel)" time="0.028" />
  <testcase classname="ptolemy.util.test.junit.AutoTests" name="[81] /home/travis/build/icyphy/ptII/ptolemy/actor/lib/test/auto/ConfigurationSwitchCloningBugWithClassRelationGroup.xml (RunModel)" time="0.021" />
  <testcase classname="ptolemy.util.test.junit.AutoTests" name="[82] /home/travis/build/icyphy/ptII/ptolemy/actor/lib/test/auto/ConfigurationSwitchSelectSDF.xml (RunModel)" time="0.015" />
  <testcase classname="ptolemy.util.test.junit.AutoTests" name="[83] /home/travis/build/icyphy/ptII/ptolemy/actor/lib/test/auto/ConfigurationSwitchSelectSDF2.xml (RunModel)" time="0.018" />
  <testcase classname="ptolemy.util.test.junit.AutoTests" name="[84] /home/travis/build/icyphy/ptII/ptolemy/actor/lib/test/auto/Const.xml (RunModel)" time="0.008" />
  <testcase classname="ptolemy.util.test.junit.AutoTests" name="[85] /home/travis/build/icyphy/ptII/ptolemy/actor/lib/test/auto/Const2.xml (RunModel)" time="0.009" />
  <testcase classname="ptolemy.util.test.junit.AutoTests" name="[86] /home/travis/build/icyphy/ptII/ptolemy/actor/lib/test/auto/Const3.xml (RunModel)" time="0.007" />
  <testcase classname="ptolemy.util.test.junit.AutoTests" name="[87] /home/travis/build/icyphy/ptII/ptolemy/actor/lib/test/auto/ConstantPublisherPort1.xml (RunModel)" time="0.022" />
  <testcase classname="ptolemy.util.test.junit.AutoTests" name="[88] /home/travis/build/icyphy/ptII/ptolemy/actor/lib/test/auto/ConstantPublisherPort2.xml (RunModel)" time="0.024" />
  <testcase classname="ptolemy.util.test.junit.AutoTests" name="[89] /home/travis/build/icyphy/ptII/ptolemy/actor/lib/test/auto/ConstantPublisherPort3.xml (RunModel)" time="0.02" />
  <testcase classname="ptolemy.util.test.junit.AutoTests" name="[90] /home/travis/build/icyphy/ptII/ptolemy/actor/lib/test/auto/ConstantPublisherPort4.xml (RunModel)" time="0.017" />
  <testcase classname="ptolemy.util.test.junit.AutoTests" name="[91] /home/travis/build/icyphy/ptII/ptolemy/actor/lib/test/auto/ConstantPublisherPort5.xml (RunModel)" time="0.05" />
  <testcase classname="ptolemy.util.test.junit.AutoTests" name="[92] /home/travis/build/icyphy/ptII/ptolemy/actor/lib/test/auto/ConstantPublisherPort6.xml (RunModel)" time="0.03" />
  <testcase classname="ptolemy.util.test.junit.AutoTests" name="[93] /home/travis/build/icyphy/ptII/ptolemy/actor/lib/test/auto/ConstantPublisherPort7.xml (RunModel)" time="0.027" />
  <testcase classname="ptolemy.util.test.junit.AutoTests" name="[94] /home/travis/build/icyphy/ptII/ptolemy/actor/lib/test/auto/ConstraintMonitor1.xml (RunModel)" time="0.034" />
  <testcase classname="ptolemy.util.test.junit.AutoTests" name="[95] /home/travis/build/icyphy/ptII/ptolemy/actor/lib/test/auto/ConstraintMonitor2.xml (RunModel)" time="0.011" />
  <testcase classname="ptolemy.util.test.junit.AutoTests" name="[96] /home/travis/build/icyphy/ptII/ptolemy/actor/lib/test/auto/ConstraintMonitor3.xml (RunModel)" time="0.015" />
  <testcase classname="ptolemy.util.test.junit.AutoTests" name="[97] /home/travis/build/icyphy/ptII/ptolemy/actor/lib/test/auto/ConstraintMonitor4.xml (RunModel)" time="0.013" />
  <testcase classname="ptolemy.util.test.junit.AutoTests" name="[98] /home/travis/build/icyphy/ptII/ptolemy/actor/lib/test/auto/ConstraintMonitor5.xml (RunModel)" time="0.014" />
  <testcase classname="ptolemy.util.test.junit.AutoTests" name="[99] /home/travis/build/icyphy/ptII/ptolemy/actor/lib/test/auto/ConstraintMonitor6.xml (RunModel)" time="0.021" />
  <testcase classname="ptolemy.util.test.junit.AutoTests" name="[100] /home/travis/build/icyphy/ptII/ptolemy/actor/lib/test/auto/ConstraintMonitor7.xml (RunModel)" time="0.021" />
  <testcase classname="ptolemy.util.test.junit.AutoTests" name="[101] /home/travis/build/icyphy/ptII/ptolemy/actor/lib/test/auto/ConstraintMonitor8.xml (RunModel)" time="0.018" />
  <testcase classname="ptolemy.util.test.junit.AutoTests" name="[102] /home/travis/build/icyphy/ptII/ptolemy/actor/lib/test/auto/Counter.xml (RunModel)" time="0.018" />
  <testcase classname="ptolemy.util.test.junit.AutoTests" name="[103] /home/travis/build/icyphy/ptII/ptolemy/actor/lib/test/auto/CurrentTimeSDF.xml (RunModel)" time="0.014" />
  <testcase classname="ptolemy.util.test.junit.AutoTests" name="[104] /home/travis/build/icyphy/ptII/ptolemy/actor/lib/test/auto/DB.xml (RunModel)" time="0.012" />
  <testcase classname="ptolemy.util.test.junit.AutoTests" name="[105] /home/travis/build/icyphy/ptII/ptolemy/actor/lib/test/auto/DBDE.xml (RunModel)" time="0.013" />
  <testcase classname="ptolemy.util.test.junit.AutoTests" name="[106] /home/travis/build/icyphy/ptII/ptolemy/actor/lib/test/auto/DateConstructor.xml (RunModel)" time="0.069" />
  <testcase classname="ptolemy.util.test.junit.AutoTests" name="[107] /home/travis/build/icyphy/ptII/ptolemy/actor/lib/test/auto/DelayTime.xml (RunModel)" time="0.013" />
  <testcase classname="ptolemy.util.test.junit.AutoTests" name="[108] /home/travis/build/icyphy/ptII/ptolemy/actor/lib/test/auto/Dictionary1.xml (RunModel)" time="0.019" />
  <testcase classname="ptolemy.util.test.junit.AutoTests" name="[109] /home/travis/build/icyphy/ptII/ptolemy/actor/lib/test/auto/Dictionary2.xml (RunModel)" time="0.013" />
  <testcase classname="ptolemy.util.test.junit.AutoTests" name="[110] /home/travis/build/icyphy/ptII/ptolemy/actor/lib/test/auto/Dictionary3.xml (RunModel)" time="0.012" />
  <testcase classname="ptolemy.util.test.junit.AutoTests" name="[111] /home/travis/build/icyphy/ptII/ptolemy/actor/lib/test/auto/Dictionary4.xml (RunModel)" time="0.015" />
  <testcase classname="ptolemy.util.test.junit.AutoTests" name="[112] /home/travis/build/icyphy/ptII/ptolemy/actor/lib/test/auto/Differential.xml (RunModel)" time="0.009" />
  <testcase classname="ptolemy.util.test.junit.AutoTests" name="[113] /home/travis/build/icyphy/ptII/ptolemy/actor/lib/test/auto/Director.xml (RunModel)" time="0.012" />
  <testcase classname="ptolemy.util.test.junit.AutoTests" name="[114] /home/travis/build/icyphy/ptII/ptolemy/actor/lib/test/auto/DiscreteClock.xml (RunModel)" time="0.006" />
  <testcase classname="ptolemy.util.test.junit.AutoTests" name="[115] /home/travis/build/icyphy/ptII/ptolemy/actor/lib/test/auto/DiscreteClock10.xml (RunModel)" time="0.011" />
  <testcase classname="ptolemy.util.test.junit.AutoTests" name="[116] /home/travis/build/icyphy/ptII/ptolemy/actor/lib/test/auto/DiscreteClock11.xml (RunModel)" time="0.009" />
  <testcase classname="ptolemy.util.test.junit.AutoTests" name="[117] /home/travis/build/icyphy/ptII/ptolemy/actor/lib/test/auto/DiscreteClock12.xml (RunModel)" time="0.013" />
  <testcase classname="ptolemy.util.test.junit.AutoTests" name="[118] /home/travis/build/icyphy/ptII/ptolemy/actor/lib/test/auto/DiscreteClock13.xml (RunModel)" time="0.014" />
  <testcase classname="ptolemy.util.test.junit.AutoTests" name="[119] /home/travis/build/icyphy/ptII/ptolemy/actor/lib/test/auto/DiscreteClock14.xml (RunModel)" time="0.02" />
  <testcase classname="ptolemy.util.test.junit.AutoTests" name="[120] /home/travis/build/icyphy/ptII/ptolemy/actor/lib/test/auto/DiscreteClock15.xml (RunModel)" time="0.01" />
  <testcase classname="ptolemy.util.test.junit.AutoTests" name="[121] /home/travis/build/icyphy/ptII/ptolemy/actor/lib/test/auto/DiscreteClock16.xml (RunModel)" time="0.038" />
  <testcase classname="ptolemy.util.test.junit.AutoTests" name="[122] /home/travis/build/icyphy/ptII/ptolemy/actor/lib/test/auto/DiscreteClock17.xml (RunModel)" time="0.038" />
  <testcase classname="ptolemy.util.test.junit.AutoTests" name="[123] /home/travis/build/icyphy/ptII/ptolemy/actor/lib/test/auto/DiscreteClock18.xml (RunModel)" time="0.043" />
  <testcase classname="ptolemy.util.test.junit.AutoTests" name="[124] /home/travis/build/icyphy/ptII/ptolemy/actor/lib/test/auto/DiscreteClock19.xml (RunModel)" time="0.034" />
  <testcase classname="ptolemy.util.test.junit.AutoTests" name="[125] /home/travis/build/icyphy/ptII/ptolemy/actor/lib/test/auto/DiscreteClock2.xml (RunModel)" time="0.014" />
  <testcase classname="ptolemy.util.test.junit.AutoTests" name="[126] /home/travis/build/icyphy/ptII/ptolemy/actor/lib/test/auto/DiscreteClock20.xml (RunModel)" time="0.012" />
  <testcase classname="ptolemy.util.test.junit.AutoTests" name="[127] /home/travis/build/icyphy/ptII/ptolemy/actor/lib/test/auto/DiscreteClock21.xml (RunModel)" time="0.011" />
  <testcase classname="ptolemy.util.test.junit.AutoTests" name="[128] /home/travis/build/icyphy/ptII/ptolemy/actor/lib/test/auto/DiscreteClock22.xml (RunModel)" time="0.012" />
  <testcase classname="ptolemy.util.test.junit.AutoTests" name="[129] /home/travis/build/icyphy/ptII/ptolemy/actor/lib/test/auto/DiscreteClock23.xml (RunModel)" time="0.016" />
  <testcase classname="ptolemy.util.test.junit.AutoTests" name="[130] /home/travis/build/icyphy/ptII/ptolemy/actor/lib/test/auto/DiscreteClock24.xml (RunModel)" time="0.012" />
  <testcase classname="ptolemy.util.test.junit.AutoTests" name="[131] /home/travis/build/icyphy/ptII/ptolemy/actor/lib/test/auto/DiscreteClock4.xml (RunModel)" time="0.011" />
  <testcase classname="ptolemy.util.test.junit.AutoTests" name="[132] /home/travis/build/icyphy/ptII/ptolemy/actor/lib/test/auto/DiscreteClock5.xml (RunModel)" time="0.009" />
  <testcase classname="ptolemy.util.test.junit.AutoTests" name="[133] /home/travis/build/icyphy/ptII/ptolemy/actor/lib/test/auto/DiscreteClock6.xml (RunModel)" time="0.009" />
  <testcase classname="ptolemy.util.test.junit.AutoTests" name="[134] /home/travis/build/icyphy/ptII/ptolemy/actor/lib/test/auto/DiscreteClock7.xml (RunModel)" time="0.008" />
  <testcase classname="ptolemy.util.test.junit.AutoTests" name="[135] /home/travis/build/icyphy/ptII/ptolemy/actor/lib/test/auto/DiscreteClock8.xml (RunModel)" time="0.019" />
  <testcase classname="ptolemy.util.test.junit.AutoTests" name="[136] /home/travis/build/icyphy/ptII/ptolemy/actor/lib/test/auto/DiscreteClock9.xml (RunModel)" time="0.011" />
  <testcase classname="ptolemy.util.test.junit.AutoTests" name="[137] /home/travis/build/icyphy/ptII/ptolemy/actor/lib/test/auto/DisplayArray.xml (RunModel)" time="0.007" />
  <testcase classname="ptolemy.util.test.junit.AutoTests" name="[138] /home/travis/build/icyphy/ptII/ptolemy/actor/lib/test/auto/Distributor.xml (RunModel)" time="0.008" />
  <testcase classname="ptolemy.util.test.junit.AutoTests" name="[139] /home/travis/build/icyphy/ptII/ptolemy/actor/lib/test/auto/Distributor2.xml (RunModel)" time="0.009" />
  <testcase classname="ptolemy.util.test.junit.AutoTests" name="[140] /home/travis/build/icyphy/ptII/ptolemy/actor/lib/test/auto/DownSample.xml (RunModel)" time="0.01" />
  <testcase classname="ptolemy.util.test.junit.AutoTests" name="[141] /home/travis/build/icyphy/ptII/ptolemy/actor/lib/test/auto/ElectronicUnitBase1.xml (RunModel)" time="0.08" />
  <testcase classname="ptolemy.util.test.junit.AutoTests" name="[142] /home/travis/build/icyphy/ptII/ptolemy/actor/lib/test/auto/ElementsToArray.xml (RunModel)" time="0.012" />
  <testcase classname="ptolemy.util.test.junit.AutoTests" name="[143] /home/travis/build/icyphy/ptII/ptolemy/actor/lib/test/auto/Equals.xml (RunModel)" time="0.012" />
  <testcase classname="ptolemy.util.test.junit.AutoTests" name="[144] /home/travis/build/icyphy/ptII/ptolemy/actor/lib/test/auto/Exec.xml (RunModel)" time="0.027" />
  <testcase classname="ptolemy.util.test.junit.AutoTests" name="[145] /home/travis/build/icyphy/ptII/ptolemy/actor/lib/test/auto/ExecEnvironment.xml (RunModel)" time="0.044" />
  <testcase classname="ptolemy.util.test.junit.AutoTests" name="[146] /home/travis/build/icyphy/ptII/ptolemy/actor/lib/test/auto/ExecNonZeroReturnOutput.xml (RunModel)" time="0.174" />
  <testcase classname="ptolemy.util.test.junit.AutoTests" name="[147] /home/travis/build/icyphy/ptII/ptolemy/actor/lib/test/auto/ExecRunDemos.xml (RunModel)" time="10.01" />
  <testcase classname="ptolemy.util.test.junit.AutoTests" name="[148] /home/travis/build/icyphy/ptII/ptolemy/actor/lib/test/auto/ExecStop.xml (RunModel)" time="5.022" />
  <testcase classname="ptolemy.util.test.junit.AutoTests" name="[149] /home/travis/build/icyphy/ptII/ptolemy/actor/lib/test/auto/ExecutionTimeSDF.xml (RunModel)" time="6.032" />
  <testcase classname="ptolemy.util.test.junit.AutoTests" name="[150] /home/travis/build/icyphy/ptII/ptolemy/actor/lib/test/auto/Expression1.xml (RunModel)" time="0.012" />
  <testcase classname="ptolemy.util.test.junit.AutoTests" name="[151] /home/travis/build/icyphy/ptII/ptolemy/actor/lib/test/auto/Expression10.xml (RunModel)" time="0.013" />
  <testcase classname="ptolemy.util.test.junit.AutoTests" name="[152] /home/travis/build/icyphy/ptII/ptolemy/actor/lib/test/auto/Expression11.xml (RunModel)" time="0.009" />
  <testcase classname="ptolemy.util.test.junit.AutoTests" name="[153] /home/travis/build/icyphy/ptII/ptolemy/actor/lib/test/auto/Expression12.xml (RunModel)" time="0.01" />
  <testcase classname="ptolemy.util.test.junit.AutoTests" name="[154] /home/travis/build/icyphy/ptII/ptolemy/actor/lib/test/auto/Expression13.xml (RunModel)" time="0.01" />
  <testcase classname="ptolemy.util.test.junit.AutoTests" name="[155] /home/travis/build/icyphy/ptII/ptolemy/actor/lib/test/auto/Expression14.xml (RunModel)" time="0.012" />
  <testcase classname="ptolemy.util.test.junit.AutoTests" name="[156] /home/travis/build/icyphy/ptII/ptolemy/actor/lib/test/auto/Expression15.xml (RunModel)" time="0.006" />
  <testcase classname="ptolemy.util.test.junit.AutoTests" name="[157] /home/travis/build/icyphy/ptII/ptolemy/actor/lib/test/auto/Expression16.xml (RunModel)" time="0.011" />
  <testcase classname="ptolemy.util.test.junit.AutoTests" name="[158] /home/travis/build/icyphy/ptII/ptolemy/actor/lib/test/auto/Expression17.xml (RunModel)" time="0.011" />
  <testcase classname="ptolemy.util.test.junit.AutoTests" name="[159] /home/travis/build/icyphy/ptII/ptolemy/actor/lib/test/auto/Expression18.xml (RunModel)" time="0.012" />
  <testcase classname="ptolemy.util.test.junit.AutoTests" name="[160] /home/travis/build/icyphy/ptII/ptolemy/actor/lib/test/auto/Expression2.xml (RunModel)" time="0.013" />
  <testcase classname="ptolemy.util.test.junit.AutoTests" name="[161] /home/travis/build/icyphy/ptII/ptolemy/actor/lib/test/auto/Expression3.xml (RunModel)" time="0.013" />
  <testcase classname="ptolemy.util.test.junit.AutoTests" name="[162] /home/travis/build/icyphy/ptII/ptolemy/actor/lib/test/auto/Expression4.xml (RunModel)" time="0.016" />
  <testcase classname="ptolemy.util.test.junit.AutoTests" name="[163] /home/travis/build/icyphy/ptII/ptolemy/actor/lib/test/auto/Expression5.xml (RunModel)" time="0.013" />
  <testcase classname="ptolemy.util.test.junit.AutoTests" name="[164] /home/travis/build/icyphy/ptII/ptolemy/actor/lib/test/auto/Expression6.xml (RunModel)" time="0.007" />
  <testcase classname="ptolemy.util.test.junit.AutoTests" name="[165] /home/travis/build/icyphy/ptII/ptolemy/actor/lib/test/auto/Expression7.xml (RunModel)" time="0.009" />
  <testcase classname="ptolemy.util.test.junit.AutoTests" name="[166] /home/travis/build/icyphy/ptII/ptolemy/actor/lib/test/auto/Expression8.xml (RunModel)" time="0.014" />
  <testcase classname="ptolemy.util.test.junit.AutoTests" name="[167] /home/travis/build/icyphy/ptII/ptolemy/actor/lib/test/auto/Expression9.xml (RunModel)" time="0.006" />
  <testcase classname="ptolemy.util.test.junit.AutoTests" name="[168] /home/travis/build/icyphy/ptII/ptolemy/actor/lib/test/auto/ExpressionConcatenateArrayType.xml (RunModel)" time="0.024" />
  <testcase classname="ptolemy.util.test.junit.AutoTests" name="[169] /home/travis/build/icyphy/ptII/ptolemy/actor/lib/test/auto/ExpressionConcatenateArrayType2.xml (RunModel)" time="0.018" />
  <testcase classname="ptolemy.util.test.junit.AutoTests" name="[170] /home/travis/build/icyphy/ptII/ptolemy/actor/lib/test/auto/ExpressionFix.xml (RunModel)" time="0.038" />
  <testcase classname="ptolemy.util.test.junit.AutoTests" name="[171] /home/travis/build/icyphy/ptII/ptolemy/actor/lib/test/auto/ExpressionFix2.xml (RunModel)" time="0.017" />
  <testcase classname="ptolemy.util.test.junit.AutoTests" name="[172] /home/travis/build/icyphy/ptII/ptolemy/actor/lib/test/auto/ExpressionFix3.xml (RunModel)" time="0.008" />
  <testcase classname="ptolemy.util.test.junit.AutoTests" name="[173] /home/travis/build/icyphy/ptII/ptolemy/actor/lib/test/auto/FileWriter1.xml (RunModel)" time="0.008" />
  <testcase classname="ptolemy.util.test.junit.AutoTests" name="[174] /home/travis/build/icyphy/ptII/ptolemy/actor/lib/test/auto/FileWriter2.xml (RunModel)" time="0.007" />
  <testcase classname="ptolemy.util.test.junit.AutoTests" name="[175] /home/travis/build/icyphy/ptII/ptolemy/actor/lib/test/auto/FileWriter3.xml (RunModel)" time="0.008" />
  <testcase classname="ptolemy.util.test.junit.AutoTests" name="[176] /home/travis/build/icyphy/ptII/ptolemy/actor/lib/test/auto/Gaussian.xml (RunModel)" time="0.009" />
  <testcase classname="ptolemy.util.test.junit.AutoTests" name="[177] /home/travis/build/icyphy/ptII/ptolemy/actor/lib/test/auto/Gaussian1.xml (RunModel)" time="0.014" />
  <testcase classname="ptolemy.util.test.junit.AutoTests" name="[178] /home/travis/build/icyphy/ptII/ptolemy/actor/lib/test/auto/Gaussian2.xml (RunModel)" time="0.019" />
  <testcase classname="ptolemy.util.test.junit.AutoTests" name="[179] /home/travis/build/icyphy/ptII/ptolemy/actor/lib/test/auto/GradientAdaptiveLattice.xml (RunModel)" time="0.013" />
  <testcase classname="ptolemy.util.test.junit.AutoTests" name="[180] /home/travis/build/icyphy/ptII/ptolemy/actor/lib/test/auto/IIR.xml (RunModel)" time="0.009" />
  <testcase classname="ptolemy.util.test.junit.AutoTests" name="[181] /home/travis/build/icyphy/ptII/ptolemy/actor/lib/test/auto/InputOutputTransparentPorts.xml (RunModel)" time="0.015" />
  <testcase classname="ptolemy.util.test.junit.AutoTests" name="[182] /home/travis/build/icyphy/ptII/ptolemy/actor/lib/test/auto/Interpolator.xml (RunModel)" time="0.009" />
  <testcase classname="ptolemy.util.test.junit.AutoTests" name="[183] /home/travis/build/icyphy/ptII/ptolemy/actor/lib/test/auto/InterpolatorFiringLimitDE.xml (RunModel)" time="0.013" />
  <testcase classname="ptolemy.util.test.junit.AutoTests" name="[184] /home/travis/build/icyphy/ptII/ptolemy/actor/lib/test/auto/Lattice.xml (RunModel)" time="0.009" />
  <testcase classname="ptolemy.util.test.junit.AutoTests" name="[185] /home/travis/build/icyphy/ptII/ptolemy/actor/lib/test/auto/LazyAOCTestLazy.xml (RunModel)" time="0.019" />
  <testcase classname="ptolemy.util.test.junit.AutoTests" name="[186] /home/travis/build/icyphy/ptII/ptolemy/actor/lib/test/auto/LazyAOCTestNonLazy.xml (RunModel)" time="0.038" />
  <testcase classname="ptolemy.util.test.junit.AutoTests" name="[187] /home/travis/build/icyphy/ptII/ptolemy/actor/lib/test/auto/LazyInnerClass.xml (RunModel)" time="0.041" />
  <testcase classname="ptolemy.util.test.junit.AutoTests" name="[188] /home/travis/build/icyphy/ptII/ptolemy/actor/lib/test/auto/LazyPubSub.xml (RunModel)" time="0.047" />
  <testcase classname="ptolemy.util.test.junit.AutoTests" name="[189] /home/travis/build/icyphy/ptII/ptolemy/actor/lib/test/auto/LazyPubSub2.xml (RunModel)" time="0.039" />
  <testcase classname="ptolemy.util.test.junit.AutoTests" name="[190] /home/travis/build/icyphy/ptII/ptolemy/actor/lib/test/auto/LazyPubSub3.xml (RunModel)" time="0.021" />
  <testcase classname="ptolemy.util.test.junit.AutoTests" name="[191] /home/travis/build/icyphy/ptII/ptolemy/actor/lib/test/auto/LazySubClassModel.xml (RunModel)" time="0.018" />
  <testcase classname="ptolemy.util.test.junit.AutoTests" name="[192] /home/travis/build/icyphy/ptII/ptolemy/actor/lib/test/auto/LevelCrossTest1.xml (RunModel)" time="0.011" />
  <testcase classname="ptolemy.util.test.junit.AutoTests" name="[193] /home/travis/build/icyphy/ptII/ptolemy/actor/lib/test/auto/LevelCrossTest10.xml (RunModel)" time="0.013" />
  <testcase classname="ptolemy.util.test.junit.AutoTests" name="[194] /home/travis/build/icyphy/ptII/ptolemy/actor/lib/test/auto/LevelCrossTest11.xml (RunModel)" time="0.023" />
  <testcase classname="ptolemy.util.test.junit.AutoTests" name="[195] /home/travis/build/icyphy/ptII/ptolemy/actor/lib/test/auto/LevelCrossTest12.xml (RunModel)" time="0.014" />
  <testcase classname="ptolemy.util.test.junit.AutoTests" name="[196] /home/travis/build/icyphy/ptII/ptolemy/actor/lib/test/auto/LevelCrossTest13.xml (RunModel)" time="0.012" />
  <testcase classname="ptolemy.util.test.junit.AutoTests" name="[197] /home/travis/build/icyphy/ptII/ptolemy/actor/lib/test/auto/LevelCrossTest2.xml (RunModel)" time="0.008" />
  <testcase classname="ptolemy.util.test.junit.AutoTests" name="[198] /home/travis/build/icyphy/ptII/ptolemy/actor/lib/test/auto/LevelCrossTest3.xml (RunModel)" time="0.011" />
  <testcase classname="ptolemy.util.test.junit.AutoTests" name="[199] /home/travis/build/icyphy/ptII/ptolemy/actor/lib/test/auto/LevelCrossTest4.xml (RunModel)" time="0.008" />
  <testcase classname="ptolemy.util.test.junit.AutoTests" name="[200] /home/travis/build/icyphy/ptII/ptolemy/actor/lib/test/auto/LevelCrossTest5.xml (RunModel)" time="0.009" />
  <testcase classname="ptolemy.util.test.junit.AutoTests" name="[201] /home/travis/build/icyphy/ptII/ptolemy/actor/lib/test/auto/LevelCrossTest6.xml (RunModel)" time="0.016" />
  <testcase classname="ptolemy.util.test.junit.AutoTests" name="[202] /home/travis/build/icyphy/ptII/ptolemy/actor/lib/test/auto/LevelCrossTest7.xml (RunModel)" time="0.012" />
  <testcase classname="ptolemy.util.test.junit.AutoTests" name="[203] /home/travis/build/icyphy/ptII/ptolemy/actor/lib/test/auto/LevelCrossTest8.xml (RunModel)" time="0.011" />
  <testcase classname="ptolemy.util.test.junit.AutoTests" name="[204] /home/travis/build/icyphy/ptII/ptolemy/actor/lib/test/auto/LevelCrossTest9.xml (RunModel)" time="0.012" />
  <testcase classname="ptolemy.util.test.junit.AutoTests" name="[205] /home/travis/build/icyphy/ptII/ptolemy/actor/lib/test/auto/LevinsonDurbin.xml (RunModel)" time="0.008" />
  <testcase classname="ptolemy.util.test.junit.AutoTests" name="[206] /home/travis/build/icyphy/ptII/ptolemy/actor/lib/test/auto/LevinsonDurbin2.xml (RunModel)" time="0.007" />
  <testcase classname="ptolemy.util.test.junit.AutoTests" name="[207] /home/travis/build/icyphy/ptII/ptolemy/actor/lib/test/auto/LevinsonDurbin3.xml (RunModel)" time="0.009" />
  <testcase classname="ptolemy.util.test.junit.AutoTests" name="[208] /home/travis/build/icyphy/ptII/ptolemy/actor/lib/test/auto/Limiter.xml (RunModel)" time="0.039" />
  <testcase classname="ptolemy.util.test.junit.AutoTests" name="[209] /home/travis/build/icyphy/ptII/ptolemy/actor/lib/test/auto/LinearDifferenceEquationSystem.xml (RunModel)" time="0.026" />
  <testcase classname="ptolemy.util.test.junit.AutoTests" name="[210] /home/travis/build/icyphy/ptII/ptolemy/actor/lib/test/auto/LookupTable.xml (RunModel)" time="0.007" />
  <testcase classname="ptolemy.util.test.junit.AutoTests" name="[211] /home/travis/build/icyphy/ptII/ptolemy/actor/lib/test/auto/MathFunction.xml (RunModel)" time="0.018" />
  <testcase classname="ptolemy.util.test.junit.AutoTests" name="[212] /home/travis/build/icyphy/ptII/ptolemy/actor/lib/test/auto/MathFunction2.xml (RunModel)" time="0.007" />
  <testcase classname="ptolemy.util.test.junit.AutoTests" name="[213] /home/travis/build/icyphy/ptII/ptolemy/actor/lib/test/auto/MathFunction3.xml (RunModel)" time="0.014" />
  <testcase classname="ptolemy.util.test.junit.AutoTests" name="[214] /home/travis/build/icyphy/ptII/ptolemy/actor/lib/test/auto/MatrixCropBoolean.xml (RunModel)" time="0.007" />
  <testcase classname="ptolemy.util.test.junit.AutoTests" name="[215] /home/travis/build/icyphy/ptII/ptolemy/actor/lib/test/auto/MatrixCropComplex.xml (RunModel)" time="0.007" />
  <testcase classname="ptolemy.util.test.junit.AutoTests" name="[216] /home/travis/build/icyphy/ptII/ptolemy/actor/lib/test/auto/MatrixCropDouble.xml (RunModel)" time="0.009" />
  <testcase classname="ptolemy.util.test.junit.AutoTests" name="[217] /home/travis/build/icyphy/ptII/ptolemy/actor/lib/test/auto/MatrixCropFix.xml (RunModel)" time="0.014" />
  <testcase classname="ptolemy.util.test.junit.AutoTests" name="[218] /home/travis/build/icyphy/ptII/ptolemy/actor/lib/test/auto/MatrixCropInt.xml (RunModel)" time="0.009" />
  <testcase classname="ptolemy.util.test.junit.AutoTests" name="[219] /home/travis/build/icyphy/ptII/ptolemy/actor/lib/test/auto/MatrixCropLong.xml (RunModel)" time="0.008" />
  <testcase classname="ptolemy.util.test.junit.AutoTests" name="[220] /home/travis/build/icyphy/ptII/ptolemy/actor/lib/test/auto/MatrixToArray.xml (RunModel)" time="0.042" />
  <testcase classname="ptolemy.util.test.junit.AutoTests" name="[221] /home/travis/build/icyphy/ptII/ptolemy/actor/lib/test/auto/MaxIndex.xml (RunModel)" time="0.012" />
  <testcase classname="ptolemy.util.test.junit.AutoTests" name="[222] /home/travis/build/icyphy/ptII/ptolemy/actor/lib/test/auto/Maximum.xml (RunModel)" time="0.014" />
  <testcase classname="ptolemy.util.test.junit.AutoTests" name="[223] /home/travis/build/icyphy/ptII/ptolemy/actor/lib/test/auto/MaximumComplex.xml (RunModel)" time="0.012" />
  <testcase classname="ptolemy.util.test.junit.AutoTests" name="[224] /home/travis/build/icyphy/ptII/ptolemy/actor/lib/test/auto/MethodCallTest.xml (RunModel)" time="0.018" />
  <testcase classname="ptolemy.util.test.junit.AutoTests" name="[225] /home/travis/build/icyphy/ptII/ptolemy/actor/lib/test/auto/Minimum.xml (RunModel)" time="0.011" />
  <testcase classname="ptolemy.util.test.junit.AutoTests" name="[226] /home/travis/build/icyphy/ptII/ptolemy/actor/lib/test/auto/MinimumComplex.xml (RunModel)" time="0.021" />
  <testcase classname="ptolemy.util.test.junit.AutoTests" name="[227] /home/travis/build/icyphy/ptII/ptolemy/actor/lib/test/auto/MinimumMultiports.xml (RunModel)" time="0.013" />
  <testcase classname="ptolemy.util.test.junit.AutoTests" name="[228] /home/travis/build/icyphy/ptII/ptolemy/actor/lib/test/auto/ModifyDate.xml (RunModel)" time="0.035" />
  <testcase classname="ptolemy.util.test.junit.AutoTests" name="[229] /home/travis/build/icyphy/ptII/ptolemy/actor/lib/test/auto/ModifyDate2.xml (RunModel)" time="0.023" />
  <testcase classname="ptolemy.util.test.junit.AutoTests" name="[230] /home/travis/build/icyphy/ptII/ptolemy/actor/lib/test/auto/MovingAverage.xml (RunModel)" time="0.008" />
  <testcase classname="ptolemy.util.test.junit.AutoTests" name="[231] /home/travis/build/icyphy/ptII/ptolemy/actor/lib/test/auto/MovingMaximum.xml (RunModel)" time="0.009" />
  <testcase classname="ptolemy.util.test.junit.AutoTests" name="[232] /home/travis/build/icyphy/ptII/ptolemy/actor/lib/test/auto/MultipleLinksToSameRelation.xml (RunModel)" time="0.006" />
  <testcase classname="ptolemy.util.test.junit.AutoTests" name="[233] /home/travis/build/icyphy/ptII/ptolemy/actor/lib/test/auto/MultipleLinksToSameRelationDE.xml (RunModel)" time="0.016" />
  <testcase classname="ptolemy.util.test.junit.AutoTests" name="[234] /home/travis/build/icyphy/ptII/ptolemy/actor/lib/test/auto/Multiplexor.xml (RunModel)" time="0.01" />
  <testcase classname="ptolemy.util.test.junit.AutoTests" name="[235] /home/travis/build/icyphy/ptII/ptolemy/actor/lib/test/auto/Multiplexor1.xml (RunModel)" time="0.01" />
  <testcase classname="ptolemy.util.test.junit.AutoTests" name="[236] /home/travis/build/icyphy/ptII/ptolemy/actor/lib/test/auto/Multiplexor2.xml (RunModel)" time="0.014" />
  <testcase classname="ptolemy.util.test.junit.AutoTests" name="[237] /home/travis/build/icyphy/ptII/ptolemy/actor/lib/test/auto/Multiplexor3.xml (RunModel)" time="0.007" />
  <testcase classname="ptolemy.util.test.junit.AutoTests" name="[238] /home/travis/build/icyphy/ptII/ptolemy/actor/lib/test/auto/MultiplexorDE.xml (RunModel)" time="0.015" />
  <testcase classname="ptolemy.util.test.junit.AutoTests" name="[239] /home/travis/build/icyphy/ptII/ptolemy/actor/lib/test/auto/MultiportBroadcastTest.xml (RunModel)" time="0.066" />
  <testcase classname="ptolemy.util.test.junit.AutoTests" name="[240] /home/travis/build/icyphy/ptII/ptolemy/actor/lib/test/auto/MultiportOutHangDuringGetWidth.xml (RunModel)" time="0.024" />
  <testcase classname="ptolemy.util.test.junit.AutoTests" name="[241] /home/travis/build/icyphy/ptII/ptolemy/actor/lib/test/auto/NilToken.xml (RunModel)" time="0.006" />
  <testcase classname="ptolemy.util.test.junit.AutoTests" name="[242] /home/travis/build/icyphy/ptII/ptolemy/actor/lib/test/auto/NilTokenNonStrictTest.xml (RunModel)" time="0.008" />
  <testcase classname="ptolemy.util.test.junit.AutoTests" name="[243] /home/travis/build/icyphy/ptII/ptolemy/actor/lib/test/auto/NilTokenRecord.xml (RunModel)" time="0.016" />
  <testcase classname="ptolemy.util.test.junit.AutoTests" name="[244] /home/travis/build/icyphy/ptII/ptolemy/actor/lib/test/auto/NilTokenTypeTest.xml (RunModel)" time="0.021" />
  <testcase classname="ptolemy.util.test.junit.AutoTests" name="[245] /home/travis/build/icyphy/ptII/ptolemy/actor/lib/test/auto/ObjectToken1.xml (RunModel)" time="0.011" />
  <testcase classname="ptolemy.util.test.junit.AutoTests" name="[246] /home/travis/build/icyphy/ptII/ptolemy/actor/lib/test/auto/OrderedMerge.xml (RunModel)" time="0.011" />
  <testcase classname="ptolemy.util.test.junit.AutoTests" name="[247] /home/travis/build/icyphy/ptII/ptolemy/actor/lib/test/auto/OrderedRecordDisassembler.xml (RunModel)" time="0.013" />
  <testcase classname="ptolemy.util.test.junit.AutoTests" name="[248] /home/travis/build/icyphy/ptII/ptolemy/actor/lib/test/auto/OrderedRecordDisassembler2.xml (RunModel)" time="0.014" />
  <testcase classname="ptolemy.util.test.junit.AutoTests" name="[249] /home/travis/build/icyphy/ptII/ptolemy/actor/lib/test/auto/OrderedRecordUpdater.xml (RunModel)" time="0.007" />
  <testcase classname="ptolemy.util.test.junit.AutoTests" name="[250] /home/travis/build/icyphy/ptII/ptolemy/actor/lib/test/auto/OrderedRecordUpdater2.xml (RunModel)" time="0.009" />
  <testcase classname="ptolemy.util.test.junit.AutoTests" name="[251] /home/travis/build/icyphy/ptII/ptolemy/actor/lib/test/auto/PhaseUnwrap.xml (RunModel)" time="0.016" />
  <testcase classname="ptolemy.util.test.junit.AutoTests" name="[252] /home/travis/build/icyphy/ptII/ptolemy/actor/lib/test/auto/PoissonClock.xml (RunModel)" time="0.008" />
  <testcase classname="ptolemy.util.test.junit.AutoTests" name="[253] /home/travis/build/icyphy/ptII/ptolemy/actor/lib/test/auto/PoissonClock2.xml (RunModel)" time="0.006" />
  <testcase classname="ptolemy.util.test.junit.AutoTests" name="[254] /home/travis/build/icyphy/ptII/ptolemy/actor/lib/test/auto/PoissonClock3.xml (RunModel)" time="0.021" />
  <testcase classname="ptolemy.util.test.junit.AutoTests" name="[255] /home/travis/build/icyphy/ptII/ptolemy/actor/lib/test/auto/PubSubWithInitialTokens.xml (RunModel)" time="0.013" />
  <testcase classname="ptolemy.util.test.junit.AutoTests" name="[256] /home/travis/build/icyphy/ptII/ptolemy/actor/lib/test/auto/PubSubWithInitialTokens2.xml (RunModel)" time="0.008" />
  <testcase classname="ptolemy.util.test.junit.AutoTests" name="[257] /home/travis/build/icyphy/ptII/ptolemy/actor/lib/test/auto/PublisherClassNoParameter.xml (RunModel)" time="0.02" />
  <testcase classname="ptolemy.util.test.junit.AutoTests" name="[258] /home/travis/build/icyphy/ptII/ptolemy/actor/lib/test/auto/PublisherClassParameter.xml (RunModel)" time="0.018" />
  <testcase classname="ptolemy.util.test.junit.AutoTests" name="[259] /home/travis/build/icyphy/ptII/ptolemy/actor/lib/test/auto/PublisherNonStrictTest.xml (RunModel)" time="0.013" />
  <testcase classname="ptolemy.util.test.junit.AutoTests" name="[260] /home/travis/build/icyphy/ptII/ptolemy/actor/lib/test/auto/PublisherPort1.xml (RunModel)" time="0.019" />
  <testcase classname="ptolemy.util.test.junit.AutoTests" name="[261] /home/travis/build/icyphy/ptII/ptolemy/actor/lib/test/auto/PublisherPort2.xml (RunModel)" time="0.008" />
  <testcase classname="ptolemy.util.test.junit.AutoTests" name="[262] /home/travis/build/icyphy/ptII/ptolemy/actor/lib/test/auto/PublisherPort3.xml (RunModel)" time="0.009" />
  <testcase classname="ptolemy.util.test.junit.AutoTests" name="[263] /home/travis/build/icyphy/ptII/ptolemy/actor/lib/test/auto/PublisherPort4.xml (RunModel)" time="0.01" />
  <testcase classname="ptolemy.util.test.junit.AutoTests" name="[264] /home/travis/build/icyphy/ptII/ptolemy/actor/lib/test/auto/PublisherPort5.xml (RunModel)" time="0.011" />
  <testcase classname="ptolemy.util.test.junit.AutoTests" name="[265] /home/travis/build/icyphy/ptII/ptolemy/actor/lib/test/auto/PublisherPort5LookAlike.xml (RunModel)" time="0.015" />
  <testcase classname="ptolemy.util.test.junit.AutoTests" name="[266] /home/travis/build/icyphy/ptII/ptolemy/actor/lib/test/auto/PublisherPort6.xml (RunModel)" time="0.01" />
  <testcase classname="ptolemy.util.test.junit.AutoTests" name="[267] /home/travis/build/icyphy/ptII/ptolemy/actor/lib/test/auto/PublisherPort7.xml (RunModel)" time="0.013" />
  <testcase classname="ptolemy.util.test.junit.AutoTests" name="[268] /home/travis/build/icyphy/ptII/ptolemy/actor/lib/test/auto/PublisherPort8.xml (RunModel)" time="0.013" />
  <testcase classname="ptolemy.util.test.junit.AutoTests" name="[269] /home/travis/build/icyphy/ptII/ptolemy/actor/lib/test/auto/PublisherPortSubscriberChannelVariablesAOC2.xml (RunModel)" time="0.038" />
  <testcase classname="ptolemy.util.test.junit.AutoTests" name="[270] /home/travis/build/icyphy/ptII/ptolemy/actor/lib/test/auto/PublisherPortSubscriberOpaqueWidthInference.xml (RunModel)" time="0.013" />
  <testcase classname="ptolemy.util.test.junit.AutoTests" name="[271] /home/travis/build/icyphy/ptII/ptolemy/actor/lib/test/auto/PublisherPortSubscriberPortAdjacent.xml (RunModel)" time="0.015" />
  <testcase classname="ptolemy.util.test.junit.AutoTests" name="[272] /home/travis/build/icyphy/ptII/ptolemy/actor/lib/test/auto/PublisherPortSubscriberPortExpression.xml (RunModel)" time="0.015" />
  <testcase classname="ptolemy.util.test.junit.AutoTests" name="[273] /home/travis/build/icyphy/ptII/ptolemy/actor/lib/test/auto/PublisherPortSubscriberPortOpaqueD3Reverse.xml (RunModel)" time="0.016" />
  <testcase classname="ptolemy.util.test.junit.AutoTests" name="[274] /home/travis/build/icyphy/ptII/ptolemy/actor/lib/test/auto/PublisherPortSubscriberPortOpaqueWidthInference.xml (RunModel)" time="0.016" />
  <testcase classname="ptolemy.util.test.junit.AutoTests" name="[275] /home/travis/build/icyphy/ptII/ptolemy/actor/lib/test/auto/PublisherPortToplevelSubscriberPortAOC.xml (RunModel)" time="0.01" />
  <testcase classname="ptolemy.util.test.junit.AutoTests" name="[276] /home/travis/build/icyphy/ptII/ptolemy/actor/lib/test/auto/PublisherSubscriber.xml (RunModel)" time="0.011" />
  <testcase classname="ptolemy.util.test.junit.AutoTests" name="[277] /home/travis/build/icyphy/ptII/ptolemy/actor/lib/test/auto/PublisherSubscriber10.xml (RunModel)" time="0.022" />
  <testcase classname="ptolemy.util.test.junit.AutoTests" name="[278] /home/travis/build/icyphy/ptII/ptolemy/actor/lib/test/auto/PublisherSubscriber10InitialOutputs.xml (RunModel)" time="0.025" />
  <testcase classname="ptolemy.util.test.junit.AutoTests" name="[279] /home/travis/build/icyphy/ptII/ptolemy/actor/lib/test/auto/PublisherSubscriber11.xml (RunModel)" time="0.011" />
  <testcase classname="ptolemy.util.test.junit.AutoTests" name="[280] /home/travis/build/icyphy/ptII/ptolemy/actor/lib/test/auto/PublisherSubscriber12.xml (RunModel)" time="0.011" />
  <testcase classname="ptolemy.util.test.junit.AutoTests" name="[281] /home/travis/build/icyphy/ptII/ptolemy/actor/lib/test/auto/PublisherSubscriber13.xml (RunModel)" time="0.008" />
  <testcase classname="ptolemy.util.test.junit.AutoTests" name="[282] /home/travis/build/icyphy/ptII/ptolemy/actor/lib/test/auto/PublisherSubscriber14.xml (RunModel)" time="0.016" />
  <testcase classname="ptolemy.util.test.junit.AutoTests" name="[283] /home/travis/build/icyphy/ptII/ptolemy/actor/lib/test/auto/PublisherSubscriber2.xml (RunModel)" time="0.008" />
  <testcase classname="ptolemy.util.test.junit.AutoTests" name="[284] /home/travis/build/icyphy/ptII/ptolemy/actor/lib/test/auto/PublisherSubscriber3.xml (RunModel)" time="0.014" />
  <testcase classname="ptolemy.util.test.junit.AutoTests" name="[285] /home/travis/build/icyphy/ptII/ptolemy/actor/lib/test/auto/PublisherSubscriber4.xml (RunModel)" time="0.007" />
  <testcase classname="ptolemy.util.test.junit.AutoTests" name="[286] /home/travis/build/icyphy/ptII/ptolemy/actor/lib/test/auto/PublisherSubscriber5.xml (RunModel)" time="0.009" />
  <testcase classname="ptolemy.util.test.junit.AutoTests" name="[287] /home/travis/build/icyphy/ptII/ptolemy/actor/lib/test/auto/PublisherSubscriber6.xml (RunModel)" time="0.011" />
  <testcase classname="ptolemy.util.test.junit.AutoTests" name="[288] /home/travis/build/icyphy/ptII/ptolemy/actor/lib/test/auto/PublisherSubscriber7.xml (RunModel)" time="0.022" />
  <testcase classname="ptolemy.util.test.junit.AutoTests" name="[289] /home/travis/build/icyphy/ptII/ptolemy/actor/lib/test/auto/PublisherSubscriber8.xml (RunModel)" time="0.027" />
  <testcase classname="ptolemy.util.test.junit.AutoTests" name="[290] /home/travis/build/icyphy/ptII/ptolemy/actor/lib/test/auto/PublisherSubscriber9.xml (RunModel)" time="0.015" />
  <testcase classname="ptolemy.util.test.junit.AutoTests" name="[291] /home/travis/build/icyphy/ptII/ptolemy/actor/lib/test/auto/PublisherSubscriberAdjacent.xml (RunModel)" time="0.013" />
  <testcase classname="ptolemy.util.test.junit.AutoTests" name="[292] /home/travis/build/icyphy/ptII/ptolemy/actor/lib/test/auto/PublisherSubscriberChannelVariablesAOC2.xml (RunModel)" time="0.024" />
  <testcase classname="ptolemy.util.test.junit.AutoTests" name="[293] /home/travis/build/icyphy/ptII/ptolemy/actor/lib/test/auto/PublisherSubscriberD3.xml (RunModel)" time="0.01" />
  <testcase classname="ptolemy.util.test.junit.AutoTests" name="[294] /home/travis/build/icyphy/ptII/ptolemy/actor/lib/test/auto/PublisherSubscriberD3Reverse.xml (RunModel)" time="0.009" />
  <testcase classname="ptolemy.util.test.junit.AutoTests" name="[295] /home/travis/build/icyphy/ptII/ptolemy/actor/lib/test/auto/PublisherSubscriberExpression.xml (RunModel)" time="0.017" />
  <testcase classname="ptolemy.util.test.junit.AutoTests" name="[296] /home/travis/build/icyphy/ptII/ptolemy/actor/lib/test/auto/PublisherSubscriberOpaque.xml (RunModel)" time="0.028" />
  <testcase classname="ptolemy.util.test.junit.AutoTests" name="[297] /home/travis/build/icyphy/ptII/ptolemy/actor/lib/test/auto/PublisherSubscriberOpaqueD3.xml (RunModel)" time="0.02" />
  <testcase classname="ptolemy.util.test.junit.AutoTests" name="[298] /home/travis/build/icyphy/ptII/ptolemy/actor/lib/test/auto/PublisherSubscriberOpaqueD3Reverse.xml (RunModel)" time="0.018" />
  <testcase classname="ptolemy.util.test.junit.AutoTests" name="[299] /home/travis/build/icyphy/ptII/ptolemy/actor/lib/test/auto/PublisherSubscriberOpaqueWidthInference.xml (RunModel)" time="0.014" />
  <testcase classname="ptolemy.util.test.junit.AutoTests" name="[300] /home/travis/build/icyphy/ptII/ptolemy/actor/lib/test/auto/PublisherTestSubscriber.xml (RunModel)" time="0.012" />
  <testcase classname="ptolemy.util.test.junit.AutoTests" name="[301] /home/travis/build/icyphy/ptII/ptolemy/actor/lib/test/auto/PublisherToplevelSubscriberPortAOC.xml (RunModel)" time="0.008" />
  <testcase classname="ptolemy.util.test.junit.AutoTests" name="[302] /home/travis/build/icyphy/ptII/ptolemy/actor/lib/test/auto/PulseFiringLimitDE.xml (RunModel)" time="0.012" />
  <testcase classname="ptolemy.util.test.junit.AutoTests" name="[303] /home/travis/build/icyphy/ptII/ptolemy/actor/lib/test/auto/Ramp1.xml (RunModel)" time="0.005" />
  <testcase classname="ptolemy.util.test.junit.AutoTests" name="[304] /home/travis/build/icyphy/ptII/ptolemy/actor/lib/test/auto/RampFiringLimitDE.xml (RunModel)" time="0.008" />
  <testcase classname="ptolemy.util.test.junit.AutoTests" name="[305] /home/travis/build/icyphy/ptII/ptolemy/actor/lib/test/auto/RampFiringLimitSDF.xml (RunModel)" time="0.007" />
  <testcase classname="ptolemy.util.test.junit.AutoTests" name="[306] /home/travis/build/icyphy/ptII/ptolemy/actor/lib/test/auto/RandomInteger.xml (RunModel)" time="0.007" />
  <testcase classname="ptolemy.util.test.junit.AutoTests" name="[307] /home/travis/build/icyphy/ptII/ptolemy/actor/lib/test/auto/ReadFile1.xml (RunModel)" time="0.006" />
  <testcase classname="ptolemy.util.test.junit.AutoTests" name="[308] /home/travis/build/icyphy/ptII/ptolemy/actor/lib/test/auto/ReadFile2.xml (RunModel)" time="0.006" />
  <testcase classname="ptolemy.util.test.junit.AutoTests" name="[309] /home/travis/build/icyphy/ptII/ptolemy/actor/lib/test/auto/Reader.xml (RunModel)" time="0.01" />
  <testcase classname="ptolemy.util.test.junit.AutoTests" name="[310] /home/travis/build/icyphy/ptII/ptolemy/actor/lib/test/auto/RecordAssemblerDisplayNameTest.xml (RunModel)" time="3.111" />
  <testcase classname="ptolemy.util.test.junit.AutoTests" name="[311] /home/travis/build/icyphy/ptII/ptolemy/actor/lib/test/auto/RecordAssemblerTypeError.xml (RunModel)" time="0.039" />
  <testcase classname="ptolemy.util.test.junit.AutoTests" name="[312] /home/travis/build/icyphy/ptII/ptolemy/actor/lib/test/auto/RecordDisassember.xml (RunModel)" time="0.009" />
  <testcase classname="ptolemy.util.test.junit.AutoTests" name="[313] /home/travis/build/icyphy/ptII/ptolemy/actor/lib/test/auto/RecordDisassemberDisplayNameTest.xml (RunModel)" time="0.015" />
  <testcase classname="ptolemy.util.test.junit.AutoTests" name="[314] /home/travis/build/icyphy/ptII/ptolemy/actor/lib/test/auto/RecordDisassembler.xml (RunModel)" time="0.01" />
  <testcase classname="ptolemy.util.test.junit.AutoTests" name="[315] /home/travis/build/icyphy/ptII/ptolemy/actor/lib/test/auto/RecordDisassembler2.xml (RunModel)" time="0.008" />
  <testcase classname="ptolemy.util.test.junit.AutoTests" name="[316] /home/travis/build/icyphy/ptII/ptolemy/actor/lib/test/auto/RecordUpdater.xml (RunModel)" time="0.007" />
  <testcase classname="ptolemy.util.test.junit.AutoTests" name="[317] /home/travis/build/icyphy/ptII/ptolemy/actor/lib/test/auto/RecordUpdater2.xml (RunModel)" time="0.006" />
  <testcase classname="ptolemy.util.test.junit.AutoTests" name="[318] /home/travis/build/icyphy/ptII/ptolemy/actor/lib/test/auto/RecursiveLattice.xml (RunModel)" time="0.006" />
  <testcase classname="ptolemy.util.test.junit.AutoTests" name="[319] /home/travis/build/icyphy/ptII/ptolemy/actor/lib/test/auto/Router.xml (RunModel)" time="3.019" />
  <testcase classname="ptolemy.util.test.junit.AutoTests" name="[320] /home/travis/build/icyphy/ptII/ptolemy/actor/lib/test/auto/Router2.xml (RunModel)" time="3.025" />
  <testcase classname="ptolemy.util.test.junit.AutoTests" name="[321] /home/travis/build/icyphy/ptII/ptolemy/actor/lib/test/auto/RunningMaximum.xml (RunModel)" time="0.022" />
  <testcase classname="ptolemy.util.test.junit.AutoTests" name="[322] /home/travis/build/icyphy/ptII/ptolemy/actor/lib/test/auto/RunningMinimum.xml (RunModel)" time="0.017" />
  <testcase classname="ptolemy.util.test.junit.AutoTests" name="[323] /home/travis/build/icyphy/ptII/ptolemy/actor/lib/test/auto/Scale.xml (RunModel)" time="0.007" />
  <testcase classname="ptolemy.util.test.junit.AutoTests" name="[324] /home/travis/build/icyphy/ptII/ptolemy/actor/lib/test/auto/Scale2.xml (RunModel)" time="0.008" />
  <testcase classname="ptolemy.util.test.junit.AutoTests" name="[325] /home/travis/build/icyphy/ptII/ptolemy/actor/lib/test/auto/Scale3.xml (RunModel)" time="0.012" />
  <testcase classname="ptolemy.util.test.junit.AutoTests" name="[326] /home/travis/build/icyphy/ptII/ptolemy/actor/lib/test/auto/ScaleArray.xml (RunModel)" time="0.006" />
  <testcase classname="ptolemy.util.test.junit.AutoTests" name="[327] /home/travis/build/icyphy/ptII/ptolemy/actor/lib/test/auto/ScaleArray2.xml (RunModel)" time="0.006" />
  <testcase classname="ptolemy.util.test.junit.AutoTests" name="[328] /home/travis/build/icyphy/ptII/ptolemy/actor/lib/test/auto/ScaleMatrix.xml (RunModel)" time="0.145" />
  <testcase classname="ptolemy.util.test.junit.AutoTests" name="[329] /home/travis/build/icyphy/ptII/ptolemy/actor/lib/test/auto/Select.xml (RunModel)" time="0.012" />
  <testcase classname="ptolemy.util.test.junit.AutoTests" name="[330] /home/travis/build/icyphy/ptII/ptolemy/actor/lib/test/auto/Select2.xml (RunModel)" time="0.006" />
  <testcase classname="ptolemy.util.test.junit.AutoTests" name="[331] /home/travis/build/icyphy/ptII/ptolemy/actor/lib/test/auto/SequenceToArray2.xml (RunModel)" time="0.118" />
  <testcase classname="ptolemy.util.test.junit.AutoTests" name="[332] /home/travis/build/icyphy/ptII/ptolemy/actor/lib/test/auto/SequentialClock.xml (RunModel)" time="0.007" />
  <testcase classname="ptolemy.util.test.junit.AutoTests" name="[333] /home/travis/build/icyphy/ptII/ptolemy/actor/lib/test/auto/SetVariable.xml (RunModel)" time="0.008" />
  <testcase classname="ptolemy.util.test.junit.AutoTests" name="[334] /home/travis/build/icyphy/ptII/ptolemy/actor/lib/test/auto/SetVariable2.xml (RunModel)" time="0.008" />
  <testcase classname="ptolemy.util.test.junit.AutoTests" name="[335] /home/travis/build/icyphy/ptII/ptolemy/actor/lib/test/auto/SetVariable3.xml (RunModel)" time="0.013" />
  <testcase classname="ptolemy.util.test.junit.AutoTests" name="[336] /home/travis/build/icyphy/ptII/ptolemy/actor/lib/test/auto/SetVariable4.xml (RunModel)" time="0.029" />
  <testcase classname="ptolemy.util.test.junit.AutoTests" name="[337] /home/travis/build/icyphy/ptII/ptolemy/actor/lib/test/auto/SetVariable5.xml (RunModel)" time="0.046" />
  <testcase classname="ptolemy.util.test.junit.AutoTests" name="[338] /home/travis/build/icyphy/ptII/ptolemy/actor/lib/test/auto/Sinewave.xml (RunModel)" time="0.019" />
  <testcase classname="ptolemy.util.test.junit.AutoTests" name="[339] /home/travis/build/icyphy/ptII/ptolemy/actor/lib/test/auto/Sinewave2.xml (RunModel)" time="0.012" />
  <testcase classname="ptolemy.util.test.junit.AutoTests" name="[340] /home/travis/build/icyphy/ptII/ptolemy/actor/lib/test/auto/Sinewave3.xml (RunModel)" time="0.019" />
  <testcase classname="ptolemy.util.test.junit.AutoTests" name="[341] /home/travis/build/icyphy/ptII/ptolemy/actor/lib/test/auto/SingleEvent.xml (RunModel)" time="0.006" />
  <testcase classname="ptolemy.util.test.junit.AutoTests" name="[342] /home/travis/build/icyphy/ptII/ptolemy/actor/lib/test/auto/Sleep.xml (RunModel)" time="6.014" />
  <testcase classname="ptolemy.util.test.junit.AutoTests" name="[343] /home/travis/build/icyphy/ptII/ptolemy/actor/lib/test/auto/SleepMultipleFire.xml (RunModel)" time="1.018" />
  <testcase classname="ptolemy.util.test.junit.AutoTests" name="[344] /home/travis/build/icyphy/ptII/ptolemy/actor/lib/test/auto/StopDE.xml (RunModel)" time="0.013" />
  <testcase classname="ptolemy.util.test.junit.AutoTests" name="[345] /home/travis/build/icyphy/ptII/ptolemy/actor/lib/test/auto/StopSDF.xml (RunModel)" time="0.01" />
  <testcase classname="ptolemy.util.test.junit.AutoTests" name="[346] /home/travis/build/icyphy/ptII/ptolemy/actor/lib/test/auto/StringConstant.xml (RunModel)" time="0.014" />
  <testcase classname="ptolemy.util.test.junit.AutoTests" name="[347] /home/travis/build/icyphy/ptII/ptolemy/actor/lib/test/auto/SubscriberPortInitialValues1.xml (RunModel)" time="0.02" />
  <testcase classname="ptolemy.util.test.junit.AutoTests" name="[348] /home/travis/build/icyphy/ptII/ptolemy/actor/lib/test/auto/SubscriberPortInitialValues13.xml (RunModel)" time="0.024" />
  <testcase classname="ptolemy.util.test.junit.AutoTests" name="[349] /home/travis/build/icyphy/ptII/ptolemy/actor/lib/test/auto/SubscriberPortInitialValues14.xml (RunModel)" time="0.013" />
  <testcase classname="ptolemy.util.test.junit.AutoTests" name="[350] /home/travis/build/icyphy/ptII/ptolemy/actor/lib/test/auto/SubscriberPortInitialValues2.xml (RunModel)" time="0.012" />
  <testcase classname="ptolemy.util.test.junit.AutoTests" name="[351] /home/travis/build/icyphy/ptII/ptolemy/actor/lib/test/auto/SubscriberPortInitialValues3.xml (RunModel)" time="0.019" />
  <testcase classname="ptolemy.util.test.junit.AutoTests" name="[352] /home/travis/build/icyphy/ptII/ptolemy/actor/lib/test/auto/SubscriptionAggregator.xml (RunModel)" time="0.009" />
  <testcase classname="ptolemy.util.test.junit.AutoTests" name="[353] /home/travis/build/icyphy/ptII/ptolemy/actor/lib/test/auto/SubscriptionAggregator2.xml (RunModel)" time="0.011" />
  <testcase classname="ptolemy.util.test.junit.AutoTests" name="[354] /home/travis/build/icyphy/ptII/ptolemy/actor/lib/test/auto/SubscriptionAggregator3.xml (RunModel)" time="0.014" />
  <testcase classname="ptolemy.util.test.junit.AutoTests" name="[355] /home/travis/build/icyphy/ptII/ptolemy/actor/lib/test/auto/SubscriptionAggregatorMultiply.xml (RunModel)" time="0.021" />
  <testcase classname="ptolemy.util.test.junit.AutoTests" name="[356] /home/travis/build/icyphy/ptII/ptolemy/actor/lib/test/auto/SubscriptionAggregatorPortMultiply1.xml (RunModel)" time="0.012" />
  <testcase classname="ptolemy.util.test.junit.AutoTests" name="[357] /home/travis/build/icyphy/ptII/ptolemy/actor/lib/test/auto/Switch.xml (RunModel)" time="0.014" />
  <testcase classname="ptolemy.util.test.junit.AutoTests" name="[358] /home/travis/build/icyphy/ptII/ptolemy/actor/lib/test/auto/Switch2.xml (RunModel)" time="0.01" />
  <testcase classname="ptolemy.util.test.junit.AutoTests" name="[359] /home/travis/build/icyphy/ptII/ptolemy/actor/lib/test/auto/SwitchDE.xml (RunModel)" time="0.011" />
  <testcase classname="ptolemy.util.test.junit.AutoTests" name="[360] /home/travis/build/icyphy/ptII/ptolemy/actor/lib/test/auto/SynchronizerDE.xml (RunModel)" time="0.018" />
  <testcase classname="ptolemy.util.test.junit.AutoTests" name="[361] /home/travis/build/icyphy/ptII/ptolemy/actor/lib/test/auto/Test.xml (RunModel)" time="0.008" />
  <testcase classname="ptolemy.util.test.junit.AutoTests" name="[362] /home/travis/build/icyphy/ptII/ptolemy/actor/lib/test/auto/TestExceptionAttribute1.xml (RunModel)" time="0.005" />
  <testcase classname="ptolemy.util.test.junit.AutoTests" name="[363] /home/travis/build/icyphy/ptII/ptolemy/actor/lib/test/auto/TestExceptionAttribute2.xml (RunModel)" time="0.006" />
  <testcase classname="ptolemy.util.test.junit.AutoTests" name="[364] /home/travis/build/icyphy/ptII/ptolemy/actor/lib/test/auto/TestExceptionAttribute3.xml (RunModel)" time="0.008" />
  <testcase classname="ptolemy.util.test.junit.AutoTests" name="[365] /home/travis/build/icyphy/ptII/ptolemy/actor/lib/test/auto/TestExceptionAttribute4.xml (RunModel)" time="0.006" />
  <testcase classname="ptolemy.util.test.junit.AutoTests" name="[366] /home/travis/build/icyphy/ptII/ptolemy/actor/lib/test/auto/TestExceptionHandler1.xml (RunModel)" time="0.007" />
  <testcase classname="ptolemy.util.test.junit.AutoTests" name="[367] /home/travis/build/icyphy/ptII/ptolemy/actor/lib/test/auto/TestExceptionHandler2.xml (RunModel)" time="0.006" />
  <testcase classname="ptolemy.util.test.junit.AutoTests" name="[368] /home/travis/build/icyphy/ptII/ptolemy/actor/lib/test/auto/TestExceptionHandler3.xml (RunModel)" time="0.007" />
  <testcase classname="ptolemy.util.test.junit.AutoTests" name="[369] /home/travis/build/icyphy/ptII/ptolemy/actor/lib/test/auto/TestExceptionHandler4.xml (RunModel)" time="0.005" />
  <testcase classname="ptolemy.util.test.junit.AutoTests" name="[370] /home/travis/build/icyphy/ptII/ptolemy/actor/lib/test/auto/TestRequireCorrectOrder.xml (RunModel)" time="0.013" />
  <testcase classname="ptolemy.util.test.junit.AutoTests" name="[371] /home/travis/build/icyphy/ptII/ptolemy/actor/lib/test/auto/TestSimple.xml (RunModel)" time="0.008" />
  <testcase classname="ptolemy.util.test.junit.AutoTests" name="[372] /home/travis/build/icyphy/ptII/ptolemy/actor/lib/test/auto/ThrowModelError.xml (RunModel)" time="0.009" />
  <testcase classname="ptolemy.util.test.junit.AutoTests" name="[373] /home/travis/build/icyphy/ptII/ptolemy/actor/lib/test/auto/TimeDelayMicrosteps.xml (RunModel)" time="0.013" />
  <testcase classname="ptolemy.util.test.junit.AutoTests" name="[374] /home/travis/build/icyphy/ptII/ptolemy/actor/lib/test/auto/TimeDelayMicrosteps2.xml (RunModel)" time="0.012" />
  <testcase classname="ptolemy.util.test.junit.AutoTests" name="[375] /home/travis/build/icyphy/ptII/ptolemy/actor/lib/test/auto/TimeDelayMicrosteps3.xml (RunModel)" time="0.01" />
  <testcase classname="ptolemy.util.test.junit.AutoTests" name="[376] /home/travis/build/icyphy/ptII/ptolemy/actor/lib/test/auto/TimeDelayVariableMicrosteps.xml (RunModel)" time="0.01" />
  <testcase classname="ptolemy.util.test.junit.AutoTests" name="[377] /home/travis/build/icyphy/ptII/ptolemy/actor/lib/test/auto/TimeGap.xml (RunModel)" time="0.012" />
  <testcase classname="ptolemy.util.test.junit.AutoTests" name="[378] /home/travis/build/icyphy/ptII/ptolemy/actor/lib/test/auto/TimeGap2.xml (RunModel)" time="0.01" />
  <testcase classname="ptolemy.util.test.junit.AutoTests" name="[379] /home/travis/build/icyphy/ptII/ptolemy/actor/lib/test/auto/TimedSinewave.xml (RunModel)" time="0.051" />
  <testcase classname="ptolemy.util.test.junit.AutoTests" name="[380] /home/travis/build/icyphy/ptII/ptolemy/actor/lib/test/auto/TimedSinewavePhase.xml (RunModel)" time="0.03" />
  <testcase classname="ptolemy.util.test.junit.AutoTests" name="[381] /home/travis/build/icyphy/ptII/ptolemy/actor/lib/test/auto/Timer.xml (RunModel)" time="0.015" />
  <testcase classname="ptolemy.util.test.junit.AutoTests" name="[382] /home/travis/build/icyphy/ptII/ptolemy/actor/lib/test/auto/TriangularDistTestModel.xml (RunModel)" time="0.014" />
  <testcase classname="ptolemy.util.test.junit.AutoTests" name="[383] /home/travis/build/icyphy/ptII/ptolemy/actor/lib/test/auto/TrigFunction.xml (RunModel)" time="0.006" />
  <testcase classname="ptolemy.util.test.junit.AutoTests" name="[384] /home/travis/build/icyphy/ptII/ptolemy/actor/lib/test/auto/TrigFunctionDE.xml (RunModel)" time="0.008" />
  <testcase classname="ptolemy.util.test.junit.AutoTests" name="[385] /home/travis/build/icyphy/ptII/ptolemy/actor/lib/test/auto/TrigFunctionInverse.xml (RunModel)" time="0.007" />
  <testcase classname="ptolemy.util.test.junit.AutoTests" name="[386] /home/travis/build/icyphy/ptII/ptolemy/actor/lib/test/auto/TrigFunctionTan.xml (RunModel)" time="0.009" />
  <testcase classname="ptolemy.util.test.junit.AutoTests" name="[387] /home/travis/build/icyphy/ptII/ptolemy/actor/lib/test/auto/TriggeredClock.xml (RunModel)" time="0.006" />
  <testcase classname="ptolemy.util.test.junit.AutoTests" name="[388] /home/travis/build/icyphy/ptII/ptolemy/actor/lib/test/auto/URLDirectoryReader.xml (RunModel)" time="0.129" />
  <testcase classname="ptolemy.util.test.junit.AutoTests" name="[389] /home/travis/build/icyphy/ptII/ptolemy/actor/lib/test/auto/URLDirectoryReader3.xml (RunModel)" time="1.17" />
  <testcase classname="ptolemy.util.test.junit.AutoTests" name="[390] /home/travis/build/icyphy/ptII/ptolemy/actor/lib/test/auto/UnaryMathFunction.xml (RunModel)" time="0.031" />
  <testcase classname="ptolemy.util.test.junit.AutoTests" name="[391] /home/travis/build/icyphy/ptII/ptolemy/actor/lib/test/auto/Uniform.xml (RunModel)" time="0.01" />
  <testcase classname="ptolemy.util.test.junit.AutoTests" name="[392] /home/travis/build/icyphy/ptII/ptolemy/actor/lib/test/auto/UnionDisassemblerTest.xml (RunModel)" time="0.012" />
  <testcase classname="ptolemy.util.test.junit.AutoTests" name="[393] /home/travis/build/icyphy/ptII/ptolemy/actor/lib/test/auto/UtilityFunctions.xml (RunModel)" time="0.005" />
  <testcase classname="ptolemy.util.test.junit.AutoTests" name="[394] /home/travis/build/icyphy/ptII/ptolemy/actor/lib/test/auto/VariableSleep.xml (RunModel)" time="0.511" />
  <testcase classname="ptolemy.util.test.junit.AutoTests" name="[395] /home/travis/build/icyphy/ptII/ptolemy/actor/lib/test/auto/VectorAssemblerDisassemblerCT.xml (RunModel)" time="0.116" />
  <testcase classname="ptolemy.util.test.junit.AutoTests" name="[396] /home/travis/build/icyphy/ptII/ptolemy/actor/lib/test/auto/VectorAssemblerDisassemblerDE.xml (RunModel)" time="0.012" />
  <testcase classname="ptolemy.util.test.junit.AutoTests" name="[397] /home/travis/build/icyphy/ptII/ptolemy/actor/lib/test/auto/VectorAssemblerDisassemblerSDF.xml (RunModel)" time="0.01" />
  <testcase classname="ptolemy.util.test.junit.AutoTests" name="[398] /home/travis/build/icyphy/ptII/ptolemy/actor/lib/test/auto/WallClockTime.xml (RunModel)" time="1.01" />
  <testcase classname="ptolemy.util.test.junit.AutoTests" name="[399] /home/travis/build/icyphy/ptII/ptolemy/actor/lib/test/auto/WidthTestWithSubscriberPublisher.xml (RunModel)" time="0.034" />
  <testcase classname="ptolemy.util.test.junit.AutoTests" name="[400] /home/travis/build/icyphy/ptII/ptolemy/actor/lib/test/auto/WidthTestWithSubscriberPublisher2.xml (RunModel)" time="0.017" />
  <testcase classname="ptolemy.util.test.junit.AutoTests" name="[401] /home/travis/build/icyphy/ptII/ptolemy/actor/lib/test/auto/WidthTestWithSubscriberPublisher3.xml (RunModel)" time="0.009" />
  <testcase classname="ptolemy.util.test.junit.AutoTests" name="[402] /home/travis/build/icyphy/ptII/ptolemy/actor/lib/test/auto/Writer.xml (RunModel)" time="0.007" />
  <testcase classname="ptolemy.util.test.junit.AutoTests" name="[403] /home/travis/build/icyphy/ptII/ptolemy/actor/lib/test/auto/array.xml (RunModel)" time="0.022" />
  <testcase classname="ptolemy.util.test.junit.AutoTests" name="[404] /home/travis/build/icyphy/ptII/ptolemy/actor/lib/test/auto/array2.xml (RunModel)" time="0.02" />
  <testcase classname="ptolemy.util.test.junit.AutoTests" name="[405] /home/travis/build/icyphy/ptII/ptolemy/actor/lib/test/auto/arrayType.xml (RunModel)" time="0.013" />
  <testcase classname="ptolemy.util.test.junit.AutoTests" name="[406] /home/travis/build/icyphy/ptII/ptolemy/actor/lib/test/auto/arrayType10.xml (RunModel)" time="0.006" />
  <testcase classname="ptolemy.util.test.junit.AutoTests" name="[407] /home/travis/build/icyphy/ptII/ptolemy/actor/lib/test/auto/arrayType11.xml (RunModel)" time="0.007" />
  <testcase classname="ptolemy.util.test.junit.AutoTests" name="[408] /home/travis/build/icyphy/ptII/ptolemy/actor/lib/test/auto/arrayType12.xml (RunModel)" time="0.007" />
  <testcase classname="ptolemy.util.test.junit.AutoTests" name="[409] /home/travis/build/icyphy/ptII/ptolemy/actor/lib/test/auto/arrayType13.xml (RunModel)" time="0.007" />
  <testcase classname="ptolemy.util.test.junit.AutoTests" name="[410] /home/travis/build/icyphy/ptII/ptolemy/actor/lib/test/auto/arrayType14.xml (RunModel)" time="0.007" />
  <testcase classname="ptolemy.util.test.junit.AutoTests" name="[411] /home/travis/build/icyphy/ptII/ptolemy/actor/lib/test/auto/arrayType15.xml (RunModel)" time="0.008" />
  <testcase classname="ptolemy.util.test.junit.AutoTests" name="[412] /home/travis/build/icyphy/ptII/ptolemy/actor/lib/test/auto/arrayType16.xml (RunModel)" time="0.008" />
  <testcase classname="ptolemy.util.test.junit.AutoTests" name="[413] /home/travis/build/icyphy/ptII/ptolemy/actor/lib/test/auto/arrayType17.xml (RunModel)" time="0.008" />
  <testcase classname="ptolemy.util.test.junit.AutoTests" name="[414] /home/travis/build/icyphy/ptII/ptolemy/actor/lib/test/auto/arrayType18.xml (RunModel)" time="0.007" />
  <testcase classname="ptolemy.util.test.junit.AutoTests" name="[415] /home/travis/build/icyphy/ptII/ptolemy/actor/lib/test/auto/arrayType19.xml (RunModel)" time="0.007" />
  <testcase classname="ptolemy.util.test.junit.AutoTests" name="[416] /home/travis/build/icyphy/ptII/ptolemy/actor/lib/test/auto/arrayType2.xml (RunModel)" time="0.007" />
  <testcase classname="ptolemy.util.test.junit.AutoTests" name="[417] /home/travis/build/icyphy/ptII/ptolemy/actor/lib/test/auto/arrayType20.xml (RunModel)" time="0.007" />
  <testcase classname="ptolemy.util.test.junit.AutoTests" name="[418] /home/travis/build/icyphy/ptII/ptolemy/actor/lib/test/auto/arrayType21.xml (RunModel)" time="0.007" />
  <testcase classname="ptolemy.util.test.junit.AutoTests" name="[419] /home/travis/build/icyphy/ptII/ptolemy/actor/lib/test/auto/arrayType22.xml (RunModel)" time="0.006" />
  <testcase classname="ptolemy.util.test.junit.AutoTests" name="[420] /home/travis/build/icyphy/ptII/ptolemy/actor/lib/test/auto/arrayType23.xml (RunModel)" time="0.007" />
  <testcase classname="ptolemy.util.test.junit.AutoTests" name="[421] /home/travis/build/icyphy/ptII/ptolemy/actor/lib/test/auto/arrayType24.xml (RunModel)" time="0.007" />
  <testcase classname="ptolemy.util.test.junit.AutoTests" name="[422] /home/travis/build/icyphy/ptII/ptolemy/actor/lib/test/auto/arrayType25.xml (RunModel)" time="0.006" />
  <testcase classname="ptolemy.util.test.junit.AutoTests" name="[423] /home/travis/build/icyphy/ptII/ptolemy/actor/lib/test/auto/arrayType26.xml (RunModel)" time="0.007" />
  <testcase classname="ptolemy.util.test.junit.AutoTests" name="[424] /home/travis/build/icyphy/ptII/ptolemy/actor/lib/test/auto/arrayType27.xml (RunModel)" time="0.007" />
  <testcase classname="ptolemy.util.test.junit.AutoTests" name="[425] /home/travis/build/icyphy/ptII/ptolemy/actor/lib/test/auto/arrayType28.xml (RunModel)" time="0.008" />
  <testcase classname="ptolemy.util.test.junit.AutoTests" name="[426] /home/travis/build/icyphy/ptII/ptolemy/actor/lib/test/auto/arrayType3.xml (RunModel)" time="0.007" />
  <testcase classname="ptolemy.util.test.junit.AutoTests" name="[427] /home/travis/build/icyphy/ptII/ptolemy/actor/lib/test/auto/arrayType4.xml (RunModel)" time="0.011" />
  <testcase classname="ptolemy.util.test.junit.AutoTests" name="[428] /home/travis/build/icyphy/ptII/ptolemy/actor/lib/test/auto/arrayType5.xml (RunModel)" time="0.007" />
  <testcase classname="ptolemy.util.test.junit.AutoTests" name="[429] /home/travis/build/icyphy/ptII/ptolemy/actor/lib/test/auto/arrayType6.xml (RunModel)" time="0.033" />
  <testcase classname="ptolemy.util.test.junit.AutoTests" name="[430] /home/travis/build/icyphy/ptII/ptolemy/actor/lib/test/auto/arrayType7.xml (RunModel)" time="0.019" />
  <testcase classname="ptolemy.util.test.junit.AutoTests" name="[431] /home/travis/build/icyphy/ptII/ptolemy/actor/lib/test/auto/arrayType8.xml (RunModel)" time="0.031" />
  <testcase classname="ptolemy.util.test.junit.AutoTests" name="[432] /home/travis/build/icyphy/ptII/ptolemy/actor/lib/test/auto/arrayType9.xml (RunModel)" time="0.038" />
  <testcase classname="ptolemy.util.test.junit.AutoTests" name="[433] /home/travis/build/icyphy/ptII/ptolemy/actor/lib/test/auto/cast.xml (RunModel)" time="0.05" />
  <testcase classname="ptolemy.util.test.junit.AutoTests" name="[434] /home/travis/build/icyphy/ptII/ptolemy/actor/lib/test/auto/compositeMultiPort.xml (RunModel)" time="0.048" />
  <testcase classname="ptolemy.util.test.junit.AutoTests" name="[435] /home/travis/build/icyphy/ptII/ptolemy/actor/lib/test/auto/expressionCastInference.xml (RunModel)" time="0.032" />
  <testcase classname="ptolemy.util.test.junit.AutoTests" name="[436] /home/travis/build/icyphy/ptII/ptolemy/actor/lib/test/auto/expressionCastInference2.xml (RunModel)" time="0.007" />
  <testcase classname="ptolemy.util.test.junit.AutoTests" name="[437] /home/travis/build/icyphy/ptII/ptolemy/actor/lib/test/auto/expressionInference.xml (RunModel)" time="0.005" />
  <testcase classname="ptolemy.util.test.junit.AutoTests" name="[438] /home/travis/build/icyphy/ptII/ptolemy/actor/lib/test/auto/expression_bug.xml (RunModel)" time="0.005" />
  <testcase classname="ptolemy.util.test.junit.AutoTests" name="[439] /home/travis/build/icyphy/ptII/ptolemy/actor/lib/test/auto/factorial.xml (RunModel)" time="0.044" />
  <testcase classname="ptolemy.util.test.junit.AutoTests" name="[440] /home/travis/build/icyphy/ptII/ptolemy/actor/lib/test/auto/filterTest1.xml (RunModel)" time="0.011" />
  <testcase classname="ptolemy.util.test.junit.AutoTests" name="[441] /home/travis/build/icyphy/ptII/ptolemy/actor/lib/test/auto/funcApplyInConst.xml (RunModel)" time="0.004" />
  <testcase classname="ptolemy.util.test.junit.AutoTests" name="[442] /home/travis/build/icyphy/ptII/ptolemy/actor/lib/test/auto/funcApplyInExpr.xml (RunModel)" time="0.004" />
  <testcase classname="ptolemy.util.test.junit.AutoTests" name="[443] /home/travis/build/icyphy/ptII/ptolemy/actor/lib/test/auto/function.xml (RunModel)" time="0.008" />
  <testcase classname="ptolemy.util.test.junit.AutoTests" name="[444] /home/travis/build/icyphy/ptII/ptolemy/actor/lib/test/auto/function2.xml (RunModel)" time="0.007" />
  <testcase classname="ptolemy.util.test.junit.AutoTests" name="[445] /home/travis/build/icyphy/ptII/ptolemy/actor/lib/test/auto/function3.xml (RunModel)" time="0.005" />
  <testcase classname="ptolemy.util.test.junit.AutoTests" name="[446] /home/travis/build/icyphy/ptII/ptolemy/actor/lib/test/auto/functionClosureTest1.xml (RunModel)" time="0.008" />
  <testcase classname="ptolemy.util.test.junit.AutoTests" name="[447] /home/travis/build/icyphy/ptII/ptolemy/actor/lib/test/auto/functionClosureTest2.xml (RunModel)" time="0.005" />
  <testcase classname="ptolemy.util.test.junit.AutoTests" name="[448] /home/travis/build/icyphy/ptII/ptolemy/actor/lib/test/auto/functionClosureTest3.xml (RunModel)" time="0.007" />
  <testcase classname="ptolemy.util.test.junit.AutoTests" name="[449] /home/travis/build/icyphy/ptII/ptolemy/actor/lib/test/auto/functionClosureTest4.xml (RunModel)" time="0.013" />
  <testcase classname="ptolemy.util.test.junit.AutoTests" name="[450] /home/travis/build/icyphy/ptII/ptolemy/actor/lib/test/auto/functionClosureTest5.xml (RunModel)" time="0.01" />
  <testcase classname="ptolemy.util.test.junit.AutoTests" name="[451] /home/travis/build/icyphy/ptII/ptolemy/actor/lib/test/auto/functionClosureTest6.xml (RunModel)" time="0.007" />
  <testcase classname="ptolemy.util.test.junit.AutoTests" name="[452] /home/travis/build/icyphy/ptII/ptolemy/actor/lib/test/auto/functionsOnArcs.xml (RunModel)" time="0.007" />
  <testcase classname="ptolemy.util.test.junit.AutoTests" name="[453] /home/travis/build/icyphy/ptII/ptolemy/actor/lib/test/auto/functionsOnArcsHOF.xml (RunModel)" time="0.009" />
  <testcase classname="ptolemy.util.test.junit.AutoTests" name="[454] /home/travis/build/icyphy/ptII/ptolemy/actor/lib/test/auto/logic.xml (RunModel)" time="0.014" />
  <testcase classname="ptolemy.util.test.junit.AutoTests" name="[455] /home/travis/build/icyphy/ptII/ptolemy/actor/lib/test/auto/matrixType.xml (RunModel)" time="0.007" />
  <testcase classname="ptolemy.util.test.junit.AutoTests" name="[456] /home/travis/build/icyphy/ptII/ptolemy/actor/lib/test/auto/matrixType10.xml (RunModel)" time="0.007" />
  <testcase classname="ptolemy.util.test.junit.AutoTests" name="[457] /home/travis/build/icyphy/ptII/ptolemy/actor/lib/test/auto/matrixType11.xml (RunModel)" time="0.006" />
  <testcase classname="ptolemy.util.test.junit.AutoTests" name="[458] /home/travis/build/icyphy/ptII/ptolemy/actor/lib/test/auto/matrixType12.xml (RunModel)" time="0.009" />
  <testcase classname="ptolemy.util.test.junit.AutoTests" name="[459] /home/travis/build/icyphy/ptII/ptolemy/actor/lib/test/auto/matrixType13.xml (RunModel)" time="0.006" />
  <testcase classname="ptolemy.util.test.junit.AutoTests" name="[460] /home/travis/build/icyphy/ptII/ptolemy/actor/lib/test/auto/matrixType14.xml (RunModel)" time="0.007" />
  <testcase classname="ptolemy.util.test.junit.AutoTests" name="[461] /home/travis/build/icyphy/ptII/ptolemy/actor/lib/test/auto/matrixType2.xml (RunModel)" time="0.006" />
  <testcase classname="ptolemy.util.test.junit.AutoTests" name="[462] /home/travis/build/icyphy/ptII/ptolemy/actor/lib/test/auto/matrixType3.xml (RunModel)" time="0.009" />
  <testcase classname="ptolemy.util.test.junit.AutoTests" name="[463] /home/travis/build/icyphy/ptII/ptolemy/actor/lib/test/auto/matrixType4.xml (RunModel)" time="0.007" />
  <testcase classname="ptolemy.util.test.junit.AutoTests" name="[464] /home/travis/build/icyphy/ptII/ptolemy/actor/lib/test/auto/matrixType5.xml (RunModel)" time="0.006" />
  <testcase classname="ptolemy.util.test.junit.AutoTests" name="[465] /home/travis/build/icyphy/ptII/ptolemy/actor/lib/test/auto/matrixType6.xml (RunModel)" time="0.006" />
  <testcase classname="ptolemy.util.test.junit.AutoTests" name="[466] /home/travis/build/icyphy/ptII/ptolemy/actor/lib/test/auto/matrixType7.xml (RunModel)" time="0.008" />
  <testcase classname="ptolemy.util.test.junit.AutoTests" name="[467] /home/travis/build/icyphy/ptII/ptolemy/actor/lib/test/auto/matrixType8.xml (RunModel)" time="0.007" />
  <testcase classname="ptolemy.util.test.junit.AutoTests" name="[468] /home/travis/build/icyphy/ptII/ptolemy/actor/lib/test/auto/matrixType9.xml (RunModel)" time="0.005" />
  <testcase classname="ptolemy.util.test.junit.AutoTests" name="[469] /home/travis/build/icyphy/ptII/ptolemy/actor/lib/test/auto/paraFunctest.xml (RunModel)" time="0.005" />
  <testcase classname="ptolemy.util.test.junit.AutoTests" name="[470] /home/travis/build/icyphy/ptII/ptolemy/actor/lib/test/auto/paraFunctest2.xml (RunModel)" time="0.01" />
  <testcase classname="ptolemy.util.test.junit.AutoTests" name="[471] /home/travis/build/icyphy/ptII/ptolemy/actor/lib/test/auto/parameterPassing.xml (RunModel)" time="0.012" />
  <testcase classname="ptolemy.util.test.junit.AutoTests" name="[472] /home/travis/build/icyphy/ptII/ptolemy/actor/lib/test/auto/record.xml (RunModel)" time="0.007" />
  <testcase classname="ptolemy.util.test.junit.AutoTests" name="[473] /home/travis/build/icyphy/ptII/ptolemy/actor/lib/test/auto/sizedarray1.xml (RunModel)" time="0.007" />
  <testcase classname="ptolemy.util.test.junit.AutoTests" name="[474] /home/travis/build/icyphy/ptII/ptolemy/actor/lib/test/auto/sizedarray2.xml (RunModel)" time="0.008" />
  <testcase classname="ptolemy.util.test.junit.AutoTests" name="[475] /home/travis/build/icyphy/ptII/ptolemy/actor/lib/test/auto/twoPublishers.xml (RunModel)" time="0.03" />
  <system-out><![CDATA[/home/travis/build/icyphy/ptII/ptolemy/actor/lib/test/AbsoluteValue.tcl
testDefs.tcl: setting time out to 9000 seconds at Mon Jun 22 14:49:08 UTC 2020
113 ms. Memory: 129024K Free: 93124K (72%)
8 ms. Memory: 129024K Free: 91076K (71%)
10 ms. Memory: 129024K Free: 90547K (70%)
7 ms. Memory: 129024K Free: 89538K (69%)
/home/travis/build/icyphy/ptII/ptolemy/actor/lib/test/AddSubtract.tcl
15 ms. Memory: 129024K Free: 87475K (68%)
12 ms. Memory: 129024K Free: 86980K (67%)
7 ms. Memory: 129024K Free: 85956K (67%)
15 ms. Memory: 129024K Free: 85427K (66%)
76 ms. Memory: 129024K Free: 82370K (64%)
7 ms. Memory: 129024K Free: 81860K (63%)
/home/travis/build/icyphy/ptII/ptolemy/actor/lib/test/Average.tcl
6 ms. Memory: 129024K Free: 80291K (62%)
17 ms. Memory: 129024K Free: 78788K (61%)
/home/travis/build/icyphy/ptII/ptolemy/actor/lib/test/Bernoulli.tcl
12 ms. Memory: 129024K Free: 77235K (60%)
2 ms. Memory: 129024K Free: 76740K (59%)
/home/travis/build/icyphy/ptII/ptolemy/actor/lib/test/Clock.tcl
preinitializing
resolving types
initializing
executing number 1
wrapping up
idle
28 ms. Memory: 129024K Free: 74178K (57%)
Completed execution with 5 iterations
preinitializing
resolving types
initializing
executing number 1
wrapping up
idle
10 ms. Memory: 129024K Free: 73154K (57%)
Completed execution with 5 iterations
preinitializing
resolving types
initializing
executing number 1
wrapping up
idle
8 ms. Memory: 129024K Free: 72644K (56%)
Completed execution with 5 iterations
/home/travis/build/icyphy/ptII/ptolemy/actor/lib/test/Commutator.tcl
5 ms. Memory: 129024K Free: 70596K (55%)
12 ms. Memory: 129024K Free: 69572K (54%)
15 ms. Memory: 129024K Free: 63923K (50%)
/home/travis/build/icyphy/ptII/ptolemy/actor/lib/test/Const.tcl
4 ms. Memory: 129024K Free: 62404K (48%)
2 ms. Memory: 129024K Free: 61859K (48%)
2 ms. Memory: 129024K Free: 61380K (48%)
2 ms. Memory: 129024K Free: 60835K (47%)
2 ms. Memory: 129024K Free: 60356K (47%)
17 ms. Memory: 129024K Free: 58818K (46%)
5 ms. Memory: 129024K Free: 57787K (45%)
4 ms. Memory: 129024K Free: 56755K (44%)
/home/travis/build/icyphy/ptII/ptolemy/actor/lib/test/CurrentTime.tcl
preinitializing
resolving types
initializing
executing number 1
wrapping up
idle
16 ms. Memory: 129024K Free: 54722K (42%)
Completed execution with 11 iterations
/home/travis/build/icyphy/ptII/ptolemy/actor/lib/test/DB.tcl
7 ms. Memory: 129024K Free: 53188K (41%)
6 ms. Memory: 129024K Free: 52674K (41%)
3 ms. Memory: 129024K Free: 52164K (40%)
/home/travis/build/icyphy/ptII/ptolemy/actor/lib/test/DiscreteRandomSource.tcl
preinitializing
resolving types
initializing
executing number 1
wrapping up
idle
8 ms. Memory: 129024K Free: 50619K (39%)
Completed execution with 4 iterations
preinitializing
resolving types
initializing
executing number 1
wrapping up
idle
5 ms. Memory: 129024K Free: 50116K (39%)
Completed execution with 4 iterations
preinitializing
resolving types
initializing
executing number 1
wrapping up
idle
5 ms. Memory: 129024K Free: 49587K (38%)
Completed execution with 4 iterations
preinitializing
resolving types
initializing
executing number 1
wrapping up
idle
2 ms. Memory: 129024K Free: 49092K (38%)
Completed execution with 4 iterations
preinitializing
resolving types
initializing
executing number 1
wrapping up
idle
9 ms. Memory: 129024K Free: 48547K (38%)
Completed execution with 4 iterations
/home/travis/build/icyphy/ptII/ptolemy/actor/lib/test/Distributor.tcl
27 ms. Memory: 129024K Free: 113072K (88%)
20 ms. Memory: 129024K Free: 112568K (87%)
StreamChangeRequest.changeExecuted(): <deleteEntity name="rec2"/> succeeded
StreamChangeRequest.changeExecuted(): <deleteRelation name="r2"/> succeeded
StreamChangeRequest.changeExecuted(): Record firings per iteration succeeded
8 ms. Memory: 129024K Free: 110008K (85%)
/home/travis/build/icyphy/ptII/ptolemy/actor/lib/test/Exit.tcl
Exit.tcl: this will print a message about Manager.exitAfterWrapup, which can be ignored.
9 ms. Memory: 129024K Free: 106925K (83%)
/home/travis/build/icyphy/ptII/ptolemy/actor/lib/test/Expression.tcl
11 ms. Memory: 129024K Free: 103429K (80%)
2 ms. Memory: 129024K Free: 102840K (80%)
2 ms. Memory: 129024K Free: 101816K (79%)
preinitializing
resolving types
initializing
executing number 1
wrapping up
idle
11 ms. Memory: 129024K Free: 100328K (78%)
Completed execution with 6 iterations
3 ms. Memory: 129024K Free: 99798K (77%)
2 ms. Memory: 129024K Free: 98744K (77%)
4 ms. Memory: 129024K Free: 97736K (76%)
3 ms. Memory: 129024K Free: 96246K (75%)
3 ms. Memory: 129024K Free: 95224K (74%)
/home/travis/build/icyphy/ptII/ptolemy/actor/lib/test/Gaussian.tcl
4 ms. Memory: 129024K Free: 93632K (73%)
sleeping 1 seconds: ........................................................................................................................................................................................................................................................................................................................................................................................................................................................................................................................................................................................................................................................................................................................................................................................................................................................................................................................................................................................................................................................................................................................................................................................................................................................................................................................................................................................................................................................................................................................................................................................................................................................................................................................................................................................................................................................................................................................................................................................................................................................................................................................................................................................................................................................................................................................................................................................................................................................................................................................................................................................................................................................................................................................................................................................................................................................................................................................................................................................................................................................................................................................................................................................................................................................................................................................................................................................................................................................................................................................................................................................................................................................................................................................................................................................................................................................................................................................................................................................................................................................................................................................................................................................................................................................................................................................................................................................................................................................................................................................................................................................................................................................................................................................................................................................................................................................................................................................................................................................................................................................................................................................................................................................................................................................................................................................................................................................................................................................................................................................................................................................................................................................................................................................................................................................................................................................................................................................................................................................................................................................................................................................................................................................................................................................................................................................................................................................................................................................................................................................................................................................................................................................................................................................................................................................................................................................................................................................................................................................................................................................................................................................................................................................................................................................................................................................................................................................................................................................................................................................................................................................................................................................................................................................................................................................................................................................................................................................................................................................................................................................................................................................................................................................................................................................................................................................................................................................................................................................................................................................................................................................................................................................................................................................................................................................................................................................................................................................................................................................................................................................................................................................................................................................................................................................................................................................................................................................................................................................................................................................................................................................................................................................................................................................................................................................................................................................................................................................................................................................................................................................................................................................................................................................................................................................................................................................................................................................................................................................................................................................................................................................................................................................................................................................................................................................................................................................................................................................................................................................................................................................................................................................................................................................................................................................................................................................................................................................................................................................................................................................................................................................................................................................................................................................................................................................................................................................................................................................................................................................................................................................................................................................................................................................................................................................................................................................................................................................................................................................................................................................................................................................................................................................................................................................................................................................................................................................................................................................................................................................................................................................................................................................................................................................................................................................................................................................................................................................................................................................................................................................................................................................................2 ms. Memory: 129024K Free: 95439K (74%)
2 ms. Memory: 129024K Free: 94911K (74%)
2 ms. Memory: 129024K Free: 93901K (73%)
2 ms. Memory: 129024K Free: 93391K (72%)
2 ms. Memory: 129024K Free: 92847K (72%)
/home/travis/build/icyphy/ptII/ptolemy/actor/lib/test/IIR.tcl
/home/travis/build/icyphy/ptII/ptolemy/actor/lib/test/Interpolator.tcl
2 ms. Memory: 129024K Free: 89295K (69%)
2 ms. Memory: 129024K Free: 88781K (69%)
1 ms. Memory: 129024K Free: 88271K (68%)
1 ms. Memory: 129024K Free: 87247K (68%)
2 ms. Memory: 129024K Free: 86719K (67%)
1 ms. Memory: 129024K Free: 85679K (66%)
2 ms. Memory: 129024K Free: 84671K (66%)
1 ms. Memory: 129024K Free: 84175K (65%)
4 ms. Memory: 129024K Free: 83151K (64%)
4 ms. Memory: 129024K Free: 82127K (64%)
/home/travis/build/icyphy/ptII/ptolemy/actor/lib/test/MathFunction.tcl
4 ms. Memory: 129024K Free: 80079K (62%)
2 ms. Memory: 129024K Free: 79055K (61%)
2 ms. Memory: 129024K Free: 78031K (60%)
7 ms. Memory: 129024K Free: 77007K (60%)
8 ms. Memory: 129024K Free: 75983K (59%)
5 ms. Memory: 129024K Free: 73935K (57%)
/home/travis/build/icyphy/ptII/ptolemy/actor/lib/test/Maximum.tcl
4 ms. Memory: 129024K Free: 71887K (56%)
3 ms. Memory: 129024K Free: 71359K (55%)
5 ms. Memory: 129024K Free: 70349K (55%)
2 ms. Memory: 129024K Free: 69839K (54%)
/home/travis/build/icyphy/ptII/ptolemy/actor/lib/test/Minimum.tcl
6 ms. Memory: 129024K Free: 68287K (53%)
3 ms. Memory: 129024K Free: 67791K (53%)
2 ms. Memory: 129024K Free: 112338K (87%)
2 ms. Memory: 129024K Free: 111810K (87%)
/home/travis/build/icyphy/ptII/ptolemy/actor/lib/test/MultiplyDivide.tcl
7 ms. Memory: 129024K Free: 109776K (85%)
7 ms. Memory: 129024K Free: 109266K (85%)
3 ms. Memory: 129024K Free: 108242K (84%)
3 ms. Memory: 129024K Free: 107722K (83%)
4 ms. Memory: 129024K Free: 106674K (83%)
/home/travis/build/icyphy/ptII/ptolemy/actor/lib/test/OrderedMerge.tcl
Connections changed on port: inputA
Connections changed on port: inputB
Connections changed on port: output
Connections changed on port: output
Connections changed on port: output
Connections changed on port: input
.top. Preinitializing ...
Invoking preinitialize():  .top.OrderedMerge
Called preinitialize()
Invoking preinitialize():  .top.Ramp
Called preinitialize()
Invoking preinitialize():  .top.Ramp2
Called preinitialize()
Invoking preinitialize():  .top.Test
Called preinitialize()
Connections changed on port: inputA
Connections changed on port: output
Connections changed on port: output
Connections changed on port: input
Connections changed on port: inputB
Connections changed on port: output
.top. Finished preinitialize().
Called initialize().
Invoking initialize():  .top.OrderedMerge
Initializing actor: .top.OrderedMerge
Adding a thread: .top.OrderedMerge
Invoking initialize():  .top.Ramp
Initializing actor: .top.Ramp
Adding a thread: .top.Ramp
Invoking initialize():  .top.Ramp2
Initializing actor: .top.Ramp2
Adding a thread: .top.Ramp2
Invoking initialize():  .top.Test
Initializing actor: .top.Test
Adding a thread: .top.Test
Called fire().
Checking for deadlock:
-- Starting thread.
Called initialize()
Called prefire()
Called fire()
-- Starting thread.
Called initialize()
-- Starting thread.
Called initialize()
There are 0 Blocked actors, 0 Stopped actors, and 4 active threads.
Waiting for actors to stop.
Checking for deadlock:
There are 1 Blocked actors, 0 Stopped actors, and 4 active threads.
Waiting for actors to stop.
-- Starting thread.
Called prefire()
Called prefire()
Called initialize()
Called fire()
Called prefire()
Called fire()
Called fire()
Called postfire()
Called prefire()
Called fire()
Called postfire()
Called prefire()
Called fire()
Called postfire()
Called prefire()
Called fire()
Read input token from inputA with value 0.0
Next port to read input from is inputB
Called postfire()
Called prefire()
Called fire()
Read input token from inputB with value 0.0
Sent output token with value 0.0
Next port to read input from is inputA
Called postfire()
Called prefire()
Called fire()
Read input token from inputA with value 1.0
Checking for deadlock:
There are 1 Blocked actors, 0 Stopped actors, and 4 active threads.
Waiting for actors to stop.
Called postfire()
Called prefire()
Called fire()
-- Read input: 0.0, which is expected to match: 0.0
Called prefire()
Called fire()
Called postfire()
Called prefire()
Called fire()
Checking for deadlock:
There are 3 Blocked actors, 0 Stopped actors, and 4 active threads.
Waiting for actors to stop.
-- Read input: 0.0, which is expected to match: 0.0
Called prefire()
Called fire()
Checking for deadlock:
There are 3 Blocked actors, 0 Stopped actors, and 4 active threads.
Waiting for actors to stop.
Sent output token with value 0.0
Next port to read input from is inputB
Called postfire()
Called prefire()
Called fire()
Checking for deadlock:
Called postfire()
Called prefire()
Called fire()
Read input token from inputB with value 1.5
There are 2 Blocked actors, 0 Stopped actors, and 4 active threads.
Waiting for actors to stop.
Sent output token with value 1.0
Next port to read input from is inputA
Called postfire()
Called prefire()
Called fire()
Read input token from inputA with value 2.0
Checking for deadlock:
There are 2 Blocked actors, 0 Stopped actors, and 4 active threads.
Waiting for actors to stop.
Called postfire()
Called prefire()
Called fire()
-- Read input: 1.0, which is expected to match: 1.0
Called prefire()
Called fire()
Checking for deadlock:
There are 3 Blocked actors, 0 Stopped actors, and 4 active threads.
Waiting for actors to stop.
Sent output token with value 1.5
Next port to read input from is inputB
Called postfire()
Called prefire()
Called fire()
Read input token from inputB with value 3.0
Called postfire()
Checking for deadlock:
Called prefire()
Called fire()
There are 2 Blocked actors, 0 Stopped actors, and 4 active threads.
Waiting for actors to stop.
-- Read input: 1.5, which is expected to match: 1.5
Called prefire()
Called fire()
Checking for deadlock:
There are 2 Blocked actors, 0 Stopped actors, and 4 active threads.
Waiting for actors to stop.
-- Read input: 2.0, which is expected to match: 2.0
Called prefire()
Called fire()
Checking for deadlock:
There are 3 Blocked actors, 0 Stopped actors, and 4 active threads.
Waiting for actors to stop.
Sent output token with value 2.0
Next port to read input from is inputA
Called postfire()
Called prefire()
Called fire()
Read input token from inputA with value 3.0
Sent output token with value 3.0
Next port to read input from is inputB
Called postfire()
Called prefire()
Called fire()
Read input token from inputB with value 4.5
Called postfire()
Called postfire()
Called prefire()
Called prefire()
Called fire()
Checking for deadlock:
Called fire()
There are 1 Blocked actors, 0 Stopped actors, and 4 active threads.
Waiting for actors to stop.
-- Read input: 3.0, which is expected to match: 3.0
Called prefire()
Called fire()
Checking for deadlock:
There are 2 Blocked actors, 0 Stopped actors, and 4 active threads.
Waiting for actors to stop.
Checking for deadlock:
There are 3 Blocked actors, 0 Stopped actors, and 4 active threads.
Waiting for actors to stop.
Checking for deadlock:
There are 2 Blocked actors, 0 Stopped actors, and 4 active threads.
Waiting for actors to stop.
-- Read input: 3.0, which is expected to match: 3.0
Called prefire()
Called fire()
Sent output token with value 3.0
Next port to read input from is inputA
Called postfire()
Called prefire()
Called fire()
Checking for deadlock:
There are 3 Blocked actors, 0 Stopped actors, and 4 active threads.
Waiting for actors to stop.
Called postfire()
Called prefire()
Called fire()
Checking for deadlock:
There are 3 Blocked actors, 0 Stopped actors, and 4 active threads.
Waiting for actors to stop.
Read input token from inputA with value 4.0
-- Read input: 4.0, which is expected to match: 4.0
Called prefire()
Called fire()
Past the end of training data. Read and discard all inputs.
Checking for deadlock:
There are 3 Blocked actors, 0 Stopped actors, and 4 active threads.
Waiting for actors to stop.
Sent output token with value 4.0
Next port to read input from is inputA
Called postfire()
Called prefire()
Called fire()
Called postfire()
Called prefire()
Called fire()
Checking for deadlock:
There are 3 Blocked actors, 0 Stopped actors, and 4 active threads.
Waiting for actors to stop.
Read input token from inputA with value 5.0
Called prefire()
Called fire()
Past the end of training data. Read and discard all inputs.
Checking for deadlock:
There are 3 Blocked actors, 0 Stopped actors, and 4 active threads.
Waiting for actors to stop.
Sent output token with value 4.5
Next port to read input from is inputB
Called postfire()
Called prefire()
Called fire()
Called postfire()
Called prefire()
Called fire()
Checking for deadlock:
There are 3 Blocked actors, 0 Stopped actors, and 4 active threads.
Waiting for actors to stop.
Read input token from inputB with value 6.0
Called prefire()
Called fire()
Past the end of training data. Read and discard all inputs.
Checking for deadlock:
There are 3 Blocked actors, 0 Stopped actors, and 4 active threads.
Waiting for actors to stop.
Sent output token with value 5.0
Next port to read input from is inputA
Called postfire()
Called prefire()
Called fire()
Checking for deadlock:
There are 2 Blocked actors, 0 Stopped actors, and 4 active threads.
Waiting for actors to stop.
Called postfire()
Called prefire()
Called fire()
Checking for deadlock:
There are 3 Blocked actors, 0 Stopped actors, and 4 active threads.
Waiting for actors to stop.
Read input token from inputA with value 6.0
Checking for deadlock:
There are 2 Blocked actors, 0 Stopped actors, and 4 active threads.
Waiting for actors to stop.
Called prefire()
Called fire()
Past the end of training data. Read and discard all inputs.
Checking for deadlock:
There are 3 Blocked actors, 0 Stopped actors, and 4 active threads.
Waiting for actors to stop.
Sent output token with value 6.0
Next port to read input from is inputB
Called postfire()
Called prefire()
Called fire()
Called postfire()
Called prefire()
Called fire()
Checking for deadlock:
There are 3 Blocked actors, 0 Stopped actors, and 4 active threads.
Waiting for actors to stop.
Read input token from inputB with value 7.5
Called prefire()
Called fire()
Past the end of training data. Read and discard all inputs.
Checking for deadlock:
There are 3 Blocked actors, 0 Stopped actors, and 4 active threads.
Waiting for actors to stop.
Sent output token with value 6.0
Next port to read input from is inputA
Called postfire()
Called prefire()
Called fire()
Checking for deadlock:
There are 2 Blocked actors, 0 Stopped actors, and 4 active threads.
Waiting for actors to stop.
Called postfire()
Called prefire()
Called fire()
Checking for deadlock:
There are 3 Blocked actors, 0 Stopped actors, and 4 active threads.
Waiting for actors to stop.
Read input token from inputA with value 7.0
Checking for deadlock:
There are 2 Blocked actors, 0 Stopped actors, and 4 active threads.
Waiting for actors to stop.
Called prefire()
Called fire()
Past the end of training data. Read and discard all inputs.
Checking for deadlock:
There are 3 Blocked actors, 0 Stopped actors, and 4 active threads.
Waiting for actors to stop.
Sent output token with value 7.0
Next port to read input from is inputA
Called postfire()
Called prefire()
Called fire()
Checking for deadlock:
There are 2 Blocked actors, 0 Stopped actors, and 4 active threads.
Waiting for actors to stop.
-- Thread wrapup() called.
Called wrapup()
Thread .top.Ramp is exiting.
-- Thread stopped.
Checking for deadlock:
There are 2 Blocked actors, 0 Stopped actors, and 3 active threads.
Waiting for actors to stop.
Read input token from inputA with value 8.0
Called prefire()
Called fire()
Past the end of training data. Read and discard all inputs.
Checking for deadlock:
There are 2 Blocked actors, 0 Stopped actors, and 3 active threads.
Waiting for actors to stop.
Sent output token with value 7.5
Next port to read input from is inputB
Called postfire()
Called prefire()
Called fire()
Checking for deadlock:
There are 1 Blocked actors, 0 Stopped actors, and 3 active threads.
Waiting for actors to stop.
Called postfire()
Called prefire()
Called fire()
Checking for deadlock:
There are 2 Blocked actors, 0 Stopped actors, and 3 active threads.
Waiting for actors to stop.
Read input token from inputB with value 9.0
Checking for deadlock:
There are 1 Blocked actors, 0 Stopped actors, and 3 active threads.
Waiting for actors to stop.
Called prefire()
Called fire()
Past the end of training data. Read and discard all inputs.
Checking for deadlock:
There are 2 Blocked actors, 0 Stopped actors, and 3 active threads.
Waiting for actors to stop.
Sent output token with value 8.0
Next port to read input from is inputA
Called postfire()
Called prefire()
Called fire()
Read input token from inputA with value 9.0
Called prefire()
Called fire()
Past the end of training data. Read and discard all inputs.
Checking for deadlock:
There are 2 Blocked actors, 0 Stopped actors, and 3 active threads.
Waiting for actors to stop.
Sent output token with value 9.0
Next port to read input from is inputB
Called postfire()
Called prefire()
Called fire()
Called postfire()
Called prefire()
Called fire()
Checking for deadlock:
There are 2 Blocked actors, 0 Stopped actors, and 3 active threads.
Waiting for actors to stop.
Read input token from inputB with value 10.5
Called prefire()
Called fire()
Past the end of training data. Read and discard all inputs.
Checking for deadlock:
There are 2 Blocked actors, 0 Stopped actors, and 3 active threads.
Waiting for actors to stop.
Sent output token with value 9.0
Next port to read input from is inputA
Called postfire()
Called prefire()
Called fire()
Checking for deadlock:
There are 3 Blocked actors, 0 Stopped actors, and 3 active threads.
Actors have stopped.
Checking for deadlock:
There are 3 Blocked actors, 0 Stopped actors, and 3 active threads.
Deadlock detected.
Resolving Deadlock
Checking for deadlock:
There are 3 Blocked actors, 0 Stopped actors, and 3 active threads.
Artificial Deadlock - increasing queue capacity.
increasing the capacity of receiver ptolemy.actor.TypedIOPort {.top.OrderedMerge.inputB} to 2
Director: Called postfire().
Called postfire().
_stopRequested = false
_stopFireRequested = false
Returning from postfire(): true
Called fire().
Checking for deadlock:
There are 2 Blocked actors, 0 Stopped actors, and 3 active threads.
Waiting for actors to stop.
-- Thread wrapup() called.
Called wrapup()
Thread .top.Ramp2 is exiting.
-- Thread stopped.
Checking for deadlock:
There are 2 Blocked actors, 0 Stopped actors, and 2 active threads.
Actors have stopped.
Checking for deadlock:
There are 2 Blocked actors, 0 Stopped actors, and 2 active threads.
Deadlock detected.
Resolving Deadlock
Checking for deadlock:
There are 2 Blocked actors, 0 Stopped actors, and 2 active threads.
Deadlock detected: no processes blocked on write, but some are blocked on read.
Called postfire().
_stopRequested = false
_stopFireRequested = false
Returning from postfire(): false
Finished deactivating branches.
Called wrapup().
-- Thread wrapup() called.
Called wrapup()
Thread .top.Test is exiting.
-- Thread stopped.
-- Blocked Receiver call threw TerminateProcessException.
-- Thread wrapup() called.
Called wrapup()
Thread .top.OrderedMerge is exiting.
-- Thread stopped.
-- Blocked Receiver call threw TerminateProcessException.
48 ms. Memory: 129024K Free: 102098K (79%)
.top. Preinitializing ...
Invoking preinitialize():  .top.OrderedMerge
Called preinitialize()
Invoking preinitialize():  .top.Ramp
Called preinitialize()
Invoking preinitialize():  .top.Ramp2
Called preinitialize()
Invoking preinitialize():  .top.Test
Called preinitialize()
.top. Finished preinitialize().
Called initialize().
Invoking initialize():  .top.OrderedMerge
Initializing actor: .top.OrderedMerge
Adding a thread: .top.OrderedMerge
Invoking initialize():  .top.Ramp
Initializing actor: .top.Ramp
Adding a thread: .top.Ramp
Invoking initialize():  .top.Ramp2
Initializing actor: .top.Ramp2
Adding a thread: .top.Ramp2
Invoking initialize():  .top.Test
Initializing actor: .top.Test
Adding a thread: .top.Test
-- Starting thread.
Called initialize()
Called prefire()
Called fire()
-- Starting thread.
Called initialize()
Called prefire()
Called fire()
Called postfire()
Called prefire()
Called fire()
-- Starting thread.
Called initialize()
Called prefire()
Called fire()
Called postfire()
Called prefire()
Called fire()
Called fire().
Checking for deadlock:
There are 3 Blocked actors, 0 Stopped actors, and 4 active threads.
Waiting for actors to stop.
-- Starting thread.
Called initialize()
Called prefire()
Called fire()
Checking for deadlock:
There are 2 Blocked actors, 0 Stopped actors, and 4 active threads.
Waiting for actors to stop.
Called postfire()
Called prefire()
Called fire()
Checking for deadlock:
There are 3 Blocked actors, 0 Stopped actors, and 4 active threads.
Waiting for actors to stop.
Read input token from inputA with value 0.0
Next port to read input from is inputB
Called postfire()
Called prefire()
Called fire()
Called postfire()
Called prefire()
Called fire()
Checking for deadlock:
There are 3 Blocked actors, 0 Stopped actors, and 4 active threads.
Waiting for actors to stop.
Read input token from inputB with value 0.0
-- Read input: 0.0, which is expected to match: 0.0
Called prefire()
Called fire()
Checking for deadlock:
There are 3 Blocked actors, 0 Stopped actors, and 4 active threads.
Waiting for actors to stop.
Sent output token with value 0.0
Next port to read input from is inputA
Called postfire()
Called prefire()
Called fire()
Checking for deadlock:
There are 2 Blocked actors, 0 Stopped actors, and 4 active threads.
Waiting for actors to stop.
Called postfire()
Called prefire()
Called fire()
Checking for deadlock:
There are 3 Blocked actors, 0 Stopped actors, and 4 active threads.
Waiting for actors to stop.
Read input token from inputA with value 1.0
Checking for deadlock:
There are 2 Blocked actors, 0 Stopped actors, and 4 active threads.
Waiting for actors to stop.
-- Read input: 0.0, which is expected to match: 0.0
Called prefire()
Called fire()
Checking for deadlock:
There are 3 Blocked actors, 0 Stopped actors, and 4 active threads.
Waiting for actors to stop.
Sent output token with value 0.0
Next port to read input from is inputB
Called postfire()
Called prefire()
Called fire()
Checking for deadlock:
There are 2 Blocked actors, 0 Stopped actors, and 4 active threads.
Waiting for actors to stop.
Called postfire()
Called prefire()
Called fire()
Checking for deadlock:
There are 3 Blocked actors, 0 Stopped actors, and 4 active threads.
Waiting for actors to stop.
Read input token from inputB with value 1.5
Checking for deadlock:
There are 2 Blocked actors, 0 Stopped actors, and 4 active threads.
Waiting for actors to stop.
-- Read input: 1.0, which is expected to match: 1.0
Called prefire()
Called fire()
Checking for deadlock:
There are 3 Blocked actors, 0 Stopped actors, and 4 active threads.
Waiting for actors to stop.
Sent output token with value 1.0
Next port to read input from is inputA
Called postfire()
Called prefire()
Called fire()
Checking for deadlock:
There are 2 Blocked actors, 0 Stopped actors, and 4 active threads.
Waiting for actors to stop.
Called postfire()
Called prefire()
Called fire()
Checking for deadlock:
There are 3 Blocked actors, 0 Stopped actors, and 4 active threads.
Waiting for actors to stop.
Read input token from inputA with value 2.0
Checking for deadlock:
There are 2 Blocked actors, 0 Stopped actors, and 4 active threads.
Waiting for actors to stop.
-- Read input: 1.5, which is expected to match: 1.5
Called prefire()
Called fire()
Checking for deadlock:
There are 3 Blocked actors, 0 Stopped actors, and 4 active threads.
Waiting for actors to stop.
Sent output token with value 1.5
Next port to read input from is inputB
Called postfire()
Called prefire()
Called fire()
Called postfire()
Called prefire()
Called fire()
Checking for deadlock:
There are 3 Blocked actors, 0 Stopped actors, and 4 active threads.
Waiting for actors to stop.
Read input token from inputB with value 3.0
-- Read input: 2.0, which is expected to match: 2.0
Called prefire()
Called fire()
Checking for deadlock:
There are 3 Blocked actors, 0 Stopped actors, and 4 active threads.
Waiting for actors to stop.
Sent output token with value 2.0
Next port to read input from is inputA
Called postfire()
Called prefire()
Called fire()
Checking for deadlock:
There are 2 Blocked actors, 0 Stopped actors, and 4 active threads.
Waiting for actors to stop.
Called postfire()
Called prefire()
Called fire()
Checking for deadlock:
There are 3 Blocked actors, 0 Stopped actors, and 4 active threads.
Waiting for actors to stop.
Read input token from inputA with value 3.0
Checking for deadlock:
There are 2 Blocked actors, 0 Stopped actors, and 4 active threads.
Waiting for actors to stop.
-- Read input: 3.0, which is expected to match: 3.0
Called prefire()
Called fire()
Checking for deadlock:
There are 3 Blocked actors, 0 Stopped actors, and 4 active threads.
Waiting for actors to stop.
Sent output token with value 3.0
Next port to read input from is inputB
Called postfire()
Called prefire()
Called fire()
Checking for deadlock:
There are 2 Blocked actors, 0 Stopped actors, and 4 active threads.
Waiting for actors to stop.
Called postfire()
Called prefire()
Called fire()
Checking for deadlock:
There are 3 Blocked actors, 0 Stopped actors, and 4 active threads.
Waiting for actors to stop.
Read input token from inputB with value 4.5
Checking for deadlock:
There are 2 Blocked actors, 0 Stopped actors, and 4 active threads.
Waiting for actors to stop.
-- Read input: 3.0, which is expected to match: 3.0
Called prefire()
Called fire()
Checking for deadlock:
There are 3 Blocked actors, 0 Stopped actors, and 4 active threads.
Waiting for actors to stop.
Sent output token with value 3.0
Next port to read input from is inputA
Called postfire()
Called prefire()
Called fire()
Checking for deadlock:
There are 2 Blocked actors, 0 Stopped actors, and 4 active threads.
Waiting for actors to stop.
Called postfire()
Called prefire()
Called fire()
Checking for deadlock:
There are 3 Blocked actors, 0 Stopped actors, and 4 active threads.
Waiting for actors to stop.
Read input token from inputA with value 4.0
Checking for deadlock:
There are 2 Blocked actors, 0 Stopped actors, and 4 active threads.
Waiting for actors to stop.
-- Read input: 4.0, which is expected to match: 4.0
Called prefire()
Called fire()
Past the end of training data. Read and discard all inputs.
Checking for deadlock:
There are 3 Blocked actors, 0 Stopped actors, and 4 active threads.
Waiting for actors to stop.
Sent output token with value 4.0
Next port to read input from is inputA
Called postfire()
Called prefire()
Called fire()
Checking for deadlock:
There are 2 Blocked actors, 0 Stopped actors, and 4 active threads.
Waiting for actors to stop.
Called postfire()
Called prefire()
Called fire()
Checking for deadlock:
There are 3 Blocked actors, 0 Stopped actors, and 4 active threads.
Waiting for actors to stop.
Read input token from inputA with value 5.0
Checking for deadlock:
There are 2 Blocked actors, 0 Stopped actors, and 4 active threads.
Waiting for actors to stop.
Called prefire()
Called fire()
Past the end of training data. Read and discard all inputs.
Checking for deadlock:
There are 3 Blocked actors, 0 Stopped actors, and 4 active threads.
Waiting for actors to stop.
Sent output token with value 4.5
Next port to read input from is inputB
Called postfire()
Called prefire()
Called fire()
Checking for deadlock:
There are 2 Blocked actors, 0 Stopped actors, and 4 active threads.
Waiting for actors to stop.
Called postfire()
Called prefire()
Called fire()
Checking for deadlock:
There are 3 Blocked actors, 0 Stopped actors, and 4 active threads.
Waiting for actors to stop.
Read input token from inputB with value 6.0
Checking for deadlock:
There are 2 Blocked actors, 0 Stopped actors, and 4 active threads.
Waiting for actors to stop.
Called prefire()
Called fire()
Past the end of training data. Read and discard all inputs.
Checking for deadlock:
There are 3 Blocked actors, 0 Stopped actors, and 4 active threads.
Waiting for actors to stop.
Sent output token with value 5.0
Next port to read input from is inputA
Called postfire()
Called prefire()
Called fire()
Called postfire()
Called prefire()
Called fire()
Checking for deadlock:
There are 3 Blocked actors, 0 Stopped actors, and 4 active threads.
Waiting for actors to stop.
Read input token from inputA with value 6.0
Called prefire()
Called fire()
Past the end of training data. Read and discard all inputs.
Checking for deadlock:
There are 3 Blocked actors, 0 Stopped actors, and 4 active threads.
Waiting for actors to stop.
Sent output token with value 6.0
Next port to read input from is inputB
Called postfire()
Called prefire()
Called fire()
Checking for deadlock:
There are 2 Blocked actors, 0 Stopped actors, and 4 active threads.
Waiting for actors to stop.
Called postfire()
Called prefire()
Called fire()
Checking for deadlock:
There are 3 Blocked actors, 0 Stopped actors, and 4 active threads.
Waiting for actors to stop.
Read input token from inputB with value 7.5
Checking for deadlock:
There are 2 Blocked actors, 0 Stopped actors, and 4 active threads.
Waiting for actors to stop.
Called prefire()
Called fire()
Past the end of training data. Read and discard all inputs.
Checking for deadlock:
There are 3 Blocked actors, 0 Stopped actors, and 4 active threads.
Waiting for actors to stop.
Sent output token with value 6.0
Next port to read input from is inputA
Called postfire()
Called prefire()
Called fire()
Called postfire()
Called prefire()
Called fire()
Checking for deadlock:
There are 3 Blocked actors, 0 Stopped actors, and 4 active threads.
Waiting for actors to stop.
Read input token from inputA with value 7.0
Called prefire()
Called fire()
Past the end of training data. Read and discard all inputs.
Checking for deadlock:
There are 3 Blocked actors, 0 Stopped actors, and 4 active threads.
Waiting for actors to stop.
Sent output token with value 7.0
Next port to read input from is inputA
Called postfire()
Called prefire()
Called fire()
-- Thread wrapup() called.
Called wrapup()
Thread .top.Ramp is exiting.
-- Thread stopped.
Checking for deadlock:
There are 2 Blocked actors, 0 Stopped actors, and 3 active threads.
Waiting for actors to stop.
Read input token from inputA with value 8.0
Checking for deadlock:
There are 1 Blocked actors, 0 Stopped actors, and 3 active threads.
Waiting for actors to stop.
Called prefire()
Called fire()
Past the end of training data. Read and discard all inputs.
Checking for deadlock:
There are 2 Blocked actors, 0 Stopped actors, and 3 active threads.
Waiting for actors to stop.
Sent output token with value 7.5
Next port to read input from is inputB
Called postfire()
Called prefire()
Called fire()
Checking for deadlock:
There are 1 Blocked actors, 0 Stopped actors, and 3 active threads.
Waiting for actors to stop.
Called postfire()
Called prefire()
Called fire()
Checking for deadlock:
There are 2 Blocked actors, 0 Stopped actors, and 3 active threads.
Waiting for actors to stop.
Read input token from inputB with value 9.0
Checking for deadlock:
There are 1 Blocked actors, 0 Stopped actors, and 3 active threads.
Waiting for actors to stop.
Called prefire()
Called fire()
Past the end of training data. Read and discard all inputs.
Checking for deadlock:
There are 2 Blocked actors, 0 Stopped actors, and 3 active threads.
Waiting for actors to stop.
Sent output token with value 8.0
Next port to read input from is inputA
Called postfire()
Called prefire()
Called fire()
Read input token from inputA with value 9.0
Called prefire()
Called fire()
Past the end of training data. Read and discard all inputs.
Checking for deadlock:
There are 2 Blocked actors, 0 Stopped actors, and 3 active threads.
Waiting for actors to stop.
Sent output token with value 9.0
Next port to read input from is inputB
Called postfire()
Called prefire()
Called fire()
Called postfire()
Called prefire()
Called fire()
Checking for deadlock:
There are 2 Blocked actors, 0 Stopped actors, and 3 active threads.
Waiting for actors to stop.
Read input token from inputB with value 10.5
Called prefire()
Called fire()
Past the end of training data. Read and discard all inputs.
Checking for deadlock:
There are 2 Blocked actors, 0 Stopped actors, and 3 active threads.
Waiting for actors to stop.
Sent output token with value 9.0
Next port to read input from is inputA
Called postfire()
Called prefire()
Called fire()
Checking for deadlock:
There are 3 Blocked actors, 0 Stopped actors, and 3 active threads.
Actors have stopped.
Checking for deadlock:
There are 3 Blocked actors, 0 Stopped actors, and 3 active threads.
Deadlock detected.
Resolving Deadlock
Checking for deadlock:
There are 3 Blocked actors, 0 Stopped actors, and 3 active threads.
Artificial Deadlock - increasing queue capacity.
increasing the capacity of receiver ptolemy.actor.TypedIOPort {.top.OrderedMerge.inputB} to 2
Director: Called postfire().
Called postfire().
_stopRequested = false
_stopFireRequested = false
Returning from postfire(): true
Called fire().
Checking for deadlock:
There are 2 Blocked actors, 0 Stopped actors, and 3 active threads.
Waiting for actors to stop.
-- Thread wrapup() called.
Called wrapup()
Thread .top.Ramp2 is exiting.
-- Thread stopped.
Checking for deadlock:
There are 2 Blocked actors, 0 Stopped actors, and 2 active threads.
Actors have stopped.
Checking for deadlock:
There are 2 Blocked actors, 0 Stopped actors, and 2 active threads.
Deadlock detected.
Resolving Deadlock
Checking for deadlock:
There are 2 Blocked actors, 0 Stopped actors, and 2 active threads.
Deadlock detected: no processes blocked on write, but some are blocked on read.
Called postfire().
_stopRequested = false
_stopFireRequested = false
Returning from postfire(): false
Finished deactivating branches.
Called wrapup().
-- Thread wrapup() called.
Called wrapup()
-- Thread wrapup() called.
Called wrapup()
Thread .top.Test is exiting.
-- Thread stopped.
-- Blocked Receiver call threw TerminateProcessException.
Thread .top.OrderedMerge is exiting.
-- Thread stopped.
-- Blocked Receiver call threw TerminateProcessException.
26 ms. Memory: 129024K Free: 99536K (77%)
/home/travis/build/icyphy/ptII/ptolemy/actor/lib/test/Publisher.tcl
19 ms. Memory: 129024K Free: 93392K (72%)
12 ms. Memory: 129024K Free: 88272K (68%)
6 ms. Memory: 129024K Free: 84690K (66%)
5 ms. Memory: 129024K Free: 83666K (65%)
8 ms. Memory: 129024K Free: 112275K (87%)
10 ms. Memory: 129024K Free: 111835K (87%)
2 ms. Memory: 129024K Free: 110811K (86%)
7 ms. Memory: 129024K Free: 110291K (85%)
15 ms. Memory: 129024K Free: 100057K (78%)
3 ms. Memory: 129024K Free: 96475K (75%)
2 ms. Memory: 129024K Free: 95451K (74%)
3 ms. Memory: 129024K Free: 93403K (72%)
5 ms. Memory: 129024K Free: 85721K (66%)
5 ms. Memory: 129024K Free: 76505K (59%)
5 ms. Memory: 129024K Free: 65241K (51%)
/home/travis/build/icyphy/ptII/ptolemy/actor/lib/test/Pulse.tcl
3 ms. Memory: 129024K Free: 88367K (68%)
9 ms. Memory: 129024K Free: 87853K (68%)
1 ms. Memory: 129024K Free: 87343K (68%)
2 ms. Memory: 129024K Free: 86815K (67%)
3 ms. Memory: 129024K Free: 86319K (67%)
5 ms. Memory: 129024K Free: 85295K (66%)
1 ms. Memory: 129024K Free: 84271K (65%)
1 ms. Memory: 129024K Free: 83757K (65%)
1 ms. Memory: 129024K Free: 82719K (64%)
/home/travis/build/icyphy/ptII/ptolemy/actor/lib/test/Ramp.tcl
2 ms. Memory: 129024K Free: 80671K (63%)
2 ms. Memory: 129024K Free: 80175K (62%)
1 ms. Memory: 129024K Free: 79647K (62%)
1 ms. Memory: 129024K Free: 78637K (61%)
5 ms. Memory: 129024K Free: 77613K (60%)
7 ms. Memory: 129024K Free: 77103K (60%)
6 ms. Memory: 129024K Free: 76079K (59%)
5 actors
10000 microseconds per iteration to create
5 ms. Memory: 129024K Free: 73517K (57%)
2 ms. Memory: 129024K Free: 72463K (56%)
1 ms. Memory: 129024K Free: 71983K (56%)
2 ms. Memory: 129024K Free: 71463K (55%)
50 actors
42000 microseconds per iteration to create
27 ms. Memory: 129024K Free: 56109K (43%)
4 ms. Memory: 129024K Free: 55085K (43%)
5 ms. Memory: 129024K Free: 54061K (42%)
4 ms. Memory: 129024K Free: 53037K (41%)
500 actors
1588000 microseconds per iteration to create
215 ms. Memory: 155648K Free: 129474K (83%)
30 ms. Memory: 155648K Free: 124361K (80%)
28 ms. Memory: 155648K Free: 119241K (77%)
27 ms. Memory: 155648K Free: 113611K (73%)
/home/travis/build/icyphy/ptII/ptolemy/actor/lib/test/RampContinuous.tcl
7 ms. Memory: 155648K Free: 112073K (72%)
/home/travis/build/icyphy/ptII/ptolemy/actor/lib/test/RecordAssembler.tcl
4 ms. Memory: 155648K Free: 110539K (71%)
3 ms. Memory: 155648K Free: 110010K (71%)
/home/travis/build/icyphy/ptII/ptolemy/actor/lib/test/RecordDisassembler.tcl
12 ms. Memory: 155648K Free: 107946K (69%)
4 ms. Memory: 155648K Free: 107467K (69%)
3 ms. Memory: 155648K Free: 105922K (68%)
/home/travis/build/icyphy/ptII/ptolemy/actor/lib/test/Scale.tcl
2 ms. Memory: 155648K Free: 104395K (67%)
2 ms. Memory: 155648K Free: 103371K (66%)
1 ms. Memory: 155648K Free: 102857K (66%)
2 ms. Memory: 155648K Free: 101818K (65%)
3 ms. Memory: 155648K Free: 101323K (65%)
/home/travis/build/icyphy/ptII/ptolemy/actor/lib/test/SequentialClock.tcl
preinitializing
resolving types
initializing
executing number 1
wrapping up
idle
4 ms. Memory: 155648K Free: 99754K (64%)
Completed execution with 5 iterations
preinitializing
resolving types
initializing
executing number 1
wrapping up
idle
1 ms. Memory: 155648K Free: 99275K (64%)
Completed execution with 5 iterations
preinitializing
resolving types
initializing
executing number 1
wrapping up
idle
1 ms. Memory: 155648K Free: 98746K (63%)
Completed execution with 5 iterations
/home/travis/build/icyphy/ptII/ptolemy/actor/lib/test/SetVariable.tcl
3 ms. Memory: 155648K Free: 96713K (62%)
/home/travis/build/icyphy/ptII/ptolemy/actor/lib/test/Sinewave.tcl
/home/travis/build/icyphy/ptII/ptolemy/actor/lib/test/SubscriptionAggregator.tcl
8 ms. Memory: 155648K Free: 85449K (55%)
2 ms. Memory: 155648K Free: 84939K (55%)
0 ms. Memory: 155648K Free: 84394K (54%)
1 ms. Memory: 155648K Free: 83915K (54%)
3 ms. Memory: 155648K Free: 80314K (52%)
9 ms. Memory: 155648K Free: 78281K (50%)
...............................................................929 ms. Memory: 192512K Free: 59504K (31%)
/home/travis/build/icyphy/ptII/ptolemy/actor/lib/test/Test.tcl
 The next command will produce a warning about training mode,
   which may be ignored.
4 ms. Memory: 192512K Free: 57464K (30%)
2 ms. Memory: 192512K Free: 56961K (30%)
1 ms. Memory: 192512K Free: 55937K (29%)
1 ms. Memory: 192512K Free: 55423K (29%)
2 ms. Memory: 192512K Free: 54913K (29%)
2 ms. Memory: 192512K Free: 53889K (28%)
3 ms. Memory: 262144K Free: 215333K (82%)
 The next command will produce a warning about training mode,
   which may be ignored.
7 ms. Memory: 262144K Free: 213285K (81%)
 The next command will produce a warning about training mode,
   which may be ignored.
3 ms. Memory: 262144K Free: 211765K (81%)
1 ms. Memory: 262144K Free: 211237K (81%)
1 ms. Memory: 262144K Free: 210741K (80%)
2 ms. Memory: 262144K Free: 210213K (80%)
6 ms. Memory: 262144K Free: 209203K (80%)
3 ms. Memory: 262144K Free: 205621K (78%)
/home/travis/build/icyphy/ptII/ptolemy/actor/lib/test/TestExceptionHandler.tcl
 The next command will produce a warning about training mode,
   which may be ignored.
3 ms. Memory: 262144K Free: 204083K (78%)
1 ms. Memory: 262144K Free: 204051K (78%)
1 ms. Memory: 262144K Free: 203045K (77%)
/home/travis/build/icyphy/ptII/ptolemy/actor/lib/test/UnionDisassembler.tcl
13 ms. Memory: 262144K Free: 195891K (75%)
/home/travis/build/icyphy/ptII/ptolemy/actor/lib/test/VariableClock.tcl
preinitializing
resolving types
initializing
executing number 1
wrapping up
idle
3 ms. Memory: 262144K Free: 194357K (74%)
Completed execution with 11 iterations
preinitializing
resolving types
initializing
executing number 1
wrapping up
idle
4 ms. Memory: 262144K Free: 192813K (74%)
Completed execution with 10 iterations
06/22/20 02:49:15
Failed: 0  Total Tests: 233  ((Passed: 233, Newly Passed: 0)  Known Failed: 0) /home/travis/build/icyphy/ptII/ptolemy/actor/lib/test
----------------- testing (KnownFailure) /home/travis/build/icyphy/ptII/ptolemy/actor/lib/test/auto/knownFailedTests/PublisherPortToplevelSubscriber.xml
0 ms. Memory: 262144K Free: 189237K (72%)
Known Failure: java.lang.reflect.InvocationTargetException
----------------- testing (KnownFailure) /home/travis/build/icyphy/ptII/ptolemy/actor/lib/test/auto/knownFailedTests/PublisherSubscriberPortToplevel.xml
1 ms. Memory: 262144K Free: 185651K (71%)
Known Failure: java.lang.reflect.InvocationTargetException
----------------- testing (KnownFailure) /home/travis/build/icyphy/ptII/ptolemy/actor/lib/test/auto/knownFailedTests/PublisherSubscriptionAggregatorPort.xml
0 ms. Memory: 262144K Free: 181045K (69%)
Known Failure: java.lang.reflect.InvocationTargetException
----------------- testing (KnownFailure) /home/travis/build/icyphy/ptII/ptolemy/actor/lib/test/auto/knownFailedTests/sizedarray3.xml
8 ms. Memory: 262144K Free: 176949K (68%)
Known Failure: java.lang.reflect.InvocationTargetException
No auto/linux-amd64/*.xml tests in /home/travis/build/icyphy/ptII/ptolemy/actor/lib/test
AutoTests.java: About to close Vertx.
AutoTests.java: Vertx closed.

===========================================================================================
----------------- testing Mon Jun 22 14:49:16 UTC 2020 /home/travis/build/icyphy/ptII/ptolemy/actor/lib/test/auto/AbsoluteValue.xml
----------------- Instantiating /home/travis/build/icyphy/ptII/ptolemy/actor/lib/test/auto/AbsoluteValue.xml
9 ms. Memory: 262144K Free: 154421K (59%)
----------------- Invoking toplevel() on ptolemy.moml.MoMLSimpleApplication@42740893
----------------- Done invoking toplevel() on ptolemy.moml.MoMLSimpleApplication@42740893
reloadAllAccessors: .AbsoluteValue

===========================================================================================
----------------- testing Mon Jun 22 14:49:16 UTC 2020 /home/travis/build/icyphy/ptII/ptolemy/actor/lib/test/auto/AbsoluteValue2.xml
----------------- Instantiating /home/travis/build/icyphy/ptII/ptolemy/actor/lib/test/auto/AbsoluteValue2.xml
5 ms. Memory: 262144K Free: 147763K (56%)
----------------- Invoking toplevel() on ptolemy.moml.MoMLSimpleApplication@6f4d9c
----------------- Done invoking toplevel() on ptolemy.moml.MoMLSimpleApplication@6f4d9c
reloadAllAccessors: .AbsoluteValue2

===========================================================================================
----------------- testing Mon Jun 22 14:49:16 UTC 2020 /home/travis/build/icyphy/ptII/ptolemy/actor/lib/test/auto/Accumulator.xml
----------------- Instantiating /home/travis/build/icyphy/ptII/ptolemy/actor/lib/test/auto/Accumulator.xml
5 ms. Memory: 262144K Free: 141109K (54%)
----------------- Invoking toplevel() on ptolemy.moml.MoMLSimpleApplication@b652128
----------------- Done invoking toplevel() on ptolemy.moml.MoMLSimpleApplication@b652128
reloadAllAccessors: .Accumulator

===========================================================================================
----------------- testing Mon Jun 22 14:49:16 UTC 2020 /home/travis/build/icyphy/ptII/ptolemy/actor/lib/test/auto/Accumulator2.xml
----------------- Instantiating /home/travis/build/icyphy/ptII/ptolemy/actor/lib/test/auto/Accumulator2.xml
3 ms. Memory: 262144K Free: 135989K (52%)
----------------- Invoking toplevel() on ptolemy.moml.MoMLSimpleApplication@599260b6
----------------- Done invoking toplevel() on ptolemy.moml.MoMLSimpleApplication@599260b6
reloadAllAccessors: .Accumulator2

===========================================================================================
----------------- testing Mon Jun 22 14:49:16 UTC 2020 /home/travis/build/icyphy/ptII/ptolemy/actor/lib/test/auto/Accumulator3.xml
----------------- Instantiating /home/travis/build/icyphy/ptII/ptolemy/actor/lib/test/auto/Accumulator3.xml
2 ms. Memory: 262144K Free: 131893K (50%)
----------------- Invoking toplevel() on ptolemy.moml.MoMLSimpleApplication@319e3824
----------------- Done invoking toplevel() on ptolemy.moml.MoMLSimpleApplication@319e3824
reloadAllAccessors: .Accumulator3

===========================================================================================
----------------- testing Mon Jun 22 14:49:16 UTC 2020 /home/travis/build/icyphy/ptII/ptolemy/actor/lib/test/auto/ArrayAppend.xml
----------------- Instantiating /home/travis/build/icyphy/ptII/ptolemy/actor/lib/test/auto/ArrayAppend.xml
4 ms. Memory: 262144K Free: 125749K (48%)
----------------- Invoking toplevel() on ptolemy.moml.MoMLSimpleApplication@76da2501
----------------- Done invoking toplevel() on ptolemy.moml.MoMLSimpleApplication@76da2501
reloadAllAccessors: .ArrayAppend

===========================================================================================
----------------- testing Mon Jun 22 14:49:16 UTC 2020 /home/travis/build/icyphy/ptII/ptolemy/actor/lib/test/auto/ArrayAppend2.xml
----------------- Instantiating /home/travis/build/icyphy/ptII/ptolemy/actor/lib/test/auto/ArrayAppend2.xml
456 ms. Memory: 262144K Free: 182817K (70%)
----------------- Invoking toplevel() on ptolemy.moml.MoMLSimpleApplication@1a9a8722
----------------- Done invoking toplevel() on ptolemy.moml.MoMLSimpleApplication@1a9a8722
reloadAllAccessors: .ArrayAppend2

===========================================================================================
----------------- testing Mon Jun 22 14:49:16 UTC 2020 /home/travis/build/icyphy/ptII/ptolemy/actor/lib/test/auto/ArrayAppend3.xml
----------------- Instantiating /home/travis/build/icyphy/ptII/ptolemy/actor/lib/test/auto/ArrayAppend3.xml
4 ms. Memory: 262144K Free: 177187K (68%)
----------------- Invoking toplevel() on ptolemy.moml.MoMLSimpleApplication@867055c
----------------- Done invoking toplevel() on ptolemy.moml.MoMLSimpleApplication@867055c
reloadAllAccessors: .ArrayAppend3

===========================================================================================
----------------- testing Mon Jun 22 14:49:16 UTC 2020 /home/travis/build/icyphy/ptII/ptolemy/actor/lib/test/auto/ArrayAppend4.xml
----------------- Instantiating /home/travis/build/icyphy/ptII/ptolemy/actor/lib/test/auto/ArrayAppend4.xml
9 ms. Memory: 262144K Free: 171553K (65%)
----------------- Invoking toplevel() on ptolemy.moml.MoMLSimpleApplication@631849eb
----------------- Done invoking toplevel() on ptolemy.moml.MoMLSimpleApplication@631849eb
reloadAllAccessors: .ArrayAppend4

===========================================================================================
----------------- testing Mon Jun 22 14:49:16 UTC 2020 /home/travis/build/icyphy/ptII/ptolemy/actor/lib/test/auto/ArrayAppend5.xml
----------------- Instantiating /home/travis/build/icyphy/ptII/ptolemy/actor/lib/test/auto/ArrayAppend5.xml
2 ms. Memory: 262144K Free: 166433K (63%)
----------------- Invoking toplevel() on ptolemy.moml.MoMLSimpleApplication@367e9ba3
----------------- Done invoking toplevel() on ptolemy.moml.MoMLSimpleApplication@367e9ba3
reloadAllAccessors: .ArrayAppend5

===========================================================================================
----------------- testing Mon Jun 22 14:49:17 UTC 2020 /home/travis/build/icyphy/ptII/ptolemy/actor/lib/test/auto/ArrayAppend6.xml
----------------- Instantiating /home/travis/build/icyphy/ptII/ptolemy/actor/lib/test/auto/ArrayAppend6.xml
2 ms. Memory: 262144K Free: 160803K (61%)
----------------- Invoking toplevel() on ptolemy.moml.MoMLSimpleApplication@633a0c49
----------------- Done invoking toplevel() on ptolemy.moml.MoMLSimpleApplication@633a0c49
reloadAllAccessors: .ArrayAppend6

===========================================================================================
----------------- testing Mon Jun 22 14:49:17 UTC 2020 /home/travis/build/icyphy/ptII/ptolemy/actor/lib/test/auto/ArrayAppendPerformanceTest.xml
----------------- Instantiating /home/travis/build/icyphy/ptII/ptolemy/actor/lib/test/auto/ArrayAppendPerformanceTest.xml
23 ms. Memory: 262144K Free: 150049K (57%)
----------------- Invoking toplevel() on ptolemy.moml.MoMLSimpleApplication@1db8c0ae
----------------- Done invoking toplevel() on ptolemy.moml.MoMLSimpleApplication@1db8c0ae
reloadAllAccessors: .ArrayAppendPerformanceTest

===========================================================================================
----------------- testing Mon Jun 22 14:49:17 UTC 2020 /home/travis/build/icyphy/ptII/ptolemy/actor/lib/test/auto/ArrayAppendWithEmptyInput.xml
----------------- Instantiating /home/travis/build/icyphy/ptII/ptolemy/actor/lib/test/auto/ArrayAppendWithEmptyInput.xml
7 ms. Memory: 262144K Free: 141857K (54%)
----------------- Invoking toplevel() on ptolemy.moml.MoMLSimpleApplication@57f3a8f
----------------- Done invoking toplevel() on ptolemy.moml.MoMLSimpleApplication@57f3a8f
reloadAllAccessors: .ArrayAppendWithEmptyInput

===========================================================================================
----------------- testing Mon Jun 22 14:49:17 UTC 2020 /home/travis/build/icyphy/ptII/ptolemy/actor/lib/test/auto/ArrayAverage.xml
----------------- Instantiating /home/travis/build/icyphy/ptII/ptolemy/actor/lib/test/auto/ArrayAverage.xml
5 ms. Memory: 262144K Free: 134179K (51%)
----------------- Invoking toplevel() on ptolemy.moml.MoMLSimpleApplication@4916596d
----------------- Done invoking toplevel() on ptolemy.moml.MoMLSimpleApplication@4916596d
reloadAllAccessors: .ArrayAverage

===========================================================================================
----------------- testing Mon Jun 22 14:49:17 UTC 2020 /home/travis/build/icyphy/ptII/ptolemy/actor/lib/test/auto/ArrayContains.xml
----------------- Instantiating /home/travis/build/icyphy/ptII/ptolemy/actor/lib/test/auto/ArrayContains.xml
2 ms. Memory: 262144K Free: 128035K (49%)
----------------- Invoking toplevel() on ptolemy.moml.MoMLSimpleApplication@69291be3
----------------- Done invoking toplevel() on ptolemy.moml.MoMLSimpleApplication@69291be3
reloadAllAccessors: .ArrayContains

===========================================================================================
----------------- testing Mon Jun 22 14:49:17 UTC 2020 /home/travis/build/icyphy/ptII/ptolemy/actor/lib/test/auto/ArrayElement.xml
----------------- Instantiating /home/travis/build/icyphy/ptII/ptolemy/actor/lib/test/auto/ArrayElement.xml
4 ms. Memory: 262144K Free: 122401K (47%)
----------------- Invoking toplevel() on ptolemy.moml.MoMLSimpleApplication@530bf6a7
----------------- Done invoking toplevel() on ptolemy.moml.MoMLSimpleApplication@530bf6a7
reloadAllAccessors: .ArrayElement

===========================================================================================
----------------- testing Mon Jun 22 14:49:17 UTC 2020 /home/travis/build/icyphy/ptII/ptolemy/actor/lib/test/auto/ArrayElementAsMatrix.xml
----------------- Instantiating /home/travis/build/icyphy/ptII/ptolemy/actor/lib/test/auto/ArrayElementAsMatrix.xml
11 ms. Memory: 262144K Free: 112675K (43%)
----------------- Invoking toplevel() on ptolemy.moml.MoMLSimpleApplication@34fa3617
----------------- Done invoking toplevel() on ptolemy.moml.MoMLSimpleApplication@34fa3617
reloadAllAccessors: .ArrayElementAsMatrix

===========================================================================================
----------------- testing Mon Jun 22 14:49:17 UTC 2020 /home/travis/build/icyphy/ptII/ptolemy/actor/lib/test/auto/ArrayElementI.xml
----------------- Instantiating /home/travis/build/icyphy/ptII/ptolemy/actor/lib/test/auto/ArrayElementI.xml
3 ms. Memory: 262144K Free: 107026K (41%)
----------------- Invoking toplevel() on ptolemy.moml.MoMLSimpleApplication@e8c81c9
----------------- Done invoking toplevel() on ptolemy.moml.MoMLSimpleApplication@e8c81c9
reloadAllAccessors: .ArrayElementI

===========================================================================================
----------------- testing Mon Jun 22 14:49:17 UTC 2020 /home/travis/build/icyphy/ptII/ptolemy/actor/lib/test/auto/ArrayExtract.xml
----------------- Instantiating /home/travis/build/icyphy/ptII/ptolemy/actor/lib/test/auto/ArrayExtract.xml
6 ms. Memory: 262144K Free: 98849K (38%)
----------------- Invoking toplevel() on ptolemy.moml.MoMLSimpleApplication@5dd650c
----------------- Done invoking toplevel() on ptolemy.moml.MoMLSimpleApplication@5dd650c
reloadAllAccessors: .ArrayExtract

===========================================================================================
----------------- testing Mon Jun 22 14:49:17 UTC 2020 /home/travis/build/icyphy/ptII/ptolemy/actor/lib/test/auto/ArrayExtract2.xml
----------------- Instantiating /home/travis/build/icyphy/ptII/ptolemy/actor/lib/test/auto/ArrayExtract2.xml
2 ms. Memory: 262144K Free: 93219K (36%)
----------------- Invoking toplevel() on ptolemy.moml.MoMLSimpleApplication@4684c470
----------------- Done invoking toplevel() on ptolemy.moml.MoMLSimpleApplication@4684c470
reloadAllAccessors: .ArrayExtract2

===========================================================================================
----------------- testing Mon Jun 22 14:49:17 UTC 2020 /home/travis/build/icyphy/ptII/ptolemy/actor/lib/test/auto/ArrayLength.xml
----------------- Instantiating /home/travis/build/icyphy/ptII/ptolemy/actor/lib/test/auto/ArrayLength.xml
3 ms. Memory: 262144K Free: 89633K (34%)
----------------- Invoking toplevel() on ptolemy.moml.MoMLSimpleApplication@26691f6
----------------- Done invoking toplevel() on ptolemy.moml.MoMLSimpleApplication@26691f6
reloadAllAccessors: .ArrayLength

===========================================================================================
----------------- testing Mon Jun 22 14:49:17 UTC 2020 /home/travis/build/icyphy/ptII/ptolemy/actor/lib/test/auto/ArrayLevelCrossing.xml
----------------- Instantiating /home/travis/build/icyphy/ptII/ptolemy/actor/lib/test/auto/ArrayLevelCrossing.xml
4 ms. Memory: 262144K Free: 81441K (31%)
----------------- Invoking toplevel() on ptolemy.moml.MoMLSimpleApplication@1826d890
----------------- Done invoking toplevel() on ptolemy.moml.MoMLSimpleApplication@1826d890
reloadAllAccessors: .ArrayLevelCrossing

===========================================================================================
----------------- testing Mon Jun 22 14:49:17 UTC 2020 /home/travis/build/icyphy/ptII/ptolemy/actor/lib/test/auto/ArrayLevelCrossing2.xml
----------------- Instantiating /home/travis/build/icyphy/ptII/ptolemy/actor/lib/test/auto/ArrayLevelCrossing2.xml
3 ms. Memory: 262144K Free: 74787K (29%)
----------------- Invoking toplevel() on ptolemy.moml.MoMLSimpleApplication@2342c0bf
----------------- Done invoking toplevel() on ptolemy.moml.MoMLSimpleApplication@2342c0bf
reloadAllAccessors: .ArrayLevelCrossing2

===========================================================================================
----------------- testing Mon Jun 22 14:49:17 UTC 2020 /home/travis/build/icyphy/ptII/ptolemy/actor/lib/test/auto/ArrayPeakSearch.xml
----------------- Instantiating /home/travis/build/icyphy/ptII/ptolemy/actor/lib/test/auto/ArrayPeakSearch.xml
8 ms. Memory: 262144K Free: 208896K (80%)
----------------- Invoking toplevel() on ptolemy.moml.MoMLSimpleApplication@431b3439
----------------- Done invoking toplevel() on ptolemy.moml.MoMLSimpleApplication@431b3439
reloadAllAccessors: .ArrayPeakSearch

===========================================================================================
----------------- testing Mon Jun 22 14:49:17 UTC 2020 /home/travis/build/icyphy/ptII/ptolemy/actor/lib/test/auto/ArrayPeakSearch2.xml
----------------- Instantiating /home/travis/build/icyphy/ptII/ptolemy/actor/lib/test/auto/ArrayPeakSearch2.xml
6 ms. Memory: 262144K Free: 198111K (76%)
----------------- Invoking toplevel() on ptolemy.moml.MoMLSimpleApplication@139585df
----------------- Done invoking toplevel() on ptolemy.moml.MoMLSimpleApplication@139585df
reloadAllAccessors: .ArrayPeakSearch2

===========================================================================================
----------------- testing Mon Jun 22 14:49:17 UTC 2020 /home/travis/build/icyphy/ptII/ptolemy/actor/lib/test/auto/ArrayPeakSearch3.xml
----------------- Instantiating /home/travis/build/icyphy/ptII/ptolemy/actor/lib/test/auto/ArrayPeakSearch3.xml
5 ms. Memory: 262144K Free: 189440K (72%)
----------------- Invoking toplevel() on ptolemy.moml.MoMLSimpleApplication@1bcf1144
----------------- Done invoking toplevel() on ptolemy.moml.MoMLSimpleApplication@1bcf1144
reloadAllAccessors: .ArrayPeakSearch3

===========================================================================================
----------------- testing Mon Jun 22 14:49:17 UTC 2020 /home/travis/build/icyphy/ptII/ptolemy/actor/lib/test/auto/ArrayRemoveElement.xml
----------------- Instantiating /home/travis/build/icyphy/ptII/ptolemy/actor/lib/test/auto/ArrayRemoveElement.xml
4 ms. Memory: 262144K Free: 181248K (69%)
----------------- Invoking toplevel() on ptolemy.moml.MoMLSimpleApplication@2ec1e3e0
----------------- Done invoking toplevel() on ptolemy.moml.MoMLSimpleApplication@2ec1e3e0
reloadAllAccessors: .ArrayRemoveElement

===========================================================================================
----------------- testing Mon Jun 22 14:49:17 UTC 2020 /home/travis/build/icyphy/ptII/ptolemy/actor/lib/test/auto/ArraySort.xml
----------------- Instantiating /home/travis/build/icyphy/ptII/ptolemy/actor/lib/test/auto/ArraySort.xml
5 ms. Memory: 262144K Free: 172542K (66%)
----------------- Invoking toplevel() on ptolemy.moml.MoMLSimpleApplication@6873dfbc
----------------- Done invoking toplevel() on ptolemy.moml.MoMLSimpleApplication@6873dfbc
reloadAllAccessors: .ArraySort

===========================================================================================
----------------- testing Mon Jun 22 14:49:17 UTC 2020 /home/travis/build/icyphy/ptII/ptolemy/actor/lib/test/auto/ArraySum.xml
----------------- Instantiating /home/travis/build/icyphy/ptII/ptolemy/actor/lib/test/auto/ArraySum.xml
4 ms. Memory: 262144K Free: 166912K (64%)
----------------- Invoking toplevel() on ptolemy.moml.MoMLSimpleApplication@507808f
----------------- Done invoking toplevel() on ptolemy.moml.MoMLSimpleApplication@507808f
reloadAllAccessors: .ArraySum

===========================================================================================
----------------- testing Mon Jun 22 14:49:17 UTC 2020 /home/travis/build/icyphy/ptII/ptolemy/actor/lib/test/auto/ArrayToElements.xml
----------------- Instantiating /home/travis/build/icyphy/ptII/ptolemy/actor/lib/test/auto/ArrayToElements.xml
8 ms. Memory: 262144K Free: 161792K (62%)
----------------- Invoking toplevel() on ptolemy.moml.MoMLSimpleApplication@5eaaf636
----------------- Done invoking toplevel() on ptolemy.moml.MoMLSimpleApplication@5eaaf636
reloadAllAccessors: .ArrayToElements

===========================================================================================
----------------- testing Mon Jun 22 14:49:17 UTC 2020 /home/travis/build/icyphy/ptII/ptolemy/actor/lib/test/auto/ArrayToMatrix.xml
----------------- Instantiating /home/travis/build/icyphy/ptII/ptolemy/actor/lib/test/auto/ArrayToMatrix.xml
26 ms. Memory: 262144K Free: 147456K (56%)
----------------- Invoking toplevel() on ptolemy.moml.MoMLSimpleApplication@7eb4184f
----------------- Done invoking toplevel() on ptolemy.moml.MoMLSimpleApplication@7eb4184f
reloadAllAccessors: .ArrayToMatrix

===========================================================================================
----------------- testing Mon Jun 22 14:49:17 UTC 2020 /home/travis/build/icyphy/ptII/ptolemy/actor/lib/test/auto/ArrayUpdate1.xml
----------------- Instantiating /home/travis/build/icyphy/ptII/ptolemy/actor/lib/test/auto/ArrayUpdate1.xml
3 ms. Memory: 262144K Free: 142846K (54%)
----------------- Invoking toplevel() on ptolemy.moml.MoMLSimpleApplication@7fee7ff1
----------------- Done invoking toplevel() on ptolemy.moml.MoMLSimpleApplication@7fee7ff1
reloadAllAccessors: .ArrayUpdate1

===========================================================================================
----------------- testing Mon Jun 22 14:49:17 UTC 2020 /home/travis/build/icyphy/ptII/ptolemy/actor/lib/test/auto/ArrayUpdate2.xml
----------------- Instantiating /home/travis/build/icyphy/ptII/ptolemy/actor/lib/test/auto/ArrayUpdate2.xml
6 ms. Memory: 262144K Free: 136192K (52%)
----------------- Invoking toplevel() on ptolemy.moml.MoMLSimpleApplication@49ddcc96
----------------- Done invoking toplevel() on ptolemy.moml.MoMLSimpleApplication@49ddcc96
reloadAllAccessors: .ArrayUpdate2

===========================================================================================
----------------- testing Mon Jun 22 14:49:17 UTC 2020 /home/travis/build/icyphy/ptII/ptolemy/actor/lib/test/auto/ArrayUpdate3.xml
----------------- Instantiating /home/travis/build/icyphy/ptII/ptolemy/actor/lib/test/auto/ArrayUpdate3.xml
2 ms. Memory: 262144K Free: 131582K (50%)
----------------- Invoking toplevel() on ptolemy.moml.MoMLSimpleApplication@5c54e8d1
----------------- Done invoking toplevel() on ptolemy.moml.MoMLSimpleApplication@5c54e8d1
reloadAllAccessors: .ArrayUpdate3

===========================================================================================
----------------- testing Mon Jun 22 14:49:17 UTC 2020 /home/travis/build/icyphy/ptII/ptolemy/actor/lib/test/auto/Assert1.xml
----------------- Instantiating /home/travis/build/icyphy/ptII/ptolemy/actor/lib/test/auto/Assert1.xml
3 ms. Memory: 262144K Free: 126976K (48%)
----------------- Invoking toplevel() on ptolemy.moml.MoMLSimpleApplication@3aae892e
----------------- Done invoking toplevel() on ptolemy.moml.MoMLSimpleApplication@3aae892e
reloadAllAccessors: .Assert1

===========================================================================================
----------------- testing Mon Jun 22 14:49:17 UTC 2020 /home/travis/build/icyphy/ptII/ptolemy/actor/lib/test/auto/Assert2.xml
----------------- Instantiating /home/travis/build/icyphy/ptII/ptolemy/actor/lib/test/auto/Assert2.xml
2 ms. Memory: 262144K Free: 122366K (47%)
----------------- Invoking toplevel() on ptolemy.moml.MoMLSimpleApplication@899d980
----------------- Done invoking toplevel() on ptolemy.moml.MoMLSimpleApplication@899d980
reloadAllAccessors: .Assert2

===========================================================================================
----------------- testing Mon Jun 22 14:49:17 UTC 2020 /home/travis/build/icyphy/ptII/ptolemy/actor/lib/test/auto/BooleanMultiplexor.xml
----------------- Instantiating /home/travis/build/icyphy/ptII/ptolemy/actor/lib/test/auto/BooleanMultiplexor.xml
2 ms. Memory: 262144K Free: 116736K (45%)
----------------- Invoking toplevel() on ptolemy.moml.MoMLSimpleApplication@748e2043
----------------- Done invoking toplevel() on ptolemy.moml.MoMLSimpleApplication@748e2043
reloadAllAccessors: .BooleanMultiplexor

===========================================================================================
----------------- testing Mon Jun 22 14:49:17 UTC 2020 /home/travis/build/icyphy/ptII/ptolemy/actor/lib/test/auto/BooleanMultiplexor2.xml
----------------- Instantiating /home/travis/build/icyphy/ptII/ptolemy/actor/lib/test/auto/BooleanMultiplexor2.xml
12 ms. Memory: 262144K Free: 110592K (42%)
----------------- Invoking toplevel() on ptolemy.moml.MoMLSimpleApplication@35811d20
----------------- Done invoking toplevel() on ptolemy.moml.MoMLSimpleApplication@35811d20
reloadAllAccessors: .BooleanMultiplexor2

===========================================================================================
----------------- testing Mon Jun 22 14:49:17 UTC 2020 /home/travis/build/icyphy/ptII/ptolemy/actor/lib/test/auto/BooleanMultiplexor3.xml
----------------- Instantiating /home/travis/build/icyphy/ptII/ptolemy/actor/lib/test/auto/BooleanMultiplexor3.xml
7 ms. Memory: 262144K Free: 106496K (41%)
----------------- Invoking toplevel() on ptolemy.moml.MoMLSimpleApplication@3fee81b0
----------------- Done invoking toplevel() on ptolemy.moml.MoMLSimpleApplication@3fee81b0
reloadAllAccessors: .BooleanMultiplexor3

===========================================================================================
----------------- testing Mon Jun 22 14:49:17 UTC 2020 /home/travis/build/icyphy/ptII/ptolemy/actor/lib/test/auto/BooleanSelect.xml
----------------- Instantiating /home/travis/build/icyphy/ptII/ptolemy/actor/lib/test/auto/BooleanSelect.xml
6 ms. Memory: 262144K Free: 100352K (38%)
----------------- Invoking toplevel() on ptolemy.moml.MoMLSimpleApplication@26818c53
----------------- Done invoking toplevel() on ptolemy.moml.MoMLSimpleApplication@26818c53
reloadAllAccessors: .BooleanSelect

===========================================================================================
----------------- testing Mon Jun 22 14:49:18 UTC 2020 /home/travis/build/icyphy/ptII/ptolemy/actor/lib/test/auto/BooleanSelect2.xml
----------------- Instantiating /home/travis/build/icyphy/ptII/ptolemy/actor/lib/test/auto/BooleanSelect2.xml
1 ms. Memory: 262144K Free: 95742K (37%)
----------------- Invoking toplevel() on ptolemy.moml.MoMLSimpleApplication@1ec0e631
----------------- Done invoking toplevel() on ptolemy.moml.MoMLSimpleApplication@1ec0e631
reloadAllAccessors: .BooleanSelect2

===========================================================================================
----------------- testing Mon Jun 22 14:49:18 UTC 2020 /home/travis/build/icyphy/ptII/ptolemy/actor/lib/test/auto/BooleanSwitch.xml
----------------- Instantiating /home/travis/build/icyphy/ptII/ptolemy/actor/lib/test/auto/BooleanSwitch.xml
18 ms. Memory: 262144K Free: 90112K (34%)
----------------- Invoking toplevel() on ptolemy.moml.MoMLSimpleApplication@7c81322a
----------------- Done invoking toplevel() on ptolemy.moml.MoMLSimpleApplication@7c81322a
reloadAllAccessors: .BooleanSwitch

===========================================================================================
----------------- testing Mon Jun 22 14:49:18 UTC 2020 /home/travis/build/icyphy/ptII/ptolemy/actor/lib/test/auto/BooleanSwitch2.xml
----------------- Instantiating /home/travis/build/icyphy/ptII/ptolemy/actor/lib/test/auto/BooleanSwitch2.xml
2 ms. Memory: 262144K Free: 84992K (32%)
----------------- Invoking toplevel() on ptolemy.moml.MoMLSimpleApplication@5e8230c9
----------------- Done invoking toplevel() on ptolemy.moml.MoMLSimpleApplication@5e8230c9
reloadAllAccessors: .BooleanSwitch2

===========================================================================================
----------------- testing Mon Jun 22 14:49:18 UTC 2020 /home/travis/build/icyphy/ptII/ptolemy/actor/lib/test/auto/BooleanSwitchCloningBugWithClassRelationGroup.xml
----------------- Instantiating /home/travis/build/icyphy/ptII/ptolemy/actor/lib/test/auto/BooleanSwitchCloningBugWithClassRelationGroup.xml
3 ms. Memory: 262144K Free: 78848K (30%)
----------------- Invoking toplevel() on ptolemy.moml.MoMLSimpleApplication@27f7ea00
----------------- Done invoking toplevel() on ptolemy.moml.MoMLSimpleApplication@27f7ea00
reloadAllAccessors: .BooleanSwitchCloningBugWithClassRelationGroup

===========================================================================================
----------------- testing Mon Jun 22 14:49:18 UTC 2020 /home/travis/build/icyphy/ptII/ptolemy/actor/lib/test/auto/BusActors.xml
----------------- Instantiating /home/travis/build/icyphy/ptII/ptolemy/actor/lib/test/auto/BusActors.xml
4 ms. Memory: 262144K Free: 70656K (27%)
----------------- Invoking toplevel() on ptolemy.moml.MoMLSimpleApplication@d6b9120
----------------- Done invoking toplevel() on ptolemy.moml.MoMLSimpleApplication@d6b9120
reloadAllAccessors: .BusActors

===========================================================================================
----------------- testing Mon Jun 22 14:49:18 UTC 2020 /home/travis/build/icyphy/ptII/ptolemy/actor/lib/test/auto/ClassWrapper.xml
----------------- Instantiating /home/travis/build/icyphy/ptII/ptolemy/actor/lib/test/auto/ClassWrapper.xml
5 ms. Memory: 262144K Free: 66046K (25%)
----------------- Invoking toplevel() on ptolemy.moml.MoMLSimpleApplication@60ae97fa
----------------- Done invoking toplevel() on ptolemy.moml.MoMLSimpleApplication@60ae97fa
reloadAllAccessors: .ClassWrapper

===========================================================================================
----------------- testing Mon Jun 22 14:49:18 UTC 2020 /home/travis/build/icyphy/ptII/ptolemy/actor/lib/test/auto/Clock.xml
----------------- Instantiating /home/travis/build/icyphy/ptII/ptolemy/actor/lib/test/auto/Clock.xml
2 ms. Memory: 262144K Free: 62464K (24%)
----------------- Invoking toplevel() on ptolemy.moml.MoMLSimpleApplication@4170a949
----------------- Done invoking toplevel() on ptolemy.moml.MoMLSimpleApplication@4170a949
reloadAllAccessors: .Clock

===========================================================================================
----------------- testing Mon Jun 22 14:49:18 UTC 2020 /home/travis/build/icyphy/ptII/ptolemy/actor/lib/test/auto/Clock10.xml
----------------- Instantiating /home/travis/build/icyphy/ptII/ptolemy/actor/lib/test/auto/Clock10.xml
2 ms. Memory: 262144K Free: 208288K (79%)
----------------- Invoking toplevel() on ptolemy.moml.MoMLSimpleApplication@569e6dcf
----------------- Done invoking toplevel() on ptolemy.moml.MoMLSimpleApplication@569e6dcf
reloadAllAccessors: .Clock10

===========================================================================================
----------------- testing Mon Jun 22 14:49:18 UTC 2020 /home/travis/build/icyphy/ptII/ptolemy/actor/lib/test/auto/Clock11.xml
----------------- Instantiating /home/travis/build/icyphy/ptII/ptolemy/actor/lib/test/auto/Clock11.xml
6 ms. Memory: 262144K Free: 202652K (77%)
----------------- Invoking toplevel() on ptolemy.moml.MoMLSimpleApplication@616fac64
----------------- Done invoking toplevel() on ptolemy.moml.MoMLSimpleApplication@616fac64
reloadAllAccessors: .Clock11

===========================================================================================
----------------- testing Mon Jun 22 14:49:18 UTC 2020 /home/travis/build/icyphy/ptII/ptolemy/actor/lib/test/auto/Clock12.xml
----------------- Instantiating /home/travis/build/icyphy/ptII/ptolemy/actor/lib/test/auto/Clock12.xml
4 ms. Memory: 262144K Free: 196510K (75%)
----------------- Invoking toplevel() on ptolemy.moml.MoMLSimpleApplication@34d7773
----------------- Done invoking toplevel() on ptolemy.moml.MoMLSimpleApplication@34d7773
reloadAllAccessors: .Clock12

===========================================================================================
----------------- testing Mon Jun 22 14:49:18 UTC 2020 /home/travis/build/icyphy/ptII/ptolemy/actor/lib/test/auto/Clock13.xml
----------------- Instantiating /home/travis/build/icyphy/ptII/ptolemy/actor/lib/test/auto/Clock13.xml
3 ms. Memory: 262144K Free: 190880K (73%)
----------------- Invoking toplevel() on ptolemy.moml.MoMLSimpleApplication@757de139
----------------- Done invoking toplevel() on ptolemy.moml.MoMLSimpleApplication@757de139
reloadAllAccessors: .Clock13

===========================================================================================
----------------- testing Mon Jun 22 14:49:18 UTC 2020 /home/travis/build/icyphy/ptII/ptolemy/actor/lib/test/auto/Clock14.xml
----------------- Instantiating /home/travis/build/icyphy/ptII/ptolemy/actor/lib/test/auto/Clock14.xml
3 ms. Memory: 262144K Free: 184736K (70%)
----------------- Invoking toplevel() on ptolemy.moml.MoMLSimpleApplication@6ffaafdf
----------------- Done invoking toplevel() on ptolemy.moml.MoMLSimpleApplication@6ffaafdf
reloadAllAccessors: .Clock14

===========================================================================================
----------------- testing Mon Jun 22 14:49:18 UTC 2020 /home/travis/build/icyphy/ptII/ptolemy/actor/lib/test/auto/Clock15.xml
----------------- Instantiating /home/travis/build/icyphy/ptII/ptolemy/actor/lib/test/auto/Clock15.xml
3 ms. Memory: 262144K Free: 179088K (68%)
----------------- Invoking toplevel() on ptolemy.moml.MoMLSimpleApplication@6ce8e075
----------------- Done invoking toplevel() on ptolemy.moml.MoMLSimpleApplication@6ce8e075
reloadAllAccessors: .Clock15

===========================================================================================
----------------- testing Mon Jun 22 14:49:18 UTC 2020 /home/travis/build/icyphy/ptII/ptolemy/actor/lib/test/auto/Clock16.xml
----------------- Instantiating /home/travis/build/icyphy/ptII/ptolemy/actor/lib/test/auto/Clock16.xml
26 ms. Memory: 262144K Free: 164240K (63%)
----------------- Invoking toplevel() on ptolemy.moml.MoMLSimpleApplication@1077cff8
----------------- Done invoking toplevel() on ptolemy.moml.MoMLSimpleApplication@1077cff8
reloadAllAccessors: .Clock16

===========================================================================================
----------------- testing Mon Jun 22 14:49:18 UTC 2020 /home/travis/build/icyphy/ptII/ptolemy/actor/lib/test/auto/Clock17.xml
----------------- Instantiating /home/travis/build/icyphy/ptII/ptolemy/actor/lib/test/auto/Clock17.xml
13 ms. Memory: 262144K Free: 150416K (57%)
----------------- Invoking toplevel() on ptolemy.moml.MoMLSimpleApplication@1af37c0d
----------------- Done invoking toplevel() on ptolemy.moml.MoMLSimpleApplication@1af37c0d
reloadAllAccessors: .Clock17

===========================================================================================
----------------- testing Mon Jun 22 14:49:18 UTC 2020 /home/travis/build/icyphy/ptII/ptolemy/actor/lib/test/auto/Clock18.xml
----------------- Instantiating /home/travis/build/icyphy/ptII/ptolemy/actor/lib/test/auto/Clock18.xml
12 ms. Memory: 262144K Free: 137104K (52%)
----------------- Invoking toplevel() on ptolemy.moml.MoMLSimpleApplication@129947f3
----------------- Done invoking toplevel() on ptolemy.moml.MoMLSimpleApplication@129947f3
reloadAllAccessors: .Clock18

===========================================================================================
----------------- testing Mon Jun 22 14:49:18 UTC 2020 /home/travis/build/icyphy/ptII/ptolemy/actor/lib/test/auto/Clock19.xml
----------------- Instantiating /home/travis/build/icyphy/ptII/ptolemy/actor/lib/test/auto/Clock19.xml
12 ms. Memory: 262144K Free: 123792K (47%)
----------------- Invoking toplevel() on ptolemy.moml.MoMLSimpleApplication@f9290dd
----------------- Done invoking toplevel() on ptolemy.moml.MoMLSimpleApplication@f9290dd
reloadAllAccessors: .Clock19

===========================================================================================
----------------- testing Mon Jun 22 14:49:18 UTC 2020 /home/travis/build/icyphy/ptII/ptolemy/actor/lib/test/auto/Clock2.xml
----------------- Instantiating /home/travis/build/icyphy/ptII/ptolemy/actor/lib/test/auto/Clock2.xml
3 ms. Memory: 262144K Free: 119704K (46%)
----------------- Invoking toplevel() on ptolemy.moml.MoMLSimpleApplication@541162a0
----------------- Done invoking toplevel() on ptolemy.moml.MoMLSimpleApplication@541162a0
reloadAllAccessors: .Clock2

===========================================================================================
----------------- testing Mon Jun 22 14:49:18 UTC 2020 /home/travis/build/icyphy/ptII/ptolemy/actor/lib/test/auto/Clock20.xml
----------------- Instantiating /home/travis/build/icyphy/ptII/ptolemy/actor/lib/test/auto/Clock20.xml
4 ms. Memory: 262144K Free: 114080K (44%)
----------------- Invoking toplevel() on ptolemy.moml.MoMLSimpleApplication@5e9eefec
----------------- Done invoking toplevel() on ptolemy.moml.MoMLSimpleApplication@5e9eefec
reloadAllAccessors: .Clock20

===========================================================================================
----------------- testing Mon Jun 22 14:49:18 UTC 2020 /home/travis/build/icyphy/ptII/ptolemy/actor/lib/test/auto/Clock21.xml
----------------- Instantiating /home/travis/build/icyphy/ptII/ptolemy/actor/lib/test/auto/Clock21.xml
3 ms. Memory: 262144K Free: 108960K (42%)
----------------- Invoking toplevel() on ptolemy.moml.MoMLSimpleApplication@7d66b59f
----------------- Done invoking toplevel() on ptolemy.moml.MoMLSimpleApplication@7d66b59f
reloadAllAccessors: .Clock21

===========================================================================================
----------------- testing Mon Jun 22 14:49:18 UTC 2020 /home/travis/build/icyphy/ptII/ptolemy/actor/lib/test/auto/Clock22.xml
----------------- Instantiating /home/travis/build/icyphy/ptII/ptolemy/actor/lib/test/auto/Clock22.xml
4 ms. Memory: 262144K Free: 103326K (39%)
----------------- Invoking toplevel() on ptolemy.moml.MoMLSimpleApplication@121651b9
----------------- Done invoking toplevel() on ptolemy.moml.MoMLSimpleApplication@121651b9
reloadAllAccessors: .Clock22

===========================================================================================
----------------- testing Mon Jun 22 14:49:18 UTC 2020 /home/travis/build/icyphy/ptII/ptolemy/actor/lib/test/auto/Clock23.xml
----------------- Instantiating /home/travis/build/icyphy/ptII/ptolemy/actor/lib/test/auto/Clock23.xml
4 ms. Memory: 262144K Free: 97696K (37%)
----------------- Invoking toplevel() on ptolemy.moml.MoMLSimpleApplication@138ac3bd
----------------- Done invoking toplevel() on ptolemy.moml.MoMLSimpleApplication@138ac3bd
reloadAllAccessors: .Clock23

===========================================================================================
----------------- testing Mon Jun 22 14:49:18 UTC 2020 /home/travis/build/icyphy/ptII/ptolemy/actor/lib/test/auto/Clock24.xml
----------------- Instantiating /home/travis/build/icyphy/ptII/ptolemy/actor/lib/test/auto/Clock24.xml
4 ms. Memory: 262144K Free: 92576K (35%)
----------------- Invoking toplevel() on ptolemy.moml.MoMLSimpleApplication@36f64869
----------------- Done invoking toplevel() on ptolemy.moml.MoMLSimpleApplication@36f64869
reloadAllAccessors: .Clock24

===========================================================================================
----------------- testing Mon Jun 22 14:49:18 UTC 2020 /home/travis/build/icyphy/ptII/ptolemy/actor/lib/test/auto/Clock4.xml
----------------- Instantiating /home/travis/build/icyphy/ptII/ptolemy/actor/lib/test/auto/Clock4.xml
1 ms. Memory: 262144K Free: 87456K (33%)
----------------- Invoking toplevel() on ptolemy.moml.MoMLSimpleApplication@7a251270
----------------- Done invoking toplevel() on ptolemy.moml.MoMLSimpleApplication@7a251270
reloadAllAccessors: .Clock4

===========================================================================================
----------------- testing Mon Jun 22 14:49:18 UTC 2020 /home/travis/build/icyphy/ptII/ptolemy/actor/lib/test/auto/Clock5.xml
----------------- Instantiating /home/travis/build/icyphy/ptII/ptolemy/actor/lib/test/auto/Clock5.xml
2 ms. Memory: 262144K Free: 82336K (31%)
----------------- Invoking toplevel() on ptolemy.moml.MoMLSimpleApplication@6620bb24
----------------- Done invoking toplevel() on ptolemy.moml.MoMLSimpleApplication@6620bb24
reloadAllAccessors: .Clock5

===========================================================================================
----------------- testing Mon Jun 22 14:49:18 UTC 2020 /home/travis/build/icyphy/ptII/ptolemy/actor/lib/test/auto/Clock6.xml
----------------- Instantiating /home/travis/build/icyphy/ptII/ptolemy/actor/lib/test/auto/Clock6.xml
1 ms. Memory: 262144K Free: 78240K (30%)
----------------- Invoking toplevel() on ptolemy.moml.MoMLSimpleApplication@6ec3fa05
----------------- Done invoking toplevel() on ptolemy.moml.MoMLSimpleApplication@6ec3fa05
reloadAllAccessors: .Clock6

===========================================================================================
----------------- testing Mon Jun 22 14:49:18 UTC 2020 /home/travis/build/icyphy/ptII/ptolemy/actor/lib/test/auto/Clock7.xml
----------------- Instantiating /home/travis/build/icyphy/ptII/ptolemy/actor/lib/test/auto/Clock7.xml
2 ms. Memory: 262144K Free: 73630K (28%)
----------------- Invoking toplevel() on ptolemy.moml.MoMLSimpleApplication@37e2ddc5
----------------- Done invoking toplevel() on ptolemy.moml.MoMLSimpleApplication@37e2ddc5
reloadAllAccessors: .Clock7

===========================================================================================
----------------- testing Mon Jun 22 14:49:18 UTC 2020 /home/travis/build/icyphy/ptII/ptolemy/actor/lib/test/auto/Clock8.xml
----------------- Instantiating /home/travis/build/icyphy/ptII/ptolemy/actor/lib/test/auto/Clock8.xml
2 ms. Memory: 262144K Free: 68000K (26%)
----------------- Invoking toplevel() on ptolemy.moml.MoMLSimpleApplication@1ada29a
----------------- Done invoking toplevel() on ptolemy.moml.MoMLSimpleApplication@1ada29a
reloadAllAccessors: .Clock8

===========================================================================================
----------------- testing Mon Jun 22 14:49:18 UTC 2020 /home/travis/build/icyphy/ptII/ptolemy/actor/lib/test/auto/Clock9.xml
----------------- Instantiating /home/travis/build/icyphy/ptII/ptolemy/actor/lib/test/auto/Clock9.xml
2 ms. Memory: 262144K Free: 62336K (24%)
----------------- Invoking toplevel() on ptolemy.moml.MoMLSimpleApplication@6f9a3590
----------------- Done invoking toplevel() on ptolemy.moml.MoMLSimpleApplication@6f9a3590
reloadAllAccessors: .Clock9

===========================================================================================
----------------- testing Mon Jun 22 14:49:18 UTC 2020 /home/travis/build/icyphy/ptII/ptolemy/actor/lib/test/auto/CommDistDiscard.xml
----------------- Instantiating /home/travis/build/icyphy/ptII/ptolemy/actor/lib/test/auto/CommDistDiscard.xml
5 ms. Memory: 524288K Free: 472783K (90%)
----------------- Invoking toplevel() on ptolemy.moml.MoMLSimpleApplication@50f84183
----------------- Done invoking toplevel() on ptolemy.moml.MoMLSimpleApplication@50f84183
reloadAllAccessors: .CommDistDiscard

===========================================================================================
----------------- testing Mon Jun 22 14:49:18 UTC 2020 /home/travis/build/icyphy/ptII/ptolemy/actor/lib/test/auto/Commutator.xml
----------------- Instantiating /home/travis/build/icyphy/ptII/ptolemy/actor/lib/test/auto/Commutator.xml
2 ms. Memory: 524288K Free: 468177K (89%)
----------------- Invoking toplevel() on ptolemy.moml.MoMLSimpleApplication@149522e7
----------------- Done invoking toplevel() on ptolemy.moml.MoMLSimpleApplication@149522e7
reloadAllAccessors: .Commutator

===========================================================================================
----------------- testing Mon Jun 22 14:49:18 UTC 2020 /home/travis/build/icyphy/ptII/ptolemy/actor/lib/test/auto/Commutator2.xml
----------------- Instantiating /home/travis/build/icyphy/ptII/ptolemy/actor/lib/test/auto/Commutator2.xml
1 ms. Memory: 524288K Free: 463567K (88%)
----------------- Invoking toplevel() on ptolemy.moml.MoMLSimpleApplication@62dbdbeb
----------------- Done invoking toplevel() on ptolemy.moml.MoMLSimpleApplication@62dbdbeb
reloadAllAccessors: .Commutator2

===========================================================================================
----------------- testing Mon Jun 22 14:49:18 UTC 2020 /home/travis/build/icyphy/ptII/ptolemy/actor/lib/test/auto/Commutator3.xml
----------------- Instantiating /home/travis/build/icyphy/ptII/ptolemy/actor/lib/test/auto/Commutator3.xml
1 ms. Memory: 524288K Free: 459471K (88%)
----------------- Invoking toplevel() on ptolemy.moml.MoMLSimpleApplication@36527312
----------------- Done invoking toplevel() on ptolemy.moml.MoMLSimpleApplication@36527312
reloadAllAccessors: .Commutator3

===========================================================================================
----------------- testing Mon Jun 22 14:49:18 UTC 2020 /home/travis/build/icyphy/ptII/ptolemy/actor/lib/test/auto/Compare.xml
----------------- Instantiating /home/travis/build/icyphy/ptII/ptolemy/actor/lib/test/auto/Compare.xml
2 ms. Memory: 524288K Free: 452817K (86%)
----------------- Invoking toplevel() on ptolemy.moml.MoMLSimpleApplication@18f255c5
----------------- Done invoking toplevel() on ptolemy.moml.MoMLSimpleApplication@18f255c5
reloadAllAccessors: .Compare

===========================================================================================
----------------- testing Mon Jun 22 14:49:18 UTC 2020 /home/travis/build/icyphy/ptII/ptolemy/actor/lib/test/auto/CompareDE.xml
----------------- Instantiating /home/travis/build/icyphy/ptII/ptolemy/actor/lib/test/auto/CompareDE.xml
4 ms. Memory: 524288K Free: 445649K (85%)
----------------- Invoking toplevel() on ptolemy.moml.MoMLSimpleApplication@4a386428
----------------- Done invoking toplevel() on ptolemy.moml.MoMLSimpleApplication@4a386428
reloadAllAccessors: .CompareDE

===========================================================================================
----------------- testing Mon Jun 22 14:49:18 UTC 2020 /home/travis/build/icyphy/ptII/ptolemy/actor/lib/test/auto/ComplexDivide.xml
----------------- Instantiating /home/travis/build/icyphy/ptII/ptolemy/actor/lib/test/auto/ComplexDivide.xml
1 ms. Memory: 524288K Free: 442063K (84%)
----------------- Invoking toplevel() on ptolemy.moml.MoMLSimpleApplication@3b5ce2af
----------------- Done invoking toplevel() on ptolemy.moml.MoMLSimpleApplication@3b5ce2af
reloadAllAccessors: .ComplexDivide

===========================================================================================
----------------- testing Mon Jun 22 14:49:18 UTC 2020 /home/travis/build/icyphy/ptII/ptolemy/actor/lib/test/auto/ComputeHistogram.xml
----------------- Instantiating /home/travis/build/icyphy/ptII/ptolemy/actor/lib/test/auto/ComputeHistogram.xml
31 ms. Memory: 524288K Free: 429265K (82%)
----------------- Invoking toplevel() on ptolemy.moml.MoMLSimpleApplication@2a5850f9
----------------- Done invoking toplevel() on ptolemy.moml.MoMLSimpleApplication@2a5850f9
reloadAllAccessors: .ComputeHistogram

===========================================================================================
----------------- testing Mon Jun 22 14:49:18 UTC 2020 /home/travis/build/icyphy/ptII/ptolemy/actor/lib/test/auto/ConfigurationSelect.xml
----------------- Instantiating /home/travis/build/icyphy/ptII/ptolemy/actor/lib/test/auto/ConfigurationSelect.xml
9 ms. Memory: 524288K Free: 423601K (81%)
----------------- Invoking toplevel() on ptolemy.moml.MoMLSimpleApplication@6cb1c57
----------------- Done invoking toplevel() on ptolemy.moml.MoMLSimpleApplication@6cb1c57
reloadAllAccessors: .ConfigurationSelect

===========================================================================================
----------------- testing Mon Jun 22 14:49:18 UTC 2020 /home/travis/build/icyphy/ptII/ptolemy/actor/lib/test/auto/ConfigurationSelect2.xml
----------------- Instantiating /home/travis/build/icyphy/ptII/ptolemy/actor/lib/test/auto/ConfigurationSelect2.xml
2 ms. Memory: 524288K Free: 419025K (80%)
----------------- Invoking toplevel() on ptolemy.moml.MoMLSimpleApplication@12cc36d6
----------------- Done invoking toplevel() on ptolemy.moml.MoMLSimpleApplication@12cc36d6
reloadAllAccessors: .ConfigurationSelect2

===========================================================================================
----------------- testing Mon Jun 22 14:49:19 UTC 2020 /home/travis/build/icyphy/ptII/ptolemy/actor/lib/test/auto/ConfigurationSwitch.xml
----------------- Instantiating /home/travis/build/icyphy/ptII/ptolemy/actor/lib/test/auto/ConfigurationSwitch.xml
7 ms. Memory: 524288K Free: 413391K (79%)
----------------- Invoking toplevel() on ptolemy.moml.MoMLSimpleApplication@5d07fe9d
----------------- Done invoking toplevel() on ptolemy.moml.MoMLSimpleApplication@5d07fe9d
reloadAllAccessors: .ConfigurationSwitch

===========================================================================================
----------------- testing Mon Jun 22 14:49:19 UTC 2020 /home/travis/build/icyphy/ptII/ptolemy/actor/lib/test/auto/ConfigurationSwitch2.xml
----------------- Instantiating /home/travis/build/icyphy/ptII/ptolemy/actor/lib/test/auto/ConfigurationSwitch2.xml
3 ms. Memory: 524288K Free: 408271K (78%)
----------------- Invoking toplevel() on ptolemy.moml.MoMLSimpleApplication@5dcb2426
----------------- Done invoking toplevel() on ptolemy.moml.MoMLSimpleApplication@5dcb2426
reloadAllAccessors: .ConfigurationSwitch2

===========================================================================================
----------------- testing Mon Jun 22 14:49:19 UTC 2020 /home/travis/build/icyphy/ptII/ptolemy/actor/lib/test/auto/ConfigurationSwitchCloningBugWithClassRelationGroup.xml
----------------- Instantiating /home/travis/build/icyphy/ptII/ptolemy/actor/lib/test/auto/ConfigurationSwitchCloningBugWithClassRelationGroup.xml
1 ms. Memory: 524288K Free: 401617K (77%)
----------------- Invoking toplevel() on ptolemy.moml.MoMLSimpleApplication@4dcfde8c
----------------- Done invoking toplevel() on ptolemy.moml.MoMLSimpleApplication@4dcfde8c
reloadAllAccessors: .ConfigurationSwitchCloningBugWithClassRelationGroup

===========================================================================================
----------------- testing Mon Jun 22 14:49:19 UTC 2020 /home/travis/build/icyphy/ptII/ptolemy/actor/lib/test/auto/ConfigurationSwitchSelectSDF.xml
----------------- Instantiating /home/travis/build/icyphy/ptII/ptolemy/actor/lib/test/auto/ConfigurationSwitchSelectSDF.xml
3 ms. Memory: 524288K Free: 395473K (75%)
----------------- Invoking toplevel() on ptolemy.moml.MoMLSimpleApplication@27c74daa
----------------- Done invoking toplevel() on ptolemy.moml.MoMLSimpleApplication@27c74daa
reloadAllAccessors: .ConfigurationSwitchSelectSDF

===========================================================================================
----------------- testing Mon Jun 22 14:49:19 UTC 2020 /home/travis/build/icyphy/ptII/ptolemy/actor/lib/test/auto/ConfigurationSwitchSelectSDF2.xml
----------------- Instantiating /home/travis/build/icyphy/ptII/ptolemy/actor/lib/test/auto/ConfigurationSwitchSelectSDF2.xml
2 ms. Memory: 524288K Free: 390353K (74%)
----------------- Invoking toplevel() on ptolemy.moml.MoMLSimpleApplication@1acaea48
----------------- Done invoking toplevel() on ptolemy.moml.MoMLSimpleApplication@1acaea48
reloadAllAccessors: .ConfigurationSwitchSelectSDF2

===========================================================================================
----------------- testing Mon Jun 22 14:49:19 UTC 2020 /home/travis/build/icyphy/ptII/ptolemy/actor/lib/test/auto/Const.xml
----------------- Instantiating /home/travis/build/icyphy/ptII/ptolemy/actor/lib/test/auto/Const.xml
1 ms. Memory: 524288K Free: 386767K (74%)
----------------- Invoking toplevel() on ptolemy.moml.MoMLSimpleApplication@42927f9d
----------------- Done invoking toplevel() on ptolemy.moml.MoMLSimpleApplication@42927f9d
reloadAllAccessors: .Const

===========================================================================================
----------------- testing Mon Jun 22 14:49:19 UTC 2020 /home/travis/build/icyphy/ptII/ptolemy/actor/lib/test/auto/Const2.xml
----------------- Instantiating /home/travis/build/icyphy/ptII/ptolemy/actor/lib/test/auto/Const2.xml
1 ms. Memory: 524288K Free: 383185K (73%)
----------------- Invoking toplevel() on ptolemy.moml.MoMLSimpleApplication@56dbb75e
----------------- Done invoking toplevel() on ptolemy.moml.MoMLSimpleApplication@56dbb75e
reloadAllAccessors: .Const2

===========================================================================================
----------------- testing Mon Jun 22 14:49:19 UTC 2020 /home/travis/build/icyphy/ptII/ptolemy/actor/lib/test/auto/Const3.xml
----------------- Instantiating /home/travis/build/icyphy/ptII/ptolemy/actor/lib/test/auto/Const3.xml
1 ms. Memory: 524288K Free: 380113K (73%)
----------------- Invoking toplevel() on ptolemy.moml.MoMLSimpleApplication@253f34b3
----------------- Done invoking toplevel() on ptolemy.moml.MoMLSimpleApplication@253f34b3
reloadAllAccessors: .Const3

===========================================================================================
----------------- testing Mon Jun 22 14:49:19 UTC 2020 /home/travis/build/icyphy/ptII/ptolemy/actor/lib/test/auto/ConstantPublisherPort1.xml
----------------- Instantiating /home/travis/build/icyphy/ptII/ptolemy/actor/lib/test/auto/ConstantPublisherPort1.xml
6 ms. Memory: 524288K Free: 371407K (71%)
----------------- Invoking toplevel() on ptolemy.moml.MoMLSimpleApplication@290ad6e5
----------------- Done invoking toplevel() on ptolemy.moml.MoMLSimpleApplication@290ad6e5
reloadAllAccessors: .ConstantPublisherPort1

===========================================================================================
----------------- testing Mon Jun 22 14:49:19 UTC 2020 /home/travis/build/icyphy/ptII/ptolemy/actor/lib/test/auto/ConstantPublisherPort2.xml
----------------- Instantiating /home/travis/build/icyphy/ptII/ptolemy/actor/lib/test/auto/ConstantPublisherPort2.xml
10 ms. Memory: 524288K Free: 364239K (69%)
----------------- Invoking toplevel() on ptolemy.moml.MoMLSimpleApplication@1b500b2
----------------- Done invoking toplevel() on ptolemy.moml.MoMLSimpleApplication@1b500b2
reloadAllAccessors: .ConstantPublisherPort2

===========================================================================================
----------------- testing Mon Jun 22 14:49:19 UTC 2020 /home/travis/build/icyphy/ptII/ptolemy/actor/lib/test/auto/ConstantPublisherPort3.xml
----------------- Instantiating /home/travis/build/icyphy/ptII/ptolemy/actor/lib/test/auto/ConstantPublisherPort3.xml
5 ms. Memory: 524288K Free: 356561K (68%)
----------------- Invoking toplevel() on ptolemy.moml.MoMLSimpleApplication@35996b0c
----------------- Done invoking toplevel() on ptolemy.moml.MoMLSimpleApplication@35996b0c
reloadAllAccessors: .ConstantPublisherPort3

===========================================================================================
----------------- testing Mon Jun 22 14:49:19 UTC 2020 /home/travis/build/icyphy/ptII/ptolemy/actor/lib/test/auto/ConstantPublisherPort4.xml
----------------- Instantiating /home/travis/build/icyphy/ptII/ptolemy/actor/lib/test/auto/ConstantPublisherPort4.xml
4 ms. Memory: 524288K Free: 349393K (67%)
----------------- Invoking toplevel() on ptolemy.moml.MoMLSimpleApplication@3ea75ba2
----------------- Done invoking toplevel() on ptolemy.moml.MoMLSimpleApplication@3ea75ba2
reloadAllAccessors: .ConstantPublisherPort4

===========================================================================================
----------------- testing Mon Jun 22 14:49:19 UTC 2020 /home/travis/build/icyphy/ptII/ptolemy/actor/lib/test/auto/ConstantPublisherPort5.xml
----------------- Instantiating /home/travis/build/icyphy/ptII/ptolemy/actor/lib/test/auto/ConstantPublisherPort5.xml
27 ms. Memory: 524288K Free: 340177K (65%)
----------------- Invoking toplevel() on ptolemy.moml.MoMLSimpleApplication@79191540
----------------- Done invoking toplevel() on ptolemy.moml.MoMLSimpleApplication@79191540
reloadAllAccessors: .ConstantPublisherPort5

===========================================================================================
----------------- testing Mon Jun 22 14:49:19 UTC 2020 /home/travis/build/icyphy/ptII/ptolemy/actor/lib/test/auto/ConstantPublisherPort6.xml
----------------- Instantiating /home/travis/build/icyphy/ptII/ptolemy/actor/lib/test/auto/ConstantPublisherPort6.xml
15 ms. Memory: 524288K Free: 330961K (63%)
----------------- Invoking toplevel() on ptolemy.moml.MoMLSimpleApplication@677cf626
----------------- Done invoking toplevel() on ptolemy.moml.MoMLSimpleApplication@677cf626
reloadAllAccessors: .ConstantPublisherPort6

===========================================================================================
----------------- testing Mon Jun 22 14:49:19 UTC 2020 /home/travis/build/icyphy/ptII/ptolemy/actor/lib/test/auto/ConstantPublisherPort7.xml
----------------- Instantiating /home/travis/build/icyphy/ptII/ptolemy/actor/lib/test/auto/ConstantPublisherPort7.xml
14 ms. Memory: 524288K Free: 321745K (61%)
----------------- Invoking toplevel() on ptolemy.moml.MoMLSimpleApplication@38d000d0
----------------- Done invoking toplevel() on ptolemy.moml.MoMLSimpleApplication@38d000d0
reloadAllAccessors: .ConstantPublisherPort7

===========================================================================================
----------------- testing Mon Jun 22 14:49:19 UTC 2020 /home/travis/build/icyphy/ptII/ptolemy/actor/lib/test/auto/ConstraintMonitor1.xml
----------------- Instantiating /home/travis/build/icyphy/ptII/ptolemy/actor/lib/test/auto/ConstraintMonitor1.xml
6 ms. Memory: 524288K Free: 316625K (60%)
----------------- Invoking toplevel() on ptolemy.moml.MoMLSimpleApplication@473f428c
----------------- Done invoking toplevel() on ptolemy.moml.MoMLSimpleApplication@473f428c
reloadAllAccessors: .ConstraintMonitor1

===========================================================================================
----------------- testing Mon Jun 22 14:49:19 UTC 2020 /home/travis/build/icyphy/ptII/ptolemy/actor/lib/test/auto/ConstraintMonitor2.xml
----------------- Instantiating /home/travis/build/icyphy/ptII/ptolemy/actor/lib/test/auto/ConstraintMonitor2.xml
3 ms. Memory: 524288K Free: 311505K (59%)
----------------- Invoking toplevel() on ptolemy.moml.MoMLSimpleApplication@4bfd3fe0
----------------- Done invoking toplevel() on ptolemy.moml.MoMLSimpleApplication@4bfd3fe0
reloadAllAccessors: .ConstraintMonitor2

===========================================================================================
----------------- testing Mon Jun 22 14:49:19 UTC 2020 /home/travis/build/icyphy/ptII/ptolemy/actor/lib/test/auto/ConstraintMonitor3.xml
----------------- Instantiating /home/travis/build/icyphy/ptII/ptolemy/actor/lib/test/auto/ConstraintMonitor3.xml
7 ms. Memory: 524288K Free: 306895K (59%)
----------------- Invoking toplevel() on ptolemy.moml.MoMLSimpleApplication@7ac183da
----------------- Done invoking toplevel() on ptolemy.moml.MoMLSimpleApplication@7ac183da
reloadAllAccessors: .ConstraintMonitor3

===========================================================================================
----------------- testing Mon Jun 22 14:49:19 UTC 2020 /home/travis/build/icyphy/ptII/ptolemy/actor/lib/test/auto/ConstraintMonitor4.xml
----------------- Instantiating /home/travis/build/icyphy/ptII/ptolemy/actor/lib/test/auto/ConstraintMonitor4.xml
4 ms. Memory: 524288K Free: 302289K (58%)
----------------- Invoking toplevel() on ptolemy.moml.MoMLSimpleApplication@19f17bcc
----------------- Done invoking toplevel() on ptolemy.moml.MoMLSimpleApplication@19f17bcc
reloadAllAccessors: .ConstraintMonitor4

===========================================================================================
----------------- testing Mon Jun 22 14:49:19 UTC 2020 /home/travis/build/icyphy/ptII/ptolemy/actor/lib/test/auto/ConstraintMonitor5.xml
----------------- Instantiating /home/travis/build/icyphy/ptII/ptolemy/actor/lib/test/auto/ConstraintMonitor5.xml
2 ms. Memory: 524288K Free: 296655K (57%)
----------------- Invoking toplevel() on ptolemy.moml.MoMLSimpleApplication@1174628e
----------------- Done invoking toplevel() on ptolemy.moml.MoMLSimpleApplication@1174628e
reloadAllAccessors: .ConstraintMonitor5

===========================================================================================
----------------- testing Mon Jun 22 14:49:19 UTC 2020 /home/travis/build/icyphy/ptII/ptolemy/actor/lib/test/auto/ConstraintMonitor6.xml
----------------- Instantiating /home/travis/build/icyphy/ptII/ptolemy/actor/lib/test/auto/ConstraintMonitor6.xml
8 ms. Memory: 524288K Free: 290505K (55%)
----------------- Invoking toplevel() on ptolemy.moml.MoMLSimpleApplication@7f91f9b6
----------------- Done invoking toplevel() on ptolemy.moml.MoMLSimpleApplication@7f91f9b6
reloadAllAccessors: .ConstraintMonitor6

===========================================================================================
----------------- testing Mon Jun 22 14:49:19 UTC 2020 /home/travis/build/icyphy/ptII/ptolemy/actor/lib/test/auto/ConstraintMonitor7.xml
----------------- Instantiating /home/travis/build/icyphy/ptII/ptolemy/actor/lib/test/auto/ConstraintMonitor7.xml
7 ms. Memory: 524288K Free: 284881K (54%)
----------------- Invoking toplevel() on ptolemy.moml.MoMLSimpleApplication@2b74c594
----------------- Done invoking toplevel() on ptolemy.moml.MoMLSimpleApplication@2b74c594
reloadAllAccessors: .ConstraintMonitor7

===========================================================================================
----------------- testing Mon Jun 22 14:49:19 UTC 2020 /home/travis/build/icyphy/ptII/ptolemy/actor/lib/test/auto/ConstraintMonitor8.xml
----------------- Instantiating /home/travis/build/icyphy/ptII/ptolemy/actor/lib/test/auto/ConstraintMonitor8.xml
3 ms. Memory: 524288K Free: 277193K (53%)
----------------- Invoking toplevel() on ptolemy.moml.MoMLSimpleApplication@481c7563
----------------- Done invoking toplevel() on ptolemy.moml.MoMLSimpleApplication@481c7563
reloadAllAccessors: .ConstraintMonitor8

===========================================================================================
----------------- testing Mon Jun 22 14:49:19 UTC 2020 /home/travis/build/icyphy/ptII/ptolemy/actor/lib/test/auto/Counter.xml
----------------- Instantiating /home/travis/build/icyphy/ptII/ptolemy/actor/lib/test/auto/Counter.xml
3 ms. Memory: 524288K Free: 272079K (52%)
----------------- Invoking toplevel() on ptolemy.moml.MoMLSimpleApplication@69142128
----------------- Done invoking toplevel() on ptolemy.moml.MoMLSimpleApplication@69142128
reloadAllAccessors: .Counter

===========================================================================================
----------------- testing Mon Jun 22 14:49:19 UTC 2020 /home/travis/build/icyphy/ptII/ptolemy/actor/lib/test/auto/CurrentTimeSDF.xml
----------------- Instantiating /home/travis/build/icyphy/ptII/ptolemy/actor/lib/test/auto/CurrentTimeSDF.xml
2 ms. Memory: 524288K Free: 268497K (51%)
----------------- Invoking toplevel() on ptolemy.moml.MoMLSimpleApplication@45915418
----------------- Done invoking toplevel() on ptolemy.moml.MoMLSimpleApplication@45915418
reloadAllAccessors: .CurrentTimeSDF

===========================================================================================
----------------- testing Mon Jun 22 14:49:19 UTC 2020 /home/travis/build/icyphy/ptII/ptolemy/actor/lib/test/auto/DB.xml
----------------- Instantiating /home/travis/build/icyphy/ptII/ptolemy/actor/lib/test/auto/DB.xml
1 ms. Memory: 524288K Free: 263377K (50%)
----------------- Invoking toplevel() on ptolemy.moml.MoMLSimpleApplication@4d9435f5
----------------- Done invoking toplevel() on ptolemy.moml.MoMLSimpleApplication@4d9435f5
reloadAllAccessors: .DB

===========================================================================================
----------------- testing Mon Jun 22 14:49:19 UTC 2020 /home/travis/build/icyphy/ptII/ptolemy/actor/lib/test/auto/DBDE.xml
----------------- Instantiating /home/travis/build/icyphy/ptII/ptolemy/actor/lib/test/auto/DBDE.xml
3 ms. Memory: 524288K Free: 257233K (49%)
----------------- Invoking toplevel() on ptolemy.moml.MoMLSimpleApplication@5298d8f5
----------------- Done invoking toplevel() on ptolemy.moml.MoMLSimpleApplication@5298d8f5
reloadAllAccessors: .DBDE

===========================================================================================
----------------- testing Mon Jun 22 14:49:19 UTC 2020 /home/travis/build/icyphy/ptII/ptolemy/actor/lib/test/auto/DateConstructor.xml
----------------- Instantiating /home/travis/build/icyphy/ptII/ptolemy/actor/lib/test/auto/DateConstructor.xml
27 ms. Memory: 524288K Free: 239311K (46%)
----------------- Invoking toplevel() on ptolemy.moml.MoMLSimpleApplication@6015ec49
----------------- Done invoking toplevel() on ptolemy.moml.MoMLSimpleApplication@6015ec49
reloadAllAccessors: .DateConstructor

===========================================================================================
----------------- testing Mon Jun 22 14:49:19 UTC 2020 /home/travis/build/icyphy/ptII/ptolemy/actor/lib/test/auto/DelayTime.xml
----------------- Instantiating /home/travis/build/icyphy/ptII/ptolemy/actor/lib/test/auto/DelayTime.xml
4 ms. Memory: 524288K Free: 234705K (45%)
----------------- Invoking toplevel() on ptolemy.moml.MoMLSimpleApplication@75171ab5
----------------- Done invoking toplevel() on ptolemy.moml.MoMLSimpleApplication@75171ab5
reloadAllAccessors: .DelayTime

===========================================================================================
----------------- testing Mon Jun 22 14:49:19 UTC 2020 /home/travis/build/icyphy/ptII/ptolemy/actor/lib/test/auto/Dictionary1.xml
----------------- Instantiating /home/travis/build/icyphy/ptII/ptolemy/actor/lib/test/auto/Dictionary1.xml
2 ms. Memory: 524288K Free: 229071K (44%)
----------------- Invoking toplevel() on ptolemy.moml.MoMLSimpleApplication@4d01609e
----------------- Done invoking toplevel() on ptolemy.moml.MoMLSimpleApplication@4d01609e
reloadAllAccessors: .Dictionary1

===========================================================================================
----------------- testing Mon Jun 22 14:49:19 UTC 2020 /home/travis/build/icyphy/ptII/ptolemy/actor/lib/test/auto/Dictionary2.xml
----------------- Instantiating /home/travis/build/icyphy/ptII/ptolemy/actor/lib/test/auto/Dictionary2.xml
2 ms. Memory: 524288K Free: 223441K (43%)
----------------- Invoking toplevel() on ptolemy.moml.MoMLSimpleApplication@ea466b1
----------------- Done invoking toplevel() on ptolemy.moml.MoMLSimpleApplication@ea466b1
reloadAllAccessors: .Dictionary2

===========================================================================================
----------------- testing Mon Jun 22 14:49:19 UTC 2020 /home/travis/build/icyphy/ptII/ptolemy/actor/lib/test/auto/Dictionary3.xml
----------------- Instantiating /home/travis/build/icyphy/ptII/ptolemy/actor/lib/test/auto/Dictionary3.xml
1 ms. Memory: 524288K Free: 218321K (42%)
----------------- Invoking toplevel() on ptolemy.moml.MoMLSimpleApplication@60cb150
----------------- Done invoking toplevel() on ptolemy.moml.MoMLSimpleApplication@60cb150
reloadAllAccessors: .Dictionary3

===========================================================================================
----------------- testing Mon Jun 22 14:49:19 UTC 2020 /home/travis/build/icyphy/ptII/ptolemy/actor/lib/test/auto/Dictionary4.xml
----------------- Instantiating /home/travis/build/icyphy/ptII/ptolemy/actor/lib/test/auto/Dictionary4.xml
3 ms. Memory: 524288K Free: 211153K (40%)
----------------- Invoking toplevel() on ptolemy.moml.MoMLSimpleApplication@7f3c36a2
----------------- Done invoking toplevel() on ptolemy.moml.MoMLSimpleApplication@7f3c36a2
reloadAllAccessors: .Dictionary4

===========================================================================================
----------------- testing Mon Jun 22 14:49:19 UTC 2020 /home/travis/build/icyphy/ptII/ptolemy/actor/lib/test/auto/Differential.xml
----------------- Instantiating /home/travis/build/icyphy/ptII/ptolemy/actor/lib/test/auto/Differential.xml
1 ms. Memory: 524288K Free: 206543K (39%)
----------------- Invoking toplevel() on ptolemy.moml.MoMLSimpleApplication@34dcaf81
----------------- Done invoking toplevel() on ptolemy.moml.MoMLSimpleApplication@34dcaf81
reloadAllAccessors: .Differential

===========================================================================================
----------------- testing Mon Jun 22 14:49:19 UTC 2020 /home/travis/build/icyphy/ptII/ptolemy/actor/lib/test/auto/Director.xml
----------------- Instantiating /home/travis/build/icyphy/ptII/ptolemy/actor/lib/test/auto/Director.xml
3 ms. Memory: 524288K Free: 203471K (39%)
----------------- Invoking toplevel() on ptolemy.moml.MoMLSimpleApplication@7c497d6b
----------------- Done invoking toplevel() on ptolemy.moml.MoMLSimpleApplication@7c497d6b
reloadAllAccessors: .Director

===========================================================================================
----------------- testing Mon Jun 22 14:49:19 UTC 2020 /home/travis/build/icyphy/ptII/ptolemy/actor/lib/test/auto/DiscreteClock.xml
----------------- Instantiating /home/travis/build/icyphy/ptII/ptolemy/actor/lib/test/auto/DiscreteClock.xml
0 ms. Memory: 524288K Free: 199375K (38%)
----------------- Invoking toplevel() on ptolemy.moml.MoMLSimpleApplication@405e39ad
----------------- Done invoking toplevel() on ptolemy.moml.MoMLSimpleApplication@405e39ad
reloadAllAccessors: .DiscreteClock

===========================================================================================
----------------- testing Mon Jun 22 14:49:19 UTC 2020 /home/travis/build/icyphy/ptII/ptolemy/actor/lib/test/auto/DiscreteClock10.xml
----------------- Instantiating /home/travis/build/icyphy/ptII/ptolemy/actor/lib/test/auto/DiscreteClock10.xml
3 ms. Memory: 524288K Free: 193231K (37%)
----------------- Invoking toplevel() on ptolemy.moml.MoMLSimpleApplication@143009ab
----------------- Done invoking toplevel() on ptolemy.moml.MoMLSimpleApplication@143009ab
reloadAllAccessors: .DiscreteClock10

===========================================================================================
----------------- testing Mon Jun 22 14:49:19 UTC 2020 /home/travis/build/icyphy/ptII/ptolemy/actor/lib/test/auto/DiscreteClock11.xml
----------------- Instantiating /home/travis/build/icyphy/ptII/ptolemy/actor/lib/test/auto/DiscreteClock11.xml
2 ms. Memory: 524288K Free: 187087K (36%)
----------------- Invoking toplevel() on ptolemy.moml.MoMLSimpleApplication@1e2b4dc4
----------------- Done invoking toplevel() on ptolemy.moml.MoMLSimpleApplication@1e2b4dc4
reloadAllAccessors: .DiscreteClock11

===========================================================================================
----------------- testing Mon Jun 22 14:49:19 UTC 2020 /home/travis/build/icyphy/ptII/ptolemy/actor/lib/test/auto/DiscreteClock12.xml
----------------- Instantiating /home/travis/build/icyphy/ptII/ptolemy/actor/lib/test/auto/DiscreteClock12.xml
2 ms. Memory: 524288K Free: 181457K (35%)
----------------- Invoking toplevel() on ptolemy.moml.MoMLSimpleApplication@76c38dc
----------------- Done invoking toplevel() on ptolemy.moml.MoMLSimpleApplication@76c38dc
reloadAllAccessors: .DiscreteClock12

===========================================================================================
----------------- testing Mon Jun 22 14:49:19 UTC 2020 /home/travis/build/icyphy/ptII/ptolemy/actor/lib/test/auto/DiscreteClock13.xml
----------------- Instantiating /home/travis/build/icyphy/ptII/ptolemy/actor/lib/test/auto/DiscreteClock13.xml
4 ms. Memory: 524288K Free: 175313K (33%)
----------------- Invoking toplevel() on ptolemy.moml.MoMLSimpleApplication@56af6b08
----------------- Done invoking toplevel() on ptolemy.moml.MoMLSimpleApplication@56af6b08
reloadAllAccessors: .DiscreteClock13

===========================================================================================
----------------- testing Mon Jun 22 14:49:19 UTC 2020 /home/travis/build/icyphy/ptII/ptolemy/actor/lib/test/auto/DiscreteClock14.xml
----------------- Instantiating /home/travis/build/icyphy/ptII/ptolemy/actor/lib/test/auto/DiscreteClock14.xml
4 ms. Memory: 524288K Free: 471040K (90%)
----------------- Invoking toplevel() on ptolemy.moml.MoMLSimpleApplication@55d30fe8
----------------- Done invoking toplevel() on ptolemy.moml.MoMLSimpleApplication@55d30fe8
reloadAllAccessors: .DiscreteClock14

===========================================================================================
----------------- testing Mon Jun 22 14:49:19 UTC 2020 /home/travis/build/icyphy/ptII/ptolemy/actor/lib/test/auto/DiscreteClock15.xml
----------------- Instantiating /home/travis/build/icyphy/ptII/ptolemy/actor/lib/test/auto/DiscreteClock15.xml
2 ms. Memory: 524288K Free: 464896K (89%)
----------------- Invoking toplevel() on ptolemy.moml.MoMLSimpleApplication@950c2b0
----------------- Done invoking toplevel() on ptolemy.moml.MoMLSimpleApplication@950c2b0
reloadAllAccessors: .DiscreteClock15

===========================================================================================
----------------- testing Mon Jun 22 14:49:19 UTC 2020 /home/travis/build/icyphy/ptII/ptolemy/actor/lib/test/auto/DiscreteClock16.xml
----------------- Instantiating /home/travis/build/icyphy/ptII/ptolemy/actor/lib/test/auto/DiscreteClock16.xml
18 ms. Memory: 524288K Free: 451039K (86%)
----------------- Invoking toplevel() on ptolemy.moml.MoMLSimpleApplication@1ad57404
----------------- Done invoking toplevel() on ptolemy.moml.MoMLSimpleApplication@1ad57404
reloadAllAccessors: .DiscreteClock16

===========================================================================================
----------------- testing Mon Jun 22 14:49:20 UTC 2020 /home/travis/build/icyphy/ptII/ptolemy/actor/lib/test/auto/DiscreteClock17.xml
----------------- Instantiating /home/travis/build/icyphy/ptII/ptolemy/actor/lib/test/auto/DiscreteClock17.xml
17 ms. Memory: 524288K Free: 436719K (83%)
----------------- Invoking toplevel() on ptolemy.moml.MoMLSimpleApplication@507dd387
----------------- Done invoking toplevel() on ptolemy.moml.MoMLSimpleApplication@507dd387
reloadAllAccessors: .DiscreteClock17

===========================================================================================
----------------- testing Mon Jun 22 14:49:20 UTC 2020 /home/travis/build/icyphy/ptII/ptolemy/actor/lib/test/auto/DiscreteClock18.xml
----------------- Instantiating /home/travis/build/icyphy/ptII/ptolemy/actor/lib/test/auto/DiscreteClock18.xml
23 ms. Memory: 524288K Free: 423936K (81%)
----------------- Invoking toplevel() on ptolemy.moml.MoMLSimpleApplication@306e0f4b
----------------- Done invoking toplevel() on ptolemy.moml.MoMLSimpleApplication@306e0f4b
reloadAllAccessors: .DiscreteClock18

===========================================================================================
----------------- testing Mon Jun 22 14:49:20 UTC 2020 /home/travis/build/icyphy/ptII/ptolemy/actor/lib/test/auto/DiscreteClock19.xml
----------------- Instantiating /home/travis/build/icyphy/ptII/ptolemy/actor/lib/test/auto/DiscreteClock19.xml
9 ms. Memory: 524288K Free: 410110K (78%)
----------------- Invoking toplevel() on ptolemy.moml.MoMLSimpleApplication@742b7910
----------------- Done invoking toplevel() on ptolemy.moml.MoMLSimpleApplication@742b7910
reloadAllAccessors: .DiscreteClock19

===========================================================================================
----------------- testing Mon Jun 22 14:49:20 UTC 2020 /home/travis/build/icyphy/ptII/ptolemy/actor/lib/test/auto/DiscreteClock2.xml
----------------- Instantiating /home/travis/build/icyphy/ptII/ptolemy/actor/lib/test/auto/DiscreteClock2.xml
8 ms. Memory: 524288K Free: 404975K (77%)
----------------- Invoking toplevel() on ptolemy.moml.MoMLSimpleApplication@6672d4b8
----------------- Done invoking toplevel() on ptolemy.moml.MoMLSimpleApplication@6672d4b8
reloadAllAccessors: .DiscreteClock2

===========================================================================================
----------------- testing Mon Jun 22 14:49:20 UTC 2020 /home/travis/build/icyphy/ptII/ptolemy/actor/lib/test/auto/DiscreteClock20.xml
----------------- Instantiating /home/travis/build/icyphy/ptII/ptolemy/actor/lib/test/auto/DiscreteClock20.xml
5 ms. Memory: 524288K Free: 399870K (76%)
----------------- Invoking toplevel() on ptolemy.moml.MoMLSimpleApplication@4c11f6ed
----------------- Done invoking toplevel() on ptolemy.moml.MoMLSimpleApplication@4c11f6ed
reloadAllAccessors: .DiscreteClock20

===========================================================================================
----------------- testing Mon Jun 22 14:49:20 UTC 2020 /home/travis/build/icyphy/ptII/ptolemy/actor/lib/test/auto/DiscreteClock21.xml
----------------- Instantiating /home/travis/build/icyphy/ptII/ptolemy/actor/lib/test/auto/DiscreteClock21.xml
4 ms. Memory: 524288K Free: 394240K (75%)
----------------- Invoking toplevel() on ptolemy.moml.MoMLSimpleApplication@398ad115
----------------- Done invoking toplevel() on ptolemy.moml.MoMLSimpleApplication@398ad115
reloadAllAccessors: .DiscreteClock21

===========================================================================================
----------------- testing Mon Jun 22 14:49:20 UTC 2020 /home/travis/build/icyphy/ptII/ptolemy/actor/lib/test/auto/DiscreteClock22.xml
----------------- Instantiating /home/travis/build/icyphy/ptII/ptolemy/actor/lib/test/auto/DiscreteClock22.xml
4 ms. Memory: 524288K Free: 388606K (74%)
----------------- Invoking toplevel() on ptolemy.moml.MoMLSimpleApplication@3796b038
----------------- Done invoking toplevel() on ptolemy.moml.MoMLSimpleApplication@3796b038
reloadAllAccessors: .DiscreteClock22

===========================================================================================
----------------- testing Mon Jun 22 14:49:20 UTC 2020 /home/travis/build/icyphy/ptII/ptolemy/actor/lib/test/auto/DiscreteClock23.xml
----------------- Instantiating /home/travis/build/icyphy/ptII/ptolemy/actor/lib/test/auto/DiscreteClock23.xml
8 ms. Memory: 524288K Free: 382976K (73%)
----------------- Invoking toplevel() on ptolemy.moml.MoMLSimpleApplication@26821e66
----------------- Done invoking toplevel() on ptolemy.moml.MoMLSimpleApplication@26821e66
reloadAllAccessors: .DiscreteClock23

===========================================================================================
----------------- testing Mon Jun 22 14:49:20 UTC 2020 /home/travis/build/icyphy/ptII/ptolemy/actor/lib/test/auto/DiscreteClock24.xml
----------------- Instantiating /home/travis/build/icyphy/ptII/ptolemy/actor/lib/test/auto/DiscreteClock24.xml
3 ms. Memory: 524288K Free: 377856K (72%)
----------------- Invoking toplevel() on ptolemy.moml.MoMLSimpleApplication@2545a046
----------------- Done invoking toplevel() on ptolemy.moml.MoMLSimpleApplication@2545a046
reloadAllAccessors: .DiscreteClock24

===========================================================================================
----------------- testing Mon Jun 22 14:49:20 UTC 2020 /home/travis/build/icyphy/ptII/ptolemy/actor/lib/test/auto/DiscreteClock4.xml
----------------- Instantiating /home/travis/build/icyphy/ptII/ptolemy/actor/lib/test/auto/DiscreteClock4.xml
3 ms. Memory: 524288K Free: 372222K (71%)
----------------- Invoking toplevel() on ptolemy.moml.MoMLSimpleApplication@16824d62
----------------- Done invoking toplevel() on ptolemy.moml.MoMLSimpleApplication@16824d62
reloadAllAccessors: .DiscreteClock4

===========================================================================================
----------------- testing Mon Jun 22 14:49:20 UTC 2020 /home/travis/build/icyphy/ptII/ptolemy/actor/lib/test/auto/DiscreteClock5.xml
----------------- Instantiating /home/travis/build/icyphy/ptII/ptolemy/actor/lib/test/auto/DiscreteClock5.xml
1 ms. Memory: 524288K Free: 366592K (70%)
----------------- Invoking toplevel() on ptolemy.moml.MoMLSimpleApplication@4000ddc
----------------- Done invoking toplevel() on ptolemy.moml.MoMLSimpleApplication@4000ddc
reloadAllAccessors: .DiscreteClock5

===========================================================================================
----------------- testing Mon Jun 22 14:49:20 UTC 2020 /home/travis/build/icyphy/ptII/ptolemy/actor/lib/test/auto/DiscreteClock6.xml
----------------- Instantiating /home/travis/build/icyphy/ptII/ptolemy/actor/lib/test/auto/DiscreteClock6.xml
1 ms. Memory: 524288K Free: 363006K (69%)
----------------- Invoking toplevel() on ptolemy.moml.MoMLSimpleApplication@3620786b
----------------- Done invoking toplevel() on ptolemy.moml.MoMLSimpleApplication@3620786b
reloadAllAccessors: .DiscreteClock6

===========================================================================================
----------------- testing Mon Jun 22 14:49:20 UTC 2020 /home/travis/build/icyphy/ptII/ptolemy/actor/lib/test/auto/DiscreteClock7.xml
----------------- Instantiating /home/travis/build/icyphy/ptII/ptolemy/actor/lib/test/auto/DiscreteClock7.xml
2 ms. Memory: 524288K Free: 357886K (68%)
----------------- Invoking toplevel() on ptolemy.moml.MoMLSimpleApplication@6826a305
----------------- Done invoking toplevel() on ptolemy.moml.MoMLSimpleApplication@6826a305
reloadAllAccessors: .DiscreteClock7

===========================================================================================
----------------- testing Mon Jun 22 14:49:20 UTC 2020 /home/travis/build/icyphy/ptII/ptolemy/actor/lib/test/auto/DiscreteClock8.xml
----------------- Instantiating /home/travis/build/icyphy/ptII/ptolemy/actor/lib/test/auto/DiscreteClock8.xml
2 ms. Memory: 524288K Free: 352254K (67%)
----------------- Invoking toplevel() on ptolemy.moml.MoMLSimpleApplication@7fa9a989
----------------- Done invoking toplevel() on ptolemy.moml.MoMLSimpleApplication@7fa9a989
reloadAllAccessors: .DiscreteClock8

===========================================================================================
----------------- testing Mon Jun 22 14:49:20 UTC 2020 /home/travis/build/icyphy/ptII/ptolemy/actor/lib/test/auto/DiscreteClock9.xml
----------------- Instantiating /home/travis/build/icyphy/ptII/ptolemy/actor/lib/test/auto/DiscreteClock9.xml
4 ms. Memory: 524288K Free: 346615K (66%)
----------------- Invoking toplevel() on ptolemy.moml.MoMLSimpleApplication@55bc30c1
----------------- Done invoking toplevel() on ptolemy.moml.MoMLSimpleApplication@55bc30c1
reloadAllAccessors: .DiscreteClock9

===========================================================================================
----------------- testing Mon Jun 22 14:49:20 UTC 2020 /home/travis/build/icyphy/ptII/ptolemy/actor/lib/test/auto/DisplayArray.xml
----------------- Instantiating /home/travis/build/icyphy/ptII/ptolemy/actor/lib/test/auto/DisplayArray.xml
1 ms. Memory: 524288K Free: 343550K (66%)
----------------- Invoking toplevel() on ptolemy.moml.MoMLSimpleApplication@58b5a7a3
----------------- Done invoking toplevel() on ptolemy.moml.MoMLSimpleApplication@58b5a7a3
reloadAllAccessors: .DisplayArray

===========================================================================================
----------------- testing Mon Jun 22 14:49:20 UTC 2020 /home/travis/build/icyphy/ptII/ptolemy/actor/lib/test/auto/Distributor.xml
----------------- Instantiating /home/travis/build/icyphy/ptII/ptolemy/actor/lib/test/auto/Distributor.xml
1 ms. Memory: 524288K Free: 338430K (65%)
----------------- Invoking toplevel() on ptolemy.moml.MoMLSimpleApplication@622508fa
----------------- Done invoking toplevel() on ptolemy.moml.MoMLSimpleApplication@622508fa
reloadAllAccessors: .Distributor

===========================================================================================
----------------- testing Mon Jun 22 14:49:20 UTC 2020 /home/travis/build/icyphy/ptII/ptolemy/actor/lib/test/auto/Distributor2.xml
----------------- Instantiating /home/travis/build/icyphy/ptII/ptolemy/actor/lib/test/auto/Distributor2.xml
2 ms. Memory: 524288K Free: 333310K (64%)
----------------- Invoking toplevel() on ptolemy.moml.MoMLSimpleApplication@752641eb
----------------- Done invoking toplevel() on ptolemy.moml.MoMLSimpleApplication@752641eb
reloadAllAccessors: .Distributor2

===========================================================================================
----------------- testing Mon Jun 22 14:49:20 UTC 2020 /home/travis/build/icyphy/ptII/ptolemy/actor/lib/test/auto/DownSample.xml
----------------- Instantiating /home/travis/build/icyphy/ptII/ptolemy/actor/lib/test/auto/DownSample.xml
1 ms. Memory: 524288K Free: 328704K (63%)
----------------- Invoking toplevel() on ptolemy.moml.MoMLSimpleApplication@65e7762e
----------------- Done invoking toplevel() on ptolemy.moml.MoMLSimpleApplication@65e7762e
reloadAllAccessors: .DownSample

===========================================================================================
----------------- testing Mon Jun 22 14:49:20 UTC 2020 /home/travis/build/icyphy/ptII/ptolemy/actor/lib/test/auto/ElectronicUnitBase1.xml
----------------- Instantiating /home/travis/build/icyphy/ptII/ptolemy/actor/lib/test/auto/ElectronicUnitBase1.xml
25 ms. Memory: 524288K Free: 313344K (60%)
----------------- Invoking toplevel() on ptolemy.moml.MoMLSimpleApplication@65a44f80
----------------- Done invoking toplevel() on ptolemy.moml.MoMLSimpleApplication@65a44f80
reloadAllAccessors: .ElectronicUnitBase1

===========================================================================================
----------------- testing Mon Jun 22 14:49:20 UTC 2020 /home/travis/build/icyphy/ptII/ptolemy/actor/lib/test/auto/ElementsToArray.xml
----------------- Instantiating /home/travis/build/icyphy/ptII/ptolemy/actor/lib/test/auto/ElementsToArray.xml
3 ms. Memory: 524288K Free: 308224K (59%)
----------------- Invoking toplevel() on ptolemy.moml.MoMLSimpleApplication@d42d33d
----------------- Done invoking toplevel() on ptolemy.moml.MoMLSimpleApplication@d42d33d
reloadAllAccessors: .ElementsToArray

===========================================================================================
----------------- testing Mon Jun 22 14:49:20 UTC 2020 /home/travis/build/icyphy/ptII/ptolemy/actor/lib/test/auto/Equals.xml
----------------- Instantiating /home/travis/build/icyphy/ptII/ptolemy/actor/lib/test/auto/Equals.xml
2 ms. Memory: 524288K Free: 303614K (58%)
----------------- Invoking toplevel() on ptolemy.moml.MoMLSimpleApplication@6e24e8e5
----------------- Done invoking toplevel() on ptolemy.moml.MoMLSimpleApplication@6e24e8e5
reloadAllAccessors: .Equals

===========================================================================================
----------------- testing Mon Jun 22 14:49:20 UTC 2020 /home/travis/build/icyphy/ptII/ptolemy/actor/lib/test/auto/Exec.xml
----------------- Instantiating /home/travis/build/icyphy/ptII/ptolemy/actor/lib/test/auto/Exec.xml
20 ms. Memory: 524288K Free: 299006K (57%)
----------------- Invoking toplevel() on ptolemy.moml.MoMLSimpleApplication@71553ff9
----------------- Done invoking toplevel() on ptolemy.moml.MoMLSimpleApplication@71553ff9
reloadAllAccessors: .Exec

===========================================================================================
----------------- testing Mon Jun 22 14:49:20 UTC 2020 /home/travis/build/icyphy/ptII/ptolemy/actor/lib/test/auto/ExecEnvironment.xml
----------------- Instantiating /home/travis/build/icyphy/ptII/ptolemy/actor/lib/test/auto/ExecEnvironment.xml
28 ms. Memory: 524288K Free: 292864K (56%)
----------------- Invoking toplevel() on ptolemy.moml.MoMLSimpleApplication@4d39d69
----------------- Done invoking toplevel() on ptolemy.moml.MoMLSimpleApplication@4d39d69
reloadAllAccessors: .ExecEnvironment

===========================================================================================
----------------- testing Mon Jun 22 14:49:20 UTC 2020 /home/travis/build/icyphy/ptII/ptolemy/actor/lib/test/auto/ExecNonZeroReturnOutput.xml
----------------- Instantiating /home/travis/build/icyphy/ptII/ptolemy/actor/lib/test/auto/ExecNonZeroReturnOutput.xml
155 ms. Memory: 524288K Free: 281600K (54%)
----------------- Invoking toplevel() on ptolemy.moml.MoMLSimpleApplication@71845085
----------------- Done invoking toplevel() on ptolemy.moml.MoMLSimpleApplication@71845085
reloadAllAccessors: .ExecNonZeroReturnOutput

===========================================================================================
----------------- testing Mon Jun 22 14:49:20 UTC 2020 /home/travis/build/icyphy/ptII/ptolemy/actor/lib/test/auto/ExecRunDemos.xml
----------------- Instantiating /home/travis/build/icyphy/ptII/ptolemy/actor/lib/test/auto/ExecRunDemos.xml
Finished: 68 ms. Memory: 129024K Free: 112407K (87%)

Finished: 83 ms. Memory: 129024K Free: 109637K (85%)

Finished: 98 ms. Memory: 129024K Free: 109547K (85%)

Finished: 87 ms. Memory: 129024K Free: 111023K (86%)

Finished: 81 ms. Memory: 129024K Free: 111932K (87%)

9967 ms. Memory: 524288K Free: 260094K (50%)
----------------- Invoking toplevel() on ptolemy.moml.MoMLSimpleApplication@13c10f7a
----------------- Done invoking toplevel() on ptolemy.moml.MoMLSimpleApplication@13c10f7a
reloadAllAccessors: .ExecRunDemos

===========================================================================================
----------------- testing Mon Jun 22 14:49:30 UTC 2020 /home/travis/build/icyphy/ptII/ptolemy/actor/lib/test/auto/ExecStop.xml
----------------- Instantiating /home/travis/build/icyphy/ptII/ptolemy/actor/lib/test/auto/ExecStop.xml
5008 ms. Memory: 524288K Free: 428279K (82%)
----------------- Invoking toplevel() on ptolemy.moml.MoMLSimpleApplication@3d23f48
----------------- Done invoking toplevel() on ptolemy.moml.MoMLSimpleApplication@3d23f48
reloadAllAccessors: .ExecStop

===========================================================================================
----------------- testing Mon Jun 22 14:49:35 UTC 2020 /home/travis/build/icyphy/ptII/ptolemy/actor/lib/test/auto/ExecutionTimeSDF.xml
----------------- Instantiating /home/travis/build/icyphy/ptII/ptolemy/actor/lib/test/auto/ExecutionTimeSDF.xml
Fired ExecutionTime: -288967296
Fired ExecutionTime: 1350800000
Fired ExecutionTime: 1338800000
6005 ms. Memory: 524288K Free: 415480K (79%)
----------------- Invoking toplevel() on ptolemy.moml.MoMLSimpleApplication@327be605
----------------- Done invoking toplevel() on ptolemy.moml.MoMLSimpleApplication@327be605
reloadAllAccessors: .ExecutionTimeSDF

===========================================================================================
----------------- testing Mon Jun 22 14:49:41 UTC 2020 /home/travis/build/icyphy/ptII/ptolemy/actor/lib/test/auto/Expression1.xml
----------------- Instantiating /home/travis/build/icyphy/ptII/ptolemy/actor/lib/test/auto/Expression1.xml
1 ms. Memory: 524288K Free: 412408K (79%)
----------------- Invoking toplevel() on ptolemy.moml.MoMLSimpleApplication@5bcb9d4d
----------------- Done invoking toplevel() on ptolemy.moml.MoMLSimpleApplication@5bcb9d4d
reloadAllAccessors: .Expression1

===========================================================================================
----------------- testing Mon Jun 22 14:49:41 UTC 2020 /home/travis/build/icyphy/ptII/ptolemy/actor/lib/test/auto/Expression10.xml
----------------- Instantiating /home/travis/build/icyphy/ptII/ptolemy/actor/lib/test/auto/Expression10.xml
5 ms. Memory: 524288K Free: 406774K (78%)
----------------- Invoking toplevel() on ptolemy.moml.MoMLSimpleApplication@233d5e99
----------------- Done invoking toplevel() on ptolemy.moml.MoMLSimpleApplication@233d5e99
reloadAllAccessors: .Expression10

===========================================================================================
----------------- testing Mon Jun 22 14:49:41 UTC 2020 /home/travis/build/icyphy/ptII/ptolemy/actor/lib/test/auto/Expression11.xml
----------------- Instantiating /home/travis/build/icyphy/ptII/ptolemy/actor/lib/test/auto/Expression11.xml
2 ms. Memory: 524288K Free: 402678K (77%)
----------------- Invoking toplevel() on ptolemy.moml.MoMLSimpleApplication@1142ebfd
----------------- Done invoking toplevel() on ptolemy.moml.MoMLSimpleApplication@1142ebfd
reloadAllAccessors: .Expression11

===========================================================================================
----------------- testing Mon Jun 22 14:49:41 UTC 2020 /home/travis/build/icyphy/ptII/ptolemy/actor/lib/test/auto/Expression12.xml
----------------- Instantiating /home/travis/build/icyphy/ptII/ptolemy/actor/lib/test/auto/Expression12.xml
2 ms. Memory: 524288K Free: 397048K (76%)
----------------- Invoking toplevel() on ptolemy.moml.MoMLSimpleApplication@7f9fea2e
----------------- Done invoking toplevel() on ptolemy.moml.MoMLSimpleApplication@7f9fea2e
reloadAllAccessors: .Expression12

===========================================================================================
----------------- testing Mon Jun 22 14:49:41 UTC 2020 /home/travis/build/icyphy/ptII/ptolemy/actor/lib/test/auto/Expression13.xml
----------------- Instantiating /home/travis/build/icyphy/ptII/ptolemy/actor/lib/test/auto/Expression13.xml
2 ms. Memory: 524288K Free: 391928K (75%)
----------------- Invoking toplevel() on ptolemy.moml.MoMLSimpleApplication@7b069f17
----------------- Done invoking toplevel() on ptolemy.moml.MoMLSimpleApplication@7b069f17
reloadAllAccessors: .Expression13

===========================================================================================
----------------- testing Mon Jun 22 14:49:41 UTC 2020 /home/travis/build/icyphy/ptII/ptolemy/actor/lib/test/auto/Expression14.xml
----------------- Instantiating /home/travis/build/icyphy/ptII/ptolemy/actor/lib/test/auto/Expression14.xml
4 ms. Memory: 524288K Free: 386294K (74%)
----------------- Invoking toplevel() on ptolemy.moml.MoMLSimpleApplication@1d7ea2d8
----------------- Done invoking toplevel() on ptolemy.moml.MoMLSimpleApplication@1d7ea2d8
reloadAllAccessors: .Expression14

===========================================================================================
----------------- testing Mon Jun 22 14:49:41 UTC 2020 /home/travis/build/icyphy/ptII/ptolemy/actor/lib/test/auto/Expression15.xml
----------------- Instantiating /home/travis/build/icyphy/ptII/ptolemy/actor/lib/test/auto/Expression15.xml
1 ms. Memory: 524288K Free: 382712K (73%)
----------------- Invoking toplevel() on ptolemy.moml.MoMLSimpleApplication@3ca621
----------------- Done invoking toplevel() on ptolemy.moml.MoMLSimpleApplication@3ca621
reloadAllAccessors: .Expression15

===========================================================================================
----------------- testing Mon Jun 22 14:49:41 UTC 2020 /home/travis/build/icyphy/ptII/ptolemy/actor/lib/test/auto/Expression16.xml
----------------- Instantiating /home/travis/build/icyphy/ptII/ptolemy/actor/lib/test/auto/Expression16.xml
3 ms. Memory: 524288K Free: 378102K (72%)
----------------- Invoking toplevel() on ptolemy.moml.MoMLSimpleApplication@4be731d
----------------- Done invoking toplevel() on ptolemy.moml.MoMLSimpleApplication@4be731d
reloadAllAccessors: .Expression16

===========================================================================================
----------------- testing Mon Jun 22 14:49:41 UTC 2020 /home/travis/build/icyphy/ptII/ptolemy/actor/lib/test/auto/Expression17.xml
----------------- Instantiating /home/travis/build/icyphy/ptII/ptolemy/actor/lib/test/auto/Expression17.xml
4 ms. Memory: 524288K Free: 372982K (71%)
----------------- Invoking toplevel() on ptolemy.moml.MoMLSimpleApplication@64efed8
----------------- Done invoking toplevel() on ptolemy.moml.MoMLSimpleApplication@64efed8
reloadAllAccessors: .Expression17

===========================================================================================
----------------- testing Mon Jun 22 14:49:41 UTC 2020 /home/travis/build/icyphy/ptII/ptolemy/actor/lib/test/auto/Expression18.xml
----------------- Instantiating /home/travis/build/icyphy/ptII/ptolemy/actor/lib/test/auto/Expression18.xml
3 ms. Memory: 524288K Free: 367862K (70%)
----------------- Invoking toplevel() on ptolemy.moml.MoMLSimpleApplication@3e207c97
----------------- Done invoking toplevel() on ptolemy.moml.MoMLSimpleApplication@3e207c97
reloadAllAccessors: .Expression18

===========================================================================================
----------------- testing Mon Jun 22 14:49:41 UTC 2020 /home/travis/build/icyphy/ptII/ptolemy/actor/lib/test/auto/Expression2.xml
----------------- Instantiating /home/travis/build/icyphy/ptII/ptolemy/actor/lib/test/auto/Expression2.xml
3 ms. Memory: 524288K Free: 362742K (69%)
----------------- Invoking toplevel() on ptolemy.moml.MoMLSimpleApplication@47050d8b
----------------- Done invoking toplevel() on ptolemy.moml.MoMLSimpleApplication@47050d8b
reloadAllAccessors: .Expression2

===========================================================================================
----------------- testing Mon Jun 22 14:49:42 UTC 2020 /home/travis/build/icyphy/ptII/ptolemy/actor/lib/test/auto/Expression3.xml
----------------- Instantiating /home/travis/build/icyphy/ptII/ptolemy/actor/lib/test/auto/Expression3.xml
5 ms. Memory: 524288K Free: 357622K (68%)
----------------- Invoking toplevel() on ptolemy.moml.MoMLSimpleApplication@6edc0a50
----------------- Done invoking toplevel() on ptolemy.moml.MoMLSimpleApplication@6edc0a50
reloadAllAccessors: .Expression3

===========================================================================================
----------------- testing Mon Jun 22 14:49:42 UTC 2020 /home/travis/build/icyphy/ptII/ptolemy/actor/lib/test/auto/Expression4.xml
----------------- Instantiating /home/travis/build/icyphy/ptII/ptolemy/actor/lib/test/auto/Expression4.xml
5 ms. Memory: 524288K Free: 350454K (67%)
----------------- Invoking toplevel() on ptolemy.moml.MoMLSimpleApplication@61fbc137
----------------- Done invoking toplevel() on ptolemy.moml.MoMLSimpleApplication@61fbc137
reloadAllAccessors: .Expression4

===========================================================================================
----------------- testing Mon Jun 22 14:49:42 UTC 2020 /home/travis/build/icyphy/ptII/ptolemy/actor/lib/test/auto/Expression5.xml
----------------- Instantiating /home/travis/build/icyphy/ptII/ptolemy/actor/lib/test/auto/Expression5.xml
4 ms. Memory: 524288K Free: 345334K (66%)
----------------- Invoking toplevel() on ptolemy.moml.MoMLSimpleApplication@3852c091
----------------- Done invoking toplevel() on ptolemy.moml.MoMLSimpleApplication@3852c091
reloadAllAccessors: .Expression5

===========================================================================================
----------------- testing Mon Jun 22 14:49:42 UTC 2020 /home/travis/build/icyphy/ptII/ptolemy/actor/lib/test/auto/Expression6.xml
----------------- Instantiating /home/travis/build/icyphy/ptII/ptolemy/actor/lib/test/auto/Expression6.xml
2 ms. Memory: 524288K Free: 341238K (65%)
----------------- Invoking toplevel() on ptolemy.moml.MoMLSimpleApplication@383890c6
----------------- Done invoking toplevel() on ptolemy.moml.MoMLSimpleApplication@383890c6
reloadAllAccessors: .Expression6

===========================================================================================
----------------- testing Mon Jun 22 14:49:42 UTC 2020 /home/travis/build/icyphy/ptII/ptolemy/actor/lib/test/auto/Expression7.xml
----------------- Instantiating /home/travis/build/icyphy/ptII/ptolemy/actor/lib/test/auto/Expression7.xml
2 ms. Memory: 524288K Free: 336118K (64%)
----------------- Invoking toplevel() on ptolemy.moml.MoMLSimpleApplication@4c368da1
----------------- Done invoking toplevel() on ptolemy.moml.MoMLSimpleApplication@4c368da1
reloadAllAccessors: .Expression7

===========================================================================================
----------------- testing Mon Jun 22 14:49:42 UTC 2020 /home/travis/build/icyphy/ptII/ptolemy/actor/lib/test/auto/Expression8.xml
----------------- Instantiating /home/travis/build/icyphy/ptII/ptolemy/actor/lib/test/auto/Expression8.xml
7 ms. Memory: 524288K Free: 330998K (63%)
----------------- Invoking toplevel() on ptolemy.moml.MoMLSimpleApplication@50cedc2d
----------------- Done invoking toplevel() on ptolemy.moml.MoMLSimpleApplication@50cedc2d
reloadAllAccessors: .Expression8

===========================================================================================
----------------- testing Mon Jun 22 14:49:42 UTC 2020 /home/travis/build/icyphy/ptII/ptolemy/actor/lib/test/auto/Expression9.xml
----------------- Instantiating /home/travis/build/icyphy/ptII/ptolemy/actor/lib/test/auto/Expression9.xml
0 ms. Memory: 524288K Free: 327416K (62%)
----------------- Invoking toplevel() on ptolemy.moml.MoMLSimpleApplication@67fe1a14
----------------- Done invoking toplevel() on ptolemy.moml.MoMLSimpleApplication@67fe1a14
reloadAllAccessors: .Expression9

===========================================================================================
----------------- testing Mon Jun 22 14:49:42 UTC 2020 /home/travis/build/icyphy/ptII/ptolemy/actor/lib/test/auto/ExpressionConcatenateArrayType.xml
----------------- Instantiating /home/travis/build/icyphy/ptII/ptolemy/actor/lib/test/auto/ExpressionConcatenateArrayType.xml
3 ms. Memory: 524288K Free: 320758K (61%)
----------------- Invoking toplevel() on ptolemy.moml.MoMLSimpleApplication@78289d30
----------------- Done invoking toplevel() on ptolemy.moml.MoMLSimpleApplication@78289d30
reloadAllAccessors: .ExpressionConcatenateArrayType

===========================================================================================
----------------- testing Mon Jun 22 14:49:42 UTC 2020 /home/travis/build/icyphy/ptII/ptolemy/actor/lib/test/auto/ExpressionConcatenateArrayType2.xml
----------------- Instantiating /home/travis/build/icyphy/ptII/ptolemy/actor/lib/test/auto/ExpressionConcatenateArrayType2.xml
1 ms. Memory: 524288K Free: 315638K (60%)
----------------- Invoking toplevel() on ptolemy.moml.MoMLSimpleApplication@709c40f4
----------------- Done invoking toplevel() on ptolemy.moml.MoMLSimpleApplication@709c40f4
reloadAllAccessors: .ExpressionConcatenateArrayType2

===========================================================================================
----------------- testing Mon Jun 22 14:49:42 UTC 2020 /home/travis/build/icyphy/ptII/ptolemy/actor/lib/test/auto/ExpressionFix.xml
----------------- Instantiating /home/travis/build/icyphy/ptII/ptolemy/actor/lib/test/auto/ExpressionFix.xml
15 ms. Memory: 524288K Free: 308984K (59%)
----------------- Invoking toplevel() on ptolemy.moml.MoMLSimpleApplication@a18ea88
----------------- Done invoking toplevel() on ptolemy.moml.MoMLSimpleApplication@a18ea88
reloadAllAccessors: .ExpressionFix

===========================================================================================
----------------- testing Mon Jun 22 14:49:42 UTC 2020 /home/travis/build/icyphy/ptII/ptolemy/actor/lib/test/auto/ExpressionFix2.xml
----------------- Instantiating /home/travis/build/icyphy/ptII/ptolemy/actor/lib/test/auto/ExpressionFix2.xml
4 ms. Memory: 524288K Free: 304888K (58%)
----------------- Invoking toplevel() on ptolemy.moml.MoMLSimpleApplication@228125c0
----------------- Done invoking toplevel() on ptolemy.moml.MoMLSimpleApplication@228125c0
reloadAllAccessors: .ExpressionFix2

===========================================================================================
----------------- testing Mon Jun 22 14:49:42 UTC 2020 /home/travis/build/icyphy/ptII/ptolemy/actor/lib/test/auto/ExpressionFix3.xml
----------------- Instantiating /home/travis/build/icyphy/ptII/ptolemy/actor/lib/test/auto/ExpressionFix3.xml
1 ms. Memory: 524288K Free: 300792K (57%)
----------------- Invoking toplevel() on ptolemy.moml.MoMLSimpleApplication@1d22d619
----------------- Done invoking toplevel() on ptolemy.moml.MoMLSimpleApplication@1d22d619
reloadAllAccessors: .ExpressionFix3

===========================================================================================
----------------- testing Mon Jun 22 14:49:42 UTC 2020 /home/travis/build/icyphy/ptII/ptolemy/actor/lib/test/auto/FileWriter1.xml
----------------- Instantiating /home/travis/build/icyphy/ptII/ptolemy/actor/lib/test/auto/FileWriter1.xml
1 ms. Memory: 524288K Free: 296696K (57%)
----------------- Invoking toplevel() on ptolemy.moml.MoMLSimpleApplication@268034dd
----------------- Done invoking toplevel() on ptolemy.moml.MoMLSimpleApplication@268034dd
reloadAllAccessors: .FileWriter1

===========================================================================================
----------------- testing Mon Jun 22 14:49:42 UTC 2020 /home/travis/build/icyphy/ptII/ptolemy/actor/lib/test/auto/FileWriter2.xml
----------------- Instantiating /home/travis/build/icyphy/ptII/ptolemy/actor/lib/test/auto/FileWriter2.xml
2 ms. Memory: 524288K Free: 292600K (56%)
----------------- Invoking toplevel() on ptolemy.moml.MoMLSimpleApplication@24e0d99a
----------------- Done invoking toplevel() on ptolemy.moml.MoMLSimpleApplication@24e0d99a
reloadAllAccessors: .FileWriter2

===========================================================================================
----------------- testing Mon Jun 22 14:49:42 UTC 2020 /home/travis/build/icyphy/ptII/ptolemy/actor/lib/test/auto/FileWriter3.xml
----------------- Instantiating /home/travis/build/icyphy/ptII/ptolemy/actor/lib/test/auto/FileWriter3.xml
1 ms. Memory: 524288K Free: 288504K (55%)
----------------- Invoking toplevel() on ptolemy.moml.MoMLSimpleApplication@f9ae74e
----------------- Done invoking toplevel() on ptolemy.moml.MoMLSimpleApplication@f9ae74e
reloadAllAccessors: .FileWriter3

===========================================================================================
----------------- testing Mon Jun 22 14:49:42 UTC 2020 /home/travis/build/icyphy/ptII/ptolemy/actor/lib/test/auto/Gaussian.xml
----------------- Instantiating /home/travis/build/icyphy/ptII/ptolemy/actor/lib/test/auto/Gaussian.xml
1 ms. Memory: 524288K Free: 283880K (54%)
----------------- Invoking toplevel() on ptolemy.moml.MoMLSimpleApplication@2cbda6a1
----------------- Done invoking toplevel() on ptolemy.moml.MoMLSimpleApplication@2cbda6a1
reloadAllAccessors: .Gaussian

===========================================================================================
----------------- testing Mon Jun 22 14:49:42 UTC 2020 /home/travis/build/icyphy/ptII/ptolemy/actor/lib/test/auto/Gaussian1.xml
----------------- Instantiating /home/travis/build/icyphy/ptII/ptolemy/actor/lib/test/auto/Gaussian1.xml
2 ms. Memory: 524288K Free: 278744K (53%)
----------------- Invoking toplevel() on ptolemy.moml.MoMLSimpleApplication@70dff176
----------------- Done invoking toplevel() on ptolemy.moml.MoMLSimpleApplication@70dff176
reloadAllAccessors: .Gaussian1

===========================================================================================
----------------- testing Mon Jun 22 14:49:42 UTC 2020 /home/travis/build/icyphy/ptII/ptolemy/actor/lib/test/auto/Gaussian2.xml
----------------- Instantiating /home/travis/build/icyphy/ptII/ptolemy/actor/lib/test/auto/Gaussian2.xml
2 ms. Memory: 524288K Free: 273144K (52%)
----------------- Invoking toplevel() on ptolemy.moml.MoMLSimpleApplication@4e8e7ca
----------------- Done invoking toplevel() on ptolemy.moml.MoMLSimpleApplication@4e8e7ca
reloadAllAccessors: .Gaussian2

===========================================================================================
----------------- testing Mon Jun 22 14:49:42 UTC 2020 /home/travis/build/icyphy/ptII/ptolemy/actor/lib/test/auto/GradientAdaptiveLattice.xml
----------------- Instantiating /home/travis/build/icyphy/ptII/ptolemy/actor/lib/test/auto/GradientAdaptiveLattice.xml
2 ms. Memory: 524288K Free: 268024K (51%)
----------------- Invoking toplevel() on ptolemy.moml.MoMLSimpleApplication@44ea240c
----------------- Done invoking toplevel() on ptolemy.moml.MoMLSimpleApplication@44ea240c
reloadAllAccessors: .GradientAdaptiveLattice

===========================================================================================
----------------- testing Mon Jun 22 14:49:42 UTC 2020 /home/travis/build/icyphy/ptII/ptolemy/actor/lib/test/auto/IIR.xml
----------------- Instantiating /home/travis/build/icyphy/ptII/ptolemy/actor/lib/test/auto/IIR.xml
1 ms. Memory: 524288K Free: 263928K (50%)
----------------- Invoking toplevel() on ptolemy.moml.MoMLSimpleApplication@532dd543
----------------- Done invoking toplevel() on ptolemy.moml.MoMLSimpleApplication@532dd543
reloadAllAccessors: .IIR

===========================================================================================
----------------- testing Mon Jun 22 14:49:42 UTC 2020 /home/travis/build/icyphy/ptII/ptolemy/actor/lib/test/auto/InputOutputTransparentPorts.xml
----------------- Instantiating /home/travis/build/icyphy/ptII/ptolemy/actor/lib/test/auto/InputOutputTransparentPorts.xml
1 ms. Memory: 524288K Free: 256760K (49%)
----------------- Invoking toplevel() on ptolemy.moml.MoMLSimpleApplication@5fdd083
----------------- Done invoking toplevel() on ptolemy.moml.MoMLSimpleApplication@5fdd083
reloadAllAccessors: .InputOutputTransparentPorts

===========================================================================================
----------------- testing Mon Jun 22 14:49:42 UTC 2020 /home/travis/build/icyphy/ptII/ptolemy/actor/lib/test/auto/Interpolator.xml
----------------- Instantiating /home/travis/build/icyphy/ptII/ptolemy/actor/lib/test/auto/Interpolator.xml
3 ms. Memory: 524288K Free: 253174K (48%)
----------------- Invoking toplevel() on ptolemy.moml.MoMLSimpleApplication@72acdc01
----------------- Done invoking toplevel() on ptolemy.moml.MoMLSimpleApplication@72acdc01
reloadAllAccessors: .Interpolator

===========================================================================================
----------------- testing Mon Jun 22 14:49:42 UTC 2020 /home/travis/build/icyphy/ptII/ptolemy/actor/lib/test/auto/InterpolatorFiringLimitDE.xml
----------------- Instantiating /home/travis/build/icyphy/ptII/ptolemy/actor/lib/test/auto/InterpolatorFiringLimitDE.xml
2 ms. Memory: 524288K Free: 246520K (47%)
----------------- Invoking toplevel() on ptolemy.moml.MoMLSimpleApplication@337859a0
----------------- Done invoking toplevel() on ptolemy.moml.MoMLSimpleApplication@337859a0
reloadAllAccessors: .InterpolatorFiringLimitDE

===========================================================================================
----------------- testing Mon Jun 22 14:49:42 UTC 2020 /home/travis/build/icyphy/ptII/ptolemy/actor/lib/test/auto/Lattice.xml
----------------- Instantiating /home/travis/build/icyphy/ptII/ptolemy/actor/lib/test/auto/Lattice.xml
1 ms. Memory: 524288K Free: 242424K (46%)
----------------- Invoking toplevel() on ptolemy.moml.MoMLSimpleApplication@76ddca6c
----------------- Done invoking toplevel() on ptolemy.moml.MoMLSimpleApplication@76ddca6c
reloadAllAccessors: .Lattice

===========================================================================================
----------------- testing Mon Jun 22 14:49:42 UTC 2020 /home/travis/build/icyphy/ptII/ptolemy/actor/lib/test/auto/LazyAOCTestLazy.xml
----------------- Instantiating /home/travis/build/icyphy/ptII/ptolemy/actor/lib/test/auto/LazyAOCTestLazy.xml
7 ms. Memory: 524288K Free: 236776K (45%)
----------------- Invoking toplevel() on ptolemy.moml.MoMLSimpleApplication@7bd411a
----------------- Done invoking toplevel() on ptolemy.moml.MoMLSimpleApplication@7bd411a
reloadAllAccessors: .LazyAOCTestLazy

===========================================================================================
----------------- testing Mon Jun 22 14:49:42 UTC 2020 /home/travis/build/icyphy/ptII/ptolemy/actor/lib/test/auto/LazyAOCTestNonLazy.xml
----------------- Instantiating /home/travis/build/icyphy/ptII/ptolemy/actor/lib/test/auto/LazyAOCTestNonLazy.xml
2 ms. Memory: 524288K Free: 230136K (44%)
----------------- Invoking toplevel() on ptolemy.moml.MoMLSimpleApplication@124d6a50
----------------- Done invoking toplevel() on ptolemy.moml.MoMLSimpleApplication@124d6a50
reloadAllAccessors: .LazyAOCTestNonLazy

===========================================================================================
----------------- testing Mon Jun 22 14:49:42 UTC 2020 /home/travis/build/icyphy/ptII/ptolemy/actor/lib/test/auto/LazyInnerClass.xml
----------------- Instantiating /home/travis/build/icyphy/ptII/ptolemy/actor/lib/test/auto/LazyInnerClass.xml
18 ms. Memory: 524288K Free: 221416K (42%)
----------------- Invoking toplevel() on ptolemy.moml.MoMLSimpleApplication@6e0dee8
----------------- Done invoking toplevel() on ptolemy.moml.MoMLSimpleApplication@6e0dee8
reloadAllAccessors: .LazyInnerClass

===========================================================================================
----------------- testing Mon Jun 22 14:49:42 UTC 2020 /home/travis/build/icyphy/ptII/ptolemy/actor/lib/test/auto/LazyPubSub.xml
----------------- Instantiating /home/travis/build/icyphy/ptII/ptolemy/actor/lib/test/auto/LazyPubSub.xml
14 ms. Memory: 524288K Free: 211704K (40%)
----------------- Invoking toplevel() on ptolemy.moml.MoMLSimpleApplication@5b76a825
----------------- Done invoking toplevel() on ptolemy.moml.MoMLSimpleApplication@5b76a825
reloadAllAccessors: .LazyPubSub

===========================================================================================
----------------- testing Mon Jun 22 14:49:42 UTC 2020 /home/travis/build/icyphy/ptII/ptolemy/actor/lib/test/auto/LazyPubSub2.xml
----------------- Instantiating /home/travis/build/icyphy/ptII/ptolemy/actor/lib/test/auto/LazyPubSub2.xml
10 ms. Memory: 524288K Free: 201974K (39%)
----------------- Invoking toplevel() on ptolemy.moml.MoMLSimpleApplication@4d1a3605
----------------- Done invoking toplevel() on ptolemy.moml.MoMLSimpleApplication@4d1a3605
reloadAllAccessors: .LazyPubSub2

===========================================================================================
----------------- testing Mon Jun 22 14:49:42 UTC 2020 /home/travis/build/icyphy/ptII/ptolemy/actor/lib/test/auto/LazyPubSub3.xml
----------------- Instantiating /home/travis/build/icyphy/ptII/ptolemy/actor/lib/test/auto/LazyPubSub3.xml
11 ms. Memory: 524288K Free: 191734K (37%)
----------------- Invoking toplevel() on ptolemy.moml.MoMLSimpleApplication@768cb3fc
----------------- Done invoking toplevel() on ptolemy.moml.MoMLSimpleApplication@768cb3fc
reloadAllAccessors: .LazyPubSub3

===========================================================================================
----------------- testing Mon Jun 22 14:49:42 UTC 2020 /home/travis/build/icyphy/ptII/ptolemy/actor/lib/test/auto/LazySubClassModel.xml
----------------- Instantiating /home/travis/build/icyphy/ptII/ptolemy/actor/lib/test/auto/LazySubClassModel.xml
1 ms. Memory: 524288K Free: 182518K (35%)
----------------- Invoking toplevel() on ptolemy.moml.MoMLSimpleApplication@6d178127
----------------- Done invoking toplevel() on ptolemy.moml.MoMLSimpleApplication@6d178127
reloadAllAccessors: .LazySubClassModel

===========================================================================================
----------------- testing Mon Jun 22 14:49:42 UTC 2020 /home/travis/build/icyphy/ptII/ptolemy/actor/lib/test/auto/LevelCrossTest1.xml
----------------- Instantiating /home/travis/build/icyphy/ptII/ptolemy/actor/lib/test/auto/LevelCrossTest1.xml
1 ms. Memory: 524288K Free: 176888K (34%)
----------------- Invoking toplevel() on ptolemy.moml.MoMLSimpleApplication@10d22016
----------------- Done invoking toplevel() on ptolemy.moml.MoMLSimpleApplication@10d22016
reloadAllAccessors: .broken

===========================================================================================
----------------- testing Mon Jun 22 14:49:42 UTC 2020 /home/travis/build/icyphy/ptII/ptolemy/actor/lib/test/auto/LevelCrossTest10.xml
----------------- Instantiating /home/travis/build/icyphy/ptII/ptolemy/actor/lib/test/auto/LevelCrossTest10.xml
1 ms. Memory: 524288K Free: 169720K (32%)
----------------- Invoking toplevel() on ptolemy.moml.MoMLSimpleApplication@688afaf3
----------------- Done invoking toplevel() on ptolemy.moml.MoMLSimpleApplication@688afaf3
reloadAllAccessors: .LevelCrossTest10

===========================================================================================
----------------- testing Mon Jun 22 14:49:42 UTC 2020 /home/travis/build/icyphy/ptII/ptolemy/actor/lib/test/auto/LevelCrossTest11.xml
----------------- Instantiating /home/travis/build/icyphy/ptII/ptolemy/actor/lib/test/auto/LevelCrossTest11.xml
1 ms. Memory: 524288K Free: 472724K (90%)
----------------- Invoking toplevel() on ptolemy.moml.MoMLSimpleApplication@59e02f8a
----------------- Done invoking toplevel() on ptolemy.moml.MoMLSimpleApplication@59e02f8a
reloadAllAccessors: .LevelCrossTest11

===========================================================================================
----------------- testing Mon Jun 22 14:49:42 UTC 2020 /home/travis/build/icyphy/ptII/ptolemy/actor/lib/test/auto/LevelCrossTest12.xml
----------------- Instantiating /home/travis/build/icyphy/ptII/ptolemy/actor/lib/test/auto/LevelCrossTest12.xml
1 ms. Memory: 524288K Free: 466076K (89%)
----------------- Invoking toplevel() on ptolemy.moml.MoMLSimpleApplication@7d523c19
----------------- Done invoking toplevel() on ptolemy.moml.MoMLSimpleApplication@7d523c19
reloadAllAccessors: .LevelCrossTest12

===========================================================================================
----------------- testing Mon Jun 22 14:49:42 UTC 2020 /home/travis/build/icyphy/ptII/ptolemy/actor/lib/test/auto/LevelCrossTest13.xml
----------------- Instantiating /home/travis/build/icyphy/ptII/ptolemy/actor/lib/test/auto/LevelCrossTest13.xml
1 ms. Memory: 524288K Free: 457884K (87%)
----------------- Invoking toplevel() on ptolemy.moml.MoMLSimpleApplication@7c43620c
----------------- Done invoking toplevel() on ptolemy.moml.MoMLSimpleApplication@7c43620c
reloadAllAccessors: .LevelCrossTest13

===========================================================================================
----------------- testing Mon Jun 22 14:49:42 UTC 2020 /home/travis/build/icyphy/ptII/ptolemy/actor/lib/test/auto/LevelCrossTest2.xml
----------------- Instantiating /home/travis/build/icyphy/ptII/ptolemy/actor/lib/test/auto/LevelCrossTest2.xml
1 ms. Memory: 524288K Free: 452250K (86%)
----------------- Invoking toplevel() on ptolemy.moml.MoMLSimpleApplication@44f8c386
----------------- Done invoking toplevel() on ptolemy.moml.MoMLSimpleApplication@44f8c386
reloadAllAccessors: .broken

===========================================================================================
----------------- testing Mon Jun 22 14:49:42 UTC 2020 /home/travis/build/icyphy/ptII/ptolemy/actor/lib/test/auto/LevelCrossTest3.xml
----------------- Instantiating /home/travis/build/icyphy/ptII/ptolemy/actor/lib/test/auto/LevelCrossTest3.xml
1 ms. Memory: 524288K Free: 446620K (85%)
----------------- Invoking toplevel() on ptolemy.moml.MoMLSimpleApplication@1bd193d6
----------------- Done invoking toplevel() on ptolemy.moml.MoMLSimpleApplication@1bd193d6
reloadAllAccessors: .LevelCrossTest3

===========================================================================================
----------------- testing Mon Jun 22 14:49:42 UTC 2020 /home/travis/build/icyphy/ptII/ptolemy/actor/lib/test/auto/LevelCrossTest4.xml
----------------- Instantiating /home/travis/build/icyphy/ptII/ptolemy/actor/lib/test/auto/LevelCrossTest4.xml
1 ms. Memory: 524288K Free: 440986K (84%)
----------------- Invoking toplevel() on ptolemy.moml.MoMLSimpleApplication@36e074c7
----------------- Done invoking toplevel() on ptolemy.moml.MoMLSimpleApplication@36e074c7
reloadAllAccessors: .broken

===========================================================================================
----------------- testing Mon Jun 22 14:49:42 UTC 2020 /home/travis/build/icyphy/ptII/ptolemy/actor/lib/test/auto/LevelCrossTest5.xml
----------------- Instantiating /home/travis/build/icyphy/ptII/ptolemy/actor/lib/test/auto/LevelCrossTest5.xml
1 ms. Memory: 524288K Free: 434332K (83%)
----------------- Invoking toplevel() on ptolemy.moml.MoMLSimpleApplication@4341df3a
----------------- Done invoking toplevel() on ptolemy.moml.MoMLSimpleApplication@4341df3a
reloadAllAccessors: .LevelCrossTest5

===========================================================================================
----------------- testing Mon Jun 22 14:49:42 UTC 2020 /home/travis/build/icyphy/ptII/ptolemy/actor/lib/test/auto/LevelCrossTest6.xml
----------------- Instantiating /home/travis/build/icyphy/ptII/ptolemy/actor/lib/test/auto/LevelCrossTest6.xml
3 ms. Memory: 524288K Free: 428698K (82%)
----------------- Invoking toplevel() on ptolemy.moml.MoMLSimpleApplication@3b78403c
----------------- Done invoking toplevel() on ptolemy.moml.MoMLSimpleApplication@3b78403c
reloadAllAccessors: .LevelCrossTest6

===========================================================================================
----------------- testing Mon Jun 22 14:49:42 UTC 2020 /home/travis/build/icyphy/ptII/ptolemy/actor/lib/test/auto/LevelCrossTest7.xml
----------------- Instantiating /home/travis/build/icyphy/ptII/ptolemy/actor/lib/test/auto/LevelCrossTest7.xml
1 ms. Memory: 524288K Free: 421530K (80%)
----------------- Invoking toplevel() on ptolemy.moml.MoMLSimpleApplication@7653c709
----------------- Done invoking toplevel() on ptolemy.moml.MoMLSimpleApplication@7653c709
reloadAllAccessors: .LevelCrossTest7

===========================================================================================
----------------- testing Mon Jun 22 14:49:42 UTC 2020 /home/travis/build/icyphy/ptII/ptolemy/actor/lib/test/auto/LevelCrossTest8.xml
----------------- Instantiating /home/travis/build/icyphy/ptII/ptolemy/actor/lib/test/auto/LevelCrossTest8.xml
1 ms. Memory: 524288K Free: 414362K (79%)
----------------- Invoking toplevel() on ptolemy.moml.MoMLSimpleApplication@7ac8e0a6
----------------- Done invoking toplevel() on ptolemy.moml.MoMLSimpleApplication@7ac8e0a6
reloadAllAccessors: .LevelCrossTest8

===========================================================================================
----------------- testing Mon Jun 22 14:49:42 UTC 2020 /home/travis/build/icyphy/ptII/ptolemy/actor/lib/test/auto/LevelCrossTest9.xml
----------------- Instantiating /home/travis/build/icyphy/ptII/ptolemy/actor/lib/test/auto/LevelCrossTest9.xml
1 ms. Memory: 524288K Free: 407708K (78%)
----------------- Invoking toplevel() on ptolemy.moml.MoMLSimpleApplication@64dc29b2
----------------- Done invoking toplevel() on ptolemy.moml.MoMLSimpleApplication@64dc29b2
reloadAllAccessors: .LevelCrossTest9

===========================================================================================
----------------- testing Mon Jun 22 14:49:42 UTC 2020 /home/travis/build/icyphy/ptII/ptolemy/actor/lib/test/auto/LevinsonDurbin.xml
----------------- Instantiating /home/travis/build/icyphy/ptII/ptolemy/actor/lib/test/auto/LevinsonDurbin.xml
1 ms. Memory: 524288K Free: 403612K (77%)
----------------- Invoking toplevel() on ptolemy.moml.MoMLSimpleApplication@481c73a1
----------------- Done invoking toplevel() on ptolemy.moml.MoMLSimpleApplication@481c73a1
reloadAllAccessors: .LevinsonDurbin

===========================================================================================
----------------- testing Mon Jun 22 14:49:42 UTC 2020 /home/travis/build/icyphy/ptII/ptolemy/actor/lib/test/auto/LevinsonDurbin2.xml
----------------- Instantiating /home/travis/build/icyphy/ptII/ptolemy/actor/lib/test/auto/LevinsonDurbin2.xml
1 ms. Memory: 524288K Free: 399516K (76%)
----------------- Invoking toplevel() on ptolemy.moml.MoMLSimpleApplication@61ad9176
----------------- Done invoking toplevel() on ptolemy.moml.MoMLSimpleApplication@61ad9176
reloadAllAccessors: .LevinsonDurbin2

===========================================================================================
----------------- testing Mon Jun 22 14:49:42 UTC 2020 /home/travis/build/icyphy/ptII/ptolemy/actor/lib/test/auto/LevinsonDurbin3.xml
----------------- Instantiating /home/travis/build/icyphy/ptII/ptolemy/actor/lib/test/auto/LevinsonDurbin3.xml
1 ms. Memory: 524288K Free: 395930K (76%)
----------------- Invoking toplevel() on ptolemy.moml.MoMLSimpleApplication@48973e3e
----------------- Done invoking toplevel() on ptolemy.moml.MoMLSimpleApplication@48973e3e
reloadAllAccessors: .LevinsonDurbin3

===========================================================================================
----------------- testing Mon Jun 22 14:49:42 UTC 2020 /home/travis/build/icyphy/ptII/ptolemy/actor/lib/test/auto/Limiter.xml
----------------- Instantiating /home/travis/build/icyphy/ptII/ptolemy/actor/lib/test/auto/Limiter.xml
10 ms. Memory: 524288K Free: 386700K (74%)
----------------- Invoking toplevel() on ptolemy.moml.MoMLSimpleApplication@3f6e4ec3
----------------- Done invoking toplevel() on ptolemy.moml.MoMLSimpleApplication@3f6e4ec3
reloadAllAccessors: .Limiter

===========================================================================================
----------------- testing Mon Jun 22 14:49:42 UTC 2020 /home/travis/build/icyphy/ptII/ptolemy/actor/lib/test/auto/LinearDifferenceEquationSystem.xml
----------------- Instantiating /home/travis/build/icyphy/ptII/ptolemy/actor/lib/test/auto/LinearDifferenceEquationSystem.xml
2 ms. Memory: 524288K Free: 379546K (72%)
----------------- Invoking toplevel() on ptolemy.moml.MoMLSimpleApplication@9b84085
----------------- Done invoking toplevel() on ptolemy.moml.MoMLSimpleApplication@9b84085
reloadAllAccessors: .LinearDifferenceEquationSystem

===========================================================================================
----------------- testing Mon Jun 22 14:49:42 UTC 2020 /home/travis/build/icyphy/ptII/ptolemy/actor/lib/test/auto/LookupTable.xml
----------------- Instantiating /home/travis/build/icyphy/ptII/ptolemy/actor/lib/test/auto/LookupTable.xml
1 ms. Memory: 524288K Free: 374940K (72%)
----------------- Invoking toplevel() on ptolemy.moml.MoMLSimpleApplication@5b8d69c1
----------------- Done invoking toplevel() on ptolemy.moml.MoMLSimpleApplication@5b8d69c1
reloadAllAccessors: .LookupTable

===========================================================================================
----------------- testing Mon Jun 22 14:49:42 UTC 2020 /home/travis/build/icyphy/ptII/ptolemy/actor/lib/test/auto/MathFunction.xml
----------------- Instantiating /home/travis/build/icyphy/ptII/ptolemy/actor/lib/test/auto/MathFunction.xml
1 ms. Memory: 524288K Free: 367258K (70%)
----------------- Invoking toplevel() on ptolemy.moml.MoMLSimpleApplication@7677c068
----------------- Done invoking toplevel() on ptolemy.moml.MoMLSimpleApplication@7677c068
reloadAllAccessors: .MathFunction

===========================================================================================
----------------- testing Mon Jun 22 14:49:43 UTC 2020 /home/travis/build/icyphy/ptII/ptolemy/actor/lib/test/auto/MathFunction2.xml
----------------- Instantiating /home/travis/build/icyphy/ptII/ptolemy/actor/lib/test/auto/MathFunction2.xml
1 ms. Memory: 524288K Free: 363162K (69%)
----------------- Invoking toplevel() on ptolemy.moml.MoMLSimpleApplication@430fa1ad
----------------- Done invoking toplevel() on ptolemy.moml.MoMLSimpleApplication@430fa1ad
reloadAllAccessors: .MathFunction2

===========================================================================================
----------------- testing Mon Jun 22 14:49:43 UTC 2020 /home/travis/build/icyphy/ptII/ptolemy/actor/lib/test/auto/MathFunction3.xml
----------------- Instantiating /home/travis/build/icyphy/ptII/ptolemy/actor/lib/test/auto/MathFunction3.xml
2 ms. Memory: 524288K Free: 355994K (68%)
----------------- Invoking toplevel() on ptolemy.moml.MoMLSimpleApplication@144241a5
----------------- Done invoking toplevel() on ptolemy.moml.MoMLSimpleApplication@144241a5
reloadAllAccessors: .MathFunction3

===========================================================================================
----------------- testing Mon Jun 22 14:49:43 UTC 2020 /home/travis/build/icyphy/ptII/ptolemy/actor/lib/test/auto/MatrixCropBoolean.xml
----------------- Instantiating /home/travis/build/icyphy/ptII/ptolemy/actor/lib/test/auto/MatrixCropBoolean.xml
1 ms. Memory: 524288K Free: 350844K (67%)
----------------- Invoking toplevel() on ptolemy.moml.MoMLSimpleApplication@6d87589
----------------- Done invoking toplevel() on ptolemy.moml.MoMLSimpleApplication@6d87589
reloadAllAccessors: .MatrixCropBoolean

===========================================================================================
----------------- testing Mon Jun 22 14:49:43 UTC 2020 /home/travis/build/icyphy/ptII/ptolemy/actor/lib/test/auto/MatrixCropComplex.xml
----------------- Instantiating /home/travis/build/icyphy/ptII/ptolemy/actor/lib/test/auto/MatrixCropComplex.xml
2 ms. Memory: 524288K Free: 346268K (66%)
----------------- Invoking toplevel() on ptolemy.moml.MoMLSimpleApplication@5eae7a7b
----------------- Done invoking toplevel() on ptolemy.moml.MoMLSimpleApplication@5eae7a7b
reloadAllAccessors: .MatrixCropComplex

===========================================================================================
----------------- testing Mon Jun 22 14:49:43 UTC 2020 /home/travis/build/icyphy/ptII/ptolemy/actor/lib/test/auto/MatrixCropDouble.xml
----------------- Instantiating /home/travis/build/icyphy/ptII/ptolemy/actor/lib/test/auto/MatrixCropDouble.xml
2 ms. Memory: 524288K Free: 341628K (65%)
----------------- Invoking toplevel() on ptolemy.moml.MoMLSimpleApplication@5bb7ba63
----------------- Done invoking toplevel() on ptolemy.moml.MoMLSimpleApplication@5bb7ba63
reloadAllAccessors: .MatrixCropDouble

===========================================================================================
----------------- testing Mon Jun 22 14:49:43 UTC 2020 /home/travis/build/icyphy/ptII/ptolemy/actor/lib/test/auto/MatrixCropFix.xml
----------------- Instantiating /home/travis/build/icyphy/ptII/ptolemy/actor/lib/test/auto/MatrixCropFix.xml
2 ms. Memory: 524288K Free: 336532K (64%)
----------------- Invoking toplevel() on ptolemy.moml.MoMLSimpleApplication@6820694c
----------------- Done invoking toplevel() on ptolemy.moml.MoMLSimpleApplication@6820694c
reloadAllAccessors: .MatrixCropFix

===========================================================================================
----------------- testing Mon Jun 22 14:49:43 UTC 2020 /home/travis/build/icyphy/ptII/ptolemy/actor/lib/test/auto/MatrixCropInt.xml
----------------- Instantiating /home/travis/build/icyphy/ptII/ptolemy/actor/lib/test/auto/MatrixCropInt.xml
3 ms. Memory: 524288K Free: 331404K (63%)
----------------- Invoking toplevel() on ptolemy.moml.MoMLSimpleApplication@72ce5a8e
----------------- Done invoking toplevel() on ptolemy.moml.MoMLSimpleApplication@72ce5a8e
reloadAllAccessors: .MatrixCropInt

===========================================================================================
----------------- testing Mon Jun 22 14:49:43 UTC 2020 /home/travis/build/icyphy/ptII/ptolemy/actor/lib/test/auto/MatrixCropLong.xml
----------------- Instantiating /home/travis/build/icyphy/ptII/ptolemy/actor/lib/test/auto/MatrixCropLong.xml
2 ms. Memory: 524288K Free: 327308K (62%)
----------------- Invoking toplevel() on ptolemy.moml.MoMLSimpleApplication@576421dd
----------------- Done invoking toplevel() on ptolemy.moml.MoMLSimpleApplication@576421dd
reloadAllAccessors: .MatrixCropLong

===========================================================================================
----------------- testing Mon Jun 22 14:49:43 UTC 2020 /home/travis/build/icyphy/ptII/ptolemy/actor/lib/test/auto/MatrixToArray.xml
----------------- Instantiating /home/travis/build/icyphy/ptII/ptolemy/actor/lib/test/auto/MatrixToArray.xml
6 ms. Memory: 524288K Free: 311962K (60%)
----------------- Invoking toplevel() on ptolemy.moml.MoMLSimpleApplication@69ab930a
----------------- Done invoking toplevel() on ptolemy.moml.MoMLSimpleApplication@69ab930a
reloadAllAccessors: .MatrixToArray

===========================================================================================
----------------- testing Mon Jun 22 14:49:43 UTC 2020 /home/travis/build/icyphy/ptII/ptolemy/actor/lib/test/auto/MaxIndex.xml
----------------- Instantiating /home/travis/build/icyphy/ptII/ptolemy/actor/lib/test/auto/MaxIndex.xml
2 ms. Memory: 524288K Free: 306842K (59%)
----------------- Invoking toplevel() on ptolemy.moml.MoMLSimpleApplication@35e1fdb1
----------------- Done invoking toplevel() on ptolemy.moml.MoMLSimpleApplication@35e1fdb1
reloadAllAccessors: .MaxIndex

===========================================================================================
----------------- testing Mon Jun 22 14:49:43 UTC 2020 /home/travis/build/icyphy/ptII/ptolemy/actor/lib/test/auto/Maximum.xml
----------------- Instantiating /home/travis/build/icyphy/ptII/ptolemy/actor/lib/test/auto/Maximum.xml
2 ms. Memory: 524288K Free: 300188K (57%)
----------------- Invoking toplevel() on ptolemy.moml.MoMLSimpleApplication@50136613
----------------- Done invoking toplevel() on ptolemy.moml.MoMLSimpleApplication@50136613
reloadAllAccessors: .Maximum

===========================================================================================
----------------- testing Mon Jun 22 14:49:43 UTC 2020 /home/travis/build/icyphy/ptII/ptolemy/actor/lib/test/auto/MaximumComplex.xml
----------------- Instantiating /home/travis/build/icyphy/ptII/ptolemy/actor/lib/test/auto/MaximumComplex.xml
3 ms. Memory: 524288K Free: 294524K (56%)
----------------- Invoking toplevel() on ptolemy.moml.MoMLSimpleApplication@66151647
----------------- Done invoking toplevel() on ptolemy.moml.MoMLSimpleApplication@66151647
reloadAllAccessors: .MaximumComplex

===========================================================================================
----------------- testing Mon Jun 22 14:49:43 UTC 2020 /home/travis/build/icyphy/ptII/ptolemy/actor/lib/test/auto/MethodCallTest.xml
----------------- Instantiating /home/travis/build/icyphy/ptII/ptolemy/actor/lib/test/auto/MethodCallTest.xml
2 ms. Memory: 524288K Free: 287900K (55%)
----------------- Invoking toplevel() on ptolemy.moml.MoMLSimpleApplication@3473875d
----------------- Done invoking toplevel() on ptolemy.moml.MoMLSimpleApplication@3473875d
reloadAllAccessors: .MethodCallTest

===========================================================================================
----------------- testing Mon Jun 22 14:49:43 UTC 2020 /home/travis/build/icyphy/ptII/ptolemy/actor/lib/test/auto/Minimum.xml
----------------- Instantiating /home/travis/build/icyphy/ptII/ptolemy/actor/lib/test/auto/Minimum.xml
2 ms. Memory: 524288K Free: 281242K (54%)
----------------- Invoking toplevel() on ptolemy.moml.MoMLSimpleApplication@6cc78e56
----------------- Done invoking toplevel() on ptolemy.moml.MoMLSimpleApplication@6cc78e56
reloadAllAccessors: .Minimum

===========================================================================================
----------------- testing Mon Jun 22 14:49:43 UTC 2020 /home/travis/build/icyphy/ptII/ptolemy/actor/lib/test/auto/MinimumComplex.xml
----------------- Instantiating /home/travis/build/icyphy/ptII/ptolemy/actor/lib/test/auto/MinimumComplex.xml
2 ms. Memory: 524288K Free: 275084K (52%)
----------------- Invoking toplevel() on ptolemy.moml.MoMLSimpleApplication@9b03c72
----------------- Done invoking toplevel() on ptolemy.moml.MoMLSimpleApplication@9b03c72
reloadAllAccessors: .MinimumComplex

===========================================================================================
----------------- testing Mon Jun 22 14:49:43 UTC 2020 /home/travis/build/icyphy/ptII/ptolemy/actor/lib/test/auto/MinimumMultiports.xml
----------------- Instantiating /home/travis/build/icyphy/ptII/ptolemy/actor/lib/test/auto/MinimumMultiports.xml
3 ms. Memory: 524288K Free: 266396K (51%)
----------------- Invoking toplevel() on ptolemy.moml.MoMLSimpleApplication@f57fc6c
----------------- Done invoking toplevel() on ptolemy.moml.MoMLSimpleApplication@f57fc6c
reloadAllAccessors: .MinimumMultiports

===========================================================================================
----------------- testing Mon Jun 22 14:49:43 UTC 2020 /home/travis/build/icyphy/ptII/ptolemy/actor/lib/test/auto/ModifyDate.xml
----------------- Instantiating /home/travis/build/icyphy/ptII/ptolemy/actor/lib/test/auto/ModifyDate.xml
4 ms. Memory: 524288K Free: 254108K (48%)
----------------- Invoking toplevel() on ptolemy.moml.MoMLSimpleApplication@50f060ba
----------------- Done invoking toplevel() on ptolemy.moml.MoMLSimpleApplication@50f060ba
reloadAllAccessors: .ModifyDate

===========================================================================================
----------------- testing Mon Jun 22 14:49:43 UTC 2020 /home/travis/build/icyphy/ptII/ptolemy/actor/lib/test/auto/ModifyDate2.xml
----------------- Instantiating /home/travis/build/icyphy/ptII/ptolemy/actor/lib/test/auto/ModifyDate2.xml
5 ms. Memory: 524288K Free: 245402K (47%)
----------------- Invoking toplevel() on ptolemy.moml.MoMLSimpleApplication@71b54ab3
----------------- Done invoking toplevel() on ptolemy.moml.MoMLSimpleApplication@71b54ab3
reloadAllAccessors: .ModifyDate2

===========================================================================================
----------------- testing Mon Jun 22 14:49:43 UTC 2020 /home/travis/build/icyphy/ptII/ptolemy/actor/lib/test/auto/MovingAverage.xml
----------------- Instantiating /home/travis/build/icyphy/ptII/ptolemy/actor/lib/test/auto/MovingAverage.xml
1 ms. Memory: 524288K Free: 240282K (46%)
----------------- Invoking toplevel() on ptolemy.moml.MoMLSimpleApplication@725998a7
----------------- Done invoking toplevel() on ptolemy.moml.MoMLSimpleApplication@725998a7
reloadAllAccessors: .MovingAverage

===========================================================================================
----------------- testing Mon Jun 22 14:49:43 UTC 2020 /home/travis/build/icyphy/ptII/ptolemy/actor/lib/test/auto/MovingMaximum.xml
----------------- Instantiating /home/travis/build/icyphy/ptII/ptolemy/actor/lib/test/auto/MovingMaximum.xml
1 ms. Memory: 524288K Free: 235676K (45%)
----------------- Invoking toplevel() on ptolemy.moml.MoMLSimpleApplication@38f2c068
----------------- Done invoking toplevel() on ptolemy.moml.MoMLSimpleApplication@38f2c068
reloadAllAccessors: .MovingMaximum

===========================================================================================
----------------- testing Mon Jun 22 14:49:43 UTC 2020 /home/travis/build/icyphy/ptII/ptolemy/actor/lib/test/auto/MultipleLinksToSameRelation.xml
----------------- Instantiating /home/travis/build/icyphy/ptII/ptolemy/actor/lib/test/auto/MultipleLinksToSameRelation.xml
1 ms. Memory: 524288K Free: 232090K (44%)
----------------- Invoking toplevel() on ptolemy.moml.MoMLSimpleApplication@41811c85
----------------- Done invoking toplevel() on ptolemy.moml.MoMLSimpleApplication@41811c85
reloadAllAccessors: .MultipleLinksToSameRelation

===========================================================================================
----------------- testing Mon Jun 22 14:49:43 UTC 2020 /home/travis/build/icyphy/ptII/ptolemy/actor/lib/test/auto/MultipleLinksToSameRelationDE.xml
----------------- Instantiating /home/travis/build/icyphy/ptII/ptolemy/actor/lib/test/auto/MultipleLinksToSameRelationDE.xml
9 ms. Memory: 524288K Free: 227484K (43%)
----------------- Invoking toplevel() on ptolemy.moml.MoMLSimpleApplication@21272f9b
----------------- Done invoking toplevel() on ptolemy.moml.MoMLSimpleApplication@21272f9b
reloadAllAccessors: .MultipleLinksToSameRelationDE

===========================================================================================
----------------- testing Mon Jun 22 14:49:43 UTC 2020 /home/travis/build/icyphy/ptII/ptolemy/actor/lib/test/auto/Multiplexor.xml
----------------- Instantiating /home/travis/build/icyphy/ptII/ptolemy/actor/lib/test/auto/Multiplexor.xml
2 ms. Memory: 524288K Free: 221850K (42%)
----------------- Invoking toplevel() on ptolemy.moml.MoMLSimpleApplication@6cad95e9
----------------- Done invoking toplevel() on ptolemy.moml.MoMLSimpleApplication@6cad95e9
reloadAllAccessors: .Multiplexor

===========================================================================================
----------------- testing Mon Jun 22 14:49:43 UTC 2020 /home/travis/build/icyphy/ptII/ptolemy/actor/lib/test/auto/Multiplexor1.xml
----------------- Instantiating /home/travis/build/icyphy/ptII/ptolemy/actor/lib/test/auto/Multiplexor1.xml
2 ms. Memory: 524288K Free: 216220K (41%)
----------------- Invoking toplevel() on ptolemy.moml.MoMLSimpleApplication@5155c027
----------------- Done invoking toplevel() on ptolemy.moml.MoMLSimpleApplication@5155c027
reloadAllAccessors: .Multiplexor1

===========================================================================================
----------------- testing Mon Jun 22 14:49:43 UTC 2020 /home/travis/build/icyphy/ptII/ptolemy/actor/lib/test/auto/Multiplexor2.xml
----------------- Instantiating /home/travis/build/icyphy/ptII/ptolemy/actor/lib/test/auto/Multiplexor2.xml
4 ms. Memory: 524288K Free: 209562K (40%)
----------------- Invoking toplevel() on ptolemy.moml.MoMLSimpleApplication@352513c4
----------------- Done invoking toplevel() on ptolemy.moml.MoMLSimpleApplication@352513c4
reloadAllAccessors: .Multiplexor2

===========================================================================================
----------------- testing Mon Jun 22 14:49:43 UTC 2020 /home/travis/build/icyphy/ptII/ptolemy/actor/lib/test/auto/Multiplexor3.xml
----------------- Instantiating /home/travis/build/icyphy/ptII/ptolemy/actor/lib/test/auto/Multiplexor3.xml
2 ms. Memory: 524288K Free: 205980K (39%)
----------------- Invoking toplevel() on ptolemy.moml.MoMLSimpleApplication@24355ed6
----------------- Done invoking toplevel() on ptolemy.moml.MoMLSimpleApplication@24355ed6
reloadAllAccessors: .Multiplexor3

===========================================================================================
----------------- testing Mon Jun 22 14:49:43 UTC 2020 /home/travis/build/icyphy/ptII/ptolemy/actor/lib/test/auto/MultiplexorDE.xml
----------------- Instantiating /home/travis/build/icyphy/ptII/ptolemy/actor/lib/test/auto/MultiplexorDE.xml
2 ms. Memory: 524288K Free: 198268K (38%)
----------------- Invoking toplevel() on ptolemy.moml.MoMLSimpleApplication@2c42e0d9
----------------- Done invoking toplevel() on ptolemy.moml.MoMLSimpleApplication@2c42e0d9
reloadAllAccessors: .MultiplexorDE

===========================================================================================
----------------- testing Mon Jun 22 14:49:43 UTC 2020 /home/travis/build/icyphy/ptII/ptolemy/actor/lib/test/auto/MultiportBroadcastTest.xml
----------------- Instantiating /home/travis/build/icyphy/ptII/ptolemy/actor/lib/test/auto/MultiportBroadcastTest.xml
60 ms. Memory: 524288K Free: 192138K (37%)
----------------- Invoking toplevel() on ptolemy.moml.MoMLSimpleApplication@206686b5
----------------- Done invoking toplevel() on ptolemy.moml.MoMLSimpleApplication@206686b5
reloadAllAccessors: .MultiportBroadcastTest

===========================================================================================
----------------- testing Mon Jun 22 14:49:43 UTC 2020 /home/travis/build/icyphy/ptII/ptolemy/actor/lib/test/auto/MultiportOutHangDuringGetWidth.xml
----------------- Instantiating /home/travis/build/icyphy/ptII/ptolemy/actor/lib/test/auto/MultiportOutHangDuringGetWidth.xml
5 ms. Memory: 524288K Free: 180380K (34%)
----------------- Invoking toplevel() on ptolemy.moml.MoMLSimpleApplication@78a58f65
----------------- Done invoking toplevel() on ptolemy.moml.MoMLSimpleApplication@78a58f65
reloadAllAccessors: .MultiportOutHangDuringGetWidth

===========================================================================================
----------------- testing Mon Jun 22 14:49:43 UTC 2020 /home/travis/build/icyphy/ptII/ptolemy/actor/lib/test/auto/NilToken.xml
----------------- Instantiating /home/travis/build/icyphy/ptII/ptolemy/actor/lib/test/auto/NilToken.xml
1 ms. Memory: 524288K Free: 176284K (34%)
----------------- Invoking toplevel() on ptolemy.moml.MoMLSimpleApplication@4239f5a1
----------------- Done invoking toplevel() on ptolemy.moml.MoMLSimpleApplication@4239f5a1
reloadAllAccessors: .NilToken

===========================================================================================
----------------- testing Mon Jun 22 14:49:43 UTC 2020 /home/travis/build/icyphy/ptII/ptolemy/actor/lib/test/auto/NilTokenNonStrictTest.xml
----------------- Instantiating /home/travis/build/icyphy/ptII/ptolemy/actor/lib/test/auto/NilTokenNonStrictTest.xml
2 ms. Memory: 524288K Free: 171674K (33%)
----------------- Invoking toplevel() on ptolemy.moml.MoMLSimpleApplication@3e428ee7
----------------- Done invoking toplevel() on ptolemy.moml.MoMLSimpleApplication@3e428ee7
reloadAllAccessors: .NilTokenNonStrictTest

===========================================================================================
----------------- testing Mon Jun 22 14:49:43 UTC 2020 /home/travis/build/icyphy/ptII/ptolemy/actor/lib/test/auto/NilTokenRecord.xml
----------------- Instantiating /home/travis/build/icyphy/ptII/ptolemy/actor/lib/test/auto/NilTokenRecord.xml
4 ms. Memory: 524288K Free: 165020K (31%)
----------------- Invoking toplevel() on ptolemy.moml.MoMLSimpleApplication@26ecb46d
----------------- Done invoking toplevel() on ptolemy.moml.MoMLSimpleApplication@26ecb46d
reloadAllAccessors: .NilTokenRecord

===========================================================================================
----------------- testing Mon Jun 22 14:49:43 UTC 2020 /home/travis/build/icyphy/ptII/ptolemy/actor/lib/test/auto/NilTokenTypeTest.xml
----------------- Instantiating /home/travis/build/icyphy/ptII/ptolemy/actor/lib/test/auto/NilTokenTypeTest.xml
5 ms. Memory: 524288K Free: 465826K (89%)
----------------- Invoking toplevel() on ptolemy.moml.MoMLSimpleApplication@53af185e
----------------- Done invoking toplevel() on ptolemy.moml.MoMLSimpleApplication@53af185e
reloadAllAccessors: .NilTokenTypeTest

===========================================================================================
----------------- testing Mon Jun 22 14:49:43 UTC 2020 /home/travis/build/icyphy/ptII/ptolemy/actor/lib/test/auto/ObjectToken1.xml
----------------- Instantiating /home/travis/build/icyphy/ptII/ptolemy/actor/lib/test/auto/ObjectToken1.xml
2 ms. Memory: 524288K Free: 461730K (88%)
----------------- Invoking toplevel() on ptolemy.moml.MoMLSimpleApplication@3378b2d
----------------- Done invoking toplevel() on ptolemy.moml.MoMLSimpleApplication@3378b2d
reloadAllAccessors: .ObjectToken1

===========================================================================================
----------------- testing Mon Jun 22 14:49:43 UTC 2020 /home/travis/build/icyphy/ptII/ptolemy/actor/lib/test/auto/OrderedMerge.xml
----------------- Instantiating /home/travis/build/icyphy/ptII/ptolemy/actor/lib/test/auto/OrderedMerge.xml
6 ms. Memory: 524288K Free: 456100K (87%)
----------------- Invoking toplevel() on ptolemy.moml.MoMLSimpleApplication@51420418
----------------- Done invoking toplevel() on ptolemy.moml.MoMLSimpleApplication@51420418
reloadAllAccessors: .OrderedMerge

===========================================================================================
----------------- testing Mon Jun 22 14:49:43 UTC 2020 /home/travis/build/icyphy/ptII/ptolemy/actor/lib/test/auto/OrderedRecordDisassembler.xml
----------------- Instantiating /home/travis/build/icyphy/ptII/ptolemy/actor/lib/test/auto/OrderedRecordDisassembler.xml
3 ms. Memory: 524288K Free: 451476K (86%)
----------------- Invoking toplevel() on ptolemy.moml.MoMLSimpleApplication@1775e74a
----------------- Done invoking toplevel() on ptolemy.moml.MoMLSimpleApplication@1775e74a
reloadAllAccessors: .OrderedRecordDisassembler

===========================================================================================
----------------- testing Mon Jun 22 14:49:43 UTC 2020 /home/travis/build/icyphy/ptII/ptolemy/actor/lib/test/auto/OrderedRecordDisassembler2.xml
----------------- Instantiating /home/travis/build/icyphy/ptII/ptolemy/actor/lib/test/auto/OrderedRecordDisassembler2.xml
3 ms. Memory: 524288K Free: 443812K (85%)
----------------- Invoking toplevel() on ptolemy.moml.MoMLSimpleApplication@60e7a823
----------------- Done invoking toplevel() on ptolemy.moml.MoMLSimpleApplication@60e7a823
reloadAllAccessors: .OrderedRecordDisassembler2

===========================================================================================
----------------- testing Mon Jun 22 14:49:43 UTC 2020 /home/travis/build/icyphy/ptII/ptolemy/actor/lib/test/auto/OrderedRecordUpdater.xml
----------------- Instantiating /home/travis/build/icyphy/ptII/ptolemy/actor/lib/test/auto/OrderedRecordUpdater.xml
2 ms. Memory: 524288K Free: 439202K (84%)
----------------- Invoking toplevel() on ptolemy.moml.MoMLSimpleApplication@f9e677e
----------------- Done invoking toplevel() on ptolemy.moml.MoMLSimpleApplication@f9e677e
reloadAllAccessors: .RecordUpdater

===========================================================================================
----------------- testing Mon Jun 22 14:49:43 UTC 2020 /home/travis/build/icyphy/ptII/ptolemy/actor/lib/test/auto/OrderedRecordUpdater2.xml
----------------- Instantiating /home/travis/build/icyphy/ptII/ptolemy/actor/lib/test/auto/OrderedRecordUpdater2.xml
1 ms. Memory: 524288K Free: 434596K (83%)
----------------- Invoking toplevel() on ptolemy.moml.MoMLSimpleApplication@2472caf9
----------------- Done invoking toplevel() on ptolemy.moml.MoMLSimpleApplication@2472caf9
reloadAllAccessors: .RecordUpdater2

===========================================================================================
----------------- testing Mon Jun 22 14:49:43 UTC 2020 /home/travis/build/icyphy/ptII/ptolemy/actor/lib/test/auto/PhaseUnwrap.xml
----------------- Instantiating /home/travis/build/icyphy/ptII/ptolemy/actor/lib/test/auto/PhaseUnwrap.xml
2 ms. Memory: 524288K Free: 429986K (82%)
----------------- Invoking toplevel() on ptolemy.moml.MoMLSimpleApplication@d936240
----------------- Done invoking toplevel() on ptolemy.moml.MoMLSimpleApplication@d936240
reloadAllAccessors: .PhaseUnwrap

===========================================================================================
----------------- testing Mon Jun 22 14:49:43 UTC 2020 /home/travis/build/icyphy/ptII/ptolemy/actor/lib/test/auto/PoissonClock.xml
----------------- Instantiating /home/travis/build/icyphy/ptII/ptolemy/actor/lib/test/auto/PoissonClock.xml
1 ms. Memory: 524288K Free: 425890K (81%)
----------------- Invoking toplevel() on ptolemy.moml.MoMLSimpleApplication@18074fcc
----------------- Done invoking toplevel() on ptolemy.moml.MoMLSimpleApplication@18074fcc
reloadAllAccessors: .PoissonClock

===========================================================================================
----------------- testing Mon Jun 22 14:49:43 UTC 2020 /home/travis/build/icyphy/ptII/ptolemy/actor/lib/test/auto/PoissonClock2.xml
----------------- Instantiating /home/travis/build/icyphy/ptII/ptolemy/actor/lib/test/auto/PoissonClock2.xml
1 ms. Memory: 524288K Free: 421284K (80%)
----------------- Invoking toplevel() on ptolemy.moml.MoMLSimpleApplication@224f9dda
----------------- Done invoking toplevel() on ptolemy.moml.MoMLSimpleApplication@224f9dda
reloadAllAccessors: .PoissonClock2

===========================================================================================
----------------- testing Mon Jun 22 14:49:43 UTC 2020 /home/travis/build/icyphy/ptII/ptolemy/actor/lib/test/auto/PoissonClock3.xml
----------------- Instantiating /home/travis/build/icyphy/ptII/ptolemy/actor/lib/test/auto/PoissonClock3.xml
1 ms. Memory: 524288K Free: 417188K (80%)
----------------- Invoking toplevel() on ptolemy.moml.MoMLSimpleApplication@5668259f
----------------- Done invoking toplevel() on ptolemy.moml.MoMLSimpleApplication@5668259f
reloadAllAccessors: .PoissonClock3

===========================================================================================
----------------- testing Mon Jun 22 14:49:43 UTC 2020 /home/travis/build/icyphy/ptII/ptolemy/actor/lib/test/auto/PubSubWithInitialTokens.xml
----------------- Instantiating /home/travis/build/icyphy/ptII/ptolemy/actor/lib/test/auto/PubSubWithInitialTokens.xml
2 ms. Memory: 524288K Free: 411548K (78%)
----------------- Invoking toplevel() on ptolemy.moml.MoMLSimpleApplication@1b9c312f
----------------- Done invoking toplevel() on ptolemy.moml.MoMLSimpleApplication@1b9c312f
reloadAllAccessors: .PubSubWithInitialTokens

===========================================================================================
----------------- testing Mon Jun 22 14:49:43 UTC 2020 /home/travis/build/icyphy/ptII/ptolemy/actor/lib/test/auto/PubSubWithInitialTokens2.xml
----------------- Instantiating /home/travis/build/icyphy/ptII/ptolemy/actor/lib/test/auto/PubSubWithInitialTokens2.xml
2 ms. Memory: 524288K Free: 405404K (77%)
----------------- Invoking toplevel() on ptolemy.moml.MoMLSimpleApplication@3c0c9ea6
----------------- Done invoking toplevel() on ptolemy.moml.MoMLSimpleApplication@3c0c9ea6
reloadAllAccessors: .PubSubWithInitialTokens2

===========================================================================================
----------------- testing Mon Jun 22 14:49:43 UTC 2020 /home/travis/build/icyphy/ptII/ptolemy/actor/lib/test/auto/PublisherClassNoParameter.xml
----------------- Instantiating /home/travis/build/icyphy/ptII/ptolemy/actor/lib/test/auto/PublisherClassNoParameter.xml
2 ms. Memory: 524288K Free: 395684K (75%)
----------------- Invoking toplevel() on ptolemy.moml.MoMLSimpleApplication@7e18ed21
----------------- Done invoking toplevel() on ptolemy.moml.MoMLSimpleApplication@7e18ed21
reloadAllAccessors: .PublisherClassNoParameter

===========================================================================================
----------------- testing Mon Jun 22 14:49:43 UTC 2020 /home/travis/build/icyphy/ptII/ptolemy/actor/lib/test/auto/PublisherClassParameter.xml
----------------- Instantiating /home/travis/build/icyphy/ptII/ptolemy/actor/lib/test/auto/PublisherClassParameter.xml
2 ms. Memory: 524288K Free: 385444K (74%)
----------------- Invoking toplevel() on ptolemy.moml.MoMLSimpleApplication@764e6a10
----------------- Done invoking toplevel() on ptolemy.moml.MoMLSimpleApplication@764e6a10
reloadAllAccessors: .PublisherClassParameter

===========================================================================================
----------------- testing Mon Jun 22 14:49:43 UTC 2020 /home/travis/build/icyphy/ptII/ptolemy/actor/lib/test/auto/PublisherNonStrictTest.xml
----------------- Instantiating /home/travis/build/icyphy/ptII/ptolemy/actor/lib/test/auto/PublisherNonStrictTest.xml
3 ms. Memory: 524288K Free: 377756K (72%)
----------------- Invoking toplevel() on ptolemy.moml.MoMLSimpleApplication@4e2e87e5
----------------- Done invoking toplevel() on ptolemy.moml.MoMLSimpleApplication@4e2e87e5
reloadAllAccessors: .PublisherNonStrictTest

===========================================================================================
----------------- testing Mon Jun 22 14:49:43 UTC 2020 /home/travis/build/icyphy/ptII/ptolemy/actor/lib/test/auto/PublisherPort1.xml
----------------- Instantiating /home/travis/build/icyphy/ptII/ptolemy/actor/lib/test/auto/PublisherPort1.xml
9 ms. Memory: 524288K Free: 372612K (71%)
----------------- Invoking toplevel() on ptolemy.moml.MoMLSimpleApplication@78319d91
----------------- Done invoking toplevel() on ptolemy.moml.MoMLSimpleApplication@78319d91
reloadAllAccessors: .PublisherPort1

===========================================================================================
----------------- testing Mon Jun 22 14:49:43 UTC 2020 /home/travis/build/icyphy/ptII/ptolemy/actor/lib/test/auto/PublisherPort2.xml
----------------- Instantiating /home/travis/build/icyphy/ptII/ptolemy/actor/lib/test/auto/PublisherPort2.xml
1 ms. Memory: 524288K Free: 367522K (70%)
----------------- Invoking toplevel() on ptolemy.moml.MoMLSimpleApplication@301bba1c
----------------- Done invoking toplevel() on ptolemy.moml.MoMLSimpleApplication@301bba1c
reloadAllAccessors: .PublisherPort2

===========================================================================================
----------------- testing Mon Jun 22 14:49:43 UTC 2020 /home/travis/build/icyphy/ptII/ptolemy/actor/lib/test/auto/PublisherPort3.xml
----------------- Instantiating /home/travis/build/icyphy/ptII/ptolemy/actor/lib/test/auto/PublisherPort3.xml
3 ms. Memory: 524288K Free: 360868K (69%)
----------------- Invoking toplevel() on ptolemy.moml.MoMLSimpleApplication@45b4d447
----------------- Done invoking toplevel() on ptolemy.moml.MoMLSimpleApplication@45b4d447
reloadAllAccessors: .PublisherPort3

===========================================================================================
----------------- testing Mon Jun 22 14:49:43 UTC 2020 /home/travis/build/icyphy/ptII/ptolemy/actor/lib/test/auto/PublisherPort4.xml
----------------- Instantiating /home/travis/build/icyphy/ptII/ptolemy/actor/lib/test/auto/PublisherPort4.xml
2 ms. Memory: 524288K Free: 355228K (68%)
----------------- Invoking toplevel() on ptolemy.moml.MoMLSimpleApplication@4fbdd23
----------------- Done invoking toplevel() on ptolemy.moml.MoMLSimpleApplication@4fbdd23
reloadAllAccessors: .PublisherPort4

===========================================================================================
----------------- testing Mon Jun 22 14:49:43 UTC 2020 /home/travis/build/icyphy/ptII/ptolemy/actor/lib/test/auto/PublisherPort5.xml
----------------- Instantiating /home/travis/build/icyphy/ptII/ptolemy/actor/lib/test/auto/PublisherPort5.xml
2 ms. Memory: 524288K Free: 347556K (66%)
----------------- Invoking toplevel() on ptolemy.moml.MoMLSimpleApplication@4b8d4d2b
----------------- Done invoking toplevel() on ptolemy.moml.MoMLSimpleApplication@4b8d4d2b
reloadAllAccessors: .PublisherPort5

===========================================================================================
----------------- testing Mon Jun 22 14:49:43 UTC 2020 /home/travis/build/icyphy/ptII/ptolemy/actor/lib/test/auto/PublisherPort5LookAlike.xml
----------------- Instantiating /home/travis/build/icyphy/ptII/ptolemy/actor/lib/test/auto/PublisherPort5LookAlike.xml
6 ms. Memory: 524288K Free: 339868K (65%)
----------------- Invoking toplevel() on ptolemy.moml.MoMLSimpleApplication@1bd02386
----------------- Done invoking toplevel() on ptolemy.moml.MoMLSimpleApplication@1bd02386
reloadAllAccessors: .PublisherPort5LookAlike

===========================================================================================
----------------- testing Mon Jun 22 14:49:43 UTC 2020 /home/travis/build/icyphy/ptII/ptolemy/actor/lib/test/auto/PublisherPort6.xml
----------------- Instantiating /home/travis/build/icyphy/ptII/ptolemy/actor/lib/test/auto/PublisherPort6.xml
2 ms. Memory: 524288K Free: 333220K (64%)
----------------- Invoking toplevel() on ptolemy.moml.MoMLSimpleApplication@7530af09
----------------- Done invoking toplevel() on ptolemy.moml.MoMLSimpleApplication@7530af09
reloadAllAccessors: .PublisherPort6

===========================================================================================
----------------- testing Mon Jun 22 14:49:44 UTC 2020 /home/travis/build/icyphy/ptII/ptolemy/actor/lib/test/auto/PublisherPort7.xml
----------------- Instantiating /home/travis/build/icyphy/ptII/ptolemy/actor/lib/test/auto/PublisherPort7.xml
3 ms. Memory: 524288K Free: 325538K (62%)
----------------- Invoking toplevel() on ptolemy.moml.MoMLSimpleApplication@1625961a
----------------- Done invoking toplevel() on ptolemy.moml.MoMLSimpleApplication@1625961a
reloadAllAccessors: .PublisherPort7

===========================================================================================
----------------- testing Mon Jun 22 14:49:44 UTC 2020 /home/travis/build/icyphy/ptII/ptolemy/actor/lib/test/auto/PublisherPort8.xml
----------------- Instantiating /home/travis/build/icyphy/ptII/ptolemy/actor/lib/test/auto/PublisherPort8.xml
4 ms. Memory: 524288K Free: 317346K (61%)
----------------- Invoking toplevel() on ptolemy.moml.MoMLSimpleApplication@507b5a02
----------------- Done invoking toplevel() on ptolemy.moml.MoMLSimpleApplication@507b5a02
reloadAllAccessors: .PublisherPort8

===========================================================================================
----------------- testing Mon Jun 22 14:49:44 UTC 2020 /home/travis/build/icyphy/ptII/ptolemy/actor/lib/test/auto/PublisherPortSubscriberChannelVariablesAOC2.xml
----------------- Instantiating /home/travis/build/icyphy/ptII/ptolemy/actor/lib/test/auto/PublisherPortSubscriberChannelVariablesAOC2.xml
2 ms. Memory: 524288K Free: 299932K (57%)
----------------- Invoking toplevel() on ptolemy.moml.MoMLSimpleApplication@27393f1
----------------- Done invoking toplevel() on ptolemy.moml.MoMLSimpleApplication@27393f1
reloadAllAccessors: .PublisherPortSubscriberChannelVariablesAOC2

===========================================================================================
----------------- testing Mon Jun 22 14:49:44 UTC 2020 /home/travis/build/icyphy/ptII/ptolemy/actor/lib/test/auto/PublisherPortSubscriberOpaqueWidthInference.xml
----------------- Instantiating /home/travis/build/icyphy/ptII/ptolemy/actor/lib/test/auto/PublisherPortSubscriberOpaqueWidthInference.xml
3 ms. Memory: 524288K Free: 292260K (56%)
----------------- Invoking toplevel() on ptolemy.moml.MoMLSimpleApplication@15b68797
----------------- Done invoking toplevel() on ptolemy.moml.MoMLSimpleApplication@15b68797
reloadAllAccessors: .PublisherPortSubscriberOpaqueWidthInference

===========================================================================================
----------------- testing Mon Jun 22 14:49:44 UTC 2020 /home/travis/build/icyphy/ptII/ptolemy/actor/lib/test/auto/PublisherPortSubscriberPortAdjacent.xml
----------------- Instantiating /home/travis/build/icyphy/ptII/ptolemy/actor/lib/test/auto/PublisherPortSubscriberPortAdjacent.xml
2 ms. Memory: 524288K Free: 284068K (54%)
----------------- Invoking toplevel() on ptolemy.moml.MoMLSimpleApplication@18eac0b3
----------------- Done invoking toplevel() on ptolemy.moml.MoMLSimpleApplication@18eac0b3
reloadAllAccessors: .PublisherPortSubscriberPortAdjacent

===========================================================================================
----------------- testing Mon Jun 22 14:49:44 UTC 2020 /home/travis/build/icyphy/ptII/ptolemy/actor/lib/test/auto/PublisherPortSubscriberPortExpression.xml
----------------- Instantiating /home/travis/build/icyphy/ptII/ptolemy/actor/lib/test/auto/PublisherPortSubscriberPortExpression.xml
3 ms. Memory: 524288K Free: 276372K (53%)
----------------- Invoking toplevel() on ptolemy.moml.MoMLSimpleApplication@78483601
----------------- Done invoking toplevel() on ptolemy.moml.MoMLSimpleApplication@78483601
reloadAllAccessors: .PublisherPortSubscriberPortExpression

===========================================================================================
----------------- testing Mon Jun 22 14:49:44 UTC 2020 /home/travis/build/icyphy/ptII/ptolemy/actor/lib/test/auto/PublisherPortSubscriberPortOpaqueD3Reverse.xml
----------------- Instantiating /home/travis/build/icyphy/ptII/ptolemy/actor/lib/test/auto/PublisherPortSubscriberPortOpaqueD3Reverse.xml
6 ms. Memory: 524288K Free: 266146K (51%)
----------------- Invoking toplevel() on ptolemy.moml.MoMLSimpleApplication@5dfa65a1
----------------- Done invoking toplevel() on ptolemy.moml.MoMLSimpleApplication@5dfa65a1
reloadAllAccessors: .PublisherPortSubscriberPortOpaqueD3Reverse

===========================================================================================
----------------- testing Mon Jun 22 14:49:44 UTC 2020 /home/travis/build/icyphy/ptII/ptolemy/actor/lib/test/auto/PublisherPortSubscriberPortOpaqueWidthInference.xml
----------------- Instantiating /home/travis/build/icyphy/ptII/ptolemy/actor/lib/test/auto/PublisherPortSubscriberPortOpaqueWidthInference.xml
3 ms. Memory: 524288K Free: 258468K (49%)
----------------- Invoking toplevel() on ptolemy.moml.MoMLSimpleApplication@6d593711
----------------- Done invoking toplevel() on ptolemy.moml.MoMLSimpleApplication@6d593711
reloadAllAccessors: .PublisherPortSubscriberPortOpaqueWidthInference

===========================================================================================
----------------- testing Mon Jun 22 14:49:44 UTC 2020 /home/travis/build/icyphy/ptII/ptolemy/actor/lib/test/auto/PublisherPortToplevelSubscriberPortAOC.xml
----------------- Instantiating /home/travis/build/icyphy/ptII/ptolemy/actor/lib/test/auto/PublisherPortToplevelSubscriberPortAOC.xml
.PublisherPortToplevelSubscriberPortAOC.TestExceptionAttribute: initialize() was not invoked, but wrapup() was.  This is unusual, but not always a problem.  For example, exporting JNLP will do this.
1 ms. Memory: 524288K Free: 252324K (48%)
----------------- Invoking toplevel() on ptolemy.moml.MoMLSimpleApplication@6eb4b4b8
----------------- Done invoking toplevel() on ptolemy.moml.MoMLSimpleApplication@6eb4b4b8
reloadAllAccessors: .PublisherPortToplevelSubscriberPortAOC

===========================================================================================
----------------- testing Mon Jun 22 14:49:44 UTC 2020 /home/travis/build/icyphy/ptII/ptolemy/actor/lib/test/auto/PublisherSubscriber.xml
----------------- Instantiating /home/travis/build/icyphy/ptII/ptolemy/actor/lib/test/auto/PublisherSubscriber.xml
3 ms. Memory: 524288K Free: 245156K (47%)
----------------- Invoking toplevel() on ptolemy.moml.MoMLSimpleApplication@698d5f66
----------------- Done invoking toplevel() on ptolemy.moml.MoMLSimpleApplication@698d5f66
reloadAllAccessors: .PublisherSubscriber

===========================================================================================
----------------- testing Mon Jun 22 14:49:44 UTC 2020 /home/travis/build/icyphy/ptII/ptolemy/actor/lib/test/auto/PublisherSubscriber10.xml
----------------- Instantiating /home/travis/build/icyphy/ptII/ptolemy/actor/lib/test/auto/PublisherSubscriber10.xml
5 ms. Memory: 524288K Free: 235426K (45%)
----------------- Invoking toplevel() on ptolemy.moml.MoMLSimpleApplication@2925660c
----------------- Done invoking toplevel() on ptolemy.moml.MoMLSimpleApplication@2925660c
reloadAllAccessors: .PublisherSubscriber10

===========================================================================================
----------------- testing Mon Jun 22 14:49:44 UTC 2020 /home/travis/build/icyphy/ptII/ptolemy/actor/lib/test/auto/PublisherSubscriber10InitialOutputs.xml
----------------- Instantiating /home/travis/build/icyphy/ptII/ptolemy/actor/lib/test/auto/PublisherSubscriber10InitialOutputs.xml
13 ms. Memory: 524288K Free: 226724K (43%)
----------------- Invoking toplevel() on ptolemy.moml.MoMLSimpleApplication@3677d919
----------------- Done invoking toplevel() on ptolemy.moml.MoMLSimpleApplication@3677d919
reloadAllAccessors: .PublisherSubscriber10InitialOutputs

===========================================================================================
----------------- testing Mon Jun 22 14:49:44 UTC 2020 /home/travis/build/icyphy/ptII/ptolemy/actor/lib/test/auto/PublisherSubscriber11.xml
----------------- Instantiating /home/travis/build/icyphy/ptII/ptolemy/actor/lib/test/auto/PublisherSubscriber11.xml
3 ms. Memory: 524288K Free: 220580K (42%)
----------------- Invoking toplevel() on ptolemy.moml.MoMLSimpleApplication@42370aba
----------------- Done invoking toplevel() on ptolemy.moml.MoMLSimpleApplication@42370aba
reloadAllAccessors: .PublisherSubscriber11

===========================================================================================
----------------- testing Mon Jun 22 14:49:44 UTC 2020 /home/travis/build/icyphy/ptII/ptolemy/actor/lib/test/auto/PublisherSubscriber12.xml
----------------- Instantiating /home/travis/build/icyphy/ptII/ptolemy/actor/lib/test/auto/PublisherSubscriber12.xml
5 ms. Memory: 524288K Free: 213922K (41%)
----------------- Invoking toplevel() on ptolemy.moml.MoMLSimpleApplication@15ad7992
----------------- Done invoking toplevel() on ptolemy.moml.MoMLSimpleApplication@15ad7992
reloadAllAccessors: .PublisherSubscriber12

===========================================================================================
----------------- testing Mon Jun 22 14:49:44 UTC 2020 /home/travis/build/icyphy/ptII/ptolemy/actor/lib/test/auto/PublisherSubscriber13.xml
----------------- Instantiating /home/travis/build/icyphy/ptII/ptolemy/actor/lib/test/auto/PublisherSubscriber13.xml
1 ms. Memory: 524288K Free: 208292K (40%)
----------------- Invoking toplevel() on ptolemy.moml.MoMLSimpleApplication@448c0ed8
----------------- Done invoking toplevel() on ptolemy.moml.MoMLSimpleApplication@448c0ed8
reloadAllAccessors: .PublisherSubscriber13

===========================================================================================
----------------- testing Mon Jun 22 14:49:44 UTC 2020 /home/travis/build/icyphy/ptII/ptolemy/actor/lib/test/auto/PublisherSubscriber14.xml
----------------- Instantiating /home/travis/build/icyphy/ptII/ptolemy/actor/lib/test/auto/PublisherSubscriber14.xml
1 ms. Memory: 524288K Free: 199556K (38%)
----------------- Invoking toplevel() on ptolemy.moml.MoMLSimpleApplication@6d61c664
----------------- Done invoking toplevel() on ptolemy.moml.MoMLSimpleApplication@6d61c664
reloadAllAccessors: .PublisherSubscriber14

===========================================================================================
----------------- testing Mon Jun 22 14:49:44 UTC 2020 /home/travis/build/icyphy/ptII/ptolemy/actor/lib/test/auto/PublisherSubscriber2.xml
----------------- Instantiating /home/travis/build/icyphy/ptII/ptolemy/actor/lib/test/auto/PublisherSubscriber2.xml
2 ms. Memory: 524288K Free: 193956K (37%)
----------------- Invoking toplevel() on ptolemy.moml.MoMLSimpleApplication@56d2b5d4
----------------- Done invoking toplevel() on ptolemy.moml.MoMLSimpleApplication@56d2b5d4
reloadAllAccessors: .PublisherSubscriber2

===========================================================================================
----------------- testing Mon Jun 22 14:49:44 UTC 2020 /home/travis/build/icyphy/ptII/ptolemy/actor/lib/test/auto/PublisherSubscriber3.xml
----------------- Instantiating /home/travis/build/icyphy/ptII/ptolemy/actor/lib/test/auto/PublisherSubscriber3.xml
1 ms. Memory: 524288K Free: 188308K (36%)
----------------- Invoking toplevel() on ptolemy.moml.MoMLSimpleApplication@6a411f2d
----------------- Done invoking toplevel() on ptolemy.moml.MoMLSimpleApplication@6a411f2d
reloadAllAccessors: .PublisherSubscriber3

===========================================================================================
----------------- testing Mon Jun 22 14:49:44 UTC 2020 /home/travis/build/icyphy/ptII/ptolemy/actor/lib/test/auto/PublisherSubscriber4.xml
----------------- Instantiating /home/travis/build/icyphy/ptII/ptolemy/actor/lib/test/auto/PublisherSubscriber4.xml
2 ms. Memory: 524288K Free: 182692K (35%)
----------------- Invoking toplevel() on ptolemy.moml.MoMLSimpleApplication@339d2060
----------------- Done invoking toplevel() on ptolemy.moml.MoMLSimpleApplication@339d2060
reloadAllAccessors: .PublisherSubscriber4

===========================================================================================
----------------- testing Mon Jun 22 14:49:44 UTC 2020 /home/travis/build/icyphy/ptII/ptolemy/actor/lib/test/auto/PublisherSubscriber5.xml
----------------- Instantiating /home/travis/build/icyphy/ptII/ptolemy/actor/lib/test/auto/PublisherSubscriber5.xml
2 ms. Memory: 524288K Free: 176034K (34%)
----------------- Invoking toplevel() on ptolemy.moml.MoMLSimpleApplication@765190a
----------------- Done invoking toplevel() on ptolemy.moml.MoMLSimpleApplication@765190a
reloadAllAccessors: .PublisherSubscriber5

===========================================================================================
----------------- testing Mon Jun 22 14:49:44 UTC 2020 /home/travis/build/icyphy/ptII/ptolemy/actor/lib/test/auto/PublisherSubscriber6.xml
----------------- Instantiating /home/travis/build/icyphy/ptII/ptolemy/actor/lib/test/auto/PublisherSubscriber6.xml
3 ms. Memory: 524288K Free: 169380K (32%)
----------------- Invoking toplevel() on ptolemy.moml.MoMLSimpleApplication@23ed91fd
----------------- Done invoking toplevel() on ptolemy.moml.MoMLSimpleApplication@23ed91fd
reloadAllAccessors: .PublisherSubscriber6

===========================================================================================
----------------- testing Mon Jun 22 14:49:44 UTC 2020 /home/travis/build/icyphy/ptII/ptolemy/actor/lib/test/auto/PublisherSubscriber7.xml
----------------- Instantiating /home/travis/build/icyphy/ptII/ptolemy/actor/lib/test/auto/PublisherSubscriber7.xml
6 ms. Memory: 524288K Free: 472656K (90%)
----------------- Invoking toplevel() on ptolemy.moml.MoMLSimpleApplication@68a0faf0
----------------- Done invoking toplevel() on ptolemy.moml.MoMLSimpleApplication@68a0faf0
reloadAllAccessors: .PublisherSubscriber7

===========================================================================================
----------------- testing Mon Jun 22 14:49:44 UTC 2020 /home/travis/build/icyphy/ptII/ptolemy/actor/lib/test/auto/PublisherSubscriber8.xml
----------------- Instantiating /home/travis/build/icyphy/ptII/ptolemy/actor/lib/test/auto/PublisherSubscriber8.xml
14 ms. Memory: 524288K Free: 460896K (88%)
----------------- Invoking toplevel() on ptolemy.moml.MoMLSimpleApplication@6a2c320c
----------------- Done invoking toplevel() on ptolemy.moml.MoMLSimpleApplication@6a2c320c
reloadAllAccessors: .PublisherSubscriber8

===========================================================================================
----------------- testing Mon Jun 22 14:49:44 UTC 2020 /home/travis/build/icyphy/ptII/ptolemy/actor/lib/test/auto/PublisherSubscriber9.xml
----------------- Instantiating /home/travis/build/icyphy/ptII/ptolemy/actor/lib/test/auto/PublisherSubscriber9.xml
3 ms. Memory: 524288K Free: 453728K (87%)
----------------- Invoking toplevel() on ptolemy.moml.MoMLSimpleApplication@7d370923
----------------- Done invoking toplevel() on ptolemy.moml.MoMLSimpleApplication@7d370923
reloadAllAccessors: .PublisherSubscriber9

===========================================================================================
----------------- testing Mon Jun 22 14:49:44 UTC 2020 /home/travis/build/icyphy/ptII/ptolemy/actor/lib/test/auto/PublisherSubscriberAdjacent.xml
----------------- Instantiating /home/travis/build/icyphy/ptII/ptolemy/actor/lib/test/auto/PublisherSubscriberAdjacent.xml
2 ms. Memory: 524288K Free: 445536K (85%)
----------------- Invoking toplevel() on ptolemy.moml.MoMLSimpleApplication@556cae0a
----------------- Done invoking toplevel() on ptolemy.moml.MoMLSimpleApplication@556cae0a
reloadAllAccessors: .PublisherSubscriberAdjacent

===========================================================================================
----------------- testing Mon Jun 22 14:49:44 UTC 2020 /home/travis/build/icyphy/ptII/ptolemy/actor/lib/test/auto/PublisherSubscriberChannelVariablesAOC2.xml
----------------- Instantiating /home/travis/build/icyphy/ptII/ptolemy/actor/lib/test/auto/PublisherSubscriberChannelVariablesAOC2.xml
2 ms. Memory: 524288K Free: 430686K (82%)
----------------- Invoking toplevel() on ptolemy.moml.MoMLSimpleApplication@3dcb469f
----------------- Done invoking toplevel() on ptolemy.moml.MoMLSimpleApplication@3dcb469f
reloadAllAccessors: .PublisherSubscriberChannelVariablesAOC2

===========================================================================================
----------------- testing Mon Jun 22 14:49:44 UTC 2020 /home/travis/build/icyphy/ptII/ptolemy/actor/lib/test/auto/PublisherSubscriberD3.xml
----------------- Instantiating /home/travis/build/icyphy/ptII/ptolemy/actor/lib/test/auto/PublisherSubscriberD3.xml
1 ms. Memory: 524288K Free: 423518K (81%)
----------------- Invoking toplevel() on ptolemy.moml.MoMLSimpleApplication@383d5012
----------------- Done invoking toplevel() on ptolemy.moml.MoMLSimpleApplication@383d5012
reloadAllAccessors: .PublisherSubscriberD3

===========================================================================================
----------------- testing Mon Jun 22 14:49:44 UTC 2020 /home/travis/build/icyphy/ptII/ptolemy/actor/lib/test/auto/PublisherSubscriberD3Reverse.xml
----------------- Instantiating /home/travis/build/icyphy/ptII/ptolemy/actor/lib/test/auto/PublisherSubscriberD3Reverse.xml
2 ms. Memory: 524288K Free: 417374K (80%)
----------------- Invoking toplevel() on ptolemy.moml.MoMLSimpleApplication@7689ec55
----------------- Done invoking toplevel() on ptolemy.moml.MoMLSimpleApplication@7689ec55
reloadAllAccessors: .PublisherSubscriberD3Reverse

===========================================================================================
----------------- testing Mon Jun 22 14:49:44 UTC 2020 /home/travis/build/icyphy/ptII/ptolemy/actor/lib/test/auto/PublisherSubscriberExpression.xml
----------------- Instantiating /home/travis/build/icyphy/ptII/ptolemy/actor/lib/test/auto/PublisherSubscriberExpression.xml
4 ms. Memory: 524288K Free: 409168K (78%)
----------------- Invoking toplevel() on ptolemy.moml.MoMLSimpleApplication@23d57740
----------------- Done invoking toplevel() on ptolemy.moml.MoMLSimpleApplication@23d57740
reloadAllAccessors: .PublisherSubscriberExpression

===========================================================================================
----------------- testing Mon Jun 22 14:49:44 UTC 2020 /home/travis/build/icyphy/ptII/ptolemy/actor/lib/test/auto/PublisherSubscriberOpaque.xml
----------------- Instantiating /home/travis/build/icyphy/ptII/ptolemy/actor/lib/test/auto/PublisherSubscriberOpaque.xml
4 ms. Memory: 524288K Free: 400990K (76%)
----------------- Invoking toplevel() on ptolemy.moml.MoMLSimpleApplication@6674c51c
----------------- Done invoking toplevel() on ptolemy.moml.MoMLSimpleApplication@6674c51c
reloadAllAccessors: .PublisherSubscriberOpaque

===========================================================================================
----------------- testing Mon Jun 22 14:49:44 UTC 2020 /home/travis/build/icyphy/ptII/ptolemy/actor/lib/test/auto/PublisherSubscriberOpaqueD3.xml
----------------- Instantiating /home/travis/build/icyphy/ptII/ptolemy/actor/lib/test/auto/PublisherSubscriberOpaqueD3.xml
4 ms. Memory: 524288K Free: 389726K (74%)
----------------- Invoking toplevel() on ptolemy.moml.MoMLSimpleApplication@ad427a7
----------------- Done invoking toplevel() on ptolemy.moml.MoMLSimpleApplication@ad427a7
reloadAllAccessors: .PublisherSubscriberOpaqueD3

===========================================================================================
----------------- testing Mon Jun 22 14:49:44 UTC 2020 /home/travis/build/icyphy/ptII/ptolemy/actor/lib/test/auto/PublisherSubscriberOpaqueD3Reverse.xml
----------------- Instantiating /home/travis/build/icyphy/ptII/ptolemy/actor/lib/test/auto/PublisherSubscriberOpaqueD3Reverse.xml
6 ms. Memory: 524288K Free: 379486K (72%)
----------------- Invoking toplevel() on ptolemy.moml.MoMLSimpleApplication@5d32600
----------------- Done invoking toplevel() on ptolemy.moml.MoMLSimpleApplication@5d32600
reloadAllAccessors: .PublisherSubscriberOpaqueD3Reverse

===========================================================================================
----------------- testing Mon Jun 22 14:49:44 UTC 2020 /home/travis/build/icyphy/ptII/ptolemy/actor/lib/test/auto/PublisherSubscriberOpaqueWidthInference.xml
----------------- Instantiating /home/travis/build/icyphy/ptII/ptolemy/actor/lib/test/auto/PublisherSubscriberOpaqueWidthInference.xml
4 ms. Memory: 524288K Free: 370784K (71%)
----------------- Invoking toplevel() on ptolemy.moml.MoMLSimpleApplication@6ee8b47d
----------------- Done invoking toplevel() on ptolemy.moml.MoMLSimpleApplication@6ee8b47d
reloadAllAccessors: .PublisherSubscriberOpaqueWidthInference

===========================================================================================
----------------- testing Mon Jun 22 14:49:44 UTC 2020 /home/travis/build/icyphy/ptII/ptolemy/actor/lib/test/auto/PublisherTestSubscriber.xml
----------------- Instantiating /home/travis/build/icyphy/ptII/ptolemy/actor/lib/test/auto/PublisherTestSubscriber.xml
3 ms. Memory: 524288K Free: 363096K (69%)
----------------- Invoking toplevel() on ptolemy.moml.MoMLSimpleApplication@166ab525
----------------- Done invoking toplevel() on ptolemy.moml.MoMLSimpleApplication@166ab525
reloadAllAccessors: .PublisherTestSubscriber

===========================================================================================
----------------- testing Mon Jun 22 14:49:44 UTC 2020 /home/travis/build/icyphy/ptII/ptolemy/actor/lib/test/auto/PublisherToplevelSubscriberPortAOC.xml
----------------- Instantiating /home/travis/build/icyphy/ptII/ptolemy/actor/lib/test/auto/PublisherToplevelSubscriberPortAOC.xml
1 ms. Memory: 524288K Free: 356952K (68%)
----------------- Invoking toplevel() on ptolemy.moml.MoMLSimpleApplication@46b1175a
----------------- Done invoking toplevel() on ptolemy.moml.MoMLSimpleApplication@46b1175a
reloadAllAccessors: .PublisherToplevelSubscriberPortAOC

===========================================================================================
----------------- testing Mon Jun 22 14:49:44 UTC 2020 /home/travis/build/icyphy/ptII/ptolemy/actor/lib/test/auto/PulseFiringLimitDE.xml
----------------- Instantiating /home/travis/build/icyphy/ptII/ptolemy/actor/lib/test/auto/PulseFiringLimitDE.xml
2 ms. Memory: 524288K Free: 350814K (67%)
----------------- Invoking toplevel() on ptolemy.moml.MoMLSimpleApplication@10f1d5f5
----------------- Done invoking toplevel() on ptolemy.moml.MoMLSimpleApplication@10f1d5f5
reloadAllAccessors: .PulseFiringLimitDE

===========================================================================================
----------------- testing Mon Jun 22 14:49:44 UTC 2020 /home/travis/build/icyphy/ptII/ptolemy/actor/lib/test/auto/Ramp1.xml
----------------- Instantiating /home/travis/build/icyphy/ptII/ptolemy/actor/lib/test/auto/Ramp1.xml
1 ms. Memory: 524288K Free: 346704K (66%)
----------------- Invoking toplevel() on ptolemy.moml.MoMLSimpleApplication@f15d8f6
----------------- Done invoking toplevel() on ptolemy.moml.MoMLSimpleApplication@f15d8f6
reloadAllAccessors: .Ramp1

===========================================================================================
----------------- testing Mon Jun 22 14:49:44 UTC 2020 /home/travis/build/icyphy/ptII/ptolemy/actor/lib/test/auto/RampFiringLimitDE.xml
----------------- Instantiating /home/travis/build/icyphy/ptII/ptolemy/actor/lib/test/auto/RampFiringLimitDE.xml
2 ms. Memory: 524288K Free: 340560K (65%)
----------------- Invoking toplevel() on ptolemy.moml.MoMLSimpleApplication@566e8cd5
----------------- Done invoking toplevel() on ptolemy.moml.MoMLSimpleApplication@566e8cd5
reloadAllAccessors: .RampFiringLimitDE

===========================================================================================
----------------- testing Mon Jun 22 14:49:44 UTC 2020 /home/travis/build/icyphy/ptII/ptolemy/actor/lib/test/auto/RampFiringLimitSDF.xml
----------------- Instantiating /home/travis/build/icyphy/ptII/ptolemy/actor/lib/test/auto/RampFiringLimitSDF.xml
1 ms. Memory: 524288K Free: 335424K (64%)
----------------- Invoking toplevel() on ptolemy.moml.MoMLSimpleApplication@182f38ee
----------------- Done invoking toplevel() on ptolemy.moml.MoMLSimpleApplication@182f38ee
reloadAllAccessors: .RampFiringLimitSDF

===========================================================================================
----------------- testing Mon Jun 22 14:49:44 UTC 2020 /home/travis/build/icyphy/ptII/ptolemy/actor/lib/test/auto/RandomInteger.xml
----------------- Instantiating /home/travis/build/icyphy/ptII/ptolemy/actor/lib/test/auto/RandomInteger.xml
1 ms. Memory: 524288K Free: 331358K (63%)
----------------- Invoking toplevel() on ptolemy.moml.MoMLSimpleApplication@553ddb2f
----------------- Done invoking toplevel() on ptolemy.moml.MoMLSimpleApplication@553ddb2f
reloadAllAccessors: .RandomInteger

===========================================================================================
----------------- testing Mon Jun 22 14:49:44 UTC 2020 /home/travis/build/icyphy/ptII/ptolemy/actor/lib/test/auto/ReadFile1.xml
----------------- Instantiating /home/travis/build/icyphy/ptII/ptolemy/actor/lib/test/auto/ReadFile1.xml
1 ms. Memory: 524288K Free: 326752K (62%)
----------------- Invoking toplevel() on ptolemy.moml.MoMLSimpleApplication@34e38321
----------------- Done invoking toplevel() on ptolemy.moml.MoMLSimpleApplication@34e38321
reloadAllAccessors: .ReadFile1

===========================================================================================
----------------- testing Mon Jun 22 14:49:44 UTC 2020 /home/travis/build/icyphy/ptII/ptolemy/actor/lib/test/auto/ReadFile2.xml
----------------- Instantiating /home/travis/build/icyphy/ptII/ptolemy/actor/lib/test/auto/ReadFile2.xml
0 ms. Memory: 524288K Free: 322656K (62%)
----------------- Invoking toplevel() on ptolemy.moml.MoMLSimpleApplication@7f2fe02b
----------------- Done invoking toplevel() on ptolemy.moml.MoMLSimpleApplication@7f2fe02b
reloadAllAccessors: .ReadFile2

===========================================================================================
----------------- testing Mon Jun 22 14:49:44 UTC 2020 /home/travis/build/icyphy/ptII/ptolemy/actor/lib/test/auto/Reader.xml
----------------- Instantiating /home/travis/build/icyphy/ptII/ptolemy/actor/lib/test/auto/Reader.xml
actor.lib.Reader is obsolete, use actor.lib.io.ExpressionReader instead
3 ms. Memory: 524288K Free: 318560K (61%)
----------------- Invoking toplevel() on ptolemy.moml.MoMLSimpleApplication@68a13559
----------------- Done invoking toplevel() on ptolemy.moml.MoMLSimpleApplication@68a13559
reloadAllAccessors: .Reader

===========================================================================================
----------------- testing Mon Jun 22 14:49:44 UTC 2020 /home/travis/build/icyphy/ptII/ptolemy/actor/lib/test/auto/RecordAssemblerDisplayNameTest.xml
----------------- Instantiating /home/travis/build/icyphy/ptII/ptolemy/actor/lib/test/auto/RecordAssemblerDisplayNameTest.xml
3103 ms. Memory: 524288K Free: 350731K (67%)
----------------- Invoking toplevel() on ptolemy.moml.MoMLSimpleApplication@2cc05356
----------------- Done invoking toplevel() on ptolemy.moml.MoMLSimpleApplication@2cc05356
reloadAllAccessors: .RecordAssemblerDisplayNameTest

===========================================================================================
----------------- testing Mon Jun 22 14:49:47 UTC 2020 /home/travis/build/icyphy/ptII/ptolemy/actor/lib/test/auto/RecordAssemblerTypeError.xml
----------------- Instantiating /home/travis/build/icyphy/ptII/ptolemy/actor/lib/test/auto/RecordAssemblerTypeError.xml
16 ms. Memory: 524288K Free: 341005K (65%)
----------------- Invoking toplevel() on ptolemy.moml.MoMLSimpleApplication@3f40281
----------------- Done invoking toplevel() on ptolemy.moml.MoMLSimpleApplication@3f40281
reloadAllAccessors: .RecordAssemblerTypeError

===========================================================================================
----------------- testing Mon Jun 22 14:49:47 UTC 2020 /home/travis/build/icyphy/ptII/ptolemy/actor/lib/test/auto/RecordDisassember.xml
----------------- Instantiating /home/travis/build/icyphy/ptII/ptolemy/actor/lib/test/auto/RecordDisassember.xml
4 ms. Memory: 524288K Free: 336365K (64%)
----------------- Invoking toplevel() on ptolemy.moml.MoMLSimpleApplication@6d18148d
----------------- Done invoking toplevel() on ptolemy.moml.MoMLSimpleApplication@6d18148d
reloadAllAccessors: .RecordDisassember

===========================================================================================
----------------- testing Mon Jun 22 14:49:47 UTC 2020 /home/travis/build/icyphy/ptII/ptolemy/actor/lib/test/auto/RecordDisassemberDisplayNameTest.xml
----------------- Instantiating /home/travis/build/icyphy/ptII/ptolemy/actor/lib/test/auto/RecordDisassemberDisplayNameTest.xml
4 ms. Memory: 524288K Free: 328717K (63%)
----------------- Invoking toplevel() on ptolemy.moml.MoMLSimpleApplication@5a143691
----------------- Done invoking toplevel() on ptolemy.moml.MoMLSimpleApplication@5a143691
reloadAllAccessors: .RecordDisassemberDisplayNameTest

===========================================================================================
----------------- testing Mon Jun 22 14:49:47 UTC 2020 /home/travis/build/icyphy/ptII/ptolemy/actor/lib/test/auto/RecordDisassembler.xml
----------------- Instantiating /home/travis/build/icyphy/ptII/ptolemy/actor/lib/test/auto/RecordDisassembler.xml
2 ms. Memory: 524288K Free: 323597K (62%)
----------------- Invoking toplevel() on ptolemy.moml.MoMLSimpleApplication@58730985
----------------- Done invoking toplevel() on ptolemy.moml.MoMLSimpleApplication@58730985
reloadAllAccessors: .RecordDisassembler

===========================================================================================
----------------- testing Mon Jun 22 14:49:47 UTC 2020 /home/travis/build/icyphy/ptII/ptolemy/actor/lib/test/auto/RecordDisassembler2.xml
----------------- Instantiating /home/travis/build/icyphy/ptII/ptolemy/actor/lib/test/auto/RecordDisassembler2.xml
2 ms. Memory: 524288K Free: 318477K (61%)
----------------- Invoking toplevel() on ptolemy.moml.MoMLSimpleApplication@22f8d54d
----------------- Done invoking toplevel() on ptolemy.moml.MoMLSimpleApplication@22f8d54d
reloadAllAccessors: .RecordDisassembler2

===========================================================================================
----------------- testing Mon Jun 22 14:49:47 UTC 2020 /home/travis/build/icyphy/ptII/ptolemy/actor/lib/test/auto/RecordUpdater.xml
----------------- Instantiating /home/travis/build/icyphy/ptII/ptolemy/actor/lib/test/auto/RecordUpdater.xml
2 ms. Memory: 524288K Free: 313867K (60%)
----------------- Invoking toplevel() on ptolemy.moml.MoMLSimpleApplication@9093bbb
----------------- Done invoking toplevel() on ptolemy.moml.MoMLSimpleApplication@9093bbb
reloadAllAccessors: .RecordUpdater

===========================================================================================
----------------- testing Mon Jun 22 14:49:47 UTC 2020 /home/travis/build/icyphy/ptII/ptolemy/actor/lib/test/auto/RecordUpdater2.xml
----------------- Instantiating /home/travis/build/icyphy/ptII/ptolemy/actor/lib/test/auto/RecordUpdater2.xml
1 ms. Memory: 524288K Free: 309771K (59%)
----------------- Invoking toplevel() on ptolemy.moml.MoMLSimpleApplication@3f6b1f1f
----------------- Done invoking toplevel() on ptolemy.moml.MoMLSimpleApplication@3f6b1f1f
reloadAllAccessors: .RecordUpdater2

===========================================================================================
----------------- testing Mon Jun 22 14:49:47 UTC 2020 /home/travis/build/icyphy/ptII/ptolemy/actor/lib/test/auto/RecursiveLattice.xml
----------------- Instantiating /home/travis/build/icyphy/ptII/ptolemy/actor/lib/test/auto/RecursiveLattice.xml
1 ms. Memory: 524288K Free: 305675K (58%)
----------------- Invoking toplevel() on ptolemy.moml.MoMLSimpleApplication@62ccc821
----------------- Done invoking toplevel() on ptolemy.moml.MoMLSimpleApplication@62ccc821
reloadAllAccessors: .RecursiveLattice

===========================================================================================
----------------- testing Mon Jun 22 14:49:48 UTC 2020 /home/travis/build/icyphy/ptII/ptolemy/actor/lib/test/auto/Router.xml
----------------- Instantiating /home/travis/build/icyphy/ptII/ptolemy/actor/lib/test/auto/Router.xml
3003 ms. Memory: 524288K Free: 294925K (56%)
----------------- Invoking toplevel() on ptolemy.moml.MoMLSimpleApplication@4a32b1ec
----------------- Done invoking toplevel() on ptolemy.moml.MoMLSimpleApplication@4a32b1ec
reloadAllAccessors: .Router

===========================================================================================
----------------- testing Mon Jun 22 14:49:51 UTC 2020 /home/travis/build/icyphy/ptII/ptolemy/actor/lib/test/auto/Router2.xml
----------------- Instantiating /home/travis/build/icyphy/ptII/ptolemy/actor/lib/test/auto/Router2.xml
3003 ms. Memory: 524288K Free: 284171K (54%)
----------------- Invoking toplevel() on ptolemy.moml.MoMLSimpleApplication@244bffc7
----------------- Done invoking toplevel() on ptolemy.moml.MoMLSimpleApplication@244bffc7
reloadAllAccessors: .Router2

===========================================================================================
----------------- testing Mon Jun 22 14:49:54 UTC 2020 /home/travis/build/icyphy/ptII/ptolemy/actor/lib/test/auto/RunningMaximum.xml
----------------- Instantiating /home/travis/build/icyphy/ptII/ptolemy/actor/lib/test/auto/RunningMaximum.xml
2 ms. Memory: 524288K Free: 279565K (53%)
----------------- Invoking toplevel() on ptolemy.moml.MoMLSimpleApplication@27106722
----------------- Done invoking toplevel() on ptolemy.moml.MoMLSimpleApplication@27106722
reloadAllAccessors: .RunningMaximum

===========================================================================================
----------------- testing Mon Jun 22 14:49:54 UTC 2020 /home/travis/build/icyphy/ptII/ptolemy/actor/lib/test/auto/RunningMinimum.xml
----------------- Instantiating /home/travis/build/icyphy/ptII/ptolemy/actor/lib/test/auto/RunningMinimum.xml
2 ms. Memory: 524288K Free: 274955K (52%)
----------------- Invoking toplevel() on ptolemy.moml.MoMLSimpleApplication@25afc38c
----------------- Done invoking toplevel() on ptolemy.moml.MoMLSimpleApplication@25afc38c
reloadAllAccessors: .RunningMinimum

===========================================================================================
----------------- testing Mon Jun 22 14:49:54 UTC 2020 /home/travis/build/icyphy/ptII/ptolemy/actor/lib/test/auto/Scale.xml
----------------- Instantiating /home/travis/build/icyphy/ptII/ptolemy/actor/lib/test/auto/Scale.xml
2 ms. Memory: 524288K Free: 270349K (52%)
----------------- Invoking toplevel() on ptolemy.moml.MoMLSimpleApplication@2374ed33
----------------- Done invoking toplevel() on ptolemy.moml.MoMLSimpleApplication@2374ed33
reloadAllAccessors: .Scale

===========================================================================================
----------------- testing Mon Jun 22 14:49:54 UTC 2020 /home/travis/build/icyphy/ptII/ptolemy/actor/lib/test/auto/Scale2.xml
----------------- Instantiating /home/travis/build/icyphy/ptII/ptolemy/actor/lib/test/auto/Scale2.xml
2 ms. Memory: 524288K Free: 265739K (51%)
----------------- Invoking toplevel() on ptolemy.moml.MoMLSimpleApplication@7d83e261
----------------- Done invoking toplevel() on ptolemy.moml.MoMLSimpleApplication@7d83e261
reloadAllAccessors: .Scale2

===========================================================================================
----------------- testing Mon Jun 22 14:49:54 UTC 2020 /home/travis/build/icyphy/ptII/ptolemy/actor/lib/test/auto/Scale3.xml
----------------- Instantiating /home/travis/build/icyphy/ptII/ptolemy/actor/lib/test/auto/Scale3.xml
2 ms. Memory: 524288K Free: 259085K (49%)
----------------- Invoking toplevel() on ptolemy.moml.MoMLSimpleApplication@16e82b59
----------------- Done invoking toplevel() on ptolemy.moml.MoMLSimpleApplication@16e82b59
reloadAllAccessors: .Scale3

===========================================================================================
----------------- testing Mon Jun 22 14:49:54 UTC 2020 /home/travis/build/icyphy/ptII/ptolemy/actor/lib/test/auto/ScaleArray.xml
----------------- Instantiating /home/travis/build/icyphy/ptII/ptolemy/actor/lib/test/auto/ScaleArray.xml
1 ms. Memory: 524288K Free: 254475K (49%)
----------------- Invoking toplevel() on ptolemy.moml.MoMLSimpleApplication@943b265
----------------- Done invoking toplevel() on ptolemy.moml.MoMLSimpleApplication@943b265
reloadAllAccessors: .ScaleArray

===========================================================================================
----------------- testing Mon Jun 22 14:49:54 UTC 2020 /home/travis/build/icyphy/ptII/ptolemy/actor/lib/test/auto/ScaleArray2.xml
----------------- Instantiating /home/travis/build/icyphy/ptII/ptolemy/actor/lib/test/auto/ScaleArray2.xml
1 ms. Memory: 524288K Free: 249869K (48%)
----------------- Invoking toplevel() on ptolemy.moml.MoMLSimpleApplication@4b831aaa
----------------- Done invoking toplevel() on ptolemy.moml.MoMLSimpleApplication@4b831aaa
reloadAllAccessors: .ScaleArray2

===========================================================================================
----------------- testing Mon Jun 22 14:49:54 UTC 2020 /home/travis/build/icyphy/ptII/ptolemy/actor/lib/test/auto/ScaleMatrix.xml
----------------- Instantiating /home/travis/build/icyphy/ptII/ptolemy/actor/lib/test/auto/ScaleMatrix.xml
139 ms. Memory: 524288K Free: 236043K (45%)
----------------- Invoking toplevel() on ptolemy.moml.MoMLSimpleApplication@1c02f4d6
----------------- Done invoking toplevel() on ptolemy.moml.MoMLSimpleApplication@1c02f4d6
reloadAllAccessors: .ScaleMatrix

===========================================================================================
----------------- testing Mon Jun 22 14:49:54 UTC 2020 /home/travis/build/icyphy/ptII/ptolemy/actor/lib/test/auto/Select.xml
----------------- Instantiating /home/travis/build/icyphy/ptII/ptolemy/actor/lib/test/auto/Select.xml
2 ms. Memory: 524288K Free: 229869K (44%)
----------------- Invoking toplevel() on ptolemy.moml.MoMLSimpleApplication@77d3e17b
----------------- Done invoking toplevel() on ptolemy.moml.MoMLSimpleApplication@77d3e17b
reloadAllAccessors: .Select

===========================================================================================
----------------- testing Mon Jun 22 14:49:54 UTC 2020 /home/travis/build/icyphy/ptII/ptolemy/actor/lib/test/auto/Select2.xml
----------------- Instantiating /home/travis/build/icyphy/ptII/ptolemy/actor/lib/test/auto/Select2.xml
1 ms. Memory: 524288K Free: 225293K (43%)
----------------- Invoking toplevel() on ptolemy.moml.MoMLSimpleApplication@29b9c47b
----------------- Done invoking toplevel() on ptolemy.moml.MoMLSimpleApplication@29b9c47b
reloadAllAccessors: .Select2

===========================================================================================
----------------- testing Mon Jun 22 14:49:54 UTC 2020 /home/travis/build/icyphy/ptII/ptolemy/actor/lib/test/auto/SequenceToArray2.xml
----------------- Instantiating /home/travis/build/icyphy/ptII/ptolemy/actor/lib/test/auto/SequenceToArray2.xml
88 ms. Memory: 524288K Free: 201213K (38%)
----------------- Invoking toplevel() on ptolemy.moml.MoMLSimpleApplication@6d155f35
----------------- Done invoking toplevel() on ptolemy.moml.MoMLSimpleApplication@6d155f35
reloadAllAccessors: .SequenceToArray2

===========================================================================================
----------------- testing Mon Jun 22 14:49:54 UTC 2020 /home/travis/build/icyphy/ptII/ptolemy/actor/lib/test/auto/SequentialClock.xml
----------------- Instantiating /home/travis/build/icyphy/ptII/ptolemy/actor/lib/test/auto/SequentialClock.xml
1 ms. Memory: 524288K Free: 197645K (38%)
----------------- Invoking toplevel() on ptolemy.moml.MoMLSimpleApplication@2c84142c
----------------- Done invoking toplevel() on ptolemy.moml.MoMLSimpleApplication@2c84142c
reloadAllAccessors: .SequentialClock

===========================================================================================
----------------- testing Mon Jun 22 14:49:54 UTC 2020 /home/travis/build/icyphy/ptII/ptolemy/actor/lib/test/auto/SetVariable.xml
----------------- Instantiating /home/travis/build/icyphy/ptII/ptolemy/actor/lib/test/auto/SetVariable.xml
2 ms. Memory: 524288K Free: 193035K (37%)
----------------- Invoking toplevel() on ptolemy.moml.MoMLSimpleApplication@4c481934
----------------- Done invoking toplevel() on ptolemy.moml.MoMLSimpleApplication@4c481934
reloadAllAccessors: .SetVariable

===========================================================================================
----------------- testing Mon Jun 22 14:49:54 UTC 2020 /home/travis/build/icyphy/ptII/ptolemy/actor/lib/test/auto/SetVariable2.xml
----------------- Instantiating /home/travis/build/icyphy/ptII/ptolemy/actor/lib/test/auto/SetVariable2.xml
2 ms. Memory: 524288K Free: 187915K (36%)
----------------- Invoking toplevel() on ptolemy.moml.MoMLSimpleApplication@7bd81897
----------------- Done invoking toplevel() on ptolemy.moml.MoMLSimpleApplication@7bd81897
reloadAllAccessors: .SetVariable2

===========================================================================================
----------------- testing Mon Jun 22 14:49:54 UTC 2020 /home/travis/build/icyphy/ptII/ptolemy/actor/lib/test/auto/SetVariable3.xml
----------------- Instantiating /home/travis/build/icyphy/ptII/ptolemy/actor/lib/test/auto/SetVariable3.xml
6 ms. Memory: 524288K Free: 182795K (35%)
----------------- Invoking toplevel() on ptolemy.moml.MoMLSimpleApplication@2a08a2b2
----------------- Done invoking toplevel() on ptolemy.moml.MoMLSimpleApplication@2a08a2b2
reloadAllAccessors: .SetVariable3

===========================================================================================
----------------- testing Mon Jun 22 14:49:54 UTC 2020 /home/travis/build/icyphy/ptII/ptolemy/actor/lib/test/auto/SetVariable4.xml
----------------- Instantiating /home/travis/build/icyphy/ptII/ptolemy/actor/lib/test/auto/SetVariable4.xml
19 ms. Memory: 524288K Free: 172555K (33%)
----------------- Invoking toplevel() on ptolemy.moml.MoMLSimpleApplication@29688a5b
----------------- Done invoking toplevel() on ptolemy.moml.MoMLSimpleApplication@29688a5b
reloadAllAccessors: .SetVariable4

===========================================================================================
----------------- testing Mon Jun 22 14:49:54 UTC 2020 /home/travis/build/icyphy/ptII/ptolemy/actor/lib/test/auto/SetVariable5.xml
----------------- Instantiating /home/travis/build/icyphy/ptII/ptolemy/actor/lib/test/auto/SetVariable5.xml
29 ms. Memory: 524288K Free: 473549K (90%)
----------------- Invoking toplevel() on ptolemy.moml.MoMLSimpleApplication@1a64c143
----------------- Done invoking toplevel() on ptolemy.moml.MoMLSimpleApplication@1a64c143
reloadAllAccessors: .SetVariable5

===========================================================================================
----------------- testing Mon Jun 22 14:49:54 UTC 2020 /home/travis/build/icyphy/ptII/ptolemy/actor/lib/test/auto/Sinewave.xml
----------------- Instantiating /home/travis/build/icyphy/ptII/ptolemy/actor/lib/test/auto/Sinewave.xml
4 ms. Memory: 524288K Free: 462848K (88%)
----------------- Invoking toplevel() on ptolemy.moml.MoMLSimpleApplication@46c8489d
----------------- Done invoking toplevel() on ptolemy.moml.MoMLSimpleApplication@46c8489d
reloadAllAccessors: .Sinewave

===========================================================================================
----------------- testing Mon Jun 22 14:49:54 UTC 2020 /home/travis/build/icyphy/ptII/ptolemy/actor/lib/test/auto/Sinewave2.xml
----------------- Instantiating /home/travis/build/icyphy/ptII/ptolemy/actor/lib/test/auto/Sinewave2.xml
4 ms. Memory: 524288K Free: 454656K (87%)
----------------- Invoking toplevel() on ptolemy.moml.MoMLSimpleApplication@11a8d220
----------------- Done invoking toplevel() on ptolemy.moml.MoMLSimpleApplication@11a8d220
reloadAllAccessors: .Sinewave2

===========================================================================================
----------------- testing Mon Jun 22 14:49:54 UTC 2020 /home/travis/build/icyphy/ptII/ptolemy/actor/lib/test/auto/Sinewave3.xml
----------------- Instantiating /home/travis/build/icyphy/ptII/ptolemy/actor/lib/test/auto/Sinewave3.xml
9 ms. Memory: 524288K Free: 446464K (85%)
----------------- Invoking toplevel() on ptolemy.moml.MoMLSimpleApplication@fc4a47f
----------------- Done invoking toplevel() on ptolemy.moml.MoMLSimpleApplication@fc4a47f
reloadAllAccessors: .Sinewave3

===========================================================================================
----------------- testing Mon Jun 22 14:49:54 UTC 2020 /home/travis/build/icyphy/ptII/ptolemy/actor/lib/test/auto/SingleEvent.xml
----------------- Instantiating /home/travis/build/icyphy/ptII/ptolemy/actor/lib/test/auto/SingleEvent.xml
1 ms. Memory: 524288K Free: 442368K (84%)
----------------- Invoking toplevel() on ptolemy.moml.MoMLSimpleApplication@60c1b3fe
----------------- Done invoking toplevel() on ptolemy.moml.MoMLSimpleApplication@60c1b3fe
reloadAllAccessors: .SingleEvent

===========================================================================================
----------------- testing Mon Jun 22 14:49:54 UTC 2020 /home/travis/build/icyphy/ptII/ptolemy/actor/lib/test/auto/Sleep.xml
----------------- Instantiating /home/travis/build/icyphy/ptII/ptolemy/actor/lib/test/auto/Sleep.xml
6003 ms. Memory: 524288K Free: 436734K (83%)
----------------- Invoking toplevel() on ptolemy.moml.MoMLSimpleApplication@7cdb9545
----------------- Done invoking toplevel() on ptolemy.moml.MoMLSimpleApplication@7cdb9545
reloadAllAccessors: .Sleep

===========================================================================================
----------------- testing Mon Jun 22 14:50:00 UTC 2020 /home/travis/build/icyphy/ptII/ptolemy/actor/lib/test/auto/SleepMultipleFire.xml
----------------- Instantiating /home/travis/build/icyphy/ptII/ptolemy/actor/lib/test/auto/SleepMultipleFire.xml
1005 ms. Memory: 524288K Free: 430590K (82%)
----------------- Invoking toplevel() on ptolemy.moml.MoMLSimpleApplication@4ed35861
----------------- Done invoking toplevel() on ptolemy.moml.MoMLSimpleApplication@4ed35861
reloadAllAccessors: .SleepMultipleFire

===========================================================================================
----------------- testing Mon Jun 22 14:50:01 UTC 2020 /home/travis/build/icyphy/ptII/ptolemy/actor/lib/test/auto/StopDE.xml
----------------- Instantiating /home/travis/build/icyphy/ptII/ptolemy/actor/lib/test/auto/StopDE.xml
3 ms. Memory: 524288K Free: 424960K (81%)
----------------- Invoking toplevel() on ptolemy.moml.MoMLSimpleApplication@3d404450
----------------- Done invoking toplevel() on ptolemy.moml.MoMLSimpleApplication@3d404450
reloadAllAccessors: .StopDE

===========================================================================================
----------------- testing Mon Jun 22 14:50:01 UTC 2020 /home/travis/build/icyphy/ptII/ptolemy/actor/lib/test/auto/StopSDF.xml
----------------- Instantiating /home/travis/build/icyphy/ptII/ptolemy/actor/lib/test/auto/StopSDF.xml
3 ms. Memory: 524288K Free: 419840K (80%)
----------------- Invoking toplevel() on ptolemy.moml.MoMLSimpleApplication@c2b7859
----------------- Done invoking toplevel() on ptolemy.moml.MoMLSimpleApplication@c2b7859
reloadAllAccessors: .StopSDF

===========================================================================================
----------------- testing Mon Jun 22 14:50:01 UTC 2020 /home/travis/build/icyphy/ptII/ptolemy/actor/lib/test/auto/StringConstant.xml
----------------- Instantiating /home/travis/build/icyphy/ptII/ptolemy/actor/lib/test/auto/StringConstant.xml
8 ms. Memory: 524288K Free: 415744K (79%)
----------------- Invoking toplevel() on ptolemy.moml.MoMLSimpleApplication@7b9c3cf9
----------------- Done invoking toplevel() on ptolemy.moml.MoMLSimpleApplication@7b9c3cf9
reloadAllAccessors: .StringConstant

===========================================================================================
----------------- testing Mon Jun 22 14:50:01 UTC 2020 /home/travis/build/icyphy/ptII/ptolemy/actor/lib/test/auto/SubscriberPortInitialValues1.xml
----------------- Instantiating /home/travis/build/icyphy/ptII/ptolemy/actor/lib/test/auto/SubscriberPortInitialValues1.xml
9 ms. Memory: 524288K Free: 407038K (78%)
----------------- Invoking toplevel() on ptolemy.moml.MoMLSimpleApplication@8392ed3
----------------- Done invoking toplevel() on ptolemy.moml.MoMLSimpleApplication@8392ed3
reloadAllAccessors: .SubscriberPortInitialValues1

===========================================================================================
----------------- testing Mon Jun 22 14:50:01 UTC 2020 /home/travis/build/icyphy/ptII/ptolemy/actor/lib/test/auto/SubscriberPortInitialValues13.xml
----------------- Instantiating /home/travis/build/icyphy/ptII/ptolemy/actor/lib/test/auto/SubscriberPortInitialValues13.xml
7 ms. Memory: 524288K Free: 394240K (75%)
----------------- Invoking toplevel() on ptolemy.moml.MoMLSimpleApplication@e021c41
----------------- Done invoking toplevel() on ptolemy.moml.MoMLSimpleApplication@e021c41
reloadAllAccessors: .SubscriberPortInitialValues13

===========================================================================================
----------------- testing Mon Jun 22 14:50:01 UTC 2020 /home/travis/build/icyphy/ptII/ptolemy/actor/lib/test/auto/SubscriberPortInitialValues14.xml
----------------- Instantiating /home/travis/build/icyphy/ptII/ptolemy/actor/lib/test/auto/SubscriberPortInitialValues14.xml
3 ms. Memory: 524288K Free: 386558K (74%)
----------------- Invoking toplevel() on ptolemy.moml.MoMLSimpleApplication@3e709c6e
----------------- Done invoking toplevel() on ptolemy.moml.MoMLSimpleApplication@3e709c6e
reloadAllAccessors: .SubscriberPortInitialValues14

===========================================================================================
----------------- testing Mon Jun 22 14:50:01 UTC 2020 /home/travis/build/icyphy/ptII/ptolemy/actor/lib/test/auto/SubscriberPortInitialValues2.xml
----------------- Instantiating /home/travis/build/icyphy/ptII/ptolemy/actor/lib/test/auto/SubscriberPortInitialValues2.xml
3 ms. Memory: 524288K Free: 378880K (72%)
----------------- Invoking toplevel() on ptolemy.moml.MoMLSimpleApplication@1146c02f
----------------- Done invoking toplevel() on ptolemy.moml.MoMLSimpleApplication@1146c02f
reloadAllAccessors: .SubscriberPortInitialValues2

===========================================================================================
----------------- testing Mon Jun 22 14:50:01 UTC 2020 /home/travis/build/icyphy/ptII/ptolemy/actor/lib/test/auto/SubscriberPortInitialValues3.xml
----------------- Instantiating /home/travis/build/icyphy/ptII/ptolemy/actor/lib/test/auto/SubscriberPortInitialValues3.xml
4 ms. Memory: 524288K Free: 368126K (70%)
----------------- Invoking toplevel() on ptolemy.moml.MoMLSimpleApplication@16ae905a
----------------- Done invoking toplevel() on ptolemy.moml.MoMLSimpleApplication@16ae905a
reloadAllAccessors: .SubscriberPortInitialValues3

===========================================================================================
----------------- testing Mon Jun 22 14:50:01 UTC 2020 /home/travis/build/icyphy/ptII/ptolemy/actor/lib/test/auto/SubscriptionAggregator.xml
----------------- Instantiating /home/travis/build/icyphy/ptII/ptolemy/actor/lib/test/auto/SubscriptionAggregator.xml
2 ms. Memory: 524288K Free: 361472K (69%)
----------------- Invoking toplevel() on ptolemy.moml.MoMLSimpleApplication@331c7df6
----------------- Done invoking toplevel() on ptolemy.moml.MoMLSimpleApplication@331c7df6
reloadAllAccessors: .SubscriptionAggregator

===========================================================================================
----------------- testing Mon Jun 22 14:50:01 UTC 2020 /home/travis/build/icyphy/ptII/ptolemy/actor/lib/test/auto/SubscriptionAggregator2.xml
----------------- Instantiating /home/travis/build/icyphy/ptII/ptolemy/actor/lib/test/auto/SubscriptionAggregator2.xml
2 ms. Memory: 524288K Free: 354799K (68%)
----------------- Invoking toplevel() on ptolemy.moml.MoMLSimpleApplication@841223f
----------------- Done invoking toplevel() on ptolemy.moml.MoMLSimpleApplication@841223f
reloadAllAccessors: .SubscriptionAggregator2

===========================================================================================
----------------- testing Mon Jun 22 14:50:01 UTC 2020 /home/travis/build/icyphy/ptII/ptolemy/actor/lib/test/auto/SubscriptionAggregator3.xml
----------------- Instantiating /home/travis/build/icyphy/ptII/ptolemy/actor/lib/test/auto/SubscriptionAggregator3.xml
4 ms. Memory: 524288K Free: 346112K (66%)
----------------- Invoking toplevel() on ptolemy.moml.MoMLSimpleApplication@ffd7bcf
----------------- Done invoking toplevel() on ptolemy.moml.MoMLSimpleApplication@ffd7bcf
reloadAllAccessors: .SubscriptionAggregator3

===========================================================================================
----------------- testing Mon Jun 22 14:50:01 UTC 2020 /home/travis/build/icyphy/ptII/ptolemy/actor/lib/test/auto/SubscriptionAggregatorMultiply.xml
----------------- Instantiating /home/travis/build/icyphy/ptII/ptolemy/actor/lib/test/auto/SubscriptionAggregatorMultiply.xml
12 ms. Memory: 524288K Free: 337920K (64%)
----------------- Invoking toplevel() on ptolemy.moml.MoMLSimpleApplication@4c858930
----------------- Done invoking toplevel() on ptolemy.moml.MoMLSimpleApplication@4c858930
reloadAllAccessors: .SubscriptionAggregatorMultiply

===========================================================================================
----------------- testing Mon Jun 22 14:50:01 UTC 2020 /home/travis/build/icyphy/ptII/ptolemy/actor/lib/test/auto/SubscriptionAggregatorPortMultiply1.xml
----------------- Instantiating /home/travis/build/icyphy/ptII/ptolemy/actor/lib/test/auto/SubscriptionAggregatorPortMultiply1.xml
3 ms. Memory: 524288K Free: 330238K (63%)
----------------- Invoking toplevel() on ptolemy.moml.MoMLSimpleApplication@9941023
----------------- Done invoking toplevel() on ptolemy.moml.MoMLSimpleApplication@9941023
reloadAllAccessors: .SubscriptionAggregatorPortMultiply1

===========================================================================================
----------------- testing Mon Jun 22 14:50:01 UTC 2020 /home/travis/build/icyphy/ptII/ptolemy/actor/lib/test/auto/Switch.xml
----------------- Instantiating /home/travis/build/icyphy/ptII/ptolemy/actor/lib/test/auto/Switch.xml
6 ms. Memory: 524288K Free: 322046K (61%)
----------------- Invoking toplevel() on ptolemy.moml.MoMLSimpleApplication@4ded6fd0
----------------- Done invoking toplevel() on ptolemy.moml.MoMLSimpleApplication@4ded6fd0
reloadAllAccessors: .Switch

===========================================================================================
----------------- testing Mon Jun 22 14:50:01 UTC 2020 /home/travis/build/icyphy/ptII/ptolemy/actor/lib/test/auto/Switch2.xml
----------------- Instantiating /home/travis/build/icyphy/ptII/ptolemy/actor/lib/test/auto/Switch2.xml
1 ms. Memory: 524288K Free: 317440K (61%)
----------------- Invoking toplevel() on ptolemy.moml.MoMLSimpleApplication@14097eef
----------------- Done invoking toplevel() on ptolemy.moml.MoMLSimpleApplication@14097eef
reloadAllAccessors: .Switch2

===========================================================================================
----------------- testing Mon Jun 22 14:50:01 UTC 2020 /home/travis/build/icyphy/ptII/ptolemy/actor/lib/test/auto/SwitchDE.xml
----------------- Instantiating /home/travis/build/icyphy/ptII/ptolemy/actor/lib/test/auto/SwitchDE.xml
2 ms. Memory: 524288K Free: 311296K (59%)
----------------- Invoking toplevel() on ptolemy.moml.MoMLSimpleApplication@660b40c8
----------------- Done invoking toplevel() on ptolemy.moml.MoMLSimpleApplication@660b40c8
reloadAllAccessors: .SwitchDE

===========================================================================================
----------------- testing Mon Jun 22 14:50:01 UTC 2020 /home/travis/build/icyphy/ptII/ptolemy/actor/lib/test/auto/SynchronizerDE.xml
----------------- Instantiating /home/travis/build/icyphy/ptII/ptolemy/actor/lib/test/auto/SynchronizerDE.xml
6 ms. Memory: 524288K Free: 303104K (58%)
----------------- Invoking toplevel() on ptolemy.moml.MoMLSimpleApplication@45f4db4c
----------------- Done invoking toplevel() on ptolemy.moml.MoMLSimpleApplication@45f4db4c
reloadAllAccessors: .SynchronizerDE

===========================================================================================
----------------- testing Mon Jun 22 14:50:01 UTC 2020 /home/travis/build/icyphy/ptII/ptolemy/actor/lib/test/auto/Test.xml
----------------- Instantiating /home/travis/build/icyphy/ptII/ptolemy/actor/lib/test/auto/Test.xml
2 ms. Memory: 524288K Free: 297984K (57%)
----------------- Invoking toplevel() on ptolemy.moml.MoMLSimpleApplication@2c98e73f
----------------- Done invoking toplevel() on ptolemy.moml.MoMLSimpleApplication@2c98e73f
reloadAllAccessors: .Test

===========================================================================================
----------------- testing Mon Jun 22 14:50:01 UTC 2020 /home/travis/build/icyphy/ptII/ptolemy/actor/lib/test/auto/TestExceptionAttribute1.xml
----------------- Instantiating /home/travis/build/icyphy/ptII/ptolemy/actor/lib/test/auto/TestExceptionAttribute1.xml
1 ms. Memory: 524288K Free: 293888K (56%)
----------------- Invoking toplevel() on ptolemy.moml.MoMLSimpleApplication@6c3313ed
----------------- Done invoking toplevel() on ptolemy.moml.MoMLSimpleApplication@6c3313ed
reloadAllAccessors: .TestExceptionAttribute1

===========================================================================================
----------------- testing Mon Jun 22 14:50:02 UTC 2020 /home/travis/build/icyphy/ptII/ptolemy/actor/lib/test/auto/TestExceptionAttribute2.xml
----------------- Instantiating /home/travis/build/icyphy/ptII/ptolemy/actor/lib/test/auto/TestExceptionAttribute2.xml
1 ms. Memory: 524288K Free: 290302K (55%)
----------------- Invoking toplevel() on ptolemy.moml.MoMLSimpleApplication@3cc94686
----------------- Done invoking toplevel() on ptolemy.moml.MoMLSimpleApplication@3cc94686
reloadAllAccessors: .TestExceptionAttribute2

===========================================================================================
----------------- testing Mon Jun 22 14:50:02 UTC 2020 /home/travis/build/icyphy/ptII/ptolemy/actor/lib/test/auto/TestExceptionAttribute3.xml
----------------- Instantiating /home/travis/build/icyphy/ptII/ptolemy/actor/lib/test/auto/TestExceptionAttribute3.xml
.TestExceptionAttribute3.TestExceptionAttribute: initialize() was not invoked, but wrapup() was.  This is unusual, but not always a problem.  For example, exporting JNLP will do this.
1 ms. Memory: 524288K Free: 286720K (55%)
----------------- Invoking toplevel() on ptolemy.moml.MoMLSimpleApplication@34ab158a
----------------- Done invoking toplevel() on ptolemy.moml.MoMLSimpleApplication@34ab158a
reloadAllAccessors: .TestExceptionAttribute3

===========================================================================================
----------------- testing Mon Jun 22 14:50:02 UTC 2020 /home/travis/build/icyphy/ptII/ptolemy/actor/lib/test/auto/TestExceptionAttribute4.xml
----------------- Instantiating /home/travis/build/icyphy/ptII/ptolemy/actor/lib/test/auto/TestExceptionAttribute4.xml
.TestExceptionAttribute4.TestExceptionAttribute: initialize() was not invoked, but wrapup() was.  This is unusual, but not always a problem.  For example, exporting JNLP will do this.
.TestExceptionAttribute4.TestExceptionAttribute2: initialize() was not invoked, but wrapup() was.  This is unusual, but not always a problem.  For example, exporting JNLP will do this.
0 ms. Memory: 524288K Free: 282624K (54%)
----------------- Invoking toplevel() on ptolemy.moml.MoMLSimpleApplication@440d868d
----------------- Done invoking toplevel() on ptolemy.moml.MoMLSimpleApplication@440d868d
reloadAllAccessors: .TestExceptionAttribute4

===========================================================================================
----------------- testing Mon Jun 22 14:50:02 UTC 2020 /home/travis/build/icyphy/ptII/ptolemy/actor/lib/test/auto/TestExceptionHandler1.xml
----------------- Instantiating /home/travis/build/icyphy/ptII/ptolemy/actor/lib/test/auto/TestExceptionHandler1.xml
1 ms. Memory: 524288K Free: 279038K (53%)
----------------- Invoking toplevel() on ptolemy.moml.MoMLSimpleApplication@76a1df4f
----------------- Done invoking toplevel() on ptolemy.moml.MoMLSimpleApplication@76a1df4f
reloadAllAccessors: .TestExceptionHandler1

===========================================================================================
----------------- testing Mon Jun 22 14:50:02 UTC 2020 /home/travis/build/icyphy/ptII/ptolemy/actor/lib/test/auto/TestExceptionHandler2.xml
----------------- Instantiating /home/travis/build/icyphy/ptII/ptolemy/actor/lib/test/auto/TestExceptionHandler2.xml
1 ms. Memory: 524288K Free: 275456K (53%)
----------------- Invoking toplevel() on ptolemy.moml.MoMLSimpleApplication@1856e305
----------------- Done invoking toplevel() on ptolemy.moml.MoMLSimpleApplication@1856e305
reloadAllAccessors: .TestExceptionHandler2

===========================================================================================
----------------- testing Mon Jun 22 14:50:02 UTC 2020 /home/travis/build/icyphy/ptII/ptolemy/actor/lib/test/auto/TestExceptionHandler3.xml
----------------- Instantiating /home/travis/build/icyphy/ptII/ptolemy/actor/lib/test/auto/TestExceptionHandler3.xml
1 ms. Memory: 524288K Free: 271870K (52%)
----------------- Invoking toplevel() on ptolemy.moml.MoMLSimpleApplication@6569e786
----------------- Done invoking toplevel() on ptolemy.moml.MoMLSimpleApplication@6569e786
reloadAllAccessors: .TestExceptionHandler3

===========================================================================================
----------------- testing Mon Jun 22 14:50:02 UTC 2020 /home/travis/build/icyphy/ptII/ptolemy/actor/lib/test/auto/TestExceptionHandler4.xml
----------------- Instantiating /home/travis/build/icyphy/ptII/ptolemy/actor/lib/test/auto/TestExceptionHandler4.xml
0 ms. Memory: 524288K Free: 267774K (51%)
----------------- Invoking toplevel() on ptolemy.moml.MoMLSimpleApplication@771c6dcb
----------------- Done invoking toplevel() on ptolemy.moml.MoMLSimpleApplication@771c6dcb
reloadAllAccessors: .TestExceptionHandler4

===========================================================================================
----------------- testing Mon Jun 22 14:50:02 UTC 2020 /home/travis/build/icyphy/ptII/ptolemy/actor/lib/test/auto/TestRequireCorrectOrder.xml
----------------- Instantiating /home/travis/build/icyphy/ptII/ptolemy/actor/lib/test/auto/TestRequireCorrectOrder.xml
8 ms. Memory: 524288K Free: 262623K (50%)
----------------- Invoking toplevel() on ptolemy.moml.MoMLSimpleApplication@50e74f46
----------------- Done invoking toplevel() on ptolemy.moml.MoMLSimpleApplication@50e74f46
reloadAllAccessors: .TestRequireCorrectOrder

===========================================================================================
----------------- testing Mon Jun 22 14:50:02 UTC 2020 /home/travis/build/icyphy/ptII/ptolemy/actor/lib/test/auto/TestSimple.xml
----------------- Instantiating /home/travis/build/icyphy/ptII/ptolemy/actor/lib/test/auto/TestSimple.xml
1 ms. Memory: 524288K Free: 258048K (49%)
----------------- Invoking toplevel() on ptolemy.moml.MoMLSimpleApplication@53b9d27e
----------------- Done invoking toplevel() on ptolemy.moml.MoMLSimpleApplication@53b9d27e
reloadAllAccessors: .TestSimple

===========================================================================================
----------------- testing Mon Jun 22 14:50:02 UTC 2020 /home/travis/build/icyphy/ptII/ptolemy/actor/lib/test/auto/ThrowModelError.xml
----------------- Instantiating /home/travis/build/icyphy/ptII/ptolemy/actor/lib/test/auto/ThrowModelError.xml
1 ms. Memory: 524288K Free: 253438K (48%)
----------------- Invoking toplevel() on ptolemy.moml.MoMLSimpleApplication@7d882960
----------------- Done invoking toplevel() on ptolemy.moml.MoMLSimpleApplication@7d882960
reloadAllAccessors: .ThrowModelError

===========================================================================================
----------------- testing Mon Jun 22 14:50:02 UTC 2020 /home/travis/build/icyphy/ptII/ptolemy/actor/lib/test/auto/TimeDelayMicrosteps.xml
----------------- Instantiating /home/travis/build/icyphy/ptII/ptolemy/actor/lib/test/auto/TimeDelayMicrosteps.xml
2 ms. Memory: 524288K Free: 246784K (47%)
----------------- Invoking toplevel() on ptolemy.moml.MoMLSimpleApplication@17a300d4
----------------- Done invoking toplevel() on ptolemy.moml.MoMLSimpleApplication@17a300d4
reloadAllAccessors: .TimeDelayMicrosteps

===========================================================================================
----------------- testing Mon Jun 22 14:50:02 UTC 2020 /home/travis/build/icyphy/ptII/ptolemy/actor/lib/test/auto/TimeDelayMicrosteps2.xml
----------------- Instantiating /home/travis/build/icyphy/ptII/ptolemy/actor/lib/test/auto/TimeDelayMicrosteps2.xml
2 ms. Memory: 524288K Free: 239616K (46%)
----------------- Invoking toplevel() on ptolemy.moml.MoMLSimpleApplication@7eee493
----------------- Done invoking toplevel() on ptolemy.moml.MoMLSimpleApplication@7eee493
reloadAllAccessors: .TimeDelayMicrosteps2

===========================================================================================
----------------- testing Mon Jun 22 14:50:02 UTC 2020 /home/travis/build/icyphy/ptII/ptolemy/actor/lib/test/auto/TimeDelayMicrosteps3.xml
----------------- Instantiating /home/travis/build/icyphy/ptII/ptolemy/actor/lib/test/auto/TimeDelayMicrosteps3.xml
2 ms. Memory: 524288K Free: 232927K (44%)
----------------- Invoking toplevel() on ptolemy.moml.MoMLSimpleApplication@9d7aa2c
----------------- Done invoking toplevel() on ptolemy.moml.MoMLSimpleApplication@9d7aa2c
reloadAllAccessors: .TimeDelayMicrosteps3

===========================================================================================
----------------- testing Mon Jun 22 14:50:02 UTC 2020 /home/travis/build/icyphy/ptII/ptolemy/actor/lib/test/auto/TimeDelayVariableMicrosteps.xml
----------------- Instantiating /home/travis/build/icyphy/ptII/ptolemy/actor/lib/test/auto/TimeDelayVariableMicrosteps.xml
2 ms. Memory: 524288K Free: 225790K (43%)
----------------- Invoking toplevel() on ptolemy.moml.MoMLSimpleApplication@1f78d47b
----------------- Done invoking toplevel() on ptolemy.moml.MoMLSimpleApplication@1f78d47b
reloadAllAccessors: .TimeDelayVariableMicrosteps

===========================================================================================
----------------- testing Mon Jun 22 14:50:02 UTC 2020 /home/travis/build/icyphy/ptII/ptolemy/actor/lib/test/auto/TimeGap.xml
----------------- Instantiating /home/travis/build/icyphy/ptII/ptolemy/actor/lib/test/auto/TimeGap.xml
3 ms. Memory: 524288K Free: 220639K (42%)
----------------- Invoking toplevel() on ptolemy.moml.MoMLSimpleApplication@36fec52f
----------------- Done invoking toplevel() on ptolemy.moml.MoMLSimpleApplication@36fec52f
reloadAllAccessors: .TimeGap

===========================================================================================
----------------- testing Mon Jun 22 14:50:02 UTC 2020 /home/travis/build/icyphy/ptII/ptolemy/actor/lib/test/auto/TimeGap2.xml
----------------- Instantiating /home/travis/build/icyphy/ptII/ptolemy/actor/lib/test/auto/TimeGap2.xml
1 ms. Memory: 524288K Free: 215040K (41%)
----------------- Invoking toplevel() on ptolemy.moml.MoMLSimpleApplication@24fa8861
----------------- Done invoking toplevel() on ptolemy.moml.MoMLSimpleApplication@24fa8861
reloadAllAccessors: .TimeGap2

===========================================================================================
----------------- testing Mon Jun 22 14:50:02 UTC 2020 /home/travis/build/icyphy/ptII/ptolemy/actor/lib/test/auto/TimedSinewave.xml
----------------- Instantiating /home/travis/build/icyphy/ptII/ptolemy/actor/lib/test/auto/TimedSinewave.xml
25 ms. Memory: 524288K Free: 201214K (38%)
----------------- Invoking toplevel() on ptolemy.moml.MoMLSimpleApplication@1feecc0f
----------------- Done invoking toplevel() on ptolemy.moml.MoMLSimpleApplication@1feecc0f
reloadAllAccessors: .TimedSinewave

===========================================================================================
----------------- testing Mon Jun 22 14:50:02 UTC 2020 /home/travis/build/icyphy/ptII/ptolemy/actor/lib/test/auto/TimedSinewavePhase.xml
----------------- Instantiating /home/travis/build/icyphy/ptII/ptolemy/actor/lib/test/auto/TimedSinewavePhase.xml
8 ms. Memory: 524288K Free: 191488K (37%)
----------------- Invoking toplevel() on ptolemy.moml.MoMLSimpleApplication@2714a6d9
----------------- Done invoking toplevel() on ptolemy.moml.MoMLSimpleApplication@2714a6d9
reloadAllAccessors: .TimedSinewavePhase

===========================================================================================
----------------- testing Mon Jun 22 14:50:02 UTC 2020 /home/travis/build/icyphy/ptII/ptolemy/actor/lib/test/auto/Timer.xml
----------------- Instantiating /home/travis/build/icyphy/ptII/ptolemy/actor/lib/test/auto/Timer.xml
3 ms. Memory: 524288K Free: 185839K (35%)
----------------- Invoking toplevel() on ptolemy.moml.MoMLSimpleApplication@253191b4
----------------- Done invoking toplevel() on ptolemy.moml.MoMLSimpleApplication@253191b4
reloadAllAccessors: .Timer

===========================================================================================
----------------- testing Mon Jun 22 14:50:02 UTC 2020 /home/travis/build/icyphy/ptII/ptolemy/actor/lib/test/auto/TriangularDistTestModel.xml
----------------- Instantiating /home/travis/build/icyphy/ptII/ptolemy/actor/lib/test/auto/TriangularDistTestModel.xml
1 ms. Memory: 524288K Free: 180224K (34%)
----------------- Invoking toplevel() on ptolemy.moml.MoMLSimpleApplication@7a0167d3
----------------- Done invoking toplevel() on ptolemy.moml.MoMLSimpleApplication@7a0167d3
reloadAllAccessors: .TriangularDistTestModel

===========================================================================================
----------------- testing Mon Jun 22 14:50:02 UTC 2020 /home/travis/build/icyphy/ptII/ptolemy/actor/lib/test/auto/TrigFunction.xml
----------------- Instantiating /home/travis/build/icyphy/ptII/ptolemy/actor/lib/test/auto/TrigFunction.xml
1 ms. Memory: 524288K Free: 175614K (33%)
----------------- Invoking toplevel() on ptolemy.moml.MoMLSimpleApplication@4dc0fda0
----------------- Done invoking toplevel() on ptolemy.moml.MoMLSimpleApplication@4dc0fda0
reloadAllAccessors: .TrigFunction

===========================================================================================
----------------- testing Mon Jun 22 14:50:02 UTC 2020 /home/travis/build/icyphy/ptII/ptolemy/actor/lib/test/auto/TrigFunctionDE.xml
----------------- Instantiating /home/travis/build/icyphy/ptII/ptolemy/actor/lib/test/auto/TrigFunctionDE.xml
2 ms. Memory: 524288K Free: 169984K (32%)
----------------- Invoking toplevel() on ptolemy.moml.MoMLSimpleApplication@3c11e384
----------------- Done invoking toplevel() on ptolemy.moml.MoMLSimpleApplication@3c11e384
reloadAllAccessors: .TrigFunctionDE

===========================================================================================
----------------- testing Mon Jun 22 14:50:02 UTC 2020 /home/travis/build/icyphy/ptII/ptolemy/actor/lib/test/auto/TrigFunctionInverse.xml
----------------- Instantiating /home/travis/build/icyphy/ptII/ptolemy/actor/lib/test/auto/TrigFunctionInverse.xml
2 ms. Memory: 524288K Free: 164350K (31%)
----------------- Invoking toplevel() on ptolemy.moml.MoMLSimpleApplication@1dfa3900
----------------- Done invoking toplevel() on ptolemy.moml.MoMLSimpleApplication@1dfa3900
reloadAllAccessors: .TrigFunctionInverse

===========================================================================================
----------------- testing Mon Jun 22 14:50:02 UTC 2020 /home/travis/build/icyphy/ptII/ptolemy/actor/lib/test/auto/TrigFunctionTan.xml
----------------- Instantiating /home/travis/build/icyphy/ptII/ptolemy/actor/lib/test/auto/TrigFunctionTan.xml
1 ms. Memory: 524288K Free: 470526K (90%)
----------------- Invoking toplevel() on ptolemy.moml.MoMLSimpleApplication@6591d72c
----------------- Done invoking toplevel() on ptolemy.moml.MoMLSimpleApplication@6591d72c
reloadAllAccessors: .TrigFunctionTan

===========================================================================================
----------------- testing Mon Jun 22 14:50:02 UTC 2020 /home/travis/build/icyphy/ptII/ptolemy/actor/lib/test/auto/TriggeredClock.xml
----------------- Instantiating /home/travis/build/icyphy/ptII/ptolemy/actor/lib/test/auto/TriggeredClock.xml
1 ms. Memory: 524288K Free: 465903K (89%)
----------------- Invoking toplevel() on ptolemy.moml.MoMLSimpleApplication@3958ab82
----------------- Done invoking toplevel() on ptolemy.moml.MoMLSimpleApplication@3958ab82
reloadAllAccessors: .TriggeredClock

===========================================================================================
----------------- testing Mon Jun 22 14:50:02 UTC 2020 /home/travis/build/icyphy/ptII/ptolemy/actor/lib/test/auto/URLDirectoryReader.xml
----------------- Instantiating /home/travis/build/icyphy/ptII/ptolemy/actor/lib/test/auto/URLDirectoryReader.xml
54 ms. Memory: 524288K Free: 456190K (87%)
----------------- Invoking toplevel() on ptolemy.moml.MoMLSimpleApplication@26141b0d
----------------- Done invoking toplevel() on ptolemy.moml.MoMLSimpleApplication@26141b0d
reloadAllAccessors: .URLDirectoryReader

===========================================================================================
----------------- testing Mon Jun 22 14:50:02 UTC 2020 /home/travis/build/icyphy/ptII/ptolemy/actor/lib/test/auto/URLDirectoryReader3.xml
----------------- Instantiating /home/travis/build/icyphy/ptII/ptolemy/actor/lib/test/auto/URLDirectoryReader3.xml
965 ms. Memory: 524288K Free: 466248K (89%)
----------------- Invoking toplevel() on ptolemy.moml.MoMLSimpleApplication@67f4f2a2
----------------- Done invoking toplevel() on ptolemy.moml.MoMLSimpleApplication@67f4f2a2
reloadAllAccessors: .URLDirectoryReader3

===========================================================================================
----------------- testing Mon Jun 22 14:50:03 UTC 2020 /home/travis/build/icyphy/ptII/ptolemy/actor/lib/test/auto/UnaryMathFunction.xml
----------------- Instantiating /home/travis/build/icyphy/ptII/ptolemy/actor/lib/test/auto/UnaryMathFunction.xml
4 ms. Memory: 524288K Free: 458461K (87%)
----------------- Invoking toplevel() on ptolemy.moml.MoMLSimpleApplication@70044af8
----------------- Done invoking toplevel() on ptolemy.moml.MoMLSimpleApplication@70044af8
reloadAllAccessors: .UnaryMathFunction

===========================================================================================
----------------- testing Mon Jun 22 14:50:03 UTC 2020 /home/travis/build/icyphy/ptII/ptolemy/actor/lib/test/auto/Uniform.xml
----------------- Instantiating /home/travis/build/icyphy/ptII/ptolemy/actor/lib/test/auto/Uniform.xml
3 ms. Memory: 524288K Free: 453845K (87%)
----------------- Invoking toplevel() on ptolemy.moml.MoMLSimpleApplication@50c983e3
----------------- Done invoking toplevel() on ptolemy.moml.MoMLSimpleApplication@50c983e3
reloadAllAccessors: .Uniform

===========================================================================================
----------------- testing Mon Jun 22 14:50:03 UTC 2020 /home/travis/build/icyphy/ptII/ptolemy/actor/lib/test/auto/UnionDisassemblerTest.xml
----------------- Instantiating /home/travis/build/icyphy/ptII/ptolemy/actor/lib/test/auto/UnionDisassemblerTest.xml
11 ms. Memory: 524288K Free: 450269K (86%)
----------------- Invoking toplevel() on ptolemy.moml.MoMLSimpleApplication@3428a086
----------------- Done invoking toplevel() on ptolemy.moml.MoMLSimpleApplication@3428a086
reloadAllAccessors: .UnionDisassemblerTest

===========================================================================================
----------------- testing Mon Jun 22 14:50:03 UTC 2020 /home/travis/build/icyphy/ptII/ptolemy/actor/lib/test/auto/UtilityFunctions.xml
----------------- Instantiating /home/travis/build/icyphy/ptII/ptolemy/actor/lib/test/auto/UtilityFunctions.xml
1 ms. Memory: 524288K Free: 446173K (85%)
----------------- Invoking toplevel() on ptolemy.moml.MoMLSimpleApplication@51133ff9
----------------- Done invoking toplevel() on ptolemy.moml.MoMLSimpleApplication@51133ff9
reloadAllAccessors: .UtilityFunctions

===========================================================================================
----------------- testing Mon Jun 22 14:50:03 UTC 2020 /home/travis/build/icyphy/ptII/ptolemy/actor/lib/test/auto/VariableSleep.xml
----------------- Instantiating /home/travis/build/icyphy/ptII/ptolemy/actor/lib/test/auto/VariableSleep.xml
503 ms. Memory: 524288K Free: 441053K (84%)
----------------- Invoking toplevel() on ptolemy.moml.MoMLSimpleApplication@88fa074
----------------- Done invoking toplevel() on ptolemy.moml.MoMLSimpleApplication@88fa074
reloadAllAccessors: .VariableSleep

===========================================================================================
----------------- testing Mon Jun 22 14:50:04 UTC 2020 /home/travis/build/icyphy/ptII/ptolemy/actor/lib/test/auto/VectorAssemblerDisassemblerCT.xml
----------------- Instantiating /home/travis/build/icyphy/ptII/ptolemy/actor/lib/test/auto/VectorAssemblerDisassemblerCT.xml
69 ms. Memory: 524288K Free: 420059K (80%)
----------------- Invoking toplevel() on ptolemy.moml.MoMLSimpleApplication@5dd12e9c
----------------- Done invoking toplevel() on ptolemy.moml.MoMLSimpleApplication@5dd12e9c
reloadAllAccessors: .VectorAssemblerDisassemblerCT

===========================================================================================
----------------- testing Mon Jun 22 14:50:04 UTC 2020 /home/travis/build/icyphy/ptII/ptolemy/actor/lib/test/auto/VectorAssemblerDisassemblerDE.xml
----------------- Instantiating /home/travis/build/icyphy/ptII/ptolemy/actor/lib/test/auto/VectorAssemblerDisassemblerDE.xml
2 ms. Memory: 524288K Free: 412891K (79%)
----------------- Invoking toplevel() on ptolemy.moml.MoMLSimpleApplication@4017e927
----------------- Done invoking toplevel() on ptolemy.moml.MoMLSimpleApplication@4017e927
reloadAllAccessors: .VectorAssemblerDisassemblerDE

===========================================================================================
----------------- testing Mon Jun 22 14:50:04 UTC 2020 /home/travis/build/icyphy/ptII/ptolemy/actor/lib/test/auto/VectorAssemblerDisassemblerSDF.xml
----------------- Instantiating /home/travis/build/icyphy/ptII/ptolemy/actor/lib/test/auto/VectorAssemblerDisassemblerSDF.xml
2 ms. Memory: 524288K Free: 406747K (78%)
----------------- Invoking toplevel() on ptolemy.moml.MoMLSimpleApplication@7b86bb8f
----------------- Done invoking toplevel() on ptolemy.moml.MoMLSimpleApplication@7b86bb8f
reloadAllAccessors: .VectorAssemblerDisassemblerSDF

===========================================================================================
----------------- testing Mon Jun 22 14:50:04 UTC 2020 /home/travis/build/icyphy/ptII/ptolemy/actor/lib/test/auto/WallClockTime.xml
----------------- Instantiating /home/travis/build/icyphy/ptII/ptolemy/actor/lib/test/auto/WallClockTime.xml
1004 ms. Memory: 524288K Free: 401627K (77%)
----------------- Invoking toplevel() on ptolemy.moml.MoMLSimpleApplication@6fab6994
----------------- Done invoking toplevel() on ptolemy.moml.MoMLSimpleApplication@6fab6994
reloadAllAccessors: .WallClockTime

===========================================================================================
----------------- testing Mon Jun 22 14:50:05 UTC 2020 /home/travis/build/icyphy/ptII/ptolemy/actor/lib/test/auto/WidthTestWithSubscriberPublisher.xml
----------------- Instantiating /home/travis/build/icyphy/ptII/ptolemy/actor/lib/test/auto/WidthTestWithSubscriberPublisher.xml
7 ms. Memory: 524288K Free: 384219K (73%)
----------------- Invoking toplevel() on ptolemy.moml.MoMLSimpleApplication@2c0b5efc
----------------- Done invoking toplevel() on ptolemy.moml.MoMLSimpleApplication@2c0b5efc
reloadAllAccessors: .WidthTestWithSubscriberPublisher

===========================================================================================
----------------- testing Mon Jun 22 14:50:05 UTC 2020 /home/travis/build/icyphy/ptII/ptolemy/actor/lib/test/auto/WidthTestWithSubscriberPublisher2.xml
----------------- Instantiating /home/travis/build/icyphy/ptII/ptolemy/actor/lib/test/auto/WidthTestWithSubscriberPublisher2.xml
3 ms. Memory: 524288K Free: 377565K (72%)
----------------- Invoking toplevel() on ptolemy.moml.MoMLSimpleApplication@30b20c27
----------------- Done invoking toplevel() on ptolemy.moml.MoMLSimpleApplication@30b20c27
reloadAllAccessors: .WidthTestWithSubscriberPublisher2

===========================================================================================
----------------- testing Mon Jun 22 14:50:05 UTC 2020 /home/travis/build/icyphy/ptII/ptolemy/actor/lib/test/auto/WidthTestWithSubscriberPublisher3.xml
----------------- Instantiating /home/travis/build/icyphy/ptII/ptolemy/actor/lib/test/auto/WidthTestWithSubscriberPublisher3.xml
3 ms. Memory: 524288K Free: 371931K (71%)
----------------- Invoking toplevel() on ptolemy.moml.MoMLSimpleApplication@17482243
----------------- Done invoking toplevel() on ptolemy.moml.MoMLSimpleApplication@17482243
reloadAllAccessors: .WidthTestWithSubscriberPublisher3

===========================================================================================
----------------- testing Mon Jun 22 14:50:05 UTC 2020 /home/travis/build/icyphy/ptII/ptolemy/actor/lib/test/auto/Writer.xml
----------------- Instantiating /home/travis/build/icyphy/ptII/ptolemy/actor/lib/test/auto/Writer.xml
0
1
2
3
4
1 ms. Memory: 524288K Free: 367829K (70%)
----------------- Invoking toplevel() on ptolemy.moml.MoMLSimpleApplication@5294c231
----------------- Done invoking toplevel() on ptolemy.moml.MoMLSimpleApplication@5294c231
reloadAllAccessors: .Writer

===========================================================================================
----------------- testing Mon Jun 22 14:50:05 UTC 2020 /home/travis/build/icyphy/ptII/ptolemy/actor/lib/test/auto/array.xml
----------------- Instantiating /home/travis/build/icyphy/ptII/ptolemy/actor/lib/test/auto/array.xml
2 ms. Memory: 524288K Free: 363229K (69%)
----------------- Invoking toplevel() on ptolemy.moml.MoMLSimpleApplication@2c488fd7
----------------- Done invoking toplevel() on ptolemy.moml.MoMLSimpleApplication@2c488fd7
reloadAllAccessors: .array

===========================================================================================
----------------- testing Mon Jun 22 14:50:05 UTC 2020 /home/travis/build/icyphy/ptII/ptolemy/actor/lib/test/auto/array2.xml
----------------- Instantiating /home/travis/build/icyphy/ptII/ptolemy/actor/lib/test/auto/array2.xml
15 ms. Memory: 524288K Free: 358605K (68%)
----------------- Invoking toplevel() on ptolemy.moml.MoMLSimpleApplication@4470c547
----------------- Done invoking toplevel() on ptolemy.moml.MoMLSimpleApplication@4470c547
reloadAllAccessors: .array2

===========================================================================================
----------------- testing Mon Jun 22 14:50:05 UTC 2020 /home/travis/build/icyphy/ptII/ptolemy/actor/lib/test/auto/arrayType.xml
----------------- Instantiating /home/travis/build/icyphy/ptII/ptolemy/actor/lib/test/auto/arrayType.xml
2 ms. Memory: 524288K Free: 353499K (67%)
----------------- Invoking toplevel() on ptolemy.moml.MoMLSimpleApplication@45f7cf7c
----------------- Done invoking toplevel() on ptolemy.moml.MoMLSimpleApplication@45f7cf7c
reloadAllAccessors: .arrayType

===========================================================================================
----------------- testing Mon Jun 22 14:50:05 UTC 2020 /home/travis/build/icyphy/ptII/ptolemy/actor/lib/test/auto/arrayType10.xml
----------------- Instantiating /home/travis/build/icyphy/ptII/ptolemy/actor/lib/test/auto/arrayType10.xml
1 ms. Memory: 524288K Free: 348379K (66%)
----------------- Invoking toplevel() on ptolemy.moml.MoMLSimpleApplication@6c4e5db
----------------- Done invoking toplevel() on ptolemy.moml.MoMLSimpleApplication@6c4e5db
reloadAllAccessors: .arrayType10

===========================================================================================
----------------- testing Mon Jun 22 14:50:05 UTC 2020 /home/travis/build/icyphy/ptII/ptolemy/actor/lib/test/auto/arrayType11.xml
----------------- Instantiating /home/travis/build/icyphy/ptII/ptolemy/actor/lib/test/auto/arrayType11.xml
2 ms. Memory: 524288K Free: 343773K (66%)
----------------- Invoking toplevel() on ptolemy.moml.MoMLSimpleApplication@6b2411ba
----------------- Done invoking toplevel() on ptolemy.moml.MoMLSimpleApplication@6b2411ba
reloadAllAccessors: .arrayType11

===========================================================================================
----------------- testing Mon Jun 22 14:50:05 UTC 2020 /home/travis/build/icyphy/ptII/ptolemy/actor/lib/test/auto/arrayType12.xml
----------------- Instantiating /home/travis/build/icyphy/ptII/ptolemy/actor/lib/test/auto/arrayType12.xml
2 ms. Memory: 524288K Free: 339163K (65%)
----------------- Invoking toplevel() on ptolemy.moml.MoMLSimpleApplication@7b840cb3
----------------- Done invoking toplevel() on ptolemy.moml.MoMLSimpleApplication@7b840cb3
reloadAllAccessors: .arrayType12

===========================================================================================
----------------- testing Mon Jun 22 14:50:05 UTC 2020 /home/travis/build/icyphy/ptII/ptolemy/actor/lib/test/auto/arrayType13.xml
----------------- Instantiating /home/travis/build/icyphy/ptII/ptolemy/actor/lib/test/auto/arrayType13.xml
1 ms. Memory: 524288K Free: 334043K (64%)
----------------- Invoking toplevel() on ptolemy.moml.MoMLSimpleApplication@387a59ba
----------------- Done invoking toplevel() on ptolemy.moml.MoMLSimpleApplication@387a59ba
reloadAllAccessors: .arrayType13

===========================================================================================
----------------- testing Mon Jun 22 14:50:05 UTC 2020 /home/travis/build/icyphy/ptII/ptolemy/actor/lib/test/auto/arrayType14.xml
----------------- Instantiating /home/travis/build/icyphy/ptII/ptolemy/actor/lib/test/auto/arrayType14.xml
1 ms. Memory: 524288K Free: 328923K (63%)
----------------- Invoking toplevel() on ptolemy.moml.MoMLSimpleApplication@3f293464
----------------- Done invoking toplevel() on ptolemy.moml.MoMLSimpleApplication@3f293464
reloadAllAccessors: .arrayType14

===========================================================================================
----------------- testing Mon Jun 22 14:50:05 UTC 2020 /home/travis/build/icyphy/ptII/ptolemy/actor/lib/test/auto/arrayType15.xml
----------------- Instantiating /home/travis/build/icyphy/ptII/ptolemy/actor/lib/test/auto/arrayType15.xml
2 ms. Memory: 524288K Free: 323803K (62%)
----------------- Invoking toplevel() on ptolemy.moml.MoMLSimpleApplication@7f3fe95b
----------------- Done invoking toplevel() on ptolemy.moml.MoMLSimpleApplication@7f3fe95b
reloadAllAccessors: .arrayType15

===========================================================================================
----------------- testing Mon Jun 22 14:50:05 UTC 2020 /home/travis/build/icyphy/ptII/ptolemy/actor/lib/test/auto/arrayType16.xml
----------------- Instantiating /home/travis/build/icyphy/ptII/ptolemy/actor/lib/test/auto/arrayType16.xml
1 ms. Memory: 524288K Free: 318173K (61%)
----------------- Invoking toplevel() on ptolemy.moml.MoMLSimpleApplication@2dcd59f1
----------------- Done invoking toplevel() on ptolemy.moml.MoMLSimpleApplication@2dcd59f1
reloadAllAccessors: .arrayType16

===========================================================================================
----------------- testing Mon Jun 22 14:50:05 UTC 2020 /home/travis/build/icyphy/ptII/ptolemy/actor/lib/test/auto/arrayType17.xml
----------------- Instantiating /home/travis/build/icyphy/ptII/ptolemy/actor/lib/test/auto/arrayType17.xml
2 ms. Memory: 524288K Free: 313053K (60%)
----------------- Invoking toplevel() on ptolemy.moml.MoMLSimpleApplication@1623d017
----------------- Done invoking toplevel() on ptolemy.moml.MoMLSimpleApplication@1623d017
reloadAllAccessors: .arrayType17

===========================================================================================
----------------- testing Mon Jun 22 14:50:05 UTC 2020 /home/travis/build/icyphy/ptII/ptolemy/actor/lib/test/auto/arrayType18.xml
----------------- Instantiating /home/travis/build/icyphy/ptII/ptolemy/actor/lib/test/auto/arrayType18.xml
1 ms. Memory: 524288K Free: 308443K (59%)
----------------- Invoking toplevel() on ptolemy.moml.MoMLSimpleApplication@4457661b
----------------- Done invoking toplevel() on ptolemy.moml.MoMLSimpleApplication@4457661b
reloadAllAccessors: .arrayType18

===========================================================================================
----------------- testing Mon Jun 22 14:50:05 UTC 2020 /home/travis/build/icyphy/ptII/ptolemy/actor/lib/test/auto/arrayType19.xml
----------------- Instantiating /home/travis/build/icyphy/ptII/ptolemy/actor/lib/test/auto/arrayType19.xml
1 ms. Memory: 524288K Free: 303837K (58%)
----------------- Invoking toplevel() on ptolemy.moml.MoMLSimpleApplication@290c5b9
----------------- Done invoking toplevel() on ptolemy.moml.MoMLSimpleApplication@290c5b9
reloadAllAccessors: .arrayType19

===========================================================================================
----------------- testing Mon Jun 22 14:50:05 UTC 2020 /home/travis/build/icyphy/ptII/ptolemy/actor/lib/test/auto/arrayType2.xml
----------------- Instantiating /home/travis/build/icyphy/ptII/ptolemy/actor/lib/test/auto/arrayType2.xml
1 ms. Memory: 524288K Free: 298717K (57%)
----------------- Invoking toplevel() on ptolemy.moml.MoMLSimpleApplication@689476a4
----------------- Done invoking toplevel() on ptolemy.moml.MoMLSimpleApplication@689476a4
reloadAllAccessors: .arrayType2

===========================================================================================
----------------- testing Mon Jun 22 14:50:05 UTC 2020 /home/travis/build/icyphy/ptII/ptolemy/actor/lib/test/auto/arrayType20.xml
----------------- Instantiating /home/travis/build/icyphy/ptII/ptolemy/actor/lib/test/auto/arrayType20.xml
1 ms. Memory: 524288K Free: 293597K (56%)
----------------- Invoking toplevel() on ptolemy.moml.MoMLSimpleApplication@620af14c
----------------- Done invoking toplevel() on ptolemy.moml.MoMLSimpleApplication@620af14c
reloadAllAccessors: .arrayType20

===========================================================================================
----------------- testing Mon Jun 22 14:50:05 UTC 2020 /home/travis/build/icyphy/ptII/ptolemy/actor/lib/test/auto/arrayType21.xml
----------------- Instantiating /home/travis/build/icyphy/ptII/ptolemy/actor/lib/test/auto/arrayType21.xml
1 ms. Memory: 524288K Free: 288987K (55%)
----------------- Invoking toplevel() on ptolemy.moml.MoMLSimpleApplication@5fbac906
----------------- Done invoking toplevel() on ptolemy.moml.MoMLSimpleApplication@5fbac906
reloadAllAccessors: .arrayType21

===========================================================================================
----------------- testing Mon Jun 22 14:50:05 UTC 2020 /home/travis/build/icyphy/ptII/ptolemy/actor/lib/test/auto/arrayType22.xml
----------------- Instantiating /home/travis/build/icyphy/ptII/ptolemy/actor/lib/test/auto/arrayType22.xml
1 ms. Memory: 524288K Free: 284381K (54%)
----------------- Invoking toplevel() on ptolemy.moml.MoMLSimpleApplication@1ab56045
----------------- Done invoking toplevel() on ptolemy.moml.MoMLSimpleApplication@1ab56045
reloadAllAccessors: .arrayType22

===========================================================================================
----------------- testing Mon Jun 22 14:50:05 UTC 2020 /home/travis/build/icyphy/ptII/ptolemy/actor/lib/test/auto/arrayType23.xml
----------------- Instantiating /home/travis/build/icyphy/ptII/ptolemy/actor/lib/test/auto/arrayType23.xml
2 ms. Memory: 524288K Free: 279771K (53%)
----------------- Invoking toplevel() on ptolemy.moml.MoMLSimpleApplication@1e435362
----------------- Done invoking toplevel() on ptolemy.moml.MoMLSimpleApplication@1e435362
reloadAllAccessors: .arrayType23

===========================================================================================
----------------- testing Mon Jun 22 14:50:05 UTC 2020 /home/travis/build/icyphy/ptII/ptolemy/actor/lib/test/auto/arrayType24.xml
----------------- Instantiating /home/travis/build/icyphy/ptII/ptolemy/actor/lib/test/auto/arrayType24.xml
2 ms. Memory: 524288K Free: 275165K (52%)
----------------- Invoking toplevel() on ptolemy.moml.MoMLSimpleApplication@1b64f8c2
----------------- Done invoking toplevel() on ptolemy.moml.MoMLSimpleApplication@1b64f8c2
reloadAllAccessors: .arrayType24

===========================================================================================
----------------- testing Mon Jun 22 14:50:05 UTC 2020 /home/travis/build/icyphy/ptII/ptolemy/actor/lib/test/auto/arrayType25.xml
----------------- Instantiating /home/travis/build/icyphy/ptII/ptolemy/actor/lib/test/auto/arrayType25.xml
1 ms. Memory: 524288K Free: 269531K (51%)
----------------- Invoking toplevel() on ptolemy.moml.MoMLSimpleApplication@5abdcc62
----------------- Done invoking toplevel() on ptolemy.moml.MoMLSimpleApplication@5abdcc62
reloadAllAccessors: .arrayType25

===========================================================================================
----------------- testing Mon Jun 22 14:50:05 UTC 2020 /home/travis/build/icyphy/ptII/ptolemy/actor/lib/test/auto/arrayType26.xml
----------------- Instantiating /home/travis/build/icyphy/ptII/ptolemy/actor/lib/test/auto/arrayType26.xml
1 ms. Memory: 524288K Free: 264411K (50%)
----------------- Invoking toplevel() on ptolemy.moml.MoMLSimpleApplication@223c64bd
----------------- Done invoking toplevel() on ptolemy.moml.MoMLSimpleApplication@223c64bd
reloadAllAccessors: .arrayType26

===========================================================================================
----------------- testing Mon Jun 22 14:50:05 UTC 2020 /home/travis/build/icyphy/ptII/ptolemy/actor/lib/test/auto/arrayType27.xml
----------------- Instantiating /home/travis/build/icyphy/ptII/ptolemy/actor/lib/test/auto/arrayType27.xml
1 ms. Memory: 524288K Free: 259291K (49%)
----------------- Invoking toplevel() on ptolemy.moml.MoMLSimpleApplication@58d8ea04
----------------- Done invoking toplevel() on ptolemy.moml.MoMLSimpleApplication@58d8ea04
reloadAllAccessors: .arrayType27

===========================================================================================
----------------- testing Mon Jun 22 14:50:05 UTC 2020 /home/travis/build/icyphy/ptII/ptolemy/actor/lib/test/auto/arrayType28.xml
----------------- Instantiating /home/travis/build/icyphy/ptII/ptolemy/actor/lib/test/auto/arrayType28.xml
1 ms. Memory: 524288K Free: 254171K (48%)
----------------- Invoking toplevel() on ptolemy.moml.MoMLSimpleApplication@38582b67
----------------- Done invoking toplevel() on ptolemy.moml.MoMLSimpleApplication@38582b67
reloadAllAccessors: .arrayType28

===========================================================================================
----------------- testing Mon Jun 22 14:50:05 UTC 2020 /home/travis/build/icyphy/ptII/ptolemy/actor/lib/test/auto/arrayType3.xml
----------------- Instantiating /home/travis/build/icyphy/ptII/ptolemy/actor/lib/test/auto/arrayType3.xml
1 ms. Memory: 524288K Free: 248541K (47%)
----------------- Invoking toplevel() on ptolemy.moml.MoMLSimpleApplication@530b7fe0
----------------- Done invoking toplevel() on ptolemy.moml.MoMLSimpleApplication@530b7fe0
reloadAllAccessors: .arrayType3

===========================================================================================
----------------- testing Mon Jun 22 14:50:05 UTC 2020 /home/travis/build/icyphy/ptII/ptolemy/actor/lib/test/auto/arrayType4.xml
----------------- Instantiating /home/travis/build/icyphy/ptII/ptolemy/actor/lib/test/auto/arrayType4.xml
1 ms. Memory: 524288K Free: 243421K (46%)
----------------- Invoking toplevel() on ptolemy.moml.MoMLSimpleApplication@7a28c2e0
----------------- Done invoking toplevel() on ptolemy.moml.MoMLSimpleApplication@7a28c2e0
reloadAllAccessors: .arrayType4

===========================================================================================
----------------- testing Mon Jun 22 14:50:05 UTC 2020 /home/travis/build/icyphy/ptII/ptolemy/actor/lib/test/auto/arrayType5.xml
----------------- Instantiating /home/travis/build/icyphy/ptII/ptolemy/actor/lib/test/auto/arrayType5.xml
1 ms. Memory: 524288K Free: 238301K (45%)
----------------- Invoking toplevel() on ptolemy.moml.MoMLSimpleApplication@205df2cb
----------------- Done invoking toplevel() on ptolemy.moml.MoMLSimpleApplication@205df2cb
reloadAllAccessors: .arrayType5

===========================================================================================
----------------- testing Mon Jun 22 14:50:05 UTC 2020 /home/travis/build/icyphy/ptII/ptolemy/actor/lib/test/auto/arrayType6.xml
----------------- Instantiating /home/travis/build/icyphy/ptII/ptolemy/actor/lib/test/auto/arrayType6.xml
2 ms. Memory: 524288K Free: 467884K (89%)
----------------- Invoking toplevel() on ptolemy.moml.MoMLSimpleApplication@36b64bf6
----------------- Done invoking toplevel() on ptolemy.moml.MoMLSimpleApplication@36b64bf6
reloadAllAccessors: .arrayType6

===========================================================================================
----------------- testing Mon Jun 22 14:50:05 UTC 2020 /home/travis/build/icyphy/ptII/ptolemy/actor/lib/test/auto/arrayType7.xml
----------------- Instantiating /home/travis/build/icyphy/ptII/ptolemy/actor/lib/test/auto/arrayType7.xml
1 ms. Memory: 524288K Free: 462764K (88%)
----------------- Invoking toplevel() on ptolemy.moml.MoMLSimpleApplication@a09dba
----------------- Done invoking toplevel() on ptolemy.moml.MoMLSimpleApplication@a09dba
reloadAllAccessors: .arrayType7

===========================================================================================
----------------- testing Mon Jun 22 14:50:05 UTC 2020 /home/travis/build/icyphy/ptII/ptolemy/actor/lib/test/auto/arrayType8.xml
----------------- Instantiating /home/travis/build/icyphy/ptII/ptolemy/actor/lib/test/auto/arrayType8.xml
2 ms. Memory: 524288K Free: 458158K (87%)
----------------- Invoking toplevel() on ptolemy.moml.MoMLSimpleApplication@422ebf6b
----------------- Done invoking toplevel() on ptolemy.moml.MoMLSimpleApplication@422ebf6b
reloadAllAccessors: .arrayType8

===========================================================================================
----------------- testing Mon Jun 22 14:50:05 UTC 2020 /home/travis/build/icyphy/ptII/ptolemy/actor/lib/test/auto/arrayType9.xml
----------------- Instantiating /home/travis/build/icyphy/ptII/ptolemy/actor/lib/test/auto/arrayType9.xml
2 ms. Memory: 524288K Free: 453548K (87%)
----------------- Invoking toplevel() on ptolemy.moml.MoMLSimpleApplication@14c3a233
----------------- Done invoking toplevel() on ptolemy.moml.MoMLSimpleApplication@14c3a233
reloadAllAccessors: .arrayType9

===========================================================================================
----------------- testing Mon Jun 22 14:50:06 UTC 2020 /home/travis/build/icyphy/ptII/ptolemy/actor/lib/test/auto/cast.xml
----------------- Instantiating /home/travis/build/icyphy/ptII/ptolemy/actor/lib/test/auto/cast.xml
23 ms. Memory: 524288K Free: 448942K (86%)
----------------- Invoking toplevel() on ptolemy.moml.MoMLSimpleApplication@7e8ea30e
----------------- Done invoking toplevel() on ptolemy.moml.MoMLSimpleApplication@7e8ea30e
reloadAllAccessors: .cast

===========================================================================================
----------------- testing Mon Jun 22 14:50:06 UTC 2020 /home/travis/build/icyphy/ptII/ptolemy/actor/lib/test/auto/compositeMultiPort.xml
----------------- Instantiating /home/travis/build/icyphy/ptII/ptolemy/actor/lib/test/auto/compositeMultiPort.xml
3 ms. Memory: 524288K Free: 439726K (84%)
----------------- Invoking toplevel() on ptolemy.moml.MoMLSimpleApplication@af1dc75
----------------- Done invoking toplevel() on ptolemy.moml.MoMLSimpleApplication@af1dc75
reloadAllAccessors: .compositeMultiPort

===========================================================================================
----------------- testing Mon Jun 22 14:50:06 UTC 2020 /home/travis/build/icyphy/ptII/ptolemy/actor/lib/test/auto/expressionCastInference.xml
----------------- Instantiating /home/travis/build/icyphy/ptII/ptolemy/actor/lib/test/auto/expressionCastInference.xml
2 ms. Memory: 524288K Free: 435116K (83%)
----------------- Invoking toplevel() on ptolemy.moml.MoMLSimpleApplication@24283c27
----------------- Done invoking toplevel() on ptolemy.moml.MoMLSimpleApplication@24283c27
reloadAllAccessors: .expressionCastInference

===========================================================================================
----------------- testing Mon Jun 22 14:50:06 UTC 2020 /home/travis/build/icyphy/ptII/ptolemy/actor/lib/test/auto/expressionCastInference2.xml
----------------- Instantiating /home/travis/build/icyphy/ptII/ptolemy/actor/lib/test/auto/expressionCastInference2.xml
2 ms. Memory: 524288K Free: 430510K (82%)
----------------- Invoking toplevel() on ptolemy.moml.MoMLSimpleApplication@398ca754
----------------- Done invoking toplevel() on ptolemy.moml.MoMLSimpleApplication@398ca754
reloadAllAccessors: .expressionCastInference2

===========================================================================================
----------------- testing Mon Jun 22 14:50:06 UTC 2020 /home/travis/build/icyphy/ptII/ptolemy/actor/lib/test/auto/expressionInference.xml
----------------- Instantiating /home/travis/build/icyphy/ptII/ptolemy/actor/lib/test/auto/expressionInference.xml
1 ms. Memory: 524288K Free: 426414K (81%)
----------------- Invoking toplevel() on ptolemy.moml.MoMLSimpleApplication@361e924a
----------------- Done invoking toplevel() on ptolemy.moml.MoMLSimpleApplication@361e924a
reloadAllAccessors: .expressionInference

===========================================================================================
----------------- testing Mon Jun 22 14:50:06 UTC 2020 /home/travis/build/icyphy/ptII/ptolemy/actor/lib/test/auto/expression_bug.xml
----------------- Instantiating /home/travis/build/icyphy/ptII/ptolemy/actor/lib/test/auto/expression_bug.xml
1 ms. Memory: 524288K Free: 421804K (80%)
----------------- Invoking toplevel() on ptolemy.moml.MoMLSimpleApplication@274eb8ef
----------------- Done invoking toplevel() on ptolemy.moml.MoMLSimpleApplication@274eb8ef
reloadAllAccessors: .expression_bug

===========================================================================================
----------------- testing Mon Jun 22 14:50:06 UTC 2020 /home/travis/build/icyphy/ptII/ptolemy/actor/lib/test/auto/factorial.xml
----------------- Instantiating /home/travis/build/icyphy/ptII/ptolemy/actor/lib/test/auto/factorial.xml
34 ms. Memory: 524288K Free: 413612K (79%)
----------------- Invoking toplevel() on ptolemy.moml.MoMLSimpleApplication@5baa3095
----------------- Done invoking toplevel() on ptolemy.moml.MoMLSimpleApplication@5baa3095
reloadAllAccessors: .factorial

===========================================================================================
----------------- testing Mon Jun 22 14:50:06 UTC 2020 /home/travis/build/icyphy/ptII/ptolemy/actor/lib/test/auto/filterTest1.xml
----------------- Instantiating /home/travis/build/icyphy/ptII/ptolemy/actor/lib/test/auto/filterTest1.xml
2 ms. Memory: 524288K Free: 407982K (78%)
----------------- Invoking toplevel() on ptolemy.moml.MoMLSimpleApplication@423df69
----------------- Done invoking toplevel() on ptolemy.moml.MoMLSimpleApplication@423df69
reloadAllAccessors: .filterTest1

===========================================================================================
----------------- testing Mon Jun 22 14:50:06 UTC 2020 /home/travis/build/icyphy/ptII/ptolemy/actor/lib/test/auto/funcApplyInConst.xml
----------------- Instantiating /home/travis/build/icyphy/ptII/ptolemy/actor/lib/test/auto/funcApplyInConst.xml
1 ms. Memory: 524288K Free: 403886K (77%)
----------------- Invoking toplevel() on ptolemy.moml.MoMLSimpleApplication@33b258c
----------------- Done invoking toplevel() on ptolemy.moml.MoMLSimpleApplication@33b258c
reloadAllAccessors: .funcApplyInConst

===========================================================================================
----------------- testing Mon Jun 22 14:50:06 UTC 2020 /home/travis/build/icyphy/ptII/ptolemy/actor/lib/test/auto/funcApplyInExpr.xml
----------------- Instantiating /home/travis/build/icyphy/ptII/ptolemy/actor/lib/test/auto/funcApplyInExpr.xml
1 ms. Memory: 524288K Free: 400300K (76%)
----------------- Invoking toplevel() on ptolemy.moml.MoMLSimpleApplication@77d4de99
----------------- Done invoking toplevel() on ptolemy.moml.MoMLSimpleApplication@77d4de99
reloadAllAccessors: .funcApplyInExpr

===========================================================================================
----------------- testing Mon Jun 22 14:50:06 UTC 2020 /home/travis/build/icyphy/ptII/ptolemy/actor/lib/test/auto/function.xml
----------------- Instantiating /home/travis/build/icyphy/ptII/ptolemy/actor/lib/test/auto/function.xml
1 ms. Memory: 524288K Free: 395694K (75%)
----------------- Invoking toplevel() on ptolemy.moml.MoMLSimpleApplication@22c5e823
----------------- Done invoking toplevel() on ptolemy.moml.MoMLSimpleApplication@22c5e823
reloadAllAccessors: .function

===========================================================================================
----------------- testing Mon Jun 22 14:50:06 UTC 2020 /home/travis/build/icyphy/ptII/ptolemy/actor/lib/test/auto/function2.xml
----------------- Instantiating /home/travis/build/icyphy/ptII/ptolemy/actor/lib/test/auto/function2.xml
2 ms. Memory: 524288K Free: 391084K (75%)
----------------- Invoking toplevel() on ptolemy.moml.MoMLSimpleApplication@7827a692
----------------- Done invoking toplevel() on ptolemy.moml.MoMLSimpleApplication@7827a692
reloadAllAccessors: .function2

===========================================================================================
----------------- testing Mon Jun 22 14:50:06 UTC 2020 /home/travis/build/icyphy/ptII/ptolemy/actor/lib/test/auto/function3.xml
----------------- Instantiating /home/travis/build/icyphy/ptII/ptolemy/actor/lib/test/auto/function3.xml
1 ms. Memory: 524288K Free: 386988K (74%)
----------------- Invoking toplevel() on ptolemy.moml.MoMLSimpleApplication@836ee04
----------------- Done invoking toplevel() on ptolemy.moml.MoMLSimpleApplication@836ee04
reloadAllAccessors: .function3

===========================================================================================
----------------- testing Mon Jun 22 14:50:06 UTC 2020 /home/travis/build/icyphy/ptII/ptolemy/actor/lib/test/auto/functionClosureTest1.xml
----------------- Instantiating /home/travis/build/icyphy/ptII/ptolemy/actor/lib/test/auto/functionClosureTest1.xml
1 ms. Memory: 524288K Free: 381358K (73%)
----------------- Invoking toplevel() on ptolemy.moml.MoMLSimpleApplication@4f53b144
----------------- Done invoking toplevel() on ptolemy.moml.MoMLSimpleApplication@4f53b144
reloadAllAccessors: .functionClosureTest1

===========================================================================================
----------------- testing Mon Jun 22 14:50:06 UTC 2020 /home/travis/build/icyphy/ptII/ptolemy/actor/lib/test/auto/functionClosureTest2.xml
----------------- Instantiating /home/travis/build/icyphy/ptII/ptolemy/actor/lib/test/auto/functionClosureTest2.xml
1 ms. Memory: 524288K Free: 377772K (72%)
----------------- Invoking toplevel() on ptolemy.moml.MoMLSimpleApplication@b02a650
----------------- Done invoking toplevel() on ptolemy.moml.MoMLSimpleApplication@b02a650
reloadAllAccessors: .functionClosureTest2

===========================================================================================
----------------- testing Mon Jun 22 14:50:06 UTC 2020 /home/travis/build/icyphy/ptII/ptolemy/actor/lib/test/auto/functionClosureTest3.xml
----------------- Instantiating /home/travis/build/icyphy/ptII/ptolemy/actor/lib/test/auto/functionClosureTest3.xml
2 ms. Memory: 524288K Free: 372652K (71%)
----------------- Invoking toplevel() on ptolemy.moml.MoMLSimpleApplication@419daf40
----------------- Done invoking toplevel() on ptolemy.moml.MoMLSimpleApplication@419daf40
reloadAllAccessors: .functionClosureTest3

===========================================================================================
----------------- testing Mon Jun 22 14:50:06 UTC 2020 /home/travis/build/icyphy/ptII/ptolemy/actor/lib/test/auto/functionClosureTest4.xml
----------------- Instantiating /home/travis/build/icyphy/ptII/ptolemy/actor/lib/test/auto/functionClosureTest4.xml
4 ms. Memory: 524288K Free: 365998K (70%)
----------------- Invoking toplevel() on ptolemy.moml.MoMLSimpleApplication@7f672a91
----------------- Done invoking toplevel() on ptolemy.moml.MoMLSimpleApplication@7f672a91
reloadAllAccessors: .functionClosureTest4

===========================================================================================
----------------- testing Mon Jun 22 14:50:06 UTC 2020 /home/travis/build/icyphy/ptII/ptolemy/actor/lib/test/auto/functionClosureTest5.xml
----------------- Instantiating /home/travis/build/icyphy/ptII/ptolemy/actor/lib/test/auto/functionClosureTest5.xml
3 ms. Memory: 524288K Free: 360878K (69%)
----------------- Invoking toplevel() on ptolemy.moml.MoMLSimpleApplication@8eaec9c
----------------- Done invoking toplevel() on ptolemy.moml.MoMLSimpleApplication@8eaec9c
reloadAllAccessors: .functionClosureTest5

===========================================================================================
----------------- testing Mon Jun 22 14:50:06 UTC 2020 /home/travis/build/icyphy/ptII/ptolemy/actor/lib/test/auto/functionClosureTest6.xml
----------------- Instantiating /home/travis/build/icyphy/ptII/ptolemy/actor/lib/test/auto/functionClosureTest6.xml
1 ms. Memory: 524288K Free: 356268K (68%)
----------------- Invoking toplevel() on ptolemy.moml.MoMLSimpleApplication@68dd391a
----------------- Done invoking toplevel() on ptolemy.moml.MoMLSimpleApplication@68dd391a
reloadAllAccessors: .functionClosureTest6

===========================================================================================
----------------- testing Mon Jun 22 14:50:06 UTC 2020 /home/travis/build/icyphy/ptII/ptolemy/actor/lib/test/auto/functionsOnArcs.xml
----------------- Instantiating /home/travis/build/icyphy/ptII/ptolemy/actor/lib/test/auto/functionsOnArcs.xml
2 ms. Memory: 524288K Free: 350638K (67%)
----------------- Invoking toplevel() on ptolemy.moml.MoMLSimpleApplication@5310864e
----------------- Done invoking toplevel() on ptolemy.moml.MoMLSimpleApplication@5310864e
reloadAllAccessors: .functionsOnArcs

===========================================================================================
----------------- testing Mon Jun 22 14:50:06 UTC 2020 /home/travis/build/icyphy/ptII/ptolemy/actor/lib/test/auto/functionsOnArcsHOF.xml
----------------- Instantiating /home/travis/build/icyphy/ptII/ptolemy/actor/lib/test/auto/functionsOnArcsHOF.xml
3 ms. Memory: 524288K Free: 345004K (66%)
----------------- Invoking toplevel() on ptolemy.moml.MoMLSimpleApplication@4cf92b0b
----------------- Done invoking toplevel() on ptolemy.moml.MoMLSimpleApplication@4cf92b0b
reloadAllAccessors: .functionsOnArcsHOF

===========================================================================================
----------------- testing Mon Jun 22 14:50:06 UTC 2020 /home/travis/build/icyphy/ptII/ptolemy/actor/lib/test/auto/logic.xml
----------------- Instantiating /home/travis/build/icyphy/ptII/ptolemy/actor/lib/test/auto/logic.xml
1 ms. Memory: 524288K Free: 337836K (64%)
----------------- Invoking toplevel() on ptolemy.moml.MoMLSimpleApplication@54c012ae
----------------- Done invoking toplevel() on ptolemy.moml.MoMLSimpleApplication@54c012ae
reloadAllAccessors: .logic

===========================================================================================
----------------- testing Mon Jun 22 14:50:06 UTC 2020 /home/travis/build/icyphy/ptII/ptolemy/actor/lib/test/auto/matrixType.xml
----------------- Instantiating /home/travis/build/icyphy/ptII/ptolemy/actor/lib/test/auto/matrixType.xml
2 ms. Memory: 524288K Free: 332716K (63%)
----------------- Invoking toplevel() on ptolemy.moml.MoMLSimpleApplication@c26d1c1
----------------- Done invoking toplevel() on ptolemy.moml.MoMLSimpleApplication@c26d1c1
reloadAllAccessors: .matrixType

===========================================================================================
----------------- testing Mon Jun 22 14:50:06 UTC 2020 /home/travis/build/icyphy/ptII/ptolemy/actor/lib/test/auto/matrixType10.xml
----------------- Instantiating /home/travis/build/icyphy/ptII/ptolemy/actor/lib/test/auto/matrixType10.xml
1 ms. Memory: 524288K Free: 328110K (63%)
----------------- Invoking toplevel() on ptolemy.moml.MoMLSimpleApplication@20a59289
----------------- Done invoking toplevel() on ptolemy.moml.MoMLSimpleApplication@20a59289
reloadAllAccessors: .matrixType10

===========================================================================================
----------------- testing Mon Jun 22 14:50:06 UTC 2020 /home/travis/build/icyphy/ptII/ptolemy/actor/lib/test/auto/matrixType11.xml
----------------- Instantiating /home/travis/build/icyphy/ptII/ptolemy/actor/lib/test/auto/matrixType11.xml
1 ms. Memory: 524288K Free: 323500K (62%)
----------------- Invoking toplevel() on ptolemy.moml.MoMLSimpleApplication@6c37a36f
----------------- Done invoking toplevel() on ptolemy.moml.MoMLSimpleApplication@6c37a36f
reloadAllAccessors: .matrixType11

===========================================================================================
----------------- testing Mon Jun 22 14:50:06 UTC 2020 /home/travis/build/icyphy/ptII/ptolemy/actor/lib/test/auto/matrixType12.xml
----------------- Instantiating /home/travis/build/icyphy/ptII/ptolemy/actor/lib/test/auto/matrixType12.xml
1 ms. Memory: 524288K Free: 318894K (61%)
----------------- Invoking toplevel() on ptolemy.moml.MoMLSimpleApplication@2da9c7f9
----------------- Done invoking toplevel() on ptolemy.moml.MoMLSimpleApplication@2da9c7f9
reloadAllAccessors: .matrixType12

===========================================================================================
----------------- testing Mon Jun 22 14:50:06 UTC 2020 /home/travis/build/icyphy/ptII/ptolemy/actor/lib/test/auto/matrixType13.xml
----------------- Instantiating /home/travis/build/icyphy/ptII/ptolemy/actor/lib/test/auto/matrixType13.xml
1 ms. Memory: 524288K Free: 313774K (60%)
----------------- Invoking toplevel() on ptolemy.moml.MoMLSimpleApplication@79f09b3
----------------- Done invoking toplevel() on ptolemy.moml.MoMLSimpleApplication@79f09b3
reloadAllAccessors: .matrixType13

===========================================================================================
----------------- testing Mon Jun 22 14:50:06 UTC 2020 /home/travis/build/icyphy/ptII/ptolemy/actor/lib/test/auto/matrixType14.xml
----------------- Instantiating /home/travis/build/icyphy/ptII/ptolemy/actor/lib/test/auto/matrixType14.xml
1 ms. Memory: 524288K Free: 309164K (59%)
----------------- Invoking toplevel() on ptolemy.moml.MoMLSimpleApplication@4594dc2f
----------------- Done invoking toplevel() on ptolemy.moml.MoMLSimpleApplication@4594dc2f
reloadAllAccessors: .matrixType14

===========================================================================================
----------------- testing Mon Jun 22 14:50:06 UTC 2020 /home/travis/build/icyphy/ptII/ptolemy/actor/lib/test/auto/matrixType2.xml
----------------- Instantiating /home/travis/build/icyphy/ptII/ptolemy/actor/lib/test/auto/matrixType2.xml
1 ms. Memory: 524288K Free: 304556K (58%)
----------------- Invoking toplevel() on ptolemy.moml.MoMLSimpleApplication@290b12f7
----------------- Done invoking toplevel() on ptolemy.moml.MoMLSimpleApplication@290b12f7
reloadAllAccessors: .matrixType2

===========================================================================================
----------------- testing Mon Jun 22 14:50:06 UTC 2020 /home/travis/build/icyphy/ptII/ptolemy/actor/lib/test/auto/matrixType3.xml
----------------- Instantiating /home/travis/build/icyphy/ptII/ptolemy/actor/lib/test/auto/matrixType3.xml
3 ms. Memory: 524288K Free: 299438K (57%)
----------------- Invoking toplevel() on ptolemy.moml.MoMLSimpleApplication@22186ffb
----------------- Done invoking toplevel() on ptolemy.moml.MoMLSimpleApplication@22186ffb
reloadAllAccessors: .matrixType3

===========================================================================================
----------------- testing Mon Jun 22 14:50:06 UTC 2020 /home/travis/build/icyphy/ptII/ptolemy/actor/lib/test/auto/matrixType4.xml
----------------- Instantiating /home/travis/build/icyphy/ptII/ptolemy/actor/lib/test/auto/matrixType4.xml
2 ms. Memory: 524288K Free: 294828K (56%)
----------------- Invoking toplevel() on ptolemy.moml.MoMLSimpleApplication@dd27cb2
----------------- Done invoking toplevel() on ptolemy.moml.MoMLSimpleApplication@dd27cb2
reloadAllAccessors: .matrixType4

===========================================================================================
----------------- testing Mon Jun 22 14:50:06 UTC 2020 /home/travis/build/icyphy/ptII/ptolemy/actor/lib/test/auto/matrixType5.xml
----------------- Instantiating /home/travis/build/icyphy/ptII/ptolemy/actor/lib/test/auto/matrixType5.xml
1 ms. Memory: 524288K Free: 290222K (55%)
----------------- Invoking toplevel() on ptolemy.moml.MoMLSimpleApplication@604f80f8
----------------- Done invoking toplevel() on ptolemy.moml.MoMLSimpleApplication@604f80f8
reloadAllAccessors: .matrixType5

===========================================================================================
----------------- testing Mon Jun 22 14:50:06 UTC 2020 /home/travis/build/icyphy/ptII/ptolemy/actor/lib/test/auto/matrixType6.xml
----------------- Instantiating /home/travis/build/icyphy/ptII/ptolemy/actor/lib/test/auto/matrixType6.xml
1 ms. Memory: 524288K Free: 285102K (54%)
----------------- Invoking toplevel() on ptolemy.moml.MoMLSimpleApplication@2b3a4165
----------------- Done invoking toplevel() on ptolemy.moml.MoMLSimpleApplication@2b3a4165
reloadAllAccessors: .matrixType6

===========================================================================================
----------------- testing Mon Jun 22 14:50:06 UTC 2020 /home/travis/build/icyphy/ptII/ptolemy/actor/lib/test/auto/matrixType7.xml
----------------- Instantiating /home/travis/build/icyphy/ptII/ptolemy/actor/lib/test/auto/matrixType7.xml
2 ms. Memory: 524288K Free: 280492K (53%)
----------------- Invoking toplevel() on ptolemy.moml.MoMLSimpleApplication@6743fb6b
----------------- Done invoking toplevel() on ptolemy.moml.MoMLSimpleApplication@6743fb6b
reloadAllAccessors: .matrixType7

===========================================================================================
----------------- testing Mon Jun 22 14:50:06 UTC 2020 /home/travis/build/icyphy/ptII/ptolemy/actor/lib/test/auto/matrixType8.xml
----------------- Instantiating /home/travis/build/icyphy/ptII/ptolemy/actor/lib/test/auto/matrixType8.xml
2 ms. Memory: 524288K Free: 275886K (53%)
----------------- Invoking toplevel() on ptolemy.moml.MoMLSimpleApplication@32acfeba
----------------- Done invoking toplevel() on ptolemy.moml.MoMLSimpleApplication@32acfeba
reloadAllAccessors: .matrixType8

===========================================================================================
----------------- testing Mon Jun 22 14:50:06 UTC 2020 /home/travis/build/icyphy/ptII/ptolemy/actor/lib/test/auto/matrixType9.xml
----------------- Instantiating /home/travis/build/icyphy/ptII/ptolemy/actor/lib/test/auto/matrixType9.xml
1 ms. Memory: 524288K Free: 270766K (52%)
----------------- Invoking toplevel() on ptolemy.moml.MoMLSimpleApplication@3d0157d9
----------------- Done invoking toplevel() on ptolemy.moml.MoMLSimpleApplication@3d0157d9
reloadAllAccessors: .matrixType9

===========================================================================================
----------------- testing Mon Jun 22 14:50:06 UTC 2020 /home/travis/build/icyphy/ptII/ptolemy/actor/lib/test/auto/paraFunctest.xml
----------------- Instantiating /home/travis/build/icyphy/ptII/ptolemy/actor/lib/test/auto/paraFunctest.xml
1 ms. Memory: 524288K Free: 266670K (51%)
----------------- Invoking toplevel() on ptolemy.moml.MoMLSimpleApplication@26da600a
----------------- Done invoking toplevel() on ptolemy.moml.MoMLSimpleApplication@26da600a
reloadAllAccessors: .paraFunctest

===========================================================================================
----------------- testing Mon Jun 22 14:50:06 UTC 2020 /home/travis/build/icyphy/ptII/ptolemy/actor/lib/test/auto/paraFunctest2.xml
----------------- Instantiating /home/travis/build/icyphy/ptII/ptolemy/actor/lib/test/auto/paraFunctest2.xml
1 ms. Memory: 524288K Free: 262060K (50%)
----------------- Invoking toplevel() on ptolemy.moml.MoMLSimpleApplication@74b1683a
----------------- Done invoking toplevel() on ptolemy.moml.MoMLSimpleApplication@74b1683a
reloadAllAccessors: .paraFunctest2

===========================================================================================
----------------- testing Mon Jun 22 14:50:06 UTC 2020 /home/travis/build/icyphy/ptII/ptolemy/actor/lib/test/auto/parameterPassing.xml
----------------- Instantiating /home/travis/build/icyphy/ptII/ptolemy/actor/lib/test/auto/parameterPassing.xml
1 ms. Memory: 524288K Free: 257454K (49%)
----------------- Invoking toplevel() on ptolemy.moml.MoMLSimpleApplication@3193bb8f
----------------- Done invoking toplevel() on ptolemy.moml.MoMLSimpleApplication@3193bb8f
reloadAllAccessors: .parameterPassing

===========================================================================================
----------------- testing Mon Jun 22 14:50:06 UTC 2020 /home/travis/build/icyphy/ptII/ptolemy/actor/lib/test/auto/record.xml
----------------- Instantiating /home/travis/build/icyphy/ptII/ptolemy/actor/lib/test/auto/record.xml
2 ms. Memory: 524288K Free: 252844K (48%)
----------------- Invoking toplevel() on ptolemy.moml.MoMLSimpleApplication@4ba19b25
----------------- Done invoking toplevel() on ptolemy.moml.MoMLSimpleApplication@4ba19b25
reloadAllAccessors: .record

===========================================================================================
----------------- testing Mon Jun 22 14:50:06 UTC 2020 /home/travis/build/icyphy/ptII/ptolemy/actor/lib/test/auto/sizedarray1.xml
----------------- Instantiating /home/travis/build/icyphy/ptII/ptolemy/actor/lib/test/auto/sizedarray1.xml
1 ms. Memory: 524288K Free: 247724K (47%)
----------------- Invoking toplevel() on ptolemy.moml.MoMLSimpleApplication@702641f6
----------------- Done invoking toplevel() on ptolemy.moml.MoMLSimpleApplication@702641f6
reloadAllAccessors: .sizedarray1

===========================================================================================
----------------- testing Mon Jun 22 14:50:06 UTC 2020 /home/travis/build/icyphy/ptII/ptolemy/actor/lib/test/auto/sizedarray2.xml
----------------- Instantiating /home/travis/build/icyphy/ptII/ptolemy/actor/lib/test/auto/sizedarray2.xml
2 ms. Memory: 524288K Free: 242094K (46%)
----------------- Invoking toplevel() on ptolemy.moml.MoMLSimpleApplication@51df1f4
----------------- Done invoking toplevel() on ptolemy.moml.MoMLSimpleApplication@51df1f4
reloadAllAccessors: .sizedarray2

===========================================================================================
----------------- testing Mon Jun 22 14:50:06 UTC 2020 /home/travis/build/icyphy/ptII/ptolemy/actor/lib/test/auto/twoPublishers.xml
----------------- Instantiating /home/travis/build/icyphy/ptII/ptolemy/actor/lib/test/auto/twoPublishers.xml
5 ms. Memory: 524288K Free: 231854K (44%)
----------------- Invoking toplevel() on ptolemy.moml.MoMLSimpleApplication@109517b0
----------------- Done invoking toplevel() on ptolemy.moml.MoMLSimpleApplication@109517b0
reloadAllAccessors: .twoPublishers
AutoTests.java: About to close Vertx.
AutoTests.java: Vertx closed.
]]></system-out>
  <system-err><![CDATA[java.lang.RuntimeException: Execution failed
	at ptolemy.moml.MoMLSimpleApplication$UnloadThread.run(MoMLSimpleApplication.java:402)
Caused by: java.lang.RuntimeException: StringUtilities.exit() was called. Normally, we would exit here because Manager.exitAfterWrapup() was called.  However, because the ptolemy.ptII.exitAfterWrapup property is set, we throw this exception instead.
	at ptolemy.util.StringUtilities.exit(StringUtilities.java:365)
	at ptolemy.actor.Manager.wrapup(Manager.java:1549)
	at ptolemy.actor.Manager.execute(Manager.java:407)
	at ptolemy.actor.Manager.run(Manager.java:1263)
	at ptolemy.actor.Manager$PtolemyRunThread.run(Manager.java:1933)
Warning: '.top.test' is in training mode, set the trainingMode parameter to false before checking in
Warning: '.top.test' is in training mode, set the trainingMode parameter to false before checking in
Warning: '.top.test' is in training mode, set the trainingMode parameter to false before checking in
Warning: '.BooleanSwitch_RegressionTest_WrongTrainingValues.Test' is in training mode, set the trainingMode parameter to false before checking in
Warning: '.BooleanSwitch_RegressionTest_WrongTrainingValues.Test2' is in training mode, set the trainingMode parameter to false before checking in
Warning: '.BooleanSwitch_RegressionTest_WrongTrainingValues.Test2' The test produced 0 tokens.
Warning: '.top.testExceptionHandler' is in training mode, set the trainingMode parameter to false before checking in
java.lang.RuntimeException: Execution failed
	at ptolemy.moml.MoMLSimpleApplication$UnloadThread.run(MoMLSimpleApplication.java:402)
Caused by: ptolemy.kernel.util.IllegalActionException: PublisherPorts cannot be used at the top level, use a Publisher actor instead.
  in .PublisherPortToplevelSubscriber.PublisherPort
	at ptolemy.actor.PublisherPort.preinitialize(PublisherPort.java:403)
	at ptolemy.actor.CompositeActor.preinitialize(CompositeActor.java:1769)
	at ptolemy.actor.Manager.preinitializeAndResolveTypes(Manager.java:1040)
	at ptolemy.actor.Manager.initialize(Manager.java:710)
	at ptolemy.actor.Manager.execute(Manager.java:356)
	at ptolemy.actor.Manager.run(Manager.java:1263)
	at ptolemy.actor.Manager$PtolemyRunThread.run(Manager.java:1933)
java.lang.reflect.InvocationTargetException
	at java.base/jdk.internal.reflect.NativeConstructorAccessorImpl.newInstance0(Native Method)
	at java.base/jdk.internal.reflect.NativeConstructorAccessorImpl.newInstance(NativeConstructorAccessorImpl.java:62)
	at java.base/jdk.internal.reflect.DelegatingConstructorAccessorImpl.newInstance(DelegatingConstructorAccessorImpl.java:45)
	at java.base/java.lang.reflect.Constructor.newInstance(Constructor.java:490)
	at ptolemy.util.test.junit.AutoKnownFailedTests.RunModel(AutoKnownFailedTests.java:105)
	at java.base/jdk.internal.reflect.NativeMethodAccessorImpl.invoke0(Native Method)
	at java.base/jdk.internal.reflect.NativeMethodAccessorImpl.invoke(NativeMethodAccessorImpl.java:62)
	at java.base/jdk.internal.reflect.DelegatingMethodAccessorImpl.invoke(DelegatingMethodAccessorImpl.java:43)
	at java.base/java.lang.reflect.Method.invoke(Method.java:566)
	at org.junit.runners.model.FrameworkMethod$1.runReflectiveCall(FrameworkMethod.java:44)
	at org.junit.internal.runners.model.ReflectiveCallable.run(ReflectiveCallable.java:15)
	at org.junit.runners.model.FrameworkMethod.invokeExplosively(FrameworkMethod.java:41)
	at junitparams.internal.InvokeParameterisedMethod.evaluate(InvokeParameterisedMethod.java:102)
	at org.junit.internal.runners.statements.FailOnTimeout$1.run(FailOnTimeout.java:28)
Caused by: ptolemy.kernel.util.IllegalActionException: PublisherPorts cannot be used at the top level, use a Publisher actor instead.
  in .PublisherPortToplevelSubscriber.PublisherPort
	at ptolemy.actor.PublisherPort.preinitialize(PublisherPort.java:403)
	at ptolemy.actor.CompositeActor.preinitialize(CompositeActor.java:1769)
	at ptolemy.actor.Manager.preinitializeAndResolveTypes(Manager.java:1040)
	at ptolemy.actor.Manager.initialize(Manager.java:710)
	at ptolemy.actor.Manager.execute(Manager.java:356)
	at ptolemy.actor.Manager.run(Manager.java:1263)
	at ptolemy.actor.Manager$PtolemyRunThread.run(Manager.java:1933)
java.lang.RuntimeException: Execution failed
	at ptolemy.moml.MoMLSimpleApplication$UnloadThread.run(MoMLSimpleApplication.java:402)
Caused by: ptolemy.kernel.util.IllegalActionException: SubscriberPorts cannot be used at the top level, use a Subscriber actor instead.
  in .PublisherSubscriberPortToplevel.SubscriberPort
	at ptolemy.actor.SubscriberPort.preinitialize(SubscriberPort.java:328)
	at ptolemy.actor.CompositeActor.preinitialize(CompositeActor.java:1769)
	at ptolemy.actor.Manager.preinitializeAndResolveTypes(Manager.java:1040)
	at ptolemy.actor.Manager.initialize(Manager.java:710)
	at ptolemy.actor.Manager.execute(Manager.java:356)
	at ptolemy.actor.Manager.run(Manager.java:1263)
	at ptolemy.actor.Manager$PtolemyRunThread.run(Manager.java:1933)
java.lang.reflect.InvocationTargetException
	at java.base/jdk.internal.reflect.NativeConstructorAccessorImpl.newInstance0(Native Method)
	at java.base/jdk.internal.reflect.NativeConstructorAccessorImpl.newInstance(NativeConstructorAccessorImpl.java:62)
	at java.base/jdk.internal.reflect.DelegatingConstructorAccessorImpl.newInstance(DelegatingConstructorAccessorImpl.java:45)
	at java.base/java.lang.reflect.Constructor.newInstance(Constructor.java:490)
	at ptolemy.util.test.junit.AutoKnownFailedTests.RunModel(AutoKnownFailedTests.java:105)
	at java.base/jdk.internal.reflect.NativeMethodAccessorImpl.invoke0(Native Method)
	at java.base/jdk.internal.reflect.NativeMethodAccessorImpl.invoke(NativeMethodAccessorImpl.java:62)
	at java.base/jdk.internal.reflect.DelegatingMethodAccessorImpl.invoke(DelegatingMethodAccessorImpl.java:43)
	at java.base/java.lang.reflect.Method.invoke(Method.java:566)
	at org.junit.runners.model.FrameworkMethod$1.runReflectiveCall(FrameworkMethod.java:44)
	at org.junit.internal.runners.model.ReflectiveCallable.run(ReflectiveCallable.java:15)
	at org.junit.runners.model.FrameworkMethod.invokeExplosively(FrameworkMethod.java:41)
	at junitparams.internal.InvokeParameterisedMethod.evaluate(InvokeParameterisedMethod.java:102)
	at org.junit.internal.runners.statements.FailOnTimeout$1.run(FailOnTimeout.java:28)
Caused by: ptolemy.kernel.util.IllegalActionException: SubscriberPorts cannot be used at the top level, use a Subscriber actor instead.
  in .PublisherSubscriberPortToplevel.SubscriberPort
	at ptolemy.actor.SubscriberPort.preinitialize(SubscriberPort.java:328)
	at ptolemy.actor.CompositeActor.preinitialize(CompositeActor.java:1769)
	at ptolemy.actor.Manager.preinitializeAndResolveTypes(Manager.java:1040)
	at ptolemy.actor.Manager.initialize(Manager.java:710)
	at ptolemy.actor.Manager.execute(Manager.java:356)
	at ptolemy.actor.Manager.run(Manager.java:1263)
	at ptolemy.actor.Manager$PtolemyRunThread.run(Manager.java:1933)
java.lang.RuntimeException: Execution failed
	at ptolemy.moml.MoMLSimpleApplication$UnloadThread.run(MoMLSimpleApplication.java:402)
Caused by: ptolemy.kernel.util.IllegalActionException: SubscriptionAggregatorPorts cannot be used at the top level, use a SubscriptionAggregator actor instead.
  in .PublisherSubscriptionAggregatorPort.SubscriptionAggregatorPort
	at ptolemy.actor.SubscriptionAggregatorPort.preinitialize(SubscriptionAggregatorPort.java:353)
	at ptolemy.actor.CompositeActor.preinitialize(CompositeActor.java:1769)
	at ptolemy.actor.Manager.preinitializeAndResolveTypes(Manager.java:1040)
	at ptolemy.actor.Manager.initialize(Manager.java:710)
	at ptolemy.actor.Manager.execute(Manager.java:356)
	at ptolemy.actor.Manager.run(Manager.java:1263)
	at ptolemy.actor.Manager$PtolemyRunThread.run(Manager.java:1933)
java.lang.reflect.InvocationTargetException
	at java.base/jdk.internal.reflect.NativeConstructorAccessorImpl.newInstance0(Native Method)
	at java.base/jdk.internal.reflect.NativeConstructorAccessorImpl.newInstance(NativeConstructorAccessorImpl.java:62)
	at java.base/jdk.internal.reflect.DelegatingConstructorAccessorImpl.newInstance(DelegatingConstructorAccessorImpl.java:45)
	at java.base/java.lang.reflect.Constructor.newInstance(Constructor.java:490)
	at ptolemy.util.test.junit.AutoKnownFailedTests.RunModel(AutoKnownFailedTests.java:105)
	at java.base/jdk.internal.reflect.NativeMethodAccessorImpl.invoke0(Native Method)
	at java.base/jdk.internal.reflect.NativeMethodAccessorImpl.invoke(NativeMethodAccessorImpl.java:62)
	at java.base/jdk.internal.reflect.DelegatingMethodAccessorImpl.invoke(DelegatingMethodAccessorImpl.java:43)
	at java.base/java.lang.reflect.Method.invoke(Method.java:566)
	at org.junit.runners.model.FrameworkMethod$1.runReflectiveCall(FrameworkMethod.java:44)
	at org.junit.internal.runners.model.ReflectiveCallable.run(ReflectiveCallable.java:15)
	at org.junit.runners.model.FrameworkMethod.invokeExplosively(FrameworkMethod.java:41)
	at junitparams.internal.InvokeParameterisedMethod.evaluate(InvokeParameterisedMethod.java:102)
	at org.junit.internal.runners.statements.FailOnTimeout$1.run(FailOnTimeout.java:28)
Caused by: ptolemy.kernel.util.IllegalActionException: SubscriptionAggregatorPorts cannot be used at the top level, use a SubscriptionAggregator actor instead.
  in .PublisherSubscriptionAggregatorPort.SubscriptionAggregatorPort
	at ptolemy.actor.SubscriptionAggregatorPort.preinitialize(SubscriptionAggregatorPort.java:353)
	at ptolemy.actor.CompositeActor.preinitialize(CompositeActor.java:1769)
	at ptolemy.actor.Manager.preinitializeAndResolveTypes(Manager.java:1040)
	at ptolemy.actor.Manager.initialize(Manager.java:710)
	at ptolemy.actor.Manager.execute(Manager.java:356)
	at ptolemy.actor.Manager.run(Manager.java:1263)
	at ptolemy.actor.Manager$PtolemyRunThread.run(Manager.java:1933)
java.lang.RuntimeException: Execution failed
	at ptolemy.moml.MoMLSimpleApplication$UnloadThread.run(MoMLSimpleApplication.java:402)
Caused by: ptolemy.kernel.util.IllegalActionException: TypeTest actor has no training data.
  in .sizedarray3.TypeTest
	at ptolemy.actor.lib.TypeTest.initialize(TypeTest.java:250)
	at ptolemy.actor.Director.initialize(Director.java:938)
	at ptolemy.actor.Director.initialize(Director.java:907)
	at ptolemy.actor.sched.StaticSchedulingDirector.initialize(StaticSchedulingDirector.java:159)
	at ptolemy.domains.sdf.kernel.SDFDirector.initialize(SDFDirector.java:544)
	at ptolemy.actor.CompositeActor.initialize(CompositeActor.java:935)
	at ptolemy.actor.Manager.initialize(Manager.java:724)
	at ptolemy.actor.Manager.execute(Manager.java:356)
	at ptolemy.actor.Manager.run(Manager.java:1263)
	at ptolemy.actor.Manager$PtolemyRunThread.run(Manager.java:1933)
java.lang.reflect.InvocationTargetException
	at java.base/jdk.internal.reflect.NativeConstructorAccessorImpl.newInstance0(Native Method)
	at java.base/jdk.internal.reflect.NativeConstructorAccessorImpl.newInstance(NativeConstructorAccessorImpl.java:62)
	at java.base/jdk.internal.reflect.DelegatingConstructorAccessorImpl.newInstance(DelegatingConstructorAccessorImpl.java:45)
	at java.base/java.lang.reflect.Constructor.newInstance(Constructor.java:490)
	at ptolemy.util.test.junit.AutoKnownFailedTests.RunModel(AutoKnownFailedTests.java:105)
	at java.base/jdk.internal.reflect.NativeMethodAccessorImpl.invoke0(Native Method)
	at java.base/jdk.internal.reflect.NativeMethodAccessorImpl.invoke(NativeMethodAccessorImpl.java:62)
	at java.base/jdk.internal.reflect.DelegatingMethodAccessorImpl.invoke(DelegatingMethodAccessorImpl.java:43)
	at java.base/java.lang.reflect.Method.invoke(Method.java:566)
	at org.junit.runners.model.FrameworkMethod$1.runReflectiveCall(FrameworkMethod.java:44)
	at org.junit.internal.runners.model.ReflectiveCallable.run(ReflectiveCallable.java:15)
	at org.junit.runners.model.FrameworkMethod.invokeExplosively(FrameworkMethod.java:41)
	at junitparams.internal.InvokeParameterisedMethod.evaluate(InvokeParameterisedMethod.java:102)
	at org.junit.internal.runners.statements.FailOnTimeout$1.run(FailOnTimeout.java:28)
Caused by: ptolemy.kernel.util.IllegalActionException: TypeTest actor has no training data.
  in .sizedarray3.TypeTest
	at ptolemy.actor.lib.TypeTest.initialize(TypeTest.java:250)
	at ptolemy.actor.Director.initialize(Director.java:938)
	at ptolemy.actor.Director.initialize(Director.java:907)
	at ptolemy.actor.sched.StaticSchedulingDirector.initialize(StaticSchedulingDirector.java:159)
	at ptolemy.domains.sdf.kernel.SDFDirector.initialize(SDFDirector.java:544)
	at ptolemy.actor.CompositeActor.initialize(CompositeActor.java:935)
	at ptolemy.actor.Manager.initialize(Manager.java:724)
	at ptolemy.actor.Manager.execute(Manager.java:356)
	at ptolemy.actor.Manager.run(Manager.java:1263)
	at ptolemy.actor.Manager$PtolemyRunThread.run(Manager.java:1933)
ptolemy.kernel.util.InternalErrorException: Exec Stderr Gobbler-3: Failed while reading from java.lang.ProcessImpl$ProcessPipeInputStream@105eb0e2. To avoid this, try setting the ignoreIOExceptionReadErrors parameter to true.null
  in .ExecEnvironment.Exec
Because:
Stream closed
	at ptolemy.actor.lib.Exec$_StreamReaderThread._read(Exec.java:762)
	at ptolemy.actor.lib.Exec$_StreamReaderThread.run(Exec.java:706)
Caused by: java.io.IOException: Stream closed
	at java.base/sun.nio.cs.StreamDecoder.ensureOpen(StreamDecoder.java:46)
	at java.base/sun.nio.cs.StreamDecoder.read(StreamDecoder.java:148)
	at java.base/java.io.InputStreamReader.read(InputStreamReader.java:185)
	at ptolemy.actor.lib.Exec$_StreamReaderThread._read(Exec.java:724)
	... 1 more
Caused by: java.io.IOException: Stream closed
	at java.base/sun.nio.cs.StreamDecoder.ensureOpen(StreamDecoder.java:46)
	at java.base/sun.nio.cs.StreamDecoder.read(StreamDecoder.java:148)
	at java.base/java.io.InputStreamReader.read(InputStreamReader.java:185)
	at ptolemy.actor.lib.Exec$_StreamReaderThread._read(Exec.java:724)
	at ptolemy.actor.lib.Exec$_StreamReaderThread.run(Exec.java:706)
]]></system-err>
</testsuite>
