<?xml version="1.0" encoding="UTF-8" ?>
<testsuite errors="0" failures="0" hostname="travis-job-8b09fa3e-503c-4323-a160-8b155911e7d7" name="ptolemy.domains.continuous.test.junit.JUnitTclTest" skipped="0" tests="156" time="68.969" timestamp="2020-03-23T13:28:40">
  <properties>
    <property name="npm.executable" value="npm" />
    <property name="env.TRAVIS_ROOT" value="/" />
    <property name="ptII.mk.exists" value="true" />
    <property name="env.TRAVIS_APP_HOST" value="build.travis-ci.org" />
    <property name="env.rvm_bin_path" value="/home/travis/.rvm/bin" />
    <property name="java.home" value="/usr/local/lib/jvm/openjdk11" />
    <property name="env.TRAVIS_JOB_NUMBER" value="1579.9" />
    <property name="env.TRAVIS_HOME" value="/home/travis" />
    <property name="env.DISPLAY" value=":99.0" />
    <property name="env.TRAVIS_INIT" value="systemd" />
    <property name="env.SSH_TTY" value="/dev/pts/0" />
    <property name="java.net.preferIPv4Stack" value="true" />
    <property name="env.RUN_TESTS" value="true" />
    <property name="timeout.short" value="1000000" />
    <property name="junit.formatter" value="xml" />
    <property name="env.TRAVIS_SUDO" value="true" />
    <property name="env.TRAVIS_JOB_NAME" value="" />
    <property name="env.TRAVIS_STACK_NODE_ATTRIBUTES" value="/.node-attributes.yml" />
    <property name="env.LOGNAME" value="travis" />
    <property name="jsdoc.home" value="node_modules/@terraswarm/jsdoc" />
    <property name="debuglevel" value="source,lines,vars" />
    <property name="checkstyle.formatter" value="xml" />
    <property name="env._system_version" value="16.04" />
    <property name="bin.vergil.makeable" value="true" />
    <property name="sun.os.patch.level" value="unknown" />
    <property name="java.vendor.url" value="http://java.oracle.com/" />
    <property name="env.TRAVIS_BUILD_WEB_URL" value="https://travis-ci.org/icyphy/ptII/builds/665859386" />
    <property name="java.version" value="11.0.2" />
    <property name="env.TZ" value="UTC" />
    <property name="env.TRAVIS_PULL_REQUEST_SHA" value="" />
    <property name="env.PT_NO_NET" value="true" />
    <property name="env.TRAVIS_SECURE_ENV_VARS" value="true" />
    <property name="env._system_type" value="Linux" />
    <property name="java.vendor.url.bug" value="http://bugreport.java.com/bugreport/" />
    <property name="npmjs-org-is-up" value="true" />
    <property name="env.LANGUAGE" value="en_US.UTF-8" />
    <property name="env.SSH_CLIENT" value="10.44.2.62 46250 22" />
    <property name="env.GEM_HOME" value="/home/travis/.rvm/gems/ruby-2.5.3" />
    <property name="env.HAS_ANTARES_THREE_LITTLE_FRONZIES_BADGE" value="true" />
    <property name="java.version.date" value="2019-01-15" />
    <property name="env.PS4" value="+" />
    <property name="ant.project.invoked-targets" value="build,test.core2.xml" />
    <property name="env.TRAVIS_PULL_REQUEST_BRANCH" value="" />
    <property name="env.TRAVIS_REPO_SLUG" value="icyphy/ptII" />
    <property name="env.XDG_DATA_DIRS" value="/usr/local/share:/usr/share:/var/lib/snapd/desktop" />
    <property name="jdk.debug" value="release" />
    <property name="env.TRAVIS_APT_PROXY" value="http://build-cache.travisci.net" />
    <property name="env.TRAVIS_CPU_ARCH" value="amd64" />
    <property name="node.in.path" value="true" />
    <property name="user.name" value="travis" />
    <property name="java.maxmemory" value="1400m" />
    <property name="env.RUBY_VERSION" value="ruby-2.5.3" />
    <property name="env.LANG" value="en_US.UTF-8" />
    <property name="sun.io.unicode.encoding" value="UnicodeLittle" />
    <property name="sun.jnu.encoding" value="UTF-8" />
    <property name="java.runtime.name" value="OpenJDK Runtime Environment" />
    <property name="usefile" value="false" />
    <property name="return.code" value="0" />
    <property name="junit.single.formatter" value="plain" />
    <property name="env.DYLD_LIBRARY_PATH" value="/home/travis/pthla/certi-tools/lib:" />
    <property name="env.DEBIAN_FRONTEND" value="noninteractive" />
    <property name="env.SSH_CONNECTION" value="10.44.2.62 46250 10.20.1.83 22" />
    <property name="env.MYSQL_UNIX_PORT" value="/var/run/mysqld/mysqld.sock" />
    <property name="env.LC_ALL" value="en_US.UTF-8" />
    <property name="env.TRAVIS_ALLOW_FAILURE" value="false" />
    <property name="env.TRAVIS_JOB_WEB_URL" value="https://travis-ci.org/icyphy/ptII/jobs/665859398" />
    <property name="java.specification.name" value="Java Platform API Specification" />
    <property name="node.works" value="true" />
    <property name="user.timezone" value="" />
    <property name="path.separator" value=":" />
    <property name="env.TRAVIS_ENABLE_INFRA_DETECTION" value="true" />
    <property name="env.PYTHON_CFLAGS" value="-g -fstack-protector --param=ssp-buffer-size=4 -Wformat -Werror=format-security" />
    <property name="timeout.long" value="4000000" />
    <property name="env.CERTI_HOME" value="/home/travis/pthla/certi-tools" />
    <property name="ant.file.ptII" value="/home/travis/build/icyphy/ptII/build.xml" />
    <property name="javadoc.packagenames" value="com.*,diva.*,lbnl.*,org.hlacerti.*,org.json.*,org.ptolemy.*,org.terraswarm.*,ptolemy.*,ptserver.*" />
    <property name="file.encoding" value="UTF-8" />
    <property name="env.TRAVIS_PULL_REQUEST_SLUG" value="" />
    <property name="ant.project.default-target" value="build" />
    <property name="env.GIT_ASKPASS" value="echo" />
    <property name="env.HOME" value="/home/travis" />
    <property name="sun.java.command" value="org.apache.tools.ant.taskdefs.optional.junit.JUnitTestRunner ptolemy.domains.continuous.test.junit.JUnitTclTest skipNonTests=false filtertrace=true haltOnError=false haltOnFailure=false formatter=org.apache.tools.ant.taskdefs.optional.junit.OutErrSummaryJUnitResultFormatter showoutput=true outputtoformatters=true logfailedtests=true threadid=0 logtestlistenerevents=false formatter=org.apache.tools.ant.taskdefs.optional.junit.XMLJUnitResultFormatter,/home/travis/build/icyphy/ptII/reports/junit/TEST-ptolemy.domains.continuous.test.junit.JUnitTclTest.xml crashfile=/home/travis/build/icyphy/ptII/junitvmwatcher324920723296034461.properties propsfile=/home/travis/build/icyphy/ptII/junit9381313996294786792.properties" />
    <property name="env.COMPOSER_NO_INTERACTION" value="1" />
    <property name="env.MANPATH" value="/home/travis/.nvm/versions/node/v7.10.1/share/man:/home/travis/.rvm/rubies/ruby-2.5.3/share/man:/usr/local/cmake-3.12.4/man:/usr/local/clang-7.0.0/share/man:/usr/local/man:/usr/local/share/man:/usr/share/man:/home/travis/.rvm/man" />
    <property name="env.TRAVIS_TIMER_ID" value="2fa156c9" />
    <property name="ant.file" value="/home/travis/build/icyphy/ptII/build.xml" />
    <property name="env.TRAVIS_COMMIT_RANGE" value="3e950cfe0f3c004454147d0a7dfedd7f8d8e77cc...52bfcaaec950ad6b43d11ffdb9cd3f924b0c1f76" />
    <property name="env._system_name" value="Ubuntu" />
    <property name="ptII.classpath.optional.property" value="/home/travis/build/icyphy/ptII/lib/bsh-2.0b4.jar:/home/travis/build/icyphy/ptII/lib/ptCal.jar:/home/travis/build/icyphy/ptII/lib/java_cup.jar:/home/travis/build/icyphy/ptII/lib/saxon8.jar:/home/travis/build/icyphy/ptII/lib/saxon8-dom.jar:/home/travis/build/icyphy/ptII/lib/chic.jar:/home/travis/build/icyphy/ptII/lib/ptcolt.jar:/home/travis/build/icyphy/ptII/vendors/misc/itext/iText.jar:/home/travis/build/icyphy/ptII/lib/g4ltl.jar:/home/travis/build/icyphy/ptII/lib/StructuralCoder.jar:/home/travis/build/icyphy/ptII/lib/jcerti.jar:/home/travis/build/icyphy/ptII/lib/javax.mail.jar:/home/travis/build/icyphy/ptII/vendors/JMF-2.1.1e/lib/jmf.jar:/home/travis/build/icyphy/ptII/lib/jna-4.0.0-variadic.jar:/home/travis/build/icyphy/ptII/vendors/misc/joystick/Joystick.jar:/home/travis/build/icyphy/ptII/lib/ptjacl.jar:/home/travis/build/icyphy/ptII/lib/jsoup-1.8.2.jar:/home/travis/build/icyphy/ptII/lib/junit-4.8.2.jar:/home/travis/build/icyphy/ptII/lib/JUnitParams-0.4.0.jar:/home/travis/build/icyphy/ptII/ptolemy/actor/lib/excel/jxl.jar:/home/travis/build/icyphy/ptII/lib/jython.jar:/home/travis/build/icyphy/ptII/lib/kieler.jar:/home/travis/build/icyphy/ptII/vendors/opencv/share/OpenCV/java/opencv-341.jar:/home/travis/build/icyphy/ptII/lib/oscP5.jar:/home/travis/build/icyphy/ptII/lib/nrjavaserial-3.11.0.devel.jar:/home/travis/build/icyphy/ptII/vendors/j3d/lib/Linux/j3dcore.jar:/home/travis/build/icyphy/ptII/vendors/j3d/lib/Linux/j3dutils.jar:/home/travis/build/icyphy/ptII/vendors/j3d/lib/Linux/vecmath.jar:/home/travis/build/icyphy/ptII/vendors/jogl/lib/Linux/gluegen-rt-natives-linux-amd64.jar:/home/travis/build/icyphy/ptII/vendors/jogl/lib/Linux/gluegen-rt.jar:/home/travis/build/icyphy/ptII/vendors/jogl/lib/Linux/jogl-all-natives-linux-amd64.jar:/home/travis/build/icyphy/ptII/vendors/jogl/lib/Linux/jogl-all.jar:/home/travis/build/icyphy/ptII/ptolemy/distributed/jini/jar/jini-core.jar:/home/travis/build/icyphy/ptII/ptolemy/distributed/jini/jar/jini-ext.jar:/home/travis/build/icyphy/ptII/ptolemy/distributed/jini/jar/sun-util.jar:/home/travis/build/icyphy/ptII/lib/protobuf-java-2.4.1.jar:/home/travis/build/icyphy/ptII/lib/org.eclipse.paho.client.mqttv3.jar:/home/travis/build/icyphy/ptII/lib/mapss.jar:/home/travis/build/icyphy/ptII/ptolemy/actor/ptalon/antlr/antlr.jar:/home/travis/build/icyphy/ptII/lib/JRI.jar:/home/travis/build/icyphy/ptII/lib/commons-lang-2.6.jar:/home/travis/build/icyphy/ptII/lib/commons-logging-1.1.1.jar:/home/travis/build/icyphy/ptII/lib/sootclasses.jar:/home/travis/build/icyphy/ptII/ptolemy/actor/lib/database/mysql-connector-java-5.1.6-bin.jar:/home/travis/build/icyphy/ptII/vendors/misc/sphinx4/sphinx4-data-5prealpha.jar:/home/travis/build/icyphy/ptII/vendors/misc/sphinx4/sphinx4-core-5prealpha.jar:/home/travis/build/icyphy/ptII/lib/PDFRenderer.jar:/home/travis/build/icyphy/ptII/lib/svgSalamander.jar:/home/travis/build/icyphy/ptII/lib/rsyntaxtextarea-2.6.0-SNAPSHOT.jar:/home/travis/build/icyphy/ptII/lib/hazelcast-3.8.2.jar:/home/travis/build/icyphy/ptII/lib/jackson-annotations-2.9.0.jar:/home/travis/build/icyphy/ptII/lib/jackson-core-2.9.3.jar:/home/travis/build/icyphy/ptII/lib/jackson-databind-2.9.3.jar:/home/travis/build/icyphy/ptII/lib/netty-buffer-4.1.19.Final.jar:/home/travis/build/icyphy/ptII/lib/netty-codec-4.1.19.Final.jar:/home/travis/build/icyphy/ptII/lib/netty-codec-dns-4.1.19.Final.jar:/home/travis/build/icyphy/ptII/lib/netty-codec-http-4.1.19.Final.jar:/home/travis/build/icyphy/ptII/lib/netty-codec-http2-4.1.19.Final.jar:/home/travis/build/icyphy/ptII/lib/netty-common-4.1.19.Final.jar:/home/travis/build/icyphy/ptII/lib/netty-handler-4.1.19.Final.jar:/home/travis/build/icyphy/ptII/lib/netty-resolver-4.1.19.Final.jar:/home/travis/build/icyphy/ptII/lib/netty-resolver-dns-4.1.19.Final.jar:/home/travis/build/icyphy/ptII/lib/netty-transport-4.1.19.Final.jar:/home/travis/build/icyphy/ptII/lib/vertx-codegen-3.5.1.jar:/home/travis/build/icyphy/ptII/lib/vertx-core-3.5.2-SNAPSHOT.jar:/home/travis/build/icyphy/ptII/lib/vertx-hazelcast-3.5.1.jar:/home/travis/build/icyphy/ptII/lib/vertx-lang-js-3.5.1.jar:/home/travis/build/icyphy/ptII/lib/vertx-service-proxy-3.5.1.jar:/home/travis/build/icyphy/ptII/lib/vertx-web-3.5.1.jar:/home/travis/build/icyphy/ptII/lib/slf4j-api-1.7.13.jar:/home/travis/build/icyphy/ptII/lib/slf4j-simple-1.7.13.jar:/home/travis/build/icyphy/ptII/lib/webcam-capture-0.3.12.jar:/home/travis/build/icyphy/ptII/lib/bridj-0.7.0.jar:/home/travis/build/icyphy/ptII/lib/xbjlib-1.1.0.nrjavaserial.jar" />
    <property name="timeout" value="2400000" />
    <property name="test.batch" value="**/junit/*.java" />
    <property name="env._" value="/usr/bin/timeout" />
    <property name="java.io.tmpdir" value="/tmp" />
    <property name="user.language" value="en" />
    <property name="env.TRAVIS_INTERNAL_RUBY_REGEX" value="^ruby-(2\.[0-4]\.[0-9]|1\.9\.3)" />
    <property name="env.HISTCONTROL" value="ignoredups:ignorespace" />
    <property name="env.GOROOT" value="/home/travis/.gimme/versions/go1.11.1.linux.amd64" />
    <property name="line.separator" value="&#xa;" />
    <property name="target" value="11" />
    <property name="env.TRAVIS_BUILD_DIR" value="/home/travis/build/icyphy/ptII" />
    <property name="env.ANT_OPTS" value="-Xmx2048m" />
    <property name="ant.file.type" value="file" />
    <property name="ptolemy.ptII.batchMode" value="true" />
    <property name="env.HISTSIZE" value="1000" />
    <property name="env.MERB_ENV" value="test" />
    <property name="java.vm.info" value="mixed mode" />
    <property name="source" value="11" />
    <property name="java.vm.specification.name" value="Java Virtual Machine Specification" />
    <property name="env.TRAVIS_TEST_RESULT" value="0" />
    <property name="jsdoc.command" value="node_modules/@terraswarm/jsdoc/jsdoc.js" />
    <property name="npm.works" value="true" />
    <property name="cobertura.dir" value="/home/travis/build/icyphy/ptII/vendors/cobertura-2.0.3" />
    <property name="jsdoc.command.exists" value="true" />
    <property name="env.rvm_path" value="/home/travis/.rvm" />
    <property name="env.GEM_PATH" value="/home/travis/.rvm/gems/ruby-2.5.3:/home/travis/.rvm/gems/ruby-2.5.3@global" />
    <property name="env.LC_CTYPE" value="en_US.UTF-8" />
    <property name="env.TRAVIS_CMD" value="$PTII/bin/ptIITravisBuild.sh $SECONDS" />
    <property name="java.awt.printerjob" value="sun.print.PSPrinterJob" />
    <property name="env.TRAVIS_STACK_NAME" value="sardonyx" />
    <property name="env.TRAVIS_TIMER_START_TIME" value="1584969994977269885" />
    <property name="ant.version" value="Apache Ant(TM) version 1.10.1 compiled on February 2 2017" />
    <property name="ptII.reports" value="/home/travis/build/icyphy/ptII/reports" />
    <property name="env.TRAVIS_STACK_TIMESTAMP" value="2019-03-25 16:16:56 UTC" />
    <property name="ant.file.type.ptII" value="file" />
    <property name="env.RBENV_SHELL" value="bash" />
    <property name="os.name" value="Linux" />
    <property name="java.specification.vendor" value="Oracle Corporation" />
    <property name="env.rvm_version" value="1.29.7 (latest)" />
    <property name="env.TRAVIS_INFRA" value="unknown" />
    <property name="env.TERM" value="xterm" />
    <property name="java.vm.name" value="OpenJDK 64-Bit Server VM" />
    <property name="env.TRAVIS_BUILD_NUMBER" value="1579" />
    <property name="env.CI" value="true" />
    <property name="java.library.path" value="/home/travis/pthla/certi-tools/lib:/usr/lib/jni:/usr/local/share/OpenCV/java/:/usr/share/OpenCV/java::/usr/java/packages/lib:/usr/lib64:/lib64:/lib:/usr/lib" />
    <property name="jdk.module.path" value="/home/travis/build/icyphy/ptII/vendors/javafx/javafx-sdk-11.0.2/lib:" />
    <property name="env.rvm_prefix" value="/home/travis" />
    <property name="env.PATH" value="/home/travis/pthla/certi-tools/share/scripts:/home/travis/.rvm/gems/ruby-2.5.3/bin:/home/travis/.rvm/gems/ruby-2.5.3@global/bin:/home/travis/.rvm/rubies/ruby-2.5.3/bin:/home/travis/.rvm/bin:/home/travis/.nvm/versions/node/v7.10.1/bin:./node_modules/.bin:/home/travis/build/icyphy/ptII/bin:/home/travis/pthla/certi-tools/bin:/home/travis/bin:/home/travis/.local/bin:/usr/local/lib/jvm/openjdk11/bin:/opt/pyenv/shims:/home/travis/.phpenv/shims:/home/travis/perl5/perlbrew/bin:/home/travis/gopath/bin:/home/travis/.gimme/versions/go1.11.1.linux.amd64/bin:/usr/local/maven-3.6.0/bin:/usr/local/cmake-3.12.4/bin:/usr/local/clang-7.0.0/bin:/usr/local/sbin:/usr/local/bin:/usr/sbin:/usr/bin:/sbin:/bin:/snap/bin:/home/travis/.phpenv/bin:/opt/pyenv/bin:/home/travis/.yarn/bin" />
    <property name="env.TRAVIS_OS_NAME" value="linux" />
    <property name="ant.java.version" value="9" />
    <property name="basedir" value="/home/travis/build/icyphy/ptII" />
    <property name="java.class.version" value="55.0" />
    <property name="env.SHLVL" value="3" />
    <property name="env.LD_LIBRARY_PATH" value="/home/travis/pthla/certi-tools/lib:/usr/lib/jni:/usr/local/share/OpenCV/java/:/usr/share/OpenCV/java:" />
    <property name="env.RACK_ENV" value="test" />
    <property name="ant.home" value="/home/travis/build/icyphy/ptII/ant" />
    <property name="env.NVM_DIR" value="/home/travis/.nvm" />
    <property name="env.CERTI_FOM_PATH" value="/home/travis/pthla/certi-tools/share/federations" />
    <property name="env.TRAVIS_BUILD_ID" value="665859386" />
    <property name="env.PYENV_ROOT" value="/opt/pyenv" />
    <property name="env.TRAVIS_UID" value="2000" />
    <property name="prism.verbose" value="true" />
    <property name="env.NVM_BIN" value="/home/travis/.nvm/versions/node/v7.10.1/bin" />
    <property name="env.TRAVIS_COMMIT" value="52bfcaaec950ad6b43d11ffdb9cd3f924b0c1f76" />
    <property name="env._system_arch" value="x86_64" />
    <property name="node.executable" value="node" />
    <property name="sun.boot.library.path" value="/usr/local/lib/jvm/openjdk11/lib" />
    <property name="sun.management.compiler" value="HotSpot 64-Bit Tiered Compilers" />
    <property name="java.awt.graphicsenv" value="sun.awt.X11GraphicsEnvironment" />
    <property name="env.GOPATH" value="/home/travis/gopath" />
    <property name="ptolemy.ptII.dir" value="/home/travis/build/icyphy/ptII" />
    <property name="env.USER" value="travis" />
    <property name="env.HISTFILESIZE" value="2000" />
    <property name="env.NVM_INC" value="/home/travis/.nvm/versions/node/v7.10.1/include/node" />
    <property name="timeout.longest" value="19000000" />
    <property name="env.PERLBREW_SHELLRC_VERSION" value="0.86" />
    <property name="env.TRAVIS_STACK_FEATURES" value="basic couchdb disabled-ipv6 docker docker-compose elasticsearch firefox go-toolchain google-chrome jdk memcached mongodb mysql nodejs_interpreter perl_interpreter perlbrew phantomjs postgresql python_interpreter redis ruby_interpreter sqlite xserver" />
    <property name="env.TRAVIS_PULL_REQUEST" value="false" />
    <property name="env.PYENV_SHELL" value="bash" />
    <property name="ant.project.name" value="ptII" />
    <property name="env.ANSI_RESET" value="\033[0m" />
    <property name="java.vm.specification.version" value="11" />
    <property name="env.TRAVIS_DIST" value="xenial" />
    <property name="env.CERTI_VERSION" value="4.0.0" />
    <property name="env.CERTI_HOST" value="localhost" />
    <property name="awt.toolkit" value="sun.awt.X11.XToolkit" />
    <property name="env.MY_RUBY_HOME" value="/home/travis/.rvm/rubies/ruby-2.5.3" />
    <property name="sun.cpu.isalist" value="" />
    <property name="env.TRAVIS_TMPDIR" value="/tmp/tmp.JWbtjawVgx" />
    <property name="java.vm.compressedOopsMode" value="Zero based" />
    <property name="os.version" value="4.15.0-1028-gcp" />
    <property name="user.home" value="/home/travis" />
    <property name="java.vm.vendor" value="Oracle Corporation" />
    <property name="env.TRAVIS_TAG" value="nightly" />
    <property name="env.ANSI_YELLOW" value="\033[33;1m" />
    <property name="env.TRAVIS_FILTERED" value="redirect_io" />
    <property name="env.ANSI_GREEN" value="\033[32;1m" />
    <property name="env.JAVA_HOME" value="/usr/local/lib/jvm/openjdk11" />
    <property name="javadoc.excludepackagenames" value="adm.cvs2svn.*,build.*,config.*,doc.coding.templates.*,jni.test.jni.meaningOfLife.*,jni.test.jni.testDeux.*,jni.test.jni.testTrois.*,org.terraswarm.accessor.accessors.web.node_modules.*,org.terraswarm.accessor.accessors.web.hosts.cordova.demo.*,org.terraswarm.accessor.accessors.web.hosts.cordova.plugins.*,org.terraswarm.accessor.accessors-svn.*,pt-modules.*,ptolemy.apps.agilent.*,ptolemy.apps.anytimecontrol.*,ptolemy.apps.apes.*,ptolemy.apps.charon.*,ptolemy.apps.crazyboard.*,ptolemy.apps.eclipse.*,ptolemy.apps.etherealSting.*,ptolemy.apps.fullscreen.*,ptolemy.apps.giotto.*,ptolemy.apps.ia.*,ptolemy.apps.interfaces.*,ptolemy.apps.jmf.*,ptolemy.apps.kurt.*,ptolemy.apps.kvm.*,ptolemy.apps.lego.*,ptolemy.apps.lejos.*,ptolemy.apps.midp.*,ptolemy.apps.mobileCoding.*,ptolemy.apps.pendulum.*,ptolemy.apps.rijndael.*,ptolemy.apps.robot.*,ptolemy.apps.security.*,ptolemy.apps.sobel.*,ptolemy.apps.soot.*,ptolemy.apps.throttle.*,ptolemy.apps.tini.*,ptolemy.apps.transmission.*,ptolemy.apps.vergil.*,ptolemy.apps.waba.*,ptolemy.apps.websensor.*,ptolemy.apps.webstart.*,ptolemy.apps.xsl.*,ptolemy.apps.zaurus.*,ptolemy.codegen.c.actor.lib.oldJavaFiles.*,ptolemy.codegen.dsp.lib.*,ptolemy.codegen.kernel.newInterfaces.*,ptolemy.codegen.lib.*,ptolemy.copernicus.kernel.fragment.*,ptolemy.copernicus.shallow.cg.*,ptolemy.domains.giotto.demo.Hierarchy.Hierarchy.*,ptolemy.domains.giotto.demo.Multimode.Multimode.*,ptolemy.domains.giotto.demo.Simple.Simple.*,ptolemy.domains.gr.lib.experimental.*,ptolemy.domains.gro.*,ptolemy.domains.pdf.*,ptolemy.domains.ptinyos.demo.Surge.output.*,ptolemy.moml.test.NoPackageActor.java*,ptolemy.plot.adm.*,ptolemy.plot.servlet.*,reports.*,signed.*,src.*,target.*,vendors.*,ptolemy.copernicus.applet.*,ptolemy.media.viewer.*,ptolemy.actor.corba.*,doc.doclets.*,ptolemy.apps.eclipse.awt.*,ptolemy.backtrack.*,ptolemy.backtrack.ast.*,ptolemy.cg.adapter.generic.program.procedural.c.mbed*,ptolemy.homer.*,ptolemy.actor.lib.jai.*,org.ptolemy.scala.*,diva.util.java2d.svg.*,ptolemy.domains.ptinyos.*,ptolemy.actor.lib.fmi.fmipp.*,,org.terraswarm.accessor.accessors.web.node_modules.*,org.terraswarm.accessor.accessors-svn,ptolemy.apps.*,ptolemy.actor.ptalon.demo.ptinyos.SendAndReceiveCnt.output,ptolemy.actor.ptalon.demo.ptinyos.SenseToLeds.output,ptolemy.domains.ptinyos.demo.CntToLedsAndRfm.output,ptolemy.domains.ptinyos.demo.RfmToLeds.output,ptolemy.domains.ptinyos.demo.SendAndReceiveCnt.output,ptolemy.domains.ptinyos.demo.SenseToLeds.output,ptolemy.actor.lib.jjs.modules.udpSocket.*" />
    <property name="env.PTII" value="/home/travis/build/icyphy/ptII" />
    <property name="env.XDG_SESSION_ID" value="2" />
    <property name="keystore" value="ptKeystore" />
    <property name="env.TRAVIS_COMMIT_MESSAGE" value="Updating models using array data type." />
    <property name="junit.output.dir" value="/home/travis/build/icyphy/ptII/reports/junit" />
    <property name="npm.return.code" value="0" />
    <property name="user.dir" value="/home/travis/build/icyphy/ptII/ptolemy/domains/continuous/test" />
    <property name="env.TRAVIS_NODE_VERSION" value="7" />
    <property name="env.TRAVIS_EVENT_TYPE" value="cron" />
    <property name="env.MAIL" value="/var/mail/travis" />
    <property name="env.PERLBREW_ROOT" value="/home/travis/perl5/perlbrew" />
    <property name="env.PWD" value="/home/travis/build/icyphy/ptII" />
    <property name="timeout.npm" value="45000" />
    <property name="env.PT_TRAVIS_TEST_CORE2_XML" value="true" />
    <property name="env.TRAVIS_ARCH" value="amd64" />
    <property name="sun.cpu.endian" value="little" />
    <property name="env.PAGER" value="cat" />
    <property name="env.TRAVIS_BUILD_STAGE_NAME" value="Test" />
    <property name="env.PERLBREW_HOME" value="/home/travis/.perlbrew" />
    <property name="java.vm.version" value="11.0.2+9" />
    <property name="env.RAILS_ENV" value="test" />
    <property name="java.class.path" value="/home/travis/build/icyphy/ptII:/home/travis/build/icyphy/ptII/lib/bsh-2.0b4.jar:/home/travis/build/icyphy/ptII/lib/ptCal.jar:/home/travis/build/icyphy/ptII/lib/java_cup.jar:/home/travis/build/icyphy/ptII/lib/saxon8.jar:/home/travis/build/icyphy/ptII/lib/saxon8-dom.jar:/home/travis/build/icyphy/ptII/lib/chic.jar:/home/travis/build/icyphy/ptII/lib/ptcolt.jar:/home/travis/build/icyphy/ptII/vendors/misc/itext/iText.jar:/home/travis/build/icyphy/ptII/lib/g4ltl.jar:/home/travis/build/icyphy/ptII/lib/StructuralCoder.jar:/home/travis/build/icyphy/ptII/lib/jcerti.jar:/home/travis/build/icyphy/ptII/lib/javax.mail.jar:/home/travis/build/icyphy/ptII/vendors/JMF-2.1.1e/lib/jmf.jar:/home/travis/build/icyphy/ptII/lib/jna-4.0.0-variadic.jar:/home/travis/build/icyphy/ptII/vendors/misc/joystick/Joystick.jar:/home/travis/build/icyphy/ptII/lib/ptjacl.jar:/home/travis/build/icyphy/ptII/lib/jsoup-1.8.2.jar:/home/travis/build/icyphy/ptII/lib/junit-4.8.2.jar:/home/travis/build/icyphy/ptII/lib/JUnitParams-0.4.0.jar:/home/travis/build/icyphy/ptII/ptolemy/actor/lib/excel/jxl.jar:/home/travis/build/icyphy/ptII/lib/jython.jar:/home/travis/build/icyphy/ptII/lib/kieler.jar:/home/travis/build/icyphy/ptII/vendors/opencv/share/OpenCV/java/opencv-341.jar:/home/travis/build/icyphy/ptII/lib/oscP5.jar:/home/travis/build/icyphy/ptII/lib/nrjavaserial-3.11.0.devel.jar:/home/travis/build/icyphy/ptII/vendors/j3d/lib/Linux/j3dcore.jar:/home/travis/build/icyphy/ptII/vendors/j3d/lib/Linux/j3dutils.jar:/home/travis/build/icyphy/ptII/vendors/j3d/lib/Linux/vecmath.jar:/home/travis/build/icyphy/ptII/vendors/jogl/lib/Linux/gluegen-rt-natives-linux-amd64.jar:/home/travis/build/icyphy/ptII/vendors/jogl/lib/Linux/gluegen-rt.jar:/home/travis/build/icyphy/ptII/vendors/jogl/lib/Linux/jogl-all-natives-linux-amd64.jar:/home/travis/build/icyphy/ptII/vendors/jogl/lib/Linux/jogl-all.jar:/home/travis/build/icyphy/ptII/ptolemy/distributed/jini/jar/jini-core.jar:/home/travis/build/icyphy/ptII/ptolemy/distributed/jini/jar/jini-ext.jar:/home/travis/build/icyphy/ptII/ptolemy/distributed/jini/jar/sun-util.jar:/home/travis/build/icyphy/ptII/lib/protobuf-java-2.4.1.jar:/home/travis/build/icyphy/ptII/lib/org.eclipse.paho.client.mqttv3.jar:/home/travis/build/icyphy/ptII/lib/mapss.jar:/home/travis/build/icyphy/ptII/ptolemy/actor/ptalon/antlr/antlr.jar:/home/travis/build/icyphy/ptII/lib/JRI.jar:/home/travis/build/icyphy/ptII/lib/commons-lang-2.6.jar:/home/travis/build/icyphy/ptII/lib/commons-logging-1.1.1.jar:/home/travis/build/icyphy/ptII/lib/sootclasses.jar:/home/travis/build/icyphy/ptII/ptolemy/actor/lib/database/mysql-connector-java-5.1.6-bin.jar:/home/travis/build/icyphy/ptII/vendors/misc/sphinx4/sphinx4-data-5prealpha.jar:/home/travis/build/icyphy/ptII/vendors/misc/sphinx4/sphinx4-core-5prealpha.jar:/home/travis/build/icyphy/ptII/lib/PDFRenderer.jar:/home/travis/build/icyphy/ptII/lib/svgSalamander.jar:/home/travis/build/icyphy/ptII/lib/rsyntaxtextarea-2.6.0-SNAPSHOT.jar:/home/travis/build/icyphy/ptII/lib/hazelcast-3.8.2.jar:/home/travis/build/icyphy/ptII/lib/jackson-annotations-2.9.0.jar:/home/travis/build/icyphy/ptII/lib/jackson-core-2.9.3.jar:/home/travis/build/icyphy/ptII/lib/jackson-databind-2.9.3.jar:/home/travis/build/icyphy/ptII/lib/netty-buffer-4.1.19.Final.jar:/home/travis/build/icyphy/ptII/lib/netty-codec-4.1.19.Final.jar:/home/travis/build/icyphy/ptII/lib/netty-codec-dns-4.1.19.Final.jar:/home/travis/build/icyphy/ptII/lib/netty-codec-http-4.1.19.Final.jar:/home/travis/build/icyphy/ptII/lib/netty-codec-http2-4.1.19.Final.jar:/home/travis/build/icyphy/ptII/lib/netty-common-4.1.19.Final.jar:/home/travis/build/icyphy/ptII/lib/netty-handler-4.1.19.Final.jar:/home/travis/build/icyphy/ptII/lib/netty-resolver-4.1.19.Final.jar:/home/travis/build/icyphy/ptII/lib/netty-resolver-dns-4.1.19.Final.jar:/home/travis/build/icyphy/ptII/lib/netty-transport-4.1.19.Final.jar:/home/travis/build/icyphy/ptII/lib/vertx-codegen-3.5.1.jar:/home/travis/build/icyphy/ptII/lib/vertx-core-3.5.2-SNAPSHOT.jar:/home/travis/build/icyphy/ptII/lib/vertx-hazelcast-3.5.1.jar:/home/travis/build/icyphy/ptII/lib/vertx-lang-js-3.5.1.jar:/home/travis/build/icyphy/ptII/lib/vertx-service-proxy-3.5.1.jar:/home/travis/build/icyphy/ptII/lib/vertx-web-3.5.1.jar:/home/travis/build/icyphy/ptII/lib/slf4j-api-1.7.13.jar:/home/travis/build/icyphy/ptII/lib/slf4j-simple-1.7.13.jar:/home/travis/build/icyphy/ptII/lib/webcam-capture-0.3.12.jar:/home/travis/build/icyphy/ptII/lib/bridj-0.7.0.jar:/home/travis/build/icyphy/ptII/lib/xbjlib-1.1.0.nrjavaserial.jar:/home/travis/build/icyphy/ptII/ptolemy/moml/test:/home/travis/build/icyphy/ptII/ant/lib/ant-launcher.jar:/home/travis/build/icyphy/ptII/ant/lib/ant.jar:/home/travis/build/icyphy/ptII/ant/lib/ant-junit.jar:/home/travis/build/icyphy/ptII/ant/lib/ant-junit4.jar" />
    <property name="ant.library.dir" value="/home/travis/build/icyphy/ptII/ant/lib" />
    <property name="os.arch" value="amd64" />
    <property name="env.CONTINUOUS_INTEGRATION" value="true" />
    <property name="env.TRAVIS_LANGUAGE" value="node_js" />
    <property name="env.TRAVIS_STACK_LANGUAGES" value="__sardonyx__ c c++ clojure cplusplus cpp default generic go groovy java node_js php pure_java python ruby scala" />
    <property name="test.name" value="ptolemy.actor.lib.test.junit.JUnitTclTest" />
    <property name="env.APT_KEY_DONT_WARN_ON_DANGEROUS_USAGE" value="1" />
    <property name="sun.java.launcher" value="SUN_STANDARD" />
    <property name="env.PYTHON_CONFIGURE_OPTS" value="--enable-unicode=ucs4 --with-wide-unicode --enable-shared --enable-ipv6 --enable-loadable-sqlite-extensions --with-computed-gotos" />
    <property name="ant.core.lib" value="/home/travis/build/icyphy/ptII/ant/lib/ant.jar" />
    <property name="java.vm.specification.vendor" value="Oracle Corporation" />
    <property name="env.BCVTB_HOME" value="/home/travis/build/icyphy/ptII/lbnl" />
    <property name="file.separator" value="/" />
    <property name="spotbugs.home" value="/home/travis/build/icyphy/ptII/vendors/spotbugs-3.1.1" />
    <property name="java.runtime.version" value="11.0.2+9" />
    <property name="env.ANSI_CLEAR" value="\033[0K" />
    <property name="javafx.verbose" value="true" />
    <property name="env.HAS_JOSH_K_SEAL_OF_APPROVAL" value="true" />
    <property name="env.XDG_RUNTIME_DIR" value="/run/user/2000" />
    <property name="env.TRAVIS_OSX_IMAGE" value="" />
    <property name="env.TRAVIS_JOB_ID" value="665859398" />
    <property name="env.TRAVIS_BRANCH" value="master" />
    <property name="user.country" value="US" />
    <property name="env.CERTI_HOME_TRAVIS" value="/home/travis/pthla/certi-tools" />
    <property name="env.SHELL" value="/bin/bash" />
    <property name="java.maxmemory.large" value="3200m" />
    <property name="model" value="" />
    <property name="env.CASHER_DIR" value="/home/travis/.casher" />
    <property name="env.NVM_CD_FLAGS" value="" />
    <property name="java.vendor.version" value="18.9" />
    <property name="jshint.executable" value="/home/travis/node_modules/jshint/bin/jshint" />
    <property name="env.JRUBY_OPTS" value=" --client -J-XX:+TieredCompilation -J-XX:TieredStopAtLevel=1 -J-Xss2m -Xcompile.invokedynamic=false" />
    <property name="java.vendor" value="Oracle Corporation" />
    <property name="env.TRAVIS_PRE_CHEF_BOOTSTRAP_TIME" value="2019-03-25T16:16:42" />
    <property name="env.TRAVIS_STACK_JOB_BOARD_REGISTER" value="/.job-board-register.yml" />
    <property name="env.ANSI_RED" value="\033[31;1m" />
    <property name="java.specification.version" value="11" />
    <property name="env.IRBRC" value="/home/travis/.rvm/rubies/ruby-2.5.3/.irbrc" />
    <property name="env.TRAVIS" value="true" />
    <property name="sun.arch.data.model" value="64" />
  </properties>
  <testcase classname="ptolemy.util.test.junit.TclTests" name="[0] ThereAreNoTclTests (RunTclFile)" time="0.008" />
  <testcase classname="ptolemy.util.test.junit.AutoKnownFailedTests" name="[0] ThereAreNoKnowFailedTests (RunModel)" time="0.005" />
  <testcase classname="ptolemy.util.test.junit.AutoNameArchTests" name="[0] ThereAreNoAutoArchTests (RunModel)" time="0.029" />
  <testcase classname="ptolemy.util.test.junit.AutoTests" name="[0] /home/travis/build/icyphy/ptII/ptolemy/domains/continuous/test/auto/BouncingBall.xml (RunModel)" time="2.99" />
  <testcase classname="ptolemy.util.test.junit.AutoTests" name="[1] /home/travis/build/icyphy/ptII/ptolemy/domains/continuous/test/auto/BouncingBallWithoutGR.xml (RunModel)" time="0.924" />
  <testcase classname="ptolemy.util.test.junit.AutoTests" name="[2] /home/travis/build/icyphy/ptII/ptolemy/domains/continuous/test/auto/Brownian.xml (RunModel)" time="0.121" />
  <testcase classname="ptolemy.util.test.junit.AutoTests" name="[3] /home/travis/build/icyphy/ptII/ptolemy/domains/continuous/test/auto/CarTracking.xml (RunModel)" time="4.332" />
  <testcase classname="ptolemy.util.test.junit.AutoTests" name="[4] /home/travis/build/icyphy/ptII/ptolemy/domains/continuous/test/auto/CartPendulum.xml (RunModel)" time="0.558" />
  <testcase classname="ptolemy.util.test.junit.AutoTests" name="[5] /home/travis/build/icyphy/ptII/ptolemy/domains/continuous/test/auto/CausalityInterface10.xml (RunModel)" time="0.062" />
  <testcase classname="ptolemy.util.test.junit.AutoTests" name="[6] /home/travis/build/icyphy/ptII/ptolemy/domains/continuous/test/auto/CausalityInterface11.xml (RunModel)" time="0.031" />
  <testcase classname="ptolemy.util.test.junit.AutoTests" name="[7] /home/travis/build/icyphy/ptII/ptolemy/domains/continuous/test/auto/CausalityInterface12.xml (RunModel)" time="0.034" />
  <testcase classname="ptolemy.util.test.junit.AutoTests" name="[8] /home/travis/build/icyphy/ptII/ptolemy/domains/continuous/test/auto/CausalityInterface13.xml (RunModel)" time="0.038" />
  <testcase classname="ptolemy.util.test.junit.AutoTests" name="[9] /home/travis/build/icyphy/ptII/ptolemy/domains/continuous/test/auto/CausalityInterface14.xml (RunModel)" time="0.033" />
  <testcase classname="ptolemy.util.test.junit.AutoTests" name="[10] /home/travis/build/icyphy/ptII/ptolemy/domains/continuous/test/auto/CausalityInterface4.xml (RunModel)" time="0.039" />
  <testcase classname="ptolemy.util.test.junit.AutoTests" name="[11] /home/travis/build/icyphy/ptII/ptolemy/domains/continuous/test/auto/CausalityInterface5.xml (RunModel)" time="0.047" />
  <testcase classname="ptolemy.util.test.junit.AutoTests" name="[12] /home/travis/build/icyphy/ptII/ptolemy/domains/continuous/test/auto/CausalityInterface6.xml (RunModel)" time="0.019" />
  <testcase classname="ptolemy.util.test.junit.AutoTests" name="[13] /home/travis/build/icyphy/ptII/ptolemy/domains/continuous/test/auto/CausalityInterface7.xml (RunModel)" time="0.05" />
  <testcase classname="ptolemy.util.test.junit.AutoTests" name="[14] /home/travis/build/icyphy/ptII/ptolemy/domains/continuous/test/auto/CausalityInterface8.xml (RunModel)" time="0.04" />
  <testcase classname="ptolemy.util.test.junit.AutoTests" name="[15] /home/travis/build/icyphy/ptII/ptolemy/domains/continuous/test/auto/CausalityInterface9.xml (RunModel)" time="0.051" />
  <testcase classname="ptolemy.util.test.junit.AutoTests" name="[16] /home/travis/build/icyphy/ptII/ptolemy/domains/continuous/test/auto/CausalityInterfaceFeedback1.xml (RunModel)" time="0.037" />
  <testcase classname="ptolemy.util.test.junit.AutoTests" name="[17] /home/travis/build/icyphy/ptII/ptolemy/domains/continuous/test/auto/CausalityInterfaceFeedback2.xml (RunModel)" time="0.036" />
  <testcase classname="ptolemy.util.test.junit.AutoTests" name="[18] /home/travis/build/icyphy/ptII/ptolemy/domains/continuous/test/auto/CompareWithCurrentTime.xml (RunModel)" time="0.027" />
  <testcase classname="ptolemy.util.test.junit.AutoTests" name="[19] /home/travis/build/icyphy/ptII/ptolemy/domains/continuous/test/auto/ComparedClocks.xml (RunModel)" time="0.084" />
  <testcase classname="ptolemy.util.test.junit.AutoTests" name="[20] /home/travis/build/icyphy/ptII/ptolemy/domains/continuous/test/auto/ContinuousAOCClone.xml (RunModel)" time="2.593" />
  <testcase classname="ptolemy.util.test.junit.AutoTests" name="[21] /home/travis/build/icyphy/ptII/ptolemy/domains/continuous/test/auto/ContinuousClock.xml (RunModel)" time="0.091" />
  <testcase classname="ptolemy.util.test.junit.AutoTests" name="[22] /home/travis/build/icyphy/ptII/ptolemy/domains/continuous/test/auto/ContinuousInContinuous.xml (RunModel)" time="0.09" />
  <testcase classname="ptolemy.util.test.junit.AutoTests" name="[23] /home/travis/build/icyphy/ptII/ptolemy/domains/continuous/test/auto/ContinuousInContinuousInContinuous.xml (RunModel)" time="0.028" />
  <testcase classname="ptolemy.util.test.junit.AutoTests" name="[24] /home/travis/build/icyphy/ptII/ptolemy/domains/continuous/test/auto/ContinuousInDE.xml (RunModel)" time="0.1" />
  <testcase classname="ptolemy.util.test.junit.AutoTests" name="[25] /home/travis/build/icyphy/ptII/ptolemy/domains/continuous/test/auto/ContinuousInDE2.xml (RunModel)" time="0.043" />
  <testcase classname="ptolemy.util.test.junit.AutoTests" name="[26] /home/travis/build/icyphy/ptII/ptolemy/domains/continuous/test/auto/ContinuousInDE3.xml (RunModel)" time="0.042" />
  <testcase classname="ptolemy.util.test.junit.AutoTests" name="[27] /home/travis/build/icyphy/ptII/ptolemy/domains/continuous/test/auto/ContinuousInDE4.xml (RunModel)" time="0.03" />
  <testcase classname="ptolemy.util.test.junit.AutoTests" name="[28] /home/travis/build/icyphy/ptII/ptolemy/domains/continuous/test/auto/ContinuousInDEDifferentRefinements.xml (RunModel)" time="0.1" />
  <testcase classname="ptolemy.util.test.junit.AutoTests" name="[29] /home/travis/build/icyphy/ptII/ptolemy/domains/continuous/test/auto/ContinuousInDEDifferentRefinementsPreemptive.xml (RunModel)" time="0.093" />
  <testcase classname="ptolemy.util.test.junit.AutoTests" name="[30] /home/travis/build/icyphy/ptII/ptolemy/domains/continuous/test/auto/ContinuousInDEInContinuous2.xml (RunModel)" time="0.057" />
  <testcase classname="ptolemy.util.test.junit.AutoTests" name="[31] /home/travis/build/icyphy/ptII/ptolemy/domains/continuous/test/auto/ContinuousInDEInContinuous3.xml (RunModel)" time="0.057" />
  <testcase classname="ptolemy.util.test.junit.AutoTests" name="[32] /home/travis/build/icyphy/ptII/ptolemy/domains/continuous/test/auto/ContinuousInDEInput.xml (RunModel)" time="0.036" />
  <testcase classname="ptolemy.util.test.junit.AutoTests" name="[33] /home/travis/build/icyphy/ptII/ptolemy/domains/continuous/test/auto/ContinuousInDEInput2.xml (RunModel)" time="0.029" />
  <testcase classname="ptolemy.util.test.junit.AutoTests" name="[34] /home/travis/build/icyphy/ptII/ptolemy/domains/continuous/test/auto/ContinuousInDEInput3.xml (RunModel)" time="0.034" />
  <testcase classname="ptolemy.util.test.junit.AutoTests" name="[35] /home/travis/build/icyphy/ptII/ptolemy/domains/continuous/test/auto/ContinuousInDESharingRefinement.xml (RunModel)" time="0.17" />
  <testcase classname="ptolemy.util.test.junit.AutoTests" name="[36] /home/travis/build/icyphy/ptII/ptolemy/domains/continuous/test/auto/ContinuousInDEwithNoPorts.xml (RunModel)" time="0.021" />
  <testcase classname="ptolemy.util.test.junit.AutoTests" name="[37] /home/travis/build/icyphy/ptII/ptolemy/domains/continuous/test/auto/ContinuousInsideDE.xml (RunModel)" time="0.075" />
  <testcase classname="ptolemy.util.test.junit.AutoTests" name="[38] /home/travis/build/icyphy/ptII/ptolemy/domains/continuous/test/auto/ContinuousMerge1.xml (RunModel)" time="0.017" />
  <testcase classname="ptolemy.util.test.junit.AutoTests" name="[39] /home/travis/build/icyphy/ptII/ptolemy/domains/continuous/test/auto/ContinuousMerge2.xml (RunModel)" time="0.039" />
  <testcase classname="ptolemy.util.test.junit.AutoTests" name="[40] /home/travis/build/icyphy/ptII/ptolemy/domains/continuous/test/auto/ContinuousMerge3.xml (RunModel)" time="0.054" />
  <testcase classname="ptolemy.util.test.junit.AutoTests" name="[41] /home/travis/build/icyphy/ptII/ptolemy/domains/continuous/test/auto/ContinuousWithinContinuous.xml (RunModel)" time="0.048" />
  <testcase classname="ptolemy.util.test.junit.AutoTests" name="[42] /home/travis/build/icyphy/ptII/ptolemy/domains/continuous/test/auto/ContinuousWithinContinuous2.xml (RunModel)" time="0.066" />
  <testcase classname="ptolemy.util.test.junit.AutoTests" name="[43] /home/travis/build/icyphy/ptII/ptolemy/domains/continuous/test/auto/ContinuousWithinContinuous3.xml (RunModel)" time="0.029" />
  <testcase classname="ptolemy.util.test.junit.AutoTests" name="[44] /home/travis/build/icyphy/ptII/ptolemy/domains/continuous/test/auto/ContinuousWithinContinuous4.xml (RunModel)" time="0.067" />
  <testcase classname="ptolemy.util.test.junit.AutoTests" name="[45] /home/travis/build/icyphy/ptII/ptolemy/domains/continuous/test/auto/ContinuousWithinContinuous5.xml (RunModel)" time="0.03" />
  <testcase classname="ptolemy.util.test.junit.AutoTests" name="[46] /home/travis/build/icyphy/ptII/ptolemy/domains/continuous/test/auto/ContinuousWithinContinuous6.xml (RunModel)" time="0.029" />
  <testcase classname="ptolemy.util.test.junit.AutoTests" name="[47] /home/travis/build/icyphy/ptII/ptolemy/domains/continuous/test/auto/ContinuousWithinContinuous7.xml (RunModel)" time="0.057" />
  <testcase classname="ptolemy.util.test.junit.AutoTests" name="[48] /home/travis/build/icyphy/ptII/ptolemy/domains/continuous/test/auto/DCMotor.xml (RunModel)" time="12.037" />
  <testcase classname="ptolemy.util.test.junit.AutoTests" name="[49] /home/travis/build/icyphy/ptII/ptolemy/domains/continuous/test/auto/DEInContinuous.xml (RunModel)" time="0.02" />
  <testcase classname="ptolemy.util.test.junit.AutoTests" name="[50] /home/travis/build/icyphy/ptII/ptolemy/domains/continuous/test/auto/DEinContinuous2.xml (RunModel)" time="0.027" />
  <testcase classname="ptolemy.util.test.junit.AutoTests" name="[51] /home/travis/build/icyphy/ptII/ptolemy/domains/continuous/test/auto/Derivative.xml (RunModel)" time="0.165" />
  <testcase classname="ptolemy.util.test.junit.AutoTests" name="[52] /home/travis/build/icyphy/ptII/ptolemy/domains/continuous/test/auto/Derivative1.xml (RunModel)" time="0.061" />
  <testcase classname="ptolemy.util.test.junit.AutoTests" name="[53] /home/travis/build/icyphy/ptII/ptolemy/domains/continuous/test/auto/DiscreteClock.xml (RunModel)" time="0.013" />
  <testcase classname="ptolemy.util.test.junit.AutoTests" name="[54] /home/travis/build/icyphy/ptII/ptolemy/domains/continuous/test/auto/EfficiencyCurve.xml (RunModel)" time="0.088" />
  <testcase classname="ptolemy.util.test.junit.AutoTests" name="[55] /home/travis/build/icyphy/ptII/ptolemy/domains/continuous/test/auto/ExponentialResponse.xml (RunModel)" time="0.098" />
  <testcase classname="ptolemy.util.test.junit.AutoTests" name="[56] /home/travis/build/icyphy/ptII/ptolemy/domains/continuous/test/auto/ExponentialResponseRK45.xml (RunModel)" time="0.044" />
  <testcase classname="ptolemy.util.test.junit.AutoTests" name="[57] /home/travis/build/icyphy/ptII/ptolemy/domains/continuous/test/auto/Friction.xml (RunModel)" time="1.505" />
  <testcase classname="ptolemy.util.test.junit.AutoTests" name="[58] /home/travis/build/icyphy/ptII/ptolemy/domains/continuous/test/auto/FurutaPendulum.xml (RunModel)" time="2.874" />
  <testcase classname="ptolemy.util.test.junit.AutoTests" name="[59] /home/travis/build/icyphy/ptII/ptolemy/domains/continuous/test/auto/HierarchicalExecution.xml (RunModel)" time="1.76" />
  <testcase classname="ptolemy.util.test.junit.AutoTests" name="[60] /home/travis/build/icyphy/ptII/ptolemy/domains/continuous/test/auto/HybridPlant.xml (RunModel)" time="0.503" />
  <testcase classname="ptolemy.util.test.junit.AutoTests" name="[61] /home/travis/build/icyphy/ptII/ptolemy/domains/continuous/test/auto/Hysteresis.xml (RunModel)" time="0.168" />
  <testcase classname="ptolemy.util.test.junit.AutoTests" name="[62] /home/travis/build/icyphy/ptII/ptolemy/domains/continuous/test/auto/HysteresisWithRandomDelay.xml (RunModel)" time="0.237" />
  <testcase classname="ptolemy.util.test.junit.AutoTests" name="[63] /home/travis/build/icyphy/ptII/ptolemy/domains/continuous/test/auto/HysteresisWithRandomLosses.xml (RunModel)" time="2.263" />
  <testcase classname="ptolemy.util.test.junit.AutoTests" name="[64] /home/travis/build/icyphy/ptII/ptolemy/domains/continuous/test/auto/ImmediateTransitions.xml (RunModel)" time="0.039" />
  <testcase classname="ptolemy.util.test.junit.AutoTests" name="[65] /home/travis/build/icyphy/ptII/ptolemy/domains/continuous/test/auto/ImpulseFeedback.xml (RunModel)" time="0.021" />
  <testcase classname="ptolemy.util.test.junit.AutoTests" name="[66] /home/travis/build/icyphy/ptII/ptolemy/domains/continuous/test/auto/ImpulseFeedback2.xml (RunModel)" time="0.016" />
  <testcase classname="ptolemy.util.test.junit.AutoTests" name="[67] /home/travis/build/icyphy/ptII/ptolemy/domains/continuous/test/auto/IncreasingRatePoisson.xml (RunModel)" time="0.695" />
  <testcase classname="ptolemy.util.test.junit.AutoTests" name="[68] /home/travis/build/icyphy/ptII/ptolemy/domains/continuous/test/auto/InitialStateFeedback.xml (RunModel)" time="0.014" />
  <testcase classname="ptolemy.util.test.junit.AutoTests" name="[69] /home/travis/build/icyphy/ptII/ptolemy/domains/continuous/test/auto/Integration.xml (RunModel)" time="0.012" />
  <testcase classname="ptolemy.util.test.junit.AutoTests" name="[70] /home/travis/build/icyphy/ptII/ptolemy/domains/continuous/test/auto/Integration2.xml (RunModel)" time="0.079" />
  <testcase classname="ptolemy.util.test.junit.AutoTests" name="[71] /home/travis/build/icyphy/ptII/ptolemy/domains/continuous/test/auto/Integration3.xml (RunModel)" time="0.015" />
  <testcase classname="ptolemy.util.test.junit.AutoTests" name="[72] /home/travis/build/icyphy/ptII/ptolemy/domains/continuous/test/auto/Integration5.xml (RunModel)" time="0.01" />
  <testcase classname="ptolemy.util.test.junit.AutoTests" name="[73] /home/travis/build/icyphy/ptII/ptolemy/domains/continuous/test/auto/IntegratorImpulse.xml (RunModel)" time="0.009" />
  <testcase classname="ptolemy.util.test.junit.AutoTests" name="[74] /home/travis/build/icyphy/ptII/ptolemy/domains/continuous/test/auto/IntegratorImpulse2.xml (RunModel)" time="0.017" />
  <testcase classname="ptolemy.util.test.junit.AutoTests" name="[75] /home/travis/build/icyphy/ptII/ptolemy/domains/continuous/test/auto/LevelCrossing1.xml (RunModel)" time="0.023" />
  <testcase classname="ptolemy.util.test.junit.AutoTests" name="[76] /home/travis/build/icyphy/ptII/ptolemy/domains/continuous/test/auto/LevelCrossing2.xml (RunModel)" time="0.012" />
  <testcase classname="ptolemy.util.test.junit.AutoTests" name="[77] /home/travis/build/icyphy/ptII/ptolemy/domains/continuous/test/auto/LevelCrossing3.xml (RunModel)" time="0.01" />
  <testcase classname="ptolemy.util.test.junit.AutoTests" name="[78] /home/travis/build/icyphy/ptII/ptolemy/domains/continuous/test/auto/LevelCrossing4.xml (RunModel)" time="0.012" />
  <testcase classname="ptolemy.util.test.junit.AutoTests" name="[79] /home/travis/build/icyphy/ptII/ptolemy/domains/continuous/test/auto/LevelCrossing5.xml (RunModel)" time="0.015" />
  <testcase classname="ptolemy.util.test.junit.AutoTests" name="[80] /home/travis/build/icyphy/ptII/ptolemy/domains/continuous/test/auto/LevelCrossing6.xml (RunModel)" time="0.012" />
  <testcase classname="ptolemy.util.test.junit.AutoTests" name="[81] /home/travis/build/icyphy/ptII/ptolemy/domains/continuous/test/auto/LevelCrossingDetector.xml (RunModel)" time="0.039" />
  <testcase classname="ptolemy.util.test.junit.AutoTests" name="[82] /home/travis/build/icyphy/ptII/ptolemy/domains/continuous/test/auto/LevelCrossingDetectorDetectingDirections.xml (RunModel)" time="0.079" />
  <testcase classname="ptolemy.util.test.junit.AutoTests" name="[83] /home/travis/build/icyphy/ptII/ptolemy/domains/continuous/test/auto/LevelCrossingDetectorDetectsGlitches.xml (RunModel)" time="0.059" />
  <testcase classname="ptolemy.util.test.junit.AutoTests" name="[84] /home/travis/build/icyphy/ptII/ptolemy/domains/continuous/test/auto/LevelCrossingNoInitialOuput.xml (RunModel)" time="0.014" />
  <testcase classname="ptolemy.util.test.junit.AutoTests" name="[85] /home/travis/build/icyphy/ptII/ptolemy/domains/continuous/test/auto/LinearStateSpaceExample.xml (RunModel)" time="0.059" />
  <testcase classname="ptolemy.util.test.junit.AutoTests" name="[86] /home/travis/build/icyphy/ptII/ptolemy/domains/continuous/test/auto/Lorenz.xml (RunModel)" time="3.324" />
  <testcase classname="ptolemy.util.test.junit.AutoTests" name="[87] /home/travis/build/icyphy/ptII/ptolemy/domains/continuous/test/auto/LorenzDifferentialSystem.xml (RunModel)" time="0.885" />
  <testcase classname="ptolemy.util.test.junit.AutoTests" name="[88] /home/travis/build/icyphy/ptII/ptolemy/domains/continuous/test/auto/LorenzDifferentialSystemWithInput.xml (RunModel)" time="1.156" />
  <testcase classname="ptolemy.util.test.junit.AutoTests" name="[89] /home/travis/build/icyphy/ptII/ptolemy/domains/continuous/test/auto/LorenzDifferentialSystemWithTime.xml (RunModel)" time="0.639" />
  <testcase classname="ptolemy.util.test.junit.AutoTests" name="[90] /home/travis/build/icyphy/ptII/ptolemy/domains/continuous/test/auto/Microsteps.xml (RunModel)" time="0.032" />
  <testcase classname="ptolemy.util.test.junit.AutoTests" name="[91] /home/travis/build/icyphy/ptII/ptolemy/domains/continuous/test/auto/Modal1.xml (RunModel)" time="0.042" />
  <testcase classname="ptolemy.util.test.junit.AutoTests" name="[92] /home/travis/build/icyphy/ptII/ptolemy/domains/continuous/test/auto/Modal2.xml (RunModel)" time="0.047" />
  <testcase classname="ptolemy.util.test.junit.AutoTests" name="[93] /home/travis/build/icyphy/ptII/ptolemy/domains/continuous/test/auto/ModalTransitionGuardWithReset.xml (RunModel)" time="0.04" />
  <testcase classname="ptolemy.util.test.junit.AutoTests" name="[94] /home/travis/build/icyphy/ptII/ptolemy/domains/continuous/test/auto/ModalTransitionGuardWithResetUsingPreemptiveTransition.xml (RunModel)" time="0.031" />
  <testcase classname="ptolemy.util.test.junit.AutoTests" name="[95] /home/travis/build/icyphy/ptII/ptolemy/domains/continuous/test/auto/ModalTransitionGuardWithResetUsingPreemptiveTransition2.xml (RunModel)" time="0.023" />
  <testcase classname="ptolemy.util.test.junit.AutoTests" name="[96] /home/travis/build/icyphy/ptII/ptolemy/domains/continuous/test/auto/ModalTransitionGuardWithResetUsingPreemptiveTransition3.xml (RunModel)" time="0.029" />
  <testcase classname="ptolemy.util.test.junit.AutoTests" name="[97] /home/travis/build/icyphy/ptII/ptolemy/domains/continuous/test/auto/NewtonsCradle.xml (RunModel)" time="0.748" />
  <testcase classname="ptolemy.util.test.junit.AutoTests" name="[98] /home/travis/build/icyphy/ptII/ptolemy/domains/continuous/test/auto/NewtonsCradleAnimated.xml (RunModel)" time="1.28" />
  <testcase classname="ptolemy.util.test.junit.AutoTests" name="[99] /home/travis/build/icyphy/ptII/ptolemy/domains/continuous/test/auto/NewtonsCradleComplicated.xml (RunModel)" time="0.95" />
  <testcase classname="ptolemy.util.test.junit.AutoTests" name="[100] /home/travis/build/icyphy/ptII/ptolemy/domains/continuous/test/auto/NewtonsCradleNondeterministic.xml (RunModel)" time="0.651" />
  <testcase classname="ptolemy.util.test.junit.AutoTests" name="[101] /home/travis/build/icyphy/ptII/ptolemy/domains/continuous/test/auto/NewtonsCradlePerfectlyInelastic1.xml (RunModel)" time="1.374" />
  <testcase classname="ptolemy.util.test.junit.AutoTests" name="[102] /home/travis/build/icyphy/ptII/ptolemy/domains/continuous/test/auto/Noise.xml (RunModel)" time="0.191" />
  <testcase classname="ptolemy.util.test.junit.AutoTests" name="[103] /home/travis/build/icyphy/ptII/ptolemy/domains/continuous/test/auto/NoiseSpectrum.xml (RunModel)" time="0.715" />
  <testcase classname="ptolemy.util.test.junit.AutoTests" name="[104] /home/travis/build/icyphy/ptII/ptolemy/domains/continuous/test/auto/ParameterizedNewtonsCradleAnimated.xml (RunModel)" time="0.342" />
  <testcase classname="ptolemy.util.test.junit.AutoTests" name="[105] /home/travis/build/icyphy/ptII/ptolemy/domains/continuous/test/auto/ParameterizedNewtonsCradleAnimatedNondeterministic.xml (RunModel)" time="1.078" />
  <testcase classname="ptolemy.util.test.junit.AutoTests" name="[106] /home/travis/build/icyphy/ptII/ptolemy/domains/continuous/test/auto/Pendulum3D.xml (RunModel)" time="0.157" />
  <testcase classname="ptolemy.util.test.junit.AutoTests" name="[107] /home/travis/build/icyphy/ptII/ptolemy/domains/continuous/test/auto/PeriodicSampler.xml (RunModel)" time="0.013" />
  <testcase classname="ptolemy.util.test.junit.AutoTests" name="[108] /home/travis/build/icyphy/ptII/ptolemy/domains/continuous/test/auto/PeriodicSampler1.xml (RunModel)" time="0.043" />
  <testcase classname="ptolemy.util.test.junit.AutoTests" name="[109] /home/travis/build/icyphy/ptII/ptolemy/domains/continuous/test/auto/PeriodicSampler2.xml (RunModel)" time="0.073" />
  <testcase classname="ptolemy.util.test.junit.AutoTests" name="[110] /home/travis/build/icyphy/ptII/ptolemy/domains/continuous/test/auto/Poisson.xml (RunModel)" time="0.43" />
  <testcase classname="ptolemy.util.test.junit.AutoTests" name="[111] /home/travis/build/icyphy/ptII/ptolemy/domains/continuous/test/auto/PoissonClock.xml (RunModel)" time="0.014" />
  <testcase classname="ptolemy.util.test.junit.AutoTests" name="[112] /home/travis/build/icyphy/ptII/ptolemy/domains/continuous/test/auto/PoissonClock2.xml (RunModel)" time="0.012" />
  <testcase classname="ptolemy.util.test.junit.AutoTests" name="[113] /home/travis/build/icyphy/ptII/ptolemy/domains/continuous/test/auto/PortParameterHierarchy.xml (RunModel)" time="0.056" />
  <testcase classname="ptolemy.util.test.junit.AutoTests" name="[114] /home/travis/build/icyphy/ptII/ptolemy/domains/continuous/test/auto/RandomHybridPlant.xml (RunModel)" time="0.512" />
  <testcase classname="ptolemy.util.test.junit.AutoTests" name="[115] /home/travis/build/icyphy/ptII/ptolemy/domains/continuous/test/auto/ResetTransitionWithStartTime1.xml (RunModel)" time="0.029" />
  <testcase classname="ptolemy.util.test.junit.AutoTests" name="[116] /home/travis/build/icyphy/ptII/ptolemy/domains/continuous/test/auto/ResetTransitionWithStartTime2.xml (RunModel)" time="0.034" />
  <testcase classname="ptolemy.util.test.junit.AutoTests" name="[117] /home/travis/build/icyphy/ptII/ptolemy/domains/continuous/test/auto/ResetTransitionWithStartTime3.xml (RunModel)" time="0.044" />
  <testcase classname="ptolemy.util.test.junit.AutoTests" name="[118] /home/travis/build/icyphy/ptII/ptolemy/domains/continuous/test/auto/ResetTransitionWithStartTime4.xml (RunModel)" time="0.03" />
  <testcase classname="ptolemy.util.test.junit.AutoTests" name="[119] /home/travis/build/icyphy/ptII/ptolemy/domains/continuous/test/auto/ResetTransitionWithStartTime5.xml (RunModel)" time="0.031" />
  <testcase classname="ptolemy.util.test.junit.AutoTests" name="[120] /home/travis/build/icyphy/ptII/ptolemy/domains/continuous/test/auto/ResetTransitionWithStartTime6.xml (RunModel)" time="0.028" />
  <testcase classname="ptolemy.util.test.junit.AutoTests" name="[121] /home/travis/build/icyphy/ptII/ptolemy/domains/continuous/test/auto/SRinContinuous.xml (RunModel)" time="0.024" />
  <testcase classname="ptolemy.util.test.junit.AutoTests" name="[122] /home/travis/build/icyphy/ptII/ptolemy/domains/continuous/test/auto/SampledClocks.xml (RunModel)" time="0.033" />
  <testcase classname="ptolemy.util.test.junit.AutoTests" name="[123] /home/travis/build/icyphy/ptII/ptolemy/domains/continuous/test/auto/Satellite.xml (RunModel)" time="0.777" />
  <testcase classname="ptolemy.util.test.junit.AutoTests" name="[124] /home/travis/build/icyphy/ptII/ptolemy/domains/continuous/test/auto/SigmaDelta.xml (RunModel)" time="1.996" />
  <testcase classname="ptolemy.util.test.junit.AutoTests" name="[125] /home/travis/build/icyphy/ptII/ptolemy/domains/continuous/test/auto/SingleRefinement.xml (RunModel)" time="0.424" />
  <testcase classname="ptolemy.util.test.junit.AutoTests" name="[126] /home/travis/build/icyphy/ptII/ptolemy/domains/continuous/test/auto/SinuBouncingBall.xml (RunModel)" time="0.832" />
  <testcase classname="ptolemy.util.test.junit.AutoTests" name="[127] /home/travis/build/icyphy/ptII/ptolemy/domains/continuous/test/auto/Sinusoid.xml (RunModel)" time="0.014" />
  <testcase classname="ptolemy.util.test.junit.AutoTests" name="[128] /home/travis/build/icyphy/ptII/ptolemy/domains/continuous/test/auto/SinusoidInNoise.xml (RunModel)" time="0.826" />
  <testcase classname="ptolemy.util.test.junit.AutoTests" name="[129] /home/travis/build/icyphy/ptII/ptolemy/domains/continuous/test/auto/SinusoidRK45.xml (RunModel)" time="0.01" />
  <testcase classname="ptolemy.util.test.junit.AutoTests" name="[130] /home/travis/build/icyphy/ptII/ptolemy/domains/continuous/test/auto/SinusoidWithMultipleImpulses.xml (RunModel)" time="0.013" />
  <testcase classname="ptolemy.util.test.junit.AutoTests" name="[131] /home/travis/build/icyphy/ptII/ptolemy/domains/continuous/test/auto/SquareWave.xml (RunModel)" time="0.178" />
  <testcase classname="ptolemy.util.test.junit.AutoTests" name="[132] /home/travis/build/icyphy/ptII/ptolemy/domains/continuous/test/auto/Starmac.xml (RunModel)" time="3.448" />
  <testcase classname="ptolemy.util.test.junit.AutoTests" name="[133] /home/travis/build/icyphy/ptII/ptolemy/domains/continuous/test/auto/StaticUnits.xml (RunModel)" time="2.428" />
  <testcase classname="ptolemy.util.test.junit.AutoTests" name="[134] /home/travis/build/icyphy/ptII/ptolemy/domains/continuous/test/auto/StickyMasses.xml (RunModel)" time="0.19" />
  <testcase classname="ptolemy.util.test.junit.AutoTests" name="[135] /home/travis/build/icyphy/ptII/ptolemy/domains/continuous/test/auto/StopTime.xml (RunModel)" time="0.057" />
  <testcase classname="ptolemy.util.test.junit.AutoTests" name="[136] /home/travis/build/icyphy/ptII/ptolemy/domains/continuous/test/auto/StopTime2.xml (RunModel)" time="0.058" />
  <testcase classname="ptolemy.util.test.junit.AutoTests" name="[137] /home/travis/build/icyphy/ptII/ptolemy/domains/continuous/test/auto/Switch.xml (RunModel)" time="0.057" />
  <testcase classname="ptolemy.util.test.junit.AutoTests" name="[138] /home/travis/build/icyphy/ptII/ptolemy/domains/continuous/test/auto/Thermostat.xml (RunModel)" time="0.208" />
  <testcase classname="ptolemy.util.test.junit.AutoTests" name="[139] /home/travis/build/icyphy/ptII/ptolemy/domains/continuous/test/auto/TimeDelay.xml (RunModel)" time="0.016" />
  <testcase classname="ptolemy.util.test.junit.AutoTests" name="[140] /home/travis/build/icyphy/ptII/ptolemy/domains/continuous/test/auto/TimeDelay2.xml (RunModel)" time="0.028" />
  <testcase classname="ptolemy.util.test.junit.AutoTests" name="[141] /home/travis/build/icyphy/ptII/ptolemy/domains/continuous/test/auto/TimeDelay3.xml (RunModel)" time="0.012" />
  <testcase classname="ptolemy.util.test.junit.AutoTests" name="[142] /home/travis/build/icyphy/ptII/ptolemy/domains/continuous/test/auto/TransferAbsentToInside.xml (RunModel)" time="0.1" />
  <testcase classname="ptolemy.util.test.junit.AutoTests" name="[143] /home/travis/build/icyphy/ptII/ptolemy/domains/continuous/test/auto/Transmission.xml (RunModel)" time="0.751" />
  <testcase classname="ptolemy.util.test.junit.AutoTests" name="[144] /home/travis/build/icyphy/ptII/ptolemy/domains/continuous/test/auto/TriggeredContinuousClock.xml (RunModel)" time="0.075" />
  <testcase classname="ptolemy.util.test.junit.AutoTests" name="[145] /home/travis/build/icyphy/ptII/ptolemy/domains/continuous/test/auto/TwoMachineInfiniteBusControl.xml (RunModel)" time="2.588" />
  <testcase classname="ptolemy.util.test.junit.AutoTests" name="[146] /home/travis/build/icyphy/ptII/ptolemy/domains/continuous/test/auto/V2V.xml (RunModel)" time="0.753" />
  <testcase classname="ptolemy.util.test.junit.AutoTests" name="[147] /home/travis/build/icyphy/ptII/ptolemy/domains/continuous/test/auto/hierarchicalModalModel.xml (RunModel)" time="0.043" />
  <testcase classname="ptolemy.util.test.junit.AutoTests" name="[148] /home/travis/build/icyphy/ptII/ptolemy/domains/continuous/test/auto/hierarchicalModalModel1.xml (RunModel)" time="0.038" />
  <testcase classname="ptolemy.util.test.junit.AutoTests" name="[149] /home/travis/build/icyphy/ptII/ptolemy/domains/continuous/test/auto/hierarchicalModalModel2.xml (RunModel)" time="0.033" />
  <testcase classname="ptolemy.util.test.junit.AutoTests" name="[150] /home/travis/build/icyphy/ptII/ptolemy/domains/continuous/test/auto/hierarchicalModalModel3.xml (RunModel)" time="0.028" />
  <testcase classname="ptolemy.util.test.junit.AutoTests" name="[151] /home/travis/build/icyphy/ptII/ptolemy/domains/continuous/test/auto/hierarchicalModalModel4.xml (RunModel)" time="0.027" />
  <testcase classname="ptolemy.util.test.junit.AutoTests" name="[152] /home/travis/build/icyphy/ptII/ptolemy/domains/continuous/test/auto/junk.xml (RunModel)" time="0.128" />
  <system-out><![CDATA[No tcl tests in /home/travis/build/icyphy/ptII/ptolemy/domains/continuous/test
No auto/knownFailedTests/*.xml tests in /home/travis/build/icyphy/ptII/ptolemy/domains/continuous/test
No auto/linux-amd64/*.xml tests in /home/travis/build/icyphy/ptII/ptolemy/domains/continuous/test
AutoTests.java: About to close Vertx.
AutoTests.java: Vertx closed.

===========================================================================================
----------------- testing Mon Mar 23 13:28:40 UTC 2020 /home/travis/build/icyphy/ptII/ptolemy/domains/continuous/test/auto/BouncingBall.xml
----------------- Instantiating /home/travis/build/icyphy/ptII/ptolemy/domains/continuous/test/auto/BouncingBall.xml
2340 ms. Memory: 129024K Free: 110915K (86%)
----------------- Invoking toplevel() on ptolemy.moml.MoMLSimpleApplication@3becbc9d
----------------- Done invoking toplevel() on ptolemy.moml.MoMLSimpleApplication@3becbc9d
reloadAllAccessors: .BouncingBall

===========================================================================================
----------------- testing Mon Mar 23 13:28:43 UTC 2020 /home/travis/build/icyphy/ptII/ptolemy/domains/continuous/test/auto/BouncingBallWithoutGR.xml
----------------- Instantiating /home/travis/build/icyphy/ptII/ptolemy/domains/continuous/test/auto/BouncingBallWithoutGR.xml
808 ms. Memory: 155648K Free: 104752K (67%)
----------------- Invoking toplevel() on ptolemy.moml.MoMLSimpleApplication@dbfb44a
----------------- Done invoking toplevel() on ptolemy.moml.MoMLSimpleApplication@dbfb44a
reloadAllAccessors: .BouncingBallWithoutGR

===========================================================================================
----------------- testing Mon Mar 23 13:28:44 UTC 2020 /home/travis/build/icyphy/ptII/ptolemy/domains/continuous/test/auto/Brownian.xml
----------------- Instantiating /home/travis/build/icyphy/ptII/ptolemy/domains/continuous/test/auto/Brownian.xml
34 ms. Memory: 155648K Free: 95536K (61%)
----------------- Invoking toplevel() on ptolemy.moml.MoMLSimpleApplication@4625ab2
----------------- Done invoking toplevel() on ptolemy.moml.MoMLSimpleApplication@4625ab2
reloadAllAccessors: .Brownian

===========================================================================================
----------------- testing Mon Mar 23 13:28:44 UTC 2020 /home/travis/build/icyphy/ptII/ptolemy/domains/continuous/test/auto/CarTracking.xml
----------------- Instantiating /home/travis/build/icyphy/ptII/ptolemy/domains/continuous/test/auto/CarTracking.xml
3865 ms. Memory: 187392K Free: 86352K (46%)
----------------- Invoking toplevel() on ptolemy.moml.MoMLSimpleApplication@426e9b90
----------------- Done invoking toplevel() on ptolemy.moml.MoMLSimpleApplication@426e9b90
reloadAllAccessors: .CarTracking

===========================================================================================
----------------- testing Mon Mar 23 13:28:48 UTC 2020 /home/travis/build/icyphy/ptII/ptolemy/domains/continuous/test/auto/CartPendulum.xml
----------------- Instantiating /home/travis/build/icyphy/ptII/ptolemy/domains/continuous/test/auto/CartPendulum.xml
433 ms. Memory: 225280K Free: 139377K (62%)
----------------- Invoking toplevel() on ptolemy.moml.MoMLSimpleApplication@5d9e39e3
----------------- Done invoking toplevel() on ptolemy.moml.MoMLSimpleApplication@5d9e39e3
reloadAllAccessors: .CartPendulum

===========================================================================================
----------------- testing Mon Mar 23 13:28:49 UTC 2020 /home/travis/build/icyphy/ptII/ptolemy/domains/continuous/test/auto/CausalityInterface10.xml
----------------- Instantiating /home/travis/build/icyphy/ptII/ptolemy/domains/continuous/test/auto/CausalityInterface10.xml
12 ms. Memory: 225280K Free: 129137K (57%)
----------------- Invoking toplevel() on ptolemy.moml.MoMLSimpleApplication@7c4c4789
----------------- Done invoking toplevel() on ptolemy.moml.MoMLSimpleApplication@7c4c4789
reloadAllAccessors: .CausalityInterface10

===========================================================================================
----------------- testing Mon Mar 23 13:28:49 UTC 2020 /home/travis/build/icyphy/ptII/ptolemy/domains/continuous/test/auto/CausalityInterface11.xml
----------------- Instantiating /home/travis/build/icyphy/ptII/ptolemy/domains/continuous/test/auto/CausalityInterface11.xml
7 ms. Memory: 225280K Free: 122993K (55%)
----------------- Invoking toplevel() on ptolemy.moml.MoMLSimpleApplication@57a5f9da
----------------- Done invoking toplevel() on ptolemy.moml.MoMLSimpleApplication@57a5f9da
reloadAllAccessors: .CausalityInterface11

===========================================================================================
----------------- testing Mon Mar 23 13:28:49 UTC 2020 /home/travis/build/icyphy/ptII/ptolemy/domains/continuous/test/auto/CausalityInterface12.xml
----------------- Instantiating /home/travis/build/icyphy/ptII/ptolemy/domains/continuous/test/auto/CausalityInterface12.xml
8 ms. Memory: 225280K Free: 116849K (52%)
----------------- Invoking toplevel() on ptolemy.moml.MoMLSimpleApplication@683ecce2
----------------- Done invoking toplevel() on ptolemy.moml.MoMLSimpleApplication@683ecce2
reloadAllAccessors: .CausalityInterface12

===========================================================================================
----------------- testing Mon Mar 23 13:28:49 UTC 2020 /home/travis/build/icyphy/ptII/ptolemy/domains/continuous/test/auto/CausalityInterface13.xml
----------------- Instantiating /home/travis/build/icyphy/ptII/ptolemy/domains/continuous/test/auto/CausalityInterface13.xml
7 ms. Memory: 225280K Free: 110705K (49%)
----------------- Invoking toplevel() on ptolemy.moml.MoMLSimpleApplication@1ef8e4d0
----------------- Done invoking toplevel() on ptolemy.moml.MoMLSimpleApplication@1ef8e4d0
reloadAllAccessors: .CausalityInterface13

===========================================================================================
----------------- testing Mon Mar 23 13:28:49 UTC 2020 /home/travis/build/icyphy/ptII/ptolemy/domains/continuous/test/auto/CausalityInterface14.xml
----------------- Instantiating /home/travis/build/icyphy/ptII/ptolemy/domains/continuous/test/auto/CausalityInterface14.xml
6 ms. Memory: 225280K Free: 105057K (47%)
----------------- Invoking toplevel() on ptolemy.moml.MoMLSimpleApplication@25e0c3f9
----------------- Done invoking toplevel() on ptolemy.moml.MoMLSimpleApplication@25e0c3f9
reloadAllAccessors: .CausalityInterface14

===========================================================================================
----------------- testing Mon Mar 23 13:28:49 UTC 2020 /home/travis/build/icyphy/ptII/ptolemy/domains/continuous/test/auto/CausalityInterface4.xml
----------------- Instantiating /home/travis/build/icyphy/ptII/ptolemy/domains/continuous/test/auto/CausalityInterface4.xml
5 ms. Memory: 225280K Free: 97873K (43%)
----------------- Invoking toplevel() on ptolemy.moml.MoMLSimpleApplication@57b0ffd3
----------------- Done invoking toplevel() on ptolemy.moml.MoMLSimpleApplication@57b0ffd3
reloadAllAccessors: .CausalityInterface4

===========================================================================================
----------------- testing Mon Mar 23 13:28:49 UTC 2020 /home/travis/build/icyphy/ptII/ptolemy/domains/continuous/test/auto/CausalityInterface5.xml
----------------- Instantiating /home/travis/build/icyphy/ptII/ptolemy/domains/continuous/test/auto/CausalityInterface5.xml
16 ms. Memory: 225280K Free: 89711K (40%)
----------------- Invoking toplevel() on ptolemy.moml.MoMLSimpleApplication@ad2fcbb
----------------- Done invoking toplevel() on ptolemy.moml.MoMLSimpleApplication@ad2fcbb
reloadAllAccessors: .CausalityInterface5

===========================================================================================
----------------- testing Mon Mar 23 13:28:49 UTC 2020 /home/travis/build/icyphy/ptII/ptolemy/domains/continuous/test/auto/CausalityInterface6.xml
----------------- Instantiating /home/travis/build/icyphy/ptII/ptolemy/domains/continuous/test/auto/CausalityInterface6.xml
3 ms. Memory: 225280K Free: 84591K (38%)
----------------- Invoking toplevel() on ptolemy.moml.MoMLSimpleApplication@6ddf4ba9
----------------- Done invoking toplevel() on ptolemy.moml.MoMLSimpleApplication@6ddf4ba9
reloadAllAccessors: .CausalityInterface6

===========================================================================================
----------------- testing Mon Mar 23 13:28:49 UTC 2020 /home/travis/build/icyphy/ptII/ptolemy/domains/continuous/test/auto/CausalityInterface7.xml
----------------- Instantiating /home/travis/build/icyphy/ptII/ptolemy/domains/continuous/test/auto/CausalityInterface7.xml
9 ms. Memory: 225280K Free: 208421K (93%)
----------------- Invoking toplevel() on ptolemy.moml.MoMLSimpleApplication@54382467
----------------- Done invoking toplevel() on ptolemy.moml.MoMLSimpleApplication@54382467
reloadAllAccessors: .CausalityInterface7

===========================================================================================
----------------- testing Mon Mar 23 13:28:49 UTC 2020 /home/travis/build/icyphy/ptII/ptolemy/domains/continuous/test/auto/CausalityInterface8.xml
----------------- Instantiating /home/travis/build/icyphy/ptII/ptolemy/domains/continuous/test/auto/CausalityInterface8.xml
7 ms. Memory: 225280K Free: 199205K (88%)
----------------- Invoking toplevel() on ptolemy.moml.MoMLSimpleApplication@301daa4a
----------------- Done invoking toplevel() on ptolemy.moml.MoMLSimpleApplication@301daa4a
reloadAllAccessors: .CausalityInterface8

===========================================================================================
----------------- testing Mon Mar 23 13:28:49 UTC 2020 /home/travis/build/icyphy/ptII/ptolemy/domains/continuous/test/auto/CausalityInterface9.xml
----------------- Instantiating /home/travis/build/icyphy/ptII/ptolemy/domains/continuous/test/auto/CausalityInterface9.xml
10 ms. Memory: 225280K Free: 188451K (84%)
----------------- Invoking toplevel() on ptolemy.moml.MoMLSimpleApplication@2992a11e
----------------- Done invoking toplevel() on ptolemy.moml.MoMLSimpleApplication@2992a11e
reloadAllAccessors: .CausalityInterface9

===========================================================================================
----------------- testing Mon Mar 23 13:28:50 UTC 2020 /home/travis/build/icyphy/ptII/ptolemy/domains/continuous/test/auto/CausalityInterfaceFeedback1.xml
----------------- Instantiating /home/travis/build/icyphy/ptII/ptolemy/domains/continuous/test/auto/CausalityInterfaceFeedback1.xml
6 ms. Memory: 225280K Free: 181797K (81%)
----------------- Invoking toplevel() on ptolemy.moml.MoMLSimpleApplication@6ab4032d
----------------- Done invoking toplevel() on ptolemy.moml.MoMLSimpleApplication@6ab4032d
reloadAllAccessors: .CausalityInterfaceFeedback1

===========================================================================================
----------------- testing Mon Mar 23 13:28:50 UTC 2020 /home/travis/build/icyphy/ptII/ptolemy/domains/continuous/test/auto/CausalityInterfaceFeedback2.xml
----------------- Instantiating /home/travis/build/icyphy/ptII/ptolemy/domains/continuous/test/auto/CausalityInterfaceFeedback2.xml
6 ms. Memory: 225280K Free: 175125K (78%)
----------------- Invoking toplevel() on ptolemy.moml.MoMLSimpleApplication@c9404cf
----------------- Done invoking toplevel() on ptolemy.moml.MoMLSimpleApplication@c9404cf
reloadAllAccessors: .CausalityInterfaceFeedback2

===========================================================================================
----------------- testing Mon Mar 23 13:28:50 UTC 2020 /home/travis/build/icyphy/ptII/ptolemy/domains/continuous/test/auto/CompareWithCurrentTime.xml
----------------- Instantiating /home/travis/build/icyphy/ptII/ptolemy/domains/continuous/test/auto/CompareWithCurrentTime.xml
4 ms. Memory: 225280K Free: 171043K (76%)
----------------- Invoking toplevel() on ptolemy.moml.MoMLSimpleApplication@7b9e3e56
----------------- Done invoking toplevel() on ptolemy.moml.MoMLSimpleApplication@7b9e3e56
reloadAllAccessors: .CompareWithCurrentTime

===========================================================================================
----------------- testing Mon Mar 23 13:28:50 UTC 2020 /home/travis/build/icyphy/ptII/ptolemy/domains/continuous/test/auto/ComparedClocks.xml
----------------- Instantiating /home/travis/build/icyphy/ptII/ptolemy/domains/continuous/test/auto/ComparedClocks.xml
8 ms. Memory: 225280K Free: 155669K (69%)
----------------- Invoking toplevel() on ptolemy.moml.MoMLSimpleApplication@1e9fad5e
----------------- Done invoking toplevel() on ptolemy.moml.MoMLSimpleApplication@1e9fad5e
reloadAllAccessors: .ComparedClocks

===========================================================================================
----------------- testing Mon Mar 23 13:28:50 UTC 2020 /home/travis/build/icyphy/ptII/ptolemy/domains/continuous/test/auto/ContinuousAOCClone.xml
----------------- Instantiating /home/travis/build/icyphy/ptII/ptolemy/domains/continuous/test/auto/ContinuousAOCClone.xml
2371 ms. Memory: 270336K Free: 203573K (75%)
----------------- Invoking toplevel() on ptolemy.moml.MoMLSimpleApplication@189e01bf
----------------- Done invoking toplevel() on ptolemy.moml.MoMLSimpleApplication@189e01bf
reloadAllAccessors: .ContinuousAOCClone

===========================================================================================
----------------- testing Mon Mar 23 13:28:52 UTC 2020 /home/travis/build/icyphy/ptII/ptolemy/domains/continuous/test/auto/ContinuousClock.xml
----------------- Instantiating /home/travis/build/icyphy/ptII/ptolemy/domains/continuous/test/auto/ContinuousClock.xml
31 ms. Memory: 270336K Free: 182069K (67%)
----------------- Invoking toplevel() on ptolemy.moml.MoMLSimpleApplication@28651060
----------------- Done invoking toplevel() on ptolemy.moml.MoMLSimpleApplication@28651060
reloadAllAccessors: .ContinuousClock

===========================================================================================
----------------- testing Mon Mar 23 13:28:52 UTC 2020 /home/travis/build/icyphy/ptII/ptolemy/domains/continuous/test/auto/ContinuousInContinuous.xml
----------------- Instantiating /home/travis/build/icyphy/ptII/ptolemy/domains/continuous/test/auto/ContinuousInContinuous.xml
42 ms. Memory: 270336K Free: 157988K (58%)
----------------- Invoking toplevel() on ptolemy.moml.MoMLSimpleApplication@62c85efd
----------------- Done invoking toplevel() on ptolemy.moml.MoMLSimpleApplication@62c85efd
reloadAllAccessors: .ContinuousInContinuous

===========================================================================================
----------------- testing Mon Mar 23 13:28:52 UTC 2020 /home/travis/build/icyphy/ptII/ptolemy/domains/continuous/test/auto/ContinuousInContinuousInContinuous.xml
----------------- Instantiating /home/travis/build/icyphy/ptII/ptolemy/domains/continuous/test/auto/ContinuousInContinuousInContinuous.xml
9 ms. Memory: 270336K Free: 150325K (56%)
----------------- Invoking toplevel() on ptolemy.moml.MoMLSimpleApplication@72fa3d28
----------------- Done invoking toplevel() on ptolemy.moml.MoMLSimpleApplication@72fa3d28
reloadAllAccessors: .ContinuousInContinuousInContinuous

===========================================================================================
----------------- testing Mon Mar 23 13:28:53 UTC 2020 /home/travis/build/icyphy/ptII/ptolemy/domains/continuous/test/auto/ContinuousInDE.xml
----------------- Instantiating /home/travis/build/icyphy/ptII/ptolemy/domains/continuous/test/auto/ContinuousInDE.xml
78 ms. Memory: 270336K Free: 140085K (52%)
----------------- Invoking toplevel() on ptolemy.moml.MoMLSimpleApplication@68540c5f
----------------- Done invoking toplevel() on ptolemy.moml.MoMLSimpleApplication@68540c5f
reloadAllAccessors: .ContinuousInDE

===========================================================================================
----------------- testing Mon Mar 23 13:28:53 UTC 2020 /home/travis/build/icyphy/ptII/ptolemy/domains/continuous/test/auto/ContinuousInDE2.xml
----------------- Instantiating /home/travis/build/icyphy/ptII/ptolemy/domains/continuous/test/auto/ContinuousInDE2.xml
30 ms. Memory: 270336K Free: 130355K (48%)
----------------- Invoking toplevel() on ptolemy.moml.MoMLSimpleApplication@41dc9b83
----------------- Done invoking toplevel() on ptolemy.moml.MoMLSimpleApplication@41dc9b83
reloadAllAccessors: .ContinuousInDE2

===========================================================================================
----------------- testing Mon Mar 23 13:28:53 UTC 2020 /home/travis/build/icyphy/ptII/ptolemy/domains/continuous/test/auto/ContinuousInDE3.xml
----------------- Instantiating /home/travis/build/icyphy/ptII/ptolemy/domains/continuous/test/auto/ContinuousInDE3.xml
29 ms. Memory: 270336K Free: 120629K (45%)
----------------- Invoking toplevel() on ptolemy.moml.MoMLSimpleApplication@26c4d5c3
----------------- Done invoking toplevel() on ptolemy.moml.MoMLSimpleApplication@26c4d5c3
reloadAllAccessors: .ContinuousInDE3

===========================================================================================
----------------- testing Mon Mar 23 13:28:53 UTC 2020 /home/travis/build/icyphy/ptII/ptolemy/domains/continuous/test/auto/ContinuousInDE4.xml
----------------- Instantiating /home/travis/build/icyphy/ptII/ptolemy/domains/continuous/test/auto/ContinuousInDE4.xml
12 ms. Memory: 270336K Free: 114485K (42%)
----------------- Invoking toplevel() on ptolemy.moml.MoMLSimpleApplication@37e9f0f8
----------------- Done invoking toplevel() on ptolemy.moml.MoMLSimpleApplication@37e9f0f8
reloadAllAccessors: .ContinuousInDE4

===========================================================================================
----------------- testing Mon Mar 23 13:28:53 UTC 2020 /home/travis/build/icyphy/ptII/ptolemy/domains/continuous/test/auto/ContinuousInDEDifferentRefinements.xml
----------------- Instantiating /home/travis/build/icyphy/ptII/ptolemy/domains/continuous/test/auto/ContinuousInDEDifferentRefinements.xml
59 ms. Memory: 270336K Free: 243199K (90%)
----------------- Invoking toplevel() on ptolemy.moml.MoMLSimpleApplication@1cd7cce7
----------------- Done invoking toplevel() on ptolemy.moml.MoMLSimpleApplication@1cd7cce7
reloadAllAccessors: .ContinuousInDEDifferentRefinements

===========================================================================================
----------------- testing Mon Mar 23 13:28:53 UTC 2020 /home/travis/build/icyphy/ptII/ptolemy/domains/continuous/test/auto/ContinuousInDEDifferentRefinementsPreemptive.xml
----------------- Instantiating /home/travis/build/icyphy/ptII/ptolemy/domains/continuous/test/auto/ContinuousInDEDifferentRefinementsPreemptive.xml
47 ms. Memory: 270336K Free: 212180K (78%)
----------------- Invoking toplevel() on ptolemy.moml.MoMLSimpleApplication@17201534
----------------- Done invoking toplevel() on ptolemy.moml.MoMLSimpleApplication@17201534
reloadAllAccessors: .ContinuousInDEDifferentRefinementsPreemptive

===========================================================================================
----------------- testing Mon Mar 23 13:28:53 UTC 2020 /home/travis/build/icyphy/ptII/ptolemy/domains/continuous/test/auto/ContinuousInDEInContinuous2.xml
----------------- Instantiating /home/travis/build/icyphy/ptII/ptolemy/domains/continuous/test/auto/ContinuousInDEInContinuous2.xml
33 ms. Memory: 270336K Free: 200402K (74%)
----------------- Invoking toplevel() on ptolemy.moml.MoMLSimpleApplication@e752d47
----------------- Done invoking toplevel() on ptolemy.moml.MoMLSimpleApplication@e752d47
reloadAllAccessors: .ContinuousInDEInContinuous2

===========================================================================================
----------------- testing Mon Mar 23 13:28:53 UTC 2020 /home/travis/build/icyphy/ptII/ptolemy/domains/continuous/test/auto/ContinuousInDEInContinuous3.xml
----------------- Instantiating /home/travis/build/icyphy/ptII/ptolemy/domains/continuous/test/auto/ContinuousInDEInContinuous3.xml
32 ms. Memory: 270336K Free: 188114K (70%)
----------------- Invoking toplevel() on ptolemy.moml.MoMLSimpleApplication@78667ef2
----------------- Done invoking toplevel() on ptolemy.moml.MoMLSimpleApplication@78667ef2
reloadAllAccessors: .ContinuousInDEInContinuous3

===========================================================================================
----------------- testing Mon Mar 23 13:28:53 UTC 2020 /home/travis/build/icyphy/ptII/ptolemy/domains/continuous/test/auto/ContinuousInDEInput.xml
----------------- Instantiating /home/travis/build/icyphy/ptII/ptolemy/domains/continuous/test/auto/ContinuousInDEInput.xml
12 ms. Memory: 270336K Free: 181460K (67%)
----------------- Invoking toplevel() on ptolemy.moml.MoMLSimpleApplication@2c13a6a
----------------- Done invoking toplevel() on ptolemy.moml.MoMLSimpleApplication@2c13a6a
reloadAllAccessors: .ContinuousInDEInput

===========================================================================================
----------------- testing Mon Mar 23 13:28:53 UTC 2020 /home/travis/build/icyphy/ptII/ptolemy/domains/continuous/test/auto/ContinuousInDEInput2.xml
----------------- Instantiating /home/travis/build/icyphy/ptII/ptolemy/domains/continuous/test/auto/ContinuousInDEInput2.xml
10 ms. Memory: 270336K Free: 174292K (64%)
----------------- Invoking toplevel() on ptolemy.moml.MoMLSimpleApplication@4ff0b608
----------------- Done invoking toplevel() on ptolemy.moml.MoMLSimpleApplication@4ff0b608
reloadAllAccessors: .ContinuousInDEInput2

===========================================================================================
----------------- testing Mon Mar 23 13:28:53 UTC 2020 /home/travis/build/icyphy/ptII/ptolemy/domains/continuous/test/auto/ContinuousInDEInput3.xml
----------------- Instantiating /home/travis/build/icyphy/ptII/ptolemy/domains/continuous/test/auto/ContinuousInDEInput3.xml
14 ms. Memory: 270336K Free: 166610K (62%)
----------------- Invoking toplevel() on ptolemy.moml.MoMLSimpleApplication@1783a307
----------------- Done invoking toplevel() on ptolemy.moml.MoMLSimpleApplication@1783a307
reloadAllAccessors: .ContinuousInDEInput3

===========================================================================================
----------------- testing Mon Mar 23 13:28:53 UTC 2020 /home/travis/build/icyphy/ptII/ptolemy/domains/continuous/test/auto/ContinuousInDESharingRefinement.xml
----------------- Instantiating /home/travis/build/icyphy/ptII/ptolemy/domains/continuous/test/auto/ContinuousInDESharingRefinement.xml
145 ms. Memory: 270336K Free: 232927K (86%)
----------------- Invoking toplevel() on ptolemy.moml.MoMLSimpleApplication@700d40e8
----------------- Done invoking toplevel() on ptolemy.moml.MoMLSimpleApplication@700d40e8
reloadAllAccessors: .ContinuousInDESharingRefinement

===========================================================================================
----------------- testing Mon Mar 23 13:28:53 UTC 2020 /home/travis/build/icyphy/ptII/ptolemy/domains/continuous/test/auto/ContinuousInDEwithNoPorts.xml
----------------- Instantiating /home/travis/build/icyphy/ptII/ptolemy/domains/continuous/test/auto/ContinuousInDEwithNoPorts.xml
6 ms. Memory: 270336K Free: 228303K (84%)
----------------- Invoking toplevel() on ptolemy.moml.MoMLSimpleApplication@66fecd9f
----------------- Done invoking toplevel() on ptolemy.moml.MoMLSimpleApplication@66fecd9f
reloadAllAccessors: .ContinuousInDEwithNoPorts

===========================================================================================
----------------- testing Mon Mar 23 13:28:53 UTC 2020 /home/travis/build/icyphy/ptII/ptolemy/domains/continuous/test/auto/ContinuousInsideDE.xml
----------------- Instantiating /home/travis/build/icyphy/ptII/ptolemy/domains/continuous/test/auto/ContinuousInsideDE.xml
26 ms. Memory: 270336K Free: 217053K (80%)
----------------- Invoking toplevel() on ptolemy.moml.MoMLSimpleApplication@17a4780a
----------------- Done invoking toplevel() on ptolemy.moml.MoMLSimpleApplication@17a4780a
reloadAllAccessors: .ContinuousInsideDE

===========================================================================================
----------------- testing Mon Mar 23 13:28:53 UTC 2020 /home/travis/build/icyphy/ptII/ptolemy/domains/continuous/test/auto/ContinuousMerge1.xml
----------------- Instantiating /home/travis/build/icyphy/ptII/ptolemy/domains/continuous/test/auto/ContinuousMerge1.xml
2 ms. Memory: 270336K Free: 212447K (79%)
----------------- Invoking toplevel() on ptolemy.moml.MoMLSimpleApplication@73bb8326
----------------- Done invoking toplevel() on ptolemy.moml.MoMLSimpleApplication@73bb8326
reloadAllAccessors: .ContinuousMerge1

===========================================================================================
----------------- testing Mon Mar 23 13:28:53 UTC 2020 /home/travis/build/icyphy/ptII/ptolemy/domains/continuous/test/auto/ContinuousMerge2.xml
----------------- Instantiating /home/travis/build/icyphy/ptII/ptolemy/domains/continuous/test/auto/ContinuousMerge2.xml
15 ms. Memory: 270336K Free: 202207K (75%)
----------------- Invoking toplevel() on ptolemy.moml.MoMLSimpleApplication@5a83eac0
----------------- Done invoking toplevel() on ptolemy.moml.MoMLSimpleApplication@5a83eac0
reloadAllAccessors: .ContinuousMerge2

===========================================================================================
----------------- testing Mon Mar 23 13:28:53 UTC 2020 /home/travis/build/icyphy/ptII/ptolemy/domains/continuous/test/auto/ContinuousMerge3.xml
----------------- Instantiating /home/travis/build/icyphy/ptII/ptolemy/domains/continuous/test/auto/ContinuousMerge3.xml
33 ms. Memory: 270336K Free: 191453K (71%)
----------------- Invoking toplevel() on ptolemy.moml.MoMLSimpleApplication@7e42d4aa
----------------- Done invoking toplevel() on ptolemy.moml.MoMLSimpleApplication@7e42d4aa
reloadAllAccessors: .ContinuousMerge3

===========================================================================================
----------------- testing Mon Mar 23 13:28:54 UTC 2020 /home/travis/build/icyphy/ptII/ptolemy/domains/continuous/test/auto/ContinuousWithinContinuous.xml
----------------- Instantiating /home/travis/build/icyphy/ptII/ptolemy/domains/continuous/test/auto/ContinuousWithinContinuous.xml
27 ms. Memory: 270336K Free: 182237K (67%)
----------------- Invoking toplevel() on ptolemy.moml.MoMLSimpleApplication@368f12ca
----------------- Done invoking toplevel() on ptolemy.moml.MoMLSimpleApplication@368f12ca
reloadAllAccessors: .ContinuousWithinContinuous

===========================================================================================
----------------- testing Mon Mar 23 13:28:54 UTC 2020 /home/travis/build/icyphy/ptII/ptolemy/domains/continuous/test/auto/ContinuousWithinContinuous2.xml
----------------- Instantiating /home/travis/build/icyphy/ptII/ptolemy/domains/continuous/test/auto/ContinuousWithinContinuous2.xml
53 ms. Memory: 270336K Free: 170973K (63%)
----------------- Invoking toplevel() on ptolemy.moml.MoMLSimpleApplication@7b2a1b23
----------------- Done invoking toplevel() on ptolemy.moml.MoMLSimpleApplication@7b2a1b23
reloadAllAccessors: .ContinuousWithinContinuous2

===========================================================================================
----------------- testing Mon Mar 23 13:28:54 UTC 2020 /home/travis/build/icyphy/ptII/ptolemy/domains/continuous/test/auto/ContinuousWithinContinuous3.xml
----------------- Instantiating /home/travis/build/icyphy/ptII/ptolemy/domains/continuous/test/auto/ContinuousWithinContinuous3.xml
11 ms. Memory: 270336K Free: 163805K (61%)
----------------- Invoking toplevel() on ptolemy.moml.MoMLSimpleApplication@4d91ffaf
----------------- Done invoking toplevel() on ptolemy.moml.MoMLSimpleApplication@4d91ffaf
reloadAllAccessors: .ContinuousWithinContinuous3

===========================================================================================
----------------- testing Mon Mar 23 13:28:54 UTC 2020 /home/travis/build/icyphy/ptII/ptolemy/domains/continuous/test/auto/ContinuousWithinContinuous4.xml
----------------- Instantiating /home/travis/build/icyphy/ptII/ptolemy/domains/continuous/test/auto/ContinuousWithinContinuous4.xml
54 ms. Memory: 270336K Free: 151517K (56%)
----------------- Invoking toplevel() on ptolemy.moml.MoMLSimpleApplication@1b318741
----------------- Done invoking toplevel() on ptolemy.moml.MoMLSimpleApplication@1b318741
reloadAllAccessors: .ContinuousWithinContinuous4

===========================================================================================
----------------- testing Mon Mar 23 13:28:54 UTC 2020 /home/travis/build/icyphy/ptII/ptolemy/domains/continuous/test/auto/ContinuousWithinContinuous5.xml
----------------- Instantiating /home/travis/build/icyphy/ptII/ptolemy/domains/continuous/test/auto/ContinuousWithinContinuous5.xml
10 ms. Memory: 270336K Free: 144349K (53%)
----------------- Invoking toplevel() on ptolemy.moml.MoMLSimpleApplication@56af1c24
----------------- Done invoking toplevel() on ptolemy.moml.MoMLSimpleApplication@56af1c24
reloadAllAccessors: .ContinuousWithinContinuous5

===========================================================================================
----------------- testing Mon Mar 23 13:28:54 UTC 2020 /home/travis/build/icyphy/ptII/ptolemy/domains/continuous/test/auto/ContinuousWithinContinuous6.xml
----------------- Instantiating /home/travis/build/icyphy/ptII/ptolemy/domains/continuous/test/auto/ContinuousWithinContinuous6.xml
12 ms. Memory: 270336K Free: 137181K (51%)
----------------- Invoking toplevel() on ptolemy.moml.MoMLSimpleApplication@7226a77d
----------------- Done invoking toplevel() on ptolemy.moml.MoMLSimpleApplication@7226a77d
reloadAllAccessors: .ContinuousWithinContinuous6

===========================================================================================
----------------- testing Mon Mar 23 13:28:54 UTC 2020 /home/travis/build/icyphy/ptII/ptolemy/domains/continuous/test/auto/ContinuousWithinContinuous7.xml
----------------- Instantiating /home/travis/build/icyphy/ptII/ptolemy/domains/continuous/test/auto/ContinuousWithinContinuous7.xml
45 ms. Memory: 270336K Free: 125917K (47%)
----------------- Invoking toplevel() on ptolemy.moml.MoMLSimpleApplication@14a77d16
----------------- Done invoking toplevel() on ptolemy.moml.MoMLSimpleApplication@14a77d16
reloadAllAccessors: .ContinuousWithinContinuous7

===========================================================================================
----------------- testing Mon Mar 23 13:28:54 UTC 2020 /home/travis/build/icyphy/ptII/ptolemy/domains/continuous/test/auto/DCMotor.xml
----------------- Instantiating /home/travis/build/icyphy/ptII/ptolemy/domains/continuous/test/auto/DCMotor.xml
11948 ms. Memory: 270336K Free: 113540K (42%)
----------------- Invoking toplevel() on ptolemy.moml.MoMLSimpleApplication@7e646363
----------------- Done invoking toplevel() on ptolemy.moml.MoMLSimpleApplication@7e646363
reloadAllAccessors: .DCMotor

===========================================================================================
----------------- testing Mon Mar 23 13:29:06 UTC 2020 /home/travis/build/icyphy/ptII/ptolemy/domains/continuous/test/auto/DEInContinuous.xml
----------------- Instantiating /home/travis/build/icyphy/ptII/ptolemy/domains/continuous/test/auto/DEInContinuous.xml
9 ms. Memory: 270336K Free: 107396K (40%)
----------------- Invoking toplevel() on ptolemy.moml.MoMLSimpleApplication@b136a2c
----------------- Done invoking toplevel() on ptolemy.moml.MoMLSimpleApplication@b136a2c
reloadAllAccessors: .DEInContinuous

===========================================================================================
----------------- testing Mon Mar 23 13:29:06 UTC 2020 /home/travis/build/icyphy/ptII/ptolemy/domains/continuous/test/auto/DEinContinuous2.xml
----------------- Instantiating /home/travis/build/icyphy/ptII/ptolemy/domains/continuous/test/auto/DEinContinuous2.xml
7 ms. Memory: 270336K Free: 99700K (37%)
----------------- Invoking toplevel() on ptolemy.moml.MoMLSimpleApplication@143afb2c
----------------- Done invoking toplevel() on ptolemy.moml.MoMLSimpleApplication@143afb2c
reloadAllAccessors: .DEinContinuous2

===========================================================================================
----------------- testing Mon Mar 23 13:29:06 UTC 2020 /home/travis/build/icyphy/ptII/ptolemy/domains/continuous/test/auto/Derivative.xml
----------------- Instantiating /home/travis/build/icyphy/ptII/ptolemy/domains/continuous/test/auto/Derivative.xml
120 ms. Memory: 270336K Free: 231310K (86%)
----------------- Invoking toplevel() on ptolemy.moml.MoMLSimpleApplication@21cf8184
----------------- Done invoking toplevel() on ptolemy.moml.MoMLSimpleApplication@21cf8184
reloadAllAccessors: .Derivative2

===========================================================================================
----------------- testing Mon Mar 23 13:29:06 UTC 2020 /home/travis/build/icyphy/ptII/ptolemy/domains/continuous/test/auto/Derivative1.xml
----------------- Instantiating /home/travis/build/icyphy/ptII/ptolemy/domains/continuous/test/auto/Derivative1.xml
32 ms. Memory: 270336K Free: 216974K (80%)
----------------- Invoking toplevel() on ptolemy.moml.MoMLSimpleApplication@27ce8f1a
----------------- Done invoking toplevel() on ptolemy.moml.MoMLSimpleApplication@27ce8f1a
reloadAllAccessors: .Derivative1

===========================================================================================
----------------- testing Mon Mar 23 13:29:06 UTC 2020 /home/travis/build/icyphy/ptII/ptolemy/domains/continuous/test/auto/DiscreteClock.xml
----------------- Instantiating /home/travis/build/icyphy/ptII/ptolemy/domains/continuous/test/auto/DiscreteClock.xml
5 ms. Memory: 270336K Free: 211854K (78%)
----------------- Invoking toplevel() on ptolemy.moml.MoMLSimpleApplication@589deda4
----------------- Done invoking toplevel() on ptolemy.moml.MoMLSimpleApplication@589deda4
reloadAllAccessors: .DiscreteClock

===========================================================================================
----------------- testing Mon Mar 23 13:29:06 UTC 2020 /home/travis/build/icyphy/ptII/ptolemy/domains/continuous/test/auto/EfficiencyCurve.xml
----------------- Instantiating /home/travis/build/icyphy/ptII/ptolemy/domains/continuous/test/auto/EfficiencyCurve.xml
67 ms. Memory: 270336K Free: 202638K (75%)
----------------- Invoking toplevel() on ptolemy.moml.MoMLSimpleApplication@7a5a60cf
----------------- Done invoking toplevel() on ptolemy.moml.MoMLSimpleApplication@7a5a60cf
reloadAllAccessors: .EfficiencyCurve

===========================================================================================
----------------- testing Mon Mar 23 13:29:06 UTC 2020 /home/travis/build/icyphy/ptII/ptolemy/domains/continuous/test/auto/ExponentialResponse.xml
----------------- Instantiating /home/travis/build/icyphy/ptII/ptolemy/domains/continuous/test/auto/ExponentialResponse.xml
88 ms. Memory: 270336K Free: 186768K (69%)
----------------- Invoking toplevel() on ptolemy.moml.MoMLSimpleApplication@114f59f6
----------------- Done invoking toplevel() on ptolemy.moml.MoMLSimpleApplication@114f59f6
reloadAllAccessors: .ExponentialResponse

===========================================================================================
----------------- testing Mon Mar 23 13:29:06 UTC 2020 /home/travis/build/icyphy/ptII/ptolemy/domains/continuous/test/auto/ExponentialResponseRK45.xml
----------------- Instantiating /home/travis/build/icyphy/ptII/ptolemy/domains/continuous/test/auto/ExponentialResponseRK45.xml
21 ms. Memory: 270336K Free: 180110K (67%)
----------------- Invoking toplevel() on ptolemy.moml.MoMLSimpleApplication@358489f9
----------------- Done invoking toplevel() on ptolemy.moml.MoMLSimpleApplication@358489f9
reloadAllAccessors: .ExponentialResponseRK45

===========================================================================================
----------------- testing Mon Mar 23 13:29:06 UTC 2020 /home/travis/build/icyphy/ptII/ptolemy/domains/continuous/test/auto/Friction.xml
----------------- Instantiating /home/travis/build/icyphy/ptII/ptolemy/domains/continuous/test/auto/Friction.xml
1381 ms. Memory: 270336K Free: 239819K (89%)
----------------- Invoking toplevel() on ptolemy.moml.MoMLSimpleApplication@3933486c
----------------- Done invoking toplevel() on ptolemy.moml.MoMLSimpleApplication@3933486c
reloadAllAccessors: .Friction

===========================================================================================
----------------- testing Mon Mar 23 13:29:08 UTC 2020 /home/travis/build/icyphy/ptII/ptolemy/domains/continuous/test/auto/FurutaPendulum.xml
----------------- Instantiating /home/travis/build/icyphy/ptII/ptolemy/domains/continuous/test/auto/FurutaPendulum.xml
2724 ms. Memory: 270336K Free: 226072K (84%)
----------------- Invoking toplevel() on ptolemy.moml.MoMLSimpleApplication@1e25fc04
----------------- Done invoking toplevel() on ptolemy.moml.MoMLSimpleApplication@1e25fc04
reloadAllAccessors: .FurutaPendulum

===========================================================================================
----------------- testing Mon Mar 23 13:29:11 UTC 2020 /home/travis/build/icyphy/ptII/ptolemy/domains/continuous/test/auto/HierarchicalExecution.xml
----------------- Instantiating /home/travis/build/icyphy/ptII/ptolemy/domains/continuous/test/auto/HierarchicalExecution.xml
1506 ms. Memory: 270336K Free: 105550K (39%)
----------------- Invoking toplevel() on ptolemy.moml.MoMLSimpleApplication@330310d6
----------------- Done invoking toplevel() on ptolemy.moml.MoMLSimpleApplication@330310d6
reloadAllAccessors: .HierarchicalExecution

===========================================================================================
----------------- testing Mon Mar 23 13:29:13 UTC 2020 /home/travis/build/icyphy/ptII/ptolemy/domains/continuous/test/auto/HybridPlant.xml
----------------- Instantiating /home/travis/build/icyphy/ptII/ptolemy/domains/continuous/test/auto/HybridPlant.xml
447 ms. Memory: 270336K Free: 163250K (60%)
----------------- Invoking toplevel() on ptolemy.moml.MoMLSimpleApplication@392d2f58
----------------- Done invoking toplevel() on ptolemy.moml.MoMLSimpleApplication@392d2f58
reloadAllAccessors: .HybridPlant

===========================================================================================
----------------- testing Mon Mar 23 13:29:13 UTC 2020 /home/travis/build/icyphy/ptII/ptolemy/domains/continuous/test/auto/Hysteresis.xml
----------------- Instantiating /home/travis/build/icyphy/ptII/ptolemy/domains/continuous/test/auto/Hysteresis.xml
122 ms. Memory: 270336K Free: 101306K (37%)
----------------- Invoking toplevel() on ptolemy.moml.MoMLSimpleApplication@1e1a8e73
----------------- Done invoking toplevel() on ptolemy.moml.MoMLSimpleApplication@1e1a8e73
reloadAllAccessors: .Hysteresis

===========================================================================================
----------------- testing Mon Mar 23 13:29:13 UTC 2020 /home/travis/build/icyphy/ptII/ptolemy/domains/continuous/test/auto/HysteresisWithRandomDelay.xml
----------------- Instantiating /home/travis/build/icyphy/ptII/ptolemy/domains/continuous/test/auto/HysteresisWithRandomDelay.xml
180 ms. Memory: 270336K Free: 190467K (70%)
----------------- Invoking toplevel() on ptolemy.moml.MoMLSimpleApplication@637bd7cf
----------------- Done invoking toplevel() on ptolemy.moml.MoMLSimpleApplication@637bd7cf
reloadAllAccessors: .HysteresisWithRandomDelay

===========================================================================================
----------------- testing Mon Mar 23 13:29:14 UTC 2020 /home/travis/build/icyphy/ptII/ptolemy/domains/continuous/test/auto/HysteresisWithRandomLosses.xml
----------------- Instantiating /home/travis/build/icyphy/ptII/ptolemy/domains/continuous/test/auto/HysteresisWithRandomLosses.xml
2178 ms. Memory: 270336K Free: 93777K (35%)
----------------- Invoking toplevel() on ptolemy.moml.MoMLSimpleApplication@1860245c
----------------- Done invoking toplevel() on ptolemy.moml.MoMLSimpleApplication@1860245c
reloadAllAccessors: .HysteresisWithRandomLosses

===========================================================================================
----------------- testing Mon Mar 23 13:29:16 UTC 2020 /home/travis/build/icyphy/ptII/ptolemy/domains/continuous/test/auto/ImmediateTransitions.xml
----------------- Instantiating /home/travis/build/icyphy/ptII/ptolemy/domains/continuous/test/auto/ImmediateTransitions.xml
9 ms. Memory: 270336K Free: 239880K (89%)
----------------- Invoking toplevel() on ptolemy.moml.MoMLSimpleApplication@15fb6ee2
----------------- Done invoking toplevel() on ptolemy.moml.MoMLSimpleApplication@15fb6ee2
reloadAllAccessors: .ImmediateTransitions

===========================================================================================
----------------- testing Mon Mar 23 13:29:16 UTC 2020 /home/travis/build/icyphy/ptII/ptolemy/domains/continuous/test/auto/ImpulseFeedback.xml
----------------- Instantiating /home/travis/build/icyphy/ptII/ptolemy/domains/continuous/test/auto/ImpulseFeedback.xml
7 ms. Memory: 270336K Free: 234246K (87%)
----------------- Invoking toplevel() on ptolemy.moml.MoMLSimpleApplication@14cc2e38
----------------- Done invoking toplevel() on ptolemy.moml.MoMLSimpleApplication@14cc2e38
reloadAllAccessors: .ImpulseFeedback

===========================================================================================
----------------- testing Mon Mar 23 13:29:16 UTC 2020 /home/travis/build/icyphy/ptII/ptolemy/domains/continuous/test/auto/ImpulseFeedback2.xml
----------------- Instantiating /home/travis/build/icyphy/ptII/ptolemy/domains/continuous/test/auto/ImpulseFeedback2.xml
5 ms. Memory: 270336K Free: 228616K (85%)
----------------- Invoking toplevel() on ptolemy.moml.MoMLSimpleApplication@78630001
----------------- Done invoking toplevel() on ptolemy.moml.MoMLSimpleApplication@78630001
reloadAllAccessors: .ImpulseFeedback2

===========================================================================================
----------------- testing Mon Mar 23 13:29:16 UTC 2020 /home/travis/build/icyphy/ptII/ptolemy/domains/continuous/test/auto/IncreasingRatePoisson.xml
----------------- Instantiating /home/travis/build/icyphy/ptII/ptolemy/domains/continuous/test/auto/IncreasingRatePoisson.xml
669 ms. Memory: 270336K Free: 239849K (89%)
----------------- Invoking toplevel() on ptolemy.moml.MoMLSimpleApplication@6a3703cd
----------------- Done invoking toplevel() on ptolemy.moml.MoMLSimpleApplication@6a3703cd
reloadAllAccessors: .IncreasingRatePoisson

===========================================================================================
----------------- testing Mon Mar 23 13:29:17 UTC 2020 /home/travis/build/icyphy/ptII/ptolemy/domains/continuous/test/auto/InitialStateFeedback.xml
----------------- Instantiating /home/travis/build/icyphy/ptII/ptolemy/domains/continuous/test/auto/InitialStateFeedback.xml
4 ms. Memory: 270336K Free: 235239K (87%)
----------------- Invoking toplevel() on ptolemy.moml.MoMLSimpleApplication@3bd4ed5e
----------------- Done invoking toplevel() on ptolemy.moml.MoMLSimpleApplication@3bd4ed5e
reloadAllAccessors: .InitialStateFeedback

===========================================================================================
----------------- testing Mon Mar 23 13:29:17 UTC 2020 /home/travis/build/icyphy/ptII/ptolemy/domains/continuous/test/auto/Integration.xml
----------------- Instantiating /home/travis/build/icyphy/ptII/ptolemy/domains/continuous/test/auto/Integration.xml
4 ms. Memory: 270336K Free: 231143K (86%)
----------------- Invoking toplevel() on ptolemy.moml.MoMLSimpleApplication@181565ed
----------------- Done invoking toplevel() on ptolemy.moml.MoMLSimpleApplication@181565ed
reloadAllAccessors: .Integration

===========================================================================================
----------------- testing Mon Mar 23 13:29:17 UTC 2020 /home/travis/build/icyphy/ptII/ptolemy/domains/continuous/test/auto/Integration2.xml
----------------- Instantiating /home/travis/build/icyphy/ptII/ptolemy/domains/continuous/test/auto/Integration2.xml
69 ms. Memory: 270336K Free: 216807K (80%)
----------------- Invoking toplevel() on ptolemy.moml.MoMLSimpleApplication@3cfc8b82
----------------- Done invoking toplevel() on ptolemy.moml.MoMLSimpleApplication@3cfc8b82
reloadAllAccessors: .Integration2

===========================================================================================
----------------- testing Mon Mar 23 13:29:17 UTC 2020 /home/travis/build/icyphy/ptII/ptolemy/domains/continuous/test/auto/Integration3.xml
----------------- Instantiating /home/travis/build/icyphy/ptII/ptolemy/domains/continuous/test/auto/Integration3.xml
2 ms. Memory: 270336K Free: 212201K (78%)
----------------- Invoking toplevel() on ptolemy.moml.MoMLSimpleApplication@46827f8d
----------------- Done invoking toplevel() on ptolemy.moml.MoMLSimpleApplication@46827f8d
reloadAllAccessors: .Integration3

===========================================================================================
----------------- testing Mon Mar 23 13:29:17 UTC 2020 /home/travis/build/icyphy/ptII/ptolemy/domains/continuous/test/auto/Integration5.xml
----------------- Instantiating /home/travis/build/icyphy/ptII/ptolemy/domains/continuous/test/auto/Integration5.xml
2 ms. Memory: 270336K Free: 208105K (77%)
----------------- Invoking toplevel() on ptolemy.moml.MoMLSimpleApplication@7dc9e9c8
----------------- Done invoking toplevel() on ptolemy.moml.MoMLSimpleApplication@7dc9e9c8
reloadAllAccessors: .Integration5

===========================================================================================
----------------- testing Mon Mar 23 13:29:17 UTC 2020 /home/travis/build/icyphy/ptII/ptolemy/domains/continuous/test/auto/IntegratorImpulse.xml
----------------- Instantiating /home/travis/build/icyphy/ptII/ptolemy/domains/continuous/test/auto/IntegratorImpulse.xml
2 ms. Memory: 270336K Free: 204009K (75%)
----------------- Invoking toplevel() on ptolemy.moml.MoMLSimpleApplication@7e96ab76
----------------- Done invoking toplevel() on ptolemy.moml.MoMLSimpleApplication@7e96ab76
reloadAllAccessors: .IntegratorImpulse

===========================================================================================
----------------- testing Mon Mar 23 13:29:17 UTC 2020 /home/travis/build/icyphy/ptII/ptolemy/domains/continuous/test/auto/IntegratorImpulse2.xml
----------------- Instantiating /home/travis/build/icyphy/ptII/ptolemy/domains/continuous/test/auto/IntegratorImpulse2.xml
3 ms. Memory: 270336K Free: 199385K (74%)
----------------- Invoking toplevel() on ptolemy.moml.MoMLSimpleApplication@1b0e2e97
----------------- Done invoking toplevel() on ptolemy.moml.MoMLSimpleApplication@1b0e2e97
reloadAllAccessors: .IntegratorImpulse2

===========================================================================================
----------------- testing Mon Mar 23 13:29:17 UTC 2020 /home/travis/build/icyphy/ptII/ptolemy/domains/continuous/test/auto/LevelCrossing1.xml
----------------- Instantiating /home/travis/build/icyphy/ptII/ptolemy/domains/continuous/test/auto/LevelCrossing1.xml
6 ms. Memory: 270336K Free: 194279K (72%)
----------------- Invoking toplevel() on ptolemy.moml.MoMLSimpleApplication@db740e
----------------- Done invoking toplevel() on ptolemy.moml.MoMLSimpleApplication@db740e
reloadAllAccessors: .LevelCrossing1

===========================================================================================
----------------- testing Mon Mar 23 13:29:17 UTC 2020 /home/travis/build/icyphy/ptII/ptolemy/domains/continuous/test/auto/LevelCrossing2.xml
----------------- Instantiating /home/travis/build/icyphy/ptII/ptolemy/domains/continuous/test/auto/LevelCrossing2.xml
3 ms. Memory: 270336K Free: 189159K (70%)
----------------- Invoking toplevel() on ptolemy.moml.MoMLSimpleApplication@20c2d427
----------------- Done invoking toplevel() on ptolemy.moml.MoMLSimpleApplication@20c2d427
reloadAllAccessors: .LevelCrossing2

===========================================================================================
----------------- testing Mon Mar 23 13:29:17 UTC 2020 /home/travis/build/icyphy/ptII/ptolemy/domains/continuous/test/auto/LevelCrossing3.xml
----------------- Instantiating /home/travis/build/icyphy/ptII/ptolemy/domains/continuous/test/auto/LevelCrossing3.xml
2 ms. Memory: 270336K Free: 184033K (68%)
----------------- Invoking toplevel() on ptolemy.moml.MoMLSimpleApplication@51755b52
----------------- Done invoking toplevel() on ptolemy.moml.MoMLSimpleApplication@51755b52
reloadAllAccessors: .LevelCrossing3

===========================================================================================
----------------- testing Mon Mar 23 13:29:17 UTC 2020 /home/travis/build/icyphy/ptII/ptolemy/domains/continuous/test/auto/LevelCrossing4.xml
----------------- Instantiating /home/travis/build/icyphy/ptII/ptolemy/domains/continuous/test/auto/LevelCrossing4.xml
3 ms. Memory: 270336K Free: 178919K (66%)
----------------- Invoking toplevel() on ptolemy.moml.MoMLSimpleApplication@268b347b
----------------- Done invoking toplevel() on ptolemy.moml.MoMLSimpleApplication@268b347b
reloadAllAccessors: .LevelCrossing4

===========================================================================================
----------------- testing Mon Mar 23 13:29:17 UTC 2020 /home/travis/build/icyphy/ptII/ptolemy/domains/continuous/test/auto/LevelCrossing5.xml
----------------- Instantiating /home/travis/build/icyphy/ptII/ptolemy/domains/continuous/test/auto/LevelCrossing5.xml
2 ms. Memory: 270336K Free: 173793K (64%)
----------------- Invoking toplevel() on ptolemy.moml.MoMLSimpleApplication@6a7e6817
----------------- Done invoking toplevel() on ptolemy.moml.MoMLSimpleApplication@6a7e6817
reloadAllAccessors: .LevelCrossing5

===========================================================================================
----------------- testing Mon Mar 23 13:29:17 UTC 2020 /home/travis/build/icyphy/ptII/ptolemy/domains/continuous/test/auto/LevelCrossing6.xml
----------------- Instantiating /home/travis/build/icyphy/ptII/ptolemy/domains/continuous/test/auto/LevelCrossing6.xml
2 ms. Memory: 270336K Free: 168679K (62%)
----------------- Invoking toplevel() on ptolemy.moml.MoMLSimpleApplication@45337af5
----------------- Done invoking toplevel() on ptolemy.moml.MoMLSimpleApplication@45337af5
reloadAllAccessors: .LevelCrossing6

===========================================================================================
----------------- testing Mon Mar 23 13:29:17 UTC 2020 /home/travis/build/icyphy/ptII/ptolemy/domains/continuous/test/auto/LevelCrossingDetector.xml
----------------- Instantiating /home/travis/build/icyphy/ptII/ptolemy/domains/continuous/test/auto/LevelCrossingDetector.xml
12 ms. Memory: 270336K Free: 158439K (59%)
----------------- Invoking toplevel() on ptolemy.moml.MoMLSimpleApplication@5f4c9016
----------------- Done invoking toplevel() on ptolemy.moml.MoMLSimpleApplication@5f4c9016
reloadAllAccessors: .LevelCrossingDetector

===========================================================================================
----------------- testing Mon Mar 23 13:29:17 UTC 2020 /home/travis/build/icyphy/ptII/ptolemy/domains/continuous/test/auto/LevelCrossingDetectorDetectingDirections.xml
----------------- Instantiating /home/travis/build/icyphy/ptII/ptolemy/domains/continuous/test/auto/LevelCrossingDetectorDetectingDirections.xml
44 ms. Memory: 270336K Free: 140007K (52%)
----------------- Invoking toplevel() on ptolemy.moml.MoMLSimpleApplication@4d7bc046
----------------- Done invoking toplevel() on ptolemy.moml.MoMLSimpleApplication@4d7bc046
reloadAllAccessors: .LevelCrossingDetectorDetectingDirections

===========================================================================================
----------------- testing Mon Mar 23 13:29:17 UTC 2020 /home/travis/build/icyphy/ptII/ptolemy/domains/continuous/test/auto/LevelCrossingDetectorDetectsGlitches.xml
----------------- Instantiating /home/travis/build/icyphy/ptII/ptolemy/domains/continuous/test/auto/LevelCrossingDetectorDetectsGlitches.xml
24 ms. Memory: 270336K Free: 117993K (44%)
----------------- Invoking toplevel() on ptolemy.moml.MoMLSimpleApplication@49130a0
----------------- Done invoking toplevel() on ptolemy.moml.MoMLSimpleApplication@49130a0
reloadAllAccessors: .LevelCrossingDetectorDetectsGlitches

===========================================================================================
----------------- testing Mon Mar 23 13:29:17 UTC 2020 /home/travis/build/icyphy/ptII/ptolemy/domains/continuous/test/auto/LevelCrossingNoInitialOuput.xml
----------------- Instantiating /home/travis/build/icyphy/ptII/ptolemy/domains/continuous/test/auto/LevelCrossingNoInitialOuput.xml
3 ms. Memory: 270336K Free: 113383K (42%)
----------------- Invoking toplevel() on ptolemy.moml.MoMLSimpleApplication@eccf42f
----------------- Done invoking toplevel() on ptolemy.moml.MoMLSimpleApplication@eccf42f
reloadAllAccessors: .LevelCrossingNoInitialOuput

===========================================================================================
----------------- testing Mon Mar 23 13:29:17 UTC 2020 /home/travis/build/icyphy/ptII/ptolemy/domains/continuous/test/auto/LinearStateSpaceExample.xml
----------------- Instantiating /home/travis/build/icyphy/ptII/ptolemy/domains/continuous/test/auto/LinearStateSpaceExample.xml
36 ms. Memory: 270336K Free: 104681K (39%)
----------------- Invoking toplevel() on ptolemy.moml.MoMLSimpleApplication@273ba320
----------------- Done invoking toplevel() on ptolemy.moml.MoMLSimpleApplication@273ba320
reloadAllAccessors: .LinearStateSpace_Example

===========================================================================================
----------------- testing Mon Mar 23 13:29:17 UTC 2020 /home/travis/build/icyphy/ptII/ptolemy/domains/continuous/test/auto/Lorenz.xml
----------------- Instantiating /home/travis/build/icyphy/ptII/ptolemy/domains/continuous/test/auto/Lorenz.xml
3233 ms. Memory: 270336K Free: 143667K (53%)
----------------- Invoking toplevel() on ptolemy.moml.MoMLSimpleApplication@478f25fb
----------------- Done invoking toplevel() on ptolemy.moml.MoMLSimpleApplication@478f25fb
reloadAllAccessors: .Lorenz

===========================================================================================
----------------- testing Mon Mar 23 13:29:20 UTC 2020 /home/travis/build/icyphy/ptII/ptolemy/domains/continuous/test/auto/LorenzDifferentialSystem.xml
----------------- Instantiating /home/travis/build/icyphy/ptII/ptolemy/domains/continuous/test/auto/LorenzDifferentialSystem.xml
773 ms. Memory: 270336K Free: 148274K (55%)
----------------- Invoking toplevel() on ptolemy.moml.MoMLSimpleApplication@21d521df
----------------- Done invoking toplevel() on ptolemy.moml.MoMLSimpleApplication@21d521df
reloadAllAccessors: .LorenzDifferentialSystem

===========================================================================================
----------------- testing Mon Mar 23 13:29:21 UTC 2020 /home/travis/build/icyphy/ptII/ptolemy/domains/continuous/test/auto/LorenzDifferentialSystemWithInput.xml
----------------- Instantiating /home/travis/build/icyphy/ptII/ptolemy/domains/continuous/test/auto/LorenzDifferentialSystemWithInput.xml
1060 ms. Memory: 270336K Free: 112838K (42%)
----------------- Invoking toplevel() on ptolemy.moml.MoMLSimpleApplication@6335de45
----------------- Done invoking toplevel() on ptolemy.moml.MoMLSimpleApplication@6335de45
reloadAllAccessors: .LorenzDifferentialSystemWithInput

===========================================================================================
----------------- testing Mon Mar 23 13:29:22 UTC 2020 /home/travis/build/icyphy/ptII/ptolemy/domains/continuous/test/auto/LorenzDifferentialSystemWithTime.xml
----------------- Instantiating /home/travis/build/icyphy/ptII/ptolemy/domains/continuous/test/auto/LorenzDifferentialSystemWithTime.xml
621 ms. Memory: 324608K Free: 217850K (67%)
----------------- Invoking toplevel() on ptolemy.moml.MoMLSimpleApplication@3901fd26
----------------- Done invoking toplevel() on ptolemy.moml.MoMLSimpleApplication@3901fd26
reloadAllAccessors: .LorenzDifferentialSystemWithTime

===========================================================================================
----------------- testing Mon Mar 23 13:29:23 UTC 2020 /home/travis/build/icyphy/ptII/ptolemy/domains/continuous/test/auto/Microsteps.xml
----------------- Instantiating /home/travis/build/icyphy/ptII/ptolemy/domains/continuous/test/auto/Microsteps.xml
6 ms. Memory: 324608K Free: 211651K (65%)
----------------- Invoking toplevel() on ptolemy.moml.MoMLSimpleApplication@3262075
----------------- Done invoking toplevel() on ptolemy.moml.MoMLSimpleApplication@3262075
reloadAllAccessors: .Microsteps

===========================================================================================
----------------- testing Mon Mar 23 13:29:23 UTC 2020 /home/travis/build/icyphy/ptII/ptolemy/domains/continuous/test/auto/Modal1.xml
----------------- Instantiating /home/travis/build/icyphy/ptII/ptolemy/domains/continuous/test/auto/Modal1.xml
12 ms. Memory: 324608K Free: 197811K (61%)
----------------- Invoking toplevel() on ptolemy.moml.MoMLSimpleApplication@5b9ac370
----------------- Done invoking toplevel() on ptolemy.moml.MoMLSimpleApplication@5b9ac370
reloadAllAccessors: .Modal1

===========================================================================================
----------------- testing Mon Mar 23 13:29:23 UTC 2020 /home/travis/build/icyphy/ptII/ptolemy/domains/continuous/test/auto/Modal2.xml
----------------- Instantiating /home/travis/build/icyphy/ptII/ptolemy/domains/continuous/test/auto/Modal2.xml
22 ms. Memory: 324608K Free: 182451K (56%)
----------------- Invoking toplevel() on ptolemy.moml.MoMLSimpleApplication@63f7173f
----------------- Done invoking toplevel() on ptolemy.moml.MoMLSimpleApplication@63f7173f
reloadAllAccessors: .Modal2

===========================================================================================
----------------- testing Mon Mar 23 13:29:23 UTC 2020 /home/travis/build/icyphy/ptII/ptolemy/domains/continuous/test/auto/ModalTransitionGuardWithReset.xml
----------------- Instantiating /home/travis/build/icyphy/ptII/ptolemy/domains/continuous/test/auto/ModalTransitionGuardWithReset.xml
18 ms. Memory: 324608K Free: 172225K (53%)
----------------- Invoking toplevel() on ptolemy.moml.MoMLSimpleApplication@24244df4
----------------- Done invoking toplevel() on ptolemy.moml.MoMLSimpleApplication@24244df4
reloadAllAccessors: .ModalTransitionGuardWithReset

===========================================================================================
----------------- testing Mon Mar 23 13:29:23 UTC 2020 /home/travis/build/icyphy/ptII/ptolemy/domains/continuous/test/auto/ModalTransitionGuardWithResetUsingPreemptiveTransition.xml
----------------- Instantiating /home/travis/build/icyphy/ptII/ptolemy/domains/continuous/test/auto/ModalTransitionGuardWithResetUsingPreemptiveTransition.xml
9 ms. Memory: 324608K Free: 161985K (50%)
----------------- Invoking toplevel() on ptolemy.moml.MoMLSimpleApplication@766a14bd
----------------- Done invoking toplevel() on ptolemy.moml.MoMLSimpleApplication@766a14bd
reloadAllAccessors: .ModalTransitionGuardWithResetUsingPreemptiveTransition

===========================================================================================
----------------- testing Mon Mar 23 13:29:23 UTC 2020 /home/travis/build/icyphy/ptII/ptolemy/domains/continuous/test/auto/ModalTransitionGuardWithResetUsingPreemptiveTransition2.xml
----------------- Instantiating /home/travis/build/icyphy/ptII/ptolemy/domains/continuous/test/auto/ModalTransitionGuardWithResetUsingPreemptiveTransition2.xml
10 ms. Memory: 324608K Free: 151235K (47%)
----------------- Invoking toplevel() on ptolemy.moml.MoMLSimpleApplication@6dc40cc4
----------------- Done invoking toplevel() on ptolemy.moml.MoMLSimpleApplication@6dc40cc4
reloadAllAccessors: .ModalTransitionGuardWithResetUsingPreemptiveTransition2

===========================================================================================
----------------- testing Mon Mar 23 13:29:23 UTC 2020 /home/travis/build/icyphy/ptII/ptolemy/domains/continuous/test/auto/ModalTransitionGuardWithResetUsingPreemptiveTransition3.xml
----------------- Instantiating /home/travis/build/icyphy/ptII/ptolemy/domains/continuous/test/auto/ModalTransitionGuardWithResetUsingPreemptiveTransition3.xml
12 ms. Memory: 324608K Free: 140995K (43%)
----------------- Invoking toplevel() on ptolemy.moml.MoMLSimpleApplication@64abc44c
----------------- Done invoking toplevel() on ptolemy.moml.MoMLSimpleApplication@64abc44c
reloadAllAccessors: .ModalTransitionGuardWithResetUsingPreemptiveTransition3

===========================================================================================
----------------- testing Mon Mar 23 13:29:23 UTC 2020 /home/travis/build/icyphy/ptII/ptolemy/domains/continuous/test/auto/NewtonsCradle.xml
----------------- Instantiating /home/travis/build/icyphy/ptII/ptolemy/domains/continuous/test/auto/NewtonsCradle.xml
638 ms. Memory: 324608K Free: 264976K (82%)
----------------- Invoking toplevel() on ptolemy.moml.MoMLSimpleApplication@3c775ee9
----------------- Done invoking toplevel() on ptolemy.moml.MoMLSimpleApplication@3c775ee9
reloadAllAccessors: .NewtonsCradle

===========================================================================================
----------------- testing Mon Mar 23 13:29:24 UTC 2020 /home/travis/build/icyphy/ptII/ptolemy/domains/continuous/test/auto/NewtonsCradleAnimated.xml
----------------- Instantiating /home/travis/build/icyphy/ptII/ptolemy/domains/continuous/test/auto/NewtonsCradleAnimated.xml
1168 ms. Memory: 324608K Free: 254779K (78%)
----------------- Invoking toplevel() on ptolemy.moml.MoMLSimpleApplication@28cf19de
----------------- Done invoking toplevel() on ptolemy.moml.MoMLSimpleApplication@28cf19de
reloadAllAccessors: .NewtonsCradleAnimated

===========================================================================================
----------------- testing Mon Mar 23 13:29:25 UTC 2020 /home/travis/build/icyphy/ptII/ptolemy/domains/continuous/test/auto/NewtonsCradleComplicated.xml
----------------- Instantiating /home/travis/build/icyphy/ptII/ptolemy/domains/continuous/test/auto/NewtonsCradleComplicated.xml
819 ms. Memory: 324608K Free: 210692K (65%)
----------------- Invoking toplevel() on ptolemy.moml.MoMLSimpleApplication@6e03a49e
----------------- Done invoking toplevel() on ptolemy.moml.MoMLSimpleApplication@6e03a49e
reloadAllAccessors: .NewtonsCradleComplicated

===========================================================================================
----------------- testing Mon Mar 23 13:29:26 UTC 2020 /home/travis/build/icyphy/ptII/ptolemy/domains/continuous/test/auto/NewtonsCradleNondeterministic.xml
----------------- Instantiating /home/travis/build/icyphy/ptII/ptolemy/domains/continuous/test/auto/NewtonsCradleNondeterministic.xml
564 ms. Memory: 324608K Free: 211008K (65%)
----------------- Invoking toplevel() on ptolemy.moml.MoMLSimpleApplication@50c7dfca
----------------- Done invoking toplevel() on ptolemy.moml.MoMLSimpleApplication@50c7dfca
reloadAllAccessors: .NewtonsCradleNondeterministic

===========================================================================================
----------------- testing Mon Mar 23 13:29:27 UTC 2020 /home/travis/build/icyphy/ptII/ptolemy/domains/continuous/test/auto/NewtonsCradlePerfectlyInelastic1.xml
----------------- Instantiating /home/travis/build/icyphy/ptII/ptolemy/domains/continuous/test/auto/NewtonsCradlePerfectlyInelastic1.xml
1250 ms. Memory: 324608K Free: 115377K (36%)
----------------- Invoking toplevel() on ptolemy.moml.MoMLSimpleApplication@19d03c5e
----------------- Done invoking toplevel() on ptolemy.moml.MoMLSimpleApplication@19d03c5e
reloadAllAccessors: .NewtonsCradlePerfectlyInelastic1

===========================================================================================
----------------- testing Mon Mar 23 13:29:28 UTC 2020 /home/travis/build/icyphy/ptII/ptolemy/domains/continuous/test/auto/Noise.xml
----------------- Instantiating /home/travis/build/icyphy/ptII/ptolemy/domains/continuous/test/auto/Noise.xml
148 ms. Memory: 324608K Free: 241495K (74%)
----------------- Invoking toplevel() on ptolemy.moml.MoMLSimpleApplication@4c00d89c
----------------- Done invoking toplevel() on ptolemy.moml.MoMLSimpleApplication@4c00d89c
reloadAllAccessors: .Noise

===========================================================================================
----------------- testing Mon Mar 23 13:29:29 UTC 2020 /home/travis/build/icyphy/ptII/ptolemy/domains/continuous/test/auto/NoiseSpectrum.xml
----------------- Instantiating /home/travis/build/icyphy/ptII/ptolemy/domains/continuous/test/auto/NoiseSpectrum.xml
616 ms. Memory: 324608K Free: 121177K (37%)
----------------- Invoking toplevel() on ptolemy.moml.MoMLSimpleApplication@3ceacdc8
----------------- Done invoking toplevel() on ptolemy.moml.MoMLSimpleApplication@3ceacdc8
reloadAllAccessors: .NoiseSpectrum

===========================================================================================
----------------- testing Mon Mar 23 13:29:29 UTC 2020 /home/travis/build/icyphy/ptII/ptolemy/domains/continuous/test/auto/ParameterizedNewtonsCradleAnimated.xml
----------------- Instantiating /home/travis/build/icyphy/ptII/ptolemy/domains/continuous/test/auto/ParameterizedNewtonsCradleAnimated.xml
255 ms. Memory: 324608K Free: 208681K (64%)
----------------- Invoking toplevel() on ptolemy.moml.MoMLSimpleApplication@68d7d5b3
----------------- Done invoking toplevel() on ptolemy.moml.MoMLSimpleApplication@68d7d5b3
reloadAllAccessors: .ParameterizedNewtonsCradleAnimated

===========================================================================================
----------------- testing Mon Mar 23 13:29:30 UTC 2020 /home/travis/build/icyphy/ptII/ptolemy/domains/continuous/test/auto/ParameterizedNewtonsCradleAnimatedNondeterministic.xml
----------------- Instantiating /home/travis/build/icyphy/ptII/ptolemy/domains/continuous/test/auto/ParameterizedNewtonsCradleAnimatedNondeterministic.xml
990 ms. Memory: 324608K Free: 287094K (88%)
----------------- Invoking toplevel() on ptolemy.moml.MoMLSimpleApplication@5321ca6e
----------------- Done invoking toplevel() on ptolemy.moml.MoMLSimpleApplication@5321ca6e
reloadAllAccessors: .ParameterizedNewtonsCradleAnimatedNondeterministic

===========================================================================================
----------------- testing Mon Mar 23 13:29:31 UTC 2020 /home/travis/build/icyphy/ptII/ptolemy/domains/continuous/test/auto/Pendulum3D.xml
----------------- Instantiating /home/travis/build/icyphy/ptII/ptolemy/domains/continuous/test/auto/Pendulum3D.xml
114 ms. Memory: 324608K Free: 237432K (73%)
----------------- Invoking toplevel() on ptolemy.moml.MoMLSimpleApplication@298a00f8
----------------- Done invoking toplevel() on ptolemy.moml.MoMLSimpleApplication@298a00f8
reloadAllAccessors: .Pendulum3D

===========================================================================================
----------------- testing Mon Mar 23 13:29:31 UTC 2020 /home/travis/build/icyphy/ptII/ptolemy/domains/continuous/test/auto/PeriodicSampler.xml
----------------- Instantiating /home/travis/build/icyphy/ptII/ptolemy/domains/continuous/test/auto/PeriodicSampler.xml
2 ms. Memory: 324608K Free: 233846K (72%)
----------------- Invoking toplevel() on ptolemy.moml.MoMLSimpleApplication@6b96627e
----------------- Done invoking toplevel() on ptolemy.moml.MoMLSimpleApplication@6b96627e
reloadAllAccessors: .PeriodicSampler

===========================================================================================
----------------- testing Mon Mar 23 13:29:31 UTC 2020 /home/travis/build/icyphy/ptII/ptolemy/domains/continuous/test/auto/PeriodicSampler1.xml
----------------- Instantiating /home/travis/build/icyphy/ptII/ptolemy/domains/continuous/test/auto/PeriodicSampler1.xml
18 ms. Memory: 324608K Free: 216952K (67%)
----------------- Invoking toplevel() on ptolemy.moml.MoMLSimpleApplication@670908f9
----------------- Done invoking toplevel() on ptolemy.moml.MoMLSimpleApplication@670908f9
reloadAllAccessors: .PeriodicSampler1

===========================================================================================
----------------- testing Mon Mar 23 13:29:31 UTC 2020 /home/travis/build/icyphy/ptII/ptolemy/domains/continuous/test/auto/PeriodicSampler2.xml
----------------- Instantiating /home/travis/build/icyphy/ptII/ptolemy/domains/continuous/test/auto/PeriodicSampler2.xml
42 ms. Memory: 324608K Free: 186232K (57%)
----------------- Invoking toplevel() on ptolemy.moml.MoMLSimpleApplication@d926003
----------------- Done invoking toplevel() on ptolemy.moml.MoMLSimpleApplication@d926003
reloadAllAccessors: .PeriodicSampler2

===========================================================================================
----------------- testing Mon Mar 23 13:29:31 UTC 2020 /home/travis/build/icyphy/ptII/ptolemy/domains/continuous/test/auto/Poisson.xml
----------------- Instantiating /home/travis/build/icyphy/ptII/ptolemy/domains/continuous/test/auto/Poisson.xml
413 ms. Memory: 324608K Free: 162634K (50%)
----------------- Invoking toplevel() on ptolemy.moml.MoMLSimpleApplication@66affa7a
----------------- Done invoking toplevel() on ptolemy.moml.MoMLSimpleApplication@66affa7a
reloadAllAccessors: .Poisson

===========================================================================================
----------------- testing Mon Mar 23 13:29:31 UTC 2020 /home/travis/build/icyphy/ptII/ptolemy/domains/continuous/test/auto/PoissonClock.xml
----------------- Instantiating /home/travis/build/icyphy/ptII/ptolemy/domains/continuous/test/auto/PoissonClock.xml
2 ms. Memory: 324608K Free: 158024K (49%)
----------------- Invoking toplevel() on ptolemy.moml.MoMLSimpleApplication@5d235bc4
----------------- Done invoking toplevel() on ptolemy.moml.MoMLSimpleApplication@5d235bc4
reloadAllAccessors: .PoissonClock

===========================================================================================
----------------- testing Mon Mar 23 13:29:31 UTC 2020 /home/travis/build/icyphy/ptII/ptolemy/domains/continuous/test/auto/PoissonClock2.xml
----------------- Instantiating /home/travis/build/icyphy/ptII/ptolemy/domains/continuous/test/auto/PoissonClock2.xml
5 ms. Memory: 324608K Free: 152904K (47%)
----------------- Invoking toplevel() on ptolemy.moml.MoMLSimpleApplication@a0afc99
----------------- Done invoking toplevel() on ptolemy.moml.MoMLSimpleApplication@a0afc99
reloadAllAccessors: .PoissonClock2

===========================================================================================
----------------- testing Mon Mar 23 13:29:31 UTC 2020 /home/travis/build/icyphy/ptII/ptolemy/domains/continuous/test/auto/PortParameterHierarchy.xml
----------------- Instantiating /home/travis/build/icyphy/ptII/ptolemy/domains/continuous/test/auto/PortParameterHierarchy.xml
5 ms. Memory: 324608K Free: 143178K (44%)
----------------- Invoking toplevel() on ptolemy.moml.MoMLSimpleApplication@41cfa1bd
----------------- Done invoking toplevel() on ptolemy.moml.MoMLSimpleApplication@41cfa1bd
reloadAllAccessors: .PortParameterHierarchy

===========================================================================================
----------------- testing Mon Mar 23 13:29:32 UTC 2020 /home/travis/build/icyphy/ptII/ptolemy/domains/continuous/test/auto/RandomHybridPlant.xml
----------------- Instantiating /home/travis/build/icyphy/ptII/ptolemy/domains/continuous/test/auto/RandomHybridPlant.xml
464 ms. Memory: 324608K Free: 247281K (76%)
----------------- Invoking toplevel() on ptolemy.moml.MoMLSimpleApplication@1569d3e
----------------- Done invoking toplevel() on ptolemy.moml.MoMLSimpleApplication@1569d3e
reloadAllAccessors: .RandomHybridPlant

===========================================================================================
----------------- testing Mon Mar 23 13:29:32 UTC 2020 /home/travis/build/icyphy/ptII/ptolemy/domains/continuous/test/auto/ResetTransitionWithStartTime1.xml
----------------- Instantiating /home/travis/build/icyphy/ptII/ptolemy/domains/continuous/test/auto/ResetTransitionWithStartTime1.xml
12 ms. Memory: 324608K Free: 233441K (72%)
----------------- Invoking toplevel() on ptolemy.moml.MoMLSimpleApplication@619f58c
----------------- Done invoking toplevel() on ptolemy.moml.MoMLSimpleApplication@619f58c
reloadAllAccessors: .ResetTransitionWithStartTime1

===========================================================================================
----------------- testing Mon Mar 23 13:29:32 UTC 2020 /home/travis/build/icyphy/ptII/ptolemy/domains/continuous/test/auto/ResetTransitionWithStartTime2.xml
----------------- Instantiating /home/travis/build/icyphy/ptII/ptolemy/domains/continuous/test/auto/ResetTransitionWithStartTime2.xml
20 ms. Memory: 324608K Free: 219633K (68%)
----------------- Invoking toplevel() on ptolemy.moml.MoMLSimpleApplication@143c5d83
----------------- Done invoking toplevel() on ptolemy.moml.MoMLSimpleApplication@143c5d83
reloadAllAccessors: .ResetTransitionWithStartTime2

===========================================================================================
----------------- testing Mon Mar 23 13:29:32 UTC 2020 /home/travis/build/icyphy/ptII/ptolemy/domains/continuous/test/auto/ResetTransitionWithStartTime3.xml
----------------- Instantiating /home/travis/build/icyphy/ptII/ptolemy/domains/continuous/test/auto/ResetTransitionWithStartTime3.xml
27 ms. Memory: 324608K Free: 205793K (63%)
----------------- Invoking toplevel() on ptolemy.moml.MoMLSimpleApplication@503d69aa
----------------- Done invoking toplevel() on ptolemy.moml.MoMLSimpleApplication@503d69aa
reloadAllAccessors: .ResetTransitionWithStartTime3

===========================================================================================
----------------- testing Mon Mar 23 13:29:32 UTC 2020 /home/travis/build/icyphy/ptII/ptolemy/domains/continuous/test/auto/ResetTransitionWithStartTime4.xml
----------------- Instantiating /home/travis/build/icyphy/ptII/ptolemy/domains/continuous/test/auto/ResetTransitionWithStartTime4.xml
10 ms. Memory: 324608K Free: 196081K (60%)
----------------- Invoking toplevel() on ptolemy.moml.MoMLSimpleApplication@4eb57a65
----------------- Done invoking toplevel() on ptolemy.moml.MoMLSimpleApplication@4eb57a65
reloadAllAccessors: .ResetTransitionWithStartTime4

===========================================================================================
----------------- testing Mon Mar 23 13:29:32 UTC 2020 /home/travis/build/icyphy/ptII/ptolemy/domains/continuous/test/auto/ResetTransitionWithStartTime5.xml
----------------- Instantiating /home/travis/build/icyphy/ptII/ptolemy/domains/continuous/test/auto/ResetTransitionWithStartTime5.xml
19 ms. Memory: 324608K Free: 182255K (56%)
----------------- Invoking toplevel() on ptolemy.moml.MoMLSimpleApplication@7c72d793
----------------- Done invoking toplevel() on ptolemy.moml.MoMLSimpleApplication@7c72d793
reloadAllAccessors: .ResetTransitionWithStartTime5

===========================================================================================
----------------- testing Mon Mar 23 13:29:32 UTC 2020 /home/travis/build/icyphy/ptII/ptolemy/domains/continuous/test/auto/ResetTransitionWithStartTime6.xml
----------------- Instantiating /home/travis/build/icyphy/ptII/ptolemy/domains/continuous/test/auto/ResetTransitionWithStartTime6.xml
11 ms. Memory: 324608K Free: 171505K (53%)
----------------- Invoking toplevel() on ptolemy.moml.MoMLSimpleApplication@15d8e878
----------------- Done invoking toplevel() on ptolemy.moml.MoMLSimpleApplication@15d8e878
reloadAllAccessors: .ResetTransitionWithStartTime6

===========================================================================================
----------------- testing Mon Mar 23 13:29:32 UTC 2020 /home/travis/build/icyphy/ptII/ptolemy/domains/continuous/test/auto/SRinContinuous.xml
----------------- Instantiating /home/travis/build/icyphy/ptII/ptolemy/domains/continuous/test/auto/SRinContinuous.xml
4 ms. Memory: 324608K Free: 163313K (50%)
----------------- Invoking toplevel() on ptolemy.moml.MoMLSimpleApplication@267a5255
----------------- Done invoking toplevel() on ptolemy.moml.MoMLSimpleApplication@267a5255
reloadAllAccessors: .SRinContinuous

===========================================================================================
----------------- testing Mon Mar 23 13:29:32 UTC 2020 /home/travis/build/icyphy/ptII/ptolemy/domains/continuous/test/auto/SampledClocks.xml
----------------- Instantiating /home/travis/build/icyphy/ptII/ptolemy/domains/continuous/test/auto/SampledClocks.xml
6 ms. Memory: 324608K Free: 150511K (46%)
----------------- Invoking toplevel() on ptolemy.moml.MoMLSimpleApplication@5fad8ea2
----------------- Done invoking toplevel() on ptolemy.moml.MoMLSimpleApplication@5fad8ea2
reloadAllAccessors: .SampledClocks

===========================================================================================
----------------- testing Mon Mar 23 13:29:32 UTC 2020 /home/travis/build/icyphy/ptII/ptolemy/domains/continuous/test/auto/Satellite.xml
----------------- Instantiating /home/travis/build/icyphy/ptII/ptolemy/domains/continuous/test/auto/Satellite.xml
756 ms. Memory: 324608K Free: 148497K (46%)
----------------- Invoking toplevel() on ptolemy.moml.MoMLSimpleApplication@401138d9
----------------- Done invoking toplevel() on ptolemy.moml.MoMLSimpleApplication@401138d9
reloadAllAccessors: .Satellite

===========================================================================================
----------------- testing Mon Mar 23 13:29:33 UTC 2020 /home/travis/build/icyphy/ptII/ptolemy/domains/continuous/test/auto/SigmaDelta.xml
----------------- Instantiating /home/travis/build/icyphy/ptII/ptolemy/domains/continuous/test/auto/SigmaDelta.xml
1844 ms. Memory: 324608K Free: 268723K (83%)
----------------- Invoking toplevel() on ptolemy.moml.MoMLSimpleApplication@5fb5aa49
----------------- Done invoking toplevel() on ptolemy.moml.MoMLSimpleApplication@5fb5aa49
reloadAllAccessors: .SigmaDelta

===========================================================================================
----------------- testing Mon Mar 23 13:29:35 UTC 2020 /home/travis/build/icyphy/ptII/ptolemy/domains/continuous/test/auto/SingleRefinement.xml
----------------- Instantiating /home/travis/build/icyphy/ptII/ptolemy/domains/continuous/test/auto/SingleRefinement.xml
307 ms. Memory: 324608K Free: 280791K (87%)
----------------- Invoking toplevel() on ptolemy.moml.MoMLSimpleApplication@53355377
----------------- Done invoking toplevel() on ptolemy.moml.MoMLSimpleApplication@53355377
reloadAllAccessors: .SingleRefinement

===========================================================================================
----------------- testing Mon Mar 23 13:29:36 UTC 2020 /home/travis/build/icyphy/ptII/ptolemy/domains/continuous/test/auto/SinuBouncingBall.xml
----------------- Instantiating /home/travis/build/icyphy/ptII/ptolemy/domains/continuous/test/auto/SinuBouncingBall.xml
760 ms. Memory: 324608K Free: 259076K (80%)
----------------- Invoking toplevel() on ptolemy.moml.MoMLSimpleApplication@332c149b
----------------- Done invoking toplevel() on ptolemy.moml.MoMLSimpleApplication@332c149b
reloadAllAccessors: .SinuBouncingBall

===========================================================================================
----------------- testing Mon Mar 23 13:29:36 UTC 2020 /home/travis/build/icyphy/ptII/ptolemy/domains/continuous/test/auto/Sinusoid.xml
----------------- Instantiating /home/travis/build/icyphy/ptII/ptolemy/domains/continuous/test/auto/Sinusoid.xml
3 ms. Memory: 324608K Free: 254470K (78%)
----------------- Invoking toplevel() on ptolemy.moml.MoMLSimpleApplication@3d44966c
----------------- Done invoking toplevel() on ptolemy.moml.MoMLSimpleApplication@3d44966c
reloadAllAccessors: .Sinusoid

===========================================================================================
----------------- testing Mon Mar 23 13:29:36 UTC 2020 /home/travis/build/icyphy/ptII/ptolemy/domains/continuous/test/auto/SinusoidInNoise.xml
----------------- Instantiating /home/travis/build/icyphy/ptII/ptolemy/domains/continuous/test/auto/SinusoidInNoise.xml
786 ms. Memory: 324608K Free: 120836K (37%)
----------------- Invoking toplevel() on ptolemy.moml.MoMLSimpleApplication@5135a15e
----------------- Done invoking toplevel() on ptolemy.moml.MoMLSimpleApplication@5135a15e
reloadAllAccessors: .SinusoidInNoise

===========================================================================================
----------------- testing Mon Mar 23 13:29:37 UTC 2020 /home/travis/build/icyphy/ptII/ptolemy/domains/continuous/test/auto/SinusoidRK45.xml
----------------- Instantiating /home/travis/build/icyphy/ptII/ptolemy/domains/continuous/test/auto/SinusoidRK45.xml
2 ms. Memory: 324608K Free: 116710K (36%)
----------------- Invoking toplevel() on ptolemy.moml.MoMLSimpleApplication@7e3dfe70
----------------- Done invoking toplevel() on ptolemy.moml.MoMLSimpleApplication@7e3dfe70
reloadAllAccessors: .SinusoidRK45

===========================================================================================
----------------- testing Mon Mar 23 13:29:37 UTC 2020 /home/travis/build/icyphy/ptII/ptolemy/domains/continuous/test/auto/SinusoidWithMultipleImpulses.xml
----------------- Instantiating /home/travis/build/icyphy/ptII/ptolemy/domains/continuous/test/auto/SinusoidWithMultipleImpulses.xml
3 ms. Memory: 324608K Free: 305689K (94%)
----------------- Invoking toplevel() on ptolemy.moml.MoMLSimpleApplication@e8e77d0
----------------- Done invoking toplevel() on ptolemy.moml.MoMLSimpleApplication@e8e77d0
reloadAllAccessors: .SinusoidWithMultipleImpulses

===========================================================================================
----------------- testing Mon Mar 23 13:29:37 UTC 2020 /home/travis/build/icyphy/ptII/ptolemy/domains/continuous/test/auto/SquareWave.xml
----------------- Instantiating /home/travis/build/icyphy/ptII/ptolemy/domains/continuous/test/auto/SquareWave.xml
149 ms. Memory: 324608K Free: 278041K (86%)
----------------- Invoking toplevel() on ptolemy.moml.MoMLSimpleApplication@737ad5f7
----------------- Done invoking toplevel() on ptolemy.moml.MoMLSimpleApplication@737ad5f7
reloadAllAccessors: .SquareWave

===========================================================================================
----------------- testing Mon Mar 23 13:29:37 UTC 2020 /home/travis/build/icyphy/ptII/ptolemy/domains/continuous/test/auto/Starmac.xml
----------------- Instantiating /home/travis/build/icyphy/ptII/ptolemy/domains/continuous/test/auto/Starmac.xml
3068 ms. Memory: 324608K Free: 154504K (48%)
----------------- Invoking toplevel() on ptolemy.moml.MoMLSimpleApplication@4da44f7
----------------- Done invoking toplevel() on ptolemy.moml.MoMLSimpleApplication@4da44f7
reloadAllAccessors: .Starmac

===========================================================================================
----------------- testing Mon Mar 23 13:29:41 UTC 2020 /home/travis/build/icyphy/ptII/ptolemy/domains/continuous/test/auto/StaticUnits.xml
----------------- Instantiating /home/travis/build/icyphy/ptII/ptolemy/domains/continuous/test/auto/StaticUnits.xml
1703 ms. Memory: 324608K Free: 259712K (80%)
----------------- Invoking toplevel() on ptolemy.moml.MoMLSimpleApplication@47f6093b
----------------- Done invoking toplevel() on ptolemy.moml.MoMLSimpleApplication@47f6093b
reloadAllAccessors: .StaticUnits

===========================================================================================
----------------- testing Mon Mar 23 13:29:43 UTC 2020 /home/travis/build/icyphy/ptII/ptolemy/domains/continuous/test/auto/StickyMasses.xml
----------------- Instantiating /home/travis/build/icyphy/ptII/ptolemy/domains/continuous/test/auto/StickyMasses.xml
136 ms. Memory: 324608K Free: 210032K (65%)
----------------- Invoking toplevel() on ptolemy.moml.MoMLSimpleApplication@b699a8d
----------------- Done invoking toplevel() on ptolemy.moml.MoMLSimpleApplication@b699a8d
reloadAllAccessors: .StickyMasses

===========================================================================================
----------------- testing Mon Mar 23 13:29:43 UTC 2020 /home/travis/build/icyphy/ptII/ptolemy/domains/continuous/test/auto/StopTime.xml
----------------- Instantiating /home/travis/build/icyphy/ptII/ptolemy/domains/continuous/test/auto/StopTime.xml
38 ms. Memory: 324608K Free: 184432K (57%)
----------------- Invoking toplevel() on ptolemy.moml.MoMLSimpleApplication@1c9c1601
----------------- Done invoking toplevel() on ptolemy.moml.MoMLSimpleApplication@1c9c1601
reloadAllAccessors: .StopTime

===========================================================================================
----------------- testing Mon Mar 23 13:29:44 UTC 2020 /home/travis/build/icyphy/ptII/ptolemy/domains/continuous/test/auto/StopTime2.xml
----------------- Instantiating /home/travis/build/icyphy/ptII/ptolemy/domains/continuous/test/auto/StopTime2.xml
33 ms. Memory: 324608K Free: 162432K (50%)
----------------- Invoking toplevel() on ptolemy.moml.MoMLSimpleApplication@70cbfc5a
----------------- Done invoking toplevel() on ptolemy.moml.MoMLSimpleApplication@70cbfc5a
reloadAllAccessors: .StopTime2

===========================================================================================
----------------- testing Mon Mar 23 13:29:44 UTC 2020 /home/travis/build/icyphy/ptII/ptolemy/domains/continuous/test/auto/Switch.xml
----------------- Instantiating /home/travis/build/icyphy/ptII/ptolemy/domains/continuous/test/auto/Switch.xml
36 ms. Memory: 324608K Free: 137328K (42%)
----------------- Invoking toplevel() on ptolemy.moml.MoMLSimpleApplication@3807014b
----------------- Done invoking toplevel() on ptolemy.moml.MoMLSimpleApplication@3807014b
reloadAllAccessors: .Switch

===========================================================================================
----------------- testing Mon Mar 23 13:29:44 UTC 2020 /home/travis/build/icyphy/ptII/ptolemy/domains/continuous/test/auto/Thermostat.xml
----------------- Instantiating /home/travis/build/icyphy/ptII/ptolemy/domains/continuous/test/auto/Thermostat.xml
183 ms. Memory: 324608K Free: 254634K (78%)
----------------- Invoking toplevel() on ptolemy.moml.MoMLSimpleApplication@59edae54
----------------- Done invoking toplevel() on ptolemy.moml.MoMLSimpleApplication@59edae54
reloadAllAccessors: .Thermostat

===========================================================================================
----------------- testing Mon Mar 23 13:29:44 UTC 2020 /home/travis/build/icyphy/ptII/ptolemy/domains/continuous/test/auto/TimeDelay.xml
----------------- Instantiating /home/travis/build/icyphy/ptII/ptolemy/domains/continuous/test/auto/TimeDelay.xml
8 ms. Memory: 324608K Free: 249814K (77%)
----------------- Invoking toplevel() on ptolemy.moml.MoMLSimpleApplication@3be55d0b
----------------- Done invoking toplevel() on ptolemy.moml.MoMLSimpleApplication@3be55d0b
reloadAllAccessors: .TimeDelay

===========================================================================================
----------------- testing Mon Mar 23 13:29:44 UTC 2020 /home/travis/build/icyphy/ptII/ptolemy/domains/continuous/test/auto/TimeDelay2.xml
----------------- Instantiating /home/travis/build/icyphy/ptII/ptolemy/domains/continuous/test/auto/TimeDelay2.xml
10 ms. Memory: 324608K Free: 239580K (74%)
----------------- Invoking toplevel() on ptolemy.moml.MoMLSimpleApplication@218b8f04
----------------- Done invoking toplevel() on ptolemy.moml.MoMLSimpleApplication@218b8f04
reloadAllAccessors: .TimeDelay2

===========================================================================================
----------------- testing Mon Mar 23 13:29:44 UTC 2020 /home/travis/build/icyphy/ptII/ptolemy/domains/continuous/test/auto/TimeDelay3.xml
----------------- Instantiating /home/travis/build/icyphy/ptII/ptolemy/domains/continuous/test/auto/TimeDelay3.xml
4 ms. Memory: 324608K Free: 234972K (72%)
----------------- Invoking toplevel() on ptolemy.moml.MoMLSimpleApplication@69b189ff
----------------- Done invoking toplevel() on ptolemy.moml.MoMLSimpleApplication@69b189ff
reloadAllAccessors: .TimeDelay3

===========================================================================================
----------------- testing Mon Mar 23 13:29:44 UTC 2020 /home/travis/build/icyphy/ptII/ptolemy/domains/continuous/test/auto/TransferAbsentToInside.xml
----------------- Instantiating /home/travis/build/icyphy/ptII/ptolemy/domains/continuous/test/auto/TransferAbsentToInside.xml
28 ms. Memory: 324608K Free: 182222K (56%)
----------------- Invoking toplevel() on ptolemy.moml.MoMLSimpleApplication@7efe3614
----------------- Done invoking toplevel() on ptolemy.moml.MoMLSimpleApplication@7efe3614
reloadAllAccessors: .TransferAbsentToInside

===========================================================================================
----------------- testing Mon Mar 23 13:29:44 UTC 2020 /home/travis/build/icyphy/ptII/ptolemy/domains/continuous/test/auto/Transmission.xml
----------------- Instantiating /home/travis/build/icyphy/ptII/ptolemy/domains/continuous/test/auto/Transmission.xml
719 ms. Memory: 324608K Free: 139888K (43%)
----------------- Invoking toplevel() on ptolemy.moml.MoMLSimpleApplication@aba6ca2
----------------- Done invoking toplevel() on ptolemy.moml.MoMLSimpleApplication@aba6ca2
reloadAllAccessors: .Transmission

===========================================================================================
----------------- testing Mon Mar 23 13:29:45 UTC 2020 /home/travis/build/icyphy/ptII/ptolemy/domains/continuous/test/auto/TriggeredContinuousClock.xml
----------------- Instantiating /home/travis/build/icyphy/ptII/ptolemy/domains/continuous/test/auto/TriggeredContinuousClock.xml
48 ms. Memory: 324608K Free: 298711K (92%)
----------------- Invoking toplevel() on ptolemy.moml.MoMLSimpleApplication@1314637f
----------------- Done invoking toplevel() on ptolemy.moml.MoMLSimpleApplication@1314637f
reloadAllAccessors: .TriggeredContinuousClock

===========================================================================================
----------------- testing Mon Mar 23 13:29:45 UTC 2020 /home/travis/build/icyphy/ptII/ptolemy/domains/continuous/test/auto/TwoMachineInfiniteBusControl.xml
----------------- Instantiating /home/travis/build/icyphy/ptII/ptolemy/domains/continuous/test/auto/TwoMachineInfiniteBusControl.xml
2468 ms. Memory: 324608K Free: 292402K (90%)
----------------- Invoking toplevel() on ptolemy.moml.MoMLSimpleApplication@5fc1c8ff
----------------- Done invoking toplevel() on ptolemy.moml.MoMLSimpleApplication@5fc1c8ff
reloadAllAccessors: .TwoMachineInfiniteBusControl

===========================================================================================
----------------- testing Mon Mar 23 13:29:47 UTC 2020 /home/travis/build/icyphy/ptII/ptolemy/domains/continuous/test/auto/V2V.xml
----------------- Instantiating /home/travis/build/icyphy/ptII/ptolemy/domains/continuous/test/auto/V2V.xml
682 ms. Memory: 390144K Free: 359476K (92%)
----------------- Invoking toplevel() on ptolemy.moml.MoMLSimpleApplication@5ddafd51
----------------- Done invoking toplevel() on ptolemy.moml.MoMLSimpleApplication@5ddafd51
reloadAllAccessors: .V2V

===========================================================================================
----------------- testing Mon Mar 23 13:29:48 UTC 2020 /home/travis/build/icyphy/ptII/ptolemy/domains/continuous/test/auto/hierarchicalModalModel.xml
----------------- Instantiating /home/travis/build/icyphy/ptII/ptolemy/domains/continuous/test/auto/hierarchicalModalModel.xml
14 ms. Memory: 390144K Free: 344611K (88%)
----------------- Invoking toplevel() on ptolemy.moml.MoMLSimpleApplication@2a887f14
----------------- Done invoking toplevel() on ptolemy.moml.MoMLSimpleApplication@2a887f14
reloadAllAccessors: .hierarchicalModalModel

===========================================================================================
----------------- testing Mon Mar 23 13:29:48 UTC 2020 /home/travis/build/icyphy/ptII/ptolemy/domains/continuous/test/auto/hierarchicalModalModel1.xml
----------------- Instantiating /home/travis/build/icyphy/ptII/ptolemy/domains/continuous/test/auto/hierarchicalModalModel1.xml
10 ms. Memory: 390144K Free: 330290K (85%)
----------------- Invoking toplevel() on ptolemy.moml.MoMLSimpleApplication@673e8619
----------------- Done invoking toplevel() on ptolemy.moml.MoMLSimpleApplication@673e8619
reloadAllAccessors: .hierarchicalModalModel1

===========================================================================================
----------------- testing Mon Mar 23 13:29:48 UTC 2020 /home/travis/build/icyphy/ptII/ptolemy/domains/continuous/test/auto/hierarchicalModalModel2.xml
----------------- Instantiating /home/travis/build/icyphy/ptII/ptolemy/domains/continuous/test/auto/hierarchicalModalModel2.xml
7 ms. Memory: 390144K Free: 317987K (82%)
----------------- Invoking toplevel() on ptolemy.moml.MoMLSimpleApplication@3f1163a
----------------- Done invoking toplevel() on ptolemy.moml.MoMLSimpleApplication@3f1163a
reloadAllAccessors: .hierarchicalModalModel2

===========================================================================================
----------------- testing Mon Mar 23 13:29:48 UTC 2020 /home/travis/build/icyphy/ptII/ptolemy/domains/continuous/test/auto/hierarchicalModalModel3.xml
----------------- Instantiating /home/travis/build/icyphy/ptII/ptolemy/domains/continuous/test/auto/hierarchicalModalModel3.xml
6 ms. Memory: 390144K Free: 307252K (79%)
----------------- Invoking toplevel() on ptolemy.moml.MoMLSimpleApplication@47d873b8
----------------- Done invoking toplevel() on ptolemy.moml.MoMLSimpleApplication@47d873b8
reloadAllAccessors: .hierarchicalModalModel3

===========================================================================================
----------------- testing Mon Mar 23 13:29:48 UTC 2020 /home/travis/build/icyphy/ptII/ptolemy/domains/continuous/test/auto/hierarchicalModalModel4.xml
----------------- Instantiating /home/travis/build/icyphy/ptII/ptolemy/domains/continuous/test/auto/hierarchicalModalModel4.xml
4 ms. Memory: 390144K Free: 295474K (76%)
----------------- Invoking toplevel() on ptolemy.moml.MoMLSimpleApplication@62cef577
----------------- Done invoking toplevel() on ptolemy.moml.MoMLSimpleApplication@62cef577
reloadAllAccessors: .hierarchicalModalModel4

===========================================================================================
----------------- testing Mon Mar 23 13:29:48 UTC 2020 /home/travis/build/icyphy/ptII/ptolemy/domains/continuous/test/auto/junk.xml
----------------- Instantiating /home/travis/build/icyphy/ptII/ptolemy/domains/continuous/test/auto/junk.xml
115 ms. Memory: 390144K Free: 270898K (69%)
----------------- Invoking toplevel() on ptolemy.moml.MoMLSimpleApplication@3f291f1f
----------------- Done invoking toplevel() on ptolemy.moml.MoMLSimpleApplication@3f291f1f
reloadAllAccessors: .junk
AutoTests.java: About to close Vertx.
AutoTests.java: Vertx closed.
]]></system-out>
  <system-err><![CDATA[Warning: '.HysteresisWithRandomDelay.NonStrictTest' The test produced only 221 tokens, yet the correctValues parameter was expecting 222 tokens.
Warning: '.HysteresisWithRandomDelay.NonStrictTest2' The test produced only 220 tokens, yet the correctValues parameter was expecting 221 tokens.
Warning: '.IncreasingRatePoisson.NonStrictTest' The test produced only 399 tokens, yet the correctValues parameter was expecting 402 tokens.
Warning: '.Poisson.NonStrictTest' The test produced only 392 tokens, yet the correctValues parameter was expecting 430 tokens.
]]></system-err>
</testsuite>
