<?xml version="1.0" encoding="UTF-8" ?>
<testsuite errors="0" failures="0" hostname="travis-job-4ffda069-68d9-4a81-92cf-23c52d456152" name="ptolemy.domains.continuous.test.junit.JUnitTclTest" skipped="0" tests="156" time="67.759" timestamp="2020-02-02T06:59:54">
  <properties>
    <property name="npm.executable" value="npm" />
    <property name="env.TRAVIS_ROOT" value="/" />
    <property name="ptII.mk.exists" value="true" />
    <property name="env.TRAVIS_APP_HOST" value="build.travis-ci.org" />
    <property name="env.rvm_bin_path" value="/home/travis/.rvm/bin" />
    <property name="java.home" value="/usr/local/lib/jvm/openjdk11" />
    <property name="env.TRAVIS_JOB_NUMBER" value="1491.9" />
    <property name="env.TRAVIS_HOME" value="/home/travis" />
    <property name="env.DISPLAY" value=":99.0" />
    <property name="env.TRAVIS_INIT" value="systemd" />
    <property name="env.SSH_TTY" value="/dev/pts/0" />
    <property name="java.net.preferIPv4Stack" value="true" />
    <property name="env.RUN_TESTS" value="true" />
    <property name="timeout.short" value="1000000" />
    <property name="junit.formatter" value="xml" />
    <property name="env.TRAVIS_SUDO" value="true" />
    <property name="env.TRAVIS_JOB_NAME" value="" />
    <property name="env.TRAVIS_STACK_NODE_ATTRIBUTES" value="/.node-attributes.yml" />
    <property name="env.LOGNAME" value="travis" />
    <property name="jsdoc.home" value="node_modules/@terraswarm/jsdoc" />
    <property name="debuglevel" value="source,lines,vars" />
    <property name="checkstyle.formatter" value="xml" />
    <property name="env._system_version" value="16.04" />
    <property name="bin.vergil.makeable" value="true" />
    <property name="sun.os.patch.level" value="unknown" />
    <property name="java.vendor.url" value="http://java.oracle.com/" />
    <property name="env.TRAVIS_BUILD_WEB_URL" value="https://travis-ci.org/icyphy/ptII/builds/644982970" />
    <property name="java.version" value="11.0.2" />
    <property name="env.TZ" value="UTC" />
    <property name="env.TRAVIS_PULL_REQUEST_SHA" value="" />
    <property name="env.PT_NO_NET" value="true" />
    <property name="env.TRAVIS_SECURE_ENV_VARS" value="true" />
    <property name="env._system_type" value="Linux" />
    <property name="java.vendor.url.bug" value="http://bugreport.java.com/bugreport/" />
    <property name="npmjs-org-is-up" value="true" />
    <property name="env.LANGUAGE" value="en_US.UTF-8" />
    <property name="env.SSH_CLIENT" value="10.52.4.10 34078 22" />
    <property name="env.GEM_HOME" value="/home/travis/.rvm/gems/ruby-2.5.3" />
    <property name="env.HAS_ANTARES_THREE_LITTLE_FRONZIES_BADGE" value="true" />
    <property name="java.version.date" value="2019-01-15" />
    <property name="env.PS4" value="+" />
    <property name="ant.project.invoked-targets" value="build,test.core2.xml" />
    <property name="env.TRAVIS_PULL_REQUEST_BRANCH" value="" />
    <property name="env.TRAVIS_REPO_SLUG" value="icyphy/ptII" />
    <property name="env.XDG_DATA_DIRS" value="/usr/local/share:/usr/share:/var/lib/snapd/desktop" />
    <property name="jdk.debug" value="release" />
    <property name="env.TRAVIS_APT_PROXY" value="http://build-cache.travisci.net" />
    <property name="env.TRAVIS_CPU_ARCH" value="amd64" />
    <property name="node.in.path" value="true" />
    <property name="user.name" value="travis" />
    <property name="java.maxmemory" value="1400m" />
    <property name="env.RUBY_VERSION" value="ruby-2.5.3" />
    <property name="env.LANG" value="en_US.UTF-8" />
    <property name="sun.io.unicode.encoding" value="UnicodeLittle" />
    <property name="sun.jnu.encoding" value="UTF-8" />
    <property name="java.runtime.name" value="OpenJDK Runtime Environment" />
    <property name="usefile" value="false" />
    <property name="return.code" value="0" />
    <property name="junit.single.formatter" value="plain" />
    <property name="env.DYLD_LIBRARY_PATH" value="/home/travis/pthla/certi-tools/lib:" />
    <property name="env.DEBIAN_FRONTEND" value="noninteractive" />
    <property name="env.SSH_CONNECTION" value="10.52.4.10 34078 10.20.0.119 22" />
    <property name="env.MYSQL_UNIX_PORT" value="/var/run/mysqld/mysqld.sock" />
    <property name="env.LC_ALL" value="en_US.UTF-8" />
    <property name="env.TRAVIS_ALLOW_FAILURE" value="false" />
    <property name="env.TRAVIS_JOB_WEB_URL" value="https://travis-ci.org/icyphy/ptII/jobs/644982979" />
    <property name="java.specification.name" value="Java Platform API Specification" />
    <property name="node.works" value="true" />
    <property name="user.timezone" value="" />
    <property name="path.separator" value=":" />
    <property name="env.TRAVIS_ENABLE_INFRA_DETECTION" value="true" />
    <property name="env.PYTHON_CFLAGS" value="-g -fstack-protector --param=ssp-buffer-size=4 -Wformat -Werror=format-security" />
    <property name="timeout.long" value="4000000" />
    <property name="env.CERTI_HOME" value="/home/travis/pthla/certi-tools" />
    <property name="ant.file.ptII" value="/home/travis/build/icyphy/ptII/build.xml" />
    <property name="javadoc.packagenames" value="com.*,diva.*,lbnl.*,org.hlacerti.*,org.json.*,org.ptolemy.*,org.terraswarm.*,ptolemy.*,ptserver.*" />
    <property name="file.encoding" value="UTF-8" />
    <property name="env.TRAVIS_PULL_REQUEST_SLUG" value="" />
    <property name="ant.project.default-target" value="build" />
    <property name="env.GIT_ASKPASS" value="echo" />
    <property name="env.HOME" value="/home/travis" />
    <property name="sun.java.command" value="org.apache.tools.ant.taskdefs.optional.junit.JUnitTestRunner ptolemy.domains.continuous.test.junit.JUnitTclTest skipNonTests=false filtertrace=true haltOnError=false haltOnFailure=false formatter=org.apache.tools.ant.taskdefs.optional.junit.OutErrSummaryJUnitResultFormatter showoutput=true outputtoformatters=true logfailedtests=true threadid=0 logtestlistenerevents=false formatter=org.apache.tools.ant.taskdefs.optional.junit.XMLJUnitResultFormatter,/home/travis/build/icyphy/ptII/reports/junit/TEST-ptolemy.domains.continuous.test.junit.JUnitTclTest.xml crashfile=/home/travis/build/icyphy/ptII/junitvmwatcher14182914261541961970.properties propsfile=/home/travis/build/icyphy/ptII/junit56239308803928972.properties" />
    <property name="env.COMPOSER_NO_INTERACTION" value="1" />
    <property name="env.MANPATH" value="/home/travis/.nvm/versions/node/v7.10.1/share/man:/home/travis/.rvm/rubies/ruby-2.5.3/share/man:/usr/local/cmake-3.12.4/man:/usr/local/clang-7.0.0/share/man:/usr/local/man:/usr/local/share/man:/usr/share/man:/home/travis/.rvm/man" />
    <property name="env.TRAVIS_TIMER_ID" value="17b6c47c" />
    <property name="ant.file" value="/home/travis/build/icyphy/ptII/build.xml" />
    <property name="env.TRAVIS_COMMIT_RANGE" value="cc5a3a0262365f950a1bd5e90b0d962bcc213c52...b06f35d163e9d2fd60960e07537511f3f2abf6c1" />
    <property name="env._system_name" value="Ubuntu" />
    <property name="ptII.classpath.optional.property" value="/home/travis/build/icyphy/ptII/lib/bsh-2.0b4.jar:/home/travis/build/icyphy/ptII/lib/ptCal.jar:/home/travis/build/icyphy/ptII/lib/java_cup.jar:/home/travis/build/icyphy/ptII/lib/saxon8.jar:/home/travis/build/icyphy/ptII/lib/saxon8-dom.jar:/home/travis/build/icyphy/ptII/lib/chic.jar:/home/travis/build/icyphy/ptII/lib/ptcolt.jar:/home/travis/build/icyphy/ptII/vendors/misc/itext/iText.jar:/home/travis/build/icyphy/ptII/lib/g4ltl.jar:/home/travis/build/icyphy/ptII/lib/StructuralCoder.jar:/home/travis/build/icyphy/ptII/lib/jcerti.jar:/home/travis/build/icyphy/ptII/lib/javax.mail.jar:/home/travis/build/icyphy/ptII/vendors/JMF-2.1.1e/lib/jmf.jar:/home/travis/build/icyphy/ptII/lib/jna-4.0.0-variadic.jar:/home/travis/build/icyphy/ptII/vendors/misc/joystick/Joystick.jar:/home/travis/build/icyphy/ptII/lib/ptjacl.jar:/home/travis/build/icyphy/ptII/lib/jsoup-1.8.2.jar:/home/travis/build/icyphy/ptII/lib/junit-4.8.2.jar:/home/travis/build/icyphy/ptII/lib/JUnitParams-0.4.0.jar:/home/travis/build/icyphy/ptII/ptolemy/actor/lib/excel/jxl.jar:/home/travis/build/icyphy/ptII/lib/jython.jar:/home/travis/build/icyphy/ptII/lib/kieler.jar:/home/travis/build/icyphy/ptII/vendors/opencv/share/OpenCV/java/opencv-341.jar:/home/travis/build/icyphy/ptII/lib/oscP5.jar:/home/travis/build/icyphy/ptII/lib/nrjavaserial-3.11.0.devel.jar:/home/travis/build/icyphy/ptII/vendors/j3d/lib/Linux/j3dcore.jar:/home/travis/build/icyphy/ptII/vendors/j3d/lib/Linux/j3dutils.jar:/home/travis/build/icyphy/ptII/vendors/j3d/lib/Linux/vecmath.jar:/home/travis/build/icyphy/ptII/vendors/jogl/lib/Linux/gluegen-rt-natives-linux-amd64.jar:/home/travis/build/icyphy/ptII/vendors/jogl/lib/Linux/gluegen-rt.jar:/home/travis/build/icyphy/ptII/vendors/jogl/lib/Linux/jogl-all-natives-linux-amd64.jar:/home/travis/build/icyphy/ptII/vendors/jogl/lib/Linux/jogl-all.jar:/home/travis/build/icyphy/ptII/ptolemy/distributed/jini/jar/jini-core.jar:/home/travis/build/icyphy/ptII/ptolemy/distributed/jini/jar/jini-ext.jar:/home/travis/build/icyphy/ptII/ptolemy/distributed/jini/jar/sun-util.jar:/home/travis/build/icyphy/ptII/lib/protobuf-java-2.4.1.jar:/home/travis/build/icyphy/ptII/lib/org.eclipse.paho.client.mqttv3.jar:/home/travis/build/icyphy/ptII/lib/mapss.jar:/home/travis/build/icyphy/ptII/ptolemy/actor/ptalon/antlr/antlr.jar:/home/travis/build/icyphy/ptII/lib/JRI.jar:/home/travis/build/icyphy/ptII/lib/commons-lang-2.6.jar:/home/travis/build/icyphy/ptII/lib/commons-logging-1.1.1.jar:/home/travis/build/icyphy/ptII/lib/sootclasses.jar:/home/travis/build/icyphy/ptII/ptolemy/actor/lib/database/mysql-connector-java-5.1.6-bin.jar:/home/travis/build/icyphy/ptII/vendors/misc/sphinx4/sphinx4-data-5prealpha.jar:/home/travis/build/icyphy/ptII/vendors/misc/sphinx4/sphinx4-core-5prealpha.jar:/home/travis/build/icyphy/ptII/lib/PDFRenderer.jar:/home/travis/build/icyphy/ptII/lib/svgSalamander.jar:/home/travis/build/icyphy/ptII/lib/rsyntaxtextarea-2.6.0-SNAPSHOT.jar:/home/travis/build/icyphy/ptII/lib/hazelcast-3.8.2.jar:/home/travis/build/icyphy/ptII/lib/jackson-annotations-2.9.0.jar:/home/travis/build/icyphy/ptII/lib/jackson-core-2.9.3.jar:/home/travis/build/icyphy/ptII/lib/jackson-databind-2.9.3.jar:/home/travis/build/icyphy/ptII/lib/netty-buffer-4.1.19.Final.jar:/home/travis/build/icyphy/ptII/lib/netty-codec-4.1.19.Final.jar:/home/travis/build/icyphy/ptII/lib/netty-codec-dns-4.1.19.Final.jar:/home/travis/build/icyphy/ptII/lib/netty-codec-http-4.1.19.Final.jar:/home/travis/build/icyphy/ptII/lib/netty-codec-http2-4.1.19.Final.jar:/home/travis/build/icyphy/ptII/lib/netty-common-4.1.19.Final.jar:/home/travis/build/icyphy/ptII/lib/netty-handler-4.1.19.Final.jar:/home/travis/build/icyphy/ptII/lib/netty-resolver-4.1.19.Final.jar:/home/travis/build/icyphy/ptII/lib/netty-resolver-dns-4.1.19.Final.jar:/home/travis/build/icyphy/ptII/lib/netty-transport-4.1.19.Final.jar:/home/travis/build/icyphy/ptII/lib/vertx-codegen-3.5.1.jar:/home/travis/build/icyphy/ptII/lib/vertx-core-3.5.2-SNAPSHOT.jar:/home/travis/build/icyphy/ptII/lib/vertx-hazelcast-3.5.1.jar:/home/travis/build/icyphy/ptII/lib/vertx-lang-js-3.5.1.jar:/home/travis/build/icyphy/ptII/lib/vertx-service-proxy-3.5.1.jar:/home/travis/build/icyphy/ptII/lib/vertx-web-3.5.1.jar:/home/travis/build/icyphy/ptII/lib/slf4j-api-1.7.13.jar:/home/travis/build/icyphy/ptII/lib/slf4j-simple-1.7.13.jar:/home/travis/build/icyphy/ptII/lib/webcam-capture-0.3.12.jar:/home/travis/build/icyphy/ptII/lib/bridj-0.7.0.jar:/home/travis/build/icyphy/ptII/lib/xbjlib-1.1.0.nrjavaserial.jar" />
    <property name="timeout" value="2400000" />
    <property name="test.batch" value="**/junit/*.java" />
    <property name="env._" value="/usr/bin/timeout" />
    <property name="java.io.tmpdir" value="/tmp" />
    <property name="user.language" value="en" />
    <property name="env.TRAVIS_INTERNAL_RUBY_REGEX" value="^ruby-(2\.[0-4]\.[0-9]|1\.9\.3)" />
    <property name="env.HISTCONTROL" value="ignoredups:ignorespace" />
    <property name="env.GOROOT" value="/home/travis/.gimme/versions/go1.11.1.linux.amd64" />
    <property name="line.separator" value="&#xa;" />
    <property name="target" value="11" />
    <property name="env.TRAVIS_BUILD_DIR" value="/home/travis/build/icyphy/ptII" />
    <property name="env.ANT_OPTS" value="-Xmx2048m" />
    <property name="ant.file.type" value="file" />
    <property name="ptolemy.ptII.batchMode" value="true" />
    <property name="env.HISTSIZE" value="1000" />
    <property name="env.MERB_ENV" value="test" />
    <property name="java.vm.info" value="mixed mode" />
    <property name="source" value="11" />
    <property name="java.vm.specification.name" value="Java Virtual Machine Specification" />
    <property name="env.TRAVIS_TEST_RESULT" value="0" />
    <property name="jsdoc.command" value="node_modules/@terraswarm/jsdoc/jsdoc.js" />
    <property name="npm.works" value="true" />
    <property name="cobertura.dir" value="/home/travis/build/icyphy/ptII/vendors/cobertura-2.0.3" />
    <property name="jsdoc.command.exists" value="true" />
    <property name="env.rvm_path" value="/home/travis/.rvm" />
    <property name="env.GEM_PATH" value="/home/travis/.rvm/gems/ruby-2.5.3:/home/travis/.rvm/gems/ruby-2.5.3@global" />
    <property name="env.LC_CTYPE" value="en_US.UTF-8" />
    <property name="env.TRAVIS_CMD" value="$PTII/bin/ptIITravisBuild.sh $SECONDS" />
    <property name="java.awt.printerjob" value="sun.print.PSPrinterJob" />
    <property name="env.TRAVIS_STACK_NAME" value="sardonyx" />
    <property name="env.TRAVIS_TIMER_START_TIME" value="1580626695237260141" />
    <property name="ant.version" value="Apache Ant(TM) version 1.10.1 compiled on February 2 2017" />
    <property name="ptII.reports" value="/home/travis/build/icyphy/ptII/reports" />
    <property name="env.TRAVIS_STACK_TIMESTAMP" value="2019-03-25 16:16:56 UTC" />
    <property name="ant.file.type.ptII" value="file" />
    <property name="env.RBENV_SHELL" value="bash" />
    <property name="os.name" value="Linux" />
    <property name="java.specification.vendor" value="Oracle Corporation" />
    <property name="env.rvm_version" value="1.29.7 (latest)" />
    <property name="env.TRAVIS_INFRA" value="unknown" />
    <property name="env.TERM" value="xterm" />
    <property name="java.vm.name" value="OpenJDK 64-Bit Server VM" />
    <property name="env.TRAVIS_BUILD_NUMBER" value="1491" />
    <property name="env.CI" value="true" />
    <property name="java.library.path" value="/home/travis/pthla/certi-tools/lib:/usr/lib/jni:/usr/local/share/OpenCV/java/:/usr/share/OpenCV/java::/usr/java/packages/lib:/usr/lib64:/lib64:/lib:/usr/lib" />
    <property name="jdk.module.path" value="/home/travis/build/icyphy/ptII/vendors/javafx/javafx-sdk-11.0.2/lib:" />
    <property name="env.rvm_prefix" value="/home/travis" />
    <property name="env.PATH" value="/home/travis/pthla/certi-tools/share/scripts:/home/travis/.rvm/gems/ruby-2.5.3/bin:/home/travis/.rvm/gems/ruby-2.5.3@global/bin:/home/travis/.rvm/rubies/ruby-2.5.3/bin:/home/travis/.rvm/bin:/home/travis/.nvm/versions/node/v7.10.1/bin:./node_modules/.bin:/home/travis/build/icyphy/ptII/bin:/home/travis/pthla/certi-tools/bin:/home/travis/bin:/home/travis/.local/bin:/usr/local/lib/jvm/openjdk11/bin:/opt/pyenv/shims:/home/travis/.phpenv/shims:/home/travis/perl5/perlbrew/bin:/home/travis/gopath/bin:/home/travis/.gimme/versions/go1.11.1.linux.amd64/bin:/usr/local/maven-3.6.0/bin:/usr/local/cmake-3.12.4/bin:/usr/local/clang-7.0.0/bin:/usr/local/sbin:/usr/local/bin:/usr/sbin:/usr/bin:/sbin:/bin:/snap/bin:/home/travis/.phpenv/bin:/opt/pyenv/bin:/home/travis/.yarn/bin" />
    <property name="env.TRAVIS_OS_NAME" value="linux" />
    <property name="ant.java.version" value="9" />
    <property name="basedir" value="/home/travis/build/icyphy/ptII" />
    <property name="java.class.version" value="55.0" />
    <property name="env.SHLVL" value="3" />
    <property name="env.LD_LIBRARY_PATH" value="/home/travis/pthla/certi-tools/lib:/usr/lib/jni:/usr/local/share/OpenCV/java/:/usr/share/OpenCV/java:" />
    <property name="env.RACK_ENV" value="test" />
    <property name="ant.home" value="/home/travis/build/icyphy/ptII/ant" />
    <property name="env.NVM_DIR" value="/home/travis/.nvm" />
    <property name="env.CERTI_FOM_PATH" value="/home/travis/pthla/certi-tools/share/federations" />
    <property name="env.TRAVIS_BUILD_ID" value="644982970" />
    <property name="env.PYENV_ROOT" value="/opt/pyenv" />
    <property name="env.TRAVIS_UID" value="2000" />
    <property name="prism.verbose" value="true" />
    <property name="env.NVM_BIN" value="/home/travis/.nvm/versions/node/v7.10.1/bin" />
    <property name="env.TRAVIS_COMMIT" value="b06f35d163e9d2fd60960e07537511f3f2abf6c1" />
    <property name="env._system_arch" value="x86_64" />
    <property name="node.executable" value="node" />
    <property name="sun.boot.library.path" value="/usr/local/lib/jvm/openjdk11/lib" />
    <property name="sun.management.compiler" value="HotSpot 64-Bit Tiered Compilers" />
    <property name="java.awt.graphicsenv" value="sun.awt.X11GraphicsEnvironment" />
    <property name="env.GOPATH" value="/home/travis/gopath" />
    <property name="ptolemy.ptII.dir" value="/home/travis/build/icyphy/ptII" />
    <property name="env.USER" value="travis" />
    <property name="env.HISTFILESIZE" value="2000" />
    <property name="timeout.longest" value="19000000" />
    <property name="env.PERLBREW_SHELLRC_VERSION" value="0.86" />
    <property name="env.TRAVIS_STACK_FEATURES" value="basic couchdb disabled-ipv6 docker docker-compose elasticsearch firefox go-toolchain google-chrome jdk memcached mongodb mysql nodejs_interpreter perl_interpreter perlbrew phantomjs postgresql python_interpreter redis ruby_interpreter sqlite xserver" />
    <property name="env.TRAVIS_PULL_REQUEST" value="false" />
    <property name="env.PYENV_SHELL" value="bash" />
    <property name="ant.project.name" value="ptII" />
    <property name="env.ANSI_RESET" value="\033[0m" />
    <property name="java.vm.specification.version" value="11" />
    <property name="env.TRAVIS_DIST" value="xenial" />
    <property name="env.CERTI_VERSION" value="4.0.0" />
    <property name="env.CERTI_HOST" value="localhost" />
    <property name="awt.toolkit" value="sun.awt.X11.XToolkit" />
    <property name="env.MY_RUBY_HOME" value="/home/travis/.rvm/rubies/ruby-2.5.3" />
    <property name="sun.cpu.isalist" value="" />
    <property name="env.TRAVIS_TMPDIR" value="/tmp/tmp.VieBY7PeqI" />
    <property name="java.vm.compressedOopsMode" value="Zero based" />
    <property name="os.version" value="4.15.0-1028-gcp" />
    <property name="user.home" value="/home/travis" />
    <property name="java.vm.vendor" value="Oracle Corporation" />
    <property name="env.TRAVIS_TAG" value="nightly" />
    <property name="env.ANSI_YELLOW" value="\033[33;1m" />
    <property name="env.TRAVIS_FILTERED" value="redirect_io" />
    <property name="env.ANSI_GREEN" value="\033[32;1m" />
    <property name="env.JAVA_HOME" value="/usr/local/lib/jvm/openjdk11" />
    <property name="javadoc.excludepackagenames" value="adm.cvs2svn.*,build.*,config.*,doc.coding.templates.*,jni.test.jni.meaningOfLife.*,jni.test.jni.testDeux.*,jni.test.jni.testTrois.*,org.terraswarm.accessor.accessors.web.node_modules.*,org.terraswarm.accessor.accessors.web.hosts.cordova.demo.*,org.terraswarm.accessor.accessors.web.hosts.cordova.plugins.*,org.terraswarm.accessor.accessors-svn.*,pt-modules.*,ptolemy.apps.agilent.*,ptolemy.apps.anytimecontrol.*,ptolemy.apps.apes.*,ptolemy.apps.charon.*,ptolemy.apps.crazyboard.*,ptolemy.apps.eclipse.*,ptolemy.apps.etherealSting.*,ptolemy.apps.fullscreen.*,ptolemy.apps.giotto.*,ptolemy.apps.ia.*,ptolemy.apps.interfaces.*,ptolemy.apps.jmf.*,ptolemy.apps.kurt.*,ptolemy.apps.kvm.*,ptolemy.apps.lego.*,ptolemy.apps.lejos.*,ptolemy.apps.midp.*,ptolemy.apps.mobileCoding.*,ptolemy.apps.pendulum.*,ptolemy.apps.rijndael.*,ptolemy.apps.robot.*,ptolemy.apps.security.*,ptolemy.apps.sobel.*,ptolemy.apps.soot.*,ptolemy.apps.throttle.*,ptolemy.apps.tini.*,ptolemy.apps.transmission.*,ptolemy.apps.vergil.*,ptolemy.apps.waba.*,ptolemy.apps.websensor.*,ptolemy.apps.webstart.*,ptolemy.apps.xsl.*,ptolemy.apps.zaurus.*,ptolemy.codegen.c.actor.lib.oldJavaFiles.*,ptolemy.codegen.dsp.lib.*,ptolemy.codegen.kernel.newInterfaces.*,ptolemy.codegen.lib.*,ptolemy.copernicus.kernel.fragment.*,ptolemy.copernicus.shallow.cg.*,ptolemy.domains.giotto.demo.Hierarchy.Hierarchy.*,ptolemy.domains.giotto.demo.Multimode.Multimode.*,ptolemy.domains.giotto.demo.Simple.Simple.*,ptolemy.domains.gr.lib.experimental.*,ptolemy.domains.gro.*,ptolemy.domains.pdf.*,ptolemy.domains.ptinyos.demo.Surge.output.*,ptolemy.moml.test.NoPackageActor.java*,ptolemy.plot.adm.*,ptolemy.plot.servlet.*,reports.*,signed.*,src.*,target.*,vendors.*,ptolemy.copernicus.applet.*,ptolemy.media.viewer.*,ptolemy.actor.corba.*,doc.doclets.*,ptolemy.apps.eclipse.awt.*,ptolemy.backtrack.*,ptolemy.backtrack.ast.*,ptolemy.cg.adapter.generic.program.procedural.c.mbed*,ptolemy.homer.*,ptolemy.actor.lib.jai.*,org.ptolemy.scala.*,diva.util.java2d.svg.*,ptolemy.domains.ptinyos.*,ptolemy.actor.lib.fmi.fmipp.*,,org.terraswarm.accessor.accessors.web.node_modules.*,org.terraswarm.accessor.accessors-svn,ptolemy.apps.*,ptolemy.actor.ptalon.demo.ptinyos.SendAndReceiveCnt.output,ptolemy.actor.ptalon.demo.ptinyos.SenseToLeds.output,ptolemy.domains.ptinyos.demo.CntToLedsAndRfm.output,ptolemy.domains.ptinyos.demo.RfmToLeds.output,ptolemy.domains.ptinyos.demo.SendAndReceiveCnt.output,ptolemy.domains.ptinyos.demo.SenseToLeds.output,ptolemy.actor.lib.jjs.modules.udpSocket.*" />
    <property name="env.PTII" value="/home/travis/build/icyphy/ptII" />
    <property name="env.XDG_SESSION_ID" value="2" />
    <property name="keystore" value="ptKeystore" />
    <property name="env.TRAVIS_COMMIT_MESSAGE" value="Fixing the name of the branch in build-certi1516e.sh." />
    <property name="junit.output.dir" value="/home/travis/build/icyphy/ptII/reports/junit" />
    <property name="npm.return.code" value="0" />
    <property name="user.dir" value="/home/travis/build/icyphy/ptII/ptolemy/domains/continuous/test" />
    <property name="env.TRAVIS_NODE_VERSION" value="7" />
    <property name="env.TRAVIS_EVENT_TYPE" value="cron" />
    <property name="env.MAIL" value="/var/mail/travis" />
    <property name="env.PERLBREW_ROOT" value="/home/travis/perl5/perlbrew" />
    <property name="env.PWD" value="/home/travis/build/icyphy/ptII" />
    <property name="timeout.npm" value="45000" />
    <property name="env.PT_TRAVIS_TEST_CORE2_XML" value="true" />
    <property name="env.TRAVIS_ARCH" value="amd64" />
    <property name="sun.cpu.endian" value="little" />
    <property name="env.PAGER" value="cat" />
    <property name="env.TRAVIS_BUILD_STAGE_NAME" value="Test" />
    <property name="env.PERLBREW_HOME" value="/home/travis/.perlbrew" />
    <property name="java.vm.version" value="11.0.2+9" />
    <property name="env.RAILS_ENV" value="test" />
    <property name="java.class.path" value="/home/travis/build/icyphy/ptII:/home/travis/build/icyphy/ptII/lib/bsh-2.0b4.jar:/home/travis/build/icyphy/ptII/lib/ptCal.jar:/home/travis/build/icyphy/ptII/lib/java_cup.jar:/home/travis/build/icyphy/ptII/lib/saxon8.jar:/home/travis/build/icyphy/ptII/lib/saxon8-dom.jar:/home/travis/build/icyphy/ptII/lib/chic.jar:/home/travis/build/icyphy/ptII/lib/ptcolt.jar:/home/travis/build/icyphy/ptII/vendors/misc/itext/iText.jar:/home/travis/build/icyphy/ptII/lib/g4ltl.jar:/home/travis/build/icyphy/ptII/lib/StructuralCoder.jar:/home/travis/build/icyphy/ptII/lib/jcerti.jar:/home/travis/build/icyphy/ptII/lib/javax.mail.jar:/home/travis/build/icyphy/ptII/vendors/JMF-2.1.1e/lib/jmf.jar:/home/travis/build/icyphy/ptII/lib/jna-4.0.0-variadic.jar:/home/travis/build/icyphy/ptII/vendors/misc/joystick/Joystick.jar:/home/travis/build/icyphy/ptII/lib/ptjacl.jar:/home/travis/build/icyphy/ptII/lib/jsoup-1.8.2.jar:/home/travis/build/icyphy/ptII/lib/junit-4.8.2.jar:/home/travis/build/icyphy/ptII/lib/JUnitParams-0.4.0.jar:/home/travis/build/icyphy/ptII/ptolemy/actor/lib/excel/jxl.jar:/home/travis/build/icyphy/ptII/lib/jython.jar:/home/travis/build/icyphy/ptII/lib/kieler.jar:/home/travis/build/icyphy/ptII/vendors/opencv/share/OpenCV/java/opencv-341.jar:/home/travis/build/icyphy/ptII/lib/oscP5.jar:/home/travis/build/icyphy/ptII/lib/nrjavaserial-3.11.0.devel.jar:/home/travis/build/icyphy/ptII/vendors/j3d/lib/Linux/j3dcore.jar:/home/travis/build/icyphy/ptII/vendors/j3d/lib/Linux/j3dutils.jar:/home/travis/build/icyphy/ptII/vendors/j3d/lib/Linux/vecmath.jar:/home/travis/build/icyphy/ptII/vendors/jogl/lib/Linux/gluegen-rt-natives-linux-amd64.jar:/home/travis/build/icyphy/ptII/vendors/jogl/lib/Linux/gluegen-rt.jar:/home/travis/build/icyphy/ptII/vendors/jogl/lib/Linux/jogl-all-natives-linux-amd64.jar:/home/travis/build/icyphy/ptII/vendors/jogl/lib/Linux/jogl-all.jar:/home/travis/build/icyphy/ptII/ptolemy/distributed/jini/jar/jini-core.jar:/home/travis/build/icyphy/ptII/ptolemy/distributed/jini/jar/jini-ext.jar:/home/travis/build/icyphy/ptII/ptolemy/distributed/jini/jar/sun-util.jar:/home/travis/build/icyphy/ptII/lib/protobuf-java-2.4.1.jar:/home/travis/build/icyphy/ptII/lib/org.eclipse.paho.client.mqttv3.jar:/home/travis/build/icyphy/ptII/lib/mapss.jar:/home/travis/build/icyphy/ptII/ptolemy/actor/ptalon/antlr/antlr.jar:/home/travis/build/icyphy/ptII/lib/JRI.jar:/home/travis/build/icyphy/ptII/lib/commons-lang-2.6.jar:/home/travis/build/icyphy/ptII/lib/commons-logging-1.1.1.jar:/home/travis/build/icyphy/ptII/lib/sootclasses.jar:/home/travis/build/icyphy/ptII/ptolemy/actor/lib/database/mysql-connector-java-5.1.6-bin.jar:/home/travis/build/icyphy/ptII/vendors/misc/sphinx4/sphinx4-data-5prealpha.jar:/home/travis/build/icyphy/ptII/vendors/misc/sphinx4/sphinx4-core-5prealpha.jar:/home/travis/build/icyphy/ptII/lib/PDFRenderer.jar:/home/travis/build/icyphy/ptII/lib/svgSalamander.jar:/home/travis/build/icyphy/ptII/lib/rsyntaxtextarea-2.6.0-SNAPSHOT.jar:/home/travis/build/icyphy/ptII/lib/hazelcast-3.8.2.jar:/home/travis/build/icyphy/ptII/lib/jackson-annotations-2.9.0.jar:/home/travis/build/icyphy/ptII/lib/jackson-core-2.9.3.jar:/home/travis/build/icyphy/ptII/lib/jackson-databind-2.9.3.jar:/home/travis/build/icyphy/ptII/lib/netty-buffer-4.1.19.Final.jar:/home/travis/build/icyphy/ptII/lib/netty-codec-4.1.19.Final.jar:/home/travis/build/icyphy/ptII/lib/netty-codec-dns-4.1.19.Final.jar:/home/travis/build/icyphy/ptII/lib/netty-codec-http-4.1.19.Final.jar:/home/travis/build/icyphy/ptII/lib/netty-codec-http2-4.1.19.Final.jar:/home/travis/build/icyphy/ptII/lib/netty-common-4.1.19.Final.jar:/home/travis/build/icyphy/ptII/lib/netty-handler-4.1.19.Final.jar:/home/travis/build/icyphy/ptII/lib/netty-resolver-4.1.19.Final.jar:/home/travis/build/icyphy/ptII/lib/netty-resolver-dns-4.1.19.Final.jar:/home/travis/build/icyphy/ptII/lib/netty-transport-4.1.19.Final.jar:/home/travis/build/icyphy/ptII/lib/vertx-codegen-3.5.1.jar:/home/travis/build/icyphy/ptII/lib/vertx-core-3.5.2-SNAPSHOT.jar:/home/travis/build/icyphy/ptII/lib/vertx-hazelcast-3.5.1.jar:/home/travis/build/icyphy/ptII/lib/vertx-lang-js-3.5.1.jar:/home/travis/build/icyphy/ptII/lib/vertx-service-proxy-3.5.1.jar:/home/travis/build/icyphy/ptII/lib/vertx-web-3.5.1.jar:/home/travis/build/icyphy/ptII/lib/slf4j-api-1.7.13.jar:/home/travis/build/icyphy/ptII/lib/slf4j-simple-1.7.13.jar:/home/travis/build/icyphy/ptII/lib/webcam-capture-0.3.12.jar:/home/travis/build/icyphy/ptII/lib/bridj-0.7.0.jar:/home/travis/build/icyphy/ptII/lib/xbjlib-1.1.0.nrjavaserial.jar:/home/travis/build/icyphy/ptII/ptolemy/moml/test:/home/travis/build/icyphy/ptII/ant/lib/ant-launcher.jar:/home/travis/build/icyphy/ptII/ant/lib/ant.jar:/home/travis/build/icyphy/ptII/ant/lib/ant-junit.jar:/home/travis/build/icyphy/ptII/ant/lib/ant-junit4.jar" />
    <property name="ant.library.dir" value="/home/travis/build/icyphy/ptII/ant/lib" />
    <property name="os.arch" value="amd64" />
    <property name="env.CONTINUOUS_INTEGRATION" value="true" />
    <property name="env.TRAVIS_LANGUAGE" value="node_js" />
    <property name="env.TRAVIS_STACK_LANGUAGES" value="__sardonyx__ c c++ clojure cplusplus cpp default generic go groovy java node_js php pure_java python ruby scala" />
    <property name="test.name" value="ptolemy.actor.lib.test.junit.JUnitTclTest" />
    <property name="env.APT_KEY_DONT_WARN_ON_DANGEROUS_USAGE" value="1" />
    <property name="sun.java.launcher" value="SUN_STANDARD" />
    <property name="env.PYTHON_CONFIGURE_OPTS" value="--enable-unicode=ucs4 --with-wide-unicode --enable-shared --enable-ipv6 --enable-loadable-sqlite-extensions --with-computed-gotos" />
    <property name="ant.core.lib" value="/home/travis/build/icyphy/ptII/ant/lib/ant.jar" />
    <property name="java.vm.specification.vendor" value="Oracle Corporation" />
    <property name="env.BCVTB_HOME" value="/home/travis/build/icyphy/ptII/lbnl" />
    <property name="file.separator" value="/" />
    <property name="spotbugs.home" value="/home/travis/build/icyphy/ptII/vendors/spotbugs-3.1.1" />
    <property name="java.runtime.version" value="11.0.2+9" />
    <property name="env.ANSI_CLEAR" value="\033[0K" />
    <property name="javafx.verbose" value="true" />
    <property name="env.HAS_JOSH_K_SEAL_OF_APPROVAL" value="true" />
    <property name="env.XDG_RUNTIME_DIR" value="/run/user/2000" />
    <property name="env.TRAVIS_OSX_IMAGE" value="" />
    <property name="env.TRAVIS_JOB_ID" value="644982979" />
    <property name="env.TRAVIS_BRANCH" value="master" />
    <property name="user.country" value="US" />
    <property name="env.CERTI_HOME_TRAVIS" value="/home/travis/pthla/certi-tools" />
    <property name="env.SHELL" value="/bin/bash" />
    <property name="java.maxmemory.large" value="3200m" />
    <property name="model" value="" />
    <property name="env.CASHER_DIR" value="/home/travis/.casher" />
    <property name="env.NVM_CD_FLAGS" value="" />
    <property name="java.vendor.version" value="18.9" />
    <property name="jshint.executable" value="/home/travis/node_modules/jshint/bin/jshint" />
    <property name="env.JRUBY_OPTS" value=" --client -J-XX:+TieredCompilation -J-XX:TieredStopAtLevel=1 -J-Xss2m -Xcompile.invokedynamic=false" />
    <property name="java.vendor" value="Oracle Corporation" />
    <property name="env.TRAVIS_PRE_CHEF_BOOTSTRAP_TIME" value="2019-03-25T16:16:42" />
    <property name="env.TRAVIS_STACK_JOB_BOARD_REGISTER" value="/.job-board-register.yml" />
    <property name="env.ANSI_RED" value="\033[31;1m" />
    <property name="java.specification.version" value="11" />
    <property name="env.IRBRC" value="/home/travis/.rvm/rubies/ruby-2.5.3/.irbrc" />
    <property name="env.TRAVIS" value="true" />
    <property name="sun.arch.data.model" value="64" />
  </properties>
  <testcase classname="ptolemy.util.test.junit.TclTests" name="[0] ThereAreNoTclTests (RunTclFile)" time="0.007" />
  <testcase classname="ptolemy.util.test.junit.AutoKnownFailedTests" name="[0] ThereAreNoKnowFailedTests (RunModel)" time="0.001" />
  <testcase classname="ptolemy.util.test.junit.AutoNameArchTests" name="[0] ThereAreNoAutoArchTests (RunModel)" time="0.009" />
  <testcase classname="ptolemy.util.test.junit.AutoTests" name="[0] /home/travis/build/icyphy/ptII/ptolemy/domains/continuous/test/auto/BouncingBall.xml (RunModel)" time="2.725" />
  <testcase classname="ptolemy.util.test.junit.AutoTests" name="[1] /home/travis/build/icyphy/ptII/ptolemy/domains/continuous/test/auto/BouncingBallWithoutGR.xml (RunModel)" time="0.796" />
  <testcase classname="ptolemy.util.test.junit.AutoTests" name="[2] /home/travis/build/icyphy/ptII/ptolemy/domains/continuous/test/auto/Brownian.xml (RunModel)" time="0.106" />
  <testcase classname="ptolemy.util.test.junit.AutoTests" name="[3] /home/travis/build/icyphy/ptII/ptolemy/domains/continuous/test/auto/CarTracking.xml (RunModel)" time="4.116" />
  <testcase classname="ptolemy.util.test.junit.AutoTests" name="[4] /home/travis/build/icyphy/ptII/ptolemy/domains/continuous/test/auto/CartPendulum.xml (RunModel)" time="0.499" />
  <testcase classname="ptolemy.util.test.junit.AutoTests" name="[5] /home/travis/build/icyphy/ptII/ptolemy/domains/continuous/test/auto/CausalityInterface10.xml (RunModel)" time="0.055" />
  <testcase classname="ptolemy.util.test.junit.AutoTests" name="[6] /home/travis/build/icyphy/ptII/ptolemy/domains/continuous/test/auto/CausalityInterface11.xml (RunModel)" time="0.029" />
  <testcase classname="ptolemy.util.test.junit.AutoTests" name="[7] /home/travis/build/icyphy/ptII/ptolemy/domains/continuous/test/auto/CausalityInterface12.xml (RunModel)" time="0.037" />
  <testcase classname="ptolemy.util.test.junit.AutoTests" name="[8] /home/travis/build/icyphy/ptII/ptolemy/domains/continuous/test/auto/CausalityInterface13.xml (RunModel)" time="0.05" />
  <testcase classname="ptolemy.util.test.junit.AutoTests" name="[9] /home/travis/build/icyphy/ptII/ptolemy/domains/continuous/test/auto/CausalityInterface14.xml (RunModel)" time="0.023" />
  <testcase classname="ptolemy.util.test.junit.AutoTests" name="[10] /home/travis/build/icyphy/ptII/ptolemy/domains/continuous/test/auto/CausalityInterface4.xml (RunModel)" time="0.029" />
  <testcase classname="ptolemy.util.test.junit.AutoTests" name="[11] /home/travis/build/icyphy/ptII/ptolemy/domains/continuous/test/auto/CausalityInterface5.xml (RunModel)" time="0.024" />
  <testcase classname="ptolemy.util.test.junit.AutoTests" name="[12] /home/travis/build/icyphy/ptII/ptolemy/domains/continuous/test/auto/CausalityInterface6.xml (RunModel)" time="0.019" />
  <testcase classname="ptolemy.util.test.junit.AutoTests" name="[13] /home/travis/build/icyphy/ptII/ptolemy/domains/continuous/test/auto/CausalityInterface7.xml (RunModel)" time="0.042" />
  <testcase classname="ptolemy.util.test.junit.AutoTests" name="[14] /home/travis/build/icyphy/ptII/ptolemy/domains/continuous/test/auto/CausalityInterface8.xml (RunModel)" time="0.027" />
  <testcase classname="ptolemy.util.test.junit.AutoTests" name="[15] /home/travis/build/icyphy/ptII/ptolemy/domains/continuous/test/auto/CausalityInterface9.xml (RunModel)" time="0.031" />
  <testcase classname="ptolemy.util.test.junit.AutoTests" name="[16] /home/travis/build/icyphy/ptII/ptolemy/domains/continuous/test/auto/CausalityInterfaceFeedback1.xml (RunModel)" time="0.023" />
  <testcase classname="ptolemy.util.test.junit.AutoTests" name="[17] /home/travis/build/icyphy/ptII/ptolemy/domains/continuous/test/auto/CausalityInterfaceFeedback2.xml (RunModel)" time="0.034" />
  <testcase classname="ptolemy.util.test.junit.AutoTests" name="[18] /home/travis/build/icyphy/ptII/ptolemy/domains/continuous/test/auto/CompareWithCurrentTime.xml (RunModel)" time="0.023" />
  <testcase classname="ptolemy.util.test.junit.AutoTests" name="[19] /home/travis/build/icyphy/ptII/ptolemy/domains/continuous/test/auto/ComparedClocks.xml (RunModel)" time="0.05" />
  <testcase classname="ptolemy.util.test.junit.AutoTests" name="[20] /home/travis/build/icyphy/ptII/ptolemy/domains/continuous/test/auto/ContinuousAOCClone.xml (RunModel)" time="2.482" />
  <testcase classname="ptolemy.util.test.junit.AutoTests" name="[21] /home/travis/build/icyphy/ptII/ptolemy/domains/continuous/test/auto/ContinuousClock.xml (RunModel)" time="0.098" />
  <testcase classname="ptolemy.util.test.junit.AutoTests" name="[22] /home/travis/build/icyphy/ptII/ptolemy/domains/continuous/test/auto/ContinuousInContinuous.xml (RunModel)" time="0.085" />
  <testcase classname="ptolemy.util.test.junit.AutoTests" name="[23] /home/travis/build/icyphy/ptII/ptolemy/domains/continuous/test/auto/ContinuousInContinuousInContinuous.xml (RunModel)" time="0.032" />
  <testcase classname="ptolemy.util.test.junit.AutoTests" name="[24] /home/travis/build/icyphy/ptII/ptolemy/domains/continuous/test/auto/ContinuousInDE.xml (RunModel)" time="0.124" />
  <testcase classname="ptolemy.util.test.junit.AutoTests" name="[25] /home/travis/build/icyphy/ptII/ptolemy/domains/continuous/test/auto/ContinuousInDE2.xml (RunModel)" time="0.062" />
  <testcase classname="ptolemy.util.test.junit.AutoTests" name="[26] /home/travis/build/icyphy/ptII/ptolemy/domains/continuous/test/auto/ContinuousInDE3.xml (RunModel)" time="0.067" />
  <testcase classname="ptolemy.util.test.junit.AutoTests" name="[27] /home/travis/build/icyphy/ptII/ptolemy/domains/continuous/test/auto/ContinuousInDE4.xml (RunModel)" time="0.038" />
  <testcase classname="ptolemy.util.test.junit.AutoTests" name="[28] /home/travis/build/icyphy/ptII/ptolemy/domains/continuous/test/auto/ContinuousInDEDifferentRefinements.xml (RunModel)" time="0.116" />
  <testcase classname="ptolemy.util.test.junit.AutoTests" name="[29] /home/travis/build/icyphy/ptII/ptolemy/domains/continuous/test/auto/ContinuousInDEDifferentRefinementsPreemptive.xml (RunModel)" time="0.094" />
  <testcase classname="ptolemy.util.test.junit.AutoTests" name="[30] /home/travis/build/icyphy/ptII/ptolemy/domains/continuous/test/auto/ContinuousInDEInContinuous2.xml (RunModel)" time="0.075" />
  <testcase classname="ptolemy.util.test.junit.AutoTests" name="[31] /home/travis/build/icyphy/ptII/ptolemy/domains/continuous/test/auto/ContinuousInDEInContinuous3.xml (RunModel)" time="0.068" />
  <testcase classname="ptolemy.util.test.junit.AutoTests" name="[32] /home/travis/build/icyphy/ptII/ptolemy/domains/continuous/test/auto/ContinuousInDEInput.xml (RunModel)" time="0.038" />
  <testcase classname="ptolemy.util.test.junit.AutoTests" name="[33] /home/travis/build/icyphy/ptII/ptolemy/domains/continuous/test/auto/ContinuousInDEInput2.xml (RunModel)" time="0.033" />
  <testcase classname="ptolemy.util.test.junit.AutoTests" name="[34] /home/travis/build/icyphy/ptII/ptolemy/domains/continuous/test/auto/ContinuousInDEInput3.xml (RunModel)" time="0.029" />
  <testcase classname="ptolemy.util.test.junit.AutoTests" name="[35] /home/travis/build/icyphy/ptII/ptolemy/domains/continuous/test/auto/ContinuousInDESharingRefinement.xml (RunModel)" time="0.183" />
  <testcase classname="ptolemy.util.test.junit.AutoTests" name="[36] /home/travis/build/icyphy/ptII/ptolemy/domains/continuous/test/auto/ContinuousInDEwithNoPorts.xml (RunModel)" time="0.019" />
  <testcase classname="ptolemy.util.test.junit.AutoTests" name="[37] /home/travis/build/icyphy/ptII/ptolemy/domains/continuous/test/auto/ContinuousInsideDE.xml (RunModel)" time="0.083" />
  <testcase classname="ptolemy.util.test.junit.AutoTests" name="[38] /home/travis/build/icyphy/ptII/ptolemy/domains/continuous/test/auto/ContinuousMerge1.xml (RunModel)" time="0.018" />
  <testcase classname="ptolemy.util.test.junit.AutoTests" name="[39] /home/travis/build/icyphy/ptII/ptolemy/domains/continuous/test/auto/ContinuousMerge2.xml (RunModel)" time="0.04" />
  <testcase classname="ptolemy.util.test.junit.AutoTests" name="[40] /home/travis/build/icyphy/ptII/ptolemy/domains/continuous/test/auto/ContinuousMerge3.xml (RunModel)" time="0.069" />
  <testcase classname="ptolemy.util.test.junit.AutoTests" name="[41] /home/travis/build/icyphy/ptII/ptolemy/domains/continuous/test/auto/ContinuousWithinContinuous.xml (RunModel)" time="0.052" />
  <testcase classname="ptolemy.util.test.junit.AutoTests" name="[42] /home/travis/build/icyphy/ptII/ptolemy/domains/continuous/test/auto/ContinuousWithinContinuous2.xml (RunModel)" time="0.067" />
  <testcase classname="ptolemy.util.test.junit.AutoTests" name="[43] /home/travis/build/icyphy/ptII/ptolemy/domains/continuous/test/auto/ContinuousWithinContinuous3.xml (RunModel)" time="0.022" />
  <testcase classname="ptolemy.util.test.junit.AutoTests" name="[44] /home/travis/build/icyphy/ptII/ptolemy/domains/continuous/test/auto/ContinuousWithinContinuous4.xml (RunModel)" time="0.074" />
  <testcase classname="ptolemy.util.test.junit.AutoTests" name="[45] /home/travis/build/icyphy/ptII/ptolemy/domains/continuous/test/auto/ContinuousWithinContinuous5.xml (RunModel)" time="0.029" />
  <testcase classname="ptolemy.util.test.junit.AutoTests" name="[46] /home/travis/build/icyphy/ptII/ptolemy/domains/continuous/test/auto/ContinuousWithinContinuous6.xml (RunModel)" time="0.027" />
  <testcase classname="ptolemy.util.test.junit.AutoTests" name="[47] /home/travis/build/icyphy/ptII/ptolemy/domains/continuous/test/auto/ContinuousWithinContinuous7.xml (RunModel)" time="0.058" />
  <testcase classname="ptolemy.util.test.junit.AutoTests" name="[48] /home/travis/build/icyphy/ptII/ptolemy/domains/continuous/test/auto/DCMotor.xml (RunModel)" time="12.722" />
  <testcase classname="ptolemy.util.test.junit.AutoTests" name="[49] /home/travis/build/icyphy/ptII/ptolemy/domains/continuous/test/auto/DEInContinuous.xml (RunModel)" time="0.035" />
  <testcase classname="ptolemy.util.test.junit.AutoTests" name="[50] /home/travis/build/icyphy/ptII/ptolemy/domains/continuous/test/auto/DEinContinuous2.xml (RunModel)" time="0.027" />
  <testcase classname="ptolemy.util.test.junit.AutoTests" name="[51] /home/travis/build/icyphy/ptII/ptolemy/domains/continuous/test/auto/Derivative.xml (RunModel)" time="0.174" />
  <testcase classname="ptolemy.util.test.junit.AutoTests" name="[52] /home/travis/build/icyphy/ptII/ptolemy/domains/continuous/test/auto/Derivative1.xml (RunModel)" time="0.038" />
  <testcase classname="ptolemy.util.test.junit.AutoTests" name="[53] /home/travis/build/icyphy/ptII/ptolemy/domains/continuous/test/auto/DiscreteClock.xml (RunModel)" time="0.017" />
  <testcase classname="ptolemy.util.test.junit.AutoTests" name="[54] /home/travis/build/icyphy/ptII/ptolemy/domains/continuous/test/auto/EfficiencyCurve.xml (RunModel)" time="0.102" />
  <testcase classname="ptolemy.util.test.junit.AutoTests" name="[55] /home/travis/build/icyphy/ptII/ptolemy/domains/continuous/test/auto/ExponentialResponse.xml (RunModel)" time="0.094" />
  <testcase classname="ptolemy.util.test.junit.AutoTests" name="[56] /home/travis/build/icyphy/ptII/ptolemy/domains/continuous/test/auto/ExponentialResponseRK45.xml (RunModel)" time="0.033" />
  <testcase classname="ptolemy.util.test.junit.AutoTests" name="[57] /home/travis/build/icyphy/ptII/ptolemy/domains/continuous/test/auto/Friction.xml (RunModel)" time="1.56" />
  <testcase classname="ptolemy.util.test.junit.AutoTests" name="[58] /home/travis/build/icyphy/ptII/ptolemy/domains/continuous/test/auto/FurutaPendulum.xml (RunModel)" time="2.905" />
  <testcase classname="ptolemy.util.test.junit.AutoTests" name="[59] /home/travis/build/icyphy/ptII/ptolemy/domains/continuous/test/auto/HierarchicalExecution.xml (RunModel)" time="1.724" />
  <testcase classname="ptolemy.util.test.junit.AutoTests" name="[60] /home/travis/build/icyphy/ptII/ptolemy/domains/continuous/test/auto/HybridPlant.xml (RunModel)" time="0.52" />
  <testcase classname="ptolemy.util.test.junit.AutoTests" name="[61] /home/travis/build/icyphy/ptII/ptolemy/domains/continuous/test/auto/Hysteresis.xml (RunModel)" time="0.186" />
  <testcase classname="ptolemy.util.test.junit.AutoTests" name="[62] /home/travis/build/icyphy/ptII/ptolemy/domains/continuous/test/auto/HysteresisWithRandomDelay.xml (RunModel)" time="0.231" />
  <testcase classname="ptolemy.util.test.junit.AutoTests" name="[63] /home/travis/build/icyphy/ptII/ptolemy/domains/continuous/test/auto/HysteresisWithRandomLosses.xml (RunModel)" time="2.309" />
  <testcase classname="ptolemy.util.test.junit.AutoTests" name="[64] /home/travis/build/icyphy/ptII/ptolemy/domains/continuous/test/auto/ImmediateTransitions.xml (RunModel)" time="0.033" />
  <testcase classname="ptolemy.util.test.junit.AutoTests" name="[65] /home/travis/build/icyphy/ptII/ptolemy/domains/continuous/test/auto/ImpulseFeedback.xml (RunModel)" time="0.019" />
  <testcase classname="ptolemy.util.test.junit.AutoTests" name="[66] /home/travis/build/icyphy/ptII/ptolemy/domains/continuous/test/auto/ImpulseFeedback2.xml (RunModel)" time="0.022" />
  <testcase classname="ptolemy.util.test.junit.AutoTests" name="[67] /home/travis/build/icyphy/ptII/ptolemy/domains/continuous/test/auto/IncreasingRatePoisson.xml (RunModel)" time="0.772" />
  <testcase classname="ptolemy.util.test.junit.AutoTests" name="[68] /home/travis/build/icyphy/ptII/ptolemy/domains/continuous/test/auto/InitialStateFeedback.xml (RunModel)" time="0.014" />
  <testcase classname="ptolemy.util.test.junit.AutoTests" name="[69] /home/travis/build/icyphy/ptII/ptolemy/domains/continuous/test/auto/Integration.xml (RunModel)" time="0.01" />
  <testcase classname="ptolemy.util.test.junit.AutoTests" name="[70] /home/travis/build/icyphy/ptII/ptolemy/domains/continuous/test/auto/Integration2.xml (RunModel)" time="0.091" />
  <testcase classname="ptolemy.util.test.junit.AutoTests" name="[71] /home/travis/build/icyphy/ptII/ptolemy/domains/continuous/test/auto/Integration3.xml (RunModel)" time="0.013" />
  <testcase classname="ptolemy.util.test.junit.AutoTests" name="[72] /home/travis/build/icyphy/ptII/ptolemy/domains/continuous/test/auto/Integration5.xml (RunModel)" time="0.007" />
  <testcase classname="ptolemy.util.test.junit.AutoTests" name="[73] /home/travis/build/icyphy/ptII/ptolemy/domains/continuous/test/auto/IntegratorImpulse.xml (RunModel)" time="0.007" />
  <testcase classname="ptolemy.util.test.junit.AutoTests" name="[74] /home/travis/build/icyphy/ptII/ptolemy/domains/continuous/test/auto/IntegratorImpulse2.xml (RunModel)" time="0.008" />
  <testcase classname="ptolemy.util.test.junit.AutoTests" name="[75] /home/travis/build/icyphy/ptII/ptolemy/domains/continuous/test/auto/LevelCrossing1.xml (RunModel)" time="0.008" />
  <testcase classname="ptolemy.util.test.junit.AutoTests" name="[76] /home/travis/build/icyphy/ptII/ptolemy/domains/continuous/test/auto/LevelCrossing2.xml (RunModel)" time="0.011" />
  <testcase classname="ptolemy.util.test.junit.AutoTests" name="[77] /home/travis/build/icyphy/ptII/ptolemy/domains/continuous/test/auto/LevelCrossing3.xml (RunModel)" time="0.012" />
  <testcase classname="ptolemy.util.test.junit.AutoTests" name="[78] /home/travis/build/icyphy/ptII/ptolemy/domains/continuous/test/auto/LevelCrossing4.xml (RunModel)" time="0.012" />
  <testcase classname="ptolemy.util.test.junit.AutoTests" name="[79] /home/travis/build/icyphy/ptII/ptolemy/domains/continuous/test/auto/LevelCrossing5.xml (RunModel)" time="0.011" />
  <testcase classname="ptolemy.util.test.junit.AutoTests" name="[80] /home/travis/build/icyphy/ptII/ptolemy/domains/continuous/test/auto/LevelCrossing6.xml (RunModel)" time="0.01" />
  <testcase classname="ptolemy.util.test.junit.AutoTests" name="[81] /home/travis/build/icyphy/ptII/ptolemy/domains/continuous/test/auto/LevelCrossingDetector.xml (RunModel)" time="0.038" />
  <testcase classname="ptolemy.util.test.junit.AutoTests" name="[82] /home/travis/build/icyphy/ptII/ptolemy/domains/continuous/test/auto/LevelCrossingDetectorDetectingDirections.xml (RunModel)" time="0.077" />
  <testcase classname="ptolemy.util.test.junit.AutoTests" name="[83] /home/travis/build/icyphy/ptII/ptolemy/domains/continuous/test/auto/LevelCrossingDetectorDetectsGlitches.xml (RunModel)" time="0.06" />
  <testcase classname="ptolemy.util.test.junit.AutoTests" name="[84] /home/travis/build/icyphy/ptII/ptolemy/domains/continuous/test/auto/LevelCrossingNoInitialOuput.xml (RunModel)" time="0.017" />
  <testcase classname="ptolemy.util.test.junit.AutoTests" name="[85] /home/travis/build/icyphy/ptII/ptolemy/domains/continuous/test/auto/LinearStateSpaceExample.xml (RunModel)" time="0.056" />
  <testcase classname="ptolemy.util.test.junit.AutoTests" name="[86] /home/travis/build/icyphy/ptII/ptolemy/domains/continuous/test/auto/Lorenz.xml (RunModel)" time="3.242" />
  <testcase classname="ptolemy.util.test.junit.AutoTests" name="[87] /home/travis/build/icyphy/ptII/ptolemy/domains/continuous/test/auto/LorenzDifferentialSystem.xml (RunModel)" time="0.987" />
  <testcase classname="ptolemy.util.test.junit.AutoTests" name="[88] /home/travis/build/icyphy/ptII/ptolemy/domains/continuous/test/auto/LorenzDifferentialSystemWithInput.xml (RunModel)" time="1.195" />
  <testcase classname="ptolemy.util.test.junit.AutoTests" name="[89] /home/travis/build/icyphy/ptII/ptolemy/domains/continuous/test/auto/LorenzDifferentialSystemWithTime.xml (RunModel)" time="0.612" />
  <testcase classname="ptolemy.util.test.junit.AutoTests" name="[90] /home/travis/build/icyphy/ptII/ptolemy/domains/continuous/test/auto/Microsteps.xml (RunModel)" time="0.025" />
  <testcase classname="ptolemy.util.test.junit.AutoTests" name="[91] /home/travis/build/icyphy/ptII/ptolemy/domains/continuous/test/auto/Modal1.xml (RunModel)" time="0.044" />
  <testcase classname="ptolemy.util.test.junit.AutoTests" name="[92] /home/travis/build/icyphy/ptII/ptolemy/domains/continuous/test/auto/Modal2.xml (RunModel)" time="0.05" />
  <testcase classname="ptolemy.util.test.junit.AutoTests" name="[93] /home/travis/build/icyphy/ptII/ptolemy/domains/continuous/test/auto/ModalTransitionGuardWithReset.xml (RunModel)" time="0.022" />
  <testcase classname="ptolemy.util.test.junit.AutoTests" name="[94] /home/travis/build/icyphy/ptII/ptolemy/domains/continuous/test/auto/ModalTransitionGuardWithResetUsingPreemptiveTransition.xml (RunModel)" time="0.023" />
  <testcase classname="ptolemy.util.test.junit.AutoTests" name="[95] /home/travis/build/icyphy/ptII/ptolemy/domains/continuous/test/auto/ModalTransitionGuardWithResetUsingPreemptiveTransition2.xml (RunModel)" time="0.027" />
  <testcase classname="ptolemy.util.test.junit.AutoTests" name="[96] /home/travis/build/icyphy/ptII/ptolemy/domains/continuous/test/auto/ModalTransitionGuardWithResetUsingPreemptiveTransition3.xml (RunModel)" time="0.018" />
  <testcase classname="ptolemy.util.test.junit.AutoTests" name="[97] /home/travis/build/icyphy/ptII/ptolemy/domains/continuous/test/auto/NewtonsCradle.xml (RunModel)" time="0.833" />
  <testcase classname="ptolemy.util.test.junit.AutoTests" name="[98] /home/travis/build/icyphy/ptII/ptolemy/domains/continuous/test/auto/NewtonsCradleAnimated.xml (RunModel)" time="1.033" />
  <testcase classname="ptolemy.util.test.junit.AutoTests" name="[99] /home/travis/build/icyphy/ptII/ptolemy/domains/continuous/test/auto/NewtonsCradleComplicated.xml (RunModel)" time="0.783" />
  <testcase classname="ptolemy.util.test.junit.AutoTests" name="[100] /home/travis/build/icyphy/ptII/ptolemy/domains/continuous/test/auto/NewtonsCradleNondeterministic.xml (RunModel)" time="0.576" />
  <testcase classname="ptolemy.util.test.junit.AutoTests" name="[101] /home/travis/build/icyphy/ptII/ptolemy/domains/continuous/test/auto/NewtonsCradlePerfectlyInelastic1.xml (RunModel)" time="1.073" />
  <testcase classname="ptolemy.util.test.junit.AutoTests" name="[102] /home/travis/build/icyphy/ptII/ptolemy/domains/continuous/test/auto/Noise.xml (RunModel)" time="0.169" />
  <testcase classname="ptolemy.util.test.junit.AutoTests" name="[103] /home/travis/build/icyphy/ptII/ptolemy/domains/continuous/test/auto/NoiseSpectrum.xml (RunModel)" time="0.691" />
  <testcase classname="ptolemy.util.test.junit.AutoTests" name="[104] /home/travis/build/icyphy/ptII/ptolemy/domains/continuous/test/auto/ParameterizedNewtonsCradleAnimated.xml (RunModel)" time="0.334" />
  <testcase classname="ptolemy.util.test.junit.AutoTests" name="[105] /home/travis/build/icyphy/ptII/ptolemy/domains/continuous/test/auto/ParameterizedNewtonsCradleAnimatedNondeterministic.xml (RunModel)" time="1.055" />
  <testcase classname="ptolemy.util.test.junit.AutoTests" name="[106] /home/travis/build/icyphy/ptII/ptolemy/domains/continuous/test/auto/Pendulum3D.xml (RunModel)" time="0.161" />
  <testcase classname="ptolemy.util.test.junit.AutoTests" name="[107] /home/travis/build/icyphy/ptII/ptolemy/domains/continuous/test/auto/PeriodicSampler.xml (RunModel)" time="0.017" />
  <testcase classname="ptolemy.util.test.junit.AutoTests" name="[108] /home/travis/build/icyphy/ptII/ptolemy/domains/continuous/test/auto/PeriodicSampler1.xml (RunModel)" time="0.042" />
  <testcase classname="ptolemy.util.test.junit.AutoTests" name="[109] /home/travis/build/icyphy/ptII/ptolemy/domains/continuous/test/auto/PeriodicSampler2.xml (RunModel)" time="0.071" />
  <testcase classname="ptolemy.util.test.junit.AutoTests" name="[110] /home/travis/build/icyphy/ptII/ptolemy/domains/continuous/test/auto/Poisson.xml (RunModel)" time="0.387" />
  <testcase classname="ptolemy.util.test.junit.AutoTests" name="[111] /home/travis/build/icyphy/ptII/ptolemy/domains/continuous/test/auto/PoissonClock.xml (RunModel)" time="0.013" />
  <testcase classname="ptolemy.util.test.junit.AutoTests" name="[112] /home/travis/build/icyphy/ptII/ptolemy/domains/continuous/test/auto/PoissonClock2.xml (RunModel)" time="0.011" />
  <testcase classname="ptolemy.util.test.junit.AutoTests" name="[113] /home/travis/build/icyphy/ptII/ptolemy/domains/continuous/test/auto/PortParameterHierarchy.xml (RunModel)" time="0.027" />
  <testcase classname="ptolemy.util.test.junit.AutoTests" name="[114] /home/travis/build/icyphy/ptII/ptolemy/domains/continuous/test/auto/RandomHybridPlant.xml (RunModel)" time="0.549" />
  <testcase classname="ptolemy.util.test.junit.AutoTests" name="[115] /home/travis/build/icyphy/ptII/ptolemy/domains/continuous/test/auto/ResetTransitionWithStartTime1.xml (RunModel)" time="0.029" />
  <testcase classname="ptolemy.util.test.junit.AutoTests" name="[116] /home/travis/build/icyphy/ptII/ptolemy/domains/continuous/test/auto/ResetTransitionWithStartTime2.xml (RunModel)" time="0.031" />
  <testcase classname="ptolemy.util.test.junit.AutoTests" name="[117] /home/travis/build/icyphy/ptII/ptolemy/domains/continuous/test/auto/ResetTransitionWithStartTime3.xml (RunModel)" time="0.036" />
  <testcase classname="ptolemy.util.test.junit.AutoTests" name="[118] /home/travis/build/icyphy/ptII/ptolemy/domains/continuous/test/auto/ResetTransitionWithStartTime4.xml (RunModel)" time="0.027" />
  <testcase classname="ptolemy.util.test.junit.AutoTests" name="[119] /home/travis/build/icyphy/ptII/ptolemy/domains/continuous/test/auto/ResetTransitionWithStartTime5.xml (RunModel)" time="0.035" />
  <testcase classname="ptolemy.util.test.junit.AutoTests" name="[120] /home/travis/build/icyphy/ptII/ptolemy/domains/continuous/test/auto/ResetTransitionWithStartTime6.xml (RunModel)" time="0.025" />
  <testcase classname="ptolemy.util.test.junit.AutoTests" name="[121] /home/travis/build/icyphy/ptII/ptolemy/domains/continuous/test/auto/SRinContinuous.xml (RunModel)" time="0.022" />
  <testcase classname="ptolemy.util.test.junit.AutoTests" name="[122] /home/travis/build/icyphy/ptII/ptolemy/domains/continuous/test/auto/SampledClocks.xml (RunModel)" time="0.046" />
  <testcase classname="ptolemy.util.test.junit.AutoTests" name="[123] /home/travis/build/icyphy/ptII/ptolemy/domains/continuous/test/auto/Satellite.xml (RunModel)" time="0.664" />
  <testcase classname="ptolemy.util.test.junit.AutoTests" name="[124] /home/travis/build/icyphy/ptII/ptolemy/domains/continuous/test/auto/SigmaDelta.xml (RunModel)" time="1.85" />
  <testcase classname="ptolemy.util.test.junit.AutoTests" name="[125] /home/travis/build/icyphy/ptII/ptolemy/domains/continuous/test/auto/SingleRefinement.xml (RunModel)" time="0.388" />
  <testcase classname="ptolemy.util.test.junit.AutoTests" name="[126] /home/travis/build/icyphy/ptII/ptolemy/domains/continuous/test/auto/SinuBouncingBall.xml (RunModel)" time="0.847" />
  <testcase classname="ptolemy.util.test.junit.AutoTests" name="[127] /home/travis/build/icyphy/ptII/ptolemy/domains/continuous/test/auto/Sinusoid.xml (RunModel)" time="0.013" />
  <testcase classname="ptolemy.util.test.junit.AutoTests" name="[128] /home/travis/build/icyphy/ptII/ptolemy/domains/continuous/test/auto/SinusoidInNoise.xml (RunModel)" time="0.893" />
  <testcase classname="ptolemy.util.test.junit.AutoTests" name="[129] /home/travis/build/icyphy/ptII/ptolemy/domains/continuous/test/auto/SinusoidRK45.xml (RunModel)" time="0.013" />
  <testcase classname="ptolemy.util.test.junit.AutoTests" name="[130] /home/travis/build/icyphy/ptII/ptolemy/domains/continuous/test/auto/SinusoidWithMultipleImpulses.xml (RunModel)" time="0.011" />
  <testcase classname="ptolemy.util.test.junit.AutoTests" name="[131] /home/travis/build/icyphy/ptII/ptolemy/domains/continuous/test/auto/SquareWave.xml (RunModel)" time="0.149" />
  <testcase classname="ptolemy.util.test.junit.AutoTests" name="[132] /home/travis/build/icyphy/ptII/ptolemy/domains/continuous/test/auto/Starmac.xml (RunModel)" time="3.349" />
  <testcase classname="ptolemy.util.test.junit.AutoTests" name="[133] /home/travis/build/icyphy/ptII/ptolemy/domains/continuous/test/auto/StaticUnits.xml (RunModel)" time="2.405" />
  <testcase classname="ptolemy.util.test.junit.AutoTests" name="[134] /home/travis/build/icyphy/ptII/ptolemy/domains/continuous/test/auto/StickyMasses.xml (RunModel)" time="0.174" />
  <testcase classname="ptolemy.util.test.junit.AutoTests" name="[135] /home/travis/build/icyphy/ptII/ptolemy/domains/continuous/test/auto/StopTime.xml (RunModel)" time="0.065" />
  <testcase classname="ptolemy.util.test.junit.AutoTests" name="[136] /home/travis/build/icyphy/ptII/ptolemy/domains/continuous/test/auto/StopTime2.xml (RunModel)" time="0.059" />
  <testcase classname="ptolemy.util.test.junit.AutoTests" name="[137] /home/travis/build/icyphy/ptII/ptolemy/domains/continuous/test/auto/Switch.xml (RunModel)" time="0.071" />
  <testcase classname="ptolemy.util.test.junit.AutoTests" name="[138] /home/travis/build/icyphy/ptII/ptolemy/domains/continuous/test/auto/Thermostat.xml (RunModel)" time="0.218" />
  <testcase classname="ptolemy.util.test.junit.AutoTests" name="[139] /home/travis/build/icyphy/ptII/ptolemy/domains/continuous/test/auto/TimeDelay.xml (RunModel)" time="0.014" />
  <testcase classname="ptolemy.util.test.junit.AutoTests" name="[140] /home/travis/build/icyphy/ptII/ptolemy/domains/continuous/test/auto/TimeDelay2.xml (RunModel)" time="0.024" />
  <testcase classname="ptolemy.util.test.junit.AutoTests" name="[141] /home/travis/build/icyphy/ptII/ptolemy/domains/continuous/test/auto/TimeDelay3.xml (RunModel)" time="0.011" />
  <testcase classname="ptolemy.util.test.junit.AutoTests" name="[142] /home/travis/build/icyphy/ptII/ptolemy/domains/continuous/test/auto/TransferAbsentToInside.xml (RunModel)" time="0.108" />
  <testcase classname="ptolemy.util.test.junit.AutoTests" name="[143] /home/travis/build/icyphy/ptII/ptolemy/domains/continuous/test/auto/Transmission.xml (RunModel)" time="0.84" />
  <testcase classname="ptolemy.util.test.junit.AutoTests" name="[144] /home/travis/build/icyphy/ptII/ptolemy/domains/continuous/test/auto/TriggeredContinuousClock.xml (RunModel)" time="0.057" />
  <testcase classname="ptolemy.util.test.junit.AutoTests" name="[145] /home/travis/build/icyphy/ptII/ptolemy/domains/continuous/test/auto/TwoMachineInfiniteBusControl.xml (RunModel)" time="2.443" />
  <testcase classname="ptolemy.util.test.junit.AutoTests" name="[146] /home/travis/build/icyphy/ptII/ptolemy/domains/continuous/test/auto/V2V.xml (RunModel)" time="0.702" />
  <testcase classname="ptolemy.util.test.junit.AutoTests" name="[147] /home/travis/build/icyphy/ptII/ptolemy/domains/continuous/test/auto/hierarchicalModalModel.xml (RunModel)" time="0.032" />
  <testcase classname="ptolemy.util.test.junit.AutoTests" name="[148] /home/travis/build/icyphy/ptII/ptolemy/domains/continuous/test/auto/hierarchicalModalModel1.xml (RunModel)" time="0.029" />
  <testcase classname="ptolemy.util.test.junit.AutoTests" name="[149] /home/travis/build/icyphy/ptII/ptolemy/domains/continuous/test/auto/hierarchicalModalModel2.xml (RunModel)" time="0.025" />
  <testcase classname="ptolemy.util.test.junit.AutoTests" name="[150] /home/travis/build/icyphy/ptII/ptolemy/domains/continuous/test/auto/hierarchicalModalModel3.xml (RunModel)" time="0.021" />
  <testcase classname="ptolemy.util.test.junit.AutoTests" name="[151] /home/travis/build/icyphy/ptII/ptolemy/domains/continuous/test/auto/hierarchicalModalModel4.xml (RunModel)" time="0.033" />
  <testcase classname="ptolemy.util.test.junit.AutoTests" name="[152] /home/travis/build/icyphy/ptII/ptolemy/domains/continuous/test/auto/junk.xml (RunModel)" time="0.146" />
  <system-out><![CDATA[No tcl tests in /home/travis/build/icyphy/ptII/ptolemy/domains/continuous/test
No auto/knownFailedTests/*.xml tests in /home/travis/build/icyphy/ptII/ptolemy/domains/continuous/test
No auto/linux-amd64/*.xml tests in /home/travis/build/icyphy/ptII/ptolemy/domains/continuous/test
AutoTests.java: About to close Vertx.
AutoTests.java: Vertx closed.

===========================================================================================
----------------- testing Sun Feb 02 06:59:55 UTC 2020 /home/travis/build/icyphy/ptII/ptolemy/domains/continuous/test/auto/BouncingBall.xml
----------------- Instantiating /home/travis/build/icyphy/ptII/ptolemy/domains/continuous/test/auto/BouncingBall.xml
2142 ms. Memory: 129024K Free: 48499K (38%)
----------------- Invoking toplevel() on ptolemy.moml.MoMLSimpleApplication@47b3830b
----------------- Done invoking toplevel() on ptolemy.moml.MoMLSimpleApplication@47b3830b
reloadAllAccessors: .BouncingBall

===========================================================================================
----------------- testing Sun Feb 02 06:59:57 UTC 2020 /home/travis/build/icyphy/ptII/ptolemy/domains/continuous/test/auto/BouncingBallWithoutGR.xml
----------------- Instantiating /home/travis/build/icyphy/ptII/ptolemy/domains/continuous/test/auto/BouncingBallWithoutGR.xml
713 ms. Memory: 162816K Free: 73024K (45%)
----------------- Invoking toplevel() on ptolemy.moml.MoMLSimpleApplication@dbfb44a
----------------- Done invoking toplevel() on ptolemy.moml.MoMLSimpleApplication@dbfb44a
reloadAllAccessors: .BouncingBallWithoutGR

===========================================================================================
----------------- testing Sun Feb 02 06:59:58 UTC 2020 /home/travis/build/icyphy/ptII/ptolemy/domains/continuous/test/auto/Brownian.xml
----------------- Instantiating /home/travis/build/icyphy/ptII/ptolemy/domains/continuous/test/auto/Brownian.xml
29 ms. Memory: 162816K Free: 63822K (39%)
----------------- Invoking toplevel() on ptolemy.moml.MoMLSimpleApplication@4625ab2
----------------- Done invoking toplevel() on ptolemy.moml.MoMLSimpleApplication@4625ab2
reloadAllAccessors: .Brownian

===========================================================================================
----------------- testing Sun Feb 02 06:59:58 UTC 2020 /home/travis/build/icyphy/ptII/ptolemy/domains/continuous/test/auto/CarTracking.xml
----------------- Instantiating /home/travis/build/icyphy/ptII/ptolemy/domains/continuous/test/auto/CarTracking.xml
3641 ms. Memory: 235520K Free: 151432K (64%)
----------------- Invoking toplevel() on ptolemy.moml.MoMLSimpleApplication@2fe32b33
----------------- Done invoking toplevel() on ptolemy.moml.MoMLSimpleApplication@2fe32b33
reloadAllAccessors: .CarTracking

===========================================================================================
----------------- testing Sun Feb 02 07:00:02 UTC 2020 /home/travis/build/icyphy/ptII/ptolemy/domains/continuous/test/auto/CartPendulum.xml
----------------- Instantiating /home/travis/build/icyphy/ptII/ptolemy/domains/continuous/test/auto/CartPendulum.xml
369 ms. Memory: 235520K Free: 199354K (85%)
----------------- Invoking toplevel() on ptolemy.moml.MoMLSimpleApplication@5d9e39e3
----------------- Done invoking toplevel() on ptolemy.moml.MoMLSimpleApplication@5d9e39e3
reloadAllAccessors: .CartPendulum

===========================================================================================
----------------- testing Sun Feb 02 07:00:03 UTC 2020 /home/travis/build/icyphy/ptII/ptolemy/domains/continuous/test/auto/CausalityInterface10.xml
----------------- Instantiating /home/travis/build/icyphy/ptII/ptolemy/domains/continuous/test/auto/CausalityInterface10.xml
11 ms. Memory: 235520K Free: 188604K (80%)
----------------- Invoking toplevel() on ptolemy.moml.MoMLSimpleApplication@5ba5e193
----------------- Done invoking toplevel() on ptolemy.moml.MoMLSimpleApplication@5ba5e193
reloadAllAccessors: .CausalityInterface10

===========================================================================================
----------------- testing Sun Feb 02 07:00:03 UTC 2020 /home/travis/build/icyphy/ptII/ptolemy/domains/continuous/test/auto/CausalityInterface11.xml
----------------- Instantiating /home/travis/build/icyphy/ptII/ptolemy/domains/continuous/test/auto/CausalityInterface11.xml
8 ms. Memory: 235520K Free: 182460K (77%)
----------------- Invoking toplevel() on ptolemy.moml.MoMLSimpleApplication@7937bfdb
----------------- Done invoking toplevel() on ptolemy.moml.MoMLSimpleApplication@7937bfdb
reloadAllAccessors: .CausalityInterface11

===========================================================================================
----------------- testing Sun Feb 02 07:00:03 UTC 2020 /home/travis/build/icyphy/ptII/ptolemy/domains/continuous/test/auto/CausalityInterface12.xml
----------------- Instantiating /home/travis/build/icyphy/ptII/ptolemy/domains/continuous/test/auto/CausalityInterface12.xml
10 ms. Memory: 235520K Free: 176316K (75%)
----------------- Invoking toplevel() on ptolemy.moml.MoMLSimpleApplication@5539191b
----------------- Done invoking toplevel() on ptolemy.moml.MoMLSimpleApplication@5539191b
reloadAllAccessors: .CausalityInterface12

===========================================================================================
----------------- testing Sun Feb 02 07:00:03 UTC 2020 /home/travis/build/icyphy/ptII/ptolemy/domains/continuous/test/auto/CausalityInterface13.xml
----------------- Instantiating /home/travis/build/icyphy/ptII/ptolemy/domains/continuous/test/auto/CausalityInterface13.xml
7 ms. Memory: 235520K Free: 170172K (72%)
----------------- Invoking toplevel() on ptolemy.moml.MoMLSimpleApplication@29b055b6
----------------- Done invoking toplevel() on ptolemy.moml.MoMLSimpleApplication@29b055b6
reloadAllAccessors: .CausalityInterface13

===========================================================================================
----------------- testing Sun Feb 02 07:00:03 UTC 2020 /home/travis/build/icyphy/ptII/ptolemy/domains/continuous/test/auto/CausalityInterface14.xml
----------------- Instantiating /home/travis/build/icyphy/ptII/ptolemy/domains/continuous/test/auto/CausalityInterface14.xml
3 ms. Memory: 235520K Free: 164524K (70%)
----------------- Invoking toplevel() on ptolemy.moml.MoMLSimpleApplication@7344aa00
----------------- Done invoking toplevel() on ptolemy.moml.MoMLSimpleApplication@7344aa00
reloadAllAccessors: .CausalityInterface14

===========================================================================================
----------------- testing Sun Feb 02 07:00:03 UTC 2020 /home/travis/build/icyphy/ptII/ptolemy/domains/continuous/test/auto/CausalityInterface4.xml
----------------- Instantiating /home/travis/build/icyphy/ptII/ptolemy/domains/continuous/test/auto/CausalityInterface4.xml
5 ms. Memory: 235520K Free: 157884K (67%)
----------------- Invoking toplevel() on ptolemy.moml.MoMLSimpleApplication@a2e9496
----------------- Done invoking toplevel() on ptolemy.moml.MoMLSimpleApplication@a2e9496
reloadAllAccessors: .CausalityInterface4

===========================================================================================
----------------- testing Sun Feb 02 07:00:03 UTC 2020 /home/travis/build/icyphy/ptII/ptolemy/domains/continuous/test/auto/CausalityInterface5.xml
----------------- Instantiating /home/travis/build/icyphy/ptII/ptolemy/domains/continuous/test/auto/CausalityInterface5.xml
3 ms. Memory: 235520K Free: 149692K (64%)
----------------- Invoking toplevel() on ptolemy.moml.MoMLSimpleApplication@a103c7f
----------------- Done invoking toplevel() on ptolemy.moml.MoMLSimpleApplication@a103c7f
reloadAllAccessors: .CausalityInterface5

===========================================================================================
----------------- testing Sun Feb 02 07:00:03 UTC 2020 /home/travis/build/icyphy/ptII/ptolemy/domains/continuous/test/auto/CausalityInterface6.xml
----------------- Instantiating /home/travis/build/icyphy/ptII/ptolemy/domains/continuous/test/auto/CausalityInterface6.xml
3 ms. Memory: 235520K Free: 144572K (61%)
----------------- Invoking toplevel() on ptolemy.moml.MoMLSimpleApplication@24f2d74f
----------------- Done invoking toplevel() on ptolemy.moml.MoMLSimpleApplication@24f2d74f
reloadAllAccessors: .CausalityInterface6

===========================================================================================
----------------- testing Sun Feb 02 07:00:03 UTC 2020 /home/travis/build/icyphy/ptII/ptolemy/domains/continuous/test/auto/CausalityInterface7.xml
----------------- Instantiating /home/travis/build/icyphy/ptII/ptolemy/domains/continuous/test/auto/CausalityInterface7.xml
13 ms. Memory: 235520K Free: 135866K (58%)
----------------- Invoking toplevel() on ptolemy.moml.MoMLSimpleApplication@9823488
----------------- Done invoking toplevel() on ptolemy.moml.MoMLSimpleApplication@9823488
reloadAllAccessors: .CausalityInterface7

===========================================================================================
----------------- testing Sun Feb 02 07:00:03 UTC 2020 /home/travis/build/icyphy/ptII/ptolemy/domains/continuous/test/auto/CausalityInterface8.xml
----------------- Instantiating /home/travis/build/icyphy/ptII/ptolemy/domains/continuous/test/auto/CausalityInterface8.xml
4 ms. Memory: 235520K Free: 126650K (54%)
----------------- Invoking toplevel() on ptolemy.moml.MoMLSimpleApplication@31cf09f3
----------------- Done invoking toplevel() on ptolemy.moml.MoMLSimpleApplication@31cf09f3
reloadAllAccessors: .CausalityInterface8

===========================================================================================
----------------- testing Sun Feb 02 07:00:03 UTC 2020 /home/travis/build/icyphy/ptII/ptolemy/domains/continuous/test/auto/CausalityInterface9.xml
----------------- Instantiating /home/travis/build/icyphy/ptII/ptolemy/domains/continuous/test/auto/CausalityInterface9.xml
4 ms. Memory: 235520K Free: 115900K (49%)
----------------- Invoking toplevel() on ptolemy.moml.MoMLSimpleApplication@6e813a14
----------------- Done invoking toplevel() on ptolemy.moml.MoMLSimpleApplication@6e813a14
reloadAllAccessors: .CausalityInterface9

===========================================================================================
----------------- testing Sun Feb 02 07:00:03 UTC 2020 /home/travis/build/icyphy/ptII/ptolemy/domains/continuous/test/auto/CausalityInterfaceFeedback1.xml
----------------- Instantiating /home/travis/build/icyphy/ptII/ptolemy/domains/continuous/test/auto/CausalityInterfaceFeedback1.xml
5 ms. Memory: 235520K Free: 109228K (46%)
----------------- Invoking toplevel() on ptolemy.moml.MoMLSimpleApplication@2e019c55
----------------- Done invoking toplevel() on ptolemy.moml.MoMLSimpleApplication@2e019c55
reloadAllAccessors: .CausalityInterfaceFeedback1

===========================================================================================
----------------- testing Sun Feb 02 07:00:03 UTC 2020 /home/travis/build/icyphy/ptII/ptolemy/domains/continuous/test/auto/CausalityInterfaceFeedback2.xml
----------------- Instantiating /home/travis/build/icyphy/ptII/ptolemy/domains/continuous/test/auto/CausalityInterfaceFeedback2.xml
3 ms. Memory: 235520K Free: 102588K (44%)
----------------- Invoking toplevel() on ptolemy.moml.MoMLSimpleApplication@521d114d
----------------- Done invoking toplevel() on ptolemy.moml.MoMLSimpleApplication@521d114d
reloadAllAccessors: .CausalityInterfaceFeedback2

===========================================================================================
----------------- testing Sun Feb 02 07:00:03 UTC 2020 /home/travis/build/icyphy/ptII/ptolemy/domains/continuous/test/auto/CompareWithCurrentTime.xml
----------------- Instantiating /home/travis/build/icyphy/ptII/ptolemy/domains/continuous/test/auto/CompareWithCurrentTime.xml
2 ms. Memory: 235520K Free: 98492K (42%)
----------------- Invoking toplevel() on ptolemy.moml.MoMLSimpleApplication@39ff2888
----------------- Done invoking toplevel() on ptolemy.moml.MoMLSimpleApplication@39ff2888
reloadAllAccessors: .CompareWithCurrentTime

===========================================================================================
----------------- testing Sun Feb 02 07:00:03 UTC 2020 /home/travis/build/icyphy/ptII/ptolemy/domains/continuous/test/auto/ComparedClocks.xml
----------------- Instantiating /home/travis/build/icyphy/ptII/ptolemy/domains/continuous/test/auto/ComparedClocks.xml
5 ms. Memory: 235520K Free: 83132K (35%)
----------------- Invoking toplevel() on ptolemy.moml.MoMLSimpleApplication@576b3f74
----------------- Done invoking toplevel() on ptolemy.moml.MoMLSimpleApplication@576b3f74
reloadAllAccessors: .ComparedClocks

===========================================================================================
----------------- testing Sun Feb 02 07:00:03 UTC 2020 /home/travis/build/icyphy/ptII/ptolemy/domains/continuous/test/auto/ContinuousAOCClone.xml
----------------- Instantiating /home/travis/build/icyphy/ptII/ptolemy/domains/continuous/test/auto/ContinuousAOCClone.xml
2329 ms. Memory: 235520K Free: 122258K (52%)
----------------- Invoking toplevel() on ptolemy.moml.MoMLSimpleApplication@359c50c
----------------- Done invoking toplevel() on ptolemy.moml.MoMLSimpleApplication@359c50c
reloadAllAccessors: .ContinuousAOCClone

===========================================================================================
----------------- testing Sun Feb 02 07:00:06 UTC 2020 /home/travis/build/icyphy/ptII/ptolemy/domains/continuous/test/auto/ContinuousClock.xml
----------------- Instantiating /home/travis/build/icyphy/ptII/ptolemy/domains/continuous/test/auto/ContinuousClock.xml
27 ms. Memory: 235520K Free: 100754K (43%)
----------------- Invoking toplevel() on ptolemy.moml.MoMLSimpleApplication@548c1d36
----------------- Done invoking toplevel() on ptolemy.moml.MoMLSimpleApplication@548c1d36
reloadAllAccessors: .ContinuousClock

===========================================================================================
----------------- testing Sun Feb 02 07:00:06 UTC 2020 /home/travis/build/icyphy/ptII/ptolemy/domains/continuous/test/auto/ContinuousInContinuous.xml
----------------- Instantiating /home/travis/build/icyphy/ptII/ptolemy/domains/continuous/test/auto/ContinuousInContinuous.xml
42 ms. Memory: 282624K Free: 264685K (94%)
----------------- Invoking toplevel() on ptolemy.moml.MoMLSimpleApplication@4cae8da1
----------------- Done invoking toplevel() on ptolemy.moml.MoMLSimpleApplication@4cae8da1
reloadAllAccessors: .ContinuousInContinuous

===========================================================================================
----------------- testing Sun Feb 02 07:00:06 UTC 2020 /home/travis/build/icyphy/ptII/ptolemy/domains/continuous/test/auto/ContinuousInContinuousInContinuous.xml
----------------- Instantiating /home/travis/build/icyphy/ptII/ptolemy/domains/continuous/test/auto/ContinuousInContinuousInContinuous.xml
6 ms. Memory: 282624K Free: 256866K (91%)
----------------- Invoking toplevel() on ptolemy.moml.MoMLSimpleApplication@76f43867
----------------- Done invoking toplevel() on ptolemy.moml.MoMLSimpleApplication@76f43867
reloadAllAccessors: .ContinuousInContinuousInContinuous

===========================================================================================
----------------- testing Sun Feb 02 07:00:06 UTC 2020 /home/travis/build/icyphy/ptII/ptolemy/domains/continuous/test/auto/ContinuousInDE.xml
----------------- Instantiating /home/travis/build/icyphy/ptII/ptolemy/domains/continuous/test/auto/ContinuousInDE.xml
98 ms. Memory: 282624K Free: 246116K (87%)
----------------- Invoking toplevel() on ptolemy.moml.MoMLSimpleApplication@db6c72
----------------- Done invoking toplevel() on ptolemy.moml.MoMLSimpleApplication@db6c72
reloadAllAccessors: .ContinuousInDE

===========================================================================================
----------------- testing Sun Feb 02 07:00:06 UTC 2020 /home/travis/build/icyphy/ptII/ptolemy/domains/continuous/test/auto/ContinuousInDE2.xml
----------------- Instantiating /home/travis/build/icyphy/ptII/ptolemy/domains/continuous/test/auto/ContinuousInDE2.xml
43 ms. Memory: 282624K Free: 236386K (84%)
----------------- Invoking toplevel() on ptolemy.moml.MoMLSimpleApplication@728dcebe
----------------- Done invoking toplevel() on ptolemy.moml.MoMLSimpleApplication@728dcebe
reloadAllAccessors: .ContinuousInDE2

===========================================================================================
----------------- testing Sun Feb 02 07:00:06 UTC 2020 /home/travis/build/icyphy/ptII/ptolemy/domains/continuous/test/auto/ContinuousInDE3.xml
----------------- Instantiating /home/travis/build/icyphy/ptII/ptolemy/domains/continuous/test/auto/ContinuousInDE3.xml
44 ms. Memory: 282624K Free: 226660K (80%)
----------------- Invoking toplevel() on ptolemy.moml.MoMLSimpleApplication@5dfb8074
----------------- Done invoking toplevel() on ptolemy.moml.MoMLSimpleApplication@5dfb8074
reloadAllAccessors: .ContinuousInDE3

===========================================================================================
----------------- testing Sun Feb 02 07:00:06 UTC 2020 /home/travis/build/icyphy/ptII/ptolemy/domains/continuous/test/auto/ContinuousInDE4.xml
----------------- Instantiating /home/travis/build/icyphy/ptII/ptolemy/domains/continuous/test/auto/ContinuousInDE4.xml
17 ms. Memory: 282624K Free: 220516K (78%)
----------------- Invoking toplevel() on ptolemy.moml.MoMLSimpleApplication@28829a8e
----------------- Done invoking toplevel() on ptolemy.moml.MoMLSimpleApplication@28829a8e
reloadAllAccessors: .ContinuousInDE4

===========================================================================================
----------------- testing Sun Feb 02 07:00:06 UTC 2020 /home/travis/build/icyphy/ptII/ptolemy/domains/continuous/test/auto/ContinuousInDEDifferentRefinements.xml
----------------- Instantiating /home/travis/build/icyphy/ptII/ptolemy/domains/continuous/test/auto/ContinuousInDEDifferentRefinements.xml
61 ms. Memory: 282624K Free: 189267K (67%)
----------------- Invoking toplevel() on ptolemy.moml.MoMLSimpleApplication@680af81a
----------------- Done invoking toplevel() on ptolemy.moml.MoMLSimpleApplication@680af81a
reloadAllAccessors: .ContinuousInDEDifferentRefinements

===========================================================================================
----------------- testing Sun Feb 02 07:00:06 UTC 2020 /home/travis/build/icyphy/ptII/ptolemy/domains/continuous/test/auto/ContinuousInDEDifferentRefinementsPreemptive.xml
----------------- Instantiating /home/travis/build/icyphy/ptII/ptolemy/domains/continuous/test/auto/ContinuousInDEDifferentRefinementsPreemptive.xml
51 ms. Memory: 282624K Free: 158562K (56%)
----------------- Invoking toplevel() on ptolemy.moml.MoMLSimpleApplication@65577dd6
----------------- Done invoking toplevel() on ptolemy.moml.MoMLSimpleApplication@65577dd6
reloadAllAccessors: .ContinuousInDEDifferentRefinementsPreemptive

===========================================================================================
----------------- testing Sun Feb 02 07:00:07 UTC 2020 /home/travis/build/icyphy/ptII/ptolemy/domains/continuous/test/auto/ContinuousInDEInContinuous2.xml
----------------- Instantiating /home/travis/build/icyphy/ptII/ptolemy/domains/continuous/test/auto/ContinuousInDEInContinuous2.xml
49 ms. Memory: 282624K Free: 147298K (52%)
----------------- Invoking toplevel() on ptolemy.moml.MoMLSimpleApplication@1137a424
----------------- Done invoking toplevel() on ptolemy.moml.MoMLSimpleApplication@1137a424
reloadAllAccessors: .ContinuousInDEInContinuous2

===========================================================================================
----------------- testing Sun Feb 02 07:00:07 UTC 2020 /home/travis/build/icyphy/ptII/ptolemy/domains/continuous/test/auto/ContinuousInDEInContinuous3.xml
----------------- Instantiating /home/travis/build/icyphy/ptII/ptolemy/domains/continuous/test/auto/ContinuousInDEInContinuous3.xml
47 ms. Memory: 282624K Free: 135010K (48%)
----------------- Invoking toplevel() on ptolemy.moml.MoMLSimpleApplication@6071322b
----------------- Done invoking toplevel() on ptolemy.moml.MoMLSimpleApplication@6071322b
reloadAllAccessors: .ContinuousInDEInContinuous3

===========================================================================================
----------------- testing Sun Feb 02 07:00:07 UTC 2020 /home/travis/build/icyphy/ptII/ptolemy/domains/continuous/test/auto/ContinuousInDEInput.xml
----------------- Instantiating /home/travis/build/icyphy/ptII/ptolemy/domains/continuous/test/auto/ContinuousInDEInput.xml
18 ms. Memory: 282624K Free: 127842K (45%)
----------------- Invoking toplevel() on ptolemy.moml.MoMLSimpleApplication@70fb4804
----------------- Done invoking toplevel() on ptolemy.moml.MoMLSimpleApplication@70fb4804
reloadAllAccessors: .ContinuousInDEInput

===========================================================================================
----------------- testing Sun Feb 02 07:00:07 UTC 2020 /home/travis/build/icyphy/ptII/ptolemy/domains/continuous/test/auto/ContinuousInDEInput2.xml
----------------- Instantiating /home/travis/build/icyphy/ptII/ptolemy/domains/continuous/test/auto/ContinuousInDEInput2.xml
15 ms. Memory: 282624K Free: 120674K (43%)
----------------- Invoking toplevel() on ptolemy.moml.MoMLSimpleApplication@7691b8c5
----------------- Done invoking toplevel() on ptolemy.moml.MoMLSimpleApplication@7691b8c5
reloadAllAccessors: .ContinuousInDEInput2

===========================================================================================
----------------- testing Sun Feb 02 07:00:07 UTC 2020 /home/travis/build/icyphy/ptII/ptolemy/domains/continuous/test/auto/ContinuousInDEInput3.xml
----------------- Instantiating /home/travis/build/icyphy/ptII/ptolemy/domains/continuous/test/auto/ContinuousInDEInput3.xml
15 ms. Memory: 282624K Free: 113506K (40%)
----------------- Invoking toplevel() on ptolemy.moml.MoMLSimpleApplication@6fb354fe
----------------- Done invoking toplevel() on ptolemy.moml.MoMLSimpleApplication@6fb354fe
reloadAllAccessors: .ContinuousInDEInput3

===========================================================================================
----------------- testing Sun Feb 02 07:00:07 UTC 2020 /home/travis/build/icyphy/ptII/ptolemy/domains/continuous/test/auto/ContinuousInDESharingRefinement.xml
----------------- Instantiating /home/travis/build/icyphy/ptII/ptolemy/domains/continuous/test/auto/ContinuousInDESharingRefinement.xml
156 ms. Memory: 282624K Free: 187070K (66%)
----------------- Invoking toplevel() on ptolemy.moml.MoMLSimpleApplication@1465edb0
----------------- Done invoking toplevel() on ptolemy.moml.MoMLSimpleApplication@1465edb0
reloadAllAccessors: .ContinuousInDESharingRefinement

===========================================================================================
----------------- testing Sun Feb 02 07:00:07 UTC 2020 /home/travis/build/icyphy/ptII/ptolemy/domains/continuous/test/auto/ContinuousInDEwithNoPorts.xml
----------------- Instantiating /home/travis/build/icyphy/ptII/ptolemy/domains/continuous/test/auto/ContinuousInDEwithNoPorts.xml
5 ms. Memory: 282624K Free: 182612K (65%)
----------------- Invoking toplevel() on ptolemy.moml.MoMLSimpleApplication@4f3ddcef
----------------- Done invoking toplevel() on ptolemy.moml.MoMLSimpleApplication@4f3ddcef
reloadAllAccessors: .ContinuousInDEwithNoPorts

===========================================================================================
----------------- testing Sun Feb 02 07:00:07 UTC 2020 /home/travis/build/icyphy/ptII/ptolemy/domains/continuous/test/auto/ContinuousInsideDE.xml
----------------- Instantiating /home/travis/build/icyphy/ptII/ptolemy/domains/continuous/test/auto/ContinuousInsideDE.xml
35 ms. Memory: 282624K Free: 171348K (61%)
----------------- Invoking toplevel() on ptolemy.moml.MoMLSimpleApplication@79bd9b38
----------------- Done invoking toplevel() on ptolemy.moml.MoMLSimpleApplication@79bd9b38
reloadAllAccessors: .ContinuousInsideDE

===========================================================================================
----------------- testing Sun Feb 02 07:00:07 UTC 2020 /home/travis/build/icyphy/ptII/ptolemy/domains/continuous/test/auto/ContinuousMerge1.xml
----------------- Instantiating /home/travis/build/icyphy/ptII/ptolemy/domains/continuous/test/auto/ContinuousMerge1.xml
3 ms. Memory: 282624K Free: 167252K (59%)
----------------- Invoking toplevel() on ptolemy.moml.MoMLSimpleApplication@5d0dccc0
----------------- Done invoking toplevel() on ptolemy.moml.MoMLSimpleApplication@5d0dccc0
reloadAllAccessors: .ContinuousMerge1

===========================================================================================
----------------- testing Sun Feb 02 07:00:07 UTC 2020 /home/travis/build/icyphy/ptII/ptolemy/domains/continuous/test/auto/ContinuousMerge2.xml
----------------- Instantiating /home/travis/build/icyphy/ptII/ptolemy/domains/continuous/test/auto/ContinuousMerge2.xml
14 ms. Memory: 282624K Free: 156498K (55%)
----------------- Invoking toplevel() on ptolemy.moml.MoMLSimpleApplication@34fee20
----------------- Done invoking toplevel() on ptolemy.moml.MoMLSimpleApplication@34fee20
reloadAllAccessors: .ContinuousMerge2

===========================================================================================
----------------- testing Sun Feb 02 07:00:07 UTC 2020 /home/travis/build/icyphy/ptII/ptolemy/domains/continuous/test/auto/ContinuousMerge3.xml
----------------- Instantiating /home/travis/build/icyphy/ptII/ptolemy/domains/continuous/test/auto/ContinuousMerge3.xml
42 ms. Memory: 282624K Free: 146258K (52%)
----------------- Invoking toplevel() on ptolemy.moml.MoMLSimpleApplication@14624df0
----------------- Done invoking toplevel() on ptolemy.moml.MoMLSimpleApplication@14624df0
reloadAllAccessors: .ContinuousMerge3

===========================================================================================
----------------- testing Sun Feb 02 07:00:07 UTC 2020 /home/travis/build/icyphy/ptII/ptolemy/domains/continuous/test/auto/ContinuousWithinContinuous.xml
----------------- Instantiating /home/travis/build/icyphy/ptII/ptolemy/domains/continuous/test/auto/ContinuousWithinContinuous.xml
39 ms. Memory: 282624K Free: 137042K (48%)
----------------- Invoking toplevel() on ptolemy.moml.MoMLSimpleApplication@2136623
----------------- Done invoking toplevel() on ptolemy.moml.MoMLSimpleApplication@2136623
reloadAllAccessors: .ContinuousWithinContinuous

===========================================================================================
----------------- testing Sun Feb 02 07:00:07 UTC 2020 /home/travis/build/icyphy/ptII/ptolemy/domains/continuous/test/auto/ContinuousWithinContinuous2.xml
----------------- Instantiating /home/travis/build/icyphy/ptII/ptolemy/domains/continuous/test/auto/ContinuousWithinContinuous2.xml
58 ms. Memory: 282624K Free: 125778K (45%)
----------------- Invoking toplevel() on ptolemy.moml.MoMLSimpleApplication@55a61605
----------------- Done invoking toplevel() on ptolemy.moml.MoMLSimpleApplication@55a61605
reloadAllAccessors: .ContinuousWithinContinuous2

===========================================================================================
----------------- testing Sun Feb 02 07:00:07 UTC 2020 /home/travis/build/icyphy/ptII/ptolemy/domains/continuous/test/auto/ContinuousWithinContinuous3.xml
----------------- Instantiating /home/travis/build/icyphy/ptII/ptolemy/domains/continuous/test/auto/ContinuousWithinContinuous3.xml
11 ms. Memory: 282624K Free: 118610K (42%)
----------------- Invoking toplevel() on ptolemy.moml.MoMLSimpleApplication@5c9c5535
----------------- Done invoking toplevel() on ptolemy.moml.MoMLSimpleApplication@5c9c5535
reloadAllAccessors: .ContinuousWithinContinuous3

===========================================================================================
----------------- testing Sun Feb 02 07:00:07 UTC 2020 /home/travis/build/icyphy/ptII/ptolemy/domains/continuous/test/auto/ContinuousWithinContinuous4.xml
----------------- Instantiating /home/travis/build/icyphy/ptII/ptolemy/domains/continuous/test/auto/ContinuousWithinContinuous4.xml
64 ms. Memory: 282624K Free: 106322K (38%)
----------------- Invoking toplevel() on ptolemy.moml.MoMLSimpleApplication@7cb76f31
----------------- Done invoking toplevel() on ptolemy.moml.MoMLSimpleApplication@7cb76f31
reloadAllAccessors: .ContinuousWithinContinuous4

===========================================================================================
----------------- testing Sun Feb 02 07:00:07 UTC 2020 /home/travis/build/icyphy/ptII/ptolemy/domains/continuous/test/auto/ContinuousWithinContinuous5.xml
----------------- Instantiating /home/travis/build/icyphy/ptII/ptolemy/domains/continuous/test/auto/ContinuousWithinContinuous5.xml
16 ms. Memory: 282624K Free: 267291K (95%)
----------------- Invoking toplevel() on ptolemy.moml.MoMLSimpleApplication@596abfa4
----------------- Done invoking toplevel() on ptolemy.moml.MoMLSimpleApplication@596abfa4
reloadAllAccessors: .ContinuousWithinContinuous5

===========================================================================================
----------------- testing Sun Feb 02 07:00:07 UTC 2020 /home/travis/build/icyphy/ptII/ptolemy/domains/continuous/test/auto/ContinuousWithinContinuous6.xml
----------------- Instantiating /home/travis/build/icyphy/ptII/ptolemy/domains/continuous/test/auto/ContinuousWithinContinuous6.xml
11 ms. Memory: 282624K Free: 259643K (92%)
----------------- Invoking toplevel() on ptolemy.moml.MoMLSimpleApplication@d4ecdee
----------------- Done invoking toplevel() on ptolemy.moml.MoMLSimpleApplication@d4ecdee
reloadAllAccessors: .ContinuousWithinContinuous6

===========================================================================================
----------------- testing Sun Feb 02 07:00:07 UTC 2020 /home/travis/build/icyphy/ptII/ptolemy/domains/continuous/test/auto/ContinuousWithinContinuous7.xml
----------------- Instantiating /home/travis/build/icyphy/ptII/ptolemy/domains/continuous/test/auto/ContinuousWithinContinuous7.xml
47 ms. Memory: 282624K Free: 248379K (88%)
----------------- Invoking toplevel() on ptolemy.moml.MoMLSimpleApplication@1e7b8445
----------------- Done invoking toplevel() on ptolemy.moml.MoMLSimpleApplication@1e7b8445
reloadAllAccessors: .ContinuousWithinContinuous7

===========================================================================================
----------------- testing Sun Feb 02 07:00:08 UTC 2020 /home/travis/build/icyphy/ptII/ptolemy/domains/continuous/test/auto/DCMotor.xml
----------------- Instantiating /home/travis/build/icyphy/ptII/ptolemy/domains/continuous/test/auto/DCMotor.xml
12660 ms. Memory: 282624K Free: 191416K (68%)
----------------- Invoking toplevel() on ptolemy.moml.MoMLSimpleApplication@16f3b94e
----------------- Done invoking toplevel() on ptolemy.moml.MoMLSimpleApplication@16f3b94e
reloadAllAccessors: .DCMotor

===========================================================================================
----------------- testing Sun Feb 02 07:00:20 UTC 2020 /home/travis/build/icyphy/ptII/ptolemy/domains/continuous/test/auto/DEInContinuous.xml
----------------- Instantiating /home/travis/build/icyphy/ptII/ptolemy/domains/continuous/test/auto/DEInContinuous.xml
22 ms. Memory: 282624K Free: 185272K (66%)
----------------- Invoking toplevel() on ptolemy.moml.MoMLSimpleApplication@6ca63094
----------------- Done invoking toplevel() on ptolemy.moml.MoMLSimpleApplication@6ca63094
reloadAllAccessors: .DEInContinuous

===========================================================================================
----------------- testing Sun Feb 02 07:00:20 UTC 2020 /home/travis/build/icyphy/ptII/ptolemy/domains/continuous/test/auto/DEinContinuous2.xml
----------------- Instantiating /home/travis/build/icyphy/ptII/ptolemy/domains/continuous/test/auto/DEinContinuous2.xml
5 ms. Memory: 282624K Free: 177080K (63%)
----------------- Invoking toplevel() on ptolemy.moml.MoMLSimpleApplication@5995b1f1
----------------- Done invoking toplevel() on ptolemy.moml.MoMLSimpleApplication@5995b1f1
reloadAllAccessors: .DEinContinuous2

===========================================================================================
----------------- testing Sun Feb 02 07:00:20 UTC 2020 /home/travis/build/icyphy/ptII/ptolemy/domains/continuous/test/auto/Derivative.xml
----------------- Instantiating /home/travis/build/icyphy/ptII/ptolemy/domains/continuous/test/auto/Derivative.xml
129 ms. Memory: 282624K Free: 146870K (52%)
----------------- Invoking toplevel() on ptolemy.moml.MoMLSimpleApplication@25ed8afe
----------------- Done invoking toplevel() on ptolemy.moml.MoMLSimpleApplication@25ed8afe
reloadAllAccessors: .Derivative2

===========================================================================================
----------------- testing Sun Feb 02 07:00:21 UTC 2020 /home/travis/build/icyphy/ptII/ptolemy/domains/continuous/test/auto/Derivative1.xml
----------------- Instantiating /home/travis/build/icyphy/ptII/ptolemy/domains/continuous/test/auto/Derivative1.xml
15 ms. Memory: 282624K Free: 132534K (47%)
----------------- Invoking toplevel() on ptolemy.moml.MoMLSimpleApplication@18e4a940
----------------- Done invoking toplevel() on ptolemy.moml.MoMLSimpleApplication@18e4a940
reloadAllAccessors: .Derivative1

===========================================================================================
----------------- testing Sun Feb 02 07:00:21 UTC 2020 /home/travis/build/icyphy/ptII/ptolemy/domains/continuous/test/auto/DiscreteClock.xml
----------------- Instantiating /home/travis/build/icyphy/ptII/ptolemy/domains/continuous/test/auto/DiscreteClock.xml
4 ms. Memory: 282624K Free: 127414K (45%)
----------------- Invoking toplevel() on ptolemy.moml.MoMLSimpleApplication@67be6e5e
----------------- Done invoking toplevel() on ptolemy.moml.MoMLSimpleApplication@67be6e5e
reloadAllAccessors: .DiscreteClock

===========================================================================================
----------------- testing Sun Feb 02 07:00:21 UTC 2020 /home/travis/build/icyphy/ptII/ptolemy/domains/continuous/test/auto/EfficiencyCurve.xml
----------------- Instantiating /home/travis/build/icyphy/ptII/ptolemy/domains/continuous/test/auto/EfficiencyCurve.xml
62 ms. Memory: 282624K Free: 118198K (42%)
----------------- Invoking toplevel() on ptolemy.moml.MoMLSimpleApplication@146df8a3
----------------- Done invoking toplevel() on ptolemy.moml.MoMLSimpleApplication@146df8a3
reloadAllAccessors: .EfficiencyCurve

===========================================================================================
----------------- testing Sun Feb 02 07:00:21 UTC 2020 /home/travis/build/icyphy/ptII/ptolemy/domains/continuous/test/auto/ExponentialResponse.xml
----------------- Instantiating /home/travis/build/icyphy/ptII/ptolemy/domains/continuous/test/auto/ExponentialResponse.xml
83 ms. Memory: 282624K Free: 102326K (36%)
----------------- Invoking toplevel() on ptolemy.moml.MoMLSimpleApplication@73bf56f2
----------------- Done invoking toplevel() on ptolemy.moml.MoMLSimpleApplication@73bf56f2
reloadAllAccessors: .ExponentialResponse

===========================================================================================
----------------- testing Sun Feb 02 07:00:21 UTC 2020 /home/travis/build/icyphy/ptII/ptolemy/domains/continuous/test/auto/ExponentialResponseRK45.xml
----------------- Instantiating /home/travis/build/icyphy/ptII/ptolemy/domains/continuous/test/auto/ExponentialResponseRK45.xml
23 ms. Memory: 282624K Free: 263464K (93%)
----------------- Invoking toplevel() on ptolemy.moml.MoMLSimpleApplication@586a56a7
----------------- Done invoking toplevel() on ptolemy.moml.MoMLSimpleApplication@586a56a7
reloadAllAccessors: .ExponentialResponseRK45

===========================================================================================
----------------- testing Sun Feb 02 07:00:21 UTC 2020 /home/travis/build/icyphy/ptII/ptolemy/domains/continuous/test/auto/Friction.xml
----------------- Instantiating /home/travis/build/icyphy/ptII/ptolemy/domains/continuous/test/auto/Friction.xml
1442 ms. Memory: 282624K Free: 173113K (61%)
----------------- Invoking toplevel() on ptolemy.moml.MoMLSimpleApplication@57b8c0cb
----------------- Done invoking toplevel() on ptolemy.moml.MoMLSimpleApplication@57b8c0cb
reloadAllAccessors: .Friction

===========================================================================================
----------------- testing Sun Feb 02 07:00:22 UTC 2020 /home/travis/build/icyphy/ptII/ptolemy/domains/continuous/test/auto/FurutaPendulum.xml
----------------- Instantiating /home/travis/build/icyphy/ptII/ptolemy/domains/continuous/test/auto/FurutaPendulum.xml
2750 ms. Memory: 282624K Free: 173909K (62%)
----------------- Invoking toplevel() on ptolemy.moml.MoMLSimpleApplication@34aecfa8
----------------- Done invoking toplevel() on ptolemy.moml.MoMLSimpleApplication@34aecfa8
reloadAllAccessors: .FurutaPendulum

===========================================================================================
----------------- testing Sun Feb 02 07:00:25 UTC 2020 /home/travis/build/icyphy/ptII/ptolemy/domains/continuous/test/auto/HierarchicalExecution.xml
----------------- Instantiating /home/travis/build/icyphy/ptII/ptolemy/domains/continuous/test/auto/HierarchicalExecution.xml
1468 ms. Memory: 282624K Free: 220112K (78%)
----------------- Invoking toplevel() on ptolemy.moml.MoMLSimpleApplication@5bf63ba0
----------------- Done invoking toplevel() on ptolemy.moml.MoMLSimpleApplication@5bf63ba0
reloadAllAccessors: .HierarchicalExecution

===========================================================================================
----------------- testing Sun Feb 02 07:00:27 UTC 2020 /home/travis/build/icyphy/ptII/ptolemy/domains/continuous/test/auto/HybridPlant.xml
----------------- Instantiating /home/travis/build/icyphy/ptII/ptolemy/domains/continuous/test/auto/HybridPlant.xml
471 ms. Memory: 282624K Free: 124365K (44%)
----------------- Invoking toplevel() on ptolemy.moml.MoMLSimpleApplication@62ce8583
----------------- Done invoking toplevel() on ptolemy.moml.MoMLSimpleApplication@62ce8583
reloadAllAccessors: .HybridPlant

===========================================================================================
----------------- testing Sun Feb 02 07:00:28 UTC 2020 /home/travis/build/icyphy/ptII/ptolemy/domains/continuous/test/auto/Hysteresis.xml
----------------- Instantiating /home/travis/build/icyphy/ptII/ptolemy/domains/continuous/test/auto/Hysteresis.xml
140 ms. Memory: 282624K Free: 229323K (81%)
----------------- Invoking toplevel() on ptolemy.moml.MoMLSimpleApplication@7973e433
----------------- Done invoking toplevel() on ptolemy.moml.MoMLSimpleApplication@7973e433
reloadAllAccessors: .Hysteresis

===========================================================================================
----------------- testing Sun Feb 02 07:00:28 UTC 2020 /home/travis/build/icyphy/ptII/ptolemy/domains/continuous/test/auto/HysteresisWithRandomDelay.xml
----------------- Instantiating /home/travis/build/icyphy/ptII/ptolemy/domains/continuous/test/auto/HysteresisWithRandomDelay.xml
182 ms. Memory: 282624K Free: 158153K (56%)
----------------- Invoking toplevel() on ptolemy.moml.MoMLSimpleApplication@77dbb174
----------------- Done invoking toplevel() on ptolemy.moml.MoMLSimpleApplication@77dbb174
reloadAllAccessors: .HysteresisWithRandomDelay

===========================================================================================
----------------- testing Sun Feb 02 07:00:28 UTC 2020 /home/travis/build/icyphy/ptII/ptolemy/domains/continuous/test/auto/HysteresisWithRandomLosses.xml
----------------- Instantiating /home/travis/build/icyphy/ptII/ptolemy/domains/continuous/test/auto/HysteresisWithRandomLosses.xml
2244 ms. Memory: 282624K Free: 254248K (90%)
----------------- Invoking toplevel() on ptolemy.moml.MoMLSimpleApplication@65d3df0c
----------------- Done invoking toplevel() on ptolemy.moml.MoMLSimpleApplication@65d3df0c
reloadAllAccessors: .HysteresisWithRandomLosses

===========================================================================================
----------------- testing Sun Feb 02 07:00:30 UTC 2020 /home/travis/build/icyphy/ptII/ptolemy/domains/continuous/test/auto/ImmediateTransitions.xml
----------------- Instantiating /home/travis/build/icyphy/ptII/ptolemy/domains/continuous/test/auto/ImmediateTransitions.xml
10 ms. Memory: 282624K Free: 243016K (86%)
----------------- Invoking toplevel() on ptolemy.moml.MoMLSimpleApplication@1e7bd469
----------------- Done invoking toplevel() on ptolemy.moml.MoMLSimpleApplication@1e7bd469
reloadAllAccessors: .ImmediateTransitions

===========================================================================================
----------------- testing Sun Feb 02 07:00:30 UTC 2020 /home/travis/build/icyphy/ptII/ptolemy/domains/continuous/test/auto/ImpulseFeedback.xml
----------------- Instantiating /home/travis/build/icyphy/ptII/ptolemy/domains/continuous/test/auto/ImpulseFeedback.xml
10 ms. Memory: 282624K Free: 237382K (84%)
----------------- Invoking toplevel() on ptolemy.moml.MoMLSimpleApplication@700056fe
----------------- Done invoking toplevel() on ptolemy.moml.MoMLSimpleApplication@700056fe
reloadAllAccessors: .ImpulseFeedback

===========================================================================================
----------------- testing Sun Feb 02 07:00:30 UTC 2020 /home/travis/build/icyphy/ptII/ptolemy/domains/continuous/test/auto/ImpulseFeedback2.xml
----------------- Instantiating /home/travis/build/icyphy/ptII/ptolemy/domains/continuous/test/auto/ImpulseFeedback2.xml
5 ms. Memory: 282624K Free: 231752K (82%)
----------------- Invoking toplevel() on ptolemy.moml.MoMLSimpleApplication@6938d18e
----------------- Done invoking toplevel() on ptolemy.moml.MoMLSimpleApplication@6938d18e
reloadAllAccessors: .ImpulseFeedback2

===========================================================================================
----------------- testing Sun Feb 02 07:00:30 UTC 2020 /home/travis/build/icyphy/ptII/ptolemy/domains/continuous/test/auto/IncreasingRatePoisson.xml
----------------- Instantiating /home/travis/build/icyphy/ptII/ptolemy/domains/continuous/test/auto/IncreasingRatePoisson.xml
751 ms. Memory: 282624K Free: 240263K (85%)
----------------- Invoking toplevel() on ptolemy.moml.MoMLSimpleApplication@157b3a78
----------------- Done invoking toplevel() on ptolemy.moml.MoMLSimpleApplication@157b3a78
reloadAllAccessors: .IncreasingRatePoisson

===========================================================================================
----------------- testing Sun Feb 02 07:00:31 UTC 2020 /home/travis/build/icyphy/ptII/ptolemy/domains/continuous/test/auto/InitialStateFeedback.xml
----------------- Instantiating /home/travis/build/icyphy/ptII/ptolemy/domains/continuous/test/auto/InitialStateFeedback.xml
7 ms. Memory: 282624K Free: 235657K (83%)
----------------- Invoking toplevel() on ptolemy.moml.MoMLSimpleApplication@503f2fe
----------------- Done invoking toplevel() on ptolemy.moml.MoMLSimpleApplication@503f2fe
reloadAllAccessors: .InitialStateFeedback

===========================================================================================
----------------- testing Sun Feb 02 07:00:31 UTC 2020 /home/travis/build/icyphy/ptII/ptolemy/domains/continuous/test/auto/Integration.xml
----------------- Instantiating /home/travis/build/icyphy/ptII/ptolemy/domains/continuous/test/auto/Integration.xml
1 ms. Memory: 282624K Free: 231561K (82%)
----------------- Invoking toplevel() on ptolemy.moml.MoMLSimpleApplication@42c6dd3a
----------------- Done invoking toplevel() on ptolemy.moml.MoMLSimpleApplication@42c6dd3a
reloadAllAccessors: .Integration

===========================================================================================
----------------- testing Sun Feb 02 07:00:31 UTC 2020 /home/travis/build/icyphy/ptII/ptolemy/domains/continuous/test/auto/Integration2.xml
----------------- Instantiating /home/travis/build/icyphy/ptII/ptolemy/domains/continuous/test/auto/Integration2.xml
72 ms. Memory: 282624K Free: 217225K (77%)
----------------- Invoking toplevel() on ptolemy.moml.MoMLSimpleApplication@362bfd48
----------------- Done invoking toplevel() on ptolemy.moml.MoMLSimpleApplication@362bfd48
reloadAllAccessors: .Integration2

===========================================================================================
----------------- testing Sun Feb 02 07:00:31 UTC 2020 /home/travis/build/icyphy/ptII/ptolemy/domains/continuous/test/auto/Integration3.xml
----------------- Instantiating /home/travis/build/icyphy/ptII/ptolemy/domains/continuous/test/auto/Integration3.xml
2 ms. Memory: 282624K Free: 212615K (75%)
----------------- Invoking toplevel() on ptolemy.moml.MoMLSimpleApplication@3a60f19b
----------------- Done invoking toplevel() on ptolemy.moml.MoMLSimpleApplication@3a60f19b
reloadAllAccessors: .Integration3

===========================================================================================
----------------- testing Sun Feb 02 07:00:31 UTC 2020 /home/travis/build/icyphy/ptII/ptolemy/domains/continuous/test/auto/Integration5.xml
----------------- Instantiating /home/travis/build/icyphy/ptII/ptolemy/domains/continuous/test/auto/Integration5.xml
1 ms. Memory: 282624K Free: 208519K (74%)
----------------- Invoking toplevel() on ptolemy.moml.MoMLSimpleApplication@37870f6e
----------------- Done invoking toplevel() on ptolemy.moml.MoMLSimpleApplication@37870f6e
reloadAllAccessors: .Integration5

===========================================================================================
----------------- testing Sun Feb 02 07:00:31 UTC 2020 /home/travis/build/icyphy/ptII/ptolemy/domains/continuous/test/auto/IntegratorImpulse.xml
----------------- Instantiating /home/travis/build/icyphy/ptII/ptolemy/domains/continuous/test/auto/IntegratorImpulse.xml
2 ms. Memory: 282624K Free: 204423K (72%)
----------------- Invoking toplevel() on ptolemy.moml.MoMLSimpleApplication@6fb4d751
----------------- Done invoking toplevel() on ptolemy.moml.MoMLSimpleApplication@6fb4d751
reloadAllAccessors: .IntegratorImpulse

===========================================================================================
----------------- testing Sun Feb 02 07:00:31 UTC 2020 /home/travis/build/icyphy/ptII/ptolemy/domains/continuous/test/auto/IntegratorImpulse2.xml
----------------- Instantiating /home/travis/build/icyphy/ptII/ptolemy/domains/continuous/test/auto/IntegratorImpulse2.xml
3 ms. Memory: 282624K Free: 199817K (71%)
----------------- Invoking toplevel() on ptolemy.moml.MoMLSimpleApplication@559a9d22
----------------- Done invoking toplevel() on ptolemy.moml.MoMLSimpleApplication@559a9d22
reloadAllAccessors: .IntegratorImpulse2

===========================================================================================
----------------- testing Sun Feb 02 07:00:31 UTC 2020 /home/travis/build/icyphy/ptII/ptolemy/domains/continuous/test/auto/LevelCrossing1.xml
----------------- Instantiating /home/travis/build/icyphy/ptII/ptolemy/domains/continuous/test/auto/LevelCrossing1.xml
2 ms. Memory: 282624K Free: 194697K (69%)
----------------- Invoking toplevel() on ptolemy.moml.MoMLSimpleApplication@468a1a52
----------------- Done invoking toplevel() on ptolemy.moml.MoMLSimpleApplication@468a1a52
reloadAllAccessors: .LevelCrossing1

===========================================================================================
----------------- testing Sun Feb 02 07:00:31 UTC 2020 /home/travis/build/icyphy/ptII/ptolemy/domains/continuous/test/auto/LevelCrossing2.xml
----------------- Instantiating /home/travis/build/icyphy/ptII/ptolemy/domains/continuous/test/auto/LevelCrossing2.xml
2 ms. Memory: 282624K Free: 189577K (67%)
----------------- Invoking toplevel() on ptolemy.moml.MoMLSimpleApplication@4e9512c9
----------------- Done invoking toplevel() on ptolemy.moml.MoMLSimpleApplication@4e9512c9
reloadAllAccessors: .LevelCrossing2

===========================================================================================
----------------- testing Sun Feb 02 07:00:31 UTC 2020 /home/travis/build/icyphy/ptII/ptolemy/domains/continuous/test/auto/LevelCrossing3.xml
----------------- Instantiating /home/travis/build/icyphy/ptII/ptolemy/domains/continuous/test/auto/LevelCrossing3.xml
2 ms. Memory: 282624K Free: 184457K (65%)
----------------- Invoking toplevel() on ptolemy.moml.MoMLSimpleApplication@3d58cccb
----------------- Done invoking toplevel() on ptolemy.moml.MoMLSimpleApplication@3d58cccb
reloadAllAccessors: .LevelCrossing3

===========================================================================================
----------------- testing Sun Feb 02 07:00:31 UTC 2020 /home/travis/build/icyphy/ptII/ptolemy/domains/continuous/test/auto/LevelCrossing4.xml
----------------- Instantiating /home/travis/build/icyphy/ptII/ptolemy/domains/continuous/test/auto/LevelCrossing4.xml
2 ms. Memory: 282624K Free: 179337K (63%)
----------------- Invoking toplevel() on ptolemy.moml.MoMLSimpleApplication@34255603
----------------- Done invoking toplevel() on ptolemy.moml.MoMLSimpleApplication@34255603
reloadAllAccessors: .LevelCrossing4

===========================================================================================
----------------- testing Sun Feb 02 07:00:31 UTC 2020 /home/travis/build/icyphy/ptII/ptolemy/domains/continuous/test/auto/LevelCrossing5.xml
----------------- Instantiating /home/travis/build/icyphy/ptII/ptolemy/domains/continuous/test/auto/LevelCrossing5.xml
2 ms. Memory: 282624K Free: 174217K (62%)
----------------- Invoking toplevel() on ptolemy.moml.MoMLSimpleApplication@329f7113
----------------- Done invoking toplevel() on ptolemy.moml.MoMLSimpleApplication@329f7113
reloadAllAccessors: .LevelCrossing5

===========================================================================================
----------------- testing Sun Feb 02 07:00:31 UTC 2020 /home/travis/build/icyphy/ptII/ptolemy/domains/continuous/test/auto/LevelCrossing6.xml
----------------- Instantiating /home/travis/build/icyphy/ptII/ptolemy/domains/continuous/test/auto/LevelCrossing6.xml
2 ms. Memory: 282624K Free: 169097K (60%)
----------------- Invoking toplevel() on ptolemy.moml.MoMLSimpleApplication@2246e0b1
----------------- Done invoking toplevel() on ptolemy.moml.MoMLSimpleApplication@2246e0b1
reloadAllAccessors: .LevelCrossing6

===========================================================================================
----------------- testing Sun Feb 02 07:00:31 UTC 2020 /home/travis/build/icyphy/ptII/ptolemy/domains/continuous/test/auto/LevelCrossingDetector.xml
----------------- Instantiating /home/travis/build/icyphy/ptII/ptolemy/domains/continuous/test/auto/LevelCrossingDetector.xml
11 ms. Memory: 282624K Free: 158857K (56%)
----------------- Invoking toplevel() on ptolemy.moml.MoMLSimpleApplication@7bc75f70
----------------- Done invoking toplevel() on ptolemy.moml.MoMLSimpleApplication@7bc75f70
reloadAllAccessors: .LevelCrossingDetector

===========================================================================================
----------------- testing Sun Feb 02 07:00:31 UTC 2020 /home/travis/build/icyphy/ptII/ptolemy/domains/continuous/test/auto/LevelCrossingDetectorDetectingDirections.xml
----------------- Instantiating /home/travis/build/icyphy/ptII/ptolemy/domains/continuous/test/auto/LevelCrossingDetectorDetectingDirections.xml
44 ms. Memory: 282624K Free: 140425K (50%)
----------------- Invoking toplevel() on ptolemy.moml.MoMLSimpleApplication@7983f61f
----------------- Done invoking toplevel() on ptolemy.moml.MoMLSimpleApplication@7983f61f
reloadAllAccessors: .LevelCrossingDetectorDetectingDirections

===========================================================================================
----------------- testing Sun Feb 02 07:00:31 UTC 2020 /home/travis/build/icyphy/ptII/ptolemy/domains/continuous/test/auto/LevelCrossingDetectorDetectsGlitches.xml
----------------- Instantiating /home/travis/build/icyphy/ptII/ptolemy/domains/continuous/test/auto/LevelCrossingDetectorDetectsGlitches.xml
33 ms. Memory: 282624K Free: 118401K (42%)
----------------- Invoking toplevel() on ptolemy.moml.MoMLSimpleApplication@2538366c
----------------- Done invoking toplevel() on ptolemy.moml.MoMLSimpleApplication@2538366c
reloadAllAccessors: .LevelCrossingDetectorDetectsGlitches

===========================================================================================
----------------- testing Sun Feb 02 07:00:32 UTC 2020 /home/travis/build/icyphy/ptII/ptolemy/domains/continuous/test/auto/LevelCrossingNoInitialOuput.xml
----------------- Instantiating /home/travis/build/icyphy/ptII/ptolemy/domains/continuous/test/auto/LevelCrossingNoInitialOuput.xml
3 ms. Memory: 282624K Free: 113801K (40%)
----------------- Invoking toplevel() on ptolemy.moml.MoMLSimpleApplication@2bce4f6f
----------------- Done invoking toplevel() on ptolemy.moml.MoMLSimpleApplication@2bce4f6f
reloadAllAccessors: .LevelCrossingNoInitialOuput

===========================================================================================
----------------- testing Sun Feb 02 07:00:32 UTC 2020 /home/travis/build/icyphy/ptII/ptolemy/domains/continuous/test/auto/LinearStateSpaceExample.xml
----------------- Instantiating /home/travis/build/icyphy/ptII/ptolemy/domains/continuous/test/auto/LinearStateSpaceExample.xml
36 ms. Memory: 282624K Free: 105609K (37%)
----------------- Invoking toplevel() on ptolemy.moml.MoMLSimpleApplication@4e941a0b
----------------- Done invoking toplevel() on ptolemy.moml.MoMLSimpleApplication@4e941a0b
reloadAllAccessors: .LinearStateSpace_Example

===========================================================================================
----------------- testing Sun Feb 02 07:00:32 UTC 2020 /home/travis/build/icyphy/ptII/ptolemy/domains/continuous/test/auto/Lorenz.xml
----------------- Instantiating /home/travis/build/icyphy/ptII/ptolemy/domains/continuous/test/auto/Lorenz.xml
3165 ms. Memory: 282624K Free: 151934K (54%)
----------------- Invoking toplevel() on ptolemy.moml.MoMLSimpleApplication@615b7d47
----------------- Done invoking toplevel() on ptolemy.moml.MoMLSimpleApplication@615b7d47
reloadAllAccessors: .Lorenz

===========================================================================================
----------------- testing Sun Feb 02 07:00:35 UTC 2020 /home/travis/build/icyphy/ptII/ptolemy/domains/continuous/test/auto/LorenzDifferentialSystem.xml
----------------- Instantiating /home/travis/build/icyphy/ptII/ptolemy/domains/continuous/test/auto/LorenzDifferentialSystem.xml
889 ms. Memory: 282624K Free: 157626K (56%)
----------------- Invoking toplevel() on ptolemy.moml.MoMLSimpleApplication@4e143eee
----------------- Done invoking toplevel() on ptolemy.moml.MoMLSimpleApplication@4e143eee
reloadAllAccessors: .LorenzDifferentialSystem

===========================================================================================
----------------- testing Sun Feb 02 07:00:36 UTC 2020 /home/travis/build/icyphy/ptII/ptolemy/domains/continuous/test/auto/LorenzDifferentialSystemWithInput.xml
----------------- Instantiating /home/travis/build/icyphy/ptII/ptolemy/domains/continuous/test/auto/LorenzDifferentialSystemWithInput.xml
1115 ms. Memory: 282624K Free: 122626K (43%)
----------------- Invoking toplevel() on ptolemy.moml.MoMLSimpleApplication@5d34f6d7
----------------- Done invoking toplevel() on ptolemy.moml.MoMLSimpleApplication@5d34f6d7
reloadAllAccessors: .LorenzDifferentialSystemWithInput

===========================================================================================
----------------- testing Sun Feb 02 07:00:37 UTC 2020 /home/travis/build/icyphy/ptII/ptolemy/domains/continuous/test/auto/LorenzDifferentialSystemWithTime.xml
----------------- Instantiating /home/travis/build/icyphy/ptII/ptolemy/domains/continuous/test/auto/LorenzDifferentialSystemWithTime.xml
588 ms. Memory: 282624K Free: 176442K (62%)
----------------- Invoking toplevel() on ptolemy.moml.MoMLSimpleApplication@618dde18
----------------- Done invoking toplevel() on ptolemy.moml.MoMLSimpleApplication@618dde18
reloadAllAccessors: .LorenzDifferentialSystemWithTime

===========================================================================================
----------------- testing Sun Feb 02 07:00:38 UTC 2020 /home/travis/build/icyphy/ptII/ptolemy/domains/continuous/test/auto/Microsteps.xml
----------------- Instantiating /home/travis/build/icyphy/ptII/ptolemy/domains/continuous/test/auto/Microsteps.xml
9 ms. Memory: 282624K Free: 170232K (60%)
----------------- Invoking toplevel() on ptolemy.moml.MoMLSimpleApplication@2c15b714
----------------- Done invoking toplevel() on ptolemy.moml.MoMLSimpleApplication@2c15b714
reloadAllAccessors: .Microsteps

===========================================================================================
----------------- testing Sun Feb 02 07:00:38 UTC 2020 /home/travis/build/icyphy/ptII/ptolemy/domains/continuous/test/auto/Modal1.xml
----------------- Instantiating /home/travis/build/icyphy/ptII/ptolemy/domains/continuous/test/auto/Modal1.xml
18 ms. Memory: 282624K Free: 156410K (55%)
----------------- Invoking toplevel() on ptolemy.moml.MoMLSimpleApplication@40b26989
----------------- Done invoking toplevel() on ptolemy.moml.MoMLSimpleApplication@40b26989
reloadAllAccessors: .Modal1

===========================================================================================
----------------- testing Sun Feb 02 07:00:38 UTC 2020 /home/travis/build/icyphy/ptII/ptolemy/domains/continuous/test/auto/Modal2.xml
----------------- Instantiating /home/travis/build/icyphy/ptII/ptolemy/domains/continuous/test/auto/Modal2.xml
23 ms. Memory: 282624K Free: 141050K (50%)
----------------- Invoking toplevel() on ptolemy.moml.MoMLSimpleApplication@4cc520f7
----------------- Done invoking toplevel() on ptolemy.moml.MoMLSimpleApplication@4cc520f7
reloadAllAccessors: .Modal2

===========================================================================================
----------------- testing Sun Feb 02 07:00:38 UTC 2020 /home/travis/build/icyphy/ptII/ptolemy/domains/continuous/test/auto/ModalTransitionGuardWithReset.xml
----------------- Instantiating /home/travis/build/icyphy/ptII/ptolemy/domains/continuous/test/auto/ModalTransitionGuardWithReset.xml
9 ms. Memory: 282624K Free: 130810K (46%)
----------------- Invoking toplevel() on ptolemy.moml.MoMLSimpleApplication@465c06ee
----------------- Done invoking toplevel() on ptolemy.moml.MoMLSimpleApplication@465c06ee
reloadAllAccessors: .ModalTransitionGuardWithReset

===========================================================================================
----------------- testing Sun Feb 02 07:00:38 UTC 2020 /home/travis/build/icyphy/ptII/ptolemy/domains/continuous/test/auto/ModalTransitionGuardWithResetUsingPreemptiveTransition.xml
----------------- Instantiating /home/travis/build/icyphy/ptII/ptolemy/domains/continuous/test/auto/ModalTransitionGuardWithResetUsingPreemptiveTransition.xml
9 ms. Memory: 282624K Free: 120570K (43%)
----------------- Invoking toplevel() on ptolemy.moml.MoMLSimpleApplication@7fa81526
----------------- Done invoking toplevel() on ptolemy.moml.MoMLSimpleApplication@7fa81526
reloadAllAccessors: .ModalTransitionGuardWithResetUsingPreemptiveTransition

===========================================================================================
----------------- testing Sun Feb 02 07:00:38 UTC 2020 /home/travis/build/icyphy/ptII/ptolemy/domains/continuous/test/auto/ModalTransitionGuardWithResetUsingPreemptiveTransition2.xml
----------------- Instantiating /home/travis/build/icyphy/ptII/ptolemy/domains/continuous/test/auto/ModalTransitionGuardWithResetUsingPreemptiveTransition2.xml
10 ms. Memory: 282624K Free: 110330K (39%)
----------------- Invoking toplevel() on ptolemy.moml.MoMLSimpleApplication@766a14bd
----------------- Done invoking toplevel() on ptolemy.moml.MoMLSimpleApplication@766a14bd
reloadAllAccessors: .ModalTransitionGuardWithResetUsingPreemptiveTransition2

===========================================================================================
----------------- testing Sun Feb 02 07:00:38 UTC 2020 /home/travis/build/icyphy/ptII/ptolemy/domains/continuous/test/auto/ModalTransitionGuardWithResetUsingPreemptiveTransition3.xml
----------------- Instantiating /home/travis/build/icyphy/ptII/ptolemy/domains/continuous/test/auto/ModalTransitionGuardWithResetUsingPreemptiveTransition3.xml
8 ms. Memory: 282624K Free: 99066K (35%)
----------------- Invoking toplevel() on ptolemy.moml.MoMLSimpleApplication@6a70bc66
----------------- Done invoking toplevel() on ptolemy.moml.MoMLSimpleApplication@6a70bc66
reloadAllAccessors: .ModalTransitionGuardWithResetUsingPreemptiveTransition3

===========================================================================================
----------------- testing Sun Feb 02 07:00:38 UTC 2020 /home/travis/build/icyphy/ptII/ptolemy/domains/continuous/test/auto/NewtonsCradle.xml
----------------- Instantiating /home/travis/build/icyphy/ptII/ptolemy/domains/continuous/test/auto/NewtonsCradle.xml
641 ms. Memory: 282624K Free: 173034K (61%)
----------------- Invoking toplevel() on ptolemy.moml.MoMLSimpleApplication@1da491b2
----------------- Done invoking toplevel() on ptolemy.moml.MoMLSimpleApplication@1da491b2
reloadAllAccessors: .NewtonsCradle

===========================================================================================
----------------- testing Sun Feb 02 07:00:39 UTC 2020 /home/travis/build/icyphy/ptII/ptolemy/domains/continuous/test/auto/NewtonsCradleAnimated.xml
----------------- Instantiating /home/travis/build/icyphy/ptII/ptolemy/domains/continuous/test/auto/NewtonsCradleAnimated.xml
925 ms. Memory: 282624K Free: 110954K (39%)
----------------- Invoking toplevel() on ptolemy.moml.MoMLSimpleApplication@3efded9f
----------------- Done invoking toplevel() on ptolemy.moml.MoMLSimpleApplication@3efded9f
reloadAllAccessors: .NewtonsCradleAnimated

===========================================================================================
----------------- testing Sun Feb 02 07:00:40 UTC 2020 /home/travis/build/icyphy/ptII/ptolemy/domains/continuous/test/auto/NewtonsCradleComplicated.xml
----------------- Instantiating /home/travis/build/icyphy/ptII/ptolemy/domains/continuous/test/auto/NewtonsCradleComplicated.xml
667 ms. Memory: 282624K Free: 207716K (73%)
----------------- Invoking toplevel() on ptolemy.moml.MoMLSimpleApplication@bdd2925
----------------- Done invoking toplevel() on ptolemy.moml.MoMLSimpleApplication@bdd2925
reloadAllAccessors: .NewtonsCradleComplicated

===========================================================================================
----------------- testing Sun Feb 02 07:00:41 UTC 2020 /home/travis/build/icyphy/ptII/ptolemy/domains/continuous/test/auto/NewtonsCradleNondeterministic.xml
----------------- Instantiating /home/travis/build/icyphy/ptII/ptolemy/domains/continuous/test/auto/NewtonsCradleNondeterministic.xml
497 ms. Memory: 282624K Free: 181664K (64%)
----------------- Invoking toplevel() on ptolemy.moml.MoMLSimpleApplication@4608369d
----------------- Done invoking toplevel() on ptolemy.moml.MoMLSimpleApplication@4608369d
reloadAllAccessors: .NewtonsCradleNondeterministic

===========================================================================================
----------------- testing Sun Feb 02 07:00:41 UTC 2020 /home/travis/build/icyphy/ptII/ptolemy/domains/continuous/test/auto/NewtonsCradlePerfectlyInelastic1.xml
----------------- Instantiating /home/travis/build/icyphy/ptII/ptolemy/domains/continuous/test/auto/NewtonsCradlePerfectlyInelastic1.xml
986 ms. Memory: 282624K Free: 224390K (79%)
----------------- Invoking toplevel() on ptolemy.moml.MoMLSimpleApplication@70505ec1
----------------- Done invoking toplevel() on ptolemy.moml.MoMLSimpleApplication@70505ec1
reloadAllAccessors: .NewtonsCradlePerfectlyInelastic1

===========================================================================================
----------------- testing Sun Feb 02 07:00:42 UTC 2020 /home/travis/build/icyphy/ptII/ptolemy/domains/continuous/test/auto/Noise.xml
----------------- Instantiating /home/travis/build/icyphy/ptII/ptolemy/domains/continuous/test/auto/Noise.xml
137 ms. Memory: 282624K Free: 158340K (56%)
----------------- Invoking toplevel() on ptolemy.moml.MoMLSimpleApplication@15351c0a
----------------- Done invoking toplevel() on ptolemy.moml.MoMLSimpleApplication@15351c0a
reloadAllAccessors: .Noise

===========================================================================================
----------------- testing Sun Feb 02 07:00:42 UTC 2020 /home/travis/build/icyphy/ptII/ptolemy/domains/continuous/test/auto/NoiseSpectrum.xml
----------------- Instantiating /home/travis/build/icyphy/ptII/ptolemy/domains/continuous/test/auto/NoiseSpectrum.xml
614 ms. Memory: 282624K Free: 198785K (70%)
----------------- Invoking toplevel() on ptolemy.moml.MoMLSimpleApplication@52b00093
----------------- Done invoking toplevel() on ptolemy.moml.MoMLSimpleApplication@52b00093
reloadAllAccessors: .NoiseSpectrum

===========================================================================================
----------------- testing Sun Feb 02 07:00:43 UTC 2020 /home/travis/build/icyphy/ptII/ptolemy/domains/continuous/test/auto/ParameterizedNewtonsCradleAnimated.xml
----------------- Instantiating /home/travis/build/icyphy/ptII/ptolemy/domains/continuous/test/auto/ParameterizedNewtonsCradleAnimated.xml
252 ms. Memory: 282624K Free: 260499K (92%)
----------------- Invoking toplevel() on ptolemy.moml.MoMLSimpleApplication@13be2acb
----------------- Done invoking toplevel() on ptolemy.moml.MoMLSimpleApplication@13be2acb
reloadAllAccessors: .ParameterizedNewtonsCradleAnimated

===========================================================================================
----------------- testing Sun Feb 02 07:00:43 UTC 2020 /home/travis/build/icyphy/ptII/ptolemy/domains/continuous/test/auto/ParameterizedNewtonsCradleAnimatedNondeterministic.xml
----------------- Instantiating /home/travis/build/icyphy/ptII/ptolemy/domains/continuous/test/auto/ParameterizedNewtonsCradleAnimatedNondeterministic.xml
970 ms. Memory: 282624K Free: 117970K (42%)
----------------- Invoking toplevel() on ptolemy.moml.MoMLSimpleApplication@10bea578
----------------- Done invoking toplevel() on ptolemy.moml.MoMLSimpleApplication@10bea578
reloadAllAccessors: .ParameterizedNewtonsCradleAnimatedNondeterministic

===========================================================================================
----------------- testing Sun Feb 02 07:00:44 UTC 2020 /home/travis/build/icyphy/ptII/ptolemy/domains/continuous/test/auto/Pendulum3D.xml
----------------- Instantiating /home/travis/build/icyphy/ptII/ptolemy/domains/continuous/test/auto/Pendulum3D.xml
115 ms. Memory: 282624K Free: 235414K (83%)
----------------- Invoking toplevel() on ptolemy.moml.MoMLSimpleApplication@d979a3a
----------------- Done invoking toplevel() on ptolemy.moml.MoMLSimpleApplication@d979a3a
reloadAllAccessors: .Pendulum3D

===========================================================================================
----------------- testing Sun Feb 02 07:00:45 UTC 2020 /home/travis/build/icyphy/ptII/ptolemy/domains/continuous/test/auto/PeriodicSampler.xml
----------------- Instantiating /home/travis/build/icyphy/ptII/ptolemy/domains/continuous/test/auto/PeriodicSampler.xml
2 ms. Memory: 282624K Free: 231838K (82%)
----------------- Invoking toplevel() on ptolemy.moml.MoMLSimpleApplication@db31f1c
----------------- Done invoking toplevel() on ptolemy.moml.MoMLSimpleApplication@db31f1c
reloadAllAccessors: .PeriodicSampler

===========================================================================================
----------------- testing Sun Feb 02 07:00:45 UTC 2020 /home/travis/build/icyphy/ptII/ptolemy/domains/continuous/test/auto/PeriodicSampler1.xml
----------------- Instantiating /home/travis/build/icyphy/ptII/ptolemy/domains/continuous/test/auto/PeriodicSampler1.xml
18 ms. Memory: 282624K Free: 214940K (76%)
----------------- Invoking toplevel() on ptolemy.moml.MoMLSimpleApplication@3095eef8
----------------- Done invoking toplevel() on ptolemy.moml.MoMLSimpleApplication@3095eef8
reloadAllAccessors: .PeriodicSampler1

===========================================================================================
----------------- testing Sun Feb 02 07:00:45 UTC 2020 /home/travis/build/icyphy/ptII/ptolemy/domains/continuous/test/auto/PeriodicSampler2.xml
----------------- Instantiating /home/travis/build/icyphy/ptII/ptolemy/domains/continuous/test/auto/PeriodicSampler2.xml
41 ms. Memory: 282624K Free: 184206K (65%)
----------------- Invoking toplevel() on ptolemy.moml.MoMLSimpleApplication@7eb60b67
----------------- Done invoking toplevel() on ptolemy.moml.MoMLSimpleApplication@7eb60b67
reloadAllAccessors: .PeriodicSampler2

===========================================================================================
----------------- testing Sun Feb 02 07:00:45 UTC 2020 /home/travis/build/icyphy/ptII/ptolemy/domains/continuous/test/auto/Poisson.xml
----------------- Instantiating /home/travis/build/icyphy/ptII/ptolemy/domains/continuous/test/auto/Poisson.xml
370 ms. Memory: 282624K Free: 151786K (54%)
----------------- Invoking toplevel() on ptolemy.moml.MoMLSimpleApplication@3960d43f
----------------- Done invoking toplevel() on ptolemy.moml.MoMLSimpleApplication@3960d43f
reloadAllAccessors: .Poisson

===========================================================================================
----------------- testing Sun Feb 02 07:00:45 UTC 2020 /home/travis/build/icyphy/ptII/ptolemy/domains/continuous/test/auto/PoissonClock.xml
----------------- Instantiating /home/travis/build/icyphy/ptII/ptolemy/domains/continuous/test/auto/PoissonClock.xml
1 ms. Memory: 282624K Free: 147180K (52%)
----------------- Invoking toplevel() on ptolemy.moml.MoMLSimpleApplication@7f9d74cd
----------------- Done invoking toplevel() on ptolemy.moml.MoMLSimpleApplication@7f9d74cd
reloadAllAccessors: .PoissonClock

===========================================================================================
----------------- testing Sun Feb 02 07:00:45 UTC 2020 /home/travis/build/icyphy/ptII/ptolemy/domains/continuous/test/auto/PoissonClock2.xml
----------------- Instantiating /home/travis/build/icyphy/ptII/ptolemy/domains/continuous/test/auto/PoissonClock2.xml
3 ms. Memory: 282624K Free: 142060K (50%)
----------------- Invoking toplevel() on ptolemy.moml.MoMLSimpleApplication@2eb07e64
----------------- Done invoking toplevel() on ptolemy.moml.MoMLSimpleApplication@2eb07e64
reloadAllAccessors: .PoissonClock2

===========================================================================================
----------------- testing Sun Feb 02 07:00:45 UTC 2020 /home/travis/build/icyphy/ptII/ptolemy/domains/continuous/test/auto/PortParameterHierarchy.xml
----------------- Instantiating /home/travis/build/icyphy/ptII/ptolemy/domains/continuous/test/auto/PortParameterHierarchy.xml
4 ms. Memory: 282624K Free: 132330K (47%)
----------------- Invoking toplevel() on ptolemy.moml.MoMLSimpleApplication@2836caeb
----------------- Done invoking toplevel() on ptolemy.moml.MoMLSimpleApplication@2836caeb
reloadAllAccessors: .PortParameterHierarchy

===========================================================================================
----------------- testing Sun Feb 02 07:00:45 UTC 2020 /home/travis/build/icyphy/ptII/ptolemy/domains/continuous/test/auto/RandomHybridPlant.xml
----------------- Instantiating /home/travis/build/icyphy/ptII/ptolemy/domains/continuous/test/auto/RandomHybridPlant.xml
508 ms. Memory: 282624K Free: 185412K (66%)
----------------- Invoking toplevel() on ptolemy.moml.MoMLSimpleApplication@302bc1c7
----------------- Done invoking toplevel() on ptolemy.moml.MoMLSimpleApplication@302bc1c7
reloadAllAccessors: .RandomHybridPlant

===========================================================================================
----------------- testing Sun Feb 02 07:00:46 UTC 2020 /home/travis/build/icyphy/ptII/ptolemy/domains/continuous/test/auto/ResetTransitionWithStartTime1.xml
----------------- Instantiating /home/travis/build/icyphy/ptII/ptolemy/domains/continuous/test/auto/ResetTransitionWithStartTime1.xml
12 ms. Memory: 282624K Free: 171590K (61%)
----------------- Invoking toplevel() on ptolemy.moml.MoMLSimpleApplication@4184d9d9
----------------- Done invoking toplevel() on ptolemy.moml.MoMLSimpleApplication@4184d9d9
reloadAllAccessors: .ResetTransitionWithStartTime1

===========================================================================================
----------------- testing Sun Feb 02 07:00:46 UTC 2020 /home/travis/build/icyphy/ptII/ptolemy/domains/continuous/test/auto/ResetTransitionWithStartTime2.xml
----------------- Instantiating /home/travis/build/icyphy/ptII/ptolemy/domains/continuous/test/auto/ResetTransitionWithStartTime2.xml
21 ms. Memory: 282624K Free: 157764K (56%)
----------------- Invoking toplevel() on ptolemy.moml.MoMLSimpleApplication@4a2883a5
----------------- Done invoking toplevel() on ptolemy.moml.MoMLSimpleApplication@4a2883a5
reloadAllAccessors: .ResetTransitionWithStartTime2

===========================================================================================
----------------- testing Sun Feb 02 07:00:46 UTC 2020 /home/travis/build/icyphy/ptII/ptolemy/domains/continuous/test/auto/ResetTransitionWithStartTime3.xml
----------------- Instantiating /home/travis/build/icyphy/ptII/ptolemy/domains/continuous/test/auto/ResetTransitionWithStartTime3.xml
24 ms. Memory: 282624K Free: 143942K (51%)
----------------- Invoking toplevel() on ptolemy.moml.MoMLSimpleApplication@284773c6
----------------- Done invoking toplevel() on ptolemy.moml.MoMLSimpleApplication@284773c6
reloadAllAccessors: .ResetTransitionWithStartTime3

===========================================================================================
----------------- testing Sun Feb 02 07:00:46 UTC 2020 /home/travis/build/icyphy/ptII/ptolemy/domains/continuous/test/auto/ResetTransitionWithStartTime4.xml
----------------- Instantiating /home/travis/build/icyphy/ptII/ptolemy/domains/continuous/test/auto/ResetTransitionWithStartTime4.xml
11 ms. Memory: 282624K Free: 134212K (47%)
----------------- Invoking toplevel() on ptolemy.moml.MoMLSimpleApplication@492305b1
----------------- Done invoking toplevel() on ptolemy.moml.MoMLSimpleApplication@492305b1
reloadAllAccessors: .ResetTransitionWithStartTime4

===========================================================================================
----------------- testing Sun Feb 02 07:00:46 UTC 2020 /home/travis/build/icyphy/ptII/ptolemy/domains/continuous/test/auto/ResetTransitionWithStartTime5.xml
----------------- Instantiating /home/travis/build/icyphy/ptII/ptolemy/domains/continuous/test/auto/ResetTransitionWithStartTime5.xml
21 ms. Memory: 282624K Free: 120390K (43%)
----------------- Invoking toplevel() on ptolemy.moml.MoMLSimpleApplication@6c8256a7
----------------- Done invoking toplevel() on ptolemy.moml.MoMLSimpleApplication@6c8256a7
reloadAllAccessors: .ResetTransitionWithStartTime5

===========================================================================================
----------------- testing Sun Feb 02 07:00:46 UTC 2020 /home/travis/build/icyphy/ptII/ptolemy/domains/continuous/test/auto/ResetTransitionWithStartTime6.xml
----------------- Instantiating /home/travis/build/icyphy/ptII/ptolemy/domains/continuous/test/auto/ResetTransitionWithStartTime6.xml
12 ms. Memory: 282624K Free: 109126K (39%)
----------------- Invoking toplevel() on ptolemy.moml.MoMLSimpleApplication@2fd77835
----------------- Done invoking toplevel() on ptolemy.moml.MoMLSimpleApplication@2fd77835
reloadAllAccessors: .ResetTransitionWithStartTime6

===========================================================================================
----------------- testing Sun Feb 02 07:00:46 UTC 2020 /home/travis/build/icyphy/ptII/ptolemy/domains/continuous/test/auto/SRinContinuous.xml
----------------- Instantiating /home/travis/build/icyphy/ptII/ptolemy/domains/continuous/test/auto/SRinContinuous.xml
4 ms. Memory: 282624K Free: 100934K (36%)
----------------- Invoking toplevel() on ptolemy.moml.MoMLSimpleApplication@9085fe6
----------------- Done invoking toplevel() on ptolemy.moml.MoMLSimpleApplication@9085fe6
reloadAllAccessors: .SRinContinuous

===========================================================================================
----------------- testing Sun Feb 02 07:00:46 UTC 2020 /home/travis/build/icyphy/ptII/ptolemy/domains/continuous/test/auto/SampledClocks.xml
----------------- Instantiating /home/travis/build/icyphy/ptII/ptolemy/domains/continuous/test/auto/SampledClocks.xml
6 ms. Memory: 282624K Free: 256713K (91%)
----------------- Invoking toplevel() on ptolemy.moml.MoMLSimpleApplication@2d648df6
----------------- Done invoking toplevel() on ptolemy.moml.MoMLSimpleApplication@2d648df6
reloadAllAccessors: .SampledClocks

===========================================================================================
----------------- testing Sun Feb 02 07:00:46 UTC 2020 /home/travis/build/icyphy/ptII/ptolemy/domains/continuous/test/auto/Satellite.xml
----------------- Instantiating /home/travis/build/icyphy/ptII/ptolemy/domains/continuous/test/auto/Satellite.xml
647 ms. Memory: 282624K Free: 228996K (81%)
----------------- Invoking toplevel() on ptolemy.moml.MoMLSimpleApplication@324a0f41
----------------- Done invoking toplevel() on ptolemy.moml.MoMLSimpleApplication@324a0f41
reloadAllAccessors: .Satellite

===========================================================================================
----------------- testing Sun Feb 02 07:00:47 UTC 2020 /home/travis/build/icyphy/ptII/ptolemy/domains/continuous/test/auto/SigmaDelta.xml
----------------- Instantiating /home/travis/build/icyphy/ptII/ptolemy/domains/continuous/test/auto/SigmaDelta.xml
1737 ms. Memory: 282624K Free: 135330K (48%)
----------------- Invoking toplevel() on ptolemy.moml.MoMLSimpleApplication@4b3e8702
----------------- Done invoking toplevel() on ptolemy.moml.MoMLSimpleApplication@4b3e8702
reloadAllAccessors: .SigmaDelta

===========================================================================================
----------------- testing Sun Feb 02 07:00:49 UTC 2020 /home/travis/build/icyphy/ptII/ptolemy/domains/continuous/test/auto/SingleRefinement.xml
----------------- Instantiating /home/travis/build/icyphy/ptII/ptolemy/domains/continuous/test/auto/SingleRefinement.xml
286 ms. Memory: 282624K Free: 119597K (42%)
----------------- Invoking toplevel() on ptolemy.moml.MoMLSimpleApplication@6642497d
----------------- Done invoking toplevel() on ptolemy.moml.MoMLSimpleApplication@6642497d
reloadAllAccessors: .SingleRefinement

===========================================================================================
----------------- testing Sun Feb 02 07:00:49 UTC 2020 /home/travis/build/icyphy/ptII/ptolemy/domains/continuous/test/auto/SinuBouncingBall.xml
----------------- Instantiating /home/travis/build/icyphy/ptII/ptolemy/domains/continuous/test/auto/SinuBouncingBall.xml
767 ms. Memory: 282624K Free: 240156K (85%)
----------------- Invoking toplevel() on ptolemy.moml.MoMLSimpleApplication@4e5a7d94
----------------- Done invoking toplevel() on ptolemy.moml.MoMLSimpleApplication@4e5a7d94
reloadAllAccessors: .SinuBouncingBall

===========================================================================================
----------------- testing Sun Feb 02 07:00:50 UTC 2020 /home/travis/build/icyphy/ptII/ptolemy/domains/continuous/test/auto/Sinusoid.xml
----------------- Instantiating /home/travis/build/icyphy/ptII/ptolemy/domains/continuous/test/auto/Sinusoid.xml
4 ms. Memory: 282624K Free: 235532K (83%)
----------------- Invoking toplevel() on ptolemy.moml.MoMLSimpleApplication@35d11617
----------------- Done invoking toplevel() on ptolemy.moml.MoMLSimpleApplication@35d11617
reloadAllAccessors: .Sinusoid

===========================================================================================
----------------- testing Sun Feb 02 07:00:50 UTC 2020 /home/travis/build/icyphy/ptII/ptolemy/domains/continuous/test/auto/SinusoidInNoise.xml
----------------- Instantiating /home/travis/build/icyphy/ptII/ptolemy/domains/continuous/test/auto/SinusoidInNoise.xml
850 ms. Memory: 282624K Free: 100892K (36%)
----------------- Invoking toplevel() on ptolemy.moml.MoMLSimpleApplication@96ab9f6
----------------- Done invoking toplevel() on ptolemy.moml.MoMLSimpleApplication@96ab9f6
reloadAllAccessors: .SinusoidInNoise

===========================================================================================
----------------- testing Sun Feb 02 07:00:51 UTC 2020 /home/travis/build/icyphy/ptII/ptolemy/domains/continuous/test/auto/SinusoidRK45.xml
----------------- Instantiating /home/travis/build/icyphy/ptII/ptolemy/domains/continuous/test/auto/SinusoidRK45.xml
6 ms. Memory: 282624K Free: 264847K (94%)
----------------- Invoking toplevel() on ptolemy.moml.MoMLSimpleApplication@bb4b089
----------------- Done invoking toplevel() on ptolemy.moml.MoMLSimpleApplication@bb4b089
reloadAllAccessors: .SinusoidRK45

===========================================================================================
----------------- testing Sun Feb 02 07:00:51 UTC 2020 /home/travis/build/icyphy/ptII/ptolemy/domains/continuous/test/auto/SinusoidWithMultipleImpulses.xml
----------------- Instantiating /home/travis/build/icyphy/ptII/ptolemy/domains/continuous/test/auto/SinusoidWithMultipleImpulses.xml
3 ms. Memory: 282624K Free: 259727K (92%)
----------------- Invoking toplevel() on ptolemy.moml.MoMLSimpleApplication@451c4b32
----------------- Done invoking toplevel() on ptolemy.moml.MoMLSimpleApplication@451c4b32
reloadAllAccessors: .SinusoidWithMultipleImpulses

===========================================================================================
----------------- testing Sun Feb 02 07:00:51 UTC 2020 /home/travis/build/icyphy/ptII/ptolemy/domains/continuous/test/auto/SquareWave.xml
----------------- Instantiating /home/travis/build/icyphy/ptII/ptolemy/domains/continuous/test/auto/SquareWave.xml
124 ms. Memory: 282624K Free: 232079K (82%)
----------------- Invoking toplevel() on ptolemy.moml.MoMLSimpleApplication@4eef2ab4
----------------- Done invoking toplevel() on ptolemy.moml.MoMLSimpleApplication@4eef2ab4
reloadAllAccessors: .SquareWave

===========================================================================================
----------------- testing Sun Feb 02 07:00:51 UTC 2020 /home/travis/build/icyphy/ptII/ptolemy/domains/continuous/test/auto/Starmac.xml
----------------- Instantiating /home/travis/build/icyphy/ptII/ptolemy/domains/continuous/test/auto/Starmac.xml
3084 ms. Memory: 282624K Free: 248066K (88%)
----------------- Invoking toplevel() on ptolemy.moml.MoMLSimpleApplication@78fcf756
----------------- Done invoking toplevel() on ptolemy.moml.MoMLSimpleApplication@78fcf756
reloadAllAccessors: .Starmac

===========================================================================================
----------------- testing Sun Feb 02 07:00:54 UTC 2020 /home/travis/build/icyphy/ptII/ptolemy/domains/continuous/test/auto/StaticUnits.xml
----------------- Instantiating /home/travis/build/icyphy/ptII/ptolemy/domains/continuous/test/auto/StaticUnits.xml
1672 ms. Memory: 282624K Free: 115881K (41%)
----------------- Invoking toplevel() on ptolemy.moml.MoMLSimpleApplication@2551f0e9
----------------- Done invoking toplevel() on ptolemy.moml.MoMLSimpleApplication@2551f0e9
reloadAllAccessors: .StaticUnits

===========================================================================================
----------------- testing Sun Feb 02 07:00:57 UTC 2020 /home/travis/build/icyphy/ptII/ptolemy/domains/continuous/test/auto/StickyMasses.xml
----------------- Instantiating /home/travis/build/icyphy/ptII/ptolemy/domains/continuous/test/auto/StickyMasses.xml
122 ms. Memory: 282624K Free: 230038K (81%)
----------------- Invoking toplevel() on ptolemy.moml.MoMLSimpleApplication@1d6f97d9
----------------- Done invoking toplevel() on ptolemy.moml.MoMLSimpleApplication@1d6f97d9
reloadAllAccessors: .StickyMasses

===========================================================================================
----------------- testing Sun Feb 02 07:00:57 UTC 2020 /home/travis/build/icyphy/ptII/ptolemy/domains/continuous/test/auto/StopTime.xml
----------------- Instantiating /home/travis/build/icyphy/ptII/ptolemy/domains/continuous/test/auto/StopTime.xml
44 ms. Memory: 282624K Free: 204966K (73%)
----------------- Invoking toplevel() on ptolemy.moml.MoMLSimpleApplication@148b577c
----------------- Done invoking toplevel() on ptolemy.moml.MoMLSimpleApplication@148b577c
reloadAllAccessors: .StopTime

===========================================================================================
----------------- testing Sun Feb 02 07:00:57 UTC 2020 /home/travis/build/icyphy/ptII/ptolemy/domains/continuous/test/auto/StopTime2.xml
----------------- Instantiating /home/travis/build/icyphy/ptII/ptolemy/domains/continuous/test/auto/StopTime2.xml
38 ms. Memory: 282624K Free: 182948K (65%)
----------------- Invoking toplevel() on ptolemy.moml.MoMLSimpleApplication@1ce892f1
----------------- Done invoking toplevel() on ptolemy.moml.MoMLSimpleApplication@1ce892f1
reloadAllAccessors: .StopTime2

===========================================================================================
----------------- testing Sun Feb 02 07:00:57 UTC 2020 /home/travis/build/icyphy/ptII/ptolemy/domains/continuous/test/auto/Switch.xml
----------------- Instantiating /home/travis/build/icyphy/ptII/ptolemy/domains/continuous/test/auto/Switch.xml
49 ms. Memory: 282624K Free: 157862K (56%)
----------------- Invoking toplevel() on ptolemy.moml.MoMLSimpleApplication@1d76abfd
----------------- Done invoking toplevel() on ptolemy.moml.MoMLSimpleApplication@1d76abfd
reloadAllAccessors: .Switch

===========================================================================================
----------------- testing Sun Feb 02 07:00:57 UTC 2020 /home/travis/build/icyphy/ptII/ptolemy/domains/continuous/test/auto/Thermostat.xml
----------------- Instantiating /home/travis/build/icyphy/ptII/ptolemy/domains/continuous/test/auto/Thermostat.xml
194 ms. Memory: 282624K Free: 248975K (88%)
----------------- Invoking toplevel() on ptolemy.moml.MoMLSimpleApplication@45b43179
----------------- Done invoking toplevel() on ptolemy.moml.MoMLSimpleApplication@45b43179
reloadAllAccessors: .Thermostat

===========================================================================================
----------------- testing Sun Feb 02 07:00:57 UTC 2020 /home/travis/build/icyphy/ptII/ptolemy/domains/continuous/test/auto/TimeDelay.xml
----------------- Instantiating /home/travis/build/icyphy/ptII/ptolemy/domains/continuous/test/auto/TimeDelay.xml
6 ms. Memory: 282624K Free: 243855K (86%)
----------------- Invoking toplevel() on ptolemy.moml.MoMLSimpleApplication@15b0f0f6
----------------- Done invoking toplevel() on ptolemy.moml.MoMLSimpleApplication@15b0f0f6
reloadAllAccessors: .TimeDelay

===========================================================================================
----------------- testing Sun Feb 02 07:00:57 UTC 2020 /home/travis/build/icyphy/ptII/ptolemy/domains/continuous/test/auto/TimeDelay2.xml
----------------- Instantiating /home/travis/build/icyphy/ptII/ptolemy/domains/continuous/test/auto/TimeDelay2.xml
7 ms. Memory: 282624K Free: 234136K (83%)
----------------- Invoking toplevel() on ptolemy.moml.MoMLSimpleApplication@31c3d26d
----------------- Done invoking toplevel() on ptolemy.moml.MoMLSimpleApplication@31c3d26d
reloadAllAccessors: .TimeDelay2

===========================================================================================
----------------- testing Sun Feb 02 07:00:57 UTC 2020 /home/travis/build/icyphy/ptII/ptolemy/domains/continuous/test/auto/TimeDelay3.xml
----------------- Instantiating /home/travis/build/icyphy/ptII/ptolemy/domains/continuous/test/auto/TimeDelay3.xml
4 ms. Memory: 282624K Free: 229493K (81%)
----------------- Invoking toplevel() on ptolemy.moml.MoMLSimpleApplication@ecbaf6e
----------------- Done invoking toplevel() on ptolemy.moml.MoMLSimpleApplication@ecbaf6e
reloadAllAccessors: .TimeDelay3

===========================================================================================
----------------- testing Sun Feb 02 07:00:57 UTC 2020 /home/travis/build/icyphy/ptII/ptolemy/domains/continuous/test/auto/TransferAbsentToInside.xml
----------------- Instantiating /home/travis/build/icyphy/ptII/ptolemy/domains/continuous/test/auto/TransferAbsentToInside.xml
31 ms. Memory: 282624K Free: 176263K (62%)
----------------- Invoking toplevel() on ptolemy.moml.MoMLSimpleApplication@3dd25456
----------------- Done invoking toplevel() on ptolemy.moml.MoMLSimpleApplication@3dd25456
reloadAllAccessors: .TransferAbsentToInside

===========================================================================================
----------------- testing Sun Feb 02 07:00:57 UTC 2020 /home/travis/build/icyphy/ptII/ptolemy/domains/continuous/test/auto/Transmission.xml
----------------- Instantiating /home/travis/build/icyphy/ptII/ptolemy/domains/continuous/test/auto/Transmission.xml
807 ms. Memory: 339968K Free: 165511K (49%)
----------------- Invoking toplevel() on ptolemy.moml.MoMLSimpleApplication@41d5032
----------------- Done invoking toplevel() on ptolemy.moml.MoMLSimpleApplication@41d5032
reloadAllAccessors: .Transmission

===========================================================================================
----------------- testing Sun Feb 02 07:00:58 UTC 2020 /home/travis/build/icyphy/ptII/ptolemy/domains/continuous/test/auto/TriggeredContinuousClock.xml
----------------- Instantiating /home/travis/build/icyphy/ptII/ptolemy/domains/continuous/test/auto/TriggeredContinuousClock.xml
32 ms. Memory: 339968K Free: 135785K (40%)
----------------- Invoking toplevel() on ptolemy.moml.MoMLSimpleApplication@6eac6f14
----------------- Done invoking toplevel() on ptolemy.moml.MoMLSimpleApplication@6eac6f14
reloadAllAccessors: .TriggeredContinuousClock

===========================================================================================
----------------- testing Sun Feb 02 07:00:58 UTC 2020 /home/travis/build/icyphy/ptII/ptolemy/domains/continuous/test/auto/TwoMachineInfiniteBusControl.xml
----------------- Instantiating /home/travis/build/icyphy/ptII/ptolemy/domains/continuous/test/auto/TwoMachineInfiniteBusControl.xml
2319 ms. Memory: 339968K Free: 164450K (48%)
----------------- Invoking toplevel() on ptolemy.moml.MoMLSimpleApplication@510baa5b
----------------- Done invoking toplevel() on ptolemy.moml.MoMLSimpleApplication@510baa5b
reloadAllAccessors: .TwoMachineInfiniteBusControl

===========================================================================================
----------------- testing Sun Feb 02 07:01:01 UTC 2020 /home/travis/build/icyphy/ptII/ptolemy/domains/continuous/test/auto/V2V.xml
----------------- Instantiating /home/travis/build/icyphy/ptII/ptolemy/domains/continuous/test/auto/V2V.xml
626 ms. Memory: 339968K Free: 173873K (51%)
----------------- Invoking toplevel() on ptolemy.moml.MoMLSimpleApplication@37af8906
----------------- Done invoking toplevel() on ptolemy.moml.MoMLSimpleApplication@37af8906
reloadAllAccessors: .V2V

===========================================================================================
----------------- testing Sun Feb 02 07:01:01 UTC 2020 /home/travis/build/icyphy/ptII/ptolemy/domains/continuous/test/auto/hierarchicalModalModel.xml
----------------- Instantiating /home/travis/build/icyphy/ptII/ptolemy/domains/continuous/test/auto/hierarchicalModalModel.xml
8 ms. Memory: 339968K Free: 159323K (47%)
----------------- Invoking toplevel() on ptolemy.moml.MoMLSimpleApplication@23c8ad91
----------------- Done invoking toplevel() on ptolemy.moml.MoMLSimpleApplication@23c8ad91
reloadAllAccessors: .hierarchicalModalModel

===========================================================================================
----------------- testing Sun Feb 02 07:01:01 UTC 2020 /home/travis/build/icyphy/ptII/ptolemy/domains/continuous/test/auto/hierarchicalModalModel1.xml
----------------- Instantiating /home/travis/build/icyphy/ptII/ptolemy/domains/continuous/test/auto/hierarchicalModalModel1.xml
9 ms. Memory: 339968K Free: 144987K (43%)
----------------- Invoking toplevel() on ptolemy.moml.MoMLSimpleApplication@78d68dc9
----------------- Done invoking toplevel() on ptolemy.moml.MoMLSimpleApplication@78d68dc9
reloadAllAccessors: .hierarchicalModalModel1

===========================================================================================
----------------- testing Sun Feb 02 07:01:01 UTC 2020 /home/travis/build/icyphy/ptII/ptolemy/domains/continuous/test/auto/hierarchicalModalModel2.xml
----------------- Instantiating /home/travis/build/icyphy/ptII/ptolemy/domains/continuous/test/auto/hierarchicalModalModel2.xml
6 ms. Memory: 339968K Free: 132699K (39%)
----------------- Invoking toplevel() on ptolemy.moml.MoMLSimpleApplication@c1409f7
----------------- Done invoking toplevel() on ptolemy.moml.MoMLSimpleApplication@c1409f7
reloadAllAccessors: .hierarchicalModalModel2

===========================================================================================
----------------- testing Sun Feb 02 07:01:02 UTC 2020 /home/travis/build/icyphy/ptII/ptolemy/domains/continuous/test/auto/hierarchicalModalModel3.xml
----------------- Instantiating /home/travis/build/icyphy/ptII/ptolemy/domains/continuous/test/auto/hierarchicalModalModel3.xml
6 ms. Memory: 339968K Free: 121945K (36%)
----------------- Invoking toplevel() on ptolemy.moml.MoMLSimpleApplication@3cbe367b
----------------- Done invoking toplevel() on ptolemy.moml.MoMLSimpleApplication@3cbe367b
reloadAllAccessors: .hierarchicalModalModel3

===========================================================================================
----------------- testing Sun Feb 02 07:01:02 UTC 2020 /home/travis/build/icyphy/ptII/ptolemy/domains/continuous/test/auto/hierarchicalModalModel4.xml
----------------- Instantiating /home/travis/build/icyphy/ptII/ptolemy/domains/continuous/test/auto/hierarchicalModalModel4.xml
5 ms. Memory: 339968K Free: 307795K (91%)
----------------- Invoking toplevel() on ptolemy.moml.MoMLSimpleApplication@29f49b24
----------------- Done invoking toplevel() on ptolemy.moml.MoMLSimpleApplication@29f49b24
reloadAllAccessors: .hierarchicalModalModel4

===========================================================================================
----------------- testing Sun Feb 02 07:01:02 UTC 2020 /home/travis/build/icyphy/ptII/ptolemy/domains/continuous/test/auto/junk.xml
----------------- Instantiating /home/travis/build/icyphy/ptII/ptolemy/domains/continuous/test/auto/junk.xml
125 ms. Memory: 339968K Free: 279633K (82%)
----------------- Invoking toplevel() on ptolemy.moml.MoMLSimpleApplication@4f66cd29
----------------- Done invoking toplevel() on ptolemy.moml.MoMLSimpleApplication@4f66cd29
reloadAllAccessors: .junk
AutoTests.java: About to close Vertx.
AutoTests.java: Vertx closed.
]]></system-out>
  <system-err><![CDATA[Warning: '.HysteresisWithRandomDelay.NonStrictTest3' The test produced only 12 tokens, yet the correctValues parameter was expecting 30 tokens.
Warning: '.Poisson.NonStrictTest' The test produced only 355 tokens, yet the correctValues parameter was expecting 430 tokens.
]]></system-err>
</testsuite>
