<?xml version="1.0" encoding="UTF-8" ?>
<testsuite errors="0" failures="1" hostname="travis-job-5a38a5ee-d1c9-495c-af18-bda257f31ba0" name="ptolemy.actor.lib.test.junit.JUnitTclTest" skipped="0" tests="517" time="62.535" timestamp="2019-12-16T06:25:33">
  <properties>
    <property name="npm.executable" value="npm" />
    <property name="env.TRAVIS_ROOT" value="/" />
    <property name="ptII.mk.exists" value="true" />
    <property name="env.TRAVIS_APP_HOST" value="build.travis-ci.org" />
    <property name="env.rvm_bin_path" value="/home/travis/.rvm/bin" />
    <property name="java.home" value="/usr/local/lib/jvm/openjdk11" />
    <property name="env.TRAVIS_JOB_NUMBER" value="1431.8" />
    <property name="env.TRAVIS_HOME" value="/home/travis" />
    <property name="env.DISPLAY" value=":99.0" />
    <property name="env.TRAVIS_INIT" value="systemd" />
    <property name="env.SSH_TTY" value="/dev/pts/0" />
    <property name="java.net.preferIPv4Stack" value="true" />
    <property name="env.RUN_TESTS" value="true" />
    <property name="timeout.short" value="1000000" />
    <property name="junit.formatter" value="xml" />
    <property name="env.TRAVIS_SUDO" value="true" />
    <property name="env.TRAVIS_JOB_NAME" value="" />
    <property name="env.TRAVIS_STACK_NODE_ATTRIBUTES" value="/.node-attributes.yml" />
    <property name="env.LOGNAME" value="travis" />
    <property name="env.PT_TRAVIS_TEST_CORE1_XML" value="true" />
    <property name="jsdoc.home" value="node_modules/@terraswarm/jsdoc" />
    <property name="debuglevel" value="source,lines,vars" />
    <property name="checkstyle.formatter" value="xml" />
    <property name="env._system_version" value="16.04" />
    <property name="bin.vergil.makeable" value="true" />
    <property name="sun.os.patch.level" value="unknown" />
    <property name="java.vendor.url" value="http://java.oracle.com/" />
    <property name="env.TRAVIS_BUILD_WEB_URL" value="https://travis-ci.org/icyphy/ptII/builds/625524331" />
    <property name="java.version" value="11.0.2" />
    <property name="env.TZ" value="UTC" />
    <property name="env.TRAVIS_PULL_REQUEST_SHA" value="" />
    <property name="env.PT_NO_NET" value="true" />
    <property name="env.TRAVIS_SECURE_ENV_VARS" value="true" />
    <property name="env._system_type" value="Linux" />
    <property name="java.vendor.url.bug" value="http://bugreport.java.com/bugreport/" />
    <property name="npmjs-org-is-up" value="true" />
    <property name="env.LANGUAGE" value="en_US.UTF-8" />
    <property name="env.SSH_CLIENT" value="10.16.6.48 35522 22" />
    <property name="env.GEM_HOME" value="/home/travis/.rvm/gems/ruby-2.5.3" />
    <property name="env.HAS_ANTARES_THREE_LITTLE_FRONZIES_BADGE" value="true" />
    <property name="java.version.date" value="2019-01-15" />
    <property name="env.PS4" value="+" />
    <property name="ant.project.invoked-targets" value="build,test.core1.xml" />
    <property name="env.TRAVIS_PULL_REQUEST_BRANCH" value="" />
    <property name="env.TRAVIS_REPO_SLUG" value="icyphy/ptII" />
    <property name="env.XDG_DATA_DIRS" value="/usr/local/share:/usr/share:/var/lib/snapd/desktop" />
    <property name="jdk.debug" value="release" />
    <property name="env.TRAVIS_APT_PROXY" value="http://apt.cache.travis-ci.com" />
    <property name="env.TRAVIS_CPU_ARCH" value="amd64" />
    <property name="node.in.path" value="true" />
    <property name="user.name" value="travis" />
    <property name="java.maxmemory" value="1400m" />
    <property name="env.RUBY_VERSION" value="ruby-2.5.3" />
    <property name="env.LANG" value="en_US.UTF-8" />
    <property name="sun.io.unicode.encoding" value="UnicodeLittle" />
    <property name="sun.jnu.encoding" value="UTF-8" />
    <property name="java.runtime.name" value="OpenJDK Runtime Environment" />
    <property name="usefile" value="false" />
    <property name="return.code" value="0" />
    <property name="junit.single.formatter" value="plain" />
    <property name="env.DYLD_LIBRARY_PATH" value="/home/travis/pthla/certi-tools/lib:" />
    <property name="env.DEBIAN_FRONTEND" value="noninteractive" />
    <property name="env.SSH_CONNECTION" value="10.16.6.48 35522 10.20.1.32 22" />
    <property name="env.MYSQL_UNIX_PORT" value="/var/run/mysqld/mysqld.sock" />
    <property name="env.LC_ALL" value="en_US.UTF-8" />
    <property name="env.TRAVIS_ALLOW_FAILURE" value="false" />
    <property name="env.TRAVIS_JOB_WEB_URL" value="https://travis-ci.org/icyphy/ptII/jobs/625524339" />
    <property name="java.specification.name" value="Java Platform API Specification" />
    <property name="node.works" value="true" />
    <property name="user.timezone" value="" />
    <property name="path.separator" value=":" />
    <property name="env.TRAVIS_ENABLE_INFRA_DETECTION" value="true" />
    <property name="env.PYTHON_CFLAGS" value="-g -fstack-protector --param=ssp-buffer-size=4 -Wformat -Werror=format-security" />
    <property name="timeout.long" value="4000000" />
    <property name="env.CERTI_HOME" value="/home/travis/pthla/certi-tools" />
    <property name="ant.file.ptII" value="/home/travis/build/icyphy/ptII/build.xml" />
    <property name="javadoc.packagenames" value="com.*,diva.*,lbnl.*,org.hlacerti.*,org.json.*,org.ptolemy.*,org.terraswarm.*,ptolemy.*,ptserver.*" />
    <property name="file.encoding" value="UTF-8" />
    <property name="env.TRAVIS_PULL_REQUEST_SLUG" value="" />
    <property name="ant.project.default-target" value="build" />
    <property name="env.GIT_ASKPASS" value="echo" />
    <property name="env.HOME" value="/home/travis" />
    <property name="sun.java.command" value="org.apache.tools.ant.taskdefs.optional.junit.JUnitTestRunner ptolemy.actor.lib.test.junit.JUnitTclTest skipNonTests=false filtertrace=true haltOnError=false haltOnFailure=false formatter=org.apache.tools.ant.taskdefs.optional.junit.OutErrSummaryJUnitResultFormatter showoutput=true outputtoformatters=true logfailedtests=true threadid=0 logtestlistenerevents=false formatter=org.apache.tools.ant.taskdefs.optional.junit.XMLJUnitResultFormatter,/home/travis/build/icyphy/ptII/reports/junit/TEST-ptolemy.actor.lib.test.junit.JUnitTclTest.xml crashfile=/home/travis/build/icyphy/ptII/junitvmwatcher5152616473553139422.properties propsfile=/home/travis/build/icyphy/ptII/junit667060100747716855.properties" />
    <property name="env.COMPOSER_NO_INTERACTION" value="1" />
    <property name="env.MANPATH" value="/home/travis/.nvm/versions/node/v7.10.1/share/man:/home/travis/.rvm/rubies/ruby-2.5.3/share/man:/usr/local/cmake-3.12.4/man:/usr/local/clang-7.0.0/share/man:/usr/local/man:/usr/local/share/man:/usr/share/man:/home/travis/.rvm/man" />
    <property name="env.TRAVIS_TIMER_ID" value="03176d0c" />
    <property name="ant.file" value="/home/travis/build/icyphy/ptII/build.xml" />
    <property name="env.TRAVIS_COMMIT_RANGE" value="c7ad326c8bb61863fc0b87bc56a33674fe4fd789...687bb808dc5adecbfa0f708fbf7527a5d6554d96" />
    <property name="env._system_name" value="Ubuntu" />
    <property name="ptII.classpath.optional.property" value="/home/travis/build/icyphy/ptII/lib/bsh-2.0b4.jar:/home/travis/build/icyphy/ptII/lib/ptCal.jar:/home/travis/build/icyphy/ptII/lib/java_cup.jar:/home/travis/build/icyphy/ptII/lib/saxon8.jar:/home/travis/build/icyphy/ptII/lib/saxon8-dom.jar:/home/travis/build/icyphy/ptII/lib/chic.jar:/home/travis/build/icyphy/ptII/lib/ptcolt.jar:/home/travis/build/icyphy/ptII/vendors/misc/itext/iText.jar:/home/travis/build/icyphy/ptII/lib/g4ltl.jar:/home/travis/build/icyphy/ptII/lib/StructuralCoder.jar:/home/travis/build/icyphy/ptII/lib/jcerti.jar:/home/travis/build/icyphy/ptII/lib/javax.mail.jar:/home/travis/build/icyphy/ptII/vendors/JMF-2.1.1e/lib/jmf.jar:/home/travis/build/icyphy/ptII/lib/jna-4.0.0-variadic.jar:/home/travis/build/icyphy/ptII/vendors/misc/joystick/Joystick.jar:/home/travis/build/icyphy/ptII/lib/ptjacl.jar:/home/travis/build/icyphy/ptII/lib/jsoup-1.8.2.jar:/home/travis/build/icyphy/ptII/lib/junit-4.8.2.jar:/home/travis/build/icyphy/ptII/lib/JUnitParams-0.4.0.jar:/home/travis/build/icyphy/ptII/ptolemy/actor/lib/excel/jxl.jar:/home/travis/build/icyphy/ptII/lib/jython.jar:/home/travis/build/icyphy/ptII/lib/kieler.jar:/home/travis/build/icyphy/ptII/vendors/opencv/share/OpenCV/java/opencv-341.jar:/home/travis/build/icyphy/ptII/lib/oscP5.jar:/home/travis/build/icyphy/ptII/lib/nrjavaserial-3.11.0.devel.jar:/home/travis/build/icyphy/ptII/vendors/j3d/lib/Linux/j3dcore.jar:/home/travis/build/icyphy/ptII/vendors/j3d/lib/Linux/j3dutils.jar:/home/travis/build/icyphy/ptII/vendors/j3d/lib/Linux/vecmath.jar:/home/travis/build/icyphy/ptII/vendors/jogl/lib/Linux/gluegen-rt-natives-linux-amd64.jar:/home/travis/build/icyphy/ptII/vendors/jogl/lib/Linux/gluegen-rt.jar:/home/travis/build/icyphy/ptII/vendors/jogl/lib/Linux/jogl-all-natives-linux-amd64.jar:/home/travis/build/icyphy/ptII/vendors/jogl/lib/Linux/jogl-all.jar:/home/travis/build/icyphy/ptII/ptolemy/distributed/jini/jar/jini-core.jar:/home/travis/build/icyphy/ptII/ptolemy/distributed/jini/jar/jini-ext.jar:/home/travis/build/icyphy/ptII/ptolemy/distributed/jini/jar/sun-util.jar:/home/travis/build/icyphy/ptII/lib/protobuf-java-2.4.1.jar:/home/travis/build/icyphy/ptII/lib/org.eclipse.paho.client.mqttv3.jar:/home/travis/build/icyphy/ptII/lib/mapss.jar:/home/travis/build/icyphy/ptII/ptolemy/actor/ptalon/antlr/antlr.jar:/home/travis/build/icyphy/ptII/lib/JRI.jar:/home/travis/build/icyphy/ptII/lib/commons-lang-2.6.jar:/home/travis/build/icyphy/ptII/lib/commons-logging-1.1.1.jar:/home/travis/build/icyphy/ptII/lib/sootclasses.jar:/home/travis/build/icyphy/ptII/ptolemy/actor/lib/database/mysql-connector-java-5.1.6-bin.jar:/home/travis/build/icyphy/ptII/vendors/misc/sphinx4/sphinx4-data-5prealpha.jar:/home/travis/build/icyphy/ptII/vendors/misc/sphinx4/sphinx4-core-5prealpha.jar:/home/travis/build/icyphy/ptII/lib/PDFRenderer.jar:/home/travis/build/icyphy/ptII/lib/svgSalamander.jar:/home/travis/build/icyphy/ptII/lib/rsyntaxtextarea-2.6.0-SNAPSHOT.jar:/home/travis/build/icyphy/ptII/lib/hazelcast-3.8.2.jar:/home/travis/build/icyphy/ptII/lib/jackson-annotations-2.9.0.jar:/home/travis/build/icyphy/ptII/lib/jackson-core-2.9.3.jar:/home/travis/build/icyphy/ptII/lib/jackson-databind-2.9.3.jar:/home/travis/build/icyphy/ptII/lib/netty-buffer-4.1.19.Final.jar:/home/travis/build/icyphy/ptII/lib/netty-codec-4.1.19.Final.jar:/home/travis/build/icyphy/ptII/lib/netty-codec-dns-4.1.19.Final.jar:/home/travis/build/icyphy/ptII/lib/netty-codec-http-4.1.19.Final.jar:/home/travis/build/icyphy/ptII/lib/netty-codec-http2-4.1.19.Final.jar:/home/travis/build/icyphy/ptII/lib/netty-common-4.1.19.Final.jar:/home/travis/build/icyphy/ptII/lib/netty-handler-4.1.19.Final.jar:/home/travis/build/icyphy/ptII/lib/netty-resolver-4.1.19.Final.jar:/home/travis/build/icyphy/ptII/lib/netty-resolver-dns-4.1.19.Final.jar:/home/travis/build/icyphy/ptII/lib/netty-transport-4.1.19.Final.jar:/home/travis/build/icyphy/ptII/lib/vertx-codegen-3.5.1.jar:/home/travis/build/icyphy/ptII/lib/vertx-core-3.5.2-SNAPSHOT.jar:/home/travis/build/icyphy/ptII/lib/vertx-hazelcast-3.5.1.jar:/home/travis/build/icyphy/ptII/lib/vertx-lang-js-3.5.1.jar:/home/travis/build/icyphy/ptII/lib/vertx-service-proxy-3.5.1.jar:/home/travis/build/icyphy/ptII/lib/vertx-web-3.5.1.jar:/home/travis/build/icyphy/ptII/lib/slf4j-api-1.7.13.jar:/home/travis/build/icyphy/ptII/lib/slf4j-simple-1.7.13.jar:/home/travis/build/icyphy/ptII/lib/webcam-capture-0.3.12.jar:/home/travis/build/icyphy/ptII/lib/bridj-0.7.0.jar:/home/travis/build/icyphy/ptII/lib/xbjlib-1.1.0.nrjavaserial.jar" />
    <property name="timeout" value="2400000" />
    <property name="test.batch" value="**/junit/*.java" />
    <property name="env._" value="/usr/bin/timeout" />
    <property name="java.io.tmpdir" value="/tmp" />
    <property name="user.language" value="en" />
    <property name="env.TRAVIS_INTERNAL_RUBY_REGEX" value="^ruby-(2\.[0-4]\.[0-9]|1\.9\.3)" />
    <property name="env.HISTCONTROL" value="ignoredups:ignorespace" />
    <property name="env.GOROOT" value="/home/travis/.gimme/versions/go1.11.1.linux.amd64" />
    <property name="line.separator" value="&#xa;" />
    <property name="target" value="11" />
    <property name="env.TRAVIS_BUILD_DIR" value="/home/travis/build/icyphy/ptII" />
    <property name="env.ANT_OPTS" value="-Xmx2048m" />
    <property name="ant.file.type" value="file" />
    <property name="ptolemy.ptII.batchMode" value="true" />
    <property name="env.HISTSIZE" value="1000" />
    <property name="env.MERB_ENV" value="test" />
    <property name="java.vm.info" value="mixed mode" />
    <property name="source" value="11" />
    <property name="java.vm.specification.name" value="Java Virtual Machine Specification" />
    <property name="env.TRAVIS_TEST_RESULT" value="0" />
    <property name="jsdoc.command" value="node_modules/@terraswarm/jsdoc/jsdoc.js" />
    <property name="npm.works" value="true" />
    <property name="cobertura.dir" value="/home/travis/build/icyphy/ptII/vendors/cobertura-2.0.3" />
    <property name="jsdoc.command.exists" value="true" />
    <property name="env.rvm_path" value="/home/travis/.rvm" />
    <property name="env.GEM_PATH" value="/home/travis/.rvm/gems/ruby-2.5.3:/home/travis/.rvm/gems/ruby-2.5.3@global" />
    <property name="env.LC_CTYPE" value="en_US.UTF-8" />
    <property name="env.TRAVIS_CMD" value="$PTII/bin/ptIITravisBuild.sh $SECONDS" />
    <property name="java.awt.printerjob" value="sun.print.PSPrinterJob" />
    <property name="env.TRAVIS_STACK_NAME" value="sardonyx" />
    <property name="env.TRAVIS_TIMER_START_TIME" value="1576476880482458148" />
    <property name="ant.version" value="Apache Ant(TM) version 1.10.1 compiled on February 2 2017" />
    <property name="ptII.reports" value="/home/travis/build/icyphy/ptII/reports" />
    <property name="env.TRAVIS_STACK_TIMESTAMP" value="2019-03-25 16:16:56 UTC" />
    <property name="ant.file.type.ptII" value="file" />
    <property name="env.RBENV_SHELL" value="bash" />
    <property name="os.name" value="Linux" />
    <property name="java.specification.vendor" value="Oracle Corporation" />
    <property name="env.rvm_version" value="1.29.7 (latest)" />
    <property name="env.TRAVIS_INFRA" value="unknown" />
    <property name="env.TERM" value="xterm" />
    <property name="java.vm.name" value="OpenJDK 64-Bit Server VM" />
    <property name="env.TRAVIS_BUILD_NUMBER" value="1431" />
    <property name="env.CI" value="true" />
    <property name="java.library.path" value="/home/travis/pthla/certi-tools/lib:/usr/lib/jni:/usr/local/share/OpenCV/java/:/usr/share/OpenCV/java::/usr/java/packages/lib:/usr/lib64:/lib64:/lib:/usr/lib" />
    <property name="jdk.module.path" value="/home/travis/build/icyphy/ptII/vendors/javafx/javafx-sdk-11.0.2/lib:" />
    <property name="env.rvm_prefix" value="/home/travis" />
    <property name="env.PATH" value="/home/travis/pthla/certi-tools/share/scripts:/home/travis/.rvm/gems/ruby-2.5.3/bin:/home/travis/.rvm/gems/ruby-2.5.3@global/bin:/home/travis/.rvm/rubies/ruby-2.5.3/bin:/home/travis/.rvm/bin:/home/travis/.nvm/versions/node/v7.10.1/bin:./node_modules/.bin:/home/travis/build/icyphy/ptII/bin:/home/travis/pthla/certi-tools/bin:/home/travis/bin:/home/travis/.local/bin:/usr/local/lib/jvm/openjdk11/bin:/opt/pyenv/shims:/home/travis/.phpenv/shims:/home/travis/perl5/perlbrew/bin:/home/travis/gopath/bin:/home/travis/.gimme/versions/go1.11.1.linux.amd64/bin:/usr/local/maven-3.6.0/bin:/usr/local/cmake-3.12.4/bin:/usr/local/clang-7.0.0/bin:/usr/local/sbin:/usr/local/bin:/usr/sbin:/usr/bin:/sbin:/bin:/snap/bin:/home/travis/.phpenv/bin:/opt/pyenv/bin:/home/travis/.yarn/bin" />
    <property name="env.TRAVIS_OS_NAME" value="linux" />
    <property name="ant.java.version" value="9" />
    <property name="basedir" value="/home/travis/build/icyphy/ptII" />
    <property name="java.class.version" value="55.0" />
    <property name="env.SHLVL" value="3" />
    <property name="env.LD_LIBRARY_PATH" value="/home/travis/pthla/certi-tools/lib:/usr/lib/jni:/usr/local/share/OpenCV/java/:/usr/share/OpenCV/java:" />
    <property name="env.RACK_ENV" value="test" />
    <property name="ant.home" value="/home/travis/build/icyphy/ptII/ant" />
    <property name="env.NVM_DIR" value="/home/travis/.nvm" />
    <property name="env.CERTI_FOM_PATH" value="/home/travis/pthla/certi-tools/share/federations" />
    <property name="env.TRAVIS_BUILD_ID" value="625524331" />
    <property name="env.PYENV_ROOT" value="/opt/pyenv" />
    <property name="env.TRAVIS_UID" value="2000" />
    <property name="prism.verbose" value="true" />
    <property name="env.NVM_BIN" value="/home/travis/.nvm/versions/node/v7.10.1/bin" />
    <property name="env.TRAVIS_COMMIT" value="687bb808dc5adecbfa0f708fbf7527a5d6554d96" />
    <property name="env._system_arch" value="x86_64" />
    <property name="node.executable" value="node" />
    <property name="sun.boot.library.path" value="/usr/local/lib/jvm/openjdk11/lib" />
    <property name="sun.management.compiler" value="HotSpot 64-Bit Tiered Compilers" />
    <property name="java.awt.graphicsenv" value="sun.awt.X11GraphicsEnvironment" />
    <property name="env.GOPATH" value="/home/travis/gopath" />
    <property name="ptolemy.ptII.dir" value="/home/travis/build/icyphy/ptII" />
    <property name="env.USER" value="travis" />
    <property name="env.HISTFILESIZE" value="2000" />
    <property name="timeout.longest" value="19000000" />
    <property name="env.PERLBREW_SHELLRC_VERSION" value="0.86" />
    <property name="env.TRAVIS_STACK_FEATURES" value="basic couchdb disabled-ipv6 docker docker-compose elasticsearch firefox go-toolchain google-chrome jdk memcached mongodb mysql nodejs_interpreter perl_interpreter perlbrew phantomjs postgresql python_interpreter redis ruby_interpreter sqlite xserver" />
    <property name="env.TRAVIS_PULL_REQUEST" value="false" />
    <property name="env.PYENV_SHELL" value="bash" />
    <property name="ant.project.name" value="ptII" />
    <property name="env.ANSI_RESET" value="\033[0m" />
    <property name="java.vm.specification.version" value="11" />
    <property name="env.TRAVIS_DIST" value="xenial" />
    <property name="env.CERTI_VERSION" value="4.0.0" />
    <property name="env.CERTI_HOST" value="localhost" />
    <property name="awt.toolkit" value="sun.awt.X11.XToolkit" />
    <property name="env.MY_RUBY_HOME" value="/home/travis/.rvm/rubies/ruby-2.5.3" />
    <property name="sun.cpu.isalist" value="" />
    <property name="env.TRAVIS_TMPDIR" value="/tmp/tmp.Ya5q78z1JY" />
    <property name="java.vm.compressedOopsMode" value="Zero based" />
    <property name="os.version" value="4.15.0-1028-gcp" />
    <property name="user.home" value="/home/travis" />
    <property name="java.vm.vendor" value="Oracle Corporation" />
    <property name="env.TRAVIS_TAG" value="nightly" />
    <property name="env.ANSI_YELLOW" value="\033[33;1m" />
    <property name="env.TRAVIS_FILTERED" value="redirect_io" />
    <property name="env.ANSI_GREEN" value="\033[32;1m" />
    <property name="env.JAVA_HOME" value="/usr/local/lib/jvm/openjdk11" />
    <property name="javadoc.excludepackagenames" value="adm.cvs2svn.*,build.*,config.*,doc.coding.templates.*,jni.test.jni.meaningOfLife.*,jni.test.jni.testDeux.*,jni.test.jni.testTrois.*,org.terraswarm.accessor.accessors.web.node_modules.*,org.terraswarm.accessor.accessors.web.hosts.cordova.demo.*,org.terraswarm.accessor.accessors.web.hosts.cordova.plugins.*,org.terraswarm.accessor.accessors-svn.*,pt-modules.*,ptolemy.apps.agilent.*,ptolemy.apps.anytimecontrol.*,ptolemy.apps.apes.*,ptolemy.apps.charon.*,ptolemy.apps.crazyboard.*,ptolemy.apps.eclipse.*,ptolemy.apps.etherealSting.*,ptolemy.apps.fullscreen.*,ptolemy.apps.giotto.*,ptolemy.apps.ia.*,ptolemy.apps.interfaces.*,ptolemy.apps.jmf.*,ptolemy.apps.kurt.*,ptolemy.apps.kvm.*,ptolemy.apps.lego.*,ptolemy.apps.lejos.*,ptolemy.apps.midp.*,ptolemy.apps.mobileCoding.*,ptolemy.apps.pendulum.*,ptolemy.apps.rijndael.*,ptolemy.apps.robot.*,ptolemy.apps.security.*,ptolemy.apps.sobel.*,ptolemy.apps.soot.*,ptolemy.apps.throttle.*,ptolemy.apps.tini.*,ptolemy.apps.transmission.*,ptolemy.apps.vergil.*,ptolemy.apps.waba.*,ptolemy.apps.websensor.*,ptolemy.apps.webstart.*,ptolemy.apps.xsl.*,ptolemy.apps.zaurus.*,ptolemy.codegen.c.actor.lib.oldJavaFiles.*,ptolemy.codegen.dsp.lib.*,ptolemy.codegen.kernel.newInterfaces.*,ptolemy.codegen.lib.*,ptolemy.copernicus.kernel.fragment.*,ptolemy.copernicus.shallow.cg.*,ptolemy.domains.giotto.demo.Hierarchy.Hierarchy.*,ptolemy.domains.giotto.demo.Multimode.Multimode.*,ptolemy.domains.giotto.demo.Simple.Simple.*,ptolemy.domains.gr.lib.experimental.*,ptolemy.domains.gro.*,ptolemy.domains.pdf.*,ptolemy.domains.ptinyos.demo.Surge.output.*,ptolemy.moml.test.NoPackageActor.java*,ptolemy.plot.adm.*,ptolemy.plot.servlet.*,reports.*,signed.*,src.*,target.*,vendors.*,ptolemy.copernicus.applet.*,ptolemy.media.viewer.*,ptolemy.actor.corba.*,doc.doclets.*,ptolemy.apps.eclipse.awt.*,ptolemy.backtrack.*,ptolemy.backtrack.ast.*,ptolemy.cg.adapter.generic.program.procedural.c.mbed*,ptolemy.homer.*,ptolemy.actor.lib.jai.*,org.ptolemy.scala.*,diva.util.java2d.svg.*,ptolemy.domains.ptinyos.*,ptolemy.actor.lib.fmi.fmipp.*,,org.terraswarm.accessor.accessors.web.node_modules.*,org.terraswarm.accessor.accessors-svn,ptolemy.apps.*,ptolemy.actor.ptalon.demo.ptinyos.SendAndReceiveCnt.output,ptolemy.actor.ptalon.demo.ptinyos.SenseToLeds.output,ptolemy.domains.ptinyos.demo.CntToLedsAndRfm.output,ptolemy.domains.ptinyos.demo.RfmToLeds.output,ptolemy.domains.ptinyos.demo.SendAndReceiveCnt.output,ptolemy.domains.ptinyos.demo.SenseToLeds.output,ptolemy.actor.lib.jjs.modules.udpSocket.*" />
    <property name="env.PTII" value="/home/travis/build/icyphy/ptII" />
    <property name="env.XDG_SESSION_ID" value="2" />
    <property name="keystore" value="ptKeystore" />
    <property name="env.TRAVIS_COMMIT_MESSAGE" value="Minor changes." />
    <property name="junit.output.dir" value="/home/travis/build/icyphy/ptII/reports/junit" />
    <property name="npm.return.code" value="0" />
    <property name="user.dir" value="/home/travis/build/icyphy/ptII/ptolemy/actor/lib/test" />
    <property name="env.TRAVIS_NODE_VERSION" value="7" />
    <property name="env.TRAVIS_EVENT_TYPE" value="cron" />
    <property name="env.MAIL" value="/var/mail/travis" />
    <property name="env.PERLBREW_ROOT" value="/home/travis/perl5/perlbrew" />
    <property name="env.PWD" value="/home/travis/build/icyphy/ptII" />
    <property name="timeout.npm" value="45000" />
    <property name="env.TRAVIS_ARCH" value="amd64" />
    <property name="sun.cpu.endian" value="little" />
    <property name="env.PAGER" value="cat" />
    <property name="env.TRAVIS_BUILD_STAGE_NAME" value="Test" />
    <property name="env.PERLBREW_HOME" value="/home/travis/.perlbrew" />
    <property name="java.vm.version" value="11.0.2+9" />
    <property name="env.RAILS_ENV" value="test" />
    <property name="java.class.path" value="/home/travis/.ptolemyII:/home/travis/.ptolemyII/*:/home/travis/build/icyphy/ptII:/home/travis/build/icyphy/ptII/lib/bsh-2.0b4.jar:/home/travis/build/icyphy/ptII/lib/ptCal.jar:/home/travis/build/icyphy/ptII/lib/java_cup.jar:/home/travis/build/icyphy/ptII/lib/saxon8.jar:/home/travis/build/icyphy/ptII/lib/saxon8-dom.jar:/home/travis/build/icyphy/ptII/lib/chic.jar:/home/travis/build/icyphy/ptII/lib/ptcolt.jar:/home/travis/build/icyphy/ptII/vendors/misc/itext/iText.jar:/home/travis/build/icyphy/ptII/lib/g4ltl.jar:/home/travis/build/icyphy/ptII/lib/StructuralCoder.jar:/home/travis/build/icyphy/ptII/lib/jcerti.jar:/home/travis/build/icyphy/ptII/lib/javax.mail.jar:/home/travis/build/icyphy/ptII/vendors/JMF-2.1.1e/lib/jmf.jar:/home/travis/build/icyphy/ptII/lib/jna-4.0.0-variadic.jar:/home/travis/build/icyphy/ptII/vendors/misc/joystick/Joystick.jar:/home/travis/build/icyphy/ptII/lib/ptjacl.jar:/home/travis/build/icyphy/ptII/lib/jsoup-1.8.2.jar:/home/travis/build/icyphy/ptII/lib/junit-4.8.2.jar:/home/travis/build/icyphy/ptII/lib/JUnitParams-0.4.0.jar:/home/travis/build/icyphy/ptII/ptolemy/actor/lib/excel/jxl.jar:/home/travis/build/icyphy/ptII/lib/jython.jar:/home/travis/build/icyphy/ptII/lib/kieler.jar:/home/travis/build/icyphy/ptII/vendors/opencv/share/OpenCV/java/opencv-341.jar:/home/travis/build/icyphy/ptII/lib/oscP5.jar:/home/travis/build/icyphy/ptII/lib/nrjavaserial-3.11.0.devel.jar:/home/travis/build/icyphy/ptII/vendors/j3d/lib/Linux/j3dcore.jar:/home/travis/build/icyphy/ptII/vendors/j3d/lib/Linux/j3dutils.jar:/home/travis/build/icyphy/ptII/vendors/j3d/lib/Linux/vecmath.jar:/home/travis/build/icyphy/ptII/vendors/jogl/lib/Linux/gluegen-rt-natives-linux-amd64.jar:/home/travis/build/icyphy/ptII/vendors/jogl/lib/Linux/gluegen-rt.jar:/home/travis/build/icyphy/ptII/vendors/jogl/lib/Linux/jogl-all-natives-linux-amd64.jar:/home/travis/build/icyphy/ptII/vendors/jogl/lib/Linux/jogl-all.jar:/home/travis/build/icyphy/ptII/ptolemy/distributed/jini/jar/jini-core.jar:/home/travis/build/icyphy/ptII/ptolemy/distributed/jini/jar/jini-ext.jar:/home/travis/build/icyphy/ptII/ptolemy/distributed/jini/jar/sun-util.jar:/home/travis/build/icyphy/ptII/lib/protobuf-java-2.4.1.jar:/home/travis/build/icyphy/ptII/lib/org.eclipse.paho.client.mqttv3.jar:/home/travis/build/icyphy/ptII/lib/mapss.jar:/home/travis/build/icyphy/ptII/ptolemy/actor/ptalon/antlr/antlr.jar:/home/travis/build/icyphy/ptII/lib/JRI.jar:/home/travis/build/icyphy/ptII/lib/commons-lang-2.6.jar:/home/travis/build/icyphy/ptII/lib/commons-logging-1.1.1.jar:/home/travis/build/icyphy/ptII/lib/sootclasses.jar:/home/travis/build/icyphy/ptII/ptolemy/actor/lib/database/mysql-connector-java-5.1.6-bin.jar:/home/travis/build/icyphy/ptII/vendors/misc/sphinx4/sphinx4-data-5prealpha.jar:/home/travis/build/icyphy/ptII/vendors/misc/sphinx4/sphinx4-core-5prealpha.jar:/home/travis/build/icyphy/ptII/lib/PDFRenderer.jar:/home/travis/build/icyphy/ptII/lib/svgSalamander.jar:/home/travis/build/icyphy/ptII/lib/rsyntaxtextarea-2.6.0-SNAPSHOT.jar:/home/travis/build/icyphy/ptII/lib/hazelcast-3.8.2.jar:/home/travis/build/icyphy/ptII/lib/jackson-annotations-2.9.0.jar:/home/travis/build/icyphy/ptII/lib/jackson-core-2.9.3.jar:/home/travis/build/icyphy/ptII/lib/jackson-databind-2.9.3.jar:/home/travis/build/icyphy/ptII/lib/netty-buffer-4.1.19.Final.jar:/home/travis/build/icyphy/ptII/lib/netty-codec-4.1.19.Final.jar:/home/travis/build/icyphy/ptII/lib/netty-codec-dns-4.1.19.Final.jar:/home/travis/build/icyphy/ptII/lib/netty-codec-http-4.1.19.Final.jar:/home/travis/build/icyphy/ptII/lib/netty-codec-http2-4.1.19.Final.jar:/home/travis/build/icyphy/ptII/lib/netty-common-4.1.19.Final.jar:/home/travis/build/icyphy/ptII/lib/netty-handler-4.1.19.Final.jar:/home/travis/build/icyphy/ptII/lib/netty-resolver-4.1.19.Final.jar:/home/travis/build/icyphy/ptII/lib/netty-resolver-dns-4.1.19.Final.jar:/home/travis/build/icyphy/ptII/lib/netty-transport-4.1.19.Final.jar:/home/travis/build/icyphy/ptII/lib/vertx-codegen-3.5.1.jar:/home/travis/build/icyphy/ptII/lib/vertx-core-3.5.2-SNAPSHOT.jar:/home/travis/build/icyphy/ptII/lib/vertx-hazelcast-3.5.1.jar:/home/travis/build/icyphy/ptII/lib/vertx-lang-js-3.5.1.jar:/home/travis/build/icyphy/ptII/lib/vertx-service-proxy-3.5.1.jar:/home/travis/build/icyphy/ptII/lib/vertx-web-3.5.1.jar:/home/travis/build/icyphy/ptII/lib/slf4j-api-1.7.13.jar:/home/travis/build/icyphy/ptII/lib/slf4j-simple-1.7.13.jar:/home/travis/build/icyphy/ptII/lib/webcam-capture-0.3.12.jar:/home/travis/build/icyphy/ptII/lib/bridj-0.7.0.jar:/home/travis/build/icyphy/ptII/lib/xbjlib-1.1.0.nrjavaserial.jar:/home/travis/build/icyphy/ptII/ptolemy/moml/test:/home/travis/build/icyphy/ptII/ant/lib/ant-launcher.jar:/home/travis/build/icyphy/ptII/ant/lib/ant.jar:/home/travis/build/icyphy/ptII/ant/lib/ant-junit.jar:/home/travis/build/icyphy/ptII/ant/lib/ant-junit4.jar" />
    <property name="ant.library.dir" value="/home/travis/build/icyphy/ptII/ant/lib" />
    <property name="os.arch" value="amd64" />
    <property name="env.CONTINUOUS_INTEGRATION" value="true" />
    <property name="env.TRAVIS_LANGUAGE" value="node_js" />
    <property name="env.TRAVIS_STACK_LANGUAGES" value="__sardonyx__ c c++ clojure cplusplus cpp default generic go groovy java node_js php pure_java python ruby scala" />
    <property name="test.name" value="ptolemy.actor.lib.test.junit.JUnitTclTest" />
    <property name="env.APT_KEY_DONT_WARN_ON_DANGEROUS_USAGE" value="1" />
    <property name="sun.java.launcher" value="SUN_STANDARD" />
    <property name="env.PYTHON_CONFIGURE_OPTS" value="--enable-unicode=ucs4 --with-wide-unicode --enable-shared --enable-ipv6 --enable-loadable-sqlite-extensions --with-computed-gotos" />
    <property name="ant.core.lib" value="/home/travis/build/icyphy/ptII/ant/lib/ant.jar" />
    <property name="java.vm.specification.vendor" value="Oracle Corporation" />
    <property name="env.BCVTB_HOME" value="/home/travis/build/icyphy/ptII/lbnl" />
    <property name="file.separator" value="/" />
    <property name="spotbugs.home" value="/home/travis/build/icyphy/ptII/vendors/spotbugs-3.1.1" />
    <property name="java.runtime.version" value="11.0.2+9" />
    <property name="env.ANSI_CLEAR" value="\033[0K" />
    <property name="javafx.verbose" value="true" />
    <property name="env.HAS_JOSH_K_SEAL_OF_APPROVAL" value="true" />
    <property name="env.XDG_RUNTIME_DIR" value="/run/user/2000" />
    <property name="env.TRAVIS_OSX_IMAGE" value="" />
    <property name="env.TRAVIS_JOB_ID" value="625524339" />
    <property name="env.TRAVIS_BRANCH" value="master" />
    <property name="user.country" value="US" />
    <property name="env.CERTI_HOME_TRAVIS" value="/home/travis/pthla/certi-tools" />
    <property name="env.SHELL" value="/bin/bash" />
    <property name="java.maxmemory.large" value="3200m" />
    <property name="model" value="" />
    <property name="env.CASHER_DIR" value="/home/travis/.casher" />
    <property name="env.NVM_CD_FLAGS" value="" />
    <property name="java.vendor.version" value="18.9" />
    <property name="jshint.executable" value="/home/travis/node_modules/jshint/bin/jshint" />
    <property name="env.JRUBY_OPTS" value=" --client -J-XX:+TieredCompilation -J-XX:TieredStopAtLevel=1 -J-Xss2m -Xcompile.invokedynamic=false" />
    <property name="java.vendor" value="Oracle Corporation" />
    <property name="env.TRAVIS_PRE_CHEF_BOOTSTRAP_TIME" value="2019-03-25T16:16:42" />
    <property name="env.TRAVIS_STACK_JOB_BOARD_REGISTER" value="/.job-board-register.yml" />
    <property name="env.ANSI_RED" value="\033[31;1m" />
    <property name="java.specification.version" value="11" />
    <property name="env.IRBRC" value="/home/travis/.rvm/rubies/ruby-2.5.3/.irbrc" />
    <property name="env.TRAVIS" value="true" />
    <property name="sun.arch.data.model" value="64" />
  </properties>
  <testcase classname="ptolemy.util.test.junit.TclTests" name="[0] /home/travis/build/icyphy/ptII/ptolemy/actor/lib/test/AbsoluteValue.tcl (RunTclFile)" time="0.563" />
  <testcase classname="ptolemy.util.test.junit.TclTests" name="[1] /home/travis/build/icyphy/ptII/ptolemy/actor/lib/test/AddSubtract.tcl (RunTclFile)" time="0.147" />
  <testcase classname="ptolemy.util.test.junit.TclTests" name="[2] /home/travis/build/icyphy/ptII/ptolemy/actor/lib/test/Average.tcl (RunTclFile)" time="0.071" />
  <testcase classname="ptolemy.util.test.junit.TclTests" name="[3] /home/travis/build/icyphy/ptII/ptolemy/actor/lib/test/Bernoulli.tcl (RunTclFile)" time="0.046" />
  <testcase classname="ptolemy.util.test.junit.TclTests" name="[4] /home/travis/build/icyphy/ptII/ptolemy/actor/lib/test/Clock.tcl (RunTclFile)" time="0.126" />
  <testcase classname="ptolemy.util.test.junit.TclTests" name="[5] /home/travis/build/icyphy/ptII/ptolemy/actor/lib/test/Commutator.tcl (RunTclFile)" time="0.164" />
  <testcase classname="ptolemy.util.test.junit.TclTests" name="[6] /home/travis/build/icyphy/ptII/ptolemy/actor/lib/test/Const.tcl (RunTclFile)" time="0.088" />
  <testcase classname="ptolemy.util.test.junit.TclTests" name="[7] /home/travis/build/icyphy/ptII/ptolemy/actor/lib/test/CurrentTime.tcl (RunTclFile)" time="0.02" />
  <testcase classname="ptolemy.util.test.junit.TclTests" name="[8] /home/travis/build/icyphy/ptII/ptolemy/actor/lib/test/DB.tcl (RunTclFile)" time="0.034" />
  <testcase classname="ptolemy.util.test.junit.TclTests" name="[9] /home/travis/build/icyphy/ptII/ptolemy/actor/lib/test/DiscreteRandomSource.tcl (RunTclFile)" time="0.035" />
  <testcase classname="ptolemy.util.test.junit.TclTests" name="[10] /home/travis/build/icyphy/ptII/ptolemy/actor/lib/test/Distributor.tcl (RunTclFile)" time="0.094" />
  <testcase classname="ptolemy.util.test.junit.TclTests" name="[11] /home/travis/build/icyphy/ptII/ptolemy/actor/lib/test/Exit.tcl (RunTclFile)" time="0.089" />
  <testcase classname="ptolemy.util.test.junit.TclTests" name="[12] /home/travis/build/icyphy/ptII/ptolemy/actor/lib/test/Expression.tcl (RunTclFile)" time="0.137" />
  <testcase classname="ptolemy.util.test.junit.TclTests" name="[13] /home/travis/build/icyphy/ptII/ptolemy/actor/lib/test/Gaussian.tcl (RunTclFile)" time="0.972" />
  <testcase classname="ptolemy.util.test.junit.TclTests" name="[14] /home/travis/build/icyphy/ptII/ptolemy/actor/lib/test/IIR.tcl (RunTclFile)" time="0.041" />
  <testcase classname="ptolemy.util.test.junit.TclTests" name="[15] /home/travis/build/icyphy/ptII/ptolemy/actor/lib/test/Interpolator.tcl (RunTclFile)" time="0.104" />
  <testcase classname="ptolemy.util.test.junit.TclTests" name="[16] /home/travis/build/icyphy/ptII/ptolemy/actor/lib/test/MathFunction.tcl (RunTclFile)" time="0.075" />
  <testcase classname="ptolemy.util.test.junit.TclTests" name="[17] /home/travis/build/icyphy/ptII/ptolemy/actor/lib/test/Maximum.tcl (RunTclFile)" time="0.031" />
  <testcase classname="ptolemy.util.test.junit.TclTests" name="[18] /home/travis/build/icyphy/ptII/ptolemy/actor/lib/test/Minimum.tcl (RunTclFile)" time="0.045" />
  <testcase classname="ptolemy.util.test.junit.TclTests" name="[19] /home/travis/build/icyphy/ptII/ptolemy/actor/lib/test/MultiplyDivide.tcl (RunTclFile)" time="0.047" />
  <testcase classname="ptolemy.util.test.junit.TclTests" name="[20] /home/travis/build/icyphy/ptII/ptolemy/actor/lib/test/OrderedMerge.tcl (RunTclFile)" time="0.146" />
  <testcase classname="ptolemy.util.test.junit.TclTests" name="[21] /home/travis/build/icyphy/ptII/ptolemy/actor/lib/test/Publisher.tcl (RunTclFile)" time="0.767" />
  <testcase classname="ptolemy.util.test.junit.TclTests" name="[22] /home/travis/build/icyphy/ptII/ptolemy/actor/lib/test/Pulse.tcl (RunTclFile)" time="0.054" />
  <testcase classname="ptolemy.util.test.junit.TclTests" name="[23] /home/travis/build/icyphy/ptII/ptolemy/actor/lib/test/Ramp.tcl (RunTclFile)" time="2.123" />
  <testcase classname="ptolemy.util.test.junit.TclTests" name="[24] /home/travis/build/icyphy/ptII/ptolemy/actor/lib/test/RampContinuous.tcl (RunTclFile)" time="0.02" />
  <testcase classname="ptolemy.util.test.junit.TclTests" name="[25] /home/travis/build/icyphy/ptII/ptolemy/actor/lib/test/RecordAssembler.tcl (RunTclFile)" time="0.02" />
  <testcase classname="ptolemy.util.test.junit.TclTests" name="[26] /home/travis/build/icyphy/ptII/ptolemy/actor/lib/test/RecordDisassembler.tcl (RunTclFile)" time="0.035" />
  <testcase classname="ptolemy.util.test.junit.TclTests" name="[27] /home/travis/build/icyphy/ptII/ptolemy/actor/lib/test/Scale.tcl (RunTclFile)" time="0.04" />
  <testcase classname="ptolemy.util.test.junit.TclTests" name="[28] /home/travis/build/icyphy/ptII/ptolemy/actor/lib/test/SequentialClock.tcl (RunTclFile)" time="0.016" />
  <testcase classname="ptolemy.util.test.junit.TclTests" name="[29] /home/travis/build/icyphy/ptII/ptolemy/actor/lib/test/SetVariable.tcl (RunTclFile)" time="0.032">
    <failure message="Number of failed tests is has increased. expected:&lt;0&gt; but was:&lt;1&gt;" type="junit.framework.AssertionFailedError">junit.framework.AssertionFailedError: Number of failed tests is has increased. expected:&lt;0&gt; but was:&lt;1&gt;
	at ptolemy.util.test.junit.TclTests.RunTclFile(TclTests.java:286)
	at jdk.internal.reflect.GeneratedMethodAccessor19.invoke(Unknown Source)
	at java.base/jdk.internal.reflect.DelegatingMethodAccessorImpl.invoke(DelegatingMethodAccessorImpl.java:43)
	at junitparams.internal.InvokeParameterisedMethod.evaluate(InvokeParameterisedMethod.java:102)
	at junitparams.internal.ParameterisedTestMethodRunner.runMethodInvoker(ParameterisedTestMethodRunner.java:47)
	at junitparams.internal.ParameterisedTestMethodRunner.runTestMethod(ParameterisedTestMethodRunner.java:41)
	at junitparams.internal.ParameterisedTestClassRunner.runParameterisedTest(ParameterisedTestClassRunner.java:143)
	at junitparams.JUnitParamsRunner.runChild(JUnitParamsRunner.java:237)
	at junitparams.JUnitParamsRunner.runChild(JUnitParamsRunner.java:215)
</failure>
  </testcase>
  <testcase classname="ptolemy.util.test.junit.TclTests" name="[30] /home/travis/build/icyphy/ptII/ptolemy/actor/lib/test/Sinewave.tcl (RunTclFile)" time="0.067" />
  <testcase classname="ptolemy.util.test.junit.TclTests" name="[31] /home/travis/build/icyphy/ptII/ptolemy/actor/lib/test/SubscriptionAggregator.tcl (RunTclFile)" time="2.162" />
  <testcase classname="ptolemy.util.test.junit.TclTests" name="[32] /home/travis/build/icyphy/ptII/ptolemy/actor/lib/test/Test.tcl (RunTclFile)" time="0.114" />
  <testcase classname="ptolemy.util.test.junit.TclTests" name="[33] /home/travis/build/icyphy/ptII/ptolemy/actor/lib/test/TestExceptionHandler.tcl (RunTclFile)" time="0.013" />
  <testcase classname="ptolemy.util.test.junit.TclTests" name="[34] /home/travis/build/icyphy/ptII/ptolemy/actor/lib/test/UnionDisassembler.tcl (RunTclFile)" time="0.076" />
  <testcase classname="ptolemy.util.test.junit.TclTests" name="[35] /home/travis/build/icyphy/ptII/ptolemy/actor/lib/test/VariableClock.tcl (RunTclFile)" time="0.019" />
  <testcase classname="ptolemy.util.test.junit.AutoKnownFailedTests" name="[0] /home/travis/build/icyphy/ptII/ptolemy/actor/lib/test/auto/knownFailedTests/PublisherPortToplevelSubscriber.xml (RunModel)" time="0.025" />
  <testcase classname="ptolemy.util.test.junit.AutoKnownFailedTests" name="[1] /home/travis/build/icyphy/ptII/ptolemy/actor/lib/test/auto/knownFailedTests/PublisherSubscriberPortToplevel.xml (RunModel)" time="0.029" />
  <testcase classname="ptolemy.util.test.junit.AutoKnownFailedTests" name="[2] /home/travis/build/icyphy/ptII/ptolemy/actor/lib/test/auto/knownFailedTests/PublisherSubscriptionAggregatorPort.xml (RunModel)" time="0.03" />
  <testcase classname="ptolemy.util.test.junit.AutoKnownFailedTests" name="[3] /home/travis/build/icyphy/ptII/ptolemy/actor/lib/test/auto/knownFailedTests/sizedarray3.xml (RunModel)" time="0.026" />
  <testcase classname="ptolemy.util.test.junit.AutoNameArchTests" name="[0] ThereAreNoAutoArchTests (RunModel)" time="0.011" />
  <testcase classname="ptolemy.util.test.junit.AutoTests" name="[0] /home/travis/build/icyphy/ptII/ptolemy/actor/lib/test/auto/AbsoluteValue.xml (RunModel)" time="0.083" />
  <testcase classname="ptolemy.util.test.junit.AutoTests" name="[1] /home/travis/build/icyphy/ptII/ptolemy/actor/lib/test/auto/AbsoluteValue2.xml (RunModel)" time="0.074" />
  <testcase classname="ptolemy.util.test.junit.AutoTests" name="[2] /home/travis/build/icyphy/ptII/ptolemy/actor/lib/test/auto/Accumulator.xml (RunModel)" time="0.063" />
  <testcase classname="ptolemy.util.test.junit.AutoTests" name="[3] /home/travis/build/icyphy/ptII/ptolemy/actor/lib/test/auto/Accumulator2.xml (RunModel)" time="0.045" />
  <testcase classname="ptolemy.util.test.junit.AutoTests" name="[4] /home/travis/build/icyphy/ptII/ptolemy/actor/lib/test/auto/Accumulator3.xml (RunModel)" time="0.031" />
  <testcase classname="ptolemy.util.test.junit.AutoTests" name="[5] /home/travis/build/icyphy/ptII/ptolemy/actor/lib/test/auto/ArrayAppend.xml (RunModel)" time="0.04" />
  <testcase classname="ptolemy.util.test.junit.AutoTests" name="[6] /home/travis/build/icyphy/ptII/ptolemy/actor/lib/test/auto/ArrayAppend2.xml (RunModel)" time="0.324" />
  <testcase classname="ptolemy.util.test.junit.AutoTests" name="[7] /home/travis/build/icyphy/ptII/ptolemy/actor/lib/test/auto/ArrayAppend3.xml (RunModel)" time="0.018" />
  <testcase classname="ptolemy.util.test.junit.AutoTests" name="[8] /home/travis/build/icyphy/ptII/ptolemy/actor/lib/test/auto/ArrayAppend4.xml (RunModel)" time="0.013" />
  <testcase classname="ptolemy.util.test.junit.AutoTests" name="[9] /home/travis/build/icyphy/ptII/ptolemy/actor/lib/test/auto/ArrayAppend5.xml (RunModel)" time="0.016" />
  <testcase classname="ptolemy.util.test.junit.AutoTests" name="[10] /home/travis/build/icyphy/ptII/ptolemy/actor/lib/test/auto/ArrayAppend6.xml (RunModel)" time="0.023" />
  <testcase classname="ptolemy.util.test.junit.AutoTests" name="[11] /home/travis/build/icyphy/ptII/ptolemy/actor/lib/test/auto/ArrayAppendPerformanceTest.xml (RunModel)" time="0.076" />
  <testcase classname="ptolemy.util.test.junit.AutoTests" name="[12] /home/travis/build/icyphy/ptII/ptolemy/actor/lib/test/auto/ArrayAppendWithEmptyInput.xml (RunModel)" time="0.057" />
  <testcase classname="ptolemy.util.test.junit.AutoTests" name="[13] /home/travis/build/icyphy/ptII/ptolemy/actor/lib/test/auto/ArrayAverage.xml (RunModel)" time="0.053" />
  <testcase classname="ptolemy.util.test.junit.AutoTests" name="[14] /home/travis/build/icyphy/ptII/ptolemy/actor/lib/test/auto/ArrayContains.xml (RunModel)" time="0.032" />
  <testcase classname="ptolemy.util.test.junit.AutoTests" name="[15] /home/travis/build/icyphy/ptII/ptolemy/actor/lib/test/auto/ArrayElement.xml (RunModel)" time="0.032" />
  <testcase classname="ptolemy.util.test.junit.AutoTests" name="[16] /home/travis/build/icyphy/ptII/ptolemy/actor/lib/test/auto/ArrayElementAsMatrix.xml (RunModel)" time="0.06" />
  <testcase classname="ptolemy.util.test.junit.AutoTests" name="[17] /home/travis/build/icyphy/ptII/ptolemy/actor/lib/test/auto/ArrayElementI.xml (RunModel)" time="0.086" />
  <testcase classname="ptolemy.util.test.junit.AutoTests" name="[18] /home/travis/build/icyphy/ptII/ptolemy/actor/lib/test/auto/ArrayExtract.xml (RunModel)" time="0.029" />
  <testcase classname="ptolemy.util.test.junit.AutoTests" name="[19] /home/travis/build/icyphy/ptII/ptolemy/actor/lib/test/auto/ArrayExtract2.xml (RunModel)" time="0.03" />
  <testcase classname="ptolemy.util.test.junit.AutoTests" name="[20] /home/travis/build/icyphy/ptII/ptolemy/actor/lib/test/auto/ArrayLength.xml (RunModel)" time="0.018" />
  <testcase classname="ptolemy.util.test.junit.AutoTests" name="[21] /home/travis/build/icyphy/ptII/ptolemy/actor/lib/test/auto/ArrayLevelCrossing.xml (RunModel)" time="0.026" />
  <testcase classname="ptolemy.util.test.junit.AutoTests" name="[22] /home/travis/build/icyphy/ptII/ptolemy/actor/lib/test/auto/ArrayLevelCrossing2.xml (RunModel)" time="0.023" />
  <testcase classname="ptolemy.util.test.junit.AutoTests" name="[23] /home/travis/build/icyphy/ptII/ptolemy/actor/lib/test/auto/ArrayPeakSearch.xml (RunModel)" time="0.03" />
  <testcase classname="ptolemy.util.test.junit.AutoTests" name="[24] /home/travis/build/icyphy/ptII/ptolemy/actor/lib/test/auto/ArrayPeakSearch2.xml (RunModel)" time="0.032" />
  <testcase classname="ptolemy.util.test.junit.AutoTests" name="[25] /home/travis/build/icyphy/ptII/ptolemy/actor/lib/test/auto/ArrayPeakSearch3.xml (RunModel)" time="0.038" />
  <testcase classname="ptolemy.util.test.junit.AutoTests" name="[26] /home/travis/build/icyphy/ptII/ptolemy/actor/lib/test/auto/ArrayRemoveElement.xml (RunModel)" time="0.029" />
  <testcase classname="ptolemy.util.test.junit.AutoTests" name="[27] /home/travis/build/icyphy/ptII/ptolemy/actor/lib/test/auto/ArraySort.xml (RunModel)" time="0.035" />
  <testcase classname="ptolemy.util.test.junit.AutoTests" name="[28] /home/travis/build/icyphy/ptII/ptolemy/actor/lib/test/auto/ArraySum.xml (RunModel)" time="0.023" />
  <testcase classname="ptolemy.util.test.junit.AutoTests" name="[29] /home/travis/build/icyphy/ptII/ptolemy/actor/lib/test/auto/ArrayToElements.xml (RunModel)" time="0.023" />
  <testcase classname="ptolemy.util.test.junit.AutoTests" name="[30] /home/travis/build/icyphy/ptII/ptolemy/actor/lib/test/auto/ArrayToMatrix.xml (RunModel)" time="0.069" />
  <testcase classname="ptolemy.util.test.junit.AutoTests" name="[31] /home/travis/build/icyphy/ptII/ptolemy/actor/lib/test/auto/ArrayUpdate1.xml (RunModel)" time="0.023" />
  <testcase classname="ptolemy.util.test.junit.AutoTests" name="[32] /home/travis/build/icyphy/ptII/ptolemy/actor/lib/test/auto/ArrayUpdate2.xml (RunModel)" time="0.025" />
  <testcase classname="ptolemy.util.test.junit.AutoTests" name="[33] /home/travis/build/icyphy/ptII/ptolemy/actor/lib/test/auto/ArrayUpdate3.xml (RunModel)" time="0.015" />
  <testcase classname="ptolemy.util.test.junit.AutoTests" name="[34] /home/travis/build/icyphy/ptII/ptolemy/actor/lib/test/auto/Assert1.xml (RunModel)" time="0.029" />
  <testcase classname="ptolemy.util.test.junit.AutoTests" name="[35] /home/travis/build/icyphy/ptII/ptolemy/actor/lib/test/auto/Assert2.xml (RunModel)" time="0.012" />
  <testcase classname="ptolemy.util.test.junit.AutoTests" name="[36] /home/travis/build/icyphy/ptII/ptolemy/actor/lib/test/auto/BooleanMultiplexor.xml (RunModel)" time="0.016" />
  <testcase classname="ptolemy.util.test.junit.AutoTests" name="[37] /home/travis/build/icyphy/ptII/ptolemy/actor/lib/test/auto/BooleanMultiplexor2.xml (RunModel)" time="0.026" />
  <testcase classname="ptolemy.util.test.junit.AutoTests" name="[38] /home/travis/build/icyphy/ptII/ptolemy/actor/lib/test/auto/BooleanMultiplexor3.xml (RunModel)" time="0.021" />
  <testcase classname="ptolemy.util.test.junit.AutoTests" name="[39] /home/travis/build/icyphy/ptII/ptolemy/actor/lib/test/auto/BooleanSelect.xml (RunModel)" time="0.025" />
  <testcase classname="ptolemy.util.test.junit.AutoTests" name="[40] /home/travis/build/icyphy/ptII/ptolemy/actor/lib/test/auto/BooleanSelect2.xml (RunModel)" time="0.02" />
  <testcase classname="ptolemy.util.test.junit.AutoTests" name="[41] /home/travis/build/icyphy/ptII/ptolemy/actor/lib/test/auto/BooleanSwitch.xml (RunModel)" time="0.027" />
  <testcase classname="ptolemy.util.test.junit.AutoTests" name="[42] /home/travis/build/icyphy/ptII/ptolemy/actor/lib/test/auto/BooleanSwitch2.xml (RunModel)" time="0.014" />
  <testcase classname="ptolemy.util.test.junit.AutoTests" name="[43] /home/travis/build/icyphy/ptII/ptolemy/actor/lib/test/auto/BooleanSwitchCloningBugWithClassRelationGroup.xml (RunModel)" time="0.09" />
  <testcase classname="ptolemy.util.test.junit.AutoTests" name="[44] /home/travis/build/icyphy/ptII/ptolemy/actor/lib/test/auto/BusActors.xml (RunModel)" time="0.045" />
  <testcase classname="ptolemy.util.test.junit.AutoTests" name="[45] /home/travis/build/icyphy/ptII/ptolemy/actor/lib/test/auto/ClassWrapper.xml (RunModel)" time="0.011" />
  <testcase classname="ptolemy.util.test.junit.AutoTests" name="[46] /home/travis/build/icyphy/ptII/ptolemy/actor/lib/test/auto/Clock.xml (RunModel)" time="0.011" />
  <testcase classname="ptolemy.util.test.junit.AutoTests" name="[47] /home/travis/build/icyphy/ptII/ptolemy/actor/lib/test/auto/Clock10.xml (RunModel)" time="0.021" />
  <testcase classname="ptolemy.util.test.junit.AutoTests" name="[48] /home/travis/build/icyphy/ptII/ptolemy/actor/lib/test/auto/Clock11.xml (RunModel)" time="0.018" />
  <testcase classname="ptolemy.util.test.junit.AutoTests" name="[49] /home/travis/build/icyphy/ptII/ptolemy/actor/lib/test/auto/Clock12.xml (RunModel)" time="0.025" />
  <testcase classname="ptolemy.util.test.junit.AutoTests" name="[50] /home/travis/build/icyphy/ptII/ptolemy/actor/lib/test/auto/Clock13.xml (RunModel)" time="0.013" />
  <testcase classname="ptolemy.util.test.junit.AutoTests" name="[51] /home/travis/build/icyphy/ptII/ptolemy/actor/lib/test/auto/Clock14.xml (RunModel)" time="0.015" />
  <testcase classname="ptolemy.util.test.junit.AutoTests" name="[52] /home/travis/build/icyphy/ptII/ptolemy/actor/lib/test/auto/Clock15.xml (RunModel)" time="0.015" />
  <testcase classname="ptolemy.util.test.junit.AutoTests" name="[53] /home/travis/build/icyphy/ptII/ptolemy/actor/lib/test/auto/Clock16.xml (RunModel)" time="0.1" />
  <testcase classname="ptolemy.util.test.junit.AutoTests" name="[54] /home/travis/build/icyphy/ptII/ptolemy/actor/lib/test/auto/Clock17.xml (RunModel)" time="0.066" />
  <testcase classname="ptolemy.util.test.junit.AutoTests" name="[55] /home/travis/build/icyphy/ptII/ptolemy/actor/lib/test/auto/Clock18.xml (RunModel)" time="0.058" />
  <testcase classname="ptolemy.util.test.junit.AutoTests" name="[56] /home/travis/build/icyphy/ptII/ptolemy/actor/lib/test/auto/Clock19.xml (RunModel)" time="0.042" />
  <testcase classname="ptolemy.util.test.junit.AutoTests" name="[57] /home/travis/build/icyphy/ptII/ptolemy/actor/lib/test/auto/Clock2.xml (RunModel)" time="0.014" />
  <testcase classname="ptolemy.util.test.junit.AutoTests" name="[58] /home/travis/build/icyphy/ptII/ptolemy/actor/lib/test/auto/Clock20.xml (RunModel)" time="0.022" />
  <testcase classname="ptolemy.util.test.junit.AutoTests" name="[59] /home/travis/build/icyphy/ptII/ptolemy/actor/lib/test/auto/Clock21.xml (RunModel)" time="0.015" />
  <testcase classname="ptolemy.util.test.junit.AutoTests" name="[60] /home/travis/build/icyphy/ptII/ptolemy/actor/lib/test/auto/Clock22.xml (RunModel)" time="0.015" />
  <testcase classname="ptolemy.util.test.junit.AutoTests" name="[61] /home/travis/build/icyphy/ptII/ptolemy/actor/lib/test/auto/Clock23.xml (RunModel)" time="0.018" />
  <testcase classname="ptolemy.util.test.junit.AutoTests" name="[62] /home/travis/build/icyphy/ptII/ptolemy/actor/lib/test/auto/Clock24.xml (RunModel)" time="0.015" />
  <testcase classname="ptolemy.util.test.junit.AutoTests" name="[63] /home/travis/build/icyphy/ptII/ptolemy/actor/lib/test/auto/Clock4.xml (RunModel)" time="0.013" />
  <testcase classname="ptolemy.util.test.junit.AutoTests" name="[64] /home/travis/build/icyphy/ptII/ptolemy/actor/lib/test/auto/Clock5.xml (RunModel)" time="0.011" />
  <testcase classname="ptolemy.util.test.junit.AutoTests" name="[65] /home/travis/build/icyphy/ptII/ptolemy/actor/lib/test/auto/Clock6.xml (RunModel)" time="0.014" />
  <testcase classname="ptolemy.util.test.junit.AutoTests" name="[66] /home/travis/build/icyphy/ptII/ptolemy/actor/lib/test/auto/Clock7.xml (RunModel)" time="0.01" />
  <testcase classname="ptolemy.util.test.junit.AutoTests" name="[67] /home/travis/build/icyphy/ptII/ptolemy/actor/lib/test/auto/Clock8.xml (RunModel)" time="0.015" />
  <testcase classname="ptolemy.util.test.junit.AutoTests" name="[68] /home/travis/build/icyphy/ptII/ptolemy/actor/lib/test/auto/Clock9.xml (RunModel)" time="0.015" />
  <testcase classname="ptolemy.util.test.junit.AutoTests" name="[69] /home/travis/build/icyphy/ptII/ptolemy/actor/lib/test/auto/CommDistDiscard.xml (RunModel)" time="0.023" />
  <testcase classname="ptolemy.util.test.junit.AutoTests" name="[70] /home/travis/build/icyphy/ptII/ptolemy/actor/lib/test/auto/Commutator.xml (RunModel)" time="0.015" />
  <testcase classname="ptolemy.util.test.junit.AutoTests" name="[71] /home/travis/build/icyphy/ptII/ptolemy/actor/lib/test/auto/Commutator2.xml (RunModel)" time="0.018" />
  <testcase classname="ptolemy.util.test.junit.AutoTests" name="[72] /home/travis/build/icyphy/ptII/ptolemy/actor/lib/test/auto/Commutator3.xml (RunModel)" time="0.014" />
  <testcase classname="ptolemy.util.test.junit.AutoTests" name="[73] /home/travis/build/icyphy/ptII/ptolemy/actor/lib/test/auto/Compare.xml (RunModel)" time="0.03" />
  <testcase classname="ptolemy.util.test.junit.AutoTests" name="[74] /home/travis/build/icyphy/ptII/ptolemy/actor/lib/test/auto/CompareDE.xml (RunModel)" time="0.021" />
  <testcase classname="ptolemy.util.test.junit.AutoTests" name="[75] /home/travis/build/icyphy/ptII/ptolemy/actor/lib/test/auto/ComplexDivide.xml (RunModel)" time="0.011" />
  <testcase classname="ptolemy.util.test.junit.AutoTests" name="[76] /home/travis/build/icyphy/ptII/ptolemy/actor/lib/test/auto/ComputeHistogram.xml (RunModel)" time="0.078" />
  <testcase classname="ptolemy.util.test.junit.AutoTests" name="[77] /home/travis/build/icyphy/ptII/ptolemy/actor/lib/test/auto/ConfigurationSelect.xml (RunModel)" time="0.029" />
  <testcase classname="ptolemy.util.test.junit.AutoTests" name="[78] /home/travis/build/icyphy/ptII/ptolemy/actor/lib/test/auto/ConfigurationSelect2.xml (RunModel)" time="0.018" />
  <testcase classname="ptolemy.util.test.junit.AutoTests" name="[79] /home/travis/build/icyphy/ptII/ptolemy/actor/lib/test/auto/ConfigurationSwitch.xml (RunModel)" time="0.029" />
  <testcase classname="ptolemy.util.test.junit.AutoTests" name="[80] /home/travis/build/icyphy/ptII/ptolemy/actor/lib/test/auto/ConfigurationSwitch2.xml (RunModel)" time="0.032" />
  <testcase classname="ptolemy.util.test.junit.AutoTests" name="[81] /home/travis/build/icyphy/ptII/ptolemy/actor/lib/test/auto/ConfigurationSwitchCloningBugWithClassRelationGroup.xml (RunModel)" time="0.026" />
  <testcase classname="ptolemy.util.test.junit.AutoTests" name="[82] /home/travis/build/icyphy/ptII/ptolemy/actor/lib/test/auto/ConfigurationSwitchSelectSDF.xml (RunModel)" time="0.023" />
  <testcase classname="ptolemy.util.test.junit.AutoTests" name="[83] /home/travis/build/icyphy/ptII/ptolemy/actor/lib/test/auto/ConfigurationSwitchSelectSDF2.xml (RunModel)" time="0.022" />
  <testcase classname="ptolemy.util.test.junit.AutoTests" name="[84] /home/travis/build/icyphy/ptII/ptolemy/actor/lib/test/auto/Const.xml (RunModel)" time="0.011" />
  <testcase classname="ptolemy.util.test.junit.AutoTests" name="[85] /home/travis/build/icyphy/ptII/ptolemy/actor/lib/test/auto/Const2.xml (RunModel)" time="0.015" />
  <testcase classname="ptolemy.util.test.junit.AutoTests" name="[86] /home/travis/build/icyphy/ptII/ptolemy/actor/lib/test/auto/Const3.xml (RunModel)" time="0.01" />
  <testcase classname="ptolemy.util.test.junit.AutoTests" name="[87] /home/travis/build/icyphy/ptII/ptolemy/actor/lib/test/auto/ConstantPublisherPort1.xml (RunModel)" time="0.033" />
  <testcase classname="ptolemy.util.test.junit.AutoTests" name="[88] /home/travis/build/icyphy/ptII/ptolemy/actor/lib/test/auto/ConstantPublisherPort2.xml (RunModel)" time="0.048" />
  <testcase classname="ptolemy.util.test.junit.AutoTests" name="[89] /home/travis/build/icyphy/ptII/ptolemy/actor/lib/test/auto/ConstantPublisherPort3.xml (RunModel)" time="0.023" />
  <testcase classname="ptolemy.util.test.junit.AutoTests" name="[90] /home/travis/build/icyphy/ptII/ptolemy/actor/lib/test/auto/ConstantPublisherPort4.xml (RunModel)" time="0.021" />
  <testcase classname="ptolemy.util.test.junit.AutoTests" name="[91] /home/travis/build/icyphy/ptII/ptolemy/actor/lib/test/auto/ConstantPublisherPort5.xml (RunModel)" time="0.047" />
  <testcase classname="ptolemy.util.test.junit.AutoTests" name="[92] /home/travis/build/icyphy/ptII/ptolemy/actor/lib/test/auto/ConstantPublisherPort6.xml (RunModel)" time="0.043" />
  <testcase classname="ptolemy.util.test.junit.AutoTests" name="[93] /home/travis/build/icyphy/ptII/ptolemy/actor/lib/test/auto/ConstantPublisherPort7.xml (RunModel)" time="0.038" />
  <testcase classname="ptolemy.util.test.junit.AutoTests" name="[94] /home/travis/build/icyphy/ptII/ptolemy/actor/lib/test/auto/ConstraintMonitor1.xml (RunModel)" time="0.044" />
  <testcase classname="ptolemy.util.test.junit.AutoTests" name="[95] /home/travis/build/icyphy/ptII/ptolemy/actor/lib/test/auto/ConstraintMonitor2.xml (RunModel)" time="0.015" />
  <testcase classname="ptolemy.util.test.junit.AutoTests" name="[96] /home/travis/build/icyphy/ptII/ptolemy/actor/lib/test/auto/ConstraintMonitor3.xml (RunModel)" time="0.019" />
  <testcase classname="ptolemy.util.test.junit.AutoTests" name="[97] /home/travis/build/icyphy/ptII/ptolemy/actor/lib/test/auto/ConstraintMonitor4.xml (RunModel)" time="0.016" />
  <testcase classname="ptolemy.util.test.junit.AutoTests" name="[98] /home/travis/build/icyphy/ptII/ptolemy/actor/lib/test/auto/ConstraintMonitor5.xml (RunModel)" time="0.016" />
  <testcase classname="ptolemy.util.test.junit.AutoTests" name="[99] /home/travis/build/icyphy/ptII/ptolemy/actor/lib/test/auto/ConstraintMonitor6.xml (RunModel)" time="0.024" />
  <testcase classname="ptolemy.util.test.junit.AutoTests" name="[100] /home/travis/build/icyphy/ptII/ptolemy/actor/lib/test/auto/ConstraintMonitor7.xml (RunModel)" time="0.022" />
  <testcase classname="ptolemy.util.test.junit.AutoTests" name="[101] /home/travis/build/icyphy/ptII/ptolemy/actor/lib/test/auto/ConstraintMonitor8.xml (RunModel)" time="0.021" />
  <testcase classname="ptolemy.util.test.junit.AutoTests" name="[102] /home/travis/build/icyphy/ptII/ptolemy/actor/lib/test/auto/Counter.xml (RunModel)" time="0.019" />
  <testcase classname="ptolemy.util.test.junit.AutoTests" name="[103] /home/travis/build/icyphy/ptII/ptolemy/actor/lib/test/auto/CurrentTimeSDF.xml (RunModel)" time="0.011" />
  <testcase classname="ptolemy.util.test.junit.AutoTests" name="[104] /home/travis/build/icyphy/ptII/ptolemy/actor/lib/test/auto/DB.xml (RunModel)" time="0.018" />
  <testcase classname="ptolemy.util.test.junit.AutoTests" name="[105] /home/travis/build/icyphy/ptII/ptolemy/actor/lib/test/auto/DBDE.xml (RunModel)" time="0.017" />
  <testcase classname="ptolemy.util.test.junit.AutoTests" name="[106] /home/travis/build/icyphy/ptII/ptolemy/actor/lib/test/auto/DateConstructor.xml (RunModel)" time="0.083" />
  <testcase classname="ptolemy.util.test.junit.AutoTests" name="[107] /home/travis/build/icyphy/ptII/ptolemy/actor/lib/test/auto/DelayTime.xml (RunModel)" time="0.017" />
  <testcase classname="ptolemy.util.test.junit.AutoTests" name="[108] /home/travis/build/icyphy/ptII/ptolemy/actor/lib/test/auto/Dictionary1.xml (RunModel)" time="0.027" />
  <testcase classname="ptolemy.util.test.junit.AutoTests" name="[109] /home/travis/build/icyphy/ptII/ptolemy/actor/lib/test/auto/Dictionary2.xml (RunModel)" time="0.018" />
  <testcase classname="ptolemy.util.test.junit.AutoTests" name="[110] /home/travis/build/icyphy/ptII/ptolemy/actor/lib/test/auto/Dictionary3.xml (RunModel)" time="0.018" />
  <testcase classname="ptolemy.util.test.junit.AutoTests" name="[111] /home/travis/build/icyphy/ptII/ptolemy/actor/lib/test/auto/Dictionary4.xml (RunModel)" time="0.025" />
  <testcase classname="ptolemy.util.test.junit.AutoTests" name="[112] /home/travis/build/icyphy/ptII/ptolemy/actor/lib/test/auto/Differential.xml (RunModel)" time="0.016" />
  <testcase classname="ptolemy.util.test.junit.AutoTests" name="[113] /home/travis/build/icyphy/ptII/ptolemy/actor/lib/test/auto/Director.xml (RunModel)" time="0.013" />
  <testcase classname="ptolemy.util.test.junit.AutoTests" name="[114] /home/travis/build/icyphy/ptII/ptolemy/actor/lib/test/auto/DiscreteClock.xml (RunModel)" time="0.009" />
  <testcase classname="ptolemy.util.test.junit.AutoTests" name="[115] /home/travis/build/icyphy/ptII/ptolemy/actor/lib/test/auto/DiscreteClock10.xml (RunModel)" time="0.014" />
  <testcase classname="ptolemy.util.test.junit.AutoTests" name="[116] /home/travis/build/icyphy/ptII/ptolemy/actor/lib/test/auto/DiscreteClock11.xml (RunModel)" time="0.014" />
  <testcase classname="ptolemy.util.test.junit.AutoTests" name="[117] /home/travis/build/icyphy/ptII/ptolemy/actor/lib/test/auto/DiscreteClock12.xml (RunModel)" time="0.016" />
  <testcase classname="ptolemy.util.test.junit.AutoTests" name="[118] /home/travis/build/icyphy/ptII/ptolemy/actor/lib/test/auto/DiscreteClock13.xml (RunModel)" time="0.017" />
  <testcase classname="ptolemy.util.test.junit.AutoTests" name="[119] /home/travis/build/icyphy/ptII/ptolemy/actor/lib/test/auto/DiscreteClock14.xml (RunModel)" time="0.015" />
  <testcase classname="ptolemy.util.test.junit.AutoTests" name="[120] /home/travis/build/icyphy/ptII/ptolemy/actor/lib/test/auto/DiscreteClock15.xml (RunModel)" time="0.017" />
  <testcase classname="ptolemy.util.test.junit.AutoTests" name="[121] /home/travis/build/icyphy/ptII/ptolemy/actor/lib/test/auto/DiscreteClock16.xml (RunModel)" time="0.049" />
  <testcase classname="ptolemy.util.test.junit.AutoTests" name="[122] /home/travis/build/icyphy/ptII/ptolemy/actor/lib/test/auto/DiscreteClock17.xml (RunModel)" time="0.056" />
  <testcase classname="ptolemy.util.test.junit.AutoTests" name="[123] /home/travis/build/icyphy/ptII/ptolemy/actor/lib/test/auto/DiscreteClock18.xml (RunModel)" time="0.045" />
  <testcase classname="ptolemy.util.test.junit.AutoTests" name="[124] /home/travis/build/icyphy/ptII/ptolemy/actor/lib/test/auto/DiscreteClock19.xml (RunModel)" time="0.047" />
  <testcase classname="ptolemy.util.test.junit.AutoTests" name="[125] /home/travis/build/icyphy/ptII/ptolemy/actor/lib/test/auto/DiscreteClock2.xml (RunModel)" time="0.012" />
  <testcase classname="ptolemy.util.test.junit.AutoTests" name="[126] /home/travis/build/icyphy/ptII/ptolemy/actor/lib/test/auto/DiscreteClock20.xml (RunModel)" time="0.02" />
  <testcase classname="ptolemy.util.test.junit.AutoTests" name="[127] /home/travis/build/icyphy/ptII/ptolemy/actor/lib/test/auto/DiscreteClock21.xml (RunModel)" time="0.019" />
  <testcase classname="ptolemy.util.test.junit.AutoTests" name="[128] /home/travis/build/icyphy/ptII/ptolemy/actor/lib/test/auto/DiscreteClock22.xml (RunModel)" time="0.017" />
  <testcase classname="ptolemy.util.test.junit.AutoTests" name="[129] /home/travis/build/icyphy/ptII/ptolemy/actor/lib/test/auto/DiscreteClock23.xml (RunModel)" time="0.024" />
  <testcase classname="ptolemy.util.test.junit.AutoTests" name="[130] /home/travis/build/icyphy/ptII/ptolemy/actor/lib/test/auto/DiscreteClock24.xml (RunModel)" time="0.016" />
  <testcase classname="ptolemy.util.test.junit.AutoTests" name="[131] /home/travis/build/icyphy/ptII/ptolemy/actor/lib/test/auto/DiscreteClock4.xml (RunModel)" time="0.014" />
  <testcase classname="ptolemy.util.test.junit.AutoTests" name="[132] /home/travis/build/icyphy/ptII/ptolemy/actor/lib/test/auto/DiscreteClock5.xml (RunModel)" time="0.012" />
  <testcase classname="ptolemy.util.test.junit.AutoTests" name="[133] /home/travis/build/icyphy/ptII/ptolemy/actor/lib/test/auto/DiscreteClock6.xml (RunModel)" time="0.012" />
  <testcase classname="ptolemy.util.test.junit.AutoTests" name="[134] /home/travis/build/icyphy/ptII/ptolemy/actor/lib/test/auto/DiscreteClock7.xml (RunModel)" time="0.013" />
  <testcase classname="ptolemy.util.test.junit.AutoTests" name="[135] /home/travis/build/icyphy/ptII/ptolemy/actor/lib/test/auto/DiscreteClock8.xml (RunModel)" time="0.02" />
  <testcase classname="ptolemy.util.test.junit.AutoTests" name="[136] /home/travis/build/icyphy/ptII/ptolemy/actor/lib/test/auto/DiscreteClock9.xml (RunModel)" time="0.015" />
  <testcase classname="ptolemy.util.test.junit.AutoTests" name="[137] /home/travis/build/icyphy/ptII/ptolemy/actor/lib/test/auto/DisplayArray.xml (RunModel)" time="0.012" />
  <testcase classname="ptolemy.util.test.junit.AutoTests" name="[138] /home/travis/build/icyphy/ptII/ptolemy/actor/lib/test/auto/Distributor.xml (RunModel)" time="0.011" />
  <testcase classname="ptolemy.util.test.junit.AutoTests" name="[139] /home/travis/build/icyphy/ptII/ptolemy/actor/lib/test/auto/Distributor2.xml (RunModel)" time="0.011" />
  <testcase classname="ptolemy.util.test.junit.AutoTests" name="[140] /home/travis/build/icyphy/ptII/ptolemy/actor/lib/test/auto/DownSample.xml (RunModel)" time="0.012" />
  <testcase classname="ptolemy.util.test.junit.AutoTests" name="[141] /home/travis/build/icyphy/ptII/ptolemy/actor/lib/test/auto/ElectronicUnitBase1.xml (RunModel)" time="0.059" />
  <testcase classname="ptolemy.util.test.junit.AutoTests" name="[142] /home/travis/build/icyphy/ptII/ptolemy/actor/lib/test/auto/ElementsToArray.xml (RunModel)" time="0.012" />
  <testcase classname="ptolemy.util.test.junit.AutoTests" name="[143] /home/travis/build/icyphy/ptII/ptolemy/actor/lib/test/auto/Equals.xml (RunModel)" time="0.018" />
  <testcase classname="ptolemy.util.test.junit.AutoTests" name="[144] /home/travis/build/icyphy/ptII/ptolemy/actor/lib/test/auto/Exec.xml (RunModel)" time="0.03" />
  <testcase classname="ptolemy.util.test.junit.AutoTests" name="[145] /home/travis/build/icyphy/ptII/ptolemy/actor/lib/test/auto/ExecEnvironment.xml (RunModel)" time="0.042" />
  <testcase classname="ptolemy.util.test.junit.AutoTests" name="[146] /home/travis/build/icyphy/ptII/ptolemy/actor/lib/test/auto/ExecNonZeroReturnOutput.xml (RunModel)" time="0.181" />
  <testcase classname="ptolemy.util.test.junit.AutoTests" name="[147] /home/travis/build/icyphy/ptII/ptolemy/actor/lib/test/auto/ExecRunDemos.xml (RunModel)" time="10.895" />
  <testcase classname="ptolemy.util.test.junit.AutoTests" name="[148] /home/travis/build/icyphy/ptII/ptolemy/actor/lib/test/auto/ExecStop.xml (RunModel)" time="5.037" />
  <testcase classname="ptolemy.util.test.junit.AutoTests" name="[149] /home/travis/build/icyphy/ptII/ptolemy/actor/lib/test/auto/ExecutionTimeSDF.xml (RunModel)" time="6.038" />
  <testcase classname="ptolemy.util.test.junit.AutoTests" name="[150] /home/travis/build/icyphy/ptII/ptolemy/actor/lib/test/auto/Expression1.xml (RunModel)" time="0.014" />
  <testcase classname="ptolemy.util.test.junit.AutoTests" name="[151] /home/travis/build/icyphy/ptII/ptolemy/actor/lib/test/auto/Expression10.xml (RunModel)" time="0.014" />
  <testcase classname="ptolemy.util.test.junit.AutoTests" name="[152] /home/travis/build/icyphy/ptII/ptolemy/actor/lib/test/auto/Expression11.xml (RunModel)" time="0.011" />
  <testcase classname="ptolemy.util.test.junit.AutoTests" name="[153] /home/travis/build/icyphy/ptII/ptolemy/actor/lib/test/auto/Expression12.xml (RunModel)" time="0.012" />
  <testcase classname="ptolemy.util.test.junit.AutoTests" name="[154] /home/travis/build/icyphy/ptII/ptolemy/actor/lib/test/auto/Expression13.xml (RunModel)" time="0.012" />
  <testcase classname="ptolemy.util.test.junit.AutoTests" name="[155] /home/travis/build/icyphy/ptII/ptolemy/actor/lib/test/auto/Expression14.xml (RunModel)" time="0.02" />
  <testcase classname="ptolemy.util.test.junit.AutoTests" name="[156] /home/travis/build/icyphy/ptII/ptolemy/actor/lib/test/auto/Expression15.xml (RunModel)" time="0.008" />
  <testcase classname="ptolemy.util.test.junit.AutoTests" name="[157] /home/travis/build/icyphy/ptII/ptolemy/actor/lib/test/auto/Expression16.xml (RunModel)" time="0.011" />
  <testcase classname="ptolemy.util.test.junit.AutoTests" name="[158] /home/travis/build/icyphy/ptII/ptolemy/actor/lib/test/auto/Expression17.xml (RunModel)" time="0.011" />
  <testcase classname="ptolemy.util.test.junit.AutoTests" name="[159] /home/travis/build/icyphy/ptII/ptolemy/actor/lib/test/auto/Expression18.xml (RunModel)" time="0.012" />
  <testcase classname="ptolemy.util.test.junit.AutoTests" name="[160] /home/travis/build/icyphy/ptII/ptolemy/actor/lib/test/auto/Expression2.xml (RunModel)" time="0.011" />
  <testcase classname="ptolemy.util.test.junit.AutoTests" name="[161] /home/travis/build/icyphy/ptII/ptolemy/actor/lib/test/auto/Expression3.xml (RunModel)" time="0.014" />
  <testcase classname="ptolemy.util.test.junit.AutoTests" name="[162] /home/travis/build/icyphy/ptII/ptolemy/actor/lib/test/auto/Expression4.xml (RunModel)" time="0.018" />
  <testcase classname="ptolemy.util.test.junit.AutoTests" name="[163] /home/travis/build/icyphy/ptII/ptolemy/actor/lib/test/auto/Expression5.xml (RunModel)" time="0.015" />
  <testcase classname="ptolemy.util.test.junit.AutoTests" name="[164] /home/travis/build/icyphy/ptII/ptolemy/actor/lib/test/auto/Expression6.xml (RunModel)" time="0.009" />
  <testcase classname="ptolemy.util.test.junit.AutoTests" name="[165] /home/travis/build/icyphy/ptII/ptolemy/actor/lib/test/auto/Expression7.xml (RunModel)" time="0.011" />
  <testcase classname="ptolemy.util.test.junit.AutoTests" name="[166] /home/travis/build/icyphy/ptII/ptolemy/actor/lib/test/auto/Expression8.xml (RunModel)" time="0.015" />
  <testcase classname="ptolemy.util.test.junit.AutoTests" name="[167] /home/travis/build/icyphy/ptII/ptolemy/actor/lib/test/auto/Expression9.xml (RunModel)" time="0.008" />
  <testcase classname="ptolemy.util.test.junit.AutoTests" name="[168] /home/travis/build/icyphy/ptII/ptolemy/actor/lib/test/auto/ExpressionConcatenateArrayType.xml (RunModel)" time="0.04" />
  <testcase classname="ptolemy.util.test.junit.AutoTests" name="[169] /home/travis/build/icyphy/ptII/ptolemy/actor/lib/test/auto/ExpressionConcatenateArrayType2.xml (RunModel)" time="0.02" />
  <testcase classname="ptolemy.util.test.junit.AutoTests" name="[170] /home/travis/build/icyphy/ptII/ptolemy/actor/lib/test/auto/ExpressionFix.xml (RunModel)" time="0.047" />
  <testcase classname="ptolemy.util.test.junit.AutoTests" name="[171] /home/travis/build/icyphy/ptII/ptolemy/actor/lib/test/auto/ExpressionFix2.xml (RunModel)" time="0.014" />
  <testcase classname="ptolemy.util.test.junit.AutoTests" name="[172] /home/travis/build/icyphy/ptII/ptolemy/actor/lib/test/auto/ExpressionFix3.xml (RunModel)" time="0.014" />
  <testcase classname="ptolemy.util.test.junit.AutoTests" name="[173] /home/travis/build/icyphy/ptII/ptolemy/actor/lib/test/auto/FileWriter1.xml (RunModel)" time="0.01" />
  <testcase classname="ptolemy.util.test.junit.AutoTests" name="[174] /home/travis/build/icyphy/ptII/ptolemy/actor/lib/test/auto/FileWriter2.xml (RunModel)" time="0.015" />
  <testcase classname="ptolemy.util.test.junit.AutoTests" name="[175] /home/travis/build/icyphy/ptII/ptolemy/actor/lib/test/auto/FileWriter3.xml (RunModel)" time="0.013" />
  <testcase classname="ptolemy.util.test.junit.AutoTests" name="[176] /home/travis/build/icyphy/ptII/ptolemy/actor/lib/test/auto/Gaussian.xml (RunModel)" time="0.01" />
  <testcase classname="ptolemy.util.test.junit.AutoTests" name="[177] /home/travis/build/icyphy/ptII/ptolemy/actor/lib/test/auto/Gaussian1.xml (RunModel)" time="0.029" />
  <testcase classname="ptolemy.util.test.junit.AutoTests" name="[178] /home/travis/build/icyphy/ptII/ptolemy/actor/lib/test/auto/Gaussian2.xml (RunModel)" time="0.018" />
  <testcase classname="ptolemy.util.test.junit.AutoTests" name="[179] /home/travis/build/icyphy/ptII/ptolemy/actor/lib/test/auto/GradientAdaptiveLattice.xml (RunModel)" time="0.016" />
  <testcase classname="ptolemy.util.test.junit.AutoTests" name="[180] /home/travis/build/icyphy/ptII/ptolemy/actor/lib/test/auto/IIR.xml (RunModel)" time="0.011" />
  <testcase classname="ptolemy.util.test.junit.AutoTests" name="[181] /home/travis/build/icyphy/ptII/ptolemy/actor/lib/test/auto/InputOutputTransparentPorts.xml (RunModel)" time="0.019" />
  <testcase classname="ptolemy.util.test.junit.AutoTests" name="[182] /home/travis/build/icyphy/ptII/ptolemy/actor/lib/test/auto/Interpolator.xml (RunModel)" time="0.012" />
  <testcase classname="ptolemy.util.test.junit.AutoTests" name="[183] /home/travis/build/icyphy/ptII/ptolemy/actor/lib/test/auto/InterpolatorFiringLimitDE.xml (RunModel)" time="0.037" />
  <testcase classname="ptolemy.util.test.junit.AutoTests" name="[184] /home/travis/build/icyphy/ptII/ptolemy/actor/lib/test/auto/Lattice.xml (RunModel)" time="0.01" />
  <testcase classname="ptolemy.util.test.junit.AutoTests" name="[185] /home/travis/build/icyphy/ptII/ptolemy/actor/lib/test/auto/LazyAOCTestLazy.xml (RunModel)" time="0.02" />
  <testcase classname="ptolemy.util.test.junit.AutoTests" name="[186] /home/travis/build/icyphy/ptII/ptolemy/actor/lib/test/auto/LazyAOCTestNonLazy.xml (RunModel)" time="0.049" />
  <testcase classname="ptolemy.util.test.junit.AutoTests" name="[187] /home/travis/build/icyphy/ptII/ptolemy/actor/lib/test/auto/LazyInnerClass.xml (RunModel)" time="0.045" />
  <testcase classname="ptolemy.util.test.junit.AutoTests" name="[188] /home/travis/build/icyphy/ptII/ptolemy/actor/lib/test/auto/LazyPubSub.xml (RunModel)" time="0.074" />
  <testcase classname="ptolemy.util.test.junit.AutoTests" name="[189] /home/travis/build/icyphy/ptII/ptolemy/actor/lib/test/auto/LazyPubSub2.xml (RunModel)" time="0.023" />
  <testcase classname="ptolemy.util.test.junit.AutoTests" name="[190] /home/travis/build/icyphy/ptII/ptolemy/actor/lib/test/auto/LazyPubSub3.xml (RunModel)" time="0.028" />
  <testcase classname="ptolemy.util.test.junit.AutoTests" name="[191] /home/travis/build/icyphy/ptII/ptolemy/actor/lib/test/auto/LazySubClassModel.xml (RunModel)" time="0.02" />
  <testcase classname="ptolemy.util.test.junit.AutoTests" name="[192] /home/travis/build/icyphy/ptII/ptolemy/actor/lib/test/auto/LevelCrossTest1.xml (RunModel)" time="0.009" />
  <testcase classname="ptolemy.util.test.junit.AutoTests" name="[193] /home/travis/build/icyphy/ptII/ptolemy/actor/lib/test/auto/LevelCrossTest10.xml (RunModel)" time="0.014" />
  <testcase classname="ptolemy.util.test.junit.AutoTests" name="[194] /home/travis/build/icyphy/ptII/ptolemy/actor/lib/test/auto/LevelCrossTest11.xml (RunModel)" time="0.012" />
  <testcase classname="ptolemy.util.test.junit.AutoTests" name="[195] /home/travis/build/icyphy/ptII/ptolemy/actor/lib/test/auto/LevelCrossTest12.xml (RunModel)" time="0.013" />
  <testcase classname="ptolemy.util.test.junit.AutoTests" name="[196] /home/travis/build/icyphy/ptII/ptolemy/actor/lib/test/auto/LevelCrossTest13.xml (RunModel)" time="0.012" />
  <testcase classname="ptolemy.util.test.junit.AutoTests" name="[197] /home/travis/build/icyphy/ptII/ptolemy/actor/lib/test/auto/LevelCrossTest2.xml (RunModel)" time="0.023" />
  <testcase classname="ptolemy.util.test.junit.AutoTests" name="[198] /home/travis/build/icyphy/ptII/ptolemy/actor/lib/test/auto/LevelCrossTest3.xml (RunModel)" time="0.011" />
  <testcase classname="ptolemy.util.test.junit.AutoTests" name="[199] /home/travis/build/icyphy/ptII/ptolemy/actor/lib/test/auto/LevelCrossTest4.xml (RunModel)" time="0.01" />
  <testcase classname="ptolemy.util.test.junit.AutoTests" name="[200] /home/travis/build/icyphy/ptII/ptolemy/actor/lib/test/auto/LevelCrossTest5.xml (RunModel)" time="0.012" />
  <testcase classname="ptolemy.util.test.junit.AutoTests" name="[201] /home/travis/build/icyphy/ptII/ptolemy/actor/lib/test/auto/LevelCrossTest6.xml (RunModel)" time="0.012" />
  <testcase classname="ptolemy.util.test.junit.AutoTests" name="[202] /home/travis/build/icyphy/ptII/ptolemy/actor/lib/test/auto/LevelCrossTest7.xml (RunModel)" time="0.021" />
  <testcase classname="ptolemy.util.test.junit.AutoTests" name="[203] /home/travis/build/icyphy/ptII/ptolemy/actor/lib/test/auto/LevelCrossTest8.xml (RunModel)" time="0.014" />
  <testcase classname="ptolemy.util.test.junit.AutoTests" name="[204] /home/travis/build/icyphy/ptII/ptolemy/actor/lib/test/auto/LevelCrossTest9.xml (RunModel)" time="0.013" />
  <testcase classname="ptolemy.util.test.junit.AutoTests" name="[205] /home/travis/build/icyphy/ptII/ptolemy/actor/lib/test/auto/LevinsonDurbin.xml (RunModel)" time="0.015" />
  <testcase classname="ptolemy.util.test.junit.AutoTests" name="[206] /home/travis/build/icyphy/ptII/ptolemy/actor/lib/test/auto/LevinsonDurbin2.xml (RunModel)" time="0.015" />
  <testcase classname="ptolemy.util.test.junit.AutoTests" name="[207] /home/travis/build/icyphy/ptII/ptolemy/actor/lib/test/auto/LevinsonDurbin3.xml (RunModel)" time="0.011" />
  <testcase classname="ptolemy.util.test.junit.AutoTests" name="[208] /home/travis/build/icyphy/ptII/ptolemy/actor/lib/test/auto/Limiter.xml (RunModel)" time="0.04" />
  <testcase classname="ptolemy.util.test.junit.AutoTests" name="[209] /home/travis/build/icyphy/ptII/ptolemy/actor/lib/test/auto/LinearDifferenceEquationSystem.xml (RunModel)" time="0.029" />
  <testcase classname="ptolemy.util.test.junit.AutoTests" name="[210] /home/travis/build/icyphy/ptII/ptolemy/actor/lib/test/auto/LookupTable.xml (RunModel)" time="0.019" />
  <testcase classname="ptolemy.util.test.junit.AutoTests" name="[211] /home/travis/build/icyphy/ptII/ptolemy/actor/lib/test/auto/MathFunction.xml (RunModel)" time="0.025" />
  <testcase classname="ptolemy.util.test.junit.AutoTests" name="[212] /home/travis/build/icyphy/ptII/ptolemy/actor/lib/test/auto/MathFunction2.xml (RunModel)" time="0.012" />
  <testcase classname="ptolemy.util.test.junit.AutoTests" name="[213] /home/travis/build/icyphy/ptII/ptolemy/actor/lib/test/auto/MathFunction3.xml (RunModel)" time="0.017" />
  <testcase classname="ptolemy.util.test.junit.AutoTests" name="[214] /home/travis/build/icyphy/ptII/ptolemy/actor/lib/test/auto/MatrixCropBoolean.xml (RunModel)" time="0.013" />
  <testcase classname="ptolemy.util.test.junit.AutoTests" name="[215] /home/travis/build/icyphy/ptII/ptolemy/actor/lib/test/auto/MatrixCropComplex.xml (RunModel)" time="0.01" />
  <testcase classname="ptolemy.util.test.junit.AutoTests" name="[216] /home/travis/build/icyphy/ptII/ptolemy/actor/lib/test/auto/MatrixCropDouble.xml (RunModel)" time="0.01" />
  <testcase classname="ptolemy.util.test.junit.AutoTests" name="[217] /home/travis/build/icyphy/ptII/ptolemy/actor/lib/test/auto/MatrixCropFix.xml (RunModel)" time="0.014" />
  <testcase classname="ptolemy.util.test.junit.AutoTests" name="[218] /home/travis/build/icyphy/ptII/ptolemy/actor/lib/test/auto/MatrixCropInt.xml (RunModel)" time="0.01" />
  <testcase classname="ptolemy.util.test.junit.AutoTests" name="[219] /home/travis/build/icyphy/ptII/ptolemy/actor/lib/test/auto/MatrixCropLong.xml (RunModel)" time="0.008" />
  <testcase classname="ptolemy.util.test.junit.AutoTests" name="[220] /home/travis/build/icyphy/ptII/ptolemy/actor/lib/test/auto/MatrixToArray.xml (RunModel)" time="0.054" />
  <testcase classname="ptolemy.util.test.junit.AutoTests" name="[221] /home/travis/build/icyphy/ptII/ptolemy/actor/lib/test/auto/MaxIndex.xml (RunModel)" time="0.012" />
  <testcase classname="ptolemy.util.test.junit.AutoTests" name="[222] /home/travis/build/icyphy/ptII/ptolemy/actor/lib/test/auto/Maximum.xml (RunModel)" time="0.021" />
  <testcase classname="ptolemy.util.test.junit.AutoTests" name="[223] /home/travis/build/icyphy/ptII/ptolemy/actor/lib/test/auto/MaximumComplex.xml (RunModel)" time="0.025" />
  <testcase classname="ptolemy.util.test.junit.AutoTests" name="[224] /home/travis/build/icyphy/ptII/ptolemy/actor/lib/test/auto/MethodCallTest.xml (RunModel)" time="0.023" />
  <testcase classname="ptolemy.util.test.junit.AutoTests" name="[225] /home/travis/build/icyphy/ptII/ptolemy/actor/lib/test/auto/Minimum.xml (RunModel)" time="0.015" />
  <testcase classname="ptolemy.util.test.junit.AutoTests" name="[226] /home/travis/build/icyphy/ptII/ptolemy/actor/lib/test/auto/MinimumComplex.xml (RunModel)" time="0.026" />
  <testcase classname="ptolemy.util.test.junit.AutoTests" name="[227] /home/travis/build/icyphy/ptII/ptolemy/actor/lib/test/auto/MinimumMultiports.xml (RunModel)" time="0.017" />
  <testcase classname="ptolemy.util.test.junit.AutoTests" name="[228] /home/travis/build/icyphy/ptII/ptolemy/actor/lib/test/auto/ModifyDate.xml (RunModel)" time="0.043" />
  <testcase classname="ptolemy.util.test.junit.AutoTests" name="[229] /home/travis/build/icyphy/ptII/ptolemy/actor/lib/test/auto/ModifyDate2.xml (RunModel)" time="0.033" />
  <testcase classname="ptolemy.util.test.junit.AutoTests" name="[230] /home/travis/build/icyphy/ptII/ptolemy/actor/lib/test/auto/MovingAverage.xml (RunModel)" time="0.012" />
  <testcase classname="ptolemy.util.test.junit.AutoTests" name="[231] /home/travis/build/icyphy/ptII/ptolemy/actor/lib/test/auto/MovingMaximum.xml (RunModel)" time="0.011" />
  <testcase classname="ptolemy.util.test.junit.AutoTests" name="[232] /home/travis/build/icyphy/ptII/ptolemy/actor/lib/test/auto/MultipleLinksToSameRelation.xml (RunModel)" time="0.007" />
  <testcase classname="ptolemy.util.test.junit.AutoTests" name="[233] /home/travis/build/icyphy/ptII/ptolemy/actor/lib/test/auto/MultipleLinksToSameRelationDE.xml (RunModel)" time="0.008" />
  <testcase classname="ptolemy.util.test.junit.AutoTests" name="[234] /home/travis/build/icyphy/ptII/ptolemy/actor/lib/test/auto/Multiplexor.xml (RunModel)" time="0.03" />
  <testcase classname="ptolemy.util.test.junit.AutoTests" name="[235] /home/travis/build/icyphy/ptII/ptolemy/actor/lib/test/auto/Multiplexor1.xml (RunModel)" time="0.011" />
  <testcase classname="ptolemy.util.test.junit.AutoTests" name="[236] /home/travis/build/icyphy/ptII/ptolemy/actor/lib/test/auto/Multiplexor2.xml (RunModel)" time="0.014" />
  <testcase classname="ptolemy.util.test.junit.AutoTests" name="[237] /home/travis/build/icyphy/ptII/ptolemy/actor/lib/test/auto/Multiplexor3.xml (RunModel)" time="0.009" />
  <testcase classname="ptolemy.util.test.junit.AutoTests" name="[238] /home/travis/build/icyphy/ptII/ptolemy/actor/lib/test/auto/MultiplexorDE.xml (RunModel)" time="0.015" />
  <testcase classname="ptolemy.util.test.junit.AutoTests" name="[239] /home/travis/build/icyphy/ptII/ptolemy/actor/lib/test/auto/MultiportBroadcastTest.xml (RunModel)" time="0.095" />
  <testcase classname="ptolemy.util.test.junit.AutoTests" name="[240] /home/travis/build/icyphy/ptII/ptolemy/actor/lib/test/auto/MultiportOutHangDuringGetWidth.xml (RunModel)" time="0.03" />
  <testcase classname="ptolemy.util.test.junit.AutoTests" name="[241] /home/travis/build/icyphy/ptII/ptolemy/actor/lib/test/auto/NilToken.xml (RunModel)" time="0.012" />
  <testcase classname="ptolemy.util.test.junit.AutoTests" name="[242] /home/travis/build/icyphy/ptII/ptolemy/actor/lib/test/auto/NilTokenNonStrictTest.xml (RunModel)" time="0.013" />
  <testcase classname="ptolemy.util.test.junit.AutoTests" name="[243] /home/travis/build/icyphy/ptII/ptolemy/actor/lib/test/auto/NilTokenRecord.xml (RunModel)" time="0.029" />
  <testcase classname="ptolemy.util.test.junit.AutoTests" name="[244] /home/travis/build/icyphy/ptII/ptolemy/actor/lib/test/auto/NilTokenTypeTest.xml (RunModel)" time="0.025" />
  <testcase classname="ptolemy.util.test.junit.AutoTests" name="[245] /home/travis/build/icyphy/ptII/ptolemy/actor/lib/test/auto/ObjectToken1.xml (RunModel)" time="0.011" />
  <testcase classname="ptolemy.util.test.junit.AutoTests" name="[246] /home/travis/build/icyphy/ptII/ptolemy/actor/lib/test/auto/OrderedMerge.xml (RunModel)" time="0.016" />
  <testcase classname="ptolemy.util.test.junit.AutoTests" name="[247] /home/travis/build/icyphy/ptII/ptolemy/actor/lib/test/auto/OrderedRecordDisassembler.xml (RunModel)" time="0.03" />
  <testcase classname="ptolemy.util.test.junit.AutoTests" name="[248] /home/travis/build/icyphy/ptII/ptolemy/actor/lib/test/auto/OrderedRecordDisassembler2.xml (RunModel)" time="0.018" />
  <testcase classname="ptolemy.util.test.junit.AutoTests" name="[249] /home/travis/build/icyphy/ptII/ptolemy/actor/lib/test/auto/OrderedRecordUpdater.xml (RunModel)" time="0.011" />
  <testcase classname="ptolemy.util.test.junit.AutoTests" name="[250] /home/travis/build/icyphy/ptII/ptolemy/actor/lib/test/auto/OrderedRecordUpdater2.xml (RunModel)" time="0.017" />
  <testcase classname="ptolemy.util.test.junit.AutoTests" name="[251] /home/travis/build/icyphy/ptII/ptolemy/actor/lib/test/auto/PhaseUnwrap.xml (RunModel)" time="0.013" />
  <testcase classname="ptolemy.util.test.junit.AutoTests" name="[252] /home/travis/build/icyphy/ptII/ptolemy/actor/lib/test/auto/PoissonClock.xml (RunModel)" time="0.011" />
  <testcase classname="ptolemy.util.test.junit.AutoTests" name="[253] /home/travis/build/icyphy/ptII/ptolemy/actor/lib/test/auto/PoissonClock2.xml (RunModel)" time="0.007" />
  <testcase classname="ptolemy.util.test.junit.AutoTests" name="[254] /home/travis/build/icyphy/ptII/ptolemy/actor/lib/test/auto/PoissonClock3.xml (RunModel)" time="0.023" />
  <testcase classname="ptolemy.util.test.junit.AutoTests" name="[255] /home/travis/build/icyphy/ptII/ptolemy/actor/lib/test/auto/PubSubWithInitialTokens.xml (RunModel)" time="0.014" />
  <testcase classname="ptolemy.util.test.junit.AutoTests" name="[256] /home/travis/build/icyphy/ptII/ptolemy/actor/lib/test/auto/PubSubWithInitialTokens2.xml (RunModel)" time="0.018" />
  <testcase classname="ptolemy.util.test.junit.AutoTests" name="[257] /home/travis/build/icyphy/ptII/ptolemy/actor/lib/test/auto/PublisherClassNoParameter.xml (RunModel)" time="0.028" />
  <testcase classname="ptolemy.util.test.junit.AutoTests" name="[258] /home/travis/build/icyphy/ptII/ptolemy/actor/lib/test/auto/PublisherClassParameter.xml (RunModel)" time="0.02" />
  <testcase classname="ptolemy.util.test.junit.AutoTests" name="[259] /home/travis/build/icyphy/ptII/ptolemy/actor/lib/test/auto/PublisherNonStrictTest.xml (RunModel)" time="0.014" />
  <testcase classname="ptolemy.util.test.junit.AutoTests" name="[260] /home/travis/build/icyphy/ptII/ptolemy/actor/lib/test/auto/PublisherPort1.xml (RunModel)" time="0.01" />
  <testcase classname="ptolemy.util.test.junit.AutoTests" name="[261] /home/travis/build/icyphy/ptII/ptolemy/actor/lib/test/auto/PublisherPort2.xml (RunModel)" time="0.008" />
  <testcase classname="ptolemy.util.test.junit.AutoTests" name="[262] /home/travis/build/icyphy/ptII/ptolemy/actor/lib/test/auto/PublisherPort3.xml (RunModel)" time="0.018" />
  <testcase classname="ptolemy.util.test.junit.AutoTests" name="[263] /home/travis/build/icyphy/ptII/ptolemy/actor/lib/test/auto/PublisherPort4.xml (RunModel)" time="0.012" />
  <testcase classname="ptolemy.util.test.junit.AutoTests" name="[264] /home/travis/build/icyphy/ptII/ptolemy/actor/lib/test/auto/PublisherPort5.xml (RunModel)" time="0.013" />
  <testcase classname="ptolemy.util.test.junit.AutoTests" name="[265] /home/travis/build/icyphy/ptII/ptolemy/actor/lib/test/auto/PublisherPort5LookAlike.xml (RunModel)" time="0.018" />
  <testcase classname="ptolemy.util.test.junit.AutoTests" name="[266] /home/travis/build/icyphy/ptII/ptolemy/actor/lib/test/auto/PublisherPort6.xml (RunModel)" time="0.012" />
  <testcase classname="ptolemy.util.test.junit.AutoTests" name="[267] /home/travis/build/icyphy/ptII/ptolemy/actor/lib/test/auto/PublisherPort7.xml (RunModel)" time="0.016" />
  <testcase classname="ptolemy.util.test.junit.AutoTests" name="[268] /home/travis/build/icyphy/ptII/ptolemy/actor/lib/test/auto/PublisherPort8.xml (RunModel)" time="0.017" />
  <testcase classname="ptolemy.util.test.junit.AutoTests" name="[269] /home/travis/build/icyphy/ptII/ptolemy/actor/lib/test/auto/PublisherPortSubscriberChannelVariablesAOC2.xml (RunModel)" time="0.034" />
  <testcase classname="ptolemy.util.test.junit.AutoTests" name="[270] /home/travis/build/icyphy/ptII/ptolemy/actor/lib/test/auto/PublisherPortSubscriberOpaqueWidthInference.xml (RunModel)" time="0.015" />
  <testcase classname="ptolemy.util.test.junit.AutoTests" name="[271] /home/travis/build/icyphy/ptII/ptolemy/actor/lib/test/auto/PublisherPortSubscriberPortAdjacent.xml (RunModel)" time="0.027" />
  <testcase classname="ptolemy.util.test.junit.AutoTests" name="[272] /home/travis/build/icyphy/ptII/ptolemy/actor/lib/test/auto/PublisherPortSubscriberPortExpression.xml (RunModel)" time="0.016" />
  <testcase classname="ptolemy.util.test.junit.AutoTests" name="[273] /home/travis/build/icyphy/ptII/ptolemy/actor/lib/test/auto/PublisherPortSubscriberPortOpaqueD3Reverse.xml (RunModel)" time="0.036" />
  <testcase classname="ptolemy.util.test.junit.AutoTests" name="[274] /home/travis/build/icyphy/ptII/ptolemy/actor/lib/test/auto/PublisherPortSubscriberPortOpaqueWidthInference.xml (RunModel)" time="0.016" />
  <testcase classname="ptolemy.util.test.junit.AutoTests" name="[275] /home/travis/build/icyphy/ptII/ptolemy/actor/lib/test/auto/PublisherPortToplevelSubscriberPortAOC.xml (RunModel)" time="0.01" />
  <testcase classname="ptolemy.util.test.junit.AutoTests" name="[276] /home/travis/build/icyphy/ptII/ptolemy/actor/lib/test/auto/PublisherSubscriber.xml (RunModel)" time="0.012" />
  <testcase classname="ptolemy.util.test.junit.AutoTests" name="[277] /home/travis/build/icyphy/ptII/ptolemy/actor/lib/test/auto/PublisherSubscriber10.xml (RunModel)" time="0.021" />
  <testcase classname="ptolemy.util.test.junit.AutoTests" name="[278] /home/travis/build/icyphy/ptII/ptolemy/actor/lib/test/auto/PublisherSubscriber10InitialOutputs.xml (RunModel)" time="0.033" />
  <testcase classname="ptolemy.util.test.junit.AutoTests" name="[279] /home/travis/build/icyphy/ptII/ptolemy/actor/lib/test/auto/PublisherSubscriber11.xml (RunModel)" time="0.013" />
  <testcase classname="ptolemy.util.test.junit.AutoTests" name="[280] /home/travis/build/icyphy/ptII/ptolemy/actor/lib/test/auto/PublisherSubscriber12.xml (RunModel)" time="0.022" />
  <testcase classname="ptolemy.util.test.junit.AutoTests" name="[281] /home/travis/build/icyphy/ptII/ptolemy/actor/lib/test/auto/PublisherSubscriber13.xml (RunModel)" time="0.011" />
  <testcase classname="ptolemy.util.test.junit.AutoTests" name="[282] /home/travis/build/icyphy/ptII/ptolemy/actor/lib/test/auto/PublisherSubscriber14.xml (RunModel)" time="0.02" />
  <testcase classname="ptolemy.util.test.junit.AutoTests" name="[283] /home/travis/build/icyphy/ptII/ptolemy/actor/lib/test/auto/PublisherSubscriber2.xml (RunModel)" time="0.022" />
  <testcase classname="ptolemy.util.test.junit.AutoTests" name="[284] /home/travis/build/icyphy/ptII/ptolemy/actor/lib/test/auto/PublisherSubscriber3.xml (RunModel)" time="0.01" />
  <testcase classname="ptolemy.util.test.junit.AutoTests" name="[285] /home/travis/build/icyphy/ptII/ptolemy/actor/lib/test/auto/PublisherSubscriber4.xml (RunModel)" time="0.011" />
  <testcase classname="ptolemy.util.test.junit.AutoTests" name="[286] /home/travis/build/icyphy/ptII/ptolemy/actor/lib/test/auto/PublisherSubscriber5.xml (RunModel)" time="0.013" />
  <testcase classname="ptolemy.util.test.junit.AutoTests" name="[287] /home/travis/build/icyphy/ptII/ptolemy/actor/lib/test/auto/PublisherSubscriber6.xml (RunModel)" time="0.014" />
  <testcase classname="ptolemy.util.test.junit.AutoTests" name="[288] /home/travis/build/icyphy/ptII/ptolemy/actor/lib/test/auto/PublisherSubscriber7.xml (RunModel)" time="0.017" />
  <testcase classname="ptolemy.util.test.junit.AutoTests" name="[289] /home/travis/build/icyphy/ptII/ptolemy/actor/lib/test/auto/PublisherSubscriber8.xml (RunModel)" time="0.032" />
  <testcase classname="ptolemy.util.test.junit.AutoTests" name="[290] /home/travis/build/icyphy/ptII/ptolemy/actor/lib/test/auto/PublisherSubscriber9.xml (RunModel)" time="0.014" />
  <testcase classname="ptolemy.util.test.junit.AutoTests" name="[291] /home/travis/build/icyphy/ptII/ptolemy/actor/lib/test/auto/PublisherSubscriberAdjacent.xml (RunModel)" time="0.023" />
  <testcase classname="ptolemy.util.test.junit.AutoTests" name="[292] /home/travis/build/icyphy/ptII/ptolemy/actor/lib/test/auto/PublisherSubscriberChannelVariablesAOC2.xml (RunModel)" time="0.025" />
  <testcase classname="ptolemy.util.test.junit.AutoTests" name="[293] /home/travis/build/icyphy/ptII/ptolemy/actor/lib/test/auto/PublisherSubscriberD3.xml (RunModel)" time="0.014" />
  <testcase classname="ptolemy.util.test.junit.AutoTests" name="[294] /home/travis/build/icyphy/ptII/ptolemy/actor/lib/test/auto/PublisherSubscriberD3Reverse.xml (RunModel)" time="0.01" />
  <testcase classname="ptolemy.util.test.junit.AutoTests" name="[295] /home/travis/build/icyphy/ptII/ptolemy/actor/lib/test/auto/PublisherSubscriberExpression.xml (RunModel)" time="0.014" />
  <testcase classname="ptolemy.util.test.junit.AutoTests" name="[296] /home/travis/build/icyphy/ptII/ptolemy/actor/lib/test/auto/PublisherSubscriberOpaque.xml (RunModel)" time="0.014" />
  <testcase classname="ptolemy.util.test.junit.AutoTests" name="[297] /home/travis/build/icyphy/ptII/ptolemy/actor/lib/test/auto/PublisherSubscriberOpaqueD3.xml (RunModel)" time="0.021" />
  <testcase classname="ptolemy.util.test.junit.AutoTests" name="[298] /home/travis/build/icyphy/ptII/ptolemy/actor/lib/test/auto/PublisherSubscriberOpaqueD3Reverse.xml (RunModel)" time="0.02" />
  <testcase classname="ptolemy.util.test.junit.AutoTests" name="[299] /home/travis/build/icyphy/ptII/ptolemy/actor/lib/test/auto/PublisherSubscriberOpaqueWidthInference.xml (RunModel)" time="0.02" />
  <testcase classname="ptolemy.util.test.junit.AutoTests" name="[300] /home/travis/build/icyphy/ptII/ptolemy/actor/lib/test/auto/PublisherTestSubscriber.xml (RunModel)" time="0.013" />
  <testcase classname="ptolemy.util.test.junit.AutoTests" name="[301] /home/travis/build/icyphy/ptII/ptolemy/actor/lib/test/auto/PublisherToplevelSubscriberPortAOC.xml (RunModel)" time="0.01" />
  <testcase classname="ptolemy.util.test.junit.AutoTests" name="[302] /home/travis/build/icyphy/ptII/ptolemy/actor/lib/test/auto/PulseFiringLimitDE.xml (RunModel)" time="0.015" />
  <testcase classname="ptolemy.util.test.junit.AutoTests" name="[303] /home/travis/build/icyphy/ptII/ptolemy/actor/lib/test/auto/Ramp1.xml (RunModel)" time="0.006" />
  <testcase classname="ptolemy.util.test.junit.AutoTests" name="[304] /home/travis/build/icyphy/ptII/ptolemy/actor/lib/test/auto/RampFiringLimitDE.xml (RunModel)" time="0.01" />
  <testcase classname="ptolemy.util.test.junit.AutoTests" name="[305] /home/travis/build/icyphy/ptII/ptolemy/actor/lib/test/auto/RampFiringLimitSDF.xml (RunModel)" time="0.009" />
  <testcase classname="ptolemy.util.test.junit.AutoTests" name="[306] /home/travis/build/icyphy/ptII/ptolemy/actor/lib/test/auto/RandomInteger.xml (RunModel)" time="0.008" />
  <testcase classname="ptolemy.util.test.junit.AutoTests" name="[307] /home/travis/build/icyphy/ptII/ptolemy/actor/lib/test/auto/ReadFile1.xml (RunModel)" time="0.007" />
  <testcase classname="ptolemy.util.test.junit.AutoTests" name="[308] /home/travis/build/icyphy/ptII/ptolemy/actor/lib/test/auto/ReadFile2.xml (RunModel)" time="0.01" />
  <testcase classname="ptolemy.util.test.junit.AutoTests" name="[309] /home/travis/build/icyphy/ptII/ptolemy/actor/lib/test/auto/Reader.xml (RunModel)" time="0.01" />
  <testcase classname="ptolemy.util.test.junit.AutoTests" name="[310] /home/travis/build/icyphy/ptII/ptolemy/actor/lib/test/auto/RecordAssemblerDisplayNameTest.xml (RunModel)" time="3.198" />
  <testcase classname="ptolemy.util.test.junit.AutoTests" name="[311] /home/travis/build/icyphy/ptII/ptolemy/actor/lib/test/auto/RecordAssemblerTypeError.xml (RunModel)" time="0.035" />
  <testcase classname="ptolemy.util.test.junit.AutoTests" name="[312] /home/travis/build/icyphy/ptII/ptolemy/actor/lib/test/auto/RecordDisassember.xml (RunModel)" time="0.012" />
  <testcase classname="ptolemy.util.test.junit.AutoTests" name="[313] /home/travis/build/icyphy/ptII/ptolemy/actor/lib/test/auto/RecordDisassemberDisplayNameTest.xml (RunModel)" time="0.018" />
  <testcase classname="ptolemy.util.test.junit.AutoTests" name="[314] /home/travis/build/icyphy/ptII/ptolemy/actor/lib/test/auto/RecordDisassembler.xml (RunModel)" time="0.008" />
  <testcase classname="ptolemy.util.test.junit.AutoTests" name="[315] /home/travis/build/icyphy/ptII/ptolemy/actor/lib/test/auto/RecordDisassembler2.xml (RunModel)" time="0.01" />
  <testcase classname="ptolemy.util.test.junit.AutoTests" name="[316] /home/travis/build/icyphy/ptII/ptolemy/actor/lib/test/auto/RecordUpdater.xml (RunModel)" time="0.009" />
  <testcase classname="ptolemy.util.test.junit.AutoTests" name="[317] /home/travis/build/icyphy/ptII/ptolemy/actor/lib/test/auto/RecordUpdater2.xml (RunModel)" time="0.009" />
  <testcase classname="ptolemy.util.test.junit.AutoTests" name="[318] /home/travis/build/icyphy/ptII/ptolemy/actor/lib/test/auto/RecursiveLattice.xml (RunModel)" time="0.009" />
  <testcase classname="ptolemy.util.test.junit.AutoTests" name="[319] /home/travis/build/icyphy/ptII/ptolemy/actor/lib/test/auto/Router.xml (RunModel)" time="3.024" />
  <testcase classname="ptolemy.util.test.junit.AutoTests" name="[320] /home/travis/build/icyphy/ptII/ptolemy/actor/lib/test/auto/Router2.xml (RunModel)" time="3.023" />
  <testcase classname="ptolemy.util.test.junit.AutoTests" name="[321] /home/travis/build/icyphy/ptII/ptolemy/actor/lib/test/auto/RunningMaximum.xml (RunModel)" time="0.012" />
  <testcase classname="ptolemy.util.test.junit.AutoTests" name="[322] /home/travis/build/icyphy/ptII/ptolemy/actor/lib/test/auto/RunningMinimum.xml (RunModel)" time="0.018" />
  <testcase classname="ptolemy.util.test.junit.AutoTests" name="[323] /home/travis/build/icyphy/ptII/ptolemy/actor/lib/test/auto/Scale.xml (RunModel)" time="0.014" />
  <testcase classname="ptolemy.util.test.junit.AutoTests" name="[324] /home/travis/build/icyphy/ptII/ptolemy/actor/lib/test/auto/Scale2.xml (RunModel)" time="0.01" />
  <testcase classname="ptolemy.util.test.junit.AutoTests" name="[325] /home/travis/build/icyphy/ptII/ptolemy/actor/lib/test/auto/Scale3.xml (RunModel)" time="0.012" />
  <testcase classname="ptolemy.util.test.junit.AutoTests" name="[326] /home/travis/build/icyphy/ptII/ptolemy/actor/lib/test/auto/ScaleArray.xml (RunModel)" time="0.006" />
  <testcase classname="ptolemy.util.test.junit.AutoTests" name="[327] /home/travis/build/icyphy/ptII/ptolemy/actor/lib/test/auto/ScaleArray2.xml (RunModel)" time="0.007" />
  <testcase classname="ptolemy.util.test.junit.AutoTests" name="[328] /home/travis/build/icyphy/ptII/ptolemy/actor/lib/test/auto/ScaleMatrix.xml (RunModel)" time="0.12" />
  <testcase classname="ptolemy.util.test.junit.AutoTests" name="[329] /home/travis/build/icyphy/ptII/ptolemy/actor/lib/test/auto/Select.xml (RunModel)" time="0.013" />
  <testcase classname="ptolemy.util.test.junit.AutoTests" name="[330] /home/travis/build/icyphy/ptII/ptolemy/actor/lib/test/auto/Select2.xml (RunModel)" time="0.008" />
  <testcase classname="ptolemy.util.test.junit.AutoTests" name="[331] /home/travis/build/icyphy/ptII/ptolemy/actor/lib/test/auto/SequenceToArray2.xml (RunModel)" time="0.128" />
  <testcase classname="ptolemy.util.test.junit.AutoTests" name="[332] /home/travis/build/icyphy/ptII/ptolemy/actor/lib/test/auto/SequentialClock.xml (RunModel)" time="0.008" />
  <testcase classname="ptolemy.util.test.junit.AutoTests" name="[333] /home/travis/build/icyphy/ptII/ptolemy/actor/lib/test/auto/SetVariable.xml (RunModel)" time="0.009" />
  <testcase classname="ptolemy.util.test.junit.AutoTests" name="[334] /home/travis/build/icyphy/ptII/ptolemy/actor/lib/test/auto/SetVariable2.xml (RunModel)" time="0.01" />
  <testcase classname="ptolemy.util.test.junit.AutoTests" name="[335] /home/travis/build/icyphy/ptII/ptolemy/actor/lib/test/auto/SetVariable3.xml (RunModel)" time="0.018" />
  <testcase classname="ptolemy.util.test.junit.AutoTests" name="[336] /home/travis/build/icyphy/ptII/ptolemy/actor/lib/test/auto/SetVariable4.xml (RunModel)" time="0.029" />
  <testcase classname="ptolemy.util.test.junit.AutoTests" name="[337] /home/travis/build/icyphy/ptII/ptolemy/actor/lib/test/auto/SetVariable5.xml (RunModel)" time="0.036" />
  <testcase classname="ptolemy.util.test.junit.AutoTests" name="[338] /home/travis/build/icyphy/ptII/ptolemy/actor/lib/test/auto/Sinewave.xml (RunModel)" time="0.031" />
  <testcase classname="ptolemy.util.test.junit.AutoTests" name="[339] /home/travis/build/icyphy/ptII/ptolemy/actor/lib/test/auto/Sinewave2.xml (RunModel)" time="0.016" />
  <testcase classname="ptolemy.util.test.junit.AutoTests" name="[340] /home/travis/build/icyphy/ptII/ptolemy/actor/lib/test/auto/Sinewave3.xml (RunModel)" time="0.02" />
  <testcase classname="ptolemy.util.test.junit.AutoTests" name="[341] /home/travis/build/icyphy/ptII/ptolemy/actor/lib/test/auto/SingleEvent.xml (RunModel)" time="0.007" />
  <testcase classname="ptolemy.util.test.junit.AutoTests" name="[342] /home/travis/build/icyphy/ptII/ptolemy/actor/lib/test/auto/Sleep.xml (RunModel)" time="6.036" />
  <testcase classname="ptolemy.util.test.junit.AutoTests" name="[343] /home/travis/build/icyphy/ptII/ptolemy/actor/lib/test/auto/SleepMultipleFire.xml (RunModel)" time="1.018" />
  <testcase classname="ptolemy.util.test.junit.AutoTests" name="[344] /home/travis/build/icyphy/ptII/ptolemy/actor/lib/test/auto/StopDE.xml (RunModel)" time="0.01" />
  <testcase classname="ptolemy.util.test.junit.AutoTests" name="[345] /home/travis/build/icyphy/ptII/ptolemy/actor/lib/test/auto/StopSDF.xml (RunModel)" time="0.018" />
  <testcase classname="ptolemy.util.test.junit.AutoTests" name="[346] /home/travis/build/icyphy/ptII/ptolemy/actor/lib/test/auto/StringConstant.xml (RunModel)" time="0.017" />
  <testcase classname="ptolemy.util.test.junit.AutoTests" name="[347] /home/travis/build/icyphy/ptII/ptolemy/actor/lib/test/auto/SubscriberPortInitialValues1.xml (RunModel)" time="0.027" />
  <testcase classname="ptolemy.util.test.junit.AutoTests" name="[348] /home/travis/build/icyphy/ptII/ptolemy/actor/lib/test/auto/SubscriberPortInitialValues13.xml (RunModel)" time="0.028" />
  <testcase classname="ptolemy.util.test.junit.AutoTests" name="[349] /home/travis/build/icyphy/ptII/ptolemy/actor/lib/test/auto/SubscriberPortInitialValues14.xml (RunModel)" time="0.017" />
  <testcase classname="ptolemy.util.test.junit.AutoTests" name="[350] /home/travis/build/icyphy/ptII/ptolemy/actor/lib/test/auto/SubscriberPortInitialValues2.xml (RunModel)" time="0.017" />
  <testcase classname="ptolemy.util.test.junit.AutoTests" name="[351] /home/travis/build/icyphy/ptII/ptolemy/actor/lib/test/auto/SubscriberPortInitialValues3.xml (RunModel)" time="0.025" />
  <testcase classname="ptolemy.util.test.junit.AutoTests" name="[352] /home/travis/build/icyphy/ptII/ptolemy/actor/lib/test/auto/SubscriptionAggregator.xml (RunModel)" time="0.012" />
  <testcase classname="ptolemy.util.test.junit.AutoTests" name="[353] /home/travis/build/icyphy/ptII/ptolemy/actor/lib/test/auto/SubscriptionAggregator2.xml (RunModel)" time="0.011" />
  <testcase classname="ptolemy.util.test.junit.AutoTests" name="[354] /home/travis/build/icyphy/ptII/ptolemy/actor/lib/test/auto/SubscriptionAggregator3.xml (RunModel)" time="0.016" />
  <testcase classname="ptolemy.util.test.junit.AutoTests" name="[355] /home/travis/build/icyphy/ptII/ptolemy/actor/lib/test/auto/SubscriptionAggregatorMultiply.xml (RunModel)" time="0.021" />
  <testcase classname="ptolemy.util.test.junit.AutoTests" name="[356] /home/travis/build/icyphy/ptII/ptolemy/actor/lib/test/auto/SubscriptionAggregatorPortMultiply1.xml (RunModel)" time="0.018" />
  <testcase classname="ptolemy.util.test.junit.AutoTests" name="[357] /home/travis/build/icyphy/ptII/ptolemy/actor/lib/test/auto/Switch.xml (RunModel)" time="0.018" />
  <testcase classname="ptolemy.util.test.junit.AutoTests" name="[358] /home/travis/build/icyphy/ptII/ptolemy/actor/lib/test/auto/Switch2.xml (RunModel)" time="0.011" />
  <testcase classname="ptolemy.util.test.junit.AutoTests" name="[359] /home/travis/build/icyphy/ptII/ptolemy/actor/lib/test/auto/SwitchDE.xml (RunModel)" time="0.014" />
  <testcase classname="ptolemy.util.test.junit.AutoTests" name="[360] /home/travis/build/icyphy/ptII/ptolemy/actor/lib/test/auto/SynchronizerDE.xml (RunModel)" time="0.021" />
  <testcase classname="ptolemy.util.test.junit.AutoTests" name="[361] /home/travis/build/icyphy/ptII/ptolemy/actor/lib/test/auto/Test.xml (RunModel)" time="0.017" />
  <testcase classname="ptolemy.util.test.junit.AutoTests" name="[362] /home/travis/build/icyphy/ptII/ptolemy/actor/lib/test/auto/TestExceptionAttribute1.xml (RunModel)" time="0.007" />
  <testcase classname="ptolemy.util.test.junit.AutoTests" name="[363] /home/travis/build/icyphy/ptII/ptolemy/actor/lib/test/auto/TestExceptionAttribute2.xml (RunModel)" time="0.011" />
  <testcase classname="ptolemy.util.test.junit.AutoTests" name="[364] /home/travis/build/icyphy/ptII/ptolemy/actor/lib/test/auto/TestExceptionAttribute3.xml (RunModel)" time="0.011" />
  <testcase classname="ptolemy.util.test.junit.AutoTests" name="[365] /home/travis/build/icyphy/ptII/ptolemy/actor/lib/test/auto/TestExceptionAttribute4.xml (RunModel)" time="0.006" />
  <testcase classname="ptolemy.util.test.junit.AutoTests" name="[366] /home/travis/build/icyphy/ptII/ptolemy/actor/lib/test/auto/TestExceptionHandler1.xml (RunModel)" time="0.006" />
  <testcase classname="ptolemy.util.test.junit.AutoTests" name="[367] /home/travis/build/icyphy/ptII/ptolemy/actor/lib/test/auto/TestExceptionHandler2.xml (RunModel)" time="0.007" />
  <testcase classname="ptolemy.util.test.junit.AutoTests" name="[368] /home/travis/build/icyphy/ptII/ptolemy/actor/lib/test/auto/TestExceptionHandler3.xml (RunModel)" time="0.006" />
  <testcase classname="ptolemy.util.test.junit.AutoTests" name="[369] /home/travis/build/icyphy/ptII/ptolemy/actor/lib/test/auto/TestExceptionHandler4.xml (RunModel)" time="0.006" />
  <testcase classname="ptolemy.util.test.junit.AutoTests" name="[370] /home/travis/build/icyphy/ptII/ptolemy/actor/lib/test/auto/TestRequireCorrectOrder.xml (RunModel)" time="0.013" />
  <testcase classname="ptolemy.util.test.junit.AutoTests" name="[371] /home/travis/build/icyphy/ptII/ptolemy/actor/lib/test/auto/TestSimple.xml (RunModel)" time="0.006" />
  <testcase classname="ptolemy.util.test.junit.AutoTests" name="[372] /home/travis/build/icyphy/ptII/ptolemy/actor/lib/test/auto/ThrowModelError.xml (RunModel)" time="0.01" />
  <testcase classname="ptolemy.util.test.junit.AutoTests" name="[373] /home/travis/build/icyphy/ptII/ptolemy/actor/lib/test/auto/TimeDelayMicrosteps.xml (RunModel)" time="0.015" />
  <testcase classname="ptolemy.util.test.junit.AutoTests" name="[374] /home/travis/build/icyphy/ptII/ptolemy/actor/lib/test/auto/TimeDelayMicrosteps2.xml (RunModel)" time="0.014" />
  <testcase classname="ptolemy.util.test.junit.AutoTests" name="[375] /home/travis/build/icyphy/ptII/ptolemy/actor/lib/test/auto/TimeDelayMicrosteps3.xml (RunModel)" time="0.012" />
  <testcase classname="ptolemy.util.test.junit.AutoTests" name="[376] /home/travis/build/icyphy/ptII/ptolemy/actor/lib/test/auto/TimeDelayVariableMicrosteps.xml (RunModel)" time="0.012" />
  <testcase classname="ptolemy.util.test.junit.AutoTests" name="[377] /home/travis/build/icyphy/ptII/ptolemy/actor/lib/test/auto/TimeGap.xml (RunModel)" time="0.036" />
  <testcase classname="ptolemy.util.test.junit.AutoTests" name="[378] /home/travis/build/icyphy/ptII/ptolemy/actor/lib/test/auto/TimeGap2.xml (RunModel)" time="0.012" />
  <testcase classname="ptolemy.util.test.junit.AutoTests" name="[379] /home/travis/build/icyphy/ptII/ptolemy/actor/lib/test/auto/TimedSinewave.xml (RunModel)" time="0.047" />
  <testcase classname="ptolemy.util.test.junit.AutoTests" name="[380] /home/travis/build/icyphy/ptII/ptolemy/actor/lib/test/auto/TimedSinewavePhase.xml (RunModel)" time="0.034" />
  <testcase classname="ptolemy.util.test.junit.AutoTests" name="[381] /home/travis/build/icyphy/ptII/ptolemy/actor/lib/test/auto/Timer.xml (RunModel)" time="0.018" />
  <testcase classname="ptolemy.util.test.junit.AutoTests" name="[382] /home/travis/build/icyphy/ptII/ptolemy/actor/lib/test/auto/TriangularDistTestModel.xml (RunModel)" time="0.017" />
  <testcase classname="ptolemy.util.test.junit.AutoTests" name="[383] /home/travis/build/icyphy/ptII/ptolemy/actor/lib/test/auto/TrigFunction.xml (RunModel)" time="0.009" />
  <testcase classname="ptolemy.util.test.junit.AutoTests" name="[384] /home/travis/build/icyphy/ptII/ptolemy/actor/lib/test/auto/TrigFunctionDE.xml (RunModel)" time="0.01" />
  <testcase classname="ptolemy.util.test.junit.AutoTests" name="[385] /home/travis/build/icyphy/ptII/ptolemy/actor/lib/test/auto/TrigFunctionInverse.xml (RunModel)" time="0.009" />
  <testcase classname="ptolemy.util.test.junit.AutoTests" name="[386] /home/travis/build/icyphy/ptII/ptolemy/actor/lib/test/auto/TrigFunctionTan.xml (RunModel)" time="0.013" />
  <testcase classname="ptolemy.util.test.junit.AutoTests" name="[387] /home/travis/build/icyphy/ptII/ptolemy/actor/lib/test/auto/TriggeredClock.xml (RunModel)" time="0.009" />
  <testcase classname="ptolemy.util.test.junit.AutoTests" name="[388] /home/travis/build/icyphy/ptII/ptolemy/actor/lib/test/auto/URLDirectoryReader.xml (RunModel)" time="0.104" />
  <testcase classname="ptolemy.util.test.junit.AutoTests" name="[389] /home/travis/build/icyphy/ptII/ptolemy/actor/lib/test/auto/URLDirectoryReader3.xml (RunModel)" time="1.25" />
  <testcase classname="ptolemy.util.test.junit.AutoTests" name="[390] /home/travis/build/icyphy/ptII/ptolemy/actor/lib/test/auto/UnaryMathFunction.xml (RunModel)" time="0.022" />
  <testcase classname="ptolemy.util.test.junit.AutoTests" name="[391] /home/travis/build/icyphy/ptII/ptolemy/actor/lib/test/auto/Uniform.xml (RunModel)" time="0.019" />
  <testcase classname="ptolemy.util.test.junit.AutoTests" name="[392] /home/travis/build/icyphy/ptII/ptolemy/actor/lib/test/auto/UnionDisassemblerTest.xml (RunModel)" time="0.009" />
  <testcase classname="ptolemy.util.test.junit.AutoTests" name="[393] /home/travis/build/icyphy/ptII/ptolemy/actor/lib/test/auto/UtilityFunctions.xml (RunModel)" time="0.008" />
  <testcase classname="ptolemy.util.test.junit.AutoTests" name="[394] /home/travis/build/icyphy/ptII/ptolemy/actor/lib/test/auto/VariableSleep.xml (RunModel)" time="0.511" />
  <testcase classname="ptolemy.util.test.junit.AutoTests" name="[395] /home/travis/build/icyphy/ptII/ptolemy/actor/lib/test/auto/VectorAssemblerDisassemblerCT.xml (RunModel)" time="0.106" />
  <testcase classname="ptolemy.util.test.junit.AutoTests" name="[396] /home/travis/build/icyphy/ptII/ptolemy/actor/lib/test/auto/VectorAssemblerDisassemblerDE.xml (RunModel)" time="0.013" />
  <testcase classname="ptolemy.util.test.junit.AutoTests" name="[397] /home/travis/build/icyphy/ptII/ptolemy/actor/lib/test/auto/VectorAssemblerDisassemblerSDF.xml (RunModel)" time="0.012" />
  <testcase classname="ptolemy.util.test.junit.AutoTests" name="[398] /home/travis/build/icyphy/ptII/ptolemy/actor/lib/test/auto/WallClockTime.xml (RunModel)" time="1.013" />
  <testcase classname="ptolemy.util.test.junit.AutoTests" name="[399] /home/travis/build/icyphy/ptII/ptolemy/actor/lib/test/auto/WidthTestWithSubscriberPublisher.xml (RunModel)" time="0.041" />
  <testcase classname="ptolemy.util.test.junit.AutoTests" name="[400] /home/travis/build/icyphy/ptII/ptolemy/actor/lib/test/auto/WidthTestWithSubscriberPublisher2.xml (RunModel)" time="0.013" />
  <testcase classname="ptolemy.util.test.junit.AutoTests" name="[401] /home/travis/build/icyphy/ptII/ptolemy/actor/lib/test/auto/WidthTestWithSubscriberPublisher3.xml (RunModel)" time="0.011" />
  <testcase classname="ptolemy.util.test.junit.AutoTests" name="[402] /home/travis/build/icyphy/ptII/ptolemy/actor/lib/test/auto/Writer.xml (RunModel)" time="0.008" />
  <testcase classname="ptolemy.util.test.junit.AutoTests" name="[403] /home/travis/build/icyphy/ptII/ptolemy/actor/lib/test/auto/array.xml (RunModel)" time="0.01" />
  <testcase classname="ptolemy.util.test.junit.AutoTests" name="[404] /home/travis/build/icyphy/ptII/ptolemy/actor/lib/test/auto/array2.xml (RunModel)" time="0.028" />
  <testcase classname="ptolemy.util.test.junit.AutoTests" name="[405] /home/travis/build/icyphy/ptII/ptolemy/actor/lib/test/auto/arrayType.xml (RunModel)" time="0.012" />
  <testcase classname="ptolemy.util.test.junit.AutoTests" name="[406] /home/travis/build/icyphy/ptII/ptolemy/actor/lib/test/auto/arrayType10.xml (RunModel)" time="0.023" />
  <testcase classname="ptolemy.util.test.junit.AutoTests" name="[407] /home/travis/build/icyphy/ptII/ptolemy/actor/lib/test/auto/arrayType11.xml (RunModel)" time="0.009" />
  <testcase classname="ptolemy.util.test.junit.AutoTests" name="[408] /home/travis/build/icyphy/ptII/ptolemy/actor/lib/test/auto/arrayType12.xml (RunModel)" time="0.01" />
  <testcase classname="ptolemy.util.test.junit.AutoTests" name="[409] /home/travis/build/icyphy/ptII/ptolemy/actor/lib/test/auto/arrayType13.xml (RunModel)" time="0.009" />
  <testcase classname="ptolemy.util.test.junit.AutoTests" name="[410] /home/travis/build/icyphy/ptII/ptolemy/actor/lib/test/auto/arrayType14.xml (RunModel)" time="0.009" />
  <testcase classname="ptolemy.util.test.junit.AutoTests" name="[411] /home/travis/build/icyphy/ptII/ptolemy/actor/lib/test/auto/arrayType15.xml (RunModel)" time="0.011" />
  <testcase classname="ptolemy.util.test.junit.AutoTests" name="[412] /home/travis/build/icyphy/ptII/ptolemy/actor/lib/test/auto/arrayType16.xml (RunModel)" time="0.01" />
  <testcase classname="ptolemy.util.test.junit.AutoTests" name="[413] /home/travis/build/icyphy/ptII/ptolemy/actor/lib/test/auto/arrayType17.xml (RunModel)" time="0.009" />
  <testcase classname="ptolemy.util.test.junit.AutoTests" name="[414] /home/travis/build/icyphy/ptII/ptolemy/actor/lib/test/auto/arrayType18.xml (RunModel)" time="0.008" />
  <testcase classname="ptolemy.util.test.junit.AutoTests" name="[415] /home/travis/build/icyphy/ptII/ptolemy/actor/lib/test/auto/arrayType19.xml (RunModel)" time="0.008" />
  <testcase classname="ptolemy.util.test.junit.AutoTests" name="[416] /home/travis/build/icyphy/ptII/ptolemy/actor/lib/test/auto/arrayType2.xml (RunModel)" time="0.009" />
  <testcase classname="ptolemy.util.test.junit.AutoTests" name="[417] /home/travis/build/icyphy/ptII/ptolemy/actor/lib/test/auto/arrayType20.xml (RunModel)" time="0.008" />
  <testcase classname="ptolemy.util.test.junit.AutoTests" name="[418] /home/travis/build/icyphy/ptII/ptolemy/actor/lib/test/auto/arrayType21.xml (RunModel)" time="0.008" />
  <testcase classname="ptolemy.util.test.junit.AutoTests" name="[419] /home/travis/build/icyphy/ptII/ptolemy/actor/lib/test/auto/arrayType22.xml (RunModel)" time="0.008" />
  <testcase classname="ptolemy.util.test.junit.AutoTests" name="[420] /home/travis/build/icyphy/ptII/ptolemy/actor/lib/test/auto/arrayType23.xml (RunModel)" time="0.008" />
  <testcase classname="ptolemy.util.test.junit.AutoTests" name="[421] /home/travis/build/icyphy/ptII/ptolemy/actor/lib/test/auto/arrayType24.xml (RunModel)" time="0.013" />
  <testcase classname="ptolemy.util.test.junit.AutoTests" name="[422] /home/travis/build/icyphy/ptII/ptolemy/actor/lib/test/auto/arrayType25.xml (RunModel)" time="0.007" />
  <testcase classname="ptolemy.util.test.junit.AutoTests" name="[423] /home/travis/build/icyphy/ptII/ptolemy/actor/lib/test/auto/arrayType26.xml (RunModel)" time="0.008" />
  <testcase classname="ptolemy.util.test.junit.AutoTests" name="[424] /home/travis/build/icyphy/ptII/ptolemy/actor/lib/test/auto/arrayType27.xml (RunModel)" time="0.009" />
  <testcase classname="ptolemy.util.test.junit.AutoTests" name="[425] /home/travis/build/icyphy/ptII/ptolemy/actor/lib/test/auto/arrayType28.xml (RunModel)" time="0.01" />
  <testcase classname="ptolemy.util.test.junit.AutoTests" name="[426] /home/travis/build/icyphy/ptII/ptolemy/actor/lib/test/auto/arrayType3.xml (RunModel)" time="0.008" />
  <testcase classname="ptolemy.util.test.junit.AutoTests" name="[427] /home/travis/build/icyphy/ptII/ptolemy/actor/lib/test/auto/arrayType4.xml (RunModel)" time="0.007" />
  <testcase classname="ptolemy.util.test.junit.AutoTests" name="[428] /home/travis/build/icyphy/ptII/ptolemy/actor/lib/test/auto/arrayType5.xml (RunModel)" time="0.008" />
  <testcase classname="ptolemy.util.test.junit.AutoTests" name="[429] /home/travis/build/icyphy/ptII/ptolemy/actor/lib/test/auto/arrayType6.xml (RunModel)" time="0.007" />
  <testcase classname="ptolemy.util.test.junit.AutoTests" name="[430] /home/travis/build/icyphy/ptII/ptolemy/actor/lib/test/auto/arrayType7.xml (RunModel)" time="0.007" />
  <testcase classname="ptolemy.util.test.junit.AutoTests" name="[431] /home/travis/build/icyphy/ptII/ptolemy/actor/lib/test/auto/arrayType8.xml (RunModel)" time="0.013" />
  <testcase classname="ptolemy.util.test.junit.AutoTests" name="[432] /home/travis/build/icyphy/ptII/ptolemy/actor/lib/test/auto/arrayType9.xml (RunModel)" time="0.018" />
  <testcase classname="ptolemy.util.test.junit.AutoTests" name="[433] /home/travis/build/icyphy/ptII/ptolemy/actor/lib/test/auto/cast.xml (RunModel)" time="0.008" />
  <testcase classname="ptolemy.util.test.junit.AutoTests" name="[434] /home/travis/build/icyphy/ptII/ptolemy/actor/lib/test/auto/compositeMultiPort.xml (RunModel)" time="0.015" />
  <testcase classname="ptolemy.util.test.junit.AutoTests" name="[435] /home/travis/build/icyphy/ptII/ptolemy/actor/lib/test/auto/expressionCastInference.xml (RunModel)" time="0.008" />
  <testcase classname="ptolemy.util.test.junit.AutoTests" name="[436] /home/travis/build/icyphy/ptII/ptolemy/actor/lib/test/auto/expressionCastInference2.xml (RunModel)" time="0.008" />
  <testcase classname="ptolemy.util.test.junit.AutoTests" name="[437] /home/travis/build/icyphy/ptII/ptolemy/actor/lib/test/auto/expressionInference.xml (RunModel)" time="0.007" />
  <testcase classname="ptolemy.util.test.junit.AutoTests" name="[438] /home/travis/build/icyphy/ptII/ptolemy/actor/lib/test/auto/expression_bug.xml (RunModel)" time="0.007" />
  <testcase classname="ptolemy.util.test.junit.AutoTests" name="[439] /home/travis/build/icyphy/ptII/ptolemy/actor/lib/test/auto/factorial.xml (RunModel)" time="0.046" />
  <testcase classname="ptolemy.util.test.junit.AutoTests" name="[440] /home/travis/build/icyphy/ptII/ptolemy/actor/lib/test/auto/filterTest1.xml (RunModel)" time="0.012" />
  <testcase classname="ptolemy.util.test.junit.AutoTests" name="[441] /home/travis/build/icyphy/ptII/ptolemy/actor/lib/test/auto/funcApplyInConst.xml (RunModel)" time="0.009" />
  <testcase classname="ptolemy.util.test.junit.AutoTests" name="[442] /home/travis/build/icyphy/ptII/ptolemy/actor/lib/test/auto/funcApplyInExpr.xml (RunModel)" time="0.006" />
  <testcase classname="ptolemy.util.test.junit.AutoTests" name="[443] /home/travis/build/icyphy/ptII/ptolemy/actor/lib/test/auto/function.xml (RunModel)" time="0.034" />
  <testcase classname="ptolemy.util.test.junit.AutoTests" name="[444] /home/travis/build/icyphy/ptII/ptolemy/actor/lib/test/auto/function2.xml (RunModel)" time="0.044" />
  <testcase classname="ptolemy.util.test.junit.AutoTests" name="[445] /home/travis/build/icyphy/ptII/ptolemy/actor/lib/test/auto/function3.xml (RunModel)" time="0.036" />
  <testcase classname="ptolemy.util.test.junit.AutoTests" name="[446] /home/travis/build/icyphy/ptII/ptolemy/actor/lib/test/auto/functionClosureTest1.xml (RunModel)" time="0.036" />
  <testcase classname="ptolemy.util.test.junit.AutoTests" name="[447] /home/travis/build/icyphy/ptII/ptolemy/actor/lib/test/auto/functionClosureTest2.xml (RunModel)" time="0.044" />
  <testcase classname="ptolemy.util.test.junit.AutoTests" name="[448] /home/travis/build/icyphy/ptII/ptolemy/actor/lib/test/auto/functionClosureTest3.xml (RunModel)" time="0.015" />
  <testcase classname="ptolemy.util.test.junit.AutoTests" name="[449] /home/travis/build/icyphy/ptII/ptolemy/actor/lib/test/auto/functionClosureTest4.xml (RunModel)" time="0.012" />
  <testcase classname="ptolemy.util.test.junit.AutoTests" name="[450] /home/travis/build/icyphy/ptII/ptolemy/actor/lib/test/auto/functionClosureTest5.xml (RunModel)" time="0.011" />
  <testcase classname="ptolemy.util.test.junit.AutoTests" name="[451] /home/travis/build/icyphy/ptII/ptolemy/actor/lib/test/auto/functionClosureTest6.xml (RunModel)" time="0.007" />
  <testcase classname="ptolemy.util.test.junit.AutoTests" name="[452] /home/travis/build/icyphy/ptII/ptolemy/actor/lib/test/auto/functionsOnArcs.xml (RunModel)" time="0.014" />
  <testcase classname="ptolemy.util.test.junit.AutoTests" name="[453] /home/travis/build/icyphy/ptII/ptolemy/actor/lib/test/auto/functionsOnArcsHOF.xml (RunModel)" time="0.041" />
  <testcase classname="ptolemy.util.test.junit.AutoTests" name="[454] /home/travis/build/icyphy/ptII/ptolemy/actor/lib/test/auto/logic.xml (RunModel)" time="0.022" />
  <testcase classname="ptolemy.util.test.junit.AutoTests" name="[455] /home/travis/build/icyphy/ptII/ptolemy/actor/lib/test/auto/matrixType.xml (RunModel)" time="0.008" />
  <testcase classname="ptolemy.util.test.junit.AutoTests" name="[456] /home/travis/build/icyphy/ptII/ptolemy/actor/lib/test/auto/matrixType10.xml (RunModel)" time="0.008" />
  <testcase classname="ptolemy.util.test.junit.AutoTests" name="[457] /home/travis/build/icyphy/ptII/ptolemy/actor/lib/test/auto/matrixType11.xml (RunModel)" time="0.008" />
  <testcase classname="ptolemy.util.test.junit.AutoTests" name="[458] /home/travis/build/icyphy/ptII/ptolemy/actor/lib/test/auto/matrixType12.xml (RunModel)" time="0.01" />
  <testcase classname="ptolemy.util.test.junit.AutoTests" name="[459] /home/travis/build/icyphy/ptII/ptolemy/actor/lib/test/auto/matrixType13.xml (RunModel)" time="0.008" />
  <testcase classname="ptolemy.util.test.junit.AutoTests" name="[460] /home/travis/build/icyphy/ptII/ptolemy/actor/lib/test/auto/matrixType14.xml (RunModel)" time="0.009" />
  <testcase classname="ptolemy.util.test.junit.AutoTests" name="[461] /home/travis/build/icyphy/ptII/ptolemy/actor/lib/test/auto/matrixType2.xml (RunModel)" time="0.008" />
  <testcase classname="ptolemy.util.test.junit.AutoTests" name="[462] /home/travis/build/icyphy/ptII/ptolemy/actor/lib/test/auto/matrixType3.xml (RunModel)" time="0.007" />
  <testcase classname="ptolemy.util.test.junit.AutoTests" name="[463] /home/travis/build/icyphy/ptII/ptolemy/actor/lib/test/auto/matrixType4.xml (RunModel)" time="0.008" />
  <testcase classname="ptolemy.util.test.junit.AutoTests" name="[464] /home/travis/build/icyphy/ptII/ptolemy/actor/lib/test/auto/matrixType5.xml (RunModel)" time="0.007" />
  <testcase classname="ptolemy.util.test.junit.AutoTests" name="[465] /home/travis/build/icyphy/ptII/ptolemy/actor/lib/test/auto/matrixType6.xml (RunModel)" time="0.008" />
  <testcase classname="ptolemy.util.test.junit.AutoTests" name="[466] /home/travis/build/icyphy/ptII/ptolemy/actor/lib/test/auto/matrixType7.xml (RunModel)" time="0.009" />
  <testcase classname="ptolemy.util.test.junit.AutoTests" name="[467] /home/travis/build/icyphy/ptII/ptolemy/actor/lib/test/auto/matrixType8.xml (RunModel)" time="0.009" />
  <testcase classname="ptolemy.util.test.junit.AutoTests" name="[468] /home/travis/build/icyphy/ptII/ptolemy/actor/lib/test/auto/matrixType9.xml (RunModel)" time="0.009" />
  <testcase classname="ptolemy.util.test.junit.AutoTests" name="[469] /home/travis/build/icyphy/ptII/ptolemy/actor/lib/test/auto/paraFunctest.xml (RunModel)" time="0.007" />
  <testcase classname="ptolemy.util.test.junit.AutoTests" name="[470] /home/travis/build/icyphy/ptII/ptolemy/actor/lib/test/auto/paraFunctest2.xml (RunModel)" time="0.013" />
  <testcase classname="ptolemy.util.test.junit.AutoTests" name="[471] /home/travis/build/icyphy/ptII/ptolemy/actor/lib/test/auto/parameterPassing.xml (RunModel)" time="0.009" />
  <testcase classname="ptolemy.util.test.junit.AutoTests" name="[472] /home/travis/build/icyphy/ptII/ptolemy/actor/lib/test/auto/record.xml (RunModel)" time="0.01" />
  <testcase classname="ptolemy.util.test.junit.AutoTests" name="[473] /home/travis/build/icyphy/ptII/ptolemy/actor/lib/test/auto/sizedarray1.xml (RunModel)" time="0.01" />
  <testcase classname="ptolemy.util.test.junit.AutoTests" name="[474] /home/travis/build/icyphy/ptII/ptolemy/actor/lib/test/auto/sizedarray2.xml (RunModel)" time="0.01" />
  <testcase classname="ptolemy.util.test.junit.AutoTests" name="[475] /home/travis/build/icyphy/ptII/ptolemy/actor/lib/test/auto/twoPublishers.xml (RunModel)" time="0.022" />
  <system-out><![CDATA[/home/travis/build/icyphy/ptII/ptolemy/actor/lib/test/AbsoluteValue.tcl
testDefs.tcl: setting time out to 9000 seconds at Mon Dec 16 06:25:33 UTC 2019
101 ms. Memory: 129024K Free: 94152K (73%)
4 ms. Memory: 129024K Free: 92607K (72%)
5 ms. Memory: 129024K Free: 91590K (71%)
4 ms. Memory: 129024K Free: 91080K (71%)
/home/travis/build/icyphy/ptII/ptolemy/actor/lib/test/AddSubtract.tcl
22 ms. Memory: 129024K Free: 89032K (69%)
5 ms. Memory: 129024K Free: 88008K (68%)
10 ms. Memory: 129024K Free: 87494K (68%)
8 ms. Memory: 129024K Free: 86455K (67%)
45 ms. Memory: 129024K Free: 83912K (65%)
8 ms. Memory: 129024K Free: 82888K (64%)
/home/travis/build/icyphy/ptII/ptolemy/actor/lib/test/Average.tcl
21 ms. Memory: 129024K Free: 81335K (63%)
6 ms. Memory: 129024K Free: 79816K (62%)
/home/travis/build/icyphy/ptII/ptolemy/actor/lib/test/Bernoulli.tcl
10 ms. Memory: 129024K Free: 78263K (61%)
5 ms. Memory: 129024K Free: 78263K (61%)
/home/travis/build/icyphy/ptII/ptolemy/actor/lib/test/Clock.tcl
preinitializing
resolving types
initializing
executing number 1
wrapping up
idle
40 ms. Memory: 129024K Free: 75206K (58%)
Completed execution with 5 iterations
preinitializing
resolving types
initializing
executing number 1
wrapping up
idle
11 ms. Memory: 129024K Free: 74696K (58%)
Completed execution with 5 iterations
preinitializing
resolving types
initializing
executing number 1
wrapping up
idle
4 ms. Memory: 129024K Free: 74182K (57%)
Completed execution with 5 iterations
/home/travis/build/icyphy/ptII/ptolemy/actor/lib/test/Commutator.tcl
6 ms. Memory: 129024K Free: 72134K (56%)
6 ms. Memory: 129024K Free: 71095K (55%)
17 ms. Memory: 129024K Free: 65480K (51%)
/home/travis/build/icyphy/ptII/ptolemy/actor/lib/test/Const.tcl
5 ms. Memory: 129024K Free: 63927K (50%)
3 ms. Memory: 129024K Free: 62918K (49%)
3 ms. Memory: 129024K Free: 62408K (48%)
3 ms. Memory: 129024K Free: 61894K (48%)
2 ms. Memory: 129024K Free: 60855K (47%)
14 ms. Memory: 129024K Free: 59336K (46%)
5 ms. Memory: 129024K Free: 58312K (45%)
4 ms. Memory: 129024K Free: 57288K (44%)
/home/travis/build/icyphy/ptII/ptolemy/actor/lib/test/CurrentTime.tcl
preinitializing
resolving types
initializing
executing number 1
wrapping up
idle
7 ms. Memory: 129024K Free: 55750K (43%)
Completed execution with 11 iterations
/home/travis/build/icyphy/ptII/ptolemy/actor/lib/test/DB.tcl
4 ms. Memory: 129024K Free: 53702K (42%)
2 ms. Memory: 129024K Free: 53192K (41%)
10 ms. Memory: 129024K Free: 52678K (41%)
/home/travis/build/icyphy/ptII/ptolemy/actor/lib/test/DiscreteRandomSource.tcl
preinitializing
resolving types
initializing
executing number 1
wrapping up
idle
5 ms. Memory: 129024K Free: 51647K (40%)
Completed execution with 4 iterations
preinitializing
resolving types
initializing
executing number 1
wrapping up
idle
2 ms. Memory: 129024K Free: 51144K (40%)
Completed execution with 4 iterations
preinitializing
resolving types
initializing
executing number 1
wrapping up
idle
3 ms. Memory: 129024K Free: 50615K (39%)
Completed execution with 4 iterations
preinitializing
resolving types
initializing
executing number 1
wrapping up
idle
9 ms. Memory: 129024K Free: 50120K (39%)
Completed execution with 4 iterations
preinitializing
resolving types
initializing
executing number 1
wrapping up
idle
4 ms. Memory: 129024K Free: 49591K (38%)
Completed execution with 4 iterations
/home/travis/build/icyphy/ptII/ptolemy/actor/lib/test/Distributor.tcl
39 ms. Memory: 129024K Free: 114648K (89%)
11 ms. Memory: 129024K Free: 113706K (88%)
StreamChangeRequest.changeExecuted(): <deleteEntity name="rec2"/> succeeded
StreamChangeRequest.changeExecuted(): <deleteRelation name="r2"/> succeeded
StreamChangeRequest.changeExecuted(): Record firings per iteration succeeded
4 ms. Memory: 129024K Free: 111576K (86%)
/home/travis/build/icyphy/ptII/ptolemy/actor/lib/test/Exit.tcl
Exit.tcl: this will print a message about Manager.exitAfterWrapup, which can be ignored.
8 ms. Memory: 129024K Free: 108542K (84%)
/home/travis/build/icyphy/ptII/ptolemy/actor/lib/test/Expression.tcl
17 ms. Memory: 129024K Free: 104967K (81%)
15 ms. Memory: 129024K Free: 104504K (81%)
4 ms. Memory: 129024K Free: 103480K (80%)
preinitializing
resolving types
initializing
executing number 1
wrapping up
idle
15 ms. Memory: 129024K Free: 101895K (79%)
Completed execution with 6 iterations
9 ms. Memory: 129024K Free: 101416K (79%)
7 ms. Memory: 129024K Free: 100370K (78%)
9 ms. Memory: 129024K Free: 99354K (77%)
3 ms. Memory: 129024K Free: 98248K (76%)
6 ms. Memory: 129024K Free: 96775K (75%)
/home/travis/build/icyphy/ptII/ptolemy/actor/lib/test/Gaussian.tcl
11 ms. Memory: 129024K Free: 95274K (74%)
sleeping 1 seconds: ................................................................................................................................................................................................................................................................................................................................................................................................................................................................................................................................................................................................................................................................................................................................................................................................................................................................................................................................................................................................................................................................................................................................................................................................................................................................................................................................................................................................................................................................................................................................................................................................................................................................................................................................................................................................................................................................................................................................................................................................................................................................................................................................................................................................................................................................................................................................................................................................................................................................................................................................................................................................................................................................................................................................................................................................................................................................................................................................................................................................................................................................................................................................................................................................................................................................................................................................................................................................................................................................................................................................................................................................................................................................................................................................................................................................................................................................................................................................................................................................................................................................................................................................................................................................................................................................................................................................................................................................................................................................................................................................................................................................................................................................................................................................................................................................................................................................................................................................................................................................................................................................................................................................................................................................................................................................................................................................................................................................................................................................................................................................................................................................................................................................................................................................................................................................................................................................................................................................................................................................................................................................................................................................................................................................................................................................................................................................................................................................................................................................................................................................................................................................................................................................................................................................................................................................................................................................................................................................................................................................................................................................................................................................................................................................................................................................................................................................................................................................................................................................................................................................................................................................................................................................................................................................................................................................................................................................................................................................................................................................................................................................................................................................................................................................................................................................................................................................................................................................................................................................................................................................................................................................................................................................................................................................................................................................................................................................................................................................................................................................................................................................................................................................................................................................................................................................................................................................................................................................................................................................................................................................................................................................................................................................................................................................................................................................................................................................................................................................................................................................................................................................................................................................................................................................................................................................................................................................................................................................................................................................................................................................................................................................................................................................................................................................................................................................................................................................................................................................................................................................................................................................................................................................................................................................................................................................................................................................................................................................................................................................................................................................................................................................................................................................................................................................................................................................................................................................................................................................................................................................................................................................................................................................................................................................................................................................................................................................................................................................................................................................................................................................................................................................................................................................................................................................................................................................................................................................................................................................................................................................................................................................................................................................................................................................................................................................................................................................................................................................................................................................................................................................................................................................................................................................................................................................................................................................................................................................................................................................................................................................................................................................................................................................................................................................................................................................................................................................................................................................................................................................................................................................................................................................................................................................................................................................................................................................................................................................................................................................................................................................................................................................................................................................................................................................................................................................................................................................................................................................................................................................................................................................................................................................................................................................................................................................................................................................................................................................................................................................................................................................................................................................................................................................................................................................................................................................................................................................................................................................................................................................................................................................................................................................................................................................................................................................................................................................................................................................................................................................................................................................................................................................................................................................................................................................................................................................................................................................................................................................................................................................................................................................................................................................................................................................................................................................................................................................................................................................................................................................................................................................................................................................................................................................................................................................................................................................................................................................................................................................................................................................................................................................................................................................................................................................................................................................................................................................................................................................................................................................................................................................................................................................................................................................................................................................................................................................................................................................................................................................................................................................................................................................................................................................................................................................................................................................................................................................................................................................................................................................................................................................................................................................................................................................................................................................................................................................................................................................................................................................................................................................................................................................................................................................................................................................................................................................................................................................................................................................................................................................................................................................................................................................................................................................................................................................................................................................................................................................................................................................................................................................................................................................................................................................................................................................................................................................................................................................................................................................................................................................................................................................................................................................................................................................................................................................................................................................................................................................................................................................................................................................................................................................................................................................................................................................................................................................................................................................................................................................................................................................................................................................................................................................................................................................................................................................................................................................................................................................................................................................................................................................................................................................................................................................................................................................................................................................................................................................................................................................................................................................................................................................................................................................................................................................................................................................................................................................................................................................................................................................................................................................................................................................................................................................................................................................................................................................................................................................................................................................................................................................................................................................................................................................................................................................................................................................................................................................................................................................................................................................................................................................................................................................................................................................................................................................................................................................................................................................................................................................................................................................................................................................................................................................................................................................................................................................................................................................................................................................................................................................................................................................................................................................................................................................................................................................................................................................................................................................................................................................................................................................................................................................................................................................................................................................................................................................................................................................................................................................................................................................................................................................................................................................................................................................................................................................................................................................................................................................................................................................................................................................................................................................................................................................................................................................................................................................................................................................................................................................................................................................................................................................................................................................................................................................................................................................................................................................................................................................................................................................................................................................................................................................................................................................................................................................................................................................................................................................................................................................................................................................................................................................................................................................................................................................................................................................................................................................................................................................................................................................................................................................................................................................................................................................................................................................................................................................................................................................................................................................................................................................................................................................................................................................................................................................................................................................................................................................................................................................................................................................................................................................................................................................................................................................................................................................................................................................................................................................................................................................................................................................................................................................................................................................................................................................................................................................................................................................................................................................................................................................................................................................................................................................................................................................................................................................................................................................................................................................................................................................................................................................................................................................................................................................................................................................................................................................................................................................................................................................................................................................................................................................................................................................................................................................................................................................................................................................................................................................................................................................................................................................................................................................................................................................................................................................................................................................................................................................................................................................................................................................................................................................................................................................................................................................................................................................................................................................................................................................................................................................................................................................................................................................................................................................................................................................................................................................................................................................................................................................................................................................................................................................................................................................................................................................................................................................................................................................................................................................................................................................................................................................................................................................................................................................................................................................................................................................................................................................................................................................................................................................................................................................................................................................................................................................................................................................................................................................................................................................................................................................................................................................................................................................................................................................................................................................................................................................................................................................................................................................................................................................................................................................................................................................................................................................................................................................................................................................................................................................................................................................................................................................................................................................................................................................................................................................................................................................................................................................................................................................................................................................................................................................................................................................................................................................................................................................................................................................................................................................................................................................................................................................................................................................................................................................................................................................................................................................................................................................................................................................................................................................................................................................................................................................................................................................................................................................................................................................................................................................................................................................................................................................................................................................................................................................................................................................................................................................................................................................................................................................................................................................................................................................................................................................................................................................................................................................................................................................................................................................................................................................................................................................................................................................................................................................................................................................................................................................................................................................................................................................................................................................................................................................................................................................................................................................................................................................................................................................................................................................................................................................................................................................................................................................................................................................................................................................................................................................................................................................................................................................................................................................................................................................................................................................................................................................................................................................................................................................................................................................................................................................................................................................................................................................................................................................................................................................................................................................................................................................................................................................................................................................................................................................................................................................................................................................................................................................................................................................................................................................................................................................................................................................................................................................................................................................................................................................................................................................................................................................................................................................................................................................................................................................................................................................................................................................................................................................................................................................................................................................................................................................................................................................................................................................................................................................................................................................................................................................................................................................................................................................................................................................................................................................................................................................................................................................................................................................................................................................................................................................................................................................................................................................................................................................................................................................................................................................................................................................................................................................................................................................................................................................................................................................................................................................................................................................................................................................................................................................................................................................................................................................................................................................................................................................................................................................................................................................................................................................................................................................................................................................................................................................................................................................................................................................................................................................................................................................................................................................................................................................................................................................................................................................................................................................................................................................................................................................................................................................................................................................................................................................................................................................................................................................................................................................................................................................................................................................................................................................................................................................................................................................................................................................................................................................................................................................................................................................................................................................................................................................................................................................................................................................................................................................................................................................................................................................................................................................................................................................................................................................................................................................................................................................................................................................................................................................................................................................................................................................................................................................................................................................................................................................................................................................................................................................................................................................................................................................................................................................................................................................................................................................................................................................................................................................................................................................................................................................................................................................................................................................................................................................................................................................................................................................................................................................................................................................................................................................................................................................................................................................................................................................................................................................................................................................................................................................................................................................................................................................................................................................................................................................................................................................................................................................................................................................................................................................................................................................................................................................................................................................................................................................................................................................................................................................................................................................................................................................................................................................................................................................................................................................................................................................................................................................................................................................................................................................................................................................................................................................................................................................................................................................................................................................................................................................................................................................................................................................................................................................................................................................................................................................................................................................................................................................................................................................................................................................................................................................................................................................................................................................................................................................................................................................................................................................................................................................................................................................................................................................................................................................................................................................................................................................................................................................................................................................................................................................................................................................................................................................................................................................................................................................................................................................................................................................................................................................................................................................................................................................................................................................................................................................................................................................................................................................................................................................................................................................................................................................................................................................................................................................................................................................................................................................................................................................................................................................................................................................................................................................................................................................................................................................................................................................................................................................................................................................................................................................................................................................................................................................................................................................................................................................................................................................................................................................................................................................................................................................................................................................................................................................................................................................................................................................................................................................................................................................................................................................................................................................................................................................................................................................................................................................................................................................................................................................................................................................................................................................................................................................................................................................................................................................................................................................................................................................................................................................................................................................................................................................................................................................................................................................................................................................................................................................................................................................................................................................................................................................................................................................................................................................................................................................................................................................................................................................................................................................................................................................................................................................................................................................................................................................................................................................................................................................................................................................................................................................................................................................................................................................................................................................................................................................................................................................................................................................................................................................................................................................................................................................................................................................................................................................................................................................................................................................................................................................................................................................................................................................................................................................................................................................................................................................................................................................................................................................................................................................................................................................................................................................................................................................................................................................................................................................................................................................................................................................................................................................................................................................................................................................................................................................................................................................................................................................................................................................................................................................................................................................................................................................................................................................................................................................................................................................................................................................................................................................................................................................................................................................................................................................................................................................................................................................................................................................................................................................................................................................................................................................................................................................................................................................................................................................................................................................................................................................................................................................................................................................................................................................................................................................................................................................................................................................................3 ms. Memory: 129024K Free: 66585K (52%)
3 ms. Memory: 129024K Free: 65561K (51%)
2 ms. Memory: 129024K Free: 65065K (50%)
3 ms. Memory: 129024K Free: 64537K (50%)
6 ms. Memory: 129024K Free: 64041K (50%)
/home/travis/build/icyphy/ptII/ptolemy/actor/lib/test/IIR.tcl
/home/travis/build/icyphy/ptII/ptolemy/actor/lib/test/Interpolator.tcl
4 ms. Memory: 129024K Free: 59945K (46%)
1 ms. Memory: 129024K Free: 59425K (46%)
4 ms. Memory: 129024K Free: 58921K (46%)
1 ms. Memory: 129024K Free: 58391K (45%)
12 ms. Memory: 129024K Free: 57383K (44%)
2 ms. Memory: 129024K Free: 56873K (44%)
3 ms. Memory: 129024K Free: 55849K (43%)
2 ms. Memory: 129024K Free: 54825K (42%)
5 ms. Memory: 129024K Free: 54311K (42%)
10 ms. Memory: 129024K Free: 53257K (41%)
/home/travis/build/icyphy/ptII/ptolemy/actor/lib/test/MathFunction.tcl
4 ms. Memory: 129024K Free: 50729K (39%)
2 ms. Memory: 129024K Free: 49705K (39%)
3 ms. Memory: 129024K Free: 48681K (38%)
2 ms. Memory: 129024K Free: 47657K (37%)
9 ms. Memory: 129024K Free: 113866K (88%)
6 ms. Memory: 129024K Free: 111818K (87%)
/home/travis/build/icyphy/ptII/ptolemy/actor/lib/test/Maximum.tcl
4 ms. Memory: 129024K Free: 109770K (85%)
2 ms. Memory: 129024K Free: 109242K (85%)
2 ms. Memory: 129024K Free: 108746K (84%)
6 ms. Memory: 129024K Free: 107722K (83%)
/home/travis/build/icyphy/ptII/ptolemy/actor/lib/test/Minimum.tcl
8 ms. Memory: 129024K Free: 106170K (82%)
5 ms. Memory: 129024K Free: 105674K (82%)
8 ms. Memory: 129024K Free: 104650K (81%)
3 ms. Memory: 129024K Free: 104122K (81%)
/home/travis/build/icyphy/ptII/ptolemy/actor/lib/test/MultiplyDivide.tcl
11 ms. Memory: 129024K Free: 102088K (79%)
3 ms. Memory: 129024K Free: 101578K (79%)
2 ms. Memory: 129024K Free: 101050K (78%)
12 ms. Memory: 129024K Free: 100040K (78%)
2 ms. Memory: 129024K Free: 99530K (77%)
/home/travis/build/icyphy/ptII/ptolemy/actor/lib/test/OrderedMerge.tcl
Connections changed on port: inputA
Connections changed on port: inputB
Connections changed on port: output
Connections changed on port: output
Connections changed on port: output
Connections changed on port: input
.top. Preinitializing ...
Invoking preinitialize():  .top.OrderedMerge
Called preinitialize()
Invoking preinitialize():  .top.Ramp
Called preinitialize()
Invoking preinitialize():  .top.Ramp2
Called preinitialize()
Invoking preinitialize():  .top.Test
Called preinitialize()
Connections changed on port: inputA
Connections changed on port: output
Connections changed on port: output
Connections changed on port: input
Connections changed on port: inputB
Connections changed on port: output
.top. Finished preinitialize().
Called initialize().
Invoking initialize():  .top.OrderedMerge
Initializing actor: .top.OrderedMerge
Adding a thread: .top.OrderedMerge
Invoking initialize():  .top.Ramp
Initializing actor: .top.Ramp
Adding a thread: .top.Ramp
Invoking initialize():  .top.Ramp2
Initializing actor: .top.Ramp2
Adding a thread: .top.Ramp2
Invoking initialize():  .top.Test
Initializing actor: .top.Test
Adding a thread: .top.Test
-- Starting thread.
Called initialize()
Called prefire()
Called fire()
Called fire().
Checking for deadlock:
-- Starting thread.
Called initialize()
-- Starting thread.
-- Starting thread.
Called initialize()
Called initialize()
Called prefire()
Called fire()
Called prefire()
Called prefire()
Called fire()
Called fire()
There are 1 Blocked actors, 0 Stopped actors, and 4 active threads.
Waiting for actors to stop.
Called postfire()
Called prefire()
Called fire()
Read input token from inputA with value 0.0
Called postfire()
Called prefire()
Called fire()
Called postfire()
Called prefire()
Called fire()
Next port to read input from is inputB
Called postfire()
Called prefire()
Called fire()
Read input token from inputB with value 0.0
Sent output token with value 0.0
Next port to read input from is inputA
Called postfire()
Called prefire()
Called fire()
Read input token from inputA with value 1.0
Checking for deadlock:
There are 1 Blocked actors, 0 Stopped actors, and 4 active threads.
Waiting for actors to stop.
Called postfire()
Called prefire()
Called fire()
-- Read input: 0.0, which is expected to match: 0.0
Called prefire()
Called fire()
Called postfire()
Called prefire()
Called fire()
Checking for deadlock:
There are 3 Blocked actors, 0 Stopped actors, and 4 active threads.
Waiting for actors to stop.
Sent output token with value 0.0
Next port to read input from is inputB
Called postfire()
Called prefire()
Called fire()
Read input token from inputB with value 1.5
-- Read input: 0.0, which is expected to match: 0.0
Called prefire()
Called fire()
Called postfire()
Called prefire()
Called fire()
Checking for deadlock:
There are 3 Blocked actors, 0 Stopped actors, and 4 active threads.
Waiting for actors to stop.
Sent output token with value 1.0
Next port to read input from is inputA
Called postfire()
Called prefire()
Called fire()
Read input token from inputA with value 2.0
Called postfire()
Called prefire()
Called fire()
-- Read input: 1.0, which is expected to match: 1.0
Called prefire()
Called fire()
Checking for deadlock:
There are 3 Blocked actors, 0 Stopped actors, and 4 active threads.
Waiting for actors to stop.
-- Read input: 1.5, which is expected to match: 1.5
Called prefire()
Called fire()
Sent output token with value 1.5
Next port to read input from is inputB
Called postfire()
Called prefire()
Called fire()
Read input token from inputB with value 3.0
Sent output token with value 2.0
Next port to read input from is inputA
Called postfire()
Called prefire()
Called fire()
Read input token from inputA with value 3.0
Checking for deadlock:
There are 1 Blocked actors, 0 Stopped actors, and 4 active threads.
Waiting for actors to stop.
Called postfire()
Called prefire()
Called fire()
-- Read input: 2.0, which is expected to match: 2.0
Called prefire()
Called fire()
Called postfire()
Called prefire()
Called fire()
Checking for deadlock:
There are 3 Blocked actors, 0 Stopped actors, and 4 active threads.
Waiting for actors to stop.
Sent output token with value 3.0
Next port to read input from is inputB
Called postfire()
Called prefire()
Called fire()
Read input token from inputB with value 4.5
-- Read input: 3.0, which is expected to match: 3.0
Called prefire()
Called fire()
Called postfire()
Called prefire()
Called fire()
Checking for deadlock:
There are 3 Blocked actors, 0 Stopped actors, and 4 active threads.
Waiting for actors to stop.
Sent output token with value 3.0
Next port to read input from is inputA
Called postfire()
Called prefire()
Called fire()
Read input token from inputA with value 4.0
Called postfire()
Called prefire()
Called fire()
-- Read input: 3.0, which is expected to match: 3.0
Called prefire()
Called fire()
Checking for deadlock:
There are 3 Blocked actors, 0 Stopped actors, and 4 active threads.
Waiting for actors to stop.
-- Read input: 4.0, which is expected to match: 4.0
Called prefire()
Called fire()
Past the end of training data. Read and discard all inputs.
Sent output token with value 4.0
Next port to read input from is inputA
Called postfire()
Called prefire()
Called fire()
Read input token from inputA with value 5.0
Sent output token with value 4.5
Next port to read input from is inputB
Called postfire()
Called prefire()
Called fire()
Read input token from inputB with value 6.0
Checking for deadlock:
There are 1 Blocked actors, 0 Stopped actors, and 4 active threads.
Waiting for actors to stop.
Called postfire()
Called prefire()
Called fire()
Called prefire()
Called fire()
Past the end of training data. Read and discard all inputs.
Called postfire()
Called prefire()
Called fire()
Checking for deadlock:
There are 3 Blocked actors, 0 Stopped actors, and 4 active threads.
Waiting for actors to stop.
Called prefire()
Called fire()
Past the end of training data. Read and discard all inputs.
Checking for deadlock:
There are 3 Blocked actors, 0 Stopped actors, and 4 active threads.
Waiting for actors to stop.
Sent output token with value 5.0
Next port to read input from is inputA
Called postfire()
Called prefire()
Called fire()
Called postfire()
Called prefire()
Called fire()
Checking for deadlock:
There are 3 Blocked actors, 0 Stopped actors, and 4 active threads.
Waiting for actors to stop.
Read input token from inputA with value 6.0
Called prefire()
Called fire()
Past the end of training data. Read and discard all inputs.
Checking for deadlock:
There are 3 Blocked actors, 0 Stopped actors, and 4 active threads.
Waiting for actors to stop.
Sent output token with value 6.0
Next port to read input from is inputB
Called postfire()
Called prefire()
Called fire()
Checking for deadlock:
There are 2 Blocked actors, 0 Stopped actors, and 4 active threads.
Waiting for actors to stop.
Called postfire()
Called prefire()
Called fire()
Checking for deadlock:
There are 3 Blocked actors, 0 Stopped actors, and 4 active threads.
Waiting for actors to stop.
Read input token from inputB with value 7.5
Checking for deadlock:
There are 2 Blocked actors, 0 Stopped actors, and 4 active threads.
Waiting for actors to stop.
Called prefire()
Called fire()
Past the end of training data. Read and discard all inputs.
Checking for deadlock:
There are 3 Blocked actors, 0 Stopped actors, and 4 active threads.
Waiting for actors to stop.
Sent output token with value 6.0
Next port to read input from is inputA
Called postfire()
Called prefire()
Called fire()
Checking for deadlock:
There are 2 Blocked actors, 0 Stopped actors, and 4 active threads.
Waiting for actors to stop.
Called postfire()
Called prefire()
Called fire()
Checking for deadlock:
There are 3 Blocked actors, 0 Stopped actors, and 4 active threads.
Waiting for actors to stop.
Read input token from inputA with value 7.0
Checking for deadlock:
There are 2 Blocked actors, 0 Stopped actors, and 4 active threads.
Waiting for actors to stop.
Called prefire()
Called fire()
Past the end of training data. Read and discard all inputs.
Checking for deadlock:
There are 3 Blocked actors, 0 Stopped actors, and 4 active threads.
Waiting for actors to stop.
Sent output token with value 7.0
Next port to read input from is inputA
Called postfire()
Called prefire()
Called fire()
Checking for deadlock:
There are 2 Blocked actors, 0 Stopped actors, and 4 active threads.
Waiting for actors to stop.
-- Thread wrapup() called.
Called wrapup()
Thread .top.Ramp is exiting.
-- Thread stopped.
Read input token from inputA with value 8.0
Sent output token with value 7.5
Next port to read input from is inputB
Called postfire()
Called prefire()
Called fire()
Read input token from inputB with value 9.0
Checking for deadlock:
There are 1 Blocked actors, 0 Stopped actors, and 3 active threads.
Waiting for actors to stop.
Called prefire()
Called fire()
Past the end of training data. Read and discard all inputs.
Called postfire()
Called prefire()
Called fire()
Checking for deadlock:
There are 2 Blocked actors, 0 Stopped actors, and 3 active threads.
Waiting for actors to stop.
Called prefire()
Called fire()
Past the end of training data. Read and discard all inputs.
Checking for deadlock:
There are 2 Blocked actors, 0 Stopped actors, and 3 active threads.
Waiting for actors to stop.
Sent output token with value 8.0
Next port to read input from is inputA
Called postfire()
Called prefire()
Called fire()
Read input token from inputA with value 9.0
Called prefire()
Called fire()
Past the end of training data. Read and discard all inputs.
Checking for deadlock:
There are 2 Blocked actors, 0 Stopped actors, and 3 active threads.
Waiting for actors to stop.
Sent output token with value 9.0
Next port to read input from is inputB
Called postfire()
Called prefire()
Called fire()
Called postfire()
Called prefire()
Called fire()
Checking for deadlock:
There are 2 Blocked actors, 0 Stopped actors, and 3 active threads.
Waiting for actors to stop.
Read input token from inputB with value 10.5
Called prefire()
Called fire()
Past the end of training data. Read and discard all inputs.
Checking for deadlock:
There are 2 Blocked actors, 0 Stopped actors, and 3 active threads.
Waiting for actors to stop.
Sent output token with value 9.0
Next port to read input from is inputA
Called postfire()
Called prefire()
Called fire()
Checking for deadlock:
There are 3 Blocked actors, 0 Stopped actors, and 3 active threads.
Actors have stopped.
Checking for deadlock:
There are 3 Blocked actors, 0 Stopped actors, and 3 active threads.
Deadlock detected.
Resolving Deadlock
Checking for deadlock:
There are 3 Blocked actors, 0 Stopped actors, and 3 active threads.
Artificial Deadlock - increasing queue capacity.
increasing the capacity of receiver ptolemy.actor.TypedIOPort {.top.OrderedMerge.inputB} to 2
Director: Called postfire().
Called postfire().
_stopRequested = false
_stopFireRequested = false
Returning from postfire(): true
Called fire().
Checking for deadlock:
There are 2 Blocked actors, 0 Stopped actors, and 3 active threads.
Waiting for actors to stop.
-- Thread wrapup() called.
Called wrapup()
Thread .top.Ramp2 is exiting.
-- Thread stopped.
Checking for deadlock:
There are 2 Blocked actors, 0 Stopped actors, and 2 active threads.
Actors have stopped.
Checking for deadlock:
There are 2 Blocked actors, 0 Stopped actors, and 2 active threads.
Deadlock detected.
Resolving Deadlock
Checking for deadlock:
There are 2 Blocked actors, 0 Stopped actors, and 2 active threads.
Deadlock detected: no processes blocked on write, but some are blocked on read.
Called postfire().
_stopRequested = false
_stopFireRequested = false
Returning from postfire(): false
Finished deactivating branches.
Called wrapup().
-- Thread wrapup() called.
Called wrapup()
Thread .top.Test is exiting.
-- Thread stopped.
-- Blocked Receiver call threw TerminateProcessException.
-- Thread wrapup() called.
Called wrapup()
Thread .top.OrderedMerge is exiting.
-- Thread stopped.
-- Blocked Receiver call threw TerminateProcessException.
71 ms. Memory: 129024K Free: 94410K (73%)
.top. Preinitializing ...
Invoking preinitialize():  .top.OrderedMerge
Called preinitialize()
Invoking preinitialize():  .top.Ramp
Called preinitialize()
Invoking preinitialize():  .top.Ramp2
Called preinitialize()
Invoking preinitialize():  .top.Test
Called preinitialize()
.top. Finished preinitialize().
Called initialize().
Invoking initialize():  .top.OrderedMerge
Initializing actor: .top.OrderedMerge
Adding a thread: .top.OrderedMerge
Invoking initialize():  .top.Ramp
Initializing actor: .top.Ramp
Adding a thread: .top.Ramp
Invoking initialize():  .top.Ramp2
Initializing actor: .top.Ramp2
Adding a thread: .top.Ramp2
Invoking initialize():  .top.Test
Initializing actor: .top.Test
Adding a thread: .top.Test
-- Starting thread.
Called initialize()
Called prefire()
Called fire()
-- Starting thread.
Called initialize()
Called prefire()
Called fire()
Called postfire()
Called prefire()
Called fire()
Called fire().
Checking for deadlock:
There are 2 Blocked actors, 0 Stopped actors, and 4 active threads.
Waiting for actors to stop.
-- Starting thread.
-- Starting thread.
Called initialize()
Called prefire()
Called fire()
Called postfire()
Called prefire()
Called fire()
Checking for deadlock:
There are 3 Blocked actors, 0 Stopped actors, and 4 active threads.
Waiting for actors to stop.
Called initialize()
Called prefire()
Called fire()
Checking for deadlock:
There are 2 Blocked actors, 0 Stopped actors, and 4 active threads.
Waiting for actors to stop.
Read input token from inputA with value 0.0
Called postfire()
Called prefire()
Called fire()
Next port to read input from is inputB
Called postfire()
Called prefire()
Called fire()
Called postfire()
Called prefire()
Called fire()
Read input token from inputB with value 0.0
Checking for deadlock:
There are 3 Blocked actors, 0 Stopped actors, and 4 active threads.
Waiting for actors to stop.
-- Read input: 0.0, which is expected to match: 0.0
Called prefire()
Called fire()
Checking for deadlock:
There are 3 Blocked actors, 0 Stopped actors, and 4 active threads.
Waiting for actors to stop.
Sent output token with value 0.0
Next port to read input from is inputA
Called postfire()
Called prefire()
Called fire()
Checking for deadlock:
There are 2 Blocked actors, 0 Stopped actors, and 4 active threads.
Waiting for actors to stop.
Called postfire()
Called prefire()
Called fire()
Checking for deadlock:
There are 3 Blocked actors, 0 Stopped actors, and 4 active threads.
Waiting for actors to stop.
Read input token from inputA with value 1.0
Sent output token with value 0.0
Next port to read input from is inputB
Called postfire()
Called prefire()
Called fire()
Read input token from inputB with value 1.5
Called postfire()
Called prefire()
Called fire()
Checking for deadlock:
There are 3 Blocked actors, 0 Stopped actors, and 4 active threads.
Waiting for actors to stop.
-- Read input: 0.0, which is expected to match: 0.0
Called prefire()
Called fire()
Checking for deadlock:
There are 3 Blocked actors, 0 Stopped actors, and 4 active threads.
Waiting for actors to stop.
-- Read input: 1.0, which is expected to match: 1.0
Called prefire()
Called fire()
Checking for deadlock:
There are 3 Blocked actors, 0 Stopped actors, and 4 active threads.
Waiting for actors to stop.
Sent output token with value 1.0
Next port to read input from is inputA
Called postfire()
Called prefire()
Called fire()
Checking for deadlock:
There are 2 Blocked actors, 0 Stopped actors, and 4 active threads.
Waiting for actors to stop.
Called postfire()
Called prefire()
Called fire()
Checking for deadlock:
There are 3 Blocked actors, 0 Stopped actors, and 4 active threads.
Waiting for actors to stop.
Read input token from inputA with value 2.0
Sent output token with value 1.5
Next port to read input from is inputB
Called postfire()
Called prefire()
Called fire()
Read input token from inputB with value 3.0
Checking for deadlock:
There are 2 Blocked actors, 0 Stopped actors, and 4 active threads.
Waiting for actors to stop.
Called postfire()
Called prefire()
Called fire()
-- Read input: 1.5, which is expected to match: 1.5
Called prefire()
Called fire()
Checking for deadlock:
There are 3 Blocked actors, 0 Stopped actors, and 4 active threads.
Waiting for actors to stop.
-- Read input: 2.0, which is expected to match: 2.0
Called prefire()
Called fire()
Checking for deadlock:
There are 3 Blocked actors, 0 Stopped actors, and 4 active threads.
Waiting for actors to stop.
Sent output token with value 2.0
Next port to read input from is inputA
Called postfire()
Called prefire()
Called fire()
Checking for deadlock:
There are 2 Blocked actors, 0 Stopped actors, and 4 active threads.
Waiting for actors to stop.
Called postfire()
Called prefire()
Called fire()
Checking for deadlock:
There are 3 Blocked actors, 0 Stopped actors, and 4 active threads.
Waiting for actors to stop.
Read input token from inputA with value 3.0
Sent output token with value 3.0
Next port to read input from is inputB
Called postfire()
Called prefire()
Called fire()
Read input token from inputB with value 4.5
Checking for deadlock:
There are 2 Blocked actors, 0 Stopped actors, and 4 active threads.
Waiting for actors to stop.
Called postfire()
Called prefire()
Called fire()
-- Read input: 3.0, which is expected to match: 3.0
Called prefire()
Called fire()
Checking for deadlock:
There are 3 Blocked actors, 0 Stopped actors, and 4 active threads.
Waiting for actors to stop.
-- Read input: 3.0, which is expected to match: 3.0
Called prefire()
Called fire()
Checking for deadlock:
There are 3 Blocked actors, 0 Stopped actors, and 4 active threads.
Waiting for actors to stop.
Sent output token with value 3.0
Next port to read input from is inputA
Called postfire()
Called prefire()
Called fire()
Checking for deadlock:
There are 2 Blocked actors, 0 Stopped actors, and 4 active threads.
Waiting for actors to stop.
Called postfire()
Called prefire()
Called fire()
Checking for deadlock:
There are 3 Blocked actors, 0 Stopped actors, and 4 active threads.
Waiting for actors to stop.
Read input token from inputA with value 4.0
Sent output token with value 4.0
Next port to read input from is inputA
Called postfire()
Called prefire()
Called fire()
Read input token from inputA with value 5.0
Checking for deadlock:
There are 2 Blocked actors, 0 Stopped actors, and 4 active threads.
Waiting for actors to stop.
-- Read input: 4.0, which is expected to match: 4.0
Called prefire()
Called fire()
Past the end of training data. Read and discard all inputs.
Called postfire()
Called prefire()
Called fire()
Checking for deadlock:
There are 3 Blocked actors, 0 Stopped actors, and 4 active threads.
Waiting for actors to stop.
Sent output token with value 4.5
Next port to read input from is inputB
Called postfire()
Called prefire()
Called fire()
Read input token from inputB with value 6.0
Checking for deadlock:
There are 2 Blocked actors, 0 Stopped actors, and 4 active threads.
Waiting for actors to stop.
Called postfire()
Called prefire()
Called fire()
Called prefire()
Called fire()
Past the end of training data. Read and discard all inputs.
Checking for deadlock:
There are 3 Blocked actors, 0 Stopped actors, and 4 active threads.
Waiting for actors to stop.
Called prefire()
Called fire()
Past the end of training data. Read and discard all inputs.
Checking for deadlock:
There are 3 Blocked actors, 0 Stopped actors, and 4 active threads.
Waiting for actors to stop.
Sent output token with value 5.0
Next port to read input from is inputA
Called postfire()
Called prefire()
Called fire()
Checking for deadlock:
There are 2 Blocked actors, 0 Stopped actors, and 4 active threads.
Waiting for actors to stop.
Called postfire()
Called prefire()
Called fire()
Checking for deadlock:
There are 3 Blocked actors, 0 Stopped actors, and 4 active threads.
Waiting for actors to stop.
Read input token from inputA with value 6.0
Sent output token with value 6.0
Next port to read input from is inputB
Called postfire()
Called prefire()
Called fire()
Read input token from inputB with value 7.5
Checking for deadlock:
There are 2 Blocked actors, 0 Stopped actors, and 4 active threads.
Waiting for actors to stop.
Called postfire()
Called prefire()
Called fire()
Called prefire()
Called fire()
Past the end of training data. Read and discard all inputs.
Checking for deadlock:
There are 3 Blocked actors, 0 Stopped actors, and 4 active threads.
Waiting for actors to stop.
Called prefire()
Called fire()
Past the end of training data. Read and discard all inputs.
Checking for deadlock:
There are 3 Blocked actors, 0 Stopped actors, and 4 active threads.
Waiting for actors to stop.
Sent output token with value 6.0
Next port to read input from is inputA
Called postfire()
Called prefire()
Called fire()
Checking for deadlock:
There are 2 Blocked actors, 0 Stopped actors, and 4 active threads.
Waiting for actors to stop.
Called postfire()
Called prefire()
Called fire()
Checking for deadlock:
There are 3 Blocked actors, 0 Stopped actors, and 4 active threads.
Waiting for actors to stop.
Read input token from inputA with value 7.0
Sent output token with value 7.0
Next port to read input from is inputA
Called postfire()
Called prefire()
Called fire()
Read input token from inputA with value 8.0
Checking for deadlock:
There are 2 Blocked actors, 0 Stopped actors, and 4 active threads.
Waiting for actors to stop.
Called prefire()
Called fire()
Past the end of training data. Read and discard all inputs.
-- Thread wrapup() called.
Called wrapup()
Thread .top.Ramp is exiting.
-- Thread stopped.
Checking for deadlock:
There are 2 Blocked actors, 0 Stopped actors, and 3 active threads.
Waiting for actors to stop.
Called prefire()
Called fire()
Past the end of training data. Read and discard all inputs.
Checking for deadlock:
There are 2 Blocked actors, 0 Stopped actors, and 3 active threads.
Waiting for actors to stop.
Sent output token with value 7.5
Next port to read input from is inputB
Called postfire()
Called prefire()
Called fire()
Called postfire()
Called prefire()
Called fire()
Checking for deadlock:
There are 2 Blocked actors, 0 Stopped actors, and 3 active threads.
Waiting for actors to stop.
Read input token from inputB with value 9.0
Called prefire()
Called fire()
Past the end of training data. Read and discard all inputs.
Checking for deadlock:
There are 2 Blocked actors, 0 Stopped actors, and 3 active threads.
Waiting for actors to stop.
Sent output token with value 8.0
Next port to read input from is inputA
Called postfire()
Called prefire()
Called fire()
Read input token from inputA with value 9.0
Called prefire()
Called fire()
Past the end of training data. Read and discard all inputs.
Checking for deadlock:
There are 2 Blocked actors, 0 Stopped actors, and 3 active threads.
Waiting for actors to stop.
Sent output token with value 9.0
Next port to read input from is inputB
Called postfire()
Called prefire()
Called fire()
Checking for deadlock:
There are 1 Blocked actors, 0 Stopped actors, and 3 active threads.
Waiting for actors to stop.
Called postfire()
Called prefire()
Called fire()
Checking for deadlock:
There are 2 Blocked actors, 0 Stopped actors, and 3 active threads.
Waiting for actors to stop.
Read input token from inputB with value 10.5
Checking for deadlock:
There are 1 Blocked actors, 0 Stopped actors, and 3 active threads.
Waiting for actors to stop.
Called prefire()
Called fire()
Past the end of training data. Read and discard all inputs.
Checking for deadlock:
There are 2 Blocked actors, 0 Stopped actors, and 3 active threads.
Waiting for actors to stop.
Sent output token with value 9.0
Next port to read input from is inputA
Called postfire()
Called prefire()
Called fire()
Checking for deadlock:
There are 3 Blocked actors, 0 Stopped actors, and 3 active threads.
Actors have stopped.
Checking for deadlock:
There are 3 Blocked actors, 0 Stopped actors, and 3 active threads.
Deadlock detected.
Resolving Deadlock
Checking for deadlock:
There are 3 Blocked actors, 0 Stopped actors, and 3 active threads.
Artificial Deadlock - increasing queue capacity.
increasing the capacity of receiver ptolemy.actor.TypedIOPort {.top.OrderedMerge.inputB} to 2
Director: Called postfire().
Called postfire().
_stopRequested = false
_stopFireRequested = false
Returning from postfire(): true
Called fire().
Checking for deadlock:
There are 2 Blocked actors, 0 Stopped actors, and 3 active threads.
Waiting for actors to stop.
-- Thread wrapup() called.
Called wrapup()
Thread .top.Ramp2 is exiting.
-- Thread stopped.
Checking for deadlock:
There are 2 Blocked actors, 0 Stopped actors, and 2 active threads.
Actors have stopped.
Checking for deadlock:
There are 2 Blocked actors, 0 Stopped actors, and 2 active threads.
Deadlock detected.
Resolving Deadlock
Checking for deadlock:
There are 2 Blocked actors, 0 Stopped actors, and 2 active threads.
Deadlock detected: no processes blocked on write, but some are blocked on read.
Called postfire().
_stopRequested = false
_stopFireRequested = false
Returning from postfire(): false
Finished deactivating branches.
Called wrapup().
-- Thread wrapup() called.
Called wrapup()
-- Thread wrapup() called.
Thread .top.OrderedMerge is exiting.
-- Thread stopped.
-- Blocked Receiver call threw TerminateProcessException.
Called wrapup()
Thread .top.Test is exiting.
-- Thread stopped.
-- Blocked Receiver call threw TerminateProcessException.
48 ms. Memory: 129024K Free: 91848K (71%)
/home/travis/build/icyphy/ptII/ptolemy/actor/lib/test/Publisher.tcl
21 ms. Memory: 129024K Free: 86218K (67%)
4 ms. Memory: 129024K Free: 80584K (62%)
2 ms. Memory: 129024K Free: 77002K (60%)
4 ms. Memory: 129024K Free: 75978K (59%)
2 ms. Memory: 129024K Free: 75450K (58%)
22 ms. Memory: 162816K Free: 146868K (90%)
3 ms. Memory: 162816K Free: 146322K (90%)
4 ms. Memory: 162816K Free: 145330K (89%)
17 ms. Memory: 162816K Free: 135604K (83%)
3 ms. Memory: 162816K Free: 131508K (81%)
3 ms. Memory: 162816K Free: 130980K (80%)
4 ms. Memory: 162816K Free: 128916K (79%)
14 ms. Memory: 162816K Free: 121268K (74%)
5 ms. Memory: 162816K Free: 111538K (69%)
5 ms. Memory: 162816K Free: 100788K (62%)
/home/travis/build/icyphy/ptII/ptolemy/actor/lib/test/Pulse.tcl
2 ms. Memory: 162816K Free: 63396K (39%)
16 ms. Memory: 162816K Free: 146029K (90%)
2 ms. Memory: 162816K Free: 145525K (89%)
1 ms. Memory: 162816K Free: 144997K (89%)
1 ms. Memory: 162816K Free: 144501K (89%)
5 ms. Memory: 162816K Free: 143477K (88%)
2 ms. Memory: 162816K Free: 142453K (87%)
1 ms. Memory: 162816K Free: 141939K (87%)
2 ms. Memory: 162816K Free: 140901K (87%)
/home/travis/build/icyphy/ptII/ptolemy/actor/lib/test/Ramp.tcl
2 ms. Memory: 162816K Free: 139381K (86%)
2 ms. Memory: 162816K Free: 138357K (85%)
2 ms. Memory: 162816K Free: 137829K (85%)
2 ms. Memory: 162816K Free: 136805K (84%)
3 ms. Memory: 162816K Free: 136309K (84%)
4 ms. Memory: 162816K Free: 135285K (83%)
5 ms. Memory: 162816K Free: 134261K (82%)
5 actors
4000 microseconds per iteration to create
6 ms. Memory: 162816K Free: 131699K (81%)
2 ms. Memory: 162816K Free: 131189K (81%)
1 ms. Memory: 162816K Free: 130165K (80%)
1 ms. Memory: 162816K Free: 129651K (80%)
50 actors
29000 microseconds per iteration to create
25 ms. Memory: 162816K Free: 114291K (70%)
6 ms. Memory: 162816K Free: 113267K (70%)
6 ms. Memory: 162816K Free: 112243K (69%)
5 ms. Memory: 162816K Free: 111219K (68%)
500 actors
1583000 microseconds per iteration to create
298 ms. Memory: 162816K Free: 121525K (75%)
34 ms. Memory: 162816K Free: 116405K (71%)
33 ms. Memory: 162816K Free: 111285K (68%)
41 ms. Memory: 162816K Free: 106163K (65%)
/home/travis/build/icyphy/ptII/ptolemy/actor/lib/test/RampContinuous.tcl
9 ms. Memory: 162816K Free: 104627K (64%)
/home/travis/build/icyphy/ptII/ptolemy/actor/lib/test/RecordAssembler.tcl
6 ms. Memory: 162816K Free: 103093K (63%)
4 ms. Memory: 162816K Free: 102069K (63%)
/home/travis/build/icyphy/ptII/ptolemy/actor/lib/test/RecordDisassembler.tcl
15 ms. Memory: 162816K Free: 100517K (62%)
2 ms. Memory: 162816K Free: 99493K (61%)
6 ms. Memory: 162816K Free: 98469K (60%)
/home/travis/build/icyphy/ptII/ptolemy/actor/lib/test/Scale.tcl
3 ms. Memory: 162816K Free: 96421K (59%)
3 ms. Memory: 162816K Free: 95925K (59%)
1 ms. Memory: 162816K Free: 95381K (59%)
5 ms. Memory: 162816K Free: 94387K (58%)
12 ms. Memory: 162816K Free: 93363K (57%)
/home/travis/build/icyphy/ptII/ptolemy/actor/lib/test/SequentialClock.tcl
preinitializing
resolving types
initializing
executing number 1
wrapping up
idle
5 ms. Memory: 162816K Free: 92339K (57%)
Completed execution with 5 iterations
preinitializing
resolving types
initializing
executing number 1
wrapping up
idle
2 ms. Memory: 162816K Free: 91829K (56%)
Completed execution with 5 iterations
preinitializing
resolving types
initializing
executing number 1
wrapping up
idle
1 ms. Memory: 162816K Free: 91315K (56%)
Completed execution with 5 iterations
/home/travis/build/icyphy/ptII/ptolemy/actor/lib/test/SetVariable.tcl
6 ms. Memory: 162816K Free: 89253K (55%)


==== $PTII/ptolemy/actor/lib/test/SetVariable.tcl: SetVariable-3.1 changeFailed
==== Contents of test case:

    #Uses 2.1 above
    jdkCaptureErr {
        # This test was failing if we ran Exit.tcl and then this test.
        # MessageHandler.error() now actually throws the Exception.
	catch {$setVariable changeFailed [java::null]  [java::new Exception {Test exception for SetVariable.changeFailed()}]} errMsg
    } results
    list [string range $results 0 89] "\n" $errMsg

==== Result was:
{java.lang.Exception: Test exception for SetVariable.changeFailed()
	at java.base/jdk.inter} {
} {java.lang.RuntimeException: java.lang.Exception: Test exception for SetVariable.changeFailed()}
---- Result should have been:
{Failed to set variable.
java.lang.Exception: Test exception for SetVariable.changeFailed()} {
} {java.lang.RuntimeException: java.lang.Exception: Test exception for SetVariable.changeFailed()}
---- SetVariable-3.1 FAILED
/home/travis/build/icyphy/ptII/ptolemy/actor/lib/test/Sinewave.tcl
/home/travis/build/icyphy/ptII/ptolemy/actor/lib/test/SubscriptionAggregator.tcl
5 ms. Memory: 162816K Free: 76979K (47%)
7 ms. Memory: 162816K Free: 76469K (47%)
1 ms. Memory: 162816K Free: 75925K (47%)
0 ms. Memory: 162816K Free: 75925K (47%)
2 ms. Memory: 162816K Free: 72373K (44%)
10 ms. Memory: 162816K Free: 69811K (43%)
...............................................................920 ms. Memory: 310272K Free: 199029K (64%)
/home/travis/build/icyphy/ptII/ptolemy/actor/lib/test/Test.tcl
 The next command will produce a warning about training mode,
   which may be ignored.
5 ms. Memory: 310272K Free: 196983K (63%)
3 ms. Memory: 310272K Free: 196469K (63%)
1 ms. Memory: 310272K Free: 195431K (63%)
1 ms. Memory: 310272K Free: 194935K (63%)
1 ms. Memory: 310272K Free: 194421K (63%)
4 ms. Memory: 310272K Free: 193383K (62%)
3 ms. Memory: 310272K Free: 191863K (62%)
 The next command will produce a warning about training mode,
   which may be ignored.
5 ms. Memory: 310272K Free: 189301K (61%)
 The next command will produce a warning about training mode,
   which may be ignored.
3 ms. Memory: 310272K Free: 188263K (61%)
2 ms. Memory: 310272K Free: 187767K (61%)
2 ms. Memory: 310272K Free: 187247K (60%)
2 ms. Memory: 310272K Free: 186743K (60%)
11 ms. Memory: 310272K Free: 185719K (60%)
5 ms. Memory: 310272K Free: 182119K (59%)
/home/travis/build/icyphy/ptII/ptolemy/actor/lib/test/TestExceptionHandler.tcl
 The next command will produce a warning about training mode,
   which may be ignored.
2 ms. Memory: 310272K Free: 180599K (58%)
1 ms. Memory: 310272K Free: 180085K (58%)
1 ms. Memory: 310272K Free: 179575K (58%)
/home/travis/build/icyphy/ptII/ptolemy/actor/lib/test/UnionDisassembler.tcl
15 ms. Memory: 310272K Free: 172407K (56%)
/home/travis/build/icyphy/ptII/ptolemy/actor/lib/test/VariableClock.tcl
preinitializing
resolving types
initializing
executing number 1
wrapping up
idle
3 ms. Memory: 310272K Free: 170359K (55%)
Completed execution with 11 iterations
preinitializing
resolving types
initializing
executing number 1
wrapping up
idle
4 ms. Memory: 310272K Free: 169335K (55%)
Completed execution with 10 iterations
12/16/19 06:25:42
Failed: 1  Total Tests: 234  ((Passed: 233, Newly Passed: 0)  Known Failed: 0) /home/travis/build/icyphy/ptII/ptolemy/actor/lib/test
----------------- testing (KnownFailure) /home/travis/build/icyphy/ptII/ptolemy/actor/lib/test/auto/knownFailedTests/PublisherPortToplevelSubscriber.xml
0 ms. Memory: 310272K Free: 165749K (53%)
Known Failure: java.lang.reflect.InvocationTargetException
----------------- testing (KnownFailure) /home/travis/build/icyphy/ptII/ptolemy/actor/lib/test/auto/knownFailedTests/PublisherSubscriberPortToplevel.xml
0 ms. Memory: 310272K Free: 161653K (52%)
Known Failure: java.lang.reflect.InvocationTargetException
----------------- testing (KnownFailure) /home/travis/build/icyphy/ptII/ptolemy/actor/lib/test/auto/knownFailedTests/PublisherSubscriptionAggregatorPort.xml
2 ms. Memory: 310272K Free: 157047K (51%)
Known Failure: java.lang.reflect.InvocationTargetException
----------------- testing (KnownFailure) /home/travis/build/icyphy/ptII/ptolemy/actor/lib/test/auto/knownFailedTests/sizedarray3.xml
4 ms. Memory: 310272K Free: 152951K (49%)
Known Failure: java.lang.reflect.InvocationTargetException
No auto/linux-amd64/*.xml tests in /home/travis/build/icyphy/ptII/ptolemy/actor/lib/test
AutoTests.java: About to close Vertx.
AutoTests.java: Vertx closed.

===========================================================================================
----------------- testing Mon Dec 16 06:25:42 UTC 2019 /home/travis/build/icyphy/ptII/ptolemy/actor/lib/test/auto/AbsoluteValue.xml
----------------- Instantiating /home/travis/build/icyphy/ptII/ptolemy/actor/lib/test/auto/AbsoluteValue.xml
15 ms. Memory: 310272K Free: 129399K (42%)
----------------- Invoking toplevel() on ptolemy.moml.MoMLSimpleApplication@4548eca0
----------------- Done invoking toplevel() on ptolemy.moml.MoMLSimpleApplication@4548eca0
reloadAllAccessors: .AbsoluteValue

===========================================================================================
----------------- testing Mon Dec 16 06:25:42 UTC 2019 /home/travis/build/icyphy/ptII/ptolemy/actor/lib/test/auto/AbsoluteValue2.xml
----------------- Instantiating /home/travis/build/icyphy/ptII/ptolemy/actor/lib/test/auto/AbsoluteValue2.xml
5 ms. Memory: 310272K Free: 122741K (40%)
----------------- Invoking toplevel() on ptolemy.moml.MoMLSimpleApplication@3586a335
----------------- Done invoking toplevel() on ptolemy.moml.MoMLSimpleApplication@3586a335
reloadAllAccessors: .AbsoluteValue2

===========================================================================================
----------------- testing Mon Dec 16 06:25:42 UTC 2019 /home/travis/build/icyphy/ptII/ptolemy/actor/lib/test/auto/Accumulator.xml
----------------- Instantiating /home/travis/build/icyphy/ptII/ptolemy/actor/lib/test/auto/Accumulator.xml
6 ms. Memory: 310272K Free: 116597K (38%)
----------------- Invoking toplevel() on ptolemy.moml.MoMLSimpleApplication@2461d4f1
----------------- Done invoking toplevel() on ptolemy.moml.MoMLSimpleApplication@2461d4f1
reloadAllAccessors: .Accumulator

===========================================================================================
----------------- testing Mon Dec 16 06:25:42 UTC 2019 /home/travis/build/icyphy/ptII/ptolemy/actor/lib/test/auto/Accumulator2.xml
----------------- Instantiating /home/travis/build/icyphy/ptII/ptolemy/actor/lib/test/auto/Accumulator2.xml
6 ms. Memory: 310272K Free: 110967K (36%)
----------------- Invoking toplevel() on ptolemy.moml.MoMLSimpleApplication@6a99888d
----------------- Done invoking toplevel() on ptolemy.moml.MoMLSimpleApplication@6a99888d
reloadAllAccessors: .Accumulator2

===========================================================================================
----------------- testing Mon Dec 16 06:25:42 UTC 2019 /home/travis/build/icyphy/ptII/ptolemy/actor/lib/test/auto/Accumulator3.xml
----------------- Instantiating /home/travis/build/icyphy/ptII/ptolemy/actor/lib/test/auto/Accumulator3.xml
2 ms. Memory: 310272K Free: 259814K (84%)
----------------- Invoking toplevel() on ptolemy.moml.MoMLSimpleApplication@66f4a4ae
----------------- Done invoking toplevel() on ptolemy.moml.MoMLSimpleApplication@66f4a4ae
reloadAllAccessors: .Accumulator3

===========================================================================================
----------------- testing Mon Dec 16 06:25:42 UTC 2019 /home/travis/build/icyphy/ptII/ptolemy/actor/lib/test/auto/ArrayAppend.xml
----------------- Instantiating /home/travis/build/icyphy/ptII/ptolemy/actor/lib/test/auto/ArrayAppend.xml
8 ms. Memory: 310272K Free: 253125K (82%)
----------------- Invoking toplevel() on ptolemy.moml.MoMLSimpleApplication@3a7806c3
----------------- Done invoking toplevel() on ptolemy.moml.MoMLSimpleApplication@3a7806c3
reloadAllAccessors: .ArrayAppend

===========================================================================================
----------------- testing Mon Dec 16 06:25:42 UTC 2019 /home/travis/build/icyphy/ptII/ptolemy/actor/lib/test/auto/ArrayAppend2.xml
----------------- Instantiating /home/travis/build/icyphy/ptII/ptolemy/actor/lib/test/auto/ArrayAppend2.xml
303 ms. Memory: 310272K Free: 170726K (55%)
----------------- Invoking toplevel() on ptolemy.moml.MoMLSimpleApplication@ddd5d8a
----------------- Done invoking toplevel() on ptolemy.moml.MoMLSimpleApplication@ddd5d8a
reloadAllAccessors: .ArrayAppend2

===========================================================================================
----------------- testing Mon Dec 16 06:25:43 UTC 2019 /home/travis/build/icyphy/ptII/ptolemy/actor/lib/test/auto/ArrayAppend3.xml
----------------- Instantiating /home/travis/build/icyphy/ptII/ptolemy/actor/lib/test/auto/ArrayAppend3.xml
3 ms. Memory: 310272K Free: 165092K (53%)
----------------- Invoking toplevel() on ptolemy.moml.MoMLSimpleApplication@16294282
----------------- Done invoking toplevel() on ptolemy.moml.MoMLSimpleApplication@16294282
reloadAllAccessors: .ArrayAppend3

===========================================================================================
----------------- testing Mon Dec 16 06:25:43 UTC 2019 /home/travis/build/icyphy/ptII/ptolemy/actor/lib/test/auto/ArrayAppend4.xml
----------------- Instantiating /home/travis/build/icyphy/ptII/ptolemy/actor/lib/test/auto/ArrayAppend4.xml
2 ms. Memory: 310272K Free: 159972K (52%)
----------------- Invoking toplevel() on ptolemy.moml.MoMLSimpleApplication@59c82a3d
----------------- Done invoking toplevel() on ptolemy.moml.MoMLSimpleApplication@59c82a3d
reloadAllAccessors: .ArrayAppend4

===========================================================================================
----------------- testing Mon Dec 16 06:25:43 UTC 2019 /home/travis/build/icyphy/ptII/ptolemy/actor/lib/test/auto/ArrayAppend5.xml
----------------- Instantiating /home/travis/build/icyphy/ptII/ptolemy/actor/lib/test/auto/ArrayAppend5.xml
2 ms. Memory: 310272K Free: 154852K (50%)
----------------- Invoking toplevel() on ptolemy.moml.MoMLSimpleApplication@5398b06a
----------------- Done invoking toplevel() on ptolemy.moml.MoMLSimpleApplication@5398b06a
reloadAllAccessors: .ArrayAppend5

===========================================================================================
----------------- testing Mon Dec 16 06:25:43 UTC 2019 /home/travis/build/icyphy/ptII/ptolemy/actor/lib/test/auto/ArrayAppend6.xml
----------------- Instantiating /home/travis/build/icyphy/ptII/ptolemy/actor/lib/test/auto/ArrayAppend6.xml
3 ms. Memory: 310272K Free: 149222K (48%)
----------------- Invoking toplevel() on ptolemy.moml.MoMLSimpleApplication@41862a7d
----------------- Done invoking toplevel() on ptolemy.moml.MoMLSimpleApplication@41862a7d
reloadAllAccessors: .ArrayAppend6

===========================================================================================
----------------- testing Mon Dec 16 06:25:43 UTC 2019 /home/travis/build/icyphy/ptII/ptolemy/actor/lib/test/auto/ArrayAppendPerformanceTest.xml
----------------- Instantiating /home/travis/build/icyphy/ptII/ptolemy/actor/lib/test/auto/ArrayAppendPerformanceTest.xml
44 ms. Memory: 310272K Free: 137958K (44%)
----------------- Invoking toplevel() on ptolemy.moml.MoMLSimpleApplication@75f6378c
----------------- Done invoking toplevel() on ptolemy.moml.MoMLSimpleApplication@75f6378c
reloadAllAccessors: .ArrayAppendPerformanceTest

===========================================================================================
----------------- testing Mon Dec 16 06:25:43 UTC 2019 /home/travis/build/icyphy/ptII/ptolemy/actor/lib/test/auto/ArrayAppendWithEmptyInput.xml
----------------- Instantiating /home/travis/build/icyphy/ptII/ptolemy/actor/lib/test/auto/ArrayAppendWithEmptyInput.xml
15 ms. Memory: 310272K Free: 129766K (42%)
----------------- Invoking toplevel() on ptolemy.moml.MoMLSimpleApplication@1298e078
----------------- Done invoking toplevel() on ptolemy.moml.MoMLSimpleApplication@1298e078
reloadAllAccessors: .ArrayAppendWithEmptyInput

===========================================================================================
----------------- testing Mon Dec 16 06:25:43 UTC 2019 /home/travis/build/icyphy/ptII/ptolemy/actor/lib/test/auto/ArrayAverage.xml
----------------- Instantiating /home/travis/build/icyphy/ptII/ptolemy/actor/lib/test/auto/ArrayAverage.xml
12 ms. Memory: 310272K Free: 122084K (39%)
----------------- Invoking toplevel() on ptolemy.moml.MoMLSimpleApplication@69140c1
----------------- Done invoking toplevel() on ptolemy.moml.MoMLSimpleApplication@69140c1
reloadAllAccessors: .ArrayAverage

===========================================================================================
----------------- testing Mon Dec 16 06:25:43 UTC 2019 /home/travis/build/icyphy/ptII/ptolemy/actor/lib/test/auto/ArrayContains.xml
----------------- Instantiating /home/travis/build/icyphy/ptII/ptolemy/actor/lib/test/auto/ArrayContains.xml
10 ms. Memory: 310272K Free: 115940K (37%)
----------------- Invoking toplevel() on ptolemy.moml.MoMLSimpleApplication@40b5163b
----------------- Done invoking toplevel() on ptolemy.moml.MoMLSimpleApplication@40b5163b
reloadAllAccessors: .ArrayContains

===========================================================================================
----------------- testing Mon Dec 16 06:25:43 UTC 2019 /home/travis/build/icyphy/ptII/ptolemy/actor/lib/test/auto/ArrayElement.xml
----------------- Instantiating /home/travis/build/icyphy/ptII/ptolemy/actor/lib/test/auto/ArrayElement.xml
11 ms. Memory: 310272K Free: 110310K (36%)
----------------- Invoking toplevel() on ptolemy.moml.MoMLSimpleApplication@5cf0dea9
----------------- Done invoking toplevel() on ptolemy.moml.MoMLSimpleApplication@5cf0dea9
reloadAllAccessors: .ArrayElement

===========================================================================================
----------------- testing Mon Dec 16 06:25:43 UTC 2019 /home/travis/build/icyphy/ptII/ptolemy/actor/lib/test/auto/ArrayElementAsMatrix.xml
----------------- Instantiating /home/travis/build/icyphy/ptII/ptolemy/actor/lib/test/auto/ArrayElementAsMatrix.xml
19 ms. Memory: 310272K Free: 100070K (32%)
----------------- Invoking toplevel() on ptolemy.moml.MoMLSimpleApplication@5f37597d
----------------- Done invoking toplevel() on ptolemy.moml.MoMLSimpleApplication@5f37597d
reloadAllAccessors: .ArrayElementAsMatrix

===========================================================================================
----------------- testing Mon Dec 16 06:25:43 UTC 2019 /home/travis/build/icyphy/ptII/ptolemy/actor/lib/test/auto/ArrayElementI.xml
----------------- Instantiating /home/travis/build/icyphy/ptII/ptolemy/actor/lib/test/auto/ArrayElementI.xml
3 ms. Memory: 310272K Free: 261883K (84%)
----------------- Invoking toplevel() on ptolemy.moml.MoMLSimpleApplication@4c18aea9
----------------- Done invoking toplevel() on ptolemy.moml.MoMLSimpleApplication@4c18aea9
reloadAllAccessors: .ArrayElementI

===========================================================================================
----------------- testing Mon Dec 16 06:25:43 UTC 2019 /home/travis/build/icyphy/ptII/ptolemy/actor/lib/test/auto/ArrayExtract.xml
----------------- Instantiating /home/travis/build/icyphy/ptII/ptolemy/actor/lib/test/auto/ArrayExtract.xml
4 ms. Memory: 310272K Free: 253212K (82%)
----------------- Invoking toplevel() on ptolemy.moml.MoMLSimpleApplication@43e6b9
----------------- Done invoking toplevel() on ptolemy.moml.MoMLSimpleApplication@43e6b9
reloadAllAccessors: .ArrayExtract

===========================================================================================
----------------- testing Mon Dec 16 06:25:43 UTC 2019 /home/travis/build/icyphy/ptII/ptolemy/actor/lib/test/auto/ArrayExtract2.xml
----------------- Instantiating /home/travis/build/icyphy/ptII/ptolemy/actor/lib/test/auto/ArrayExtract2.xml
3 ms. Memory: 310272K Free: 248092K (80%)
----------------- Invoking toplevel() on ptolemy.moml.MoMLSimpleApplication@6b0ec773
----------------- Done invoking toplevel() on ptolemy.moml.MoMLSimpleApplication@6b0ec773
reloadAllAccessors: .ArrayExtract2

===========================================================================================
----------------- testing Mon Dec 16 06:25:43 UTC 2019 /home/travis/build/icyphy/ptII/ptolemy/actor/lib/test/auto/ArrayLength.xml
----------------- Instantiating /home/travis/build/icyphy/ptII/ptolemy/actor/lib/test/auto/ArrayLength.xml
2 ms. Memory: 310272K Free: 243996K (79%)
----------------- Invoking toplevel() on ptolemy.moml.MoMLSimpleApplication@23cc9e94
----------------- Done invoking toplevel() on ptolemy.moml.MoMLSimpleApplication@23cc9e94
reloadAllAccessors: .ArrayLength

===========================================================================================
----------------- testing Mon Dec 16 06:25:43 UTC 2019 /home/travis/build/icyphy/ptII/ptolemy/actor/lib/test/auto/ArrayLevelCrossing.xml
----------------- Instantiating /home/travis/build/icyphy/ptII/ptolemy/actor/lib/test/auto/ArrayLevelCrossing.xml
3 ms. Memory: 310272K Free: 236314K (76%)
----------------- Invoking toplevel() on ptolemy.moml.MoMLSimpleApplication@68f37a2
----------------- Done invoking toplevel() on ptolemy.moml.MoMLSimpleApplication@68f37a2
reloadAllAccessors: .ArrayLevelCrossing

===========================================================================================
----------------- testing Mon Dec 16 06:25:43 UTC 2019 /home/travis/build/icyphy/ptII/ptolemy/actor/lib/test/auto/ArrayLevelCrossing2.xml
----------------- Instantiating /home/travis/build/icyphy/ptII/ptolemy/actor/lib/test/auto/ArrayLevelCrossing2.xml
3 ms. Memory: 310272K Free: 228636K (74%)
----------------- Invoking toplevel() on ptolemy.moml.MoMLSimpleApplication@440f8cc2
----------------- Done invoking toplevel() on ptolemy.moml.MoMLSimpleApplication@440f8cc2
reloadAllAccessors: .ArrayLevelCrossing2

===========================================================================================
----------------- testing Mon Dec 16 06:25:43 UTC 2019 /home/travis/build/icyphy/ptII/ptolemy/actor/lib/test/auto/ArrayPeakSearch.xml
----------------- Instantiating /home/travis/build/icyphy/ptII/ptolemy/actor/lib/test/auto/ArrayPeakSearch.xml
4 ms. Memory: 310272K Free: 219930K (71%)
----------------- Invoking toplevel() on ptolemy.moml.MoMLSimpleApplication@5e14c0a3
----------------- Done invoking toplevel() on ptolemy.moml.MoMLSimpleApplication@5e14c0a3
reloadAllAccessors: .ArrayPeakSearch

===========================================================================================
----------------- testing Mon Dec 16 06:25:44 UTC 2019 /home/travis/build/icyphy/ptII/ptolemy/actor/lib/test/auto/ArrayPeakSearch2.xml
----------------- Instantiating /home/travis/build/icyphy/ptII/ptolemy/actor/lib/test/auto/ArrayPeakSearch2.xml
4 ms. Memory: 310272K Free: 209180K (67%)
----------------- Invoking toplevel() on ptolemy.moml.MoMLSimpleApplication@3d56c698
----------------- Done invoking toplevel() on ptolemy.moml.MoMLSimpleApplication@3d56c698
reloadAllAccessors: .ArrayPeakSearch2

===========================================================================================
----------------- testing Mon Dec 16 06:25:44 UTC 2019 /home/travis/build/icyphy/ptII/ptolemy/actor/lib/test/auto/ArrayPeakSearch3.xml
----------------- Instantiating /home/travis/build/icyphy/ptII/ptolemy/actor/lib/test/auto/ArrayPeakSearch3.xml
4 ms. Memory: 310272K Free: 200474K (65%)
----------------- Invoking toplevel() on ptolemy.moml.MoMLSimpleApplication@2042515c
----------------- Done invoking toplevel() on ptolemy.moml.MoMLSimpleApplication@2042515c
reloadAllAccessors: .ArrayPeakSearch3

===========================================================================================
----------------- testing Mon Dec 16 06:25:44 UTC 2019 /home/travis/build/icyphy/ptII/ptolemy/actor/lib/test/auto/ArrayRemoveElement.xml
----------------- Instantiating /home/travis/build/icyphy/ptII/ptolemy/actor/lib/test/auto/ArrayRemoveElement.xml
6 ms. Memory: 310272K Free: 192282K (62%)
----------------- Invoking toplevel() on ptolemy.moml.MoMLSimpleApplication@44269865
----------------- Done invoking toplevel() on ptolemy.moml.MoMLSimpleApplication@44269865
reloadAllAccessors: .ArrayRemoveElement

===========================================================================================
----------------- testing Mon Dec 16 06:25:44 UTC 2019 /home/travis/build/icyphy/ptII/ptolemy/actor/lib/test/auto/ArraySort.xml
----------------- Instantiating /home/travis/build/icyphy/ptII/ptolemy/actor/lib/test/auto/ArraySort.xml
4 ms. Memory: 310272K Free: 183580K (59%)
----------------- Invoking toplevel() on ptolemy.moml.MoMLSimpleApplication@766beac1
----------------- Done invoking toplevel() on ptolemy.moml.MoMLSimpleApplication@766beac1
reloadAllAccessors: .ArraySort

===========================================================================================
----------------- testing Mon Dec 16 06:25:44 UTC 2019 /home/travis/build/icyphy/ptII/ptolemy/actor/lib/test/auto/ArraySum.xml
----------------- Instantiating /home/travis/build/icyphy/ptII/ptolemy/actor/lib/test/auto/ArraySum.xml
7 ms. Memory: 310272K Free: 177946K (57%)
----------------- Invoking toplevel() on ptolemy.moml.MoMLSimpleApplication@340ca3f7
----------------- Done invoking toplevel() on ptolemy.moml.MoMLSimpleApplication@340ca3f7
reloadAllAccessors: .ArraySum

===========================================================================================
----------------- testing Mon Dec 16 06:25:44 UTC 2019 /home/travis/build/icyphy/ptII/ptolemy/actor/lib/test/auto/ArrayToElements.xml
----------------- Instantiating /home/travis/build/icyphy/ptII/ptolemy/actor/lib/test/auto/ArrayToElements.xml
10 ms. Memory: 310272K Free: 172826K (56%)
----------------- Invoking toplevel() on ptolemy.moml.MoMLSimpleApplication@29b9c7d4
----------------- Done invoking toplevel() on ptolemy.moml.MoMLSimpleApplication@29b9c7d4
reloadAllAccessors: .ArrayToElements

===========================================================================================
----------------- testing Mon Dec 16 06:25:44 UTC 2019 /home/travis/build/icyphy/ptII/ptolemy/actor/lib/test/auto/ArrayToMatrix.xml
----------------- Instantiating /home/travis/build/icyphy/ptII/ptolemy/actor/lib/test/auto/ArrayToMatrix.xml
26 ms. Memory: 310272K Free: 158490K (51%)
----------------- Invoking toplevel() on ptolemy.moml.MoMLSimpleApplication@3753879a
----------------- Done invoking toplevel() on ptolemy.moml.MoMLSimpleApplication@3753879a
reloadAllAccessors: .ArrayToMatrix

===========================================================================================
----------------- testing Mon Dec 16 06:25:44 UTC 2019 /home/travis/build/icyphy/ptII/ptolemy/actor/lib/test/auto/ArrayUpdate1.xml
----------------- Instantiating /home/travis/build/icyphy/ptII/ptolemy/actor/lib/test/auto/ArrayUpdate1.xml
5 ms. Memory: 310272K Free: 153884K (50%)
----------------- Invoking toplevel() on ptolemy.moml.MoMLSimpleApplication@4c873a81
----------------- Done invoking toplevel() on ptolemy.moml.MoMLSimpleApplication@4c873a81
reloadAllAccessors: .ArrayUpdate1

===========================================================================================
----------------- testing Mon Dec 16 06:25:44 UTC 2019 /home/travis/build/icyphy/ptII/ptolemy/actor/lib/test/auto/ArrayUpdate2.xml
----------------- Instantiating /home/travis/build/icyphy/ptII/ptolemy/actor/lib/test/auto/ArrayUpdate2.xml
13 ms. Memory: 310272K Free: 147226K (47%)
----------------- Invoking toplevel() on ptolemy.moml.MoMLSimpleApplication@43ebd108
----------------- Done invoking toplevel() on ptolemy.moml.MoMLSimpleApplication@43ebd108
reloadAllAccessors: .ArrayUpdate2

===========================================================================================
----------------- testing Mon Dec 16 06:25:44 UTC 2019 /home/travis/build/icyphy/ptII/ptolemy/actor/lib/test/auto/ArrayUpdate3.xml
----------------- Instantiating /home/travis/build/icyphy/ptII/ptolemy/actor/lib/test/auto/ArrayUpdate3.xml
4 ms. Memory: 310272K Free: 142620K (46%)
----------------- Invoking toplevel() on ptolemy.moml.MoMLSimpleApplication@6e9b50d6
----------------- Done invoking toplevel() on ptolemy.moml.MoMLSimpleApplication@6e9b50d6
reloadAllAccessors: .ArrayUpdate3

===========================================================================================
----------------- testing Mon Dec 16 06:25:44 UTC 2019 /home/travis/build/icyphy/ptII/ptolemy/actor/lib/test/auto/Assert1.xml
----------------- Instantiating /home/travis/build/icyphy/ptII/ptolemy/actor/lib/test/auto/Assert1.xml
5 ms. Memory: 310272K Free: 138010K (44%)
----------------- Invoking toplevel() on ptolemy.moml.MoMLSimpleApplication@519509ac
----------------- Done invoking toplevel() on ptolemy.moml.MoMLSimpleApplication@519509ac
reloadAllAccessors: .Assert1

===========================================================================================
----------------- testing Mon Dec 16 06:25:44 UTC 2019 /home/travis/build/icyphy/ptII/ptolemy/actor/lib/test/auto/Assert2.xml
----------------- Instantiating /home/travis/build/icyphy/ptII/ptolemy/actor/lib/test/auto/Assert2.xml
2 ms. Memory: 310272K Free: 132890K (43%)
----------------- Invoking toplevel() on ptolemy.moml.MoMLSimpleApplication@2da61d86
----------------- Done invoking toplevel() on ptolemy.moml.MoMLSimpleApplication@2da61d86
reloadAllAccessors: .Assert2

===========================================================================================
----------------- testing Mon Dec 16 06:25:44 UTC 2019 /home/travis/build/icyphy/ptII/ptolemy/actor/lib/test/auto/BooleanMultiplexor.xml
----------------- Instantiating /home/travis/build/icyphy/ptII/ptolemy/actor/lib/test/auto/BooleanMultiplexor.xml
2 ms. Memory: 310272K Free: 127260K (41%)
----------------- Invoking toplevel() on ptolemy.moml.MoMLSimpleApplication@13af3854
----------------- Done invoking toplevel() on ptolemy.moml.MoMLSimpleApplication@13af3854
reloadAllAccessors: .BooleanMultiplexor

===========================================================================================
----------------- testing Mon Dec 16 06:25:44 UTC 2019 /home/travis/build/icyphy/ptII/ptolemy/actor/lib/test/auto/BooleanMultiplexor2.xml
----------------- Instantiating /home/travis/build/icyphy/ptII/ptolemy/actor/lib/test/auto/BooleanMultiplexor2.xml
3 ms. Memory: 310272K Free: 121116K (39%)
----------------- Invoking toplevel() on ptolemy.moml.MoMLSimpleApplication@6ea90f6d
----------------- Done invoking toplevel() on ptolemy.moml.MoMLSimpleApplication@6ea90f6d
reloadAllAccessors: .BooleanMultiplexor2

===========================================================================================
----------------- testing Mon Dec 16 06:25:44 UTC 2019 /home/travis/build/icyphy/ptII/ptolemy/actor/lib/test/auto/BooleanMultiplexor3.xml
----------------- Instantiating /home/travis/build/icyphy/ptII/ptolemy/actor/lib/test/auto/BooleanMultiplexor3.xml
4 ms. Memory: 310272K Free: 117020K (38%)
----------------- Invoking toplevel() on ptolemy.moml.MoMLSimpleApplication@434a86bb
----------------- Done invoking toplevel() on ptolemy.moml.MoMLSimpleApplication@434a86bb
reloadAllAccessors: .BooleanMultiplexor3

===========================================================================================
----------------- testing Mon Dec 16 06:25:44 UTC 2019 /home/travis/build/icyphy/ptII/ptolemy/actor/lib/test/auto/BooleanSelect.xml
----------------- Instantiating /home/travis/build/icyphy/ptII/ptolemy/actor/lib/test/auto/BooleanSelect.xml
10 ms. Memory: 310272K Free: 111371K (36%)
----------------- Invoking toplevel() on ptolemy.moml.MoMLSimpleApplication@6a3248c2
----------------- Done invoking toplevel() on ptolemy.moml.MoMLSimpleApplication@6a3248c2
reloadAllAccessors: .BooleanSelect

===========================================================================================
----------------- testing Mon Dec 16 06:25:44 UTC 2019 /home/travis/build/icyphy/ptII/ptolemy/actor/lib/test/auto/BooleanSelect2.xml
----------------- Instantiating /home/travis/build/icyphy/ptII/ptolemy/actor/lib/test/auto/BooleanSelect2.xml
2 ms. Memory: 310272K Free: 106780K (34%)
----------------- Invoking toplevel() on ptolemy.moml.MoMLSimpleApplication@7f904456
----------------- Done invoking toplevel() on ptolemy.moml.MoMLSimpleApplication@7f904456
reloadAllAccessors: .BooleanSelect2

===========================================================================================
----------------- testing Mon Dec 16 06:25:44 UTC 2019 /home/travis/build/icyphy/ptII/ptolemy/actor/lib/test/auto/BooleanSwitch.xml
----------------- Instantiating /home/travis/build/icyphy/ptII/ptolemy/actor/lib/test/auto/BooleanSwitch.xml
8 ms. Memory: 310272K Free: 100636K (32%)
----------------- Invoking toplevel() on ptolemy.moml.MoMLSimpleApplication@7c3a6244
----------------- Done invoking toplevel() on ptolemy.moml.MoMLSimpleApplication@7c3a6244
reloadAllAccessors: .BooleanSwitch

===========================================================================================
----------------- testing Mon Dec 16 06:25:44 UTC 2019 /home/travis/build/icyphy/ptII/ptolemy/actor/lib/test/auto/BooleanSwitch2.xml
----------------- Instantiating /home/travis/build/icyphy/ptII/ptolemy/actor/lib/test/auto/BooleanSwitch2.xml
2 ms. Memory: 310272K Free: 96011K (31%)
----------------- Invoking toplevel() on ptolemy.moml.MoMLSimpleApplication@25d2a018
----------------- Done invoking toplevel() on ptolemy.moml.MoMLSimpleApplication@25d2a018
reloadAllAccessors: .BooleanSwitch2

===========================================================================================
----------------- testing Mon Dec 16 06:25:44 UTC 2019 /home/travis/build/icyphy/ptII/ptolemy/actor/lib/test/auto/BooleanSwitchCloningBugWithClassRelationGroup.xml
----------------- Instantiating /home/travis/build/icyphy/ptII/ptolemy/actor/lib/test/auto/BooleanSwitchCloningBugWithClassRelationGroup.xml
4 ms. Memory: 310272K Free: 261799K (84%)
----------------- Invoking toplevel() on ptolemy.moml.MoMLSimpleApplication@30c19c55
----------------- Done invoking toplevel() on ptolemy.moml.MoMLSimpleApplication@30c19c55
reloadAllAccessors: .BooleanSwitchCloningBugWithClassRelationGroup

===========================================================================================
----------------- testing Mon Dec 16 06:25:44 UTC 2019 /home/travis/build/icyphy/ptII/ptolemy/actor/lib/test/auto/BusActors.xml
----------------- Instantiating /home/travis/build/icyphy/ptII/ptolemy/actor/lib/test/auto/BusActors.xml
6 ms. Memory: 310272K Free: 253440K (82%)
----------------- Invoking toplevel() on ptolemy.moml.MoMLSimpleApplication@47419d0
----------------- Done invoking toplevel() on ptolemy.moml.MoMLSimpleApplication@47419d0
reloadAllAccessors: .BusActors

===========================================================================================
----------------- testing Mon Dec 16 06:25:44 UTC 2019 /home/travis/build/icyphy/ptII/ptolemy/actor/lib/test/auto/ClassWrapper.xml
----------------- Instantiating /home/travis/build/icyphy/ptII/ptolemy/actor/lib/test/auto/ClassWrapper.xml
3 ms. Memory: 310272K Free: 249344K (80%)
----------------- Invoking toplevel() on ptolemy.moml.MoMLSimpleApplication@37ecc7ca
----------------- Done invoking toplevel() on ptolemy.moml.MoMLSimpleApplication@37ecc7ca
reloadAllAccessors: .ClassWrapper

===========================================================================================
----------------- testing Mon Dec 16 06:25:44 UTC 2019 /home/travis/build/icyphy/ptII/ptolemy/actor/lib/test/auto/Clock.xml
----------------- Instantiating /home/travis/build/icyphy/ptII/ptolemy/actor/lib/test/auto/Clock.xml
3 ms. Memory: 310272K Free: 245248K (79%)
----------------- Invoking toplevel() on ptolemy.moml.MoMLSimpleApplication@130fa4fd
----------------- Done invoking toplevel() on ptolemy.moml.MoMLSimpleApplication@130fa4fd
reloadAllAccessors: .Clock

===========================================================================================
----------------- testing Mon Dec 16 06:25:44 UTC 2019 /home/travis/build/icyphy/ptII/ptolemy/actor/lib/test/auto/Clock10.xml
----------------- Instantiating /home/travis/build/icyphy/ptII/ptolemy/actor/lib/test/auto/Clock10.xml
5 ms. Memory: 310272K Free: 239614K (77%)
----------------- Invoking toplevel() on ptolemy.moml.MoMLSimpleApplication@268f8499
----------------- Done invoking toplevel() on ptolemy.moml.MoMLSimpleApplication@268f8499
reloadAllAccessors: .Clock10

===========================================================================================
----------------- testing Mon Dec 16 06:25:44 UTC 2019 /home/travis/build/icyphy/ptII/ptolemy/actor/lib/test/auto/Clock11.xml
----------------- Instantiating /home/travis/build/icyphy/ptII/ptolemy/actor/lib/test/auto/Clock11.xml
4 ms. Memory: 310272K Free: 233470K (75%)
----------------- Invoking toplevel() on ptolemy.moml.MoMLSimpleApplication@34565297
----------------- Done invoking toplevel() on ptolemy.moml.MoMLSimpleApplication@34565297
reloadAllAccessors: .Clock11

===========================================================================================
----------------- testing Mon Dec 16 06:25:44 UTC 2019 /home/travis/build/icyphy/ptII/ptolemy/actor/lib/test/auto/Clock12.xml
----------------- Instantiating /home/travis/build/icyphy/ptII/ptolemy/actor/lib/test/auto/Clock12.xml
5 ms. Memory: 310272K Free: 227840K (73%)
----------------- Invoking toplevel() on ptolemy.moml.MoMLSimpleApplication@2c95e9ba
----------------- Done invoking toplevel() on ptolemy.moml.MoMLSimpleApplication@2c95e9ba
reloadAllAccessors: .Clock12

===========================================================================================
----------------- testing Mon Dec 16 06:25:44 UTC 2019 /home/travis/build/icyphy/ptII/ptolemy/actor/lib/test/auto/Clock13.xml
----------------- Instantiating /home/travis/build/icyphy/ptII/ptolemy/actor/lib/test/auto/Clock13.xml
3 ms. Memory: 310272K Free: 221696K (71%)
----------------- Invoking toplevel() on ptolemy.moml.MoMLSimpleApplication@754e2843
----------------- Done invoking toplevel() on ptolemy.moml.MoMLSimpleApplication@754e2843
reloadAllAccessors: .Clock13

===========================================================================================
----------------- testing Mon Dec 16 06:25:44 UTC 2019 /home/travis/build/icyphy/ptII/ptolemy/actor/lib/test/auto/Clock14.xml
----------------- Instantiating /home/travis/build/icyphy/ptII/ptolemy/actor/lib/test/auto/Clock14.xml
6 ms. Memory: 310272K Free: 216047K (70%)
----------------- Invoking toplevel() on ptolemy.moml.MoMLSimpleApplication@800a210
----------------- Done invoking toplevel() on ptolemy.moml.MoMLSimpleApplication@800a210
reloadAllAccessors: .Clock14

===========================================================================================
----------------- testing Mon Dec 16 06:25:44 UTC 2019 /home/travis/build/icyphy/ptII/ptolemy/actor/lib/test/auto/Clock15.xml
----------------- Instantiating /home/travis/build/icyphy/ptII/ptolemy/actor/lib/test/auto/Clock15.xml
4 ms. Memory: 310272K Free: 209887K (68%)
----------------- Invoking toplevel() on ptolemy.moml.MoMLSimpleApplication@21d490ea
----------------- Done invoking toplevel() on ptolemy.moml.MoMLSimpleApplication@21d490ea
reloadAllAccessors: .Clock15

===========================================================================================
----------------- testing Mon Dec 16 06:25:44 UTC 2019 /home/travis/build/icyphy/ptII/ptolemy/actor/lib/test/auto/Clock16.xml
----------------- Instantiating /home/travis/build/icyphy/ptII/ptolemy/actor/lib/test/auto/Clock16.xml
46 ms. Memory: 310272K Free: 195055K (63%)
----------------- Invoking toplevel() on ptolemy.moml.MoMLSimpleApplication@6c72c407
----------------- Done invoking toplevel() on ptolemy.moml.MoMLSimpleApplication@6c72c407
reloadAllAccessors: .Clock16

===========================================================================================
----------------- testing Mon Dec 16 06:25:45 UTC 2019 /home/travis/build/icyphy/ptII/ptolemy/actor/lib/test/auto/Clock17.xml
----------------- Instantiating /home/travis/build/icyphy/ptII/ptolemy/actor/lib/test/auto/Clock17.xml
24 ms. Memory: 310272K Free: 181231K (58%)
----------------- Invoking toplevel() on ptolemy.moml.MoMLSimpleApplication@3f8f0c96
----------------- Done invoking toplevel() on ptolemy.moml.MoMLSimpleApplication@3f8f0c96
reloadAllAccessors: .Clock17

===========================================================================================
----------------- testing Mon Dec 16 06:25:45 UTC 2019 /home/travis/build/icyphy/ptII/ptolemy/actor/lib/test/auto/Clock18.xml
----------------- Instantiating /home/travis/build/icyphy/ptII/ptolemy/actor/lib/test/auto/Clock18.xml
25 ms. Memory: 310272K Free: 167919K (54%)
----------------- Invoking toplevel() on ptolemy.moml.MoMLSimpleApplication@198e9c0e
----------------- Done invoking toplevel() on ptolemy.moml.MoMLSimpleApplication@198e9c0e
reloadAllAccessors: .Clock18

===========================================================================================
----------------- testing Mon Dec 16 06:25:45 UTC 2019 /home/travis/build/icyphy/ptII/ptolemy/actor/lib/test/auto/Clock19.xml
----------------- Instantiating /home/travis/build/icyphy/ptII/ptolemy/actor/lib/test/auto/Clock19.xml
14 ms. Memory: 310272K Free: 155136K (50%)
----------------- Invoking toplevel() on ptolemy.moml.MoMLSimpleApplication@6aa72685
----------------- Done invoking toplevel() on ptolemy.moml.MoMLSimpleApplication@6aa72685
reloadAllAccessors: .Clock19

===========================================================================================
----------------- testing Mon Dec 16 06:25:45 UTC 2019 /home/travis/build/icyphy/ptII/ptolemy/actor/lib/test/auto/Clock2.xml
----------------- Instantiating /home/travis/build/icyphy/ptII/ptolemy/actor/lib/test/auto/Clock2.xml
7 ms. Memory: 310272K Free: 150526K (49%)
----------------- Invoking toplevel() on ptolemy.moml.MoMLSimpleApplication@13567cb9
----------------- Done invoking toplevel() on ptolemy.moml.MoMLSimpleApplication@13567cb9
reloadAllAccessors: .Clock2

===========================================================================================
----------------- testing Mon Dec 16 06:25:45 UTC 2019 /home/travis/build/icyphy/ptII/ptolemy/actor/lib/test/auto/Clock20.xml
----------------- Instantiating /home/travis/build/icyphy/ptII/ptolemy/actor/lib/test/auto/Clock20.xml
9 ms. Memory: 310272K Free: 144896K (47%)
----------------- Invoking toplevel() on ptolemy.moml.MoMLSimpleApplication@66cb3ae8
----------------- Done invoking toplevel() on ptolemy.moml.MoMLSimpleApplication@66cb3ae8
reloadAllAccessors: .Clock20

===========================================================================================
----------------- testing Mon Dec 16 06:25:45 UTC 2019 /home/travis/build/icyphy/ptII/ptolemy/actor/lib/test/auto/Clock21.xml
----------------- Instantiating /home/travis/build/icyphy/ptII/ptolemy/actor/lib/test/auto/Clock21.xml
4 ms. Memory: 310272K Free: 139776K (45%)
----------------- Invoking toplevel() on ptolemy.moml.MoMLSimpleApplication@44568092
----------------- Done invoking toplevel() on ptolemy.moml.MoMLSimpleApplication@44568092
reloadAllAccessors: .Clock21

===========================================================================================
----------------- testing Mon Dec 16 06:25:45 UTC 2019 /home/travis/build/icyphy/ptII/ptolemy/actor/lib/test/auto/Clock22.xml
----------------- Instantiating /home/travis/build/icyphy/ptII/ptolemy/actor/lib/test/auto/Clock22.xml
5 ms. Memory: 310272K Free: 134142K (43%)
----------------- Invoking toplevel() on ptolemy.moml.MoMLSimpleApplication@5e9a9513
----------------- Done invoking toplevel() on ptolemy.moml.MoMLSimpleApplication@5e9a9513
reloadAllAccessors: .Clock22

===========================================================================================
----------------- testing Mon Dec 16 06:25:45 UTC 2019 /home/travis/build/icyphy/ptII/ptolemy/actor/lib/test/auto/Clock23.xml
----------------- Instantiating /home/travis/build/icyphy/ptII/ptolemy/actor/lib/test/auto/Clock23.xml
5 ms. Memory: 310272K Free: 129022K (42%)
----------------- Invoking toplevel() on ptolemy.moml.MoMLSimpleApplication@746f1a89
----------------- Done invoking toplevel() on ptolemy.moml.MoMLSimpleApplication@746f1a89
reloadAllAccessors: .Clock23

===========================================================================================
----------------- testing Mon Dec 16 06:25:45 UTC 2019 /home/travis/build/icyphy/ptII/ptolemy/actor/lib/test/auto/Clock24.xml
----------------- Instantiating /home/travis/build/icyphy/ptII/ptolemy/actor/lib/test/auto/Clock24.xml
4 ms. Memory: 310272K Free: 123392K (40%)
----------------- Invoking toplevel() on ptolemy.moml.MoMLSimpleApplication@3e323825
----------------- Done invoking toplevel() on ptolemy.moml.MoMLSimpleApplication@3e323825
reloadAllAccessors: .Clock24

===========================================================================================
----------------- testing Mon Dec 16 06:25:45 UTC 2019 /home/travis/build/icyphy/ptII/ptolemy/actor/lib/test/auto/Clock4.xml
----------------- Instantiating /home/travis/build/icyphy/ptII/ptolemy/actor/lib/test/auto/Clock4.xml
1 ms. Memory: 310272K Free: 118775K (38%)
----------------- Invoking toplevel() on ptolemy.moml.MoMLSimpleApplication@1f84c6b4
----------------- Done invoking toplevel() on ptolemy.moml.MoMLSimpleApplication@1f84c6b4
reloadAllAccessors: .Clock4

===========================================================================================
----------------- testing Mon Dec 16 06:25:45 UTC 2019 /home/travis/build/icyphy/ptII/ptolemy/actor/lib/test/auto/Clock5.xml
----------------- Instantiating /home/travis/build/icyphy/ptII/ptolemy/actor/lib/test/auto/Clock5.xml
2 ms. Memory: 310272K Free: 113152K (36%)
----------------- Invoking toplevel() on ptolemy.moml.MoMLSimpleApplication@2a4754fc
----------------- Done invoking toplevel() on ptolemy.moml.MoMLSimpleApplication@2a4754fc
reloadAllAccessors: .Clock5

===========================================================================================
----------------- testing Mon Dec 16 06:25:45 UTC 2019 /home/travis/build/icyphy/ptII/ptolemy/actor/lib/test/auto/Clock6.xml
----------------- Instantiating /home/travis/build/icyphy/ptII/ptolemy/actor/lib/test/auto/Clock6.xml
2 ms. Memory: 310272K Free: 108542K (35%)
----------------- Invoking toplevel() on ptolemy.moml.MoMLSimpleApplication@56006999
----------------- Done invoking toplevel() on ptolemy.moml.MoMLSimpleApplication@56006999
reloadAllAccessors: .Clock6

===========================================================================================
----------------- testing Mon Dec 16 06:25:45 UTC 2019 /home/travis/build/icyphy/ptII/ptolemy/actor/lib/test/auto/Clock7.xml
----------------- Instantiating /home/travis/build/icyphy/ptII/ptolemy/actor/lib/test/auto/Clock7.xml
1 ms. Memory: 310272K Free: 104446K (34%)
----------------- Invoking toplevel() on ptolemy.moml.MoMLSimpleApplication@65dad961
----------------- Done invoking toplevel() on ptolemy.moml.MoMLSimpleApplication@65dad961
reloadAllAccessors: .Clock7

===========================================================================================
----------------- testing Mon Dec 16 06:25:45 UTC 2019 /home/travis/build/icyphy/ptII/ptolemy/actor/lib/test/auto/Clock8.xml
----------------- Instantiating /home/travis/build/icyphy/ptII/ptolemy/actor/lib/test/auto/Clock8.xml
5 ms. Memory: 310272K Free: 98816K (32%)
----------------- Invoking toplevel() on ptolemy.moml.MoMLSimpleApplication@250f1c43
----------------- Done invoking toplevel() on ptolemy.moml.MoMLSimpleApplication@250f1c43
reloadAllAccessors: .Clock8

===========================================================================================
----------------- testing Mon Dec 16 06:25:45 UTC 2019 /home/travis/build/icyphy/ptII/ptolemy/actor/lib/test/auto/Clock9.xml
----------------- Instantiating /home/travis/build/icyphy/ptII/ptolemy/actor/lib/test/auto/Clock9.xml
5 ms. Memory: 310272K Free: 93696K (30%)
----------------- Invoking toplevel() on ptolemy.moml.MoMLSimpleApplication@57d89b95
----------------- Done invoking toplevel() on ptolemy.moml.MoMLSimpleApplication@57d89b95
reloadAllAccessors: .Clock9

===========================================================================================
----------------- testing Mon Dec 16 06:25:45 UTC 2019 /home/travis/build/icyphy/ptII/ptolemy/actor/lib/test/auto/CommDistDiscard.xml
----------------- Instantiating /home/travis/build/icyphy/ptII/ptolemy/actor/lib/test/auto/CommDistDiscard.xml
4 ms. Memory: 310272K Free: 88062K (28%)
----------------- Invoking toplevel() on ptolemy.moml.MoMLSimpleApplication@4f51b6ab
----------------- Done invoking toplevel() on ptolemy.moml.MoMLSimpleApplication@4f51b6ab
reloadAllAccessors: .CommDistDiscard

===========================================================================================
----------------- testing Mon Dec 16 06:25:45 UTC 2019 /home/travis/build/icyphy/ptII/ptolemy/actor/lib/test/auto/Commutator.xml
----------------- Instantiating /home/travis/build/icyphy/ptII/ptolemy/actor/lib/test/auto/Commutator.xml
2 ms. Memory: 310272K Free: 83456K (27%)
----------------- Invoking toplevel() on ptolemy.moml.MoMLSimpleApplication@c607f9b
----------------- Done invoking toplevel() on ptolemy.moml.MoMLSimpleApplication@c607f9b
reloadAllAccessors: .Commutator

===========================================================================================
----------------- testing Mon Dec 16 06:25:45 UTC 2019 /home/travis/build/icyphy/ptII/ptolemy/actor/lib/test/auto/Commutator2.xml
----------------- Instantiating /home/travis/build/icyphy/ptII/ptolemy/actor/lib/test/auto/Commutator2.xml
2 ms. Memory: 532480K Free: 484365K (91%)
----------------- Invoking toplevel() on ptolemy.moml.MoMLSimpleApplication@490a57e2
----------------- Done invoking toplevel() on ptolemy.moml.MoMLSimpleApplication@490a57e2
reloadAllAccessors: .Commutator2

===========================================================================================
----------------- testing Mon Dec 16 06:25:45 UTC 2019 /home/travis/build/icyphy/ptII/ptolemy/actor/lib/test/auto/Commutator3.xml
----------------- Instantiating /home/travis/build/icyphy/ptII/ptolemy/actor/lib/test/auto/Commutator3.xml
2 ms. Memory: 532480K Free: 479742K (90%)
----------------- Invoking toplevel() on ptolemy.moml.MoMLSimpleApplication@7c49de9e
----------------- Done invoking toplevel() on ptolemy.moml.MoMLSimpleApplication@7c49de9e
reloadAllAccessors: .Commutator3

===========================================================================================
----------------- testing Mon Dec 16 06:25:45 UTC 2019 /home/travis/build/icyphy/ptII/ptolemy/actor/lib/test/auto/Compare.xml
----------------- Instantiating /home/travis/build/icyphy/ptII/ptolemy/actor/lib/test/auto/Compare.xml
2 ms. Memory: 532480K Free: 473088K (89%)
----------------- Invoking toplevel() on ptolemy.moml.MoMLSimpleApplication@183a23c5
----------------- Done invoking toplevel() on ptolemy.moml.MoMLSimpleApplication@183a23c5
reloadAllAccessors: .Compare

===========================================================================================
----------------- testing Mon Dec 16 06:25:45 UTC 2019 /home/travis/build/icyphy/ptII/ptolemy/actor/lib/test/auto/CompareDE.xml
----------------- Instantiating /home/travis/build/icyphy/ptII/ptolemy/actor/lib/test/auto/CompareDE.xml
5 ms. Memory: 532480K Free: 465920K (88%)
----------------- Invoking toplevel() on ptolemy.moml.MoMLSimpleApplication@4825c1d2
----------------- Done invoking toplevel() on ptolemy.moml.MoMLSimpleApplication@4825c1d2
reloadAllAccessors: .CompareDE

===========================================================================================
----------------- testing Mon Dec 16 06:25:45 UTC 2019 /home/travis/build/icyphy/ptII/ptolemy/actor/lib/test/auto/ComplexDivide.xml
----------------- Instantiating /home/travis/build/icyphy/ptII/ptolemy/actor/lib/test/auto/ComplexDivide.xml
1 ms. Memory: 532480K Free: 462334K (87%)
----------------- Invoking toplevel() on ptolemy.moml.MoMLSimpleApplication@406f95a3
----------------- Done invoking toplevel() on ptolemy.moml.MoMLSimpleApplication@406f95a3
reloadAllAccessors: .ComplexDivide

===========================================================================================
----------------- testing Mon Dec 16 06:25:45 UTC 2019 /home/travis/build/icyphy/ptII/ptolemy/actor/lib/test/auto/ComputeHistogram.xml
----------------- Instantiating /home/travis/build/icyphy/ptII/ptolemy/actor/lib/test/auto/ComputeHistogram.xml
34 ms. Memory: 532480K Free: 449536K (84%)
----------------- Invoking toplevel() on ptolemy.moml.MoMLSimpleApplication@1e9a0258
----------------- Done invoking toplevel() on ptolemy.moml.MoMLSimpleApplication@1e9a0258
reloadAllAccessors: .ComputeHistogram

===========================================================================================
----------------- testing Mon Dec 16 06:25:45 UTC 2019 /home/travis/build/icyphy/ptII/ptolemy/actor/lib/test/auto/ConfigurationSelect.xml
----------------- Instantiating /home/travis/build/icyphy/ptII/ptolemy/actor/lib/test/auto/ConfigurationSelect.xml
9 ms. Memory: 532480K Free: 443887K (83%)
----------------- Invoking toplevel() on ptolemy.moml.MoMLSimpleApplication@151e6bd3
----------------- Done invoking toplevel() on ptolemy.moml.MoMLSimpleApplication@151e6bd3
reloadAllAccessors: .ConfigurationSelect

===========================================================================================
----------------- testing Mon Dec 16 06:25:45 UTC 2019 /home/travis/build/icyphy/ptII/ptolemy/actor/lib/test/auto/ConfigurationSelect2.xml
----------------- Instantiating /home/travis/build/icyphy/ptII/ptolemy/actor/lib/test/auto/ConfigurationSelect2.xml
2 ms. Memory: 532480K Free: 439806K (83%)
----------------- Invoking toplevel() on ptolemy.moml.MoMLSimpleApplication@4fbf036c
----------------- Done invoking toplevel() on ptolemy.moml.MoMLSimpleApplication@4fbf036c
reloadAllAccessors: .ConfigurationSelect2

===========================================================================================
----------------- testing Mon Dec 16 06:25:45 UTC 2019 /home/travis/build/icyphy/ptII/ptolemy/actor/lib/test/auto/ConfigurationSwitch.xml
----------------- Instantiating /home/travis/build/icyphy/ptII/ptolemy/actor/lib/test/auto/ConfigurationSwitch.xml
3 ms. Memory: 532480K Free: 434176K (82%)
----------------- Invoking toplevel() on ptolemy.moml.MoMLSimpleApplication@593785e9
----------------- Done invoking toplevel() on ptolemy.moml.MoMLSimpleApplication@593785e9
reloadAllAccessors: .ConfigurationSwitch

===========================================================================================
----------------- testing Mon Dec 16 06:25:45 UTC 2019 /home/travis/build/icyphy/ptII/ptolemy/actor/lib/test/auto/ConfigurationSwitch2.xml
----------------- Instantiating /home/travis/build/icyphy/ptII/ptolemy/actor/lib/test/auto/ConfigurationSwitch2.xml
3 ms. Memory: 532480K Free: 428542K (80%)
----------------- Invoking toplevel() on ptolemy.moml.MoMLSimpleApplication@3bf5ac2f
----------------- Done invoking toplevel() on ptolemy.moml.MoMLSimpleApplication@3bf5ac2f
reloadAllAccessors: .ConfigurationSwitch2

===========================================================================================
----------------- testing Mon Dec 16 06:25:45 UTC 2019 /home/travis/build/icyphy/ptII/ptolemy/actor/lib/test/auto/ConfigurationSwitchCloningBugWithClassRelationGroup.xml
----------------- Instantiating /home/travis/build/icyphy/ptII/ptolemy/actor/lib/test/auto/ConfigurationSwitchCloningBugWithClassRelationGroup.xml
2 ms. Memory: 532480K Free: 422398K (79%)
----------------- Invoking toplevel() on ptolemy.moml.MoMLSimpleApplication@46dbebf0
----------------- Done invoking toplevel() on ptolemy.moml.MoMLSimpleApplication@46dbebf0
reloadAllAccessors: .ConfigurationSwitchCloningBugWithClassRelationGroup

===========================================================================================
----------------- testing Mon Dec 16 06:25:45 UTC 2019 /home/travis/build/icyphy/ptII/ptolemy/actor/lib/test/auto/ConfigurationSwitchSelectSDF.xml
----------------- Instantiating /home/travis/build/icyphy/ptII/ptolemy/actor/lib/test/auto/ConfigurationSwitchSelectSDF.xml
4 ms. Memory: 532480K Free: 416254K (78%)
----------------- Invoking toplevel() on ptolemy.moml.MoMLSimpleApplication@38b1e351
----------------- Done invoking toplevel() on ptolemy.moml.MoMLSimpleApplication@38b1e351
reloadAllAccessors: .ConfigurationSwitchSelectSDF

===========================================================================================
----------------- testing Mon Dec 16 06:25:45 UTC 2019 /home/travis/build/icyphy/ptII/ptolemy/actor/lib/test/auto/ConfigurationSwitchSelectSDF2.xml
----------------- Instantiating /home/travis/build/icyphy/ptII/ptolemy/actor/lib/test/auto/ConfigurationSwitchSelectSDF2.xml
4 ms. Memory: 532480K Free: 410624K (77%)
----------------- Invoking toplevel() on ptolemy.moml.MoMLSimpleApplication@19c41a8c
----------------- Done invoking toplevel() on ptolemy.moml.MoMLSimpleApplication@19c41a8c
reloadAllAccessors: .ConfigurationSwitchSelectSDF2

===========================================================================================
----------------- testing Mon Dec 16 06:25:45 UTC 2019 /home/travis/build/icyphy/ptII/ptolemy/actor/lib/test/auto/Const.xml
----------------- Instantiating /home/travis/build/icyphy/ptII/ptolemy/actor/lib/test/auto/Const.xml
1 ms. Memory: 532480K Free: 407038K (76%)
----------------- Invoking toplevel() on ptolemy.moml.MoMLSimpleApplication@7fd361c8
----------------- Done invoking toplevel() on ptolemy.moml.MoMLSimpleApplication@7fd361c8
reloadAllAccessors: .Const

===========================================================================================
----------------- testing Mon Dec 16 06:25:45 UTC 2019 /home/travis/build/icyphy/ptII/ptolemy/actor/lib/test/auto/Const2.xml
----------------- Instantiating /home/travis/build/icyphy/ptII/ptolemy/actor/lib/test/auto/Const2.xml
2 ms. Memory: 532480K Free: 402942K (76%)
----------------- Invoking toplevel() on ptolemy.moml.MoMLSimpleApplication@4efa3b53
----------------- Done invoking toplevel() on ptolemy.moml.MoMLSimpleApplication@4efa3b53
reloadAllAccessors: .Const2

===========================================================================================
----------------- testing Mon Dec 16 06:25:46 UTC 2019 /home/travis/build/icyphy/ptII/ptolemy/actor/lib/test/auto/Const3.xml
----------------- Instantiating /home/travis/build/icyphy/ptII/ptolemy/actor/lib/test/auto/Const3.xml
1 ms. Memory: 532480K Free: 400384K (75%)
----------------- Invoking toplevel() on ptolemy.moml.MoMLSimpleApplication@2954d200
----------------- Done invoking toplevel() on ptolemy.moml.MoMLSimpleApplication@2954d200
reloadAllAccessors: .Const3

===========================================================================================
----------------- testing Mon Dec 16 06:25:46 UTC 2019 /home/travis/build/icyphy/ptII/ptolemy/actor/lib/test/auto/ConstantPublisherPort1.xml
----------------- Instantiating /home/travis/build/icyphy/ptII/ptolemy/actor/lib/test/auto/ConstantPublisherPort1.xml
10 ms. Memory: 532480K Free: 391678K (74%)
----------------- Invoking toplevel() on ptolemy.moml.MoMLSimpleApplication@462303c1
----------------- Done invoking toplevel() on ptolemy.moml.MoMLSimpleApplication@462303c1
reloadAllAccessors: .ConstantPublisherPort1

===========================================================================================
----------------- testing Mon Dec 16 06:25:46 UTC 2019 /home/travis/build/icyphy/ptII/ptolemy/actor/lib/test/auto/ConstantPublisherPort2.xml
----------------- Instantiating /home/travis/build/icyphy/ptII/ptolemy/actor/lib/test/auto/ConstantPublisherPort2.xml
15 ms. Memory: 532480K Free: 384000K (72%)
----------------- Invoking toplevel() on ptolemy.moml.MoMLSimpleApplication@7348a8f5
----------------- Done invoking toplevel() on ptolemy.moml.MoMLSimpleApplication@7348a8f5
reloadAllAccessors: .ConstantPublisherPort2

===========================================================================================
----------------- testing Mon Dec 16 06:25:46 UTC 2019 /home/travis/build/icyphy/ptII/ptolemy/actor/lib/test/auto/ConstantPublisherPort3.xml
----------------- Instantiating /home/travis/build/icyphy/ptII/ptolemy/actor/lib/test/auto/ConstantPublisherPort3.xml
6 ms. Memory: 532480K Free: 376832K (71%)
----------------- Invoking toplevel() on ptolemy.moml.MoMLSimpleApplication@1f5e7a9a
----------------- Done invoking toplevel() on ptolemy.moml.MoMLSimpleApplication@1f5e7a9a
reloadAllAccessors: .ConstantPublisherPort3

===========================================================================================
----------------- testing Mon Dec 16 06:25:46 UTC 2019 /home/travis/build/icyphy/ptII/ptolemy/actor/lib/test/auto/ConstantPublisherPort4.xml
----------------- Instantiating /home/travis/build/icyphy/ptII/ptolemy/actor/lib/test/auto/ConstantPublisherPort4.xml
3 ms. Memory: 532480K Free: 369664K (69%)
----------------- Invoking toplevel() on ptolemy.moml.MoMLSimpleApplication@3a6a38cf
----------------- Done invoking toplevel() on ptolemy.moml.MoMLSimpleApplication@3a6a38cf
reloadAllAccessors: .ConstantPublisherPort4

===========================================================================================
----------------- testing Mon Dec 16 06:25:46 UTC 2019 /home/travis/build/icyphy/ptII/ptolemy/actor/lib/test/auto/ConstantPublisherPort5.xml
----------------- Instantiating /home/travis/build/icyphy/ptII/ptolemy/actor/lib/test/auto/ConstantPublisherPort5.xml
29 ms. Memory: 532480K Free: 359934K (68%)
----------------- Invoking toplevel() on ptolemy.moml.MoMLSimpleApplication@14577098
----------------- Done invoking toplevel() on ptolemy.moml.MoMLSimpleApplication@14577098
reloadAllAccessors: .ConstantPublisherPort5

===========================================================================================
----------------- testing Mon Dec 16 06:25:46 UTC 2019 /home/travis/build/icyphy/ptII/ptolemy/actor/lib/test/auto/ConstantPublisherPort6.xml
----------------- Instantiating /home/travis/build/icyphy/ptII/ptolemy/actor/lib/test/auto/ConstantPublisherPort6.xml
25 ms. Memory: 532480K Free: 351232K (66%)
----------------- Invoking toplevel() on ptolemy.moml.MoMLSimpleApplication@23b3c14b
----------------- Done invoking toplevel() on ptolemy.moml.MoMLSimpleApplication@23b3c14b
reloadAllAccessors: .ConstantPublisherPort6

===========================================================================================
----------------- testing Mon Dec 16 06:25:46 UTC 2019 /home/travis/build/icyphy/ptII/ptolemy/actor/lib/test/auto/ConstantPublisherPort7.xml
----------------- Instantiating /home/travis/build/icyphy/ptII/ptolemy/actor/lib/test/auto/ConstantPublisherPort7.xml
14 ms. Memory: 532480K Free: 342016K (64%)
----------------- Invoking toplevel() on ptolemy.moml.MoMLSimpleApplication@5d131d4d
----------------- Done invoking toplevel() on ptolemy.moml.MoMLSimpleApplication@5d131d4d
reloadAllAccessors: .ConstantPublisherPort7

===========================================================================================
----------------- testing Mon Dec 16 06:25:46 UTC 2019 /home/travis/build/icyphy/ptII/ptolemy/actor/lib/test/auto/ConstraintMonitor1.xml
----------------- Instantiating /home/travis/build/icyphy/ptII/ptolemy/actor/lib/test/auto/ConstraintMonitor1.xml
6 ms. Memory: 532480K Free: 336894K (63%)
----------------- Invoking toplevel() on ptolemy.moml.MoMLSimpleApplication@7802e85b
----------------- Done invoking toplevel() on ptolemy.moml.MoMLSimpleApplication@7802e85b
reloadAllAccessors: .ConstraintMonitor1

===========================================================================================
----------------- testing Mon Dec 16 06:25:46 UTC 2019 /home/travis/build/icyphy/ptII/ptolemy/actor/lib/test/auto/ConstraintMonitor2.xml
----------------- Instantiating /home/travis/build/icyphy/ptII/ptolemy/actor/lib/test/auto/ConstraintMonitor2.xml
3 ms. Memory: 532480K Free: 332286K (62%)
----------------- Invoking toplevel() on ptolemy.moml.MoMLSimpleApplication@63de774b
----------------- Done invoking toplevel() on ptolemy.moml.MoMLSimpleApplication@63de774b
reloadAllAccessors: .ConstraintMonitor2

===========================================================================================
----------------- testing Mon Dec 16 06:25:46 UTC 2019 /home/travis/build/icyphy/ptII/ptolemy/actor/lib/test/auto/ConstraintMonitor3.xml
----------------- Instantiating /home/travis/build/icyphy/ptII/ptolemy/actor/lib/test/auto/ConstraintMonitor3.xml
4 ms. Memory: 532480K Free: 327680K (62%)
----------------- Invoking toplevel() on ptolemy.moml.MoMLSimpleApplication@77d48051
----------------- Done invoking toplevel() on ptolemy.moml.MoMLSimpleApplication@77d48051
reloadAllAccessors: .ConstraintMonitor3

===========================================================================================
----------------- testing Mon Dec 16 06:25:46 UTC 2019 /home/travis/build/icyphy/ptII/ptolemy/actor/lib/test/auto/ConstraintMonitor4.xml
----------------- Instantiating /home/travis/build/icyphy/ptII/ptolemy/actor/lib/test/auto/ConstraintMonitor4.xml
5 ms. Memory: 532480K Free: 322560K (61%)
----------------- Invoking toplevel() on ptolemy.moml.MoMLSimpleApplication@7efef949
----------------- Done invoking toplevel() on ptolemy.moml.MoMLSimpleApplication@7efef949
reloadAllAccessors: .ConstraintMonitor4

===========================================================================================
----------------- testing Mon Dec 16 06:25:46 UTC 2019 /home/travis/build/icyphy/ptII/ptolemy/actor/lib/test/auto/ConstraintMonitor5.xml
----------------- Instantiating /home/travis/build/icyphy/ptII/ptolemy/actor/lib/test/auto/ConstraintMonitor5.xml
4 ms. Memory: 532480K Free: 317950K (60%)
----------------- Invoking toplevel() on ptolemy.moml.MoMLSimpleApplication@3c5f4df
----------------- Done invoking toplevel() on ptolemy.moml.MoMLSimpleApplication@3c5f4df
reloadAllAccessors: .ConstraintMonitor5

===========================================================================================
----------------- testing Mon Dec 16 06:25:46 UTC 2019 /home/travis/build/icyphy/ptII/ptolemy/actor/lib/test/auto/ConstraintMonitor6.xml
----------------- Instantiating /home/travis/build/icyphy/ptII/ptolemy/actor/lib/test/auto/ConstraintMonitor6.xml
6 ms. Memory: 532480K Free: 311799K (59%)
----------------- Invoking toplevel() on ptolemy.moml.MoMLSimpleApplication@43b39d14
----------------- Done invoking toplevel() on ptolemy.moml.MoMLSimpleApplication@43b39d14
reloadAllAccessors: .ConstraintMonitor6

===========================================================================================
----------------- testing Mon Dec 16 06:25:46 UTC 2019 /home/travis/build/icyphy/ptII/ptolemy/actor/lib/test/auto/ConstraintMonitor7.xml
----------------- Instantiating /home/travis/build/icyphy/ptII/ptolemy/actor/lib/test/auto/ConstraintMonitor7.xml
6 ms. Memory: 532480K Free: 305152K (57%)
----------------- Invoking toplevel() on ptolemy.moml.MoMLSimpleApplication@b0d355c
----------------- Done invoking toplevel() on ptolemy.moml.MoMLSimpleApplication@b0d355c
reloadAllAccessors: .ConstraintMonitor7

===========================================================================================
----------------- testing Mon Dec 16 06:25:46 UTC 2019 /home/travis/build/icyphy/ptII/ptolemy/actor/lib/test/auto/ConstraintMonitor8.xml
----------------- Instantiating /home/travis/build/icyphy/ptII/ptolemy/actor/lib/test/auto/ConstraintMonitor8.xml
4 ms. Memory: 532480K Free: 297984K (56%)
----------------- Invoking toplevel() on ptolemy.moml.MoMLSimpleApplication@7433189c
----------------- Done invoking toplevel() on ptolemy.moml.MoMLSimpleApplication@7433189c
reloadAllAccessors: .ConstraintMonitor8

===========================================================================================
----------------- testing Mon Dec 16 06:25:46 UTC 2019 /home/travis/build/icyphy/ptII/ptolemy/actor/lib/test/auto/Counter.xml
----------------- Instantiating /home/travis/build/icyphy/ptII/ptolemy/actor/lib/test/auto/Counter.xml
4 ms. Memory: 532480K Free: 292864K (55%)
----------------- Invoking toplevel() on ptolemy.moml.MoMLSimpleApplication@128f7c9f
----------------- Done invoking toplevel() on ptolemy.moml.MoMLSimpleApplication@128f7c9f
reloadAllAccessors: .Counter

===========================================================================================
----------------- testing Mon Dec 16 06:25:46 UTC 2019 /home/travis/build/icyphy/ptII/ptolemy/actor/lib/test/auto/CurrentTimeSDF.xml
----------------- Instantiating /home/travis/build/icyphy/ptII/ptolemy/actor/lib/test/auto/CurrentTimeSDF.xml
2 ms. Memory: 532480K Free: 288768K (54%)
----------------- Invoking toplevel() on ptolemy.moml.MoMLSimpleApplication@7f20737b
----------------- Done invoking toplevel() on ptolemy.moml.MoMLSimpleApplication@7f20737b
reloadAllAccessors: .CurrentTimeSDF

===========================================================================================
----------------- testing Mon Dec 16 06:25:46 UTC 2019 /home/travis/build/icyphy/ptII/ptolemy/actor/lib/test/auto/DB.xml
----------------- Instantiating /home/travis/build/icyphy/ptII/ptolemy/actor/lib/test/auto/DB.xml
2 ms. Memory: 532480K Free: 283648K (53%)
----------------- Invoking toplevel() on ptolemy.moml.MoMLSimpleApplication@64a98068
----------------- Done invoking toplevel() on ptolemy.moml.MoMLSimpleApplication@64a98068
reloadAllAccessors: .DB

===========================================================================================
----------------- testing Mon Dec 16 06:25:46 UTC 2019 /home/travis/build/icyphy/ptII/ptolemy/actor/lib/test/auto/DBDE.xml
----------------- Instantiating /home/travis/build/icyphy/ptII/ptolemy/actor/lib/test/auto/DBDE.xml
2 ms. Memory: 532480K Free: 277504K (52%)
----------------- Invoking toplevel() on ptolemy.moml.MoMLSimpleApplication@67c1fcba
----------------- Done invoking toplevel() on ptolemy.moml.MoMLSimpleApplication@67c1fcba
reloadAllAccessors: .DBDE

===========================================================================================
----------------- testing Mon Dec 16 06:25:46 UTC 2019 /home/travis/build/icyphy/ptII/ptolemy/actor/lib/test/auto/DateConstructor.xml
----------------- Instantiating /home/travis/build/icyphy/ptII/ptolemy/actor/lib/test/auto/DateConstructor.xml
30 ms. Memory: 532480K Free: 259582K (49%)
----------------- Invoking toplevel() on ptolemy.moml.MoMLSimpleApplication@60098d07
----------------- Done invoking toplevel() on ptolemy.moml.MoMLSimpleApplication@60098d07
reloadAllAccessors: .DateConstructor

===========================================================================================
----------------- testing Mon Dec 16 06:25:46 UTC 2019 /home/travis/build/icyphy/ptII/ptolemy/actor/lib/test/auto/DelayTime.xml
----------------- Instantiating /home/travis/build/icyphy/ptII/ptolemy/actor/lib/test/auto/DelayTime.xml
6 ms. Memory: 532480K Free: 254462K (48%)
----------------- Invoking toplevel() on ptolemy.moml.MoMLSimpleApplication@1cb2c912
----------------- Done invoking toplevel() on ptolemy.moml.MoMLSimpleApplication@1cb2c912
reloadAllAccessors: .DelayTime

===========================================================================================
----------------- testing Mon Dec 16 06:25:46 UTC 2019 /home/travis/build/icyphy/ptII/ptolemy/actor/lib/test/auto/Dictionary1.xml
----------------- Instantiating /home/travis/build/icyphy/ptII/ptolemy/actor/lib/test/auto/Dictionary1.xml
6 ms. Memory: 532480K Free: 249342K (47%)
----------------- Invoking toplevel() on ptolemy.moml.MoMLSimpleApplication@819b32d
----------------- Done invoking toplevel() on ptolemy.moml.MoMLSimpleApplication@819b32d
reloadAllAccessors: .Dictionary1

===========================================================================================
----------------- testing Mon Dec 16 06:25:46 UTC 2019 /home/travis/build/icyphy/ptII/ptolemy/actor/lib/test/auto/Dictionary2.xml
----------------- Instantiating /home/travis/build/icyphy/ptII/ptolemy/actor/lib/test/auto/Dictionary2.xml
2 ms. Memory: 532480K Free: 243712K (46%)
----------------- Invoking toplevel() on ptolemy.moml.MoMLSimpleApplication@29ffb955
----------------- Done invoking toplevel() on ptolemy.moml.MoMLSimpleApplication@29ffb955
reloadAllAccessors: .Dictionary2

===========================================================================================
----------------- testing Mon Dec 16 06:25:46 UTC 2019 /home/travis/build/icyphy/ptII/ptolemy/actor/lib/test/auto/Dictionary3.xml
----------------- Instantiating /home/travis/build/icyphy/ptII/ptolemy/actor/lib/test/auto/Dictionary3.xml
2 ms. Memory: 532480K Free: 238078K (45%)
----------------- Invoking toplevel() on ptolemy.moml.MoMLSimpleApplication@68a67440
----------------- Done invoking toplevel() on ptolemy.moml.MoMLSimpleApplication@68a67440
reloadAllAccessors: .Dictionary3

===========================================================================================
----------------- testing Mon Dec 16 06:25:46 UTC 2019 /home/travis/build/icyphy/ptII/ptolemy/actor/lib/test/auto/Dictionary4.xml
----------------- Instantiating /home/travis/build/icyphy/ptII/ptolemy/actor/lib/test/auto/Dictionary4.xml
6 ms. Memory: 532480K Free: 231424K (43%)
----------------- Invoking toplevel() on ptolemy.moml.MoMLSimpleApplication@1afef9db
----------------- Done invoking toplevel() on ptolemy.moml.MoMLSimpleApplication@1afef9db
reloadAllAccessors: .Dictionary4

===========================================================================================
----------------- testing Mon Dec 16 06:25:46 UTC 2019 /home/travis/build/icyphy/ptII/ptolemy/actor/lib/test/auto/Differential.xml
----------------- Instantiating /home/travis/build/icyphy/ptII/ptolemy/actor/lib/test/auto/Differential.xml
3 ms. Memory: 532480K Free: 226814K (43%)
----------------- Invoking toplevel() on ptolemy.moml.MoMLSimpleApplication@5fdb93
----------------- Done invoking toplevel() on ptolemy.moml.MoMLSimpleApplication@5fdb93
reloadAllAccessors: .Differential

===========================================================================================
----------------- testing Mon Dec 16 06:25:46 UTC 2019 /home/travis/build/icyphy/ptII/ptolemy/actor/lib/test/auto/Director.xml
----------------- Instantiating /home/travis/build/icyphy/ptII/ptolemy/actor/lib/test/auto/Director.xml
4 ms. Memory: 532480K Free: 223232K (42%)
----------------- Invoking toplevel() on ptolemy.moml.MoMLSimpleApplication@546b8173
----------------- Done invoking toplevel() on ptolemy.moml.MoMLSimpleApplication@546b8173
reloadAllAccessors: .Director

===========================================================================================
----------------- testing Mon Dec 16 06:25:46 UTC 2019 /home/travis/build/icyphy/ptII/ptolemy/actor/lib/test/auto/DiscreteClock.xml
----------------- Instantiating /home/travis/build/icyphy/ptII/ptolemy/actor/lib/test/auto/DiscreteClock.xml
1 ms. Memory: 532480K Free: 219136K (41%)
----------------- Invoking toplevel() on ptolemy.moml.MoMLSimpleApplication@72d468c5
----------------- Done invoking toplevel() on ptolemy.moml.MoMLSimpleApplication@72d468c5
reloadAllAccessors: .DiscreteClock

===========================================================================================
----------------- testing Mon Dec 16 06:25:46 UTC 2019 /home/travis/build/icyphy/ptII/ptolemy/actor/lib/test/auto/DiscreteClock10.xml
----------------- Instantiating /home/travis/build/icyphy/ptII/ptolemy/actor/lib/test/auto/DiscreteClock10.xml
2 ms. Memory: 532480K Free: 213502K (40%)
----------------- Invoking toplevel() on ptolemy.moml.MoMLSimpleApplication@574ece9
----------------- Done invoking toplevel() on ptolemy.moml.MoMLSimpleApplication@574ece9
reloadAllAccessors: .DiscreteClock10

===========================================================================================
----------------- testing Mon Dec 16 06:25:46 UTC 2019 /home/travis/build/icyphy/ptII/ptolemy/actor/lib/test/auto/DiscreteClock11.xml
----------------- Instantiating /home/travis/build/icyphy/ptII/ptolemy/actor/lib/test/auto/DiscreteClock11.xml
3 ms. Memory: 532480K Free: 207358K (39%)
----------------- Invoking toplevel() on ptolemy.moml.MoMLSimpleApplication@241f6aaf
----------------- Done invoking toplevel() on ptolemy.moml.MoMLSimpleApplication@241f6aaf
reloadAllAccessors: .DiscreteClock11

===========================================================================================
----------------- testing Mon Dec 16 06:25:46 UTC 2019 /home/travis/build/icyphy/ptII/ptolemy/actor/lib/test/auto/DiscreteClock12.xml
----------------- Instantiating /home/travis/build/icyphy/ptII/ptolemy/actor/lib/test/auto/DiscreteClock12.xml
3 ms. Memory: 532480K Free: 201214K (38%)
----------------- Invoking toplevel() on ptolemy.moml.MoMLSimpleApplication@65b8b246
----------------- Done invoking toplevel() on ptolemy.moml.MoMLSimpleApplication@65b8b246
reloadAllAccessors: .DiscreteClock12

===========================================================================================
----------------- testing Mon Dec 16 06:25:46 UTC 2019 /home/travis/build/icyphy/ptII/ptolemy/actor/lib/test/auto/DiscreteClock13.xml
----------------- Instantiating /home/travis/build/icyphy/ptII/ptolemy/actor/lib/test/auto/DiscreteClock13.xml
4 ms. Memory: 532480K Free: 195584K (37%)
----------------- Invoking toplevel() on ptolemy.moml.MoMLSimpleApplication@7177d522
----------------- Done invoking toplevel() on ptolemy.moml.MoMLSimpleApplication@7177d522
reloadAllAccessors: .DiscreteClock13

===========================================================================================
----------------- testing Mon Dec 16 06:25:47 UTC 2019 /home/travis/build/icyphy/ptII/ptolemy/actor/lib/test/auto/DiscreteClock14.xml
----------------- Instantiating /home/travis/build/icyphy/ptII/ptolemy/actor/lib/test/auto/DiscreteClock14.xml
5 ms. Memory: 532480K Free: 189440K (36%)
----------------- Invoking toplevel() on ptolemy.moml.MoMLSimpleApplication@3e657fc
----------------- Done invoking toplevel() on ptolemy.moml.MoMLSimpleApplication@3e657fc
reloadAllAccessors: .DiscreteClock14

===========================================================================================
----------------- testing Mon Dec 16 06:25:47 UTC 2019 /home/travis/build/icyphy/ptII/ptolemy/actor/lib/test/auto/DiscreteClock15.xml
----------------- Instantiating /home/travis/build/icyphy/ptII/ptolemy/actor/lib/test/auto/DiscreteClock15.xml
3 ms. Memory: 532480K Free: 183296K (34%)
----------------- Invoking toplevel() on ptolemy.moml.MoMLSimpleApplication@6104db3
----------------- Done invoking toplevel() on ptolemy.moml.MoMLSimpleApplication@6104db3
reloadAllAccessors: .DiscreteClock15

===========================================================================================
----------------- testing Mon Dec 16 06:25:47 UTC 2019 /home/travis/build/icyphy/ptII/ptolemy/actor/lib/test/auto/DiscreteClock16.xml
----------------- Instantiating /home/travis/build/icyphy/ptII/ptolemy/actor/lib/test/auto/DiscreteClock16.xml
19 ms. Memory: 532480K Free: 169455K (32%)
----------------- Invoking toplevel() on ptolemy.moml.MoMLSimpleApplication@3bf57f9e
----------------- Done invoking toplevel() on ptolemy.moml.MoMLSimpleApplication@3bf57f9e
reloadAllAccessors: .DiscreteClock16

===========================================================================================
----------------- testing Mon Dec 16 06:25:47 UTC 2019 /home/travis/build/icyphy/ptII/ptolemy/actor/lib/test/auto/DiscreteClock17.xml
----------------- Instantiating /home/travis/build/icyphy/ptII/ptolemy/actor/lib/test/auto/DiscreteClock17.xml
17 ms. Memory: 532480K Free: 473178K (89%)
----------------- Invoking toplevel() on ptolemy.moml.MoMLSimpleApplication@dae248f
----------------- Done invoking toplevel() on ptolemy.moml.MoMLSimpleApplication@dae248f
reloadAllAccessors: .DiscreteClock17

===========================================================================================
----------------- testing Mon Dec 16 06:25:47 UTC 2019 /home/travis/build/icyphy/ptII/ptolemy/actor/lib/test/auto/DiscreteClock18.xml
----------------- Instantiating /home/travis/build/icyphy/ptII/ptolemy/actor/lib/test/auto/DiscreteClock18.xml
21 ms. Memory: 532480K Free: 459338K (86%)
----------------- Invoking toplevel() on ptolemy.moml.MoMLSimpleApplication@30061f77
----------------- Done invoking toplevel() on ptolemy.moml.MoMLSimpleApplication@30061f77
reloadAllAccessors: .DiscreteClock18

===========================================================================================
----------------- testing Mon Dec 16 06:25:47 UTC 2019 /home/travis/build/icyphy/ptII/ptolemy/actor/lib/test/auto/DiscreteClock19.xml
----------------- Instantiating /home/travis/build/icyphy/ptII/ptolemy/actor/lib/test/auto/DiscreteClock19.xml
17 ms. Memory: 532480K Free: 445530K (84%)
----------------- Invoking toplevel() on ptolemy.moml.MoMLSimpleApplication@2f8bbe36
----------------- Done invoking toplevel() on ptolemy.moml.MoMLSimpleApplication@2f8bbe36
reloadAllAccessors: .DiscreteClock19

===========================================================================================
----------------- testing Mon Dec 16 06:25:47 UTC 2019 /home/travis/build/icyphy/ptII/ptolemy/actor/lib/test/auto/DiscreteClock2.xml
----------------- Instantiating /home/travis/build/icyphy/ptII/ptolemy/actor/lib/test/auto/DiscreteClock2.xml
3 ms. Memory: 532480K Free: 440410K (83%)
----------------- Invoking toplevel() on ptolemy.moml.MoMLSimpleApplication@60a6530c
----------------- Done invoking toplevel() on ptolemy.moml.MoMLSimpleApplication@60a6530c
reloadAllAccessors: .DiscreteClock2

===========================================================================================
----------------- testing Mon Dec 16 06:25:47 UTC 2019 /home/travis/build/icyphy/ptII/ptolemy/actor/lib/test/auto/DiscreteClock20.xml
----------------- Instantiating /home/travis/build/icyphy/ptII/ptolemy/actor/lib/test/auto/DiscreteClock20.xml
7 ms. Memory: 532480K Free: 434776K (82%)
----------------- Invoking toplevel() on ptolemy.moml.MoMLSimpleApplication@95e37ab
----------------- Done invoking toplevel() on ptolemy.moml.MoMLSimpleApplication@95e37ab
reloadAllAccessors: .DiscreteClock20

===========================================================================================
----------------- testing Mon Dec 16 06:25:47 UTC 2019 /home/travis/build/icyphy/ptII/ptolemy/actor/lib/test/auto/DiscreteClock21.xml
----------------- Instantiating /home/travis/build/icyphy/ptII/ptolemy/actor/lib/test/auto/DiscreteClock21.xml
5 ms. Memory: 532480K Free: 429656K (81%)
----------------- Invoking toplevel() on ptolemy.moml.MoMLSimpleApplication@1180cfbc
----------------- Done invoking toplevel() on ptolemy.moml.MoMLSimpleApplication@1180cfbc
reloadAllAccessors: .DiscreteClock21

===========================================================================================
----------------- testing Mon Dec 16 06:25:47 UTC 2019 /home/travis/build/icyphy/ptII/ptolemy/actor/lib/test/auto/DiscreteClock22.xml
----------------- Instantiating /home/travis/build/icyphy/ptII/ptolemy/actor/lib/test/auto/DiscreteClock22.xml
6 ms. Memory: 532480K Free: 424026K (80%)
----------------- Invoking toplevel() on ptolemy.moml.MoMLSimpleApplication@68fd4154
----------------- Done invoking toplevel() on ptolemy.moml.MoMLSimpleApplication@68fd4154
reloadAllAccessors: .DiscreteClock22

===========================================================================================
----------------- testing Mon Dec 16 06:25:47 UTC 2019 /home/travis/build/icyphy/ptII/ptolemy/actor/lib/test/auto/DiscreteClock23.xml
----------------- Instantiating /home/travis/build/icyphy/ptII/ptolemy/actor/lib/test/auto/DiscreteClock23.xml
9 ms. Memory: 532480K Free: 418392K (79%)
----------------- Invoking toplevel() on ptolemy.moml.MoMLSimpleApplication@5816ee09
----------------- Done invoking toplevel() on ptolemy.moml.MoMLSimpleApplication@5816ee09
reloadAllAccessors: .DiscreteClock23

===========================================================================================
----------------- testing Mon Dec 16 06:25:47 UTC 2019 /home/travis/build/icyphy/ptII/ptolemy/actor/lib/test/auto/DiscreteClock24.xml
----------------- Instantiating /home/travis/build/icyphy/ptII/ptolemy/actor/lib/test/auto/DiscreteClock24.xml
4 ms. Memory: 532480K Free: 412762K (78%)
----------------- Invoking toplevel() on ptolemy.moml.MoMLSimpleApplication@66fdcba6
----------------- Done invoking toplevel() on ptolemy.moml.MoMLSimpleApplication@66fdcba6
reloadAllAccessors: .DiscreteClock24

===========================================================================================
----------------- testing Mon Dec 16 06:25:47 UTC 2019 /home/travis/build/icyphy/ptII/ptolemy/actor/lib/test/auto/DiscreteClock4.xml
----------------- Instantiating /home/travis/build/icyphy/ptII/ptolemy/actor/lib/test/auto/DiscreteClock4.xml
5 ms. Memory: 532480K Free: 407642K (77%)
----------------- Invoking toplevel() on ptolemy.moml.MoMLSimpleApplication@69e84896
----------------- Done invoking toplevel() on ptolemy.moml.MoMLSimpleApplication@69e84896
reloadAllAccessors: .DiscreteClock4

===========================================================================================
----------------- testing Mon Dec 16 06:25:47 UTC 2019 /home/travis/build/icyphy/ptII/ptolemy/actor/lib/test/auto/DiscreteClock5.xml
----------------- Instantiating /home/travis/build/icyphy/ptII/ptolemy/actor/lib/test/auto/DiscreteClock5.xml
2 ms. Memory: 532480K Free: 402008K (75%)
----------------- Invoking toplevel() on ptolemy.moml.MoMLSimpleApplication@29f50d41
----------------- Done invoking toplevel() on ptolemy.moml.MoMLSimpleApplication@29f50d41
reloadAllAccessors: .DiscreteClock5

===========================================================================================
----------------- testing Mon Dec 16 06:25:47 UTC 2019 /home/travis/build/icyphy/ptII/ptolemy/actor/lib/test/auto/DiscreteClock6.xml
----------------- Instantiating /home/travis/build/icyphy/ptII/ptolemy/actor/lib/test/auto/DiscreteClock6.xml
2 ms. Memory: 532480K Free: 397898K (75%)
----------------- Invoking toplevel() on ptolemy.moml.MoMLSimpleApplication@14ef4489
----------------- Done invoking toplevel() on ptolemy.moml.MoMLSimpleApplication@14ef4489
reloadAllAccessors: .DiscreteClock6

===========================================================================================
----------------- testing Mon Dec 16 06:25:47 UTC 2019 /home/travis/build/icyphy/ptII/ptolemy/actor/lib/test/auto/DiscreteClock7.xml
----------------- Instantiating /home/travis/build/icyphy/ptII/ptolemy/actor/lib/test/auto/DiscreteClock7.xml
2 ms. Memory: 532480K Free: 392792K (74%)
----------------- Invoking toplevel() on ptolemy.moml.MoMLSimpleApplication@36a302bd
----------------- Done invoking toplevel() on ptolemy.moml.MoMLSimpleApplication@36a302bd
reloadAllAccessors: .DiscreteClock7

===========================================================================================
----------------- testing Mon Dec 16 06:25:47 UTC 2019 /home/travis/build/icyphy/ptII/ptolemy/actor/lib/test/auto/DiscreteClock8.xml
----------------- Instantiating /home/travis/build/icyphy/ptII/ptolemy/actor/lib/test/auto/DiscreteClock8.xml
5 ms. Memory: 532480K Free: 387642K (73%)
----------------- Invoking toplevel() on ptolemy.moml.MoMLSimpleApplication@5b295c4d
----------------- Done invoking toplevel() on ptolemy.moml.MoMLSimpleApplication@5b295c4d
reloadAllAccessors: .DiscreteClock8

===========================================================================================
----------------- testing Mon Dec 16 06:25:47 UTC 2019 /home/travis/build/icyphy/ptII/ptolemy/actor/lib/test/auto/DiscreteClock9.xml
----------------- Instantiating /home/travis/build/icyphy/ptII/ptolemy/actor/lib/test/auto/DiscreteClock9.xml
4 ms. Memory: 532480K Free: 381498K (72%)
----------------- Invoking toplevel() on ptolemy.moml.MoMLSimpleApplication@26d3f72a
----------------- Done invoking toplevel() on ptolemy.moml.MoMLSimpleApplication@26d3f72a
reloadAllAccessors: .DiscreteClock9

===========================================================================================
----------------- testing Mon Dec 16 06:25:47 UTC 2019 /home/travis/build/icyphy/ptII/ptolemy/actor/lib/test/auto/DisplayArray.xml
----------------- Instantiating /home/travis/build/icyphy/ptII/ptolemy/actor/lib/test/auto/DisplayArray.xml
3 ms. Memory: 532480K Free: 377946K (71%)
----------------- Invoking toplevel() on ptolemy.moml.MoMLSimpleApplication@6fd53395
----------------- Done invoking toplevel() on ptolemy.moml.MoMLSimpleApplication@6fd53395
reloadAllAccessors: .DisplayArray

===========================================================================================
----------------- testing Mon Dec 16 06:25:47 UTC 2019 /home/travis/build/icyphy/ptII/ptolemy/actor/lib/test/auto/Distributor.xml
----------------- Instantiating /home/travis/build/icyphy/ptII/ptolemy/actor/lib/test/auto/Distributor.xml
2 ms. Memory: 532480K Free: 372826K (70%)
----------------- Invoking toplevel() on ptolemy.moml.MoMLSimpleApplication@1f5eab13
----------------- Done invoking toplevel() on ptolemy.moml.MoMLSimpleApplication@1f5eab13
reloadAllAccessors: .Distributor

===========================================================================================
----------------- testing Mon Dec 16 06:25:47 UTC 2019 /home/travis/build/icyphy/ptII/ptolemy/actor/lib/test/auto/Distributor2.xml
----------------- Instantiating /home/travis/build/icyphy/ptII/ptolemy/actor/lib/test/auto/Distributor2.xml
2 ms. Memory: 532480K Free: 367706K (69%)
----------------- Invoking toplevel() on ptolemy.moml.MoMLSimpleApplication@14367d2f
----------------- Done invoking toplevel() on ptolemy.moml.MoMLSimpleApplication@14367d2f
reloadAllAccessors: .Distributor2

===========================================================================================
----------------- testing Mon Dec 16 06:25:47 UTC 2019 /home/travis/build/icyphy/ptII/ptolemy/actor/lib/test/auto/DownSample.xml
----------------- Instantiating /home/travis/build/icyphy/ptII/ptolemy/actor/lib/test/auto/DownSample.xml
2 ms. Memory: 532480K Free: 363096K (68%)
----------------- Invoking toplevel() on ptolemy.moml.MoMLSimpleApplication@41b51794
----------------- Done invoking toplevel() on ptolemy.moml.MoMLSimpleApplication@41b51794
reloadAllAccessors: .DownSample

===========================================================================================
----------------- testing Mon Dec 16 06:25:47 UTC 2019 /home/travis/build/icyphy/ptII/ptolemy/actor/lib/test/auto/ElectronicUnitBase1.xml
----------------- Instantiating /home/travis/build/icyphy/ptII/ptolemy/actor/lib/test/auto/ElectronicUnitBase1.xml
13 ms. Memory: 532480K Free: 347226K (65%)
----------------- Invoking toplevel() on ptolemy.moml.MoMLSimpleApplication@78156743
----------------- Done invoking toplevel() on ptolemy.moml.MoMLSimpleApplication@78156743
reloadAllAccessors: .ElectronicUnitBase1

===========================================================================================
----------------- testing Mon Dec 16 06:25:47 UTC 2019 /home/travis/build/icyphy/ptII/ptolemy/actor/lib/test/auto/ElementsToArray.xml
----------------- Instantiating /home/travis/build/icyphy/ptII/ptolemy/actor/lib/test/auto/ElementsToArray.xml
3 ms. Memory: 532480K Free: 342106K (64%)
----------------- Invoking toplevel() on ptolemy.moml.MoMLSimpleApplication@67c6e939
----------------- Done invoking toplevel() on ptolemy.moml.MoMLSimpleApplication@67c6e939
reloadAllAccessors: .ElementsToArray

===========================================================================================
----------------- testing Mon Dec 16 06:25:47 UTC 2019 /home/travis/build/icyphy/ptII/ptolemy/actor/lib/test/auto/Equals.xml
----------------- Instantiating /home/travis/build/icyphy/ptII/ptolemy/actor/lib/test/auto/Equals.xml
4 ms. Memory: 532480K Free: 337496K (63%)
----------------- Invoking toplevel() on ptolemy.moml.MoMLSimpleApplication@41c0ca2a
----------------- Done invoking toplevel() on ptolemy.moml.MoMLSimpleApplication@41c0ca2a
reloadAllAccessors: .Equals

===========================================================================================
----------------- testing Mon Dec 16 06:25:47 UTC 2019 /home/travis/build/icyphy/ptII/ptolemy/actor/lib/test/auto/Exec.xml
----------------- Instantiating /home/travis/build/icyphy/ptII/ptolemy/actor/lib/test/auto/Exec.xml
17 ms. Memory: 532480K Free: 331352K (62%)
----------------- Invoking toplevel() on ptolemy.moml.MoMLSimpleApplication@626babfc
----------------- Done invoking toplevel() on ptolemy.moml.MoMLSimpleApplication@626babfc
reloadAllAccessors: .Exec

===========================================================================================
----------------- testing Mon Dec 16 06:25:47 UTC 2019 /home/travis/build/icyphy/ptII/ptolemy/actor/lib/test/auto/ExecEnvironment.xml
----------------- Instantiating /home/travis/build/icyphy/ptII/ptolemy/actor/lib/test/auto/ExecEnvironment.xml
27 ms. Memory: 532480K Free: 325722K (61%)
----------------- Invoking toplevel() on ptolemy.moml.MoMLSimpleApplication@5189e64c
----------------- Done invoking toplevel() on ptolemy.moml.MoMLSimpleApplication@5189e64c
reloadAllAccessors: .ExecEnvironment

===========================================================================================
----------------- testing Mon Dec 16 06:25:47 UTC 2019 /home/travis/build/icyphy/ptII/ptolemy/actor/lib/test/auto/ExecNonZeroReturnOutput.xml
----------------- Instantiating /home/travis/build/icyphy/ptII/ptolemy/actor/lib/test/auto/ExecNonZeroReturnOutput.xml
162 ms. Memory: 532480K Free: 314968K (59%)
----------------- Invoking toplevel() on ptolemy.moml.MoMLSimpleApplication@23d91f4c
----------------- Done invoking toplevel() on ptolemy.moml.MoMLSimpleApplication@23d91f4c
reloadAllAccessors: .ExecNonZeroReturnOutput

===========================================================================================
----------------- testing Mon Dec 16 06:25:48 UTC 2019 /home/travis/build/icyphy/ptII/ptolemy/actor/lib/test/auto/ExecRunDemos.xml
----------------- Instantiating /home/travis/build/icyphy/ptII/ptolemy/actor/lib/test/auto/ExecRunDemos.xml
Finished: 89 ms. Memory: 129024K Free: 113596K (88%)

Finished: 93 ms. Memory: 129024K Free: 110529K (86%)

Finished: 94 ms. Memory: 129024K Free: 110801K (86%)

Finished: 80 ms. Memory: 129024K Free: 112150K (87%)

Finished: 66 ms. Memory: 129024K Free: 113035K (88%)

10849 ms. Memory: 532480K Free: 293976K (55%)
----------------- Invoking toplevel() on ptolemy.moml.MoMLSimpleApplication@665ca6b1
----------------- Done invoking toplevel() on ptolemy.moml.MoMLSimpleApplication@665ca6b1
reloadAllAccessors: .ExecRunDemos

===========================================================================================
----------------- testing Mon Dec 16 06:25:58 UTC 2019 /home/travis/build/icyphy/ptII/ptolemy/actor/lib/test/auto/ExecStop.xml
----------------- Instantiating /home/travis/build/icyphy/ptII/ptolemy/actor/lib/test/auto/ExecStop.xml
5016 ms. Memory: 532480K Free: 450497K (85%)
----------------- Invoking toplevel() on ptolemy.moml.MoMLSimpleApplication@16181e4e
----------------- Done invoking toplevel() on ptolemy.moml.MoMLSimpleApplication@16181e4e
reloadAllAccessors: .ExecStop

===========================================================================================
----------------- testing Mon Dec 16 06:26:03 UTC 2019 /home/travis/build/icyphy/ptII/ptolemy/actor/lib/test/auto/ExecutionTimeSDF.xml
----------------- Instantiating /home/travis/build/icyphy/ptII/ptolemy/actor/lib/test/auto/ExecutionTimeSDF.xml
Fired ExecutionTime: -661367296
Fired ExecutionTime: 1334400000
Fired ExecutionTime: 1832704
6008 ms. Memory: 532480K Free: 437939K (82%)
----------------- Invoking toplevel() on ptolemy.moml.MoMLSimpleApplication@32d8c4e0
----------------- Done invoking toplevel() on ptolemy.moml.MoMLSimpleApplication@32d8c4e0
reloadAllAccessors: .ExecutionTimeSDF

===========================================================================================
----------------- testing Mon Dec 16 06:26:09 UTC 2019 /home/travis/build/icyphy/ptII/ptolemy/actor/lib/test/auto/Expression1.xml
----------------- Instantiating /home/travis/build/icyphy/ptII/ptolemy/actor/lib/test/auto/Expression1.xml
2 ms. Memory: 532480K Free: 434371K (82%)
----------------- Invoking toplevel() on ptolemy.moml.MoMLSimpleApplication@6c82044b
----------------- Done invoking toplevel() on ptolemy.moml.MoMLSimpleApplication@6c82044b
reloadAllAccessors: .Expression1

===========================================================================================
----------------- testing Mon Dec 16 06:26:10 UTC 2019 /home/travis/build/icyphy/ptII/ptolemy/actor/lib/test/auto/Expression10.xml
----------------- Instantiating /home/travis/build/icyphy/ptII/ptolemy/actor/lib/test/auto/Expression10.xml
6 ms. Memory: 532480K Free: 429251K (81%)
----------------- Invoking toplevel() on ptolemy.moml.MoMLSimpleApplication@1343ee0d
----------------- Done invoking toplevel() on ptolemy.moml.MoMLSimpleApplication@1343ee0d
reloadAllAccessors: .Expression10

===========================================================================================
----------------- testing Mon Dec 16 06:26:10 UTC 2019 /home/travis/build/icyphy/ptII/ptolemy/actor/lib/test/auto/Expression11.xml
----------------- Instantiating /home/travis/build/icyphy/ptII/ptolemy/actor/lib/test/auto/Expression11.xml
2 ms. Memory: 532480K Free: 424641K (80%)
----------------- Invoking toplevel() on ptolemy.moml.MoMLSimpleApplication@4a37631b
----------------- Done invoking toplevel() on ptolemy.moml.MoMLSimpleApplication@4a37631b
reloadAllAccessors: .Expression11

===========================================================================================
----------------- testing Mon Dec 16 06:26:10 UTC 2019 /home/travis/build/icyphy/ptII/ptolemy/actor/lib/test/auto/Expression12.xml
----------------- Instantiating /home/travis/build/icyphy/ptII/ptolemy/actor/lib/test/auto/Expression12.xml
2 ms. Memory: 532480K Free: 419011K (79%)
----------------- Invoking toplevel() on ptolemy.moml.MoMLSimpleApplication@77f44891
----------------- Done invoking toplevel() on ptolemy.moml.MoMLSimpleApplication@77f44891
reloadAllAccessors: .Expression12

===========================================================================================
----------------- testing Mon Dec 16 06:26:10 UTC 2019 /home/travis/build/icyphy/ptII/ptolemy/actor/lib/test/auto/Expression13.xml
----------------- Instantiating /home/travis/build/icyphy/ptII/ptolemy/actor/lib/test/auto/Expression13.xml
3 ms. Memory: 532480K Free: 414401K (78%)
----------------- Invoking toplevel() on ptolemy.moml.MoMLSimpleApplication@4ac7e766
----------------- Done invoking toplevel() on ptolemy.moml.MoMLSimpleApplication@4ac7e766
reloadAllAccessors: .Expression13

===========================================================================================
----------------- testing Mon Dec 16 06:26:10 UTC 2019 /home/travis/build/icyphy/ptII/ptolemy/actor/lib/test/auto/Expression14.xml
----------------- Instantiating /home/travis/build/icyphy/ptII/ptolemy/actor/lib/test/auto/Expression14.xml
4 ms. Memory: 532480K Free: 408257K (77%)
----------------- Invoking toplevel() on ptolemy.moml.MoMLSimpleApplication@49c95660
----------------- Done invoking toplevel() on ptolemy.moml.MoMLSimpleApplication@49c95660
reloadAllAccessors: .Expression14

===========================================================================================
----------------- testing Mon Dec 16 06:26:10 UTC 2019 /home/travis/build/icyphy/ptII/ptolemy/actor/lib/test/auto/Expression15.xml
----------------- Instantiating /home/travis/build/icyphy/ptII/ptolemy/actor/lib/test/auto/Expression15.xml
2 ms. Memory: 532480K Free: 404675K (76%)
----------------- Invoking toplevel() on ptolemy.moml.MoMLSimpleApplication@66255e2d
----------------- Done invoking toplevel() on ptolemy.moml.MoMLSimpleApplication@66255e2d
reloadAllAccessors: .Expression15

===========================================================================================
----------------- testing Mon Dec 16 06:26:10 UTC 2019 /home/travis/build/icyphy/ptII/ptolemy/actor/lib/test/auto/Expression16.xml
----------------- Instantiating /home/travis/build/icyphy/ptII/ptolemy/actor/lib/test/auto/Expression16.xml
2 ms. Memory: 532480K Free: 399555K (75%)
----------------- Invoking toplevel() on ptolemy.moml.MoMLSimpleApplication@33011853
----------------- Done invoking toplevel() on ptolemy.moml.MoMLSimpleApplication@33011853
reloadAllAccessors: .Expression16

===========================================================================================
----------------- testing Mon Dec 16 06:26:10 UTC 2019 /home/travis/build/icyphy/ptII/ptolemy/actor/lib/test/auto/Expression17.xml
----------------- Instantiating /home/travis/build/icyphy/ptII/ptolemy/actor/lib/test/auto/Expression17.xml
4 ms. Memory: 532480K Free: 394435K (74%)
----------------- Invoking toplevel() on ptolemy.moml.MoMLSimpleApplication@4eb0f02e
----------------- Done invoking toplevel() on ptolemy.moml.MoMLSimpleApplication@4eb0f02e
reloadAllAccessors: .Expression17

===========================================================================================
----------------- testing Mon Dec 16 06:26:10 UTC 2019 /home/travis/build/icyphy/ptII/ptolemy/actor/lib/test/auto/Expression18.xml
----------------- Instantiating /home/travis/build/icyphy/ptII/ptolemy/actor/lib/test/auto/Expression18.xml
2 ms. Memory: 532480K Free: 389825K (73%)
----------------- Invoking toplevel() on ptolemy.moml.MoMLSimpleApplication@7596ccb1
----------------- Done invoking toplevel() on ptolemy.moml.MoMLSimpleApplication@7596ccb1
reloadAllAccessors: .Expression18

===========================================================================================
----------------- testing Mon Dec 16 06:26:10 UTC 2019 /home/travis/build/icyphy/ptII/ptolemy/actor/lib/test/auto/Expression2.xml
----------------- Instantiating /home/travis/build/icyphy/ptII/ptolemy/actor/lib/test/auto/Expression2.xml
3 ms. Memory: 532480K Free: 384705K (72%)
----------------- Invoking toplevel() on ptolemy.moml.MoMLSimpleApplication@2cbc47e5
----------------- Done invoking toplevel() on ptolemy.moml.MoMLSimpleApplication@2cbc47e5
reloadAllAccessors: .Expression2

===========================================================================================
----------------- testing Mon Dec 16 06:26:10 UTC 2019 /home/travis/build/icyphy/ptII/ptolemy/actor/lib/test/auto/Expression3.xml
----------------- Instantiating /home/travis/build/icyphy/ptII/ptolemy/actor/lib/test/auto/Expression3.xml
3 ms. Memory: 532480K Free: 379585K (71%)
----------------- Invoking toplevel() on ptolemy.moml.MoMLSimpleApplication@52116b38
----------------- Done invoking toplevel() on ptolemy.moml.MoMLSimpleApplication@52116b38
reloadAllAccessors: .Expression3

===========================================================================================
----------------- testing Mon Dec 16 06:26:10 UTC 2019 /home/travis/build/icyphy/ptII/ptolemy/actor/lib/test/auto/Expression4.xml
----------------- Instantiating /home/travis/build/icyphy/ptII/ptolemy/actor/lib/test/auto/Expression4.xml
3 ms. Memory: 532480K Free: 372403K (70%)
----------------- Invoking toplevel() on ptolemy.moml.MoMLSimpleApplication@e8a95e6
----------------- Done invoking toplevel() on ptolemy.moml.MoMLSimpleApplication@e8a95e6
reloadAllAccessors: .Expression4

===========================================================================================
----------------- testing Mon Dec 16 06:26:10 UTC 2019 /home/travis/build/icyphy/ptII/ptolemy/actor/lib/test/auto/Expression5.xml
----------------- Instantiating /home/travis/build/icyphy/ptII/ptolemy/actor/lib/test/auto/Expression5.xml
4 ms. Memory: 532480K Free: 367297K (69%)
----------------- Invoking toplevel() on ptolemy.moml.MoMLSimpleApplication@1f6f98bf
----------------- Done invoking toplevel() on ptolemy.moml.MoMLSimpleApplication@1f6f98bf
reloadAllAccessors: .Expression5

===========================================================================================
----------------- testing Mon Dec 16 06:26:10 UTC 2019 /home/travis/build/icyphy/ptII/ptolemy/actor/lib/test/auto/Expression6.xml
----------------- Instantiating /home/travis/build/icyphy/ptII/ptolemy/actor/lib/test/auto/Expression6.xml
2 ms. Memory: 532480K Free: 362691K (68%)
----------------- Invoking toplevel() on ptolemy.moml.MoMLSimpleApplication@75e747
----------------- Done invoking toplevel() on ptolemy.moml.MoMLSimpleApplication@75e747
reloadAllAccessors: .Expression6

===========================================================================================
----------------- testing Mon Dec 16 06:26:10 UTC 2019 /home/travis/build/icyphy/ptII/ptolemy/actor/lib/test/auto/Expression7.xml
----------------- Instantiating /home/travis/build/icyphy/ptII/ptolemy/actor/lib/test/auto/Expression7.xml
2 ms. Memory: 532480K Free: 358081K (67%)
----------------- Invoking toplevel() on ptolemy.moml.MoMLSimpleApplication@426b5cf1
----------------- Done invoking toplevel() on ptolemy.moml.MoMLSimpleApplication@426b5cf1
reloadAllAccessors: .Expression7

===========================================================================================
----------------- testing Mon Dec 16 06:26:10 UTC 2019 /home/travis/build/icyphy/ptII/ptolemy/actor/lib/test/auto/Expression8.xml
----------------- Instantiating /home/travis/build/icyphy/ptII/ptolemy/actor/lib/test/auto/Expression8.xml
8 ms. Memory: 532480K Free: 352961K (66%)
----------------- Invoking toplevel() on ptolemy.moml.MoMLSimpleApplication@49965d45
----------------- Done invoking toplevel() on ptolemy.moml.MoMLSimpleApplication@49965d45
reloadAllAccessors: .Expression8

===========================================================================================
----------------- testing Mon Dec 16 06:26:10 UTC 2019 /home/travis/build/icyphy/ptII/ptolemy/actor/lib/test/auto/Expression9.xml
----------------- Instantiating /home/travis/build/icyphy/ptII/ptolemy/actor/lib/test/auto/Expression9.xml
2 ms. Memory: 532480K Free: 349379K (66%)
----------------- Invoking toplevel() on ptolemy.moml.MoMLSimpleApplication@4f92daf6
----------------- Done invoking toplevel() on ptolemy.moml.MoMLSimpleApplication@4f92daf6
reloadAllAccessors: .Expression9

===========================================================================================
----------------- testing Mon Dec 16 06:26:10 UTC 2019 /home/travis/build/icyphy/ptII/ptolemy/actor/lib/test/auto/ExpressionConcatenateArrayType.xml
----------------- Instantiating /home/travis/build/icyphy/ptII/ptolemy/actor/lib/test/auto/ExpressionConcatenateArrayType.xml
3 ms. Memory: 532480K Free: 342721K (64%)
----------------- Invoking toplevel() on ptolemy.moml.MoMLSimpleApplication@49e22251
----------------- Done invoking toplevel() on ptolemy.moml.MoMLSimpleApplication@49e22251
reloadAllAccessors: .ExpressionConcatenateArrayType

===========================================================================================
----------------- testing Mon Dec 16 06:26:10 UTC 2019 /home/travis/build/icyphy/ptII/ptolemy/actor/lib/test/auto/ExpressionConcatenateArrayType2.xml
----------------- Instantiating /home/travis/build/icyphy/ptII/ptolemy/actor/lib/test/auto/ExpressionConcatenateArrayType2.xml
3 ms. Memory: 532480K Free: 337091K (63%)
----------------- Invoking toplevel() on ptolemy.moml.MoMLSimpleApplication@2df3e30a
----------------- Done invoking toplevel() on ptolemy.moml.MoMLSimpleApplication@2df3e30a
reloadAllAccessors: .ExpressionConcatenateArrayType2

===========================================================================================
----------------- testing Mon Dec 16 06:26:10 UTC 2019 /home/travis/build/icyphy/ptII/ptolemy/actor/lib/test/auto/ExpressionFix.xml
----------------- Instantiating /home/travis/build/icyphy/ptII/ptolemy/actor/lib/test/auto/ExpressionFix.xml
24 ms. Memory: 532480K Free: 330947K (62%)
----------------- Invoking toplevel() on ptolemy.moml.MoMLSimpleApplication@59c9f7b0
----------------- Done invoking toplevel() on ptolemy.moml.MoMLSimpleApplication@59c9f7b0
reloadAllAccessors: .ExpressionFix

===========================================================================================
----------------- testing Mon Dec 16 06:26:10 UTC 2019 /home/travis/build/icyphy/ptII/ptolemy/actor/lib/test/auto/ExpressionFix2.xml
----------------- Instantiating /home/travis/build/icyphy/ptII/ptolemy/actor/lib/test/auto/ExpressionFix2.xml
7 ms. Memory: 532480K Free: 326851K (61%)
----------------- Invoking toplevel() on ptolemy.moml.MoMLSimpleApplication@4bcfd40a
----------------- Done invoking toplevel() on ptolemy.moml.MoMLSimpleApplication@4bcfd40a
reloadAllAccessors: .ExpressionFix2

===========================================================================================
----------------- testing Mon Dec 16 06:26:10 UTC 2019 /home/travis/build/icyphy/ptII/ptolemy/actor/lib/test/auto/ExpressionFix3.xml
----------------- Instantiating /home/travis/build/icyphy/ptII/ptolemy/actor/lib/test/auto/ExpressionFix3.xml
3 ms. Memory: 532480K Free: 322241K (61%)
----------------- Invoking toplevel() on ptolemy.moml.MoMLSimpleApplication@1c364fcc
----------------- Done invoking toplevel() on ptolemy.moml.MoMLSimpleApplication@1c364fcc
reloadAllAccessors: .ExpressionFix3

===========================================================================================
----------------- testing Mon Dec 16 06:26:10 UTC 2019 /home/travis/build/icyphy/ptII/ptolemy/actor/lib/test/auto/FileWriter1.xml
----------------- Instantiating /home/travis/build/icyphy/ptII/ptolemy/actor/lib/test/auto/FileWriter1.xml
2 ms. Memory: 532480K Free: 318659K (60%)
----------------- Invoking toplevel() on ptolemy.moml.MoMLSimpleApplication@231dbce5
----------------- Done invoking toplevel() on ptolemy.moml.MoMLSimpleApplication@231dbce5
reloadAllAccessors: .FileWriter1

===========================================================================================
----------------- testing Mon Dec 16 06:26:10 UTC 2019 /home/travis/build/icyphy/ptII/ptolemy/actor/lib/test/auto/FileWriter2.xml
----------------- Instantiating /home/travis/build/icyphy/ptII/ptolemy/actor/lib/test/auto/FileWriter2.xml
7 ms. Memory: 532480K Free: 314049K (59%)
----------------- Invoking toplevel() on ptolemy.moml.MoMLSimpleApplication@2182f437
----------------- Done invoking toplevel() on ptolemy.moml.MoMLSimpleApplication@2182f437
reloadAllAccessors: .FileWriter2

===========================================================================================
----------------- testing Mon Dec 16 06:26:10 UTC 2019 /home/travis/build/icyphy/ptII/ptolemy/actor/lib/test/auto/FileWriter3.xml
----------------- Instantiating /home/travis/build/icyphy/ptII/ptolemy/actor/lib/test/auto/FileWriter3.xml
4 ms. Memory: 532480K Free: 309953K (58%)
----------------- Invoking toplevel() on ptolemy.moml.MoMLSimpleApplication@72925526
----------------- Done invoking toplevel() on ptolemy.moml.MoMLSimpleApplication@72925526
reloadAllAccessors: .FileWriter3

===========================================================================================
----------------- testing Mon Dec 16 06:26:10 UTC 2019 /home/travis/build/icyphy/ptII/ptolemy/actor/lib/test/auto/Gaussian.xml
----------------- Instantiating /home/travis/build/icyphy/ptII/ptolemy/actor/lib/test/auto/Gaussian.xml
3 ms. Memory: 532480K Free: 305857K (57%)
----------------- Invoking toplevel() on ptolemy.moml.MoMLSimpleApplication@5c6fcc89
----------------- Done invoking toplevel() on ptolemy.moml.MoMLSimpleApplication@5c6fcc89
reloadAllAccessors: .Gaussian

===========================================================================================
----------------- testing Mon Dec 16 06:26:10 UTC 2019 /home/travis/build/icyphy/ptII/ptolemy/actor/lib/test/auto/Gaussian1.xml
----------------- Instantiating /home/travis/build/icyphy/ptII/ptolemy/actor/lib/test/auto/Gaussian1.xml
3 ms. Memory: 532480K Free: 300227K (56%)
----------------- Invoking toplevel() on ptolemy.moml.MoMLSimpleApplication@2f4f5f08
----------------- Done invoking toplevel() on ptolemy.moml.MoMLSimpleApplication@2f4f5f08
reloadAllAccessors: .Gaussian1

===========================================================================================
----------------- testing Mon Dec 16 06:26:10 UTC 2019 /home/travis/build/icyphy/ptII/ptolemy/actor/lib/test/auto/Gaussian2.xml
----------------- Instantiating /home/travis/build/icyphy/ptII/ptolemy/actor/lib/test/auto/Gaussian2.xml
4 ms. Memory: 532480K Free: 294579K (55%)
----------------- Invoking toplevel() on ptolemy.moml.MoMLSimpleApplication@7e645366
----------------- Done invoking toplevel() on ptolemy.moml.MoMLSimpleApplication@7e645366
reloadAllAccessors: .Gaussian2

===========================================================================================
----------------- testing Mon Dec 16 06:26:10 UTC 2019 /home/travis/build/icyphy/ptII/ptolemy/actor/lib/test/auto/GradientAdaptiveLattice.xml
----------------- Instantiating /home/travis/build/icyphy/ptII/ptolemy/actor/lib/test/auto/GradientAdaptiveLattice.xml
3 ms. Memory: 532480K Free: 289987K (54%)
----------------- Invoking toplevel() on ptolemy.moml.MoMLSimpleApplication@7441a9fe
----------------- Done invoking toplevel() on ptolemy.moml.MoMLSimpleApplication@7441a9fe
reloadAllAccessors: .GradientAdaptiveLattice

===========================================================================================
----------------- testing Mon Dec 16 06:26:10 UTC 2019 /home/travis/build/icyphy/ptII/ptolemy/actor/lib/test/auto/IIR.xml
----------------- Instantiating /home/travis/build/icyphy/ptII/ptolemy/actor/lib/test/auto/IIR.xml
1 ms. Memory: 532480K Free: 285377K (54%)
----------------- Invoking toplevel() on ptolemy.moml.MoMLSimpleApplication@7e6ceeab
----------------- Done invoking toplevel() on ptolemy.moml.MoMLSimpleApplication@7e6ceeab
reloadAllAccessors: .IIR

===========================================================================================
----------------- testing Mon Dec 16 06:26:10 UTC 2019 /home/travis/build/icyphy/ptII/ptolemy/actor/lib/test/auto/InputOutputTransparentPorts.xml
----------------- Instantiating /home/travis/build/icyphy/ptII/ptolemy/actor/lib/test/auto/InputOutputTransparentPorts.xml
2 ms. Memory: 532480K Free: 278209K (52%)
----------------- Invoking toplevel() on ptolemy.moml.MoMLSimpleApplication@7197fac1
----------------- Done invoking toplevel() on ptolemy.moml.MoMLSimpleApplication@7197fac1
reloadAllAccessors: .InputOutputTransparentPorts

===========================================================================================
----------------- testing Mon Dec 16 06:26:10 UTC 2019 /home/travis/build/icyphy/ptII/ptolemy/actor/lib/test/auto/Interpolator.xml
----------------- Instantiating /home/travis/build/icyphy/ptII/ptolemy/actor/lib/test/auto/Interpolator.xml
3 ms. Memory: 532480K Free: 274099K (51%)
----------------- Invoking toplevel() on ptolemy.moml.MoMLSimpleApplication@20477d6f
----------------- Done invoking toplevel() on ptolemy.moml.MoMLSimpleApplication@20477d6f
reloadAllAccessors: .Interpolator

===========================================================================================
----------------- testing Mon Dec 16 06:26:10 UTC 2019 /home/travis/build/icyphy/ptII/ptolemy/actor/lib/test/auto/InterpolatorFiringLimitDE.xml
----------------- Instantiating /home/travis/build/icyphy/ptII/ptolemy/actor/lib/test/auto/InterpolatorFiringLimitDE.xml
2 ms. Memory: 532480K Free: 268483K (50%)
----------------- Invoking toplevel() on ptolemy.moml.MoMLSimpleApplication@2f3a8d72
----------------- Done invoking toplevel() on ptolemy.moml.MoMLSimpleApplication@2f3a8d72
reloadAllAccessors: .InterpolatorFiringLimitDE

===========================================================================================
----------------- testing Mon Dec 16 06:26:10 UTC 2019 /home/travis/build/icyphy/ptII/ptolemy/actor/lib/test/auto/Lattice.xml
----------------- Instantiating /home/travis/build/icyphy/ptII/ptolemy/actor/lib/test/auto/Lattice.xml
1 ms. Memory: 532480K Free: 264387K (50%)
----------------- Invoking toplevel() on ptolemy.moml.MoMLSimpleApplication@76fde104
----------------- Done invoking toplevel() on ptolemy.moml.MoMLSimpleApplication@76fde104
reloadAllAccessors: .Lattice

===========================================================================================
----------------- testing Mon Dec 16 06:26:10 UTC 2019 /home/travis/build/icyphy/ptII/ptolemy/actor/lib/test/auto/LazyAOCTestLazy.xml
----------------- Instantiating /home/travis/build/icyphy/ptII/ptolemy/actor/lib/test/auto/LazyAOCTestLazy.xml
7 ms. Memory: 532480K Free: 258243K (48%)
----------------- Invoking toplevel() on ptolemy.moml.MoMLSimpleApplication@d299603
----------------- Done invoking toplevel() on ptolemy.moml.MoMLSimpleApplication@d299603
reloadAllAccessors: .LazyAOCTestLazy

===========================================================================================
----------------- testing Mon Dec 16 06:26:10 UTC 2019 /home/travis/build/icyphy/ptII/ptolemy/actor/lib/test/auto/LazyAOCTestNonLazy.xml
----------------- Instantiating /home/travis/build/icyphy/ptII/ptolemy/actor/lib/test/auto/LazyAOCTestNonLazy.xml
2 ms. Memory: 532480K Free: 252099K (47%)
----------------- Invoking toplevel() on ptolemy.moml.MoMLSimpleApplication@6aedb331
----------------- Done invoking toplevel() on ptolemy.moml.MoMLSimpleApplication@6aedb331
reloadAllAccessors: .LazyAOCTestNonLazy

===========================================================================================
----------------- testing Mon Dec 16 06:26:10 UTC 2019 /home/travis/build/icyphy/ptII/ptolemy/actor/lib/test/auto/LazyInnerClass.xml
----------------- Instantiating /home/travis/build/icyphy/ptII/ptolemy/actor/lib/test/auto/LazyInnerClass.xml
21 ms. Memory: 532480K Free: 243363K (46%)
----------------- Invoking toplevel() on ptolemy.moml.MoMLSimpleApplication@7f91352
----------------- Done invoking toplevel() on ptolemy.moml.MoMLSimpleApplication@7f91352
reloadAllAccessors: .LazyInnerClass

===========================================================================================
----------------- testing Mon Dec 16 06:26:10 UTC 2019 /home/travis/build/icyphy/ptII/ptolemy/actor/lib/test/auto/LazyPubSub.xml
----------------- Instantiating /home/travis/build/icyphy/ptII/ptolemy/actor/lib/test/auto/LazyPubSub.xml
30 ms. Memory: 532480K Free: 233153K (44%)
----------------- Invoking toplevel() on ptolemy.moml.MoMLSimpleApplication@44a76fb8
----------------- Done invoking toplevel() on ptolemy.moml.MoMLSimpleApplication@44a76fb8
reloadAllAccessors: .LazyPubSub

===========================================================================================
----------------- testing Mon Dec 16 06:26:10 UTC 2019 /home/travis/build/icyphy/ptII/ptolemy/actor/lib/test/auto/LazyPubSub2.xml
----------------- Instantiating /home/travis/build/icyphy/ptII/ptolemy/actor/lib/test/auto/LazyPubSub2.xml
11 ms. Memory: 532480K Free: 222913K (42%)
----------------- Invoking toplevel() on ptolemy.moml.MoMLSimpleApplication@59867017
----------------- Done invoking toplevel() on ptolemy.moml.MoMLSimpleApplication@59867017
reloadAllAccessors: .LazyPubSub2

===========================================================================================
----------------- testing Mon Dec 16 06:26:10 UTC 2019 /home/travis/build/icyphy/ptII/ptolemy/actor/lib/test/auto/LazyPubSub3.xml
----------------- Instantiating /home/travis/build/icyphy/ptII/ptolemy/actor/lib/test/auto/LazyPubSub3.xml
13 ms. Memory: 532480K Free: 213187K (40%)
----------------- Invoking toplevel() on ptolemy.moml.MoMLSimpleApplication@5cca6cf5
----------------- Done invoking toplevel() on ptolemy.moml.MoMLSimpleApplication@5cca6cf5
reloadAllAccessors: .LazyPubSub3

===========================================================================================
----------------- testing Mon Dec 16 06:26:10 UTC 2019 /home/travis/build/icyphy/ptII/ptolemy/actor/lib/test/auto/LazySubClassModel.xml
----------------- Instantiating /home/travis/build/icyphy/ptII/ptolemy/actor/lib/test/auto/LazySubClassModel.xml
2 ms. Memory: 532480K Free: 203971K (38%)
----------------- Invoking toplevel() on ptolemy.moml.MoMLSimpleApplication@1c368889
----------------- Done invoking toplevel() on ptolemy.moml.MoMLSimpleApplication@1c368889
reloadAllAccessors: .LazySubClassModel

===========================================================================================
----------------- testing Mon Dec 16 06:26:10 UTC 2019 /home/travis/build/icyphy/ptII/ptolemy/actor/lib/test/auto/LevelCrossTest1.xml
----------------- Instantiating /home/travis/build/icyphy/ptII/ptolemy/actor/lib/test/auto/LevelCrossTest1.xml
1 ms. Memory: 532480K Free: 198337K (37%)
----------------- Invoking toplevel() on ptolemy.moml.MoMLSimpleApplication@37035965
----------------- Done invoking toplevel() on ptolemy.moml.MoMLSimpleApplication@37035965
reloadAllAccessors: .broken

===========================================================================================
----------------- testing Mon Dec 16 06:26:10 UTC 2019 /home/travis/build/icyphy/ptII/ptolemy/actor/lib/test/auto/LevelCrossTest10.xml
----------------- Instantiating /home/travis/build/icyphy/ptII/ptolemy/actor/lib/test/auto/LevelCrossTest10.xml
1 ms. Memory: 532480K Free: 191169K (36%)
----------------- Invoking toplevel() on ptolemy.moml.MoMLSimpleApplication@1178568c
----------------- Done invoking toplevel() on ptolemy.moml.MoMLSimpleApplication@1178568c
reloadAllAccessors: .LevelCrossTest10

===========================================================================================
----------------- testing Mon Dec 16 06:26:10 UTC 2019 /home/travis/build/icyphy/ptII/ptolemy/actor/lib/test/auto/LevelCrossTest11.xml
----------------- Instantiating /home/travis/build/icyphy/ptII/ptolemy/actor/lib/test/auto/LevelCrossTest11.xml
1 ms. Memory: 532480K Free: 184515K (35%)
----------------- Invoking toplevel() on ptolemy.moml.MoMLSimpleApplication@6003e40f
----------------- Done invoking toplevel() on ptolemy.moml.MoMLSimpleApplication@6003e40f
reloadAllAccessors: .LevelCrossTest11

===========================================================================================
----------------- testing Mon Dec 16 06:26:10 UTC 2019 /home/travis/build/icyphy/ptII/ptolemy/actor/lib/test/auto/LevelCrossTest12.xml
----------------- Instantiating /home/travis/build/icyphy/ptII/ptolemy/actor/lib/test/auto/LevelCrossTest12.xml
1 ms. Memory: 532480K Free: 177347K (33%)
----------------- Invoking toplevel() on ptolemy.moml.MoMLSimpleApplication@3531f79a
----------------- Done invoking toplevel() on ptolemy.moml.MoMLSimpleApplication@3531f79a
reloadAllAccessors: .LevelCrossTest12

===========================================================================================
----------------- testing Mon Dec 16 06:26:11 UTC 2019 /home/travis/build/icyphy/ptII/ptolemy/actor/lib/test/auto/LevelCrossTest13.xml
----------------- Instantiating /home/travis/build/icyphy/ptII/ptolemy/actor/lib/test/auto/LevelCrossTest13.xml
1 ms. Memory: 532480K Free: 169665K (32%)
----------------- Invoking toplevel() on ptolemy.moml.MoMLSimpleApplication@19d7fde9
----------------- Done invoking toplevel() on ptolemy.moml.MoMLSimpleApplication@19d7fde9
reloadAllAccessors: .LevelCrossTest13

===========================================================================================
----------------- testing Mon Dec 16 06:26:11 UTC 2019 /home/travis/build/icyphy/ptII/ptolemy/actor/lib/test/auto/LevelCrossTest2.xml
----------------- Instantiating /home/travis/build/icyphy/ptII/ptolemy/actor/lib/test/auto/LevelCrossTest2.xml
1 ms. Memory: 532480K Free: 481528K (90%)
----------------- Invoking toplevel() on ptolemy.moml.MoMLSimpleApplication@279e52d4
----------------- Done invoking toplevel() on ptolemy.moml.MoMLSimpleApplication@279e52d4
reloadAllAccessors: .broken

===========================================================================================
----------------- testing Mon Dec 16 06:26:11 UTC 2019 /home/travis/build/icyphy/ptII/ptolemy/actor/lib/test/auto/LevelCrossTest3.xml
----------------- Instantiating /home/travis/build/icyphy/ptII/ptolemy/actor/lib/test/auto/LevelCrossTest3.xml
1 ms. Memory: 532480K Free: 474874K (89%)
----------------- Invoking toplevel() on ptolemy.moml.MoMLSimpleApplication@2cf21f06
----------------- Done invoking toplevel() on ptolemy.moml.MoMLSimpleApplication@2cf21f06
reloadAllAccessors: .LevelCrossTest3

===========================================================================================
----------------- testing Mon Dec 16 06:26:11 UTC 2019 /home/travis/build/icyphy/ptII/ptolemy/actor/lib/test/auto/LevelCrossTest4.xml
----------------- Instantiating /home/travis/build/icyphy/ptII/ptolemy/actor/lib/test/auto/LevelCrossTest4.xml
1 ms. Memory: 532480K Free: 469240K (88%)
----------------- Invoking toplevel() on ptolemy.moml.MoMLSimpleApplication@3fbe7c05
----------------- Done invoking toplevel() on ptolemy.moml.MoMLSimpleApplication@3fbe7c05
reloadAllAccessors: .broken

===========================================================================================
----------------- testing Mon Dec 16 06:26:11 UTC 2019 /home/travis/build/icyphy/ptII/ptolemy/actor/lib/test/auto/LevelCrossTest5.xml
----------------- Instantiating /home/travis/build/icyphy/ptII/ptolemy/actor/lib/test/auto/LevelCrossTest5.xml
1 ms. Memory: 532480K Free: 462586K (87%)
----------------- Invoking toplevel() on ptolemy.moml.MoMLSimpleApplication@3c181511
----------------- Done invoking toplevel() on ptolemy.moml.MoMLSimpleApplication@3c181511
reloadAllAccessors: .LevelCrossTest5

===========================================================================================
----------------- testing Mon Dec 16 06:26:11 UTC 2019 /home/travis/build/icyphy/ptII/ptolemy/actor/lib/test/auto/LevelCrossTest6.xml
----------------- Instantiating /home/travis/build/icyphy/ptII/ptolemy/actor/lib/test/auto/LevelCrossTest6.xml
1 ms. Memory: 532480K Free: 456442K (86%)
----------------- Invoking toplevel() on ptolemy.moml.MoMLSimpleApplication@6080f980
----------------- Done invoking toplevel() on ptolemy.moml.MoMLSimpleApplication@6080f980
reloadAllAccessors: .LevelCrossTest6

===========================================================================================
----------------- testing Mon Dec 16 06:26:11 UTC 2019 /home/travis/build/icyphy/ptII/ptolemy/actor/lib/test/auto/LevelCrossTest7.xml
----------------- Instantiating /home/travis/build/icyphy/ptII/ptolemy/actor/lib/test/auto/LevelCrossTest7.xml
3 ms. Memory: 532480K Free: 449274K (84%)
----------------- Invoking toplevel() on ptolemy.moml.MoMLSimpleApplication@6c2a6753
----------------- Done invoking toplevel() on ptolemy.moml.MoMLSimpleApplication@6c2a6753
reloadAllAccessors: .LevelCrossTest7

===========================================================================================
----------------- testing Mon Dec 16 06:26:11 UTC 2019 /home/travis/build/icyphy/ptII/ptolemy/actor/lib/test/auto/LevelCrossTest8.xml
----------------- Instantiating /home/travis/build/icyphy/ptII/ptolemy/actor/lib/test/auto/LevelCrossTest8.xml
1 ms. Memory: 532480K Free: 441592K (83%)
----------------- Invoking toplevel() on ptolemy.moml.MoMLSimpleApplication@2f31f241
----------------- Done invoking toplevel() on ptolemy.moml.MoMLSimpleApplication@2f31f241
reloadAllAccessors: .LevelCrossTest8

===========================================================================================
----------------- testing Mon Dec 16 06:26:11 UTC 2019 /home/travis/build/icyphy/ptII/ptolemy/actor/lib/test/auto/LevelCrossTest9.xml
----------------- Instantiating /home/travis/build/icyphy/ptII/ptolemy/actor/lib/test/auto/LevelCrossTest9.xml
2 ms. Memory: 532480K Free: 434424K (82%)
----------------- Invoking toplevel() on ptolemy.moml.MoMLSimpleApplication@7b389d72
----------------- Done invoking toplevel() on ptolemy.moml.MoMLSimpleApplication@7b389d72
reloadAllAccessors: .LevelCrossTest9

===========================================================================================
----------------- testing Mon Dec 16 06:26:11 UTC 2019 /home/travis/build/icyphy/ptII/ptolemy/actor/lib/test/auto/LevinsonDurbin.xml
----------------- Instantiating /home/travis/build/icyphy/ptII/ptolemy/actor/lib/test/auto/LevinsonDurbin.xml
8 ms. Memory: 532480K Free: 430842K (81%)
----------------- Invoking toplevel() on ptolemy.moml.MoMLSimpleApplication@1e1db735
----------------- Done invoking toplevel() on ptolemy.moml.MoMLSimpleApplication@1e1db735
reloadAllAccessors: .LevinsonDurbin

===========================================================================================
----------------- testing Mon Dec 16 06:26:11 UTC 2019 /home/travis/build/icyphy/ptII/ptolemy/actor/lib/test/auto/LevinsonDurbin2.xml
----------------- Instantiating /home/travis/build/icyphy/ptII/ptolemy/actor/lib/test/auto/LevinsonDurbin2.xml
2 ms. Memory: 532480K Free: 426746K (80%)
----------------- Invoking toplevel() on ptolemy.moml.MoMLSimpleApplication@293d0a84
----------------- Done invoking toplevel() on ptolemy.moml.MoMLSimpleApplication@293d0a84
reloadAllAccessors: .LevinsonDurbin2

===========================================================================================
----------------- testing Mon Dec 16 06:26:11 UTC 2019 /home/travis/build/icyphy/ptII/ptolemy/actor/lib/test/auto/LevinsonDurbin3.xml
----------------- Instantiating /home/travis/build/icyphy/ptII/ptolemy/actor/lib/test/auto/LevinsonDurbin3.xml
3 ms. Memory: 532480K Free: 422650K (79%)
----------------- Invoking toplevel() on ptolemy.moml.MoMLSimpleApplication@672d92ec
----------------- Done invoking toplevel() on ptolemy.moml.MoMLSimpleApplication@672d92ec
reloadAllAccessors: .LevinsonDurbin3

===========================================================================================
----------------- testing Mon Dec 16 06:26:11 UTC 2019 /home/travis/build/icyphy/ptII/ptolemy/actor/lib/test/auto/Limiter.xml
----------------- Instantiating /home/travis/build/icyphy/ptII/ptolemy/actor/lib/test/auto/Limiter.xml
5 ms. Memory: 532480K Free: 413434K (78%)
----------------- Invoking toplevel() on ptolemy.moml.MoMLSimpleApplication@2ffaff59
----------------- Done invoking toplevel() on ptolemy.moml.MoMLSimpleApplication@2ffaff59
reloadAllAccessors: .Limiter

===========================================================================================
----------------- testing Mon Dec 16 06:26:11 UTC 2019 /home/travis/build/icyphy/ptII/ptolemy/actor/lib/test/auto/LinearDifferenceEquationSystem.xml
----------------- Instantiating /home/travis/build/icyphy/ptII/ptolemy/actor/lib/test/auto/LinearDifferenceEquationSystem.xml
12 ms. Memory: 532480K Free: 406776K (76%)
----------------- Invoking toplevel() on ptolemy.moml.MoMLSimpleApplication@5c32e13d
----------------- Done invoking toplevel() on ptolemy.moml.MoMLSimpleApplication@5c32e13d
reloadAllAccessors: .LinearDifferenceEquationSystem

===========================================================================================
----------------- testing Mon Dec 16 06:26:11 UTC 2019 /home/travis/build/icyphy/ptII/ptolemy/actor/lib/test/auto/LookupTable.xml
----------------- Instantiating /home/travis/build/icyphy/ptII/ptolemy/actor/lib/test/auto/LookupTable.xml
2 ms. Memory: 532480K Free: 402170K (76%)
----------------- Invoking toplevel() on ptolemy.moml.MoMLSimpleApplication@5bb42c15
----------------- Done invoking toplevel() on ptolemy.moml.MoMLSimpleApplication@5bb42c15
reloadAllAccessors: .LookupTable

===========================================================================================
----------------- testing Mon Dec 16 06:26:11 UTC 2019 /home/travis/build/icyphy/ptII/ptolemy/actor/lib/test/auto/MathFunction.xml
----------------- Instantiating /home/travis/build/icyphy/ptII/ptolemy/actor/lib/test/auto/MathFunction.xml
5 ms. Memory: 532480K Free: 393978K (74%)
----------------- Invoking toplevel() on ptolemy.moml.MoMLSimpleApplication@4f6d8d7c
----------------- Done invoking toplevel() on ptolemy.moml.MoMLSimpleApplication@4f6d8d7c
reloadAllAccessors: .MathFunction

===========================================================================================
----------------- testing Mon Dec 16 06:26:11 UTC 2019 /home/travis/build/icyphy/ptII/ptolemy/actor/lib/test/auto/MathFunction2.xml
----------------- Instantiating /home/travis/build/icyphy/ptII/ptolemy/actor/lib/test/auto/MathFunction2.xml
1 ms. Memory: 532480K Free: 389882K (73%)
----------------- Invoking toplevel() on ptolemy.moml.MoMLSimpleApplication@6597d386
----------------- Done invoking toplevel() on ptolemy.moml.MoMLSimpleApplication@6597d386
reloadAllAccessors: .MathFunction2

===========================================================================================
----------------- testing Mon Dec 16 06:26:11 UTC 2019 /home/travis/build/icyphy/ptII/ptolemy/actor/lib/test/auto/MathFunction3.xml
----------------- Instantiating /home/travis/build/icyphy/ptII/ptolemy/actor/lib/test/auto/MathFunction3.xml
2 ms. Memory: 532480K Free: 382714K (72%)
----------------- Invoking toplevel() on ptolemy.moml.MoMLSimpleApplication@37a90f44
----------------- Done invoking toplevel() on ptolemy.moml.MoMLSimpleApplication@37a90f44
reloadAllAccessors: .MathFunction3

===========================================================================================
----------------- testing Mon Dec 16 06:26:11 UTC 2019 /home/travis/build/icyphy/ptII/ptolemy/actor/lib/test/auto/MatrixCropBoolean.xml
----------------- Instantiating /home/travis/build/icyphy/ptII/ptolemy/actor/lib/test/auto/MatrixCropBoolean.xml
2 ms. Memory: 532480K Free: 378074K (71%)
----------------- Invoking toplevel() on ptolemy.moml.MoMLSimpleApplication@5e5e0b06
----------------- Done invoking toplevel() on ptolemy.moml.MoMLSimpleApplication@5e5e0b06
reloadAllAccessors: .MatrixCropBoolean

===========================================================================================
----------------- testing Mon Dec 16 06:26:11 UTC 2019 /home/travis/build/icyphy/ptII/ptolemy/actor/lib/test/auto/MatrixCropComplex.xml
----------------- Instantiating /home/travis/build/icyphy/ptII/ptolemy/actor/lib/test/auto/MatrixCropComplex.xml
1 ms. Memory: 532480K Free: 372954K (70%)
----------------- Invoking toplevel() on ptolemy.moml.MoMLSimpleApplication@5e130584
----------------- Done invoking toplevel() on ptolemy.moml.MoMLSimpleApplication@5e130584
reloadAllAccessors: .MatrixCropComplex

===========================================================================================
----------------- testing Mon Dec 16 06:26:11 UTC 2019 /home/travis/build/icyphy/ptII/ptolemy/actor/lib/test/auto/MatrixCropDouble.xml
----------------- Instantiating /home/travis/build/icyphy/ptII/ptolemy/actor/lib/test/auto/MatrixCropDouble.xml
2 ms. Memory: 532480K Free: 367834K (69%)
----------------- Invoking toplevel() on ptolemy.moml.MoMLSimpleApplication@638c0eb8
----------------- Done invoking toplevel() on ptolemy.moml.MoMLSimpleApplication@638c0eb8
reloadAllAccessors: .MatrixCropDouble

===========================================================================================
----------------- testing Mon Dec 16 06:26:11 UTC 2019 /home/travis/build/icyphy/ptII/ptolemy/actor/lib/test/auto/MatrixCropFix.xml
----------------- Instantiating /home/travis/build/icyphy/ptII/ptolemy/actor/lib/test/auto/MatrixCropFix.xml
2 ms. Memory: 532480K Free: 362714K (68%)
----------------- Invoking toplevel() on ptolemy.moml.MoMLSimpleApplication@56b55c68
----------------- Done invoking toplevel() on ptolemy.moml.MoMLSimpleApplication@56b55c68
reloadAllAccessors: .MatrixCropFix

===========================================================================================
----------------- testing Mon Dec 16 06:26:11 UTC 2019 /home/travis/build/icyphy/ptII/ptolemy/actor/lib/test/auto/MatrixCropInt.xml
----------------- Instantiating /home/travis/build/icyphy/ptII/ptolemy/actor/lib/test/auto/MatrixCropInt.xml
2 ms. Memory: 532480K Free: 357594K (67%)
----------------- Invoking toplevel() on ptolemy.moml.MoMLSimpleApplication@3ca914d5
----------------- Done invoking toplevel() on ptolemy.moml.MoMLSimpleApplication@3ca914d5
reloadAllAccessors: .MatrixCropInt

===========================================================================================
----------------- testing Mon Dec 16 06:26:11 UTC 2019 /home/travis/build/icyphy/ptII/ptolemy/actor/lib/test/auto/MatrixCropLong.xml
----------------- Instantiating /home/travis/build/icyphy/ptII/ptolemy/actor/lib/test/auto/MatrixCropLong.xml
2 ms. Memory: 532480K Free: 352474K (66%)
----------------- Invoking toplevel() on ptolemy.moml.MoMLSimpleApplication@5464fa72
----------------- Done invoking toplevel() on ptolemy.moml.MoMLSimpleApplication@5464fa72
reloadAllAccessors: .MatrixCropLong

===========================================================================================
----------------- testing Mon Dec 16 06:26:11 UTC 2019 /home/travis/build/icyphy/ptII/ptolemy/actor/lib/test/auto/MatrixToArray.xml
----------------- Instantiating /home/travis/build/icyphy/ptII/ptolemy/actor/lib/test/auto/MatrixToArray.xml
10 ms. Memory: 532480K Free: 338168K (64%)
----------------- Invoking toplevel() on ptolemy.moml.MoMLSimpleApplication@69957242
----------------- Done invoking toplevel() on ptolemy.moml.MoMLSimpleApplication@69957242
reloadAllAccessors: .MatrixToArray

===========================================================================================
----------------- testing Mon Dec 16 06:26:11 UTC 2019 /home/travis/build/icyphy/ptII/ptolemy/actor/lib/test/auto/MaxIndex.xml
----------------- Instantiating /home/travis/build/icyphy/ptII/ptolemy/actor/lib/test/auto/MaxIndex.xml
2 ms. Memory: 532480K Free: 333048K (63%)
----------------- Invoking toplevel() on ptolemy.moml.MoMLSimpleApplication@e4dfd64
----------------- Done invoking toplevel() on ptolemy.moml.MoMLSimpleApplication@e4dfd64
reloadAllAccessors: .MaxIndex

===========================================================================================
----------------- testing Mon Dec 16 06:26:11 UTC 2019 /home/travis/build/icyphy/ptII/ptolemy/actor/lib/test/auto/Maximum.xml
----------------- Instantiating /home/travis/build/icyphy/ptII/ptolemy/actor/lib/test/auto/Maximum.xml
9 ms. Memory: 532480K Free: 326394K (61%)
----------------- Invoking toplevel() on ptolemy.moml.MoMLSimpleApplication@721edbba
----------------- Done invoking toplevel() on ptolemy.moml.MoMLSimpleApplication@721edbba
reloadAllAccessors: .Maximum

===========================================================================================
----------------- testing Mon Dec 16 06:26:11 UTC 2019 /home/travis/build/icyphy/ptII/ptolemy/actor/lib/test/auto/MaximumComplex.xml
----------------- Instantiating /home/travis/build/icyphy/ptII/ptolemy/actor/lib/test/auto/MaximumComplex.xml
5 ms. Memory: 532480K Free: 320250K (60%)
----------------- Invoking toplevel() on ptolemy.moml.MoMLSimpleApplication@3914956e
----------------- Done invoking toplevel() on ptolemy.moml.MoMLSimpleApplication@3914956e
reloadAllAccessors: .MaximumComplex

===========================================================================================
----------------- testing Mon Dec 16 06:26:11 UTC 2019 /home/travis/build/icyphy/ptII/ptolemy/actor/lib/test/auto/MethodCallTest.xml
----------------- Instantiating /home/travis/build/icyphy/ptII/ptolemy/actor/lib/test/auto/MethodCallTest.xml
3 ms. Memory: 532480K Free: 313592K (59%)
----------------- Invoking toplevel() on ptolemy.moml.MoMLSimpleApplication@31f5fa62
----------------- Done invoking toplevel() on ptolemy.moml.MoMLSimpleApplication@31f5fa62
reloadAllAccessors: .MethodCallTest

===========================================================================================
----------------- testing Mon Dec 16 06:26:11 UTC 2019 /home/travis/build/icyphy/ptII/ptolemy/actor/lib/test/auto/Minimum.xml
----------------- Instantiating /home/travis/build/icyphy/ptII/ptolemy/actor/lib/test/auto/Minimum.xml
2 ms. Memory: 532480K Free: 307962K (58%)
----------------- Invoking toplevel() on ptolemy.moml.MoMLSimpleApplication@20d9e98e
----------------- Done invoking toplevel() on ptolemy.moml.MoMLSimpleApplication@20d9e98e
reloadAllAccessors: .Minimum

===========================================================================================
----------------- testing Mon Dec 16 06:26:11 UTC 2019 /home/travis/build/icyphy/ptII/ptolemy/actor/lib/test/auto/MinimumComplex.xml
----------------- Instantiating /home/travis/build/icyphy/ptII/ptolemy/actor/lib/test/auto/MinimumComplex.xml
3 ms. Memory: 532480K Free: 301818K (57%)
----------------- Invoking toplevel() on ptolemy.moml.MoMLSimpleApplication@26a09375
----------------- Done invoking toplevel() on ptolemy.moml.MoMLSimpleApplication@26a09375
reloadAllAccessors: .MinimumComplex

===========================================================================================
----------------- testing Mon Dec 16 06:26:11 UTC 2019 /home/travis/build/icyphy/ptII/ptolemy/actor/lib/test/auto/MinimumMultiports.xml
----------------- Instantiating /home/travis/build/icyphy/ptII/ptolemy/actor/lib/test/auto/MinimumMultiports.xml
4 ms. Memory: 532480K Free: 293112K (55%)
----------------- Invoking toplevel() on ptolemy.moml.MoMLSimpleApplication@1705ef06
----------------- Done invoking toplevel() on ptolemy.moml.MoMLSimpleApplication@1705ef06
reloadAllAccessors: .MinimumMultiports

===========================================================================================
----------------- testing Mon Dec 16 06:26:11 UTC 2019 /home/travis/build/icyphy/ptII/ptolemy/actor/lib/test/auto/ModifyDate.xml
----------------- Instantiating /home/travis/build/icyphy/ptII/ptolemy/actor/lib/test/auto/ModifyDate.xml
9 ms. Memory: 532480K Free: 279800K (53%)
----------------- Invoking toplevel() on ptolemy.moml.MoMLSimpleApplication@54746d90
----------------- Done invoking toplevel() on ptolemy.moml.MoMLSimpleApplication@54746d90
reloadAllAccessors: .ModifyDate

===========================================================================================
----------------- testing Mon Dec 16 06:26:11 UTC 2019 /home/travis/build/icyphy/ptII/ptolemy/actor/lib/test/auto/ModifyDate2.xml
----------------- Instantiating /home/travis/build/icyphy/ptII/ptolemy/actor/lib/test/auto/ModifyDate2.xml
3 ms. Memory: 532480K Free: 271098K (51%)
----------------- Invoking toplevel() on ptolemy.moml.MoMLSimpleApplication@20d90485
----------------- Done invoking toplevel() on ptolemy.moml.MoMLSimpleApplication@20d90485
reloadAllAccessors: .ModifyDate2

===========================================================================================
----------------- testing Mon Dec 16 06:26:11 UTC 2019 /home/travis/build/icyphy/ptII/ptolemy/actor/lib/test/auto/MovingAverage.xml
----------------- Instantiating /home/travis/build/icyphy/ptII/ptolemy/actor/lib/test/auto/MovingAverage.xml
2 ms. Memory: 532480K Free: 265978K (50%)
----------------- Invoking toplevel() on ptolemy.moml.MoMLSimpleApplication@18867f55
----------------- Done invoking toplevel() on ptolemy.moml.MoMLSimpleApplication@18867f55
reloadAllAccessors: .MovingAverage

===========================================================================================
----------------- testing Mon Dec 16 06:26:11 UTC 2019 /home/travis/build/icyphy/ptII/ptolemy/actor/lib/test/auto/MovingMaximum.xml
----------------- Instantiating /home/travis/build/icyphy/ptII/ptolemy/actor/lib/test/auto/MovingMaximum.xml
1 ms. Memory: 532480K Free: 261882K (49%)
----------------- Invoking toplevel() on ptolemy.moml.MoMLSimpleApplication@6c65af7
----------------- Done invoking toplevel() on ptolemy.moml.MoMLSimpleApplication@6c65af7
reloadAllAccessors: .MovingMaximum

===========================================================================================
----------------- testing Mon Dec 16 06:26:11 UTC 2019 /home/travis/build/icyphy/ptII/ptolemy/actor/lib/test/auto/MultipleLinksToSameRelation.xml
----------------- Instantiating /home/travis/build/icyphy/ptII/ptolemy/actor/lib/test/auto/MultipleLinksToSameRelation.xml
2 ms. Memory: 532480K Free: 257786K (48%)
----------------- Invoking toplevel() on ptolemy.moml.MoMLSimpleApplication@75734a9f
----------------- Done invoking toplevel() on ptolemy.moml.MoMLSimpleApplication@75734a9f
reloadAllAccessors: .MultipleLinksToSameRelation

===========================================================================================
----------------- testing Mon Dec 16 06:26:11 UTC 2019 /home/travis/build/icyphy/ptII/ptolemy/actor/lib/test/auto/MultipleLinksToSameRelationDE.xml
----------------- Instantiating /home/travis/build/icyphy/ptII/ptolemy/actor/lib/test/auto/MultipleLinksToSameRelationDE.xml
1 ms. Memory: 532480K Free: 253162K (48%)
----------------- Invoking toplevel() on ptolemy.moml.MoMLSimpleApplication@2f0c7489
----------------- Done invoking toplevel() on ptolemy.moml.MoMLSimpleApplication@2f0c7489
reloadAllAccessors: .MultipleLinksToSameRelationDE

===========================================================================================
----------------- testing Mon Dec 16 06:26:11 UTC 2019 /home/travis/build/icyphy/ptII/ptolemy/actor/lib/test/auto/Multiplexor.xml
----------------- Instantiating /home/travis/build/icyphy/ptII/ptolemy/actor/lib/test/auto/Multiplexor.xml
2 ms. Memory: 532480K Free: 247546K (46%)
----------------- Invoking toplevel() on ptolemy.moml.MoMLSimpleApplication@510d48a4
----------------- Done invoking toplevel() on ptolemy.moml.MoMLSimpleApplication@510d48a4
reloadAllAccessors: .Multiplexor

===========================================================================================
----------------- testing Mon Dec 16 06:26:11 UTC 2019 /home/travis/build/icyphy/ptII/ptolemy/actor/lib/test/auto/Multiplexor1.xml
----------------- Instantiating /home/travis/build/icyphy/ptII/ptolemy/actor/lib/test/auto/Multiplexor1.xml
1 ms. Memory: 532480K Free: 241906K (45%)
----------------- Invoking toplevel() on ptolemy.moml.MoMLSimpleApplication@6c5e7a4c
----------------- Done invoking toplevel() on ptolemy.moml.MoMLSimpleApplication@6c5e7a4c
reloadAllAccessors: .Multiplexor1

===========================================================================================
----------------- testing Mon Dec 16 06:26:11 UTC 2019 /home/travis/build/icyphy/ptII/ptolemy/actor/lib/test/auto/Multiplexor2.xml
----------------- Instantiating /home/travis/build/icyphy/ptII/ptolemy/actor/lib/test/auto/Multiplexor2.xml
3 ms. Memory: 532480K Free: 235258K (44%)
----------------- Invoking toplevel() on ptolemy.moml.MoMLSimpleApplication@62a6d71d
----------------- Done invoking toplevel() on ptolemy.moml.MoMLSimpleApplication@62a6d71d
reloadAllAccessors: .Multiplexor2

===========================================================================================
----------------- testing Mon Dec 16 06:26:11 UTC 2019 /home/travis/build/icyphy/ptII/ptolemy/actor/lib/test/auto/Multiplexor3.xml
----------------- Instantiating /home/travis/build/icyphy/ptII/ptolemy/actor/lib/test/auto/Multiplexor3.xml
2 ms. Memory: 532480K Free: 231672K (44%)
----------------- Invoking toplevel() on ptolemy.moml.MoMLSimpleApplication@5b5f259e
----------------- Done invoking toplevel() on ptolemy.moml.MoMLSimpleApplication@5b5f259e
reloadAllAccessors: .Multiplexor3

===========================================================================================
----------------- testing Mon Dec 16 06:26:11 UTC 2019 /home/travis/build/icyphy/ptII/ptolemy/actor/lib/test/auto/MultiplexorDE.xml
----------------- Instantiating /home/travis/build/icyphy/ptII/ptolemy/actor/lib/test/auto/MultiplexorDE.xml
2 ms. Memory: 532480K Free: 223994K (42%)
----------------- Invoking toplevel() on ptolemy.moml.MoMLSimpleApplication@10393c4a
----------------- Done invoking toplevel() on ptolemy.moml.MoMLSimpleApplication@10393c4a
reloadAllAccessors: .MultiplexorDE

===========================================================================================
----------------- testing Mon Dec 16 06:26:11 UTC 2019 /home/travis/build/icyphy/ptII/ptolemy/actor/lib/test/auto/MultiportBroadcastTest.xml
----------------- Instantiating /home/travis/build/icyphy/ptII/ptolemy/actor/lib/test/auto/MultiportBroadcastTest.xml
84 ms. Memory: 532480K Free: 217850K (41%)
----------------- Invoking toplevel() on ptolemy.moml.MoMLSimpleApplication@60f6be46
----------------- Done invoking toplevel() on ptolemy.moml.MoMLSimpleApplication@60f6be46
reloadAllAccessors: .MultiportBroadcastTest

===========================================================================================
----------------- testing Mon Dec 16 06:26:12 UTC 2019 /home/travis/build/icyphy/ptII/ptolemy/actor/lib/test/auto/MultiportOutHangDuringGetWidth.xml
----------------- Instantiating /home/travis/build/icyphy/ptII/ptolemy/actor/lib/test/auto/MultiportOutHangDuringGetWidth.xml
6 ms. Memory: 532480K Free: 205562K (39%)
----------------- Invoking toplevel() on ptolemy.moml.MoMLSimpleApplication@14b413e7
----------------- Done invoking toplevel() on ptolemy.moml.MoMLSimpleApplication@14b413e7
reloadAllAccessors: .MultiportOutHangDuringGetWidth

===========================================================================================
----------------- testing Mon Dec 16 06:26:12 UTC 2019 /home/travis/build/icyphy/ptII/ptolemy/actor/lib/test/auto/NilToken.xml
----------------- Instantiating /home/travis/build/icyphy/ptII/ptolemy/actor/lib/test/auto/NilToken.xml
1 ms. Memory: 532480K Free: 201466K (38%)
----------------- Invoking toplevel() on ptolemy.moml.MoMLSimpleApplication@5382f466
----------------- Done invoking toplevel() on ptolemy.moml.MoMLSimpleApplication@5382f466
reloadAllAccessors: .NilToken

===========================================================================================
----------------- testing Mon Dec 16 06:26:12 UTC 2019 /home/travis/build/icyphy/ptII/ptolemy/actor/lib/test/auto/NilTokenNonStrictTest.xml
----------------- Instantiating /home/travis/build/icyphy/ptII/ptolemy/actor/lib/test/auto/NilTokenNonStrictTest.xml
3 ms. Memory: 532480K Free: 196346K (37%)
----------------- Invoking toplevel() on ptolemy.moml.MoMLSimpleApplication@1ded54e7
----------------- Done invoking toplevel() on ptolemy.moml.MoMLSimpleApplication@1ded54e7
reloadAllAccessors: .NilTokenNonStrictTest

===========================================================================================
----------------- testing Mon Dec 16 06:26:12 UTC 2019 /home/travis/build/icyphy/ptII/ptolemy/actor/lib/test/auto/NilTokenRecord.xml
----------------- Instantiating /home/travis/build/icyphy/ptII/ptolemy/actor/lib/test/auto/NilTokenRecord.xml
12 ms. Memory: 532480K Free: 189688K (36%)
----------------- Invoking toplevel() on ptolemy.moml.MoMLSimpleApplication@29b42268
----------------- Done invoking toplevel() on ptolemy.moml.MoMLSimpleApplication@29b42268
reloadAllAccessors: .NilTokenRecord

===========================================================================================
----------------- testing Mon Dec 16 06:26:12 UTC 2019 /home/travis/build/icyphy/ptII/ptolemy/actor/lib/test/auto/NilTokenTypeTest.xml
----------------- Instantiating /home/travis/build/icyphy/ptII/ptolemy/actor/lib/test/auto/NilTokenTypeTest.xml
3 ms. Memory: 532480K Free: 180472K (34%)
----------------- Invoking toplevel() on ptolemy.moml.MoMLSimpleApplication@469a92db
----------------- Done invoking toplevel() on ptolemy.moml.MoMLSimpleApplication@469a92db
reloadAllAccessors: .NilTokenTypeTest

===========================================================================================
----------------- testing Mon Dec 16 06:26:12 UTC 2019 /home/travis/build/icyphy/ptII/ptolemy/actor/lib/test/auto/ObjectToken1.xml
----------------- Instantiating /home/travis/build/icyphy/ptII/ptolemy/actor/lib/test/auto/ObjectToken1.xml
2 ms. Memory: 532480K Free: 176376K (33%)
----------------- Invoking toplevel() on ptolemy.moml.MoMLSimpleApplication@60d6f98c
----------------- Done invoking toplevel() on ptolemy.moml.MoMLSimpleApplication@60d6f98c
reloadAllAccessors: .ObjectToken1

===========================================================================================
----------------- testing Mon Dec 16 06:26:12 UTC 2019 /home/travis/build/icyphy/ptII/ptolemy/actor/lib/test/auto/OrderedMerge.xml
----------------- Instantiating /home/travis/build/icyphy/ptII/ptolemy/actor/lib/test/auto/OrderedMerge.xml
6 ms. Memory: 532480K Free: 170746K (32%)
----------------- Invoking toplevel() on ptolemy.moml.MoMLSimpleApplication@32e3812
----------------- Done invoking toplevel() on ptolemy.moml.MoMLSimpleApplication@32e3812
reloadAllAccessors: .OrderedMerge

===========================================================================================
----------------- testing Mon Dec 16 06:26:12 UTC 2019 /home/travis/build/icyphy/ptII/ptolemy/actor/lib/test/auto/OrderedRecordDisassembler.xml
----------------- Instantiating /home/travis/build/icyphy/ptII/ptolemy/actor/lib/test/auto/OrderedRecordDisassembler.xml
3 ms. Memory: 532480K Free: 481843K (90%)
----------------- Invoking toplevel() on ptolemy.moml.MoMLSimpleApplication@7be2c59c
----------------- Done invoking toplevel() on ptolemy.moml.MoMLSimpleApplication@7be2c59c
reloadAllAccessors: .OrderedRecordDisassembler

===========================================================================================
----------------- testing Mon Dec 16 06:26:12 UTC 2019 /home/travis/build/icyphy/ptII/ptolemy/actor/lib/test/auto/OrderedRecordDisassembler2.xml
----------------- Instantiating /home/travis/build/icyphy/ptII/ptolemy/actor/lib/test/auto/OrderedRecordDisassembler2.xml
4 ms. Memory: 532480K Free: 474147K (89%)
----------------- Invoking toplevel() on ptolemy.moml.MoMLSimpleApplication@65ec0adc
----------------- Done invoking toplevel() on ptolemy.moml.MoMLSimpleApplication@65ec0adc
reloadAllAccessors: .OrderedRecordDisassembler2

===========================================================================================
----------------- testing Mon Dec 16 06:26:12 UTC 2019 /home/travis/build/icyphy/ptII/ptolemy/actor/lib/test/auto/OrderedRecordUpdater.xml
----------------- Instantiating /home/travis/build/icyphy/ptII/ptolemy/actor/lib/test/auto/OrderedRecordUpdater.xml
1 ms. Memory: 532480K Free: 469555K (88%)
----------------- Invoking toplevel() on ptolemy.moml.MoMLSimpleApplication@43d33198
----------------- Done invoking toplevel() on ptolemy.moml.MoMLSimpleApplication@43d33198
reloadAllAccessors: .RecordUpdater

===========================================================================================
----------------- testing Mon Dec 16 06:26:12 UTC 2019 /home/travis/build/icyphy/ptII/ptolemy/actor/lib/test/auto/OrderedRecordUpdater2.xml
----------------- Instantiating /home/travis/build/icyphy/ptII/ptolemy/actor/lib/test/auto/OrderedRecordUpdater2.xml
2 ms. Memory: 532480K Free: 464435K (87%)
----------------- Invoking toplevel() on ptolemy.moml.MoMLSimpleApplication@43f949f8
----------------- Done invoking toplevel() on ptolemy.moml.MoMLSimpleApplication@43f949f8
reloadAllAccessors: .RecordUpdater2

===========================================================================================
----------------- testing Mon Dec 16 06:26:12 UTC 2019 /home/travis/build/icyphy/ptII/ptolemy/actor/lib/test/auto/PhaseUnwrap.xml
----------------- Instantiating /home/travis/build/icyphy/ptII/ptolemy/actor/lib/test/auto/PhaseUnwrap.xml
2 ms. Memory: 532480K Free: 459825K (86%)
----------------- Invoking toplevel() on ptolemy.moml.MoMLSimpleApplication@1810ce02
----------------- Done invoking toplevel() on ptolemy.moml.MoMLSimpleApplication@1810ce02
reloadAllAccessors: .PhaseUnwrap

===========================================================================================
----------------- testing Mon Dec 16 06:26:12 UTC 2019 /home/travis/build/icyphy/ptII/ptolemy/actor/lib/test/auto/PoissonClock.xml
----------------- Instantiating /home/travis/build/icyphy/ptII/ptolemy/actor/lib/test/auto/PoissonClock.xml
3 ms. Memory: 532480K Free: 455729K (86%)
----------------- Invoking toplevel() on ptolemy.moml.MoMLSimpleApplication@14eedc5f
----------------- Done invoking toplevel() on ptolemy.moml.MoMLSimpleApplication@14eedc5f
reloadAllAccessors: .PoissonClock

===========================================================================================
----------------- testing Mon Dec 16 06:26:12 UTC 2019 /home/travis/build/icyphy/ptII/ptolemy/actor/lib/test/auto/PoissonClock2.xml
----------------- Instantiating /home/travis/build/icyphy/ptII/ptolemy/actor/lib/test/auto/PoissonClock2.xml
1 ms. Memory: 532480K Free: 451123K (85%)
----------------- Invoking toplevel() on ptolemy.moml.MoMLSimpleApplication@2dc38b18
----------------- Done invoking toplevel() on ptolemy.moml.MoMLSimpleApplication@2dc38b18
reloadAllAccessors: .PoissonClock2

===========================================================================================
----------------- testing Mon Dec 16 06:26:12 UTC 2019 /home/travis/build/icyphy/ptII/ptolemy/actor/lib/test/auto/PoissonClock3.xml
----------------- Instantiating /home/travis/build/icyphy/ptII/ptolemy/actor/lib/test/auto/PoissonClock3.xml
3 ms. Memory: 532480K Free: 446513K (84%)
----------------- Invoking toplevel() on ptolemy.moml.MoMLSimpleApplication@3e207d0
----------------- Done invoking toplevel() on ptolemy.moml.MoMLSimpleApplication@3e207d0
reloadAllAccessors: .PoissonClock3

===========================================================================================
----------------- testing Mon Dec 16 06:26:12 UTC 2019 /home/travis/build/icyphy/ptII/ptolemy/actor/lib/test/auto/PubSubWithInitialTokens.xml
----------------- Instantiating /home/travis/build/icyphy/ptII/ptolemy/actor/lib/test/auto/PubSubWithInitialTokens.xml
2 ms. Memory: 532480K Free: 440883K (83%)
----------------- Invoking toplevel() on ptolemy.moml.MoMLSimpleApplication@7e90a469
----------------- Done invoking toplevel() on ptolemy.moml.MoMLSimpleApplication@7e90a469
reloadAllAccessors: .PubSubWithInitialTokens

===========================================================================================
----------------- testing Mon Dec 16 06:26:12 UTC 2019 /home/travis/build/icyphy/ptII/ptolemy/actor/lib/test/auto/PubSubWithInitialTokens2.xml
----------------- Instantiating /home/travis/build/icyphy/ptII/ptolemy/actor/lib/test/auto/PubSubWithInitialTokens2.xml
4 ms. Memory: 532480K Free: 435235K (82%)
----------------- Invoking toplevel() on ptolemy.moml.MoMLSimpleApplication@7193d08
----------------- Done invoking toplevel() on ptolemy.moml.MoMLSimpleApplication@7193d08
reloadAllAccessors: .PubSubWithInitialTokens2

===========================================================================================
----------------- testing Mon Dec 16 06:26:12 UTC 2019 /home/travis/build/icyphy/ptII/ptolemy/actor/lib/test/auto/PublisherClassNoParameter.xml
----------------- Instantiating /home/travis/build/icyphy/ptII/ptolemy/actor/lib/test/auto/PublisherClassNoParameter.xml
2 ms. Memory: 532480K Free: 424995K (80%)
----------------- Invoking toplevel() on ptolemy.moml.MoMLSimpleApplication@3b1a8b41
----------------- Done invoking toplevel() on ptolemy.moml.MoMLSimpleApplication@3b1a8b41
reloadAllAccessors: .PublisherClassNoParameter

===========================================================================================
----------------- testing Mon Dec 16 06:26:12 UTC 2019 /home/travis/build/icyphy/ptII/ptolemy/actor/lib/test/auto/PublisherClassParameter.xml
----------------- Instantiating /home/travis/build/icyphy/ptII/ptolemy/actor/lib/test/auto/PublisherClassParameter.xml
2 ms. Memory: 532480K Free: 414769K (78%)
----------------- Invoking toplevel() on ptolemy.moml.MoMLSimpleApplication@4fe0e444
----------------- Done invoking toplevel() on ptolemy.moml.MoMLSimpleApplication@4fe0e444
reloadAllAccessors: .PublisherClassParameter

===========================================================================================
----------------- testing Mon Dec 16 06:26:12 UTC 2019 /home/travis/build/icyphy/ptII/ptolemy/actor/lib/test/auto/PublisherNonStrictTest.xml
----------------- Instantiating /home/travis/build/icyphy/ptII/ptolemy/actor/lib/test/auto/PublisherNonStrictTest.xml
2 ms. Memory: 532480K Free: 407091K (76%)
----------------- Invoking toplevel() on ptolemy.moml.MoMLSimpleApplication@64db5bca
----------------- Done invoking toplevel() on ptolemy.moml.MoMLSimpleApplication@64db5bca
reloadAllAccessors: .PublisherNonStrictTest

===========================================================================================
----------------- testing Mon Dec 16 06:26:12 UTC 2019 /home/travis/build/icyphy/ptII/ptolemy/actor/lib/test/auto/PublisherPort1.xml
----------------- Instantiating /home/travis/build/icyphy/ptII/ptolemy/actor/lib/test/auto/PublisherPort1.xml
3 ms. Memory: 532480K Free: 401443K (75%)
----------------- Invoking toplevel() on ptolemy.moml.MoMLSimpleApplication@68ea1fb5
----------------- Done invoking toplevel() on ptolemy.moml.MoMLSimpleApplication@68ea1fb5
reloadAllAccessors: .PublisherPort1

===========================================================================================
----------------- testing Mon Dec 16 06:26:12 UTC 2019 /home/travis/build/icyphy/ptII/ptolemy/actor/lib/test/auto/PublisherPort2.xml
----------------- Instantiating /home/travis/build/icyphy/ptII/ptolemy/actor/lib/test/auto/PublisherPort2.xml
1 ms. Memory: 532480K Free: 396337K (74%)
----------------- Invoking toplevel() on ptolemy.moml.MoMLSimpleApplication@7b393c63
----------------- Done invoking toplevel() on ptolemy.moml.MoMLSimpleApplication@7b393c63
reloadAllAccessors: .PublisherPort2

===========================================================================================
----------------- testing Mon Dec 16 06:26:12 UTC 2019 /home/travis/build/icyphy/ptII/ptolemy/actor/lib/test/auto/PublisherPort3.xml
----------------- Instantiating /home/travis/build/icyphy/ptII/ptolemy/actor/lib/test/auto/PublisherPort3.xml
10 ms. Memory: 532480K Free: 389683K (73%)
----------------- Invoking toplevel() on ptolemy.moml.MoMLSimpleApplication@31606a83
----------------- Done invoking toplevel() on ptolemy.moml.MoMLSimpleApplication@31606a83
reloadAllAccessors: .PublisherPort3

===========================================================================================
----------------- testing Mon Dec 16 06:26:12 UTC 2019 /home/travis/build/icyphy/ptII/ptolemy/actor/lib/test/auto/PublisherPort4.xml
----------------- Instantiating /home/travis/build/icyphy/ptII/ptolemy/actor/lib/test/auto/PublisherPort4.xml
2 ms. Memory: 532480K Free: 384043K (72%)
----------------- Invoking toplevel() on ptolemy.moml.MoMLSimpleApplication@38306709
----------------- Done invoking toplevel() on ptolemy.moml.MoMLSimpleApplication@38306709
reloadAllAccessors: .PublisherPort4

===========================================================================================
----------------- testing Mon Dec 16 06:26:12 UTC 2019 /home/travis/build/icyphy/ptII/ptolemy/actor/lib/test/auto/PublisherPort5.xml
----------------- Instantiating /home/travis/build/icyphy/ptII/ptolemy/actor/lib/test/auto/PublisherPort5.xml
3 ms. Memory: 532480K Free: 376371K (71%)
----------------- Invoking toplevel() on ptolemy.moml.MoMLSimpleApplication@5b4e47d4
----------------- Done invoking toplevel() on ptolemy.moml.MoMLSimpleApplication@5b4e47d4
reloadAllAccessors: .PublisherPort5

===========================================================================================
----------------- testing Mon Dec 16 06:26:12 UTC 2019 /home/travis/build/icyphy/ptII/ptolemy/actor/lib/test/auto/PublisherPort5LookAlike.xml
----------------- Instantiating /home/travis/build/icyphy/ptII/ptolemy/actor/lib/test/auto/PublisherPort5LookAlike.xml
7 ms. Memory: 532480K Free: 368689K (69%)
----------------- Invoking toplevel() on ptolemy.moml.MoMLSimpleApplication@cb426ff
----------------- Done invoking toplevel() on ptolemy.moml.MoMLSimpleApplication@cb426ff
reloadAllAccessors: .PublisherPort5LookAlike

===========================================================================================
----------------- testing Mon Dec 16 06:26:12 UTC 2019 /home/travis/build/icyphy/ptII/ptolemy/actor/lib/test/auto/PublisherPort6.xml
----------------- Instantiating /home/travis/build/icyphy/ptII/ptolemy/actor/lib/test/auto/PublisherPort6.xml
2 ms. Memory: 532480K Free: 362035K (68%)
----------------- Invoking toplevel() on ptolemy.moml.MoMLSimpleApplication@a208297
----------------- Done invoking toplevel() on ptolemy.moml.MoMLSimpleApplication@a208297
reloadAllAccessors: .PublisherPort6

===========================================================================================
----------------- testing Mon Dec 16 06:26:12 UTC 2019 /home/travis/build/icyphy/ptII/ptolemy/actor/lib/test/auto/PublisherPort7.xml
----------------- Instantiating /home/travis/build/icyphy/ptII/ptolemy/actor/lib/test/auto/PublisherPort7.xml
4 ms. Memory: 532480K Free: 354353K (67%)
----------------- Invoking toplevel() on ptolemy.moml.MoMLSimpleApplication@7e6f4292
----------------- Done invoking toplevel() on ptolemy.moml.MoMLSimpleApplication@7e6f4292
reloadAllAccessors: .PublisherPort7

===========================================================================================
----------------- testing Mon Dec 16 06:26:12 UTC 2019 /home/travis/build/icyphy/ptII/ptolemy/actor/lib/test/auto/PublisherPort8.xml
----------------- Instantiating /home/travis/build/icyphy/ptII/ptolemy/actor/lib/test/auto/PublisherPort8.xml
4 ms. Memory: 532480K Free: 345651K (65%)
----------------- Invoking toplevel() on ptolemy.moml.MoMLSimpleApplication@2a7ed8b9
----------------- Done invoking toplevel() on ptolemy.moml.MoMLSimpleApplication@2a7ed8b9
reloadAllAccessors: .PublisherPort8

===========================================================================================
----------------- testing Mon Dec 16 06:26:12 UTC 2019 /home/travis/build/icyphy/ptII/ptolemy/actor/lib/test/auto/PublisherPortSubscriberChannelVariablesAOC2.xml
----------------- Instantiating /home/travis/build/icyphy/ptII/ptolemy/actor/lib/test/auto/PublisherPortSubscriberChannelVariablesAOC2.xml
3 ms. Memory: 532480K Free: 328753K (62%)
----------------- Invoking toplevel() on ptolemy.moml.MoMLSimpleApplication@5ae191ee
----------------- Done invoking toplevel() on ptolemy.moml.MoMLSimpleApplication@5ae191ee
reloadAllAccessors: .PublisherPortSubscriberChannelVariablesAOC2

===========================================================================================
----------------- testing Mon Dec 16 06:26:12 UTC 2019 /home/travis/build/icyphy/ptII/ptolemy/actor/lib/test/auto/PublisherPortSubscriberOpaqueWidthInference.xml
----------------- Instantiating /home/travis/build/icyphy/ptII/ptolemy/actor/lib/test/auto/PublisherPortSubscriberOpaqueWidthInference.xml
4 ms. Memory: 532480K Free: 321075K (60%)
----------------- Invoking toplevel() on ptolemy.moml.MoMLSimpleApplication@2675a6a9
----------------- Done invoking toplevel() on ptolemy.moml.MoMLSimpleApplication@2675a6a9
reloadAllAccessors: .PublisherPortSubscriberOpaqueWidthInference

===========================================================================================
----------------- testing Mon Dec 16 06:26:12 UTC 2019 /home/travis/build/icyphy/ptII/ptolemy/actor/lib/test/auto/PublisherPortSubscriberPortAdjacent.xml
----------------- Instantiating /home/travis/build/icyphy/ptII/ptolemy/actor/lib/test/auto/PublisherPortSubscriberPortAdjacent.xml
2 ms. Memory: 532480K Free: 312883K (59%)
----------------- Invoking toplevel() on ptolemy.moml.MoMLSimpleApplication@beaf8
----------------- Done invoking toplevel() on ptolemy.moml.MoMLSimpleApplication@beaf8
reloadAllAccessors: .PublisherPortSubscriberPortAdjacent

===========================================================================================
----------------- testing Mon Dec 16 06:26:12 UTC 2019 /home/travis/build/icyphy/ptII/ptolemy/actor/lib/test/auto/PublisherPortSubscriberPortExpression.xml
----------------- Instantiating /home/travis/build/icyphy/ptII/ptolemy/actor/lib/test/auto/PublisherPortSubscriberPortExpression.xml
4 ms. Memory: 532480K Free: 305187K (57%)
----------------- Invoking toplevel() on ptolemy.moml.MoMLSimpleApplication@6777b9ab
----------------- Done invoking toplevel() on ptolemy.moml.MoMLSimpleApplication@6777b9ab
reloadAllAccessors: .PublisherPortSubscriberPortExpression

===========================================================================================
----------------- testing Mon Dec 16 06:26:12 UTC 2019 /home/travis/build/icyphy/ptII/ptolemy/actor/lib/test/auto/PublisherPortSubscriberPortOpaqueD3Reverse.xml
----------------- Instantiating /home/travis/build/icyphy/ptII/ptolemy/actor/lib/test/auto/PublisherPortSubscriberPortOpaqueD3Reverse.xml
6 ms. Memory: 532480K Free: 294961K (55%)
----------------- Invoking toplevel() on ptolemy.moml.MoMLSimpleApplication@67b8ea08
----------------- Done invoking toplevel() on ptolemy.moml.MoMLSimpleApplication@67b8ea08
reloadAllAccessors: .PublisherPortSubscriberPortOpaqueD3Reverse

===========================================================================================
----------------- testing Mon Dec 16 06:26:12 UTC 2019 /home/travis/build/icyphy/ptII/ptolemy/actor/lib/test/auto/PublisherPortSubscriberPortOpaqueWidthInference.xml
----------------- Instantiating /home/travis/build/icyphy/ptII/ptolemy/actor/lib/test/auto/PublisherPortSubscriberPortOpaqueWidthInference.xml
3 ms. Memory: 532480K Free: 287283K (54%)
----------------- Invoking toplevel() on ptolemy.moml.MoMLSimpleApplication@15c0d223
----------------- Done invoking toplevel() on ptolemy.moml.MoMLSimpleApplication@15c0d223
reloadAllAccessors: .PublisherPortSubscriberPortOpaqueWidthInference

===========================================================================================
----------------- testing Mon Dec 16 06:26:12 UTC 2019 /home/travis/build/icyphy/ptII/ptolemy/actor/lib/test/auto/PublisherPortToplevelSubscriberPortAOC.xml
----------------- Instantiating /home/travis/build/icyphy/ptII/ptolemy/actor/lib/test/auto/PublisherPortToplevelSubscriberPortAOC.xml
.PublisherPortToplevelSubscriberPortAOC.TestExceptionAttribute: initialize() was not invoked, but wrapup() was.  This is unusual, but not always a problem.  For example, exporting JNLP will do this.
1 ms. Memory: 532480K Free: 281649K (53%)
----------------- Invoking toplevel() on ptolemy.moml.MoMLSimpleApplication@3a7e7bd0
----------------- Done invoking toplevel() on ptolemy.moml.MoMLSimpleApplication@3a7e7bd0
reloadAllAccessors: .PublisherPortToplevelSubscriberPortAOC

===========================================================================================
----------------- testing Mon Dec 16 06:26:12 UTC 2019 /home/travis/build/icyphy/ptII/ptolemy/actor/lib/test/auto/PublisherSubscriber.xml
----------------- Instantiating /home/travis/build/icyphy/ptII/ptolemy/actor/lib/test/auto/PublisherSubscriber.xml
3 ms. Memory: 532480K Free: 274451K (52%)
----------------- Invoking toplevel() on ptolemy.moml.MoMLSimpleApplication@696959f5
----------------- Done invoking toplevel() on ptolemy.moml.MoMLSimpleApplication@696959f5
reloadAllAccessors: .PublisherSubscriber

===========================================================================================
----------------- testing Mon Dec 16 06:26:12 UTC 2019 /home/travis/build/icyphy/ptII/ptolemy/actor/lib/test/auto/PublisherSubscriber10.xml
----------------- Instantiating /home/travis/build/icyphy/ptII/ptolemy/actor/lib/test/auto/PublisherSubscriber10.xml
7 ms. Memory: 532480K Free: 264241K (50%)
----------------- Invoking toplevel() on ptolemy.moml.MoMLSimpleApplication@233bce8c
----------------- Done invoking toplevel() on ptolemy.moml.MoMLSimpleApplication@233bce8c
reloadAllAccessors: .PublisherSubscriber10

===========================================================================================
----------------- testing Mon Dec 16 06:26:12 UTC 2019 /home/travis/build/icyphy/ptII/ptolemy/actor/lib/test/auto/PublisherSubscriber10InitialOutputs.xml
----------------- Instantiating /home/travis/build/icyphy/ptII/ptolemy/actor/lib/test/auto/PublisherSubscriber10InitialOutputs.xml
17 ms. Memory: 532480K Free: 255025K (48%)
----------------- Invoking toplevel() on ptolemy.moml.MoMLSimpleApplication@7f187e21
----------------- Done invoking toplevel() on ptolemy.moml.MoMLSimpleApplication@7f187e21
reloadAllAccessors: .PublisherSubscriber10InitialOutputs

===========================================================================================
----------------- testing Mon Dec 16 06:26:12 UTC 2019 /home/travis/build/icyphy/ptII/ptolemy/actor/lib/test/auto/PublisherSubscriber11.xml
----------------- Instantiating /home/travis/build/icyphy/ptII/ptolemy/actor/lib/test/auto/PublisherSubscriber11.xml
3 ms. Memory: 532480K Free: 248851K (47%)
----------------- Invoking toplevel() on ptolemy.moml.MoMLSimpleApplication@6f363330
----------------- Done invoking toplevel() on ptolemy.moml.MoMLSimpleApplication@6f363330
reloadAllAccessors: .PublisherSubscriber11

===========================================================================================
----------------- testing Mon Dec 16 06:26:12 UTC 2019 /home/travis/build/icyphy/ptII/ptolemy/actor/lib/test/auto/PublisherSubscriber12.xml
----------------- Instantiating /home/travis/build/icyphy/ptII/ptolemy/actor/lib/test/auto/PublisherSubscriber12.xml
5 ms. Memory: 532480K Free: 242227K (45%)
----------------- Invoking toplevel() on ptolemy.moml.MoMLSimpleApplication@566a94b4
----------------- Done invoking toplevel() on ptolemy.moml.MoMLSimpleApplication@566a94b4
reloadAllAccessors: .PublisherSubscriber12

===========================================================================================
----------------- testing Mon Dec 16 06:26:12 UTC 2019 /home/travis/build/icyphy/ptII/ptolemy/actor/lib/test/auto/PublisherSubscriber13.xml
----------------- Instantiating /home/travis/build/icyphy/ptII/ptolemy/actor/lib/test/auto/PublisherSubscriber13.xml
2 ms. Memory: 532480K Free: 236563K (44%)
----------------- Invoking toplevel() on ptolemy.moml.MoMLSimpleApplication@dd0cf8e
----------------- Done invoking toplevel() on ptolemy.moml.MoMLSimpleApplication@dd0cf8e
reloadAllAccessors: .PublisherSubscriber13

===========================================================================================
----------------- testing Mon Dec 16 06:26:12 UTC 2019 /home/travis/build/icyphy/ptII/ptolemy/actor/lib/test/auto/PublisherSubscriber14.xml
----------------- Instantiating /home/travis/build/icyphy/ptII/ptolemy/actor/lib/test/auto/PublisherSubscriber14.xml
2 ms. Memory: 532480K Free: 227891K (43%)
----------------- Invoking toplevel() on ptolemy.moml.MoMLSimpleApplication@696f1323
----------------- Done invoking toplevel() on ptolemy.moml.MoMLSimpleApplication@696f1323
reloadAllAccessors: .PublisherSubscriber14

===========================================================================================
----------------- testing Mon Dec 16 06:26:12 UTC 2019 /home/travis/build/icyphy/ptII/ptolemy/actor/lib/test/auto/PublisherSubscriber2.xml
----------------- Instantiating /home/travis/build/icyphy/ptII/ptolemy/actor/lib/test/auto/PublisherSubscriber2.xml
4 ms. Memory: 532480K Free: 222243K (42%)
----------------- Invoking toplevel() on ptolemy.moml.MoMLSimpleApplication@1261c404
----------------- Done invoking toplevel() on ptolemy.moml.MoMLSimpleApplication@1261c404
reloadAllAccessors: .PublisherSubscriber2

===========================================================================================
----------------- testing Mon Dec 16 06:26:12 UTC 2019 /home/travis/build/icyphy/ptII/ptolemy/actor/lib/test/auto/PublisherSubscriber3.xml
----------------- Instantiating /home/travis/build/icyphy/ptII/ptolemy/actor/lib/test/auto/PublisherSubscriber3.xml
2 ms. Memory: 532480K Free: 216627K (41%)
----------------- Invoking toplevel() on ptolemy.moml.MoMLSimpleApplication@297b75ca
----------------- Done invoking toplevel() on ptolemy.moml.MoMLSimpleApplication@297b75ca
reloadAllAccessors: .PublisherSubscriber3

===========================================================================================
----------------- testing Mon Dec 16 06:26:12 UTC 2019 /home/travis/build/icyphy/ptII/ptolemy/actor/lib/test/auto/PublisherSubscriber4.xml
----------------- Instantiating /home/travis/build/icyphy/ptII/ptolemy/actor/lib/test/auto/PublisherSubscriber4.xml
2 ms. Memory: 532480K Free: 210979K (40%)
----------------- Invoking toplevel() on ptolemy.moml.MoMLSimpleApplication@1a75ce13
----------------- Done invoking toplevel() on ptolemy.moml.MoMLSimpleApplication@1a75ce13
reloadAllAccessors: .PublisherSubscriber4

===========================================================================================
----------------- testing Mon Dec 16 06:26:13 UTC 2019 /home/travis/build/icyphy/ptII/ptolemy/actor/lib/test/auto/PublisherSubscriber5.xml
----------------- Instantiating /home/travis/build/icyphy/ptII/ptolemy/actor/lib/test/auto/PublisherSubscriber5.xml
2 ms. Memory: 532480K Free: 204339K (38%)
----------------- Invoking toplevel() on ptolemy.moml.MoMLSimpleApplication@2c73227f
----------------- Done invoking toplevel() on ptolemy.moml.MoMLSimpleApplication@2c73227f
reloadAllAccessors: .PublisherSubscriber5

===========================================================================================
----------------- testing Mon Dec 16 06:26:13 UTC 2019 /home/travis/build/icyphy/ptII/ptolemy/actor/lib/test/auto/PublisherSubscriber6.xml
----------------- Instantiating /home/travis/build/icyphy/ptII/ptolemy/actor/lib/test/auto/PublisherSubscriber6.xml
4 ms. Memory: 532480K Free: 198195K (37%)
----------------- Invoking toplevel() on ptolemy.moml.MoMLSimpleApplication@193dc59e
----------------- Done invoking toplevel() on ptolemy.moml.MoMLSimpleApplication@193dc59e
reloadAllAccessors: .PublisherSubscriber6

===========================================================================================
----------------- testing Mon Dec 16 06:26:13 UTC 2019 /home/travis/build/icyphy/ptII/ptolemy/actor/lib/test/auto/PublisherSubscriber7.xml
----------------- Instantiating /home/travis/build/icyphy/ptII/ptolemy/actor/lib/test/auto/PublisherSubscriber7.xml
7 ms. Memory: 532480K Free: 191531K (36%)
----------------- Invoking toplevel() on ptolemy.moml.MoMLSimpleApplication@5d2e5bf0
----------------- Done invoking toplevel() on ptolemy.moml.MoMLSimpleApplication@5d2e5bf0
reloadAllAccessors: .PublisherSubscriber7

===========================================================================================
----------------- testing Mon Dec 16 06:26:13 UTC 2019 /home/travis/build/icyphy/ptII/ptolemy/actor/lib/test/auto/PublisherSubscriber8.xml
----------------- Instantiating /home/travis/build/icyphy/ptII/ptolemy/actor/lib/test/auto/PublisherSubscriber8.xml
18 ms. Memory: 532480K Free: 179763K (34%)
----------------- Invoking toplevel() on ptolemy.moml.MoMLSimpleApplication@739b1d34
----------------- Done invoking toplevel() on ptolemy.moml.MoMLSimpleApplication@739b1d34
reloadAllAccessors: .PublisherSubscriber8

===========================================================================================
----------------- testing Mon Dec 16 06:26:13 UTC 2019 /home/travis/build/icyphy/ptII/ptolemy/actor/lib/test/auto/PublisherSubscriber9.xml
----------------- Instantiating /home/travis/build/icyphy/ptII/ptolemy/actor/lib/test/auto/PublisherSubscriber9.xml
3 ms. Memory: 532480K Free: 172595K (32%)
----------------- Invoking toplevel() on ptolemy.moml.MoMLSimpleApplication@303f171f
----------------- Done invoking toplevel() on ptolemy.moml.MoMLSimpleApplication@303f171f
reloadAllAccessors: .PublisherSubscriber9

===========================================================================================
----------------- testing Mon Dec 16 06:26:13 UTC 2019 /home/travis/build/icyphy/ptII/ptolemy/actor/lib/test/auto/PublisherSubscriberAdjacent.xml
----------------- Instantiating /home/travis/build/icyphy/ptII/ptolemy/actor/lib/test/auto/PublisherSubscriberAdjacent.xml
1 ms. Memory: 532480K Free: 480690K (90%)
----------------- Invoking toplevel() on ptolemy.moml.MoMLSimpleApplication@48660ea1
----------------- Done invoking toplevel() on ptolemy.moml.MoMLSimpleApplication@48660ea1
reloadAllAccessors: .PublisherSubscriberAdjacent

===========================================================================================
----------------- testing Mon Dec 16 06:26:13 UTC 2019 /home/travis/build/icyphy/ptII/ptolemy/actor/lib/test/auto/PublisherSubscriberChannelVariablesAOC2.xml
----------------- Instantiating /home/travis/build/icyphy/ptII/ptolemy/actor/lib/test/auto/PublisherSubscriberChannelVariablesAOC2.xml
2 ms. Memory: 532480K Free: 465330K (87%)
----------------- Invoking toplevel() on ptolemy.moml.MoMLSimpleApplication@19715bf0
----------------- Done invoking toplevel() on ptolemy.moml.MoMLSimpleApplication@19715bf0
reloadAllAccessors: .PublisherSubscriberChannelVariablesAOC2

===========================================================================================
----------------- testing Mon Dec 16 06:26:13 UTC 2019 /home/travis/build/icyphy/ptII/ptolemy/actor/lib/test/auto/PublisherSubscriberD3.xml
----------------- Instantiating /home/travis/build/icyphy/ptII/ptolemy/actor/lib/test/auto/PublisherSubscriberD3.xml
1 ms. Memory: 532480K Free: 458162K (86%)
----------------- Invoking toplevel() on ptolemy.moml.MoMLSimpleApplication@5f4181c6
----------------- Done invoking toplevel() on ptolemy.moml.MoMLSimpleApplication@5f4181c6
reloadAllAccessors: .PublisherSubscriberD3

===========================================================================================
----------------- testing Mon Dec 16 06:26:13 UTC 2019 /home/travis/build/icyphy/ptII/ptolemy/actor/lib/test/auto/PublisherSubscriberD3Reverse.xml
----------------- Instantiating /home/travis/build/icyphy/ptII/ptolemy/actor/lib/test/auto/PublisherSubscriberD3Reverse.xml
2 ms. Memory: 532480K Free: 452018K (85%)
----------------- Invoking toplevel() on ptolemy.moml.MoMLSimpleApplication@297909e4
----------------- Done invoking toplevel() on ptolemy.moml.MoMLSimpleApplication@297909e4
reloadAllAccessors: .PublisherSubscriberD3Reverse

===========================================================================================
----------------- testing Mon Dec 16 06:26:13 UTC 2019 /home/travis/build/icyphy/ptII/ptolemy/actor/lib/test/auto/PublisherSubscriberExpression.xml
----------------- Instantiating /home/travis/build/icyphy/ptII/ptolemy/actor/lib/test/auto/PublisherSubscriberExpression.xml
3 ms. Memory: 532480K Free: 443826K (83%)
----------------- Invoking toplevel() on ptolemy.moml.MoMLSimpleApplication@4b765067
----------------- Done invoking toplevel() on ptolemy.moml.MoMLSimpleApplication@4b765067
reloadAllAccessors: .PublisherSubscriberExpression

===========================================================================================
----------------- testing Mon Dec 16 06:26:13 UTC 2019 /home/travis/build/icyphy/ptII/ptolemy/actor/lib/test/auto/PublisherSubscriberOpaque.xml
----------------- Instantiating /home/travis/build/icyphy/ptII/ptolemy/actor/lib/test/auto/PublisherSubscriberOpaque.xml
4 ms. Memory: 532480K Free: 435634K (82%)
----------------- Invoking toplevel() on ptolemy.moml.MoMLSimpleApplication@272f53ce
----------------- Done invoking toplevel() on ptolemy.moml.MoMLSimpleApplication@272f53ce
reloadAllAccessors: .PublisherSubscriberOpaque

===========================================================================================
----------------- testing Mon Dec 16 06:26:13 UTC 2019 /home/travis/build/icyphy/ptII/ptolemy/actor/lib/test/auto/PublisherSubscriberOpaqueD3.xml
----------------- Instantiating /home/travis/build/icyphy/ptII/ptolemy/actor/lib/test/auto/PublisherSubscriberOpaqueD3.xml
4 ms. Memory: 532480K Free: 424370K (80%)
----------------- Invoking toplevel() on ptolemy.moml.MoMLSimpleApplication@5fe8e76d
----------------- Done invoking toplevel() on ptolemy.moml.MoMLSimpleApplication@5fe8e76d
reloadAllAccessors: .PublisherSubscriberOpaqueD3

===========================================================================================
----------------- testing Mon Dec 16 06:26:13 UTC 2019 /home/travis/build/icyphy/ptII/ptolemy/actor/lib/test/auto/PublisherSubscriberOpaqueD3Reverse.xml
----------------- Instantiating /home/travis/build/icyphy/ptII/ptolemy/actor/lib/test/auto/PublisherSubscriberOpaqueD3Reverse.xml
8 ms. Memory: 532480K Free: 413616K (78%)
----------------- Invoking toplevel() on ptolemy.moml.MoMLSimpleApplication@103af155
----------------- Done invoking toplevel() on ptolemy.moml.MoMLSimpleApplication@103af155
reloadAllAccessors: .PublisherSubscriberOpaqueD3Reverse

===========================================================================================
----------------- testing Mon Dec 16 06:26:13 UTC 2019 /home/travis/build/icyphy/ptII/ptolemy/actor/lib/test/auto/PublisherSubscriberOpaqueWidthInference.xml
----------------- Instantiating /home/travis/build/icyphy/ptII/ptolemy/actor/lib/test/auto/PublisherSubscriberOpaqueWidthInference.xml
4 ms. Memory: 532480K Free: 405410K (76%)
----------------- Invoking toplevel() on ptolemy.moml.MoMLSimpleApplication@785300e8
----------------- Done invoking toplevel() on ptolemy.moml.MoMLSimpleApplication@785300e8
reloadAllAccessors: .PublisherSubscriberOpaqueWidthInference

===========================================================================================
----------------- testing Mon Dec 16 06:26:13 UTC 2019 /home/travis/build/icyphy/ptII/ptolemy/actor/lib/test/auto/PublisherTestSubscriber.xml
----------------- Instantiating /home/travis/build/icyphy/ptII/ptolemy/actor/lib/test/auto/PublisherTestSubscriber.xml
3 ms. Memory: 532480K Free: 397746K (75%)
----------------- Invoking toplevel() on ptolemy.moml.MoMLSimpleApplication@739351d5
----------------- Done invoking toplevel() on ptolemy.moml.MoMLSimpleApplication@739351d5
reloadAllAccessors: .PublisherTestSubscriber

===========================================================================================
----------------- testing Mon Dec 16 06:26:13 UTC 2019 /home/travis/build/icyphy/ptII/ptolemy/actor/lib/test/auto/PublisherToplevelSubscriberPortAOC.xml
----------------- Instantiating /home/travis/build/icyphy/ptII/ptolemy/actor/lib/test/auto/PublisherToplevelSubscriberPortAOC.xml
2 ms. Memory: 532480K Free: 391602K (74%)
----------------- Invoking toplevel() on ptolemy.moml.MoMLSimpleApplication@7fa2b0d6
----------------- Done invoking toplevel() on ptolemy.moml.MoMLSimpleApplication@7fa2b0d6
reloadAllAccessors: .PublisherToplevelSubscriberPortAOC

===========================================================================================
----------------- testing Mon Dec 16 06:26:13 UTC 2019 /home/travis/build/icyphy/ptII/ptolemy/actor/lib/test/auto/PulseFiringLimitDE.xml
----------------- Instantiating /home/travis/build/icyphy/ptII/ptolemy/actor/lib/test/auto/PulseFiringLimitDE.xml
2 ms. Memory: 532480K Free: 385458K (72%)
----------------- Invoking toplevel() on ptolemy.moml.MoMLSimpleApplication@3b120061
----------------- Done invoking toplevel() on ptolemy.moml.MoMLSimpleApplication@3b120061
reloadAllAccessors: .PulseFiringLimitDE

===========================================================================================
----------------- testing Mon Dec 16 06:26:13 UTC 2019 /home/travis/build/icyphy/ptII/ptolemy/actor/lib/test/auto/Ramp1.xml
----------------- Instantiating /home/travis/build/icyphy/ptII/ptolemy/actor/lib/test/auto/Ramp1.xml
1 ms. Memory: 532480K Free: 381362K (72%)
----------------- Invoking toplevel() on ptolemy.moml.MoMLSimpleApplication@41b9740e
----------------- Done invoking toplevel() on ptolemy.moml.MoMLSimpleApplication@41b9740e
reloadAllAccessors: .Ramp1

===========================================================================================
----------------- testing Mon Dec 16 06:26:13 UTC 2019 /home/travis/build/icyphy/ptII/ptolemy/actor/lib/test/auto/RampFiringLimitDE.xml
----------------- Instantiating /home/travis/build/icyphy/ptII/ptolemy/actor/lib/test/auto/RampFiringLimitDE.xml
2 ms. Memory: 532480K Free: 375714K (71%)
----------------- Invoking toplevel() on ptolemy.moml.MoMLSimpleApplication@33f2afd1
----------------- Done invoking toplevel() on ptolemy.moml.MoMLSimpleApplication@33f2afd1
reloadAllAccessors: .RampFiringLimitDE

===========================================================================================
----------------- testing Mon Dec 16 06:26:13 UTC 2019 /home/travis/build/icyphy/ptII/ptolemy/actor/lib/test/auto/RampFiringLimitSDF.xml
----------------- Instantiating /home/travis/build/icyphy/ptII/ptolemy/actor/lib/test/auto/RampFiringLimitSDF.xml
2 ms. Memory: 532480K Free: 370594K (70%)
----------------- Invoking toplevel() on ptolemy.moml.MoMLSimpleApplication@38017078
----------------- Done invoking toplevel() on ptolemy.moml.MoMLSimpleApplication@38017078
reloadAllAccessors: .RampFiringLimitSDF

===========================================================================================
----------------- testing Mon Dec 16 06:26:13 UTC 2019 /home/travis/build/icyphy/ptII/ptolemy/actor/lib/test/auto/RandomInteger.xml
----------------- Instantiating /home/travis/build/icyphy/ptII/ptolemy/actor/lib/test/auto/RandomInteger.xml
1 ms. Memory: 532480K Free: 366512K (69%)
----------------- Invoking toplevel() on ptolemy.moml.MoMLSimpleApplication@6acc57f
----------------- Done invoking toplevel() on ptolemy.moml.MoMLSimpleApplication@6acc57f
reloadAllAccessors: .RandomInteger

===========================================================================================
----------------- testing Mon Dec 16 06:26:13 UTC 2019 /home/travis/build/icyphy/ptII/ptolemy/actor/lib/test/auto/ReadFile1.xml
----------------- Instantiating /home/travis/build/icyphy/ptII/ptolemy/actor/lib/test/auto/ReadFile1.xml
2 ms. Memory: 532480K Free: 361906K (68%)
----------------- Invoking toplevel() on ptolemy.moml.MoMLSimpleApplication@7f783a21
----------------- Done invoking toplevel() on ptolemy.moml.MoMLSimpleApplication@7f783a21
reloadAllAccessors: .ReadFile1

===========================================================================================
----------------- testing Mon Dec 16 06:26:13 UTC 2019 /home/travis/build/icyphy/ptII/ptolemy/actor/lib/test/auto/ReadFile2.xml
----------------- Instantiating /home/travis/build/icyphy/ptII/ptolemy/actor/lib/test/auto/ReadFile2.xml
1 ms. Memory: 532480K Free: 357810K (67%)
----------------- Invoking toplevel() on ptolemy.moml.MoMLSimpleApplication@292e1b08
----------------- Done invoking toplevel() on ptolemy.moml.MoMLSimpleApplication@292e1b08
reloadAllAccessors: .ReadFile2

===========================================================================================
----------------- testing Mon Dec 16 06:26:13 UTC 2019 /home/travis/build/icyphy/ptII/ptolemy/actor/lib/test/auto/Reader.xml
----------------- Instantiating /home/travis/build/icyphy/ptII/ptolemy/actor/lib/test/auto/Reader.xml
actor.lib.Reader is obsolete, use actor.lib.io.ExpressionReader instead
3 ms. Memory: 532480K Free: 353714K (66%)
----------------- Invoking toplevel() on ptolemy.moml.MoMLSimpleApplication@67e4b028
----------------- Done invoking toplevel() on ptolemy.moml.MoMLSimpleApplication@67e4b028
reloadAllAccessors: .Reader

===========================================================================================
----------------- testing Mon Dec 16 06:26:13 UTC 2019 /home/travis/build/icyphy/ptII/ptolemy/actor/lib/test/auto/RecordAssemblerDisplayNameTest.xml
----------------- Instantiating /home/travis/build/icyphy/ptII/ptolemy/actor/lib/test/auto/RecordAssemblerDisplayNameTest.xml
3189 ms. Memory: 532480K Free: 388932K (73%)
----------------- Invoking toplevel() on ptolemy.moml.MoMLSimpleApplication@8263480
----------------- Done invoking toplevel() on ptolemy.moml.MoMLSimpleApplication@8263480
reloadAllAccessors: .RecordAssemblerDisplayNameTest

===========================================================================================
----------------- testing Mon Dec 16 06:26:16 UTC 2019 /home/travis/build/icyphy/ptII/ptolemy/actor/lib/test/auto/RecordAssemblerTypeError.xml
----------------- Instantiating /home/travis/build/icyphy/ptII/ptolemy/actor/lib/test/auto/RecordAssemblerTypeError.xml
7 ms. Memory: 532480K Free: 379206K (71%)
----------------- Invoking toplevel() on ptolemy.moml.MoMLSimpleApplication@ea8842b
----------------- Done invoking toplevel() on ptolemy.moml.MoMLSimpleApplication@ea8842b
reloadAllAccessors: .RecordAssemblerTypeError

===========================================================================================
----------------- testing Mon Dec 16 06:26:16 UTC 2019 /home/travis/build/icyphy/ptII/ptolemy/actor/lib/test/auto/RecordDisassember.xml
----------------- Instantiating /home/travis/build/icyphy/ptII/ptolemy/actor/lib/test/auto/RecordDisassember.xml
3 ms. Memory: 532480K Free: 374564K (70%)
----------------- Invoking toplevel() on ptolemy.moml.MoMLSimpleApplication@4553e08b
----------------- Done invoking toplevel() on ptolemy.moml.MoMLSimpleApplication@4553e08b
reloadAllAccessors: .RecordDisassember

===========================================================================================
----------------- testing Mon Dec 16 06:26:16 UTC 2019 /home/travis/build/icyphy/ptII/ptolemy/actor/lib/test/auto/RecordDisassemberDisplayNameTest.xml
----------------- Instantiating /home/travis/build/icyphy/ptII/ptolemy/actor/lib/test/auto/RecordDisassemberDisplayNameTest.xml
5 ms. Memory: 532480K Free: 366918K (69%)
----------------- Invoking toplevel() on ptolemy.moml.MoMLSimpleApplication@7550f875
----------------- Done invoking toplevel() on ptolemy.moml.MoMLSimpleApplication@7550f875
reloadAllAccessors: .RecordDisassemberDisplayNameTest

===========================================================================================
----------------- testing Mon Dec 16 06:26:16 UTC 2019 /home/travis/build/icyphy/ptII/ptolemy/actor/lib/test/auto/RecordDisassembler.xml
----------------- Instantiating /home/travis/build/icyphy/ptII/ptolemy/actor/lib/test/auto/RecordDisassembler.xml
2 ms. Memory: 532480K Free: 361798K (68%)
----------------- Invoking toplevel() on ptolemy.moml.MoMLSimpleApplication@58d3ccda
----------------- Done invoking toplevel() on ptolemy.moml.MoMLSimpleApplication@58d3ccda
reloadAllAccessors: .RecordDisassembler

===========================================================================================
----------------- testing Mon Dec 16 06:26:16 UTC 2019 /home/travis/build/icyphy/ptII/ptolemy/actor/lib/test/auto/RecordDisassembler2.xml
----------------- Instantiating /home/travis/build/icyphy/ptII/ptolemy/actor/lib/test/auto/RecordDisassembler2.xml
3 ms. Memory: 532480K Free: 356678K (67%)
----------------- Invoking toplevel() on ptolemy.moml.MoMLSimpleApplication@2bbc70b4
----------------- Done invoking toplevel() on ptolemy.moml.MoMLSimpleApplication@2bbc70b4
reloadAllAccessors: .RecordDisassembler2

===========================================================================================
----------------- testing Mon Dec 16 06:26:16 UTC 2019 /home/travis/build/icyphy/ptII/ptolemy/actor/lib/test/auto/RecordUpdater.xml
----------------- Instantiating /home/travis/build/icyphy/ptII/ptolemy/actor/lib/test/auto/RecordUpdater.xml
2 ms. Memory: 532480K Free: 351044K (66%)
----------------- Invoking toplevel() on ptolemy.moml.MoMLSimpleApplication@535c0505
----------------- Done invoking toplevel() on ptolemy.moml.MoMLSimpleApplication@535c0505
reloadAllAccessors: .RecordUpdater

===========================================================================================
----------------- testing Mon Dec 16 06:26:16 UTC 2019 /home/travis/build/icyphy/ptII/ptolemy/actor/lib/test/auto/RecordUpdater2.xml
----------------- Instantiating /home/travis/build/icyphy/ptII/ptolemy/actor/lib/test/auto/RecordUpdater2.xml
2 ms. Memory: 532480K Free: 345924K (65%)
----------------- Invoking toplevel() on ptolemy.moml.MoMLSimpleApplication@5fb856bf
----------------- Done invoking toplevel() on ptolemy.moml.MoMLSimpleApplication@5fb856bf
reloadAllAccessors: .RecordUpdater2

===========================================================================================
----------------- testing Mon Dec 16 06:26:16 UTC 2019 /home/travis/build/icyphy/ptII/ptolemy/actor/lib/test/auto/RecursiveLattice.xml
----------------- Instantiating /home/travis/build/icyphy/ptII/ptolemy/actor/lib/test/auto/RecursiveLattice.xml
1 ms. Memory: 532480K Free: 341828K (64%)
----------------- Invoking toplevel() on ptolemy.moml.MoMLSimpleApplication@19b3d9b0
----------------- Done invoking toplevel() on ptolemy.moml.MoMLSimpleApplication@19b3d9b0
reloadAllAccessors: .RecursiveLattice

===========================================================================================
----------------- testing Mon Dec 16 06:26:16 UTC 2019 /home/travis/build/icyphy/ptII/ptolemy/actor/lib/test/auto/Router.xml
----------------- Instantiating /home/travis/build/icyphy/ptII/ptolemy/actor/lib/test/auto/Router.xml
3004 ms. Memory: 532480K Free: 331078K (62%)
----------------- Invoking toplevel() on ptolemy.moml.MoMLSimpleApplication@6b37a3dd
----------------- Done invoking toplevel() on ptolemy.moml.MoMLSimpleApplication@6b37a3dd
reloadAllAccessors: .Router

===========================================================================================
----------------- testing Mon Dec 16 06:26:19 UTC 2019 /home/travis/build/icyphy/ptII/ptolemy/actor/lib/test/auto/Router2.xml
----------------- Instantiating /home/travis/build/icyphy/ptII/ptolemy/actor/lib/test/auto/Router2.xml
3005 ms. Memory: 532480K Free: 321348K (60%)
----------------- Invoking toplevel() on ptolemy.moml.MoMLSimpleApplication@780d194d
----------------- Done invoking toplevel() on ptolemy.moml.MoMLSimpleApplication@780d194d
reloadAllAccessors: .Router2

===========================================================================================
----------------- testing Mon Dec 16 06:26:22 UTC 2019 /home/travis/build/icyphy/ptII/ptolemy/actor/lib/test/auto/RunningMaximum.xml
----------------- Instantiating /home/travis/build/icyphy/ptII/ptolemy/actor/lib/test/auto/RunningMaximum.xml
2 ms. Memory: 532480K Free: 316742K (59%)
----------------- Invoking toplevel() on ptolemy.moml.MoMLSimpleApplication@2e594f35
----------------- Done invoking toplevel() on ptolemy.moml.MoMLSimpleApplication@2e594f35
reloadAllAccessors: .RunningMaximum

===========================================================================================
----------------- testing Mon Dec 16 06:26:22 UTC 2019 /home/travis/build/icyphy/ptII/ptolemy/actor/lib/test/auto/RunningMinimum.xml
----------------- Instantiating /home/travis/build/icyphy/ptII/ptolemy/actor/lib/test/auto/RunningMinimum.xml
9 ms. Memory: 532480K Free: 312132K (59%)
----------------- Invoking toplevel() on ptolemy.moml.MoMLSimpleApplication@2f49780d
----------------- Done invoking toplevel() on ptolemy.moml.MoMLSimpleApplication@2f49780d
reloadAllAccessors: .RunningMinimum

===========================================================================================
----------------- testing Mon Dec 16 06:26:22 UTC 2019 /home/travis/build/icyphy/ptII/ptolemy/actor/lib/test/auto/Scale.xml
----------------- Instantiating /home/travis/build/icyphy/ptII/ptolemy/actor/lib/test/auto/Scale.xml
4 ms. Memory: 532480K Free: 307526K (58%)
----------------- Invoking toplevel() on ptolemy.moml.MoMLSimpleApplication@b16a747
----------------- Done invoking toplevel() on ptolemy.moml.MoMLSimpleApplication@b16a747
reloadAllAccessors: .Scale

===========================================================================================
----------------- testing Mon Dec 16 06:26:22 UTC 2019 /home/travis/build/icyphy/ptII/ptolemy/actor/lib/test/auto/Scale2.xml
----------------- Instantiating /home/travis/build/icyphy/ptII/ptolemy/actor/lib/test/auto/Scale2.xml
1 ms. Memory: 532480K Free: 302916K (57%)
----------------- Invoking toplevel() on ptolemy.moml.MoMLSimpleApplication@5b0b7b4f
----------------- Done invoking toplevel() on ptolemy.moml.MoMLSimpleApplication@5b0b7b4f
reloadAllAccessors: .Scale2

===========================================================================================
----------------- testing Mon Dec 16 06:26:22 UTC 2019 /home/travis/build/icyphy/ptII/ptolemy/actor/lib/test/auto/Scale3.xml
----------------- Instantiating /home/travis/build/icyphy/ptII/ptolemy/actor/lib/test/auto/Scale3.xml
3 ms. Memory: 532480K Free: 296262K (56%)
----------------- Invoking toplevel() on ptolemy.moml.MoMLSimpleApplication@2d66fb71
----------------- Done invoking toplevel() on ptolemy.moml.MoMLSimpleApplication@2d66fb71
reloadAllAccessors: .Scale3

===========================================================================================
----------------- testing Mon Dec 16 06:26:22 UTC 2019 /home/travis/build/icyphy/ptII/ptolemy/actor/lib/test/auto/ScaleArray.xml
----------------- Instantiating /home/travis/build/icyphy/ptII/ptolemy/actor/lib/test/auto/ScaleArray.xml
2 ms. Memory: 532480K Free: 291652K (55%)
----------------- Invoking toplevel() on ptolemy.moml.MoMLSimpleApplication@59213298
----------------- Done invoking toplevel() on ptolemy.moml.MoMLSimpleApplication@59213298
reloadAllAccessors: .ScaleArray

===========================================================================================
----------------- testing Mon Dec 16 06:26:22 UTC 2019 /home/travis/build/icyphy/ptII/ptolemy/actor/lib/test/auto/ScaleArray2.xml
----------------- Instantiating /home/travis/build/icyphy/ptII/ptolemy/actor/lib/test/auto/ScaleArray2.xml
1 ms. Memory: 532480K Free: 287046K (54%)
----------------- Invoking toplevel() on ptolemy.moml.MoMLSimpleApplication@780196b
----------------- Done invoking toplevel() on ptolemy.moml.MoMLSimpleApplication@780196b
reloadAllAccessors: .ScaleArray2

===========================================================================================
----------------- testing Mon Dec 16 06:26:22 UTC 2019 /home/travis/build/icyphy/ptII/ptolemy/actor/lib/test/auto/ScaleMatrix.xml
----------------- Instantiating /home/travis/build/icyphy/ptII/ptolemy/actor/lib/test/auto/ScaleMatrix.xml
113 ms. Memory: 532480K Free: 273734K (51%)
----------------- Invoking toplevel() on ptolemy.moml.MoMLSimpleApplication@5146c78f
----------------- Done invoking toplevel() on ptolemy.moml.MoMLSimpleApplication@5146c78f
reloadAllAccessors: .ScaleMatrix

===========================================================================================
----------------- testing Mon Dec 16 06:26:23 UTC 2019 /home/travis/build/icyphy/ptII/ptolemy/actor/lib/test/auto/Select.xml
----------------- Instantiating /home/travis/build/icyphy/ptII/ptolemy/actor/lib/test/auto/Select.xml
2 ms. Memory: 532480K Free: 267070K (50%)
----------------- Invoking toplevel() on ptolemy.moml.MoMLSimpleApplication@30ca3b0
----------------- Done invoking toplevel() on ptolemy.moml.MoMLSimpleApplication@30ca3b0
reloadAllAccessors: .Select

===========================================================================================
----------------- testing Mon Dec 16 06:26:23 UTC 2019 /home/travis/build/icyphy/ptII/ptolemy/actor/lib/test/auto/Select2.xml
----------------- Instantiating /home/travis/build/icyphy/ptII/ptolemy/actor/lib/test/auto/Select2.xml
2 ms. Memory: 532480K Free: 262470K (49%)
----------------- Invoking toplevel() on ptolemy.moml.MoMLSimpleApplication@7cd43fad
----------------- Done invoking toplevel() on ptolemy.moml.MoMLSimpleApplication@7cd43fad
reloadAllAccessors: .Select2

===========================================================================================
----------------- testing Mon Dec 16 06:26:23 UTC 2019 /home/travis/build/icyphy/ptII/ptolemy/actor/lib/test/auto/SequenceToArray2.xml
----------------- Instantiating /home/travis/build/icyphy/ptII/ptolemy/actor/lib/test/auto/SequenceToArray2.xml
93 ms. Memory: 532480K Free: 238404K (45%)
----------------- Invoking toplevel() on ptolemy.moml.MoMLSimpleApplication@2ee2164a
----------------- Done invoking toplevel() on ptolemy.moml.MoMLSimpleApplication@2ee2164a
reloadAllAccessors: .SequenceToArray2

===========================================================================================
----------------- testing Mon Dec 16 06:26:23 UTC 2019 /home/travis/build/icyphy/ptII/ptolemy/actor/lib/test/auto/SequentialClock.xml
----------------- Instantiating /home/travis/build/icyphy/ptII/ptolemy/actor/lib/test/auto/SequentialClock.xml
2 ms. Memory: 532480K Free: 234308K (44%)
----------------- Invoking toplevel() on ptolemy.moml.MoMLSimpleApplication@131fc5de
----------------- Done invoking toplevel() on ptolemy.moml.MoMLSimpleApplication@131fc5de
reloadAllAccessors: .SequentialClock

===========================================================================================
----------------- testing Mon Dec 16 06:26:23 UTC 2019 /home/travis/build/icyphy/ptII/ptolemy/actor/lib/test/auto/SetVariable.xml
----------------- Instantiating /home/travis/build/icyphy/ptII/ptolemy/actor/lib/test/auto/SetVariable.xml
2 ms. Memory: 532480K Free: 229702K (43%)
----------------- Invoking toplevel() on ptolemy.moml.MoMLSimpleApplication@286f0e96
----------------- Done invoking toplevel() on ptolemy.moml.MoMLSimpleApplication@286f0e96
reloadAllAccessors: .SetVariable

===========================================================================================
----------------- testing Mon Dec 16 06:26:23 UTC 2019 /home/travis/build/icyphy/ptII/ptolemy/actor/lib/test/auto/SetVariable2.xml
----------------- Instantiating /home/travis/build/icyphy/ptII/ptolemy/actor/lib/test/auto/SetVariable2.xml
4 ms. Memory: 532480K Free: 224582K (42%)
----------------- Invoking toplevel() on ptolemy.moml.MoMLSimpleApplication@5b9363ce
----------------- Done invoking toplevel() on ptolemy.moml.MoMLSimpleApplication@5b9363ce
reloadAllAccessors: .SetVariable2

===========================================================================================
----------------- testing Mon Dec 16 06:26:23 UTC 2019 /home/travis/build/icyphy/ptII/ptolemy/actor/lib/test/auto/SetVariable3.xml
----------------- Instantiating /home/travis/build/icyphy/ptII/ptolemy/actor/lib/test/auto/SetVariable3.xml
8 ms. Memory: 532480K Free: 219462K (41%)
----------------- Invoking toplevel() on ptolemy.moml.MoMLSimpleApplication@725581ad
----------------- Done invoking toplevel() on ptolemy.moml.MoMLSimpleApplication@725581ad
reloadAllAccessors: .SetVariable3

===========================================================================================
----------------- testing Mon Dec 16 06:26:23 UTC 2019 /home/travis/build/icyphy/ptII/ptolemy/actor/lib/test/auto/SetVariable4.xml
----------------- Instantiating /home/travis/build/icyphy/ptII/ptolemy/actor/lib/test/auto/SetVariable4.xml
19 ms. Memory: 532480K Free: 209222K (39%)
----------------- Invoking toplevel() on ptolemy.moml.MoMLSimpleApplication@78bd43ae
----------------- Done invoking toplevel() on ptolemy.moml.MoMLSimpleApplication@78bd43ae
reloadAllAccessors: .SetVariable4

===========================================================================================
----------------- testing Mon Dec 16 06:26:23 UTC 2019 /home/travis/build/icyphy/ptII/ptolemy/actor/lib/test/auto/SetVariable5.xml
----------------- Instantiating /home/travis/build/icyphy/ptII/ptolemy/actor/lib/test/auto/SetVariable5.xml
19 ms. Memory: 532480K Free: 200006K (38%)
----------------- Invoking toplevel() on ptolemy.moml.MoMLSimpleApplication@78966d80
----------------- Done invoking toplevel() on ptolemy.moml.MoMLSimpleApplication@78966d80
reloadAllAccessors: .SetVariable5

===========================================================================================
----------------- testing Mon Dec 16 06:26:23 UTC 2019 /home/travis/build/icyphy/ptII/ptolemy/actor/lib/test/auto/Sinewave.xml
----------------- Instantiating /home/travis/build/icyphy/ptII/ptolemy/actor/lib/test/auto/Sinewave.xml
7 ms. Memory: 532480K Free: 189766K (36%)
----------------- Invoking toplevel() on ptolemy.moml.MoMLSimpleApplication@10bc68c2
----------------- Done invoking toplevel() on ptolemy.moml.MoMLSimpleApplication@10bc68c2
reloadAllAccessors: .Sinewave

===========================================================================================
----------------- testing Mon Dec 16 06:26:23 UTC 2019 /home/travis/build/icyphy/ptII/ptolemy/actor/lib/test/auto/Sinewave2.xml
----------------- Instantiating /home/travis/build/icyphy/ptII/ptolemy/actor/lib/test/auto/Sinewave2.xml
6 ms. Memory: 532480K Free: 181574K (34%)
----------------- Invoking toplevel() on ptolemy.moml.MoMLSimpleApplication@5b229247
----------------- Done invoking toplevel() on ptolemy.moml.MoMLSimpleApplication@5b229247
reloadAllAccessors: .Sinewave2

===========================================================================================
----------------- testing Mon Dec 16 06:26:23 UTC 2019 /home/travis/build/icyphy/ptII/ptolemy/actor/lib/test/auto/Sinewave3.xml
----------------- Instantiating /home/travis/build/icyphy/ptII/ptolemy/actor/lib/test/auto/Sinewave3.xml
8 ms. Memory: 532480K Free: 173382K (33%)
----------------- Invoking toplevel() on ptolemy.moml.MoMLSimpleApplication@3352191a
----------------- Done invoking toplevel() on ptolemy.moml.MoMLSimpleApplication@3352191a
reloadAllAccessors: .Sinewave3

===========================================================================================
----------------- testing Mon Dec 16 06:26:23 UTC 2019 /home/travis/build/icyphy/ptII/ptolemy/actor/lib/test/auto/SingleEvent.xml
----------------- Instantiating /home/travis/build/icyphy/ptII/ptolemy/actor/lib/test/auto/SingleEvent.xml
1 ms. Memory: 532480K Free: 169286K (32%)
----------------- Invoking toplevel() on ptolemy.moml.MoMLSimpleApplication@14e5161b
----------------- Done invoking toplevel() on ptolemy.moml.MoMLSimpleApplication@14e5161b
reloadAllAccessors: .SingleEvent

===========================================================================================
----------------- testing Mon Dec 16 06:26:23 UTC 2019 /home/travis/build/icyphy/ptII/ptolemy/actor/lib/test/auto/Sleep.xml
----------------- Instantiating /home/travis/build/icyphy/ptII/ptolemy/actor/lib/test/auto/Sleep.xml
6003 ms. Memory: 532480K Free: 480144K (90%)
----------------- Invoking toplevel() on ptolemy.moml.MoMLSimpleApplication@6dd71b9
----------------- Done invoking toplevel() on ptolemy.moml.MoMLSimpleApplication@6dd71b9
reloadAllAccessors: .Sleep

===========================================================================================
----------------- testing Mon Dec 16 06:26:29 UTC 2019 /home/travis/build/icyphy/ptII/ptolemy/actor/lib/test/auto/SleepMultipleFire.xml
----------------- Instantiating /home/travis/build/icyphy/ptII/ptolemy/actor/lib/test/auto/SleepMultipleFire.xml
1005 ms. Memory: 532480K Free: 474000K (89%)
----------------- Invoking toplevel() on ptolemy.moml.MoMLSimpleApplication@fc786b4
----------------- Done invoking toplevel() on ptolemy.moml.MoMLSimpleApplication@fc786b4
reloadAllAccessors: .SleepMultipleFire

===========================================================================================
----------------- testing Mon Dec 16 06:26:30 UTC 2019 /home/travis/build/icyphy/ptII/ptolemy/actor/lib/test/auto/StopDE.xml
----------------- Instantiating /home/travis/build/icyphy/ptII/ptolemy/actor/lib/test/auto/StopDE.xml
2 ms. Memory: 532480K Free: 468370K (88%)
----------------- Invoking toplevel() on ptolemy.moml.MoMLSimpleApplication@4f29ad58
----------------- Done invoking toplevel() on ptolemy.moml.MoMLSimpleApplication@4f29ad58
reloadAllAccessors: .StopDE

===========================================================================================
----------------- testing Mon Dec 16 06:26:30 UTC 2019 /home/travis/build/icyphy/ptII/ptolemy/actor/lib/test/auto/StopSDF.xml
----------------- Instantiating /home/travis/build/icyphy/ptII/ptolemy/actor/lib/test/auto/StopSDF.xml
2 ms. Memory: 532480K Free: 463250K (87%)
----------------- Invoking toplevel() on ptolemy.moml.MoMLSimpleApplication@5255e5ba
----------------- Done invoking toplevel() on ptolemy.moml.MoMLSimpleApplication@5255e5ba
reloadAllAccessors: .StopSDF

===========================================================================================
----------------- testing Mon Dec 16 06:26:30 UTC 2019 /home/travis/build/icyphy/ptII/ptolemy/actor/lib/test/auto/StringConstant.xml
----------------- Instantiating /home/travis/build/icyphy/ptII/ptolemy/actor/lib/test/auto/StringConstant.xml
2 ms. Memory: 532480K Free: 459154K (86%)
----------------- Invoking toplevel() on ptolemy.moml.MoMLSimpleApplication@3f8ef3ba
----------------- Done invoking toplevel() on ptolemy.moml.MoMLSimpleApplication@3f8ef3ba
reloadAllAccessors: .StringConstant

===========================================================================================
----------------- testing Mon Dec 16 06:26:30 UTC 2019 /home/travis/build/icyphy/ptII/ptolemy/actor/lib/test/auto/SubscriberPortInitialValues1.xml
----------------- Instantiating /home/travis/build/icyphy/ptII/ptolemy/actor/lib/test/auto/SubscriberPortInitialValues1.xml
11 ms. Memory: 532480K Free: 450448K (85%)
----------------- Invoking toplevel() on ptolemy.moml.MoMLSimpleApplication@327b4f60
----------------- Done invoking toplevel() on ptolemy.moml.MoMLSimpleApplication@327b4f60
reloadAllAccessors: .SubscriberPortInitialValues1

===========================================================================================
----------------- testing Mon Dec 16 06:26:30 UTC 2019 /home/travis/build/icyphy/ptII/ptolemy/actor/lib/test/auto/SubscriberPortInitialValues13.xml
----------------- Instantiating /home/travis/build/icyphy/ptII/ptolemy/actor/lib/test/auto/SubscriberPortInitialValues13.xml
8 ms. Memory: 532480K Free: 437650K (82%)
----------------- Invoking toplevel() on ptolemy.moml.MoMLSimpleApplication@33dc1ea1
----------------- Done invoking toplevel() on ptolemy.moml.MoMLSimpleApplication@33dc1ea1
reloadAllAccessors: .SubscriberPortInitialValues13

===========================================================================================
----------------- testing Mon Dec 16 06:26:30 UTC 2019 /home/travis/build/icyphy/ptII/ptolemy/actor/lib/test/auto/SubscriberPortInitialValues14.xml
----------------- Instantiating /home/travis/build/icyphy/ptII/ptolemy/actor/lib/test/auto/SubscriberPortInitialValues14.xml
3 ms. Memory: 532480K Free: 429968K (81%)
----------------- Invoking toplevel() on ptolemy.moml.MoMLSimpleApplication@5ea9778c
----------------- Done invoking toplevel() on ptolemy.moml.MoMLSimpleApplication@5ea9778c
reloadAllAccessors: .SubscriberPortInitialValues14

===========================================================================================
----------------- testing Mon Dec 16 06:26:30 UTC 2019 /home/travis/build/icyphy/ptII/ptolemy/actor/lib/test/auto/SubscriberPortInitialValues2.xml
----------------- Instantiating /home/travis/build/icyphy/ptII/ptolemy/actor/lib/test/auto/SubscriberPortInitialValues2.xml
4 ms. Memory: 532480K Free: 422290K (79%)
----------------- Invoking toplevel() on ptolemy.moml.MoMLSimpleApplication@3fa110b0
----------------- Done invoking toplevel() on ptolemy.moml.MoMLSimpleApplication@3fa110b0
reloadAllAccessors: .SubscriberPortInitialValues2

===========================================================================================
----------------- testing Mon Dec 16 06:26:30 UTC 2019 /home/travis/build/icyphy/ptII/ptolemy/actor/lib/test/auto/SubscriberPortInitialValues3.xml
----------------- Instantiating /home/travis/build/icyphy/ptII/ptolemy/actor/lib/test/auto/SubscriberPortInitialValues3.xml
5 ms. Memory: 532480K Free: 411026K (77%)
----------------- Invoking toplevel() on ptolemy.moml.MoMLSimpleApplication@ebfdaa
----------------- Done invoking toplevel() on ptolemy.moml.MoMLSimpleApplication@ebfdaa
reloadAllAccessors: .SubscriberPortInitialValues3

===========================================================================================
----------------- testing Mon Dec 16 06:26:30 UTC 2019 /home/travis/build/icyphy/ptII/ptolemy/actor/lib/test/auto/SubscriptionAggregator.xml
----------------- Instantiating /home/travis/build/icyphy/ptII/ptolemy/actor/lib/test/auto/SubscriptionAggregator.xml
2 ms. Memory: 532480K Free: 404354K (76%)
----------------- Invoking toplevel() on ptolemy.moml.MoMLSimpleApplication@265071fa
----------------- Done invoking toplevel() on ptolemy.moml.MoMLSimpleApplication@265071fa
reloadAllAccessors: .SubscriptionAggregator

===========================================================================================
----------------- testing Mon Dec 16 06:26:30 UTC 2019 /home/travis/build/icyphy/ptII/ptolemy/actor/lib/test/auto/SubscriptionAggregator2.xml
----------------- Instantiating /home/travis/build/icyphy/ptII/ptolemy/actor/lib/test/auto/SubscriptionAggregator2.xml
3 ms. Memory: 532480K Free: 397714K (75%)
----------------- Invoking toplevel() on ptolemy.moml.MoMLSimpleApplication@51c041e9
----------------- Done invoking toplevel() on ptolemy.moml.MoMLSimpleApplication@51c041e9
reloadAllAccessors: .SubscriptionAggregator2

===========================================================================================
----------------- testing Mon Dec 16 06:26:30 UTC 2019 /home/travis/build/icyphy/ptII/ptolemy/actor/lib/test/auto/SubscriptionAggregator3.xml
----------------- Instantiating /home/travis/build/icyphy/ptII/ptolemy/actor/lib/test/auto/SubscriptionAggregator3.xml
4 ms. Memory: 532480K Free: 388994K (73%)
----------------- Invoking toplevel() on ptolemy.moml.MoMLSimpleApplication@191948bc
----------------- Done invoking toplevel() on ptolemy.moml.MoMLSimpleApplication@191948bc
reloadAllAccessors: .SubscriptionAggregator3

===========================================================================================
----------------- testing Mon Dec 16 06:26:30 UTC 2019 /home/travis/build/icyphy/ptII/ptolemy/actor/lib/test/auto/SubscriptionAggregatorMultiply.xml
----------------- Instantiating /home/travis/build/icyphy/ptII/ptolemy/actor/lib/test/auto/SubscriptionAggregatorMultiply.xml
10 ms. Memory: 532480K Free: 380810K (72%)
----------------- Invoking toplevel() on ptolemy.moml.MoMLSimpleApplication@5c8068ca
----------------- Done invoking toplevel() on ptolemy.moml.MoMLSimpleApplication@5c8068ca
reloadAllAccessors: .SubscriptionAggregatorMultiply

===========================================================================================
----------------- testing Mon Dec 16 06:26:30 UTC 2019 /home/travis/build/icyphy/ptII/ptolemy/actor/lib/test/auto/SubscriptionAggregatorPortMultiply1.xml
----------------- Instantiating /home/travis/build/icyphy/ptII/ptolemy/actor/lib/test/auto/SubscriptionAggregatorPortMultiply1.xml
3 ms. Memory: 532480K Free: 372624K (70%)
----------------- Invoking toplevel() on ptolemy.moml.MoMLSimpleApplication@7d38c764
----------------- Done invoking toplevel() on ptolemy.moml.MoMLSimpleApplication@7d38c764
reloadAllAccessors: .SubscriptionAggregatorPortMultiply1

===========================================================================================
----------------- testing Mon Dec 16 06:26:30 UTC 2019 /home/travis/build/icyphy/ptII/ptolemy/actor/lib/test/auto/Switch.xml
----------------- Instantiating /home/travis/build/icyphy/ptII/ptolemy/actor/lib/test/auto/Switch.xml
7 ms. Memory: 532480K Free: 363922K (68%)
----------------- Invoking toplevel() on ptolemy.moml.MoMLSimpleApplication@2d5f94d6
----------------- Done invoking toplevel() on ptolemy.moml.MoMLSimpleApplication@2d5f94d6
reloadAllAccessors: .Switch

===========================================================================================
----------------- testing Mon Dec 16 06:26:30 UTC 2019 /home/travis/build/icyphy/ptII/ptolemy/actor/lib/test/auto/Switch2.xml
----------------- Instantiating /home/travis/build/icyphy/ptII/ptolemy/actor/lib/test/auto/Switch2.xml
1 ms. Memory: 532480K Free: 359312K (67%)
----------------- Invoking toplevel() on ptolemy.moml.MoMLSimpleApplication@29b8ce18
----------------- Done invoking toplevel() on ptolemy.moml.MoMLSimpleApplication@29b8ce18
reloadAllAccessors: .Switch2

===========================================================================================
----------------- testing Mon Dec 16 06:26:30 UTC 2019 /home/travis/build/icyphy/ptII/ptolemy/actor/lib/test/auto/SwitchDE.xml
----------------- Instantiating /home/travis/build/icyphy/ptII/ptolemy/actor/lib/test/auto/SwitchDE.xml
4 ms. Memory: 532480K Free: 353154K (66%)
----------------- Invoking toplevel() on ptolemy.moml.MoMLSimpleApplication@20a7cdf9
----------------- Done invoking toplevel() on ptolemy.moml.MoMLSimpleApplication@20a7cdf9
reloadAllAccessors: .SwitchDE

===========================================================================================
----------------- testing Mon Dec 16 06:26:30 UTC 2019 /home/travis/build/icyphy/ptII/ptolemy/actor/lib/test/auto/SynchronizerDE.xml
----------------- Instantiating /home/travis/build/icyphy/ptII/ptolemy/actor/lib/test/auto/SynchronizerDE.xml
7 ms. Memory: 532480K Free: 344946K (65%)
----------------- Invoking toplevel() on ptolemy.moml.MoMLSimpleApplication@71a3c0ff
----------------- Done invoking toplevel() on ptolemy.moml.MoMLSimpleApplication@71a3c0ff
reloadAllAccessors: .SynchronizerDE

===========================================================================================
----------------- testing Mon Dec 16 06:26:30 UTC 2019 /home/travis/build/icyphy/ptII/ptolemy/actor/lib/test/auto/Test.xml
----------------- Instantiating /home/travis/build/icyphy/ptII/ptolemy/actor/lib/test/auto/Test.xml
11 ms. Memory: 532480K Free: 339842K (64%)
----------------- Invoking toplevel() on ptolemy.moml.MoMLSimpleApplication@5542f708
----------------- Done invoking toplevel() on ptolemy.moml.MoMLSimpleApplication@5542f708
reloadAllAccessors: .Test

===========================================================================================
----------------- testing Mon Dec 16 06:26:30 UTC 2019 /home/travis/build/icyphy/ptII/ptolemy/actor/lib/test/auto/TestExceptionAttribute1.xml
----------------- Instantiating /home/travis/build/icyphy/ptII/ptolemy/actor/lib/test/auto/TestExceptionAttribute1.xml
1 ms. Memory: 532480K Free: 336274K (63%)
----------------- Invoking toplevel() on ptolemy.moml.MoMLSimpleApplication@3ca76adc
----------------- Done invoking toplevel() on ptolemy.moml.MoMLSimpleApplication@3ca76adc
reloadAllAccessors: .TestExceptionAttribute1

===========================================================================================
----------------- testing Mon Dec 16 06:26:30 UTC 2019 /home/travis/build/icyphy/ptII/ptolemy/actor/lib/test/auto/TestExceptionAttribute2.xml
----------------- Instantiating /home/travis/build/icyphy/ptII/ptolemy/actor/lib/test/auto/TestExceptionAttribute2.xml
1 ms. Memory: 532480K Free: 332688K (62%)
----------------- Invoking toplevel() on ptolemy.moml.MoMLSimpleApplication@9d2fad5
----------------- Done invoking toplevel() on ptolemy.moml.MoMLSimpleApplication@9d2fad5
reloadAllAccessors: .TestExceptionAttribute2

===========================================================================================
----------------- testing Mon Dec 16 06:26:30 UTC 2019 /home/travis/build/icyphy/ptII/ptolemy/actor/lib/test/auto/TestExceptionAttribute3.xml
----------------- Instantiating /home/travis/build/icyphy/ptII/ptolemy/actor/lib/test/auto/TestExceptionAttribute3.xml
.TestExceptionAttribute3.TestExceptionAttribute: initialize() was not invoked, but wrapup() was.  This is unusual, but not always a problem.  For example, exporting JNLP will do this.
1 ms. Memory: 532480K Free: 329106K (62%)
----------------- Invoking toplevel() on ptolemy.moml.MoMLSimpleApplication@19b8eb71
----------------- Done invoking toplevel() on ptolemy.moml.MoMLSimpleApplication@19b8eb71
reloadAllAccessors: .TestExceptionAttribute3

===========================================================================================
----------------- testing Mon Dec 16 06:26:30 UTC 2019 /home/travis/build/icyphy/ptII/ptolemy/actor/lib/test/auto/TestExceptionAttribute4.xml
----------------- Instantiating /home/travis/build/icyphy/ptII/ptolemy/actor/lib/test/auto/TestExceptionAttribute4.xml
.TestExceptionAttribute4.TestExceptionAttribute: initialize() was not invoked, but wrapup() was.  This is unusual, but not always a problem.  For example, exporting JNLP will do this.
.TestExceptionAttribute4.TestExceptionAttribute2: initialize() was not invoked, but wrapup() was.  This is unusual, but not always a problem.  For example, exporting JNLP will do this.
1 ms. Memory: 532480K Free: 325010K (61%)
----------------- Invoking toplevel() on ptolemy.moml.MoMLSimpleApplication@4819e2de
----------------- Done invoking toplevel() on ptolemy.moml.MoMLSimpleApplication@4819e2de
reloadAllAccessors: .TestExceptionAttribute4

===========================================================================================
----------------- testing Mon Dec 16 06:26:30 UTC 2019 /home/travis/build/icyphy/ptII/ptolemy/actor/lib/test/auto/TestExceptionHandler1.xml
----------------- Instantiating /home/travis/build/icyphy/ptII/ptolemy/actor/lib/test/auto/TestExceptionHandler1.xml
1 ms. Memory: 532480K Free: 320914K (60%)
----------------- Invoking toplevel() on ptolemy.moml.MoMLSimpleApplication@772c8460
----------------- Done invoking toplevel() on ptolemy.moml.MoMLSimpleApplication@772c8460
reloadAllAccessors: .TestExceptionHandler1

===========================================================================================
----------------- testing Mon Dec 16 06:26:30 UTC 2019 /home/travis/build/icyphy/ptII/ptolemy/actor/lib/test/auto/TestExceptionHandler2.xml
----------------- Instantiating /home/travis/build/icyphy/ptII/ptolemy/actor/lib/test/auto/TestExceptionHandler2.xml
1 ms. Memory: 532480K Free: 317328K (60%)
----------------- Invoking toplevel() on ptolemy.moml.MoMLSimpleApplication@3c83a2a
----------------- Done invoking toplevel() on ptolemy.moml.MoMLSimpleApplication@3c83a2a
reloadAllAccessors: .TestExceptionHandler2

===========================================================================================
----------------- testing Mon Dec 16 06:26:30 UTC 2019 /home/travis/build/icyphy/ptII/ptolemy/actor/lib/test/auto/TestExceptionHandler3.xml
----------------- Instantiating /home/travis/build/icyphy/ptII/ptolemy/actor/lib/test/auto/TestExceptionHandler3.xml
0 ms. Memory: 532480K Free: 313746K (59%)
----------------- Invoking toplevel() on ptolemy.moml.MoMLSimpleApplication@5adcde60
----------------- Done invoking toplevel() on ptolemy.moml.MoMLSimpleApplication@5adcde60
reloadAllAccessors: .TestExceptionHandler3

===========================================================================================
----------------- testing Mon Dec 16 06:26:30 UTC 2019 /home/travis/build/icyphy/ptII/ptolemy/actor/lib/test/auto/TestExceptionHandler4.xml
----------------- Instantiating /home/travis/build/icyphy/ptII/ptolemy/actor/lib/test/auto/TestExceptionHandler4.xml
0 ms. Memory: 532480K Free: 309650K (58%)
----------------- Invoking toplevel() on ptolemy.moml.MoMLSimpleApplication@1e40a267
----------------- Done invoking toplevel() on ptolemy.moml.MoMLSimpleApplication@1e40a267
reloadAllAccessors: .TestExceptionHandler4

===========================================================================================
----------------- testing Mon Dec 16 06:26:30 UTC 2019 /home/travis/build/icyphy/ptII/ptolemy/actor/lib/test/auto/TestRequireCorrectOrder.xml
----------------- Instantiating /home/travis/build/icyphy/ptII/ptolemy/actor/lib/test/auto/TestRequireCorrectOrder.xml
6 ms. Memory: 532480K Free: 304530K (57%)
----------------- Invoking toplevel() on ptolemy.moml.MoMLSimpleApplication@145d404e
----------------- Done invoking toplevel() on ptolemy.moml.MoMLSimpleApplication@145d404e
reloadAllAccessors: .TestRequireCorrectOrder

===========================================================================================
----------------- testing Mon Dec 16 06:26:30 UTC 2019 /home/travis/build/icyphy/ptII/ptolemy/actor/lib/test/auto/TestSimple.xml
----------------- Instantiating /home/travis/build/icyphy/ptII/ptolemy/actor/lib/test/auto/TestSimple.xml
1 ms. Memory: 532480K Free: 299914K (56%)
----------------- Invoking toplevel() on ptolemy.moml.MoMLSimpleApplication@4e98d302
----------------- Done invoking toplevel() on ptolemy.moml.MoMLSimpleApplication@4e98d302
reloadAllAccessors: .TestSimple

===========================================================================================
----------------- testing Mon Dec 16 06:26:30 UTC 2019 /home/travis/build/icyphy/ptII/ptolemy/actor/lib/test/auto/ThrowModelError.xml
----------------- Instantiating /home/travis/build/icyphy/ptII/ptolemy/actor/lib/test/auto/ThrowModelError.xml
2 ms. Memory: 532480K Free: 295314K (55%)
----------------- Invoking toplevel() on ptolemy.moml.MoMLSimpleApplication@310fe993
----------------- Done invoking toplevel() on ptolemy.moml.MoMLSimpleApplication@310fe993
reloadAllAccessors: .ThrowModelError

===========================================================================================
----------------- testing Mon Dec 16 06:26:30 UTC 2019 /home/travis/build/icyphy/ptII/ptolemy/actor/lib/test/auto/TimeDelayMicrosteps.xml
----------------- Instantiating /home/travis/build/icyphy/ptII/ptolemy/actor/lib/test/auto/TimeDelayMicrosteps.xml
2 ms. Memory: 532480K Free: 288626K (54%)
----------------- Invoking toplevel() on ptolemy.moml.MoMLSimpleApplication@75a69cfb
----------------- Done invoking toplevel() on ptolemy.moml.MoMLSimpleApplication@75a69cfb
reloadAllAccessors: .TimeDelayMicrosteps

===========================================================================================
----------------- testing Mon Dec 16 06:26:31 UTC 2019 /home/travis/build/icyphy/ptII/ptolemy/actor/lib/test/auto/TimeDelayMicrosteps2.xml
----------------- Instantiating /home/travis/build/icyphy/ptII/ptolemy/actor/lib/test/auto/TimeDelayMicrosteps2.xml
3 ms. Memory: 532480K Free: 280978K (53%)
----------------- Invoking toplevel() on ptolemy.moml.MoMLSimpleApplication@61dae9dd
----------------- Done invoking toplevel() on ptolemy.moml.MoMLSimpleApplication@61dae9dd
reloadAllAccessors: .TimeDelayMicrosteps2

===========================================================================================
----------------- testing Mon Dec 16 06:26:31 UTC 2019 /home/travis/build/icyphy/ptII/ptolemy/actor/lib/test/auto/TimeDelayMicrosteps3.xml
----------------- Instantiating /home/travis/build/icyphy/ptII/ptolemy/actor/lib/test/auto/TimeDelayMicrosteps3.xml
2 ms. Memory: 532480K Free: 274306K (52%)
----------------- Invoking toplevel() on ptolemy.moml.MoMLSimpleApplication@246fc8a3
----------------- Done invoking toplevel() on ptolemy.moml.MoMLSimpleApplication@246fc8a3
reloadAllAccessors: .TimeDelayMicrosteps3

===========================================================================================
----------------- testing Mon Dec 16 06:26:31 UTC 2019 /home/travis/build/icyphy/ptII/ptolemy/actor/lib/test/auto/TimeDelayVariableMicrosteps.xml
----------------- Instantiating /home/travis/build/icyphy/ptII/ptolemy/actor/lib/test/auto/TimeDelayVariableMicrosteps.xml
3 ms. Memory: 532480K Free: 267666K (50%)
----------------- Invoking toplevel() on ptolemy.moml.MoMLSimpleApplication@449e96c7
----------------- Done invoking toplevel() on ptolemy.moml.MoMLSimpleApplication@449e96c7
reloadAllAccessors: .TimeDelayVariableMicrosteps

===========================================================================================
----------------- testing Mon Dec 16 06:26:31 UTC 2019 /home/travis/build/icyphy/ptII/ptolemy/actor/lib/test/auto/TimeGap.xml
----------------- Instantiating /home/travis/build/icyphy/ptII/ptolemy/actor/lib/test/auto/TimeGap.xml
4 ms. Memory: 532480K Free: 262546K (49%)
----------------- Invoking toplevel() on ptolemy.moml.MoMLSimpleApplication@648427e8
----------------- Done invoking toplevel() on ptolemy.moml.MoMLSimpleApplication@648427e8
reloadAllAccessors: .TimeGap

===========================================================================================
----------------- testing Mon Dec 16 06:26:31 UTC 2019 /home/travis/build/icyphy/ptII/ptolemy/actor/lib/test/auto/TimeGap2.xml
----------------- Instantiating /home/travis/build/icyphy/ptII/ptolemy/actor/lib/test/auto/TimeGap2.xml
3 ms. Memory: 532480K Free: 256906K (48%)
----------------- Invoking toplevel() on ptolemy.moml.MoMLSimpleApplication@331e0d76
----------------- Done invoking toplevel() on ptolemy.moml.MoMLSimpleApplication@331e0d76
reloadAllAccessors: .TimeGap2

===========================================================================================
----------------- testing Mon Dec 16 06:26:31 UTC 2019 /home/travis/build/icyphy/ptII/ptolemy/actor/lib/test/auto/TimedSinewave.xml
----------------- Instantiating /home/travis/build/icyphy/ptII/ptolemy/actor/lib/test/auto/TimedSinewave.xml
22 ms. Memory: 532480K Free: 242576K (46%)
----------------- Invoking toplevel() on ptolemy.moml.MoMLSimpleApplication@135820a4
----------------- Done invoking toplevel() on ptolemy.moml.MoMLSimpleApplication@135820a4
reloadAllAccessors: .TimedSinewave

===========================================================================================
----------------- testing Mon Dec 16 06:26:31 UTC 2019 /home/travis/build/icyphy/ptII/ptolemy/actor/lib/test/auto/TimedSinewavePhase.xml
----------------- Instantiating /home/travis/build/icyphy/ptII/ptolemy/actor/lib/test/auto/TimedSinewavePhase.xml
9 ms. Memory: 532480K Free: 232850K (44%)
----------------- Invoking toplevel() on ptolemy.moml.MoMLSimpleApplication@5c003bf8
----------------- Done invoking toplevel() on ptolemy.moml.MoMLSimpleApplication@5c003bf8
reloadAllAccessors: .TimedSinewavePhase

===========================================================================================
----------------- testing Mon Dec 16 06:26:31 UTC 2019 /home/travis/build/icyphy/ptII/ptolemy/actor/lib/test/auto/Timer.xml
----------------- Instantiating /home/travis/build/icyphy/ptII/ptolemy/actor/lib/test/auto/Timer.xml
3 ms. Memory: 532480K Free: 226706K (43%)
----------------- Invoking toplevel() on ptolemy.moml.MoMLSimpleApplication@53a8a1fc
----------------- Done invoking toplevel() on ptolemy.moml.MoMLSimpleApplication@53a8a1fc
reloadAllAccessors: .Timer

===========================================================================================
----------------- testing Mon Dec 16 06:26:31 UTC 2019 /home/travis/build/icyphy/ptII/ptolemy/actor/lib/test/auto/TriangularDistTestModel.xml
----------------- Instantiating /home/travis/build/icyphy/ptII/ptolemy/actor/lib/test/auto/TriangularDistTestModel.xml
2 ms. Memory: 532480K Free: 221058K (42%)
----------------- Invoking toplevel() on ptolemy.moml.MoMLSimpleApplication@498017f9
----------------- Done invoking toplevel() on ptolemy.moml.MoMLSimpleApplication@498017f9
reloadAllAccessors: .TriangularDistTestModel

===========================================================================================
----------------- testing Mon Dec 16 06:26:31 UTC 2019 /home/travis/build/icyphy/ptII/ptolemy/actor/lib/test/auto/TrigFunction.xml
----------------- Instantiating /home/travis/build/icyphy/ptII/ptolemy/actor/lib/test/auto/TrigFunction.xml
2 ms. Memory: 532480K Free: 216466K (41%)
----------------- Invoking toplevel() on ptolemy.moml.MoMLSimpleApplication@3c33a6c6
----------------- Done invoking toplevel() on ptolemy.moml.MoMLSimpleApplication@3c33a6c6
reloadAllAccessors: .TrigFunction

===========================================================================================
----------------- testing Mon Dec 16 06:26:31 UTC 2019 /home/travis/build/icyphy/ptII/ptolemy/actor/lib/test/auto/TrigFunctionDE.xml
----------------- Instantiating /home/travis/build/icyphy/ptII/ptolemy/actor/lib/test/auto/TrigFunctionDE.xml
2 ms. Memory: 532480K Free: 210832K (40%)
----------------- Invoking toplevel() on ptolemy.moml.MoMLSimpleApplication@113abc30
----------------- Done invoking toplevel() on ptolemy.moml.MoMLSimpleApplication@113abc30
reloadAllAccessors: .TrigFunctionDE

===========================================================================================
----------------- testing Mon Dec 16 06:26:31 UTC 2019 /home/travis/build/icyphy/ptII/ptolemy/actor/lib/test/auto/TrigFunctionInverse.xml
----------------- Instantiating /home/travis/build/icyphy/ptII/ptolemy/actor/lib/test/auto/TrigFunctionInverse.xml
2 ms. Memory: 532480K Free: 205712K (39%)
----------------- Invoking toplevel() on ptolemy.moml.MoMLSimpleApplication@104c1548
----------------- Done invoking toplevel() on ptolemy.moml.MoMLSimpleApplication@104c1548
reloadAllAccessors: .TrigFunctionInverse

===========================================================================================
----------------- testing Mon Dec 16 06:26:31 UTC 2019 /home/travis/build/icyphy/ptII/ptolemy/actor/lib/test/auto/TrigFunctionTan.xml
----------------- Instantiating /home/travis/build/icyphy/ptII/ptolemy/actor/lib/test/auto/TrigFunctionTan.xml
8 ms. Memory: 532480K Free: 201616K (38%)
----------------- Invoking toplevel() on ptolemy.moml.MoMLSimpleApplication@3e232af2
----------------- Done invoking toplevel() on ptolemy.moml.MoMLSimpleApplication@3e232af2
reloadAllAccessors: .TrigFunctionTan

===========================================================================================
----------------- testing Mon Dec 16 06:26:31 UTC 2019 /home/travis/build/icyphy/ptII/ptolemy/actor/lib/test/auto/TriggeredClock.xml
----------------- Instantiating /home/travis/build/icyphy/ptII/ptolemy/actor/lib/test/auto/TriggeredClock.xml
2 ms. Memory: 532480K Free: 195986K (37%)
----------------- Invoking toplevel() on ptolemy.moml.MoMLSimpleApplication@370862cd
----------------- Done invoking toplevel() on ptolemy.moml.MoMLSimpleApplication@370862cd
reloadAllAccessors: .TriggeredClock

===========================================================================================
----------------- testing Mon Dec 16 06:26:31 UTC 2019 /home/travis/build/icyphy/ptII/ptolemy/actor/lib/test/auto/URLDirectoryReader.xml
----------------- Instantiating /home/travis/build/icyphy/ptII/ptolemy/actor/lib/test/auto/URLDirectoryReader.xml
24 ms. Memory: 532480K Free: 186770K (35%)
----------------- Invoking toplevel() on ptolemy.moml.MoMLSimpleApplication@7011fb04
----------------- Done invoking toplevel() on ptolemy.moml.MoMLSimpleApplication@7011fb04
reloadAllAccessors: .URLDirectoryReader

===========================================================================================
----------------- testing Mon Dec 16 06:26:31 UTC 2019 /home/travis/build/icyphy/ptII/ptolemy/actor/lib/test/auto/URLDirectoryReader3.xml
----------------- Instantiating /home/travis/build/icyphy/ptII/ptolemy/actor/lib/test/auto/URLDirectoryReader3.xml
1031 ms. Memory: 532480K Free: 473787K (89%)
----------------- Invoking toplevel() on ptolemy.moml.MoMLSimpleApplication@10daf107
----------------- Done invoking toplevel() on ptolemy.moml.MoMLSimpleApplication@10daf107
reloadAllAccessors: .URLDirectoryReader3

===========================================================================================
----------------- testing Mon Dec 16 06:26:32 UTC 2019 /home/travis/build/icyphy/ptII/ptolemy/actor/lib/test/auto/UnaryMathFunction.xml
----------------- Instantiating /home/travis/build/icyphy/ptII/ptolemy/actor/lib/test/auto/UnaryMathFunction.xml
3 ms. Memory: 532480K Free: 465962K (88%)
----------------- Invoking toplevel() on ptolemy.moml.MoMLSimpleApplication@73448998
----------------- Done invoking toplevel() on ptolemy.moml.MoMLSimpleApplication@73448998
reloadAllAccessors: .UnaryMathFunction

===========================================================================================
----------------- testing Mon Dec 16 06:26:32 UTC 2019 /home/travis/build/icyphy/ptII/ptolemy/actor/lib/test/auto/Uniform.xml
----------------- Instantiating /home/travis/build/icyphy/ptII/ptolemy/actor/lib/test/auto/Uniform.xml
2 ms. Memory: 532480K Free: 461356K (87%)
----------------- Invoking toplevel() on ptolemy.moml.MoMLSimpleApplication@46a93008
----------------- Done invoking toplevel() on ptolemy.moml.MoMLSimpleApplication@46a93008
reloadAllAccessors: .Uniform

===========================================================================================
----------------- testing Mon Dec 16 06:26:32 UTC 2019 /home/travis/build/icyphy/ptII/ptolemy/actor/lib/test/auto/UnionDisassemblerTest.xml
----------------- Instantiating /home/travis/build/icyphy/ptII/ptolemy/actor/lib/test/auto/UnionDisassemblerTest.xml
8 ms. Memory: 532480K Free: 457756K (86%)
----------------- Invoking toplevel() on ptolemy.moml.MoMLSimpleApplication@b9f9c2c
----------------- Done invoking toplevel() on ptolemy.moml.MoMLSimpleApplication@b9f9c2c
reloadAllAccessors: .UnionDisassemblerTest

===========================================================================================
----------------- testing Mon Dec 16 06:26:32 UTC 2019 /home/travis/build/icyphy/ptII/ptolemy/actor/lib/test/auto/UtilityFunctions.xml
----------------- Instantiating /home/travis/build/icyphy/ptII/ptolemy/actor/lib/test/auto/UtilityFunctions.xml
1 ms. Memory: 532480K Free: 453674K (85%)
----------------- Invoking toplevel() on ptolemy.moml.MoMLSimpleApplication@248f4085
----------------- Done invoking toplevel() on ptolemy.moml.MoMLSimpleApplication@248f4085
reloadAllAccessors: .UtilityFunctions

===========================================================================================
----------------- testing Mon Dec 16 06:26:32 UTC 2019 /home/travis/build/icyphy/ptII/ptolemy/actor/lib/test/auto/VariableSleep.xml
----------------- Instantiating /home/travis/build/icyphy/ptII/ptolemy/actor/lib/test/auto/VariableSleep.xml
503 ms. Memory: 532480K Free: 448554K (84%)
----------------- Invoking toplevel() on ptolemy.moml.MoMLSimpleApplication@5e086a69
----------------- Done invoking toplevel() on ptolemy.moml.MoMLSimpleApplication@5e086a69
reloadAllAccessors: .VariableSleep

===========================================================================================
----------------- testing Mon Dec 16 06:26:33 UTC 2019 /home/travis/build/icyphy/ptII/ptolemy/actor/lib/test/auto/VectorAssemblerDisassemblerCT.xml
----------------- Instantiating /home/travis/build/icyphy/ptII/ptolemy/actor/lib/test/auto/VectorAssemblerDisassemblerCT.xml
68 ms. Memory: 532480K Free: 428074K (80%)
----------------- Invoking toplevel() on ptolemy.moml.MoMLSimpleApplication@1f266c47
----------------- Done invoking toplevel() on ptolemy.moml.MoMLSimpleApplication@1f266c47
reloadAllAccessors: .VectorAssemblerDisassemblerCT

===========================================================================================
----------------- testing Mon Dec 16 06:26:33 UTC 2019 /home/travis/build/icyphy/ptII/ptolemy/actor/lib/test/auto/VectorAssemblerDisassemblerDE.xml
----------------- Instantiating /home/travis/build/icyphy/ptII/ptolemy/actor/lib/test/auto/VectorAssemblerDisassemblerDE.xml
2 ms. Memory: 532480K Free: 420906K (79%)
----------------- Invoking toplevel() on ptolemy.moml.MoMLSimpleApplication@295a0ab4
----------------- Done invoking toplevel() on ptolemy.moml.MoMLSimpleApplication@295a0ab4
reloadAllAccessors: .VectorAssemblerDisassemblerDE

===========================================================================================
----------------- testing Mon Dec 16 06:26:33 UTC 2019 /home/travis/build/icyphy/ptII/ptolemy/actor/lib/test/auto/VectorAssemblerDisassemblerSDF.xml
----------------- Instantiating /home/travis/build/icyphy/ptII/ptolemy/actor/lib/test/auto/VectorAssemblerDisassemblerSDF.xml
2 ms. Memory: 532480K Free: 414762K (78%)
----------------- Invoking toplevel() on ptolemy.moml.MoMLSimpleApplication@469f09f3
----------------- Done invoking toplevel() on ptolemy.moml.MoMLSimpleApplication@469f09f3
reloadAllAccessors: .VectorAssemblerDisassemblerSDF

===========================================================================================
----------------- testing Mon Dec 16 06:26:33 UTC 2019 /home/travis/build/icyphy/ptII/ptolemy/actor/lib/test/auto/WallClockTime.xml
----------------- Instantiating /home/travis/build/icyphy/ptII/ptolemy/actor/lib/test/auto/WallClockTime.xml
1004 ms. Memory: 532480K Free: 409642K (77%)
----------------- Invoking toplevel() on ptolemy.moml.MoMLSimpleApplication@2f89943a
----------------- Done invoking toplevel() on ptolemy.moml.MoMLSimpleApplication@2f89943a
reloadAllAccessors: .WallClockTime

===========================================================================================
----------------- testing Mon Dec 16 06:26:34 UTC 2019 /home/travis/build/icyphy/ptII/ptolemy/actor/lib/test/auto/WidthTestWithSubscriberPublisher.xml
----------------- Instantiating /home/travis/build/icyphy/ptII/ptolemy/actor/lib/test/auto/WidthTestWithSubscriberPublisher.xml
6 ms. Memory: 532480K Free: 391724K (74%)
----------------- Invoking toplevel() on ptolemy.moml.MoMLSimpleApplication@4f2d02f0
----------------- Done invoking toplevel() on ptolemy.moml.MoMLSimpleApplication@4f2d02f0
reloadAllAccessors: .WidthTestWithSubscriberPublisher

===========================================================================================
----------------- testing Mon Dec 16 06:26:34 UTC 2019 /home/travis/build/icyphy/ptII/ptolemy/actor/lib/test/auto/WidthTestWithSubscriberPublisher2.xml
----------------- Instantiating /home/travis/build/icyphy/ptII/ptolemy/actor/lib/test/auto/WidthTestWithSubscriberPublisher2.xml
2 ms. Memory: 532480K Free: 385066K (72%)
----------------- Invoking toplevel() on ptolemy.moml.MoMLSimpleApplication@46d0d43a
----------------- Done invoking toplevel() on ptolemy.moml.MoMLSimpleApplication@46d0d43a
reloadAllAccessors: .WidthTestWithSubscriberPublisher2

===========================================================================================
----------------- testing Mon Dec 16 06:26:34 UTC 2019 /home/travis/build/icyphy/ptII/ptolemy/actor/lib/test/auto/WidthTestWithSubscriberPublisher3.xml
----------------- Instantiating /home/travis/build/icyphy/ptII/ptolemy/actor/lib/test/auto/WidthTestWithSubscriberPublisher3.xml
2 ms. Memory: 532480K Free: 378922K (71%)
----------------- Invoking toplevel() on ptolemy.moml.MoMLSimpleApplication@2dc3ed3d
----------------- Done invoking toplevel() on ptolemy.moml.MoMLSimpleApplication@2dc3ed3d
reloadAllAccessors: .WidthTestWithSubscriberPublisher3

===========================================================================================
----------------- testing Mon Dec 16 06:26:34 UTC 2019 /home/travis/build/icyphy/ptII/ptolemy/actor/lib/test/auto/Writer.xml
----------------- Instantiating /home/travis/build/icyphy/ptII/ptolemy/actor/lib/test/auto/Writer.xml
0
1
2
3
4
1 ms. Memory: 532480K Free: 374812K (70%)
----------------- Invoking toplevel() on ptolemy.moml.MoMLSimpleApplication@265fa97b
----------------- Done invoking toplevel() on ptolemy.moml.MoMLSimpleApplication@265fa97b
reloadAllAccessors: .Writer

===========================================================================================
----------------- testing Mon Dec 16 06:26:34 UTC 2019 /home/travis/build/icyphy/ptII/ptolemy/actor/lib/test/auto/array.xml
----------------- Instantiating /home/travis/build/icyphy/ptII/ptolemy/actor/lib/test/auto/array.xml
2 ms. Memory: 532480K Free: 370220K (70%)
----------------- Invoking toplevel() on ptolemy.moml.MoMLSimpleApplication@3cb5b90c
----------------- Done invoking toplevel() on ptolemy.moml.MoMLSimpleApplication@3cb5b90c
reloadAllAccessors: .array

===========================================================================================
----------------- testing Mon Dec 16 06:26:34 UTC 2019 /home/travis/build/icyphy/ptII/ptolemy/actor/lib/test/auto/array2.xml
----------------- Instantiating /home/travis/build/icyphy/ptII/ptolemy/actor/lib/test/auto/array2.xml
6 ms. Memory: 532480K Free: 364572K (68%)
----------------- Invoking toplevel() on ptolemy.moml.MoMLSimpleApplication@7350fe2
----------------- Done invoking toplevel() on ptolemy.moml.MoMLSimpleApplication@7350fe2
reloadAllAccessors: .array2

===========================================================================================
----------------- testing Mon Dec 16 06:26:34 UTC 2019 /home/travis/build/icyphy/ptII/ptolemy/actor/lib/test/auto/arrayType.xml
----------------- Instantiating /home/travis/build/icyphy/ptII/ptolemy/actor/lib/test/auto/arrayType.xml
1 ms. Memory: 532480K Free: 359466K (68%)
----------------- Invoking toplevel() on ptolemy.moml.MoMLSimpleApplication@59bcde1c
----------------- Done invoking toplevel() on ptolemy.moml.MoMLSimpleApplication@59bcde1c
reloadAllAccessors: .arrayType

===========================================================================================
----------------- testing Mon Dec 16 06:26:34 UTC 2019 /home/travis/build/icyphy/ptII/ptolemy/actor/lib/test/auto/arrayType10.xml
----------------- Instantiating /home/travis/build/icyphy/ptII/ptolemy/actor/lib/test/auto/arrayType10.xml
1 ms. Memory: 532480K Free: 354860K (67%)
----------------- Invoking toplevel() on ptolemy.moml.MoMLSimpleApplication@1d5854d
----------------- Done invoking toplevel() on ptolemy.moml.MoMLSimpleApplication@1d5854d
reloadAllAccessors: .arrayType10

===========================================================================================
----------------- testing Mon Dec 16 06:26:34 UTC 2019 /home/travis/build/icyphy/ptII/ptolemy/actor/lib/test/auto/arrayType11.xml
----------------- Instantiating /home/travis/build/icyphy/ptII/ptolemy/actor/lib/test/auto/arrayType11.xml
2 ms. Memory: 532480K Free: 350250K (66%)
----------------- Invoking toplevel() on ptolemy.moml.MoMLSimpleApplication@2b0671ab
----------------- Done invoking toplevel() on ptolemy.moml.MoMLSimpleApplication@2b0671ab
reloadAllAccessors: .arrayType11

===========================================================================================
----------------- testing Mon Dec 16 06:26:34 UTC 2019 /home/travis/build/icyphy/ptII/ptolemy/actor/lib/test/auto/arrayType12.xml
----------------- Instantiating /home/travis/build/icyphy/ptII/ptolemy/actor/lib/test/auto/arrayType12.xml
1 ms. Memory: 532480K Free: 345644K (65%)
----------------- Invoking toplevel() on ptolemy.moml.MoMLSimpleApplication@1f395ac4
----------------- Done invoking toplevel() on ptolemy.moml.MoMLSimpleApplication@1f395ac4
reloadAllAccessors: .arrayType12

===========================================================================================
----------------- testing Mon Dec 16 06:26:34 UTC 2019 /home/travis/build/icyphy/ptII/ptolemy/actor/lib/test/auto/arrayType13.xml
----------------- Instantiating /home/travis/build/icyphy/ptII/ptolemy/actor/lib/test/auto/arrayType13.xml
1 ms. Memory: 532480K Free: 340010K (64%)
----------------- Invoking toplevel() on ptolemy.moml.MoMLSimpleApplication@3c0700c9
----------------- Done invoking toplevel() on ptolemy.moml.MoMLSimpleApplication@3c0700c9
reloadAllAccessors: .arrayType13

===========================================================================================
----------------- testing Mon Dec 16 06:26:34 UTC 2019 /home/travis/build/icyphy/ptII/ptolemy/actor/lib/test/auto/arrayType14.xml
----------------- Instantiating /home/travis/build/icyphy/ptII/ptolemy/actor/lib/test/auto/arrayType14.xml
2 ms. Memory: 532480K Free: 334890K (63%)
----------------- Invoking toplevel() on ptolemy.moml.MoMLSimpleApplication@d94bcb7
----------------- Done invoking toplevel() on ptolemy.moml.MoMLSimpleApplication@d94bcb7
reloadAllAccessors: .arrayType14

===========================================================================================
----------------- testing Mon Dec 16 06:26:34 UTC 2019 /home/travis/build/icyphy/ptII/ptolemy/actor/lib/test/auto/arrayType15.xml
----------------- Instantiating /home/travis/build/icyphy/ptII/ptolemy/actor/lib/test/auto/arrayType15.xml
3 ms. Memory: 532480K Free: 329770K (62%)
----------------- Invoking toplevel() on ptolemy.moml.MoMLSimpleApplication@3c556eba
----------------- Done invoking toplevel() on ptolemy.moml.MoMLSimpleApplication@3c556eba
reloadAllAccessors: .arrayType15

===========================================================================================
----------------- testing Mon Dec 16 06:26:34 UTC 2019 /home/travis/build/icyphy/ptII/ptolemy/actor/lib/test/auto/arrayType16.xml
----------------- Instantiating /home/travis/build/icyphy/ptII/ptolemy/actor/lib/test/auto/arrayType16.xml
2 ms. Memory: 532480K Free: 324636K (61%)
----------------- Invoking toplevel() on ptolemy.moml.MoMLSimpleApplication@4febd458
----------------- Done invoking toplevel() on ptolemy.moml.MoMLSimpleApplication@4febd458
reloadAllAccessors: .arrayType16

===========================================================================================
----------------- testing Mon Dec 16 06:26:34 UTC 2019 /home/travis/build/icyphy/ptII/ptolemy/actor/lib/test/auto/arrayType17.xml
----------------- Instantiating /home/travis/build/icyphy/ptII/ptolemy/actor/lib/test/auto/arrayType17.xml
2 ms. Memory: 532480K Free: 319020K (60%)
----------------- Invoking toplevel() on ptolemy.moml.MoMLSimpleApplication@75d12568
----------------- Done invoking toplevel() on ptolemy.moml.MoMLSimpleApplication@75d12568
reloadAllAccessors: .arrayType17

===========================================================================================
----------------- testing Mon Dec 16 06:26:34 UTC 2019 /home/travis/build/icyphy/ptII/ptolemy/actor/lib/test/auto/arrayType18.xml
----------------- Instantiating /home/travis/build/icyphy/ptII/ptolemy/actor/lib/test/auto/arrayType18.xml
1 ms. Memory: 532480K Free: 314410K (59%)
----------------- Invoking toplevel() on ptolemy.moml.MoMLSimpleApplication@744e9f97
----------------- Done invoking toplevel() on ptolemy.moml.MoMLSimpleApplication@744e9f97
reloadAllAccessors: .arrayType18

===========================================================================================
----------------- testing Mon Dec 16 06:26:34 UTC 2019 /home/travis/build/icyphy/ptII/ptolemy/actor/lib/test/auto/arrayType19.xml
----------------- Instantiating /home/travis/build/icyphy/ptII/ptolemy/actor/lib/test/auto/arrayType19.xml
1 ms. Memory: 532480K Free: 309804K (58%)
----------------- Invoking toplevel() on ptolemy.moml.MoMLSimpleApplication@2009d22e
----------------- Done invoking toplevel() on ptolemy.moml.MoMLSimpleApplication@2009d22e
reloadAllAccessors: .arrayType19

===========================================================================================
----------------- testing Mon Dec 16 06:26:34 UTC 2019 /home/travis/build/icyphy/ptII/ptolemy/actor/lib/test/auto/arrayType2.xml
----------------- Instantiating /home/travis/build/icyphy/ptII/ptolemy/actor/lib/test/auto/arrayType2.xml
1 ms. Memory: 532480K Free: 304684K (57%)
----------------- Invoking toplevel() on ptolemy.moml.MoMLSimpleApplication@49396cdf
----------------- Done invoking toplevel() on ptolemy.moml.MoMLSimpleApplication@49396cdf
reloadAllAccessors: .arrayType2

===========================================================================================
----------------- testing Mon Dec 16 06:26:34 UTC 2019 /home/travis/build/icyphy/ptII/ptolemy/actor/lib/test/auto/arrayType20.xml
----------------- Instantiating /home/travis/build/icyphy/ptII/ptolemy/actor/lib/test/auto/arrayType20.xml
1 ms. Memory: 532480K Free: 299564K (56%)
----------------- Invoking toplevel() on ptolemy.moml.MoMLSimpleApplication@61ddf487
----------------- Done invoking toplevel() on ptolemy.moml.MoMLSimpleApplication@61ddf487
reloadAllAccessors: .arrayType20

===========================================================================================
----------------- testing Mon Dec 16 06:26:34 UTC 2019 /home/travis/build/icyphy/ptII/ptolemy/actor/lib/test/auto/arrayType21.xml
----------------- Instantiating /home/travis/build/icyphy/ptII/ptolemy/actor/lib/test/auto/arrayType21.xml
1 ms. Memory: 532480K Free: 294954K (55%)
----------------- Invoking toplevel() on ptolemy.moml.MoMLSimpleApplication@88266da
----------------- Done invoking toplevel() on ptolemy.moml.MoMLSimpleApplication@88266da
reloadAllAccessors: .arrayType21

===========================================================================================
----------------- testing Mon Dec 16 06:26:34 UTC 2019 /home/travis/build/icyphy/ptII/ptolemy/actor/lib/test/auto/arrayType22.xml
----------------- Instantiating /home/travis/build/icyphy/ptII/ptolemy/actor/lib/test/auto/arrayType22.xml
2 ms. Memory: 532480K Free: 290348K (55%)
----------------- Invoking toplevel() on ptolemy.moml.MoMLSimpleApplication@3e854653
----------------- Done invoking toplevel() on ptolemy.moml.MoMLSimpleApplication@3e854653
reloadAllAccessors: .arrayType22

===========================================================================================
----------------- testing Mon Dec 16 06:26:34 UTC 2019 /home/travis/build/icyphy/ptII/ptolemy/actor/lib/test/auto/arrayType23.xml
----------------- Instantiating /home/travis/build/icyphy/ptII/ptolemy/actor/lib/test/auto/arrayType23.xml
1 ms. Memory: 532480K Free: 285738K (54%)
----------------- Invoking toplevel() on ptolemy.moml.MoMLSimpleApplication@342d9943
----------------- Done invoking toplevel() on ptolemy.moml.MoMLSimpleApplication@342d9943
reloadAllAccessors: .arrayType23

===========================================================================================
----------------- testing Mon Dec 16 06:26:34 UTC 2019 /home/travis/build/icyphy/ptII/ptolemy/actor/lib/test/auto/arrayType24.xml
----------------- Instantiating /home/travis/build/icyphy/ptII/ptolemy/actor/lib/test/auto/arrayType24.xml
6 ms. Memory: 532480K Free: 280618K (53%)
----------------- Invoking toplevel() on ptolemy.moml.MoMLSimpleApplication@6b628ee
----------------- Done invoking toplevel() on ptolemy.moml.MoMLSimpleApplication@6b628ee
reloadAllAccessors: .arrayType24

===========================================================================================
----------------- testing Mon Dec 16 06:26:34 UTC 2019 /home/travis/build/icyphy/ptII/ptolemy/actor/lib/test/auto/arrayType25.xml
----------------- Instantiating /home/travis/build/icyphy/ptII/ptolemy/actor/lib/test/auto/arrayType25.xml
2 ms. Memory: 532480K Free: 275498K (52%)
----------------- Invoking toplevel() on ptolemy.moml.MoMLSimpleApplication@7b01db1f
----------------- Done invoking toplevel() on ptolemy.moml.MoMLSimpleApplication@7b01db1f
reloadAllAccessors: .arrayType25

===========================================================================================
----------------- testing Mon Dec 16 06:26:34 UTC 2019 /home/travis/build/icyphy/ptII/ptolemy/actor/lib/test/auto/arrayType26.xml
----------------- Instantiating /home/travis/build/icyphy/ptII/ptolemy/actor/lib/test/auto/arrayType26.xml
1 ms. Memory: 532480K Free: 270378K (51%)
----------------- Invoking toplevel() on ptolemy.moml.MoMLSimpleApplication@64f011a3
----------------- Done invoking toplevel() on ptolemy.moml.MoMLSimpleApplication@64f011a3
reloadAllAccessors: .arrayType26

===========================================================================================
----------------- testing Mon Dec 16 06:26:34 UTC 2019 /home/travis/build/icyphy/ptII/ptolemy/actor/lib/test/auto/arrayType27.xml
----------------- Instantiating /home/travis/build/icyphy/ptII/ptolemy/actor/lib/test/auto/arrayType27.xml
1 ms. Memory: 532480K Free: 265244K (50%)
----------------- Invoking toplevel() on ptolemy.moml.MoMLSimpleApplication@15d12abd
----------------- Done invoking toplevel() on ptolemy.moml.MoMLSimpleApplication@15d12abd
reloadAllAccessors: .arrayType27

===========================================================================================
----------------- testing Mon Dec 16 06:26:34 UTC 2019 /home/travis/build/icyphy/ptII/ptolemy/actor/lib/test/auto/arrayType28.xml
----------------- Instantiating /home/travis/build/icyphy/ptII/ptolemy/actor/lib/test/auto/arrayType28.xml
2 ms. Memory: 532480K Free: 259628K (49%)
----------------- Invoking toplevel() on ptolemy.moml.MoMLSimpleApplication@1ecfe01b
----------------- Done invoking toplevel() on ptolemy.moml.MoMLSimpleApplication@1ecfe01b
reloadAllAccessors: .arrayType28

===========================================================================================
----------------- testing Mon Dec 16 06:26:34 UTC 2019 /home/travis/build/icyphy/ptII/ptolemy/actor/lib/test/auto/arrayType3.xml
----------------- Instantiating /home/travis/build/icyphy/ptII/ptolemy/actor/lib/test/auto/arrayType3.xml
1 ms. Memory: 532480K Free: 254508K (48%)
----------------- Invoking toplevel() on ptolemy.moml.MoMLSimpleApplication@59e364e5
----------------- Done invoking toplevel() on ptolemy.moml.MoMLSimpleApplication@59e364e5
reloadAllAccessors: .arrayType3

===========================================================================================
----------------- testing Mon Dec 16 06:26:34 UTC 2019 /home/travis/build/icyphy/ptII/ptolemy/actor/lib/test/auto/arrayType4.xml
----------------- Instantiating /home/travis/build/icyphy/ptII/ptolemy/actor/lib/test/auto/arrayType4.xml
2 ms. Memory: 532480K Free: 249388K (47%)
----------------- Invoking toplevel() on ptolemy.moml.MoMLSimpleApplication@4cfcb6f4
----------------- Done invoking toplevel() on ptolemy.moml.MoMLSimpleApplication@4cfcb6f4
reloadAllAccessors: .arrayType4

===========================================================================================
----------------- testing Mon Dec 16 06:26:34 UTC 2019 /home/travis/build/icyphy/ptII/ptolemy/actor/lib/test/auto/arrayType5.xml
----------------- Instantiating /home/travis/build/icyphy/ptII/ptolemy/actor/lib/test/auto/arrayType5.xml
1 ms. Memory: 532480K Free: 243754K (46%)
----------------- Invoking toplevel() on ptolemy.moml.MoMLSimpleApplication@5d4c87c0
----------------- Done invoking toplevel() on ptolemy.moml.MoMLSimpleApplication@5d4c87c0
reloadAllAccessors: .arrayType5

===========================================================================================
----------------- testing Mon Dec 16 06:26:34 UTC 2019 /home/travis/build/icyphy/ptII/ptolemy/actor/lib/test/auto/arrayType6.xml
----------------- Instantiating /home/travis/build/icyphy/ptII/ptolemy/actor/lib/test/auto/arrayType6.xml
1 ms. Memory: 532480K Free: 239148K (45%)
----------------- Invoking toplevel() on ptolemy.moml.MoMLSimpleApplication@1c16c82b
----------------- Done invoking toplevel() on ptolemy.moml.MoMLSimpleApplication@1c16c82b
reloadAllAccessors: .arrayType6

===========================================================================================
----------------- testing Mon Dec 16 06:26:34 UTC 2019 /home/travis/build/icyphy/ptII/ptolemy/actor/lib/test/auto/arrayType7.xml
----------------- Instantiating /home/travis/build/icyphy/ptII/ptolemy/actor/lib/test/auto/arrayType7.xml
1 ms. Memory: 532480K Free: 234538K (44%)
----------------- Invoking toplevel() on ptolemy.moml.MoMLSimpleApplication@7a407be2
----------------- Done invoking toplevel() on ptolemy.moml.MoMLSimpleApplication@7a407be2
reloadAllAccessors: .arrayType7

===========================================================================================
----------------- testing Mon Dec 16 06:26:34 UTC 2019 /home/travis/build/icyphy/ptII/ptolemy/actor/lib/test/auto/arrayType8.xml
----------------- Instantiating /home/travis/build/icyphy/ptII/ptolemy/actor/lib/test/auto/arrayType8.xml
6 ms. Memory: 532480K Free: 229932K (43%)
----------------- Invoking toplevel() on ptolemy.moml.MoMLSimpleApplication@13ed7335
----------------- Done invoking toplevel() on ptolemy.moml.MoMLSimpleApplication@13ed7335
reloadAllAccessors: .arrayType8

===========================================================================================
----------------- testing Mon Dec 16 06:26:34 UTC 2019 /home/travis/build/icyphy/ptII/ptolemy/actor/lib/test/auto/arrayType9.xml
----------------- Instantiating /home/travis/build/icyphy/ptII/ptolemy/actor/lib/test/auto/arrayType9.xml
2 ms. Memory: 532480K Free: 224812K (42%)
----------------- Invoking toplevel() on ptolemy.moml.MoMLSimpleApplication@946a7f7
----------------- Done invoking toplevel() on ptolemy.moml.MoMLSimpleApplication@946a7f7
reloadAllAccessors: .arrayType9

===========================================================================================
----------------- testing Mon Dec 16 06:26:34 UTC 2019 /home/travis/build/icyphy/ptII/ptolemy/actor/lib/test/auto/cast.xml
----------------- Instantiating /home/travis/build/icyphy/ptII/ptolemy/actor/lib/test/auto/cast.xml
2 ms. Memory: 532480K Free: 220202K (41%)
----------------- Invoking toplevel() on ptolemy.moml.MoMLSimpleApplication@205020c1
----------------- Done invoking toplevel() on ptolemy.moml.MoMLSimpleApplication@205020c1
reloadAllAccessors: .cast

===========================================================================================
----------------- testing Mon Dec 16 06:26:34 UTC 2019 /home/travis/build/icyphy/ptII/ptolemy/actor/lib/test/auto/compositeMultiPort.xml
----------------- Instantiating /home/travis/build/icyphy/ptII/ptolemy/actor/lib/test/auto/compositeMultiPort.xml
3 ms. Memory: 532480K Free: 211500K (40%)
----------------- Invoking toplevel() on ptolemy.moml.MoMLSimpleApplication@1e1a6a24
----------------- Done invoking toplevel() on ptolemy.moml.MoMLSimpleApplication@1e1a6a24
reloadAllAccessors: .compositeMultiPort

===========================================================================================
----------------- testing Mon Dec 16 06:26:34 UTC 2019 /home/travis/build/icyphy/ptII/ptolemy/actor/lib/test/auto/expressionCastInference.xml
----------------- Instantiating /home/travis/build/icyphy/ptII/ptolemy/actor/lib/test/auto/expressionCastInference.xml
3 ms. Memory: 532480K Free: 206380K (39%)
----------------- Invoking toplevel() on ptolemy.moml.MoMLSimpleApplication@734f85a0
----------------- Done invoking toplevel() on ptolemy.moml.MoMLSimpleApplication@734f85a0
reloadAllAccessors: .expressionCastInference

===========================================================================================
----------------- testing Mon Dec 16 06:26:34 UTC 2019 /home/travis/build/icyphy/ptII/ptolemy/actor/lib/test/auto/expressionCastInference2.xml
----------------- Instantiating /home/travis/build/icyphy/ptII/ptolemy/actor/lib/test/auto/expressionCastInference2.xml
2 ms. Memory: 532480K Free: 201770K (38%)
----------------- Invoking toplevel() on ptolemy.moml.MoMLSimpleApplication@36a1384f
----------------- Done invoking toplevel() on ptolemy.moml.MoMLSimpleApplication@36a1384f
reloadAllAccessors: .expressionCastInference2

===========================================================================================
----------------- testing Mon Dec 16 06:26:34 UTC 2019 /home/travis/build/icyphy/ptII/ptolemy/actor/lib/test/auto/expressionInference.xml
----------------- Instantiating /home/travis/build/icyphy/ptII/ptolemy/actor/lib/test/auto/expressionInference.xml
1 ms. Memory: 532480K Free: 197674K (37%)
----------------- Invoking toplevel() on ptolemy.moml.MoMLSimpleApplication@5f238679
----------------- Done invoking toplevel() on ptolemy.moml.MoMLSimpleApplication@5f238679
reloadAllAccessors: .expressionInference

===========================================================================================
----------------- testing Mon Dec 16 06:26:34 UTC 2019 /home/travis/build/icyphy/ptII/ptolemy/actor/lib/test/auto/expression_bug.xml
----------------- Instantiating /home/travis/build/icyphy/ptII/ptolemy/actor/lib/test/auto/expression_bug.xml
1 ms. Memory: 532480K Free: 192554K (36%)
----------------- Invoking toplevel() on ptolemy.moml.MoMLSimpleApplication@6368e503
----------------- Done invoking toplevel() on ptolemy.moml.MoMLSimpleApplication@6368e503
reloadAllAccessors: .expression_bug

===========================================================================================
----------------- testing Mon Dec 16 06:26:35 UTC 2019 /home/travis/build/icyphy/ptII/ptolemy/actor/lib/test/auto/factorial.xml
----------------- Instantiating /home/travis/build/icyphy/ptII/ptolemy/actor/lib/test/auto/factorial.xml
27 ms. Memory: 532480K Free: 183852K (35%)
----------------- Invoking toplevel() on ptolemy.moml.MoMLSimpleApplication@708529f9
----------------- Done invoking toplevel() on ptolemy.moml.MoMLSimpleApplication@708529f9
reloadAllAccessors: .factorial

===========================================================================================
----------------- testing Mon Dec 16 06:26:35 UTC 2019 /home/travis/build/icyphy/ptII/ptolemy/actor/lib/test/auto/filterTest1.xml
----------------- Instantiating /home/travis/build/icyphy/ptII/ptolemy/actor/lib/test/auto/filterTest1.xml
4 ms. Memory: 532480K Free: 178204K (33%)
----------------- Invoking toplevel() on ptolemy.moml.MoMLSimpleApplication@13c15bae
----------------- Done invoking toplevel() on ptolemy.moml.MoMLSimpleApplication@13c15bae
reloadAllAccessors: .filterTest1

===========================================================================================
----------------- testing Mon Dec 16 06:26:35 UTC 2019 /home/travis/build/icyphy/ptII/ptolemy/actor/lib/test/auto/funcApplyInConst.xml
----------------- Instantiating /home/travis/build/icyphy/ptII/ptolemy/actor/lib/test/auto/funcApplyInConst.xml
4 ms. Memory: 532480K Free: 174636K (33%)
----------------- Invoking toplevel() on ptolemy.moml.MoMLSimpleApplication@5d9edf98
----------------- Done invoking toplevel() on ptolemy.moml.MoMLSimpleApplication@5d9edf98
reloadAllAccessors: .funcApplyInConst

===========================================================================================
----------------- testing Mon Dec 16 06:26:35 UTC 2019 /home/travis/build/icyphy/ptII/ptolemy/actor/lib/test/auto/funcApplyInExpr.xml
----------------- Instantiating /home/travis/build/icyphy/ptII/ptolemy/actor/lib/test/auto/funcApplyInExpr.xml
1 ms. Memory: 532480K Free: 170540K (32%)
----------------- Invoking toplevel() on ptolemy.moml.MoMLSimpleApplication@ccb1b2b
----------------- Done invoking toplevel() on ptolemy.moml.MoMLSimpleApplication@ccb1b2b
reloadAllAccessors: .funcApplyInExpr

===========================================================================================
----------------- testing Mon Dec 16 06:26:35 UTC 2019 /home/travis/build/icyphy/ptII/ptolemy/actor/lib/test/auto/function.xml
----------------- Instantiating /home/travis/build/icyphy/ptII/ptolemy/actor/lib/test/auto/function.xml
25 ms. Memory: 532480K Free: 479731K (90%)
----------------- Invoking toplevel() on ptolemy.moml.MoMLSimpleApplication@40478a1e
----------------- Done invoking toplevel() on ptolemy.moml.MoMLSimpleApplication@40478a1e
reloadAllAccessors: .function

===========================================================================================
----------------- testing Mon Dec 16 06:26:35 UTC 2019 /home/travis/build/icyphy/ptII/ptolemy/actor/lib/test/auto/function2.xml
----------------- Instantiating /home/travis/build/icyphy/ptII/ptolemy/actor/lib/test/auto/function2.xml
3 ms. Memory: 532480K Free: 474112K (89%)
----------------- Invoking toplevel() on ptolemy.moml.MoMLSimpleApplication@71c1471a
----------------- Done invoking toplevel() on ptolemy.moml.MoMLSimpleApplication@71c1471a
reloadAllAccessors: .function2

===========================================================================================
----------------- testing Mon Dec 16 06:26:35 UTC 2019 /home/travis/build/icyphy/ptII/ptolemy/actor/lib/test/auto/function3.xml
----------------- Instantiating /home/travis/build/icyphy/ptII/ptolemy/actor/lib/test/auto/function3.xml
2 ms. Memory: 532480K Free: 470016K (88%)
----------------- Invoking toplevel() on ptolemy.moml.MoMLSimpleApplication@37f90b49
----------------- Done invoking toplevel() on ptolemy.moml.MoMLSimpleApplication@37f90b49
reloadAllAccessors: .function3

===========================================================================================
----------------- testing Mon Dec 16 06:26:35 UTC 2019 /home/travis/build/icyphy/ptII/ptolemy/actor/lib/test/auto/functionClosureTest1.xml
----------------- Instantiating /home/travis/build/icyphy/ptII/ptolemy/actor/lib/test/auto/functionClosureTest1.xml
3 ms. Memory: 532480K Free: 464382K (87%)
----------------- Invoking toplevel() on ptolemy.moml.MoMLSimpleApplication@3f5ccbd6
----------------- Done invoking toplevel() on ptolemy.moml.MoMLSimpleApplication@3f5ccbd6
reloadAllAccessors: .functionClosureTest1

===========================================================================================
----------------- testing Mon Dec 16 06:26:35 UTC 2019 /home/travis/build/icyphy/ptII/ptolemy/actor/lib/test/auto/functionClosureTest2.xml
----------------- Instantiating /home/travis/build/icyphy/ptII/ptolemy/actor/lib/test/auto/functionClosureTest2.xml
1 ms. Memory: 532480K Free: 460800K (87%)
----------------- Invoking toplevel() on ptolemy.moml.MoMLSimpleApplication@c093336
----------------- Done invoking toplevel() on ptolemy.moml.MoMLSimpleApplication@c093336
reloadAllAccessors: .functionClosureTest2

===========================================================================================
----------------- testing Mon Dec 16 06:26:35 UTC 2019 /home/travis/build/icyphy/ptII/ptolemy/actor/lib/test/auto/functionClosureTest3.xml
----------------- Instantiating /home/travis/build/icyphy/ptII/ptolemy/actor/lib/test/auto/functionClosureTest3.xml
1 ms. Memory: 532480K Free: 455166K (85%)
----------------- Invoking toplevel() on ptolemy.moml.MoMLSimpleApplication@109ed872
----------------- Done invoking toplevel() on ptolemy.moml.MoMLSimpleApplication@109ed872
reloadAllAccessors: .functionClosureTest3

===========================================================================================
----------------- testing Mon Dec 16 06:26:35 UTC 2019 /home/travis/build/icyphy/ptII/ptolemy/actor/lib/test/auto/functionClosureTest4.xml
----------------- Instantiating /home/travis/build/icyphy/ptII/ptolemy/actor/lib/test/auto/functionClosureTest4.xml
2 ms. Memory: 532480K Free: 449022K (84%)
----------------- Invoking toplevel() on ptolemy.moml.MoMLSimpleApplication@763abac5
----------------- Done invoking toplevel() on ptolemy.moml.MoMLSimpleApplication@763abac5
reloadAllAccessors: .functionClosureTest4

===========================================================================================
----------------- testing Mon Dec 16 06:26:35 UTC 2019 /home/travis/build/icyphy/ptII/ptolemy/actor/lib/test/auto/functionClosureTest5.xml
----------------- Instantiating /home/travis/build/icyphy/ptII/ptolemy/actor/lib/test/auto/functionClosureTest5.xml
3 ms. Memory: 532480K Free: 443887K (83%)
----------------- Invoking toplevel() on ptolemy.moml.MoMLSimpleApplication@6496e21c
----------------- Done invoking toplevel() on ptolemy.moml.MoMLSimpleApplication@6496e21c
reloadAllAccessors: .functionClosureTest5

===========================================================================================
----------------- testing Mon Dec 16 06:26:35 UTC 2019 /home/travis/build/icyphy/ptII/ptolemy/actor/lib/test/auto/functionClosureTest6.xml
----------------- Instantiating /home/travis/build/icyphy/ptII/ptolemy/actor/lib/test/auto/functionClosureTest6.xml
2 ms. Memory: 532480K Free: 438775K (82%)
----------------- Invoking toplevel() on ptolemy.moml.MoMLSimpleApplication@7a36cdfa
----------------- Done invoking toplevel() on ptolemy.moml.MoMLSimpleApplication@7a36cdfa
reloadAllAccessors: .functionClosureTest6

===========================================================================================
----------------- testing Mon Dec 16 06:26:35 UTC 2019 /home/travis/build/icyphy/ptII/ptolemy/actor/lib/test/auto/functionsOnArcs.xml
----------------- Instantiating /home/travis/build/icyphy/ptII/ptolemy/actor/lib/test/auto/functionsOnArcs.xml
2 ms. Memory: 532480K Free: 433662K (81%)
----------------- Invoking toplevel() on ptolemy.moml.MoMLSimpleApplication@5109952b
----------------- Done invoking toplevel() on ptolemy.moml.MoMLSimpleApplication@5109952b
reloadAllAccessors: .functionsOnArcs

===========================================================================================
----------------- testing Mon Dec 16 06:26:35 UTC 2019 /home/travis/build/icyphy/ptII/ptolemy/actor/lib/test/auto/functionsOnArcsHOF.xml
----------------- Instantiating /home/travis/build/icyphy/ptII/ptolemy/actor/lib/test/auto/functionsOnArcsHOF.xml
3 ms. Memory: 532480K Free: 428032K (80%)
----------------- Invoking toplevel() on ptolemy.moml.MoMLSimpleApplication@4b9e3b4f
----------------- Done invoking toplevel() on ptolemy.moml.MoMLSimpleApplication@4b9e3b4f
reloadAllAccessors: .functionsOnArcsHOF

===========================================================================================
----------------- testing Mon Dec 16 06:26:35 UTC 2019 /home/travis/build/icyphy/ptII/ptolemy/actor/lib/test/auto/logic.xml
----------------- Instantiating /home/travis/build/icyphy/ptII/ptolemy/actor/lib/test/auto/logic.xml
2 ms. Memory: 532480K Free: 420350K (79%)
----------------- Invoking toplevel() on ptolemy.moml.MoMLSimpleApplication@759c9932
----------------- Done invoking toplevel() on ptolemy.moml.MoMLSimpleApplication@759c9932
reloadAllAccessors: .logic

===========================================================================================
----------------- testing Mon Dec 16 06:26:35 UTC 2019 /home/travis/build/icyphy/ptII/ptolemy/actor/lib/test/auto/matrixType.xml
----------------- Instantiating /home/travis/build/icyphy/ptII/ptolemy/actor/lib/test/auto/matrixType.xml
2 ms. Memory: 532480K Free: 415215K (78%)
----------------- Invoking toplevel() on ptolemy.moml.MoMLSimpleApplication@41bdd199
----------------- Done invoking toplevel() on ptolemy.moml.MoMLSimpleApplication@41bdd199
reloadAllAccessors: .matrixType

===========================================================================================
----------------- testing Mon Dec 16 06:26:35 UTC 2019 /home/travis/build/icyphy/ptII/ptolemy/actor/lib/test/auto/matrixType10.xml
----------------- Instantiating /home/travis/build/icyphy/ptII/ptolemy/actor/lib/test/auto/matrixType10.xml
2 ms. Memory: 532480K Free: 410110K (77%)
----------------- Invoking toplevel() on ptolemy.moml.MoMLSimpleApplication@199e3757
----------------- Done invoking toplevel() on ptolemy.moml.MoMLSimpleApplication@199e3757
reloadAllAccessors: .matrixType10

===========================================================================================
----------------- testing Mon Dec 16 06:26:35 UTC 2019 /home/travis/build/icyphy/ptII/ptolemy/actor/lib/test/auto/matrixType11.xml
----------------- Instantiating /home/travis/build/icyphy/ptII/ptolemy/actor/lib/test/auto/matrixType11.xml
2 ms. Memory: 532480K Free: 405504K (76%)
----------------- Invoking toplevel() on ptolemy.moml.MoMLSimpleApplication@741a51b0
----------------- Done invoking toplevel() on ptolemy.moml.MoMLSimpleApplication@741a51b0
reloadAllAccessors: .matrixType11

===========================================================================================
----------------- testing Mon Dec 16 06:26:35 UTC 2019 /home/travis/build/icyphy/ptII/ptolemy/actor/lib/test/auto/matrixType12.xml
----------------- Instantiating /home/travis/build/icyphy/ptII/ptolemy/actor/lib/test/auto/matrixType12.xml
1 ms. Memory: 532480K Free: 400894K (75%)
----------------- Invoking toplevel() on ptolemy.moml.MoMLSimpleApplication@71cd9d99
----------------- Done invoking toplevel() on ptolemy.moml.MoMLSimpleApplication@71cd9d99
reloadAllAccessors: .matrixType12

===========================================================================================
----------------- testing Mon Dec 16 06:26:35 UTC 2019 /home/travis/build/icyphy/ptII/ptolemy/actor/lib/test/auto/matrixType13.xml
----------------- Instantiating /home/travis/build/icyphy/ptII/ptolemy/actor/lib/test/auto/matrixType13.xml
1 ms. Memory: 532480K Free: 395774K (74%)
----------------- Invoking toplevel() on ptolemy.moml.MoMLSimpleApplication@3a33d6f0
----------------- Done invoking toplevel() on ptolemy.moml.MoMLSimpleApplication@3a33d6f0
reloadAllAccessors: .matrixType13

===========================================================================================
----------------- testing Mon Dec 16 06:26:35 UTC 2019 /home/travis/build/icyphy/ptII/ptolemy/actor/lib/test/auto/matrixType14.xml
----------------- Instantiating /home/travis/build/icyphy/ptII/ptolemy/actor/lib/test/auto/matrixType14.xml
2 ms. Memory: 532480K Free: 390639K (73%)
----------------- Invoking toplevel() on ptolemy.moml.MoMLSimpleApplication@6cf8fe1
----------------- Done invoking toplevel() on ptolemy.moml.MoMLSimpleApplication@6cf8fe1
reloadAllAccessors: .matrixType14

===========================================================================================
----------------- testing Mon Dec 16 06:26:35 UTC 2019 /home/travis/build/icyphy/ptII/ptolemy/actor/lib/test/auto/matrixType2.xml
----------------- Instantiating /home/travis/build/icyphy/ptII/ptolemy/actor/lib/test/auto/matrixType2.xml
1 ms. Memory: 532480K Free: 385534K (72%)
----------------- Invoking toplevel() on ptolemy.moml.MoMLSimpleApplication@2f4e746c
----------------- Done invoking toplevel() on ptolemy.moml.MoMLSimpleApplication@2f4e746c
reloadAllAccessors: .matrixType2

===========================================================================================
----------------- testing Mon Dec 16 06:26:35 UTC 2019 /home/travis/build/icyphy/ptII/ptolemy/actor/lib/test/auto/matrixType3.xml
----------------- Instantiating /home/travis/build/icyphy/ptII/ptolemy/actor/lib/test/auto/matrixType3.xml
2 ms. Memory: 532480K Free: 380414K (71%)
----------------- Invoking toplevel() on ptolemy.moml.MoMLSimpleApplication@2dc6de92
----------------- Done invoking toplevel() on ptolemy.moml.MoMLSimpleApplication@2dc6de92
reloadAllAccessors: .matrixType3

===========================================================================================
----------------- testing Mon Dec 16 06:26:35 UTC 2019 /home/travis/build/icyphy/ptII/ptolemy/actor/lib/test/auto/matrixType4.xml
----------------- Instantiating /home/travis/build/icyphy/ptII/ptolemy/actor/lib/test/auto/matrixType4.xml
1 ms. Memory: 532480K Free: 375808K (71%)
----------------- Invoking toplevel() on ptolemy.moml.MoMLSimpleApplication@6b1e4c0d
----------------- Done invoking toplevel() on ptolemy.moml.MoMLSimpleApplication@6b1e4c0d
reloadAllAccessors: .matrixType4

===========================================================================================
----------------- testing Mon Dec 16 06:26:35 UTC 2019 /home/travis/build/icyphy/ptII/ptolemy/actor/lib/test/auto/matrixType5.xml
----------------- Instantiating /home/travis/build/icyphy/ptII/ptolemy/actor/lib/test/auto/matrixType5.xml
1 ms. Memory: 532480K Free: 370688K (70%)
----------------- Invoking toplevel() on ptolemy.moml.MoMLSimpleApplication@7590f345
----------------- Done invoking toplevel() on ptolemy.moml.MoMLSimpleApplication@7590f345
reloadAllAccessors: .matrixType5

===========================================================================================
----------------- testing Mon Dec 16 06:26:35 UTC 2019 /home/travis/build/icyphy/ptII/ptolemy/actor/lib/test/auto/matrixType6.xml
----------------- Instantiating /home/travis/build/icyphy/ptII/ptolemy/actor/lib/test/auto/matrixType6.xml
1 ms. Memory: 532480K Free: 366078K (69%)
----------------- Invoking toplevel() on ptolemy.moml.MoMLSimpleApplication@2c64559e
----------------- Done invoking toplevel() on ptolemy.moml.MoMLSimpleApplication@2c64559e
reloadAllAccessors: .matrixType6

===========================================================================================
----------------- testing Mon Dec 16 06:26:35 UTC 2019 /home/travis/build/icyphy/ptII/ptolemy/actor/lib/test/auto/matrixType7.xml
----------------- Instantiating /home/travis/build/icyphy/ptII/ptolemy/actor/lib/test/auto/matrixType7.xml
1 ms. Memory: 532480K Free: 361472K (68%)
----------------- Invoking toplevel() on ptolemy.moml.MoMLSimpleApplication@7a25aef9
----------------- Done invoking toplevel() on ptolemy.moml.MoMLSimpleApplication@7a25aef9
reloadAllAccessors: .matrixType7

===========================================================================================
----------------- testing Mon Dec 16 06:26:35 UTC 2019 /home/travis/build/icyphy/ptII/ptolemy/actor/lib/test/auto/matrixType8.xml
----------------- Instantiating /home/travis/build/icyphy/ptII/ptolemy/actor/lib/test/auto/matrixType8.xml
1 ms. Memory: 532480K Free: 356352K (67%)
----------------- Invoking toplevel() on ptolemy.moml.MoMLSimpleApplication@50bda341
----------------- Done invoking toplevel() on ptolemy.moml.MoMLSimpleApplication@50bda341
reloadAllAccessors: .matrixType8

===========================================================================================
----------------- testing Mon Dec 16 06:26:35 UTC 2019 /home/travis/build/icyphy/ptII/ptolemy/actor/lib/test/auto/matrixType9.xml
----------------- Instantiating /home/travis/build/icyphy/ptII/ptolemy/actor/lib/test/auto/matrixType9.xml
2 ms. Memory: 532480K Free: 351742K (66%)
----------------- Invoking toplevel() on ptolemy.moml.MoMLSimpleApplication@1bd76885
----------------- Done invoking toplevel() on ptolemy.moml.MoMLSimpleApplication@1bd76885
reloadAllAccessors: .matrixType9

===========================================================================================
----------------- testing Mon Dec 16 06:26:35 UTC 2019 /home/travis/build/icyphy/ptII/ptolemy/actor/lib/test/auto/paraFunctest.xml
----------------- Instantiating /home/travis/build/icyphy/ptII/ptolemy/actor/lib/test/auto/paraFunctest.xml
2 ms. Memory: 532480K Free: 347136K (65%)
----------------- Invoking toplevel() on ptolemy.moml.MoMLSimpleApplication@43ae4e3a
----------------- Done invoking toplevel() on ptolemy.moml.MoMLSimpleApplication@43ae4e3a
reloadAllAccessors: .paraFunctest

===========================================================================================
----------------- testing Mon Dec 16 06:26:35 UTC 2019 /home/travis/build/icyphy/ptII/ptolemy/actor/lib/test/auto/paraFunctest2.xml
----------------- Instantiating /home/travis/build/icyphy/ptII/ptolemy/actor/lib/test/auto/paraFunctest2.xml
1 ms. Memory: 532480K Free: 342526K (64%)
----------------- Invoking toplevel() on ptolemy.moml.MoMLSimpleApplication@ab07d6f
----------------- Done invoking toplevel() on ptolemy.moml.MoMLSimpleApplication@ab07d6f
reloadAllAccessors: .paraFunctest2

===========================================================================================
----------------- testing Mon Dec 16 06:26:35 UTC 2019 /home/travis/build/icyphy/ptII/ptolemy/actor/lib/test/auto/parameterPassing.xml
----------------- Instantiating /home/travis/build/icyphy/ptII/ptolemy/actor/lib/test/auto/parameterPassing.xml
1 ms. Memory: 532480K Free: 338430K (64%)
----------------- Invoking toplevel() on ptolemy.moml.MoMLSimpleApplication@477069a6
----------------- Done invoking toplevel() on ptolemy.moml.MoMLSimpleApplication@477069a6
reloadAllAccessors: .parameterPassing

===========================================================================================
----------------- testing Mon Dec 16 06:26:35 UTC 2019 /home/travis/build/icyphy/ptII/ptolemy/actor/lib/test/auto/record.xml
----------------- Instantiating /home/travis/build/icyphy/ptII/ptolemy/actor/lib/test/auto/record.xml
2 ms. Memory: 532480K Free: 333310K (63%)
----------------- Invoking toplevel() on ptolemy.moml.MoMLSimpleApplication@284d3bd4
----------------- Done invoking toplevel() on ptolemy.moml.MoMLSimpleApplication@284d3bd4
reloadAllAccessors: .record

===========================================================================================
----------------- testing Mon Dec 16 06:26:35 UTC 2019 /home/travis/build/icyphy/ptII/ptolemy/actor/lib/test/auto/sizedarray1.xml
----------------- Instantiating /home/travis/build/icyphy/ptII/ptolemy/actor/lib/test/auto/sizedarray1.xml
2 ms. Memory: 532480K Free: 328190K (62%)
----------------- Invoking toplevel() on ptolemy.moml.MoMLSimpleApplication@5d70d12a
----------------- Done invoking toplevel() on ptolemy.moml.MoMLSimpleApplication@5d70d12a
reloadAllAccessors: .sizedarray1

===========================================================================================
----------------- testing Mon Dec 16 06:26:35 UTC 2019 /home/travis/build/icyphy/ptII/ptolemy/actor/lib/test/auto/sizedarray2.xml
----------------- Instantiating /home/travis/build/icyphy/ptII/ptolemy/actor/lib/test/auto/sizedarray2.xml
2 ms. Memory: 532480K Free: 322560K (61%)
----------------- Invoking toplevel() on ptolemy.moml.MoMLSimpleApplication@7b880661
----------------- Done invoking toplevel() on ptolemy.moml.MoMLSimpleApplication@7b880661
reloadAllAccessors: .sizedarray2

===========================================================================================
----------------- testing Mon Dec 16 06:26:35 UTC 2019 /home/travis/build/icyphy/ptII/ptolemy/actor/lib/test/auto/twoPublishers.xml
----------------- Instantiating /home/travis/build/icyphy/ptII/ptolemy/actor/lib/test/auto/twoPublishers.xml
6 ms. Memory: 532480K Free: 311296K (58%)
----------------- Invoking toplevel() on ptolemy.moml.MoMLSimpleApplication@4b08d756
----------------- Done invoking toplevel() on ptolemy.moml.MoMLSimpleApplication@4b08d756
reloadAllAccessors: .twoPublishers
AutoTests.java: About to close Vertx.
AutoTests.java: Vertx closed.
]]></system-out>
  <system-err><![CDATA[java.lang.RuntimeException: Execution failed
	at ptolemy.moml.MoMLSimpleApplication$UnloadThread.run(MoMLSimpleApplication.java:402)
Caused by: java.lang.RuntimeException: StringUtilities.exit() was called. Normally, we would exit here because Manager.exitAfterWrapup() was called.  However, because the ptolemy.ptII.exitAfterWrapup property is set, we throw this exception instead.
	at ptolemy.util.StringUtilities.exit(StringUtilities.java:365)
	at ptolemy.actor.Manager.wrapup(Manager.java:1549)
	at ptolemy.actor.Manager.execute(Manager.java:407)
	at ptolemy.actor.Manager.run(Manager.java:1263)
	at ptolemy.actor.Manager$PtolemyRunThread.run(Manager.java:1933)
Warning: '.top.test' is in training mode, set the trainingMode parameter to false before checking in
Warning: '.top.test' is in training mode, set the trainingMode parameter to false before checking in
Warning: '.top.test' is in training mode, set the trainingMode parameter to false before checking in
Warning: '.BooleanSwitch_RegressionTest_WrongTrainingValues.Test' is in training mode, set the trainingMode parameter to false before checking in
Warning: '.BooleanSwitch_RegressionTest_WrongTrainingValues.Test2' is in training mode, set the trainingMode parameter to false before checking in
Warning: '.BooleanSwitch_RegressionTest_WrongTrainingValues.Test2' The test produced 0 tokens.
Warning: '.top.testExceptionHandler' is in training mode, set the trainingMode parameter to false before checking in
java.lang.RuntimeException: Execution failed
	at ptolemy.moml.MoMLSimpleApplication$UnloadThread.run(MoMLSimpleApplication.java:402)
Caused by: ptolemy.kernel.util.IllegalActionException: PublisherPorts cannot be used at the top level, use a Publisher actor instead.
  in .PublisherPortToplevelSubscriber.PublisherPort
	at ptolemy.actor.PublisherPort.preinitialize(PublisherPort.java:403)
	at ptolemy.actor.CompositeActor.preinitialize(CompositeActor.java:1769)
	at ptolemy.actor.Manager.preinitializeAndResolveTypes(Manager.java:1040)
	at ptolemy.actor.Manager.initialize(Manager.java:710)
	at ptolemy.actor.Manager.execute(Manager.java:356)
	at ptolemy.actor.Manager.run(Manager.java:1263)
	at ptolemy.actor.Manager$PtolemyRunThread.run(Manager.java:1933)
java.lang.reflect.InvocationTargetException
	at java.base/jdk.internal.reflect.NativeConstructorAccessorImpl.newInstance0(Native Method)
	at java.base/jdk.internal.reflect.NativeConstructorAccessorImpl.newInstance(NativeConstructorAccessorImpl.java:62)
	at java.base/jdk.internal.reflect.DelegatingConstructorAccessorImpl.newInstance(DelegatingConstructorAccessorImpl.java:45)
	at java.base/java.lang.reflect.Constructor.newInstance(Constructor.java:490)
	at ptolemy.util.test.junit.AutoKnownFailedTests.RunModel(AutoKnownFailedTests.java:105)
	at java.base/jdk.internal.reflect.NativeMethodAccessorImpl.invoke0(Native Method)
	at java.base/jdk.internal.reflect.NativeMethodAccessorImpl.invoke(NativeMethodAccessorImpl.java:62)
	at java.base/jdk.internal.reflect.DelegatingMethodAccessorImpl.invoke(DelegatingMethodAccessorImpl.java:43)
	at java.base/java.lang.reflect.Method.invoke(Method.java:566)
	at org.junit.runners.model.FrameworkMethod$1.runReflectiveCall(FrameworkMethod.java:44)
	at org.junit.internal.runners.model.ReflectiveCallable.run(ReflectiveCallable.java:15)
	at org.junit.runners.model.FrameworkMethod.invokeExplosively(FrameworkMethod.java:41)
	at junitparams.internal.InvokeParameterisedMethod.evaluate(InvokeParameterisedMethod.java:102)
	at org.junit.internal.runners.statements.FailOnTimeout$1.run(FailOnTimeout.java:28)
Caused by: ptolemy.kernel.util.IllegalActionException: PublisherPorts cannot be used at the top level, use a Publisher actor instead.
  in .PublisherPortToplevelSubscriber.PublisherPort
	at ptolemy.actor.PublisherPort.preinitialize(PublisherPort.java:403)
	at ptolemy.actor.CompositeActor.preinitialize(CompositeActor.java:1769)
	at ptolemy.actor.Manager.preinitializeAndResolveTypes(Manager.java:1040)
	at ptolemy.actor.Manager.initialize(Manager.java:710)
	at ptolemy.actor.Manager.execute(Manager.java:356)
	at ptolemy.actor.Manager.run(Manager.java:1263)
	at ptolemy.actor.Manager$PtolemyRunThread.run(Manager.java:1933)
java.lang.RuntimeException: Execution failed
	at ptolemy.moml.MoMLSimpleApplication$UnloadThread.run(MoMLSimpleApplication.java:402)
Caused by: ptolemy.kernel.util.IllegalActionException: SubscriberPorts cannot be used at the top level, use a Subscriber actor instead.
  in .PublisherSubscriberPortToplevel.SubscriberPort
	at ptolemy.actor.SubscriberPort.preinitialize(SubscriberPort.java:328)
	at ptolemy.actor.CompositeActor.preinitialize(CompositeActor.java:1769)
	at ptolemy.actor.Manager.preinitializeAndResolveTypes(Manager.java:1040)
	at ptolemy.actor.Manager.initialize(Manager.java:710)
	at ptolemy.actor.Manager.execute(Manager.java:356)
	at ptolemy.actor.Manager.run(Manager.java:1263)
	at ptolemy.actor.Manager$PtolemyRunThread.run(Manager.java:1933)
java.lang.reflect.InvocationTargetException
	at java.base/jdk.internal.reflect.NativeConstructorAccessorImpl.newInstance0(Native Method)
	at java.base/jdk.internal.reflect.NativeConstructorAccessorImpl.newInstance(NativeConstructorAccessorImpl.java:62)
	at java.base/jdk.internal.reflect.DelegatingConstructorAccessorImpl.newInstance(DelegatingConstructorAccessorImpl.java:45)
	at java.base/java.lang.reflect.Constructor.newInstance(Constructor.java:490)
	at ptolemy.util.test.junit.AutoKnownFailedTests.RunModel(AutoKnownFailedTests.java:105)
	at java.base/jdk.internal.reflect.NativeMethodAccessorImpl.invoke0(Native Method)
	at java.base/jdk.internal.reflect.NativeMethodAccessorImpl.invoke(NativeMethodAccessorImpl.java:62)
	at java.base/jdk.internal.reflect.DelegatingMethodAccessorImpl.invoke(DelegatingMethodAccessorImpl.java:43)
	at java.base/java.lang.reflect.Method.invoke(Method.java:566)
	at org.junit.runners.model.FrameworkMethod$1.runReflectiveCall(FrameworkMethod.java:44)
	at org.junit.internal.runners.model.ReflectiveCallable.run(ReflectiveCallable.java:15)
	at org.junit.runners.model.FrameworkMethod.invokeExplosively(FrameworkMethod.java:41)
	at junitparams.internal.InvokeParameterisedMethod.evaluate(InvokeParameterisedMethod.java:102)
	at org.junit.internal.runners.statements.FailOnTimeout$1.run(FailOnTimeout.java:28)
Caused by: ptolemy.kernel.util.IllegalActionException: SubscriberPorts cannot be used at the top level, use a Subscriber actor instead.
  in .PublisherSubscriberPortToplevel.SubscriberPort
	at ptolemy.actor.SubscriberPort.preinitialize(SubscriberPort.java:328)
	at ptolemy.actor.CompositeActor.preinitialize(CompositeActor.java:1769)
	at ptolemy.actor.Manager.preinitializeAndResolveTypes(Manager.java:1040)
	at ptolemy.actor.Manager.initialize(Manager.java:710)
	at ptolemy.actor.Manager.execute(Manager.java:356)
	at ptolemy.actor.Manager.run(Manager.java:1263)
	at ptolemy.actor.Manager$PtolemyRunThread.run(Manager.java:1933)
java.lang.RuntimeException: Execution failed
	at ptolemy.moml.MoMLSimpleApplication$UnloadThread.run(MoMLSimpleApplication.java:402)
Caused by: ptolemy.kernel.util.IllegalActionException: SubscriptionAggregatorPorts cannot be used at the top level, use a SubscriptionAggregator actor instead.
  in .PublisherSubscriptionAggregatorPort.SubscriptionAggregatorPort
	at ptolemy.actor.SubscriptionAggregatorPort.preinitialize(SubscriptionAggregatorPort.java:353)
	at ptolemy.actor.CompositeActor.preinitialize(CompositeActor.java:1769)
	at ptolemy.actor.Manager.preinitializeAndResolveTypes(Manager.java:1040)
	at ptolemy.actor.Manager.initialize(Manager.java:710)
	at ptolemy.actor.Manager.execute(Manager.java:356)
	at ptolemy.actor.Manager.run(Manager.java:1263)
	at ptolemy.actor.Manager$PtolemyRunThread.run(Manager.java:1933)
java.lang.reflect.InvocationTargetException
	at java.base/jdk.internal.reflect.NativeConstructorAccessorImpl.newInstance0(Native Method)
	at java.base/jdk.internal.reflect.NativeConstructorAccessorImpl.newInstance(NativeConstructorAccessorImpl.java:62)
	at java.base/jdk.internal.reflect.DelegatingConstructorAccessorImpl.newInstance(DelegatingConstructorAccessorImpl.java:45)
	at java.base/java.lang.reflect.Constructor.newInstance(Constructor.java:490)
	at ptolemy.util.test.junit.AutoKnownFailedTests.RunModel(AutoKnownFailedTests.java:105)
	at java.base/jdk.internal.reflect.NativeMethodAccessorImpl.invoke0(Native Method)
	at java.base/jdk.internal.reflect.NativeMethodAccessorImpl.invoke(NativeMethodAccessorImpl.java:62)
	at java.base/jdk.internal.reflect.DelegatingMethodAccessorImpl.invoke(DelegatingMethodAccessorImpl.java:43)
	at java.base/java.lang.reflect.Method.invoke(Method.java:566)
	at org.junit.runners.model.FrameworkMethod$1.runReflectiveCall(FrameworkMethod.java:44)
	at org.junit.internal.runners.model.ReflectiveCallable.run(ReflectiveCallable.java:15)
	at org.junit.runners.model.FrameworkMethod.invokeExplosively(FrameworkMethod.java:41)
	at junitparams.internal.InvokeParameterisedMethod.evaluate(InvokeParameterisedMethod.java:102)
	at org.junit.internal.runners.statements.FailOnTimeout$1.run(FailOnTimeout.java:28)
Caused by: ptolemy.kernel.util.IllegalActionException: SubscriptionAggregatorPorts cannot be used at the top level, use a SubscriptionAggregator actor instead.
  in .PublisherSubscriptionAggregatorPort.SubscriptionAggregatorPort
	at ptolemy.actor.SubscriptionAggregatorPort.preinitialize(SubscriptionAggregatorPort.java:353)
	at ptolemy.actor.CompositeActor.preinitialize(CompositeActor.java:1769)
	at ptolemy.actor.Manager.preinitializeAndResolveTypes(Manager.java:1040)
	at ptolemy.actor.Manager.initialize(Manager.java:710)
	at ptolemy.actor.Manager.execute(Manager.java:356)
	at ptolemy.actor.Manager.run(Manager.java:1263)
	at ptolemy.actor.Manager$PtolemyRunThread.run(Manager.java:1933)
java.lang.RuntimeException: Execution failed
	at ptolemy.moml.MoMLSimpleApplication$UnloadThread.run(MoMLSimpleApplication.java:402)
Caused by: ptolemy.kernel.util.IllegalActionException: TypeTest actor has no training data.
  in .sizedarray3.TypeTest
	at ptolemy.actor.lib.TypeTest.initialize(TypeTest.java:250)
	at ptolemy.actor.Director.initialize(Director.java:938)
	at ptolemy.actor.Director.initialize(Director.java:907)
	at ptolemy.actor.sched.StaticSchedulingDirector.initialize(StaticSchedulingDirector.java:159)
	at ptolemy.domains.sdf.kernel.SDFDirector.initialize(SDFDirector.java:544)
	at ptolemy.actor.CompositeActor.initialize(CompositeActor.java:935)
	at ptolemy.actor.Manager.initialize(Manager.java:724)
	at ptolemy.actor.Manager.execute(Manager.java:356)
	at ptolemy.actor.Manager.run(Manager.java:1263)
	at ptolemy.actor.Manager$PtolemyRunThread.run(Manager.java:1933)
java.lang.reflect.InvocationTargetException
	at java.base/jdk.internal.reflect.NativeConstructorAccessorImpl.newInstance0(Native Method)
	at java.base/jdk.internal.reflect.NativeConstructorAccessorImpl.newInstance(NativeConstructorAccessorImpl.java:62)
	at java.base/jdk.internal.reflect.DelegatingConstructorAccessorImpl.newInstance(DelegatingConstructorAccessorImpl.java:45)
	at java.base/java.lang.reflect.Constructor.newInstance(Constructor.java:490)
	at ptolemy.util.test.junit.AutoKnownFailedTests.RunModel(AutoKnownFailedTests.java:105)
	at java.base/jdk.internal.reflect.NativeMethodAccessorImpl.invoke0(Native Method)
	at java.base/jdk.internal.reflect.NativeMethodAccessorImpl.invoke(NativeMethodAccessorImpl.java:62)
	at java.base/jdk.internal.reflect.DelegatingMethodAccessorImpl.invoke(DelegatingMethodAccessorImpl.java:43)
	at java.base/java.lang.reflect.Method.invoke(Method.java:566)
	at org.junit.runners.model.FrameworkMethod$1.runReflectiveCall(FrameworkMethod.java:44)
	at org.junit.internal.runners.model.ReflectiveCallable.run(ReflectiveCallable.java:15)
	at org.junit.runners.model.FrameworkMethod.invokeExplosively(FrameworkMethod.java:41)
	at junitparams.internal.InvokeParameterisedMethod.evaluate(InvokeParameterisedMethod.java:102)
	at org.junit.internal.runners.statements.FailOnTimeout$1.run(FailOnTimeout.java:28)
Caused by: ptolemy.kernel.util.IllegalActionException: TypeTest actor has no training data.
  in .sizedarray3.TypeTest
	at ptolemy.actor.lib.TypeTest.initialize(TypeTest.java:250)
	at ptolemy.actor.Director.initialize(Director.java:938)
	at ptolemy.actor.Director.initialize(Director.java:907)
	at ptolemy.actor.sched.StaticSchedulingDirector.initialize(StaticSchedulingDirector.java:159)
	at ptolemy.domains.sdf.kernel.SDFDirector.initialize(SDFDirector.java:544)
	at ptolemy.actor.CompositeActor.initialize(CompositeActor.java:935)
	at ptolemy.actor.Manager.initialize(Manager.java:724)
	at ptolemy.actor.Manager.execute(Manager.java:356)
	at ptolemy.actor.Manager.run(Manager.java:1263)
	at ptolemy.actor.Manager$PtolemyRunThread.run(Manager.java:1933)
]]></system-err>
</testsuite>
