<?xml version="1.0" encoding="UTF-8" ?>
<testsuite errors="0" failures="0" hostname="travis-job-e5385a1a-c4a6-49ea-ba02-5349f4e530d6" name="ptolemy.actor.lib.test.junit.JUnitTclTest" skipped="0" tests="517" time="59.673" timestamp="2020-01-26T06:54:29">
  <properties>
    <property name="npm.executable" value="npm" />
    <property name="env.TRAVIS_ROOT" value="/" />
    <property name="ptII.mk.exists" value="true" />
    <property name="env.TRAVIS_APP_HOST" value="build.travis-ci.org" />
    <property name="env.rvm_bin_path" value="/home/travis/.rvm/bin" />
    <property name="java.home" value="/usr/local/lib/jvm/openjdk11" />
    <property name="env.TRAVIS_JOB_NUMBER" value="1482.8" />
    <property name="env.TRAVIS_HOME" value="/home/travis" />
    <property name="env.DISPLAY" value=":99.0" />
    <property name="env.TRAVIS_INIT" value="systemd" />
    <property name="env.SSH_TTY" value="/dev/pts/0" />
    <property name="java.net.preferIPv4Stack" value="true" />
    <property name="env.RUN_TESTS" value="true" />
    <property name="timeout.short" value="1000000" />
    <property name="junit.formatter" value="xml" />
    <property name="env.TRAVIS_SUDO" value="true" />
    <property name="env.TRAVIS_JOB_NAME" value="" />
    <property name="env.TRAVIS_STACK_NODE_ATTRIBUTES" value="/.node-attributes.yml" />
    <property name="env.LOGNAME" value="travis" />
    <property name="env.PT_TRAVIS_TEST_CORE1_XML" value="true" />
    <property name="jsdoc.home" value="node_modules/@terraswarm/jsdoc" />
    <property name="debuglevel" value="source,lines,vars" />
    <property name="checkstyle.formatter" value="xml" />
    <property name="env._system_version" value="16.04" />
    <property name="bin.vergil.makeable" value="true" />
    <property name="sun.os.patch.level" value="unknown" />
    <property name="java.vendor.url" value="http://java.oracle.com/" />
    <property name="env.TRAVIS_BUILD_WEB_URL" value="https://travis-ci.org/icyphy/ptII/builds/641926036" />
    <property name="java.version" value="11.0.2" />
    <property name="env.TZ" value="UTC" />
    <property name="env.TRAVIS_PULL_REQUEST_SHA" value="" />
    <property name="env.PT_NO_NET" value="true" />
    <property name="env.TRAVIS_SECURE_ENV_VARS" value="true" />
    <property name="env._system_type" value="Linux" />
    <property name="java.vendor.url.bug" value="http://bugreport.java.com/bugreport/" />
    <property name="npmjs-org-is-up" value="true" />
    <property name="env.LANGUAGE" value="en_US.UTF-8" />
    <property name="env.SSH_CLIENT" value="10.16.0.8 53678 22" />
    <property name="env.GEM_HOME" value="/home/travis/.rvm/gems/ruby-2.5.3" />
    <property name="env.HAS_ANTARES_THREE_LITTLE_FRONZIES_BADGE" value="true" />
    <property name="java.version.date" value="2019-01-15" />
    <property name="env.PS4" value="+" />
    <property name="ant.project.invoked-targets" value="build,test.core1.xml" />
    <property name="env.TRAVIS_PULL_REQUEST_BRANCH" value="" />
    <property name="env.TRAVIS_REPO_SLUG" value="icyphy/ptII" />
    <property name="env.XDG_DATA_DIRS" value="/usr/local/share:/usr/share:/var/lib/snapd/desktop" />
    <property name="jdk.debug" value="release" />
    <property name="env.TRAVIS_APT_PROXY" value="http://build-cache.travisci.net" />
    <property name="env.TRAVIS_CPU_ARCH" value="amd64" />
    <property name="node.in.path" value="true" />
    <property name="user.name" value="travis" />
    <property name="java.maxmemory" value="1400m" />
    <property name="env.RUBY_VERSION" value="ruby-2.5.3" />
    <property name="env.LANG" value="en_US.UTF-8" />
    <property name="sun.io.unicode.encoding" value="UnicodeLittle" />
    <property name="sun.jnu.encoding" value="UTF-8" />
    <property name="java.runtime.name" value="OpenJDK Runtime Environment" />
    <property name="usefile" value="false" />
    <property name="return.code" value="0" />
    <property name="junit.single.formatter" value="plain" />
    <property name="env.DYLD_LIBRARY_PATH" value="/home/travis/pthla/certi-tools/lib:" />
    <property name="env.DEBIAN_FRONTEND" value="noninteractive" />
    <property name="env.SSH_CONNECTION" value="10.16.0.8 53678 10.20.0.125 22" />
    <property name="env.MYSQL_UNIX_PORT" value="/var/run/mysqld/mysqld.sock" />
    <property name="env.LC_ALL" value="en_US.UTF-8" />
    <property name="env.TRAVIS_ALLOW_FAILURE" value="false" />
    <property name="env.TRAVIS_JOB_WEB_URL" value="https://travis-ci.org/icyphy/ptII/jobs/641926044" />
    <property name="java.specification.name" value="Java Platform API Specification" />
    <property name="node.works" value="true" />
    <property name="user.timezone" value="" />
    <property name="path.separator" value=":" />
    <property name="env.TRAVIS_ENABLE_INFRA_DETECTION" value="true" />
    <property name="env.PYTHON_CFLAGS" value="-g -fstack-protector --param=ssp-buffer-size=4 -Wformat -Werror=format-security" />
    <property name="timeout.long" value="4000000" />
    <property name="env.CERTI_HOME" value="/home/travis/pthla/certi-tools" />
    <property name="ant.file.ptII" value="/home/travis/build/icyphy/ptII/build.xml" />
    <property name="javadoc.packagenames" value="com.*,diva.*,lbnl.*,org.hlacerti.*,org.json.*,org.ptolemy.*,org.terraswarm.*,ptolemy.*,ptserver.*" />
    <property name="file.encoding" value="UTF-8" />
    <property name="env.TRAVIS_PULL_REQUEST_SLUG" value="" />
    <property name="ant.project.default-target" value="build" />
    <property name="env.GIT_ASKPASS" value="echo" />
    <property name="env.HOME" value="/home/travis" />
    <property name="sun.java.command" value="org.apache.tools.ant.taskdefs.optional.junit.JUnitTestRunner ptolemy.actor.lib.test.junit.JUnitTclTest skipNonTests=false filtertrace=true haltOnError=false haltOnFailure=false formatter=org.apache.tools.ant.taskdefs.optional.junit.OutErrSummaryJUnitResultFormatter showoutput=true outputtoformatters=true logfailedtests=true threadid=0 logtestlistenerevents=false formatter=org.apache.tools.ant.taskdefs.optional.junit.XMLJUnitResultFormatter,/home/travis/build/icyphy/ptII/reports/junit/TEST-ptolemy.actor.lib.test.junit.JUnitTclTest.xml crashfile=/home/travis/build/icyphy/ptII/junitvmwatcher15050191040615622698.properties propsfile=/home/travis/build/icyphy/ptII/junit1569600861412081012.properties" />
    <property name="env.COMPOSER_NO_INTERACTION" value="1" />
    <property name="env.MANPATH" value="/home/travis/.nvm/versions/node/v7.10.1/share/man:/home/travis/.rvm/rubies/ruby-2.5.3/share/man:/usr/local/cmake-3.12.4/man:/usr/local/clang-7.0.0/share/man:/usr/local/man:/usr/local/share/man:/usr/share/man:/home/travis/.rvm/man" />
    <property name="env.TRAVIS_TIMER_ID" value="070ff33e" />
    <property name="ant.file" value="/home/travis/build/icyphy/ptII/build.xml" />
    <property name="env.TRAVIS_COMMIT_RANGE" value="d08c347ec3b0d9308b248f0a24e87de0da79b8f7...8428d4d6455adbdc6035bd3eb323dc21304fa2f7" />
    <property name="env._system_name" value="Ubuntu" />
    <property name="ptII.classpath.optional.property" value="/home/travis/build/icyphy/ptII/lib/bsh-2.0b4.jar:/home/travis/build/icyphy/ptII/lib/ptCal.jar:/home/travis/build/icyphy/ptII/lib/java_cup.jar:/home/travis/build/icyphy/ptII/lib/saxon8.jar:/home/travis/build/icyphy/ptII/lib/saxon8-dom.jar:/home/travis/build/icyphy/ptII/lib/chic.jar:/home/travis/build/icyphy/ptII/lib/ptcolt.jar:/home/travis/build/icyphy/ptII/vendors/misc/itext/iText.jar:/home/travis/build/icyphy/ptII/lib/g4ltl.jar:/home/travis/build/icyphy/ptII/lib/StructuralCoder.jar:/home/travis/build/icyphy/ptII/lib/jcerti.jar:/home/travis/build/icyphy/ptII/lib/javax.mail.jar:/home/travis/build/icyphy/ptII/vendors/JMF-2.1.1e/lib/jmf.jar:/home/travis/build/icyphy/ptII/lib/jna-4.0.0-variadic.jar:/home/travis/build/icyphy/ptII/vendors/misc/joystick/Joystick.jar:/home/travis/build/icyphy/ptII/lib/ptjacl.jar:/home/travis/build/icyphy/ptII/lib/jsoup-1.8.2.jar:/home/travis/build/icyphy/ptII/lib/junit-4.8.2.jar:/home/travis/build/icyphy/ptII/lib/JUnitParams-0.4.0.jar:/home/travis/build/icyphy/ptII/ptolemy/actor/lib/excel/jxl.jar:/home/travis/build/icyphy/ptII/lib/jython.jar:/home/travis/build/icyphy/ptII/lib/kieler.jar:/home/travis/build/icyphy/ptII/vendors/opencv/share/OpenCV/java/opencv-341.jar:/home/travis/build/icyphy/ptII/lib/oscP5.jar:/home/travis/build/icyphy/ptII/lib/nrjavaserial-3.11.0.devel.jar:/home/travis/build/icyphy/ptII/vendors/j3d/lib/Linux/j3dcore.jar:/home/travis/build/icyphy/ptII/vendors/j3d/lib/Linux/j3dutils.jar:/home/travis/build/icyphy/ptII/vendors/j3d/lib/Linux/vecmath.jar:/home/travis/build/icyphy/ptII/vendors/jogl/lib/Linux/gluegen-rt-natives-linux-amd64.jar:/home/travis/build/icyphy/ptII/vendors/jogl/lib/Linux/gluegen-rt.jar:/home/travis/build/icyphy/ptII/vendors/jogl/lib/Linux/jogl-all-natives-linux-amd64.jar:/home/travis/build/icyphy/ptII/vendors/jogl/lib/Linux/jogl-all.jar:/home/travis/build/icyphy/ptII/ptolemy/distributed/jini/jar/jini-core.jar:/home/travis/build/icyphy/ptII/ptolemy/distributed/jini/jar/jini-ext.jar:/home/travis/build/icyphy/ptII/ptolemy/distributed/jini/jar/sun-util.jar:/home/travis/build/icyphy/ptII/lib/protobuf-java-2.4.1.jar:/home/travis/build/icyphy/ptII/lib/org.eclipse.paho.client.mqttv3.jar:/home/travis/build/icyphy/ptII/lib/mapss.jar:/home/travis/build/icyphy/ptII/ptolemy/actor/ptalon/antlr/antlr.jar:/home/travis/build/icyphy/ptII/lib/JRI.jar:/home/travis/build/icyphy/ptII/lib/commons-lang-2.6.jar:/home/travis/build/icyphy/ptII/lib/commons-logging-1.1.1.jar:/home/travis/build/icyphy/ptII/lib/sootclasses.jar:/home/travis/build/icyphy/ptII/ptolemy/actor/lib/database/mysql-connector-java-5.1.6-bin.jar:/home/travis/build/icyphy/ptII/vendors/misc/sphinx4/sphinx4-data-5prealpha.jar:/home/travis/build/icyphy/ptII/vendors/misc/sphinx4/sphinx4-core-5prealpha.jar:/home/travis/build/icyphy/ptII/lib/PDFRenderer.jar:/home/travis/build/icyphy/ptII/lib/svgSalamander.jar:/home/travis/build/icyphy/ptII/lib/rsyntaxtextarea-2.6.0-SNAPSHOT.jar:/home/travis/build/icyphy/ptII/lib/hazelcast-3.8.2.jar:/home/travis/build/icyphy/ptII/lib/jackson-annotations-2.9.0.jar:/home/travis/build/icyphy/ptII/lib/jackson-core-2.9.3.jar:/home/travis/build/icyphy/ptII/lib/jackson-databind-2.9.3.jar:/home/travis/build/icyphy/ptII/lib/netty-buffer-4.1.19.Final.jar:/home/travis/build/icyphy/ptII/lib/netty-codec-4.1.19.Final.jar:/home/travis/build/icyphy/ptII/lib/netty-codec-dns-4.1.19.Final.jar:/home/travis/build/icyphy/ptII/lib/netty-codec-http-4.1.19.Final.jar:/home/travis/build/icyphy/ptII/lib/netty-codec-http2-4.1.19.Final.jar:/home/travis/build/icyphy/ptII/lib/netty-common-4.1.19.Final.jar:/home/travis/build/icyphy/ptII/lib/netty-handler-4.1.19.Final.jar:/home/travis/build/icyphy/ptII/lib/netty-resolver-4.1.19.Final.jar:/home/travis/build/icyphy/ptII/lib/netty-resolver-dns-4.1.19.Final.jar:/home/travis/build/icyphy/ptII/lib/netty-transport-4.1.19.Final.jar:/home/travis/build/icyphy/ptII/lib/vertx-codegen-3.5.1.jar:/home/travis/build/icyphy/ptII/lib/vertx-core-3.5.2-SNAPSHOT.jar:/home/travis/build/icyphy/ptII/lib/vertx-hazelcast-3.5.1.jar:/home/travis/build/icyphy/ptII/lib/vertx-lang-js-3.5.1.jar:/home/travis/build/icyphy/ptII/lib/vertx-service-proxy-3.5.1.jar:/home/travis/build/icyphy/ptII/lib/vertx-web-3.5.1.jar:/home/travis/build/icyphy/ptII/lib/slf4j-api-1.7.13.jar:/home/travis/build/icyphy/ptII/lib/slf4j-simple-1.7.13.jar:/home/travis/build/icyphy/ptII/lib/webcam-capture-0.3.12.jar:/home/travis/build/icyphy/ptII/lib/bridj-0.7.0.jar:/home/travis/build/icyphy/ptII/lib/xbjlib-1.1.0.nrjavaserial.jar" />
    <property name="timeout" value="2400000" />
    <property name="test.batch" value="**/junit/*.java" />
    <property name="env._" value="/usr/bin/timeout" />
    <property name="java.io.tmpdir" value="/tmp" />
    <property name="user.language" value="en" />
    <property name="env.TRAVIS_INTERNAL_RUBY_REGEX" value="^ruby-(2\.[0-4]\.[0-9]|1\.9\.3)" />
    <property name="env.HISTCONTROL" value="ignoredups:ignorespace" />
    <property name="env.GOROOT" value="/home/travis/.gimme/versions/go1.11.1.linux.amd64" />
    <property name="line.separator" value="&#xa;" />
    <property name="target" value="11" />
    <property name="env.TRAVIS_BUILD_DIR" value="/home/travis/build/icyphy/ptII" />
    <property name="env.ANT_OPTS" value="-Xmx2048m" />
    <property name="ant.file.type" value="file" />
    <property name="ptolemy.ptII.batchMode" value="true" />
    <property name="env.HISTSIZE" value="1000" />
    <property name="env.MERB_ENV" value="test" />
    <property name="java.vm.info" value="mixed mode" />
    <property name="source" value="11" />
    <property name="java.vm.specification.name" value="Java Virtual Machine Specification" />
    <property name="env.TRAVIS_TEST_RESULT" value="0" />
    <property name="jsdoc.command" value="node_modules/@terraswarm/jsdoc/jsdoc.js" />
    <property name="npm.works" value="true" />
    <property name="cobertura.dir" value="/home/travis/build/icyphy/ptII/vendors/cobertura-2.0.3" />
    <property name="jsdoc.command.exists" value="true" />
    <property name="env.rvm_path" value="/home/travis/.rvm" />
    <property name="env.GEM_PATH" value="/home/travis/.rvm/gems/ruby-2.5.3:/home/travis/.rvm/gems/ruby-2.5.3@global" />
    <property name="env.LC_CTYPE" value="en_US.UTF-8" />
    <property name="env.TRAVIS_CMD" value="$PTII/bin/ptIITravisBuild.sh $SECONDS" />
    <property name="java.awt.printerjob" value="sun.print.PSPrinterJob" />
    <property name="env.TRAVIS_STACK_NAME" value="sardonyx" />
    <property name="env.TRAVIS_TIMER_START_TIME" value="1580021064552527048" />
    <property name="ant.version" value="Apache Ant(TM) version 1.10.1 compiled on February 2 2017" />
    <property name="ptII.reports" value="/home/travis/build/icyphy/ptII/reports" />
    <property name="env.TRAVIS_STACK_TIMESTAMP" value="2019-03-25 16:16:56 UTC" />
    <property name="ant.file.type.ptII" value="file" />
    <property name="env.RBENV_SHELL" value="bash" />
    <property name="os.name" value="Linux" />
    <property name="java.specification.vendor" value="Oracle Corporation" />
    <property name="env.rvm_version" value="1.29.7 (latest)" />
    <property name="env.TRAVIS_INFRA" value="unknown" />
    <property name="env.TERM" value="xterm" />
    <property name="java.vm.name" value="OpenJDK 64-Bit Server VM" />
    <property name="env.TRAVIS_BUILD_NUMBER" value="1482" />
    <property name="env.CI" value="true" />
    <property name="java.library.path" value="/home/travis/pthla/certi-tools/lib:/usr/lib/jni:/usr/local/share/OpenCV/java/:/usr/share/OpenCV/java::/usr/java/packages/lib:/usr/lib64:/lib64:/lib:/usr/lib" />
    <property name="jdk.module.path" value="/home/travis/build/icyphy/ptII/vendors/javafx/javafx-sdk-11.0.2/lib:" />
    <property name="env.rvm_prefix" value="/home/travis" />
    <property name="env.PATH" value="/home/travis/pthla/certi-tools/share/scripts:/home/travis/.rvm/gems/ruby-2.5.3/bin:/home/travis/.rvm/gems/ruby-2.5.3@global/bin:/home/travis/.rvm/rubies/ruby-2.5.3/bin:/home/travis/.rvm/bin:/home/travis/.nvm/versions/node/v7.10.1/bin:./node_modules/.bin:/home/travis/build/icyphy/ptII/bin:/home/travis/pthla/certi-tools/bin:/home/travis/bin:/home/travis/.local/bin:/usr/local/lib/jvm/openjdk11/bin:/opt/pyenv/shims:/home/travis/.phpenv/shims:/home/travis/perl5/perlbrew/bin:/home/travis/gopath/bin:/home/travis/.gimme/versions/go1.11.1.linux.amd64/bin:/usr/local/maven-3.6.0/bin:/usr/local/cmake-3.12.4/bin:/usr/local/clang-7.0.0/bin:/usr/local/sbin:/usr/local/bin:/usr/sbin:/usr/bin:/sbin:/bin:/snap/bin:/home/travis/.phpenv/bin:/opt/pyenv/bin:/home/travis/.yarn/bin" />
    <property name="env.TRAVIS_OS_NAME" value="linux" />
    <property name="ant.java.version" value="9" />
    <property name="basedir" value="/home/travis/build/icyphy/ptII" />
    <property name="java.class.version" value="55.0" />
    <property name="env.SHLVL" value="3" />
    <property name="env.LD_LIBRARY_PATH" value="/home/travis/pthla/certi-tools/lib:/usr/lib/jni:/usr/local/share/OpenCV/java/:/usr/share/OpenCV/java:" />
    <property name="env.RACK_ENV" value="test" />
    <property name="ant.home" value="/home/travis/build/icyphy/ptII/ant" />
    <property name="env.NVM_DIR" value="/home/travis/.nvm" />
    <property name="env.CERTI_FOM_PATH" value="/home/travis/pthla/certi-tools/share/federations" />
    <property name="env.TRAVIS_BUILD_ID" value="641926036" />
    <property name="env.PYENV_ROOT" value="/opt/pyenv" />
    <property name="env.TRAVIS_UID" value="2000" />
    <property name="prism.verbose" value="true" />
    <property name="env.NVM_BIN" value="/home/travis/.nvm/versions/node/v7.10.1/bin" />
    <property name="env.TRAVIS_COMMIT" value="8428d4d6455adbdc6035bd3eb323dc21304fa2f7" />
    <property name="env._system_arch" value="x86_64" />
    <property name="node.executable" value="node" />
    <property name="sun.boot.library.path" value="/usr/local/lib/jvm/openjdk11/lib" />
    <property name="sun.management.compiler" value="HotSpot 64-Bit Tiered Compilers" />
    <property name="java.awt.graphicsenv" value="sun.awt.X11GraphicsEnvironment" />
    <property name="env.GOPATH" value="/home/travis/gopath" />
    <property name="ptolemy.ptII.dir" value="/home/travis/build/icyphy/ptII" />
    <property name="env.USER" value="travis" />
    <property name="env.HISTFILESIZE" value="2000" />
    <property name="timeout.longest" value="19000000" />
    <property name="env.PERLBREW_SHELLRC_VERSION" value="0.86" />
    <property name="env.TRAVIS_STACK_FEATURES" value="basic couchdb disabled-ipv6 docker docker-compose elasticsearch firefox go-toolchain google-chrome jdk memcached mongodb mysql nodejs_interpreter perl_interpreter perlbrew phantomjs postgresql python_interpreter redis ruby_interpreter sqlite xserver" />
    <property name="env.TRAVIS_PULL_REQUEST" value="false" />
    <property name="env.PYENV_SHELL" value="bash" />
    <property name="ant.project.name" value="ptII" />
    <property name="env.ANSI_RESET" value="\033[0m" />
    <property name="java.vm.specification.version" value="11" />
    <property name="env.TRAVIS_DIST" value="xenial" />
    <property name="env.CERTI_VERSION" value="4.0.0" />
    <property name="env.CERTI_HOST" value="localhost" />
    <property name="awt.toolkit" value="sun.awt.X11.XToolkit" />
    <property name="env.MY_RUBY_HOME" value="/home/travis/.rvm/rubies/ruby-2.5.3" />
    <property name="sun.cpu.isalist" value="" />
    <property name="env.TRAVIS_TMPDIR" value="/tmp/tmp.tz7ZysEpC2" />
    <property name="java.vm.compressedOopsMode" value="Zero based" />
    <property name="os.version" value="4.15.0-1028-gcp" />
    <property name="user.home" value="/home/travis" />
    <property name="java.vm.vendor" value="Oracle Corporation" />
    <property name="env.TRAVIS_TAG" value="nightly" />
    <property name="env.ANSI_YELLOW" value="\033[33;1m" />
    <property name="env.TRAVIS_FILTERED" value="redirect_io" />
    <property name="env.ANSI_GREEN" value="\033[32;1m" />
    <property name="env.JAVA_HOME" value="/usr/local/lib/jvm/openjdk11" />
    <property name="javadoc.excludepackagenames" value="adm.cvs2svn.*,build.*,config.*,doc.coding.templates.*,jni.test.jni.meaningOfLife.*,jni.test.jni.testDeux.*,jni.test.jni.testTrois.*,org.terraswarm.accessor.accessors.web.node_modules.*,org.terraswarm.accessor.accessors.web.hosts.cordova.demo.*,org.terraswarm.accessor.accessors.web.hosts.cordova.plugins.*,org.terraswarm.accessor.accessors-svn.*,pt-modules.*,ptolemy.apps.agilent.*,ptolemy.apps.anytimecontrol.*,ptolemy.apps.apes.*,ptolemy.apps.charon.*,ptolemy.apps.crazyboard.*,ptolemy.apps.eclipse.*,ptolemy.apps.etherealSting.*,ptolemy.apps.fullscreen.*,ptolemy.apps.giotto.*,ptolemy.apps.ia.*,ptolemy.apps.interfaces.*,ptolemy.apps.jmf.*,ptolemy.apps.kurt.*,ptolemy.apps.kvm.*,ptolemy.apps.lego.*,ptolemy.apps.lejos.*,ptolemy.apps.midp.*,ptolemy.apps.mobileCoding.*,ptolemy.apps.pendulum.*,ptolemy.apps.rijndael.*,ptolemy.apps.robot.*,ptolemy.apps.security.*,ptolemy.apps.sobel.*,ptolemy.apps.soot.*,ptolemy.apps.throttle.*,ptolemy.apps.tini.*,ptolemy.apps.transmission.*,ptolemy.apps.vergil.*,ptolemy.apps.waba.*,ptolemy.apps.websensor.*,ptolemy.apps.webstart.*,ptolemy.apps.xsl.*,ptolemy.apps.zaurus.*,ptolemy.codegen.c.actor.lib.oldJavaFiles.*,ptolemy.codegen.dsp.lib.*,ptolemy.codegen.kernel.newInterfaces.*,ptolemy.codegen.lib.*,ptolemy.copernicus.kernel.fragment.*,ptolemy.copernicus.shallow.cg.*,ptolemy.domains.giotto.demo.Hierarchy.Hierarchy.*,ptolemy.domains.giotto.demo.Multimode.Multimode.*,ptolemy.domains.giotto.demo.Simple.Simple.*,ptolemy.domains.gr.lib.experimental.*,ptolemy.domains.gro.*,ptolemy.domains.pdf.*,ptolemy.domains.ptinyos.demo.Surge.output.*,ptolemy.moml.test.NoPackageActor.java*,ptolemy.plot.adm.*,ptolemy.plot.servlet.*,reports.*,signed.*,src.*,target.*,vendors.*,ptolemy.copernicus.applet.*,ptolemy.media.viewer.*,ptolemy.actor.corba.*,doc.doclets.*,ptolemy.apps.eclipse.awt.*,ptolemy.backtrack.*,ptolemy.backtrack.ast.*,ptolemy.cg.adapter.generic.program.procedural.c.mbed*,ptolemy.homer.*,ptolemy.actor.lib.jai.*,org.ptolemy.scala.*,diva.util.java2d.svg.*,ptolemy.domains.ptinyos.*,ptolemy.actor.lib.fmi.fmipp.*,,org.terraswarm.accessor.accessors.web.node_modules.*,org.terraswarm.accessor.accessors-svn,ptolemy.apps.*,ptolemy.actor.ptalon.demo.ptinyos.SendAndReceiveCnt.output,ptolemy.actor.ptalon.demo.ptinyos.SenseToLeds.output,ptolemy.domains.ptinyos.demo.CntToLedsAndRfm.output,ptolemy.domains.ptinyos.demo.RfmToLeds.output,ptolemy.domains.ptinyos.demo.SendAndReceiveCnt.output,ptolemy.domains.ptinyos.demo.SenseToLeds.output,ptolemy.actor.lib.jjs.modules.udpSocket.*" />
    <property name="env.PTII" value="/home/travis/build/icyphy/ptII" />
    <property name="env.XDG_SESSION_ID" value="2" />
    <property name="keystore" value="ptKeystore" />
    <property name="env.TRAVIS_COMMIT_MESSAGE" value="Checking for a rtia running only once in HlaManager.java." />
    <property name="junit.output.dir" value="/home/travis/build/icyphy/ptII/reports/junit" />
    <property name="npm.return.code" value="0" />
    <property name="user.dir" value="/home/travis/build/icyphy/ptII/ptolemy/actor/lib/test" />
    <property name="env.TRAVIS_NODE_VERSION" value="7" />
    <property name="env.TRAVIS_EVENT_TYPE" value="cron" />
    <property name="env.MAIL" value="/var/mail/travis" />
    <property name="env.PERLBREW_ROOT" value="/home/travis/perl5/perlbrew" />
    <property name="env.PWD" value="/home/travis/build/icyphy/ptII" />
    <property name="timeout.npm" value="45000" />
    <property name="env.TRAVIS_ARCH" value="amd64" />
    <property name="sun.cpu.endian" value="little" />
    <property name="env.PAGER" value="cat" />
    <property name="env.TRAVIS_BUILD_STAGE_NAME" value="Test" />
    <property name="env.PERLBREW_HOME" value="/home/travis/.perlbrew" />
    <property name="java.vm.version" value="11.0.2+9" />
    <property name="env.RAILS_ENV" value="test" />
    <property name="java.class.path" value="/home/travis/.ptolemyII:/home/travis/.ptolemyII/*:/home/travis/build/icyphy/ptII:/home/travis/build/icyphy/ptII/lib/bsh-2.0b4.jar:/home/travis/build/icyphy/ptII/lib/ptCal.jar:/home/travis/build/icyphy/ptII/lib/java_cup.jar:/home/travis/build/icyphy/ptII/lib/saxon8.jar:/home/travis/build/icyphy/ptII/lib/saxon8-dom.jar:/home/travis/build/icyphy/ptII/lib/chic.jar:/home/travis/build/icyphy/ptII/lib/ptcolt.jar:/home/travis/build/icyphy/ptII/vendors/misc/itext/iText.jar:/home/travis/build/icyphy/ptII/lib/g4ltl.jar:/home/travis/build/icyphy/ptII/lib/StructuralCoder.jar:/home/travis/build/icyphy/ptII/lib/jcerti.jar:/home/travis/build/icyphy/ptII/lib/javax.mail.jar:/home/travis/build/icyphy/ptII/vendors/JMF-2.1.1e/lib/jmf.jar:/home/travis/build/icyphy/ptII/lib/jna-4.0.0-variadic.jar:/home/travis/build/icyphy/ptII/vendors/misc/joystick/Joystick.jar:/home/travis/build/icyphy/ptII/lib/ptjacl.jar:/home/travis/build/icyphy/ptII/lib/jsoup-1.8.2.jar:/home/travis/build/icyphy/ptII/lib/junit-4.8.2.jar:/home/travis/build/icyphy/ptII/lib/JUnitParams-0.4.0.jar:/home/travis/build/icyphy/ptII/ptolemy/actor/lib/excel/jxl.jar:/home/travis/build/icyphy/ptII/lib/jython.jar:/home/travis/build/icyphy/ptII/lib/kieler.jar:/home/travis/build/icyphy/ptII/vendors/opencv/share/OpenCV/java/opencv-341.jar:/home/travis/build/icyphy/ptII/lib/oscP5.jar:/home/travis/build/icyphy/ptII/lib/nrjavaserial-3.11.0.devel.jar:/home/travis/build/icyphy/ptII/vendors/j3d/lib/Linux/j3dcore.jar:/home/travis/build/icyphy/ptII/vendors/j3d/lib/Linux/j3dutils.jar:/home/travis/build/icyphy/ptII/vendors/j3d/lib/Linux/vecmath.jar:/home/travis/build/icyphy/ptII/vendors/jogl/lib/Linux/gluegen-rt-natives-linux-amd64.jar:/home/travis/build/icyphy/ptII/vendors/jogl/lib/Linux/gluegen-rt.jar:/home/travis/build/icyphy/ptII/vendors/jogl/lib/Linux/jogl-all-natives-linux-amd64.jar:/home/travis/build/icyphy/ptII/vendors/jogl/lib/Linux/jogl-all.jar:/home/travis/build/icyphy/ptII/ptolemy/distributed/jini/jar/jini-core.jar:/home/travis/build/icyphy/ptII/ptolemy/distributed/jini/jar/jini-ext.jar:/home/travis/build/icyphy/ptII/ptolemy/distributed/jini/jar/sun-util.jar:/home/travis/build/icyphy/ptII/lib/protobuf-java-2.4.1.jar:/home/travis/build/icyphy/ptII/lib/org.eclipse.paho.client.mqttv3.jar:/home/travis/build/icyphy/ptII/lib/mapss.jar:/home/travis/build/icyphy/ptII/ptolemy/actor/ptalon/antlr/antlr.jar:/home/travis/build/icyphy/ptII/lib/JRI.jar:/home/travis/build/icyphy/ptII/lib/commons-lang-2.6.jar:/home/travis/build/icyphy/ptII/lib/commons-logging-1.1.1.jar:/home/travis/build/icyphy/ptII/lib/sootclasses.jar:/home/travis/build/icyphy/ptII/ptolemy/actor/lib/database/mysql-connector-java-5.1.6-bin.jar:/home/travis/build/icyphy/ptII/vendors/misc/sphinx4/sphinx4-data-5prealpha.jar:/home/travis/build/icyphy/ptII/vendors/misc/sphinx4/sphinx4-core-5prealpha.jar:/home/travis/build/icyphy/ptII/lib/PDFRenderer.jar:/home/travis/build/icyphy/ptII/lib/svgSalamander.jar:/home/travis/build/icyphy/ptII/lib/rsyntaxtextarea-2.6.0-SNAPSHOT.jar:/home/travis/build/icyphy/ptII/lib/hazelcast-3.8.2.jar:/home/travis/build/icyphy/ptII/lib/jackson-annotations-2.9.0.jar:/home/travis/build/icyphy/ptII/lib/jackson-core-2.9.3.jar:/home/travis/build/icyphy/ptII/lib/jackson-databind-2.9.3.jar:/home/travis/build/icyphy/ptII/lib/netty-buffer-4.1.19.Final.jar:/home/travis/build/icyphy/ptII/lib/netty-codec-4.1.19.Final.jar:/home/travis/build/icyphy/ptII/lib/netty-codec-dns-4.1.19.Final.jar:/home/travis/build/icyphy/ptII/lib/netty-codec-http-4.1.19.Final.jar:/home/travis/build/icyphy/ptII/lib/netty-codec-http2-4.1.19.Final.jar:/home/travis/build/icyphy/ptII/lib/netty-common-4.1.19.Final.jar:/home/travis/build/icyphy/ptII/lib/netty-handler-4.1.19.Final.jar:/home/travis/build/icyphy/ptII/lib/netty-resolver-4.1.19.Final.jar:/home/travis/build/icyphy/ptII/lib/netty-resolver-dns-4.1.19.Final.jar:/home/travis/build/icyphy/ptII/lib/netty-transport-4.1.19.Final.jar:/home/travis/build/icyphy/ptII/lib/vertx-codegen-3.5.1.jar:/home/travis/build/icyphy/ptII/lib/vertx-core-3.5.2-SNAPSHOT.jar:/home/travis/build/icyphy/ptII/lib/vertx-hazelcast-3.5.1.jar:/home/travis/build/icyphy/ptII/lib/vertx-lang-js-3.5.1.jar:/home/travis/build/icyphy/ptII/lib/vertx-service-proxy-3.5.1.jar:/home/travis/build/icyphy/ptII/lib/vertx-web-3.5.1.jar:/home/travis/build/icyphy/ptII/lib/slf4j-api-1.7.13.jar:/home/travis/build/icyphy/ptII/lib/slf4j-simple-1.7.13.jar:/home/travis/build/icyphy/ptII/lib/webcam-capture-0.3.12.jar:/home/travis/build/icyphy/ptII/lib/bridj-0.7.0.jar:/home/travis/build/icyphy/ptII/lib/xbjlib-1.1.0.nrjavaserial.jar:/home/travis/build/icyphy/ptII/ptolemy/moml/test:/home/travis/build/icyphy/ptII/ant/lib/ant-launcher.jar:/home/travis/build/icyphy/ptII/ant/lib/ant.jar:/home/travis/build/icyphy/ptII/ant/lib/ant-junit.jar:/home/travis/build/icyphy/ptII/ant/lib/ant-junit4.jar" />
    <property name="ant.library.dir" value="/home/travis/build/icyphy/ptII/ant/lib" />
    <property name="os.arch" value="amd64" />
    <property name="env.CONTINUOUS_INTEGRATION" value="true" />
    <property name="env.TRAVIS_LANGUAGE" value="node_js" />
    <property name="env.TRAVIS_STACK_LANGUAGES" value="__sardonyx__ c c++ clojure cplusplus cpp default generic go groovy java node_js php pure_java python ruby scala" />
    <property name="test.name" value="ptolemy.actor.lib.test.junit.JUnitTclTest" />
    <property name="env.APT_KEY_DONT_WARN_ON_DANGEROUS_USAGE" value="1" />
    <property name="sun.java.launcher" value="SUN_STANDARD" />
    <property name="env.PYTHON_CONFIGURE_OPTS" value="--enable-unicode=ucs4 --with-wide-unicode --enable-shared --enable-ipv6 --enable-loadable-sqlite-extensions --with-computed-gotos" />
    <property name="ant.core.lib" value="/home/travis/build/icyphy/ptII/ant/lib/ant.jar" />
    <property name="java.vm.specification.vendor" value="Oracle Corporation" />
    <property name="env.BCVTB_HOME" value="/home/travis/build/icyphy/ptII/lbnl" />
    <property name="file.separator" value="/" />
    <property name="spotbugs.home" value="/home/travis/build/icyphy/ptII/vendors/spotbugs-3.1.1" />
    <property name="java.runtime.version" value="11.0.2+9" />
    <property name="env.ANSI_CLEAR" value="\033[0K" />
    <property name="javafx.verbose" value="true" />
    <property name="env.HAS_JOSH_K_SEAL_OF_APPROVAL" value="true" />
    <property name="env.XDG_RUNTIME_DIR" value="/run/user/2000" />
    <property name="env.TRAVIS_OSX_IMAGE" value="" />
    <property name="env.TRAVIS_JOB_ID" value="641926044" />
    <property name="env.TRAVIS_BRANCH" value="master" />
    <property name="user.country" value="US" />
    <property name="env.CERTI_HOME_TRAVIS" value="/home/travis/pthla/certi-tools" />
    <property name="env.SHELL" value="/bin/bash" />
    <property name="java.maxmemory.large" value="3200m" />
    <property name="model" value="" />
    <property name="env.CASHER_DIR" value="/home/travis/.casher" />
    <property name="env.NVM_CD_FLAGS" value="" />
    <property name="java.vendor.version" value="18.9" />
    <property name="jshint.executable" value="/home/travis/node_modules/jshint/bin/jshint" />
    <property name="env.JRUBY_OPTS" value=" --client -J-XX:+TieredCompilation -J-XX:TieredStopAtLevel=1 -J-Xss2m -Xcompile.invokedynamic=false" />
    <property name="java.vendor" value="Oracle Corporation" />
    <property name="env.TRAVIS_PRE_CHEF_BOOTSTRAP_TIME" value="2019-03-25T16:16:42" />
    <property name="env.TRAVIS_STACK_JOB_BOARD_REGISTER" value="/.job-board-register.yml" />
    <property name="env.ANSI_RED" value="\033[31;1m" />
    <property name="java.specification.version" value="11" />
    <property name="env.IRBRC" value="/home/travis/.rvm/rubies/ruby-2.5.3/.irbrc" />
    <property name="env.TRAVIS" value="true" />
    <property name="sun.arch.data.model" value="64" />
  </properties>
  <testcase classname="ptolemy.util.test.junit.TclTests" name="[0] /home/travis/build/icyphy/ptII/ptolemy/actor/lib/test/AbsoluteValue.tcl (RunTclFile)" time="0.557" />
  <testcase classname="ptolemy.util.test.junit.TclTests" name="[1] /home/travis/build/icyphy/ptII/ptolemy/actor/lib/test/AddSubtract.tcl (RunTclFile)" time="0.154" />
  <testcase classname="ptolemy.util.test.junit.TclTests" name="[2] /home/travis/build/icyphy/ptII/ptolemy/actor/lib/test/Average.tcl (RunTclFile)" time="0.049" />
  <testcase classname="ptolemy.util.test.junit.TclTests" name="[3] /home/travis/build/icyphy/ptII/ptolemy/actor/lib/test/Bernoulli.tcl (RunTclFile)" time="0.033" />
  <testcase classname="ptolemy.util.test.junit.TclTests" name="[4] /home/travis/build/icyphy/ptII/ptolemy/actor/lib/test/Clock.tcl (RunTclFile)" time="0.106" />
  <testcase classname="ptolemy.util.test.junit.TclTests" name="[5] /home/travis/build/icyphy/ptII/ptolemy/actor/lib/test/Commutator.tcl (RunTclFile)" time="0.172" />
  <testcase classname="ptolemy.util.test.junit.TclTests" name="[6] /home/travis/build/icyphy/ptII/ptolemy/actor/lib/test/Const.tcl (RunTclFile)" time="0.105" />
  <testcase classname="ptolemy.util.test.junit.TclTests" name="[7] /home/travis/build/icyphy/ptII/ptolemy/actor/lib/test/CurrentTime.tcl (RunTclFile)" time="0.037" />
  <testcase classname="ptolemy.util.test.junit.TclTests" name="[8] /home/travis/build/icyphy/ptII/ptolemy/actor/lib/test/DB.tcl (RunTclFile)" time="0.031" />
  <testcase classname="ptolemy.util.test.junit.TclTests" name="[9] /home/travis/build/icyphy/ptII/ptolemy/actor/lib/test/DiscreteRandomSource.tcl (RunTclFile)" time="0.041" />
  <testcase classname="ptolemy.util.test.junit.TclTests" name="[10] /home/travis/build/icyphy/ptII/ptolemy/actor/lib/test/Distributor.tcl (RunTclFile)" time="0.076" />
  <testcase classname="ptolemy.util.test.junit.TclTests" name="[11] /home/travis/build/icyphy/ptII/ptolemy/actor/lib/test/Exit.tcl (RunTclFile)" time="0.08" />
  <testcase classname="ptolemy.util.test.junit.TclTests" name="[12] /home/travis/build/icyphy/ptII/ptolemy/actor/lib/test/Expression.tcl (RunTclFile)" time="0.097" />
  <testcase classname="ptolemy.util.test.junit.TclTests" name="[13] /home/travis/build/icyphy/ptII/ptolemy/actor/lib/test/Gaussian.tcl (RunTclFile)" time="0.528" />
  <testcase classname="ptolemy.util.test.junit.TclTests" name="[14] /home/travis/build/icyphy/ptII/ptolemy/actor/lib/test/IIR.tcl (RunTclFile)" time="0.021" />
  <testcase classname="ptolemy.util.test.junit.TclTests" name="[15] /home/travis/build/icyphy/ptII/ptolemy/actor/lib/test/Interpolator.tcl (RunTclFile)" time="0.068" />
  <testcase classname="ptolemy.util.test.junit.TclTests" name="[16] /home/travis/build/icyphy/ptII/ptolemy/actor/lib/test/MathFunction.tcl (RunTclFile)" time="0.057" />
  <testcase classname="ptolemy.util.test.junit.TclTests" name="[17] /home/travis/build/icyphy/ptII/ptolemy/actor/lib/test/Maximum.tcl (RunTclFile)" time="0.019" />
  <testcase classname="ptolemy.util.test.junit.TclTests" name="[18] /home/travis/build/icyphy/ptII/ptolemy/actor/lib/test/Minimum.tcl (RunTclFile)" time="0.017" />
  <testcase classname="ptolemy.util.test.junit.TclTests" name="[19] /home/travis/build/icyphy/ptII/ptolemy/actor/lib/test/MultiplyDivide.tcl (RunTclFile)" time="0.018" />
  <testcase classname="ptolemy.util.test.junit.TclTests" name="[20] /home/travis/build/icyphy/ptII/ptolemy/actor/lib/test/OrderedMerge.tcl (RunTclFile)" time="0.123" />
  <testcase classname="ptolemy.util.test.junit.TclTests" name="[21] /home/travis/build/icyphy/ptII/ptolemy/actor/lib/test/Publisher.tcl (RunTclFile)" time="0.759" />
  <testcase classname="ptolemy.util.test.junit.TclTests" name="[22] /home/travis/build/icyphy/ptII/ptolemy/actor/lib/test/Pulse.tcl (RunTclFile)" time="0.053" />
  <testcase classname="ptolemy.util.test.junit.TclTests" name="[23] /home/travis/build/icyphy/ptII/ptolemy/actor/lib/test/Ramp.tcl (RunTclFile)" time="1.744" />
  <testcase classname="ptolemy.util.test.junit.TclTests" name="[24] /home/travis/build/icyphy/ptII/ptolemy/actor/lib/test/RampContinuous.tcl (RunTclFile)" time="0.018" />
  <testcase classname="ptolemy.util.test.junit.TclTests" name="[25] /home/travis/build/icyphy/ptII/ptolemy/actor/lib/test/RecordAssembler.tcl (RunTclFile)" time="0.012" />
  <testcase classname="ptolemy.util.test.junit.TclTests" name="[26] /home/travis/build/icyphy/ptII/ptolemy/actor/lib/test/RecordDisassembler.tcl (RunTclFile)" time="0.016" />
  <testcase classname="ptolemy.util.test.junit.TclTests" name="[27] /home/travis/build/icyphy/ptII/ptolemy/actor/lib/test/Scale.tcl (RunTclFile)" time="0.019" />
  <testcase classname="ptolemy.util.test.junit.TclTests" name="[28] /home/travis/build/icyphy/ptII/ptolemy/actor/lib/test/SequentialClock.tcl (RunTclFile)" time="0.012" />
  <testcase classname="ptolemy.util.test.junit.TclTests" name="[29] /home/travis/build/icyphy/ptII/ptolemy/actor/lib/test/SetVariable.tcl (RunTclFile)" time="0.007" />
  <testcase classname="ptolemy.util.test.junit.TclTests" name="[30] /home/travis/build/icyphy/ptII/ptolemy/actor/lib/test/Sinewave.tcl (RunTclFile)" time="0.043" />
  <testcase classname="ptolemy.util.test.junit.TclTests" name="[31] /home/travis/build/icyphy/ptII/ptolemy/actor/lib/test/SubscriptionAggregator.tcl (RunTclFile)" time="1.967" />
  <testcase classname="ptolemy.util.test.junit.TclTests" name="[32] /home/travis/build/icyphy/ptII/ptolemy/actor/lib/test/Test.tcl (RunTclFile)" time="0.104" />
  <testcase classname="ptolemy.util.test.junit.TclTests" name="[33] /home/travis/build/icyphy/ptII/ptolemy/actor/lib/test/TestExceptionHandler.tcl (RunTclFile)" time="0.012" />
  <testcase classname="ptolemy.util.test.junit.TclTests" name="[34] /home/travis/build/icyphy/ptII/ptolemy/actor/lib/test/UnionDisassembler.tcl (RunTclFile)" time="0.061" />
  <testcase classname="ptolemy.util.test.junit.TclTests" name="[35] /home/travis/build/icyphy/ptII/ptolemy/actor/lib/test/VariableClock.tcl (RunTclFile)" time="0.029" />
  <testcase classname="ptolemy.util.test.junit.AutoKnownFailedTests" name="[0] /home/travis/build/icyphy/ptII/ptolemy/actor/lib/test/auto/knownFailedTests/PublisherPortToplevelSubscriber.xml (RunModel)" time="0.028" />
  <testcase classname="ptolemy.util.test.junit.AutoKnownFailedTests" name="[1] /home/travis/build/icyphy/ptII/ptolemy/actor/lib/test/auto/knownFailedTests/PublisherSubscriberPortToplevel.xml (RunModel)" time="0.019" />
  <testcase classname="ptolemy.util.test.junit.AutoKnownFailedTests" name="[2] /home/travis/build/icyphy/ptII/ptolemy/actor/lib/test/auto/knownFailedTests/PublisherSubscriptionAggregatorPort.xml (RunModel)" time="0.018" />
  <testcase classname="ptolemy.util.test.junit.AutoKnownFailedTests" name="[3] /home/travis/build/icyphy/ptII/ptolemy/actor/lib/test/auto/knownFailedTests/sizedarray3.xml (RunModel)" time="0.023" />
  <testcase classname="ptolemy.util.test.junit.AutoNameArchTests" name="[0] ThereAreNoAutoArchTests (RunModel)" time="0.003" />
  <testcase classname="ptolemy.util.test.junit.AutoTests" name="[0] /home/travis/build/icyphy/ptII/ptolemy/actor/lib/test/auto/AbsoluteValue.xml (RunModel)" time="0.087" />
  <testcase classname="ptolemy.util.test.junit.AutoTests" name="[1] /home/travis/build/icyphy/ptII/ptolemy/actor/lib/test/auto/AbsoluteValue2.xml (RunModel)" time="0.055" />
  <testcase classname="ptolemy.util.test.junit.AutoTests" name="[2] /home/travis/build/icyphy/ptII/ptolemy/actor/lib/test/auto/Accumulator.xml (RunModel)" time="0.039" />
  <testcase classname="ptolemy.util.test.junit.AutoTests" name="[3] /home/travis/build/icyphy/ptII/ptolemy/actor/lib/test/auto/Accumulator2.xml (RunModel)" time="0.049" />
  <testcase classname="ptolemy.util.test.junit.AutoTests" name="[4] /home/travis/build/icyphy/ptII/ptolemy/actor/lib/test/auto/Accumulator3.xml (RunModel)" time="0.024" />
  <testcase classname="ptolemy.util.test.junit.AutoTests" name="[5] /home/travis/build/icyphy/ptII/ptolemy/actor/lib/test/auto/ArrayAppend.xml (RunModel)" time="0.03" />
  <testcase classname="ptolemy.util.test.junit.AutoTests" name="[6] /home/travis/build/icyphy/ptII/ptolemy/actor/lib/test/auto/ArrayAppend2.xml (RunModel)" time="0.457" />
  <testcase classname="ptolemy.util.test.junit.AutoTests" name="[7] /home/travis/build/icyphy/ptII/ptolemy/actor/lib/test/auto/ArrayAppend3.xml (RunModel)" time="0.033" />
  <testcase classname="ptolemy.util.test.junit.AutoTests" name="[8] /home/travis/build/icyphy/ptII/ptolemy/actor/lib/test/auto/ArrayAppend4.xml (RunModel)" time="0.034" />
  <testcase classname="ptolemy.util.test.junit.AutoTests" name="[9] /home/travis/build/icyphy/ptII/ptolemy/actor/lib/test/auto/ArrayAppend5.xml (RunModel)" time="0.018" />
  <testcase classname="ptolemy.util.test.junit.AutoTests" name="[10] /home/travis/build/icyphy/ptII/ptolemy/actor/lib/test/auto/ArrayAppend6.xml (RunModel)" time="0.014" />
  <testcase classname="ptolemy.util.test.junit.AutoTests" name="[11] /home/travis/build/icyphy/ptII/ptolemy/actor/lib/test/auto/ArrayAppendPerformanceTest.xml (RunModel)" time="0.05" />
  <testcase classname="ptolemy.util.test.junit.AutoTests" name="[12] /home/travis/build/icyphy/ptII/ptolemy/actor/lib/test/auto/ArrayAppendWithEmptyInput.xml (RunModel)" time="0.036" />
  <testcase classname="ptolemy.util.test.junit.AutoTests" name="[13] /home/travis/build/icyphy/ptII/ptolemy/actor/lib/test/auto/ArrayAverage.xml (RunModel)" time="0.036" />
  <testcase classname="ptolemy.util.test.junit.AutoTests" name="[14] /home/travis/build/icyphy/ptII/ptolemy/actor/lib/test/auto/ArrayContains.xml (RunModel)" time="0.028" />
  <testcase classname="ptolemy.util.test.junit.AutoTests" name="[15] /home/travis/build/icyphy/ptII/ptolemy/actor/lib/test/auto/ArrayElement.xml (RunModel)" time="0.026" />
  <testcase classname="ptolemy.util.test.junit.AutoTests" name="[16] /home/travis/build/icyphy/ptII/ptolemy/actor/lib/test/auto/ArrayElementAsMatrix.xml (RunModel)" time="0.059" />
  <testcase classname="ptolemy.util.test.junit.AutoTests" name="[17] /home/travis/build/icyphy/ptII/ptolemy/actor/lib/test/auto/ArrayElementI.xml (RunModel)" time="0.031" />
  <testcase classname="ptolemy.util.test.junit.AutoTests" name="[18] /home/travis/build/icyphy/ptII/ptolemy/actor/lib/test/auto/ArrayExtract.xml (RunModel)" time="0.032" />
  <testcase classname="ptolemy.util.test.junit.AutoTests" name="[19] /home/travis/build/icyphy/ptII/ptolemy/actor/lib/test/auto/ArrayExtract2.xml (RunModel)" time="0.015" />
  <testcase classname="ptolemy.util.test.junit.AutoTests" name="[20] /home/travis/build/icyphy/ptII/ptolemy/actor/lib/test/auto/ArrayLength.xml (RunModel)" time="0.018" />
  <testcase classname="ptolemy.util.test.junit.AutoTests" name="[21] /home/travis/build/icyphy/ptII/ptolemy/actor/lib/test/auto/ArrayLevelCrossing.xml (RunModel)" time="0.027" />
  <testcase classname="ptolemy.util.test.junit.AutoTests" name="[22] /home/travis/build/icyphy/ptII/ptolemy/actor/lib/test/auto/ArrayLevelCrossing2.xml (RunModel)" time="0.021" />
  <testcase classname="ptolemy.util.test.junit.AutoTests" name="[23] /home/travis/build/icyphy/ptII/ptolemy/actor/lib/test/auto/ArrayPeakSearch.xml (RunModel)" time="0.035" />
  <testcase classname="ptolemy.util.test.junit.AutoTests" name="[24] /home/travis/build/icyphy/ptII/ptolemy/actor/lib/test/auto/ArrayPeakSearch2.xml (RunModel)" time="0.036" />
  <testcase classname="ptolemy.util.test.junit.AutoTests" name="[25] /home/travis/build/icyphy/ptII/ptolemy/actor/lib/test/auto/ArrayPeakSearch3.xml (RunModel)" time="0.033" />
  <testcase classname="ptolemy.util.test.junit.AutoTests" name="[26] /home/travis/build/icyphy/ptII/ptolemy/actor/lib/test/auto/ArrayRemoveElement.xml (RunModel)" time="0.026" />
  <testcase classname="ptolemy.util.test.junit.AutoTests" name="[27] /home/travis/build/icyphy/ptII/ptolemy/actor/lib/test/auto/ArraySort.xml (RunModel)" time="0.04" />
  <testcase classname="ptolemy.util.test.junit.AutoTests" name="[28] /home/travis/build/icyphy/ptII/ptolemy/actor/lib/test/auto/ArraySum.xml (RunModel)" time="0.022" />
  <testcase classname="ptolemy.util.test.junit.AutoTests" name="[29] /home/travis/build/icyphy/ptII/ptolemy/actor/lib/test/auto/ArrayToElements.xml (RunModel)" time="0.021" />
  <testcase classname="ptolemy.util.test.junit.AutoTests" name="[30] /home/travis/build/icyphy/ptII/ptolemy/actor/lib/test/auto/ArrayToMatrix.xml (RunModel)" time="0.059" />
  <testcase classname="ptolemy.util.test.junit.AutoTests" name="[31] /home/travis/build/icyphy/ptII/ptolemy/actor/lib/test/auto/ArrayUpdate1.xml (RunModel)" time="0.017" />
  <testcase classname="ptolemy.util.test.junit.AutoTests" name="[32] /home/travis/build/icyphy/ptII/ptolemy/actor/lib/test/auto/ArrayUpdate2.xml (RunModel)" time="0.022" />
  <testcase classname="ptolemy.util.test.junit.AutoTests" name="[33] /home/travis/build/icyphy/ptII/ptolemy/actor/lib/test/auto/ArrayUpdate3.xml (RunModel)" time="0.01" />
  <testcase classname="ptolemy.util.test.junit.AutoTests" name="[34] /home/travis/build/icyphy/ptII/ptolemy/actor/lib/test/auto/Assert1.xml (RunModel)" time="0.018" />
  <testcase classname="ptolemy.util.test.junit.AutoTests" name="[35] /home/travis/build/icyphy/ptII/ptolemy/actor/lib/test/auto/Assert2.xml (RunModel)" time="0.013" />
  <testcase classname="ptolemy.util.test.junit.AutoTests" name="[36] /home/travis/build/icyphy/ptII/ptolemy/actor/lib/test/auto/BooleanMultiplexor.xml (RunModel)" time="0.014" />
  <testcase classname="ptolemy.util.test.junit.AutoTests" name="[37] /home/travis/build/icyphy/ptII/ptolemy/actor/lib/test/auto/BooleanMultiplexor2.xml (RunModel)" time="0.021" />
  <testcase classname="ptolemy.util.test.junit.AutoTests" name="[38] /home/travis/build/icyphy/ptII/ptolemy/actor/lib/test/auto/BooleanMultiplexor3.xml (RunModel)" time="0.016" />
  <testcase classname="ptolemy.util.test.junit.AutoTests" name="[39] /home/travis/build/icyphy/ptII/ptolemy/actor/lib/test/auto/BooleanSelect.xml (RunModel)" time="0.026" />
  <testcase classname="ptolemy.util.test.junit.AutoTests" name="[40] /home/travis/build/icyphy/ptII/ptolemy/actor/lib/test/auto/BooleanSelect2.xml (RunModel)" time="0.012" />
  <testcase classname="ptolemy.util.test.junit.AutoTests" name="[41] /home/travis/build/icyphy/ptII/ptolemy/actor/lib/test/auto/BooleanSwitch.xml (RunModel)" time="0.021" />
  <testcase classname="ptolemy.util.test.junit.AutoTests" name="[42] /home/travis/build/icyphy/ptII/ptolemy/actor/lib/test/auto/BooleanSwitch2.xml (RunModel)" time="0.012" />
  <testcase classname="ptolemy.util.test.junit.AutoTests" name="[43] /home/travis/build/icyphy/ptII/ptolemy/actor/lib/test/auto/BooleanSwitchCloningBugWithClassRelationGroup.xml (RunModel)" time="0.025" />
  <testcase classname="ptolemy.util.test.junit.AutoTests" name="[44] /home/travis/build/icyphy/ptII/ptolemy/actor/lib/test/auto/BusActors.xml (RunModel)" time="0.046" />
  <testcase classname="ptolemy.util.test.junit.AutoTests" name="[45] /home/travis/build/icyphy/ptII/ptolemy/actor/lib/test/auto/ClassWrapper.xml (RunModel)" time="0.008" />
  <testcase classname="ptolemy.util.test.junit.AutoTests" name="[46] /home/travis/build/icyphy/ptII/ptolemy/actor/lib/test/auto/Clock.xml (RunModel)" time="0.009" />
  <testcase classname="ptolemy.util.test.junit.AutoTests" name="[47] /home/travis/build/icyphy/ptII/ptolemy/actor/lib/test/auto/Clock10.xml (RunModel)" time="0.012" />
  <testcase classname="ptolemy.util.test.junit.AutoTests" name="[48] /home/travis/build/icyphy/ptII/ptolemy/actor/lib/test/auto/Clock11.xml (RunModel)" time="0.015" />
  <testcase classname="ptolemy.util.test.junit.AutoTests" name="[49] /home/travis/build/icyphy/ptII/ptolemy/actor/lib/test/auto/Clock12.xml (RunModel)" time="0.015" />
  <testcase classname="ptolemy.util.test.junit.AutoTests" name="[50] /home/travis/build/icyphy/ptII/ptolemy/actor/lib/test/auto/Clock13.xml (RunModel)" time="0.015" />
  <testcase classname="ptolemy.util.test.junit.AutoTests" name="[51] /home/travis/build/icyphy/ptII/ptolemy/actor/lib/test/auto/Clock14.xml (RunModel)" time="0.015" />
  <testcase classname="ptolemy.util.test.junit.AutoTests" name="[52] /home/travis/build/icyphy/ptII/ptolemy/actor/lib/test/auto/Clock15.xml (RunModel)" time="0.015" />
  <testcase classname="ptolemy.util.test.junit.AutoTests" name="[53] /home/travis/build/icyphy/ptII/ptolemy/actor/lib/test/auto/Clock16.xml (RunModel)" time="0.083" />
  <testcase classname="ptolemy.util.test.junit.AutoTests" name="[54] /home/travis/build/icyphy/ptII/ptolemy/actor/lib/test/auto/Clock17.xml (RunModel)" time="0.067" />
  <testcase classname="ptolemy.util.test.junit.AutoTests" name="[55] /home/travis/build/icyphy/ptII/ptolemy/actor/lib/test/auto/Clock18.xml (RunModel)" time="0.047" />
  <testcase classname="ptolemy.util.test.junit.AutoTests" name="[56] /home/travis/build/icyphy/ptII/ptolemy/actor/lib/test/auto/Clock19.xml (RunModel)" time="0.037" />
  <testcase classname="ptolemy.util.test.junit.AutoTests" name="[57] /home/travis/build/icyphy/ptII/ptolemy/actor/lib/test/auto/Clock2.xml (RunModel)" time="0.011" />
  <testcase classname="ptolemy.util.test.junit.AutoTests" name="[58] /home/travis/build/icyphy/ptII/ptolemy/actor/lib/test/auto/Clock20.xml (RunModel)" time="0.014" />
  <testcase classname="ptolemy.util.test.junit.AutoTests" name="[59] /home/travis/build/icyphy/ptII/ptolemy/actor/lib/test/auto/Clock21.xml (RunModel)" time="0.012" />
  <testcase classname="ptolemy.util.test.junit.AutoTests" name="[60] /home/travis/build/icyphy/ptII/ptolemy/actor/lib/test/auto/Clock22.xml (RunModel)" time="0.011" />
  <testcase classname="ptolemy.util.test.junit.AutoTests" name="[61] /home/travis/build/icyphy/ptII/ptolemy/actor/lib/test/auto/Clock23.xml (RunModel)" time="0.011" />
  <testcase classname="ptolemy.util.test.junit.AutoTests" name="[62] /home/travis/build/icyphy/ptII/ptolemy/actor/lib/test/auto/Clock24.xml (RunModel)" time="0.009" />
  <testcase classname="ptolemy.util.test.junit.AutoTests" name="[63] /home/travis/build/icyphy/ptII/ptolemy/actor/lib/test/auto/Clock4.xml (RunModel)" time="0.011" />
  <testcase classname="ptolemy.util.test.junit.AutoTests" name="[64] /home/travis/build/icyphy/ptII/ptolemy/actor/lib/test/auto/Clock5.xml (RunModel)" time="0.008" />
  <testcase classname="ptolemy.util.test.junit.AutoTests" name="[65] /home/travis/build/icyphy/ptII/ptolemy/actor/lib/test/auto/Clock6.xml (RunModel)" time="0.006" />
  <testcase classname="ptolemy.util.test.junit.AutoTests" name="[66] /home/travis/build/icyphy/ptII/ptolemy/actor/lib/test/auto/Clock7.xml (RunModel)" time="0.007" />
  <testcase classname="ptolemy.util.test.junit.AutoTests" name="[67] /home/travis/build/icyphy/ptII/ptolemy/actor/lib/test/auto/Clock8.xml (RunModel)" time="0.011" />
  <testcase classname="ptolemy.util.test.junit.AutoTests" name="[68] /home/travis/build/icyphy/ptII/ptolemy/actor/lib/test/auto/Clock9.xml (RunModel)" time="0.012" />
  <testcase classname="ptolemy.util.test.junit.AutoTests" name="[69] /home/travis/build/icyphy/ptII/ptolemy/actor/lib/test/auto/CommDistDiscard.xml (RunModel)" time="0.019" />
  <testcase classname="ptolemy.util.test.junit.AutoTests" name="[70] /home/travis/build/icyphy/ptII/ptolemy/actor/lib/test/auto/Commutator.xml (RunModel)" time="0.017" />
  <testcase classname="ptolemy.util.test.junit.AutoTests" name="[71] /home/travis/build/icyphy/ptII/ptolemy/actor/lib/test/auto/Commutator2.xml (RunModel)" time="0.009" />
  <testcase classname="ptolemy.util.test.junit.AutoTests" name="[72] /home/travis/build/icyphy/ptII/ptolemy/actor/lib/test/auto/Commutator3.xml (RunModel)" time="0.012" />
  <testcase classname="ptolemy.util.test.junit.AutoTests" name="[73] /home/travis/build/icyphy/ptII/ptolemy/actor/lib/test/auto/Compare.xml (RunModel)" time="0.021" />
  <testcase classname="ptolemy.util.test.junit.AutoTests" name="[74] /home/travis/build/icyphy/ptII/ptolemy/actor/lib/test/auto/CompareDE.xml (RunModel)" time="0.022" />
  <testcase classname="ptolemy.util.test.junit.AutoTests" name="[75] /home/travis/build/icyphy/ptII/ptolemy/actor/lib/test/auto/ComplexDivide.xml (RunModel)" time="0.008" />
  <testcase classname="ptolemy.util.test.junit.AutoTests" name="[76] /home/travis/build/icyphy/ptII/ptolemy/actor/lib/test/auto/ComputeHistogram.xml (RunModel)" time="0.075" />
  <testcase classname="ptolemy.util.test.junit.AutoTests" name="[77] /home/travis/build/icyphy/ptII/ptolemy/actor/lib/test/auto/ConfigurationSelect.xml (RunModel)" time="0.02" />
  <testcase classname="ptolemy.util.test.junit.AutoTests" name="[78] /home/travis/build/icyphy/ptII/ptolemy/actor/lib/test/auto/ConfigurationSelect2.xml (RunModel)" time="0.013" />
  <testcase classname="ptolemy.util.test.junit.AutoTests" name="[79] /home/travis/build/icyphy/ptII/ptolemy/actor/lib/test/auto/ConfigurationSwitch.xml (RunModel)" time="0.018" />
  <testcase classname="ptolemy.util.test.junit.AutoTests" name="[80] /home/travis/build/icyphy/ptII/ptolemy/actor/lib/test/auto/ConfigurationSwitch2.xml (RunModel)" time="0.028" />
  <testcase classname="ptolemy.util.test.junit.AutoTests" name="[81] /home/travis/build/icyphy/ptII/ptolemy/actor/lib/test/auto/ConfigurationSwitchCloningBugWithClassRelationGroup.xml (RunModel)" time="0.018" />
  <testcase classname="ptolemy.util.test.junit.AutoTests" name="[82] /home/travis/build/icyphy/ptII/ptolemy/actor/lib/test/auto/ConfigurationSwitchSelectSDF.xml (RunModel)" time="0.024" />
  <testcase classname="ptolemy.util.test.junit.AutoTests" name="[83] /home/travis/build/icyphy/ptII/ptolemy/actor/lib/test/auto/ConfigurationSwitchSelectSDF2.xml (RunModel)" time="0.016" />
  <testcase classname="ptolemy.util.test.junit.AutoTests" name="[84] /home/travis/build/icyphy/ptII/ptolemy/actor/lib/test/auto/Const.xml (RunModel)" time="0.005" />
  <testcase classname="ptolemy.util.test.junit.AutoTests" name="[85] /home/travis/build/icyphy/ptII/ptolemy/actor/lib/test/auto/Const2.xml (RunModel)" time="0.008" />
  <testcase classname="ptolemy.util.test.junit.AutoTests" name="[86] /home/travis/build/icyphy/ptII/ptolemy/actor/lib/test/auto/Const3.xml (RunModel)" time="0.005" />
  <testcase classname="ptolemy.util.test.junit.AutoTests" name="[87] /home/travis/build/icyphy/ptII/ptolemy/actor/lib/test/auto/ConstantPublisherPort1.xml (RunModel)" time="0.018" />
  <testcase classname="ptolemy.util.test.junit.AutoTests" name="[88] /home/travis/build/icyphy/ptII/ptolemy/actor/lib/test/auto/ConstantPublisherPort2.xml (RunModel)" time="0.022" />
  <testcase classname="ptolemy.util.test.junit.AutoTests" name="[89] /home/travis/build/icyphy/ptII/ptolemy/actor/lib/test/auto/ConstantPublisherPort3.xml (RunModel)" time="0.015" />
  <testcase classname="ptolemy.util.test.junit.AutoTests" name="[90] /home/travis/build/icyphy/ptII/ptolemy/actor/lib/test/auto/ConstantPublisherPort4.xml (RunModel)" time="0.013" />
  <testcase classname="ptolemy.util.test.junit.AutoTests" name="[91] /home/travis/build/icyphy/ptII/ptolemy/actor/lib/test/auto/ConstantPublisherPort5.xml (RunModel)" time="0.036" />
  <testcase classname="ptolemy.util.test.junit.AutoTests" name="[92] /home/travis/build/icyphy/ptII/ptolemy/actor/lib/test/auto/ConstantPublisherPort6.xml (RunModel)" time="0.03" />
  <testcase classname="ptolemy.util.test.junit.AutoTests" name="[93] /home/travis/build/icyphy/ptII/ptolemy/actor/lib/test/auto/ConstantPublisherPort7.xml (RunModel)" time="0.03" />
  <testcase classname="ptolemy.util.test.junit.AutoTests" name="[94] /home/travis/build/icyphy/ptII/ptolemy/actor/lib/test/auto/ConstraintMonitor1.xml (RunModel)" time="0.032" />
  <testcase classname="ptolemy.util.test.junit.AutoTests" name="[95] /home/travis/build/icyphy/ptII/ptolemy/actor/lib/test/auto/ConstraintMonitor2.xml (RunModel)" time="0.009" />
  <testcase classname="ptolemy.util.test.junit.AutoTests" name="[96] /home/travis/build/icyphy/ptII/ptolemy/actor/lib/test/auto/ConstraintMonitor3.xml (RunModel)" time="0.008" />
  <testcase classname="ptolemy.util.test.junit.AutoTests" name="[97] /home/travis/build/icyphy/ptII/ptolemy/actor/lib/test/auto/ConstraintMonitor4.xml (RunModel)" time="0.009" />
  <testcase classname="ptolemy.util.test.junit.AutoTests" name="[98] /home/travis/build/icyphy/ptII/ptolemy/actor/lib/test/auto/ConstraintMonitor5.xml (RunModel)" time="0.012" />
  <testcase classname="ptolemy.util.test.junit.AutoTests" name="[99] /home/travis/build/icyphy/ptII/ptolemy/actor/lib/test/auto/ConstraintMonitor6.xml (RunModel)" time="0.013" />
  <testcase classname="ptolemy.util.test.junit.AutoTests" name="[100] /home/travis/build/icyphy/ptII/ptolemy/actor/lib/test/auto/ConstraintMonitor7.xml (RunModel)" time="0.011" />
  <testcase classname="ptolemy.util.test.junit.AutoTests" name="[101] /home/travis/build/icyphy/ptII/ptolemy/actor/lib/test/auto/ConstraintMonitor8.xml (RunModel)" time="0.021" />
  <testcase classname="ptolemy.util.test.junit.AutoTests" name="[102] /home/travis/build/icyphy/ptII/ptolemy/actor/lib/test/auto/Counter.xml (RunModel)" time="0.011" />
  <testcase classname="ptolemy.util.test.junit.AutoTests" name="[103] /home/travis/build/icyphy/ptII/ptolemy/actor/lib/test/auto/CurrentTimeSDF.xml (RunModel)" time="0.009" />
  <testcase classname="ptolemy.util.test.junit.AutoTests" name="[104] /home/travis/build/icyphy/ptII/ptolemy/actor/lib/test/auto/DB.xml (RunModel)" time="0.008" />
  <testcase classname="ptolemy.util.test.junit.AutoTests" name="[105] /home/travis/build/icyphy/ptII/ptolemy/actor/lib/test/auto/DBDE.xml (RunModel)" time="0.01" />
  <testcase classname="ptolemy.util.test.junit.AutoTests" name="[106] /home/travis/build/icyphy/ptII/ptolemy/actor/lib/test/auto/DateConstructor.xml (RunModel)" time="0.06" />
  <testcase classname="ptolemy.util.test.junit.AutoTests" name="[107] /home/travis/build/icyphy/ptII/ptolemy/actor/lib/test/auto/DelayTime.xml (RunModel)" time="0.014" />
  <testcase classname="ptolemy.util.test.junit.AutoTests" name="[108] /home/travis/build/icyphy/ptII/ptolemy/actor/lib/test/auto/Dictionary1.xml (RunModel)" time="0.015" />
  <testcase classname="ptolemy.util.test.junit.AutoTests" name="[109] /home/travis/build/icyphy/ptII/ptolemy/actor/lib/test/auto/Dictionary2.xml (RunModel)" time="0.025" />
  <testcase classname="ptolemy.util.test.junit.AutoTests" name="[110] /home/travis/build/icyphy/ptII/ptolemy/actor/lib/test/auto/Dictionary3.xml (RunModel)" time="0.015" />
  <testcase classname="ptolemy.util.test.junit.AutoTests" name="[111] /home/travis/build/icyphy/ptII/ptolemy/actor/lib/test/auto/Dictionary4.xml (RunModel)" time="0.019" />
  <testcase classname="ptolemy.util.test.junit.AutoTests" name="[112] /home/travis/build/icyphy/ptII/ptolemy/actor/lib/test/auto/Differential.xml (RunModel)" time="0.012" />
  <testcase classname="ptolemy.util.test.junit.AutoTests" name="[113] /home/travis/build/icyphy/ptII/ptolemy/actor/lib/test/auto/Director.xml (RunModel)" time="0.013" />
  <testcase classname="ptolemy.util.test.junit.AutoTests" name="[114] /home/travis/build/icyphy/ptII/ptolemy/actor/lib/test/auto/DiscreteClock.xml (RunModel)" time="0.009" />
  <testcase classname="ptolemy.util.test.junit.AutoTests" name="[115] /home/travis/build/icyphy/ptII/ptolemy/actor/lib/test/auto/DiscreteClock10.xml (RunModel)" time="0.014" />
  <testcase classname="ptolemy.util.test.junit.AutoTests" name="[116] /home/travis/build/icyphy/ptII/ptolemy/actor/lib/test/auto/DiscreteClock11.xml (RunModel)" time="0.013" />
  <testcase classname="ptolemy.util.test.junit.AutoTests" name="[117] /home/travis/build/icyphy/ptII/ptolemy/actor/lib/test/auto/DiscreteClock12.xml (RunModel)" time="0.014" />
  <testcase classname="ptolemy.util.test.junit.AutoTests" name="[118] /home/travis/build/icyphy/ptII/ptolemy/actor/lib/test/auto/DiscreteClock13.xml (RunModel)" time="0.012" />
  <testcase classname="ptolemy.util.test.junit.AutoTests" name="[119] /home/travis/build/icyphy/ptII/ptolemy/actor/lib/test/auto/DiscreteClock14.xml (RunModel)" time="0.016" />
  <testcase classname="ptolemy.util.test.junit.AutoTests" name="[120] /home/travis/build/icyphy/ptII/ptolemy/actor/lib/test/auto/DiscreteClock15.xml (RunModel)" time="0.013" />
  <testcase classname="ptolemy.util.test.junit.AutoTests" name="[121] /home/travis/build/icyphy/ptII/ptolemy/actor/lib/test/auto/DiscreteClock16.xml (RunModel)" time="0.05" />
  <testcase classname="ptolemy.util.test.junit.AutoTests" name="[122] /home/travis/build/icyphy/ptII/ptolemy/actor/lib/test/auto/DiscreteClock17.xml (RunModel)" time="0.044" />
  <testcase classname="ptolemy.util.test.junit.AutoTests" name="[123] /home/travis/build/icyphy/ptII/ptolemy/actor/lib/test/auto/DiscreteClock18.xml (RunModel)" time="0.042" />
  <testcase classname="ptolemy.util.test.junit.AutoTests" name="[124] /home/travis/build/icyphy/ptII/ptolemy/actor/lib/test/auto/DiscreteClock19.xml (RunModel)" time="0.047" />
  <testcase classname="ptolemy.util.test.junit.AutoTests" name="[125] /home/travis/build/icyphy/ptII/ptolemy/actor/lib/test/auto/DiscreteClock2.xml (RunModel)" time="0.013" />
  <testcase classname="ptolemy.util.test.junit.AutoTests" name="[126] /home/travis/build/icyphy/ptII/ptolemy/actor/lib/test/auto/DiscreteClock20.xml (RunModel)" time="0.017" />
  <testcase classname="ptolemy.util.test.junit.AutoTests" name="[127] /home/travis/build/icyphy/ptII/ptolemy/actor/lib/test/auto/DiscreteClock21.xml (RunModel)" time="0.016" />
  <testcase classname="ptolemy.util.test.junit.AutoTests" name="[128] /home/travis/build/icyphy/ptII/ptolemy/actor/lib/test/auto/DiscreteClock22.xml (RunModel)" time="0.013" />
  <testcase classname="ptolemy.util.test.junit.AutoTests" name="[129] /home/travis/build/icyphy/ptII/ptolemy/actor/lib/test/auto/DiscreteClock23.xml (RunModel)" time="0.019" />
  <testcase classname="ptolemy.util.test.junit.AutoTests" name="[130] /home/travis/build/icyphy/ptII/ptolemy/actor/lib/test/auto/DiscreteClock24.xml (RunModel)" time="0.012" />
  <testcase classname="ptolemy.util.test.junit.AutoTests" name="[131] /home/travis/build/icyphy/ptII/ptolemy/actor/lib/test/auto/DiscreteClock4.xml (RunModel)" time="0.016" />
  <testcase classname="ptolemy.util.test.junit.AutoTests" name="[132] /home/travis/build/icyphy/ptII/ptolemy/actor/lib/test/auto/DiscreteClock5.xml (RunModel)" time="0.01" />
  <testcase classname="ptolemy.util.test.junit.AutoTests" name="[133] /home/travis/build/icyphy/ptII/ptolemy/actor/lib/test/auto/DiscreteClock6.xml (RunModel)" time="0.01" />
  <testcase classname="ptolemy.util.test.junit.AutoTests" name="[134] /home/travis/build/icyphy/ptII/ptolemy/actor/lib/test/auto/DiscreteClock7.xml (RunModel)" time="0.01" />
  <testcase classname="ptolemy.util.test.junit.AutoTests" name="[135] /home/travis/build/icyphy/ptII/ptolemy/actor/lib/test/auto/DiscreteClock8.xml (RunModel)" time="0.022" />
  <testcase classname="ptolemy.util.test.junit.AutoTests" name="[136] /home/travis/build/icyphy/ptII/ptolemy/actor/lib/test/auto/DiscreteClock9.xml (RunModel)" time="0.011" />
  <testcase classname="ptolemy.util.test.junit.AutoTests" name="[137] /home/travis/build/icyphy/ptII/ptolemy/actor/lib/test/auto/DisplayArray.xml (RunModel)" time="0.009" />
  <testcase classname="ptolemy.util.test.junit.AutoTests" name="[138] /home/travis/build/icyphy/ptII/ptolemy/actor/lib/test/auto/Distributor.xml (RunModel)" time="0.009" />
  <testcase classname="ptolemy.util.test.junit.AutoTests" name="[139] /home/travis/build/icyphy/ptII/ptolemy/actor/lib/test/auto/Distributor2.xml (RunModel)" time="0.012" />
  <testcase classname="ptolemy.util.test.junit.AutoTests" name="[140] /home/travis/build/icyphy/ptII/ptolemy/actor/lib/test/auto/DownSample.xml (RunModel)" time="0.011" />
  <testcase classname="ptolemy.util.test.junit.AutoTests" name="[141] /home/travis/build/icyphy/ptII/ptolemy/actor/lib/test/auto/ElectronicUnitBase1.xml (RunModel)" time="0.106" />
  <testcase classname="ptolemy.util.test.junit.AutoTests" name="[142] /home/travis/build/icyphy/ptII/ptolemy/actor/lib/test/auto/ElementsToArray.xml (RunModel)" time="0.01" />
  <testcase classname="ptolemy.util.test.junit.AutoTests" name="[143] /home/travis/build/icyphy/ptII/ptolemy/actor/lib/test/auto/Equals.xml (RunModel)" time="0.014" />
  <testcase classname="ptolemy.util.test.junit.AutoTests" name="[144] /home/travis/build/icyphy/ptII/ptolemy/actor/lib/test/auto/Exec.xml (RunModel)" time="0.026" />
  <testcase classname="ptolemy.util.test.junit.AutoTests" name="[145] /home/travis/build/icyphy/ptII/ptolemy/actor/lib/test/auto/ExecEnvironment.xml (RunModel)" time="0.039" />
  <testcase classname="ptolemy.util.test.junit.AutoTests" name="[146] /home/travis/build/icyphy/ptII/ptolemy/actor/lib/test/auto/ExecNonZeroReturnOutput.xml (RunModel)" time="0.194" />
  <testcase classname="ptolemy.util.test.junit.AutoTests" name="[147] /home/travis/build/icyphy/ptII/ptolemy/actor/lib/test/auto/ExecRunDemos.xml (RunModel)" time="10.124" />
  <testcase classname="ptolemy.util.test.junit.AutoTests" name="[148] /home/travis/build/icyphy/ptII/ptolemy/actor/lib/test/auto/ExecStop.xml (RunModel)" time="5.021" />
  <testcase classname="ptolemy.util.test.junit.AutoTests" name="[149] /home/travis/build/icyphy/ptII/ptolemy/actor/lib/test/auto/ExecutionTimeSDF.xml (RunModel)" time="6.025" />
  <testcase classname="ptolemy.util.test.junit.AutoTests" name="[150] /home/travis/build/icyphy/ptII/ptolemy/actor/lib/test/auto/Expression1.xml (RunModel)" time="0.01" />
  <testcase classname="ptolemy.util.test.junit.AutoTests" name="[151] /home/travis/build/icyphy/ptII/ptolemy/actor/lib/test/auto/Expression10.xml (RunModel)" time="0.012" />
  <testcase classname="ptolemy.util.test.junit.AutoTests" name="[152] /home/travis/build/icyphy/ptII/ptolemy/actor/lib/test/auto/Expression11.xml (RunModel)" time="0.017" />
  <testcase classname="ptolemy.util.test.junit.AutoTests" name="[153] /home/travis/build/icyphy/ptII/ptolemy/actor/lib/test/auto/Expression12.xml (RunModel)" time="0.019" />
  <testcase classname="ptolemy.util.test.junit.AutoTests" name="[154] /home/travis/build/icyphy/ptII/ptolemy/actor/lib/test/auto/Expression13.xml (RunModel)" time="0.01" />
  <testcase classname="ptolemy.util.test.junit.AutoTests" name="[155] /home/travis/build/icyphy/ptII/ptolemy/actor/lib/test/auto/Expression14.xml (RunModel)" time="0.016" />
  <testcase classname="ptolemy.util.test.junit.AutoTests" name="[156] /home/travis/build/icyphy/ptII/ptolemy/actor/lib/test/auto/Expression15.xml (RunModel)" time="0.006" />
  <testcase classname="ptolemy.util.test.junit.AutoTests" name="[157] /home/travis/build/icyphy/ptII/ptolemy/actor/lib/test/auto/Expression16.xml (RunModel)" time="0.012" />
  <testcase classname="ptolemy.util.test.junit.AutoTests" name="[158] /home/travis/build/icyphy/ptII/ptolemy/actor/lib/test/auto/Expression17.xml (RunModel)" time="0.009" />
  <testcase classname="ptolemy.util.test.junit.AutoTests" name="[159] /home/travis/build/icyphy/ptII/ptolemy/actor/lib/test/auto/Expression18.xml (RunModel)" time="0.01" />
  <testcase classname="ptolemy.util.test.junit.AutoTests" name="[160] /home/travis/build/icyphy/ptII/ptolemy/actor/lib/test/auto/Expression2.xml (RunModel)" time="0.01" />
  <testcase classname="ptolemy.util.test.junit.AutoTests" name="[161] /home/travis/build/icyphy/ptII/ptolemy/actor/lib/test/auto/Expression3.xml (RunModel)" time="0.011" />
  <testcase classname="ptolemy.util.test.junit.AutoTests" name="[162] /home/travis/build/icyphy/ptII/ptolemy/actor/lib/test/auto/Expression4.xml (RunModel)" time="0.016" />
  <testcase classname="ptolemy.util.test.junit.AutoTests" name="[163] /home/travis/build/icyphy/ptII/ptolemy/actor/lib/test/auto/Expression5.xml (RunModel)" time="0.01" />
  <testcase classname="ptolemy.util.test.junit.AutoTests" name="[164] /home/travis/build/icyphy/ptII/ptolemy/actor/lib/test/auto/Expression6.xml (RunModel)" time="0.007" />
  <testcase classname="ptolemy.util.test.junit.AutoTests" name="[165] /home/travis/build/icyphy/ptII/ptolemy/actor/lib/test/auto/Expression7.xml (RunModel)" time="0.01" />
  <testcase classname="ptolemy.util.test.junit.AutoTests" name="[166] /home/travis/build/icyphy/ptII/ptolemy/actor/lib/test/auto/Expression8.xml (RunModel)" time="0.012" />
  <testcase classname="ptolemy.util.test.junit.AutoTests" name="[167] /home/travis/build/icyphy/ptII/ptolemy/actor/lib/test/auto/Expression9.xml (RunModel)" time="0.006" />
  <testcase classname="ptolemy.util.test.junit.AutoTests" name="[168] /home/travis/build/icyphy/ptII/ptolemy/actor/lib/test/auto/ExpressionConcatenateArrayType.xml (RunModel)" time="0.024" />
  <testcase classname="ptolemy.util.test.junit.AutoTests" name="[169] /home/travis/build/icyphy/ptII/ptolemy/actor/lib/test/auto/ExpressionConcatenateArrayType2.xml (RunModel)" time="0.019" />
  <testcase classname="ptolemy.util.test.junit.AutoTests" name="[170] /home/travis/build/icyphy/ptII/ptolemy/actor/lib/test/auto/ExpressionFix.xml (RunModel)" time="0.037" />
  <testcase classname="ptolemy.util.test.junit.AutoTests" name="[171] /home/travis/build/icyphy/ptII/ptolemy/actor/lib/test/auto/ExpressionFix2.xml (RunModel)" time="0.013" />
  <testcase classname="ptolemy.util.test.junit.AutoTests" name="[172] /home/travis/build/icyphy/ptII/ptolemy/actor/lib/test/auto/ExpressionFix3.xml (RunModel)" time="0.009" />
  <testcase classname="ptolemy.util.test.junit.AutoTests" name="[173] /home/travis/build/icyphy/ptII/ptolemy/actor/lib/test/auto/FileWriter1.xml (RunModel)" time="0.007" />
  <testcase classname="ptolemy.util.test.junit.AutoTests" name="[174] /home/travis/build/icyphy/ptII/ptolemy/actor/lib/test/auto/FileWriter2.xml (RunModel)" time="0.011" />
  <testcase classname="ptolemy.util.test.junit.AutoTests" name="[175] /home/travis/build/icyphy/ptII/ptolemy/actor/lib/test/auto/FileWriter3.xml (RunModel)" time="0.01" />
  <testcase classname="ptolemy.util.test.junit.AutoTests" name="[176] /home/travis/build/icyphy/ptII/ptolemy/actor/lib/test/auto/Gaussian.xml (RunModel)" time="0.017" />
  <testcase classname="ptolemy.util.test.junit.AutoTests" name="[177] /home/travis/build/icyphy/ptII/ptolemy/actor/lib/test/auto/Gaussian1.xml (RunModel)" time="0.011" />
  <testcase classname="ptolemy.util.test.junit.AutoTests" name="[178] /home/travis/build/icyphy/ptII/ptolemy/actor/lib/test/auto/Gaussian2.xml (RunModel)" time="0.022" />
  <testcase classname="ptolemy.util.test.junit.AutoTests" name="[179] /home/travis/build/icyphy/ptII/ptolemy/actor/lib/test/auto/GradientAdaptiveLattice.xml (RunModel)" time="0.014" />
  <testcase classname="ptolemy.util.test.junit.AutoTests" name="[180] /home/travis/build/icyphy/ptII/ptolemy/actor/lib/test/auto/IIR.xml (RunModel)" time="0.009" />
  <testcase classname="ptolemy.util.test.junit.AutoTests" name="[181] /home/travis/build/icyphy/ptII/ptolemy/actor/lib/test/auto/InputOutputTransparentPorts.xml (RunModel)" time="0.015" />
  <testcase classname="ptolemy.util.test.junit.AutoTests" name="[182] /home/travis/build/icyphy/ptII/ptolemy/actor/lib/test/auto/Interpolator.xml (RunModel)" time="0.012" />
  <testcase classname="ptolemy.util.test.junit.AutoTests" name="[183] /home/travis/build/icyphy/ptII/ptolemy/actor/lib/test/auto/InterpolatorFiringLimitDE.xml (RunModel)" time="0.017" />
  <testcase classname="ptolemy.util.test.junit.AutoTests" name="[184] /home/travis/build/icyphy/ptII/ptolemy/actor/lib/test/auto/Lattice.xml (RunModel)" time="0.009" />
  <testcase classname="ptolemy.util.test.junit.AutoTests" name="[185] /home/travis/build/icyphy/ptII/ptolemy/actor/lib/test/auto/LazyAOCTestLazy.xml (RunModel)" time="0.019" />
  <testcase classname="ptolemy.util.test.junit.AutoTests" name="[186] /home/travis/build/icyphy/ptII/ptolemy/actor/lib/test/auto/LazyAOCTestNonLazy.xml (RunModel)" time="0.046" />
  <testcase classname="ptolemy.util.test.junit.AutoTests" name="[187] /home/travis/build/icyphy/ptII/ptolemy/actor/lib/test/auto/LazyInnerClass.xml (RunModel)" time="0.048" />
  <testcase classname="ptolemy.util.test.junit.AutoTests" name="[188] /home/travis/build/icyphy/ptII/ptolemy/actor/lib/test/auto/LazyPubSub.xml (RunModel)" time="0.062" />
  <testcase classname="ptolemy.util.test.junit.AutoTests" name="[189] /home/travis/build/icyphy/ptII/ptolemy/actor/lib/test/auto/LazyPubSub2.xml (RunModel)" time="0.031" />
  <testcase classname="ptolemy.util.test.junit.AutoTests" name="[190] /home/travis/build/icyphy/ptII/ptolemy/actor/lib/test/auto/LazyPubSub3.xml (RunModel)" time="0.024" />
  <testcase classname="ptolemy.util.test.junit.AutoTests" name="[191] /home/travis/build/icyphy/ptII/ptolemy/actor/lib/test/auto/LazySubClassModel.xml (RunModel)" time="0.018" />
  <testcase classname="ptolemy.util.test.junit.AutoTests" name="[192] /home/travis/build/icyphy/ptII/ptolemy/actor/lib/test/auto/LevelCrossTest1.xml (RunModel)" time="0.009" />
  <testcase classname="ptolemy.util.test.junit.AutoTests" name="[193] /home/travis/build/icyphy/ptII/ptolemy/actor/lib/test/auto/LevelCrossTest10.xml (RunModel)" time="0.016" />
  <testcase classname="ptolemy.util.test.junit.AutoTests" name="[194] /home/travis/build/icyphy/ptII/ptolemy/actor/lib/test/auto/LevelCrossTest11.xml (RunModel)" time="0.013" />
  <testcase classname="ptolemy.util.test.junit.AutoTests" name="[195] /home/travis/build/icyphy/ptII/ptolemy/actor/lib/test/auto/LevelCrossTest12.xml (RunModel)" time="0.015" />
  <testcase classname="ptolemy.util.test.junit.AutoTests" name="[196] /home/travis/build/icyphy/ptII/ptolemy/actor/lib/test/auto/LevelCrossTest13.xml (RunModel)" time="0.013" />
  <testcase classname="ptolemy.util.test.junit.AutoTests" name="[197] /home/travis/build/icyphy/ptII/ptolemy/actor/lib/test/auto/LevelCrossTest2.xml (RunModel)" time="0.01" />
  <testcase classname="ptolemy.util.test.junit.AutoTests" name="[198] /home/travis/build/icyphy/ptII/ptolemy/actor/lib/test/auto/LevelCrossTest3.xml (RunModel)" time="0.02" />
  <testcase classname="ptolemy.util.test.junit.AutoTests" name="[199] /home/travis/build/icyphy/ptII/ptolemy/actor/lib/test/auto/LevelCrossTest4.xml (RunModel)" time="0.009" />
  <testcase classname="ptolemy.util.test.junit.AutoTests" name="[200] /home/travis/build/icyphy/ptII/ptolemy/actor/lib/test/auto/LevelCrossTest5.xml (RunModel)" time="0.013" />
  <testcase classname="ptolemy.util.test.junit.AutoTests" name="[201] /home/travis/build/icyphy/ptII/ptolemy/actor/lib/test/auto/LevelCrossTest6.xml (RunModel)" time="0.015" />
  <testcase classname="ptolemy.util.test.junit.AutoTests" name="[202] /home/travis/build/icyphy/ptII/ptolemy/actor/lib/test/auto/LevelCrossTest7.xml (RunModel)" time="0.013" />
  <testcase classname="ptolemy.util.test.junit.AutoTests" name="[203] /home/travis/build/icyphy/ptII/ptolemy/actor/lib/test/auto/LevelCrossTest8.xml (RunModel)" time="0.012" />
  <testcase classname="ptolemy.util.test.junit.AutoTests" name="[204] /home/travis/build/icyphy/ptII/ptolemy/actor/lib/test/auto/LevelCrossTest9.xml (RunModel)" time="0.012" />
  <testcase classname="ptolemy.util.test.junit.AutoTests" name="[205] /home/travis/build/icyphy/ptII/ptolemy/actor/lib/test/auto/LevinsonDurbin.xml (RunModel)" time="0.007" />
  <testcase classname="ptolemy.util.test.junit.AutoTests" name="[206] /home/travis/build/icyphy/ptII/ptolemy/actor/lib/test/auto/LevinsonDurbin2.xml (RunModel)" time="0.008" />
  <testcase classname="ptolemy.util.test.junit.AutoTests" name="[207] /home/travis/build/icyphy/ptII/ptolemy/actor/lib/test/auto/LevinsonDurbin3.xml (RunModel)" time="0.015" />
  <testcase classname="ptolemy.util.test.junit.AutoTests" name="[208] /home/travis/build/icyphy/ptII/ptolemy/actor/lib/test/auto/Limiter.xml (RunModel)" time="0.044" />
  <testcase classname="ptolemy.util.test.junit.AutoTests" name="[209] /home/travis/build/icyphy/ptII/ptolemy/actor/lib/test/auto/LinearDifferenceEquationSystem.xml (RunModel)" time="0.022" />
  <testcase classname="ptolemy.util.test.junit.AutoTests" name="[210] /home/travis/build/icyphy/ptII/ptolemy/actor/lib/test/auto/LookupTable.xml (RunModel)" time="0.008" />
  <testcase classname="ptolemy.util.test.junit.AutoTests" name="[211] /home/travis/build/icyphy/ptII/ptolemy/actor/lib/test/auto/MathFunction.xml (RunModel)" time="0.019" />
  <testcase classname="ptolemy.util.test.junit.AutoTests" name="[212] /home/travis/build/icyphy/ptII/ptolemy/actor/lib/test/auto/MathFunction2.xml (RunModel)" time="0.008" />
  <testcase classname="ptolemy.util.test.junit.AutoTests" name="[213] /home/travis/build/icyphy/ptII/ptolemy/actor/lib/test/auto/MathFunction3.xml (RunModel)" time="0.014" />
  <testcase classname="ptolemy.util.test.junit.AutoTests" name="[214] /home/travis/build/icyphy/ptII/ptolemy/actor/lib/test/auto/MatrixCropBoolean.xml (RunModel)" time="0.012" />
  <testcase classname="ptolemy.util.test.junit.AutoTests" name="[215] /home/travis/build/icyphy/ptII/ptolemy/actor/lib/test/auto/MatrixCropComplex.xml (RunModel)" time="0.008" />
  <testcase classname="ptolemy.util.test.junit.AutoTests" name="[216] /home/travis/build/icyphy/ptII/ptolemy/actor/lib/test/auto/MatrixCropDouble.xml (RunModel)" time="0.01" />
  <testcase classname="ptolemy.util.test.junit.AutoTests" name="[217] /home/travis/build/icyphy/ptII/ptolemy/actor/lib/test/auto/MatrixCropFix.xml (RunModel)" time="0.01" />
  <testcase classname="ptolemy.util.test.junit.AutoTests" name="[218] /home/travis/build/icyphy/ptII/ptolemy/actor/lib/test/auto/MatrixCropInt.xml (RunModel)" time="0.008" />
  <testcase classname="ptolemy.util.test.junit.AutoTests" name="[219] /home/travis/build/icyphy/ptII/ptolemy/actor/lib/test/auto/MatrixCropLong.xml (RunModel)" time="0.008" />
  <testcase classname="ptolemy.util.test.junit.AutoTests" name="[220] /home/travis/build/icyphy/ptII/ptolemy/actor/lib/test/auto/MatrixToArray.xml (RunModel)" time="0.051" />
  <testcase classname="ptolemy.util.test.junit.AutoTests" name="[221] /home/travis/build/icyphy/ptII/ptolemy/actor/lib/test/auto/MaxIndex.xml (RunModel)" time="0.028" />
  <testcase classname="ptolemy.util.test.junit.AutoTests" name="[222] /home/travis/build/icyphy/ptII/ptolemy/actor/lib/test/auto/Maximum.xml (RunModel)" time="0.014" />
  <testcase classname="ptolemy.util.test.junit.AutoTests" name="[223] /home/travis/build/icyphy/ptII/ptolemy/actor/lib/test/auto/MaximumComplex.xml (RunModel)" time="0.013" />
  <testcase classname="ptolemy.util.test.junit.AutoTests" name="[224] /home/travis/build/icyphy/ptII/ptolemy/actor/lib/test/auto/MethodCallTest.xml (RunModel)" time="0.021" />
  <testcase classname="ptolemy.util.test.junit.AutoTests" name="[225] /home/travis/build/icyphy/ptII/ptolemy/actor/lib/test/auto/Minimum.xml (RunModel)" time="0.012" />
  <testcase classname="ptolemy.util.test.junit.AutoTests" name="[226] /home/travis/build/icyphy/ptII/ptolemy/actor/lib/test/auto/MinimumComplex.xml (RunModel)" time="0.021" />
  <testcase classname="ptolemy.util.test.junit.AutoTests" name="[227] /home/travis/build/icyphy/ptII/ptolemy/actor/lib/test/auto/MinimumMultiports.xml (RunModel)" time="0.014" />
  <testcase classname="ptolemy.util.test.junit.AutoTests" name="[228] /home/travis/build/icyphy/ptII/ptolemy/actor/lib/test/auto/ModifyDate.xml (RunModel)" time="0.039" />
  <testcase classname="ptolemy.util.test.junit.AutoTests" name="[229] /home/travis/build/icyphy/ptII/ptolemy/actor/lib/test/auto/ModifyDate2.xml (RunModel)" time="0.022" />
  <testcase classname="ptolemy.util.test.junit.AutoTests" name="[230] /home/travis/build/icyphy/ptII/ptolemy/actor/lib/test/auto/MovingAverage.xml (RunModel)" time="0.009" />
  <testcase classname="ptolemy.util.test.junit.AutoTests" name="[231] /home/travis/build/icyphy/ptII/ptolemy/actor/lib/test/auto/MovingMaximum.xml (RunModel)" time="0.01" />
  <testcase classname="ptolemy.util.test.junit.AutoTests" name="[232] /home/travis/build/icyphy/ptII/ptolemy/actor/lib/test/auto/MultipleLinksToSameRelation.xml (RunModel)" time="0.006" />
  <testcase classname="ptolemy.util.test.junit.AutoTests" name="[233] /home/travis/build/icyphy/ptII/ptolemy/actor/lib/test/auto/MultipleLinksToSameRelationDE.xml (RunModel)" time="0.013" />
  <testcase classname="ptolemy.util.test.junit.AutoTests" name="[234] /home/travis/build/icyphy/ptII/ptolemy/actor/lib/test/auto/Multiplexor.xml (RunModel)" time="0.009" />
  <testcase classname="ptolemy.util.test.junit.AutoTests" name="[235] /home/travis/build/icyphy/ptII/ptolemy/actor/lib/test/auto/Multiplexor1.xml (RunModel)" time="0.009" />
  <testcase classname="ptolemy.util.test.junit.AutoTests" name="[236] /home/travis/build/icyphy/ptII/ptolemy/actor/lib/test/auto/Multiplexor2.xml (RunModel)" time="0.01" />
  <testcase classname="ptolemy.util.test.junit.AutoTests" name="[237] /home/travis/build/icyphy/ptII/ptolemy/actor/lib/test/auto/Multiplexor3.xml (RunModel)" time="0.007" />
  <testcase classname="ptolemy.util.test.junit.AutoTests" name="[238] /home/travis/build/icyphy/ptII/ptolemy/actor/lib/test/auto/MultiplexorDE.xml (RunModel)" time="0.015" />
  <testcase classname="ptolemy.util.test.junit.AutoTests" name="[239] /home/travis/build/icyphy/ptII/ptolemy/actor/lib/test/auto/MultiportBroadcastTest.xml (RunModel)" time="0.078" />
  <testcase classname="ptolemy.util.test.junit.AutoTests" name="[240] /home/travis/build/icyphy/ptII/ptolemy/actor/lib/test/auto/MultiportOutHangDuringGetWidth.xml (RunModel)" time="0.031" />
  <testcase classname="ptolemy.util.test.junit.AutoTests" name="[241] /home/travis/build/icyphy/ptII/ptolemy/actor/lib/test/auto/NilToken.xml (RunModel)" time="0.009" />
  <testcase classname="ptolemy.util.test.junit.AutoTests" name="[242] /home/travis/build/icyphy/ptII/ptolemy/actor/lib/test/auto/NilTokenNonStrictTest.xml (RunModel)" time="0.01" />
  <testcase classname="ptolemy.util.test.junit.AutoTests" name="[243] /home/travis/build/icyphy/ptII/ptolemy/actor/lib/test/auto/NilTokenRecord.xml (RunModel)" time="0.02" />
  <testcase classname="ptolemy.util.test.junit.AutoTests" name="[244] /home/travis/build/icyphy/ptII/ptolemy/actor/lib/test/auto/NilTokenTypeTest.xml (RunModel)" time="0.028" />
  <testcase classname="ptolemy.util.test.junit.AutoTests" name="[245] /home/travis/build/icyphy/ptII/ptolemy/actor/lib/test/auto/ObjectToken1.xml (RunModel)" time="0.006" />
  <testcase classname="ptolemy.util.test.junit.AutoTests" name="[246] /home/travis/build/icyphy/ptII/ptolemy/actor/lib/test/auto/OrderedMerge.xml (RunModel)" time="0.014" />
  <testcase classname="ptolemy.util.test.junit.AutoTests" name="[247] /home/travis/build/icyphy/ptII/ptolemy/actor/lib/test/auto/OrderedRecordDisassembler.xml (RunModel)" time="0.019" />
  <testcase classname="ptolemy.util.test.junit.AutoTests" name="[248] /home/travis/build/icyphy/ptII/ptolemy/actor/lib/test/auto/OrderedRecordDisassembler2.xml (RunModel)" time="0.016" />
  <testcase classname="ptolemy.util.test.junit.AutoTests" name="[249] /home/travis/build/icyphy/ptII/ptolemy/actor/lib/test/auto/OrderedRecordUpdater.xml (RunModel)" time="0.008" />
  <testcase classname="ptolemy.util.test.junit.AutoTests" name="[250] /home/travis/build/icyphy/ptII/ptolemy/actor/lib/test/auto/OrderedRecordUpdater2.xml (RunModel)" time="0.015" />
  <testcase classname="ptolemy.util.test.junit.AutoTests" name="[251] /home/travis/build/icyphy/ptII/ptolemy/actor/lib/test/auto/PhaseUnwrap.xml (RunModel)" time="0.01" />
  <testcase classname="ptolemy.util.test.junit.AutoTests" name="[252] /home/travis/build/icyphy/ptII/ptolemy/actor/lib/test/auto/PoissonClock.xml (RunModel)" time="0.009" />
  <testcase classname="ptolemy.util.test.junit.AutoTests" name="[253] /home/travis/build/icyphy/ptII/ptolemy/actor/lib/test/auto/PoissonClock2.xml (RunModel)" time="0.006" />
  <testcase classname="ptolemy.util.test.junit.AutoTests" name="[254] /home/travis/build/icyphy/ptII/ptolemy/actor/lib/test/auto/PoissonClock3.xml (RunModel)" time="0.017" />
  <testcase classname="ptolemy.util.test.junit.AutoTests" name="[255] /home/travis/build/icyphy/ptII/ptolemy/actor/lib/test/auto/PubSubWithInitialTokens.xml (RunModel)" time="0.009" />
  <testcase classname="ptolemy.util.test.junit.AutoTests" name="[256] /home/travis/build/icyphy/ptII/ptolemy/actor/lib/test/auto/PubSubWithInitialTokens2.xml (RunModel)" time="0.01" />
  <testcase classname="ptolemy.util.test.junit.AutoTests" name="[257] /home/travis/build/icyphy/ptII/ptolemy/actor/lib/test/auto/PublisherClassNoParameter.xml (RunModel)" time="0.017" />
  <testcase classname="ptolemy.util.test.junit.AutoTests" name="[258] /home/travis/build/icyphy/ptII/ptolemy/actor/lib/test/auto/PublisherClassParameter.xml (RunModel)" time="0.017" />
  <testcase classname="ptolemy.util.test.junit.AutoTests" name="[259] /home/travis/build/icyphy/ptII/ptolemy/actor/lib/test/auto/PublisherNonStrictTest.xml (RunModel)" time="0.013" />
  <testcase classname="ptolemy.util.test.junit.AutoTests" name="[260] /home/travis/build/icyphy/ptII/ptolemy/actor/lib/test/auto/PublisherPort1.xml (RunModel)" time="0.019" />
  <testcase classname="ptolemy.util.test.junit.AutoTests" name="[261] /home/travis/build/icyphy/ptII/ptolemy/actor/lib/test/auto/PublisherPort2.xml (RunModel)" time="0.007" />
  <testcase classname="ptolemy.util.test.junit.AutoTests" name="[262] /home/travis/build/icyphy/ptII/ptolemy/actor/lib/test/auto/PublisherPort3.xml (RunModel)" time="0.009" />
  <testcase classname="ptolemy.util.test.junit.AutoTests" name="[263] /home/travis/build/icyphy/ptII/ptolemy/actor/lib/test/auto/PublisherPort4.xml (RunModel)" time="0.009" />
  <testcase classname="ptolemy.util.test.junit.AutoTests" name="[264] /home/travis/build/icyphy/ptII/ptolemy/actor/lib/test/auto/PublisherPort5.xml (RunModel)" time="0.011" />
  <testcase classname="ptolemy.util.test.junit.AutoTests" name="[265] /home/travis/build/icyphy/ptII/ptolemy/actor/lib/test/auto/PublisherPort5LookAlike.xml (RunModel)" time="0.015" />
  <testcase classname="ptolemy.util.test.junit.AutoTests" name="[266] /home/travis/build/icyphy/ptII/ptolemy/actor/lib/test/auto/PublisherPort6.xml (RunModel)" time="0.009" />
  <testcase classname="ptolemy.util.test.junit.AutoTests" name="[267] /home/travis/build/icyphy/ptII/ptolemy/actor/lib/test/auto/PublisherPort7.xml (RunModel)" time="0.02" />
  <testcase classname="ptolemy.util.test.junit.AutoTests" name="[268] /home/travis/build/icyphy/ptII/ptolemy/actor/lib/test/auto/PublisherPort8.xml (RunModel)" time="0.012" />
  <testcase classname="ptolemy.util.test.junit.AutoTests" name="[269] /home/travis/build/icyphy/ptII/ptolemy/actor/lib/test/auto/PublisherPortSubscriberChannelVariablesAOC2.xml (RunModel)" time="0.034" />
  <testcase classname="ptolemy.util.test.junit.AutoTests" name="[270] /home/travis/build/icyphy/ptII/ptolemy/actor/lib/test/auto/PublisherPortSubscriberOpaqueWidthInference.xml (RunModel)" time="0.012" />
  <testcase classname="ptolemy.util.test.junit.AutoTests" name="[271] /home/travis/build/icyphy/ptII/ptolemy/actor/lib/test/auto/PublisherPortSubscriberPortAdjacent.xml (RunModel)" time="0.015" />
  <testcase classname="ptolemy.util.test.junit.AutoTests" name="[272] /home/travis/build/icyphy/ptII/ptolemy/actor/lib/test/auto/PublisherPortSubscriberPortExpression.xml (RunModel)" time="0.013" />
  <testcase classname="ptolemy.util.test.junit.AutoTests" name="[273] /home/travis/build/icyphy/ptII/ptolemy/actor/lib/test/auto/PublisherPortSubscriberPortOpaqueD3Reverse.xml (RunModel)" time="0.028" />
  <testcase classname="ptolemy.util.test.junit.AutoTests" name="[274] /home/travis/build/icyphy/ptII/ptolemy/actor/lib/test/auto/PublisherPortSubscriberPortOpaqueWidthInference.xml (RunModel)" time="0.012" />
  <testcase classname="ptolemy.util.test.junit.AutoTests" name="[275] /home/travis/build/icyphy/ptII/ptolemy/actor/lib/test/auto/PublisherPortToplevelSubscriberPortAOC.xml (RunModel)" time="0.008" />
  <testcase classname="ptolemy.util.test.junit.AutoTests" name="[276] /home/travis/build/icyphy/ptII/ptolemy/actor/lib/test/auto/PublisherSubscriber.xml (RunModel)" time="0.01" />
  <testcase classname="ptolemy.util.test.junit.AutoTests" name="[277] /home/travis/build/icyphy/ptII/ptolemy/actor/lib/test/auto/PublisherSubscriber10.xml (RunModel)" time="0.017" />
  <testcase classname="ptolemy.util.test.junit.AutoTests" name="[278] /home/travis/build/icyphy/ptII/ptolemy/actor/lib/test/auto/PublisherSubscriber10InitialOutputs.xml (RunModel)" time="0.022" />
  <testcase classname="ptolemy.util.test.junit.AutoTests" name="[279] /home/travis/build/icyphy/ptII/ptolemy/actor/lib/test/auto/PublisherSubscriber11.xml (RunModel)" time="0.013" />
  <testcase classname="ptolemy.util.test.junit.AutoTests" name="[280] /home/travis/build/icyphy/ptII/ptolemy/actor/lib/test/auto/PublisherSubscriber12.xml (RunModel)" time="0.01" />
  <testcase classname="ptolemy.util.test.junit.AutoTests" name="[281] /home/travis/build/icyphy/ptII/ptolemy/actor/lib/test/auto/PublisherSubscriber13.xml (RunModel)" time="0.007" />
  <testcase classname="ptolemy.util.test.junit.AutoTests" name="[282] /home/travis/build/icyphy/ptII/ptolemy/actor/lib/test/auto/PublisherSubscriber14.xml (RunModel)" time="0.022" />
  <testcase classname="ptolemy.util.test.junit.AutoTests" name="[283] /home/travis/build/icyphy/ptII/ptolemy/actor/lib/test/auto/PublisherSubscriber2.xml (RunModel)" time="0.017" />
  <testcase classname="ptolemy.util.test.junit.AutoTests" name="[284] /home/travis/build/icyphy/ptII/ptolemy/actor/lib/test/auto/PublisherSubscriber3.xml (RunModel)" time="0.008" />
  <testcase classname="ptolemy.util.test.junit.AutoTests" name="[285] /home/travis/build/icyphy/ptII/ptolemy/actor/lib/test/auto/PublisherSubscriber4.xml (RunModel)" time="0.006" />
  <testcase classname="ptolemy.util.test.junit.AutoTests" name="[286] /home/travis/build/icyphy/ptII/ptolemy/actor/lib/test/auto/PublisherSubscriber5.xml (RunModel)" time="0.009" />
  <testcase classname="ptolemy.util.test.junit.AutoTests" name="[287] /home/travis/build/icyphy/ptII/ptolemy/actor/lib/test/auto/PublisherSubscriber6.xml (RunModel)" time="0.011" />
  <testcase classname="ptolemy.util.test.junit.AutoTests" name="[288] /home/travis/build/icyphy/ptII/ptolemy/actor/lib/test/auto/PublisherSubscriber7.xml (RunModel)" time="0.015" />
  <testcase classname="ptolemy.util.test.junit.AutoTests" name="[289] /home/travis/build/icyphy/ptII/ptolemy/actor/lib/test/auto/PublisherSubscriber8.xml (RunModel)" time="0.029" />
  <testcase classname="ptolemy.util.test.junit.AutoTests" name="[290] /home/travis/build/icyphy/ptII/ptolemy/actor/lib/test/auto/PublisherSubscriber9.xml (RunModel)" time="0.014" />
  <testcase classname="ptolemy.util.test.junit.AutoTests" name="[291] /home/travis/build/icyphy/ptII/ptolemy/actor/lib/test/auto/PublisherSubscriberAdjacent.xml (RunModel)" time="0.013" />
  <testcase classname="ptolemy.util.test.junit.AutoTests" name="[292] /home/travis/build/icyphy/ptII/ptolemy/actor/lib/test/auto/PublisherSubscriberChannelVariablesAOC2.xml (RunModel)" time="0.023" />
  <testcase classname="ptolemy.util.test.junit.AutoTests" name="[293] /home/travis/build/icyphy/ptII/ptolemy/actor/lib/test/auto/PublisherSubscriberD3.xml (RunModel)" time="0.011" />
  <testcase classname="ptolemy.util.test.junit.AutoTests" name="[294] /home/travis/build/icyphy/ptII/ptolemy/actor/lib/test/auto/PublisherSubscriberD3Reverse.xml (RunModel)" time="0.011" />
  <testcase classname="ptolemy.util.test.junit.AutoTests" name="[295] /home/travis/build/icyphy/ptII/ptolemy/actor/lib/test/auto/PublisherSubscriberExpression.xml (RunModel)" time="0.014" />
  <testcase classname="ptolemy.util.test.junit.AutoTests" name="[296] /home/travis/build/icyphy/ptII/ptolemy/actor/lib/test/auto/PublisherSubscriberOpaque.xml (RunModel)" time="0.013" />
  <testcase classname="ptolemy.util.test.junit.AutoTests" name="[297] /home/travis/build/icyphy/ptII/ptolemy/actor/lib/test/auto/PublisherSubscriberOpaqueD3.xml (RunModel)" time="0.022" />
  <testcase classname="ptolemy.util.test.junit.AutoTests" name="[298] /home/travis/build/icyphy/ptII/ptolemy/actor/lib/test/auto/PublisherSubscriberOpaqueD3Reverse.xml (RunModel)" time="0.021" />
  <testcase classname="ptolemy.util.test.junit.AutoTests" name="[299] /home/travis/build/icyphy/ptII/ptolemy/actor/lib/test/auto/PublisherSubscriberOpaqueWidthInference.xml (RunModel)" time="0.016" />
  <testcase classname="ptolemy.util.test.junit.AutoTests" name="[300] /home/travis/build/icyphy/ptII/ptolemy/actor/lib/test/auto/PublisherTestSubscriber.xml (RunModel)" time="0.015" />
  <testcase classname="ptolemy.util.test.junit.AutoTests" name="[301] /home/travis/build/icyphy/ptII/ptolemy/actor/lib/test/auto/PublisherToplevelSubscriberPortAOC.xml (RunModel)" time="0.009" />
  <testcase classname="ptolemy.util.test.junit.AutoTests" name="[302] /home/travis/build/icyphy/ptII/ptolemy/actor/lib/test/auto/PulseFiringLimitDE.xml (RunModel)" time="0.015" />
  <testcase classname="ptolemy.util.test.junit.AutoTests" name="[303] /home/travis/build/icyphy/ptII/ptolemy/actor/lib/test/auto/Ramp1.xml (RunModel)" time="0.01" />
  <testcase classname="ptolemy.util.test.junit.AutoTests" name="[304] /home/travis/build/icyphy/ptII/ptolemy/actor/lib/test/auto/RampFiringLimitDE.xml (RunModel)" time="0.011" />
  <testcase classname="ptolemy.util.test.junit.AutoTests" name="[305] /home/travis/build/icyphy/ptII/ptolemy/actor/lib/test/auto/RampFiringLimitSDF.xml (RunModel)" time="0.007" />
  <testcase classname="ptolemy.util.test.junit.AutoTests" name="[306] /home/travis/build/icyphy/ptII/ptolemy/actor/lib/test/auto/RandomInteger.xml (RunModel)" time="0.006" />
  <testcase classname="ptolemy.util.test.junit.AutoTests" name="[307] /home/travis/build/icyphy/ptII/ptolemy/actor/lib/test/auto/ReadFile1.xml (RunModel)" time="0.005" />
  <testcase classname="ptolemy.util.test.junit.AutoTests" name="[308] /home/travis/build/icyphy/ptII/ptolemy/actor/lib/test/auto/ReadFile2.xml (RunModel)" time="0.007" />
  <testcase classname="ptolemy.util.test.junit.AutoTests" name="[309] /home/travis/build/icyphy/ptII/ptolemy/actor/lib/test/auto/Reader.xml (RunModel)" time="0.007" />
  <testcase classname="ptolemy.util.test.junit.AutoTests" name="[310] /home/travis/build/icyphy/ptII/ptolemy/actor/lib/test/auto/RecordAssemblerDisplayNameTest.xml (RunModel)" time="3.682" />
  <testcase classname="ptolemy.util.test.junit.AutoTests" name="[311] /home/travis/build/icyphy/ptII/ptolemy/actor/lib/test/auto/RecordAssemblerTypeError.xml (RunModel)" time="0.043" />
  <testcase classname="ptolemy.util.test.junit.AutoTests" name="[312] /home/travis/build/icyphy/ptII/ptolemy/actor/lib/test/auto/RecordDisassember.xml (RunModel)" time="0.013" />
  <testcase classname="ptolemy.util.test.junit.AutoTests" name="[313] /home/travis/build/icyphy/ptII/ptolemy/actor/lib/test/auto/RecordDisassemberDisplayNameTest.xml (RunModel)" time="0.02" />
  <testcase classname="ptolemy.util.test.junit.AutoTests" name="[314] /home/travis/build/icyphy/ptII/ptolemy/actor/lib/test/auto/RecordDisassembler.xml (RunModel)" time="0.01" />
  <testcase classname="ptolemy.util.test.junit.AutoTests" name="[315] /home/travis/build/icyphy/ptII/ptolemy/actor/lib/test/auto/RecordDisassembler2.xml (RunModel)" time="0.01" />
  <testcase classname="ptolemy.util.test.junit.AutoTests" name="[316] /home/travis/build/icyphy/ptII/ptolemy/actor/lib/test/auto/RecordUpdater.xml (RunModel)" time="0.008" />
  <testcase classname="ptolemy.util.test.junit.AutoTests" name="[317] /home/travis/build/icyphy/ptII/ptolemy/actor/lib/test/auto/RecordUpdater2.xml (RunModel)" time="0.007" />
  <testcase classname="ptolemy.util.test.junit.AutoTests" name="[318] /home/travis/build/icyphy/ptII/ptolemy/actor/lib/test/auto/RecursiveLattice.xml (RunModel)" time="0.01" />
  <testcase classname="ptolemy.util.test.junit.AutoTests" name="[319] /home/travis/build/icyphy/ptII/ptolemy/actor/lib/test/auto/Router.xml (RunModel)" time="3.021" />
  <testcase classname="ptolemy.util.test.junit.AutoTests" name="[320] /home/travis/build/icyphy/ptII/ptolemy/actor/lib/test/auto/Router2.xml (RunModel)" time="3.026" />
  <testcase classname="ptolemy.util.test.junit.AutoTests" name="[321] /home/travis/build/icyphy/ptII/ptolemy/actor/lib/test/auto/RunningMaximum.xml (RunModel)" time="0.018" />
  <testcase classname="ptolemy.util.test.junit.AutoTests" name="[322] /home/travis/build/icyphy/ptII/ptolemy/actor/lib/test/auto/RunningMinimum.xml (RunModel)" time="0.016" />
  <testcase classname="ptolemy.util.test.junit.AutoTests" name="[323] /home/travis/build/icyphy/ptII/ptolemy/actor/lib/test/auto/Scale.xml (RunModel)" time="0.008" />
  <testcase classname="ptolemy.util.test.junit.AutoTests" name="[324] /home/travis/build/icyphy/ptII/ptolemy/actor/lib/test/auto/Scale2.xml (RunModel)" time="0.008" />
  <testcase classname="ptolemy.util.test.junit.AutoTests" name="[325] /home/travis/build/icyphy/ptII/ptolemy/actor/lib/test/auto/Scale3.xml (RunModel)" time="0.011" />
  <testcase classname="ptolemy.util.test.junit.AutoTests" name="[326] /home/travis/build/icyphy/ptII/ptolemy/actor/lib/test/auto/ScaleArray.xml (RunModel)" time="0.005" />
  <testcase classname="ptolemy.util.test.junit.AutoTests" name="[327] /home/travis/build/icyphy/ptII/ptolemy/actor/lib/test/auto/ScaleArray2.xml (RunModel)" time="0.01" />
  <testcase classname="ptolemy.util.test.junit.AutoTests" name="[328] /home/travis/build/icyphy/ptII/ptolemy/actor/lib/test/auto/ScaleMatrix.xml (RunModel)" time="0.094" />
  <testcase classname="ptolemy.util.test.junit.AutoTests" name="[329] /home/travis/build/icyphy/ptII/ptolemy/actor/lib/test/auto/Select.xml (RunModel)" time="0.012" />
  <testcase classname="ptolemy.util.test.junit.AutoTests" name="[330] /home/travis/build/icyphy/ptII/ptolemy/actor/lib/test/auto/Select2.xml (RunModel)" time="0.008" />
  <testcase classname="ptolemy.util.test.junit.AutoTests" name="[331] /home/travis/build/icyphy/ptII/ptolemy/actor/lib/test/auto/SequenceToArray2.xml (RunModel)" time="0.129" />
  <testcase classname="ptolemy.util.test.junit.AutoTests" name="[332] /home/travis/build/icyphy/ptII/ptolemy/actor/lib/test/auto/SequentialClock.xml (RunModel)" time="0.012" />
  <testcase classname="ptolemy.util.test.junit.AutoTests" name="[333] /home/travis/build/icyphy/ptII/ptolemy/actor/lib/test/auto/SetVariable.xml (RunModel)" time="0.011" />
  <testcase classname="ptolemy.util.test.junit.AutoTests" name="[334] /home/travis/build/icyphy/ptII/ptolemy/actor/lib/test/auto/SetVariable2.xml (RunModel)" time="0.009" />
  <testcase classname="ptolemy.util.test.junit.AutoTests" name="[335] /home/travis/build/icyphy/ptII/ptolemy/actor/lib/test/auto/SetVariable3.xml (RunModel)" time="0.015" />
  <testcase classname="ptolemy.util.test.junit.AutoTests" name="[336] /home/travis/build/icyphy/ptII/ptolemy/actor/lib/test/auto/SetVariable4.xml (RunModel)" time="0.033" />
  <testcase classname="ptolemy.util.test.junit.AutoTests" name="[337] /home/travis/build/icyphy/ptII/ptolemy/actor/lib/test/auto/SetVariable5.xml (RunModel)" time="0.04" />
  <testcase classname="ptolemy.util.test.junit.AutoTests" name="[338] /home/travis/build/icyphy/ptII/ptolemy/actor/lib/test/auto/Sinewave.xml (RunModel)" time="0.024" />
  <testcase classname="ptolemy.util.test.junit.AutoTests" name="[339] /home/travis/build/icyphy/ptII/ptolemy/actor/lib/test/auto/Sinewave2.xml (RunModel)" time="0.016" />
  <testcase classname="ptolemy.util.test.junit.AutoTests" name="[340] /home/travis/build/icyphy/ptII/ptolemy/actor/lib/test/auto/Sinewave3.xml (RunModel)" time="0.036" />
  <testcase classname="ptolemy.util.test.junit.AutoTests" name="[341] /home/travis/build/icyphy/ptII/ptolemy/actor/lib/test/auto/SingleEvent.xml (RunModel)" time="0.007" />
  <testcase classname="ptolemy.util.test.junit.AutoTests" name="[342] /home/travis/build/icyphy/ptII/ptolemy/actor/lib/test/auto/Sleep.xml (RunModel)" time="6.019" />
  <testcase classname="ptolemy.util.test.junit.AutoTests" name="[343] /home/travis/build/icyphy/ptII/ptolemy/actor/lib/test/auto/SleepMultipleFire.xml (RunModel)" time="1.016" />
  <testcase classname="ptolemy.util.test.junit.AutoTests" name="[344] /home/travis/build/icyphy/ptII/ptolemy/actor/lib/test/auto/StopDE.xml (RunModel)" time="0.018" />
  <testcase classname="ptolemy.util.test.junit.AutoTests" name="[345] /home/travis/build/icyphy/ptII/ptolemy/actor/lib/test/auto/StopSDF.xml (RunModel)" time="0.011" />
  <testcase classname="ptolemy.util.test.junit.AutoTests" name="[346] /home/travis/build/icyphy/ptII/ptolemy/actor/lib/test/auto/StringConstant.xml (RunModel)" time="0.013" />
  <testcase classname="ptolemy.util.test.junit.AutoTests" name="[347] /home/travis/build/icyphy/ptII/ptolemy/actor/lib/test/auto/SubscriberPortInitialValues1.xml (RunModel)" time="0.016" />
  <testcase classname="ptolemy.util.test.junit.AutoTests" name="[348] /home/travis/build/icyphy/ptII/ptolemy/actor/lib/test/auto/SubscriberPortInitialValues13.xml (RunModel)" time="0.022" />
  <testcase classname="ptolemy.util.test.junit.AutoTests" name="[349] /home/travis/build/icyphy/ptII/ptolemy/actor/lib/test/auto/SubscriberPortInitialValues14.xml (RunModel)" time="0.015" />
  <testcase classname="ptolemy.util.test.junit.AutoTests" name="[350] /home/travis/build/icyphy/ptII/ptolemy/actor/lib/test/auto/SubscriberPortInitialValues2.xml (RunModel)" time="0.012" />
  <testcase classname="ptolemy.util.test.junit.AutoTests" name="[351] /home/travis/build/icyphy/ptII/ptolemy/actor/lib/test/auto/SubscriberPortInitialValues3.xml (RunModel)" time="0.015" />
  <testcase classname="ptolemy.util.test.junit.AutoTests" name="[352] /home/travis/build/icyphy/ptII/ptolemy/actor/lib/test/auto/SubscriptionAggregator.xml (RunModel)" time="0.01" />
  <testcase classname="ptolemy.util.test.junit.AutoTests" name="[353] /home/travis/build/icyphy/ptII/ptolemy/actor/lib/test/auto/SubscriptionAggregator2.xml (RunModel)" time="0.009" />
  <testcase classname="ptolemy.util.test.junit.AutoTests" name="[354] /home/travis/build/icyphy/ptII/ptolemy/actor/lib/test/auto/SubscriptionAggregator3.xml (RunModel)" time="0.013" />
  <testcase classname="ptolemy.util.test.junit.AutoTests" name="[355] /home/travis/build/icyphy/ptII/ptolemy/actor/lib/test/auto/SubscriptionAggregatorMultiply.xml (RunModel)" time="0.012" />
  <testcase classname="ptolemy.util.test.junit.AutoTests" name="[356] /home/travis/build/icyphy/ptII/ptolemy/actor/lib/test/auto/SubscriptionAggregatorPortMultiply1.xml (RunModel)" time="0.011" />
  <testcase classname="ptolemy.util.test.junit.AutoTests" name="[357] /home/travis/build/icyphy/ptII/ptolemy/actor/lib/test/auto/Switch.xml (RunModel)" time="0.014" />
  <testcase classname="ptolemy.util.test.junit.AutoTests" name="[358] /home/travis/build/icyphy/ptII/ptolemy/actor/lib/test/auto/Switch2.xml (RunModel)" time="0.009" />
  <testcase classname="ptolemy.util.test.junit.AutoTests" name="[359] /home/travis/build/icyphy/ptII/ptolemy/actor/lib/test/auto/SwitchDE.xml (RunModel)" time="0.013" />
  <testcase classname="ptolemy.util.test.junit.AutoTests" name="[360] /home/travis/build/icyphy/ptII/ptolemy/actor/lib/test/auto/SynchronizerDE.xml (RunModel)" time="0.018" />
  <testcase classname="ptolemy.util.test.junit.AutoTests" name="[361] /home/travis/build/icyphy/ptII/ptolemy/actor/lib/test/auto/Test.xml (RunModel)" time="0.01" />
  <testcase classname="ptolemy.util.test.junit.AutoTests" name="[362] /home/travis/build/icyphy/ptII/ptolemy/actor/lib/test/auto/TestExceptionAttribute1.xml (RunModel)" time="0.005" />
  <testcase classname="ptolemy.util.test.junit.AutoTests" name="[363] /home/travis/build/icyphy/ptII/ptolemy/actor/lib/test/auto/TestExceptionAttribute2.xml (RunModel)" time="0.009" />
  <testcase classname="ptolemy.util.test.junit.AutoTests" name="[364] /home/travis/build/icyphy/ptII/ptolemy/actor/lib/test/auto/TestExceptionAttribute3.xml (RunModel)" time="0.008" />
  <testcase classname="ptolemy.util.test.junit.AutoTests" name="[365] /home/travis/build/icyphy/ptII/ptolemy/actor/lib/test/auto/TestExceptionAttribute4.xml (RunModel)" time="0.005" />
  <testcase classname="ptolemy.util.test.junit.AutoTests" name="[366] /home/travis/build/icyphy/ptII/ptolemy/actor/lib/test/auto/TestExceptionHandler1.xml (RunModel)" time="0.005" />
  <testcase classname="ptolemy.util.test.junit.AutoTests" name="[367] /home/travis/build/icyphy/ptII/ptolemy/actor/lib/test/auto/TestExceptionHandler2.xml (RunModel)" time="0.006" />
  <testcase classname="ptolemy.util.test.junit.AutoTests" name="[368] /home/travis/build/icyphy/ptII/ptolemy/actor/lib/test/auto/TestExceptionHandler3.xml (RunModel)" time="0.004" />
  <testcase classname="ptolemy.util.test.junit.AutoTests" name="[369] /home/travis/build/icyphy/ptII/ptolemy/actor/lib/test/auto/TestExceptionHandler4.xml (RunModel)" time="0.004" />
  <testcase classname="ptolemy.util.test.junit.AutoTests" name="[370] /home/travis/build/icyphy/ptII/ptolemy/actor/lib/test/auto/TestRequireCorrectOrder.xml (RunModel)" time="0.014" />
  <testcase classname="ptolemy.util.test.junit.AutoTests" name="[371] /home/travis/build/icyphy/ptII/ptolemy/actor/lib/test/auto/TestSimple.xml (RunModel)" time="0.007" />
  <testcase classname="ptolemy.util.test.junit.AutoTests" name="[372] /home/travis/build/icyphy/ptII/ptolemy/actor/lib/test/auto/ThrowModelError.xml (RunModel)" time="0.009" />
  <testcase classname="ptolemy.util.test.junit.AutoTests" name="[373] /home/travis/build/icyphy/ptII/ptolemy/actor/lib/test/auto/TimeDelayMicrosteps.xml (RunModel)" time="0.012" />
  <testcase classname="ptolemy.util.test.junit.AutoTests" name="[374] /home/travis/build/icyphy/ptII/ptolemy/actor/lib/test/auto/TimeDelayMicrosteps2.xml (RunModel)" time="0.011" />
  <testcase classname="ptolemy.util.test.junit.AutoTests" name="[375] /home/travis/build/icyphy/ptII/ptolemy/actor/lib/test/auto/TimeDelayMicrosteps3.xml (RunModel)" time="0.009" />
  <testcase classname="ptolemy.util.test.junit.AutoTests" name="[376] /home/travis/build/icyphy/ptII/ptolemy/actor/lib/test/auto/TimeDelayVariableMicrosteps.xml (RunModel)" time="0.008" />
  <testcase classname="ptolemy.util.test.junit.AutoTests" name="[377] /home/travis/build/icyphy/ptII/ptolemy/actor/lib/test/auto/TimeGap.xml (RunModel)" time="0.01" />
  <testcase classname="ptolemy.util.test.junit.AutoTests" name="[378] /home/travis/build/icyphy/ptII/ptolemy/actor/lib/test/auto/TimeGap2.xml (RunModel)" time="0.008" />
  <testcase classname="ptolemy.util.test.junit.AutoTests" name="[379] /home/travis/build/icyphy/ptII/ptolemy/actor/lib/test/auto/TimedSinewave.xml (RunModel)" time="0.046" />
  <testcase classname="ptolemy.util.test.junit.AutoTests" name="[380] /home/travis/build/icyphy/ptII/ptolemy/actor/lib/test/auto/TimedSinewavePhase.xml (RunModel)" time="0.038" />
  <testcase classname="ptolemy.util.test.junit.AutoTests" name="[381] /home/travis/build/icyphy/ptII/ptolemy/actor/lib/test/auto/Timer.xml (RunModel)" time="0.018" />
  <testcase classname="ptolemy.util.test.junit.AutoTests" name="[382] /home/travis/build/icyphy/ptII/ptolemy/actor/lib/test/auto/TriangularDistTestModel.xml (RunModel)" time="0.016" />
  <testcase classname="ptolemy.util.test.junit.AutoTests" name="[383] /home/travis/build/icyphy/ptII/ptolemy/actor/lib/test/auto/TrigFunction.xml (RunModel)" time="0.01" />
  <testcase classname="ptolemy.util.test.junit.AutoTests" name="[384] /home/travis/build/icyphy/ptII/ptolemy/actor/lib/test/auto/TrigFunctionDE.xml (RunModel)" time="0.009" />
  <testcase classname="ptolemy.util.test.junit.AutoTests" name="[385] /home/travis/build/icyphy/ptII/ptolemy/actor/lib/test/auto/TrigFunctionInverse.xml (RunModel)" time="0.007" />
  <testcase classname="ptolemy.util.test.junit.AutoTests" name="[386] /home/travis/build/icyphy/ptII/ptolemy/actor/lib/test/auto/TrigFunctionTan.xml (RunModel)" time="0.018" />
  <testcase classname="ptolemy.util.test.junit.AutoTests" name="[387] /home/travis/build/icyphy/ptII/ptolemy/actor/lib/test/auto/TriggeredClock.xml (RunModel)" time="0.013" />
  <testcase classname="ptolemy.util.test.junit.AutoTests" name="[388] /home/travis/build/icyphy/ptII/ptolemy/actor/lib/test/auto/URLDirectoryReader.xml (RunModel)" time="0.13" />
  <testcase classname="ptolemy.util.test.junit.AutoTests" name="[389] /home/travis/build/icyphy/ptII/ptolemy/actor/lib/test/auto/URLDirectoryReader3.xml (RunModel)" time="1.645" />
  <testcase classname="ptolemy.util.test.junit.AutoTests" name="[390] /home/travis/build/icyphy/ptII/ptolemy/actor/lib/test/auto/UnaryMathFunction.xml (RunModel)" time="0.032" />
  <testcase classname="ptolemy.util.test.junit.AutoTests" name="[391] /home/travis/build/icyphy/ptII/ptolemy/actor/lib/test/auto/Uniform.xml (RunModel)" time="0.011" />
  <testcase classname="ptolemy.util.test.junit.AutoTests" name="[392] /home/travis/build/icyphy/ptII/ptolemy/actor/lib/test/auto/UnionDisassemblerTest.xml (RunModel)" time="0.017" />
  <testcase classname="ptolemy.util.test.junit.AutoTests" name="[393] /home/travis/build/icyphy/ptII/ptolemy/actor/lib/test/auto/UtilityFunctions.xml (RunModel)" time="0.006" />
  <testcase classname="ptolemy.util.test.junit.AutoTests" name="[394] /home/travis/build/icyphy/ptII/ptolemy/actor/lib/test/auto/VariableSleep.xml (RunModel)" time="0.51" />
  <testcase classname="ptolemy.util.test.junit.AutoTests" name="[395] /home/travis/build/icyphy/ptII/ptolemy/actor/lib/test/auto/VectorAssemblerDisassemblerCT.xml (RunModel)" time="0.101" />
  <testcase classname="ptolemy.util.test.junit.AutoTests" name="[396] /home/travis/build/icyphy/ptII/ptolemy/actor/lib/test/auto/VectorAssemblerDisassemblerDE.xml (RunModel)" time="0.013" />
  <testcase classname="ptolemy.util.test.junit.AutoTests" name="[397] /home/travis/build/icyphy/ptII/ptolemy/actor/lib/test/auto/VectorAssemblerDisassemblerSDF.xml (RunModel)" time="0.011" />
  <testcase classname="ptolemy.util.test.junit.AutoTests" name="[398] /home/travis/build/icyphy/ptII/ptolemy/actor/lib/test/auto/WallClockTime.xml (RunModel)" time="1.01" />
  <testcase classname="ptolemy.util.test.junit.AutoTests" name="[399] /home/travis/build/icyphy/ptII/ptolemy/actor/lib/test/auto/WidthTestWithSubscriberPublisher.xml (RunModel)" time="0.039" />
  <testcase classname="ptolemy.util.test.junit.AutoTests" name="[400] /home/travis/build/icyphy/ptII/ptolemy/actor/lib/test/auto/WidthTestWithSubscriberPublisher2.xml (RunModel)" time="0.013" />
  <testcase classname="ptolemy.util.test.junit.AutoTests" name="[401] /home/travis/build/icyphy/ptII/ptolemy/actor/lib/test/auto/WidthTestWithSubscriberPublisher3.xml (RunModel)" time="0.008" />
  <testcase classname="ptolemy.util.test.junit.AutoTests" name="[402] /home/travis/build/icyphy/ptII/ptolemy/actor/lib/test/auto/Writer.xml (RunModel)" time="0.006" />
  <testcase classname="ptolemy.util.test.junit.AutoTests" name="[403] /home/travis/build/icyphy/ptII/ptolemy/actor/lib/test/auto/array.xml (RunModel)" time="0.007" />
  <testcase classname="ptolemy.util.test.junit.AutoTests" name="[404] /home/travis/build/icyphy/ptII/ptolemy/actor/lib/test/auto/array2.xml (RunModel)" time="0.021" />
  <testcase classname="ptolemy.util.test.junit.AutoTests" name="[405] /home/travis/build/icyphy/ptII/ptolemy/actor/lib/test/auto/arrayType.xml (RunModel)" time="0.009" />
  <testcase classname="ptolemy.util.test.junit.AutoTests" name="[406] /home/travis/build/icyphy/ptII/ptolemy/actor/lib/test/auto/arrayType10.xml (RunModel)" time="0.007" />
  <testcase classname="ptolemy.util.test.junit.AutoTests" name="[407] /home/travis/build/icyphy/ptII/ptolemy/actor/lib/test/auto/arrayType11.xml (RunModel)" time="0.007" />
  <testcase classname="ptolemy.util.test.junit.AutoTests" name="[408] /home/travis/build/icyphy/ptII/ptolemy/actor/lib/test/auto/arrayType12.xml (RunModel)" time="0.007" />
  <testcase classname="ptolemy.util.test.junit.AutoTests" name="[409] /home/travis/build/icyphy/ptII/ptolemy/actor/lib/test/auto/arrayType13.xml (RunModel)" time="0.01" />
  <testcase classname="ptolemy.util.test.junit.AutoTests" name="[410] /home/travis/build/icyphy/ptII/ptolemy/actor/lib/test/auto/arrayType14.xml (RunModel)" time="0.006" />
  <testcase classname="ptolemy.util.test.junit.AutoTests" name="[411] /home/travis/build/icyphy/ptII/ptolemy/actor/lib/test/auto/arrayType15.xml (RunModel)" time="0.007" />
  <testcase classname="ptolemy.util.test.junit.AutoTests" name="[412] /home/travis/build/icyphy/ptII/ptolemy/actor/lib/test/auto/arrayType16.xml (RunModel)" time="0.006" />
  <testcase classname="ptolemy.util.test.junit.AutoTests" name="[413] /home/travis/build/icyphy/ptII/ptolemy/actor/lib/test/auto/arrayType17.xml (RunModel)" time="0.007" />
  <testcase classname="ptolemy.util.test.junit.AutoTests" name="[414] /home/travis/build/icyphy/ptII/ptolemy/actor/lib/test/auto/arrayType18.xml (RunModel)" time="0.006" />
  <testcase classname="ptolemy.util.test.junit.AutoTests" name="[415] /home/travis/build/icyphy/ptII/ptolemy/actor/lib/test/auto/arrayType19.xml (RunModel)" time="0.006" />
  <testcase classname="ptolemy.util.test.junit.AutoTests" name="[416] /home/travis/build/icyphy/ptII/ptolemy/actor/lib/test/auto/arrayType2.xml (RunModel)" time="0.007" />
  <testcase classname="ptolemy.util.test.junit.AutoTests" name="[417] /home/travis/build/icyphy/ptII/ptolemy/actor/lib/test/auto/arrayType20.xml (RunModel)" time="0.007" />
  <testcase classname="ptolemy.util.test.junit.AutoTests" name="[418] /home/travis/build/icyphy/ptII/ptolemy/actor/lib/test/auto/arrayType21.xml (RunModel)" time="0.005" />
  <testcase classname="ptolemy.util.test.junit.AutoTests" name="[419] /home/travis/build/icyphy/ptII/ptolemy/actor/lib/test/auto/arrayType22.xml (RunModel)" time="0.009" />
  <testcase classname="ptolemy.util.test.junit.AutoTests" name="[420] /home/travis/build/icyphy/ptII/ptolemy/actor/lib/test/auto/arrayType23.xml (RunModel)" time="0.006" />
  <testcase classname="ptolemy.util.test.junit.AutoTests" name="[421] /home/travis/build/icyphy/ptII/ptolemy/actor/lib/test/auto/arrayType24.xml (RunModel)" time="0.01" />
  <testcase classname="ptolemy.util.test.junit.AutoTests" name="[422] /home/travis/build/icyphy/ptII/ptolemy/actor/lib/test/auto/arrayType25.xml (RunModel)" time="0.006" />
  <testcase classname="ptolemy.util.test.junit.AutoTests" name="[423] /home/travis/build/icyphy/ptII/ptolemy/actor/lib/test/auto/arrayType26.xml (RunModel)" time="0.007" />
  <testcase classname="ptolemy.util.test.junit.AutoTests" name="[424] /home/travis/build/icyphy/ptII/ptolemy/actor/lib/test/auto/arrayType27.xml (RunModel)" time="0.006" />
  <testcase classname="ptolemy.util.test.junit.AutoTests" name="[425] /home/travis/build/icyphy/ptII/ptolemy/actor/lib/test/auto/arrayType28.xml (RunModel)" time="0.008" />
  <testcase classname="ptolemy.util.test.junit.AutoTests" name="[426] /home/travis/build/icyphy/ptII/ptolemy/actor/lib/test/auto/arrayType3.xml (RunModel)" time="0.012" />
  <testcase classname="ptolemy.util.test.junit.AutoTests" name="[427] /home/travis/build/icyphy/ptII/ptolemy/actor/lib/test/auto/arrayType4.xml (RunModel)" time="0.007" />
  <testcase classname="ptolemy.util.test.junit.AutoTests" name="[428] /home/travis/build/icyphy/ptII/ptolemy/actor/lib/test/auto/arrayType5.xml (RunModel)" time="0.007" />
  <testcase classname="ptolemy.util.test.junit.AutoTests" name="[429] /home/travis/build/icyphy/ptII/ptolemy/actor/lib/test/auto/arrayType6.xml (RunModel)" time="0.007" />
  <testcase classname="ptolemy.util.test.junit.AutoTests" name="[430] /home/travis/build/icyphy/ptII/ptolemy/actor/lib/test/auto/arrayType7.xml (RunModel)" time="0.007" />
  <testcase classname="ptolemy.util.test.junit.AutoTests" name="[431] /home/travis/build/icyphy/ptII/ptolemy/actor/lib/test/auto/arrayType8.xml (RunModel)" time="0.008" />
  <testcase classname="ptolemy.util.test.junit.AutoTests" name="[432] /home/travis/build/icyphy/ptII/ptolemy/actor/lib/test/auto/arrayType9.xml (RunModel)" time="0.007" />
  <testcase classname="ptolemy.util.test.junit.AutoTests" name="[433] /home/travis/build/icyphy/ptII/ptolemy/actor/lib/test/auto/cast.xml (RunModel)" time="0.019" />
  <testcase classname="ptolemy.util.test.junit.AutoTests" name="[434] /home/travis/build/icyphy/ptII/ptolemy/actor/lib/test/auto/compositeMultiPort.xml (RunModel)" time="0.019" />
  <testcase classname="ptolemy.util.test.junit.AutoTests" name="[435] /home/travis/build/icyphy/ptII/ptolemy/actor/lib/test/auto/expressionCastInference.xml (RunModel)" time="0.007" />
  <testcase classname="ptolemy.util.test.junit.AutoTests" name="[436] /home/travis/build/icyphy/ptII/ptolemy/actor/lib/test/auto/expressionCastInference2.xml (RunModel)" time="0.007" />
  <testcase classname="ptolemy.util.test.junit.AutoTests" name="[437] /home/travis/build/icyphy/ptII/ptolemy/actor/lib/test/auto/expressionInference.xml (RunModel)" time="0.006" />
  <testcase classname="ptolemy.util.test.junit.AutoTests" name="[438] /home/travis/build/icyphy/ptII/ptolemy/actor/lib/test/auto/expression_bug.xml (RunModel)" time="0.006" />
  <testcase classname="ptolemy.util.test.junit.AutoTests" name="[439] /home/travis/build/icyphy/ptII/ptolemy/actor/lib/test/auto/factorial.xml (RunModel)" time="0.082" />
  <testcase classname="ptolemy.util.test.junit.AutoTests" name="[440] /home/travis/build/icyphy/ptII/ptolemy/actor/lib/test/auto/filterTest1.xml (RunModel)" time="0.015" />
  <testcase classname="ptolemy.util.test.junit.AutoTests" name="[441] /home/travis/build/icyphy/ptII/ptolemy/actor/lib/test/auto/funcApplyInConst.xml (RunModel)" time="0.005" />
  <testcase classname="ptolemy.util.test.junit.AutoTests" name="[442] /home/travis/build/icyphy/ptII/ptolemy/actor/lib/test/auto/funcApplyInExpr.xml (RunModel)" time="0.022" />
  <testcase classname="ptolemy.util.test.junit.AutoTests" name="[443] /home/travis/build/icyphy/ptII/ptolemy/actor/lib/test/auto/function.xml (RunModel)" time="0.031" />
  <testcase classname="ptolemy.util.test.junit.AutoTests" name="[444] /home/travis/build/icyphy/ptII/ptolemy/actor/lib/test/auto/function2.xml (RunModel)" time="0.031" />
  <testcase classname="ptolemy.util.test.junit.AutoTests" name="[445] /home/travis/build/icyphy/ptII/ptolemy/actor/lib/test/auto/function3.xml (RunModel)" time="0.006" />
  <testcase classname="ptolemy.util.test.junit.AutoTests" name="[446] /home/travis/build/icyphy/ptII/ptolemy/actor/lib/test/auto/functionClosureTest1.xml (RunModel)" time="0.008" />
  <testcase classname="ptolemy.util.test.junit.AutoTests" name="[447] /home/travis/build/icyphy/ptII/ptolemy/actor/lib/test/auto/functionClosureTest2.xml (RunModel)" time="0.006" />
  <testcase classname="ptolemy.util.test.junit.AutoTests" name="[448] /home/travis/build/icyphy/ptII/ptolemy/actor/lib/test/auto/functionClosureTest3.xml (RunModel)" time="0.008" />
  <testcase classname="ptolemy.util.test.junit.AutoTests" name="[449] /home/travis/build/icyphy/ptII/ptolemy/actor/lib/test/auto/functionClosureTest4.xml (RunModel)" time="0.012" />
  <testcase classname="ptolemy.util.test.junit.AutoTests" name="[450] /home/travis/build/icyphy/ptII/ptolemy/actor/lib/test/auto/functionClosureTest5.xml (RunModel)" time="0.011" />
  <testcase classname="ptolemy.util.test.junit.AutoTests" name="[451] /home/travis/build/icyphy/ptII/ptolemy/actor/lib/test/auto/functionClosureTest6.xml (RunModel)" time="0.007" />
  <testcase classname="ptolemy.util.test.junit.AutoTests" name="[452] /home/travis/build/icyphy/ptII/ptolemy/actor/lib/test/auto/functionsOnArcs.xml (RunModel)" time="0.008" />
  <testcase classname="ptolemy.util.test.junit.AutoTests" name="[453] /home/travis/build/icyphy/ptII/ptolemy/actor/lib/test/auto/functionsOnArcsHOF.xml (RunModel)" time="0.033" />
  <testcase classname="ptolemy.util.test.junit.AutoTests" name="[454] /home/travis/build/icyphy/ptII/ptolemy/actor/lib/test/auto/logic.xml (RunModel)" time="0.016" />
  <testcase classname="ptolemy.util.test.junit.AutoTests" name="[455] /home/travis/build/icyphy/ptII/ptolemy/actor/lib/test/auto/matrixType.xml (RunModel)" time="0.007" />
  <testcase classname="ptolemy.util.test.junit.AutoTests" name="[456] /home/travis/build/icyphy/ptII/ptolemy/actor/lib/test/auto/matrixType10.xml (RunModel)" time="0.007" />
  <testcase classname="ptolemy.util.test.junit.AutoTests" name="[457] /home/travis/build/icyphy/ptII/ptolemy/actor/lib/test/auto/matrixType11.xml (RunModel)" time="0.007" />
  <testcase classname="ptolemy.util.test.junit.AutoTests" name="[458] /home/travis/build/icyphy/ptII/ptolemy/actor/lib/test/auto/matrixType12.xml (RunModel)" time="0.009" />
  <testcase classname="ptolemy.util.test.junit.AutoTests" name="[459] /home/travis/build/icyphy/ptII/ptolemy/actor/lib/test/auto/matrixType13.xml (RunModel)" time="0.007" />
  <testcase classname="ptolemy.util.test.junit.AutoTests" name="[460] /home/travis/build/icyphy/ptII/ptolemy/actor/lib/test/auto/matrixType14.xml (RunModel)" time="0.008" />
  <testcase classname="ptolemy.util.test.junit.AutoTests" name="[461] /home/travis/build/icyphy/ptII/ptolemy/actor/lib/test/auto/matrixType2.xml (RunModel)" time="0.007" />
  <testcase classname="ptolemy.util.test.junit.AutoTests" name="[462] /home/travis/build/icyphy/ptII/ptolemy/actor/lib/test/auto/matrixType3.xml (RunModel)" time="0.009" />
  <testcase classname="ptolemy.util.test.junit.AutoTests" name="[463] /home/travis/build/icyphy/ptII/ptolemy/actor/lib/test/auto/matrixType4.xml (RunModel)" time="0.006" />
  <testcase classname="ptolemy.util.test.junit.AutoTests" name="[464] /home/travis/build/icyphy/ptII/ptolemy/actor/lib/test/auto/matrixType5.xml (RunModel)" time="0.007" />
  <testcase classname="ptolemy.util.test.junit.AutoTests" name="[465] /home/travis/build/icyphy/ptII/ptolemy/actor/lib/test/auto/matrixType6.xml (RunModel)" time="0.007" />
  <testcase classname="ptolemy.util.test.junit.AutoTests" name="[466] /home/travis/build/icyphy/ptII/ptolemy/actor/lib/test/auto/matrixType7.xml (RunModel)" time="0.007" />
  <testcase classname="ptolemy.util.test.junit.AutoTests" name="[467] /home/travis/build/icyphy/ptII/ptolemy/actor/lib/test/auto/matrixType8.xml (RunModel)" time="0.007" />
  <testcase classname="ptolemy.util.test.junit.AutoTests" name="[468] /home/travis/build/icyphy/ptII/ptolemy/actor/lib/test/auto/matrixType9.xml (RunModel)" time="0.007" />
  <testcase classname="ptolemy.util.test.junit.AutoTests" name="[469] /home/travis/build/icyphy/ptII/ptolemy/actor/lib/test/auto/paraFunctest.xml (RunModel)" time="0.005" />
  <testcase classname="ptolemy.util.test.junit.AutoTests" name="[470] /home/travis/build/icyphy/ptII/ptolemy/actor/lib/test/auto/paraFunctest2.xml (RunModel)" time="0.007" />
  <testcase classname="ptolemy.util.test.junit.AutoTests" name="[471] /home/travis/build/icyphy/ptII/ptolemy/actor/lib/test/auto/parameterPassing.xml (RunModel)" time="0.009" />
  <testcase classname="ptolemy.util.test.junit.AutoTests" name="[472] /home/travis/build/icyphy/ptII/ptolemy/actor/lib/test/auto/record.xml (RunModel)" time="0.007" />
  <testcase classname="ptolemy.util.test.junit.AutoTests" name="[473] /home/travis/build/icyphy/ptII/ptolemy/actor/lib/test/auto/sizedarray1.xml (RunModel)" time="0.007" />
  <testcase classname="ptolemy.util.test.junit.AutoTests" name="[474] /home/travis/build/icyphy/ptII/ptolemy/actor/lib/test/auto/sizedarray2.xml (RunModel)" time="0.007" />
  <testcase classname="ptolemy.util.test.junit.AutoTests" name="[475] /home/travis/build/icyphy/ptII/ptolemy/actor/lib/test/auto/twoPublishers.xml (RunModel)" time="0.02" />
  <system-out><![CDATA[/home/travis/build/icyphy/ptII/ptolemy/actor/lib/test/AbsoluteValue.tcl
testDefs.tcl: setting time out to 9000 seconds at Sun Jan 26 06:54:29 UTC 2020
105 ms. Memory: 129024K Free: 93128K (72%)
10 ms. Memory: 129024K Free: 91583K (71%)
4 ms. Memory: 129024K Free: 90551K (70%)
9 ms. Memory: 129024K Free: 90056K (70%)
/home/travis/build/icyphy/ptII/ptolemy/actor/lib/test/AddSubtract.tcl
18 ms. Memory: 129024K Free: 88008K (68%)
18 ms. Memory: 129024K Free: 87487K (68%)
5 ms. Memory: 129024K Free: 86470K (67%)
14 ms. Memory: 129024K Free: 85446K (66%)
55 ms. Memory: 129024K Free: 82888K (64%)
5 ms. Memory: 129024K Free: 81864K (63%)
/home/travis/build/icyphy/ptII/ptolemy/actor/lib/test/Average.tcl
11 ms. Memory: 129024K Free: 80326K (62%)
18 ms. Memory: 129024K Free: 79287K (61%)
/home/travis/build/icyphy/ptII/ptolemy/actor/lib/test/Bernoulli.tcl
8 ms. Memory: 129024K Free: 77768K (60%)
2 ms. Memory: 129024K Free: 77254K (60%)
/home/travis/build/icyphy/ptII/ptolemy/actor/lib/test/Clock.tcl
preinitializing
resolving types
initializing
executing number 1
wrapping up
idle
30 ms. Memory: 129024K Free: 74696K (58%)
Completed execution with 5 iterations
preinitializing
resolving types
initializing
executing number 1
wrapping up
idle
7 ms. Memory: 129024K Free: 73672K (57%)
Completed execution with 5 iterations
preinitializing
resolving types
initializing
executing number 1
wrapping up
idle
7 ms. Memory: 129024K Free: 73151K (57%)
Completed execution with 5 iterations
/home/travis/build/icyphy/ptII/ptolemy/actor/lib/test/Commutator.tcl
5 ms. Memory: 129024K Free: 71095K (55%)
14 ms. Memory: 129024K Free: 70086K (54%)
12 ms. Memory: 129024K Free: 64456K (50%)
/home/travis/build/icyphy/ptII/ptolemy/actor/lib/test/Const.tcl
3 ms. Memory: 129024K Free: 62903K (49%)
2 ms. Memory: 129024K Free: 62408K (48%)
3 ms. Memory: 129024K Free: 61863K (48%)
2 ms. Memory: 129024K Free: 61384K (48%)
2 ms. Memory: 129024K Free: 60870K (47%)
14 ms. Memory: 129024K Free: 58791K (46%)
11 ms. Memory: 129024K Free: 57783K (45%)
11 ms. Memory: 129024K Free: 57288K (44%)
/home/travis/build/icyphy/ptII/ptolemy/actor/lib/test/CurrentTime.tcl
preinitializing
resolving types
initializing
executing number 1
wrapping up
idle
10 ms. Memory: 129024K Free: 55240K (43%)
Completed execution with 11 iterations
/home/travis/build/icyphy/ptII/ptolemy/actor/lib/test/DB.tcl
9 ms. Memory: 129024K Free: 53192K (41%)
3 ms. Memory: 129024K Free: 52168K (40%)
3 ms. Memory: 129024K Free: 52168K (40%)
/home/travis/build/icyphy/ptII/ptolemy/actor/lib/test/DiscreteRandomSource.tcl
preinitializing
resolving types
initializing
executing number 1
wrapping up
idle
8 ms. Memory: 129024K Free: 50615K (39%)
Completed execution with 4 iterations
preinitializing
resolving types
initializing
executing number 1
wrapping up
idle
4 ms. Memory: 129024K Free: 50120K (39%)
Completed execution with 4 iterations
preinitializing
resolving types
initializing
executing number 1
wrapping up
idle
6 ms. Memory: 129024K Free: 49599K (38%)
Completed execution with 4 iterations
preinitializing
resolving types
initializing
executing number 1
wrapping up
idle
7 ms. Memory: 129024K Free: 49096K (38%)
Completed execution with 4 iterations
preinitializing
resolving types
initializing
executing number 1
wrapping up
idle
3 ms. Memory: 129024K Free: 48567K (38%)
Completed execution with 4 iterations
/home/travis/build/icyphy/ptII/ptolemy/actor/lib/test/Distributor.tcl
23 ms. Memory: 129024K Free: 113422K (88%)
9 ms. Memory: 129024K Free: 112917K (88%)
StreamChangeRequest.changeExecuted(): <deleteEntity name="rec2"/> succeeded
StreamChangeRequest.changeExecuted(): <deleteRelation name="r2"/> succeeded
StreamChangeRequest.changeExecuted(): Record firings per iteration succeeded
13 ms. Memory: 129024K Free: 110429K (86%)
/home/travis/build/icyphy/ptII/ptolemy/actor/lib/test/Exit.tcl
Exit.tcl: this will print a message about Manager.exitAfterWrapup, which can be ignored.
5 ms. Memory: 129024K Free: 107332K (83%)
/home/travis/build/icyphy/ptII/ptolemy/actor/lib/test/Expression.tcl
14 ms. Memory: 129024K Free: 103739K (80%)
5 ms. Memory: 129024K Free: 103259K (80%)
3 ms. Memory: 129024K Free: 102677K (80%)
preinitializing
resolving types
initializing
executing number 1
wrapping up
idle
8 ms. Memory: 129024K Free: 101189K (78%)
Completed execution with 6 iterations
7 ms. Memory: 129024K Free: 100203K (78%)
5 ms. Memory: 129024K Free: 99629K (77%)
9 ms. Memory: 129024K Free: 98133K (76%)
6 ms. Memory: 129024K Free: 97085K (75%)
8 ms. Memory: 129024K Free: 96014K (74%)
/home/travis/build/icyphy/ptII/ptolemy/actor/lib/test/Gaussian.tcl
5 ms. Memory: 129024K Free: 94029K (73%)
sleeping 1 seconds: ........................................................................................................................................................................................................................................................................................................................................................................................................................................................................................................................................................................................................................................................................................................................................................................................................................................................................................................................................................................................................................................................................................................................................................................................................................................................................................................................................................................................................................................................................................................................................................................................................................................................................................................................................................................................................................................................................................................................................................................................................................................................................................................................................................................................................................................................................................................................................................................................................................................................................................................................................................................................................................................................................................................................................................................................................................................................................................................................................................................................................................................................................................................................................................................................................................................................................................................................................................................................................................................................................................................................................................................................................................................................................................................................................................................................................................................................................................................................................................................................................................................................................................................................................................................................................................................................................................................................................................................................................................................................................................................................................................................................................................................................................................................................................................................................................................................................................................................................................................................................................................................................................................................................................................................................................................................................................................................................................................................................................................................................................................................................................................................................................................................................................................................................................................................................................................................................................................................................................................................................................................................................................................................................................................................................................................................................................................................................................................................................................................................................................................................................................................................................................................................................................................................................................................................................................................................................................................................................................................................................................................................................................................................................................................................................................................................................................................................................................................................................................................................................................................................................................................................................................................................................................................................................................................................................................................................................................................................................................................................................................................................................................................................................................................................................................................................................................................................................................................................................................................................................................................................................................................................................................................................................................................................................................................................................................................................................................................................................................................................................................................................................................................................................................................................................................................................................................................................................................................................................................................................................................................................................................................................................................................................................................................................................................................................................................................................................................................................................................................................................................................................................................................................................................................................................................................................................................................................................................................................................................................................................................................................................................................................................................................................................................................................................................................................................................................................................................................................................................................................................................................................................................................................................................................................................................................................................................................................................................................................................................................................................................................................................................................................................................................................................................................................................................................................................................................................................................................................................................................................................................................................................................................................................................................................................................................................................................................................................................................................................................................................................................................................................................................................................................................................................................................................................................................................................................................................................................................................................................................................................................................................................................................................................................................................................................................................................................................................................................................................................................................................................................................................................................................................................................................................................................................................................................................................................................................................................................................................................................................................................................................................................................................................................................................................................................................................................................................................................................................................................................................................................................................................................................................................................................................................................................................................................................................................................................................................................................................................................................................................................................................................................................................................................................................................................................................................................................................................................................................................................................................................................................................................................................................................................................................................................................................................................................................................................................................................................................................................................................................................................................................................................................................................................................................................................................................................................................................................................................................................................................................................................................................................................................................................................................................................................................................................................................................................................................................................................................................................................................................................................................................................................................................................................................................................................................................................................................................................................................................................................................................................................................................................................................................................................................................................................................................................................................................................................................................................................................................................................................................................................................................................................................................................................................................................................................................................................................................................................................................................................................................................................................................................................................................................................................................................................................................................................................................................................................................................................................................................................................................................................................................................................................................................................................................................................................................................................................................................................................................................................................................................................................................................................................................................................................................................................................................................................................................................................................................................................................................................................................................................................................................................................................................................................................................................................................................................................................................................................................................................................................................................................................................................................................................................................................................................................................................................................................................................................................................................................................................................................................................................................................................................................................................................................................................................................................................................................................................................................................................................................................................................................................................................................................................................................................................................................................................................................................................................................................................................................................................................................................................................................................................................................................................................................................................................................................................................................................................................................................................................................................................................................................................................................................................................................................................................................................................................................................................................................................................................................................................................................................................................................................................................................................................................................................................................................................................................................................................................................................................................................................................................................................................................................................................................................................................................................................................................................................................................................................................................................................................................................................................................................................................................................................................................................................................................................................................................................................................................................................................................................................................................................................................................................................................................................................................................................................................................................................................................................................................................................................................................................................................................................................................................................................................................................................................................................................................................................................................................................................................................................................................................................................................................................................................................................................................................................................................................................................................................................................................................................................................................................................................................................................................................................................................................................................................................................................................................................................................................................................................................................................................................................................................................................................................................................................................................................................................................................................................................................................................................................................................................................................................................................................................................................................................................................................................................................................................................................................................................................................................................................................................................................................................................................................................................................................................................................................................................................................................................................................................................................................................................................................................................................................................................................................................................................................................................................................................................................................................................................................................................................................................................................................................................................................................................................................................................................................................................................................................................................................................................................................................................................................................................................................................................................................................................................................................................................................................................................................................................................................................................................................................................................................................................................................................................................................................................................................................................................................................................................................................................................................................................................................................................................................................................................................................................................................................................................................................................................................................................................................................................................................................................................................................................................................................................................................................................................................................................................................................................................................................................................................2 ms. Memory: 129024K Free: 75457K (58%)
1 ms. Memory: 129024K Free: 74447K (58%)
1 ms. Memory: 129024K Free: 73937K (57%)
1 ms. Memory: 129024K Free: 73409K (57%)
1 ms. Memory: 129024K Free: 72913K (57%)
/home/travis/build/icyphy/ptII/ptolemy/actor/lib/test/IIR.tcl
/home/travis/build/icyphy/ptII/ptolemy/actor/lib/test/Interpolator.tcl
2 ms. Memory: 129024K Free: 68817K (53%)
1 ms. Memory: 129024K Free: 68303K (53%)
2 ms. Memory: 129024K Free: 67793K (53%)
1 ms. Memory: 129024K Free: 67265K (52%)
4 ms. Memory: 129024K Free: 66241K (51%)
1 ms. Memory: 129024K Free: 65745K (51%)
1 ms. Memory: 129024K Free: 64721K (50%)
9 ms. Memory: 129024K Free: 63697K (49%)
2 ms. Memory: 129024K Free: 62673K (49%)
1 ms. Memory: 129024K Free: 62145K (48%)
/home/travis/build/icyphy/ptII/ptolemy/actor/lib/test/MathFunction.tcl
4 ms. Memory: 129024K Free: 60097K (47%)
2 ms. Memory: 129024K Free: 58577K (45%)
1 ms. Memory: 129024K Free: 57553K (45%)
10 ms. Memory: 129024K Free: 57025K (44%)
2 ms. Memory: 129024K Free: 55505K (43%)
4 ms. Memory: 129024K Free: 111541K (86%)
/home/travis/build/icyphy/ptII/ptolemy/actor/lib/test/Maximum.tcl
3 ms. Memory: 129024K Free: 109493K (85%)
1 ms. Memory: 129024K Free: 108979K (84%)
1 ms. Memory: 129024K Free: 108469K (84%)
2 ms. Memory: 129024K Free: 107941K (84%)
/home/travis/build/icyphy/ptII/ptolemy/actor/lib/test/Minimum.tcl
3 ms. Memory: 129024K Free: 105907K (82%)
1 ms. Memory: 129024K Free: 105397K (82%)
2 ms. Memory: 129024K Free: 104869K (81%)
1 ms. Memory: 129024K Free: 103859K (80%)
/home/travis/build/icyphy/ptII/ptolemy/actor/lib/test/MultiplyDivide.tcl
3 ms. Memory: 129024K Free: 102325K (79%)
2 ms. Memory: 129024K Free: 101301K (79%)
2 ms. Memory: 129024K Free: 100773K (78%)
3 ms. Memory: 129024K Free: 99733K (77%)
2 ms. Memory: 129024K Free: 99253K (77%)
/home/travis/build/icyphy/ptII/ptolemy/actor/lib/test/OrderedMerge.tcl
Connections changed on port: inputA
Connections changed on port: inputB
Connections changed on port: output
Connections changed on port: output
Connections changed on port: output
Connections changed on port: input
.top. Preinitializing ...
Invoking preinitialize():  .top.OrderedMerge
Called preinitialize()
Invoking preinitialize():  .top.Ramp
Called preinitialize()
Invoking preinitialize():  .top.Ramp2
Called preinitialize()
Invoking preinitialize():  .top.Test
Called preinitialize()
Connections changed on port: inputA
Connections changed on port: output
Connections changed on port: output
Connections changed on port: input
Connections changed on port: inputB
Connections changed on port: output
.top. Finished preinitialize().
Called initialize().
Invoking initialize():  .top.OrderedMerge
Initializing actor: .top.OrderedMerge
Adding a thread: .top.OrderedMerge
Invoking initialize():  .top.Ramp
Initializing actor: .top.Ramp
Adding a thread: .top.Ramp
Invoking initialize():  .top.Ramp2
Initializing actor: .top.Ramp2
Adding a thread: .top.Ramp2
Invoking initialize():  .top.Test
Initializing actor: .top.Test
Adding a thread: .top.Test
Called fire().
Checking for deadlock:
-- Starting thread.
Called initialize()
Called prefire()
Called fire()
-- Starting thread.
Called initialize()
Called prefire()
Called fire()
-- Starting thread.
Called initialize()
-- Starting thread.
Called initialize()
Called prefire()
Called fire()
Called prefire()
Called fire()
There are 0 Blocked actors, 0 Stopped actors, and 4 active threads.
Waiting for actors to stop.
Checking for deadlock:
There are 1 Blocked actors, 0 Stopped actors, and 4 active threads.
Waiting for actors to stop.
Called postfire()
Called prefire()
Called fire()
Called postfire()
Called prefire()
Called fire()
Called postfire()
Called prefire()
Read input token from inputA with value 0.0
Next port to read input from is inputB
Called postfire()
Called prefire()
Called fire()
Checking for deadlock:
Called fire()
There are 2 Blocked actors, 0 Stopped actors, and 4 active threads.
Waiting for actors to stop.
Called postfire()
Read input token from inputB with value 0.0
Called prefire()
Called fire()
Sent output token with value 0.0
Next port to read input from is inputA
Called postfire()
Called prefire()
Called fire()
Read input token from inputA with value 1.0
Checking for deadlock:
There are 2 Blocked actors, 0 Stopped actors, and 4 active threads.
Waiting for actors to stop.
-- Read input: 0.0, which is expected to match: 0.0
Called prefire()
Called fire()
Called postfire()
Called prefire()
Called fire()
Checking for deadlock:
There are 3 Blocked actors, 0 Stopped actors, and 4 active threads.
Waiting for actors to stop.
Sent output token with value 0.0
Next port to read input from is inputB
Called postfire()
Called prefire()
Called fire()
Read input token from inputB with value 1.5
Called postfire()
-- Read input: 0.0, which is expected to match: 0.0
Called prefire()
Called fire()
Called prefire()
Called fire()
Checking for deadlock:
There are 3 Blocked actors, 0 Stopped actors, and 4 active threads.
Waiting for actors to stop.
Sent output token with value 1.0
Next port to read input from is inputA
Called postfire()
Called prefire()
Called fire()
Read input token from inputA with value 2.0
-- Read input: 1.0, which is expected to match: 1.0
Called prefire()
Called fire()
Called postfire()
Called prefire()
Called fire()
Checking for deadlock:
There are 3 Blocked actors, 0 Stopped actors, and 4 active threads.
Waiting for actors to stop.
Sent output token with value 1.5
Next port to read input from is inputB
Called postfire()
Called prefire()
Called fire()
Read input token from inputB with value 3.0
-- Read input: 1.5, which is expected to match: 1.5
Called prefire()
Called fire()
Checking for deadlock:
There are 2 Blocked actors, 0 Stopped actors, and 4 active threads.
Waiting for actors to stop.
Called postfire()
Called prefire()
Called fire()
Sent output token with value 2.0
Next port to read input from is inputA
Called postfire()
Called prefire()
Called fire()
Read input token from inputA with value 3.0
-- Read input: 2.0, which is expected to match: 2.0
Called postfire()
Called prefire()
Called prefire()
Checking for deadlock:
Called fire()
Called fire()
There are 1 Blocked actors, 0 Stopped actors, and 4 active threads.
Waiting for actors to stop.
Sent output token with value 3.0
Next port to read input from is inputB
Called postfire()
Called prefire()
Called fire()
Read input token from inputB with value 4.5
Checking for deadlock:
There are 2 Blocked actors, 0 Stopped actors, and 4 active threads.
Waiting for actors to stop.
Called postfire()
Called prefire()
Called fire()
-- Read input: 3.0, which is expected to match: 3.0
Called prefire()
Called fire()
Sent output token with value 3.0
Next port to read input from is inputA
Called postfire()
Called prefire()
Called fire()
Read input token from inputA with value 4.0
Called postfire()
Called prefire()
Called fire()
Checking for deadlock:
There are 3 Blocked actors, 0 Stopped actors, and 4 active threads.
Waiting for actors to stop.
-- Read input: 3.0, which is expected to match: 3.0
Called prefire()
Called fire()
Sent output token with value 4.0
Next port to read input from is inputA
Called postfire()
Called prefire()
Called fire()
Read input token from inputA with value 5.0
Checking for deadlock:
There are 2 Blocked actors, 0 Stopped actors, and 4 active threads.
Waiting for actors to stop.
-- Read input: 4.0, which is expected to match: 4.0
Called prefire()
Called fire()
Past the end of training data. Read and discard all inputs.
Called postfire()
Called prefire()
Called fire()
Checking for deadlock:
There are 3 Blocked actors, 0 Stopped actors, and 4 active threads.
Waiting for actors to stop.
Called prefire()
Checking for deadlock:
Sent output token with value 4.5
Called fire()
Past the end of training data. Read and discard all inputs.
Next port to read input from is inputB
Called postfire()
Called prefire()
Called fire()
There are 2 Blocked actors, 0 Stopped actors, and 4 active threads.
Waiting for actors to stop.
Read input token from inputB with value 6.0
Sent output token with value 5.0
Next port to read input from is inputA
Called postfire()
Called prefire()
Called fire()
Read input token from inputA with value 6.0
Called postfire()
Called prefire()
Called fire()
Checking for deadlock:
There are 2 Blocked actors, 0 Stopped actors, and 4 active threads.
Waiting for actors to stop.
Called postfire()
Called prefire()
Called fire()
Called prefire()
Called fire()
Past the end of training data. Read and discard all inputs.
Sent output token with value 6.0
Called prefire()
Called fire()
Past the end of training data. Read and discard all inputs.
Next port to read input from is inputB
Called postfire()
Called prefire()
Called fire()
Read input token from inputB with value 7.5
Sent output token with value 6.0
Next port to read input from is inputA
Called postfire()
Called prefire()
Called fire()
Read input token from inputA with value 7.0
Checking for deadlock:
There are 1 Blocked actors, 0 Stopped actors, and 4 active threads.
Waiting for actors to stop.
Called postfire()
Called prefire()
Checking for deadlock:
Called prefire()
Called fire()
Called fire()
Past the end of training data. Read and discard all inputs.
There are 0 Blocked actors, 0 Stopped actors, and 4 active threads.
Waiting for actors to stop.
Called postfire()
Called prefire()
Called fire()
Sent output token with value 7.0
Next port to read input from is inputA
Called postfire()
Called prefire()
Called fire()
Read input token from inputA with value 8.0
Checking for deadlock:
There are 2 Blocked actors, 0 Stopped actors, and 4 active threads.
Waiting for actors to stop.
Called prefire()
Called fire()
-- Thread wrapup() called.
Called wrapup()
Past the end of training data. Read and discard all inputs.
Thread .top.Ramp is exiting.
-- Thread stopped.
Checking for deadlock:
There are 1 Blocked actors, 0 Stopped actors, and 3 active threads.
Waiting for actors to stop.
Checking for deadlock:
There are 2 Blocked actors, 0 Stopped actors, and 3 active threads.
Waiting for actors to stop.
Sent output token with value 7.5
Called prefire()
Checking for deadlock:
Next port to read input from is inputB
Called postfire()
Called prefire()
Called fire()
There are 1 Blocked actors, 0 Stopped actors, and 3 active threads.
Waiting for actors to stop.
Read input token from inputB with value 9.0
Called postfire()
Called prefire()
Sent output token with value 8.0
Called fire()
Next port to read input from is inputA
Called postfire()
Called prefire()
Called fire()
Read input token from inputA with value 9.0
Checking for deadlock:
There are 2 Blocked actors, 0 Stopped actors, and 3 active threads.
Waiting for actors to stop.
Called fire()
Past the end of training data. Read and discard all inputs.
Sent output token with value 9.0
Next port to read input from is inputB
Called postfire()
Called prefire()
Called fire()
Read input token from inputB with value 10.5
Checking for deadlock:
There are 1 Blocked actors, 0 Stopped actors, and 3 active threads.
Waiting for actors to stop.
Called prefire()
Called postfire()
Called prefire()
Called fire()
Checking for deadlock:
There are 2 Blocked actors, 0 Stopped actors, and 3 active threads.
Waiting for actors to stop.
Called fire()
Past the end of training data. Read and discard all inputs.
Checking for deadlock:
There are 1 Blocked actors, 0 Stopped actors, and 3 active threads.
Waiting for actors to stop.
Sent output token with value 9.0
Next port to read input from is inputA
Called postfire()
Called prefire()
Called fire()
Checking for deadlock:
Called prefire()
There are 2 Blocked actors, 0 Stopped actors, and 3 active threads.
Waiting for actors to stop.
Called fire()
Past the end of training data. Read and discard all inputs.
Called prefire()
Called fire()
Past the end of training data. Read and discard all inputs.
Checking for deadlock:
There are 3 Blocked actors, 0 Stopped actors, and 3 active threads.
Actors have stopped.
Checking for deadlock:
There are 3 Blocked actors, 0 Stopped actors, and 3 active threads.
Deadlock detected.
Resolving Deadlock
Checking for deadlock:
There are 3 Blocked actors, 0 Stopped actors, and 3 active threads.
Artificial Deadlock - increasing queue capacity.
increasing the capacity of receiver ptolemy.actor.TypedIOPort {.top.OrderedMerge.inputB} to 2
Director: Called postfire().
Called postfire().
_stopRequested = false
_stopFireRequested = false
Returning from postfire(): true
Called fire().
Checking for deadlock:
There are 2 Blocked actors, 0 Stopped actors, and 3 active threads.
Waiting for actors to stop.
-- Thread wrapup() called.
Called wrapup()
Thread .top.Ramp2 is exiting.
-- Thread stopped.
Checking for deadlock:
There are 2 Blocked actors, 0 Stopped actors, and 2 active threads.
Actors have stopped.
Checking for deadlock:
There are 2 Blocked actors, 0 Stopped actors, and 2 active threads.
Deadlock detected.
Resolving Deadlock
Checking for deadlock:
There are 2 Blocked actors, 0 Stopped actors, and 2 active threads.
Deadlock detected: no processes blocked on write, but some are blocked on read.
Called postfire().
_stopRequested = false
_stopFireRequested = false
Returning from postfire(): false
Finished deactivating branches.
Called wrapup().
-- Thread wrapup() called.
Called wrapup()
-- Thread wrapup() called.
Called wrapup()
Thread .top.OrderedMerge is exiting.
-- Thread stopped.
-- Blocked Receiver call threw TerminateProcessException.
Thread .top.Test is exiting.
-- Thread stopped.
-- Blocked Receiver call threw TerminateProcessException.
72 ms. Memory: 129024K Free: 94133K (73%)
.top. Preinitializing ...
Invoking preinitialize():  .top.OrderedMerge
Called preinitialize()
Invoking preinitialize():  .top.Ramp
Called preinitialize()
Invoking preinitialize():  .top.Ramp2
Called preinitialize()
Invoking preinitialize():  .top.Test
Called preinitialize()
.top. Finished preinitialize().
Called initialize().
Invoking initialize():  .top.OrderedMerge
Initializing actor: .top.OrderedMerge
Adding a thread: .top.OrderedMerge
Invoking initialize():  .top.Ramp
Initializing actor: .top.Ramp
Adding a thread: .top.Ramp
Invoking initialize():  .top.Ramp2
Initializing actor: .top.Ramp2
Adding a thread: .top.Ramp2
Invoking initialize():  .top.Test
Initializing actor: .top.Test
Adding a thread: .top.Test
-- Starting thread.
Called initialize()
Called prefire()
Called fire()
-- Starting thread.
Called initialize()
Called prefire()
Called fire()
Called postfire()
Called prefire()
Called fire()
Called fire().
Checking for deadlock:
There are 2 Blocked actors, 0 Stopped actors, and 4 active threads.
Waiting for actors to stop.
-- Starting thread.
-- Starting thread.
Called initialize()
Called initialize()
Called prefire()
Called fire()
Checking for deadlock:
There are 3 Blocked actors, 0 Stopped actors, and 4 active threads.
Waiting for actors to stop.
Called prefire()
Called fire()
Called postfire()
Called prefire()
Checking for deadlock:
There are 2 Blocked actors, 0 Stopped actors, and 4 active threads.
Waiting for actors to stop.
Read input token from inputA with value 0.0
Next port to read input from is inputB
Called postfire()
Called prefire()
Called fire()
Checking for deadlock:
There are 1 Blocked actors, 0 Stopped actors, and 4 active threads.
Waiting for actors to stop.
Called postfire()
Called prefire()
Called fire()
Read input token from inputB with value 0.0
Checking for deadlock:
There are 2 Blocked actors, 0 Stopped actors, and 4 active threads.
Waiting for actors to stop.
Checking for deadlock:
There are 1 Blocked actors, 0 Stopped actors, and 4 active threads.
Waiting for actors to stop.
Sent output token with value 0.0
-- Read input: 0.0, which is expected to match: 0.0
Called prefire()
Called fire()
Called fire()
Called postfire()
Called prefire()
Called fire()
Checking for deadlock:
There are 3 Blocked actors, 0 Stopped actors, and 4 active threads.
Waiting for actors to stop.
Next port to read input from is inputA
Called postfire()
Called prefire()
Called fire()
Checking for deadlock:
Called postfire()
Called prefire()
Called fire()
There are 2 Blocked actors, 0 Stopped actors, and 4 active threads.
Waiting for actors to stop.
Read input token from inputA with value 1.0
Checking for deadlock:
There are 3 Blocked actors, 0 Stopped actors, and 4 active threads.
Waiting for actors to stop.
Checking for deadlock:
There are 2 Blocked actors, 0 Stopped actors, and 4 active threads.
Waiting for actors to stop.
Sent output token with value 0.0
-- Read input: 0.0, which is expected to match: 0.0
Called prefire()
Called fire()
Next port to read input from is inputB
Called postfire()
Called prefire()
Called fire()
Called postfire()
Called prefire()
Called fire()
Checking for deadlock:
There are 3 Blocked actors, 0 Stopped actors, and 4 active threads.
Waiting for actors to stop.
Read input token from inputB with value 1.5
Checking for deadlock:
There are 2 Blocked actors, 0 Stopped actors, and 4 active threads.
Waiting for actors to stop.
-- Read input: 1.0, which is expected to match: 1.0
Sent output token with value 1.0
Called prefire()
Called fire()
Next port to read input from is inputA
Called postfire()
Called prefire()
Called fire()
Checking for deadlock:
There are 2 Blocked actors, 0 Stopped actors, and 4 active threads.
Waiting for actors to stop.
Called postfire()
Read input token from inputA with value 2.0
Called prefire()
Called fire()
Checking for deadlock:
There are 1 Blocked actors, 0 Stopped actors, and 4 active threads.
Waiting for actors to stop.
Checking for deadlock:
There are 2 Blocked actors, 0 Stopped actors, and 4 active threads.
Waiting for actors to stop.
-- Read input: 1.5, which is expected to match: 1.5
Sent output token with value 1.5
Called prefire()
Called fire()
Checking for deadlock:
There are 3 Blocked actors, 0 Stopped actors, and 4 active threads.
Waiting for actors to stop.
Next port to read input from is inputB
Called postfire()
Called prefire()
Called fire()
Called postfire()
Called prefire()
Called fire()
Checking for deadlock:
There are 3 Blocked actors, 0 Stopped actors, and 4 active threads.
Waiting for actors to stop.
Read input token from inputB with value 3.0
Checking for deadlock:
There are 2 Blocked actors, 0 Stopped actors, and 4 active threads.
Waiting for actors to stop.
Sent output token with value 2.0
-- Read input: 2.0, which is expected to match: 2.0
Called prefire()
Called fire()
Next port to read input from is inputA
Called postfire()
Called prefire()
Called fire()
Checking for deadlock:
There are 3 Blocked actors, 0 Stopped actors, and 4 active threads.
Waiting for actors to stop.
Checking for deadlock:
Called postfire()
Called prefire()
There are 2 Blocked actors, 0 Stopped actors, and 4 active threads.
Waiting for actors to stop.
Called fire()
Checking for deadlock:
There are 3 Blocked actors, 0 Stopped actors, and 4 active threads.
Waiting for actors to stop.
Read input token from inputA with value 3.0
Checking for deadlock:
There are 2 Blocked actors, 0 Stopped actors, and 4 active threads.
Waiting for actors to stop.
Sent output token with value 3.0
-- Read input: 3.0, which is expected to match: 3.0
Called prefire()
Next port to read input from is inputB
Called postfire()
Called fire()
Called prefire()
Called fire()
Checking for deadlock:
There are 2 Blocked actors, 0 Stopped actors, and 4 active threads.
Waiting for actors to stop.
Called postfire()
Called prefire()
Called fire()
Checking for deadlock:
There are 3 Blocked actors, 0 Stopped actors, and 4 active threads.
Waiting for actors to stop.
Read input token from inputB with value 4.5
Checking for deadlock:
There are 2 Blocked actors, 0 Stopped actors, and 4 active threads.
Waiting for actors to stop.
Sent output token with value 3.0
-- Read input: 3.0, which is expected to match: 3.0
Next port to read input from is inputA
Called postfire()
Called prefire()
Called fire()
Checking for deadlock:
There are 3 Blocked actors, 0 Stopped actors, and 4 active threads.
Waiting for actors to stop.
Called prefire()
Called fire()
Checking for deadlock:
There are 2 Blocked actors, 0 Stopped actors, and 4 active threads.
Waiting for actors to stop.
Read input token from inputA with value 4.0
Called postfire()
Called prefire()
Called fire()
Sent output token with value 4.0
Checking for deadlock:
-- Read input: 4.0, which is expected to match: 4.0
There are 2 Blocked actors, 0 Stopped actors, and 4 active threads.
Called prefire()
Called fire()
Waiting for actors to stop.
Past the end of training data. Read and discard all inputs.
Next port to read input from is inputA
Called postfire()
Checking for deadlock:
There are 3 Blocked actors, 0 Stopped actors, and 4 active threads.
Waiting for actors to stop.
Called prefire()
Called fire()
Called postfire()
Called prefire()
Checking for deadlock:
Called fire()
There are 2 Blocked actors, 0 Stopped actors, and 4 active threads.
Waiting for actors to stop.
Read input token from inputA with value 5.0
Checking for deadlock:
There are 3 Blocked actors, 0 Stopped actors, and 4 active threads.
Waiting for actors to stop.
Checking for deadlock:
There are 2 Blocked actors, 0 Stopped actors, and 4 active threads.
Waiting for actors to stop.
Called prefire()
Called fire()
Sent output token with value 4.5
Past the end of training data. Read and discard all inputs.
Next port to read input from is inputB
Checking for deadlock:
There are 3 Blocked actors, 0 Stopped actors, and 4 active threads.
Waiting for actors to stop.
Called postfire()
Called prefire()
Called fire()
Checking for deadlock:
There are 2 Blocked actors, 0 Stopped actors, and 4 active threads.
Waiting for actors to stop.
Called postfire()
Called prefire()
Called fire()
Read input token from inputB with value 6.0
Checking for deadlock:
There are 3 Blocked actors, 0 Stopped actors, and 4 active threads.
Waiting for actors to stop.
Checking for deadlock:
There are 2 Blocked actors, 0 Stopped actors, and 4 active threads.
Waiting for actors to stop.
Called prefire()
Called fire()
Sent output token with value 5.0
Past the end of training data. Read and discard all inputs.
Checking for deadlock:
There are 3 Blocked actors, 0 Stopped actors, and 4 active threads.
Waiting for actors to stop.
Next port to read input from is inputA
Called postfire()
Called prefire()
Called fire()
Checking for deadlock:
There are 2 Blocked actors, 0 Stopped actors, and 4 active threads.
Waiting for actors to stop.
Called postfire()
Called prefire()
Called fire()
Read input token from inputA with value 6.0
Checking for deadlock:
There are 2 Blocked actors, 0 Stopped actors, and 4 active threads.
Waiting for actors to stop.
Called prefire()
Called fire()
Past the end of training data. Read and discard all inputs.
Checking for deadlock:
There are 3 Blocked actors, 0 Stopped actors, and 4 active threads.
Waiting for actors to stop.
Sent output token with value 6.0
Next port to read input from is inputB
Called postfire()
Called prefire()
Called fire()
Called postfire()
Called prefire()
Called fire()
Checking for deadlock:
There are 3 Blocked actors, 0 Stopped actors, and 4 active threads.
Waiting for actors to stop.
Read input token from inputB with value 7.5
Checking for deadlock:
There are 2 Blocked actors, 0 Stopped actors, and 4 active threads.
Waiting for actors to stop.
Sent output token with value 6.0
Called prefire()
Called fire()
Past the end of training data. Read and discard all inputs.
Next port to read input from is inputA
Called postfire()
Checking for deadlock:
There are 3 Blocked actors, 0 Stopped actors, and 4 active threads.
Waiting for actors to stop.
Called prefire()
Called fire()
Checking for deadlock:
There are 2 Blocked actors, 0 Stopped actors, and 4 active threads.
Waiting for actors to stop.
Called postfire()
Called prefire()
Called fire()
Read input token from inputA with value 7.0
Checking for deadlock:
There are 3 Blocked actors, 0 Stopped actors, and 4 active threads.
Waiting for actors to stop.
Checking for deadlock:
There are 2 Blocked actors, 0 Stopped actors, and 4 active threads.
Waiting for actors to stop.
Sent output token with value 7.0
Called prefire()
Called fire()
Next port to read input from is inputA
Called postfire()
Past the end of training data. Read and discard all inputs.
Called prefire()
Called fire()
Checking for deadlock:
There are 3 Blocked actors, 0 Stopped actors, and 4 active threads.
Waiting for actors to stop.
Checking for deadlock:
-- Thread wrapup() called.
Called wrapup()
There are 2 Blocked actors, 0 Stopped actors, and 4 active threads.
Waiting for actors to stop.
Read input token from inputA with value 8.0
Thread .top.Ramp is exiting.
-- Thread stopped.
Sent output token with value 7.5
Next port to read input from is inputB
Called postfire()
Called prefire()
Called fire()
Checking for deadlock:
Called prefire()
There are 0 Blocked actors, 0 Stopped actors, and 3 active threads.
Called fire()
Waiting for actors to stop.
Past the end of training data. Read and discard all inputs.
Called postfire()
Checking for deadlock:
Called prefire()
There are 1 Blocked actors, 0 Stopped actors, and 3 active threads.
Called fire()
Waiting for actors to stop.
Read input token from inputB with value 9.0
Checking for deadlock:
There are 2 Blocked actors, 0 Stopped actors, and 3 active threads.
Waiting for actors to stop.
Checking for deadlock:
There are 1 Blocked actors, 0 Stopped actors, and 3 active threads.
Waiting for actors to stop.
Called prefire()
Called fire()
Past the end of training data. Read and discard all inputs.
Checking for deadlock:
Sent output token with value 8.0
There are 2 Blocked actors, 0 Stopped actors, and 3 active threads.
Waiting for actors to stop.
Next port to read input from is inputA
Called postfire()
Called prefire()
Called fire()
Read input token from inputA with value 9.0
Called prefire()
Sent output token with value 9.0
Checking for deadlock:
There are 1 Blocked actors, 0 Stopped actors, and 3 active threads.
Waiting for actors to stop.
Called fire()
Next port to read input from is inputB
Past the end of training data. Read and discard all inputs.
Called postfire()
Called prefire()
Called fire()
Read input token from inputB with value 10.5
Sent output token with value 9.0
Next port to read input from is inputA
Called postfire()
Called prefire()
Called fire()
Called postfire()
Called prefire()
Checking for deadlock:
There are 1 Blocked actors, 0 Stopped actors, and 3 active threads.
Waiting for actors to stop.
Called prefire()
Called fire()
Called fire()
Past the end of training data. Read and discard all inputs.
Checking for deadlock:
There are 3 Blocked actors, 0 Stopped actors, and 3 active threads.
Actors have stopped.
Checking for deadlock:
There are 3 Blocked actors, 0 Stopped actors, and 3 active threads.
Deadlock detected.
Resolving Deadlock
Checking for deadlock:
There are 3 Blocked actors, 0 Stopped actors, and 3 active threads.
Artificial Deadlock - increasing queue capacity.
increasing the capacity of receiver ptolemy.actor.TypedIOPort {.top.OrderedMerge.inputB} to 2
Director: Called postfire().
Called postfire().
_stopRequested = false
_stopFireRequested = false
Returning from postfire(): true
Called fire().
Checking for deadlock:
There are 2 Blocked actors, 0 Stopped actors, and 3 active threads.
Waiting for actors to stop.
-- Thread wrapup() called.
Called wrapup()
Thread .top.Ramp2 is exiting.
-- Thread stopped.
Checking for deadlock:
There are 2 Blocked actors, 0 Stopped actors, and 2 active threads.
Actors have stopped.
Checking for deadlock:
There are 2 Blocked actors, 0 Stopped actors, and 2 active threads.
Deadlock detected.
Resolving Deadlock
Checking for deadlock:
There are 2 Blocked actors, 0 Stopped actors, and 2 active threads.
Deadlock detected: no processes blocked on write, but some are blocked on read.
Called postfire().
_stopRequested = false
_stopFireRequested = false
Returning from postfire(): false
Finished deactivating branches.
Called wrapup().
-- Thread wrapup() called.
Called wrapup()
-- Thread wrapup() called.
Called wrapup()
Thread .top.OrderedMerge is exiting.
-- Thread stopped.
-- Blocked Receiver call threw TerminateProcessException.
Thread .top.Test is exiting.
-- Thread stopped.
-- Blocked Receiver call threw TerminateProcessException.
36 ms. Memory: 129024K Free: 92085K (71%)
/home/travis/build/icyphy/ptII/ptolemy/actor/lib/test/Publisher.tcl
10 ms. Memory: 129024K Free: 85941K (67%)
3 ms. Memory: 129024K Free: 108469K (84%)
2 ms. Memory: 129024K Free: 104869K (81%)
3 ms. Memory: 129024K Free: 103845K (80%)
1 ms. Memory: 129024K Free: 103349K (80%)
11 ms. Memory: 129024K Free: 102325K (79%)
2 ms. Memory: 129024K Free: 101811K (79%)
12 ms. Memory: 129024K Free: 100787K (78%)
16 ms. Memory: 129024K Free: 91061K (71%)
2 ms. Memory: 129024K Free: 86965K (67%)
2 ms. Memory: 129024K Free: 86437K (67%)
3 ms. Memory: 129024K Free: 84403K (65%)
5 ms. Memory: 129024K Free: 76197K (59%)
17 ms. Memory: 129024K Free: 66995K (52%)
5 ms. Memory: 129024K Free: 56245K (44%)
/home/travis/build/icyphy/ptII/ptolemy/actor/lib/test/Pulse.tcl
2 ms. Memory: 155648K Free: 101399K (65%)
13 ms. Memory: 155648K Free: 100361K (64%)
2 ms. Memory: 155648K Free: 99865K (64%)
2 ms. Memory: 155648K Free: 99337K (64%)
1 ms. Memory: 155648K Free: 98841K (64%)
14 ms. Memory: 155648K Free: 97817K (63%)
1 ms. Memory: 155648K Free: 96793K (62%)
1 ms. Memory: 155648K Free: 96273K (62%)
1 ms. Memory: 155648K Free: 95241K (61%)
/home/travis/build/icyphy/ptII/ptolemy/actor/lib/test/Ramp.tcl
2 ms. Memory: 155648K Free: 93721K (60%)
1 ms. Memory: 155648K Free: 92697K (60%)
2 ms. Memory: 155648K Free: 92169K (59%)
1 ms. Memory: 155648K Free: 91145K (59%)
3 ms. Memory: 155648K Free: 90649K (58%)
3 ms. Memory: 155648K Free: 89625K (58%)
4 ms. Memory: 155648K Free: 88601K (57%)
5 actors
4000 microseconds per iteration to create
4 ms. Memory: 155648K Free: 86039K (55%)
1 ms. Memory: 155648K Free: 85529K (55%)
2 ms. Memory: 155648K Free: 84985K (55%)
1 ms. Memory: 155648K Free: 83991K (54%)
50 actors
26000 microseconds per iteration to create
27 ms. Memory: 155648K Free: 133737K (86%)
4 ms. Memory: 155648K Free: 132713K (85%)
4 ms. Memory: 155648K Free: 131689K (85%)
4 ms. Memory: 155648K Free: 130665K (84%)
500 actors
1341000 microseconds per iteration to create
213 ms. Memory: 155648K Free: 104800K (67%)
27 ms. Memory: 155648K Free: 99710K (64%)
25 ms. Memory: 155648K Free: 94080K (60%)
26 ms. Memory: 155648K Free: 88960K (57%)
/home/travis/build/icyphy/ptII/ptolemy/actor/lib/test/RampContinuous.tcl
6 ms. Memory: 155648K Free: 87392K (56%)
/home/travis/build/icyphy/ptII/ptolemy/actor/lib/test/RecordAssembler.tcl
4 ms. Memory: 155648K Free: 85888K (55%)
2 ms. Memory: 155648K Free: 84864K (55%)
/home/travis/build/icyphy/ptII/ptolemy/actor/lib/test/RecordDisassembler.tcl
4 ms. Memory: 155648K Free: 83312K (54%)
2 ms. Memory: 155648K Free: 82302K (53%)
3 ms. Memory: 155648K Free: 81278K (52%)
/home/travis/build/icyphy/ptII/ptolemy/actor/lib/test/Scale.tcl
2 ms. Memory: 155648K Free: 79744K (51%)
1 ms. Memory: 155648K Free: 78720K (51%)
1 ms. Memory: 155648K Free: 78192K (50%)
2 ms. Memory: 155648K Free: 77168K (50%)
3 ms. Memory: 155648K Free: 76128K (49%)
/home/travis/build/icyphy/ptII/ptolemy/actor/lib/test/SequentialClock.tcl
preinitializing
resolving types
initializing
executing number 1
wrapping up
idle
3 ms. Memory: 155648K Free: 75120K (48%)
Completed execution with 5 iterations
preinitializing
resolving types
initializing
executing number 1
wrapping up
idle
1 ms. Memory: 155648K Free: 74624K (48%)
Completed execution with 5 iterations
preinitializing
resolving types
initializing
executing number 1
wrapping up
idle
1 ms. Memory: 155648K Free: 74110K (48%)
Completed execution with 5 iterations
/home/travis/build/icyphy/ptII/ptolemy/actor/lib/test/SetVariable.tcl
3 ms. Memory: 155648K Free: 72032K (46%)
/home/travis/build/icyphy/ptII/ptolemy/actor/lib/test/Sinewave.tcl
/home/travis/build/icyphy/ptII/ptolemy/actor/lib/test/SubscriptionAggregator.tcl
3 ms. Memory: 155648K Free: 60798K (39%)
2 ms. Memory: 155648K Free: 60288K (39%)
1 ms. Memory: 155648K Free: 59774K (38%)
1 ms. Memory: 155648K Free: 59264K (38%)
17 ms. Memory: 187392K Free: 163467K (87%)
8 ms. Memory: 187392K Free: 161466K (86%)
...............................................................854 ms. Memory: 288768K Free: 144469K (50%)
/home/travis/build/icyphy/ptII/ptolemy/actor/lib/test/Test.tcl
 The next command will produce a warning about training mode,
   which may be ignored.
4 ms. Memory: 288768K Free: 142421K (49%)
3 ms. Memory: 288768K Free: 141397K (49%)
2 ms. Memory: 288768K Free: 140869K (49%)
1 ms. Memory: 288768K Free: 140373K (49%)
1 ms. Memory: 288768K Free: 139829K (48%)
3 ms. Memory: 288768K Free: 138325K (48%)
3 ms. Memory: 288768K Free: 137301K (48%)
 The next command will produce a warning about training mode,
   which may be ignored.
4 ms. Memory: 288768K Free: 134739K (47%)
 The next command will produce a warning about training mode,
   which may be ignored.
3 ms. Memory: 288768K Free: 133715K (46%)
1 ms. Memory: 288768K Free: 133205K (46%)
1 ms. Memory: 288768K Free: 132685K (46%)
2 ms. Memory: 288768K Free: 132181K (46%)
8 ms. Memory: 288768K Free: 131157K (45%)
5 ms. Memory: 288768K Free: 127557K (44%)
/home/travis/build/icyphy/ptII/ptolemy/actor/lib/test/TestExceptionHandler.tcl
 The next command will produce a warning about training mode,
   which may be ignored.
2 ms. Memory: 288768K Free: 126037K (44%)
0 ms. Memory: 288768K Free: 125523K (43%)
1 ms. Memory: 288768K Free: 125013K (43%)
/home/travis/build/icyphy/ptII/ptolemy/actor/lib/test/UnionDisassembler.tcl
22 ms. Memory: 288768K Free: 117845K (41%)
/home/travis/build/icyphy/ptII/ptolemy/actor/lib/test/VariableClock.tcl
preinitializing
resolving types
initializing
executing number 1
wrapping up
idle
7 ms. Memory: 288768K Free: 240786K (83%)
Completed execution with 11 iterations
preinitializing
resolving types
initializing
executing number 1
wrapping up
idle
11 ms. Memory: 288768K Free: 239248K (83%)
Completed execution with 10 iterations
01/26/20 06:54:37
Failed: 0  Total Tests: 233  ((Passed: 233, Newly Passed: 0)  Known Failed: 0) /home/travis/build/icyphy/ptII/ptolemy/actor/lib/test
----------------- testing (KnownFailure) /home/travis/build/icyphy/ptII/ptolemy/actor/lib/test/auto/knownFailedTests/PublisherPortToplevelSubscriber.xml
1 ms. Memory: 288768K Free: 236176K (82%)
Known Failure: java.lang.reflect.InvocationTargetException
----------------- testing (KnownFailure) /home/travis/build/icyphy/ptII/ptolemy/actor/lib/test/auto/knownFailedTests/PublisherSubscriberPortToplevel.xml
1 ms. Memory: 288768K Free: 232080K (80%)
Known Failure: java.lang.reflect.InvocationTargetException
----------------- testing (KnownFailure) /home/travis/build/icyphy/ptII/ptolemy/actor/lib/test/auto/knownFailedTests/PublisherSubscriptionAggregatorPort.xml
0 ms. Memory: 288768K Free: 227474K (79%)
Known Failure: java.lang.reflect.InvocationTargetException
----------------- testing (KnownFailure) /home/travis/build/icyphy/ptII/ptolemy/actor/lib/test/auto/knownFailedTests/sizedarray3.xml
3 ms. Memory: 288768K Free: 222864K (77%)
Known Failure: java.lang.reflect.InvocationTargetException
No auto/linux-amd64/*.xml tests in /home/travis/build/icyphy/ptII/ptolemy/actor/lib/test
AutoTests.java: About to close Vertx.
AutoTests.java: Vertx closed.

===========================================================================================
----------------- testing Sun Jan 26 06:54:37 UTC 2020 /home/travis/build/icyphy/ptII/ptolemy/actor/lib/test/auto/AbsoluteValue.xml
----------------- Instantiating /home/travis/build/icyphy/ptII/ptolemy/actor/lib/test/auto/AbsoluteValue.xml
15 ms. Memory: 288768K Free: 200850K (70%)
----------------- Invoking toplevel() on ptolemy.moml.MoMLSimpleApplication@30ebcf4f
----------------- Done invoking toplevel() on ptolemy.moml.MoMLSimpleApplication@30ebcf4f
reloadAllAccessors: .AbsoluteValue

===========================================================================================
----------------- testing Sun Jan 26 06:54:37 UTC 2020 /home/travis/build/icyphy/ptII/ptolemy/actor/lib/test/auto/AbsoluteValue2.xml
----------------- Instantiating /home/travis/build/icyphy/ptII/ptolemy/actor/lib/test/auto/AbsoluteValue2.xml
11 ms. Memory: 288768K Free: 193682K (67%)
----------------- Invoking toplevel() on ptolemy.moml.MoMLSimpleApplication@11dbf5f1
----------------- Done invoking toplevel() on ptolemy.moml.MoMLSimpleApplication@11dbf5f1
reloadAllAccessors: .AbsoluteValue2

===========================================================================================
----------------- testing Sun Jan 26 06:54:37 UTC 2020 /home/travis/build/icyphy/ptII/ptolemy/actor/lib/test/auto/Accumulator.xml
----------------- Instantiating /home/travis/build/icyphy/ptII/ptolemy/actor/lib/test/auto/Accumulator.xml
16 ms. Memory: 288768K Free: 187538K (65%)
----------------- Invoking toplevel() on ptolemy.moml.MoMLSimpleApplication@7715b955
----------------- Done invoking toplevel() on ptolemy.moml.MoMLSimpleApplication@7715b955
reloadAllAccessors: .Accumulator

===========================================================================================
----------------- testing Sun Jan 26 06:54:37 UTC 2020 /home/travis/build/icyphy/ptII/ptolemy/actor/lib/test/auto/Accumulator2.xml
----------------- Instantiating /home/travis/build/icyphy/ptII/ptolemy/actor/lib/test/auto/Accumulator2.xml
11 ms. Memory: 288768K Free: 182418K (63%)
----------------- Invoking toplevel() on ptolemy.moml.MoMLSimpleApplication@7628c665
----------------- Done invoking toplevel() on ptolemy.moml.MoMLSimpleApplication@7628c665
reloadAllAccessors: .Accumulator2

===========================================================================================
----------------- testing Sun Jan 26 06:54:37 UTC 2020 /home/travis/build/icyphy/ptII/ptolemy/actor/lib/test/auto/Accumulator3.xml
----------------- Instantiating /home/travis/build/icyphy/ptII/ptolemy/actor/lib/test/auto/Accumulator3.xml
5 ms. Memory: 288768K Free: 177808K (62%)
----------------- Invoking toplevel() on ptolemy.moml.MoMLSimpleApplication@5a5ac581
----------------- Done invoking toplevel() on ptolemy.moml.MoMLSimpleApplication@5a5ac581
reloadAllAccessors: .Accumulator3

===========================================================================================
----------------- testing Sun Jan 26 06:54:37 UTC 2020 /home/travis/build/icyphy/ptII/ptolemy/actor/lib/test/auto/ArrayAppend.xml
----------------- Instantiating /home/travis/build/icyphy/ptII/ptolemy/actor/lib/test/auto/ArrayAppend.xml
6 ms. Memory: 288768K Free: 171650K (59%)
----------------- Invoking toplevel() on ptolemy.moml.MoMLSimpleApplication@1b7c995c
----------------- Done invoking toplevel() on ptolemy.moml.MoMLSimpleApplication@1b7c995c
reloadAllAccessors: .ArrayAppend

===========================================================================================
----------------- testing Sun Jan 26 06:54:37 UTC 2020 /home/travis/build/icyphy/ptII/ptolemy/actor/lib/test/auto/ArrayAppend2.xml
----------------- Instantiating /home/travis/build/icyphy/ptII/ptolemy/actor/lib/test/auto/ArrayAppend2.xml
438 ms. Memory: 288768K Free: 237536K (82%)
----------------- Invoking toplevel() on ptolemy.moml.MoMLSimpleApplication@42d7e932
----------------- Done invoking toplevel() on ptolemy.moml.MoMLSimpleApplication@42d7e932
reloadAllAccessors: .ArrayAppend2

===========================================================================================
----------------- testing Sun Jan 26 06:54:38 UTC 2020 /home/travis/build/icyphy/ptII/ptolemy/actor/lib/test/auto/ArrayAppend3.xml
----------------- Instantiating /home/travis/build/icyphy/ptII/ptolemy/actor/lib/test/auto/ArrayAppend3.xml
5 ms. Memory: 288768K Free: 231392K (80%)
----------------- Invoking toplevel() on ptolemy.moml.MoMLSimpleApplication@30a06935
----------------- Done invoking toplevel() on ptolemy.moml.MoMLSimpleApplication@30a06935
reloadAllAccessors: .ArrayAppend3

===========================================================================================
----------------- testing Sun Jan 26 06:54:38 UTC 2020 /home/travis/build/icyphy/ptII/ptolemy/actor/lib/test/auto/ArrayAppend4.xml
----------------- Instantiating /home/travis/build/icyphy/ptII/ptolemy/actor/lib/test/auto/ArrayAppend4.xml
2 ms. Memory: 288768K Free: 226272K (78%)
----------------- Invoking toplevel() on ptolemy.moml.MoMLSimpleApplication@2167f37e
----------------- Done invoking toplevel() on ptolemy.moml.MoMLSimpleApplication@2167f37e
reloadAllAccessors: .ArrayAppend4

===========================================================================================
----------------- testing Sun Jan 26 06:54:38 UTC 2020 /home/travis/build/icyphy/ptII/ptolemy/actor/lib/test/auto/ArrayAppend5.xml
----------------- Instantiating /home/travis/build/icyphy/ptII/ptolemy/actor/lib/test/auto/ArrayAppend5.xml
2 ms. Memory: 288768K Free: 221152K (77%)
----------------- Invoking toplevel() on ptolemy.moml.MoMLSimpleApplication@78f04aa4
----------------- Done invoking toplevel() on ptolemy.moml.MoMLSimpleApplication@78f04aa4
reloadAllAccessors: .ArrayAppend5

===========================================================================================
----------------- testing Sun Jan 26 06:54:38 UTC 2020 /home/travis/build/icyphy/ptII/ptolemy/actor/lib/test/auto/ArrayAppend6.xml
----------------- Instantiating /home/travis/build/icyphy/ptII/ptolemy/actor/lib/test/auto/ArrayAppend6.xml
2 ms. Memory: 288768K Free: 215522K (75%)
----------------- Invoking toplevel() on ptolemy.moml.MoMLSimpleApplication@633a0c49
----------------- Done invoking toplevel() on ptolemy.moml.MoMLSimpleApplication@633a0c49
reloadAllAccessors: .ArrayAppend6

===========================================================================================
----------------- testing Sun Jan 26 06:54:38 UTC 2020 /home/travis/build/icyphy/ptII/ptolemy/actor/lib/test/auto/ArrayAppendPerformanceTest.xml
----------------- Instantiating /home/travis/build/icyphy/ptII/ptolemy/actor/lib/test/auto/ArrayAppendPerformanceTest.xml
23 ms. Memory: 288768K Free: 204258K (71%)
----------------- Invoking toplevel() on ptolemy.moml.MoMLSimpleApplication@78258791
----------------- Done invoking toplevel() on ptolemy.moml.MoMLSimpleApplication@78258791
reloadAllAccessors: .ArrayAppendPerformanceTest

===========================================================================================
----------------- testing Sun Jan 26 06:54:38 UTC 2020 /home/travis/build/icyphy/ptII/ptolemy/actor/lib/test/auto/ArrayAppendWithEmptyInput.xml
----------------- Instantiating /home/travis/build/icyphy/ptII/ptolemy/actor/lib/test/auto/ArrayAppendWithEmptyInput.xml
11 ms. Memory: 288768K Free: 196576K (68%)
----------------- Invoking toplevel() on ptolemy.moml.MoMLSimpleApplication@728b721a
----------------- Done invoking toplevel() on ptolemy.moml.MoMLSimpleApplication@728b721a
reloadAllAccessors: .ArrayAppendWithEmptyInput

===========================================================================================
----------------- testing Sun Jan 26 06:54:38 UTC 2020 /home/travis/build/icyphy/ptII/ptolemy/actor/lib/test/auto/ArrayAverage.xml
----------------- Instantiating /home/travis/build/icyphy/ptII/ptolemy/actor/lib/test/auto/ArrayAverage.xml
12 ms. Memory: 288768K Free: 188384K (65%)
----------------- Invoking toplevel() on ptolemy.moml.MoMLSimpleApplication@3aea018e
----------------- Done invoking toplevel() on ptolemy.moml.MoMLSimpleApplication@3aea018e
reloadAllAccessors: .ArrayAverage

===========================================================================================
----------------- testing Sun Jan 26 06:54:38 UTC 2020 /home/travis/build/icyphy/ptII/ptolemy/actor/lib/test/auto/ArrayContains.xml
----------------- Instantiating /home/travis/build/icyphy/ptII/ptolemy/actor/lib/test/auto/ArrayContains.xml
6 ms. Memory: 288768K Free: 182754K (63%)
----------------- Invoking toplevel() on ptolemy.moml.MoMLSimpleApplication@37709366
----------------- Done invoking toplevel() on ptolemy.moml.MoMLSimpleApplication@37709366
reloadAllAccessors: .ArrayContains

===========================================================================================
----------------- testing Sun Jan 26 06:54:38 UTC 2020 /home/travis/build/icyphy/ptII/ptolemy/actor/lib/test/auto/ArrayElement.xml
----------------- Instantiating /home/travis/build/icyphy/ptII/ptolemy/actor/lib/test/auto/ArrayElement.xml
7 ms. Memory: 288768K Free: 177089K (61%)
----------------- Invoking toplevel() on ptolemy.moml.MoMLSimpleApplication@6a800d8c
----------------- Done invoking toplevel() on ptolemy.moml.MoMLSimpleApplication@6a800d8c
reloadAllAccessors: .ArrayElement

===========================================================================================
----------------- testing Sun Jan 26 06:54:38 UTC 2020 /home/travis/build/icyphy/ptII/ptolemy/actor/lib/test/auto/ArrayElementAsMatrix.xml
----------------- Instantiating /home/travis/build/icyphy/ptII/ptolemy/actor/lib/test/auto/ArrayElementAsMatrix.xml
14 ms. Memory: 288768K Free: 167394K (58%)
----------------- Invoking toplevel() on ptolemy.moml.MoMLSimpleApplication@24d896c5
----------------- Done invoking toplevel() on ptolemy.moml.MoMLSimpleApplication@24d896c5
reloadAllAccessors: .ArrayElementAsMatrix

===========================================================================================
----------------- testing Sun Jan 26 06:54:38 UTC 2020 /home/travis/build/icyphy/ptII/ptolemy/actor/lib/test/auto/ArrayElementI.xml
----------------- Instantiating /home/travis/build/icyphy/ptII/ptolemy/actor/lib/test/auto/ArrayElementI.xml
3 ms. Memory: 288768K Free: 162769K (56%)
----------------- Invoking toplevel() on ptolemy.moml.MoMLSimpleApplication@49e1d271
----------------- Done invoking toplevel() on ptolemy.moml.MoMLSimpleApplication@49e1d271
reloadAllAccessors: .ArrayElementI

===========================================================================================
----------------- testing Sun Jan 26 06:54:38 UTC 2020 /home/travis/build/icyphy/ptII/ptolemy/actor/lib/test/auto/ArrayExtract.xml
----------------- Instantiating /home/travis/build/icyphy/ptII/ptolemy/actor/lib/test/auto/ArrayExtract.xml
5 ms. Memory: 288768K Free: 154592K (54%)
----------------- Invoking toplevel() on ptolemy.moml.MoMLSimpleApplication@5285f511
----------------- Done invoking toplevel() on ptolemy.moml.MoMLSimpleApplication@5285f511
reloadAllAccessors: .ArrayExtract

===========================================================================================
----------------- testing Sun Jan 26 06:54:38 UTC 2020 /home/travis/build/icyphy/ptII/ptolemy/actor/lib/test/auto/ArrayExtract2.xml
----------------- Instantiating /home/travis/build/icyphy/ptII/ptolemy/actor/lib/test/auto/ArrayExtract2.xml
1 ms. Memory: 288768K Free: 149441K (52%)
----------------- Invoking toplevel() on ptolemy.moml.MoMLSimpleApplication@3675a88a
----------------- Done invoking toplevel() on ptolemy.moml.MoMLSimpleApplication@3675a88a
reloadAllAccessors: .ArrayExtract2

===========================================================================================
----------------- testing Sun Jan 26 06:54:38 UTC 2020 /home/travis/build/icyphy/ptII/ptolemy/actor/lib/test/auto/ArrayLength.xml
----------------- Instantiating /home/travis/build/icyphy/ptII/ptolemy/actor/lib/test/auto/ArrayLength.xml
3 ms. Memory: 288768K Free: 145376K (50%)
----------------- Invoking toplevel() on ptolemy.moml.MoMLSimpleApplication@1daa2d85
----------------- Done invoking toplevel() on ptolemy.moml.MoMLSimpleApplication@1daa2d85
reloadAllAccessors: .ArrayLength

===========================================================================================
----------------- testing Sun Jan 26 06:54:38 UTC 2020 /home/travis/build/icyphy/ptII/ptolemy/actor/lib/test/auto/ArrayLevelCrossing.xml
----------------- Instantiating /home/travis/build/icyphy/ptII/ptolemy/actor/lib/test/auto/ArrayLevelCrossing.xml
4 ms. Memory: 288768K Free: 137184K (48%)
----------------- Invoking toplevel() on ptolemy.moml.MoMLSimpleApplication@40b60a3b
----------------- Done invoking toplevel() on ptolemy.moml.MoMLSimpleApplication@40b60a3b
reloadAllAccessors: .ArrayLevelCrossing

===========================================================================================
----------------- testing Sun Jan 26 06:54:39 UTC 2020 /home/travis/build/icyphy/ptII/ptolemy/actor/lib/test/auto/ArrayLevelCrossing2.xml
----------------- Instantiating /home/travis/build/icyphy/ptII/ptolemy/actor/lib/test/auto/ArrayLevelCrossing2.xml
5 ms. Memory: 288768K Free: 130016K (45%)
----------------- Invoking toplevel() on ptolemy.moml.MoMLSimpleApplication@1a4316f1
----------------- Done invoking toplevel() on ptolemy.moml.MoMLSimpleApplication@1a4316f1
reloadAllAccessors: .ArrayLevelCrossing2

===========================================================================================
----------------- testing Sun Jan 26 06:54:39 UTC 2020 /home/travis/build/icyphy/ptII/ptolemy/actor/lib/test/auto/ArrayPeakSearch.xml
----------------- Instantiating /home/travis/build/icyphy/ptII/ptolemy/actor/lib/test/auto/ArrayPeakSearch.xml
5 ms. Memory: 288768K Free: 121314K (42%)
----------------- Invoking toplevel() on ptolemy.moml.MoMLSimpleApplication@47198967
----------------- Done invoking toplevel() on ptolemy.moml.MoMLSimpleApplication@47198967
reloadAllAccessors: .ArrayPeakSearch

===========================================================================================
----------------- testing Sun Jan 26 06:54:39 UTC 2020 /home/travis/build/icyphy/ptII/ptolemy/actor/lib/test/auto/ArrayPeakSearch2.xml
----------------- Instantiating /home/travis/build/icyphy/ptII/ptolemy/actor/lib/test/auto/ArrayPeakSearch2.xml
7 ms. Memory: 288768K Free: 110553K (38%)
----------------- Invoking toplevel() on ptolemy.moml.MoMLSimpleApplication@679e8070
----------------- Done invoking toplevel() on ptolemy.moml.MoMLSimpleApplication@679e8070
reloadAllAccessors: .ArrayPeakSearch2

===========================================================================================
----------------- testing Sun Jan 26 06:54:39 UTC 2020 /home/travis/build/icyphy/ptII/ptolemy/actor/lib/test/auto/ArrayPeakSearch3.xml
----------------- Instantiating /home/travis/build/icyphy/ptII/ptolemy/actor/lib/test/auto/ArrayPeakSearch3.xml
3 ms. Memory: 288768K Free: 101858K (35%)
----------------- Invoking toplevel() on ptolemy.moml.MoMLSimpleApplication@18fef8bb
----------------- Done invoking toplevel() on ptolemy.moml.MoMLSimpleApplication@18fef8bb
reloadAllAccessors: .ArrayPeakSearch3

===========================================================================================
----------------- testing Sun Jan 26 06:54:39 UTC 2020 /home/travis/build/icyphy/ptII/ptolemy/actor/lib/test/auto/ArrayRemoveElement.xml
----------------- Instantiating /home/travis/build/icyphy/ptII/ptolemy/actor/lib/test/auto/ArrayRemoveElement.xml
2 ms. Memory: 288768K Free: 93666K (32%)
----------------- Invoking toplevel() on ptolemy.moml.MoMLSimpleApplication@5aec906
----------------- Done invoking toplevel() on ptolemy.moml.MoMLSimpleApplication@5aec906
reloadAllAccessors: .ArrayRemoveElement

===========================================================================================
----------------- testing Sun Jan 26 06:54:39 UTC 2020 /home/travis/build/icyphy/ptII/ptolemy/actor/lib/test/auto/ArraySort.xml
----------------- Instantiating /home/travis/build/icyphy/ptII/ptolemy/actor/lib/test/auto/ArraySort.xml
11 ms. Memory: 288768K Free: 84960K (29%)
----------------- Invoking toplevel() on ptolemy.moml.MoMLSimpleApplication@115ef5e4
----------------- Done invoking toplevel() on ptolemy.moml.MoMLSimpleApplication@115ef5e4
reloadAllAccessors: .ArraySort

===========================================================================================
----------------- testing Sun Jan 26 06:54:39 UTC 2020 /home/travis/build/icyphy/ptII/ptolemy/actor/lib/test/auto/ArraySum.xml
----------------- Instantiating /home/travis/build/icyphy/ptII/ptolemy/actor/lib/test/auto/ArraySum.xml
4 ms. Memory: 288768K Free: 239074K (83%)
----------------- Invoking toplevel() on ptolemy.moml.MoMLSimpleApplication@2e1ae15e
----------------- Done invoking toplevel() on ptolemy.moml.MoMLSimpleApplication@2e1ae15e
reloadAllAccessors: .ArraySum

===========================================================================================
----------------- testing Sun Jan 26 06:54:39 UTC 2020 /home/travis/build/icyphy/ptII/ptolemy/actor/lib/test/auto/ArrayToElements.xml
----------------- Instantiating /home/travis/build/icyphy/ptII/ptolemy/actor/lib/test/auto/ArrayToElements.xml
5 ms. Memory: 288768K Free: 233440K (81%)
----------------- Invoking toplevel() on ptolemy.moml.MoMLSimpleApplication@2cac9ede
----------------- Done invoking toplevel() on ptolemy.moml.MoMLSimpleApplication@2cac9ede
reloadAllAccessors: .ArrayToElements

===========================================================================================
----------------- testing Sun Jan 26 06:54:39 UTC 2020 /home/travis/build/icyphy/ptII/ptolemy/actor/lib/test/auto/ArrayToMatrix.xml
----------------- Instantiating /home/travis/build/icyphy/ptII/ptolemy/actor/lib/test/auto/ArrayToMatrix.xml
20 ms. Memory: 288768K Free: 219618K (76%)
----------------- Invoking toplevel() on ptolemy.moml.MoMLSimpleApplication@17ae915c
----------------- Done invoking toplevel() on ptolemy.moml.MoMLSimpleApplication@17ae915c
reloadAllAccessors: .ArrayToMatrix

===========================================================================================
----------------- testing Sun Jan 26 06:54:39 UTC 2020 /home/travis/build/icyphy/ptII/ptolemy/actor/lib/test/auto/ArrayUpdate1.xml
----------------- Instantiating /home/travis/build/icyphy/ptII/ptolemy/actor/lib/test/auto/ArrayUpdate1.xml
9 ms. Memory: 288768K Free: 214498K (74%)
----------------- Invoking toplevel() on ptolemy.moml.MoMLSimpleApplication@68cc3137
----------------- Done invoking toplevel() on ptolemy.moml.MoMLSimpleApplication@68cc3137
reloadAllAccessors: .ArrayUpdate1

===========================================================================================
----------------- testing Sun Jan 26 06:54:39 UTC 2020 /home/travis/build/icyphy/ptII/ptolemy/actor/lib/test/auto/ArrayUpdate2.xml
----------------- Instantiating /home/travis/build/icyphy/ptII/ptolemy/actor/lib/test/auto/ArrayUpdate2.xml
10 ms. Memory: 288768K Free: 208354K (72%)
----------------- Invoking toplevel() on ptolemy.moml.MoMLSimpleApplication@e8bf0b3
----------------- Done invoking toplevel() on ptolemy.moml.MoMLSimpleApplication@e8bf0b3
reloadAllAccessors: .ArrayUpdate2

===========================================================================================
----------------- testing Sun Jan 26 06:54:39 UTC 2020 /home/travis/build/icyphy/ptII/ptolemy/actor/lib/test/auto/ArrayUpdate3.xml
----------------- Instantiating /home/travis/build/icyphy/ptII/ptolemy/actor/lib/test/auto/ArrayUpdate3.xml
3 ms. Memory: 288768K Free: 203234K (70%)
----------------- Invoking toplevel() on ptolemy.moml.MoMLSimpleApplication@7a4ca796
----------------- Done invoking toplevel() on ptolemy.moml.MoMLSimpleApplication@7a4ca796
reloadAllAccessors: .ArrayUpdate3

===========================================================================================
----------------- testing Sun Jan 26 06:54:39 UTC 2020 /home/travis/build/icyphy/ptII/ptolemy/actor/lib/test/auto/Assert1.xml
----------------- Instantiating /home/travis/build/icyphy/ptII/ptolemy/actor/lib/test/auto/Assert1.xml
2 ms. Memory: 288768K Free: 199138K (69%)
----------------- Invoking toplevel() on ptolemy.moml.MoMLSimpleApplication@fb1d712
----------------- Done invoking toplevel() on ptolemy.moml.MoMLSimpleApplication@fb1d712
reloadAllAccessors: .Assert1

===========================================================================================
----------------- testing Sun Jan 26 06:54:39 UTC 2020 /home/travis/build/icyphy/ptII/ptolemy/actor/lib/test/auto/Assert2.xml
----------------- Instantiating /home/travis/build/icyphy/ptII/ptolemy/actor/lib/test/auto/Assert2.xml
2 ms. Memory: 288768K Free: 193504K (67%)
----------------- Invoking toplevel() on ptolemy.moml.MoMLSimpleApplication@124faaf5
----------------- Done invoking toplevel() on ptolemy.moml.MoMLSimpleApplication@124faaf5
reloadAllAccessors: .Assert2

===========================================================================================
----------------- testing Sun Jan 26 06:54:39 UTC 2020 /home/travis/build/icyphy/ptII/ptolemy/actor/lib/test/auto/BooleanMultiplexor.xml
----------------- Instantiating /home/travis/build/icyphy/ptII/ptolemy/actor/lib/test/auto/BooleanMultiplexor.xml
2 ms. Memory: 288768K Free: 188369K (65%)
----------------- Invoking toplevel() on ptolemy.moml.MoMLSimpleApplication@3156480c
----------------- Done invoking toplevel() on ptolemy.moml.MoMLSimpleApplication@3156480c
reloadAllAccessors: .BooleanMultiplexor

===========================================================================================
----------------- testing Sun Jan 26 06:54:39 UTC 2020 /home/travis/build/icyphy/ptII/ptolemy/actor/lib/test/auto/BooleanMultiplexor2.xml
----------------- Instantiating /home/travis/build/icyphy/ptII/ptolemy/actor/lib/test/auto/BooleanMultiplexor2.xml
10 ms. Memory: 288768K Free: 181730K (63%)
----------------- Invoking toplevel() on ptolemy.moml.MoMLSimpleApplication@49b74008
----------------- Done invoking toplevel() on ptolemy.moml.MoMLSimpleApplication@49b74008
reloadAllAccessors: .BooleanMultiplexor2

===========================================================================================
----------------- testing Sun Jan 26 06:54:39 UTC 2020 /home/travis/build/icyphy/ptII/ptolemy/actor/lib/test/auto/BooleanMultiplexor3.xml
----------------- Instantiating /home/travis/build/icyphy/ptII/ptolemy/actor/lib/test/auto/BooleanMultiplexor3.xml
2 ms. Memory: 288768K Free: 178144K (62%)
----------------- Invoking toplevel() on ptolemy.moml.MoMLSimpleApplication@2da52c92
----------------- Done invoking toplevel() on ptolemy.moml.MoMLSimpleApplication@2da52c92
reloadAllAccessors: .BooleanMultiplexor3

===========================================================================================
----------------- testing Sun Jan 26 06:54:39 UTC 2020 /home/travis/build/icyphy/ptII/ptolemy/actor/lib/test/auto/BooleanSelect.xml
----------------- Instantiating /home/travis/build/icyphy/ptII/ptolemy/actor/lib/test/auto/BooleanSelect.xml
15 ms. Memory: 288768K Free: 171490K (59%)
----------------- Invoking toplevel() on ptolemy.moml.MoMLSimpleApplication@23206e95
----------------- Done invoking toplevel() on ptolemy.moml.MoMLSimpleApplication@23206e95
reloadAllAccessors: .BooleanSelect

===========================================================================================
----------------- testing Sun Jan 26 06:54:39 UTC 2020 /home/travis/build/icyphy/ptII/ptolemy/actor/lib/test/auto/BooleanSelect2.xml
----------------- Instantiating /home/travis/build/icyphy/ptII/ptolemy/actor/lib/test/auto/BooleanSelect2.xml
1 ms. Memory: 288768K Free: 166880K (58%)
----------------- Invoking toplevel() on ptolemy.moml.MoMLSimpleApplication@5d2d2c53
----------------- Done invoking toplevel() on ptolemy.moml.MoMLSimpleApplication@5d2d2c53
reloadAllAccessors: .BooleanSelect2

===========================================================================================
----------------- testing Sun Jan 26 06:54:39 UTC 2020 /home/travis/build/icyphy/ptII/ptolemy/actor/lib/test/auto/BooleanSwitch.xml
----------------- Instantiating /home/travis/build/icyphy/ptII/ptolemy/actor/lib/test/auto/BooleanSwitch.xml
7 ms. Memory: 288768K Free: 161250K (56%)
----------------- Invoking toplevel() on ptolemy.moml.MoMLSimpleApplication@71f7f1ae
----------------- Done invoking toplevel() on ptolemy.moml.MoMLSimpleApplication@71f7f1ae
reloadAllAccessors: .BooleanSwitch

===========================================================================================
----------------- testing Sun Jan 26 06:54:39 UTC 2020 /home/travis/build/icyphy/ptII/ptolemy/actor/lib/test/auto/BooleanSwitch2.xml
----------------- Instantiating /home/travis/build/icyphy/ptII/ptolemy/actor/lib/test/auto/BooleanSwitch2.xml
1 ms. Memory: 288768K Free: 156640K (54%)
----------------- Invoking toplevel() on ptolemy.moml.MoMLSimpleApplication@eb6205e
----------------- Done invoking toplevel() on ptolemy.moml.MoMLSimpleApplication@eb6205e
reloadAllAccessors: .BooleanSwitch2

===========================================================================================
----------------- testing Sun Jan 26 06:54:39 UTC 2020 /home/travis/build/icyphy/ptII/ptolemy/actor/lib/test/auto/BooleanSwitchCloningBugWithClassRelationGroup.xml
----------------- Instantiating /home/travis/build/icyphy/ptII/ptolemy/actor/lib/test/auto/BooleanSwitchCloningBugWithClassRelationGroup.xml
3 ms. Memory: 288768K Free: 150496K (52%)
----------------- Invoking toplevel() on ptolemy.moml.MoMLSimpleApplication@3f799acb
----------------- Done invoking toplevel() on ptolemy.moml.MoMLSimpleApplication@3f799acb
reloadAllAccessors: .BooleanSwitchCloningBugWithClassRelationGroup

===========================================================================================
----------------- testing Sun Jan 26 06:54:39 UTC 2020 /home/travis/build/icyphy/ptII/ptolemy/actor/lib/test/auto/BusActors.xml
----------------- Instantiating /home/travis/build/icyphy/ptII/ptolemy/actor/lib/test/auto/BusActors.xml
9 ms. Memory: 288768K Free: 142304K (49%)
----------------- Invoking toplevel() on ptolemy.moml.MoMLSimpleApplication@6b1ff392
----------------- Done invoking toplevel() on ptolemy.moml.MoMLSimpleApplication@6b1ff392
reloadAllAccessors: .BusActors

===========================================================================================
----------------- testing Sun Jan 26 06:54:39 UTC 2020 /home/travis/build/icyphy/ptII/ptolemy/actor/lib/test/auto/ClassWrapper.xml
----------------- Instantiating /home/travis/build/icyphy/ptII/ptolemy/actor/lib/test/auto/ClassWrapper.xml
3 ms. Memory: 288768K Free: 138208K (48%)
----------------- Invoking toplevel() on ptolemy.moml.MoMLSimpleApplication@560c00f7
----------------- Done invoking toplevel() on ptolemy.moml.MoMLSimpleApplication@560c00f7
reloadAllAccessors: .ClassWrapper

===========================================================================================
----------------- testing Sun Jan 26 06:54:39 UTC 2020 /home/travis/build/icyphy/ptII/ptolemy/actor/lib/test/auto/Clock.xml
----------------- Instantiating /home/travis/build/icyphy/ptII/ptolemy/actor/lib/test/auto/Clock.xml
3 ms. Memory: 288768K Free: 134112K (46%)
----------------- Invoking toplevel() on ptolemy.moml.MoMLSimpleApplication@3ef056da
----------------- Done invoking toplevel() on ptolemy.moml.MoMLSimpleApplication@3ef056da
reloadAllAccessors: .Clock

===========================================================================================
----------------- testing Sun Jan 26 06:54:39 UTC 2020 /home/travis/build/icyphy/ptII/ptolemy/actor/lib/test/auto/Clock10.xml
----------------- Instantiating /home/travis/build/icyphy/ptII/ptolemy/actor/lib/test/auto/Clock10.xml
3 ms. Memory: 288768K Free: 128482K (44%)
----------------- Invoking toplevel() on ptolemy.moml.MoMLSimpleApplication@569e6dcf
----------------- Done invoking toplevel() on ptolemy.moml.MoMLSimpleApplication@569e6dcf
reloadAllAccessors: .Clock10

===========================================================================================
----------------- testing Sun Jan 26 06:54:39 UTC 2020 /home/travis/build/icyphy/ptII/ptolemy/actor/lib/test/auto/Clock11.xml
----------------- Instantiating /home/travis/build/icyphy/ptII/ptolemy/actor/lib/test/auto/Clock11.xml
5 ms. Memory: 288768K Free: 122338K (42%)
----------------- Invoking toplevel() on ptolemy.moml.MoMLSimpleApplication@616fac64
----------------- Done invoking toplevel() on ptolemy.moml.MoMLSimpleApplication@616fac64
reloadAllAccessors: .Clock11

===========================================================================================
----------------- testing Sun Jan 26 06:54:39 UTC 2020 /home/travis/build/icyphy/ptII/ptolemy/actor/lib/test/auto/Clock12.xml
----------------- Instantiating /home/travis/build/icyphy/ptII/ptolemy/actor/lib/test/auto/Clock12.xml
4 ms. Memory: 288768K Free: 116704K (40%)
----------------- Invoking toplevel() on ptolemy.moml.MoMLSimpleApplication@2834b2cf
----------------- Done invoking toplevel() on ptolemy.moml.MoMLSimpleApplication@2834b2cf
reloadAllAccessors: .Clock12

===========================================================================================
----------------- testing Sun Jan 26 06:54:39 UTC 2020 /home/travis/build/icyphy/ptII/ptolemy/actor/lib/test/auto/Clock13.xml
----------------- Instantiating /home/travis/build/icyphy/ptII/ptolemy/actor/lib/test/auto/Clock13.xml
5 ms. Memory: 288768K Free: 110545K (38%)
----------------- Invoking toplevel() on ptolemy.moml.MoMLSimpleApplication@757de139
----------------- Done invoking toplevel() on ptolemy.moml.MoMLSimpleApplication@757de139
reloadAllAccessors: .Clock13

===========================================================================================
----------------- testing Sun Jan 26 06:54:39 UTC 2020 /home/travis/build/icyphy/ptII/ptolemy/actor/lib/test/auto/Clock14.xml
----------------- Instantiating /home/travis/build/icyphy/ptII/ptolemy/actor/lib/test/auto/Clock14.xml
5 ms. Memory: 288768K Free: 104930K (36%)
----------------- Invoking toplevel() on ptolemy.moml.MoMLSimpleApplication@3343a7ad
----------------- Done invoking toplevel() on ptolemy.moml.MoMLSimpleApplication@3343a7ad
reloadAllAccessors: .Clock14

===========================================================================================
----------------- testing Sun Jan 26 06:54:39 UTC 2020 /home/travis/build/icyphy/ptII/ptolemy/actor/lib/test/auto/Clock15.xml
----------------- Instantiating /home/travis/build/icyphy/ptII/ptolemy/actor/lib/test/auto/Clock15.xml
4 ms. Memory: 288768K Free: 98786K (34%)
----------------- Invoking toplevel() on ptolemy.moml.MoMLSimpleApplication@2eec8629
----------------- Done invoking toplevel() on ptolemy.moml.MoMLSimpleApplication@2eec8629
reloadAllAccessors: .Clock15

===========================================================================================
----------------- testing Sun Jan 26 06:54:39 UTC 2020 /home/travis/build/icyphy/ptII/ptolemy/actor/lib/test/auto/Clock16.xml
----------------- Instantiating /home/travis/build/icyphy/ptII/ptolemy/actor/lib/test/auto/Clock16.xml
30 ms. Memory: 288768K Free: 84929K (29%)
----------------- Invoking toplevel() on ptolemy.moml.MoMLSimpleApplication@43d468f8
----------------- Done invoking toplevel() on ptolemy.moml.MoMLSimpleApplication@43d468f8
reloadAllAccessors: .Clock16

===========================================================================================
----------------- testing Sun Jan 26 06:54:39 UTC 2020 /home/travis/build/icyphy/ptII/ptolemy/actor/lib/test/auto/Clock17.xml
----------------- Instantiating /home/travis/build/icyphy/ptII/ptolemy/actor/lib/test/auto/Clock17.xml
27 ms. Memory: 288768K Free: 239783K (83%)
----------------- Invoking toplevel() on ptolemy.moml.MoMLSimpleApplication@2104dcc0
----------------- Done invoking toplevel() on ptolemy.moml.MoMLSimpleApplication@2104dcc0
reloadAllAccessors: .Clock17

===========================================================================================
----------------- testing Sun Jan 26 06:54:39 UTC 2020 /home/travis/build/icyphy/ptII/ptolemy/actor/lib/test/auto/Clock18.xml
----------------- Instantiating /home/travis/build/icyphy/ptII/ptolemy/actor/lib/test/auto/Clock18.xml
20 ms. Memory: 288768K Free: 226257K (78%)
----------------- Invoking toplevel() on ptolemy.moml.MoMLSimpleApplication@15737028
----------------- Done invoking toplevel() on ptolemy.moml.MoMLSimpleApplication@15737028
reloadAllAccessors: .Clock18

===========================================================================================
----------------- testing Sun Jan 26 06:54:40 UTC 2020 /home/travis/build/icyphy/ptII/ptolemy/actor/lib/test/auto/Clock19.xml
----------------- Instantiating /home/travis/build/icyphy/ptII/ptolemy/actor/lib/test/auto/Clock19.xml
13 ms. Memory: 288768K Free: 212450K (74%)
----------------- Invoking toplevel() on ptolemy.moml.MoMLSimpleApplication@f723e3c
----------------- Done invoking toplevel() on ptolemy.moml.MoMLSimpleApplication@f723e3c
reloadAllAccessors: .Clock19

===========================================================================================
----------------- testing Sun Jan 26 06:54:40 UTC 2020 /home/travis/build/icyphy/ptII/ptolemy/actor/lib/test/auto/Clock2.xml
----------------- Instantiating /home/travis/build/icyphy/ptII/ptolemy/actor/lib/test/auto/Clock2.xml
6 ms. Memory: 288768K Free: 208354K (72%)
----------------- Invoking toplevel() on ptolemy.moml.MoMLSimpleApplication@1d6a65b6
----------------- Done invoking toplevel() on ptolemy.moml.MoMLSimpleApplication@1d6a65b6
reloadAllAccessors: .Clock2

===========================================================================================
----------------- testing Sun Jan 26 06:54:40 UTC 2020 /home/travis/build/icyphy/ptII/ptolemy/actor/lib/test/auto/Clock20.xml
----------------- Instantiating /home/travis/build/icyphy/ptII/ptolemy/actor/lib/test/auto/Clock20.xml
5 ms. Memory: 288768K Free: 202720K (70%)
----------------- Invoking toplevel() on ptolemy.moml.MoMLSimpleApplication@6fe0c940
----------------- Done invoking toplevel() on ptolemy.moml.MoMLSimpleApplication@6fe0c940
reloadAllAccessors: .Clock20

===========================================================================================
----------------- testing Sun Jan 26 06:54:40 UTC 2020 /home/travis/build/icyphy/ptII/ptolemy/actor/lib/test/auto/Clock21.xml
----------------- Instantiating /home/travis/build/icyphy/ptII/ptolemy/actor/lib/test/auto/Clock21.xml
5 ms. Memory: 288768K Free: 197090K (68%)
----------------- Invoking toplevel() on ptolemy.moml.MoMLSimpleApplication@2652c8a0
----------------- Done invoking toplevel() on ptolemy.moml.MoMLSimpleApplication@2652c8a0
reloadAllAccessors: .Clock21

===========================================================================================
----------------- testing Sun Jan 26 06:54:40 UTC 2020 /home/travis/build/icyphy/ptII/ptolemy/actor/lib/test/auto/Clock22.xml
----------------- Instantiating /home/travis/build/icyphy/ptII/ptolemy/actor/lib/test/auto/Clock22.xml
4 ms. Memory: 288768K Free: 191970K (66%)
----------------- Invoking toplevel() on ptolemy.moml.MoMLSimpleApplication@12c3b2d9
----------------- Done invoking toplevel() on ptolemy.moml.MoMLSimpleApplication@12c3b2d9
reloadAllAccessors: .Clock22

===========================================================================================
----------------- testing Sun Jan 26 06:54:40 UTC 2020 /home/travis/build/icyphy/ptII/ptolemy/actor/lib/test/auto/Clock23.xml
----------------- Instantiating /home/travis/build/icyphy/ptII/ptolemy/actor/lib/test/auto/Clock23.xml
4 ms. Memory: 288768K Free: 186336K (65%)
----------------- Invoking toplevel() on ptolemy.moml.MoMLSimpleApplication@42f989c6
----------------- Done invoking toplevel() on ptolemy.moml.MoMLSimpleApplication@42f989c6
reloadAllAccessors: .Clock23

===========================================================================================
----------------- testing Sun Jan 26 06:54:40 UTC 2020 /home/travis/build/icyphy/ptII/ptolemy/actor/lib/test/auto/Clock24.xml
----------------- Instantiating /home/travis/build/icyphy/ptII/ptolemy/actor/lib/test/auto/Clock24.xml
1 ms. Memory: 288768K Free: 181216K (63%)
----------------- Invoking toplevel() on ptolemy.moml.MoMLSimpleApplication@d5b593b
----------------- Done invoking toplevel() on ptolemy.moml.MoMLSimpleApplication@d5b593b
reloadAllAccessors: .Clock24

===========================================================================================
----------------- testing Sun Jan 26 06:54:40 UTC 2020 /home/travis/build/icyphy/ptII/ptolemy/actor/lib/test/auto/Clock4.xml
----------------- Instantiating /home/travis/build/icyphy/ptII/ptolemy/actor/lib/test/auto/Clock4.xml
1 ms. Memory: 288768K Free: 176065K (61%)
----------------- Invoking toplevel() on ptolemy.moml.MoMLSimpleApplication@653b12af
----------------- Done invoking toplevel() on ptolemy.moml.MoMLSimpleApplication@653b12af
reloadAllAccessors: .Clock4

===========================================================================================
----------------- testing Sun Jan 26 06:54:40 UTC 2020 /home/travis/build/icyphy/ptII/ptolemy/actor/lib/test/auto/Clock5.xml
----------------- Instantiating /home/travis/build/icyphy/ptII/ptolemy/actor/lib/test/auto/Clock5.xml
1 ms. Memory: 288768K Free: 170466K (59%)
----------------- Invoking toplevel() on ptolemy.moml.MoMLSimpleApplication@5f796b00
----------------- Done invoking toplevel() on ptolemy.moml.MoMLSimpleApplication@5f796b00
reloadAllAccessors: .Clock5

===========================================================================================
----------------- testing Sun Jan 26 06:54:40 UTC 2020 /home/travis/build/icyphy/ptII/ptolemy/actor/lib/test/auto/Clock6.xml
----------------- Instantiating /home/travis/build/icyphy/ptII/ptolemy/actor/lib/test/auto/Clock6.xml
1 ms. Memory: 288768K Free: 166370K (58%)
----------------- Invoking toplevel() on ptolemy.moml.MoMLSimpleApplication@242472e6
----------------- Done invoking toplevel() on ptolemy.moml.MoMLSimpleApplication@242472e6
reloadAllAccessors: .Clock6

===========================================================================================
----------------- testing Sun Jan 26 06:54:40 UTC 2020 /home/travis/build/icyphy/ptII/ptolemy/actor/lib/test/auto/Clock7.xml
----------------- Instantiating /home/travis/build/icyphy/ptII/ptolemy/actor/lib/test/auto/Clock7.xml
1 ms. Memory: 288768K Free: 161760K (56%)
----------------- Invoking toplevel() on ptolemy.moml.MoMLSimpleApplication@1b964108
----------------- Done invoking toplevel() on ptolemy.moml.MoMLSimpleApplication@1b964108
reloadAllAccessors: .Clock7

===========================================================================================
----------------- testing Sun Jan 26 06:54:40 UTC 2020 /home/travis/build/icyphy/ptII/ptolemy/actor/lib/test/auto/Clock8.xml
----------------- Instantiating /home/travis/build/icyphy/ptII/ptolemy/actor/lib/test/auto/Clock8.xml
4 ms. Memory: 288768K Free: 156609K (54%)
----------------- Invoking toplevel() on ptolemy.moml.MoMLSimpleApplication@46032b7f
----------------- Done invoking toplevel() on ptolemy.moml.MoMLSimpleApplication@46032b7f
reloadAllAccessors: .Clock8

===========================================================================================
----------------- testing Sun Jan 26 06:54:40 UTC 2020 /home/travis/build/icyphy/ptII/ptolemy/actor/lib/test/auto/Clock9.xml
----------------- Instantiating /home/travis/build/icyphy/ptII/ptolemy/actor/lib/test/auto/Clock9.xml
4 ms. Memory: 288768K Free: 151010K (52%)
----------------- Invoking toplevel() on ptolemy.moml.MoMLSimpleApplication@11769235
----------------- Done invoking toplevel() on ptolemy.moml.MoMLSimpleApplication@11769235
reloadAllAccessors: .Clock9

===========================================================================================
----------------- testing Sun Jan 26 06:54:40 UTC 2020 /home/travis/build/icyphy/ptII/ptolemy/actor/lib/test/auto/CommDistDiscard.xml
----------------- Instantiating /home/travis/build/icyphy/ptII/ptolemy/actor/lib/test/auto/CommDistDiscard.xml
2 ms. Memory: 288768K Free: 145376K (50%)
----------------- Invoking toplevel() on ptolemy.moml.MoMLSimpleApplication@50b46272
----------------- Done invoking toplevel() on ptolemy.moml.MoMLSimpleApplication@50b46272
reloadAllAccessors: .CommDistDiscard

===========================================================================================
----------------- testing Sun Jan 26 06:54:40 UTC 2020 /home/travis/build/icyphy/ptII/ptolemy/actor/lib/test/auto/Commutator.xml
----------------- Instantiating /home/travis/build/icyphy/ptII/ptolemy/actor/lib/test/auto/Commutator.xml
3 ms. Memory: 288768K Free: 141280K (49%)
----------------- Invoking toplevel() on ptolemy.moml.MoMLSimpleApplication@57f8b19d
----------------- Done invoking toplevel() on ptolemy.moml.MoMLSimpleApplication@57f8b19d
reloadAllAccessors: .Commutator

===========================================================================================
----------------- testing Sun Jan 26 06:54:40 UTC 2020 /home/travis/build/icyphy/ptII/ptolemy/actor/lib/test/auto/Commutator2.xml
----------------- Instantiating /home/travis/build/icyphy/ptII/ptolemy/actor/lib/test/auto/Commutator2.xml
1 ms. Memory: 288768K Free: 136674K (47%)
----------------- Invoking toplevel() on ptolemy.moml.MoMLSimpleApplication@372d8cb2
----------------- Done invoking toplevel() on ptolemy.moml.MoMLSimpleApplication@372d8cb2
reloadAllAccessors: .Commutator2

===========================================================================================
----------------- testing Sun Jan 26 06:54:40 UTC 2020 /home/travis/build/icyphy/ptII/ptolemy/actor/lib/test/auto/Commutator3.xml
----------------- Instantiating /home/travis/build/icyphy/ptII/ptolemy/actor/lib/test/auto/Commutator3.xml
2 ms. Memory: 288768K Free: 132578K (46%)
----------------- Invoking toplevel() on ptolemy.moml.MoMLSimpleApplication@50024633
----------------- Done invoking toplevel() on ptolemy.moml.MoMLSimpleApplication@50024633
reloadAllAccessors: .Commutator3

===========================================================================================
----------------- testing Sun Jan 26 06:54:40 UTC 2020 /home/travis/build/icyphy/ptII/ptolemy/actor/lib/test/auto/Compare.xml
----------------- Instantiating /home/travis/build/icyphy/ptII/ptolemy/actor/lib/test/auto/Compare.xml
2 ms. Memory: 288768K Free: 125920K (44%)
----------------- Invoking toplevel() on ptolemy.moml.MoMLSimpleApplication@2a63a0e
----------------- Done invoking toplevel() on ptolemy.moml.MoMLSimpleApplication@2a63a0e
reloadAllAccessors: .Compare

===========================================================================================
----------------- testing Sun Jan 26 06:54:40 UTC 2020 /home/travis/build/icyphy/ptII/ptolemy/actor/lib/test/auto/CompareDE.xml
----------------- Instantiating /home/travis/build/icyphy/ptII/ptolemy/actor/lib/test/auto/CompareDE.xml
5 ms. Memory: 288768K Free: 118737K (41%)
----------------- Invoking toplevel() on ptolemy.moml.MoMLSimpleApplication@337ac648
----------------- Done invoking toplevel() on ptolemy.moml.MoMLSimpleApplication@337ac648
reloadAllAccessors: .CompareDE

===========================================================================================
----------------- testing Sun Jan 26 06:54:40 UTC 2020 /home/travis/build/icyphy/ptII/ptolemy/actor/lib/test/auto/ComplexDivide.xml
----------------- Instantiating /home/travis/build/icyphy/ptII/ptolemy/actor/lib/test/auto/ComplexDivide.xml
2 ms. Memory: 288768K Free: 115170K (40%)
----------------- Invoking toplevel() on ptolemy.moml.MoMLSimpleApplication@72f4008f
----------------- Done invoking toplevel() on ptolemy.moml.MoMLSimpleApplication@72f4008f
reloadAllAccessors: .ComplexDivide

===========================================================================================
----------------- testing Sun Jan 26 06:54:40 UTC 2020 /home/travis/build/icyphy/ptII/ptolemy/actor/lib/test/auto/ComputeHistogram.xml
----------------- Instantiating /home/travis/build/icyphy/ptII/ptolemy/actor/lib/test/auto/ComputeHistogram.xml
39 ms. Memory: 288768K Free: 102368K (35%)
----------------- Invoking toplevel() on ptolemy.moml.MoMLSimpleApplication@24bb95e1
----------------- Done invoking toplevel() on ptolemy.moml.MoMLSimpleApplication@24bb95e1
reloadAllAccessors: .ComputeHistogram

===========================================================================================
----------------- testing Sun Jan 26 06:54:40 UTC 2020 /home/travis/build/icyphy/ptII/ptolemy/actor/lib/test/auto/ConfigurationSelect.xml
----------------- Instantiating /home/travis/build/icyphy/ptII/ptolemy/actor/lib/test/auto/ConfigurationSelect.xml
7 ms. Memory: 288768K Free: 97217K (34%)
----------------- Invoking toplevel() on ptolemy.moml.MoMLSimpleApplication@34ef3774
----------------- Done invoking toplevel() on ptolemy.moml.MoMLSimpleApplication@34ef3774
reloadAllAccessors: .ConfigurationSelect

===========================================================================================
----------------- testing Sun Jan 26 06:54:40 UTC 2020 /home/travis/build/icyphy/ptII/ptolemy/actor/lib/test/auto/ConfigurationSelect2.xml
----------------- Instantiating /home/travis/build/icyphy/ptII/ptolemy/actor/lib/test/auto/ConfigurationSelect2.xml
2 ms. Memory: 288768K Free: 92642K (32%)
----------------- Invoking toplevel() on ptolemy.moml.MoMLSimpleApplication@2b1d525f
----------------- Done invoking toplevel() on ptolemy.moml.MoMLSimpleApplication@2b1d525f
reloadAllAccessors: .ConfigurationSelect2

===========================================================================================
----------------- testing Sun Jan 26 06:54:40 UTC 2020 /home/travis/build/icyphy/ptII/ptolemy/actor/lib/test/auto/ConfigurationSwitch.xml
----------------- Instantiating /home/travis/build/icyphy/ptII/ptolemy/actor/lib/test/auto/ConfigurationSwitch.xml
1 ms. Memory: 288768K Free: 87008K (30%)
----------------- Invoking toplevel() on ptolemy.moml.MoMLSimpleApplication@17ccde55
----------------- Done invoking toplevel() on ptolemy.moml.MoMLSimpleApplication@17ccde55
reloadAllAccessors: .ConfigurationSwitch

===========================================================================================
----------------- testing Sun Jan 26 06:54:40 UTC 2020 /home/travis/build/icyphy/ptII/ptolemy/actor/lib/test/auto/ConfigurationSwitch2.xml
----------------- Instantiating /home/travis/build/icyphy/ptII/ptolemy/actor/lib/test/auto/ConfigurationSwitch2.xml
2 ms. Memory: 288768K Free: 81888K (28%)
----------------- Invoking toplevel() on ptolemy.moml.MoMLSimpleApplication@403b3680
----------------- Done invoking toplevel() on ptolemy.moml.MoMLSimpleApplication@403b3680
reloadAllAccessors: .ConfigurationSwitch2

===========================================================================================
----------------- testing Sun Jan 26 06:54:40 UTC 2020 /home/travis/build/icyphy/ptII/ptolemy/actor/lib/test/auto/ConfigurationSwitchCloningBugWithClassRelationGroup.xml
----------------- Instantiating /home/travis/build/icyphy/ptII/ptolemy/actor/lib/test/auto/ConfigurationSwitchCloningBugWithClassRelationGroup.xml
1 ms. Memory: 288768K Free: 75234K (26%)
----------------- Invoking toplevel() on ptolemy.moml.MoMLSimpleApplication@1c12a26f
----------------- Done invoking toplevel() on ptolemy.moml.MoMLSimpleApplication@1c12a26f
reloadAllAccessors: .ConfigurationSwitchCloningBugWithClassRelationGroup

===========================================================================================
----------------- testing Sun Jan 26 06:54:40 UTC 2020 /home/travis/build/icyphy/ptII/ptolemy/actor/lib/test/auto/ConfigurationSwitchSelectSDF.xml
----------------- Instantiating /home/travis/build/icyphy/ptII/ptolemy/actor/lib/test/auto/ConfigurationSwitchSelectSDF.xml
14 ms. Memory: 288768K Free: 240581K (83%)
----------------- Invoking toplevel() on ptolemy.moml.MoMLSimpleApplication@18b2d76f
----------------- Done invoking toplevel() on ptolemy.moml.MoMLSimpleApplication@18b2d76f
reloadAllAccessors: .ConfigurationSwitchSelectSDF

===========================================================================================
----------------- testing Sun Jan 26 06:54:40 UTC 2020 /home/travis/build/icyphy/ptII/ptolemy/actor/lib/test/auto/ConfigurationSwitchSelectSDF2.xml
----------------- Instantiating /home/travis/build/icyphy/ptII/ptolemy/actor/lib/test/auto/ConfigurationSwitchSelectSDF2.xml
2 ms. Memory: 288768K Free: 233954K (81%)
----------------- Invoking toplevel() on ptolemy.moml.MoMLSimpleApplication@2d495043
----------------- Done invoking toplevel() on ptolemy.moml.MoMLSimpleApplication@2d495043
reloadAllAccessors: .ConfigurationSwitchSelectSDF2

===========================================================================================
----------------- testing Sun Jan 26 06:54:40 UTC 2020 /home/travis/build/icyphy/ptII/ptolemy/actor/lib/test/auto/Const.xml
----------------- Instantiating /home/travis/build/icyphy/ptII/ptolemy/actor/lib/test/auto/Const.xml
1 ms. Memory: 288768K Free: 230882K (80%)
----------------- Invoking toplevel() on ptolemy.moml.MoMLSimpleApplication@777d03c0
----------------- Done invoking toplevel() on ptolemy.moml.MoMLSimpleApplication@777d03c0
reloadAllAccessors: .Const

===========================================================================================
----------------- testing Sun Jan 26 06:54:40 UTC 2020 /home/travis/build/icyphy/ptII/ptolemy/actor/lib/test/auto/Const2.xml
----------------- Instantiating /home/travis/build/icyphy/ptII/ptolemy/actor/lib/test/auto/Const2.xml
1 ms. Memory: 288768K Free: 226786K (79%)
----------------- Invoking toplevel() on ptolemy.moml.MoMLSimpleApplication@78bb4f1d
----------------- Done invoking toplevel() on ptolemy.moml.MoMLSimpleApplication@78bb4f1d
reloadAllAccessors: .Const2

===========================================================================================
----------------- testing Sun Jan 26 06:54:40 UTC 2020 /home/travis/build/icyphy/ptII/ptolemy/actor/lib/test/auto/Const3.xml
----------------- Instantiating /home/travis/build/icyphy/ptII/ptolemy/actor/lib/test/auto/Const3.xml
1 ms. Memory: 288768K Free: 223714K (77%)
----------------- Invoking toplevel() on ptolemy.moml.MoMLSimpleApplication@1d44cfed
----------------- Done invoking toplevel() on ptolemy.moml.MoMLSimpleApplication@1d44cfed
reloadAllAccessors: .Const3

===========================================================================================
----------------- testing Sun Jan 26 06:54:40 UTC 2020 /home/travis/build/icyphy/ptII/ptolemy/actor/lib/test/auto/ConstantPublisherPort1.xml
----------------- Instantiating /home/travis/build/icyphy/ptII/ptolemy/actor/lib/test/auto/ConstantPublisherPort1.xml
4 ms. Memory: 288768K Free: 215522K (75%)
----------------- Invoking toplevel() on ptolemy.moml.MoMLSimpleApplication@3b543e2
----------------- Done invoking toplevel() on ptolemy.moml.MoMLSimpleApplication@3b543e2
reloadAllAccessors: .ConstantPublisherPort1

===========================================================================================
----------------- testing Sun Jan 26 06:54:40 UTC 2020 /home/travis/build/icyphy/ptII/ptolemy/actor/lib/test/auto/ConstantPublisherPort2.xml
----------------- Instantiating /home/travis/build/icyphy/ptII/ptolemy/actor/lib/test/auto/ConstantPublisherPort2.xml
9 ms. Memory: 288768K Free: 207840K (72%)
----------------- Invoking toplevel() on ptolemy.moml.MoMLSimpleApplication@1ca8105d
----------------- Done invoking toplevel() on ptolemy.moml.MoMLSimpleApplication@1ca8105d
reloadAllAccessors: .ConstantPublisherPort2

===========================================================================================
----------------- testing Sun Jan 26 06:54:40 UTC 2020 /home/travis/build/icyphy/ptII/ptolemy/actor/lib/test/auto/ConstantPublisherPort3.xml
----------------- Instantiating /home/travis/build/icyphy/ptII/ptolemy/actor/lib/test/auto/ConstantPublisherPort3.xml
4 ms. Memory: 288768K Free: 200162K (69%)
----------------- Invoking toplevel() on ptolemy.moml.MoMLSimpleApplication@62c1e045
----------------- Done invoking toplevel() on ptolemy.moml.MoMLSimpleApplication@62c1e045
reloadAllAccessors: .ConstantPublisherPort3

===========================================================================================
----------------- testing Sun Jan 26 06:54:40 UTC 2020 /home/travis/build/icyphy/ptII/ptolemy/actor/lib/test/auto/ConstantPublisherPort4.xml
----------------- Instantiating /home/travis/build/icyphy/ptII/ptolemy/actor/lib/test/auto/ConstantPublisherPort4.xml
2 ms. Memory: 288768K Free: 193489K (67%)
----------------- Invoking toplevel() on ptolemy.moml.MoMLSimpleApplication@1d0c8923
----------------- Done invoking toplevel() on ptolemy.moml.MoMLSimpleApplication@1d0c8923
reloadAllAccessors: .ConstantPublisherPort4

===========================================================================================
----------------- testing Sun Jan 26 06:54:40 UTC 2020 /home/travis/build/icyphy/ptII/ptolemy/actor/lib/test/auto/ConstantPublisherPort5.xml
----------------- Instantiating /home/travis/build/icyphy/ptII/ptolemy/actor/lib/test/auto/ConstantPublisherPort5.xml
25 ms. Memory: 288768K Free: 184288K (64%)
----------------- Invoking toplevel() on ptolemy.moml.MoMLSimpleApplication@739c257f
----------------- Done invoking toplevel() on ptolemy.moml.MoMLSimpleApplication@739c257f
reloadAllAccessors: .ConstantPublisherPort5

===========================================================================================
----------------- testing Sun Jan 26 06:54:40 UTC 2020 /home/travis/build/icyphy/ptII/ptolemy/actor/lib/test/auto/ConstantPublisherPort6.xml
----------------- Instantiating /home/travis/build/icyphy/ptII/ptolemy/actor/lib/test/auto/ConstantPublisherPort6.xml
20 ms. Memory: 288768K Free: 174562K (60%)
----------------- Invoking toplevel() on ptolemy.moml.MoMLSimpleApplication@1f647802
----------------- Done invoking toplevel() on ptolemy.moml.MoMLSimpleApplication@1f647802
reloadAllAccessors: .ConstantPublisherPort6

===========================================================================================
----------------- testing Sun Jan 26 06:54:40 UTC 2020 /home/travis/build/icyphy/ptII/ptolemy/actor/lib/test/auto/ConstantPublisherPort7.xml
----------------- Instantiating /home/travis/build/icyphy/ptII/ptolemy/actor/lib/test/auto/ConstantPublisherPort7.xml
17 ms. Memory: 288768K Free: 165346K (57%)
----------------- Invoking toplevel() on ptolemy.moml.MoMLSimpleApplication@5e8f2356
----------------- Done invoking toplevel() on ptolemy.moml.MoMLSimpleApplication@5e8f2356
reloadAllAccessors: .ConstantPublisherPort7

===========================================================================================
----------------- testing Sun Jan 26 06:54:40 UTC 2020 /home/travis/build/icyphy/ptII/ptolemy/actor/lib/test/auto/ConstraintMonitor1.xml
----------------- Instantiating /home/travis/build/icyphy/ptII/ptolemy/actor/lib/test/auto/ConstraintMonitor1.xml
4 ms. Memory: 288768K Free: 159712K (55%)
----------------- Invoking toplevel() on ptolemy.moml.MoMLSimpleApplication@51aed7f5
----------------- Done invoking toplevel() on ptolemy.moml.MoMLSimpleApplication@51aed7f5
reloadAllAccessors: .ConstraintMonitor1

===========================================================================================
----------------- testing Sun Jan 26 06:54:40 UTC 2020 /home/travis/build/icyphy/ptII/ptolemy/actor/lib/test/auto/ConstraintMonitor2.xml
----------------- Instantiating /home/travis/build/icyphy/ptII/ptolemy/actor/lib/test/auto/ConstraintMonitor2.xml
3 ms. Memory: 288768K Free: 154592K (54%)
----------------- Invoking toplevel() on ptolemy.moml.MoMLSimpleApplication@674f3f97
----------------- Done invoking toplevel() on ptolemy.moml.MoMLSimpleApplication@674f3f97
reloadAllAccessors: .ConstraintMonitor2

===========================================================================================
----------------- testing Sun Jan 26 06:54:40 UTC 2020 /home/travis/build/icyphy/ptII/ptolemy/actor/lib/test/auto/ConstraintMonitor3.xml
----------------- Instantiating /home/travis/build/icyphy/ptII/ptolemy/actor/lib/test/auto/ConstraintMonitor3.xml
1 ms. Memory: 288768K Free: 150496K (52%)
----------------- Invoking toplevel() on ptolemy.moml.MoMLSimpleApplication@52f3cbe9
----------------- Done invoking toplevel() on ptolemy.moml.MoMLSimpleApplication@52f3cbe9
reloadAllAccessors: .ConstraintMonitor3

===========================================================================================
----------------- testing Sun Jan 26 06:54:40 UTC 2020 /home/travis/build/icyphy/ptII/ptolemy/actor/lib/test/auto/ConstraintMonitor4.xml
----------------- Instantiating /home/travis/build/icyphy/ptII/ptolemy/actor/lib/test/auto/ConstraintMonitor4.xml
2 ms. Memory: 288768K Free: 145376K (50%)
----------------- Invoking toplevel() on ptolemy.moml.MoMLSimpleApplication@6b548892
----------------- Done invoking toplevel() on ptolemy.moml.MoMLSimpleApplication@6b548892
reloadAllAccessors: .ConstraintMonitor4

===========================================================================================
----------------- testing Sun Jan 26 06:54:40 UTC 2020 /home/travis/build/icyphy/ptII/ptolemy/actor/lib/test/auto/ConstraintMonitor5.xml
----------------- Instantiating /home/travis/build/icyphy/ptII/ptolemy/actor/lib/test/auto/ConstraintMonitor5.xml
4 ms. Memory: 288768K Free: 140256K (49%)
----------------- Invoking toplevel() on ptolemy.moml.MoMLSimpleApplication@74804a27
----------------- Done invoking toplevel() on ptolemy.moml.MoMLSimpleApplication@74804a27
reloadAllAccessors: .ConstraintMonitor5

===========================================================================================
----------------- testing Sun Jan 26 06:54:40 UTC 2020 /home/travis/build/icyphy/ptII/ptolemy/actor/lib/test/auto/ConstraintMonitor6.xml
----------------- Instantiating /home/travis/build/icyphy/ptII/ptolemy/actor/lib/test/auto/ConstraintMonitor6.xml
4 ms. Memory: 288768K Free: 134626K (47%)
----------------- Invoking toplevel() on ptolemy.moml.MoMLSimpleApplication@1637d348
----------------- Done invoking toplevel() on ptolemy.moml.MoMLSimpleApplication@1637d348
reloadAllAccessors: .ConstraintMonitor6

===========================================================================================
----------------- testing Sun Jan 26 06:54:40 UTC 2020 /home/travis/build/icyphy/ptII/ptolemy/actor/lib/test/auto/ConstraintMonitor7.xml
----------------- Instantiating /home/travis/build/icyphy/ptII/ptolemy/actor/lib/test/auto/ConstraintMonitor7.xml
2 ms. Memory: 288768K Free: 127937K (44%)
----------------- Invoking toplevel() on ptolemy.moml.MoMLSimpleApplication@3ada1e4a
----------------- Done invoking toplevel() on ptolemy.moml.MoMLSimpleApplication@3ada1e4a
reloadAllAccessors: .ConstraintMonitor7

===========================================================================================
----------------- testing Sun Jan 26 06:54:40 UTC 2020 /home/travis/build/icyphy/ptII/ptolemy/actor/lib/test/auto/ConstraintMonitor8.xml
----------------- Instantiating /home/travis/build/icyphy/ptII/ptolemy/actor/lib/test/auto/ConstraintMonitor8.xml
4 ms. Memory: 288768K Free: 120290K (42%)
----------------- Invoking toplevel() on ptolemy.moml.MoMLSimpleApplication@73cc9bae
----------------- Done invoking toplevel() on ptolemy.moml.MoMLSimpleApplication@73cc9bae
reloadAllAccessors: .ConstraintMonitor8

===========================================================================================
----------------- testing Sun Jan 26 06:54:40 UTC 2020 /home/travis/build/icyphy/ptII/ptolemy/actor/lib/test/auto/Counter.xml
----------------- Instantiating /home/travis/build/icyphy/ptII/ptolemy/actor/lib/test/auto/Counter.xml
1 ms. Memory: 288768K Free: 115680K (40%)
----------------- Invoking toplevel() on ptolemy.moml.MoMLSimpleApplication@65e830d1
----------------- Done invoking toplevel() on ptolemy.moml.MoMLSimpleApplication@65e830d1
reloadAllAccessors: .Counter

===========================================================================================
----------------- testing Sun Jan 26 06:54:40 UTC 2020 /home/travis/build/icyphy/ptII/ptolemy/actor/lib/test/auto/CurrentTimeSDF.xml
----------------- Instantiating /home/travis/build/icyphy/ptII/ptolemy/actor/lib/test/auto/CurrentTimeSDF.xml
1 ms. Memory: 288768K Free: 111584K (39%)
----------------- Invoking toplevel() on ptolemy.moml.MoMLSimpleApplication@7b1a9fdc
----------------- Done invoking toplevel() on ptolemy.moml.MoMLSimpleApplication@7b1a9fdc
reloadAllAccessors: .CurrentTimeSDF

===========================================================================================
----------------- testing Sun Jan 26 06:54:41 UTC 2020 /home/travis/build/icyphy/ptII/ptolemy/actor/lib/test/auto/DB.xml
----------------- Instantiating /home/travis/build/icyphy/ptII/ptolemy/actor/lib/test/auto/DB.xml
1 ms. Memory: 288768K Free: 106464K (37%)
----------------- Invoking toplevel() on ptolemy.moml.MoMLSimpleApplication@378c2aa3
----------------- Done invoking toplevel() on ptolemy.moml.MoMLSimpleApplication@378c2aa3
reloadAllAccessors: .DB

===========================================================================================
----------------- testing Sun Jan 26 06:54:41 UTC 2020 /home/travis/build/icyphy/ptII/ptolemy/actor/lib/test/auto/DBDE.xml
----------------- Instantiating /home/travis/build/icyphy/ptII/ptolemy/actor/lib/test/auto/DBDE.xml
2 ms. Memory: 288768K Free: 100834K (35%)
----------------- Invoking toplevel() on ptolemy.moml.MoMLSimpleApplication@12a92512
----------------- Done invoking toplevel() on ptolemy.moml.MoMLSimpleApplication@12a92512
reloadAllAccessors: .DBDE

===========================================================================================
----------------- testing Sun Jan 26 06:54:41 UTC 2020 /home/travis/build/icyphy/ptII/ptolemy/actor/lib/test/auto/DateConstructor.xml
----------------- Instantiating /home/travis/build/icyphy/ptII/ptolemy/actor/lib/test/auto/DateConstructor.xml
23 ms. Memory: 288768K Free: 82912K (29%)
----------------- Invoking toplevel() on ptolemy.moml.MoMLSimpleApplication@6f5d6e9a
----------------- Done invoking toplevel() on ptolemy.moml.MoMLSimpleApplication@6f5d6e9a
reloadAllAccessors: .DateConstructor

===========================================================================================
----------------- testing Sun Jan 26 06:54:41 UTC 2020 /home/travis/build/icyphy/ptII/ptolemy/actor/lib/test/auto/DelayTime.xml
----------------- Instantiating /home/travis/build/icyphy/ptII/ptolemy/actor/lib/test/auto/DelayTime.xml
5 ms. Memory: 288768K Free: 77792K (27%)
----------------- Invoking toplevel() on ptolemy.moml.MoMLSimpleApplication@37642e96
----------------- Done invoking toplevel() on ptolemy.moml.MoMLSimpleApplication@37642e96
reloadAllAccessors: .DelayTime

===========================================================================================
----------------- testing Sun Jan 26 06:54:41 UTC 2020 /home/travis/build/icyphy/ptII/ptolemy/actor/lib/test/auto/Dictionary1.xml
----------------- Instantiating /home/travis/build/icyphy/ptII/ptolemy/actor/lib/test/auto/Dictionary1.xml
1 ms. Memory: 288768K Free: 72162K (25%)
----------------- Invoking toplevel() on ptolemy.moml.MoMLSimpleApplication@6645f5d4
----------------- Done invoking toplevel() on ptolemy.moml.MoMLSimpleApplication@6645f5d4
reloadAllAccessors: .Dictionary1

===========================================================================================
----------------- testing Sun Jan 26 06:54:41 UTC 2020 /home/travis/build/icyphy/ptII/ptolemy/actor/lib/test/auto/Dictionary2.xml
----------------- Instantiating /home/travis/build/icyphy/ptII/ptolemy/actor/lib/test/auto/Dictionary2.xml
2 ms. Memory: 497664K Free: 446759K (90%)
----------------- Invoking toplevel() on ptolemy.moml.MoMLSimpleApplication@3e93543e
----------------- Done invoking toplevel() on ptolemy.moml.MoMLSimpleApplication@3e93543e
reloadAllAccessors: .Dictionary2

===========================================================================================
----------------- testing Sun Jan 26 06:54:41 UTC 2020 /home/travis/build/icyphy/ptII/ptolemy/actor/lib/test/auto/Dictionary3.xml
----------------- Instantiating /home/travis/build/icyphy/ptII/ptolemy/actor/lib/test/auto/Dictionary3.xml
1 ms. Memory: 497664K Free: 440992K (89%)
----------------- Invoking toplevel() on ptolemy.moml.MoMLSimpleApplication@6b618384
----------------- Done invoking toplevel() on ptolemy.moml.MoMLSimpleApplication@6b618384
reloadAllAccessors: .Dictionary3

===========================================================================================
----------------- testing Sun Jan 26 06:54:41 UTC 2020 /home/travis/build/icyphy/ptII/ptolemy/actor/lib/test/auto/Dictionary4.xml
----------------- Instantiating /home/travis/build/icyphy/ptII/ptolemy/actor/lib/test/auto/Dictionary4.xml
3 ms. Memory: 497664K Free: 433824K (87%)
----------------- Invoking toplevel() on ptolemy.moml.MoMLSimpleApplication@27d78cbb
----------------- Done invoking toplevel() on ptolemy.moml.MoMLSimpleApplication@27d78cbb
reloadAllAccessors: .Dictionary4

===========================================================================================
----------------- testing Sun Jan 26 06:54:41 UTC 2020 /home/travis/build/icyphy/ptII/ptolemy/actor/lib/test/auto/Differential.xml
----------------- Instantiating /home/travis/build/icyphy/ptII/ptolemy/actor/lib/test/auto/Differential.xml
2 ms. Memory: 497664K Free: 429728K (86%)
----------------- Invoking toplevel() on ptolemy.moml.MoMLSimpleApplication@45f18220
----------------- Done invoking toplevel() on ptolemy.moml.MoMLSimpleApplication@45f18220
reloadAllAccessors: .Differential

===========================================================================================
----------------- testing Sun Jan 26 06:54:41 UTC 2020 /home/travis/build/icyphy/ptII/ptolemy/actor/lib/test/auto/Director.xml
----------------- Instantiating /home/travis/build/icyphy/ptII/ptolemy/actor/lib/test/auto/Director.xml
3 ms. Memory: 497664K Free: 426146K (86%)
----------------- Invoking toplevel() on ptolemy.moml.MoMLSimpleApplication@2d120eb7
----------------- Done invoking toplevel() on ptolemy.moml.MoMLSimpleApplication@2d120eb7
reloadAllAccessors: .Director

===========================================================================================
----------------- testing Sun Jan 26 06:54:41 UTC 2020 /home/travis/build/icyphy/ptII/ptolemy/actor/lib/test/auto/DiscreteClock.xml
----------------- Instantiating /home/travis/build/icyphy/ptII/ptolemy/actor/lib/test/auto/DiscreteClock.xml
2 ms. Memory: 497664K Free: 422050K (85%)
----------------- Invoking toplevel() on ptolemy.moml.MoMLSimpleApplication@28a17125
----------------- Done invoking toplevel() on ptolemy.moml.MoMLSimpleApplication@28a17125
reloadAllAccessors: .DiscreteClock

===========================================================================================
----------------- testing Sun Jan 26 06:54:41 UTC 2020 /home/travis/build/icyphy/ptII/ptolemy/actor/lib/test/auto/DiscreteClock10.xml
----------------- Instantiating /home/travis/build/icyphy/ptII/ptolemy/actor/lib/test/auto/DiscreteClock10.xml
3 ms. Memory: 497664K Free: 415906K (84%)
----------------- Invoking toplevel() on ptolemy.moml.MoMLSimpleApplication@588c2cbb
----------------- Done invoking toplevel() on ptolemy.moml.MoMLSimpleApplication@588c2cbb
reloadAllAccessors: .DiscreteClock10

===========================================================================================
----------------- testing Sun Jan 26 06:54:41 UTC 2020 /home/travis/build/icyphy/ptII/ptolemy/actor/lib/test/auto/DiscreteClock11.xml
----------------- Instantiating /home/travis/build/icyphy/ptII/ptolemy/actor/lib/test/auto/DiscreteClock11.xml
3 ms. Memory: 497664K Free: 410272K (82%)
----------------- Invoking toplevel() on ptolemy.moml.MoMLSimpleApplication@39570b19
----------------- Done invoking toplevel() on ptolemy.moml.MoMLSimpleApplication@39570b19
reloadAllAccessors: .DiscreteClock11

===========================================================================================
----------------- testing Sun Jan 26 06:54:41 UTC 2020 /home/travis/build/icyphy/ptII/ptolemy/actor/lib/test/auto/DiscreteClock12.xml
----------------- Instantiating /home/travis/build/icyphy/ptII/ptolemy/actor/lib/test/auto/DiscreteClock12.xml
3 ms. Memory: 497664K Free: 404128K (81%)
----------------- Invoking toplevel() on ptolemy.moml.MoMLSimpleApplication@1ea3263e
----------------- Done invoking toplevel() on ptolemy.moml.MoMLSimpleApplication@1ea3263e
reloadAllAccessors: .DiscreteClock12

===========================================================================================
----------------- testing Sun Jan 26 06:54:41 UTC 2020 /home/travis/build/icyphy/ptII/ptolemy/actor/lib/test/auto/DiscreteClock13.xml
----------------- Instantiating /home/travis/build/icyphy/ptII/ptolemy/actor/lib/test/auto/DiscreteClock13.xml
2 ms. Memory: 497664K Free: 397970K (80%)
----------------- Invoking toplevel() on ptolemy.moml.MoMLSimpleApplication@3eec0725
----------------- Done invoking toplevel() on ptolemy.moml.MoMLSimpleApplication@3eec0725
reloadAllAccessors: .DiscreteClock13

===========================================================================================
----------------- testing Sun Jan 26 06:54:41 UTC 2020 /home/travis/build/icyphy/ptII/ptolemy/actor/lib/test/auto/DiscreteClock14.xml
----------------- Instantiating /home/travis/build/icyphy/ptII/ptolemy/actor/lib/test/auto/DiscreteClock14.xml
2 ms. Memory: 497664K Free: 392354K (79%)
----------------- Invoking toplevel() on ptolemy.moml.MoMLSimpleApplication@24835c45
----------------- Done invoking toplevel() on ptolemy.moml.MoMLSimpleApplication@24835c45
reloadAllAccessors: .DiscreteClock14

===========================================================================================
----------------- testing Sun Jan 26 06:54:41 UTC 2020 /home/travis/build/icyphy/ptII/ptolemy/actor/lib/test/auto/DiscreteClock15.xml
----------------- Instantiating /home/travis/build/icyphy/ptII/ptolemy/actor/lib/test/auto/DiscreteClock15.xml
3 ms. Memory: 497664K Free: 386210K (78%)
----------------- Invoking toplevel() on ptolemy.moml.MoMLSimpleApplication@576ee1c7
----------------- Done invoking toplevel() on ptolemy.moml.MoMLSimpleApplication@576ee1c7
reloadAllAccessors: .DiscreteClock15

===========================================================================================
----------------- testing Sun Jan 26 06:54:41 UTC 2020 /home/travis/build/icyphy/ptII/ptolemy/actor/lib/test/auto/DiscreteClock16.xml
----------------- Instantiating /home/travis/build/icyphy/ptII/ptolemy/actor/lib/test/auto/DiscreteClock16.xml
17 ms. Memory: 497664K Free: 372370K (75%)
----------------- Invoking toplevel() on ptolemy.moml.MoMLSimpleApplication@1bfa5276
----------------- Done invoking toplevel() on ptolemy.moml.MoMLSimpleApplication@1bfa5276
reloadAllAccessors: .DiscreteClock16

===========================================================================================
----------------- testing Sun Jan 26 06:54:41 UTC 2020 /home/travis/build/icyphy/ptII/ptolemy/actor/lib/test/auto/DiscreteClock17.xml
----------------- Instantiating /home/travis/build/icyphy/ptII/ptolemy/actor/lib/test/auto/DiscreteClock17.xml
19 ms. Memory: 497664K Free: 358042K (72%)
----------------- Invoking toplevel() on ptolemy.moml.MoMLSimpleApplication@4ba220a6
----------------- Done invoking toplevel() on ptolemy.moml.MoMLSimpleApplication@4ba220a6
reloadAllAccessors: .DiscreteClock17

===========================================================================================
----------------- testing Sun Jan 26 06:54:41 UTC 2020 /home/travis/build/icyphy/ptII/ptolemy/actor/lib/test/auto/DiscreteClock18.xml
----------------- Instantiating /home/travis/build/icyphy/ptII/ptolemy/actor/lib/test/auto/DiscreteClock18.xml
21 ms. Memory: 497664K Free: 344736K (69%)
----------------- Invoking toplevel() on ptolemy.moml.MoMLSimpleApplication@38edba9
----------------- Done invoking toplevel() on ptolemy.moml.MoMLSimpleApplication@38edba9
reloadAllAccessors: .DiscreteClock18

===========================================================================================
----------------- testing Sun Jan 26 06:54:41 UTC 2020 /home/travis/build/icyphy/ptII/ptolemy/actor/lib/test/auto/DiscreteClock19.xml
----------------- Instantiating /home/travis/build/icyphy/ptII/ptolemy/actor/lib/test/auto/DiscreteClock19.xml
16 ms. Memory: 497664K Free: 330914K (66%)
----------------- Invoking toplevel() on ptolemy.moml.MoMLSimpleApplication@650da52
----------------- Done invoking toplevel() on ptolemy.moml.MoMLSimpleApplication@650da52
reloadAllAccessors: .DiscreteClock19

===========================================================================================
----------------- testing Sun Jan 26 06:54:41 UTC 2020 /home/travis/build/icyphy/ptII/ptolemy/actor/lib/test/auto/DiscreteClock2.xml
----------------- Instantiating /home/travis/build/icyphy/ptII/ptolemy/actor/lib/test/auto/DiscreteClock2.xml
2 ms. Memory: 497664K Free: 326304K (66%)
----------------- Invoking toplevel() on ptolemy.moml.MoMLSimpleApplication@7d32357
----------------- Done invoking toplevel() on ptolemy.moml.MoMLSimpleApplication@7d32357
reloadAllAccessors: .DiscreteClock2

===========================================================================================
----------------- testing Sun Jan 26 06:54:41 UTC 2020 /home/travis/build/icyphy/ptII/ptolemy/actor/lib/test/auto/DiscreteClock20.xml
----------------- Instantiating /home/travis/build/icyphy/ptII/ptolemy/actor/lib/test/auto/DiscreteClock20.xml
6 ms. Memory: 497664K Free: 320160K (64%)
----------------- Invoking toplevel() on ptolemy.moml.MoMLSimpleApplication@1285fc63
----------------- Done invoking toplevel() on ptolemy.moml.MoMLSimpleApplication@1285fc63
reloadAllAccessors: .DiscreteClock20

===========================================================================================
----------------- testing Sun Jan 26 06:54:41 UTC 2020 /home/travis/build/icyphy/ptII/ptolemy/actor/lib/test/auto/DiscreteClock21.xml
----------------- Instantiating /home/travis/build/icyphy/ptII/ptolemy/actor/lib/test/auto/DiscreteClock21.xml
2 ms. Memory: 497664K Free: 315040K (63%)
----------------- Invoking toplevel() on ptolemy.moml.MoMLSimpleApplication@5ea71a79
----------------- Done invoking toplevel() on ptolemy.moml.MoMLSimpleApplication@5ea71a79
reloadAllAccessors: .DiscreteClock21

===========================================================================================
----------------- testing Sun Jan 26 06:54:41 UTC 2020 /home/travis/build/icyphy/ptII/ptolemy/actor/lib/test/auto/DiscreteClock22.xml
----------------- Instantiating /home/travis/build/icyphy/ptII/ptolemy/actor/lib/test/auto/DiscreteClock22.xml
2 ms. Memory: 497664K Free: 309410K (62%)
----------------- Invoking toplevel() on ptolemy.moml.MoMLSimpleApplication@43d2116d
----------------- Done invoking toplevel() on ptolemy.moml.MoMLSimpleApplication@43d2116d
reloadAllAccessors: .DiscreteClock22

===========================================================================================
----------------- testing Sun Jan 26 06:54:41 UTC 2020 /home/travis/build/icyphy/ptII/ptolemy/actor/lib/test/auto/DiscreteClock23.xml
----------------- Instantiating /home/travis/build/icyphy/ptII/ptolemy/actor/lib/test/auto/DiscreteClock23.xml
6 ms. Memory: 497664K Free: 303266K (61%)
----------------- Invoking toplevel() on ptolemy.moml.MoMLSimpleApplication@92d9158
----------------- Done invoking toplevel() on ptolemy.moml.MoMLSimpleApplication@92d9158
reloadAllAccessors: .DiscreteClock23

===========================================================================================
----------------- testing Sun Jan 26 06:54:41 UTC 2020 /home/travis/build/icyphy/ptII/ptolemy/actor/lib/test/auto/DiscreteClock24.xml
----------------- Instantiating /home/travis/build/icyphy/ptII/ptolemy/actor/lib/test/auto/DiscreteClock24.xml
3 ms. Memory: 497664K Free: 298146K (60%)
----------------- Invoking toplevel() on ptolemy.moml.MoMLSimpleApplication@53c0a6bb
----------------- Done invoking toplevel() on ptolemy.moml.MoMLSimpleApplication@53c0a6bb
reloadAllAccessors: .DiscreteClock24

===========================================================================================
----------------- testing Sun Jan 26 06:54:41 UTC 2020 /home/travis/build/icyphy/ptII/ptolemy/actor/lib/test/auto/DiscreteClock4.xml
----------------- Instantiating /home/travis/build/icyphy/ptII/ptolemy/actor/lib/test/auto/DiscreteClock4.xml
3 ms. Memory: 497664K Free: 292512K (59%)
----------------- Invoking toplevel() on ptolemy.moml.MoMLSimpleApplication@70b5cf61
----------------- Done invoking toplevel() on ptolemy.moml.MoMLSimpleApplication@70b5cf61
reloadAllAccessors: .DiscreteClock4

===========================================================================================
----------------- testing Sun Jan 26 06:54:41 UTC 2020 /home/travis/build/icyphy/ptII/ptolemy/actor/lib/test/auto/DiscreteClock5.xml
----------------- Instantiating /home/travis/build/icyphy/ptII/ptolemy/actor/lib/test/auto/DiscreteClock5.xml
1 ms. Memory: 497664K Free: 286882K (58%)
----------------- Invoking toplevel() on ptolemy.moml.MoMLSimpleApplication@71b7a1a0
----------------- Done invoking toplevel() on ptolemy.moml.MoMLSimpleApplication@71b7a1a0
reloadAllAccessors: .DiscreteClock5

===========================================================================================
----------------- testing Sun Jan 26 06:54:41 UTC 2020 /home/travis/build/icyphy/ptII/ptolemy/actor/lib/test/auto/DiscreteClock6.xml
----------------- Instantiating /home/travis/build/icyphy/ptII/ptolemy/actor/lib/test/auto/DiscreteClock6.xml
1 ms. Memory: 497664K Free: 282786K (57%)
----------------- Invoking toplevel() on ptolemy.moml.MoMLSimpleApplication@714b2bb9
----------------- Done invoking toplevel() on ptolemy.moml.MoMLSimpleApplication@714b2bb9
reloadAllAccessors: .DiscreteClock6

===========================================================================================
----------------- testing Sun Jan 26 06:54:41 UTC 2020 /home/travis/build/icyphy/ptII/ptolemy/actor/lib/test/auto/DiscreteClock7.xml
----------------- Instantiating /home/travis/build/icyphy/ptII/ptolemy/actor/lib/test/auto/DiscreteClock7.xml
2 ms. Memory: 497664K Free: 278176K (56%)
----------------- Invoking toplevel() on ptolemy.moml.MoMLSimpleApplication@5c1b6f2d
----------------- Done invoking toplevel() on ptolemy.moml.MoMLSimpleApplication@5c1b6f2d
reloadAllAccessors: .DiscreteClock7

===========================================================================================
----------------- testing Sun Jan 26 06:54:41 UTC 2020 /home/travis/build/icyphy/ptII/ptolemy/actor/lib/test/auto/DiscreteClock8.xml
----------------- Instantiating /home/travis/build/icyphy/ptII/ptolemy/actor/lib/test/auto/DiscreteClock8.xml
2 ms. Memory: 497664K Free: 272546K (55%)
----------------- Invoking toplevel() on ptolemy.moml.MoMLSimpleApplication@6aff2ad1
----------------- Done invoking toplevel() on ptolemy.moml.MoMLSimpleApplication@6aff2ad1
reloadAllAccessors: .DiscreteClock8

===========================================================================================
----------------- testing Sun Jan 26 06:54:41 UTC 2020 /home/travis/build/icyphy/ptII/ptolemy/actor/lib/test/auto/DiscreteClock9.xml
----------------- Instantiating /home/travis/build/icyphy/ptII/ptolemy/actor/lib/test/auto/DiscreteClock9.xml
2 ms. Memory: 497664K Free: 266402K (54%)
----------------- Invoking toplevel() on ptolemy.moml.MoMLSimpleApplication@6c2cabbb
----------------- Done invoking toplevel() on ptolemy.moml.MoMLSimpleApplication@6c2cabbb
reloadAllAccessors: .DiscreteClock9

===========================================================================================
----------------- testing Sun Jan 26 06:54:41 UTC 2020 /home/travis/build/icyphy/ptII/ptolemy/actor/lib/test/auto/DisplayArray.xml
----------------- Instantiating /home/travis/build/icyphy/ptII/ptolemy/actor/lib/test/auto/DisplayArray.xml
2 ms. Memory: 497664K Free: 262816K (53%)
----------------- Invoking toplevel() on ptolemy.moml.MoMLSimpleApplication@3218d03a
----------------- Done invoking toplevel() on ptolemy.moml.MoMLSimpleApplication@3218d03a
reloadAllAccessors: .DisplayArray

===========================================================================================
----------------- testing Sun Jan 26 06:54:41 UTC 2020 /home/travis/build/icyphy/ptII/ptolemy/actor/lib/test/auto/Distributor.xml
----------------- Instantiating /home/travis/build/icyphy/ptII/ptolemy/actor/lib/test/auto/Distributor.xml
1 ms. Memory: 497664K Free: 257696K (52%)
----------------- Invoking toplevel() on ptolemy.moml.MoMLSimpleApplication@7fa4f6aa
----------------- Done invoking toplevel() on ptolemy.moml.MoMLSimpleApplication@7fa4f6aa
reloadAllAccessors: .Distributor

===========================================================================================
----------------- testing Sun Jan 26 06:54:41 UTC 2020 /home/travis/build/icyphy/ptII/ptolemy/actor/lib/test/auto/Distributor2.xml
----------------- Instantiating /home/travis/build/icyphy/ptII/ptolemy/actor/lib/test/auto/Distributor2.xml
1 ms. Memory: 497664K Free: 253600K (51%)
----------------- Invoking toplevel() on ptolemy.moml.MoMLSimpleApplication@65e4f332
----------------- Done invoking toplevel() on ptolemy.moml.MoMLSimpleApplication@65e4f332
reloadAllAccessors: .Distributor2

===========================================================================================
----------------- testing Sun Jan 26 06:54:41 UTC 2020 /home/travis/build/icyphy/ptII/ptolemy/actor/lib/test/auto/DownSample.xml
----------------- Instantiating /home/travis/build/icyphy/ptII/ptolemy/actor/lib/test/auto/DownSample.xml
3 ms. Memory: 497664K Free: 248994K (50%)
----------------- Invoking toplevel() on ptolemy.moml.MoMLSimpleApplication@4ad8887d
----------------- Done invoking toplevel() on ptolemy.moml.MoMLSimpleApplication@4ad8887d
reloadAllAccessors: .DownSample

===========================================================================================
----------------- testing Sun Jan 26 06:54:41 UTC 2020 /home/travis/build/icyphy/ptII/ptolemy/actor/lib/test/auto/ElectronicUnitBase1.xml
----------------- Instantiating /home/travis/build/icyphy/ptII/ptolemy/actor/lib/test/auto/ElectronicUnitBase1.xml
21 ms. Memory: 497664K Free: 233120K (47%)
----------------- Invoking toplevel() on ptolemy.moml.MoMLSimpleApplication@10bf9414
----------------- Done invoking toplevel() on ptolemy.moml.MoMLSimpleApplication@10bf9414
reloadAllAccessors: .ElectronicUnitBase1

===========================================================================================
----------------- testing Sun Jan 26 06:54:42 UTC 2020 /home/travis/build/icyphy/ptII/ptolemy/actor/lib/test/auto/ElementsToArray.xml
----------------- Instantiating /home/travis/build/icyphy/ptII/ptolemy/actor/lib/test/auto/ElementsToArray.xml
2 ms. Memory: 497664K Free: 228000K (46%)
----------------- Invoking toplevel() on ptolemy.moml.MoMLSimpleApplication@366713a7
----------------- Done invoking toplevel() on ptolemy.moml.MoMLSimpleApplication@366713a7
reloadAllAccessors: .ElementsToArray

===========================================================================================
----------------- testing Sun Jan 26 06:54:42 UTC 2020 /home/travis/build/icyphy/ptII/ptolemy/actor/lib/test/auto/Equals.xml
----------------- Instantiating /home/travis/build/icyphy/ptII/ptolemy/actor/lib/test/auto/Equals.xml
3 ms. Memory: 497664K Free: 223394K (45%)
----------------- Invoking toplevel() on ptolemy.moml.MoMLSimpleApplication@752e8642
----------------- Done invoking toplevel() on ptolemy.moml.MoMLSimpleApplication@752e8642
reloadAllAccessors: .Equals

===========================================================================================
----------------- testing Sun Jan 26 06:54:42 UTC 2020 /home/travis/build/icyphy/ptII/ptolemy/actor/lib/test/auto/Exec.xml
----------------- Instantiating /home/travis/build/icyphy/ptII/ptolemy/actor/lib/test/auto/Exec.xml
15 ms. Memory: 497664K Free: 217250K (44%)
----------------- Invoking toplevel() on ptolemy.moml.MoMLSimpleApplication@66dfd181
----------------- Done invoking toplevel() on ptolemy.moml.MoMLSimpleApplication@66dfd181
reloadAllAccessors: .Exec

===========================================================================================
----------------- testing Sun Jan 26 06:54:42 UTC 2020 /home/travis/build/icyphy/ptII/ptolemy/actor/lib/test/auto/ExecEnvironment.xml
----------------- Instantiating /home/travis/build/icyphy/ptII/ptolemy/actor/lib/test/auto/ExecEnvironment.xml
28 ms. Memory: 497664K Free: 212130K (43%)
----------------- Invoking toplevel() on ptolemy.moml.MoMLSimpleApplication@92a0313
----------------- Done invoking toplevel() on ptolemy.moml.MoMLSimpleApplication@92a0313
reloadAllAccessors: .ExecEnvironment

===========================================================================================
----------------- testing Sun Jan 26 06:54:42 UTC 2020 /home/travis/build/icyphy/ptII/ptolemy/actor/lib/test/auto/ExecNonZeroReturnOutput.xml
----------------- Instantiating /home/travis/build/icyphy/ptII/ptolemy/actor/lib/test/auto/ExecNonZeroReturnOutput.xml
168 ms. Memory: 497664K Free: 438549K (88%)
----------------- Invoking toplevel() on ptolemy.moml.MoMLSimpleApplication@3374932a
----------------- Done invoking toplevel() on ptolemy.moml.MoMLSimpleApplication@3374932a
reloadAllAccessors: .ExecNonZeroReturnOutput

===========================================================================================
----------------- testing Sun Jan 26 06:54:42 UTC 2020 /home/travis/build/icyphy/ptII/ptolemy/actor/lib/test/auto/ExecRunDemos.xml
----------------- Instantiating /home/travis/build/icyphy/ptII/ptolemy/actor/lib/test/auto/ExecRunDemos.xml
Finished: 64 ms. Memory: 129024K Free: 111902K (87%)

Finished: 61 ms. Memory: 129024K Free: 109571K (85%)

Finished: 78 ms. Memory: 129024K Free: 109538K (85%)

Finished: 62 ms. Memory: 129024K Free: 111088K (86%)

Finished: 57 ms. Memory: 129024K Free: 111898K (87%)

10087 ms. Memory: 497664K Free: 417045K (84%)
----------------- Invoking toplevel() on ptolemy.moml.MoMLSimpleApplication@48e32098
----------------- Done invoking toplevel() on ptolemy.moml.MoMLSimpleApplication@48e32098
reloadAllAccessors: .ExecRunDemos

===========================================================================================
----------------- testing Sun Jan 26 06:54:52 UTC 2020 /home/travis/build/icyphy/ptII/ptolemy/actor/lib/test/auto/ExecStop.xml
----------------- Instantiating /home/travis/build/icyphy/ptII/ptolemy/actor/lib/test/auto/ExecStop.xml
5007 ms. Memory: 497664K Free: 299797K (60%)
----------------- Invoking toplevel() on ptolemy.moml.MoMLSimpleApplication@78cb8f3
----------------- Done invoking toplevel() on ptolemy.moml.MoMLSimpleApplication@78cb8f3
reloadAllAccessors: .ExecStop

===========================================================================================
----------------- testing Sun Jan 26 06:54:57 UTC 2020 /home/travis/build/icyphy/ptII/ptolemy/actor/lib/test/auto/ExecutionTimeSDF.xml
----------------- Instantiating /home/travis/build/icyphy/ptII/ptolemy/actor/lib/test/auto/ExecutionTimeSDF.xml
Fired ExecutionTime: -247367296
Fired ExecutionTime: 1334400000
Fired ExecutionTime: 1335600000
6003 ms. Memory: 497664K Free: 288519K (58%)
----------------- Invoking toplevel() on ptolemy.moml.MoMLSimpleApplication@6d642ed9
----------------- Done invoking toplevel() on ptolemy.moml.MoMLSimpleApplication@6d642ed9
reloadAllAccessors: .ExecutionTimeSDF

===========================================================================================
----------------- testing Sun Jan 26 06:55:03 UTC 2020 /home/travis/build/icyphy/ptII/ptolemy/actor/lib/test/auto/Expression1.xml
----------------- Instantiating /home/travis/build/icyphy/ptII/ptolemy/actor/lib/test/auto/Expression1.xml
1 ms. Memory: 497664K Free: 284951K (57%)
----------------- Invoking toplevel() on ptolemy.moml.MoMLSimpleApplication@ecdc2b0
----------------- Done invoking toplevel() on ptolemy.moml.MoMLSimpleApplication@ecdc2b0
reloadAllAccessors: .Expression1

===========================================================================================
----------------- testing Sun Jan 26 06:55:03 UTC 2020 /home/travis/build/icyphy/ptII/ptolemy/actor/lib/test/auto/Expression10.xml
----------------- Instantiating /home/travis/build/icyphy/ptII/ptolemy/actor/lib/test/auto/Expression10.xml
5 ms. Memory: 497664K Free: 279317K (56%)
----------------- Invoking toplevel() on ptolemy.moml.MoMLSimpleApplication@1aeae9d0
----------------- Done invoking toplevel() on ptolemy.moml.MoMLSimpleApplication@1aeae9d0
reloadAllAccessors: .Expression10

===========================================================================================
----------------- testing Sun Jan 26 06:55:03 UTC 2020 /home/travis/build/icyphy/ptII/ptolemy/actor/lib/test/auto/Expression11.xml
----------------- Instantiating /home/travis/build/icyphy/ptII/ptolemy/actor/lib/test/auto/Expression11.xml
2 ms. Memory: 497664K Free: 274197K (55%)
----------------- Invoking toplevel() on ptolemy.moml.MoMLSimpleApplication@6d581252
----------------- Done invoking toplevel() on ptolemy.moml.MoMLSimpleApplication@6d581252
reloadAllAccessors: .Expression11

===========================================================================================
----------------- testing Sun Jan 26 06:55:03 UTC 2020 /home/travis/build/icyphy/ptII/ptolemy/actor/lib/test/auto/Expression12.xml
----------------- Instantiating /home/travis/build/icyphy/ptII/ptolemy/actor/lib/test/auto/Expression12.xml
2 ms. Memory: 497664K Free: 269077K (54%)
----------------- Invoking toplevel() on ptolemy.moml.MoMLSimpleApplication@7ee0502a
----------------- Done invoking toplevel() on ptolemy.moml.MoMLSimpleApplication@7ee0502a
reloadAllAccessors: .Expression12

===========================================================================================
----------------- testing Sun Jan 26 06:55:03 UTC 2020 /home/travis/build/icyphy/ptII/ptolemy/actor/lib/test/auto/Expression13.xml
----------------- Instantiating /home/travis/build/icyphy/ptII/ptolemy/actor/lib/test/auto/Expression13.xml
3 ms. Memory: 497664K Free: 263957K (53%)
----------------- Invoking toplevel() on ptolemy.moml.MoMLSimpleApplication@1799abdd
----------------- Done invoking toplevel() on ptolemy.moml.MoMLSimpleApplication@1799abdd
reloadAllAccessors: .Expression13

===========================================================================================
----------------- testing Sun Jan 26 06:55:03 UTC 2020 /home/travis/build/icyphy/ptII/ptolemy/actor/lib/test/auto/Expression14.xml
----------------- Instantiating /home/travis/build/icyphy/ptII/ptolemy/actor/lib/test/auto/Expression14.xml
7 ms. Memory: 497664K Free: 257813K (52%)
----------------- Invoking toplevel() on ptolemy.moml.MoMLSimpleApplication@27fb255
----------------- Done invoking toplevel() on ptolemy.moml.MoMLSimpleApplication@27fb255
reloadAllAccessors: .Expression14

===========================================================================================
----------------- testing Sun Jan 26 06:55:03 UTC 2020 /home/travis/build/icyphy/ptII/ptolemy/actor/lib/test/auto/Expression15.xml
----------------- Instantiating /home/travis/build/icyphy/ptII/ptolemy/actor/lib/test/auto/Expression15.xml
1 ms. Memory: 497664K Free: 253717K (51%)
----------------- Invoking toplevel() on ptolemy.moml.MoMLSimpleApplication@2b2d4d89
----------------- Done invoking toplevel() on ptolemy.moml.MoMLSimpleApplication@2b2d4d89
reloadAllAccessors: .Expression15

===========================================================================================
----------------- testing Sun Jan 26 06:55:03 UTC 2020 /home/travis/build/icyphy/ptII/ptolemy/actor/lib/test/auto/Expression16.xml
----------------- Instantiating /home/travis/build/icyphy/ptII/ptolemy/actor/lib/test/auto/Expression16.xml
3 ms. Memory: 497664K Free: 248597K (50%)
----------------- Invoking toplevel() on ptolemy.moml.MoMLSimpleApplication@7d707ccd
----------------- Done invoking toplevel() on ptolemy.moml.MoMLSimpleApplication@7d707ccd
reloadAllAccessors: .Expression16

===========================================================================================
----------------- testing Sun Jan 26 06:55:03 UTC 2020 /home/travis/build/icyphy/ptII/ptolemy/actor/lib/test/auto/Expression17.xml
----------------- Instantiating /home/travis/build/icyphy/ptII/ptolemy/actor/lib/test/auto/Expression17.xml
3 ms. Memory: 497664K Free: 243477K (49%)
----------------- Invoking toplevel() on ptolemy.moml.MoMLSimpleApplication@2ec43126
----------------- Done invoking toplevel() on ptolemy.moml.MoMLSimpleApplication@2ec43126
reloadAllAccessors: .Expression17

===========================================================================================
----------------- testing Sun Jan 26 06:55:03 UTC 2020 /home/travis/build/icyphy/ptII/ptolemy/actor/lib/test/auto/Expression18.xml
----------------- Instantiating /home/travis/build/icyphy/ptII/ptolemy/actor/lib/test/auto/Expression18.xml
1 ms. Memory: 497664K Free: 238357K (48%)
----------------- Invoking toplevel() on ptolemy.moml.MoMLSimpleApplication@3977be20
----------------- Done invoking toplevel() on ptolemy.moml.MoMLSimpleApplication@3977be20
reloadAllAccessors: .Expression18

===========================================================================================
----------------- testing Sun Jan 26 06:55:03 UTC 2020 /home/travis/build/icyphy/ptII/ptolemy/actor/lib/test/auto/Expression2.xml
----------------- Instantiating /home/travis/build/icyphy/ptII/ptolemy/actor/lib/test/auto/Expression2.xml
3 ms. Memory: 497664K Free: 233237K (47%)
----------------- Invoking toplevel() on ptolemy.moml.MoMLSimpleApplication@760142de
----------------- Done invoking toplevel() on ptolemy.moml.MoMLSimpleApplication@760142de
reloadAllAccessors: .Expression2

===========================================================================================
----------------- testing Sun Jan 26 06:55:03 UTC 2020 /home/travis/build/icyphy/ptII/ptolemy/actor/lib/test/auto/Expression3.xml
----------------- Instantiating /home/travis/build/icyphy/ptII/ptolemy/actor/lib/test/auto/Expression3.xml
5 ms. Memory: 497664K Free: 228117K (46%)
----------------- Invoking toplevel() on ptolemy.moml.MoMLSimpleApplication@340ed953
----------------- Done invoking toplevel() on ptolemy.moml.MoMLSimpleApplication@340ed953
reloadAllAccessors: .Expression3

===========================================================================================
----------------- testing Sun Jan 26 06:55:03 UTC 2020 /home/travis/build/icyphy/ptII/ptolemy/actor/lib/test/auto/Expression4.xml
----------------- Instantiating /home/travis/build/icyphy/ptII/ptolemy/actor/lib/test/auto/Expression4.xml
4 ms. Memory: 497664K Free: 220439K (44%)
----------------- Invoking toplevel() on ptolemy.moml.MoMLSimpleApplication@263185bc
----------------- Done invoking toplevel() on ptolemy.moml.MoMLSimpleApplication@263185bc
reloadAllAccessors: .Expression4

===========================================================================================
----------------- testing Sun Jan 26 06:55:03 UTC 2020 /home/travis/build/icyphy/ptII/ptolemy/actor/lib/test/auto/Expression5.xml
----------------- Instantiating /home/travis/build/icyphy/ptII/ptolemy/actor/lib/test/auto/Expression5.xml
3 ms. Memory: 497664K Free: 215319K (43%)
----------------- Invoking toplevel() on ptolemy.moml.MoMLSimpleApplication@2182c0cc
----------------- Done invoking toplevel() on ptolemy.moml.MoMLSimpleApplication@2182c0cc
reloadAllAccessors: .Expression5

===========================================================================================
----------------- testing Sun Jan 26 06:55:03 UTC 2020 /home/travis/build/icyphy/ptII/ptolemy/actor/lib/test/auto/Expression6.xml
----------------- Instantiating /home/travis/build/icyphy/ptII/ptolemy/actor/lib/test/auto/Expression6.xml
2 ms. Memory: 497664K Free: 211223K (42%)
----------------- Invoking toplevel() on ptolemy.moml.MoMLSimpleApplication@71301930
----------------- Done invoking toplevel() on ptolemy.moml.MoMLSimpleApplication@71301930
reloadAllAccessors: .Expression6

===========================================================================================
----------------- testing Sun Jan 26 06:55:03 UTC 2020 /home/travis/build/icyphy/ptII/ptolemy/actor/lib/test/auto/Expression7.xml
----------------- Instantiating /home/travis/build/icyphy/ptII/ptolemy/actor/lib/test/auto/Expression7.xml
2 ms. Memory: 497664K Free: 206103K (41%)
----------------- Invoking toplevel() on ptolemy.moml.MoMLSimpleApplication@6da0dd34
----------------- Done invoking toplevel() on ptolemy.moml.MoMLSimpleApplication@6da0dd34
reloadAllAccessors: .Expression7

===========================================================================================
----------------- testing Sun Jan 26 06:55:03 UTC 2020 /home/travis/build/icyphy/ptII/ptolemy/actor/lib/test/auto/Expression8.xml
----------------- Instantiating /home/travis/build/icyphy/ptII/ptolemy/actor/lib/test/auto/Expression8.xml
7 ms. Memory: 497664K Free: 200983K (40%)
----------------- Invoking toplevel() on ptolemy.moml.MoMLSimpleApplication@618e7979
----------------- Done invoking toplevel() on ptolemy.moml.MoMLSimpleApplication@618e7979
reloadAllAccessors: .Expression8

===========================================================================================
----------------- testing Sun Jan 26 06:55:03 UTC 2020 /home/travis/build/icyphy/ptII/ptolemy/actor/lib/test/auto/Expression9.xml
----------------- Instantiating /home/travis/build/icyphy/ptII/ptolemy/actor/lib/test/auto/Expression9.xml
1 ms. Memory: 497664K Free: 196887K (40%)
----------------- Invoking toplevel() on ptolemy.moml.MoMLSimpleApplication@1df218d6
----------------- Done invoking toplevel() on ptolemy.moml.MoMLSimpleApplication@1df218d6
reloadAllAccessors: .Expression9

===========================================================================================
----------------- testing Sun Jan 26 06:55:03 UTC 2020 /home/travis/build/icyphy/ptII/ptolemy/actor/lib/test/auto/ExpressionConcatenateArrayType.xml
----------------- Instantiating /home/travis/build/icyphy/ptII/ptolemy/actor/lib/test/auto/ExpressionConcatenateArrayType.xml
3 ms. Memory: 497664K Free: 190229K (38%)
----------------- Invoking toplevel() on ptolemy.moml.MoMLSimpleApplication@37f28480
----------------- Done invoking toplevel() on ptolemy.moml.MoMLSimpleApplication@37f28480
reloadAllAccessors: .ExpressionConcatenateArrayType

===========================================================================================
----------------- testing Sun Jan 26 06:55:03 UTC 2020 /home/travis/build/icyphy/ptII/ptolemy/actor/lib/test/auto/ExpressionConcatenateArrayType2.xml
----------------- Instantiating /home/travis/build/icyphy/ptII/ptolemy/actor/lib/test/auto/ExpressionConcatenateArrayType2.xml
1 ms. Memory: 497664K Free: 184599K (37%)
----------------- Invoking toplevel() on ptolemy.moml.MoMLSimpleApplication@65cab7b9
----------------- Done invoking toplevel() on ptolemy.moml.MoMLSimpleApplication@65cab7b9
reloadAllAccessors: .ExpressionConcatenateArrayType2

===========================================================================================
----------------- testing Sun Jan 26 06:55:03 UTC 2020 /home/travis/build/icyphy/ptII/ptolemy/actor/lib/test/auto/ExpressionFix.xml
----------------- Instantiating /home/travis/build/icyphy/ptII/ptolemy/actor/lib/test/auto/ExpressionFix.xml
18 ms. Memory: 497664K Free: 178455K (36%)
----------------- Invoking toplevel() on ptolemy.moml.MoMLSimpleApplication@1d3b4fe7
----------------- Done invoking toplevel() on ptolemy.moml.MoMLSimpleApplication@1d3b4fe7
reloadAllAccessors: .ExpressionFix

===========================================================================================
----------------- testing Sun Jan 26 06:55:03 UTC 2020 /home/travis/build/icyphy/ptII/ptolemy/actor/lib/test/auto/ExpressionFix2.xml
----------------- Instantiating /home/travis/build/icyphy/ptII/ptolemy/actor/lib/test/auto/ExpressionFix2.xml
3 ms. Memory: 497664K Free: 174359K (35%)
----------------- Invoking toplevel() on ptolemy.moml.MoMLSimpleApplication@38efb7e5
----------------- Done invoking toplevel() on ptolemy.moml.MoMLSimpleApplication@38efb7e5
reloadAllAccessors: .ExpressionFix2

===========================================================================================
----------------- testing Sun Jan 26 06:55:03 UTC 2020 /home/travis/build/icyphy/ptII/ptolemy/actor/lib/test/auto/ExpressionFix3.xml
----------------- Instantiating /home/travis/build/icyphy/ptII/ptolemy/actor/lib/test/auto/ExpressionFix3.xml
2 ms. Memory: 497664K Free: 169749K (34%)
----------------- Invoking toplevel() on ptolemy.moml.MoMLSimpleApplication@51e54170
----------------- Done invoking toplevel() on ptolemy.moml.MoMLSimpleApplication@51e54170
reloadAllAccessors: .ExpressionFix3

===========================================================================================
----------------- testing Sun Jan 26 06:55:03 UTC 2020 /home/travis/build/icyphy/ptII/ptolemy/actor/lib/test/auto/FileWriter1.xml
----------------- Instantiating /home/travis/build/icyphy/ptII/ptolemy/actor/lib/test/auto/FileWriter1.xml
2 ms. Memory: 497664K Free: 165653K (33%)
----------------- Invoking toplevel() on ptolemy.moml.MoMLSimpleApplication@6d0df6dc
----------------- Done invoking toplevel() on ptolemy.moml.MoMLSimpleApplication@6d0df6dc
reloadAllAccessors: .FileWriter1

===========================================================================================
----------------- testing Sun Jan 26 06:55:03 UTC 2020 /home/travis/build/icyphy/ptII/ptolemy/actor/lib/test/auto/FileWriter2.xml
----------------- Instantiating /home/travis/build/icyphy/ptII/ptolemy/actor/lib/test/auto/FileWriter2.xml
5 ms. Memory: 497664K Free: 161557K (32%)
----------------- Invoking toplevel() on ptolemy.moml.MoMLSimpleApplication@168a570
----------------- Done invoking toplevel() on ptolemy.moml.MoMLSimpleApplication@168a570
reloadAllAccessors: .FileWriter2

===========================================================================================
----------------- testing Sun Jan 26 06:55:03 UTC 2020 /home/travis/build/icyphy/ptII/ptolemy/actor/lib/test/auto/FileWriter3.xml
----------------- Instantiating /home/travis/build/icyphy/ptII/ptolemy/actor/lib/test/auto/FileWriter3.xml
3 ms. Memory: 497664K Free: 156951K (32%)
----------------- Invoking toplevel() on ptolemy.moml.MoMLSimpleApplication@6580765
----------------- Done invoking toplevel() on ptolemy.moml.MoMLSimpleApplication@6580765
reloadAllAccessors: .FileWriter3

===========================================================================================
----------------- testing Sun Jan 26 06:55:03 UTC 2020 /home/travis/build/icyphy/ptII/ptolemy/actor/lib/test/auto/Gaussian.xml
----------------- Instantiating /home/travis/build/icyphy/ptII/ptolemy/actor/lib/test/auto/Gaussian.xml
2 ms. Memory: 497664K Free: 447101K (90%)
----------------- Invoking toplevel() on ptolemy.moml.MoMLSimpleApplication@1c364fcc
----------------- Done invoking toplevel() on ptolemy.moml.MoMLSimpleApplication@1c364fcc
reloadAllAccessors: .Gaussian

===========================================================================================
----------------- testing Sun Jan 26 06:55:03 UTC 2020 /home/travis/build/icyphy/ptII/ptolemy/actor/lib/test/auto/Gaussian1.xml
----------------- Instantiating /home/travis/build/icyphy/ptII/ptolemy/actor/lib/test/auto/Gaussian1.xml
1 ms. Memory: 497664K Free: 441461K (89%)
----------------- Invoking toplevel() on ptolemy.moml.MoMLSimpleApplication@1e6d9133
----------------- Done invoking toplevel() on ptolemy.moml.MoMLSimpleApplication@1e6d9133
reloadAllAccessors: .Gaussian1

===========================================================================================
----------------- testing Sun Jan 26 06:55:03 UTC 2020 /home/travis/build/icyphy/ptII/ptolemy/actor/lib/test/auto/Gaussian2.xml
----------------- Instantiating /home/travis/build/icyphy/ptII/ptolemy/actor/lib/test/auto/Gaussian2.xml
9 ms. Memory: 497664K Free: 435837K (88%)
----------------- Invoking toplevel() on ptolemy.moml.MoMLSimpleApplication@4da25441
----------------- Done invoking toplevel() on ptolemy.moml.MoMLSimpleApplication@4da25441
reloadAllAccessors: .Gaussian2

===========================================================================================
----------------- testing Sun Jan 26 06:55:03 UTC 2020 /home/travis/build/icyphy/ptII/ptolemy/actor/lib/test/auto/GradientAdaptiveLattice.xml
----------------- Instantiating /home/travis/build/icyphy/ptII/ptolemy/actor/lib/test/auto/GradientAdaptiveLattice.xml
3 ms. Memory: 497664K Free: 430717K (87%)
----------------- Invoking toplevel() on ptolemy.moml.MoMLSimpleApplication@704214f5
----------------- Done invoking toplevel() on ptolemy.moml.MoMLSimpleApplication@704214f5
reloadAllAccessors: .GradientAdaptiveLattice

===========================================================================================
----------------- testing Sun Jan 26 06:55:04 UTC 2020 /home/travis/build/icyphy/ptII/ptolemy/actor/lib/test/auto/IIR.xml
----------------- Instantiating /home/travis/build/icyphy/ptII/ptolemy/actor/lib/test/auto/IIR.xml
1 ms. Memory: 497664K Free: 426107K (86%)
----------------- Invoking toplevel() on ptolemy.moml.MoMLSimpleApplication@7ca986b0
----------------- Done invoking toplevel() on ptolemy.moml.MoMLSimpleApplication@7ca986b0
reloadAllAccessors: .IIR

===========================================================================================
----------------- testing Sun Jan 26 06:55:04 UTC 2020 /home/travis/build/icyphy/ptII/ptolemy/actor/lib/test/auto/InputOutputTransparentPorts.xml
----------------- Instantiating /home/travis/build/icyphy/ptII/ptolemy/actor/lib/test/auto/InputOutputTransparentPorts.xml
2 ms. Memory: 497664K Free: 418939K (84%)
----------------- Invoking toplevel() on ptolemy.moml.MoMLSimpleApplication@18741fd2
----------------- Done invoking toplevel() on ptolemy.moml.MoMLSimpleApplication@18741fd2
reloadAllAccessors: .InputOutputTransparentPorts

===========================================================================================
----------------- testing Sun Jan 26 06:55:04 UTC 2020 /home/travis/build/icyphy/ptII/ptolemy/actor/lib/test/auto/Interpolator.xml
----------------- Instantiating /home/travis/build/icyphy/ptII/ptolemy/actor/lib/test/auto/Interpolator.xml
3 ms. Memory: 497664K Free: 414843K (83%)
----------------- Invoking toplevel() on ptolemy.moml.MoMLSimpleApplication@3baf5645
----------------- Done invoking toplevel() on ptolemy.moml.MoMLSimpleApplication@3baf5645
reloadAllAccessors: .Interpolator

===========================================================================================
----------------- testing Sun Jan 26 06:55:04 UTC 2020 /home/travis/build/icyphy/ptII/ptolemy/actor/lib/test/auto/InterpolatorFiringLimitDE.xml
----------------- Instantiating /home/travis/build/icyphy/ptII/ptolemy/actor/lib/test/auto/InterpolatorFiringLimitDE.xml
1 ms. Memory: 497664K Free: 408699K (82%)
----------------- Invoking toplevel() on ptolemy.moml.MoMLSimpleApplication@728b7908
----------------- Done invoking toplevel() on ptolemy.moml.MoMLSimpleApplication@728b7908
reloadAllAccessors: .InterpolatorFiringLimitDE

===========================================================================================
----------------- testing Sun Jan 26 06:55:04 UTC 2020 /home/travis/build/icyphy/ptII/ptolemy/actor/lib/test/auto/Lattice.xml
----------------- Instantiating /home/travis/build/icyphy/ptII/ptolemy/actor/lib/test/auto/Lattice.xml
1 ms. Memory: 497664K Free: 405117K (81%)
----------------- Invoking toplevel() on ptolemy.moml.MoMLSimpleApplication@76ab1e0a
----------------- Done invoking toplevel() on ptolemy.moml.MoMLSimpleApplication@76ab1e0a
reloadAllAccessors: .Lattice

===========================================================================================
----------------- testing Sun Jan 26 06:55:04 UTC 2020 /home/travis/build/icyphy/ptII/ptolemy/actor/lib/test/auto/LazyAOCTestLazy.xml
----------------- Instantiating /home/travis/build/icyphy/ptII/ptolemy/actor/lib/test/auto/LazyAOCTestLazy.xml
8 ms. Memory: 497664K Free: 398973K (80%)
----------------- Invoking toplevel() on ptolemy.moml.MoMLSimpleApplication@199b550
----------------- Done invoking toplevel() on ptolemy.moml.MoMLSimpleApplication@199b550
reloadAllAccessors: .LazyAOCTestLazy

===========================================================================================
----------------- testing Sun Jan 26 06:55:04 UTC 2020 /home/travis/build/icyphy/ptII/ptolemy/actor/lib/test/auto/LazyAOCTestNonLazy.xml
----------------- Instantiating /home/travis/build/icyphy/ptII/ptolemy/actor/lib/test/auto/LazyAOCTestNonLazy.xml
1 ms. Memory: 497664K Free: 392315K (79%)
----------------- Invoking toplevel() on ptolemy.moml.MoMLSimpleApplication@1f8cebb7
----------------- Done invoking toplevel() on ptolemy.moml.MoMLSimpleApplication@1f8cebb7
reloadAllAccessors: .LazyAOCTestNonLazy

===========================================================================================
----------------- testing Sun Jan 26 06:55:04 UTC 2020 /home/travis/build/icyphy/ptII/ptolemy/actor/lib/test/auto/LazyInnerClass.xml
----------------- Instantiating /home/travis/build/icyphy/ptII/ptolemy/actor/lib/test/auto/LazyInnerClass.xml
19 ms. Memory: 497664K Free: 383613K (77%)
----------------- Invoking toplevel() on ptolemy.moml.MoMLSimpleApplication@43c79a5d
----------------- Done invoking toplevel() on ptolemy.moml.MoMLSimpleApplication@43c79a5d
reloadAllAccessors: .LazyInnerClass

===========================================================================================
----------------- testing Sun Jan 26 06:55:04 UTC 2020 /home/travis/build/icyphy/ptII/ptolemy/actor/lib/test/auto/LazyPubSub.xml
----------------- Instantiating /home/travis/build/icyphy/ptII/ptolemy/actor/lib/test/auto/LazyPubSub.xml
24 ms. Memory: 497664K Free: 373883K (75%)
----------------- Invoking toplevel() on ptolemy.moml.MoMLSimpleApplication@778b61e3
----------------- Done invoking toplevel() on ptolemy.moml.MoMLSimpleApplication@778b61e3
reloadAllAccessors: .LazyPubSub

===========================================================================================
----------------- testing Sun Jan 26 06:55:04 UTC 2020 /home/travis/build/icyphy/ptII/ptolemy/actor/lib/test/auto/LazyPubSub2.xml
----------------- Instantiating /home/travis/build/icyphy/ptII/ptolemy/actor/lib/test/auto/LazyPubSub2.xml
15 ms. Memory: 497664K Free: 364157K (73%)
----------------- Invoking toplevel() on ptolemy.moml.MoMLSimpleApplication@429569e4
----------------- Done invoking toplevel() on ptolemy.moml.MoMLSimpleApplication@429569e4
reloadAllAccessors: .LazyPubSub2

===========================================================================================
----------------- testing Sun Jan 26 06:55:04 UTC 2020 /home/travis/build/icyphy/ptII/ptolemy/actor/lib/test/auto/LazyPubSub3.xml
----------------- Instantiating /home/travis/build/icyphy/ptII/ptolemy/actor/lib/test/auto/LazyPubSub3.xml
12 ms. Memory: 497664K Free: 353917K (71%)
----------------- Invoking toplevel() on ptolemy.moml.MoMLSimpleApplication@3e8d7775
----------------- Done invoking toplevel() on ptolemy.moml.MoMLSimpleApplication@3e8d7775
reloadAllAccessors: .LazyPubSub3

===========================================================================================
----------------- testing Sun Jan 26 06:55:04 UTC 2020 /home/travis/build/icyphy/ptII/ptolemy/actor/lib/test/auto/LazySubClassModel.xml
----------------- Instantiating /home/travis/build/icyphy/ptII/ptolemy/actor/lib/test/auto/LazySubClassModel.xml
3 ms. Memory: 497664K Free: 344701K (69%)
----------------- Invoking toplevel() on ptolemy.moml.MoMLSimpleApplication@3f6c7cb4
----------------- Done invoking toplevel() on ptolemy.moml.MoMLSimpleApplication@3f6c7cb4
reloadAllAccessors: .LazySubClassModel

===========================================================================================
----------------- testing Sun Jan 26 06:55:04 UTC 2020 /home/travis/build/icyphy/ptII/ptolemy/actor/lib/test/auto/LevelCrossTest1.xml
----------------- Instantiating /home/travis/build/icyphy/ptII/ptolemy/actor/lib/test/auto/LevelCrossTest1.xml
1 ms. Memory: 497664K Free: 339067K (68%)
----------------- Invoking toplevel() on ptolemy.moml.MoMLSimpleApplication@352e8aea
----------------- Done invoking toplevel() on ptolemy.moml.MoMLSimpleApplication@352e8aea
reloadAllAccessors: .broken

===========================================================================================
----------------- testing Sun Jan 26 06:55:04 UTC 2020 /home/travis/build/icyphy/ptII/ptolemy/actor/lib/test/auto/LevelCrossTest10.xml
----------------- Instantiating /home/travis/build/icyphy/ptII/ptolemy/actor/lib/test/auto/LevelCrossTest10.xml
1 ms. Memory: 497664K Free: 332413K (67%)
----------------- Invoking toplevel() on ptolemy.moml.MoMLSimpleApplication@5439c0ce
----------------- Done invoking toplevel() on ptolemy.moml.MoMLSimpleApplication@5439c0ce
reloadAllAccessors: .LevelCrossTest10

===========================================================================================
----------------- testing Sun Jan 26 06:55:04 UTC 2020 /home/travis/build/icyphy/ptII/ptolemy/actor/lib/test/auto/LevelCrossTest11.xml
----------------- Instantiating /home/travis/build/icyphy/ptII/ptolemy/actor/lib/test/auto/LevelCrossTest11.xml
1 ms. Memory: 497664K Free: 325755K (65%)
----------------- Invoking toplevel() on ptolemy.moml.MoMLSimpleApplication@4bf0a087
----------------- Done invoking toplevel() on ptolemy.moml.MoMLSimpleApplication@4bf0a087
reloadAllAccessors: .LevelCrossTest11

===========================================================================================
----------------- testing Sun Jan 26 06:55:04 UTC 2020 /home/travis/build/icyphy/ptII/ptolemy/actor/lib/test/auto/LevelCrossTest12.xml
----------------- Instantiating /home/travis/build/icyphy/ptII/ptolemy/actor/lib/test/auto/LevelCrossTest12.xml
1 ms. Memory: 497664K Free: 318077K (64%)
----------------- Invoking toplevel() on ptolemy.moml.MoMLSimpleApplication@25d018d5
----------------- Done invoking toplevel() on ptolemy.moml.MoMLSimpleApplication@25d018d5
reloadAllAccessors: .LevelCrossTest12

===========================================================================================
----------------- testing Sun Jan 26 06:55:04 UTC 2020 /home/travis/build/icyphy/ptII/ptolemy/actor/lib/test/auto/LevelCrossTest13.xml
----------------- Instantiating /home/travis/build/icyphy/ptII/ptolemy/actor/lib/test/auto/LevelCrossTest13.xml
1 ms. Memory: 497664K Free: 310909K (62%)
----------------- Invoking toplevel() on ptolemy.moml.MoMLSimpleApplication@44e17a3f
----------------- Done invoking toplevel() on ptolemy.moml.MoMLSimpleApplication@44e17a3f
reloadAllAccessors: .LevelCrossTest13

===========================================================================================
----------------- testing Sun Jan 26 06:55:04 UTC 2020 /home/travis/build/icyphy/ptII/ptolemy/actor/lib/test/auto/LevelCrossTest2.xml
----------------- Instantiating /home/travis/build/icyphy/ptII/ptolemy/actor/lib/test/auto/LevelCrossTest2.xml
1 ms. Memory: 497664K Free: 305275K (61%)
----------------- Invoking toplevel() on ptolemy.moml.MoMLSimpleApplication@240cec0c
----------------- Done invoking toplevel() on ptolemy.moml.MoMLSimpleApplication@240cec0c
reloadAllAccessors: .broken

===========================================================================================
----------------- testing Sun Jan 26 06:55:04 UTC 2020 /home/travis/build/icyphy/ptII/ptolemy/actor/lib/test/auto/LevelCrossTest3.xml
----------------- Instantiating /home/travis/build/icyphy/ptII/ptolemy/actor/lib/test/auto/LevelCrossTest3.xml
1 ms. Memory: 497664K Free: 298621K (60%)
----------------- Invoking toplevel() on ptolemy.moml.MoMLSimpleApplication@6e9bba36
----------------- Done invoking toplevel() on ptolemy.moml.MoMLSimpleApplication@6e9bba36
reloadAllAccessors: .LevelCrossTest3

===========================================================================================
----------------- testing Sun Jan 26 06:55:04 UTC 2020 /home/travis/build/icyphy/ptII/ptolemy/actor/lib/test/auto/LevelCrossTest4.xml
----------------- Instantiating /home/travis/build/icyphy/ptII/ptolemy/actor/lib/test/auto/LevelCrossTest4.xml
1 ms. Memory: 497664K Free: 292987K (59%)
----------------- Invoking toplevel() on ptolemy.moml.MoMLSimpleApplication@29e1593b
----------------- Done invoking toplevel() on ptolemy.moml.MoMLSimpleApplication@29e1593b
reloadAllAccessors: .broken

===========================================================================================
----------------- testing Sun Jan 26 06:55:04 UTC 2020 /home/travis/build/icyphy/ptII/ptolemy/actor/lib/test/auto/LevelCrossTest5.xml
----------------- Instantiating /home/travis/build/icyphy/ptII/ptolemy/actor/lib/test/auto/LevelCrossTest5.xml
3 ms. Memory: 497664K Free: 285819K (57%)
----------------- Invoking toplevel() on ptolemy.moml.MoMLSimpleApplication@562ee263
----------------- Done invoking toplevel() on ptolemy.moml.MoMLSimpleApplication@562ee263
reloadAllAccessors: .LevelCrossTest5

===========================================================================================
----------------- testing Sun Jan 26 06:55:04 UTC 2020 /home/travis/build/icyphy/ptII/ptolemy/actor/lib/test/auto/LevelCrossTest6.xml
----------------- Instantiating /home/travis/build/icyphy/ptII/ptolemy/actor/lib/test/auto/LevelCrossTest6.xml
1 ms. Memory: 497664K Free: 278651K (56%)
----------------- Invoking toplevel() on ptolemy.moml.MoMLSimpleApplication@652e1d92
----------------- Done invoking toplevel() on ptolemy.moml.MoMLSimpleApplication@652e1d92
reloadAllAccessors: .LevelCrossTest6

===========================================================================================
----------------- testing Sun Jan 26 06:55:04 UTC 2020 /home/travis/build/icyphy/ptII/ptolemy/actor/lib/test/auto/LevelCrossTest7.xml
----------------- Instantiating /home/travis/build/icyphy/ptII/ptolemy/actor/lib/test/auto/LevelCrossTest7.xml
1 ms. Memory: 497664K Free: 270459K (54%)
----------------- Invoking toplevel() on ptolemy.moml.MoMLSimpleApplication@45185fc2
----------------- Done invoking toplevel() on ptolemy.moml.MoMLSimpleApplication@45185fc2
reloadAllAccessors: .LevelCrossTest7

===========================================================================================
----------------- testing Sun Jan 26 06:55:04 UTC 2020 /home/travis/build/icyphy/ptII/ptolemy/actor/lib/test/auto/LevelCrossTest8.xml
----------------- Instantiating /home/travis/build/icyphy/ptII/ptolemy/actor/lib/test/auto/LevelCrossTest8.xml
1 ms. Memory: 497664K Free: 262781K (53%)
----------------- Invoking toplevel() on ptolemy.moml.MoMLSimpleApplication@69639145
----------------- Done invoking toplevel() on ptolemy.moml.MoMLSimpleApplication@69639145
reloadAllAccessors: .LevelCrossTest8

===========================================================================================
----------------- testing Sun Jan 26 06:55:04 UTC 2020 /home/travis/build/icyphy/ptII/ptolemy/actor/lib/test/auto/LevelCrossTest9.xml
----------------- Instantiating /home/travis/build/icyphy/ptII/ptolemy/actor/lib/test/auto/LevelCrossTest9.xml
1 ms. Memory: 497664K Free: 255613K (51%)
----------------- Invoking toplevel() on ptolemy.moml.MoMLSimpleApplication@1630e629
----------------- Done invoking toplevel() on ptolemy.moml.MoMLSimpleApplication@1630e629
reloadAllAccessors: .LevelCrossTest9

===========================================================================================
----------------- testing Sun Jan 26 06:55:04 UTC 2020 /home/travis/build/icyphy/ptII/ptolemy/actor/lib/test/auto/LevinsonDurbin.xml
----------------- Instantiating /home/travis/build/icyphy/ptII/ptolemy/actor/lib/test/auto/LevinsonDurbin.xml
1 ms. Memory: 497664K Free: 251517K (51%)
----------------- Invoking toplevel() on ptolemy.moml.MoMLSimpleApplication@d70a753
----------------- Done invoking toplevel() on ptolemy.moml.MoMLSimpleApplication@d70a753
reloadAllAccessors: .LevinsonDurbin

===========================================================================================
----------------- testing Sun Jan 26 06:55:04 UTC 2020 /home/travis/build/icyphy/ptII/ptolemy/actor/lib/test/auto/LevinsonDurbin2.xml
----------------- Instantiating /home/travis/build/icyphy/ptII/ptolemy/actor/lib/test/auto/LevinsonDurbin2.xml
2 ms. Memory: 497664K Free: 247421K (50%)
----------------- Invoking toplevel() on ptolemy.moml.MoMLSimpleApplication@691c806f
----------------- Done invoking toplevel() on ptolemy.moml.MoMLSimpleApplication@691c806f
reloadAllAccessors: .LevinsonDurbin2

===========================================================================================
----------------- testing Sun Jan 26 06:55:04 UTC 2020 /home/travis/build/icyphy/ptII/ptolemy/actor/lib/test/auto/LevinsonDurbin3.xml
----------------- Instantiating /home/travis/build/icyphy/ptII/ptolemy/actor/lib/test/auto/LevinsonDurbin3.xml
10 ms. Memory: 497664K Free: 243325K (49%)
----------------- Invoking toplevel() on ptolemy.moml.MoMLSimpleApplication@7d2a9891
----------------- Done invoking toplevel() on ptolemy.moml.MoMLSimpleApplication@7d2a9891
reloadAllAccessors: .LevinsonDurbin3

===========================================================================================
----------------- testing Sun Jan 26 06:55:04 UTC 2020 /home/travis/build/icyphy/ptII/ptolemy/actor/lib/test/auto/Limiter.xml
----------------- Instantiating /home/travis/build/icyphy/ptII/ptolemy/actor/lib/test/auto/Limiter.xml
3 ms. Memory: 497664K Free: 234589K (47%)
----------------- Invoking toplevel() on ptolemy.moml.MoMLSimpleApplication@7e05e26d
----------------- Done invoking toplevel() on ptolemy.moml.MoMLSimpleApplication@7e05e26d
reloadAllAccessors: .Limiter

===========================================================================================
----------------- testing Sun Jan 26 06:55:04 UTC 2020 /home/travis/build/icyphy/ptII/ptolemy/actor/lib/test/auto/LinearDifferenceEquationSystem.xml
----------------- Instantiating /home/travis/build/icyphy/ptII/ptolemy/actor/lib/test/auto/LinearDifferenceEquationSystem.xml
7 ms. Memory: 497664K Free: 227451K (46%)
----------------- Invoking toplevel() on ptolemy.moml.MoMLSimpleApplication@631c65c3
----------------- Done invoking toplevel() on ptolemy.moml.MoMLSimpleApplication@631c65c3
reloadAllAccessors: .LinearDifferenceEquationSystem

===========================================================================================
----------------- testing Sun Jan 26 06:55:04 UTC 2020 /home/travis/build/icyphy/ptII/ptolemy/actor/lib/test/auto/LookupTable.xml
----------------- Instantiating /home/travis/build/icyphy/ptII/ptolemy/actor/lib/test/auto/LookupTable.xml
1 ms. Memory: 497664K Free: 222845K (45%)
----------------- Invoking toplevel() on ptolemy.moml.MoMLSimpleApplication@2de6d9e9
----------------- Done invoking toplevel() on ptolemy.moml.MoMLSimpleApplication@2de6d9e9
reloadAllAccessors: .LookupTable

===========================================================================================
----------------- testing Sun Jan 26 06:55:04 UTC 2020 /home/travis/build/icyphy/ptII/ptolemy/actor/lib/test/auto/MathFunction.xml
----------------- Instantiating /home/travis/build/icyphy/ptII/ptolemy/actor/lib/test/auto/MathFunction.xml
2 ms. Memory: 497664K Free: 214653K (43%)
----------------- Invoking toplevel() on ptolemy.moml.MoMLSimpleApplication@220cb95e
----------------- Done invoking toplevel() on ptolemy.moml.MoMLSimpleApplication@220cb95e
reloadAllAccessors: .MathFunction

===========================================================================================
----------------- testing Sun Jan 26 06:55:04 UTC 2020 /home/travis/build/icyphy/ptII/ptolemy/actor/lib/test/auto/MathFunction2.xml
----------------- Instantiating /home/travis/build/icyphy/ptII/ptolemy/actor/lib/test/auto/MathFunction2.xml
1 ms. Memory: 497664K Free: 210557K (42%)
----------------- Invoking toplevel() on ptolemy.moml.MoMLSimpleApplication@4ef79dcc
----------------- Done invoking toplevel() on ptolemy.moml.MoMLSimpleApplication@4ef79dcc
reloadAllAccessors: .MathFunction2

===========================================================================================
----------------- testing Sun Jan 26 06:55:04 UTC 2020 /home/travis/build/icyphy/ptII/ptolemy/actor/lib/test/auto/MathFunction3.xml
----------------- Instantiating /home/travis/build/icyphy/ptII/ptolemy/actor/lib/test/auto/MathFunction3.xml
2 ms. Memory: 497664K Free: 203389K (41%)
----------------- Invoking toplevel() on ptolemy.moml.MoMLSimpleApplication@2aed8cae
----------------- Done invoking toplevel() on ptolemy.moml.MoMLSimpleApplication@2aed8cae
reloadAllAccessors: .MathFunction3

===========================================================================================
----------------- testing Sun Jan 26 06:55:04 UTC 2020 /home/travis/build/icyphy/ptII/ptolemy/actor/lib/test/auto/MatrixCropBoolean.xml
----------------- Instantiating /home/travis/build/icyphy/ptII/ptolemy/actor/lib/test/auto/MatrixCropBoolean.xml
2 ms. Memory: 497664K Free: 198749K (40%)
----------------- Invoking toplevel() on ptolemy.moml.MoMLSimpleApplication@39c63b6e
----------------- Done invoking toplevel() on ptolemy.moml.MoMLSimpleApplication@39c63b6e
reloadAllAccessors: .MatrixCropBoolean

===========================================================================================
----------------- testing Sun Jan 26 06:55:04 UTC 2020 /home/travis/build/icyphy/ptII/ptolemy/actor/lib/test/auto/MatrixCropComplex.xml
----------------- Instantiating /home/travis/build/icyphy/ptII/ptolemy/actor/lib/test/auto/MatrixCropComplex.xml
1 ms. Memory: 497664K Free: 193629K (39%)
----------------- Invoking toplevel() on ptolemy.moml.MoMLSimpleApplication@28443342
----------------- Done invoking toplevel() on ptolemy.moml.MoMLSimpleApplication@28443342
reloadAllAccessors: .MatrixCropComplex

===========================================================================================
----------------- testing Sun Jan 26 06:55:04 UTC 2020 /home/travis/build/icyphy/ptII/ptolemy/actor/lib/test/auto/MatrixCropDouble.xml
----------------- Instantiating /home/travis/build/icyphy/ptII/ptolemy/actor/lib/test/auto/MatrixCropDouble.xml
2 ms. Memory: 497664K Free: 188525K (38%)
----------------- Invoking toplevel() on ptolemy.moml.MoMLSimpleApplication@400317e6
----------------- Done invoking toplevel() on ptolemy.moml.MoMLSimpleApplication@400317e6
reloadAllAccessors: .MatrixCropDouble

===========================================================================================
----------------- testing Sun Jan 26 06:55:04 UTC 2020 /home/travis/build/icyphy/ptII/ptolemy/actor/lib/test/auto/MatrixCropFix.xml
----------------- Instantiating /home/travis/build/icyphy/ptII/ptolemy/actor/lib/test/auto/MatrixCropFix.xml
1 ms. Memory: 497664K Free: 183405K (37%)
----------------- Invoking toplevel() on ptolemy.moml.MoMLSimpleApplication@203066dd
----------------- Done invoking toplevel() on ptolemy.moml.MoMLSimpleApplication@203066dd
reloadAllAccessors: .MatrixCropFix

===========================================================================================
----------------- testing Sun Jan 26 06:55:04 UTC 2020 /home/travis/build/icyphy/ptII/ptolemy/actor/lib/test/auto/MatrixCropInt.xml
----------------- Instantiating /home/travis/build/icyphy/ptII/ptolemy/actor/lib/test/auto/MatrixCropInt.xml
2 ms. Memory: 497664K Free: 178285K (36%)
----------------- Invoking toplevel() on ptolemy.moml.MoMLSimpleApplication@6de3bbc2
----------------- Done invoking toplevel() on ptolemy.moml.MoMLSimpleApplication@6de3bbc2
reloadAllAccessors: .MatrixCropInt

===========================================================================================
----------------- testing Sun Jan 26 06:55:04 UTC 2020 /home/travis/build/icyphy/ptII/ptolemy/actor/lib/test/auto/MatrixCropLong.xml
----------------- Instantiating /home/travis/build/icyphy/ptII/ptolemy/actor/lib/test/auto/MatrixCropLong.xml
1 ms. Memory: 497664K Free: 173165K (35%)
----------------- Invoking toplevel() on ptolemy.moml.MoMLSimpleApplication@1150c90a
----------------- Done invoking toplevel() on ptolemy.moml.MoMLSimpleApplication@1150c90a
reloadAllAccessors: .MatrixCropLong

===========================================================================================
----------------- testing Sun Jan 26 06:55:04 UTC 2020 /home/travis/build/icyphy/ptII/ptolemy/actor/lib/test/auto/MatrixToArray.xml
----------------- Instantiating /home/travis/build/icyphy/ptII/ptolemy/actor/lib/test/auto/MatrixToArray.xml
5 ms. Memory: 497664K Free: 158333K (32%)
----------------- Invoking toplevel() on ptolemy.moml.MoMLSimpleApplication@2a3de884
----------------- Done invoking toplevel() on ptolemy.moml.MoMLSimpleApplication@2a3de884
reloadAllAccessors: .MatrixToArray

===========================================================================================
----------------- testing Sun Jan 26 06:55:04 UTC 2020 /home/travis/build/icyphy/ptII/ptolemy/actor/lib/test/auto/MaxIndex.xml
----------------- Instantiating /home/travis/build/icyphy/ptII/ptolemy/actor/lib/test/auto/MaxIndex.xml
14 ms. Memory: 497664K Free: 448029K (90%)
----------------- Invoking toplevel() on ptolemy.moml.MoMLSimpleApplication@3bbc0cce
----------------- Done invoking toplevel() on ptolemy.moml.MoMLSimpleApplication@3bbc0cce
reloadAllAccessors: .MaxIndex

===========================================================================================
----------------- testing Sun Jan 26 06:55:04 UTC 2020 /home/travis/build/icyphy/ptII/ptolemy/actor/lib/test/auto/Maximum.xml
----------------- Instantiating /home/travis/build/icyphy/ptII/ptolemy/actor/lib/test/auto/Maximum.xml
5 ms. Memory: 497664K Free: 440861K (89%)
----------------- Invoking toplevel() on ptolemy.moml.MoMLSimpleApplication@1e142ad4
----------------- Done invoking toplevel() on ptolemy.moml.MoMLSimpleApplication@1e142ad4
reloadAllAccessors: .Maximum

===========================================================================================
----------------- testing Sun Jan 26 06:55:04 UTC 2020 /home/travis/build/icyphy/ptII/ptolemy/actor/lib/test/auto/MaximumComplex.xml
----------------- Instantiating /home/travis/build/icyphy/ptII/ptolemy/actor/lib/test/auto/MaximumComplex.xml
4 ms. Memory: 497664K Free: 434717K (87%)
----------------- Invoking toplevel() on ptolemy.moml.MoMLSimpleApplication@af90571
----------------- Done invoking toplevel() on ptolemy.moml.MoMLSimpleApplication@af90571
reloadAllAccessors: .MaximumComplex

===========================================================================================
----------------- testing Sun Jan 26 06:55:04 UTC 2020 /home/travis/build/icyphy/ptII/ptolemy/actor/lib/test/auto/MethodCallTest.xml
----------------- Instantiating /home/travis/build/icyphy/ptII/ptolemy/actor/lib/test/auto/MethodCallTest.xml
2 ms. Memory: 497664K Free: 428059K (86%)
----------------- Invoking toplevel() on ptolemy.moml.MoMLSimpleApplication@1de82da3
----------------- Done invoking toplevel() on ptolemy.moml.MoMLSimpleApplication@1de82da3
reloadAllAccessors: .MethodCallTest

===========================================================================================
----------------- testing Sun Jan 26 06:55:04 UTC 2020 /home/travis/build/icyphy/ptII/ptolemy/actor/lib/test/auto/Minimum.xml
----------------- Instantiating /home/travis/build/icyphy/ptII/ptolemy/actor/lib/test/auto/Minimum.xml
2 ms. Memory: 497664K Free: 421901K (85%)
----------------- Invoking toplevel() on ptolemy.moml.MoMLSimpleApplication@245b1dc5
----------------- Done invoking toplevel() on ptolemy.moml.MoMLSimpleApplication@245b1dc5
reloadAllAccessors: .Minimum

===========================================================================================
----------------- testing Sun Jan 26 06:55:05 UTC 2020 /home/travis/build/icyphy/ptII/ptolemy/actor/lib/test/auto/MinimumComplex.xml
----------------- Instantiating /home/travis/build/icyphy/ptII/ptolemy/actor/lib/test/auto/MinimumComplex.xml
2 ms. Memory: 497664K Free: 415741K (84%)
----------------- Invoking toplevel() on ptolemy.moml.MoMLSimpleApplication@71e43544
----------------- Done invoking toplevel() on ptolemy.moml.MoMLSimpleApplication@71e43544
reloadAllAccessors: .MinimumComplex

===========================================================================================
----------------- testing Sun Jan 26 06:55:05 UTC 2020 /home/travis/build/icyphy/ptII/ptolemy/actor/lib/test/auto/MinimumMultiports.xml
----------------- Instantiating /home/travis/build/icyphy/ptII/ptolemy/actor/lib/test/auto/MinimumMultiports.xml
3 ms. Memory: 497664K Free: 407579K (82%)
----------------- Invoking toplevel() on ptolemy.moml.MoMLSimpleApplication@4933058b
----------------- Done invoking toplevel() on ptolemy.moml.MoMLSimpleApplication@4933058b
reloadAllAccessors: .MinimumMultiports

===========================================================================================
----------------- testing Sun Jan 26 06:55:05 UTC 2020 /home/travis/build/icyphy/ptII/ptolemy/actor/lib/test/auto/ModifyDate.xml
----------------- Instantiating /home/travis/build/icyphy/ptII/ptolemy/actor/lib/test/auto/ModifyDate.xml
7 ms. Memory: 497664K Free: 394781K (79%)
----------------- Invoking toplevel() on ptolemy.moml.MoMLSimpleApplication@a36b36f
----------------- Done invoking toplevel() on ptolemy.moml.MoMLSimpleApplication@a36b36f
reloadAllAccessors: .ModifyDate

===========================================================================================
----------------- testing Sun Jan 26 06:55:05 UTC 2020 /home/travis/build/icyphy/ptII/ptolemy/actor/lib/test/auto/ModifyDate2.xml
----------------- Instantiating /home/travis/build/icyphy/ptII/ptolemy/actor/lib/test/auto/ModifyDate2.xml
3 ms. Memory: 497664K Free: 386075K (78%)
----------------- Invoking toplevel() on ptolemy.moml.MoMLSimpleApplication@39722732
----------------- Done invoking toplevel() on ptolemy.moml.MoMLSimpleApplication@39722732
reloadAllAccessors: .ModifyDate2

===========================================================================================
----------------- testing Sun Jan 26 06:55:05 UTC 2020 /home/travis/build/icyphy/ptII/ptolemy/actor/lib/test/auto/MovingAverage.xml
----------------- Instantiating /home/travis/build/icyphy/ptII/ptolemy/actor/lib/test/auto/MovingAverage.xml
2 ms. Memory: 497664K Free: 380955K (77%)
----------------- Invoking toplevel() on ptolemy.moml.MoMLSimpleApplication@19587e83
----------------- Done invoking toplevel() on ptolemy.moml.MoMLSimpleApplication@19587e83
reloadAllAccessors: .MovingAverage

===========================================================================================
----------------- testing Sun Jan 26 06:55:05 UTC 2020 /home/travis/build/icyphy/ptII/ptolemy/actor/lib/test/auto/MovingMaximum.xml
----------------- Instantiating /home/travis/build/icyphy/ptII/ptolemy/actor/lib/test/auto/MovingMaximum.xml
2 ms. Memory: 497664K Free: 376349K (76%)
----------------- Invoking toplevel() on ptolemy.moml.MoMLSimpleApplication@455e0e8e
----------------- Done invoking toplevel() on ptolemy.moml.MoMLSimpleApplication@455e0e8e
reloadAllAccessors: .MovingMaximum

===========================================================================================
----------------- testing Sun Jan 26 06:55:05 UTC 2020 /home/travis/build/icyphy/ptII/ptolemy/actor/lib/test/auto/MultipleLinksToSameRelation.xml
----------------- Instantiating /home/travis/build/icyphy/ptII/ptolemy/actor/lib/test/auto/MultipleLinksToSameRelation.xml
1 ms. Memory: 497664K Free: 372253K (75%)
----------------- Invoking toplevel() on ptolemy.moml.MoMLSimpleApplication@79640bb2
----------------- Done invoking toplevel() on ptolemy.moml.MoMLSimpleApplication@79640bb2
reloadAllAccessors: .MultipleLinksToSameRelation

===========================================================================================
----------------- testing Sun Jan 26 06:55:05 UTC 2020 /home/travis/build/icyphy/ptII/ptolemy/actor/lib/test/auto/MultipleLinksToSameRelationDE.xml
----------------- Instantiating /home/travis/build/icyphy/ptII/ptolemy/actor/lib/test/auto/MultipleLinksToSameRelationDE.xml
9 ms. Memory: 497664K Free: 367637K (74%)
----------------- Invoking toplevel() on ptolemy.moml.MoMLSimpleApplication@563a5aec
----------------- Done invoking toplevel() on ptolemy.moml.MoMLSimpleApplication@563a5aec
reloadAllAccessors: .MultipleLinksToSameRelationDE

===========================================================================================
----------------- testing Sun Jan 26 06:55:05 UTC 2020 /home/travis/build/icyphy/ptII/ptolemy/actor/lib/test/auto/Multiplexor.xml
----------------- Instantiating /home/travis/build/icyphy/ptII/ptolemy/actor/lib/test/auto/Multiplexor.xml
2 ms. Memory: 497664K Free: 362013K (73%)
----------------- Invoking toplevel() on ptolemy.moml.MoMLSimpleApplication@79a1f0f4
----------------- Done invoking toplevel() on ptolemy.moml.MoMLSimpleApplication@79a1f0f4
reloadAllAccessors: .Multiplexor

===========================================================================================
----------------- testing Sun Jan 26 06:55:05 UTC 2020 /home/travis/build/icyphy/ptII/ptolemy/actor/lib/test/auto/Multiplexor1.xml
----------------- Instantiating /home/travis/build/icyphy/ptII/ptolemy/actor/lib/test/auto/Multiplexor1.xml
2 ms. Memory: 497664K Free: 356365K (72%)
----------------- Invoking toplevel() on ptolemy.moml.MoMLSimpleApplication@1dac59de
----------------- Done invoking toplevel() on ptolemy.moml.MoMLSimpleApplication@1dac59de
reloadAllAccessors: .Multiplexor1

===========================================================================================
----------------- testing Sun Jan 26 06:55:05 UTC 2020 /home/travis/build/icyphy/ptII/ptolemy/actor/lib/test/auto/Multiplexor2.xml
----------------- Instantiating /home/travis/build/icyphy/ptII/ptolemy/actor/lib/test/auto/Multiplexor2.xml
2 ms. Memory: 497664K Free: 349725K (70%)
----------------- Invoking toplevel() on ptolemy.moml.MoMLSimpleApplication@7084d0ec
----------------- Done invoking toplevel() on ptolemy.moml.MoMLSimpleApplication@7084d0ec
reloadAllAccessors: .Multiplexor2

===========================================================================================
----------------- testing Sun Jan 26 06:55:05 UTC 2020 /home/travis/build/icyphy/ptII/ptolemy/actor/lib/test/auto/Multiplexor3.xml
----------------- Instantiating /home/travis/build/icyphy/ptII/ptolemy/actor/lib/test/auto/Multiplexor3.xml
2 ms. Memory: 497664K Free: 345629K (69%)
----------------- Invoking toplevel() on ptolemy.moml.MoMLSimpleApplication@61537909
----------------- Done invoking toplevel() on ptolemy.moml.MoMLSimpleApplication@61537909
reloadAllAccessors: .Multiplexor3

===========================================================================================
----------------- testing Sun Jan 26 06:55:05 UTC 2020 /home/travis/build/icyphy/ptII/ptolemy/actor/lib/test/auto/MultiplexorDE.xml
----------------- Instantiating /home/travis/build/icyphy/ptII/ptolemy/actor/lib/test/auto/MultiplexorDE.xml
2 ms. Memory: 497664K Free: 337933K (68%)
----------------- Invoking toplevel() on ptolemy.moml.MoMLSimpleApplication@422a2c6e
----------------- Done invoking toplevel() on ptolemy.moml.MoMLSimpleApplication@422a2c6e
reloadAllAccessors: .MultiplexorDE

===========================================================================================
----------------- testing Sun Jan 26 06:55:05 UTC 2020 /home/travis/build/icyphy/ptII/ptolemy/actor/lib/test/auto/MultiportBroadcastTest.xml
----------------- Instantiating /home/travis/build/icyphy/ptII/ptolemy/actor/lib/test/auto/MultiportBroadcastTest.xml
71 ms. Memory: 497664K Free: 331789K (67%)
----------------- Invoking toplevel() on ptolemy.moml.MoMLSimpleApplication@c3928e
----------------- Done invoking toplevel() on ptolemy.moml.MoMLSimpleApplication@c3928e
reloadAllAccessors: .MultiportBroadcastTest

===========================================================================================
----------------- testing Sun Jan 26 06:55:05 UTC 2020 /home/travis/build/icyphy/ptII/ptolemy/actor/lib/test/auto/MultiportOutHangDuringGetWidth.xml
----------------- Instantiating /home/travis/build/icyphy/ptII/ptolemy/actor/lib/test/auto/MultiportOutHangDuringGetWidth.xml
5 ms. Memory: 497664K Free: 319005K (64%)
----------------- Invoking toplevel() on ptolemy.moml.MoMLSimpleApplication@45878a5a
----------------- Done invoking toplevel() on ptolemy.moml.MoMLSimpleApplication@45878a5a
reloadAllAccessors: .MultiportOutHangDuringGetWidth

===========================================================================================
----------------- testing Sun Jan 26 06:55:05 UTC 2020 /home/travis/build/icyphy/ptII/ptolemy/actor/lib/test/auto/NilToken.xml
----------------- Instantiating /home/travis/build/icyphy/ptII/ptolemy/actor/lib/test/auto/NilToken.xml
1 ms. Memory: 497664K Free: 314909K (63%)
----------------- Invoking toplevel() on ptolemy.moml.MoMLSimpleApplication@66221d31
----------------- Done invoking toplevel() on ptolemy.moml.MoMLSimpleApplication@66221d31
reloadAllAccessors: .NilToken

===========================================================================================
----------------- testing Sun Jan 26 06:55:05 UTC 2020 /home/travis/build/icyphy/ptII/ptolemy/actor/lib/test/auto/NilTokenNonStrictTest.xml
----------------- Instantiating /home/travis/build/icyphy/ptII/ptolemy/actor/lib/test/auto/NilTokenNonStrictTest.xml
2 ms. Memory: 497664K Free: 310299K (62%)
----------------- Invoking toplevel() on ptolemy.moml.MoMLSimpleApplication@4ee93ba1
----------------- Done invoking toplevel() on ptolemy.moml.MoMLSimpleApplication@4ee93ba1
reloadAllAccessors: .NilTokenNonStrictTest

===========================================================================================
----------------- testing Sun Jan 26 06:55:05 UTC 2020 /home/travis/build/icyphy/ptII/ptolemy/actor/lib/test/auto/NilTokenRecord.xml
----------------- Instantiating /home/travis/build/icyphy/ptII/ptolemy/actor/lib/test/auto/NilTokenRecord.xml
4 ms. Memory: 497664K Free: 303645K (61%)
----------------- Invoking toplevel() on ptolemy.moml.MoMLSimpleApplication@7dfe4fa1
----------------- Done invoking toplevel() on ptolemy.moml.MoMLSimpleApplication@7dfe4fa1
reloadAllAccessors: .NilTokenRecord

===========================================================================================
----------------- testing Sun Jan 26 06:55:05 UTC 2020 /home/travis/build/icyphy/ptII/ptolemy/actor/lib/test/auto/NilTokenTypeTest.xml
----------------- Instantiating /home/travis/build/icyphy/ptII/ptolemy/actor/lib/test/auto/NilTokenTypeTest.xml
10 ms. Memory: 497664K Free: 293915K (59%)
----------------- Invoking toplevel() on ptolemy.moml.MoMLSimpleApplication@60b17a2e
----------------- Done invoking toplevel() on ptolemy.moml.MoMLSimpleApplication@60b17a2e
reloadAllAccessors: .NilTokenTypeTest

===========================================================================================
----------------- testing Sun Jan 26 06:55:05 UTC 2020 /home/travis/build/icyphy/ptII/ptolemy/actor/lib/test/auto/ObjectToken1.xml
----------------- Instantiating /home/travis/build/icyphy/ptII/ptolemy/actor/lib/test/auto/ObjectToken1.xml
2 ms. Memory: 497664K Free: 289819K (58%)
----------------- Invoking toplevel() on ptolemy.moml.MoMLSimpleApplication@6e8cb63e
----------------- Done invoking toplevel() on ptolemy.moml.MoMLSimpleApplication@6e8cb63e
reloadAllAccessors: .ObjectToken1

===========================================================================================
----------------- testing Sun Jan 26 06:55:05 UTC 2020 /home/travis/build/icyphy/ptII/ptolemy/actor/lib/test/auto/OrderedMerge.xml
----------------- Instantiating /home/travis/build/icyphy/ptII/ptolemy/actor/lib/test/auto/OrderedMerge.xml
6 ms. Memory: 497664K Free: 284189K (57%)
----------------- Invoking toplevel() on ptolemy.moml.MoMLSimpleApplication@7e9ece52
----------------- Done invoking toplevel() on ptolemy.moml.MoMLSimpleApplication@7e9ece52
reloadAllAccessors: .OrderedMerge

===========================================================================================
----------------- testing Sun Jan 26 06:55:05 UTC 2020 /home/travis/build/icyphy/ptII/ptolemy/actor/lib/test/auto/OrderedRecordDisassembler.xml
----------------- Instantiating /home/travis/build/icyphy/ptII/ptolemy/actor/lib/test/auto/OrderedRecordDisassembler.xml
6 ms. Memory: 497664K Free: 279069K (56%)
----------------- Invoking toplevel() on ptolemy.moml.MoMLSimpleApplication@590528f0
----------------- Done invoking toplevel() on ptolemy.moml.MoMLSimpleApplication@590528f0
reloadAllAccessors: .OrderedRecordDisassembler

===========================================================================================
----------------- testing Sun Jan 26 06:55:05 UTC 2020 /home/travis/build/icyphy/ptII/ptolemy/actor/lib/test/auto/OrderedRecordDisassembler2.xml
----------------- Instantiating /home/travis/build/icyphy/ptII/ptolemy/actor/lib/test/auto/OrderedRecordDisassembler2.xml
3 ms. Memory: 497664K Free: 271387K (55%)
----------------- Invoking toplevel() on ptolemy.moml.MoMLSimpleApplication@1aa34a4d
----------------- Done invoking toplevel() on ptolemy.moml.MoMLSimpleApplication@1aa34a4d
reloadAllAccessors: .OrderedRecordDisassembler2

===========================================================================================
----------------- testing Sun Jan 26 06:55:05 UTC 2020 /home/travis/build/icyphy/ptII/ptolemy/actor/lib/test/auto/OrderedRecordUpdater.xml
----------------- Instantiating /home/travis/build/icyphy/ptII/ptolemy/actor/lib/test/auto/OrderedRecordUpdater.xml
2 ms. Memory: 497664K Free: 266267K (54%)
----------------- Invoking toplevel() on ptolemy.moml.MoMLSimpleApplication@7bb576d3
----------------- Done invoking toplevel() on ptolemy.moml.MoMLSimpleApplication@7bb576d3
reloadAllAccessors: .RecordUpdater

===========================================================================================
----------------- testing Sun Jan 26 06:55:05 UTC 2020 /home/travis/build/icyphy/ptII/ptolemy/actor/lib/test/auto/OrderedRecordUpdater2.xml
----------------- Instantiating /home/travis/build/icyphy/ptII/ptolemy/actor/lib/test/auto/OrderedRecordUpdater2.xml
3 ms. Memory: 497664K Free: 261147K (52%)
----------------- Invoking toplevel() on ptolemy.moml.MoMLSimpleApplication@2d9dd791
----------------- Done invoking toplevel() on ptolemy.moml.MoMLSimpleApplication@2d9dd791
reloadAllAccessors: .RecordUpdater2

===========================================================================================
----------------- testing Sun Jan 26 06:55:05 UTC 2020 /home/travis/build/icyphy/ptII/ptolemy/actor/lib/test/auto/PhaseUnwrap.xml
----------------- Instantiating /home/travis/build/icyphy/ptII/ptolemy/actor/lib/test/auto/PhaseUnwrap.xml
1 ms. Memory: 497664K Free: 256541K (52%)
----------------- Invoking toplevel() on ptolemy.moml.MoMLSimpleApplication@54ee4dcf
----------------- Done invoking toplevel() on ptolemy.moml.MoMLSimpleApplication@54ee4dcf
reloadAllAccessors: .PhaseUnwrap

===========================================================================================
----------------- testing Sun Jan 26 06:55:05 UTC 2020 /home/travis/build/icyphy/ptII/ptolemy/actor/lib/test/auto/PoissonClock.xml
----------------- Instantiating /home/travis/build/icyphy/ptII/ptolemy/actor/lib/test/auto/PoissonClock.xml
1 ms. Memory: 497664K Free: 252445K (51%)
----------------- Invoking toplevel() on ptolemy.moml.MoMLSimpleApplication@54fc998b
----------------- Done invoking toplevel() on ptolemy.moml.MoMLSimpleApplication@54fc998b
reloadAllAccessors: .PoissonClock

===========================================================================================
----------------- testing Sun Jan 26 06:55:05 UTC 2020 /home/travis/build/icyphy/ptII/ptolemy/actor/lib/test/auto/PoissonClock2.xml
----------------- Instantiating /home/travis/build/icyphy/ptII/ptolemy/actor/lib/test/auto/PoissonClock2.xml
2 ms. Memory: 497664K Free: 247835K (50%)
----------------- Invoking toplevel() on ptolemy.moml.MoMLSimpleApplication@7a9ed2ac
----------------- Done invoking toplevel() on ptolemy.moml.MoMLSimpleApplication@7a9ed2ac
reloadAllAccessors: .PoissonClock2

===========================================================================================
----------------- testing Sun Jan 26 06:55:05 UTC 2020 /home/travis/build/icyphy/ptII/ptolemy/actor/lib/test/auto/PoissonClock3.xml
----------------- Instantiating /home/travis/build/icyphy/ptII/ptolemy/actor/lib/test/auto/PoissonClock3.xml
1 ms. Memory: 497664K Free: 243229K (49%)
----------------- Invoking toplevel() on ptolemy.moml.MoMLSimpleApplication@1ac14842
----------------- Done invoking toplevel() on ptolemy.moml.MoMLSimpleApplication@1ac14842
reloadAllAccessors: .PoissonClock3

===========================================================================================
----------------- testing Sun Jan 26 06:55:05 UTC 2020 /home/travis/build/icyphy/ptII/ptolemy/actor/lib/test/auto/PubSubWithInitialTokens.xml
----------------- Instantiating /home/travis/build/icyphy/ptII/ptolemy/actor/lib/test/auto/PubSubWithInitialTokens.xml
1 ms. Memory: 497664K Free: 237085K (48%)
----------------- Invoking toplevel() on ptolemy.moml.MoMLSimpleApplication@30c4c6
----------------- Done invoking toplevel() on ptolemy.moml.MoMLSimpleApplication@30c4c6
reloadAllAccessors: .PubSubWithInitialTokens

===========================================================================================
----------------- testing Sun Jan 26 06:55:05 UTC 2020 /home/travis/build/icyphy/ptII/ptolemy/actor/lib/test/auto/PubSubWithInitialTokens2.xml
----------------- Instantiating /home/travis/build/icyphy/ptII/ptolemy/actor/lib/test/auto/PubSubWithInitialTokens2.xml
2 ms. Memory: 497664K Free: 230941K (46%)
----------------- Invoking toplevel() on ptolemy.moml.MoMLSimpleApplication@5e824273
----------------- Done invoking toplevel() on ptolemy.moml.MoMLSimpleApplication@5e824273
reloadAllAccessors: .PubSubWithInitialTokens2

===========================================================================================
----------------- testing Sun Jan 26 06:55:05 UTC 2020 /home/travis/build/icyphy/ptII/ptolemy/actor/lib/test/auto/PublisherClassNoParameter.xml
----------------- Instantiating /home/travis/build/icyphy/ptII/ptolemy/actor/lib/test/auto/PublisherClassNoParameter.xml
2 ms. Memory: 497664K Free: 221205K (44%)
----------------- Invoking toplevel() on ptolemy.moml.MoMLSimpleApplication@177b2030
----------------- Done invoking toplevel() on ptolemy.moml.MoMLSimpleApplication@177b2030
reloadAllAccessors: .PublisherClassNoParameter

===========================================================================================
----------------- testing Sun Jan 26 06:55:05 UTC 2020 /home/travis/build/icyphy/ptII/ptolemy/actor/lib/test/auto/PublisherClassParameter.xml
----------------- Instantiating /home/travis/build/icyphy/ptII/ptolemy/actor/lib/test/auto/PublisherClassParameter.xml
2 ms. Memory: 497664K Free: 210957K (42%)
----------------- Invoking toplevel() on ptolemy.moml.MoMLSimpleApplication@27f6b030
----------------- Done invoking toplevel() on ptolemy.moml.MoMLSimpleApplication@27f6b030
reloadAllAccessors: .PublisherClassParameter

===========================================================================================
----------------- testing Sun Jan 26 06:55:05 UTC 2020 /home/travis/build/icyphy/ptII/ptolemy/actor/lib/test/auto/PublisherNonStrictTest.xml
----------------- Instantiating /home/travis/build/icyphy/ptII/ptolemy/actor/lib/test/auto/PublisherNonStrictTest.xml
2 ms. Memory: 497664K Free: 203293K (41%)
----------------- Invoking toplevel() on ptolemy.moml.MoMLSimpleApplication@78c82ca9
----------------- Done invoking toplevel() on ptolemy.moml.MoMLSimpleApplication@78c82ca9
reloadAllAccessors: .PublisherNonStrictTest

===========================================================================================
----------------- testing Sun Jan 26 06:55:05 UTC 2020 /home/travis/build/icyphy/ptII/ptolemy/actor/lib/test/auto/PublisherPort1.xml
----------------- Instantiating /home/travis/build/icyphy/ptII/ptolemy/actor/lib/test/auto/PublisherPort1.xml
2 ms. Memory: 497664K Free: 197645K (40%)
----------------- Invoking toplevel() on ptolemy.moml.MoMLSimpleApplication@d59a698
----------------- Done invoking toplevel() on ptolemy.moml.MoMLSimpleApplication@d59a698
reloadAllAccessors: .PublisherPort1

===========================================================================================
----------------- testing Sun Jan 26 06:55:05 UTC 2020 /home/travis/build/icyphy/ptII/ptolemy/actor/lib/test/auto/PublisherPort2.xml
----------------- Instantiating /home/travis/build/icyphy/ptII/ptolemy/actor/lib/test/auto/PublisherPort2.xml
1 ms. Memory: 497664K Free: 192539K (39%)
----------------- Invoking toplevel() on ptolemy.moml.MoMLSimpleApplication@1bec4ed2
----------------- Done invoking toplevel() on ptolemy.moml.MoMLSimpleApplication@1bec4ed2
reloadAllAccessors: .PublisherPort2

===========================================================================================
----------------- testing Sun Jan 26 06:55:05 UTC 2020 /home/travis/build/icyphy/ptII/ptolemy/actor/lib/test/auto/PublisherPort3.xml
----------------- Instantiating /home/travis/build/icyphy/ptII/ptolemy/actor/lib/test/auto/PublisherPort3.xml
3 ms. Memory: 497664K Free: 185885K (37%)
----------------- Invoking toplevel() on ptolemy.moml.MoMLSimpleApplication@47a2cdbe
----------------- Done invoking toplevel() on ptolemy.moml.MoMLSimpleApplication@47a2cdbe
reloadAllAccessors: .PublisherPort3

===========================================================================================
----------------- testing Sun Jan 26 06:55:05 UTC 2020 /home/travis/build/icyphy/ptII/ptolemy/actor/lib/test/auto/PublisherPort4.xml
----------------- Instantiating /home/travis/build/icyphy/ptII/ptolemy/actor/lib/test/auto/PublisherPort4.xml
2 ms. Memory: 497664K Free: 180245K (36%)
----------------- Invoking toplevel() on ptolemy.moml.MoMLSimpleApplication@54d42b22
----------------- Done invoking toplevel() on ptolemy.moml.MoMLSimpleApplication@54d42b22
reloadAllAccessors: .PublisherPort4

===========================================================================================
----------------- testing Sun Jan 26 06:55:05 UTC 2020 /home/travis/build/icyphy/ptII/ptolemy/actor/lib/test/auto/PublisherPort5.xml
----------------- Instantiating /home/travis/build/icyphy/ptII/ptolemy/actor/lib/test/auto/PublisherPort5.xml
3 ms. Memory: 497664K Free: 172573K (35%)
----------------- Invoking toplevel() on ptolemy.moml.MoMLSimpleApplication@36d41f0d
----------------- Done invoking toplevel() on ptolemy.moml.MoMLSimpleApplication@36d41f0d
reloadAllAccessors: .PublisherPort5

===========================================================================================
----------------- testing Sun Jan 26 06:55:05 UTC 2020 /home/travis/build/icyphy/ptII/ptolemy/actor/lib/test/auto/PublisherPort5LookAlike.xml
----------------- Instantiating /home/travis/build/icyphy/ptII/ptolemy/actor/lib/test/auto/PublisherPort5LookAlike.xml
6 ms. Memory: 497664K Free: 164381K (33%)
----------------- Invoking toplevel() on ptolemy.moml.MoMLSimpleApplication@5efe1eb0
----------------- Done invoking toplevel() on ptolemy.moml.MoMLSimpleApplication@5efe1eb0
reloadAllAccessors: .PublisherPort5LookAlike

===========================================================================================
----------------- testing Sun Jan 26 06:55:05 UTC 2020 /home/travis/build/icyphy/ptII/ptolemy/actor/lib/test/auto/PublisherPort6.xml
----------------- Instantiating /home/travis/build/icyphy/ptII/ptolemy/actor/lib/test/auto/PublisherPort6.xml
2 ms. Memory: 497664K Free: 157723K (32%)
----------------- Invoking toplevel() on ptolemy.moml.MoMLSimpleApplication@5918abe2
----------------- Done invoking toplevel() on ptolemy.moml.MoMLSimpleApplication@5918abe2
reloadAllAccessors: .PublisherPort6

===========================================================================================
----------------- testing Sun Jan 26 06:55:05 UTC 2020 /home/travis/build/icyphy/ptII/ptolemy/actor/lib/test/auto/PublisherPort7.xml
----------------- Instantiating /home/travis/build/icyphy/ptII/ptolemy/actor/lib/test/auto/PublisherPort7.xml
3 ms. Memory: 497664K Free: 444660K (89%)
----------------- Invoking toplevel() on ptolemy.moml.MoMLSimpleApplication@f44692b
----------------- Done invoking toplevel() on ptolemy.moml.MoMLSimpleApplication@f44692b
reloadAllAccessors: .PublisherPort7

===========================================================================================
----------------- testing Sun Jan 26 06:55:05 UTC 2020 /home/travis/build/icyphy/ptII/ptolemy/actor/lib/test/auto/PublisherPort8.xml
----------------- Instantiating /home/travis/build/icyphy/ptII/ptolemy/actor/lib/test/auto/PublisherPort8.xml
3 ms. Memory: 497664K Free: 435444K (87%)
----------------- Invoking toplevel() on ptolemy.moml.MoMLSimpleApplication@18c2f546
----------------- Done invoking toplevel() on ptolemy.moml.MoMLSimpleApplication@18c2f546
reloadAllAccessors: .PublisherPort8

===========================================================================================
----------------- testing Sun Jan 26 06:55:05 UTC 2020 /home/travis/build/icyphy/ptII/ptolemy/actor/lib/test/auto/PublisherPortSubscriberChannelVariablesAOC2.xml
----------------- Instantiating /home/travis/build/icyphy/ptII/ptolemy/actor/lib/test/auto/PublisherPortSubscriberChannelVariablesAOC2.xml
3 ms. Memory: 497664K Free: 418036K (84%)
----------------- Invoking toplevel() on ptolemy.moml.MoMLSimpleApplication@7a35500c
----------------- Done invoking toplevel() on ptolemy.moml.MoMLSimpleApplication@7a35500c
reloadAllAccessors: .PublisherPortSubscriberChannelVariablesAOC2

===========================================================================================
----------------- testing Sun Jan 26 06:55:05 UTC 2020 /home/travis/build/icyphy/ptII/ptolemy/actor/lib/test/auto/PublisherPortSubscriberOpaqueWidthInference.xml
----------------- Instantiating /home/travis/build/icyphy/ptII/ptolemy/actor/lib/test/auto/PublisherPortSubscriberOpaqueWidthInference.xml
3 ms. Memory: 497664K Free: 410340K (82%)
----------------- Invoking toplevel() on ptolemy.moml.MoMLSimpleApplication@6ea73ac
----------------- Done invoking toplevel() on ptolemy.moml.MoMLSimpleApplication@6ea73ac
reloadAllAccessors: .PublisherPortSubscriberOpaqueWidthInference

===========================================================================================
----------------- testing Sun Jan 26 06:55:05 UTC 2020 /home/travis/build/icyphy/ptII/ptolemy/actor/lib/test/auto/PublisherPortSubscriberPortAdjacent.xml
----------------- Instantiating /home/travis/build/icyphy/ptII/ptolemy/actor/lib/test/auto/PublisherPortSubscriberPortAdjacent.xml
1 ms. Memory: 497664K Free: 402162K (81%)
----------------- Invoking toplevel() on ptolemy.moml.MoMLSimpleApplication@89094b
----------------- Done invoking toplevel() on ptolemy.moml.MoMLSimpleApplication@89094b
reloadAllAccessors: .PublisherPortSubscriberPortAdjacent

===========================================================================================
----------------- testing Sun Jan 26 06:55:05 UTC 2020 /home/travis/build/icyphy/ptII/ptolemy/actor/lib/test/auto/PublisherPortSubscriberPortExpression.xml
----------------- Instantiating /home/travis/build/icyphy/ptII/ptolemy/actor/lib/test/auto/PublisherPortSubscriberPortExpression.xml
4 ms. Memory: 497664K Free: 394484K (79%)
----------------- Invoking toplevel() on ptolemy.moml.MoMLSimpleApplication@36ec5702
----------------- Done invoking toplevel() on ptolemy.moml.MoMLSimpleApplication@36ec5702
reloadAllAccessors: .PublisherPortSubscriberPortExpression

===========================================================================================
----------------- testing Sun Jan 26 06:55:05 UTC 2020 /home/travis/build/icyphy/ptII/ptolemy/actor/lib/test/auto/PublisherPortSubscriberPortOpaqueD3Reverse.xml
----------------- Instantiating /home/travis/build/icyphy/ptII/ptolemy/actor/lib/test/auto/PublisherPortSubscriberPortOpaqueD3Reverse.xml
5 ms. Memory: 497664K Free: 384244K (77%)
----------------- Invoking toplevel() on ptolemy.moml.MoMLSimpleApplication@495df22e
----------------- Done invoking toplevel() on ptolemy.moml.MoMLSimpleApplication@495df22e
reloadAllAccessors: .PublisherPortSubscriberPortOpaqueD3Reverse

===========================================================================================
----------------- testing Sun Jan 26 06:55:05 UTC 2020 /home/travis/build/icyphy/ptII/ptolemy/actor/lib/test/auto/PublisherPortSubscriberPortOpaqueWidthInference.xml
----------------- Instantiating /home/travis/build/icyphy/ptII/ptolemy/actor/lib/test/auto/PublisherPortSubscriberPortOpaqueWidthInference.xml
3 ms. Memory: 497664K Free: 376548K (76%)
----------------- Invoking toplevel() on ptolemy.moml.MoMLSimpleApplication@26748d34
----------------- Done invoking toplevel() on ptolemy.moml.MoMLSimpleApplication@26748d34
reloadAllAccessors: .PublisherPortSubscriberPortOpaqueWidthInference

===========================================================================================
----------------- testing Sun Jan 26 06:55:05 UTC 2020 /home/travis/build/icyphy/ptII/ptolemy/actor/lib/test/auto/PublisherPortToplevelSubscriberPortAOC.xml
----------------- Instantiating /home/travis/build/icyphy/ptII/ptolemy/actor/lib/test/auto/PublisherPortToplevelSubscriberPortAOC.xml
.PublisherPortToplevelSubscriberPortAOC.TestExceptionAttribute: initialize() was not invoked, but wrapup() was.  This is unusual, but not always a problem.  For example, exporting JNLP will do this.
0 ms. Memory: 497664K Free: 369908K (74%)
----------------- Invoking toplevel() on ptolemy.moml.MoMLSimpleApplication@ebc6289
----------------- Done invoking toplevel() on ptolemy.moml.MoMLSimpleApplication@ebc6289
reloadAllAccessors: .PublisherPortToplevelSubscriberPortAOC

===========================================================================================
----------------- testing Sun Jan 26 06:55:05 UTC 2020 /home/travis/build/icyphy/ptII/ptolemy/actor/lib/test/auto/PublisherSubscriber.xml
----------------- Instantiating /home/travis/build/icyphy/ptII/ptolemy/actor/lib/test/auto/PublisherSubscriber.xml
2 ms. Memory: 497664K Free: 362196K (73%)
----------------- Invoking toplevel() on ptolemy.moml.MoMLSimpleApplication@4247e6f6
----------------- Done invoking toplevel() on ptolemy.moml.MoMLSimpleApplication@4247e6f6
reloadAllAccessors: .PublisherSubscriber

===========================================================================================
----------------- testing Sun Jan 26 06:55:05 UTC 2020 /home/travis/build/icyphy/ptII/ptolemy/actor/lib/test/auto/PublisherSubscriber10.xml
----------------- Instantiating /home/travis/build/icyphy/ptII/ptolemy/actor/lib/test/auto/PublisherSubscriber10.xml
6 ms. Memory: 497664K Free: 352500K (71%)
----------------- Invoking toplevel() on ptolemy.moml.MoMLSimpleApplication@55d5a32b
----------------- Done invoking toplevel() on ptolemy.moml.MoMLSimpleApplication@55d5a32b
reloadAllAccessors: .PublisherSubscriber10

===========================================================================================
----------------- testing Sun Jan 26 06:55:05 UTC 2020 /home/travis/build/icyphy/ptII/ptolemy/actor/lib/test/auto/PublisherSubscriber10InitialOutputs.xml
----------------- Instantiating /home/travis/build/icyphy/ptII/ptolemy/actor/lib/test/auto/PublisherSubscriber10InitialOutputs.xml
10 ms. Memory: 497664K Free: 343284K (69%)
----------------- Invoking toplevel() on ptolemy.moml.MoMLSimpleApplication@2fb18487
----------------- Done invoking toplevel() on ptolemy.moml.MoMLSimpleApplication@2fb18487
reloadAllAccessors: .PublisherSubscriber10InitialOutputs

===========================================================================================
----------------- testing Sun Jan 26 06:55:06 UTC 2020 /home/travis/build/icyphy/ptII/ptolemy/actor/lib/test/auto/PublisherSubscriber11.xml
----------------- Instantiating /home/travis/build/icyphy/ptII/ptolemy/actor/lib/test/auto/PublisherSubscriber11.xml
3 ms. Memory: 497664K Free: 337140K (68%)
----------------- Invoking toplevel() on ptolemy.moml.MoMLSimpleApplication@6f6bb7a2
----------------- Done invoking toplevel() on ptolemy.moml.MoMLSimpleApplication@6f6bb7a2
reloadAllAccessors: .PublisherSubscriber11

===========================================================================================
----------------- testing Sun Jan 26 06:55:06 UTC 2020 /home/travis/build/icyphy/ptII/ptolemy/actor/lib/test/auto/PublisherSubscriber12.xml
----------------- Instantiating /home/travis/build/icyphy/ptII/ptolemy/actor/lib/test/auto/PublisherSubscriber12.xml
4 ms. Memory: 497664K Free: 329972K (66%)
----------------- Invoking toplevel() on ptolemy.moml.MoMLSimpleApplication@1803686d
----------------- Done invoking toplevel() on ptolemy.moml.MoMLSimpleApplication@1803686d
reloadAllAccessors: .PublisherSubscriber12

===========================================================================================
----------------- testing Sun Jan 26 06:55:06 UTC 2020 /home/travis/build/icyphy/ptII/ptolemy/actor/lib/test/auto/PublisherSubscriber13.xml
----------------- Instantiating /home/travis/build/icyphy/ptII/ptolemy/actor/lib/test/auto/PublisherSubscriber13.xml
2 ms. Memory: 497664K Free: 323828K (65%)
----------------- Invoking toplevel() on ptolemy.moml.MoMLSimpleApplication@1eff8ed9
----------------- Done invoking toplevel() on ptolemy.moml.MoMLSimpleApplication@1eff8ed9
reloadAllAccessors: .PublisherSubscriber13

===========================================================================================
----------------- testing Sun Jan 26 06:55:06 UTC 2020 /home/travis/build/icyphy/ptII/ptolemy/actor/lib/test/auto/PublisherSubscriber14.xml
----------------- Instantiating /home/travis/build/icyphy/ptII/ptolemy/actor/lib/test/auto/PublisherSubscriber14.xml
1 ms. Memory: 497664K Free: 315092K (63%)
----------------- Invoking toplevel() on ptolemy.moml.MoMLSimpleApplication@17c92602
----------------- Done invoking toplevel() on ptolemy.moml.MoMLSimpleApplication@17c92602
reloadAllAccessors: .PublisherSubscriber14

===========================================================================================
----------------- testing Sun Jan 26 06:55:06 UTC 2020 /home/travis/build/icyphy/ptII/ptolemy/actor/lib/test/auto/PublisherSubscriber2.xml
----------------- Instantiating /home/travis/build/icyphy/ptII/ptolemy/actor/lib/test/auto/PublisherSubscriber2.xml
11 ms. Memory: 497664K Free: 309492K (62%)
----------------- Invoking toplevel() on ptolemy.moml.MoMLSimpleApplication@7d4b1d22
----------------- Done invoking toplevel() on ptolemy.moml.MoMLSimpleApplication@7d4b1d22
reloadAllAccessors: .PublisherSubscriber2

===========================================================================================
----------------- testing Sun Jan 26 06:55:06 UTC 2020 /home/travis/build/icyphy/ptII/ptolemy/actor/lib/test/auto/PublisherSubscriber3.xml
----------------- Instantiating /home/travis/build/icyphy/ptII/ptolemy/actor/lib/test/auto/PublisherSubscriber3.xml
1 ms. Memory: 497664K Free: 303844K (61%)
----------------- Invoking toplevel() on ptolemy.moml.MoMLSimpleApplication@3d1cdd85
----------------- Done invoking toplevel() on ptolemy.moml.MoMLSimpleApplication@3d1cdd85
reloadAllAccessors: .PublisherSubscriber3

===========================================================================================
----------------- testing Sun Jan 26 06:55:06 UTC 2020 /home/travis/build/icyphy/ptII/ptolemy/actor/lib/test/auto/PublisherSubscriber4.xml
----------------- Instantiating /home/travis/build/icyphy/ptII/ptolemy/actor/lib/test/auto/PublisherSubscriber4.xml
1 ms. Memory: 497664K Free: 298738K (60%)
----------------- Invoking toplevel() on ptolemy.moml.MoMLSimpleApplication@331eae90
----------------- Done invoking toplevel() on ptolemy.moml.MoMLSimpleApplication@331eae90
reloadAllAccessors: .PublisherSubscriber4

===========================================================================================
----------------- testing Sun Jan 26 06:55:06 UTC 2020 /home/travis/build/icyphy/ptII/ptolemy/actor/lib/test/auto/PublisherSubscriber5.xml
----------------- Instantiating /home/travis/build/icyphy/ptII/ptolemy/actor/lib/test/auto/PublisherSubscriber5.xml
1 ms. Memory: 497664K Free: 292084K (59%)
----------------- Invoking toplevel() on ptolemy.moml.MoMLSimpleApplication@6494e71b
----------------- Done invoking toplevel() on ptolemy.moml.MoMLSimpleApplication@6494e71b
reloadAllAccessors: .PublisherSubscriber5

===========================================================================================
----------------- testing Sun Jan 26 06:55:06 UTC 2020 /home/travis/build/icyphy/ptII/ptolemy/actor/lib/test/auto/PublisherSubscriber6.xml
----------------- Instantiating /home/travis/build/icyphy/ptII/ptolemy/actor/lib/test/auto/PublisherSubscriber6.xml
3 ms. Memory: 497664K Free: 284916K (57%)
----------------- Invoking toplevel() on ptolemy.moml.MoMLSimpleApplication@499af1cb
----------------- Done invoking toplevel() on ptolemy.moml.MoMLSimpleApplication@499af1cb
reloadAllAccessors: .PublisherSubscriber6

===========================================================================================
----------------- testing Sun Jan 26 06:55:06 UTC 2020 /home/travis/build/icyphy/ptII/ptolemy/actor/lib/test/auto/PublisherSubscriber7.xml
----------------- Instantiating /home/travis/build/icyphy/ptII/ptolemy/actor/lib/test/auto/PublisherSubscriber7.xml
7 ms. Memory: 497664K Free: 278258K (56%)
----------------- Invoking toplevel() on ptolemy.moml.MoMLSimpleApplication@9cc2c04
----------------- Done invoking toplevel() on ptolemy.moml.MoMLSimpleApplication@9cc2c04
reloadAllAccessors: .PublisherSubscriber7

===========================================================================================
----------------- testing Sun Jan 26 06:55:06 UTC 2020 /home/travis/build/icyphy/ptII/ptolemy/actor/lib/test/auto/PublisherSubscriber8.xml
----------------- Instantiating /home/travis/build/icyphy/ptII/ptolemy/actor/lib/test/auto/PublisherSubscriber8.xml
17 ms. Memory: 497664K Free: 265970K (53%)
----------------- Invoking toplevel() on ptolemy.moml.MoMLSimpleApplication@52a7b43b
----------------- Done invoking toplevel() on ptolemy.moml.MoMLSimpleApplication@52a7b43b
reloadAllAccessors: .PublisherSubscriber8

===========================================================================================
----------------- testing Sun Jan 26 06:55:06 UTC 2020 /home/travis/build/icyphy/ptII/ptolemy/actor/lib/test/auto/PublisherSubscriber9.xml
----------------- Instantiating /home/travis/build/icyphy/ptII/ptolemy/actor/lib/test/auto/PublisherSubscriber9.xml
2 ms. Memory: 497664K Free: 258796K (52%)
----------------- Invoking toplevel() on ptolemy.moml.MoMLSimpleApplication@7ece43ca
----------------- Done invoking toplevel() on ptolemy.moml.MoMLSimpleApplication@7ece43ca
reloadAllAccessors: .PublisherSubscriber9

===========================================================================================
----------------- testing Sun Jan 26 06:55:06 UTC 2020 /home/travis/build/icyphy/ptII/ptolemy/actor/lib/test/auto/PublisherSubscriberAdjacent.xml
----------------- Instantiating /home/travis/build/icyphy/ptII/ptolemy/actor/lib/test/auto/PublisherSubscriberAdjacent.xml
1 ms. Memory: 497664K Free: 250610K (50%)
----------------- Invoking toplevel() on ptolemy.moml.MoMLSimpleApplication@6ab97ddd
----------------- Done invoking toplevel() on ptolemy.moml.MoMLSimpleApplication@6ab97ddd
reloadAllAccessors: .PublisherSubscriberAdjacent

===========================================================================================
----------------- testing Sun Jan 26 06:55:06 UTC 2020 /home/travis/build/icyphy/ptII/ptolemy/actor/lib/test/auto/PublisherSubscriberChannelVariablesAOC2.xml
----------------- Instantiating /home/travis/build/icyphy/ptII/ptolemy/actor/lib/test/auto/PublisherSubscriberChannelVariablesAOC2.xml
2 ms. Memory: 497664K Free: 236260K (47%)
----------------- Invoking toplevel() on ptolemy.moml.MoMLSimpleApplication@3d10cfd7
----------------- Done invoking toplevel() on ptolemy.moml.MoMLSimpleApplication@3d10cfd7
reloadAllAccessors: .PublisherSubscriberChannelVariablesAOC2

===========================================================================================
----------------- testing Sun Jan 26 06:55:06 UTC 2020 /home/travis/build/icyphy/ptII/ptolemy/actor/lib/test/auto/PublisherSubscriberD3.xml
----------------- Instantiating /home/travis/build/icyphy/ptII/ptolemy/actor/lib/test/auto/PublisherSubscriberD3.xml
1 ms. Memory: 497664K Free: 228596K (46%)
----------------- Invoking toplevel() on ptolemy.moml.MoMLSimpleApplication@29c1008d
----------------- Done invoking toplevel() on ptolemy.moml.MoMLSimpleApplication@29c1008d
reloadAllAccessors: .PublisherSubscriberD3

===========================================================================================
----------------- testing Sun Jan 26 06:55:06 UTC 2020 /home/travis/build/icyphy/ptII/ptolemy/actor/lib/test/auto/PublisherSubscriberD3Reverse.xml
----------------- Instantiating /home/travis/build/icyphy/ptII/ptolemy/actor/lib/test/auto/PublisherSubscriberD3Reverse.xml
1 ms. Memory: 497664K Free: 222452K (45%)
----------------- Invoking toplevel() on ptolemy.moml.MoMLSimpleApplication@5c5ac591
----------------- Done invoking toplevel() on ptolemy.moml.MoMLSimpleApplication@5c5ac591
reloadAllAccessors: .PublisherSubscriberD3Reverse

===========================================================================================
----------------- testing Sun Jan 26 06:55:06 UTC 2020 /home/travis/build/icyphy/ptII/ptolemy/actor/lib/test/auto/PublisherSubscriberExpression.xml
----------------- Instantiating /home/travis/build/icyphy/ptII/ptolemy/actor/lib/test/auto/PublisherSubscriberExpression.xml
3 ms. Memory: 497664K Free: 214260K (43%)
----------------- Invoking toplevel() on ptolemy.moml.MoMLSimpleApplication@50b804f0
----------------- Done invoking toplevel() on ptolemy.moml.MoMLSimpleApplication@50b804f0
reloadAllAccessors: .PublisherSubscriberExpression

===========================================================================================
----------------- testing Sun Jan 26 06:55:06 UTC 2020 /home/travis/build/icyphy/ptII/ptolemy/actor/lib/test/auto/PublisherSubscriberOpaque.xml
----------------- Instantiating /home/travis/build/icyphy/ptII/ptolemy/actor/lib/test/auto/PublisherSubscriberOpaque.xml
3 ms. Memory: 497664K Free: 206068K (41%)
----------------- Invoking toplevel() on ptolemy.moml.MoMLSimpleApplication@5a31d30d
----------------- Done invoking toplevel() on ptolemy.moml.MoMLSimpleApplication@5a31d30d
reloadAllAccessors: .PublisherSubscriberOpaque

===========================================================================================
----------------- testing Sun Jan 26 06:55:06 UTC 2020 /home/travis/build/icyphy/ptII/ptolemy/actor/lib/test/auto/PublisherSubscriberOpaqueD3.xml
----------------- Instantiating /home/travis/build/icyphy/ptII/ptolemy/actor/lib/test/auto/PublisherSubscriberOpaqueD3.xml
5 ms. Memory: 497664K Free: 194804K (39%)
----------------- Invoking toplevel() on ptolemy.moml.MoMLSimpleApplication@15960ceb
----------------- Done invoking toplevel() on ptolemy.moml.MoMLSimpleApplication@15960ceb
reloadAllAccessors: .PublisherSubscriberOpaqueD3

===========================================================================================
----------------- testing Sun Jan 26 06:55:06 UTC 2020 /home/travis/build/icyphy/ptII/ptolemy/actor/lib/test/auto/PublisherSubscriberOpaqueD3Reverse.xml
----------------- Instantiating /home/travis/build/icyphy/ptII/ptolemy/actor/lib/test/auto/PublisherSubscriberOpaqueD3Reverse.xml
7 ms. Memory: 497664K Free: 184050K (37%)
----------------- Invoking toplevel() on ptolemy.moml.MoMLSimpleApplication@213c9392
----------------- Done invoking toplevel() on ptolemy.moml.MoMLSimpleApplication@213c9392
reloadAllAccessors: .PublisherSubscriberOpaqueD3Reverse

===========================================================================================
----------------- testing Sun Jan 26 06:55:06 UTC 2020 /home/travis/build/icyphy/ptII/ptolemy/actor/lib/test/auto/PublisherSubscriberOpaqueWidthInference.xml
----------------- Instantiating /home/travis/build/icyphy/ptII/ptolemy/actor/lib/test/auto/PublisherSubscriberOpaqueWidthInference.xml
5 ms. Memory: 497664K Free: 175844K (35%)
----------------- Invoking toplevel() on ptolemy.moml.MoMLSimpleApplication@12e4bf0c
----------------- Done invoking toplevel() on ptolemy.moml.MoMLSimpleApplication@12e4bf0c
reloadAllAccessors: .PublisherSubscriberOpaqueWidthInference

===========================================================================================
----------------- testing Sun Jan 26 06:55:06 UTC 2020 /home/travis/build/icyphy/ptII/ptolemy/actor/lib/test/auto/PublisherTestSubscriber.xml
----------------- Instantiating /home/travis/build/icyphy/ptII/ptolemy/actor/lib/test/auto/PublisherTestSubscriber.xml
3 ms. Memory: 497664K Free: 168180K (34%)
----------------- Invoking toplevel() on ptolemy.moml.MoMLSimpleApplication@3d1c983e
----------------- Done invoking toplevel() on ptolemy.moml.MoMLSimpleApplication@3d1c983e
reloadAllAccessors: .PublisherTestSubscriber

===========================================================================================
----------------- testing Sun Jan 26 06:55:06 UTC 2020 /home/travis/build/icyphy/ptII/ptolemy/actor/lib/test/auto/PublisherToplevelSubscriberPortAOC.xml
----------------- Instantiating /home/travis/build/icyphy/ptII/ptolemy/actor/lib/test/auto/PublisherToplevelSubscriberPortAOC.xml
2 ms. Memory: 497664K Free: 161516K (32%)
----------------- Invoking toplevel() on ptolemy.moml.MoMLSimpleApplication@4ae16682
----------------- Done invoking toplevel() on ptolemy.moml.MoMLSimpleApplication@4ae16682
reloadAllAccessors: .PublisherToplevelSubscriberPortAOC

===========================================================================================
----------------- testing Sun Jan 26 06:55:06 UTC 2020 /home/travis/build/icyphy/ptII/ptolemy/actor/lib/test/auto/PulseFiringLimitDE.xml
----------------- Instantiating /home/travis/build/icyphy/ptII/ptolemy/actor/lib/test/auto/PulseFiringLimitDE.xml
2 ms. Memory: 497664K Free: 155378K (31%)
----------------- Invoking toplevel() on ptolemy.moml.MoMLSimpleApplication@3f797ff7
----------------- Done invoking toplevel() on ptolemy.moml.MoMLSimpleApplication@3f797ff7
reloadAllAccessors: .PulseFiringLimitDE

===========================================================================================
----------------- testing Sun Jan 26 06:55:06 UTC 2020 /home/travis/build/icyphy/ptII/ptolemy/actor/lib/test/auto/Ramp1.xml
----------------- Instantiating /home/travis/build/icyphy/ptII/ptolemy/actor/lib/test/auto/Ramp1.xml
1 ms. Memory: 497664K Free: 445128K (89%)
----------------- Invoking toplevel() on ptolemy.moml.MoMLSimpleApplication@4a56027f
----------------- Done invoking toplevel() on ptolemy.moml.MoMLSimpleApplication@4a56027f
reloadAllAccessors: .Ramp1

===========================================================================================
----------------- testing Sun Jan 26 06:55:06 UTC 2020 /home/travis/build/icyphy/ptII/ptolemy/actor/lib/test/auto/RampFiringLimitDE.xml
----------------- Instantiating /home/travis/build/icyphy/ptII/ptolemy/actor/lib/test/auto/RampFiringLimitDE.xml
3 ms. Memory: 497664K Free: 438984K (88%)
----------------- Invoking toplevel() on ptolemy.moml.MoMLSimpleApplication@77173015
----------------- Done invoking toplevel() on ptolemy.moml.MoMLSimpleApplication@77173015
reloadAllAccessors: .RampFiringLimitDE

===========================================================================================
----------------- testing Sun Jan 26 06:55:06 UTC 2020 /home/travis/build/icyphy/ptII/ptolemy/actor/lib/test/auto/RampFiringLimitSDF.xml
----------------- Instantiating /home/travis/build/icyphy/ptII/ptolemy/actor/lib/test/auto/RampFiringLimitSDF.xml
1 ms. Memory: 497664K Free: 433848K (87%)
----------------- Invoking toplevel() on ptolemy.moml.MoMLSimpleApplication@484acc5f
----------------- Done invoking toplevel() on ptolemy.moml.MoMLSimpleApplication@484acc5f
reloadAllAccessors: .RampFiringLimitSDF

===========================================================================================
----------------- testing Sun Jan 26 06:55:06 UTC 2020 /home/travis/build/icyphy/ptII/ptolemy/actor/lib/test/auto/RandomInteger.xml
----------------- Instantiating /home/travis/build/icyphy/ptII/ptolemy/actor/lib/test/auto/RandomInteger.xml
1 ms. Memory: 497664K Free: 429782K (86%)
----------------- Invoking toplevel() on ptolemy.moml.MoMLSimpleApplication@4a32c3c9
----------------- Done invoking toplevel() on ptolemy.moml.MoMLSimpleApplication@4a32c3c9
reloadAllAccessors: .RandomInteger

===========================================================================================
----------------- testing Sun Jan 26 06:55:06 UTC 2020 /home/travis/build/icyphy/ptII/ptolemy/actor/lib/test/auto/ReadFile1.xml
----------------- Instantiating /home/travis/build/icyphy/ptII/ptolemy/actor/lib/test/auto/ReadFile1.xml
1 ms. Memory: 497664K Free: 424656K (85%)
----------------- Invoking toplevel() on ptolemy.moml.MoMLSimpleApplication@7993eee8
----------------- Done invoking toplevel() on ptolemy.moml.MoMLSimpleApplication@7993eee8
reloadAllAccessors: .ReadFile1

===========================================================================================
----------------- testing Sun Jan 26 06:55:06 UTC 2020 /home/travis/build/icyphy/ptII/ptolemy/actor/lib/test/auto/ReadFile2.xml
----------------- Instantiating /home/travis/build/icyphy/ptII/ptolemy/actor/lib/test/auto/ReadFile2.xml
1 ms. Memory: 497664K Free: 420566K (85%)
----------------- Invoking toplevel() on ptolemy.moml.MoMLSimpleApplication@41802a65
----------------- Done invoking toplevel() on ptolemy.moml.MoMLSimpleApplication@41802a65
reloadAllAccessors: .ReadFile2

===========================================================================================
----------------- testing Sun Jan 26 06:55:06 UTC 2020 /home/travis/build/icyphy/ptII/ptolemy/actor/lib/test/auto/Reader.xml
----------------- Instantiating /home/travis/build/icyphy/ptII/ptolemy/actor/lib/test/auto/Reader.xml
actor.lib.Reader is obsolete, use actor.lib.io.ExpressionReader instead
1 ms. Memory: 497664K Free: 416470K (84%)
----------------- Invoking toplevel() on ptolemy.moml.MoMLSimpleApplication@29e8f343
----------------- Done invoking toplevel() on ptolemy.moml.MoMLSimpleApplication@29e8f343
reloadAllAccessors: .Reader

===========================================================================================
----------------- testing Sun Jan 26 06:55:06 UTC 2020 /home/travis/build/icyphy/ptII/ptolemy/actor/lib/test/auto/RecordAssemblerDisplayNameTest.xml
----------------- Instantiating /home/travis/build/icyphy/ptII/ptolemy/actor/lib/test/auto/RecordAssemblerDisplayNameTest.xml
3673 ms. Memory: 497664K Free: 376014K (76%)
----------------- Invoking toplevel() on ptolemy.moml.MoMLSimpleApplication@7b83125a
----------------- Done invoking toplevel() on ptolemy.moml.MoMLSimpleApplication@7b83125a
reloadAllAccessors: .RecordAssemblerDisplayNameTest

===========================================================================================
----------------- testing Sun Jan 26 06:55:10 UTC 2020 /home/travis/build/icyphy/ptII/ptolemy/actor/lib/test/auto/RecordAssemblerTypeError.xml
----------------- Instantiating /home/travis/build/icyphy/ptII/ptolemy/actor/lib/test/auto/RecordAssemblerTypeError.xml
15 ms. Memory: 497664K Free: 366284K (74%)
----------------- Invoking toplevel() on ptolemy.moml.MoMLSimpleApplication@67207ef6
----------------- Done invoking toplevel() on ptolemy.moml.MoMLSimpleApplication@67207ef6
reloadAllAccessors: .RecordAssemblerTypeError

===========================================================================================
----------------- testing Sun Jan 26 06:55:10 UTC 2020 /home/travis/build/icyphy/ptII/ptolemy/actor/lib/test/auto/RecordDisassember.xml
----------------- Instantiating /home/travis/build/icyphy/ptII/ptolemy/actor/lib/test/auto/RecordDisassember.xml
4 ms. Memory: 497664K Free: 361678K (73%)
----------------- Invoking toplevel() on ptolemy.moml.MoMLSimpleApplication@152ec3b0
----------------- Done invoking toplevel() on ptolemy.moml.MoMLSimpleApplication@152ec3b0
reloadAllAccessors: .RecordDisassember

===========================================================================================
----------------- testing Sun Jan 26 06:55:10 UTC 2020 /home/travis/build/icyphy/ptII/ptolemy/actor/lib/test/auto/RecordDisassemberDisplayNameTest.xml
----------------- Instantiating /home/travis/build/icyphy/ptII/ptolemy/actor/lib/test/auto/RecordDisassemberDisplayNameTest.xml
5 ms. Memory: 497664K Free: 353486K (71%)
----------------- Invoking toplevel() on ptolemy.moml.MoMLSimpleApplication@be1d9ee
----------------- Done invoking toplevel() on ptolemy.moml.MoMLSimpleApplication@be1d9ee
reloadAllAccessors: .RecordDisassemberDisplayNameTest

===========================================================================================
----------------- testing Sun Jan 26 06:55:10 UTC 2020 /home/travis/build/icyphy/ptII/ptolemy/actor/lib/test/auto/RecordDisassembler.xml
----------------- Instantiating /home/travis/build/icyphy/ptII/ptolemy/actor/lib/test/auto/RecordDisassembler.xml
3 ms. Memory: 497664K Free: 348366K (70%)
----------------- Invoking toplevel() on ptolemy.moml.MoMLSimpleApplication@39734986
----------------- Done invoking toplevel() on ptolemy.moml.MoMLSimpleApplication@39734986
reloadAllAccessors: .RecordDisassembler

===========================================================================================
----------------- testing Sun Jan 26 06:55:10 UTC 2020 /home/travis/build/icyphy/ptII/ptolemy/actor/lib/test/auto/RecordDisassembler2.xml
----------------- Instantiating /home/travis/build/icyphy/ptII/ptolemy/actor/lib/test/auto/RecordDisassembler2.xml
3 ms. Memory: 497664K Free: 343246K (69%)
----------------- Invoking toplevel() on ptolemy.moml.MoMLSimpleApplication@1a5fb0f4
----------------- Done invoking toplevel() on ptolemy.moml.MoMLSimpleApplication@1a5fb0f4
reloadAllAccessors: .RecordDisassembler2

===========================================================================================
----------------- testing Sun Jan 26 06:55:10 UTC 2020 /home/travis/build/icyphy/ptII/ptolemy/actor/lib/test/auto/RecordUpdater.xml
----------------- Instantiating /home/travis/build/icyphy/ptII/ptolemy/actor/lib/test/auto/RecordUpdater.xml
1 ms. Memory: 497664K Free: 338636K (68%)
----------------- Invoking toplevel() on ptolemy.moml.MoMLSimpleApplication@d4b92c1
----------------- Done invoking toplevel() on ptolemy.moml.MoMLSimpleApplication@d4b92c1
reloadAllAccessors: .RecordUpdater

===========================================================================================
----------------- testing Sun Jan 26 06:55:10 UTC 2020 /home/travis/build/icyphy/ptII/ptolemy/actor/lib/test/auto/RecordUpdater2.xml
----------------- Instantiating /home/travis/build/icyphy/ptII/ptolemy/actor/lib/test/auto/RecordUpdater2.xml
2 ms. Memory: 497664K Free: 333516K (67%)
----------------- Invoking toplevel() on ptolemy.moml.MoMLSimpleApplication@2a272a2c
----------------- Done invoking toplevel() on ptolemy.moml.MoMLSimpleApplication@2a272a2c
reloadAllAccessors: .RecordUpdater2

===========================================================================================
----------------- testing Sun Jan 26 06:55:10 UTC 2020 /home/travis/build/icyphy/ptII/ptolemy/actor/lib/test/auto/RecursiveLattice.xml
----------------- Instantiating /home/travis/build/icyphy/ptII/ptolemy/actor/lib/test/auto/RecursiveLattice.xml
1 ms. Memory: 497664K Free: 329406K (66%)
----------------- Invoking toplevel() on ptolemy.moml.MoMLSimpleApplication@3852adb8
----------------- Done invoking toplevel() on ptolemy.moml.MoMLSimpleApplication@3852adb8
reloadAllAccessors: .RecursiveLattice

===========================================================================================
----------------- testing Sun Jan 26 06:55:10 UTC 2020 /home/travis/build/icyphy/ptII/ptolemy/actor/lib/test/auto/Router.xml
----------------- Instantiating /home/travis/build/icyphy/ptII/ptolemy/actor/lib/test/auto/Router.xml
3004 ms. Memory: 497664K Free: 316108K (64%)
----------------- Invoking toplevel() on ptolemy.moml.MoMLSimpleApplication@42b481c8
----------------- Done invoking toplevel() on ptolemy.moml.MoMLSimpleApplication@42b481c8
reloadAllAccessors: .Router

===========================================================================================
----------------- testing Sun Jan 26 06:55:13 UTC 2020 /home/travis/build/icyphy/ptII/ptolemy/actor/lib/test/auto/Router2.xml
----------------- Instantiating /home/travis/build/icyphy/ptII/ptolemy/actor/lib/test/auto/Router2.xml
3003 ms. Memory: 497664K Free: 302796K (61%)
----------------- Invoking toplevel() on ptolemy.moml.MoMLSimpleApplication@685a71f1
----------------- Done invoking toplevel() on ptolemy.moml.MoMLSimpleApplication@685a71f1
reloadAllAccessors: .Router2

===========================================================================================
----------------- testing Sun Jan 26 06:55:16 UTC 2020 /home/travis/build/icyphy/ptII/ptolemy/actor/lib/test/auto/RunningMaximum.xml
----------------- Instantiating /home/travis/build/icyphy/ptII/ptolemy/actor/lib/test/auto/RunningMaximum.xml
1 ms. Memory: 497664K Free: 298190K (60%)
----------------- Invoking toplevel() on ptolemy.moml.MoMLSimpleApplication@7a2b3f0f
----------------- Done invoking toplevel() on ptolemy.moml.MoMLSimpleApplication@7a2b3f0f
reloadAllAccessors: .RunningMaximum

===========================================================================================
----------------- testing Sun Jan 26 06:55:16 UTC 2020 /home/travis/build/icyphy/ptII/ptolemy/actor/lib/test/auto/RunningMinimum.xml
----------------- Instantiating /home/travis/build/icyphy/ptII/ptolemy/actor/lib/test/auto/RunningMinimum.xml
8 ms. Memory: 497664K Free: 293580K (59%)
----------------- Invoking toplevel() on ptolemy.moml.MoMLSimpleApplication@8a2bd5c
----------------- Done invoking toplevel() on ptolemy.moml.MoMLSimpleApplication@8a2bd5c
reloadAllAccessors: .RunningMinimum

===========================================================================================
----------------- testing Sun Jan 26 06:55:16 UTC 2020 /home/travis/build/icyphy/ptII/ptolemy/actor/lib/test/auto/Scale.xml
----------------- Instantiating /home/travis/build/icyphy/ptII/ptolemy/actor/lib/test/auto/Scale.xml
1 ms. Memory: 497664K Free: 288974K (58%)
----------------- Invoking toplevel() on ptolemy.moml.MoMLSimpleApplication@5475e31b
----------------- Done invoking toplevel() on ptolemy.moml.MoMLSimpleApplication@5475e31b
reloadAllAccessors: .Scale

===========================================================================================
----------------- testing Sun Jan 26 06:55:16 UTC 2020 /home/travis/build/icyphy/ptII/ptolemy/actor/lib/test/auto/Scale2.xml
----------------- Instantiating /home/travis/build/icyphy/ptII/ptolemy/actor/lib/test/auto/Scale2.xml
1 ms. Memory: 497664K Free: 283854K (57%)
----------------- Invoking toplevel() on ptolemy.moml.MoMLSimpleApplication@1db07779
----------------- Done invoking toplevel() on ptolemy.moml.MoMLSimpleApplication@1db07779
reloadAllAccessors: .Scale2

===========================================================================================
----------------- testing Sun Jan 26 06:55:16 UTC 2020 /home/travis/build/icyphy/ptII/ptolemy/actor/lib/test/auto/Scale3.xml
----------------- Instantiating /home/travis/build/icyphy/ptII/ptolemy/actor/lib/test/auto/Scale3.xml
2 ms. Memory: 497664K Free: 277710K (56%)
----------------- Invoking toplevel() on ptolemy.moml.MoMLSimpleApplication@1d4fc4d0
----------------- Done invoking toplevel() on ptolemy.moml.MoMLSimpleApplication@1d4fc4d0
reloadAllAccessors: .Scale3

===========================================================================================
----------------- testing Sun Jan 26 06:55:16 UTC 2020 /home/travis/build/icyphy/ptII/ptolemy/actor/lib/test/auto/ScaleArray.xml
----------------- Instantiating /home/travis/build/icyphy/ptII/ptolemy/actor/lib/test/auto/ScaleArray.xml
1 ms. Memory: 497664K Free: 273100K (55%)
----------------- Invoking toplevel() on ptolemy.moml.MoMLSimpleApplication@7cb65174
----------------- Done invoking toplevel() on ptolemy.moml.MoMLSimpleApplication@7cb65174
reloadAllAccessors: .ScaleArray

===========================================================================================
----------------- testing Sun Jan 26 06:55:16 UTC 2020 /home/travis/build/icyphy/ptII/ptolemy/actor/lib/test/auto/ScaleArray2.xml
----------------- Instantiating /home/travis/build/icyphy/ptII/ptolemy/actor/lib/test/auto/ScaleArray2.xml
1 ms. Memory: 497664K Free: 268494K (54%)
----------------- Invoking toplevel() on ptolemy.moml.MoMLSimpleApplication@32c4bced
----------------- Done invoking toplevel() on ptolemy.moml.MoMLSimpleApplication@32c4bced
reloadAllAccessors: .ScaleArray2

===========================================================================================
----------------- testing Sun Jan 26 06:55:16 UTC 2020 /home/travis/build/icyphy/ptII/ptolemy/actor/lib/test/auto/ScaleMatrix.xml
----------------- Instantiating /home/travis/build/icyphy/ptII/ptolemy/actor/lib/test/auto/ScaleMatrix.xml
89 ms. Memory: 497664K Free: 253644K (51%)
----------------- Invoking toplevel() on ptolemy.moml.MoMLSimpleApplication@707d0bc0
----------------- Done invoking toplevel() on ptolemy.moml.MoMLSimpleApplication@707d0bc0
reloadAllAccessors: .ScaleMatrix

===========================================================================================
----------------- testing Sun Jan 26 06:55:16 UTC 2020 /home/travis/build/icyphy/ptII/ptolemy/actor/lib/test/auto/Select.xml
----------------- Instantiating /home/travis/build/icyphy/ptII/ptolemy/actor/lib/test/auto/Select.xml
2 ms. Memory: 497664K Free: 246990K (50%)
----------------- Invoking toplevel() on ptolemy.moml.MoMLSimpleApplication@71feddb6
----------------- Done invoking toplevel() on ptolemy.moml.MoMLSimpleApplication@71feddb6
reloadAllAccessors: .Select

===========================================================================================
----------------- testing Sun Jan 26 06:55:16 UTC 2020 /home/travis/build/icyphy/ptII/ptolemy/actor/lib/test/auto/Select2.xml
----------------- Instantiating /home/travis/build/icyphy/ptII/ptolemy/actor/lib/test/auto/Select2.xml
1 ms. Memory: 497664K Free: 242380K (49%)
----------------- Invoking toplevel() on ptolemy.moml.MoMLSimpleApplication@6b3fac0e
----------------- Done invoking toplevel() on ptolemy.moml.MoMLSimpleApplication@6b3fac0e
reloadAllAccessors: .Select2

===========================================================================================
----------------- testing Sun Jan 26 06:55:16 UTC 2020 /home/travis/build/icyphy/ptII/ptolemy/actor/lib/test/auto/SequenceToArray2.xml
----------------- Instantiating /home/travis/build/icyphy/ptII/ptolemy/actor/lib/test/auto/SequenceToArray2.xml
93 ms. Memory: 497664K Free: 218318K (44%)
----------------- Invoking toplevel() on ptolemy.moml.MoMLSimpleApplication@7cf47f2f
----------------- Done invoking toplevel() on ptolemy.moml.MoMLSimpleApplication@7cf47f2f
reloadAllAccessors: .SequenceToArray2

===========================================================================================
----------------- testing Sun Jan 26 06:55:16 UTC 2020 /home/travis/build/icyphy/ptII/ptolemy/actor/lib/test/auto/SequentialClock.xml
----------------- Instantiating /home/travis/build/icyphy/ptII/ptolemy/actor/lib/test/auto/SequentialClock.xml
1 ms. Memory: 497664K Free: 214222K (43%)
----------------- Invoking toplevel() on ptolemy.moml.MoMLSimpleApplication@78466458
----------------- Done invoking toplevel() on ptolemy.moml.MoMLSimpleApplication@78466458
reloadAllAccessors: .SequentialClock

===========================================================================================
----------------- testing Sun Jan 26 06:55:16 UTC 2020 /home/travis/build/icyphy/ptII/ptolemy/actor/lib/test/auto/SetVariable.xml
----------------- Instantiating /home/travis/build/icyphy/ptII/ptolemy/actor/lib/test/auto/SetVariable.xml
3 ms. Memory: 497664K Free: 209612K (42%)
----------------- Invoking toplevel() on ptolemy.moml.MoMLSimpleApplication@20aa4ef5
----------------- Done invoking toplevel() on ptolemy.moml.MoMLSimpleApplication@20aa4ef5
reloadAllAccessors: .SetVariable

===========================================================================================
----------------- testing Sun Jan 26 06:55:16 UTC 2020 /home/travis/build/icyphy/ptII/ptolemy/actor/lib/test/auto/SetVariable2.xml
----------------- Instantiating /home/travis/build/icyphy/ptII/ptolemy/actor/lib/test/auto/SetVariable2.xml
3 ms. Memory: 497664K Free: 203982K (41%)
----------------- Invoking toplevel() on ptolemy.moml.MoMLSimpleApplication@282096ea
----------------- Done invoking toplevel() on ptolemy.moml.MoMLSimpleApplication@282096ea
reloadAllAccessors: .SetVariable2

===========================================================================================
----------------- testing Sun Jan 26 06:55:16 UTC 2020 /home/travis/build/icyphy/ptII/ptolemy/actor/lib/test/auto/SetVariable3.xml
----------------- Instantiating /home/travis/build/icyphy/ptII/ptolemy/actor/lib/test/auto/SetVariable3.xml
7 ms. Memory: 497664K Free: 198862K (40%)
----------------- Invoking toplevel() on ptolemy.moml.MoMLSimpleApplication@1539d3bc
----------------- Done invoking toplevel() on ptolemy.moml.MoMLSimpleApplication@1539d3bc
reloadAllAccessors: .SetVariable3

===========================================================================================
----------------- testing Sun Jan 26 06:55:16 UTC 2020 /home/travis/build/icyphy/ptII/ptolemy/actor/lib/test/auto/SetVariable4.xml
----------------- Instantiating /home/travis/build/icyphy/ptII/ptolemy/actor/lib/test/auto/SetVariable4.xml
22 ms. Memory: 497664K Free: 189644K (38%)
----------------- Invoking toplevel() on ptolemy.moml.MoMLSimpleApplication@101e9463
----------------- Done invoking toplevel() on ptolemy.moml.MoMLSimpleApplication@101e9463
reloadAllAccessors: .SetVariable4

===========================================================================================
----------------- testing Sun Jan 26 06:55:16 UTC 2020 /home/travis/build/icyphy/ptII/ptolemy/actor/lib/test/auto/SetVariable5.xml
----------------- Instantiating /home/travis/build/icyphy/ptII/ptolemy/actor/lib/test/auto/SetVariable5.xml
22 ms. Memory: 497664K Free: 180430K (36%)
----------------- Invoking toplevel() on ptolemy.moml.MoMLSimpleApplication@5d565b86
----------------- Done invoking toplevel() on ptolemy.moml.MoMLSimpleApplication@5d565b86
reloadAllAccessors: .SetVariable5

===========================================================================================
----------------- testing Sun Jan 26 06:55:16 UTC 2020 /home/travis/build/icyphy/ptII/ptolemy/actor/lib/test/auto/Sinewave.xml
----------------- Instantiating /home/travis/build/icyphy/ptII/ptolemy/actor/lib/test/auto/Sinewave.xml
4 ms. Memory: 497664K Free: 169676K (34%)
----------------- Invoking toplevel() on ptolemy.moml.MoMLSimpleApplication@465f5850
----------------- Done invoking toplevel() on ptolemy.moml.MoMLSimpleApplication@465f5850
reloadAllAccessors: .Sinewave

===========================================================================================
----------------- testing Sun Jan 26 06:55:16 UTC 2020 /home/travis/build/icyphy/ptII/ptolemy/actor/lib/test/auto/Sinewave2.xml
----------------- Instantiating /home/travis/build/icyphy/ptII/ptolemy/actor/lib/test/auto/Sinewave2.xml
5 ms. Memory: 497664K Free: 161484K (32%)
----------------- Invoking toplevel() on ptolemy.moml.MoMLSimpleApplication@5c012b9e
----------------- Done invoking toplevel() on ptolemy.moml.MoMLSimpleApplication@5c012b9e
reloadAllAccessors: .Sinewave2

===========================================================================================
----------------- testing Sun Jan 26 06:55:16 UTC 2020 /home/travis/build/icyphy/ptII/ptolemy/actor/lib/test/auto/Sinewave3.xml
----------------- Instantiating /home/travis/build/icyphy/ptII/ptolemy/actor/lib/test/auto/Sinewave3.xml
26 ms. Memory: 497664K Free: 446597K (90%)
----------------- Invoking toplevel() on ptolemy.moml.MoMLSimpleApplication@2115bc07
----------------- Done invoking toplevel() on ptolemy.moml.MoMLSimpleApplication@2115bc07
reloadAllAccessors: .Sinewave3

===========================================================================================
----------------- testing Sun Jan 26 06:55:17 UTC 2020 /home/travis/build/icyphy/ptII/ptolemy/actor/lib/test/auto/SingleEvent.xml
----------------- Instantiating /home/travis/build/icyphy/ptII/ptolemy/actor/lib/test/auto/SingleEvent.xml
1 ms. Memory: 497664K Free: 442022K (89%)
----------------- Invoking toplevel() on ptolemy.moml.MoMLSimpleApplication@5f275a40
----------------- Done invoking toplevel() on ptolemy.moml.MoMLSimpleApplication@5f275a40
reloadAllAccessors: .SingleEvent

===========================================================================================
----------------- testing Sun Jan 26 06:55:17 UTC 2020 /home/travis/build/icyphy/ptII/ptolemy/actor/lib/test/auto/Sleep.xml
----------------- Instantiating /home/travis/build/icyphy/ptII/ptolemy/actor/lib/test/auto/Sleep.xml
6003 ms. Memory: 497664K Free: 435878K (88%)
----------------- Invoking toplevel() on ptolemy.moml.MoMLSimpleApplication@5420412
----------------- Done invoking toplevel() on ptolemy.moml.MoMLSimpleApplication@5420412
reloadAllAccessors: .Sleep

===========================================================================================
----------------- testing Sun Jan 26 06:55:23 UTC 2020 /home/travis/build/icyphy/ptII/ptolemy/actor/lib/test/auto/SleepMultipleFire.xml
----------------- Instantiating /home/travis/build/icyphy/ptII/ptolemy/actor/lib/test/auto/SleepMultipleFire.xml
1004 ms. Memory: 497664K Free: 430244K (86%)
----------------- Invoking toplevel() on ptolemy.moml.MoMLSimpleApplication@69577a00
----------------- Done invoking toplevel() on ptolemy.moml.MoMLSimpleApplication@69577a00
reloadAllAccessors: .SleepMultipleFire

===========================================================================================
----------------- testing Sun Jan 26 06:55:24 UTC 2020 /home/travis/build/icyphy/ptII/ptolemy/actor/lib/test/auto/StopDE.xml
----------------- Instantiating /home/travis/build/icyphy/ptII/ptolemy/actor/lib/test/auto/StopDE.xml
7 ms. Memory: 497664K Free: 424614K (85%)
----------------- Invoking toplevel() on ptolemy.moml.MoMLSimpleApplication@11421c9a
----------------- Done invoking toplevel() on ptolemy.moml.MoMLSimpleApplication@11421c9a
reloadAllAccessors: .StopDE

===========================================================================================
----------------- testing Sun Jan 26 06:55:24 UTC 2020 /home/travis/build/icyphy/ptII/ptolemy/actor/lib/test/auto/StopSDF.xml
----------------- Instantiating /home/travis/build/icyphy/ptII/ptolemy/actor/lib/test/auto/StopSDF.xml
3 ms. Memory: 497664K Free: 419494K (84%)
----------------- Invoking toplevel() on ptolemy.moml.MoMLSimpleApplication@21b9e84a
----------------- Done invoking toplevel() on ptolemy.moml.MoMLSimpleApplication@21b9e84a
reloadAllAccessors: .StopSDF

===========================================================================================
----------------- testing Sun Jan 26 06:55:24 UTC 2020 /home/travis/build/icyphy/ptII/ptolemy/actor/lib/test/auto/StringConstant.xml
----------------- Instantiating /home/travis/build/icyphy/ptII/ptolemy/actor/lib/test/auto/StringConstant.xml
8 ms. Memory: 497664K Free: 414372K (83%)
----------------- Invoking toplevel() on ptolemy.moml.MoMLSimpleApplication@5d64172e
----------------- Done invoking toplevel() on ptolemy.moml.MoMLSimpleApplication@5d64172e
reloadAllAccessors: .StringConstant

===========================================================================================
----------------- testing Sun Jan 26 06:55:24 UTC 2020 /home/travis/build/icyphy/ptII/ptolemy/actor/lib/test/auto/SubscriberPortInitialValues1.xml
----------------- Instantiating /home/travis/build/icyphy/ptII/ptolemy/actor/lib/test/auto/SubscriberPortInitialValues1.xml
7 ms. Memory: 497664K Free: 405668K (82%)
----------------- Invoking toplevel() on ptolemy.moml.MoMLSimpleApplication@7937f0ce
----------------- Done invoking toplevel() on ptolemy.moml.MoMLSimpleApplication@7937f0ce
reloadAllAccessors: .SubscriberPortInitialValues1

===========================================================================================
----------------- testing Sun Jan 26 06:55:24 UTC 2020 /home/travis/build/icyphy/ptII/ptolemy/actor/lib/test/auto/SubscriberPortInitialValues13.xml
----------------- Instantiating /home/travis/build/icyphy/ptII/ptolemy/actor/lib/test/auto/SubscriberPortInitialValues13.xml
4 ms. Memory: 497664K Free: 392356K (79%)
----------------- Invoking toplevel() on ptolemy.moml.MoMLSimpleApplication@4f4e5bf
----------------- Done invoking toplevel() on ptolemy.moml.MoMLSimpleApplication@4f4e5bf
reloadAllAccessors: .SubscriberPortInitialValues13

===========================================================================================
----------------- testing Sun Jan 26 06:55:24 UTC 2020 /home/travis/build/icyphy/ptII/ptolemy/actor/lib/test/auto/SubscriberPortInitialValues14.xml
----------------- Instantiating /home/travis/build/icyphy/ptII/ptolemy/actor/lib/test/auto/SubscriberPortInitialValues14.xml
7 ms. Memory: 497664K Free: 384678K (77%)
----------------- Invoking toplevel() on ptolemy.moml.MoMLSimpleApplication@b744dd2
----------------- Done invoking toplevel() on ptolemy.moml.MoMLSimpleApplication@b744dd2
reloadAllAccessors: .SubscriberPortInitialValues14

===========================================================================================
----------------- testing Sun Jan 26 06:55:24 UTC 2020 /home/travis/build/icyphy/ptII/ptolemy/actor/lib/test/auto/SubscriberPortInitialValues2.xml
----------------- Instantiating /home/travis/build/icyphy/ptII/ptolemy/actor/lib/test/auto/SubscriberPortInitialValues2.xml
3 ms. Memory: 497664K Free: 376486K (76%)
----------------- Invoking toplevel() on ptolemy.moml.MoMLSimpleApplication@6f3b7c4c
----------------- Done invoking toplevel() on ptolemy.moml.MoMLSimpleApplication@6f3b7c4c
reloadAllAccessors: .SubscriberPortInitialValues2

===========================================================================================
----------------- testing Sun Jan 26 06:55:24 UTC 2020 /home/travis/build/icyphy/ptII/ptolemy/actor/lib/test/auto/SubscriberPortInitialValues3.xml
----------------- Instantiating /home/travis/build/icyphy/ptII/ptolemy/actor/lib/test/auto/SubscriberPortInitialValues3.xml
4 ms. Memory: 497664K Free: 365732K (73%)
----------------- Invoking toplevel() on ptolemy.moml.MoMLSimpleApplication@196ec6f9
----------------- Done invoking toplevel() on ptolemy.moml.MoMLSimpleApplication@196ec6f9
reloadAllAccessors: .SubscriberPortInitialValues3

===========================================================================================
----------------- testing Sun Jan 26 06:55:24 UTC 2020 /home/travis/build/icyphy/ptII/ptolemy/actor/lib/test/auto/SubscriptionAggregator.xml
----------------- Instantiating /home/travis/build/icyphy/ptII/ptolemy/actor/lib/test/auto/SubscriptionAggregator.xml
2 ms. Memory: 497664K Free: 359078K (72%)
----------------- Invoking toplevel() on ptolemy.moml.MoMLSimpleApplication@4f008757
----------------- Done invoking toplevel() on ptolemy.moml.MoMLSimpleApplication@4f008757
reloadAllAccessors: .SubscriptionAggregator

===========================================================================================
----------------- testing Sun Jan 26 06:55:24 UTC 2020 /home/travis/build/icyphy/ptII/ptolemy/actor/lib/test/auto/SubscriptionAggregator2.xml
----------------- Instantiating /home/travis/build/icyphy/ptII/ptolemy/actor/lib/test/auto/SubscriptionAggregator2.xml
2 ms. Memory: 497664K Free: 351390K (71%)
----------------- Invoking toplevel() on ptolemy.moml.MoMLSimpleApplication@5be975a6
----------------- Done invoking toplevel() on ptolemy.moml.MoMLSimpleApplication@5be975a6
reloadAllAccessors: .SubscriptionAggregator2

===========================================================================================
----------------- testing Sun Jan 26 06:55:24 UTC 2020 /home/travis/build/icyphy/ptII/ptolemy/actor/lib/test/auto/SubscriptionAggregator3.xml
----------------- Instantiating /home/travis/build/icyphy/ptII/ptolemy/actor/lib/test/auto/SubscriptionAggregator3.xml
3 ms. Memory: 497664K Free: 342694K (69%)
----------------- Invoking toplevel() on ptolemy.moml.MoMLSimpleApplication@677f7782
----------------- Done invoking toplevel() on ptolemy.moml.MoMLSimpleApplication@677f7782
reloadAllAccessors: .SubscriptionAggregator3

===========================================================================================
----------------- testing Sun Jan 26 06:55:24 UTC 2020 /home/travis/build/icyphy/ptII/ptolemy/actor/lib/test/auto/SubscriptionAggregatorMultiply.xml
----------------- Instantiating /home/travis/build/icyphy/ptII/ptolemy/actor/lib/test/auto/SubscriptionAggregatorMultiply.xml
3 ms. Memory: 497664K Free: 334502K (67%)
----------------- Invoking toplevel() on ptolemy.moml.MoMLSimpleApplication@553e039a
----------------- Done invoking toplevel() on ptolemy.moml.MoMLSimpleApplication@553e039a
reloadAllAccessors: .SubscriptionAggregatorMultiply

===========================================================================================
----------------- testing Sun Jan 26 06:55:24 UTC 2020 /home/travis/build/icyphy/ptII/ptolemy/actor/lib/test/auto/SubscriptionAggregatorPortMultiply1.xml
----------------- Instantiating /home/travis/build/icyphy/ptII/ptolemy/actor/lib/test/auto/SubscriptionAggregatorPortMultiply1.xml
3 ms. Memory: 497664K Free: 326820K (66%)
----------------- Invoking toplevel() on ptolemy.moml.MoMLSimpleApplication@66f75480
----------------- Done invoking toplevel() on ptolemy.moml.MoMLSimpleApplication@66f75480
reloadAllAccessors: .SubscriptionAggregatorPortMultiply1

===========================================================================================
----------------- testing Sun Jan 26 06:55:24 UTC 2020 /home/travis/build/icyphy/ptII/ptolemy/actor/lib/test/auto/Switch.xml
----------------- Instantiating /home/travis/build/icyphy/ptII/ptolemy/actor/lib/test/auto/Switch.xml
6 ms. Memory: 497664K Free: 318118K (64%)
----------------- Invoking toplevel() on ptolemy.moml.MoMLSimpleApplication@38e6d149
----------------- Done invoking toplevel() on ptolemy.moml.MoMLSimpleApplication@38e6d149
reloadAllAccessors: .Switch

===========================================================================================
----------------- testing Sun Jan 26 06:55:24 UTC 2020 /home/travis/build/icyphy/ptII/ptolemy/actor/lib/test/auto/Switch2.xml
----------------- Instantiating /home/travis/build/icyphy/ptII/ptolemy/actor/lib/test/auto/Switch2.xml
1 ms. Memory: 497664K Free: 313508K (63%)
----------------- Invoking toplevel() on ptolemy.moml.MoMLSimpleApplication@3dcebd4c
----------------- Done invoking toplevel() on ptolemy.moml.MoMLSimpleApplication@3dcebd4c
reloadAllAccessors: .Switch2

===========================================================================================
----------------- testing Sun Jan 26 06:55:24 UTC 2020 /home/travis/build/icyphy/ptII/ptolemy/actor/lib/test/auto/SwitchDE.xml
----------------- Instantiating /home/travis/build/icyphy/ptII/ptolemy/actor/lib/test/auto/SwitchDE.xml
2 ms. Memory: 497664K Free: 307350K (62%)
----------------- Invoking toplevel() on ptolemy.moml.MoMLSimpleApplication@749519ed
----------------- Done invoking toplevel() on ptolemy.moml.MoMLSimpleApplication@749519ed
reloadAllAccessors: .SwitchDE

===========================================================================================
----------------- testing Sun Jan 26 06:55:24 UTC 2020 /home/travis/build/icyphy/ptII/ptolemy/actor/lib/test/auto/SynchronizerDE.xml
----------------- Instantiating /home/travis/build/icyphy/ptII/ptolemy/actor/lib/test/auto/SynchronizerDE.xml
6 ms. Memory: 497664K Free: 298662K (60%)
----------------- Invoking toplevel() on ptolemy.moml.MoMLSimpleApplication@614940fb
----------------- Done invoking toplevel() on ptolemy.moml.MoMLSimpleApplication@614940fb
reloadAllAccessors: .SynchronizerDE

===========================================================================================
----------------- testing Sun Jan 26 06:55:24 UTC 2020 /home/travis/build/icyphy/ptII/ptolemy/actor/lib/test/auto/Test.xml
----------------- Instantiating /home/travis/build/icyphy/ptII/ptolemy/actor/lib/test/auto/Test.xml
2 ms. Memory: 497664K Free: 293542K (59%)
----------------- Invoking toplevel() on ptolemy.moml.MoMLSimpleApplication@242e883
----------------- Done invoking toplevel() on ptolemy.moml.MoMLSimpleApplication@242e883
reloadAllAccessors: .Test

===========================================================================================
----------------- testing Sun Jan 26 06:55:24 UTC 2020 /home/travis/build/icyphy/ptII/ptolemy/actor/lib/test/auto/TestExceptionAttribute1.xml
----------------- Instantiating /home/travis/build/icyphy/ptII/ptolemy/actor/lib/test/auto/TestExceptionAttribute1.xml
1 ms. Memory: 497664K Free: 289956K (58%)
----------------- Invoking toplevel() on ptolemy.moml.MoMLSimpleApplication@1305812f
----------------- Done invoking toplevel() on ptolemy.moml.MoMLSimpleApplication@1305812f
reloadAllAccessors: .TestExceptionAttribute1

===========================================================================================
----------------- testing Sun Jan 26 06:55:24 UTC 2020 /home/travis/build/icyphy/ptII/ptolemy/actor/lib/test/auto/TestExceptionAttribute2.xml
----------------- Instantiating /home/travis/build/icyphy/ptII/ptolemy/actor/lib/test/auto/TestExceptionAttribute2.xml
1 ms. Memory: 497664K Free: 285860K (57%)
----------------- Invoking toplevel() on ptolemy.moml.MoMLSimpleApplication@474c0483
----------------- Done invoking toplevel() on ptolemy.moml.MoMLSimpleApplication@474c0483
reloadAllAccessors: .TestExceptionAttribute2

===========================================================================================
----------------- testing Sun Jan 26 06:55:24 UTC 2020 /home/travis/build/icyphy/ptII/ptolemy/actor/lib/test/auto/TestExceptionAttribute3.xml
----------------- Instantiating /home/travis/build/icyphy/ptII/ptolemy/actor/lib/test/auto/TestExceptionAttribute3.xml
.TestExceptionAttribute3.TestExceptionAttribute: initialize() was not invoked, but wrapup() was.  This is unusual, but not always a problem.  For example, exporting JNLP will do this.
1 ms. Memory: 497664K Free: 282278K (57%)
----------------- Invoking toplevel() on ptolemy.moml.MoMLSimpleApplication@2b596122
----------------- Done invoking toplevel() on ptolemy.moml.MoMLSimpleApplication@2b596122
reloadAllAccessors: .TestExceptionAttribute3

===========================================================================================
----------------- testing Sun Jan 26 06:55:24 UTC 2020 /home/travis/build/icyphy/ptII/ptolemy/actor/lib/test/auto/TestExceptionAttribute4.xml
----------------- Instantiating /home/travis/build/icyphy/ptII/ptolemy/actor/lib/test/auto/TestExceptionAttribute4.xml
.TestExceptionAttribute4.TestExceptionAttribute: initialize() was not invoked, but wrapup() was.  This is unusual, but not always a problem.  For example, exporting JNLP will do this.
.TestExceptionAttribute4.TestExceptionAttribute2: initialize() was not invoked, but wrapup() was.  This is unusual, but not always a problem.  For example, exporting JNLP will do this.
1 ms. Memory: 497664K Free: 278182K (56%)
----------------- Invoking toplevel() on ptolemy.moml.MoMLSimpleApplication@49576fca
----------------- Done invoking toplevel() on ptolemy.moml.MoMLSimpleApplication@49576fca
reloadAllAccessors: .TestExceptionAttribute4

===========================================================================================
----------------- testing Sun Jan 26 06:55:24 UTC 2020 /home/travis/build/icyphy/ptII/ptolemy/actor/lib/test/auto/TestExceptionHandler1.xml
----------------- Instantiating /home/travis/build/icyphy/ptII/ptolemy/actor/lib/test/auto/TestExceptionHandler1.xml
1 ms. Memory: 497664K Free: 274596K (55%)
----------------- Invoking toplevel() on ptolemy.moml.MoMLSimpleApplication@2e8296a4
----------------- Done invoking toplevel() on ptolemy.moml.MoMLSimpleApplication@2e8296a4
reloadAllAccessors: .TestExceptionHandler1

===========================================================================================
----------------- testing Sun Jan 26 06:55:24 UTC 2020 /home/travis/build/icyphy/ptII/ptolemy/actor/lib/test/auto/TestExceptionHandler2.xml
----------------- Instantiating /home/travis/build/icyphy/ptII/ptolemy/actor/lib/test/auto/TestExceptionHandler2.xml
1 ms. Memory: 497664K Free: 270500K (54%)
----------------- Invoking toplevel() on ptolemy.moml.MoMLSimpleApplication@17cc4621
----------------- Done invoking toplevel() on ptolemy.moml.MoMLSimpleApplication@17cc4621
reloadAllAccessors: .TestExceptionHandler2

===========================================================================================
----------------- testing Sun Jan 26 06:55:24 UTC 2020 /home/travis/build/icyphy/ptII/ptolemy/actor/lib/test/auto/TestExceptionHandler3.xml
----------------- Instantiating /home/travis/build/icyphy/ptII/ptolemy/actor/lib/test/auto/TestExceptionHandler3.xml
0 ms. Memory: 497664K Free: 266918K (54%)
----------------- Invoking toplevel() on ptolemy.moml.MoMLSimpleApplication@79c6ee92
----------------- Done invoking toplevel() on ptolemy.moml.MoMLSimpleApplication@79c6ee92
reloadAllAccessors: .TestExceptionHandler3

===========================================================================================
----------------- testing Sun Jan 26 06:55:24 UTC 2020 /home/travis/build/icyphy/ptII/ptolemy/actor/lib/test/auto/TestExceptionHandler4.xml
----------------- Instantiating /home/travis/build/icyphy/ptII/ptolemy/actor/lib/test/auto/TestExceptionHandler4.xml
0 ms. Memory: 497664K Free: 262822K (53%)
----------------- Invoking toplevel() on ptolemy.moml.MoMLSimpleApplication@fbed0a2
----------------- Done invoking toplevel() on ptolemy.moml.MoMLSimpleApplication@fbed0a2
reloadAllAccessors: .TestExceptionHandler4

===========================================================================================
----------------- testing Sun Jan 26 06:55:24 UTC 2020 /home/travis/build/icyphy/ptII/ptolemy/actor/lib/test/auto/TestRequireCorrectOrder.xml
----------------- Instantiating /home/travis/build/icyphy/ptII/ptolemy/actor/lib/test/auto/TestRequireCorrectOrder.xml
10 ms. Memory: 497664K Free: 256150K (51%)
----------------- Invoking toplevel() on ptolemy.moml.MoMLSimpleApplication@693d796b
----------------- Done invoking toplevel() on ptolemy.moml.MoMLSimpleApplication@693d796b
reloadAllAccessors: .TestRequireCorrectOrder

===========================================================================================
----------------- testing Sun Jan 26 06:55:24 UTC 2020 /home/travis/build/icyphy/ptII/ptolemy/actor/lib/test/auto/TestSimple.xml
----------------- Instantiating /home/travis/build/icyphy/ptII/ptolemy/actor/lib/test/auto/TestSimple.xml
1 ms. Memory: 497664K Free: 252068K (51%)
----------------- Invoking toplevel() on ptolemy.moml.MoMLSimpleApplication@7f9eae63
----------------- Done invoking toplevel() on ptolemy.moml.MoMLSimpleApplication@7f9eae63
reloadAllAccessors: .TestSimple

===========================================================================================
----------------- testing Sun Jan 26 06:55:24 UTC 2020 /home/travis/build/icyphy/ptII/ptolemy/actor/lib/test/auto/ThrowModelError.xml
----------------- Instantiating /home/travis/build/icyphy/ptII/ptolemy/actor/lib/test/auto/ThrowModelError.xml
2 ms. Memory: 497664K Free: 247462K (50%)
----------------- Invoking toplevel() on ptolemy.moml.MoMLSimpleApplication@3627ef5
----------------- Done invoking toplevel() on ptolemy.moml.MoMLSimpleApplication@3627ef5
reloadAllAccessors: .ThrowModelError

===========================================================================================
----------------- testing Sun Jan 26 06:55:24 UTC 2020 /home/travis/build/icyphy/ptII/ptolemy/actor/lib/test/auto/TimeDelayMicrosteps.xml
----------------- Instantiating /home/travis/build/icyphy/ptII/ptolemy/actor/lib/test/auto/TimeDelayMicrosteps.xml
2 ms. Memory: 497664K Free: 240294K (48%)
----------------- Invoking toplevel() on ptolemy.moml.MoMLSimpleApplication@6c90a058
----------------- Done invoking toplevel() on ptolemy.moml.MoMLSimpleApplication@6c90a058
reloadAllAccessors: .TimeDelayMicrosteps

===========================================================================================
----------------- testing Sun Jan 26 06:55:24 UTC 2020 /home/travis/build/icyphy/ptII/ptolemy/actor/lib/test/auto/TimeDelayMicrosteps2.xml
----------------- Instantiating /home/travis/build/icyphy/ptII/ptolemy/actor/lib/test/auto/TimeDelayMicrosteps2.xml
3 ms. Memory: 497664K Free: 233126K (47%)
----------------- Invoking toplevel() on ptolemy.moml.MoMLSimpleApplication@3ff99f8c
----------------- Done invoking toplevel() on ptolemy.moml.MoMLSimpleApplication@3ff99f8c
reloadAllAccessors: .TimeDelayMicrosteps2

===========================================================================================
----------------- testing Sun Jan 26 06:55:24 UTC 2020 /home/travis/build/icyphy/ptII/ptolemy/actor/lib/test/auto/TimeDelayMicrosteps3.xml
----------------- Instantiating /home/travis/build/icyphy/ptII/ptolemy/actor/lib/test/auto/TimeDelayMicrosteps3.xml
3 ms. Memory: 497664K Free: 226454K (46%)
----------------- Invoking toplevel() on ptolemy.moml.MoMLSimpleApplication@6abc425
----------------- Done invoking toplevel() on ptolemy.moml.MoMLSimpleApplication@6abc425
reloadAllAccessors: .TimeDelayMicrosteps3

===========================================================================================
----------------- testing Sun Jan 26 06:55:24 UTC 2020 /home/travis/build/icyphy/ptII/ptolemy/actor/lib/test/auto/TimeDelayVariableMicrosteps.xml
----------------- Instantiating /home/travis/build/icyphy/ptII/ptolemy/actor/lib/test/auto/TimeDelayVariableMicrosteps.xml
3 ms. Memory: 497664K Free: 219814K (44%)
----------------- Invoking toplevel() on ptolemy.moml.MoMLSimpleApplication@3961e204
----------------- Done invoking toplevel() on ptolemy.moml.MoMLSimpleApplication@3961e204
reloadAllAccessors: .TimeDelayVariableMicrosteps

===========================================================================================
----------------- testing Sun Jan 26 06:55:24 UTC 2020 /home/travis/build/icyphy/ptII/ptolemy/actor/lib/test/auto/TimeGap.xml
----------------- Instantiating /home/travis/build/icyphy/ptII/ptolemy/actor/lib/test/auto/TimeGap.xml
3 ms. Memory: 497664K Free: 214694K (43%)
----------------- Invoking toplevel() on ptolemy.moml.MoMLSimpleApplication@64f065c5
----------------- Done invoking toplevel() on ptolemy.moml.MoMLSimpleApplication@64f065c5
reloadAllAccessors: .TimeGap

===========================================================================================
----------------- testing Sun Jan 26 06:55:24 UTC 2020 /home/travis/build/icyphy/ptII/ptolemy/actor/lib/test/auto/TimeGap2.xml
----------------- Instantiating /home/travis/build/icyphy/ptII/ptolemy/actor/lib/test/auto/TimeGap2.xml
1 ms. Memory: 497664K Free: 209030K (42%)
----------------- Invoking toplevel() on ptolemy.moml.MoMLSimpleApplication@3d4b10e3
----------------- Done invoking toplevel() on ptolemy.moml.MoMLSimpleApplication@3d4b10e3
reloadAllAccessors: .TimeGap2

===========================================================================================
----------------- testing Sun Jan 26 06:55:24 UTC 2020 /home/travis/build/icyphy/ptII/ptolemy/actor/lib/test/auto/TimedSinewave.xml
----------------- Instantiating /home/travis/build/icyphy/ptII/ptolemy/actor/lib/test/auto/TimedSinewave.xml
23 ms. Memory: 497664K Free: 194724K (39%)
----------------- Invoking toplevel() on ptolemy.moml.MoMLSimpleApplication@7b215ba6
----------------- Done invoking toplevel() on ptolemy.moml.MoMLSimpleApplication@7b215ba6
reloadAllAccessors: .TimedSinewave

===========================================================================================
----------------- testing Sun Jan 26 06:55:24 UTC 2020 /home/travis/build/icyphy/ptII/ptolemy/actor/lib/test/auto/TimedSinewavePhase.xml
----------------- Instantiating /home/travis/build/icyphy/ptII/ptolemy/actor/lib/test/auto/TimedSinewavePhase.xml
10 ms. Memory: 497664K Free: 184484K (37%)
----------------- Invoking toplevel() on ptolemy.moml.MoMLSimpleApplication@72fd13d9
----------------- Done invoking toplevel() on ptolemy.moml.MoMLSimpleApplication@72fd13d9
reloadAllAccessors: .TimedSinewavePhase

===========================================================================================
----------------- testing Sun Jan 26 06:55:24 UTC 2020 /home/travis/build/icyphy/ptII/ptolemy/actor/lib/test/auto/Timer.xml
----------------- Instantiating /home/travis/build/icyphy/ptII/ptolemy/actor/lib/test/auto/Timer.xml
2 ms. Memory: 497664K Free: 178310K (36%)
----------------- Invoking toplevel() on ptolemy.moml.MoMLSimpleApplication@61aedcaf
----------------- Done invoking toplevel() on ptolemy.moml.MoMLSimpleApplication@61aedcaf
reloadAllAccessors: .Timer

===========================================================================================
----------------- testing Sun Jan 26 06:55:24 UTC 2020 /home/travis/build/icyphy/ptII/ptolemy/actor/lib/test/auto/TriangularDistTestModel.xml
----------------- Instantiating /home/travis/build/icyphy/ptII/ptolemy/actor/lib/test/auto/TriangularDistTestModel.xml
2 ms. Memory: 497664K Free: 172710K (35%)
----------------- Invoking toplevel() on ptolemy.moml.MoMLSimpleApplication@6a8ad484
----------------- Done invoking toplevel() on ptolemy.moml.MoMLSimpleApplication@6a8ad484
reloadAllAccessors: .TriangularDistTestModel

===========================================================================================
----------------- testing Sun Jan 26 06:55:24 UTC 2020 /home/travis/build/icyphy/ptII/ptolemy/actor/lib/test/auto/TrigFunction.xml
----------------- Instantiating /home/travis/build/icyphy/ptII/ptolemy/actor/lib/test/auto/TrigFunction.xml
1 ms. Memory: 497664K Free: 168100K (34%)
----------------- Invoking toplevel() on ptolemy.moml.MoMLSimpleApplication@5fa547fa
----------------- Done invoking toplevel() on ptolemy.moml.MoMLSimpleApplication@5fa547fa
reloadAllAccessors: .TrigFunction

===========================================================================================
----------------- testing Sun Jan 26 06:55:24 UTC 2020 /home/travis/build/icyphy/ptII/ptolemy/actor/lib/test/auto/TrigFunctionDE.xml
----------------- Instantiating /home/travis/build/icyphy/ptII/ptolemy/actor/lib/test/auto/TrigFunctionDE.xml
2 ms. Memory: 497664K Free: 161942K (33%)
----------------- Invoking toplevel() on ptolemy.moml.MoMLSimpleApplication@4174544b
----------------- Done invoking toplevel() on ptolemy.moml.MoMLSimpleApplication@4174544b
reloadAllAccessors: .TrigFunctionDE

===========================================================================================
----------------- testing Sun Jan 26 06:55:24 UTC 2020 /home/travis/build/icyphy/ptII/ptolemy/actor/lib/test/auto/TrigFunctionInverse.xml
----------------- Instantiating /home/travis/build/icyphy/ptII/ptolemy/actor/lib/test/auto/TrigFunctionInverse.xml
2 ms. Memory: 497664K Free: 156836K (32%)
----------------- Invoking toplevel() on ptolemy.moml.MoMLSimpleApplication@411bedc3
----------------- Done invoking toplevel() on ptolemy.moml.MoMLSimpleApplication@411bedc3
reloadAllAccessors: .TrigFunctionInverse

===========================================================================================
----------------- testing Sun Jan 26 06:55:24 UTC 2020 /home/travis/build/icyphy/ptII/ptolemy/actor/lib/test/auto/TrigFunctionTan.xml
----------------- Instantiating /home/travis/build/icyphy/ptII/ptolemy/actor/lib/test/auto/TrigFunctionTan.xml
15 ms. Memory: 497664K Free: 447075K (90%)
----------------- Invoking toplevel() on ptolemy.moml.MoMLSimpleApplication@42f3cd32
----------------- Done invoking toplevel() on ptolemy.moml.MoMLSimpleApplication@42f3cd32
reloadAllAccessors: .TrigFunctionTan

===========================================================================================
----------------- testing Sun Jan 26 06:55:24 UTC 2020 /home/travis/build/icyphy/ptII/ptolemy/actor/lib/test/auto/TriggeredClock.xml
----------------- Instantiating /home/travis/build/icyphy/ptII/ptolemy/actor/lib/test/auto/TriggeredClock.xml
1 ms. Memory: 497664K Free: 441194K (89%)
----------------- Invoking toplevel() on ptolemy.moml.MoMLSimpleApplication@17ef4e22
----------------- Done invoking toplevel() on ptolemy.moml.MoMLSimpleApplication@17ef4e22
reloadAllAccessors: .TriggeredClock

===========================================================================================
----------------- testing Sun Jan 26 06:55:24 UTC 2020 /home/travis/build/icyphy/ptII/ptolemy/actor/lib/test/auto/URLDirectoryReader.xml
----------------- Instantiating /home/travis/build/icyphy/ptII/ptolemy/actor/lib/test/auto/URLDirectoryReader.xml
54 ms. Memory: 497664K Free: 431464K (87%)
----------------- Invoking toplevel() on ptolemy.moml.MoMLSimpleApplication@348eff1b
----------------- Done invoking toplevel() on ptolemy.moml.MoMLSimpleApplication@348eff1b
reloadAllAccessors: .URLDirectoryReader

===========================================================================================
----------------- testing Sun Jan 26 06:55:24 UTC 2020 /home/travis/build/icyphy/ptII/ptolemy/actor/lib/test/auto/URLDirectoryReader3.xml
----------------- Instantiating /home/travis/build/icyphy/ptII/ptolemy/actor/lib/test/auto/URLDirectoryReader3.xml
1316 ms. Memory: 497664K Free: 438546K (88%)
----------------- Invoking toplevel() on ptolemy.moml.MoMLSimpleApplication@297246c8
----------------- Done invoking toplevel() on ptolemy.moml.MoMLSimpleApplication@297246c8
reloadAllAccessors: .URLDirectoryReader3

===========================================================================================
----------------- testing Sun Jan 26 06:55:26 UTC 2020 /home/travis/build/icyphy/ptII/ptolemy/actor/lib/test/auto/UnaryMathFunction.xml
----------------- Instantiating /home/travis/build/icyphy/ptII/ptolemy/actor/lib/test/auto/UnaryMathFunction.xml
2 ms. Memory: 497664K Free: 430354K (86%)
----------------- Invoking toplevel() on ptolemy.moml.MoMLSimpleApplication@1ad2b09e
----------------- Done invoking toplevel() on ptolemy.moml.MoMLSimpleApplication@1ad2b09e
reloadAllAccessors: .UnaryMathFunction

===========================================================================================
----------------- testing Sun Jan 26 06:55:26 UTC 2020 /home/travis/build/icyphy/ptII/ptolemy/actor/lib/test/auto/Uniform.xml
----------------- Instantiating /home/travis/build/icyphy/ptII/ptolemy/actor/lib/test/auto/Uniform.xml
2 ms. Memory: 497664K Free: 425744K (86%)
----------------- Invoking toplevel() on ptolemy.moml.MoMLSimpleApplication@6e370034
----------------- Done invoking toplevel() on ptolemy.moml.MoMLSimpleApplication@6e370034
reloadAllAccessors: .Uniform

===========================================================================================
----------------- testing Sun Jan 26 06:55:26 UTC 2020 /home/travis/build/icyphy/ptII/ptolemy/actor/lib/test/auto/UnionDisassemblerTest.xml
----------------- Instantiating /home/travis/build/icyphy/ptII/ptolemy/actor/lib/test/auto/UnionDisassemblerTest.xml
15 ms. Memory: 497664K Free: 421648K (85%)
----------------- Invoking toplevel() on ptolemy.moml.MoMLSimpleApplication@5567404e
----------------- Done invoking toplevel() on ptolemy.moml.MoMLSimpleApplication@5567404e
reloadAllAccessors: .UnionDisassemblerTest

===========================================================================================
----------------- testing Sun Jan 26 06:55:26 UTC 2020 /home/travis/build/icyphy/ptII/ptolemy/actor/lib/test/auto/UtilityFunctions.xml
----------------- Instantiating /home/travis/build/icyphy/ptII/ptolemy/actor/lib/test/auto/UtilityFunctions.xml
1 ms. Memory: 497664K Free: 417552K (84%)
----------------- Invoking toplevel() on ptolemy.moml.MoMLSimpleApplication@7dda301f
----------------- Done invoking toplevel() on ptolemy.moml.MoMLSimpleApplication@7dda301f
reloadAllAccessors: .UtilityFunctions

===========================================================================================
----------------- testing Sun Jan 26 06:55:26 UTC 2020 /home/travis/build/icyphy/ptII/ptolemy/actor/lib/test/auto/VariableSleep.xml
----------------- Instantiating /home/travis/build/icyphy/ptII/ptolemy/actor/lib/test/auto/VariableSleep.xml
503 ms. Memory: 497664K Free: 412432K (83%)
----------------- Invoking toplevel() on ptolemy.moml.MoMLSimpleApplication@53a7c266
----------------- Done invoking toplevel() on ptolemy.moml.MoMLSimpleApplication@53a7c266
reloadAllAccessors: .VariableSleep

===========================================================================================
----------------- testing Sun Jan 26 06:55:27 UTC 2020 /home/travis/build/icyphy/ptII/ptolemy/actor/lib/test/auto/VectorAssemblerDisassemblerCT.xml
----------------- Instantiating /home/travis/build/icyphy/ptII/ptolemy/actor/lib/test/auto/VectorAssemblerDisassemblerCT.xml
59 ms. Memory: 497664K Free: 391952K (79%)
----------------- Invoking toplevel() on ptolemy.moml.MoMLSimpleApplication@221366a1
----------------- Done invoking toplevel() on ptolemy.moml.MoMLSimpleApplication@221366a1
reloadAllAccessors: .VectorAssemblerDisassemblerCT

===========================================================================================
----------------- testing Sun Jan 26 06:55:27 UTC 2020 /home/travis/build/icyphy/ptII/ptolemy/actor/lib/test/auto/VectorAssemblerDisassemblerDE.xml
----------------- Instantiating /home/travis/build/icyphy/ptII/ptolemy/actor/lib/test/auto/VectorAssemblerDisassemblerDE.xml
2 ms. Memory: 497664K Free: 384784K (77%)
----------------- Invoking toplevel() on ptolemy.moml.MoMLSimpleApplication@313588fc
----------------- Done invoking toplevel() on ptolemy.moml.MoMLSimpleApplication@313588fc
reloadAllAccessors: .VectorAssemblerDisassemblerDE

===========================================================================================
----------------- testing Sun Jan 26 06:55:27 UTC 2020 /home/travis/build/icyphy/ptII/ptolemy/actor/lib/test/auto/VectorAssemblerDisassemblerSDF.xml
----------------- Instantiating /home/travis/build/icyphy/ptII/ptolemy/actor/lib/test/auto/VectorAssemblerDisassemblerSDF.xml
2 ms. Memory: 497664K Free: 377616K (76%)
----------------- Invoking toplevel() on ptolemy.moml.MoMLSimpleApplication@41a576fd
----------------- Done invoking toplevel() on ptolemy.moml.MoMLSimpleApplication@41a576fd
reloadAllAccessors: .VectorAssemblerDisassemblerSDF

===========================================================================================
----------------- testing Sun Jan 26 06:55:27 UTC 2020 /home/travis/build/icyphy/ptII/ptolemy/actor/lib/test/auto/WallClockTime.xml
----------------- Instantiating /home/travis/build/icyphy/ptII/ptolemy/actor/lib/test/auto/WallClockTime.xml
1002 ms. Memory: 497664K Free: 372496K (75%)
----------------- Invoking toplevel() on ptolemy.moml.MoMLSimpleApplication@33ff7a5a
----------------- Done invoking toplevel() on ptolemy.moml.MoMLSimpleApplication@33ff7a5a
reloadAllAccessors: .WallClockTime

===========================================================================================
----------------- testing Sun Jan 26 06:55:28 UTC 2020 /home/travis/build/icyphy/ptII/ptolemy/actor/lib/test/auto/WidthTestWithSubscriberPublisher.xml
----------------- Instantiating /home/travis/build/icyphy/ptII/ptolemy/actor/lib/test/auto/WidthTestWithSubscriberPublisher.xml
7 ms. Memory: 497664K Free: 354578K (71%)
----------------- Invoking toplevel() on ptolemy.moml.MoMLSimpleApplication@fb7e96a
----------------- Done invoking toplevel() on ptolemy.moml.MoMLSimpleApplication@fb7e96a
reloadAllAccessors: .WidthTestWithSubscriberPublisher

===========================================================================================
----------------- testing Sun Jan 26 06:55:28 UTC 2020 /home/travis/build/icyphy/ptII/ptolemy/actor/lib/test/auto/WidthTestWithSubscriberPublisher2.xml
----------------- Instantiating /home/travis/build/icyphy/ptII/ptolemy/actor/lib/test/auto/WidthTestWithSubscriberPublisher2.xml
2 ms. Memory: 497664K Free: 347920K (70%)
----------------- Invoking toplevel() on ptolemy.moml.MoMLSimpleApplication@7005c17c
----------------- Done invoking toplevel() on ptolemy.moml.MoMLSimpleApplication@7005c17c
reloadAllAccessors: .WidthTestWithSubscriberPublisher2

===========================================================================================
----------------- testing Sun Jan 26 06:55:28 UTC 2020 /home/travis/build/icyphy/ptII/ptolemy/actor/lib/test/auto/WidthTestWithSubscriberPublisher3.xml
----------------- Instantiating /home/travis/build/icyphy/ptII/ptolemy/actor/lib/test/auto/WidthTestWithSubscriberPublisher3.xml
1 ms. Memory: 497664K Free: 342290K (69%)
----------------- Invoking toplevel() on ptolemy.moml.MoMLSimpleApplication@2ec11485
----------------- Done invoking toplevel() on ptolemy.moml.MoMLSimpleApplication@2ec11485
reloadAllAccessors: .WidthTestWithSubscriberPublisher3

===========================================================================================
----------------- testing Sun Jan 26 06:55:28 UTC 2020 /home/travis/build/icyphy/ptII/ptolemy/actor/lib/test/auto/Writer.xml
----------------- Instantiating /home/travis/build/icyphy/ptII/ptolemy/actor/lib/test/auto/Writer.xml
0
1
2
3
4
1 ms. Memory: 497664K Free: 338194K (68%)
----------------- Invoking toplevel() on ptolemy.moml.MoMLSimpleApplication@63951595
----------------- Done invoking toplevel() on ptolemy.moml.MoMLSimpleApplication@63951595
reloadAllAccessors: .Writer

===========================================================================================
----------------- testing Sun Jan 26 06:55:28 UTC 2020 /home/travis/build/icyphy/ptII/ptolemy/actor/lib/test/auto/array.xml
----------------- Instantiating /home/travis/build/icyphy/ptII/ptolemy/actor/lib/test/auto/array.xml
1 ms. Memory: 497664K Free: 333074K (67%)
----------------- Invoking toplevel() on ptolemy.moml.MoMLSimpleApplication@290c5b9
----------------- Done invoking toplevel() on ptolemy.moml.MoMLSimpleApplication@290c5b9
reloadAllAccessors: .array

===========================================================================================
----------------- testing Sun Jan 26 06:55:28 UTC 2020 /home/travis/build/icyphy/ptII/ptolemy/actor/lib/test/auto/array2.xml
----------------- Instantiating /home/travis/build/icyphy/ptII/ptolemy/actor/lib/test/auto/array2.xml
3 ms. Memory: 497664K Free: 328449K (66%)
----------------- Invoking toplevel() on ptolemy.moml.MoMLSimpleApplication@4b2c3e5
----------------- Done invoking toplevel() on ptolemy.moml.MoMLSimpleApplication@4b2c3e5
reloadAllAccessors: .array2

===========================================================================================
----------------- testing Sun Jan 26 06:55:28 UTC 2020 /home/travis/build/icyphy/ptII/ptolemy/actor/lib/test/auto/arrayType.xml
----------------- Instantiating /home/travis/build/icyphy/ptII/ptolemy/actor/lib/test/auto/arrayType.xml
1 ms. Memory: 497664K Free: 323329K (65%)
----------------- Invoking toplevel() on ptolemy.moml.MoMLSimpleApplication@12f65f51
----------------- Done invoking toplevel() on ptolemy.moml.MoMLSimpleApplication@12f65f51
reloadAllAccessors: .arrayType

===========================================================================================
----------------- testing Sun Jan 26 06:55:28 UTC 2020 /home/travis/build/icyphy/ptII/ptolemy/actor/lib/test/auto/arrayType10.xml
----------------- Instantiating /home/travis/build/icyphy/ptII/ptolemy/actor/lib/test/auto/arrayType10.xml
1 ms. Memory: 497664K Free: 318224K (64%)
----------------- Invoking toplevel() on ptolemy.moml.MoMLSimpleApplication@5fbac906
----------------- Done invoking toplevel() on ptolemy.moml.MoMLSimpleApplication@5fbac906
reloadAllAccessors: .arrayType10

===========================================================================================
----------------- testing Sun Jan 26 06:55:28 UTC 2020 /home/travis/build/icyphy/ptII/ptolemy/actor/lib/test/auto/arrayType11.xml
----------------- Instantiating /home/travis/build/icyphy/ptII/ptolemy/actor/lib/test/auto/arrayType11.xml
2 ms. Memory: 497664K Free: 313618K (63%)
----------------- Invoking toplevel() on ptolemy.moml.MoMLSimpleApplication@1ab56045
----------------- Done invoking toplevel() on ptolemy.moml.MoMLSimpleApplication@1ab56045
reloadAllAccessors: .arrayType11

===========================================================================================
----------------- testing Sun Jan 26 06:55:28 UTC 2020 /home/travis/build/icyphy/ptII/ptolemy/actor/lib/test/auto/arrayType12.xml
----------------- Instantiating /home/travis/build/icyphy/ptII/ptolemy/actor/lib/test/auto/arrayType12.xml
1 ms. Memory: 497664K Free: 307984K (62%)
----------------- Invoking toplevel() on ptolemy.moml.MoMLSimpleApplication@6663ec1b
----------------- Done invoking toplevel() on ptolemy.moml.MoMLSimpleApplication@6663ec1b
reloadAllAccessors: .arrayType12

===========================================================================================
----------------- testing Sun Jan 26 06:55:28 UTC 2020 /home/travis/build/icyphy/ptII/ptolemy/actor/lib/test/auto/arrayType13.xml
----------------- Instantiating /home/travis/build/icyphy/ptII/ptolemy/actor/lib/test/auto/arrayType13.xml
3 ms. Memory: 497664K Free: 302864K (61%)
----------------- Invoking toplevel() on ptolemy.moml.MoMLSimpleApplication@2af67aa4
----------------- Done invoking toplevel() on ptolemy.moml.MoMLSimpleApplication@2af67aa4
reloadAllAccessors: .arrayType13

===========================================================================================
----------------- testing Sun Jan 26 06:55:28 UTC 2020 /home/travis/build/icyphy/ptII/ptolemy/actor/lib/test/auto/arrayType14.xml
----------------- Instantiating /home/travis/build/icyphy/ptII/ptolemy/actor/lib/test/auto/arrayType14.xml
1 ms. Memory: 497664K Free: 297744K (60%)
----------------- Invoking toplevel() on ptolemy.moml.MoMLSimpleApplication@75ec623
----------------- Done invoking toplevel() on ptolemy.moml.MoMLSimpleApplication@75ec623
reloadAllAccessors: .arrayType14

===========================================================================================
----------------- testing Sun Jan 26 06:55:28 UTC 2020 /home/travis/build/icyphy/ptII/ptolemy/actor/lib/test/auto/arrayType15.xml
----------------- Instantiating /home/travis/build/icyphy/ptII/ptolemy/actor/lib/test/auto/arrayType15.xml
2 ms. Memory: 497664K Free: 292114K (59%)
----------------- Invoking toplevel() on ptolemy.moml.MoMLSimpleApplication@581b1c49
----------------- Done invoking toplevel() on ptolemy.moml.MoMLSimpleApplication@581b1c49
reloadAllAccessors: .arrayType15

===========================================================================================
----------------- testing Sun Jan 26 06:55:28 UTC 2020 /home/travis/build/icyphy/ptII/ptolemy/actor/lib/test/auto/arrayType16.xml
----------------- Instantiating /home/travis/build/icyphy/ptII/ptolemy/actor/lib/test/auto/arrayType16.xml
1 ms. Memory: 497664K Free: 286994K (58%)
----------------- Invoking toplevel() on ptolemy.moml.MoMLSimpleApplication@31571198
----------------- Done invoking toplevel() on ptolemy.moml.MoMLSimpleApplication@31571198
reloadAllAccessors: .arrayType16

===========================================================================================
----------------- testing Sun Jan 26 06:55:28 UTC 2020 /home/travis/build/icyphy/ptII/ptolemy/actor/lib/test/auto/arrayType17.xml
----------------- Instantiating /home/travis/build/icyphy/ptII/ptolemy/actor/lib/test/auto/arrayType17.xml
1 ms. Memory: 497664K Free: 281874K (57%)
----------------- Invoking toplevel() on ptolemy.moml.MoMLSimpleApplication@3df5956e
----------------- Done invoking toplevel() on ptolemy.moml.MoMLSimpleApplication@3df5956e
reloadAllAccessors: .arrayType17

===========================================================================================
----------------- testing Sun Jan 26 06:55:28 UTC 2020 /home/travis/build/icyphy/ptII/ptolemy/actor/lib/test/auto/arrayType18.xml
----------------- Instantiating /home/travis/build/icyphy/ptII/ptolemy/actor/lib/test/auto/arrayType18.xml
1 ms. Memory: 497664K Free: 276754K (56%)
----------------- Invoking toplevel() on ptolemy.moml.MoMLSimpleApplication@17312950
----------------- Done invoking toplevel() on ptolemy.moml.MoMLSimpleApplication@17312950
reloadAllAccessors: .arrayType18

===========================================================================================
----------------- testing Sun Jan 26 06:55:28 UTC 2020 /home/travis/build/icyphy/ptII/ptolemy/actor/lib/test/auto/arrayType19.xml
----------------- Instantiating /home/travis/build/icyphy/ptII/ptolemy/actor/lib/test/auto/arrayType19.xml
1 ms. Memory: 497664K Free: 272144K (55%)
----------------- Invoking toplevel() on ptolemy.moml.MoMLSimpleApplication@452a28f9
----------------- Done invoking toplevel() on ptolemy.moml.MoMLSimpleApplication@452a28f9
reloadAllAccessors: .arrayType19

===========================================================================================
----------------- testing Sun Jan 26 06:55:28 UTC 2020 /home/travis/build/icyphy/ptII/ptolemy/actor/lib/test/auto/arrayType2.xml
----------------- Instantiating /home/travis/build/icyphy/ptII/ptolemy/actor/lib/test/auto/arrayType2.xml
1 ms. Memory: 497664K Free: 266514K (54%)
----------------- Invoking toplevel() on ptolemy.moml.MoMLSimpleApplication@6a5061d4
----------------- Done invoking toplevel() on ptolemy.moml.MoMLSimpleApplication@6a5061d4
reloadAllAccessors: .arrayType2

===========================================================================================
----------------- testing Sun Jan 26 06:55:28 UTC 2020 /home/travis/build/icyphy/ptII/ptolemy/actor/lib/test/auto/arrayType20.xml
----------------- Instantiating /home/travis/build/icyphy/ptII/ptolemy/actor/lib/test/auto/arrayType20.xml
2 ms. Memory: 497664K Free: 261904K (53%)
----------------- Invoking toplevel() on ptolemy.moml.MoMLSimpleApplication@629ed7af
----------------- Done invoking toplevel() on ptolemy.moml.MoMLSimpleApplication@629ed7af
reloadAllAccessors: .arrayType20

===========================================================================================
----------------- testing Sun Jan 26 06:55:28 UTC 2020 /home/travis/build/icyphy/ptII/ptolemy/actor/lib/test/auto/arrayType21.xml
----------------- Instantiating /home/travis/build/icyphy/ptII/ptolemy/actor/lib/test/auto/arrayType21.xml
1 ms. Memory: 497664K Free: 257298K (52%)
----------------- Invoking toplevel() on ptolemy.moml.MoMLSimpleApplication@57b87405
----------------- Done invoking toplevel() on ptolemy.moml.MoMLSimpleApplication@57b87405
reloadAllAccessors: .arrayType21

===========================================================================================
----------------- testing Sun Jan 26 06:55:28 UTC 2020 /home/travis/build/icyphy/ptII/ptolemy/actor/lib/test/auto/arrayType22.xml
----------------- Instantiating /home/travis/build/icyphy/ptII/ptolemy/actor/lib/test/auto/arrayType22.xml
4 ms. Memory: 497664K Free: 252178K (51%)
----------------- Invoking toplevel() on ptolemy.moml.MoMLSimpleApplication@5088d53b
----------------- Done invoking toplevel() on ptolemy.moml.MoMLSimpleApplication@5088d53b
reloadAllAccessors: .arrayType22

===========================================================================================
----------------- testing Sun Jan 26 06:55:28 UTC 2020 /home/travis/build/icyphy/ptII/ptolemy/actor/lib/test/auto/arrayType23.xml
----------------- Instantiating /home/travis/build/icyphy/ptII/ptolemy/actor/lib/test/auto/arrayType23.xml
1 ms. Memory: 497664K Free: 247568K (50%)
----------------- Invoking toplevel() on ptolemy.moml.MoMLSimpleApplication@7b73c8b2
----------------- Done invoking toplevel() on ptolemy.moml.MoMLSimpleApplication@7b73c8b2
reloadAllAccessors: .arrayType23

===========================================================================================
----------------- testing Sun Jan 26 06:55:28 UTC 2020 /home/travis/build/icyphy/ptII/ptolemy/actor/lib/test/auto/arrayType24.xml
----------------- Instantiating /home/travis/build/icyphy/ptII/ptolemy/actor/lib/test/auto/arrayType24.xml
4 ms. Memory: 497664K Free: 242962K (49%)
----------------- Invoking toplevel() on ptolemy.moml.MoMLSimpleApplication@13c0e517
----------------- Done invoking toplevel() on ptolemy.moml.MoMLSimpleApplication@13c0e517
reloadAllAccessors: .arrayType24

===========================================================================================
----------------- testing Sun Jan 26 06:55:28 UTC 2020 /home/travis/build/icyphy/ptII/ptolemy/actor/lib/test/auto/arrayType25.xml
----------------- Instantiating /home/travis/build/icyphy/ptII/ptolemy/actor/lib/test/auto/arrayType25.xml
1 ms. Memory: 497664K Free: 237328K (48%)
----------------- Invoking toplevel() on ptolemy.moml.MoMLSimpleApplication@37e8e70a
----------------- Done invoking toplevel() on ptolemy.moml.MoMLSimpleApplication@37e8e70a
reloadAllAccessors: .arrayType25

===========================================================================================
----------------- testing Sun Jan 26 06:55:28 UTC 2020 /home/travis/build/icyphy/ptII/ptolemy/actor/lib/test/auto/arrayType26.xml
----------------- Instantiating /home/travis/build/icyphy/ptII/ptolemy/actor/lib/test/auto/arrayType26.xml
1 ms. Memory: 497664K Free: 232193K (47%)
----------------- Invoking toplevel() on ptolemy.moml.MoMLSimpleApplication@cc6b01
----------------- Done invoking toplevel() on ptolemy.moml.MoMLSimpleApplication@cc6b01
reloadAllAccessors: .arrayType26

===========================================================================================
----------------- testing Sun Jan 26 06:55:28 UTC 2020 /home/travis/build/icyphy/ptII/ptolemy/actor/lib/test/auto/arrayType27.xml
----------------- Instantiating /home/travis/build/icyphy/ptII/ptolemy/actor/lib/test/auto/arrayType27.xml
1 ms. Memory: 497664K Free: 226578K (46%)
----------------- Invoking toplevel() on ptolemy.moml.MoMLSimpleApplication@98f7878
----------------- Done invoking toplevel() on ptolemy.moml.MoMLSimpleApplication@98f7878
reloadAllAccessors: .arrayType27

===========================================================================================
----------------- testing Sun Jan 26 06:55:28 UTC 2020 /home/travis/build/icyphy/ptII/ptolemy/actor/lib/test/auto/arrayType28.xml
----------------- Instantiating /home/travis/build/icyphy/ptII/ptolemy/actor/lib/test/auto/arrayType28.xml
1 ms. Memory: 497664K Free: 221458K (44%)
----------------- Invoking toplevel() on ptolemy.moml.MoMLSimpleApplication@6d53da63
----------------- Done invoking toplevel() on ptolemy.moml.MoMLSimpleApplication@6d53da63
reloadAllAccessors: .arrayType28

===========================================================================================
----------------- testing Sun Jan 26 06:55:28 UTC 2020 /home/travis/build/icyphy/ptII/ptolemy/actor/lib/test/auto/arrayType3.xml
----------------- Instantiating /home/travis/build/icyphy/ptII/ptolemy/actor/lib/test/auto/arrayType3.xml
6 ms. Memory: 497664K Free: 216338K (43%)
----------------- Invoking toplevel() on ptolemy.moml.MoMLSimpleApplication@11e63501
----------------- Done invoking toplevel() on ptolemy.moml.MoMLSimpleApplication@11e63501
reloadAllAccessors: .arrayType3

===========================================================================================
----------------- testing Sun Jan 26 06:55:28 UTC 2020 /home/travis/build/icyphy/ptII/ptolemy/actor/lib/test/auto/arrayType4.xml
----------------- Instantiating /home/travis/build/icyphy/ptII/ptolemy/actor/lib/test/auto/arrayType4.xml
1 ms. Memory: 497664K Free: 210704K (42%)
----------------- Invoking toplevel() on ptolemy.moml.MoMLSimpleApplication@2ada5d3c
----------------- Done invoking toplevel() on ptolemy.moml.MoMLSimpleApplication@2ada5d3c
reloadAllAccessors: .arrayType4

===========================================================================================
----------------- testing Sun Jan 26 06:55:28 UTC 2020 /home/travis/build/icyphy/ptII/ptolemy/actor/lib/test/auto/arrayType5.xml
----------------- Instantiating /home/travis/build/icyphy/ptII/ptolemy/actor/lib/test/auto/arrayType5.xml
1 ms. Memory: 497664K Free: 205584K (41%)
----------------- Invoking toplevel() on ptolemy.moml.MoMLSimpleApplication@29057000
----------------- Done invoking toplevel() on ptolemy.moml.MoMLSimpleApplication@29057000
reloadAllAccessors: .arrayType5

===========================================================================================
----------------- testing Sun Jan 26 06:55:28 UTC 2020 /home/travis/build/icyphy/ptII/ptolemy/actor/lib/test/auto/arrayType6.xml
----------------- Instantiating /home/travis/build/icyphy/ptII/ptolemy/actor/lib/test/auto/arrayType6.xml
1 ms. Memory: 497664K Free: 200464K (40%)
----------------- Invoking toplevel() on ptolemy.moml.MoMLSimpleApplication@25cf49a4
----------------- Done invoking toplevel() on ptolemy.moml.MoMLSimpleApplication@25cf49a4
reloadAllAccessors: .arrayType6

===========================================================================================
----------------- testing Sun Jan 26 06:55:28 UTC 2020 /home/travis/build/icyphy/ptII/ptolemy/actor/lib/test/auto/arrayType7.xml
----------------- Instantiating /home/travis/build/icyphy/ptII/ptolemy/actor/lib/test/auto/arrayType7.xml
2 ms. Memory: 497664K Free: 195858K (39%)
----------------- Invoking toplevel() on ptolemy.moml.MoMLSimpleApplication@13606aa4
----------------- Done invoking toplevel() on ptolemy.moml.MoMLSimpleApplication@13606aa4
reloadAllAccessors: .arrayType7

===========================================================================================
----------------- testing Sun Jan 26 06:55:28 UTC 2020 /home/travis/build/icyphy/ptII/ptolemy/actor/lib/test/auto/arrayType8.xml
----------------- Instantiating /home/travis/build/icyphy/ptII/ptolemy/actor/lib/test/auto/arrayType8.xml
1 ms. Memory: 497664K Free: 190738K (38%)
----------------- Invoking toplevel() on ptolemy.moml.MoMLSimpleApplication@268d5c99
----------------- Done invoking toplevel() on ptolemy.moml.MoMLSimpleApplication@268d5c99
reloadAllAccessors: .arrayType8

===========================================================================================
----------------- testing Sun Jan 26 06:55:28 UTC 2020 /home/travis/build/icyphy/ptII/ptolemy/actor/lib/test/auto/arrayType9.xml
----------------- Instantiating /home/travis/build/icyphy/ptII/ptolemy/actor/lib/test/auto/arrayType9.xml
1 ms. Memory: 497664K Free: 186128K (37%)
----------------- Invoking toplevel() on ptolemy.moml.MoMLSimpleApplication@2b0671ab
----------------- Done invoking toplevel() on ptolemy.moml.MoMLSimpleApplication@2b0671ab
reloadAllAccessors: .arrayType9

===========================================================================================
----------------- testing Sun Jan 26 06:55:28 UTC 2020 /home/travis/build/icyphy/ptII/ptolemy/actor/lib/test/auto/cast.xml
----------------- Instantiating /home/travis/build/icyphy/ptII/ptolemy/actor/lib/test/auto/cast.xml
12 ms. Memory: 497664K Free: 181522K (36%)
----------------- Invoking toplevel() on ptolemy.moml.MoMLSimpleApplication@3ba20931
----------------- Done invoking toplevel() on ptolemy.moml.MoMLSimpleApplication@3ba20931
reloadAllAccessors: .cast

===========================================================================================
----------------- testing Sun Jan 26 06:55:28 UTC 2020 /home/travis/build/icyphy/ptII/ptolemy/actor/lib/test/auto/compositeMultiPort.xml
----------------- Instantiating /home/travis/build/icyphy/ptII/ptolemy/actor/lib/test/auto/compositeMultiPort.xml
4 ms. Memory: 497664K Free: 172306K (35%)
----------------- Invoking toplevel() on ptolemy.moml.MoMLSimpleApplication@5b06f867
----------------- Done invoking toplevel() on ptolemy.moml.MoMLSimpleApplication@5b06f867
reloadAllAccessors: .compositeMultiPort

===========================================================================================
----------------- testing Sun Jan 26 06:55:28 UTC 2020 /home/travis/build/icyphy/ptII/ptolemy/actor/lib/test/auto/expressionCastInference.xml
----------------- Instantiating /home/travis/build/icyphy/ptII/ptolemy/actor/lib/test/auto/expressionCastInference.xml
2 ms. Memory: 497664K Free: 167696K (34%)
----------------- Invoking toplevel() on ptolemy.moml.MoMLSimpleApplication@1a20f63e
----------------- Done invoking toplevel() on ptolemy.moml.MoMLSimpleApplication@1a20f63e
reloadAllAccessors: .expressionCastInference

===========================================================================================
----------------- testing Sun Jan 26 06:55:28 UTC 2020 /home/travis/build/icyphy/ptII/ptolemy/actor/lib/test/auto/expressionCastInference2.xml
----------------- Instantiating /home/travis/build/icyphy/ptII/ptolemy/actor/lib/test/auto/expressionCastInference2.xml
1 ms. Memory: 497664K Free: 162576K (33%)
----------------- Invoking toplevel() on ptolemy.moml.MoMLSimpleApplication@38beac60
----------------- Done invoking toplevel() on ptolemy.moml.MoMLSimpleApplication@38beac60
reloadAllAccessors: .expressionCastInference2

===========================================================================================
----------------- testing Sun Jan 26 06:55:28 UTC 2020 /home/travis/build/icyphy/ptII/ptolemy/actor/lib/test/auto/expressionInference.xml
----------------- Instantiating /home/travis/build/icyphy/ptII/ptolemy/actor/lib/test/auto/expressionInference.xml
1 ms. Memory: 497664K Free: 158480K (32%)
----------------- Invoking toplevel() on ptolemy.moml.MoMLSimpleApplication@19c4f93b
----------------- Done invoking toplevel() on ptolemy.moml.MoMLSimpleApplication@19c4f93b
reloadAllAccessors: .expressionInference

===========================================================================================
----------------- testing Sun Jan 26 06:55:28 UTC 2020 /home/travis/build/icyphy/ptII/ptolemy/actor/lib/test/auto/expression_bug.xml
----------------- Instantiating /home/travis/build/icyphy/ptII/ptolemy/actor/lib/test/auto/expression_bug.xml
1 ms. Memory: 497664K Free: 153874K (31%)
----------------- Invoking toplevel() on ptolemy.moml.MoMLSimpleApplication@7d8006fb
----------------- Done invoking toplevel() on ptolemy.moml.MoMLSimpleApplication@7d8006fb
reloadAllAccessors: .expression_bug

===========================================================================================
----------------- testing Sun Jan 26 06:55:28 UTC 2020 /home/travis/build/icyphy/ptII/ptolemy/actor/lib/test/auto/factorial.xml
----------------- Instantiating /home/travis/build/icyphy/ptII/ptolemy/actor/lib/test/auto/factorial.xml
48 ms. Memory: 497664K Free: 438142K (88%)
----------------- Invoking toplevel() on ptolemy.moml.MoMLSimpleApplication@2d783407
----------------- Done invoking toplevel() on ptolemy.moml.MoMLSimpleApplication@2d783407
reloadAllAccessors: .factorial

===========================================================================================
----------------- testing Sun Jan 26 06:55:28 UTC 2020 /home/travis/build/icyphy/ptII/ptolemy/actor/lib/test/auto/filterTest1.xml
----------------- Instantiating /home/travis/build/icyphy/ptII/ptolemy/actor/lib/test/auto/filterTest1.xml
2 ms. Memory: 497664K Free: 431984K (87%)
----------------- Invoking toplevel() on ptolemy.moml.MoMLSimpleApplication@1cf74ebb
----------------- Done invoking toplevel() on ptolemy.moml.MoMLSimpleApplication@1cf74ebb
reloadAllAccessors: .filterTest1

===========================================================================================
----------------- testing Sun Jan 26 06:55:28 UTC 2020 /home/travis/build/icyphy/ptII/ptolemy/actor/lib/test/auto/funcApplyInConst.xml
----------------- Instantiating /home/travis/build/icyphy/ptII/ptolemy/actor/lib/test/auto/funcApplyInConst.xml
1 ms. Memory: 497664K Free: 428416K (86%)
----------------- Invoking toplevel() on ptolemy.moml.MoMLSimpleApplication@7f58a84c
----------------- Done invoking toplevel() on ptolemy.moml.MoMLSimpleApplication@7f58a84c
reloadAllAccessors: .funcApplyInConst

===========================================================================================
----------------- testing Sun Jan 26 06:55:28 UTC 2020 /home/travis/build/icyphy/ptII/ptolemy/actor/lib/test/auto/funcApplyInExpr.xml
----------------- Instantiating /home/travis/build/icyphy/ptII/ptolemy/actor/lib/test/auto/funcApplyInExpr.xml
1 ms. Memory: 497664K Free: 424320K (85%)
----------------- Invoking toplevel() on ptolemy.moml.MoMLSimpleApplication@cd62163
----------------- Done invoking toplevel() on ptolemy.moml.MoMLSimpleApplication@cd62163
reloadAllAccessors: .funcApplyInExpr

===========================================================================================
----------------- testing Sun Jan 26 06:55:28 UTC 2020 /home/travis/build/icyphy/ptII/ptolemy/actor/lib/test/auto/function.xml
----------------- Instantiating /home/travis/build/icyphy/ptII/ptolemy/actor/lib/test/auto/function.xml
2 ms. Memory: 497664K Free: 419710K (84%)
----------------- Invoking toplevel() on ptolemy.moml.MoMLSimpleApplication@502193ff
----------------- Done invoking toplevel() on ptolemy.moml.MoMLSimpleApplication@502193ff
reloadAllAccessors: .function

===========================================================================================
----------------- testing Sun Jan 26 06:55:28 UTC 2020 /home/travis/build/icyphy/ptII/ptolemy/actor/lib/test/auto/function2.xml
----------------- Instantiating /home/travis/build/icyphy/ptII/ptolemy/actor/lib/test/auto/function2.xml
2 ms. Memory: 497664K Free: 414590K (83%)
----------------- Invoking toplevel() on ptolemy.moml.MoMLSimpleApplication@648576e9
----------------- Done invoking toplevel() on ptolemy.moml.MoMLSimpleApplication@648576e9
reloadAllAccessors: .function2

===========================================================================================
----------------- testing Sun Jan 26 06:55:29 UTC 2020 /home/travis/build/icyphy/ptII/ptolemy/actor/lib/test/auto/function3.xml
----------------- Instantiating /home/travis/build/icyphy/ptII/ptolemy/actor/lib/test/auto/function3.xml
2 ms. Memory: 497664K Free: 411008K (83%)
----------------- Invoking toplevel() on ptolemy.moml.MoMLSimpleApplication@2cc13bc2
----------------- Done invoking toplevel() on ptolemy.moml.MoMLSimpleApplication@2cc13bc2
reloadAllAccessors: .function3

===========================================================================================
----------------- testing Sun Jan 26 06:55:29 UTC 2020 /home/travis/build/icyphy/ptII/ptolemy/actor/lib/test/auto/functionClosureTest1.xml
----------------- Instantiating /home/travis/build/icyphy/ptII/ptolemy/actor/lib/test/auto/functionClosureTest1.xml
2 ms. Memory: 497664K Free: 404864K (81%)
----------------- Invoking toplevel() on ptolemy.moml.MoMLSimpleApplication@3182ff29
----------------- Done invoking toplevel() on ptolemy.moml.MoMLSimpleApplication@3182ff29
reloadAllAccessors: .functionClosureTest1

===========================================================================================
----------------- testing Sun Jan 26 06:55:29 UTC 2020 /home/travis/build/icyphy/ptII/ptolemy/actor/lib/test/auto/functionClosureTest2.xml
----------------- Instantiating /home/travis/build/icyphy/ptII/ptolemy/actor/lib/test/auto/functionClosureTest2.xml
1 ms. Memory: 497664K Free: 401278K (81%)
----------------- Invoking toplevel() on ptolemy.moml.MoMLSimpleApplication@34d90dfa
----------------- Done invoking toplevel() on ptolemy.moml.MoMLSimpleApplication@34d90dfa
reloadAllAccessors: .functionClosureTest2

===========================================================================================
----------------- testing Sun Jan 26 06:55:29 UTC 2020 /home/travis/build/icyphy/ptII/ptolemy/actor/lib/test/auto/functionClosureTest3.xml
----------------- Instantiating /home/travis/build/icyphy/ptII/ptolemy/actor/lib/test/auto/functionClosureTest3.xml
2 ms. Memory: 497664K Free: 395648K (80%)
----------------- Invoking toplevel() on ptolemy.moml.MoMLSimpleApplication@716b088
----------------- Done invoking toplevel() on ptolemy.moml.MoMLSimpleApplication@716b088
reloadAllAccessors: .functionClosureTest3

===========================================================================================
----------------- testing Sun Jan 26 06:55:29 UTC 2020 /home/travis/build/icyphy/ptII/ptolemy/actor/lib/test/auto/functionClosureTest4.xml
----------------- Instantiating /home/travis/build/icyphy/ptII/ptolemy/actor/lib/test/auto/functionClosureTest4.xml
3 ms. Memory: 497664K Free: 389504K (78%)
----------------- Invoking toplevel() on ptolemy.moml.MoMLSimpleApplication@11703776
----------------- Done invoking toplevel() on ptolemy.moml.MoMLSimpleApplication@11703776
reloadAllAccessors: .functionClosureTest4

===========================================================================================
----------------- testing Sun Jan 26 06:55:29 UTC 2020 /home/travis/build/icyphy/ptII/ptolemy/actor/lib/test/auto/functionClosureTest5.xml
----------------- Instantiating /home/travis/build/icyphy/ptII/ptolemy/actor/lib/test/auto/functionClosureTest5.xml
3 ms. Memory: 497664K Free: 383840K (77%)
----------------- Invoking toplevel() on ptolemy.moml.MoMLSimpleApplication@7d8a3e96
----------------- Done invoking toplevel() on ptolemy.moml.MoMLSimpleApplication@7d8a3e96
reloadAllAccessors: .functionClosureTest5

===========================================================================================
----------------- testing Sun Jan 26 06:55:29 UTC 2020 /home/travis/build/icyphy/ptII/ptolemy/actor/lib/test/auto/functionClosureTest6.xml
----------------- Instantiating /home/travis/build/icyphy/ptII/ptolemy/actor/lib/test/auto/functionClosureTest6.xml
1 ms. Memory: 497664K Free: 379264K (76%)
----------------- Invoking toplevel() on ptolemy.moml.MoMLSimpleApplication@4d88c1ea
----------------- Done invoking toplevel() on ptolemy.moml.MoMLSimpleApplication@4d88c1ea
reloadAllAccessors: .functionClosureTest6

===========================================================================================
----------------- testing Sun Jan 26 06:55:29 UTC 2020 /home/travis/build/icyphy/ptII/ptolemy/actor/lib/test/auto/functionsOnArcs.xml
----------------- Instantiating /home/travis/build/icyphy/ptII/ptolemy/actor/lib/test/auto/functionsOnArcs.xml
2 ms. Memory: 497664K Free: 373630K (75%)
----------------- Invoking toplevel() on ptolemy.moml.MoMLSimpleApplication@79bb2b07
----------------- Done invoking toplevel() on ptolemy.moml.MoMLSimpleApplication@79bb2b07
reloadAllAccessors: .functionsOnArcs

===========================================================================================
----------------- testing Sun Jan 26 06:55:29 UTC 2020 /home/travis/build/icyphy/ptII/ptolemy/actor/lib/test/auto/functionsOnArcsHOF.xml
----------------- Instantiating /home/travis/build/icyphy/ptII/ptolemy/actor/lib/test/auto/functionsOnArcsHOF.xml
3 ms. Memory: 497664K Free: 368000K (74%)
----------------- Invoking toplevel() on ptolemy.moml.MoMLSimpleApplication@77513a8b
----------------- Done invoking toplevel() on ptolemy.moml.MoMLSimpleApplication@77513a8b
reloadAllAccessors: .functionsOnArcsHOF

===========================================================================================
----------------- testing Sun Jan 26 06:55:29 UTC 2020 /home/travis/build/icyphy/ptII/ptolemy/actor/lib/test/auto/logic.xml
----------------- Instantiating /home/travis/build/icyphy/ptII/ptolemy/actor/lib/test/auto/logic.xml
1 ms. Memory: 497664K Free: 360318K (72%)
----------------- Invoking toplevel() on ptolemy.moml.MoMLSimpleApplication@370b39b9
----------------- Done invoking toplevel() on ptolemy.moml.MoMLSimpleApplication@370b39b9
reloadAllAccessors: .logic

===========================================================================================
----------------- testing Sun Jan 26 06:55:29 UTC 2020 /home/travis/build/icyphy/ptII/ptolemy/actor/lib/test/auto/matrixType.xml
----------------- Instantiating /home/travis/build/icyphy/ptII/ptolemy/actor/lib/test/auto/matrixType.xml
1 ms. Memory: 497664K Free: 355198K (71%)
----------------- Invoking toplevel() on ptolemy.moml.MoMLSimpleApplication@29bc7b00
----------------- Done invoking toplevel() on ptolemy.moml.MoMLSimpleApplication@29bc7b00
reloadAllAccessors: .matrixType

===========================================================================================
----------------- testing Sun Jan 26 06:55:29 UTC 2020 /home/travis/build/icyphy/ptII/ptolemy/actor/lib/test/auto/matrixType10.xml
----------------- Instantiating /home/travis/build/icyphy/ptII/ptolemy/actor/lib/test/auto/matrixType10.xml
1 ms. Memory: 497664K Free: 350078K (70%)
----------------- Invoking toplevel() on ptolemy.moml.MoMLSimpleApplication@6743fb6b
----------------- Done invoking toplevel() on ptolemy.moml.MoMLSimpleApplication@6743fb6b
reloadAllAccessors: .matrixType10

===========================================================================================
----------------- testing Sun Jan 26 06:55:29 UTC 2020 /home/travis/build/icyphy/ptII/ptolemy/actor/lib/test/auto/matrixType11.xml
----------------- Instantiating /home/travis/build/icyphy/ptII/ptolemy/actor/lib/test/auto/matrixType11.xml
1 ms. Memory: 497664K Free: 345472K (69%)
----------------- Invoking toplevel() on ptolemy.moml.MoMLSimpleApplication@40712a9
----------------- Done invoking toplevel() on ptolemy.moml.MoMLSimpleApplication@40712a9
reloadAllAccessors: .matrixType11

===========================================================================================
----------------- testing Sun Jan 26 06:55:29 UTC 2020 /home/travis/build/icyphy/ptII/ptolemy/actor/lib/test/auto/matrixType12.xml
----------------- Instantiating /home/travis/build/icyphy/ptII/ptolemy/actor/lib/test/auto/matrixType12.xml
1 ms. Memory: 497664K Free: 340352K (68%)
----------------- Invoking toplevel() on ptolemy.moml.MoMLSimpleApplication@1f536d07
----------------- Done invoking toplevel() on ptolemy.moml.MoMLSimpleApplication@1f536d07
reloadAllAccessors: .matrixType12

===========================================================================================
----------------- testing Sun Jan 26 06:55:29 UTC 2020 /home/travis/build/icyphy/ptII/ptolemy/actor/lib/test/auto/matrixType13.xml
----------------- Instantiating /home/travis/build/icyphy/ptII/ptolemy/actor/lib/test/auto/matrixType13.xml
2 ms. Memory: 497664K Free: 335742K (67%)
----------------- Invoking toplevel() on ptolemy.moml.MoMLSimpleApplication@774b7f66
----------------- Done invoking toplevel() on ptolemy.moml.MoMLSimpleApplication@774b7f66
reloadAllAccessors: .matrixType13

===========================================================================================
----------------- testing Sun Jan 26 06:55:29 UTC 2020 /home/travis/build/icyphy/ptII/ptolemy/actor/lib/test/auto/matrixType14.xml
----------------- Instantiating /home/travis/build/icyphy/ptII/ptolemy/actor/lib/test/auto/matrixType14.xml
2 ms. Memory: 497664K Free: 330622K (66%)
----------------- Invoking toplevel() on ptolemy.moml.MoMLSimpleApplication@389cf8ca
----------------- Done invoking toplevel() on ptolemy.moml.MoMLSimpleApplication@389cf8ca
reloadAllAccessors: .matrixType14

===========================================================================================
----------------- testing Sun Jan 26 06:55:29 UTC 2020 /home/travis/build/icyphy/ptII/ptolemy/actor/lib/test/auto/matrixType2.xml
----------------- Instantiating /home/travis/build/icyphy/ptII/ptolemy/actor/lib/test/auto/matrixType2.xml
1 ms. Memory: 497664K Free: 326014K (66%)
----------------- Invoking toplevel() on ptolemy.moml.MoMLSimpleApplication@781ae800
----------------- Done invoking toplevel() on ptolemy.moml.MoMLSimpleApplication@781ae800
reloadAllAccessors: .matrixType2

===========================================================================================
----------------- testing Sun Jan 26 06:55:29 UTC 2020 /home/travis/build/icyphy/ptII/ptolemy/actor/lib/test/auto/matrixType3.xml
----------------- Instantiating /home/travis/build/icyphy/ptII/ptolemy/actor/lib/test/auto/matrixType3.xml
3 ms. Memory: 497664K Free: 320896K (64%)
----------------- Invoking toplevel() on ptolemy.moml.MoMLSimpleApplication@61ce1dcc
----------------- Done invoking toplevel() on ptolemy.moml.MoMLSimpleApplication@61ce1dcc
reloadAllAccessors: .matrixType3

===========================================================================================
----------------- testing Sun Jan 26 06:55:29 UTC 2020 /home/travis/build/icyphy/ptII/ptolemy/actor/lib/test/auto/matrixType4.xml
----------------- Instantiating /home/travis/build/icyphy/ptII/ptolemy/actor/lib/test/auto/matrixType4.xml
1 ms. Memory: 497664K Free: 316286K (64%)
----------------- Invoking toplevel() on ptolemy.moml.MoMLSimpleApplication@9503ca0
----------------- Done invoking toplevel() on ptolemy.moml.MoMLSimpleApplication@9503ca0
reloadAllAccessors: .matrixType4

===========================================================================================
----------------- testing Sun Jan 26 06:55:29 UTC 2020 /home/travis/build/icyphy/ptII/ptolemy/actor/lib/test/auto/matrixType5.xml
----------------- Instantiating /home/travis/build/icyphy/ptII/ptolemy/actor/lib/test/auto/matrixType5.xml
1 ms. Memory: 497664K Free: 311166K (63%)
----------------- Invoking toplevel() on ptolemy.moml.MoMLSimpleApplication@640cb23d
----------------- Done invoking toplevel() on ptolemy.moml.MoMLSimpleApplication@640cb23d
reloadAllAccessors: .matrixType5

===========================================================================================
----------------- testing Sun Jan 26 06:55:29 UTC 2020 /home/travis/build/icyphy/ptII/ptolemy/actor/lib/test/auto/matrixType6.xml
----------------- Instantiating /home/travis/build/icyphy/ptII/ptolemy/actor/lib/test/auto/matrixType6.xml
1 ms. Memory: 497664K Free: 306560K (62%)
----------------- Invoking toplevel() on ptolemy.moml.MoMLSimpleApplication@691f5c04
----------------- Done invoking toplevel() on ptolemy.moml.MoMLSimpleApplication@691f5c04
reloadAllAccessors: .matrixType6

===========================================================================================
----------------- testing Sun Jan 26 06:55:29 UTC 2020 /home/travis/build/icyphy/ptII/ptolemy/actor/lib/test/auto/matrixType7.xml
----------------- Instantiating /home/travis/build/icyphy/ptII/ptolemy/actor/lib/test/auto/matrixType7.xml
1 ms. Memory: 497664K Free: 301440K (61%)
----------------- Invoking toplevel() on ptolemy.moml.MoMLSimpleApplication@d540b50
----------------- Done invoking toplevel() on ptolemy.moml.MoMLSimpleApplication@d540b50
reloadAllAccessors: .matrixType7

===========================================================================================
----------------- testing Sun Jan 26 06:55:29 UTC 2020 /home/travis/build/icyphy/ptII/ptolemy/actor/lib/test/auto/matrixType8.xml
----------------- Instantiating /home/travis/build/icyphy/ptII/ptolemy/actor/lib/test/auto/matrixType8.xml
1 ms. Memory: 497664K Free: 296830K (60%)
----------------- Invoking toplevel() on ptolemy.moml.MoMLSimpleApplication@68cd97e8
----------------- Done invoking toplevel() on ptolemy.moml.MoMLSimpleApplication@68cd97e8
reloadAllAccessors: .matrixType8

===========================================================================================
----------------- testing Sun Jan 26 06:55:29 UTC 2020 /home/travis/build/icyphy/ptII/ptolemy/actor/lib/test/auto/matrixType9.xml
----------------- Instantiating /home/travis/build/icyphy/ptII/ptolemy/actor/lib/test/auto/matrixType9.xml
1 ms. Memory: 497664K Free: 291710K (59%)
----------------- Invoking toplevel() on ptolemy.moml.MoMLSimpleApplication@3c4396f1
----------------- Done invoking toplevel() on ptolemy.moml.MoMLSimpleApplication@3c4396f1
reloadAllAccessors: .matrixType9

===========================================================================================
----------------- testing Sun Jan 26 06:55:29 UTC 2020 /home/travis/build/icyphy/ptII/ptolemy/actor/lib/test/auto/paraFunctest.xml
----------------- Instantiating /home/travis/build/icyphy/ptII/ptolemy/actor/lib/test/auto/paraFunctest.xml
2 ms. Memory: 497664K Free: 288128K (58%)
----------------- Invoking toplevel() on ptolemy.moml.MoMLSimpleApplication@3a5522b
----------------- Done invoking toplevel() on ptolemy.moml.MoMLSimpleApplication@3a5522b
reloadAllAccessors: .paraFunctest

===========================================================================================
----------------- testing Sun Jan 26 06:55:29 UTC 2020 /home/travis/build/icyphy/ptII/ptolemy/actor/lib/test/auto/paraFunctest2.xml
----------------- Instantiating /home/travis/build/icyphy/ptII/ptolemy/actor/lib/test/auto/paraFunctest2.xml
1 ms. Memory: 497664K Free: 283518K (57%)
----------------- Invoking toplevel() on ptolemy.moml.MoMLSimpleApplication@21896652
----------------- Done invoking toplevel() on ptolemy.moml.MoMLSimpleApplication@21896652
reloadAllAccessors: .paraFunctest2

===========================================================================================
----------------- testing Sun Jan 26 06:55:29 UTC 2020 /home/travis/build/icyphy/ptII/ptolemy/actor/lib/test/auto/parameterPassing.xml
----------------- Instantiating /home/travis/build/icyphy/ptII/ptolemy/actor/lib/test/auto/parameterPassing.xml
1 ms. Memory: 497664K Free: 279422K (56%)
----------------- Invoking toplevel() on ptolemy.moml.MoMLSimpleApplication@1d01a2e6
----------------- Done invoking toplevel() on ptolemy.moml.MoMLSimpleApplication@1d01a2e6
reloadAllAccessors: .parameterPassing

===========================================================================================
----------------- testing Sun Jan 26 06:55:29 UTC 2020 /home/travis/build/icyphy/ptII/ptolemy/actor/lib/test/auto/record.xml
----------------- Instantiating /home/travis/build/icyphy/ptII/ptolemy/actor/lib/test/auto/record.xml
2 ms. Memory: 497664K Free: 274302K (55%)
----------------- Invoking toplevel() on ptolemy.moml.MoMLSimpleApplication@26360071
----------------- Done invoking toplevel() on ptolemy.moml.MoMLSimpleApplication@26360071
reloadAllAccessors: .record

===========================================================================================
----------------- testing Sun Jan 26 06:55:29 UTC 2020 /home/travis/build/icyphy/ptII/ptolemy/actor/lib/test/auto/sizedarray1.xml
----------------- Instantiating /home/travis/build/icyphy/ptII/ptolemy/actor/lib/test/auto/sizedarray1.xml
1 ms. Memory: 497664K Free: 269182K (54%)
----------------- Invoking toplevel() on ptolemy.moml.MoMLSimpleApplication@7f3d1636
----------------- Done invoking toplevel() on ptolemy.moml.MoMLSimpleApplication@7f3d1636
reloadAllAccessors: .sizedarray1

===========================================================================================
----------------- testing Sun Jan 26 06:55:29 UTC 2020 /home/travis/build/icyphy/ptII/ptolemy/actor/lib/test/auto/sizedarray2.xml
----------------- Instantiating /home/travis/build/icyphy/ptII/ptolemy/actor/lib/test/auto/sizedarray2.xml
2 ms. Memory: 497664K Free: 263552K (53%)
----------------- Invoking toplevel() on ptolemy.moml.MoMLSimpleApplication@1582f8b8
----------------- Done invoking toplevel() on ptolemy.moml.MoMLSimpleApplication@1582f8b8
reloadAllAccessors: .sizedarray2

===========================================================================================
----------------- testing Sun Jan 26 06:55:29 UTC 2020 /home/travis/build/icyphy/ptII/ptolemy/actor/lib/test/auto/twoPublishers.xml
----------------- Instantiating /home/travis/build/icyphy/ptII/ptolemy/actor/lib/test/auto/twoPublishers.xml
5 ms. Memory: 497664K Free: 253312K (51%)
----------------- Invoking toplevel() on ptolemy.moml.MoMLSimpleApplication@7cc77261
----------------- Done invoking toplevel() on ptolemy.moml.MoMLSimpleApplication@7cc77261
reloadAllAccessors: .twoPublishers
AutoTests.java: About to close Vertx.
AutoTests.java: Vertx closed.
]]></system-out>
  <system-err><![CDATA[java.lang.RuntimeException: Execution failed
	at ptolemy.moml.MoMLSimpleApplication$UnloadThread.run(MoMLSimpleApplication.java:402)
Caused by: java.lang.RuntimeException: StringUtilities.exit() was called. Normally, we would exit here because Manager.exitAfterWrapup() was called.  However, because the ptolemy.ptII.exitAfterWrapup property is set, we throw this exception instead.
	at ptolemy.util.StringUtilities.exit(StringUtilities.java:365)
	at ptolemy.actor.Manager.wrapup(Manager.java:1549)
	at ptolemy.actor.Manager.execute(Manager.java:407)
	at ptolemy.actor.Manager.run(Manager.java:1263)
	at ptolemy.actor.Manager$PtolemyRunThread.run(Manager.java:1933)
Warning: '.top.test' is in training mode, set the trainingMode parameter to false before checking in
Warning: '.top.test' is in training mode, set the trainingMode parameter to false before checking in
Warning: '.top.test' is in training mode, set the trainingMode parameter to false before checking in
Warning: '.BooleanSwitch_RegressionTest_WrongTrainingValues.Test' is in training mode, set the trainingMode parameter to false before checking in
Warning: '.BooleanSwitch_RegressionTest_WrongTrainingValues.Test2' is in training mode, set the trainingMode parameter to false before checking in
Warning: '.BooleanSwitch_RegressionTest_WrongTrainingValues.Test2' The test produced 0 tokens.
Warning: '.top.testExceptionHandler' is in training mode, set the trainingMode parameter to false before checking in
java.lang.RuntimeException: Execution failed
	at ptolemy.moml.MoMLSimpleApplication$UnloadThread.run(MoMLSimpleApplication.java:402)
Caused by: ptolemy.kernel.util.IllegalActionException: PublisherPorts cannot be used at the top level, use a Publisher actor instead.
  in .PublisherPortToplevelSubscriber.PublisherPort
	at ptolemy.actor.PublisherPort.preinitialize(PublisherPort.java:403)
	at ptolemy.actor.CompositeActor.preinitialize(CompositeActor.java:1769)
	at ptolemy.actor.Manager.preinitializeAndResolveTypes(Manager.java:1040)
	at ptolemy.actor.Manager.initialize(Manager.java:710)
	at ptolemy.actor.Manager.execute(Manager.java:356)
	at ptolemy.actor.Manager.run(Manager.java:1263)
	at ptolemy.actor.Manager$PtolemyRunThread.run(Manager.java:1933)
java.lang.reflect.InvocationTargetException
	at java.base/jdk.internal.reflect.NativeConstructorAccessorImpl.newInstance0(Native Method)
	at java.base/jdk.internal.reflect.NativeConstructorAccessorImpl.newInstance(NativeConstructorAccessorImpl.java:62)
	at java.base/jdk.internal.reflect.DelegatingConstructorAccessorImpl.newInstance(DelegatingConstructorAccessorImpl.java:45)
	at java.base/java.lang.reflect.Constructor.newInstance(Constructor.java:490)
	at ptolemy.util.test.junit.AutoKnownFailedTests.RunModel(AutoKnownFailedTests.java:105)
	at java.base/jdk.internal.reflect.NativeMethodAccessorImpl.invoke0(Native Method)
	at java.base/jdk.internal.reflect.NativeMethodAccessorImpl.invoke(NativeMethodAccessorImpl.java:62)
	at java.base/jdk.internal.reflect.DelegatingMethodAccessorImpl.invoke(DelegatingMethodAccessorImpl.java:43)
	at java.base/java.lang.reflect.Method.invoke(Method.java:566)
	at org.junit.runners.model.FrameworkMethod$1.runReflectiveCall(FrameworkMethod.java:44)
	at org.junit.internal.runners.model.ReflectiveCallable.run(ReflectiveCallable.java:15)
	at org.junit.runners.model.FrameworkMethod.invokeExplosively(FrameworkMethod.java:41)
	at junitparams.internal.InvokeParameterisedMethod.evaluate(InvokeParameterisedMethod.java:102)
	at org.junit.internal.runners.statements.FailOnTimeout$1.run(FailOnTimeout.java:28)
Caused by: ptolemy.kernel.util.IllegalActionException: PublisherPorts cannot be used at the top level, use a Publisher actor instead.
  in .PublisherPortToplevelSubscriber.PublisherPort
	at ptolemy.actor.PublisherPort.preinitialize(PublisherPort.java:403)
	at ptolemy.actor.CompositeActor.preinitialize(CompositeActor.java:1769)
	at ptolemy.actor.Manager.preinitializeAndResolveTypes(Manager.java:1040)
	at ptolemy.actor.Manager.initialize(Manager.java:710)
	at ptolemy.actor.Manager.execute(Manager.java:356)
	at ptolemy.actor.Manager.run(Manager.java:1263)
	at ptolemy.actor.Manager$PtolemyRunThread.run(Manager.java:1933)
java.lang.RuntimeException: Execution failed
	at ptolemy.moml.MoMLSimpleApplication$UnloadThread.run(MoMLSimpleApplication.java:402)
Caused by: ptolemy.kernel.util.IllegalActionException: SubscriberPorts cannot be used at the top level, use a Subscriber actor instead.
  in .PublisherSubscriberPortToplevel.SubscriberPort
	at ptolemy.actor.SubscriberPort.preinitialize(SubscriberPort.java:328)
	at ptolemy.actor.CompositeActor.preinitialize(CompositeActor.java:1769)
	at ptolemy.actor.Manager.preinitializeAndResolveTypes(Manager.java:1040)
	at ptolemy.actor.Manager.initialize(Manager.java:710)
	at ptolemy.actor.Manager.execute(Manager.java:356)
	at ptolemy.actor.Manager.run(Manager.java:1263)
	at ptolemy.actor.Manager$PtolemyRunThread.run(Manager.java:1933)
java.lang.reflect.InvocationTargetException
	at java.base/jdk.internal.reflect.NativeConstructorAccessorImpl.newInstance0(Native Method)
	at java.base/jdk.internal.reflect.NativeConstructorAccessorImpl.newInstance(NativeConstructorAccessorImpl.java:62)
	at java.base/jdk.internal.reflect.DelegatingConstructorAccessorImpl.newInstance(DelegatingConstructorAccessorImpl.java:45)
	at java.base/java.lang.reflect.Constructor.newInstance(Constructor.java:490)
	at ptolemy.util.test.junit.AutoKnownFailedTests.RunModel(AutoKnownFailedTests.java:105)
	at java.base/jdk.internal.reflect.NativeMethodAccessorImpl.invoke0(Native Method)
	at java.base/jdk.internal.reflect.NativeMethodAccessorImpl.invoke(NativeMethodAccessorImpl.java:62)
	at java.base/jdk.internal.reflect.DelegatingMethodAccessorImpl.invoke(DelegatingMethodAccessorImpl.java:43)
	at java.base/java.lang.reflect.Method.invoke(Method.java:566)
	at org.junit.runners.model.FrameworkMethod$1.runReflectiveCall(FrameworkMethod.java:44)
	at org.junit.internal.runners.model.ReflectiveCallable.run(ReflectiveCallable.java:15)
	at org.junit.runners.model.FrameworkMethod.invokeExplosively(FrameworkMethod.java:41)
	at junitparams.internal.InvokeParameterisedMethod.evaluate(InvokeParameterisedMethod.java:102)
	at org.junit.internal.runners.statements.FailOnTimeout$1.run(FailOnTimeout.java:28)
Caused by: ptolemy.kernel.util.IllegalActionException: SubscriberPorts cannot be used at the top level, use a Subscriber actor instead.
  in .PublisherSubscriberPortToplevel.SubscriberPort
	at ptolemy.actor.SubscriberPort.preinitialize(SubscriberPort.java:328)
	at ptolemy.actor.CompositeActor.preinitialize(CompositeActor.java:1769)
	at ptolemy.actor.Manager.preinitializeAndResolveTypes(Manager.java:1040)
	at ptolemy.actor.Manager.initialize(Manager.java:710)
	at ptolemy.actor.Manager.execute(Manager.java:356)
	at ptolemy.actor.Manager.run(Manager.java:1263)
	at ptolemy.actor.Manager$PtolemyRunThread.run(Manager.java:1933)
java.lang.RuntimeException: Execution failed
	at ptolemy.moml.MoMLSimpleApplication$UnloadThread.run(MoMLSimpleApplication.java:402)
Caused by: ptolemy.kernel.util.IllegalActionException: SubscriptionAggregatorPorts cannot be used at the top level, use a SubscriptionAggregator actor instead.
  in .PublisherSubscriptionAggregatorPort.SubscriptionAggregatorPort
	at ptolemy.actor.SubscriptionAggregatorPort.preinitialize(SubscriptionAggregatorPort.java:353)
	at ptolemy.actor.CompositeActor.preinitialize(CompositeActor.java:1769)
	at ptolemy.actor.Manager.preinitializeAndResolveTypes(Manager.java:1040)
	at ptolemy.actor.Manager.initialize(Manager.java:710)
	at ptolemy.actor.Manager.execute(Manager.java:356)
	at ptolemy.actor.Manager.run(Manager.java:1263)
	at ptolemy.actor.Manager$PtolemyRunThread.run(Manager.java:1933)
java.lang.reflect.InvocationTargetException
	at java.base/jdk.internal.reflect.NativeConstructorAccessorImpl.newInstance0(Native Method)
	at java.base/jdk.internal.reflect.NativeConstructorAccessorImpl.newInstance(NativeConstructorAccessorImpl.java:62)
	at java.base/jdk.internal.reflect.DelegatingConstructorAccessorImpl.newInstance(DelegatingConstructorAccessorImpl.java:45)
	at java.base/java.lang.reflect.Constructor.newInstance(Constructor.java:490)
	at ptolemy.util.test.junit.AutoKnownFailedTests.RunModel(AutoKnownFailedTests.java:105)
	at java.base/jdk.internal.reflect.NativeMethodAccessorImpl.invoke0(Native Method)
	at java.base/jdk.internal.reflect.NativeMethodAccessorImpl.invoke(NativeMethodAccessorImpl.java:62)
	at java.base/jdk.internal.reflect.DelegatingMethodAccessorImpl.invoke(DelegatingMethodAccessorImpl.java:43)
	at java.base/java.lang.reflect.Method.invoke(Method.java:566)
	at org.junit.runners.model.FrameworkMethod$1.runReflectiveCall(FrameworkMethod.java:44)
	at org.junit.internal.runners.model.ReflectiveCallable.run(ReflectiveCallable.java:15)
	at org.junit.runners.model.FrameworkMethod.invokeExplosively(FrameworkMethod.java:41)
	at junitparams.internal.InvokeParameterisedMethod.evaluate(InvokeParameterisedMethod.java:102)
	at org.junit.internal.runners.statements.FailOnTimeout$1.run(FailOnTimeout.java:28)
Caused by: ptolemy.kernel.util.IllegalActionException: SubscriptionAggregatorPorts cannot be used at the top level, use a SubscriptionAggregator actor instead.
  in .PublisherSubscriptionAggregatorPort.SubscriptionAggregatorPort
	at ptolemy.actor.SubscriptionAggregatorPort.preinitialize(SubscriptionAggregatorPort.java:353)
	at ptolemy.actor.CompositeActor.preinitialize(CompositeActor.java:1769)
	at ptolemy.actor.Manager.preinitializeAndResolveTypes(Manager.java:1040)
	at ptolemy.actor.Manager.initialize(Manager.java:710)
	at ptolemy.actor.Manager.execute(Manager.java:356)
	at ptolemy.actor.Manager.run(Manager.java:1263)
	at ptolemy.actor.Manager$PtolemyRunThread.run(Manager.java:1933)
java.lang.RuntimeException: Execution failed
	at ptolemy.moml.MoMLSimpleApplication$UnloadThread.run(MoMLSimpleApplication.java:402)
Caused by: ptolemy.kernel.util.IllegalActionException: TypeTest actor has no training data.
  in .sizedarray3.TypeTest
	at ptolemy.actor.lib.TypeTest.initialize(TypeTest.java:250)
	at ptolemy.actor.Director.initialize(Director.java:938)
	at ptolemy.actor.Director.initialize(Director.java:907)
	at ptolemy.actor.sched.StaticSchedulingDirector.initialize(StaticSchedulingDirector.java:159)
	at ptolemy.domains.sdf.kernel.SDFDirector.initialize(SDFDirector.java:544)
	at ptolemy.actor.CompositeActor.initialize(CompositeActor.java:935)
	at ptolemy.actor.Manager.initialize(Manager.java:724)
	at ptolemy.actor.Manager.execute(Manager.java:356)
	at ptolemy.actor.Manager.run(Manager.java:1263)
	at ptolemy.actor.Manager$PtolemyRunThread.run(Manager.java:1933)
java.lang.reflect.InvocationTargetException
	at java.base/jdk.internal.reflect.NativeConstructorAccessorImpl.newInstance0(Native Method)
	at java.base/jdk.internal.reflect.NativeConstructorAccessorImpl.newInstance(NativeConstructorAccessorImpl.java:62)
	at java.base/jdk.internal.reflect.DelegatingConstructorAccessorImpl.newInstance(DelegatingConstructorAccessorImpl.java:45)
	at java.base/java.lang.reflect.Constructor.newInstance(Constructor.java:490)
	at ptolemy.util.test.junit.AutoKnownFailedTests.RunModel(AutoKnownFailedTests.java:105)
	at java.base/jdk.internal.reflect.NativeMethodAccessorImpl.invoke0(Native Method)
	at java.base/jdk.internal.reflect.NativeMethodAccessorImpl.invoke(NativeMethodAccessorImpl.java:62)
	at java.base/jdk.internal.reflect.DelegatingMethodAccessorImpl.invoke(DelegatingMethodAccessorImpl.java:43)
	at java.base/java.lang.reflect.Method.invoke(Method.java:566)
	at org.junit.runners.model.FrameworkMethod$1.runReflectiveCall(FrameworkMethod.java:44)
	at org.junit.internal.runners.model.ReflectiveCallable.run(ReflectiveCallable.java:15)
	at org.junit.runners.model.FrameworkMethod.invokeExplosively(FrameworkMethod.java:41)
	at junitparams.internal.InvokeParameterisedMethod.evaluate(InvokeParameterisedMethod.java:102)
	at org.junit.internal.runners.statements.FailOnTimeout$1.run(FailOnTimeout.java:28)
Caused by: ptolemy.kernel.util.IllegalActionException: TypeTest actor has no training data.
  in .sizedarray3.TypeTest
	at ptolemy.actor.lib.TypeTest.initialize(TypeTest.java:250)
	at ptolemy.actor.Director.initialize(Director.java:938)
	at ptolemy.actor.Director.initialize(Director.java:907)
	at ptolemy.actor.sched.StaticSchedulingDirector.initialize(StaticSchedulingDirector.java:159)
	at ptolemy.domains.sdf.kernel.SDFDirector.initialize(SDFDirector.java:544)
	at ptolemy.actor.CompositeActor.initialize(CompositeActor.java:935)
	at ptolemy.actor.Manager.initialize(Manager.java:724)
	at ptolemy.actor.Manager.execute(Manager.java:356)
	at ptolemy.actor.Manager.run(Manager.java:1263)
	at ptolemy.actor.Manager$PtolemyRunThread.run(Manager.java:1933)
ptolemy.kernel.util.InternalErrorException: Exec Stdout Gobbler-0: Failed while reading from java.lang.ProcessImpl$ProcessPipeInputStream@7048be93. To avoid this, try setting the ignoreIOExceptionReadErrors parameter to true.null
  in .Exec.Exec
Because:
Stream closed
	at ptolemy.actor.lib.Exec$_StreamReaderThread._read(Exec.java:762)
	at ptolemy.actor.lib.Exec$_StreamReaderThread.run(Exec.java:706)
Caused by: java.io.IOException: Stream closed
	at java.base/sun.nio.cs.StreamDecoder.ensureOpen(StreamDecoder.java:46)
	at java.base/sun.nio.cs.StreamDecoder.read(StreamDecoder.java:148)
	at java.base/java.io.InputStreamReader.read(InputStreamReader.java:185)
	at ptolemy.actor.lib.Exec$_StreamReaderThread._read(Exec.java:724)
	... 1 more
Caused by: java.io.IOException: Stream closed
	at java.base/sun.nio.cs.StreamDecoder.ensureOpen(StreamDecoder.java:46)
	at java.base/sun.nio.cs.StreamDecoder.read(StreamDecoder.java:148)
	at java.base/java.io.InputStreamReader.read(InputStreamReader.java:185)
	at ptolemy.actor.lib.Exec$_StreamReaderThread._read(Exec.java:724)
	at ptolemy.actor.lib.Exec$_StreamReaderThread.run(Exec.java:706)
]]></system-err>
</testsuite>
