<?xml version="1.0" encoding="UTF-8" ?>
<testsuite errors="0" failures="0" hostname="travis-job-a46d1a16-9173-4953-8a6b-00b5e97f906d" name="ptolemy.domains.pn.test.junit.JUnitTclTest" skipped="0" tests="43" time="6.368" timestamp="2018-08-01T01:49:18">
  <properties>
    <property name="npm.executable" value="npm" />
    <property name="file.encoding.pkg" value="sun.io" />
    <property name="ptII.mk.exists" value="true" />
    <property name="env.rvm_bin_path" value="/home/travis/.rvm/bin" />
    <property name="java.home" value="/usr/lib/jvm/java-8-oracle/jre" />
    <property name="env.TRAVIS_JOB_NUMBER" value="675.9" />
    <property name="env.DISPLAY" value=":99.0" />
    <property name="java.net.preferIPv4Stack" value="true" />
    <property name="env.TRAVIS_INIT" value="upstart" />
    <property name="env.SSH_TTY" value="/dev/pts/0" />
    <property name="env.RUN_TESTS" value="false" />
    <property name="timeout.short" value="1000000" />
    <property name="env.TRAVIS_STACK_NODE_ATTRIBUTES" value="/.node-attributes.yml" />
    <property name="junit.formatter" value="xml" />
    <property name="java.endorsed.dirs" value="/usr/lib/jvm/java-8-oracle/jre/lib/endorsed" />
    <property name="env.TRAVIS_SUDO" value="true" />
    <property name="env.LOGNAME" value="travis" />
    <property name="jsdoc.home" value="node_modules/@terraswarm/jsdoc" />
    <property name="debuglevel" value="source,lines,vars" />
    <property name="checkstyle.formatter" value="xml" />
    <property name="bin.vergil.makeable" value="true" />
    <property name="env._system_version" value="14.04" />
    <property name="sun.os.patch.level" value="unknown" />
    <property name="java.vendor.url" value="http://java.oracle.com/" />
    <property name="java.version" value="1.8.0_151" />
    <property name="env.TZ" value="UTC" />
    <property name="env.PT_NO_NET" value="true" />
    <property name="env.TRAVIS_PULL_REQUEST_SHA" value="" />
    <property name="env.TRAVIS_SECURE_ENV_VARS" value="true" />
    <property name="env._system_type" value="Linux" />
    <property name="java.vendor.url.bug" value="http://bugreport.sun.com/bugreport/" />
    <property name="env.SSH_CLIENT" value="10.10.16.9 47614 22" />
    <property name="npmjs-org-is-up" value="true" />
    <property name="env.GEM_HOME" value="/home/travis/.rvm/gems/ruby-2.4.1" />
    <property name="env.HAS_ANTARES_THREE_LITTLE_FRONZIES_BADGE" value="true" />
    <property name="env.PS4" value="+" />
    <property name="ant.project.invoked-targets" value="build,test.core2.xml" />
    <property name="env.TRAVIS_PULL_REQUEST_BRANCH" value="" />
    <property name="env.TRAVIS_REPO_SLUG" value="icyphy/ptII" />
    <property name="node.in.path" value="true" />
    <property name="java.maxmemory" value="1400m" />
    <property name="env.RUBY_VERSION" value="ruby-2.4.1" />
    <property name="user.name" value="travis" />
    <property name="env.LANG" value="en_US.UTF-8" />
    <property name="sun.io.unicode.encoding" value="UnicodeLittle" />
    <property name="sun.jnu.encoding" value="UTF-8" />
    <property name="java.runtime.name" value="Java(TM) SE Runtime Environment" />
    <property name="usefile" value="false" />
    <property name="return.code" value="0" />
    <property name="junit.single.formatter" value="plain" />
    <property name="env.DYLD_LIBRARY_PATH" value="/home/travis/pthla/certi-tools/lib:" />
    <property name="env.DEBIAN_FRONTEND" value="noninteractive" />
    <property name="env.SSH_CONNECTION" value="10.10.16.9 47614 10.20.0.72 22" />
    <property name="env.MYSQL_UNIX_PORT" value="/var/run/mysqld/mysqld.sock" />
    <property name="env.TRAVIS_ALLOW_FAILURE" value="false" />
    <property name="env.LC_ALL" value="en_US.UTF-8" />
    <property name="java.specification.name" value="Java Platform API Specification" />
    <property name="node.works" value="true" />
    <property name="user.timezone" value="" />
    <property name="path.separator" value=":" />
    <property name="env.PYTHON_CFLAGS" value="-g -fstack-protector --param=ssp-buffer-size=4 -Wformat -Werror=format-security" />
    <property name="timeout.long" value="4000000" />
    <property name="env.CERTI_HOME" value="/home/travis/pthla/certi-tools" />
    <property name="file.encoding" value="UTF-8" />
    <property name="ant.file.ptII" value="/home/travis/build/icyphy/ptII/build.xml" />
    <property name="javadoc.packagenames" value="com.*,diva.*,lbnl.*,org.hlacerti.*,org.json.*,org.ptolemy.*,org.terraswarm.*,ptolemy.*,ptserver.*" />
    <property name="env.TRAVIS_PULL_REQUEST_SLUG" value="" />
    <property name="ant.project.default-target" value="build" />
    <property name="env.GIT_ASKPASS" value="echo" />
    <property name="env.HOME" value="/home/travis" />
    <property name="sun.java.command" value="org.apache.tools.ant.taskdefs.optional.junit.JUnitTestRunner ptolemy.domains.pn.test.junit.JUnitTclTest skipNonTests=false filtertrace=true haltOnError=false haltOnFailure=false formatter=org.apache.tools.ant.taskdefs.optional.junit.OutErrSummaryJUnitResultFormatter showoutput=true outputtoformatters=true logfailedtests=true threadid=0 logtestlistenerevents=false formatter=org.apache.tools.ant.taskdefs.optional.junit.XMLJUnitResultFormatter,/home/travis/build/icyphy/ptII/reports/junit/TEST-ptolemy.domains.pn.test.junit.JUnitTclTest.xml crashfile=/home/travis/build/icyphy/ptII/junitvmwatcher8262120011765912493.properties propsfile=/home/travis/build/icyphy/ptII/junit5479955665282622344.properties" />
    <property name="env.MANPATH" value="/home/travis/.nvm/versions/node/v7.10.1/share/man:/home/travis/.kiex/elixirs/elixir-1.4.5/man:/home/travis/.rvm/rubies/ruby-2.4.1/share/man:/usr/local/man:/usr/local/cmake-3.9.2/man:/usr/local/clang-5.0.0/share/man:/usr/local/share/man:/usr/share/man:/home/travis/.rvm/man" />
    <property name="env.COMPOSER_NO_INTERACTION" value="1" />
    <property name="env.JDK_SWITCHER_DEFAULT" value="oraclejdk8" />
    <property name="ant.file" value="/home/travis/build/icyphy/ptII/build.xml" />
    <property name="env.TRAVIS_COMMIT_RANGE" value="1de8d59dcca1243a2b7e477994c75b2fa592951c...f2f5aa91468ecda6e2b1f7b06f33b6fd7a02d662" />
    <property name="env._system_name" value="Ubuntu" />
    <property name="timeout" value="2400000" />
    <property name="ptII.classpath.optional.property" value="/home/travis/build/icyphy/ptII/lib/bsh-2.0b4.jar:/home/travis/build/icyphy/ptII/lib/ptCal.jar:/home/travis/build/icyphy/ptII/lib/java_cup.jar:/home/travis/build/icyphy/ptII/lib/saxon8.jar:/home/travis/build/icyphy/ptII/lib/saxon8-dom.jar:/home/travis/build/icyphy/ptII/lib/chic.jar:/home/travis/build/icyphy/ptII/lib/ptcolt.jar:/usr/lib/jvm/java-8-oracle/lib/tools.jar:/usr/lib/eclipse/plugins/org.eclipse.jdt.core_3.8.2.dist.jar:/usr/lib/eclipse/plugins/org.eclipse.core.runtime_3.8.0.dist.jar:/usr/lib/eclipse/plugins/org.eclipse.osgi_3.8.1.dist.jar:/usr/lib/eclipse/plugins/org.eclipse.core.resources_3.8.1.dist.jar:/usr/lib/eclipse/plugins/org.eclipse.equinox.common_3.6.100.dist.jar:/usr/lib/eclipse/plugins/org.eclipse.core.jobs_3.5.200.dist.jar:/usr/lib/eclipse/plugins/org.eclipse.core.contenttype_3.4.200.dist.jar:/usr/lib/eclipse/plugins/org.eclipse.equinox.preferences_3.5.0.dist.jar:/usr/lib/eclipse/plugins/org.eclipse.text_3.5.200.dist.jar:/usr/lib/eclipse/plugins/org.eclipse.ui.workbench_3.8.1.dist.jar:/usr/lib/eclipse/plugins/org.eclipse.jface_3.8.0.dist.jar:/usr/lib/eclipse/plugins/org.eclipse.swt_3.8.2.jar:/usr/lib/eclipse/plugins/org.eclipse.jface.text_3.8.1.dist.jar:/usr/lib/eclipse/plugins/org.eclipse.ui.workbench.texteditor_3.8.0.dist.jar:/usr/lib/eclipse/plugins/org.eclipse.ui.editors_3.8.0.dist.jar:/usr/lib/eclipse/plugins/org.eclipse.core.commands_3.6.1.dist.jar:/usr/lib/eclipse/plugins/org.eclipse.equinox.registry_3.5.200.dist.jar:/usr/lib/eclipse/plugins/org.eclipse.ui.console_3.5.100.dist.jar:/usr/lib/eclipse/plugins/org.eclipse.ui.forms_3.5.200.dist.jar:/usr/lib/eclipse/plugins/org.eclipse.ui.ide_3.8.1.dist.jar:/home/travis/build/icyphy/ptII/vendors/oracle/dbxml.jar:/home/travis/build/icyphy/ptII/vendors/oracle/db.jar:/home/travis/build/icyphy/ptII/vendors/misc/itext/iText.jar:/home/travis/build/icyphy/ptII/lib/g4ltl.jar:/home/travis/build/icyphy/ptII/lib/StructuralCoder.jar:/home/travis/build/icyphy/ptII/lib/org-openide-util.jar:/home/travis/build/icyphy/ptII/lib/org-openide-util-lookup.jar:/home/travis/build/icyphy/ptII/lib/org-netbeans-api-visual.jar:/home/travis/build/icyphy/ptII/vendors/jai-1_1_2_01/lib/jai_core.jar:/home/travis/build/icyphy/ptII/vendors/jai-1_1_2_01/lib/jai_codec.jar:/home/travis/build/icyphy/ptII/lib/jcerti.jar:/home/travis/build/icyphy/ptII/lib/smack.jar:/home/travis/build/icyphy/ptII/lib/smackx.jar:/home/travis/build/icyphy/ptII/lib/jetty-all-8.1.5-v20120716.jar:/home/travis/build/icyphy/ptII/lib/javax.servlet-api-3.0.1.jar:/home/travis/build/icyphy/ptII/lib/javax.mail.jar:/home/travis/build/icyphy/ptII/vendors/JMF-2.1.1e/lib/jmf.jar:/home/travis/build/icyphy/ptII/lib/jna-4.0.0-variadic.jar:/home/travis/build/icyphy/ptII/vendors/misc/joystick/Joystick.jar:/home/travis/build/icyphy/ptII/lib/ptjacl.jar:/home/travis/build/icyphy/ptII/lib/jsoup-1.8.2.jar:/home/travis/build/icyphy/ptII/lib/junit-4.8.2.jar:/home/travis/build/icyphy/ptII/lib/JUnitParams-0.4.0.jar:/home/travis/build/icyphy/ptII/ptolemy/actor/lib/excel/jxl.jar:/home/travis/build/icyphy/ptII/lib/jython.jar:/home/travis/build/icyphy/ptII/lib/kieler.jar:/home/travis/build/icyphy/ptII/vendors/opencv/share/OpenCV/java/opencv-341.jar:/home/travis/build/icyphy/ptII/lib/oscP5.jar:/home/travis/build/icyphy/ptII/lib/nrjavaserial-3.11.0.devel.jar:/home/travis/build/icyphy/ptII/vendors/j3d/lib/j3dcore.jar:/home/travis/build/icyphy/ptII/vendors/j3d/lib/j3dutils.jar:/home/travis/build/icyphy/ptII/vendors/j3d/lib/vecmath.jar:/home/travis/build/icyphy/ptII/ptolemy/distributed/jini/jar/jini-core.jar:/home/travis/build/icyphy/ptII/ptolemy/distributed/jini/jar/jini-ext.jar:/home/travis/build/icyphy/ptII/ptolemy/distributed/jini/jar/sun-util.jar:/home/travis/build/icyphy/ptII/lib/protobuf-java-2.4.1.jar:/home/travis/build/icyphy/ptII/lib/org.eclipse.paho.client.mqttv3.jar:/home/travis/build/icyphy/ptII/ptserver/lib/hessian-4.0.7.jar:/home/travis/build/icyphy/ptII/ptserver/lib/wmqtt.jar:/home/travis/build/icyphy/ptII/lib/mapss.jar:/home/travis/build/icyphy/ptII/ptolemy/actor/ptalon/antlr/antlr.jar:/home/travis/build/icyphy/ptII/lib/JRI.jar:/home/travis/build/icyphy/ptII/lib/commons-lang-2.6.jar:/home/travis/build/icyphy/ptII/lib/commons-logging-1.1.1.jar:/home/travis/build/icyphy/ptII/lib/sootclasses.jar:/home/travis/build/icyphy/ptII/ptolemy/actor/lib/database/mysql-connector-java-5.1.6-bin.jar:/home/travis/build/icyphy/ptII/vendors/misc/sphinx4/sphinx4-data-5prealpha.jar:/home/travis/build/icyphy/ptII/vendors/misc/sphinx4/sphinx4-core-5prealpha.jar:/home/travis/build/icyphy/ptII/lib/PDFRenderer.jar:/home/travis/build/icyphy/ptII/lib/svgSalamander.jar:/home/travis/build/icyphy/ptII/lib/rsyntaxtextarea-2.6.0-SNAPSHOT.jar:/home/travis/build/icyphy/ptII/lib/hazelcast-3.8.2.jar:/home/travis/build/icyphy/ptII/lib/jackson-annotations-2.9.0.jar:/home/travis/build/icyphy/ptII/lib/jackson-core-2.9.3.jar:/home/travis/build/icyphy/ptII/lib/jackson-databind-2.9.3.jar:/home/travis/build/icyphy/ptII/lib/netty-buffer-4.1.19.Final.jar:/home/travis/build/icyphy/ptII/lib/netty-codec-4.1.19.Final.jar:/home/travis/build/icyphy/ptII/lib/netty-codec-dns-4.1.19.Final.jar:/home/travis/build/icyphy/ptII/lib/netty-codec-http-4.1.19.Final.jar:/home/travis/build/icyphy/ptII/lib/netty-codec-http2-4.1.19.Final.jar:/home/travis/build/icyphy/ptII/lib/netty-common-4.1.19.Final.jar:/home/travis/build/icyphy/ptII/lib/netty-handler-4.1.19.Final.jar:/home/travis/build/icyphy/ptII/lib/netty-resolver-4.1.19.Final.jar:/home/travis/build/icyphy/ptII/lib/netty-resolver-dns-4.1.19.Final.jar:/home/travis/build/icyphy/ptII/lib/netty-transport-4.1.19.Final.jar:/home/travis/build/icyphy/ptII/lib/vertx-codegen-3.5.1.jar:/home/travis/build/icyphy/ptII/lib/vertx-core-3.5.2-SNAPSHOT.jar:/home/travis/build/icyphy/ptII/lib/vertx-hazelcast-3.5.1.jar:/home/travis/build/icyphy/ptII/lib/vertx-lang-js-3.5.1.jar:/home/travis/build/icyphy/ptII/lib/vertx-service-proxy-3.5.1.jar:/home/travis/build/icyphy/ptII/lib/vertx-web-3.5.1.jar:/home/travis/build/icyphy/ptII/lib/slf4j-api-1.7.13.jar:/home/travis/build/icyphy/ptII/lib/slf4j-simple-1.7.13.jar:/home/travis/build/icyphy/ptII/lib/webcam-capture-0.3.12.jar:/home/travis/build/icyphy/ptII/lib/bridj-0.7.0.jar:/home/travis/build/icyphy/ptII/lib/xbjlib-1.1.0.nrjavaserial.jar" />
    <property name="test.batch" value="**/junit/*.java" />
    <property name="env._" value="/usr/bin/timeout" />
    <property name="java.io.tmpdir" value="/tmp" />
    <property name="user.language" value="en" />
    <property name="env.HISTCONTROL" value="ignoredups:ignorespace" />
    <property name="env.GOROOT" value="/home/travis/.gimme/versions/go1.7.4.linux.amd64" />
    <property name="line.separator" value="&#xa;" />
    <property name="target" value="1.8" />
    <property name="env.TRAVIS_BUILD_DIR" value="/home/travis/build/icyphy/ptII" />
    <property name="env.ANT_OPTS" value="-Xmx2048m" />
    <property name="ant.file.type" value="file" />
    <property name="ptolemy.ptII.batchMode" value="true" />
    <property name="env.HISTSIZE" value="1000" />
    <property name="env.MERB_ENV" value="test" />
    <property name="java.vm.info" value="mixed mode" />
    <property name="source" value="1.8" />
    <property name="java.vm.specification.name" value="Java Virtual Machine Specification" />
    <property name="env.TRAVIS_TEST_RESULT" value="0" />
    <property name="jsdoc.command" value="node_modules/@terraswarm/jsdoc/jsdoc.js" />
    <property name="npm.works" value="true" />
    <property name="cobertura.dir" value="/home/travis/build/icyphy/ptII/vendors/cobertura-2.0.3" />
    <property name="env.rvm_path" value="/home/travis/.rvm" />
    <property name="env.GEM_PATH" value="/home/travis/.rvm/gems/ruby-2.4.1:/home/travis/.rvm/gems/ruby-2.4.1@global" />
    <property name="env.LC_CTYPE" value="en_US.UTF-8" />
    <property name="java.awt.printerjob" value="sun.print.PSPrinterJob" />
    <property name="env.TRAVIS_STACK_NAME" value="garnet" />
    <property name="ant.version" value="Apache Ant(TM) version 1.10.1 compiled on February 2 2017" />
    <property name="ptII.reports" value="/home/travis/build/icyphy/ptII/reports" />
    <property name="env.TRAVIS_STACK_TIMESTAMP" value="2017-12-05 19:33:09 UTC" />
    <property name="ant.file.type.ptII" value="file" />
    <property name="env.RBENV_SHELL" value="bash" />
    <property name="os.name" value="Linux" />
    <property name="java.specification.vendor" value="Oracle Corporation" />
    <property name="env.rvm_version" value="1.29.3 (latest)" />
    <property name="env.TERM" value="xterm" />
    <property name="java.vm.name" value="Java HotSpot(TM) 64-Bit Server VM" />
    <property name="env.TRAVIS_BUILD_NUMBER" value="675" />
    <property name="env.CI" value="true" />
    <property name="java.library.path" value="/home/travis/pthla/certi-tools/lib:/usr/lib/jni:/usr/local/share/OpenCV/java/:/usr/share/OpenCV/java::/usr/java/packages/lib/amd64:/usr/lib64:/lib64:/lib:/usr/lib" />
    <property name="env.rvm_prefix" value="/home/travis" />
    <property name="env.PATH" value="/home/travis/pthla/certi-tools/share/scripts:/home/travis/.rvm/gems/ruby-2.4.1/bin:/home/travis/.rvm/gems/ruby-2.4.1@global/bin:/home/travis/.rvm/rubies/ruby-2.4.1/bin:/home/travis/.rvm/bin:/home/travis/.nvm/versions/node/v7.10.1/bin:./node_modules/.bin:/home/travis/build/icyphy/ptII/bin:/home/travis/pthla/certi-tools/bin:/home/travis/bin:/home/travis/.local/bin:/opt/pyenv/shims:/home/travis/.phpenv/shims:/home/travis/perl5/perlbrew/bin:/home/travis/.kiex/elixirs/elixir-1.4.5/bin:/home/travis/.kiex/bin:/home/travis/gopath/bin:/home/travis/.gimme/versions/go1.7.4.linux.amd64/bin:/usr/local/phantomjs/bin:/usr/local/phantomjs:/usr/local/neo4j-3.2.7/bin:/usr/local/maven-3.5.2/bin:/usr/local/cmake-3.9.2/bin:/usr/local/clang-5.0.0/bin:/usr/local/sbin:/usr/local/bin:/usr/sbin:/usr/bin:/sbin:/bin:/home/travis/.phpenv/bin:/opt/pyenv/bin:/home/travis/.yarn/bin" />
    <property name="env.TRAVIS_OS_NAME" value="linux" />
    <property name="ant.java.version" value="1.8" />
    <property name="basedir" value="/home/travis/build/icyphy/ptII" />
    <property name="java.class.version" value="52.0" />
    <property name="env.SHLVL" value="3" />
    <property name="env.LD_LIBRARY_PATH" value="/home/travis/pthla/certi-tools/lib:/usr/lib/jni:/usr/local/share/OpenCV/java/:/usr/share/OpenCV/java:" />
    <property name="env.RACK_ENV" value="test" />
    <property name="ant.home" value="/home/travis/build/icyphy/ptII/ant" />
    <property name="env.NVM_DIR" value="/home/travis/.nvm" />
    <property name="env.PERLBREW_BASHRC_VERSION" value="0.80" />
    <property name="env.CERTI_FOM_PATH" value="/home/travis/pthla/certi-tools/share/federations" />
    <property name="env.TRAVIS_BUILD_ID" value="410597188" />
    <property name="env.PYENV_ROOT" value="/opt/pyenv" />
    <property name="env.TRAVIS_UID" value="2000" />
    <property name="env.rvm_pretty_print_flag" value="auto" />
    <property name="env.NVM_BIN" value="/home/travis/.nvm/versions/node/v7.10.1/bin" />
    <property name="env.TRAVIS_COMMIT" value="f2f5aa91468ecda6e2b1f7b06f33b6fd7a02d662" />
    <property name="env._system_arch" value="x86_64" />
    <property name="node.executable" value="node" />
    <property name="sun.boot.library.path" value="/usr/lib/jvm/java-8-oracle/jre/lib/amd64" />
    <property name="sun.management.compiler" value="HotSpot 64-Bit Tiered Compilers" />
    <property name="env.GOPATH" value="/home/travis/gopath" />
    <property name="java.awt.graphicsenv" value="sun.awt.X11GraphicsEnvironment" />
    <property name="ptolemy.ptII.dir" value="/home/travis/build/icyphy/ptII" />
    <property name="env.USER" value="travis" />
    <property name="env.HISTFILESIZE" value="2000" />
    <property name="timeout.longest" value="19000000" />
    <property name="env.TRAVIS_STACK_FEATURES" value="basic cassandra chromium couchdb disabled-ipv6 docker docker-compose elasticsearch firefox go-toolchain google-chrome jdk memcached mongodb mysql neo4j nodejs_interpreter perl_interpreter perlbrew phantomjs postgresql python_interpreter rabbitmq redis riak ruby_interpreter sqlite xserver" />
    <property name="env.TRAVIS_PULL_REQUEST" value="false" />
    <property name="env.PYENV_SHELL" value="bash" />
    <property name="ant.project.name" value="ptII" />
    <property name="java.vm.specification.version" value="1.8" />
    <property name="env.TRAVIS_DIST" value="trusty" />
    <property name="env.CERTI_VERSION" value="4.0.0" />
    <property name="env.NLSPATH" value="/usr/dt/lib/nls/msg/%L/%N.cat" />
    <property name="awt.toolkit" value="sun.awt.X11.XToolkit" />
    <property name="env.CERTI_HOST" value="localhost" />
    <property name="env.MY_RUBY_HOME" value="/home/travis/.rvm/rubies/ruby-2.4.1" />
    <property name="sun.cpu.isalist" value="" />
    <property name="java.ext.dirs" value="/usr/lib/jvm/java-8-oracle/jre/lib/ext:/usr/java/packages/lib/ext" />
    <property name="os.version" value="4.4.0-101-generic" />
    <property name="user.home" value="/home/travis" />
    <property name="env.MIX_ARCHIVES" value="/home/travis/.kiex/mix/elixir-1.4.5" />
    <property name="java.vm.vendor" value="Oracle Corporation" />
    <property name="env.TRAVIS_TAG" value="nightly" />
    <property name="env.TRAVIS_FILTERED" value="redirect_io" />
    <property name="env.JAVA_HOME" value="/usr/lib/jvm/java-8-oracle" />
    <property name="env.PTII" value="/home/travis/build/icyphy/ptII" />
    <property name="javadoc.excludepackagenames" value="adm.cvs2svn.*,build.*,config.*,doc.coding.templates.*,jni.test.jni.meaningOfLife.*,jni.test.jni.testDeux.*,jni.test.jni.testTrois.*,org.terraswarm.accessor.accessors.web.node_modules.*,org.terraswarm.accessor.accessors.web.hosts.cordova.demo.*,org.terraswarm.accessor.accessors.web.hosts.cordova.plugins.*,org.terraswarm.accessor.accessors-svn.*,pt-modules.*,ptolemy.apps.agilent.*,ptolemy.apps.anytimecontrol.*,ptolemy.apps.apes.*,ptolemy.apps.charon.*,ptolemy.apps.crazyboard.*,ptolemy.apps.eclipse.*,ptolemy.apps.etherealSting.*,ptolemy.apps.fullscreen.*,ptolemy.apps.giotto.*,ptolemy.apps.ia.*,ptolemy.apps.interfaces.*,ptolemy.apps.jmf.*,ptolemy.apps.kurt.*,ptolemy.apps.kvm.*,ptolemy.apps.lego.*,ptolemy.apps.lejos.*,ptolemy.apps.midp.*,ptolemy.apps.mobileCoding.*,ptolemy.apps.pendulum.*,ptolemy.apps.rijndael.*,ptolemy.apps.robot.*,ptolemy.apps.security.*,ptolemy.apps.sobel.*,ptolemy.apps.soot.*,ptolemy.apps.throttle.*,ptolemy.apps.tini.*,ptolemy.apps.transmission.*,ptolemy.apps.vergil.*,ptolemy.apps.waba.*,ptolemy.apps.websensor.*,ptolemy.apps.webstart.*,ptolemy.apps.xsl.*,ptolemy.apps.zaurus.*,ptolemy.backtrack.eclipse.plugin.*,ptolemy.backtrack.test.*,ptolemy.codegen.c.actor.lib.oldJavaFiles.*,ptolemy.codegen.dsp.lib.*,ptolemy.codegen.kernel.newInterfaces.*,ptolemy.codegen.lib.*,ptolemy.copernicus.kernel.fragment.*,ptolemy.copernicus.shallow.cg.*,ptolemy.domains.giotto.demo.Hierarchy.Hierarchy.*,ptolemy.domains.giotto.demo.Multimode.Multimode.*,ptolemy.domains.giotto.demo.Simple.Simple.*,ptolemy.domains.gr.lib.experimental.*,ptolemy.domains.gro.*,ptolemy.domains.pdf.*,ptolemy.domains.ptinyos.demo.Surge.output.*,ptolemy.moml.test.NoPackageActor.java*,ptolemy.plot.adm.*,ptolemy.plot.servlet.*,reports.*,signed.*,src.*,target.*,vendors.*,ptolemy.cg.adapter.generic.program.procedural.c.mbed*,ptolemy.actor.lib.fmi.fmus.omc*,ptolemy.domains.openmodelica*,ptdb.kernel.bl.save.test.*,ptdb.kernel.bl.load.test.*,ptdb.kernel.bl.search.test.*,ptdb.kernel.bl.migration.test.*,ptdb.kernel.database.test.*,ptdb.test.*,ptdb.gui.test.*,org.ptolemy.scala.*,diva.util.java2d.svg.*,ptolemy.domains.ptinyos.*,ptolemy.actor.lib.fmi.fmipp.*,,org.terraswarm.accessor.accessors.web.node_modules.*,org.terraswarm.accessor.accessors-svn,ptolemy.apps.*,ptolemy.actor.ptalon.demo.ptinyos.SendAndReceiveCnt.output,ptolemy.actor.ptalon.demo.ptinyos.SenseToLeds.output,ptolemy.domains.ptinyos.demo.CntToLedsAndRfm.output,ptolemy.domains.ptinyos.demo.RfmToLeds.output,ptolemy.domains.ptinyos.demo.SendAndReceiveCnt.output,ptolemy.domains.ptinyos.demo.SenseToLeds.output,ptolemy.actor.lib.jjs.modules.udpSocket.*" />
    <property name="env.TRAVIS_COMMIT_MESSAGE" value="Simulator actor patch" />
    <property name="keystore" value="ptKeystore" />
    <property name="env.XDG_SESSION_ID" value="2" />
    <property name="junit.output.dir" value="/home/travis/build/icyphy/ptII/reports/junit" />
    <property name="npm.return.code" value="0" />
    <property name="user.dir" value="/home/travis/build/icyphy/ptII/ptolemy/domains/pn/test" />
    <property name="env.TRAVIS_NODE_VERSION" value="7" />
    <property name="env.XFILESEARCHPATH" value="/usr/dt/app-defaults/%L/Dt" />
    <property name="env.TRAVIS_EVENT_TYPE" value="cron" />
    <property name="env.MAIL" value="/var/mail/travis" />
    <property name="env.PERLBREW_ROOT" value="/home/travis/perl5/perlbrew" />
    <property name="env.PWD" value="/home/travis/build/icyphy/ptII" />
    <property name="timeout.npm" value="45000" />
    <property name="env.PT_TRAVIS_TEST_CORE2_XML" value="true" />
    <property name="env.PAGER" value="cat" />
    <property name="sun.cpu.endian" value="little" />
    <property name="env.TRAVIS_BUILD_STAGE_NAME" value="Test" />
    <property name="env.PERLBREW_HOME" value="/home/travis/.perlbrew" />
    <property name="env.RAILS_ENV" value="test" />
    <property name="java.vm.version" value="25.151-b12" />
    <property name="java.class.path" value="/home/travis/build/icyphy/ptII:/home/travis/build/icyphy/ptII/lib/bsh-2.0b4.jar:/home/travis/build/icyphy/ptII/lib/ptCal.jar:/home/travis/build/icyphy/ptII/lib/java_cup.jar:/home/travis/build/icyphy/ptII/lib/saxon8.jar:/home/travis/build/icyphy/ptII/lib/saxon8-dom.jar:/home/travis/build/icyphy/ptII/lib/chic.jar:/home/travis/build/icyphy/ptII/lib/ptcolt.jar:/usr/lib/jvm/java-8-oracle/lib/tools.jar:/usr/lib/eclipse/plugins/org.eclipse.jdt.core_3.8.2.dist.jar:/usr/lib/eclipse/plugins/org.eclipse.core.runtime_3.8.0.dist.jar:/usr/lib/eclipse/plugins/org.eclipse.osgi_3.8.1.dist.jar:/usr/lib/eclipse/plugins/org.eclipse.core.resources_3.8.1.dist.jar:/usr/lib/eclipse/plugins/org.eclipse.equinox.common_3.6.100.dist.jar:/usr/lib/eclipse/plugins/org.eclipse.core.jobs_3.5.200.dist.jar:/usr/lib/eclipse/plugins/org.eclipse.core.contenttype_3.4.200.dist.jar:/usr/lib/eclipse/plugins/org.eclipse.equinox.preferences_3.5.0.dist.jar:/usr/lib/eclipse/plugins/org.eclipse.text_3.5.200.dist.jar:/usr/lib/eclipse/plugins/org.eclipse.ui.workbench_3.8.1.dist.jar:/usr/lib/eclipse/plugins/org.eclipse.jface_3.8.0.dist.jar:/usr/lib/eclipse/plugins/org.eclipse.swt_3.8.2.jar:/usr/lib/eclipse/plugins/org.eclipse.jface.text_3.8.1.dist.jar:/usr/lib/eclipse/plugins/org.eclipse.ui.workbench.texteditor_3.8.0.dist.jar:/usr/lib/eclipse/plugins/org.eclipse.ui.editors_3.8.0.dist.jar:/usr/lib/eclipse/plugins/org.eclipse.core.commands_3.6.1.dist.jar:/usr/lib/eclipse/plugins/org.eclipse.equinox.registry_3.5.200.dist.jar:/usr/lib/eclipse/plugins/org.eclipse.ui.console_3.5.100.dist.jar:/usr/lib/eclipse/plugins/org.eclipse.ui.forms_3.5.200.dist.jar:/usr/lib/eclipse/plugins/org.eclipse.ui.ide_3.8.1.dist.jar:/home/travis/build/icyphy/ptII/vendors/oracle/dbxml.jar:/home/travis/build/icyphy/ptII/vendors/oracle/db.jar:/home/travis/build/icyphy/ptII/vendors/misc/itext/iText.jar:/home/travis/build/icyphy/ptII/lib/g4ltl.jar:/home/travis/build/icyphy/ptII/lib/StructuralCoder.jar:/home/travis/build/icyphy/ptII/lib/org-openide-util.jar:/home/travis/build/icyphy/ptII/lib/org-openide-util-lookup.jar:/home/travis/build/icyphy/ptII/lib/org-netbeans-api-visual.jar:/home/travis/build/icyphy/ptII/vendors/jai-1_1_2_01/lib/jai_core.jar:/home/travis/build/icyphy/ptII/vendors/jai-1_1_2_01/lib/jai_codec.jar:/home/travis/build/icyphy/ptII/lib/jcerti.jar:/home/travis/build/icyphy/ptII/lib/smack.jar:/home/travis/build/icyphy/ptII/lib/smackx.jar:/home/travis/build/icyphy/ptII/lib/jetty-all-8.1.5-v20120716.jar:/home/travis/build/icyphy/ptII/lib/javax.servlet-api-3.0.1.jar:/home/travis/build/icyphy/ptII/lib/javax.mail.jar:/home/travis/build/icyphy/ptII/vendors/JMF-2.1.1e/lib/jmf.jar:/home/travis/build/icyphy/ptII/lib/jna-4.0.0-variadic.jar:/home/travis/build/icyphy/ptII/vendors/misc/joystick/Joystick.jar:/home/travis/build/icyphy/ptII/lib/ptjacl.jar:/home/travis/build/icyphy/ptII/lib/jsoup-1.8.2.jar:/home/travis/build/icyphy/ptII/lib/junit-4.8.2.jar:/home/travis/build/icyphy/ptII/lib/JUnitParams-0.4.0.jar:/home/travis/build/icyphy/ptII/ptolemy/actor/lib/excel/jxl.jar:/home/travis/build/icyphy/ptII/lib/jython.jar:/home/travis/build/icyphy/ptII/lib/kieler.jar:/home/travis/build/icyphy/ptII/vendors/opencv/share/OpenCV/java/opencv-341.jar:/home/travis/build/icyphy/ptII/lib/oscP5.jar:/home/travis/build/icyphy/ptII/lib/nrjavaserial-3.11.0.devel.jar:/home/travis/build/icyphy/ptII/vendors/j3d/lib/j3dcore.jar:/home/travis/build/icyphy/ptII/vendors/j3d/lib/j3dutils.jar:/home/travis/build/icyphy/ptII/vendors/j3d/lib/vecmath.jar:/home/travis/build/icyphy/ptII/ptolemy/distributed/jini/jar/jini-core.jar:/home/travis/build/icyphy/ptII/ptolemy/distributed/jini/jar/jini-ext.jar:/home/travis/build/icyphy/ptII/ptolemy/distributed/jini/jar/sun-util.jar:/home/travis/build/icyphy/ptII/lib/protobuf-java-2.4.1.jar:/home/travis/build/icyphy/ptII/lib/org.eclipse.paho.client.mqttv3.jar:/home/travis/build/icyphy/ptII/ptserver/lib/hessian-4.0.7.jar:/home/travis/build/icyphy/ptII/ptserver/lib/wmqtt.jar:/home/travis/build/icyphy/ptII/lib/mapss.jar:/home/travis/build/icyphy/ptII/ptolemy/actor/ptalon/antlr/antlr.jar:/home/travis/build/icyphy/ptII/lib/JRI.jar:/home/travis/build/icyphy/ptII/lib/commons-lang-2.6.jar:/home/travis/build/icyphy/ptII/lib/commons-logging-1.1.1.jar:/home/travis/build/icyphy/ptII/lib/sootclasses.jar:/home/travis/build/icyphy/ptII/ptolemy/actor/lib/database/mysql-connector-java-5.1.6-bin.jar:/home/travis/build/icyphy/ptII/vendors/misc/sphinx4/sphinx4-data-5prealpha.jar:/home/travis/build/icyphy/ptII/vendors/misc/sphinx4/sphinx4-core-5prealpha.jar:/home/travis/build/icyphy/ptII/lib/PDFRenderer.jar:/home/travis/build/icyphy/ptII/lib/svgSalamander.jar:/home/travis/build/icyphy/ptII/lib/rsyntaxtextarea-2.6.0-SNAPSHOT.jar:/home/travis/build/icyphy/ptII/lib/hazelcast-3.8.2.jar:/home/travis/build/icyphy/ptII/lib/jackson-annotations-2.9.0.jar:/home/travis/build/icyphy/ptII/lib/jackson-core-2.9.3.jar:/home/travis/build/icyphy/ptII/lib/jackson-databind-2.9.3.jar:/home/travis/build/icyphy/ptII/lib/netty-buffer-4.1.19.Final.jar:/home/travis/build/icyphy/ptII/lib/netty-codec-4.1.19.Final.jar:/home/travis/build/icyphy/ptII/lib/netty-codec-dns-4.1.19.Final.jar:/home/travis/build/icyphy/ptII/lib/netty-codec-http-4.1.19.Final.jar:/home/travis/build/icyphy/ptII/lib/netty-codec-http2-4.1.19.Final.jar:/home/travis/build/icyphy/ptII/lib/netty-common-4.1.19.Final.jar:/home/travis/build/icyphy/ptII/lib/netty-handler-4.1.19.Final.jar:/home/travis/build/icyphy/ptII/lib/netty-resolver-4.1.19.Final.jar:/home/travis/build/icyphy/ptII/lib/netty-resolver-dns-4.1.19.Final.jar:/home/travis/build/icyphy/ptII/lib/netty-transport-4.1.19.Final.jar:/home/travis/build/icyphy/ptII/lib/vertx-codegen-3.5.1.jar:/home/travis/build/icyphy/ptII/lib/vertx-core-3.5.2-SNAPSHOT.jar:/home/travis/build/icyphy/ptII/lib/vertx-hazelcast-3.5.1.jar:/home/travis/build/icyphy/ptII/lib/vertx-lang-js-3.5.1.jar:/home/travis/build/icyphy/ptII/lib/vertx-service-proxy-3.5.1.jar:/home/travis/build/icyphy/ptII/lib/vertx-web-3.5.1.jar:/home/travis/build/icyphy/ptII/lib/slf4j-api-1.7.13.jar:/home/travis/build/icyphy/ptII/lib/slf4j-simple-1.7.13.jar:/home/travis/build/icyphy/ptII/lib/webcam-capture-0.3.12.jar:/home/travis/build/icyphy/ptII/lib/bridj-0.7.0.jar:/home/travis/build/icyphy/ptII/lib/xbjlib-1.1.0.nrjavaserial.jar:/home/travis/build/icyphy/ptII/ptolemy/moml/test:/home/travis/build/icyphy/ptII/ant/lib/ant-launcher.jar:/home/travis/build/icyphy/ptII/ant/lib/ant.jar:/home/travis/build/icyphy/ptII/ant/lib/ant-junit.jar:/home/travis/build/icyphy/ptII/ant/lib/ant-junit4.jar" />
    <property name="ant.library.dir" value="/home/travis/build/icyphy/ptII/ant/lib" />
    <property name="os.arch" value="amd64" />
    <property name="env.TRAVIS_LANGUAGE" value="node_js" />
    <property name="env.CONTINUOUS_INTEGRATION" value="true" />
    <property name="env.TRAVIS_STACK_LANGUAGES" value="__garnet__ c c++ clojure cplusplus cpp default go groovy java node_js php pure_java python ruby scala" />
    <property name="test.name" value="ptolemy.actor.lib.test.junit.JUnitTclTest" />
    <property name="sun.java.launcher" value="SUN_STANDARD" />
    <property name="env.PYTHON_CONFIGURE_OPTS" value="--enable-unicode=ucs4 --with-wide-unicode --enable-shared --enable-ipv6 --enable-loadable-sqlite-extensions --with-computed-gotos" />
    <property name="ant.core.lib" value="/home/travis/build/icyphy/ptII/ant/lib/ant.jar" />
    <property name="java.vm.specification.vendor" value="Oracle Corporation" />
    <property name="env.BCVTB_HOME" value="/home/travis/build/icyphy/ptII/lbnl" />
    <property name="file.separator" value="/" />
    <property name="java.runtime.version" value="1.8.0_151-b12" />
    <property name="spotbugs.home" value="/home/travis/build/icyphy/ptII/vendors/spotbugs-3.1.1" />
    <property name="sun.boot.class.path" value="/usr/lib/jvm/java-8-oracle/jre/lib/resources.jar:/usr/lib/jvm/java-8-oracle/jre/lib/rt.jar:/usr/lib/jvm/java-8-oracle/jre/lib/sunrsasign.jar:/usr/lib/jvm/java-8-oracle/jre/lib/jsse.jar:/usr/lib/jvm/java-8-oracle/jre/lib/jce.jar:/usr/lib/jvm/java-8-oracle/jre/lib/charsets.jar:/usr/lib/jvm/java-8-oracle/jre/lib/jfr.jar:/usr/lib/jvm/java-8-oracle/jre/classes" />
    <property name="env.HAS_JOSH_K_SEAL_OF_APPROVAL" value="true" />
    <property name="env.XDG_RUNTIME_DIR" value="/run/user/2000" />
    <property name="env.TRAVIS_OSX_IMAGE" value="" />
    <property name="env.TRAVIS_BRANCH" value="master" />
    <property name="env.TRAVIS_JOB_ID" value="410597197" />
    <property name="user.country" value="US" />
    <property name="env.CERTI_HOME_TRAVIS" value="/home/travis/pthla/certi-tools" />
    <property name="env.SHELL" value="/bin/bash" />
    <property name="java.maxmemory.large" value="5000m" />
    <property name="model" value="" />
    <property name="env.CASHER_DIR" value="/home/travis/.casher" />
    <property name="env.NVM_CD_FLAGS" value="" />
    <property name="jshint.executable" value="/home/travis/node_modules/jshint/bin/jshint" />
    <property name="java.vendor" value="Oracle Corporation" />
    <property name="env.JRUBY_OPTS" value=" --client -J-XX:+TieredCompilation -J-XX:TieredStopAtLevel=1 -J-Xss2m -Xcompile.invokedynamic=false" />
    <property name="env.TRAVIS_PRE_CHEF_BOOTSTRAP_TIME" value="2017-12-05T19:32:55" />
    <property name="env.ELIXIR_VERSION" value="1.4.5" />
    <property name="env.TRAVIS_STACK_JOB_BOARD_REGISTER" value="/.job-board-register.yml" />
    <property name="java.specification.version" value="1.8" />
    <property name="env.TRAVIS" value="true" />
    <property name="env.IRBRC" value="/home/travis/.rvm/rubies/ruby-2.4.1/.irbrc" />
    <property name="sun.arch.data.model" value="64" />
  </properties>
  <testcase classname="ptolemy.util.test.junit.TclTests" name="[0] /home/travis/build/icyphy/ptII/ptolemy/domains/pn/test/PNDirector.tcl (RunTclFile)" time="0.515" />
  <testcase classname="ptolemy.util.test.junit.TclTests" name="[1] /home/travis/build/icyphy/ptII/ptolemy/domains/pn/test/TimedPNDirector.tcl (RunTclFile)" time="0.026" />
  <testcase classname="ptolemy.util.test.junit.AutoKnownFailedTests" name="[0] ThereAreNoKnowFailedTests (RunModel)" time="0.001" />
  <testcase classname="ptolemy.util.test.junit.AutoNameArchTests" name="[0] ThereAreNoAutoArchTests (RunModel)" time="0.002" />
  <testcase classname="ptolemy.util.test.junit.AutoTests" name="[0] /home/travis/build/icyphy/ptII/ptolemy/domains/pn/test/auto/Branching-switch-PN-ptolemy-2.xml (RunModel)" time="0.116" />
  <testcase classname="ptolemy.util.test.junit.AutoTests" name="[1] /home/travis/build/icyphy/ptII/ptolemy/domains/pn/test/auto/Branching-switch-PN-ptolemy.xml (RunModel)" time="0.098" />
  <testcase classname="ptolemy.util.test.junit.AutoTests" name="[2] /home/travis/build/icyphy/ptII/ptolemy/domains/pn/test/auto/BrockAckermanTest.xml (RunModel)" time="0.361" />
  <testcase classname="ptolemy.util.test.junit.AutoTests" name="[3] /home/travis/build/icyphy/ptII/ptolemy/domains/pn/test/auto/CounterMachine.xml (RunModel)" time="1.23" />
  <testcase classname="ptolemy.util.test.junit.AutoTests" name="[4] /home/travis/build/icyphy/ptII/ptolemy/domains/pn/test/auto/CounterMachine1.xml (RunModel)" time="1.332" />
  <testcase classname="ptolemy.util.test.junit.AutoTests" name="[5] /home/travis/build/icyphy/ptII/ptolemy/domains/pn/test/auto/CounterMachineWithException.xml (RunModel)" time="0.739" />
  <testcase classname="ptolemy.util.test.junit.AutoTests" name="[6] /home/travis/build/icyphy/ptII/ptolemy/domains/pn/test/auto/FinalState.xml (RunModel)" time="0.096" />
  <testcase classname="ptolemy.util.test.junit.AutoTests" name="[7] /home/travis/build/icyphy/ptII/ptolemy/domains/pn/test/auto/FourExpressions.xml (RunModel)" time="0.034" />
  <testcase classname="ptolemy.util.test.junit.AutoTests" name="[8] /home/travis/build/icyphy/ptII/ptolemy/domains/pn/test/auto/Identity.xml (RunModel)" time="0.077" />
  <testcase classname="ptolemy.util.test.junit.AutoTests" name="[9] /home/travis/build/icyphy/ptII/ptolemy/domains/pn/test/auto/IdentityWithFeedback.xml (RunModel)" time="0.049" />
  <testcase classname="ptolemy.util.test.junit.AutoTests" name="[10] /home/travis/build/icyphy/ptII/ptolemy/domains/pn/test/auto/NondeterministicMergeTest.xml (RunModel)" time="0.074" />
  <testcase classname="ptolemy.util.test.junit.AutoTests" name="[11] /home/travis/build/icyphy/ptII/ptolemy/domains/pn/test/auto/OrderedMerge.xml (RunModel)" time="0.168" />
  <testcase classname="ptolemy.util.test.junit.AutoTests" name="[12] /home/travis/build/icyphy/ptII/ptolemy/domains/pn/test/auto/PNAbstractReceiverTest.xml (RunModel)" time="0.03" />
  <testcase classname="ptolemy.util.test.junit.AutoTests" name="[13] /home/travis/build/icyphy/ptII/ptolemy/domains/pn/test/auto/QR.xml (RunModel)" time="0.064" />
  <testcase classname="ptolemy.util.test.junit.AutoTests" name="[14] /home/travis/build/icyphy/ptII/ptolemy/domains/pn/test/auto/RemoveNilTokens.xml (RunModel)" time="0.061" />
  <testcase classname="ptolemy.util.test.junit.AutoTests" name="[15] /home/travis/build/icyphy/ptII/ptolemy/domains/pn/test/auto/Stack.xml (RunModel)" time="0.221" />
  <testcase classname="ptolemy.util.test.junit.AutoTests" name="[16] /home/travis/build/icyphy/ptII/ptolemy/domains/pn/test/auto/TestRemoveNilTokens.xml (RunModel)" time="0.038" />
  <testcase classname="ptolemy.util.test.junit.AutoTests" name="[17] /home/travis/build/icyphy/ptII/ptolemy/domains/pn/test/auto/TestSeq2Array.xml (RunModel)" time="0.039" />
  <testcase classname="ptolemy.util.test.junit.AutoTests" name="[18] /home/travis/build/icyphy/ptII/ptolemy/domains/pn/test/auto/TrivialIdentity.xml (RunModel)" time="0.034" />
  <testcase classname="ptolemy.util.test.junit.AutoTests" name="[19] /home/travis/build/icyphy/ptII/ptolemy/domains/pn/test/auto/WidthInferenceTest1.xml (RunModel)" time="0.044" />
  <testcase classname="ptolemy.util.test.junit.AutoTests" name="[20] /home/travis/build/icyphy/ptII/ptolemy/domains/pn/test/auto/WidthInferenceTest2.xml (RunModel)" time="0.032" />
  <testcase classname="ptolemy.util.test.junit.AutoTests" name="[21] /home/travis/build/icyphy/ptII/ptolemy/domains/pn/test/auto/WidthInferenceTest3.xml (RunModel)" time="0.056" />
  <testcase classname="ptolemy.util.test.junit.AutoTests" name="[22] /home/travis/build/icyphy/ptII/ptolemy/domains/pn/test/auto/WidthInferenceTest4.xml (RunModel)" time="0.062" />
  <testcase classname="ptolemy.util.test.junit.AutoTests" name="[23] /home/travis/build/icyphy/ptII/ptolemy/domains/pn/test/auto/WidthInferenceTest5.xml (RunModel)" time="0.054" />
  <testcase classname="ptolemy.util.test.junit.AutoTests" name="[24] /home/travis/build/icyphy/ptII/ptolemy/domains/pn/test/auto/controlled_kahnnet.xml (RunModel)" time="0.018" />
  <testcase classname="ptolemy.util.test.junit.AutoTests" name="[25] /home/travis/build/icyphy/ptII/ptolemy/domains/pn/test/auto/demandDriven.xml (RunModel)" time="0.014" />
  <testcase classname="ptolemy.util.test.junit.AutoTests" name="[26] /home/travis/build/icyphy/ptII/ptolemy/domains/pn/test/auto/feedback.xml (RunModel)" time="0.016" />
  <testcase classname="ptolemy.util.test.junit.AutoTests" name="[27] /home/travis/build/icyphy/ptII/ptolemy/domains/pn/test/auto/helloWorld.xml (RunModel)" time="0.013" />
  <testcase classname="ptolemy.util.test.junit.AutoTests" name="[28] /home/travis/build/icyphy/ptII/ptolemy/domains/pn/test/auto/helloWorld2.xml (RunModel)" time="0.029" />
  <testcase classname="ptolemy.util.test.junit.AutoTests" name="[29] /home/travis/build/icyphy/ptII/ptolemy/domains/pn/test/auto/noOutput.xml (RunModel)" time="0.045" />
  <testcase classname="ptolemy.util.test.junit.AutoTests" name="[30] /home/travis/build/icyphy/ptII/ptolemy/domains/pn/test/auto/relationGroup.xml (RunModel)" time="0.032" />
  <testcase classname="ptolemy.util.test.junit.AutoTests" name="[31] /home/travis/build/icyphy/ptII/ptolemy/domains/pn/test/auto/relationGroup2.xml (RunModel)" time="0.012" />
  <testcase classname="ptolemy.util.test.junit.AutoTests" name="[32] /home/travis/build/icyphy/ptII/ptolemy/domains/pn/test/auto/relationGroup3.xml (RunModel)" time="0.015" />
  <testcase classname="ptolemy.util.test.junit.AutoTests" name="[33] /home/travis/build/icyphy/ptII/ptolemy/domains/pn/test/auto/relationGroup4.xml (RunModel)" time="0.011" />
  <testcase classname="ptolemy.util.test.junit.AutoTests" name="[34] /home/travis/build/icyphy/ptII/ptolemy/domains/pn/test/auto/relationGroup5.xml (RunModel)" time="0.01" />
  <testcase classname="ptolemy.util.test.junit.AutoTests" name="[35] /home/travis/build/icyphy/ptII/ptolemy/domains/pn/test/auto/relationGroup6.xml (RunModel)" time="0.017" />
  <testcase classname="ptolemy.util.test.junit.AutoTests" name="[36] /home/travis/build/icyphy/ptII/ptolemy/domains/pn/test/auto/relationGroup7.xml (RunModel)" time="0.011" />
  <testcase classname="ptolemy.util.test.junit.AutoTests" name="[37] /home/travis/build/icyphy/ptII/ptolemy/domains/pn/test/auto/relationGroup8.xml (RunModel)" time="0.018" />
  <testcase classname="ptolemy.util.test.junit.AutoTests" name="[38] /home/travis/build/icyphy/ptII/ptolemy/domains/pn/test/auto/widthTest.xml (RunModel)" time="0.036" />
  <system-out><![CDATA[/home/travis/build/icyphy/ptII/ptolemy/domains/pn/test/PNDirector.tcl
testDefs.tcl: setting time out to 9000 seconds at Wed Aug 01 01:49:18 UTC 2018
78 ms. Memory: 116224K Free: 85982K (74%)
14 ms. Memory: 116224K Free: 106152K (91%)
/home/travis/build/icyphy/ptII/ptolemy/domains/pn/test/TimedPNDirector.tcl


==== $PTII/ptolemy/domains/pn/test/TimedPNDirector.tcl: TimedPNDirector-6.1 Test an application
==== Contents of test case:


    set e0 [java::new ptolemy.actor.TypedCompositeActor]
    set manager [java::new ptolemy.actor.Manager]
    set director [java::new ptolemy.domains.pn.kernel.TimedPNDirector]
    $e0 setDirector $director
    $e0 setName top
    $e0 setManager $manager

    # FIXME: why doesn't the getParameter option work.
    set ramp [java::new ptolemy.actor.lib.Ramp $e0 ramp]
    set param [java::cast ptolemy.data.expr.Parameter  [$ramp getAttribute  firingCountLimit]]
    $param setExpression 20

    set rec [java::new ptolemy.actor.lib.Recorder $e0 rec]
    $e0 connect  [java::field [java::cast ptolemy.actor.lib.Source $ramp] output]  [java::field [java::cast ptolemy.actor.lib.Sink $rec] input]

    error "Running this test sometimes causes an endless loop" 

#    [$e0 getManager] execute
#    enumToTokenValues [$rec getRecord 0]


.... Test generated KNOWN error:
Running this test sometimes causes an endless loop
    while executing
"error "Running this test sometimes causes an endless loop" "
    ("uplevel" body line 18)
    invoked from within
"uplevel $contents_of_test"
08/01/18 01:49:19
Failed: 0  Total Tests: 3  ((Passed: 2, Newly Passed: 0)  Known Failed: 1) /home/travis/build/icyphy/ptII/ptolemy/domains/pn/test
No auto/knownFailedTests/*.xml tests in /home/travis/build/icyphy/ptII/ptolemy/domains/pn/test
No auto/linux-amd64/*.xml tests in /home/travis/build/icyphy/ptII/ptolemy/domains/pn/test
AutoTests.java: About to close Vertx.
AutoTests.java: Vertx closed.

===========================================================================================
----------------- testing Wed Aug 01 01:49:19 UTC 2018 /home/travis/build/icyphy/ptII/ptolemy/domains/pn/test/auto/Branching-switch-PN-ptolemy-2.xml
----------------- Instantiating /home/travis/build/icyphy/ptII/ptolemy/domains/pn/test/auto/Branching-switch-PN-ptolemy-2.xml
19 ms. Memory: 146944K Free: 125670K (86%)
----------------- Invoking toplevel() on ptolemy.moml.MoMLSimpleApplication@5014a97a
----------------- Done invoking toplevel() on ptolemy.moml.MoMLSimpleApplication@5014a97a
reloadAllAccessors: .Branching-switch-PN-ptolemy-2

===========================================================================================
----------------- testing Wed Aug 01 01:49:19 UTC 2018 /home/travis/build/icyphy/ptII/ptolemy/domains/pn/test/auto/Branching-switch-PN-ptolemy.xml
----------------- Instantiating /home/travis/build/icyphy/ptII/ptolemy/domains/pn/test/auto/Branching-switch-PN-ptolemy.xml
50 ms. Memory: 146944K Free: 112133K (76%)
----------------- Invoking toplevel() on ptolemy.moml.MoMLSimpleApplication@10d21e3e
----------------- Done invoking toplevel() on ptolemy.moml.MoMLSimpleApplication@10d21e3e
reloadAllAccessors: .Branching-switch-PN-ptolemy

===========================================================================================
----------------- testing Wed Aug 01 01:49:19 UTC 2018 /home/travis/build/icyphy/ptII/ptolemy/domains/pn/test/auto/BrockAckermanTest.xml
----------------- Instantiating /home/travis/build/icyphy/ptII/ptolemy/domains/pn/test/auto/BrockAckermanTest.xml
236 ms. Memory: 146944K Free: 91346K (62%)
----------------- Invoking toplevel() on ptolemy.moml.MoMLSimpleApplication@7940fa96
----------------- Done invoking toplevel() on ptolemy.moml.MoMLSimpleApplication@7940fa96
reloadAllAccessors: .BrockAckermanTest

===========================================================================================
----------------- testing Wed Aug 01 01:49:19 UTC 2018 /home/travis/build/icyphy/ptII/ptolemy/domains/pn/test/auto/CounterMachine.xml
----------------- Instantiating /home/travis/build/icyphy/ptII/ptolemy/domains/pn/test/auto/CounterMachine.xml
658 ms. Memory: 208384K Free: 83266K (40%)
----------------- Invoking toplevel() on ptolemy.moml.MoMLSimpleApplication@1f12c2b7
----------------- Done invoking toplevel() on ptolemy.moml.MoMLSimpleApplication@1f12c2b7
reloadAllAccessors: .CounterMachine

===========================================================================================
----------------- testing Wed Aug 01 01:49:21 UTC 2018 /home/travis/build/icyphy/ptII/ptolemy/domains/pn/test/auto/CounterMachine1.xml
----------------- Instantiating /home/travis/build/icyphy/ptII/ptolemy/domains/pn/test/auto/CounterMachine1.xml
924 ms. Memory: 332288K Free: 247950K (75%)
----------------- Invoking toplevel() on ptolemy.moml.MoMLSimpleApplication@5c422496
----------------- Done invoking toplevel() on ptolemy.moml.MoMLSimpleApplication@5c422496
reloadAllAccessors: .CounterMachine1

===========================================================================================
----------------- testing Wed Aug 01 01:49:22 UTC 2018 /home/travis/build/icyphy/ptII/ptolemy/domains/pn/test/auto/CounterMachineWithException.xml
----------------- Instantiating /home/travis/build/icyphy/ptII/ptolemy/domains/pn/test/auto/CounterMachineWithException.xml
386 ms. Memory: 332800K Free: 292332K (88%)
----------------- Invoking toplevel() on ptolemy.moml.MoMLSimpleApplication@4537d78d
----------------- Done invoking toplevel() on ptolemy.moml.MoMLSimpleApplication@4537d78d
reloadAllAccessors: .CounterMachineWithException

===========================================================================================
----------------- testing Wed Aug 01 01:49:23 UTC 2018 /home/travis/build/icyphy/ptII/ptolemy/domains/pn/test/auto/FinalState.xml
----------------- Instantiating /home/travis/build/icyphy/ptII/ptolemy/domains/pn/test/auto/FinalState.xml
7 ms. Memory: 332800K Free: 283388K (85%)
----------------- Invoking toplevel() on ptolemy.moml.MoMLSimpleApplication@16a87db6
----------------- Done invoking toplevel() on ptolemy.moml.MoMLSimpleApplication@16a87db6
reloadAllAccessors: .FinalState

===========================================================================================
----------------- testing Wed Aug 01 01:49:23 UTC 2018 /home/travis/build/icyphy/ptII/ptolemy/domains/pn/test/auto/FourExpressions.xml
----------------- Instantiating /home/travis/build/icyphy/ptII/ptolemy/domains/pn/test/auto/FourExpressions.xml
13 ms. Memory: 332800K Free: 276378K (83%)
----------------- Invoking toplevel() on ptolemy.moml.MoMLSimpleApplication@395e599a
----------------- Done invoking toplevel() on ptolemy.moml.MoMLSimpleApplication@395e599a
reloadAllAccessors: .FourExpressions

===========================================================================================
----------------- testing Wed Aug 01 01:49:23 UTC 2018 /home/travis/build/icyphy/ptII/ptolemy/domains/pn/test/auto/Identity.xml
----------------- Instantiating /home/travis/build/icyphy/ptII/ptolemy/domains/pn/test/auto/Identity.xml
37 ms. Memory: 332800K Free: 270502K (81%)
----------------- Invoking toplevel() on ptolemy.moml.MoMLSimpleApplication@74dd7c37
----------------- Done invoking toplevel() on ptolemy.moml.MoMLSimpleApplication@74dd7c37
reloadAllAccessors: .Identity

===========================================================================================
----------------- testing Wed Aug 01 01:49:23 UTC 2018 /home/travis/build/icyphy/ptII/ptolemy/domains/pn/test/auto/IdentityWithFeedback.xml
----------------- Instantiating /home/travis/build/icyphy/ptII/ptolemy/domains/pn/test/auto/IdentityWithFeedback.xml
24 ms. Memory: 332800K Free: 266158K (80%)
----------------- Invoking toplevel() on ptolemy.moml.MoMLSimpleApplication@73d5ce3c
----------------- Done invoking toplevel() on ptolemy.moml.MoMLSimpleApplication@73d5ce3c
reloadAllAccessors: .IdentityWithFeedback

===========================================================================================
----------------- testing Wed Aug 01 01:49:23 UTC 2018 /home/travis/build/icyphy/ptII/ptolemy/domains/pn/test/auto/NondeterministicMergeTest.xml
----------------- Instantiating /home/travis/build/icyphy/ptII/ptolemy/domains/pn/test/auto/NondeterministicMergeTest.xml
41 ms. Memory: 332800K Free: 260377K (78%)
----------------- Invoking toplevel() on ptolemy.moml.MoMLSimpleApplication@16d48032
----------------- Done invoking toplevel() on ptolemy.moml.MoMLSimpleApplication@16d48032
reloadAllAccessors: .NondeterministicMergeTest

===========================================================================================
----------------- testing Wed Aug 01 01:49:23 UTC 2018 /home/travis/build/icyphy/ptII/ptolemy/domains/pn/test/auto/OrderedMerge.xml
----------------- Instantiating /home/travis/build/icyphy/ptII/ptolemy/domains/pn/test/auto/OrderedMerge.xml
120 ms. Memory: 332800K Free: 249169K (75%)
----------------- Invoking toplevel() on ptolemy.moml.MoMLSimpleApplication@7c0e918f
----------------- Done invoking toplevel() on ptolemy.moml.MoMLSimpleApplication@7c0e918f
reloadAllAccessors: .OrderedMerge

===========================================================================================
----------------- testing Wed Aug 01 01:49:23 UTC 2018 /home/travis/build/icyphy/ptII/ptolemy/domains/pn/test/auto/PNAbstractReceiverTest.xml
----------------- Instantiating /home/travis/build/icyphy/ptII/ptolemy/domains/pn/test/auto/PNAbstractReceiverTest.xml
5 ms. Memory: 332800K Free: 246008K (74%)
----------------- Invoking toplevel() on ptolemy.moml.MoMLSimpleApplication@2ad2b3ae
----------------- Done invoking toplevel() on ptolemy.moml.MoMLSimpleApplication@2ad2b3ae
reloadAllAccessors: .PNAbstractReceiverTest

===========================================================================================
----------------- testing Wed Aug 01 01:49:23 UTC 2018 /home/travis/build/icyphy/ptII/ptolemy/domains/pn/test/auto/QR.xml
----------------- Instantiating /home/travis/build/icyphy/ptII/ptolemy/domains/pn/test/auto/QR.xml
21 ms. Memory: 332800K Free: 236672K (71%)
----------------- Invoking toplevel() on ptolemy.moml.MoMLSimpleApplication@aab01cf
----------------- Done invoking toplevel() on ptolemy.moml.MoMLSimpleApplication@aab01cf
reloadAllAccessors: .QR

===========================================================================================
----------------- testing Wed Aug 01 01:49:23 UTC 2018 /home/travis/build/icyphy/ptII/ptolemy/domains/pn/test/auto/RemoveNilTokens.xml
----------------- Instantiating /home/travis/build/icyphy/ptII/ptolemy/domains/pn/test/auto/RemoveNilTokens.xml
24 ms. Memory: 332800K Free: 228581K (69%)
----------------- Invoking toplevel() on ptolemy.moml.MoMLSimpleApplication@7552ddc6
----------------- Done invoking toplevel() on ptolemy.moml.MoMLSimpleApplication@7552ddc6
reloadAllAccessors: .RemoveNilTokens

===========================================================================================
----------------- testing Wed Aug 01 01:49:23 UTC 2018 /home/travis/build/icyphy/ptII/ptolemy/domains/pn/test/auto/Stack.xml
----------------- Instantiating /home/travis/build/icyphy/ptII/ptolemy/domains/pn/test/auto/Stack.xml
154 ms. Memory: 332800K Free: 206625K (62%)
----------------- Invoking toplevel() on ptolemy.moml.MoMLSimpleApplication@68945c47
----------------- Done invoking toplevel() on ptolemy.moml.MoMLSimpleApplication@68945c47
reloadAllAccessors: .Stack

===========================================================================================
----------------- testing Wed Aug 01 01:49:24 UTC 2018 /home/travis/build/icyphy/ptII/ptolemy/domains/pn/test/auto/TestRemoveNilTokens.xml
----------------- Instantiating /home/travis/build/icyphy/ptII/ptolemy/domains/pn/test/auto/TestRemoveNilTokens.xml
16 ms. Memory: 332800K Free: 200260K (60%)
----------------- Invoking toplevel() on ptolemy.moml.MoMLSimpleApplication@23f99ed8
----------------- Done invoking toplevel() on ptolemy.moml.MoMLSimpleApplication@23f99ed8
reloadAllAccessors: .TestRemoveNilTokens

===========================================================================================
----------------- testing Wed Aug 01 01:49:24 UTC 2018 /home/travis/build/icyphy/ptII/ptolemy/domains/pn/test/auto/TestSeq2Array.xml
----------------- Instantiating /home/travis/build/icyphy/ptII/ptolemy/domains/pn/test/auto/TestSeq2Array.xml
10 ms. Memory: 332800K Free: 194045K (58%)
----------------- Invoking toplevel() on ptolemy.moml.MoMLSimpleApplication@24b0112f
----------------- Done invoking toplevel() on ptolemy.moml.MoMLSimpleApplication@24b0112f
reloadAllAccessors: .TestSeq2Array

===========================================================================================
----------------- testing Wed Aug 01 01:49:24 UTC 2018 /home/travis/build/icyphy/ptII/ptolemy/domains/pn/test/auto/TrivialIdentity.xml
----------------- Instantiating /home/travis/build/icyphy/ptII/ptolemy/domains/pn/test/auto/TrivialIdentity.xml
11 ms. Memory: 332800K Free: 189462K (57%)
----------------- Invoking toplevel() on ptolemy.moml.MoMLSimpleApplication@504dc6e8
----------------- Done invoking toplevel() on ptolemy.moml.MoMLSimpleApplication@504dc6e8
reloadAllAccessors: .TrivialIdentity

===========================================================================================
----------------- testing Wed Aug 01 01:49:24 UTC 2018 /home/travis/build/icyphy/ptII/ptolemy/domains/pn/test/auto/WidthInferenceTest1.xml
----------------- Instantiating /home/travis/build/icyphy/ptII/ptolemy/domains/pn/test/auto/WidthInferenceTest1.xml
10 ms. Memory: 332800K Free: 183715K (55%)
----------------- Invoking toplevel() on ptolemy.moml.MoMLSimpleApplication@e0543de
----------------- Done invoking toplevel() on ptolemy.moml.MoMLSimpleApplication@e0543de
reloadAllAccessors: .1

===========================================================================================
----------------- testing Wed Aug 01 01:49:24 UTC 2018 /home/travis/build/icyphy/ptII/ptolemy/domains/pn/test/auto/WidthInferenceTest2.xml
----------------- Instantiating /home/travis/build/icyphy/ptII/ptolemy/domains/pn/test/auto/WidthInferenceTest2.xml
9 ms. Memory: 332800K Free: 178472K (54%)
----------------- Invoking toplevel() on ptolemy.moml.MoMLSimpleApplication@3d0651e0
----------------- Done invoking toplevel() on ptolemy.moml.MoMLSimpleApplication@3d0651e0
reloadAllAccessors: .2

===========================================================================================
----------------- testing Wed Aug 01 01:49:24 UTC 2018 /home/travis/build/icyphy/ptII/ptolemy/domains/pn/test/auto/WidthInferenceTest3.xml
----------------- Instantiating /home/travis/build/icyphy/ptII/ptolemy/domains/pn/test/auto/WidthInferenceTest3.xml
20 ms. Memory: 332800K Free: 164854K (50%)
----------------- Invoking toplevel() on ptolemy.moml.MoMLSimpleApplication@9e2b610
----------------- Done invoking toplevel() on ptolemy.moml.MoMLSimpleApplication@9e2b610
reloadAllAccessors: .3

===========================================================================================
----------------- testing Wed Aug 01 01:49:24 UTC 2018 /home/travis/build/icyphy/ptII/ptolemy/domains/pn/test/auto/WidthInferenceTest4.xml
----------------- Instantiating /home/travis/build/icyphy/ptII/ptolemy/domains/pn/test/auto/WidthInferenceTest4.xml
19 ms. Memory: 332800K Free: 153090K (46%)
----------------- Invoking toplevel() on ptolemy.moml.MoMLSimpleApplication@148a1f75
----------------- Done invoking toplevel() on ptolemy.moml.MoMLSimpleApplication@148a1f75
reloadAllAccessors: .WidthInferenceTest4

===========================================================================================
----------------- testing Wed Aug 01 01:49:24 UTC 2018 /home/travis/build/icyphy/ptII/ptolemy/domains/pn/test/auto/WidthInferenceTest5.xml
----------------- Instantiating /home/travis/build/icyphy/ptII/ptolemy/domains/pn/test/auto/WidthInferenceTest5.xml
23 ms. Memory: 332800K Free: 140595K (42%)
----------------- Invoking toplevel() on ptolemy.moml.MoMLSimpleApplication@3c8fd435
----------------- Done invoking toplevel() on ptolemy.moml.MoMLSimpleApplication@3c8fd435
reloadAllAccessors: .WidthInferenceTest5

===========================================================================================
----------------- testing Wed Aug 01 01:49:24 UTC 2018 /home/travis/build/icyphy/ptII/ptolemy/domains/pn/test/auto/controlled_kahnnet.xml
----------------- Instantiating /home/travis/build/icyphy/ptII/ptolemy/domains/pn/test/auto/controlled_kahnnet.xml
5 ms. Memory: 332800K Free: 136567K (41%)
----------------- Invoking toplevel() on ptolemy.moml.MoMLSimpleApplication@4e682e0f
----------------- Done invoking toplevel() on ptolemy.moml.MoMLSimpleApplication@4e682e0f
reloadAllAccessors: .controlled_kahnnet

===========================================================================================
----------------- testing Wed Aug 01 01:49:24 UTC 2018 /home/travis/build/icyphy/ptII/ptolemy/domains/pn/test/auto/demandDriven.xml
----------------- Instantiating /home/travis/build/icyphy/ptII/ptolemy/domains/pn/test/auto/demandDriven.xml
4 ms. Memory: 332800K Free: 133101K (40%)
----------------- Invoking toplevel() on ptolemy.moml.MoMLSimpleApplication@49dcd831
----------------- Done invoking toplevel() on ptolemy.moml.MoMLSimpleApplication@49dcd831
reloadAllAccessors: .demandDriven

===========================================================================================
----------------- testing Wed Aug 01 01:49:24 UTC 2018 /home/travis/build/icyphy/ptII/ptolemy/domains/pn/test/auto/feedback.xml
----------------- Instantiating /home/travis/build/icyphy/ptII/ptolemy/domains/pn/test/auto/feedback.xml
3 ms. Memory: 332800K Free: 129722K (39%)
----------------- Invoking toplevel() on ptolemy.moml.MoMLSimpleApplication@227add70
----------------- Done invoking toplevel() on ptolemy.moml.MoMLSimpleApplication@227add70
reloadAllAccessors: .feedback

===========================================================================================
----------------- testing Wed Aug 01 01:49:24 UTC 2018 /home/travis/build/icyphy/ptII/ptolemy/domains/pn/test/auto/helloWorld.xml
----------------- Instantiating /home/travis/build/icyphy/ptII/ptolemy/domains/pn/test/auto/helloWorld.xml
2 ms. Memory: 332800K Free: 127776K (38%)
----------------- Invoking toplevel() on ptolemy.moml.MoMLSimpleApplication@399e7f85
----------------- Done invoking toplevel() on ptolemy.moml.MoMLSimpleApplication@399e7f85
reloadAllAccessors: .helloWorld

===========================================================================================
----------------- testing Wed Aug 01 01:49:24 UTC 2018 /home/travis/build/icyphy/ptII/ptolemy/domains/pn/test/auto/helloWorld2.xml
----------------- Instantiating /home/travis/build/icyphy/ptII/ptolemy/domains/pn/test/auto/helloWorld2.xml
17 ms. Memory: 332800K Free: 122633K (37%)
----------------- Invoking toplevel() on ptolemy.moml.MoMLSimpleApplication@70b8bdec
----------------- Done invoking toplevel() on ptolemy.moml.MoMLSimpleApplication@70b8bdec
reloadAllAccessors: .helloWorld2

===========================================================================================
----------------- testing Wed Aug 01 01:49:24 UTC 2018 /home/travis/build/icyphy/ptII/ptolemy/domains/pn/test/auto/noOutput.xml
----------------- Instantiating /home/travis/build/icyphy/ptII/ptolemy/domains/pn/test/auto/noOutput.xml
29 ms. Memory: 332800K Free: 118635K (36%)
----------------- Invoking toplevel() on ptolemy.moml.MoMLSimpleApplication@3dca080
----------------- Done invoking toplevel() on ptolemy.moml.MoMLSimpleApplication@3dca080
reloadAllAccessors: .noOutput

===========================================================================================
----------------- testing Wed Aug 01 01:49:24 UTC 2018 /home/travis/build/icyphy/ptII/ptolemy/domains/pn/test/auto/relationGroup.xml
----------------- Instantiating /home/travis/build/icyphy/ptII/ptolemy/domains/pn/test/auto/relationGroup.xml
16 ms. Memory: 332800K Free: 116233K (35%)
----------------- Invoking toplevel() on ptolemy.moml.MoMLSimpleApplication@89dbf20
----------------- Done invoking toplevel() on ptolemy.moml.MoMLSimpleApplication@89dbf20
reloadAllAccessors: .relationGroup

===========================================================================================
----------------- testing Wed Aug 01 01:49:24 UTC 2018 /home/travis/build/icyphy/ptII/ptolemy/domains/pn/test/auto/relationGroup2.xml
----------------- Instantiating /home/travis/build/icyphy/ptII/ptolemy/domains/pn/test/auto/relationGroup2.xml
3 ms. Memory: 332800K Free: 114218K (34%)
----------------- Invoking toplevel() on ptolemy.moml.MoMLSimpleApplication@2c675e9
----------------- Done invoking toplevel() on ptolemy.moml.MoMLSimpleApplication@2c675e9
reloadAllAccessors: .relationGroup2

===========================================================================================
----------------- testing Wed Aug 01 01:49:24 UTC 2018 /home/travis/build/icyphy/ptII/ptolemy/domains/pn/test/auto/relationGroup3.xml
----------------- Instantiating /home/travis/build/icyphy/ptII/ptolemy/domains/pn/test/auto/relationGroup3.xml
2 ms. Memory: 332800K Free: 112249K (34%)
----------------- Invoking toplevel() on ptolemy.moml.MoMLSimpleApplication@5d708be7
----------------- Done invoking toplevel() on ptolemy.moml.MoMLSimpleApplication@5d708be7
reloadAllAccessors: .relationGroup3

===========================================================================================
----------------- testing Wed Aug 01 01:49:24 UTC 2018 /home/travis/build/icyphy/ptII/ptolemy/domains/pn/test/auto/relationGroup4.xml
----------------- Instantiating /home/travis/build/icyphy/ptII/ptolemy/domains/pn/test/auto/relationGroup4.xml
4 ms. Memory: 332800K Free: 108977K (33%)
----------------- Invoking toplevel() on ptolemy.moml.MoMLSimpleApplication@66c9cb74
----------------- Done invoking toplevel() on ptolemy.moml.MoMLSimpleApplication@66c9cb74
reloadAllAccessors: .relationGroup4

===========================================================================================
----------------- testing Wed Aug 01 01:49:24 UTC 2018 /home/travis/build/icyphy/ptII/ptolemy/domains/pn/test/auto/relationGroup5.xml
----------------- Instantiating /home/travis/build/icyphy/ptII/ptolemy/domains/pn/test/auto/relationGroup5.xml
3 ms. Memory: 332800K Free: 107071K (32%)
----------------- Invoking toplevel() on ptolemy.moml.MoMLSimpleApplication@6632598a
----------------- Done invoking toplevel() on ptolemy.moml.MoMLSimpleApplication@6632598a
reloadAllAccessors: .relationGroup5

===========================================================================================
----------------- testing Wed Aug 01 01:49:24 UTC 2018 /home/travis/build/icyphy/ptII/ptolemy/domains/pn/test/auto/relationGroup6.xml
----------------- Instantiating /home/travis/build/icyphy/ptII/ptolemy/domains/pn/test/auto/relationGroup6.xml
3 ms. Memory: 332800K Free: 104471K (31%)
----------------- Invoking toplevel() on ptolemy.moml.MoMLSimpleApplication@14c13b26
----------------- Done invoking toplevel() on ptolemy.moml.MoMLSimpleApplication@14c13b26
reloadAllAccessors: .relationGroup6

===========================================================================================
----------------- testing Wed Aug 01 01:49:24 UTC 2018 /home/travis/build/icyphy/ptII/ptolemy/domains/pn/test/auto/relationGroup7.xml
----------------- Instantiating /home/travis/build/icyphy/ptII/ptolemy/domains/pn/test/auto/relationGroup7.xml
3 ms. Memory: 332800K Free: 101699K (31%)
----------------- Invoking toplevel() on ptolemy.moml.MoMLSimpleApplication@61d5a257
----------------- Done invoking toplevel() on ptolemy.moml.MoMLSimpleApplication@61d5a257
reloadAllAccessors: .relationGroup7

===========================================================================================
----------------- testing Wed Aug 01 01:49:24 UTC 2018 /home/travis/build/icyphy/ptII/ptolemy/domains/pn/test/auto/relationGroup8.xml
----------------- Instantiating /home/travis/build/icyphy/ptII/ptolemy/domains/pn/test/auto/relationGroup8.xml
6 ms. Memory: 332800K Free: 98604K (30%)
----------------- Invoking toplevel() on ptolemy.moml.MoMLSimpleApplication@6a7aa72a
----------------- Done invoking toplevel() on ptolemy.moml.MoMLSimpleApplication@6a7aa72a
reloadAllAccessors: .relationGroup8

===========================================================================================
----------------- testing Wed Aug 01 01:49:24 UTC 2018 /home/travis/build/icyphy/ptII/ptolemy/domains/pn/test/auto/widthTest.xml
----------------- Instantiating /home/travis/build/icyphy/ptII/ptolemy/domains/pn/test/auto/widthTest.xml
10 ms. Memory: 332800K Free: 93487K (28%)
----------------- Invoking toplevel() on ptolemy.moml.MoMLSimpleApplication@17a208fe
----------------- Done invoking toplevel() on ptolemy.moml.MoMLSimpleApplication@17a208fe
reloadAllAccessors: .widthTest
AutoTests.java: About to close Vertx.
AutoTests.java: Vertx closed.
]]></system-out>
  <system-err><![CDATA[java.lang.RuntimeException: Execution failed
	at ptolemy.moml.MoMLSimpleApplication$UnloadThread.run(MoMLSimpleApplication.java:402)
Caused by: ptolemy.kernel.util.IllegalActionException: At the current time, process-oriented domains (PN and CSP) cannot be nested inside firing-based domains (SDF, DE, CT, etc.).
  in .PNInsideDE.CompositeActor.port
Because:
ptolemy.domains.de.kernel.DEReceiver cannot be cast to ptolemy.actor.process.ProcessReceiver
	at ptolemy.actor.process.BranchController.addBranches(BranchController.java:182)
	at ptolemy.actor.process.CompositeProcessDirector.createBranchController(CompositeProcessDirector.java:221)
	at ptolemy.actor.process.CompositeProcessDirector.initialize(CompositeProcessDirector.java:289)
	at ptolemy.domains.pn.kernel.PNDirector.initialize(PNDirector.java:241)
	at ptolemy.actor.CompositeActor.initialize(CompositeActor.java:935)
	at ptolemy.actor.Director.initialize(Director.java:938)
	at ptolemy.actor.Director.initialize(Director.java:907)
	at ptolemy.domains.de.kernel.DEDirector.initialize(DEDirector.java:944)
	at ptolemy.actor.CompositeActor.initialize(CompositeActor.java:935)
	at ptolemy.actor.Manager.initialize(Manager.java:724)
	at ptolemy.actor.Manager.execute(Manager.java:356)
	at ptolemy.actor.Manager.run(Manager.java:1263)
	at ptolemy.actor.Manager$PtolemyRunThread.run(Manager.java:1915)
Caused by: java.lang.ClassCastException: ptolemy.domains.de.kernel.DEReceiver cannot be cast to ptolemy.actor.process.ProcessReceiver
	at ptolemy.actor.process.BranchController.addBranches(BranchController.java:178)
	... 12 more
Warning: '.RemoveNilTokens.Test2' The test produced only 7 tokens, yet the correctValues parameter was expecting 8 tokens.
Warning: '.RemoveNilTokens.Test' The test produced only 9 tokens, yet the correctValues parameter was expecting 13 tokens.
]]></system-err>
</testsuite>
