<?xml version="1.0" encoding="UTF-8" ?>
<testsuite errors="0" failures="1" hostname="travis-job-c4e3615f-38de-48c4-b33b-3286490c0c40" name="ptolemy.actor.lib.test.junit.JUnitTclTest" skipped="0" tests="517" time="64.918" timestamp="2019-09-05T05:42:01">
  <properties>
    <property name="npm.executable" value="npm" />
    <property name="env.TRAVIS_ROOT" value="/" />
    <property name="ptII.mk.exists" value="true" />
    <property name="env.TRAVIS_APP_HOST" value="build.travis-ci.org" />
    <property name="env.rvm_bin_path" value="/home/travis/.rvm/bin" />
    <property name="java.home" value="/usr/local/lib/jvm/openjdk11" />
    <property name="env.TRAVIS_JOB_NUMBER" value="1320.8" />
    <property name="env.TRAVIS_HOME" value="/home/travis" />
    <property name="env.DISPLAY" value=":99.0" />
    <property name="env.TRAVIS_INIT" value="systemd" />
    <property name="env.SSH_TTY" value="/dev/pts/0" />
    <property name="java.net.preferIPv4Stack" value="true" />
    <property name="env.RUN_TESTS" value="true" />
    <property name="timeout.short" value="1000000" />
    <property name="junit.formatter" value="xml" />
    <property name="env.TRAVIS_SUDO" value="true" />
    <property name="env.TRAVIS_JOB_NAME" value="" />
    <property name="env.TRAVIS_STACK_NODE_ATTRIBUTES" value="/.node-attributes.yml" />
    <property name="env.LOGNAME" value="travis" />
    <property name="env.PT_TRAVIS_TEST_CORE1_XML" value="true" />
    <property name="jsdoc.home" value="node_modules/@terraswarm/jsdoc" />
    <property name="debuglevel" value="source,lines,vars" />
    <property name="checkstyle.formatter" value="xml" />
    <property name="env._system_version" value="16.04" />
    <property name="bin.vergil.makeable" value="true" />
    <property name="sun.os.patch.level" value="unknown" />
    <property name="java.vendor.url" value="http://java.oracle.com/" />
    <property name="env.TRAVIS_BUILD_WEB_URL" value="https://travis-ci.org/icyphy/ptII/builds/581037268" />
    <property name="java.version" value="11.0.2" />
    <property name="env.TZ" value="UTC" />
    <property name="env.TRAVIS_PULL_REQUEST_SHA" value="" />
    <property name="env.PT_NO_NET" value="true" />
    <property name="env.TRAVIS_SECURE_ENV_VARS" value="true" />
    <property name="env._system_type" value="Linux" />
    <property name="java.vendor.url.bug" value="http://bugreport.java.com/bugreport/" />
    <property name="npmjs-org-is-up" value="true" />
    <property name="env.LANGUAGE" value="en_US.UTF-8" />
    <property name="env.SSH_CLIENT" value="10.24.14.13 51258 22" />
    <property name="env.GEM_HOME" value="/home/travis/.rvm/gems/ruby-2.5.3" />
    <property name="env.HAS_ANTARES_THREE_LITTLE_FRONZIES_BADGE" value="true" />
    <property name="java.version.date" value="2019-01-15" />
    <property name="env.PS4" value="+" />
    <property name="ant.project.invoked-targets" value="build,test.core1.xml" />
    <property name="env.TRAVIS_PULL_REQUEST_BRANCH" value="" />
    <property name="env.TRAVIS_REPO_SLUG" value="icyphy/ptII" />
    <property name="env.XDG_DATA_DIRS" value="/usr/local/share:/usr/share:/var/lib/snapd/desktop" />
    <property name="jdk.debug" value="release" />
    <property name="env.TRAVIS_APT_PROXY" value="http://apt.cache.travis-ci.com" />
    <property name="node.in.path" value="true" />
    <property name="user.name" value="travis" />
    <property name="java.maxmemory" value="1400m" />
    <property name="env.RUBY_VERSION" value="ruby-2.5.3" />
    <property name="env.LANG" value="en_US.UTF-8" />
    <property name="sun.io.unicode.encoding" value="UnicodeLittle" />
    <property name="sun.jnu.encoding" value="UTF-8" />
    <property name="java.runtime.name" value="OpenJDK Runtime Environment" />
    <property name="usefile" value="false" />
    <property name="return.code" value="0" />
    <property name="junit.single.formatter" value="plain" />
    <property name="env.DYLD_LIBRARY_PATH" value="/home/travis/pthla/certi-tools/lib:" />
    <property name="env.DEBIAN_FRONTEND" value="noninteractive" />
    <property name="env.SSH_CONNECTION" value="10.24.14.13 51258 10.20.1.117 22" />
    <property name="env.MYSQL_UNIX_PORT" value="/var/run/mysqld/mysqld.sock" />
    <property name="env.LC_ALL" value="en_US.UTF-8" />
    <property name="env.TRAVIS_ALLOW_FAILURE" value="false" />
    <property name="env.TRAVIS_JOB_WEB_URL" value="https://travis-ci.org/icyphy/ptII/jobs/581037276" />
    <property name="java.specification.name" value="Java Platform API Specification" />
    <property name="node.works" value="true" />
    <property name="user.timezone" value="" />
    <property name="path.separator" value=":" />
    <property name="env.TRAVIS_ENABLE_INFRA_DETECTION" value="true" />
    <property name="env.PYTHON_CFLAGS" value="-g -fstack-protector --param=ssp-buffer-size=4 -Wformat -Werror=format-security" />
    <property name="timeout.long" value="4000000" />
    <property name="env.CERTI_HOME" value="/home/travis/pthla/certi-tools" />
    <property name="ant.file.ptII" value="/home/travis/build/icyphy/ptII/build.xml" />
    <property name="javadoc.packagenames" value="com.*,diva.*,lbnl.*,org.hlacerti.*,org.json.*,org.ptolemy.*,org.terraswarm.*,ptolemy.*,ptserver.*" />
    <property name="file.encoding" value="UTF-8" />
    <property name="env.TRAVIS_PULL_REQUEST_SLUG" value="" />
    <property name="ant.project.default-target" value="build" />
    <property name="env.GIT_ASKPASS" value="echo" />
    <property name="env.HOME" value="/home/travis" />
    <property name="sun.java.command" value="org.apache.tools.ant.taskdefs.optional.junit.JUnitTestRunner ptolemy.actor.lib.test.junit.JUnitTclTest skipNonTests=false filtertrace=true haltOnError=false haltOnFailure=false formatter=org.apache.tools.ant.taskdefs.optional.junit.OutErrSummaryJUnitResultFormatter showoutput=true outputtoformatters=true logfailedtests=true threadid=0 logtestlistenerevents=false formatter=org.apache.tools.ant.taskdefs.optional.junit.XMLJUnitResultFormatter,/home/travis/build/icyphy/ptII/reports/junit/TEST-ptolemy.actor.lib.test.junit.JUnitTclTest.xml crashfile=/home/travis/build/icyphy/ptII/junitvmwatcher3677201153276836712.properties propsfile=/home/travis/build/icyphy/ptII/junit5279310617321864216.properties" />
    <property name="env.COMPOSER_NO_INTERACTION" value="1" />
    <property name="env.MANPATH" value="/home/travis/.nvm/versions/node/v7.10.1/share/man:/home/travis/.rvm/rubies/ruby-2.5.3/share/man:/usr/local/cmake-3.12.4/man:/usr/local/clang-7.0.0/share/man:/usr/local/man:/usr/local/share/man:/usr/share/man:/home/travis/.rvm/man" />
    <property name="env.TRAVIS_TIMER_ID" value="0b2f651e" />
    <property name="ant.file" value="/home/travis/build/icyphy/ptII/build.xml" />
    <property name="env.TRAVIS_COMMIT_RANGE" value="bc7bfed3151ace78f6177b95f8054c233d74f1bf...1691c4a63a7f6e8f7441362a7c71a7ee30ba8bb1" />
    <property name="env._system_name" value="Ubuntu" />
    <property name="ptII.classpath.optional.property" value="/home/travis/build/icyphy/ptII/lib/bsh-2.0b4.jar:/home/travis/build/icyphy/ptII/lib/ptCal.jar:/home/travis/build/icyphy/ptII/lib/java_cup.jar:/home/travis/build/icyphy/ptII/lib/saxon8.jar:/home/travis/build/icyphy/ptII/lib/saxon8-dom.jar:/home/travis/build/icyphy/ptII/lib/chic.jar:/home/travis/build/icyphy/ptII/lib/ptcolt.jar:/home/travis/build/icyphy/ptII/vendors/misc/itext/iText.jar:/home/travis/build/icyphy/ptII/lib/g4ltl.jar:/home/travis/build/icyphy/ptII/lib/StructuralCoder.jar:/home/travis/build/icyphy/ptII/lib/jcerti.jar:/home/travis/build/icyphy/ptII/lib/javax.mail.jar:/home/travis/build/icyphy/ptII/vendors/JMF-2.1.1e/lib/jmf.jar:/home/travis/build/icyphy/ptII/lib/jna-4.0.0-variadic.jar:/home/travis/build/icyphy/ptII/vendors/misc/joystick/Joystick.jar:/home/travis/build/icyphy/ptII/lib/ptjacl.jar:/home/travis/build/icyphy/ptII/lib/jsoup-1.8.2.jar:/home/travis/build/icyphy/ptII/lib/junit-4.8.2.jar:/home/travis/build/icyphy/ptII/lib/JUnitParams-0.4.0.jar:/home/travis/build/icyphy/ptII/ptolemy/actor/lib/excel/jxl.jar:/home/travis/build/icyphy/ptII/lib/jython.jar:/home/travis/build/icyphy/ptII/lib/kieler.jar:/home/travis/build/icyphy/ptII/vendors/opencv/share/OpenCV/java/opencv-341.jar:/home/travis/build/icyphy/ptII/lib/oscP5.jar:/home/travis/build/icyphy/ptII/lib/nrjavaserial-3.11.0.devel.jar:/home/travis/build/icyphy/ptII/vendors/j3d/lib/Linux/j3dcore.jar:/home/travis/build/icyphy/ptII/vendors/j3d/lib/Linux/j3dutils.jar:/home/travis/build/icyphy/ptII/vendors/j3d/lib/Linux/vecmath.jar:/home/travis/build/icyphy/ptII/vendors/jogl/lib/Linux/gluegen-rt-natives-linux-amd64.jar:/home/travis/build/icyphy/ptII/vendors/jogl/lib/Linux/gluegen-rt.jar:/home/travis/build/icyphy/ptII/vendors/jogl/lib/Linux/jogl-all-natives-linux-amd64.jar:/home/travis/build/icyphy/ptII/vendors/jogl/lib/Linux/jogl-all.jar:/home/travis/build/icyphy/ptII/ptolemy/distributed/jini/jar/jini-core.jar:/home/travis/build/icyphy/ptII/ptolemy/distributed/jini/jar/jini-ext.jar:/home/travis/build/icyphy/ptII/ptolemy/distributed/jini/jar/sun-util.jar:/home/travis/build/icyphy/ptII/lib/protobuf-java-2.4.1.jar:/home/travis/build/icyphy/ptII/lib/org.eclipse.paho.client.mqttv3.jar:/home/travis/build/icyphy/ptII/lib/mapss.jar:/home/travis/build/icyphy/ptII/ptolemy/actor/ptalon/antlr/antlr.jar:/home/travis/build/icyphy/ptII/lib/JRI.jar:/home/travis/build/icyphy/ptII/lib/commons-lang-2.6.jar:/home/travis/build/icyphy/ptII/lib/commons-logging-1.1.1.jar:/home/travis/build/icyphy/ptII/lib/sootclasses.jar:/home/travis/build/icyphy/ptII/ptolemy/actor/lib/database/mysql-connector-java-5.1.6-bin.jar:/home/travis/build/icyphy/ptII/vendors/misc/sphinx4/sphinx4-data-5prealpha.jar:/home/travis/build/icyphy/ptII/vendors/misc/sphinx4/sphinx4-core-5prealpha.jar:/home/travis/build/icyphy/ptII/lib/PDFRenderer.jar:/home/travis/build/icyphy/ptII/lib/svgSalamander.jar:/home/travis/build/icyphy/ptII/lib/rsyntaxtextarea-2.6.0-SNAPSHOT.jar:/home/travis/build/icyphy/ptII/lib/hazelcast-3.8.2.jar:/home/travis/build/icyphy/ptII/lib/jackson-annotations-2.9.0.jar:/home/travis/build/icyphy/ptII/lib/jackson-core-2.9.3.jar:/home/travis/build/icyphy/ptII/lib/jackson-databind-2.9.3.jar:/home/travis/build/icyphy/ptII/lib/netty-buffer-4.1.19.Final.jar:/home/travis/build/icyphy/ptII/lib/netty-codec-4.1.19.Final.jar:/home/travis/build/icyphy/ptII/lib/netty-codec-dns-4.1.19.Final.jar:/home/travis/build/icyphy/ptII/lib/netty-codec-http-4.1.19.Final.jar:/home/travis/build/icyphy/ptII/lib/netty-codec-http2-4.1.19.Final.jar:/home/travis/build/icyphy/ptII/lib/netty-common-4.1.19.Final.jar:/home/travis/build/icyphy/ptII/lib/netty-handler-4.1.19.Final.jar:/home/travis/build/icyphy/ptII/lib/netty-resolver-4.1.19.Final.jar:/home/travis/build/icyphy/ptII/lib/netty-resolver-dns-4.1.19.Final.jar:/home/travis/build/icyphy/ptII/lib/netty-transport-4.1.19.Final.jar:/home/travis/build/icyphy/ptII/lib/vertx-codegen-3.5.1.jar:/home/travis/build/icyphy/ptII/lib/vertx-core-3.5.2-SNAPSHOT.jar:/home/travis/build/icyphy/ptII/lib/vertx-hazelcast-3.5.1.jar:/home/travis/build/icyphy/ptII/lib/vertx-lang-js-3.5.1.jar:/home/travis/build/icyphy/ptII/lib/vertx-service-proxy-3.5.1.jar:/home/travis/build/icyphy/ptII/lib/vertx-web-3.5.1.jar:/home/travis/build/icyphy/ptII/lib/slf4j-api-1.7.13.jar:/home/travis/build/icyphy/ptII/lib/slf4j-simple-1.7.13.jar:/home/travis/build/icyphy/ptII/lib/webcam-capture-0.3.12.jar:/home/travis/build/icyphy/ptII/lib/bridj-0.7.0.jar:/home/travis/build/icyphy/ptII/lib/xbjlib-1.1.0.nrjavaserial.jar" />
    <property name="timeout" value="2400000" />
    <property name="test.batch" value="**/junit/*.java" />
    <property name="env._" value="/usr/bin/timeout" />
    <property name="java.io.tmpdir" value="/tmp" />
    <property name="user.language" value="en" />
    <property name="env.TRAVIS_INTERNAL_RUBY_REGEX" value="^ruby-(2\.[0-4]\.[0-9]|1\.9\.3)" />
    <property name="env.HISTCONTROL" value="ignoredups:ignorespace" />
    <property name="env.GOROOT" value="/home/travis/.gimme/versions/go1.11.1.linux.amd64" />
    <property name="line.separator" value="&#xa;" />
    <property name="target" value="11" />
    <property name="env.TRAVIS_BUILD_DIR" value="/home/travis/build/icyphy/ptII" />
    <property name="env.ANT_OPTS" value="-Xmx2048m" />
    <property name="ant.file.type" value="file" />
    <property name="ptolemy.ptII.batchMode" value="true" />
    <property name="env.HISTSIZE" value="1000" />
    <property name="env.MERB_ENV" value="test" />
    <property name="java.vm.info" value="mixed mode" />
    <property name="source" value="11" />
    <property name="java.vm.specification.name" value="Java Virtual Machine Specification" />
    <property name="env.TRAVIS_TEST_RESULT" value="0" />
    <property name="jsdoc.command" value="node_modules/@terraswarm/jsdoc/jsdoc.js" />
    <property name="npm.works" value="true" />
    <property name="cobertura.dir" value="/home/travis/build/icyphy/ptII/vendors/cobertura-2.0.3" />
    <property name="jsdoc.command.exists" value="true" />
    <property name="env.rvm_path" value="/home/travis/.rvm" />
    <property name="env.GEM_PATH" value="/home/travis/.rvm/gems/ruby-2.5.3:/home/travis/.rvm/gems/ruby-2.5.3@global" />
    <property name="env.LC_CTYPE" value="en_US.UTF-8" />
    <property name="env.TRAVIS_CMD" value="$PTII/bin/ptIITravisBuild.sh $SECONDS" />
    <property name="java.awt.printerjob" value="sun.print.PSPrinterJob" />
    <property name="env.TRAVIS_STACK_NAME" value="sardonyx" />
    <property name="env.TRAVIS_TIMER_START_TIME" value="1567661395701104968" />
    <property name="ant.version" value="Apache Ant(TM) version 1.10.1 compiled on February 2 2017" />
    <property name="ptII.reports" value="/home/travis/build/icyphy/ptII/reports" />
    <property name="env.TRAVIS_STACK_TIMESTAMP" value="2019-03-25 16:16:56 UTC" />
    <property name="ant.file.type.ptII" value="file" />
    <property name="env.RBENV_SHELL" value="bash" />
    <property name="os.name" value="Linux" />
    <property name="java.specification.vendor" value="Oracle Corporation" />
    <property name="env.rvm_version" value="1.29.7 (latest)" />
    <property name="env.TRAVIS_INFRA" value="gce" />
    <property name="env.TERM" value="xterm" />
    <property name="java.vm.name" value="OpenJDK 64-Bit Server VM" />
    <property name="env.TRAVIS_BUILD_NUMBER" value="1320" />
    <property name="env.CI" value="true" />
    <property name="java.library.path" value="/home/travis/pthla/certi-tools/lib:/usr/lib/jni:/usr/local/share/OpenCV/java/:/usr/share/OpenCV/java::/usr/java/packages/lib:/usr/lib64:/lib64:/lib:/usr/lib" />
    <property name="jdk.module.path" value="/home/travis/build/icyphy/ptII/vendors/javafx/javafx-sdk-11.0.2/lib:" />
    <property name="env.rvm_prefix" value="/home/travis" />
    <property name="env.PATH" value="/home/travis/pthla/certi-tools/share/scripts:/home/travis/.rvm/gems/ruby-2.5.3/bin:/home/travis/.rvm/gems/ruby-2.5.3@global/bin:/home/travis/.rvm/rubies/ruby-2.5.3/bin:/home/travis/.rvm/bin:/home/travis/.nvm/versions/node/v7.10.1/bin:./node_modules/.bin:/home/travis/build/icyphy/ptII/bin:/home/travis/pthla/certi-tools/bin:/home/travis/bin:/home/travis/.local/bin:/usr/local/lib/jvm/openjdk11/bin:/opt/pyenv/shims:/home/travis/.phpenv/shims:/home/travis/perl5/perlbrew/bin:/home/travis/gopath/bin:/home/travis/.gimme/versions/go1.11.1.linux.amd64/bin:/usr/local/maven-3.6.0/bin:/usr/local/cmake-3.12.4/bin:/usr/local/clang-7.0.0/bin:/usr/local/sbin:/usr/local/bin:/usr/sbin:/usr/bin:/sbin:/bin:/snap/bin:/home/travis/.phpenv/bin:/opt/pyenv/bin:/home/travis/.yarn/bin" />
    <property name="env.TRAVIS_OS_NAME" value="linux" />
    <property name="ant.java.version" value="9" />
    <property name="basedir" value="/home/travis/build/icyphy/ptII" />
    <property name="java.class.version" value="55.0" />
    <property name="env.SHLVL" value="3" />
    <property name="env.LD_LIBRARY_PATH" value="/home/travis/pthla/certi-tools/lib:/usr/lib/jni:/usr/local/share/OpenCV/java/:/usr/share/OpenCV/java:" />
    <property name="env.RACK_ENV" value="test" />
    <property name="ant.home" value="/home/travis/build/icyphy/ptII/ant" />
    <property name="env.NVM_DIR" value="/home/travis/.nvm" />
    <property name="env.CERTI_FOM_PATH" value="/home/travis/pthla/certi-tools/share/federations" />
    <property name="env.TRAVIS_BUILD_ID" value="581037268" />
    <property name="env.PYENV_ROOT" value="/opt/pyenv" />
    <property name="env.TRAVIS_UID" value="2000" />
    <property name="prism.verbose" value="true" />
    <property name="env.NVM_BIN" value="/home/travis/.nvm/versions/node/v7.10.1/bin" />
    <property name="env.TRAVIS_COMMIT" value="1691c4a63a7f6e8f7441362a7c71a7ee30ba8bb1" />
    <property name="env._system_arch" value="x86_64" />
    <property name="node.executable" value="node" />
    <property name="sun.boot.library.path" value="/usr/local/lib/jvm/openjdk11/lib" />
    <property name="sun.management.compiler" value="HotSpot 64-Bit Tiered Compilers" />
    <property name="java.awt.graphicsenv" value="sun.awt.X11GraphicsEnvironment" />
    <property name="env.GOPATH" value="/home/travis/gopath" />
    <property name="ptolemy.ptII.dir" value="/home/travis/build/icyphy/ptII" />
    <property name="env.USER" value="travis" />
    <property name="env.HISTFILESIZE" value="2000" />
    <property name="timeout.longest" value="19000000" />
    <property name="env.PERLBREW_SHELLRC_VERSION" value="0.86" />
    <property name="env.TRAVIS_STACK_FEATURES" value="basic couchdb disabled-ipv6 docker docker-compose elasticsearch firefox go-toolchain google-chrome jdk memcached mongodb mysql nodejs_interpreter perl_interpreter perlbrew phantomjs postgresql python_interpreter redis ruby_interpreter sqlite xserver" />
    <property name="env.TRAVIS_PULL_REQUEST" value="false" />
    <property name="env.PYENV_SHELL" value="bash" />
    <property name="ant.project.name" value="ptII" />
    <property name="env.ANSI_RESET" value="\033[0m" />
    <property name="java.vm.specification.version" value="11" />
    <property name="env.TRAVIS_DIST" value="xenial" />
    <property name="env.CERTI_VERSION" value="4.0.0" />
    <property name="env.CERTI_HOST" value="localhost" />
    <property name="awt.toolkit" value="sun.awt.X11.XToolkit" />
    <property name="env.MY_RUBY_HOME" value="/home/travis/.rvm/rubies/ruby-2.5.3" />
    <property name="sun.cpu.isalist" value="" />
    <property name="env.TRAVIS_TMPDIR" value="/tmp/tmp.pWhqWvVlEU" />
    <property name="java.vm.compressedOopsMode" value="Zero based" />
    <property name="os.version" value="4.15.0-1028-gcp" />
    <property name="user.home" value="/home/travis" />
    <property name="java.vm.vendor" value="Oracle Corporation" />
    <property name="env.TRAVIS_TAG" value="nightly" />
    <property name="env.ANSI_YELLOW" value="\033[33;1m" />
    <property name="env.TRAVIS_FILTERED" value="redirect_io" />
    <property name="env.ANSI_GREEN" value="\033[32;1m" />
    <property name="env.JAVA_HOME" value="/usr/local/lib/jvm/openjdk11" />
    <property name="javadoc.excludepackagenames" value="adm.cvs2svn.*,build.*,config.*,doc.coding.templates.*,jni.test.jni.meaningOfLife.*,jni.test.jni.testDeux.*,jni.test.jni.testTrois.*,org.terraswarm.accessor.accessors.web.node_modules.*,org.terraswarm.accessor.accessors.web.hosts.cordova.demo.*,org.terraswarm.accessor.accessors.web.hosts.cordova.plugins.*,org.terraswarm.accessor.accessors-svn.*,pt-modules.*,ptolemy.apps.agilent.*,ptolemy.apps.anytimecontrol.*,ptolemy.apps.apes.*,ptolemy.apps.charon.*,ptolemy.apps.crazyboard.*,ptolemy.apps.eclipse.*,ptolemy.apps.etherealSting.*,ptolemy.apps.fullscreen.*,ptolemy.apps.giotto.*,ptolemy.apps.ia.*,ptolemy.apps.interfaces.*,ptolemy.apps.jmf.*,ptolemy.apps.kurt.*,ptolemy.apps.kvm.*,ptolemy.apps.lego.*,ptolemy.apps.lejos.*,ptolemy.apps.midp.*,ptolemy.apps.mobileCoding.*,ptolemy.apps.pendulum.*,ptolemy.apps.rijndael.*,ptolemy.apps.robot.*,ptolemy.apps.security.*,ptolemy.apps.sobel.*,ptolemy.apps.soot.*,ptolemy.apps.throttle.*,ptolemy.apps.tini.*,ptolemy.apps.transmission.*,ptolemy.apps.vergil.*,ptolemy.apps.waba.*,ptolemy.apps.websensor.*,ptolemy.apps.webstart.*,ptolemy.apps.xsl.*,ptolemy.apps.zaurus.*,ptolemy.codegen.c.actor.lib.oldJavaFiles.*,ptolemy.codegen.dsp.lib.*,ptolemy.codegen.kernel.newInterfaces.*,ptolemy.codegen.lib.*,ptolemy.copernicus.kernel.fragment.*,ptolemy.copernicus.shallow.cg.*,ptolemy.domains.giotto.demo.Hierarchy.Hierarchy.*,ptolemy.domains.giotto.demo.Multimode.Multimode.*,ptolemy.domains.giotto.demo.Simple.Simple.*,ptolemy.domains.gr.lib.experimental.*,ptolemy.domains.gro.*,ptolemy.domains.pdf.*,ptolemy.domains.ptinyos.demo.Surge.output.*,ptolemy.moml.test.NoPackageActor.java*,ptolemy.plot.adm.*,ptolemy.plot.servlet.*,reports.*,signed.*,src.*,target.*,vendors.*,ptolemy.copernicus.applet.*,ptolemy.media.viewer.*,ptolemy.actor.corba.*,doc.doclets.*,ptolemy.apps.eclipse.awt.*,ptolemy.backtrack.*,ptolemy.backtrack.ast.*,ptolemy.cg.adapter.generic.program.procedural.c.mbed*,ptolemy.homer.*,ptolemy.actor.lib.jai.*,org.ptolemy.scala.*,diva.util.java2d.svg.*,ptolemy.domains.ptinyos.*,ptolemy.actor.lib.fmi.fmipp.*,,org.terraswarm.accessor.accessors.web.node_modules.*,org.terraswarm.accessor.accessors-svn,ptolemy.apps.*,ptolemy.actor.ptalon.demo.ptinyos.SendAndReceiveCnt.output,ptolemy.actor.ptalon.demo.ptinyos.SenseToLeds.output,ptolemy.domains.ptinyos.demo.CntToLedsAndRfm.output,ptolemy.domains.ptinyos.demo.RfmToLeds.output,ptolemy.domains.ptinyos.demo.SendAndReceiveCnt.output,ptolemy.domains.ptinyos.demo.SenseToLeds.output,ptolemy.actor.lib.jjs.modules.udpSocket.*" />
    <property name="env.PTII" value="/home/travis/build/icyphy/ptII" />
    <property name="env.XDG_SESSION_ID" value="2" />
    <property name="keystore" value="ptKeystore" />
    <property name="env.TRAVIS_COMMIT_MESSAGE" value="Use --release 8 instead of -target 8 -release 8 because --release 8 includes -target 8." />
    <property name="junit.output.dir" value="/home/travis/build/icyphy/ptII/reports/junit" />
    <property name="npm.return.code" value="0" />
    <property name="user.dir" value="/home/travis/build/icyphy/ptII/ptolemy/actor/lib/test" />
    <property name="env.TRAVIS_NODE_VERSION" value="7" />
    <property name="env.TRAVIS_EVENT_TYPE" value="cron" />
    <property name="env.MAIL" value="/var/mail/travis" />
    <property name="env.PERLBREW_ROOT" value="/home/travis/perl5/perlbrew" />
    <property name="env.PWD" value="/home/travis/build/icyphy/ptII" />
    <property name="timeout.npm" value="45000" />
    <property name="env.TRAVIS_ARCH" value="amd64" />
    <property name="sun.cpu.endian" value="little" />
    <property name="env.PAGER" value="cat" />
    <property name="env.TRAVIS_BUILD_STAGE_NAME" value="Test" />
    <property name="env.PERLBREW_HOME" value="/home/travis/.perlbrew" />
    <property name="java.vm.version" value="11.0.2+9" />
    <property name="env.RAILS_ENV" value="test" />
    <property name="java.class.path" value="/home/travis/.ptolemyII:/home/travis/.ptolemyII/*:/home/travis/build/icyphy/ptII:/home/travis/build/icyphy/ptII/lib/bsh-2.0b4.jar:/home/travis/build/icyphy/ptII/lib/ptCal.jar:/home/travis/build/icyphy/ptII/lib/java_cup.jar:/home/travis/build/icyphy/ptII/lib/saxon8.jar:/home/travis/build/icyphy/ptII/lib/saxon8-dom.jar:/home/travis/build/icyphy/ptII/lib/chic.jar:/home/travis/build/icyphy/ptII/lib/ptcolt.jar:/home/travis/build/icyphy/ptII/vendors/misc/itext/iText.jar:/home/travis/build/icyphy/ptII/lib/g4ltl.jar:/home/travis/build/icyphy/ptII/lib/StructuralCoder.jar:/home/travis/build/icyphy/ptII/lib/jcerti.jar:/home/travis/build/icyphy/ptII/lib/javax.mail.jar:/home/travis/build/icyphy/ptII/vendors/JMF-2.1.1e/lib/jmf.jar:/home/travis/build/icyphy/ptII/lib/jna-4.0.0-variadic.jar:/home/travis/build/icyphy/ptII/vendors/misc/joystick/Joystick.jar:/home/travis/build/icyphy/ptII/lib/ptjacl.jar:/home/travis/build/icyphy/ptII/lib/jsoup-1.8.2.jar:/home/travis/build/icyphy/ptII/lib/junit-4.8.2.jar:/home/travis/build/icyphy/ptII/lib/JUnitParams-0.4.0.jar:/home/travis/build/icyphy/ptII/ptolemy/actor/lib/excel/jxl.jar:/home/travis/build/icyphy/ptII/lib/jython.jar:/home/travis/build/icyphy/ptII/lib/kieler.jar:/home/travis/build/icyphy/ptII/vendors/opencv/share/OpenCV/java/opencv-341.jar:/home/travis/build/icyphy/ptII/lib/oscP5.jar:/home/travis/build/icyphy/ptII/lib/nrjavaserial-3.11.0.devel.jar:/home/travis/build/icyphy/ptII/vendors/j3d/lib/Linux/j3dcore.jar:/home/travis/build/icyphy/ptII/vendors/j3d/lib/Linux/j3dutils.jar:/home/travis/build/icyphy/ptII/vendors/j3d/lib/Linux/vecmath.jar:/home/travis/build/icyphy/ptII/vendors/jogl/lib/Linux/gluegen-rt-natives-linux-amd64.jar:/home/travis/build/icyphy/ptII/vendors/jogl/lib/Linux/gluegen-rt.jar:/home/travis/build/icyphy/ptII/vendors/jogl/lib/Linux/jogl-all-natives-linux-amd64.jar:/home/travis/build/icyphy/ptII/vendors/jogl/lib/Linux/jogl-all.jar:/home/travis/build/icyphy/ptII/ptolemy/distributed/jini/jar/jini-core.jar:/home/travis/build/icyphy/ptII/ptolemy/distributed/jini/jar/jini-ext.jar:/home/travis/build/icyphy/ptII/ptolemy/distributed/jini/jar/sun-util.jar:/home/travis/build/icyphy/ptII/lib/protobuf-java-2.4.1.jar:/home/travis/build/icyphy/ptII/lib/org.eclipse.paho.client.mqttv3.jar:/home/travis/build/icyphy/ptII/lib/mapss.jar:/home/travis/build/icyphy/ptII/ptolemy/actor/ptalon/antlr/antlr.jar:/home/travis/build/icyphy/ptII/lib/JRI.jar:/home/travis/build/icyphy/ptII/lib/commons-lang-2.6.jar:/home/travis/build/icyphy/ptII/lib/commons-logging-1.1.1.jar:/home/travis/build/icyphy/ptII/lib/sootclasses.jar:/home/travis/build/icyphy/ptII/ptolemy/actor/lib/database/mysql-connector-java-5.1.6-bin.jar:/home/travis/build/icyphy/ptII/vendors/misc/sphinx4/sphinx4-data-5prealpha.jar:/home/travis/build/icyphy/ptII/vendors/misc/sphinx4/sphinx4-core-5prealpha.jar:/home/travis/build/icyphy/ptII/lib/PDFRenderer.jar:/home/travis/build/icyphy/ptII/lib/svgSalamander.jar:/home/travis/build/icyphy/ptII/lib/rsyntaxtextarea-2.6.0-SNAPSHOT.jar:/home/travis/build/icyphy/ptII/lib/hazelcast-3.8.2.jar:/home/travis/build/icyphy/ptII/lib/jackson-annotations-2.9.0.jar:/home/travis/build/icyphy/ptII/lib/jackson-core-2.9.3.jar:/home/travis/build/icyphy/ptII/lib/jackson-databind-2.9.3.jar:/home/travis/build/icyphy/ptII/lib/netty-buffer-4.1.19.Final.jar:/home/travis/build/icyphy/ptII/lib/netty-codec-4.1.19.Final.jar:/home/travis/build/icyphy/ptII/lib/netty-codec-dns-4.1.19.Final.jar:/home/travis/build/icyphy/ptII/lib/netty-codec-http-4.1.19.Final.jar:/home/travis/build/icyphy/ptII/lib/netty-codec-http2-4.1.19.Final.jar:/home/travis/build/icyphy/ptII/lib/netty-common-4.1.19.Final.jar:/home/travis/build/icyphy/ptII/lib/netty-handler-4.1.19.Final.jar:/home/travis/build/icyphy/ptII/lib/netty-resolver-4.1.19.Final.jar:/home/travis/build/icyphy/ptII/lib/netty-resolver-dns-4.1.19.Final.jar:/home/travis/build/icyphy/ptII/lib/netty-transport-4.1.19.Final.jar:/home/travis/build/icyphy/ptII/lib/vertx-codegen-3.5.1.jar:/home/travis/build/icyphy/ptII/lib/vertx-core-3.5.2-SNAPSHOT.jar:/home/travis/build/icyphy/ptII/lib/vertx-hazelcast-3.5.1.jar:/home/travis/build/icyphy/ptII/lib/vertx-lang-js-3.5.1.jar:/home/travis/build/icyphy/ptII/lib/vertx-service-proxy-3.5.1.jar:/home/travis/build/icyphy/ptII/lib/vertx-web-3.5.1.jar:/home/travis/build/icyphy/ptII/lib/slf4j-api-1.7.13.jar:/home/travis/build/icyphy/ptII/lib/slf4j-simple-1.7.13.jar:/home/travis/build/icyphy/ptII/lib/webcam-capture-0.3.12.jar:/home/travis/build/icyphy/ptII/lib/bridj-0.7.0.jar:/home/travis/build/icyphy/ptII/lib/xbjlib-1.1.0.nrjavaserial.jar:/home/travis/build/icyphy/ptII/ptolemy/moml/test:/home/travis/build/icyphy/ptII/ant/lib/ant-launcher.jar:/home/travis/build/icyphy/ptII/ant/lib/ant.jar:/home/travis/build/icyphy/ptII/ant/lib/ant-junit.jar:/home/travis/build/icyphy/ptII/ant/lib/ant-junit4.jar" />
    <property name="ant.library.dir" value="/home/travis/build/icyphy/ptII/ant/lib" />
    <property name="os.arch" value="amd64" />
    <property name="env.CONTINUOUS_INTEGRATION" value="true" />
    <property name="env.TRAVIS_LANGUAGE" value="node_js" />
    <property name="env.TRAVIS_STACK_LANGUAGES" value="__sardonyx__ c c++ clojure cplusplus cpp default generic go groovy java node_js php pure_java python ruby scala" />
    <property name="test.name" value="ptolemy.actor.lib.test.junit.JUnitTclTest" />
    <property name="env.APT_KEY_DONT_WARN_ON_DANGEROUS_USAGE" value="1" />
    <property name="sun.java.launcher" value="SUN_STANDARD" />
    <property name="env.PYTHON_CONFIGURE_OPTS" value="--enable-unicode=ucs4 --with-wide-unicode --enable-shared --enable-ipv6 --enable-loadable-sqlite-extensions --with-computed-gotos" />
    <property name="ant.core.lib" value="/home/travis/build/icyphy/ptII/ant/lib/ant.jar" />
    <property name="java.vm.specification.vendor" value="Oracle Corporation" />
    <property name="env.BCVTB_HOME" value="/home/travis/build/icyphy/ptII/lbnl" />
    <property name="file.separator" value="/" />
    <property name="spotbugs.home" value="/home/travis/build/icyphy/ptII/vendors/spotbugs-3.1.1" />
    <property name="java.runtime.version" value="11.0.2+9" />
    <property name="env.ANSI_CLEAR" value="\033[0K" />
    <property name="javafx.verbose" value="true" />
    <property name="env.HAS_JOSH_K_SEAL_OF_APPROVAL" value="true" />
    <property name="env.XDG_RUNTIME_DIR" value="/run/user/2000" />
    <property name="env.TRAVIS_OSX_IMAGE" value="" />
    <property name="env.TRAVIS_JOB_ID" value="581037276" />
    <property name="env.TRAVIS_BRANCH" value="master" />
    <property name="user.country" value="US" />
    <property name="env.CERTI_HOME_TRAVIS" value="/home/travis/pthla/certi-tools" />
    <property name="env.SHELL" value="/bin/bash" />
    <property name="java.maxmemory.large" value="3200m" />
    <property name="model" value="" />
    <property name="env.CASHER_DIR" value="/home/travis/.casher" />
    <property name="env.NVM_CD_FLAGS" value="" />
    <property name="java.vendor.version" value="18.9" />
    <property name="jshint.executable" value="/home/travis/node_modules/jshint/bin/jshint" />
    <property name="env.JRUBY_OPTS" value=" --client -J-XX:+TieredCompilation -J-XX:TieredStopAtLevel=1 -J-Xss2m -Xcompile.invokedynamic=false" />
    <property name="java.vendor" value="Oracle Corporation" />
    <property name="env.TRAVIS_PRE_CHEF_BOOTSTRAP_TIME" value="2019-03-25T16:16:42" />
    <property name="env.TRAVIS_STACK_JOB_BOARD_REGISTER" value="/.job-board-register.yml" />
    <property name="env.ANSI_RED" value="\033[31;1m" />
    <property name="java.specification.version" value="11" />
    <property name="env.IRBRC" value="/home/travis/.rvm/rubies/ruby-2.5.3/.irbrc" />
    <property name="env.TRAVIS" value="true" />
    <property name="sun.arch.data.model" value="64" />
  </properties>
  <testcase classname="ptolemy.util.test.junit.TclTests" name="[0] /home/travis/build/icyphy/ptII/ptolemy/actor/lib/test/AbsoluteValue.tcl (RunTclFile)" time="0.504" />
  <testcase classname="ptolemy.util.test.junit.TclTests" name="[1] /home/travis/build/icyphy/ptII/ptolemy/actor/lib/test/AddSubtract.tcl (RunTclFile)" time="0.227" />
  <testcase classname="ptolemy.util.test.junit.TclTests" name="[2] /home/travis/build/icyphy/ptII/ptolemy/actor/lib/test/Average.tcl (RunTclFile)" time="0.073" />
  <testcase classname="ptolemy.util.test.junit.TclTests" name="[3] /home/travis/build/icyphy/ptII/ptolemy/actor/lib/test/Bernoulli.tcl (RunTclFile)" time="0.041" />
  <testcase classname="ptolemy.util.test.junit.TclTests" name="[4] /home/travis/build/icyphy/ptII/ptolemy/actor/lib/test/Clock.tcl (RunTclFile)" time="0.071" />
  <testcase classname="ptolemy.util.test.junit.TclTests" name="[5] /home/travis/build/icyphy/ptII/ptolemy/actor/lib/test/Commutator.tcl (RunTclFile)" time="0.207" />
  <testcase classname="ptolemy.util.test.junit.TclTests" name="[6] /home/travis/build/icyphy/ptII/ptolemy/actor/lib/test/Const.tcl (RunTclFile)" time="0.167" />
  <testcase classname="ptolemy.util.test.junit.TclTests" name="[7] /home/travis/build/icyphy/ptII/ptolemy/actor/lib/test/CurrentTime.tcl (RunTclFile)" time="0.036" />
  <testcase classname="ptolemy.util.test.junit.TclTests" name="[8] /home/travis/build/icyphy/ptII/ptolemy/actor/lib/test/DB.tcl (RunTclFile)" time="0.075" />
  <testcase classname="ptolemy.util.test.junit.TclTests" name="[9] /home/travis/build/icyphy/ptII/ptolemy/actor/lib/test/DiscreteRandomSource.tcl (RunTclFile)" time="0.062" />
  <testcase classname="ptolemy.util.test.junit.TclTests" name="[10] /home/travis/build/icyphy/ptII/ptolemy/actor/lib/test/Distributor.tcl (RunTclFile)" time="0.074" />
  <testcase classname="ptolemy.util.test.junit.TclTests" name="[11] /home/travis/build/icyphy/ptII/ptolemy/actor/lib/test/Exit.tcl (RunTclFile)" time="0.094" />
  <testcase classname="ptolemy.util.test.junit.TclTests" name="[12] /home/travis/build/icyphy/ptII/ptolemy/actor/lib/test/Expression.tcl (RunTclFile)" time="0.176" />
  <testcase classname="ptolemy.util.test.junit.TclTests" name="[13] /home/travis/build/icyphy/ptII/ptolemy/actor/lib/test/Gaussian.tcl (RunTclFile)" time="0.316" />
  <testcase classname="ptolemy.util.test.junit.TclTests" name="[14] /home/travis/build/icyphy/ptII/ptolemy/actor/lib/test/IIR.tcl (RunTclFile)" time="0.024" />
  <testcase classname="ptolemy.util.test.junit.TclTests" name="[15] /home/travis/build/icyphy/ptII/ptolemy/actor/lib/test/Interpolator.tcl (RunTclFile)" time="0.085" />
  <testcase classname="ptolemy.util.test.junit.TclTests" name="[16] /home/travis/build/icyphy/ptII/ptolemy/actor/lib/test/MathFunction.tcl (RunTclFile)" time="0.065" />
  <testcase classname="ptolemy.util.test.junit.TclTests" name="[17] /home/travis/build/icyphy/ptII/ptolemy/actor/lib/test/Maximum.tcl (RunTclFile)" time="0.044" />
  <testcase classname="ptolemy.util.test.junit.TclTests" name="[18] /home/travis/build/icyphy/ptII/ptolemy/actor/lib/test/Minimum.tcl (RunTclFile)" time="0.034" />
  <testcase classname="ptolemy.util.test.junit.TclTests" name="[19] /home/travis/build/icyphy/ptII/ptolemy/actor/lib/test/MultiplyDivide.tcl (RunTclFile)" time="0.046" />
  <testcase classname="ptolemy.util.test.junit.TclTests" name="[20] /home/travis/build/icyphy/ptII/ptolemy/actor/lib/test/OrderedMerge.tcl (RunTclFile)" time="0.148" />
  <testcase classname="ptolemy.util.test.junit.TclTests" name="[21] /home/travis/build/icyphy/ptII/ptolemy/actor/lib/test/Publisher.tcl (RunTclFile)" time="0.916" />
  <testcase classname="ptolemy.util.test.junit.TclTests" name="[22] /home/travis/build/icyphy/ptII/ptolemy/actor/lib/test/Pulse.tcl (RunTclFile)" time="0.061" />
  <testcase classname="ptolemy.util.test.junit.TclTests" name="[23] /home/travis/build/icyphy/ptII/ptolemy/actor/lib/test/Ramp.tcl (RunTclFile)" time="2.363" />
  <testcase classname="ptolemy.util.test.junit.TclTests" name="[24] /home/travis/build/icyphy/ptII/ptolemy/actor/lib/test/RampContinuous.tcl (RunTclFile)" time="0.018" />
  <testcase classname="ptolemy.util.test.junit.TclTests" name="[25] /home/travis/build/icyphy/ptII/ptolemy/actor/lib/test/RecordAssembler.tcl (RunTclFile)" time="0.016" />
  <testcase classname="ptolemy.util.test.junit.TclTests" name="[26] /home/travis/build/icyphy/ptII/ptolemy/actor/lib/test/RecordDisassembler.tcl (RunTclFile)" time="0.02" />
  <testcase classname="ptolemy.util.test.junit.TclTests" name="[27] /home/travis/build/icyphy/ptII/ptolemy/actor/lib/test/Scale.tcl (RunTclFile)" time="0.019" />
  <testcase classname="ptolemy.util.test.junit.TclTests" name="[28] /home/travis/build/icyphy/ptII/ptolemy/actor/lib/test/SequentialClock.tcl (RunTclFile)" time="0.018" />
  <testcase classname="ptolemy.util.test.junit.TclTests" name="[29] /home/travis/build/icyphy/ptII/ptolemy/actor/lib/test/SetVariable.tcl (RunTclFile)" time="0.025">
    <failure message="Number of failed tests is has increased. expected:&lt;0&gt; but was:&lt;1&gt;" type="junit.framework.AssertionFailedError">junit.framework.AssertionFailedError: Number of failed tests is has increased. expected:&lt;0&gt; but was:&lt;1&gt;
	at ptolemy.util.test.junit.TclTests.RunTclFile(TclTests.java:286)
	at jdk.internal.reflect.GeneratedMethodAccessor19.invoke(Unknown Source)
	at java.base/jdk.internal.reflect.DelegatingMethodAccessorImpl.invoke(DelegatingMethodAccessorImpl.java:43)
	at junitparams.internal.InvokeParameterisedMethod.evaluate(InvokeParameterisedMethod.java:102)
	at junitparams.internal.ParameterisedTestMethodRunner.runMethodInvoker(ParameterisedTestMethodRunner.java:47)
	at junitparams.internal.ParameterisedTestMethodRunner.runTestMethod(ParameterisedTestMethodRunner.java:41)
	at junitparams.internal.ParameterisedTestClassRunner.runParameterisedTest(ParameterisedTestClassRunner.java:143)
	at junitparams.JUnitParamsRunner.runChild(JUnitParamsRunner.java:237)
	at junitparams.JUnitParamsRunner.runChild(JUnitParamsRunner.java:215)
</failure>
  </testcase>
  <testcase classname="ptolemy.util.test.junit.TclTests" name="[30] /home/travis/build/icyphy/ptII/ptolemy/actor/lib/test/Sinewave.tcl (RunTclFile)" time="0.028" />
  <testcase classname="ptolemy.util.test.junit.TclTests" name="[31] /home/travis/build/icyphy/ptII/ptolemy/actor/lib/test/SubscriptionAggregator.tcl (RunTclFile)" time="2.447" />
  <testcase classname="ptolemy.util.test.junit.TclTests" name="[32] /home/travis/build/icyphy/ptII/ptolemy/actor/lib/test/Test.tcl (RunTclFile)" time="0.121" />
  <testcase classname="ptolemy.util.test.junit.TclTests" name="[33] /home/travis/build/icyphy/ptII/ptolemy/actor/lib/test/TestExceptionHandler.tcl (RunTclFile)" time="0.013" />
  <testcase classname="ptolemy.util.test.junit.TclTests" name="[34] /home/travis/build/icyphy/ptII/ptolemy/actor/lib/test/UnionDisassembler.tcl (RunTclFile)" time="0.08" />
  <testcase classname="ptolemy.util.test.junit.TclTests" name="[35] /home/travis/build/icyphy/ptII/ptolemy/actor/lib/test/VariableClock.tcl (RunTclFile)" time="0.033" />
  <testcase classname="ptolemy.util.test.junit.AutoKnownFailedTests" name="[0] /home/travis/build/icyphy/ptII/ptolemy/actor/lib/test/auto/knownFailedTests/PublisherPortToplevelSubscriber.xml (RunModel)" time="0.031" />
  <testcase classname="ptolemy.util.test.junit.AutoKnownFailedTests" name="[1] /home/travis/build/icyphy/ptII/ptolemy/actor/lib/test/auto/knownFailedTests/PublisherSubscriberPortToplevel.xml (RunModel)" time="0.017" />
  <testcase classname="ptolemy.util.test.junit.AutoKnownFailedTests" name="[2] /home/travis/build/icyphy/ptII/ptolemy/actor/lib/test/auto/knownFailedTests/PublisherSubscriptionAggregatorPort.xml (RunModel)" time="0.024" />
  <testcase classname="ptolemy.util.test.junit.AutoKnownFailedTests" name="[3] /home/travis/build/icyphy/ptII/ptolemy/actor/lib/test/auto/knownFailedTests/sizedarray3.xml (RunModel)" time="0.035" />
  <testcase classname="ptolemy.util.test.junit.AutoNameArchTests" name="[0] ThereAreNoAutoArchTests (RunModel)" time="0.001" />
  <testcase classname="ptolemy.util.test.junit.AutoTests" name="[0] /home/travis/build/icyphy/ptII/ptolemy/actor/lib/test/auto/AbsoluteValue.xml (RunModel)" time="0.123" />
  <testcase classname="ptolemy.util.test.junit.AutoTests" name="[1] /home/travis/build/icyphy/ptII/ptolemy/actor/lib/test/auto/AbsoluteValue2.xml (RunModel)" time="0.211" />
  <testcase classname="ptolemy.util.test.junit.AutoTests" name="[2] /home/travis/build/icyphy/ptII/ptolemy/actor/lib/test/auto/Accumulator.xml (RunModel)" time="0.08" />
  <testcase classname="ptolemy.util.test.junit.AutoTests" name="[3] /home/travis/build/icyphy/ptII/ptolemy/actor/lib/test/auto/Accumulator2.xml (RunModel)" time="0.021" />
  <testcase classname="ptolemy.util.test.junit.AutoTests" name="[4] /home/travis/build/icyphy/ptII/ptolemy/actor/lib/test/auto/Accumulator3.xml (RunModel)" time="0.015" />
  <testcase classname="ptolemy.util.test.junit.AutoTests" name="[5] /home/travis/build/icyphy/ptII/ptolemy/actor/lib/test/auto/ArrayAppend.xml (RunModel)" time="0.03" />
  <testcase classname="ptolemy.util.test.junit.AutoTests" name="[6] /home/travis/build/icyphy/ptII/ptolemy/actor/lib/test/auto/ArrayAppend2.xml (RunModel)" time="0.448" />
  <testcase classname="ptolemy.util.test.junit.AutoTests" name="[7] /home/travis/build/icyphy/ptII/ptolemy/actor/lib/test/auto/ArrayAppend3.xml (RunModel)" time="0.042" />
  <testcase classname="ptolemy.util.test.junit.AutoTests" name="[8] /home/travis/build/icyphy/ptII/ptolemy/actor/lib/test/auto/ArrayAppend4.xml (RunModel)" time="0.029" />
  <testcase classname="ptolemy.util.test.junit.AutoTests" name="[9] /home/travis/build/icyphy/ptII/ptolemy/actor/lib/test/auto/ArrayAppend5.xml (RunModel)" time="0.017" />
  <testcase classname="ptolemy.util.test.junit.AutoTests" name="[10] /home/travis/build/icyphy/ptII/ptolemy/actor/lib/test/auto/ArrayAppend6.xml (RunModel)" time="0.027" />
  <testcase classname="ptolemy.util.test.junit.AutoTests" name="[11] /home/travis/build/icyphy/ptII/ptolemy/actor/lib/test/auto/ArrayAppendPerformanceTest.xml (RunModel)" time="0.114" />
  <testcase classname="ptolemy.util.test.junit.AutoTests" name="[12] /home/travis/build/icyphy/ptII/ptolemy/actor/lib/test/auto/ArrayAppendWithEmptyInput.xml (RunModel)" time="0.056" />
  <testcase classname="ptolemy.util.test.junit.AutoTests" name="[13] /home/travis/build/icyphy/ptII/ptolemy/actor/lib/test/auto/ArrayAverage.xml (RunModel)" time="0.057" />
  <testcase classname="ptolemy.util.test.junit.AutoTests" name="[14] /home/travis/build/icyphy/ptII/ptolemy/actor/lib/test/auto/ArrayContains.xml (RunModel)" time="0.047" />
  <testcase classname="ptolemy.util.test.junit.AutoTests" name="[15] /home/travis/build/icyphy/ptII/ptolemy/actor/lib/test/auto/ArrayElement.xml (RunModel)" time="0.034" />
  <testcase classname="ptolemy.util.test.junit.AutoTests" name="[16] /home/travis/build/icyphy/ptII/ptolemy/actor/lib/test/auto/ArrayElementAsMatrix.xml (RunModel)" time="0.049" />
  <testcase classname="ptolemy.util.test.junit.AutoTests" name="[17] /home/travis/build/icyphy/ptII/ptolemy/actor/lib/test/auto/ArrayElementI.xml (RunModel)" time="0.021" />
  <testcase classname="ptolemy.util.test.junit.AutoTests" name="[18] /home/travis/build/icyphy/ptII/ptolemy/actor/lib/test/auto/ArrayExtract.xml (RunModel)" time="0.033" />
  <testcase classname="ptolemy.util.test.junit.AutoTests" name="[19] /home/travis/build/icyphy/ptII/ptolemy/actor/lib/test/auto/ArrayExtract2.xml (RunModel)" time="0.022" />
  <testcase classname="ptolemy.util.test.junit.AutoTests" name="[20] /home/travis/build/icyphy/ptII/ptolemy/actor/lib/test/auto/ArrayLength.xml (RunModel)" time="0.017" />
  <testcase classname="ptolemy.util.test.junit.AutoTests" name="[21] /home/travis/build/icyphy/ptII/ptolemy/actor/lib/test/auto/ArrayLevelCrossing.xml (RunModel)" time="0.045" />
  <testcase classname="ptolemy.util.test.junit.AutoTests" name="[22] /home/travis/build/icyphy/ptII/ptolemy/actor/lib/test/auto/ArrayLevelCrossing2.xml (RunModel)" time="0.027" />
  <testcase classname="ptolemy.util.test.junit.AutoTests" name="[23] /home/travis/build/icyphy/ptII/ptolemy/actor/lib/test/auto/ArrayPeakSearch.xml (RunModel)" time="0.035" />
  <testcase classname="ptolemy.util.test.junit.AutoTests" name="[24] /home/travis/build/icyphy/ptII/ptolemy/actor/lib/test/auto/ArrayPeakSearch2.xml (RunModel)" time="0.055" />
  <testcase classname="ptolemy.util.test.junit.AutoTests" name="[25] /home/travis/build/icyphy/ptII/ptolemy/actor/lib/test/auto/ArrayPeakSearch3.xml (RunModel)" time="0.046" />
  <testcase classname="ptolemy.util.test.junit.AutoTests" name="[26] /home/travis/build/icyphy/ptII/ptolemy/actor/lib/test/auto/ArrayRemoveElement.xml (RunModel)" time="0.034" />
  <testcase classname="ptolemy.util.test.junit.AutoTests" name="[27] /home/travis/build/icyphy/ptII/ptolemy/actor/lib/test/auto/ArraySort.xml (RunModel)" time="0.04" />
  <testcase classname="ptolemy.util.test.junit.AutoTests" name="[28] /home/travis/build/icyphy/ptII/ptolemy/actor/lib/test/auto/ArraySum.xml (RunModel)" time="0.022" />
  <testcase classname="ptolemy.util.test.junit.AutoTests" name="[29] /home/travis/build/icyphy/ptII/ptolemy/actor/lib/test/auto/ArrayToElements.xml (RunModel)" time="0.03" />
  <testcase classname="ptolemy.util.test.junit.AutoTests" name="[30] /home/travis/build/icyphy/ptII/ptolemy/actor/lib/test/auto/ArrayToMatrix.xml (RunModel)" time="0.071" />
  <testcase classname="ptolemy.util.test.junit.AutoTests" name="[31] /home/travis/build/icyphy/ptII/ptolemy/actor/lib/test/auto/ArrayUpdate1.xml (RunModel)" time="0.065" />
  <testcase classname="ptolemy.util.test.junit.AutoTests" name="[32] /home/travis/build/icyphy/ptII/ptolemy/actor/lib/test/auto/ArrayUpdate2.xml (RunModel)" time="0.027" />
  <testcase classname="ptolemy.util.test.junit.AutoTests" name="[33] /home/travis/build/icyphy/ptII/ptolemy/actor/lib/test/auto/ArrayUpdate3.xml (RunModel)" time="0.017" />
  <testcase classname="ptolemy.util.test.junit.AutoTests" name="[34] /home/travis/build/icyphy/ptII/ptolemy/actor/lib/test/auto/Assert1.xml (RunModel)" time="0.025" />
  <testcase classname="ptolemy.util.test.junit.AutoTests" name="[35] /home/travis/build/icyphy/ptII/ptolemy/actor/lib/test/auto/Assert2.xml (RunModel)" time="0.02" />
  <testcase classname="ptolemy.util.test.junit.AutoTests" name="[36] /home/travis/build/icyphy/ptII/ptolemy/actor/lib/test/auto/BooleanMultiplexor.xml (RunModel)" time="0.018" />
  <testcase classname="ptolemy.util.test.junit.AutoTests" name="[37] /home/travis/build/icyphy/ptII/ptolemy/actor/lib/test/auto/BooleanMultiplexor2.xml (RunModel)" time="0.029" />
  <testcase classname="ptolemy.util.test.junit.AutoTests" name="[38] /home/travis/build/icyphy/ptII/ptolemy/actor/lib/test/auto/BooleanMultiplexor3.xml (RunModel)" time="0.025" />
  <testcase classname="ptolemy.util.test.junit.AutoTests" name="[39] /home/travis/build/icyphy/ptII/ptolemy/actor/lib/test/auto/BooleanSelect.xml (RunModel)" time="0.027" />
  <testcase classname="ptolemy.util.test.junit.AutoTests" name="[40] /home/travis/build/icyphy/ptII/ptolemy/actor/lib/test/auto/BooleanSelect2.xml (RunModel)" time="0.02" />
  <testcase classname="ptolemy.util.test.junit.AutoTests" name="[41] /home/travis/build/icyphy/ptII/ptolemy/actor/lib/test/auto/BooleanSwitch.xml (RunModel)" time="0.029" />
  <testcase classname="ptolemy.util.test.junit.AutoTests" name="[42] /home/travis/build/icyphy/ptII/ptolemy/actor/lib/test/auto/BooleanSwitch2.xml (RunModel)" time="0.015" />
  <testcase classname="ptolemy.util.test.junit.AutoTests" name="[43] /home/travis/build/icyphy/ptII/ptolemy/actor/lib/test/auto/BooleanSwitchCloningBugWithClassRelationGroup.xml (RunModel)" time="0.031" />
  <testcase classname="ptolemy.util.test.junit.AutoTests" name="[44] /home/travis/build/icyphy/ptII/ptolemy/actor/lib/test/auto/BusActors.xml (RunModel)" time="0.042" />
  <testcase classname="ptolemy.util.test.junit.AutoTests" name="[45] /home/travis/build/icyphy/ptII/ptolemy/actor/lib/test/auto/ClassWrapper.xml (RunModel)" time="0.028" />
  <testcase classname="ptolemy.util.test.junit.AutoTests" name="[46] /home/travis/build/icyphy/ptII/ptolemy/actor/lib/test/auto/Clock.xml (RunModel)" time="0.009" />
  <testcase classname="ptolemy.util.test.junit.AutoTests" name="[47] /home/travis/build/icyphy/ptII/ptolemy/actor/lib/test/auto/Clock10.xml (RunModel)" time="0.038" />
  <testcase classname="ptolemy.util.test.junit.AutoTests" name="[48] /home/travis/build/icyphy/ptII/ptolemy/actor/lib/test/auto/Clock11.xml (RunModel)" time="0.018" />
  <testcase classname="ptolemy.util.test.junit.AutoTests" name="[49] /home/travis/build/icyphy/ptII/ptolemy/actor/lib/test/auto/Clock12.xml (RunModel)" time="0.017" />
  <testcase classname="ptolemy.util.test.junit.AutoTests" name="[50] /home/travis/build/icyphy/ptII/ptolemy/actor/lib/test/auto/Clock13.xml (RunModel)" time="0.019" />
  <testcase classname="ptolemy.util.test.junit.AutoTests" name="[51] /home/travis/build/icyphy/ptII/ptolemy/actor/lib/test/auto/Clock14.xml (RunModel)" time="0.023" />
  <testcase classname="ptolemy.util.test.junit.AutoTests" name="[52] /home/travis/build/icyphy/ptII/ptolemy/actor/lib/test/auto/Clock15.xml (RunModel)" time="0.015" />
  <testcase classname="ptolemy.util.test.junit.AutoTests" name="[53] /home/travis/build/icyphy/ptII/ptolemy/actor/lib/test/auto/Clock16.xml (RunModel)" time="0.1" />
  <testcase classname="ptolemy.util.test.junit.AutoTests" name="[54] /home/travis/build/icyphy/ptII/ptolemy/actor/lib/test/auto/Clock17.xml (RunModel)" time="0.083" />
  <testcase classname="ptolemy.util.test.junit.AutoTests" name="[55] /home/travis/build/icyphy/ptII/ptolemy/actor/lib/test/auto/Clock18.xml (RunModel)" time="0.061" />
  <testcase classname="ptolemy.util.test.junit.AutoTests" name="[56] /home/travis/build/icyphy/ptII/ptolemy/actor/lib/test/auto/Clock19.xml (RunModel)" time="0.05" />
  <testcase classname="ptolemy.util.test.junit.AutoTests" name="[57] /home/travis/build/icyphy/ptII/ptolemy/actor/lib/test/auto/Clock2.xml (RunModel)" time="0.02" />
  <testcase classname="ptolemy.util.test.junit.AutoTests" name="[58] /home/travis/build/icyphy/ptII/ptolemy/actor/lib/test/auto/Clock20.xml (RunModel)" time="0.027" />
  <testcase classname="ptolemy.util.test.junit.AutoTests" name="[59] /home/travis/build/icyphy/ptII/ptolemy/actor/lib/test/auto/Clock21.xml (RunModel)" time="0.019" />
  <testcase classname="ptolemy.util.test.junit.AutoTests" name="[60] /home/travis/build/icyphy/ptII/ptolemy/actor/lib/test/auto/Clock22.xml (RunModel)" time="0.018" />
  <testcase classname="ptolemy.util.test.junit.AutoTests" name="[61] /home/travis/build/icyphy/ptII/ptolemy/actor/lib/test/auto/Clock23.xml (RunModel)" time="0.02" />
  <testcase classname="ptolemy.util.test.junit.AutoTests" name="[62] /home/travis/build/icyphy/ptII/ptolemy/actor/lib/test/auto/Clock24.xml (RunModel)" time="0.022" />
  <testcase classname="ptolemy.util.test.junit.AutoTests" name="[63] /home/travis/build/icyphy/ptII/ptolemy/actor/lib/test/auto/Clock4.xml (RunModel)" time="0.015" />
  <testcase classname="ptolemy.util.test.junit.AutoTests" name="[64] /home/travis/build/icyphy/ptII/ptolemy/actor/lib/test/auto/Clock5.xml (RunModel)" time="0.015" />
  <testcase classname="ptolemy.util.test.junit.AutoTests" name="[65] /home/travis/build/icyphy/ptII/ptolemy/actor/lib/test/auto/Clock6.xml (RunModel)" time="0.012" />
  <testcase classname="ptolemy.util.test.junit.AutoTests" name="[66] /home/travis/build/icyphy/ptII/ptolemy/actor/lib/test/auto/Clock7.xml (RunModel)" time="0.017" />
  <testcase classname="ptolemy.util.test.junit.AutoTests" name="[67] /home/travis/build/icyphy/ptII/ptolemy/actor/lib/test/auto/Clock8.xml (RunModel)" time="0.015" />
  <testcase classname="ptolemy.util.test.junit.AutoTests" name="[68] /home/travis/build/icyphy/ptII/ptolemy/actor/lib/test/auto/Clock9.xml (RunModel)" time="0.02" />
  <testcase classname="ptolemy.util.test.junit.AutoTests" name="[69] /home/travis/build/icyphy/ptII/ptolemy/actor/lib/test/auto/CommDistDiscard.xml (RunModel)" time="0.026" />
  <testcase classname="ptolemy.util.test.junit.AutoTests" name="[70] /home/travis/build/icyphy/ptII/ptolemy/actor/lib/test/auto/Commutator.xml (RunModel)" time="0.015" />
  <testcase classname="ptolemy.util.test.junit.AutoTests" name="[71] /home/travis/build/icyphy/ptII/ptolemy/actor/lib/test/auto/Commutator2.xml (RunModel)" time="0.01" />
  <testcase classname="ptolemy.util.test.junit.AutoTests" name="[72] /home/travis/build/icyphy/ptII/ptolemy/actor/lib/test/auto/Commutator3.xml (RunModel)" time="0.014" />
  <testcase classname="ptolemy.util.test.junit.AutoTests" name="[73] /home/travis/build/icyphy/ptII/ptolemy/actor/lib/test/auto/Compare.xml (RunModel)" time="0.02" />
  <testcase classname="ptolemy.util.test.junit.AutoTests" name="[74] /home/travis/build/icyphy/ptII/ptolemy/actor/lib/test/auto/CompareDE.xml (RunModel)" time="0.019" />
  <testcase classname="ptolemy.util.test.junit.AutoTests" name="[75] /home/travis/build/icyphy/ptII/ptolemy/actor/lib/test/auto/ComplexDivide.xml (RunModel)" time="0.009" />
  <testcase classname="ptolemy.util.test.junit.AutoTests" name="[76] /home/travis/build/icyphy/ptII/ptolemy/actor/lib/test/auto/ComputeHistogram.xml (RunModel)" time="0.092" />
  <testcase classname="ptolemy.util.test.junit.AutoTests" name="[77] /home/travis/build/icyphy/ptII/ptolemy/actor/lib/test/auto/ConfigurationSelect.xml (RunModel)" time="0.017" />
  <testcase classname="ptolemy.util.test.junit.AutoTests" name="[78] /home/travis/build/icyphy/ptII/ptolemy/actor/lib/test/auto/ConfigurationSelect2.xml (RunModel)" time="0.016" />
  <testcase classname="ptolemy.util.test.junit.AutoTests" name="[79] /home/travis/build/icyphy/ptII/ptolemy/actor/lib/test/auto/ConfigurationSwitch.xml (RunModel)" time="0.032" />
  <testcase classname="ptolemy.util.test.junit.AutoTests" name="[80] /home/travis/build/icyphy/ptII/ptolemy/actor/lib/test/auto/ConfigurationSwitch2.xml (RunModel)" time="0.02" />
  <testcase classname="ptolemy.util.test.junit.AutoTests" name="[81] /home/travis/build/icyphy/ptII/ptolemy/actor/lib/test/auto/ConfigurationSwitchCloningBugWithClassRelationGroup.xml (RunModel)" time="0.021" />
  <testcase classname="ptolemy.util.test.junit.AutoTests" name="[82] /home/travis/build/icyphy/ptII/ptolemy/actor/lib/test/auto/ConfigurationSwitchSelectSDF.xml (RunModel)" time="0.019" />
  <testcase classname="ptolemy.util.test.junit.AutoTests" name="[83] /home/travis/build/icyphy/ptII/ptolemy/actor/lib/test/auto/ConfigurationSwitchSelectSDF2.xml (RunModel)" time="0.013" />
  <testcase classname="ptolemy.util.test.junit.AutoTests" name="[84] /home/travis/build/icyphy/ptII/ptolemy/actor/lib/test/auto/Const.xml (RunModel)" time="0.007" />
  <testcase classname="ptolemy.util.test.junit.AutoTests" name="[85] /home/travis/build/icyphy/ptII/ptolemy/actor/lib/test/auto/Const2.xml (RunModel)" time="0.011" />
  <testcase classname="ptolemy.util.test.junit.AutoTests" name="[86] /home/travis/build/icyphy/ptII/ptolemy/actor/lib/test/auto/Const3.xml (RunModel)" time="0.009" />
  <testcase classname="ptolemy.util.test.junit.AutoTests" name="[87] /home/travis/build/icyphy/ptII/ptolemy/actor/lib/test/auto/ConstantPublisherPort1.xml (RunModel)" time="0.03" />
  <testcase classname="ptolemy.util.test.junit.AutoTests" name="[88] /home/travis/build/icyphy/ptII/ptolemy/actor/lib/test/auto/ConstantPublisherPort2.xml (RunModel)" time="0.024" />
  <testcase classname="ptolemy.util.test.junit.AutoTests" name="[89] /home/travis/build/icyphy/ptII/ptolemy/actor/lib/test/auto/ConstantPublisherPort3.xml (RunModel)" time="0.022" />
  <testcase classname="ptolemy.util.test.junit.AutoTests" name="[90] /home/travis/build/icyphy/ptII/ptolemy/actor/lib/test/auto/ConstantPublisherPort4.xml (RunModel)" time="0.018" />
  <testcase classname="ptolemy.util.test.junit.AutoTests" name="[91] /home/travis/build/icyphy/ptII/ptolemy/actor/lib/test/auto/ConstantPublisherPort5.xml (RunModel)" time="0.05" />
  <testcase classname="ptolemy.util.test.junit.AutoTests" name="[92] /home/travis/build/icyphy/ptII/ptolemy/actor/lib/test/auto/ConstantPublisherPort6.xml (RunModel)" time="0.033" />
  <testcase classname="ptolemy.util.test.junit.AutoTests" name="[93] /home/travis/build/icyphy/ptII/ptolemy/actor/lib/test/auto/ConstantPublisherPort7.xml (RunModel)" time="0.034" />
  <testcase classname="ptolemy.util.test.junit.AutoTests" name="[94] /home/travis/build/icyphy/ptII/ptolemy/actor/lib/test/auto/ConstraintMonitor1.xml (RunModel)" time="0.033" />
  <testcase classname="ptolemy.util.test.junit.AutoTests" name="[95] /home/travis/build/icyphy/ptII/ptolemy/actor/lib/test/auto/ConstraintMonitor2.xml (RunModel)" time="0.013" />
  <testcase classname="ptolemy.util.test.junit.AutoTests" name="[96] /home/travis/build/icyphy/ptII/ptolemy/actor/lib/test/auto/ConstraintMonitor3.xml (RunModel)" time="0.019" />
  <testcase classname="ptolemy.util.test.junit.AutoTests" name="[97] /home/travis/build/icyphy/ptII/ptolemy/actor/lib/test/auto/ConstraintMonitor4.xml (RunModel)" time="0.014" />
  <testcase classname="ptolemy.util.test.junit.AutoTests" name="[98] /home/travis/build/icyphy/ptII/ptolemy/actor/lib/test/auto/ConstraintMonitor5.xml (RunModel)" time="0.014" />
  <testcase classname="ptolemy.util.test.junit.AutoTests" name="[99] /home/travis/build/icyphy/ptII/ptolemy/actor/lib/test/auto/ConstraintMonitor6.xml (RunModel)" time="0.017" />
  <testcase classname="ptolemy.util.test.junit.AutoTests" name="[100] /home/travis/build/icyphy/ptII/ptolemy/actor/lib/test/auto/ConstraintMonitor7.xml (RunModel)" time="0.022" />
  <testcase classname="ptolemy.util.test.junit.AutoTests" name="[101] /home/travis/build/icyphy/ptII/ptolemy/actor/lib/test/auto/ConstraintMonitor8.xml (RunModel)" time="0.018" />
  <testcase classname="ptolemy.util.test.junit.AutoTests" name="[102] /home/travis/build/icyphy/ptII/ptolemy/actor/lib/test/auto/Counter.xml (RunModel)" time="0.015" />
  <testcase classname="ptolemy.util.test.junit.AutoTests" name="[103] /home/travis/build/icyphy/ptII/ptolemy/actor/lib/test/auto/CurrentTimeSDF.xml (RunModel)" time="0.011" />
  <testcase classname="ptolemy.util.test.junit.AutoTests" name="[104] /home/travis/build/icyphy/ptII/ptolemy/actor/lib/test/auto/DB.xml (RunModel)" time="0.014" />
  <testcase classname="ptolemy.util.test.junit.AutoTests" name="[105] /home/travis/build/icyphy/ptII/ptolemy/actor/lib/test/auto/DBDE.xml (RunModel)" time="0.017" />
  <testcase classname="ptolemy.util.test.junit.AutoTests" name="[106] /home/travis/build/icyphy/ptII/ptolemy/actor/lib/test/auto/DateConstructor.xml (RunModel)" time="0.081" />
  <testcase classname="ptolemy.util.test.junit.AutoTests" name="[107] /home/travis/build/icyphy/ptII/ptolemy/actor/lib/test/auto/DelayTime.xml (RunModel)" time="0.021" />
  <testcase classname="ptolemy.util.test.junit.AutoTests" name="[108] /home/travis/build/icyphy/ptII/ptolemy/actor/lib/test/auto/Dictionary1.xml (RunModel)" time="0.02" />
  <testcase classname="ptolemy.util.test.junit.AutoTests" name="[109] /home/travis/build/icyphy/ptII/ptolemy/actor/lib/test/auto/Dictionary2.xml (RunModel)" time="0.019" />
  <testcase classname="ptolemy.util.test.junit.AutoTests" name="[110] /home/travis/build/icyphy/ptII/ptolemy/actor/lib/test/auto/Dictionary3.xml (RunModel)" time="0.017" />
  <testcase classname="ptolemy.util.test.junit.AutoTests" name="[111] /home/travis/build/icyphy/ptII/ptolemy/actor/lib/test/auto/Dictionary4.xml (RunModel)" time="0.02" />
  <testcase classname="ptolemy.util.test.junit.AutoTests" name="[112] /home/travis/build/icyphy/ptII/ptolemy/actor/lib/test/auto/Differential.xml (RunModel)" time="0.013" />
  <testcase classname="ptolemy.util.test.junit.AutoTests" name="[113] /home/travis/build/icyphy/ptII/ptolemy/actor/lib/test/auto/Director.xml (RunModel)" time="0.016" />
  <testcase classname="ptolemy.util.test.junit.AutoTests" name="[114] /home/travis/build/icyphy/ptII/ptolemy/actor/lib/test/auto/DiscreteClock.xml (RunModel)" time="0.008" />
  <testcase classname="ptolemy.util.test.junit.AutoTests" name="[115] /home/travis/build/icyphy/ptII/ptolemy/actor/lib/test/auto/DiscreteClock10.xml (RunModel)" time="0.014" />
  <testcase classname="ptolemy.util.test.junit.AutoTests" name="[116] /home/travis/build/icyphy/ptII/ptolemy/actor/lib/test/auto/DiscreteClock11.xml (RunModel)" time="0.014" />
  <testcase classname="ptolemy.util.test.junit.AutoTests" name="[117] /home/travis/build/icyphy/ptII/ptolemy/actor/lib/test/auto/DiscreteClock12.xml (RunModel)" time="0.016" />
  <testcase classname="ptolemy.util.test.junit.AutoTests" name="[118] /home/travis/build/icyphy/ptII/ptolemy/actor/lib/test/auto/DiscreteClock13.xml (RunModel)" time="0.017" />
  <testcase classname="ptolemy.util.test.junit.AutoTests" name="[119] /home/travis/build/icyphy/ptII/ptolemy/actor/lib/test/auto/DiscreteClock14.xml (RunModel)" time="0.016" />
  <testcase classname="ptolemy.util.test.junit.AutoTests" name="[120] /home/travis/build/icyphy/ptII/ptolemy/actor/lib/test/auto/DiscreteClock15.xml (RunModel)" time="0.015" />
  <testcase classname="ptolemy.util.test.junit.AutoTests" name="[121] /home/travis/build/icyphy/ptII/ptolemy/actor/lib/test/auto/DiscreteClock16.xml (RunModel)" time="0.087" />
  <testcase classname="ptolemy.util.test.junit.AutoTests" name="[122] /home/travis/build/icyphy/ptII/ptolemy/actor/lib/test/auto/DiscreteClock17.xml (RunModel)" time="0.039" />
  <testcase classname="ptolemy.util.test.junit.AutoTests" name="[123] /home/travis/build/icyphy/ptII/ptolemy/actor/lib/test/auto/DiscreteClock18.xml (RunModel)" time="0.04" />
  <testcase classname="ptolemy.util.test.junit.AutoTests" name="[124] /home/travis/build/icyphy/ptII/ptolemy/actor/lib/test/auto/DiscreteClock19.xml (RunModel)" time="0.047" />
  <testcase classname="ptolemy.util.test.junit.AutoTests" name="[125] /home/travis/build/icyphy/ptII/ptolemy/actor/lib/test/auto/DiscreteClock2.xml (RunModel)" time="0.014" />
  <testcase classname="ptolemy.util.test.junit.AutoTests" name="[126] /home/travis/build/icyphy/ptII/ptolemy/actor/lib/test/auto/DiscreteClock20.xml (RunModel)" time="0.02" />
  <testcase classname="ptolemy.util.test.junit.AutoTests" name="[127] /home/travis/build/icyphy/ptII/ptolemy/actor/lib/test/auto/DiscreteClock21.xml (RunModel)" time="0.02" />
  <testcase classname="ptolemy.util.test.junit.AutoTests" name="[128] /home/travis/build/icyphy/ptII/ptolemy/actor/lib/test/auto/DiscreteClock22.xml (RunModel)" time="0.019" />
  <testcase classname="ptolemy.util.test.junit.AutoTests" name="[129] /home/travis/build/icyphy/ptII/ptolemy/actor/lib/test/auto/DiscreteClock23.xml (RunModel)" time="0.025" />
  <testcase classname="ptolemy.util.test.junit.AutoTests" name="[130] /home/travis/build/icyphy/ptII/ptolemy/actor/lib/test/auto/DiscreteClock24.xml (RunModel)" time="0.015" />
  <testcase classname="ptolemy.util.test.junit.AutoTests" name="[131] /home/travis/build/icyphy/ptII/ptolemy/actor/lib/test/auto/DiscreteClock4.xml (RunModel)" time="0.012" />
  <testcase classname="ptolemy.util.test.junit.AutoTests" name="[132] /home/travis/build/icyphy/ptII/ptolemy/actor/lib/test/auto/DiscreteClock5.xml (RunModel)" time="0.011" />
  <testcase classname="ptolemy.util.test.junit.AutoTests" name="[133] /home/travis/build/icyphy/ptII/ptolemy/actor/lib/test/auto/DiscreteClock6.xml (RunModel)" time="0.013" />
  <testcase classname="ptolemy.util.test.junit.AutoTests" name="[134] /home/travis/build/icyphy/ptII/ptolemy/actor/lib/test/auto/DiscreteClock7.xml (RunModel)" time="0.011" />
  <testcase classname="ptolemy.util.test.junit.AutoTests" name="[135] /home/travis/build/icyphy/ptII/ptolemy/actor/lib/test/auto/DiscreteClock8.xml (RunModel)" time="0.03" />
  <testcase classname="ptolemy.util.test.junit.AutoTests" name="[136] /home/travis/build/icyphy/ptII/ptolemy/actor/lib/test/auto/DiscreteClock9.xml (RunModel)" time="0.013" />
  <testcase classname="ptolemy.util.test.junit.AutoTests" name="[137] /home/travis/build/icyphy/ptII/ptolemy/actor/lib/test/auto/DisplayArray.xml (RunModel)" time="0.01" />
  <testcase classname="ptolemy.util.test.junit.AutoTests" name="[138] /home/travis/build/icyphy/ptII/ptolemy/actor/lib/test/auto/Distributor.xml (RunModel)" time="0.017" />
  <testcase classname="ptolemy.util.test.junit.AutoTests" name="[139] /home/travis/build/icyphy/ptII/ptolemy/actor/lib/test/auto/Distributor2.xml (RunModel)" time="0.013" />
  <testcase classname="ptolemy.util.test.junit.AutoTests" name="[140] /home/travis/build/icyphy/ptII/ptolemy/actor/lib/test/auto/DownSample.xml (RunModel)" time="0.012" />
  <testcase classname="ptolemy.util.test.junit.AutoTests" name="[141] /home/travis/build/icyphy/ptII/ptolemy/actor/lib/test/auto/ElectronicUnitBase1.xml (RunModel)" time="0.07" />
  <testcase classname="ptolemy.util.test.junit.AutoTests" name="[142] /home/travis/build/icyphy/ptII/ptolemy/actor/lib/test/auto/ElementsToArray.xml (RunModel)" time="0.012" />
  <testcase classname="ptolemy.util.test.junit.AutoTests" name="[143] /home/travis/build/icyphy/ptII/ptolemy/actor/lib/test/auto/Equals.xml (RunModel)" time="0.017" />
  <testcase classname="ptolemy.util.test.junit.AutoTests" name="[144] /home/travis/build/icyphy/ptII/ptolemy/actor/lib/test/auto/Exec.xml (RunModel)" time="0.035" />
  <testcase classname="ptolemy.util.test.junit.AutoTests" name="[145] /home/travis/build/icyphy/ptII/ptolemy/actor/lib/test/auto/ExecEnvironment.xml (RunModel)" time="0.038" />
  <testcase classname="ptolemy.util.test.junit.AutoTests" name="[146] /home/travis/build/icyphy/ptII/ptolemy/actor/lib/test/auto/ExecNonZeroReturnOutput.xml (RunModel)" time="0.234" />
  <testcase classname="ptolemy.util.test.junit.AutoTests" name="[147] /home/travis/build/icyphy/ptII/ptolemy/actor/lib/test/auto/ExecRunDemos.xml (RunModel)" time="11.123" />
  <testcase classname="ptolemy.util.test.junit.AutoTests" name="[148] /home/travis/build/icyphy/ptII/ptolemy/actor/lib/test/auto/ExecStop.xml (RunModel)" time="5.04" />
  <testcase classname="ptolemy.util.test.junit.AutoTests" name="[149] /home/travis/build/icyphy/ptII/ptolemy/actor/lib/test/auto/ExecutionTimeSDF.xml (RunModel)" time="6.043" />
  <testcase classname="ptolemy.util.test.junit.AutoTests" name="[150] /home/travis/build/icyphy/ptII/ptolemy/actor/lib/test/auto/Expression1.xml (RunModel)" time="0.014" />
  <testcase classname="ptolemy.util.test.junit.AutoTests" name="[151] /home/travis/build/icyphy/ptII/ptolemy/actor/lib/test/auto/Expression10.xml (RunModel)" time="0.033" />
  <testcase classname="ptolemy.util.test.junit.AutoTests" name="[152] /home/travis/build/icyphy/ptII/ptolemy/actor/lib/test/auto/Expression11.xml (RunModel)" time="0.031" />
  <testcase classname="ptolemy.util.test.junit.AutoTests" name="[153] /home/travis/build/icyphy/ptII/ptolemy/actor/lib/test/auto/Expression12.xml (RunModel)" time="0.017" />
  <testcase classname="ptolemy.util.test.junit.AutoTests" name="[154] /home/travis/build/icyphy/ptII/ptolemy/actor/lib/test/auto/Expression13.xml (RunModel)" time="0.015" />
  <testcase classname="ptolemy.util.test.junit.AutoTests" name="[155] /home/travis/build/icyphy/ptII/ptolemy/actor/lib/test/auto/Expression14.xml (RunModel)" time="0.02" />
  <testcase classname="ptolemy.util.test.junit.AutoTests" name="[156] /home/travis/build/icyphy/ptII/ptolemy/actor/lib/test/auto/Expression15.xml (RunModel)" time="0.01" />
  <testcase classname="ptolemy.util.test.junit.AutoTests" name="[157] /home/travis/build/icyphy/ptII/ptolemy/actor/lib/test/auto/Expression16.xml (RunModel)" time="0.017" />
  <testcase classname="ptolemy.util.test.junit.AutoTests" name="[158] /home/travis/build/icyphy/ptII/ptolemy/actor/lib/test/auto/Expression17.xml (RunModel)" time="0.017" />
  <testcase classname="ptolemy.util.test.junit.AutoTests" name="[159] /home/travis/build/icyphy/ptII/ptolemy/actor/lib/test/auto/Expression18.xml (RunModel)" time="0.015" />
  <testcase classname="ptolemy.util.test.junit.AutoTests" name="[160] /home/travis/build/icyphy/ptII/ptolemy/actor/lib/test/auto/Expression2.xml (RunModel)" time="0.015" />
  <testcase classname="ptolemy.util.test.junit.AutoTests" name="[161] /home/travis/build/icyphy/ptII/ptolemy/actor/lib/test/auto/Expression3.xml (RunModel)" time="0.017" />
  <testcase classname="ptolemy.util.test.junit.AutoTests" name="[162] /home/travis/build/icyphy/ptII/ptolemy/actor/lib/test/auto/Expression4.xml (RunModel)" time="0.023" />
  <testcase classname="ptolemy.util.test.junit.AutoTests" name="[163] /home/travis/build/icyphy/ptII/ptolemy/actor/lib/test/auto/Expression5.xml (RunModel)" time="0.017" />
  <testcase classname="ptolemy.util.test.junit.AutoTests" name="[164] /home/travis/build/icyphy/ptII/ptolemy/actor/lib/test/auto/Expression6.xml (RunModel)" time="0.013" />
  <testcase classname="ptolemy.util.test.junit.AutoTests" name="[165] /home/travis/build/icyphy/ptII/ptolemy/actor/lib/test/auto/Expression7.xml (RunModel)" time="0.015" />
  <testcase classname="ptolemy.util.test.junit.AutoTests" name="[166] /home/travis/build/icyphy/ptII/ptolemy/actor/lib/test/auto/Expression8.xml (RunModel)" time="0.021" />
  <testcase classname="ptolemy.util.test.junit.AutoTests" name="[167] /home/travis/build/icyphy/ptII/ptolemy/actor/lib/test/auto/Expression9.xml (RunModel)" time="0.011" />
  <testcase classname="ptolemy.util.test.junit.AutoTests" name="[168] /home/travis/build/icyphy/ptII/ptolemy/actor/lib/test/auto/ExpressionConcatenateArrayType.xml (RunModel)" time="0.035" />
  <testcase classname="ptolemy.util.test.junit.AutoTests" name="[169] /home/travis/build/icyphy/ptII/ptolemy/actor/lib/test/auto/ExpressionConcatenateArrayType2.xml (RunModel)" time="0.025" />
  <testcase classname="ptolemy.util.test.junit.AutoTests" name="[170] /home/travis/build/icyphy/ptII/ptolemy/actor/lib/test/auto/ExpressionFix.xml (RunModel)" time="0.044" />
  <testcase classname="ptolemy.util.test.junit.AutoTests" name="[171] /home/travis/build/icyphy/ptII/ptolemy/actor/lib/test/auto/ExpressionFix2.xml (RunModel)" time="0.017" />
  <testcase classname="ptolemy.util.test.junit.AutoTests" name="[172] /home/travis/build/icyphy/ptII/ptolemy/actor/lib/test/auto/ExpressionFix3.xml (RunModel)" time="0.013" />
  <testcase classname="ptolemy.util.test.junit.AutoTests" name="[173] /home/travis/build/icyphy/ptII/ptolemy/actor/lib/test/auto/FileWriter1.xml (RunModel)" time="0.011" />
  <testcase classname="ptolemy.util.test.junit.AutoTests" name="[174] /home/travis/build/icyphy/ptII/ptolemy/actor/lib/test/auto/FileWriter2.xml (RunModel)" time="0.014" />
  <testcase classname="ptolemy.util.test.junit.AutoTests" name="[175] /home/travis/build/icyphy/ptII/ptolemy/actor/lib/test/auto/FileWriter3.xml (RunModel)" time="0.015" />
  <testcase classname="ptolemy.util.test.junit.AutoTests" name="[176] /home/travis/build/icyphy/ptII/ptolemy/actor/lib/test/auto/Gaussian.xml (RunModel)" time="0.013" />
  <testcase classname="ptolemy.util.test.junit.AutoTests" name="[177] /home/travis/build/icyphy/ptII/ptolemy/actor/lib/test/auto/Gaussian1.xml (RunModel)" time="0.013" />
  <testcase classname="ptolemy.util.test.junit.AutoTests" name="[178] /home/travis/build/icyphy/ptII/ptolemy/actor/lib/test/auto/Gaussian2.xml (RunModel)" time="0.023" />
  <testcase classname="ptolemy.util.test.junit.AutoTests" name="[179] /home/travis/build/icyphy/ptII/ptolemy/actor/lib/test/auto/GradientAdaptiveLattice.xml (RunModel)" time="0.026" />
  <testcase classname="ptolemy.util.test.junit.AutoTests" name="[180] /home/travis/build/icyphy/ptII/ptolemy/actor/lib/test/auto/IIR.xml (RunModel)" time="0.011" />
  <testcase classname="ptolemy.util.test.junit.AutoTests" name="[181] /home/travis/build/icyphy/ptII/ptolemy/actor/lib/test/auto/InputOutputTransparentPorts.xml (RunModel)" time="0.019" />
  <testcase classname="ptolemy.util.test.junit.AutoTests" name="[182] /home/travis/build/icyphy/ptII/ptolemy/actor/lib/test/auto/Interpolator.xml (RunModel)" time="0.012" />
  <testcase classname="ptolemy.util.test.junit.AutoTests" name="[183] /home/travis/build/icyphy/ptII/ptolemy/actor/lib/test/auto/InterpolatorFiringLimitDE.xml (RunModel)" time="0.014" />
  <testcase classname="ptolemy.util.test.junit.AutoTests" name="[184] /home/travis/build/icyphy/ptII/ptolemy/actor/lib/test/auto/Lattice.xml (RunModel)" time="0.009" />
  <testcase classname="ptolemy.util.test.junit.AutoTests" name="[185] /home/travis/build/icyphy/ptII/ptolemy/actor/lib/test/auto/LazyAOCTestLazy.xml (RunModel)" time="0.038" />
  <testcase classname="ptolemy.util.test.junit.AutoTests" name="[186] /home/travis/build/icyphy/ptII/ptolemy/actor/lib/test/auto/LazyAOCTestNonLazy.xml (RunModel)" time="0.042" />
  <testcase classname="ptolemy.util.test.junit.AutoTests" name="[187] /home/travis/build/icyphy/ptII/ptolemy/actor/lib/test/auto/LazyInnerClass.xml (RunModel)" time="0.058" />
  <testcase classname="ptolemy.util.test.junit.AutoTests" name="[188] /home/travis/build/icyphy/ptII/ptolemy/actor/lib/test/auto/LazyPubSub.xml (RunModel)" time="0.062" />
  <testcase classname="ptolemy.util.test.junit.AutoTests" name="[189] /home/travis/build/icyphy/ptII/ptolemy/actor/lib/test/auto/LazyPubSub2.xml (RunModel)" time="0.039" />
  <testcase classname="ptolemy.util.test.junit.AutoTests" name="[190] /home/travis/build/icyphy/ptII/ptolemy/actor/lib/test/auto/LazyPubSub3.xml (RunModel)" time="0.033" />
  <testcase classname="ptolemy.util.test.junit.AutoTests" name="[191] /home/travis/build/icyphy/ptII/ptolemy/actor/lib/test/auto/LazySubClassModel.xml (RunModel)" time="0.025" />
  <testcase classname="ptolemy.util.test.junit.AutoTests" name="[192] /home/travis/build/icyphy/ptII/ptolemy/actor/lib/test/auto/LevelCrossTest1.xml (RunModel)" time="0.012" />
  <testcase classname="ptolemy.util.test.junit.AutoTests" name="[193] /home/travis/build/icyphy/ptII/ptolemy/actor/lib/test/auto/LevelCrossTest10.xml (RunModel)" time="0.016" />
  <testcase classname="ptolemy.util.test.junit.AutoTests" name="[194] /home/travis/build/icyphy/ptII/ptolemy/actor/lib/test/auto/LevelCrossTest11.xml (RunModel)" time="0.016" />
  <testcase classname="ptolemy.util.test.junit.AutoTests" name="[195] /home/travis/build/icyphy/ptII/ptolemy/actor/lib/test/auto/LevelCrossTest12.xml (RunModel)" time="0.017" />
  <testcase classname="ptolemy.util.test.junit.AutoTests" name="[196] /home/travis/build/icyphy/ptII/ptolemy/actor/lib/test/auto/LevelCrossTest13.xml (RunModel)" time="0.014" />
  <testcase classname="ptolemy.util.test.junit.AutoTests" name="[197] /home/travis/build/icyphy/ptII/ptolemy/actor/lib/test/auto/LevelCrossTest2.xml (RunModel)" time="0.011" />
  <testcase classname="ptolemy.util.test.junit.AutoTests" name="[198] /home/travis/build/icyphy/ptII/ptolemy/actor/lib/test/auto/LevelCrossTest3.xml (RunModel)" time="0.012" />
  <testcase classname="ptolemy.util.test.junit.AutoTests" name="[199] /home/travis/build/icyphy/ptII/ptolemy/actor/lib/test/auto/LevelCrossTest4.xml (RunModel)" time="0.016" />
  <testcase classname="ptolemy.util.test.junit.AutoTests" name="[200] /home/travis/build/icyphy/ptII/ptolemy/actor/lib/test/auto/LevelCrossTest5.xml (RunModel)" time="0.02" />
  <testcase classname="ptolemy.util.test.junit.AutoTests" name="[201] /home/travis/build/icyphy/ptII/ptolemy/actor/lib/test/auto/LevelCrossTest6.xml (RunModel)" time="0.015" />
  <testcase classname="ptolemy.util.test.junit.AutoTests" name="[202] /home/travis/build/icyphy/ptII/ptolemy/actor/lib/test/auto/LevelCrossTest7.xml (RunModel)" time="0.063" />
  <testcase classname="ptolemy.util.test.junit.AutoTests" name="[203] /home/travis/build/icyphy/ptII/ptolemy/actor/lib/test/auto/LevelCrossTest8.xml (RunModel)" time="0.017" />
  <testcase classname="ptolemy.util.test.junit.AutoTests" name="[204] /home/travis/build/icyphy/ptII/ptolemy/actor/lib/test/auto/LevelCrossTest9.xml (RunModel)" time="0.015" />
  <testcase classname="ptolemy.util.test.junit.AutoTests" name="[205] /home/travis/build/icyphy/ptII/ptolemy/actor/lib/test/auto/LevinsonDurbin.xml (RunModel)" time="0.011" />
  <testcase classname="ptolemy.util.test.junit.AutoTests" name="[206] /home/travis/build/icyphy/ptII/ptolemy/actor/lib/test/auto/LevinsonDurbin2.xml (RunModel)" time="0.01" />
  <testcase classname="ptolemy.util.test.junit.AutoTests" name="[207] /home/travis/build/icyphy/ptII/ptolemy/actor/lib/test/auto/LevinsonDurbin3.xml (RunModel)" time="0.016" />
  <testcase classname="ptolemy.util.test.junit.AutoTests" name="[208] /home/travis/build/icyphy/ptII/ptolemy/actor/lib/test/auto/Limiter.xml (RunModel)" time="0.04" />
  <testcase classname="ptolemy.util.test.junit.AutoTests" name="[209] /home/travis/build/icyphy/ptII/ptolemy/actor/lib/test/auto/LinearDifferenceEquationSystem.xml (RunModel)" time="0.045" />
  <testcase classname="ptolemy.util.test.junit.AutoTests" name="[210] /home/travis/build/icyphy/ptII/ptolemy/actor/lib/test/auto/LookupTable.xml (RunModel)" time="0.013" />
  <testcase classname="ptolemy.util.test.junit.AutoTests" name="[211] /home/travis/build/icyphy/ptII/ptolemy/actor/lib/test/auto/MathFunction.xml (RunModel)" time="0.02" />
  <testcase classname="ptolemy.util.test.junit.AutoTests" name="[212] /home/travis/build/icyphy/ptII/ptolemy/actor/lib/test/auto/MathFunction2.xml (RunModel)" time="0.013" />
  <testcase classname="ptolemy.util.test.junit.AutoTests" name="[213] /home/travis/build/icyphy/ptII/ptolemy/actor/lib/test/auto/MathFunction3.xml (RunModel)" time="0.022" />
  <testcase classname="ptolemy.util.test.junit.AutoTests" name="[214] /home/travis/build/icyphy/ptII/ptolemy/actor/lib/test/auto/MatrixCropBoolean.xml (RunModel)" time="0.018" />
  <testcase classname="ptolemy.util.test.junit.AutoTests" name="[215] /home/travis/build/icyphy/ptII/ptolemy/actor/lib/test/auto/MatrixCropComplex.xml (RunModel)" time="0.015" />
  <testcase classname="ptolemy.util.test.junit.AutoTests" name="[216] /home/travis/build/icyphy/ptII/ptolemy/actor/lib/test/auto/MatrixCropDouble.xml (RunModel)" time="0.012" />
  <testcase classname="ptolemy.util.test.junit.AutoTests" name="[217] /home/travis/build/icyphy/ptII/ptolemy/actor/lib/test/auto/MatrixCropFix.xml (RunModel)" time="0.015" />
  <testcase classname="ptolemy.util.test.junit.AutoTests" name="[218] /home/travis/build/icyphy/ptII/ptolemy/actor/lib/test/auto/MatrixCropInt.xml (RunModel)" time="0.01" />
  <testcase classname="ptolemy.util.test.junit.AutoTests" name="[219] /home/travis/build/icyphy/ptII/ptolemy/actor/lib/test/auto/MatrixCropLong.xml (RunModel)" time="0.01" />
  <testcase classname="ptolemy.util.test.junit.AutoTests" name="[220] /home/travis/build/icyphy/ptII/ptolemy/actor/lib/test/auto/MatrixToArray.xml (RunModel)" time="0.058" />
  <testcase classname="ptolemy.util.test.junit.AutoTests" name="[221] /home/travis/build/icyphy/ptII/ptolemy/actor/lib/test/auto/MaxIndex.xml (RunModel)" time="0.013" />
  <testcase classname="ptolemy.util.test.junit.AutoTests" name="[222] /home/travis/build/icyphy/ptII/ptolemy/actor/lib/test/auto/Maximum.xml (RunModel)" time="0.019" />
  <testcase classname="ptolemy.util.test.junit.AutoTests" name="[223] /home/travis/build/icyphy/ptII/ptolemy/actor/lib/test/auto/MaximumComplex.xml (RunModel)" time="0.015" />
  <testcase classname="ptolemy.util.test.junit.AutoTests" name="[224] /home/travis/build/icyphy/ptII/ptolemy/actor/lib/test/auto/MethodCallTest.xml (RunModel)" time="0.026" />
  <testcase classname="ptolemy.util.test.junit.AutoTests" name="[225] /home/travis/build/icyphy/ptII/ptolemy/actor/lib/test/auto/Minimum.xml (RunModel)" time="0.015" />
  <testcase classname="ptolemy.util.test.junit.AutoTests" name="[226] /home/travis/build/icyphy/ptII/ptolemy/actor/lib/test/auto/MinimumComplex.xml (RunModel)" time="0.029" />
  <testcase classname="ptolemy.util.test.junit.AutoTests" name="[227] /home/travis/build/icyphy/ptII/ptolemy/actor/lib/test/auto/MinimumMultiports.xml (RunModel)" time="0.017" />
  <testcase classname="ptolemy.util.test.junit.AutoTests" name="[228] /home/travis/build/icyphy/ptII/ptolemy/actor/lib/test/auto/ModifyDate.xml (RunModel)" time="0.043" />
  <testcase classname="ptolemy.util.test.junit.AutoTests" name="[229] /home/travis/build/icyphy/ptII/ptolemy/actor/lib/test/auto/ModifyDate2.xml (RunModel)" time="0.034" />
  <testcase classname="ptolemy.util.test.junit.AutoTests" name="[230] /home/travis/build/icyphy/ptII/ptolemy/actor/lib/test/auto/MovingAverage.xml (RunModel)" time="0.012" />
  <testcase classname="ptolemy.util.test.junit.AutoTests" name="[231] /home/travis/build/icyphy/ptII/ptolemy/actor/lib/test/auto/MovingMaximum.xml (RunModel)" time="0.012" />
  <testcase classname="ptolemy.util.test.junit.AutoTests" name="[232] /home/travis/build/icyphy/ptII/ptolemy/actor/lib/test/auto/MultipleLinksToSameRelation.xml (RunModel)" time="0.007" />
  <testcase classname="ptolemy.util.test.junit.AutoTests" name="[233] /home/travis/build/icyphy/ptII/ptolemy/actor/lib/test/auto/MultipleLinksToSameRelationDE.xml (RunModel)" time="0.009" />
  <testcase classname="ptolemy.util.test.junit.AutoTests" name="[234] /home/travis/build/icyphy/ptII/ptolemy/actor/lib/test/auto/Multiplexor.xml (RunModel)" time="0.018" />
  <testcase classname="ptolemy.util.test.junit.AutoTests" name="[235] /home/travis/build/icyphy/ptII/ptolemy/actor/lib/test/auto/Multiplexor1.xml (RunModel)" time="0.018" />
  <testcase classname="ptolemy.util.test.junit.AutoTests" name="[236] /home/travis/build/icyphy/ptII/ptolemy/actor/lib/test/auto/Multiplexor2.xml (RunModel)" time="0.014" />
  <testcase classname="ptolemy.util.test.junit.AutoTests" name="[237] /home/travis/build/icyphy/ptII/ptolemy/actor/lib/test/auto/Multiplexor3.xml (RunModel)" time="0.009" />
  <testcase classname="ptolemy.util.test.junit.AutoTests" name="[238] /home/travis/build/icyphy/ptII/ptolemy/actor/lib/test/auto/MultiplexorDE.xml (RunModel)" time="0.017" />
  <testcase classname="ptolemy.util.test.junit.AutoTests" name="[239] /home/travis/build/icyphy/ptII/ptolemy/actor/lib/test/auto/MultiportBroadcastTest.xml (RunModel)" time="0.105" />
  <testcase classname="ptolemy.util.test.junit.AutoTests" name="[240] /home/travis/build/icyphy/ptII/ptolemy/actor/lib/test/auto/MultiportOutHangDuringGetWidth.xml (RunModel)" time="0.041" />
  <testcase classname="ptolemy.util.test.junit.AutoTests" name="[241] /home/travis/build/icyphy/ptII/ptolemy/actor/lib/test/auto/NilToken.xml (RunModel)" time="0.008" />
  <testcase classname="ptolemy.util.test.junit.AutoTests" name="[242] /home/travis/build/icyphy/ptII/ptolemy/actor/lib/test/auto/NilTokenNonStrictTest.xml (RunModel)" time="0.01" />
  <testcase classname="ptolemy.util.test.junit.AutoTests" name="[243] /home/travis/build/icyphy/ptII/ptolemy/actor/lib/test/auto/NilTokenRecord.xml (RunModel)" time="0.032" />
  <testcase classname="ptolemy.util.test.junit.AutoTests" name="[244] /home/travis/build/icyphy/ptII/ptolemy/actor/lib/test/auto/NilTokenTypeTest.xml (RunModel)" time="0.027" />
  <testcase classname="ptolemy.util.test.junit.AutoTests" name="[245] /home/travis/build/icyphy/ptII/ptolemy/actor/lib/test/auto/ObjectToken1.xml (RunModel)" time="0.009" />
  <testcase classname="ptolemy.util.test.junit.AutoTests" name="[246] /home/travis/build/icyphy/ptII/ptolemy/actor/lib/test/auto/OrderedMerge.xml (RunModel)" time="0.024" />
  <testcase classname="ptolemy.util.test.junit.AutoTests" name="[247] /home/travis/build/icyphy/ptII/ptolemy/actor/lib/test/auto/OrderedRecordDisassembler.xml (RunModel)" time="0.019" />
  <testcase classname="ptolemy.util.test.junit.AutoTests" name="[248] /home/travis/build/icyphy/ptII/ptolemy/actor/lib/test/auto/OrderedRecordDisassembler2.xml (RunModel)" time="0.023" />
  <testcase classname="ptolemy.util.test.junit.AutoTests" name="[249] /home/travis/build/icyphy/ptII/ptolemy/actor/lib/test/auto/OrderedRecordUpdater.xml (RunModel)" time="0.012" />
  <testcase classname="ptolemy.util.test.junit.AutoTests" name="[250] /home/travis/build/icyphy/ptII/ptolemy/actor/lib/test/auto/OrderedRecordUpdater2.xml (RunModel)" time="0.018" />
  <testcase classname="ptolemy.util.test.junit.AutoTests" name="[251] /home/travis/build/icyphy/ptII/ptolemy/actor/lib/test/auto/PhaseUnwrap.xml (RunModel)" time="0.012" />
  <testcase classname="ptolemy.util.test.junit.AutoTests" name="[252] /home/travis/build/icyphy/ptII/ptolemy/actor/lib/test/auto/PoissonClock.xml (RunModel)" time="0.012" />
  <testcase classname="ptolemy.util.test.junit.AutoTests" name="[253] /home/travis/build/icyphy/ptII/ptolemy/actor/lib/test/auto/PoissonClock2.xml (RunModel)" time="0.008" />
  <testcase classname="ptolemy.util.test.junit.AutoTests" name="[254] /home/travis/build/icyphy/ptII/ptolemy/actor/lib/test/auto/PoissonClock3.xml (RunModel)" time="0.027" />
  <testcase classname="ptolemy.util.test.junit.AutoTests" name="[255] /home/travis/build/icyphy/ptII/ptolemy/actor/lib/test/auto/PubSubWithInitialTokens.xml (RunModel)" time="0.011" />
  <testcase classname="ptolemy.util.test.junit.AutoTests" name="[256] /home/travis/build/icyphy/ptII/ptolemy/actor/lib/test/auto/PubSubWithInitialTokens2.xml (RunModel)" time="0.015" />
  <testcase classname="ptolemy.util.test.junit.AutoTests" name="[257] /home/travis/build/icyphy/ptII/ptolemy/actor/lib/test/auto/PublisherClassNoParameter.xml (RunModel)" time="0.024" />
  <testcase classname="ptolemy.util.test.junit.AutoTests" name="[258] /home/travis/build/icyphy/ptII/ptolemy/actor/lib/test/auto/PublisherClassParameter.xml (RunModel)" time="0.021" />
  <testcase classname="ptolemy.util.test.junit.AutoTests" name="[259] /home/travis/build/icyphy/ptII/ptolemy/actor/lib/test/auto/PublisherNonStrictTest.xml (RunModel)" time="0.016" />
  <testcase classname="ptolemy.util.test.junit.AutoTests" name="[260] /home/travis/build/icyphy/ptII/ptolemy/actor/lib/test/auto/PublisherPort1.xml (RunModel)" time="0.05" />
  <testcase classname="ptolemy.util.test.junit.AutoTests" name="[261] /home/travis/build/icyphy/ptII/ptolemy/actor/lib/test/auto/PublisherPort2.xml (RunModel)" time="0.02" />
  <testcase classname="ptolemy.util.test.junit.AutoTests" name="[262] /home/travis/build/icyphy/ptII/ptolemy/actor/lib/test/auto/PublisherPort3.xml (RunModel)" time="0.02" />
  <testcase classname="ptolemy.util.test.junit.AutoTests" name="[263] /home/travis/build/icyphy/ptII/ptolemy/actor/lib/test/auto/PublisherPort4.xml (RunModel)" time="0.02" />
  <testcase classname="ptolemy.util.test.junit.AutoTests" name="[264] /home/travis/build/icyphy/ptII/ptolemy/actor/lib/test/auto/PublisherPort5.xml (RunModel)" time="0.016" />
  <testcase classname="ptolemy.util.test.junit.AutoTests" name="[265] /home/travis/build/icyphy/ptII/ptolemy/actor/lib/test/auto/PublisherPort5LookAlike.xml (RunModel)" time="0.021" />
  <testcase classname="ptolemy.util.test.junit.AutoTests" name="[266] /home/travis/build/icyphy/ptII/ptolemy/actor/lib/test/auto/PublisherPort6.xml (RunModel)" time="0.013" />
  <testcase classname="ptolemy.util.test.junit.AutoTests" name="[267] /home/travis/build/icyphy/ptII/ptolemy/actor/lib/test/auto/PublisherPort7.xml (RunModel)" time="0.018" />
  <testcase classname="ptolemy.util.test.junit.AutoTests" name="[268] /home/travis/build/icyphy/ptII/ptolemy/actor/lib/test/auto/PublisherPort8.xml (RunModel)" time="0.019" />
  <testcase classname="ptolemy.util.test.junit.AutoTests" name="[269] /home/travis/build/icyphy/ptII/ptolemy/actor/lib/test/auto/PublisherPortSubscriberChannelVariablesAOC2.xml (RunModel)" time="0.034" />
  <testcase classname="ptolemy.util.test.junit.AutoTests" name="[270] /home/travis/build/icyphy/ptII/ptolemy/actor/lib/test/auto/PublisherPortSubscriberOpaqueWidthInference.xml (RunModel)" time="0.015" />
  <testcase classname="ptolemy.util.test.junit.AutoTests" name="[271] /home/travis/build/icyphy/ptII/ptolemy/actor/lib/test/auto/PublisherPortSubscriberPortAdjacent.xml (RunModel)" time="0.021" />
  <testcase classname="ptolemy.util.test.junit.AutoTests" name="[272] /home/travis/build/icyphy/ptII/ptolemy/actor/lib/test/auto/PublisherPortSubscriberPortExpression.xml (RunModel)" time="0.021" />
  <testcase classname="ptolemy.util.test.junit.AutoTests" name="[273] /home/travis/build/icyphy/ptII/ptolemy/actor/lib/test/auto/PublisherPortSubscriberPortOpaqueD3Reverse.xml (RunModel)" time="0.019" />
  <testcase classname="ptolemy.util.test.junit.AutoTests" name="[274] /home/travis/build/icyphy/ptII/ptolemy/actor/lib/test/auto/PublisherPortSubscriberPortOpaqueWidthInference.xml (RunModel)" time="0.016" />
  <testcase classname="ptolemy.util.test.junit.AutoTests" name="[275] /home/travis/build/icyphy/ptII/ptolemy/actor/lib/test/auto/PublisherPortToplevelSubscriberPortAOC.xml (RunModel)" time="0.012" />
  <testcase classname="ptolemy.util.test.junit.AutoTests" name="[276] /home/travis/build/icyphy/ptII/ptolemy/actor/lib/test/auto/PublisherSubscriber.xml (RunModel)" time="0.016" />
  <testcase classname="ptolemy.util.test.junit.AutoTests" name="[277] /home/travis/build/icyphy/ptII/ptolemy/actor/lib/test/auto/PublisherSubscriber10.xml (RunModel)" time="0.022" />
  <testcase classname="ptolemy.util.test.junit.AutoTests" name="[278] /home/travis/build/icyphy/ptII/ptolemy/actor/lib/test/auto/PublisherSubscriber10InitialOutputs.xml (RunModel)" time="0.031" />
  <testcase classname="ptolemy.util.test.junit.AutoTests" name="[279] /home/travis/build/icyphy/ptII/ptolemy/actor/lib/test/auto/PublisherSubscriber11.xml (RunModel)" time="0.018" />
  <testcase classname="ptolemy.util.test.junit.AutoTests" name="[280] /home/travis/build/icyphy/ptII/ptolemy/actor/lib/test/auto/PublisherSubscriber12.xml (RunModel)" time="0.015" />
  <testcase classname="ptolemy.util.test.junit.AutoTests" name="[281] /home/travis/build/icyphy/ptII/ptolemy/actor/lib/test/auto/PublisherSubscriber13.xml (RunModel)" time="0.013" />
  <testcase classname="ptolemy.util.test.junit.AutoTests" name="[282] /home/travis/build/icyphy/ptII/ptolemy/actor/lib/test/auto/PublisherSubscriber14.xml (RunModel)" time="0.026" />
  <testcase classname="ptolemy.util.test.junit.AutoTests" name="[283] /home/travis/build/icyphy/ptII/ptolemy/actor/lib/test/auto/PublisherSubscriber2.xml (RunModel)" time="0.016" />
  <testcase classname="ptolemy.util.test.junit.AutoTests" name="[284] /home/travis/build/icyphy/ptII/ptolemy/actor/lib/test/auto/PublisherSubscriber3.xml (RunModel)" time="0.011" />
  <testcase classname="ptolemy.util.test.junit.AutoTests" name="[285] /home/travis/build/icyphy/ptII/ptolemy/actor/lib/test/auto/PublisherSubscriber4.xml (RunModel)" time="0.012" />
  <testcase classname="ptolemy.util.test.junit.AutoTests" name="[286] /home/travis/build/icyphy/ptII/ptolemy/actor/lib/test/auto/PublisherSubscriber5.xml (RunModel)" time="0.014" />
  <testcase classname="ptolemy.util.test.junit.AutoTests" name="[287] /home/travis/build/icyphy/ptII/ptolemy/actor/lib/test/auto/PublisherSubscriber6.xml (RunModel)" time="0.017" />
  <testcase classname="ptolemy.util.test.junit.AutoTests" name="[288] /home/travis/build/icyphy/ptII/ptolemy/actor/lib/test/auto/PublisherSubscriber7.xml (RunModel)" time="0.022" />
  <testcase classname="ptolemy.util.test.junit.AutoTests" name="[289] /home/travis/build/icyphy/ptII/ptolemy/actor/lib/test/auto/PublisherSubscriber8.xml (RunModel)" time="0.037" />
  <testcase classname="ptolemy.util.test.junit.AutoTests" name="[290] /home/travis/build/icyphy/ptII/ptolemy/actor/lib/test/auto/PublisherSubscriber9.xml (RunModel)" time="0.019" />
  <testcase classname="ptolemy.util.test.junit.AutoTests" name="[291] /home/travis/build/icyphy/ptII/ptolemy/actor/lib/test/auto/PublisherSubscriberAdjacent.xml (RunModel)" time="0.016" />
  <testcase classname="ptolemy.util.test.junit.AutoTests" name="[292] /home/travis/build/icyphy/ptII/ptolemy/actor/lib/test/auto/PublisherSubscriberChannelVariablesAOC2.xml (RunModel)" time="0.027" />
  <testcase classname="ptolemy.util.test.junit.AutoTests" name="[293] /home/travis/build/icyphy/ptII/ptolemy/actor/lib/test/auto/PublisherSubscriberD3.xml (RunModel)" time="0.013" />
  <testcase classname="ptolemy.util.test.junit.AutoTests" name="[294] /home/travis/build/icyphy/ptII/ptolemy/actor/lib/test/auto/PublisherSubscriberD3Reverse.xml (RunModel)" time="0.014" />
  <testcase classname="ptolemy.util.test.junit.AutoTests" name="[295] /home/travis/build/icyphy/ptII/ptolemy/actor/lib/test/auto/PublisherSubscriberExpression.xml (RunModel)" time="0.017" />
  <testcase classname="ptolemy.util.test.junit.AutoTests" name="[296] /home/travis/build/icyphy/ptII/ptolemy/actor/lib/test/auto/PublisherSubscriberOpaque.xml (RunModel)" time="0.019" />
  <testcase classname="ptolemy.util.test.junit.AutoTests" name="[297] /home/travis/build/icyphy/ptII/ptolemy/actor/lib/test/auto/PublisherSubscriberOpaqueD3.xml (RunModel)" time="0.033" />
  <testcase classname="ptolemy.util.test.junit.AutoTests" name="[298] /home/travis/build/icyphy/ptII/ptolemy/actor/lib/test/auto/PublisherSubscriberOpaqueD3Reverse.xml (RunModel)" time="0.025" />
  <testcase classname="ptolemy.util.test.junit.AutoTests" name="[299] /home/travis/build/icyphy/ptII/ptolemy/actor/lib/test/auto/PublisherSubscriberOpaqueWidthInference.xml (RunModel)" time="0.02" />
  <testcase classname="ptolemy.util.test.junit.AutoTests" name="[300] /home/travis/build/icyphy/ptII/ptolemy/actor/lib/test/auto/PublisherTestSubscriber.xml (RunModel)" time="0.016" />
  <testcase classname="ptolemy.util.test.junit.AutoTests" name="[301] /home/travis/build/icyphy/ptII/ptolemy/actor/lib/test/auto/PublisherToplevelSubscriberPortAOC.xml (RunModel)" time="0.012" />
  <testcase classname="ptolemy.util.test.junit.AutoTests" name="[302] /home/travis/build/icyphy/ptII/ptolemy/actor/lib/test/auto/PulseFiringLimitDE.xml (RunModel)" time="0.015" />
  <testcase classname="ptolemy.util.test.junit.AutoTests" name="[303] /home/travis/build/icyphy/ptII/ptolemy/actor/lib/test/auto/Ramp1.xml (RunModel)" time="0.007" />
  <testcase classname="ptolemy.util.test.junit.AutoTests" name="[304] /home/travis/build/icyphy/ptII/ptolemy/actor/lib/test/auto/RampFiringLimitDE.xml (RunModel)" time="0.011" />
  <testcase classname="ptolemy.util.test.junit.AutoTests" name="[305] /home/travis/build/icyphy/ptII/ptolemy/actor/lib/test/auto/RampFiringLimitSDF.xml (RunModel)" time="0.01" />
  <testcase classname="ptolemy.util.test.junit.AutoTests" name="[306] /home/travis/build/icyphy/ptII/ptolemy/actor/lib/test/auto/RandomInteger.xml (RunModel)" time="0.009" />
  <testcase classname="ptolemy.util.test.junit.AutoTests" name="[307] /home/travis/build/icyphy/ptII/ptolemy/actor/lib/test/auto/ReadFile1.xml (RunModel)" time="0.009" />
  <testcase classname="ptolemy.util.test.junit.AutoTests" name="[308] /home/travis/build/icyphy/ptII/ptolemy/actor/lib/test/auto/ReadFile2.xml (RunModel)" time="0.009" />
  <testcase classname="ptolemy.util.test.junit.AutoTests" name="[309] /home/travis/build/icyphy/ptII/ptolemy/actor/lib/test/auto/Reader.xml (RunModel)" time="0.059" />
  <testcase classname="ptolemy.util.test.junit.AutoTests" name="[310] /home/travis/build/icyphy/ptII/ptolemy/actor/lib/test/auto/RecordAssemblerDisplayNameTest.xml (RunModel)" time="3.905" />
  <testcase classname="ptolemy.util.test.junit.AutoTests" name="[311] /home/travis/build/icyphy/ptII/ptolemy/actor/lib/test/auto/RecordAssemblerTypeError.xml (RunModel)" time="0.039" />
  <testcase classname="ptolemy.util.test.junit.AutoTests" name="[312] /home/travis/build/icyphy/ptII/ptolemy/actor/lib/test/auto/RecordDisassember.xml (RunModel)" time="0.019" />
  <testcase classname="ptolemy.util.test.junit.AutoTests" name="[313] /home/travis/build/icyphy/ptII/ptolemy/actor/lib/test/auto/RecordDisassemberDisplayNameTest.xml (RunModel)" time="0.018" />
  <testcase classname="ptolemy.util.test.junit.AutoTests" name="[314] /home/travis/build/icyphy/ptII/ptolemy/actor/lib/test/auto/RecordDisassembler.xml (RunModel)" time="0.012" />
  <testcase classname="ptolemy.util.test.junit.AutoTests" name="[315] /home/travis/build/icyphy/ptII/ptolemy/actor/lib/test/auto/RecordDisassembler2.xml (RunModel)" time="0.011" />
  <testcase classname="ptolemy.util.test.junit.AutoTests" name="[316] /home/travis/build/icyphy/ptII/ptolemy/actor/lib/test/auto/RecordUpdater.xml (RunModel)" time="0.009" />
  <testcase classname="ptolemy.util.test.junit.AutoTests" name="[317] /home/travis/build/icyphy/ptII/ptolemy/actor/lib/test/auto/RecordUpdater2.xml (RunModel)" time="0.009" />
  <testcase classname="ptolemy.util.test.junit.AutoTests" name="[318] /home/travis/build/icyphy/ptII/ptolemy/actor/lib/test/auto/RecursiveLattice.xml (RunModel)" time="0.009" />
  <testcase classname="ptolemy.util.test.junit.AutoTests" name="[319] /home/travis/build/icyphy/ptII/ptolemy/actor/lib/test/auto/Router.xml (RunModel)" time="3.024" />
  <testcase classname="ptolemy.util.test.junit.AutoTests" name="[320] /home/travis/build/icyphy/ptII/ptolemy/actor/lib/test/auto/Router2.xml (RunModel)" time="3.022" />
  <testcase classname="ptolemy.util.test.junit.AutoTests" name="[321] /home/travis/build/icyphy/ptII/ptolemy/actor/lib/test/auto/RunningMaximum.xml (RunModel)" time="0.02" />
  <testcase classname="ptolemy.util.test.junit.AutoTests" name="[322] /home/travis/build/icyphy/ptII/ptolemy/actor/lib/test/auto/RunningMinimum.xml (RunModel)" time="0.019" />
  <testcase classname="ptolemy.util.test.junit.AutoTests" name="[323] /home/travis/build/icyphy/ptII/ptolemy/actor/lib/test/auto/Scale.xml (RunModel)" time="0.01" />
  <testcase classname="ptolemy.util.test.junit.AutoTests" name="[324] /home/travis/build/icyphy/ptII/ptolemy/actor/lib/test/auto/Scale2.xml (RunModel)" time="0.015" />
  <testcase classname="ptolemy.util.test.junit.AutoTests" name="[325] /home/travis/build/icyphy/ptII/ptolemy/actor/lib/test/auto/Scale3.xml (RunModel)" time="0.024" />
  <testcase classname="ptolemy.util.test.junit.AutoTests" name="[326] /home/travis/build/icyphy/ptII/ptolemy/actor/lib/test/auto/ScaleArray.xml (RunModel)" time="0.01" />
  <testcase classname="ptolemy.util.test.junit.AutoTests" name="[327] /home/travis/build/icyphy/ptII/ptolemy/actor/lib/test/auto/ScaleArray2.xml (RunModel)" time="0.008" />
  <testcase classname="ptolemy.util.test.junit.AutoTests" name="[328] /home/travis/build/icyphy/ptII/ptolemy/actor/lib/test/auto/ScaleMatrix.xml (RunModel)" time="0.166" />
  <testcase classname="ptolemy.util.test.junit.AutoTests" name="[329] /home/travis/build/icyphy/ptII/ptolemy/actor/lib/test/auto/Select.xml (RunModel)" time="0.019" />
  <testcase classname="ptolemy.util.test.junit.AutoTests" name="[330] /home/travis/build/icyphy/ptII/ptolemy/actor/lib/test/auto/Select2.xml (RunModel)" time="0.008" />
  <testcase classname="ptolemy.util.test.junit.AutoTests" name="[331] /home/travis/build/icyphy/ptII/ptolemy/actor/lib/test/auto/SequenceToArray2.xml (RunModel)" time="0.121" />
  <testcase classname="ptolemy.util.test.junit.AutoTests" name="[332] /home/travis/build/icyphy/ptII/ptolemy/actor/lib/test/auto/SequentialClock.xml (RunModel)" time="0.011" />
  <testcase classname="ptolemy.util.test.junit.AutoTests" name="[333] /home/travis/build/icyphy/ptII/ptolemy/actor/lib/test/auto/SetVariable.xml (RunModel)" time="0.01" />
  <testcase classname="ptolemy.util.test.junit.AutoTests" name="[334] /home/travis/build/icyphy/ptII/ptolemy/actor/lib/test/auto/SetVariable2.xml (RunModel)" time="0.009" />
  <testcase classname="ptolemy.util.test.junit.AutoTests" name="[335] /home/travis/build/icyphy/ptII/ptolemy/actor/lib/test/auto/SetVariable3.xml (RunModel)" time="0.018" />
  <testcase classname="ptolemy.util.test.junit.AutoTests" name="[336] /home/travis/build/icyphy/ptII/ptolemy/actor/lib/test/auto/SetVariable4.xml (RunModel)" time="0.023" />
  <testcase classname="ptolemy.util.test.junit.AutoTests" name="[337] /home/travis/build/icyphy/ptII/ptolemy/actor/lib/test/auto/SetVariable5.xml (RunModel)" time="0.036" />
  <testcase classname="ptolemy.util.test.junit.AutoTests" name="[338] /home/travis/build/icyphy/ptII/ptolemy/actor/lib/test/auto/Sinewave.xml (RunModel)" time="0.028" />
  <testcase classname="ptolemy.util.test.junit.AutoTests" name="[339] /home/travis/build/icyphy/ptII/ptolemy/actor/lib/test/auto/Sinewave2.xml (RunModel)" time="0.015" />
  <testcase classname="ptolemy.util.test.junit.AutoTests" name="[340] /home/travis/build/icyphy/ptII/ptolemy/actor/lib/test/auto/Sinewave3.xml (RunModel)" time="0.017" />
  <testcase classname="ptolemy.util.test.junit.AutoTests" name="[341] /home/travis/build/icyphy/ptII/ptolemy/actor/lib/test/auto/SingleEvent.xml (RunModel)" time="0.006" />
  <testcase classname="ptolemy.util.test.junit.AutoTests" name="[342] /home/travis/build/icyphy/ptII/ptolemy/actor/lib/test/auto/Sleep.xml (RunModel)" time="6.014" />
  <testcase classname="ptolemy.util.test.junit.AutoTests" name="[343] /home/travis/build/icyphy/ptII/ptolemy/actor/lib/test/auto/SleepMultipleFire.xml (RunModel)" time="1.022" />
  <testcase classname="ptolemy.util.test.junit.AutoTests" name="[344] /home/travis/build/icyphy/ptII/ptolemy/actor/lib/test/auto/StopDE.xml (RunModel)" time="0.022" />
  <testcase classname="ptolemy.util.test.junit.AutoTests" name="[345] /home/travis/build/icyphy/ptII/ptolemy/actor/lib/test/auto/StopSDF.xml (RunModel)" time="0.018" />
  <testcase classname="ptolemy.util.test.junit.AutoTests" name="[346] /home/travis/build/icyphy/ptII/ptolemy/actor/lib/test/auto/StringConstant.xml (RunModel)" time="0.018" />
  <testcase classname="ptolemy.util.test.junit.AutoTests" name="[347] /home/travis/build/icyphy/ptII/ptolemy/actor/lib/test/auto/SubscriberPortInitialValues1.xml (RunModel)" time="0.032" />
  <testcase classname="ptolemy.util.test.junit.AutoTests" name="[348] /home/travis/build/icyphy/ptII/ptolemy/actor/lib/test/auto/SubscriberPortInitialValues13.xml (RunModel)" time="0.074" />
  <testcase classname="ptolemy.util.test.junit.AutoTests" name="[349] /home/travis/build/icyphy/ptII/ptolemy/actor/lib/test/auto/SubscriberPortInitialValues14.xml (RunModel)" time="0.016" />
  <testcase classname="ptolemy.util.test.junit.AutoTests" name="[350] /home/travis/build/icyphy/ptII/ptolemy/actor/lib/test/auto/SubscriberPortInitialValues2.xml (RunModel)" time="0.017" />
  <testcase classname="ptolemy.util.test.junit.AutoTests" name="[351] /home/travis/build/icyphy/ptII/ptolemy/actor/lib/test/auto/SubscriberPortInitialValues3.xml (RunModel)" time="0.022" />
  <testcase classname="ptolemy.util.test.junit.AutoTests" name="[352] /home/travis/build/icyphy/ptII/ptolemy/actor/lib/test/auto/SubscriptionAggregator.xml (RunModel)" time="0.011" />
  <testcase classname="ptolemy.util.test.junit.AutoTests" name="[353] /home/travis/build/icyphy/ptII/ptolemy/actor/lib/test/auto/SubscriptionAggregator2.xml (RunModel)" time="0.012" />
  <testcase classname="ptolemy.util.test.junit.AutoTests" name="[354] /home/travis/build/icyphy/ptII/ptolemy/actor/lib/test/auto/SubscriptionAggregator3.xml (RunModel)" time="0.017" />
  <testcase classname="ptolemy.util.test.junit.AutoTests" name="[355] /home/travis/build/icyphy/ptII/ptolemy/actor/lib/test/auto/SubscriptionAggregatorMultiply.xml (RunModel)" time="0.027" />
  <testcase classname="ptolemy.util.test.junit.AutoTests" name="[356] /home/travis/build/icyphy/ptII/ptolemy/actor/lib/test/auto/SubscriptionAggregatorPortMultiply1.xml (RunModel)" time="0.014" />
  <testcase classname="ptolemy.util.test.junit.AutoTests" name="[357] /home/travis/build/icyphy/ptII/ptolemy/actor/lib/test/auto/Switch.xml (RunModel)" time="0.017" />
  <testcase classname="ptolemy.util.test.junit.AutoTests" name="[358] /home/travis/build/icyphy/ptII/ptolemy/actor/lib/test/auto/Switch2.xml (RunModel)" time="0.01" />
  <testcase classname="ptolemy.util.test.junit.AutoTests" name="[359] /home/travis/build/icyphy/ptII/ptolemy/actor/lib/test/auto/SwitchDE.xml (RunModel)" time="0.014" />
  <testcase classname="ptolemy.util.test.junit.AutoTests" name="[360] /home/travis/build/icyphy/ptII/ptolemy/actor/lib/test/auto/SynchronizerDE.xml (RunModel)" time="0.021" />
  <testcase classname="ptolemy.util.test.junit.AutoTests" name="[361] /home/travis/build/icyphy/ptII/ptolemy/actor/lib/test/auto/Test.xml (RunModel)" time="0.009" />
  <testcase classname="ptolemy.util.test.junit.AutoTests" name="[362] /home/travis/build/icyphy/ptII/ptolemy/actor/lib/test/auto/TestExceptionAttribute1.xml (RunModel)" time="0.008" />
  <testcase classname="ptolemy.util.test.junit.AutoTests" name="[363] /home/travis/build/icyphy/ptII/ptolemy/actor/lib/test/auto/TestExceptionAttribute2.xml (RunModel)" time="0.008" />
  <testcase classname="ptolemy.util.test.junit.AutoTests" name="[364] /home/travis/build/icyphy/ptII/ptolemy/actor/lib/test/auto/TestExceptionAttribute3.xml (RunModel)" time="0.012" />
  <testcase classname="ptolemy.util.test.junit.AutoTests" name="[365] /home/travis/build/icyphy/ptII/ptolemy/actor/lib/test/auto/TestExceptionAttribute4.xml (RunModel)" time="0.006" />
  <testcase classname="ptolemy.util.test.junit.AutoTests" name="[366] /home/travis/build/icyphy/ptII/ptolemy/actor/lib/test/auto/TestExceptionHandler1.xml (RunModel)" time="0.01" />
  <testcase classname="ptolemy.util.test.junit.AutoTests" name="[367] /home/travis/build/icyphy/ptII/ptolemy/actor/lib/test/auto/TestExceptionHandler2.xml (RunModel)" time="0.01" />
  <testcase classname="ptolemy.util.test.junit.AutoTests" name="[368] /home/travis/build/icyphy/ptII/ptolemy/actor/lib/test/auto/TestExceptionHandler3.xml (RunModel)" time="0.009" />
  <testcase classname="ptolemy.util.test.junit.AutoTests" name="[369] /home/travis/build/icyphy/ptII/ptolemy/actor/lib/test/auto/TestExceptionHandler4.xml (RunModel)" time="0.007" />
  <testcase classname="ptolemy.util.test.junit.AutoTests" name="[370] /home/travis/build/icyphy/ptII/ptolemy/actor/lib/test/auto/TestRequireCorrectOrder.xml (RunModel)" time="0.019" />
  <testcase classname="ptolemy.util.test.junit.AutoTests" name="[371] /home/travis/build/icyphy/ptII/ptolemy/actor/lib/test/auto/TestSimple.xml (RunModel)" time="0.01" />
  <testcase classname="ptolemy.util.test.junit.AutoTests" name="[372] /home/travis/build/icyphy/ptII/ptolemy/actor/lib/test/auto/ThrowModelError.xml (RunModel)" time="0.011" />
  <testcase classname="ptolemy.util.test.junit.AutoTests" name="[373] /home/travis/build/icyphy/ptII/ptolemy/actor/lib/test/auto/TimeDelayMicrosteps.xml (RunModel)" time="0.013" />
  <testcase classname="ptolemy.util.test.junit.AutoTests" name="[374] /home/travis/build/icyphy/ptII/ptolemy/actor/lib/test/auto/TimeDelayMicrosteps2.xml (RunModel)" time="0.015" />
  <testcase classname="ptolemy.util.test.junit.AutoTests" name="[375] /home/travis/build/icyphy/ptII/ptolemy/actor/lib/test/auto/TimeDelayMicrosteps3.xml (RunModel)" time="0.013" />
  <testcase classname="ptolemy.util.test.junit.AutoTests" name="[376] /home/travis/build/icyphy/ptII/ptolemy/actor/lib/test/auto/TimeDelayVariableMicrosteps.xml (RunModel)" time="0.015" />
  <testcase classname="ptolemy.util.test.junit.AutoTests" name="[377] /home/travis/build/icyphy/ptII/ptolemy/actor/lib/test/auto/TimeGap.xml (RunModel)" time="0.016" />
  <testcase classname="ptolemy.util.test.junit.AutoTests" name="[378] /home/travis/build/icyphy/ptII/ptolemy/actor/lib/test/auto/TimeGap2.xml (RunModel)" time="0.011" />
  <testcase classname="ptolemy.util.test.junit.AutoTests" name="[379] /home/travis/build/icyphy/ptII/ptolemy/actor/lib/test/auto/TimedSinewave.xml (RunModel)" time="0.064" />
  <testcase classname="ptolemy.util.test.junit.AutoTests" name="[380] /home/travis/build/icyphy/ptII/ptolemy/actor/lib/test/auto/TimedSinewavePhase.xml (RunModel)" time="0.034" />
  <testcase classname="ptolemy.util.test.junit.AutoTests" name="[381] /home/travis/build/icyphy/ptII/ptolemy/actor/lib/test/auto/Timer.xml (RunModel)" time="0.013" />
  <testcase classname="ptolemy.util.test.junit.AutoTests" name="[382] /home/travis/build/icyphy/ptII/ptolemy/actor/lib/test/auto/TriangularDistTestModel.xml (RunModel)" time="0.016" />
  <testcase classname="ptolemy.util.test.junit.AutoTests" name="[383] /home/travis/build/icyphy/ptII/ptolemy/actor/lib/test/auto/TrigFunction.xml (RunModel)" time="0.009" />
  <testcase classname="ptolemy.util.test.junit.AutoTests" name="[384] /home/travis/build/icyphy/ptII/ptolemy/actor/lib/test/auto/TrigFunctionDE.xml (RunModel)" time="0.012" />
  <testcase classname="ptolemy.util.test.junit.AutoTests" name="[385] /home/travis/build/icyphy/ptII/ptolemy/actor/lib/test/auto/TrigFunctionInverse.xml (RunModel)" time="0.01" />
  <testcase classname="ptolemy.util.test.junit.AutoTests" name="[386] /home/travis/build/icyphy/ptII/ptolemy/actor/lib/test/auto/TrigFunctionTan.xml (RunModel)" time="0.008" />
  <testcase classname="ptolemy.util.test.junit.AutoTests" name="[387] /home/travis/build/icyphy/ptII/ptolemy/actor/lib/test/auto/TriggeredClock.xml (RunModel)" time="0.008" />
  <testcase classname="ptolemy.util.test.junit.AutoTests" name="[388] /home/travis/build/icyphy/ptII/ptolemy/actor/lib/test/auto/URLDirectoryReader.xml (RunModel)" time="0.123" />
  <testcase classname="ptolemy.util.test.junit.AutoTests" name="[389] /home/travis/build/icyphy/ptII/ptolemy/actor/lib/test/auto/URLDirectoryReader3.xml (RunModel)" time="1.473" />
  <testcase classname="ptolemy.util.test.junit.AutoTests" name="[390] /home/travis/build/icyphy/ptII/ptolemy/actor/lib/test/auto/UnaryMathFunction.xml (RunModel)" time="0.022" />
  <testcase classname="ptolemy.util.test.junit.AutoTests" name="[391] /home/travis/build/icyphy/ptII/ptolemy/actor/lib/test/auto/Uniform.xml (RunModel)" time="0.013" />
  <testcase classname="ptolemy.util.test.junit.AutoTests" name="[392] /home/travis/build/icyphy/ptII/ptolemy/actor/lib/test/auto/UnionDisassemblerTest.xml (RunModel)" time="0.017" />
  <testcase classname="ptolemy.util.test.junit.AutoTests" name="[393] /home/travis/build/icyphy/ptII/ptolemy/actor/lib/test/auto/UtilityFunctions.xml (RunModel)" time="0.008" />
  <testcase classname="ptolemy.util.test.junit.AutoTests" name="[394] /home/travis/build/icyphy/ptII/ptolemy/actor/lib/test/auto/VariableSleep.xml (RunModel)" time="0.512" />
  <testcase classname="ptolemy.util.test.junit.AutoTests" name="[395] /home/travis/build/icyphy/ptII/ptolemy/actor/lib/test/auto/VectorAssemblerDisassemblerCT.xml (RunModel)" time="0.135" />
  <testcase classname="ptolemy.util.test.junit.AutoTests" name="[396] /home/travis/build/icyphy/ptII/ptolemy/actor/lib/test/auto/VectorAssemblerDisassemblerDE.xml (RunModel)" time="0.013" />
  <testcase classname="ptolemy.util.test.junit.AutoTests" name="[397] /home/travis/build/icyphy/ptII/ptolemy/actor/lib/test/auto/VectorAssemblerDisassemblerSDF.xml (RunModel)" time="0.013" />
  <testcase classname="ptolemy.util.test.junit.AutoTests" name="[398] /home/travis/build/icyphy/ptII/ptolemy/actor/lib/test/auto/WallClockTime.xml (RunModel)" time="1.012" />
  <testcase classname="ptolemy.util.test.junit.AutoTests" name="[399] /home/travis/build/icyphy/ptII/ptolemy/actor/lib/test/auto/WidthTestWithSubscriberPublisher.xml (RunModel)" time="0.049" />
  <testcase classname="ptolemy.util.test.junit.AutoTests" name="[400] /home/travis/build/icyphy/ptII/ptolemy/actor/lib/test/auto/WidthTestWithSubscriberPublisher2.xml (RunModel)" time="0.017" />
  <testcase classname="ptolemy.util.test.junit.AutoTests" name="[401] /home/travis/build/icyphy/ptII/ptolemy/actor/lib/test/auto/WidthTestWithSubscriberPublisher3.xml (RunModel)" time="0.013" />
  <testcase classname="ptolemy.util.test.junit.AutoTests" name="[402] /home/travis/build/icyphy/ptII/ptolemy/actor/lib/test/auto/Writer.xml (RunModel)" time="0.008" />
  <testcase classname="ptolemy.util.test.junit.AutoTests" name="[403] /home/travis/build/icyphy/ptII/ptolemy/actor/lib/test/auto/array.xml (RunModel)" time="0.008" />
  <testcase classname="ptolemy.util.test.junit.AutoTests" name="[404] /home/travis/build/icyphy/ptII/ptolemy/actor/lib/test/auto/array2.xml (RunModel)" time="0.01" />
  <testcase classname="ptolemy.util.test.junit.AutoTests" name="[405] /home/travis/build/icyphy/ptII/ptolemy/actor/lib/test/auto/arrayType.xml (RunModel)" time="0.01" />
  <testcase classname="ptolemy.util.test.junit.AutoTests" name="[406] /home/travis/build/icyphy/ptII/ptolemy/actor/lib/test/auto/arrayType10.xml (RunModel)" time="0.008" />
  <testcase classname="ptolemy.util.test.junit.AutoTests" name="[407] /home/travis/build/icyphy/ptII/ptolemy/actor/lib/test/auto/arrayType11.xml (RunModel)" time="0.008" />
  <testcase classname="ptolemy.util.test.junit.AutoTests" name="[408] /home/travis/build/icyphy/ptII/ptolemy/actor/lib/test/auto/arrayType12.xml (RunModel)" time="0.009" />
  <testcase classname="ptolemy.util.test.junit.AutoTests" name="[409] /home/travis/build/icyphy/ptII/ptolemy/actor/lib/test/auto/arrayType13.xml (RunModel)" time="0.009" />
  <testcase classname="ptolemy.util.test.junit.AutoTests" name="[410] /home/travis/build/icyphy/ptII/ptolemy/actor/lib/test/auto/arrayType14.xml (RunModel)" time="0.01" />
  <testcase classname="ptolemy.util.test.junit.AutoTests" name="[411] /home/travis/build/icyphy/ptII/ptolemy/actor/lib/test/auto/arrayType15.xml (RunModel)" time="0.013" />
  <testcase classname="ptolemy.util.test.junit.AutoTests" name="[412] /home/travis/build/icyphy/ptII/ptolemy/actor/lib/test/auto/arrayType16.xml (RunModel)" time="0.009" />
  <testcase classname="ptolemy.util.test.junit.AutoTests" name="[413] /home/travis/build/icyphy/ptII/ptolemy/actor/lib/test/auto/arrayType17.xml (RunModel)" time="0.009" />
  <testcase classname="ptolemy.util.test.junit.AutoTests" name="[414] /home/travis/build/icyphy/ptII/ptolemy/actor/lib/test/auto/arrayType18.xml (RunModel)" time="0.009" />
  <testcase classname="ptolemy.util.test.junit.AutoTests" name="[415] /home/travis/build/icyphy/ptII/ptolemy/actor/lib/test/auto/arrayType19.xml (RunModel)" time="0.009" />
  <testcase classname="ptolemy.util.test.junit.AutoTests" name="[416] /home/travis/build/icyphy/ptII/ptolemy/actor/lib/test/auto/arrayType2.xml (RunModel)" time="0.009" />
  <testcase classname="ptolemy.util.test.junit.AutoTests" name="[417] /home/travis/build/icyphy/ptII/ptolemy/actor/lib/test/auto/arrayType20.xml (RunModel)" time="0.009" />
  <testcase classname="ptolemy.util.test.junit.AutoTests" name="[418] /home/travis/build/icyphy/ptII/ptolemy/actor/lib/test/auto/arrayType21.xml (RunModel)" time="0.009" />
  <testcase classname="ptolemy.util.test.junit.AutoTests" name="[419] /home/travis/build/icyphy/ptII/ptolemy/actor/lib/test/auto/arrayType22.xml (RunModel)" time="0.008" />
  <testcase classname="ptolemy.util.test.junit.AutoTests" name="[420] /home/travis/build/icyphy/ptII/ptolemy/actor/lib/test/auto/arrayType23.xml (RunModel)" time="0.008" />
  <testcase classname="ptolemy.util.test.junit.AutoTests" name="[421] /home/travis/build/icyphy/ptII/ptolemy/actor/lib/test/auto/arrayType24.xml (RunModel)" time="0.009" />
  <testcase classname="ptolemy.util.test.junit.AutoTests" name="[422] /home/travis/build/icyphy/ptII/ptolemy/actor/lib/test/auto/arrayType25.xml (RunModel)" time="0.009" />
  <testcase classname="ptolemy.util.test.junit.AutoTests" name="[423] /home/travis/build/icyphy/ptII/ptolemy/actor/lib/test/auto/arrayType26.xml (RunModel)" time="0.01" />
  <testcase classname="ptolemy.util.test.junit.AutoTests" name="[424] /home/travis/build/icyphy/ptII/ptolemy/actor/lib/test/auto/arrayType27.xml (RunModel)" time="0.008" />
  <testcase classname="ptolemy.util.test.junit.AutoTests" name="[425] /home/travis/build/icyphy/ptII/ptolemy/actor/lib/test/auto/arrayType28.xml (RunModel)" time="0.01" />
  <testcase classname="ptolemy.util.test.junit.AutoTests" name="[426] /home/travis/build/icyphy/ptII/ptolemy/actor/lib/test/auto/arrayType3.xml (RunModel)" time="0.008" />
  <testcase classname="ptolemy.util.test.junit.AutoTests" name="[427] /home/travis/build/icyphy/ptII/ptolemy/actor/lib/test/auto/arrayType4.xml (RunModel)" time="0.008" />
  <testcase classname="ptolemy.util.test.junit.AutoTests" name="[428] /home/travis/build/icyphy/ptII/ptolemy/actor/lib/test/auto/arrayType5.xml (RunModel)" time="0.008" />
  <testcase classname="ptolemy.util.test.junit.AutoTests" name="[429] /home/travis/build/icyphy/ptII/ptolemy/actor/lib/test/auto/arrayType6.xml (RunModel)" time="0.008" />
  <testcase classname="ptolemy.util.test.junit.AutoTests" name="[430] /home/travis/build/icyphy/ptII/ptolemy/actor/lib/test/auto/arrayType7.xml (RunModel)" time="0.008" />
  <testcase classname="ptolemy.util.test.junit.AutoTests" name="[431] /home/travis/build/icyphy/ptII/ptolemy/actor/lib/test/auto/arrayType8.xml (RunModel)" time="0.025" />
  <testcase classname="ptolemy.util.test.junit.AutoTests" name="[432] /home/travis/build/icyphy/ptII/ptolemy/actor/lib/test/auto/arrayType9.xml (RunModel)" time="0.014" />
  <testcase classname="ptolemy.util.test.junit.AutoTests" name="[433] /home/travis/build/icyphy/ptII/ptolemy/actor/lib/test/auto/cast.xml (RunModel)" time="0.009" />
  <testcase classname="ptolemy.util.test.junit.AutoTests" name="[434] /home/travis/build/icyphy/ptII/ptolemy/actor/lib/test/auto/compositeMultiPort.xml (RunModel)" time="0.015" />
  <testcase classname="ptolemy.util.test.junit.AutoTests" name="[435] /home/travis/build/icyphy/ptII/ptolemy/actor/lib/test/auto/expressionCastInference.xml (RunModel)" time="0.009" />
  <testcase classname="ptolemy.util.test.junit.AutoTests" name="[436] /home/travis/build/icyphy/ptII/ptolemy/actor/lib/test/auto/expressionCastInference2.xml (RunModel)" time="0.008" />
  <testcase classname="ptolemy.util.test.junit.AutoTests" name="[437] /home/travis/build/icyphy/ptII/ptolemy/actor/lib/test/auto/expressionInference.xml (RunModel)" time="0.008" />
  <testcase classname="ptolemy.util.test.junit.AutoTests" name="[438] /home/travis/build/icyphy/ptII/ptolemy/actor/lib/test/auto/expression_bug.xml (RunModel)" time="0.007" />
  <testcase classname="ptolemy.util.test.junit.AutoTests" name="[439] /home/travis/build/icyphy/ptII/ptolemy/actor/lib/test/auto/factorial.xml (RunModel)" time="0.052" />
  <testcase classname="ptolemy.util.test.junit.AutoTests" name="[440] /home/travis/build/icyphy/ptII/ptolemy/actor/lib/test/auto/filterTest1.xml (RunModel)" time="0.015" />
  <testcase classname="ptolemy.util.test.junit.AutoTests" name="[441] /home/travis/build/icyphy/ptII/ptolemy/actor/lib/test/auto/funcApplyInConst.xml (RunModel)" time="0.019" />
  <testcase classname="ptolemy.util.test.junit.AutoTests" name="[442] /home/travis/build/icyphy/ptII/ptolemy/actor/lib/test/auto/funcApplyInExpr.xml (RunModel)" time="0.006" />
  <testcase classname="ptolemy.util.test.junit.AutoTests" name="[443] /home/travis/build/icyphy/ptII/ptolemy/actor/lib/test/auto/function.xml (RunModel)" time="0.014" />
  <testcase classname="ptolemy.util.test.junit.AutoTests" name="[444] /home/travis/build/icyphy/ptII/ptolemy/actor/lib/test/auto/function2.xml (RunModel)" time="0.009" />
  <testcase classname="ptolemy.util.test.junit.AutoTests" name="[445] /home/travis/build/icyphy/ptII/ptolemy/actor/lib/test/auto/function3.xml (RunModel)" time="0.007" />
  <testcase classname="ptolemy.util.test.junit.AutoTests" name="[446] /home/travis/build/icyphy/ptII/ptolemy/actor/lib/test/auto/functionClosureTest1.xml (RunModel)" time="0.011" />
  <testcase classname="ptolemy.util.test.junit.AutoTests" name="[447] /home/travis/build/icyphy/ptII/ptolemy/actor/lib/test/auto/functionClosureTest2.xml (RunModel)" time="0.007" />
  <testcase classname="ptolemy.util.test.junit.AutoTests" name="[448] /home/travis/build/icyphy/ptII/ptolemy/actor/lib/test/auto/functionClosureTest3.xml (RunModel)" time="0.01" />
  <testcase classname="ptolemy.util.test.junit.AutoTests" name="[449] /home/travis/build/icyphy/ptII/ptolemy/actor/lib/test/auto/functionClosureTest4.xml (RunModel)" time="0.016" />
  <testcase classname="ptolemy.util.test.junit.AutoTests" name="[450] /home/travis/build/icyphy/ptII/ptolemy/actor/lib/test/auto/functionClosureTest5.xml (RunModel)" time="0.012" />
  <testcase classname="ptolemy.util.test.junit.AutoTests" name="[451] /home/travis/build/icyphy/ptII/ptolemy/actor/lib/test/auto/functionClosureTest6.xml (RunModel)" time="0.01" />
  <testcase classname="ptolemy.util.test.junit.AutoTests" name="[452] /home/travis/build/icyphy/ptII/ptolemy/actor/lib/test/auto/functionsOnArcs.xml (RunModel)" time="0.01" />
  <testcase classname="ptolemy.util.test.junit.AutoTests" name="[453] /home/travis/build/icyphy/ptII/ptolemy/actor/lib/test/auto/functionsOnArcsHOF.xml (RunModel)" time="0.102" />
  <testcase classname="ptolemy.util.test.junit.AutoTests" name="[454] /home/travis/build/icyphy/ptII/ptolemy/actor/lib/test/auto/logic.xml (RunModel)" time="0.056" />
  <testcase classname="ptolemy.util.test.junit.AutoTests" name="[455] /home/travis/build/icyphy/ptII/ptolemy/actor/lib/test/auto/matrixType.xml (RunModel)" time="0.031" />
  <testcase classname="ptolemy.util.test.junit.AutoTests" name="[456] /home/travis/build/icyphy/ptII/ptolemy/actor/lib/test/auto/matrixType10.xml (RunModel)" time="0.066" />
  <testcase classname="ptolemy.util.test.junit.AutoTests" name="[457] /home/travis/build/icyphy/ptII/ptolemy/actor/lib/test/auto/matrixType11.xml (RunModel)" time="0.028" />
  <testcase classname="ptolemy.util.test.junit.AutoTests" name="[458] /home/travis/build/icyphy/ptII/ptolemy/actor/lib/test/auto/matrixType12.xml (RunModel)" time="0.023" />
  <testcase classname="ptolemy.util.test.junit.AutoTests" name="[459] /home/travis/build/icyphy/ptII/ptolemy/actor/lib/test/auto/matrixType13.xml (RunModel)" time="0.008" />
  <testcase classname="ptolemy.util.test.junit.AutoTests" name="[460] /home/travis/build/icyphy/ptII/ptolemy/actor/lib/test/auto/matrixType14.xml (RunModel)" time="0.009" />
  <testcase classname="ptolemy.util.test.junit.AutoTests" name="[461] /home/travis/build/icyphy/ptII/ptolemy/actor/lib/test/auto/matrixType2.xml (RunModel)" time="0.008" />
  <testcase classname="ptolemy.util.test.junit.AutoTests" name="[462] /home/travis/build/icyphy/ptII/ptolemy/actor/lib/test/auto/matrixType3.xml (RunModel)" time="0.01" />
  <testcase classname="ptolemy.util.test.junit.AutoTests" name="[463] /home/travis/build/icyphy/ptII/ptolemy/actor/lib/test/auto/matrixType4.xml (RunModel)" time="0.008" />
  <testcase classname="ptolemy.util.test.junit.AutoTests" name="[464] /home/travis/build/icyphy/ptII/ptolemy/actor/lib/test/auto/matrixType5.xml (RunModel)" time="0.009" />
  <testcase classname="ptolemy.util.test.junit.AutoTests" name="[465] /home/travis/build/icyphy/ptII/ptolemy/actor/lib/test/auto/matrixType6.xml (RunModel)" time="0.008" />
  <testcase classname="ptolemy.util.test.junit.AutoTests" name="[466] /home/travis/build/icyphy/ptII/ptolemy/actor/lib/test/auto/matrixType7.xml (RunModel)" time="0.009" />
  <testcase classname="ptolemy.util.test.junit.AutoTests" name="[467] /home/travis/build/icyphy/ptII/ptolemy/actor/lib/test/auto/matrixType8.xml (RunModel)" time="0.009" />
  <testcase classname="ptolemy.util.test.junit.AutoTests" name="[468] /home/travis/build/icyphy/ptII/ptolemy/actor/lib/test/auto/matrixType9.xml (RunModel)" time="0.008" />
  <testcase classname="ptolemy.util.test.junit.AutoTests" name="[469] /home/travis/build/icyphy/ptII/ptolemy/actor/lib/test/auto/paraFunctest.xml (RunModel)" time="0.008" />
  <testcase classname="ptolemy.util.test.junit.AutoTests" name="[470] /home/travis/build/icyphy/ptII/ptolemy/actor/lib/test/auto/paraFunctest2.xml (RunModel)" time="0.012" />
  <testcase classname="ptolemy.util.test.junit.AutoTests" name="[471] /home/travis/build/icyphy/ptII/ptolemy/actor/lib/test/auto/parameterPassing.xml (RunModel)" time="0.01" />
  <testcase classname="ptolemy.util.test.junit.AutoTests" name="[472] /home/travis/build/icyphy/ptII/ptolemy/actor/lib/test/auto/record.xml (RunModel)" time="0.009" />
  <testcase classname="ptolemy.util.test.junit.AutoTests" name="[473] /home/travis/build/icyphy/ptII/ptolemy/actor/lib/test/auto/sizedarray1.xml (RunModel)" time="0.01" />
  <testcase classname="ptolemy.util.test.junit.AutoTests" name="[474] /home/travis/build/icyphy/ptII/ptolemy/actor/lib/test/auto/sizedarray2.xml (RunModel)" time="0.012" />
  <testcase classname="ptolemy.util.test.junit.AutoTests" name="[475] /home/travis/build/icyphy/ptII/ptolemy/actor/lib/test/auto/twoPublishers.xml (RunModel)" time="0.026" />
  <system-out><![CDATA[/home/travis/build/icyphy/ptII/ptolemy/actor/lib/test/AbsoluteValue.tcl
testDefs.tcl: setting time out to 9000 seconds at Thu Sep 05 05:42:01 UTC 2019
103 ms. Memory: 120832K Free: 85951K (71%)
5 ms. Memory: 120832K Free: 84399K (70%)
5 ms. Memory: 120832K Free: 83359K (69%)
9 ms. Memory: 120832K Free: 82879K (69%)
/home/travis/build/icyphy/ptII/ptolemy/actor/lib/test/AddSubtract.tcl
22 ms. Memory: 120832K Free: 80831K (67%)
14 ms. Memory: 120832K Free: 79807K (66%)
11 ms. Memory: 120832K Free: 79279K (66%)
18 ms. Memory: 120832K Free: 78255K (65%)
93 ms. Memory: 120832K Free: 75711K (63%)
15 ms. Memory: 120832K Free: 74687K (62%)
/home/travis/build/icyphy/ptII/ptolemy/actor/lib/test/Average.tcl
18 ms. Memory: 120832K Free: 73149K (61%)
13 ms. Memory: 120832K Free: 71615K (59%)
/home/travis/build/icyphy/ptII/ptolemy/actor/lib/test/Bernoulli.tcl
5 ms. Memory: 120832K Free: 70077K (58%)
2 ms. Memory: 120832K Free: 70077K (58%)
/home/travis/build/icyphy/ptII/ptolemy/actor/lib/test/Clock.tcl
preinitializing
resolving types
initializing
executing number 1
wrapping up
idle
22 ms. Memory: 120832K Free: 67005K (55%)
Completed execution with 5 iterations
preinitializing
resolving types
initializing
executing number 1
wrapping up
idle
5 ms. Memory: 120832K Free: 66495K (55%)
Completed execution with 5 iterations
preinitializing
resolving types
initializing
executing number 1
wrapping up
idle
4 ms. Memory: 120832K Free: 65967K (55%)
Completed execution with 5 iterations
/home/travis/build/icyphy/ptII/ptolemy/actor/lib/test/Commutator.tcl
15 ms. Memory: 120832K Free: 63933K (53%)
21 ms. Memory: 120832K Free: 62879K (52%)
20 ms. Memory: 120832K Free: 57279K (47%)
/home/travis/build/icyphy/ptII/ptolemy/actor/lib/test/Const.tcl
16 ms. Memory: 120832K Free: 55727K (46%)
2 ms. Memory: 120832K Free: 55231K (46%)
4 ms. Memory: 120832K Free: 54717K (45%)
6 ms. Memory: 120832K Free: 54207K (45%)
3 ms. Memory: 120832K Free: 53183K (44%)
14 ms. Memory: 120832K Free: 51645K (43%)
10 ms. Memory: 120832K Free: 50621K (42%)
12 ms. Memory: 120832K Free: 49597K (41%)
/home/travis/build/icyphy/ptII/ptolemy/actor/lib/test/CurrentTime.tcl
preinitializing
resolving types
initializing
executing number 1
wrapping up
idle
16 ms. Memory: 120832K Free: 48063K (40%)
Completed execution with 11 iterations
/home/travis/build/icyphy/ptII/ptolemy/actor/lib/test/DB.tcl
8 ms. Memory: 120832K Free: 46015K (38%)
42 ms. Memory: 120832K Free: 106866K (88%)
2 ms. Memory: 120832K Free: 106370K (88%)
/home/travis/build/icyphy/ptII/ptolemy/actor/lib/test/DiscreteRandomSource.tcl
preinitializing
resolving types
initializing
executing number 1
wrapping up
idle
12 ms. Memory: 120832K Free: 104818K (87%)
Completed execution with 4 iterations
preinitializing
resolving types
initializing
executing number 1
wrapping up
idle
2 ms. Memory: 120832K Free: 104322K (86%)
Completed execution with 4 iterations
preinitializing
resolving types
initializing
executing number 1
wrapping up
idle
12 ms. Memory: 120832K Free: 103808K (86%)
Completed execution with 4 iterations
preinitializing
resolving types
initializing
executing number 1
wrapping up
idle
15 ms. Memory: 120832K Free: 103808K (86%)
Completed execution with 4 iterations
preinitializing
resolving types
initializing
executing number 1
wrapping up
idle
5 ms. Memory: 120832K Free: 103298K (85%)
Completed execution with 4 iterations
/home/travis/build/icyphy/ptII/ptolemy/actor/lib/test/Distributor.tcl
5 ms. Memory: 120832K Free: 101760K (84%)
15 ms. Memory: 120832K Free: 100736K (83%)
StreamChangeRequest.changeExecuted(): <deleteEntity name="rec2"/> succeeded
StreamChangeRequest.changeExecuted(): <deleteRelation name="r2"/> succeeded
StreamChangeRequest.changeExecuted(): Record firings per iteration succeeded
5 ms. Memory: 120832K Free: 98178K (81%)
/home/travis/build/icyphy/ptII/ptolemy/actor/lib/test/Exit.tcl
Exit.tcl: this will print a message about Manager.exitAfterWrapup, which can be ignored.
11 ms. Memory: 120832K Free: 95106K (79%)
/home/travis/build/icyphy/ptII/ptolemy/actor/lib/test/Expression.tcl
26 ms. Memory: 120832K Free: 104654K (87%)
17 ms. Memory: 120832K Free: 103614K (86%)
4 ms. Memory: 120832K Free: 103098K (85%)
preinitializing
resolving types
initializing
executing number 1
wrapping up
idle
9 ms. Memory: 120832K Free: 101582K (84%)
Completed execution with 6 iterations
8 ms. Memory: 120832K Free: 100534K (83%)
8 ms. Memory: 120832K Free: 100012K (83%)
12 ms. Memory: 120832K Free: 98972K (82%)
9 ms. Memory: 120832K Free: 97454K (81%)
8 ms. Memory: 120832K Free: 96422K (80%)
/home/travis/build/icyphy/ptII/ptolemy/actor/lib/test/Gaussian.tcl
6 ms. Memory: 120832K Free: 94406K (78%)
sleeping 1 seconds: ...........................................................................................................................................................................................................................................................................................................................................................................................................................................................................................................................................................................................................................................................................................................................................................................................................................................................................................................................................................................................................................................................................................................................................................................................................................................................................................................................................................................................................................................................................................................................................................................................................................................................................................................................................................................................................................................................................................................................................................................................................................................................................................................................................................................................................................................................................................................................................................................................................................................................................................................................................................................................................................................................................................................................................................................................................................................................................................................................................................................................................................................................................................................................................................................................................................................................................................................................................................................................................................................................................................................................................................................................................................................................................................................................................................................................................................................................................................................................................................................................................................................................................................................................................................................................................................................................................................................................................................................................................................................................................................................................................................................................................................................................................................................................................................................................................................................................................................................................................................................................................................................................................................................................................................................................................................................................................................................................................................................................................................................................................................................................................................................................................................................................................................................................................................................................................................................................................................................................................................................................................................................................................................................................................................................................................................................................................................................................................................................................................................................................................................................................................................................................................................................................................................................................................................................................................................................................................................................................................................................................................................................................................................................................................................................................................................................................................................................................................................................................................................................................................................................................................................................................................................................................................................................................................................................................................................................................................................................................................................................................................................................................................................................................................................................................................................................................................................................................................................................................................................................................................................................................................................................................................................................................................................................................................................................................................................................................................................................................................................................................................................................................................................................................................................................................................................................................................................................................................................................................................................................................................................................................................................................................................................................................................................................................................................................................................................................................................................................................................................................................................................................................................................................................................................................................................................................................................................................................................................................................................................................................................................................................................................................................................................................................................................................................................................................................................................................................................................................................................................................................................................................................................................................................................................................................................................................................................................................................................................................................................................................................................................................................................................................................................................................................................................................................................................................................................................................................................................................................................................................................................................................................................................................................................................................................3 ms. Memory: 148480K Free: 132707K (89%)
3 ms. Memory: 148480K Free: 131675K (89%)
2 ms. Memory: 148480K Free: 131179K (88%)
3 ms. Memory: 148480K Free: 130659K (88%)
2 ms. Memory: 148480K Free: 130153K (88%)
/home/travis/build/icyphy/ptII/ptolemy/actor/lib/test/IIR.tcl
/home/travis/build/icyphy/ptII/ptolemy/actor/lib/test/Interpolator.tcl
4 ms. Memory: 148480K Free: 126555K (85%)
2 ms. Memory: 148480K Free: 125515K (85%)
1 ms. Memory: 148480K Free: 125035K (84%)
2 ms. Memory: 148480K Free: 124491K (84%)
3 ms. Memory: 148480K Free: 124011K (84%)
2 ms. Memory: 148480K Free: 122987K (83%)
3 ms. Memory: 148480K Free: 121963K (82%)
8 ms. Memory: 148480K Free: 120939K (81%)
8 ms. Memory: 148480K Free: 120395K (81%)
3 ms. Memory: 148480K Free: 119369K (80%)
/home/travis/build/icyphy/ptII/ptolemy/actor/lib/test/MathFunction.tcl
5 ms. Memory: 148480K Free: 117323K (79%)
2 ms. Memory: 148480K Free: 116315K (78%)
3 ms. Memory: 148480K Free: 115275K (78%)
3 ms. Memory: 148480K Free: 114267K (77%)
10 ms. Memory: 148480K Free: 113227K (76%)
7 ms. Memory: 148480K Free: 111209K (75%)
/home/travis/build/icyphy/ptII/ptolemy/actor/lib/test/Maximum.tcl
7 ms. Memory: 148480K Free: 109147K (74%)
4 ms. Memory: 148480K Free: 108649K (73%)
9 ms. Memory: 148480K Free: 108137K (73%)
4 ms. Memory: 148480K Free: 107083K (72%)
/home/travis/build/icyphy/ptII/ptolemy/actor/lib/test/Minimum.tcl
7 ms. Memory: 148480K Free: 105579K (71%)
3 ms. Memory: 148480K Free: 105051K (71%)
5 ms. Memory: 148480K Free: 104041K (70%)
2 ms. Memory: 148480K Free: 103531K (70%)
/home/travis/build/icyphy/ptII/ptolemy/actor/lib/test/MultiplyDivide.tcl
4 ms. Memory: 148480K Free: 101483K (68%)
12 ms. Memory: 148480K Free: 100842K (68%)
2 ms. Memory: 148480K Free: 99939K (67%)
10 ms. Memory: 148480K Free: 99435K (67%)
4 ms. Memory: 148480K Free: 98915K (67%)
/home/travis/build/icyphy/ptII/ptolemy/actor/lib/test/OrderedMerge.tcl
Connections changed on port: inputA
Connections changed on port: inputB
Connections changed on port: output
Connections changed on port: output
Connections changed on port: output
Connections changed on port: input
.top. Preinitializing ...
Invoking preinitialize():  .top.OrderedMerge
Called preinitialize()
Invoking preinitialize():  .top.Ramp
Called preinitialize()
Invoking preinitialize():  .top.Ramp2
Called preinitialize()
Invoking preinitialize():  .top.Test
Called preinitialize()
Connections changed on port: inputA
Connections changed on port: output
Connections changed on port: output
Connections changed on port: input
Connections changed on port: inputB
Connections changed on port: output
.top. Finished preinitialize().
Called initialize().
Invoking initialize():  .top.OrderedMerge
Initializing actor: .top.OrderedMerge
Adding a thread: .top.OrderedMerge
Invoking initialize():  .top.Ramp
Initializing actor: .top.Ramp
Adding a thread: .top.Ramp
Invoking initialize():  .top.Ramp2
Initializing actor: .top.Ramp2
Adding a thread: .top.Ramp2
Invoking initialize():  .top.Test
Initializing actor: .top.Test
Adding a thread: .top.Test
Called fire().
Checking for deadlock:
-- Starting thread.
Called initialize()
Called prefire()
Called fire()
-- Starting thread.
Called initialize()
Called prefire()
Called fire()
-- Starting thread.
Called initialize()
Called prefire()
Called fire()
There are 0 Blocked actors, 0 Stopped actors, and 4 active threads.
Waiting for actors to stop.
Called postfire()
Called prefire()
Called fire()
Called postfire()
Called prefire()
Called fire()
Checking for deadlock:
There are 3 Blocked actors, 0 Stopped actors, and 4 active threads.
Waiting for actors to stop.
-- Starting thread.
Called initialize()
Called prefire()
Called fire()
Called postfire()
Called prefire()
Called fire()
Checking for deadlock:
There are 3 Blocked actors, 0 Stopped actors, and 4 active threads.
Waiting for actors to stop.
Read input token from inputA with value 0.0
Next port to read input from is inputB
Called postfire()
Called prefire()
Called fire()
Called postfire()
Called prefire()
Called fire()
Read input token from inputB with value 0.0
Sent output token with value 0.0
Next port to read input from is inputA
Called postfire()
Called prefire()
Called fire()
Checking for deadlock:
There are 2 Blocked actors, 0 Stopped actors, and 4 active threads.
Waiting for actors to stop.
-- Read input: 0.0, which is expected to match: 0.0
Called prefire()
Called fire()
Called postfire()
Called prefire()
Called fire()
Checking for deadlock:
There are 3 Blocked actors, 0 Stopped actors, and 4 active threads.
Waiting for actors to stop.
Read input token from inputA with value 1.0
-- Read input: 0.0, which is expected to match: 0.0
Called prefire()
Called fire()
Checking for deadlock:
There are 3 Blocked actors, 0 Stopped actors, and 4 active threads.
Waiting for actors to stop.
Sent output token with value 0.0
Next port to read input from is inputB
Called postfire()
Called prefire()
Called fire()
Called postfire()
Called prefire()
Called fire()
Checking for deadlock:
There are 3 Blocked actors, 0 Stopped actors, and 4 active threads.
Waiting for actors to stop.
Read input token from inputB with value 1.5
-- Read input: 1.0, which is expected to match: 1.0
Called prefire()
Called fire()
Checking for deadlock:
There are 3 Blocked actors, 0 Stopped actors, and 4 active threads.
Waiting for actors to stop.
Sent output token with value 1.0
Next port to read input from is inputA
Called postfire()
Called prefire()
Called fire()
Checking for deadlock:
There are 2 Blocked actors, 0 Stopped actors, and 4 active threads.
Waiting for actors to stop.
Called postfire()
Called prefire()
Called fire()
Checking for deadlock:
There are 3 Blocked actors, 0 Stopped actors, and 4 active threads.
Waiting for actors to stop.
Read input token from inputA with value 2.0
Checking for deadlock:
There are 2 Blocked actors, 0 Stopped actors, and 4 active threads.
Waiting for actors to stop.
-- Read input: 1.5, which is expected to match: 1.5
Called prefire()
Called fire()
Checking for deadlock:
There are 3 Blocked actors, 0 Stopped actors, and 4 active threads.
Waiting for actors to stop.
Sent output token with value 1.5
Next port to read input from is inputB
Called postfire()
Called prefire()
Called fire()
Called postfire()
Called prefire()
Called fire()
Checking for deadlock:
There are 3 Blocked actors, 0 Stopped actors, and 4 active threads.
Waiting for actors to stop.
Read input token from inputB with value 3.0
-- Read input: 2.0, which is expected to match: 2.0
Called prefire()
Called fire()
Checking for deadlock:
There are 3 Blocked actors, 0 Stopped actors, and 4 active threads.
Waiting for actors to stop.
Sent output token with value 2.0
Next port to read input from is inputA
Called postfire()
Called prefire()
Called fire()
Checking for deadlock:
There are 2 Blocked actors, 0 Stopped actors, and 4 active threads.
Waiting for actors to stop.
Called postfire()
Called prefire()
Called fire()
Checking for deadlock:
There are 3 Blocked actors, 0 Stopped actors, and 4 active threads.
Waiting for actors to stop.
Read input token from inputA with value 3.0
Checking for deadlock:
There are 2 Blocked actors, 0 Stopped actors, and 4 active threads.
Waiting for actors to stop.
-- Read input: 3.0, which is expected to match: 3.0
Called prefire()
Called fire()
Checking for deadlock:
There are 3 Blocked actors, 0 Stopped actors, and 4 active threads.
Waiting for actors to stop.
Sent output token with value 3.0
Next port to read input from is inputB
Called postfire()
Called prefire()
Called fire()
Called postfire()
Called prefire()
Called fire()
Checking for deadlock:
There are 3 Blocked actors, 0 Stopped actors, and 4 active threads.
Waiting for actors to stop.
Read input token from inputB with value 4.5
-- Read input: 3.0, which is expected to match: 3.0
Called prefire()
Called fire()
Checking for deadlock:
There are 3 Blocked actors, 0 Stopped actors, and 4 active threads.
Waiting for actors to stop.
Sent output token with value 3.0
Next port to read input from is inputA
Called postfire()
Called prefire()
Called fire()
Checking for deadlock:
There are 2 Blocked actors, 0 Stopped actors, and 4 active threads.
Waiting for actors to stop.
Called postfire()
Called prefire()
Called fire()
Checking for deadlock:
There are 3 Blocked actors, 0 Stopped actors, and 4 active threads.
Waiting for actors to stop.
Read input token from inputA with value 4.0
Checking for deadlock:
There are 2 Blocked actors, 0 Stopped actors, and 4 active threads.
Waiting for actors to stop.
-- Read input: 4.0, which is expected to match: 4.0
Called prefire()
Called fire()
Past the end of training data. Read and discard all inputs.
Checking for deadlock:
There are 3 Blocked actors, 0 Stopped actors, and 4 active threads.
Waiting for actors to stop.
Sent output token with value 4.0
Next port to read input from is inputA
Called postfire()
Called prefire()
Called fire()
Checking for deadlock:
There are 2 Blocked actors, 0 Stopped actors, and 4 active threads.
Waiting for actors to stop.
Called postfire()
Called prefire()
Called fire()
Checking for deadlock:
There are 3 Blocked actors, 0 Stopped actors, and 4 active threads.
Waiting for actors to stop.
Read input token from inputA with value 5.0
Checking for deadlock:
There are 2 Blocked actors, 0 Stopped actors, and 4 active threads.
Waiting for actors to stop.
Called prefire()
Called fire()
Past the end of training data. Read and discard all inputs.
Checking for deadlock:
There are 3 Blocked actors, 0 Stopped actors, and 4 active threads.
Waiting for actors to stop.
Sent output token with value 4.5
Next port to read input from is inputB
Called postfire()
Called prefire()
Called fire()
Called postfire()
Called prefire()
Called fire()
Checking for deadlock:
There are 3 Blocked actors, 0 Stopped actors, and 4 active threads.
Waiting for actors to stop.
Read input token from inputB with value 6.0
Called prefire()
Called fire()
Past the end of training data. Read and discard all inputs.
Checking for deadlock:
There are 3 Blocked actors, 0 Stopped actors, and 4 active threads.
Waiting for actors to stop.
Sent output token with value 5.0
Next port to read input from is inputA
Called postfire()
Called prefire()
Called fire()
Checking for deadlock:
There are 2 Blocked actors, 0 Stopped actors, and 4 active threads.
Waiting for actors to stop.
Called postfire()
Called prefire()
Called fire()
Checking for deadlock:
There are 3 Blocked actors, 0 Stopped actors, and 4 active threads.
Waiting for actors to stop.
Read input token from inputA with value 6.0
Checking for deadlock:
There are 2 Blocked actors, 0 Stopped actors, and 4 active threads.
Waiting for actors to stop.
Called prefire()
Called fire()
Past the end of training data. Read and discard all inputs.
Checking for deadlock:
There are 3 Blocked actors, 0 Stopped actors, and 4 active threads.
Waiting for actors to stop.
Sent output token with value 6.0
Next port to read input from is inputB
Called postfire()
Called prefire()
Called fire()
Called postfire()
Called prefire()
Called fire()
Checking for deadlock:
There are 3 Blocked actors, 0 Stopped actors, and 4 active threads.
Waiting for actors to stop.
Read input token from inputB with value 7.5
Called prefire()
Called fire()
Past the end of training data. Read and discard all inputs.
Checking for deadlock:
There are 3 Blocked actors, 0 Stopped actors, and 4 active threads.
Waiting for actors to stop.
Sent output token with value 6.0
Next port to read input from is inputA
Called postfire()
Called prefire()
Called fire()
Checking for deadlock:
There are 2 Blocked actors, 0 Stopped actors, and 4 active threads.
Waiting for actors to stop.
Called postfire()
Called prefire()
Called fire()
Checking for deadlock:
There are 3 Blocked actors, 0 Stopped actors, and 4 active threads.
Waiting for actors to stop.
Read input token from inputA with value 7.0
Checking for deadlock:
There are 2 Blocked actors, 0 Stopped actors, and 4 active threads.
Waiting for actors to stop.
Called prefire()
Called fire()
Past the end of training data. Read and discard all inputs.
Checking for deadlock:
There are 3 Blocked actors, 0 Stopped actors, and 4 active threads.
Waiting for actors to stop.
Sent output token with value 7.0
Next port to read input from is inputA
Called postfire()
Called prefire()
Called fire()
Checking for deadlock:
There are 2 Blocked actors, 0 Stopped actors, and 4 active threads.
Waiting for actors to stop.
-- Thread wrapup() called.
Called wrapup()
Thread .top.Ramp is exiting.
-- Thread stopped.
Checking for deadlock:
There are 2 Blocked actors, 0 Stopped actors, and 3 active threads.
Waiting for actors to stop.
Read input token from inputA with value 8.0
Called prefire()
Called fire()
Past the end of training data. Read and discard all inputs.
Checking for deadlock:
There are 2 Blocked actors, 0 Stopped actors, and 3 active threads.
Waiting for actors to stop.
Sent output token with value 7.5
Next port to read input from is inputB
Called postfire()
Called prefire()
Called fire()
Checking for deadlock:
There are 1 Blocked actors, 0 Stopped actors, and 3 active threads.
Waiting for actors to stop.
Called postfire()
Called prefire()
Called fire()
Checking for deadlock:
There are 2 Blocked actors, 0 Stopped actors, and 3 active threads.
Waiting for actors to stop.
Read input token from inputB with value 9.0
Checking for deadlock:
There are 1 Blocked actors, 0 Stopped actors, and 3 active threads.
Waiting for actors to stop.
Called prefire()
Called fire()
Past the end of training data. Read and discard all inputs.
Checking for deadlock:
There are 2 Blocked actors, 0 Stopped actors, and 3 active threads.
Waiting for actors to stop.
Sent output token with value 8.0
Next port to read input from is inputA
Called postfire()
Called prefire()
Called fire()
Read input token from inputA with value 9.0
Called prefire()
Called fire()
Past the end of training data. Read and discard all inputs.
Checking for deadlock:
There are 2 Blocked actors, 0 Stopped actors, and 3 active threads.
Waiting for actors to stop.
Sent output token with value 9.0
Next port to read input from is inputB
Called postfire()
Called prefire()
Called fire()
Called postfire()
Called prefire()
Called fire()
Checking for deadlock:
There are 2 Blocked actors, 0 Stopped actors, and 3 active threads.
Waiting for actors to stop.
Read input token from inputB with value 10.5
Called prefire()
Called fire()
Past the end of training data. Read and discard all inputs.
Checking for deadlock:
There are 2 Blocked actors, 0 Stopped actors, and 3 active threads.
Waiting for actors to stop.
Sent output token with value 9.0
Next port to read input from is inputA
Called postfire()
Called prefire()
Called fire()
Checking for deadlock:
There are 3 Blocked actors, 0 Stopped actors, and 3 active threads.
Actors have stopped.
Checking for deadlock:
There are 3 Blocked actors, 0 Stopped actors, and 3 active threads.
Deadlock detected.
Resolving Deadlock
Checking for deadlock:
There are 3 Blocked actors, 0 Stopped actors, and 3 active threads.
Artificial Deadlock - increasing queue capacity.
increasing the capacity of receiver ptolemy.actor.TypedIOPort {.top.OrderedMerge.inputB} to 2
Director: Called postfire().
Called postfire().
_stopRequested = false
_stopFireRequested = false
Returning from postfire(): true
-- Thread wrapup() called.
Called wrapup()
Thread .top.Ramp2 is exiting.
-- Thread stopped.
Called fire().
Checking for deadlock:
There are 2 Blocked actors, 0 Stopped actors, and 2 active threads.
Actors have stopped.
Checking for deadlock:
There are 2 Blocked actors, 0 Stopped actors, and 2 active threads.
Deadlock detected.
Resolving Deadlock
Checking for deadlock:
There are 2 Blocked actors, 0 Stopped actors, and 2 active threads.
Deadlock detected: no processes blocked on write, but some are blocked on read.
Called postfire().
_stopRequested = false
_stopFireRequested = false
Returning from postfire(): false
Finished deactivating branches.
Called wrapup().
-- Thread wrapup() called.
Called wrapup()
Thread .top.Test is exiting.
-- Thread stopped.
-- Blocked Receiver call threw TerminateProcessException.
-- Thread wrapup() called.
Called wrapup()
Thread .top.OrderedMerge is exiting.
-- Thread stopped.
-- Blocked Receiver call threw TerminateProcessException.
70 ms. Memory: 148480K Free: 93801K (63%)
.top. Preinitializing ...
Invoking preinitialize():  .top.OrderedMerge
Called preinitialize()
Invoking preinitialize():  .top.Ramp
Called preinitialize()
Invoking preinitialize():  .top.Ramp2
Called preinitialize()
Invoking preinitialize():  .top.Test
Called preinitialize()
.top. Finished preinitialize().
Called initialize().
Invoking initialize():  .top.OrderedMerge
Initializing actor: .top.OrderedMerge
Adding a thread: .top.OrderedMerge
Invoking initialize():  .top.Ramp
Initializing actor: .top.Ramp
Adding a thread: .top.Ramp
Invoking initialize():  .top.Ramp2
Initializing actor: .top.Ramp2
Adding a thread: .top.Ramp2
Invoking initialize():  .top.Test
Initializing actor: .top.Test
Adding a thread: .top.Test
-- Starting thread.
Called initialize()
Called prefire()
Called fire()
Called postfire()
Called prefire()
Called fire()
-- Starting thread.
Called initialize()
Called prefire()
Called fire()
Called postfire()
Called prefire()
Called fire()
Called fire().
Checking for deadlock:
There are 2 Blocked actors, 0 Stopped actors, and 4 active threads.
Waiting for actors to stop.
-- Starting thread.
Called initialize()
Called prefire()
Called fire()
Checking for deadlock:
There are 3 Blocked actors, 0 Stopped actors, and 4 active threads.
Waiting for actors to stop.
-- Starting thread.
Called initialize()
Called prefire()
Called fire()
Called postfire()
Checking for deadlock:
There are 2 Blocked actors, 0 Stopped actors, and 4 active threads.
Waiting for actors to stop.
Called prefire()
Called fire()
Checking for deadlock:
There are 3 Blocked actors, 0 Stopped actors, and 4 active threads.
Waiting for actors to stop.
Read input token from inputA with value 0.0
Next port to read input from is inputB
Called postfire()
Called prefire()
Called fire()
Checking for deadlock:
There are 2 Blocked actors, 0 Stopped actors, and 4 active threads.
Waiting for actors to stop.
Called postfire()
Called prefire()
Called fire()
Checking for deadlock:
There are 3 Blocked actors, 0 Stopped actors, and 4 active threads.
Waiting for actors to stop.
Read input token from inputB with value 0.0
Checking for deadlock:
There are 2 Blocked actors, 0 Stopped actors, and 4 active threads.
Waiting for actors to stop.
-- Read input: 0.0, which is expected to match: 0.0
Called prefire()
Called fire()
Checking for deadlock:
There are 3 Blocked actors, 0 Stopped actors, and 4 active threads.
Waiting for actors to stop.
Sent output token with value 0.0
Next port to read input from is inputA
Called postfire()
Called prefire()
Called fire()
Called postfire()
Called prefire()
Called fire()
Checking for deadlock:
There are 3 Blocked actors, 0 Stopped actors, and 4 active threads.
Waiting for actors to stop.
Read input token from inputA with value 1.0
-- Read input: 0.0, which is expected to match: 0.0
Called prefire()
Called fire()
Checking for deadlock:
There are 3 Blocked actors, 0 Stopped actors, and 4 active threads.
Waiting for actors to stop.
Sent output token with value 0.0
Next port to read input from is inputB
Called postfire()
Called prefire()
Called fire()
Called postfire()
Called prefire()
Called fire()
Checking for deadlock:
There are 3 Blocked actors, 0 Stopped actors, and 4 active threads.
Waiting for actors to stop.
Read input token from inputB with value 1.5
-- Read input: 1.0, which is expected to match: 1.0
Called prefire()
Called fire()
Checking for deadlock:
There are 3 Blocked actors, 0 Stopped actors, and 4 active threads.
Waiting for actors to stop.
Sent output token with value 1.0
Next port to read input from is inputA
Called postfire()
Called prefire()
Called fire()
Called postfire()
Called prefire()
Called fire()
Checking for deadlock:
There are 3 Blocked actors, 0 Stopped actors, and 4 active threads.
Waiting for actors to stop.
Read input token from inputA with value 2.0
-- Read input: 1.5, which is expected to match: 1.5
Called prefire()
Called fire()
Checking for deadlock:
There are 3 Blocked actors, 0 Stopped actors, and 4 active threads.
Waiting for actors to stop.
Sent output token with value 1.5
Next port to read input from is inputB
Called postfire()
Called prefire()
Called fire()
Called postfire()
Called prefire()
Called fire()
Checking for deadlock:
There are 3 Blocked actors, 0 Stopped actors, and 4 active threads.
Waiting for actors to stop.
Read input token from inputB with value 3.0
-- Read input: 2.0, which is expected to match: 2.0
Called prefire()
Called fire()
Checking for deadlock:
There are 3 Blocked actors, 0 Stopped actors, and 4 active threads.
Waiting for actors to stop.
Sent output token with value 2.0
Next port to read input from is inputA
Called postfire()
Called prefire()
Called fire()
Called postfire()
Called prefire()
Called fire()
Checking for deadlock:
There are 3 Blocked actors, 0 Stopped actors, and 4 active threads.
Waiting for actors to stop.
Read input token from inputA with value 3.0
-- Read input: 3.0, which is expected to match: 3.0
Called prefire()
Called fire()
Checking for deadlock:
There are 3 Blocked actors, 0 Stopped actors, and 4 active threads.
Waiting for actors to stop.
Sent output token with value 3.0
Next port to read input from is inputB
Called postfire()
Called prefire()
Called fire()
Called postfire()
Called prefire()
Called fire()
Checking for deadlock:
There are 3 Blocked actors, 0 Stopped actors, and 4 active threads.
Waiting for actors to stop.
Read input token from inputB with value 4.5
-- Read input: 3.0, which is expected to match: 3.0
Called prefire()
Called fire()
Checking for deadlock:
There are 3 Blocked actors, 0 Stopped actors, and 4 active threads.
Waiting for actors to stop.
Sent output token with value 3.0
Next port to read input from is inputA
Called postfire()
Called prefire()
Called fire()
Called postfire()
Called prefire()
Called fire()
Checking for deadlock:
There are 3 Blocked actors, 0 Stopped actors, and 4 active threads.
Waiting for actors to stop.
Read input token from inputA with value 4.0
-- Read input: 4.0, which is expected to match: 4.0
Called prefire()
Called fire()
Past the end of training data. Read and discard all inputs.
Checking for deadlock:
There are 3 Blocked actors, 0 Stopped actors, and 4 active threads.
Waiting for actors to stop.
Sent output token with value 4.0
Next port to read input from is inputA
Called postfire()
Called prefire()
Called fire()
Called postfire()
Called prefire()
Called fire()
Checking for deadlock:
There are 3 Blocked actors, 0 Stopped actors, and 4 active threads.
Waiting for actors to stop.
Read input token from inputA with value 5.0
Called prefire()
Called fire()
Past the end of training data. Read and discard all inputs.
Checking for deadlock:
There are 3 Blocked actors, 0 Stopped actors, and 4 active threads.
Waiting for actors to stop.
Sent output token with value 4.5
Next port to read input from is inputB
Called postfire()
Called prefire()
Called fire()
Called postfire()
Called prefire()
Called fire()
Checking for deadlock:
There are 3 Blocked actors, 0 Stopped actors, and 4 active threads.
Waiting for actors to stop.
Read input token from inputB with value 6.0
Sent output token with value 5.0
Called prefire()
Called fire()
Next port to read input from is inputA
Past the end of training data. Read and discard all inputs.
Called postfire()
Called prefire()
Called fire()
Checking for deadlock:
There are 3 Blocked actors, 0 Stopped actors, and 4 active threads.
Waiting for actors to stop.
Checking for deadlock:
There are 2 Blocked actors, 0 Stopped actors, and 4 active threads.
Waiting for actors to stop.
Called postfire()
Called prefire()
Called fire()
Checking for deadlock:
There are 3 Blocked actors, 0 Stopped actors, and 4 active threads.
Waiting for actors to stop.
Read input token from inputA with value 6.0
Checking for deadlock:
There are 2 Blocked actors, 0 Stopped actors, and 4 active threads.
Waiting for actors to stop.
Called prefire()
Called fire()
Past the end of training data. Read and discard all inputs.
Checking for deadlock:
There are 3 Blocked actors, 0 Stopped actors, and 4 active threads.
Waiting for actors to stop.
Sent output token with value 6.0
Next port to read input from is inputB
Called postfire()
Called prefire()
Called fire()
Called postfire()
Called prefire()
Called fire()
Checking for deadlock:
There are 3 Blocked actors, 0 Stopped actors, and 4 active threads.
Waiting for actors to stop.
Read input token from inputB with value 7.5
Called prefire()
Called fire()
Past the end of training data. Read and discard all inputs.
Checking for deadlock:
There are 3 Blocked actors, 0 Stopped actors, and 4 active threads.
Waiting for actors to stop.
Sent output token with value 6.0
Next port to read input from is inputA
Called postfire()
Called prefire()
Called fire()
Checking for deadlock:
There are 2 Blocked actors, 0 Stopped actors, and 4 active threads.
Waiting for actors to stop.
Called postfire()
Called prefire()
Called fire()
Checking for deadlock:
There are 3 Blocked actors, 0 Stopped actors, and 4 active threads.
Waiting for actors to stop.
Read input token from inputA with value 7.0
Checking for deadlock:
There are 2 Blocked actors, 0 Stopped actors, and 4 active threads.
Waiting for actors to stop.
Called prefire()
Called fire()
Past the end of training data. Read and discard all inputs.
Checking for deadlock:
There are 3 Blocked actors, 0 Stopped actors, and 4 active threads.
Waiting for actors to stop.
Sent output token with value 7.0
Next port to read input from is inputA
Called postfire()
Called prefire()
Called fire()
Checking for deadlock:
There are 2 Blocked actors, 0 Stopped actors, and 4 active threads.
Waiting for actors to stop.
-- Thread wrapup() called.
Called wrapup()
Thread .top.Ramp is exiting.
-- Thread stopped.
Checking for deadlock:
There are 2 Blocked actors, 0 Stopped actors, and 3 active threads.
Waiting for actors to stop.
Read input token from inputA with value 8.0
Called prefire()
Called fire()
Past the end of training data. Read and discard all inputs.
Checking for deadlock:
There are 2 Blocked actors, 0 Stopped actors, and 3 active threads.
Waiting for actors to stop.
Sent output token with value 7.5
Next port to read input from is inputB
Called postfire()
Called prefire()
Called fire()
Checking for deadlock:
There are 1 Blocked actors, 0 Stopped actors, and 3 active threads.
Waiting for actors to stop.
Called postfire()
Called prefire()
Called fire()
Checking for deadlock:
There are 2 Blocked actors, 0 Stopped actors, and 3 active threads.
Waiting for actors to stop.
Read input token from inputB with value 9.0
Checking for deadlock:
There are 1 Blocked actors, 0 Stopped actors, and 3 active threads.
Waiting for actors to stop.
Called prefire()
Called fire()
Past the end of training data. Read and discard all inputs.
Checking for deadlock:
There are 2 Blocked actors, 0 Stopped actors, and 3 active threads.
Waiting for actors to stop.
Sent output token with value 8.0
Next port to read input from is inputA
Called postfire()
Called prefire()
Called fire()
Read input token from inputA with value 9.0
Called prefire()
Called fire()
Past the end of training data. Read and discard all inputs.
Checking for deadlock:
There are 2 Blocked actors, 0 Stopped actors, and 3 active threads.
Waiting for actors to stop.
Sent output token with value 9.0
Next port to read input from is inputB
Called postfire()
Called prefire()
Called fire()
Called postfire()
Called prefire()
Called fire()
Checking for deadlock:
There are 2 Blocked actors, 0 Stopped actors, and 3 active threads.
Waiting for actors to stop.
Read input token from inputB with value 10.5
Called prefire()
Called fire()
Past the end of training data. Read and discard all inputs.
Checking for deadlock:
There are 2 Blocked actors, 0 Stopped actors, and 3 active threads.
Waiting for actors to stop.
Sent output token with value 9.0
Next port to read input from is inputA
Called postfire()
Called prefire()
Called fire()
Checking for deadlock:
There are 3 Blocked actors, 0 Stopped actors, and 3 active threads.
Actors have stopped.
Checking for deadlock:
There are 3 Blocked actors, 0 Stopped actors, and 3 active threads.
Deadlock detected.
Resolving Deadlock
Checking for deadlock:
There are 3 Blocked actors, 0 Stopped actors, and 3 active threads.
Artificial Deadlock - increasing queue capacity.
increasing the capacity of receiver ptolemy.actor.TypedIOPort {.top.OrderedMerge.inputB} to 2
Director: Called postfire().
Called postfire().
_stopRequested = false
_stopFireRequested = false
Returning from postfire(): true
Called fire().
Checking for deadlock:
There are 2 Blocked actors, 0 Stopped actors, and 3 active threads.
Waiting for actors to stop.
-- Thread wrapup() called.
Called wrapup()
Thread .top.Ramp2 is exiting.
-- Thread stopped.
Checking for deadlock:
There are 2 Blocked actors, 0 Stopped actors, and 2 active threads.
Actors have stopped.
Checking for deadlock:
There are 2 Blocked actors, 0 Stopped actors, and 2 active threads.
Deadlock detected.
Resolving Deadlock
Checking for deadlock:
There are 2 Blocked actors, 0 Stopped actors, and 2 active threads.
Deadlock detected: no processes blocked on write, but some are blocked on read.
Called postfire().
_stopRequested = false
_stopFireRequested = false
Returning from postfire(): false
Finished deactivating branches.
Called wrapup().
-- Thread wrapup() called.
Called wrapup()
-- Thread wrapup() called.
Called wrapup()
Thread .top.OrderedMerge is exiting.
Thread .top.Test is exiting.
-- Thread stopped.
-- Blocked Receiver call threw TerminateProcessException.
55 ms. Memory: 148480K Free: 91804K (62%)
/home/travis/build/icyphy/ptII/ptolemy/actor/lib/test/Publisher.tcl
-- Thread stopped.
-- Blocked Receiver call threw TerminateProcessException.
18 ms. Memory: 148480K Free: 130011K (88%)
4 ms. Memory: 148480K Free: 124891K (84%)
10 ms. Memory: 148480K Free: 121291K (82%)
4 ms. Memory: 148480K Free: 120251K (81%)
6 ms. Memory: 148480K Free: 119227K (80%)
15 ms. Memory: 148480K Free: 118747K (80%)
2 ms. Memory: 148480K Free: 117723K (79%)
6 ms. Memory: 148480K Free: 117203K (79%)
32 ms. Memory: 148480K Free: 123241K (83%)
3 ms. Memory: 148480K Free: 119139K (80%)
2 ms. Memory: 148480K Free: 118635K (80%)
16 ms. Memory: 148480K Free: 116587K (79%)
6 ms. Memory: 148480K Free: 108905K (73%)
5 ms. Memory: 148480K Free: 99179K (67%)
7 ms. Memory: 148480K Free: 88419K (60%)
/home/travis/build/icyphy/ptII/ptolemy/actor/lib/test/Pulse.tcl
2 ms. Memory: 148480K Free: 101084K (68%)
1 ms. Memory: 148480K Free: 100580K (68%)
10 ms. Memory: 148480K Free: 100060K (67%)
2 ms. Memory: 148480K Free: 99556K (67%)
1 ms. Memory: 148480K Free: 99042K (67%)
9 ms. Memory: 148480K Free: 98004K (66%)
5 ms. Memory: 148480K Free: 96964K (65%)
5 ms. Memory: 148480K Free: 95940K (65%)
3 ms. Memory: 148480K Free: 95460K (64%)
/home/travis/build/icyphy/ptII/ptolemy/actor/lib/test/Ramp.tcl
8 ms. Memory: 148480K Free: 93412K (63%)
2 ms. Memory: 148480K Free: 92868K (63%)
2 ms. Memory: 148480K Free: 91860K (62%)
2 ms. Memory: 148480K Free: 91364K (62%)
3 ms. Memory: 148480K Free: 90340K (61%)
4 ms. Memory: 148480K Free: 89316K (60%)
4 ms. Memory: 148480K Free: 88788K (60%)
5 actors
4000 microseconds per iteration to create
5 ms. Memory: 148480K Free: 85716K (58%)
1 ms. Memory: 148480K Free: 85220K (57%)
1 ms. Memory: 148480K Free: 84706K (57%)
2 ms. Memory: 148480K Free: 84196K (57%)
50 actors
43000 microseconds per iteration to create
62 ms. Memory: 148480K Free: 128448K (87%)
5 ms. Memory: 148480K Free: 127448K (86%)
13 ms. Memory: 148480K Free: 126430K (85%)
5 ms. Memory: 148480K Free: 125406K (84%)
500 actors
1762000 microseconds per iteration to create
281 ms. Memory: 178176K Free: 134909K (76%)
37 ms. Memory: 178176K Free: 129789K (73%)
40 ms. Memory: 178176K Free: 124669K (70%)
40 ms. Memory: 178176K Free: 119549K (67%)
/home/travis/build/icyphy/ptII/ptolemy/actor/lib/test/RampContinuous.tcl
7 ms. Memory: 178176K Free: 117997K (66%)
/home/travis/build/icyphy/ptII/ptolemy/actor/lib/test/RecordAssembler.tcl
4 ms. Memory: 178176K Free: 116477K (65%)
3 ms. Memory: 178176K Free: 115453K (65%)
/home/travis/build/icyphy/ptII/ptolemy/actor/lib/test/RecordDisassembler.tcl
5 ms. Memory: 178176K Free: 113901K (64%)
3 ms. Memory: 178176K Free: 112877K (63%)
3 ms. Memory: 178176K Free: 111853K (63%)
/home/travis/build/icyphy/ptII/ptolemy/actor/lib/test/Scale.tcl
3 ms. Memory: 178176K Free: 110333K (62%)
2 ms. Memory: 178176K Free: 109309K (61%)
1 ms. Memory: 178176K Free: 108781K (61%)
2 ms. Memory: 178176K Free: 107757K (60%)
3 ms. Memory: 178176K Free: 106733K (60%)
/home/travis/build/icyphy/ptII/ptolemy/actor/lib/test/SequentialClock.tcl
preinitializing
resolving types
initializing
executing number 1
wrapping up
idle
2 ms. Memory: 178176K Free: 105709K (59%)
Completed execution with 5 iterations
preinitializing
resolving types
initializing
executing number 1
wrapping up
idle
1 ms. Memory: 178176K Free: 105213K (59%)
Completed execution with 5 iterations
preinitializing
resolving types
initializing
executing number 1
wrapping up
idle
1 ms. Memory: 178176K Free: 104699K (59%)
Completed execution with 5 iterations
/home/travis/build/icyphy/ptII/ptolemy/actor/lib/test/SetVariable.tcl
4 ms. Memory: 178176K Free: 102637K (58%)


==== $PTII/ptolemy/actor/lib/test/SetVariable.tcl: SetVariable-3.1 changeFailed
==== Contents of test case:

    #Uses 2.1 above
    jdkCaptureErr {
        # This test was failing if we ran Exit.tcl and then this test.
        # MessageHandler.error() now actually throws the Exception.
	catch {$setVariable changeFailed [java::null]  [java::new Exception {Test exception for SetVariable.changeFailed()}]} errMsg
    } results
    list [string range $results 0 89] "\n" $errMsg

==== Result was:
{java.lang.Exception: Test exception for SetVariable.changeFailed()
	at java.base/jdk.inter} {
} {java.lang.RuntimeException: java.lang.Exception: Test exception for SetVariable.changeFailed()}
---- Result should have been:
{Failed to set variable.
java.lang.Exception: Test exception for SetVariable.changeFailed()} {
} {java.lang.RuntimeException: java.lang.Exception: Test exception for SetVariable.changeFailed()}
---- SetVariable-3.1 FAILED
/home/travis/build/icyphy/ptII/ptolemy/actor/lib/test/Sinewave.tcl
/home/travis/build/icyphy/ptII/ptolemy/actor/lib/test/SubscriptionAggregator.tcl
5 ms. Memory: 178176K Free: 90877K (51%)
2 ms. Memory: 178176K Free: 89853K (50%)
1 ms. Memory: 178176K Free: 89333K (50%)
1 ms. Memory: 178176K Free: 89333K (50%)
1 ms. Memory: 178176K Free: 85757K (48%)
8 ms. Memory: 178176K Free: 83709K (47%)
...............................................................1248 ms. Memory: 239616K Free: 146508K (61%)
/home/travis/build/icyphy/ptII/ptolemy/actor/lib/test/Test.tcl
 The next command will produce a warning about training mode,
   which may be ignored.
5 ms. Memory: 239616K Free: 144462K (60%)
9 ms. Memory: 239616K Free: 143438K (60%)
1 ms. Memory: 239616K Free: 142910K (60%)
2 ms. Memory: 239616K Free: 142414K (59%)
7 ms. Memory: 239616K Free: 141900K (59%)
3 ms. Memory: 239616K Free: 140366K (59%)
3 ms. Memory: 239616K Free: 139342K (58%)
 The next command will produce a warning about training mode,
   which may be ignored.
3 ms. Memory: 239616K Free: 136774K (57%)
 The next command will produce a warning about training mode,
   which may be ignored.
2 ms. Memory: 239616K Free: 135750K (57%)
1 ms. Memory: 239616K Free: 135246K (56%)
1 ms. Memory: 239616K Free: 134702K (56%)
2 ms. Memory: 239616K Free: 134222K (56%)
7 ms. Memory: 239616K Free: 133198K (56%)
5 ms. Memory: 239616K Free: 129102K (54%)
/home/travis/build/icyphy/ptII/ptolemy/actor/lib/test/TestExceptionHandler.tcl
 The next command will produce a warning about training mode,
   which may be ignored.
2 ms. Memory: 239616K Free: 128078K (53%)
0 ms. Memory: 239616K Free: 127564K (53%)
1 ms. Memory: 239616K Free: 127054K (53%)
/home/travis/build/icyphy/ptII/ptolemy/actor/lib/test/UnionDisassembler.tcl
26 ms. Memory: 239616K Free: 119886K (50%)
/home/travis/build/icyphy/ptII/ptolemy/actor/lib/test/VariableClock.tcl
preinitializing
resolving types
initializing
executing number 1
wrapping up
idle
11 ms. Memory: 239616K Free: 117838K (49%)
Completed execution with 11 iterations
preinitializing
resolving types
initializing
executing number 1
wrapping up
idle
5 ms. Memory: 239616K Free: 116286K (49%)
Completed execution with 10 iterations
09/05/19 05:42:10
Failed: 1  Total Tests: 234  ((Passed: 233, Newly Passed: 0)  Known Failed: 0) /home/travis/build/icyphy/ptII/ptolemy/actor/lib/test
----------------- testing (KnownFailure) /home/travis/build/icyphy/ptII/ptolemy/actor/lib/test/auto/knownFailedTests/PublisherPortToplevelSubscriber.xml
1 ms. Memory: 239616K Free: 113228K (47%)
Known Failure: java.lang.reflect.InvocationTargetException
----------------- testing (KnownFailure) /home/travis/build/icyphy/ptII/ptolemy/actor/lib/test/auto/knownFailedTests/PublisherSubscriberPortToplevel.xml
0 ms. Memory: 239616K Free: 108622K (45%)
Known Failure: java.lang.reflect.InvocationTargetException
----------------- testing (KnownFailure) /home/travis/build/icyphy/ptII/ptolemy/actor/lib/test/auto/knownFailedTests/PublisherSubscriptionAggregatorPort.xml
0 ms. Memory: 239616K Free: 104012K (43%)
Known Failure: java.lang.reflect.InvocationTargetException
----------------- testing (KnownFailure) /home/travis/build/icyphy/ptII/ptolemy/actor/lib/test/auto/knownFailedTests/sizedarray3.xml
5 ms. Memory: 239616K Free: 99916K (42%)
Known Failure: java.lang.reflect.InvocationTargetException
No auto/linux-amd64/*.xml tests in /home/travis/build/icyphy/ptII/ptolemy/actor/lib/test
AutoTests.java: About to close Vertx.
AutoTests.java: Vertx closed.

===========================================================================================
----------------- testing Thu Sep 05 05:42:11 UTC 2019 /home/travis/build/icyphy/ptII/ptolemy/actor/lib/test/auto/AbsoluteValue.xml
----------------- Instantiating /home/travis/build/icyphy/ptII/ptolemy/actor/lib/test/auto/AbsoluteValue.xml
29 ms. Memory: 239616K Free: 76878K (32%)
----------------- Invoking toplevel() on ptolemy.moml.MoMLSimpleApplication@3073061f
----------------- Done invoking toplevel() on ptolemy.moml.MoMLSimpleApplication@3073061f
reloadAllAccessors: .AbsoluteValue

===========================================================================================
----------------- testing Thu Sep 05 05:42:11 UTC 2019 /home/travis/build/icyphy/ptII/ptolemy/actor/lib/test/auto/AbsoluteValue2.xml
----------------- Instantiating /home/travis/build/icyphy/ptII/ptolemy/actor/lib/test/auto/AbsoluteValue2.xml
15 ms. Memory: 239616K Free: 189354K (79%)
----------------- Invoking toplevel() on ptolemy.moml.MoMLSimpleApplication@5bca49f0
----------------- Done invoking toplevel() on ptolemy.moml.MoMLSimpleApplication@5bca49f0
reloadAllAccessors: .AbsoluteValue2

===========================================================================================
----------------- testing Thu Sep 05 05:42:11 UTC 2019 /home/travis/build/icyphy/ptII/ptolemy/actor/lib/test/auto/Accumulator.xml
----------------- Instantiating /home/travis/build/icyphy/ptII/ptolemy/actor/lib/test/auto/Accumulator.xml
20 ms. Memory: 239616K Free: 182700K (76%)
----------------- Invoking toplevel() on ptolemy.moml.MoMLSimpleApplication@7beef706
----------------- Done invoking toplevel() on ptolemy.moml.MoMLSimpleApplication@7beef706
reloadAllAccessors: .Accumulator

===========================================================================================
----------------- testing Thu Sep 05 05:42:11 UTC 2019 /home/travis/build/icyphy/ptII/ptolemy/actor/lib/test/auto/Accumulator2.xml
----------------- Instantiating /home/travis/build/icyphy/ptII/ptolemy/actor/lib/test/auto/Accumulator2.xml
2 ms. Memory: 239616K Free: 177580K (74%)
----------------- Invoking toplevel() on ptolemy.moml.MoMLSimpleApplication@2e729468
----------------- Done invoking toplevel() on ptolemy.moml.MoMLSimpleApplication@2e729468
reloadAllAccessors: .Accumulator2

===========================================================================================
----------------- testing Thu Sep 05 05:42:11 UTC 2019 /home/travis/build/icyphy/ptII/ptolemy/actor/lib/test/auto/Accumulator3.xml
----------------- Instantiating /home/travis/build/icyphy/ptII/ptolemy/actor/lib/test/auto/Accumulator3.xml
2 ms. Memory: 239616K Free: 172970K (72%)
----------------- Invoking toplevel() on ptolemy.moml.MoMLSimpleApplication@4a3a590c
----------------- Done invoking toplevel() on ptolemy.moml.MoMLSimpleApplication@4a3a590c
reloadAllAccessors: .Accumulator3

===========================================================================================
----------------- testing Thu Sep 05 05:42:11 UTC 2019 /home/travis/build/icyphy/ptII/ptolemy/actor/lib/test/auto/ArrayAppend.xml
----------------- Instantiating /home/travis/build/icyphy/ptII/ptolemy/actor/lib/test/auto/ArrayAppend.xml
4 ms. Memory: 239616K Free: 167340K (70%)
----------------- Invoking toplevel() on ptolemy.moml.MoMLSimpleApplication@1ba75df1
----------------- Done invoking toplevel() on ptolemy.moml.MoMLSimpleApplication@1ba75df1
reloadAllAccessors: .ArrayAppend

===========================================================================================
----------------- testing Thu Sep 05 05:42:11 UTC 2019 /home/travis/build/icyphy/ptII/ptolemy/actor/lib/test/auto/ArrayAppend2.xml
----------------- Instantiating /home/travis/build/icyphy/ptII/ptolemy/actor/lib/test/auto/ArrayAppend2.xml
410 ms. Memory: 239616K Free: 89002K (37%)
----------------- Invoking toplevel() on ptolemy.moml.MoMLSimpleApplication@4fb72aed
----------------- Done invoking toplevel() on ptolemy.moml.MoMLSimpleApplication@4fb72aed
reloadAllAccessors: .ArrayAppend2

===========================================================================================
----------------- testing Thu Sep 05 05:42:12 UTC 2019 /home/travis/build/icyphy/ptII/ptolemy/actor/lib/test/auto/ArrayAppend3.xml
----------------- Instantiating /home/travis/build/icyphy/ptII/ptolemy/actor/lib/test/auto/ArrayAppend3.xml
8 ms. Memory: 239616K Free: 84394K (35%)
----------------- Invoking toplevel() on ptolemy.moml.MoMLSimpleApplication@24664df
----------------- Done invoking toplevel() on ptolemy.moml.MoMLSimpleApplication@24664df
reloadAllAccessors: .ArrayAppend3

===========================================================================================
----------------- testing Thu Sep 05 05:42:12 UTC 2019 /home/travis/build/icyphy/ptII/ptolemy/actor/lib/test/auto/ArrayAppend4.xml
----------------- Instantiating /home/travis/build/icyphy/ptII/ptolemy/actor/lib/test/auto/ArrayAppend4.xml
9 ms. Memory: 239616K Free: 78762K (33%)
----------------- Invoking toplevel() on ptolemy.moml.MoMLSimpleApplication@2a4c5588
----------------- Done invoking toplevel() on ptolemy.moml.MoMLSimpleApplication@2a4c5588
reloadAllAccessors: .ArrayAppend4

===========================================================================================
----------------- testing Thu Sep 05 05:42:12 UTC 2019 /home/travis/build/icyphy/ptII/ptolemy/actor/lib/test/auto/ArrayAppend5.xml
----------------- Instantiating /home/travis/build/icyphy/ptII/ptolemy/actor/lib/test/auto/ArrayAppend5.xml
3 ms. Memory: 239616K Free: 73642K (31%)
----------------- Invoking toplevel() on ptolemy.moml.MoMLSimpleApplication@1c5cadf6
----------------- Done invoking toplevel() on ptolemy.moml.MoMLSimpleApplication@1c5cadf6
reloadAllAccessors: .ArrayAppend5

===========================================================================================
----------------- testing Thu Sep 05 05:42:12 UTC 2019 /home/travis/build/icyphy/ptII/ptolemy/actor/lib/test/auto/ArrayAppend6.xml
----------------- Instantiating /home/travis/build/icyphy/ptII/ptolemy/actor/lib/test/auto/ArrayAppend6.xml
4 ms. Memory: 239616K Free: 68522K (29%)
----------------- Invoking toplevel() on ptolemy.moml.MoMLSimpleApplication@78efba5d
----------------- Done invoking toplevel() on ptolemy.moml.MoMLSimpleApplication@78efba5d
reloadAllAccessors: .ArrayAppend6

===========================================================================================
----------------- testing Thu Sep 05 05:42:12 UTC 2019 /home/travis/build/icyphy/ptII/ptolemy/actor/lib/test/auto/ArrayAppendPerformanceTest.xml
----------------- Instantiating /home/travis/build/icyphy/ptII/ptolemy/actor/lib/test/auto/ArrayAppendPerformanceTest.xml
86 ms. Memory: 479232K Free: 430652K (90%)
----------------- Invoking toplevel() on ptolemy.moml.MoMLSimpleApplication@536a9570
----------------- Done invoking toplevel() on ptolemy.moml.MoMLSimpleApplication@536a9570
reloadAllAccessors: .ArrayAppendPerformanceTest

===========================================================================================
----------------- testing Thu Sep 05 05:42:12 UTC 2019 /home/travis/build/icyphy/ptII/ptolemy/actor/lib/test/auto/ArrayAppendWithEmptyInput.xml
----------------- Instantiating /home/travis/build/icyphy/ptII/ptolemy/actor/lib/test/auto/ArrayAppendWithEmptyInput.xml
11 ms. Memory: 479232K Free: 422314K (88%)
----------------- Invoking toplevel() on ptolemy.moml.MoMLSimpleApplication@464d0f6
----------------- Done invoking toplevel() on ptolemy.moml.MoMLSimpleApplication@464d0f6
reloadAllAccessors: .ArrayAppendWithEmptyInput

===========================================================================================
----------------- testing Thu Sep 05 05:42:12 UTC 2019 /home/travis/build/icyphy/ptII/ptolemy/actor/lib/test/auto/ArrayAverage.xml
----------------- Instantiating /home/travis/build/icyphy/ptII/ptolemy/actor/lib/test/auto/ArrayAverage.xml
16 ms. Memory: 479232K Free: 414122K (86%)
----------------- Invoking toplevel() on ptolemy.moml.MoMLSimpleApplication@4bcd24ae
----------------- Done invoking toplevel() on ptolemy.moml.MoMLSimpleApplication@4bcd24ae
reloadAllAccessors: .ArrayAverage

===========================================================================================
----------------- testing Thu Sep 05 05:42:12 UTC 2019 /home/travis/build/icyphy/ptII/ptolemy/actor/lib/test/auto/ArrayContains.xml
----------------- Instantiating /home/travis/build/icyphy/ptII/ptolemy/actor/lib/test/auto/ArrayContains.xml
6 ms. Memory: 479232K Free: 408492K (85%)
----------------- Invoking toplevel() on ptolemy.moml.MoMLSimpleApplication@997b1e9
----------------- Done invoking toplevel() on ptolemy.moml.MoMLSimpleApplication@997b1e9
reloadAllAccessors: .ArrayContains

===========================================================================================
----------------- testing Thu Sep 05 05:42:12 UTC 2019 /home/travis/build/icyphy/ptII/ptolemy/actor/lib/test/auto/ArrayElement.xml
----------------- Instantiating /home/travis/build/icyphy/ptII/ptolemy/actor/lib/test/auto/ArrayElement.xml
4 ms. Memory: 479232K Free: 402858K (84%)
----------------- Invoking toplevel() on ptolemy.moml.MoMLSimpleApplication@7915b1f2
----------------- Done invoking toplevel() on ptolemy.moml.MoMLSimpleApplication@7915b1f2
reloadAllAccessors: .ArrayElement

===========================================================================================
----------------- testing Thu Sep 05 05:42:12 UTC 2019 /home/travis/build/icyphy/ptII/ptolemy/actor/lib/test/auto/ArrayElementAsMatrix.xml
----------------- Instantiating /home/travis/build/icyphy/ptII/ptolemy/actor/lib/test/auto/ArrayElementAsMatrix.xml
12 ms. Memory: 479232K Free: 392618K (82%)
----------------- Invoking toplevel() on ptolemy.moml.MoMLSimpleApplication@4cafa204
----------------- Done invoking toplevel() on ptolemy.moml.MoMLSimpleApplication@4cafa204
reloadAllAccessors: .ArrayElementAsMatrix

===========================================================================================
----------------- testing Thu Sep 05 05:42:12 UTC 2019 /home/travis/build/icyphy/ptII/ptolemy/actor/lib/test/auto/ArrayElementI.xml
----------------- Instantiating /home/travis/build/icyphy/ptII/ptolemy/actor/lib/test/auto/ArrayElementI.xml
4 ms. Memory: 479232K Free: 387498K (81%)
----------------- Invoking toplevel() on ptolemy.moml.MoMLSimpleApplication@2082d10
----------------- Done invoking toplevel() on ptolemy.moml.MoMLSimpleApplication@2082d10
reloadAllAccessors: .ArrayElementI

===========================================================================================
----------------- testing Thu Sep 05 05:42:12 UTC 2019 /home/travis/build/icyphy/ptII/ptolemy/actor/lib/test/auto/ArrayExtract.xml
----------------- Instantiating /home/travis/build/icyphy/ptII/ptolemy/actor/lib/test/auto/ArrayExtract.xml
9 ms. Memory: 479232K Free: 378796K (79%)
----------------- Invoking toplevel() on ptolemy.moml.MoMLSimpleApplication@6aea2639
----------------- Done invoking toplevel() on ptolemy.moml.MoMLSimpleApplication@6aea2639
reloadAllAccessors: .ArrayExtract

===========================================================================================
----------------- testing Thu Sep 05 05:42:12 UTC 2019 /home/travis/build/icyphy/ptII/ptolemy/actor/lib/test/auto/ArrayExtract2.xml
----------------- Instantiating /home/travis/build/icyphy/ptII/ptolemy/actor/lib/test/auto/ArrayExtract2.xml
3 ms. Memory: 479232K Free: 373676K (78%)
----------------- Invoking toplevel() on ptolemy.moml.MoMLSimpleApplication@4a5f6bb7
----------------- Done invoking toplevel() on ptolemy.moml.MoMLSimpleApplication@4a5f6bb7
reloadAllAccessors: .ArrayExtract2

===========================================================================================
----------------- testing Thu Sep 05 05:42:12 UTC 2019 /home/travis/build/icyphy/ptII/ptolemy/actor/lib/test/auto/ArrayLength.xml
----------------- Instantiating /home/travis/build/icyphy/ptII/ptolemy/actor/lib/test/auto/ArrayLength.xml
2 ms. Memory: 479232K Free: 369580K (77%)
----------------- Invoking toplevel() on ptolemy.moml.MoMLSimpleApplication@9bfea82
----------------- Done invoking toplevel() on ptolemy.moml.MoMLSimpleApplication@9bfea82
reloadAllAccessors: .ArrayLength

===========================================================================================
----------------- testing Thu Sep 05 05:42:12 UTC 2019 /home/travis/build/icyphy/ptII/ptolemy/actor/lib/test/auto/ArrayLevelCrossing.xml
----------------- Instantiating /home/travis/build/icyphy/ptII/ptolemy/actor/lib/test/auto/ArrayLevelCrossing.xml
9 ms. Memory: 479232K Free: 361898K (76%)
----------------- Invoking toplevel() on ptolemy.moml.MoMLSimpleApplication@3a315926
----------------- Done invoking toplevel() on ptolemy.moml.MoMLSimpleApplication@3a315926
reloadAllAccessors: .ArrayLevelCrossing

===========================================================================================
----------------- testing Thu Sep 05 05:42:12 UTC 2019 /home/travis/build/icyphy/ptII/ptolemy/actor/lib/test/auto/ArrayLevelCrossing2.xml
----------------- Instantiating /home/travis/build/icyphy/ptII/ptolemy/actor/lib/test/auto/ArrayLevelCrossing2.xml
4 ms. Memory: 479232K Free: 354716K (74%)
----------------- Invoking toplevel() on ptolemy.moml.MoMLSimpleApplication@8f7c20d
----------------- Done invoking toplevel() on ptolemy.moml.MoMLSimpleApplication@8f7c20d
reloadAllAccessors: .ArrayLevelCrossing2

===========================================================================================
----------------- testing Thu Sep 05 05:42:12 UTC 2019 /home/travis/build/icyphy/ptII/ptolemy/actor/lib/test/auto/ArrayPeakSearch.xml
----------------- Instantiating /home/travis/build/icyphy/ptII/ptolemy/actor/lib/test/auto/ArrayPeakSearch.xml
4 ms. Memory: 479232K Free: 346028K (72%)
----------------- Invoking toplevel() on ptolemy.moml.MoMLSimpleApplication@5920be56
----------------- Done invoking toplevel() on ptolemy.moml.MoMLSimpleApplication@5920be56
reloadAllAccessors: .ArrayPeakSearch

===========================================================================================
----------------- testing Thu Sep 05 05:42:12 UTC 2019 /home/travis/build/icyphy/ptII/ptolemy/actor/lib/test/auto/ArrayPeakSearch2.xml
----------------- Instantiating /home/travis/build/icyphy/ptII/ptolemy/actor/lib/test/auto/ArrayPeakSearch2.xml
12 ms. Memory: 479232K Free: 335244K (70%)
----------------- Invoking toplevel() on ptolemy.moml.MoMLSimpleApplication@4228f488
----------------- Done invoking toplevel() on ptolemy.moml.MoMLSimpleApplication@4228f488
reloadAllAccessors: .ArrayPeakSearch2

===========================================================================================
----------------- testing Thu Sep 05 05:42:12 UTC 2019 /home/travis/build/icyphy/ptII/ptolemy/actor/lib/test/auto/ArrayPeakSearch3.xml
----------------- Instantiating /home/travis/build/icyphy/ptII/ptolemy/actor/lib/test/auto/ArrayPeakSearch3.xml
10 ms. Memory: 479232K Free: 326572K (68%)
----------------- Invoking toplevel() on ptolemy.moml.MoMLSimpleApplication@5b6096d9
----------------- Done invoking toplevel() on ptolemy.moml.MoMLSimpleApplication@5b6096d9
reloadAllAccessors: .ArrayPeakSearch3

===========================================================================================
----------------- testing Thu Sep 05 05:42:12 UTC 2019 /home/travis/build/icyphy/ptII/ptolemy/actor/lib/test/auto/ArrayRemoveElement.xml
----------------- Instantiating /home/travis/build/icyphy/ptII/ptolemy/actor/lib/test/auto/ArrayRemoveElement.xml
3 ms. Memory: 479232K Free: 318380K (66%)
----------------- Invoking toplevel() on ptolemy.moml.MoMLSimpleApplication@603b8649
----------------- Done invoking toplevel() on ptolemy.moml.MoMLSimpleApplication@603b8649
reloadAllAccessors: .ArrayRemoveElement

===========================================================================================
----------------- testing Thu Sep 05 05:42:13 UTC 2019 /home/travis/build/icyphy/ptII/ptolemy/actor/lib/test/auto/ArraySort.xml
----------------- Instantiating /home/travis/build/icyphy/ptII/ptolemy/actor/lib/test/auto/ArraySort.xml
8 ms. Memory: 479232K Free: 309674K (65%)
----------------- Invoking toplevel() on ptolemy.moml.MoMLSimpleApplication@6cc3699
----------------- Done invoking toplevel() on ptolemy.moml.MoMLSimpleApplication@6cc3699
reloadAllAccessors: .ArraySort

===========================================================================================
----------------- testing Thu Sep 05 05:42:13 UTC 2019 /home/travis/build/icyphy/ptII/ptolemy/actor/lib/test/auto/ArraySum.xml
----------------- Instantiating /home/travis/build/icyphy/ptII/ptolemy/actor/lib/test/auto/ArraySum.xml
7 ms. Memory: 479232K Free: 304044K (63%)
----------------- Invoking toplevel() on ptolemy.moml.MoMLSimpleApplication@1e3ed9f9
----------------- Done invoking toplevel() on ptolemy.moml.MoMLSimpleApplication@1e3ed9f9
reloadAllAccessors: .ArraySum

===========================================================================================
----------------- testing Thu Sep 05 05:42:13 UTC 2019 /home/travis/build/icyphy/ptII/ptolemy/actor/lib/test/auto/ArrayToElements.xml
----------------- Instantiating /home/travis/build/icyphy/ptII/ptolemy/actor/lib/test/auto/ArrayToElements.xml
12 ms. Memory: 479232K Free: 298924K (62%)
----------------- Invoking toplevel() on ptolemy.moml.MoMLSimpleApplication@68d93a6e
----------------- Done invoking toplevel() on ptolemy.moml.MoMLSimpleApplication@68d93a6e
reloadAllAccessors: .ArrayToElements

===========================================================================================
----------------- testing Thu Sep 05 05:42:13 UTC 2019 /home/travis/build/icyphy/ptII/ptolemy/actor/lib/test/auto/ArrayToMatrix.xml
----------------- Instantiating /home/travis/build/icyphy/ptII/ptolemy/actor/lib/test/auto/ArrayToMatrix.xml
14 ms. Memory: 479232K Free: 284588K (59%)
----------------- Invoking toplevel() on ptolemy.moml.MoMLSimpleApplication@58aa1346
----------------- Done invoking toplevel() on ptolemy.moml.MoMLSimpleApplication@58aa1346
reloadAllAccessors: .ArrayToMatrix

===========================================================================================
----------------- testing Thu Sep 05 05:42:13 UTC 2019 /home/travis/build/icyphy/ptII/ptolemy/actor/lib/test/auto/ArrayUpdate1.xml
----------------- Instantiating /home/travis/build/icyphy/ptII/ptolemy/actor/lib/test/auto/ArrayUpdate1.xml
49 ms. Memory: 479232K Free: 431020K (90%)
----------------- Invoking toplevel() on ptolemy.moml.MoMLSimpleApplication@157c7478
----------------- Done invoking toplevel() on ptolemy.moml.MoMLSimpleApplication@157c7478
reloadAllAccessors: .ArrayUpdate1

===========================================================================================
----------------- testing Thu Sep 05 05:42:13 UTC 2019 /home/travis/build/icyphy/ptII/ptolemy/actor/lib/test/auto/ArrayUpdate2.xml
----------------- Instantiating /home/travis/build/icyphy/ptII/ptolemy/actor/lib/test/auto/ArrayUpdate2.xml
14 ms. Memory: 479232K Free: 424362K (89%)
----------------- Invoking toplevel() on ptolemy.moml.MoMLSimpleApplication@403f04e1
----------------- Done invoking toplevel() on ptolemy.moml.MoMLSimpleApplication@403f04e1
reloadAllAccessors: .ArrayUpdate2

===========================================================================================
----------------- testing Thu Sep 05 05:42:13 UTC 2019 /home/travis/build/icyphy/ptII/ptolemy/actor/lib/test/auto/ArrayUpdate3.xml
----------------- Instantiating /home/travis/build/icyphy/ptII/ptolemy/actor/lib/test/auto/ArrayUpdate3.xml
5 ms. Memory: 479232K Free: 419756K (88%)
----------------- Invoking toplevel() on ptolemy.moml.MoMLSimpleApplication@3d043e4e
----------------- Done invoking toplevel() on ptolemy.moml.MoMLSimpleApplication@3d043e4e
reloadAllAccessors: .ArrayUpdate3

===========================================================================================
----------------- testing Thu Sep 05 05:42:13 UTC 2019 /home/travis/build/icyphy/ptII/ptolemy/actor/lib/test/auto/Assert1.xml
----------------- Instantiating /home/travis/build/icyphy/ptII/ptolemy/actor/lib/test/auto/Assert1.xml
7 ms. Memory: 479232K Free: 415146K (87%)
----------------- Invoking toplevel() on ptolemy.moml.MoMLSimpleApplication@2eeb33e4
----------------- Done invoking toplevel() on ptolemy.moml.MoMLSimpleApplication@2eeb33e4
reloadAllAccessors: .Assert1

===========================================================================================
----------------- testing Thu Sep 05 05:42:13 UTC 2019 /home/travis/build/icyphy/ptII/ptolemy/actor/lib/test/auto/Assert2.xml
----------------- Instantiating /home/travis/build/icyphy/ptII/ptolemy/actor/lib/test/auto/Assert2.xml
3 ms. Memory: 479232K Free: 411036K (86%)
----------------- Invoking toplevel() on ptolemy.moml.MoMLSimpleApplication@7d1121ea
----------------- Done invoking toplevel() on ptolemy.moml.MoMLSimpleApplication@7d1121ea
reloadAllAccessors: .Assert2

===========================================================================================
----------------- testing Thu Sep 05 05:42:13 UTC 2019 /home/travis/build/icyphy/ptII/ptolemy/actor/lib/test/auto/BooleanMultiplexor.xml
----------------- Instantiating /home/travis/build/icyphy/ptII/ptolemy/actor/lib/test/auto/BooleanMultiplexor.xml
2 ms. Memory: 479232K Free: 404876K (84%)
----------------- Invoking toplevel() on ptolemy.moml.MoMLSimpleApplication@66391a89
----------------- Done invoking toplevel() on ptolemy.moml.MoMLSimpleApplication@66391a89
reloadAllAccessors: .BooleanMultiplexor

===========================================================================================
----------------- testing Thu Sep 05 05:42:13 UTC 2019 /home/travis/build/icyphy/ptII/ptolemy/actor/lib/test/auto/BooleanMultiplexor2.xml
----------------- Instantiating /home/travis/build/icyphy/ptII/ptolemy/actor/lib/test/auto/BooleanMultiplexor2.xml
14 ms. Memory: 479232K Free: 398252K (83%)
----------------- Invoking toplevel() on ptolemy.moml.MoMLSimpleApplication@600a3156
----------------- Done invoking toplevel() on ptolemy.moml.MoMLSimpleApplication@600a3156
reloadAllAccessors: .BooleanMultiplexor2

===========================================================================================
----------------- testing Thu Sep 05 05:42:13 UTC 2019 /home/travis/build/icyphy/ptII/ptolemy/actor/lib/test/auto/BooleanMultiplexor3.xml
----------------- Instantiating /home/travis/build/icyphy/ptII/ptolemy/actor/lib/test/auto/BooleanMultiplexor3.xml
5 ms. Memory: 479232K Free: 394666K (82%)
----------------- Invoking toplevel() on ptolemy.moml.MoMLSimpleApplication@4170fa0d
----------------- Done invoking toplevel() on ptolemy.moml.MoMLSimpleApplication@4170fa0d
reloadAllAccessors: .BooleanMultiplexor3

===========================================================================================
----------------- testing Thu Sep 05 05:42:13 UTC 2019 /home/travis/build/icyphy/ptII/ptolemy/actor/lib/test/auto/BooleanSelect.xml
----------------- Instantiating /home/travis/build/icyphy/ptII/ptolemy/actor/lib/test/auto/BooleanSelect.xml
10 ms. Memory: 479232K Free: 388508K (81%)
----------------- Invoking toplevel() on ptolemy.moml.MoMLSimpleApplication@4906aa61
----------------- Done invoking toplevel() on ptolemy.moml.MoMLSimpleApplication@4906aa61
reloadAllAccessors: .BooleanSelect

===========================================================================================
----------------- testing Thu Sep 05 05:42:13 UTC 2019 /home/travis/build/icyphy/ptII/ptolemy/actor/lib/test/auto/BooleanSelect2.xml
----------------- Instantiating /home/travis/build/icyphy/ptII/ptolemy/actor/lib/test/auto/BooleanSelect2.xml
1 ms. Memory: 479232K Free: 384426K (80%)
----------------- Invoking toplevel() on ptolemy.moml.MoMLSimpleApplication@768e5cbb
----------------- Done invoking toplevel() on ptolemy.moml.MoMLSimpleApplication@768e5cbb
reloadAllAccessors: .BooleanSelect2

===========================================================================================
----------------- testing Thu Sep 05 05:42:13 UTC 2019 /home/travis/build/icyphy/ptII/ptolemy/actor/lib/test/auto/BooleanSwitch.xml
----------------- Instantiating /home/travis/build/icyphy/ptII/ptolemy/actor/lib/test/auto/BooleanSwitch.xml
11 ms. Memory: 479232K Free: 378282K (79%)
----------------- Invoking toplevel() on ptolemy.moml.MoMLSimpleApplication@96ea972
----------------- Done invoking toplevel() on ptolemy.moml.MoMLSimpleApplication@96ea972
reloadAllAccessors: .BooleanSwitch

===========================================================================================
----------------- testing Thu Sep 05 05:42:13 UTC 2019 /home/travis/build/icyphy/ptII/ptolemy/actor/lib/test/auto/BooleanSwitch2.xml
----------------- Instantiating /home/travis/build/icyphy/ptII/ptolemy/actor/lib/test/auto/BooleanSwitch2.xml
1 ms. Memory: 479232K Free: 374186K (78%)
----------------- Invoking toplevel() on ptolemy.moml.MoMLSimpleApplication@2fd8fe65
----------------- Done invoking toplevel() on ptolemy.moml.MoMLSimpleApplication@2fd8fe65
reloadAllAccessors: .BooleanSwitch2

===========================================================================================
----------------- testing Thu Sep 05 05:42:13 UTC 2019 /home/travis/build/icyphy/ptII/ptolemy/actor/lib/test/auto/BooleanSwitchCloningBugWithClassRelationGroup.xml
----------------- Instantiating /home/travis/build/icyphy/ptII/ptolemy/actor/lib/test/auto/BooleanSwitchCloningBugWithClassRelationGroup.xml
2 ms. Memory: 479232K Free: 367532K (77%)
----------------- Invoking toplevel() on ptolemy.moml.MoMLSimpleApplication@11a80276
----------------- Done invoking toplevel() on ptolemy.moml.MoMLSimpleApplication@11a80276
reloadAllAccessors: .BooleanSwitchCloningBugWithClassRelationGroup

===========================================================================================
----------------- testing Thu Sep 05 05:42:13 UTC 2019 /home/travis/build/icyphy/ptII/ptolemy/actor/lib/test/auto/BusActors.xml
----------------- Instantiating /home/travis/build/icyphy/ptII/ptolemy/actor/lib/test/auto/BusActors.xml
9 ms. Memory: 479232K Free: 359850K (75%)
----------------- Invoking toplevel() on ptolemy.moml.MoMLSimpleApplication@619b821f
----------------- Done invoking toplevel() on ptolemy.moml.MoMLSimpleApplication@619b821f
reloadAllAccessors: .BusActors

===========================================================================================
----------------- testing Thu Sep 05 05:42:13 UTC 2019 /home/travis/build/icyphy/ptII/ptolemy/actor/lib/test/auto/ClassWrapper.xml
----------------- Instantiating /home/travis/build/icyphy/ptII/ptolemy/actor/lib/test/auto/ClassWrapper.xml
4 ms. Memory: 479232K Free: 355244K (74%)
----------------- Invoking toplevel() on ptolemy.moml.MoMLSimpleApplication@5ee418aa
----------------- Done invoking toplevel() on ptolemy.moml.MoMLSimpleApplication@5ee418aa
reloadAllAccessors: .ClassWrapper

===========================================================================================
----------------- testing Thu Sep 05 05:42:13 UTC 2019 /home/travis/build/icyphy/ptII/ptolemy/actor/lib/test/auto/Clock.xml
----------------- Instantiating /home/travis/build/icyphy/ptII/ptolemy/actor/lib/test/auto/Clock.xml
1 ms. Memory: 479232K Free: 351658K (73%)
----------------- Invoking toplevel() on ptolemy.moml.MoMLSimpleApplication@43e4ad04
----------------- Done invoking toplevel() on ptolemy.moml.MoMLSimpleApplication@43e4ad04
reloadAllAccessors: .Clock

===========================================================================================
----------------- testing Thu Sep 05 05:42:13 UTC 2019 /home/travis/build/icyphy/ptII/ptolemy/actor/lib/test/auto/Clock10.xml
----------------- Instantiating /home/travis/build/icyphy/ptII/ptolemy/actor/lib/test/auto/Clock10.xml
3 ms. Memory: 479232K Free: 345514K (72%)
----------------- Invoking toplevel() on ptolemy.moml.MoMLSimpleApplication@345a75c9
----------------- Done invoking toplevel() on ptolemy.moml.MoMLSimpleApplication@345a75c9
reloadAllAccessors: .Clock10

===========================================================================================
----------------- testing Thu Sep 05 05:42:13 UTC 2019 /home/travis/build/icyphy/ptII/ptolemy/actor/lib/test/auto/Clock11.xml
----------------- Instantiating /home/travis/build/icyphy/ptII/ptolemy/actor/lib/test/auto/Clock11.xml
4 ms. Memory: 479232K Free: 339882K (71%)
----------------- Invoking toplevel() on ptolemy.moml.MoMLSimpleApplication@37273ee1
----------------- Done invoking toplevel() on ptolemy.moml.MoMLSimpleApplication@37273ee1
reloadAllAccessors: .Clock11

===========================================================================================
----------------- testing Thu Sep 05 05:42:13 UTC 2019 /home/travis/build/icyphy/ptII/ptolemy/actor/lib/test/auto/Clock12.xml
----------------- Instantiating /home/travis/build/icyphy/ptII/ptolemy/actor/lib/test/auto/Clock12.xml
5 ms. Memory: 479232K Free: 333740K (70%)
----------------- Invoking toplevel() on ptolemy.moml.MoMLSimpleApplication@6de1dafc
----------------- Done invoking toplevel() on ptolemy.moml.MoMLSimpleApplication@6de1dafc
reloadAllAccessors: .Clock12

===========================================================================================
----------------- testing Thu Sep 05 05:42:13 UTC 2019 /home/travis/build/icyphy/ptII/ptolemy/actor/lib/test/auto/Clock13.xml
----------------- Instantiating /home/travis/build/icyphy/ptII/ptolemy/actor/lib/test/auto/Clock13.xml
7 ms. Memory: 479232K Free: 328076K (68%)
----------------- Invoking toplevel() on ptolemy.moml.MoMLSimpleApplication@67969674
----------------- Done invoking toplevel() on ptolemy.moml.MoMLSimpleApplication@67969674
reloadAllAccessors: .Clock13

===========================================================================================
----------------- testing Thu Sep 05 05:42:13 UTC 2019 /home/travis/build/icyphy/ptII/ptolemy/actor/lib/test/auto/Clock14.xml
----------------- Instantiating /home/travis/build/icyphy/ptII/ptolemy/actor/lib/test/auto/Clock14.xml
6 ms. Memory: 479232K Free: 321956K (67%)
----------------- Invoking toplevel() on ptolemy.moml.MoMLSimpleApplication@3d904c35
----------------- Done invoking toplevel() on ptolemy.moml.MoMLSimpleApplication@3d904c35
reloadAllAccessors: .Clock14

===========================================================================================
----------------- testing Thu Sep 05 05:42:13 UTC 2019 /home/travis/build/icyphy/ptII/ptolemy/actor/lib/test/auto/Clock15.xml
----------------- Instantiating /home/travis/build/icyphy/ptII/ptolemy/actor/lib/test/auto/Clock15.xml
5 ms. Memory: 479232K Free: 315812K (66%)
----------------- Invoking toplevel() on ptolemy.moml.MoMLSimpleApplication@22302d36
----------------- Done invoking toplevel() on ptolemy.moml.MoMLSimpleApplication@22302d36
reloadAllAccessors: .Clock15

===========================================================================================
----------------- testing Thu Sep 05 05:42:13 UTC 2019 /home/travis/build/icyphy/ptII/ptolemy/actor/lib/test/auto/Clock16.xml
----------------- Instantiating /home/travis/build/icyphy/ptII/ptolemy/actor/lib/test/auto/Clock16.xml
40 ms. Memory: 479232K Free: 301476K (63%)
----------------- Invoking toplevel() on ptolemy.moml.MoMLSimpleApplication@708dd541
----------------- Done invoking toplevel() on ptolemy.moml.MoMLSimpleApplication@708dd541
reloadAllAccessors: .Clock16

===========================================================================================
----------------- testing Thu Sep 05 05:42:14 UTC 2019 /home/travis/build/icyphy/ptII/ptolemy/actor/lib/test/auto/Clock17.xml
----------------- Instantiating /home/travis/build/icyphy/ptII/ptolemy/actor/lib/test/auto/Clock17.xml
33 ms. Memory: 479232K Free: 287132K (60%)
----------------- Invoking toplevel() on ptolemy.moml.MoMLSimpleApplication@144133ce
----------------- Done invoking toplevel() on ptolemy.moml.MoMLSimpleApplication@144133ce
reloadAllAccessors: .Clock17

===========================================================================================
----------------- testing Thu Sep 05 05:42:14 UTC 2019 /home/travis/build/icyphy/ptII/ptolemy/actor/lib/test/auto/Clock18.xml
----------------- Instantiating /home/travis/build/icyphy/ptII/ptolemy/actor/lib/test/auto/Clock18.xml
27 ms. Memory: 479232K Free: 273820K (57%)
----------------- Invoking toplevel() on ptolemy.moml.MoMLSimpleApplication@7ba3c389
----------------- Done invoking toplevel() on ptolemy.moml.MoMLSimpleApplication@7ba3c389
reloadAllAccessors: .Clock18

===========================================================================================
----------------- testing Thu Sep 05 05:42:14 UTC 2019 /home/travis/build/icyphy/ptII/ptolemy/actor/lib/test/auto/Clock19.xml
----------------- Instantiating /home/travis/build/icyphy/ptII/ptolemy/actor/lib/test/auto/Clock19.xml
15 ms. Memory: 479232K Free: 260508K (54%)
----------------- Invoking toplevel() on ptolemy.moml.MoMLSimpleApplication@56ea5bb
----------------- Done invoking toplevel() on ptolemy.moml.MoMLSimpleApplication@56ea5bb
reloadAllAccessors: .Clock19

===========================================================================================
----------------- testing Thu Sep 05 05:42:14 UTC 2019 /home/travis/build/icyphy/ptII/ptolemy/actor/lib/test/auto/Clock2.xml
----------------- Instantiating /home/travis/build/icyphy/ptII/ptolemy/actor/lib/test/auto/Clock2.xml
9 ms. Memory: 479232K Free: 256412K (54%)
----------------- Invoking toplevel() on ptolemy.moml.MoMLSimpleApplication@449e81c1
----------------- Done invoking toplevel() on ptolemy.moml.MoMLSimpleApplication@449e81c1
reloadAllAccessors: .Clock2

===========================================================================================
----------------- testing Thu Sep 05 05:42:14 UTC 2019 /home/travis/build/icyphy/ptII/ptolemy/actor/lib/test/auto/Clock20.xml
----------------- Instantiating /home/travis/build/icyphy/ptII/ptolemy/actor/lib/test/auto/Clock20.xml
11 ms. Memory: 479232K Free: 250796K (52%)
----------------- Invoking toplevel() on ptolemy.moml.MoMLSimpleApplication@64fda58a
----------------- Done invoking toplevel() on ptolemy.moml.MoMLSimpleApplication@64fda58a
reloadAllAccessors: .Clock20

===========================================================================================
----------------- testing Thu Sep 05 05:42:14 UTC 2019 /home/travis/build/icyphy/ptII/ptolemy/actor/lib/test/auto/Clock21.xml
----------------- Instantiating /home/travis/build/icyphy/ptII/ptolemy/actor/lib/test/auto/Clock21.xml
7 ms. Memory: 479232K Free: 245162K (51%)
----------------- Invoking toplevel() on ptolemy.moml.MoMLSimpleApplication@6e6f9b54
----------------- Done invoking toplevel() on ptolemy.moml.MoMLSimpleApplication@6e6f9b54
reloadAllAccessors: .Clock21

===========================================================================================
----------------- testing Thu Sep 05 05:42:14 UTC 2019 /home/travis/build/icyphy/ptII/ptolemy/actor/lib/test/auto/Clock22.xml
----------------- Instantiating /home/travis/build/icyphy/ptII/ptolemy/actor/lib/test/auto/Clock22.xml
5 ms. Memory: 479232K Free: 240042K (50%)
----------------- Invoking toplevel() on ptolemy.moml.MoMLSimpleApplication@52b4d4a3
----------------- Done invoking toplevel() on ptolemy.moml.MoMLSimpleApplication@52b4d4a3
reloadAllAccessors: .Clock22

===========================================================================================
----------------- testing Thu Sep 05 05:42:14 UTC 2019 /home/travis/build/icyphy/ptII/ptolemy/actor/lib/test/auto/Clock23.xml
----------------- Instantiating /home/travis/build/icyphy/ptII/ptolemy/actor/lib/test/auto/Clock23.xml
5 ms. Memory: 479232K Free: 234412K (49%)
----------------- Invoking toplevel() on ptolemy.moml.MoMLSimpleApplication@22bd75e5
----------------- Done invoking toplevel() on ptolemy.moml.MoMLSimpleApplication@22bd75e5
reloadAllAccessors: .Clock23

===========================================================================================
----------------- testing Thu Sep 05 05:42:14 UTC 2019 /home/travis/build/icyphy/ptII/ptolemy/actor/lib/test/auto/Clock24.xml
----------------- Instantiating /home/travis/build/icyphy/ptII/ptolemy/actor/lib/test/auto/Clock24.xml
6 ms. Memory: 479232K Free: 229292K (48%)
----------------- Invoking toplevel() on ptolemy.moml.MoMLSimpleApplication@1f94802
----------------- Done invoking toplevel() on ptolemy.moml.MoMLSimpleApplication@1f94802
reloadAllAccessors: .Clock24

===========================================================================================
----------------- testing Thu Sep 05 05:42:14 UTC 2019 /home/travis/build/icyphy/ptII/ptolemy/actor/lib/test/auto/Clock4.xml
----------------- Instantiating /home/travis/build/icyphy/ptII/ptolemy/actor/lib/test/auto/Clock4.xml
2 ms. Memory: 479232K Free: 224172K (47%)
----------------- Invoking toplevel() on ptolemy.moml.MoMLSimpleApplication@5143bbb5
----------------- Done invoking toplevel() on ptolemy.moml.MoMLSimpleApplication@5143bbb5
reloadAllAccessors: .Clock4

===========================================================================================
----------------- testing Thu Sep 05 05:42:14 UTC 2019 /home/travis/build/icyphy/ptII/ptolemy/actor/lib/test/auto/Clock5.xml
----------------- Instantiating /home/travis/build/icyphy/ptII/ptolemy/actor/lib/test/auto/Clock5.xml
2 ms. Memory: 479232K Free: 218532K (46%)
----------------- Invoking toplevel() on ptolemy.moml.MoMLSimpleApplication@5ddd225f
----------------- Done invoking toplevel() on ptolemy.moml.MoMLSimpleApplication@5ddd225f
reloadAllAccessors: .Clock5

===========================================================================================
----------------- testing Thu Sep 05 05:42:14 UTC 2019 /home/travis/build/icyphy/ptII/ptolemy/actor/lib/test/auto/Clock6.xml
----------------- Instantiating /home/travis/build/icyphy/ptII/ptolemy/actor/lib/test/auto/Clock6.xml
2 ms. Memory: 479232K Free: 214442K (45%)
----------------- Invoking toplevel() on ptolemy.moml.MoMLSimpleApplication@4dbc5b13
----------------- Done invoking toplevel() on ptolemy.moml.MoMLSimpleApplication@4dbc5b13
reloadAllAccessors: .Clock6

===========================================================================================
----------------- testing Thu Sep 05 05:42:14 UTC 2019 /home/travis/build/icyphy/ptII/ptolemy/actor/lib/test/auto/Clock7.xml
----------------- Instantiating /home/travis/build/icyphy/ptII/ptolemy/actor/lib/test/auto/Clock7.xml
4 ms. Memory: 479232K Free: 209322K (44%)
----------------- Invoking toplevel() on ptolemy.moml.MoMLSimpleApplication@76d40d43
----------------- Done invoking toplevel() on ptolemy.moml.MoMLSimpleApplication@76d40d43
reloadAllAccessors: .Clock7

===========================================================================================
----------------- testing Thu Sep 05 05:42:14 UTC 2019 /home/travis/build/icyphy/ptII/ptolemy/actor/lib/test/auto/Clock8.xml
----------------- Instantiating /home/travis/build/icyphy/ptII/ptolemy/actor/lib/test/auto/Clock8.xml
2 ms. Memory: 479232K Free: 204196K (43%)
----------------- Invoking toplevel() on ptolemy.moml.MoMLSimpleApplication@e1f8fc9
----------------- Done invoking toplevel() on ptolemy.moml.MoMLSimpleApplication@e1f8fc9
reloadAllAccessors: .Clock8

===========================================================================================
----------------- testing Thu Sep 05 05:42:14 UTC 2019 /home/travis/build/icyphy/ptII/ptolemy/actor/lib/test/auto/Clock9.xml
----------------- Instantiating /home/travis/build/icyphy/ptII/ptolemy/actor/lib/test/auto/Clock9.xml
7 ms. Memory: 479232K Free: 198572K (41%)
----------------- Invoking toplevel() on ptolemy.moml.MoMLSimpleApplication@44322207
----------------- Done invoking toplevel() on ptolemy.moml.MoMLSimpleApplication@44322207
reloadAllAccessors: .Clock9

===========================================================================================
----------------- testing Thu Sep 05 05:42:14 UTC 2019 /home/travis/build/icyphy/ptII/ptolemy/actor/lib/test/auto/CommDistDiscard.xml
----------------- Instantiating /home/travis/build/icyphy/ptII/ptolemy/actor/lib/test/auto/CommDistDiscard.xml
4 ms. Memory: 479232K Free: 193452K (40%)
----------------- Invoking toplevel() on ptolemy.moml.MoMLSimpleApplication@5f9c11bd
----------------- Done invoking toplevel() on ptolemy.moml.MoMLSimpleApplication@5f9c11bd
reloadAllAccessors: .CommDistDiscard

===========================================================================================
----------------- testing Thu Sep 05 05:42:14 UTC 2019 /home/travis/build/icyphy/ptII/ptolemy/actor/lib/test/auto/Commutator.xml
----------------- Instantiating /home/travis/build/icyphy/ptII/ptolemy/actor/lib/test/auto/Commutator.xml
2 ms. Memory: 479232K Free: 188842K (39%)
----------------- Invoking toplevel() on ptolemy.moml.MoMLSimpleApplication@1fe62b63
----------------- Done invoking toplevel() on ptolemy.moml.MoMLSimpleApplication@1fe62b63
reloadAllAccessors: .Commutator

===========================================================================================
----------------- testing Thu Sep 05 05:42:14 UTC 2019 /home/travis/build/icyphy/ptII/ptolemy/actor/lib/test/auto/Commutator2.xml
----------------- Instantiating /home/travis/build/icyphy/ptII/ptolemy/actor/lib/test/auto/Commutator2.xml
2 ms. Memory: 479232K Free: 184236K (38%)
----------------- Invoking toplevel() on ptolemy.moml.MoMLSimpleApplication@5cb1feb9
----------------- Done invoking toplevel() on ptolemy.moml.MoMLSimpleApplication@5cb1feb9
reloadAllAccessors: .Commutator2

===========================================================================================
----------------- testing Thu Sep 05 05:42:14 UTC 2019 /home/travis/build/icyphy/ptII/ptolemy/actor/lib/test/auto/Commutator3.xml
----------------- Instantiating /home/travis/build/icyphy/ptII/ptolemy/actor/lib/test/auto/Commutator3.xml
3 ms. Memory: 479232K Free: 180140K (38%)
----------------- Invoking toplevel() on ptolemy.moml.MoMLSimpleApplication@a0159d5
----------------- Done invoking toplevel() on ptolemy.moml.MoMLSimpleApplication@a0159d5
reloadAllAccessors: .Commutator3

===========================================================================================
----------------- testing Thu Sep 05 05:42:14 UTC 2019 /home/travis/build/icyphy/ptII/ptolemy/actor/lib/test/auto/Compare.xml
----------------- Instantiating /home/travis/build/icyphy/ptII/ptolemy/actor/lib/test/auto/Compare.xml
2 ms. Memory: 479232K Free: 173482K (36%)
----------------- Invoking toplevel() on ptolemy.moml.MoMLSimpleApplication@4f89c609
----------------- Done invoking toplevel() on ptolemy.moml.MoMLSimpleApplication@4f89c609
reloadAllAccessors: .Compare

===========================================================================================
----------------- testing Thu Sep 05 05:42:14 UTC 2019 /home/travis/build/icyphy/ptII/ptolemy/actor/lib/test/auto/CompareDE.xml
----------------- Instantiating /home/travis/build/icyphy/ptII/ptolemy/actor/lib/test/auto/CompareDE.xml
5 ms. Memory: 479232K Free: 166828K (35%)
----------------- Invoking toplevel() on ptolemy.moml.MoMLSimpleApplication@4e62be37
----------------- Done invoking toplevel() on ptolemy.moml.MoMLSimpleApplication@4e62be37
reloadAllAccessors: .CompareDE

===========================================================================================
----------------- testing Thu Sep 05 05:42:14 UTC 2019 /home/travis/build/icyphy/ptII/ptolemy/actor/lib/test/auto/ComplexDivide.xml
----------------- Instantiating /home/travis/build/icyphy/ptII/ptolemy/actor/lib/test/auto/ComplexDivide.xml
1 ms. Memory: 479232K Free: 162732K (34%)
----------------- Invoking toplevel() on ptolemy.moml.MoMLSimpleApplication@1fbd07b6
----------------- Done invoking toplevel() on ptolemy.moml.MoMLSimpleApplication@1fbd07b6
reloadAllAccessors: .ComplexDivide

===========================================================================================
----------------- testing Thu Sep 05 05:42:14 UTC 2019 /home/travis/build/icyphy/ptII/ptolemy/actor/lib/test/auto/ComputeHistogram.xml
----------------- Instantiating /home/travis/build/icyphy/ptII/ptolemy/actor/lib/test/auto/ComputeHistogram.xml
23 ms. Memory: 479232K Free: 426406K (89%)
----------------- Invoking toplevel() on ptolemy.moml.MoMLSimpleApplication@69d721f2
----------------- Done invoking toplevel() on ptolemy.moml.MoMLSimpleApplication@69d721f2
reloadAllAccessors: .ComputeHistogram

===========================================================================================
----------------- testing Thu Sep 05 05:42:14 UTC 2019 /home/travis/build/icyphy/ptII/ptolemy/actor/lib/test/auto/ConfigurationSelect.xml
----------------- Instantiating /home/travis/build/icyphy/ptII/ptolemy/actor/lib/test/auto/ConfigurationSelect.xml
2 ms. Memory: 479232K Free: 420780K (88%)
----------------- Invoking toplevel() on ptolemy.moml.MoMLSimpleApplication@7fb7b828
----------------- Done invoking toplevel() on ptolemy.moml.MoMLSimpleApplication@7fb7b828
reloadAllAccessors: .ConfigurationSelect

===========================================================================================
----------------- testing Thu Sep 05 05:42:14 UTC 2019 /home/travis/build/icyphy/ptII/ptolemy/actor/lib/test/auto/ConfigurationSelect2.xml
----------------- Instantiating /home/travis/build/icyphy/ptII/ptolemy/actor/lib/test/auto/ConfigurationSelect2.xml
3 ms. Memory: 479232K Free: 416170K (87%)
----------------- Invoking toplevel() on ptolemy.moml.MoMLSimpleApplication@5f87e260
----------------- Done invoking toplevel() on ptolemy.moml.MoMLSimpleApplication@5f87e260
reloadAllAccessors: .ConfigurationSelect2

===========================================================================================
----------------- testing Thu Sep 05 05:42:14 UTC 2019 /home/travis/build/icyphy/ptII/ptolemy/actor/lib/test/auto/ConfigurationSwitch.xml
----------------- Instantiating /home/travis/build/icyphy/ptII/ptolemy/actor/lib/test/auto/ConfigurationSwitch.xml
2 ms. Memory: 479232K Free: 411050K (86%)
----------------- Invoking toplevel() on ptolemy.moml.MoMLSimpleApplication@6d1006d7
----------------- Done invoking toplevel() on ptolemy.moml.MoMLSimpleApplication@6d1006d7
reloadAllAccessors: .ConfigurationSwitch

===========================================================================================
----------------- testing Thu Sep 05 05:42:14 UTC 2019 /home/travis/build/icyphy/ptII/ptolemy/actor/lib/test/auto/ConfigurationSwitch2.xml
----------------- Instantiating /home/travis/build/icyphy/ptII/ptolemy/actor/lib/test/auto/ConfigurationSwitch2.xml
2 ms. Memory: 479232K Free: 405420K (85%)
----------------- Invoking toplevel() on ptolemy.moml.MoMLSimpleApplication@736a6276
----------------- Done invoking toplevel() on ptolemy.moml.MoMLSimpleApplication@736a6276
reloadAllAccessors: .ConfigurationSwitch2

===========================================================================================
----------------- testing Thu Sep 05 05:42:14 UTC 2019 /home/travis/build/icyphy/ptII/ptolemy/actor/lib/test/auto/ConfigurationSwitchCloningBugWithClassRelationGroup.xml
----------------- Instantiating /home/travis/build/icyphy/ptII/ptolemy/actor/lib/test/auto/ConfigurationSwitchCloningBugWithClassRelationGroup.xml
1 ms. Memory: 479232K Free: 398252K (83%)
----------------- Invoking toplevel() on ptolemy.moml.MoMLSimpleApplication@cc1fc98
----------------- Done invoking toplevel() on ptolemy.moml.MoMLSimpleApplication@cc1fc98
reloadAllAccessors: .ConfigurationSwitchCloningBugWithClassRelationGroup

===========================================================================================
----------------- testing Thu Sep 05 05:42:14 UTC 2019 /home/travis/build/icyphy/ptII/ptolemy/actor/lib/test/auto/ConfigurationSwitchSelectSDF.xml
----------------- Instantiating /home/travis/build/icyphy/ptII/ptolemy/actor/lib/test/auto/ConfigurationSwitchSelectSDF.xml
5 ms. Memory: 479232K Free: 393132K (82%)
----------------- Invoking toplevel() on ptolemy.moml.MoMLSimpleApplication@4a58f452
----------------- Done invoking toplevel() on ptolemy.moml.MoMLSimpleApplication@4a58f452
reloadAllAccessors: .ConfigurationSwitchSelectSDF

===========================================================================================
----------------- testing Thu Sep 05 05:42:14 UTC 2019 /home/travis/build/icyphy/ptII/ptolemy/actor/lib/test/auto/ConfigurationSwitchSelectSDF2.xml
----------------- Instantiating /home/travis/build/icyphy/ptII/ptolemy/actor/lib/test/auto/ConfigurationSwitchSelectSDF2.xml
1 ms. Memory: 479232K Free: 386988K (81%)
----------------- Invoking toplevel() on ptolemy.moml.MoMLSimpleApplication@27555e6a
----------------- Done invoking toplevel() on ptolemy.moml.MoMLSimpleApplication@27555e6a
reloadAllAccessors: .ConfigurationSwitchSelectSDF2

===========================================================================================
----------------- testing Thu Sep 05 05:42:14 UTC 2019 /home/travis/build/icyphy/ptII/ptolemy/actor/lib/test/auto/Const.xml
----------------- Instantiating /home/travis/build/icyphy/ptII/ptolemy/actor/lib/test/auto/Const.xml
1 ms. Memory: 479232K Free: 383402K (80%)
----------------- Invoking toplevel() on ptolemy.moml.MoMLSimpleApplication@27634ca9
----------------- Done invoking toplevel() on ptolemy.moml.MoMLSimpleApplication@27634ca9
reloadAllAccessors: .Const

===========================================================================================
----------------- testing Thu Sep 05 05:42:14 UTC 2019 /home/travis/build/icyphy/ptII/ptolemy/actor/lib/test/auto/Const2.xml
----------------- Instantiating /home/travis/build/icyphy/ptII/ptolemy/actor/lib/test/auto/Const2.xml
1 ms. Memory: 479232K Free: 379820K (79%)
----------------- Invoking toplevel() on ptolemy.moml.MoMLSimpleApplication@76db0dd
----------------- Done invoking toplevel() on ptolemy.moml.MoMLSimpleApplication@76db0dd
reloadAllAccessors: .Const2

===========================================================================================
----------------- testing Thu Sep 05 05:42:14 UTC 2019 /home/travis/build/icyphy/ptII/ptolemy/actor/lib/test/auto/Const3.xml
----------------- Instantiating /home/travis/build/icyphy/ptII/ptolemy/actor/lib/test/auto/Const3.xml
1 ms. Memory: 479232K Free: 376748K (79%)
----------------- Invoking toplevel() on ptolemy.moml.MoMLSimpleApplication@32185140
----------------- Done invoking toplevel() on ptolemy.moml.MoMLSimpleApplication@32185140
reloadAllAccessors: .Const3

===========================================================================================
----------------- testing Thu Sep 05 05:42:14 UTC 2019 /home/travis/build/icyphy/ptII/ptolemy/actor/lib/test/auto/ConstantPublisherPort1.xml
----------------- Instantiating /home/travis/build/icyphy/ptII/ptolemy/actor/lib/test/auto/ConstantPublisherPort1.xml
5 ms. Memory: 479232K Free: 368042K (77%)
----------------- Invoking toplevel() on ptolemy.moml.MoMLSimpleApplication@58e450fc
----------------- Done invoking toplevel() on ptolemy.moml.MoMLSimpleApplication@58e450fc
reloadAllAccessors: .ConstantPublisherPort1

===========================================================================================
----------------- testing Thu Sep 05 05:42:15 UTC 2019 /home/travis/build/icyphy/ptII/ptolemy/actor/lib/test/auto/ConstantPublisherPort2.xml
----------------- Instantiating /home/travis/build/icyphy/ptII/ptolemy/actor/lib/test/auto/ConstantPublisherPort2.xml
11 ms. Memory: 479232K Free: 359850K (75%)
----------------- Invoking toplevel() on ptolemy.moml.MoMLSimpleApplication@5ca62499
----------------- Done invoking toplevel() on ptolemy.moml.MoMLSimpleApplication@5ca62499
reloadAllAccessors: .ConstantPublisherPort2

===========================================================================================
----------------- testing Thu Sep 05 05:42:15 UTC 2019 /home/travis/build/icyphy/ptII/ptolemy/actor/lib/test/auto/ConstantPublisherPort3.xml
----------------- Instantiating /home/travis/build/icyphy/ptII/ptolemy/actor/lib/test/auto/ConstantPublisherPort3.xml
5 ms. Memory: 479232K Free: 352172K (73%)
----------------- Invoking toplevel() on ptolemy.moml.MoMLSimpleApplication@1b19d61
----------------- Done invoking toplevel() on ptolemy.moml.MoMLSimpleApplication@1b19d61
reloadAllAccessors: .ConstantPublisherPort3

===========================================================================================
----------------- testing Thu Sep 05 05:42:15 UTC 2019 /home/travis/build/icyphy/ptII/ptolemy/actor/lib/test/auto/ConstantPublisherPort4.xml
----------------- Instantiating /home/travis/build/icyphy/ptII/ptolemy/actor/lib/test/auto/ConstantPublisherPort4.xml
4 ms. Memory: 479232K Free: 345514K (72%)
----------------- Invoking toplevel() on ptolemy.moml.MoMLSimpleApplication@254a74e0
----------------- Done invoking toplevel() on ptolemy.moml.MoMLSimpleApplication@254a74e0
reloadAllAccessors: .ConstantPublisherPort4

===========================================================================================
----------------- testing Thu Sep 05 05:42:15 UTC 2019 /home/travis/build/icyphy/ptII/ptolemy/actor/lib/test/auto/ConstantPublisherPort5.xml
----------------- Instantiating /home/travis/build/icyphy/ptII/ptolemy/actor/lib/test/auto/ConstantPublisherPort5.xml
34 ms. Memory: 479232K Free: 335788K (70%)
----------------- Invoking toplevel() on ptolemy.moml.MoMLSimpleApplication@5bdcfe06
----------------- Done invoking toplevel() on ptolemy.moml.MoMLSimpleApplication@5bdcfe06
reloadAllAccessors: .ConstantPublisherPort5

===========================================================================================
----------------- testing Thu Sep 05 05:42:15 UTC 2019 /home/travis/build/icyphy/ptII/ptolemy/actor/lib/test/auto/ConstantPublisherPort6.xml
----------------- Instantiating /home/travis/build/icyphy/ptII/ptolemy/actor/lib/test/auto/ConstantPublisherPort6.xml
21 ms. Memory: 479232K Free: 326058K (68%)
----------------- Invoking toplevel() on ptolemy.moml.MoMLSimpleApplication@4a32d8a2
----------------- Done invoking toplevel() on ptolemy.moml.MoMLSimpleApplication@4a32d8a2
reloadAllAccessors: .ConstantPublisherPort6

===========================================================================================
----------------- testing Thu Sep 05 05:42:15 UTC 2019 /home/travis/build/icyphy/ptII/ptolemy/actor/lib/test/auto/ConstantPublisherPort7.xml
----------------- Instantiating /home/travis/build/icyphy/ptII/ptolemy/actor/lib/test/auto/ConstantPublisherPort7.xml
21 ms. Memory: 479232K Free: 316842K (66%)
----------------- Invoking toplevel() on ptolemy.moml.MoMLSimpleApplication@2241a24c
----------------- Done invoking toplevel() on ptolemy.moml.MoMLSimpleApplication@2241a24c
reloadAllAccessors: .ConstantPublisherPort7

===========================================================================================
----------------- testing Thu Sep 05 05:42:15 UTC 2019 /home/travis/build/icyphy/ptII/ptolemy/actor/lib/test/auto/ConstraintMonitor1.xml
----------------- Instantiating /home/travis/build/icyphy/ptII/ptolemy/actor/lib/test/auto/ConstraintMonitor1.xml
2 ms. Memory: 479232K Free: 311722K (65%)
----------------- Invoking toplevel() on ptolemy.moml.MoMLSimpleApplication@3b90bbbf
----------------- Done invoking toplevel() on ptolemy.moml.MoMLSimpleApplication@3b90bbbf
reloadAllAccessors: .ConstraintMonitor1

===========================================================================================
----------------- testing Thu Sep 05 05:42:15 UTC 2019 /home/travis/build/icyphy/ptII/ptolemy/actor/lib/test/auto/ConstraintMonitor2.xml
----------------- Instantiating /home/travis/build/icyphy/ptII/ptolemy/actor/lib/test/auto/ConstraintMonitor2.xml
5 ms. Memory: 479232K Free: 307116K (64%)
----------------- Invoking toplevel() on ptolemy.moml.MoMLSimpleApplication@588b65bf
----------------- Done invoking toplevel() on ptolemy.moml.MoMLSimpleApplication@588b65bf
reloadAllAccessors: .ConstraintMonitor2

===========================================================================================
----------------- testing Thu Sep 05 05:42:15 UTC 2019 /home/travis/build/icyphy/ptII/ptolemy/actor/lib/test/auto/ConstraintMonitor3.xml
----------------- Instantiating /home/travis/build/icyphy/ptII/ptolemy/actor/lib/test/auto/ConstraintMonitor3.xml
8 ms. Memory: 479232K Free: 303020K (63%)
----------------- Invoking toplevel() on ptolemy.moml.MoMLSimpleApplication@195cb37d
----------------- Done invoking toplevel() on ptolemy.moml.MoMLSimpleApplication@195cb37d
reloadAllAccessors: .ConstraintMonitor3

===========================================================================================
----------------- testing Thu Sep 05 05:42:15 UTC 2019 /home/travis/build/icyphy/ptII/ptolemy/actor/lib/test/auto/ConstraintMonitor4.xml
----------------- Instantiating /home/travis/build/icyphy/ptII/ptolemy/actor/lib/test/auto/ConstraintMonitor4.xml
5 ms. Memory: 479232K Free: 297900K (62%)
----------------- Invoking toplevel() on ptolemy.moml.MoMLSimpleApplication@56297990
----------------- Done invoking toplevel() on ptolemy.moml.MoMLSimpleApplication@56297990
reloadAllAccessors: .ConstraintMonitor4

===========================================================================================
----------------- testing Thu Sep 05 05:42:15 UTC 2019 /home/travis/build/icyphy/ptII/ptolemy/actor/lib/test/auto/ConstraintMonitor5.xml
----------------- Instantiating /home/travis/build/icyphy/ptII/ptolemy/actor/lib/test/auto/ConstraintMonitor5.xml
5 ms. Memory: 479232K Free: 292266K (61%)
----------------- Invoking toplevel() on ptolemy.moml.MoMLSimpleApplication@3be61d1e
----------------- Done invoking toplevel() on ptolemy.moml.MoMLSimpleApplication@3be61d1e
reloadAllAccessors: .ConstraintMonitor5

===========================================================================================
----------------- testing Thu Sep 05 05:42:15 UTC 2019 /home/travis/build/icyphy/ptII/ptolemy/actor/lib/test/auto/ConstraintMonitor6.xml
----------------- Instantiating /home/travis/build/icyphy/ptII/ptolemy/actor/lib/test/auto/ConstraintMonitor6.xml
6 ms. Memory: 479232K Free: 286636K (60%)
----------------- Invoking toplevel() on ptolemy.moml.MoMLSimpleApplication@7dc4872e
----------------- Done invoking toplevel() on ptolemy.moml.MoMLSimpleApplication@7dc4872e
reloadAllAccessors: .ConstraintMonitor6

===========================================================================================
----------------- testing Thu Sep 05 05:42:15 UTC 2019 /home/travis/build/icyphy/ptII/ptolemy/actor/lib/test/auto/ConstraintMonitor7.xml
----------------- Instantiating /home/travis/build/icyphy/ptII/ptolemy/actor/lib/test/auto/ConstraintMonitor7.xml
5 ms. Memory: 479232K Free: 279972K (58%)
----------------- Invoking toplevel() on ptolemy.moml.MoMLSimpleApplication@70096963
----------------- Done invoking toplevel() on ptolemy.moml.MoMLSimpleApplication@70096963
reloadAllAccessors: .ConstraintMonitor7

===========================================================================================
----------------- testing Thu Sep 05 05:42:15 UTC 2019 /home/travis/build/icyphy/ptII/ptolemy/actor/lib/test/auto/ConstraintMonitor8.xml
----------------- Instantiating /home/travis/build/icyphy/ptII/ptolemy/actor/lib/test/auto/ConstraintMonitor8.xml
7 ms. Memory: 479232K Free: 272300K (57%)
----------------- Invoking toplevel() on ptolemy.moml.MoMLSimpleApplication@10474eb4
----------------- Done invoking toplevel() on ptolemy.moml.MoMLSimpleApplication@10474eb4
reloadAllAccessors: .ConstraintMonitor8

===========================================================================================
----------------- testing Thu Sep 05 05:42:15 UTC 2019 /home/travis/build/icyphy/ptII/ptolemy/actor/lib/test/auto/Counter.xml
----------------- Instantiating /home/travis/build/icyphy/ptII/ptolemy/actor/lib/test/auto/Counter.xml
2 ms. Memory: 479232K Free: 267690K (56%)
----------------- Invoking toplevel() on ptolemy.moml.MoMLSimpleApplication@695193f2
----------------- Done invoking toplevel() on ptolemy.moml.MoMLSimpleApplication@695193f2
reloadAllAccessors: .Counter

===========================================================================================
----------------- testing Thu Sep 05 05:42:15 UTC 2019 /home/travis/build/icyphy/ptII/ptolemy/actor/lib/test/auto/CurrentTimeSDF.xml
----------------- Instantiating /home/travis/build/icyphy/ptII/ptolemy/actor/lib/test/auto/CurrentTimeSDF.xml
1 ms. Memory: 479232K Free: 263594K (55%)
----------------- Invoking toplevel() on ptolemy.moml.MoMLSimpleApplication@60e8631e
----------------- Done invoking toplevel() on ptolemy.moml.MoMLSimpleApplication@60e8631e
reloadAllAccessors: .CurrentTimeSDF

===========================================================================================
----------------- testing Thu Sep 05 05:42:15 UTC 2019 /home/travis/build/icyphy/ptII/ptolemy/actor/lib/test/auto/DB.xml
----------------- Instantiating /home/travis/build/icyphy/ptII/ptolemy/actor/lib/test/auto/DB.xml
2 ms. Memory: 479232K Free: 258474K (54%)
----------------- Invoking toplevel() on ptolemy.moml.MoMLSimpleApplication@72ca0fff
----------------- Done invoking toplevel() on ptolemy.moml.MoMLSimpleApplication@72ca0fff
reloadAllAccessors: .DB

===========================================================================================
----------------- testing Thu Sep 05 05:42:15 UTC 2019 /home/travis/build/icyphy/ptII/ptolemy/actor/lib/test/auto/DBDE.xml
----------------- Instantiating /home/travis/build/icyphy/ptII/ptolemy/actor/lib/test/auto/DBDE.xml
3 ms. Memory: 479232K Free: 252324K (53%)
----------------- Invoking toplevel() on ptolemy.moml.MoMLSimpleApplication@f0db3d9
----------------- Done invoking toplevel() on ptolemy.moml.MoMLSimpleApplication@f0db3d9
reloadAllAccessors: .DBDE

===========================================================================================
----------------- testing Thu Sep 05 05:42:15 UTC 2019 /home/travis/build/icyphy/ptII/ptolemy/actor/lib/test/auto/DateConstructor.xml
----------------- Instantiating /home/travis/build/icyphy/ptII/ptolemy/actor/lib/test/auto/DateConstructor.xml
33 ms. Memory: 479232K Free: 234922K (49%)
----------------- Invoking toplevel() on ptolemy.moml.MoMLSimpleApplication@673c7586
----------------- Done invoking toplevel() on ptolemy.moml.MoMLSimpleApplication@673c7586
reloadAllAccessors: .DateConstructor

===========================================================================================
----------------- testing Thu Sep 05 05:42:15 UTC 2019 /home/travis/build/icyphy/ptII/ptolemy/actor/lib/test/auto/DelayTime.xml
----------------- Instantiating /home/travis/build/icyphy/ptII/ptolemy/actor/lib/test/auto/DelayTime.xml
7 ms. Memory: 479232K Free: 229802K (48%)
----------------- Invoking toplevel() on ptolemy.moml.MoMLSimpleApplication@44be0307
----------------- Done invoking toplevel() on ptolemy.moml.MoMLSimpleApplication@44be0307
reloadAllAccessors: .DelayTime

===========================================================================================
----------------- testing Thu Sep 05 05:42:15 UTC 2019 /home/travis/build/icyphy/ptII/ptolemy/actor/lib/test/auto/Dictionary1.xml
----------------- Instantiating /home/travis/build/icyphy/ptII/ptolemy/actor/lib/test/auto/Dictionary1.xml
2 ms. Memory: 479232K Free: 224172K (47%)
----------------- Invoking toplevel() on ptolemy.moml.MoMLSimpleApplication@45f31bd3
----------------- Done invoking toplevel() on ptolemy.moml.MoMLSimpleApplication@45f31bd3
reloadAllAccessors: .Dictionary1

===========================================================================================
----------------- testing Thu Sep 05 05:42:15 UTC 2019 /home/travis/build/icyphy/ptII/ptolemy/actor/lib/test/auto/Dictionary2.xml
----------------- Instantiating /home/travis/build/icyphy/ptII/ptolemy/actor/lib/test/auto/Dictionary2.xml
5 ms. Memory: 479232K Free: 219052K (46%)
----------------- Invoking toplevel() on ptolemy.moml.MoMLSimpleApplication@4dbeb5e7
----------------- Done invoking toplevel() on ptolemy.moml.MoMLSimpleApplication@4dbeb5e7
reloadAllAccessors: .Dictionary2

===========================================================================================
----------------- testing Thu Sep 05 05:42:15 UTC 2019 /home/travis/build/icyphy/ptII/ptolemy/actor/lib/test/auto/Dictionary3.xml
----------------- Instantiating /home/travis/build/icyphy/ptII/ptolemy/actor/lib/test/auto/Dictionary3.xml
2 ms. Memory: 479232K Free: 213418K (45%)
----------------- Invoking toplevel() on ptolemy.moml.MoMLSimpleApplication@22487972
----------------- Done invoking toplevel() on ptolemy.moml.MoMLSimpleApplication@22487972
reloadAllAccessors: .Dictionary3

===========================================================================================
----------------- testing Thu Sep 05 05:42:15 UTC 2019 /home/travis/build/icyphy/ptII/ptolemy/actor/lib/test/auto/Dictionary4.xml
----------------- Instantiating /home/travis/build/icyphy/ptII/ptolemy/actor/lib/test/auto/Dictionary4.xml
4 ms. Memory: 479232K Free: 206250K (43%)
----------------- Invoking toplevel() on ptolemy.moml.MoMLSimpleApplication@a590a30
----------------- Done invoking toplevel() on ptolemy.moml.MoMLSimpleApplication@a590a30
reloadAllAccessors: .Dictionary4

===========================================================================================
----------------- testing Thu Sep 05 05:42:15 UTC 2019 /home/travis/build/icyphy/ptII/ptolemy/actor/lib/test/auto/Differential.xml
----------------- Instantiating /home/travis/build/icyphy/ptII/ptolemy/actor/lib/test/auto/Differential.xml
3 ms. Memory: 479232K Free: 201644K (42%)
----------------- Invoking toplevel() on ptolemy.moml.MoMLSimpleApplication@432c266d
----------------- Done invoking toplevel() on ptolemy.moml.MoMLSimpleApplication@432c266d
reloadAllAccessors: .Differential

===========================================================================================
----------------- testing Thu Sep 05 05:42:15 UTC 2019 /home/travis/build/icyphy/ptII/ptolemy/actor/lib/test/auto/Director.xml
----------------- Instantiating /home/travis/build/icyphy/ptII/ptolemy/actor/lib/test/auto/Director.xml
4 ms. Memory: 479232K Free: 198572K (41%)
----------------- Invoking toplevel() on ptolemy.moml.MoMLSimpleApplication@733dd6b4
----------------- Done invoking toplevel() on ptolemy.moml.MoMLSimpleApplication@733dd6b4
reloadAllAccessors: .Director

===========================================================================================
----------------- testing Thu Sep 05 05:42:15 UTC 2019 /home/travis/build/icyphy/ptII/ptolemy/actor/lib/test/auto/DiscreteClock.xml
----------------- Instantiating /home/travis/build/icyphy/ptII/ptolemy/actor/lib/test/auto/DiscreteClock.xml
2 ms. Memory: 479232K Free: 194476K (41%)
----------------- Invoking toplevel() on ptolemy.moml.MoMLSimpleApplication@2061ad75
----------------- Done invoking toplevel() on ptolemy.moml.MoMLSimpleApplication@2061ad75
reloadAllAccessors: .DiscreteClock

===========================================================================================
----------------- testing Thu Sep 05 05:42:15 UTC 2019 /home/travis/build/icyphy/ptII/ptolemy/actor/lib/test/auto/DiscreteClock10.xml
----------------- Instantiating /home/travis/build/icyphy/ptII/ptolemy/actor/lib/test/auto/DiscreteClock10.xml
4 ms. Memory: 479232K Free: 188332K (39%)
----------------- Invoking toplevel() on ptolemy.moml.MoMLSimpleApplication@12e6c4d7
----------------- Done invoking toplevel() on ptolemy.moml.MoMLSimpleApplication@12e6c4d7
reloadAllAccessors: .DiscreteClock10

===========================================================================================
----------------- testing Thu Sep 05 05:42:15 UTC 2019 /home/travis/build/icyphy/ptII/ptolemy/actor/lib/test/auto/DiscreteClock11.xml
----------------- Instantiating /home/travis/build/icyphy/ptII/ptolemy/actor/lib/test/auto/DiscreteClock11.xml
3 ms. Memory: 479232K Free: 182698K (38%)
----------------- Invoking toplevel() on ptolemy.moml.MoMLSimpleApplication@169e0998
----------------- Done invoking toplevel() on ptolemy.moml.MoMLSimpleApplication@169e0998
reloadAllAccessors: .DiscreteClock11

===========================================================================================
----------------- testing Thu Sep 05 05:42:15 UTC 2019 /home/travis/build/icyphy/ptII/ptolemy/actor/lib/test/auto/DiscreteClock12.xml
----------------- Instantiating /home/travis/build/icyphy/ptII/ptolemy/actor/lib/test/auto/DiscreteClock12.xml
3 ms. Memory: 479232K Free: 176554K (37%)
----------------- Invoking toplevel() on ptolemy.moml.MoMLSimpleApplication@208f2f24
----------------- Done invoking toplevel() on ptolemy.moml.MoMLSimpleApplication@208f2f24
reloadAllAccessors: .DiscreteClock12

===========================================================================================
----------------- testing Thu Sep 05 05:42:15 UTC 2019 /home/travis/build/icyphy/ptII/ptolemy/actor/lib/test/auto/DiscreteClock13.xml
----------------- Instantiating /home/travis/build/icyphy/ptII/ptolemy/actor/lib/test/auto/DiscreteClock13.xml
5 ms. Memory: 479232K Free: 170380K (36%)
----------------- Invoking toplevel() on ptolemy.moml.MoMLSimpleApplication@7a85acf8
----------------- Done invoking toplevel() on ptolemy.moml.MoMLSimpleApplication@7a85acf8
reloadAllAccessors: .DiscreteClock13

===========================================================================================
----------------- testing Thu Sep 05 05:42:15 UTC 2019 /home/travis/build/icyphy/ptII/ptolemy/actor/lib/test/auto/DiscreteClock14.xml
----------------- Instantiating /home/travis/build/icyphy/ptII/ptolemy/actor/lib/test/auto/DiscreteClock14.xml
6 ms. Memory: 479232K Free: 164236K (34%)
----------------- Invoking toplevel() on ptolemy.moml.MoMLSimpleApplication@71981e6c
----------------- Done invoking toplevel() on ptolemy.moml.MoMLSimpleApplication@71981e6c
reloadAllAccessors: .DiscreteClock14

===========================================================================================
----------------- testing Thu Sep 05 05:42:15 UTC 2019 /home/travis/build/icyphy/ptII/ptolemy/actor/lib/test/auto/DiscreteClock15.xml
----------------- Instantiating /home/travis/build/icyphy/ptII/ptolemy/actor/lib/test/auto/DiscreteClock15.xml
5 ms. Memory: 479232K Free: 158636K (33%)
----------------- Invoking toplevel() on ptolemy.moml.MoMLSimpleApplication@561fd57d
----------------- Done invoking toplevel() on ptolemy.moml.MoMLSimpleApplication@561fd57d
reloadAllAccessors: .DiscreteClock15

===========================================================================================
----------------- testing Thu Sep 05 05:42:15 UTC 2019 /home/travis/build/icyphy/ptII/ptolemy/actor/lib/test/auto/DiscreteClock16.xml
----------------- Instantiating /home/travis/build/icyphy/ptII/ptolemy/actor/lib/test/auto/DiscreteClock16.xml
20 ms. Memory: 479232K Free: 420764K (88%)
----------------- Invoking toplevel() on ptolemy.moml.MoMLSimpleApplication@3067a024
----------------- Done invoking toplevel() on ptolemy.moml.MoMLSimpleApplication@3067a024
reloadAllAccessors: .DiscreteClock16

===========================================================================================
----------------- testing Thu Sep 05 05:42:15 UTC 2019 /home/travis/build/icyphy/ptII/ptolemy/actor/lib/test/auto/DiscreteClock17.xml
----------------- Instantiating /home/travis/build/icyphy/ptII/ptolemy/actor/lib/test/auto/DiscreteClock17.xml
17 ms. Memory: 479232K Free: 406428K (85%)
----------------- Invoking toplevel() on ptolemy.moml.MoMLSimpleApplication@68e18de6
----------------- Done invoking toplevel() on ptolemy.moml.MoMLSimpleApplication@68e18de6
reloadAllAccessors: .DiscreteClock17

===========================================================================================
----------------- testing Thu Sep 05 05:42:15 UTC 2019 /home/travis/build/icyphy/ptII/ptolemy/actor/lib/test/auto/DiscreteClock18.xml
----------------- Instantiating /home/travis/build/icyphy/ptII/ptolemy/actor/lib/test/auto/DiscreteClock18.xml
21 ms. Memory: 479232K Free: 392620K (82%)
----------------- Invoking toplevel() on ptolemy.moml.MoMLSimpleApplication@6219c3d9
----------------- Done invoking toplevel() on ptolemy.moml.MoMLSimpleApplication@6219c3d9
reloadAllAccessors: .DiscreteClock18

===========================================================================================
----------------- testing Thu Sep 05 05:42:16 UTC 2019 /home/travis/build/icyphy/ptII/ptolemy/actor/lib/test/auto/DiscreteClock19.xml
----------------- Instantiating /home/travis/build/icyphy/ptII/ptolemy/actor/lib/test/auto/DiscreteClock19.xml
18 ms. Memory: 479232K Free: 378794K (79%)
----------------- Invoking toplevel() on ptolemy.moml.MoMLSimpleApplication@43a28422
----------------- Done invoking toplevel() on ptolemy.moml.MoMLSimpleApplication@43a28422
reloadAllAccessors: .DiscreteClock19

===========================================================================================
----------------- testing Thu Sep 05 05:42:16 UTC 2019 /home/travis/build/icyphy/ptII/ptolemy/actor/lib/test/auto/DiscreteClock2.xml
----------------- Instantiating /home/travis/build/icyphy/ptII/ptolemy/actor/lib/test/auto/DiscreteClock2.xml
5 ms. Memory: 479232K Free: 373644K (78%)
----------------- Invoking toplevel() on ptolemy.moml.MoMLSimpleApplication@22c6b3ff
----------------- Done invoking toplevel() on ptolemy.moml.MoMLSimpleApplication@22c6b3ff
reloadAllAccessors: .DiscreteClock2

===========================================================================================
----------------- testing Thu Sep 05 05:42:16 UTC 2019 /home/travis/build/icyphy/ptII/ptolemy/actor/lib/test/auto/DiscreteClock20.xml
----------------- Instantiating /home/travis/build/icyphy/ptII/ptolemy/actor/lib/test/auto/DiscreteClock20.xml
9 ms. Memory: 479232K Free: 368554K (77%)
----------------- Invoking toplevel() on ptolemy.moml.MoMLSimpleApplication@61b6abc4
----------------- Done invoking toplevel() on ptolemy.moml.MoMLSimpleApplication@61b6abc4
reloadAllAccessors: .DiscreteClock20

===========================================================================================
----------------- testing Thu Sep 05 05:42:16 UTC 2019 /home/travis/build/icyphy/ptII/ptolemy/actor/lib/test/auto/DiscreteClock21.xml
----------------- Instantiating /home/travis/build/icyphy/ptII/ptolemy/actor/lib/test/auto/DiscreteClock21.xml
7 ms. Memory: 479232K Free: 362924K (76%)
----------------- Invoking toplevel() on ptolemy.moml.MoMLSimpleApplication@471752e7
----------------- Done invoking toplevel() on ptolemy.moml.MoMLSimpleApplication@471752e7
reloadAllAccessors: .DiscreteClock21

===========================================================================================
----------------- testing Thu Sep 05 05:42:16 UTC 2019 /home/travis/build/icyphy/ptII/ptolemy/actor/lib/test/auto/DiscreteClock22.xml
----------------- Instantiating /home/travis/build/icyphy/ptII/ptolemy/actor/lib/test/auto/DiscreteClock22.xml
6 ms. Memory: 479232K Free: 357290K (75%)
----------------- Invoking toplevel() on ptolemy.moml.MoMLSimpleApplication@b59da59
----------------- Done invoking toplevel() on ptolemy.moml.MoMLSimpleApplication@b59da59
reloadAllAccessors: .DiscreteClock22

===========================================================================================
----------------- testing Thu Sep 05 05:42:16 UTC 2019 /home/travis/build/icyphy/ptII/ptolemy/actor/lib/test/auto/DiscreteClock23.xml
----------------- Instantiating /home/travis/build/icyphy/ptII/ptolemy/actor/lib/test/auto/DiscreteClock23.xml
9 ms. Memory: 479232K Free: 351660K (73%)
----------------- Invoking toplevel() on ptolemy.moml.MoMLSimpleApplication@1c6ac398
----------------- Done invoking toplevel() on ptolemy.moml.MoMLSimpleApplication@1c6ac398
reloadAllAccessors: .DiscreteClock23

===========================================================================================
----------------- testing Thu Sep 05 05:42:16 UTC 2019 /home/travis/build/icyphy/ptII/ptolemy/actor/lib/test/auto/DiscreteClock24.xml
----------------- Instantiating /home/travis/build/icyphy/ptII/ptolemy/actor/lib/test/auto/DiscreteClock24.xml
4 ms. Memory: 479232K Free: 346540K (72%)
----------------- Invoking toplevel() on ptolemy.moml.MoMLSimpleApplication@2161c110
----------------- Done invoking toplevel() on ptolemy.moml.MoMLSimpleApplication@2161c110
reloadAllAccessors: .DiscreteClock24

===========================================================================================
----------------- testing Thu Sep 05 05:42:16 UTC 2019 /home/travis/build/icyphy/ptII/ptolemy/actor/lib/test/auto/DiscreteClock4.xml
----------------- Instantiating /home/travis/build/icyphy/ptII/ptolemy/actor/lib/test/auto/DiscreteClock4.xml
4 ms. Memory: 479232K Free: 340908K (71%)
----------------- Invoking toplevel() on ptolemy.moml.MoMLSimpleApplication@1ca30928
----------------- Done invoking toplevel() on ptolemy.moml.MoMLSimpleApplication@1ca30928
reloadAllAccessors: .DiscreteClock4

===========================================================================================
----------------- testing Thu Sep 05 05:42:16 UTC 2019 /home/travis/build/icyphy/ptII/ptolemy/actor/lib/test/auto/DiscreteClock5.xml
----------------- Instantiating /home/travis/build/icyphy/ptII/ptolemy/actor/lib/test/auto/DiscreteClock5.xml
2 ms. Memory: 479232K Free: 335276K (70%)
----------------- Invoking toplevel() on ptolemy.moml.MoMLSimpleApplication@5b388000
----------------- Done invoking toplevel() on ptolemy.moml.MoMLSimpleApplication@5b388000
reloadAllAccessors: .DiscreteClock5

===========================================================================================
----------------- testing Thu Sep 05 05:42:16 UTC 2019 /home/travis/build/icyphy/ptII/ptolemy/actor/lib/test/auto/DiscreteClock6.xml
----------------- Instantiating /home/travis/build/icyphy/ptII/ptolemy/actor/lib/test/auto/DiscreteClock6.xml
1 ms. Memory: 479232K Free: 331180K (69%)
----------------- Invoking toplevel() on ptolemy.moml.MoMLSimpleApplication@28e453ac
----------------- Done invoking toplevel() on ptolemy.moml.MoMLSimpleApplication@28e453ac
reloadAllAccessors: .DiscreteClock6

===========================================================================================
----------------- testing Thu Sep 05 05:42:16 UTC 2019 /home/travis/build/icyphy/ptII/ptolemy/actor/lib/test/auto/DiscreteClock7.xml
----------------- Instantiating /home/travis/build/icyphy/ptII/ptolemy/actor/lib/test/auto/DiscreteClock7.xml
2 ms. Memory: 479232K Free: 326570K (68%)
----------------- Invoking toplevel() on ptolemy.moml.MoMLSimpleApplication@5d0c509a
----------------- Done invoking toplevel() on ptolemy.moml.MoMLSimpleApplication@5d0c509a
reloadAllAccessors: .DiscreteClock7

===========================================================================================
----------------- testing Thu Sep 05 05:42:16 UTC 2019 /home/travis/build/icyphy/ptII/ptolemy/actor/lib/test/auto/DiscreteClock8.xml
----------------- Instantiating /home/travis/build/icyphy/ptII/ptolemy/actor/lib/test/auto/DiscreteClock8.xml
5 ms. Memory: 479232K Free: 320940K (67%)
----------------- Invoking toplevel() on ptolemy.moml.MoMLSimpleApplication@1d167686
----------------- Done invoking toplevel() on ptolemy.moml.MoMLSimpleApplication@1d167686
reloadAllAccessors: .DiscreteClock8

===========================================================================================
----------------- testing Thu Sep 05 05:42:16 UTC 2019 /home/travis/build/icyphy/ptII/ptolemy/actor/lib/test/auto/DiscreteClock9.xml
----------------- Instantiating /home/travis/build/icyphy/ptII/ptolemy/actor/lib/test/auto/DiscreteClock9.xml
2 ms. Memory: 479232K Free: 314796K (66%)
----------------- Invoking toplevel() on ptolemy.moml.MoMLSimpleApplication@134b50e0
----------------- Done invoking toplevel() on ptolemy.moml.MoMLSimpleApplication@134b50e0
reloadAllAccessors: .DiscreteClock9

===========================================================================================
----------------- testing Thu Sep 05 05:42:16 UTC 2019 /home/travis/build/icyphy/ptII/ptolemy/actor/lib/test/auto/DisplayArray.xml
----------------- Instantiating /home/travis/build/icyphy/ptII/ptolemy/actor/lib/test/auto/DisplayArray.xml
1 ms. Memory: 479232K Free: 311210K (65%)
----------------- Invoking toplevel() on ptolemy.moml.MoMLSimpleApplication@4b1cb391
----------------- Done invoking toplevel() on ptolemy.moml.MoMLSimpleApplication@4b1cb391
reloadAllAccessors: .DisplayArray

===========================================================================================
----------------- testing Thu Sep 05 05:42:16 UTC 2019 /home/travis/build/icyphy/ptII/ptolemy/actor/lib/test/auto/Distributor.xml
----------------- Instantiating /home/travis/build/icyphy/ptII/ptolemy/actor/lib/test/auto/Distributor.xml
3 ms. Memory: 479232K Free: 306090K (64%)
----------------- Invoking toplevel() on ptolemy.moml.MoMLSimpleApplication@6c4d35e6
----------------- Done invoking toplevel() on ptolemy.moml.MoMLSimpleApplication@6c4d35e6
reloadAllAccessors: .Distributor

===========================================================================================
----------------- testing Thu Sep 05 05:42:16 UTC 2019 /home/travis/build/icyphy/ptII/ptolemy/actor/lib/test/auto/Distributor2.xml
----------------- Instantiating /home/travis/build/icyphy/ptII/ptolemy/actor/lib/test/auto/Distributor2.xml
2 ms. Memory: 479232K Free: 301484K (63%)
----------------- Invoking toplevel() on ptolemy.moml.MoMLSimpleApplication@72be2cb5
----------------- Done invoking toplevel() on ptolemy.moml.MoMLSimpleApplication@72be2cb5
reloadAllAccessors: .Distributor2

===========================================================================================
----------------- testing Thu Sep 05 05:42:16 UTC 2019 /home/travis/build/icyphy/ptII/ptolemy/actor/lib/test/auto/DownSample.xml
----------------- Instantiating /home/travis/build/icyphy/ptII/ptolemy/actor/lib/test/auto/DownSample.xml
2 ms. Memory: 479232K Free: 296874K (62%)
----------------- Invoking toplevel() on ptolemy.moml.MoMLSimpleApplication@2d3aa1b0
----------------- Done invoking toplevel() on ptolemy.moml.MoMLSimpleApplication@2d3aa1b0
reloadAllAccessors: .DownSample

===========================================================================================
----------------- testing Thu Sep 05 05:42:16 UTC 2019 /home/travis/build/icyphy/ptII/ptolemy/actor/lib/test/auto/ElectronicUnitBase1.xml
----------------- Instantiating /home/travis/build/icyphy/ptII/ptolemy/actor/lib/test/auto/ElectronicUnitBase1.xml
20 ms. Memory: 479232K Free: 280490K (59%)
----------------- Invoking toplevel() on ptolemy.moml.MoMLSimpleApplication@5ffc3a21
----------------- Done invoking toplevel() on ptolemy.moml.MoMLSimpleApplication@5ffc3a21
reloadAllAccessors: .ElectronicUnitBase1

===========================================================================================
----------------- testing Thu Sep 05 05:42:16 UTC 2019 /home/travis/build/icyphy/ptII/ptolemy/actor/lib/test/auto/ElementsToArray.xml
----------------- Instantiating /home/travis/build/icyphy/ptII/ptolemy/actor/lib/test/auto/ElementsToArray.xml
3 ms. Memory: 479232K Free: 275370K (57%)
----------------- Invoking toplevel() on ptolemy.moml.MoMLSimpleApplication@b2015c5
----------------- Done invoking toplevel() on ptolemy.moml.MoMLSimpleApplication@b2015c5
reloadAllAccessors: .ElementsToArray

===========================================================================================
----------------- testing Thu Sep 05 05:42:16 UTC 2019 /home/travis/build/icyphy/ptII/ptolemy/actor/lib/test/auto/Equals.xml
----------------- Instantiating /home/travis/build/icyphy/ptII/ptolemy/actor/lib/test/auto/Equals.xml
3 ms. Memory: 479232K Free: 270764K (56%)
----------------- Invoking toplevel() on ptolemy.moml.MoMLSimpleApplication@6198824e
----------------- Done invoking toplevel() on ptolemy.moml.MoMLSimpleApplication@6198824e
reloadAllAccessors: .Equals

===========================================================================================
----------------- testing Thu Sep 05 05:42:16 UTC 2019 /home/travis/build/icyphy/ptII/ptolemy/actor/lib/test/auto/Exec.xml
----------------- Instantiating /home/travis/build/icyphy/ptII/ptolemy/actor/lib/test/auto/Exec.xml
23 ms. Memory: 479232K Free: 265130K (55%)
----------------- Invoking toplevel() on ptolemy.moml.MoMLSimpleApplication@52961188
----------------- Done invoking toplevel() on ptolemy.moml.MoMLSimpleApplication@52961188
reloadAllAccessors: .Exec

===========================================================================================
----------------- testing Thu Sep 05 05:42:16 UTC 2019 /home/travis/build/icyphy/ptII/ptolemy/actor/lib/test/auto/ExecEnvironment.xml
----------------- Instantiating /home/travis/build/icyphy/ptII/ptolemy/actor/lib/test/auto/ExecEnvironment.xml
27 ms. Memory: 479232K Free: 259996K (54%)
----------------- Invoking toplevel() on ptolemy.moml.MoMLSimpleApplication@ca4edf5
----------------- Done invoking toplevel() on ptolemy.moml.MoMLSimpleApplication@ca4edf5
reloadAllAccessors: .ExecEnvironment

===========================================================================================
----------------- testing Thu Sep 05 05:42:16 UTC 2019 /home/travis/build/icyphy/ptII/ptolemy/actor/lib/test/auto/ExecNonZeroReturnOutput.xml
----------------- Instantiating /home/travis/build/icyphy/ptII/ptolemy/actor/lib/test/auto/ExecNonZeroReturnOutput.xml
207 ms. Memory: 479232K Free: 248746K (52%)
----------------- Invoking toplevel() on ptolemy.moml.MoMLSimpleApplication@21665c8e
----------------- Done invoking toplevel() on ptolemy.moml.MoMLSimpleApplication@21665c8e
reloadAllAccessors: .ExecNonZeroReturnOutput

===========================================================================================
----------------- testing Thu Sep 05 05:42:16 UTC 2019 /home/travis/build/icyphy/ptII/ptolemy/actor/lib/test/auto/ExecRunDemos.xml
----------------- Instantiating /home/travis/build/icyphy/ptII/ptolemy/actor/lib/test/auto/ExecRunDemos.xml
Finished: 70 ms. Memory: 120832K Free: 104315K (86%)

Finished: 65 ms. Memory: 120832K Free: 110720K (92%)

Finished: 100 ms. Memory: 120832K Free: 111011K (92%)

Finished: 112 ms. Memory: 120832K Free: 103229K (85%)

Finished: 61 ms. Memory: 120832K Free: 103921K (86%)

11077 ms. Memory: 479232K Free: 226730K (47%)
----------------- Invoking toplevel() on ptolemy.moml.MoMLSimpleApplication@5f1a45e7
----------------- Done invoking toplevel() on ptolemy.moml.MoMLSimpleApplication@5f1a45e7
reloadAllAccessors: .ExecRunDemos

===========================================================================================
----------------- testing Thu Sep 05 05:42:27 UTC 2019 /home/travis/build/icyphy/ptII/ptolemy/actor/lib/test/auto/ExecStop.xml
----------------- Instantiating /home/travis/build/icyphy/ptII/ptolemy/actor/lib/test/auto/ExecStop.xml
5020 ms. Memory: 638976K Free: 540407K (85%)
----------------- Invoking toplevel() on ptolemy.moml.MoMLSimpleApplication@5db2d666
----------------- Done invoking toplevel() on ptolemy.moml.MoMLSimpleApplication@5db2d666
reloadAllAccessors: .ExecStop

===========================================================================================
----------------- testing Thu Sep 05 05:42:33 UTC 2019 /home/travis/build/icyphy/ptII/ptolemy/actor/lib/test/auto/ExecutionTimeSDF.xml
----------------- Instantiating /home/travis/build/icyphy/ptII/ptolemy/actor/lib/test/auto/ExecutionTimeSDF.xml
Fired ExecutionTime: -1916967296
Fired ExecutionTime: 1019200000
Fired ExecutionTime: 1078000000
6008 ms. Memory: 638976K Free: 527788K (83%)
----------------- Invoking toplevel() on ptolemy.moml.MoMLSimpleApplication@72afe585
----------------- Done invoking toplevel() on ptolemy.moml.MoMLSimpleApplication@72afe585
reloadAllAccessors: .ExecutionTimeSDF

===========================================================================================
----------------- testing Thu Sep 05 05:42:39 UTC 2019 /home/travis/build/icyphy/ptII/ptolemy/actor/lib/test/auto/Expression1.xml
----------------- Instantiating /home/travis/build/icyphy/ptII/ptolemy/actor/lib/test/auto/Expression1.xml
7 ms. Memory: 638976K Free: 524202K (82%)
----------------- Invoking toplevel() on ptolemy.moml.MoMLSimpleApplication@5663e5e6
----------------- Done invoking toplevel() on ptolemy.moml.MoMLSimpleApplication@5663e5e6
reloadAllAccessors: .Expression1

===========================================================================================
----------------- testing Thu Sep 05 05:42:39 UTC 2019 /home/travis/build/icyphy/ptII/ptolemy/actor/lib/test/auto/Expression10.xml
----------------- Instantiating /home/travis/build/icyphy/ptII/ptolemy/actor/lib/test/auto/Expression10.xml
8 ms. Memory: 638976K Free: 518572K (81%)
----------------- Invoking toplevel() on ptolemy.moml.MoMLSimpleApplication@64da6ea0
----------------- Done invoking toplevel() on ptolemy.moml.MoMLSimpleApplication@64da6ea0
reloadAllAccessors: .Expression10

===========================================================================================
----------------- testing Thu Sep 05 05:42:39 UTC 2019 /home/travis/build/icyphy/ptII/ptolemy/actor/lib/test/auto/Expression11.xml
----------------- Instantiating /home/travis/build/icyphy/ptII/ptolemy/actor/lib/test/auto/Expression11.xml
3 ms. Memory: 638976K Free: 513962K (80%)
----------------- Invoking toplevel() on ptolemy.moml.MoMLSimpleApplication@3643e6df
----------------- Done invoking toplevel() on ptolemy.moml.MoMLSimpleApplication@3643e6df
reloadAllAccessors: .Expression11

===========================================================================================
----------------- testing Thu Sep 05 05:42:39 UTC 2019 /home/travis/build/icyphy/ptII/ptolemy/actor/lib/test/auto/Expression12.xml
----------------- Instantiating /home/travis/build/icyphy/ptII/ptolemy/actor/lib/test/auto/Expression12.xml
3 ms. Memory: 638976K Free: 508842K (80%)
----------------- Invoking toplevel() on ptolemy.moml.MoMLSimpleApplication@3a1e09e2
----------------- Done invoking toplevel() on ptolemy.moml.MoMLSimpleApplication@3a1e09e2
reloadAllAccessors: .Expression12

===========================================================================================
----------------- testing Thu Sep 05 05:42:39 UTC 2019 /home/travis/build/icyphy/ptII/ptolemy/actor/lib/test/auto/Expression13.xml
----------------- Instantiating /home/travis/build/icyphy/ptII/ptolemy/actor/lib/test/auto/Expression13.xml
3 ms. Memory: 638976K Free: 503212K (79%)
----------------- Invoking toplevel() on ptolemy.moml.MoMLSimpleApplication@448b14e3
----------------- Done invoking toplevel() on ptolemy.moml.MoMLSimpleApplication@448b14e3
reloadAllAccessors: .Expression13

===========================================================================================
----------------- testing Thu Sep 05 05:42:39 UTC 2019 /home/travis/build/icyphy/ptII/ptolemy/actor/lib/test/auto/Expression14.xml
----------------- Instantiating /home/travis/build/icyphy/ptII/ptolemy/actor/lib/test/auto/Expression14.xml
5 ms. Memory: 638976K Free: 497068K (78%)
----------------- Invoking toplevel() on ptolemy.moml.MoMLSimpleApplication@17b56c1d
----------------- Done invoking toplevel() on ptolemy.moml.MoMLSimpleApplication@17b56c1d
reloadAllAccessors: .Expression14

===========================================================================================
----------------- testing Thu Sep 05 05:42:39 UTC 2019 /home/travis/build/icyphy/ptII/ptolemy/actor/lib/test/auto/Expression15.xml
----------------- Instantiating /home/travis/build/icyphy/ptII/ptolemy/actor/lib/test/auto/Expression15.xml
3 ms. Memory: 638976K Free: 492972K (77%)
----------------- Invoking toplevel() on ptolemy.moml.MoMLSimpleApplication@32567a35
----------------- Done invoking toplevel() on ptolemy.moml.MoMLSimpleApplication@32567a35
reloadAllAccessors: .Expression15

===========================================================================================
----------------- testing Thu Sep 05 05:42:39 UTC 2019 /home/travis/build/icyphy/ptII/ptolemy/actor/lib/test/auto/Expression16.xml
----------------- Instantiating /home/travis/build/icyphy/ptII/ptolemy/actor/lib/test/auto/Expression16.xml
5 ms. Memory: 638976K Free: 487852K (76%)
----------------- Invoking toplevel() on ptolemy.moml.MoMLSimpleApplication@43a7f5c3
----------------- Done invoking toplevel() on ptolemy.moml.MoMLSimpleApplication@43a7f5c3
reloadAllAccessors: .Expression16

===========================================================================================
----------------- testing Thu Sep 05 05:42:39 UTC 2019 /home/travis/build/icyphy/ptII/ptolemy/actor/lib/test/auto/Expression17.xml
----------------- Instantiating /home/travis/build/icyphy/ptII/ptolemy/actor/lib/test/auto/Expression17.xml
4 ms. Memory: 638976K Free: 482732K (76%)
----------------- Invoking toplevel() on ptolemy.moml.MoMLSimpleApplication@4dfc3805
----------------- Done invoking toplevel() on ptolemy.moml.MoMLSimpleApplication@4dfc3805
reloadAllAccessors: .Expression17

===========================================================================================
----------------- testing Thu Sep 05 05:42:39 UTC 2019 /home/travis/build/icyphy/ptII/ptolemy/actor/lib/test/auto/Expression18.xml
----------------- Instantiating /home/travis/build/icyphy/ptII/ptolemy/actor/lib/test/auto/Expression18.xml
4 ms. Memory: 638976K Free: 478122K (75%)
----------------- Invoking toplevel() on ptolemy.moml.MoMLSimpleApplication@33011853
----------------- Done invoking toplevel() on ptolemy.moml.MoMLSimpleApplication@33011853
reloadAllAccessors: .Expression18

===========================================================================================
----------------- testing Thu Sep 05 05:42:39 UTC 2019 /home/travis/build/icyphy/ptII/ptolemy/actor/lib/test/auto/Expression2.xml
----------------- Instantiating /home/travis/build/icyphy/ptII/ptolemy/actor/lib/test/auto/Expression2.xml
3 ms. Memory: 638976K Free: 473002K (74%)
----------------- Invoking toplevel() on ptolemy.moml.MoMLSimpleApplication@5ae539ab
----------------- Done invoking toplevel() on ptolemy.moml.MoMLSimpleApplication@5ae539ab
reloadAllAccessors: .Expression2

===========================================================================================
----------------- testing Thu Sep 05 05:42:39 UTC 2019 /home/travis/build/icyphy/ptII/ptolemy/actor/lib/test/auto/Expression3.xml
----------------- Instantiating /home/travis/build/icyphy/ptII/ptolemy/actor/lib/test/auto/Expression3.xml
7 ms. Memory: 638976K Free: 467882K (73%)
----------------- Invoking toplevel() on ptolemy.moml.MoMLSimpleApplication@1bc8d4c8
----------------- Done invoking toplevel() on ptolemy.moml.MoMLSimpleApplication@1bc8d4c8
reloadAllAccessors: .Expression3

===========================================================================================
----------------- testing Thu Sep 05 05:42:39 UTC 2019 /home/travis/build/icyphy/ptII/ptolemy/actor/lib/test/auto/Expression4.xml
----------------- Instantiating /home/travis/build/icyphy/ptII/ptolemy/actor/lib/test/auto/Expression4.xml
6 ms. Memory: 638976K Free: 460204K (72%)
----------------- Invoking toplevel() on ptolemy.moml.MoMLSimpleApplication@747e190b
----------------- Done invoking toplevel() on ptolemy.moml.MoMLSimpleApplication@747e190b
reloadAllAccessors: .Expression4

===========================================================================================
----------------- testing Thu Sep 05 05:42:39 UTC 2019 /home/travis/build/icyphy/ptII/ptolemy/actor/lib/test/auto/Expression5.xml
----------------- Instantiating /home/travis/build/icyphy/ptII/ptolemy/actor/lib/test/auto/Expression5.xml
6 ms. Memory: 638976K Free: 455084K (71%)
----------------- Invoking toplevel() on ptolemy.moml.MoMLSimpleApplication@169797f5
----------------- Done invoking toplevel() on ptolemy.moml.MoMLSimpleApplication@169797f5
reloadAllAccessors: .Expression5

===========================================================================================
----------------- testing Thu Sep 05 05:42:39 UTC 2019 /home/travis/build/icyphy/ptII/ptolemy/actor/lib/test/auto/Expression6.xml
----------------- Instantiating /home/travis/build/icyphy/ptII/ptolemy/actor/lib/test/auto/Expression6.xml
3 ms. Memory: 638976K Free: 450988K (71%)
----------------- Invoking toplevel() on ptolemy.moml.MoMLSimpleApplication@31794a98
----------------- Done invoking toplevel() on ptolemy.moml.MoMLSimpleApplication@31794a98
reloadAllAccessors: .Expression6

===========================================================================================
----------------- testing Thu Sep 05 05:42:39 UTC 2019 /home/travis/build/icyphy/ptII/ptolemy/actor/lib/test/auto/Expression7.xml
----------------- Instantiating /home/travis/build/icyphy/ptII/ptolemy/actor/lib/test/auto/Expression7.xml
4 ms. Memory: 638976K Free: 445868K (70%)
----------------- Invoking toplevel() on ptolemy.moml.MoMLSimpleApplication@7d67c342
----------------- Done invoking toplevel() on ptolemy.moml.MoMLSimpleApplication@7d67c342
reloadAllAccessors: .Expression7

===========================================================================================
----------------- testing Thu Sep 05 05:42:39 UTC 2019 /home/travis/build/icyphy/ptII/ptolemy/actor/lib/test/auto/Expression8.xml
----------------- Instantiating /home/travis/build/icyphy/ptII/ptolemy/actor/lib/test/auto/Expression8.xml
12 ms. Memory: 638976K Free: 440748K (69%)
----------------- Invoking toplevel() on ptolemy.moml.MoMLSimpleApplication@28934a73
----------------- Done invoking toplevel() on ptolemy.moml.MoMLSimpleApplication@28934a73
reloadAllAccessors: .Expression8

===========================================================================================
----------------- testing Thu Sep 05 05:42:39 UTC 2019 /home/travis/build/icyphy/ptII/ptolemy/actor/lib/test/auto/Expression9.xml
----------------- Instantiating /home/travis/build/icyphy/ptII/ptolemy/actor/lib/test/auto/Expression9.xml
2 ms. Memory: 638976K Free: 436652K (68%)
----------------- Invoking toplevel() on ptolemy.moml.MoMLSimpleApplication@5a12c170
----------------- Done invoking toplevel() on ptolemy.moml.MoMLSimpleApplication@5a12c170
reloadAllAccessors: .Expression9

===========================================================================================
----------------- testing Thu Sep 05 05:42:39 UTC 2019 /home/travis/build/icyphy/ptII/ptolemy/actor/lib/test/auto/ExpressionConcatenateArrayType.xml
----------------- Instantiating /home/travis/build/icyphy/ptII/ptolemy/actor/lib/test/auto/ExpressionConcatenateArrayType.xml
4 ms. Memory: 638976K Free: 429994K (67%)
----------------- Invoking toplevel() on ptolemy.moml.MoMLSimpleApplication@125ce72d
----------------- Done invoking toplevel() on ptolemy.moml.MoMLSimpleApplication@125ce72d
reloadAllAccessors: .ExpressionConcatenateArrayType

===========================================================================================
----------------- testing Thu Sep 05 05:42:39 UTC 2019 /home/travis/build/icyphy/ptII/ptolemy/actor/lib/test/auto/ExpressionConcatenateArrayType2.xml
----------------- Instantiating /home/travis/build/icyphy/ptII/ptolemy/actor/lib/test/auto/ExpressionConcatenateArrayType2.xml
2 ms. Memory: 638976K Free: 423850K (66%)
----------------- Invoking toplevel() on ptolemy.moml.MoMLSimpleApplication@50a20f10
----------------- Done invoking toplevel() on ptolemy.moml.MoMLSimpleApplication@50a20f10
reloadAllAccessors: .ExpressionConcatenateArrayType2

===========================================================================================
----------------- testing Thu Sep 05 05:42:39 UTC 2019 /home/travis/build/icyphy/ptII/ptolemy/actor/lib/test/auto/ExpressionFix.xml
----------------- Instantiating /home/travis/build/icyphy/ptII/ptolemy/actor/lib/test/auto/ExpressionFix.xml
18 ms. Memory: 638976K Free: 417703K (65%)
----------------- Invoking toplevel() on ptolemy.moml.MoMLSimpleApplication@be48d1c
----------------- Done invoking toplevel() on ptolemy.moml.MoMLSimpleApplication@be48d1c
reloadAllAccessors: .ExpressionFix

===========================================================================================
----------------- testing Thu Sep 05 05:42:39 UTC 2019 /home/travis/build/icyphy/ptII/ptolemy/actor/lib/test/auto/ExpressionFix2.xml
----------------- Instantiating /home/travis/build/icyphy/ptII/ptolemy/actor/lib/test/auto/ExpressionFix2.xml
6 ms. Memory: 638976K Free: 413610K (65%)
----------------- Invoking toplevel() on ptolemy.moml.MoMLSimpleApplication@7bac9e03
----------------- Done invoking toplevel() on ptolemy.moml.MoMLSimpleApplication@7bac9e03
reloadAllAccessors: .ExpressionFix2

===========================================================================================
----------------- testing Thu Sep 05 05:42:39 UTC 2019 /home/travis/build/icyphy/ptII/ptolemy/actor/lib/test/auto/ExpressionFix3.xml
----------------- Instantiating /home/travis/build/icyphy/ptII/ptolemy/actor/lib/test/auto/ExpressionFix3.xml
3 ms. Memory: 638976K Free: 409004K (64%)
----------------- Invoking toplevel() on ptolemy.moml.MoMLSimpleApplication@38e35fcb
----------------- Done invoking toplevel() on ptolemy.moml.MoMLSimpleApplication@38e35fcb
reloadAllAccessors: .ExpressionFix3

===========================================================================================
----------------- testing Thu Sep 05 05:42:39 UTC 2019 /home/travis/build/icyphy/ptII/ptolemy/actor/lib/test/auto/FileWriter1.xml
----------------- Instantiating /home/travis/build/icyphy/ptII/ptolemy/actor/lib/test/auto/FileWriter1.xml
3 ms. Memory: 638976K Free: 404908K (63%)
----------------- Invoking toplevel() on ptolemy.moml.MoMLSimpleApplication@346761a0
----------------- Done invoking toplevel() on ptolemy.moml.MoMLSimpleApplication@346761a0
reloadAllAccessors: .FileWriter1

===========================================================================================
----------------- testing Thu Sep 05 05:42:39 UTC 2019 /home/travis/build/icyphy/ptII/ptolemy/actor/lib/test/auto/FileWriter2.xml
----------------- Instantiating /home/travis/build/icyphy/ptII/ptolemy/actor/lib/test/auto/FileWriter2.xml
7 ms. Memory: 638976K Free: 400298K (63%)
----------------- Invoking toplevel() on ptolemy.moml.MoMLSimpleApplication@4121f99f
----------------- Done invoking toplevel() on ptolemy.moml.MoMLSimpleApplication@4121f99f
reloadAllAccessors: .FileWriter2

===========================================================================================
----------------- testing Thu Sep 05 05:42:39 UTC 2019 /home/travis/build/icyphy/ptII/ptolemy/actor/lib/test/auto/FileWriter3.xml
----------------- Instantiating /home/travis/build/icyphy/ptII/ptolemy/actor/lib/test/auto/FileWriter3.xml
6 ms. Memory: 638976K Free: 396202K (62%)
----------------- Invoking toplevel() on ptolemy.moml.MoMLSimpleApplication@18591fc5
----------------- Done invoking toplevel() on ptolemy.moml.MoMLSimpleApplication@18591fc5
reloadAllAccessors: .FileWriter3

===========================================================================================
----------------- testing Thu Sep 05 05:42:39 UTC 2019 /home/travis/build/icyphy/ptII/ptolemy/actor/lib/test/auto/Gaussian.xml
----------------- Instantiating /home/travis/build/icyphy/ptII/ptolemy/actor/lib/test/auto/Gaussian.xml
3 ms. Memory: 638976K Free: 391596K (61%)
----------------- Invoking toplevel() on ptolemy.moml.MoMLSimpleApplication@761c936
----------------- Done invoking toplevel() on ptolemy.moml.MoMLSimpleApplication@761c936
reloadAllAccessors: .Gaussian

===========================================================================================
----------------- testing Thu Sep 05 05:42:39 UTC 2019 /home/travis/build/icyphy/ptII/ptolemy/actor/lib/test/auto/Gaussian1.xml
----------------- Instantiating /home/travis/build/icyphy/ptII/ptolemy/actor/lib/test/auto/Gaussian1.xml
2 ms. Memory: 638976K Free: 386476K (60%)
----------------- Invoking toplevel() on ptolemy.moml.MoMLSimpleApplication@5cf9cffc
----------------- Done invoking toplevel() on ptolemy.moml.MoMLSimpleApplication@5cf9cffc
reloadAllAccessors: .Gaussian1

===========================================================================================
----------------- testing Thu Sep 05 05:42:39 UTC 2019 /home/travis/build/icyphy/ptII/ptolemy/actor/lib/test/auto/Gaussian2.xml
----------------- Instantiating /home/travis/build/icyphy/ptII/ptolemy/actor/lib/test/auto/Gaussian2.xml
8 ms. Memory: 638976K Free: 380828K (60%)
----------------- Invoking toplevel() on ptolemy.moml.MoMLSimpleApplication@699efc44
----------------- Done invoking toplevel() on ptolemy.moml.MoMLSimpleApplication@699efc44
reloadAllAccessors: .Gaussian2

===========================================================================================
----------------- testing Thu Sep 05 05:42:39 UTC 2019 /home/travis/build/icyphy/ptII/ptolemy/actor/lib/test/auto/GradientAdaptiveLattice.xml
----------------- Instantiating /home/travis/build/icyphy/ptII/ptolemy/actor/lib/test/auto/GradientAdaptiveLattice.xml
2 ms. Memory: 638976K Free: 375722K (59%)
----------------- Invoking toplevel() on ptolemy.moml.MoMLSimpleApplication@be8ac23
----------------- Done invoking toplevel() on ptolemy.moml.MoMLSimpleApplication@be8ac23
reloadAllAccessors: .GradientAdaptiveLattice

===========================================================================================
----------------- testing Thu Sep 05 05:42:39 UTC 2019 /home/travis/build/icyphy/ptII/ptolemy/actor/lib/test/auto/IIR.xml
----------------- Instantiating /home/travis/build/icyphy/ptII/ptolemy/actor/lib/test/auto/IIR.xml
1 ms. Memory: 638976K Free: 371116K (58%)
----------------- Invoking toplevel() on ptolemy.moml.MoMLSimpleApplication@209918bb
----------------- Done invoking toplevel() on ptolemy.moml.MoMLSimpleApplication@209918bb
reloadAllAccessors: .IIR

===========================================================================================
----------------- testing Thu Sep 05 05:42:39 UTC 2019 /home/travis/build/icyphy/ptII/ptolemy/actor/lib/test/auto/InputOutputTransparentPorts.xml
----------------- Instantiating /home/travis/build/icyphy/ptII/ptolemy/actor/lib/test/auto/InputOutputTransparentPorts.xml
2 ms. Memory: 638976K Free: 363434K (57%)
----------------- Invoking toplevel() on ptolemy.moml.MoMLSimpleApplication@46ec8a54
----------------- Done invoking toplevel() on ptolemy.moml.MoMLSimpleApplication@46ec8a54
reloadAllAccessors: .InputOutputTransparentPorts

===========================================================================================
----------------- testing Thu Sep 05 05:42:39 UTC 2019 /home/travis/build/icyphy/ptII/ptolemy/actor/lib/test/auto/Interpolator.xml
----------------- Instantiating /home/travis/build/icyphy/ptII/ptolemy/actor/lib/test/auto/Interpolator.xml
3 ms. Memory: 638976K Free: 359338K (56%)
----------------- Invoking toplevel() on ptolemy.moml.MoMLSimpleApplication@15cf5ef4
----------------- Done invoking toplevel() on ptolemy.moml.MoMLSimpleApplication@15cf5ef4
reloadAllAccessors: .Interpolator

===========================================================================================
----------------- testing Thu Sep 05 05:42:39 UTC 2019 /home/travis/build/icyphy/ptII/ptolemy/actor/lib/test/auto/InterpolatorFiringLimitDE.xml
----------------- Instantiating /home/travis/build/icyphy/ptII/ptolemy/actor/lib/test/auto/InterpolatorFiringLimitDE.xml
2 ms. Memory: 638976K Free: 353194K (55%)
----------------- Invoking toplevel() on ptolemy.moml.MoMLSimpleApplication@4d1117f6
----------------- Done invoking toplevel() on ptolemy.moml.MoMLSimpleApplication@4d1117f6
reloadAllAccessors: .InterpolatorFiringLimitDE

===========================================================================================
----------------- testing Thu Sep 05 05:42:39 UTC 2019 /home/travis/build/icyphy/ptII/ptolemy/actor/lib/test/auto/Lattice.xml
----------------- Instantiating /home/travis/build/icyphy/ptII/ptolemy/actor/lib/test/auto/Lattice.xml
1 ms. Memory: 638976K Free: 349098K (55%)
----------------- Invoking toplevel() on ptolemy.moml.MoMLSimpleApplication@7e3d5dcf
----------------- Done invoking toplevel() on ptolemy.moml.MoMLSimpleApplication@7e3d5dcf
reloadAllAccessors: .Lattice

===========================================================================================
----------------- testing Thu Sep 05 05:42:39 UTC 2019 /home/travis/build/icyphy/ptII/ptolemy/actor/lib/test/auto/LazyAOCTestLazy.xml
----------------- Instantiating /home/travis/build/icyphy/ptII/ptolemy/actor/lib/test/auto/LazyAOCTestLazy.xml
24 ms. Memory: 638976K Free: 342924K (54%)
----------------- Invoking toplevel() on ptolemy.moml.MoMLSimpleApplication@47a7acd4
----------------- Done invoking toplevel() on ptolemy.moml.MoMLSimpleApplication@47a7acd4
reloadAllAccessors: .LazyAOCTestLazy

===========================================================================================
----------------- testing Thu Sep 05 05:42:39 UTC 2019 /home/travis/build/icyphy/ptII/ptolemy/actor/lib/test/auto/LazyAOCTestNonLazy.xml
----------------- Instantiating /home/travis/build/icyphy/ptII/ptolemy/actor/lib/test/auto/LazyAOCTestNonLazy.xml
2 ms. Memory: 638976K Free: 336300K (53%)
----------------- Invoking toplevel() on ptolemy.moml.MoMLSimpleApplication@292875a8
----------------- Done invoking toplevel() on ptolemy.moml.MoMLSimpleApplication@292875a8
reloadAllAccessors: .LazyAOCTestNonLazy

===========================================================================================
----------------- testing Thu Sep 05 05:42:39 UTC 2019 /home/travis/build/icyphy/ptII/ptolemy/actor/lib/test/auto/LazyInnerClass.xml
----------------- Instantiating /home/travis/build/icyphy/ptII/ptolemy/actor/lib/test/auto/LazyInnerClass.xml
20 ms. Memory: 638976K Free: 327594K (51%)
----------------- Invoking toplevel() on ptolemy.moml.MoMLSimpleApplication@2505b27e
----------------- Done invoking toplevel() on ptolemy.moml.MoMLSimpleApplication@2505b27e
reloadAllAccessors: .LazyInnerClass

===========================================================================================
----------------- testing Thu Sep 05 05:42:40 UTC 2019 /home/travis/build/icyphy/ptII/ptolemy/actor/lib/test/auto/LazyPubSub.xml
----------------- Instantiating /home/travis/build/icyphy/ptII/ptolemy/actor/lib/test/auto/LazyPubSub.xml
25 ms. Memory: 638976K Free: 317354K (50%)
----------------- Invoking toplevel() on ptolemy.moml.MoMLSimpleApplication@870acf1
----------------- Done invoking toplevel() on ptolemy.moml.MoMLSimpleApplication@870acf1
reloadAllAccessors: .LazyPubSub

===========================================================================================
----------------- testing Thu Sep 05 05:42:40 UTC 2019 /home/travis/build/icyphy/ptII/ptolemy/actor/lib/test/auto/LazyPubSub2.xml
----------------- Instantiating /home/travis/build/icyphy/ptII/ptolemy/actor/lib/test/auto/LazyPubSub2.xml
20 ms. Memory: 638976K Free: 307628K (48%)
----------------- Invoking toplevel() on ptolemy.moml.MoMLSimpleApplication@6b00b5d3
----------------- Done invoking toplevel() on ptolemy.moml.MoMLSimpleApplication@6b00b5d3
reloadAllAccessors: .LazyPubSub2

===========================================================================================
----------------- testing Thu Sep 05 05:42:40 UTC 2019 /home/travis/build/icyphy/ptII/ptolemy/actor/lib/test/auto/LazyPubSub3.xml
----------------- Instantiating /home/travis/build/icyphy/ptII/ptolemy/actor/lib/test/auto/LazyPubSub3.xml
17 ms. Memory: 638976K Free: 297388K (47%)
----------------- Invoking toplevel() on ptolemy.moml.MoMLSimpleApplication@76d60cce
----------------- Done invoking toplevel() on ptolemy.moml.MoMLSimpleApplication@76d60cce
reloadAllAccessors: .LazyPubSub3

===========================================================================================
----------------- testing Thu Sep 05 05:42:40 UTC 2019 /home/travis/build/icyphy/ptII/ptolemy/actor/lib/test/auto/LazySubClassModel.xml
----------------- Instantiating /home/travis/build/icyphy/ptII/ptolemy/actor/lib/test/auto/LazySubClassModel.xml
2 ms. Memory: 638976K Free: 288172K (45%)
----------------- Invoking toplevel() on ptolemy.moml.MoMLSimpleApplication@1cddaf55
----------------- Done invoking toplevel() on ptolemy.moml.MoMLSimpleApplication@1cddaf55
reloadAllAccessors: .LazySubClassModel

===========================================================================================
----------------- testing Thu Sep 05 05:42:40 UTC 2019 /home/travis/build/icyphy/ptII/ptolemy/actor/lib/test/auto/LevelCrossTest1.xml
----------------- Instantiating /home/travis/build/icyphy/ptII/ptolemy/actor/lib/test/auto/LevelCrossTest1.xml
1 ms. Memory: 638976K Free: 282538K (44%)
----------------- Invoking toplevel() on ptolemy.moml.MoMLSimpleApplication@3f5a1cd7
----------------- Done invoking toplevel() on ptolemy.moml.MoMLSimpleApplication@3f5a1cd7
reloadAllAccessors: .broken

===========================================================================================
----------------- testing Thu Sep 05 05:42:40 UTC 2019 /home/travis/build/icyphy/ptII/ptolemy/actor/lib/test/auto/LevelCrossTest10.xml
----------------- Instantiating /home/travis/build/icyphy/ptII/ptolemy/actor/lib/test/auto/LevelCrossTest10.xml
1 ms. Memory: 638976K Free: 274860K (43%)
----------------- Invoking toplevel() on ptolemy.moml.MoMLSimpleApplication@5f21ee73
----------------- Done invoking toplevel() on ptolemy.moml.MoMLSimpleApplication@5f21ee73
reloadAllAccessors: .LevelCrossTest10

===========================================================================================
----------------- testing Thu Sep 05 05:42:40 UTC 2019 /home/travis/build/icyphy/ptII/ptolemy/actor/lib/test/auto/LevelCrossTest11.xml
----------------- Instantiating /home/travis/build/icyphy/ptII/ptolemy/actor/lib/test/auto/LevelCrossTest11.xml
1 ms. Memory: 638976K Free: 267692K (42%)
----------------- Invoking toplevel() on ptolemy.moml.MoMLSimpleApplication@5305bf4c
----------------- Done invoking toplevel() on ptolemy.moml.MoMLSimpleApplication@5305bf4c
reloadAllAccessors: .LevelCrossTest11

===========================================================================================
----------------- testing Thu Sep 05 05:42:40 UTC 2019 /home/travis/build/icyphy/ptII/ptolemy/actor/lib/test/auto/LevelCrossTest12.xml
----------------- Instantiating /home/travis/build/icyphy/ptII/ptolemy/actor/lib/test/auto/LevelCrossTest12.xml
2 ms. Memory: 638976K Free: 261034K (41%)
----------------- Invoking toplevel() on ptolemy.moml.MoMLSimpleApplication@77853ce8
----------------- Done invoking toplevel() on ptolemy.moml.MoMLSimpleApplication@77853ce8
reloadAllAccessors: .LevelCrossTest12

===========================================================================================
----------------- testing Thu Sep 05 05:42:40 UTC 2019 /home/travis/build/icyphy/ptII/ptolemy/actor/lib/test/auto/LevelCrossTest13.xml
----------------- Instantiating /home/travis/build/icyphy/ptII/ptolemy/actor/lib/test/auto/LevelCrossTest13.xml
2 ms. Memory: 638976K Free: 253356K (40%)
----------------- Invoking toplevel() on ptolemy.moml.MoMLSimpleApplication@6f83dcd3
----------------- Done invoking toplevel() on ptolemy.moml.MoMLSimpleApplication@6f83dcd3
reloadAllAccessors: .LevelCrossTest13

===========================================================================================
----------------- testing Thu Sep 05 05:42:40 UTC 2019 /home/travis/build/icyphy/ptII/ptolemy/actor/lib/test/auto/LevelCrossTest2.xml
----------------- Instantiating /home/travis/build/icyphy/ptII/ptolemy/actor/lib/test/auto/LevelCrossTest2.xml
1 ms. Memory: 638976K Free: 247722K (39%)
----------------- Invoking toplevel() on ptolemy.moml.MoMLSimpleApplication@5199aed8
----------------- Done invoking toplevel() on ptolemy.moml.MoMLSimpleApplication@5199aed8
reloadAllAccessors: .broken

===========================================================================================
----------------- testing Thu Sep 05 05:42:40 UTC 2019 /home/travis/build/icyphy/ptII/ptolemy/actor/lib/test/auto/LevelCrossTest3.xml
----------------- Instantiating /home/travis/build/icyphy/ptII/ptolemy/actor/lib/test/auto/LevelCrossTest3.xml
2 ms. Memory: 638976K Free: 241578K (38%)
----------------- Invoking toplevel() on ptolemy.moml.MoMLSimpleApplication@5ad62d87
----------------- Done invoking toplevel() on ptolemy.moml.MoMLSimpleApplication@5ad62d87
reloadAllAccessors: .LevelCrossTest3

===========================================================================================
----------------- testing Thu Sep 05 05:42:40 UTC 2019 /home/travis/build/icyphy/ptII/ptolemy/actor/lib/test/auto/LevelCrossTest4.xml
----------------- Instantiating /home/travis/build/icyphy/ptII/ptolemy/actor/lib/test/auto/LevelCrossTest4.xml
4 ms. Memory: 638976K Free: 235948K (37%)
----------------- Invoking toplevel() on ptolemy.moml.MoMLSimpleApplication@efa0edc
----------------- Done invoking toplevel() on ptolemy.moml.MoMLSimpleApplication@efa0edc
reloadAllAccessors: .broken

===========================================================================================
----------------- testing Thu Sep 05 05:42:40 UTC 2019 /home/travis/build/icyphy/ptII/ptolemy/actor/lib/test/auto/LevelCrossTest5.xml
----------------- Instantiating /home/travis/build/icyphy/ptII/ptolemy/actor/lib/test/auto/LevelCrossTest5.xml
4 ms. Memory: 638976K Free: 228780K (36%)
----------------- Invoking toplevel() on ptolemy.moml.MoMLSimpleApplication@194d1996
----------------- Done invoking toplevel() on ptolemy.moml.MoMLSimpleApplication@194d1996
reloadAllAccessors: .LevelCrossTest5

===========================================================================================
----------------- testing Thu Sep 05 05:42:40 UTC 2019 /home/travis/build/icyphy/ptII/ptolemy/actor/lib/test/auto/LevelCrossTest6.xml
----------------- Instantiating /home/travis/build/icyphy/ptII/ptolemy/actor/lib/test/auto/LevelCrossTest6.xml
1 ms. Memory: 638976K Free: 222122K (35%)
----------------- Invoking toplevel() on ptolemy.moml.MoMLSimpleApplication@7d85a217
----------------- Done invoking toplevel() on ptolemy.moml.MoMLSimpleApplication@7d85a217
reloadAllAccessors: .LevelCrossTest6

===========================================================================================
----------------- testing Thu Sep 05 05:42:40 UTC 2019 /home/travis/build/icyphy/ptII/ptolemy/actor/lib/test/auto/LevelCrossTest7.xml
----------------- Instantiating /home/travis/build/icyphy/ptII/ptolemy/actor/lib/test/auto/LevelCrossTest7.xml
1 ms. Memory: 638976K Free: 585628K (92%)
----------------- Invoking toplevel() on ptolemy.moml.MoMLSimpleApplication@ca2dc36
----------------- Done invoking toplevel() on ptolemy.moml.MoMLSimpleApplication@ca2dc36
reloadAllAccessors: .LevelCrossTest7

===========================================================================================
----------------- testing Thu Sep 05 05:42:40 UTC 2019 /home/travis/build/icyphy/ptII/ptolemy/actor/lib/test/auto/LevelCrossTest8.xml
----------------- Instantiating /home/travis/build/icyphy/ptII/ptolemy/actor/lib/test/auto/LevelCrossTest8.xml
4 ms. Memory: 638976K Free: 578988K (91%)
----------------- Invoking toplevel() on ptolemy.moml.MoMLSimpleApplication@7bcb9d82
----------------- Done invoking toplevel() on ptolemy.moml.MoMLSimpleApplication@7bcb9d82
reloadAllAccessors: .LevelCrossTest8

===========================================================================================
----------------- testing Thu Sep 05 05:42:40 UTC 2019 /home/travis/build/icyphy/ptII/ptolemy/actor/lib/test/auto/LevelCrossTest9.xml
----------------- Instantiating /home/travis/build/icyphy/ptII/ptolemy/actor/lib/test/auto/LevelCrossTest9.xml
2 ms. Memory: 638976K Free: 571306K (89%)
----------------- Invoking toplevel() on ptolemy.moml.MoMLSimpleApplication@6f3e8e57
----------------- Done invoking toplevel() on ptolemy.moml.MoMLSimpleApplication@6f3e8e57
reloadAllAccessors: .LevelCrossTest9

===========================================================================================
----------------- testing Thu Sep 05 05:42:40 UTC 2019 /home/travis/build/icyphy/ptII/ptolemy/actor/lib/test/auto/LevinsonDurbin.xml
----------------- Instantiating /home/travis/build/icyphy/ptII/ptolemy/actor/lib/test/auto/LevinsonDurbin.xml
1 ms. Memory: 638976K Free: 567210K (89%)
----------------- Invoking toplevel() on ptolemy.moml.MoMLSimpleApplication@2e3f146a
----------------- Done invoking toplevel() on ptolemy.moml.MoMLSimpleApplication@2e3f146a
reloadAllAccessors: .LevinsonDurbin

===========================================================================================
----------------- testing Thu Sep 05 05:42:40 UTC 2019 /home/travis/build/icyphy/ptII/ptolemy/actor/lib/test/auto/LevinsonDurbin2.xml
----------------- Instantiating /home/travis/build/icyphy/ptII/ptolemy/actor/lib/test/auto/LevinsonDurbin2.xml
2 ms. Memory: 638976K Free: 563114K (88%)
----------------- Invoking toplevel() on ptolemy.moml.MoMLSimpleApplication@49c49029
----------------- Done invoking toplevel() on ptolemy.moml.MoMLSimpleApplication@49c49029
reloadAllAccessors: .LevinsonDurbin2

===========================================================================================
----------------- testing Thu Sep 05 05:42:40 UTC 2019 /home/travis/build/icyphy/ptII/ptolemy/actor/lib/test/auto/LevinsonDurbin3.xml
----------------- Instantiating /home/travis/build/icyphy/ptII/ptolemy/actor/lib/test/auto/LevinsonDurbin3.xml
3 ms. Memory: 638976K Free: 559018K (87%)
----------------- Invoking toplevel() on ptolemy.moml.MoMLSimpleApplication@f88d0eb
----------------- Done invoking toplevel() on ptolemy.moml.MoMLSimpleApplication@f88d0eb
reloadAllAccessors: .LevinsonDurbin3

===========================================================================================
----------------- testing Thu Sep 05 05:42:40 UTC 2019 /home/travis/build/icyphy/ptII/ptolemy/actor/lib/test/auto/Limiter.xml
----------------- Instantiating /home/travis/build/icyphy/ptII/ptolemy/actor/lib/test/auto/Limiter.xml
5 ms. Memory: 638976K Free: 549802K (86%)
----------------- Invoking toplevel() on ptolemy.moml.MoMLSimpleApplication@4f7688b9
----------------- Done invoking toplevel() on ptolemy.moml.MoMLSimpleApplication@4f7688b9
reloadAllAccessors: .Limiter

===========================================================================================
----------------- testing Thu Sep 05 05:42:40 UTC 2019 /home/travis/build/icyphy/ptII/ptolemy/actor/lib/test/auto/LinearDifferenceEquationSystem.xml
----------------- Instantiating /home/travis/build/icyphy/ptII/ptolemy/actor/lib/test/auto/LinearDifferenceEquationSystem.xml
4 ms. Memory: 638976K Free: 542124K (85%)
----------------- Invoking toplevel() on ptolemy.moml.MoMLSimpleApplication@1bcff2b0
----------------- Done invoking toplevel() on ptolemy.moml.MoMLSimpleApplication@1bcff2b0
reloadAllAccessors: .LinearDifferenceEquationSystem

===========================================================================================
----------------- testing Thu Sep 05 05:42:40 UTC 2019 /home/travis/build/icyphy/ptII/ptolemy/actor/lib/test/auto/LookupTable.xml
----------------- Instantiating /home/travis/build/icyphy/ptII/ptolemy/actor/lib/test/auto/LookupTable.xml
2 ms. Memory: 638976K Free: 537514K (84%)
----------------- Invoking toplevel() on ptolemy.moml.MoMLSimpleApplication@5c4ac0ce
----------------- Done invoking toplevel() on ptolemy.moml.MoMLSimpleApplication@5c4ac0ce
reloadAllAccessors: .LookupTable

===========================================================================================
----------------- testing Thu Sep 05 05:42:40 UTC 2019 /home/travis/build/icyphy/ptII/ptolemy/actor/lib/test/auto/MathFunction.xml
----------------- Instantiating /home/travis/build/icyphy/ptII/ptolemy/actor/lib/test/auto/MathFunction.xml
2 ms. Memory: 638976K Free: 529322K (83%)
----------------- Invoking toplevel() on ptolemy.moml.MoMLSimpleApplication@4dea7b0d
----------------- Done invoking toplevel() on ptolemy.moml.MoMLSimpleApplication@4dea7b0d
reloadAllAccessors: .MathFunction

===========================================================================================
----------------- testing Thu Sep 05 05:42:40 UTC 2019 /home/travis/build/icyphy/ptII/ptolemy/actor/lib/test/auto/MathFunction2.xml
----------------- Instantiating /home/travis/build/icyphy/ptII/ptolemy/actor/lib/test/auto/MathFunction2.xml
4 ms. Memory: 638976K Free: 525226K (82%)
----------------- Invoking toplevel() on ptolemy.moml.MoMLSimpleApplication@3110a857
----------------- Done invoking toplevel() on ptolemy.moml.MoMLSimpleApplication@3110a857
reloadAllAccessors: .MathFunction2

===========================================================================================
----------------- testing Thu Sep 05 05:42:40 UTC 2019 /home/travis/build/icyphy/ptII/ptolemy/actor/lib/test/auto/MathFunction3.xml
----------------- Instantiating /home/travis/build/icyphy/ptII/ptolemy/actor/lib/test/auto/MathFunction3.xml
2 ms. Memory: 638976K Free: 518058K (81%)
----------------- Invoking toplevel() on ptolemy.moml.MoMLSimpleApplication@3e676f89
----------------- Done invoking toplevel() on ptolemy.moml.MoMLSimpleApplication@3e676f89
reloadAllAccessors: .MathFunction3

===========================================================================================
----------------- testing Thu Sep 05 05:42:40 UTC 2019 /home/travis/build/icyphy/ptII/ptolemy/actor/lib/test/auto/MatrixCropBoolean.xml
----------------- Instantiating /home/travis/build/icyphy/ptII/ptolemy/actor/lib/test/auto/MatrixCropBoolean.xml
2 ms. Memory: 638976K Free: 512908K (80%)
----------------- Invoking toplevel() on ptolemy.moml.MoMLSimpleApplication@6423eb45
----------------- Done invoking toplevel() on ptolemy.moml.MoMLSimpleApplication@6423eb45
reloadAllAccessors: .MatrixCropBoolean

===========================================================================================
----------------- testing Thu Sep 05 05:42:40 UTC 2019 /home/travis/build/icyphy/ptII/ptolemy/actor/lib/test/auto/MatrixCropComplex.xml
----------------- Instantiating /home/travis/build/icyphy/ptII/ptolemy/actor/lib/test/auto/MatrixCropComplex.xml
4 ms. Memory: 638976K Free: 507788K (79%)
----------------- Invoking toplevel() on ptolemy.moml.MoMLSimpleApplication@2e1db2a3
----------------- Done invoking toplevel() on ptolemy.moml.MoMLSimpleApplication@2e1db2a3
reloadAllAccessors: .MatrixCropComplex

===========================================================================================
----------------- testing Thu Sep 05 05:42:40 UTC 2019 /home/travis/build/icyphy/ptII/ptolemy/actor/lib/test/auto/MatrixCropDouble.xml
----------------- Instantiating /home/travis/build/icyphy/ptII/ptolemy/actor/lib/test/auto/MatrixCropDouble.xml
3 ms. Memory: 638976K Free: 502668K (79%)
----------------- Invoking toplevel() on ptolemy.moml.MoMLSimpleApplication@75ac5ef4
----------------- Done invoking toplevel() on ptolemy.moml.MoMLSimpleApplication@75ac5ef4
reloadAllAccessors: .MatrixCropDouble

===========================================================================================
----------------- testing Thu Sep 05 05:42:40 UTC 2019 /home/travis/build/icyphy/ptII/ptolemy/actor/lib/test/auto/MatrixCropFix.xml
----------------- Instantiating /home/travis/build/icyphy/ptII/ptolemy/actor/lib/test/auto/MatrixCropFix.xml
2 ms. Memory: 638976K Free: 497572K (78%)
----------------- Invoking toplevel() on ptolemy.moml.MoMLSimpleApplication@8d69c66
----------------- Done invoking toplevel() on ptolemy.moml.MoMLSimpleApplication@8d69c66
reloadAllAccessors: .MatrixCropFix

===========================================================================================
----------------- testing Thu Sep 05 05:42:40 UTC 2019 /home/travis/build/icyphy/ptII/ptolemy/actor/lib/test/auto/MatrixCropInt.xml
----------------- Instantiating /home/travis/build/icyphy/ptII/ptolemy/actor/lib/test/auto/MatrixCropInt.xml
2 ms. Memory: 638976K Free: 492428K (77%)
----------------- Invoking toplevel() on ptolemy.moml.MoMLSimpleApplication@7708d5bd
----------------- Done invoking toplevel() on ptolemy.moml.MoMLSimpleApplication@7708d5bd
reloadAllAccessors: .MatrixCropInt

===========================================================================================
----------------- testing Thu Sep 05 05:42:40 UTC 2019 /home/travis/build/icyphy/ptII/ptolemy/actor/lib/test/auto/MatrixCropLong.xml
----------------- Instantiating /home/travis/build/icyphy/ptII/ptolemy/actor/lib/test/auto/MatrixCropLong.xml
3 ms. Memory: 638976K Free: 487852K (76%)
----------------- Invoking toplevel() on ptolemy.moml.MoMLSimpleApplication@56b55c68
----------------- Done invoking toplevel() on ptolemy.moml.MoMLSimpleApplication@56b55c68
reloadAllAccessors: .MatrixCropLong

===========================================================================================
----------------- testing Thu Sep 05 05:42:40 UTC 2019 /home/travis/build/icyphy/ptII/ptolemy/actor/lib/test/auto/MatrixToArray.xml
----------------- Instantiating /home/travis/build/icyphy/ptII/ptolemy/actor/lib/test/auto/MatrixToArray.xml
8 ms. Memory: 638976K Free: 473002K (74%)
----------------- Invoking toplevel() on ptolemy.moml.MoMLSimpleApplication@399056c
----------------- Done invoking toplevel() on ptolemy.moml.MoMLSimpleApplication@399056c
reloadAllAccessors: .MatrixToArray

===========================================================================================
----------------- testing Thu Sep 05 05:42:40 UTC 2019 /home/travis/build/icyphy/ptII/ptolemy/actor/lib/test/auto/MaxIndex.xml
----------------- Instantiating /home/travis/build/icyphy/ptII/ptolemy/actor/lib/test/auto/MaxIndex.xml
2 ms. Memory: 638976K Free: 467882K (73%)
----------------- Invoking toplevel() on ptolemy.moml.MoMLSimpleApplication@3a0a5b60
----------------- Done invoking toplevel() on ptolemy.moml.MoMLSimpleApplication@3a0a5b60
reloadAllAccessors: .MaxIndex

===========================================================================================
----------------- testing Thu Sep 05 05:42:40 UTC 2019 /home/travis/build/icyphy/ptII/ptolemy/actor/lib/test/auto/Maximum.xml
----------------- Instantiating /home/travis/build/icyphy/ptII/ptolemy/actor/lib/test/auto/Maximum.xml
8 ms. Memory: 638976K Free: 461228K (72%)
----------------- Invoking toplevel() on ptolemy.moml.MoMLSimpleApplication@3bd2e6e4
----------------- Done invoking toplevel() on ptolemy.moml.MoMLSimpleApplication@3bd2e6e4
reloadAllAccessors: .Maximum

===========================================================================================
----------------- testing Thu Sep 05 05:42:40 UTC 2019 /home/travis/build/icyphy/ptII/ptolemy/actor/lib/test/auto/MaximumComplex.xml
----------------- Instantiating /home/travis/build/icyphy/ptII/ptolemy/actor/lib/test/auto/MaximumComplex.xml
4 ms. Memory: 638976K Free: 455084K (71%)
----------------- Invoking toplevel() on ptolemy.moml.MoMLSimpleApplication@76015db0
----------------- Done invoking toplevel() on ptolemy.moml.MoMLSimpleApplication@76015db0
reloadAllAccessors: .MaximumComplex

===========================================================================================
----------------- testing Thu Sep 05 05:42:40 UTC 2019 /home/travis/build/icyphy/ptII/ptolemy/actor/lib/test/auto/MethodCallTest.xml
----------------- Instantiating /home/travis/build/icyphy/ptII/ptolemy/actor/lib/test/auto/MethodCallTest.xml
3 ms. Memory: 638976K Free: 448426K (70%)
----------------- Invoking toplevel() on ptolemy.moml.MoMLSimpleApplication@61093d47
----------------- Done invoking toplevel() on ptolemy.moml.MoMLSimpleApplication@61093d47
reloadAllAccessors: .MethodCallTest

===========================================================================================
----------------- testing Thu Sep 05 05:42:40 UTC 2019 /home/travis/build/icyphy/ptII/ptolemy/actor/lib/test/auto/Minimum.xml
----------------- Instantiating /home/travis/build/icyphy/ptII/ptolemy/actor/lib/test/auto/Minimum.xml
2 ms. Memory: 638976K Free: 441772K (69%)
----------------- Invoking toplevel() on ptolemy.moml.MoMLSimpleApplication@38fe001c
----------------- Done invoking toplevel() on ptolemy.moml.MoMLSimpleApplication@38fe001c
reloadAllAccessors: .Minimum

===========================================================================================
----------------- testing Thu Sep 05 05:42:40 UTC 2019 /home/travis/build/icyphy/ptII/ptolemy/actor/lib/test/auto/MinimumComplex.xml
----------------- Instantiating /home/travis/build/icyphy/ptII/ptolemy/actor/lib/test/auto/MinimumComplex.xml
4 ms. Memory: 638976K Free: 435628K (68%)
----------------- Invoking toplevel() on ptolemy.moml.MoMLSimpleApplication@3914956e
----------------- Done invoking toplevel() on ptolemy.moml.MoMLSimpleApplication@3914956e
reloadAllAccessors: .MinimumComplex

===========================================================================================
----------------- testing Thu Sep 05 05:42:41 UTC 2019 /home/travis/build/icyphy/ptII/ptolemy/actor/lib/test/auto/MinimumMultiports.xml
----------------- Instantiating /home/travis/build/icyphy/ptII/ptolemy/actor/lib/test/auto/MinimumMultiports.xml
3 ms. Memory: 638976K Free: 426892K (67%)
----------------- Invoking toplevel() on ptolemy.moml.MoMLSimpleApplication@6ccf099c
----------------- Done invoking toplevel() on ptolemy.moml.MoMLSimpleApplication@6ccf099c
reloadAllAccessors: .MinimumMultiports

===========================================================================================
----------------- testing Thu Sep 05 05:42:41 UTC 2019 /home/travis/build/icyphy/ptII/ptolemy/actor/lib/test/auto/ModifyDate.xml
----------------- Instantiating /home/travis/build/icyphy/ptII/ptolemy/actor/lib/test/auto/ModifyDate.xml
10 ms. Memory: 638976K Free: 414124K (65%)
----------------- Invoking toplevel() on ptolemy.moml.MoMLSimpleApplication@1e972401
----------------- Done invoking toplevel() on ptolemy.moml.MoMLSimpleApplication@1e972401
reloadAllAccessors: .ModifyDate

===========================================================================================
----------------- testing Thu Sep 05 05:42:41 UTC 2019 /home/travis/build/icyphy/ptII/ptolemy/actor/lib/test/auto/ModifyDate2.xml
----------------- Instantiating /home/travis/build/icyphy/ptII/ptolemy/actor/lib/test/auto/ModifyDate2.xml
3 ms. Memory: 638976K Free: 405418K (63%)
----------------- Invoking toplevel() on ptolemy.moml.MoMLSimpleApplication@bcfb505
----------------- Done invoking toplevel() on ptolemy.moml.MoMLSimpleApplication@bcfb505
reloadAllAccessors: .ModifyDate2

===========================================================================================
----------------- testing Thu Sep 05 05:42:41 UTC 2019 /home/travis/build/icyphy/ptII/ptolemy/actor/lib/test/auto/MovingAverage.xml
----------------- Instantiating /home/travis/build/icyphy/ptII/ptolemy/actor/lib/test/auto/MovingAverage.xml
2 ms. Memory: 638976K Free: 400298K (63%)
----------------- Invoking toplevel() on ptolemy.moml.MoMLSimpleApplication@799f8ae3
----------------- Done invoking toplevel() on ptolemy.moml.MoMLSimpleApplication@799f8ae3
reloadAllAccessors: .MovingAverage

===========================================================================================
----------------- testing Thu Sep 05 05:42:41 UTC 2019 /home/travis/build/icyphy/ptII/ptolemy/actor/lib/test/auto/MovingMaximum.xml
----------------- Instantiating /home/travis/build/icyphy/ptII/ptolemy/actor/lib/test/auto/MovingMaximum.xml
2 ms. Memory: 638976K Free: 395692K (62%)
----------------- Invoking toplevel() on ptolemy.moml.MoMLSimpleApplication@3e428e31
----------------- Done invoking toplevel() on ptolemy.moml.MoMLSimpleApplication@3e428e31
reloadAllAccessors: .MovingMaximum

===========================================================================================
----------------- testing Thu Sep 05 05:42:41 UTC 2019 /home/travis/build/icyphy/ptII/ptolemy/actor/lib/test/auto/MultipleLinksToSameRelation.xml
----------------- Instantiating /home/travis/build/icyphy/ptII/ptolemy/actor/lib/test/auto/MultipleLinksToSameRelation.xml
2 ms. Memory: 638976K Free: 391596K (61%)
----------------- Invoking toplevel() on ptolemy.moml.MoMLSimpleApplication@49e55d29
----------------- Done invoking toplevel() on ptolemy.moml.MoMLSimpleApplication@49e55d29
reloadAllAccessors: .MultipleLinksToSameRelation

===========================================================================================
----------------- testing Thu Sep 05 05:42:41 UTC 2019 /home/travis/build/icyphy/ptII/ptolemy/actor/lib/test/auto/MultipleLinksToSameRelationDE.xml
----------------- Instantiating /home/travis/build/icyphy/ptII/ptolemy/actor/lib/test/auto/MultipleLinksToSameRelationDE.xml
2 ms. Memory: 638976K Free: 386972K (61%)
----------------- Invoking toplevel() on ptolemy.moml.MoMLSimpleApplication@54b963e1
----------------- Done invoking toplevel() on ptolemy.moml.MoMLSimpleApplication@54b963e1
reloadAllAccessors: .MultipleLinksToSameRelationDE

===========================================================================================
----------------- testing Thu Sep 05 05:42:41 UTC 2019 /home/travis/build/icyphy/ptII/ptolemy/actor/lib/test/auto/Multiplexor.xml
----------------- Instantiating /home/travis/build/icyphy/ptII/ptolemy/actor/lib/test/auto/Multiplexor.xml
9 ms. Memory: 638976K Free: 381356K (60%)
----------------- Invoking toplevel() on ptolemy.moml.MoMLSimpleApplication@76bca19
----------------- Done invoking toplevel() on ptolemy.moml.MoMLSimpleApplication@76bca19
reloadAllAccessors: .Multiplexor

===========================================================================================
----------------- testing Thu Sep 05 05:42:41 UTC 2019 /home/travis/build/icyphy/ptII/ptolemy/actor/lib/test/auto/Multiplexor1.xml
----------------- Instantiating /home/travis/build/icyphy/ptII/ptolemy/actor/lib/test/auto/Multiplexor1.xml
2 ms. Memory: 638976K Free: 375716K (59%)
----------------- Invoking toplevel() on ptolemy.moml.MoMLSimpleApplication@7603dc1
----------------- Done invoking toplevel() on ptolemy.moml.MoMLSimpleApplication@7603dc1
reloadAllAccessors: .Multiplexor1

===========================================================================================
----------------- testing Thu Sep 05 05:42:41 UTC 2019 /home/travis/build/icyphy/ptII/ptolemy/actor/lib/test/auto/Multiplexor2.xml
----------------- Instantiating /home/travis/build/icyphy/ptII/ptolemy/actor/lib/test/auto/Multiplexor2.xml
4 ms. Memory: 638976K Free: 369068K (58%)
----------------- Invoking toplevel() on ptolemy.moml.MoMLSimpleApplication@2d09017f
----------------- Done invoking toplevel() on ptolemy.moml.MoMLSimpleApplication@2d09017f
reloadAllAccessors: .Multiplexor2

===========================================================================================
----------------- testing Thu Sep 05 05:42:41 UTC 2019 /home/travis/build/icyphy/ptII/ptolemy/actor/lib/test/auto/Multiplexor3.xml
----------------- Instantiating /home/travis/build/icyphy/ptII/ptolemy/actor/lib/test/auto/Multiplexor3.xml
2 ms. Memory: 638976K Free: 364972K (57%)
----------------- Invoking toplevel() on ptolemy.moml.MoMLSimpleApplication@6292907e
----------------- Done invoking toplevel() on ptolemy.moml.MoMLSimpleApplication@6292907e
reloadAllAccessors: .Multiplexor3

===========================================================================================
----------------- testing Thu Sep 05 05:42:41 UTC 2019 /home/travis/build/icyphy/ptII/ptolemy/actor/lib/test/auto/MultiplexorDE.xml
----------------- Instantiating /home/travis/build/icyphy/ptII/ptolemy/actor/lib/test/auto/MultiplexorDE.xml
2 ms. Memory: 638976K Free: 357260K (56%)
----------------- Invoking toplevel() on ptolemy.moml.MoMLSimpleApplication@77d7a623
----------------- Done invoking toplevel() on ptolemy.moml.MoMLSimpleApplication@77d7a623
reloadAllAccessors: .MultiplexorDE

===========================================================================================
----------------- testing Thu Sep 05 05:42:41 UTC 2019 /home/travis/build/icyphy/ptII/ptolemy/actor/lib/test/auto/MultiportBroadcastTest.xml
----------------- Instantiating /home/travis/build/icyphy/ptII/ptolemy/actor/lib/test/auto/MultiportBroadcastTest.xml
96 ms. Memory: 638976K Free: 350636K (55%)
----------------- Invoking toplevel() on ptolemy.moml.MoMLSimpleApplication@5c841889
----------------- Done invoking toplevel() on ptolemy.moml.MoMLSimpleApplication@5c841889
reloadAllAccessors: .MultiportBroadcastTest

===========================================================================================
----------------- testing Thu Sep 05 05:42:41 UTC 2019 /home/travis/build/icyphy/ptII/ptolemy/actor/lib/test/auto/MultiportOutHangDuringGetWidth.xml
----------------- Instantiating /home/travis/build/icyphy/ptII/ptolemy/actor/lib/test/auto/MultiportOutHangDuringGetWidth.xml
6 ms. Memory: 638976K Free: 338844K (53%)
----------------- Invoking toplevel() on ptolemy.moml.MoMLSimpleApplication@7d90bb07
----------------- Done invoking toplevel() on ptolemy.moml.MoMLSimpleApplication@7d90bb07
reloadAllAccessors: .MultiportOutHangDuringGetWidth

===========================================================================================
----------------- testing Thu Sep 05 05:42:41 UTC 2019 /home/travis/build/icyphy/ptII/ptolemy/actor/lib/test/auto/NilToken.xml
----------------- Instantiating /home/travis/build/icyphy/ptII/ptolemy/actor/lib/test/auto/NilToken.xml
1 ms. Memory: 638976K Free: 334762K (52%)
----------------- Invoking toplevel() on ptolemy.moml.MoMLSimpleApplication@6f2dba8
----------------- Done invoking toplevel() on ptolemy.moml.MoMLSimpleApplication@6f2dba8
reloadAllAccessors: .NilToken

===========================================================================================
----------------- testing Thu Sep 05 05:42:41 UTC 2019 /home/travis/build/icyphy/ptII/ptolemy/actor/lib/test/auto/NilTokenNonStrictTest.xml
----------------- Instantiating /home/travis/build/icyphy/ptII/ptolemy/actor/lib/test/auto/NilTokenNonStrictTest.xml
2 ms. Memory: 638976K Free: 330156K (52%)
----------------- Invoking toplevel() on ptolemy.moml.MoMLSimpleApplication@6604e02f
----------------- Done invoking toplevel() on ptolemy.moml.MoMLSimpleApplication@6604e02f
reloadAllAccessors: .NilTokenNonStrictTest

===========================================================================================
----------------- testing Thu Sep 05 05:42:41 UTC 2019 /home/travis/build/icyphy/ptII/ptolemy/actor/lib/test/auto/NilTokenRecord.xml
----------------- Instantiating /home/travis/build/icyphy/ptII/ptolemy/actor/lib/test/auto/NilTokenRecord.xml
13 ms. Memory: 638976K Free: 323498K (51%)
----------------- Invoking toplevel() on ptolemy.moml.MoMLSimpleApplication@2b38bd26
----------------- Done invoking toplevel() on ptolemy.moml.MoMLSimpleApplication@2b38bd26
reloadAllAccessors: .NilTokenRecord

===========================================================================================
----------------- testing Thu Sep 05 05:42:41 UTC 2019 /home/travis/build/icyphy/ptII/ptolemy/actor/lib/test/auto/NilTokenTypeTest.xml
----------------- Instantiating /home/travis/build/icyphy/ptII/ptolemy/actor/lib/test/auto/NilTokenTypeTest.xml
6 ms. Memory: 638976K Free: 313772K (49%)
----------------- Invoking toplevel() on ptolemy.moml.MoMLSimpleApplication@5c1a3952
----------------- Done invoking toplevel() on ptolemy.moml.MoMLSimpleApplication@5c1a3952
reloadAllAccessors: .NilTokenTypeTest

===========================================================================================
----------------- testing Thu Sep 05 05:42:41 UTC 2019 /home/travis/build/icyphy/ptII/ptolemy/actor/lib/test/auto/ObjectToken1.xml
----------------- Instantiating /home/travis/build/icyphy/ptII/ptolemy/actor/lib/test/auto/ObjectToken1.xml
3 ms. Memory: 638976K Free: 309676K (48%)
----------------- Invoking toplevel() on ptolemy.moml.MoMLSimpleApplication@7a1a82a2
----------------- Done invoking toplevel() on ptolemy.moml.MoMLSimpleApplication@7a1a82a2
reloadAllAccessors: .ObjectToken1

===========================================================================================
----------------- testing Thu Sep 05 05:42:41 UTC 2019 /home/travis/build/icyphy/ptII/ptolemy/actor/lib/test/auto/OrderedMerge.xml
----------------- Instantiating /home/travis/build/icyphy/ptII/ptolemy/actor/lib/test/auto/OrderedMerge.xml
11 ms. Memory: 638976K Free: 304042K (48%)
----------------- Invoking toplevel() on ptolemy.moml.MoMLSimpleApplication@4361615c
----------------- Done invoking toplevel() on ptolemy.moml.MoMLSimpleApplication@4361615c
reloadAllAccessors: .OrderedMerge

===========================================================================================
----------------- testing Thu Sep 05 05:42:41 UTC 2019 /home/travis/build/icyphy/ptII/ptolemy/actor/lib/test/auto/OrderedRecordDisassembler.xml
----------------- Instantiating /home/travis/build/icyphy/ptII/ptolemy/actor/lib/test/auto/OrderedRecordDisassembler.xml
3 ms. Memory: 638976K Free: 298916K (47%)
----------------- Invoking toplevel() on ptolemy.moml.MoMLSimpleApplication@24f513b3
----------------- Done invoking toplevel() on ptolemy.moml.MoMLSimpleApplication@24f513b3
reloadAllAccessors: .OrderedRecordDisassembler

===========================================================================================
----------------- testing Thu Sep 05 05:42:41 UTC 2019 /home/travis/build/icyphy/ptII/ptolemy/actor/lib/test/auto/OrderedRecordDisassembler2.xml
----------------- Instantiating /home/travis/build/icyphy/ptII/ptolemy/actor/lib/test/auto/OrderedRecordDisassembler2.xml
8 ms. Memory: 638976K Free: 291244K (46%)
----------------- Invoking toplevel() on ptolemy.moml.MoMLSimpleApplication@db7e729
----------------- Done invoking toplevel() on ptolemy.moml.MoMLSimpleApplication@db7e729
reloadAllAccessors: .OrderedRecordDisassembler2

===========================================================================================
----------------- testing Thu Sep 05 05:42:41 UTC 2019 /home/travis/build/icyphy/ptII/ptolemy/actor/lib/test/auto/OrderedRecordUpdater.xml
----------------- Instantiating /home/travis/build/icyphy/ptII/ptolemy/actor/lib/test/auto/OrderedRecordUpdater.xml
1 ms. Memory: 638976K Free: 286124K (45%)
----------------- Invoking toplevel() on ptolemy.moml.MoMLSimpleApplication@318424a4
----------------- Done invoking toplevel() on ptolemy.moml.MoMLSimpleApplication@318424a4
reloadAllAccessors: .RecordUpdater

===========================================================================================
----------------- testing Thu Sep 05 05:42:41 UTC 2019 /home/travis/build/icyphy/ptII/ptolemy/actor/lib/test/auto/OrderedRecordUpdater2.xml
----------------- Instantiating /home/travis/build/icyphy/ptII/ptolemy/actor/lib/test/auto/OrderedRecordUpdater2.xml
3 ms. Memory: 638976K Free: 281514K (44%)
----------------- Invoking toplevel() on ptolemy.moml.MoMLSimpleApplication@2ac96d56
----------------- Done invoking toplevel() on ptolemy.moml.MoMLSimpleApplication@2ac96d56
reloadAllAccessors: .RecordUpdater2

===========================================================================================
----------------- testing Thu Sep 05 05:42:41 UTC 2019 /home/travis/build/icyphy/ptII/ptolemy/actor/lib/test/auto/PhaseUnwrap.xml
----------------- Instantiating /home/travis/build/icyphy/ptII/ptolemy/actor/lib/test/auto/PhaseUnwrap.xml
2 ms. Memory: 638976K Free: 276908K (43%)
----------------- Invoking toplevel() on ptolemy.moml.MoMLSimpleApplication@611296ba
----------------- Done invoking toplevel() on ptolemy.moml.MoMLSimpleApplication@611296ba
reloadAllAccessors: .PhaseUnwrap

===========================================================================================
----------------- testing Thu Sep 05 05:42:41 UTC 2019 /home/travis/build/icyphy/ptII/ptolemy/actor/lib/test/auto/PoissonClock.xml
----------------- Instantiating /home/travis/build/icyphy/ptII/ptolemy/actor/lib/test/auto/PoissonClock.xml
3 ms. Memory: 638976K Free: 272812K (43%)
----------------- Invoking toplevel() on ptolemy.moml.MoMLSimpleApplication@81554c7
----------------- Done invoking toplevel() on ptolemy.moml.MoMLSimpleApplication@81554c7
reloadAllAccessors: .PoissonClock

===========================================================================================
----------------- testing Thu Sep 05 05:42:41 UTC 2019 /home/travis/build/icyphy/ptII/ptolemy/actor/lib/test/auto/PoissonClock2.xml
----------------- Instantiating /home/travis/build/icyphy/ptII/ptolemy/actor/lib/test/auto/PoissonClock2.xml
2 ms. Memory: 638976K Free: 268202K (42%)
----------------- Invoking toplevel() on ptolemy.moml.MoMLSimpleApplication@8634b6b
----------------- Done invoking toplevel() on ptolemy.moml.MoMLSimpleApplication@8634b6b
reloadAllAccessors: .PoissonClock2

===========================================================================================
----------------- testing Thu Sep 05 05:42:41 UTC 2019 /home/travis/build/icyphy/ptII/ptolemy/actor/lib/test/auto/PoissonClock3.xml
----------------- Instantiating /home/travis/build/icyphy/ptII/ptolemy/actor/lib/test/auto/PoissonClock3.xml
1 ms. Memory: 638976K Free: 263082K (41%)
----------------- Invoking toplevel() on ptolemy.moml.MoMLSimpleApplication@3f67380d
----------------- Done invoking toplevel() on ptolemy.moml.MoMLSimpleApplication@3f67380d
reloadAllAccessors: .PoissonClock3

===========================================================================================
----------------- testing Thu Sep 05 05:42:41 UTC 2019 /home/travis/build/icyphy/ptII/ptolemy/actor/lib/test/auto/PubSubWithInitialTokens.xml
----------------- Instantiating /home/travis/build/icyphy/ptII/ptolemy/actor/lib/test/auto/PubSubWithInitialTokens.xml
3 ms. Memory: 638976K Free: 257452K (40%)
----------------- Invoking toplevel() on ptolemy.moml.MoMLSimpleApplication@785c28e3
----------------- Done invoking toplevel() on ptolemy.moml.MoMLSimpleApplication@785c28e3
reloadAllAccessors: .PubSubWithInitialTokens

===========================================================================================
----------------- testing Thu Sep 05 05:42:41 UTC 2019 /home/travis/build/icyphy/ptII/ptolemy/actor/lib/test/auto/PubSubWithInitialTokens2.xml
----------------- Instantiating /home/travis/build/icyphy/ptII/ptolemy/actor/lib/test/auto/PubSubWithInitialTokens2.xml
5 ms. Memory: 638976K Free: 251308K (39%)
----------------- Invoking toplevel() on ptolemy.moml.MoMLSimpleApplication@73a5e6fd
----------------- Done invoking toplevel() on ptolemy.moml.MoMLSimpleApplication@73a5e6fd
reloadAllAccessors: .PubSubWithInitialTokens2

===========================================================================================
----------------- testing Thu Sep 05 05:42:41 UTC 2019 /home/travis/build/icyphy/ptII/ptolemy/actor/lib/test/auto/PublisherClassNoParameter.xml
----------------- Instantiating /home/travis/build/icyphy/ptII/ptolemy/actor/lib/test/auto/PublisherClassNoParameter.xml
3 ms. Memory: 638976K Free: 241578K (38%)
----------------- Invoking toplevel() on ptolemy.moml.MoMLSimpleApplication@78e0551c
----------------- Done invoking toplevel() on ptolemy.moml.MoMLSimpleApplication@78e0551c
reloadAllAccessors: .PublisherClassNoParameter

===========================================================================================
----------------- testing Thu Sep 05 05:42:41 UTC 2019 /home/travis/build/icyphy/ptII/ptolemy/actor/lib/test/auto/PublisherClassParameter.xml
----------------- Instantiating /home/travis/build/icyphy/ptII/ptolemy/actor/lib/test/auto/PublisherClassParameter.xml
2 ms. Memory: 638976K Free: 231324K (36%)
----------------- Invoking toplevel() on ptolemy.moml.MoMLSimpleApplication@1e28c413
----------------- Done invoking toplevel() on ptolemy.moml.MoMLSimpleApplication@1e28c413
reloadAllAccessors: .PublisherClassParameter

===========================================================================================
----------------- testing Thu Sep 05 05:42:41 UTC 2019 /home/travis/build/icyphy/ptII/ptolemy/actor/lib/test/auto/PublisherNonStrictTest.xml
----------------- Instantiating /home/travis/build/icyphy/ptII/ptolemy/actor/lib/test/auto/PublisherNonStrictTest.xml
3 ms. Memory: 638976K Free: 223660K (35%)
----------------- Invoking toplevel() on ptolemy.moml.MoMLSimpleApplication@5254b714
----------------- Done invoking toplevel() on ptolemy.moml.MoMLSimpleApplication@5254b714
reloadAllAccessors: .PublisherNonStrictTest

===========================================================================================
----------------- testing Thu Sep 05 05:42:41 UTC 2019 /home/travis/build/icyphy/ptII/ptolemy/actor/lib/test/auto/PublisherPort1.xml
----------------- Instantiating /home/travis/build/icyphy/ptII/ptolemy/actor/lib/test/auto/PublisherPort1.xml
41 ms. Memory: 638976K Free: 590186K (92%)
----------------- Invoking toplevel() on ptolemy.moml.MoMLSimpleApplication@3663f181
----------------- Done invoking toplevel() on ptolemy.moml.MoMLSimpleApplication@3663f181
reloadAllAccessors: .PublisherPort1

===========================================================================================
----------------- testing Thu Sep 05 05:42:41 UTC 2019 /home/travis/build/icyphy/ptII/ptolemy/actor/lib/test/auto/PublisherPort2.xml
----------------- Instantiating /home/travis/build/icyphy/ptII/ptolemy/actor/lib/test/auto/PublisherPort2.xml
1 ms. Memory: 638976K Free: 584620K (91%)
----------------- Invoking toplevel() on ptolemy.moml.MoMLSimpleApplication@107278d
----------------- Done invoking toplevel() on ptolemy.moml.MoMLSimpleApplication@107278d
reloadAllAccessors: .PublisherPort2

===========================================================================================
----------------- testing Thu Sep 05 05:42:41 UTC 2019 /home/travis/build/icyphy/ptII/ptolemy/actor/lib/test/auto/PublisherPort3.xml
----------------- Instantiating /home/travis/build/icyphy/ptII/ptolemy/actor/lib/test/auto/PublisherPort3.xml
11 ms. Memory: 638976K Free: 577932K (90%)
----------------- Invoking toplevel() on ptolemy.moml.MoMLSimpleApplication@4dbeb39e
----------------- Done invoking toplevel() on ptolemy.moml.MoMLSimpleApplication@4dbeb39e
reloadAllAccessors: .PublisherPort3

===========================================================================================
----------------- testing Thu Sep 05 05:42:41 UTC 2019 /home/travis/build/icyphy/ptII/ptolemy/actor/lib/test/auto/PublisherPort4.xml
----------------- Instantiating /home/travis/build/icyphy/ptII/ptolemy/actor/lib/test/auto/PublisherPort4.xml
3 ms. Memory: 638976K Free: 571804K (89%)
----------------- Invoking toplevel() on ptolemy.moml.MoMLSimpleApplication@2baa7328
----------------- Done invoking toplevel() on ptolemy.moml.MoMLSimpleApplication@2baa7328
reloadAllAccessors: .PublisherPort4

===========================================================================================
----------------- testing Thu Sep 05 05:42:41 UTC 2019 /home/travis/build/icyphy/ptII/ptolemy/actor/lib/test/auto/PublisherPort5.xml
----------------- Instantiating /home/travis/build/icyphy/ptII/ptolemy/actor/lib/test/auto/PublisherPort5.xml
4 ms. Memory: 638976K Free: 564140K (88%)
----------------- Invoking toplevel() on ptolemy.moml.MoMLSimpleApplication@788c37ac
----------------- Done invoking toplevel() on ptolemy.moml.MoMLSimpleApplication@788c37ac
reloadAllAccessors: .PublisherPort5

===========================================================================================
----------------- testing Thu Sep 05 05:42:41 UTC 2019 /home/travis/build/icyphy/ptII/ptolemy/actor/lib/test/auto/PublisherPort5LookAlike.xml
----------------- Instantiating /home/travis/build/icyphy/ptII/ptolemy/actor/lib/test/auto/PublisherPort5LookAlike.xml
9 ms. Memory: 638976K Free: 556458K (87%)
----------------- Invoking toplevel() on ptolemy.moml.MoMLSimpleApplication@31e589f9
----------------- Done invoking toplevel() on ptolemy.moml.MoMLSimpleApplication@31e589f9
reloadAllAccessors: .PublisherPort5LookAlike

===========================================================================================
----------------- testing Thu Sep 05 05:42:41 UTC 2019 /home/travis/build/icyphy/ptII/ptolemy/actor/lib/test/auto/PublisherPort6.xml
----------------- Instantiating /home/travis/build/icyphy/ptII/ptolemy/actor/lib/test/auto/PublisherPort6.xml
2 ms. Memory: 638976K Free: 549804K (86%)
----------------- Invoking toplevel() on ptolemy.moml.MoMLSimpleApplication@42b92c3d
----------------- Done invoking toplevel() on ptolemy.moml.MoMLSimpleApplication@42b92c3d
reloadAllAccessors: .PublisherPort6

===========================================================================================
----------------- testing Thu Sep 05 05:42:42 UTC 2019 /home/travis/build/icyphy/ptII/ptolemy/actor/lib/test/auto/PublisherPort7.xml
----------------- Instantiating /home/travis/build/icyphy/ptII/ptolemy/actor/lib/test/auto/PublisherPort7.xml
4 ms. Memory: 638976K Free: 542122K (85%)
----------------- Invoking toplevel() on ptolemy.moml.MoMLSimpleApplication@7d77924a
----------------- Done invoking toplevel() on ptolemy.moml.MoMLSimpleApplication@7d77924a
reloadAllAccessors: .PublisherPort7

===========================================================================================
----------------- testing Thu Sep 05 05:42:42 UTC 2019 /home/travis/build/icyphy/ptII/ptolemy/actor/lib/test/auto/PublisherPort8.xml
----------------- Instantiating /home/travis/build/icyphy/ptII/ptolemy/actor/lib/test/auto/PublisherPort8.xml
5 ms. Memory: 638976K Free: 533420K (83%)
----------------- Invoking toplevel() on ptolemy.moml.MoMLSimpleApplication@6a793ac2
----------------- Done invoking toplevel() on ptolemy.moml.MoMLSimpleApplication@6a793ac2
reloadAllAccessors: .PublisherPort8

===========================================================================================
----------------- testing Thu Sep 05 05:42:42 UTC 2019 /home/travis/build/icyphy/ptII/ptolemy/actor/lib/test/auto/PublisherPortSubscriberChannelVariablesAOC2.xml
----------------- Instantiating /home/travis/build/icyphy/ptII/ptolemy/actor/lib/test/auto/PublisherPortSubscriberChannelVariablesAOC2.xml
3 ms. Memory: 638976K Free: 515498K (81%)
----------------- Invoking toplevel() on ptolemy.moml.MoMLSimpleApplication@67be0ea5
----------------- Done invoking toplevel() on ptolemy.moml.MoMLSimpleApplication@67be0ea5
reloadAllAccessors: .PublisherPortSubscriberChannelVariablesAOC2

===========================================================================================
----------------- testing Thu Sep 05 05:42:42 UTC 2019 /home/travis/build/icyphy/ptII/ptolemy/actor/lib/test/auto/PublisherPortSubscriberOpaqueWidthInference.xml
----------------- Instantiating /home/travis/build/icyphy/ptII/ptolemy/actor/lib/test/auto/PublisherPortSubscriberOpaqueWidthInference.xml
5 ms. Memory: 638976K Free: 507292K (79%)
----------------- Invoking toplevel() on ptolemy.moml.MoMLSimpleApplication@3bcbcd0f
----------------- Done invoking toplevel() on ptolemy.moml.MoMLSimpleApplication@3bcbcd0f
reloadAllAccessors: .PublisherPortSubscriberOpaqueWidthInference

===========================================================================================
----------------- testing Thu Sep 05 05:42:42 UTC 2019 /home/travis/build/icyphy/ptII/ptolemy/actor/lib/test/auto/PublisherPortSubscriberPortAdjacent.xml
----------------- Instantiating /home/travis/build/icyphy/ptII/ptolemy/actor/lib/test/auto/PublisherPortSubscriberPortAdjacent.xml
2 ms. Memory: 638976K Free: 498604K (78%)
----------------- Invoking toplevel() on ptolemy.moml.MoMLSimpleApplication@581c7c53
----------------- Done invoking toplevel() on ptolemy.moml.MoMLSimpleApplication@581c7c53
reloadAllAccessors: .PublisherPortSubscriberPortAdjacent

===========================================================================================
----------------- testing Thu Sep 05 05:42:42 UTC 2019 /home/travis/build/icyphy/ptII/ptolemy/actor/lib/test/auto/PublisherPortSubscriberPortExpression.xml
----------------- Instantiating /home/travis/build/icyphy/ptII/ptolemy/actor/lib/test/auto/PublisherPortSubscriberPortExpression.xml
4 ms. Memory: 638976K Free: 490908K (77%)
----------------- Invoking toplevel() on ptolemy.moml.MoMLSimpleApplication@18842507
----------------- Done invoking toplevel() on ptolemy.moml.MoMLSimpleApplication@18842507
reloadAllAccessors: .PublisherPortSubscriberPortExpression

===========================================================================================
----------------- testing Thu Sep 05 05:42:42 UTC 2019 /home/travis/build/icyphy/ptII/ptolemy/actor/lib/test/auto/PublisherPortSubscriberPortOpaqueD3Reverse.xml
----------------- Instantiating /home/travis/build/icyphy/ptII/ptolemy/actor/lib/test/auto/PublisherPortSubscriberPortOpaqueD3Reverse.xml
6 ms. Memory: 638976K Free: 480682K (75%)
----------------- Invoking toplevel() on ptolemy.moml.MoMLSimpleApplication@273a7587
----------------- Done invoking toplevel() on ptolemy.moml.MoMLSimpleApplication@273a7587
reloadAllAccessors: .PublisherPortSubscriberPortOpaqueD3Reverse

===========================================================================================
----------------- testing Thu Sep 05 05:42:42 UTC 2019 /home/travis/build/icyphy/ptII/ptolemy/actor/lib/test/auto/PublisherPortSubscriberPortOpaqueWidthInference.xml
----------------- Instantiating /home/travis/build/icyphy/ptII/ptolemy/actor/lib/test/auto/PublisherPortSubscriberPortOpaqueWidthInference.xml
4 ms. Memory: 638976K Free: 473004K (74%)
----------------- Invoking toplevel() on ptolemy.moml.MoMLSimpleApplication@3ab4909c
----------------- Done invoking toplevel() on ptolemy.moml.MoMLSimpleApplication@3ab4909c
reloadAllAccessors: .PublisherPortSubscriberPortOpaqueWidthInference

===========================================================================================
----------------- testing Thu Sep 05 05:42:42 UTC 2019 /home/travis/build/icyphy/ptII/ptolemy/actor/lib/test/auto/PublisherPortToplevelSubscriberPortAOC.xml
----------------- Instantiating /home/travis/build/icyphy/ptII/ptolemy/actor/lib/test/auto/PublisherPortToplevelSubscriberPortAOC.xml
.PublisherPortToplevelSubscriberPortAOC.TestExceptionAttribute: initialize() was not invoked, but wrapup() was.  This is unusual, but not always a problem.  For example, exporting JNLP will do this.
1 ms. Memory: 638976K Free: 467370K (73%)
----------------- Invoking toplevel() on ptolemy.moml.MoMLSimpleApplication@491e4612
----------------- Done invoking toplevel() on ptolemy.moml.MoMLSimpleApplication@491e4612
reloadAllAccessors: .PublisherPortToplevelSubscriberPortAOC

===========================================================================================
----------------- testing Thu Sep 05 05:42:42 UTC 2019 /home/travis/build/icyphy/ptII/ptolemy/actor/lib/test/auto/PublisherSubscriber.xml
----------------- Instantiating /home/travis/build/icyphy/ptII/ptolemy/actor/lib/test/auto/PublisherSubscriber.xml
3 ms. Memory: 638976K Free: 460196K (72%)
----------------- Invoking toplevel() on ptolemy.moml.MoMLSimpleApplication@65b539a1
----------------- Done invoking toplevel() on ptolemy.moml.MoMLSimpleApplication@65b539a1
reloadAllAccessors: .PublisherSubscriber

===========================================================================================
----------------- testing Thu Sep 05 05:42:42 UTC 2019 /home/travis/build/icyphy/ptII/ptolemy/actor/lib/test/auto/PublisherSubscriber10.xml
----------------- Instantiating /home/travis/build/icyphy/ptII/ptolemy/actor/lib/test/auto/PublisherSubscriber10.xml
7 ms. Memory: 638976K Free: 450476K (70%)
----------------- Invoking toplevel() on ptolemy.moml.MoMLSimpleApplication@5a8ba6d3
----------------- Done invoking toplevel() on ptolemy.moml.MoMLSimpleApplication@5a8ba6d3
reloadAllAccessors: .PublisherSubscriber10

===========================================================================================
----------------- testing Thu Sep 05 05:42:42 UTC 2019 /home/travis/build/icyphy/ptII/ptolemy/actor/lib/test/auto/PublisherSubscriber10InitialOutputs.xml
----------------- Instantiating /home/travis/build/icyphy/ptII/ptolemy/actor/lib/test/auto/PublisherSubscriber10InitialOutputs.xml
16 ms. Memory: 638976K Free: 440746K (69%)
----------------- Invoking toplevel() on ptolemy.moml.MoMLSimpleApplication@2596082a
----------------- Done invoking toplevel() on ptolemy.moml.MoMLSimpleApplication@2596082a
reloadAllAccessors: .PublisherSubscriber10InitialOutputs

===========================================================================================
----------------- testing Thu Sep 05 05:42:42 UTC 2019 /home/travis/build/icyphy/ptII/ptolemy/actor/lib/test/auto/PublisherSubscriber11.xml
----------------- Instantiating /home/travis/build/icyphy/ptII/ptolemy/actor/lib/test/auto/PublisherSubscriber11.xml
4 ms. Memory: 638976K Free: 434588K (68%)
----------------- Invoking toplevel() on ptolemy.moml.MoMLSimpleApplication@3dd6b556
----------------- Done invoking toplevel() on ptolemy.moml.MoMLSimpleApplication@3dd6b556
reloadAllAccessors: .PublisherSubscriber11

===========================================================================================
----------------- testing Thu Sep 05 05:42:42 UTC 2019 /home/travis/build/icyphy/ptII/ptolemy/actor/lib/test/auto/PublisherSubscriber12.xml
----------------- Instantiating /home/travis/build/icyphy/ptII/ptolemy/actor/lib/test/auto/PublisherSubscriber12.xml
5 ms. Memory: 638976K Free: 427948K (67%)
----------------- Invoking toplevel() on ptolemy.moml.MoMLSimpleApplication@667a1227
----------------- Done invoking toplevel() on ptolemy.moml.MoMLSimpleApplication@667a1227
reloadAllAccessors: .PublisherSubscriber12

===========================================================================================
----------------- testing Thu Sep 05 05:42:42 UTC 2019 /home/travis/build/icyphy/ptII/ptolemy/actor/lib/test/auto/PublisherSubscriber13.xml
----------------- Instantiating /home/travis/build/icyphy/ptII/ptolemy/actor/lib/test/auto/PublisherSubscriber13.xml
3 ms. Memory: 638976K Free: 422284K (66%)
----------------- Invoking toplevel() on ptolemy.moml.MoMLSimpleApplication@7f7e0d72
----------------- Done invoking toplevel() on ptolemy.moml.MoMLSimpleApplication@7f7e0d72
reloadAllAccessors: .PublisherSubscriber13

===========================================================================================
----------------- testing Thu Sep 05 05:42:42 UTC 2019 /home/travis/build/icyphy/ptII/ptolemy/actor/lib/test/auto/PublisherSubscriber14.xml
----------------- Instantiating /home/travis/build/icyphy/ptII/ptolemy/actor/lib/test/auto/PublisherSubscriber14.xml
3 ms. Memory: 638976K Free: 413612K (65%)
----------------- Invoking toplevel() on ptolemy.moml.MoMLSimpleApplication@507d35a0
----------------- Done invoking toplevel() on ptolemy.moml.MoMLSimpleApplication@507d35a0
reloadAllAccessors: .PublisherSubscriber14

===========================================================================================
----------------- testing Thu Sep 05 05:42:42 UTC 2019 /home/travis/build/icyphy/ptII/ptolemy/actor/lib/test/auto/PublisherSubscriber2.xml
----------------- Instantiating /home/travis/build/icyphy/ptII/ptolemy/actor/lib/test/auto/PublisherSubscriber2.xml
8 ms. Memory: 638976K Free: 407964K (64%)
----------------- Invoking toplevel() on ptolemy.moml.MoMLSimpleApplication@3c2df502
----------------- Done invoking toplevel() on ptolemy.moml.MoMLSimpleApplication@3c2df502
reloadAllAccessors: .PublisherSubscriber2

===========================================================================================
----------------- testing Thu Sep 05 05:42:42 UTC 2019 /home/travis/build/icyphy/ptII/ptolemy/actor/lib/test/auto/PublisherSubscriber3.xml
----------------- Instantiating /home/travis/build/icyphy/ptII/ptolemy/actor/lib/test/auto/PublisherSubscriber3.xml
3 ms. Memory: 638976K Free: 401804K (63%)
----------------- Invoking toplevel() on ptolemy.moml.MoMLSimpleApplication@28d46be9
----------------- Done invoking toplevel() on ptolemy.moml.MoMLSimpleApplication@28d46be9
reloadAllAccessors: .PublisherSubscriber3

===========================================================================================
----------------- testing Thu Sep 05 05:42:42 UTC 2019 /home/travis/build/icyphy/ptII/ptolemy/actor/lib/test/auto/PublisherSubscriber4.xml
----------------- Instantiating /home/travis/build/icyphy/ptII/ptolemy/actor/lib/test/auto/PublisherSubscriber4.xml
2 ms. Memory: 638976K Free: 396204K (62%)
----------------- Invoking toplevel() on ptolemy.moml.MoMLSimpleApplication@6151a4c2
----------------- Done invoking toplevel() on ptolemy.moml.MoMLSimpleApplication@6151a4c2
reloadAllAccessors: .PublisherSubscriber4

===========================================================================================
----------------- testing Thu Sep 05 05:42:42 UTC 2019 /home/travis/build/icyphy/ptII/ptolemy/actor/lib/test/auto/PublisherSubscriber5.xml
----------------- Instantiating /home/travis/build/icyphy/ptII/ptolemy/actor/lib/test/auto/PublisherSubscriber5.xml
2 ms. Memory: 638976K Free: 389532K (61%)
----------------- Invoking toplevel() on ptolemy.moml.MoMLSimpleApplication@55bf2b6
----------------- Done invoking toplevel() on ptolemy.moml.MoMLSimpleApplication@55bf2b6
reloadAllAccessors: .PublisherSubscriber5

===========================================================================================
----------------- testing Thu Sep 05 05:42:42 UTC 2019 /home/travis/build/icyphy/ptII/ptolemy/actor/lib/test/auto/PublisherSubscriber6.xml
----------------- Instantiating /home/travis/build/icyphy/ptII/ptolemy/actor/lib/test/auto/PublisherSubscriber6.xml
4 ms. Memory: 638976K Free: 382892K (60%)
----------------- Invoking toplevel() on ptolemy.moml.MoMLSimpleApplication@34d74597
----------------- Done invoking toplevel() on ptolemy.moml.MoMLSimpleApplication@34d74597
reloadAllAccessors: .PublisherSubscriber6

===========================================================================================
----------------- testing Thu Sep 05 05:42:42 UTC 2019 /home/travis/build/icyphy/ptII/ptolemy/actor/lib/test/auto/PublisherSubscriber7.xml
----------------- Instantiating /home/travis/build/icyphy/ptII/ptolemy/actor/lib/test/auto/PublisherSubscriber7.xml
8 ms. Memory: 638976K Free: 376234K (59%)
----------------- Invoking toplevel() on ptolemy.moml.MoMLSimpleApplication@36793f6e
----------------- Done invoking toplevel() on ptolemy.moml.MoMLSimpleApplication@36793f6e
reloadAllAccessors: .PublisherSubscriber7

===========================================================================================
----------------- testing Thu Sep 05 05:42:42 UTC 2019 /home/travis/build/icyphy/ptII/ptolemy/actor/lib/test/auto/PublisherSubscriber8.xml
----------------- Instantiating /home/travis/build/icyphy/ptII/ptolemy/actor/lib/test/auto/PublisherSubscriber8.xml
22 ms. Memory: 638976K Free: 363946K (57%)
----------------- Invoking toplevel() on ptolemy.moml.MoMLSimpleApplication@671dd55e
----------------- Done invoking toplevel() on ptolemy.moml.MoMLSimpleApplication@671dd55e
reloadAllAccessors: .PublisherSubscriber8

===========================================================================================
----------------- testing Thu Sep 05 05:42:42 UTC 2019 /home/travis/build/icyphy/ptII/ptolemy/actor/lib/test/auto/PublisherSubscriber9.xml
----------------- Instantiating /home/travis/build/icyphy/ptII/ptolemy/actor/lib/test/auto/PublisherSubscriber9.xml
3 ms. Memory: 638976K Free: 356778K (56%)
----------------- Invoking toplevel() on ptolemy.moml.MoMLSimpleApplication@7a0d8fa8
----------------- Done invoking toplevel() on ptolemy.moml.MoMLSimpleApplication@7a0d8fa8
reloadAllAccessors: .PublisherSubscriber9

===========================================================================================
----------------- testing Thu Sep 05 05:42:42 UTC 2019 /home/travis/build/icyphy/ptII/ptolemy/actor/lib/test/auto/PublisherSubscriberAdjacent.xml
----------------- Instantiating /home/travis/build/icyphy/ptII/ptolemy/actor/lib/test/auto/PublisherSubscriberAdjacent.xml
2 ms. Memory: 638976K Free: 348586K (55%)
----------------- Invoking toplevel() on ptolemy.moml.MoMLSimpleApplication@7864fc26
----------------- Done invoking toplevel() on ptolemy.moml.MoMLSimpleApplication@7864fc26
reloadAllAccessors: .PublisherSubscriberAdjacent

===========================================================================================
----------------- testing Thu Sep 05 05:42:42 UTC 2019 /home/travis/build/icyphy/ptII/ptolemy/actor/lib/test/auto/PublisherSubscriberChannelVariablesAOC2.xml
----------------- Instantiating /home/travis/build/icyphy/ptII/ptolemy/actor/lib/test/auto/PublisherSubscriberChannelVariablesAOC2.xml
3 ms. Memory: 638976K Free: 333740K (52%)
----------------- Invoking toplevel() on ptolemy.moml.MoMLSimpleApplication@101d34c2
----------------- Done invoking toplevel() on ptolemy.moml.MoMLSimpleApplication@101d34c2
reloadAllAccessors: .PublisherSubscriberChannelVariablesAOC2

===========================================================================================
----------------- testing Thu Sep 05 05:42:42 UTC 2019 /home/travis/build/icyphy/ptII/ptolemy/actor/lib/test/auto/PublisherSubscriberD3.xml
----------------- Instantiating /home/travis/build/icyphy/ptII/ptolemy/actor/lib/test/auto/PublisherSubscriberD3.xml
2 ms. Memory: 638976K Free: 326572K (51%)
----------------- Invoking toplevel() on ptolemy.moml.MoMLSimpleApplication@4076976c
----------------- Done invoking toplevel() on ptolemy.moml.MoMLSimpleApplication@4076976c
reloadAllAccessors: .PublisherSubscriberD3

===========================================================================================
----------------- testing Thu Sep 05 05:42:42 UTC 2019 /home/travis/build/icyphy/ptII/ptolemy/actor/lib/test/auto/PublisherSubscriberD3Reverse.xml
----------------- Instantiating /home/travis/build/icyphy/ptII/ptolemy/actor/lib/test/auto/PublisherSubscriberD3Reverse.xml
2 ms. Memory: 638976K Free: 319914K (50%)
----------------- Invoking toplevel() on ptolemy.moml.MoMLSimpleApplication@77ba4c6b
----------------- Done invoking toplevel() on ptolemy.moml.MoMLSimpleApplication@77ba4c6b
reloadAllAccessors: .PublisherSubscriberD3Reverse

===========================================================================================
----------------- testing Thu Sep 05 05:42:42 UTC 2019 /home/travis/build/icyphy/ptII/ptolemy/actor/lib/test/auto/PublisherSubscriberExpression.xml
----------------- Instantiating /home/travis/build/icyphy/ptII/ptolemy/actor/lib/test/auto/PublisherSubscriberExpression.xml
3 ms. Memory: 638976K Free: 311212K (49%)
----------------- Invoking toplevel() on ptolemy.moml.MoMLSimpleApplication@59a4f2be
----------------- Done invoking toplevel() on ptolemy.moml.MoMLSimpleApplication@59a4f2be
reloadAllAccessors: .PublisherSubscriberExpression

===========================================================================================
----------------- testing Thu Sep 05 05:42:42 UTC 2019 /home/travis/build/icyphy/ptII/ptolemy/actor/lib/test/auto/PublisherSubscriberOpaque.xml
----------------- Instantiating /home/travis/build/icyphy/ptII/ptolemy/actor/lib/test/auto/PublisherSubscriberOpaque.xml
5 ms. Memory: 638976K Free: 303020K (47%)
----------------- Invoking toplevel() on ptolemy.moml.MoMLSimpleApplication@44cb56b1
----------------- Done invoking toplevel() on ptolemy.moml.MoMLSimpleApplication@44cb56b1
reloadAllAccessors: .PublisherSubscriberOpaque

===========================================================================================
----------------- testing Thu Sep 05 05:42:42 UTC 2019 /home/travis/build/icyphy/ptII/ptolemy/actor/lib/test/auto/PublisherSubscriberOpaqueD3.xml
----------------- Instantiating /home/travis/build/icyphy/ptII/ptolemy/actor/lib/test/auto/PublisherSubscriberOpaqueD3.xml
15 ms. Memory: 638976K Free: 291242K (46%)
----------------- Invoking toplevel() on ptolemy.moml.MoMLSimpleApplication@2f63078e
----------------- Done invoking toplevel() on ptolemy.moml.MoMLSimpleApplication@2f63078e
reloadAllAccessors: .PublisherSubscriberOpaqueD3

===========================================================================================
----------------- testing Thu Sep 05 05:42:42 UTC 2019 /home/travis/build/icyphy/ptII/ptolemy/actor/lib/test/auto/PublisherSubscriberOpaqueD3Reverse.xml
----------------- Instantiating /home/travis/build/icyphy/ptII/ptolemy/actor/lib/test/auto/PublisherSubscriberOpaqueD3Reverse.xml
10 ms. Memory: 638976K Free: 280492K (44%)
----------------- Invoking toplevel() on ptolemy.moml.MoMLSimpleApplication@2ffc893d
----------------- Done invoking toplevel() on ptolemy.moml.MoMLSimpleApplication@2ffc893d
reloadAllAccessors: .PublisherSubscriberOpaqueD3Reverse

===========================================================================================
----------------- testing Thu Sep 05 05:42:42 UTC 2019 /home/travis/build/icyphy/ptII/ptolemy/actor/lib/test/auto/PublisherSubscriberOpaqueWidthInference.xml
----------------- Instantiating /home/travis/build/icyphy/ptII/ptolemy/actor/lib/test/auto/PublisherSubscriberOpaqueWidthInference.xml
5 ms. Memory: 638976K Free: 271772K (43%)
----------------- Invoking toplevel() on ptolemy.moml.MoMLSimpleApplication@50a8772b
----------------- Done invoking toplevel() on ptolemy.moml.MoMLSimpleApplication@50a8772b
reloadAllAccessors: .PublisherSubscriberOpaqueWidthInference

===========================================================================================
----------------- testing Thu Sep 05 05:42:42 UTC 2019 /home/travis/build/icyphy/ptII/ptolemy/actor/lib/test/auto/PublisherTestSubscriber.xml
----------------- Instantiating /home/travis/build/icyphy/ptII/ptolemy/actor/lib/test/auto/PublisherTestSubscriber.xml
3 ms. Memory: 638976K Free: 264108K (41%)
----------------- Invoking toplevel() on ptolemy.moml.MoMLSimpleApplication@4ce9530e
----------------- Done invoking toplevel() on ptolemy.moml.MoMLSimpleApplication@4ce9530e
reloadAllAccessors: .PublisherTestSubscriber

===========================================================================================
----------------- testing Thu Sep 05 05:42:42 UTC 2019 /home/travis/build/icyphy/ptII/ptolemy/actor/lib/test/auto/PublisherToplevelSubscriberPortAOC.xml
----------------- Instantiating /home/travis/build/icyphy/ptII/ptolemy/actor/lib/test/auto/PublisherToplevelSubscriberPortAOC.xml
2 ms. Memory: 638976K Free: 257436K (40%)
----------------- Invoking toplevel() on ptolemy.moml.MoMLSimpleApplication@5cb122f6
----------------- Done invoking toplevel() on ptolemy.moml.MoMLSimpleApplication@5cb122f6
reloadAllAccessors: .PublisherToplevelSubscriberPortAOC

===========================================================================================
----------------- testing Thu Sep 05 05:42:42 UTC 2019 /home/travis/build/icyphy/ptII/ptolemy/actor/lib/test/auto/PulseFiringLimitDE.xml
----------------- Instantiating /home/travis/build/icyphy/ptII/ptolemy/actor/lib/test/auto/PulseFiringLimitDE.xml
2 ms. Memory: 638976K Free: 251306K (39%)
----------------- Invoking toplevel() on ptolemy.moml.MoMLSimpleApplication@1c4fb2d1
----------------- Done invoking toplevel() on ptolemy.moml.MoMLSimpleApplication@1c4fb2d1
reloadAllAccessors: .PulseFiringLimitDE

===========================================================================================
----------------- testing Thu Sep 05 05:42:42 UTC 2019 /home/travis/build/icyphy/ptII/ptolemy/actor/lib/test/auto/Ramp1.xml
----------------- Instantiating /home/travis/build/icyphy/ptII/ptolemy/actor/lib/test/auto/Ramp1.xml
1 ms. Memory: 638976K Free: 247204K (39%)
----------------- Invoking toplevel() on ptolemy.moml.MoMLSimpleApplication@5a112e79
----------------- Done invoking toplevel() on ptolemy.moml.MoMLSimpleApplication@5a112e79
reloadAllAccessors: .Ramp1

===========================================================================================
----------------- testing Thu Sep 05 05:42:42 UTC 2019 /home/travis/build/icyphy/ptII/ptolemy/actor/lib/test/auto/RampFiringLimitDE.xml
----------------- Instantiating /home/travis/build/icyphy/ptII/ptolemy/actor/lib/test/auto/RampFiringLimitDE.xml
2 ms. Memory: 638976K Free: 240556K (38%)
----------------- Invoking toplevel() on ptolemy.moml.MoMLSimpleApplication@b97f598
----------------- Done invoking toplevel() on ptolemy.moml.MoMLSimpleApplication@b97f598
reloadAllAccessors: .RampFiringLimitDE

===========================================================================================
----------------- testing Thu Sep 05 05:42:42 UTC 2019 /home/travis/build/icyphy/ptII/ptolemy/actor/lib/test/auto/RampFiringLimitSDF.xml
----------------- Instantiating /home/travis/build/icyphy/ptII/ptolemy/actor/lib/test/auto/RampFiringLimitSDF.xml
2 ms. Memory: 638976K Free: 235436K (37%)
----------------- Invoking toplevel() on ptolemy.moml.MoMLSimpleApplication@13b8689
----------------- Done invoking toplevel() on ptolemy.moml.MoMLSimpleApplication@13b8689
reloadAllAccessors: .RampFiringLimitSDF

===========================================================================================
----------------- testing Thu Sep 05 05:42:42 UTC 2019 /home/travis/build/icyphy/ptII/ptolemy/actor/lib/test/auto/RandomInteger.xml
----------------- Instantiating /home/travis/build/icyphy/ptII/ptolemy/actor/lib/test/auto/RandomInteger.xml
2 ms. Memory: 638976K Free: 231340K (36%)
----------------- Invoking toplevel() on ptolemy.moml.MoMLSimpleApplication@1cdefb52
----------------- Done invoking toplevel() on ptolemy.moml.MoMLSimpleApplication@1cdefb52
reloadAllAccessors: .RandomInteger

===========================================================================================
----------------- testing Thu Sep 05 05:42:42 UTC 2019 /home/travis/build/icyphy/ptII/ptolemy/actor/lib/test/auto/ReadFile1.xml
----------------- Instantiating /home/travis/build/icyphy/ptII/ptolemy/actor/lib/test/auto/ReadFile1.xml
1 ms. Memory: 638976K Free: 226724K (35%)
----------------- Invoking toplevel() on ptolemy.moml.MoMLSimpleApplication@799dee06
----------------- Done invoking toplevel() on ptolemy.moml.MoMLSimpleApplication@799dee06
reloadAllAccessors: .ReadFile1

===========================================================================================
----------------- testing Thu Sep 05 05:42:42 UTC 2019 /home/travis/build/icyphy/ptII/ptolemy/actor/lib/test/auto/ReadFile2.xml
----------------- Instantiating /home/travis/build/icyphy/ptII/ptolemy/actor/lib/test/auto/ReadFile2.xml
2 ms. Memory: 638976K Free: 222124K (35%)
----------------- Invoking toplevel() on ptolemy.moml.MoMLSimpleApplication@53e8a1d0
----------------- Done invoking toplevel() on ptolemy.moml.MoMLSimpleApplication@53e8a1d0
reloadAllAccessors: .ReadFile2

===========================================================================================
----------------- testing Thu Sep 05 05:42:42 UTC 2019 /home/travis/build/icyphy/ptII/ptolemy/actor/lib/test/auto/Reader.xml
----------------- Instantiating /home/travis/build/icyphy/ptII/ptolemy/actor/lib/test/auto/Reader.xml
actor.lib.Reader is obsolete, use actor.lib.io.ExpressionReader instead
2 ms. Memory: 638976K Free: 589442K (92%)
----------------- Invoking toplevel() on ptolemy.moml.MoMLSimpleApplication@37d1cbd3
----------------- Done invoking toplevel() on ptolemy.moml.MoMLSimpleApplication@37d1cbd3
reloadAllAccessors: .Reader

===========================================================================================
----------------- testing Thu Sep 05 05:42:42 UTC 2019 /home/travis/build/icyphy/ptII/ptolemy/actor/lib/test/auto/RecordAssemblerDisplayNameTest.xml
----------------- Instantiating /home/travis/build/icyphy/ptII/ptolemy/actor/lib/test/auto/RecordAssemblerDisplayNameTest.xml
3895 ms. Memory: 638976K Free: 489388K (77%)
----------------- Invoking toplevel() on ptolemy.moml.MoMLSimpleApplication@4dadf9a5
----------------- Done invoking toplevel() on ptolemy.moml.MoMLSimpleApplication@4dadf9a5
reloadAllAccessors: .RecordAssemblerDisplayNameTest

===========================================================================================
----------------- testing Thu Sep 05 05:42:46 UTC 2019 /home/travis/build/icyphy/ptII/ptolemy/actor/lib/test/auto/RecordAssemblerTypeError.xml
----------------- Instantiating /home/travis/build/icyphy/ptII/ptolemy/actor/lib/test/auto/RecordAssemblerTypeError.xml
15 ms. Memory: 638976K Free: 479658K (75%)
----------------- Invoking toplevel() on ptolemy.moml.MoMLSimpleApplication@32d63ae6
----------------- Done invoking toplevel() on ptolemy.moml.MoMLSimpleApplication@32d63ae6
reloadAllAccessors: .RecordAssemblerTypeError

===========================================================================================
----------------- testing Thu Sep 05 05:42:46 UTC 2019 /home/travis/build/icyphy/ptII/ptolemy/actor/lib/test/auto/RecordDisassember.xml
----------------- Instantiating /home/travis/build/icyphy/ptII/ptolemy/actor/lib/test/auto/RecordDisassember.xml
3 ms. Memory: 638976K Free: 474508K (74%)
----------------- Invoking toplevel() on ptolemy.moml.MoMLSimpleApplication@16df0aa6
----------------- Done invoking toplevel() on ptolemy.moml.MoMLSimpleApplication@16df0aa6
reloadAllAccessors: .RecordDisassember

===========================================================================================
----------------- testing Thu Sep 05 05:42:46 UTC 2019 /home/travis/build/icyphy/ptII/ptolemy/actor/lib/test/auto/RecordDisassemberDisplayNameTest.xml
----------------- Instantiating /home/travis/build/icyphy/ptII/ptolemy/actor/lib/test/auto/RecordDisassemberDisplayNameTest.xml
5 ms. Memory: 638976K Free: 466860K (73%)
----------------- Invoking toplevel() on ptolemy.moml.MoMLSimpleApplication@2e1caf2d
----------------- Done invoking toplevel() on ptolemy.moml.MoMLSimpleApplication@2e1caf2d
reloadAllAccessors: .RecordDisassemberDisplayNameTest

===========================================================================================
----------------- testing Thu Sep 05 05:42:46 UTC 2019 /home/travis/build/icyphy/ptII/ptolemy/actor/lib/test/auto/RecordDisassembler.xml
----------------- Instantiating /home/travis/build/icyphy/ptII/ptolemy/actor/lib/test/auto/RecordDisassembler.xml
3 ms. Memory: 638976K Free: 461740K (72%)
----------------- Invoking toplevel() on ptolemy.moml.MoMLSimpleApplication@4a6ec419
----------------- Done invoking toplevel() on ptolemy.moml.MoMLSimpleApplication@4a6ec419
reloadAllAccessors: .RecordDisassembler

===========================================================================================
----------------- testing Thu Sep 05 05:42:46 UTC 2019 /home/travis/build/icyphy/ptII/ptolemy/actor/lib/test/auto/RecordDisassembler2.xml
----------------- Instantiating /home/travis/build/icyphy/ptII/ptolemy/actor/lib/test/auto/RecordDisassembler2.xml
3 ms. Memory: 638976K Free: 456620K (71%)
----------------- Invoking toplevel() on ptolemy.moml.MoMLSimpleApplication@7dabaad7
----------------- Done invoking toplevel() on ptolemy.moml.MoMLSimpleApplication@7dabaad7
reloadAllAccessors: .RecordDisassembler2

===========================================================================================
----------------- testing Thu Sep 05 05:42:47 UTC 2019 /home/travis/build/icyphy/ptII/ptolemy/actor/lib/test/auto/RecordUpdater.xml
----------------- Instantiating /home/travis/build/icyphy/ptII/ptolemy/actor/lib/test/auto/RecordUpdater.xml
2 ms. Memory: 638976K Free: 450986K (71%)
----------------- Invoking toplevel() on ptolemy.moml.MoMLSimpleApplication@2e97bd11
----------------- Done invoking toplevel() on ptolemy.moml.MoMLSimpleApplication@2e97bd11
reloadAllAccessors: .RecordUpdater

===========================================================================================
----------------- testing Thu Sep 05 05:42:47 UTC 2019 /home/travis/build/icyphy/ptII/ptolemy/actor/lib/test/auto/RecordUpdater2.xml
----------------- Instantiating /home/travis/build/icyphy/ptII/ptolemy/actor/lib/test/auto/RecordUpdater2.xml
2 ms. Memory: 638976K Free: 445866K (70%)
----------------- Invoking toplevel() on ptolemy.moml.MoMLSimpleApplication@687bebe2
----------------- Done invoking toplevel() on ptolemy.moml.MoMLSimpleApplication@687bebe2
reloadAllAccessors: .RecordUpdater2

===========================================================================================
----------------- testing Thu Sep 05 05:42:47 UTC 2019 /home/travis/build/icyphy/ptII/ptolemy/actor/lib/test/auto/RecursiveLattice.xml
----------------- Instantiating /home/travis/build/icyphy/ptII/ptolemy/actor/lib/test/auto/RecursiveLattice.xml
1 ms. Memory: 638976K Free: 441740K (69%)
----------------- Invoking toplevel() on ptolemy.moml.MoMLSimpleApplication@491b6f82
----------------- Done invoking toplevel() on ptolemy.moml.MoMLSimpleApplication@491b6f82
reloadAllAccessors: .RecursiveLattice

===========================================================================================
----------------- testing Thu Sep 05 05:42:47 UTC 2019 /home/travis/build/icyphy/ptII/ptolemy/actor/lib/test/auto/Router.xml
----------------- Instantiating /home/travis/build/icyphy/ptII/ptolemy/actor/lib/test/auto/Router.xml
3003 ms. Memory: 638976K Free: 430506K (67%)
----------------- Invoking toplevel() on ptolemy.moml.MoMLSimpleApplication@38516b12
----------------- Done invoking toplevel() on ptolemy.moml.MoMLSimpleApplication@38516b12
reloadAllAccessors: .Router

===========================================================================================
----------------- testing Thu Sep 05 05:42:50 UTC 2019 /home/travis/build/icyphy/ptII/ptolemy/actor/lib/test/auto/Router2.xml
----------------- Instantiating /home/travis/build/icyphy/ptII/ptolemy/actor/lib/test/auto/Router2.xml
3004 ms. Memory: 638976K Free: 418732K (66%)
----------------- Invoking toplevel() on ptolemy.moml.MoMLSimpleApplication@357b8bd6
----------------- Done invoking toplevel() on ptolemy.moml.MoMLSimpleApplication@357b8bd6
reloadAllAccessors: .Router2

===========================================================================================
----------------- testing Thu Sep 05 05:42:53 UTC 2019 /home/travis/build/icyphy/ptII/ptolemy/actor/lib/test/auto/RunningMaximum.xml
----------------- Instantiating /home/travis/build/icyphy/ptII/ptolemy/actor/lib/test/auto/RunningMaximum.xml
2 ms. Memory: 638976K Free: 414122K (65%)
----------------- Invoking toplevel() on ptolemy.moml.MoMLSimpleApplication@299e556a
----------------- Done invoking toplevel() on ptolemy.moml.MoMLSimpleApplication@299e556a
reloadAllAccessors: .RunningMaximum

===========================================================================================
----------------- testing Thu Sep 05 05:42:53 UTC 2019 /home/travis/build/icyphy/ptII/ptolemy/actor/lib/test/auto/RunningMinimum.xml
----------------- Instantiating /home/travis/build/icyphy/ptII/ptolemy/actor/lib/test/auto/RunningMinimum.xml
8 ms. Memory: 638976K Free: 409516K (64%)
----------------- Invoking toplevel() on ptolemy.moml.MoMLSimpleApplication@76026dad
----------------- Done invoking toplevel() on ptolemy.moml.MoMLSimpleApplication@76026dad
reloadAllAccessors: .RunningMinimum

===========================================================================================
----------------- testing Thu Sep 05 05:42:53 UTC 2019 /home/travis/build/icyphy/ptII/ptolemy/actor/lib/test/auto/Scale.xml
----------------- Instantiating /home/travis/build/icyphy/ptII/ptolemy/actor/lib/test/auto/Scale.xml
2 ms. Memory: 638976K Free: 404396K (63%)
----------------- Invoking toplevel() on ptolemy.moml.MoMLSimpleApplication@5c0586b2
----------------- Done invoking toplevel() on ptolemy.moml.MoMLSimpleApplication@5c0586b2
reloadAllAccessors: .Scale

===========================================================================================
----------------- testing Thu Sep 05 05:42:53 UTC 2019 /home/travis/build/icyphy/ptII/ptolemy/actor/lib/test/auto/Scale2.xml
----------------- Instantiating /home/travis/build/icyphy/ptII/ptolemy/actor/lib/test/auto/Scale2.xml
8 ms. Memory: 638976K Free: 399786K (63%)
----------------- Invoking toplevel() on ptolemy.moml.MoMLSimpleApplication@7541c196
----------------- Done invoking toplevel() on ptolemy.moml.MoMLSimpleApplication@7541c196
reloadAllAccessors: .Scale2

===========================================================================================
----------------- testing Thu Sep 05 05:42:53 UTC 2019 /home/travis/build/icyphy/ptII/ptolemy/actor/lib/test/auto/Scale3.xml
----------------- Instantiating /home/travis/build/icyphy/ptII/ptolemy/actor/lib/test/auto/Scale3.xml
7 ms. Memory: 638976K Free: 393132K (62%)
----------------- Invoking toplevel() on ptolemy.moml.MoMLSimpleApplication@6e8103a4
----------------- Done invoking toplevel() on ptolemy.moml.MoMLSimpleApplication@6e8103a4
reloadAllAccessors: .Scale3

===========================================================================================
----------------- testing Thu Sep 05 05:42:53 UTC 2019 /home/travis/build/icyphy/ptII/ptolemy/actor/lib/test/auto/ScaleArray.xml
----------------- Instantiating /home/travis/build/icyphy/ptII/ptolemy/actor/lib/test/auto/ScaleArray.xml
2 ms. Memory: 638976K Free: 388522K (61%)
----------------- Invoking toplevel() on ptolemy.moml.MoMLSimpleApplication@849d8ca
----------------- Done invoking toplevel() on ptolemy.moml.MoMLSimpleApplication@849d8ca
reloadAllAccessors: .ScaleArray

===========================================================================================
----------------- testing Thu Sep 05 05:42:53 UTC 2019 /home/travis/build/icyphy/ptII/ptolemy/actor/lib/test/auto/ScaleArray2.xml
----------------- Instantiating /home/travis/build/icyphy/ptII/ptolemy/actor/lib/test/auto/ScaleArray2.xml
1 ms. Memory: 638976K Free: 383402K (60%)
----------------- Invoking toplevel() on ptolemy.moml.MoMLSimpleApplication@413e700a
----------------- Done invoking toplevel() on ptolemy.moml.MoMLSimpleApplication@413e700a
reloadAllAccessors: .ScaleArray2

===========================================================================================
----------------- testing Thu Sep 05 05:42:53 UTC 2019 /home/travis/build/icyphy/ptII/ptolemy/actor/lib/test/auto/ScaleMatrix.xml
----------------- Instantiating /home/travis/build/icyphy/ptII/ptolemy/actor/lib/test/auto/ScaleMatrix.xml
158 ms. Memory: 638976K Free: 368556K (58%)
----------------- Invoking toplevel() on ptolemy.moml.MoMLSimpleApplication@3de69b5c
----------------- Done invoking toplevel() on ptolemy.moml.MoMLSimpleApplication@3de69b5c
reloadAllAccessors: .ScaleMatrix

===========================================================================================
----------------- testing Thu Sep 05 05:42:53 UTC 2019 /home/travis/build/icyphy/ptII/ptolemy/actor/lib/test/auto/Select.xml
----------------- Instantiating /home/travis/build/icyphy/ptII/ptolemy/actor/lib/test/auto/Select.xml
3 ms. Memory: 638976K Free: 362412K (57%)
----------------- Invoking toplevel() on ptolemy.moml.MoMLSimpleApplication@2e76ba14
----------------- Done invoking toplevel() on ptolemy.moml.MoMLSimpleApplication@2e76ba14
reloadAllAccessors: .Select

===========================================================================================
----------------- testing Thu Sep 05 05:42:53 UTC 2019 /home/travis/build/icyphy/ptII/ptolemy/actor/lib/test/auto/Select2.xml
----------------- Instantiating /home/travis/build/icyphy/ptII/ptolemy/actor/lib/test/auto/Select2.xml
1 ms. Memory: 638976K Free: 357292K (56%)
----------------- Invoking toplevel() on ptolemy.moml.MoMLSimpleApplication@715f2a2b
----------------- Done invoking toplevel() on ptolemy.moml.MoMLSimpleApplication@715f2a2b
reloadAllAccessors: .Select2

===========================================================================================
----------------- testing Thu Sep 05 05:42:53 UTC 2019 /home/travis/build/icyphy/ptII/ptolemy/actor/lib/test/auto/SequenceToArray2.xml
----------------- Instantiating /home/travis/build/icyphy/ptII/ptolemy/actor/lib/test/auto/SequenceToArray2.xml
88 ms. Memory: 638976K Free: 332716K (52%)
----------------- Invoking toplevel() on ptolemy.moml.MoMLSimpleApplication@7c9d4f69
----------------- Done invoking toplevel() on ptolemy.moml.MoMLSimpleApplication@7c9d4f69
reloadAllAccessors: .SequenceToArray2

===========================================================================================
----------------- testing Thu Sep 05 05:42:53 UTC 2019 /home/travis/build/icyphy/ptII/ptolemy/actor/lib/test/auto/SequentialClock.xml
----------------- Instantiating /home/travis/build/icyphy/ptII/ptolemy/actor/lib/test/auto/SequentialClock.xml
1 ms. Memory: 638976K Free: 328620K (51%)
----------------- Invoking toplevel() on ptolemy.moml.MoMLSimpleApplication@78b6e7c9
----------------- Done invoking toplevel() on ptolemy.moml.MoMLSimpleApplication@78b6e7c9
reloadAllAccessors: .SequentialClock

===========================================================================================
----------------- testing Thu Sep 05 05:42:53 UTC 2019 /home/travis/build/icyphy/ptII/ptolemy/actor/lib/test/auto/SetVariable.xml
----------------- Instantiating /home/travis/build/icyphy/ptII/ptolemy/actor/lib/test/auto/SetVariable.xml
3 ms. Memory: 638976K Free: 324010K (51%)
----------------- Invoking toplevel() on ptolemy.moml.MoMLSimpleApplication@6daa6847
----------------- Done invoking toplevel() on ptolemy.moml.MoMLSimpleApplication@6daa6847
reloadAllAccessors: .SetVariable

===========================================================================================
----------------- testing Thu Sep 05 05:42:53 UTC 2019 /home/travis/build/icyphy/ptII/ptolemy/actor/lib/test/auto/SetVariable2.xml
----------------- Instantiating /home/travis/build/icyphy/ptII/ptolemy/actor/lib/test/auto/SetVariable2.xml
3 ms. Memory: 638976K Free: 318380K (50%)
----------------- Invoking toplevel() on ptolemy.moml.MoMLSimpleApplication@60cae441
----------------- Done invoking toplevel() on ptolemy.moml.MoMLSimpleApplication@60cae441
reloadAllAccessors: .SetVariable2

===========================================================================================
----------------- testing Thu Sep 05 05:42:53 UTC 2019 /home/travis/build/icyphy/ptII/ptolemy/actor/lib/test/auto/SetVariable3.xml
----------------- Instantiating /home/travis/build/icyphy/ptII/ptolemy/actor/lib/test/auto/SetVariable3.xml
10 ms. Memory: 638976K Free: 313260K (49%)
----------------- Invoking toplevel() on ptolemy.moml.MoMLSimpleApplication@64615736
----------------- Done invoking toplevel() on ptolemy.moml.MoMLSimpleApplication@64615736
reloadAllAccessors: .SetVariable3

===========================================================================================
----------------- testing Thu Sep 05 05:42:53 UTC 2019 /home/travis/build/icyphy/ptII/ptolemy/actor/lib/test/auto/SetVariable4.xml
----------------- Instantiating /home/travis/build/icyphy/ptII/ptolemy/actor/lib/test/auto/SetVariable4.xml
12 ms. Memory: 638976K Free: 304042K (48%)
----------------- Invoking toplevel() on ptolemy.moml.MoMLSimpleApplication@31026078
----------------- Done invoking toplevel() on ptolemy.moml.MoMLSimpleApplication@31026078
reloadAllAccessors: .SetVariable4

===========================================================================================
----------------- testing Thu Sep 05 05:42:53 UTC 2019 /home/travis/build/icyphy/ptII/ptolemy/actor/lib/test/auto/SetVariable5.xml
----------------- Instantiating /home/travis/build/icyphy/ptII/ptolemy/actor/lib/test/auto/SetVariable5.xml
17 ms. Memory: 638976K Free: 294314K (46%)
----------------- Invoking toplevel() on ptolemy.moml.MoMLSimpleApplication@48f2984
----------------- Done invoking toplevel() on ptolemy.moml.MoMLSimpleApplication@48f2984
reloadAllAccessors: .SetVariable5

===========================================================================================
----------------- testing Thu Sep 05 05:42:53 UTC 2019 /home/travis/build/icyphy/ptII/ptolemy/actor/lib/test/auto/Sinewave.xml
----------------- Instantiating /home/travis/build/icyphy/ptII/ptolemy/actor/lib/test/auto/Sinewave.xml
4 ms. Memory: 638976K Free: 284074K (44%)
----------------- Invoking toplevel() on ptolemy.moml.MoMLSimpleApplication@54d4d5d3
----------------- Done invoking toplevel() on ptolemy.moml.MoMLSimpleApplication@54d4d5d3
reloadAllAccessors: .Sinewave

===========================================================================================
----------------- testing Thu Sep 05 05:42:53 UTC 2019 /home/travis/build/icyphy/ptII/ptolemy/actor/lib/test/auto/Sinewave2.xml
----------------- Instantiating /home/travis/build/icyphy/ptII/ptolemy/actor/lib/test/auto/Sinewave2.xml
4 ms. Memory: 638976K Free: 275882K (43%)
----------------- Invoking toplevel() on ptolemy.moml.MoMLSimpleApplication@6aa7171c
----------------- Done invoking toplevel() on ptolemy.moml.MoMLSimpleApplication@6aa7171c
reloadAllAccessors: .Sinewave2

===========================================================================================
----------------- testing Thu Sep 05 05:42:53 UTC 2019 /home/travis/build/icyphy/ptII/ptolemy/actor/lib/test/auto/Sinewave3.xml
----------------- Instantiating /home/travis/build/icyphy/ptII/ptolemy/actor/lib/test/auto/Sinewave3.xml
6 ms. Memory: 638976K Free: 267180K (42%)
----------------- Invoking toplevel() on ptolemy.moml.MoMLSimpleApplication@24f3be19
----------------- Done invoking toplevel() on ptolemy.moml.MoMLSimpleApplication@24f3be19
reloadAllAccessors: .Sinewave3

===========================================================================================
----------------- testing Thu Sep 05 05:42:53 UTC 2019 /home/travis/build/icyphy/ptII/ptolemy/actor/lib/test/auto/SingleEvent.xml
----------------- Instantiating /home/travis/build/icyphy/ptII/ptolemy/actor/lib/test/auto/SingleEvent.xml
1 ms. Memory: 638976K Free: 263084K (41%)
----------------- Invoking toplevel() on ptolemy.moml.MoMLSimpleApplication@422a3407
----------------- Done invoking toplevel() on ptolemy.moml.MoMLSimpleApplication@422a3407
reloadAllAccessors: .SingleEvent

===========================================================================================
----------------- testing Thu Sep 05 05:42:53 UTC 2019 /home/travis/build/icyphy/ptII/ptolemy/actor/lib/test/auto/Sleep.xml
----------------- Instantiating /home/travis/build/icyphy/ptII/ptolemy/actor/lib/test/auto/Sleep.xml
6003 ms. Memory: 638976K Free: 257436K (40%)
----------------- Invoking toplevel() on ptolemy.moml.MoMLSimpleApplication@39f748cf
----------------- Done invoking toplevel() on ptolemy.moml.MoMLSimpleApplication@39f748cf
reloadAllAccessors: .Sleep

===========================================================================================
----------------- testing Thu Sep 05 05:42:59 UTC 2019 /home/travis/build/icyphy/ptII/ptolemy/actor/lib/test/auto/SleepMultipleFire.xml
----------------- Instantiating /home/travis/build/icyphy/ptII/ptolemy/actor/lib/test/auto/SleepMultipleFire.xml
1005 ms. Memory: 638976K Free: 251306K (39%)
----------------- Invoking toplevel() on ptolemy.moml.MoMLSimpleApplication@21a067ba
----------------- Done invoking toplevel() on ptolemy.moml.MoMLSimpleApplication@21a067ba
reloadAllAccessors: .SleepMultipleFire

===========================================================================================
----------------- testing Thu Sep 05 05:43:00 UTC 2019 /home/travis/build/icyphy/ptII/ptolemy/actor/lib/test/auto/StopDE.xml
----------------- Instantiating /home/travis/build/icyphy/ptII/ptolemy/actor/lib/test/auto/StopDE.xml
10 ms. Memory: 638976K Free: 245676K (38%)
----------------- Invoking toplevel() on ptolemy.moml.MoMLSimpleApplication@486c286b
----------------- Done invoking toplevel() on ptolemy.moml.MoMLSimpleApplication@486c286b
reloadAllAccessors: .StopDE

===========================================================================================
----------------- testing Thu Sep 05 05:43:00 UTC 2019 /home/travis/build/icyphy/ptII/ptolemy/actor/lib/test/auto/StopSDF.xml
----------------- Instantiating /home/travis/build/icyphy/ptII/ptolemy/actor/lib/test/auto/StopSDF.xml
3 ms. Memory: 638976K Free: 240556K (38%)
----------------- Invoking toplevel() on ptolemy.moml.MoMLSimpleApplication@7fc09944
----------------- Done invoking toplevel() on ptolemy.moml.MoMLSimpleApplication@7fc09944
reloadAllAccessors: .StopSDF

===========================================================================================
----------------- testing Thu Sep 05 05:43:00 UTC 2019 /home/travis/build/icyphy/ptII/ptolemy/actor/lib/test/auto/StringConstant.xml
----------------- Instantiating /home/travis/build/icyphy/ptII/ptolemy/actor/lib/test/auto/StringConstant.xml
11 ms. Memory: 638976K Free: 235436K (37%)
----------------- Invoking toplevel() on ptolemy.moml.MoMLSimpleApplication@65ba2c83
----------------- Done invoking toplevel() on ptolemy.moml.MoMLSimpleApplication@65ba2c83
reloadAllAccessors: .StringConstant

===========================================================================================
----------------- testing Thu Sep 05 05:43:00 UTC 2019 /home/travis/build/icyphy/ptII/ptolemy/actor/lib/test/auto/SubscriberPortInitialValues1.xml
----------------- Instantiating /home/travis/build/icyphy/ptII/ptolemy/actor/lib/test/auto/SubscriberPortInitialValues1.xml
13 ms. Memory: 638976K Free: 226730K (35%)
----------------- Invoking toplevel() on ptolemy.moml.MoMLSimpleApplication@49880bf4
----------------- Done invoking toplevel() on ptolemy.moml.MoMLSimpleApplication@49880bf4
reloadAllAccessors: .SubscriberPortInitialValues1

===========================================================================================
----------------- testing Thu Sep 05 05:43:00 UTC 2019 /home/travis/build/icyphy/ptII/ptolemy/actor/lib/test/auto/SubscriberPortInitialValues13.xml
----------------- Instantiating /home/travis/build/icyphy/ptII/ptolemy/actor/lib/test/auto/SubscriberPortInitialValues13.xml
7 ms. Memory: 638976K Free: 585130K (92%)
----------------- Invoking toplevel() on ptolemy.moml.MoMLSimpleApplication@47b0da22
----------------- Done invoking toplevel() on ptolemy.moml.MoMLSimpleApplication@47b0da22
reloadAllAccessors: .SubscriberPortInitialValues13

===========================================================================================
----------------- testing Thu Sep 05 05:43:01 UTC 2019 /home/travis/build/icyphy/ptII/ptolemy/actor/lib/test/auto/SubscriberPortInitialValues14.xml
----------------- Instantiating /home/travis/build/icyphy/ptII/ptolemy/actor/lib/test/auto/SubscriberPortInitialValues14.xml
4 ms. Memory: 638976K Free: 576938K (90%)
----------------- Invoking toplevel() on ptolemy.moml.MoMLSimpleApplication@13bb382a
----------------- Done invoking toplevel() on ptolemy.moml.MoMLSimpleApplication@13bb382a
reloadAllAccessors: .SubscriberPortInitialValues14

===========================================================================================
----------------- testing Thu Sep 05 05:43:01 UTC 2019 /home/travis/build/icyphy/ptII/ptolemy/actor/lib/test/auto/SubscriberPortInitialValues2.xml
----------------- Instantiating /home/travis/build/icyphy/ptII/ptolemy/actor/lib/test/auto/SubscriberPortInitialValues2.xml
5 ms. Memory: 638976K Free: 569260K (89%)
----------------- Invoking toplevel() on ptolemy.moml.MoMLSimpleApplication@4a877404
----------------- Done invoking toplevel() on ptolemy.moml.MoMLSimpleApplication@4a877404
reloadAllAccessors: .SubscriberPortInitialValues2

===========================================================================================
----------------- testing Thu Sep 05 05:43:01 UTC 2019 /home/travis/build/icyphy/ptII/ptolemy/actor/lib/test/auto/SubscriberPortInitialValues3.xml
----------------- Instantiating /home/travis/build/icyphy/ptII/ptolemy/actor/lib/test/auto/SubscriberPortInitialValues3.xml
5 ms. Memory: 638976K Free: 557996K (87%)
----------------- Invoking toplevel() on ptolemy.moml.MoMLSimpleApplication@2fca432f
----------------- Done invoking toplevel() on ptolemy.moml.MoMLSimpleApplication@2fca432f
reloadAllAccessors: .SubscriberPortInitialValues3

===========================================================================================
----------------- testing Thu Sep 05 05:43:01 UTC 2019 /home/travis/build/icyphy/ptII/ptolemy/actor/lib/test/auto/SubscriptionAggregator.xml
----------------- Instantiating /home/travis/build/icyphy/ptII/ptolemy/actor/lib/test/auto/SubscriptionAggregator.xml
3 ms. Memory: 638976K Free: 551324K (86%)
----------------- Invoking toplevel() on ptolemy.moml.MoMLSimpleApplication@c95d8ea
----------------- Done invoking toplevel() on ptolemy.moml.MoMLSimpleApplication@c95d8ea
reloadAllAccessors: .SubscriptionAggregator

===========================================================================================
----------------- testing Thu Sep 05 05:43:01 UTC 2019 /home/travis/build/icyphy/ptII/ptolemy/actor/lib/test/auto/SubscriptionAggregator2.xml
----------------- Instantiating /home/travis/build/icyphy/ptII/ptolemy/actor/lib/test/auto/SubscriptionAggregator2.xml
3 ms. Memory: 638976K Free: 544684K (85%)
----------------- Invoking toplevel() on ptolemy.moml.MoMLSimpleApplication@6397d717
----------------- Done invoking toplevel() on ptolemy.moml.MoMLSimpleApplication@6397d717
reloadAllAccessors: .SubscriptionAggregator2

===========================================================================================
----------------- testing Thu Sep 05 05:43:01 UTC 2019 /home/travis/build/icyphy/ptII/ptolemy/actor/lib/test/auto/SubscriptionAggregator3.xml
----------------- Instantiating /home/travis/build/icyphy/ptII/ptolemy/actor/lib/test/auto/SubscriptionAggregator3.xml
4 ms. Memory: 638976K Free: 535468K (84%)
----------------- Invoking toplevel() on ptolemy.moml.MoMLSimpleApplication@5f52fbfc
----------------- Done invoking toplevel() on ptolemy.moml.MoMLSimpleApplication@5f52fbfc
reloadAllAccessors: .SubscriptionAggregator3

===========================================================================================
----------------- testing Thu Sep 05 05:43:01 UTC 2019 /home/travis/build/icyphy/ptII/ptolemy/actor/lib/test/auto/SubscriptionAggregatorMultiply.xml
----------------- Instantiating /home/travis/build/icyphy/ptII/ptolemy/actor/lib/test/auto/SubscriptionAggregatorMultiply.xml
16 ms. Memory: 638976K Free: 527276K (83%)
----------------- Invoking toplevel() on ptolemy.moml.MoMLSimpleApplication@60148930
----------------- Done invoking toplevel() on ptolemy.moml.MoMLSimpleApplication@60148930
reloadAllAccessors: .SubscriptionAggregatorMultiply

===========================================================================================
----------------- testing Thu Sep 05 05:43:01 UTC 2019 /home/travis/build/icyphy/ptII/ptolemy/actor/lib/test/auto/SubscriptionAggregatorPortMultiply1.xml
----------------- Instantiating /home/travis/build/icyphy/ptII/ptolemy/actor/lib/test/auto/SubscriptionAggregatorPortMultiply1.xml
3 ms. Memory: 638976K Free: 519084K (81%)
----------------- Invoking toplevel() on ptolemy.moml.MoMLSimpleApplication@6427d027
----------------- Done invoking toplevel() on ptolemy.moml.MoMLSimpleApplication@6427d027
reloadAllAccessors: .SubscriptionAggregatorPortMultiply1

===========================================================================================
----------------- testing Thu Sep 05 05:43:01 UTC 2019 /home/travis/build/icyphy/ptII/ptolemy/actor/lib/test/auto/Switch.xml
----------------- Instantiating /home/travis/build/icyphy/ptII/ptolemy/actor/lib/test/auto/Switch.xml
7 ms. Memory: 638976K Free: 510378K (80%)
----------------- Invoking toplevel() on ptolemy.moml.MoMLSimpleApplication@aacd04e
----------------- Done invoking toplevel() on ptolemy.moml.MoMLSimpleApplication@aacd04e
reloadAllAccessors: .Switch

===========================================================================================
----------------- testing Thu Sep 05 05:43:01 UTC 2019 /home/travis/build/icyphy/ptII/ptolemy/actor/lib/test/auto/Switch2.xml
----------------- Instantiating /home/travis/build/icyphy/ptII/ptolemy/actor/lib/test/auto/Switch2.xml
1 ms. Memory: 638976K Free: 505772K (79%)
----------------- Invoking toplevel() on ptolemy.moml.MoMLSimpleApplication@1d59f838
----------------- Done invoking toplevel() on ptolemy.moml.MoMLSimpleApplication@1d59f838
reloadAllAccessors: .Switch2

===========================================================================================
----------------- testing Thu Sep 05 05:43:01 UTC 2019 /home/travis/build/icyphy/ptII/ptolemy/actor/lib/test/auto/SwitchDE.xml
----------------- Instantiating /home/travis/build/icyphy/ptII/ptolemy/actor/lib/test/auto/SwitchDE.xml
3 ms. Memory: 638976K Free: 499628K (78%)
----------------- Invoking toplevel() on ptolemy.moml.MoMLSimpleApplication@28e1b439
----------------- Done invoking toplevel() on ptolemy.moml.MoMLSimpleApplication@28e1b439
reloadAllAccessors: .SwitchDE

===========================================================================================
----------------- testing Thu Sep 05 05:43:01 UTC 2019 /home/travis/build/icyphy/ptII/ptolemy/actor/lib/test/auto/SynchronizerDE.xml
----------------- Instantiating /home/travis/build/icyphy/ptII/ptolemy/actor/lib/test/auto/SynchronizerDE.xml
7 ms. Memory: 638976K Free: 490892K (77%)
----------------- Invoking toplevel() on ptolemy.moml.MoMLSimpleApplication@7f715581
----------------- Done invoking toplevel() on ptolemy.moml.MoMLSimpleApplication@7f715581
reloadAllAccessors: .SynchronizerDE

===========================================================================================
----------------- testing Thu Sep 05 05:43:01 UTC 2019 /home/travis/build/icyphy/ptII/ptolemy/actor/lib/test/auto/Test.xml
----------------- Instantiating /home/travis/build/icyphy/ptII/ptolemy/actor/lib/test/auto/Test.xml
2 ms. Memory: 638976K Free: 485788K (76%)
----------------- Invoking toplevel() on ptolemy.moml.MoMLSimpleApplication@211ec70a
----------------- Done invoking toplevel() on ptolemy.moml.MoMLSimpleApplication@211ec70a
reloadAllAccessors: .Test

===========================================================================================
----------------- testing Thu Sep 05 05:43:01 UTC 2019 /home/travis/build/icyphy/ptII/ptolemy/actor/lib/test/auto/TestExceptionAttribute1.xml
----------------- Instantiating /home/travis/build/icyphy/ptII/ptolemy/actor/lib/test/auto/TestExceptionAttribute1.xml
1 ms. Memory: 638976K Free: 481706K (75%)
----------------- Invoking toplevel() on ptolemy.moml.MoMLSimpleApplication@67fb7b08
----------------- Done invoking toplevel() on ptolemy.moml.MoMLSimpleApplication@67fb7b08
reloadAllAccessors: .TestExceptionAttribute1

===========================================================================================
----------------- testing Thu Sep 05 05:43:01 UTC 2019 /home/travis/build/icyphy/ptII/ptolemy/actor/lib/test/auto/TestExceptionAttribute2.xml
----------------- Instantiating /home/travis/build/icyphy/ptII/ptolemy/actor/lib/test/auto/TestExceptionAttribute2.xml
1 ms. Memory: 638976K Free: 478124K (75%)
----------------- Invoking toplevel() on ptolemy.moml.MoMLSimpleApplication@3d37b702
----------------- Done invoking toplevel() on ptolemy.moml.MoMLSimpleApplication@3d37b702
reloadAllAccessors: .TestExceptionAttribute2

===========================================================================================
----------------- testing Thu Sep 05 05:43:01 UTC 2019 /home/travis/build/icyphy/ptII/ptolemy/actor/lib/test/auto/TestExceptionAttribute3.xml
----------------- Instantiating /home/travis/build/icyphy/ptII/ptolemy/actor/lib/test/auto/TestExceptionAttribute3.xml
.TestExceptionAttribute3.TestExceptionAttribute: initialize() was not invoked, but wrapup() was.  This is unusual, but not always a problem.  For example, exporting JNLP will do this.
1 ms. Memory: 638976K Free: 474538K (74%)
----------------- Invoking toplevel() on ptolemy.moml.MoMLSimpleApplication@4b237e4a
----------------- Done invoking toplevel() on ptolemy.moml.MoMLSimpleApplication@4b237e4a
reloadAllAccessors: .TestExceptionAttribute3

===========================================================================================
----------------- testing Thu Sep 05 05:43:01 UTC 2019 /home/travis/build/icyphy/ptII/ptolemy/actor/lib/test/auto/TestExceptionAttribute4.xml
----------------- Instantiating /home/travis/build/icyphy/ptII/ptolemy/actor/lib/test/auto/TestExceptionAttribute4.xml
.TestExceptionAttribute4.TestExceptionAttribute: initialize() was not invoked, but wrapup() was.  This is unusual, but not always a problem.  For example, exporting JNLP will do this.
.TestExceptionAttribute4.TestExceptionAttribute2: initialize() was not invoked, but wrapup() was.  This is unusual, but not always a problem.  For example, exporting JNLP will do this.
0 ms. Memory: 638976K Free: 469932K (74%)
----------------- Invoking toplevel() on ptolemy.moml.MoMLSimpleApplication@434233f1
----------------- Done invoking toplevel() on ptolemy.moml.MoMLSimpleApplication@434233f1
reloadAllAccessors: .TestExceptionAttribute4

===========================================================================================
----------------- testing Thu Sep 05 05:43:01 UTC 2019 /home/travis/build/icyphy/ptII/ptolemy/actor/lib/test/auto/TestExceptionHandler1.xml
----------------- Instantiating /home/travis/build/icyphy/ptII/ptolemy/actor/lib/test/auto/TestExceptionHandler1.xml
1 ms. Memory: 638976K Free: 466346K (73%)
----------------- Invoking toplevel() on ptolemy.moml.MoMLSimpleApplication@33440446
----------------- Done invoking toplevel() on ptolemy.moml.MoMLSimpleApplication@33440446
reloadAllAccessors: .TestExceptionHandler1

===========================================================================================
----------------- testing Thu Sep 05 05:43:01 UTC 2019 /home/travis/build/icyphy/ptII/ptolemy/actor/lib/test/auto/TestExceptionHandler2.xml
----------------- Instantiating /home/travis/build/icyphy/ptII/ptolemy/actor/lib/test/auto/TestExceptionHandler2.xml
1 ms. Memory: 638976K Free: 462250K (72%)
----------------- Invoking toplevel() on ptolemy.moml.MoMLSimpleApplication@4441b311
----------------- Done invoking toplevel() on ptolemy.moml.MoMLSimpleApplication@4441b311
reloadAllAccessors: .TestExceptionHandler2

===========================================================================================
----------------- testing Thu Sep 05 05:43:01 UTC 2019 /home/travis/build/icyphy/ptII/ptolemy/actor/lib/test/auto/TestExceptionHandler3.xml
----------------- Instantiating /home/travis/build/icyphy/ptII/ptolemy/actor/lib/test/auto/TestExceptionHandler3.xml
0 ms. Memory: 638976K Free: 458668K (72%)
----------------- Invoking toplevel() on ptolemy.moml.MoMLSimpleApplication@274945f3
----------------- Done invoking toplevel() on ptolemy.moml.MoMLSimpleApplication@274945f3
reloadAllAccessors: .TestExceptionHandler3

===========================================================================================
----------------- testing Thu Sep 05 05:43:01 UTC 2019 /home/travis/build/icyphy/ptII/ptolemy/actor/lib/test/auto/TestExceptionHandler4.xml
----------------- Instantiating /home/travis/build/icyphy/ptII/ptolemy/actor/lib/test/auto/TestExceptionHandler4.xml
1 ms. Memory: 638976K Free: 454572K (71%)
----------------- Invoking toplevel() on ptolemy.moml.MoMLSimpleApplication@529a98c9
----------------- Done invoking toplevel() on ptolemy.moml.MoMLSimpleApplication@529a98c9
reloadAllAccessors: .TestExceptionHandler4

===========================================================================================
----------------- testing Thu Sep 05 05:43:01 UTC 2019 /home/travis/build/icyphy/ptII/ptolemy/actor/lib/test/auto/TestRequireCorrectOrder.xml
----------------- Instantiating /home/travis/build/icyphy/ptII/ptolemy/actor/lib/test/auto/TestRequireCorrectOrder.xml
11 ms. Memory: 638976K Free: 448924K (70%)
----------------- Invoking toplevel() on ptolemy.moml.MoMLSimpleApplication@73bdcb35
----------------- Done invoking toplevel() on ptolemy.moml.MoMLSimpleApplication@73bdcb35
reloadAllAccessors: .TestRequireCorrectOrder

===========================================================================================
----------------- testing Thu Sep 05 05:43:01 UTC 2019 /home/travis/build/icyphy/ptII/ptolemy/actor/lib/test/auto/TestSimple.xml
----------------- Instantiating /home/travis/build/icyphy/ptII/ptolemy/actor/lib/test/auto/TestSimple.xml
2 ms. Memory: 638976K Free: 444332K (70%)
----------------- Invoking toplevel() on ptolemy.moml.MoMLSimpleApplication@5749730e
----------------- Done invoking toplevel() on ptolemy.moml.MoMLSimpleApplication@5749730e
reloadAllAccessors: .TestSimple

===========================================================================================
----------------- testing Thu Sep 05 05:43:01 UTC 2019 /home/travis/build/icyphy/ptII/ptolemy/actor/lib/test/auto/ThrowModelError.xml
----------------- Instantiating /home/travis/build/icyphy/ptII/ptolemy/actor/lib/test/auto/ThrowModelError.xml
1 ms. Memory: 638976K Free: 439212K (69%)
----------------- Invoking toplevel() on ptolemy.moml.MoMLSimpleApplication@2aa95e3
----------------- Done invoking toplevel() on ptolemy.moml.MoMLSimpleApplication@2aa95e3
reloadAllAccessors: .ThrowModelError

===========================================================================================
----------------- testing Thu Sep 05 05:43:01 UTC 2019 /home/travis/build/icyphy/ptII/ptolemy/actor/lib/test/auto/TimeDelayMicrosteps.xml
----------------- Instantiating /home/travis/build/icyphy/ptII/ptolemy/actor/lib/test/auto/TimeDelayMicrosteps.xml
3 ms. Memory: 638976K Free: 432524K (68%)
----------------- Invoking toplevel() on ptolemy.moml.MoMLSimpleApplication@77ebb8c
----------------- Done invoking toplevel() on ptolemy.moml.MoMLSimpleApplication@77ebb8c
reloadAllAccessors: .TimeDelayMicrosteps

===========================================================================================
----------------- testing Thu Sep 05 05:43:01 UTC 2019 /home/travis/build/icyphy/ptII/ptolemy/actor/lib/test/auto/TimeDelayMicrosteps2.xml
----------------- Instantiating /home/travis/build/icyphy/ptII/ptolemy/actor/lib/test/auto/TimeDelayMicrosteps2.xml
3 ms. Memory: 638976K Free: 424876K (66%)
----------------- Invoking toplevel() on ptolemy.moml.MoMLSimpleApplication@5efb6097
----------------- Done invoking toplevel() on ptolemy.moml.MoMLSimpleApplication@5efb6097
reloadAllAccessors: .TimeDelayMicrosteps2

===========================================================================================
----------------- testing Thu Sep 05 05:43:01 UTC 2019 /home/travis/build/icyphy/ptII/ptolemy/actor/lib/test/auto/TimeDelayMicrosteps3.xml
----------------- Instantiating /home/travis/build/icyphy/ptII/ptolemy/actor/lib/test/auto/TimeDelayMicrosteps3.xml
3 ms. Memory: 638976K Free: 418204K (65%)
----------------- Invoking toplevel() on ptolemy.moml.MoMLSimpleApplication@71e171d8
----------------- Done invoking toplevel() on ptolemy.moml.MoMLSimpleApplication@71e171d8
reloadAllAccessors: .TimeDelayMicrosteps3

===========================================================================================
----------------- testing Thu Sep 05 05:43:01 UTC 2019 /home/travis/build/icyphy/ptII/ptolemy/actor/lib/test/auto/TimeDelayVariableMicrosteps.xml
----------------- Instantiating /home/travis/build/icyphy/ptII/ptolemy/actor/lib/test/auto/TimeDelayVariableMicrosteps.xml
4 ms. Memory: 638976K Free: 412071K (64%)
----------------- Invoking toplevel() on ptolemy.moml.MoMLSimpleApplication@873bfb3
----------------- Done invoking toplevel() on ptolemy.moml.MoMLSimpleApplication@873bfb3
reloadAllAccessors: .TimeDelayVariableMicrosteps

===========================================================================================
----------------- testing Thu Sep 05 05:43:01 UTC 2019 /home/travis/build/icyphy/ptII/ptolemy/actor/lib/test/auto/TimeGap.xml
----------------- Instantiating /home/travis/build/icyphy/ptII/ptolemy/actor/lib/test/auto/TimeGap.xml
4 ms. Memory: 638976K Free: 406444K (64%)
----------------- Invoking toplevel() on ptolemy.moml.MoMLSimpleApplication@6369cf76
----------------- Done invoking toplevel() on ptolemy.moml.MoMLSimpleApplication@6369cf76
reloadAllAccessors: .TimeGap

===========================================================================================
----------------- testing Thu Sep 05 05:43:01 UTC 2019 /home/travis/build/icyphy/ptII/ptolemy/actor/lib/test/auto/TimeGap2.xml
----------------- Instantiating /home/travis/build/icyphy/ptII/ptolemy/actor/lib/test/auto/TimeGap2.xml
2 ms. Memory: 638976K Free: 400780K (63%)
----------------- Invoking toplevel() on ptolemy.moml.MoMLSimpleApplication@12c760a9
----------------- Done invoking toplevel() on ptolemy.moml.MoMLSimpleApplication@12c760a9
reloadAllAccessors: .TimeGap2

===========================================================================================
----------------- testing Thu Sep 05 05:43:01 UTC 2019 /home/travis/build/icyphy/ptII/ptolemy/actor/lib/test/auto/TimedSinewave.xml
----------------- Instantiating /home/travis/build/icyphy/ptII/ptolemy/actor/lib/test/auto/TimedSinewave.xml
30 ms. Memory: 638976K Free: 386474K (60%)
----------------- Invoking toplevel() on ptolemy.moml.MoMLSimpleApplication@1b767518
----------------- Done invoking toplevel() on ptolemy.moml.MoMLSimpleApplication@1b767518
reloadAllAccessors: .TimedSinewave

===========================================================================================
----------------- testing Thu Sep 05 05:43:01 UTC 2019 /home/travis/build/icyphy/ptII/ptolemy/actor/lib/test/auto/TimedSinewavePhase.xml
----------------- Instantiating /home/travis/build/icyphy/ptII/ptolemy/actor/lib/test/auto/TimedSinewavePhase.xml
11 ms. Memory: 638976K Free: 376748K (59%)
----------------- Invoking toplevel() on ptolemy.moml.MoMLSimpleApplication@2cfd173c
----------------- Done invoking toplevel() on ptolemy.moml.MoMLSimpleApplication@2cfd173c
reloadAllAccessors: .TimedSinewavePhase

===========================================================================================
----------------- testing Thu Sep 05 05:43:01 UTC 2019 /home/travis/build/icyphy/ptII/ptolemy/actor/lib/test/auto/Timer.xml
----------------- Instantiating /home/travis/build/icyphy/ptII/ptolemy/actor/lib/test/auto/Timer.xml
2 ms. Memory: 638976K Free: 370604K (58%)
----------------- Invoking toplevel() on ptolemy.moml.MoMLSimpleApplication@38ecb21a
----------------- Done invoking toplevel() on ptolemy.moml.MoMLSimpleApplication@38ecb21a
reloadAllAccessors: .Timer

===========================================================================================
----------------- testing Thu Sep 05 05:43:01 UTC 2019 /home/travis/build/icyphy/ptII/ptolemy/actor/lib/test/auto/TriangularDistTestModel.xml
----------------- Instantiating /home/travis/build/icyphy/ptII/ptolemy/actor/lib/test/auto/TriangularDistTestModel.xml
2 ms. Memory: 638976K Free: 364964K (57%)
----------------- Invoking toplevel() on ptolemy.moml.MoMLSimpleApplication@37812390
----------------- Done invoking toplevel() on ptolemy.moml.MoMLSimpleApplication@37812390
reloadAllAccessors: .TriangularDistTestModel

===========================================================================================
----------------- testing Thu Sep 05 05:43:01 UTC 2019 /home/travis/build/icyphy/ptII/ptolemy/actor/lib/test/auto/TrigFunction.xml
----------------- Instantiating /home/travis/build/icyphy/ptII/ptolemy/actor/lib/test/auto/TrigFunction.xml
1 ms. Memory: 638976K Free: 359850K (56%)
----------------- Invoking toplevel() on ptolemy.moml.MoMLSimpleApplication@56f7cc1f
----------------- Done invoking toplevel() on ptolemy.moml.MoMLSimpleApplication@56f7cc1f
reloadAllAccessors: .TrigFunction

===========================================================================================
----------------- testing Thu Sep 05 05:43:01 UTC 2019 /home/travis/build/icyphy/ptII/ptolemy/actor/lib/test/auto/TrigFunctionDE.xml
----------------- Instantiating /home/travis/build/icyphy/ptII/ptolemy/actor/lib/test/auto/TrigFunctionDE.xml
2 ms. Memory: 638976K Free: 354220K (55%)
----------------- Invoking toplevel() on ptolemy.moml.MoMLSimpleApplication@6e353f88
----------------- Done invoking toplevel() on ptolemy.moml.MoMLSimpleApplication@6e353f88
reloadAllAccessors: .TrigFunctionDE

===========================================================================================
----------------- testing Thu Sep 05 05:43:01 UTC 2019 /home/travis/build/icyphy/ptII/ptolemy/actor/lib/test/auto/TrigFunctionInverse.xml
----------------- Instantiating /home/travis/build/icyphy/ptII/ptolemy/actor/lib/test/auto/TrigFunctionInverse.xml
2 ms. Memory: 638976K Free: 349100K (55%)
----------------- Invoking toplevel() on ptolemy.moml.MoMLSimpleApplication@d642fe4
----------------- Done invoking toplevel() on ptolemy.moml.MoMLSimpleApplication@d642fe4
reloadAllAccessors: .TrigFunctionInverse

===========================================================================================
----------------- testing Thu Sep 05 05:43:01 UTC 2019 /home/travis/build/icyphy/ptII/ptolemy/actor/lib/test/auto/TrigFunctionTan.xml
----------------- Instantiating /home/travis/build/icyphy/ptII/ptolemy/actor/lib/test/auto/TrigFunctionTan.xml
2 ms. Memory: 638976K Free: 344490K (54%)
----------------- Invoking toplevel() on ptolemy.moml.MoMLSimpleApplication@30191fa
----------------- Done invoking toplevel() on ptolemy.moml.MoMLSimpleApplication@30191fa
reloadAllAccessors: .TrigFunctionTan

===========================================================================================
----------------- testing Thu Sep 05 05:43:01 UTC 2019 /home/travis/build/icyphy/ptII/ptolemy/actor/lib/test/auto/TriggeredClock.xml
----------------- Instantiating /home/travis/build/icyphy/ptII/ptolemy/actor/lib/test/auto/TriggeredClock.xml
2 ms. Memory: 638976K Free: 339852K (53%)
----------------- Invoking toplevel() on ptolemy.moml.MoMLSimpleApplication@64aa0e5e
----------------- Done invoking toplevel() on ptolemy.moml.MoMLSimpleApplication@64aa0e5e
reloadAllAccessors: .TriggeredClock

===========================================================================================
----------------- testing Thu Sep 05 05:43:01 UTC 2019 /home/travis/build/icyphy/ptII/ptolemy/actor/lib/test/auto/URLDirectoryReader.xml
----------------- Instantiating /home/travis/build/icyphy/ptII/ptolemy/actor/lib/test/auto/URLDirectoryReader.xml
41 ms. Memory: 638976K Free: 329644K (52%)
----------------- Invoking toplevel() on ptolemy.moml.MoMLSimpleApplication@3241eec0
----------------- Done invoking toplevel() on ptolemy.moml.MoMLSimpleApplication@3241eec0
reloadAllAccessors: .URLDirectoryReader

===========================================================================================
----------------- testing Thu Sep 05 05:43:01 UTC 2019 /home/travis/build/icyphy/ptII/ptolemy/actor/lib/test/auto/URLDirectoryReader3.xml
----------------- Instantiating /home/travis/build/icyphy/ptII/ptolemy/actor/lib/test/auto/URLDirectoryReader3.xml
1245 ms. Memory: 638976K Free: 580524K (91%)
----------------- Invoking toplevel() on ptolemy.moml.MoMLSimpleApplication@1e6661f7
----------------- Done invoking toplevel() on ptolemy.moml.MoMLSimpleApplication@1e6661f7
reloadAllAccessors: .URLDirectoryReader3

===========================================================================================
----------------- testing Thu Sep 05 05:43:03 UTC 2019 /home/travis/build/icyphy/ptII/ptolemy/actor/lib/test/auto/UnaryMathFunction.xml
----------------- Instantiating /home/travis/build/icyphy/ptII/ptolemy/actor/lib/test/auto/UnaryMathFunction.xml
2 ms. Memory: 638976K Free: 572332K (90%)
----------------- Invoking toplevel() on ptolemy.moml.MoMLSimpleApplication@30da7540
----------------- Done invoking toplevel() on ptolemy.moml.MoMLSimpleApplication@30da7540
reloadAllAccessors: .UnaryMathFunction

===========================================================================================
----------------- testing Thu Sep 05 05:43:03 UTC 2019 /home/travis/build/icyphy/ptII/ptolemy/actor/lib/test/auto/Uniform.xml
----------------- Instantiating /home/travis/build/icyphy/ptII/ptolemy/actor/lib/test/auto/Uniform.xml
2 ms. Memory: 638976K Free: 567722K (89%)
----------------- Invoking toplevel() on ptolemy.moml.MoMLSimpleApplication@3e96132a
----------------- Done invoking toplevel() on ptolemy.moml.MoMLSimpleApplication@3e96132a
reloadAllAccessors: .Uniform

===========================================================================================
----------------- testing Thu Sep 05 05:43:03 UTC 2019 /home/travis/build/icyphy/ptII/ptolemy/actor/lib/test/auto/UnionDisassemblerTest.xml
----------------- Instantiating /home/travis/build/icyphy/ptII/ptolemy/actor/lib/test/auto/UnionDisassemblerTest.xml
16 ms. Memory: 638976K Free: 564140K (88%)
----------------- Invoking toplevel() on ptolemy.moml.MoMLSimpleApplication@68880ca5
----------------- Done invoking toplevel() on ptolemy.moml.MoMLSimpleApplication@68880ca5
reloadAllAccessors: .UnionDisassemblerTest

===========================================================================================
----------------- testing Thu Sep 05 05:43:03 UTC 2019 /home/travis/build/icyphy/ptII/ptolemy/actor/lib/test/auto/UtilityFunctions.xml
----------------- Instantiating /home/travis/build/icyphy/ptII/ptolemy/actor/lib/test/auto/UtilityFunctions.xml
1 ms. Memory: 638976K Free: 559530K (88%)
----------------- Invoking toplevel() on ptolemy.moml.MoMLSimpleApplication@30da5db1
----------------- Done invoking toplevel() on ptolemy.moml.MoMLSimpleApplication@30da5db1
reloadAllAccessors: .UtilityFunctions

===========================================================================================
----------------- testing Thu Sep 05 05:43:03 UTC 2019 /home/travis/build/icyphy/ptII/ptolemy/actor/lib/test/auto/VariableSleep.xml
----------------- Instantiating /home/travis/build/icyphy/ptII/ptolemy/actor/lib/test/auto/VariableSleep.xml
503 ms. Memory: 638976K Free: 554410K (87%)
----------------- Invoking toplevel() on ptolemy.moml.MoMLSimpleApplication@18d0e7ca
----------------- Done invoking toplevel() on ptolemy.moml.MoMLSimpleApplication@18d0e7ca
reloadAllAccessors: .VariableSleep

===========================================================================================
----------------- testing Thu Sep 05 05:43:03 UTC 2019 /home/travis/build/icyphy/ptII/ptolemy/actor/lib/test/auto/VectorAssemblerDisassemblerCT.xml
----------------- Instantiating /home/travis/build/icyphy/ptII/ptolemy/actor/lib/test/auto/VectorAssemblerDisassemblerCT.xml
75 ms. Memory: 638976K Free: 532906K (83%)
----------------- Invoking toplevel() on ptolemy.moml.MoMLSimpleApplication@492554c6
----------------- Done invoking toplevel() on ptolemy.moml.MoMLSimpleApplication@492554c6
reloadAllAccessors: .VectorAssemblerDisassemblerCT

===========================================================================================
----------------- testing Thu Sep 05 05:43:04 UTC 2019 /home/travis/build/icyphy/ptII/ptolemy/actor/lib/test/auto/VectorAssemblerDisassemblerDE.xml
----------------- Instantiating /home/travis/build/icyphy/ptII/ptolemy/actor/lib/test/auto/VectorAssemblerDisassemblerDE.xml
3 ms. Memory: 638976K Free: 524714K (82%)
----------------- Invoking toplevel() on ptolemy.moml.MoMLSimpleApplication@15e476df
----------------- Done invoking toplevel() on ptolemy.moml.MoMLSimpleApplication@15e476df
reloadAllAccessors: .VectorAssemblerDisassemblerDE

===========================================================================================
----------------- testing Thu Sep 05 05:43:04 UTC 2019 /home/travis/build/icyphy/ptII/ptolemy/actor/lib/test/auto/VectorAssemblerDisassemblerSDF.xml
----------------- Instantiating /home/travis/build/icyphy/ptII/ptolemy/actor/lib/test/auto/VectorAssemblerDisassemblerSDF.xml
3 ms. Memory: 638976K Free: 518060K (81%)
----------------- Invoking toplevel() on ptolemy.moml.MoMLSimpleApplication@22fd67ee
----------------- Done invoking toplevel() on ptolemy.moml.MoMLSimpleApplication@22fd67ee
reloadAllAccessors: .VectorAssemblerDisassemblerSDF

===========================================================================================
----------------- testing Thu Sep 05 05:43:04 UTC 2019 /home/travis/build/icyphy/ptII/ptolemy/actor/lib/test/auto/WallClockTime.xml
----------------- Instantiating /home/travis/build/icyphy/ptII/ptolemy/actor/lib/test/auto/WallClockTime.xml
1004 ms. Memory: 638976K Free: 512426K (80%)
----------------- Invoking toplevel() on ptolemy.moml.MoMLSimpleApplication@18407bc9
----------------- Done invoking toplevel() on ptolemy.moml.MoMLSimpleApplication@18407bc9
reloadAllAccessors: .WallClockTime

===========================================================================================
----------------- testing Thu Sep 05 05:43:05 UTC 2019 /home/travis/build/icyphy/ptII/ptolemy/actor/lib/test/auto/WidthTestWithSubscriberPublisher.xml
----------------- Instantiating /home/travis/build/icyphy/ptII/ptolemy/actor/lib/test/auto/WidthTestWithSubscriberPublisher.xml
7 ms. Memory: 638976K Free: 494508K (77%)
----------------- Invoking toplevel() on ptolemy.moml.MoMLSimpleApplication@1feae6ad
----------------- Done invoking toplevel() on ptolemy.moml.MoMLSimpleApplication@1feae6ad
reloadAllAccessors: .WidthTestWithSubscriberPublisher

===========================================================================================
----------------- testing Thu Sep 05 05:43:05 UTC 2019 /home/travis/build/icyphy/ptII/ptolemy/actor/lib/test/auto/WidthTestWithSubscriberPublisher2.xml
----------------- Instantiating /home/travis/build/icyphy/ptII/ptolemy/actor/lib/test/auto/WidthTestWithSubscriberPublisher2.xml
3 ms. Memory: 638976K Free: 488364K (76%)
----------------- Invoking toplevel() on ptolemy.moml.MoMLSimpleApplication@22f4eb06
----------------- Done invoking toplevel() on ptolemy.moml.MoMLSimpleApplication@22f4eb06
reloadAllAccessors: .WidthTestWithSubscriberPublisher2

===========================================================================================
----------------- testing Thu Sep 05 05:43:05 UTC 2019 /home/travis/build/icyphy/ptII/ptolemy/actor/lib/test/auto/WidthTestWithSubscriberPublisher3.xml
----------------- Instantiating /home/travis/build/icyphy/ptII/ptolemy/actor/lib/test/auto/WidthTestWithSubscriberPublisher3.xml
3 ms. Memory: 638976K Free: 482220K (75%)
----------------- Invoking toplevel() on ptolemy.moml.MoMLSimpleApplication@1d68f6f0
----------------- Done invoking toplevel() on ptolemy.moml.MoMLSimpleApplication@1d68f6f0
reloadAllAccessors: .WidthTestWithSubscriberPublisher3

===========================================================================================
----------------- testing Thu Sep 05 05:43:05 UTC 2019 /home/travis/build/icyphy/ptII/ptolemy/actor/lib/test/auto/Writer.xml
----------------- Instantiating /home/travis/build/icyphy/ptII/ptolemy/actor/lib/test/auto/Writer.xml
0
1
2
3
4
1 ms. Memory: 638976K Free: 478124K (75%)
----------------- Invoking toplevel() on ptolemy.moml.MoMLSimpleApplication@6fe79404
----------------- Done invoking toplevel() on ptolemy.moml.MoMLSimpleApplication@6fe79404
reloadAllAccessors: .Writer

===========================================================================================
----------------- testing Thu Sep 05 05:43:05 UTC 2019 /home/travis/build/icyphy/ptII/ptolemy/actor/lib/test/auto/array.xml
----------------- Instantiating /home/travis/build/icyphy/ptII/ptolemy/actor/lib/test/auto/array.xml
2 ms. Memory: 638976K Free: 473514K (74%)
----------------- Invoking toplevel() on ptolemy.moml.MoMLSimpleApplication@64c935d7
----------------- Done invoking toplevel() on ptolemy.moml.MoMLSimpleApplication@64c935d7
reloadAllAccessors: .array

===========================================================================================
----------------- testing Thu Sep 05 05:43:05 UTC 2019 /home/travis/build/icyphy/ptII/ptolemy/actor/lib/test/auto/array2.xml
----------------- Instantiating /home/travis/build/icyphy/ptII/ptolemy/actor/lib/test/auto/array2.xml
3 ms. Memory: 638976K Free: 468380K (73%)
----------------- Invoking toplevel() on ptolemy.moml.MoMLSimpleApplication@69bb9611
----------------- Done invoking toplevel() on ptolemy.moml.MoMLSimpleApplication@69bb9611
reloadAllAccessors: .array2

===========================================================================================
----------------- testing Thu Sep 05 05:43:05 UTC 2019 /home/travis/build/icyphy/ptII/ptolemy/actor/lib/test/auto/arrayType.xml
----------------- Instantiating /home/travis/build/icyphy/ptII/ptolemy/actor/lib/test/auto/arrayType.xml
2 ms. Memory: 638976K Free: 463274K (73%)
----------------- Invoking toplevel() on ptolemy.moml.MoMLSimpleApplication@6dcf627d
----------------- Done invoking toplevel() on ptolemy.moml.MoMLSimpleApplication@6dcf627d
reloadAllAccessors: .arrayType

===========================================================================================
----------------- testing Thu Sep 05 05:43:05 UTC 2019 /home/travis/build/icyphy/ptII/ptolemy/actor/lib/test/auto/arrayType10.xml
----------------- Instantiating /home/travis/build/icyphy/ptII/ptolemy/actor/lib/test/auto/arrayType10.xml
1 ms. Memory: 638976K Free: 458668K (72%)
----------------- Invoking toplevel() on ptolemy.moml.MoMLSimpleApplication@1cebcd1a
----------------- Done invoking toplevel() on ptolemy.moml.MoMLSimpleApplication@1cebcd1a
reloadAllAccessors: .arrayType10

===========================================================================================
----------------- testing Thu Sep 05 05:43:05 UTC 2019 /home/travis/build/icyphy/ptII/ptolemy/actor/lib/test/auto/arrayType11.xml
----------------- Instantiating /home/travis/build/icyphy/ptII/ptolemy/actor/lib/test/auto/arrayType11.xml
1 ms. Memory: 638976K Free: 453548K (71%)
----------------- Invoking toplevel() on ptolemy.moml.MoMLSimpleApplication@51eac9c9
----------------- Done invoking toplevel() on ptolemy.moml.MoMLSimpleApplication@51eac9c9
reloadAllAccessors: .arrayType11

===========================================================================================
----------------- testing Thu Sep 05 05:43:05 UTC 2019 /home/travis/build/icyphy/ptII/ptolemy/actor/lib/test/auto/arrayType12.xml
----------------- Instantiating /home/travis/build/icyphy/ptII/ptolemy/actor/lib/test/auto/arrayType12.xml
1 ms. Memory: 638976K Free: 448938K (70%)
----------------- Invoking toplevel() on ptolemy.moml.MoMLSimpleApplication@20a690ab
----------------- Done invoking toplevel() on ptolemy.moml.MoMLSimpleApplication@20a690ab
reloadAllAccessors: .arrayType12

===========================================================================================
----------------- testing Thu Sep 05 05:43:05 UTC 2019 /home/travis/build/icyphy/ptII/ptolemy/actor/lib/test/auto/arrayType13.xml
----------------- Instantiating /home/travis/build/icyphy/ptII/ptolemy/actor/lib/test/auto/arrayType13.xml
2 ms. Memory: 638976K Free: 443308K (69%)
----------------- Invoking toplevel() on ptolemy.moml.MoMLSimpleApplication@6d53da63
----------------- Done invoking toplevel() on ptolemy.moml.MoMLSimpleApplication@6d53da63
reloadAllAccessors: .arrayType13

===========================================================================================
----------------- testing Thu Sep 05 05:43:05 UTC 2019 /home/travis/build/icyphy/ptII/ptolemy/actor/lib/test/auto/arrayType14.xml
----------------- Instantiating /home/travis/build/icyphy/ptII/ptolemy/actor/lib/test/auto/arrayType14.xml
2 ms. Memory: 638976K Free: 438188K (69%)
----------------- Invoking toplevel() on ptolemy.moml.MoMLSimpleApplication@57f8a898
----------------- Done invoking toplevel() on ptolemy.moml.MoMLSimpleApplication@57f8a898
reloadAllAccessors: .arrayType14

===========================================================================================
----------------- testing Thu Sep 05 05:43:05 UTC 2019 /home/travis/build/icyphy/ptII/ptolemy/actor/lib/test/auto/arrayType15.xml
----------------- Instantiating /home/travis/build/icyphy/ptII/ptolemy/actor/lib/test/auto/arrayType15.xml
6 ms. Memory: 638976K Free: 433068K (68%)
----------------- Invoking toplevel() on ptolemy.moml.MoMLSimpleApplication@2ad0ddb4
----------------- Done invoking toplevel() on ptolemy.moml.MoMLSimpleApplication@2ad0ddb4
reloadAllAccessors: .arrayType15

===========================================================================================
----------------- testing Thu Sep 05 05:43:05 UTC 2019 /home/travis/build/icyphy/ptII/ptolemy/actor/lib/test/auto/arrayType16.xml
----------------- Instantiating /home/travis/build/icyphy/ptII/ptolemy/actor/lib/test/auto/arrayType16.xml
2 ms. Memory: 638976K Free: 427434K (67%)
----------------- Invoking toplevel() on ptolemy.moml.MoMLSimpleApplication@2a08f088
----------------- Done invoking toplevel() on ptolemy.moml.MoMLSimpleApplication@2a08f088
reloadAllAccessors: .arrayType16

===========================================================================================
----------------- testing Thu Sep 05 05:43:05 UTC 2019 /home/travis/build/icyphy/ptII/ptolemy/actor/lib/test/auto/arrayType17.xml
----------------- Instantiating /home/travis/build/icyphy/ptII/ptolemy/actor/lib/test/auto/arrayType17.xml
2 ms. Memory: 638976K Free: 422314K (66%)
----------------- Invoking toplevel() on ptolemy.moml.MoMLSimpleApplication@3a284ea4
----------------- Done invoking toplevel() on ptolemy.moml.MoMLSimpleApplication@3a284ea4
reloadAllAccessors: .arrayType17

===========================================================================================
----------------- testing Thu Sep 05 05:43:05 UTC 2019 /home/travis/build/icyphy/ptII/ptolemy/actor/lib/test/auto/arrayType18.xml
----------------- Instantiating /home/travis/build/icyphy/ptII/ptolemy/actor/lib/test/auto/arrayType18.xml
1 ms. Memory: 638976K Free: 417708K (65%)
----------------- Invoking toplevel() on ptolemy.moml.MoMLSimpleApplication@49735db8
----------------- Done invoking toplevel() on ptolemy.moml.MoMLSimpleApplication@49735db8
reloadAllAccessors: .arrayType18

===========================================================================================
----------------- testing Thu Sep 05 05:43:05 UTC 2019 /home/travis/build/icyphy/ptII/ptolemy/actor/lib/test/auto/arrayType19.xml
----------------- Instantiating /home/travis/build/icyphy/ptII/ptolemy/actor/lib/test/auto/arrayType19.xml
1 ms. Memory: 638976K Free: 412588K (65%)
----------------- Invoking toplevel() on ptolemy.moml.MoMLSimpleApplication@1d5854d
----------------- Done invoking toplevel() on ptolemy.moml.MoMLSimpleApplication@1d5854d
reloadAllAccessors: .arrayType19

===========================================================================================
----------------- testing Thu Sep 05 05:43:05 UTC 2019 /home/travis/build/icyphy/ptII/ptolemy/actor/lib/test/auto/arrayType2.xml
----------------- Instantiating /home/travis/build/icyphy/ptII/ptolemy/actor/lib/test/auto/arrayType2.xml
2 ms. Memory: 638976K Free: 407468K (64%)
----------------- Invoking toplevel() on ptolemy.moml.MoMLSimpleApplication@4a068a4b
----------------- Done invoking toplevel() on ptolemy.moml.MoMLSimpleApplication@4a068a4b
reloadAllAccessors: .arrayType2

===========================================================================================
----------------- testing Thu Sep 05 05:43:05 UTC 2019 /home/travis/build/icyphy/ptII/ptolemy/actor/lib/test/auto/arrayType20.xml
----------------- Instantiating /home/travis/build/icyphy/ptII/ptolemy/actor/lib/test/auto/arrayType20.xml
1 ms. Memory: 638976K Free: 402348K (63%)
----------------- Invoking toplevel() on ptolemy.moml.MoMLSimpleApplication@85e7310
----------------- Done invoking toplevel() on ptolemy.moml.MoMLSimpleApplication@85e7310
reloadAllAccessors: .arrayType20

===========================================================================================
----------------- testing Thu Sep 05 05:43:05 UTC 2019 /home/travis/build/icyphy/ptII/ptolemy/actor/lib/test/auto/arrayType21.xml
----------------- Instantiating /home/travis/build/icyphy/ptII/ptolemy/actor/lib/test/auto/arrayType21.xml
1 ms. Memory: 638976K Free: 397738K (62%)
----------------- Invoking toplevel() on ptolemy.moml.MoMLSimpleApplication@2d528aa5
----------------- Done invoking toplevel() on ptolemy.moml.MoMLSimpleApplication@2d528aa5
reloadAllAccessors: .arrayType21

===========================================================================================
----------------- testing Thu Sep 05 05:43:05 UTC 2019 /home/travis/build/icyphy/ptII/ptolemy/actor/lib/test/auto/arrayType22.xml
----------------- Instantiating /home/travis/build/icyphy/ptII/ptolemy/actor/lib/test/auto/arrayType22.xml
1 ms. Memory: 638976K Free: 393132K (62%)
----------------- Invoking toplevel() on ptolemy.moml.MoMLSimpleApplication@24c4037f
----------------- Done invoking toplevel() on ptolemy.moml.MoMLSimpleApplication@24c4037f
reloadAllAccessors: .arrayType22

===========================================================================================
----------------- testing Thu Sep 05 05:43:05 UTC 2019 /home/travis/build/icyphy/ptII/ptolemy/actor/lib/test/auto/arrayType23.xml
----------------- Instantiating /home/travis/build/icyphy/ptII/ptolemy/actor/lib/test/auto/arrayType23.xml
1 ms. Memory: 638976K Free: 388012K (61%)
----------------- Invoking toplevel() on ptolemy.moml.MoMLSimpleApplication@30acc7f6
----------------- Done invoking toplevel() on ptolemy.moml.MoMLSimpleApplication@30acc7f6
reloadAllAccessors: .arrayType23

===========================================================================================
----------------- testing Thu Sep 05 05:43:05 UTC 2019 /home/travis/build/icyphy/ptII/ptolemy/actor/lib/test/auto/arrayType24.xml
----------------- Instantiating /home/travis/build/icyphy/ptII/ptolemy/actor/lib/test/auto/arrayType24.xml
3 ms. Memory: 638976K Free: 383402K (60%)
----------------- Invoking toplevel() on ptolemy.moml.MoMLSimpleApplication@ae69ff1
----------------- Done invoking toplevel() on ptolemy.moml.MoMLSimpleApplication@ae69ff1
reloadAllAccessors: .arrayType24

===========================================================================================
----------------- testing Thu Sep 05 05:43:05 UTC 2019 /home/travis/build/icyphy/ptII/ptolemy/actor/lib/test/auto/arrayType25.xml
----------------- Instantiating /home/travis/build/icyphy/ptII/ptolemy/actor/lib/test/auto/arrayType25.xml
1 ms. Memory: 638976K Free: 378282K (59%)
----------------- Invoking toplevel() on ptolemy.moml.MoMLSimpleApplication@75d12568
----------------- Done invoking toplevel() on ptolemy.moml.MoMLSimpleApplication@75d12568
reloadAllAccessors: .arrayType25

===========================================================================================
----------------- testing Thu Sep 05 05:43:05 UTC 2019 /home/travis/build/icyphy/ptII/ptolemy/actor/lib/test/auto/arrayType26.xml
----------------- Instantiating /home/travis/build/icyphy/ptII/ptolemy/actor/lib/test/auto/arrayType26.xml
1 ms. Memory: 638976K Free: 372652K (58%)
----------------- Invoking toplevel() on ptolemy.moml.MoMLSimpleApplication@11d31141
----------------- Done invoking toplevel() on ptolemy.moml.MoMLSimpleApplication@11d31141
reloadAllAccessors: .arrayType26

===========================================================================================
----------------- testing Thu Sep 05 05:43:05 UTC 2019 /home/travis/build/icyphy/ptII/ptolemy/actor/lib/test/auto/arrayType27.xml
----------------- Instantiating /home/travis/build/icyphy/ptII/ptolemy/actor/lib/test/auto/arrayType27.xml
2 ms. Memory: 638976K Free: 367532K (58%)
----------------- Invoking toplevel() on ptolemy.moml.MoMLSimpleApplication@59af8b12
----------------- Done invoking toplevel() on ptolemy.moml.MoMLSimpleApplication@59af8b12
reloadAllAccessors: .arrayType27

===========================================================================================
----------------- testing Thu Sep 05 05:43:05 UTC 2019 /home/travis/build/icyphy/ptII/ptolemy/actor/lib/test/auto/arrayType28.xml
----------------- Instantiating /home/travis/build/icyphy/ptII/ptolemy/actor/lib/test/auto/arrayType28.xml
1 ms. Memory: 638976K Free: 361898K (57%)
----------------- Invoking toplevel() on ptolemy.moml.MoMLSimpleApplication@5312749a
----------------- Done invoking toplevel() on ptolemy.moml.MoMLSimpleApplication@5312749a
reloadAllAccessors: .arrayType28

===========================================================================================
----------------- testing Thu Sep 05 05:43:05 UTC 2019 /home/travis/build/icyphy/ptII/ptolemy/actor/lib/test/auto/arrayType3.xml
----------------- Instantiating /home/travis/build/icyphy/ptII/ptolemy/actor/lib/test/auto/arrayType3.xml
1 ms. Memory: 638976K Free: 356778K (56%)
----------------- Invoking toplevel() on ptolemy.moml.MoMLSimpleApplication@724ad146
----------------- Done invoking toplevel() on ptolemy.moml.MoMLSimpleApplication@724ad146
reloadAllAccessors: .arrayType3

===========================================================================================
----------------- testing Thu Sep 05 05:43:05 UTC 2019 /home/travis/build/icyphy/ptII/ptolemy/actor/lib/test/auto/arrayType4.xml
----------------- Instantiating /home/travis/build/icyphy/ptII/ptolemy/actor/lib/test/auto/arrayType4.xml
2 ms. Memory: 638976K Free: 351148K (55%)
----------------- Invoking toplevel() on ptolemy.moml.MoMLSimpleApplication@55cfae3e
----------------- Done invoking toplevel() on ptolemy.moml.MoMLSimpleApplication@55cfae3e
reloadAllAccessors: .arrayType4

===========================================================================================
----------------- testing Thu Sep 05 05:43:05 UTC 2019 /home/travis/build/icyphy/ptII/ptolemy/actor/lib/test/auto/arrayType5.xml
----------------- Instantiating /home/travis/build/icyphy/ptII/ptolemy/actor/lib/test/auto/arrayType5.xml
2 ms. Memory: 638976K Free: 346028K (54%)
----------------- Invoking toplevel() on ptolemy.moml.MoMLSimpleApplication@5e766eba
----------------- Done invoking toplevel() on ptolemy.moml.MoMLSimpleApplication@5e766eba
reloadAllAccessors: .arrayType5

===========================================================================================
----------------- testing Thu Sep 05 05:43:05 UTC 2019 /home/travis/build/icyphy/ptII/ptolemy/actor/lib/test/auto/arrayType6.xml
----------------- Instantiating /home/travis/build/icyphy/ptII/ptolemy/actor/lib/test/auto/arrayType6.xml
2 ms. Memory: 638976K Free: 341418K (53%)
----------------- Invoking toplevel() on ptolemy.moml.MoMLSimpleApplication@3e854653
----------------- Done invoking toplevel() on ptolemy.moml.MoMLSimpleApplication@3e854653
reloadAllAccessors: .arrayType6

===========================================================================================
----------------- testing Thu Sep 05 05:43:05 UTC 2019 /home/travis/build/icyphy/ptII/ptolemy/actor/lib/test/auto/arrayType7.xml
----------------- Instantiating /home/travis/build/icyphy/ptII/ptolemy/actor/lib/test/auto/arrayType7.xml
2 ms. Memory: 638976K Free: 336298K (53%)
----------------- Invoking toplevel() on ptolemy.moml.MoMLSimpleApplication@5b62dff8
----------------- Done invoking toplevel() on ptolemy.moml.MoMLSimpleApplication@5b62dff8
reloadAllAccessors: .arrayType7

===========================================================================================
----------------- testing Thu Sep 05 05:43:05 UTC 2019 /home/travis/build/icyphy/ptII/ptolemy/actor/lib/test/auto/arrayType8.xml
----------------- Instantiating /home/travis/build/icyphy/ptII/ptolemy/actor/lib/test/auto/arrayType8.xml
5 ms. Memory: 638976K Free: 331692K (52%)
----------------- Invoking toplevel() on ptolemy.moml.MoMLSimpleApplication@1dd25deb
----------------- Done invoking toplevel() on ptolemy.moml.MoMLSimpleApplication@1dd25deb
reloadAllAccessors: .arrayType8

===========================================================================================
----------------- testing Thu Sep 05 05:43:05 UTC 2019 /home/travis/build/icyphy/ptII/ptolemy/actor/lib/test/auto/arrayType9.xml
----------------- Instantiating /home/travis/build/icyphy/ptII/ptolemy/actor/lib/test/auto/arrayType9.xml
7 ms. Memory: 638976K Free: 326572K (51%)
----------------- Invoking toplevel() on ptolemy.moml.MoMLSimpleApplication@21021541
----------------- Done invoking toplevel() on ptolemy.moml.MoMLSimpleApplication@21021541
reloadAllAccessors: .arrayType9

===========================================================================================
----------------- testing Thu Sep 05 05:43:05 UTC 2019 /home/travis/build/icyphy/ptII/ptolemy/actor/lib/test/auto/cast.xml
----------------- Instantiating /home/travis/build/icyphy/ptII/ptolemy/actor/lib/test/auto/cast.xml
2 ms. Memory: 638976K Free: 321962K (50%)
----------------- Invoking toplevel() on ptolemy.moml.MoMLSimpleApplication@39d93f98
----------------- Done invoking toplevel() on ptolemy.moml.MoMLSimpleApplication@39d93f98
reloadAllAccessors: .cast

===========================================================================================
----------------- testing Thu Sep 05 05:43:05 UTC 2019 /home/travis/build/icyphy/ptII/ptolemy/actor/lib/test/auto/compositeMultiPort.xml
----------------- Instantiating /home/travis/build/icyphy/ptII/ptolemy/actor/lib/test/auto/compositeMultiPort.xml
3 ms. Memory: 638976K Free: 313260K (49%)
----------------- Invoking toplevel() on ptolemy.moml.MoMLSimpleApplication@581cca3b
----------------- Done invoking toplevel() on ptolemy.moml.MoMLSimpleApplication@581cca3b
reloadAllAccessors: .compositeMultiPort

===========================================================================================
----------------- testing Thu Sep 05 05:43:05 UTC 2019 /home/travis/build/icyphy/ptII/ptolemy/actor/lib/test/auto/expressionCastInference.xml
----------------- Instantiating /home/travis/build/icyphy/ptII/ptolemy/actor/lib/test/auto/expressionCastInference.xml
2 ms. Memory: 638976K Free: 308140K (48%)
----------------- Invoking toplevel() on ptolemy.moml.MoMLSimpleApplication@2fa9fb7e
----------------- Done invoking toplevel() on ptolemy.moml.MoMLSimpleApplication@2fa9fb7e
reloadAllAccessors: .expressionCastInference

===========================================================================================
----------------- testing Thu Sep 05 05:43:05 UTC 2019 /home/travis/build/icyphy/ptII/ptolemy/actor/lib/test/auto/expressionCastInference2.xml
----------------- Instantiating /home/travis/build/icyphy/ptII/ptolemy/actor/lib/test/auto/expressionCastInference2.xml
3 ms. Memory: 638976K Free: 303530K (48%)
----------------- Invoking toplevel() on ptolemy.moml.MoMLSimpleApplication@460be4b1
----------------- Done invoking toplevel() on ptolemy.moml.MoMLSimpleApplication@460be4b1
reloadAllAccessors: .expressionCastInference2

===========================================================================================
----------------- testing Thu Sep 05 05:43:05 UTC 2019 /home/travis/build/icyphy/ptII/ptolemy/actor/lib/test/auto/expressionInference.xml
----------------- Instantiating /home/travis/build/icyphy/ptII/ptolemy/actor/lib/test/auto/expressionInference.xml
1 ms. Memory: 638976K Free: 298924K (47%)
----------------- Invoking toplevel() on ptolemy.moml.MoMLSimpleApplication@745623e7
----------------- Done invoking toplevel() on ptolemy.moml.MoMLSimpleApplication@745623e7
reloadAllAccessors: .expressionInference

===========================================================================================
----------------- testing Thu Sep 05 05:43:05 UTC 2019 /home/travis/build/icyphy/ptII/ptolemy/actor/lib/test/auto/expression_bug.xml
----------------- Instantiating /home/travis/build/icyphy/ptII/ptolemy/actor/lib/test/auto/expression_bug.xml
1 ms. Memory: 638976K Free: 294314K (46%)
----------------- Invoking toplevel() on ptolemy.moml.MoMLSimpleApplication@6db37e75
----------------- Done invoking toplevel() on ptolemy.moml.MoMLSimpleApplication@6db37e75
reloadAllAccessors: .expression_bug

===========================================================================================
----------------- testing Thu Sep 05 05:43:05 UTC 2019 /home/travis/build/icyphy/ptII/ptolemy/actor/lib/test/auto/factorial.xml
----------------- Instantiating /home/travis/build/icyphy/ptII/ptolemy/actor/lib/test/auto/factorial.xml
40 ms. Memory: 638976K Free: 285612K (45%)
----------------- Invoking toplevel() on ptolemy.moml.MoMLSimpleApplication@560ede5a
----------------- Done invoking toplevel() on ptolemy.moml.MoMLSimpleApplication@560ede5a
reloadAllAccessors: .factorial

===========================================================================================
----------------- testing Thu Sep 05 05:43:05 UTC 2019 /home/travis/build/icyphy/ptII/ptolemy/actor/lib/test/auto/filterTest1.xml
----------------- Instantiating /home/travis/build/icyphy/ptII/ptolemy/actor/lib/test/auto/filterTest1.xml
4 ms. Memory: 638976K Free: 279978K (44%)
----------------- Invoking toplevel() on ptolemy.moml.MoMLSimpleApplication@2e7192f
----------------- Done invoking toplevel() on ptolemy.moml.MoMLSimpleApplication@2e7192f
reloadAllAccessors: .filterTest1

===========================================================================================
----------------- testing Thu Sep 05 05:43:05 UTC 2019 /home/travis/build/icyphy/ptII/ptolemy/actor/lib/test/auto/funcApplyInConst.xml
----------------- Instantiating /home/travis/build/icyphy/ptII/ptolemy/actor/lib/test/auto/funcApplyInConst.xml
1 ms. Memory: 638976K Free: 275882K (43%)
----------------- Invoking toplevel() on ptolemy.moml.MoMLSimpleApplication@360ae8a
----------------- Done invoking toplevel() on ptolemy.moml.MoMLSimpleApplication@360ae8a
reloadAllAccessors: .funcApplyInConst

===========================================================================================
----------------- testing Thu Sep 05 05:43:05 UTC 2019 /home/travis/build/icyphy/ptII/ptolemy/actor/lib/test/auto/funcApplyInExpr.xml
----------------- Instantiating /home/travis/build/icyphy/ptII/ptolemy/actor/lib/test/auto/funcApplyInExpr.xml
1 ms. Memory: 638976K Free: 272300K (43%)
----------------- Invoking toplevel() on ptolemy.moml.MoMLSimpleApplication@4f297731
----------------- Done invoking toplevel() on ptolemy.moml.MoMLSimpleApplication@4f297731
reloadAllAccessors: .funcApplyInExpr

===========================================================================================
----------------- testing Thu Sep 05 05:43:05 UTC 2019 /home/travis/build/icyphy/ptII/ptolemy/actor/lib/test/auto/function.xml
----------------- Instantiating /home/travis/build/icyphy/ptII/ptolemy/actor/lib/test/auto/function.xml
2 ms. Memory: 638976K Free: 267690K (42%)
----------------- Invoking toplevel() on ptolemy.moml.MoMLSimpleApplication@5a54eed8
----------------- Done invoking toplevel() on ptolemy.moml.MoMLSimpleApplication@5a54eed8
reloadAllAccessors: .function

===========================================================================================
----------------- testing Thu Sep 05 05:43:05 UTC 2019 /home/travis/build/icyphy/ptII/ptolemy/actor/lib/test/auto/function2.xml
----------------- Instantiating /home/travis/build/icyphy/ptII/ptolemy/actor/lib/test/auto/function2.xml
1 ms. Memory: 638976K Free: 262570K (41%)
----------------- Invoking toplevel() on ptolemy.moml.MoMLSimpleApplication@2a54da83
----------------- Done invoking toplevel() on ptolemy.moml.MoMLSimpleApplication@2a54da83
reloadAllAccessors: .function2

===========================================================================================
----------------- testing Thu Sep 05 05:43:05 UTC 2019 /home/travis/build/icyphy/ptII/ptolemy/actor/lib/test/auto/function3.xml
----------------- Instantiating /home/travis/build/icyphy/ptII/ptolemy/actor/lib/test/auto/function3.xml
2 ms. Memory: 638976K Free: 258988K (41%)
----------------- Invoking toplevel() on ptolemy.moml.MoMLSimpleApplication@33a44d51
----------------- Done invoking toplevel() on ptolemy.moml.MoMLSimpleApplication@33a44d51
reloadAllAccessors: .function3

===========================================================================================
----------------- testing Thu Sep 05 05:43:05 UTC 2019 /home/travis/build/icyphy/ptII/ptolemy/actor/lib/test/auto/functionClosureTest1.xml
----------------- Instantiating /home/travis/build/icyphy/ptII/ptolemy/actor/lib/test/auto/functionClosureTest1.xml
2 ms. Memory: 638976K Free: 252844K (40%)
----------------- Invoking toplevel() on ptolemy.moml.MoMLSimpleApplication@1fa26f84
----------------- Done invoking toplevel() on ptolemy.moml.MoMLSimpleApplication@1fa26f84
reloadAllAccessors: .functionClosureTest1

===========================================================================================
----------------- testing Thu Sep 05 05:43:05 UTC 2019 /home/travis/build/icyphy/ptII/ptolemy/actor/lib/test/auto/functionClosureTest2.xml
----------------- Instantiating /home/travis/build/icyphy/ptII/ptolemy/actor/lib/test/auto/functionClosureTest2.xml
1 ms. Memory: 638976K Free: 249258K (39%)
----------------- Invoking toplevel() on ptolemy.moml.MoMLSimpleApplication@50ca7409
----------------- Done invoking toplevel() on ptolemy.moml.MoMLSimpleApplication@50ca7409
reloadAllAccessors: .functionClosureTest2

===========================================================================================
----------------- testing Thu Sep 05 05:43:05 UTC 2019 /home/travis/build/icyphy/ptII/ptolemy/actor/lib/test/auto/functionClosureTest3.xml
----------------- Instantiating /home/travis/build/icyphy/ptII/ptolemy/actor/lib/test/auto/functionClosureTest3.xml
2 ms. Memory: 638976K Free: 243628K (38%)
----------------- Invoking toplevel() on ptolemy.moml.MoMLSimpleApplication@26a562ca
----------------- Done invoking toplevel() on ptolemy.moml.MoMLSimpleApplication@26a562ca
reloadAllAccessors: .functionClosureTest3

===========================================================================================
----------------- testing Thu Sep 05 05:43:05 UTC 2019 /home/travis/build/icyphy/ptII/ptolemy/actor/lib/test/auto/functionClosureTest4.xml
----------------- Instantiating /home/travis/build/icyphy/ptII/ptolemy/actor/lib/test/auto/functionClosureTest4.xml
5 ms. Memory: 638976K Free: 237484K (37%)
----------------- Invoking toplevel() on ptolemy.moml.MoMLSimpleApplication@3a7d213e
----------------- Done invoking toplevel() on ptolemy.moml.MoMLSimpleApplication@3a7d213e
reloadAllAccessors: .functionClosureTest4

===========================================================================================
----------------- testing Thu Sep 05 05:43:05 UTC 2019 /home/travis/build/icyphy/ptII/ptolemy/actor/lib/test/auto/functionClosureTest5.xml
----------------- Instantiating /home/travis/build/icyphy/ptII/ptolemy/actor/lib/test/auto/functionClosureTest5.xml
4 ms. Memory: 638976K Free: 231836K (36%)
----------------- Invoking toplevel() on ptolemy.moml.MoMLSimpleApplication@4f43ed2a
----------------- Done invoking toplevel() on ptolemy.moml.MoMLSimpleApplication@4f43ed2a
reloadAllAccessors: .functionClosureTest5

===========================================================================================
----------------- testing Thu Sep 05 05:43:05 UTC 2019 /home/travis/build/icyphy/ptII/ptolemy/actor/lib/test/auto/functionClosureTest6.xml
----------------- Instantiating /home/travis/build/icyphy/ptII/ptolemy/actor/lib/test/auto/functionClosureTest6.xml
2 ms. Memory: 638976K Free: 227244K (36%)
----------------- Invoking toplevel() on ptolemy.moml.MoMLSimpleApplication@32215a6b
----------------- Done invoking toplevel() on ptolemy.moml.MoMLSimpleApplication@32215a6b
reloadAllAccessors: .functionClosureTest6

===========================================================================================
----------------- testing Thu Sep 05 05:43:05 UTC 2019 /home/travis/build/icyphy/ptII/ptolemy/actor/lib/test/auto/functionsOnArcs.xml
----------------- Instantiating /home/travis/build/icyphy/ptII/ptolemy/actor/lib/test/auto/functionsOnArcs.xml
2 ms. Memory: 638976K Free: 221610K (35%)
----------------- Invoking toplevel() on ptolemy.moml.MoMLSimpleApplication@6c5cac58
----------------- Done invoking toplevel() on ptolemy.moml.MoMLSimpleApplication@6c5cac58
reloadAllAccessors: .functionsOnArcs

===========================================================================================
----------------- testing Thu Sep 05 05:43:05 UTC 2019 /home/travis/build/icyphy/ptII/ptolemy/actor/lib/test/auto/functionsOnArcsHOF.xml
----------------- Instantiating /home/travis/build/icyphy/ptII/ptolemy/actor/lib/test/auto/functionsOnArcsHOF.xml
3 ms. Memory: 638976K Free: 584620K (91%)
----------------- Invoking toplevel() on ptolemy.moml.MoMLSimpleApplication@6a328357
----------------- Done invoking toplevel() on ptolemy.moml.MoMLSimpleApplication@6a328357
reloadAllAccessors: .functionsOnArcsHOF

===========================================================================================
----------------- testing Thu Sep 05 05:43:06 UTC 2019 /home/travis/build/icyphy/ptII/ptolemy/actor/lib/test/auto/logic.xml
----------------- Instantiating /home/travis/build/icyphy/ptII/ptolemy/actor/lib/test/auto/logic.xml
2 ms. Memory: 638976K Free: 576938K (90%)
----------------- Invoking toplevel() on ptolemy.moml.MoMLSimpleApplication@7ba30d95
----------------- Done invoking toplevel() on ptolemy.moml.MoMLSimpleApplication@7ba30d95
reloadAllAccessors: .logic

===========================================================================================
----------------- testing Thu Sep 05 05:43:06 UTC 2019 /home/travis/build/icyphy/ptII/ptolemy/actor/lib/test/auto/matrixType.xml
----------------- Instantiating /home/travis/build/icyphy/ptII/ptolemy/actor/lib/test/auto/matrixType.xml
2 ms. Memory: 638976K Free: 571818K (89%)
----------------- Invoking toplevel() on ptolemy.moml.MoMLSimpleApplication@7c08c69d
----------------- Done invoking toplevel() on ptolemy.moml.MoMLSimpleApplication@7c08c69d
reloadAllAccessors: .matrixType

===========================================================================================
----------------- testing Thu Sep 05 05:43:06 UTC 2019 /home/travis/build/icyphy/ptII/ptolemy/actor/lib/test/auto/matrixType10.xml
----------------- Instantiating /home/travis/build/icyphy/ptII/ptolemy/actor/lib/test/auto/matrixType10.xml
2 ms. Memory: 638976K Free: 566698K (89%)
----------------- Invoking toplevel() on ptolemy.moml.MoMLSimpleApplication@4303724b
----------------- Done invoking toplevel() on ptolemy.moml.MoMLSimpleApplication@4303724b
reloadAllAccessors: .matrixType10

===========================================================================================
----------------- testing Thu Sep 05 05:43:06 UTC 2019 /home/travis/build/icyphy/ptII/ptolemy/actor/lib/test/auto/matrixType11.xml
----------------- Instantiating /home/travis/build/icyphy/ptII/ptolemy/actor/lib/test/auto/matrixType11.xml
2 ms. Memory: 638976K Free: 562092K (88%)
----------------- Invoking toplevel() on ptolemy.moml.MoMLSimpleApplication@3ad84572
----------------- Done invoking toplevel() on ptolemy.moml.MoMLSimpleApplication@3ad84572
reloadAllAccessors: .matrixType11

===========================================================================================
----------------- testing Thu Sep 05 05:43:06 UTC 2019 /home/travis/build/icyphy/ptII/ptolemy/actor/lib/test/auto/matrixType12.xml
----------------- Instantiating /home/travis/build/icyphy/ptII/ptolemy/actor/lib/test/auto/matrixType12.xml
2 ms. Memory: 638976K Free: 556972K (87%)
----------------- Invoking toplevel() on ptolemy.moml.MoMLSimpleApplication@3156de2c
----------------- Done invoking toplevel() on ptolemy.moml.MoMLSimpleApplication@3156de2c
reloadAllAccessors: .matrixType12

===========================================================================================
----------------- testing Thu Sep 05 05:43:06 UTC 2019 /home/travis/build/icyphy/ptII/ptolemy/actor/lib/test/auto/matrixType13.xml
----------------- Instantiating /home/travis/build/icyphy/ptII/ptolemy/actor/lib/test/auto/matrixType13.xml
1 ms. Memory: 638976K Free: 552362K (86%)
----------------- Invoking toplevel() on ptolemy.moml.MoMLSimpleApplication@71826e3f
----------------- Done invoking toplevel() on ptolemy.moml.MoMLSimpleApplication@71826e3f
reloadAllAccessors: .matrixType13

===========================================================================================
----------------- testing Thu Sep 05 05:43:06 UTC 2019 /home/travis/build/icyphy/ptII/ptolemy/actor/lib/test/auto/matrixType14.xml
----------------- Instantiating /home/travis/build/icyphy/ptII/ptolemy/actor/lib/test/auto/matrixType14.xml
1 ms. Memory: 638976K Free: 547242K (86%)
----------------- Invoking toplevel() on ptolemy.moml.MoMLSimpleApplication@c0d4c7a
----------------- Done invoking toplevel() on ptolemy.moml.MoMLSimpleApplication@c0d4c7a
reloadAllAccessors: .matrixType14

===========================================================================================
----------------- testing Thu Sep 05 05:43:06 UTC 2019 /home/travis/build/icyphy/ptII/ptolemy/actor/lib/test/auto/matrixType2.xml
----------------- Instantiating /home/travis/build/icyphy/ptII/ptolemy/actor/lib/test/auto/matrixType2.xml
2 ms. Memory: 638976K Free: 542108K (85%)
----------------- Invoking toplevel() on ptolemy.moml.MoMLSimpleApplication@3cc37420
----------------- Done invoking toplevel() on ptolemy.moml.MoMLSimpleApplication@3cc37420
reloadAllAccessors: .matrixType2

===========================================================================================
----------------- testing Thu Sep 05 05:43:06 UTC 2019 /home/travis/build/icyphy/ptII/ptolemy/actor/lib/test/auto/matrixType3.xml
----------------- Instantiating /home/travis/build/icyphy/ptII/ptolemy/actor/lib/test/auto/matrixType3.xml
1 ms. Memory: 638976K Free: 537002K (84%)
----------------- Invoking toplevel() on ptolemy.moml.MoMLSimpleApplication@5e76710d
----------------- Done invoking toplevel() on ptolemy.moml.MoMLSimpleApplication@5e76710d
reloadAllAccessors: .matrixType3

===========================================================================================
----------------- testing Thu Sep 05 05:43:06 UTC 2019 /home/travis/build/icyphy/ptII/ptolemy/actor/lib/test/auto/matrixType4.xml
----------------- Instantiating /home/travis/build/icyphy/ptII/ptolemy/actor/lib/test/auto/matrixType4.xml
2 ms. Memory: 638976K Free: 531882K (83%)
----------------- Invoking toplevel() on ptolemy.moml.MoMLSimpleApplication@2045a81
----------------- Done invoking toplevel() on ptolemy.moml.MoMLSimpleApplication@2045a81
reloadAllAccessors: .matrixType4

===========================================================================================
----------------- testing Thu Sep 05 05:43:06 UTC 2019 /home/travis/build/icyphy/ptII/ptolemy/actor/lib/test/auto/matrixType5.xml
----------------- Instantiating /home/travis/build/icyphy/ptII/ptolemy/actor/lib/test/auto/matrixType5.xml
1 ms. Memory: 638976K Free: 527276K (83%)
----------------- Invoking toplevel() on ptolemy.moml.MoMLSimpleApplication@7debdfc9
----------------- Done invoking toplevel() on ptolemy.moml.MoMLSimpleApplication@7debdfc9
reloadAllAccessors: .matrixType5

===========================================================================================
----------------- testing Thu Sep 05 05:43:06 UTC 2019 /home/travis/build/icyphy/ptII/ptolemy/actor/lib/test/auto/matrixType6.xml
----------------- Instantiating /home/travis/build/icyphy/ptII/ptolemy/actor/lib/test/auto/matrixType6.xml
2 ms. Memory: 638976K Free: 522156K (82%)
----------------- Invoking toplevel() on ptolemy.moml.MoMLSimpleApplication@3af79758
----------------- Done invoking toplevel() on ptolemy.moml.MoMLSimpleApplication@3af79758
reloadAllAccessors: .matrixType6

===========================================================================================
----------------- testing Thu Sep 05 05:43:06 UTC 2019 /home/travis/build/icyphy/ptII/ptolemy/actor/lib/test/auto/matrixType7.xml
----------------- Instantiating /home/travis/build/icyphy/ptII/ptolemy/actor/lib/test/auto/matrixType7.xml
2 ms. Memory: 638976K Free: 517546K (81%)
----------------- Invoking toplevel() on ptolemy.moml.MoMLSimpleApplication@7e071860
----------------- Done invoking toplevel() on ptolemy.moml.MoMLSimpleApplication@7e071860
reloadAllAccessors: .matrixType7

===========================================================================================
----------------- testing Thu Sep 05 05:43:06 UTC 2019 /home/travis/build/icyphy/ptII/ptolemy/actor/lib/test/auto/matrixType8.xml
----------------- Instantiating /home/travis/build/icyphy/ptII/ptolemy/actor/lib/test/auto/matrixType8.xml
2 ms. Memory: 638976K Free: 512426K (80%)
----------------- Invoking toplevel() on ptolemy.moml.MoMLSimpleApplication@52945cf1
----------------- Done invoking toplevel() on ptolemy.moml.MoMLSimpleApplication@52945cf1
reloadAllAccessors: .matrixType8

===========================================================================================
----------------- testing Thu Sep 05 05:43:06 UTC 2019 /home/travis/build/icyphy/ptII/ptolemy/actor/lib/test/auto/matrixType9.xml
----------------- Instantiating /home/travis/build/icyphy/ptII/ptolemy/actor/lib/test/auto/matrixType9.xml
1 ms. Memory: 638976K Free: 507820K (79%)
----------------- Invoking toplevel() on ptolemy.moml.MoMLSimpleApplication@34bb3208
----------------- Done invoking toplevel() on ptolemy.moml.MoMLSimpleApplication@34bb3208
reloadAllAccessors: .matrixType9

===========================================================================================
----------------- testing Thu Sep 05 05:43:06 UTC 2019 /home/travis/build/icyphy/ptII/ptolemy/actor/lib/test/auto/paraFunctest.xml
----------------- Instantiating /home/travis/build/icyphy/ptII/ptolemy/actor/lib/test/auto/paraFunctest.xml
2 ms. Memory: 638976K Free: 503210K (79%)
----------------- Invoking toplevel() on ptolemy.moml.MoMLSimpleApplication@55031248
----------------- Done invoking toplevel() on ptolemy.moml.MoMLSimpleApplication@55031248
reloadAllAccessors: .paraFunctest

===========================================================================================
----------------- testing Thu Sep 05 05:43:06 UTC 2019 /home/travis/build/icyphy/ptII/ptolemy/actor/lib/test/auto/paraFunctest2.xml
----------------- Instantiating /home/travis/build/icyphy/ptII/ptolemy/actor/lib/test/auto/paraFunctest2.xml
1 ms. Memory: 638976K Free: 499114K (78%)
----------------- Invoking toplevel() on ptolemy.moml.MoMLSimpleApplication@4cb876f3
----------------- Done invoking toplevel() on ptolemy.moml.MoMLSimpleApplication@4cb876f3
reloadAllAccessors: .paraFunctest2

===========================================================================================
----------------- testing Thu Sep 05 05:43:06 UTC 2019 /home/travis/build/icyphy/ptII/ptolemy/actor/lib/test/auto/parameterPassing.xml
----------------- Instantiating /home/travis/build/icyphy/ptII/ptolemy/actor/lib/test/auto/parameterPassing.xml
2 ms. Memory: 638976K Free: 494508K (77%)
----------------- Invoking toplevel() on ptolemy.moml.MoMLSimpleApplication@d64167f
----------------- Done invoking toplevel() on ptolemy.moml.MoMLSimpleApplication@d64167f
reloadAllAccessors: .parameterPassing

===========================================================================================
----------------- testing Thu Sep 05 05:43:06 UTC 2019 /home/travis/build/icyphy/ptII/ptolemy/actor/lib/test/auto/record.xml
----------------- Instantiating /home/travis/build/icyphy/ptII/ptolemy/actor/lib/test/auto/record.xml
2 ms. Memory: 638976K Free: 489898K (77%)
----------------- Invoking toplevel() on ptolemy.moml.MoMLSimpleApplication@60726626
----------------- Done invoking toplevel() on ptolemy.moml.MoMLSimpleApplication@60726626
reloadAllAccessors: .record

===========================================================================================
----------------- testing Thu Sep 05 05:43:06 UTC 2019 /home/travis/build/icyphy/ptII/ptolemy/actor/lib/test/auto/sizedarray1.xml
----------------- Instantiating /home/travis/build/icyphy/ptII/ptolemy/actor/lib/test/auto/sizedarray1.xml
1 ms. Memory: 638976K Free: 484268K (76%)
----------------- Invoking toplevel() on ptolemy.moml.MoMLSimpleApplication@2e64384d
----------------- Done invoking toplevel() on ptolemy.moml.MoMLSimpleApplication@2e64384d
reloadAllAccessors: .sizedarray1

===========================================================================================
----------------- testing Thu Sep 05 05:43:06 UTC 2019 /home/travis/build/icyphy/ptII/ptolemy/actor/lib/test/auto/sizedarray2.xml
----------------- Instantiating /home/travis/build/icyphy/ptII/ptolemy/actor/lib/test/auto/sizedarray2.xml
3 ms. Memory: 638976K Free: 479148K (75%)
----------------- Invoking toplevel() on ptolemy.moml.MoMLSimpleApplication@3f5e9b28
----------------- Done invoking toplevel() on ptolemy.moml.MoMLSimpleApplication@3f5e9b28
reloadAllAccessors: .sizedarray2

===========================================================================================
----------------- testing Thu Sep 05 05:43:06 UTC 2019 /home/travis/build/icyphy/ptII/ptolemy/actor/lib/test/auto/twoPublishers.xml
----------------- Instantiating /home/travis/build/icyphy/ptII/ptolemy/actor/lib/test/auto/twoPublishers.xml
7 ms. Memory: 638976K Free: 468394K (73%)
----------------- Invoking toplevel() on ptolemy.moml.MoMLSimpleApplication@19fed620
----------------- Done invoking toplevel() on ptolemy.moml.MoMLSimpleApplication@19fed620
reloadAllAccessors: .twoPublishers
AutoTests.java: About to close Vertx.
AutoTests.java: Vertx closed.
]]></system-out>
  <system-err><![CDATA[java.lang.RuntimeException: Execution failed
	at ptolemy.moml.MoMLSimpleApplication$UnloadThread.run(MoMLSimpleApplication.java:402)
Caused by: java.lang.RuntimeException: StringUtilities.exit() was called. Normally, we would exit here because Manager.exitAfterWrapup() was called.  However, because the ptolemy.ptII.exitAfterWrapup property is set, we throw this exception instead.
	at ptolemy.util.StringUtilities.exit(StringUtilities.java:365)
	at ptolemy.actor.Manager.wrapup(Manager.java:1549)
	at ptolemy.actor.Manager.execute(Manager.java:407)
	at ptolemy.actor.Manager.run(Manager.java:1263)
	at ptolemy.actor.Manager$PtolemyRunThread.run(Manager.java:1933)
Warning: '.top.test' is in training mode, set the trainingMode parameter to false before checking in
Warning: '.top.test' is in training mode, set the trainingMode parameter to false before checking in
Warning: '.top.test' is in training mode, set the trainingMode parameter to false before checking in
Warning: '.BooleanSwitch_RegressionTest_WrongTrainingValues.Test' is in training mode, set the trainingMode parameter to false before checking in
Warning: '.BooleanSwitch_RegressionTest_WrongTrainingValues.Test2' is in training mode, set the trainingMode parameter to false before checking in
Warning: '.BooleanSwitch_RegressionTest_WrongTrainingValues.Test2' The test produced 0 tokens.
Warning: '.top.testExceptionHandler' is in training mode, set the trainingMode parameter to false before checking in
java.lang.RuntimeException: Execution failed
	at ptolemy.moml.MoMLSimpleApplication$UnloadThread.run(MoMLSimpleApplication.java:402)
Caused by: ptolemy.kernel.util.IllegalActionException: PublisherPorts cannot be used at the top level, use a Publisher actor instead.
  in .PublisherPortToplevelSubscriber.PublisherPort
	at ptolemy.actor.PublisherPort.preinitialize(PublisherPort.java:403)
	at ptolemy.actor.CompositeActor.preinitialize(CompositeActor.java:1769)
	at ptolemy.actor.Manager.preinitializeAndResolveTypes(Manager.java:1040)
	at ptolemy.actor.Manager.initialize(Manager.java:710)
	at ptolemy.actor.Manager.execute(Manager.java:356)
	at ptolemy.actor.Manager.run(Manager.java:1263)
	at ptolemy.actor.Manager$PtolemyRunThread.run(Manager.java:1933)
java.lang.reflect.InvocationTargetException
	at java.base/jdk.internal.reflect.NativeConstructorAccessorImpl.newInstance0(Native Method)
	at java.base/jdk.internal.reflect.NativeConstructorAccessorImpl.newInstance(NativeConstructorAccessorImpl.java:62)
	at java.base/jdk.internal.reflect.DelegatingConstructorAccessorImpl.newInstance(DelegatingConstructorAccessorImpl.java:45)
	at java.base/java.lang.reflect.Constructor.newInstance(Constructor.java:490)
	at ptolemy.util.test.junit.AutoKnownFailedTests.RunModel(AutoKnownFailedTests.java:105)
	at java.base/jdk.internal.reflect.NativeMethodAccessorImpl.invoke0(Native Method)
	at java.base/jdk.internal.reflect.NativeMethodAccessorImpl.invoke(NativeMethodAccessorImpl.java:62)
	at java.base/jdk.internal.reflect.DelegatingMethodAccessorImpl.invoke(DelegatingMethodAccessorImpl.java:43)
	at java.base/java.lang.reflect.Method.invoke(Method.java:566)
	at org.junit.runners.model.FrameworkMethod$1.runReflectiveCall(FrameworkMethod.java:44)
	at org.junit.internal.runners.model.ReflectiveCallable.run(ReflectiveCallable.java:15)
	at org.junit.runners.model.FrameworkMethod.invokeExplosively(FrameworkMethod.java:41)
	at junitparams.internal.InvokeParameterisedMethod.evaluate(InvokeParameterisedMethod.java:102)
	at org.junit.internal.runners.statements.FailOnTimeout$1.run(FailOnTimeout.java:28)
Caused by: ptolemy.kernel.util.IllegalActionException: PublisherPorts cannot be used at the top level, use a Publisher actor instead.
  in .PublisherPortToplevelSubscriber.PublisherPort
	at ptolemy.actor.PublisherPort.preinitialize(PublisherPort.java:403)
	at ptolemy.actor.CompositeActor.preinitialize(CompositeActor.java:1769)
	at ptolemy.actor.Manager.preinitializeAndResolveTypes(Manager.java:1040)
	at ptolemy.actor.Manager.initialize(Manager.java:710)
	at ptolemy.actor.Manager.execute(Manager.java:356)
	at ptolemy.actor.Manager.run(Manager.java:1263)
	at ptolemy.actor.Manager$PtolemyRunThread.run(Manager.java:1933)
java.lang.RuntimeException: Execution failed
	at ptolemy.moml.MoMLSimpleApplication$UnloadThread.run(MoMLSimpleApplication.java:402)
Caused by: ptolemy.kernel.util.IllegalActionException: SubscriberPorts cannot be used at the top level, use a Subscriber actor instead.
  in .PublisherSubscriberPortToplevel.SubscriberPort
	at ptolemy.actor.SubscriberPort.preinitialize(SubscriberPort.java:328)
	at ptolemy.actor.CompositeActor.preinitialize(CompositeActor.java:1769)
	at ptolemy.actor.Manager.preinitializeAndResolveTypes(Manager.java:1040)
	at ptolemy.actor.Manager.initialize(Manager.java:710)
	at ptolemy.actor.Manager.execute(Manager.java:356)
	at ptolemy.actor.Manager.run(Manager.java:1263)
	at ptolemy.actor.Manager$PtolemyRunThread.run(Manager.java:1933)
java.lang.reflect.InvocationTargetException
	at java.base/jdk.internal.reflect.NativeConstructorAccessorImpl.newInstance0(Native Method)
	at java.base/jdk.internal.reflect.NativeConstructorAccessorImpl.newInstance(NativeConstructorAccessorImpl.java:62)
	at java.base/jdk.internal.reflect.DelegatingConstructorAccessorImpl.newInstance(DelegatingConstructorAccessorImpl.java:45)
	at java.base/java.lang.reflect.Constructor.newInstance(Constructor.java:490)
	at ptolemy.util.test.junit.AutoKnownFailedTests.RunModel(AutoKnownFailedTests.java:105)
	at java.base/jdk.internal.reflect.NativeMethodAccessorImpl.invoke0(Native Method)
	at java.base/jdk.internal.reflect.NativeMethodAccessorImpl.invoke(NativeMethodAccessorImpl.java:62)
	at java.base/jdk.internal.reflect.DelegatingMethodAccessorImpl.invoke(DelegatingMethodAccessorImpl.java:43)
	at java.base/java.lang.reflect.Method.invoke(Method.java:566)
	at org.junit.runners.model.FrameworkMethod$1.runReflectiveCall(FrameworkMethod.java:44)
	at org.junit.internal.runners.model.ReflectiveCallable.run(ReflectiveCallable.java:15)
	at org.junit.runners.model.FrameworkMethod.invokeExplosively(FrameworkMethod.java:41)
	at junitparams.internal.InvokeParameterisedMethod.evaluate(InvokeParameterisedMethod.java:102)
	at org.junit.internal.runners.statements.FailOnTimeout$1.run(FailOnTimeout.java:28)
Caused by: ptolemy.kernel.util.IllegalActionException: SubscriberPorts cannot be used at the top level, use a Subscriber actor instead.
  in .PublisherSubscriberPortToplevel.SubscriberPort
	at ptolemy.actor.SubscriberPort.preinitialize(SubscriberPort.java:328)
	at ptolemy.actor.CompositeActor.preinitialize(CompositeActor.java:1769)
	at ptolemy.actor.Manager.preinitializeAndResolveTypes(Manager.java:1040)
	at ptolemy.actor.Manager.initialize(Manager.java:710)
	at ptolemy.actor.Manager.execute(Manager.java:356)
	at ptolemy.actor.Manager.run(Manager.java:1263)
	at ptolemy.actor.Manager$PtolemyRunThread.run(Manager.java:1933)
java.lang.RuntimeException: Execution failed
	at ptolemy.moml.MoMLSimpleApplication$UnloadThread.run(MoMLSimpleApplication.java:402)
Caused by: ptolemy.kernel.util.IllegalActionException: SubscriptionAggregatorPorts cannot be used at the top level, use a SubscriptionAggregator actor instead.
  in .PublisherSubscriptionAggregatorPort.SubscriptionAggregatorPort
	at ptolemy.actor.SubscriptionAggregatorPort.preinitialize(SubscriptionAggregatorPort.java:353)
	at ptolemy.actor.CompositeActor.preinitialize(CompositeActor.java:1769)
	at ptolemy.actor.Manager.preinitializeAndResolveTypes(Manager.java:1040)
	at ptolemy.actor.Manager.initialize(Manager.java:710)
	at ptolemy.actor.Manager.execute(Manager.java:356)
	at ptolemy.actor.Manager.run(Manager.java:1263)
	at ptolemy.actor.Manager$PtolemyRunThread.run(Manager.java:1933)
java.lang.reflect.InvocationTargetException
	at java.base/jdk.internal.reflect.NativeConstructorAccessorImpl.newInstance0(Native Method)
	at java.base/jdk.internal.reflect.NativeConstructorAccessorImpl.newInstance(NativeConstructorAccessorImpl.java:62)
	at java.base/jdk.internal.reflect.DelegatingConstructorAccessorImpl.newInstance(DelegatingConstructorAccessorImpl.java:45)
	at java.base/java.lang.reflect.Constructor.newInstance(Constructor.java:490)
	at ptolemy.util.test.junit.AutoKnownFailedTests.RunModel(AutoKnownFailedTests.java:105)
	at java.base/jdk.internal.reflect.NativeMethodAccessorImpl.invoke0(Native Method)
	at java.base/jdk.internal.reflect.NativeMethodAccessorImpl.invoke(NativeMethodAccessorImpl.java:62)
	at java.base/jdk.internal.reflect.DelegatingMethodAccessorImpl.invoke(DelegatingMethodAccessorImpl.java:43)
	at java.base/java.lang.reflect.Method.invoke(Method.java:566)
	at org.junit.runners.model.FrameworkMethod$1.runReflectiveCall(FrameworkMethod.java:44)
	at org.junit.internal.runners.model.ReflectiveCallable.run(ReflectiveCallable.java:15)
	at org.junit.runners.model.FrameworkMethod.invokeExplosively(FrameworkMethod.java:41)
	at junitparams.internal.InvokeParameterisedMethod.evaluate(InvokeParameterisedMethod.java:102)
	at org.junit.internal.runners.statements.FailOnTimeout$1.run(FailOnTimeout.java:28)
Caused by: ptolemy.kernel.util.IllegalActionException: SubscriptionAggregatorPorts cannot be used at the top level, use a SubscriptionAggregator actor instead.
  in .PublisherSubscriptionAggregatorPort.SubscriptionAggregatorPort
	at ptolemy.actor.SubscriptionAggregatorPort.preinitialize(SubscriptionAggregatorPort.java:353)
	at ptolemy.actor.CompositeActor.preinitialize(CompositeActor.java:1769)
	at ptolemy.actor.Manager.preinitializeAndResolveTypes(Manager.java:1040)
	at ptolemy.actor.Manager.initialize(Manager.java:710)
	at ptolemy.actor.Manager.execute(Manager.java:356)
	at ptolemy.actor.Manager.run(Manager.java:1263)
	at ptolemy.actor.Manager$PtolemyRunThread.run(Manager.java:1933)
java.lang.RuntimeException: Execution failed
	at ptolemy.moml.MoMLSimpleApplication$UnloadThread.run(MoMLSimpleApplication.java:402)
Caused by: ptolemy.kernel.util.IllegalActionException: TypeTest actor has no training data.
  in .sizedarray3.TypeTest
	at ptolemy.actor.lib.TypeTest.initialize(TypeTest.java:250)
	at ptolemy.actor.Director.initialize(Director.java:938)
	at ptolemy.actor.Director.initialize(Director.java:907)
	at ptolemy.actor.sched.StaticSchedulingDirector.initialize(StaticSchedulingDirector.java:159)
	at ptolemy.domains.sdf.kernel.SDFDirector.initialize(SDFDirector.java:544)
	at ptolemy.actor.CompositeActor.initialize(CompositeActor.java:935)
	at ptolemy.actor.Manager.initialize(Manager.java:724)
	at ptolemy.actor.Manager.execute(Manager.java:356)
	at ptolemy.actor.Manager.run(Manager.java:1263)
	at ptolemy.actor.Manager$PtolemyRunThread.run(Manager.java:1933)
java.lang.reflect.InvocationTargetException
	at java.base/jdk.internal.reflect.NativeConstructorAccessorImpl.newInstance0(Native Method)
	at java.base/jdk.internal.reflect.NativeConstructorAccessorImpl.newInstance(NativeConstructorAccessorImpl.java:62)
	at java.base/jdk.internal.reflect.DelegatingConstructorAccessorImpl.newInstance(DelegatingConstructorAccessorImpl.java:45)
	at java.base/java.lang.reflect.Constructor.newInstance(Constructor.java:490)
	at ptolemy.util.test.junit.AutoKnownFailedTests.RunModel(AutoKnownFailedTests.java:105)
	at java.base/jdk.internal.reflect.NativeMethodAccessorImpl.invoke0(Native Method)
	at java.base/jdk.internal.reflect.NativeMethodAccessorImpl.invoke(NativeMethodAccessorImpl.java:62)
	at java.base/jdk.internal.reflect.DelegatingMethodAccessorImpl.invoke(DelegatingMethodAccessorImpl.java:43)
	at java.base/java.lang.reflect.Method.invoke(Method.java:566)
	at org.junit.runners.model.FrameworkMethod$1.runReflectiveCall(FrameworkMethod.java:44)
	at org.junit.internal.runners.model.ReflectiveCallable.run(ReflectiveCallable.java:15)
	at org.junit.runners.model.FrameworkMethod.invokeExplosively(FrameworkMethod.java:41)
	at junitparams.internal.InvokeParameterisedMethod.evaluate(InvokeParameterisedMethod.java:102)
	at org.junit.internal.runners.statements.FailOnTimeout$1.run(FailOnTimeout.java:28)
Caused by: ptolemy.kernel.util.IllegalActionException: TypeTest actor has no training data.
  in .sizedarray3.TypeTest
	at ptolemy.actor.lib.TypeTest.initialize(TypeTest.java:250)
	at ptolemy.actor.Director.initialize(Director.java:938)
	at ptolemy.actor.Director.initialize(Director.java:907)
	at ptolemy.actor.sched.StaticSchedulingDirector.initialize(StaticSchedulingDirector.java:159)
	at ptolemy.domains.sdf.kernel.SDFDirector.initialize(SDFDirector.java:544)
	at ptolemy.actor.CompositeActor.initialize(CompositeActor.java:935)
	at ptolemy.actor.Manager.initialize(Manager.java:724)
	at ptolemy.actor.Manager.execute(Manager.java:356)
	at ptolemy.actor.Manager.run(Manager.java:1263)
	at ptolemy.actor.Manager$PtolemyRunThread.run(Manager.java:1933)
]]></system-err>
</testsuite>
