<?xml version="1.0" encoding="UTF-8" ?>
<testsuite errors="0" failures="1" hostname="travis-job-7d271933-4ea3-4c60-9229-b00d177315d5" name="ptolemy.actor.lib.test.junit.JUnitTclTest" skipped="0" tests="517" time="64.258" timestamp="2019-11-21T06:21:16">
  <properties>
    <property name="npm.executable" value="npm" />
    <property name="env.TRAVIS_ROOT" value="/" />
    <property name="ptII.mk.exists" value="true" />
    <property name="env.TRAVIS_APP_HOST" value="build.travis-ci.org" />
    <property name="env.rvm_bin_path" value="/home/travis/.rvm/bin" />
    <property name="java.home" value="/usr/local/lib/jvm/openjdk11" />
    <property name="env.TRAVIS_JOB_NUMBER" value="1404.8" />
    <property name="env.TRAVIS_HOME" value="/home/travis" />
    <property name="env.DISPLAY" value=":99.0" />
    <property name="env.TRAVIS_INIT" value="systemd" />
    <property name="env.SSH_TTY" value="/dev/pts/0" />
    <property name="java.net.preferIPv4Stack" value="true" />
    <property name="env.RUN_TESTS" value="true" />
    <property name="timeout.short" value="1000000" />
    <property name="junit.formatter" value="xml" />
    <property name="env.TRAVIS_SUDO" value="true" />
    <property name="env.TRAVIS_JOB_NAME" value="" />
    <property name="env.TRAVIS_STACK_NODE_ATTRIBUTES" value="/.node-attributes.yml" />
    <property name="env.LOGNAME" value="travis" />
    <property name="env.PT_TRAVIS_TEST_CORE1_XML" value="true" />
    <property name="jsdoc.home" value="node_modules/@terraswarm/jsdoc" />
    <property name="debuglevel" value="source,lines,vars" />
    <property name="checkstyle.formatter" value="xml" />
    <property name="env._system_version" value="16.04" />
    <property name="bin.vergil.makeable" value="true" />
    <property name="sun.os.patch.level" value="unknown" />
    <property name="java.vendor.url" value="http://java.oracle.com/" />
    <property name="env.TRAVIS_BUILD_WEB_URL" value="https://travis-ci.org/icyphy/ptII/builds/614896101" />
    <property name="java.version" value="11.0.2" />
    <property name="env.TZ" value="UTC" />
    <property name="env.TRAVIS_PULL_REQUEST_SHA" value="" />
    <property name="env.PT_NO_NET" value="true" />
    <property name="env.TRAVIS_SECURE_ENV_VARS" value="true" />
    <property name="env._system_type" value="Linux" />
    <property name="java.vendor.url.bug" value="http://bugreport.java.com/bugreport/" />
    <property name="npmjs-org-is-up" value="true" />
    <property name="env.LANGUAGE" value="en_US.UTF-8" />
    <property name="env.SSH_CLIENT" value="10.16.6.11 49154 22" />
    <property name="env.GEM_HOME" value="/home/travis/.rvm/gems/ruby-2.5.3" />
    <property name="env.HAS_ANTARES_THREE_LITTLE_FRONZIES_BADGE" value="true" />
    <property name="java.version.date" value="2019-01-15" />
    <property name="env.PS4" value="+" />
    <property name="ant.project.invoked-targets" value="build,test.core1.xml" />
    <property name="env.TRAVIS_PULL_REQUEST_BRANCH" value="" />
    <property name="env.TRAVIS_REPO_SLUG" value="icyphy/ptII" />
    <property name="env.XDG_DATA_DIRS" value="/usr/local/share:/usr/share:/var/lib/snapd/desktop" />
    <property name="jdk.debug" value="release" />
    <property name="env.TRAVIS_APT_PROXY" value="http://apt.cache.travis-ci.com" />
    <property name="env.TRAVIS_CPU_ARCH" value="amd64" />
    <property name="node.in.path" value="true" />
    <property name="user.name" value="travis" />
    <property name="java.maxmemory" value="1400m" />
    <property name="env.RUBY_VERSION" value="ruby-2.5.3" />
    <property name="env.LANG" value="en_US.UTF-8" />
    <property name="sun.io.unicode.encoding" value="UnicodeLittle" />
    <property name="sun.jnu.encoding" value="UTF-8" />
    <property name="java.runtime.name" value="OpenJDK Runtime Environment" />
    <property name="usefile" value="false" />
    <property name="return.code" value="0" />
    <property name="junit.single.formatter" value="plain" />
    <property name="env.DYLD_LIBRARY_PATH" value="/home/travis/pthla/certi-tools/lib:" />
    <property name="env.DEBIAN_FRONTEND" value="noninteractive" />
    <property name="env.SSH_CONNECTION" value="10.16.6.11 49154 10.20.0.134 22" />
    <property name="env.MYSQL_UNIX_PORT" value="/var/run/mysqld/mysqld.sock" />
    <property name="env.LC_ALL" value="en_US.UTF-8" />
    <property name="env.TRAVIS_ALLOW_FAILURE" value="false" />
    <property name="env.TRAVIS_JOB_WEB_URL" value="https://travis-ci.org/icyphy/ptII/jobs/614896109" />
    <property name="java.specification.name" value="Java Platform API Specification" />
    <property name="node.works" value="true" />
    <property name="user.timezone" value="" />
    <property name="path.separator" value=":" />
    <property name="env.TRAVIS_ENABLE_INFRA_DETECTION" value="true" />
    <property name="env.PYTHON_CFLAGS" value="-g -fstack-protector --param=ssp-buffer-size=4 -Wformat -Werror=format-security" />
    <property name="timeout.long" value="4000000" />
    <property name="env.CERTI_HOME" value="/home/travis/pthla/certi-tools" />
    <property name="ant.file.ptII" value="/home/travis/build/icyphy/ptII/build.xml" />
    <property name="javadoc.packagenames" value="com.*,diva.*,lbnl.*,org.hlacerti.*,org.json.*,org.ptolemy.*,org.terraswarm.*,ptolemy.*,ptserver.*" />
    <property name="file.encoding" value="UTF-8" />
    <property name="env.TRAVIS_PULL_REQUEST_SLUG" value="" />
    <property name="ant.project.default-target" value="build" />
    <property name="env.GIT_ASKPASS" value="echo" />
    <property name="env.HOME" value="/home/travis" />
    <property name="sun.java.command" value="org.apache.tools.ant.taskdefs.optional.junit.JUnitTestRunner ptolemy.actor.lib.test.junit.JUnitTclTest skipNonTests=false filtertrace=true haltOnError=false haltOnFailure=false formatter=org.apache.tools.ant.taskdefs.optional.junit.OutErrSummaryJUnitResultFormatter showoutput=true outputtoformatters=true logfailedtests=true threadid=0 logtestlistenerevents=false formatter=org.apache.tools.ant.taskdefs.optional.junit.XMLJUnitResultFormatter,/home/travis/build/icyphy/ptII/reports/junit/TEST-ptolemy.actor.lib.test.junit.JUnitTclTest.xml crashfile=/home/travis/build/icyphy/ptII/junitvmwatcher7978226501115446274.properties propsfile=/home/travis/build/icyphy/ptII/junit12385400236722472005.properties" />
    <property name="env.COMPOSER_NO_INTERACTION" value="1" />
    <property name="env.MANPATH" value="/home/travis/.nvm/versions/node/v7.10.1/share/man:/home/travis/.rvm/rubies/ruby-2.5.3/share/man:/usr/local/cmake-3.12.4/man:/usr/local/clang-7.0.0/share/man:/usr/local/man:/usr/local/share/man:/usr/share/man:/home/travis/.rvm/man" />
    <property name="env.TRAVIS_TIMER_ID" value="03a51c90" />
    <property name="ant.file" value="/home/travis/build/icyphy/ptII/build.xml" />
    <property name="env.TRAVIS_COMMIT_RANGE" value="45a1af74cde64810f1a740ff9bd66386be4e642c...11deb69804adb5926cd4863c8231df6048994796" />
    <property name="env._system_name" value="Ubuntu" />
    <property name="ptII.classpath.optional.property" value="/home/travis/build/icyphy/ptII/lib/bsh-2.0b4.jar:/home/travis/build/icyphy/ptII/lib/ptCal.jar:/home/travis/build/icyphy/ptII/lib/java_cup.jar:/home/travis/build/icyphy/ptII/lib/saxon8.jar:/home/travis/build/icyphy/ptII/lib/saxon8-dom.jar:/home/travis/build/icyphy/ptII/lib/chic.jar:/home/travis/build/icyphy/ptII/lib/ptcolt.jar:/home/travis/build/icyphy/ptII/vendors/misc/itext/iText.jar:/home/travis/build/icyphy/ptII/lib/g4ltl.jar:/home/travis/build/icyphy/ptII/lib/StructuralCoder.jar:/home/travis/build/icyphy/ptII/lib/jcerti.jar:/home/travis/build/icyphy/ptII/lib/javax.mail.jar:/home/travis/build/icyphy/ptII/vendors/JMF-2.1.1e/lib/jmf.jar:/home/travis/build/icyphy/ptII/lib/jna-4.0.0-variadic.jar:/home/travis/build/icyphy/ptII/vendors/misc/joystick/Joystick.jar:/home/travis/build/icyphy/ptII/lib/ptjacl.jar:/home/travis/build/icyphy/ptII/lib/jsoup-1.8.2.jar:/home/travis/build/icyphy/ptII/lib/junit-4.8.2.jar:/home/travis/build/icyphy/ptII/lib/JUnitParams-0.4.0.jar:/home/travis/build/icyphy/ptII/ptolemy/actor/lib/excel/jxl.jar:/home/travis/build/icyphy/ptII/lib/jython.jar:/home/travis/build/icyphy/ptII/lib/kieler.jar:/home/travis/build/icyphy/ptII/vendors/opencv/share/OpenCV/java/opencv-341.jar:/home/travis/build/icyphy/ptII/lib/oscP5.jar:/home/travis/build/icyphy/ptII/lib/nrjavaserial-3.11.0.devel.jar:/home/travis/build/icyphy/ptII/vendors/j3d/lib/Linux/j3dcore.jar:/home/travis/build/icyphy/ptII/vendors/j3d/lib/Linux/j3dutils.jar:/home/travis/build/icyphy/ptII/vendors/j3d/lib/Linux/vecmath.jar:/home/travis/build/icyphy/ptII/vendors/jogl/lib/Linux/gluegen-rt-natives-linux-amd64.jar:/home/travis/build/icyphy/ptII/vendors/jogl/lib/Linux/gluegen-rt.jar:/home/travis/build/icyphy/ptII/vendors/jogl/lib/Linux/jogl-all-natives-linux-amd64.jar:/home/travis/build/icyphy/ptII/vendors/jogl/lib/Linux/jogl-all.jar:/home/travis/build/icyphy/ptII/ptolemy/distributed/jini/jar/jini-core.jar:/home/travis/build/icyphy/ptII/ptolemy/distributed/jini/jar/jini-ext.jar:/home/travis/build/icyphy/ptII/ptolemy/distributed/jini/jar/sun-util.jar:/home/travis/build/icyphy/ptII/lib/protobuf-java-2.4.1.jar:/home/travis/build/icyphy/ptII/lib/org.eclipse.paho.client.mqttv3.jar:/home/travis/build/icyphy/ptII/lib/mapss.jar:/home/travis/build/icyphy/ptII/ptolemy/actor/ptalon/antlr/antlr.jar:/home/travis/build/icyphy/ptII/lib/JRI.jar:/home/travis/build/icyphy/ptII/lib/commons-lang-2.6.jar:/home/travis/build/icyphy/ptII/lib/commons-logging-1.1.1.jar:/home/travis/build/icyphy/ptII/lib/sootclasses.jar:/home/travis/build/icyphy/ptII/ptolemy/actor/lib/database/mysql-connector-java-5.1.6-bin.jar:/home/travis/build/icyphy/ptII/vendors/misc/sphinx4/sphinx4-data-5prealpha.jar:/home/travis/build/icyphy/ptII/vendors/misc/sphinx4/sphinx4-core-5prealpha.jar:/home/travis/build/icyphy/ptII/lib/PDFRenderer.jar:/home/travis/build/icyphy/ptII/lib/svgSalamander.jar:/home/travis/build/icyphy/ptII/lib/rsyntaxtextarea-2.6.0-SNAPSHOT.jar:/home/travis/build/icyphy/ptII/lib/hazelcast-3.8.2.jar:/home/travis/build/icyphy/ptII/lib/jackson-annotations-2.9.0.jar:/home/travis/build/icyphy/ptII/lib/jackson-core-2.9.3.jar:/home/travis/build/icyphy/ptII/lib/jackson-databind-2.9.3.jar:/home/travis/build/icyphy/ptII/lib/netty-buffer-4.1.19.Final.jar:/home/travis/build/icyphy/ptII/lib/netty-codec-4.1.19.Final.jar:/home/travis/build/icyphy/ptII/lib/netty-codec-dns-4.1.19.Final.jar:/home/travis/build/icyphy/ptII/lib/netty-codec-http-4.1.19.Final.jar:/home/travis/build/icyphy/ptII/lib/netty-codec-http2-4.1.19.Final.jar:/home/travis/build/icyphy/ptII/lib/netty-common-4.1.19.Final.jar:/home/travis/build/icyphy/ptII/lib/netty-handler-4.1.19.Final.jar:/home/travis/build/icyphy/ptII/lib/netty-resolver-4.1.19.Final.jar:/home/travis/build/icyphy/ptII/lib/netty-resolver-dns-4.1.19.Final.jar:/home/travis/build/icyphy/ptII/lib/netty-transport-4.1.19.Final.jar:/home/travis/build/icyphy/ptII/lib/vertx-codegen-3.5.1.jar:/home/travis/build/icyphy/ptII/lib/vertx-core-3.5.2-SNAPSHOT.jar:/home/travis/build/icyphy/ptII/lib/vertx-hazelcast-3.5.1.jar:/home/travis/build/icyphy/ptII/lib/vertx-lang-js-3.5.1.jar:/home/travis/build/icyphy/ptII/lib/vertx-service-proxy-3.5.1.jar:/home/travis/build/icyphy/ptII/lib/vertx-web-3.5.1.jar:/home/travis/build/icyphy/ptII/lib/slf4j-api-1.7.13.jar:/home/travis/build/icyphy/ptII/lib/slf4j-simple-1.7.13.jar:/home/travis/build/icyphy/ptII/lib/webcam-capture-0.3.12.jar:/home/travis/build/icyphy/ptII/lib/bridj-0.7.0.jar:/home/travis/build/icyphy/ptII/lib/xbjlib-1.1.0.nrjavaserial.jar" />
    <property name="timeout" value="2400000" />
    <property name="test.batch" value="**/junit/*.java" />
    <property name="env._" value="/usr/bin/timeout" />
    <property name="java.io.tmpdir" value="/tmp" />
    <property name="user.language" value="en" />
    <property name="env.TRAVIS_INTERNAL_RUBY_REGEX" value="^ruby-(2\.[0-4]\.[0-9]|1\.9\.3)" />
    <property name="env.HISTCONTROL" value="ignoredups:ignorespace" />
    <property name="env.GOROOT" value="/home/travis/.gimme/versions/go1.11.1.linux.amd64" />
    <property name="line.separator" value="&#xa;" />
    <property name="target" value="11" />
    <property name="env.TRAVIS_BUILD_DIR" value="/home/travis/build/icyphy/ptII" />
    <property name="env.ANT_OPTS" value="-Xmx2048m" />
    <property name="ant.file.type" value="file" />
    <property name="ptolemy.ptII.batchMode" value="true" />
    <property name="env.HISTSIZE" value="1000" />
    <property name="env.MERB_ENV" value="test" />
    <property name="java.vm.info" value="mixed mode" />
    <property name="source" value="11" />
    <property name="java.vm.specification.name" value="Java Virtual Machine Specification" />
    <property name="env.TRAVIS_TEST_RESULT" value="0" />
    <property name="jsdoc.command" value="node_modules/@terraswarm/jsdoc/jsdoc.js" />
    <property name="npm.works" value="true" />
    <property name="cobertura.dir" value="/home/travis/build/icyphy/ptII/vendors/cobertura-2.0.3" />
    <property name="jsdoc.command.exists" value="true" />
    <property name="env.rvm_path" value="/home/travis/.rvm" />
    <property name="env.GEM_PATH" value="/home/travis/.rvm/gems/ruby-2.5.3:/home/travis/.rvm/gems/ruby-2.5.3@global" />
    <property name="env.LC_CTYPE" value="en_US.UTF-8" />
    <property name="env.TRAVIS_CMD" value="$PTII/bin/ptIITravisBuild.sh $SECONDS" />
    <property name="java.awt.printerjob" value="sun.print.PSPrinterJob" />
    <property name="env.TRAVIS_STACK_NAME" value="sardonyx" />
    <property name="env.TRAVIS_TIMER_START_TIME" value="1574316533931827435" />
    <property name="ant.version" value="Apache Ant(TM) version 1.10.1 compiled on February 2 2017" />
    <property name="ptII.reports" value="/home/travis/build/icyphy/ptII/reports" />
    <property name="env.TRAVIS_STACK_TIMESTAMP" value="2019-03-25 16:16:56 UTC" />
    <property name="ant.file.type.ptII" value="file" />
    <property name="env.RBENV_SHELL" value="bash" />
    <property name="os.name" value="Linux" />
    <property name="java.specification.vendor" value="Oracle Corporation" />
    <property name="env.rvm_version" value="1.29.7 (latest)" />
    <property name="env.TRAVIS_INFRA" value="gce" />
    <property name="env.TERM" value="xterm" />
    <property name="java.vm.name" value="OpenJDK 64-Bit Server VM" />
    <property name="env.TRAVIS_BUILD_NUMBER" value="1404" />
    <property name="env.CI" value="true" />
    <property name="java.library.path" value="/home/travis/pthla/certi-tools/lib:/usr/lib/jni:/usr/local/share/OpenCV/java/:/usr/share/OpenCV/java::/usr/java/packages/lib:/usr/lib64:/lib64:/lib:/usr/lib" />
    <property name="jdk.module.path" value="/home/travis/build/icyphy/ptII/vendors/javafx/javafx-sdk-11.0.2/lib:" />
    <property name="env.rvm_prefix" value="/home/travis" />
    <property name="env.PATH" value="/home/travis/pthla/certi-tools/share/scripts:/home/travis/.rvm/gems/ruby-2.5.3/bin:/home/travis/.rvm/gems/ruby-2.5.3@global/bin:/home/travis/.rvm/rubies/ruby-2.5.3/bin:/home/travis/.rvm/bin:/home/travis/.nvm/versions/node/v7.10.1/bin:./node_modules/.bin:/home/travis/build/icyphy/ptII/bin:/home/travis/pthla/certi-tools/bin:/home/travis/bin:/home/travis/.local/bin:/usr/local/lib/jvm/openjdk11/bin:/opt/pyenv/shims:/home/travis/.phpenv/shims:/home/travis/perl5/perlbrew/bin:/home/travis/gopath/bin:/home/travis/.gimme/versions/go1.11.1.linux.amd64/bin:/usr/local/maven-3.6.0/bin:/usr/local/cmake-3.12.4/bin:/usr/local/clang-7.0.0/bin:/usr/local/sbin:/usr/local/bin:/usr/sbin:/usr/bin:/sbin:/bin:/snap/bin:/home/travis/.phpenv/bin:/opt/pyenv/bin:/home/travis/.yarn/bin" />
    <property name="env.TRAVIS_OS_NAME" value="linux" />
    <property name="ant.java.version" value="9" />
    <property name="basedir" value="/home/travis/build/icyphy/ptII" />
    <property name="java.class.version" value="55.0" />
    <property name="env.SHLVL" value="3" />
    <property name="env.LD_LIBRARY_PATH" value="/home/travis/pthla/certi-tools/lib:/usr/lib/jni:/usr/local/share/OpenCV/java/:/usr/share/OpenCV/java:" />
    <property name="env.RACK_ENV" value="test" />
    <property name="ant.home" value="/home/travis/build/icyphy/ptII/ant" />
    <property name="env.NVM_DIR" value="/home/travis/.nvm" />
    <property name="env.CERTI_FOM_PATH" value="/home/travis/pthla/certi-tools/share/federations" />
    <property name="env.TRAVIS_BUILD_ID" value="614896101" />
    <property name="env.PYENV_ROOT" value="/opt/pyenv" />
    <property name="env.TRAVIS_UID" value="2000" />
    <property name="prism.verbose" value="true" />
    <property name="env.NVM_BIN" value="/home/travis/.nvm/versions/node/v7.10.1/bin" />
    <property name="env.TRAVIS_COMMIT" value="11deb69804adb5926cd4863c8231df6048994796" />
    <property name="env._system_arch" value="x86_64" />
    <property name="node.executable" value="node" />
    <property name="sun.boot.library.path" value="/usr/local/lib/jvm/openjdk11/lib" />
    <property name="sun.management.compiler" value="HotSpot 64-Bit Tiered Compilers" />
    <property name="java.awt.graphicsenv" value="sun.awt.X11GraphicsEnvironment" />
    <property name="env.GOPATH" value="/home/travis/gopath" />
    <property name="ptolemy.ptII.dir" value="/home/travis/build/icyphy/ptII" />
    <property name="env.USER" value="travis" />
    <property name="env.HISTFILESIZE" value="2000" />
    <property name="timeout.longest" value="19000000" />
    <property name="env.PERLBREW_SHELLRC_VERSION" value="0.86" />
    <property name="env.TRAVIS_STACK_FEATURES" value="basic couchdb disabled-ipv6 docker docker-compose elasticsearch firefox go-toolchain google-chrome jdk memcached mongodb mysql nodejs_interpreter perl_interpreter perlbrew phantomjs postgresql python_interpreter redis ruby_interpreter sqlite xserver" />
    <property name="env.TRAVIS_PULL_REQUEST" value="false" />
    <property name="env.PYENV_SHELL" value="bash" />
    <property name="ant.project.name" value="ptII" />
    <property name="env.ANSI_RESET" value="\033[0m" />
    <property name="java.vm.specification.version" value="11" />
    <property name="env.TRAVIS_DIST" value="xenial" />
    <property name="env.CERTI_VERSION" value="4.0.0" />
    <property name="env.CERTI_HOST" value="localhost" />
    <property name="awt.toolkit" value="sun.awt.X11.XToolkit" />
    <property name="env.MY_RUBY_HOME" value="/home/travis/.rvm/rubies/ruby-2.5.3" />
    <property name="sun.cpu.isalist" value="" />
    <property name="env.TRAVIS_TMPDIR" value="/tmp/tmp.Z3U14BlzN0" />
    <property name="java.vm.compressedOopsMode" value="Zero based" />
    <property name="os.version" value="4.15.0-1028-gcp" />
    <property name="user.home" value="/home/travis" />
    <property name="java.vm.vendor" value="Oracle Corporation" />
    <property name="env.TRAVIS_TAG" value="nightly" />
    <property name="env.ANSI_YELLOW" value="\033[33;1m" />
    <property name="env.TRAVIS_FILTERED" value="redirect_io" />
    <property name="env.ANSI_GREEN" value="\033[32;1m" />
    <property name="env.JAVA_HOME" value="/usr/local/lib/jvm/openjdk11" />
    <property name="javadoc.excludepackagenames" value="adm.cvs2svn.*,build.*,config.*,doc.coding.templates.*,jni.test.jni.meaningOfLife.*,jni.test.jni.testDeux.*,jni.test.jni.testTrois.*,org.terraswarm.accessor.accessors.web.node_modules.*,org.terraswarm.accessor.accessors.web.hosts.cordova.demo.*,org.terraswarm.accessor.accessors.web.hosts.cordova.plugins.*,org.terraswarm.accessor.accessors-svn.*,pt-modules.*,ptolemy.apps.agilent.*,ptolemy.apps.anytimecontrol.*,ptolemy.apps.apes.*,ptolemy.apps.charon.*,ptolemy.apps.crazyboard.*,ptolemy.apps.eclipse.*,ptolemy.apps.etherealSting.*,ptolemy.apps.fullscreen.*,ptolemy.apps.giotto.*,ptolemy.apps.ia.*,ptolemy.apps.interfaces.*,ptolemy.apps.jmf.*,ptolemy.apps.kurt.*,ptolemy.apps.kvm.*,ptolemy.apps.lego.*,ptolemy.apps.lejos.*,ptolemy.apps.midp.*,ptolemy.apps.mobileCoding.*,ptolemy.apps.pendulum.*,ptolemy.apps.rijndael.*,ptolemy.apps.robot.*,ptolemy.apps.security.*,ptolemy.apps.sobel.*,ptolemy.apps.soot.*,ptolemy.apps.throttle.*,ptolemy.apps.tini.*,ptolemy.apps.transmission.*,ptolemy.apps.vergil.*,ptolemy.apps.waba.*,ptolemy.apps.websensor.*,ptolemy.apps.webstart.*,ptolemy.apps.xsl.*,ptolemy.apps.zaurus.*,ptolemy.codegen.c.actor.lib.oldJavaFiles.*,ptolemy.codegen.dsp.lib.*,ptolemy.codegen.kernel.newInterfaces.*,ptolemy.codegen.lib.*,ptolemy.copernicus.kernel.fragment.*,ptolemy.copernicus.shallow.cg.*,ptolemy.domains.giotto.demo.Hierarchy.Hierarchy.*,ptolemy.domains.giotto.demo.Multimode.Multimode.*,ptolemy.domains.giotto.demo.Simple.Simple.*,ptolemy.domains.gr.lib.experimental.*,ptolemy.domains.gro.*,ptolemy.domains.pdf.*,ptolemy.domains.ptinyos.demo.Surge.output.*,ptolemy.moml.test.NoPackageActor.java*,ptolemy.plot.adm.*,ptolemy.plot.servlet.*,reports.*,signed.*,src.*,target.*,vendors.*,ptolemy.copernicus.applet.*,ptolemy.media.viewer.*,ptolemy.actor.corba.*,doc.doclets.*,ptolemy.apps.eclipse.awt.*,ptolemy.backtrack.*,ptolemy.backtrack.ast.*,ptolemy.cg.adapter.generic.program.procedural.c.mbed*,ptolemy.homer.*,ptolemy.actor.lib.jai.*,org.ptolemy.scala.*,diva.util.java2d.svg.*,ptolemy.domains.ptinyos.*,ptolemy.actor.lib.fmi.fmipp.*,,org.terraswarm.accessor.accessors.web.node_modules.*,org.terraswarm.accessor.accessors-svn,ptolemy.apps.*,ptolemy.actor.ptalon.demo.ptinyos.SendAndReceiveCnt.output,ptolemy.actor.ptalon.demo.ptinyos.SenseToLeds.output,ptolemy.domains.ptinyos.demo.CntToLedsAndRfm.output,ptolemy.domains.ptinyos.demo.RfmToLeds.output,ptolemy.domains.ptinyos.demo.SendAndReceiveCnt.output,ptolemy.domains.ptinyos.demo.SenseToLeds.output,ptolemy.actor.lib.jjs.modules.udpSocket.*" />
    <property name="env.PTII" value="/home/travis/build/icyphy/ptII" />
    <property name="env.XDG_SESSION_ID" value="2" />
    <property name="keystore" value="ptKeystore" />
    <property name="env.TRAVIS_COMMIT_MESSAGE" value="Conform a model to new HlaManager design." />
    <property name="junit.output.dir" value="/home/travis/build/icyphy/ptII/reports/junit" />
    <property name="npm.return.code" value="0" />
    <property name="user.dir" value="/home/travis/build/icyphy/ptII/ptolemy/actor/lib/test" />
    <property name="env.TRAVIS_NODE_VERSION" value="7" />
    <property name="env.TRAVIS_EVENT_TYPE" value="cron" />
    <property name="env.MAIL" value="/var/mail/travis" />
    <property name="env.PERLBREW_ROOT" value="/home/travis/perl5/perlbrew" />
    <property name="env.PWD" value="/home/travis/build/icyphy/ptII" />
    <property name="timeout.npm" value="45000" />
    <property name="env.TRAVIS_ARCH" value="amd64" />
    <property name="sun.cpu.endian" value="little" />
    <property name="env.PAGER" value="cat" />
    <property name="env.TRAVIS_BUILD_STAGE_NAME" value="Test" />
    <property name="env.PERLBREW_HOME" value="/home/travis/.perlbrew" />
    <property name="java.vm.version" value="11.0.2+9" />
    <property name="env.RAILS_ENV" value="test" />
    <property name="java.class.path" value="/home/travis/.ptolemyII:/home/travis/.ptolemyII/*:/home/travis/build/icyphy/ptII:/home/travis/build/icyphy/ptII/lib/bsh-2.0b4.jar:/home/travis/build/icyphy/ptII/lib/ptCal.jar:/home/travis/build/icyphy/ptII/lib/java_cup.jar:/home/travis/build/icyphy/ptII/lib/saxon8.jar:/home/travis/build/icyphy/ptII/lib/saxon8-dom.jar:/home/travis/build/icyphy/ptII/lib/chic.jar:/home/travis/build/icyphy/ptII/lib/ptcolt.jar:/home/travis/build/icyphy/ptII/vendors/misc/itext/iText.jar:/home/travis/build/icyphy/ptII/lib/g4ltl.jar:/home/travis/build/icyphy/ptII/lib/StructuralCoder.jar:/home/travis/build/icyphy/ptII/lib/jcerti.jar:/home/travis/build/icyphy/ptII/lib/javax.mail.jar:/home/travis/build/icyphy/ptII/vendors/JMF-2.1.1e/lib/jmf.jar:/home/travis/build/icyphy/ptII/lib/jna-4.0.0-variadic.jar:/home/travis/build/icyphy/ptII/vendors/misc/joystick/Joystick.jar:/home/travis/build/icyphy/ptII/lib/ptjacl.jar:/home/travis/build/icyphy/ptII/lib/jsoup-1.8.2.jar:/home/travis/build/icyphy/ptII/lib/junit-4.8.2.jar:/home/travis/build/icyphy/ptII/lib/JUnitParams-0.4.0.jar:/home/travis/build/icyphy/ptII/ptolemy/actor/lib/excel/jxl.jar:/home/travis/build/icyphy/ptII/lib/jython.jar:/home/travis/build/icyphy/ptII/lib/kieler.jar:/home/travis/build/icyphy/ptII/vendors/opencv/share/OpenCV/java/opencv-341.jar:/home/travis/build/icyphy/ptII/lib/oscP5.jar:/home/travis/build/icyphy/ptII/lib/nrjavaserial-3.11.0.devel.jar:/home/travis/build/icyphy/ptII/vendors/j3d/lib/Linux/j3dcore.jar:/home/travis/build/icyphy/ptII/vendors/j3d/lib/Linux/j3dutils.jar:/home/travis/build/icyphy/ptII/vendors/j3d/lib/Linux/vecmath.jar:/home/travis/build/icyphy/ptII/vendors/jogl/lib/Linux/gluegen-rt-natives-linux-amd64.jar:/home/travis/build/icyphy/ptII/vendors/jogl/lib/Linux/gluegen-rt.jar:/home/travis/build/icyphy/ptII/vendors/jogl/lib/Linux/jogl-all-natives-linux-amd64.jar:/home/travis/build/icyphy/ptII/vendors/jogl/lib/Linux/jogl-all.jar:/home/travis/build/icyphy/ptII/ptolemy/distributed/jini/jar/jini-core.jar:/home/travis/build/icyphy/ptII/ptolemy/distributed/jini/jar/jini-ext.jar:/home/travis/build/icyphy/ptII/ptolemy/distributed/jini/jar/sun-util.jar:/home/travis/build/icyphy/ptII/lib/protobuf-java-2.4.1.jar:/home/travis/build/icyphy/ptII/lib/org.eclipse.paho.client.mqttv3.jar:/home/travis/build/icyphy/ptII/lib/mapss.jar:/home/travis/build/icyphy/ptII/ptolemy/actor/ptalon/antlr/antlr.jar:/home/travis/build/icyphy/ptII/lib/JRI.jar:/home/travis/build/icyphy/ptII/lib/commons-lang-2.6.jar:/home/travis/build/icyphy/ptII/lib/commons-logging-1.1.1.jar:/home/travis/build/icyphy/ptII/lib/sootclasses.jar:/home/travis/build/icyphy/ptII/ptolemy/actor/lib/database/mysql-connector-java-5.1.6-bin.jar:/home/travis/build/icyphy/ptII/vendors/misc/sphinx4/sphinx4-data-5prealpha.jar:/home/travis/build/icyphy/ptII/vendors/misc/sphinx4/sphinx4-core-5prealpha.jar:/home/travis/build/icyphy/ptII/lib/PDFRenderer.jar:/home/travis/build/icyphy/ptII/lib/svgSalamander.jar:/home/travis/build/icyphy/ptII/lib/rsyntaxtextarea-2.6.0-SNAPSHOT.jar:/home/travis/build/icyphy/ptII/lib/hazelcast-3.8.2.jar:/home/travis/build/icyphy/ptII/lib/jackson-annotations-2.9.0.jar:/home/travis/build/icyphy/ptII/lib/jackson-core-2.9.3.jar:/home/travis/build/icyphy/ptII/lib/jackson-databind-2.9.3.jar:/home/travis/build/icyphy/ptII/lib/netty-buffer-4.1.19.Final.jar:/home/travis/build/icyphy/ptII/lib/netty-codec-4.1.19.Final.jar:/home/travis/build/icyphy/ptII/lib/netty-codec-dns-4.1.19.Final.jar:/home/travis/build/icyphy/ptII/lib/netty-codec-http-4.1.19.Final.jar:/home/travis/build/icyphy/ptII/lib/netty-codec-http2-4.1.19.Final.jar:/home/travis/build/icyphy/ptII/lib/netty-common-4.1.19.Final.jar:/home/travis/build/icyphy/ptII/lib/netty-handler-4.1.19.Final.jar:/home/travis/build/icyphy/ptII/lib/netty-resolver-4.1.19.Final.jar:/home/travis/build/icyphy/ptII/lib/netty-resolver-dns-4.1.19.Final.jar:/home/travis/build/icyphy/ptII/lib/netty-transport-4.1.19.Final.jar:/home/travis/build/icyphy/ptII/lib/vertx-codegen-3.5.1.jar:/home/travis/build/icyphy/ptII/lib/vertx-core-3.5.2-SNAPSHOT.jar:/home/travis/build/icyphy/ptII/lib/vertx-hazelcast-3.5.1.jar:/home/travis/build/icyphy/ptII/lib/vertx-lang-js-3.5.1.jar:/home/travis/build/icyphy/ptII/lib/vertx-service-proxy-3.5.1.jar:/home/travis/build/icyphy/ptII/lib/vertx-web-3.5.1.jar:/home/travis/build/icyphy/ptII/lib/slf4j-api-1.7.13.jar:/home/travis/build/icyphy/ptII/lib/slf4j-simple-1.7.13.jar:/home/travis/build/icyphy/ptII/lib/webcam-capture-0.3.12.jar:/home/travis/build/icyphy/ptII/lib/bridj-0.7.0.jar:/home/travis/build/icyphy/ptII/lib/xbjlib-1.1.0.nrjavaserial.jar:/home/travis/build/icyphy/ptII/ptolemy/moml/test:/home/travis/build/icyphy/ptII/ant/lib/ant-launcher.jar:/home/travis/build/icyphy/ptII/ant/lib/ant.jar:/home/travis/build/icyphy/ptII/ant/lib/ant-junit.jar:/home/travis/build/icyphy/ptII/ant/lib/ant-junit4.jar" />
    <property name="ant.library.dir" value="/home/travis/build/icyphy/ptII/ant/lib" />
    <property name="os.arch" value="amd64" />
    <property name="env.CONTINUOUS_INTEGRATION" value="true" />
    <property name="env.TRAVIS_LANGUAGE" value="node_js" />
    <property name="env.TRAVIS_STACK_LANGUAGES" value="__sardonyx__ c c++ clojure cplusplus cpp default generic go groovy java node_js php pure_java python ruby scala" />
    <property name="test.name" value="ptolemy.actor.lib.test.junit.JUnitTclTest" />
    <property name="env.APT_KEY_DONT_WARN_ON_DANGEROUS_USAGE" value="1" />
    <property name="sun.java.launcher" value="SUN_STANDARD" />
    <property name="env.PYTHON_CONFIGURE_OPTS" value="--enable-unicode=ucs4 --with-wide-unicode --enable-shared --enable-ipv6 --enable-loadable-sqlite-extensions --with-computed-gotos" />
    <property name="ant.core.lib" value="/home/travis/build/icyphy/ptII/ant/lib/ant.jar" />
    <property name="java.vm.specification.vendor" value="Oracle Corporation" />
    <property name="env.BCVTB_HOME" value="/home/travis/build/icyphy/ptII/lbnl" />
    <property name="file.separator" value="/" />
    <property name="spotbugs.home" value="/home/travis/build/icyphy/ptII/vendors/spotbugs-3.1.1" />
    <property name="java.runtime.version" value="11.0.2+9" />
    <property name="env.ANSI_CLEAR" value="\033[0K" />
    <property name="javafx.verbose" value="true" />
    <property name="env.HAS_JOSH_K_SEAL_OF_APPROVAL" value="true" />
    <property name="env.XDG_RUNTIME_DIR" value="/run/user/2000" />
    <property name="env.TRAVIS_OSX_IMAGE" value="" />
    <property name="env.TRAVIS_JOB_ID" value="614896109" />
    <property name="env.TRAVIS_BRANCH" value="master" />
    <property name="user.country" value="US" />
    <property name="env.CERTI_HOME_TRAVIS" value="/home/travis/pthla/certi-tools" />
    <property name="env.SHELL" value="/bin/bash" />
    <property name="java.maxmemory.large" value="3200m" />
    <property name="model" value="" />
    <property name="env.CASHER_DIR" value="/home/travis/.casher" />
    <property name="env.NVM_CD_FLAGS" value="" />
    <property name="java.vendor.version" value="18.9" />
    <property name="jshint.executable" value="/home/travis/node_modules/jshint/bin/jshint" />
    <property name="env.JRUBY_OPTS" value=" --client -J-XX:+TieredCompilation -J-XX:TieredStopAtLevel=1 -J-Xss2m -Xcompile.invokedynamic=false" />
    <property name="java.vendor" value="Oracle Corporation" />
    <property name="env.TRAVIS_PRE_CHEF_BOOTSTRAP_TIME" value="2019-03-25T16:16:42" />
    <property name="env.TRAVIS_STACK_JOB_BOARD_REGISTER" value="/.job-board-register.yml" />
    <property name="env.ANSI_RED" value="\033[31;1m" />
    <property name="java.specification.version" value="11" />
    <property name="env.IRBRC" value="/home/travis/.rvm/rubies/ruby-2.5.3/.irbrc" />
    <property name="env.TRAVIS" value="true" />
    <property name="sun.arch.data.model" value="64" />
  </properties>
  <testcase classname="ptolemy.util.test.junit.TclTests" name="[0] /home/travis/build/icyphy/ptII/ptolemy/actor/lib/test/AbsoluteValue.tcl (RunTclFile)" time="0.543" />
  <testcase classname="ptolemy.util.test.junit.TclTests" name="[1] /home/travis/build/icyphy/ptII/ptolemy/actor/lib/test/AddSubtract.tcl (RunTclFile)" time="0.194" />
  <testcase classname="ptolemy.util.test.junit.TclTests" name="[2] /home/travis/build/icyphy/ptII/ptolemy/actor/lib/test/Average.tcl (RunTclFile)" time="0.034" />
  <testcase classname="ptolemy.util.test.junit.TclTests" name="[3] /home/travis/build/icyphy/ptII/ptolemy/actor/lib/test/Bernoulli.tcl (RunTclFile)" time="0.022" />
  <testcase classname="ptolemy.util.test.junit.TclTests" name="[4] /home/travis/build/icyphy/ptII/ptolemy/actor/lib/test/Clock.tcl (RunTclFile)" time="0.14" />
  <testcase classname="ptolemy.util.test.junit.TclTests" name="[5] /home/travis/build/icyphy/ptII/ptolemy/actor/lib/test/Commutator.tcl (RunTclFile)" time="0.193" />
  <testcase classname="ptolemy.util.test.junit.TclTests" name="[6] /home/travis/build/icyphy/ptII/ptolemy/actor/lib/test/Const.tcl (RunTclFile)" time="0.15" />
  <testcase classname="ptolemy.util.test.junit.TclTests" name="[7] /home/travis/build/icyphy/ptII/ptolemy/actor/lib/test/CurrentTime.tcl (RunTclFile)" time="0.053" />
  <testcase classname="ptolemy.util.test.junit.TclTests" name="[8] /home/travis/build/icyphy/ptII/ptolemy/actor/lib/test/DB.tcl (RunTclFile)" time="0.069" />
  <testcase classname="ptolemy.util.test.junit.TclTests" name="[9] /home/travis/build/icyphy/ptII/ptolemy/actor/lib/test/DiscreteRandomSource.tcl (RunTclFile)" time="0.058" />
  <testcase classname="ptolemy.util.test.junit.TclTests" name="[10] /home/travis/build/icyphy/ptII/ptolemy/actor/lib/test/Distributor.tcl (RunTclFile)" time="0.069" />
  <testcase classname="ptolemy.util.test.junit.TclTests" name="[11] /home/travis/build/icyphy/ptII/ptolemy/actor/lib/test/Exit.tcl (RunTclFile)" time="0.112" />
  <testcase classname="ptolemy.util.test.junit.TclTests" name="[12] /home/travis/build/icyphy/ptII/ptolemy/actor/lib/test/Expression.tcl (RunTclFile)" time="0.144" />
  <testcase classname="ptolemy.util.test.junit.TclTests" name="[13] /home/travis/build/icyphy/ptII/ptolemy/actor/lib/test/Gaussian.tcl (RunTclFile)" time="0.149" />
  <testcase classname="ptolemy.util.test.junit.TclTests" name="[14] /home/travis/build/icyphy/ptII/ptolemy/actor/lib/test/IIR.tcl (RunTclFile)" time="0.038" />
  <testcase classname="ptolemy.util.test.junit.TclTests" name="[15] /home/travis/build/icyphy/ptII/ptolemy/actor/lib/test/Interpolator.tcl (RunTclFile)" time="0.052" />
  <testcase classname="ptolemy.util.test.junit.TclTests" name="[16] /home/travis/build/icyphy/ptII/ptolemy/actor/lib/test/MathFunction.tcl (RunTclFile)" time="0.082" />
  <testcase classname="ptolemy.util.test.junit.TclTests" name="[17] /home/travis/build/icyphy/ptII/ptolemy/actor/lib/test/Maximum.tcl (RunTclFile)" time="0.039" />
  <testcase classname="ptolemy.util.test.junit.TclTests" name="[18] /home/travis/build/icyphy/ptII/ptolemy/actor/lib/test/Minimum.tcl (RunTclFile)" time="0.031" />
  <testcase classname="ptolemy.util.test.junit.TclTests" name="[19] /home/travis/build/icyphy/ptII/ptolemy/actor/lib/test/MultiplyDivide.tcl (RunTclFile)" time="0.04" />
  <testcase classname="ptolemy.util.test.junit.TclTests" name="[20] /home/travis/build/icyphy/ptII/ptolemy/actor/lib/test/OrderedMerge.tcl (RunTclFile)" time="0.112" />
  <testcase classname="ptolemy.util.test.junit.TclTests" name="[21] /home/travis/build/icyphy/ptII/ptolemy/actor/lib/test/Publisher.tcl (RunTclFile)" time="0.775" />
  <testcase classname="ptolemy.util.test.junit.TclTests" name="[22] /home/travis/build/icyphy/ptII/ptolemy/actor/lib/test/Pulse.tcl (RunTclFile)" time="0.036" />
  <testcase classname="ptolemy.util.test.junit.TclTests" name="[23] /home/travis/build/icyphy/ptII/ptolemy/actor/lib/test/Ramp.tcl (RunTclFile)" time="2.422" />
  <testcase classname="ptolemy.util.test.junit.TclTests" name="[24] /home/travis/build/icyphy/ptII/ptolemy/actor/lib/test/RampContinuous.tcl (RunTclFile)" time="0.023" />
  <testcase classname="ptolemy.util.test.junit.TclTests" name="[25] /home/travis/build/icyphy/ptII/ptolemy/actor/lib/test/RecordAssembler.tcl (RunTclFile)" time="0.018" />
  <testcase classname="ptolemy.util.test.junit.TclTests" name="[26] /home/travis/build/icyphy/ptII/ptolemy/actor/lib/test/RecordDisassembler.tcl (RunTclFile)" time="0.033" />
  <testcase classname="ptolemy.util.test.junit.TclTests" name="[27] /home/travis/build/icyphy/ptII/ptolemy/actor/lib/test/Scale.tcl (RunTclFile)" time="0.027" />
  <testcase classname="ptolemy.util.test.junit.TclTests" name="[28] /home/travis/build/icyphy/ptII/ptolemy/actor/lib/test/SequentialClock.tcl (RunTclFile)" time="0.016" />
  <testcase classname="ptolemy.util.test.junit.TclTests" name="[29] /home/travis/build/icyphy/ptII/ptolemy/actor/lib/test/SetVariable.tcl (RunTclFile)" time="0.027">
    <failure message="Number of failed tests is has increased. expected:&lt;0&gt; but was:&lt;1&gt;" type="junit.framework.AssertionFailedError">junit.framework.AssertionFailedError: Number of failed tests is has increased. expected:&lt;0&gt; but was:&lt;1&gt;
	at ptolemy.util.test.junit.TclTests.RunTclFile(TclTests.java:286)
	at jdk.internal.reflect.GeneratedMethodAccessor19.invoke(Unknown Source)
	at java.base/jdk.internal.reflect.DelegatingMethodAccessorImpl.invoke(DelegatingMethodAccessorImpl.java:43)
	at junitparams.internal.InvokeParameterisedMethod.evaluate(InvokeParameterisedMethod.java:102)
	at junitparams.internal.ParameterisedTestMethodRunner.runMethodInvoker(ParameterisedTestMethodRunner.java:47)
	at junitparams.internal.ParameterisedTestMethodRunner.runTestMethod(ParameterisedTestMethodRunner.java:41)
	at junitparams.internal.ParameterisedTestClassRunner.runParameterisedTest(ParameterisedTestClassRunner.java:143)
	at junitparams.JUnitParamsRunner.runChild(JUnitParamsRunner.java:237)
	at junitparams.JUnitParamsRunner.runChild(JUnitParamsRunner.java:215)
</failure>
  </testcase>
  <testcase classname="ptolemy.util.test.junit.TclTests" name="[30] /home/travis/build/icyphy/ptII/ptolemy/actor/lib/test/Sinewave.tcl (RunTclFile)" time="0.058" />
  <testcase classname="ptolemy.util.test.junit.TclTests" name="[31] /home/travis/build/icyphy/ptII/ptolemy/actor/lib/test/SubscriptionAggregator.tcl (RunTclFile)" time="2.418" />
  <testcase classname="ptolemy.util.test.junit.TclTests" name="[32] /home/travis/build/icyphy/ptII/ptolemy/actor/lib/test/Test.tcl (RunTclFile)" time="0.13" />
  <testcase classname="ptolemy.util.test.junit.TclTests" name="[33] /home/travis/build/icyphy/ptII/ptolemy/actor/lib/test/TestExceptionHandler.tcl (RunTclFile)" time="0.015" />
  <testcase classname="ptolemy.util.test.junit.TclTests" name="[34] /home/travis/build/icyphy/ptII/ptolemy/actor/lib/test/UnionDisassembler.tcl (RunTclFile)" time="0.153" />
  <testcase classname="ptolemy.util.test.junit.TclTests" name="[35] /home/travis/build/icyphy/ptII/ptolemy/actor/lib/test/VariableClock.tcl (RunTclFile)" time="0.021" />
  <testcase classname="ptolemy.util.test.junit.AutoKnownFailedTests" name="[0] /home/travis/build/icyphy/ptII/ptolemy/actor/lib/test/auto/knownFailedTests/PublisherPortToplevelSubscriber.xml (RunModel)" time="0.022" />
  <testcase classname="ptolemy.util.test.junit.AutoKnownFailedTests" name="[1] /home/travis/build/icyphy/ptII/ptolemy/actor/lib/test/auto/knownFailedTests/PublisherSubscriberPortToplevel.xml (RunModel)" time="0.024" />
  <testcase classname="ptolemy.util.test.junit.AutoKnownFailedTests" name="[2] /home/travis/build/icyphy/ptII/ptolemy/actor/lib/test/auto/knownFailedTests/PublisherSubscriptionAggregatorPort.xml (RunModel)" time="0.017" />
  <testcase classname="ptolemy.util.test.junit.AutoKnownFailedTests" name="[3] /home/travis/build/icyphy/ptII/ptolemy/actor/lib/test/auto/knownFailedTests/sizedarray3.xml (RunModel)" time="0.027" />
  <testcase classname="ptolemy.util.test.junit.AutoNameArchTests" name="[0] ThereAreNoAutoArchTests (RunModel)" time="0.005" />
  <testcase classname="ptolemy.util.test.junit.AutoTests" name="[0] /home/travis/build/icyphy/ptII/ptolemy/actor/lib/test/auto/AbsoluteValue.xml (RunModel)" time="0.115" />
  <testcase classname="ptolemy.util.test.junit.AutoTests" name="[1] /home/travis/build/icyphy/ptII/ptolemy/actor/lib/test/auto/AbsoluteValue2.xml (RunModel)" time="0.06" />
  <testcase classname="ptolemy.util.test.junit.AutoTests" name="[2] /home/travis/build/icyphy/ptII/ptolemy/actor/lib/test/auto/Accumulator.xml (RunModel)" time="0.039" />
  <testcase classname="ptolemy.util.test.junit.AutoTests" name="[3] /home/travis/build/icyphy/ptII/ptolemy/actor/lib/test/auto/Accumulator2.xml (RunModel)" time="0.017" />
  <testcase classname="ptolemy.util.test.junit.AutoTests" name="[4] /home/travis/build/icyphy/ptII/ptolemy/actor/lib/test/auto/Accumulator3.xml (RunModel)" time="0.012" />
  <testcase classname="ptolemy.util.test.junit.AutoTests" name="[5] /home/travis/build/icyphy/ptII/ptolemy/actor/lib/test/auto/ArrayAppend.xml (RunModel)" time="0.079" />
  <testcase classname="ptolemy.util.test.junit.AutoTests" name="[6] /home/travis/build/icyphy/ptII/ptolemy/actor/lib/test/auto/ArrayAppend2.xml (RunModel)" time="0.546" />
  <testcase classname="ptolemy.util.test.junit.AutoTests" name="[7] /home/travis/build/icyphy/ptII/ptolemy/actor/lib/test/auto/ArrayAppend3.xml (RunModel)" time="0.019" />
  <testcase classname="ptolemy.util.test.junit.AutoTests" name="[8] /home/travis/build/icyphy/ptII/ptolemy/actor/lib/test/auto/ArrayAppend4.xml (RunModel)" time="0.015" />
  <testcase classname="ptolemy.util.test.junit.AutoTests" name="[9] /home/travis/build/icyphy/ptII/ptolemy/actor/lib/test/auto/ArrayAppend5.xml (RunModel)" time="0.028" />
  <testcase classname="ptolemy.util.test.junit.AutoTests" name="[10] /home/travis/build/icyphy/ptII/ptolemy/actor/lib/test/auto/ArrayAppend6.xml (RunModel)" time="0.024" />
  <testcase classname="ptolemy.util.test.junit.AutoTests" name="[11] /home/travis/build/icyphy/ptII/ptolemy/actor/lib/test/auto/ArrayAppendPerformanceTest.xml (RunModel)" time="0.067" />
  <testcase classname="ptolemy.util.test.junit.AutoTests" name="[12] /home/travis/build/icyphy/ptII/ptolemy/actor/lib/test/auto/ArrayAppendWithEmptyInput.xml (RunModel)" time="0.067" />
  <testcase classname="ptolemy.util.test.junit.AutoTests" name="[13] /home/travis/build/icyphy/ptII/ptolemy/actor/lib/test/auto/ArrayAverage.xml (RunModel)" time="0.069" />
  <testcase classname="ptolemy.util.test.junit.AutoTests" name="[14] /home/travis/build/icyphy/ptII/ptolemy/actor/lib/test/auto/ArrayContains.xml (RunModel)" time="0.033" />
  <testcase classname="ptolemy.util.test.junit.AutoTests" name="[15] /home/travis/build/icyphy/ptII/ptolemy/actor/lib/test/auto/ArrayElement.xml (RunModel)" time="0.03" />
  <testcase classname="ptolemy.util.test.junit.AutoTests" name="[16] /home/travis/build/icyphy/ptII/ptolemy/actor/lib/test/auto/ArrayElementAsMatrix.xml (RunModel)" time="0.063" />
  <testcase classname="ptolemy.util.test.junit.AutoTests" name="[17] /home/travis/build/icyphy/ptII/ptolemy/actor/lib/test/auto/ArrayElementI.xml (RunModel)" time="0.019" />
  <testcase classname="ptolemy.util.test.junit.AutoTests" name="[18] /home/travis/build/icyphy/ptII/ptolemy/actor/lib/test/auto/ArrayExtract.xml (RunModel)" time="0.025" />
  <testcase classname="ptolemy.util.test.junit.AutoTests" name="[19] /home/travis/build/icyphy/ptII/ptolemy/actor/lib/test/auto/ArrayExtract2.xml (RunModel)" time="0.024" />
  <testcase classname="ptolemy.util.test.junit.AutoTests" name="[20] /home/travis/build/icyphy/ptII/ptolemy/actor/lib/test/auto/ArrayLength.xml (RunModel)" time="0.027" />
  <testcase classname="ptolemy.util.test.junit.AutoTests" name="[21] /home/travis/build/icyphy/ptII/ptolemy/actor/lib/test/auto/ArrayLevelCrossing.xml (RunModel)" time="0.032" />
  <testcase classname="ptolemy.util.test.junit.AutoTests" name="[22] /home/travis/build/icyphy/ptII/ptolemy/actor/lib/test/auto/ArrayLevelCrossing2.xml (RunModel)" time="0.039" />
  <testcase classname="ptolemy.util.test.junit.AutoTests" name="[23] /home/travis/build/icyphy/ptII/ptolemy/actor/lib/test/auto/ArrayPeakSearch.xml (RunModel)" time="0.051" />
  <testcase classname="ptolemy.util.test.junit.AutoTests" name="[24] /home/travis/build/icyphy/ptII/ptolemy/actor/lib/test/auto/ArrayPeakSearch2.xml (RunModel)" time="0.048" />
  <testcase classname="ptolemy.util.test.junit.AutoTests" name="[25] /home/travis/build/icyphy/ptII/ptolemy/actor/lib/test/auto/ArrayPeakSearch3.xml (RunModel)" time="0.044" />
  <testcase classname="ptolemy.util.test.junit.AutoTests" name="[26] /home/travis/build/icyphy/ptII/ptolemy/actor/lib/test/auto/ArrayRemoveElement.xml (RunModel)" time="0.037" />
  <testcase classname="ptolemy.util.test.junit.AutoTests" name="[27] /home/travis/build/icyphy/ptII/ptolemy/actor/lib/test/auto/ArraySort.xml (RunModel)" time="0.043" />
  <testcase classname="ptolemy.util.test.junit.AutoTests" name="[28] /home/travis/build/icyphy/ptII/ptolemy/actor/lib/test/auto/ArraySum.xml (RunModel)" time="0.024" />
  <testcase classname="ptolemy.util.test.junit.AutoTests" name="[29] /home/travis/build/icyphy/ptII/ptolemy/actor/lib/test/auto/ArrayToElements.xml (RunModel)" time="0.026" />
  <testcase classname="ptolemy.util.test.junit.AutoTests" name="[30] /home/travis/build/icyphy/ptII/ptolemy/actor/lib/test/auto/ArrayToMatrix.xml (RunModel)" time="0.074" />
  <testcase classname="ptolemy.util.test.junit.AutoTests" name="[31] /home/travis/build/icyphy/ptII/ptolemy/actor/lib/test/auto/ArrayUpdate1.xml (RunModel)" time="0.026" />
  <testcase classname="ptolemy.util.test.junit.AutoTests" name="[32] /home/travis/build/icyphy/ptII/ptolemy/actor/lib/test/auto/ArrayUpdate2.xml (RunModel)" time="0.039" />
  <testcase classname="ptolemy.util.test.junit.AutoTests" name="[33] /home/travis/build/icyphy/ptII/ptolemy/actor/lib/test/auto/ArrayUpdate3.xml (RunModel)" time="0.02" />
  <testcase classname="ptolemy.util.test.junit.AutoTests" name="[34] /home/travis/build/icyphy/ptII/ptolemy/actor/lib/test/auto/Assert1.xml (RunModel)" time="0.022" />
  <testcase classname="ptolemy.util.test.junit.AutoTests" name="[35] /home/travis/build/icyphy/ptII/ptolemy/actor/lib/test/auto/Assert2.xml (RunModel)" time="0.022" />
  <testcase classname="ptolemy.util.test.junit.AutoTests" name="[36] /home/travis/build/icyphy/ptII/ptolemy/actor/lib/test/auto/BooleanMultiplexor.xml (RunModel)" time="0.021" />
  <testcase classname="ptolemy.util.test.junit.AutoTests" name="[37] /home/travis/build/icyphy/ptII/ptolemy/actor/lib/test/auto/BooleanMultiplexor2.xml (RunModel)" time="0.03" />
  <testcase classname="ptolemy.util.test.junit.AutoTests" name="[38] /home/travis/build/icyphy/ptII/ptolemy/actor/lib/test/auto/BooleanMultiplexor3.xml (RunModel)" time="0.025" />
  <testcase classname="ptolemy.util.test.junit.AutoTests" name="[39] /home/travis/build/icyphy/ptII/ptolemy/actor/lib/test/auto/BooleanSelect.xml (RunModel)" time="0.027" />
  <testcase classname="ptolemy.util.test.junit.AutoTests" name="[40] /home/travis/build/icyphy/ptII/ptolemy/actor/lib/test/auto/BooleanSelect2.xml (RunModel)" time="0.02" />
  <testcase classname="ptolemy.util.test.junit.AutoTests" name="[41] /home/travis/build/icyphy/ptII/ptolemy/actor/lib/test/auto/BooleanSwitch.xml (RunModel)" time="0.025" />
  <testcase classname="ptolemy.util.test.junit.AutoTests" name="[42] /home/travis/build/icyphy/ptII/ptolemy/actor/lib/test/auto/BooleanSwitch2.xml (RunModel)" time="0.021" />
  <testcase classname="ptolemy.util.test.junit.AutoTests" name="[43] /home/travis/build/icyphy/ptII/ptolemy/actor/lib/test/auto/BooleanSwitchCloningBugWithClassRelationGroup.xml (RunModel)" time="0.032" />
  <testcase classname="ptolemy.util.test.junit.AutoTests" name="[44] /home/travis/build/icyphy/ptII/ptolemy/actor/lib/test/auto/BusActors.xml (RunModel)" time="0.046" />
  <testcase classname="ptolemy.util.test.junit.AutoTests" name="[45] /home/travis/build/icyphy/ptII/ptolemy/actor/lib/test/auto/ClassWrapper.xml (RunModel)" time="0.025" />
  <testcase classname="ptolemy.util.test.junit.AutoTests" name="[46] /home/travis/build/icyphy/ptII/ptolemy/actor/lib/test/auto/Clock.xml (RunModel)" time="0.011" />
  <testcase classname="ptolemy.util.test.junit.AutoTests" name="[47] /home/travis/build/icyphy/ptII/ptolemy/actor/lib/test/auto/Clock10.xml (RunModel)" time="0.021" />
  <testcase classname="ptolemy.util.test.junit.AutoTests" name="[48] /home/travis/build/icyphy/ptII/ptolemy/actor/lib/test/auto/Clock11.xml (RunModel)" time="0.04" />
  <testcase classname="ptolemy.util.test.junit.AutoTests" name="[49] /home/travis/build/icyphy/ptII/ptolemy/actor/lib/test/auto/Clock12.xml (RunModel)" time="0.023" />
  <testcase classname="ptolemy.util.test.junit.AutoTests" name="[50] /home/travis/build/icyphy/ptII/ptolemy/actor/lib/test/auto/Clock13.xml (RunModel)" time="0.023" />
  <testcase classname="ptolemy.util.test.junit.AutoTests" name="[51] /home/travis/build/icyphy/ptII/ptolemy/actor/lib/test/auto/Clock14.xml (RunModel)" time="0.023" />
  <testcase classname="ptolemy.util.test.junit.AutoTests" name="[52] /home/travis/build/icyphy/ptII/ptolemy/actor/lib/test/auto/Clock15.xml (RunModel)" time="0.019" />
  <testcase classname="ptolemy.util.test.junit.AutoTests" name="[53] /home/travis/build/icyphy/ptII/ptolemy/actor/lib/test/auto/Clock16.xml (RunModel)" time="0.114" />
  <testcase classname="ptolemy.util.test.junit.AutoTests" name="[54] /home/travis/build/icyphy/ptII/ptolemy/actor/lib/test/auto/Clock17.xml (RunModel)" time="0.091" />
  <testcase classname="ptolemy.util.test.junit.AutoTests" name="[55] /home/travis/build/icyphy/ptII/ptolemy/actor/lib/test/auto/Clock18.xml (RunModel)" time="0.044" />
  <testcase classname="ptolemy.util.test.junit.AutoTests" name="[56] /home/travis/build/icyphy/ptII/ptolemy/actor/lib/test/auto/Clock19.xml (RunModel)" time="0.04" />
  <testcase classname="ptolemy.util.test.junit.AutoTests" name="[57] /home/travis/build/icyphy/ptII/ptolemy/actor/lib/test/auto/Clock2.xml (RunModel)" time="0.013" />
  <testcase classname="ptolemy.util.test.junit.AutoTests" name="[58] /home/travis/build/icyphy/ptII/ptolemy/actor/lib/test/auto/Clock20.xml (RunModel)" time="0.016" />
  <testcase classname="ptolemy.util.test.junit.AutoTests" name="[59] /home/travis/build/icyphy/ptII/ptolemy/actor/lib/test/auto/Clock21.xml (RunModel)" time="0.016" />
  <testcase classname="ptolemy.util.test.junit.AutoTests" name="[60] /home/travis/build/icyphy/ptII/ptolemy/actor/lib/test/auto/Clock22.xml (RunModel)" time="0.015" />
  <testcase classname="ptolemy.util.test.junit.AutoTests" name="[61] /home/travis/build/icyphy/ptII/ptolemy/actor/lib/test/auto/Clock23.xml (RunModel)" time="0.019" />
  <testcase classname="ptolemy.util.test.junit.AutoTests" name="[62] /home/travis/build/icyphy/ptII/ptolemy/actor/lib/test/auto/Clock24.xml (RunModel)" time="0.016" />
  <testcase classname="ptolemy.util.test.junit.AutoTests" name="[63] /home/travis/build/icyphy/ptII/ptolemy/actor/lib/test/auto/Clock4.xml (RunModel)" time="0.012" />
  <testcase classname="ptolemy.util.test.junit.AutoTests" name="[64] /home/travis/build/icyphy/ptII/ptolemy/actor/lib/test/auto/Clock5.xml (RunModel)" time="0.016" />
  <testcase classname="ptolemy.util.test.junit.AutoTests" name="[65] /home/travis/build/icyphy/ptII/ptolemy/actor/lib/test/auto/Clock6.xml (RunModel)" time="0.011" />
  <testcase classname="ptolemy.util.test.junit.AutoTests" name="[66] /home/travis/build/icyphy/ptII/ptolemy/actor/lib/test/auto/Clock7.xml (RunModel)" time="0.012" />
  <testcase classname="ptolemy.util.test.junit.AutoTests" name="[67] /home/travis/build/icyphy/ptII/ptolemy/actor/lib/test/auto/Clock8.xml (RunModel)" time="0.015" />
  <testcase classname="ptolemy.util.test.junit.AutoTests" name="[68] /home/travis/build/icyphy/ptII/ptolemy/actor/lib/test/auto/Clock9.xml (RunModel)" time="0.017" />
  <testcase classname="ptolemy.util.test.junit.AutoTests" name="[69] /home/travis/build/icyphy/ptII/ptolemy/actor/lib/test/auto/CommDistDiscard.xml (RunModel)" time="0.026" />
  <testcase classname="ptolemy.util.test.junit.AutoTests" name="[70] /home/travis/build/icyphy/ptII/ptolemy/actor/lib/test/auto/Commutator.xml (RunModel)" time="0.014" />
  <testcase classname="ptolemy.util.test.junit.AutoTests" name="[71] /home/travis/build/icyphy/ptII/ptolemy/actor/lib/test/auto/Commutator2.xml (RunModel)" time="0.01" />
  <testcase classname="ptolemy.util.test.junit.AutoTests" name="[72] /home/travis/build/icyphy/ptII/ptolemy/actor/lib/test/auto/Commutator3.xml (RunModel)" time="0.012" />
  <testcase classname="ptolemy.util.test.junit.AutoTests" name="[73] /home/travis/build/icyphy/ptII/ptolemy/actor/lib/test/auto/Compare.xml (RunModel)" time="0.023" />
  <testcase classname="ptolemy.util.test.junit.AutoTests" name="[74] /home/travis/build/icyphy/ptII/ptolemy/actor/lib/test/auto/CompareDE.xml (RunModel)" time="0.024" />
  <testcase classname="ptolemy.util.test.junit.AutoTests" name="[75] /home/travis/build/icyphy/ptII/ptolemy/actor/lib/test/auto/ComplexDivide.xml (RunModel)" time="0.009" />
  <testcase classname="ptolemy.util.test.junit.AutoTests" name="[76] /home/travis/build/icyphy/ptII/ptolemy/actor/lib/test/auto/ComputeHistogram.xml (RunModel)" time="0.072" />
  <testcase classname="ptolemy.util.test.junit.AutoTests" name="[77] /home/travis/build/icyphy/ptII/ptolemy/actor/lib/test/auto/ConfigurationSelect.xml (RunModel)" time="0.02" />
  <testcase classname="ptolemy.util.test.junit.AutoTests" name="[78] /home/travis/build/icyphy/ptII/ptolemy/actor/lib/test/auto/ConfigurationSelect2.xml (RunModel)" time="0.019" />
  <testcase classname="ptolemy.util.test.junit.AutoTests" name="[79] /home/travis/build/icyphy/ptII/ptolemy/actor/lib/test/auto/ConfigurationSwitch.xml (RunModel)" time="0.026" />
  <testcase classname="ptolemy.util.test.junit.AutoTests" name="[80] /home/travis/build/icyphy/ptII/ptolemy/actor/lib/test/auto/ConfigurationSwitch2.xml (RunModel)" time="0.021" />
  <testcase classname="ptolemy.util.test.junit.AutoTests" name="[81] /home/travis/build/icyphy/ptII/ptolemy/actor/lib/test/auto/ConfigurationSwitchCloningBugWithClassRelationGroup.xml (RunModel)" time="0.017" />
  <testcase classname="ptolemy.util.test.junit.AutoTests" name="[82] /home/travis/build/icyphy/ptII/ptolemy/actor/lib/test/auto/ConfigurationSwitchSelectSDF.xml (RunModel)" time="0.014" />
  <testcase classname="ptolemy.util.test.junit.AutoTests" name="[83] /home/travis/build/icyphy/ptII/ptolemy/actor/lib/test/auto/ConfigurationSwitchSelectSDF2.xml (RunModel)" time="0.027" />
  <testcase classname="ptolemy.util.test.junit.AutoTests" name="[84] /home/travis/build/icyphy/ptII/ptolemy/actor/lib/test/auto/Const.xml (RunModel)" time="0.007" />
  <testcase classname="ptolemy.util.test.junit.AutoTests" name="[85] /home/travis/build/icyphy/ptII/ptolemy/actor/lib/test/auto/Const2.xml (RunModel)" time="0.012" />
  <testcase classname="ptolemy.util.test.junit.AutoTests" name="[86] /home/travis/build/icyphy/ptII/ptolemy/actor/lib/test/auto/Const3.xml (RunModel)" time="0.008" />
  <testcase classname="ptolemy.util.test.junit.AutoTests" name="[87] /home/travis/build/icyphy/ptII/ptolemy/actor/lib/test/auto/ConstantPublisherPort1.xml (RunModel)" time="0.025" />
  <testcase classname="ptolemy.util.test.junit.AutoTests" name="[88] /home/travis/build/icyphy/ptII/ptolemy/actor/lib/test/auto/ConstantPublisherPort2.xml (RunModel)" time="0.029" />
  <testcase classname="ptolemy.util.test.junit.AutoTests" name="[89] /home/travis/build/icyphy/ptII/ptolemy/actor/lib/test/auto/ConstantPublisherPort3.xml (RunModel)" time="0.021" />
  <testcase classname="ptolemy.util.test.junit.AutoTests" name="[90] /home/travis/build/icyphy/ptII/ptolemy/actor/lib/test/auto/ConstantPublisherPort4.xml (RunModel)" time="0.016" />
  <testcase classname="ptolemy.util.test.junit.AutoTests" name="[91] /home/travis/build/icyphy/ptII/ptolemy/actor/lib/test/auto/ConstantPublisherPort5.xml (RunModel)" time="0.046" />
  <testcase classname="ptolemy.util.test.junit.AutoTests" name="[92] /home/travis/build/icyphy/ptII/ptolemy/actor/lib/test/auto/ConstantPublisherPort6.xml (RunModel)" time="0.027" />
  <testcase classname="ptolemy.util.test.junit.AutoTests" name="[93] /home/travis/build/icyphy/ptII/ptolemy/actor/lib/test/auto/ConstantPublisherPort7.xml (RunModel)" time="0.037" />
  <testcase classname="ptolemy.util.test.junit.AutoTests" name="[94] /home/travis/build/icyphy/ptII/ptolemy/actor/lib/test/auto/ConstraintMonitor1.xml (RunModel)" time="0.053" />
  <testcase classname="ptolemy.util.test.junit.AutoTests" name="[95] /home/travis/build/icyphy/ptII/ptolemy/actor/lib/test/auto/ConstraintMonitor2.xml (RunModel)" time="0.009" />
  <testcase classname="ptolemy.util.test.junit.AutoTests" name="[96] /home/travis/build/icyphy/ptII/ptolemy/actor/lib/test/auto/ConstraintMonitor3.xml (RunModel)" time="0.017" />
  <testcase classname="ptolemy.util.test.junit.AutoTests" name="[97] /home/travis/build/icyphy/ptII/ptolemy/actor/lib/test/auto/ConstraintMonitor4.xml (RunModel)" time="0.012" />
  <testcase classname="ptolemy.util.test.junit.AutoTests" name="[98] /home/travis/build/icyphy/ptII/ptolemy/actor/lib/test/auto/ConstraintMonitor5.xml (RunModel)" time="0.011" />
  <testcase classname="ptolemy.util.test.junit.AutoTests" name="[99] /home/travis/build/icyphy/ptII/ptolemy/actor/lib/test/auto/ConstraintMonitor6.xml (RunModel)" time="0.016" />
  <testcase classname="ptolemy.util.test.junit.AutoTests" name="[100] /home/travis/build/icyphy/ptII/ptolemy/actor/lib/test/auto/ConstraintMonitor7.xml (RunModel)" time="0.022" />
  <testcase classname="ptolemy.util.test.junit.AutoTests" name="[101] /home/travis/build/icyphy/ptII/ptolemy/actor/lib/test/auto/ConstraintMonitor8.xml (RunModel)" time="0.019" />
  <testcase classname="ptolemy.util.test.junit.AutoTests" name="[102] /home/travis/build/icyphy/ptII/ptolemy/actor/lib/test/auto/Counter.xml (RunModel)" time="0.016" />
  <testcase classname="ptolemy.util.test.junit.AutoTests" name="[103] /home/travis/build/icyphy/ptII/ptolemy/actor/lib/test/auto/CurrentTimeSDF.xml (RunModel)" time="0.009" />
  <testcase classname="ptolemy.util.test.junit.AutoTests" name="[104] /home/travis/build/icyphy/ptII/ptolemy/actor/lib/test/auto/DB.xml (RunModel)" time="0.012" />
  <testcase classname="ptolemy.util.test.junit.AutoTests" name="[105] /home/travis/build/icyphy/ptII/ptolemy/actor/lib/test/auto/DBDE.xml (RunModel)" time="0.015" />
  <testcase classname="ptolemy.util.test.junit.AutoTests" name="[106] /home/travis/build/icyphy/ptII/ptolemy/actor/lib/test/auto/DateConstructor.xml (RunModel)" time="0.075" />
  <testcase classname="ptolemy.util.test.junit.AutoTests" name="[107] /home/travis/build/icyphy/ptII/ptolemy/actor/lib/test/auto/DelayTime.xml (RunModel)" time="0.021" />
  <testcase classname="ptolemy.util.test.junit.AutoTests" name="[108] /home/travis/build/icyphy/ptII/ptolemy/actor/lib/test/auto/Dictionary1.xml (RunModel)" time="0.023" />
  <testcase classname="ptolemy.util.test.junit.AutoTests" name="[109] /home/travis/build/icyphy/ptII/ptolemy/actor/lib/test/auto/Dictionary2.xml (RunModel)" time="0.016" />
  <testcase classname="ptolemy.util.test.junit.AutoTests" name="[110] /home/travis/build/icyphy/ptII/ptolemy/actor/lib/test/auto/Dictionary3.xml (RunModel)" time="0.014" />
  <testcase classname="ptolemy.util.test.junit.AutoTests" name="[111] /home/travis/build/icyphy/ptII/ptolemy/actor/lib/test/auto/Dictionary4.xml (RunModel)" time="0.016" />
  <testcase classname="ptolemy.util.test.junit.AutoTests" name="[112] /home/travis/build/icyphy/ptII/ptolemy/actor/lib/test/auto/Differential.xml (RunModel)" time="0.011" />
  <testcase classname="ptolemy.util.test.junit.AutoTests" name="[113] /home/travis/build/icyphy/ptII/ptolemy/actor/lib/test/auto/Director.xml (RunModel)" time="0.009" />
  <testcase classname="ptolemy.util.test.junit.AutoTests" name="[114] /home/travis/build/icyphy/ptII/ptolemy/actor/lib/test/auto/DiscreteClock.xml (RunModel)" time="0.009" />
  <testcase classname="ptolemy.util.test.junit.AutoTests" name="[115] /home/travis/build/icyphy/ptII/ptolemy/actor/lib/test/auto/DiscreteClock10.xml (RunModel)" time="0.014" />
  <testcase classname="ptolemy.util.test.junit.AutoTests" name="[116] /home/travis/build/icyphy/ptII/ptolemy/actor/lib/test/auto/DiscreteClock11.xml (RunModel)" time="0.013" />
  <testcase classname="ptolemy.util.test.junit.AutoTests" name="[117] /home/travis/build/icyphy/ptII/ptolemy/actor/lib/test/auto/DiscreteClock12.xml (RunModel)" time="0.014" />
  <testcase classname="ptolemy.util.test.junit.AutoTests" name="[118] /home/travis/build/icyphy/ptII/ptolemy/actor/lib/test/auto/DiscreteClock13.xml (RunModel)" time="0.016" />
  <testcase classname="ptolemy.util.test.junit.AutoTests" name="[119] /home/travis/build/icyphy/ptII/ptolemy/actor/lib/test/auto/DiscreteClock14.xml (RunModel)" time="0.014" />
  <testcase classname="ptolemy.util.test.junit.AutoTests" name="[120] /home/travis/build/icyphy/ptII/ptolemy/actor/lib/test/auto/DiscreteClock15.xml (RunModel)" time="0.016" />
  <testcase classname="ptolemy.util.test.junit.AutoTests" name="[121] /home/travis/build/icyphy/ptII/ptolemy/actor/lib/test/auto/DiscreteClock16.xml (RunModel)" time="0.044" />
  <testcase classname="ptolemy.util.test.junit.AutoTests" name="[122] /home/travis/build/icyphy/ptII/ptolemy/actor/lib/test/auto/DiscreteClock17.xml (RunModel)" time="0.042" />
  <testcase classname="ptolemy.util.test.junit.AutoTests" name="[123] /home/travis/build/icyphy/ptII/ptolemy/actor/lib/test/auto/DiscreteClock18.xml (RunModel)" time="0.051" />
  <testcase classname="ptolemy.util.test.junit.AutoTests" name="[124] /home/travis/build/icyphy/ptII/ptolemy/actor/lib/test/auto/DiscreteClock19.xml (RunModel)" time="0.04" />
  <testcase classname="ptolemy.util.test.junit.AutoTests" name="[125] /home/travis/build/icyphy/ptII/ptolemy/actor/lib/test/auto/DiscreteClock2.xml (RunModel)" time="0.017" />
  <testcase classname="ptolemy.util.test.junit.AutoTests" name="[126] /home/travis/build/icyphy/ptII/ptolemy/actor/lib/test/auto/DiscreteClock20.xml (RunModel)" time="0.022" />
  <testcase classname="ptolemy.util.test.junit.AutoTests" name="[127] /home/travis/build/icyphy/ptII/ptolemy/actor/lib/test/auto/DiscreteClock21.xml (RunModel)" time="0.02" />
  <testcase classname="ptolemy.util.test.junit.AutoTests" name="[128] /home/travis/build/icyphy/ptII/ptolemy/actor/lib/test/auto/DiscreteClock22.xml (RunModel)" time="0.015" />
  <testcase classname="ptolemy.util.test.junit.AutoTests" name="[129] /home/travis/build/icyphy/ptII/ptolemy/actor/lib/test/auto/DiscreteClock23.xml (RunModel)" time="0.025" />
  <testcase classname="ptolemy.util.test.junit.AutoTests" name="[130] /home/travis/build/icyphy/ptII/ptolemy/actor/lib/test/auto/DiscreteClock24.xml (RunModel)" time="0.014" />
  <testcase classname="ptolemy.util.test.junit.AutoTests" name="[131] /home/travis/build/icyphy/ptII/ptolemy/actor/lib/test/auto/DiscreteClock4.xml (RunModel)" time="0.012" />
  <testcase classname="ptolemy.util.test.junit.AutoTests" name="[132] /home/travis/build/icyphy/ptII/ptolemy/actor/lib/test/auto/DiscreteClock5.xml (RunModel)" time="0.011" />
  <testcase classname="ptolemy.util.test.junit.AutoTests" name="[133] /home/travis/build/icyphy/ptII/ptolemy/actor/lib/test/auto/DiscreteClock6.xml (RunModel)" time="0.014" />
  <testcase classname="ptolemy.util.test.junit.AutoTests" name="[134] /home/travis/build/icyphy/ptII/ptolemy/actor/lib/test/auto/DiscreteClock7.xml (RunModel)" time="0.011" />
  <testcase classname="ptolemy.util.test.junit.AutoTests" name="[135] /home/travis/build/icyphy/ptII/ptolemy/actor/lib/test/auto/DiscreteClock8.xml (RunModel)" time="0.039" />
  <testcase classname="ptolemy.util.test.junit.AutoTests" name="[136] /home/travis/build/icyphy/ptII/ptolemy/actor/lib/test/auto/DiscreteClock9.xml (RunModel)" time="0.017" />
  <testcase classname="ptolemy.util.test.junit.AutoTests" name="[137] /home/travis/build/icyphy/ptII/ptolemy/actor/lib/test/auto/DisplayArray.xml (RunModel)" time="0.01" />
  <testcase classname="ptolemy.util.test.junit.AutoTests" name="[138] /home/travis/build/icyphy/ptII/ptolemy/actor/lib/test/auto/Distributor.xml (RunModel)" time="0.009" />
  <testcase classname="ptolemy.util.test.junit.AutoTests" name="[139] /home/travis/build/icyphy/ptII/ptolemy/actor/lib/test/auto/Distributor2.xml (RunModel)" time="0.011" />
  <testcase classname="ptolemy.util.test.junit.AutoTests" name="[140] /home/travis/build/icyphy/ptII/ptolemy/actor/lib/test/auto/DownSample.xml (RunModel)" time="0.01" />
  <testcase classname="ptolemy.util.test.junit.AutoTests" name="[141] /home/travis/build/icyphy/ptII/ptolemy/actor/lib/test/auto/ElectronicUnitBase1.xml (RunModel)" time="0.083" />
  <testcase classname="ptolemy.util.test.junit.AutoTests" name="[142] /home/travis/build/icyphy/ptII/ptolemy/actor/lib/test/auto/ElementsToArray.xml (RunModel)" time="0.01" />
  <testcase classname="ptolemy.util.test.junit.AutoTests" name="[143] /home/travis/build/icyphy/ptII/ptolemy/actor/lib/test/auto/Equals.xml (RunModel)" time="0.013" />
  <testcase classname="ptolemy.util.test.junit.AutoTests" name="[144] /home/travis/build/icyphy/ptII/ptolemy/actor/lib/test/auto/Exec.xml (RunModel)" time="0.039" />
  <testcase classname="ptolemy.util.test.junit.AutoTests" name="[145] /home/travis/build/icyphy/ptII/ptolemy/actor/lib/test/auto/ExecEnvironment.xml (RunModel)" time="0.042" />
  <testcase classname="ptolemy.util.test.junit.AutoTests" name="[146] /home/travis/build/icyphy/ptII/ptolemy/actor/lib/test/auto/ExecNonZeroReturnOutput.xml (RunModel)" time="0.234" />
  <testcase classname="ptolemy.util.test.junit.AutoTests" name="[147] /home/travis/build/icyphy/ptII/ptolemy/actor/lib/test/auto/ExecRunDemos.xml (RunModel)" time="11.215" />
  <testcase classname="ptolemy.util.test.junit.AutoTests" name="[148] /home/travis/build/icyphy/ptII/ptolemy/actor/lib/test/auto/ExecStop.xml (RunModel)" time="5.041" />
  <testcase classname="ptolemy.util.test.junit.AutoTests" name="[149] /home/travis/build/icyphy/ptII/ptolemy/actor/lib/test/auto/ExecutionTimeSDF.xml (RunModel)" time="6.031" />
  <testcase classname="ptolemy.util.test.junit.AutoTests" name="[150] /home/travis/build/icyphy/ptII/ptolemy/actor/lib/test/auto/Expression1.xml (RunModel)" time="0.019" />
  <testcase classname="ptolemy.util.test.junit.AutoTests" name="[151] /home/travis/build/icyphy/ptII/ptolemy/actor/lib/test/auto/Expression10.xml (RunModel)" time="0.018" />
  <testcase classname="ptolemy.util.test.junit.AutoTests" name="[152] /home/travis/build/icyphy/ptII/ptolemy/actor/lib/test/auto/Expression11.xml (RunModel)" time="0.013" />
  <testcase classname="ptolemy.util.test.junit.AutoTests" name="[153] /home/travis/build/icyphy/ptII/ptolemy/actor/lib/test/auto/Expression12.xml (RunModel)" time="0.021" />
  <testcase classname="ptolemy.util.test.junit.AutoTests" name="[154] /home/travis/build/icyphy/ptII/ptolemy/actor/lib/test/auto/Expression13.xml (RunModel)" time="0.015" />
  <testcase classname="ptolemy.util.test.junit.AutoTests" name="[155] /home/travis/build/icyphy/ptII/ptolemy/actor/lib/test/auto/Expression14.xml (RunModel)" time="0.017" />
  <testcase classname="ptolemy.util.test.junit.AutoTests" name="[156] /home/travis/build/icyphy/ptII/ptolemy/actor/lib/test/auto/Expression15.xml (RunModel)" time="0.008" />
  <testcase classname="ptolemy.util.test.junit.AutoTests" name="[157] /home/travis/build/icyphy/ptII/ptolemy/actor/lib/test/auto/Expression16.xml (RunModel)" time="0.016" />
  <testcase classname="ptolemy.util.test.junit.AutoTests" name="[158] /home/travis/build/icyphy/ptII/ptolemy/actor/lib/test/auto/Expression17.xml (RunModel)" time="0.013" />
  <testcase classname="ptolemy.util.test.junit.AutoTests" name="[159] /home/travis/build/icyphy/ptII/ptolemy/actor/lib/test/auto/Expression18.xml (RunModel)" time="0.025" />
  <testcase classname="ptolemy.util.test.junit.AutoTests" name="[160] /home/travis/build/icyphy/ptII/ptolemy/actor/lib/test/auto/Expression2.xml (RunModel)" time="0.024" />
  <testcase classname="ptolemy.util.test.junit.AutoTests" name="[161] /home/travis/build/icyphy/ptII/ptolemy/actor/lib/test/auto/Expression3.xml (RunModel)" time="0.015" />
  <testcase classname="ptolemy.util.test.junit.AutoTests" name="[162] /home/travis/build/icyphy/ptII/ptolemy/actor/lib/test/auto/Expression4.xml (RunModel)" time="0.02" />
  <testcase classname="ptolemy.util.test.junit.AutoTests" name="[163] /home/travis/build/icyphy/ptII/ptolemy/actor/lib/test/auto/Expression5.xml (RunModel)" time="0.023" />
  <testcase classname="ptolemy.util.test.junit.AutoTests" name="[164] /home/travis/build/icyphy/ptII/ptolemy/actor/lib/test/auto/Expression6.xml (RunModel)" time="0.01" />
  <testcase classname="ptolemy.util.test.junit.AutoTests" name="[165] /home/travis/build/icyphy/ptII/ptolemy/actor/lib/test/auto/Expression7.xml (RunModel)" time="0.013" />
  <testcase classname="ptolemy.util.test.junit.AutoTests" name="[166] /home/travis/build/icyphy/ptII/ptolemy/actor/lib/test/auto/Expression8.xml (RunModel)" time="0.017" />
  <testcase classname="ptolemy.util.test.junit.AutoTests" name="[167] /home/travis/build/icyphy/ptII/ptolemy/actor/lib/test/auto/Expression9.xml (RunModel)" time="0.011" />
  <testcase classname="ptolemy.util.test.junit.AutoTests" name="[168] /home/travis/build/icyphy/ptII/ptolemy/actor/lib/test/auto/ExpressionConcatenateArrayType.xml (RunModel)" time="0.03" />
  <testcase classname="ptolemy.util.test.junit.AutoTests" name="[169] /home/travis/build/icyphy/ptII/ptolemy/actor/lib/test/auto/ExpressionConcatenateArrayType2.xml (RunModel)" time="0.024" />
  <testcase classname="ptolemy.util.test.junit.AutoTests" name="[170] /home/travis/build/icyphy/ptII/ptolemy/actor/lib/test/auto/ExpressionFix.xml (RunModel)" time="0.055" />
  <testcase classname="ptolemy.util.test.junit.AutoTests" name="[171] /home/travis/build/icyphy/ptII/ptolemy/actor/lib/test/auto/ExpressionFix2.xml (RunModel)" time="0.015" />
  <testcase classname="ptolemy.util.test.junit.AutoTests" name="[172] /home/travis/build/icyphy/ptII/ptolemy/actor/lib/test/auto/ExpressionFix3.xml (RunModel)" time="0.014" />
  <testcase classname="ptolemy.util.test.junit.AutoTests" name="[173] /home/travis/build/icyphy/ptII/ptolemy/actor/lib/test/auto/FileWriter1.xml (RunModel)" time="0.01" />
  <testcase classname="ptolemy.util.test.junit.AutoTests" name="[174] /home/travis/build/icyphy/ptII/ptolemy/actor/lib/test/auto/FileWriter2.xml (RunModel)" time="0.017" />
  <testcase classname="ptolemy.util.test.junit.AutoTests" name="[175] /home/travis/build/icyphy/ptII/ptolemy/actor/lib/test/auto/FileWriter3.xml (RunModel)" time="0.016" />
  <testcase classname="ptolemy.util.test.junit.AutoTests" name="[176] /home/travis/build/icyphy/ptII/ptolemy/actor/lib/test/auto/Gaussian.xml (RunModel)" time="0.014" />
  <testcase classname="ptolemy.util.test.junit.AutoTests" name="[177] /home/travis/build/icyphy/ptII/ptolemy/actor/lib/test/auto/Gaussian1.xml (RunModel)" time="0.024" />
  <testcase classname="ptolemy.util.test.junit.AutoTests" name="[178] /home/travis/build/icyphy/ptII/ptolemy/actor/lib/test/auto/Gaussian2.xml (RunModel)" time="0.02" />
  <testcase classname="ptolemy.util.test.junit.AutoTests" name="[179] /home/travis/build/icyphy/ptII/ptolemy/actor/lib/test/auto/GradientAdaptiveLattice.xml (RunModel)" time="0.017" />
  <testcase classname="ptolemy.util.test.junit.AutoTests" name="[180] /home/travis/build/icyphy/ptII/ptolemy/actor/lib/test/auto/IIR.xml (RunModel)" time="0.011" />
  <testcase classname="ptolemy.util.test.junit.AutoTests" name="[181] /home/travis/build/icyphy/ptII/ptolemy/actor/lib/test/auto/InputOutputTransparentPorts.xml (RunModel)" time="0.019" />
  <testcase classname="ptolemy.util.test.junit.AutoTests" name="[182] /home/travis/build/icyphy/ptII/ptolemy/actor/lib/test/auto/Interpolator.xml (RunModel)" time="0.011" />
  <testcase classname="ptolemy.util.test.junit.AutoTests" name="[183] /home/travis/build/icyphy/ptII/ptolemy/actor/lib/test/auto/InterpolatorFiringLimitDE.xml (RunModel)" time="0.013" />
  <testcase classname="ptolemy.util.test.junit.AutoTests" name="[184] /home/travis/build/icyphy/ptII/ptolemy/actor/lib/test/auto/Lattice.xml (RunModel)" time="0.008" />
  <testcase classname="ptolemy.util.test.junit.AutoTests" name="[185] /home/travis/build/icyphy/ptII/ptolemy/actor/lib/test/auto/LazyAOCTestLazy.xml (RunModel)" time="0.023" />
  <testcase classname="ptolemy.util.test.junit.AutoTests" name="[186] /home/travis/build/icyphy/ptII/ptolemy/actor/lib/test/auto/LazyAOCTestNonLazy.xml (RunModel)" time="0.056" />
  <testcase classname="ptolemy.util.test.junit.AutoTests" name="[187] /home/travis/build/icyphy/ptII/ptolemy/actor/lib/test/auto/LazyInnerClass.xml (RunModel)" time="0.055" />
  <testcase classname="ptolemy.util.test.junit.AutoTests" name="[188] /home/travis/build/icyphy/ptII/ptolemy/actor/lib/test/auto/LazyPubSub.xml (RunModel)" time="0.059" />
  <testcase classname="ptolemy.util.test.junit.AutoTests" name="[189] /home/travis/build/icyphy/ptII/ptolemy/actor/lib/test/auto/LazyPubSub2.xml (RunModel)" time="0.028" />
  <testcase classname="ptolemy.util.test.junit.AutoTests" name="[190] /home/travis/build/icyphy/ptII/ptolemy/actor/lib/test/auto/LazyPubSub3.xml (RunModel)" time="0.029" />
  <testcase classname="ptolemy.util.test.junit.AutoTests" name="[191] /home/travis/build/icyphy/ptII/ptolemy/actor/lib/test/auto/LazySubClassModel.xml (RunModel)" time="0.022" />
  <testcase classname="ptolemy.util.test.junit.AutoTests" name="[192] /home/travis/build/icyphy/ptII/ptolemy/actor/lib/test/auto/LevelCrossTest1.xml (RunModel)" time="0.011" />
  <testcase classname="ptolemy.util.test.junit.AutoTests" name="[193] /home/travis/build/icyphy/ptII/ptolemy/actor/lib/test/auto/LevelCrossTest10.xml (RunModel)" time="0.027" />
  <testcase classname="ptolemy.util.test.junit.AutoTests" name="[194] /home/travis/build/icyphy/ptII/ptolemy/actor/lib/test/auto/LevelCrossTest11.xml (RunModel)" time="0.013" />
  <testcase classname="ptolemy.util.test.junit.AutoTests" name="[195] /home/travis/build/icyphy/ptII/ptolemy/actor/lib/test/auto/LevelCrossTest12.xml (RunModel)" time="0.012" />
  <testcase classname="ptolemy.util.test.junit.AutoTests" name="[196] /home/travis/build/icyphy/ptII/ptolemy/actor/lib/test/auto/LevelCrossTest13.xml (RunModel)" time="0.014" />
  <testcase classname="ptolemy.util.test.junit.AutoTests" name="[197] /home/travis/build/icyphy/ptII/ptolemy/actor/lib/test/auto/LevelCrossTest2.xml (RunModel)" time="0.011" />
  <testcase classname="ptolemy.util.test.junit.AutoTests" name="[198] /home/travis/build/icyphy/ptII/ptolemy/actor/lib/test/auto/LevelCrossTest3.xml (RunModel)" time="0.011" />
  <testcase classname="ptolemy.util.test.junit.AutoTests" name="[199] /home/travis/build/icyphy/ptII/ptolemy/actor/lib/test/auto/LevelCrossTest4.xml (RunModel)" time="0.011" />
  <testcase classname="ptolemy.util.test.junit.AutoTests" name="[200] /home/travis/build/icyphy/ptII/ptolemy/actor/lib/test/auto/LevelCrossTest5.xml (RunModel)" time="0.014" />
  <testcase classname="ptolemy.util.test.junit.AutoTests" name="[201] /home/travis/build/icyphy/ptII/ptolemy/actor/lib/test/auto/LevelCrossTest6.xml (RunModel)" time="0.013" />
  <testcase classname="ptolemy.util.test.junit.AutoTests" name="[202] /home/travis/build/icyphy/ptII/ptolemy/actor/lib/test/auto/LevelCrossTest7.xml (RunModel)" time="0.023" />
  <testcase classname="ptolemy.util.test.junit.AutoTests" name="[203] /home/travis/build/icyphy/ptII/ptolemy/actor/lib/test/auto/LevelCrossTest8.xml (RunModel)" time="0.036" />
  <testcase classname="ptolemy.util.test.junit.AutoTests" name="[204] /home/travis/build/icyphy/ptII/ptolemy/actor/lib/test/auto/LevelCrossTest9.xml (RunModel)" time="0.014" />
  <testcase classname="ptolemy.util.test.junit.AutoTests" name="[205] /home/travis/build/icyphy/ptII/ptolemy/actor/lib/test/auto/LevinsonDurbin.xml (RunModel)" time="0.018" />
  <testcase classname="ptolemy.util.test.junit.AutoTests" name="[206] /home/travis/build/icyphy/ptII/ptolemy/actor/lib/test/auto/LevinsonDurbin2.xml (RunModel)" time="0.011" />
  <testcase classname="ptolemy.util.test.junit.AutoTests" name="[207] /home/travis/build/icyphy/ptII/ptolemy/actor/lib/test/auto/LevinsonDurbin3.xml (RunModel)" time="0.009" />
  <testcase classname="ptolemy.util.test.junit.AutoTests" name="[208] /home/travis/build/icyphy/ptII/ptolemy/actor/lib/test/auto/Limiter.xml (RunModel)" time="0.042" />
  <testcase classname="ptolemy.util.test.junit.AutoTests" name="[209] /home/travis/build/icyphy/ptII/ptolemy/actor/lib/test/auto/LinearDifferenceEquationSystem.xml (RunModel)" time="0.032" />
  <testcase classname="ptolemy.util.test.junit.AutoTests" name="[210] /home/travis/build/icyphy/ptII/ptolemy/actor/lib/test/auto/LookupTable.xml (RunModel)" time="0.017" />
  <testcase classname="ptolemy.util.test.junit.AutoTests" name="[211] /home/travis/build/icyphy/ptII/ptolemy/actor/lib/test/auto/MathFunction.xml (RunModel)" time="0.018" />
  <testcase classname="ptolemy.util.test.junit.AutoTests" name="[212] /home/travis/build/icyphy/ptII/ptolemy/actor/lib/test/auto/MathFunction2.xml (RunModel)" time="0.01" />
  <testcase classname="ptolemy.util.test.junit.AutoTests" name="[213] /home/travis/build/icyphy/ptII/ptolemy/actor/lib/test/auto/MathFunction3.xml (RunModel)" time="0.017" />
  <testcase classname="ptolemy.util.test.junit.AutoTests" name="[214] /home/travis/build/icyphy/ptII/ptolemy/actor/lib/test/auto/MatrixCropBoolean.xml (RunModel)" time="0.021" />
  <testcase classname="ptolemy.util.test.junit.AutoTests" name="[215] /home/travis/build/icyphy/ptII/ptolemy/actor/lib/test/auto/MatrixCropComplex.xml (RunModel)" time="0.009" />
  <testcase classname="ptolemy.util.test.junit.AutoTests" name="[216] /home/travis/build/icyphy/ptII/ptolemy/actor/lib/test/auto/MatrixCropDouble.xml (RunModel)" time="0.01" />
  <testcase classname="ptolemy.util.test.junit.AutoTests" name="[217] /home/travis/build/icyphy/ptII/ptolemy/actor/lib/test/auto/MatrixCropFix.xml (RunModel)" time="0.013" />
  <testcase classname="ptolemy.util.test.junit.AutoTests" name="[218] /home/travis/build/icyphy/ptII/ptolemy/actor/lib/test/auto/MatrixCropInt.xml (RunModel)" time="0.01" />
  <testcase classname="ptolemy.util.test.junit.AutoTests" name="[219] /home/travis/build/icyphy/ptII/ptolemy/actor/lib/test/auto/MatrixCropLong.xml (RunModel)" time="0.009" />
  <testcase classname="ptolemy.util.test.junit.AutoTests" name="[220] /home/travis/build/icyphy/ptII/ptolemy/actor/lib/test/auto/MatrixToArray.xml (RunModel)" time="0.052" />
  <testcase classname="ptolemy.util.test.junit.AutoTests" name="[221] /home/travis/build/icyphy/ptII/ptolemy/actor/lib/test/auto/MaxIndex.xml (RunModel)" time="0.013" />
  <testcase classname="ptolemy.util.test.junit.AutoTests" name="[222] /home/travis/build/icyphy/ptII/ptolemy/actor/lib/test/auto/Maximum.xml (RunModel)" time="0.022" />
  <testcase classname="ptolemy.util.test.junit.AutoTests" name="[223] /home/travis/build/icyphy/ptII/ptolemy/actor/lib/test/auto/MaximumComplex.xml (RunModel)" time="0.022" />
  <testcase classname="ptolemy.util.test.junit.AutoTests" name="[224] /home/travis/build/icyphy/ptII/ptolemy/actor/lib/test/auto/MethodCallTest.xml (RunModel)" time="0.022" />
  <testcase classname="ptolemy.util.test.junit.AutoTests" name="[225] /home/travis/build/icyphy/ptII/ptolemy/actor/lib/test/auto/Minimum.xml (RunModel)" time="0.015" />
  <testcase classname="ptolemy.util.test.junit.AutoTests" name="[226] /home/travis/build/icyphy/ptII/ptolemy/actor/lib/test/auto/MinimumComplex.xml (RunModel)" time="0.03" />
  <testcase classname="ptolemy.util.test.junit.AutoTests" name="[227] /home/travis/build/icyphy/ptII/ptolemy/actor/lib/test/auto/MinimumMultiports.xml (RunModel)" time="0.017" />
  <testcase classname="ptolemy.util.test.junit.AutoTests" name="[228] /home/travis/build/icyphy/ptII/ptolemy/actor/lib/test/auto/ModifyDate.xml (RunModel)" time="0.043" />
  <testcase classname="ptolemy.util.test.junit.AutoTests" name="[229] /home/travis/build/icyphy/ptII/ptolemy/actor/lib/test/auto/ModifyDate2.xml (RunModel)" time="0.027" />
  <testcase classname="ptolemy.util.test.junit.AutoTests" name="[230] /home/travis/build/icyphy/ptII/ptolemy/actor/lib/test/auto/MovingAverage.xml (RunModel)" time="0.013" />
  <testcase classname="ptolemy.util.test.junit.AutoTests" name="[231] /home/travis/build/icyphy/ptII/ptolemy/actor/lib/test/auto/MovingMaximum.xml (RunModel)" time="0.012" />
  <testcase classname="ptolemy.util.test.junit.AutoTests" name="[232] /home/travis/build/icyphy/ptII/ptolemy/actor/lib/test/auto/MultipleLinksToSameRelation.xml (RunModel)" time="0.008" />
  <testcase classname="ptolemy.util.test.junit.AutoTests" name="[233] /home/travis/build/icyphy/ptII/ptolemy/actor/lib/test/auto/MultipleLinksToSameRelationDE.xml (RunModel)" time="0.014" />
  <testcase classname="ptolemy.util.test.junit.AutoTests" name="[234] /home/travis/build/icyphy/ptII/ptolemy/actor/lib/test/auto/Multiplexor.xml (RunModel)" time="0.013" />
  <testcase classname="ptolemy.util.test.junit.AutoTests" name="[235] /home/travis/build/icyphy/ptII/ptolemy/actor/lib/test/auto/Multiplexor1.xml (RunModel)" time="0.014" />
  <testcase classname="ptolemy.util.test.junit.AutoTests" name="[236] /home/travis/build/icyphy/ptII/ptolemy/actor/lib/test/auto/Multiplexor2.xml (RunModel)" time="0.015" />
  <testcase classname="ptolemy.util.test.junit.AutoTests" name="[237] /home/travis/build/icyphy/ptII/ptolemy/actor/lib/test/auto/Multiplexor3.xml (RunModel)" time="0.009" />
  <testcase classname="ptolemy.util.test.junit.AutoTests" name="[238] /home/travis/build/icyphy/ptII/ptolemy/actor/lib/test/auto/MultiplexorDE.xml (RunModel)" time="0.019" />
  <testcase classname="ptolemy.util.test.junit.AutoTests" name="[239] /home/travis/build/icyphy/ptII/ptolemy/actor/lib/test/auto/MultiportBroadcastTest.xml (RunModel)" time="0.104" />
  <testcase classname="ptolemy.util.test.junit.AutoTests" name="[240] /home/travis/build/icyphy/ptII/ptolemy/actor/lib/test/auto/MultiportOutHangDuringGetWidth.xml (RunModel)" time="0.042" />
  <testcase classname="ptolemy.util.test.junit.AutoTests" name="[241] /home/travis/build/icyphy/ptII/ptolemy/actor/lib/test/auto/NilToken.xml (RunModel)" time="0.012" />
  <testcase classname="ptolemy.util.test.junit.AutoTests" name="[242] /home/travis/build/icyphy/ptII/ptolemy/actor/lib/test/auto/NilTokenNonStrictTest.xml (RunModel)" time="0.01" />
  <testcase classname="ptolemy.util.test.junit.AutoTests" name="[243] /home/travis/build/icyphy/ptII/ptolemy/actor/lib/test/auto/NilTokenRecord.xml (RunModel)" time="0.025" />
  <testcase classname="ptolemy.util.test.junit.AutoTests" name="[244] /home/travis/build/icyphy/ptII/ptolemy/actor/lib/test/auto/NilTokenTypeTest.xml (RunModel)" time="0.05" />
  <testcase classname="ptolemy.util.test.junit.AutoTests" name="[245] /home/travis/build/icyphy/ptII/ptolemy/actor/lib/test/auto/ObjectToken1.xml (RunModel)" time="0.009" />
  <testcase classname="ptolemy.util.test.junit.AutoTests" name="[246] /home/travis/build/icyphy/ptII/ptolemy/actor/lib/test/auto/OrderedMerge.xml (RunModel)" time="0.023" />
  <testcase classname="ptolemy.util.test.junit.AutoTests" name="[247] /home/travis/build/icyphy/ptII/ptolemy/actor/lib/test/auto/OrderedRecordDisassembler.xml (RunModel)" time="0.019" />
  <testcase classname="ptolemy.util.test.junit.AutoTests" name="[248] /home/travis/build/icyphy/ptII/ptolemy/actor/lib/test/auto/OrderedRecordDisassembler2.xml (RunModel)" time="0.018" />
  <testcase classname="ptolemy.util.test.junit.AutoTests" name="[249] /home/travis/build/icyphy/ptII/ptolemy/actor/lib/test/auto/OrderedRecordUpdater.xml (RunModel)" time="0.01" />
  <testcase classname="ptolemy.util.test.junit.AutoTests" name="[250] /home/travis/build/icyphy/ptII/ptolemy/actor/lib/test/auto/OrderedRecordUpdater2.xml (RunModel)" time="0.019" />
  <testcase classname="ptolemy.util.test.junit.AutoTests" name="[251] /home/travis/build/icyphy/ptII/ptolemy/actor/lib/test/auto/PhaseUnwrap.xml (RunModel)" time="0.015" />
  <testcase classname="ptolemy.util.test.junit.AutoTests" name="[252] /home/travis/build/icyphy/ptII/ptolemy/actor/lib/test/auto/PoissonClock.xml (RunModel)" time="0.011" />
  <testcase classname="ptolemy.util.test.junit.AutoTests" name="[253] /home/travis/build/icyphy/ptII/ptolemy/actor/lib/test/auto/PoissonClock2.xml (RunModel)" time="0.009" />
  <testcase classname="ptolemy.util.test.junit.AutoTests" name="[254] /home/travis/build/icyphy/ptII/ptolemy/actor/lib/test/auto/PoissonClock3.xml (RunModel)" time="0.024" />
  <testcase classname="ptolemy.util.test.junit.AutoTests" name="[255] /home/travis/build/icyphy/ptII/ptolemy/actor/lib/test/auto/PubSubWithInitialTokens.xml (RunModel)" time="0.011" />
  <testcase classname="ptolemy.util.test.junit.AutoTests" name="[256] /home/travis/build/icyphy/ptII/ptolemy/actor/lib/test/auto/PubSubWithInitialTokens2.xml (RunModel)" time="0.016" />
  <testcase classname="ptolemy.util.test.junit.AutoTests" name="[257] /home/travis/build/icyphy/ptII/ptolemy/actor/lib/test/auto/PublisherClassNoParameter.xml (RunModel)" time="0.025" />
  <testcase classname="ptolemy.util.test.junit.AutoTests" name="[258] /home/travis/build/icyphy/ptII/ptolemy/actor/lib/test/auto/PublisherClassParameter.xml (RunModel)" time="0.02" />
  <testcase classname="ptolemy.util.test.junit.AutoTests" name="[259] /home/travis/build/icyphy/ptII/ptolemy/actor/lib/test/auto/PublisherNonStrictTest.xml (RunModel)" time="0.014" />
  <testcase classname="ptolemy.util.test.junit.AutoTests" name="[260] /home/travis/build/icyphy/ptII/ptolemy/actor/lib/test/auto/PublisherPort1.xml (RunModel)" time="0.022" />
  <testcase classname="ptolemy.util.test.junit.AutoTests" name="[261] /home/travis/build/icyphy/ptII/ptolemy/actor/lib/test/auto/PublisherPort2.xml (RunModel)" time="0.009" />
  <testcase classname="ptolemy.util.test.junit.AutoTests" name="[262] /home/travis/build/icyphy/ptII/ptolemy/actor/lib/test/auto/PublisherPort3.xml (RunModel)" time="0.011" />
  <testcase classname="ptolemy.util.test.junit.AutoTests" name="[263] /home/travis/build/icyphy/ptII/ptolemy/actor/lib/test/auto/PublisherPort4.xml (RunModel)" time="0.013" />
  <testcase classname="ptolemy.util.test.junit.AutoTests" name="[264] /home/travis/build/icyphy/ptII/ptolemy/actor/lib/test/auto/PublisherPort5.xml (RunModel)" time="0.014" />
  <testcase classname="ptolemy.util.test.junit.AutoTests" name="[265] /home/travis/build/icyphy/ptII/ptolemy/actor/lib/test/auto/PublisherPort5LookAlike.xml (RunModel)" time="0.019" />
  <testcase classname="ptolemy.util.test.junit.AutoTests" name="[266] /home/travis/build/icyphy/ptII/ptolemy/actor/lib/test/auto/PublisherPort6.xml (RunModel)" time="0.012" />
  <testcase classname="ptolemy.util.test.junit.AutoTests" name="[267] /home/travis/build/icyphy/ptII/ptolemy/actor/lib/test/auto/PublisherPort7.xml (RunModel)" time="0.017" />
  <testcase classname="ptolemy.util.test.junit.AutoTests" name="[268] /home/travis/build/icyphy/ptII/ptolemy/actor/lib/test/auto/PublisherPort8.xml (RunModel)" time="0.017" />
  <testcase classname="ptolemy.util.test.junit.AutoTests" name="[269] /home/travis/build/icyphy/ptII/ptolemy/actor/lib/test/auto/PublisherPortSubscriberChannelVariablesAOC2.xml (RunModel)" time="0.034" />
  <testcase classname="ptolemy.util.test.junit.AutoTests" name="[270] /home/travis/build/icyphy/ptII/ptolemy/actor/lib/test/auto/PublisherPortSubscriberOpaqueWidthInference.xml (RunModel)" time="0.016" />
  <testcase classname="ptolemy.util.test.junit.AutoTests" name="[271] /home/travis/build/icyphy/ptII/ptolemy/actor/lib/test/auto/PublisherPortSubscriberPortAdjacent.xml (RunModel)" time="0.021" />
  <testcase classname="ptolemy.util.test.junit.AutoTests" name="[272] /home/travis/build/icyphy/ptII/ptolemy/actor/lib/test/auto/PublisherPortSubscriberPortExpression.xml (RunModel)" time="0.018" />
  <testcase classname="ptolemy.util.test.junit.AutoTests" name="[273] /home/travis/build/icyphy/ptII/ptolemy/actor/lib/test/auto/PublisherPortSubscriberPortOpaqueD3Reverse.xml (RunModel)" time="0.037" />
  <testcase classname="ptolemy.util.test.junit.AutoTests" name="[274] /home/travis/build/icyphy/ptII/ptolemy/actor/lib/test/auto/PublisherPortSubscriberPortOpaqueWidthInference.xml (RunModel)" time="0.017" />
  <testcase classname="ptolemy.util.test.junit.AutoTests" name="[275] /home/travis/build/icyphy/ptII/ptolemy/actor/lib/test/auto/PublisherPortToplevelSubscriberPortAOC.xml (RunModel)" time="0.011" />
  <testcase classname="ptolemy.util.test.junit.AutoTests" name="[276] /home/travis/build/icyphy/ptII/ptolemy/actor/lib/test/auto/PublisherSubscriber.xml (RunModel)" time="0.014" />
  <testcase classname="ptolemy.util.test.junit.AutoTests" name="[277] /home/travis/build/icyphy/ptII/ptolemy/actor/lib/test/auto/PublisherSubscriber10.xml (RunModel)" time="0.022" />
  <testcase classname="ptolemy.util.test.junit.AutoTests" name="[278] /home/travis/build/icyphy/ptII/ptolemy/actor/lib/test/auto/PublisherSubscriber10InitialOutputs.xml (RunModel)" time="0.031" />
  <testcase classname="ptolemy.util.test.junit.AutoTests" name="[279] /home/travis/build/icyphy/ptII/ptolemy/actor/lib/test/auto/PublisherSubscriber11.xml (RunModel)" time="0.019" />
  <testcase classname="ptolemy.util.test.junit.AutoTests" name="[280] /home/travis/build/icyphy/ptII/ptolemy/actor/lib/test/auto/PublisherSubscriber12.xml (RunModel)" time="0.015" />
  <testcase classname="ptolemy.util.test.junit.AutoTests" name="[281] /home/travis/build/icyphy/ptII/ptolemy/actor/lib/test/auto/PublisherSubscriber13.xml (RunModel)" time="0.01" />
  <testcase classname="ptolemy.util.test.junit.AutoTests" name="[282] /home/travis/build/icyphy/ptII/ptolemy/actor/lib/test/auto/PublisherSubscriber14.xml (RunModel)" time="0.021" />
  <testcase classname="ptolemy.util.test.junit.AutoTests" name="[283] /home/travis/build/icyphy/ptII/ptolemy/actor/lib/test/auto/PublisherSubscriber2.xml (RunModel)" time="0.011" />
  <testcase classname="ptolemy.util.test.junit.AutoTests" name="[284] /home/travis/build/icyphy/ptII/ptolemy/actor/lib/test/auto/PublisherSubscriber3.xml (RunModel)" time="0.009" />
  <testcase classname="ptolemy.util.test.junit.AutoTests" name="[285] /home/travis/build/icyphy/ptII/ptolemy/actor/lib/test/auto/PublisherSubscriber4.xml (RunModel)" time="0.009" />
  <testcase classname="ptolemy.util.test.junit.AutoTests" name="[286] /home/travis/build/icyphy/ptII/ptolemy/actor/lib/test/auto/PublisherSubscriber5.xml (RunModel)" time="0.011" />
  <testcase classname="ptolemy.util.test.junit.AutoTests" name="[287] /home/travis/build/icyphy/ptII/ptolemy/actor/lib/test/auto/PublisherSubscriber6.xml (RunModel)" time="0.015" />
  <testcase classname="ptolemy.util.test.junit.AutoTests" name="[288] /home/travis/build/icyphy/ptII/ptolemy/actor/lib/test/auto/PublisherSubscriber7.xml (RunModel)" time="0.017" />
  <testcase classname="ptolemy.util.test.junit.AutoTests" name="[289] /home/travis/build/icyphy/ptII/ptolemy/actor/lib/test/auto/PublisherSubscriber8.xml (RunModel)" time="0.043" />
  <testcase classname="ptolemy.util.test.junit.AutoTests" name="[290] /home/travis/build/icyphy/ptII/ptolemy/actor/lib/test/auto/PublisherSubscriber9.xml (RunModel)" time="0.019" />
  <testcase classname="ptolemy.util.test.junit.AutoTests" name="[291] /home/travis/build/icyphy/ptII/ptolemy/actor/lib/test/auto/PublisherSubscriberAdjacent.xml (RunModel)" time="0.024" />
  <testcase classname="ptolemy.util.test.junit.AutoTests" name="[292] /home/travis/build/icyphy/ptII/ptolemy/actor/lib/test/auto/PublisherSubscriberChannelVariablesAOC2.xml (RunModel)" time="0.029" />
  <testcase classname="ptolemy.util.test.junit.AutoTests" name="[293] /home/travis/build/icyphy/ptII/ptolemy/actor/lib/test/auto/PublisherSubscriberD3.xml (RunModel)" time="0.014" />
  <testcase classname="ptolemy.util.test.junit.AutoTests" name="[294] /home/travis/build/icyphy/ptII/ptolemy/actor/lib/test/auto/PublisherSubscriberD3Reverse.xml (RunModel)" time="0.012" />
  <testcase classname="ptolemy.util.test.junit.AutoTests" name="[295] /home/travis/build/icyphy/ptII/ptolemy/actor/lib/test/auto/PublisherSubscriberExpression.xml (RunModel)" time="0.018" />
  <testcase classname="ptolemy.util.test.junit.AutoTests" name="[296] /home/travis/build/icyphy/ptII/ptolemy/actor/lib/test/auto/PublisherSubscriberOpaque.xml (RunModel)" time="0.016" />
  <testcase classname="ptolemy.util.test.junit.AutoTests" name="[297] /home/travis/build/icyphy/ptII/ptolemy/actor/lib/test/auto/PublisherSubscriberOpaqueD3.xml (RunModel)" time="0.023" />
  <testcase classname="ptolemy.util.test.junit.AutoTests" name="[298] /home/travis/build/icyphy/ptII/ptolemy/actor/lib/test/auto/PublisherSubscriberOpaqueD3Reverse.xml (RunModel)" time="0.022" />
  <testcase classname="ptolemy.util.test.junit.AutoTests" name="[299] /home/travis/build/icyphy/ptII/ptolemy/actor/lib/test/auto/PublisherSubscriberOpaqueWidthInference.xml (RunModel)" time="0.017" />
  <testcase classname="ptolemy.util.test.junit.AutoTests" name="[300] /home/travis/build/icyphy/ptII/ptolemy/actor/lib/test/auto/PublisherTestSubscriber.xml (RunModel)" time="0.017" />
  <testcase classname="ptolemy.util.test.junit.AutoTests" name="[301] /home/travis/build/icyphy/ptII/ptolemy/actor/lib/test/auto/PublisherToplevelSubscriberPortAOC.xml (RunModel)" time="0.01" />
  <testcase classname="ptolemy.util.test.junit.AutoTests" name="[302] /home/travis/build/icyphy/ptII/ptolemy/actor/lib/test/auto/PulseFiringLimitDE.xml (RunModel)" time="0.018" />
  <testcase classname="ptolemy.util.test.junit.AutoTests" name="[303] /home/travis/build/icyphy/ptII/ptolemy/actor/lib/test/auto/Ramp1.xml (RunModel)" time="0.007" />
  <testcase classname="ptolemy.util.test.junit.AutoTests" name="[304] /home/travis/build/icyphy/ptII/ptolemy/actor/lib/test/auto/RampFiringLimitDE.xml (RunModel)" time="0.011" />
  <testcase classname="ptolemy.util.test.junit.AutoTests" name="[305] /home/travis/build/icyphy/ptII/ptolemy/actor/lib/test/auto/RampFiringLimitSDF.xml (RunModel)" time="0.01" />
  <testcase classname="ptolemy.util.test.junit.AutoTests" name="[306] /home/travis/build/icyphy/ptII/ptolemy/actor/lib/test/auto/RandomInteger.xml (RunModel)" time="0.008" />
  <testcase classname="ptolemy.util.test.junit.AutoTests" name="[307] /home/travis/build/icyphy/ptII/ptolemy/actor/lib/test/auto/ReadFile1.xml (RunModel)" time="0.008" />
  <testcase classname="ptolemy.util.test.junit.AutoTests" name="[308] /home/travis/build/icyphy/ptII/ptolemy/actor/lib/test/auto/ReadFile2.xml (RunModel)" time="0.008" />
  <testcase classname="ptolemy.util.test.junit.AutoTests" name="[309] /home/travis/build/icyphy/ptII/ptolemy/actor/lib/test/auto/Reader.xml (RunModel)" time="0.01" />
  <testcase classname="ptolemy.util.test.junit.AutoTests" name="[310] /home/travis/build/icyphy/ptII/ptolemy/actor/lib/test/auto/RecordAssemblerDisplayNameTest.xml (RunModel)" time="3.758" />
  <testcase classname="ptolemy.util.test.junit.AutoTests" name="[311] /home/travis/build/icyphy/ptII/ptolemy/actor/lib/test/auto/RecordAssemblerTypeError.xml (RunModel)" time="0.032" />
  <testcase classname="ptolemy.util.test.junit.AutoTests" name="[312] /home/travis/build/icyphy/ptII/ptolemy/actor/lib/test/auto/RecordDisassember.xml (RunModel)" time="0.019" />
  <testcase classname="ptolemy.util.test.junit.AutoTests" name="[313] /home/travis/build/icyphy/ptII/ptolemy/actor/lib/test/auto/RecordDisassemberDisplayNameTest.xml (RunModel)" time="0.022" />
  <testcase classname="ptolemy.util.test.junit.AutoTests" name="[314] /home/travis/build/icyphy/ptII/ptolemy/actor/lib/test/auto/RecordDisassembler.xml (RunModel)" time="0.009" />
  <testcase classname="ptolemy.util.test.junit.AutoTests" name="[315] /home/travis/build/icyphy/ptII/ptolemy/actor/lib/test/auto/RecordDisassembler2.xml (RunModel)" time="0.01" />
  <testcase classname="ptolemy.util.test.junit.AutoTests" name="[316] /home/travis/build/icyphy/ptII/ptolemy/actor/lib/test/auto/RecordUpdater.xml (RunModel)" time="0.011" />
  <testcase classname="ptolemy.util.test.junit.AutoTests" name="[317] /home/travis/build/icyphy/ptII/ptolemy/actor/lib/test/auto/RecordUpdater2.xml (RunModel)" time="0.008" />
  <testcase classname="ptolemy.util.test.junit.AutoTests" name="[318] /home/travis/build/icyphy/ptII/ptolemy/actor/lib/test/auto/RecursiveLattice.xml (RunModel)" time="0.008" />
  <testcase classname="ptolemy.util.test.junit.AutoTests" name="[319] /home/travis/build/icyphy/ptII/ptolemy/actor/lib/test/auto/Router.xml (RunModel)" time="3.025" />
  <testcase classname="ptolemy.util.test.junit.AutoTests" name="[320] /home/travis/build/icyphy/ptII/ptolemy/actor/lib/test/auto/Router2.xml (RunModel)" time="3.03" />
  <testcase classname="ptolemy.util.test.junit.AutoTests" name="[321] /home/travis/build/icyphy/ptII/ptolemy/actor/lib/test/auto/RunningMaximum.xml (RunModel)" time="0.021" />
  <testcase classname="ptolemy.util.test.junit.AutoTests" name="[322] /home/travis/build/icyphy/ptII/ptolemy/actor/lib/test/auto/RunningMinimum.xml (RunModel)" time="0.029" />
  <testcase classname="ptolemy.util.test.junit.AutoTests" name="[323] /home/travis/build/icyphy/ptII/ptolemy/actor/lib/test/auto/Scale.xml (RunModel)" time="0.01" />
  <testcase classname="ptolemy.util.test.junit.AutoTests" name="[324] /home/travis/build/icyphy/ptII/ptolemy/actor/lib/test/auto/Scale2.xml (RunModel)" time="0.011" />
  <testcase classname="ptolemy.util.test.junit.AutoTests" name="[325] /home/travis/build/icyphy/ptII/ptolemy/actor/lib/test/auto/Scale3.xml (RunModel)" time="0.018" />
  <testcase classname="ptolemy.util.test.junit.AutoTests" name="[326] /home/travis/build/icyphy/ptII/ptolemy/actor/lib/test/auto/ScaleArray.xml (RunModel)" time="0.009" />
  <testcase classname="ptolemy.util.test.junit.AutoTests" name="[327] /home/travis/build/icyphy/ptII/ptolemy/actor/lib/test/auto/ScaleArray2.xml (RunModel)" time="0.008" />
  <testcase classname="ptolemy.util.test.junit.AutoTests" name="[328] /home/travis/build/icyphy/ptII/ptolemy/actor/lib/test/auto/ScaleMatrix.xml (RunModel)" time="0.173" />
  <testcase classname="ptolemy.util.test.junit.AutoTests" name="[329] /home/travis/build/icyphy/ptII/ptolemy/actor/lib/test/auto/Select.xml (RunModel)" time="0.016" />
  <testcase classname="ptolemy.util.test.junit.AutoTests" name="[330] /home/travis/build/icyphy/ptII/ptolemy/actor/lib/test/auto/Select2.xml (RunModel)" time="0.01" />
  <testcase classname="ptolemy.util.test.junit.AutoTests" name="[331] /home/travis/build/icyphy/ptII/ptolemy/actor/lib/test/auto/SequenceToArray2.xml (RunModel)" time="0.152" />
  <testcase classname="ptolemy.util.test.junit.AutoTests" name="[332] /home/travis/build/icyphy/ptII/ptolemy/actor/lib/test/auto/SequentialClock.xml (RunModel)" time="0.012" />
  <testcase classname="ptolemy.util.test.junit.AutoTests" name="[333] /home/travis/build/icyphy/ptII/ptolemy/actor/lib/test/auto/SetVariable.xml (RunModel)" time="0.009" />
  <testcase classname="ptolemy.util.test.junit.AutoTests" name="[334] /home/travis/build/icyphy/ptII/ptolemy/actor/lib/test/auto/SetVariable2.xml (RunModel)" time="0.011" />
  <testcase classname="ptolemy.util.test.junit.AutoTests" name="[335] /home/travis/build/icyphy/ptII/ptolemy/actor/lib/test/auto/SetVariable3.xml (RunModel)" time="0.016" />
  <testcase classname="ptolemy.util.test.junit.AutoTests" name="[336] /home/travis/build/icyphy/ptII/ptolemy/actor/lib/test/auto/SetVariable4.xml (RunModel)" time="0.036" />
  <testcase classname="ptolemy.util.test.junit.AutoTests" name="[337] /home/travis/build/icyphy/ptII/ptolemy/actor/lib/test/auto/SetVariable5.xml (RunModel)" time="0.039" />
  <testcase classname="ptolemy.util.test.junit.AutoTests" name="[338] /home/travis/build/icyphy/ptII/ptolemy/actor/lib/test/auto/Sinewave.xml (RunModel)" time="0.027" />
  <testcase classname="ptolemy.util.test.junit.AutoTests" name="[339] /home/travis/build/icyphy/ptII/ptolemy/actor/lib/test/auto/Sinewave2.xml (RunModel)" time="0.018" />
  <testcase classname="ptolemy.util.test.junit.AutoTests" name="[340] /home/travis/build/icyphy/ptII/ptolemy/actor/lib/test/auto/Sinewave3.xml (RunModel)" time="0.023" />
  <testcase classname="ptolemy.util.test.junit.AutoTests" name="[341] /home/travis/build/icyphy/ptII/ptolemy/actor/lib/test/auto/SingleEvent.xml (RunModel)" time="0.007" />
  <testcase classname="ptolemy.util.test.junit.AutoTests" name="[342] /home/travis/build/icyphy/ptII/ptolemy/actor/lib/test/auto/Sleep.xml (RunModel)" time="6.024" />
  <testcase classname="ptolemy.util.test.junit.AutoTests" name="[343] /home/travis/build/icyphy/ptII/ptolemy/actor/lib/test/auto/SleepMultipleFire.xml (RunModel)" time="1.019" />
  <testcase classname="ptolemy.util.test.junit.AutoTests" name="[344] /home/travis/build/icyphy/ptII/ptolemy/actor/lib/test/auto/StopDE.xml (RunModel)" time="0.024" />
  <testcase classname="ptolemy.util.test.junit.AutoTests" name="[345] /home/travis/build/icyphy/ptII/ptolemy/actor/lib/test/auto/StopSDF.xml (RunModel)" time="0.013" />
  <testcase classname="ptolemy.util.test.junit.AutoTests" name="[346] /home/travis/build/icyphy/ptII/ptolemy/actor/lib/test/auto/StringConstant.xml (RunModel)" time="0.018" />
  <testcase classname="ptolemy.util.test.junit.AutoTests" name="[347] /home/travis/build/icyphy/ptII/ptolemy/actor/lib/test/auto/SubscriberPortInitialValues1.xml (RunModel)" time="0.026" />
  <testcase classname="ptolemy.util.test.junit.AutoTests" name="[348] /home/travis/build/icyphy/ptII/ptolemy/actor/lib/test/auto/SubscriberPortInitialValues13.xml (RunModel)" time="0.039" />
  <testcase classname="ptolemy.util.test.junit.AutoTests" name="[349] /home/travis/build/icyphy/ptII/ptolemy/actor/lib/test/auto/SubscriberPortInitialValues14.xml (RunModel)" time="0.017" />
  <testcase classname="ptolemy.util.test.junit.AutoTests" name="[350] /home/travis/build/icyphy/ptII/ptolemy/actor/lib/test/auto/SubscriberPortInitialValues2.xml (RunModel)" time="0.019" />
  <testcase classname="ptolemy.util.test.junit.AutoTests" name="[351] /home/travis/build/icyphy/ptII/ptolemy/actor/lib/test/auto/SubscriberPortInitialValues3.xml (RunModel)" time="0.021" />
  <testcase classname="ptolemy.util.test.junit.AutoTests" name="[352] /home/travis/build/icyphy/ptII/ptolemy/actor/lib/test/auto/SubscriptionAggregator.xml (RunModel)" time="0.013" />
  <testcase classname="ptolemy.util.test.junit.AutoTests" name="[353] /home/travis/build/icyphy/ptII/ptolemy/actor/lib/test/auto/SubscriptionAggregator2.xml (RunModel)" time="0.012" />
  <testcase classname="ptolemy.util.test.junit.AutoTests" name="[354] /home/travis/build/icyphy/ptII/ptolemy/actor/lib/test/auto/SubscriptionAggregator3.xml (RunModel)" time="0.019" />
  <testcase classname="ptolemy.util.test.junit.AutoTests" name="[355] /home/travis/build/icyphy/ptII/ptolemy/actor/lib/test/auto/SubscriptionAggregatorMultiply.xml (RunModel)" time="0.026" />
  <testcase classname="ptolemy.util.test.junit.AutoTests" name="[356] /home/travis/build/icyphy/ptII/ptolemy/actor/lib/test/auto/SubscriptionAggregatorPortMultiply1.xml (RunModel)" time="0.014" />
  <testcase classname="ptolemy.util.test.junit.AutoTests" name="[357] /home/travis/build/icyphy/ptII/ptolemy/actor/lib/test/auto/Switch.xml (RunModel)" time="0.018" />
  <testcase classname="ptolemy.util.test.junit.AutoTests" name="[358] /home/travis/build/icyphy/ptII/ptolemy/actor/lib/test/auto/Switch2.xml (RunModel)" time="0.011" />
  <testcase classname="ptolemy.util.test.junit.AutoTests" name="[359] /home/travis/build/icyphy/ptII/ptolemy/actor/lib/test/auto/SwitchDE.xml (RunModel)" time="0.014" />
  <testcase classname="ptolemy.util.test.junit.AutoTests" name="[360] /home/travis/build/icyphy/ptII/ptolemy/actor/lib/test/auto/SynchronizerDE.xml (RunModel)" time="0.023" />
  <testcase classname="ptolemy.util.test.junit.AutoTests" name="[361] /home/travis/build/icyphy/ptII/ptolemy/actor/lib/test/auto/Test.xml (RunModel)" time="0.013" />
  <testcase classname="ptolemy.util.test.junit.AutoTests" name="[362] /home/travis/build/icyphy/ptII/ptolemy/actor/lib/test/auto/TestExceptionAttribute1.xml (RunModel)" time="0.01" />
  <testcase classname="ptolemy.util.test.junit.AutoTests" name="[363] /home/travis/build/icyphy/ptII/ptolemy/actor/lib/test/auto/TestExceptionAttribute2.xml (RunModel)" time="0.006" />
  <testcase classname="ptolemy.util.test.junit.AutoTests" name="[364] /home/travis/build/icyphy/ptII/ptolemy/actor/lib/test/auto/TestExceptionAttribute3.xml (RunModel)" time="0.006" />
  <testcase classname="ptolemy.util.test.junit.AutoTests" name="[365] /home/travis/build/icyphy/ptII/ptolemy/actor/lib/test/auto/TestExceptionAttribute4.xml (RunModel)" time="0.006" />
  <testcase classname="ptolemy.util.test.junit.AutoTests" name="[366] /home/travis/build/icyphy/ptII/ptolemy/actor/lib/test/auto/TestExceptionHandler1.xml (RunModel)" time="0.006" />
  <testcase classname="ptolemy.util.test.junit.AutoTests" name="[367] /home/travis/build/icyphy/ptII/ptolemy/actor/lib/test/auto/TestExceptionHandler2.xml (RunModel)" time="0.006" />
  <testcase classname="ptolemy.util.test.junit.AutoTests" name="[368] /home/travis/build/icyphy/ptII/ptolemy/actor/lib/test/auto/TestExceptionHandler3.xml (RunModel)" time="0.005" />
  <testcase classname="ptolemy.util.test.junit.AutoTests" name="[369] /home/travis/build/icyphy/ptII/ptolemy/actor/lib/test/auto/TestExceptionHandler4.xml (RunModel)" time="0.006" />
  <testcase classname="ptolemy.util.test.junit.AutoTests" name="[370] /home/travis/build/icyphy/ptII/ptolemy/actor/lib/test/auto/TestRequireCorrectOrder.xml (RunModel)" time="0.012" />
  <testcase classname="ptolemy.util.test.junit.AutoTests" name="[371] /home/travis/build/icyphy/ptII/ptolemy/actor/lib/test/auto/TestSimple.xml (RunModel)" time="0.007" />
  <testcase classname="ptolemy.util.test.junit.AutoTests" name="[372] /home/travis/build/icyphy/ptII/ptolemy/actor/lib/test/auto/ThrowModelError.xml (RunModel)" time="0.01" />
  <testcase classname="ptolemy.util.test.junit.AutoTests" name="[373] /home/travis/build/icyphy/ptII/ptolemy/actor/lib/test/auto/TimeDelayMicrosteps.xml (RunModel)" time="0.014" />
  <testcase classname="ptolemy.util.test.junit.AutoTests" name="[374] /home/travis/build/icyphy/ptII/ptolemy/actor/lib/test/auto/TimeDelayMicrosteps2.xml (RunModel)" time="0.015" />
  <testcase classname="ptolemy.util.test.junit.AutoTests" name="[375] /home/travis/build/icyphy/ptII/ptolemy/actor/lib/test/auto/TimeDelayMicrosteps3.xml (RunModel)" time="0.011" />
  <testcase classname="ptolemy.util.test.junit.AutoTests" name="[376] /home/travis/build/icyphy/ptII/ptolemy/actor/lib/test/auto/TimeDelayVariableMicrosteps.xml (RunModel)" time="0.014" />
  <testcase classname="ptolemy.util.test.junit.AutoTests" name="[377] /home/travis/build/icyphy/ptII/ptolemy/actor/lib/test/auto/TimeGap.xml (RunModel)" time="0.015" />
  <testcase classname="ptolemy.util.test.junit.AutoTests" name="[378] /home/travis/build/icyphy/ptII/ptolemy/actor/lib/test/auto/TimeGap2.xml (RunModel)" time="0.012" />
  <testcase classname="ptolemy.util.test.junit.AutoTests" name="[379] /home/travis/build/icyphy/ptII/ptolemy/actor/lib/test/auto/TimedSinewave.xml (RunModel)" time="0.056" />
  <testcase classname="ptolemy.util.test.junit.AutoTests" name="[380] /home/travis/build/icyphy/ptII/ptolemy/actor/lib/test/auto/TimedSinewavePhase.xml (RunModel)" time="0.037" />
  <testcase classname="ptolemy.util.test.junit.AutoTests" name="[381] /home/travis/build/icyphy/ptII/ptolemy/actor/lib/test/auto/Timer.xml (RunModel)" time="0.019" />
  <testcase classname="ptolemy.util.test.junit.AutoTests" name="[382] /home/travis/build/icyphy/ptII/ptolemy/actor/lib/test/auto/TriangularDistTestModel.xml (RunModel)" time="0.015" />
  <testcase classname="ptolemy.util.test.junit.AutoTests" name="[383] /home/travis/build/icyphy/ptII/ptolemy/actor/lib/test/auto/TrigFunction.xml (RunModel)" time="0.011" />
  <testcase classname="ptolemy.util.test.junit.AutoTests" name="[384] /home/travis/build/icyphy/ptII/ptolemy/actor/lib/test/auto/TrigFunctionDE.xml (RunModel)" time="0.011" />
  <testcase classname="ptolemy.util.test.junit.AutoTests" name="[385] /home/travis/build/icyphy/ptII/ptolemy/actor/lib/test/auto/TrigFunctionInverse.xml (RunModel)" time="0.009" />
  <testcase classname="ptolemy.util.test.junit.AutoTests" name="[386] /home/travis/build/icyphy/ptII/ptolemy/actor/lib/test/auto/TrigFunctionTan.xml (RunModel)" time="0.007" />
  <testcase classname="ptolemy.util.test.junit.AutoTests" name="[387] /home/travis/build/icyphy/ptII/ptolemy/actor/lib/test/auto/TriggeredClock.xml (RunModel)" time="0.008" />
  <testcase classname="ptolemy.util.test.junit.AutoTests" name="[388] /home/travis/build/icyphy/ptII/ptolemy/actor/lib/test/auto/URLDirectoryReader.xml (RunModel)" time="0.133" />
  <testcase classname="ptolemy.util.test.junit.AutoTests" name="[389] /home/travis/build/icyphy/ptII/ptolemy/actor/lib/test/auto/URLDirectoryReader3.xml (RunModel)" time="1.353" />
  <testcase classname="ptolemy.util.test.junit.AutoTests" name="[390] /home/travis/build/icyphy/ptII/ptolemy/actor/lib/test/auto/UnaryMathFunction.xml (RunModel)" time="0.029" />
  <testcase classname="ptolemy.util.test.junit.AutoTests" name="[391] /home/travis/build/icyphy/ptII/ptolemy/actor/lib/test/auto/Uniform.xml (RunModel)" time="0.013" />
  <testcase classname="ptolemy.util.test.junit.AutoTests" name="[392] /home/travis/build/icyphy/ptII/ptolemy/actor/lib/test/auto/UnionDisassemblerTest.xml (RunModel)" time="0.029" />
  <testcase classname="ptolemy.util.test.junit.AutoTests" name="[393] /home/travis/build/icyphy/ptII/ptolemy/actor/lib/test/auto/UtilityFunctions.xml (RunModel)" time="0.008" />
  <testcase classname="ptolemy.util.test.junit.AutoTests" name="[394] /home/travis/build/icyphy/ptII/ptolemy/actor/lib/test/auto/VariableSleep.xml (RunModel)" time="0.513" />
  <testcase classname="ptolemy.util.test.junit.AutoTests" name="[395] /home/travis/build/icyphy/ptII/ptolemy/actor/lib/test/auto/VectorAssemblerDisassemblerCT.xml (RunModel)" time="0.103" />
  <testcase classname="ptolemy.util.test.junit.AutoTests" name="[396] /home/travis/build/icyphy/ptII/ptolemy/actor/lib/test/auto/VectorAssemblerDisassemblerDE.xml (RunModel)" time="0.019" />
  <testcase classname="ptolemy.util.test.junit.AutoTests" name="[397] /home/travis/build/icyphy/ptII/ptolemy/actor/lib/test/auto/VectorAssemblerDisassemblerSDF.xml (RunModel)" time="0.014" />
  <testcase classname="ptolemy.util.test.junit.AutoTests" name="[398] /home/travis/build/icyphy/ptII/ptolemy/actor/lib/test/auto/WallClockTime.xml (RunModel)" time="1.015" />
  <testcase classname="ptolemy.util.test.junit.AutoTests" name="[399] /home/travis/build/icyphy/ptII/ptolemy/actor/lib/test/auto/WidthTestWithSubscriberPublisher.xml (RunModel)" time="0.043" />
  <testcase classname="ptolemy.util.test.junit.AutoTests" name="[400] /home/travis/build/icyphy/ptII/ptolemy/actor/lib/test/auto/WidthTestWithSubscriberPublisher2.xml (RunModel)" time="0.015" />
  <testcase classname="ptolemy.util.test.junit.AutoTests" name="[401] /home/travis/build/icyphy/ptII/ptolemy/actor/lib/test/auto/WidthTestWithSubscriberPublisher3.xml (RunModel)" time="0.012" />
  <testcase classname="ptolemy.util.test.junit.AutoTests" name="[402] /home/travis/build/icyphy/ptII/ptolemy/actor/lib/test/auto/Writer.xml (RunModel)" time="0.007" />
  <testcase classname="ptolemy.util.test.junit.AutoTests" name="[403] /home/travis/build/icyphy/ptII/ptolemy/actor/lib/test/auto/array.xml (RunModel)" time="0.02" />
  <testcase classname="ptolemy.util.test.junit.AutoTests" name="[404] /home/travis/build/icyphy/ptII/ptolemy/actor/lib/test/auto/array2.xml (RunModel)" time="0.012" />
  <testcase classname="ptolemy.util.test.junit.AutoTests" name="[405] /home/travis/build/icyphy/ptII/ptolemy/actor/lib/test/auto/arrayType.xml (RunModel)" time="0.01" />
  <testcase classname="ptolemy.util.test.junit.AutoTests" name="[406] /home/travis/build/icyphy/ptII/ptolemy/actor/lib/test/auto/arrayType10.xml (RunModel)" time="0.009" />
  <testcase classname="ptolemy.util.test.junit.AutoTests" name="[407] /home/travis/build/icyphy/ptII/ptolemy/actor/lib/test/auto/arrayType11.xml (RunModel)" time="0.008" />
  <testcase classname="ptolemy.util.test.junit.AutoTests" name="[408] /home/travis/build/icyphy/ptII/ptolemy/actor/lib/test/auto/arrayType12.xml (RunModel)" time="0.009" />
  <testcase classname="ptolemy.util.test.junit.AutoTests" name="[409] /home/travis/build/icyphy/ptII/ptolemy/actor/lib/test/auto/arrayType13.xml (RunModel)" time="0.009" />
  <testcase classname="ptolemy.util.test.junit.AutoTests" name="[410] /home/travis/build/icyphy/ptII/ptolemy/actor/lib/test/auto/arrayType14.xml (RunModel)" time="0.009" />
  <testcase classname="ptolemy.util.test.junit.AutoTests" name="[411] /home/travis/build/icyphy/ptII/ptolemy/actor/lib/test/auto/arrayType15.xml (RunModel)" time="0.011" />
  <testcase classname="ptolemy.util.test.junit.AutoTests" name="[412] /home/travis/build/icyphy/ptII/ptolemy/actor/lib/test/auto/arrayType16.xml (RunModel)" time="0.009" />
  <testcase classname="ptolemy.util.test.junit.AutoTests" name="[413] /home/travis/build/icyphy/ptII/ptolemy/actor/lib/test/auto/arrayType17.xml (RunModel)" time="0.009" />
  <testcase classname="ptolemy.util.test.junit.AutoTests" name="[414] /home/travis/build/icyphy/ptII/ptolemy/actor/lib/test/auto/arrayType18.xml (RunModel)" time="0.015" />
  <testcase classname="ptolemy.util.test.junit.AutoTests" name="[415] /home/travis/build/icyphy/ptII/ptolemy/actor/lib/test/auto/arrayType19.xml (RunModel)" time="0.009" />
  <testcase classname="ptolemy.util.test.junit.AutoTests" name="[416] /home/travis/build/icyphy/ptII/ptolemy/actor/lib/test/auto/arrayType2.xml (RunModel)" time="0.009" />
  <testcase classname="ptolemy.util.test.junit.AutoTests" name="[417] /home/travis/build/icyphy/ptII/ptolemy/actor/lib/test/auto/arrayType20.xml (RunModel)" time="0.009" />
  <testcase classname="ptolemy.util.test.junit.AutoTests" name="[418] /home/travis/build/icyphy/ptII/ptolemy/actor/lib/test/auto/arrayType21.xml (RunModel)" time="0.008" />
  <testcase classname="ptolemy.util.test.junit.AutoTests" name="[419] /home/travis/build/icyphy/ptII/ptolemy/actor/lib/test/auto/arrayType22.xml (RunModel)" time="0.013" />
  <testcase classname="ptolemy.util.test.junit.AutoTests" name="[420] /home/travis/build/icyphy/ptII/ptolemy/actor/lib/test/auto/arrayType23.xml (RunModel)" time="0.009" />
  <testcase classname="ptolemy.util.test.junit.AutoTests" name="[421] /home/travis/build/icyphy/ptII/ptolemy/actor/lib/test/auto/arrayType24.xml (RunModel)" time="0.011" />
  <testcase classname="ptolemy.util.test.junit.AutoTests" name="[422] /home/travis/build/icyphy/ptII/ptolemy/actor/lib/test/auto/arrayType25.xml (RunModel)" time="0.009" />
  <testcase classname="ptolemy.util.test.junit.AutoTests" name="[423] /home/travis/build/icyphy/ptII/ptolemy/actor/lib/test/auto/arrayType26.xml (RunModel)" time="0.009" />
  <testcase classname="ptolemy.util.test.junit.AutoTests" name="[424] /home/travis/build/icyphy/ptII/ptolemy/actor/lib/test/auto/arrayType27.xml (RunModel)" time="0.009" />
  <testcase classname="ptolemy.util.test.junit.AutoTests" name="[425] /home/travis/build/icyphy/ptII/ptolemy/actor/lib/test/auto/arrayType28.xml (RunModel)" time="0.01" />
  <testcase classname="ptolemy.util.test.junit.AutoTests" name="[426] /home/travis/build/icyphy/ptII/ptolemy/actor/lib/test/auto/arrayType3.xml (RunModel)" time="0.009" />
  <testcase classname="ptolemy.util.test.junit.AutoTests" name="[427] /home/travis/build/icyphy/ptII/ptolemy/actor/lib/test/auto/arrayType4.xml (RunModel)" time="0.009" />
  <testcase classname="ptolemy.util.test.junit.AutoTests" name="[428] /home/travis/build/icyphy/ptII/ptolemy/actor/lib/test/auto/arrayType5.xml (RunModel)" time="0.008" />
  <testcase classname="ptolemy.util.test.junit.AutoTests" name="[429] /home/travis/build/icyphy/ptII/ptolemy/actor/lib/test/auto/arrayType6.xml (RunModel)" time="0.008" />
  <testcase classname="ptolemy.util.test.junit.AutoTests" name="[430] /home/travis/build/icyphy/ptII/ptolemy/actor/lib/test/auto/arrayType7.xml (RunModel)" time="0.025" />
  <testcase classname="ptolemy.util.test.junit.AutoTests" name="[431] /home/travis/build/icyphy/ptII/ptolemy/actor/lib/test/auto/arrayType8.xml (RunModel)" time="0.01" />
  <testcase classname="ptolemy.util.test.junit.AutoTests" name="[432] /home/travis/build/icyphy/ptII/ptolemy/actor/lib/test/auto/arrayType9.xml (RunModel)" time="0.007" />
  <testcase classname="ptolemy.util.test.junit.AutoTests" name="[433] /home/travis/build/icyphy/ptII/ptolemy/actor/lib/test/auto/cast.xml (RunModel)" time="0.011" />
  <testcase classname="ptolemy.util.test.junit.AutoTests" name="[434] /home/travis/build/icyphy/ptII/ptolemy/actor/lib/test/auto/compositeMultiPort.xml (RunModel)" time="0.052" />
  <testcase classname="ptolemy.util.test.junit.AutoTests" name="[435] /home/travis/build/icyphy/ptII/ptolemy/actor/lib/test/auto/expressionCastInference.xml (RunModel)" time="0.027" />
  <testcase classname="ptolemy.util.test.junit.AutoTests" name="[436] /home/travis/build/icyphy/ptII/ptolemy/actor/lib/test/auto/expressionCastInference2.xml (RunModel)" time="0.036" />
  <testcase classname="ptolemy.util.test.junit.AutoTests" name="[437] /home/travis/build/icyphy/ptII/ptolemy/actor/lib/test/auto/expressionInference.xml (RunModel)" time="0.028" />
  <testcase classname="ptolemy.util.test.junit.AutoTests" name="[438] /home/travis/build/icyphy/ptII/ptolemy/actor/lib/test/auto/expression_bug.xml (RunModel)" time="0.028" />
  <testcase classname="ptolemy.util.test.junit.AutoTests" name="[439] /home/travis/build/icyphy/ptII/ptolemy/actor/lib/test/auto/factorial.xml (RunModel)" time="0.074" />
  <testcase classname="ptolemy.util.test.junit.AutoTests" name="[440] /home/travis/build/icyphy/ptII/ptolemy/actor/lib/test/auto/filterTest1.xml (RunModel)" time="0.033" />
  <testcase classname="ptolemy.util.test.junit.AutoTests" name="[441] /home/travis/build/icyphy/ptII/ptolemy/actor/lib/test/auto/funcApplyInConst.xml (RunModel)" time="0.05" />
  <testcase classname="ptolemy.util.test.junit.AutoTests" name="[442] /home/travis/build/icyphy/ptII/ptolemy/actor/lib/test/auto/funcApplyInExpr.xml (RunModel)" time="0.022" />
  <testcase classname="ptolemy.util.test.junit.AutoTests" name="[443] /home/travis/build/icyphy/ptII/ptolemy/actor/lib/test/auto/function.xml (RunModel)" time="0.014" />
  <testcase classname="ptolemy.util.test.junit.AutoTests" name="[444] /home/travis/build/icyphy/ptII/ptolemy/actor/lib/test/auto/function2.xml (RunModel)" time="0.008" />
  <testcase classname="ptolemy.util.test.junit.AutoTests" name="[445] /home/travis/build/icyphy/ptII/ptolemy/actor/lib/test/auto/function3.xml (RunModel)" time="0.007" />
  <testcase classname="ptolemy.util.test.junit.AutoTests" name="[446] /home/travis/build/icyphy/ptII/ptolemy/actor/lib/test/auto/functionClosureTest1.xml (RunModel)" time="0.009" />
  <testcase classname="ptolemy.util.test.junit.AutoTests" name="[447] /home/travis/build/icyphy/ptII/ptolemy/actor/lib/test/auto/functionClosureTest2.xml (RunModel)" time="0.007" />
  <testcase classname="ptolemy.util.test.junit.AutoTests" name="[448] /home/travis/build/icyphy/ptII/ptolemy/actor/lib/test/auto/functionClosureTest3.xml (RunModel)" time="0.01" />
  <testcase classname="ptolemy.util.test.junit.AutoTests" name="[449] /home/travis/build/icyphy/ptII/ptolemy/actor/lib/test/auto/functionClosureTest4.xml (RunModel)" time="0.015" />
  <testcase classname="ptolemy.util.test.junit.AutoTests" name="[450] /home/travis/build/icyphy/ptII/ptolemy/actor/lib/test/auto/functionClosureTest5.xml (RunModel)" time="0.012" />
  <testcase classname="ptolemy.util.test.junit.AutoTests" name="[451] /home/travis/build/icyphy/ptII/ptolemy/actor/lib/test/auto/functionClosureTest6.xml (RunModel)" time="0.007" />
  <testcase classname="ptolemy.util.test.junit.AutoTests" name="[452] /home/travis/build/icyphy/ptII/ptolemy/actor/lib/test/auto/functionsOnArcs.xml (RunModel)" time="0.009" />
  <testcase classname="ptolemy.util.test.junit.AutoTests" name="[453] /home/travis/build/icyphy/ptII/ptolemy/actor/lib/test/auto/functionsOnArcsHOF.xml (RunModel)" time="0.011" />
  <testcase classname="ptolemy.util.test.junit.AutoTests" name="[454] /home/travis/build/icyphy/ptII/ptolemy/actor/lib/test/auto/logic.xml (RunModel)" time="0.017" />
  <testcase classname="ptolemy.util.test.junit.AutoTests" name="[455] /home/travis/build/icyphy/ptII/ptolemy/actor/lib/test/auto/matrixType.xml (RunModel)" time="0.009" />
  <testcase classname="ptolemy.util.test.junit.AutoTests" name="[456] /home/travis/build/icyphy/ptII/ptolemy/actor/lib/test/auto/matrixType10.xml (RunModel)" time="0.007" />
  <testcase classname="ptolemy.util.test.junit.AutoTests" name="[457] /home/travis/build/icyphy/ptII/ptolemy/actor/lib/test/auto/matrixType11.xml (RunModel)" time="0.007" />
  <testcase classname="ptolemy.util.test.junit.AutoTests" name="[458] /home/travis/build/icyphy/ptII/ptolemy/actor/lib/test/auto/matrixType12.xml (RunModel)" time="0.01" />
  <testcase classname="ptolemy.util.test.junit.AutoTests" name="[459] /home/travis/build/icyphy/ptII/ptolemy/actor/lib/test/auto/matrixType13.xml (RunModel)" time="0.008" />
  <testcase classname="ptolemy.util.test.junit.AutoTests" name="[460] /home/travis/build/icyphy/ptII/ptolemy/actor/lib/test/auto/matrixType14.xml (RunModel)" time="0.01" />
  <testcase classname="ptolemy.util.test.junit.AutoTests" name="[461] /home/travis/build/icyphy/ptII/ptolemy/actor/lib/test/auto/matrixType2.xml (RunModel)" time="0.009" />
  <testcase classname="ptolemy.util.test.junit.AutoTests" name="[462] /home/travis/build/icyphy/ptII/ptolemy/actor/lib/test/auto/matrixType3.xml (RunModel)" time="0.009" />
  <testcase classname="ptolemy.util.test.junit.AutoTests" name="[463] /home/travis/build/icyphy/ptII/ptolemy/actor/lib/test/auto/matrixType4.xml (RunModel)" time="0.009" />
  <testcase classname="ptolemy.util.test.junit.AutoTests" name="[464] /home/travis/build/icyphy/ptII/ptolemy/actor/lib/test/auto/matrixType5.xml (RunModel)" time="0.009" />
  <testcase classname="ptolemy.util.test.junit.AutoTests" name="[465] /home/travis/build/icyphy/ptII/ptolemy/actor/lib/test/auto/matrixType6.xml (RunModel)" time="0.007" />
  <testcase classname="ptolemy.util.test.junit.AutoTests" name="[466] /home/travis/build/icyphy/ptII/ptolemy/actor/lib/test/auto/matrixType7.xml (RunModel)" time="0.008" />
  <testcase classname="ptolemy.util.test.junit.AutoTests" name="[467] /home/travis/build/icyphy/ptII/ptolemy/actor/lib/test/auto/matrixType8.xml (RunModel)" time="0.009" />
  <testcase classname="ptolemy.util.test.junit.AutoTests" name="[468] /home/travis/build/icyphy/ptII/ptolemy/actor/lib/test/auto/matrixType9.xml (RunModel)" time="0.008" />
  <testcase classname="ptolemy.util.test.junit.AutoTests" name="[469] /home/travis/build/icyphy/ptII/ptolemy/actor/lib/test/auto/paraFunctest.xml (RunModel)" time="0.007" />
  <testcase classname="ptolemy.util.test.junit.AutoTests" name="[470] /home/travis/build/icyphy/ptII/ptolemy/actor/lib/test/auto/paraFunctest2.xml (RunModel)" time="0.013" />
  <testcase classname="ptolemy.util.test.junit.AutoTests" name="[471] /home/travis/build/icyphy/ptII/ptolemy/actor/lib/test/auto/parameterPassing.xml (RunModel)" time="0.007" />
  <testcase classname="ptolemy.util.test.junit.AutoTests" name="[472] /home/travis/build/icyphy/ptII/ptolemy/actor/lib/test/auto/record.xml (RunModel)" time="0.009" />
  <testcase classname="ptolemy.util.test.junit.AutoTests" name="[473] /home/travis/build/icyphy/ptII/ptolemy/actor/lib/test/auto/sizedarray1.xml (RunModel)" time="0.009" />
  <testcase classname="ptolemy.util.test.junit.AutoTests" name="[474] /home/travis/build/icyphy/ptII/ptolemy/actor/lib/test/auto/sizedarray2.xml (RunModel)" time="0.01" />
  <testcase classname="ptolemy.util.test.junit.AutoTests" name="[475] /home/travis/build/icyphy/ptII/ptolemy/actor/lib/test/auto/twoPublishers.xml (RunModel)" time="0.028" />
  <system-out><![CDATA[/home/travis/build/icyphy/ptII/ptolemy/actor/lib/test/AbsoluteValue.tcl
testDefs.tcl: setting time out to 9000 seconds at Thu Nov 21 06:21:17 UTC 2019
100 ms. Memory: 120832K Free: 85958K (71%)
5 ms. Memory: 120832K Free: 84414K (70%)
5 ms. Memory: 120832K Free: 83396K (69%)
5 ms. Memory: 120832K Free: 82886K (69%)
/home/travis/build/icyphy/ptII/ptolemy/actor/lib/test/AddSubtract.tcl
17 ms. Memory: 120832K Free: 80838K (67%)
14 ms. Memory: 120832K Free: 79814K (66%)
13 ms. Memory: 120832K Free: 79300K (66%)
19 ms. Memory: 120832K Free: 78262K (65%)
78 ms. Memory: 120832K Free: 75718K (63%)
6 ms. Memory: 120832K Free: 74694K (62%)
/home/travis/build/icyphy/ptII/ptolemy/actor/lib/test/Average.tcl
7 ms. Memory: 120832K Free: 73142K (61%)
7 ms. Memory: 120832K Free: 71622K (59%)
/home/travis/build/icyphy/ptII/ptolemy/actor/lib/test/Bernoulli.tcl
5 ms. Memory: 120832K Free: 70070K (58%)
2 ms. Memory: 120832K Free: 70070K (58%)
/home/travis/build/icyphy/ptII/ptolemy/actor/lib/test/Clock.tcl
preinitializing
resolving types
initializing
executing number 1
wrapping up
idle
43 ms. Memory: 120832K Free: 67012K (55%)
Completed execution with 5 iterations
preinitializing
resolving types
initializing
executing number 1
wrapping up
idle
4 ms. Memory: 120832K Free: 66502K (55%)
Completed execution with 5 iterations
preinitializing
resolving types
initializing
executing number 1
wrapping up
idle
7 ms. Memory: 120832K Free: 65982K (55%)
Completed execution with 5 iterations
/home/travis/build/icyphy/ptII/ptolemy/actor/lib/test/Commutator.tcl
11 ms. Memory: 120832K Free: 63940K (53%)
16 ms. Memory: 120832K Free: 62902K (52%)
22 ms. Memory: 120832K Free: 57286K (47%)
/home/travis/build/icyphy/ptII/ptolemy/actor/lib/test/Const.tcl
6 ms. Memory: 120832K Free: 55734K (46%)
2 ms. Memory: 120832K Free: 55238K (46%)
13 ms. Memory: 120832K Free: 54724K (45%)
7 ms. Memory: 120832K Free: 54214K (45%)
2 ms. Memory: 120832K Free: 53190K (44%)
14 ms. Memory: 120832K Free: 51652K (43%)
9 ms. Memory: 120832K Free: 50614K (42%)
8 ms. Memory: 120832K Free: 49604K (41%)
/home/travis/build/icyphy/ptII/ptolemy/actor/lib/test/CurrentTime.tcl
preinitializing
resolving types
initializing
executing number 1
wrapping up
idle
9 ms. Memory: 120832K Free: 48070K (40%)
Completed execution with 11 iterations
/home/travis/build/icyphy/ptII/ptolemy/actor/lib/test/DB.tcl
12 ms. Memory: 120832K Free: 46022K (38%)
29 ms. Memory: 120832K Free: 107050K (89%)
2 ms. Memory: 120832K Free: 106540K (88%)
/home/travis/build/icyphy/ptII/ptolemy/actor/lib/test/DiscreteRandomSource.tcl
preinitializing
resolving types
initializing
executing number 1
wrapping up
idle
13 ms. Memory: 120832K Free: 104988K (87%)
Completed execution with 4 iterations
preinitializing
resolving types
initializing
executing number 1
wrapping up
idle
2 ms. Memory: 120832K Free: 104492K (86%)
Completed execution with 4 iterations
preinitializing
resolving types
initializing
executing number 1
wrapping up
idle
2 ms. Memory: 120832K Free: 103948K (86%)
Completed execution with 4 iterations
preinitializing
resolving types
initializing
executing number 1
wrapping up
idle
15 ms. Memory: 120832K Free: 103468K (86%)
Completed execution with 4 iterations
preinitializing
resolving types
initializing
executing number 1
wrapping up
idle
4 ms. Memory: 120832K Free: 102954K (85%)
Completed execution with 4 iterations
/home/travis/build/icyphy/ptII/ptolemy/actor/lib/test/Distributor.tcl
5 ms. Memory: 120832K Free: 101420K (84%)
11 ms. Memory: 120832K Free: 100876K (83%)
StreamChangeRequest.changeExecuted(): <deleteEntity name="rec2"/> succeeded
StreamChangeRequest.changeExecuted(): <deleteRelation name="r2"/> succeeded
StreamChangeRequest.changeExecuted(): Record firings per iteration succeeded
14 ms. Memory: 120832K Free: 98348K (81%)
/home/travis/build/icyphy/ptII/ptolemy/actor/lib/test/Exit.tcl
Exit.tcl: this will print a message about Manager.exitAfterWrapup, which can be ignored.
12 ms. Memory: 120832K Free: 95276K (79%)
/home/travis/build/icyphy/ptII/ptolemy/actor/lib/test/Expression.tcl
37 ms. Memory: 120832K Free: 105532K (87%)
10 ms. Memory: 120832K Free: 105022K (87%)
3 ms. Memory: 120832K Free: 104494K (86%)
preinitializing
resolving types
initializing
executing number 1
wrapping up
idle
8 ms. Memory: 120832K Free: 102974K (85%)
Completed execution with 6 iterations
3 ms. Memory: 120832K Free: 101950K (84%)
8 ms. Memory: 120832K Free: 101436K (84%)
10 ms. Memory: 120832K Free: 99902K (83%)
7 ms. Memory: 120832K Free: 98878K (82%)
6 ms. Memory: 120832K Free: 97326K (81%)
/home/travis/build/icyphy/ptII/ptolemy/actor/lib/test/Gaussian.tcl
5 ms. Memory: 120832K Free: 95806K (79%)
sleeping 1 seconds: ........................................................................................................................................................................................................................................................................................................................................................................................................................................................................................................................................................................................................................................................................................................................................................................................................................................................................................................................................................................................................................................................................................................................................................................................................................................................................................................................................................................................................................................................................................................................................................................................................................................................................................................................................................................................................................................................................................................................................................................................................................................................................................................................................................................................................................................................................................................................................................................................................................................................................................................................................................................................................................................................................................................................................................................................................................................................................................................................................................................4 ms. Memory: 120832K Free: 83004K (69%)
3 ms. Memory: 120832K Free: 82494K (68%)
2 ms. Memory: 120832K Free: 81974K (68%)
4 ms. Memory: 120832K Free: 80942K (67%)
4 ms. Memory: 120832K Free: 80446K (67%)
/home/travis/build/icyphy/ptII/ptolemy/actor/lib/test/IIR.tcl
/home/travis/build/icyphy/ptII/ptolemy/actor/lib/test/Interpolator.tcl
3 ms. Memory: 120832K Free: 104355K (86%)
2 ms. Memory: 120832K Free: 103315K (86%)
2 ms. Memory: 120832K Free: 102835K (85%)
2 ms. Memory: 120832K Free: 102291K (85%)
2 ms. Memory: 120832K Free: 101297K (84%)
2 ms. Memory: 120832K Free: 100787K (83%)
2 ms. Memory: 120832K Free: 99763K (83%)
2 ms. Memory: 120832K Free: 98739K (82%)
1 ms. Memory: 120832K Free: 98225K (81%)
2 ms. Memory: 120832K Free: 97201K (80%)
/home/travis/build/icyphy/ptII/ptolemy/actor/lib/test/MathFunction.tcl
6 ms. Memory: 120832K Free: 95153K (79%)
5 ms. Memory: 120832K Free: 94129K (78%)
2 ms. Memory: 120832K Free: 93091K (77%)
2 ms. Memory: 120832K Free: 92081K (76%)
4 ms. Memory: 120832K Free: 91043K (75%)
7 ms. Memory: 120832K Free: 89009K (74%)
/home/travis/build/icyphy/ptII/ptolemy/actor/lib/test/Maximum.tcl
5 ms. Memory: 120832K Free: 86947K (72%)
5 ms. Memory: 120832K Free: 86451K (72%)
6 ms. Memory: 120832K Free: 85427K (71%)
2 ms. Memory: 120832K Free: 84907K (70%)
/home/travis/build/icyphy/ptII/ptolemy/actor/lib/test/Minimum.tcl
6 ms. Memory: 120832K Free: 83379K (69%)
4 ms. Memory: 120832K Free: 82865K (69%)
3 ms. Memory: 120832K Free: 81841K (68%)
4 ms. Memory: 120832K Free: 81331K (67%)
/home/travis/build/icyphy/ptII/ptolemy/actor/lib/test/MultiplyDivide.tcl
11 ms. Memory: 120832K Free: 79283K (66%)
8 ms. Memory: 120832K Free: 78739K (65%)
3 ms. Memory: 120832K Free: 77731K (64%)
3 ms. Memory: 120832K Free: 77235K (64%)
2 ms. Memory: 120832K Free: 76707K (63%)
/home/travis/build/icyphy/ptII/ptolemy/actor/lib/test/OrderedMerge.tcl
Connections changed on port: inputA
Connections changed on port: inputB
Connections changed on port: output
Connections changed on port: output
Connections changed on port: output
Connections changed on port: input
.top. Preinitializing ...
Invoking preinitialize():  .top.OrderedMerge
Called preinitialize()
Invoking preinitialize():  .top.Ramp
Called preinitialize()
Invoking preinitialize():  .top.Ramp2
Called preinitialize()
Invoking preinitialize():  .top.Test
Called preinitialize()
Connections changed on port: inputA
Connections changed on port: output
Connections changed on port: output
Connections changed on port: input
Connections changed on port: inputB
Connections changed on port: output
.top. Finished preinitialize().
Called initialize().
Invoking initialize():  .top.OrderedMerge
Initializing actor: .top.OrderedMerge
Adding a thread: .top.OrderedMerge
Invoking initialize():  .top.Ramp
Initializing actor: .top.Ramp
Adding a thread: .top.Ramp
Invoking initialize():  .top.Ramp2
Initializing actor: .top.Ramp2
Adding a thread: .top.Ramp2
Invoking initialize():  .top.Test
Initializing actor: .top.Test
Adding a thread: .top.Test
Called fire().
Checking for deadlock:
-- Starting thread.
-- Starting thread.
Called initialize()
Called initialize()
Called prefire()
Called fire()
-- Starting thread.
Called prefire()
Called initialize()
Called fire()
-- Starting thread.
Called initialize()
Called prefire()
Called fire()
Called prefire()
Called fire()
There are 0 Blocked actors, 0 Stopped actors, and 4 active threads.
Waiting for actors to stop.
Called postfire()
Called prefire()
Called fire()
Called postfire()
Called prefire()
Called fire()
Checking for deadlock:
There are 1 Blocked actors, 0 Stopped actors, and 4 active threads.
Waiting for actors to stop.
Checking for deadlock:
Read input token from inputA with value 0.0
Next port to read input from is inputB
Called postfire()
Called prefire()
Called fire()
Called postfire()
Called prefire()
Called fire()
There are 2 Blocked actors, 0 Stopped actors, and 4 active threads.
Waiting for actors to stop.
Called postfire()
Called prefire()
Called fire()
Read input token from inputB with value 0.0
Sent output token with value 0.0
Next port to read input from is inputA
Called postfire()
Called prefire()
Called fire()
Read input token from inputA with value 1.0
Checking for deadlock:
There are 2 Blocked actors, 0 Stopped actors, and 4 active threads.
Waiting for actors to stop.
Called postfire()
Called prefire()
Called fire()
-- Read input: 0.0, which is expected to match: 0.0
Called prefire()
Called fire()
Checking for deadlock:
There are 3 Blocked actors, 0 Stopped actors, and 4 active threads.
Waiting for actors to stop.
Sent output token with value 0.0
Next port to read input from is inputB
Called postfire()
Called prefire()
Called fire()
Read input token from inputB with value 1.5
Checking for deadlock:
Called postfire()
There are 2 Blocked actors, 0 Stopped actors, and 4 active threads.
Waiting for actors to stop.
Called prefire()
Called fire()
-- Read input: 0.0, which is expected to match: 0.0
Called prefire()
Called fire()
Sent output token with value 1.0
Next port to read input from is inputA
Called postfire()
Called prefire()
Called fire()
Read input token from inputA with value 2.0
Checking for deadlock:
There are 2 Blocked actors, 0 Stopped actors, and 4 active threads.
Waiting for actors to stop.
Called postfire()
Called prefire()
Called fire()
-- Read input: 1.0, which is expected to match: 1.0
Called prefire()
Called fire()
Checking for deadlock:
There are 3 Blocked actors, 0 Stopped actors, and 4 active threads.
Waiting for actors to stop.
Sent output token with value 1.5
Next port to read input from is inputB
Called postfire()
Called prefire()
Called fire()
Read input token from inputB with value 3.0
Checking for deadlock:
There are 2 Blocked actors, 0 Stopped actors, and 4 active threads.
Waiting for actors to stop.
Called postfire()
Called prefire()
Called fire()
-- Read input: 1.5, which is expected to match: 1.5
Called prefire()
Called fire()
Checking for deadlock:
There are 3 Blocked actors, 0 Stopped actors, and 4 active threads.
Waiting for actors to stop.
Sent output token with value 2.0
-- Read input: 2.0, which is expected to match: 2.0
Next port to read input from is inputA
Called postfire()
Called prefire()
Called fire()
Read input token from inputA with value 3.0
Sent output token with value 3.0
Next port to read input from is inputB
Called postfire()
Called prefire()
Called fire()
Read input token from inputB with value 4.5
Called postfire()
Called prefire()
Called fire()
Called prefire()
Called fire()
-- Read input: 3.0, which is expected to match: 3.0
Called prefire()
Called fire()
Checking for deadlock:
There are 2 Blocked actors, 0 Stopped actors, and 4 active threads.
Waiting for actors to stop.
Called postfire()
Called prefire()
Sent output token with value 3.0
Called fire()
Next port to read input from is inputA
Called postfire()
Called prefire()
Called fire()
Read input token from inputA with value 4.0
-- Read input: 3.0, which is expected to match: 3.0
Called postfire()
Called prefire()
Called fire()
Called prefire()
Called fire()
Checking for deadlock:
There are 3 Blocked actors, 0 Stopped actors, and 4 active threads.
Waiting for actors to stop.
Sent output token with value 4.0
Next port to read input from is inputA
Called postfire()
Called prefire()
Called fire()
Read input token from inputA with value 5.0
-- Read input: 4.0, which is expected to match: 4.0
Called prefire()
Called fire()
Past the end of training data. Read and discard all inputs.
Checking for deadlock:
There are 2 Blocked actors, 0 Stopped actors, and 4 active threads.
Waiting for actors to stop.
Called postfire()
Checking for deadlock:
Sent output token with value 4.5
Called prefire()
Called fire()
Next port to read input from is inputB
Called postfire()
Called prefire()
Called fire()
There are 1 Blocked actors, 0 Stopped actors, and 4 active threads.
Waiting for actors to stop.
Called prefire()
Called fire()
Past the end of training data. Read and discard all inputs.
Read input token from inputB with value 6.0
Sent output token with value 5.0
Next port to read input from is inputA
Called postfire()
Called prefire()
Called fire()
Read input token from inputA with value 6.0
Checking for deadlock:
There are 1 Blocked actors, 0 Stopped actors, and 4 active threads.
Waiting for actors to stop.
Called prefire()
Called postfire()
Called prefire()
Called fire()
Past the end of training data. Read and discard all inputs.
Checking for deadlock:
Called fire()
There are 1 Blocked actors, 0 Stopped actors, and 4 active threads.
Waiting for actors to stop.
Called postfire()
Called prefire()
Called fire()
Called prefire()
Called fire()
Past the end of training data. Read and discard all inputs.
Sent output token with value 6.0
Next port to read input from is inputB
Called postfire()
Called prefire()
Called fire()
Read input token from inputB with value 7.5
Sent output token with value 6.0
Next port to read input from is inputA
Called postfire()
Called prefire()
Called fire()
Read input token from inputA with value 7.0
Checking for deadlock:
There are 1 Blocked actors, 0 Stopped actors, and 4 active threads.
Waiting for actors to stop.
Called prefire()
Called fire()
Called postfire()
Past the end of training data. Read and discard all inputs.
Called prefire()
Called fire()
Called postfire()
Called prefire()
Called fire()
Checking for deadlock:
There are 3 Blocked actors, 0 Stopped actors, and 4 active threads.
Waiting for actors to stop.
Called prefire()
Called fire()
Past the end of training data. Read and discard all inputs.
Sent output token with value 7.0
Next port to read input from is inputA
Called postfire()
Called prefire()
Called fire()
Read input token from inputA with value 8.0
Sent output token with value 7.5
Next port to read input from is inputB
Called postfire()
Called prefire()
Called fire()
Read input token from inputB with value 9.0
Checking for deadlock:
There are 1 Blocked actors, 0 Stopped actors, and 4 active threads.
Waiting for actors to stop.
Called prefire()
Called fire()
Past the end of training data. Read and discard all inputs.
-- Thread wrapup() called.
Checking for deadlock:
Called wrapup()
There are 1 Blocked actors, 0 Stopped actors, and 4 active threads.
Waiting for actors to stop.
Called postfire()
Called prefire()
Called fire()
Thread .top.Ramp is exiting.
-- Thread stopped.
Sent output token with value 8.0
Next port to read input from is inputA
Called postfire()
Called prefire()
Called fire()
Read input token from inputA with value 9.0
Checking for deadlock:
There are 2 Blocked actors, 0 Stopped actors, and 3 active threads.
Waiting for actors to stop.
Called prefire()
Called fire()
Past the end of training data. Read and discard all inputs.
Checking for deadlock:
There are 2 Blocked actors, 0 Stopped actors, and 3 active threads.
Waiting for actors to stop.
Called prefire()
Checking for deadlock:
Sent output token with value 9.0
Called fire()
Past the end of training data. Read and discard all inputs.
Next port to read input from is inputB
Called postfire()
Called prefire()
Called fire()
There are 1 Blocked actors, 0 Stopped actors, and 3 active threads.
Waiting for actors to stop.
Read input token from inputB with value 10.5
Sent output token with value 9.0
Next port to read input from is inputA
Called postfire()
Called prefire()
Called fire()
Checking for deadlock:
There are 1 Blocked actors, 0 Stopped actors, and 3 active threads.
Waiting for actors to stop.
Called postfire()
Called prefire()
Called fire()
Called prefire()
Called fire()
Past the end of training data. Read and discard all inputs.
Checking for deadlock:
There are 3 Blocked actors, 0 Stopped actors, and 3 active threads.
Actors have stopped.
Checking for deadlock:
There are 3 Blocked actors, 0 Stopped actors, and 3 active threads.
Deadlock detected.
Resolving Deadlock
Checking for deadlock:
There are 3 Blocked actors, 0 Stopped actors, and 3 active threads.
Artificial Deadlock - increasing queue capacity.
increasing the capacity of receiver ptolemy.actor.TypedIOPort {.top.OrderedMerge.inputB} to 2
Director: Called postfire().
-- Thread wrapup() called.
Called wrapup()
Called postfire().
_stopRequested = false
_stopFireRequested = false
Returning from postfire(): true
Thread .top.Ramp2 is exiting.
-- Thread stopped.
Called fire().
Checking for deadlock:
There are 2 Blocked actors, 0 Stopped actors, and 2 active threads.
Actors have stopped.
Checking for deadlock:
There are 2 Blocked actors, 0 Stopped actors, and 2 active threads.
Deadlock detected.
Resolving Deadlock
Checking for deadlock:
There are 2 Blocked actors, 0 Stopped actors, and 2 active threads.
Deadlock detected: no processes blocked on write, but some are blocked on read.
Called postfire().
_stopRequested = false
_stopFireRequested = false
Returning from postfire(): false
Finished deactivating branches.
Called wrapup().
-- Thread wrapup() called.
-- Thread wrapup() called.
Called wrapup()
Called wrapup()
Thread .top.OrderedMerge is exiting.
-- Thread stopped.
-- Blocked Receiver call threw TerminateProcessException.
Thread .top.Test is exiting.
-- Thread stopped.
-- Blocked Receiver call threw TerminateProcessException.
68 ms. Memory: 120832K Free: 72591K (60%)
.top. Preinitializing ...
Invoking preinitialize():  .top.OrderedMerge
Called preinitialize()
Invoking preinitialize():  .top.Ramp
Called preinitialize()
Invoking preinitialize():  .top.Ramp2
Called preinitialize()
Invoking preinitialize():  .top.Test
Called preinitialize()
.top. Finished preinitialize().
Called initialize().
Invoking initialize():  .top.OrderedMerge
Initializing actor: .top.OrderedMerge
Adding a thread: .top.OrderedMerge
Invoking initialize():  .top.Ramp
Initializing actor: .top.Ramp
Adding a thread: .top.Ramp
Invoking initialize():  .top.Ramp2
Initializing actor: .top.Ramp2
Adding a thread: .top.Ramp2
Invoking initialize():  .top.Test
Initializing actor: .top.Test
Adding a thread: .top.Test
-- Starting thread.
Called initialize()
Called prefire()
Called fire()
-- Starting thread.
Called initialize()
Called prefire()
Called fire()
Called postfire()
Called prefire()
Called fire()
-- Starting thread.
Called initialize()
Called prefire()
Called fire()
Called postfire()
Called prefire()
Called fire()
Called fire().
Checking for deadlock:
There are 3 Blocked actors, 0 Stopped actors, and 4 active threads.
Waiting for actors to stop.
-- Starting thread.
Called initialize()
Called prefire()
Called fire()
Called postfire()
Called prefire()
Called fire()
Checking for deadlock:
There are 3 Blocked actors, 0 Stopped actors, and 4 active threads.
Waiting for actors to stop.
Read input token from inputA with value 0.0
Next port to read input from is inputB
Called postfire()
Called prefire()
Called fire()
Called postfire()
Called prefire()
Called fire()
Checking for deadlock:
There are 3 Blocked actors, 0 Stopped actors, and 4 active threads.
Waiting for actors to stop.
Read input token from inputB with value 0.0
Checking for deadlock:
There are 2 Blocked actors, 0 Stopped actors, and 4 active threads.
Waiting for actors to stop.
-- Read input: 0.0, which is expected to match: 0.0
Called prefire()
Called fire()
Checking for deadlock:
There are 3 Blocked actors, 0 Stopped actors, and 4 active threads.
Waiting for actors to stop.
Sent output token with value 0.0
Next port to read input from is inputA
Called postfire()
Called prefire()
Called fire()
Called postfire()
Called prefire()
Called fire()
Checking for deadlock:
There are 3 Blocked actors, 0 Stopped actors, and 4 active threads.
Waiting for actors to stop.
Read input token from inputA with value 1.0
-- Read input: 0.0, which is expected to match: 0.0
Called prefire()
Called fire()
Checking for deadlock:
There are 3 Blocked actors, 0 Stopped actors, and 4 active threads.
Waiting for actors to stop.
Sent output token with value 0.0
Next port to read input from is inputB
Called postfire()
Called prefire()
Called fire()
Checking for deadlock:
There are 2 Blocked actors, 0 Stopped actors, and 4 active threads.
Waiting for actors to stop.
Called postfire()
Called prefire()
Called fire()
Checking for deadlock:
There are 3 Blocked actors, 0 Stopped actors, and 4 active threads.
Waiting for actors to stop.
Read input token from inputB with value 1.5
Checking for deadlock:
There are 2 Blocked actors, 0 Stopped actors, and 4 active threads.
Waiting for actors to stop.
-- Read input: 1.0, which is expected to match: 1.0
Called prefire()
Called fire()
Checking for deadlock:
There are 3 Blocked actors, 0 Stopped actors, and 4 active threads.
Waiting for actors to stop.
Sent output token with value 1.0
Next port to read input from is inputA
Called postfire()
Called prefire()
Called fire()
Called postfire()
Called prefire()
Called fire()
Checking for deadlock:
There are 3 Blocked actors, 0 Stopped actors, and 4 active threads.
Waiting for actors to stop.
Read input token from inputA with value 2.0
-- Read input: 1.5, which is expected to match: 1.5
Called prefire()
Called fire()
Checking for deadlock:
There are 3 Blocked actors, 0 Stopped actors, and 4 active threads.
Waiting for actors to stop.
Sent output token with value 1.5
Next port to read input from is inputB
Called postfire()
Called prefire()
Called fire()
Checking for deadlock:
There are 2 Blocked actors, 0 Stopped actors, and 4 active threads.
Waiting for actors to stop.
Called postfire()
Called prefire()
Called fire()
Checking for deadlock:
There are 3 Blocked actors, 0 Stopped actors, and 4 active threads.
Waiting for actors to stop.
Read input token from inputB with value 3.0
Checking for deadlock:
There are 2 Blocked actors, 0 Stopped actors, and 4 active threads.
Waiting for actors to stop.
-- Read input: 2.0, which is expected to match: 2.0
Called prefire()
Called fire()
Checking for deadlock:
There are 3 Blocked actors, 0 Stopped actors, and 4 active threads.
Waiting for actors to stop.
Sent output token with value 2.0
Next port to read input from is inputA
Called postfire()
Called prefire()
Called fire()
Called postfire()
Called prefire()
Called fire()
Checking for deadlock:
There are 3 Blocked actors, 0 Stopped actors, and 4 active threads.
Waiting for actors to stop.
Read input token from inputA with value 3.0
-- Read input: 3.0, which is expected to match: 3.0
Called prefire()
Called fire()
Checking for deadlock:
There are 3 Blocked actors, 0 Stopped actors, and 4 active threads.
Waiting for actors to stop.
Sent output token with value 3.0
Next port to read input from is inputB
Called postfire()
Called prefire()
Called fire()
Read input token from inputB with value 4.5
Checking for deadlock:
There are 2 Blocked actors, 0 Stopped actors, and 4 active threads.
Waiting for actors to stop.
Called postfire()
Called prefire()
Called fire()
Checking for deadlock:
There are 2 Blocked actors, 0 Stopped actors, and 4 active threads.
Waiting for actors to stop.
Sent output token with value 3.0
-- Read input: 3.0, which is expected to match: 3.0
Called prefire()
Called fire()
Checking for deadlock:
There are 3 Blocked actors, 0 Stopped actors, and 4 active threads.
Waiting for actors to stop.
Next port to read input from is inputA
Called postfire()
Called prefire()
Called fire()
Read input token from inputA with value 4.0
Called postfire()
Sent output token with value 4.0
Called prefire()
Next port to read input from is inputA
Called postfire()
Called fire()
Called prefire()
Called fire()
Checking for deadlock:
There are 1 Blocked actors, 0 Stopped actors, and 4 active threads.
Waiting for actors to stop.
Called postfire()
Read input token from inputA with value 5.0
Called prefire()
Sent output token with value 4.5
-- Read input: 4.0, which is expected to match: 4.0
Next port to read input from is inputB
Called postfire()
Called prefire()
Called prefire()
Called fire()
Called fire()
Checking for deadlock:
There are 0 Blocked actors, 0 Stopped actors, and 4 active threads.
Called fire()
Waiting for actors to stop.
Past the end of training data. Read and discard all inputs.
Called prefire()
Called fire()
Past the end of training data. Read and discard all inputs.
Read input token from inputB with value 6.0
Called postfire()
Called prefire()
Called fire()
Checking for deadlock:
There are 3 Blocked actors, 0 Stopped actors, and 4 active threads.
Waiting for actors to stop.
Checking for deadlock:
Called prefire()
There are 2 Blocked actors, 0 Stopped actors, and 4 active threads.
Called fire()
Waiting for actors to stop.
Past the end of training data. Read and discard all inputs.
Checking for deadlock:
There are 3 Blocked actors, 0 Stopped actors, and 4 active threads.
Waiting for actors to stop.
Sent output token with value 5.0
Next port to read input from is inputA
Called postfire()
Called prefire()
Called fire()
Checking for deadlock:
There are 2 Blocked actors, 0 Stopped actors, and 4 active threads.
Waiting for actors to stop.
Read input token from inputA with value 6.0
Called postfire()
Called prefire()
Called fire()
Sent output token with value 6.0
Called prefire()
Called fire()
Checking for deadlock:
Past the end of training data. Read and discard all inputs.
There are 2 Blocked actors, 0 Stopped actors, and 4 active threads.
Waiting for actors to stop.
Next port to read input from is inputB
Checking for deadlock:
There are 3 Blocked actors, 0 Stopped actors, and 4 active threads.
Waiting for actors to stop.
Called postfire()
Called prefire()
Called fire()
Called postfire()
Called prefire()
Called fire()
Checking for deadlock:
There are 3 Blocked actors, 0 Stopped actors, and 4 active threads.
Waiting for actors to stop.
Read input token from inputB with value 7.5
Called prefire()
Called fire()
Sent output token with value 6.0
Checking for deadlock:
Past the end of training data. Read and discard all inputs.
There are 2 Blocked actors, 0 Stopped actors, and 4 active threads.
Waiting for actors to stop.
Checking for deadlock:
There are 3 Blocked actors, 0 Stopped actors, and 4 active threads.
Waiting for actors to stop.
Next port to read input from is inputA
Called postfire()
Called prefire()
Called fire()
Checking for deadlock:
There are 2 Blocked actors, 0 Stopped actors, and 4 active threads.
Waiting for actors to stop.
Read input token from inputA with value 7.0
Called postfire()
Called prefire()
Called fire()
Sent output token with value 7.0
Checking for deadlock:
Called prefire()
There are 2 Blocked actors, 0 Stopped actors, and 4 active threads.
Waiting for actors to stop.
Called fire()
Past the end of training data. Read and discard all inputs.
Next port to read input from is inputA
Called postfire()
Checking for deadlock:
There are 3 Blocked actors, 0 Stopped actors, and 4 active threads.
Waiting for actors to stop.
Called prefire()
Called fire()
Checking for deadlock:
There are 2 Blocked actors, 0 Stopped actors, and 4 active threads.
Waiting for actors to stop.
-- Thread wrapup() called.
Read input token from inputA with value 8.0
Called wrapup()
Thread .top.Ramp is exiting.
-- Thread stopped.
Sent output token with value 7.5
Next port to read input from is inputB
Called postfire()
Called prefire()
Called fire()
Read input token from inputB with value 9.0
Called prefire()
Called fire()
Checking for deadlock:
There are 0 Blocked actors, 0 Stopped actors, and 3 active threads.
Waiting for actors to stop.
Called postfire()
Past the end of training data. Read and discard all inputs.
Called prefire()
Called fire()
Checking for deadlock:
There are 2 Blocked actors, 0 Stopped actors, and 3 active threads.
Waiting for actors to stop.
Checking for deadlock:
Called prefire()
Called fire()
There are 1 Blocked actors, 0 Stopped actors, and 3 active threads.
Waiting for actors to stop.
Past the end of training data. Read and discard all inputs.
Checking for deadlock:
There are 2 Blocked actors, 0 Stopped actors, and 3 active threads.
Waiting for actors to stop.
Sent output token with value 8.0
Next port to read input from is inputA
Called postfire()
Called prefire()
Called fire()
Read input token from inputA with value 9.0
Checking for deadlock:
Called prefire()
There are 1 Blocked actors, 0 Stopped actors, and 3 active threads.
Waiting for actors to stop.
Called fire()
Past the end of training data. Read and discard all inputs.
Sent output token with value 9.0
Checking for deadlock:
There are 2 Blocked actors, 0 Stopped actors, and 3 active threads.
Waiting for actors to stop.
Next port to read input from is inputB
Called postfire()
Called prefire()
Called fire()
Called postfire()
Called prefire()
Called fire()
Checking for deadlock:
There are 2 Blocked actors, 0 Stopped actors, and 3 active threads.
Waiting for actors to stop.
Read input token from inputB with value 10.5
Checking for deadlock:
Called prefire()
There are 1 Blocked actors, 0 Stopped actors, and 3 active threads.
Called fire()
Waiting for actors to stop.
Past the end of training data. Read and discard all inputs.
Sent output token with value 9.0
Checking for deadlock:
There are 2 Blocked actors, 0 Stopped actors, and 3 active threads.
Waiting for actors to stop.
Next port to read input from is inputA
Called postfire()
Called prefire()
Called fire()
Checking for deadlock:
There are 3 Blocked actors, 0 Stopped actors, and 3 active threads.
Actors have stopped.
Checking for deadlock:
There are 3 Blocked actors, 0 Stopped actors, and 3 active threads.
Deadlock detected.
Resolving Deadlock
Checking for deadlock:
There are 3 Blocked actors, 0 Stopped actors, and 3 active threads.
Artificial Deadlock - increasing queue capacity.
increasing the capacity of receiver ptolemy.actor.TypedIOPort {.top.OrderedMerge.inputB} to 2
Director: Called postfire().
Called postfire().
_stopRequested = false
_stopFireRequested = false
Returning from postfire(): true
Called fire().
Checking for deadlock:
There are 2 Blocked actors, 0 Stopped actors, and 3 active threads.
Waiting for actors to stop.
-- Thread wrapup() called.
Called wrapup()
Thread .top.Ramp2 is exiting.
-- Thread stopped.
Checking for deadlock:
There are 2 Blocked actors, 0 Stopped actors, and 2 active threads.
Actors have stopped.
Checking for deadlock:
There are 2 Blocked actors, 0 Stopped actors, and 2 active threads.
Deadlock detected.
Resolving Deadlock
Checking for deadlock:
There are 2 Blocked actors, 0 Stopped actors, and 2 active threads.
Deadlock detected: no processes blocked on write, but some are blocked on read.
Called postfire().
_stopRequested = false
_stopFireRequested = false
Returning from postfire(): false
Finished deactivating branches.
Called wrapup().
-- Thread wrapup() called.
Called wrapup()
Thread .top.OrderedMerge is exiting.
-- Thread wrapup() called.
-- Thread stopped.
-- Blocked Receiver call threw TerminateProcessException.
Called wrapup()
Thread .top.Test is exiting.
-- Thread stopped.
-- Blocked Receiver call threw TerminateProcessException.
27 ms. Memory: 120832K Free: 70710K (59%)
/home/travis/build/icyphy/ptII/ptolemy/actor/lib/test/Publisher.tcl
7 ms. Memory: 145408K Free: 125965K (87%)
4 ms. Memory: 145408K Free: 120839K (83%)
3 ms. Memory: 145408K Free: 117263K (81%)
7 ms. Memory: 145408K Free: 116239K (80%)
3 ms. Memory: 145408K Free: 115215K (79%)
3 ms. Memory: 145408K Free: 114687K (79%)
4 ms. Memory: 145408K Free: 113677K (78%)
4 ms. Memory: 145408K Free: 112639K (77%)
21 ms. Memory: 145408K Free: 120078K (83%)
3 ms. Memory: 145408K Free: 116478K (80%)
2 ms. Memory: 145408K Free: 115982K (80%)
13 ms. Memory: 145408K Free: 113406K (78%)
17 ms. Memory: 145408K Free: 105742K (73%)
5 ms. Memory: 145408K Free: 96526K (66%)
6 ms. Memory: 145408K Free: 85262K (59%)
/home/travis/build/icyphy/ptII/ptolemy/actor/lib/test/Pulse.tcl
2 ms. Memory: 145408K Free: 93369K (64%)
1 ms. Memory: 145408K Free: 92859K (64%)
1 ms. Memory: 145408K Free: 92345K (64%)
2 ms. Memory: 145408K Free: 91835K (63%)
1 ms. Memory: 145408K Free: 91321K (63%)
5 ms. Memory: 145408K Free: 89787K (62%)
2 ms. Memory: 145408K Free: 89259K (61%)
1 ms. Memory: 145408K Free: 88249K (61%)
2 ms. Memory: 145408K Free: 87739K (60%)
/home/travis/build/icyphy/ptII/ptolemy/actor/lib/test/Ramp.tcl
2 ms. Memory: 145408K Free: 85691K (59%)
2 ms. Memory: 145408K Free: 84667K (58%)
2 ms. Memory: 145408K Free: 84139K (58%)
2 ms. Memory: 145408K Free: 83099K (57%)
4 ms. Memory: 145408K Free: 82619K (57%)
4 ms. Memory: 145408K Free: 81595K (56%)
4 ms. Memory: 145408K Free: 80571K (55%)
5 actors
5000 microseconds per iteration to create
5 ms. Memory: 145408K Free: 78009K (54%)
2 ms. Memory: 145408K Free: 77499K (53%)
2 ms. Memory: 145408K Free: 76955K (53%)
2 ms. Memory: 145408K Free: 76475K (53%)
50 actors
31000 microseconds per iteration to create
34 ms. Memory: 145408K Free: 120002K (83%)
6 ms. Memory: 145408K Free: 118978K (82%)
6 ms. Memory: 145408K Free: 117954K (81%)
5 ms. Memory: 145408K Free: 116930K (80%)
500 actors
1827000 microseconds per iteration to create
291 ms. Memory: 175104K Free: 113985K (65%)
63 ms. Memory: 175104K Free: 108880K (62%)
50 ms. Memory: 175104K Free: 103760K (59%)
45 ms. Memory: 175104K Free: 98130K (56%)
/home/travis/build/icyphy/ptII/ptolemy/actor/lib/test/RampContinuous.tcl
14 ms. Memory: 175104K Free: 96592K (55%)
/home/travis/build/icyphy/ptII/ptolemy/actor/lib/test/RecordAssembler.tcl
6 ms. Memory: 175104K Free: 95058K (54%)
4 ms. Memory: 175104K Free: 94034K (54%)
/home/travis/build/icyphy/ptII/ptolemy/actor/lib/test/RecordDisassembler.tcl
13 ms. Memory: 175104K Free: 92481K (53%)
3 ms. Memory: 175104K Free: 91986K (53%)
4 ms. Memory: 175104K Free: 90448K (52%)
/home/travis/build/icyphy/ptII/ptolemy/actor/lib/test/Scale.tcl
3 ms. Memory: 175104K Free: 88914K (51%)
2 ms. Memory: 175104K Free: 87890K (50%)
1 ms. Memory: 175104K Free: 87361K (50%)
3 ms. Memory: 175104K Free: 86337K (49%)
2 ms. Memory: 175104K Free: 85842K (49%)
/home/travis/build/icyphy/ptII/ptolemy/actor/lib/test/SequentialClock.tcl
preinitializing
resolving types
initializing
executing number 1
wrapping up
idle
3 ms. Memory: 175104K Free: 84297K (48%)
Completed execution with 5 iterations
preinitializing
resolving types
initializing
executing number 1
wrapping up
idle
1 ms. Memory: 175104K Free: 83794K (48%)
Completed execution with 5 iterations
preinitializing
resolving types
initializing
executing number 1
wrapping up
idle
2 ms. Memory: 175104K Free: 83280K (48%)
Completed execution with 5 iterations
/home/travis/build/icyphy/ptII/ptolemy/actor/lib/test/SetVariable.tcl
6 ms. Memory: 175104K Free: 81217K (46%)


==== $PTII/ptolemy/actor/lib/test/SetVariable.tcl: SetVariable-3.1 changeFailed
==== Contents of test case:

    #Uses 2.1 above
    jdkCaptureErr {
        # This test was failing if we ran Exit.tcl and then this test.
        # MessageHandler.error() now actually throws the Exception.
	catch {$setVariable changeFailed [java::null]  [java::new Exception {Test exception for SetVariable.changeFailed()}]} errMsg
    } results
    list [string range $results 0 89] "\n" $errMsg

==== Result was:
{java.lang.Exception: Test exception for SetVariable.changeFailed()
	at java.base/jdk.inter} {
} {java.lang.RuntimeException: java.lang.Exception: Test exception for SetVariable.changeFailed()}
---- Result should have been:
{Failed to set variable.
java.lang.Exception: Test exception for SetVariable.changeFailed()} {
} {java.lang.RuntimeException: java.lang.Exception: Test exception for SetVariable.changeFailed()}
---- SetVariable-3.1 FAILED
/home/travis/build/icyphy/ptII/ptolemy/actor/lib/test/Sinewave.tcl
/home/travis/build/icyphy/ptII/ptolemy/actor/lib/test/SubscriptionAggregator.tcl
11 ms. Memory: 175104K Free: 150016K (86%)
3 ms. Memory: 175104K Free: 148992K (85%)
0 ms. Memory: 175104K Free: 148992K (85%)
1 ms. Memory: 175104K Free: 148478K (85%)
2 ms. Memory: 175104K Free: 144896K (83%)
10 ms. Memory: 175104K Free: 142848K (82%)
...............................................................1138 ms. Memory: 240640K Free: 92160K (38%)
/home/travis/build/icyphy/ptII/ptolemy/actor/lib/test/Test.tcl
 The next command will produce a warning about training mode,
   which may be ignored.
11 ms. Memory: 240640K Free: 90112K (37%)
3 ms. Memory: 240640K Free: 89567K (37%)
1 ms. Memory: 240640K Free: 89088K (37%)
1 ms. Memory: 240640K Free: 88064K (37%)
9 ms. Memory: 240640K Free: 87550K (36%)
3 ms. Memory: 240640K Free: 86526K (36%)
3 ms. Memory: 240640K Free: 84992K (35%)
 The next command will produce a warning about training mode,
   which may be ignored.
12 ms. Memory: 240640K Free: 82944K (34%)
 The next command will produce a warning about training mode,
   which may be ignored.
2 ms. Memory: 240640K Free: 81375K (34%)
1 ms. Memory: 240640K Free: 81375K (34%)
1 ms. Memory: 240640K Free: 80896K (34%)
2 ms. Memory: 240640K Free: 80375K (33%)
7 ms. Memory: 240640K Free: 79343K (33%)
5 ms. Memory: 240640K Free: 75262K (31%)
/home/travis/build/icyphy/ptII/ptolemy/actor/lib/test/TestExceptionHandler.tcl
 The next command will produce a warning about training mode,
   which may be ignored.
3 ms. Memory: 240640K Free: 74238K (31%)
2 ms. Memory: 240640K Free: 73728K (31%)
1 ms. Memory: 240640K Free: 73199K (30%)
/home/travis/build/icyphy/ptII/ptolemy/actor/lib/test/UnionDisassembler.tcl
25 ms. Memory: 240640K Free: 190745K (79%)
/home/travis/build/icyphy/ptII/ptolemy/actor/lib/test/VariableClock.tcl
preinitializing
resolving types
initializing
executing number 1
wrapping up
idle
9 ms. Memory: 240640K Free: 189193K (79%)
Completed execution with 11 iterations
preinitializing
resolving types
initializing
executing number 1
wrapping up
idle
3 ms. Memory: 240640K Free: 187673K (78%)
Completed execution with 10 iterations
11/21/19 06:21:25
Failed: 1  Total Tests: 234  ((Passed: 233, Newly Passed: 0)  Known Failed: 0) /home/travis/build/icyphy/ptII/ptolemy/actor/lib/test
----------------- testing (KnownFailure) /home/travis/build/icyphy/ptII/ptolemy/actor/lib/test/auto/knownFailedTests/PublisherPortToplevelSubscriber.xml
1 ms. Memory: 240640K Free: 184087K (76%)
Known Failure: java.lang.reflect.InvocationTargetException
----------------- testing (KnownFailure) /home/travis/build/icyphy/ptII/ptolemy/actor/lib/test/auto/knownFailedTests/PublisherSubscriberPortToplevel.xml
1 ms. Memory: 240640K Free: 179991K (75%)
Known Failure: java.lang.reflect.InvocationTargetException
----------------- testing (KnownFailure) /home/travis/build/icyphy/ptII/ptolemy/actor/lib/test/auto/knownFailedTests/PublisherSubscriptionAggregatorPort.xml
0 ms. Memory: 240640K Free: 175385K (73%)
Known Failure: java.lang.reflect.InvocationTargetException
----------------- testing (KnownFailure) /home/travis/build/icyphy/ptII/ptolemy/actor/lib/test/auto/knownFailedTests/sizedarray3.xml
3 ms. Memory: 240640K Free: 171289K (71%)
Known Failure: java.lang.reflect.InvocationTargetException
No auto/linux-amd64/*.xml tests in /home/travis/build/icyphy/ptII/ptolemy/actor/lib/test
AutoTests.java: About to close Vertx.
AutoTests.java: Vertx closed.

===========================================================================================
----------------- testing Thu Nov 21 06:21:26 UTC 2019 /home/travis/build/icyphy/ptII/ptolemy/actor/lib/test/auto/AbsoluteValue.xml
----------------- Instantiating /home/travis/build/icyphy/ptII/ptolemy/actor/lib/test/auto/AbsoluteValue.xml
32 ms. Memory: 240640K Free: 149271K (62%)
----------------- Invoking toplevel() on ptolemy.moml.MoMLSimpleApplication@35504235
----------------- Done invoking toplevel() on ptolemy.moml.MoMLSimpleApplication@35504235
reloadAllAccessors: .AbsoluteValue

===========================================================================================
----------------- testing Thu Nov 21 06:21:26 UTC 2019 /home/travis/build/icyphy/ptII/ptolemy/actor/lib/test/auto/AbsoluteValue2.xml
----------------- Instantiating /home/travis/build/icyphy/ptII/ptolemy/actor/lib/test/auto/AbsoluteValue2.xml
5 ms. Memory: 240640K Free: 142103K (59%)
----------------- Invoking toplevel() on ptolemy.moml.MoMLSimpleApplication@3733d9d8
----------------- Done invoking toplevel() on ptolemy.moml.MoMLSimpleApplication@3733d9d8
reloadAllAccessors: .AbsoluteValue2

===========================================================================================
----------------- testing Thu Nov 21 06:21:26 UTC 2019 /home/travis/build/icyphy/ptII/ptolemy/actor/lib/test/auto/Accumulator.xml
----------------- Instantiating /home/travis/build/icyphy/ptII/ptolemy/actor/lib/test/auto/Accumulator.xml
5 ms. Memory: 240640K Free: 135959K (56%)
----------------- Invoking toplevel() on ptolemy.moml.MoMLSimpleApplication@6510d72b
----------------- Done invoking toplevel() on ptolemy.moml.MoMLSimpleApplication@6510d72b
reloadAllAccessors: .Accumulator

===========================================================================================
----------------- testing Thu Nov 21 06:21:26 UTC 2019 /home/travis/build/icyphy/ptII/ptolemy/actor/lib/test/auto/Accumulator2.xml
----------------- Instantiating /home/travis/build/icyphy/ptII/ptolemy/actor/lib/test/auto/Accumulator2.xml
3 ms. Memory: 240640K Free: 130329K (54%)
----------------- Invoking toplevel() on ptolemy.moml.MoMLSimpleApplication@7412bbc
----------------- Done invoking toplevel() on ptolemy.moml.MoMLSimpleApplication@7412bbc
reloadAllAccessors: .Accumulator2

===========================================================================================
----------------- testing Thu Nov 21 06:21:26 UTC 2019 /home/travis/build/icyphy/ptII/ptolemy/actor/lib/test/auto/Accumulator3.xml
----------------- Instantiating /home/travis/build/icyphy/ptII/ptolemy/actor/lib/test/auto/Accumulator3.xml
3 ms. Memory: 240640K Free: 126233K (52%)
----------------- Invoking toplevel() on ptolemy.moml.MoMLSimpleApplication@6e70ee1b
----------------- Done invoking toplevel() on ptolemy.moml.MoMLSimpleApplication@6e70ee1b
reloadAllAccessors: .Accumulator3

===========================================================================================
----------------- testing Thu Nov 21 06:21:26 UTC 2019 /home/travis/build/icyphy/ptII/ptolemy/actor/lib/test/auto/ArrayAppend.xml
----------------- Instantiating /home/travis/build/icyphy/ptII/ptolemy/actor/lib/test/auto/ArrayAppend.xml
5 ms. Memory: 240640K Free: 120569K (50%)
----------------- Invoking toplevel() on ptolemy.moml.MoMLSimpleApplication@86415ed
----------------- Done invoking toplevel() on ptolemy.moml.MoMLSimpleApplication@86415ed
reloadAllAccessors: .ArrayAppend

===========================================================================================
----------------- testing Thu Nov 21 06:21:26 UTC 2019 /home/travis/build/icyphy/ptII/ptolemy/actor/lib/test/auto/ArrayAppend2.xml
----------------- Instantiating /home/travis/build/icyphy/ptII/ptolemy/actor/lib/test/auto/ArrayAppend2.xml
490 ms. Memory: 240640K Free: 161664K (67%)
----------------- Invoking toplevel() on ptolemy.moml.MoMLSimpleApplication@62c270a1
----------------- Done invoking toplevel() on ptolemy.moml.MoMLSimpleApplication@62c270a1
reloadAllAccessors: .ArrayAppend2

===========================================================================================
----------------- testing Thu Nov 21 06:21:26 UTC 2019 /home/travis/build/icyphy/ptII/ptolemy/actor/lib/test/auto/ArrayAppend3.xml
----------------- Instantiating /home/travis/build/icyphy/ptII/ptolemy/actor/lib/test/auto/ArrayAppend3.xml
3 ms. Memory: 240640K Free: 155520K (65%)
----------------- Invoking toplevel() on ptolemy.moml.MoMLSimpleApplication@308a102d
----------------- Done invoking toplevel() on ptolemy.moml.MoMLSimpleApplication@308a102d
reloadAllAccessors: .ArrayAppend3

===========================================================================================
----------------- testing Thu Nov 21 06:21:27 UTC 2019 /home/travis/build/icyphy/ptII/ptolemy/actor/lib/test/auto/ArrayAppend4.xml
----------------- Instantiating /home/travis/build/icyphy/ptII/ptolemy/actor/lib/test/auto/ArrayAppend4.xml
2 ms. Memory: 240640K Free: 150400K (63%)
----------------- Invoking toplevel() on ptolemy.moml.MoMLSimpleApplication@75ec0f02
----------------- Done invoking toplevel() on ptolemy.moml.MoMLSimpleApplication@75ec0f02
reloadAllAccessors: .ArrayAppend4

===========================================================================================
----------------- testing Thu Nov 21 06:21:27 UTC 2019 /home/travis/build/icyphy/ptII/ptolemy/actor/lib/test/auto/ArrayAppend5.xml
----------------- Instantiating /home/travis/build/icyphy/ptII/ptolemy/actor/lib/test/auto/ArrayAppend5.xml
10 ms. Memory: 240640K Free: 145280K (60%)
----------------- Invoking toplevel() on ptolemy.moml.MoMLSimpleApplication@18f2b8f5
----------------- Done invoking toplevel() on ptolemy.moml.MoMLSimpleApplication@18f2b8f5
reloadAllAccessors: .ArrayAppend5

===========================================================================================
----------------- testing Thu Nov 21 06:21:27 UTC 2019 /home/travis/build/icyphy/ptII/ptolemy/actor/lib/test/auto/ArrayAppend6.xml
----------------- Instantiating /home/travis/build/icyphy/ptII/ptolemy/actor/lib/test/auto/ArrayAppend6.xml
5 ms. Memory: 240640K Free: 140160K (58%)
----------------- Invoking toplevel() on ptolemy.moml.MoMLSimpleApplication@535d9c54
----------------- Done invoking toplevel() on ptolemy.moml.MoMLSimpleApplication@535d9c54
reloadAllAccessors: .ArrayAppend6

===========================================================================================
----------------- testing Thu Nov 21 06:21:27 UTC 2019 /home/travis/build/icyphy/ptII/ptolemy/actor/lib/test/auto/ArrayAppendPerformanceTest.xml
----------------- Instantiating /home/travis/build/icyphy/ptII/ptolemy/actor/lib/test/auto/ArrayAppendPerformanceTest.xml
39 ms. Memory: 240640K Free: 128896K (54%)
----------------- Invoking toplevel() on ptolemy.moml.MoMLSimpleApplication@53091a0b
----------------- Done invoking toplevel() on ptolemy.moml.MoMLSimpleApplication@53091a0b
reloadAllAccessors: .ArrayAppendPerformanceTest

===========================================================================================
----------------- testing Thu Nov 21 06:21:27 UTC 2019 /home/travis/build/icyphy/ptII/ptolemy/actor/lib/test/auto/ArrayAppendWithEmptyInput.xml
----------------- Instantiating /home/travis/build/icyphy/ptII/ptolemy/actor/lib/test/auto/ArrayAppendWithEmptyInput.xml
18 ms. Memory: 240640K Free: 120704K (50%)
----------------- Invoking toplevel() on ptolemy.moml.MoMLSimpleApplication@299bddab
----------------- Done invoking toplevel() on ptolemy.moml.MoMLSimpleApplication@299bddab
reloadAllAccessors: .ArrayAppendWithEmptyInput

===========================================================================================
----------------- testing Thu Nov 21 06:21:27 UTC 2019 /home/travis/build/icyphy/ptII/ptolemy/actor/lib/test/auto/ArrayAverage.xml
----------------- Instantiating /home/travis/build/icyphy/ptII/ptolemy/actor/lib/test/auto/ArrayAverage.xml
7 ms. Memory: 240640K Free: 113026K (47%)
----------------- Invoking toplevel() on ptolemy.moml.MoMLSimpleApplication@12c8138e
----------------- Done invoking toplevel() on ptolemy.moml.MoMLSimpleApplication@12c8138e
reloadAllAccessors: .ArrayAverage

===========================================================================================
----------------- testing Thu Nov 21 06:21:27 UTC 2019 /home/travis/build/icyphy/ptII/ptolemy/actor/lib/test/auto/ArrayContains.xml
----------------- Instantiating /home/travis/build/icyphy/ptII/ptolemy/actor/lib/test/auto/ArrayContains.xml
8 ms. Memory: 240640K Free: 106882K (44%)
----------------- Invoking toplevel() on ptolemy.moml.MoMLSimpleApplication@3e88085b
----------------- Done invoking toplevel() on ptolemy.moml.MoMLSimpleApplication@3e88085b
reloadAllAccessors: .ArrayContains

===========================================================================================
----------------- testing Thu Nov 21 06:21:27 UTC 2019 /home/travis/build/icyphy/ptII/ptolemy/actor/lib/test/auto/ArrayElement.xml
----------------- Instantiating /home/travis/build/icyphy/ptII/ptolemy/actor/lib/test/auto/ArrayElement.xml
8 ms. Memory: 240640K Free: 101248K (42%)
----------------- Invoking toplevel() on ptolemy.moml.MoMLSimpleApplication@420812e4
----------------- Done invoking toplevel() on ptolemy.moml.MoMLSimpleApplication@420812e4
reloadAllAccessors: .ArrayElement

===========================================================================================
----------------- testing Thu Nov 21 06:21:27 UTC 2019 /home/travis/build/icyphy/ptII/ptolemy/actor/lib/test/auto/ArrayElementAsMatrix.xml
----------------- Instantiating /home/travis/build/icyphy/ptII/ptolemy/actor/lib/test/auto/ArrayElementAsMatrix.xml
25 ms. Memory: 240640K Free: 91522K (38%)
----------------- Invoking toplevel() on ptolemy.moml.MoMLSimpleApplication@6be480e4
----------------- Done invoking toplevel() on ptolemy.moml.MoMLSimpleApplication@6be480e4
reloadAllAccessors: .ArrayElementAsMatrix

===========================================================================================
----------------- testing Thu Nov 21 06:21:27 UTC 2019 /home/travis/build/icyphy/ptII/ptolemy/actor/lib/test/auto/ArrayElementI.xml
----------------- Instantiating /home/travis/build/icyphy/ptII/ptolemy/actor/lib/test/auto/ArrayElementI.xml
3 ms. Memory: 240640K Free: 85888K (36%)
----------------- Invoking toplevel() on ptolemy.moml.MoMLSimpleApplication@a495348
----------------- Done invoking toplevel() on ptolemy.moml.MoMLSimpleApplication@a495348
reloadAllAccessors: .ArrayElementI

===========================================================================================
----------------- testing Thu Nov 21 06:21:27 UTC 2019 /home/travis/build/icyphy/ptII/ptolemy/actor/lib/test/auto/ArrayExtract.xml
----------------- Instantiating /home/travis/build/icyphy/ptII/ptolemy/actor/lib/test/auto/ArrayExtract.xml
6 ms. Memory: 240640K Free: 77696K (32%)
----------------- Invoking toplevel() on ptolemy.moml.MoMLSimpleApplication@46cbb1d9
----------------- Done invoking toplevel() on ptolemy.moml.MoMLSimpleApplication@46cbb1d9
reloadAllAccessors: .ArrayExtract

===========================================================================================
----------------- testing Thu Nov 21 06:21:27 UTC 2019 /home/travis/build/icyphy/ptII/ptolemy/actor/lib/test/auto/ArrayExtract2.xml
----------------- Instantiating /home/travis/build/icyphy/ptII/ptolemy/actor/lib/test/auto/ArrayExtract2.xml
3 ms. Memory: 240640K Free: 72066K (30%)
----------------- Invoking toplevel() on ptolemy.moml.MoMLSimpleApplication@1de447cf
----------------- Done invoking toplevel() on ptolemy.moml.MoMLSimpleApplication@1de447cf
reloadAllAccessors: .ArrayExtract2

===========================================================================================
----------------- testing Thu Nov 21 06:21:27 UTC 2019 /home/travis/build/icyphy/ptII/ptolemy/actor/lib/test/auto/ArrayLength.xml
----------------- Instantiating /home/travis/build/icyphy/ptII/ptolemy/actor/lib/test/auto/ArrayLength.xml
3 ms. Memory: 240640K Free: 68480K (28%)
----------------- Invoking toplevel() on ptolemy.moml.MoMLSimpleApplication@5c6683ef
----------------- Done invoking toplevel() on ptolemy.moml.MoMLSimpleApplication@5c6683ef
reloadAllAccessors: .ArrayLength

===========================================================================================
----------------- testing Thu Nov 21 06:21:27 UTC 2019 /home/travis/build/icyphy/ptII/ptolemy/actor/lib/test/auto/ArrayLevelCrossing.xml
----------------- Instantiating /home/travis/build/icyphy/ptII/ptolemy/actor/lib/test/auto/ArrayLevelCrossing.xml
4 ms. Memory: 240640K Free: 60288K (25%)
----------------- Invoking toplevel() on ptolemy.moml.MoMLSimpleApplication@3ae676d2
----------------- Done invoking toplevel() on ptolemy.moml.MoMLSimpleApplication@3ae676d2
reloadAllAccessors: .ArrayLevelCrossing

===========================================================================================
----------------- testing Thu Nov 21 06:21:27 UTC 2019 /home/travis/build/icyphy/ptII/ptolemy/actor/lib/test/auto/ArrayLevelCrossing2.xml
----------------- Instantiating /home/travis/build/icyphy/ptII/ptolemy/actor/lib/test/auto/ArrayLevelCrossing2.xml
3 ms. Memory: 453632K Free: 402332K (89%)
----------------- Invoking toplevel() on ptolemy.moml.MoMLSimpleApplication@1306a87f
----------------- Done invoking toplevel() on ptolemy.moml.MoMLSimpleApplication@1306a87f
reloadAllAccessors: .ArrayLevelCrossing2

===========================================================================================
----------------- testing Thu Nov 21 06:21:27 UTC 2019 /home/travis/build/icyphy/ptII/ptolemy/actor/lib/test/auto/ArrayPeakSearch.xml
----------------- Instantiating /home/travis/build/icyphy/ptII/ptolemy/actor/lib/test/auto/ArrayPeakSearch.xml
8 ms. Memory: 453632K Free: 393130K (87%)
----------------- Invoking toplevel() on ptolemy.moml.MoMLSimpleApplication@506934db
----------------- Done invoking toplevel() on ptolemy.moml.MoMLSimpleApplication@506934db
reloadAllAccessors: .ArrayPeakSearch

===========================================================================================
----------------- testing Thu Nov 21 06:21:27 UTC 2019 /home/travis/build/icyphy/ptII/ptolemy/actor/lib/test/auto/ArrayPeakSearch2.xml
----------------- Instantiating /home/travis/build/icyphy/ptII/ptolemy/actor/lib/test/auto/ArrayPeakSearch2.xml
6 ms. Memory: 453632K Free: 382876K (84%)
----------------- Invoking toplevel() on ptolemy.moml.MoMLSimpleApplication@5a51d94a
----------------- Done invoking toplevel() on ptolemy.moml.MoMLSimpleApplication@5a51d94a
reloadAllAccessors: .ArrayPeakSearch2

===========================================================================================
----------------- testing Thu Nov 21 06:21:27 UTC 2019 /home/travis/build/icyphy/ptII/ptolemy/actor/lib/test/auto/ArrayPeakSearch3.xml
----------------- Instantiating /home/travis/build/icyphy/ptII/ptolemy/actor/lib/test/auto/ArrayPeakSearch3.xml
9 ms. Memory: 453632K Free: 373674K (82%)
----------------- Invoking toplevel() on ptolemy.moml.MoMLSimpleApplication@5845aea
----------------- Done invoking toplevel() on ptolemy.moml.MoMLSimpleApplication@5845aea
reloadAllAccessors: .ArrayPeakSearch3

===========================================================================================
----------------- testing Thu Nov 21 06:21:27 UTC 2019 /home/travis/build/icyphy/ptII/ptolemy/actor/lib/test/auto/ArrayRemoveElement.xml
----------------- Instantiating /home/travis/build/icyphy/ptII/ptolemy/actor/lib/test/auto/ArrayRemoveElement.xml
6 ms. Memory: 453632K Free: 365996K (81%)
----------------- Invoking toplevel() on ptolemy.moml.MoMLSimpleApplication@383c7bdc
----------------- Done invoking toplevel() on ptolemy.moml.MoMLSimpleApplication@383c7bdc
reloadAllAccessors: .ArrayRemoveElement

===========================================================================================
----------------- testing Thu Nov 21 06:21:27 UTC 2019 /home/travis/build/icyphy/ptII/ptolemy/actor/lib/test/auto/ArraySort.xml
----------------- Instantiating /home/travis/build/icyphy/ptII/ptolemy/actor/lib/test/auto/ArraySort.xml
9 ms. Memory: 453632K Free: 356780K (79%)
----------------- Invoking toplevel() on ptolemy.moml.MoMLSimpleApplication@116b371b
----------------- Done invoking toplevel() on ptolemy.moml.MoMLSimpleApplication@116b371b
reloadAllAccessors: .ArraySort

===========================================================================================
----------------- testing Thu Nov 21 06:21:27 UTC 2019 /home/travis/build/icyphy/ptII/ptolemy/actor/lib/test/auto/ArraySum.xml
----------------- Instantiating /home/travis/build/icyphy/ptII/ptolemy/actor/lib/test/auto/ArraySum.xml
8 ms. Memory: 453632K Free: 351660K (78%)
----------------- Invoking toplevel() on ptolemy.moml.MoMLSimpleApplication@38ca756c
----------------- Done invoking toplevel() on ptolemy.moml.MoMLSimpleApplication@38ca756c
reloadAllAccessors: .ArraySum

===========================================================================================
----------------- testing Thu Nov 21 06:21:27 UTC 2019 /home/travis/build/icyphy/ptII/ptolemy/actor/lib/test/auto/ArrayToElements.xml
----------------- Instantiating /home/travis/build/icyphy/ptII/ptolemy/actor/lib/test/auto/ArrayToElements.xml
10 ms. Memory: 453632K Free: 346026K (76%)
----------------- Invoking toplevel() on ptolemy.moml.MoMLSimpleApplication@1c09e8a8
----------------- Done invoking toplevel() on ptolemy.moml.MoMLSimpleApplication@1c09e8a8
reloadAllAccessors: .ArrayToElements

===========================================================================================
----------------- testing Thu Nov 21 06:21:27 UTC 2019 /home/travis/build/icyphy/ptII/ptolemy/actor/lib/test/auto/ArrayToMatrix.xml
----------------- Instantiating /home/travis/build/icyphy/ptII/ptolemy/actor/lib/test/auto/ArrayToMatrix.xml
9 ms. Memory: 453632K Free: 332204K (73%)
----------------- Invoking toplevel() on ptolemy.moml.MoMLSimpleApplication@53c1873f
----------------- Done invoking toplevel() on ptolemy.moml.MoMLSimpleApplication@53c1873f
reloadAllAccessors: .ArrayToMatrix

===========================================================================================
----------------- testing Thu Nov 21 06:21:28 UTC 2019 /home/travis/build/icyphy/ptII/ptolemy/actor/lib/test/auto/ArrayUpdate1.xml
----------------- Instantiating /home/travis/build/icyphy/ptII/ptolemy/actor/lib/test/auto/ArrayUpdate1.xml
7 ms. Memory: 453632K Free: 327084K (72%)
----------------- Invoking toplevel() on ptolemy.moml.MoMLSimpleApplication@4615532d
----------------- Done invoking toplevel() on ptolemy.moml.MoMLSimpleApplication@4615532d
reloadAllAccessors: .ArrayUpdate1

===========================================================================================
----------------- testing Thu Nov 21 06:21:28 UTC 2019 /home/travis/build/icyphy/ptII/ptolemy/actor/lib/test/auto/ArrayUpdate2.xml
----------------- Instantiating /home/travis/build/icyphy/ptII/ptolemy/actor/lib/test/auto/ArrayUpdate2.xml
8 ms. Memory: 453632K Free: 320940K (71%)
----------------- Invoking toplevel() on ptolemy.moml.MoMLSimpleApplication@15e992f1
----------------- Done invoking toplevel() on ptolemy.moml.MoMLSimpleApplication@15e992f1
reloadAllAccessors: .ArrayUpdate2

===========================================================================================
----------------- testing Thu Nov 21 06:21:28 UTC 2019 /home/travis/build/icyphy/ptII/ptolemy/actor/lib/test/auto/ArrayUpdate3.xml
----------------- Instantiating /home/travis/build/icyphy/ptII/ptolemy/actor/lib/test/auto/ArrayUpdate3.xml
8 ms. Memory: 453632K Free: 315820K (70%)
----------------- Invoking toplevel() on ptolemy.moml.MoMLSimpleApplication@47364f24
----------------- Done invoking toplevel() on ptolemy.moml.MoMLSimpleApplication@47364f24
reloadAllAccessors: .ArrayUpdate3

===========================================================================================
----------------- testing Thu Nov 21 06:21:28 UTC 2019 /home/travis/build/icyphy/ptII/ptolemy/actor/lib/test/auto/Assert1.xml
----------------- Instantiating /home/travis/build/icyphy/ptII/ptolemy/actor/lib/test/auto/Assert1.xml
6 ms. Memory: 453632K Free: 311724K (69%)
----------------- Invoking toplevel() on ptolemy.moml.MoMLSimpleApplication@39384b42
----------------- Done invoking toplevel() on ptolemy.moml.MoMLSimpleApplication@39384b42
reloadAllAccessors: .Assert1

===========================================================================================
----------------- testing Thu Nov 21 06:21:28 UTC 2019 /home/travis/build/icyphy/ptII/ptolemy/actor/lib/test/auto/Assert2.xml
----------------- Instantiating /home/travis/build/icyphy/ptII/ptolemy/actor/lib/test/auto/Assert2.xml
3 ms. Memory: 453632K Free: 306090K (67%)
----------------- Invoking toplevel() on ptolemy.moml.MoMLSimpleApplication@778368de
----------------- Done invoking toplevel() on ptolemy.moml.MoMLSimpleApplication@778368de
reloadAllAccessors: .Assert2

===========================================================================================
----------------- testing Thu Nov 21 06:21:28 UTC 2019 /home/travis/build/icyphy/ptII/ptolemy/actor/lib/test/auto/BooleanMultiplexor.xml
----------------- Instantiating /home/travis/build/icyphy/ptII/ptolemy/actor/lib/test/auto/BooleanMultiplexor.xml
3 ms. Memory: 453632K Free: 300940K (66%)
----------------- Invoking toplevel() on ptolemy.moml.MoMLSimpleApplication@1c502dd6
----------------- Done invoking toplevel() on ptolemy.moml.MoMLSimpleApplication@1c502dd6
reloadAllAccessors: .BooleanMultiplexor

===========================================================================================
----------------- testing Thu Nov 21 06:21:28 UTC 2019 /home/travis/build/icyphy/ptII/ptolemy/actor/lib/test/auto/BooleanMultiplexor2.xml
----------------- Instantiating /home/travis/build/icyphy/ptII/ptolemy/actor/lib/test/auto/BooleanMultiplexor2.xml
13 ms. Memory: 453632K Free: 294316K (65%)
----------------- Invoking toplevel() on ptolemy.moml.MoMLSimpleApplication@7a8d8968
----------------- Done invoking toplevel() on ptolemy.moml.MoMLSimpleApplication@7a8d8968
reloadAllAccessors: .BooleanMultiplexor2

===========================================================================================
----------------- testing Thu Nov 21 06:21:28 UTC 2019 /home/travis/build/icyphy/ptII/ptolemy/actor/lib/test/auto/BooleanMultiplexor3.xml
----------------- Instantiating /home/travis/build/icyphy/ptII/ptolemy/actor/lib/test/auto/BooleanMultiplexor3.xml
6 ms. Memory: 453632K Free: 290730K (64%)
----------------- Invoking toplevel() on ptolemy.moml.MoMLSimpleApplication@234a5faa
----------------- Done invoking toplevel() on ptolemy.moml.MoMLSimpleApplication@234a5faa
reloadAllAccessors: .BooleanMultiplexor3

===========================================================================================
----------------- testing Thu Nov 21 06:21:28 UTC 2019 /home/travis/build/icyphy/ptII/ptolemy/actor/lib/test/auto/BooleanSelect.xml
----------------- Instantiating /home/travis/build/icyphy/ptII/ptolemy/actor/lib/test/auto/BooleanSelect.xml
9 ms. Memory: 453632K Free: 284076K (63%)
----------------- Invoking toplevel() on ptolemy.moml.MoMLSimpleApplication@1c4ad65e
----------------- Done invoking toplevel() on ptolemy.moml.MoMLSimpleApplication@1c4ad65e
reloadAllAccessors: .BooleanSelect

===========================================================================================
----------------- testing Thu Nov 21 06:21:28 UTC 2019 /home/travis/build/icyphy/ptII/ptolemy/actor/lib/test/auto/BooleanSelect2.xml
----------------- Instantiating /home/travis/build/icyphy/ptII/ptolemy/actor/lib/test/auto/BooleanSelect2.xml
2 ms. Memory: 453632K Free: 279980K (62%)
----------------- Invoking toplevel() on ptolemy.moml.MoMLSimpleApplication@264a0daa
----------------- Done invoking toplevel() on ptolemy.moml.MoMLSimpleApplication@264a0daa
reloadAllAccessors: .BooleanSelect2

===========================================================================================
----------------- testing Thu Nov 21 06:21:28 UTC 2019 /home/travis/build/icyphy/ptII/ptolemy/actor/lib/test/auto/BooleanSwitch.xml
----------------- Instantiating /home/travis/build/icyphy/ptII/ptolemy/actor/lib/test/auto/BooleanSwitch.xml
7 ms. Memory: 453632K Free: 273322K (60%)
----------------- Invoking toplevel() on ptolemy.moml.MoMLSimpleApplication@56e01dd3
----------------- Done invoking toplevel() on ptolemy.moml.MoMLSimpleApplication@56e01dd3
reloadAllAccessors: .BooleanSwitch

===========================================================================================
----------------- testing Thu Nov 21 06:21:28 UTC 2019 /home/travis/build/icyphy/ptII/ptolemy/actor/lib/test/auto/BooleanSwitch2.xml
----------------- Instantiating /home/travis/build/icyphy/ptII/ptolemy/actor/lib/test/auto/BooleanSwitch2.xml
2 ms. Memory: 453632K Free: 268716K (59%)
----------------- Invoking toplevel() on ptolemy.moml.MoMLSimpleApplication@24136a67
----------------- Done invoking toplevel() on ptolemy.moml.MoMLSimpleApplication@24136a67
reloadAllAccessors: .BooleanSwitch2

===========================================================================================
----------------- testing Thu Nov 21 06:21:28 UTC 2019 /home/travis/build/icyphy/ptII/ptolemy/actor/lib/test/auto/BooleanSwitchCloningBugWithClassRelationGroup.xml
----------------- Instantiating /home/travis/build/icyphy/ptII/ptolemy/actor/lib/test/auto/BooleanSwitchCloningBugWithClassRelationGroup.xml
4 ms. Memory: 453632K Free: 262058K (58%)
----------------- Invoking toplevel() on ptolemy.moml.MoMLSimpleApplication@21f1089b
----------------- Done invoking toplevel() on ptolemy.moml.MoMLSimpleApplication@21f1089b
reloadAllAccessors: .BooleanSwitchCloningBugWithClassRelationGroup

===========================================================================================
----------------- testing Thu Nov 21 06:21:28 UTC 2019 /home/travis/build/icyphy/ptII/ptolemy/actor/lib/test/auto/BusActors.xml
----------------- Instantiating /home/travis/build/icyphy/ptII/ptolemy/actor/lib/test/auto/BusActors.xml
4 ms. Memory: 453632K Free: 254380K (56%)
----------------- Invoking toplevel() on ptolemy.moml.MoMLSimpleApplication@b226ca1
----------------- Done invoking toplevel() on ptolemy.moml.MoMLSimpleApplication@b226ca1
reloadAllAccessors: .BusActors

===========================================================================================
----------------- testing Thu Nov 21 06:21:28 UTC 2019 /home/travis/build/icyphy/ptII/ptolemy/actor/lib/test/auto/ClassWrapper.xml
----------------- Instantiating /home/travis/build/icyphy/ptII/ptolemy/actor/lib/test/auto/ClassWrapper.xml
4 ms. Memory: 453632K Free: 249770K (55%)
----------------- Invoking toplevel() on ptolemy.moml.MoMLSimpleApplication@13a80fe
----------------- Done invoking toplevel() on ptolemy.moml.MoMLSimpleApplication@13a80fe
reloadAllAccessors: .ClassWrapper

===========================================================================================
----------------- testing Thu Nov 21 06:21:28 UTC 2019 /home/travis/build/icyphy/ptII/ptolemy/actor/lib/test/auto/Clock.xml
----------------- Instantiating /home/travis/build/icyphy/ptII/ptolemy/actor/lib/test/auto/Clock.xml
2 ms. Memory: 453632K Free: 245674K (54%)
----------------- Invoking toplevel() on ptolemy.moml.MoMLSimpleApplication@2a320b0b
----------------- Done invoking toplevel() on ptolemy.moml.MoMLSimpleApplication@2a320b0b
reloadAllAccessors: .Clock

===========================================================================================
----------------- testing Thu Nov 21 06:21:28 UTC 2019 /home/travis/build/icyphy/ptII/ptolemy/actor/lib/test/auto/Clock10.xml
----------------- Instantiating /home/travis/build/icyphy/ptII/ptolemy/actor/lib/test/auto/Clock10.xml
4 ms. Memory: 453632K Free: 240044K (53%)
----------------- Invoking toplevel() on ptolemy.moml.MoMLSimpleApplication@380972c7
----------------- Done invoking toplevel() on ptolemy.moml.MoMLSimpleApplication@380972c7
reloadAllAccessors: .Clock10

===========================================================================================
----------------- testing Thu Nov 21 06:21:28 UTC 2019 /home/travis/build/icyphy/ptII/ptolemy/actor/lib/test/auto/Clock11.xml
----------------- Instantiating /home/travis/build/icyphy/ptII/ptolemy/actor/lib/test/auto/Clock11.xml
4 ms. Memory: 453632K Free: 233900K (52%)
----------------- Invoking toplevel() on ptolemy.moml.MoMLSimpleApplication@206d4d3f
----------------- Done invoking toplevel() on ptolemy.moml.MoMLSimpleApplication@206d4d3f
reloadAllAccessors: .Clock11

===========================================================================================
----------------- testing Thu Nov 21 06:21:28 UTC 2019 /home/travis/build/icyphy/ptII/ptolemy/actor/lib/test/auto/Clock12.xml
----------------- Instantiating /home/travis/build/icyphy/ptII/ptolemy/actor/lib/test/auto/Clock12.xml
3 ms. Memory: 453632K Free: 228266K (50%)
----------------- Invoking toplevel() on ptolemy.moml.MoMLSimpleApplication@4c7fad9f
----------------- Done invoking toplevel() on ptolemy.moml.MoMLSimpleApplication@4c7fad9f
reloadAllAccessors: .Clock12

===========================================================================================
----------------- testing Thu Nov 21 06:21:28 UTC 2019 /home/travis/build/icyphy/ptII/ptolemy/actor/lib/test/auto/Clock13.xml
----------------- Instantiating /home/travis/build/icyphy/ptII/ptolemy/actor/lib/test/auto/Clock13.xml
6 ms. Memory: 453632K Free: 222092K (49%)
----------------- Invoking toplevel() on ptolemy.moml.MoMLSimpleApplication@36d267b6
----------------- Done invoking toplevel() on ptolemy.moml.MoMLSimpleApplication@36d267b6
reloadAllAccessors: .Clock13

===========================================================================================
----------------- testing Thu Nov 21 06:21:28 UTC 2019 /home/travis/build/icyphy/ptII/ptolemy/actor/lib/test/auto/Clock14.xml
----------------- Instantiating /home/travis/build/icyphy/ptII/ptolemy/actor/lib/test/auto/Clock14.xml
4 ms. Memory: 453632K Free: 216492K (48%)
----------------- Invoking toplevel() on ptolemy.moml.MoMLSimpleApplication@53efd7f1
----------------- Done invoking toplevel() on ptolemy.moml.MoMLSimpleApplication@53efd7f1
reloadAllAccessors: .Clock14

===========================================================================================
----------------- testing Thu Nov 21 06:21:28 UTC 2019 /home/travis/build/icyphy/ptII/ptolemy/actor/lib/test/auto/Clock15.xml
----------------- Instantiating /home/travis/build/icyphy/ptII/ptolemy/actor/lib/test/auto/Clock15.xml
3 ms. Memory: 453632K Free: 210348K (46%)
----------------- Invoking toplevel() on ptolemy.moml.MoMLSimpleApplication@3229706
----------------- Done invoking toplevel() on ptolemy.moml.MoMLSimpleApplication@3229706
reloadAllAccessors: .Clock15

===========================================================================================
----------------- testing Thu Nov 21 06:21:28 UTC 2019 /home/travis/build/icyphy/ptII/ptolemy/actor/lib/test/auto/Clock16.xml
----------------- Instantiating /home/travis/build/icyphy/ptII/ptolemy/actor/lib/test/auto/Clock16.xml
44 ms. Memory: 453632K Free: 195996K (43%)
----------------- Invoking toplevel() on ptolemy.moml.MoMLSimpleApplication@6252679c
----------------- Done invoking toplevel() on ptolemy.moml.MoMLSimpleApplication@6252679c
reloadAllAccessors: .Clock16

===========================================================================================
----------------- testing Thu Nov 21 06:21:28 UTC 2019 /home/travis/build/icyphy/ptII/ptolemy/actor/lib/test/auto/Clock17.xml
----------------- Instantiating /home/travis/build/icyphy/ptII/ptolemy/actor/lib/test/auto/Clock17.xml
22 ms. Memory: 453632K Free: 399726K (88%)
----------------- Invoking toplevel() on ptolemy.moml.MoMLSimpleApplication@473fde
----------------- Done invoking toplevel() on ptolemy.moml.MoMLSimpleApplication@473fde
reloadAllAccessors: .Clock17

===========================================================================================
----------------- testing Thu Nov 21 06:21:29 UTC 2019 /home/travis/build/icyphy/ptII/ptolemy/actor/lib/test/auto/Clock18.xml
----------------- Instantiating /home/travis/build/icyphy/ptII/ptolemy/actor/lib/test/auto/Clock18.xml
15 ms. Memory: 453632K Free: 385934K (85%)
----------------- Invoking toplevel() on ptolemy.moml.MoMLSimpleApplication@cbc012a
----------------- Done invoking toplevel() on ptolemy.moml.MoMLSimpleApplication@cbc012a
reloadAllAccessors: .Clock18

===========================================================================================
----------------- testing Thu Nov 21 06:21:29 UTC 2019 /home/travis/build/icyphy/ptII/ptolemy/actor/lib/test/auto/Clock19.xml
----------------- Instantiating /home/travis/build/icyphy/ptII/ptolemy/actor/lib/test/auto/Clock19.xml
14 ms. Memory: 453632K Free: 372622K (82%)
----------------- Invoking toplevel() on ptolemy.moml.MoMLSimpleApplication@11b995f3
----------------- Done invoking toplevel() on ptolemy.moml.MoMLSimpleApplication@11b995f3
reloadAllAccessors: .Clock19

===========================================================================================
----------------- testing Thu Nov 21 06:21:29 UTC 2019 /home/travis/build/icyphy/ptII/ptolemy/actor/lib/test/auto/Clock2.xml
----------------- Instantiating /home/travis/build/icyphy/ptII/ptolemy/actor/lib/test/auto/Clock2.xml
5 ms. Memory: 453632K Free: 368526K (81%)
----------------- Invoking toplevel() on ptolemy.moml.MoMLSimpleApplication@39944528
----------------- Done invoking toplevel() on ptolemy.moml.MoMLSimpleApplication@39944528
reloadAllAccessors: .Clock2

===========================================================================================
----------------- testing Thu Nov 21 06:21:29 UTC 2019 /home/travis/build/icyphy/ptII/ptolemy/actor/lib/test/auto/Clock20.xml
----------------- Instantiating /home/travis/build/icyphy/ptII/ptolemy/actor/lib/test/auto/Clock20.xml
5 ms. Memory: 453632K Free: 362892K (80%)
----------------- Invoking toplevel() on ptolemy.moml.MoMLSimpleApplication@10f480ae
----------------- Done invoking toplevel() on ptolemy.moml.MoMLSimpleApplication@10f480ae
reloadAllAccessors: .Clock20

===========================================================================================
----------------- testing Thu Nov 21 06:21:29 UTC 2019 /home/travis/build/icyphy/ptII/ptolemy/actor/lib/test/auto/Clock21.xml
----------------- Instantiating /home/travis/build/icyphy/ptII/ptolemy/actor/lib/test/auto/Clock21.xml
4 ms. Memory: 453632K Free: 357772K (79%)
----------------- Invoking toplevel() on ptolemy.moml.MoMLSimpleApplication@6da000b6
----------------- Done invoking toplevel() on ptolemy.moml.MoMLSimpleApplication@6da000b6
reloadAllAccessors: .Clock21

===========================================================================================
----------------- testing Thu Nov 21 06:21:29 UTC 2019 /home/travis/build/icyphy/ptII/ptolemy/actor/lib/test/auto/Clock22.xml
----------------- Instantiating /home/travis/build/icyphy/ptII/ptolemy/actor/lib/test/auto/Clock22.xml
2 ms. Memory: 453632K Free: 352142K (78%)
----------------- Invoking toplevel() on ptolemy.moml.MoMLSimpleApplication@41bafe28
----------------- Done invoking toplevel() on ptolemy.moml.MoMLSimpleApplication@41bafe28
reloadAllAccessors: .Clock22

===========================================================================================
----------------- testing Thu Nov 21 06:21:29 UTC 2019 /home/travis/build/icyphy/ptII/ptolemy/actor/lib/test/auto/Clock23.xml
----------------- Instantiating /home/travis/build/icyphy/ptII/ptolemy/actor/lib/test/auto/Clock23.xml
3 ms. Memory: 453632K Free: 347022K (76%)
----------------- Invoking toplevel() on ptolemy.moml.MoMLSimpleApplication@58ebba2a
----------------- Done invoking toplevel() on ptolemy.moml.MoMLSimpleApplication@58ebba2a
reloadAllAccessors: .Clock23

===========================================================================================
----------------- testing Thu Nov 21 06:21:29 UTC 2019 /home/travis/build/icyphy/ptII/ptolemy/actor/lib/test/auto/Clock24.xml
----------------- Instantiating /home/travis/build/icyphy/ptII/ptolemy/actor/lib/test/auto/Clock24.xml
2 ms. Memory: 453632K Free: 341388K (75%)
----------------- Invoking toplevel() on ptolemy.moml.MoMLSimpleApplication@6dd6eb55
----------------- Done invoking toplevel() on ptolemy.moml.MoMLSimpleApplication@6dd6eb55
reloadAllAccessors: .Clock24

===========================================================================================
----------------- testing Thu Nov 21 06:21:29 UTC 2019 /home/travis/build/icyphy/ptII/ptolemy/actor/lib/test/auto/Clock4.xml
----------------- Instantiating /home/travis/build/icyphy/ptII/ptolemy/actor/lib/test/auto/Clock4.xml
2 ms. Memory: 453632K Free: 336238K (74%)
----------------- Invoking toplevel() on ptolemy.moml.MoMLSimpleApplication@3d9eb945
----------------- Done invoking toplevel() on ptolemy.moml.MoMLSimpleApplication@3d9eb945
reloadAllAccessors: .Clock4

===========================================================================================
----------------- testing Thu Nov 21 06:21:29 UTC 2019 /home/travis/build/icyphy/ptII/ptolemy/actor/lib/test/auto/Clock5.xml
----------------- Instantiating /home/travis/build/icyphy/ptII/ptolemy/actor/lib/test/auto/Clock5.xml
5 ms. Memory: 453632K Free: 331148K (73%)
----------------- Invoking toplevel() on ptolemy.moml.MoMLSimpleApplication@5e645f13
----------------- Done invoking toplevel() on ptolemy.moml.MoMLSimpleApplication@5e645f13
reloadAllAccessors: .Clock5

===========================================================================================
----------------- testing Thu Nov 21 06:21:29 UTC 2019 /home/travis/build/icyphy/ptII/ptolemy/actor/lib/test/auto/Clock6.xml
----------------- Instantiating /home/travis/build/icyphy/ptII/ptolemy/actor/lib/test/auto/Clock6.xml
2 ms. Memory: 453632K Free: 326542K (72%)
----------------- Invoking toplevel() on ptolemy.moml.MoMLSimpleApplication@7ab7e1bd
----------------- Done invoking toplevel() on ptolemy.moml.MoMLSimpleApplication@7ab7e1bd
reloadAllAccessors: .Clock6

===========================================================================================
----------------- testing Thu Nov 21 06:21:29 UTC 2019 /home/travis/build/icyphy/ptII/ptolemy/actor/lib/test/auto/Clock7.xml
----------------- Instantiating /home/travis/build/icyphy/ptII/ptolemy/actor/lib/test/auto/Clock7.xml
3 ms. Memory: 453632K Free: 321932K (71%)
----------------- Invoking toplevel() on ptolemy.moml.MoMLSimpleApplication@4174f426
----------------- Done invoking toplevel() on ptolemy.moml.MoMLSimpleApplication@4174f426
reloadAllAccessors: .Clock7

===========================================================================================
----------------- testing Thu Nov 21 06:21:29 UTC 2019 /home/travis/build/icyphy/ptII/ptolemy/actor/lib/test/auto/Clock8.xml
----------------- Instantiating /home/travis/build/icyphy/ptII/ptolemy/actor/lib/test/auto/Clock8.xml
6 ms. Memory: 453632K Free: 316302K (70%)
----------------- Invoking toplevel() on ptolemy.moml.MoMLSimpleApplication@7602e7db
----------------- Done invoking toplevel() on ptolemy.moml.MoMLSimpleApplication@7602e7db
reloadAllAccessors: .Clock8

===========================================================================================
----------------- testing Thu Nov 21 06:21:29 UTC 2019 /home/travis/build/icyphy/ptII/ptolemy/actor/lib/test/auto/Clock9.xml
----------------- Instantiating /home/travis/build/icyphy/ptII/ptolemy/actor/lib/test/auto/Clock9.xml
6 ms. Memory: 453632K Free: 310638K (68%)
----------------- Invoking toplevel() on ptolemy.moml.MoMLSimpleApplication@d595587
----------------- Done invoking toplevel() on ptolemy.moml.MoMLSimpleApplication@d595587
reloadAllAccessors: .Clock9

===========================================================================================
----------------- testing Thu Nov 21 06:21:29 UTC 2019 /home/travis/build/icyphy/ptII/ptolemy/actor/lib/test/auto/CommDistDiscard.xml
----------------- Instantiating /home/travis/build/icyphy/ptII/ptolemy/actor/lib/test/auto/CommDistDiscard.xml
5 ms. Memory: 453632K Free: 305548K (67%)
----------------- Invoking toplevel() on ptolemy.moml.MoMLSimpleApplication@5d85c67b
----------------- Done invoking toplevel() on ptolemy.moml.MoMLSimpleApplication@5d85c67b
reloadAllAccessors: .CommDistDiscard

===========================================================================================
----------------- testing Thu Nov 21 06:21:29 UTC 2019 /home/travis/build/icyphy/ptII/ptolemy/actor/lib/test/auto/Commutator.xml
----------------- Instantiating /home/travis/build/icyphy/ptII/ptolemy/actor/lib/test/auto/Commutator.xml
1 ms. Memory: 453632K Free: 300942K (66%)
----------------- Invoking toplevel() on ptolemy.moml.MoMLSimpleApplication@3068d20c
----------------- Done invoking toplevel() on ptolemy.moml.MoMLSimpleApplication@3068d20c
reloadAllAccessors: .Commutator

===========================================================================================
----------------- testing Thu Nov 21 06:21:29 UTC 2019 /home/travis/build/icyphy/ptII/ptolemy/actor/lib/test/auto/Commutator2.xml
----------------- Instantiating /home/travis/build/icyphy/ptII/ptolemy/actor/lib/test/auto/Commutator2.xml
1 ms. Memory: 453632K Free: 296846K (65%)
----------------- Invoking toplevel() on ptolemy.moml.MoMLSimpleApplication@370ecf09
----------------- Done invoking toplevel() on ptolemy.moml.MoMLSimpleApplication@370ecf09
reloadAllAccessors: .Commutator2

===========================================================================================
----------------- testing Thu Nov 21 06:21:29 UTC 2019 /home/travis/build/icyphy/ptII/ptolemy/actor/lib/test/auto/Commutator3.xml
----------------- Instantiating /home/travis/build/icyphy/ptII/ptolemy/actor/lib/test/auto/Commutator3.xml
2 ms. Memory: 453632K Free: 292236K (64%)
----------------- Invoking toplevel() on ptolemy.moml.MoMLSimpleApplication@b700cb2
----------------- Done invoking toplevel() on ptolemy.moml.MoMLSimpleApplication@b700cb2
reloadAllAccessors: .Commutator3

===========================================================================================
----------------- testing Thu Nov 21 06:21:29 UTC 2019 /home/travis/build/icyphy/ptII/ptolemy/actor/lib/test/auto/Compare.xml
----------------- Instantiating /home/travis/build/icyphy/ptII/ptolemy/actor/lib/test/auto/Compare.xml
3 ms. Memory: 453632K Free: 285582K (63%)
----------------- Invoking toplevel() on ptolemy.moml.MoMLSimpleApplication@3b4cae41
----------------- Done invoking toplevel() on ptolemy.moml.MoMLSimpleApplication@3b4cae41
reloadAllAccessors: .Compare

===========================================================================================
----------------- testing Thu Nov 21 06:21:29 UTC 2019 /home/travis/build/icyphy/ptII/ptolemy/actor/lib/test/auto/CompareDE.xml
----------------- Instantiating /home/travis/build/icyphy/ptII/ptolemy/actor/lib/test/auto/CompareDE.xml
5 ms. Memory: 453632K Free: 278910K (61%)
----------------- Invoking toplevel() on ptolemy.moml.MoMLSimpleApplication@79910a29
----------------- Done invoking toplevel() on ptolemy.moml.MoMLSimpleApplication@79910a29
reloadAllAccessors: .CompareDE

===========================================================================================
----------------- testing Thu Nov 21 06:21:29 UTC 2019 /home/travis/build/icyphy/ptII/ptolemy/actor/lib/test/auto/ComplexDivide.xml
----------------- Instantiating /home/travis/build/icyphy/ptII/ptolemy/actor/lib/test/auto/ComplexDivide.xml
2 ms. Memory: 453632K Free: 274828K (61%)
----------------- Invoking toplevel() on ptolemy.moml.MoMLSimpleApplication@5f634398
----------------- Done invoking toplevel() on ptolemy.moml.MoMLSimpleApplication@5f634398
reloadAllAccessors: .ComplexDivide

===========================================================================================
----------------- testing Thu Nov 21 06:21:29 UTC 2019 /home/travis/build/icyphy/ptII/ptolemy/actor/lib/test/auto/ComputeHistogram.xml
----------------- Instantiating /home/travis/build/icyphy/ptII/ptolemy/actor/lib/test/auto/ComputeHistogram.xml
38 ms. Memory: 453632K Free: 262540K (58%)
----------------- Invoking toplevel() on ptolemy.moml.MoMLSimpleApplication@2785b9a1
----------------- Done invoking toplevel() on ptolemy.moml.MoMLSimpleApplication@2785b9a1
reloadAllAccessors: .ComputeHistogram

===========================================================================================
----------------- testing Thu Nov 21 06:21:29 UTC 2019 /home/travis/build/icyphy/ptII/ptolemy/actor/lib/test/auto/ConfigurationSelect.xml
----------------- Instantiating /home/travis/build/icyphy/ptII/ptolemy/actor/lib/test/auto/ConfigurationSelect.xml
9 ms. Memory: 453632K Free: 256910K (57%)
----------------- Invoking toplevel() on ptolemy.moml.MoMLSimpleApplication@7632c02c
----------------- Done invoking toplevel() on ptolemy.moml.MoMLSimpleApplication@7632c02c
reloadAllAccessors: .ConfigurationSelect

===========================================================================================
----------------- testing Thu Nov 21 06:21:29 UTC 2019 /home/travis/build/icyphy/ptII/ptolemy/actor/lib/test/auto/ConfigurationSelect2.xml
----------------- Instantiating /home/travis/build/icyphy/ptII/ptolemy/actor/lib/test/auto/ConfigurationSelect2.xml
2 ms. Memory: 453632K Free: 252300K (56%)
----------------- Invoking toplevel() on ptolemy.moml.MoMLSimpleApplication@6dc9ad7c
----------------- Done invoking toplevel() on ptolemy.moml.MoMLSimpleApplication@6dc9ad7c
reloadAllAccessors: .ConfigurationSelect2

===========================================================================================
----------------- testing Thu Nov 21 06:21:29 UTC 2019 /home/travis/build/icyphy/ptII/ptolemy/actor/lib/test/auto/ConfigurationSwitch.xml
----------------- Instantiating /home/travis/build/icyphy/ptII/ptolemy/actor/lib/test/auto/ConfigurationSwitch.xml
3 ms. Memory: 453632K Free: 247180K (54%)
----------------- Invoking toplevel() on ptolemy.moml.MoMLSimpleApplication@2dce403d
----------------- Done invoking toplevel() on ptolemy.moml.MoMLSimpleApplication@2dce403d
reloadAllAccessors: .ConfigurationSwitch

===========================================================================================
----------------- testing Thu Nov 21 06:21:29 UTC 2019 /home/travis/build/icyphy/ptII/ptolemy/actor/lib/test/auto/ConfigurationSwitch2.xml
----------------- Instantiating /home/travis/build/icyphy/ptII/ptolemy/actor/lib/test/auto/ConfigurationSwitch2.xml
2 ms. Memory: 453632K Free: 241550K (53%)
----------------- Invoking toplevel() on ptolemy.moml.MoMLSimpleApplication@6ca992c5
----------------- Done invoking toplevel() on ptolemy.moml.MoMLSimpleApplication@6ca992c5
reloadAllAccessors: .ConfigurationSwitch2

===========================================================================================
----------------- testing Thu Nov 21 06:21:29 UTC 2019 /home/travis/build/icyphy/ptII/ptolemy/actor/lib/test/auto/ConfigurationSwitchCloningBugWithClassRelationGroup.xml
----------------- Instantiating /home/travis/build/icyphy/ptII/ptolemy/actor/lib/test/auto/ConfigurationSwitchCloningBugWithClassRelationGroup.xml
1 ms. Memory: 453632K Free: 234382K (52%)
----------------- Invoking toplevel() on ptolemy.moml.MoMLSimpleApplication@64c5ee06
----------------- Done invoking toplevel() on ptolemy.moml.MoMLSimpleApplication@64c5ee06
reloadAllAccessors: .ConfigurationSwitchCloningBugWithClassRelationGroup

===========================================================================================
----------------- testing Thu Nov 21 06:21:29 UTC 2019 /home/travis/build/icyphy/ptII/ptolemy/actor/lib/test/auto/ConfigurationSwitchSelectSDF.xml
----------------- Instantiating /home/travis/build/icyphy/ptII/ptolemy/actor/lib/test/auto/ConfigurationSwitchSelectSDF.xml
3 ms. Memory: 453632K Free: 229262K (51%)
----------------- Invoking toplevel() on ptolemy.moml.MoMLSimpleApplication@47249c66
----------------- Done invoking toplevel() on ptolemy.moml.MoMLSimpleApplication@47249c66
reloadAllAccessors: .ConfigurationSwitchSelectSDF

===========================================================================================
----------------- testing Thu Nov 21 06:21:29 UTC 2019 /home/travis/build/icyphy/ptII/ptolemy/actor/lib/test/auto/ConfigurationSwitchSelectSDF2.xml
----------------- Instantiating /home/travis/build/icyphy/ptII/ptolemy/actor/lib/test/auto/ConfigurationSwitchSelectSDF2.xml
2 ms. Memory: 453632K Free: 223118K (49%)
----------------- Invoking toplevel() on ptolemy.moml.MoMLSimpleApplication@1d1ca28e
----------------- Done invoking toplevel() on ptolemy.moml.MoMLSimpleApplication@1d1ca28e
reloadAllAccessors: .ConfigurationSwitchSelectSDF2

===========================================================================================
----------------- testing Thu Nov 21 06:21:29 UTC 2019 /home/travis/build/icyphy/ptII/ptolemy/actor/lib/test/auto/Const.xml
----------------- Instantiating /home/travis/build/icyphy/ptII/ptolemy/actor/lib/test/auto/Const.xml
1 ms. Memory: 453632K Free: 220046K (49%)
----------------- Invoking toplevel() on ptolemy.moml.MoMLSimpleApplication@6b2f75bc
----------------- Done invoking toplevel() on ptolemy.moml.MoMLSimpleApplication@6b2f75bc
reloadAllAccessors: .Const

===========================================================================================
----------------- testing Thu Nov 21 06:21:29 UTC 2019 /home/travis/build/icyphy/ptII/ptolemy/actor/lib/test/auto/Const2.xml
----------------- Instantiating /home/travis/build/icyphy/ptII/ptolemy/actor/lib/test/auto/Const2.xml
2 ms. Memory: 453632K Free: 215950K (48%)
----------------- Invoking toplevel() on ptolemy.moml.MoMLSimpleApplication@5272c2ae
----------------- Done invoking toplevel() on ptolemy.moml.MoMLSimpleApplication@5272c2ae
reloadAllAccessors: .Const2

===========================================================================================
----------------- testing Thu Nov 21 06:21:29 UTC 2019 /home/travis/build/icyphy/ptII/ptolemy/actor/lib/test/auto/Const3.xml
----------------- Instantiating /home/travis/build/icyphy/ptII/ptolemy/actor/lib/test/auto/Const3.xml
1 ms. Memory: 453632K Free: 212878K (47%)
----------------- Invoking toplevel() on ptolemy.moml.MoMLSimpleApplication@352f7eab
----------------- Done invoking toplevel() on ptolemy.moml.MoMLSimpleApplication@352f7eab
reloadAllAccessors: .Const3

===========================================================================================
----------------- testing Thu Nov 21 06:21:29 UTC 2019 /home/travis/build/icyphy/ptII/ptolemy/actor/lib/test/auto/ConstantPublisherPort1.xml
----------------- Instantiating /home/travis/build/icyphy/ptII/ptolemy/actor/lib/test/auto/ConstantPublisherPort1.xml
7 ms. Memory: 453632K Free: 204172K (45%)
----------------- Invoking toplevel() on ptolemy.moml.MoMLSimpleApplication@4c5d6229
----------------- Done invoking toplevel() on ptolemy.moml.MoMLSimpleApplication@4c5d6229
reloadAllAccessors: .ConstantPublisherPort1

===========================================================================================
----------------- testing Thu Nov 21 06:21:29 UTC 2019 /home/travis/build/icyphy/ptII/ptolemy/actor/lib/test/auto/ConstantPublisherPort2.xml
----------------- Instantiating /home/travis/build/icyphy/ptII/ptolemy/actor/lib/test/auto/ConstantPublisherPort2.xml
13 ms. Memory: 453632K Free: 195980K (43%)
----------------- Invoking toplevel() on ptolemy.moml.MoMLSimpleApplication@58e92e2d
----------------- Done invoking toplevel() on ptolemy.moml.MoMLSimpleApplication@58e92e2d
reloadAllAccessors: .ConstantPublisherPort2

===========================================================================================
----------------- testing Thu Nov 21 06:21:29 UTC 2019 /home/travis/build/icyphy/ptII/ptolemy/actor/lib/test/auto/ConstantPublisherPort3.xml
----------------- Instantiating /home/travis/build/icyphy/ptII/ptolemy/actor/lib/test/auto/ConstantPublisherPort3.xml
5 ms. Memory: 453632K Free: 187788K (41%)
----------------- Invoking toplevel() on ptolemy.moml.MoMLSimpleApplication@5c9513ea
----------------- Done invoking toplevel() on ptolemy.moml.MoMLSimpleApplication@5c9513ea
reloadAllAccessors: .ConstantPublisherPort3

===========================================================================================
----------------- testing Thu Nov 21 06:21:29 UTC 2019 /home/travis/build/icyphy/ptII/ptolemy/actor/lib/test/auto/ConstantPublisherPort4.xml
----------------- Instantiating /home/travis/build/icyphy/ptII/ptolemy/actor/lib/test/auto/ConstantPublisherPort4.xml
2 ms. Memory: 453632K Free: 181134K (40%)
----------------- Invoking toplevel() on ptolemy.moml.MoMLSimpleApplication@35613a43
----------------- Done invoking toplevel() on ptolemy.moml.MoMLSimpleApplication@35613a43
reloadAllAccessors: .ConstantPublisherPort4

===========================================================================================
----------------- testing Thu Nov 21 06:21:29 UTC 2019 /home/travis/build/icyphy/ptII/ptolemy/actor/lib/test/auto/ConstantPublisherPort5.xml
----------------- Instantiating /home/travis/build/icyphy/ptII/ptolemy/actor/lib/test/auto/ConstantPublisherPort5.xml
32 ms. Memory: 453632K Free: 171404K (38%)
----------------- Invoking toplevel() on ptolemy.moml.MoMLSimpleApplication@5dab6389
----------------- Done invoking toplevel() on ptolemy.moml.MoMLSimpleApplication@5dab6389
reloadAllAccessors: .ConstantPublisherPort5

===========================================================================================
----------------- testing Thu Nov 21 06:21:29 UTC 2019 /home/travis/build/icyphy/ptII/ptolemy/actor/lib/test/auto/ConstantPublisherPort6.xml
----------------- Instantiating /home/travis/build/icyphy/ptII/ptolemy/actor/lib/test/auto/ConstantPublisherPort6.xml
13 ms. Memory: 453632K Free: 162188K (36%)
----------------- Invoking toplevel() on ptolemy.moml.MoMLSimpleApplication@25665a1b
----------------- Done invoking toplevel() on ptolemy.moml.MoMLSimpleApplication@25665a1b
reloadAllAccessors: .ConstantPublisherPort6

===========================================================================================
----------------- testing Thu Nov 21 06:21:30 UTC 2019 /home/travis/build/icyphy/ptII/ptolemy/actor/lib/test/auto/ConstantPublisherPort7.xml
----------------- Instantiating /home/travis/build/icyphy/ptII/ptolemy/actor/lib/test/auto/ConstantPublisherPort7.xml
22 ms. Memory: 453632K Free: 152972K (34%)
----------------- Invoking toplevel() on ptolemy.moml.MoMLSimpleApplication@6b024050
----------------- Done invoking toplevel() on ptolemy.moml.MoMLSimpleApplication@6b024050
reloadAllAccessors: .ConstantPublisherPort7

===========================================================================================
----------------- testing Thu Nov 21 06:21:30 UTC 2019 /home/travis/build/icyphy/ptII/ptolemy/actor/lib/test/auto/ConstraintMonitor1.xml
----------------- Instantiating /home/travis/build/icyphy/ptII/ptolemy/actor/lib/test/auto/ConstraintMonitor1.xml
11 ms. Memory: 453632K Free: 401580K (89%)
----------------- Invoking toplevel() on ptolemy.moml.MoMLSimpleApplication@7d773614
----------------- Done invoking toplevel() on ptolemy.moml.MoMLSimpleApplication@7d773614
reloadAllAccessors: .ConstraintMonitor1

===========================================================================================
----------------- testing Thu Nov 21 06:21:30 UTC 2019 /home/travis/build/icyphy/ptII/ptolemy/actor/lib/test/auto/ConstraintMonitor2.xml
----------------- Instantiating /home/travis/build/icyphy/ptII/ptolemy/actor/lib/test/auto/ConstraintMonitor2.xml
2 ms. Memory: 453632K Free: 396970K (88%)
----------------- Invoking toplevel() on ptolemy.moml.MoMLSimpleApplication@6d71196d
----------------- Done invoking toplevel() on ptolemy.moml.MoMLSimpleApplication@6d71196d
reloadAllAccessors: .ConstraintMonitor2

===========================================================================================
----------------- testing Thu Nov 21 06:21:30 UTC 2019 /home/travis/build/icyphy/ptII/ptolemy/actor/lib/test/auto/ConstraintMonitor3.xml
----------------- Instantiating /home/travis/build/icyphy/ptII/ptolemy/actor/lib/test/auto/ConstraintMonitor3.xml
5 ms. Memory: 453632K Free: 392874K (87%)
----------------- Invoking toplevel() on ptolemy.moml.MoMLSimpleApplication@530ffb1f
----------------- Done invoking toplevel() on ptolemy.moml.MoMLSimpleApplication@530ffb1f
reloadAllAccessors: .ConstraintMonitor3

===========================================================================================
----------------- testing Thu Nov 21 06:21:30 UTC 2019 /home/travis/build/icyphy/ptII/ptolemy/actor/lib/test/auto/ConstraintMonitor4.xml
----------------- Instantiating /home/travis/build/icyphy/ptII/ptolemy/actor/lib/test/auto/ConstraintMonitor4.xml
2 ms. Memory: 453632K Free: 387754K (85%)
----------------- Invoking toplevel() on ptolemy.moml.MoMLSimpleApplication@2a43ebbb
----------------- Done invoking toplevel() on ptolemy.moml.MoMLSimpleApplication@2a43ebbb
reloadAllAccessors: .ConstraintMonitor4

===========================================================================================
----------------- testing Thu Nov 21 06:21:30 UTC 2019 /home/travis/build/icyphy/ptII/ptolemy/actor/lib/test/auto/ConstraintMonitor5.xml
----------------- Instantiating /home/travis/build/icyphy/ptII/ptolemy/actor/lib/test/auto/ConstraintMonitor5.xml
1 ms. Memory: 453632K Free: 382124K (84%)
----------------- Invoking toplevel() on ptolemy.moml.MoMLSimpleApplication@6727557c
----------------- Done invoking toplevel() on ptolemy.moml.MoMLSimpleApplication@6727557c
reloadAllAccessors: .ConstraintMonitor5

===========================================================================================
----------------- testing Thu Nov 21 06:21:30 UTC 2019 /home/travis/build/icyphy/ptII/ptolemy/actor/lib/test/auto/ConstraintMonitor6.xml
----------------- Instantiating /home/travis/build/icyphy/ptII/ptolemy/actor/lib/test/auto/ConstraintMonitor6.xml
3 ms. Memory: 453632K Free: 376460K (83%)
----------------- Invoking toplevel() on ptolemy.moml.MoMLSimpleApplication@56029b44
----------------- Done invoking toplevel() on ptolemy.moml.MoMLSimpleApplication@56029b44
reloadAllAccessors: .ConstraintMonitor6

===========================================================================================
----------------- testing Thu Nov 21 06:21:30 UTC 2019 /home/travis/build/icyphy/ptII/ptolemy/actor/lib/test/auto/ConstraintMonitor7.xml
----------------- Instantiating /home/travis/build/icyphy/ptII/ptolemy/actor/lib/test/auto/ConstraintMonitor7.xml
7 ms. Memory: 453632K Free: 369836K (82%)
----------------- Invoking toplevel() on ptolemy.moml.MoMLSimpleApplication@1141dbe9
----------------- Done invoking toplevel() on ptolemy.moml.MoMLSimpleApplication@1141dbe9
reloadAllAccessors: .ConstraintMonitor7

===========================================================================================
----------------- testing Thu Nov 21 06:21:30 UTC 2019 /home/travis/build/icyphy/ptII/ptolemy/actor/lib/test/auto/ConstraintMonitor8.xml
----------------- Instantiating /home/travis/build/icyphy/ptII/ptolemy/actor/lib/test/auto/ConstraintMonitor8.xml
3 ms. Memory: 453632K Free: 362140K (80%)
----------------- Invoking toplevel() on ptolemy.moml.MoMLSimpleApplication@4e71c6e9
----------------- Done invoking toplevel() on ptolemy.moml.MoMLSimpleApplication@4e71c6e9
reloadAllAccessors: .ConstraintMonitor8

===========================================================================================
----------------- testing Thu Nov 21 06:21:30 UTC 2019 /home/travis/build/icyphy/ptII/ptolemy/actor/lib/test/auto/Counter.xml
----------------- Instantiating /home/travis/build/icyphy/ptII/ptolemy/actor/lib/test/auto/Counter.xml
3 ms. Memory: 453632K Free: 357548K (79%)
----------------- Invoking toplevel() on ptolemy.moml.MoMLSimpleApplication@522691b
----------------- Done invoking toplevel() on ptolemy.moml.MoMLSimpleApplication@522691b
reloadAllAccessors: .Counter

===========================================================================================
----------------- testing Thu Nov 21 06:21:30 UTC 2019 /home/travis/build/icyphy/ptII/ptolemy/actor/lib/test/auto/CurrentTimeSDF.xml
----------------- Instantiating /home/travis/build/icyphy/ptII/ptolemy/actor/lib/test/auto/CurrentTimeSDF.xml
1 ms. Memory: 453632K Free: 353452K (78%)
----------------- Invoking toplevel() on ptolemy.moml.MoMLSimpleApplication@4af95a4d
----------------- Done invoking toplevel() on ptolemy.moml.MoMLSimpleApplication@4af95a4d
reloadAllAccessors: .CurrentTimeSDF

===========================================================================================
----------------- testing Thu Nov 21 06:21:30 UTC 2019 /home/travis/build/icyphy/ptII/ptolemy/actor/lib/test/auto/DB.xml
----------------- Instantiating /home/travis/build/icyphy/ptII/ptolemy/actor/lib/test/auto/DB.xml
1 ms. Memory: 453632K Free: 348332K (77%)
----------------- Invoking toplevel() on ptolemy.moml.MoMLSimpleApplication@739e80eb
----------------- Done invoking toplevel() on ptolemy.moml.MoMLSimpleApplication@739e80eb
reloadAllAccessors: .DB

===========================================================================================
----------------- testing Thu Nov 21 06:21:30 UTC 2019 /home/travis/build/icyphy/ptII/ptolemy/actor/lib/test/auto/DBDE.xml
----------------- Instantiating /home/travis/build/icyphy/ptII/ptolemy/actor/lib/test/auto/DBDE.xml
3 ms. Memory: 453632K Free: 342692K (76%)
----------------- Invoking toplevel() on ptolemy.moml.MoMLSimpleApplication@389391b2
----------------- Done invoking toplevel() on ptolemy.moml.MoMLSimpleApplication@389391b2
reloadAllAccessors: .DBDE

===========================================================================================
----------------- testing Thu Nov 21 06:21:30 UTC 2019 /home/travis/build/icyphy/ptII/ptolemy/actor/lib/test/auto/DateConstructor.xml
----------------- Instantiating /home/travis/build/icyphy/ptII/ptolemy/actor/lib/test/auto/DateConstructor.xml
26 ms. Memory: 453632K Free: 325290K (72%)
----------------- Invoking toplevel() on ptolemy.moml.MoMLSimpleApplication@7334da42
----------------- Done invoking toplevel() on ptolemy.moml.MoMLSimpleApplication@7334da42
reloadAllAccessors: .DateConstructor

===========================================================================================
----------------- testing Thu Nov 21 06:21:30 UTC 2019 /home/travis/build/icyphy/ptII/ptolemy/actor/lib/test/auto/DelayTime.xml
----------------- Instantiating /home/travis/build/icyphy/ptII/ptolemy/actor/lib/test/auto/DelayTime.xml
6 ms. Memory: 453632K Free: 320684K (71%)
----------------- Invoking toplevel() on ptolemy.moml.MoMLSimpleApplication@79291750
----------------- Done invoking toplevel() on ptolemy.moml.MoMLSimpleApplication@79291750
reloadAllAccessors: .DelayTime

===========================================================================================
----------------- testing Thu Nov 21 06:21:30 UTC 2019 /home/travis/build/icyphy/ptII/ptolemy/actor/lib/test/auto/Dictionary1.xml
----------------- Instantiating /home/travis/build/icyphy/ptII/ptolemy/actor/lib/test/auto/Dictionary1.xml
2 ms. Memory: 453632K Free: 315050K (69%)
----------------- Invoking toplevel() on ptolemy.moml.MoMLSimpleApplication@1314850
----------------- Done invoking toplevel() on ptolemy.moml.MoMLSimpleApplication@1314850
reloadAllAccessors: .Dictionary1

===========================================================================================
----------------- testing Thu Nov 21 06:21:30 UTC 2019 /home/travis/build/icyphy/ptII/ptolemy/actor/lib/test/auto/Dictionary2.xml
----------------- Instantiating /home/travis/build/icyphy/ptII/ptolemy/actor/lib/test/auto/Dictionary2.xml
2 ms. Memory: 453632K Free: 309420K (68%)
----------------- Invoking toplevel() on ptolemy.moml.MoMLSimpleApplication@38b04cb8
----------------- Done invoking toplevel() on ptolemy.moml.MoMLSimpleApplication@38b04cb8
reloadAllAccessors: .Dictionary2

===========================================================================================
----------------- testing Thu Nov 21 06:21:30 UTC 2019 /home/travis/build/icyphy/ptII/ptolemy/actor/lib/test/auto/Dictionary3.xml
----------------- Instantiating /home/travis/build/icyphy/ptII/ptolemy/actor/lib/test/auto/Dictionary3.xml
2 ms. Memory: 453632K Free: 303786K (67%)
----------------- Invoking toplevel() on ptolemy.moml.MoMLSimpleApplication@d291a1e
----------------- Done invoking toplevel() on ptolemy.moml.MoMLSimpleApplication@d291a1e
reloadAllAccessors: .Dictionary3

===========================================================================================
----------------- testing Thu Nov 21 06:21:30 UTC 2019 /home/travis/build/icyphy/ptII/ptolemy/actor/lib/test/auto/Dictionary4.xml
----------------- Instantiating /home/travis/build/icyphy/ptII/ptolemy/actor/lib/test/auto/Dictionary4.xml
3 ms. Memory: 453632K Free: 297132K (66%)
----------------- Invoking toplevel() on ptolemy.moml.MoMLSimpleApplication@21878faf
----------------- Done invoking toplevel() on ptolemy.moml.MoMLSimpleApplication@21878faf
reloadAllAccessors: .Dictionary4

===========================================================================================
----------------- testing Thu Nov 21 06:21:30 UTC 2019 /home/travis/build/icyphy/ptII/ptolemy/actor/lib/test/auto/Differential.xml
----------------- Instantiating /home/travis/build/icyphy/ptII/ptolemy/actor/lib/test/auto/Differential.xml
1 ms. Memory: 453632K Free: 292522K (64%)
----------------- Invoking toplevel() on ptolemy.moml.MoMLSimpleApplication@5a360c0d
----------------- Done invoking toplevel() on ptolemy.moml.MoMLSimpleApplication@5a360c0d
reloadAllAccessors: .Differential

===========================================================================================
----------------- testing Thu Nov 21 06:21:30 UTC 2019 /home/travis/build/icyphy/ptII/ptolemy/actor/lib/test/auto/Director.xml
----------------- Instantiating /home/travis/build/icyphy/ptII/ptolemy/actor/lib/test/auto/Director.xml
2 ms. Memory: 453632K Free: 288940K (64%)
----------------- Invoking toplevel() on ptolemy.moml.MoMLSimpleApplication@61742fb7
----------------- Done invoking toplevel() on ptolemy.moml.MoMLSimpleApplication@61742fb7
reloadAllAccessors: .Director

===========================================================================================
----------------- testing Thu Nov 21 06:21:30 UTC 2019 /home/travis/build/icyphy/ptII/ptolemy/actor/lib/test/auto/DiscreteClock.xml
----------------- Instantiating /home/travis/build/icyphy/ptII/ptolemy/actor/lib/test/auto/DiscreteClock.xml
1 ms. Memory: 453632K Free: 285354K (63%)
----------------- Invoking toplevel() on ptolemy.moml.MoMLSimpleApplication@64876def
----------------- Done invoking toplevel() on ptolemy.moml.MoMLSimpleApplication@64876def
reloadAllAccessors: .DiscreteClock

===========================================================================================
----------------- testing Thu Nov 21 06:21:30 UTC 2019 /home/travis/build/icyphy/ptII/ptolemy/actor/lib/test/auto/DiscreteClock10.xml
----------------- Instantiating /home/travis/build/icyphy/ptII/ptolemy/actor/lib/test/auto/DiscreteClock10.xml
4 ms. Memory: 453632K Free: 279210K (62%)
----------------- Invoking toplevel() on ptolemy.moml.MoMLSimpleApplication@3c1157e0
----------------- Done invoking toplevel() on ptolemy.moml.MoMLSimpleApplication@3c1157e0
reloadAllAccessors: .DiscreteClock10

===========================================================================================
----------------- testing Thu Nov 21 06:21:30 UTC 2019 /home/travis/build/icyphy/ptII/ptolemy/actor/lib/test/auto/DiscreteClock11.xml
----------------- Instantiating /home/travis/build/icyphy/ptII/ptolemy/actor/lib/test/auto/DiscreteClock11.xml
3 ms. Memory: 453632K Free: 273066K (60%)
----------------- Invoking toplevel() on ptolemy.moml.MoMLSimpleApplication@5bb8d100
----------------- Done invoking toplevel() on ptolemy.moml.MoMLSimpleApplication@5bb8d100
reloadAllAccessors: .DiscreteClock11

===========================================================================================
----------------- testing Thu Nov 21 06:21:30 UTC 2019 /home/travis/build/icyphy/ptII/ptolemy/actor/lib/test/auto/DiscreteClock12.xml
----------------- Instantiating /home/travis/build/icyphy/ptII/ptolemy/actor/lib/test/auto/DiscreteClock12.xml
2 ms. Memory: 453632K Free: 266922K (59%)
----------------- Invoking toplevel() on ptolemy.moml.MoMLSimpleApplication@2ce101c4
----------------- Done invoking toplevel() on ptolemy.moml.MoMLSimpleApplication@2ce101c4
reloadAllAccessors: .DiscreteClock12

===========================================================================================
----------------- testing Thu Nov 21 06:21:30 UTC 2019 /home/travis/build/icyphy/ptII/ptolemy/actor/lib/test/auto/DiscreteClock13.xml
----------------- Instantiating /home/travis/build/icyphy/ptII/ptolemy/actor/lib/test/auto/DiscreteClock13.xml
6 ms. Memory: 453632K Free: 261292K (58%)
----------------- Invoking toplevel() on ptolemy.moml.MoMLSimpleApplication@3bcccbcb
----------------- Done invoking toplevel() on ptolemy.moml.MoMLSimpleApplication@3bcccbcb
reloadAllAccessors: .DiscreteClock13

===========================================================================================
----------------- testing Thu Nov 21 06:21:30 UTC 2019 /home/travis/build/icyphy/ptII/ptolemy/actor/lib/test/auto/DiscreteClock14.xml
----------------- Instantiating /home/travis/build/icyphy/ptII/ptolemy/actor/lib/test/auto/DiscreteClock14.xml
6 ms. Memory: 453632K Free: 255148K (56%)
----------------- Invoking toplevel() on ptolemy.moml.MoMLSimpleApplication@6bd69a2d
----------------- Done invoking toplevel() on ptolemy.moml.MoMLSimpleApplication@6bd69a2d
reloadAllAccessors: .DiscreteClock14

===========================================================================================
----------------- testing Thu Nov 21 06:21:30 UTC 2019 /home/travis/build/icyphy/ptII/ptolemy/actor/lib/test/auto/DiscreteClock15.xml
----------------- Instantiating /home/travis/build/icyphy/ptII/ptolemy/actor/lib/test/auto/DiscreteClock15.xml
5 ms. Memory: 453632K Free: 249004K (55%)
----------------- Invoking toplevel() on ptolemy.moml.MoMLSimpleApplication@5df2db1f
----------------- Done invoking toplevel() on ptolemy.moml.MoMLSimpleApplication@5df2db1f
reloadAllAccessors: .DiscreteClock15

===========================================================================================
----------------- testing Thu Nov 21 06:21:30 UTC 2019 /home/travis/build/icyphy/ptII/ptolemy/actor/lib/test/auto/DiscreteClock16.xml
----------------- Instantiating /home/travis/build/icyphy/ptII/ptolemy/actor/lib/test/auto/DiscreteClock16.xml
19 ms. Memory: 453632K Free: 235692K (52%)
----------------- Invoking toplevel() on ptolemy.moml.MoMLSimpleApplication@25572be1
----------------- Done invoking toplevel() on ptolemy.moml.MoMLSimpleApplication@25572be1
reloadAllAccessors: .DiscreteClock16

===========================================================================================
----------------- testing Thu Nov 21 06:21:30 UTC 2019 /home/travis/build/icyphy/ptII/ptolemy/actor/lib/test/auto/DiscreteClock17.xml
----------------- Instantiating /home/travis/build/icyphy/ptII/ptolemy/actor/lib/test/auto/DiscreteClock17.xml
20 ms. Memory: 453632K Free: 220828K (49%)
----------------- Invoking toplevel() on ptolemy.moml.MoMLSimpleApplication@5ce937f5
----------------- Done invoking toplevel() on ptolemy.moml.MoMLSimpleApplication@5ce937f5
reloadAllAccessors: .DiscreteClock17

===========================================================================================
----------------- testing Thu Nov 21 06:21:30 UTC 2019 /home/travis/build/icyphy/ptII/ptolemy/actor/lib/test/auto/DiscreteClock18.xml
----------------- Instantiating /home/travis/build/icyphy/ptII/ptolemy/actor/lib/test/auto/DiscreteClock18.xml
26 ms. Memory: 453632K Free: 207020K (46%)
----------------- Invoking toplevel() on ptolemy.moml.MoMLSimpleApplication@5589509
----------------- Done invoking toplevel() on ptolemy.moml.MoMLSimpleApplication@5589509
reloadAllAccessors: .DiscreteClock18

===========================================================================================
----------------- testing Thu Nov 21 06:21:30 UTC 2019 /home/travis/build/icyphy/ptII/ptolemy/actor/lib/test/auto/DiscreteClock19.xml
----------------- Instantiating /home/travis/build/icyphy/ptII/ptolemy/actor/lib/test/auto/DiscreteClock19.xml
15 ms. Memory: 453632K Free: 193164K (43%)
----------------- Invoking toplevel() on ptolemy.moml.MoMLSimpleApplication@20e60136
----------------- Done invoking toplevel() on ptolemy.moml.MoMLSimpleApplication@20e60136
reloadAllAccessors: .DiscreteClock19

===========================================================================================
----------------- testing Thu Nov 21 06:21:30 UTC 2019 /home/travis/build/icyphy/ptII/ptolemy/actor/lib/test/auto/DiscreteClock2.xml
----------------- Instantiating /home/travis/build/icyphy/ptII/ptolemy/actor/lib/test/auto/DiscreteClock2.xml
5 ms. Memory: 453632K Free: 188060K (41%)
----------------- Invoking toplevel() on ptolemy.moml.MoMLSimpleApplication@5868c66a
----------------- Done invoking toplevel() on ptolemy.moml.MoMLSimpleApplication@5868c66a
reloadAllAccessors: .DiscreteClock2

===========================================================================================
----------------- testing Thu Nov 21 06:21:30 UTC 2019 /home/travis/build/icyphy/ptII/ptolemy/actor/lib/test/auto/DiscreteClock20.xml
----------------- Instantiating /home/travis/build/icyphy/ptII/ptolemy/actor/lib/test/auto/DiscreteClock20.xml
7 ms. Memory: 453632K Free: 182954K (40%)
----------------- Invoking toplevel() on ptolemy.moml.MoMLSimpleApplication@21042b4f
----------------- Done invoking toplevel() on ptolemy.moml.MoMLSimpleApplication@21042b4f
reloadAllAccessors: .DiscreteClock20

===========================================================================================
----------------- testing Thu Nov 21 06:21:30 UTC 2019 /home/travis/build/icyphy/ptII/ptolemy/actor/lib/test/auto/DiscreteClock21.xml
----------------- Instantiating /home/travis/build/icyphy/ptII/ptolemy/actor/lib/test/auto/DiscreteClock21.xml
6 ms. Memory: 453632K Free: 177324K (39%)
----------------- Invoking toplevel() on ptolemy.moml.MoMLSimpleApplication@36e066f8
----------------- Done invoking toplevel() on ptolemy.moml.MoMLSimpleApplication@36e066f8
reloadAllAccessors: .DiscreteClock21

===========================================================================================
----------------- testing Thu Nov 21 06:21:30 UTC 2019 /home/travis/build/icyphy/ptII/ptolemy/actor/lib/test/auto/DiscreteClock22.xml
----------------- Instantiating /home/travis/build/icyphy/ptII/ptolemy/actor/lib/test/auto/DiscreteClock22.xml
4 ms. Memory: 453632K Free: 171690K (38%)
----------------- Invoking toplevel() on ptolemy.moml.MoMLSimpleApplication@3353d7dd
----------------- Done invoking toplevel() on ptolemy.moml.MoMLSimpleApplication@3353d7dd
reloadAllAccessors: .DiscreteClock22

===========================================================================================
----------------- testing Thu Nov 21 06:21:31 UTC 2019 /home/travis/build/icyphy/ptII/ptolemy/actor/lib/test/auto/DiscreteClock23.xml
----------------- Instantiating /home/travis/build/icyphy/ptII/ptolemy/actor/lib/test/auto/DiscreteClock23.xml
11 ms. Memory: 453632K Free: 166060K (37%)
----------------- Invoking toplevel() on ptolemy.moml.MoMLSimpleApplication@759ae083
----------------- Done invoking toplevel() on ptolemy.moml.MoMLSimpleApplication@759ae083
reloadAllAccessors: .DiscreteClock23

===========================================================================================
----------------- testing Thu Nov 21 06:21:31 UTC 2019 /home/travis/build/icyphy/ptII/ptolemy/actor/lib/test/auto/DiscreteClock24.xml
----------------- Instantiating /home/travis/build/icyphy/ptII/ptolemy/actor/lib/test/auto/DiscreteClock24.xml
4 ms. Memory: 453632K Free: 160940K (35%)
----------------- Invoking toplevel() on ptolemy.moml.MoMLSimpleApplication@729437f5
----------------- Done invoking toplevel() on ptolemy.moml.MoMLSimpleApplication@729437f5
reloadAllAccessors: .DiscreteClock24

===========================================================================================
----------------- testing Thu Nov 21 06:21:31 UTC 2019 /home/travis/build/icyphy/ptII/ptolemy/actor/lib/test/auto/DiscreteClock4.xml
----------------- Instantiating /home/travis/build/icyphy/ptII/ptolemy/actor/lib/test/auto/DiscreteClock4.xml
4 ms. Memory: 453632K Free: 155292K (34%)
----------------- Invoking toplevel() on ptolemy.moml.MoMLSimpleApplication@6241ff0d
----------------- Done invoking toplevel() on ptolemy.moml.MoMLSimpleApplication@6241ff0d
reloadAllAccessors: .DiscreteClock4

===========================================================================================
----------------- testing Thu Nov 21 06:21:31 UTC 2019 /home/travis/build/icyphy/ptII/ptolemy/actor/lib/test/auto/DiscreteClock5.xml
----------------- Instantiating /home/travis/build/icyphy/ptII/ptolemy/actor/lib/test/auto/DiscreteClock5.xml
1 ms. Memory: 453632K Free: 149676K (33%)
----------------- Invoking toplevel() on ptolemy.moml.MoMLSimpleApplication@4d2cfc8
----------------- Done invoking toplevel() on ptolemy.moml.MoMLSimpleApplication@4d2cfc8
reloadAllAccessors: .DiscreteClock5

===========================================================================================
----------------- testing Thu Nov 21 06:21:31 UTC 2019 /home/travis/build/icyphy/ptII/ptolemy/actor/lib/test/auto/DiscreteClock6.xml
----------------- Instantiating /home/travis/build/icyphy/ptII/ptolemy/actor/lib/test/auto/DiscreteClock6.xml
1 ms. Memory: 453632K Free: 145066K (32%)
----------------- Invoking toplevel() on ptolemy.moml.MoMLSimpleApplication@63b9ce84
----------------- Done invoking toplevel() on ptolemy.moml.MoMLSimpleApplication@63b9ce84
reloadAllAccessors: .DiscreteClock6

===========================================================================================
----------------- testing Thu Nov 21 06:21:31 UTC 2019 /home/travis/build/icyphy/ptII/ptolemy/actor/lib/test/auto/DiscreteClock7.xml
----------------- Instantiating /home/travis/build/icyphy/ptII/ptolemy/actor/lib/test/auto/DiscreteClock7.xml
1 ms. Memory: 453632K Free: 140970K (31%)
----------------- Invoking toplevel() on ptolemy.moml.MoMLSimpleApplication@27926895
----------------- Done invoking toplevel() on ptolemy.moml.MoMLSimpleApplication@27926895
reloadAllAccessors: .DiscreteClock7

===========================================================================================
----------------- testing Thu Nov 21 06:21:31 UTC 2019 /home/travis/build/icyphy/ptII/ptolemy/actor/lib/test/auto/DiscreteClock8.xml
----------------- Instantiating /home/travis/build/icyphy/ptII/ptolemy/actor/lib/test/auto/DiscreteClock8.xml
6 ms. Memory: 453632K Free: 403175K (89%)
----------------- Invoking toplevel() on ptolemy.moml.MoMLSimpleApplication@53f079db
----------------- Done invoking toplevel() on ptolemy.moml.MoMLSimpleApplication@53f079db
reloadAllAccessors: .DiscreteClock8

===========================================================================================
----------------- testing Thu Nov 21 06:21:31 UTC 2019 /home/travis/build/icyphy/ptII/ptolemy/actor/lib/test/auto/DiscreteClock9.xml
----------------- Instantiating /home/travis/build/icyphy/ptII/ptolemy/actor/lib/test/auto/DiscreteClock9.xml
5 ms. Memory: 453632K Free: 397527K (88%)
----------------- Invoking toplevel() on ptolemy.moml.MoMLSimpleApplication@1b74a405
----------------- Done invoking toplevel() on ptolemy.moml.MoMLSimpleApplication@1b74a405
reloadAllAccessors: .DiscreteClock9

===========================================================================================
----------------- testing Thu Nov 21 06:21:31 UTC 2019 /home/travis/build/icyphy/ptII/ptolemy/actor/lib/test/auto/DisplayArray.xml
----------------- Instantiating /home/travis/build/icyphy/ptII/ptolemy/actor/lib/test/auto/DisplayArray.xml
4 ms. Memory: 453632K Free: 393959K (87%)
----------------- Invoking toplevel() on ptolemy.moml.MoMLSimpleApplication@7ef4e288
----------------- Done invoking toplevel() on ptolemy.moml.MoMLSimpleApplication@7ef4e288
reloadAllAccessors: .DisplayArray

===========================================================================================
----------------- testing Thu Nov 21 06:21:31 UTC 2019 /home/travis/build/icyphy/ptII/ptolemy/actor/lib/test/auto/Distributor.xml
----------------- Instantiating /home/travis/build/icyphy/ptII/ptolemy/actor/lib/test/auto/Distributor.xml
2 ms. Memory: 453632K Free: 389349K (86%)
----------------- Invoking toplevel() on ptolemy.moml.MoMLSimpleApplication@7b3a1e4d
----------------- Done invoking toplevel() on ptolemy.moml.MoMLSimpleApplication@7b3a1e4d
reloadAllAccessors: .Distributor

===========================================================================================
----------------- testing Thu Nov 21 06:21:31 UTC 2019 /home/travis/build/icyphy/ptII/ptolemy/actor/lib/test/auto/Distributor2.xml
----------------- Instantiating /home/travis/build/icyphy/ptII/ptolemy/actor/lib/test/auto/Distributor2.xml
1 ms. Memory: 453632K Free: 384743K (85%)
----------------- Invoking toplevel() on ptolemy.moml.MoMLSimpleApplication@d898436
----------------- Done invoking toplevel() on ptolemy.moml.MoMLSimpleApplication@d898436
reloadAllAccessors: .Distributor2

===========================================================================================
----------------- testing Thu Nov 21 06:21:31 UTC 2019 /home/travis/build/icyphy/ptII/ptolemy/actor/lib/test/auto/DownSample.xml
----------------- Instantiating /home/travis/build/icyphy/ptII/ptolemy/actor/lib/test/auto/DownSample.xml
1 ms. Memory: 453632K Free: 380647K (84%)
----------------- Invoking toplevel() on ptolemy.moml.MoMLSimpleApplication@4267f93a
----------------- Done invoking toplevel() on ptolemy.moml.MoMLSimpleApplication@4267f93a
reloadAllAccessors: .DownSample

===========================================================================================
----------------- testing Thu Nov 21 06:21:31 UTC 2019 /home/travis/build/icyphy/ptII/ptolemy/actor/lib/test/auto/ElectronicUnitBase1.xml
----------------- Instantiating /home/travis/build/icyphy/ptII/ptolemy/actor/lib/test/auto/ElectronicUnitBase1.xml
17 ms. Memory: 453632K Free: 364773K (80%)
----------------- Invoking toplevel() on ptolemy.moml.MoMLSimpleApplication@2f4c94f0
----------------- Done invoking toplevel() on ptolemy.moml.MoMLSimpleApplication@2f4c94f0
reloadAllAccessors: .ElectronicUnitBase1

===========================================================================================
----------------- testing Thu Nov 21 06:21:31 UTC 2019 /home/travis/build/icyphy/ptII/ptolemy/actor/lib/test/auto/ElementsToArray.xml
----------------- Instantiating /home/travis/build/icyphy/ptII/ptolemy/actor/lib/test/auto/ElementsToArray.xml
2 ms. Memory: 453632K Free: 359653K (79%)
----------------- Invoking toplevel() on ptolemy.moml.MoMLSimpleApplication@4c8bc70c
----------------- Done invoking toplevel() on ptolemy.moml.MoMLSimpleApplication@4c8bc70c
reloadAllAccessors: .ElementsToArray

===========================================================================================
----------------- testing Thu Nov 21 06:21:31 UTC 2019 /home/travis/build/icyphy/ptII/ptolemy/actor/lib/test/auto/Equals.xml
----------------- Instantiating /home/travis/build/icyphy/ptII/ptolemy/actor/lib/test/auto/Equals.xml
1 ms. Memory: 453632K Free: 355047K (78%)
----------------- Invoking toplevel() on ptolemy.moml.MoMLSimpleApplication@5fc255f6
----------------- Done invoking toplevel() on ptolemy.moml.MoMLSimpleApplication@5fc255f6
reloadAllAccessors: .Equals

===========================================================================================
----------------- testing Thu Nov 21 06:21:31 UTC 2019 /home/travis/build/icyphy/ptII/ptolemy/actor/lib/test/auto/Exec.xml
----------------- Instantiating /home/travis/build/icyphy/ptII/ptolemy/actor/lib/test/auto/Exec.xml
23 ms. Memory: 453632K Free: 349413K (77%)
----------------- Invoking toplevel() on ptolemy.moml.MoMLSimpleApplication@232d994a
----------------- Done invoking toplevel() on ptolemy.moml.MoMLSimpleApplication@232d994a
reloadAllAccessors: .Exec

===========================================================================================
----------------- testing Thu Nov 21 06:21:31 UTC 2019 /home/travis/build/icyphy/ptII/ptolemy/actor/lib/test/auto/ExecEnvironment.xml
----------------- Instantiating /home/travis/build/icyphy/ptII/ptolemy/actor/lib/test/auto/ExecEnvironment.xml
28 ms. Memory: 453632K Free: 344293K (76%)
----------------- Invoking toplevel() on ptolemy.moml.MoMLSimpleApplication@2fb9f59b
----------------- Done invoking toplevel() on ptolemy.moml.MoMLSimpleApplication@2fb9f59b
reloadAllAccessors: .ExecEnvironment

===========================================================================================
----------------- testing Thu Nov 21 06:21:31 UTC 2019 /home/travis/build/icyphy/ptII/ptolemy/actor/lib/test/auto/ExecNonZeroReturnOutput.xml
----------------- Instantiating /home/travis/build/icyphy/ptII/ptolemy/actor/lib/test/auto/ExecNonZeroReturnOutput.xml
214 ms. Memory: 453632K Free: 332519K (73%)
----------------- Invoking toplevel() on ptolemy.moml.MoMLSimpleApplication@4c79f653
----------------- Done invoking toplevel() on ptolemy.moml.MoMLSimpleApplication@4c79f653
reloadAllAccessors: .ExecNonZeroReturnOutput

===========================================================================================
----------------- testing Thu Nov 21 06:21:31 UTC 2019 /home/travis/build/icyphy/ptII/ptolemy/actor/lib/test/auto/ExecRunDemos.xml
----------------- Instantiating /home/travis/build/icyphy/ptII/ptolemy/actor/lib/test/auto/ExecRunDemos.xml
Finished: 86 ms. Memory: 120832K Free: 111407K (92%)

Finished: 70 ms. Memory: 120832K Free: 109749K (91%)

Finished: 92 ms. Memory: 120832K Free: 110810K (92%)

Finished: 74 ms. Memory: 120832K Free: 103205K (85%)

Finished: 63 ms. Memory: 120832K Free: 104023K (86%)

11179 ms. Memory: 453632K Free: 311525K (69%)
----------------- Invoking toplevel() on ptolemy.moml.MoMLSimpleApplication@5237b0a7
----------------- Done invoking toplevel() on ptolemy.moml.MoMLSimpleApplication@5237b0a7
reloadAllAccessors: .ExecRunDemos

===========================================================================================
----------------- testing Thu Nov 21 06:21:42 UTC 2019 /home/travis/build/icyphy/ptII/ptolemy/actor/lib/test/auto/ExecStop.xml
----------------- Instantiating /home/travis/build/icyphy/ptII/ptolemy/actor/lib/test/auto/ExecStop.xml
5027 ms. Memory: 453632K Free: 195813K (43%)
----------------- Invoking toplevel() on ptolemy.moml.MoMLSimpleApplication@73b65cdc
----------------- Done invoking toplevel() on ptolemy.moml.MoMLSimpleApplication@73b65cdc
reloadAllAccessors: .ExecStop

===========================================================================================
----------------- testing Thu Nov 21 06:21:47 UTC 2019 /home/travis/build/icyphy/ptII/ptolemy/actor/lib/test/auto/ExecutionTimeSDF.xml
----------------- Instantiating /home/travis/build/icyphy/ptII/ptolemy/actor/lib/test/auto/ExecutionTimeSDF.xml
Fired ExecutionTime: 2136000000
Fired ExecutionTime: 1021200000
Fired ExecutionTime: 1081600000
6006 ms. Memory: 453632K Free: 183511K (40%)
----------------- Invoking toplevel() on ptolemy.moml.MoMLSimpleApplication@3f05e9ed
----------------- Done invoking toplevel() on ptolemy.moml.MoMLSimpleApplication@3f05e9ed
reloadAllAccessors: .ExecutionTimeSDF

===========================================================================================
----------------- testing Thu Nov 21 06:21:54 UTC 2019 /home/travis/build/icyphy/ptII/ptolemy/actor/lib/test/auto/Expression1.xml
----------------- Instantiating /home/travis/build/icyphy/ptII/ptolemy/actor/lib/test/auto/Expression1.xml
2 ms. Memory: 453632K Free: 180453K (40%)
----------------- Invoking toplevel() on ptolemy.moml.MoMLSimpleApplication@4dad8a70
----------------- Done invoking toplevel() on ptolemy.moml.MoMLSimpleApplication@4dad8a70
reloadAllAccessors: .Expression1

===========================================================================================
----------------- testing Thu Nov 21 06:21:54 UTC 2019 /home/travis/build/icyphy/ptII/ptolemy/actor/lib/test/auto/Expression10.xml
----------------- Instantiating /home/travis/build/icyphy/ptII/ptolemy/actor/lib/test/auto/Expression10.xml
7 ms. Memory: 453632K Free: 174823K (39%)
----------------- Invoking toplevel() on ptolemy.moml.MoMLSimpleApplication@e4f6ff9
----------------- Done invoking toplevel() on ptolemy.moml.MoMLSimpleApplication@e4f6ff9
reloadAllAccessors: .Expression10

===========================================================================================
----------------- testing Thu Nov 21 06:21:54 UTC 2019 /home/travis/build/icyphy/ptII/ptolemy/actor/lib/test/auto/Expression11.xml
----------------- Instantiating /home/travis/build/icyphy/ptII/ptolemy/actor/lib/test/auto/Expression11.xml
2 ms. Memory: 453632K Free: 170213K (38%)
----------------- Invoking toplevel() on ptolemy.moml.MoMLSimpleApplication@4b190ae9
----------------- Done invoking toplevel() on ptolemy.moml.MoMLSimpleApplication@4b190ae9
reloadAllAccessors: .Expression11

===========================================================================================
----------------- testing Thu Nov 21 06:21:54 UTC 2019 /home/travis/build/icyphy/ptII/ptolemy/actor/lib/test/auto/Expression12.xml
----------------- Instantiating /home/travis/build/icyphy/ptII/ptolemy/actor/lib/test/auto/Expression12.xml
6 ms. Memory: 453632K Free: 164583K (36%)
----------------- Invoking toplevel() on ptolemy.moml.MoMLSimpleApplication@3a1e09e2
----------------- Done invoking toplevel() on ptolemy.moml.MoMLSimpleApplication@3a1e09e2
reloadAllAccessors: .Expression12

===========================================================================================
----------------- testing Thu Nov 21 06:21:54 UTC 2019 /home/travis/build/icyphy/ptII/ptolemy/actor/lib/test/auto/Expression13.xml
----------------- Instantiating /home/travis/build/icyphy/ptII/ptolemy/actor/lib/test/auto/Expression13.xml
4 ms. Memory: 453632K Free: 159463K (35%)
----------------- Invoking toplevel() on ptolemy.moml.MoMLSimpleApplication@448b14e3
----------------- Done invoking toplevel() on ptolemy.moml.MoMLSimpleApplication@448b14e3
reloadAllAccessors: .Expression13

===========================================================================================
----------------- testing Thu Nov 21 06:21:54 UTC 2019 /home/travis/build/icyphy/ptII/ptolemy/actor/lib/test/auto/Expression14.xml
----------------- Instantiating /home/travis/build/icyphy/ptII/ptolemy/actor/lib/test/auto/Expression14.xml
4 ms. Memory: 453632K Free: 153829K (34%)
----------------- Invoking toplevel() on ptolemy.moml.MoMLSimpleApplication@17b56c1d
----------------- Done invoking toplevel() on ptolemy.moml.MoMLSimpleApplication@17b56c1d
reloadAllAccessors: .Expression14

===========================================================================================
----------------- testing Thu Nov 21 06:21:54 UTC 2019 /home/travis/build/icyphy/ptII/ptolemy/actor/lib/test/auto/Expression15.xml
----------------- Instantiating /home/travis/build/icyphy/ptII/ptolemy/actor/lib/test/auto/Expression15.xml
2 ms. Memory: 453632K Free: 150247K (33%)
----------------- Invoking toplevel() on ptolemy.moml.MoMLSimpleApplication@22802cb7
----------------- Done invoking toplevel() on ptolemy.moml.MoMLSimpleApplication@22802cb7
reloadAllAccessors: .Expression15

===========================================================================================
----------------- testing Thu Nov 21 06:21:54 UTC 2019 /home/travis/build/icyphy/ptII/ptolemy/actor/lib/test/auto/Expression16.xml
----------------- Instantiating /home/travis/build/icyphy/ptII/ptolemy/actor/lib/test/auto/Expression16.xml
6 ms. Memory: 453632K Free: 145127K (32%)
----------------- Invoking toplevel() on ptolemy.moml.MoMLSimpleApplication@43a7f5c3
----------------- Done invoking toplevel() on ptolemy.moml.MoMLSimpleApplication@43a7f5c3
reloadAllAccessors: .Expression16

===========================================================================================
----------------- testing Thu Nov 21 06:21:54 UTC 2019 /home/travis/build/icyphy/ptII/ptolemy/actor/lib/test/auto/Expression17.xml
----------------- Instantiating /home/travis/build/icyphy/ptII/ptolemy/actor/lib/test/auto/Expression17.xml
4 ms. Memory: 453632K Free: 140007K (31%)
----------------- Invoking toplevel() on ptolemy.moml.MoMLSimpleApplication@4dfc3805
----------------- Done invoking toplevel() on ptolemy.moml.MoMLSimpleApplication@4dfc3805
reloadAllAccessors: .Expression17

===========================================================================================
----------------- testing Thu Nov 21 06:21:54 UTC 2019 /home/travis/build/icyphy/ptII/ptolemy/actor/lib/test/auto/Expression18.xml
----------------- Instantiating /home/travis/build/icyphy/ptII/ptolemy/actor/lib/test/auto/Expression18.xml
3 ms. Memory: 453632K Free: 403534K (89%)
----------------- Invoking toplevel() on ptolemy.moml.MoMLSimpleApplication@6d7a7d20
----------------- Done invoking toplevel() on ptolemy.moml.MoMLSimpleApplication@6d7a7d20
reloadAllAccessors: .Expression18

===========================================================================================
----------------- testing Thu Nov 21 06:21:54 UTC 2019 /home/travis/build/icyphy/ptII/ptolemy/actor/lib/test/auto/Expression2.xml
----------------- Instantiating /home/travis/build/icyphy/ptII/ptolemy/actor/lib/test/auto/Expression2.xml
3 ms. Memory: 453632K Free: 398414K (88%)
----------------- Invoking toplevel() on ptolemy.moml.MoMLSimpleApplication@5ae539ab
----------------- Done invoking toplevel() on ptolemy.moml.MoMLSimpleApplication@5ae539ab
reloadAllAccessors: .Expression2

===========================================================================================
----------------- testing Thu Nov 21 06:21:54 UTC 2019 /home/travis/build/icyphy/ptII/ptolemy/actor/lib/test/auto/Expression3.xml
----------------- Instantiating /home/travis/build/icyphy/ptII/ptolemy/actor/lib/test/auto/Expression3.xml
7 ms. Memory: 453632K Free: 393294K (87%)
----------------- Invoking toplevel() on ptolemy.moml.MoMLSimpleApplication@1bc8d4c8
----------------- Done invoking toplevel() on ptolemy.moml.MoMLSimpleApplication@1bc8d4c8
reloadAllAccessors: .Expression3

===========================================================================================
----------------- testing Thu Nov 21 06:21:54 UTC 2019 /home/travis/build/icyphy/ptII/ptolemy/actor/lib/test/auto/Expression4.xml
----------------- Instantiating /home/travis/build/icyphy/ptII/ptolemy/actor/lib/test/auto/Expression4.xml
6 ms. Memory: 453632K Free: 385616K (85%)
----------------- Invoking toplevel() on ptolemy.moml.MoMLSimpleApplication@7c7fa1f0
----------------- Done invoking toplevel() on ptolemy.moml.MoMLSimpleApplication@7c7fa1f0
reloadAllAccessors: .Expression4

===========================================================================================
----------------- testing Thu Nov 21 06:21:54 UTC 2019 /home/travis/build/icyphy/ptII/ptolemy/actor/lib/test/auto/Expression5.xml
----------------- Instantiating /home/travis/build/icyphy/ptII/ptolemy/actor/lib/test/auto/Expression5.xml
6 ms. Memory: 453632K Free: 380496K (84%)
----------------- Invoking toplevel() on ptolemy.moml.MoMLSimpleApplication@5c0ab884
----------------- Done invoking toplevel() on ptolemy.moml.MoMLSimpleApplication@5c0ab884
reloadAllAccessors: .Expression5

===========================================================================================
----------------- testing Thu Nov 21 06:21:54 UTC 2019 /home/travis/build/icyphy/ptII/ptolemy/actor/lib/test/auto/Expression6.xml
----------------- Instantiating /home/travis/build/icyphy/ptII/ptolemy/actor/lib/test/auto/Expression6.xml
2 ms. Memory: 453632K Free: 375886K (83%)
----------------- Invoking toplevel() on ptolemy.moml.MoMLSimpleApplication@5425d4dc
----------------- Done invoking toplevel() on ptolemy.moml.MoMLSimpleApplication@5425d4dc
reloadAllAccessors: .Expression6

===========================================================================================
----------------- testing Thu Nov 21 06:21:54 UTC 2019 /home/travis/build/icyphy/ptII/ptolemy/actor/lib/test/auto/Expression7.xml
----------------- Instantiating /home/travis/build/icyphy/ptII/ptolemy/actor/lib/test/auto/Expression7.xml
3 ms. Memory: 453632K Free: 371280K (82%)
----------------- Invoking toplevel() on ptolemy.moml.MoMLSimpleApplication@7d67c342
----------------- Done invoking toplevel() on ptolemy.moml.MoMLSimpleApplication@7d67c342
reloadAllAccessors: .Expression7

===========================================================================================
----------------- testing Thu Nov 21 06:21:54 UTC 2019 /home/travis/build/icyphy/ptII/ptolemy/actor/lib/test/auto/Expression8.xml
----------------- Instantiating /home/travis/build/icyphy/ptII/ptolemy/actor/lib/test/auto/Expression8.xml
9 ms. Memory: 453632K Free: 366160K (81%)
----------------- Invoking toplevel() on ptolemy.moml.MoMLSimpleApplication@28934a73
----------------- Done invoking toplevel() on ptolemy.moml.MoMLSimpleApplication@28934a73
reloadAllAccessors: .Expression8

===========================================================================================
----------------- testing Thu Nov 21 06:21:54 UTC 2019 /home/travis/build/icyphy/ptII/ptolemy/actor/lib/test/auto/Expression9.xml
----------------- Instantiating /home/travis/build/icyphy/ptII/ptolemy/actor/lib/test/auto/Expression9.xml
2 ms. Memory: 453632K Free: 362064K (80%)
----------------- Invoking toplevel() on ptolemy.moml.MoMLSimpleApplication@258adbb3
----------------- Done invoking toplevel() on ptolemy.moml.MoMLSimpleApplication@258adbb3
reloadAllAccessors: .Expression9

===========================================================================================
----------------- testing Thu Nov 21 06:21:54 UTC 2019 /home/travis/build/icyphy/ptII/ptolemy/actor/lib/test/auto/ExpressionConcatenateArrayType.xml
----------------- Instantiating /home/travis/build/icyphy/ptII/ptolemy/actor/lib/test/auto/ExpressionConcatenateArrayType.xml
3 ms. Memory: 453632K Free: 355406K (78%)
----------------- Invoking toplevel() on ptolemy.moml.MoMLSimpleApplication@125ce72d
----------------- Done invoking toplevel() on ptolemy.moml.MoMLSimpleApplication@125ce72d
reloadAllAccessors: .ExpressionConcatenateArrayType

===========================================================================================
----------------- testing Thu Nov 21 06:21:54 UTC 2019 /home/travis/build/icyphy/ptII/ptolemy/actor/lib/test/auto/ExpressionConcatenateArrayType2.xml
----------------- Instantiating /home/travis/build/icyphy/ptII/ptolemy/actor/lib/test/auto/ExpressionConcatenateArrayType2.xml
3 ms. Memory: 453632K Free: 349262K (77%)
----------------- Invoking toplevel() on ptolemy.moml.MoMLSimpleApplication@50a20f10
----------------- Done invoking toplevel() on ptolemy.moml.MoMLSimpleApplication@50a20f10
reloadAllAccessors: .ExpressionConcatenateArrayType2

===========================================================================================
----------------- testing Thu Nov 21 06:21:54 UTC 2019 /home/travis/build/icyphy/ptII/ptolemy/actor/lib/test/auto/ExpressionFix.xml
----------------- Instantiating /home/travis/build/icyphy/ptII/ptolemy/actor/lib/test/auto/ExpressionFix.xml
27 ms. Memory: 453632K Free: 343118K (76%)
----------------- Invoking toplevel() on ptolemy.moml.MoMLSimpleApplication@54c3882f
----------------- Done invoking toplevel() on ptolemy.moml.MoMLSimpleApplication@54c3882f
reloadAllAccessors: .ExpressionFix

===========================================================================================
----------------- testing Thu Nov 21 06:21:54 UTC 2019 /home/travis/build/icyphy/ptII/ptolemy/actor/lib/test/auto/ExpressionFix2.xml
----------------- Instantiating /home/travis/build/icyphy/ptII/ptolemy/actor/lib/test/auto/ExpressionFix2.xml
5 ms. Memory: 453632K Free: 339022K (75%)
----------------- Invoking toplevel() on ptolemy.moml.MoMLSimpleApplication@b9d3abc
----------------- Done invoking toplevel() on ptolemy.moml.MoMLSimpleApplication@b9d3abc
reloadAllAccessors: .ExpressionFix2

===========================================================================================
----------------- testing Thu Nov 21 06:21:54 UTC 2019 /home/travis/build/icyphy/ptII/ptolemy/actor/lib/test/auto/ExpressionFix3.xml
----------------- Instantiating /home/travis/build/icyphy/ptII/ptolemy/actor/lib/test/auto/ExpressionFix3.xml
3 ms. Memory: 453632K Free: 334416K (74%)
----------------- Invoking toplevel() on ptolemy.moml.MoMLSimpleApplication@40d5689d
----------------- Done invoking toplevel() on ptolemy.moml.MoMLSimpleApplication@40d5689d
reloadAllAccessors: .ExpressionFix3

===========================================================================================
----------------- testing Thu Nov 21 06:21:54 UTC 2019 /home/travis/build/icyphy/ptII/ptolemy/actor/lib/test/auto/FileWriter1.xml
----------------- Instantiating /home/travis/build/icyphy/ptII/ptolemy/actor/lib/test/auto/FileWriter1.xml
2 ms. Memory: 453632K Free: 330320K (73%)
----------------- Invoking toplevel() on ptolemy.moml.MoMLSimpleApplication@5411291f
----------------- Done invoking toplevel() on ptolemy.moml.MoMLSimpleApplication@5411291f
reloadAllAccessors: .FileWriter1

===========================================================================================
----------------- testing Thu Nov 21 06:21:54 UTC 2019 /home/travis/build/icyphy/ptII/ptolemy/actor/lib/test/auto/FileWriter2.xml
----------------- Instantiating /home/travis/build/icyphy/ptII/ptolemy/actor/lib/test/auto/FileWriter2.xml
6 ms. Memory: 453632K Free: 325710K (72%)
----------------- Invoking toplevel() on ptolemy.moml.MoMLSimpleApplication@64cdd459
----------------- Done invoking toplevel() on ptolemy.moml.MoMLSimpleApplication@64cdd459
reloadAllAccessors: .FileWriter2

===========================================================================================
----------------- testing Thu Nov 21 06:21:54 UTC 2019 /home/travis/build/icyphy/ptII/ptolemy/actor/lib/test/auto/FileWriter3.xml
----------------- Instantiating /home/travis/build/icyphy/ptII/ptolemy/actor/lib/test/auto/FileWriter3.xml
4 ms. Memory: 453632K Free: 321614K (71%)
----------------- Invoking toplevel() on ptolemy.moml.MoMLSimpleApplication@55748e24
----------------- Done invoking toplevel() on ptolemy.moml.MoMLSimpleApplication@55748e24
reloadAllAccessors: .FileWriter3

===========================================================================================
----------------- testing Thu Nov 21 06:21:54 UTC 2019 /home/travis/build/icyphy/ptII/ptolemy/actor/lib/test/auto/Gaussian.xml
----------------- Instantiating /home/travis/build/icyphy/ptII/ptolemy/actor/lib/test/auto/Gaussian.xml
5 ms. Memory: 453632K Free: 317518K (70%)
----------------- Invoking toplevel() on ptolemy.moml.MoMLSimpleApplication@761c936
----------------- Done invoking toplevel() on ptolemy.moml.MoMLSimpleApplication@761c936
reloadAllAccessors: .Gaussian

===========================================================================================
----------------- testing Thu Nov 21 06:21:54 UTC 2019 /home/travis/build/icyphy/ptII/ptolemy/actor/lib/test/auto/Gaussian1.xml
----------------- Instantiating /home/travis/build/icyphy/ptII/ptolemy/actor/lib/test/auto/Gaussian1.xml
12 ms. Memory: 453632K Free: 311888K (69%)
----------------- Invoking toplevel() on ptolemy.moml.MoMLSimpleApplication@78214841
----------------- Done invoking toplevel() on ptolemy.moml.MoMLSimpleApplication@78214841
reloadAllAccessors: .Gaussian1

===========================================================================================
----------------- testing Thu Nov 21 06:21:54 UTC 2019 /home/travis/build/icyphy/ptII/ptolemy/actor/lib/test/auto/Gaussian2.xml
----------------- Instantiating /home/travis/build/icyphy/ptII/ptolemy/actor/lib/test/auto/Gaussian2.xml
2 ms. Memory: 453632K Free: 306240K (68%)
----------------- Invoking toplevel() on ptolemy.moml.MoMLSimpleApplication@446701c
----------------- Done invoking toplevel() on ptolemy.moml.MoMLSimpleApplication@446701c
reloadAllAccessors: .Gaussian2

===========================================================================================
----------------- testing Thu Nov 21 06:21:54 UTC 2019 /home/travis/build/icyphy/ptII/ptolemy/actor/lib/test/auto/GradientAdaptiveLattice.xml
----------------- Instantiating /home/travis/build/icyphy/ptII/ptolemy/actor/lib/test/auto/GradientAdaptiveLattice.xml
4 ms. Memory: 453632K Free: 301134K (66%)
----------------- Invoking toplevel() on ptolemy.moml.MoMLSimpleApplication@24eaed73
----------------- Done invoking toplevel() on ptolemy.moml.MoMLSimpleApplication@24eaed73
reloadAllAccessors: .GradientAdaptiveLattice

===========================================================================================
----------------- testing Thu Nov 21 06:21:54 UTC 2019 /home/travis/build/icyphy/ptII/ptolemy/actor/lib/test/auto/IIR.xml
----------------- Instantiating /home/travis/build/icyphy/ptII/ptolemy/actor/lib/test/auto/IIR.xml
1 ms. Memory: 453632K Free: 296528K (65%)
----------------- Invoking toplevel() on ptolemy.moml.MoMLSimpleApplication@2fee0471
----------------- Done invoking toplevel() on ptolemy.moml.MoMLSimpleApplication@2fee0471
reloadAllAccessors: .IIR

===========================================================================================
----------------- testing Thu Nov 21 06:21:54 UTC 2019 /home/travis/build/icyphy/ptII/ptolemy/actor/lib/test/auto/InputOutputTransparentPorts.xml
----------------- Instantiating /home/travis/build/icyphy/ptII/ptolemy/actor/lib/test/auto/InputOutputTransparentPorts.xml
1 ms. Memory: 453632K Free: 288846K (64%)
----------------- Invoking toplevel() on ptolemy.moml.MoMLSimpleApplication@2da9ab14
----------------- Done invoking toplevel() on ptolemy.moml.MoMLSimpleApplication@2da9ab14
reloadAllAccessors: .InputOutputTransparentPorts

===========================================================================================
----------------- testing Thu Nov 21 06:21:54 UTC 2019 /home/travis/build/icyphy/ptII/ptolemy/actor/lib/test/auto/Interpolator.xml
----------------- Instantiating /home/travis/build/icyphy/ptII/ptolemy/actor/lib/test/auto/Interpolator.xml
4 ms. Memory: 453632K Free: 284750K (63%)
----------------- Invoking toplevel() on ptolemy.moml.MoMLSimpleApplication@52cf60c2
----------------- Done invoking toplevel() on ptolemy.moml.MoMLSimpleApplication@52cf60c2
reloadAllAccessors: .Interpolator

===========================================================================================
----------------- testing Thu Nov 21 06:21:54 UTC 2019 /home/travis/build/icyphy/ptII/ptolemy/actor/lib/test/auto/InterpolatorFiringLimitDE.xml
----------------- Instantiating /home/travis/build/icyphy/ptII/ptolemy/actor/lib/test/auto/InterpolatorFiringLimitDE.xml
2 ms. Memory: 453632K Free: 279120K (62%)
----------------- Invoking toplevel() on ptolemy.moml.MoMLSimpleApplication@4c026498
----------------- Done invoking toplevel() on ptolemy.moml.MoMLSimpleApplication@4c026498
reloadAllAccessors: .InterpolatorFiringLimitDE

===========================================================================================
----------------- testing Thu Nov 21 06:21:54 UTC 2019 /home/travis/build/icyphy/ptII/ptolemy/actor/lib/test/auto/Lattice.xml
----------------- Instantiating /home/travis/build/icyphy/ptII/ptolemy/actor/lib/test/auto/Lattice.xml
1 ms. Memory: 453632K Free: 275024K (61%)
----------------- Invoking toplevel() on ptolemy.moml.MoMLSimpleApplication@2c076832
----------------- Done invoking toplevel() on ptolemy.moml.MoMLSimpleApplication@2c076832
reloadAllAccessors: .Lattice

===========================================================================================
----------------- testing Thu Nov 21 06:21:54 UTC 2019 /home/travis/build/icyphy/ptII/ptolemy/actor/lib/test/auto/LazyAOCTestLazy.xml
----------------- Instantiating /home/travis/build/icyphy/ptII/ptolemy/actor/lib/test/auto/LazyAOCTestLazy.xml
9 ms. Memory: 453632K Free: 268880K (59%)
----------------- Invoking toplevel() on ptolemy.moml.MoMLSimpleApplication@3224991e
----------------- Done invoking toplevel() on ptolemy.moml.MoMLSimpleApplication@3224991e
reloadAllAccessors: .LazyAOCTestLazy

===========================================================================================
----------------- testing Thu Nov 21 06:21:54 UTC 2019 /home/travis/build/icyphy/ptII/ptolemy/actor/lib/test/auto/LazyAOCTestNonLazy.xml
----------------- Instantiating /home/travis/build/icyphy/ptII/ptolemy/actor/lib/test/auto/LazyAOCTestNonLazy.xml
2 ms. Memory: 453632K Free: 262222K (58%)
----------------- Invoking toplevel() on ptolemy.moml.MoMLSimpleApplication@b083c81
----------------- Done invoking toplevel() on ptolemy.moml.MoMLSimpleApplication@b083c81
reloadAllAccessors: .LazyAOCTestNonLazy

===========================================================================================
----------------- testing Thu Nov 21 06:21:54 UTC 2019 /home/travis/build/icyphy/ptII/ptolemy/actor/lib/test/auto/LazyInnerClass.xml
----------------- Instantiating /home/travis/build/icyphy/ptII/ptolemy/actor/lib/test/auto/LazyInnerClass.xml
24 ms. Memory: 453632K Free: 253520K (56%)
----------------- Invoking toplevel() on ptolemy.moml.MoMLSimpleApplication@723225df
----------------- Done invoking toplevel() on ptolemy.moml.MoMLSimpleApplication@723225df
reloadAllAccessors: .LazyInnerClass

===========================================================================================
----------------- testing Thu Nov 21 06:21:54 UTC 2019 /home/travis/build/icyphy/ptII/ptolemy/actor/lib/test/auto/LazyPubSub.xml
----------------- Instantiating /home/travis/build/icyphy/ptII/ptolemy/actor/lib/test/auto/LazyPubSub.xml
12 ms. Memory: 453632K Free: 242766K (54%)
----------------- Invoking toplevel() on ptolemy.moml.MoMLSimpleApplication@d31e311
----------------- Done invoking toplevel() on ptolemy.moml.MoMLSimpleApplication@d31e311
reloadAllAccessors: .LazyPubSub

===========================================================================================
----------------- testing Thu Nov 21 06:21:55 UTC 2019 /home/travis/build/icyphy/ptII/ptolemy/actor/lib/test/auto/LazyPubSub2.xml
----------------- Instantiating /home/travis/build/icyphy/ptII/ptolemy/actor/lib/test/auto/LazyPubSub2.xml
16 ms. Memory: 453632K Free: 233040K (51%)
----------------- Invoking toplevel() on ptolemy.moml.MoMLSimpleApplication@581b3e7c
----------------- Done invoking toplevel() on ptolemy.moml.MoMLSimpleApplication@581b3e7c
reloadAllAccessors: .LazyPubSub2

===========================================================================================
----------------- testing Thu Nov 21 06:21:55 UTC 2019 /home/travis/build/icyphy/ptII/ptolemy/actor/lib/test/auto/LazyPubSub3.xml
----------------- Instantiating /home/travis/build/icyphy/ptII/ptolemy/actor/lib/test/auto/LazyPubSub3.xml
11 ms. Memory: 453632K Free: 222286K (49%)
----------------- Invoking toplevel() on ptolemy.moml.MoMLSimpleApplication@7c25177b
----------------- Done invoking toplevel() on ptolemy.moml.MoMLSimpleApplication@7c25177b
reloadAllAccessors: .LazyPubSub3

===========================================================================================
----------------- testing Thu Nov 21 06:21:55 UTC 2019 /home/travis/build/icyphy/ptII/ptolemy/actor/lib/test/auto/LazySubClassModel.xml
----------------- Instantiating /home/travis/build/icyphy/ptII/ptolemy/actor/lib/test/auto/LazySubClassModel.xml
2 ms. Memory: 453632K Free: 213070K (47%)
----------------- Invoking toplevel() on ptolemy.moml.MoMLSimpleApplication@72829193
----------------- Done invoking toplevel() on ptolemy.moml.MoMLSimpleApplication@72829193
reloadAllAccessors: .LazySubClassModel

===========================================================================================
----------------- testing Thu Nov 21 06:21:55 UTC 2019 /home/travis/build/icyphy/ptII/ptolemy/actor/lib/test/auto/LevelCrossTest1.xml
----------------- Instantiating /home/travis/build/icyphy/ptII/ptolemy/actor/lib/test/auto/LevelCrossTest1.xml
1 ms. Memory: 453632K Free: 207440K (46%)
----------------- Invoking toplevel() on ptolemy.moml.MoMLSimpleApplication@455194fe
----------------- Done invoking toplevel() on ptolemy.moml.MoMLSimpleApplication@455194fe
reloadAllAccessors: .broken

===========================================================================================
----------------- testing Thu Nov 21 06:21:55 UTC 2019 /home/travis/build/icyphy/ptII/ptolemy/actor/lib/test/auto/LevelCrossTest10.xml
----------------- Instantiating /home/travis/build/icyphy/ptII/ptolemy/actor/lib/test/auto/LevelCrossTest10.xml
2 ms. Memory: 453632K Free: 199758K (44%)
----------------- Invoking toplevel() on ptolemy.moml.MoMLSimpleApplication@46cacaf0
----------------- Done invoking toplevel() on ptolemy.moml.MoMLSimpleApplication@46cacaf0
reloadAllAccessors: .LevelCrossTest10

===========================================================================================
----------------- testing Thu Nov 21 06:21:55 UTC 2019 /home/travis/build/icyphy/ptII/ptolemy/actor/lib/test/auto/LevelCrossTest11.xml
----------------- Instantiating /home/travis/build/icyphy/ptII/ptolemy/actor/lib/test/auto/LevelCrossTest11.xml
1 ms. Memory: 453632K Free: 193104K (43%)
----------------- Invoking toplevel() on ptolemy.moml.MoMLSimpleApplication@7d7d50b7
----------------- Done invoking toplevel() on ptolemy.moml.MoMLSimpleApplication@7d7d50b7
reloadAllAccessors: .LevelCrossTest11

===========================================================================================
----------------- testing Thu Nov 21 06:21:55 UTC 2019 /home/travis/build/icyphy/ptII/ptolemy/actor/lib/test/auto/LevelCrossTest12.xml
----------------- Instantiating /home/travis/build/icyphy/ptII/ptolemy/actor/lib/test/auto/LevelCrossTest12.xml
1 ms. Memory: 453632K Free: 186446K (41%)
----------------- Invoking toplevel() on ptolemy.moml.MoMLSimpleApplication@22a7affb
----------------- Done invoking toplevel() on ptolemy.moml.MoMLSimpleApplication@22a7affb
reloadAllAccessors: .LevelCrossTest12

===========================================================================================
----------------- testing Thu Nov 21 06:21:55 UTC 2019 /home/travis/build/icyphy/ptII/ptolemy/actor/lib/test/auto/LevelCrossTest13.xml
----------------- Instantiating /home/travis/build/icyphy/ptII/ptolemy/actor/lib/test/auto/LevelCrossTest13.xml
1 ms. Memory: 453632K Free: 178254K (39%)
----------------- Invoking toplevel() on ptolemy.moml.MoMLSimpleApplication@6d61e3d4
----------------- Done invoking toplevel() on ptolemy.moml.MoMLSimpleApplication@6d61e3d4
reloadAllAccessors: .LevelCrossTest13

===========================================================================================
----------------- testing Thu Nov 21 06:21:55 UTC 2019 /home/travis/build/icyphy/ptII/ptolemy/actor/lib/test/auto/LevelCrossTest2.xml
----------------- Instantiating /home/travis/build/icyphy/ptII/ptolemy/actor/lib/test/auto/LevelCrossTest2.xml
2 ms. Memory: 453632K Free: 172624K (38%)
----------------- Invoking toplevel() on ptolemy.moml.MoMLSimpleApplication@2b4a0717
----------------- Done invoking toplevel() on ptolemy.moml.MoMLSimpleApplication@2b4a0717
reloadAllAccessors: .broken

===========================================================================================
----------------- testing Thu Nov 21 06:21:55 UTC 2019 /home/travis/build/icyphy/ptII/ptolemy/actor/lib/test/auto/LevelCrossTest3.xml
----------------- Instantiating /home/travis/build/icyphy/ptII/ptolemy/actor/lib/test/auto/LevelCrossTest3.xml
1 ms. Memory: 453632K Free: 166480K (37%)
----------------- Invoking toplevel() on ptolemy.moml.MoMLSimpleApplication@21571de
----------------- Done invoking toplevel() on ptolemy.moml.MoMLSimpleApplication@21571de
reloadAllAccessors: .LevelCrossTest3

===========================================================================================
----------------- testing Thu Nov 21 06:21:55 UTC 2019 /home/travis/build/icyphy/ptII/ptolemy/actor/lib/test/auto/LevelCrossTest4.xml
----------------- Instantiating /home/travis/build/icyphy/ptII/ptolemy/actor/lib/test/auto/LevelCrossTest4.xml
2 ms. Memory: 453632K Free: 160846K (35%)
----------------- Invoking toplevel() on ptolemy.moml.MoMLSimpleApplication@33f84540
----------------- Done invoking toplevel() on ptolemy.moml.MoMLSimpleApplication@33f84540
reloadAllAccessors: .broken

===========================================================================================
----------------- testing Thu Nov 21 06:21:55 UTC 2019 /home/travis/build/icyphy/ptII/ptolemy/actor/lib/test/auto/LevelCrossTest5.xml
----------------- Instantiating /home/travis/build/icyphy/ptII/ptolemy/actor/lib/test/auto/LevelCrossTest5.xml
1 ms. Memory: 453632K Free: 154702K (34%)
----------------- Invoking toplevel() on ptolemy.moml.MoMLSimpleApplication@7d85a217
----------------- Done invoking toplevel() on ptolemy.moml.MoMLSimpleApplication@7d85a217
reloadAllAccessors: .LevelCrossTest5

===========================================================================================
----------------- testing Thu Nov 21 06:21:55 UTC 2019 /home/travis/build/icyphy/ptII/ptolemy/actor/lib/test/auto/LevelCrossTest6.xml
----------------- Instantiating /home/travis/build/icyphy/ptII/ptolemy/actor/lib/test/auto/LevelCrossTest6.xml
1 ms. Memory: 453632K Free: 147534K (33%)
----------------- Invoking toplevel() on ptolemy.moml.MoMLSimpleApplication@22053230
----------------- Done invoking toplevel() on ptolemy.moml.MoMLSimpleApplication@22053230
reloadAllAccessors: .LevelCrossTest6

===========================================================================================
----------------- testing Thu Nov 21 06:21:55 UTC 2019 /home/travis/build/icyphy/ptII/ptolemy/actor/lib/test/auto/LevelCrossTest7.xml
----------------- Instantiating /home/travis/build/icyphy/ptII/ptolemy/actor/lib/test/auto/LevelCrossTest7.xml
4 ms. Memory: 453632K Free: 139342K (31%)
----------------- Invoking toplevel() on ptolemy.moml.MoMLSimpleApplication@5db27c49
----------------- Done invoking toplevel() on ptolemy.moml.MoMLSimpleApplication@5db27c49
reloadAllAccessors: .LevelCrossTest7

===========================================================================================
----------------- testing Thu Nov 21 06:21:55 UTC 2019 /home/travis/build/icyphy/ptII/ptolemy/actor/lib/test/auto/LevelCrossTest8.xml
----------------- Instantiating /home/travis/build/icyphy/ptII/ptolemy/actor/lib/test/auto/LevelCrossTest8.xml
2 ms. Memory: 453632K Free: 399746K (88%)
----------------- Invoking toplevel() on ptolemy.moml.MoMLSimpleApplication@6f3e8e57
----------------- Done invoking toplevel() on ptolemy.moml.MoMLSimpleApplication@6f3e8e57
reloadAllAccessors: .LevelCrossTest8

===========================================================================================
----------------- testing Thu Nov 21 06:21:55 UTC 2019 /home/travis/build/icyphy/ptII/ptolemy/actor/lib/test/auto/LevelCrossTest9.xml
----------------- Instantiating /home/travis/build/icyphy/ptII/ptolemy/actor/lib/test/auto/LevelCrossTest9.xml
2 ms. Memory: 453632K Free: 393085K (87%)
----------------- Invoking toplevel() on ptolemy.moml.MoMLSimpleApplication@e1abe1d
----------------- Done invoking toplevel() on ptolemy.moml.MoMLSimpleApplication@e1abe1d
reloadAllAccessors: .LevelCrossTest9

===========================================================================================
----------------- testing Thu Nov 21 06:21:55 UTC 2019 /home/travis/build/icyphy/ptII/ptolemy/actor/lib/test/auto/LevinsonDurbin.xml
----------------- Instantiating /home/travis/build/icyphy/ptII/ptolemy/actor/lib/test/auto/LevinsonDurbin.xml
11 ms. Memory: 453632K Free: 388992K (86%)
----------------- Invoking toplevel() on ptolemy.moml.MoMLSimpleApplication@6baba823
----------------- Done invoking toplevel() on ptolemy.moml.MoMLSimpleApplication@6baba823
reloadAllAccessors: .LevinsonDurbin

===========================================================================================
----------------- testing Thu Nov 21 06:21:55 UTC 2019 /home/travis/build/icyphy/ptII/ptolemy/actor/lib/test/auto/LevinsonDurbin2.xml
----------------- Instantiating /home/travis/build/icyphy/ptII/ptolemy/actor/lib/test/auto/LevinsonDurbin2.xml
1 ms. Memory: 453632K Free: 384896K (85%)
----------------- Invoking toplevel() on ptolemy.moml.MoMLSimpleApplication@f88d0eb
----------------- Done invoking toplevel() on ptolemy.moml.MoMLSimpleApplication@f88d0eb
reloadAllAccessors: .LevinsonDurbin2

===========================================================================================
----------------- testing Thu Nov 21 06:21:55 UTC 2019 /home/travis/build/icyphy/ptII/ptolemy/actor/lib/test/auto/LevinsonDurbin3.xml
----------------- Instantiating /home/travis/build/icyphy/ptII/ptolemy/actor/lib/test/auto/LevinsonDurbin3.xml
2 ms. Memory: 453632K Free: 380800K (84%)
----------------- Invoking toplevel() on ptolemy.moml.MoMLSimpleApplication@8ef455b
----------------- Done invoking toplevel() on ptolemy.moml.MoMLSimpleApplication@8ef455b
reloadAllAccessors: .LevinsonDurbin3

===========================================================================================
----------------- testing Thu Nov 21 06:21:55 UTC 2019 /home/travis/build/icyphy/ptII/ptolemy/actor/lib/test/auto/Limiter.xml
----------------- Instantiating /home/travis/build/icyphy/ptII/ptolemy/actor/lib/test/auto/Limiter.xml
4 ms. Memory: 453632K Free: 371584K (82%)
----------------- Invoking toplevel() on ptolemy.moml.MoMLSimpleApplication@3a5d184a
----------------- Done invoking toplevel() on ptolemy.moml.MoMLSimpleApplication@3a5d184a
reloadAllAccessors: .Limiter

===========================================================================================
----------------- testing Thu Nov 21 06:21:55 UTC 2019 /home/travis/build/icyphy/ptII/ptolemy/actor/lib/test/auto/LinearDifferenceEquationSystem.xml
----------------- Instantiating /home/travis/build/icyphy/ptII/ptolemy/actor/lib/test/auto/LinearDifferenceEquationSystem.xml
13 ms. Memory: 453632K Free: 363906K (80%)
----------------- Invoking toplevel() on ptolemy.moml.MoMLSimpleApplication@57bc4e82
----------------- Done invoking toplevel() on ptolemy.moml.MoMLSimpleApplication@57bc4e82
reloadAllAccessors: .LinearDifferenceEquationSystem

===========================================================================================
----------------- testing Thu Nov 21 06:21:55 UTC 2019 /home/travis/build/icyphy/ptII/ptolemy/actor/lib/test/auto/LookupTable.xml
----------------- Instantiating /home/travis/build/icyphy/ptII/ptolemy/actor/lib/test/auto/LookupTable.xml
2 ms. Memory: 453632K Free: 359296K (79%)
----------------- Invoking toplevel() on ptolemy.moml.MoMLSimpleApplication@295268b5
----------------- Done invoking toplevel() on ptolemy.moml.MoMLSimpleApplication@295268b5
reloadAllAccessors: .LookupTable

===========================================================================================
----------------- testing Thu Nov 21 06:21:55 UTC 2019 /home/travis/build/icyphy/ptII/ptolemy/actor/lib/test/auto/MathFunction.xml
----------------- Instantiating /home/travis/build/icyphy/ptII/ptolemy/actor/lib/test/auto/MathFunction.xml
3 ms. Memory: 453632K Free: 351104K (77%)
----------------- Invoking toplevel() on ptolemy.moml.MoMLSimpleApplication@6219f87d
----------------- Done invoking toplevel() on ptolemy.moml.MoMLSimpleApplication@6219f87d
reloadAllAccessors: .MathFunction

===========================================================================================
----------------- testing Thu Nov 21 06:21:55 UTC 2019 /home/travis/build/icyphy/ptII/ptolemy/actor/lib/test/auto/MathFunction2.xml
----------------- Instantiating /home/travis/build/icyphy/ptII/ptolemy/actor/lib/test/auto/MathFunction2.xml
2 ms. Memory: 453632K Free: 347008K (76%)
----------------- Invoking toplevel() on ptolemy.moml.MoMLSimpleApplication@5e667382
----------------- Done invoking toplevel() on ptolemy.moml.MoMLSimpleApplication@5e667382
reloadAllAccessors: .MathFunction2

===========================================================================================
----------------- testing Thu Nov 21 06:21:55 UTC 2019 /home/travis/build/icyphy/ptII/ptolemy/actor/lib/test/auto/MathFunction3.xml
----------------- Instantiating /home/travis/build/icyphy/ptII/ptolemy/actor/lib/test/auto/MathFunction3.xml
2 ms. Memory: 453632K Free: 339840K (75%)
----------------- Invoking toplevel() on ptolemy.moml.MoMLSimpleApplication@72ced97e
----------------- Done invoking toplevel() on ptolemy.moml.MoMLSimpleApplication@72ced97e
reloadAllAccessors: .MathFunction3

===========================================================================================
----------------- testing Thu Nov 21 06:21:55 UTC 2019 /home/travis/build/icyphy/ptII/ptolemy/actor/lib/test/auto/MatrixCropBoolean.xml
----------------- Instantiating /home/travis/build/icyphy/ptII/ptolemy/actor/lib/test/auto/MatrixCropBoolean.xml
2 ms. Memory: 453632K Free: 334705K (74%)
----------------- Invoking toplevel() on ptolemy.moml.MoMLSimpleApplication@5b76b834
----------------- Done invoking toplevel() on ptolemy.moml.MoMLSimpleApplication@5b76b834
reloadAllAccessors: .MatrixCropBoolean

===========================================================================================
----------------- testing Thu Nov 21 06:21:55 UTC 2019 /home/travis/build/icyphy/ptII/ptolemy/actor/lib/test/auto/MatrixCropComplex.xml
----------------- Instantiating /home/travis/build/icyphy/ptII/ptolemy/actor/lib/test/auto/MatrixCropComplex.xml
2 ms. Memory: 453632K Free: 329569K (73%)
----------------- Invoking toplevel() on ptolemy.moml.MoMLSimpleApplication@3c81d2e5
----------------- Done invoking toplevel() on ptolemy.moml.MoMLSimpleApplication@3c81d2e5
reloadAllAccessors: .MatrixCropComplex

===========================================================================================
----------------- testing Thu Nov 21 06:21:55 UTC 2019 /home/travis/build/icyphy/ptII/ptolemy/actor/lib/test/auto/MatrixCropDouble.xml
----------------- Instantiating /home/travis/build/icyphy/ptII/ptolemy/actor/lib/test/auto/MatrixCropDouble.xml
2 ms. Memory: 453632K Free: 324473K (72%)
----------------- Invoking toplevel() on ptolemy.moml.MoMLSimpleApplication@71ba8eea
----------------- Done invoking toplevel() on ptolemy.moml.MoMLSimpleApplication@71ba8eea
reloadAllAccessors: .MatrixCropDouble

===========================================================================================
----------------- testing Thu Nov 21 06:21:55 UTC 2019 /home/travis/build/icyphy/ptII/ptolemy/actor/lib/test/auto/MatrixCropFix.xml
----------------- Instantiating /home/travis/build/icyphy/ptII/ptolemy/actor/lib/test/auto/MatrixCropFix.xml
2 ms. Memory: 453632K Free: 319329K (70%)
----------------- Invoking toplevel() on ptolemy.moml.MoMLSimpleApplication@1a87876f
----------------- Done invoking toplevel() on ptolemy.moml.MoMLSimpleApplication@1a87876f
reloadAllAccessors: .MatrixCropFix

===========================================================================================
----------------- testing Thu Nov 21 06:21:55 UTC 2019 /home/travis/build/icyphy/ptII/ptolemy/actor/lib/test/auto/MatrixCropInt.xml
----------------- Instantiating /home/travis/build/icyphy/ptII/ptolemy/actor/lib/test/auto/MatrixCropInt.xml
2 ms. Memory: 453632K Free: 314209K (69%)
----------------- Invoking toplevel() on ptolemy.moml.MoMLSimpleApplication@6d5b021f
----------------- Done invoking toplevel() on ptolemy.moml.MoMLSimpleApplication@6d5b021f
reloadAllAccessors: .MatrixCropInt

===========================================================================================
----------------- testing Thu Nov 21 06:21:55 UTC 2019 /home/travis/build/icyphy/ptII/ptolemy/actor/lib/test/auto/MatrixCropLong.xml
----------------- Instantiating /home/travis/build/icyphy/ptII/ptolemy/actor/lib/test/auto/MatrixCropLong.xml
2 ms. Memory: 453632K Free: 309089K (68%)
----------------- Invoking toplevel() on ptolemy.moml.MoMLSimpleApplication@3ca914d5
----------------- Done invoking toplevel() on ptolemy.moml.MoMLSimpleApplication@3ca914d5
reloadAllAccessors: .MatrixCropLong

===========================================================================================
----------------- testing Thu Nov 21 06:21:55 UTC 2019 /home/travis/build/icyphy/ptII/ptolemy/actor/lib/test/auto/MatrixToArray.xml
----------------- Instantiating /home/travis/build/icyphy/ptII/ptolemy/actor/lib/test/auto/MatrixToArray.xml
5 ms. Memory: 453632K Free: 294274K (65%)
----------------- Invoking toplevel() on ptolemy.moml.MoMLSimpleApplication@41ebbe2c
----------------- Done invoking toplevel() on ptolemy.moml.MoMLSimpleApplication@41ebbe2c
reloadAllAccessors: .MatrixToArray

===========================================================================================
----------------- testing Thu Nov 21 06:21:55 UTC 2019 /home/travis/build/icyphy/ptII/ptolemy/actor/lib/test/auto/MaxIndex.xml
----------------- Instantiating /home/travis/build/icyphy/ptII/ptolemy/actor/lib/test/auto/MaxIndex.xml
2 ms. Memory: 453632K Free: 289154K (64%)
----------------- Invoking toplevel() on ptolemy.moml.MoMLSimpleApplication@19b4064c
----------------- Done invoking toplevel() on ptolemy.moml.MoMLSimpleApplication@19b4064c
reloadAllAccessors: .MaxIndex

===========================================================================================
----------------- testing Thu Nov 21 06:21:55 UTC 2019 /home/travis/build/icyphy/ptII/ptolemy/actor/lib/test/auto/Maximum.xml
----------------- Instantiating /home/travis/build/icyphy/ptII/ptolemy/actor/lib/test/auto/Maximum.xml
11 ms. Memory: 453632K Free: 282465K (62%)
----------------- Invoking toplevel() on ptolemy.moml.MoMLSimpleApplication@1d640c5e
----------------- Done invoking toplevel() on ptolemy.moml.MoMLSimpleApplication@1d640c5e
reloadAllAccessors: .Maximum

===========================================================================================
----------------- testing Thu Nov 21 06:21:55 UTC 2019 /home/travis/build/icyphy/ptII/ptolemy/actor/lib/test/auto/MaximumComplex.xml
----------------- Instantiating /home/travis/build/icyphy/ptII/ptolemy/actor/lib/test/auto/MaximumComplex.xml
5 ms. Memory: 453632K Free: 276337K (61%)
----------------- Invoking toplevel() on ptolemy.moml.MoMLSimpleApplication@7101ef13
----------------- Done invoking toplevel() on ptolemy.moml.MoMLSimpleApplication@7101ef13
reloadAllAccessors: .MaximumComplex

===========================================================================================
----------------- testing Thu Nov 21 06:21:55 UTC 2019 /home/travis/build/icyphy/ptII/ptolemy/actor/lib/test/auto/MethodCallTest.xml
----------------- Instantiating /home/travis/build/icyphy/ptII/ptolemy/actor/lib/test/auto/MethodCallTest.xml
2 ms. Memory: 453632K Free: 269698K (59%)
----------------- Invoking toplevel() on ptolemy.moml.MoMLSimpleApplication@45acfac6
----------------- Done invoking toplevel() on ptolemy.moml.MoMLSimpleApplication@45acfac6
reloadAllAccessors: .MethodCallTest

===========================================================================================
----------------- testing Thu Nov 21 06:21:55 UTC 2019 /home/travis/build/icyphy/ptII/ptolemy/actor/lib/test/auto/Minimum.xml
----------------- Instantiating /home/travis/build/icyphy/ptII/ptolemy/actor/lib/test/auto/Minimum.xml
3 ms. Memory: 453632K Free: 263025K (58%)
----------------- Invoking toplevel() on ptolemy.moml.MoMLSimpleApplication@61a0dce4
----------------- Done invoking toplevel() on ptolemy.moml.MoMLSimpleApplication@61a0dce4
reloadAllAccessors: .Minimum

===========================================================================================
----------------- testing Thu Nov 21 06:21:55 UTC 2019 /home/travis/build/icyphy/ptII/ptolemy/actor/lib/test/auto/MinimumComplex.xml
----------------- Instantiating /home/travis/build/icyphy/ptII/ptolemy/actor/lib/test/auto/MinimumComplex.xml
3 ms. Memory: 453632K Free: 256881K (57%)
----------------- Invoking toplevel() on ptolemy.moml.MoMLSimpleApplication@6b2fd8b6
----------------- Done invoking toplevel() on ptolemy.moml.MoMLSimpleApplication@6b2fd8b6
reloadAllAccessors: .MinimumComplex

===========================================================================================
----------------- testing Thu Nov 21 06:21:55 UTC 2019 /home/travis/build/icyphy/ptII/ptolemy/actor/lib/test/auto/MinimumMultiports.xml
----------------- Instantiating /home/travis/build/icyphy/ptII/ptolemy/actor/lib/test/auto/MinimumMultiports.xml
4 ms. Memory: 453632K Free: 248194K (55%)
----------------- Invoking toplevel() on ptolemy.moml.MoMLSimpleApplication@63f4292e
----------------- Done invoking toplevel() on ptolemy.moml.MoMLSimpleApplication@63f4292e
reloadAllAccessors: .MinimumMultiports

===========================================================================================
----------------- testing Thu Nov 21 06:21:55 UTC 2019 /home/travis/build/icyphy/ptII/ptolemy/actor/lib/test/auto/ModifyDate.xml
----------------- Instantiating /home/travis/build/icyphy/ptII/ptolemy/actor/lib/test/auto/ModifyDate.xml
9 ms. Memory: 453632K Free: 235392K (52%)
----------------- Invoking toplevel() on ptolemy.moml.MoMLSimpleApplication@39d0c33b
----------------- Done invoking toplevel() on ptolemy.moml.MoMLSimpleApplication@39d0c33b
reloadAllAccessors: .ModifyDate

===========================================================================================
----------------- testing Thu Nov 21 06:21:55 UTC 2019 /home/travis/build/icyphy/ptII/ptolemy/actor/lib/test/auto/ModifyDate2.xml
----------------- Instantiating /home/travis/build/icyphy/ptII/ptolemy/actor/lib/test/auto/ModifyDate2.xml
4 ms. Memory: 453632K Free: 226690K (50%)
----------------- Invoking toplevel() on ptolemy.moml.MoMLSimpleApplication@2e70c2cc
----------------- Done invoking toplevel() on ptolemy.moml.MoMLSimpleApplication@2e70c2cc
reloadAllAccessors: .ModifyDate2

===========================================================================================
----------------- testing Thu Nov 21 06:21:55 UTC 2019 /home/travis/build/icyphy/ptII/ptolemy/actor/lib/test/auto/MovingAverage.xml
----------------- Instantiating /home/travis/build/icyphy/ptII/ptolemy/actor/lib/test/auto/MovingAverage.xml
2 ms. Memory: 453632K Free: 221570K (49%)
----------------- Invoking toplevel() on ptolemy.moml.MoMLSimpleApplication@78b78cfc
----------------- Done invoking toplevel() on ptolemy.moml.MoMLSimpleApplication@78b78cfc
reloadAllAccessors: .MovingAverage

===========================================================================================
----------------- testing Thu Nov 21 06:21:55 UTC 2019 /home/travis/build/icyphy/ptII/ptolemy/actor/lib/test/auto/MovingMaximum.xml
----------------- Instantiating /home/travis/build/icyphy/ptII/ptolemy/actor/lib/test/auto/MovingMaximum.xml
1 ms. Memory: 453632K Free: 216960K (48%)
----------------- Invoking toplevel() on ptolemy.moml.MoMLSimpleApplication@aebcf3f
----------------- Done invoking toplevel() on ptolemy.moml.MoMLSimpleApplication@aebcf3f
reloadAllAccessors: .MovingMaximum

===========================================================================================
----------------- testing Thu Nov 21 06:21:55 UTC 2019 /home/travis/build/icyphy/ptII/ptolemy/actor/lib/test/auto/MultipleLinksToSameRelation.xml
----------------- Instantiating /home/travis/build/icyphy/ptII/ptolemy/actor/lib/test/auto/MultipleLinksToSameRelation.xml
3 ms. Memory: 453632K Free: 212864K (47%)
----------------- Invoking toplevel() on ptolemy.moml.MoMLSimpleApplication@32ab81ee
----------------- Done invoking toplevel() on ptolemy.moml.MoMLSimpleApplication@32ab81ee
reloadAllAccessors: .MultipleLinksToSameRelation

===========================================================================================
----------------- testing Thu Nov 21 06:21:56 UTC 2019 /home/travis/build/icyphy/ptII/ptolemy/actor/lib/test/auto/MultipleLinksToSameRelationDE.xml
----------------- Instantiating /home/travis/build/icyphy/ptII/ptolemy/actor/lib/test/auto/MultipleLinksToSameRelationDE.xml
5 ms. Memory: 453632K Free: 208258K (46%)
----------------- Invoking toplevel() on ptolemy.moml.MoMLSimpleApplication@11ed153c
----------------- Done invoking toplevel() on ptolemy.moml.MoMLSimpleApplication@11ed153c
reloadAllAccessors: .MultipleLinksToSameRelationDE

===========================================================================================
----------------- testing Thu Nov 21 06:21:56 UTC 2019 /home/travis/build/icyphy/ptII/ptolemy/actor/lib/test/auto/Multiplexor.xml
----------------- Instantiating /home/travis/build/icyphy/ptII/ptolemy/actor/lib/test/auto/Multiplexor.xml
3 ms. Memory: 453632K Free: 202624K (45%)
----------------- Invoking toplevel() on ptolemy.moml.MoMLSimpleApplication@301887b3
----------------- Done invoking toplevel() on ptolemy.moml.MoMLSimpleApplication@301887b3
reloadAllAccessors: .Multiplexor

===========================================================================================
----------------- testing Thu Nov 21 06:21:56 UTC 2019 /home/travis/build/icyphy/ptII/ptolemy/actor/lib/test/auto/Multiplexor1.xml
----------------- Instantiating /home/travis/build/icyphy/ptII/ptolemy/actor/lib/test/auto/Multiplexor1.xml
2 ms. Memory: 453632K Free: 196449K (43%)
----------------- Invoking toplevel() on ptolemy.moml.MoMLSimpleApplication@f038c6e
----------------- Done invoking toplevel() on ptolemy.moml.MoMLSimpleApplication@f038c6e
reloadAllAccessors: .Multiplexor1

===========================================================================================
----------------- testing Thu Nov 21 06:21:56 UTC 2019 /home/travis/build/icyphy/ptII/ptolemy/actor/lib/test/auto/Multiplexor2.xml
----------------- Instantiating /home/travis/build/icyphy/ptII/ptolemy/actor/lib/test/auto/Multiplexor2.xml
5 ms. Memory: 453632K Free: 189826K (42%)
----------------- Invoking toplevel() on ptolemy.moml.MoMLSimpleApplication@61a8f471
----------------- Done invoking toplevel() on ptolemy.moml.MoMLSimpleApplication@61a8f471
reloadAllAccessors: .Multiplexor2

===========================================================================================
----------------- testing Thu Nov 21 06:21:56 UTC 2019 /home/travis/build/icyphy/ptII/ptolemy/actor/lib/test/auto/Multiplexor3.xml
----------------- Instantiating /home/travis/build/icyphy/ptII/ptolemy/actor/lib/test/auto/Multiplexor3.xml
2 ms. Memory: 453632K Free: 185730K (41%)
----------------- Invoking toplevel() on ptolemy.moml.MoMLSimpleApplication@1a8058ce
----------------- Done invoking toplevel() on ptolemy.moml.MoMLSimpleApplication@1a8058ce
reloadAllAccessors: .Multiplexor3

===========================================================================================
----------------- testing Thu Nov 21 06:21:56 UTC 2019 /home/travis/build/icyphy/ptII/ptolemy/actor/lib/test/auto/MultiplexorDE.xml
----------------- Instantiating /home/travis/build/icyphy/ptII/ptolemy/actor/lib/test/auto/MultiplexorDE.xml
3 ms. Memory: 453632K Free: 178041K (39%)
----------------- Invoking toplevel() on ptolemy.moml.MoMLSimpleApplication@2f32cfda
----------------- Done invoking toplevel() on ptolemy.moml.MoMLSimpleApplication@2f32cfda
reloadAllAccessors: .MultiplexorDE

===========================================================================================
----------------- testing Thu Nov 21 06:21:56 UTC 2019 /home/travis/build/icyphy/ptII/ptolemy/actor/lib/test/auto/MultiportBroadcastTest.xml
----------------- Instantiating /home/travis/build/icyphy/ptII/ptolemy/actor/lib/test/auto/MultiportBroadcastTest.xml
94 ms. Memory: 453632K Free: 171394K (38%)
----------------- Invoking toplevel() on ptolemy.moml.MoMLSimpleApplication@3c5cb004
----------------- Done invoking toplevel() on ptolemy.moml.MoMLSimpleApplication@3c5cb004
reloadAllAccessors: .MultiportBroadcastTest

===========================================================================================
----------------- testing Thu Nov 21 06:21:56 UTC 2019 /home/travis/build/icyphy/ptII/ptolemy/actor/lib/test/auto/MultiportOutHangDuringGetWidth.xml
----------------- Instantiating /home/travis/build/icyphy/ptII/ptolemy/actor/lib/test/auto/MultiportOutHangDuringGetWidth.xml
4 ms. Memory: 453632K Free: 159106K (35%)
----------------- Invoking toplevel() on ptolemy.moml.MoMLSimpleApplication@195ae11
----------------- Done invoking toplevel() on ptolemy.moml.MoMLSimpleApplication@195ae11
reloadAllAccessors: .MultiportOutHangDuringGetWidth

===========================================================================================
----------------- testing Thu Nov 21 06:21:56 UTC 2019 /home/travis/build/icyphy/ptII/ptolemy/actor/lib/test/auto/NilToken.xml
----------------- Instantiating /home/travis/build/icyphy/ptII/ptolemy/actor/lib/test/auto/NilToken.xml
1 ms. Memory: 453632K Free: 155010K (34%)
----------------- Invoking toplevel() on ptolemy.moml.MoMLSimpleApplication@7f72703
----------------- Done invoking toplevel() on ptolemy.moml.MoMLSimpleApplication@7f72703
reloadAllAccessors: .NilToken

===========================================================================================
----------------- testing Thu Nov 21 06:21:56 UTC 2019 /home/travis/build/icyphy/ptII/ptolemy/actor/lib/test/auto/NilTokenNonStrictTest.xml
----------------- Instantiating /home/travis/build/icyphy/ptII/ptolemy/actor/lib/test/auto/NilTokenNonStrictTest.xml
2 ms. Memory: 453632K Free: 150400K (33%)
----------------- Invoking toplevel() on ptolemy.moml.MoMLSimpleApplication@5f007cb
----------------- Done invoking toplevel() on ptolemy.moml.MoMLSimpleApplication@5f007cb
reloadAllAccessors: .NilTokenNonStrictTest

===========================================================================================
----------------- testing Thu Nov 21 06:21:56 UTC 2019 /home/travis/build/icyphy/ptII/ptolemy/actor/lib/test/auto/NilTokenRecord.xml
----------------- Instantiating /home/travis/build/icyphy/ptII/ptolemy/actor/lib/test/auto/NilTokenRecord.xml
5 ms. Memory: 453632K Free: 143746K (32%)
----------------- Invoking toplevel() on ptolemy.moml.MoMLSimpleApplication@4ba264cb
----------------- Done invoking toplevel() on ptolemy.moml.MoMLSimpleApplication@4ba264cb
reloadAllAccessors: .NilTokenRecord

===========================================================================================
----------------- testing Thu Nov 21 06:21:56 UTC 2019 /home/travis/build/icyphy/ptII/ptolemy/actor/lib/test/auto/NilTokenTypeTest.xml
----------------- Instantiating /home/travis/build/icyphy/ptII/ptolemy/actor/lib/test/auto/NilTokenTypeTest.xml
10 ms. Memory: 453632K Free: 401760K (89%)
----------------- Invoking toplevel() on ptolemy.moml.MoMLSimpleApplication@2088acef
----------------- Done invoking toplevel() on ptolemy.moml.MoMLSimpleApplication@2088acef
reloadAllAccessors: .NilTokenTypeTest

===========================================================================================
----------------- testing Thu Nov 21 06:21:56 UTC 2019 /home/travis/build/icyphy/ptII/ptolemy/actor/lib/test/auto/ObjectToken1.xml
----------------- Instantiating /home/travis/build/icyphy/ptII/ptolemy/actor/lib/test/auto/ObjectToken1.xml
4 ms. Memory: 453632K Free: 397154K (88%)
----------------- Invoking toplevel() on ptolemy.moml.MoMLSimpleApplication@7846d5bd
----------------- Done invoking toplevel() on ptolemy.moml.MoMLSimpleApplication@7846d5bd
reloadAllAccessors: .ObjectToken1

===========================================================================================
----------------- testing Thu Nov 21 06:21:56 UTC 2019 /home/travis/build/icyphy/ptII/ptolemy/actor/lib/test/auto/OrderedMerge.xml
----------------- Instantiating /home/travis/build/icyphy/ptII/ptolemy/actor/lib/test/auto/OrderedMerge.xml
9 ms. Memory: 453632K Free: 391520K (86%)
----------------- Invoking toplevel() on ptolemy.moml.MoMLSimpleApplication@461f57dc
----------------- Done invoking toplevel() on ptolemy.moml.MoMLSimpleApplication@461f57dc
reloadAllAccessors: .OrderedMerge

===========================================================================================
----------------- testing Thu Nov 21 06:21:56 UTC 2019 /home/travis/build/icyphy/ptII/ptolemy/actor/lib/test/auto/OrderedRecordDisassembler.xml
----------------- Instantiating /home/travis/build/icyphy/ptII/ptolemy/actor/lib/test/auto/OrderedRecordDisassembler.xml
3 ms. Memory: 453632K Free: 386394K (85%)
----------------- Invoking toplevel() on ptolemy.moml.MoMLSimpleApplication@ddc8e8b
----------------- Done invoking toplevel() on ptolemy.moml.MoMLSimpleApplication@ddc8e8b
reloadAllAccessors: .OrderedRecordDisassembler

===========================================================================================
----------------- testing Thu Nov 21 06:21:56 UTC 2019 /home/travis/build/icyphy/ptII/ptolemy/actor/lib/test/auto/OrderedRecordDisassembler2.xml
----------------- Instantiating /home/travis/build/icyphy/ptII/ptolemy/actor/lib/test/auto/OrderedRecordDisassembler2.xml
4 ms. Memory: 453632K Free: 378722K (83%)
----------------- Invoking toplevel() on ptolemy.moml.MoMLSimpleApplication@2546761b
----------------- Done invoking toplevel() on ptolemy.moml.MoMLSimpleApplication@2546761b
reloadAllAccessors: .OrderedRecordDisassembler2

===========================================================================================
----------------- testing Thu Nov 21 06:21:56 UTC 2019 /home/travis/build/icyphy/ptII/ptolemy/actor/lib/test/auto/OrderedRecordUpdater.xml
----------------- Instantiating /home/travis/build/icyphy/ptII/ptolemy/actor/lib/test/auto/OrderedRecordUpdater.xml
1 ms. Memory: 453632K Free: 373602K (82%)
----------------- Invoking toplevel() on ptolemy.moml.MoMLSimpleApplication@bba83bd
----------------- Done invoking toplevel() on ptolemy.moml.MoMLSimpleApplication@bba83bd
reloadAllAccessors: .RecordUpdater

===========================================================================================
----------------- testing Thu Nov 21 06:21:56 UTC 2019 /home/travis/build/icyphy/ptII/ptolemy/actor/lib/test/auto/OrderedRecordUpdater2.xml
----------------- Instantiating /home/travis/build/icyphy/ptII/ptolemy/actor/lib/test/auto/OrderedRecordUpdater2.xml
3 ms. Memory: 453632K Free: 368992K (81%)
----------------- Invoking toplevel() on ptolemy.moml.MoMLSimpleApplication@1791dd52
----------------- Done invoking toplevel() on ptolemy.moml.MoMLSimpleApplication@1791dd52
reloadAllAccessors: .RecordUpdater2

===========================================================================================
----------------- testing Thu Nov 21 06:21:56 UTC 2019 /home/travis/build/icyphy/ptII/ptolemy/actor/lib/test/auto/PhaseUnwrap.xml
----------------- Instantiating /home/travis/build/icyphy/ptII/ptolemy/actor/lib/test/auto/PhaseUnwrap.xml
3 ms. Memory: 453632K Free: 364386K (80%)
----------------- Invoking toplevel() on ptolemy.moml.MoMLSimpleApplication@5fb766bd
----------------- Done invoking toplevel() on ptolemy.moml.MoMLSimpleApplication@5fb766bd
reloadAllAccessors: .PhaseUnwrap

===========================================================================================
----------------- testing Thu Nov 21 06:21:56 UTC 2019 /home/travis/build/icyphy/ptII/ptolemy/actor/lib/test/auto/PoissonClock.xml
----------------- Instantiating /home/travis/build/icyphy/ptII/ptolemy/actor/lib/test/auto/PoissonClock.xml
2 ms. Memory: 453632K Free: 360290K (79%)
----------------- Invoking toplevel() on ptolemy.moml.MoMLSimpleApplication@76eb4d4e
----------------- Done invoking toplevel() on ptolemy.moml.MoMLSimpleApplication@76eb4d4e
reloadAllAccessors: .PoissonClock

===========================================================================================
----------------- testing Thu Nov 21 06:21:56 UTC 2019 /home/travis/build/icyphy/ptII/ptolemy/actor/lib/test/auto/PoissonClock2.xml
----------------- Instantiating /home/travis/build/icyphy/ptII/ptolemy/actor/lib/test/auto/PoissonClock2.xml
1 ms. Memory: 453632K Free: 355680K (78%)
----------------- Invoking toplevel() on ptolemy.moml.MoMLSimpleApplication@25fe40f2
----------------- Done invoking toplevel() on ptolemy.moml.MoMLSimpleApplication@25fe40f2
reloadAllAccessors: .PoissonClock2

===========================================================================================
----------------- testing Thu Nov 21 06:21:56 UTC 2019 /home/travis/build/icyphy/ptII/ptolemy/actor/lib/test/auto/PoissonClock3.xml
----------------- Instantiating /home/travis/build/icyphy/ptII/ptolemy/actor/lib/test/auto/PoissonClock3.xml
1 ms. Memory: 453632K Free: 351074K (77%)
----------------- Invoking toplevel() on ptolemy.moml.MoMLSimpleApplication@49db070b
----------------- Done invoking toplevel() on ptolemy.moml.MoMLSimpleApplication@49db070b
reloadAllAccessors: .PoissonClock3

===========================================================================================
----------------- testing Thu Nov 21 06:21:56 UTC 2019 /home/travis/build/icyphy/ptII/ptolemy/actor/lib/test/auto/PubSubWithInitialTokens.xml
----------------- Instantiating /home/travis/build/icyphy/ptII/ptolemy/actor/lib/test/auto/PubSubWithInitialTokens.xml
2 ms. Memory: 453632K Free: 345410K (76%)
----------------- Invoking toplevel() on ptolemy.moml.MoMLSimpleApplication@537e248f
----------------- Done invoking toplevel() on ptolemy.moml.MoMLSimpleApplication@537e248f
reloadAllAccessors: .PubSubWithInitialTokens

===========================================================================================
----------------- testing Thu Nov 21 06:21:56 UTC 2019 /home/travis/build/icyphy/ptII/ptolemy/actor/lib/test/auto/PubSubWithInitialTokens2.xml
----------------- Instantiating /home/travis/build/icyphy/ptII/ptolemy/actor/lib/test/auto/PubSubWithInitialTokens2.xml
2 ms. Memory: 453632K Free: 339290K (75%)
----------------- Invoking toplevel() on ptolemy.moml.MoMLSimpleApplication@240c0c3
----------------- Done invoking toplevel() on ptolemy.moml.MoMLSimpleApplication@240c0c3
reloadAllAccessors: .PubSubWithInitialTokens2

===========================================================================================
----------------- testing Thu Nov 21 06:21:56 UTC 2019 /home/travis/build/icyphy/ptII/ptolemy/actor/lib/test/auto/PublisherClassNoParameter.xml
----------------- Instantiating /home/travis/build/icyphy/ptII/ptolemy/actor/lib/test/auto/PublisherClassNoParameter.xml
2 ms. Memory: 453632K Free: 329570K (73%)
----------------- Invoking toplevel() on ptolemy.moml.MoMLSimpleApplication@3f4b809a
----------------- Done invoking toplevel() on ptolemy.moml.MoMLSimpleApplication@3f4b809a
reloadAllAccessors: .PublisherClassNoParameter

===========================================================================================
----------------- testing Thu Nov 21 06:21:56 UTC 2019 /home/travis/build/icyphy/ptII/ptolemy/actor/lib/test/auto/PublisherClassParameter.xml
----------------- Instantiating /home/travis/build/icyphy/ptII/ptolemy/actor/lib/test/auto/PublisherClassParameter.xml
2 ms. Memory: 453632K Free: 318816K (70%)
----------------- Invoking toplevel() on ptolemy.moml.MoMLSimpleApplication@4b4fc347
----------------- Done invoking toplevel() on ptolemy.moml.MoMLSimpleApplication@4b4fc347
reloadAllAccessors: .PublisherClassParameter

===========================================================================================
----------------- testing Thu Nov 21 06:21:56 UTC 2019 /home/travis/build/icyphy/ptII/ptolemy/actor/lib/test/auto/PublisherNonStrictTest.xml
----------------- Instantiating /home/travis/build/icyphy/ptII/ptolemy/actor/lib/test/auto/PublisherNonStrictTest.xml
3 ms. Memory: 453632K Free: 311138K (69%)
----------------- Invoking toplevel() on ptolemy.moml.MoMLSimpleApplication@74a3de1d
----------------- Done invoking toplevel() on ptolemy.moml.MoMLSimpleApplication@74a3de1d
reloadAllAccessors: .PublisherNonStrictTest

===========================================================================================
----------------- testing Thu Nov 21 06:21:56 UTC 2019 /home/travis/build/icyphy/ptII/ptolemy/actor/lib/test/auto/PublisherPort1.xml
----------------- Instantiating /home/travis/build/icyphy/ptII/ptolemy/actor/lib/test/auto/PublisherPort1.xml
14 ms. Memory: 453632K Free: 305474K (67%)
----------------- Invoking toplevel() on ptolemy.moml.MoMLSimpleApplication@ac189d
----------------- Done invoking toplevel() on ptolemy.moml.MoMLSimpleApplication@ac189d
reloadAllAccessors: .PublisherPort1

===========================================================================================
----------------- testing Thu Nov 21 06:21:56 UTC 2019 /home/travis/build/icyphy/ptII/ptolemy/actor/lib/test/auto/PublisherPort2.xml
----------------- Instantiating /home/travis/build/icyphy/ptII/ptolemy/actor/lib/test/auto/PublisherPort2.xml
1 ms. Memory: 453632K Free: 299874K (66%)
----------------- Invoking toplevel() on ptolemy.moml.MoMLSimpleApplication@2dd6be4d
----------------- Done invoking toplevel() on ptolemy.moml.MoMLSimpleApplication@2dd6be4d
reloadAllAccessors: .PublisherPort2

===========================================================================================
----------------- testing Thu Nov 21 06:21:56 UTC 2019 /home/travis/build/icyphy/ptII/ptolemy/actor/lib/test/auto/PublisherPort3.xml
----------------- Instantiating /home/travis/build/icyphy/ptII/ptolemy/actor/lib/test/auto/PublisherPort3.xml
3 ms. Memory: 453632K Free: 293186K (65%)
----------------- Invoking toplevel() on ptolemy.moml.MoMLSimpleApplication@5f186b1c
----------------- Done invoking toplevel() on ptolemy.moml.MoMLSimpleApplication@5f186b1c
reloadAllAccessors: .PublisherPort3

===========================================================================================
----------------- testing Thu Nov 21 06:21:56 UTC 2019 /home/travis/build/icyphy/ptII/ptolemy/actor/lib/test/auto/PublisherPort4.xml
----------------- Instantiating /home/travis/build/icyphy/ptII/ptolemy/actor/lib/test/auto/PublisherPort4.xml
2 ms. Memory: 453632K Free: 287586K (63%)
----------------- Invoking toplevel() on ptolemy.moml.MoMLSimpleApplication@7e5ecdaf
----------------- Done invoking toplevel() on ptolemy.moml.MoMLSimpleApplication@7e5ecdaf
reloadAllAccessors: .PublisherPort4

===========================================================================================
----------------- testing Thu Nov 21 06:21:56 UTC 2019 /home/travis/build/icyphy/ptII/ptolemy/actor/lib/test/auto/PublisherPort5.xml
----------------- Instantiating /home/travis/build/icyphy/ptII/ptolemy/actor/lib/test/auto/PublisherPort5.xml
3 ms. Memory: 453632K Free: 279904K (62%)
----------------- Invoking toplevel() on ptolemy.moml.MoMLSimpleApplication@4a4fdee4
----------------- Done invoking toplevel() on ptolemy.moml.MoMLSimpleApplication@4a4fdee4
reloadAllAccessors: .PublisherPort5

===========================================================================================
----------------- testing Thu Nov 21 06:21:56 UTC 2019 /home/travis/build/icyphy/ptII/ptolemy/actor/lib/test/auto/PublisherPort5LookAlike.xml
----------------- Instantiating /home/travis/build/icyphy/ptII/ptolemy/actor/lib/test/auto/PublisherPort5LookAlike.xml
8 ms. Memory: 453632K Free: 272226K (60%)
----------------- Invoking toplevel() on ptolemy.moml.MoMLSimpleApplication@2c0e833f
----------------- Done invoking toplevel() on ptolemy.moml.MoMLSimpleApplication@2c0e833f
reloadAllAccessors: .PublisherPort5LookAlike

===========================================================================================
----------------- testing Thu Nov 21 06:21:56 UTC 2019 /home/travis/build/icyphy/ptII/ptolemy/actor/lib/test/auto/PublisherPort6.xml
----------------- Instantiating /home/travis/build/icyphy/ptII/ptolemy/actor/lib/test/auto/PublisherPort6.xml
2 ms. Memory: 453632K Free: 265568K (59%)
----------------- Invoking toplevel() on ptolemy.moml.MoMLSimpleApplication@3a4e1cf3
----------------- Done invoking toplevel() on ptolemy.moml.MoMLSimpleApplication@3a4e1cf3
reloadAllAccessors: .PublisherPort6

===========================================================================================
----------------- testing Thu Nov 21 06:21:56 UTC 2019 /home/travis/build/icyphy/ptII/ptolemy/actor/lib/test/auto/PublisherPort7.xml
----------------- Instantiating /home/travis/build/icyphy/ptII/ptolemy/actor/lib/test/auto/PublisherPort7.xml
4 ms. Memory: 453632K Free: 257890K (57%)
----------------- Invoking toplevel() on ptolemy.moml.MoMLSimpleApplication@7ad5fcb1
----------------- Done invoking toplevel() on ptolemy.moml.MoMLSimpleApplication@7ad5fcb1
reloadAllAccessors: .PublisherPort7

===========================================================================================
----------------- testing Thu Nov 21 06:21:56 UTC 2019 /home/travis/build/icyphy/ptII/ptolemy/actor/lib/test/auto/PublisherPort8.xml
----------------- Instantiating /home/travis/build/icyphy/ptII/ptolemy/actor/lib/test/auto/PublisherPort8.xml
5 ms. Memory: 453632K Free: 249184K (55%)
----------------- Invoking toplevel() on ptolemy.moml.MoMLSimpleApplication@5c283f33
----------------- Done invoking toplevel() on ptolemy.moml.MoMLSimpleApplication@5c283f33
reloadAllAccessors: .PublisherPort8

===========================================================================================
----------------- testing Thu Nov 21 06:21:56 UTC 2019 /home/travis/build/icyphy/ptII/ptolemy/actor/lib/test/auto/PublisherPortSubscriberChannelVariablesAOC2.xml
----------------- Instantiating /home/travis/build/icyphy/ptII/ptolemy/actor/lib/test/auto/PublisherPortSubscriberChannelVariablesAOC2.xml
3 ms. Memory: 453632K Free: 231776K (51%)
----------------- Invoking toplevel() on ptolemy.moml.MoMLSimpleApplication@5d8aed03
----------------- Done invoking toplevel() on ptolemy.moml.MoMLSimpleApplication@5d8aed03
reloadAllAccessors: .PublisherPortSubscriberChannelVariablesAOC2

===========================================================================================
----------------- testing Thu Nov 21 06:21:56 UTC 2019 /home/travis/build/icyphy/ptII/ptolemy/actor/lib/test/auto/PublisherPortSubscriberOpaqueWidthInference.xml
----------------- Instantiating /home/travis/build/icyphy/ptII/ptolemy/actor/lib/test/auto/PublisherPortSubscriberOpaqueWidthInference.xml
4 ms. Memory: 453632K Free: 223570K (49%)
----------------- Invoking toplevel() on ptolemy.moml.MoMLSimpleApplication@6fbb93fe
----------------- Done invoking toplevel() on ptolemy.moml.MoMLSimpleApplication@6fbb93fe
reloadAllAccessors: .PublisherPortSubscriberOpaqueWidthInference

===========================================================================================
----------------- testing Thu Nov 21 06:21:56 UTC 2019 /home/travis/build/icyphy/ptII/ptolemy/actor/lib/test/auto/PublisherPortSubscriberPortAdjacent.xml
----------------- Instantiating /home/travis/build/icyphy/ptII/ptolemy/actor/lib/test/auto/PublisherPortSubscriberPortAdjacent.xml
2 ms. Memory: 453632K Free: 215392K (47%)
----------------- Invoking toplevel() on ptolemy.moml.MoMLSimpleApplication@7f1672ba
----------------- Done invoking toplevel() on ptolemy.moml.MoMLSimpleApplication@7f1672ba
reloadAllAccessors: .PublisherPortSubscriberPortAdjacent

===========================================================================================
----------------- testing Thu Nov 21 06:21:56 UTC 2019 /home/travis/build/icyphy/ptII/ptolemy/actor/lib/test/auto/PublisherPortSubscriberPortExpression.xml
----------------- Instantiating /home/travis/build/icyphy/ptII/ptolemy/actor/lib/test/auto/PublisherPortSubscriberPortExpression.xml
4 ms. Memory: 453632K Free: 207714K (46%)
----------------- Invoking toplevel() on ptolemy.moml.MoMLSimpleApplication@1f91423a
----------------- Done invoking toplevel() on ptolemy.moml.MoMLSimpleApplication@1f91423a
reloadAllAccessors: .PublisherPortSubscriberPortExpression

===========================================================================================
----------------- testing Thu Nov 21 06:21:56 UTC 2019 /home/travis/build/icyphy/ptII/ptolemy/actor/lib/test/auto/PublisherPortSubscriberPortOpaqueD3Reverse.xml
----------------- Instantiating /home/travis/build/icyphy/ptII/ptolemy/actor/lib/test/auto/PublisherPortSubscriberPortOpaqueD3Reverse.xml
6 ms. Memory: 453632K Free: 197474K (44%)
----------------- Invoking toplevel() on ptolemy.moml.MoMLSimpleApplication@4003991f
----------------- Done invoking toplevel() on ptolemy.moml.MoMLSimpleApplication@4003991f
reloadAllAccessors: .PublisherPortSubscriberPortOpaqueD3Reverse

===========================================================================================
----------------- testing Thu Nov 21 06:21:57 UTC 2019 /home/travis/build/icyphy/ptII/ptolemy/actor/lib/test/auto/PublisherPortSubscriberPortOpaqueWidthInference.xml
----------------- Instantiating /home/travis/build/icyphy/ptII/ptolemy/actor/lib/test/auto/PublisherPortSubscriberPortOpaqueWidthInference.xml
4 ms. Memory: 453632K Free: 189778K (42%)
----------------- Invoking toplevel() on ptolemy.moml.MoMLSimpleApplication@68d193cd
----------------- Done invoking toplevel() on ptolemy.moml.MoMLSimpleApplication@68d193cd
reloadAllAccessors: .PublisherPortSubscriberPortOpaqueWidthInference

===========================================================================================
----------------- testing Thu Nov 21 06:21:57 UTC 2019 /home/travis/build/icyphy/ptII/ptolemy/actor/lib/test/auto/PublisherPortToplevelSubscriberPortAOC.xml
----------------- Instantiating /home/travis/build/icyphy/ptII/ptolemy/actor/lib/test/auto/PublisherPortToplevelSubscriberPortAOC.xml
.PublisherPortToplevelSubscriberPortAOC.TestExceptionAttribute: initialize() was not invoked, but wrapup() was.  This is unusual, but not always a problem.  For example, exporting JNLP will do this.
1 ms. Memory: 453632K Free: 184162K (41%)
----------------- Invoking toplevel() on ptolemy.moml.MoMLSimpleApplication@7b833bff
----------------- Done invoking toplevel() on ptolemy.moml.MoMLSimpleApplication@7b833bff
reloadAllAccessors: .PublisherPortToplevelSubscriberPortAOC

===========================================================================================
----------------- testing Thu Nov 21 06:21:57 UTC 2019 /home/travis/build/icyphy/ptII/ptolemy/actor/lib/test/auto/PublisherSubscriber.xml
----------------- Instantiating /home/travis/build/icyphy/ptII/ptolemy/actor/lib/test/auto/PublisherSubscriber.xml
2 ms. Memory: 453632K Free: 176450K (39%)
----------------- Invoking toplevel() on ptolemy.moml.MoMLSimpleApplication@1d6dd730
----------------- Done invoking toplevel() on ptolemy.moml.MoMLSimpleApplication@1d6dd730
reloadAllAccessors: .PublisherSubscriber

===========================================================================================
----------------- testing Thu Nov 21 06:21:57 UTC 2019 /home/travis/build/icyphy/ptII/ptolemy/actor/lib/test/auto/PublisherSubscriber10.xml
----------------- Instantiating /home/travis/build/icyphy/ptII/ptolemy/actor/lib/test/auto/PublisherSubscriber10.xml
6 ms. Memory: 453632K Free: 166754K (37%)
----------------- Invoking toplevel() on ptolemy.moml.MoMLSimpleApplication@5375b07d
----------------- Done invoking toplevel() on ptolemy.moml.MoMLSimpleApplication@5375b07d
reloadAllAccessors: .PublisherSubscriber10

===========================================================================================
----------------- testing Thu Nov 21 06:21:57 UTC 2019 /home/travis/build/icyphy/ptII/ptolemy/actor/lib/test/auto/PublisherSubscriber10InitialOutputs.xml
----------------- Instantiating /home/travis/build/icyphy/ptII/ptolemy/actor/lib/test/auto/PublisherSubscriber10InitialOutputs.xml
13 ms. Memory: 453632K Free: 157538K (35%)
----------------- Invoking toplevel() on ptolemy.moml.MoMLSimpleApplication@353a3d49
----------------- Done invoking toplevel() on ptolemy.moml.MoMLSimpleApplication@353a3d49
reloadAllAccessors: .PublisherSubscriber10InitialOutputs

===========================================================================================
----------------- testing Thu Nov 21 06:21:57 UTC 2019 /home/travis/build/icyphy/ptII/ptolemy/actor/lib/test/auto/PublisherSubscriber11.xml
----------------- Instantiating /home/travis/build/icyphy/ptII/ptolemy/actor/lib/test/auto/PublisherSubscriber11.xml
3 ms. Memory: 453632K Free: 150850K (33%)
----------------- Invoking toplevel() on ptolemy.moml.MoMLSimpleApplication@7ce8e0e7
----------------- Done invoking toplevel() on ptolemy.moml.MoMLSimpleApplication@7ce8e0e7
reloadAllAccessors: .PublisherSubscriber11

===========================================================================================
----------------- testing Thu Nov 21 06:21:57 UTC 2019 /home/travis/build/icyphy/ptII/ptolemy/actor/lib/test/auto/PublisherSubscriber12.xml
----------------- Instantiating /home/travis/build/icyphy/ptII/ptolemy/actor/lib/test/auto/PublisherSubscriber12.xml
5 ms. Memory: 453632K Free: 143712K (32%)
----------------- Invoking toplevel() on ptolemy.moml.MoMLSimpleApplication@283569db
----------------- Done invoking toplevel() on ptolemy.moml.MoMLSimpleApplication@283569db
reloadAllAccessors: .PublisherSubscriber12

===========================================================================================
----------------- testing Thu Nov 21 06:21:57 UTC 2019 /home/travis/build/icyphy/ptII/ptolemy/actor/lib/test/auto/PublisherSubscriber13.xml
----------------- Instantiating /home/travis/build/icyphy/ptII/ptolemy/actor/lib/test/auto/PublisherSubscriber13.xml
2 ms. Memory: 453632K Free: 138082K (30%)
----------------- Invoking toplevel() on ptolemy.moml.MoMLSimpleApplication@718bb898
----------------- Done invoking toplevel() on ptolemy.moml.MoMLSimpleApplication@718bb898
reloadAllAccessors: .PublisherSubscriber13

===========================================================================================
----------------- testing Thu Nov 21 06:21:57 UTC 2019 /home/travis/build/icyphy/ptII/ptolemy/actor/lib/test/auto/PublisherSubscriber14.xml
----------------- Instantiating /home/travis/build/icyphy/ptII/ptolemy/actor/lib/test/auto/PublisherSubscriber14.xml
2 ms. Memory: 453632K Free: 396597K (87%)
----------------- Invoking toplevel() on ptolemy.moml.MoMLSimpleApplication@78c5f483
----------------- Done invoking toplevel() on ptolemy.moml.MoMLSimpleApplication@78c5f483
reloadAllAccessors: .PublisherSubscriber14

===========================================================================================
----------------- testing Thu Nov 21 06:21:57 UTC 2019 /home/travis/build/icyphy/ptII/ptolemy/actor/lib/test/auto/PublisherSubscriber2.xml
----------------- Instantiating /home/travis/build/icyphy/ptII/ptolemy/actor/lib/test/auto/PublisherSubscriber2.xml
3 ms. Memory: 453632K Free: 390981K (86%)
----------------- Invoking toplevel() on ptolemy.moml.MoMLSimpleApplication@7aa8c24
----------------- Done invoking toplevel() on ptolemy.moml.MoMLSimpleApplication@7aa8c24
reloadAllAccessors: .PublisherSubscriber2

===========================================================================================
----------------- testing Thu Nov 21 06:21:57 UTC 2019 /home/travis/build/icyphy/ptII/ptolemy/actor/lib/test/auto/PublisherSubscriber3.xml
----------------- Instantiating /home/travis/build/icyphy/ptII/ptolemy/actor/lib/test/auto/PublisherSubscriber3.xml
2 ms. Memory: 453632K Free: 385317K (85%)
----------------- Invoking toplevel() on ptolemy.moml.MoMLSimpleApplication@73b51bd3
----------------- Done invoking toplevel() on ptolemy.moml.MoMLSimpleApplication@73b51bd3
reloadAllAccessors: .PublisherSubscriber3

===========================================================================================
----------------- testing Thu Nov 21 06:21:57 UTC 2019 /home/travis/build/icyphy/ptII/ptolemy/actor/lib/test/auto/PublisherSubscriber4.xml
----------------- Instantiating /home/travis/build/icyphy/ptII/ptolemy/actor/lib/test/auto/PublisherSubscriber4.xml
1 ms. Memory: 453632K Free: 379717K (84%)
----------------- Invoking toplevel() on ptolemy.moml.MoMLSimpleApplication@560e1b0e
----------------- Done invoking toplevel() on ptolemy.moml.MoMLSimpleApplication@560e1b0e
reloadAllAccessors: .PublisherSubscriber4

===========================================================================================
----------------- testing Thu Nov 21 06:21:57 UTC 2019 /home/travis/build/icyphy/ptII/ptolemy/actor/lib/test/auto/PublisherSubscriber5.xml
----------------- Instantiating /home/travis/build/icyphy/ptII/ptolemy/actor/lib/test/auto/PublisherSubscriber5.xml
2 ms. Memory: 453632K Free: 373059K (82%)
----------------- Invoking toplevel() on ptolemy.moml.MoMLSimpleApplication@4138b464
----------------- Done invoking toplevel() on ptolemy.moml.MoMLSimpleApplication@4138b464
reloadAllAccessors: .PublisherSubscriber5

===========================================================================================
----------------- testing Thu Nov 21 06:21:57 UTC 2019 /home/travis/build/icyphy/ptII/ptolemy/actor/lib/test/auto/PublisherSubscriber6.xml
----------------- Instantiating /home/travis/build/icyphy/ptII/ptolemy/actor/lib/test/auto/PublisherSubscriber6.xml
4 ms. Memory: 453632K Free: 366405K (81%)
----------------- Invoking toplevel() on ptolemy.moml.MoMLSimpleApplication@5919246f
----------------- Done invoking toplevel() on ptolemy.moml.MoMLSimpleApplication@5919246f
reloadAllAccessors: .PublisherSubscriber6

===========================================================================================
----------------- testing Thu Nov 21 06:21:57 UTC 2019 /home/travis/build/icyphy/ptII/ptolemy/actor/lib/test/auto/PublisherSubscriber7.xml
----------------- Instantiating /home/travis/build/icyphy/ptII/ptolemy/actor/lib/test/auto/PublisherSubscriber7.xml
7 ms. Memory: 453632K Free: 359747K (79%)
----------------- Invoking toplevel() on ptolemy.moml.MoMLSimpleApplication@7ec38406
----------------- Done invoking toplevel() on ptolemy.moml.MoMLSimpleApplication@7ec38406
reloadAllAccessors: .PublisherSubscriber7

===========================================================================================
----------------- testing Thu Nov 21 06:21:57 UTC 2019 /home/travis/build/icyphy/ptII/ptolemy/actor/lib/test/auto/PublisherSubscriber8.xml
----------------- Instantiating /home/travis/build/icyphy/ptII/ptolemy/actor/lib/test/auto/PublisherSubscriber8.xml
27 ms. Memory: 453632K Free: 347973K (77%)
----------------- Invoking toplevel() on ptolemy.moml.MoMLSimpleApplication@63e8c6da
----------------- Done invoking toplevel() on ptolemy.moml.MoMLSimpleApplication@63e8c6da
reloadAllAccessors: .PublisherSubscriber8

===========================================================================================
----------------- testing Thu Nov 21 06:21:57 UTC 2019 /home/travis/build/icyphy/ptII/ptolemy/actor/lib/test/auto/PublisherSubscriber9.xml
----------------- Instantiating /home/travis/build/icyphy/ptII/ptolemy/actor/lib/test/auto/PublisherSubscriber9.xml
3 ms. Memory: 453632K Free: 340805K (75%)
----------------- Invoking toplevel() on ptolemy.moml.MoMLSimpleApplication@651bda76
----------------- Done invoking toplevel() on ptolemy.moml.MoMLSimpleApplication@651bda76
reloadAllAccessors: .PublisherSubscriber9

===========================================================================================
----------------- testing Thu Nov 21 06:21:57 UTC 2019 /home/travis/build/icyphy/ptII/ptolemy/actor/lib/test/auto/PublisherSubscriberAdjacent.xml
----------------- Instantiating /home/travis/build/icyphy/ptII/ptolemy/actor/lib/test/auto/PublisherSubscriberAdjacent.xml
2 ms. Memory: 453632K Free: 332613K (73%)
----------------- Invoking toplevel() on ptolemy.moml.MoMLSimpleApplication@52e35b69
----------------- Done invoking toplevel() on ptolemy.moml.MoMLSimpleApplication@52e35b69
reloadAllAccessors: .PublisherSubscriberAdjacent

===========================================================================================
----------------- testing Thu Nov 21 06:21:57 UTC 2019 /home/travis/build/icyphy/ptII/ptolemy/actor/lib/test/auto/PublisherSubscriberChannelVariablesAOC2.xml
----------------- Instantiating /home/travis/build/icyphy/ptII/ptolemy/actor/lib/test/auto/PublisherSubscriberChannelVariablesAOC2.xml
3 ms. Memory: 453632K Free: 317253K (70%)
----------------- Invoking toplevel() on ptolemy.moml.MoMLSimpleApplication@555dda20
----------------- Done invoking toplevel() on ptolemy.moml.MoMLSimpleApplication@555dda20
reloadAllAccessors: .PublisherSubscriberChannelVariablesAOC2

===========================================================================================
----------------- testing Thu Nov 21 06:21:57 UTC 2019 /home/travis/build/icyphy/ptII/ptolemy/actor/lib/test/auto/PublisherSubscriberD3.xml
----------------- Instantiating /home/travis/build/icyphy/ptII/ptolemy/actor/lib/test/auto/PublisherSubscriberD3.xml
1 ms. Memory: 453632K Free: 310085K (68%)
----------------- Invoking toplevel() on ptolemy.moml.MoMLSimpleApplication@4c08e587
----------------- Done invoking toplevel() on ptolemy.moml.MoMLSimpleApplication@4c08e587
reloadAllAccessors: .PublisherSubscriberD3

===========================================================================================
----------------- testing Thu Nov 21 06:21:57 UTC 2019 /home/travis/build/icyphy/ptII/ptolemy/actor/lib/test/auto/PublisherSubscriberD3Reverse.xml
----------------- Instantiating /home/travis/build/icyphy/ptII/ptolemy/actor/lib/test/auto/PublisherSubscriberD3Reverse.xml
1 ms. Memory: 453632K Free: 303941K (67%)
----------------- Invoking toplevel() on ptolemy.moml.MoMLSimpleApplication@2e9f2ceb
----------------- Done invoking toplevel() on ptolemy.moml.MoMLSimpleApplication@2e9f2ceb
reloadAllAccessors: .PublisherSubscriberD3Reverse

===========================================================================================
----------------- testing Thu Nov 21 06:21:57 UTC 2019 /home/travis/build/icyphy/ptII/ptolemy/actor/lib/test/auto/PublisherSubscriberExpression.xml
----------------- Instantiating /home/travis/build/icyphy/ptII/ptolemy/actor/lib/test/auto/PublisherSubscriberExpression.xml
4 ms. Memory: 453632K Free: 295205K (65%)
----------------- Invoking toplevel() on ptolemy.moml.MoMLSimpleApplication@7620a7b5
----------------- Done invoking toplevel() on ptolemy.moml.MoMLSimpleApplication@7620a7b5
reloadAllAccessors: .PublisherSubscriberExpression

===========================================================================================
----------------- testing Thu Nov 21 06:21:57 UTC 2019 /home/travis/build/icyphy/ptII/ptolemy/actor/lib/test/auto/PublisherSubscriberOpaque.xml
----------------- Instantiating /home/travis/build/icyphy/ptII/ptolemy/actor/lib/test/auto/PublisherSubscriberOpaque.xml
4 ms. Memory: 453632K Free: 287029K (63%)
----------------- Invoking toplevel() on ptolemy.moml.MoMLSimpleApplication@67ee0971
----------------- Done invoking toplevel() on ptolemy.moml.MoMLSimpleApplication@67ee0971
reloadAllAccessors: .PublisherSubscriberOpaque

===========================================================================================
----------------- testing Thu Nov 21 06:21:57 UTC 2019 /home/travis/build/icyphy/ptII/ptolemy/actor/lib/test/auto/PublisherSubscriberOpaqueD3.xml
----------------- Instantiating /home/travis/build/icyphy/ptII/ptolemy/actor/lib/test/auto/PublisherSubscriberOpaqueD3.xml
6 ms. Memory: 453632K Free: 275779K (61%)
----------------- Invoking toplevel() on ptolemy.moml.MoMLSimpleApplication@71f86950
----------------- Done invoking toplevel() on ptolemy.moml.MoMLSimpleApplication@71f86950
reloadAllAccessors: .PublisherSubscriberOpaqueD3

===========================================================================================
----------------- testing Thu Nov 21 06:21:57 UTC 2019 /home/travis/build/icyphy/ptII/ptolemy/actor/lib/test/auto/PublisherSubscriberOpaqueD3Reverse.xml
----------------- Instantiating /home/travis/build/icyphy/ptII/ptolemy/actor/lib/test/auto/PublisherSubscriberOpaqueD3Reverse.xml
8 ms. Memory: 453632K Free: 265029K (58%)
----------------- Invoking toplevel() on ptolemy.moml.MoMLSimpleApplication@1e49c236
----------------- Done invoking toplevel() on ptolemy.moml.MoMLSimpleApplication@1e49c236
reloadAllAccessors: .PublisherSubscriberOpaqueD3Reverse

===========================================================================================
----------------- testing Thu Nov 21 06:21:57 UTC 2019 /home/travis/build/icyphy/ptII/ptolemy/actor/lib/test/auto/PublisherSubscriberOpaqueWidthInference.xml
----------------- Instantiating /home/travis/build/icyphy/ptII/ptolemy/actor/lib/test/auto/PublisherSubscriberOpaqueWidthInference.xml
5 ms. Memory: 453632K Free: 256837K (57%)
----------------- Invoking toplevel() on ptolemy.moml.MoMLSimpleApplication@43a2a921
----------------- Done invoking toplevel() on ptolemy.moml.MoMLSimpleApplication@43a2a921
reloadAllAccessors: .PublisherSubscriberOpaqueWidthInference

===========================================================================================
----------------- testing Thu Nov 21 06:21:57 UTC 2019 /home/travis/build/icyphy/ptII/ptolemy/actor/lib/test/auto/PublisherTestSubscriber.xml
----------------- Instantiating /home/travis/build/icyphy/ptII/ptolemy/actor/lib/test/auto/PublisherTestSubscriber.xml
3 ms. Memory: 453632K Free: 248645K (55%)
----------------- Invoking toplevel() on ptolemy.moml.MoMLSimpleApplication@7fc735d1
----------------- Done invoking toplevel() on ptolemy.moml.MoMLSimpleApplication@7fc735d1
reloadAllAccessors: .PublisherTestSubscriber

===========================================================================================
----------------- testing Thu Nov 21 06:21:57 UTC 2019 /home/travis/build/icyphy/ptII/ptolemy/actor/lib/test/auto/PublisherToplevelSubscriberPortAOC.xml
----------------- Instantiating /home/travis/build/icyphy/ptII/ptolemy/actor/lib/test/auto/PublisherToplevelSubscriberPortAOC.xml
2 ms. Memory: 453632K Free: 241973K (53%)
----------------- Invoking toplevel() on ptolemy.moml.MoMLSimpleApplication@21b1505e
----------------- Done invoking toplevel() on ptolemy.moml.MoMLSimpleApplication@21b1505e
reloadAllAccessors: .PublisherToplevelSubscriberPortAOC

===========================================================================================
----------------- testing Thu Nov 21 06:21:57 UTC 2019 /home/travis/build/icyphy/ptII/ptolemy/actor/lib/test/auto/PulseFiringLimitDE.xml
----------------- Instantiating /home/travis/build/icyphy/ptII/ptolemy/actor/lib/test/auto/PulseFiringLimitDE.xml
2 ms. Memory: 453632K Free: 235843K (52%)
----------------- Invoking toplevel() on ptolemy.moml.MoMLSimpleApplication@6eefa519
----------------- Done invoking toplevel() on ptolemy.moml.MoMLSimpleApplication@6eefa519
reloadAllAccessors: .PulseFiringLimitDE

===========================================================================================
----------------- testing Thu Nov 21 06:21:57 UTC 2019 /home/travis/build/icyphy/ptII/ptolemy/actor/lib/test/auto/Ramp1.xml
----------------- Instantiating /home/travis/build/icyphy/ptII/ptolemy/actor/lib/test/auto/Ramp1.xml
1 ms. Memory: 453632K Free: 231741K (51%)
----------------- Invoking toplevel() on ptolemy.moml.MoMLSimpleApplication@6c96605a
----------------- Done invoking toplevel() on ptolemy.moml.MoMLSimpleApplication@6c96605a
reloadAllAccessors: .Ramp1

===========================================================================================
----------------- testing Thu Nov 21 06:21:57 UTC 2019 /home/travis/build/icyphy/ptII/ptolemy/actor/lib/test/auto/RampFiringLimitDE.xml
----------------- Instantiating /home/travis/build/icyphy/ptII/ptolemy/actor/lib/test/auto/RampFiringLimitDE.xml
3 ms. Memory: 453632K Free: 225589K (50%)
----------------- Invoking toplevel() on ptolemy.moml.MoMLSimpleApplication@50d1bba3
----------------- Done invoking toplevel() on ptolemy.moml.MoMLSimpleApplication@50d1bba3
reloadAllAccessors: .RampFiringLimitDE

===========================================================================================
----------------- testing Thu Nov 21 06:21:57 UTC 2019 /home/travis/build/icyphy/ptII/ptolemy/actor/lib/test/auto/RampFiringLimitSDF.xml
----------------- Instantiating /home/travis/build/icyphy/ptII/ptolemy/actor/lib/test/auto/RampFiringLimitSDF.xml
2 ms. Memory: 453632K Free: 220469K (49%)
----------------- Invoking toplevel() on ptolemy.moml.MoMLSimpleApplication@3c3dfcd5
----------------- Done invoking toplevel() on ptolemy.moml.MoMLSimpleApplication@3c3dfcd5
reloadAllAccessors: .RampFiringLimitSDF

===========================================================================================
----------------- testing Thu Nov 21 06:21:57 UTC 2019 /home/travis/build/icyphy/ptII/ptolemy/actor/lib/test/auto/RandomInteger.xml
----------------- Instantiating /home/travis/build/icyphy/ptII/ptolemy/actor/lib/test/auto/RandomInteger.xml
1 ms. Memory: 453632K Free: 216387K (48%)
----------------- Invoking toplevel() on ptolemy.moml.MoMLSimpleApplication@5801e128
----------------- Done invoking toplevel() on ptolemy.moml.MoMLSimpleApplication@5801e128
reloadAllAccessors: .RandomInteger

===========================================================================================
----------------- testing Thu Nov 21 06:21:57 UTC 2019 /home/travis/build/icyphy/ptII/ptolemy/actor/lib/test/auto/ReadFile1.xml
----------------- Instantiating /home/travis/build/icyphy/ptII/ptolemy/actor/lib/test/auto/ReadFile1.xml
1 ms. Memory: 453632K Free: 211781K (47%)
----------------- Invoking toplevel() on ptolemy.moml.MoMLSimpleApplication@34e39349
----------------- Done invoking toplevel() on ptolemy.moml.MoMLSimpleApplication@34e39349
reloadAllAccessors: .ReadFile1

===========================================================================================
----------------- testing Thu Nov 21 06:21:57 UTC 2019 /home/travis/build/icyphy/ptII/ptolemy/actor/lib/test/auto/ReadFile2.xml
----------------- Instantiating /home/travis/build/icyphy/ptII/ptolemy/actor/lib/test/auto/ReadFile2.xml
1 ms. Memory: 453632K Free: 207171K (46%)
----------------- Invoking toplevel() on ptolemy.moml.MoMLSimpleApplication@d968ed6
----------------- Done invoking toplevel() on ptolemy.moml.MoMLSimpleApplication@d968ed6
reloadAllAccessors: .ReadFile2

===========================================================================================
----------------- testing Thu Nov 21 06:21:57 UTC 2019 /home/travis/build/icyphy/ptII/ptolemy/actor/lib/test/auto/Reader.xml
----------------- Instantiating /home/travis/build/icyphy/ptII/ptolemy/actor/lib/test/auto/Reader.xml
actor.lib.Reader is obsolete, use actor.lib.io.ExpressionReader instead
2 ms. Memory: 453632K Free: 203075K (45%)
----------------- Invoking toplevel() on ptolemy.moml.MoMLSimpleApplication@4c679de4
----------------- Done invoking toplevel() on ptolemy.moml.MoMLSimpleApplication@4c679de4
reloadAllAccessors: .Reader

===========================================================================================
----------------- testing Thu Nov 21 06:21:57 UTC 2019 /home/travis/build/icyphy/ptII/ptolemy/actor/lib/test/auto/RecordAssemblerDisplayNameTest.xml
----------------- Instantiating /home/travis/build/icyphy/ptII/ptolemy/actor/lib/test/auto/RecordAssemblerDisplayNameTest.xml
3748 ms. Memory: 453632K Free: 318771K (70%)
----------------- Invoking toplevel() on ptolemy.moml.MoMLSimpleApplication@6a5d4284
----------------- Done invoking toplevel() on ptolemy.moml.MoMLSimpleApplication@6a5d4284
reloadAllAccessors: .RecordAssemblerDisplayNameTest

===========================================================================================
----------------- testing Thu Nov 21 06:22:01 UTC 2019 /home/travis/build/icyphy/ptII/ptolemy/actor/lib/test/auto/RecordAssemblerTypeError.xml
----------------- Instantiating /home/travis/build/icyphy/ptII/ptolemy/actor/lib/test/auto/RecordAssemblerTypeError.xml
10 ms. Memory: 453632K Free: 309045K (68%)
----------------- Invoking toplevel() on ptolemy.moml.MoMLSimpleApplication@4eb8ed10
----------------- Done invoking toplevel() on ptolemy.moml.MoMLSimpleApplication@4eb8ed10
reloadAllAccessors: .RecordAssemblerTypeError

===========================================================================================
----------------- testing Thu Nov 21 06:22:01 UTC 2019 /home/travis/build/icyphy/ptII/ptolemy/actor/lib/test/auto/RecordDisassember.xml
----------------- Instantiating /home/travis/build/icyphy/ptII/ptolemy/actor/lib/test/auto/RecordDisassember.xml
12 ms. Memory: 453632K Free: 304405K (67%)
----------------- Invoking toplevel() on ptolemy.moml.MoMLSimpleApplication@48927550
----------------- Done invoking toplevel() on ptolemy.moml.MoMLSimpleApplication@48927550
reloadAllAccessors: .RecordDisassember

===========================================================================================
----------------- testing Thu Nov 21 06:22:01 UTC 2019 /home/travis/build/icyphy/ptII/ptolemy/actor/lib/test/auto/RecordDisassemberDisplayNameTest.xml
----------------- Instantiating /home/travis/build/icyphy/ptII/ptolemy/actor/lib/test/auto/RecordDisassemberDisplayNameTest.xml
5 ms. Memory: 453632K Free: 296243K (65%)
----------------- Invoking toplevel() on ptolemy.moml.MoMLSimpleApplication@310ec381
----------------- Done invoking toplevel() on ptolemy.moml.MoMLSimpleApplication@310ec381
reloadAllAccessors: .RecordDisassemberDisplayNameTest

===========================================================================================
----------------- testing Thu Nov 21 06:22:01 UTC 2019 /home/travis/build/icyphy/ptII/ptolemy/actor/lib/test/auto/RecordDisassembler.xml
----------------- Instantiating /home/travis/build/icyphy/ptII/ptolemy/actor/lib/test/auto/RecordDisassembler.xml
3 ms. Memory: 453632K Free: 291117K (64%)
----------------- Invoking toplevel() on ptolemy.moml.MoMLSimpleApplication@e02a26a
----------------- Done invoking toplevel() on ptolemy.moml.MoMLSimpleApplication@e02a26a
reloadAllAccessors: .RecordDisassembler

===========================================================================================
----------------- testing Thu Nov 21 06:22:01 UTC 2019 /home/travis/build/icyphy/ptII/ptolemy/actor/lib/test/auto/RecordDisassembler2.xml
----------------- Instantiating /home/travis/build/icyphy/ptII/ptolemy/actor/lib/test/auto/RecordDisassembler2.xml
2 ms. Memory: 453632K Free: 285973K (63%)
----------------- Invoking toplevel() on ptolemy.moml.MoMLSimpleApplication@7477d731
----------------- Done invoking toplevel() on ptolemy.moml.MoMLSimpleApplication@7477d731
reloadAllAccessors: .RecordDisassembler2

===========================================================================================
----------------- testing Thu Nov 21 06:22:01 UTC 2019 /home/travis/build/icyphy/ptII/ptolemy/actor/lib/test/auto/RecordUpdater.xml
----------------- Instantiating /home/travis/build/icyphy/ptII/ptolemy/actor/lib/test/auto/RecordUpdater.xml
1 ms. Memory: 453632K Free: 280883K (62%)
----------------- Invoking toplevel() on ptolemy.moml.MoMLSimpleApplication@19a00916
----------------- Done invoking toplevel() on ptolemy.moml.MoMLSimpleApplication@19a00916
reloadAllAccessors: .RecordUpdater

===========================================================================================
----------------- testing Thu Nov 21 06:22:01 UTC 2019 /home/travis/build/icyphy/ptII/ptolemy/actor/lib/test/auto/RecordUpdater2.xml
----------------- Instantiating /home/travis/build/icyphy/ptII/ptolemy/actor/lib/test/auto/RecordUpdater2.xml
2 ms. Memory: 453632K Free: 275763K (61%)
----------------- Invoking toplevel() on ptolemy.moml.MoMLSimpleApplication@313413a3
----------------- Done invoking toplevel() on ptolemy.moml.MoMLSimpleApplication@313413a3
reloadAllAccessors: .RecordUpdater2

===========================================================================================
----------------- testing Thu Nov 21 06:22:01 UTC 2019 /home/travis/build/icyphy/ptII/ptolemy/actor/lib/test/auto/RecursiveLattice.xml
----------------- Instantiating /home/travis/build/icyphy/ptII/ptolemy/actor/lib/test/auto/RecursiveLattice.xml
2 ms. Memory: 453632K Free: 271667K (60%)
----------------- Invoking toplevel() on ptolemy.moml.MoMLSimpleApplication@67e50599
----------------- Done invoking toplevel() on ptolemy.moml.MoMLSimpleApplication@67e50599
reloadAllAccessors: .RecursiveLattice

===========================================================================================
----------------- testing Thu Nov 21 06:22:01 UTC 2019 /home/travis/build/icyphy/ptII/ptolemy/actor/lib/test/auto/Router.xml
----------------- Instantiating /home/travis/build/icyphy/ptII/ptolemy/actor/lib/test/auto/Router.xml
3004 ms. Memory: 453632K Free: 259893K (57%)
----------------- Invoking toplevel() on ptolemy.moml.MoMLSimpleApplication@4cc686a7
----------------- Done invoking toplevel() on ptolemy.moml.MoMLSimpleApplication@4cc686a7
reloadAllAccessors: .Router

===========================================================================================
----------------- testing Thu Nov 21 06:22:04 UTC 2019 /home/travis/build/icyphy/ptII/ptolemy/actor/lib/test/auto/Router2.xml
----------------- Instantiating /home/travis/build/icyphy/ptII/ptolemy/actor/lib/test/auto/Router2.xml
3008 ms. Memory: 453632K Free: 249139K (55%)
----------------- Invoking toplevel() on ptolemy.moml.MoMLSimpleApplication@682d3401
----------------- Done invoking toplevel() on ptolemy.moml.MoMLSimpleApplication@682d3401
reloadAllAccessors: .Router2

===========================================================================================
----------------- testing Thu Nov 21 06:22:07 UTC 2019 /home/travis/build/icyphy/ptII/ptolemy/actor/lib/test/auto/RunningMaximum.xml
----------------- Instantiating /home/travis/build/icyphy/ptII/ptolemy/actor/lib/test/auto/RunningMaximum.xml
2 ms. Memory: 453632K Free: 244533K (54%)
----------------- Invoking toplevel() on ptolemy.moml.MoMLSimpleApplication@644e8c4f
----------------- Done invoking toplevel() on ptolemy.moml.MoMLSimpleApplication@644e8c4f
reloadAllAccessors: .RunningMaximum

===========================================================================================
----------------- testing Thu Nov 21 06:22:07 UTC 2019 /home/travis/build/icyphy/ptII/ptolemy/actor/lib/test/auto/RunningMinimum.xml
----------------- Instantiating /home/travis/build/icyphy/ptII/ptolemy/actor/lib/test/auto/RunningMinimum.xml
6 ms. Memory: 453632K Free: 239923K (53%)
----------------- Invoking toplevel() on ptolemy.moml.MoMLSimpleApplication@3206327c
----------------- Done invoking toplevel() on ptolemy.moml.MoMLSimpleApplication@3206327c
reloadAllAccessors: .RunningMinimum

===========================================================================================
----------------- testing Thu Nov 21 06:22:07 UTC 2019 /home/travis/build/icyphy/ptII/ptolemy/actor/lib/test/auto/Scale.xml
----------------- Instantiating /home/travis/build/icyphy/ptII/ptolemy/actor/lib/test/auto/Scale.xml
2 ms. Memory: 453632K Free: 235317K (52%)
----------------- Invoking toplevel() on ptolemy.moml.MoMLSimpleApplication@51d45a00
----------------- Done invoking toplevel() on ptolemy.moml.MoMLSimpleApplication@51d45a00
reloadAllAccessors: .Scale

===========================================================================================
----------------- testing Thu Nov 21 06:22:07 UTC 2019 /home/travis/build/icyphy/ptII/ptolemy/actor/lib/test/auto/Scale2.xml
----------------- Instantiating /home/travis/build/icyphy/ptII/ptolemy/actor/lib/test/auto/Scale2.xml
2 ms. Memory: 453632K Free: 230707K (51%)
----------------- Invoking toplevel() on ptolemy.moml.MoMLSimpleApplication@73c6cb60
----------------- Done invoking toplevel() on ptolemy.moml.MoMLSimpleApplication@73c6cb60
reloadAllAccessors: .Scale2

===========================================================================================
----------------- testing Thu Nov 21 06:22:07 UTC 2019 /home/travis/build/icyphy/ptII/ptolemy/actor/lib/test/auto/Scale3.xml
----------------- Instantiating /home/travis/build/icyphy/ptII/ptolemy/actor/lib/test/auto/Scale3.xml
7 ms. Memory: 453632K Free: 224053K (49%)
----------------- Invoking toplevel() on ptolemy.moml.MoMLSimpleApplication@3d400e20
----------------- Done invoking toplevel() on ptolemy.moml.MoMLSimpleApplication@3d400e20
reloadAllAccessors: .Scale3

===========================================================================================
----------------- testing Thu Nov 21 06:22:07 UTC 2019 /home/travis/build/icyphy/ptII/ptolemy/actor/lib/test/auto/ScaleArray.xml
----------------- Instantiating /home/travis/build/icyphy/ptII/ptolemy/actor/lib/test/auto/ScaleArray.xml
2 ms. Memory: 453632K Free: 219443K (48%)
----------------- Invoking toplevel() on ptolemy.moml.MoMLSimpleApplication@4c471852
----------------- Done invoking toplevel() on ptolemy.moml.MoMLSimpleApplication@4c471852
reloadAllAccessors: .ScaleArray

===========================================================================================
----------------- testing Thu Nov 21 06:22:07 UTC 2019 /home/travis/build/icyphy/ptII/ptolemy/actor/lib/test/auto/ScaleArray2.xml
----------------- Instantiating /home/travis/build/icyphy/ptII/ptolemy/actor/lib/test/auto/ScaleArray2.xml
2 ms. Memory: 453632K Free: 214837K (47%)
----------------- Invoking toplevel() on ptolemy.moml.MoMLSimpleApplication@7ba8c1c3
----------------- Done invoking toplevel() on ptolemy.moml.MoMLSimpleApplication@7ba8c1c3
reloadAllAccessors: .ScaleArray2

===========================================================================================
----------------- testing Thu Nov 21 06:22:07 UTC 2019 /home/travis/build/icyphy/ptII/ptolemy/actor/lib/test/auto/ScaleMatrix.xml
----------------- Instantiating /home/travis/build/icyphy/ptII/ptolemy/actor/lib/test/auto/ScaleMatrix.xml
164 ms. Memory: 453632K Free: 199477K (44%)
----------------- Invoking toplevel() on ptolemy.moml.MoMLSimpleApplication@d1995d3
----------------- Done invoking toplevel() on ptolemy.moml.MoMLSimpleApplication@d1995d3
reloadAllAccessors: .ScaleMatrix

===========================================================================================
----------------- testing Thu Nov 21 06:22:08 UTC 2019 /home/travis/build/icyphy/ptII/ptolemy/actor/lib/test/auto/Select.xml
----------------- Instantiating /home/travis/build/icyphy/ptII/ptolemy/actor/lib/test/auto/Select.xml
2 ms. Memory: 453632K Free: 193333K (43%)
----------------- Invoking toplevel() on ptolemy.moml.MoMLSimpleApplication@6a488642
----------------- Done invoking toplevel() on ptolemy.moml.MoMLSimpleApplication@6a488642
reloadAllAccessors: .Select

===========================================================================================
----------------- testing Thu Nov 21 06:22:08 UTC 2019 /home/travis/build/icyphy/ptII/ptolemy/actor/lib/test/auto/Select2.xml
----------------- Instantiating /home/travis/build/icyphy/ptII/ptolemy/actor/lib/test/auto/Select2.xml
2 ms. Memory: 453632K Free: 188723K (42%)
----------------- Invoking toplevel() on ptolemy.moml.MoMLSimpleApplication@98476ce
----------------- Done invoking toplevel() on ptolemy.moml.MoMLSimpleApplication@98476ce
reloadAllAccessors: .Select2

===========================================================================================
----------------- testing Thu Nov 21 06:22:08 UTC 2019 /home/travis/build/icyphy/ptII/ptolemy/actor/lib/test/auto/SequenceToArray2.xml
----------------- Instantiating /home/travis/build/icyphy/ptII/ptolemy/actor/lib/test/auto/SequenceToArray2.xml
117 ms. Memory: 453632K Free: 163637K (36%)
----------------- Invoking toplevel() on ptolemy.moml.MoMLSimpleApplication@7dd7de21
----------------- Done invoking toplevel() on ptolemy.moml.MoMLSimpleApplication@7dd7de21
reloadAllAccessors: .SequenceToArray2

===========================================================================================
----------------- testing Thu Nov 21 06:22:08 UTC 2019 /home/travis/build/icyphy/ptII/ptolemy/actor/lib/test/auto/SequentialClock.xml
----------------- Instantiating /home/travis/build/icyphy/ptII/ptolemy/actor/lib/test/auto/SequentialClock.xml
1 ms. Memory: 453632K Free: 159541K (35%)
----------------- Invoking toplevel() on ptolemy.moml.MoMLSimpleApplication@1b1e6b48
----------------- Done invoking toplevel() on ptolemy.moml.MoMLSimpleApplication@1b1e6b48
reloadAllAccessors: .SequentialClock

===========================================================================================
----------------- testing Thu Nov 21 06:22:08 UTC 2019 /home/travis/build/icyphy/ptII/ptolemy/actor/lib/test/auto/SetVariable.xml
----------------- Instantiating /home/travis/build/icyphy/ptII/ptolemy/actor/lib/test/auto/SetVariable.xml
2 ms. Memory: 453632K Free: 154931K (34%)
----------------- Invoking toplevel() on ptolemy.moml.MoMLSimpleApplication@68b4dda1
----------------- Done invoking toplevel() on ptolemy.moml.MoMLSimpleApplication@68b4dda1
reloadAllAccessors: .SetVariable

===========================================================================================
----------------- testing Thu Nov 21 06:22:08 UTC 2019 /home/travis/build/icyphy/ptII/ptolemy/actor/lib/test/auto/SetVariable2.xml
----------------- Instantiating /home/travis/build/icyphy/ptII/ptolemy/actor/lib/test/auto/SetVariable2.xml
4 ms. Memory: 453632K Free: 149811K (33%)
----------------- Invoking toplevel() on ptolemy.moml.MoMLSimpleApplication@286c9d60
----------------- Done invoking toplevel() on ptolemy.moml.MoMLSimpleApplication@286c9d60
reloadAllAccessors: .SetVariable2

===========================================================================================
----------------- testing Thu Nov 21 06:22:08 UTC 2019 /home/travis/build/icyphy/ptII/ptolemy/actor/lib/test/auto/SetVariable3.xml
----------------- Instantiating /home/travis/build/icyphy/ptII/ptolemy/actor/lib/test/auto/SetVariable3.xml
7 ms. Memory: 453632K Free: 144691K (32%)
----------------- Invoking toplevel() on ptolemy.moml.MoMLSimpleApplication@6bb54d83
----------------- Done invoking toplevel() on ptolemy.moml.MoMLSimpleApplication@6bb54d83
reloadAllAccessors: .SetVariable3

===========================================================================================
----------------- testing Thu Nov 21 06:22:08 UTC 2019 /home/travis/build/icyphy/ptII/ptolemy/actor/lib/test/auto/SetVariable4.xml
----------------- Instantiating /home/travis/build/icyphy/ptII/ptolemy/actor/lib/test/auto/SetVariable4.xml
27 ms. Memory: 453632K Free: 401203K (88%)
----------------- Invoking toplevel() on ptolemy.moml.MoMLSimpleApplication@a999f30
----------------- Done invoking toplevel() on ptolemy.moml.MoMLSimpleApplication@a999f30
reloadAllAccessors: .SetVariable4

===========================================================================================
----------------- testing Thu Nov 21 06:22:08 UTC 2019 /home/travis/build/icyphy/ptII/ptolemy/actor/lib/test/auto/SetVariable5.xml
----------------- Instantiating /home/travis/build/icyphy/ptII/ptolemy/actor/lib/test/auto/SetVariable5.xml
18 ms. Memory: 453632K Free: 391473K (86%)
----------------- Invoking toplevel() on ptolemy.moml.MoMLSimpleApplication@205ef515
----------------- Done invoking toplevel() on ptolemy.moml.MoMLSimpleApplication@205ef515
reloadAllAccessors: .SetVariable5

===========================================================================================
----------------- testing Thu Nov 21 06:22:08 UTC 2019 /home/travis/build/icyphy/ptII/ptolemy/actor/lib/test/auto/Sinewave.xml
----------------- Instantiating /home/travis/build/icyphy/ptII/ptolemy/actor/lib/test/auto/Sinewave.xml
4 ms. Memory: 453632K Free: 381233K (84%)
----------------- Invoking toplevel() on ptolemy.moml.MoMLSimpleApplication@10bc68c2
----------------- Done invoking toplevel() on ptolemy.moml.MoMLSimpleApplication@10bc68c2
reloadAllAccessors: .Sinewave

===========================================================================================
----------------- testing Thu Nov 21 06:22:08 UTC 2019 /home/travis/build/icyphy/ptII/ptolemy/actor/lib/test/auto/Sinewave2.xml
----------------- Instantiating /home/travis/build/icyphy/ptII/ptolemy/actor/lib/test/auto/Sinewave2.xml
7 ms. Memory: 453632K Free: 372017K (82%)
----------------- Invoking toplevel() on ptolemy.moml.MoMLSimpleApplication@485bc6dd
----------------- Done invoking toplevel() on ptolemy.moml.MoMLSimpleApplication@485bc6dd
reloadAllAccessors: .Sinewave2

===========================================================================================
----------------- testing Thu Nov 21 06:22:08 UTC 2019 /home/travis/build/icyphy/ptII/ptolemy/actor/lib/test/auto/Sinewave3.xml
----------------- Instantiating /home/travis/build/icyphy/ptII/ptolemy/actor/lib/test/auto/Sinewave3.xml
11 ms. Memory: 453632K Free: 363795K (80%)
----------------- Invoking toplevel() on ptolemy.moml.MoMLSimpleApplication@61da4c05
----------------- Done invoking toplevel() on ptolemy.moml.MoMLSimpleApplication@61da4c05
reloadAllAccessors: .Sinewave3

===========================================================================================
----------------- testing Thu Nov 21 06:22:08 UTC 2019 /home/travis/build/icyphy/ptII/ptolemy/actor/lib/test/auto/SingleEvent.xml
----------------- Instantiating /home/travis/build/icyphy/ptII/ptolemy/actor/lib/test/auto/SingleEvent.xml
1 ms. Memory: 453632K Free: 359729K (79%)
----------------- Invoking toplevel() on ptolemy.moml.MoMLSimpleApplication@5e1a03a8
----------------- Done invoking toplevel() on ptolemy.moml.MoMLSimpleApplication@5e1a03a8
reloadAllAccessors: .SingleEvent

===========================================================================================
----------------- testing Thu Nov 21 06:22:08 UTC 2019 /home/travis/build/icyphy/ptII/ptolemy/actor/lib/test/auto/Sleep.xml
----------------- Instantiating /home/travis/build/icyphy/ptII/ptolemy/actor/lib/test/auto/Sleep.xml
6004 ms. Memory: 453632K Free: 354571K (78%)
----------------- Invoking toplevel() on ptolemy.moml.MoMLSimpleApplication@6dd71b9
----------------- Done invoking toplevel() on ptolemy.moml.MoMLSimpleApplication@6dd71b9
reloadAllAccessors: .Sleep

===========================================================================================
----------------- testing Thu Nov 21 06:22:14 UTC 2019 /home/travis/build/icyphy/ptII/ptolemy/actor/lib/test/auto/SleepMultipleFire.xml
----------------- Instantiating /home/travis/build/icyphy/ptII/ptolemy/actor/lib/test/auto/SleepMultipleFire.xml
1006 ms. Memory: 453632K Free: 348465K (77%)
----------------- Invoking toplevel() on ptolemy.moml.MoMLSimpleApplication@fc786b4
----------------- Done invoking toplevel() on ptolemy.moml.MoMLSimpleApplication@fc786b4
reloadAllAccessors: .SleepMultipleFire

===========================================================================================
----------------- testing Thu Nov 21 06:22:15 UTC 2019 /home/travis/build/icyphy/ptII/ptolemy/actor/lib/test/auto/StopDE.xml
----------------- Instantiating /home/travis/build/icyphy/ptII/ptolemy/actor/lib/test/auto/StopDE.xml
15 ms. Memory: 453632K Free: 342835K (76%)
----------------- Invoking toplevel() on ptolemy.moml.MoMLSimpleApplication@58344ae0
----------------- Done invoking toplevel() on ptolemy.moml.MoMLSimpleApplication@58344ae0
reloadAllAccessors: .StopDE

===========================================================================================
----------------- testing Thu Nov 21 06:22:15 UTC 2019 /home/travis/build/icyphy/ptII/ptolemy/actor/lib/test/auto/StopSDF.xml
----------------- Instantiating /home/travis/build/icyphy/ptII/ptolemy/actor/lib/test/auto/StopSDF.xml
4 ms. Memory: 453632K Free: 337715K (74%)
----------------- Invoking toplevel() on ptolemy.moml.MoMLSimpleApplication@7ee13676
----------------- Done invoking toplevel() on ptolemy.moml.MoMLSimpleApplication@7ee13676
reloadAllAccessors: .StopSDF

===========================================================================================
----------------- testing Thu Nov 21 06:22:15 UTC 2019 /home/travis/build/icyphy/ptII/ptolemy/actor/lib/test/auto/StringConstant.xml
----------------- Instantiating /home/travis/build/icyphy/ptII/ptolemy/actor/lib/test/auto/StringConstant.xml
11 ms. Memory: 453632K Free: 333105K (73%)
----------------- Invoking toplevel() on ptolemy.moml.MoMLSimpleApplication@435dba24
----------------- Done invoking toplevel() on ptolemy.moml.MoMLSimpleApplication@435dba24
reloadAllAccessors: .StringConstant

===========================================================================================
----------------- testing Thu Nov 21 06:22:15 UTC 2019 /home/travis/build/icyphy/ptII/ptolemy/actor/lib/test/auto/SubscriberPortInitialValues1.xml
----------------- Instantiating /home/travis/build/icyphy/ptII/ptolemy/actor/lib/test/auto/SubscriberPortInitialValues1.xml
13 ms. Memory: 453632K Free: 323889K (71%)
----------------- Invoking toplevel() on ptolemy.moml.MoMLSimpleApplication@2238b0e9
----------------- Done invoking toplevel() on ptolemy.moml.MoMLSimpleApplication@2238b0e9
reloadAllAccessors: .SubscriberPortInitialValues1

===========================================================================================
----------------- testing Thu Nov 21 06:22:15 UTC 2019 /home/travis/build/icyphy/ptII/ptolemy/actor/lib/test/auto/SubscriberPortInitialValues13.xml
----------------- Instantiating /home/travis/build/icyphy/ptII/ptolemy/actor/lib/test/auto/SubscriberPortInitialValues13.xml
14 ms. Memory: 453632K Free: 310577K (68%)
----------------- Invoking toplevel() on ptolemy.moml.MoMLSimpleApplication@46798d0f
----------------- Done invoking toplevel() on ptolemy.moml.MoMLSimpleApplication@46798d0f
reloadAllAccessors: .SubscriberPortInitialValues13

===========================================================================================
----------------- testing Thu Nov 21 06:22:15 UTC 2019 /home/travis/build/icyphy/ptII/ptolemy/actor/lib/test/auto/SubscriberPortInitialValues14.xml
----------------- Instantiating /home/travis/build/icyphy/ptII/ptolemy/actor/lib/test/auto/SubscriberPortInitialValues14.xml
6 ms. Memory: 453632K Free: 302899K (67%)
----------------- Invoking toplevel() on ptolemy.moml.MoMLSimpleApplication@7a82e7f9
----------------- Done invoking toplevel() on ptolemy.moml.MoMLSimpleApplication@7a82e7f9
reloadAllAccessors: .SubscriberPortInitialValues14

===========================================================================================
----------------- testing Thu Nov 21 06:22:15 UTC 2019 /home/travis/build/icyphy/ptII/ptolemy/actor/lib/test/auto/SubscriberPortInitialValues2.xml
----------------- Instantiating /home/travis/build/icyphy/ptII/ptolemy/actor/lib/test/auto/SubscriberPortInitialValues2.xml
7 ms. Memory: 453632K Free: 295217K (65%)
----------------- Invoking toplevel() on ptolemy.moml.MoMLSimpleApplication@36c836be
----------------- Done invoking toplevel() on ptolemy.moml.MoMLSimpleApplication@36c836be
reloadAllAccessors: .SubscriberPortInitialValues2

===========================================================================================
----------------- testing Thu Nov 21 06:22:15 UTC 2019 /home/travis/build/icyphy/ptII/ptolemy/actor/lib/test/auto/SubscriberPortInitialValues3.xml
----------------- Instantiating /home/travis/build/icyphy/ptII/ptolemy/actor/lib/test/auto/SubscriberPortInitialValues3.xml
5 ms. Memory: 453632K Free: 283953K (63%)
----------------- Invoking toplevel() on ptolemy.moml.MoMLSimpleApplication@54e47d0f
----------------- Done invoking toplevel() on ptolemy.moml.MoMLSimpleApplication@54e47d0f
reloadAllAccessors: .SubscriberPortInitialValues3

===========================================================================================
----------------- testing Thu Nov 21 06:22:15 UTC 2019 /home/travis/build/icyphy/ptII/ptolemy/actor/lib/test/auto/SubscriptionAggregator.xml
----------------- Instantiating /home/travis/build/icyphy/ptII/ptolemy/actor/lib/test/auto/SubscriptionAggregator.xml
3 ms. Memory: 453632K Free: 277299K (61%)
----------------- Invoking toplevel() on ptolemy.moml.MoMLSimpleApplication@1b66b435
----------------- Done invoking toplevel() on ptolemy.moml.MoMLSimpleApplication@1b66b435
reloadAllAccessors: .SubscriptionAggregator

===========================================================================================
----------------- testing Thu Nov 21 06:22:15 UTC 2019 /home/travis/build/icyphy/ptII/ptolemy/actor/lib/test/auto/SubscriptionAggregator2.xml
----------------- Instantiating /home/travis/build/icyphy/ptII/ptolemy/actor/lib/test/auto/SubscriptionAggregator2.xml
3 ms. Memory: 453632K Free: 270131K (60%)
----------------- Invoking toplevel() on ptolemy.moml.MoMLSimpleApplication@e676542
----------------- Done invoking toplevel() on ptolemy.moml.MoMLSimpleApplication@e676542
reloadAllAccessors: .SubscriptionAggregator2

===========================================================================================
----------------- testing Thu Nov 21 06:22:15 UTC 2019 /home/travis/build/icyphy/ptII/ptolemy/actor/lib/test/auto/SubscriptionAggregator3.xml
----------------- Instantiating /home/travis/build/icyphy/ptII/ptolemy/actor/lib/test/auto/SubscriptionAggregator3.xml
6 ms. Memory: 453632K Free: 261419K (58%)
----------------- Invoking toplevel() on ptolemy.moml.MoMLSimpleApplication@4916dbf6
----------------- Done invoking toplevel() on ptolemy.moml.MoMLSimpleApplication@4916dbf6
reloadAllAccessors: .SubscriptionAggregator3

===========================================================================================
----------------- testing Thu Nov 21 06:22:15 UTC 2019 /home/travis/build/icyphy/ptII/ptolemy/actor/lib/test/auto/SubscriptionAggregatorMultiply.xml
----------------- Instantiating /home/travis/build/icyphy/ptII/ptolemy/actor/lib/test/auto/SubscriptionAggregatorMultiply.xml
15 ms. Memory: 453632K Free: 252723K (56%)
----------------- Invoking toplevel() on ptolemy.moml.MoMLSimpleApplication@9a014cb
----------------- Done invoking toplevel() on ptolemy.moml.MoMLSimpleApplication@9a014cb
reloadAllAccessors: .SubscriptionAggregatorMultiply

===========================================================================================
----------------- testing Thu Nov 21 06:22:15 UTC 2019 /home/travis/build/icyphy/ptII/ptolemy/actor/lib/test/auto/SubscriptionAggregatorPortMultiply1.xml
----------------- Instantiating /home/travis/build/icyphy/ptII/ptolemy/actor/lib/test/auto/SubscriptionAggregatorPortMultiply1.xml
4 ms. Memory: 453632K Free: 244531K (54%)
----------------- Invoking toplevel() on ptolemy.moml.MoMLSimpleApplication@693bf105
----------------- Done invoking toplevel() on ptolemy.moml.MoMLSimpleApplication@693bf105
reloadAllAccessors: .SubscriptionAggregatorPortMultiply1

===========================================================================================
----------------- testing Thu Nov 21 06:22:15 UTC 2019 /home/travis/build/icyphy/ptII/ptolemy/actor/lib/test/auto/Switch.xml
----------------- Instantiating /home/travis/build/icyphy/ptII/ptolemy/actor/lib/test/auto/Switch.xml
9 ms. Memory: 453632K Free: 236339K (52%)
----------------- Invoking toplevel() on ptolemy.moml.MoMLSimpleApplication@5e15acc1
----------------- Done invoking toplevel() on ptolemy.moml.MoMLSimpleApplication@5e15acc1
reloadAllAccessors: .Switch

===========================================================================================
----------------- testing Thu Nov 21 06:22:15 UTC 2019 /home/travis/build/icyphy/ptII/ptolemy/actor/lib/test/auto/Switch2.xml
----------------- Instantiating /home/travis/build/icyphy/ptII/ptolemy/actor/lib/test/auto/Switch2.xml
1 ms. Memory: 453632K Free: 231219K (51%)
----------------- Invoking toplevel() on ptolemy.moml.MoMLSimpleApplication@86ebfa3
----------------- Done invoking toplevel() on ptolemy.moml.MoMLSimpleApplication@86ebfa3
reloadAllAccessors: .Switch2

===========================================================================================
----------------- testing Thu Nov 21 06:22:15 UTC 2019 /home/travis/build/icyphy/ptII/ptolemy/actor/lib/test/auto/SwitchDE.xml
----------------- Instantiating /home/travis/build/icyphy/ptII/ptolemy/actor/lib/test/auto/SwitchDE.xml
3 ms. Memory: 453632K Free: 225075K (50%)
----------------- Invoking toplevel() on ptolemy.moml.MoMLSimpleApplication@1be47ea9
----------------- Done invoking toplevel() on ptolemy.moml.MoMLSimpleApplication@1be47ea9
reloadAllAccessors: .SwitchDE

===========================================================================================
----------------- testing Thu Nov 21 06:22:15 UTC 2019 /home/travis/build/icyphy/ptII/ptolemy/actor/lib/test/auto/SynchronizerDE.xml
----------------- Instantiating /home/travis/build/icyphy/ptII/ptolemy/actor/lib/test/auto/SynchronizerDE.xml
8 ms. Memory: 453632K Free: 216883K (48%)
----------------- Invoking toplevel() on ptolemy.moml.MoMLSimpleApplication@609334f8
----------------- Done invoking toplevel() on ptolemy.moml.MoMLSimpleApplication@609334f8
reloadAllAccessors: .SynchronizerDE

===========================================================================================
----------------- testing Thu Nov 21 06:22:15 UTC 2019 /home/travis/build/icyphy/ptII/ptolemy/actor/lib/test/auto/Test.xml
----------------- Instantiating /home/travis/build/icyphy/ptII/ptolemy/actor/lib/test/auto/Test.xml
6 ms. Memory: 453632K Free: 211763K (47%)
----------------- Invoking toplevel() on ptolemy.moml.MoMLSimpleApplication@1d1edba3
----------------- Done invoking toplevel() on ptolemy.moml.MoMLSimpleApplication@1d1edba3
reloadAllAccessors: .Test

===========================================================================================
----------------- testing Thu Nov 21 06:22:15 UTC 2019 /home/travis/build/icyphy/ptII/ptolemy/actor/lib/test/auto/TestExceptionAttribute1.xml
----------------- Instantiating /home/travis/build/icyphy/ptII/ptolemy/actor/lib/test/auto/TestExceptionAttribute1.xml
1 ms. Memory: 453632K Free: 207667K (46%)
----------------- Invoking toplevel() on ptolemy.moml.MoMLSimpleApplication@33d6ddfd
----------------- Done invoking toplevel() on ptolemy.moml.MoMLSimpleApplication@33d6ddfd
reloadAllAccessors: .TestExceptionAttribute1

===========================================================================================
----------------- testing Thu Nov 21 06:22:15 UTC 2019 /home/travis/build/icyphy/ptII/ptolemy/actor/lib/test/auto/TestExceptionAttribute2.xml
----------------- Instantiating /home/travis/build/icyphy/ptII/ptolemy/actor/lib/test/auto/TestExceptionAttribute2.xml
1 ms. Memory: 453632K Free: 204081K (45%)
----------------- Invoking toplevel() on ptolemy.moml.MoMLSimpleApplication@736dcd6b
----------------- Done invoking toplevel() on ptolemy.moml.MoMLSimpleApplication@736dcd6b
reloadAllAccessors: .TestExceptionAttribute2

===========================================================================================
----------------- testing Thu Nov 21 06:22:15 UTC 2019 /home/travis/build/icyphy/ptII/ptolemy/actor/lib/test/auto/TestExceptionAttribute3.xml
----------------- Instantiating /home/travis/build/icyphy/ptII/ptolemy/actor/lib/test/auto/TestExceptionAttribute3.xml
.TestExceptionAttribute3.TestExceptionAttribute: initialize() was not invoked, but wrapup() was.  This is unusual, but not always a problem.  For example, exporting JNLP will do this.
1 ms. Memory: 453632K Free: 200499K (44%)
----------------- Invoking toplevel() on ptolemy.moml.MoMLSimpleApplication@21b07f91
----------------- Done invoking toplevel() on ptolemy.moml.MoMLSimpleApplication@21b07f91
reloadAllAccessors: .TestExceptionAttribute3

===========================================================================================
----------------- testing Thu Nov 21 06:22:15 UTC 2019 /home/travis/build/icyphy/ptII/ptolemy/actor/lib/test/auto/TestExceptionAttribute4.xml
----------------- Instantiating /home/travis/build/icyphy/ptII/ptolemy/actor/lib/test/auto/TestExceptionAttribute4.xml
.TestExceptionAttribute4.TestExceptionAttribute: initialize() was not invoked, but wrapup() was.  This is unusual, but not always a problem.  For example, exporting JNLP will do this.
.TestExceptionAttribute4.TestExceptionAttribute2: initialize() was not invoked, but wrapup() was.  This is unusual, but not always a problem.  For example, exporting JNLP will do this.
1 ms. Memory: 453632K Free: 196403K (43%)
----------------- Invoking toplevel() on ptolemy.moml.MoMLSimpleApplication@1b2d2e02
----------------- Done invoking toplevel() on ptolemy.moml.MoMLSimpleApplication@1b2d2e02
reloadAllAccessors: .TestExceptionAttribute4

===========================================================================================
----------------- testing Thu Nov 21 06:22:15 UTC 2019 /home/travis/build/icyphy/ptII/ptolemy/actor/lib/test/auto/TestExceptionHandler1.xml
----------------- Instantiating /home/travis/build/icyphy/ptII/ptolemy/actor/lib/test/auto/TestExceptionHandler1.xml
1 ms. Memory: 453632K Free: 192307K (42%)
----------------- Invoking toplevel() on ptolemy.moml.MoMLSimpleApplication@39d75eac
----------------- Done invoking toplevel() on ptolemy.moml.MoMLSimpleApplication@39d75eac
reloadAllAccessors: .TestExceptionHandler1

===========================================================================================
----------------- testing Thu Nov 21 06:22:15 UTC 2019 /home/travis/build/icyphy/ptII/ptolemy/actor/lib/test/auto/TestExceptionHandler2.xml
----------------- Instantiating /home/travis/build/icyphy/ptII/ptolemy/actor/lib/test/auto/TestExceptionHandler2.xml
2 ms. Memory: 453632K Free: 188721K (42%)
----------------- Invoking toplevel() on ptolemy.moml.MoMLSimpleApplication@5defe895
----------------- Done invoking toplevel() on ptolemy.moml.MoMLSimpleApplication@5defe895
reloadAllAccessors: .TestExceptionHandler2

===========================================================================================
----------------- testing Thu Nov 21 06:22:15 UTC 2019 /home/travis/build/icyphy/ptII/ptolemy/actor/lib/test/auto/TestExceptionHandler3.xml
----------------- Instantiating /home/travis/build/icyphy/ptII/ptolemy/actor/lib/test/auto/TestExceptionHandler3.xml
1 ms. Memory: 453632K Free: 185139K (41%)
----------------- Invoking toplevel() on ptolemy.moml.MoMLSimpleApplication@4d4cc3c1
----------------- Done invoking toplevel() on ptolemy.moml.MoMLSimpleApplication@4d4cc3c1
reloadAllAccessors: .TestExceptionHandler3

===========================================================================================
----------------- testing Thu Nov 21 06:22:16 UTC 2019 /home/travis/build/icyphy/ptII/ptolemy/actor/lib/test/auto/TestExceptionHandler4.xml
----------------- Instantiating /home/travis/build/icyphy/ptII/ptolemy/actor/lib/test/auto/TestExceptionHandler4.xml
0 ms. Memory: 453632K Free: 180529K (40%)
----------------- Invoking toplevel() on ptolemy.moml.MoMLSimpleApplication@4e1e200a
----------------- Done invoking toplevel() on ptolemy.moml.MoMLSimpleApplication@4e1e200a
reloadAllAccessors: .TestExceptionHandler4

===========================================================================================
----------------- testing Thu Nov 21 06:22:16 UTC 2019 /home/travis/build/icyphy/ptII/ptolemy/actor/lib/test/auto/TestRequireCorrectOrder.xml
----------------- Instantiating /home/travis/build/icyphy/ptII/ptolemy/actor/lib/test/auto/TestRequireCorrectOrder.xml
6 ms. Memory: 453632K Free: 175395K (39%)
----------------- Invoking toplevel() on ptolemy.moml.MoMLSimpleApplication@388addbe
----------------- Done invoking toplevel() on ptolemy.moml.MoMLSimpleApplication@388addbe
reloadAllAccessors: .TestRequireCorrectOrder

===========================================================================================
----------------- testing Thu Nov 21 06:22:16 UTC 2019 /home/travis/build/icyphy/ptII/ptolemy/actor/lib/test/auto/TestSimple.xml
----------------- Instantiating /home/travis/build/icyphy/ptII/ptolemy/actor/lib/test/auto/TestSimple.xml
1 ms. Memory: 453632K Free: 171313K (38%)
----------------- Invoking toplevel() on ptolemy.moml.MoMLSimpleApplication@5103adb9
----------------- Done invoking toplevel() on ptolemy.moml.MoMLSimpleApplication@5103adb9
reloadAllAccessors: .TestSimple

===========================================================================================
----------------- testing Thu Nov 21 06:22:16 UTC 2019 /home/travis/build/icyphy/ptII/ptolemy/actor/lib/test/auto/ThrowModelError.xml
----------------- Instantiating /home/travis/build/icyphy/ptII/ptolemy/actor/lib/test/auto/ThrowModelError.xml
1 ms. Memory: 453632K Free: 166193K (37%)
----------------- Invoking toplevel() on ptolemy.moml.MoMLSimpleApplication@6b81fd1c
----------------- Done invoking toplevel() on ptolemy.moml.MoMLSimpleApplication@6b81fd1c
reloadAllAccessors: .ThrowModelError

===========================================================================================
----------------- testing Thu Nov 21 06:22:16 UTC 2019 /home/travis/build/icyphy/ptII/ptolemy/actor/lib/test/auto/TimeDelayMicrosteps.xml
----------------- Instantiating /home/travis/build/icyphy/ptII/ptolemy/actor/lib/test/auto/TimeDelayMicrosteps.xml
3 ms. Memory: 453632K Free: 159539K (35%)
----------------- Invoking toplevel() on ptolemy.moml.MoMLSimpleApplication@5d892896
----------------- Done invoking toplevel() on ptolemy.moml.MoMLSimpleApplication@5d892896
reloadAllAccessors: .TimeDelayMicrosteps

===========================================================================================
----------------- testing Thu Nov 21 06:22:16 UTC 2019 /home/travis/build/icyphy/ptII/ptolemy/actor/lib/test/auto/TimeDelayMicrosteps2.xml
----------------- Instantiating /home/travis/build/icyphy/ptII/ptolemy/actor/lib/test/auto/TimeDelayMicrosteps2.xml
4 ms. Memory: 453632K Free: 152371K (34%)
----------------- Invoking toplevel() on ptolemy.moml.MoMLSimpleApplication@df2a2df
----------------- Done invoking toplevel() on ptolemy.moml.MoMLSimpleApplication@df2a2df
reloadAllAccessors: .TimeDelayMicrosteps2

===========================================================================================
----------------- testing Thu Nov 21 06:22:16 UTC 2019 /home/travis/build/icyphy/ptII/ptolemy/actor/lib/test/auto/TimeDelayMicrosteps3.xml
----------------- Instantiating /home/travis/build/icyphy/ptII/ptolemy/actor/lib/test/auto/TimeDelayMicrosteps3.xml
3 ms. Memory: 453632K Free: 145203K (32%)
----------------- Invoking toplevel() on ptolemy.moml.MoMLSimpleApplication@3e3643ad
----------------- Done invoking toplevel() on ptolemy.moml.MoMLSimpleApplication@3e3643ad
reloadAllAccessors: .TimeDelayMicrosteps3

===========================================================================================
----------------- testing Thu Nov 21 06:22:16 UTC 2019 /home/travis/build/icyphy/ptII/ptolemy/actor/lib/test/auto/TimeDelayVariableMicrosteps.xml
----------------- Instantiating /home/travis/build/icyphy/ptII/ptolemy/actor/lib/test/auto/TimeDelayVariableMicrosteps.xml
3 ms. Memory: 453632K Free: 139059K (31%)
----------------- Invoking toplevel() on ptolemy.moml.MoMLSimpleApplication@13483a60
----------------- Done invoking toplevel() on ptolemy.moml.MoMLSimpleApplication@13483a60
reloadAllAccessors: .TimeDelayVariableMicrosteps

===========================================================================================
----------------- testing Thu Nov 21 06:22:16 UTC 2019 /home/travis/build/icyphy/ptII/ptolemy/actor/lib/test/auto/TimeGap.xml
----------------- Instantiating /home/travis/build/icyphy/ptII/ptolemy/actor/lib/test/auto/TimeGap.xml
3 ms. Memory: 453632K Free: 401014K (88%)
----------------- Invoking toplevel() on ptolemy.moml.MoMLSimpleApplication@3657bdfa
----------------- Done invoking toplevel() on ptolemy.moml.MoMLSimpleApplication@3657bdfa
reloadAllAccessors: .TimeGap

===========================================================================================
----------------- testing Thu Nov 21 06:22:16 UTC 2019 /home/travis/build/icyphy/ptII/ptolemy/actor/lib/test/auto/TimeGap2.xml
----------------- Instantiating /home/travis/build/icyphy/ptII/ptolemy/actor/lib/test/auto/TimeGap2.xml
2 ms. Memory: 453632K Free: 394870K (87%)
----------------- Invoking toplevel() on ptolemy.moml.MoMLSimpleApplication@6bc05331
----------------- Done invoking toplevel() on ptolemy.moml.MoMLSimpleApplication@6bc05331
reloadAllAccessors: .TimeGap2

===========================================================================================
----------------- testing Thu Nov 21 06:22:16 UTC 2019 /home/travis/build/icyphy/ptII/ptolemy/actor/lib/test/auto/TimedSinewave.xml
----------------- Instantiating /home/travis/build/icyphy/ptII/ptolemy/actor/lib/test/auto/TimedSinewave.xml
27 ms. Memory: 453632K Free: 381044K (84%)
----------------- Invoking toplevel() on ptolemy.moml.MoMLSimpleApplication@4f44eb54
----------------- Done invoking toplevel() on ptolemy.moml.MoMLSimpleApplication@4f44eb54
reloadAllAccessors: .TimedSinewave

===========================================================================================
----------------- testing Thu Nov 21 06:22:16 UTC 2019 /home/travis/build/icyphy/ptII/ptolemy/actor/lib/test/auto/TimedSinewavePhase.xml
----------------- Instantiating /home/travis/build/icyphy/ptII/ptolemy/actor/lib/test/auto/TimedSinewavePhase.xml
9 ms. Memory: 453632K Free: 371318K (82%)
----------------- Invoking toplevel() on ptolemy.moml.MoMLSimpleApplication@5c003bf8
----------------- Done invoking toplevel() on ptolemy.moml.MoMLSimpleApplication@5c003bf8
reloadAllAccessors: .TimedSinewavePhase

===========================================================================================
----------------- testing Thu Nov 21 06:22:16 UTC 2019 /home/travis/build/icyphy/ptII/ptolemy/actor/lib/test/auto/Timer.xml
----------------- Instantiating /home/travis/build/icyphy/ptII/ptolemy/actor/lib/test/auto/Timer.xml
3 ms. Memory: 453632K Free: 365174K (81%)
----------------- Invoking toplevel() on ptolemy.moml.MoMLSimpleApplication@789a7701
----------------- Done invoking toplevel() on ptolemy.moml.MoMLSimpleApplication@789a7701
reloadAllAccessors: .Timer

===========================================================================================
----------------- testing Thu Nov 21 06:22:16 UTC 2019 /home/travis/build/icyphy/ptII/ptolemy/actor/lib/test/auto/TriangularDistTestModel.xml
----------------- Instantiating /home/travis/build/icyphy/ptII/ptolemy/actor/lib/test/auto/TriangularDistTestModel.xml
2 ms. Memory: 453632K Free: 359526K (79%)
----------------- Invoking toplevel() on ptolemy.moml.MoMLSimpleApplication@498017f9
----------------- Done invoking toplevel() on ptolemy.moml.MoMLSimpleApplication@498017f9
reloadAllAccessors: .TriangularDistTestModel

===========================================================================================
----------------- testing Thu Nov 21 06:22:16 UTC 2019 /home/travis/build/icyphy/ptII/ptolemy/actor/lib/test/auto/TrigFunction.xml
----------------- Instantiating /home/travis/build/icyphy/ptII/ptolemy/actor/lib/test/auto/TrigFunction.xml
2 ms. Memory: 453632K Free: 354934K (78%)
----------------- Invoking toplevel() on ptolemy.moml.MoMLSimpleApplication@3c33a6c6
----------------- Done invoking toplevel() on ptolemy.moml.MoMLSimpleApplication@3c33a6c6
reloadAllAccessors: .TrigFunction

===========================================================================================
----------------- testing Thu Nov 21 06:22:16 UTC 2019 /home/travis/build/icyphy/ptII/ptolemy/actor/lib/test/auto/TrigFunctionDE.xml
----------------- Instantiating /home/travis/build/icyphy/ptII/ptolemy/actor/lib/test/auto/TrigFunctionDE.xml
2 ms. Memory: 453632K Free: 348790K (77%)
----------------- Invoking toplevel() on ptolemy.moml.MoMLSimpleApplication@162a5477
----------------- Done invoking toplevel() on ptolemy.moml.MoMLSimpleApplication@162a5477
reloadAllAccessors: .TrigFunctionDE

===========================================================================================
----------------- testing Thu Nov 21 06:22:16 UTC 2019 /home/travis/build/icyphy/ptII/ptolemy/actor/lib/test/auto/TrigFunctionInverse.xml
----------------- Instantiating /home/travis/build/icyphy/ptII/ptolemy/actor/lib/test/auto/TrigFunctionInverse.xml
1 ms. Memory: 453632K Free: 343670K (76%)
----------------- Invoking toplevel() on ptolemy.moml.MoMLSimpleApplication@3a303f53
----------------- Done invoking toplevel() on ptolemy.moml.MoMLSimpleApplication@3a303f53
reloadAllAccessors: .TrigFunctionInverse

===========================================================================================
----------------- testing Thu Nov 21 06:22:16 UTC 2019 /home/travis/build/icyphy/ptII/ptolemy/actor/lib/test/auto/TrigFunctionTan.xml
----------------- Instantiating /home/travis/build/icyphy/ptII/ptolemy/actor/lib/test/auto/TrigFunctionTan.xml
1 ms. Memory: 453632K Free: 339574K (75%)
----------------- Invoking toplevel() on ptolemy.moml.MoMLSimpleApplication@641bd487
----------------- Done invoking toplevel() on ptolemy.moml.MoMLSimpleApplication@641bd487
reloadAllAccessors: .TrigFunctionTan

===========================================================================================
----------------- testing Thu Nov 21 06:22:16 UTC 2019 /home/travis/build/icyphy/ptII/ptolemy/actor/lib/test/auto/TriggeredClock.xml
----------------- Instantiating /home/travis/build/icyphy/ptII/ptolemy/actor/lib/test/auto/TriggeredClock.xml
2 ms. Memory: 453632K Free: 334422K (74%)
----------------- Invoking toplevel() on ptolemy.moml.MoMLSimpleApplication@643a3638
----------------- Done invoking toplevel() on ptolemy.moml.MoMLSimpleApplication@643a3638
reloadAllAccessors: .TriggeredClock

===========================================================================================
----------------- testing Thu Nov 21 06:22:16 UTC 2019 /home/travis/build/icyphy/ptII/ptolemy/actor/lib/test/auto/URLDirectoryReader.xml
----------------- Instantiating /home/travis/build/icyphy/ptII/ptolemy/actor/lib/test/auto/URLDirectoryReader.xml
47 ms. Memory: 453632K Free: 325748K (72%)
----------------- Invoking toplevel() on ptolemy.moml.MoMLSimpleApplication@765e847e
----------------- Done invoking toplevel() on ptolemy.moml.MoMLSimpleApplication@765e847e
reloadAllAccessors: .URLDirectoryReader

===========================================================================================
----------------- testing Thu Nov 21 06:22:16 UTC 2019 /home/travis/build/icyphy/ptII/ptolemy/actor/lib/test/auto/URLDirectoryReader3.xml
----------------- Instantiating /home/travis/build/icyphy/ptII/ptolemy/actor/lib/test/auto/URLDirectoryReader3.xml
1110 ms. Memory: 453632K Free: 396055K (87%)
----------------- Invoking toplevel() on ptolemy.moml.MoMLSimpleApplication@4acc3b79
----------------- Done invoking toplevel() on ptolemy.moml.MoMLSimpleApplication@4acc3b79
reloadAllAccessors: .URLDirectoryReader3

===========================================================================================
----------------- testing Thu Nov 21 06:22:17 UTC 2019 /home/travis/build/icyphy/ptII/ptolemy/actor/lib/test/auto/UnaryMathFunction.xml
----------------- Instantiating /home/travis/build/icyphy/ptII/ptolemy/actor/lib/test/auto/UnaryMathFunction.xml
4 ms. Memory: 453632K Free: 387861K (86%)
----------------- Invoking toplevel() on ptolemy.moml.MoMLSimpleApplication@560fbe25
----------------- Done invoking toplevel() on ptolemy.moml.MoMLSimpleApplication@560fbe25
reloadAllAccessors: .UnaryMathFunction

===========================================================================================
----------------- testing Thu Nov 21 06:22:17 UTC 2019 /home/travis/build/icyphy/ptII/ptolemy/actor/lib/test/auto/Uniform.xml
----------------- Instantiating /home/travis/build/icyphy/ptII/ptolemy/actor/lib/test/auto/Uniform.xml
1 ms. Memory: 453632K Free: 383251K (84%)
----------------- Invoking toplevel() on ptolemy.moml.MoMLSimpleApplication@579a7116
----------------- Done invoking toplevel() on ptolemy.moml.MoMLSimpleApplication@579a7116
reloadAllAccessors: .Uniform

===========================================================================================
----------------- testing Thu Nov 21 06:22:17 UTC 2019 /home/travis/build/icyphy/ptII/ptolemy/actor/lib/test/auto/UnionDisassemblerTest.xml
----------------- Instantiating /home/travis/build/icyphy/ptII/ptolemy/actor/lib/test/auto/UnionDisassemblerTest.xml
16 ms. Memory: 453632K Free: 379669K (84%)
----------------- Invoking toplevel() on ptolemy.moml.MoMLSimpleApplication@3716d510
----------------- Done invoking toplevel() on ptolemy.moml.MoMLSimpleApplication@3716d510
reloadAllAccessors: .UnionDisassemblerTest

===========================================================================================
----------------- testing Thu Nov 21 06:22:17 UTC 2019 /home/travis/build/icyphy/ptII/ptolemy/actor/lib/test/auto/UtilityFunctions.xml
----------------- Instantiating /home/travis/build/icyphy/ptII/ptolemy/actor/lib/test/auto/UtilityFunctions.xml
1 ms. Memory: 453632K Free: 375059K (83%)
----------------- Invoking toplevel() on ptolemy.moml.MoMLSimpleApplication@523f38cc
----------------- Done invoking toplevel() on ptolemy.moml.MoMLSimpleApplication@523f38cc
reloadAllAccessors: .UtilityFunctions

===========================================================================================
----------------- testing Thu Nov 21 06:22:17 UTC 2019 /home/travis/build/icyphy/ptII/ptolemy/actor/lib/test/auto/VariableSleep.xml
----------------- Instantiating /home/travis/build/icyphy/ptII/ptolemy/actor/lib/test/auto/VariableSleep.xml
503 ms. Memory: 453632K Free: 369939K (82%)
----------------- Invoking toplevel() on ptolemy.moml.MoMLSimpleApplication@5950efd5
----------------- Done invoking toplevel() on ptolemy.moml.MoMLSimpleApplication@5950efd5
reloadAllAccessors: .VariableSleep

===========================================================================================
----------------- testing Thu Nov 21 06:22:18 UTC 2019 /home/travis/build/icyphy/ptII/ptolemy/actor/lib/test/auto/VectorAssemblerDisassemblerCT.xml
----------------- Instantiating /home/travis/build/icyphy/ptII/ptolemy/actor/lib/test/auto/VectorAssemblerDisassemblerCT.xml
62 ms. Memory: 453632K Free: 349459K (77%)
----------------- Invoking toplevel() on ptolemy.moml.MoMLSimpleApplication@93a1330
----------------- Done invoking toplevel() on ptolemy.moml.MoMLSimpleApplication@93a1330
reloadAllAccessors: .VectorAssemblerDisassemblerCT

===========================================================================================
----------------- testing Thu Nov 21 06:22:18 UTC 2019 /home/travis/build/icyphy/ptII/ptolemy/actor/lib/test/auto/VectorAssemblerDisassemblerDE.xml
----------------- Instantiating /home/travis/build/icyphy/ptII/ptolemy/actor/lib/test/auto/VectorAssemblerDisassemblerDE.xml
3 ms. Memory: 453632K Free: 341781K (75%)
----------------- Invoking toplevel() on ptolemy.moml.MoMLSimpleApplication@7a0befac
----------------- Done invoking toplevel() on ptolemy.moml.MoMLSimpleApplication@7a0befac
reloadAllAccessors: .VectorAssemblerDisassemblerDE

===========================================================================================
----------------- testing Thu Nov 21 06:22:18 UTC 2019 /home/travis/build/icyphy/ptII/ptolemy/actor/lib/test/auto/VectorAssemblerDisassemblerSDF.xml
----------------- Instantiating /home/travis/build/icyphy/ptII/ptolemy/actor/lib/test/auto/VectorAssemblerDisassemblerSDF.xml
3 ms. Memory: 453632K Free: 335637K (74%)
----------------- Invoking toplevel() on ptolemy.moml.MoMLSimpleApplication@380ea6c7
----------------- Done invoking toplevel() on ptolemy.moml.MoMLSimpleApplication@380ea6c7
reloadAllAccessors: .VectorAssemblerDisassemblerSDF

===========================================================================================
----------------- testing Thu Nov 21 06:22:18 UTC 2019 /home/travis/build/icyphy/ptII/ptolemy/actor/lib/test/auto/WallClockTime.xml
----------------- Instantiating /home/travis/build/icyphy/ptII/ptolemy/actor/lib/test/auto/WallClockTime.xml
1005 ms. Memory: 453632K Free: 330517K (73%)
----------------- Invoking toplevel() on ptolemy.moml.MoMLSimpleApplication@64bc2d5
----------------- Done invoking toplevel() on ptolemy.moml.MoMLSimpleApplication@64bc2d5
reloadAllAccessors: .WallClockTime

===========================================================================================
----------------- testing Thu Nov 21 06:22:19 UTC 2019 /home/travis/build/icyphy/ptII/ptolemy/actor/lib/test/auto/WidthTestWithSubscriberPublisher.xml
----------------- Instantiating /home/travis/build/icyphy/ptII/ptolemy/actor/lib/test/auto/WidthTestWithSubscriberPublisher.xml
8 ms. Memory: 453632K Free: 312595K (69%)
----------------- Invoking toplevel() on ptolemy.moml.MoMLSimpleApplication@4be8bbca
----------------- Done invoking toplevel() on ptolemy.moml.MoMLSimpleApplication@4be8bbca
reloadAllAccessors: .WidthTestWithSubscriberPublisher

===========================================================================================
----------------- testing Thu Nov 21 06:22:19 UTC 2019 /home/travis/build/icyphy/ptII/ptolemy/actor/lib/test/auto/WidthTestWithSubscriberPublisher2.xml
----------------- Instantiating /home/travis/build/icyphy/ptII/ptolemy/actor/lib/test/auto/WidthTestWithSubscriberPublisher2.xml
2 ms. Memory: 453632K Free: 305941K (67%)
----------------- Invoking toplevel() on ptolemy.moml.MoMLSimpleApplication@6f0e5d7b
----------------- Done invoking toplevel() on ptolemy.moml.MoMLSimpleApplication@6f0e5d7b
reloadAllAccessors: .WidthTestWithSubscriberPublisher2

===========================================================================================
----------------- testing Thu Nov 21 06:22:19 UTC 2019 /home/travis/build/icyphy/ptII/ptolemy/actor/lib/test/auto/WidthTestWithSubscriberPublisher3.xml
----------------- Instantiating /home/travis/build/icyphy/ptII/ptolemy/actor/lib/test/auto/WidthTestWithSubscriberPublisher3.xml
2 ms. Memory: 453632K Free: 300307K (66%)
----------------- Invoking toplevel() on ptolemy.moml.MoMLSimpleApplication@71b75477
----------------- Done invoking toplevel() on ptolemy.moml.MoMLSimpleApplication@71b75477
reloadAllAccessors: .WidthTestWithSubscriberPublisher3

===========================================================================================
----------------- testing Thu Nov 21 06:22:19 UTC 2019 /home/travis/build/icyphy/ptII/ptolemy/actor/lib/test/auto/Writer.xml
----------------- Instantiating /home/travis/build/icyphy/ptII/ptolemy/actor/lib/test/auto/Writer.xml
0
1
2
3
4
2 ms. Memory: 453632K Free: 296197K (65%)
----------------- Invoking toplevel() on ptolemy.moml.MoMLSimpleApplication@33b8967b
----------------- Done invoking toplevel() on ptolemy.moml.MoMLSimpleApplication@33b8967b
reloadAllAccessors: .Writer

===========================================================================================
----------------- testing Thu Nov 21 06:22:19 UTC 2019 /home/travis/build/icyphy/ptII/ptolemy/actor/lib/test/auto/array.xml
----------------- Instantiating /home/travis/build/icyphy/ptII/ptolemy/actor/lib/test/auto/array.xml
14 ms. Memory: 453632K Free: 291091K (64%)
----------------- Invoking toplevel() on ptolemy.moml.MoMLSimpleApplication@68ba9da5
----------------- Done invoking toplevel() on ptolemy.moml.MoMLSimpleApplication@68ba9da5
reloadAllAccessors: .array

===========================================================================================
----------------- testing Thu Nov 21 06:22:19 UTC 2019 /home/travis/build/icyphy/ptII/ptolemy/actor/lib/test/auto/array2.xml
----------------- Instantiating /home/travis/build/icyphy/ptII/ptolemy/actor/lib/test/auto/array2.xml
4 ms. Memory: 453632K Free: 286485K (63%)
----------------- Invoking toplevel() on ptolemy.moml.MoMLSimpleApplication@7960624c
----------------- Done invoking toplevel() on ptolemy.moml.MoMLSimpleApplication@7960624c
reloadAllAccessors: .array2

===========================================================================================
----------------- testing Thu Nov 21 06:22:19 UTC 2019 /home/travis/build/icyphy/ptII/ptolemy/actor/lib/test/auto/arrayType.xml
----------------- Instantiating /home/travis/build/icyphy/ptII/ptolemy/actor/lib/test/auto/arrayType.xml
2 ms. Memory: 453632K Free: 281365K (62%)
----------------- Invoking toplevel() on ptolemy.moml.MoMLSimpleApplication@70b5b2dd
----------------- Done invoking toplevel() on ptolemy.moml.MoMLSimpleApplication@70b5b2dd
reloadAllAccessors: .arrayType

===========================================================================================
----------------- testing Thu Nov 21 06:22:19 UTC 2019 /home/travis/build/icyphy/ptII/ptolemy/actor/lib/test/auto/arrayType10.xml
----------------- Instantiating /home/travis/build/icyphy/ptII/ptolemy/actor/lib/test/auto/arrayType10.xml
1 ms. Memory: 453632K Free: 276245K (61%)
----------------- Invoking toplevel() on ptolemy.moml.MoMLSimpleApplication@728322b7
----------------- Done invoking toplevel() on ptolemy.moml.MoMLSimpleApplication@728322b7
reloadAllAccessors: .arrayType10

===========================================================================================
----------------- testing Thu Nov 21 06:22:19 UTC 2019 /home/travis/build/icyphy/ptII/ptolemy/actor/lib/test/auto/arrayType11.xml
----------------- Instantiating /home/travis/build/icyphy/ptII/ptolemy/actor/lib/test/auto/arrayType11.xml
1 ms. Memory: 453632K Free: 271635K (60%)
----------------- Invoking toplevel() on ptolemy.moml.MoMLSimpleApplication@503c574e
----------------- Done invoking toplevel() on ptolemy.moml.MoMLSimpleApplication@503c574e
reloadAllAccessors: .arrayType11

===========================================================================================
----------------- testing Thu Nov 21 06:22:19 UTC 2019 /home/travis/build/icyphy/ptII/ptolemy/actor/lib/test/auto/arrayType12.xml
----------------- Instantiating /home/travis/build/icyphy/ptII/ptolemy/actor/lib/test/auto/arrayType12.xml
1 ms. Memory: 453632K Free: 267029K (59%)
----------------- Invoking toplevel() on ptolemy.moml.MoMLSimpleApplication@59e815c
----------------- Done invoking toplevel() on ptolemy.moml.MoMLSimpleApplication@59e815c
reloadAllAccessors: .arrayType12

===========================================================================================
----------------- testing Thu Nov 21 06:22:19 UTC 2019 /home/travis/build/icyphy/ptII/ptolemy/actor/lib/test/auto/arrayType13.xml
----------------- Instantiating /home/travis/build/icyphy/ptII/ptolemy/actor/lib/test/auto/arrayType13.xml
2 ms. Memory: 453632K Free: 261395K (58%)
----------------- Invoking toplevel() on ptolemy.moml.MoMLSimpleApplication@11d31141
----------------- Done invoking toplevel() on ptolemy.moml.MoMLSimpleApplication@11d31141
reloadAllAccessors: .arrayType13

===========================================================================================
----------------- testing Thu Nov 21 06:22:19 UTC 2019 /home/travis/build/icyphy/ptII/ptolemy/actor/lib/test/auto/arrayType14.xml
----------------- Instantiating /home/travis/build/icyphy/ptII/ptolemy/actor/lib/test/auto/arrayType14.xml
1 ms. Memory: 453632K Free: 256275K (56%)
----------------- Invoking toplevel() on ptolemy.moml.MoMLSimpleApplication@45c4857
----------------- Done invoking toplevel() on ptolemy.moml.MoMLSimpleApplication@45c4857
reloadAllAccessors: .arrayType14

===========================================================================================
----------------- testing Thu Nov 21 06:22:19 UTC 2019 /home/travis/build/icyphy/ptII/ptolemy/actor/lib/test/auto/arrayType15.xml
----------------- Instantiating /home/travis/build/icyphy/ptII/ptolemy/actor/lib/test/auto/arrayType15.xml
2 ms. Memory: 453632K Free: 251155K (55%)
----------------- Invoking toplevel() on ptolemy.moml.MoMLSimpleApplication@771d7f39
----------------- Done invoking toplevel() on ptolemy.moml.MoMLSimpleApplication@771d7f39
reloadAllAccessors: .arrayType15

===========================================================================================
----------------- testing Thu Nov 21 06:22:19 UTC 2019 /home/travis/build/icyphy/ptII/ptolemy/actor/lib/test/auto/arrayType16.xml
----------------- Instantiating /home/travis/build/icyphy/ptII/ptolemy/actor/lib/test/auto/arrayType16.xml
2 ms. Memory: 453632K Free: 245525K (54%)
----------------- Invoking toplevel() on ptolemy.moml.MoMLSimpleApplication@55cfae3e
----------------- Done invoking toplevel() on ptolemy.moml.MoMLSimpleApplication@55cfae3e
reloadAllAccessors: .arrayType16

===========================================================================================
----------------- testing Thu Nov 21 06:22:19 UTC 2019 /home/travis/build/icyphy/ptII/ptolemy/actor/lib/test/auto/arrayType17.xml
----------------- Instantiating /home/travis/build/icyphy/ptII/ptolemy/actor/lib/test/auto/arrayType17.xml
2 ms. Memory: 453632K Free: 240405K (53%)
----------------- Invoking toplevel() on ptolemy.moml.MoMLSimpleApplication@76e95c06
----------------- Done invoking toplevel() on ptolemy.moml.MoMLSimpleApplication@76e95c06
reloadAllAccessors: .arrayType17

===========================================================================================
----------------- testing Thu Nov 21 06:22:19 UTC 2019 /home/travis/build/icyphy/ptII/ptolemy/actor/lib/test/auto/arrayType18.xml
----------------- Instantiating /home/travis/build/icyphy/ptII/ptolemy/actor/lib/test/auto/arrayType18.xml
7 ms. Memory: 453632K Free: 235285K (52%)
----------------- Invoking toplevel() on ptolemy.moml.MoMLSimpleApplication@516b83e3
----------------- Done invoking toplevel() on ptolemy.moml.MoMLSimpleApplication@516b83e3
reloadAllAccessors: .arrayType18

===========================================================================================
----------------- testing Thu Nov 21 06:22:19 UTC 2019 /home/travis/build/icyphy/ptII/ptolemy/actor/lib/test/auto/arrayType19.xml
----------------- Instantiating /home/travis/build/icyphy/ptII/ptolemy/actor/lib/test/auto/arrayType19.xml
2 ms. Memory: 453632K Free: 230675K (51%)
----------------- Invoking toplevel() on ptolemy.moml.MoMLSimpleApplication@18d739ae
----------------- Done invoking toplevel() on ptolemy.moml.MoMLSimpleApplication@18d739ae
reloadAllAccessors: .arrayType19

===========================================================================================
----------------- testing Thu Nov 21 06:22:19 UTC 2019 /home/travis/build/icyphy/ptII/ptolemy/actor/lib/test/auto/arrayType2.xml
----------------- Instantiating /home/travis/build/icyphy/ptII/ptolemy/actor/lib/test/auto/arrayType2.xml
1 ms. Memory: 453632K Free: 224531K (49%)
----------------- Invoking toplevel() on ptolemy.moml.MoMLSimpleApplication@3cd79c2
----------------- Done invoking toplevel() on ptolemy.moml.MoMLSimpleApplication@3cd79c2
reloadAllAccessors: .arrayType2

===========================================================================================
----------------- testing Thu Nov 21 06:22:19 UTC 2019 /home/travis/build/icyphy/ptII/ptolemy/actor/lib/test/auto/arrayType20.xml
----------------- Instantiating /home/travis/build/icyphy/ptII/ptolemy/actor/lib/test/auto/arrayType20.xml
2 ms. Memory: 453632K Free: 219411K (48%)
----------------- Invoking toplevel() on ptolemy.moml.MoMLSimpleApplication@4d0f1a92
----------------- Done invoking toplevel() on ptolemy.moml.MoMLSimpleApplication@4d0f1a92
reloadAllAccessors: .arrayType20

===========================================================================================
----------------- testing Thu Nov 21 06:22:19 UTC 2019 /home/travis/build/icyphy/ptII/ptolemy/actor/lib/test/auto/arrayType21.xml
----------------- Instantiating /home/travis/build/icyphy/ptII/ptolemy/actor/lib/test/auto/arrayType21.xml
2 ms. Memory: 453632K Free: 214805K (47%)
----------------- Invoking toplevel() on ptolemy.moml.MoMLSimpleApplication@2368579e
----------------- Done invoking toplevel() on ptolemy.moml.MoMLSimpleApplication@2368579e
reloadAllAccessors: .arrayType21

===========================================================================================
----------------- testing Thu Nov 21 06:22:19 UTC 2019 /home/travis/build/icyphy/ptII/ptolemy/actor/lib/test/auto/arrayType22.xml
----------------- Instantiating /home/travis/build/icyphy/ptII/ptolemy/actor/lib/test/auto/arrayType22.xml
6 ms. Memory: 453632K Free: 210195K (46%)
----------------- Invoking toplevel() on ptolemy.moml.MoMLSimpleApplication@2ad053c4
----------------- Done invoking toplevel() on ptolemy.moml.MoMLSimpleApplication@2ad053c4
reloadAllAccessors: .arrayType22

===========================================================================================
----------------- testing Thu Nov 21 06:22:20 UTC 2019 /home/travis/build/icyphy/ptII/ptolemy/actor/lib/test/auto/arrayType23.xml
----------------- Instantiating /home/travis/build/icyphy/ptII/ptolemy/actor/lib/test/auto/arrayType23.xml
1 ms. Memory: 453632K Free: 205075K (45%)
----------------- Invoking toplevel() on ptolemy.moml.MoMLSimpleApplication@35743a17
----------------- Done invoking toplevel() on ptolemy.moml.MoMLSimpleApplication@35743a17
reloadAllAccessors: .arrayType23

===========================================================================================
----------------- testing Thu Nov 21 06:22:20 UTC 2019 /home/travis/build/icyphy/ptII/ptolemy/actor/lib/test/auto/arrayType24.xml
----------------- Instantiating /home/travis/build/icyphy/ptII/ptolemy/actor/lib/test/auto/arrayType24.xml
3 ms. Memory: 453632K Free: 200469K (44%)
----------------- Invoking toplevel() on ptolemy.moml.MoMLSimpleApplication@44d291e8
----------------- Done invoking toplevel() on ptolemy.moml.MoMLSimpleApplication@44d291e8
reloadAllAccessors: .arrayType24

===========================================================================================
----------------- testing Thu Nov 21 06:22:20 UTC 2019 /home/travis/build/icyphy/ptII/ptolemy/actor/lib/test/auto/arrayType25.xml
----------------- Instantiating /home/travis/build/icyphy/ptII/ptolemy/actor/lib/test/auto/arrayType25.xml
2 ms. Memory: 453632K Free: 195349K (43%)
----------------- Invoking toplevel() on ptolemy.moml.MoMLSimpleApplication@5d4c87c0
----------------- Done invoking toplevel() on ptolemy.moml.MoMLSimpleApplication@5d4c87c0
reloadAllAccessors: .arrayType25

===========================================================================================
----------------- testing Thu Nov 21 06:22:20 UTC 2019 /home/travis/build/icyphy/ptII/ptolemy/actor/lib/test/auto/arrayType26.xml
----------------- Instantiating /home/travis/build/icyphy/ptII/ptolemy/actor/lib/test/auto/arrayType26.xml
1 ms. Memory: 453632K Free: 189715K (42%)
----------------- Invoking toplevel() on ptolemy.moml.MoMLSimpleApplication@6f264dc4
----------------- Done invoking toplevel() on ptolemy.moml.MoMLSimpleApplication@6f264dc4
reloadAllAccessors: .arrayType26

===========================================================================================
----------------- testing Thu Nov 21 06:22:20 UTC 2019 /home/travis/build/icyphy/ptII/ptolemy/actor/lib/test/auto/arrayType27.xml
----------------- Instantiating /home/travis/build/icyphy/ptII/ptolemy/actor/lib/test/auto/arrayType27.xml
1 ms. Memory: 453632K Free: 184595K (41%)
----------------- Invoking toplevel() on ptolemy.moml.MoMLSimpleApplication@173322a1
----------------- Done invoking toplevel() on ptolemy.moml.MoMLSimpleApplication@173322a1
reloadAllAccessors: .arrayType27

===========================================================================================
----------------- testing Thu Nov 21 06:22:20 UTC 2019 /home/travis/build/icyphy/ptII/ptolemy/actor/lib/test/auto/arrayType28.xml
----------------- Instantiating /home/travis/build/icyphy/ptII/ptolemy/actor/lib/test/auto/arrayType28.xml
2 ms. Memory: 453632K Free: 178965K (39%)
----------------- Invoking toplevel() on ptolemy.moml.MoMLSimpleApplication@1edcd49e
----------------- Done invoking toplevel() on ptolemy.moml.MoMLSimpleApplication@1edcd49e
reloadAllAccessors: .arrayType28

===========================================================================================
----------------- testing Thu Nov 21 06:22:20 UTC 2019 /home/travis/build/icyphy/ptII/ptolemy/actor/lib/test/auto/arrayType3.xml
----------------- Instantiating /home/travis/build/icyphy/ptII/ptolemy/actor/lib/test/auto/arrayType3.xml
2 ms. Memory: 453632K Free: 173845K (38%)
----------------- Invoking toplevel() on ptolemy.moml.MoMLSimpleApplication@1f518e2d
----------------- Done invoking toplevel() on ptolemy.moml.MoMLSimpleApplication@1f518e2d
reloadAllAccessors: .arrayType3

===========================================================================================
----------------- testing Thu Nov 21 06:22:20 UTC 2019 /home/travis/build/icyphy/ptII/ptolemy/actor/lib/test/auto/arrayType4.xml
----------------- Instantiating /home/travis/build/icyphy/ptII/ptolemy/actor/lib/test/auto/arrayType4.xml
1 ms. Memory: 453632K Free: 168725K (37%)
----------------- Invoking toplevel() on ptolemy.moml.MoMLSimpleApplication@c26d1c1
----------------- Done invoking toplevel() on ptolemy.moml.MoMLSimpleApplication@c26d1c1
reloadAllAccessors: .arrayType4

===========================================================================================
----------------- testing Thu Nov 21 06:22:20 UTC 2019 /home/travis/build/icyphy/ptII/ptolemy/actor/lib/test/auto/arrayType5.xml
----------------- Instantiating /home/travis/build/icyphy/ptII/ptolemy/actor/lib/test/auto/arrayType5.xml
2 ms. Memory: 453632K Free: 163091K (36%)
----------------- Invoking toplevel() on ptolemy.moml.MoMLSimpleApplication@4f63fcc1
----------------- Done invoking toplevel() on ptolemy.moml.MoMLSimpleApplication@4f63fcc1
reloadAllAccessors: .arrayType5

===========================================================================================
----------------- testing Thu Nov 21 06:22:20 UTC 2019 /home/travis/build/icyphy/ptII/ptolemy/actor/lib/test/auto/arrayType6.xml
----------------- Instantiating /home/travis/build/icyphy/ptII/ptolemy/actor/lib/test/auto/arrayType6.xml
1 ms. Memory: 453632K Free: 158485K (35%)
----------------- Invoking toplevel() on ptolemy.moml.MoMLSimpleApplication@5085a710
----------------- Done invoking toplevel() on ptolemy.moml.MoMLSimpleApplication@5085a710
reloadAllAccessors: .arrayType6

===========================================================================================
----------------- testing Thu Nov 21 06:22:20 UTC 2019 /home/travis/build/icyphy/ptII/ptolemy/actor/lib/test/auto/arrayType7.xml
----------------- Instantiating /home/travis/build/icyphy/ptII/ptolemy/actor/lib/test/auto/arrayType7.xml
6 ms. Memory: 453632K Free: 153365K (34%)
----------------- Invoking toplevel() on ptolemy.moml.MoMLSimpleApplication@1c891512
----------------- Done invoking toplevel() on ptolemy.moml.MoMLSimpleApplication@1c891512
reloadAllAccessors: .arrayType7

===========================================================================================
----------------- testing Thu Nov 21 06:22:20 UTC 2019 /home/travis/build/icyphy/ptII/ptolemy/actor/lib/test/auto/arrayType8.xml
----------------- Instantiating /home/travis/build/icyphy/ptII/ptolemy/actor/lib/test/auto/arrayType8.xml
2 ms. Memory: 453632K Free: 148755K (33%)
----------------- Invoking toplevel() on ptolemy.moml.MoMLSimpleApplication@4b553afd
----------------- Done invoking toplevel() on ptolemy.moml.MoMLSimpleApplication@4b553afd
reloadAllAccessors: .arrayType8

===========================================================================================
----------------- testing Thu Nov 21 06:22:20 UTC 2019 /home/travis/build/icyphy/ptII/ptolemy/actor/lib/test/auto/arrayType9.xml
----------------- Instantiating /home/travis/build/icyphy/ptII/ptolemy/actor/lib/test/auto/arrayType9.xml
1 ms. Memory: 453632K Free: 144149K (32%)
----------------- Invoking toplevel() on ptolemy.moml.MoMLSimpleApplication@6a6aab0f
----------------- Done invoking toplevel() on ptolemy.moml.MoMLSimpleApplication@6a6aab0f
reloadAllAccessors: .arrayType9

===========================================================================================
----------------- testing Thu Nov 21 06:22:20 UTC 2019 /home/travis/build/icyphy/ptII/ptolemy/actor/lib/test/auto/cast.xml
----------------- Instantiating /home/travis/build/icyphy/ptII/ptolemy/actor/lib/test/auto/cast.xml
2 ms. Memory: 453632K Free: 139029K (31%)
----------------- Invoking toplevel() on ptolemy.moml.MoMLSimpleApplication@cc26ee9
----------------- Done invoking toplevel() on ptolemy.moml.MoMLSimpleApplication@cc26ee9
reloadAllAccessors: .cast

===========================================================================================
----------------- testing Thu Nov 21 06:22:20 UTC 2019 /home/travis/build/icyphy/ptII/ptolemy/actor/lib/test/auto/compositeMultiPort.xml
----------------- Instantiating /home/travis/build/icyphy/ptII/ptolemy/actor/lib/test/auto/compositeMultiPort.xml
11 ms. Memory: 453632K Free: 395873K (87%)
----------------- Invoking toplevel() on ptolemy.moml.MoMLSimpleApplication@a146b8a
----------------- Done invoking toplevel() on ptolemy.moml.MoMLSimpleApplication@a146b8a
reloadAllAccessors: .compositeMultiPort

===========================================================================================
----------------- testing Thu Nov 21 06:22:20 UTC 2019 /home/travis/build/icyphy/ptII/ptolemy/actor/lib/test/auto/expressionCastInference.xml
----------------- Instantiating /home/travis/build/icyphy/ptII/ptolemy/actor/lib/test/auto/expressionCastInference.xml
3 ms. Memory: 453632K Free: 390767K (86%)
----------------- Invoking toplevel() on ptolemy.moml.MoMLSimpleApplication@541b577e
----------------- Done invoking toplevel() on ptolemy.moml.MoMLSimpleApplication@541b577e
reloadAllAccessors: .expressionCastInference

===========================================================================================
----------------- testing Thu Nov 21 06:22:20 UTC 2019 /home/travis/build/icyphy/ptII/ptolemy/actor/lib/test/auto/expressionCastInference2.xml
----------------- Instantiating /home/travis/build/icyphy/ptII/ptolemy/actor/lib/test/auto/expressionCastInference2.xml
2 ms. Memory: 453632K Free: 386161K (85%)
----------------- Invoking toplevel() on ptolemy.moml.MoMLSimpleApplication@1ba43b2f
----------------- Done invoking toplevel() on ptolemy.moml.MoMLSimpleApplication@1ba43b2f
reloadAllAccessors: .expressionCastInference2

===========================================================================================
----------------- testing Thu Nov 21 06:22:20 UTC 2019 /home/travis/build/icyphy/ptII/ptolemy/actor/lib/test/auto/expressionInference.xml
----------------- Instantiating /home/travis/build/icyphy/ptII/ptolemy/actor/lib/test/auto/expressionInference.xml
2 ms. Memory: 453632K Free: 381551K (84%)
----------------- Invoking toplevel() on ptolemy.moml.MoMLSimpleApplication@7abaa4ba
----------------- Done invoking toplevel() on ptolemy.moml.MoMLSimpleApplication@7abaa4ba
reloadAllAccessors: .expressionInference

===========================================================================================
----------------- testing Thu Nov 21 06:22:20 UTC 2019 /home/travis/build/icyphy/ptII/ptolemy/actor/lib/test/auto/expression_bug.xml
----------------- Instantiating /home/travis/build/icyphy/ptII/ptolemy/actor/lib/test/auto/expression_bug.xml
2 ms. Memory: 453632K Free: 377455K (83%)
----------------- Invoking toplevel() on ptolemy.moml.MoMLSimpleApplication@3648abc0
----------------- Done invoking toplevel() on ptolemy.moml.MoMLSimpleApplication@3648abc0
reloadAllAccessors: .expression_bug

===========================================================================================
----------------- testing Thu Nov 21 06:22:20 UTC 2019 /home/travis/build/icyphy/ptII/ptolemy/actor/lib/test/auto/factorial.xml
----------------- Instantiating /home/travis/build/icyphy/ptII/ptolemy/actor/lib/test/auto/factorial.xml
40 ms. Memory: 453632K Free: 368239K (81%)
----------------- Invoking toplevel() on ptolemy.moml.MoMLSimpleApplication@4c825590
----------------- Done invoking toplevel() on ptolemy.moml.MoMLSimpleApplication@4c825590
reloadAllAccessors: .factorial

===========================================================================================
----------------- testing Thu Nov 21 06:22:20 UTC 2019 /home/travis/build/icyphy/ptII/ptolemy/actor/lib/test/auto/filterTest1.xml
----------------- Instantiating /home/travis/build/icyphy/ptII/ptolemy/actor/lib/test/auto/filterTest1.xml
3 ms. Memory: 453632K Free: 362609K (80%)
----------------- Invoking toplevel() on ptolemy.moml.MoMLSimpleApplication@768e5722
----------------- Done invoking toplevel() on ptolemy.moml.MoMLSimpleApplication@768e5722
reloadAllAccessors: .filterTest1

===========================================================================================
----------------- testing Thu Nov 21 06:22:20 UTC 2019 /home/travis/build/icyphy/ptII/ptolemy/actor/lib/test/auto/funcApplyInConst.xml
----------------- Instantiating /home/travis/build/icyphy/ptII/ptolemy/actor/lib/test/auto/funcApplyInConst.xml
7 ms. Memory: 453632K Free: 359023K (79%)
----------------- Invoking toplevel() on ptolemy.moml.MoMLSimpleApplication@50a878f
----------------- Done invoking toplevel() on ptolemy.moml.MoMLSimpleApplication@50a878f
reloadAllAccessors: .funcApplyInConst

===========================================================================================
----------------- testing Thu Nov 21 06:22:20 UTC 2019 /home/travis/build/icyphy/ptII/ptolemy/actor/lib/test/auto/funcApplyInExpr.xml
----------------- Instantiating /home/travis/build/icyphy/ptII/ptolemy/actor/lib/test/auto/funcApplyInExpr.xml
13 ms. Memory: 453632K Free: 354927K (78%)
----------------- Invoking toplevel() on ptolemy.moml.MoMLSimpleApplication@1ff9aa7b
----------------- Done invoking toplevel() on ptolemy.moml.MoMLSimpleApplication@1ff9aa7b
reloadAllAccessors: .funcApplyInExpr

===========================================================================================
----------------- testing Thu Nov 21 06:22:20 UTC 2019 /home/travis/build/icyphy/ptII/ptolemy/actor/lib/test/auto/function.xml
----------------- Instantiating /home/travis/build/icyphy/ptII/ptolemy/actor/lib/test/auto/function.xml
2 ms. Memory: 453632K Free: 350321K (77%)
----------------- Invoking toplevel() on ptolemy.moml.MoMLSimpleApplication@3fff8970
----------------- Done invoking toplevel() on ptolemy.moml.MoMLSimpleApplication@3fff8970
reloadAllAccessors: .function

===========================================================================================
----------------- testing Thu Nov 21 06:22:20 UTC 2019 /home/travis/build/icyphy/ptII/ptolemy/actor/lib/test/auto/function2.xml
----------------- Instantiating /home/travis/build/icyphy/ptII/ptolemy/actor/lib/test/auto/function2.xml
2 ms. Memory: 453632K Free: 345201K (76%)
----------------- Invoking toplevel() on ptolemy.moml.MoMLSimpleApplication@3c4396f1
----------------- Done invoking toplevel() on ptolemy.moml.MoMLSimpleApplication@3c4396f1
reloadAllAccessors: .function2

===========================================================================================
----------------- testing Thu Nov 21 06:22:20 UTC 2019 /home/travis/build/icyphy/ptII/ptolemy/actor/lib/test/auto/function3.xml
----------------- Instantiating /home/travis/build/icyphy/ptII/ptolemy/actor/lib/test/auto/function3.xml
1 ms. Memory: 453632K Free: 341615K (75%)
----------------- Invoking toplevel() on ptolemy.moml.MoMLSimpleApplication@43333d58
----------------- Done invoking toplevel() on ptolemy.moml.MoMLSimpleApplication@43333d58
reloadAllAccessors: .function3

===========================================================================================
----------------- testing Thu Nov 21 06:22:20 UTC 2019 /home/travis/build/icyphy/ptII/ptolemy/actor/lib/test/auto/functionClosureTest1.xml
----------------- Instantiating /home/travis/build/icyphy/ptII/ptolemy/actor/lib/test/auto/functionClosureTest1.xml
2 ms. Memory: 453632K Free: 335465K (74%)
----------------- Invoking toplevel() on ptolemy.moml.MoMLSimpleApplication@678a1b9a
----------------- Done invoking toplevel() on ptolemy.moml.MoMLSimpleApplication@678a1b9a
reloadAllAccessors: .functionClosureTest1

===========================================================================================
----------------- testing Thu Nov 21 06:22:20 UTC 2019 /home/travis/build/icyphy/ptII/ptolemy/actor/lib/test/auto/functionClosureTest2.xml
----------------- Instantiating /home/travis/build/icyphy/ptII/ptolemy/actor/lib/test/auto/functionClosureTest2.xml
2 ms. Memory: 453632K Free: 331889K (73%)
----------------- Invoking toplevel() on ptolemy.moml.MoMLSimpleApplication@17f25128
----------------- Done invoking toplevel() on ptolemy.moml.MoMLSimpleApplication@17f25128
reloadAllAccessors: .functionClosureTest2

===========================================================================================
----------------- testing Thu Nov 21 06:22:20 UTC 2019 /home/travis/build/icyphy/ptII/ptolemy/actor/lib/test/auto/functionClosureTest3.xml
----------------- Instantiating /home/travis/build/icyphy/ptII/ptolemy/actor/lib/test/auto/functionClosureTest3.xml
3 ms. Memory: 453632K Free: 326255K (72%)
----------------- Invoking toplevel() on ptolemy.moml.MoMLSimpleApplication@7464b4f6
----------------- Done invoking toplevel() on ptolemy.moml.MoMLSimpleApplication@7464b4f6
reloadAllAccessors: .functionClosureTest3

===========================================================================================
----------------- testing Thu Nov 21 06:22:20 UTC 2019 /home/travis/build/icyphy/ptII/ptolemy/actor/lib/test/auto/functionClosureTest4.xml
----------------- Instantiating /home/travis/build/icyphy/ptII/ptolemy/actor/lib/test/auto/functionClosureTest4.xml
3 ms. Memory: 453632K Free: 320111K (71%)
----------------- Invoking toplevel() on ptolemy.moml.MoMLSimpleApplication@15a09a37
----------------- Done invoking toplevel() on ptolemy.moml.MoMLSimpleApplication@15a09a37
reloadAllAccessors: .functionClosureTest4

===========================================================================================
----------------- testing Thu Nov 21 06:22:20 UTC 2019 /home/travis/build/icyphy/ptII/ptolemy/actor/lib/test/auto/functionClosureTest5.xml
----------------- Instantiating /home/travis/build/icyphy/ptII/ptolemy/actor/lib/test/auto/functionClosureTest5.xml
4 ms. Memory: 453632K Free: 314991K (69%)
----------------- Invoking toplevel() on ptolemy.moml.MoMLSimpleApplication@74e91aff
----------------- Done invoking toplevel() on ptolemy.moml.MoMLSimpleApplication@74e91aff
reloadAllAccessors: .functionClosureTest5

===========================================================================================
----------------- testing Thu Nov 21 06:22:20 UTC 2019 /home/travis/build/icyphy/ptII/ptolemy/actor/lib/test/auto/functionClosureTest6.xml
----------------- Instantiating /home/travis/build/icyphy/ptII/ptolemy/actor/lib/test/auto/functionClosureTest6.xml
2 ms. Memory: 453632K Free: 309871K (68%)
----------------- Invoking toplevel() on ptolemy.moml.MoMLSimpleApplication@54c0f322
----------------- Done invoking toplevel() on ptolemy.moml.MoMLSimpleApplication@54c0f322
reloadAllAccessors: .functionClosureTest6

===========================================================================================
----------------- testing Thu Nov 21 06:22:20 UTC 2019 /home/travis/build/icyphy/ptII/ptolemy/actor/lib/test/auto/functionsOnArcs.xml
----------------- Instantiating /home/travis/build/icyphy/ptII/ptolemy/actor/lib/test/auto/functionsOnArcs.xml
1 ms. Memory: 453632K Free: 304751K (67%)
----------------- Invoking toplevel() on ptolemy.moml.MoMLSimpleApplication@3a9af29c
----------------- Done invoking toplevel() on ptolemy.moml.MoMLSimpleApplication@3a9af29c
reloadAllAccessors: .functionsOnArcs

===========================================================================================
----------------- testing Thu Nov 21 06:22:20 UTC 2019 /home/travis/build/icyphy/ptII/ptolemy/actor/lib/test/auto/functionsOnArcsHOF.xml
----------------- Instantiating /home/travis/build/icyphy/ptII/ptolemy/actor/lib/test/auto/functionsOnArcsHOF.xml
4 ms. Memory: 453632K Free: 298607K (66%)
----------------- Invoking toplevel() on ptolemy.moml.MoMLSimpleApplication@606b3b4b
----------------- Done invoking toplevel() on ptolemy.moml.MoMLSimpleApplication@606b3b4b
reloadAllAccessors: .functionsOnArcsHOF

===========================================================================================
----------------- testing Thu Nov 21 06:22:20 UTC 2019 /home/travis/build/icyphy/ptII/ptolemy/actor/lib/test/auto/logic.xml
----------------- Instantiating /home/travis/build/icyphy/ptII/ptolemy/actor/lib/test/auto/logic.xml
2 ms. Memory: 453632K Free: 291439K (64%)
----------------- Invoking toplevel() on ptolemy.moml.MoMLSimpleApplication@7e6428e3
----------------- Done invoking toplevel() on ptolemy.moml.MoMLSimpleApplication@7e6428e3
reloadAllAccessors: .logic

===========================================================================================
----------------- testing Thu Nov 21 06:22:20 UTC 2019 /home/travis/build/icyphy/ptII/ptolemy/actor/lib/test/auto/matrixType.xml
----------------- Instantiating /home/travis/build/icyphy/ptII/ptolemy/actor/lib/test/auto/matrixType.xml
2 ms. Memory: 453632K Free: 286319K (63%)
----------------- Invoking toplevel() on ptolemy.moml.MoMLSimpleApplication@5b5f34a7
----------------- Done invoking toplevel() on ptolemy.moml.MoMLSimpleApplication@5b5f34a7
reloadAllAccessors: .matrixType

===========================================================================================
----------------- testing Thu Nov 21 06:22:20 UTC 2019 /home/travis/build/icyphy/ptII/ptolemy/actor/lib/test/auto/matrixType10.xml
----------------- Instantiating /home/travis/build/icyphy/ptII/ptolemy/actor/lib/test/auto/matrixType10.xml
2 ms. Memory: 453632K Free: 281713K (62%)
----------------- Invoking toplevel() on ptolemy.moml.MoMLSimpleApplication@5181ebf2
----------------- Done invoking toplevel() on ptolemy.moml.MoMLSimpleApplication@5181ebf2
reloadAllAccessors: .matrixType10

===========================================================================================
----------------- testing Thu Nov 21 06:22:20 UTC 2019 /home/travis/build/icyphy/ptII/ptolemy/actor/lib/test/auto/matrixType11.xml
----------------- Instantiating /home/travis/build/icyphy/ptII/ptolemy/actor/lib/test/auto/matrixType11.xml
2 ms. Memory: 453632K Free: 276593K (61%)
----------------- Invoking toplevel() on ptolemy.moml.MoMLSimpleApplication@739b13c5
----------------- Done invoking toplevel() on ptolemy.moml.MoMLSimpleApplication@739b13c5
reloadAllAccessors: .matrixType11

===========================================================================================
----------------- testing Thu Nov 21 06:22:20 UTC 2019 /home/travis/build/icyphy/ptII/ptolemy/actor/lib/test/auto/matrixType12.xml
----------------- Instantiating /home/travis/build/icyphy/ptII/ptolemy/actor/lib/test/auto/matrixType12.xml
1 ms. Memory: 453632K Free: 271983K (60%)
----------------- Invoking toplevel() on ptolemy.moml.MoMLSimpleApplication@4c1a043e
----------------- Done invoking toplevel() on ptolemy.moml.MoMLSimpleApplication@4c1a043e
reloadAllAccessors: .matrixType12

===========================================================================================
----------------- testing Thu Nov 21 06:22:20 UTC 2019 /home/travis/build/icyphy/ptII/ptolemy/actor/lib/test/auto/matrixType13.xml
----------------- Instantiating /home/travis/build/icyphy/ptII/ptolemy/actor/lib/test/auto/matrixType13.xml
2 ms. Memory: 453632K Free: 266863K (59%)
----------------- Invoking toplevel() on ptolemy.moml.MoMLSimpleApplication@71c73322
----------------- Done invoking toplevel() on ptolemy.moml.MoMLSimpleApplication@71c73322
reloadAllAccessors: .matrixType13

===========================================================================================
----------------- testing Thu Nov 21 06:22:20 UTC 2019 /home/travis/build/icyphy/ptII/ptolemy/actor/lib/test/auto/matrixType14.xml
----------------- Instantiating /home/travis/build/icyphy/ptII/ptolemy/actor/lib/test/auto/matrixType14.xml
2 ms. Memory: 453632K Free: 261743K (58%)
----------------- Invoking toplevel() on ptolemy.moml.MoMLSimpleApplication@5028bfca
----------------- Done invoking toplevel() on ptolemy.moml.MoMLSimpleApplication@5028bfca
reloadAllAccessors: .matrixType14

===========================================================================================
----------------- testing Thu Nov 21 06:22:20 UTC 2019 /home/travis/build/icyphy/ptII/ptolemy/actor/lib/test/auto/matrixType2.xml
----------------- Instantiating /home/travis/build/icyphy/ptII/ptolemy/actor/lib/test/auto/matrixType2.xml
1 ms. Memory: 453632K Free: 256623K (57%)
----------------- Invoking toplevel() on ptolemy.moml.MoMLSimpleApplication@776be09a
----------------- Done invoking toplevel() on ptolemy.moml.MoMLSimpleApplication@776be09a
reloadAllAccessors: .matrixType2

===========================================================================================
----------------- testing Thu Nov 21 06:22:20 UTC 2019 /home/travis/build/icyphy/ptII/ptolemy/actor/lib/test/auto/matrixType3.xml
----------------- Instantiating /home/travis/build/icyphy/ptII/ptolemy/actor/lib/test/auto/matrixType3.xml
4 ms. Memory: 453632K Free: 252017K (56%)
----------------- Invoking toplevel() on ptolemy.moml.MoMLSimpleApplication@6f87adeb
----------------- Done invoking toplevel() on ptolemy.moml.MoMLSimpleApplication@6f87adeb
reloadAllAccessors: .matrixType3

===========================================================================================
----------------- testing Thu Nov 21 06:22:20 UTC 2019 /home/travis/build/icyphy/ptII/ptolemy/actor/lib/test/auto/matrixType4.xml
----------------- Instantiating /home/travis/build/icyphy/ptII/ptolemy/actor/lib/test/auto/matrixType4.xml
1 ms. Memory: 453632K Free: 246897K (54%)
----------------- Invoking toplevel() on ptolemy.moml.MoMLSimpleApplication@16a110d0
----------------- Done invoking toplevel() on ptolemy.moml.MoMLSimpleApplication@16a110d0
reloadAllAccessors: .matrixType4

===========================================================================================
----------------- testing Thu Nov 21 06:22:20 UTC 2019 /home/travis/build/icyphy/ptII/ptolemy/actor/lib/test/auto/matrixType5.xml
----------------- Instantiating /home/travis/build/icyphy/ptII/ptolemy/actor/lib/test/auto/matrixType5.xml
2 ms. Memory: 453632K Free: 242287K (53%)
----------------- Invoking toplevel() on ptolemy.moml.MoMLSimpleApplication@31d4a3c
----------------- Done invoking toplevel() on ptolemy.moml.MoMLSimpleApplication@31d4a3c
reloadAllAccessors: .matrixType5

===========================================================================================
----------------- testing Thu Nov 21 06:22:20 UTC 2019 /home/travis/build/icyphy/ptII/ptolemy/actor/lib/test/auto/matrixType6.xml
----------------- Instantiating /home/travis/build/icyphy/ptII/ptolemy/actor/lib/test/auto/matrixType6.xml
1 ms. Memory: 453632K Free: 237167K (52%)
----------------- Invoking toplevel() on ptolemy.moml.MoMLSimpleApplication@32341c65
----------------- Done invoking toplevel() on ptolemy.moml.MoMLSimpleApplication@32341c65
reloadAllAccessors: .matrixType6

===========================================================================================
----------------- testing Thu Nov 21 06:22:20 UTC 2019 /home/travis/build/icyphy/ptII/ptolemy/actor/lib/test/auto/matrixType7.xml
----------------- Instantiating /home/travis/build/icyphy/ptII/ptolemy/actor/lib/test/auto/matrixType7.xml
2 ms. Memory: 453632K Free: 232561K (51%)
----------------- Invoking toplevel() on ptolemy.moml.MoMLSimpleApplication@725457f4
----------------- Done invoking toplevel() on ptolemy.moml.MoMLSimpleApplication@725457f4
reloadAllAccessors: .matrixType7

===========================================================================================
----------------- testing Thu Nov 21 06:22:20 UTC 2019 /home/travis/build/icyphy/ptII/ptolemy/actor/lib/test/auto/matrixType8.xml
----------------- Instantiating /home/travis/build/icyphy/ptII/ptolemy/actor/lib/test/auto/matrixType8.xml
2 ms. Memory: 453632K Free: 227441K (50%)
----------------- Invoking toplevel() on ptolemy.moml.MoMLSimpleApplication@5cfc4ff5
----------------- Done invoking toplevel() on ptolemy.moml.MoMLSimpleApplication@5cfc4ff5
reloadAllAccessors: .matrixType8

===========================================================================================
----------------- testing Thu Nov 21 06:22:20 UTC 2019 /home/travis/build/icyphy/ptII/ptolemy/actor/lib/test/auto/matrixType9.xml
----------------- Instantiating /home/travis/build/icyphy/ptII/ptolemy/actor/lib/test/auto/matrixType9.xml
2 ms. Memory: 453632K Free: 222831K (49%)
----------------- Invoking toplevel() on ptolemy.moml.MoMLSimpleApplication@335c3cc6
----------------- Done invoking toplevel() on ptolemy.moml.MoMLSimpleApplication@335c3cc6
reloadAllAccessors: .matrixType9

===========================================================================================
----------------- testing Thu Nov 21 06:22:20 UTC 2019 /home/travis/build/icyphy/ptII/ptolemy/actor/lib/test/auto/paraFunctest.xml
----------------- Instantiating /home/travis/build/icyphy/ptII/ptolemy/actor/lib/test/auto/paraFunctest.xml
2 ms. Memory: 453632K Free: 218225K (48%)
----------------- Invoking toplevel() on ptolemy.moml.MoMLSimpleApplication@37013455
----------------- Done invoking toplevel() on ptolemy.moml.MoMLSimpleApplication@37013455
reloadAllAccessors: .paraFunctest

===========================================================================================
----------------- testing Thu Nov 21 06:22:20 UTC 2019 /home/travis/build/icyphy/ptII/ptolemy/actor/lib/test/auto/paraFunctest2.xml
----------------- Instantiating /home/travis/build/icyphy/ptII/ptolemy/actor/lib/test/auto/paraFunctest2.xml
2 ms. Memory: 453632K Free: 214639K (47%)
----------------- Invoking toplevel() on ptolemy.moml.MoMLSimpleApplication@5156cedf
----------------- Done invoking toplevel() on ptolemy.moml.MoMLSimpleApplication@5156cedf
reloadAllAccessors: .paraFunctest2

===========================================================================================
----------------- testing Thu Nov 21 06:22:20 UTC 2019 /home/travis/build/icyphy/ptII/ptolemy/actor/lib/test/auto/parameterPassing.xml
----------------- Instantiating /home/travis/build/icyphy/ptII/ptolemy/actor/lib/test/auto/parameterPassing.xml
1 ms. Memory: 453632K Free: 210033K (46%)
----------------- Invoking toplevel() on ptolemy.moml.MoMLSimpleApplication@6dec642f
----------------- Done invoking toplevel() on ptolemy.moml.MoMLSimpleApplication@6dec642f
reloadAllAccessors: .parameterPassing

===========================================================================================
----------------- testing Thu Nov 21 06:22:21 UTC 2019 /home/travis/build/icyphy/ptII/ptolemy/actor/lib/test/auto/record.xml
----------------- Instantiating /home/travis/build/icyphy/ptII/ptolemy/actor/lib/test/auto/record.xml
2 ms. Memory: 453632K Free: 205423K (45%)
----------------- Invoking toplevel() on ptolemy.moml.MoMLSimpleApplication@3e00c3
----------------- Done invoking toplevel() on ptolemy.moml.MoMLSimpleApplication@3e00c3
reloadAllAccessors: .record

===========================================================================================
----------------- testing Thu Nov 21 06:22:21 UTC 2019 /home/travis/build/icyphy/ptII/ptolemy/actor/lib/test/auto/sizedarray1.xml
----------------- Instantiating /home/travis/build/icyphy/ptII/ptolemy/actor/lib/test/auto/sizedarray1.xml
2 ms. Memory: 453632K Free: 199793K (44%)
----------------- Invoking toplevel() on ptolemy.moml.MoMLSimpleApplication@75d56381
----------------- Done invoking toplevel() on ptolemy.moml.MoMLSimpleApplication@75d56381
reloadAllAccessors: .sizedarray1

===========================================================================================
----------------- testing Thu Nov 21 06:22:21 UTC 2019 /home/travis/build/icyphy/ptII/ptolemy/actor/lib/test/auto/sizedarray2.xml
----------------- Instantiating /home/travis/build/icyphy/ptII/ptolemy/actor/lib/test/auto/sizedarray2.xml
2 ms. Memory: 453632K Free: 194673K (43%)
----------------- Invoking toplevel() on ptolemy.moml.MoMLSimpleApplication@19004764
----------------- Done invoking toplevel() on ptolemy.moml.MoMLSimpleApplication@19004764
reloadAllAccessors: .sizedarray2

===========================================================================================
----------------- testing Thu Nov 21 06:22:21 UTC 2019 /home/travis/build/icyphy/ptII/ptolemy/actor/lib/test/auto/twoPublishers.xml
----------------- Instantiating /home/travis/build/icyphy/ptII/ptolemy/actor/lib/test/auto/twoPublishers.xml
7 ms. Memory: 453632K Free: 183905K (41%)
----------------- Invoking toplevel() on ptolemy.moml.MoMLSimpleApplication@65be1060
----------------- Done invoking toplevel() on ptolemy.moml.MoMLSimpleApplication@65be1060
reloadAllAccessors: .twoPublishers
AutoTests.java: About to close Vertx.
AutoTests.java: Vertx closed.
]]></system-out>
  <system-err><![CDATA[java.lang.RuntimeException: Execution failed
	at ptolemy.moml.MoMLSimpleApplication$UnloadThread.run(MoMLSimpleApplication.java:402)
Caused by: java.lang.RuntimeException: StringUtilities.exit() was called. Normally, we would exit here because Manager.exitAfterWrapup() was called.  However, because the ptolemy.ptII.exitAfterWrapup property is set, we throw this exception instead.
	at ptolemy.util.StringUtilities.exit(StringUtilities.java:365)
	at ptolemy.actor.Manager.wrapup(Manager.java:1549)
	at ptolemy.actor.Manager.execute(Manager.java:407)
	at ptolemy.actor.Manager.run(Manager.java:1263)
	at ptolemy.actor.Manager$PtolemyRunThread.run(Manager.java:1933)
Warning: '.top.test' is in training mode, set the trainingMode parameter to false before checking in
Warning: '.top.test' is in training mode, set the trainingMode parameter to false before checking in
Warning: '.top.test' is in training mode, set the trainingMode parameter to false before checking in
Warning: '.BooleanSwitch_RegressionTest_WrongTrainingValues.Test' is in training mode, set the trainingMode parameter to false before checking in
Warning: '.BooleanSwitch_RegressionTest_WrongTrainingValues.Test2' is in training mode, set the trainingMode parameter to false before checking in
Warning: '.BooleanSwitch_RegressionTest_WrongTrainingValues.Test2' The test produced 0 tokens.
Warning: '.top.testExceptionHandler' is in training mode, set the trainingMode parameter to false before checking in
java.lang.RuntimeException: Execution failed
	at ptolemy.moml.MoMLSimpleApplication$UnloadThread.run(MoMLSimpleApplication.java:402)
Caused by: ptolemy.kernel.util.IllegalActionException: PublisherPorts cannot be used at the top level, use a Publisher actor instead.
  in .PublisherPortToplevelSubscriber.PublisherPort
	at ptolemy.actor.PublisherPort.preinitialize(PublisherPort.java:403)
	at ptolemy.actor.CompositeActor.preinitialize(CompositeActor.java:1769)
	at ptolemy.actor.Manager.preinitializeAndResolveTypes(Manager.java:1040)
	at ptolemy.actor.Manager.initialize(Manager.java:710)
	at ptolemy.actor.Manager.execute(Manager.java:356)
	at ptolemy.actor.Manager.run(Manager.java:1263)
	at ptolemy.actor.Manager$PtolemyRunThread.run(Manager.java:1933)
java.lang.reflect.InvocationTargetException
	at java.base/jdk.internal.reflect.NativeConstructorAccessorImpl.newInstance0(Native Method)
	at java.base/jdk.internal.reflect.NativeConstructorAccessorImpl.newInstance(NativeConstructorAccessorImpl.java:62)
	at java.base/jdk.internal.reflect.DelegatingConstructorAccessorImpl.newInstance(DelegatingConstructorAccessorImpl.java:45)
	at java.base/java.lang.reflect.Constructor.newInstance(Constructor.java:490)
	at ptolemy.util.test.junit.AutoKnownFailedTests.RunModel(AutoKnownFailedTests.java:105)
	at java.base/jdk.internal.reflect.NativeMethodAccessorImpl.invoke0(Native Method)
	at java.base/jdk.internal.reflect.NativeMethodAccessorImpl.invoke(NativeMethodAccessorImpl.java:62)
	at java.base/jdk.internal.reflect.DelegatingMethodAccessorImpl.invoke(DelegatingMethodAccessorImpl.java:43)
	at java.base/java.lang.reflect.Method.invoke(Method.java:566)
	at org.junit.runners.model.FrameworkMethod$1.runReflectiveCall(FrameworkMethod.java:44)
	at org.junit.internal.runners.model.ReflectiveCallable.run(ReflectiveCallable.java:15)
	at org.junit.runners.model.FrameworkMethod.invokeExplosively(FrameworkMethod.java:41)
	at junitparams.internal.InvokeParameterisedMethod.evaluate(InvokeParameterisedMethod.java:102)
	at org.junit.internal.runners.statements.FailOnTimeout$1.run(FailOnTimeout.java:28)
Caused by: ptolemy.kernel.util.IllegalActionException: PublisherPorts cannot be used at the top level, use a Publisher actor instead.
  in .PublisherPortToplevelSubscriber.PublisherPort
	at ptolemy.actor.PublisherPort.preinitialize(PublisherPort.java:403)
	at ptolemy.actor.CompositeActor.preinitialize(CompositeActor.java:1769)
	at ptolemy.actor.Manager.preinitializeAndResolveTypes(Manager.java:1040)
	at ptolemy.actor.Manager.initialize(Manager.java:710)
	at ptolemy.actor.Manager.execute(Manager.java:356)
	at ptolemy.actor.Manager.run(Manager.java:1263)
	at ptolemy.actor.Manager$PtolemyRunThread.run(Manager.java:1933)
java.lang.RuntimeException: Execution failed
	at ptolemy.moml.MoMLSimpleApplication$UnloadThread.run(MoMLSimpleApplication.java:402)
Caused by: ptolemy.kernel.util.IllegalActionException: SubscriberPorts cannot be used at the top level, use a Subscriber actor instead.
  in .PublisherSubscriberPortToplevel.SubscriberPort
	at ptolemy.actor.SubscriberPort.preinitialize(SubscriberPort.java:328)
	at ptolemy.actor.CompositeActor.preinitialize(CompositeActor.java:1769)
	at ptolemy.actor.Manager.preinitializeAndResolveTypes(Manager.java:1040)
	at ptolemy.actor.Manager.initialize(Manager.java:710)
	at ptolemy.actor.Manager.execute(Manager.java:356)
	at ptolemy.actor.Manager.run(Manager.java:1263)
	at ptolemy.actor.Manager$PtolemyRunThread.run(Manager.java:1933)
java.lang.reflect.InvocationTargetException
	at java.base/jdk.internal.reflect.NativeConstructorAccessorImpl.newInstance0(Native Method)
	at java.base/jdk.internal.reflect.NativeConstructorAccessorImpl.newInstance(NativeConstructorAccessorImpl.java:62)
	at java.base/jdk.internal.reflect.DelegatingConstructorAccessorImpl.newInstance(DelegatingConstructorAccessorImpl.java:45)
	at java.base/java.lang.reflect.Constructor.newInstance(Constructor.java:490)
	at ptolemy.util.test.junit.AutoKnownFailedTests.RunModel(AutoKnownFailedTests.java:105)
	at java.base/jdk.internal.reflect.NativeMethodAccessorImpl.invoke0(Native Method)
	at java.base/jdk.internal.reflect.NativeMethodAccessorImpl.invoke(NativeMethodAccessorImpl.java:62)
	at java.base/jdk.internal.reflect.DelegatingMethodAccessorImpl.invoke(DelegatingMethodAccessorImpl.java:43)
	at java.base/java.lang.reflect.Method.invoke(Method.java:566)
	at org.junit.runners.model.FrameworkMethod$1.runReflectiveCall(FrameworkMethod.java:44)
	at org.junit.internal.runners.model.ReflectiveCallable.run(ReflectiveCallable.java:15)
	at org.junit.runners.model.FrameworkMethod.invokeExplosively(FrameworkMethod.java:41)
	at junitparams.internal.InvokeParameterisedMethod.evaluate(InvokeParameterisedMethod.java:102)
	at org.junit.internal.runners.statements.FailOnTimeout$1.run(FailOnTimeout.java:28)
Caused by: ptolemy.kernel.util.IllegalActionException: SubscriberPorts cannot be used at the top level, use a Subscriber actor instead.
  in .PublisherSubscriberPortToplevel.SubscriberPort
	at ptolemy.actor.SubscriberPort.preinitialize(SubscriberPort.java:328)
	at ptolemy.actor.CompositeActor.preinitialize(CompositeActor.java:1769)
	at ptolemy.actor.Manager.preinitializeAndResolveTypes(Manager.java:1040)
	at ptolemy.actor.Manager.initialize(Manager.java:710)
	at ptolemy.actor.Manager.execute(Manager.java:356)
	at ptolemy.actor.Manager.run(Manager.java:1263)
	at ptolemy.actor.Manager$PtolemyRunThread.run(Manager.java:1933)
java.lang.RuntimeException: Execution failed
	at ptolemy.moml.MoMLSimpleApplication$UnloadThread.run(MoMLSimpleApplication.java:402)
Caused by: ptolemy.kernel.util.IllegalActionException: SubscriptionAggregatorPorts cannot be used at the top level, use a SubscriptionAggregator actor instead.
  in .PublisherSubscriptionAggregatorPort.SubscriptionAggregatorPort
	at ptolemy.actor.SubscriptionAggregatorPort.preinitialize(SubscriptionAggregatorPort.java:353)
	at ptolemy.actor.CompositeActor.preinitialize(CompositeActor.java:1769)
	at ptolemy.actor.Manager.preinitializeAndResolveTypes(Manager.java:1040)
	at ptolemy.actor.Manager.initialize(Manager.java:710)
	at ptolemy.actor.Manager.execute(Manager.java:356)
	at ptolemy.actor.Manager.run(Manager.java:1263)
	at ptolemy.actor.Manager$PtolemyRunThread.run(Manager.java:1933)
java.lang.reflect.InvocationTargetException
	at java.base/jdk.internal.reflect.NativeConstructorAccessorImpl.newInstance0(Native Method)
	at java.base/jdk.internal.reflect.NativeConstructorAccessorImpl.newInstance(NativeConstructorAccessorImpl.java:62)
	at java.base/jdk.internal.reflect.DelegatingConstructorAccessorImpl.newInstance(DelegatingConstructorAccessorImpl.java:45)
	at java.base/java.lang.reflect.Constructor.newInstance(Constructor.java:490)
	at ptolemy.util.test.junit.AutoKnownFailedTests.RunModel(AutoKnownFailedTests.java:105)
	at java.base/jdk.internal.reflect.NativeMethodAccessorImpl.invoke0(Native Method)
	at java.base/jdk.internal.reflect.NativeMethodAccessorImpl.invoke(NativeMethodAccessorImpl.java:62)
	at java.base/jdk.internal.reflect.DelegatingMethodAccessorImpl.invoke(DelegatingMethodAccessorImpl.java:43)
	at java.base/java.lang.reflect.Method.invoke(Method.java:566)
	at org.junit.runners.model.FrameworkMethod$1.runReflectiveCall(FrameworkMethod.java:44)
	at org.junit.internal.runners.model.ReflectiveCallable.run(ReflectiveCallable.java:15)
	at org.junit.runners.model.FrameworkMethod.invokeExplosively(FrameworkMethod.java:41)
	at junitparams.internal.InvokeParameterisedMethod.evaluate(InvokeParameterisedMethod.java:102)
	at org.junit.internal.runners.statements.FailOnTimeout$1.run(FailOnTimeout.java:28)
Caused by: ptolemy.kernel.util.IllegalActionException: SubscriptionAggregatorPorts cannot be used at the top level, use a SubscriptionAggregator actor instead.
  in .PublisherSubscriptionAggregatorPort.SubscriptionAggregatorPort
	at ptolemy.actor.SubscriptionAggregatorPort.preinitialize(SubscriptionAggregatorPort.java:353)
	at ptolemy.actor.CompositeActor.preinitialize(CompositeActor.java:1769)
	at ptolemy.actor.Manager.preinitializeAndResolveTypes(Manager.java:1040)
	at ptolemy.actor.Manager.initialize(Manager.java:710)
	at ptolemy.actor.Manager.execute(Manager.java:356)
	at ptolemy.actor.Manager.run(Manager.java:1263)
	at ptolemy.actor.Manager$PtolemyRunThread.run(Manager.java:1933)
java.lang.RuntimeException: Execution failed
	at ptolemy.moml.MoMLSimpleApplication$UnloadThread.run(MoMLSimpleApplication.java:402)
Caused by: ptolemy.kernel.util.IllegalActionException: TypeTest actor has no training data.
  in .sizedarray3.TypeTest
	at ptolemy.actor.lib.TypeTest.initialize(TypeTest.java:250)
	at ptolemy.actor.Director.initialize(Director.java:938)
	at ptolemy.actor.Director.initialize(Director.java:907)
	at ptolemy.actor.sched.StaticSchedulingDirector.initialize(StaticSchedulingDirector.java:159)
	at ptolemy.domains.sdf.kernel.SDFDirector.initialize(SDFDirector.java:544)
	at ptolemy.actor.CompositeActor.initialize(CompositeActor.java:935)
	at ptolemy.actor.Manager.initialize(Manager.java:724)
	at ptolemy.actor.Manager.execute(Manager.java:356)
	at ptolemy.actor.Manager.run(Manager.java:1263)
	at ptolemy.actor.Manager$PtolemyRunThread.run(Manager.java:1933)
java.lang.reflect.InvocationTargetException
	at java.base/jdk.internal.reflect.NativeConstructorAccessorImpl.newInstance0(Native Method)
	at java.base/jdk.internal.reflect.NativeConstructorAccessorImpl.newInstance(NativeConstructorAccessorImpl.java:62)
	at java.base/jdk.internal.reflect.DelegatingConstructorAccessorImpl.newInstance(DelegatingConstructorAccessorImpl.java:45)
	at java.base/java.lang.reflect.Constructor.newInstance(Constructor.java:490)
	at ptolemy.util.test.junit.AutoKnownFailedTests.RunModel(AutoKnownFailedTests.java:105)
	at java.base/jdk.internal.reflect.NativeMethodAccessorImpl.invoke0(Native Method)
	at java.base/jdk.internal.reflect.NativeMethodAccessorImpl.invoke(NativeMethodAccessorImpl.java:62)
	at java.base/jdk.internal.reflect.DelegatingMethodAccessorImpl.invoke(DelegatingMethodAccessorImpl.java:43)
	at java.base/java.lang.reflect.Method.invoke(Method.java:566)
	at org.junit.runners.model.FrameworkMethod$1.runReflectiveCall(FrameworkMethod.java:44)
	at org.junit.internal.runners.model.ReflectiveCallable.run(ReflectiveCallable.java:15)
	at org.junit.runners.model.FrameworkMethod.invokeExplosively(FrameworkMethod.java:41)
	at junitparams.internal.InvokeParameterisedMethod.evaluate(InvokeParameterisedMethod.java:102)
	at org.junit.internal.runners.statements.FailOnTimeout$1.run(FailOnTimeout.java:28)
Caused by: ptolemy.kernel.util.IllegalActionException: TypeTest actor has no training data.
  in .sizedarray3.TypeTest
	at ptolemy.actor.lib.TypeTest.initialize(TypeTest.java:250)
	at ptolemy.actor.Director.initialize(Director.java:938)
	at ptolemy.actor.Director.initialize(Director.java:907)
	at ptolemy.actor.sched.StaticSchedulingDirector.initialize(StaticSchedulingDirector.java:159)
	at ptolemy.domains.sdf.kernel.SDFDirector.initialize(SDFDirector.java:544)
	at ptolemy.actor.CompositeActor.initialize(CompositeActor.java:935)
	at ptolemy.actor.Manager.initialize(Manager.java:724)
	at ptolemy.actor.Manager.execute(Manager.java:356)
	at ptolemy.actor.Manager.run(Manager.java:1263)
	at ptolemy.actor.Manager$PtolemyRunThread.run(Manager.java:1933)
]]></system-err>
</testsuite>
